# JRE version: OpenJDK Runtime Environment (13.0.7+5) (build 13.0.7+5-Ubuntu-0ubuntu120.04)
# Java VM: OpenJDK 64-Bit Server VM (13.0.7+5-Ubuntu-0ubuntu120.04, mixed mode, tiered, serial gc, linux-amd64)
Heap:
 def new generation   total 2661120K, used 88373K [0x00007f0df4600000, 0x00007f0ea8d80000, 0x00007f189f0a0000)
  eden space 2365440K,   3% used [0x00007f0df4600000, 0x00007f0df9c4d6a8, 0x00007f0e84c00000)
  from space 295680K,   0% used [0x00007f0e96cc0000, 0x00007f0e96cc0000, 0x00007f0ea8d80000)
  to   space 295680K,   0% used [0x00007f0e84c00000, 0x00007f0e84c00000, 0x00007f0e96cc0000)
 tenured generation   total 5929920K, used 5929657K [0x00007f189f0a0000, 0x00007f1a08f90000, 0x00007f2df4600000)
   the space 5929920K,  99% used [0x00007f189f0a0000, 0x00007f1a08f4e680, 0x00007f1a08f4e800, 0x00007f1a08f90000)
 Metaspace       used 24260K, capacity 24641K, committed 24832K, reserved 26624K
GC Heap History (20 events):
Event: 2857.154 GC heap after
{Heap after GC invocations=2449 (full 6):
 def new generation   total 2661120K, used 101767K [0x00007f0df4600000, 0x00007f0ea8d80000, 0x00007f189f0a0000)
  eden space 2365440K,   0% used [0x00007f0df4600000, 0x00007f0df4600000, 0x00007f0e84c00000)
  from space 295680K,  34% used [0x00007f0e84c00000, 0x00007f0e8af61d10, 0x00007f0e96cc0000)
  to   space 295680K,   0% used [0x00007f0e96cc0000, 0x00007f0e96cc0000, 0x00007f0ea8d80000)
 tenured generation   total 5913532K, used 5871040K [0x00007f189f0a0000, 0x00007f1a07f8f000, 0x00007f2df4600000)
   the space 5913532K,  99% used [0x00007f189f0a0000, 0x00007f1a05610008, 0x00007f1a05610200, 0x00007f1a07f8f000)
 Metaspace       used 24260K, capacity 24641K, committed 24832K, reserved 26624K
}
Event: 2859.144 GC heap before
{Heap before GC invocations=2449 (full 6):
 def new generation   total 2661120K, used 2467207K [0x00007f0df4600000, 0x00007f0ea8d80000, 0x00007f189f0a0000)
  eden space 2365440K, 100% used [0x00007f0df4600000, 0x00007f0e84c00000, 0x00007f0e84c00000)
  from space 295680K,  34% used [0x00007f0e84c00000, 0x00007f0e8af61d10, 0x00007f0e96cc0000)
  to   space 295680K,   0% used [0x00007f0e96cc0000, 0x00007f0e96cc0000, 0x00007f0ea8d80000)
 tenured generation   total 5913532K, used 5871040K [0x00007f189f0a0000, 0x00007f1a07f8f000, 0x00007f2df4600000)
   the space 5913532K,  99% used [0x00007f189f0a0000, 0x00007f1a05610008, 0x00007f1a05610200, 0x00007f1a07f8f000)
 Metaspace       used 24260K, capacity 24641K, committed 24832K, reserved 26624K
}
Event: 2859.262 GC heap after
{Heap after GC invocations=2450 (full 6):
 def new generation   total 2661120K, used 105359K [0x00007f0df4600000, 0x00007f0ea8d80000, 0x00007f189f0a0000)
  eden space 2365440K,   0% used [0x00007f0df4600000, 0x00007f0df4600000, 0x00007f0e84c00000)
  from space 295680K,  35% used [0x00007f0e96cc0000, 0x00007f0e9d3a3f90, 0x00007f0ea8d80000)
  to   space 295680K,   0% used [0x00007f0e84c00000, 0x00007f0e84c00000, 0x00007f0e96cc0000)
 tenured generation   total 5913532K, used 5888000K [0x00007f189f0a0000, 0x00007f1a07f8f000, 0x00007f2df4600000)
   the space 5913532K,  99% used [0x00007f189f0a0000, 0x00007f1a066a0000, 0x00007f1a066a0000, 0x00007f1a07f8f000)
 Metaspace       used 24260K, capacity 24641K, committed 24832K, reserved 26624K
}
Event: 2861.253 GC heap before
{Heap before GC invocations=2450 (full 6):
 def new generation   total 2661120K, used 2470799K [0x00007f0df4600000, 0x00007f0ea8d80000, 0x00007f189f0a0000)
  eden space 2365440K, 100% used [0x00007f0df4600000, 0x00007f0e84c00000, 0x00007f0e84c00000)
  from space 295680K,  35% used [0x00007f0e96cc0000, 0x00007f0e9d3a3f90, 0x00007f0ea8d80000)
  to   space 295680K,   0% used [0x00007f0e84c00000, 0x00007f0e84c00000, 0x00007f0e96cc0000)
 tenured generation   total 5913532K, used 5888000K [0x00007f189f0a0000, 0x00007f1a07f8f000, 0x00007f2df4600000)
   the space 5913532K,  99% used [0x00007f189f0a0000, 0x00007f1a066a0000, 0x00007f1a066a0000, 0x00007f1a07f8f000)
 Metaspace       used 24260K, capacity 24641K, committed 24832K, reserved 26624K
}
Event: 2861.314 GC heap after
{Heap after GC invocations=2451 (full 6):
 def new generation   total 2661120K, used 98676K [0x00007f0df4600000, 0x00007f0ea8d80000, 0x00007f189f0a0000)
  eden space 2365440K,   0% used [0x00007f0df4600000, 0x00007f0df4600000, 0x00007f0e84c00000)
  from space 295680K,  33% used [0x00007f0e84c00000, 0x00007f0e8ac5d158, 0x00007f0e96cc0000)
  to   space 295680K,   0% used [0x00007f0e96cc0000, 0x00007f0e96cc0000, 0x00007f0ea8d80000)
 tenured generation   total 5913532K, used 5888000K [0x00007f189f0a0000, 0x00007f1a07f8f000, 0x00007f2df4600000)
   the space 5913532K,  99% used [0x00007f189f0a0000, 0x00007f1a066a0000, 0x00007f1a066a0000, 0x00007f1a07f8f000)
 Metaspace       used 24260K, capacity 24641K, committed 24832K, reserved 26624K
}
Event: 2863.158 GC heap before
{Heap before GC invocations=2451 (full 6):
 def new generation   total 2661120K, used 2464116K [0x00007f0df4600000, 0x00007f0ea8d80000, 0x00007f189f0a0000)
  eden space 2365440K, 100% used [0x00007f0df4600000, 0x00007f0e84c00000, 0x00007f0e84c00000)
  from space 295680K,  33% used [0x00007f0e84c00000, 0x00007f0e8ac5d158, 0x00007f0e96cc0000)
  to   space 295680K,   0% used [0x00007f0e96cc0000, 0x00007f0e96cc0000, 0x00007f0ea8d80000)
 tenured generation   total 5913532K, used 5888000K [0x00007f189f0a0000, 0x00007f1a07f8f000, 0x00007f2df4600000)
   the space 5913532K,  99% used [0x00007f189f0a0000, 0x00007f1a066a0000, 0x00007f1a066a0000, 0x00007f1a07f8f000)
 Metaspace       used 24260K, capacity 24641K, committed 24832K, reserved 26624K
}
Event: 2863.235 GC heap after
{Heap after GC invocations=2452 (full 6):
 def new generation   total 2661120K, used 101768K [0x00007f0df4600000, 0x00007f0ea8d80000, 0x00007f189f0a0000)
  eden space 2365440K,   0% used [0x00007f0df4600000, 0x00007f0df4600000, 0x00007f0e84c00000)
  from space 295680K,  34% used [0x00007f0e96cc0000, 0x00007f0e9d022258, 0x00007f0ea8d80000)
  to   space 295680K,   0% used [0x00007f0e84c00000, 0x00007f0e84c00000, 0x00007f0e96cc0000)
 tenured generation   total 5913532K, used 5888000K [0x00007f189f0a0000, 0x00007f1a07f8f000, 0x00007f2df4600000)
   the space 5913532K,  99% used [0x00007f189f0a0000, 0x00007f1a066a0000, 0x00007f1a066a0000, 0x00007f1a07f8f000)
 Metaspace       used 24260K, capacity 24641K, committed 24832K, reserved 26624K
}
Event: 2865.037 GC heap before
{Heap before GC invocations=2452 (full 6):
 def new generation   total 2661120K, used 2453980K [0x00007f0df4600000, 0x00007f0ea8d80000, 0x00007f189f0a0000)
  eden space 2365440K,  99% used [0x00007f0df4600000, 0x00007f0e83f15028, 0x00007f0e84c00000)
  from space 295680K,  34% used [0x00007f0e96cc0000, 0x00007f0e9d022258, 0x00007f0ea8d80000)
  to   space 295680K,   0% used [0x00007f0e84c00000, 0x00007f0e84c00000, 0x00007f0e96cc0000)
 tenured generation   total 5913532K, used 5888000K [0x00007f189f0a0000, 0x00007f1a07f8f000, 0x00007f2df4600000)
   the space 5913532K,  99% used [0x00007f189f0a0000, 0x00007f1a066a0000, 0x00007f1a066a0000, 0x00007f1a07f8f000)
 Metaspace       used 24260K, capacity 24641K, committed 24832K, reserved 26624K
}
Event: 2865.100 GC heap after
{Heap after GC invocations=2453 (full 6):
 def new generation   total 2661120K, used 102791K [0x00007f0df4600000, 0x00007f0ea8d80000, 0x00007f189f0a0000)
  eden space 2365440K,   0% used [0x00007f0df4600000, 0x00007f0df4600000, 0x00007f0e84c00000)
  from space 295680K,  34% used [0x00007f0e84c00000, 0x00007f0e8b061fa0, 0x00007f0e96cc0000)
  to   space 295680K,   0% used [0x00007f0e96cc0000, 0x00007f0e96cc0000, 0x00007f0ea8d80000)
 tenured generation   total 5913532K, used 5888000K [0x00007f189f0a0000, 0x00007f1a07f8f000, 0x00007f2df4600000)
   the space 5913532K,  99% used [0x00007f189f0a0000, 0x00007f1a066a0000, 0x00007f1a066a0000, 0x00007f1a07f8f000)
 Metaspace       used 24260K, capacity 24641K, committed 24832K, reserved 26624K
}
Event: 2867.478 GC heap before
{Heap before GC invocations=2453 (full 6):
 def new generation   total 2661120K, used 2468231K [0x00007f0df4600000, 0x00007f0ea8d80000, 0x00007f189f0a0000)
  eden space 2365440K, 100% used [0x00007f0df4600000, 0x00007f0e84c00000, 0x00007f0e84c00000)
  from space 295680K,  34% used [0x00007f0e84c00000, 0x00007f0e8b061fa0, 0x00007f0e96cc0000)
  to   space 295680K,   0% used [0x00007f0e96cc0000, 0x00007f0e96cc0000, 0x00007f0ea8d80000)
 tenured generation   total 5913532K, used 5888000K [0x00007f189f0a0000, 0x00007f1a07f8f000, 0x00007f2df4600000)
   the space 5913532K,  99% used [0x00007f189f0a0000, 0x00007f1a066a0000, 0x00007f1a066a0000, 0x00007f1a07f8f000)
 Metaspace       used 24260K, capacity 24641K, committed 24832K, reserved 26624K
}
Event: 2867.606 GC heap after
{Heap after GC invocations=2454 (full 6):
 def new generation   total 2661120K, used 109984K [0x00007f0df4600000, 0x00007f0ea8d80000, 0x00007f189f0a0000)
  eden space 2365440K,   0% used [0x00007f0df4600000, 0x00007f0df4600000, 0x00007f0e84c00000)
  from space 295680K,  37% used [0x00007f0e96cc0000, 0x00007f0e9d828140, 0x00007f0ea8d80000)
  to   space 295680K,   0% used [0x00007f0e84c00000, 0x00007f0e84c00000, 0x00007f0e96cc0000)
 tenured generation   total 5913532K, used 5904959K [0x00007f189f0a0000, 0x00007f1a07f8f000, 0x00007f2df4600000)
   the space 5913532K,  99% used [0x00007f189f0a0000, 0x00007f1a0772fff8, 0x00007f1a07730000, 0x00007f1a07f8f000)
 Metaspace       used 24260K, capacity 24641K, committed 24832K, reserved 26624K
}
Event: 2869.578 GC heap before
{Heap before GC invocations=2454 (full 6):
 def new generation   total 2661120K, used 2475424K [0x00007f0df4600000, 0x00007f0ea8d80000, 0x00007f189f0a0000)
  eden space 2365440K, 100% used [0x00007f0df4600000, 0x00007f0e84c00000, 0x00007f0e84c00000)
  from space 295680K,  37% used [0x00007f0e96cc0000, 0x00007f0e9d828140, 0x00007f0ea8d80000)
  to   space 295680K,   0% used [0x00007f0e84c00000, 0x00007f0e84c00000, 0x00007f0e96cc0000)
 tenured generation   total 5913532K, used 5904959K [0x00007f189f0a0000, 0x00007f1a07f8f000, 0x00007f2df4600000)
   the space 5913532K,  99% used [0x00007f189f0a0000, 0x00007f1a0772fff8, 0x00007f1a07730000, 0x00007f1a07f8f000)
 Metaspace       used 24260K, capacity 24641K, committed 24832K, reserved 26624K
}
Event: 2869.681 GC heap after
{Heap after GC invocations=2455 (full 6):
 def new generation   total 2661120K, used 100236K [0x00007f0df4600000, 0x00007f0ea8d80000, 0x00007f189f0a0000)
  eden space 2365440K,   0% used [0x00007f0df4600000, 0x00007f0df4600000, 0x00007f0e84c00000)
  from space 295680K,  33% used [0x00007f0e84c00000, 0x00007f0e8ade3168, 0x00007f0e96cc0000)
  to   space 295680K,   0% used [0x00007f0e96cc0000, 0x00007f0e96cc0000, 0x00007f0ea8d80000)
 tenured generation   total 5913532K, used 5904959K [0x00007f189f0a0000, 0x00007f1a07f8f000, 0x00007f2df4600000)
   the space 5913532K,  99% used [0x00007f189f0a0000, 0x00007f1a0772fff8, 0x00007f1a07730000, 0x00007f1a07f8f000)
 Metaspace       used 24260K, capacity 24641K, committed 24832K, reserved 26624K
}
Event: 2871.458 GC heap before
{Heap before GC invocations=2455 (full 6):
 def new generation   total 2661120K, used 2465676K [0x00007f0df4600000, 0x00007f0ea8d80000, 0x00007f189f0a0000)
  eden space 2365440K, 100% used [0x00007f0df4600000, 0x00007f0e84c00000, 0x00007f0e84c00000)
  from space 295680K,  33% used [0x00007f0e84c00000, 0x00007f0e8ade3168, 0x00007f0e96cc0000)
  to   space 295680K,   0% used [0x00007f0e96cc0000, 0x00007f0e96cc0000, 0x00007f0ea8d80000)
 tenured generation   total 5913532K, used 5904959K [0x00007f189f0a0000, 0x00007f1a07f8f000, 0x00007f2df4600000)
   the space 5913532K,  99% used [0x00007f189f0a0000, 0x00007f1a0772fff8, 0x00007f1a07730000, 0x00007f1a07f8f000)
 Metaspace       used 24260K, capacity 24641K, committed 24832K, reserved 26624K
}
Event: 2871.532 GC heap after
{Heap after GC invocations=2456 (full 6):
 def new generation   total 2661120K, used 101764K [0x00007f0df4600000, 0x00007f0ea8d80000, 0x00007f189f0a0000)
  eden space 2365440K,   0% used [0x00007f0df4600000, 0x00007f0df4600000, 0x00007f0e84c00000)
  from space 295680K,  34% used [0x00007f0e96cc0000, 0x00007f0e9d0213b8, 0x00007f0ea8d80000)
  to   space 295680K,   0% used [0x00007f0e84c00000, 0x00007f0e84c00000, 0x00007f0e96cc0000)
 tenured generation   total 5913532K, used 5904959K [0x00007f189f0a0000, 0x00007f1a07f8f000, 0x00007f2df4600000)
   the space 5913532K,  99% used [0x00007f189f0a0000, 0x00007f1a0772fff8, 0x00007f1a07730000, 0x00007f1a07f8f000)
 Metaspace       used 24260K, capacity 24641K, committed 24832K, reserved 26624K
}
Event: 2873.552 GC heap before
{Heap before GC invocations=2456 (full 6):
 def new generation   total 2661120K, used 2458074K [0x00007f0df4600000, 0x00007f0ea8d80000, 0x00007f189f0a0000)
  eden space 2365440K,  99% used [0x00007f0df4600000, 0x00007f0e843156a8, 0x00007f0e84c00000)
  from space 295680K,  34% used [0x00007f0e96cc0000, 0x00007f0e9d0213b8, 0x00007f0ea8d80000)
  to   space 295680K,   0% used [0x00007f0e84c00000, 0x00007f0e84c00000, 0x00007f0e96cc0000)
 tenured generation   total 5913532K, used 5904959K [0x00007f189f0a0000, 0x00007f1a07f8f000, 0x00007f2df4600000)
   the space 5913532K,  99% used [0x00007f189f0a0000, 0x00007f1a0772fff8, 0x00007f1a07730000, 0x00007f1a07f8f000)
 Metaspace       used 24260K, capacity 24641K, committed 24832K, reserved 26624K
}
Event: 2873.616 GC heap after
{Heap after GC invocations=2457 (full 6):
 def new generation   total 2661120K, used 104343K [0x00007f0df4600000, 0x00007f0ea8d80000, 0x00007f189f0a0000)
  eden space 2365440K,   0% used [0x00007f0df4600000, 0x00007f0df4600000, 0x00007f0e84c00000)
  from space 295680K,  35% used [0x00007f0e84c00000, 0x00007f0e8b1e5d10, 0x00007f0e96cc0000)
  to   space 295680K,   0% used [0x00007f0e96cc0000, 0x00007f0e96cc0000, 0x00007f0ea8d80000)
 tenured generation   total 5913532K, used 5904959K [0x00007f189f0a0000, 0x00007f1a07f8f000, 0x00007f2df4600000)
   the space 5913532K,  99% used [0x00007f189f0a0000, 0x00007f1a0772fff8, 0x00007f1a07730000, 0x00007f1a07f8f000)
 Metaspace       used 24260K, capacity 24641K, committed 24832K, reserved 26624K
}
Event: 2875.697 GC heap before
{Heap before GC invocations=2457 (full 6):
 def new generation   total 2661120K, used 2469783K [0x00007f0df4600000, 0x00007f0ea8d80000, 0x00007f189f0a0000)
  eden space 2365440K, 100% used [0x00007f0df4600000, 0x00007f0e84c00000, 0x00007f0e84c00000)
  from space 295680K,  35% used [0x00007f0e84c00000, 0x00007f0e8b1e5d10, 0x00007f0e96cc0000)
  to   space 295680K,   0% used [0x00007f0e96cc0000, 0x00007f0e96cc0000, 0x00007f0ea8d80000)
 tenured generation   total 5913532K, used 5904959K [0x00007f189f0a0000, 0x00007f1a07f8f000, 0x00007f2df4600000)
   the space 5913532K,  99% used [0x00007f189f0a0000, 0x00007f1a0772fff8, 0x00007f1a07730000, 0x00007f1a07f8f000)
 Metaspace       used 24260K, capacity 24641K, committed 24832K, reserved 26624K
}
Event: 2875.827 GC heap after
{Heap after GC invocations=2458 (full 6):
 def new generation   total 2661120K, used 96111K [0x00007f0df4600000, 0x00007f0ea8d80000, 0x00007f189f0a0000)
  eden space 2365440K,   0% used [0x00007f0df4600000, 0x00007f0df4600000, 0x00007f0e84c00000)
  from space 295680K,  32% used [0x00007f0e96cc0000, 0x00007f0e9ca9bd38, 0x00007f0ea8d80000)
  to   space 295680K,   0% used [0x00007f0e84c00000, 0x00007f0e84c00000, 0x00007f0e96cc0000)
 tenured generation   total 5929920K, used 5921919K [0x00007f189f0a0000, 0x00007f1a08f90000, 0x00007f2df4600000)
   the space 5929920K,  99% used [0x00007f189f0a0000, 0x00007f1a087bfff0, 0x00007f1a087c0000, 0x00007f1a08f90000)
 Metaspace       used 24260K, capacity 24641K, committed 24832K, reserved 26624K
}
Event: 2875.827 GC heap before
{Heap before GC invocations=2458 (full 6):
 def new generation   total 2661120K, used 96111K [0x00007f0df4600000, 0x00007f0ea8d80000, 0x00007f189f0a0000)
  eden space 2365440K,   0% used [0x00007f0df4600000, 0x00007f0df4600000, 0x00007f0e84c00000)
  from space 295680K,  32% used [0x00007f0e96cc0000, 0x00007f0e9ca9bd38, 0x00007f0ea8d80000)
  to   space 295680K,   0% used [0x00007f0e84c00000, 0x00007f0e84c00000, 0x00007f0e96cc0000)
 tenured generation   total 5929920K, used 5921919K [0x00007f189f0a0000, 0x00007f1a08f90000, 0x00007f2df4600000)
   the space 5929920K,  99% used [0x00007f189f0a0000, 0x00007f1a087bfff0, 0x00007f1a087c0000, 0x00007f1a08f90000)
 Metaspace       used 24260K, capacity 24641K, committed 24832K, reserved 26624K
}

