# JRE version: OpenJDK Runtime Environment (13.0.7+5) (build 13.0.7+5-Ubuntu-0ubuntu120.04)
# Java VM: OpenJDK 64-Bit Server VM (13.0.7+5-Ubuntu-0ubuntu120.04, mixed mode, tiered, serial gc, linux-amd64)
Heap:
 def new generation   total 1977152K, used 0K [0x00007fe03c600000, 0x00007fe0c2750000, 0x00007fe591b50000)
  eden space 1757504K,   0% used [0x00007fe03c600000, 0x00007fe03c600000, 0x00007fe0a7a50000)
  from space 219648K,   0% used [0x00007fe0b50d0000, 0x00007fe0b50d0000, 0x00007fe0c2750000)
  to   space 219648K,   0% used [0x00007fe0a7a50000, 0x00007fe0a7a50000, 0x00007fe0b50d0000)
 tenured generation   total 8587772K, used 2106436K [0x00007fe591b50000, 0x00007fe79ddcf000, 0x00007ff03c600000)
   the space 8587772K,  24% used [0x00007fe591b50000, 0x00007fe612461358, 0x00007fe612461400, 0x00007fe79ddcf000)
 Metaspace       used 23258K, capacity 23669K, committed 23808K, reserved 24576K
GC Heap History (20 events):
Event: 8.073 GC heap after
{Heap after GC invocations=3 (full 1):
 def new generation   total 629248K, used 33802K [0x00007fe03c600000, 0x00007fe0670c0000, 0x00007fe591b50000)
  eden space 559360K,   0% used [0x00007fe03c600000, 0x00007fe03c600000, 0x00007fe05e840000)
  from space 69888K,  48% used [0x00007fe05e840000, 0x00007fe0609428f0, 0x00007fe062c80000)
  to   space 69888K,   0% used [0x00007fe062c80000, 0x00007fe062c80000, 0x00007fe0670c0000)
 tenured generation   total 1398144K, used 13611K [0x00007fe591b50000, 0x00007fe5e70b0000, 0x00007ff03c600000)
   the space 1398144K,   0% used [0x00007fe591b50000, 0x00007fe59289ac00, 0x00007fe59289ac00, 0x00007fe5e70b0000)
 Metaspace       used 23258K, capacity 23669K, committed 23808K, reserved 24576K
}
Event: 9.114 GC heap before
{Heap before GC invocations=3 (full 1):
 def new generation   total 629248K, used 569025K [0x00007fe03c600000, 0x00007fe0670c0000, 0x00007fe591b50000)
  eden space 559360K,  95% used [0x00007fe03c600000, 0x00007fe05d0addf0, 0x00007fe05e840000)
  from space 69888K,  48% used [0x00007fe05e840000, 0x00007fe0609428f0, 0x00007fe062c80000)
  to   space 69888K,   0% used [0x00007fe062c80000, 0x00007fe062c80000, 0x00007fe0670c0000)
 tenured generation   total 1398144K, used 13611K [0x00007fe591b50000, 0x00007fe5e70b0000, 0x00007ff03c600000)
   the space 1398144K,   0% used [0x00007fe591b50000, 0x00007fe59289ac00, 0x00007fe59289ac00, 0x00007fe5e70b0000)
 Metaspace       used 23258K, capacity 23669K, committed 23808K, reserved 24576K
}
Event: 9.904 GC heap after
{Heap after GC invocations=4 (full 1):
 def new generation   total 629248K, used 1033K [0x00007fe03c600000, 0x00007fe0670c0000, 0x00007fe591b50000)
  eden space 559360K,   0% used [0x00007fe03c600000, 0x00007fe03c600000, 0x00007fe05e840000)
  from space 69888K,   1% used [0x00007fe062c80000, 0x00007fe062d82470, 0x00007fe0670c0000)
  to   space 69888K,   0% used [0x00007fe05e840000, 0x00007fe05e840000, 0x00007fe062c80000)
 tenured generation   total 1398144K, used 537899K [0x00007fe591b50000, 0x00007fe5e70b0000, 0x00007ff03c600000)
   the space 1398144K,  38% used [0x00007fe591b50000, 0x00007fe5b289ac18, 0x00007fe5b289ae00, 0x00007fe5e70b0000)
 Metaspace       used 23258K, capacity 23669K, committed 23808K, reserved 24576K
}
Event: 10.637 GC heap before
{Heap before GC invocations=4 (full 1):
 def new generation   total 629248K, used 536294K [0x00007fe03c600000, 0x00007fe0670c0000, 0x00007fe591b50000)
  eden space 559360K,  95% used [0x00007fe03c600000, 0x00007fe05d0b74a0, 0x00007fe05e840000)
  from space 69888K,   1% used [0x00007fe062c80000, 0x00007fe062d82470, 0x00007fe0670c0000)
  to   space 69888K,   0% used [0x00007fe05e840000, 0x00007fe05e840000, 0x00007fe062c80000)
 tenured generation   total 1398144K, used 537899K [0x00007fe591b50000, 0x00007fe5e70b0000, 0x00007ff03c600000)
   the space 1398144K,  38% used [0x00007fe591b50000, 0x00007fe5b289ac18, 0x00007fe5b289ae00, 0x00007fe5e70b0000)
 Metaspace       used 23258K, capacity 23669K, committed 23808K, reserved 24576K
}
Event: 11.502 GC heap after
{Heap after GC invocations=5 (full 1):
 def new generation   total 629248K, used 1033K [0x00007fe03c600000, 0x00007fe0670c0000, 0x00007fe591b50000)
  eden space 559360K,   0% used [0x00007fe03c600000, 0x00007fe03c600000, 0x00007fe05e840000)
  from space 69888K,   1% used [0x00007fe05e840000, 0x00007fe05e942748, 0x00007fe062c80000)
  to   space 69888K,   0% used [0x00007fe062c80000, 0x00007fe062c80000, 0x00007fe0670c0000)
 tenured generation   total 1398144K, used 1062187K [0x00007fe591b50000, 0x00007fe5e70b0000, 0x00007ff03c600000)
   the space 1398144K,  75% used [0x00007fe591b50000, 0x00007fe5d289ac30, 0x00007fe5d289ae00, 0x00007fe5e70b0000)
 Metaspace       used 23258K, capacity 23669K, committed 23808K, reserved 24576K
}
Event: 11.502 GC heap before
{Heap before GC invocations=5 (full 1):
 def new generation   total 629248K, used 1033K [0x00007fe03c600000, 0x00007fe0670c0000, 0x00007fe591b50000)
  eden space 559360K,   0% used [0x00007fe03c600000, 0x00007fe03c600000, 0x00007fe05e840000)
  from space 69888K,   1% used [0x00007fe05e840000, 0x00007fe05e942748, 0x00007fe062c80000)
  to   space 69888K,   0% used [0x00007fe062c80000, 0x00007fe062c80000, 0x00007fe0670c0000)
 tenured generation   total 1398144K, used 1062187K [0x00007fe591b50000, 0x00007fe5e70b0000, 0x00007ff03c600000)
   the space 1398144K,  75% used [0x00007fe591b50000, 0x00007fe5d289ac30, 0x00007fe5d289ae00, 0x00007fe5e70b0000)
 Metaspace       used 23258K, capacity 23669K, committed 23808K, reserved 24576K
}
Event: 11.547 GC heap after
{Heap after GC invocations=5 (full 2):
 def new generation   total 797504K, used 0K [0x00007fe03c600000, 0x00007fe072750000, 0x00007fe591b50000)
  eden space 708928K,   0% used [0x00007fe03c600000, 0x00007fe03c600000, 0x00007fe067a50000)
  from space 88576K,   0% used [0x00007fe067a50000, 0x00007fe067a50000, 0x00007fe06d0d0000)
  to   space 88576K,   0% used [0x00007fe06d0d0000, 0x00007fe06d0d0000, 0x00007fe072750000)
 tenured generation   total 1772024K, used 1063214K [0x00007fe591b50000, 0x00007fe5fddce000, 0x00007ff03c600000)
   the space 1772024K,  59% used [0x00007fe591b50000, 0x00007fe5d299b8d8, 0x00007fe5d299ba00, 0x00007fe5fddce000)
 Metaspace       used 23258K, capacity 23669K, committed 23808K, reserved 24576K
}
Event: 16.078 GC heap before
{Heap before GC invocations=5 (full 2):
 def new generation   total 797504K, used 13900K [0x00007fe03c600000, 0x00007fe072750000, 0x00007fe591b50000)
  eden space 708928K,   1% used [0x00007fe03c600000, 0x00007fe03d393220, 0x00007fe067a50000)
  from space 88576K,   0% used [0x00007fe067a50000, 0x00007fe067a50000, 0x00007fe06d0d0000)
  to   space 88576K,   0% used [0x00007fe06d0d0000, 0x00007fe06d0d0000, 0x00007fe072750000)
 tenured generation   total 3869180K, used 3160366K [0x00007fe591b50000, 0x00007fe67ddcf000, 0x00007ff03c600000)
   the space 3869180K,  81% used [0x00007fe591b50000, 0x00007fe65299b8f0, 0x00007fe65299ba00, 0x00007fe67ddcf000)
 Metaspace       used 23258K, capacity 23669K, committed 23808K, reserved 24576K
}
Event: 16.082 GC heap after
{Heap after GC invocations=6 (full 2):
 def new generation   total 797504K, used 0K [0x00007fe03c600000, 0x00007fe072750000, 0x00007fe591b50000)
  eden space 708928K,   0% used [0x00007fe03c600000, 0x00007fe03c600000, 0x00007fe067a50000)
  from space 88576K,   0% used [0x00007fe06d0d0000, 0x00007fe06d0d0188, 0x00007fe072750000)
  to   space 88576K,   0% used [0x00007fe067a50000, 0x00007fe067a50000, 0x00007fe06d0d0000)
 tenured generation   total 3869180K, used 3160366K [0x00007fe591b50000, 0x00007fe67ddcf000, 0x00007ff03c600000)
   the space 3869180K,  81% used [0x00007fe591b50000, 0x00007fe65299b8f0, 0x00007fe65299ba00, 0x00007fe67ddcf000)
 Metaspace       used 23258K, capacity 23669K, committed 23808K, reserved 24576K
}
Event: 16.082 GC heap before
{Heap before GC invocations=6 (full 2):
 def new generation   total 797504K, used 0K [0x00007fe03c600000, 0x00007fe072750000, 0x00007fe591b50000)
  eden space 708928K,   0% used [0x00007fe03c600000, 0x00007fe03c600000, 0x00007fe067a50000)
  from space 88576K,   0% used [0x00007fe06d0d0000, 0x00007fe06d0d0188, 0x00007fe072750000)
  to   space 88576K,   0% used [0x00007fe067a50000, 0x00007fe067a50000, 0x00007fe06d0d0000)
 tenured generation   total 3869180K, used 3160366K [0x00007fe591b50000, 0x00007fe67ddcf000, 0x00007ff03c600000)
   the space 3869180K,  81% used [0x00007fe591b50000, 0x00007fe65299b8f0, 0x00007fe65299ba00, 0x00007fe67ddcf000)
 Metaspace       used 23258K, capacity 23669K, committed 23808K, reserved 24576K
}
Event: 19.069 GC heap after
{Heap after GC invocations=6 (full 3):
 def new generation   total 1977152K, used 0K [0x00007fe03c600000, 0x00007fe0c2750000, 0x00007fe591b50000)
  eden space 1757504K,   0% used [0x00007fe03c600000, 0x00007fe03c600000, 0x00007fe0a7a50000)
  from space 219648K,   0% used [0x00007fe0a7a50000, 0x00007fe0a7a50000, 0x00007fe0b50d0000)
  to   space 219648K,   0% used [0x00007fe0b50d0000, 0x00007fe0b50d0000, 0x00007fe0c2750000)
 tenured generation   total 4393464K, used 2636078K [0x00007fe591b50000, 0x00007fe69ddce000, 0x00007ff03c600000)
   the space 4393464K,  59% used [0x00007fe591b50000, 0x00007fe63299b860, 0x00007fe63299ba00, 0x00007fe69ddce000)
 Metaspace       used 23258K, capacity 23669K, committed 23808K, reserved 24576K
}
Event: 23.734 GC heap before
{Heap before GC invocations=6 (full 3):
 def new generation   total 1977152K, used 1083036K [0x00007fe03c600000, 0x00007fe0c2750000, 0x00007fe591b50000)
  eden space 1757504K,  61% used [0x00007fe03c600000, 0x00007fe07e7a7320, 0x00007fe0a7a50000)
  from space 219648K,   0% used [0x00007fe0a7a50000, 0x00007fe0a7a50000, 0x00007fe0b50d0000)
  to   space 219648K,   0% used [0x00007fe0b50d0000, 0x00007fe0b50d0000, 0x00007fe0c2750000)
 tenured generation   total 4393464K, used 2636078K [0x00007fe591b50000, 0x00007fe69ddce000, 0x00007ff03c600000)
   the space 4393464K,  59% used [0x00007fe591b50000, 0x00007fe63299b860, 0x00007fe63299ba00, 0x00007fe69ddce000)
 Metaspace       used 23258K, capacity 23669K, committed 23808K, reserved 24576K
}
Event: 26.147 GC heap after
{Heap after GC invocations=7 (full 3):
 def new generation   total 1977152K, used 0K [0x00007fe03c600000, 0x00007fe0c2750000, 0x00007fe591b50000)
  eden space 1757504K,   0% used [0x00007fe03c600000, 0x00007fe03c600000, 0x00007fe0a7a50000)
  from space 219648K,   0% used [0x00007fe0b50d0000, 0x00007fe0b50d01f8, 0x00007fe0c2750000)
  to   space 219648K,   0% used [0x00007fe0a7a50000, 0x00007fe0a7a50000, 0x00007fe0b50d0000)
 tenured generation   total 4393464K, used 3684654K [0x00007fe591b50000, 0x00007fe69ddce000, 0x00007ff03c600000)
   the space 4393464K,  83% used [0x00007fe591b50000, 0x00007fe67299b878, 0x00007fe67299ba00, 0x00007fe69ddce000)
 Metaspace       used 23258K, capacity 23669K, committed 23808K, reserved 24576K
}
Event: 27.336 GC heap before
{Heap before GC invocations=7 (full 3):
 def new generation   total 1977152K, used 1082887K [0x00007fe03c600000, 0x00007fe0c2750000, 0x00007fe591b50000)
  eden space 1757504K,  61% used [0x00007fe03c600000, 0x00007fe07e781aa0, 0x00007fe0a7a50000)
  from space 219648K,   0% used [0x00007fe0b50d0000, 0x00007fe0b50d01f8, 0x00007fe0c2750000)
  to   space 219648K,   0% used [0x00007fe0a7a50000, 0x00007fe0a7a50000, 0x00007fe0b50d0000)
 tenured generation   total 4393464K, used 3684654K [0x00007fe591b50000, 0x00007fe69ddce000, 0x00007ff03c600000)
   the space 4393464K,  83% used [0x00007fe591b50000, 0x00007fe67299b878, 0x00007fe67299ba00, 0x00007fe69ddce000)
 Metaspace       used 23258K, capacity 23669K, committed 23808K, reserved 24576K
}
Event: 30.452 GC heap after
{Heap after GC invocations=8 (full 3):
 def new generation   total 1977152K, used 1K [0x00007fe03c600000, 0x00007fe0c2750000, 0x00007fe591b50000)
  eden space 1757504K,   0% used [0x00007fe03c600000, 0x00007fe03c600000, 0x00007fe0a7a50000)
  from space 219648K,   0% used [0x00007fe0a7a50000, 0x00007fe0a7a504d0, 0x00007fe0b50d0000)
  to   space 219648K,   0% used [0x00007fe0b50d0000, 0x00007fe0b50d0000, 0x00007fe0c2750000)
 tenured generation   total 5442044K, used 4733230K [0x00007fe591b50000, 0x00007fe6dddcf000, 0x00007ff03c600000)
   the space 5442044K,  86% used [0x00007fe591b50000, 0x00007fe6b299b890, 0x00007fe6b299ba00, 0x00007fe6dddcf000)
 Metaspace       used 23258K, capacity 23669K, committed 23808K, reserved 24576K
}
Event: 30.452 GC heap before
{Heap before GC invocations=8 (full 3):
 def new generation   total 1977152K, used 1K [0x00007fe03c600000, 0x00007fe0c2750000, 0x00007fe591b50000)
  eden space 1757504K,   0% used [0x00007fe03c600000, 0x00007fe03c600000, 0x00007fe0a7a50000)
  from space 219648K,   0% used [0x00007fe0a7a50000, 0x00007fe0a7a504d0, 0x00007fe0b50d0000)
  to   space 219648K,   0% used [0x00007fe0b50d0000, 0x00007fe0b50d0000, 0x00007fe0c2750000)
 tenured generation   total 5442044K, used 4733230K [0x00007fe591b50000, 0x00007fe6dddcf000, 0x00007ff03c600000)
   the space 5442044K,  86% used [0x00007fe591b50000, 0x00007fe6b299b890, 0x00007fe6b299ba00, 0x00007fe6dddcf000)
 Metaspace       used 23258K, capacity 23669K, committed 23808K, reserved 24576K
}
Event: 32.919 GC heap after
{Heap after GC invocations=8 (full 4):
 def new generation   total 1977152K, used 0K [0x00007fe03c600000, 0x00007fe0c2750000, 0x00007fe591b50000)
  eden space 1757504K,   0% used [0x00007fe03c600000, 0x00007fe03c600000, 0x00007fe0a7a50000)
  from space 219648K,   0% used [0x00007fe0a7a50000, 0x00007fe0a7a50000, 0x00007fe0b50d0000)
  to   space 219648K,   0% used [0x00007fe0b50d0000, 0x00007fe0b50d0000, 0x00007fe0c2750000)
 tenured generation   total 4393464K, used 2106437K [0x00007fe591b50000, 0x00007fe69ddce000, 0x00007ff03c600000)
   the space 4393464K,  47% used [0x00007fe591b50000, 0x00007fe612461648, 0x00007fe612461800, 0x00007fe69ddce000)
 Metaspace       used 23258K, capacity 23669K, committed 23808K, reserved 24576K
}
Event: 45.655 GC heap before
{Heap before GC invocations=8 (full 4):
 def new generation   total 1977152K, used 34214K [0x00007fe03c600000, 0x00007fe0c2750000, 0x00007fe591b50000)
  eden space 1757504K,   1% used [0x00007fe03c600000, 0x00007fe03e769ae8, 0x00007fe0a7a50000)
  from space 219648K,   0% used [0x00007fe0a7a50000, 0x00007fe0a7a50000, 0x00007fe0b50d0000)
  to   space 219648K,   0% used [0x00007fe0b50d0000, 0x00007fe0b50d0000, 0x00007fe0c2750000)
 tenured generation   total 8587772K, used 8397893K [0x00007fe591b50000, 0x00007fe79ddcf000, 0x00007ff03c600000)
   the space 8587772K,  97% used [0x00007fe591b50000, 0x00007fe792461678, 0x00007fe792461800, 0x00007fe79ddcf000)
 Metaspace       used 23258K, capacity 23669K, committed 23808K, reserved 24576K
}
Event: 46.177 GC heap after
{Heap after GC invocations=9 (full 4):
 def new generation   total 1977152K, used 0K [0x00007fe03c600000, 0x00007fe0c2750000, 0x00007fe591b50000)
  eden space 1757504K,   0% used [0x00007fe03c600000, 0x00007fe03c600000, 0x00007fe0a7a50000)
  from space 219648K,   0% used [0x00007fe0b50d0000, 0x00007fe0b50d01d8, 0x00007fe0c2750000)
  to   space 219648K,   0% used [0x00007fe0a7a50000, 0x00007fe0a7a50000, 0x00007fe0b50d0000)
 tenured generation   total 8587772K, used 8397893K [0x00007fe591b50000, 0x00007fe79ddcf000, 0x00007ff03c600000)
   the space 8587772K,  97% used [0x00007fe591b50000, 0x00007fe792461678, 0x00007fe792461800, 0x00007fe79ddcf000)
 Metaspace       used 23258K, capacity 23669K, committed 23808K, reserved 24576K
}
Event: 46.177 GC heap before
{Heap before GC invocations=9 (full 4):
 def new generation   total 1977152K, used 0K [0x00007fe03c600000, 0x00007fe0c2750000, 0x00007fe591b50000)
  eden space 1757504K,   0% used [0x00007fe03c600000, 0x00007fe03c600000, 0x00007fe0a7a50000)
  from space 219648K,   0% used [0x00007fe0b50d0000, 0x00007fe0b50d01d8, 0x00007fe0c2750000)
  to   space 219648K,   0% used [0x00007fe0a7a50000, 0x00007fe0a7a50000, 0x00007fe0b50d0000)
 tenured generation   total 8587772K, used 8397893K [0x00007fe591b50000, 0x00007fe79ddcf000, 0x00007ff03c600000)
   the space 8587772K,  97% used [0x00007fe591b50000, 0x00007fe792461678, 0x00007fe792461800, 0x00007fe79ddcf000)
 Metaspace       used 23258K, capacity 23669K, committed 23808K, reserved 24576K
}

