# JRE version: OpenJDK Runtime Environment (13.0.7+5) (build 13.0.7+5-Ubuntu-0ubuntu120.04)
# Java VM: OpenJDK 64-Bit Server VM (13.0.7+5-Ubuntu-0ubuntu120.04, mixed mode, tiered, serial gc, linux-amd64)
Heap:
 def new generation   total 3939072K, used 2166106K [0x00007f54c0600000, 0x00007f55cb820000, 0x00007f5a15b50000)
  eden space 3501440K,  61% used [0x00007f54c0600000, 0x00007f5544956860, 0x00007f5596160000)
  from space 437632K,   0% used [0x00007f5596160000, 0x00007f5596160000, 0x00007f55b0cc0000)
  to   space 437632K,   0% used [0x00007f55b0cc0000, 0x00007f55b0cc0000, 0x00007f55cb820000)
 tenured generation   total 8753392K, used 6305037K [0x00007f5a15b50000, 0x00007f5c2bf8c000, 0x00007f64c0600000)
   the space 8753392K,  72% used [0x00007f5a15b50000, 0x00007f5b968936d8, 0x00007f5b96893800, 0x00007f5c2bf8c000)
 Metaspace       used 29516K, capacity 29924K, committed 30208K, reserved 30720K
GC Heap History (20 events):
Event: 112.371 GC heap before
{Heap before GC invocations=28 (full 12):
 def new generation   total 3939072K, used 1284800K [0x00007f54c0600000, 0x00007f55cb820000, 0x00007f5a15b50000)
  eden space 3501440K,  31% used [0x00007f54c0600000, 0x00007f55049506f8, 0x00007f5596160000)
  from space 437632K,  38% used [0x00007f55b0cc0000, 0x00007f55bb01fb08, 0x00007f55cb820000)
  to   space 437632K,   0% used [0x00007f5596160000, 0x00007f5596160000, 0x00007f55b0cc0000)
 tenured generation   total 8753392K, used 6303420K [0x00007f5a15b50000, 0x00007f5c2bf8c000, 0x00007f64c0600000)
   the space 8753392K,  72% used [0x00007f5a15b50000, 0x00007f5b966ff338, 0x00007f5b966ff400, 0x00007f5c2bf8c000)
 Metaspace       used 29513K, capacity 29924K, committed 30208K, reserved 30720K
}
Event: 112.525 GC heap after
{Heap after GC invocations=29 (full 12):
 def new generation   total 3939072K, used 167295K [0x00007f54c0600000, 0x00007f55cb820000, 0x00007f5a15b50000)
  eden space 3501440K,   0% used [0x00007f54c0600000, 0x00007f54c0600000, 0x00007f5596160000)
  from space 437632K,  38% used [0x00007f5596160000, 0x00007f55a04bfd98, 0x00007f55b0cc0000)
  to   space 437632K,   0% used [0x00007f55b0cc0000, 0x00007f55b0cc0000, 0x00007f55cb820000)
 tenured generation   total 8753392K, used 7351996K [0x00007f5a15b50000, 0x00007f5c2bf8c000, 0x00007f64c0600000)
   the space 8753392K,  83% used [0x00007f5a15b50000, 0x00007f5bd66ff350, 0x00007f5bd66ff400, 0x00007f5c2bf8c000)
 Metaspace       used 29513K, capacity 29924K, committed 30208K, reserved 30720K
}
Event: 112.525 GC heap before
{Heap before GC invocations=29 (full 12):
 def new generation   total 3939072K, used 167295K [0x00007f54c0600000, 0x00007f55cb820000, 0x00007f5a15b50000)
  eden space 3501440K,   0% used [0x00007f54c0600000, 0x00007f54c0600000, 0x00007f5596160000)
  from space 437632K,  38% used [0x00007f5596160000, 0x00007f55a04bfd98, 0x00007f55b0cc0000)
  to   space 437632K,   0% used [0x00007f55b0cc0000, 0x00007f55b0cc0000, 0x00007f55cb820000)
 tenured generation   total 8753392K, used 7351996K [0x00007f5a15b50000, 0x00007f5c2bf8c000, 0x00007f64c0600000)
   the space 8753392K,  83% used [0x00007f5a15b50000, 0x00007f5bd66ff350, 0x00007f5bd66ff400, 0x00007f5c2bf8c000)
 Metaspace       used 29513K, capacity 29924K, committed 30208K, reserved 30720K
}
Event: 112.967 GC heap after
{Heap after GC invocations=29 (full 13):
 def new generation   total 3939072K, used 0K [0x00007f54c0600000, 0x00007f55cb820000, 0x00007f5a15b50000)
  eden space 3501440K,   0% used [0x00007f54c0600000, 0x00007f54c0600000, 0x00007f5596160000)
  from space 437632K,   0% used [0x00007f5596160000, 0x00007f5596160000, 0x00007f55b0cc0000)
  to   space 437632K,   0% used [0x00007f55b0cc0000, 0x00007f55b0cc0000, 0x00007f55cb820000)
 tenured generation   total 8753392K, used 2110511K [0x00007f5a15b50000, 0x00007f5c2bf8c000, 0x00007f64c0600000)
   the space 8753392K,  24% used [0x00007f5a15b50000, 0x00007f5a9685bc20, 0x00007f5a9685be00, 0x00007f5c2bf8c000)
 Metaspace       used 29513K, capacity 29924K, committed 30208K, reserved 30720K
}
Event: 118.254 GC heap before
{Heap before GC invocations=29 (full 13):
 def new generation   total 3939072K, used 2166081K [0x00007f54c0600000, 0x00007f55cb820000, 0x00007f5a15b50000)
  eden space 3501440K,  61% used [0x00007f54c0600000, 0x00007f55449506d0, 0x00007f5596160000)
  from space 437632K,   0% used [0x00007f5596160000, 0x00007f5596160000, 0x00007f55b0cc0000)
  to   space 437632K,   0% used [0x00007f55b0cc0000, 0x00007f55b0cc0000, 0x00007f55cb820000)
 tenured generation   total 8753392K, used 6304815K [0x00007f5a15b50000, 0x00007f5c2bf8c000, 0x00007f64c0600000)
   the space 8753392K,  72% used [0x00007f5a15b50000, 0x00007f5b9685bc38, 0x00007f5b9685be00, 0x00007f5c2bf8c000)
 Metaspace       used 29513K, capacity 29924K, committed 30208K, reserved 30720K
}
Event: 118.906 GC heap after
{Heap after GC invocations=30 (full 13):
 def new generation   total 3939072K, used 0K [0x00007f54c0600000, 0x00007f55cb820000, 0x00007f5a15b50000)
  eden space 3501440K,   0% used [0x00007f54c0600000, 0x00007f54c0600000, 0x00007f5596160000)
  from space 437632K,   0% used [0x00007f55b0cc0000, 0x00007f55b0cc02e8, 0x00007f55cb820000)
  to   space 437632K,   0% used [0x00007f5596160000, 0x00007f5596160000, 0x00007f55b0cc0000)
 tenured generation   total 8753392K, used 8401967K [0x00007f5a15b50000, 0x00007f5c2bf8c000, 0x00007f64c0600000)
   the space 8753392K,  95% used [0x00007f5a15b50000, 0x00007f5c1685bc50, 0x00007f5c1685be00, 0x00007f5c2bf8c000)
 Metaspace       used 29513K, capacity 29924K, committed 30208K, reserved 30720K
}
Event: 119.963 GC heap before
{Heap before GC invocations=30 (full 13):
 def new generation   total 3939072K, used 2166467K [0x00007f54c0600000, 0x00007f55cb820000, 0x00007f5a15b50000)
  eden space 3501440K,  61% used [0x00007f54c0600000, 0x00007f55449b09c8, 0x00007f5596160000)
  from space 437632K,   0% used [0x00007f55b0cc0000, 0x00007f55b0cc02e8, 0x00007f55cb820000)
  to   space 437632K,   0% used [0x00007f5596160000, 0x00007f5596160000, 0x00007f55b0cc0000)
 tenured generation   total 8753392K, used 8401967K [0x00007f5a15b50000, 0x00007f5c2bf8c000, 0x00007f64c0600000)
   the space 8753392K,  95% used [0x00007f5a15b50000, 0x00007f5c1685bc50, 0x00007f5c1685be00, 0x00007f5c2bf8c000)
 Metaspace       used 29513K, capacity 29924K, committed 30208K, reserved 30720K
}
Event: 121.186 GC heap after
{Heap after GC invocations=31 (full 13):
 def new generation   total 3939072K, used 1K [0x00007f54c0600000, 0x00007f55cb820000, 0x00007f5a15b50000)
  eden space 3501440K,   0% used [0x00007f54c0600000, 0x00007f54c0600000, 0x00007f5596160000)
  from space 437632K,   0% used [0x00007f5596160000, 0x00007f5596160560, 0x00007f55b0cc0000)
  to   space 437632K,   0% used [0x00007f55b0cc0000, 0x00007f55b0cc0000, 0x00007f55cb820000)
 tenured generation   total 10850548K, used 10499119K [0x00007f5a15b50000, 0x00007f5cabf8d000, 0x00007f64c0600000)
   the space 10850548K,  96% used [0x00007f5a15b50000, 0x00007f5c9685bc68, 0x00007f5c9685be00, 0x00007f5cabf8d000)
 Metaspace       used 29513K, capacity 29924K, committed 30208K, reserved 30720K
}
Event: 121.186 GC heap before
{Heap before GC invocations=31 (full 13):
 def new generation   total 3939072K, used 1K [0x00007f54c0600000, 0x00007f55cb820000, 0x00007f5a15b50000)
  eden space 3501440K,   0% used [0x00007f54c0600000, 0x00007f54c0600000, 0x00007f5596160000)
  from space 437632K,   0% used [0x00007f5596160000, 0x00007f5596160560, 0x00007f55b0cc0000)
  to   space 437632K,   0% used [0x00007f55b0cc0000, 0x00007f55b0cc0000, 0x00007f55cb820000)
 tenured generation   total 10850548K, used 10499119K [0x00007f5a15b50000, 0x00007f5cabf8d000, 0x00007f64c0600000)
   the space 10850548K,  96% used [0x00007f5a15b50000, 0x00007f5c9685bc68, 0x00007f5c9685be00, 0x00007f5cabf8d000)
 Metaspace       used 29513K, capacity 29924K, committed 30208K, reserved 30720K
}
Event: 122.337 GC heap after
{Heap after GC invocations=31 (full 14):
 def new generation   total 3939072K, used 0K [0x00007f54c0600000, 0x00007f55cb820000, 0x00007f5a15b50000)
  eden space 3501440K,   0% used [0x00007f54c0600000, 0x00007f54c0600000, 0x00007f5596160000)
  from space 437632K,   0% used [0x00007f5596160000, 0x00007f5596160000, 0x00007f55b0cc0000)
  to   space 437632K,   0% used [0x00007f55b0cc0000, 0x00007f55b0cc0000, 0x00007f55cb820000)
 tenured generation   total 8753392K, used 4207663K [0x00007f5a15b50000, 0x00007f5c2bf8c000, 0x00007f64c0600000)
   the space 8753392K,  48% used [0x00007f5a15b50000, 0x00007f5b1685bc10, 0x00007f5b1685be00, 0x00007f5c2bf8c000)
 Metaspace       used 29513K, capacity 29924K, committed 30208K, reserved 30720K
}
Event: 125.196 GC heap before
{Heap before GC invocations=31 (full 14):
 def new generation   total 3939072K, used 3214508K [0x00007f54c0600000, 0x00007f55cb820000, 0x00007f5a15b50000)
  eden space 3501440K,  91% used [0x00007f54c0600000, 0x00007f558492b1a0, 0x00007f5596160000)
  from space 437632K,   0% used [0x00007f5596160000, 0x00007f5596160000, 0x00007f55b0cc0000)
  to   space 437632K,   0% used [0x00007f55b0cc0000, 0x00007f55b0cc0000, 0x00007f55cb820000)
 tenured generation   total 8753392K, used 4207663K [0x00007f5a15b50000, 0x00007f5c2bf8c000, 0x00007f64c0600000)
   the space 8753392K,  48% used [0x00007f5a15b50000, 0x00007f5b1685bc10, 0x00007f5b1685be00, 0x00007f5c2bf8c000)
 Metaspace       used 29513K, capacity 29924K, committed 30208K, reserved 30720K
}
Event: 125.582 GC heap after
{Heap after GC invocations=32 (full 14):
 def new generation   total 3939072K, used 0K [0x00007f54c0600000, 0x00007f55cb820000, 0x00007f5a15b50000)
  eden space 3501440K,   0% used [0x00007f54c0600000, 0x00007f54c0600000, 0x00007f5596160000)
  from space 437632K,   0% used [0x00007f55b0cc0000, 0x00007f55b0cc01a0, 0x00007f55cb820000)
  to   space 437632K,   0% used [0x00007f5596160000, 0x00007f5596160000, 0x00007f55b0cc0000)
 tenured generation   total 8753392K, used 5256239K [0x00007f5a15b50000, 0x00007f5c2bf8c000, 0x00007f64c0600000)
   the space 8753392K,  60% used [0x00007f5a15b50000, 0x00007f5b5685bc28, 0x00007f5b5685be00, 0x00007f5c2bf8c000)
 Metaspace       used 29513K, capacity 29924K, committed 30208K, reserved 30720K
}
Event: 127.957 GC heap before
{Heap before GC invocations=32 (full 14):
 def new generation   total 3939072K, used 3501440K [0x00007f54c0600000, 0x00007f55cb820000, 0x00007f5a15b50000)
  eden space 3501440K, 100% used [0x00007f54c0600000, 0x00007f5596160000, 0x00007f5596160000)
  from space 437632K,   0% used [0x00007f55b0cc0000, 0x00007f55b0cc01a0, 0x00007f55cb820000)
  to   space 437632K,   0% used [0x00007f5596160000, 0x00007f5596160000, 0x00007f55b0cc0000)
 tenured generation   total 8753392K, used 5256239K [0x00007f5a15b50000, 0x00007f5c2bf8c000, 0x00007f64c0600000)
   the space 8753392K,  60% used [0x00007f5a15b50000, 0x00007f5b5685bc28, 0x00007f5b5685be00, 0x00007f5c2bf8c000)
 Metaspace       used 29515K, capacity 29924K, committed 30208K, reserved 30720K
}
Event: 128.005 GC heap after
{Heap after GC invocations=33 (full 14):
 def new generation   total 3939072K, used 167077K [0x00007f54c0600000, 0x00007f55cb820000, 0x00007f5a15b50000)
  eden space 3501440K,   0% used [0x00007f54c0600000, 0x00007f54c0600000, 0x00007f5596160000)
  from space 437632K,  38% used [0x00007f5596160000, 0x00007f55a04895c0, 0x00007f55b0cc0000)
  to   space 437632K,   0% used [0x00007f55b0cc0000, 0x00007f55b0cc0000, 0x00007f55cb820000)
 tenured generation   total 8753392K, used 5256239K [0x00007f5a15b50000, 0x00007f5c2bf8c000, 0x00007f64c0600000)
   the space 8753392K,  60% used [0x00007f5a15b50000, 0x00007f5b5685bc28, 0x00007f5b5685be00, 0x00007f5c2bf8c000)
 Metaspace       used 29515K, capacity 29924K, committed 30208K, reserved 30720K
}
Event: 130.492 GC heap before
{Heap before GC invocations=33 (full 14):
 def new generation   total 3939072K, used 3660625K [0x00007f54c0600000, 0x00007f55cb820000, 0x00007f5a15b50000)
  eden space 3501440K,  99% used [0x00007f54c0600000, 0x00007f55959ab120, 0x00007f5596160000)
  from space 437632K,  38% used [0x00007f5596160000, 0x00007f55a04895c0, 0x00007f55b0cc0000)
  to   space 437632K,   0% used [0x00007f55b0cc0000, 0x00007f55b0cc0000, 0x00007f55cb820000)
 tenured generation   total 8753392K, used 5256239K [0x00007f5a15b50000, 0x00007f5c2bf8c000, 0x00007f64c0600000)
   the space 8753392K,  60% used [0x00007f5a15b50000, 0x00007f5b5685bc28, 0x00007f5b5685be00, 0x00007f5c2bf8c000)
 Metaspace       used 29515K, capacity 29924K, committed 30208K, reserved 30720K
}
Event: 130.622 GC heap after
{Heap after GC invocations=34 (full 14):
 def new generation   total 3939072K, used 167517K [0x00007f54c0600000, 0x00007f55cb820000, 0x00007f5a15b50000)
  eden space 3501440K,   0% used [0x00007f54c0600000, 0x00007f54c0600000, 0x00007f5596160000)
  from space 437632K,  38% used [0x00007f55b0cc0000, 0x00007f55bb0575a8, 0x00007f55cb820000)
  to   space 437632K,   0% used [0x00007f5596160000, 0x00007f5596160000, 0x00007f55b0cc0000)
 tenured generation   total 8753392K, used 6304815K [0x00007f5a15b50000, 0x00007f5c2bf8c000, 0x00007f64c0600000)
   the space 8753392K,  72% used [0x00007f5a15b50000, 0x00007f5b9685bc40, 0x00007f5b9685be00, 0x00007f5c2bf8c000)
 Metaspace       used 29515K, capacity 29924K, committed 30208K, reserved 30720K
}
Event: 130.766 GC heap before
{Heap before GC invocations=34 (full 14):
 def new generation   total 3939072K, used 1285047K [0x00007f54c0600000, 0x00007f55cb820000, 0x00007f5a15b50000)
  eden space 3501440K,  31% used [0x00007f54c0600000, 0x00007f5504956888, 0x00007f5596160000)
  from space 437632K,  38% used [0x00007f55b0cc0000, 0x00007f55bb0575a8, 0x00007f55cb820000)
  to   space 437632K,   0% used [0x00007f5596160000, 0x00007f5596160000, 0x00007f55b0cc0000)
 tenured generation   total 8753392K, used 6304815K [0x00007f5a15b50000, 0x00007f5c2bf8c000, 0x00007f64c0600000)
   the space 8753392K,  72% used [0x00007f5a15b50000, 0x00007f5b9685bc40, 0x00007f5b9685be00, 0x00007f5c2bf8c000)
 Metaspace       used 29515K, capacity 29924K, committed 30208K, reserved 30720K
}
Event: 131.031 GC heap after
{Heap after GC invocations=35 (full 14):
 def new generation   total 3939072K, used 167518K [0x00007f54c0600000, 0x00007f55cb820000, 0x00007f5a15b50000)
  eden space 3501440K,   0% used [0x00007f54c0600000, 0x00007f54c0600000, 0x00007f5596160000)
  from space 437632K,  38% used [0x00007f5596160000, 0x00007f55a04f7838, 0x00007f55b0cc0000)
  to   space 437632K,   0% used [0x00007f55b0cc0000, 0x00007f55b0cc0000, 0x00007f55cb820000)
 tenured generation   total 8753392K, used 7353391K [0x00007f5a15b50000, 0x00007f5c2bf8c000, 0x00007f64c0600000)
   the space 8753392K,  84% used [0x00007f5a15b50000, 0x00007f5bd685bc58, 0x00007f5bd685be00, 0x00007f5c2bf8c000)
 Metaspace       used 29515K, capacity 29924K, committed 30208K, reserved 30720K
}
Event: 131.031 GC heap before
{Heap before GC invocations=35 (full 14):
 def new generation   total 3939072K, used 167518K [0x00007f54c0600000, 0x00007f55cb820000, 0x00007f5a15b50000)
  eden space 3501440K,   0% used [0x00007f54c0600000, 0x00007f54c0600000, 0x00007f5596160000)
  from space 437632K,  38% used [0x00007f5596160000, 0x00007f55a04f7838, 0x00007f55b0cc0000)
  to   space 437632K,   0% used [0x00007f55b0cc0000, 0x00007f55b0cc0000, 0x00007f55cb820000)
 tenured generation   total 8753392K, used 7353391K [0x00007f5a15b50000, 0x00007f5c2bf8c000, 0x00007f64c0600000)
   the space 8753392K,  84% used [0x00007f5a15b50000, 0x00007f5bd685bc58, 0x00007f5bd685be00, 0x00007f5c2bf8c000)
 Metaspace       used 29515K, capacity 29924K, committed 30208K, reserved 30720K
}
Event: 132.478 GC heap after
{Heap after GC invocations=35 (full 15):
 def new generation   total 3939072K, used 0K [0x00007f54c0600000, 0x00007f55cb820000, 0x00007f5a15b50000)
  eden space 3501440K,   0% used [0x00007f54c0600000, 0x00007f54c0600000, 0x00007f5596160000)
  from space 437632K,   0% used [0x00007f5596160000, 0x00007f5596160000, 0x00007f55b0cc0000)
  to   space 437632K,   0% used [0x00007f55b0cc0000, 0x00007f55b0cc0000, 0x00007f55cb820000)
 tenured generation   total 8753392K, used 2110733K [0x00007f5a15b50000, 0x00007f5c2bf8c000, 0x00007f64c0600000)
   the space 8753392K,  24% used [0x00007f5a15b50000, 0x00007f5a968936c0, 0x00007f5a96893800, 0x00007f5c2bf8c000)
 Metaspace       used 29515K, capacity 29924K, committed 30208K, reserved 30720K
}

