# JRE version: OpenJDK Runtime Environment (13.0.7+5) (build 13.0.7+5-Ubuntu-0ubuntu120.04)
# Java VM: OpenJDK 64-Bit Server VM (13.0.7+5-Ubuntu-0ubuntu120.04, mixed mode, tiered, serial gc, linux-amd64)
Heap:
 def new generation   total 2894400K, used 2211K [0x00007f6a7c600000, 0x00007f6b40aa0000, 0x00007f6fd1b50000)
  eden space 2572800K,   0% used [0x00007f6a7c600000, 0x00007f6a7c828f30, 0x00007f6b19680000)
  from space 321600K,   0% used [0x00007f6b2d090000, 0x00007f6b2d090000, 0x00007f6b40aa0000)
  to   space 321600K,   0% used [0x00007f6b19680000, 0x00007f6b19680000, 0x00007f6b2d090000)
 tenured generation   total 6432168K, used 6432167K [0x00007f6fd1b50000, 0x00007f715a4ba000, 0x00007f7a7c600000)
   the space 6432168K,  99% used [0x00007f6fd1b50000, 0x00007f715a4b9ff0, 0x00007f715a4ba000, 0x00007f715a4ba000)
 Metaspace       used 24305K, capacity 24692K, committed 24832K, reserved 26624K
GC Heap History (20 events):
Event: 54415.903 GC heap after
{Heap after GC invocations=92803 (full 4):
 def new generation   total 2894400K, used 2979K [0x00007f6a7c600000, 0x00007f6b40aa0000, 0x00007f6fd1b50000)
  eden space 2572800K,   0% used [0x00007f6a7c600000, 0x00007f6a7c600000, 0x00007f6b19680000)
  from space 321600K,   0% used [0x00007f6b19680000, 0x00007f6b19968fa8, 0x00007f6b2d090000)
  to   space 321600K,   0% used [0x00007f6b2d090000, 0x00007f6b2d090000, 0x00007f6b40aa0000)
 tenured generation   total 6431976K, used 6430230K [0x00007f6fd1b50000, 0x00007f715a48a000, 0x00007f7a7c600000)
   the space 6431976K,  99% used [0x00007f6fd1b50000, 0x00007f715a2d58e8, 0x00007f715a2d5a00, 0x00007f715a48a000)
 Metaspace       used 24305K, capacity 24692K, committed 24832K, reserved 26624K
}
Event: 54417.161 GC heap before
{Heap before GC invocations=92803 (full 4):
 def new generation   total 2894400K, used 2575779K [0x00007f6a7c600000, 0x00007f6b40aa0000, 0x00007f6fd1b50000)
  eden space 2572800K, 100% used [0x00007f6a7c600000, 0x00007f6b19680000, 0x00007f6b19680000)
  from space 321600K,   0% used [0x00007f6b19680000, 0x00007f6b19968fa8, 0x00007f6b2d090000)
  to   space 321600K,   0% used [0x00007f6b2d090000, 0x00007f6b2d090000, 0x00007f6b40aa0000)
 tenured generation   total 6431976K, used 6430230K [0x00007f6fd1b50000, 0x00007f715a48a000, 0x00007f7a7c600000)
   the space 6431976K,  99% used [0x00007f6fd1b50000, 0x00007f715a2d58e8, 0x00007f715a2d5a00, 0x00007f715a48a000)
 Metaspace       used 24305K, capacity 24692K, committed 24832K, reserved 26624K
}
Event: 54417.166 GC heap after
{Heap after GC invocations=92804 (full 4):
 def new generation   total 2894400K, used 3035K [0x00007f6a7c600000, 0x00007f6b40aa0000, 0x00007f6fd1b50000)
  eden space 2572800K,   0% used [0x00007f6a7c600000, 0x00007f6a7c600000, 0x00007f6b19680000)
  from space 321600K,   0% used [0x00007f6b2d090000, 0x00007f6b2d386f58, 0x00007f6b40aa0000)
  to   space 321600K,   0% used [0x00007f6b19680000, 0x00007f6b19680000, 0x00007f6b2d090000)
 tenured generation   total 6431976K, used 6430405K [0x00007f6fd1b50000, 0x00007f715a48a000, 0x00007f7a7c600000)
   the space 6431976K,  99% used [0x00007f6fd1b50000, 0x00007f715a301400, 0x00007f715a301400, 0x00007f715a48a000)
 Metaspace       used 24305K, capacity 24692K, committed 24832K, reserved 26624K
}
Event: 54418.359 GC heap before
{Heap before GC invocations=92804 (full 4):
 def new generation   total 2894400K, used 2575835K [0x00007f6a7c600000, 0x00007f6b40aa0000, 0x00007f6fd1b50000)
  eden space 2572800K, 100% used [0x00007f6a7c600000, 0x00007f6b19680000, 0x00007f6b19680000)
  from space 321600K,   0% used [0x00007f6b2d090000, 0x00007f6b2d386f58, 0x00007f6b40aa0000)
  to   space 321600K,   0% used [0x00007f6b19680000, 0x00007f6b19680000, 0x00007f6b2d090000)
 tenured generation   total 6431976K, used 6430405K [0x00007f6fd1b50000, 0x00007f715a48a000, 0x00007f7a7c600000)
   the space 6431976K,  99% used [0x00007f6fd1b50000, 0x00007f715a301400, 0x00007f715a301400, 0x00007f715a48a000)
 Metaspace       used 24305K, capacity 24692K, committed 24832K, reserved 26624K
}
Event: 54418.363 GC heap after
{Heap after GC invocations=92805 (full 4):
 def new generation   total 2894400K, used 3015K [0x00007f6a7c600000, 0x00007f6b40aa0000, 0x00007f6fd1b50000)
  eden space 2572800K,   0% used [0x00007f6a7c600000, 0x00007f6a7c600000, 0x00007f6b19680000)
  from space 321600K,   0% used [0x00007f6b19680000, 0x00007f6b19971c98, 0x00007f6b2d090000)
  to   space 321600K,   0% used [0x00007f6b2d090000, 0x00007f6b2d090000, 0x00007f6b40aa0000)
 tenured generation   total 6431976K, used 6430598K [0x00007f6fd1b50000, 0x00007f715a48a000, 0x00007f7a7c600000)
   the space 6431976K,  99% used [0x00007f6fd1b50000, 0x00007f715a331bd8, 0x00007f715a331c00, 0x00007f715a48a000)
 Metaspace       used 24305K, capacity 24692K, committed 24832K, reserved 26624K
}
Event: 54419.614 GC heap before
{Heap before GC invocations=92805 (full 4):
 def new generation   total 2894400K, used 2575815K [0x00007f6a7c600000, 0x00007f6b40aa0000, 0x00007f6fd1b50000)
  eden space 2572800K, 100% used [0x00007f6a7c600000, 0x00007f6b19680000, 0x00007f6b19680000)
  from space 321600K,   0% used [0x00007f6b19680000, 0x00007f6b19971c98, 0x00007f6b2d090000)
  to   space 321600K,   0% used [0x00007f6b2d090000, 0x00007f6b2d090000, 0x00007f6b40aa0000)
 tenured generation   total 6431976K, used 6430598K [0x00007f6fd1b50000, 0x00007f715a48a000, 0x00007f7a7c600000)
   the space 6431976K,  99% used [0x00007f6fd1b50000, 0x00007f715a331bd8, 0x00007f715a331c00, 0x00007f715a48a000)
 Metaspace       used 24305K, capacity 24692K, committed 24832K, reserved 26624K
}
Event: 54419.618 GC heap after
{Heap after GC invocations=92806 (full 4):
 def new generation   total 2894400K, used 2988K [0x00007f6a7c600000, 0x00007f6b40aa0000, 0x00007f6fd1b50000)
  eden space 2572800K,   0% used [0x00007f6a7c600000, 0x00007f6a7c600000, 0x00007f6b19680000)
  from space 321600K,   0% used [0x00007f6b2d090000, 0x00007f6b2d37b148, 0x00007f6b40aa0000)
  to   space 321600K,   0% used [0x00007f6b19680000, 0x00007f6b19680000, 0x00007f6b2d090000)
 tenured generation   total 6431976K, used 6430792K [0x00007f6fd1b50000, 0x00007f715a48a000, 0x00007f7a7c600000)
   the space 6431976K,  99% used [0x00007f6fd1b50000, 0x00007f715a362298, 0x00007f715a362400, 0x00007f715a48a000)
 Metaspace       used 24305K, capacity 24692K, committed 24832K, reserved 26624K
}
Event: 54420.871 GC heap before
{Heap before GC invocations=92806 (full 4):
 def new generation   total 2894400K, used 2575788K [0x00007f6a7c600000, 0x00007f6b40aa0000, 0x00007f6fd1b50000)
  eden space 2572800K, 100% used [0x00007f6a7c600000, 0x00007f6b19680000, 0x00007f6b19680000)
  from space 321600K,   0% used [0x00007f6b2d090000, 0x00007f6b2d37b148, 0x00007f6b40aa0000)
  to   space 321600K,   0% used [0x00007f6b19680000, 0x00007f6b19680000, 0x00007f6b2d090000)
 tenured generation   total 6431976K, used 6430792K [0x00007f6fd1b50000, 0x00007f715a48a000, 0x00007f7a7c600000)
   the space 6431976K,  99% used [0x00007f6fd1b50000, 0x00007f715a362298, 0x00007f715a362400, 0x00007f715a48a000)
 Metaspace       used 24305K, capacity 24692K, committed 24832K, reserved 26624K
}
Event: 54420.875 GC heap after
{Heap after GC invocations=92807 (full 4):
 def new generation   total 2894400K, used 2865K [0x00007f6a7c600000, 0x00007f6b40aa0000, 0x00007f6fd1b50000)
  eden space 2572800K,   0% used [0x00007f6a7c600000, 0x00007f6a7c600000, 0x00007f6b19680000)
  from space 321600K,   0% used [0x00007f6b19680000, 0x00007f6b1994c778, 0x00007f6b2d090000)
  to   space 321600K,   0% used [0x00007f6b2d090000, 0x00007f6b2d090000, 0x00007f6b40aa0000)
 tenured generation   total 6431976K, used 6431010K [0x00007f6fd1b50000, 0x00007f715a48a000, 0x00007f7a7c600000)
   the space 6431976K,  99% used [0x00007f6fd1b50000, 0x00007f715a398a30, 0x00007f715a398c00, 0x00007f715a48a000)
 Metaspace       used 24305K, capacity 24692K, committed 24832K, reserved 26624K
}
Event: 54422.123 GC heap before
{Heap before GC invocations=92807 (full 4):
 def new generation   total 2894400K, used 2575665K [0x00007f6a7c600000, 0x00007f6b40aa0000, 0x00007f6fd1b50000)
  eden space 2572800K, 100% used [0x00007f6a7c600000, 0x00007f6b19680000, 0x00007f6b19680000)
  from space 321600K,   0% used [0x00007f6b19680000, 0x00007f6b1994c778, 0x00007f6b2d090000)
  to   space 321600K,   0% used [0x00007f6b2d090000, 0x00007f6b2d090000, 0x00007f6b40aa0000)
 tenured generation   total 6431976K, used 6431010K [0x00007f6fd1b50000, 0x00007f715a48a000, 0x00007f7a7c600000)
   the space 6431976K,  99% used [0x00007f6fd1b50000, 0x00007f715a398a30, 0x00007f715a398c00, 0x00007f715a48a000)
 Metaspace       used 24305K, capacity 24692K, committed 24832K, reserved 26624K
}
Event: 54422.127 GC heap after
{Heap after GC invocations=92808 (full 4):
 def new generation   total 2894400K, used 2758K [0x00007f6a7c600000, 0x00007f6b40aa0000, 0x00007f6fd1b50000)
  eden space 2572800K,   0% used [0x00007f6a7c600000, 0x00007f6a7c600000, 0x00007f6b19680000)
  from space 321600K,   0% used [0x00007f6b2d090000, 0x00007f6b2d341ae0, 0x00007f6b40aa0000)
  to   space 321600K,   0% used [0x00007f6b19680000, 0x00007f6b19680000, 0x00007f6b2d090000)
 tenured generation   total 6431976K, used 6431204K [0x00007f6fd1b50000, 0x00007f715a48a000, 0x00007f7a7c600000)
   the space 6431976K,  99% used [0x00007f6fd1b50000, 0x00007f715a3c90f0, 0x00007f715a3c9200, 0x00007f715a48a000)
 Metaspace       used 24305K, capacity 24692K, committed 24832K, reserved 26624K
}
Event: 54423.382 GC heap before
{Heap before GC invocations=92808 (full 4):
 def new generation   total 2894400K, used 2575558K [0x00007f6a7c600000, 0x00007f6b40aa0000, 0x00007f6fd1b50000)
  eden space 2572800K, 100% used [0x00007f6a7c600000, 0x00007f6b19680000, 0x00007f6b19680000)
  from space 321600K,   0% used [0x00007f6b2d090000, 0x00007f6b2d341ae0, 0x00007f6b40aa0000)
  to   space 321600K,   0% used [0x00007f6b19680000, 0x00007f6b19680000, 0x00007f6b2d090000)
 tenured generation   total 6431976K, used 6431204K [0x00007f6fd1b50000, 0x00007f715a48a000, 0x00007f7a7c600000)
   the space 6431976K,  99% used [0x00007f6fd1b50000, 0x00007f715a3c90f0, 0x00007f715a3c9200, 0x00007f715a48a000)
 Metaspace       used 24305K, capacity 24692K, committed 24832K, reserved 26624K
}
Event: 54423.386 GC heap after
{Heap after GC invocations=92809 (full 4):
 def new generation   total 2894400K, used 2699K [0x00007f6a7c600000, 0x00007f6b40aa0000, 0x00007f6fd1b50000)
  eden space 2572800K,   0% used [0x00007f6a7c600000, 0x00007f6a7c600000, 0x00007f6b19680000)
  from space 321600K,   0% used [0x00007f6b19680000, 0x00007f6b19922ef0, 0x00007f6b2d090000)
  to   space 321600K,   0% used [0x00007f6b2d090000, 0x00007f6b2d090000, 0x00007f6b40aa0000)
 tenured generation   total 6431976K, used 6431397K [0x00007f6fd1b50000, 0x00007f715a48a000, 0x00007f7a7c600000)
   the space 6431976K,  99% used [0x00007f6fd1b50000, 0x00007f715a3f97b0, 0x00007f715a3f9800, 0x00007f715a48a000)
 Metaspace       used 24305K, capacity 24692K, committed 24832K, reserved 26624K
}
Event: 54424.632 GC heap before
{Heap before GC invocations=92809 (full 4):
 def new generation   total 2894400K, used 2575499K [0x00007f6a7c600000, 0x00007f6b40aa0000, 0x00007f6fd1b50000)
  eden space 2572800K, 100% used [0x00007f6a7c600000, 0x00007f6b19680000, 0x00007f6b19680000)
  from space 321600K,   0% used [0x00007f6b19680000, 0x00007f6b19922ef0, 0x00007f6b2d090000)
  to   space 321600K,   0% used [0x00007f6b2d090000, 0x00007f6b2d090000, 0x00007f6b40aa0000)
 tenured generation   total 6431976K, used 6431397K [0x00007f6fd1b50000, 0x00007f715a48a000, 0x00007f7a7c600000)
   the space 6431976K,  99% used [0x00007f6fd1b50000, 0x00007f715a3f97b0, 0x00007f715a3f9800, 0x00007f715a48a000)
 Metaspace       used 24305K, capacity 24692K, committed 24832K, reserved 26624K
}
Event: 54424.636 GC heap after
{Heap after GC invocations=92810 (full 4):
 def new generation   total 2894400K, used 2610K [0x00007f6a7c600000, 0x00007f6b40aa0000, 0x00007f6fd1b50000)
  eden space 2572800K,   0% used [0x00007f6a7c600000, 0x00007f6a7c600000, 0x00007f6b19680000)
  from space 321600K,   0% used [0x00007f6b2d090000, 0x00007f6b2d31cb80, 0x00007f6b40aa0000)
  to   space 321600K,   0% used [0x00007f6b19680000, 0x00007f6b19680000, 0x00007f6b2d090000)
 tenured generation   total 6431976K, used 6431591K [0x00007f6fd1b50000, 0x00007f715a48a000, 0x00007f7a7c600000)
   the space 6431976K,  99% used [0x00007f6fd1b50000, 0x00007f715a429e70, 0x00007f715a42a000, 0x00007f715a48a000)
 Metaspace       used 24305K, capacity 24692K, committed 24832K, reserved 26624K
}
Event: 54425.891 GC heap before
{Heap before GC invocations=92810 (full 4):
 def new generation   total 2894400K, used 2575410K [0x00007f6a7c600000, 0x00007f6b40aa0000, 0x00007f6fd1b50000)
  eden space 2572800K, 100% used [0x00007f6a7c600000, 0x00007f6b19680000, 0x00007f6b19680000)
  from space 321600K,   0% used [0x00007f6b2d090000, 0x00007f6b2d31cb80, 0x00007f6b40aa0000)
  to   space 321600K,   0% used [0x00007f6b19680000, 0x00007f6b19680000, 0x00007f6b2d090000)
 tenured generation   total 6431976K, used 6431591K [0x00007f6fd1b50000, 0x00007f715a48a000, 0x00007f7a7c600000)
   the space 6431976K,  99% used [0x00007f6fd1b50000, 0x00007f715a429e70, 0x00007f715a42a000, 0x00007f715a48a000)
 Metaspace       used 24305K, capacity 24692K, committed 24832K, reserved 26624K
}
Event: 54425.895 GC heap after
{Heap after GC invocations=92811 (full 4):
 def new generation   total 2894400K, used 2484K [0x00007f6a7c600000, 0x00007f6b40aa0000, 0x00007f6fd1b50000)
  eden space 2572800K,   0% used [0x00007f6a7c600000, 0x00007f6a7c600000, 0x00007f6b19680000)
  from space 321600K,   0% used [0x00007f6b19680000, 0x00007f6b198ed288, 0x00007f6b2d090000)
  to   space 321600K,   0% used [0x00007f6b2d090000, 0x00007f6b2d090000, 0x00007f6b40aa0000)
 tenured generation   total 6431976K, used 6431809K [0x00007f6fd1b50000, 0x00007f715a48a000, 0x00007f7a7c600000)
   the space 6431976K,  99% used [0x00007f6fd1b50000, 0x00007f715a460608, 0x00007f715a460800, 0x00007f715a48a000)
 Metaspace       used 24305K, capacity 24692K, committed 24832K, reserved 26624K
}
Event: 54427.149 GC heap before
{Heap before GC invocations=92811 (full 4):
 def new generation   total 2894400K, used 2575284K [0x00007f6a7c600000, 0x00007f6b40aa0000, 0x00007f6fd1b50000)
  eden space 2572800K, 100% used [0x00007f6a7c600000, 0x00007f6b19680000, 0x00007f6b19680000)
  from space 321600K,   0% used [0x00007f6b19680000, 0x00007f6b198ed288, 0x00007f6b2d090000)
  to   space 321600K,   0% used [0x00007f6b2d090000, 0x00007f6b2d090000, 0x00007f6b40aa0000)
 tenured generation   total 6431976K, used 6431809K [0x00007f6fd1b50000, 0x00007f715a48a000, 0x00007f7a7c600000)
   the space 6431976K,  99% used [0x00007f6fd1b50000, 0x00007f715a460608, 0x00007f715a460800, 0x00007f715a48a000)
 Metaspace       used 24305K, capacity 24692K, committed 24832K, reserved 26624K
}
Event: 54427.156 GC heap after
{Heap after GC invocations=92812 (full 4):
 def new generation   total 2894400K, used 2393K [0x00007f6a7c600000, 0x00007f6b40aa0000, 0x00007f6fd1b50000)
  eden space 2572800K,   0% used [0x00007f6a7c600000, 0x00007f6a7c600000, 0x00007f6b19680000)
  from space 321600K,   0% used [0x00007f6b2d090000, 0x00007f6b2d2e6548, 0x00007f6b40aa0000)
  to   space 321600K,   0% used [0x00007f6b19680000, 0x00007f6b19680000, 0x00007f6b2d090000)
 tenured generation   total 6432168K, used 6432003K [0x00007f6fd1b50000, 0x00007f715a4ba000, 0x00007f7a7c600000)
   the space 6432168K,  99% used [0x00007f6fd1b50000, 0x00007f715a490cc8, 0x00007f715a490e00, 0x00007f715a4ba000)
 Metaspace       used 24305K, capacity 24692K, committed 24832K, reserved 26624K
}
Event: 54427.156 GC heap before
{Heap before GC invocations=92812 (full 4):
 def new generation   total 2894400K, used 2393K [0x00007f6a7c600000, 0x00007f6b40aa0000, 0x00007f6fd1b50000)
  eden space 2572800K,   0% used [0x00007f6a7c600000, 0x00007f6a7c600000, 0x00007f6b19680000)
  from space 321600K,   0% used [0x00007f6b2d090000, 0x00007f6b2d2e6548, 0x00007f6b40aa0000)
  to   space 321600K,   0% used [0x00007f6b19680000, 0x00007f6b19680000, 0x00007f6b2d090000)
 tenured generation   total 6432168K, used 6432003K [0x00007f6fd1b50000, 0x00007f715a4ba000, 0x00007f7a7c600000)
   the space 6432168K,  99% used [0x00007f6fd1b50000, 0x00007f715a490cc8, 0x00007f715a490e00, 0x00007f715a4ba000)
 Metaspace       used 24305K, capacity 24692K, committed 24832K, reserved 26624K
}

