# JRE version: OpenJDK Runtime Environment (13.0.7+5) (build 13.0.7+5-Ubuntu-0ubuntu120.04)
# Java VM: OpenJDK 64-Bit Server VM (13.0.7+5-Ubuntu-0ubuntu120.04, mixed mode, tiered, serial gc, linux-amd64)
Heap:
 def new generation   total 1357440K, used 0K [0x00007f2ffc600000, 0x00007f30586e0000, 0x00007f3551b50000)
  eden space 1206656K,   0% used [0x00007f2ffc600000, 0x00007f2ffc600000, 0x00007f3046060000)
  from space 150784K,   0% used [0x00007f3046060000, 0x00007f3046060000, 0x00007f304f3a0000)
  to   space 150784K,   0% used [0x00007f304f3a0000, 0x00007f304f3a0000, 0x00007f30586e0000)
 tenured generation   total 3105232K, used 3086635K [0x00007f3551b50000, 0x00007f360f3c4000, 0x00007f3ffc600000)
   the space 3105232K,  99% used [0x00007f3551b50000, 0x00007f360e19aee0, 0x00007f360e19b000, 0x00007f360f3c4000)
 Metaspace       used 30523K, capacity 30978K, committed 31232K, reserved 32768K
GC Heap History (20 events):
Event: 111.806 GC heap after
{Heap after GC invocations=51 (full 11):
 def new generation   total 1357440K, used 88296K [0x00007f2ffc600000, 0x00007f30586e0000, 0x00007f3551b50000)
  eden space 1206656K,   0% used [0x00007f2ffc600000, 0x00007f2ffc600000, 0x00007f3046060000)
  from space 150784K,  58% used [0x00007f304f3a0000, 0x00007f30549da238, 0x00007f30586e0000)
  to   space 150784K,   0% used [0x00007f3046060000, 0x00007f3046060000, 0x00007f304f3a0000)
 tenured generation   total 3016336K, used 2229417K [0x00007f3551b50000, 0x00007f3609cf4000, 0x00007f3ffc600000)
   the space 3016336K,  73% used [0x00007f3551b50000, 0x00007f35d9c7a498, 0x00007f35d9c7a600, 0x00007f3609cf4000)
 Metaspace       used 30523K, capacity 30978K, committed 31232K, reserved 32768K
}
Event: 112.137 GC heap before
{Heap before GC invocations=51 (full 11):
 def new generation   total 1357440K, used 1294952K [0x00007f2ffc600000, 0x00007f30586e0000, 0x00007f3551b50000)
  eden space 1206656K, 100% used [0x00007f2ffc600000, 0x00007f3046060000, 0x00007f3046060000)
  from space 150784K,  58% used [0x00007f304f3a0000, 0x00007f30549da238, 0x00007f30586e0000)
  to   space 150784K,   0% used [0x00007f3046060000, 0x00007f3046060000, 0x00007f304f3a0000)
 tenured generation   total 3016336K, used 2229417K [0x00007f3551b50000, 0x00007f3609cf4000, 0x00007f3ffc600000)
   the space 3016336K,  73% used [0x00007f3551b50000, 0x00007f35d9c7a498, 0x00007f35d9c7a600, 0x00007f3609cf4000)
 Metaspace       used 30523K, capacity 30978K, committed 31232K, reserved 32768K
}
Event: 112.449 GC heap after
{Heap after GC invocations=52 (full 11):
 def new generation   total 1357440K, used 94947K [0x00007f2ffc600000, 0x00007f30586e0000, 0x00007f3551b50000)
  eden space 1206656K,   0% used [0x00007f2ffc600000, 0x00007f2ffc600000, 0x00007f3046060000)
  from space 150784K,  62% used [0x00007f3046060000, 0x00007f304bd18ce0, 0x00007f304f3a0000)
  to   space 150784K,   0% used [0x00007f304f3a0000, 0x00007f304f3a0000, 0x00007f30586e0000)
 tenured generation   total 3016336K, used 2317713K [0x00007f3551b50000, 0x00007f3609cf4000, 0x00007f3ffc600000)
   the space 3016336K,  76% used [0x00007f3551b50000, 0x00007f35df2b4530, 0x00007f35df2b4600, 0x00007f3609cf4000)
 Metaspace       used 30523K, capacity 30978K, committed 31232K, reserved 32768K
}
Event: 112.788 GC heap before
{Heap before GC invocations=52 (full 11):
 def new generation   total 1357440K, used 1301603K [0x00007f2ffc600000, 0x00007f30586e0000, 0x00007f3551b50000)
  eden space 1206656K, 100% used [0x00007f2ffc600000, 0x00007f3046060000, 0x00007f3046060000)
  from space 150784K,  62% used [0x00007f3046060000, 0x00007f304bd18ce0, 0x00007f304f3a0000)
  to   space 150784K,   0% used [0x00007f304f3a0000, 0x00007f304f3a0000, 0x00007f30586e0000)
 tenured generation   total 3016336K, used 2317713K [0x00007f3551b50000, 0x00007f3609cf4000, 0x00007f3ffc600000)
   the space 3016336K,  76% used [0x00007f3551b50000, 0x00007f35df2b4530, 0x00007f35df2b4600, 0x00007f3609cf4000)
 Metaspace       used 30523K, capacity 30978K, committed 31232K, reserved 32768K
}
Event: 113.123 GC heap after
{Heap after GC invocations=53 (full 11):
 def new generation   total 1357440K, used 106924K [0x00007f2ffc600000, 0x00007f30586e0000, 0x00007f3551b50000)
  eden space 1206656K,   0% used [0x00007f2ffc600000, 0x00007f2ffc600000, 0x00007f3046060000)
  from space 150784K,  70% used [0x00007f304f3a0000, 0x00007f3055c0b000, 0x00007f30586e0000)
  to   space 150784K,   0% used [0x00007f3046060000, 0x00007f3046060000, 0x00007f304f3a0000)
 tenured generation   total 3016336K, used 2412659K [0x00007f3551b50000, 0x00007f3609cf4000, 0x00007f3ffc600000)
   the space 3016336K,  79% used [0x00007f3551b50000, 0x00007f35e4f6ced0, 0x00007f35e4f6d000, 0x00007f3609cf4000)
 Metaspace       used 30523K, capacity 30978K, committed 31232K, reserved 32768K
}
Event: 113.450 GC heap before
{Heap before GC invocations=53 (full 11):
 def new generation   total 1357440K, used 1313580K [0x00007f2ffc600000, 0x00007f30586e0000, 0x00007f3551b50000)
  eden space 1206656K, 100% used [0x00007f2ffc600000, 0x00007f3046060000, 0x00007f3046060000)
  from space 150784K,  70% used [0x00007f304f3a0000, 0x00007f3055c0b000, 0x00007f30586e0000)
  to   space 150784K,   0% used [0x00007f3046060000, 0x00007f3046060000, 0x00007f304f3a0000)
 tenured generation   total 3016336K, used 2412659K [0x00007f3551b50000, 0x00007f3609cf4000, 0x00007f3ffc600000)
   the space 3016336K,  79% used [0x00007f3551b50000, 0x00007f35e4f6ced0, 0x00007f35e4f6d000, 0x00007f3609cf4000)
 Metaspace       used 30523K, capacity 30978K, committed 31232K, reserved 32768K
}
Event: 113.788 GC heap after
{Heap after GC invocations=54 (full 11):
 def new generation   total 1357440K, used 90532K [0x00007f2ffc600000, 0x00007f30586e0000, 0x00007f3551b50000)
  eden space 1206656K,   0% used [0x00007f2ffc600000, 0x00007f2ffc600000, 0x00007f3046060000)
  from space 150784K,  60% used [0x00007f3046060000, 0x00007f304b8c91c0, 0x00007f304f3a0000)
  to   space 150784K,   0% used [0x00007f304f3a0000, 0x00007f304f3a0000, 0x00007f30586e0000)
 tenured generation   total 3016336K, used 2519582K [0x00007f3551b50000, 0x00007f3609cf4000, 0x00007f3ffc600000)
   the space 3016336K,  83% used [0x00007f3551b50000, 0x00007f35eb7d7b10, 0x00007f35eb7d7c00, 0x00007f3609cf4000)
 Metaspace       used 30523K, capacity 30978K, committed 31232K, reserved 32768K
}
Event: 114.123 GC heap before
{Heap before GC invocations=54 (full 11):
 def new generation   total 1357440K, used 1297188K [0x00007f2ffc600000, 0x00007f30586e0000, 0x00007f3551b50000)
  eden space 1206656K, 100% used [0x00007f2ffc600000, 0x00007f3046060000, 0x00007f3046060000)
  from space 150784K,  60% used [0x00007f3046060000, 0x00007f304b8c91c0, 0x00007f304f3a0000)
  to   space 150784K,   0% used [0x00007f304f3a0000, 0x00007f304f3a0000, 0x00007f30586e0000)
 tenured generation   total 3016336K, used 2519582K [0x00007f3551b50000, 0x00007f3609cf4000, 0x00007f3ffc600000)
   the space 3016336K,  83% used [0x00007f3551b50000, 0x00007f35eb7d7b10, 0x00007f35eb7d7c00, 0x00007f3609cf4000)
 Metaspace       used 30523K, capacity 30978K, committed 31232K, reserved 32768K
}
Event: 114.435 GC heap after
{Heap after GC invocations=55 (full 11):
 def new generation   total 1357440K, used 91975K [0x00007f2ffc600000, 0x00007f30586e0000, 0x00007f3551b50000)
  eden space 1206656K,   0% used [0x00007f2ffc600000, 0x00007f2ffc600000, 0x00007f3046060000)
  from space 150784K,  60% used [0x00007f304f3a0000, 0x00007f3054d71c60, 0x00007f30586e0000)
  to   space 150784K,   0% used [0x00007f3046060000, 0x00007f3046060000, 0x00007f304f3a0000)
 tenured generation   total 3016336K, used 2610114K [0x00007f3551b50000, 0x00007f3609cf4000, 0x00007f3ffc600000)
   the space 3016336K,  86% used [0x00007f3551b50000, 0x00007f35f10408f0, 0x00007f35f1040a00, 0x00007f3609cf4000)
 Metaspace       used 30523K, capacity 30978K, committed 31232K, reserved 32768K
}
Event: 114.761 GC heap before
{Heap before GC invocations=55 (full 11):
 def new generation   total 1357440K, used 1298631K [0x00007f2ffc600000, 0x00007f30586e0000, 0x00007f3551b50000)
  eden space 1206656K, 100% used [0x00007f2ffc600000, 0x00007f3046060000, 0x00007f3046060000)
  from space 150784K,  60% used [0x00007f304f3a0000, 0x00007f3054d71c60, 0x00007f30586e0000)
  to   space 150784K,   0% used [0x00007f3046060000, 0x00007f3046060000, 0x00007f304f3a0000)
 tenured generation   total 3016336K, used 2610114K [0x00007f3551b50000, 0x00007f3609cf4000, 0x00007f3ffc600000)
   the space 3016336K,  86% used [0x00007f3551b50000, 0x00007f35f10408f0, 0x00007f35f1040a00, 0x00007f3609cf4000)
 Metaspace       used 30523K, capacity 30978K, committed 31232K, reserved 32768K
}
Event: 115.105 GC heap after
{Heap after GC invocations=56 (full 11):
 def new generation   total 1357440K, used 101665K [0x00007f2ffc600000, 0x00007f30586e0000, 0x00007f3551b50000)
  eden space 1206656K,   0% used [0x00007f2ffc600000, 0x00007f2ffc600000, 0x00007f3046060000)
  from space 150784K,  67% used [0x00007f3046060000, 0x00007f304c3a86e0, 0x00007f304f3a0000)
  to   space 150784K,   0% used [0x00007f304f3a0000, 0x00007f304f3a0000, 0x00007f30586e0000)
 tenured generation   total 3016336K, used 2702089K [0x00007f3551b50000, 0x00007f3609cf4000, 0x00007f3ffc600000)
   the space 3016336K,  89% used [0x00007f3551b50000, 0x00007f35f6a12400, 0x00007f35f6a12400, 0x00007f3609cf4000)
 Metaspace       used 30523K, capacity 30978K, committed 31232K, reserved 32768K
}
Event: 115.430 GC heap before
{Heap before GC invocations=56 (full 11):
 def new generation   total 1357440K, used 1308321K [0x00007f2ffc600000, 0x00007f30586e0000, 0x00007f3551b50000)
  eden space 1206656K, 100% used [0x00007f2ffc600000, 0x00007f3046060000, 0x00007f3046060000)
  from space 150784K,  67% used [0x00007f3046060000, 0x00007f304c3a86e0, 0x00007f304f3a0000)
  to   space 150784K,   0% used [0x00007f304f3a0000, 0x00007f304f3a0000, 0x00007f30586e0000)
 tenured generation   total 3016336K, used 2702089K [0x00007f3551b50000, 0x00007f3609cf4000, 0x00007f3ffc600000)
   the space 3016336K,  89% used [0x00007f3551b50000, 0x00007f35f6a12400, 0x00007f35f6a12400, 0x00007f3609cf4000)
 Metaspace       used 30523K, capacity 30978K, committed 31232K, reserved 32768K
}
Event: 115.805 GC heap after
{Heap after GC invocations=57 (full 11):
 def new generation   total 1357440K, used 103257K [0x00007f2ffc600000, 0x00007f30586e0000, 0x00007f3551b50000)
  eden space 1206656K,   0% used [0x00007f2ffc600000, 0x00007f2ffc600000, 0x00007f3046060000)
  from space 150784K,  68% used [0x00007f304f3a0000, 0x00007f3055876788, 0x00007f30586e0000)
  to   space 150784K,   0% used [0x00007f3046060000, 0x00007f3046060000, 0x00007f304f3a0000)
 tenured generation   total 3016336K, used 2803754K [0x00007f3551b50000, 0x00007f3609cf4000, 0x00007f3ffc600000)
   the space 3016336K,  92% used [0x00007f3551b50000, 0x00007f35fcd5a9e0, 0x00007f35fcd5aa00, 0x00007f3609cf4000)
 Metaspace       used 30523K, capacity 30978K, committed 31232K, reserved 32768K
}
Event: 116.141 GC heap before
{Heap before GC invocations=57 (full 11):
 def new generation   total 1357440K, used 1309913K [0x00007f2ffc600000, 0x00007f30586e0000, 0x00007f3551b50000)
  eden space 1206656K, 100% used [0x00007f2ffc600000, 0x00007f3046060000, 0x00007f3046060000)
  from space 150784K,  68% used [0x00007f304f3a0000, 0x00007f3055876788, 0x00007f30586e0000)
  to   space 150784K,   0% used [0x00007f3046060000, 0x00007f3046060000, 0x00007f304f3a0000)
 tenured generation   total 3016336K, used 2803754K [0x00007f3551b50000, 0x00007f3609cf4000, 0x00007f3ffc600000)
   the space 3016336K,  92% used [0x00007f3551b50000, 0x00007f35fcd5a9e0, 0x00007f35fcd5aa00, 0x00007f3609cf4000)
 Metaspace       used 30523K, capacity 30978K, committed 31232K, reserved 32768K
}
Event: 116.478 GC heap after
{Heap after GC invocations=58 (full 11):
 def new generation   total 1357440K, used 93756K [0x00007f2ffc600000, 0x00007f30586e0000, 0x00007f3551b50000)
  eden space 1206656K,   0% used [0x00007f2ffc600000, 0x00007f2ffc600000, 0x00007f3046060000)
  from space 150784K,  62% used [0x00007f3046060000, 0x00007f304bbef3c0, 0x00007f304f3a0000)
  to   space 150784K,   0% used [0x00007f304f3a0000, 0x00007f304f3a0000, 0x00007f30586e0000)
 tenured generation   total 3016336K, used 2907011K [0x00007f3551b50000, 0x00007f3609cf4000, 0x00007f3ffc600000)
   the space 3016336K,  96% used [0x00007f3551b50000, 0x00007f3603230fe8, 0x00007f3603231000, 0x00007f3609cf4000)
 Metaspace       used 30523K, capacity 30978K, committed 31232K, reserved 32768K
}
Event: 116.811 GC heap before
{Heap before GC invocations=58 (full 11):
 def new generation   total 1357440K, used 1300412K [0x00007f2ffc600000, 0x00007f30586e0000, 0x00007f3551b50000)
  eden space 1206656K, 100% used [0x00007f2ffc600000, 0x00007f3046060000, 0x00007f3046060000)
  from space 150784K,  62% used [0x00007f3046060000, 0x00007f304bbef3c0, 0x00007f304f3a0000)
  to   space 150784K,   0% used [0x00007f304f3a0000, 0x00007f304f3a0000, 0x00007f30586e0000)
 tenured generation   total 3016336K, used 2907011K [0x00007f3551b50000, 0x00007f3609cf4000, 0x00007f3ffc600000)
   the space 3016336K,  96% used [0x00007f3551b50000, 0x00007f3603230fe8, 0x00007f3603231000, 0x00007f3609cf4000)
 Metaspace       used 30523K, capacity 30978K, committed 31232K, reserved 32768K
}
Event: 117.199 GC heap after
{Heap after GC invocations=59 (full 11):
 def new generation   total 1357440K, used 104439K [0x00007f2ffc600000, 0x00007f30586e0000, 0x00007f3551b50000)
  eden space 1206656K,   0% used [0x00007f2ffc600000, 0x00007f2ffc600000, 0x00007f3046060000)
  from space 150784K,  69% used [0x00007f304f3a0000, 0x00007f305599de38, 0x00007f30586e0000)
  to   space 150784K,   0% used [0x00007f3046060000, 0x00007f3046060000, 0x00007f304f3a0000)
 tenured generation   total 3016336K, used 3000768K [0x00007f3551b50000, 0x00007f3609cf4000, 0x00007f3ffc600000)
   the space 3016336K,  99% used [0x00007f3551b50000, 0x00007f3608dc0038, 0x00007f3608dc0200, 0x00007f3609cf4000)
 Metaspace       used 30523K, capacity 30978K, committed 31232K, reserved 32768K
}
Event: 117.561 GC heap before
{Heap before GC invocations=59 (full 11):
 def new generation   total 1357440K, used 1311095K [0x00007f2ffc600000, 0x00007f30586e0000, 0x00007f3551b50000)
  eden space 1206656K, 100% used [0x00007f2ffc600000, 0x00007f3046060000, 0x00007f3046060000)
  from space 150784K,  69% used [0x00007f304f3a0000, 0x00007f305599de38, 0x00007f30586e0000)
  to   space 150784K,   0% used [0x00007f3046060000, 0x00007f3046060000, 0x00007f304f3a0000)
 tenured generation   total 3016336K, used 3000768K [0x00007f3551b50000, 0x00007f3609cf4000, 0x00007f3ffc600000)
   the space 3016336K,  99% used [0x00007f3551b50000, 0x00007f3608dc0038, 0x00007f3608dc0200, 0x00007f3609cf4000)
 Metaspace       used 30523K, capacity 30978K, committed 31232K, reserved 32768K
}
Event: 118.005 GC heap after
{Heap after GC invocations=60 (full 11):
 def new generation   total 1357440K, used 117317K [0x00007f2ffc600000, 0x00007f30586e0000, 0x00007f3551b50000)
  eden space 1206656K,   0% used [0x00007f2ffc600000, 0x00007f2ffc600000, 0x00007f3046060000)
  from space 150784K,  77% used [0x00007f3046060000, 0x00007f304d2f1588, 0x00007f304f3a0000)
  to   space 150784K,   0% used [0x00007f304f3a0000, 0x00007f304f3a0000, 0x00007f30586e0000)
 tenured generation   total 3105232K, used 3105206K [0x00007f3551b50000, 0x00007f360f3c4000, 0x00007f3ffc600000)
   the space 3105232K,  99% used [0x00007f3551b50000, 0x00007f360f3bdb00, 0x00007f360f3bdc00, 0x00007f360f3c4000)
 Metaspace       used 30523K, capacity 30978K, committed 31232K, reserved 32768K
}
Event: 118.005 GC heap before
{Heap before GC invocations=60 (full 11):
 def new generation   total 1357440K, used 117317K [0x00007f2ffc600000, 0x00007f30586e0000, 0x00007f3551b50000)
  eden space 1206656K,   0% used [0x00007f2ffc600000, 0x00007f2ffc600000, 0x00007f3046060000)
  from space 150784K,  77% used [0x00007f3046060000, 0x00007f304d2f1588, 0x00007f304f3a0000)
  to   space 150784K,   0% used [0x00007f304f3a0000, 0x00007f304f3a0000, 0x00007f30586e0000)
 tenured generation   total 3105232K, used 3105206K [0x00007f3551b50000, 0x00007f360f3c4000, 0x00007f3ffc600000)
   the space 3105232K,  99% used [0x00007f3551b50000, 0x00007f360f3bdb00, 0x00007f360f3bdc00, 0x00007f360f3c4000)
 Metaspace       used 30523K, capacity 30978K, committed 31232K, reserved 32768K
}

