# JRE version: OpenJDK Runtime Environment (13.0.7+5) (build 13.0.7+5-Ubuntu-0ubuntu120.04)
# Java VM: OpenJDK 64-Bit Server VM (13.0.7+5-Ubuntu-0ubuntu120.04, mixed mode, tiered, serial gc, linux-amd64)
Heap:
 def new generation   total 3658752K, used 406519K [0x00007f11c8600000, 0x00007f12c0800000, 0x00007f171db50000)
  eden space 3252224K,  12% used [0x00007f11c8600000, 0x00007f11e12fde70, 0x00007f128ee00000)
  from space 406528K,   0% used [0x00007f128ee00000, 0x00007f128ee00000, 0x00007f12a7b00000)
  to   space 406528K,   0% used [0x00007f12a7b00000, 0x00007f12a7b00000, 0x00007f12c0800000)
 tenured generation   total 14920580K, used 14920579K [0x00007f171db50000, 0x00007f1aac631000, 0x00007f21c8600000)
   the space 14920580K,  99% used [0x00007f171db50000, 0x00007f1aac630d50, 0x00007f1aac630e00, 0x00007f1aac631000)
 Metaspace       used 30895K, capacity 31314K, committed 31488K, reserved 32768K
GC Heap History (20 events):
Event: 10.482 GC heap after
{Heap after GC invocations=5 (full 2):
 def new generation   total 1129344K, used 69784K [0x00007f11c8600000, 0x00007f1214f60000, 0x00007f171db50000)
  eden space 1003904K,   6% used [0x00007f11c8600000, 0x00007f11cca26070, 0x00007f1205a60000)
  from space 125440K,   0% used [0x00007f1205a60000, 0x00007f1205a60000, 0x00007f120d4e0000)
  to   space 125440K,   0% used [0x00007f120d4e0000, 0x00007f120d4e0000, 0x00007f1214f60000)
 tenured generation   total 2509440K, used 1505662K [0x00007f171db50000, 0x00007f17b6df0000, 0x00007f21c8600000)
   the space 2509440K,  59% used [0x00007f171db50000, 0x00007f17799afbf8, 0x00007f17799afc00, 0x00007f17b6df0000)
 Metaspace       used 30895K, capacity 31314K, committed 31488K, reserved 32768K
}
Event: 11.537 GC heap before
{Heap before GC invocations=5 (full 2):
 def new generation   total 1129344K, used 1003904K [0x00007f11c8600000, 0x00007f1214f60000, 0x00007f171db50000)
  eden space 1003904K, 100% used [0x00007f11c8600000, 0x00007f1205a60000, 0x00007f1205a60000)
  from space 125440K,   0% used [0x00007f1205a60000, 0x00007f1205a60000, 0x00007f120d4e0000)
  to   space 125440K,   0% used [0x00007f120d4e0000, 0x00007f120d4e0000, 0x00007f1214f60000)
 tenured generation   total 2509440K, used 1505662K [0x00007f171db50000, 0x00007f17b6df0000, 0x00007f21c8600000)
   the space 2509440K,  59% used [0x00007f171db50000, 0x00007f17799afbf8, 0x00007f17799afc00, 0x00007f17b6df0000)
 Metaspace       used 30895K, capacity 31314K, committed 31488K, reserved 32768K
}
Event: 12.801 GC heap after
{Heap after GC invocations=6 (full 2):
 def new generation   total 1129344K, used 125439K [0x00007f11c8600000, 0x00007f1214f60000, 0x00007f171db50000)
  eden space 1003904K,   0% used [0x00007f11c8600000, 0x00007f11c8600000, 0x00007f1205a60000)
  from space 125440K,  99% used [0x00007f120d4e0000, 0x00007f1214f5fd70, 0x00007f1214f60000)
  to   space 125440K,   0% used [0x00007f1205a60000, 0x00007f1205a60000, 0x00007f120d4e0000)
 tenured generation   total 2509440K, used 2325034K [0x00007f171db50000, 0x00007f17b6df0000, 0x00007f21c8600000)
   the space 2509440K,  92% used [0x00007f171db50000, 0x00007f17ab9da8e0, 0x00007f17ab9daa00, 0x00007f17b6df0000)
 Metaspace       used 30895K, capacity 31314K, committed 31488K, reserved 32768K
}
Event: 16.907 GC heap before
{Heap before GC invocations=6 (full 2):
 def new generation   total 1129344K, used 1129343K [0x00007f11c8600000, 0x00007f1214f60000, 0x00007f171db50000)
  eden space 1003904K, 100% used [0x00007f11c8600000, 0x00007f1205a60000, 0x00007f1205a60000)
  from space 125440K,  99% used [0x00007f120d4e0000, 0x00007f1214f5fd70, 0x00007f1214f60000)
  to   space 125440K,   0% used [0x00007f1205a60000, 0x00007f1205a60000, 0x00007f120d4e0000)
 tenured generation   total 2509440K, used 2325034K [0x00007f171db50000, 0x00007f17b6df0000, 0x00007f21c8600000)
   the space 2509440K,  92% used [0x00007f171db50000, 0x00007f17ab9da8e0, 0x00007f17ab9daa00, 0x00007f17b6df0000)
 Metaspace       used 30895K, capacity 31314K, committed 31488K, reserved 32768K
}
Event: 17.078 GC heap after
{Heap after GC invocations=7 (full 2):
 def new generation   total 1129344K, used 0K [0x00007f11c8600000, 0x00007f1214f60000, 0x00007f171db50000)
  eden space 1003904K,   0% used [0x00007f11c8600000, 0x00007f11c8600000, 0x00007f1205a60000)
  from space 125440K,   0% used [0x00007f1205a60000, 0x00007f1205a600b0, 0x00007f120d4e0000)
  to   space 125440K,   0% used [0x00007f120d4e0000, 0x00007f120d4e0000, 0x00007f1214f60000)
 tenured generation   total 2509440K, used 2450473K [0x00007f171db50000, 0x00007f17b6df0000, 0x00007f21c8600000)
   the space 2509440K,  97% used [0x00007f171db50000, 0x00007f17b345a540, 0x00007f17b345a600, 0x00007f17b6df0000)
 Metaspace       used 30895K, capacity 31314K, committed 31488K, reserved 32768K
}
Event: 18.081 GC heap before
{Heap before GC invocations=7 (full 2):
 def new generation   total 1129344K, used 1003904K [0x00007f11c8600000, 0x00007f1214f60000, 0x00007f171db50000)
  eden space 1003904K, 100% used [0x00007f11c8600000, 0x00007f1205a60000, 0x00007f1205a60000)
  from space 125440K,   0% used [0x00007f1205a60000, 0x00007f1205a600b0, 0x00007f120d4e0000)
  to   space 125440K,   0% used [0x00007f120d4e0000, 0x00007f120d4e0000, 0x00007f1214f60000)
 tenured generation   total 2509440K, used 2450473K [0x00007f171db50000, 0x00007f17b6df0000, 0x00007f21c8600000)
   the space 2509440K,  97% used [0x00007f171db50000, 0x00007f17b345a540, 0x00007f17b345a600, 0x00007f17b6df0000)
 Metaspace       used 30895K, capacity 31314K, committed 31488K, reserved 32768K
}
Event: 19.070 GC heap after
{Heap after GC invocations=8 (full 2):
 def new generation   total 1129344K, used 125439K [0x00007f11c8600000, 0x00007f1214f60000, 0x00007f171db50000)
  eden space 1003904K,   0% used [0x00007f11c8600000, 0x00007f11c8600000, 0x00007f1205a60000)
  from space 125440K,  99% used [0x00007f120d4e0000, 0x00007f1214f5ff90, 0x00007f1214f60000)
  to   space 125440K,   0% used [0x00007f1205a60000, 0x00007f1205a60000, 0x00007f120d4e0000)
 tenured generation   total 3173760K, used 3173654K [0x00007f171db50000, 0x00007f17df6b0000, 0x00007f21c8600000)
   the space 3173760K,  99% used [0x00007f171db50000, 0x00007f17df695ae0, 0x00007f17df695c00, 0x00007f17df6b0000)
 Metaspace       used 30895K, capacity 31314K, committed 31488K, reserved 32768K
}
Event: 19.070 GC heap before
{Heap before GC invocations=8 (full 2):
 def new generation   total 1129344K, used 125439K [0x00007f11c8600000, 0x00007f1214f60000, 0x00007f171db50000)
  eden space 1003904K,   0% used [0x00007f11c8600000, 0x00007f11c8600000, 0x00007f1205a60000)
  from space 125440K,  99% used [0x00007f120d4e0000, 0x00007f1214f5ff90, 0x00007f1214f60000)
  to   space 125440K,   0% used [0x00007f1205a60000, 0x00007f1205a60000, 0x00007f120d4e0000)
 tenured generation   total 3173760K, used 3173654K [0x00007f171db50000, 0x00007f17df6b0000, 0x00007f21c8600000)
   the space 3173760K,  99% used [0x00007f171db50000, 0x00007f17df695ae0, 0x00007f17df695c00, 0x00007f17df6b0000)
 Metaspace       used 30895K, capacity 31314K, committed 31488K, reserved 32768K
}
Event: 20.327 GC heap after
{Heap after GC invocations=8 (full 3):
 def new generation   total 2380288K, used 125439K [0x00007f11c8600000, 0x00007f1269cc0000, 0x00007f171db50000)
  eden space 2115840K,   5% used [0x00007f11c8600000, 0x00007f11d007ff90, 0x00007f1249840000)
  from space 264448K,   0% used [0x00007f1249840000, 0x00007f1249840000, 0x00007f1259a80000)
  to   space 264448K,   0% used [0x00007f1259a80000, 0x00007f1259a80000, 0x00007f1269cc0000)
 tenured generation   total 5289428K, used 3173654K [0x00007f171db50000, 0x00007f18608c5000, 0x00007f21c8600000)
   the space 5289428K,  59% used [0x00007f171db50000, 0x00007f17df695ae0, 0x00007f17df695c00, 0x00007f18608c5000)
 Metaspace       used 30895K, capacity 31314K, committed 31488K, reserved 32768K
}
Event: 23.131 GC heap before
{Heap before GC invocations=8 (full 3):
 def new generation   total 2380288K, used 2115840K [0x00007f11c8600000, 0x00007f1269cc0000, 0x00007f171db50000)
  eden space 2115840K, 100% used [0x00007f11c8600000, 0x00007f1249840000, 0x00007f1249840000)
  from space 264448K,   0% used [0x00007f1249840000, 0x00007f1249840000, 0x00007f1259a80000)
  to   space 264448K,   0% used [0x00007f1259a80000, 0x00007f1259a80000, 0x00007f1269cc0000)
 tenured generation   total 5289428K, used 3173654K [0x00007f171db50000, 0x00007f18608c5000, 0x00007f21c8600000)
   the space 5289428K,  59% used [0x00007f171db50000, 0x00007f17df695ae0, 0x00007f17df695c00, 0x00007f18608c5000)
 Metaspace       used 30895K, capacity 31314K, committed 31488K, reserved 32768K
}
Event: 25.881 GC heap after
{Heap after GC invocations=9 (full 3):
 def new generation   total 2380288K, used 264447K [0x00007f11c8600000, 0x00007f1269cc0000, 0x00007f171db50000)
  eden space 2115840K,   0% used [0x00007f11c8600000, 0x00007f11c8600000, 0x00007f1249840000)
  from space 264448K,  99% used [0x00007f1259a80000, 0x00007f1269cbfef0, 0x00007f1269cc0000)
  to   space 264448K,   0% used [0x00007f1249840000, 0x00007f1249840000, 0x00007f1259a80000)
 tenured generation   total 5289428K, used 4619050K [0x00007f171db50000, 0x00007f18608c5000, 0x00007f21c8600000)
   the space 5289428K,  87% used [0x00007f171db50000, 0x00007f1837a1a988, 0x00007f1837a1aa00, 0x00007f18608c5000)
 Metaspace       used 30895K, capacity 31314K, committed 31488K, reserved 32768K
}
Event: 29.190 GC heap before
{Heap before GC invocations=9 (full 3):
 def new generation   total 2380288K, used 1085652K [0x00007f11c8600000, 0x00007f1269cc0000, 0x00007f171db50000)
  eden space 2115840K,  38% used [0x00007f11c8600000, 0x00007f11fa7f51a8, 0x00007f1249840000)
  from space 264448K,  99% used [0x00007f1259a80000, 0x00007f1269cbfef0, 0x00007f1269cc0000)
  to   space 264448K,   0% used [0x00007f1249840000, 0x00007f1249840000, 0x00007f1259a80000)
 tenured generation   total 5289428K, used 4619050K [0x00007f171db50000, 0x00007f18608c5000, 0x00007f21c8600000)
   the space 5289428K,  87% used [0x00007f171db50000, 0x00007f1837a1a988, 0x00007f1837a1aa00, 0x00007f18608c5000)
 Metaspace       used 30895K, capacity 31314K, committed 31488K, reserved 32768K
}
Event: 29.602 GC heap after
{Heap after GC invocations=10 (full 3):
 def new generation   total 2380288K, used 222K [0x00007f11c8600000, 0x00007f1269cc0000, 0x00007f171db50000)
  eden space 2115840K,   0% used [0x00007f11c8600000, 0x00007f11c8600000, 0x00007f1249840000)
  from space 264448K,   0% used [0x00007f1249840000, 0x00007f12498778a0, 0x00007f1259a80000)
  to   space 264448K,   0% used [0x00007f1259a80000, 0x00007f1259a80000, 0x00007f1269cc0000)
 tenured generation   total 5289428K, used 4883497K [0x00007f171db50000, 0x00007f18608c5000, 0x00007f21c8600000)
   the space 5289428K,  92% used [0x00007f171db50000, 0x00007f1847c5a558, 0x00007f1847c5a600, 0x00007f18608c5000)
 Metaspace       used 30895K, capacity 31314K, committed 31488K, reserved 32768K
}
Event: 29.602 GC heap before
{Heap before GC invocations=10 (full 3):
 def new generation   total 2380288K, used 222K [0x00007f11c8600000, 0x00007f1269cc0000, 0x00007f171db50000)
  eden space 2115840K,   0% used [0x00007f11c8600000, 0x00007f11c8600000, 0x00007f1249840000)
  from space 264448K,   0% used [0x00007f1249840000, 0x00007f12498778a0, 0x00007f1259a80000)
  to   space 264448K,   0% used [0x00007f1259a80000, 0x00007f1259a80000, 0x00007f1269cc0000)
 tenured generation   total 5289428K, used 4883497K [0x00007f171db50000, 0x00007f18608c5000, 0x00007f21c8600000)
   the space 5289428K,  92% used [0x00007f171db50000, 0x00007f1847c5a558, 0x00007f1847c5a600, 0x00007f18608c5000)
 Metaspace       used 30895K, capacity 31314K, committed 31488K, reserved 32768K
}
Event: 34.798 GC heap after
{Heap after GC invocations=10 (full 4):
 def new generation   total 3658752K, used 0K [0x00007f11c8600000, 0x00007f12c0800000, 0x00007f171db50000)
  eden space 3252224K,   0% used [0x00007f11c8600000, 0x00007f11c8600000, 0x00007f128ee00000)
  from space 406528K,   0% used [0x00007f128ee00000, 0x00007f128ee00000, 0x00007f12a7b00000)
  to   space 406528K,   0% used [0x00007f12a7b00000, 0x00007f12a7b00000, 0x00007f12c0800000)
 tenured generation   total 8130496K, used 4878296K [0x00007f171db50000, 0x00007f190df40000, 0x00007f21c8600000)
   the space 8130496K,  59% used [0x00007f171db50000, 0x00007f18477460e8, 0x00007f1847746200, 0x00007f190df40000)
 Metaspace       used 30895K, capacity 31314K, committed 31488K, reserved 32768K
}
Event: 39.176 GC heap before
{Heap before GC invocations=10 (full 4):
 def new generation   total 3658752K, used 3252224K [0x00007f11c8600000, 0x00007f12c0800000, 0x00007f171db50000)
  eden space 3252224K, 100% used [0x00007f11c8600000, 0x00007f128ee00000, 0x00007f128ee00000)
  from space 406528K,   0% used [0x00007f128ee00000, 0x00007f128ee00000, 0x00007f12a7b00000)
  to   space 406528K,   0% used [0x00007f12a7b00000, 0x00007f12a7b00000, 0x00007f12c0800000)
 tenured generation   total 12074948K, used 8822744K [0x00007f171db50000, 0x00007f19feb41000, 0x00007f21c8600000)
   the space 12074948K,  73% used [0x00007f171db50000, 0x00007f1938346100, 0x00007f1938346200, 0x00007f19feb41000)
 Metaspace       used 30895K, capacity 31314K, committed 31488K, reserved 32768K
}
Event: 43.667 GC heap after
{Heap after GC invocations=11 (full 4):
 def new generation   total 3658752K, used 406527K [0x00007f11c8600000, 0x00007f12c0800000, 0x00007f171db50000)
  eden space 3252224K,   0% used [0x00007f11c8600000, 0x00007f11c8600000, 0x00007f128ee00000)
  from space 406528K,  99% used [0x00007f12a7b00000, 0x00007f12c07fff30, 0x00007f12c0800000)
  to   space 406528K,   0% used [0x00007f128ee00000, 0x00007f128ee00000, 0x00007f12a7b00000)
 tenured generation   total 12074948K, used 11668408K [0x00007f171db50000, 0x00007f19feb41000, 0x00007f21c8600000)
   the space 12074948K,  96% used [0x00007f171db50000, 0x00007f19e5e3e080, 0x00007f19e5e3e200, 0x00007f19feb41000)
 Metaspace       used 30895K, capacity 31314K, committed 31488K, reserved 32768K
}
Event: 45.083 GC heap before
{Heap before GC invocations=11 (full 4):
 def new generation   total 3658752K, used 3658751K [0x00007f11c8600000, 0x00007f12c0800000, 0x00007f171db50000)
  eden space 3252224K, 100% used [0x00007f11c8600000, 0x00007f128ee00000, 0x00007f128ee00000)
  from space 406528K,  99% used [0x00007f12a7b00000, 0x00007f12c07fff30, 0x00007f12c0800000)
  to   space 406528K,   0% used [0x00007f128ee00000, 0x00007f128ee00000, 0x00007f12a7b00000)
 tenured generation   total 12074948K, used 11668408K [0x00007f171db50000, 0x00007f19feb41000, 0x00007f21c8600000)
   the space 12074948K,  96% used [0x00007f171db50000, 0x00007f19e5e3e080, 0x00007f19e5e3e200, 0x00007f19feb41000)
 Metaspace       used 30895K, capacity 31314K, committed 31488K, reserved 32768K
}
Event: 50.212 GC heap after
{Heap after GC invocations=12 (full 4):
 def new generation   total 3658752K, used 406527K [0x00007f11c8600000, 0x00007f12c0800000, 0x00007f171db50000)
  eden space 3252224K,   0% used [0x00007f11c8600000, 0x00007f11c8600000, 0x00007f128ee00000)
  from space 406528K,  99% used [0x00007f128ee00000, 0x00007f12a7afff30, 0x00007f12a7b00000)
  to   space 406528K,   0% used [0x00007f12a7b00000, 0x00007f12a7b00000, 0x00007f12c0800000)
 tenured generation   total 14920580K, used 14920571K [0x00007f171db50000, 0x00007f1aac631000, 0x00007f21c8600000)
   the space 14920580K,  99% used [0x00007f171db50000, 0x00007f1aac62ec90, 0x00007f1aac62ee00, 0x00007f1aac631000)
 Metaspace       used 30895K, capacity 31314K, committed 31488K, reserved 32768K
}
Event: 50.212 GC heap before
{Heap before GC invocations=12 (full 4):
 def new generation   total 3658752K, used 406527K [0x00007f11c8600000, 0x00007f12c0800000, 0x00007f171db50000)
  eden space 3252224K,   0% used [0x00007f11c8600000, 0x00007f11c8600000, 0x00007f128ee00000)
  from space 406528K,  99% used [0x00007f128ee00000, 0x00007f12a7afff30, 0x00007f12a7b00000)
  to   space 406528K,   0% used [0x00007f12a7b00000, 0x00007f12a7b00000, 0x00007f12c0800000)
 tenured generation   total 14920580K, used 14920571K [0x00007f171db50000, 0x00007f1aac631000, 0x00007f21c8600000)
   the space 14920580K,  99% used [0x00007f171db50000, 0x00007f1aac62ec90, 0x00007f1aac62ee00, 0x00007f1aac631000)
 Metaspace       used 30895K, capacity 31314K, committed 31488K, reserved 32768K
}

