# JRE version: OpenJDK Runtime Environment (13.0.7+5) (build 13.0.7+5-Ubuntu-0ubuntu120.04)
# Java VM: OpenJDK 64-Bit Server VM (13.0.7+5-Ubuntu-0ubuntu120.04, mixed mode, tiered, serial gc, linux-amd64)
Heap:
 def new generation   total 1304256K, used 0K [0x00007ef3a0600000, 0x00007ef3f8d30000, 0x00007ef8f5b50000)
  eden space 1159360K,   0% used [0x00007ef3a0600000, 0x00007ef3a0600000, 0x00007ef3e7230000)
  from space 144896K,   0% used [0x00007ef3e7230000, 0x00007ef3e7230000, 0x00007ef3effb0000)
  to   space 144896K,   0% used [0x00007ef3effb0000, 0x00007ef3effb0000, 0x00007ef3f8d30000)
 tenured generation   total 2898172K, used 405006K [0x00007ef8f5b50000, 0x00007ef9a698f000, 0x00007f03a0600000)
   the space 2898172K,  13% used [0x00007ef8f5b50000, 0x00007ef90e6d39b0, 0x00007ef90e6d3a00, 0x00007ef9a698f000)
 Metaspace       used 31090K, capacity 31542K, committed 31744K, reserved 32768K
GC Heap History (20 events):
Event: 433.713 GC heap before
{Heap before GC invocations=371 (full 137):
 def new generation   total 1304256K, used 1071458K [0x00007ef3a0600000, 0x00007ef3f8d30000, 0x00007ef8f5b50000)
  eden space 1159360K,  92% used [0x00007ef3a0600000, 0x00007ef3e1c589d0, 0x00007ef3e7230000)
  from space 144896K,   0% used [0x00007ef3effb0000, 0x00007ef3effb0000, 0x00007ef3f8d30000)
  to   space 144896K,   0% used [0x00007ef3e7230000, 0x00007ef3e7230000, 0x00007ef3effb0000)
 tenured generation   total 2898172K, used 2115001K [0x00007ef8f5b50000, 0x00007ef9a698f000, 0x00007f03a0600000)
   the space 2898172K,  72% used [0x00007ef8f5b50000, 0x00007ef976cbe740, 0x00007ef976cbe800, 0x00007ef9a698f000)
 Metaspace       used 31052K, capacity 31469K, committed 31488K, reserved 32768K
}
Event: 434.226 GC heap after
{Heap after GC invocations=372 (full 137):
 def new generation   total 1304256K, used 0K [0x00007ef3a0600000, 0x00007ef3f8d30000, 0x00007ef8f5b50000)
  eden space 1159360K,   0% used [0x00007ef3a0600000, 0x00007ef3a0600000, 0x00007ef3e7230000)
  from space 144896K,   0% used [0x00007ef3e7230000, 0x00007ef3e7230308, 0x00007ef3effb0000)
  to   space 144896K,   0% used [0x00007ef3effb0000, 0x00007ef3effb0000, 0x00007ef3f8d30000)
 tenured generation   total 3946752K, used 3163577K [0x00007ef8f5b50000, 0x00007ef9e6990000, 0x00007f03a0600000)
   the space 3946752K,  80% used [0x00007ef8f5b50000, 0x00007ef9b6cbe758, 0x00007ef9b6cbe800, 0x00007ef9e6990000)
 Metaspace       used 31052K, capacity 31469K, committed 31488K, reserved 32768K
}
Event: 434.226 GC heap before
{Heap before GC invocations=372 (full 137):
 def new generation   total 1304256K, used 0K [0x00007ef3a0600000, 0x00007ef3f8d30000, 0x00007ef8f5b50000)
  eden space 1159360K,   0% used [0x00007ef3a0600000, 0x00007ef3a0600000, 0x00007ef3e7230000)
  from space 144896K,   0% used [0x00007ef3e7230000, 0x00007ef3e7230308, 0x00007ef3effb0000)
  to   space 144896K,   0% used [0x00007ef3effb0000, 0x00007ef3effb0000, 0x00007ef3f8d30000)
 tenured generation   total 3946752K, used 3163577K [0x00007ef8f5b50000, 0x00007ef9e6990000, 0x00007f03a0600000)
   the space 3946752K,  80% used [0x00007ef8f5b50000, 0x00007ef9b6cbe758, 0x00007ef9b6cbe800, 0x00007ef9e6990000)
 Metaspace       used 31052K, capacity 31469K, committed 31488K, reserved 32768K
}
Event: 434.554 GC heap after
{Heap after GC invocations=372 (full 138):
 def new generation   total 1304256K, used 0K [0x00007ef3a0600000, 0x00007ef3f8d30000, 0x00007ef8f5b50000)
  eden space 1159360K,   0% used [0x00007ef3a0600000, 0x00007ef3a0600000, 0x00007ef3e7230000)
  from space 144896K,   0% used [0x00007ef3e7230000, 0x00007ef3e7230000, 0x00007ef3effb0000)
  to   space 144896K,   0% used [0x00007ef3effb0000, 0x00007ef3effb0000, 0x00007ef3f8d30000)
 tenured generation   total 2898172K, used 1066426K [0x00007ef8f5b50000, 0x00007ef9a698f000, 0x00007f03a0600000)
   the space 2898172K,  36% used [0x00007ef8f5b50000, 0x00007ef936cbe9e0, 0x00007ef936cbea00, 0x00007ef9a698f000)
 Metaspace       used 31052K, capacity 31469K, committed 31488K, reserved 32768K
}
Event: 435.113 GC heap before
{Heap before GC invocations=372 (full 138):
 def new generation   total 1304256K, used 1071565K [0x00007ef3a0600000, 0x00007ef3f8d30000, 0x00007ef8f5b50000)
  eden space 1159360K,  92% used [0x00007ef3a0600000, 0x00007ef3e1c734a0, 0x00007ef3e7230000)
  from space 144896K,   0% used [0x00007ef3e7230000, 0x00007ef3e7230000, 0x00007ef3effb0000)
  to   space 144896K,   0% used [0x00007ef3effb0000, 0x00007ef3effb0000, 0x00007ef3f8d30000)
 tenured generation   total 2898172K, used 1066426K [0x00007ef8f5b50000, 0x00007ef9a698f000, 0x00007f03a0600000)
   the space 2898172K,  36% used [0x00007ef8f5b50000, 0x00007ef936cbe9e0, 0x00007ef936cbea00, 0x00007ef9a698f000)
 Metaspace       used 31052K, capacity 31469K, committed 31488K, reserved 32768K
}
Event: 435.219 GC heap after
{Heap after GC invocations=373 (full 138):
 def new generation   total 1304256K, used 0K [0x00007ef3a0600000, 0x00007ef3f8d30000, 0x00007ef8f5b50000)
  eden space 1159360K,   0% used [0x00007ef3a0600000, 0x00007ef3a0600000, 0x00007ef3e7230000)
  from space 144896K,   0% used [0x00007ef3effb0000, 0x00007ef3effb02f8, 0x00007ef3f8d30000)
  to   space 144896K,   0% used [0x00007ef3e7230000, 0x00007ef3e7230000, 0x00007ef3effb0000)
 tenured generation   total 2898172K, used 2115002K [0x00007ef8f5b50000, 0x00007ef9a698f000, 0x00007f03a0600000)
   the space 2898172K,  72% used [0x00007ef8f5b50000, 0x00007ef976cbea10, 0x00007ef976cbec00, 0x00007ef9a698f000)
 Metaspace       used 31052K, capacity 31469K, committed 31488K, reserved 32768K
}
Event: 435.722 GC heap before
{Heap before GC invocations=373 (full 138):
 def new generation   total 1304256K, used 832202K [0x00007ef3a0600000, 0x00007ef3f8d30000, 0x00007ef8f5b50000)
  eden space 1159360K,  71% used [0x00007ef3a0600000, 0x00007ef3d32b2780, 0x00007ef3e7230000)
  from space 144896K,   0% used [0x00007ef3effb0000, 0x00007ef3effb02f8, 0x00007ef3f8d30000)
  to   space 144896K,   0% used [0x00007ef3e7230000, 0x00007ef3e7230000, 0x00007ef3effb0000)
 tenured generation   total 2898172K, used 2115002K [0x00007ef8f5b50000, 0x00007ef9a698f000, 0x00007f03a0600000)
   the space 2898172K,  72% used [0x00007ef8f5b50000, 0x00007ef976cbea10, 0x00007ef976cbec00, 0x00007ef9a698f000)
 Metaspace       used 31052K, capacity 31469K, committed 31488K, reserved 32768K
}
Event: 435.734 GC heap after
{Heap after GC invocations=374 (full 138):
 def new generation   total 1304256K, used 98887K [0x00007ef3a0600000, 0x00007ef3f8d30000, 0x00007ef8f5b50000)
  eden space 1159360K,   0% used [0x00007ef3a0600000, 0x00007ef3a0600000, 0x00007ef3e7230000)
  from space 144896K,  68% used [0x00007ef3e7230000, 0x00007ef3ed2c1d88, 0x00007ef3effb0000)
  to   space 144896K,   0% used [0x00007ef3effb0000, 0x00007ef3effb0000, 0x00007ef3f8d30000)
 tenured generation   total 2898172K, used 2115002K [0x00007ef8f5b50000, 0x00007ef9a698f000, 0x00007f03a0600000)
   the space 2898172K,  72% used [0x00007ef8f5b50000, 0x00007ef976cbea10, 0x00007ef976cbec00, 0x00007ef9a698f000)
 Metaspace       used 31052K, capacity 31469K, committed 31488K, reserved 32768K
}
Event: 436.088 GC heap before
{Heap before GC invocations=374 (full 138):
 def new generation   total 1304256K, used 1170230K [0x00007ef3a0600000, 0x00007ef3f8d30000, 0x00007ef8f5b50000)
  eden space 1159360K,  92% used [0x00007ef3a0600000, 0x00007ef3e1c3bce8, 0x00007ef3e7230000)
  from space 144896K,  68% used [0x00007ef3e7230000, 0x00007ef3ed2c1d88, 0x00007ef3effb0000)
  to   space 144896K,   0% used [0x00007ef3effb0000, 0x00007ef3effb0000, 0x00007ef3f8d30000)
 tenured generation   total 2898172K, used 2115002K [0x00007ef8f5b50000, 0x00007ef9a698f000, 0x00007f03a0600000)
   the space 2898172K,  72% used [0x00007ef8f5b50000, 0x00007ef976cbea10, 0x00007ef976cbec00, 0x00007ef9a698f000)
 Metaspace       used 31052K, capacity 31469K, committed 31488K, reserved 32768K
}
Event: 436.408 GC heap after
{Heap after GC invocations=375 (full 138):
 def new generation   total 1304256K, used 0K [0x00007ef3a0600000, 0x00007ef3f8d30000, 0x00007ef8f5b50000)
  eden space 1159360K,   0% used [0x00007ef3a0600000, 0x00007ef3a0600000, 0x00007ef3e7230000)
  from space 144896K,   0% used [0x00007ef3effb0000, 0x00007ef3effb02f8, 0x00007ef3f8d30000)
  to   space 144896K,   0% used [0x00007ef3e7230000, 0x00007ef3e7230000, 0x00007ef3effb0000)
 tenured generation   total 3422464K, used 3262080K [0x00007ef8f5b50000, 0x00007ef9c6990000, 0x00007f03a0600000)
   the space 3422464K,  95% used [0x00007ef8f5b50000, 0x00007ef9bccf0330, 0x00007ef9bccf0400, 0x00007ef9c6990000)
 Metaspace       used 31052K, capacity 31469K, committed 31488K, reserved 32768K
}
Event: 436.408 GC heap before
{Heap before GC invocations=375 (full 138):
 def new generation   total 1304256K, used 0K [0x00007ef3a0600000, 0x00007ef3f8d30000, 0x00007ef8f5b50000)
  eden space 1159360K,   0% used [0x00007ef3a0600000, 0x00007ef3a0600000, 0x00007ef3e7230000)
  from space 144896K,   0% used [0x00007ef3effb0000, 0x00007ef3effb02f8, 0x00007ef3f8d30000)
  to   space 144896K,   0% used [0x00007ef3e7230000, 0x00007ef3e7230000, 0x00007ef3effb0000)
 tenured generation   total 3422464K, used 3262080K [0x00007ef8f5b50000, 0x00007ef9c6990000, 0x00007f03a0600000)
   the space 3422464K,  95% used [0x00007ef8f5b50000, 0x00007ef9bccf0330, 0x00007ef9bccf0400, 0x00007ef9c6990000)
 Metaspace       used 31052K, capacity 31469K, committed 31488K, reserved 32768K
}
Event: 436.623 GC heap after
{Heap after GC invocations=375 (full 139):
 def new generation   total 1304256K, used 0K [0x00007ef3a0600000, 0x00007ef3f8d30000, 0x00007ef8f5b50000)
  eden space 1159360K,   0% used [0x00007ef3a0600000, 0x00007ef3a0600000, 0x00007ef3e7230000)
  from space 144896K,   0% used [0x00007ef3effb0000, 0x00007ef3effb0000, 0x00007ef3f8d30000)
  to   space 144896K,   0% used [0x00007ef3e7230000, 0x00007ef3e7230000, 0x00007ef3effb0000)
 tenured generation   total 2898172K, used 1066484K [0x00007ef8f5b50000, 0x00007ef9a698f000, 0x00007f03a0600000)
   the space 2898172K,  36% used [0x00007ef8f5b50000, 0x00007ef936ccd3e0, 0x00007ef936ccd400, 0x00007ef9a698f000)
 Metaspace       used 31052K, capacity 31469K, committed 31488K, reserved 32768K
}
Event: 437.329 GC heap before
{Heap before GC invocations=375 (full 139):
 def new generation   total 1304256K, used 1159360K [0x00007ef3a0600000, 0x00007ef3f8d30000, 0x00007ef8f5b50000)
  eden space 1159360K, 100% used [0x00007ef3a0600000, 0x00007ef3e7230000, 0x00007ef3e7230000)
  from space 144896K,   0% used [0x00007ef3effb0000, 0x00007ef3effb0000, 0x00007ef3f8d30000)
  to   space 144896K,   0% used [0x00007ef3e7230000, 0x00007ef3e7230000, 0x00007ef3effb0000)
 tenured generation   total 2898172K, used 1066484K [0x00007ef8f5b50000, 0x00007ef9a698f000, 0x00007f03a0600000)
   the space 2898172K,  36% used [0x00007ef8f5b50000, 0x00007ef936ccd3e0, 0x00007ef936ccd400, 0x00007ef9a698f000)
 Metaspace       used 31052K, capacity 31469K, committed 31488K, reserved 32768K
}
Event: 437.343 GC heap after
{Heap after GC invocations=376 (full 139):
 def new generation   total 1304256K, used 100906K [0x00007ef3a0600000, 0x00007ef3f8d30000, 0x00007ef8f5b50000)
  eden space 1159360K,   0% used [0x00007ef3a0600000, 0x00007ef3a0600000, 0x00007ef3e7230000)
  from space 144896K,  69% used [0x00007ef3e7230000, 0x00007ef3ed4baa30, 0x00007ef3effb0000)
  to   space 144896K,   0% used [0x00007ef3effb0000, 0x00007ef3effb0000, 0x00007ef3f8d30000)
 tenured generation   total 2898172K, used 1066484K [0x00007ef8f5b50000, 0x00007ef9a698f000, 0x00007f03a0600000)
   the space 2898172K,  36% used [0x00007ef8f5b50000, 0x00007ef936ccd3e0, 0x00007ef936ccd400, 0x00007ef9a698f000)
 Metaspace       used 31052K, capacity 31469K, committed 31488K, reserved 32768K
}
Event: 438.293 GC heap before
{Heap before GC invocations=376 (full 139):
 def new generation   total 1304256K, used 1164162K [0x00007ef3a0600000, 0x00007ef3f8d30000, 0x00007ef8f5b50000)
  eden space 1159360K,  91% used [0x00007ef3a0600000, 0x00007ef3e1455f08, 0x00007ef3e7230000)
  from space 144896K,  69% used [0x00007ef3e7230000, 0x00007ef3ed4baa30, 0x00007ef3effb0000)
  to   space 144896K,   0% used [0x00007ef3effb0000, 0x00007ef3effb0000, 0x00007ef3f8d30000)
 tenured generation   total 2898172K, used 1066484K [0x00007ef8f5b50000, 0x00007ef9a698f000, 0x00007f03a0600000)
   the space 2898172K,  36% used [0x00007ef8f5b50000, 0x00007ef936ccd3e0, 0x00007ef936ccd400, 0x00007ef9a698f000)
 Metaspace       used 31090K, capacity 31542K, committed 31744K, reserved 32768K
}
Event: 438.327 GC heap after
{Heap after GC invocations=377 (full 139):
 def new generation   total 1304256K, used 99114K [0x00007ef3a0600000, 0x00007ef3f8d30000, 0x00007ef8f5b50000)
  eden space 1159360K,   0% used [0x00007ef3a0600000, 0x00007ef3a0600000, 0x00007ef3e7230000)
  from space 144896K,  68% used [0x00007ef3effb0000, 0x00007ef3f607abe8, 0x00007ef3f8d30000)
  to   space 144896K,   0% used [0x00007ef3e7230000, 0x00007ef3e7230000, 0x00007ef3effb0000)
 tenured generation   total 2898172K, used 1167383K [0x00007ef8f5b50000, 0x00007ef9a698f000, 0x00007f03a0600000)
   the space 2898172K,  40% used [0x00007ef8f5b50000, 0x00007ef93cf55fa0, 0x00007ef93cf56000, 0x00007ef9a698f000)
 Metaspace       used 31090K, capacity 31542K, committed 31744K, reserved 32768K
}
Event: 438.718 GC heap before
{Heap before GC invocations=377 (full 139):
 def new generation   total 1304256K, used 1006495K [0x00007ef3a0600000, 0x00007ef3f8d30000, 0x00007ef8f5b50000)
  eden space 1159360K,  78% used [0x00007ef3a0600000, 0x00007ef3d7c1d190, 0x00007ef3e7230000)
  from space 144896K,  68% used [0x00007ef3effb0000, 0x00007ef3f607abe8, 0x00007ef3f8d30000)
  to   space 144896K,   0% used [0x00007ef3e7230000, 0x00007ef3e7230000, 0x00007ef3effb0000)
 tenured generation   total 2898172K, used 1167383K [0x00007ef8f5b50000, 0x00007ef9a698f000, 0x00007f03a0600000)
   the space 2898172K,  40% used [0x00007ef8f5b50000, 0x00007ef93cf55fa0, 0x00007ef93cf56000, 0x00007ef9a698f000)
 Metaspace       used 31090K, capacity 31542K, committed 31744K, reserved 32768K
}
Event: 438.756 GC heap after
{Heap after GC invocations=378 (full 139):
 def new generation   total 1304256K, used 9K [0x00007ef3a0600000, 0x00007ef3f8d30000, 0x00007ef8f5b50000)
  eden space 1159360K,   0% used [0x00007ef3a0600000, 0x00007ef3a0600000, 0x00007ef3e7230000)
  from space 144896K,   0% used [0x00007ef3e7230000, 0x00007ef3e72326f0, 0x00007ef3effb0000)
  to   space 144896K,   0% used [0x00007ef3effb0000, 0x00007ef3effb0000, 0x00007ef3f8d30000)
 tenured generation   total 2898172K, used 1561410K [0x00007ef8f5b50000, 0x00007ef9a698f000, 0x00007f03a0600000)
   the space 2898172K,  53% used [0x00007ef8f5b50000, 0x00007ef955020888, 0x00007ef955020a00, 0x00007ef9a698f000)
 Metaspace       used 31090K, capacity 31542K, committed 31744K, reserved 32768K
}
Event: 438.756 GC heap before
{Heap before GC invocations=378 (full 139):
 def new generation   total 1304256K, used 9K [0x00007ef3a0600000, 0x00007ef3f8d30000, 0x00007ef8f5b50000)
  eden space 1159360K,   0% used [0x00007ef3a0600000, 0x00007ef3a0600000, 0x00007ef3e7230000)
  from space 144896K,   0% used [0x00007ef3e7230000, 0x00007ef3e72326f0, 0x00007ef3effb0000)
  to   space 144896K,   0% used [0x00007ef3effb0000, 0x00007ef3effb0000, 0x00007ef3f8d30000)
 tenured generation   total 2898172K, used 1561410K [0x00007ef8f5b50000, 0x00007ef9a698f000, 0x00007f03a0600000)
   the space 2898172K,  53% used [0x00007ef8f5b50000, 0x00007ef955020888, 0x00007ef955020a00, 0x00007ef9a698f000)
 Metaspace       used 31090K, capacity 31542K, committed 31744K, reserved 32768K
}
Event: 438.817 GC heap after
{Heap after GC invocations=378 (full 140):
 def new generation   total 1304256K, used 0K [0x00007ef3a0600000, 0x00007ef3f8d30000, 0x00007ef8f5b50000)
  eden space 1159360K,   0% used [0x00007ef3a0600000, 0x00007ef3a0600000, 0x00007ef3e7230000)
  from space 144896K,   0% used [0x00007ef3e7230000, 0x00007ef3e7230000, 0x00007ef3effb0000)
  to   space 144896K,   0% used [0x00007ef3effb0000, 0x00007ef3effb0000, 0x00007ef3f8d30000)
 tenured generation   total 2898172K, used 405006K [0x00007ef8f5b50000, 0x00007ef9a698f000, 0x00007f03a0600000)
   the space 2898172K,  13% used [0x00007ef8f5b50000, 0x00007ef90e6d39b0, 0x00007ef90e6d3a00, 0x00007ef9a698f000)
 Metaspace       used 31090K, capacity 31542K, committed 31744K, reserved 32768K
}

