# JRE version: OpenJDK Runtime Environment (13.0.7+5) (build 13.0.7+5-Ubuntu-0ubuntu120.04)
# Java VM: OpenJDK 64-Bit Server VM (13.0.7+5-Ubuntu-0ubuntu120.04, mixed mode, tiered, serial gc, linux-amd64)
Heap:
 def new generation   total 3740672K, used 0K [0x00007f2e3c600000, 0x00007f2f3a0e0000, 0x00007f3391b50000)
  eden space 3325056K,   0% used [0x00007f2e3c600000, 0x00007f2e3c600000, 0x00007f2f07520000)
  from space 415616K,   0% used [0x00007f2f07520000, 0x00007f2f07520000, 0x00007f2f20b00000)
  to   space 415616K,   0% used [0x00007f2f20b00000, 0x00007f2f20b00000, 0x00007f2f3a0e0000)
 tenured generation   total 8714564K, used 8698537K [0x00007f3391b50000, 0x00007f35a59a1000, 0x00007f3e3c600000)
   the space 8714564K,  99% used [0x00007f3391b50000, 0x00007f35a49fa6c8, 0x00007f35a49fa800, 0x00007f35a59a1000)
 Metaspace       used 30417K, capacity 30849K, committed 31232K, reserved 32768K
GC Heap History (20 events):
Event: 204.469 GC heap after
{Heap after GC invocations=78 (full 8):
 def new generation   total 3740672K, used 239978K [0x00007f2e3c600000, 0x00007f2f3a0e0000, 0x00007f3391b50000)
  eden space 3325056K,   0% used [0x00007f2e3c600000, 0x00007f2e3c600000, 0x00007f2f07520000)
  from space 415616K,  57% used [0x00007f2f20b00000, 0x00007f2f2f55a8d8, 0x00007f2f3a0e0000)
  to   space 415616K,   0% used [0x00007f2f07520000, 0x00007f2f07520000, 0x00007f2f20b00000)
 tenured generation   total 8312516K, used 5950029K [0x00007f3391b50000, 0x00007f358d101000, 0x00007f3e3c600000)
   the space 8312516K,  71% used [0x00007f3391b50000, 0x00007f34fcde35c0, 0x00007f34fcde3600, 0x00007f358d101000)
 Metaspace       used 30417K, capacity 30849K, committed 31232K, reserved 32768K
}
Event: 205.591 GC heap before
{Heap before GC invocations=78 (full 8):
 def new generation   total 3740672K, used 3565034K [0x00007f2e3c600000, 0x00007f2f3a0e0000, 0x00007f3391b50000)
  eden space 3325056K, 100% used [0x00007f2e3c600000, 0x00007f2f07520000, 0x00007f2f07520000)
  from space 415616K,  57% used [0x00007f2f20b00000, 0x00007f2f2f55a8d8, 0x00007f2f3a0e0000)
  to   space 415616K,   0% used [0x00007f2f07520000, 0x00007f2f07520000, 0x00007f2f20b00000)
 tenured generation   total 8312516K, used 5950029K [0x00007f3391b50000, 0x00007f358d101000, 0x00007f3e3c600000)
   the space 8312516K,  71% used [0x00007f3391b50000, 0x00007f34fcde35c0, 0x00007f34fcde3600, 0x00007f358d101000)
 Metaspace       used 30417K, capacity 30849K, committed 31232K, reserved 32768K
}
Event: 206.363 GC heap after
{Heap after GC invocations=79 (full 8):
 def new generation   total 3740672K, used 240337K [0x00007f2e3c600000, 0x00007f2f3a0e0000, 0x00007f3391b50000)
  eden space 3325056K,   0% used [0x00007f2e3c600000, 0x00007f2e3c600000, 0x00007f2f07520000)
  from space 415616K,  57% used [0x00007f2f07520000, 0x00007f2f15fd4460, 0x00007f2f20b00000)
  to   space 415616K,   0% used [0x00007f2f20b00000, 0x00007f2f20b00000, 0x00007f2f3a0e0000)
 tenured generation   total 8312516K, used 6190006K [0x00007f3391b50000, 0x00007f358d101000, 0x00007f3e3c600000)
   the space 8312516K,  74% used [0x00007f3391b50000, 0x00007f350b83d9d8, 0x00007f350b83da00, 0x00007f358d101000)
 Metaspace       used 30417K, capacity 30849K, committed 31232K, reserved 32768K
}
Event: 207.446 GC heap before
{Heap before GC invocations=79 (full 8):
 def new generation   total 3740672K, used 3565393K [0x00007f2e3c600000, 0x00007f2f3a0e0000, 0x00007f3391b50000)
  eden space 3325056K, 100% used [0x00007f2e3c600000, 0x00007f2f07520000, 0x00007f2f07520000)
  from space 415616K,  57% used [0x00007f2f07520000, 0x00007f2f15fd4460, 0x00007f2f20b00000)
  to   space 415616K,   0% used [0x00007f2f20b00000, 0x00007f2f20b00000, 0x00007f2f3a0e0000)
 tenured generation   total 8312516K, used 6190006K [0x00007f3391b50000, 0x00007f358d101000, 0x00007f3e3c600000)
   the space 8312516K,  74% used [0x00007f3391b50000, 0x00007f350b83d9d8, 0x00007f350b83da00, 0x00007f358d101000)
 Metaspace       used 30417K, capacity 30849K, committed 31232K, reserved 32768K
}
Event: 208.199 GC heap after
{Heap after GC invocations=80 (full 8):
 def new generation   total 3740672K, used 238634K [0x00007f2e3c600000, 0x00007f2f3a0e0000, 0x00007f3391b50000)
  eden space 3325056K,   0% used [0x00007f2e3c600000, 0x00007f2e3c600000, 0x00007f2f07520000)
  from space 415616K,  57% used [0x00007f2f20b00000, 0x00007f2f2f40aa48, 0x00007f2f3a0e0000)
  to   space 415616K,   0% used [0x00007f2f07520000, 0x00007f2f07520000, 0x00007f2f20b00000)
 tenured generation   total 8312516K, used 6430342K [0x00007f3391b50000, 0x00007f358d101000, 0x00007f3e3c600000)
   the space 8312516K,  77% used [0x00007f3391b50000, 0x00007f351a2f1bd8, 0x00007f351a2f1c00, 0x00007f358d101000)
 Metaspace       used 30417K, capacity 30849K, committed 31232K, reserved 32768K
}
Event: 209.340 GC heap before
{Heap before GC invocations=80 (full 8):
 def new generation   total 3740672K, used 3563690K [0x00007f2e3c600000, 0x00007f2f3a0e0000, 0x00007f3391b50000)
  eden space 3325056K, 100% used [0x00007f2e3c600000, 0x00007f2f07520000, 0x00007f2f07520000)
  from space 415616K,  57% used [0x00007f2f20b00000, 0x00007f2f2f40aa48, 0x00007f2f3a0e0000)
  to   space 415616K,   0% used [0x00007f2f07520000, 0x00007f2f07520000, 0x00007f2f20b00000)
 tenured generation   total 8312516K, used 6430342K [0x00007f3391b50000, 0x00007f358d101000, 0x00007f3e3c600000)
   the space 8312516K,  77% used [0x00007f3391b50000, 0x00007f351a2f1bd8, 0x00007f351a2f1c00, 0x00007f358d101000)
 Metaspace       used 30417K, capacity 30849K, committed 31232K, reserved 32768K
}
Event: 210.098 GC heap after
{Heap after GC invocations=81 (full 8):
 def new generation   total 3740672K, used 238908K [0x00007f2e3c600000, 0x00007f2f3a0e0000, 0x00007f3391b50000)
  eden space 3325056K,   0% used [0x00007f2e3c600000, 0x00007f2e3c600000, 0x00007f2f07520000)
  from space 415616K,  57% used [0x00007f2f07520000, 0x00007f2f15e6f158, 0x00007f2f20b00000)
  to   space 415616K,   0% used [0x00007f2f20b00000, 0x00007f2f20b00000, 0x00007f2f3a0e0000)
 tenured generation   total 8312516K, used 6668977K [0x00007f3391b50000, 0x00007f358d101000, 0x00007f3e3c600000)
   the space 8312516K,  80% used [0x00007f3391b50000, 0x00007f3528bfc480, 0x00007f3528bfc600, 0x00007f358d101000)
 Metaspace       used 30417K, capacity 30849K, committed 31232K, reserved 32768K
}
Event: 211.087 GC heap before
{Heap before GC invocations=81 (full 8):
 def new generation   total 3740672K, used 3563964K [0x00007f2e3c600000, 0x00007f2f3a0e0000, 0x00007f3391b50000)
  eden space 3325056K, 100% used [0x00007f2e3c600000, 0x00007f2f07520000, 0x00007f2f07520000)
  from space 415616K,  57% used [0x00007f2f07520000, 0x00007f2f15e6f158, 0x00007f2f20b00000)
  to   space 415616K,   0% used [0x00007f2f20b00000, 0x00007f2f20b00000, 0x00007f2f3a0e0000)
 tenured generation   total 8312516K, used 6668977K [0x00007f3391b50000, 0x00007f358d101000, 0x00007f3e3c600000)
   the space 8312516K,  80% used [0x00007f3391b50000, 0x00007f3528bfc480, 0x00007f3528bfc600, 0x00007f358d101000)
 Metaspace       used 30417K, capacity 30849K, committed 31232K, reserved 32768K
}
Event: 211.862 GC heap after
{Heap after GC invocations=82 (full 8):
 def new generation   total 3740672K, used 241919K [0x00007f2e3c600000, 0x00007f2f3a0e0000, 0x00007f3391b50000)
  eden space 3325056K,   0% used [0x00007f2e3c600000, 0x00007f2e3c600000, 0x00007f2f07520000)
  from space 415616K,  58% used [0x00007f2f20b00000, 0x00007f2f2f73fc08, 0x00007f2f3a0e0000)
  to   space 415616K,   0% used [0x00007f2f07520000, 0x00007f2f07520000, 0x00007f2f20b00000)
 tenured generation   total 8312516K, used 6907884K [0x00007f3391b50000, 0x00007f358d101000, 0x00007f3e3c600000)
   the space 8312516K,  83% used [0x00007f3391b50000, 0x00007f353754b188, 0x00007f353754b200, 0x00007f358d101000)
 Metaspace       used 30417K, capacity 30849K, committed 31232K, reserved 32768K
}
Event: 212.953 GC heap before
{Heap before GC invocations=82 (full 8):
 def new generation   total 3740672K, used 3566975K [0x00007f2e3c600000, 0x00007f2f3a0e0000, 0x00007f3391b50000)
  eden space 3325056K, 100% used [0x00007f2e3c600000, 0x00007f2f07520000, 0x00007f2f07520000)
  from space 415616K,  58% used [0x00007f2f20b00000, 0x00007f2f2f73fc08, 0x00007f2f3a0e0000)
  to   space 415616K,   0% used [0x00007f2f07520000, 0x00007f2f07520000, 0x00007f2f20b00000)
 tenured generation   total 8312516K, used 6907884K [0x00007f3391b50000, 0x00007f358d101000, 0x00007f3e3c600000)
   the space 8312516K,  83% used [0x00007f3391b50000, 0x00007f353754b188, 0x00007f353754b200, 0x00007f358d101000)
 Metaspace       used 30417K, capacity 30849K, committed 31232K, reserved 32768K
}
Event: 213.757 GC heap after
{Heap after GC invocations=83 (full 8):
 def new generation   total 3740672K, used 240739K [0x00007f2e3c600000, 0x00007f2f3a0e0000, 0x00007f3391b50000)
  eden space 3325056K,   0% used [0x00007f2e3c600000, 0x00007f2e3c600000, 0x00007f2f07520000)
  from space 415616K,  57% used [0x00007f2f07520000, 0x00007f2f16038ce8, 0x00007f2f20b00000)
  to   space 415616K,   0% used [0x00007f2f20b00000, 0x00007f2f20b00000, 0x00007f2f3a0e0000)
 tenured generation   total 8312516K, used 7149802K [0x00007f3391b50000, 0x00007f358d101000, 0x00007f3e3c600000)
   the space 8312516K,  86% used [0x00007f3391b50000, 0x00007f354618a990, 0x00007f354618aa00, 0x00007f358d101000)
 Metaspace       used 30417K, capacity 30849K, committed 31232K, reserved 32768K
}
Event: 214.847 GC heap before
{Heap before GC invocations=83 (full 8):
 def new generation   total 3740672K, used 3565795K [0x00007f2e3c600000, 0x00007f2f3a0e0000, 0x00007f3391b50000)
  eden space 3325056K, 100% used [0x00007f2e3c600000, 0x00007f2f07520000, 0x00007f2f07520000)
  from space 415616K,  57% used [0x00007f2f07520000, 0x00007f2f16038ce8, 0x00007f2f20b00000)
  to   space 415616K,   0% used [0x00007f2f20b00000, 0x00007f2f20b00000, 0x00007f2f3a0e0000)
 tenured generation   total 8312516K, used 7149802K [0x00007f3391b50000, 0x00007f358d101000, 0x00007f3e3c600000)
   the space 8312516K,  86% used [0x00007f3391b50000, 0x00007f354618a990, 0x00007f354618aa00, 0x00007f358d101000)
 Metaspace       used 30417K, capacity 30849K, committed 31232K, reserved 32768K
}
Event: 215.629 GC heap after
{Heap after GC invocations=84 (full 8):
 def new generation   total 3740672K, used 242557K [0x00007f2e3c600000, 0x00007f2f3a0e0000, 0x00007f3391b50000)
  eden space 3325056K,   0% used [0x00007f2e3c600000, 0x00007f2e3c600000, 0x00007f2f07520000)
  from space 415616K,  58% used [0x00007f2f20b00000, 0x00007f2f2f7df758, 0x00007f2f3a0e0000)
  to   space 415616K,   0% used [0x00007f2f07520000, 0x00007f2f07520000, 0x00007f2f20b00000)
 tenured generation   total 8312516K, used 7390541K [0x00007f3391b50000, 0x00007f358d101000, 0x00007f3e3c600000)
   the space 8312516K,  88% used [0x00007f3391b50000, 0x00007f3554ca3518, 0x00007f3554ca3600, 0x00007f358d101000)
 Metaspace       used 30417K, capacity 30849K, committed 31232K, reserved 32768K
}
Event: 216.697 GC heap before
{Heap before GC invocations=84 (full 8):
 def new generation   total 3740672K, used 3567613K [0x00007f2e3c600000, 0x00007f2f3a0e0000, 0x00007f3391b50000)
  eden space 3325056K, 100% used [0x00007f2e3c600000, 0x00007f2f07520000, 0x00007f2f07520000)
  from space 415616K,  58% used [0x00007f2f20b00000, 0x00007f2f2f7df758, 0x00007f2f3a0e0000)
  to   space 415616K,   0% used [0x00007f2f07520000, 0x00007f2f07520000, 0x00007f2f20b00000)
 tenured generation   total 8312516K, used 7390541K [0x00007f3391b50000, 0x00007f358d101000, 0x00007f3e3c600000)
   the space 8312516K,  88% used [0x00007f3391b50000, 0x00007f3554ca3518, 0x00007f3554ca3600, 0x00007f358d101000)
 Metaspace       used 30417K, capacity 30849K, committed 31232K, reserved 32768K
}
Event: 217.441 GC heap after
{Heap after GC invocations=85 (full 8):
 def new generation   total 3740672K, used 240545K [0x00007f2e3c600000, 0x00007f2f3a0e0000, 0x00007f3391b50000)
  eden space 3325056K,   0% used [0x00007f2e3c600000, 0x00007f2e3c600000, 0x00007f2f07520000)
  from space 415616K,  57% used [0x00007f2f07520000, 0x00007f2f16008730, 0x00007f2f20b00000)
  to   space 415616K,   0% used [0x00007f2f20b00000, 0x00007f2f20b00000, 0x00007f2f3a0e0000)
 tenured generation   total 8312516K, used 7633097K [0x00007f3391b50000, 0x00007f358d101000, 0x00007f3e3c600000)
   the space 8312516K,  91% used [0x00007f3391b50000, 0x00007f35639827d0, 0x00007f3563982800, 0x00007f358d101000)
 Metaspace       used 30417K, capacity 30849K, committed 31232K, reserved 32768K
}
Event: 218.462 GC heap before
{Heap before GC invocations=85 (full 8):
 def new generation   total 3740672K, used 3565601K [0x00007f2e3c600000, 0x00007f2f3a0e0000, 0x00007f3391b50000)
  eden space 3325056K, 100% used [0x00007f2e3c600000, 0x00007f2f07520000, 0x00007f2f07520000)
  from space 415616K,  57% used [0x00007f2f07520000, 0x00007f2f16008730, 0x00007f2f20b00000)
  to   space 415616K,   0% used [0x00007f2f20b00000, 0x00007f2f20b00000, 0x00007f2f3a0e0000)
 tenured generation   total 8312516K, used 7633097K [0x00007f3391b50000, 0x00007f358d101000, 0x00007f3e3c600000)
   the space 8312516K,  91% used [0x00007f3391b50000, 0x00007f35639827d0, 0x00007f3563982800, 0x00007f358d101000)
 Metaspace       used 30417K, capacity 30849K, committed 31232K, reserved 32768K
}
Event: 219.220 GC heap after
{Heap after GC invocations=86 (full 8):
 def new generation   total 3740672K, used 243356K [0x00007f2e3c600000, 0x00007f2f3a0e0000, 0x00007f3391b50000)
  eden space 3325056K,   0% used [0x00007f2e3c600000, 0x00007f2e3c600000, 0x00007f2f07520000)
  from space 415616K,  58% used [0x00007f2f20b00000, 0x00007f2f2f8a7258, 0x00007f2f3a0e0000)
  to   space 415616K,   0% used [0x00007f2f07520000, 0x00007f2f07520000, 0x00007f2f20b00000)
 tenured generation   total 8312516K, used 7873642K [0x00007f3391b50000, 0x00007f358d101000, 0x00007f3e3c600000)
   the space 8312516K,  94% used [0x00007f3391b50000, 0x00007f357246aa50, 0x00007f357246ac00, 0x00007f358d101000)
 Metaspace       used 30417K, capacity 30849K, committed 31232K, reserved 32768K
}
Event: 263.045 GC heap before
{Heap before GC invocations=86 (full 8):
 def new generation   total 3740672K, used 3568412K [0x00007f2e3c600000, 0x00007f2f3a0e0000, 0x00007f3391b50000)
  eden space 3325056K, 100% used [0x00007f2e3c600000, 0x00007f2f07520000, 0x00007f2f07520000)
  from space 415616K,  58% used [0x00007f2f20b00000, 0x00007f2f2f8a7258, 0x00007f2f3a0e0000)
  to   space 415616K,   0% used [0x00007f2f07520000, 0x00007f2f07520000, 0x00007f2f20b00000)
 tenured generation   total 8312516K, used 7873642K [0x00007f3391b50000, 0x00007f358d101000, 0x00007f3e3c600000)
   the space 8312516K,  94% used [0x00007f3391b50000, 0x00007f357246aa50, 0x00007f357246ac00, 0x00007f358d101000)
 Metaspace       used 30417K, capacity 30849K, committed 31232K, reserved 32768K
}
Event: 265.822 GC heap after
{Heap after GC invocations=87 (full 8):
 def new generation   total 3740672K, used 415616K [0x00007f2e3c600000, 0x00007f2f3a0e0000, 0x00007f3391b50000)
  eden space 3325056K,   0% used [0x00007f2e3c600000, 0x00007f2e3c600000, 0x00007f2f07520000)
  from space 415616K, 100% used [0x00007f2f07520000, 0x00007f2f20b00000, 0x00007f2f20b00000)
  to   space 415616K,   0% used [0x00007f2f20b00000, 0x00007f2f20b00000, 0x00007f2f3a0e0000)
 tenured generation   total 8714564K, used 8714442K [0x00007f3391b50000, 0x00007f35a59a1000, 0x00007f3e3c600000)
   the space 8714564K,  99% used [0x00007f3391b50000, 0x00007f35a5982bc8, 0x00007f35a5982c00, 0x00007f35a59a1000)
 Metaspace       used 30417K, capacity 30849K, committed 31232K, reserved 32768K
}
Event: 265.822 GC heap before
{Heap before GC invocations=87 (full 8):
 def new generation   total 3740672K, used 415616K [0x00007f2e3c600000, 0x00007f2f3a0e0000, 0x00007f3391b50000)
  eden space 3325056K,   0% used [0x00007f2e3c600000, 0x00007f2e3c600000, 0x00007f2f07520000)
  from space 415616K, 100% used [0x00007f2f07520000, 0x00007f2f20b00000, 0x00007f2f20b00000)
  to   space 415616K,   0% used [0x00007f2f20b00000, 0x00007f2f20b00000, 0x00007f2f3a0e0000)
 tenured generation   total 8714564K, used 8714442K [0x00007f3391b50000, 0x00007f35a59a1000, 0x00007f3e3c600000)
   the space 8714564K,  99% used [0x00007f3391b50000, 0x00007f35a5982bc8, 0x00007f35a5982c00, 0x00007f35a59a1000)
 Metaspace       used 30417K, capacity 30849K, committed 31232K, reserved 32768K
}

