# JRE version: OpenJDK Runtime Environment (13.0.7+5) (build 13.0.7+5-Ubuntu-0ubuntu120.04)
# Java VM: OpenJDK 64-Bit Server VM (13.0.7+5-Ubuntu-0ubuntu120.04, mixed mode, tiered, serial gc, linux-amd64)
Heap:
 def new generation   total 1048832K, used 2961K [0x00007f3aac600000, 0x00007f3af3800000, 0x00007f4001b50000)
  eden space 932352K,   0% used [0x00007f3aac600000, 0x00007f3aac8e4460, 0x00007f3ae5480000)
  from space 116480K,   0% used [0x00007f3aec640000, 0x00007f3aec640000, 0x00007f3af3800000)
  to   space 116480K,   0% used [0x00007f3ae5480000, 0x00007f3ae5480000, 0x00007f3aec640000)
 tenured generation   total 2330752K, used 2330751K [0x00007f4001b50000, 0x00007f408ff70000, 0x00007f4aac600000)
   the space 2330752K,  99% used [0x00007f4001b50000, 0x00007f408ff6fee8, 0x00007f408ff70000, 0x00007f408ff70000)
 Metaspace       used 24285K, capacity 24688K, committed 24832K, reserved 26624K
GC Heap History (20 events):
Event: 5001.280 GC heap after
{Heap after GC invocations=13811 (full 2):
 def new generation   total 1048832K, used 2947K [0x00007f3aac600000, 0x00007f3af3800000, 0x00007f4001b50000)
  eden space 932352K,   0% used [0x00007f3aac600000, 0x00007f3aac600000, 0x00007f3ae5480000)
  from space 116480K,   2% used [0x00007f3ae5480000, 0x00007f3ae5760fc8, 0x00007f3aec640000)
  to   space 116480K,   0% used [0x00007f3aec640000, 0x00007f3aec640000, 0x00007f3af3800000)
 tenured generation   total 2330560K, used 2328883K [0x00007f4001b50000, 0x00007f408ff40000, 0x00007f4aac600000)
   the space 2330560K,  99% used [0x00007f4001b50000, 0x00007f408fd9cc70, 0x00007f408fd9ce00, 0x00007f408ff40000)
 Metaspace       used 24285K, capacity 24688K, committed 24832K, reserved 26624K
}
Event: 5001.778 GC heap before
{Heap before GC invocations=13811 (full 2):
 def new generation   total 1048832K, used 935299K [0x00007f3aac600000, 0x00007f3af3800000, 0x00007f4001b50000)
  eden space 932352K, 100% used [0x00007f3aac600000, 0x00007f3ae5480000, 0x00007f3ae5480000)
  from space 116480K,   2% used [0x00007f3ae5480000, 0x00007f3ae5760fc8, 0x00007f3aec640000)
  to   space 116480K,   0% used [0x00007f3aec640000, 0x00007f3aec640000, 0x00007f3af3800000)
 tenured generation   total 2330560K, used 2328883K [0x00007f4001b50000, 0x00007f408ff40000, 0x00007f4aac600000)
   the space 2330560K,  99% used [0x00007f4001b50000, 0x00007f408fd9cc70, 0x00007f408fd9ce00, 0x00007f408ff40000)
 Metaspace       used 24285K, capacity 24688K, committed 24832K, reserved 26624K
}
Event: 5001.783 GC heap after
{Heap after GC invocations=13812 (full 2):
 def new generation   total 1048832K, used 2962K [0x00007f3aac600000, 0x00007f3af3800000, 0x00007f4001b50000)
  eden space 932352K,   0% used [0x00007f3aac600000, 0x00007f3aac600000, 0x00007f3ae5480000)
  from space 116480K,   2% used [0x00007f3aec640000, 0x00007f3aec9249b0, 0x00007f3af3800000)
  to   space 116480K,   0% used [0x00007f3ae5480000, 0x00007f3ae5480000, 0x00007f3aec640000)
 tenured generation   total 2330560K, used 2329091K [0x00007f4001b50000, 0x00007f408ff40000, 0x00007f4aac600000)
   the space 2330560K,  99% used [0x00007f4001b50000, 0x00007f408fdd0f20, 0x00007f408fdd1000, 0x00007f408ff40000)
 Metaspace       used 24285K, capacity 24688K, committed 24832K, reserved 26624K
}
Event: 5002.277 GC heap before
{Heap before GC invocations=13812 (full 2):
 def new generation   total 1048832K, used 935314K [0x00007f3aac600000, 0x00007f3af3800000, 0x00007f4001b50000)
  eden space 932352K, 100% used [0x00007f3aac600000, 0x00007f3ae5480000, 0x00007f3ae5480000)
  from space 116480K,   2% used [0x00007f3aec640000, 0x00007f3aec9249b0, 0x00007f3af3800000)
  to   space 116480K,   0% used [0x00007f3ae5480000, 0x00007f3ae5480000, 0x00007f3aec640000)
 tenured generation   total 2330560K, used 2329091K [0x00007f4001b50000, 0x00007f408ff40000, 0x00007f4aac600000)
   the space 2330560K,  99% used [0x00007f4001b50000, 0x00007f408fdd0f20, 0x00007f408fdd1000, 0x00007f408ff40000)
 Metaspace       used 24285K, capacity 24688K, committed 24832K, reserved 26624K
}
Event: 5002.281 GC heap after
{Heap after GC invocations=13813 (full 2):
 def new generation   total 1048832K, used 2959K [0x00007f3aac600000, 0x00007f3af3800000, 0x00007f4001b50000)
  eden space 932352K,   0% used [0x00007f3aac600000, 0x00007f3aac600000, 0x00007f3ae5480000)
  from space 116480K,   2% used [0x00007f3ae5480000, 0x00007f3ae5763c98, 0x00007f3aec640000)
  to   space 116480K,   0% used [0x00007f3aec640000, 0x00007f3aec640000, 0x00007f3af3800000)
 tenured generation   total 2330560K, used 2329279K [0x00007f4001b50000, 0x00007f408ff40000, 0x00007f4aac600000)
   the space 2330560K,  99% used [0x00007f4001b50000, 0x00007f408fdffe58, 0x00007f408fe00000, 0x00007f408ff40000)
 Metaspace       used 24285K, capacity 24688K, committed 24832K, reserved 26624K
}
Event: 5002.766 GC heap before
{Heap before GC invocations=13813 (full 2):
 def new generation   total 1048832K, used 935311K [0x00007f3aac600000, 0x00007f3af3800000, 0x00007f4001b50000)
  eden space 932352K, 100% used [0x00007f3aac600000, 0x00007f3ae5480000, 0x00007f3ae5480000)
  from space 116480K,   2% used [0x00007f3ae5480000, 0x00007f3ae5763c98, 0x00007f3aec640000)
  to   space 116480K,   0% used [0x00007f3aec640000, 0x00007f3aec640000, 0x00007f3af3800000)
 tenured generation   total 2330560K, used 2329279K [0x00007f4001b50000, 0x00007f408ff40000, 0x00007f4aac600000)
   the space 2330560K,  99% used [0x00007f4001b50000, 0x00007f408fdffe58, 0x00007f408fe00000, 0x00007f408ff40000)
 Metaspace       used 24285K, capacity 24688K, committed 24832K, reserved 26624K
}
Event: 5002.770 GC heap after
{Heap after GC invocations=13814 (full 2):
 def new generation   total 1048832K, used 2969K [0x00007f3aac600000, 0x00007f3af3800000, 0x00007f4001b50000)
  eden space 932352K,   0% used [0x00007f3aac600000, 0x00007f3aac600000, 0x00007f3ae5480000)
  from space 116480K,   2% used [0x00007f3aec640000, 0x00007f3aec926760, 0x00007f3af3800000)
  to   space 116480K,   0% used [0x00007f3ae5480000, 0x00007f3ae5480000, 0x00007f3aec640000)
 tenured generation   total 2330560K, used 2329467K [0x00007f4001b50000, 0x00007f408ff40000, 0x00007f4aac600000)
   the space 2330560K,  99% used [0x00007f4001b50000, 0x00007f408fe2ed90, 0x00007f408fe2ee00, 0x00007f408ff40000)
 Metaspace       used 24285K, capacity 24688K, committed 24832K, reserved 26624K
}
Event: 5003.268 GC heap before
{Heap before GC invocations=13814 (full 2):
 def new generation   total 1048832K, used 935321K [0x00007f3aac600000, 0x00007f3af3800000, 0x00007f4001b50000)
  eden space 932352K, 100% used [0x00007f3aac600000, 0x00007f3ae5480000, 0x00007f3ae5480000)
  from space 116480K,   2% used [0x00007f3aec640000, 0x00007f3aec926760, 0x00007f3af3800000)
  to   space 116480K,   0% used [0x00007f3ae5480000, 0x00007f3ae5480000, 0x00007f3aec640000)
 tenured generation   total 2330560K, used 2329467K [0x00007f4001b50000, 0x00007f408ff40000, 0x00007f4aac600000)
   the space 2330560K,  99% used [0x00007f4001b50000, 0x00007f408fe2ed90, 0x00007f408fe2ee00, 0x00007f408ff40000)
 Metaspace       used 24285K, capacity 24688K, committed 24832K, reserved 26624K
}
Event: 5003.273 GC heap after
{Heap after GC invocations=13815 (full 2):
 def new generation   total 1048832K, used 2962K [0x00007f3aac600000, 0x00007f3af3800000, 0x00007f4001b50000)
  eden space 932352K,   0% used [0x00007f3aac600000, 0x00007f3aac600000, 0x00007f3ae5480000)
  from space 116480K,   2% used [0x00007f3ae5480000, 0x00007f3ae5764948, 0x00007f3aec640000)
  to   space 116480K,   0% used [0x00007f3aec640000, 0x00007f3aec640000, 0x00007f3af3800000)
 tenured generation   total 2330560K, used 2329676K [0x00007f4001b50000, 0x00007f408ff40000, 0x00007f4aac600000)
   the space 2330560K,  99% used [0x00007f4001b50000, 0x00007f408fe63040, 0x00007f408fe63200, 0x00007f408ff40000)
 Metaspace       used 24285K, capacity 24688K, committed 24832K, reserved 26624K
}
Event: 5003.793 GC heap before
{Heap before GC invocations=13815 (full 2):
 def new generation   total 1048832K, used 935314K [0x00007f3aac600000, 0x00007f3af3800000, 0x00007f4001b50000)
  eden space 932352K, 100% used [0x00007f3aac600000, 0x00007f3ae5480000, 0x00007f3ae5480000)
  from space 116480K,   2% used [0x00007f3ae5480000, 0x00007f3ae5764948, 0x00007f3aec640000)
  to   space 116480K,   0% used [0x00007f3aec640000, 0x00007f3aec640000, 0x00007f3af3800000)
 tenured generation   total 2330560K, used 2329676K [0x00007f4001b50000, 0x00007f408ff40000, 0x00007f4aac600000)
   the space 2330560K,  99% used [0x00007f4001b50000, 0x00007f408fe63040, 0x00007f408fe63200, 0x00007f408ff40000)
 Metaspace       used 24285K, capacity 24688K, committed 24832K, reserved 26624K
}
Event: 5003.798 GC heap after
{Heap after GC invocations=13816 (full 2):
 def new generation   total 1048832K, used 2960K [0x00007f3aac600000, 0x00007f3af3800000, 0x00007f4001b50000)
  eden space 932352K,   0% used [0x00007f3aac600000, 0x00007f3aac600000, 0x00007f3ae5480000)
  from space 116480K,   2% used [0x00007f3aec640000, 0x00007f3aec924070, 0x00007f3af3800000)
  to   space 116480K,   0% used [0x00007f3ae5480000, 0x00007f3ae5480000, 0x00007f3aec640000)
 tenured generation   total 2330560K, used 2329863K [0x00007f4001b50000, 0x00007f408ff40000, 0x00007f4aac600000)
   the space 2330560K,  99% used [0x00007f4001b50000, 0x00007f408fe91f78, 0x00007f408fe92000, 0x00007f408ff40000)
 Metaspace       used 24285K, capacity 24688K, committed 24832K, reserved 26624K
}
Event: 5004.275 GC heap before
{Heap before GC invocations=13816 (full 2):
 def new generation   total 1048832K, used 935312K [0x00007f3aac600000, 0x00007f3af3800000, 0x00007f4001b50000)
  eden space 932352K, 100% used [0x00007f3aac600000, 0x00007f3ae5480000, 0x00007f3ae5480000)
  from space 116480K,   2% used [0x00007f3aec640000, 0x00007f3aec924070, 0x00007f3af3800000)
  to   space 116480K,   0% used [0x00007f3ae5480000, 0x00007f3ae5480000, 0x00007f3aec640000)
 tenured generation   total 2330560K, used 2329863K [0x00007f4001b50000, 0x00007f408ff40000, 0x00007f4aac600000)
   the space 2330560K,  99% used [0x00007f4001b50000, 0x00007f408fe91f78, 0x00007f408fe92000, 0x00007f408ff40000)
 Metaspace       used 24285K, capacity 24688K, committed 24832K, reserved 26624K
}
Event: 5004.279 GC heap after
{Heap after GC invocations=13817 (full 2):
 def new generation   total 1048832K, used 2985K [0x00007f3aac600000, 0x00007f3af3800000, 0x00007f4001b50000)
  eden space 932352K,   0% used [0x00007f3aac600000, 0x00007f3aac600000, 0x00007f3ae5480000)
  from space 116480K,   2% used [0x00007f3ae5480000, 0x00007f3ae576a5a8, 0x00007f3aec640000)
  to   space 116480K,   0% used [0x00007f3aec640000, 0x00007f3aec640000, 0x00007f3af3800000)
 tenured generation   total 2330560K, used 2330052K [0x00007f4001b50000, 0x00007f408ff40000, 0x00007f4aac600000)
   the space 2330560K,  99% used [0x00007f4001b50000, 0x00007f408fec1180, 0x00007f408fec1200, 0x00007f408ff40000)
 Metaspace       used 24285K, capacity 24688K, committed 24832K, reserved 26624K
}
Event: 5004.772 GC heap before
{Heap before GC invocations=13817 (full 2):
 def new generation   total 1048832K, used 935337K [0x00007f3aac600000, 0x00007f3af3800000, 0x00007f4001b50000)
  eden space 932352K, 100% used [0x00007f3aac600000, 0x00007f3ae5480000, 0x00007f3ae5480000)
  from space 116480K,   2% used [0x00007f3ae5480000, 0x00007f3ae576a5a8, 0x00007f3aec640000)
  to   space 116480K,   0% used [0x00007f3aec640000, 0x00007f3aec640000, 0x00007f3af3800000)
 tenured generation   total 2330560K, used 2330052K [0x00007f4001b50000, 0x00007f408ff40000, 0x00007f4aac600000)
   the space 2330560K,  99% used [0x00007f4001b50000, 0x00007f408fec1180, 0x00007f408fec1200, 0x00007f408ff40000)
 Metaspace       used 24285K, capacity 24688K, committed 24832K, reserved 26624K
}
Event: 5004.777 GC heap after
{Heap after GC invocations=13818 (full 2):
 def new generation   total 1048832K, used 2957K [0x00007f3aac600000, 0x00007f3af3800000, 0x00007f4001b50000)
  eden space 932352K,   0% used [0x00007f3aac600000, 0x00007f3aac600000, 0x00007f3ae5480000)
  from space 116480K,   2% used [0x00007f3aec640000, 0x00007f3aec923728, 0x00007f3af3800000)
  to   space 116480K,   0% used [0x00007f3ae5480000, 0x00007f3ae5480000, 0x00007f3aec640000)
 tenured generation   total 2330560K, used 2330260K [0x00007f4001b50000, 0x00007f408ff40000, 0x00007f4aac600000)
   the space 2330560K,  99% used [0x00007f4001b50000, 0x00007f408fef5160, 0x00007f408fef5200, 0x00007f408ff40000)
 Metaspace       used 24285K, capacity 24688K, committed 24832K, reserved 26624K
}
Event: 5005.273 GC heap before
{Heap before GC invocations=13818 (full 2):
 def new generation   total 1048832K, used 935309K [0x00007f3aac600000, 0x00007f3af3800000, 0x00007f4001b50000)
  eden space 932352K, 100% used [0x00007f3aac600000, 0x00007f3ae5480000, 0x00007f3ae5480000)
  from space 116480K,   2% used [0x00007f3aec640000, 0x00007f3aec923728, 0x00007f3af3800000)
  to   space 116480K,   0% used [0x00007f3ae5480000, 0x00007f3ae5480000, 0x00007f3aec640000)
 tenured generation   total 2330560K, used 2330260K [0x00007f4001b50000, 0x00007f408ff40000, 0x00007f4aac600000)
   the space 2330560K,  99% used [0x00007f4001b50000, 0x00007f408fef5160, 0x00007f408fef5200, 0x00007f408ff40000)
 Metaspace       used 24285K, capacity 24688K, committed 24832K, reserved 26624K
}
Event: 5005.278 GC heap after
{Heap after GC invocations=13819 (full 2):
 def new generation   total 1048832K, used 3018K [0x00007f3aac600000, 0x00007f3af3800000, 0x00007f4001b50000)
  eden space 932352K,   0% used [0x00007f3aac600000, 0x00007f3aac600000, 0x00007f3ae5480000)
  from space 116480K,   2% used [0x00007f3ae5480000, 0x00007f3ae5772980, 0x00007f3aec640000)
  to   space 116480K,   0% used [0x00007f3aec640000, 0x00007f3aec640000, 0x00007f3af3800000)
 tenured generation   total 2330560K, used 2330448K [0x00007f4001b50000, 0x00007f408ff40000, 0x00007f4aac600000)
   the space 2330560K,  99% used [0x00007f4001b50000, 0x00007f408ff24098, 0x00007f408ff24200, 0x00007f408ff40000)
 Metaspace       used 24285K, capacity 24688K, committed 24832K, reserved 26624K
}
Event: 5005.754 GC heap before
{Heap before GC invocations=13819 (full 2):
 def new generation   total 1048832K, used 935370K [0x00007f3aac600000, 0x00007f3af3800000, 0x00007f4001b50000)
  eden space 932352K, 100% used [0x00007f3aac600000, 0x00007f3ae5480000, 0x00007f3ae5480000)
  from space 116480K,   2% used [0x00007f3ae5480000, 0x00007f3ae5772980, 0x00007f3aec640000)
  to   space 116480K,   0% used [0x00007f3aec640000, 0x00007f3aec640000, 0x00007f3af3800000)
 tenured generation   total 2330560K, used 2330448K [0x00007f4001b50000, 0x00007f408ff40000, 0x00007f4aac600000)
   the space 2330560K,  99% used [0x00007f4001b50000, 0x00007f408ff24098, 0x00007f408ff24200, 0x00007f408ff40000)
 Metaspace       used 24285K, capacity 24688K, committed 24832K, reserved 26624K
}
Event: 5005.758 GC heap after
{Heap after GC invocations=13820 (full 2):
 def new generation   total 1048832K, used 3076K [0x00007f3aac600000, 0x00007f3af3800000, 0x00007f4001b50000)
  eden space 932352K,   0% used [0x00007f3aac600000, 0x00007f3aac600000, 0x00007f3ae5480000)
  from space 116480K,   2% used [0x00007f3aec640000, 0x00007f3aec9410a8, 0x00007f3af3800000)
  to   space 116480K,   0% used [0x00007f3ae5480000, 0x00007f3ae5480000, 0x00007f3aec640000)
 tenured generation   total 2330752K, used 2330636K [0x00007f4001b50000, 0x00007f408ff70000, 0x00007f4aac600000)
   the space 2330752K,  99% used [0x00007f4001b50000, 0x00007f408ff532a0, 0x00007f408ff53400, 0x00007f408ff70000)
 Metaspace       used 24285K, capacity 24688K, committed 24832K, reserved 26624K
}
Event: 5005.758 GC heap before
{Heap before GC invocations=13820 (full 2):
 def new generation   total 1048832K, used 3076K [0x00007f3aac600000, 0x00007f3af3800000, 0x00007f4001b50000)
  eden space 932352K,   0% used [0x00007f3aac600000, 0x00007f3aac600000, 0x00007f3ae5480000)
  from space 116480K,   2% used [0x00007f3aec640000, 0x00007f3aec9410a8, 0x00007f3af3800000)
  to   space 116480K,   0% used [0x00007f3ae5480000, 0x00007f3ae5480000, 0x00007f3aec640000)
 tenured generation   total 2330752K, used 2330636K [0x00007f4001b50000, 0x00007f408ff70000, 0x00007f4aac600000)
   the space 2330752K,  99% used [0x00007f4001b50000, 0x00007f408ff532a0, 0x00007f408ff53400, 0x00007f408ff70000)
 Metaspace       used 24285K, capacity 24688K, committed 24832K, reserved 26624K
}

