# JRE version: OpenJDK Runtime Environment (13.0.7+5) (build 13.0.7+5-Ubuntu-0ubuntu120.04)
# Java VM: OpenJDK 64-Bit Server VM (13.0.7+5-Ubuntu-0ubuntu120.04, mixed mode, tiered, serial gc, linux-amd64)
Heap:
 def new generation   total 13488064K, used 110118K [0x00007fdb8c600000, 0x00007fdf1f170000, 0x00007fe0e1b50000)
  eden space 11989440K,   0% used [0x00007fdb8c600000, 0x00007fdb93189910, 0x00007fde68270000)
  from space 1498624K,   0% used [0x00007fdec39f0000, 0x00007fdec39f0000, 0x00007fdf1f170000)
  to   space 1498624K,   0% used [0x00007fde68270000, 0x00007fde68270000, 0x00007fdec39f0000)
 tenured generation   total 29976816K, used 29976812K [0x00007fe0e1b50000, 0x00007fe80758c000, 0x00007feb8c600000)
   the space 29976816K,  99% used [0x00007fe0e1b50000, 0x00007fe80758b250, 0x00007fe80758b400, 0x00007fe80758c000)
 Metaspace       used 24278K, capacity 24713K, committed 24832K, reserved 26624K
GC Heap History (20 events):
Event: 21424.785 GC heap after
{Heap after GC invocations=10785 (full 7):
 def new generation   total 13488064K, used 141409K [0x00007fdb8c600000, 0x00007fdf1f170000, 0x00007fe0e1b50000)
  eden space 11989440K,   0% used [0x00007fdb8c600000, 0x00007fdb8c600000, 0x00007fde68270000)
  from space 1498624K,   9% used [0x00007fde68270000, 0x00007fde70c88528, 0x00007fdec39f0000)
  to   space 1498624K,   0% used [0x00007fdec39f0000, 0x00007fdec39f0000, 0x00007fdf1f170000)
 tenured generation   total 29973360K, used 29881183K [0x00007fe0e1b50000, 0x00007fe80722c000, 0x00007feb8c600000)
   the space 29973360K,  99% used [0x00007fe0e1b50000, 0x00007fe801827d80, 0x00007fe801827e00, 0x00007fe80722c000)
 Metaspace       used 24278K, capacity 24713K, committed 24832K, reserved 26624K
}
Event: 21430.608 GC heap before
{Heap before GC invocations=10785 (full 7):
 def new generation   total 13488064K, used 12130849K [0x00007fdb8c600000, 0x00007fdf1f170000, 0x00007fe0e1b50000)
  eden space 11989440K, 100% used [0x00007fdb8c600000, 0x00007fde68270000, 0x00007fde68270000)
  from space 1498624K,   9% used [0x00007fde68270000, 0x00007fde70c88528, 0x00007fdec39f0000)
  to   space 1498624K,   0% used [0x00007fdec39f0000, 0x00007fdec39f0000, 0x00007fdf1f170000)
 tenured generation   total 29973360K, used 29881183K [0x00007fe0e1b50000, 0x00007fe80722c000, 0x00007feb8c600000)
   the space 29973360K,  99% used [0x00007fe0e1b50000, 0x00007fe801827d80, 0x00007fe801827e00, 0x00007fe80722c000)
 Metaspace       used 24278K, capacity 24713K, committed 24832K, reserved 26624K
}
Event: 21430.684 GC heap after
{Heap after GC invocations=10786 (full 7):
 def new generation   total 13488064K, used 138573K [0x00007fdb8c600000, 0x00007fdf1f170000, 0x00007fe0e1b50000)
  eden space 11989440K,   0% used [0x00007fdb8c600000, 0x00007fdb8c600000, 0x00007fde68270000)
  from space 1498624K,   9% used [0x00007fdec39f0000, 0x00007fdecc143708, 0x00007fdf1f170000)
  to   space 1498624K,   0% used [0x00007fde68270000, 0x00007fde68270000, 0x00007fdec39f0000)
 tenured generation   total 29973360K, used 29891117K [0x00007fe0e1b50000, 0x00007fe80722c000, 0x00007feb8c600000)
   the space 29973360K,  99% used [0x00007fe0e1b50000, 0x00007fe8021db560, 0x00007fe8021db600, 0x00007fe80722c000)
 Metaspace       used 24278K, capacity 24713K, committed 24832K, reserved 26624K
}
Event: 21437.552 GC heap before
{Heap before GC invocations=10786 (full 7):
 def new generation   total 13488064K, used 12128013K [0x00007fdb8c600000, 0x00007fdf1f170000, 0x00007fe0e1b50000)
  eden space 11989440K, 100% used [0x00007fdb8c600000, 0x00007fde68270000, 0x00007fde68270000)
  from space 1498624K,   9% used [0x00007fdec39f0000, 0x00007fdecc143708, 0x00007fdf1f170000)
  to   space 1498624K,   0% used [0x00007fde68270000, 0x00007fde68270000, 0x00007fdec39f0000)
 tenured generation   total 29973360K, used 29891117K [0x00007fe0e1b50000, 0x00007fe80722c000, 0x00007feb8c600000)
   the space 29973360K,  99% used [0x00007fe0e1b50000, 0x00007fe8021db560, 0x00007fe8021db600, 0x00007fe80722c000)
 Metaspace       used 24278K, capacity 24713K, committed 24832K, reserved 26624K
}
Event: 21437.634 GC heap after
{Heap after GC invocations=10787 (full 7):
 def new generation   total 13488064K, used 134323K [0x00007fdb8c600000, 0x00007fdf1f170000, 0x00007fe0e1b50000)
  eden space 11989440K,   0% used [0x00007fdb8c600000, 0x00007fdb8c600000, 0x00007fde68270000)
  from space 1498624K,   8% used [0x00007fde68270000, 0x00007fde7059ccc0, 0x00007fdec39f0000)
  to   space 1498624K,   0% used [0x00007fdec39f0000, 0x00007fdec39f0000, 0x00007fdf1f170000)
 tenured generation   total 29973360K, used 29903513K [0x00007fe0e1b50000, 0x00007fe80722c000, 0x00007feb8c600000)
   the space 29973360K,  99% used [0x00007fe0e1b50000, 0x00007fe802df6528, 0x00007fe802df6600, 0x00007fe80722c000)
 Metaspace       used 24278K, capacity 24713K, committed 24832K, reserved 26624K
}
Event: 21444.485 GC heap before
{Heap before GC invocations=10787 (full 7):
 def new generation   total 13488064K, used 12123763K [0x00007fdb8c600000, 0x00007fdf1f170000, 0x00007fe0e1b50000)
  eden space 11989440K, 100% used [0x00007fdb8c600000, 0x00007fde68270000, 0x00007fde68270000)
  from space 1498624K,   8% used [0x00007fde68270000, 0x00007fde7059ccc0, 0x00007fdec39f0000)
  to   space 1498624K,   0% used [0x00007fdec39f0000, 0x00007fdec39f0000, 0x00007fdf1f170000)
 tenured generation   total 29973360K, used 29903513K [0x00007fe0e1b50000, 0x00007fe80722c000, 0x00007feb8c600000)
   the space 29973360K,  99% used [0x00007fe0e1b50000, 0x00007fe802df6528, 0x00007fe802df6600, 0x00007fe80722c000)
 Metaspace       used 24278K, capacity 24713K, committed 24832K, reserved 26624K
}
Event: 21444.572 GC heap after
{Heap after GC invocations=10788 (full 7):
 def new generation   total 13488064K, used 130094K [0x00007fdb8c600000, 0x00007fdf1f170000, 0x00007fe0e1b50000)
  eden space 11989440K,   0% used [0x00007fdb8c600000, 0x00007fdb8c600000, 0x00007fde68270000)
  from space 1498624K,   8% used [0x00007fdec39f0000, 0x00007fdecb8fb8b0, 0x00007fdf1f170000)
  to   space 1498624K,   0% used [0x00007fde68270000, 0x00007fde68270000, 0x00007fdec39f0000)
 tenured generation   total 29973360K, used 29915913K [0x00007fe0e1b50000, 0x00007fe80722c000, 0x00007feb8c600000)
   the space 29973360K,  99% used [0x00007fe0e1b50000, 0x00007fe803a127e0, 0x00007fe803a12800, 0x00007fe80722c000)
 Metaspace       used 24278K, capacity 24713K, committed 24832K, reserved 26624K
}
Event: 21450.522 GC heap before
{Heap before GC invocations=10788 (full 7):
 def new generation   total 13488064K, used 12119534K [0x00007fdb8c600000, 0x00007fdf1f170000, 0x00007fe0e1b50000)
  eden space 11989440K, 100% used [0x00007fdb8c600000, 0x00007fde68270000, 0x00007fde68270000)
  from space 1498624K,   8% used [0x00007fdec39f0000, 0x00007fdecb8fb8b0, 0x00007fdf1f170000)
  to   space 1498624K,   0% used [0x00007fde68270000, 0x00007fde68270000, 0x00007fdec39f0000)
 tenured generation   total 29973360K, used 29915913K [0x00007fe0e1b50000, 0x00007fe80722c000, 0x00007feb8c600000)
   the space 29973360K,  99% used [0x00007fe0e1b50000, 0x00007fe803a127e0, 0x00007fe803a12800, 0x00007fe80722c000)
 Metaspace       used 24278K, capacity 24713K, committed 24832K, reserved 26624K
}
Event: 21450.631 GC heap after
{Heap after GC invocations=10789 (full 7):
 def new generation   total 13488064K, used 129237K [0x00007fdb8c600000, 0x00007fdf1f170000, 0x00007fe0e1b50000)
  eden space 11989440K,   0% used [0x00007fdb8c600000, 0x00007fdb8c600000, 0x00007fde68270000)
  from space 1498624K,   8% used [0x00007fde68270000, 0x00007fde700a5428, 0x00007fdec39f0000)
  to   space 1498624K,   0% used [0x00007fdec39f0000, 0x00007fdec39f0000, 0x00007fdf1f170000)
 tenured generation   total 29973360K, used 29923469K [0x00007fe0e1b50000, 0x00007fe80722c000, 0x00007feb8c600000)
   the space 29973360K,  99% used [0x00007fe0e1b50000, 0x00007fe804173668, 0x00007fe804173800, 0x00007fe80722c000)
 Metaspace       used 24278K, capacity 24713K, committed 24832K, reserved 26624K
}
Event: 21456.387 GC heap before
{Heap before GC invocations=10789 (full 7):
 def new generation   total 13488064K, used 12118677K [0x00007fdb8c600000, 0x00007fdf1f170000, 0x00007fe0e1b50000)
  eden space 11989440K, 100% used [0x00007fdb8c600000, 0x00007fde68270000, 0x00007fde68270000)
  from space 1498624K,   8% used [0x00007fde68270000, 0x00007fde700a5428, 0x00007fdec39f0000)
  to   space 1498624K,   0% used [0x00007fdec39f0000, 0x00007fdec39f0000, 0x00007fdf1f170000)
 tenured generation   total 29973360K, used 29923469K [0x00007fe0e1b50000, 0x00007fe80722c000, 0x00007feb8c600000)
   the space 29973360K,  99% used [0x00007fe0e1b50000, 0x00007fe804173668, 0x00007fe804173800, 0x00007fe80722c000)
 Metaspace       used 24278K, capacity 24713K, committed 24832K, reserved 26624K
}
Event: 21456.451 GC heap after
{Heap after GC invocations=10790 (full 7):
 def new generation   total 13488064K, used 125213K [0x00007fdb8c600000, 0x00007fdf1f170000, 0x00007fe0e1b50000)
  eden space 11989440K,   0% used [0x00007fdb8c600000, 0x00007fdb8c600000, 0x00007fde68270000)
  from space 1498624K,   8% used [0x00007fdec39f0000, 0x00007fdecb4374b8, 0x00007fdf1f170000)
  to   space 1498624K,   0% used [0x00007fde68270000, 0x00007fde68270000, 0x00007fdec39f0000)
 tenured generation   total 29973360K, used 29933997K [0x00007fe0e1b50000, 0x00007fe80722c000, 0x00007feb8c600000)
   the space 29973360K,  99% used [0x00007fe0e1b50000, 0x00007fe804bbb460, 0x00007fe804bbb600, 0x00007fe80722c000)
 Metaspace       used 24278K, capacity 24713K, committed 24832K, reserved 26624K
}
Event: 21462.238 GC heap before
{Heap before GC invocations=10790 (full 7):
 def new generation   total 13488064K, used 12114653K [0x00007fdb8c600000, 0x00007fdf1f170000, 0x00007fe0e1b50000)
  eden space 11989440K, 100% used [0x00007fdb8c600000, 0x00007fde68270000, 0x00007fde68270000)
  from space 1498624K,   8% used [0x00007fdec39f0000, 0x00007fdecb4374b8, 0x00007fdf1f170000)
  to   space 1498624K,   0% used [0x00007fde68270000, 0x00007fde68270000, 0x00007fdec39f0000)
 tenured generation   total 29973360K, used 29933997K [0x00007fe0e1b50000, 0x00007fe80722c000, 0x00007feb8c600000)
   the space 29973360K,  99% used [0x00007fe0e1b50000, 0x00007fe804bbb460, 0x00007fe804bbb600, 0x00007fe80722c000)
 Metaspace       used 24278K, capacity 24713K, committed 24832K, reserved 26624K
}
Event: 21462.299 GC heap after
{Heap after GC invocations=10791 (full 7):
 def new generation   total 13488064K, used 122174K [0x00007fdb8c600000, 0x00007fdf1f170000, 0x00007fe0e1b50000)
  eden space 11989440K,   0% used [0x00007fdb8c600000, 0x00007fdb8c600000, 0x00007fde68270000)
  from space 1498624K,   8% used [0x00007fde68270000, 0x00007fde6f9bf828, 0x00007fdec39f0000)
  to   space 1498624K,   0% used [0x00007fdec39f0000, 0x00007fdec39f0000, 0x00007fdf1f170000)
 tenured generation   total 29973360K, used 29946393K [0x00007fe0e1b50000, 0x00007fe80722c000, 0x00007feb8c600000)
   the space 29973360K,  99% used [0x00007fe0e1b50000, 0x00007fe8057d65d8, 0x00007fe8057d6600, 0x00007fe80722c000)
 Metaspace       used 24278K, capacity 24713K, committed 24832K, reserved 26624K
}
Event: 21467.914 GC heap before
{Heap before GC invocations=10791 (full 7):
 def new generation   total 13488064K, used 12111614K [0x00007fdb8c600000, 0x00007fdf1f170000, 0x00007fe0e1b50000)
  eden space 11989440K, 100% used [0x00007fdb8c600000, 0x00007fde68270000, 0x00007fde68270000)
  from space 1498624K,   8% used [0x00007fde68270000, 0x00007fde6f9bf828, 0x00007fdec39f0000)
  to   space 1498624K,   0% used [0x00007fdec39f0000, 0x00007fdec39f0000, 0x00007fdf1f170000)
 tenured generation   total 29973360K, used 29946393K [0x00007fe0e1b50000, 0x00007fe80722c000, 0x00007feb8c600000)
   the space 29973360K,  99% used [0x00007fe0e1b50000, 0x00007fe8057d65d8, 0x00007fe8057d6600, 0x00007fe80722c000)
 Metaspace       used 24278K, capacity 24713K, committed 24832K, reserved 26624K
}
Event: 21467.995 GC heap after
{Heap after GC invocations=10792 (full 7):
 def new generation   total 13488064K, used 118919K [0x00007fdb8c600000, 0x00007fdf1f170000, 0x00007fe0e1b50000)
  eden space 11989440K,   0% used [0x00007fdb8c600000, 0x00007fdb8c600000, 0x00007fde68270000)
  from space 1498624K,   7% used [0x00007fdec39f0000, 0x00007fdecae11d20, 0x00007fdf1f170000)
  to   space 1498624K,   0% used [0x00007fde68270000, 0x00007fde68270000, 0x00007fdec39f0000)
 tenured generation   total 29973360K, used 29962024K [0x00007fe0e1b50000, 0x00007fe80722c000, 0x00007feb8c600000)
   the space 29973360K,  99% used [0x00007fe0e1b50000, 0x00007fe80671a3d8, 0x00007fe80671a400, 0x00007fe80722c000)
 Metaspace       used 24278K, capacity 24713K, committed 24832K, reserved 26624K
}
Event: 21474.109 GC heap before
{Heap before GC invocations=10792 (full 7):
 def new generation   total 13488064K, used 12108359K [0x00007fdb8c600000, 0x00007fdf1f170000, 0x00007fe0e1b50000)
  eden space 11989440K, 100% used [0x00007fdb8c600000, 0x00007fde68270000, 0x00007fde68270000)
  from space 1498624K,   7% used [0x00007fdec39f0000, 0x00007fdecae11d20, 0x00007fdf1f170000)
  to   space 1498624K,   0% used [0x00007fde68270000, 0x00007fde68270000, 0x00007fdec39f0000)
 tenured generation   total 29973360K, used 29962024K [0x00007fe0e1b50000, 0x00007fe80722c000, 0x00007feb8c600000)
   the space 29973360K,  99% used [0x00007fe0e1b50000, 0x00007fe80671a3d8, 0x00007fe80671a400, 0x00007fe80722c000)
 Metaspace       used 24278K, capacity 24713K, committed 24832K, reserved 26624K
}
Event: 21474.168 GC heap after
{Heap after GC invocations=10793 (full 7):
 def new generation   total 13488064K, used 123299K [0x00007fdb8c600000, 0x00007fdf1f170000, 0x00007fe0e1b50000)
  eden space 11989440K,   0% used [0x00007fdb8c600000, 0x00007fdb8c600000, 0x00007fde68270000)
  from space 1498624K,   8% used [0x00007fde68270000, 0x00007fde6fad8fb0, 0x00007fdec39f0000)
  to   space 1498624K,   0% used [0x00007fdec39f0000, 0x00007fdec39f0000, 0x00007fdf1f170000)
 tenured generation   total 29973360K, used 29968560K [0x00007fe0e1b50000, 0x00007fe80722c000, 0x00007feb8c600000)
   the space 29973360K,  99% used [0x00007fe0e1b50000, 0x00007fe806d7c1e8, 0x00007fe806d7c200, 0x00007fe80722c000)
 Metaspace       used 24278K, capacity 24713K, committed 24832K, reserved 26624K
}
Event: 21480.986 GC heap before
{Heap before GC invocations=10793 (full 7):
 def new generation   total 13488064K, used 12112739K [0x00007fdb8c600000, 0x00007fdf1f170000, 0x00007fe0e1b50000)
  eden space 11989440K, 100% used [0x00007fdb8c600000, 0x00007fde68270000, 0x00007fde68270000)
  from space 1498624K,   8% used [0x00007fde68270000, 0x00007fde6fad8fb0, 0x00007fdec39f0000)
  to   space 1498624K,   0% used [0x00007fdec39f0000, 0x00007fdec39f0000, 0x00007fdf1f170000)
 tenured generation   total 29973360K, used 29968560K [0x00007fe0e1b50000, 0x00007fe80722c000, 0x00007feb8c600000)
   the space 29973360K,  99% used [0x00007fe0e1b50000, 0x00007fe806d7c1e8, 0x00007fe806d7c200, 0x00007fe80722c000)
 Metaspace       used 24278K, capacity 24713K, committed 24832K, reserved 26624K
}
Event: 21481.065 GC heap after
{Heap after GC invocations=10794 (full 7):
 def new generation   total 13488064K, used 123463K [0x00007fdb8c600000, 0x00007fdf1f170000, 0x00007fe0e1b50000)
  eden space 11989440K,   0% used [0x00007fdb8c600000, 0x00007fdb8c600000, 0x00007fde68270000)
  from space 1498624K,   8% used [0x00007fdec39f0000, 0x00007fdecb281c38, 0x00007fdf1f170000)
  to   space 1498624K,   0% used [0x00007fde68270000, 0x00007fde68270000, 0x00007fdec39f0000)
 tenured generation   total 29976816K, used 29976625K [0x00007fe0e1b50000, 0x00007fe80758c000, 0x00007feb8c600000)
   the space 29976816K,  99% used [0x00007fe0e1b50000, 0x00007fe80755c648, 0x00007fe80755c800, 0x00007fe80758c000)
 Metaspace       used 24278K, capacity 24713K, committed 24832K, reserved 26624K
}
Event: 21481.065 GC heap before
{Heap before GC invocations=10794 (full 7):
 def new generation   total 13488064K, used 123463K [0x00007fdb8c600000, 0x00007fdf1f170000, 0x00007fe0e1b50000)
  eden space 11989440K,   0% used [0x00007fdb8c600000, 0x00007fdb8c600000, 0x00007fde68270000)
  from space 1498624K,   8% used [0x00007fdec39f0000, 0x00007fdecb281c38, 0x00007fdf1f170000)
  to   space 1498624K,   0% used [0x00007fde68270000, 0x00007fde68270000, 0x00007fdec39f0000)
 tenured generation   total 29976816K, used 29976625K [0x00007fe0e1b50000, 0x00007fe80758c000, 0x00007feb8c600000)
   the space 29976816K,  99% used [0x00007fe0e1b50000, 0x00007fe80755c648, 0x00007fe80755c800, 0x00007fe80758c000)
 Metaspace       used 24278K, capacity 24713K, committed 24832K, reserved 26624K
}

