# JRE version: OpenJDK Runtime Environment (13.0.7+5) (build 13.0.7+5-Ubuntu-0ubuntu120.04)
# Java VM: OpenJDK 64-Bit Server VM (13.0.7+5-Ubuntu-0ubuntu120.04, mixed mode, tiered, serial gc, linux-amd64)
Heap:
 def new generation   total 9106496K, used 0K [0x00007f19b4600000, 0x00007f1c1df20000, 0x00007f1f09b50000)
  eden space 8094720K,   0% used [0x00007f19b4600000, 0x00007f19b4600000, 0x00007f1ba2700000)
  from space 1011776K,   0% used [0x00007f1be0310000, 0x00007f1be0310000, 0x00007f1c1df20000)
  to   space 1011776K,   0% used [0x00007f1ba2700000, 0x00007f1ba2700000, 0x00007f1be0310000)
 tenured generation   total 20442444K, used 19382903K [0x00007f1f09b50000, 0x00007f23e96a3000, 0x00007f29b4600000)
   the space 20442444K,  94% used [0x00007f1f09b50000, 0x00007f23a8bedd98, 0x00007f23a8bede00, 0x00007f23e96a3000)
 Metaspace       used 30641K, capacity 31051K, committed 31232K, reserved 32768K
GC Heap History (20 events):
Event: 1537.239 GC heap after
{Heap after GC invocations=158 (full 11):
 def new generation   total 9106496K, used 621963K [0x00007f19b4600000, 0x00007f1c1df20000, 0x00007f1f09b50000)
  eden space 8094720K,   0% used [0x00007f19b4600000, 0x00007f19b4600000, 0x00007f1ba2700000)
  from space 1011776K,  61% used [0x00007f1ba2700000, 0x00007f1bc8662c00, 0x00007f1be0310000)
  to   space 1011776K,   0% used [0x00007f1be0310000, 0x00007f1be0310000, 0x00007f1c1df20000)
 tenured generation   total 20236428K, used 14949857K [0x00007f1f09b50000, 0x00007f23dcd73000, 0x00007f29b4600000)
   the space 20236428K,  73% used [0x00007f1f09b50000, 0x00007f229a2c8580, 0x00007f229a2c8600, 0x00007f23dcd73000)
 Metaspace       used 30641K, capacity 31051K, committed 31232K, reserved 32768K
}
Event: 1539.172 GC heap before
{Heap before GC invocations=158 (full 11):
 def new generation   total 9106496K, used 8716683K [0x00007f19b4600000, 0x00007f1c1df20000, 0x00007f1f09b50000)
  eden space 8094720K, 100% used [0x00007f19b4600000, 0x00007f1ba2700000, 0x00007f1ba2700000)
  from space 1011776K,  61% used [0x00007f1ba2700000, 0x00007f1bc8662c00, 0x00007f1be0310000)
  to   space 1011776K,   0% used [0x00007f1be0310000, 0x00007f1be0310000, 0x00007f1c1df20000)
 tenured generation   total 20236428K, used 14949857K [0x00007f1f09b50000, 0x00007f23dcd73000, 0x00007f29b4600000)
   the space 20236428K,  73% used [0x00007f1f09b50000, 0x00007f229a2c8580, 0x00007f229a2c8600, 0x00007f23dcd73000)
 Metaspace       used 30641K, capacity 31051K, committed 31232K, reserved 32768K
}
Event: 1540.634 GC heap after
{Heap after GC invocations=159 (full 11):
 def new generation   total 9106496K, used 604141K [0x00007f19b4600000, 0x00007f1c1df20000, 0x00007f1f09b50000)
  eden space 8094720K,   0% used [0x00007f19b4600000, 0x00007f19b4600000, 0x00007f1ba2700000)
  from space 1011776K,  59% used [0x00007f1be0310000, 0x00007f1c0510b650, 0x00007f1c1df20000)
  to   space 1011776K,   0% used [0x00007f1ba2700000, 0x00007f1ba2700000, 0x00007f1be0310000)
 tenured generation   total 20236428K, used 15571819K [0x00007f1f09b50000, 0x00007f23dcd73000, 0x00007f29b4600000)
   the space 20236428K,  76% used [0x00007f1f09b50000, 0x00007f22c022ade0, 0x00007f22c022ae00, 0x00007f23dcd73000)
 Metaspace       used 30641K, capacity 31051K, committed 31232K, reserved 32768K
}
Event: 1542.526 GC heap before
{Heap before GC invocations=159 (full 11):
 def new generation   total 9106496K, used 8698861K [0x00007f19b4600000, 0x00007f1c1df20000, 0x00007f1f09b50000)
  eden space 8094720K, 100% used [0x00007f19b4600000, 0x00007f1ba2700000, 0x00007f1ba2700000)
  from space 1011776K,  59% used [0x00007f1be0310000, 0x00007f1c0510b650, 0x00007f1c1df20000)
  to   space 1011776K,   0% used [0x00007f1ba2700000, 0x00007f1ba2700000, 0x00007f1be0310000)
 tenured generation   total 20236428K, used 15571819K [0x00007f1f09b50000, 0x00007f23dcd73000, 0x00007f29b4600000)
   the space 20236428K,  76% used [0x00007f1f09b50000, 0x00007f22c022ade0, 0x00007f22c022ae00, 0x00007f23dcd73000)
 Metaspace       used 30641K, capacity 31051K, committed 31232K, reserved 32768K
}
Event: 1544.006 GC heap after
{Heap after GC invocations=160 (full 11):
 def new generation   total 9106496K, used 610082K [0x00007f19b4600000, 0x00007f1c1df20000, 0x00007f1f09b50000)
  eden space 8094720K,   0% used [0x00007f19b4600000, 0x00007f19b4600000, 0x00007f1ba2700000)
  from space 1011776K,  60% used [0x00007f1ba2700000, 0x00007f1bc7ac8b30, 0x00007f1be0310000)
  to   space 1011776K,   0% used [0x00007f1be0310000, 0x00007f1be0310000, 0x00007f1c1df20000)
 tenured generation   total 20236428K, used 16175959K [0x00007f1f09b50000, 0x00007f23dcd73000, 0x00007f29b4600000)
   the space 20236428K,  79% used [0x00007f1f09b50000, 0x00007f22e5025fe0, 0x00007f22e5026000, 0x00007f23dcd73000)
 Metaspace       used 30641K, capacity 31051K, committed 31232K, reserved 32768K
}
Event: 1545.965 GC heap before
{Heap before GC invocations=160 (full 11):
 def new generation   total 9106496K, used 8704802K [0x00007f19b4600000, 0x00007f1c1df20000, 0x00007f1f09b50000)
  eden space 8094720K, 100% used [0x00007f19b4600000, 0x00007f1ba2700000, 0x00007f1ba2700000)
  from space 1011776K,  60% used [0x00007f1ba2700000, 0x00007f1bc7ac8b30, 0x00007f1be0310000)
  to   space 1011776K,   0% used [0x00007f1be0310000, 0x00007f1be0310000, 0x00007f1c1df20000)
 tenured generation   total 20236428K, used 16175959K [0x00007f1f09b50000, 0x00007f23dcd73000, 0x00007f29b4600000)
   the space 20236428K,  79% used [0x00007f1f09b50000, 0x00007f22e5025fe0, 0x00007f22e5026000, 0x00007f23dcd73000)
 Metaspace       used 30641K, capacity 31051K, committed 31232K, reserved 32768K
}
Event: 1547.475 GC heap after
{Heap after GC invocations=161 (full 11):
 def new generation   total 9106496K, used 616427K [0x00007f19b4600000, 0x00007f1c1df20000, 0x00007f1f09b50000)
  eden space 8094720K,   0% used [0x00007f19b4600000, 0x00007f19b4600000, 0x00007f1ba2700000)
  from space 1011776K,  60% used [0x00007f1be0310000, 0x00007f1c05d0acc8, 0x00007f1c1df20000)
  to   space 1011776K,   0% used [0x00007f1ba2700000, 0x00007f1ba2700000, 0x00007f1be0310000)
 tenured generation   total 20236428K, used 16786041K [0x00007f1f09b50000, 0x00007f23dcd73000, 0x00007f29b4600000)
   the space 20236428K,  82% used [0x00007f1f09b50000, 0x00007f230a3ee750, 0x00007f230a3ee800, 0x00007f23dcd73000)
 Metaspace       used 30641K, capacity 31051K, committed 31232K, reserved 32768K
}
Event: 1549.400 GC heap before
{Heap before GC invocations=161 (full 11):
 def new generation   total 9106496K, used 8711147K [0x00007f19b4600000, 0x00007f1c1df20000, 0x00007f1f09b50000)
  eden space 8094720K, 100% used [0x00007f19b4600000, 0x00007f1ba2700000, 0x00007f1ba2700000)
  from space 1011776K,  60% used [0x00007f1be0310000, 0x00007f1c05d0acc8, 0x00007f1c1df20000)
  to   space 1011776K,   0% used [0x00007f1ba2700000, 0x00007f1ba2700000, 0x00007f1be0310000)
 tenured generation   total 20236428K, used 16786041K [0x00007f1f09b50000, 0x00007f23dcd73000, 0x00007f29b4600000)
   the space 20236428K,  82% used [0x00007f1f09b50000, 0x00007f230a3ee750, 0x00007f230a3ee800, 0x00007f23dcd73000)
 Metaspace       used 30641K, capacity 31051K, committed 31232K, reserved 32768K
}
Event: 1550.853 GC heap after
{Heap after GC invocations=162 (full 11):
 def new generation   total 9106496K, used 601590K [0x00007f19b4600000, 0x00007f1c1df20000, 0x00007f1f09b50000)
  eden space 8094720K,   0% used [0x00007f19b4600000, 0x00007f19b4600000, 0x00007f1ba2700000)
  from space 1011776K,  59% used [0x00007f1ba2700000, 0x00007f1bc727dbb8, 0x00007f1be0310000)
  to   space 1011776K,   0% used [0x00007f1be0310000, 0x00007f1be0310000, 0x00007f1c1df20000)
 tenured generation   total 20236428K, used 17402468K [0x00007f1f09b50000, 0x00007f23dcd73000, 0x00007f29b4600000)
   the space 20236428K,  85% used [0x00007f1f09b50000, 0x00007f232fde93a8, 0x00007f232fde9400, 0x00007f23dcd73000)
 Metaspace       used 30641K, capacity 31051K, committed 31232K, reserved 32768K
}
Event: 1552.751 GC heap before
{Heap before GC invocations=162 (full 11):
 def new generation   total 9106496K, used 8696310K [0x00007f19b4600000, 0x00007f1c1df20000, 0x00007f1f09b50000)
  eden space 8094720K, 100% used [0x00007f19b4600000, 0x00007f1ba2700000, 0x00007f1ba2700000)
  from space 1011776K,  59% used [0x00007f1ba2700000, 0x00007f1bc727dbb8, 0x00007f1be0310000)
  to   space 1011776K,   0% used [0x00007f1be0310000, 0x00007f1be0310000, 0x00007f1c1df20000)
 tenured generation   total 20236428K, used 17402468K [0x00007f1f09b50000, 0x00007f23dcd73000, 0x00007f29b4600000)
   the space 20236428K,  85% used [0x00007f1f09b50000, 0x00007f232fde93a8, 0x00007f232fde9400, 0x00007f23dcd73000)
 Metaspace       used 30641K, capacity 31051K, committed 31232K, reserved 32768K
}
Event: 1554.227 GC heap after
{Heap after GC invocations=163 (full 11):
 def new generation   total 9106496K, used 609480K [0x00007f19b4600000, 0x00007f1c1df20000, 0x00007f1f09b50000)
  eden space 8094720K,   0% used [0x00007f19b4600000, 0x00007f19b4600000, 0x00007f1ba2700000)
  from space 1011776K,  60% used [0x00007f1be0310000, 0x00007f1c056423d8, 0x00007f1c1df20000)
  to   space 1011776K,   0% used [0x00007f1ba2700000, 0x00007f1ba2700000, 0x00007f1be0310000)
 tenured generation   total 20236428K, used 18004058K [0x00007f1f09b50000, 0x00007f23dcd73000, 0x00007f29b4600000)
   the space 20236428K,  88% used [0x00007f1f09b50000, 0x00007f2354966b90, 0x00007f2354966c00, 0x00007f23dcd73000)
 Metaspace       used 30641K, capacity 31051K, committed 31232K, reserved 32768K
}
Event: 1556.146 GC heap before
{Heap before GC invocations=163 (full 11):
 def new generation   total 9106496K, used 8704200K [0x00007f19b4600000, 0x00007f1c1df20000, 0x00007f1f09b50000)
  eden space 8094720K, 100% used [0x00007f19b4600000, 0x00007f1ba2700000, 0x00007f1ba2700000)
  from space 1011776K,  60% used [0x00007f1be0310000, 0x00007f1c056423d8, 0x00007f1c1df20000)
  to   space 1011776K,   0% used [0x00007f1ba2700000, 0x00007f1ba2700000, 0x00007f1be0310000)
 tenured generation   total 20236428K, used 18004058K [0x00007f1f09b50000, 0x00007f23dcd73000, 0x00007f29b4600000)
   the space 20236428K,  88% used [0x00007f1f09b50000, 0x00007f2354966b90, 0x00007f2354966c00, 0x00007f23dcd73000)
 Metaspace       used 30641K, capacity 31051K, committed 31232K, reserved 32768K
}
Event: 1557.623 GC heap after
{Heap after GC invocations=164 (full 11):
 def new generation   total 9106496K, used 606821K [0x00007f19b4600000, 0x00007f1c1df20000, 0x00007f1f09b50000)
  eden space 8094720K,   0% used [0x00007f19b4600000, 0x00007f19b4600000, 0x00007f1ba2700000)
  from space 1011776K,  59% used [0x00007f1ba2700000, 0x00007f1bc7799528, 0x00007f1be0310000)
  to   space 1011776K,   0% used [0x00007f1be0310000, 0x00007f1be0310000, 0x00007f1c1df20000)
 tenured generation   total 20236428K, used 18613539K [0x00007f1f09b50000, 0x00007f23dcd73000, 0x00007f29b4600000)
   the space 20236428K,  91% used [0x00007f1f09b50000, 0x00007f2379c98de8, 0x00007f2379c98e00, 0x00007f23dcd73000)
 Metaspace       used 30641K, capacity 31051K, committed 31232K, reserved 32768K
}
Event: 1559.491 GC heap before
{Heap before GC invocations=164 (full 11):
 def new generation   total 9106496K, used 8701541K [0x00007f19b4600000, 0x00007f1c1df20000, 0x00007f1f09b50000)
  eden space 8094720K, 100% used [0x00007f19b4600000, 0x00007f1ba2700000, 0x00007f1ba2700000)
  from space 1011776K,  59% used [0x00007f1ba2700000, 0x00007f1bc7799528, 0x00007f1be0310000)
  to   space 1011776K,   0% used [0x00007f1be0310000, 0x00007f1be0310000, 0x00007f1c1df20000)
 tenured generation   total 20236428K, used 18613539K [0x00007f1f09b50000, 0x00007f23dcd73000, 0x00007f29b4600000)
   the space 20236428K,  91% used [0x00007f1f09b50000, 0x00007f2379c98de8, 0x00007f2379c98e00, 0x00007f23dcd73000)
 Metaspace       used 30641K, capacity 31051K, committed 31232K, reserved 32768K
}
Event: 1560.991 GC heap after
{Heap after GC invocations=165 (full 11):
 def new generation   total 9106496K, used 612184K [0x00007f19b4600000, 0x00007f1c1df20000, 0x00007f1f09b50000)
  eden space 8094720K,   0% used [0x00007f19b4600000, 0x00007f19b4600000, 0x00007f1ba2700000)
  from space 1011776K,  60% used [0x00007f1be0310000, 0x00007f1c058e6080, 0x00007f1c1df20000)
  to   space 1011776K,   0% used [0x00007f1ba2700000, 0x00007f1ba2700000, 0x00007f1be0310000)
 tenured generation   total 20236428K, used 19220360K [0x00007f1f09b50000, 0x00007f23dcd73000, 0x00007f29b4600000)
   the space 20236428K,  94% used [0x00007f1f09b50000, 0x00007f239ed32060, 0x00007f239ed32200, 0x00007f23dcd73000)
 Metaspace       used 30641K, capacity 31051K, committed 31232K, reserved 32768K
}
Event: 1562.849 GC heap before
{Heap before GC invocations=165 (full 11):
 def new generation   total 9106496K, used 8706904K [0x00007f19b4600000, 0x00007f1c1df20000, 0x00007f1f09b50000)
  eden space 8094720K, 100% used [0x00007f19b4600000, 0x00007f1ba2700000, 0x00007f1ba2700000)
  from space 1011776K,  60% used [0x00007f1be0310000, 0x00007f1c058e6080, 0x00007f1c1df20000)
  to   space 1011776K,   0% used [0x00007f1ba2700000, 0x00007f1ba2700000, 0x00007f1be0310000)
 tenured generation   total 20236428K, used 19220360K [0x00007f1f09b50000, 0x00007f23dcd73000, 0x00007f29b4600000)
   the space 20236428K,  94% used [0x00007f1f09b50000, 0x00007f239ed32060, 0x00007f239ed32200, 0x00007f23dcd73000)
 Metaspace       used 30641K, capacity 31051K, committed 31232K, reserved 32768K
}
Event: 1564.349 GC heap after
{Heap after GC invocations=166 (full 11):
 def new generation   total 9106496K, used 609807K [0x00007f19b4600000, 0x00007f1c1df20000, 0x00007f1f09b50000)
  eden space 8094720K,   0% used [0x00007f19b4600000, 0x00007f19b4600000, 0x00007f1ba2700000)
  from space 1011776K,  60% used [0x00007f1ba2700000, 0x00007f1bc7a83c20, 0x00007f1be0310000)
  to   space 1011776K,   0% used [0x00007f1be0310000, 0x00007f1be0310000, 0x00007f1c1df20000)
 tenured generation   total 20236428K, used 19832543K [0x00007f1f09b50000, 0x00007f23dcd73000, 0x00007f29b4600000)
   the space 20236428K,  98% used [0x00007f1f09b50000, 0x00007f23c4307eb0, 0x00007f23c4308000, 0x00007f23dcd73000)
 Metaspace       used 30641K, capacity 31051K, committed 31232K, reserved 32768K
}
Event: 1566.324 GC heap before
{Heap before GC invocations=166 (full 11):
 def new generation   total 9106496K, used 8704527K [0x00007f19b4600000, 0x00007f1c1df20000, 0x00007f1f09b50000)
  eden space 8094720K, 100% used [0x00007f19b4600000, 0x00007f1ba2700000, 0x00007f1ba2700000)
  from space 1011776K,  60% used [0x00007f1ba2700000, 0x00007f1bc7a83c20, 0x00007f1be0310000)
  to   space 1011776K,   0% used [0x00007f1be0310000, 0x00007f1be0310000, 0x00007f1c1df20000)
 tenured generation   total 20236428K, used 19832543K [0x00007f1f09b50000, 0x00007f23dcd73000, 0x00007f29b4600000)
   the space 20236428K,  98% used [0x00007f1f09b50000, 0x00007f23c4307eb0, 0x00007f23c4308000, 0x00007f23dcd73000)
 Metaspace       used 30641K, capacity 31051K, committed 31232K, reserved 32768K
}
Event: 1567.990 GC heap after
{Heap after GC invocations=167 (full 11):
 def new generation   total 9106496K, used 689732K [0x00007f19b4600000, 0x00007f1c1df20000, 0x00007f1f09b50000)
  eden space 8094720K,   0% used [0x00007f19b4600000, 0x00007f19b4600000, 0x00007f1ba2700000)
  from space 1011776K,  68% used [0x00007f1be0310000, 0x00007f1c0a4a13b0, 0x00007f1c1df20000)
  to   space 1011776K,   0% used [0x00007f1ba2700000, 0x00007f1ba2700000, 0x00007f1be0310000)
 tenured generation   total 20442444K, used 20442349K [0x00007f1f09b50000, 0x00007f23e96a3000, 0x00007f29b4600000)
   the space 20442444K,  99% used [0x00007f1f09b50000, 0x00007f23e968b7c0, 0x00007f23e968b800, 0x00007f23e96a3000)
 Metaspace       used 30641K, capacity 31051K, committed 31232K, reserved 32768K
}
Event: 1567.990 GC heap before
{Heap before GC invocations=167 (full 11):
 def new generation   total 9106496K, used 689732K [0x00007f19b4600000, 0x00007f1c1df20000, 0x00007f1f09b50000)
  eden space 8094720K,   0% used [0x00007f19b4600000, 0x00007f19b4600000, 0x00007f1ba2700000)
  from space 1011776K,  68% used [0x00007f1be0310000, 0x00007f1c0a4a13b0, 0x00007f1c1df20000)
  to   space 1011776K,   0% used [0x00007f1ba2700000, 0x00007f1ba2700000, 0x00007f1be0310000)
 tenured generation   total 20442444K, used 20442349K [0x00007f1f09b50000, 0x00007f23e96a3000, 0x00007f29b4600000)
   the space 20442444K,  99% used [0x00007f1f09b50000, 0x00007f23e968b7c0, 0x00007f23e968b800, 0x00007f23e96a3000)
 Metaspace       used 30641K, capacity 31051K, committed 31232K, reserved 32768K
}

