# JRE version: OpenJDK Runtime Environment (13.0.7+5) (build 13.0.7+5-Ubuntu-0ubuntu120.04)
# Java VM: OpenJDK 64-Bit Server VM (13.0.7+5-Ubuntu-0ubuntu120.04, mixed mode, tiered, serial gc, linux-amd64)
Heap:
 def new generation   total 7010112K, used 778879K [0x00007f2790600000, 0x00007f296bc70000, 0x00007f2ce5b50000)
  eden space 6231232K,  12% used [0x00007f2790600000, 0x00007f27bfe9ffc8, 0x00007f290cb30000)
  from space 778880K,   0% used [0x00007f290cb30000, 0x00007f290cb30000, 0x00007f293c3d0000)
  to   space 778880K,   0% used [0x00007f293c3d0000, 0x00007f293c3d0000, 0x00007f296bc70000)
 tenured generation   total 20860768K, used 20860767K [0x00007f2ce5b50000, 0x00007f31def28000, 0x00007f3790600000)
   the space 20860768K,  99% used [0x00007f2ce5b50000, 0x00007f31def27c58, 0x00007f31def27e00, 0x00007f31def28000)
 Metaspace       used 30921K, capacity 31339K, committed 31488K, reserved 32768K
GC Heap History (20 events):
Event: 18.274 GC heap after
{Heap after GC invocations=5 (full 1):
 def new generation   total 629248K, used 69887K [0x00007f2790600000, 0x00007f27bb0c0000, 0x00007f2ce5b50000)
  eden space 559360K,   0% used [0x00007f2790600000, 0x00007f2790600000, 0x00007f27b2840000)
  from space 69888K,  99% used [0x00007f27b2840000, 0x00007f27b6c7fde8, 0x00007f27b6c80000)
  to   space 69888K,   0% used [0x00007f27b6c80000, 0x00007f27b6c80000, 0x00007f27bb0c0000)
 tenured generation   total 1851648K, used 1851578K [0x00007f2ce5b50000, 0x00007f2d56b90000, 0x00007f3790600000)
   the space 1851648K,  99% used [0x00007f2ce5b50000, 0x00007f2d56b7ea80, 0x00007f2d56b7ec00, 0x00007f2d56b90000)
 Metaspace       used 30919K, capacity 31339K, committed 31488K, reserved 32768K
}
Event: 18.275 GC heap before
{Heap before GC invocations=5 (full 1):
 def new generation   total 629248K, used 69887K [0x00007f2790600000, 0x00007f27bb0c0000, 0x00007f2ce5b50000)
  eden space 559360K,   0% used [0x00007f2790600000, 0x00007f2790600000, 0x00007f27b2840000)
  from space 69888K,  99% used [0x00007f27b2840000, 0x00007f27b6c7fde8, 0x00007f27b6c80000)
  to   space 69888K,   0% used [0x00007f27b6c80000, 0x00007f27b6c80000, 0x00007f27bb0c0000)
 tenured generation   total 1851648K, used 1851578K [0x00007f2ce5b50000, 0x00007f2d56b90000, 0x00007f3790600000)
   the space 1851648K,  99% used [0x00007f2ce5b50000, 0x00007f2d56b7ea80, 0x00007f2d56b7ec00, 0x00007f2d56b90000)
 Metaspace       used 30919K, capacity 31339K, committed 31488K, reserved 32768K
}
Event: 20.240 GC heap after
{Heap after GC invocations=5 (full 2):
 def new generation   total 1388800K, used 69818K [0x00007f2790600000, 0x00007f27ee8f0000, 0x00007f2ce5b50000)
  eden space 1234496K,   5% used [0x00007f2790600000, 0x00007f2794a2eba0, 0x00007f27dbb90000)
  from space 154304K,   0% used [0x00007f27dbb90000, 0x00007f27dbb90000, 0x00007f27e5240000)
  to   space 154304K,   0% used [0x00007f27e5240000, 0x00007f27e5240000, 0x00007f27ee8f0000)
 tenured generation   total 3086080K, used 1851647K [0x00007f2ce5b50000, 0x00007f2da2110000, 0x00007f3790600000)
   the space 3086080K,  59% used [0x00007f2ce5b50000, 0x00007f2d56b8fcc8, 0x00007f2d56b8fe00, 0x00007f2da2110000)
 Metaspace       used 30919K, capacity 31339K, committed 31488K, reserved 32768K
}
Event: 21.167 GC heap before
{Heap before GC invocations=5 (full 2):
 def new generation   total 1388800K, used 1234496K [0x00007f2790600000, 0x00007f27ee8f0000, 0x00007f2ce5b50000)
  eden space 1234496K, 100% used [0x00007f2790600000, 0x00007f27dbb90000, 0x00007f27dbb90000)
  from space 154304K,   0% used [0x00007f27dbb90000, 0x00007f27dbb90000, 0x00007f27e5240000)
  to   space 154304K,   0% used [0x00007f27e5240000, 0x00007f27e5240000, 0x00007f27ee8f0000)
 tenured generation   total 3086080K, used 1851647K [0x00007f2ce5b50000, 0x00007f2da2110000, 0x00007f3790600000)
   the space 3086080K,  59% used [0x00007f2ce5b50000, 0x00007f2d56b8fcc8, 0x00007f2d56b8fe00, 0x00007f2da2110000)
 Metaspace       used 30921K, capacity 31339K, committed 31488K, reserved 32768K
}
Event: 24.073 GC heap after
{Heap after GC invocations=6 (full 2):
 def new generation   total 1388800K, used 154303K [0x00007f2790600000, 0x00007f27ee8f0000, 0x00007f2ce5b50000)
  eden space 1234496K,   0% used [0x00007f2790600000, 0x00007f2790600000, 0x00007f27dbb90000)
  from space 154304K,  99% used [0x00007f27e5240000, 0x00007f27ee8eff00, 0x00007f27ee8f0000)
  to   space 154304K,   0% used [0x00007f27dbb90000, 0x00007f27dbb90000, 0x00007f27e5240000)
 tenured generation   total 3086080K, used 2919449K [0x00007f2ce5b50000, 0x00007f2da2110000, 0x00007f3790600000)
   the space 3086080K,  94% used [0x00007f2ce5b50000, 0x00007f2d97e566c0, 0x00007f2d97e56800, 0x00007f2da2110000)
 Metaspace       used 30921K, capacity 31339K, committed 31488K, reserved 32768K
}
Event: 24.853 GC heap before
{Heap before GC invocations=6 (full 2):
 def new generation   total 1388800K, used 1388799K [0x00007f2790600000, 0x00007f27ee8f0000, 0x00007f2ce5b50000)
  eden space 1234496K, 100% used [0x00007f2790600000, 0x00007f27dbb90000, 0x00007f27dbb90000)
  from space 154304K,  99% used [0x00007f27e5240000, 0x00007f27ee8eff00, 0x00007f27ee8f0000)
  to   space 154304K,   0% used [0x00007f27dbb90000, 0x00007f27dbb90000, 0x00007f27e5240000)
 tenured generation   total 3086080K, used 2919449K [0x00007f2ce5b50000, 0x00007f2da2110000, 0x00007f3790600000)
   the space 3086080K,  94% used [0x00007f2ce5b50000, 0x00007f2d97e566c0, 0x00007f2d97e56800, 0x00007f2da2110000)
 Metaspace       used 30921K, capacity 31339K, committed 31488K, reserved 32768K
}
Event: 28.271 GC heap after
{Heap after GC invocations=7 (full 2):
 def new generation   total 1388800K, used 154303K [0x00007f2790600000, 0x00007f27ee8f0000, 0x00007f2ce5b50000)
  eden space 1234496K,   0% used [0x00007f2790600000, 0x00007f2790600000, 0x00007f27dbb90000)
  from space 154304K,  99% used [0x00007f27dbb90000, 0x00007f27e523feb0, 0x00007f27e5240000)
  to   space 154304K,   0% used [0x00007f27e5240000, 0x00007f27e5240000, 0x00007f27ee8f0000)
 tenured generation   total 4153984K, used 4153880K [0x00007f2ce5b50000, 0x00007f2de33f0000, 0x00007f3790600000)
   the space 4153984K,  99% used [0x00007f2ce5b50000, 0x00007f2de33d60a8, 0x00007f2de33d6200, 0x00007f2de33f0000)
 Metaspace       used 30921K, capacity 31339K, committed 31488K, reserved 32768K
}
Event: 28.271 GC heap before
{Heap before GC invocations=7 (full 2):
 def new generation   total 1388800K, used 154303K [0x00007f2790600000, 0x00007f27ee8f0000, 0x00007f2ce5b50000)
  eden space 1234496K,   0% used [0x00007f2790600000, 0x00007f2790600000, 0x00007f27dbb90000)
  from space 154304K,  99% used [0x00007f27dbb90000, 0x00007f27e523feb0, 0x00007f27e5240000)
  to   space 154304K,   0% used [0x00007f27e5240000, 0x00007f27e5240000, 0x00007f27ee8f0000)
 tenured generation   total 4153984K, used 4153880K [0x00007f2ce5b50000, 0x00007f2de33f0000, 0x00007f3790600000)
   the space 4153984K,  99% used [0x00007f2ce5b50000, 0x00007f2de33d60a8, 0x00007f2de33d6200, 0x00007f2de33f0000)
 Metaspace       used 30921K, capacity 31339K, committed 31488K, reserved 32768K
}
Event: 32.506 GC heap after
{Heap after GC invocations=7 (full 3):
 def new generation   total 3115584K, used 154200K [0x00007f2790600000, 0x00007f2863a90000, 0x00007f2ce5b50000)
  eden space 2769472K,   5% used [0x00007f2790600000, 0x00007f2799c96138, 0x00007f2839690000)
  from space 346112K,   0% used [0x00007f2839690000, 0x00007f2839690000, 0x00007f284e890000)
  to   space 346112K,   0% used [0x00007f284e890000, 0x00007f284e890000, 0x00007f2863a90000)
 tenured generation   total 6923308K, used 4153983K [0x00007f2ce5b50000, 0x00007f2e8c45b000, 0x00007f3790600000)
   the space 6923308K,  59% used [0x00007f2ce5b50000, 0x00007f2de33efe20, 0x00007f2de33f0000, 0x00007f2e8c45b000)
 Metaspace       used 30921K, capacity 31339K, committed 31488K, reserved 32768K
}
Event: 34.647 GC heap before
{Heap before GC invocations=7 (full 3):
 def new generation   total 3115584K, used 2769472K [0x00007f2790600000, 0x00007f2863a90000, 0x00007f2ce5b50000)
  eden space 2769472K, 100% used [0x00007f2790600000, 0x00007f2839690000, 0x00007f2839690000)
  from space 346112K,   0% used [0x00007f2839690000, 0x00007f2839690000, 0x00007f284e890000)
  to   space 346112K,   0% used [0x00007f284e890000, 0x00007f284e890000, 0x00007f2863a90000)
 tenured generation   total 6923308K, used 4153983K [0x00007f2ce5b50000, 0x00007f2e8c45b000, 0x00007f3790600000)
   the space 6923308K,  59% used [0x00007f2ce5b50000, 0x00007f2de33efe20, 0x00007f2de33f0000, 0x00007f2e8c45b000)
 Metaspace       used 30921K, capacity 31339K, committed 31488K, reserved 32768K
}
Event: 42.830 GC heap after
{Heap after GC invocations=8 (full 3):
 def new generation   total 3115584K, used 346111K [0x00007f2790600000, 0x00007f2863a90000, 0x00007f2ce5b50000)
  eden space 2769472K,   0% used [0x00007f2790600000, 0x00007f2790600000, 0x00007f2839690000)
  from space 346112K,  99% used [0x00007f284e890000, 0x00007f2863a8fcd8, 0x00007f2863a90000)
  to   space 346112K,   0% used [0x00007f2839690000, 0x00007f2839690000, 0x00007f284e890000)
 tenured generation   total 6923308K, used 6577281K [0x00007f2ce5b50000, 0x00007f2e8c45b000, 0x00007f3790600000)
   the space 6923308K,  95% used [0x00007f2ce5b50000, 0x00007f2e772707a8, 0x00007f2e77270800, 0x00007f2e8c45b000)
 Metaspace       used 30921K, capacity 31339K, committed 31488K, reserved 32768K
}
Event: 44.977 GC heap before
{Heap before GC invocations=8 (full 3):
 def new generation   total 3115584K, used 3115583K [0x00007f2790600000, 0x00007f2863a90000, 0x00007f2ce5b50000)
  eden space 2769472K, 100% used [0x00007f2790600000, 0x00007f2839690000, 0x00007f2839690000)
  from space 346112K,  99% used [0x00007f284e890000, 0x00007f2863a8fcd8, 0x00007f2863a90000)
  to   space 346112K,   0% used [0x00007f2839690000, 0x00007f2839690000, 0x00007f284e890000)
 tenured generation   total 6923308K, used 6577281K [0x00007f2ce5b50000, 0x00007f2e8c45b000, 0x00007f3790600000)
   the space 6923308K,  95% used [0x00007f2ce5b50000, 0x00007f2e772707a8, 0x00007f2e77270800, 0x00007f2e8c45b000)
 Metaspace       used 30921K, capacity 31339K, committed 31488K, reserved 32768K
}
Event: 51.413 GC heap after
{Heap after GC invocations=9 (full 3):
 def new generation   total 3115584K, used 346111K [0x00007f2790600000, 0x00007f2863a90000, 0x00007f2ce5b50000)
  eden space 2769472K,   0% used [0x00007f2790600000, 0x00007f2790600000, 0x00007f2839690000)
  from space 346112K,  99% used [0x00007f2839690000, 0x00007f284e88fcd8, 0x00007f284e890000)
  to   space 346112K,   0% used [0x00007f284e890000, 0x00007f284e890000, 0x00007f2863a90000)
 tenured generation   total 9346732K, used 9346687K [0x00007f2ce5b50000, 0x00007f2f202fb000, 0x00007f3790600000)
   the space 9346732K,  99% used [0x00007f2ce5b50000, 0x00007f2f202efda8, 0x00007f2f202efe00, 0x00007f2f202fb000)
 Metaspace       used 30921K, capacity 31339K, committed 31488K, reserved 32768K
}
Event: 51.413 GC heap before
{Heap before GC invocations=9 (full 3):
 def new generation   total 3115584K, used 346111K [0x00007f2790600000, 0x00007f2863a90000, 0x00007f2ce5b50000)
  eden space 2769472K,   0% used [0x00007f2790600000, 0x00007f2790600000, 0x00007f2839690000)
  from space 346112K,  99% used [0x00007f2839690000, 0x00007f284e88fcd8, 0x00007f284e890000)
  to   space 346112K,   0% used [0x00007f284e890000, 0x00007f284e890000, 0x00007f2863a90000)
 tenured generation   total 9346732K, used 9346687K [0x00007f2ce5b50000, 0x00007f2f202fb000, 0x00007f3790600000)
   the space 9346732K,  99% used [0x00007f2ce5b50000, 0x00007f2f202efda8, 0x00007f2f202efe00, 0x00007f2f202fb000)
 Metaspace       used 30921K, capacity 31339K, committed 31488K, reserved 32768K
}
Event: 69.401 GC heap after
{Heap after GC invocations=9 (full 4):
 def new generation   total 7010112K, used 340661K [0x00007f2790600000, 0x00007f296bc70000, 0x00007f2ce5b50000)
  eden space 6231232K,   5% used [0x00007f2790600000, 0x00007f27a52ad5a0, 0x00007f290cb30000)
  from space 778880K,   0% used [0x00007f290cb30000, 0x00007f290cb30000, 0x00007f293c3d0000)
  to   space 778880K,   0% used [0x00007f293c3d0000, 0x00007f293c3d0000, 0x00007f296bc70000)
 tenured generation   total 15577888K, used 9346731K [0x00007f2ce5b50000, 0x00007f309c818000, 0x00007f3790600000)
   the space 15577888K,  59% used [0x00007f2ce5b50000, 0x00007f2f202faf68, 0x00007f2f202fb000, 0x00007f309c818000)
 Metaspace       used 30921K, capacity 31339K, committed 31488K, reserved 32768K
}
Event: 75.554 GC heap before
{Heap before GC invocations=9 (full 4):
 def new generation   total 7010112K, used 6231232K [0x00007f2790600000, 0x00007f296bc70000, 0x00007f2ce5b50000)
  eden space 6231232K, 100% used [0x00007f2790600000, 0x00007f290cb30000, 0x00007f290cb30000)
  from space 778880K,   0% used [0x00007f290cb30000, 0x00007f290cb30000, 0x00007f293c3d0000)
  to   space 778880K,   0% used [0x00007f293c3d0000, 0x00007f293c3d0000, 0x00007f296bc70000)
 tenured generation   total 15577888K, used 9346731K [0x00007f2ce5b50000, 0x00007f309c818000, 0x00007f3790600000)
   the space 15577888K,  59% used [0x00007f2ce5b50000, 0x00007f2f202faf68, 0x00007f2f202fb000, 0x00007f309c818000)
 Metaspace       used 30921K, capacity 31339K, committed 31488K, reserved 32768K
}
Event: 96.612 GC heap after
{Heap after GC invocations=10 (full 4):
 def new generation   total 7010112K, used 778879K [0x00007f2790600000, 0x00007f296bc70000, 0x00007f2ce5b50000)
  eden space 6231232K,   0% used [0x00007f2790600000, 0x00007f2790600000, 0x00007f290cb30000)
  from space 778880K,  99% used [0x00007f293c3d0000, 0x00007f296bc6ffc8, 0x00007f296bc70000)
  to   space 778880K,   0% used [0x00007f290cb30000, 0x00007f290cb30000, 0x00007f293c3d0000)
 tenured generation   total 15577888K, used 14799046K [0x00007f2ce5b50000, 0x00007f309c818000, 0x00007f3790600000)
   the space 15577888K,  95% used [0x00007f2ce5b50000, 0x00007f306cf81808, 0x00007f306cf81a00, 0x00007f309c818000)
 Metaspace       used 30921K, capacity 31339K, committed 31488K, reserved 32768K
}
Event: 105.005 GC heap before
{Heap before GC invocations=10 (full 4):
 def new generation   total 7010112K, used 7010111K [0x00007f2790600000, 0x00007f296bc70000, 0x00007f2ce5b50000)
  eden space 6231232K, 100% used [0x00007f2790600000, 0x00007f290cb30000, 0x00007f290cb30000)
  from space 778880K,  99% used [0x00007f293c3d0000, 0x00007f296bc6ffc8, 0x00007f296bc70000)
  to   space 778880K,   0% used [0x00007f290cb30000, 0x00007f290cb30000, 0x00007f293c3d0000)
 tenured generation   total 15577888K, used 14799046K [0x00007f2ce5b50000, 0x00007f309c818000, 0x00007f3790600000)
   the space 15577888K,  95% used [0x00007f2ce5b50000, 0x00007f306cf81808, 0x00007f306cf81a00, 0x00007f309c818000)
 Metaspace       used 30921K, capacity 31339K, committed 31488K, reserved 32768K
}
Event: 122.581 GC heap after
{Heap after GC invocations=11 (full 4):
 def new generation   total 7010112K, used 778879K [0x00007f2790600000, 0x00007f296bc70000, 0x00007f2ce5b50000)
  eden space 6231232K,   0% used [0x00007f2790600000, 0x00007f2790600000, 0x00007f290cb30000)
  from space 778880K,  99% used [0x00007f290cb30000, 0x00007f293c3cfff0, 0x00007f293c3d0000)
  to   space 778880K,   0% used [0x00007f293c3d0000, 0x00007f293c3d0000, 0x00007f296bc70000)
 tenured generation   total 20860768K, used 20860767K [0x00007f2ce5b50000, 0x00007f31def28000, 0x00007f3790600000)
   the space 20860768K,  99% used [0x00007f2ce5b50000, 0x00007f31def27c30, 0x00007f31def27e00, 0x00007f31def28000)
 Metaspace       used 30921K, capacity 31339K, committed 31488K, reserved 32768K
}
Event: 122.581 GC heap before
{Heap before GC invocations=11 (full 4):
 def new generation   total 7010112K, used 778879K [0x00007f2790600000, 0x00007f296bc70000, 0x00007f2ce5b50000)
  eden space 6231232K,   0% used [0x00007f2790600000, 0x00007f2790600000, 0x00007f290cb30000)
  from space 778880K,  99% used [0x00007f290cb30000, 0x00007f293c3cfff0, 0x00007f293c3d0000)
  to   space 778880K,   0% used [0x00007f293c3d0000, 0x00007f293c3d0000, 0x00007f296bc70000)
 tenured generation   total 20860768K, used 20860767K [0x00007f2ce5b50000, 0x00007f31def28000, 0x00007f3790600000)
   the space 20860768K,  99% used [0x00007f2ce5b50000, 0x00007f31def27c30, 0x00007f31def27e00, 0x00007f31def28000)
 Metaspace       used 30921K, capacity 31339K, committed 31488K, reserved 32768K
}

