# JRE version: OpenJDK Runtime Environment (13.0.7+5) (build 13.0.7+5-Ubuntu-0ubuntu120.04)
# Java VM: OpenJDK 64-Bit Server VM (13.0.7+5-Ubuntu-0ubuntu120.04, mixed mode, tiered, serial gc, linux-amd64)
Heap:
 def new generation   total 1748160K, used 0K [0x00007f665c400000, 0x00007f66d2cd0000, 0x00007f6bb1950000)
  eden space 1553984K,   0% used [0x00007f665c400000, 0x00007f665c400000, 0x00007f66bb190000)
  from space 194176K,   0% used [0x00007f66c6f30000, 0x00007f66c6f30000, 0x00007f66d2cd0000)
  to   space 194176K,   0% used [0x00007f66bb190000, 0x00007f66bb190000, 0x00007f66c6f30000)
 tenured generation   total 3884780K, used 3868994K [0x00007f6bb1950000, 0x00007f6c9eb0b000, 0x00007f765c400000)
   the space 3884780K,  99% used [0x00007f6bb1950000, 0x00007f6c9dba0ad8, 0x00007f6c9dba0c00, 0x00007f6c9eb0b000)
 Metaspace       used 24200K, capacity 24642K, committed 24832K, reserved 26624K
GC Heap History (20 events):
Event: 10198.794 GC heap after
{Heap after GC invocations=12163 (full 3):
 def new generation   total 1748160K, used 8620K [0x00007f665c400000, 0x00007f66d2cd0000, 0x00007f6bb1950000)
  eden space 1553984K,   0% used [0x00007f665c400000, 0x00007f665c400000, 0x00007f66bb190000)
  from space 194176K,   4% used [0x00007f66bb190000, 0x00007f66bb9fb010, 0x00007f66c6f30000)
  to   space 194176K,   0% used [0x00007f66c6f30000, 0x00007f66c6f30000, 0x00007f66d2cd0000)
 tenured generation   total 3884588K, used 3879479K [0x00007f6bb1950000, 0x00007f6c9eadb000, 0x00007f765c400000)
   the space 3884588K,  99% used [0x00007f6bb1950000, 0x00007f6c9e5ddfe8, 0x00007f6c9e5de000, 0x00007f6c9eadb000)
 Metaspace       used 24200K, capacity 24642K, committed 24832K, reserved 26624K
}
Event: 10200.281 GC heap before
{Heap before GC invocations=12163 (full 3):
 def new generation   total 1748160K, used 1562604K [0x00007f665c400000, 0x00007f66d2cd0000, 0x00007f6bb1950000)
  eden space 1553984K, 100% used [0x00007f665c400000, 0x00007f66bb190000, 0x00007f66bb190000)
  from space 194176K,   4% used [0x00007f66bb190000, 0x00007f66bb9fb010, 0x00007f66c6f30000)
  to   space 194176K,   0% used [0x00007f66c6f30000, 0x00007f66c6f30000, 0x00007f66d2cd0000)
 tenured generation   total 3884588K, used 3879479K [0x00007f6bb1950000, 0x00007f6c9eadb000, 0x00007f765c400000)
   the space 3884588K,  99% used [0x00007f6bb1950000, 0x00007f6c9e5ddfe8, 0x00007f6c9e5de000, 0x00007f6c9eadb000)
 Metaspace       used 24200K, capacity 24642K, committed 24832K, reserved 26624K
}
Event: 10200.310 GC heap after
{Heap after GC invocations=12164 (full 3):
 def new generation   total 1748160K, used 8640K [0x00007f665c400000, 0x00007f66d2cd0000, 0x00007f6bb1950000)
  eden space 1553984K,   0% used [0x00007f665c400000, 0x00007f665c400000, 0x00007f66bb190000)
  from space 194176K,   4% used [0x00007f66c6f30000, 0x00007f66c77a00b0, 0x00007f66d2cd0000)
  to   space 194176K,   0% used [0x00007f66bb190000, 0x00007f66bb190000, 0x00007f66c6f30000)
 tenured generation   total 3884588K, used 3880041K [0x00007f6bb1950000, 0x00007f6c9eadb000, 0x00007f765c400000)
   the space 3884588K,  99% used [0x00007f6bb1950000, 0x00007f6c9e66a748, 0x00007f6c9e66a800, 0x00007f6c9eadb000)
 Metaspace       used 24200K, capacity 24642K, committed 24832K, reserved 26624K
}
Event: 10201.800 GC heap before
{Heap before GC invocations=12164 (full 3):
 def new generation   total 1748160K, used 1562624K [0x00007f665c400000, 0x00007f66d2cd0000, 0x00007f6bb1950000)
  eden space 1553984K, 100% used [0x00007f665c400000, 0x00007f66bb190000, 0x00007f66bb190000)
  from space 194176K,   4% used [0x00007f66c6f30000, 0x00007f66c77a00b0, 0x00007f66d2cd0000)
  to   space 194176K,   0% used [0x00007f66bb190000, 0x00007f66bb190000, 0x00007f66c6f30000)
 tenured generation   total 3884588K, used 3880041K [0x00007f6bb1950000, 0x00007f6c9eadb000, 0x00007f765c400000)
   the space 3884588K,  99% used [0x00007f6bb1950000, 0x00007f6c9e66a748, 0x00007f6c9e66a800, 0x00007f6c9eadb000)
 Metaspace       used 24200K, capacity 24642K, committed 24832K, reserved 26624K
}
Event: 10201.822 GC heap after
{Heap after GC invocations=12165 (full 3):
 def new generation   total 1748160K, used 8618K [0x00007f665c400000, 0x00007f66d2cd0000, 0x00007f6bb1950000)
  eden space 1553984K,   0% used [0x00007f665c400000, 0x00007f665c400000, 0x00007f66bb190000)
  from space 194176K,   4% used [0x00007f66bb190000, 0x00007f66bb9faa60, 0x00007f66c6f30000)
  to   space 194176K,   0% used [0x00007f66c6f30000, 0x00007f66c6f30000, 0x00007f66d2cd0000)
 tenured generation   total 3884588K, used 3880622K [0x00007f6bb1950000, 0x00007f6c9eadb000, 0x00007f765c400000)
   the space 3884588K,  99% used [0x00007f6bb1950000, 0x00007f6c9e6fb8b8, 0x00007f6c9e6fba00, 0x00007f6c9eadb000)
 Metaspace       used 24200K, capacity 24642K, committed 24832K, reserved 26624K
}
Event: 10203.329 GC heap before
{Heap before GC invocations=12165 (full 3):
 def new generation   total 1748160K, used 1562602K [0x00007f665c400000, 0x00007f66d2cd0000, 0x00007f6bb1950000)
  eden space 1553984K, 100% used [0x00007f665c400000, 0x00007f66bb190000, 0x00007f66bb190000)
  from space 194176K,   4% used [0x00007f66bb190000, 0x00007f66bb9faa60, 0x00007f66c6f30000)
  to   space 194176K,   0% used [0x00007f66c6f30000, 0x00007f66c6f30000, 0x00007f66d2cd0000)
 tenured generation   total 3884588K, used 3880622K [0x00007f6bb1950000, 0x00007f6c9eadb000, 0x00007f765c400000)
   the space 3884588K,  99% used [0x00007f6bb1950000, 0x00007f6c9e6fb8b8, 0x00007f6c9e6fba00, 0x00007f6c9eadb000)
 Metaspace       used 24200K, capacity 24642K, committed 24832K, reserved 26624K
}
Event: 10203.354 GC heap after
{Heap after GC invocations=12166 (full 3):
 def new generation   total 1748160K, used 8616K [0x00007f665c400000, 0x00007f66d2cd0000, 0x00007f6bb1950000)
  eden space 1553984K,   0% used [0x00007f665c400000, 0x00007f665c400000, 0x00007f66bb190000)
  from space 194176K,   4% used [0x00007f66c6f30000, 0x00007f66c779a1b0, 0x00007f66d2cd0000)
  to   space 194176K,   0% used [0x00007f66bb190000, 0x00007f66bb190000, 0x00007f66c6f30000)
 tenured generation   total 3884588K, used 3881187K [0x00007f6bb1950000, 0x00007f6c9eadb000, 0x00007f765c400000)
   the space 3884588K,  99% used [0x00007f6bb1950000, 0x00007f6c9e788fa8, 0x00007f6c9e789000, 0x00007f6c9eadb000)
 Metaspace       used 24200K, capacity 24642K, committed 24832K, reserved 26624K
}
Event: 10204.859 GC heap before
{Heap before GC invocations=12166 (full 3):
 def new generation   total 1748160K, used 1562600K [0x00007f665c400000, 0x00007f66d2cd0000, 0x00007f6bb1950000)
  eden space 1553984K, 100% used [0x00007f665c400000, 0x00007f66bb190000, 0x00007f66bb190000)
  from space 194176K,   4% used [0x00007f66c6f30000, 0x00007f66c779a1b0, 0x00007f66d2cd0000)
  to   space 194176K,   0% used [0x00007f66bb190000, 0x00007f66bb190000, 0x00007f66c6f30000)
 tenured generation   total 3884588K, used 3881187K [0x00007f6bb1950000, 0x00007f6c9eadb000, 0x00007f765c400000)
   the space 3884588K,  99% used [0x00007f6bb1950000, 0x00007f6c9e788fa8, 0x00007f6c9e789000, 0x00007f6c9eadb000)
 Metaspace       used 24200K, capacity 24642K, committed 24832K, reserved 26624K
}
Event: 10204.879 GC heap after
{Heap after GC invocations=12167 (full 3):
 def new generation   total 1748160K, used 8612K [0x00007f665c400000, 0x00007f66d2cd0000, 0x00007f6bb1950000)
  eden space 1553984K,   0% used [0x00007f665c400000, 0x00007f665c400000, 0x00007f66bb190000)
  from space 194176K,   4% used [0x00007f66bb190000, 0x00007f66bb9f9250, 0x00007f66c6f30000)
  to   space 194176K,   0% used [0x00007f66c6f30000, 0x00007f66c6f30000, 0x00007f66d2cd0000)
 tenured generation   total 3884588K, used 3881768K [0x00007f6bb1950000, 0x00007f6c9eadb000, 0x00007f765c400000)
   the space 3884588K,  99% used [0x00007f6bb1950000, 0x00007f6c9e81a2c8, 0x00007f6c9e81a400, 0x00007f6c9eadb000)
 Metaspace       used 24200K, capacity 24642K, committed 24832K, reserved 26624K
}
Event: 10206.363 GC heap before
{Heap before GC invocations=12167 (full 3):
 def new generation   total 1748160K, used 1562596K [0x00007f665c400000, 0x00007f66d2cd0000, 0x00007f6bb1950000)
  eden space 1553984K, 100% used [0x00007f665c400000, 0x00007f66bb190000, 0x00007f66bb190000)
  from space 194176K,   4% used [0x00007f66bb190000, 0x00007f66bb9f9250, 0x00007f66c6f30000)
  to   space 194176K,   0% used [0x00007f66c6f30000, 0x00007f66c6f30000, 0x00007f66d2cd0000)
 tenured generation   total 3884588K, used 3881768K [0x00007f6bb1950000, 0x00007f6c9eadb000, 0x00007f765c400000)
   the space 3884588K,  99% used [0x00007f6bb1950000, 0x00007f6c9e81a2c8, 0x00007f6c9e81a400, 0x00007f6c9eadb000)
 Metaspace       used 24200K, capacity 24642K, committed 24832K, reserved 26624K
}
Event: 10206.381 GC heap after
{Heap after GC invocations=12168 (full 3):
 def new generation   total 1748160K, used 8625K [0x00007f665c400000, 0x00007f66d2cd0000, 0x00007f6bb1950000)
  eden space 1553984K,   0% used [0x00007f665c400000, 0x00007f665c400000, 0x00007f66bb190000)
  from space 194176K,   4% used [0x00007f66c6f30000, 0x00007f66c779c770, 0x00007f66d2cd0000)
  to   space 194176K,   0% used [0x00007f66bb190000, 0x00007f66bb190000, 0x00007f66c6f30000)
 tenured generation   total 3884588K, used 3882330K [0x00007f6bb1950000, 0x00007f6c9eadb000, 0x00007f765c400000)
   the space 3884588K,  99% used [0x00007f6bb1950000, 0x00007f6c9e8a6878, 0x00007f6c9e8a6a00, 0x00007f6c9eadb000)
 Metaspace       used 24200K, capacity 24642K, committed 24832K, reserved 26624K
}
Event: 10207.890 GC heap before
{Heap before GC invocations=12168 (full 3):
 def new generation   total 1748160K, used 1562609K [0x00007f665c400000, 0x00007f66d2cd0000, 0x00007f6bb1950000)
  eden space 1553984K, 100% used [0x00007f665c400000, 0x00007f66bb190000, 0x00007f66bb190000)
  from space 194176K,   4% used [0x00007f66c6f30000, 0x00007f66c779c770, 0x00007f66d2cd0000)
  to   space 194176K,   0% used [0x00007f66bb190000, 0x00007f66bb190000, 0x00007f66c6f30000)
 tenured generation   total 3884588K, used 3882330K [0x00007f6bb1950000, 0x00007f6c9eadb000, 0x00007f765c400000)
   the space 3884588K,  99% used [0x00007f6bb1950000, 0x00007f6c9e8a6878, 0x00007f6c9e8a6a00, 0x00007f6c9eadb000)
 Metaspace       used 24200K, capacity 24642K, committed 24832K, reserved 26624K
}
Event: 10207.911 GC heap after
{Heap after GC invocations=12169 (full 3):
 def new generation   total 1748160K, used 8620K [0x00007f665c400000, 0x00007f66d2cd0000, 0x00007f6bb1950000)
  eden space 1553984K,   0% used [0x00007f665c400000, 0x00007f665c400000, 0x00007f66bb190000)
  from space 194176K,   4% used [0x00007f66bb190000, 0x00007f66bb9fb010, 0x00007f66c6f30000)
  to   space 194176K,   0% used [0x00007f66c6f30000, 0x00007f66c6f30000, 0x00007f66d2cd0000)
 tenured generation   total 3884588K, used 3882910K [0x00007f6bb1950000, 0x00007f6c9eadb000, 0x00007f765c400000)
   the space 3884588K,  99% used [0x00007f6bb1950000, 0x00007f6c9e937b98, 0x00007f6c9e937c00, 0x00007f6c9eadb000)
 Metaspace       used 24200K, capacity 24642K, committed 24832K, reserved 26624K
}
Event: 10209.416 GC heap before
{Heap before GC invocations=12169 (full 3):
 def new generation   total 1748160K, used 1562604K [0x00007f665c400000, 0x00007f66d2cd0000, 0x00007f6bb1950000)
  eden space 1553984K, 100% used [0x00007f665c400000, 0x00007f66bb190000, 0x00007f66bb190000)
  from space 194176K,   4% used [0x00007f66bb190000, 0x00007f66bb9fb010, 0x00007f66c6f30000)
  to   space 194176K,   0% used [0x00007f66c6f30000, 0x00007f66c6f30000, 0x00007f66d2cd0000)
 tenured generation   total 3884588K, used 3882910K [0x00007f6bb1950000, 0x00007f6c9eadb000, 0x00007f765c400000)
   the space 3884588K,  99% used [0x00007f6bb1950000, 0x00007f6c9e937b98, 0x00007f6c9e937c00, 0x00007f6c9eadb000)
 Metaspace       used 24200K, capacity 24642K, committed 24832K, reserved 26624K
}
Event: 10209.433 GC heap after
{Heap after GC invocations=12170 (full 3):
 def new generation   total 1748160K, used 8623K [0x00007f665c400000, 0x00007f66d2cd0000, 0x00007f6bb1950000)
  eden space 1553984K,   0% used [0x00007f665c400000, 0x00007f665c400000, 0x00007f66bb190000)
  from space 194176K,   4% used [0x00007f66c6f30000, 0x00007f66c779bf48, 0x00007f66d2cd0000)
  to   space 194176K,   0% used [0x00007f66bb190000, 0x00007f66bb190000, 0x00007f66c6f30000)
 tenured generation   total 3884588K, used 3883472K [0x00007f6bb1950000, 0x00007f6c9eadb000, 0x00007f765c400000)
   the space 3884588K,  99% used [0x00007f6bb1950000, 0x00007f6c9e9c4148, 0x00007f6c9e9c4200, 0x00007f6c9eadb000)
 Metaspace       used 24200K, capacity 24642K, committed 24832K, reserved 26624K
}
Event: 10210.914 GC heap before
{Heap before GC invocations=12170 (full 3):
 def new generation   total 1748160K, used 1562607K [0x00007f665c400000, 0x00007f66d2cd0000, 0x00007f6bb1950000)
  eden space 1553984K, 100% used [0x00007f665c400000, 0x00007f66bb190000, 0x00007f66bb190000)
  from space 194176K,   4% used [0x00007f66c6f30000, 0x00007f66c779bf48, 0x00007f66d2cd0000)
  to   space 194176K,   0% used [0x00007f66bb190000, 0x00007f66bb190000, 0x00007f66c6f30000)
 tenured generation   total 3884588K, used 3883472K [0x00007f6bb1950000, 0x00007f6c9eadb000, 0x00007f765c400000)
   the space 3884588K,  99% used [0x00007f6bb1950000, 0x00007f6c9e9c4148, 0x00007f6c9e9c4200, 0x00007f6c9eadb000)
 Metaspace       used 24200K, capacity 24642K, committed 24832K, reserved 26624K
}
Event: 10210.933 GC heap after
{Heap after GC invocations=12171 (full 3):
 def new generation   total 1748160K, used 8591K [0x00007f665c400000, 0x00007f66d2cd0000, 0x00007f6bb1950000)
  eden space 1553984K,   0% used [0x00007f665c400000, 0x00007f665c400000, 0x00007f66bb190000)
  from space 194176K,   4% used [0x00007f66bb190000, 0x00007f66bb9f3f20, 0x00007f66c6f30000)
  to   space 194176K,   0% used [0x00007f66c6f30000, 0x00007f66c6f30000, 0x00007f66d2cd0000)
 tenured generation   total 3884588K, used 3884080K [0x00007f6bb1950000, 0x00007f6c9eadb000, 0x00007f765c400000)
   the space 3884588K,  99% used [0x00007f6bb1950000, 0x00007f6c9ea5c1e0, 0x00007f6c9ea5c200, 0x00007f6c9eadb000)
 Metaspace       used 24200K, capacity 24642K, committed 24832K, reserved 26624K
}
Event: 10212.531 GC heap before
{Heap before GC invocations=12171 (full 3):
 def new generation   total 1748160K, used 1562575K [0x00007f665c400000, 0x00007f66d2cd0000, 0x00007f6bb1950000)
  eden space 1553984K, 100% used [0x00007f665c400000, 0x00007f66bb190000, 0x00007f66bb190000)
  from space 194176K,   4% used [0x00007f66bb190000, 0x00007f66bb9f3f20, 0x00007f66c6f30000)
  to   space 194176K,   0% used [0x00007f66c6f30000, 0x00007f66c6f30000, 0x00007f66d2cd0000)
 tenured generation   total 3884588K, used 3884080K [0x00007f6bb1950000, 0x00007f6c9eadb000, 0x00007f765c400000)
   the space 3884588K,  99% used [0x00007f6bb1950000, 0x00007f6c9ea5c1e0, 0x00007f6c9ea5c200, 0x00007f6c9eadb000)
 Metaspace       used 24200K, capacity 24642K, committed 24832K, reserved 26624K
}
Event: 10212.552 GC heap after
{Heap after GC invocations=12172 (full 3):
 def new generation   total 1748160K, used 8573K [0x00007f665c400000, 0x00007f66d2cd0000, 0x00007f6bb1950000)
  eden space 1553984K,   0% used [0x00007f665c400000, 0x00007f665c400000, 0x00007f66bb190000)
  from space 194176K,   4% used [0x00007f66c6f30000, 0x00007f66c778f780, 0x00007f66d2cd0000)
  to   space 194176K,   0% used [0x00007f66bb190000, 0x00007f66bb190000, 0x00007f66c6f30000)
 tenured generation   total 3884780K, used 3884661K [0x00007f6bb1950000, 0x00007f6c9eb0b000, 0x00007f765c400000)
   the space 3884780K,  99% used [0x00007f6bb1950000, 0x00007f6c9eaed500, 0x00007f6c9eaed600, 0x00007f6c9eb0b000)
 Metaspace       used 24200K, capacity 24642K, committed 24832K, reserved 26624K
}
Event: 10212.552 GC heap before
{Heap before GC invocations=12172 (full 3):
 def new generation   total 1748160K, used 8573K [0x00007f665c400000, 0x00007f66d2cd0000, 0x00007f6bb1950000)
  eden space 1553984K,   0% used [0x00007f665c400000, 0x00007f665c400000, 0x00007f66bb190000)
  from space 194176K,   4% used [0x00007f66c6f30000, 0x00007f66c778f780, 0x00007f66d2cd0000)
  to   space 194176K,   0% used [0x00007f66bb190000, 0x00007f66bb190000, 0x00007f66c6f30000)
 tenured generation   total 3884780K, used 3884661K [0x00007f6bb1950000, 0x00007f6c9eb0b000, 0x00007f765c400000)
   the space 3884780K,  99% used [0x00007f6bb1950000, 0x00007f6c9eaed500, 0x00007f6c9eaed600, 0x00007f6c9eb0b000)
 Metaspace       used 24200K, capacity 24642K, committed 24832K, reserved 26624K
}

