# JRE version: OpenJDK Runtime Environment (13.0.7+5) (build 13.0.7+5-Ubuntu-0ubuntu120.04)
# Java VM: OpenJDK 64-Bit Server VM (13.0.7+5-Ubuntu-0ubuntu120.04, mixed mode, tiered, serial gc, linux-amd64)
Heap:
 def new generation   total 1749312K, used 2595K [0x00007efef0600000, 0x00007eff67010000, 0x00007f0445b50000)
  eden space 1555008K,   0% used [0x00007efef0600000, 0x00007efef0888fe8, 0x00007eff4f490000)
  from space 194304K,   0% used [0x00007eff4f490000, 0x00007eff4f490000, 0x00007eff5b250000)
  to   space 194304K,   0% used [0x00007eff5b250000, 0x00007eff5b250000, 0x00007eff67010000)
 tenured generation   total 3887532K, used 3887531K [0x00007f0445b50000, 0x00007f0532fbb000, 0x00007f0ef0600000)
   the space 3887532K,  99% used [0x00007f0445b50000, 0x00007f0532fbaea0, 0x00007f0532fbb000, 0x00007f0532fbb000)
 Metaspace       used 24242K, capacity 24644K, committed 24832K, reserved 26624K
GC Heap History (20 events):
Event: 3998.883 GC heap after
{Heap after GC invocations=6845 (full 3):
 def new generation   total 1749312K, used 13325K [0x00007efef0600000, 0x00007eff67010000, 0x00007f0445b50000)
  eden space 1555008K,   0% used [0x00007efef0600000, 0x00007efef0600000, 0x00007eff4f490000)
  from space 194304K,   6% used [0x00007eff5b250000, 0x00007eff5bf53550, 0x00007eff67010000)
  to   space 194304K,   0% used [0x00007eff4f490000, 0x00007eff4f490000, 0x00007eff5b250000)
 tenured generation   total 3887148K, used 3878721K [0x00007f0445b50000, 0x00007f0532f5b000, 0x00007f0ef0600000)
   the space 3887148K,  99% used [0x00007f0445b50000, 0x00007f05327207b0, 0x00007f0532720800, 0x00007f0532f5b000)
 Metaspace       used 24242K, capacity 24644K, committed 24832K, reserved 26624K
}
Event: 4000.041 GC heap before
{Heap before GC invocations=6845 (full 3):
 def new generation   total 1749312K, used 1568333K [0x00007efef0600000, 0x00007eff67010000, 0x00007f0445b50000)
  eden space 1555008K, 100% used [0x00007efef0600000, 0x00007eff4f490000, 0x00007eff4f490000)
  from space 194304K,   6% used [0x00007eff5b250000, 0x00007eff5bf53550, 0x00007eff67010000)
  to   space 194304K,   0% used [0x00007eff4f490000, 0x00007eff4f490000, 0x00007eff5b250000)
 tenured generation   total 3887148K, used 3878721K [0x00007f0445b50000, 0x00007f0532f5b000, 0x00007f0ef0600000)
   the space 3887148K,  99% used [0x00007f0445b50000, 0x00007f05327207b0, 0x00007f0532720800, 0x00007f0532f5b000)
 Metaspace       used 24242K, capacity 24644K, committed 24832K, reserved 26624K
}
Event: 4000.066 GC heap after
{Heap after GC invocations=6846 (full 3):
 def new generation   total 1749312K, used 13138K [0x00007efef0600000, 0x00007eff67010000, 0x00007f0445b50000)
  eden space 1555008K,   0% used [0x00007efef0600000, 0x00007efef0600000, 0x00007eff4f490000)
  from space 194304K,   6% used [0x00007eff4f490000, 0x00007eff50164ad8, 0x00007eff5b250000)
  to   space 194304K,   0% used [0x00007eff5b250000, 0x00007eff5b250000, 0x00007eff67010000)
 tenured generation   total 3887148K, used 3880062K [0x00007f0445b50000, 0x00007f0532f5b000, 0x00007f0ef0600000)
   the space 3887148K,  99% used [0x00007f0445b50000, 0x00007f053286f820, 0x00007f053286fa00, 0x00007f0532f5b000)
 Metaspace       used 24242K, capacity 24644K, committed 24832K, reserved 26624K
}
Event: 4001.334 GC heap before
{Heap before GC invocations=6846 (full 3):
 def new generation   total 1749312K, used 1568146K [0x00007efef0600000, 0x00007eff67010000, 0x00007f0445b50000)
  eden space 1555008K, 100% used [0x00007efef0600000, 0x00007eff4f490000, 0x00007eff4f490000)
  from space 194304K,   6% used [0x00007eff4f490000, 0x00007eff50164ad8, 0x00007eff5b250000)
  to   space 194304K,   0% used [0x00007eff5b250000, 0x00007eff5b250000, 0x00007eff67010000)
 tenured generation   total 3887148K, used 3880062K [0x00007f0445b50000, 0x00007f0532f5b000, 0x00007f0ef0600000)
   the space 3887148K,  99% used [0x00007f0445b50000, 0x00007f053286f820, 0x00007f053286fa00, 0x00007f0532f5b000)
 Metaspace       used 24242K, capacity 24644K, committed 24832K, reserved 26624K
}
Event: 4001.358 GC heap after
{Heap after GC invocations=6847 (full 3):
 def new generation   total 1749312K, used 12966K [0x00007efef0600000, 0x00007eff67010000, 0x00007f0445b50000)
  eden space 1555008K,   0% used [0x00007efef0600000, 0x00007efef0600000, 0x00007eff4f490000)
  from space 194304K,   6% used [0x00007eff5b250000, 0x00007eff5bef98b0, 0x00007eff67010000)
  to   space 194304K,   0% used [0x00007eff4f490000, 0x00007eff4f490000, 0x00007eff5b250000)
 tenured generation   total 3887148K, used 3881387K [0x00007f0445b50000, 0x00007f0532f5b000, 0x00007f0ef0600000)
   the space 3887148K,  99% used [0x00007f0445b50000, 0x00007f05329bac20, 0x00007f05329bae00, 0x00007f0532f5b000)
 Metaspace       used 24242K, capacity 24644K, committed 24832K, reserved 26624K
}
Event: 4002.487 GC heap before
{Heap before GC invocations=6847 (full 3):
 def new generation   total 1749312K, used 1567974K [0x00007efef0600000, 0x00007eff67010000, 0x00007f0445b50000)
  eden space 1555008K, 100% used [0x00007efef0600000, 0x00007eff4f490000, 0x00007eff4f490000)
  from space 194304K,   6% used [0x00007eff5b250000, 0x00007eff5bef98b0, 0x00007eff67010000)
  to   space 194304K,   0% used [0x00007eff4f490000, 0x00007eff4f490000, 0x00007eff5b250000)
 tenured generation   total 3887148K, used 3881387K [0x00007f0445b50000, 0x00007f0532f5b000, 0x00007f0ef0600000)
   the space 3887148K,  99% used [0x00007f0445b50000, 0x00007f05329bac20, 0x00007f05329bae00, 0x00007f0532f5b000)
 Metaspace       used 24242K, capacity 24644K, committed 24832K, reserved 26624K
}
Event: 4002.511 GC heap after
{Heap after GC invocations=6848 (full 3):
 def new generation   total 1749312K, used 12820K [0x00007efef0600000, 0x00007eff67010000, 0x00007f0445b50000)
  eden space 1555008K,   0% used [0x00007efef0600000, 0x00007efef0600000, 0x00007eff4f490000)
  from space 194304K,   6% used [0x00007eff4f490000, 0x00007eff501150f8, 0x00007eff5b250000)
  to   space 194304K,   0% used [0x00007eff5b250000, 0x00007eff5b250000, 0x00007eff67010000)
 tenured generation   total 3887148K, used 3882150K [0x00007f0445b50000, 0x00007f0532f5b000, 0x00007f0ef0600000)
   the space 3887148K,  99% used [0x00007f0445b50000, 0x00007f0532a79ac0, 0x00007f0532a79c00, 0x00007f0532f5b000)
 Metaspace       used 24242K, capacity 24644K, committed 24832K, reserved 26624K
}
Event: 4003.646 GC heap before
{Heap before GC invocations=6848 (full 3):
 def new generation   total 1749312K, used 1567828K [0x00007efef0600000, 0x00007eff67010000, 0x00007f0445b50000)
  eden space 1555008K, 100% used [0x00007efef0600000, 0x00007eff4f490000, 0x00007eff4f490000)
  from space 194304K,   6% used [0x00007eff4f490000, 0x00007eff501150f8, 0x00007eff5b250000)
  to   space 194304K,   0% used [0x00007eff5b250000, 0x00007eff5b250000, 0x00007eff67010000)
 tenured generation   total 3887148K, used 3882150K [0x00007f0445b50000, 0x00007f0532f5b000, 0x00007f0ef0600000)
   the space 3887148K,  99% used [0x00007f0445b50000, 0x00007f0532a79ac0, 0x00007f0532a79c00, 0x00007f0532f5b000)
 Metaspace       used 24242K, capacity 24644K, committed 24832K, reserved 26624K
}
Event: 4003.670 GC heap after
{Heap after GC invocations=6849 (full 3):
 def new generation   total 1749312K, used 12920K [0x00007efef0600000, 0x00007eff67010000, 0x00007f0445b50000)
  eden space 1555008K,   0% used [0x00007efef0600000, 0x00007efef0600000, 0x00007eff4f490000)
  from space 194304K,   6% used [0x00007eff5b250000, 0x00007eff5beee0b0, 0x00007eff67010000)
  to   space 194304K,   0% used [0x00007eff4f490000, 0x00007eff4f490000, 0x00007eff5b250000)
 tenured generation   total 3887148K, used 3882724K [0x00007f0445b50000, 0x00007f0532f5b000, 0x00007f0ef0600000)
   the space 3887148K,  99% used [0x00007f0445b50000, 0x00007f0532b09270, 0x00007f0532b09400, 0x00007f0532f5b000)
 Metaspace       used 24242K, capacity 24644K, committed 24832K, reserved 26624K
}
Event: 4004.915 GC heap before
{Heap before GC invocations=6849 (full 3):
 def new generation   total 1749312K, used 1567928K [0x00007efef0600000, 0x00007eff67010000, 0x00007f0445b50000)
  eden space 1555008K, 100% used [0x00007efef0600000, 0x00007eff4f490000, 0x00007eff4f490000)
  from space 194304K,   6% used [0x00007eff5b250000, 0x00007eff5beee0b0, 0x00007eff67010000)
  to   space 194304K,   0% used [0x00007eff4f490000, 0x00007eff4f490000, 0x00007eff5b250000)
 tenured generation   total 3887148K, used 3882724K [0x00007f0445b50000, 0x00007f0532f5b000, 0x00007f0ef0600000)
   the space 3887148K,  99% used [0x00007f0445b50000, 0x00007f0532b09270, 0x00007f0532b09400, 0x00007f0532f5b000)
 Metaspace       used 24242K, capacity 24644K, committed 24832K, reserved 26624K
}
Event: 4004.938 GC heap after
{Heap after GC invocations=6850 (full 3):
 def new generation   total 1749312K, used 12907K [0x00007efef0600000, 0x00007eff67010000, 0x00007f0445b50000)
  eden space 1555008K,   0% used [0x00007efef0600000, 0x00007efef0600000, 0x00007eff4f490000)
  from space 194304K,   6% used [0x00007eff4f490000, 0x00007eff5012adb8, 0x00007eff5b250000)
  to   space 194304K,   0% used [0x00007eff5b250000, 0x00007eff5b250000, 0x00007eff67010000)
 tenured generation   total 3887148K, used 3883374K [0x00007f0445b50000, 0x00007f0532f5b000, 0x00007f0ef0600000)
   the space 3887148K,  99% used [0x00007f0445b50000, 0x00007f0532babb40, 0x00007f0532babc00, 0x00007f0532f5b000)
 Metaspace       used 24242K, capacity 24644K, committed 24832K, reserved 26624K
}
Event: 4006.135 GC heap before
{Heap before GC invocations=6850 (full 3):
 def new generation   total 1749312K, used 1567915K [0x00007efef0600000, 0x00007eff67010000, 0x00007f0445b50000)
  eden space 1555008K, 100% used [0x00007efef0600000, 0x00007eff4f490000, 0x00007eff4f490000)
  from space 194304K,   6% used [0x00007eff4f490000, 0x00007eff5012adb8, 0x00007eff5b250000)
  to   space 194304K,   0% used [0x00007eff5b250000, 0x00007eff5b250000, 0x00007eff67010000)
 tenured generation   total 3887148K, used 3883374K [0x00007f0445b50000, 0x00007f0532f5b000, 0x00007f0ef0600000)
   the space 3887148K,  99% used [0x00007f0445b50000, 0x00007f0532babb40, 0x00007f0532babc00, 0x00007f0532f5b000)
 Metaspace       used 24242K, capacity 24644K, committed 24832K, reserved 26624K
}
Event: 4006.159 GC heap after
{Heap after GC invocations=6851 (full 3):
 def new generation   total 1749312K, used 12722K [0x00007efef0600000, 0x00007eff67010000, 0x00007f0445b50000)
  eden space 1555008K,   0% used [0x00007efef0600000, 0x00007efef0600000, 0x00007eff4f490000)
  from space 194304K,   6% used [0x00007eff5b250000, 0x00007eff5bebc808, 0x00007eff67010000)
  to   space 194304K,   0% used [0x00007eff4f490000, 0x00007eff4f490000, 0x00007eff5b250000)
 tenured generation   total 3887148K, used 3884216K [0x00007f0445b50000, 0x00007f0532f5b000, 0x00007f0ef0600000)
   the space 3887148K,  99% used [0x00007f0445b50000, 0x00007f0532c7e090, 0x00007f0532c7e200, 0x00007f0532f5b000)
 Metaspace       used 24242K, capacity 24644K, committed 24832K, reserved 26624K
}
Event: 4007.400 GC heap before
{Heap before GC invocations=6851 (full 3):
 def new generation   total 1749312K, used 1567730K [0x00007efef0600000, 0x00007eff67010000, 0x00007f0445b50000)
  eden space 1555008K, 100% used [0x00007efef0600000, 0x00007eff4f490000, 0x00007eff4f490000)
  from space 194304K,   6% used [0x00007eff5b250000, 0x00007eff5bebc808, 0x00007eff67010000)
  to   space 194304K,   0% used [0x00007eff4f490000, 0x00007eff4f490000, 0x00007eff5b250000)
 tenured generation   total 3887148K, used 3884216K [0x00007f0445b50000, 0x00007f0532f5b000, 0x00007f0ef0600000)
   the space 3887148K,  99% used [0x00007f0445b50000, 0x00007f0532c7e090, 0x00007f0532c7e200, 0x00007f0532f5b000)
 Metaspace       used 24242K, capacity 24644K, committed 24832K, reserved 26624K
}
Event: 4007.423 GC heap after
{Heap after GC invocations=6852 (full 3):
 def new generation   total 1749312K, used 12136K [0x00007efef0600000, 0x00007eff67010000, 0x00007f0445b50000)
  eden space 1555008K,   0% used [0x00007efef0600000, 0x00007efef0600000, 0x00007eff4f490000)
  from space 194304K,   6% used [0x00007eff4f490000, 0x00007eff5006a190, 0x00007eff5b250000)
  to   space 194304K,   0% used [0x00007eff5b250000, 0x00007eff5b250000, 0x00007eff67010000)
 tenured generation   total 3887148K, used 3885459K [0x00007f0445b50000, 0x00007f0532f5b000, 0x00007f0ef0600000)
   the space 3887148K,  99% used [0x00007f0445b50000, 0x00007f0532db4c90, 0x00007f0532db4e00, 0x00007f0532f5b000)
 Metaspace       used 24242K, capacity 24644K, committed 24832K, reserved 26624K
}
Event: 4008.627 GC heap before
{Heap before GC invocations=6852 (full 3):
 def new generation   total 1749312K, used 1567144K [0x00007efef0600000, 0x00007eff67010000, 0x00007f0445b50000)
  eden space 1555008K, 100% used [0x00007efef0600000, 0x00007eff4f490000, 0x00007eff4f490000)
  from space 194304K,   6% used [0x00007eff4f490000, 0x00007eff5006a190, 0x00007eff5b250000)
  to   space 194304K,   0% used [0x00007eff5b250000, 0x00007eff5b250000, 0x00007eff67010000)
 tenured generation   total 3887148K, used 3885459K [0x00007f0445b50000, 0x00007f0532f5b000, 0x00007f0ef0600000)
   the space 3887148K,  99% used [0x00007f0445b50000, 0x00007f0532db4c90, 0x00007f0532db4e00, 0x00007f0532f5b000)
 Metaspace       used 24242K, capacity 24644K, committed 24832K, reserved 26624K
}
Event: 4008.655 GC heap after
{Heap after GC invocations=6853 (full 3):
 def new generation   total 1749312K, used 12544K [0x00007efef0600000, 0x00007eff67010000, 0x00007f0445b50000)
  eden space 1555008K,   0% used [0x00007efef0600000, 0x00007efef0600000, 0x00007eff4f490000)
  from space 194304K,   6% used [0x00007eff5b250000, 0x00007eff5be903c0, 0x00007eff67010000)
  to   space 194304K,   0% used [0x00007eff4f490000, 0x00007eff4f490000, 0x00007eff5b250000)
 tenured generation   total 3887148K, used 3886702K [0x00007f0445b50000, 0x00007f0532f5b000, 0x00007f0ef0600000)
   the space 3887148K,  99% used [0x00007f0445b50000, 0x00007f0532eeb890, 0x00007f0532eeba00, 0x00007f0532f5b000)
 Metaspace       used 24242K, capacity 24644K, committed 24832K, reserved 26624K
}
Event: 4009.929 GC heap before
{Heap before GC invocations=6853 (full 3):
 def new generation   total 1749312K, used 1567552K [0x00007efef0600000, 0x00007eff67010000, 0x00007f0445b50000)
  eden space 1555008K, 100% used [0x00007efef0600000, 0x00007eff4f490000, 0x00007eff4f490000)
  from space 194304K,   6% used [0x00007eff5b250000, 0x00007eff5be903c0, 0x00007eff67010000)
  to   space 194304K,   0% used [0x00007eff4f490000, 0x00007eff4f490000, 0x00007eff5b250000)
 tenured generation   total 3887148K, used 3886702K [0x00007f0445b50000, 0x00007f0532f5b000, 0x00007f0ef0600000)
   the space 3887148K,  99% used [0x00007f0445b50000, 0x00007f0532eeb890, 0x00007f0532eeba00, 0x00007f0532f5b000)
 Metaspace       used 24242K, capacity 24644K, committed 24832K, reserved 26624K
}
Event: 4009.964 GC heap after
{Heap after GC invocations=6854 (full 3):
 def new generation   total 1749312K, used 14256K [0x00007efef0600000, 0x00007eff67010000, 0x00007f0445b50000)
  eden space 1555008K,   0% used [0x00007efef0600000, 0x00007efef0600000, 0x00007eff4f490000)
  from space 194304K,   7% used [0x00007eff4f490000, 0x00007eff5027c078, 0x00007eff5b250000)
  to   space 194304K,   0% used [0x00007eff5b250000, 0x00007eff5b250000, 0x00007eff67010000)
 tenured generation   total 3887532K, used 3887429K [0x00007f0445b50000, 0x00007f0532fbb000, 0x00007f0ef0600000)
   the space 3887532K,  99% used [0x00007f0445b50000, 0x00007f0532fa17e8, 0x00007f0532fa1800, 0x00007f0532fbb000)
 Metaspace       used 24242K, capacity 24644K, committed 24832K, reserved 26624K
}
Event: 4009.964 GC heap before
{Heap before GC invocations=6854 (full 3):
 def new generation   total 1749312K, used 14256K [0x00007efef0600000, 0x00007eff67010000, 0x00007f0445b50000)
  eden space 1555008K,   0% used [0x00007efef0600000, 0x00007efef0600000, 0x00007eff4f490000)
  from space 194304K,   7% used [0x00007eff4f490000, 0x00007eff5027c078, 0x00007eff5b250000)
  to   space 194304K,   0% used [0x00007eff5b250000, 0x00007eff5b250000, 0x00007eff67010000)
 tenured generation   total 3887532K, used 3887429K [0x00007f0445b50000, 0x00007f0532fbb000, 0x00007f0ef0600000)
   the space 3887532K,  99% used [0x00007f0445b50000, 0x00007f0532fa17e8, 0x00007f0532fa1800, 0x00007f0532fbb000)
 Metaspace       used 24242K, capacity 24644K, committed 24832K, reserved 26624K
}

