# JRE version: OpenJDK Runtime Environment (13.0.7+5) (build 13.0.7+5-Ubuntu-0ubuntu120.04)
# Java VM: OpenJDK 64-Bit Server VM (13.0.7+5-Ubuntu-0ubuntu120.04, mixed mode, tiered, serial gc, linux-amd64)
Heap:
 def new generation   total 1674304K, used 76028K [0x00007fcc30600000, 0x00007fcca1eb0000, 0x00007fd6db0a0000)
  eden space 1488320K,   5% used [0x00007fcc30600000, 0x00007fcc3503f090, 0x00007fcc8b370000)
  from space 185984K,   0% used [0x00007fcc96910000, 0x00007fcc96910000, 0x00007fcca1eb0000)
  to   space 185984K,   0% used [0x00007fcc8b370000, 0x00007fcc8b370000, 0x00007fcc96910000)
 tenured generation   total 3736908K, used 3736513K [0x00007fd6db0a0000, 0x00007fd7bf1f3000, 0x00007fec30600000)
   the space 3736908K,  99% used [0x00007fd6db0a0000, 0x00007fd7bf190500, 0x00007fd7bf190600, 0x00007fd7bf1f3000)
 Metaspace       used 24214K, capacity 24638K, committed 24832K, reserved 26624K
GC Heap History (20 events):
Event: 1057.028 GC heap after
{Heap after GC invocations=1310 (full 5):
 def new generation   total 1674304K, used 96101K [0x00007fcc30600000, 0x00007fcca1eb0000, 0x00007fd6db0a0000)
  eden space 1488320K,   0% used [0x00007fcc30600000, 0x00007fcc30600000, 0x00007fcc8b370000)
  from space 185984K,  51% used [0x00007fcc8b370000, 0x00007fcc911496e0, 0x00007fcc96910000)
  to   space 185984K,   0% used [0x00007fcc96910000, 0x00007fcc96910000, 0x00007fcca1eb0000)
 tenured generation   total 3720520K, used 3659927K [0x00007fd6db0a0000, 0x00007fd7be1f2000, 0x00007fec30600000)
   the space 3720520K,  98% used [0x00007fd6db0a0000, 0x00007fd7ba6c5ee8, 0x00007fd7ba6c6000, 0x00007fd7be1f2000)
 Metaspace       used 24214K, capacity 24638K, committed 24832K, reserved 26624K
}
Event: 1058.579 GC heap before
{Heap before GC invocations=1310 (full 5):
 def new generation   total 1674304K, used 1584421K [0x00007fcc30600000, 0x00007fcca1eb0000, 0x00007fd6db0a0000)
  eden space 1488320K, 100% used [0x00007fcc30600000, 0x00007fcc8b370000, 0x00007fcc8b370000)
  from space 185984K,  51% used [0x00007fcc8b370000, 0x00007fcc911496e0, 0x00007fcc96910000)
  to   space 185984K,   0% used [0x00007fcc96910000, 0x00007fcc96910000, 0x00007fcca1eb0000)
 tenured generation   total 3720520K, used 3659927K [0x00007fd6db0a0000, 0x00007fd7be1f2000, 0x00007fec30600000)
   the space 3720520K,  98% used [0x00007fd6db0a0000, 0x00007fd7ba6c5ee8, 0x00007fd7ba6c6000, 0x00007fd7be1f2000)
 Metaspace       used 24214K, capacity 24638K, committed 24832K, reserved 26624K
}
Event: 1058.665 GC heap after
{Heap after GC invocations=1311 (full 5):
 def new generation   total 1674304K, used 84778K [0x00007fcc30600000, 0x00007fcca1eb0000, 0x00007fd6db0a0000)
  eden space 1488320K,   0% used [0x00007fcc30600000, 0x00007fcc30600000, 0x00007fcc8b370000)
  from space 185984K,  45% used [0x00007fcc96910000, 0x00007fcc9bbdaa18, 0x00007fcca1eb0000)
  to   space 185984K,   0% used [0x00007fcc8b370000, 0x00007fcc8b370000, 0x00007fcc96910000)
 tenured generation   total 3720520K, used 3676886K [0x00007fd6db0a0000, 0x00007fd7be1f2000, 0x00007fec30600000)
   the space 3720520K,  98% used [0x00007fd6db0a0000, 0x00007fd7bb7559d0, 0x00007fd7bb755a00, 0x00007fd7be1f2000)
 Metaspace       used 24214K, capacity 24638K, committed 24832K, reserved 26624K
}
Event: 1060.147 GC heap before
{Heap before GC invocations=1311 (full 5):
 def new generation   total 1674304K, used 1567238K [0x00007fcc30600000, 0x00007fcca1eb0000, 0x00007fd6db0a0000)
  eden space 1488320K,  99% used [0x00007fcc30600000, 0x00007fcc8adb6f00, 0x00007fcc8b370000)
  from space 185984K,  45% used [0x00007fcc96910000, 0x00007fcc9bbdaa18, 0x00007fcca1eb0000)
  to   space 185984K,   0% used [0x00007fcc8b370000, 0x00007fcc8b370000, 0x00007fcc96910000)
 tenured generation   total 3720520K, used 3676886K [0x00007fd6db0a0000, 0x00007fd7be1f2000, 0x00007fec30600000)
   the space 3720520K,  98% used [0x00007fd6db0a0000, 0x00007fd7bb7559d0, 0x00007fd7bb755a00, 0x00007fd7be1f2000)
 Metaspace       used 24214K, capacity 24638K, committed 24832K, reserved 26624K
}
Event: 1060.214 GC heap after
{Heap after GC invocations=1312 (full 5):
 def new generation   total 1674304K, used 106353K [0x00007fcc30600000, 0x00007fcca1eb0000, 0x00007fd6db0a0000)
  eden space 1488320K,   0% used [0x00007fcc30600000, 0x00007fcc30600000, 0x00007fcc8b370000)
  from space 185984K,  57% used [0x00007fcc8b370000, 0x00007fcc91b4c6b0, 0x00007fcc96910000)
  to   space 185984K,   0% used [0x00007fcc96910000, 0x00007fcc96910000, 0x00007fcca1eb0000)
 tenured generation   total 3720520K, used 3676886K [0x00007fd6db0a0000, 0x00007fd7be1f2000, 0x00007fec30600000)
   the space 3720520K,  98% used [0x00007fd6db0a0000, 0x00007fd7bb7559d0, 0x00007fd7bb755a00, 0x00007fd7be1f2000)
 Metaspace       used 24214K, capacity 24638K, committed 24832K, reserved 26624K
}
Event: 1061.854 GC heap before
{Heap before GC invocations=1312 (full 5):
 def new generation   total 1674304K, used 1594673K [0x00007fcc30600000, 0x00007fcca1eb0000, 0x00007fd6db0a0000)
  eden space 1488320K, 100% used [0x00007fcc30600000, 0x00007fcc8b370000, 0x00007fcc8b370000)
  from space 185984K,  57% used [0x00007fcc8b370000, 0x00007fcc91b4c6b0, 0x00007fcc96910000)
  to   space 185984K,   0% used [0x00007fcc96910000, 0x00007fcc96910000, 0x00007fcca1eb0000)
 tenured generation   total 3720520K, used 3676886K [0x00007fd6db0a0000, 0x00007fd7be1f2000, 0x00007fec30600000)
   the space 3720520K,  98% used [0x00007fd6db0a0000, 0x00007fd7bb7559d0, 0x00007fd7bb755a00, 0x00007fd7be1f2000)
 Metaspace       used 24214K, capacity 24638K, committed 24832K, reserved 26624K
}
Event: 1061.948 GC heap after
{Heap after GC invocations=1313 (full 5):
 def new generation   total 1674304K, used 99146K [0x00007fcc30600000, 0x00007fcca1eb0000, 0x00007fd6db0a0000)
  eden space 1488320K,   0% used [0x00007fcc30600000, 0x00007fcc30600000, 0x00007fcc8b370000)
  from space 185984K,  53% used [0x00007fcc96910000, 0x00007fcc9c9e2878, 0x00007fcca1eb0000)
  to   space 185984K,   0% used [0x00007fcc8b370000, 0x00007fcc8b370000, 0x00007fcc96910000)
 tenured generation   total 3720520K, used 3693845K [0x00007fd6db0a0000, 0x00007fd7be1f2000, 0x00007fec30600000)
   the space 3720520K,  99% used [0x00007fd6db0a0000, 0x00007fd7bc7e54b8, 0x00007fd7bc7e5600, 0x00007fd7be1f2000)
 Metaspace       used 24214K, capacity 24638K, committed 24832K, reserved 26624K
}
Event: 1063.142 GC heap before
{Heap before GC invocations=1313 (full 5):
 def new generation   total 1674304K, used 1573681K [0x00007fcc30600000, 0x00007fcca1eb0000, 0x00007fd6db0a0000)
  eden space 1488320K,  99% used [0x00007fcc30600000, 0x00007fcc8a5f9b90, 0x00007fcc8b370000)
  from space 185984K,  53% used [0x00007fcc96910000, 0x00007fcc9c9e2878, 0x00007fcca1eb0000)
  to   space 185984K,   0% used [0x00007fcc8b370000, 0x00007fcc8b370000, 0x00007fcc96910000)
 tenured generation   total 3720520K, used 3693845K [0x00007fd6db0a0000, 0x00007fd7be1f2000, 0x00007fec30600000)
   the space 3720520K,  99% used [0x00007fd6db0a0000, 0x00007fd7bc7e54b8, 0x00007fd7bc7e5600, 0x00007fd7be1f2000)
 Metaspace       used 24214K, capacity 24638K, committed 24832K, reserved 26624K
}
Event: 1063.228 GC heap after
{Heap after GC invocations=1314 (full 5):
 def new generation   total 1674304K, used 84751K [0x00007fcc30600000, 0x00007fcca1eb0000, 0x00007fd6db0a0000)
  eden space 1488320K,   0% used [0x00007fcc30600000, 0x00007fcc30600000, 0x00007fcc8b370000)
  from space 185984K,  45% used [0x00007fcc8b370000, 0x00007fcc90633dd0, 0x00007fcc96910000)
  to   space 185984K,   0% used [0x00007fcc96910000, 0x00007fcc96910000, 0x00007fcca1eb0000)
 tenured generation   total 3720520K, used 3710803K [0x00007fd6db0a0000, 0x00007fd7be1f2000, 0x00007fec30600000)
   the space 3720520K,  99% used [0x00007fd6db0a0000, 0x00007fd7bd874fa0, 0x00007fd7bd875000, 0x00007fd7be1f2000)
 Metaspace       used 24214K, capacity 24638K, committed 24832K, reserved 26624K
}
Event: 1065.004 GC heap before
{Heap before GC invocations=1314 (full 5):
 def new generation   total 1674304K, used 1573071K [0x00007fcc30600000, 0x00007fcca1eb0000, 0x00007fd6db0a0000)
  eden space 1488320K, 100% used [0x00007fcc30600000, 0x00007fcc8b370000, 0x00007fcc8b370000)
  from space 185984K,  45% used [0x00007fcc8b370000, 0x00007fcc90633dd0, 0x00007fcc96910000)
  to   space 185984K,   0% used [0x00007fcc96910000, 0x00007fcc96910000, 0x00007fcca1eb0000)
 tenured generation   total 3720520K, used 3710803K [0x00007fd6db0a0000, 0x00007fd7be1f2000, 0x00007fec30600000)
   the space 3720520K,  99% used [0x00007fd6db0a0000, 0x00007fd7bd874fa0, 0x00007fd7bd875000, 0x00007fd7be1f2000)
 Metaspace       used 24214K, capacity 24638K, committed 24832K, reserved 26624K
}
Event: 1065.063 GC heap after
{Heap after GC invocations=1315 (full 5):
 def new generation   total 1674304K, used 76571K [0x00007fcc30600000, 0x00007fcca1eb0000, 0x00007fd6db0a0000)
  eden space 1488320K,   0% used [0x00007fcc30600000, 0x00007fcc30600000, 0x00007fcc8b370000)
  from space 185984K,  41% used [0x00007fcc96910000, 0x00007fcc9b3d6c48, 0x00007fcca1eb0000)
  to   space 185984K,   0% used [0x00007fcc8b370000, 0x00007fcc8b370000, 0x00007fcc96910000)
 tenured generation   total 3720520K, used 3710803K [0x00007fd6db0a0000, 0x00007fd7be1f2000, 0x00007fec30600000)
   the space 3720520K,  99% used [0x00007fd6db0a0000, 0x00007fd7bd874fa0, 0x00007fd7bd875000, 0x00007fd7be1f2000)
 Metaspace       used 24214K, capacity 24638K, committed 24832K, reserved 26624K
}
Event: 1066.612 GC heap before
{Heap before GC invocations=1315 (full 5):
 def new generation   total 1674304K, used 1564891K [0x00007fcc30600000, 0x00007fcca1eb0000, 0x00007fd6db0a0000)
  eden space 1488320K, 100% used [0x00007fcc30600000, 0x00007fcc8b370000, 0x00007fcc8b370000)
  from space 185984K,  41% used [0x00007fcc96910000, 0x00007fcc9b3d6c48, 0x00007fcca1eb0000)
  to   space 185984K,   0% used [0x00007fcc8b370000, 0x00007fcc8b370000, 0x00007fcc96910000)
 tenured generation   total 3720520K, used 3710803K [0x00007fd6db0a0000, 0x00007fd7be1f2000, 0x00007fec30600000)
   the space 3720520K,  99% used [0x00007fd6db0a0000, 0x00007fd7bd874fa0, 0x00007fd7bd875000, 0x00007fd7be1f2000)
 Metaspace       used 24214K, capacity 24638K, committed 24832K, reserved 26624K
}
Event: 1066.670 GC heap after
{Heap after GC invocations=1316 (full 5):
 def new generation   total 1674304K, used 84256K [0x00007fcc30600000, 0x00007fcca1eb0000, 0x00007fd6db0a0000)
  eden space 1488320K,   0% used [0x00007fcc30600000, 0x00007fcc30600000, 0x00007fcc8b370000)
  from space 185984K,  45% used [0x00007fcc8b370000, 0x00007fcc905b82c0, 0x00007fcc96910000)
  to   space 185984K,   0% used [0x00007fcc96910000, 0x00007fcc96910000, 0x00007fcca1eb0000)
 tenured generation   total 3720520K, used 3710803K [0x00007fd6db0a0000, 0x00007fd7be1f2000, 0x00007fec30600000)
   the space 3720520K,  99% used [0x00007fd6db0a0000, 0x00007fd7bd874fa0, 0x00007fd7bd875000, 0x00007fd7be1f2000)
 Metaspace       used 24214K, capacity 24638K, committed 24832K, reserved 26624K
}
Event: 1067.904 GC heap before
{Heap before GC invocations=1316 (full 5):
 def new generation   total 1674304K, used 1569550K [0x00007fcc30600000, 0x00007fcca1eb0000, 0x00007fd6db0a0000)
  eden space 1488320K,  99% used [0x00007fcc30600000, 0x00007fcc8b07b718, 0x00007fcc8b370000)
  from space 185984K,  45% used [0x00007fcc8b370000, 0x00007fcc905b82c0, 0x00007fcc96910000)
  to   space 185984K,   0% used [0x00007fcc96910000, 0x00007fcc96910000, 0x00007fcca1eb0000)
 tenured generation   total 3720520K, used 3710803K [0x00007fd6db0a0000, 0x00007fd7be1f2000, 0x00007fec30600000)
   the space 3720520K,  99% used [0x00007fd6db0a0000, 0x00007fd7bd874fa0, 0x00007fd7bd875000, 0x00007fd7be1f2000)
 Metaspace       used 24214K, capacity 24638K, committed 24832K, reserved 26624K
}
Event: 1067.956 GC heap after
{Heap after GC invocations=1317 (full 5):
 def new generation   total 1674304K, used 86852K [0x00007fcc30600000, 0x00007fcca1eb0000, 0x00007fd6db0a0000)
  eden space 1488320K,   0% used [0x00007fcc30600000, 0x00007fcc30600000, 0x00007fcc8b370000)
  from space 185984K,  46% used [0x00007fcc96910000, 0x00007fcc9bde13d0, 0x00007fcca1eb0000)
  to   space 185984K,   0% used [0x00007fcc8b370000, 0x00007fcc8b370000, 0x00007fcc96910000)
 tenured generation   total 3720520K, used 3710803K [0x00007fd6db0a0000, 0x00007fd7be1f2000, 0x00007fec30600000)
   the space 3720520K,  99% used [0x00007fd6db0a0000, 0x00007fd7bd874fa0, 0x00007fd7bd875000, 0x00007fd7be1f2000)
 Metaspace       used 24214K, capacity 24638K, committed 24832K, reserved 26624K
}
Event: 1069.739 GC heap before
{Heap before GC invocations=1317 (full 5):
 def new generation   total 1674304K, used 1575172K [0x00007fcc30600000, 0x00007fcca1eb0000, 0x00007fd6db0a0000)
  eden space 1488320K, 100% used [0x00007fcc30600000, 0x00007fcc8b370000, 0x00007fcc8b370000)
  from space 185984K,  46% used [0x00007fcc96910000, 0x00007fcc9bde13d0, 0x00007fcca1eb0000)
  to   space 185984K,   0% used [0x00007fcc8b370000, 0x00007fcc8b370000, 0x00007fcc96910000)
 tenured generation   total 3720520K, used 3710803K [0x00007fd6db0a0000, 0x00007fd7be1f2000, 0x00007fec30600000)
   the space 3720520K,  99% used [0x00007fd6db0a0000, 0x00007fd7bd874fa0, 0x00007fd7bd875000, 0x00007fd7be1f2000)
 Metaspace       used 24214K, capacity 24638K, committed 24832K, reserved 26624K
}
Event: 1069.844 GC heap after
{Heap after GC invocations=1318 (full 5):
 def new generation   total 1674304K, used 96101K [0x00007fcc30600000, 0x00007fcca1eb0000, 0x00007fd6db0a0000)
  eden space 1488320K,   0% used [0x00007fcc30600000, 0x00007fcc30600000, 0x00007fcc8b370000)
  from space 185984K,  51% used [0x00007fcc8b370000, 0x00007fcc91149690, 0x00007fcc96910000)
  to   space 185984K,   0% used [0x00007fcc96910000, 0x00007fcc96910000, 0x00007fcca1eb0000)
 tenured generation   total 3720520K, used 3710803K [0x00007fd6db0a0000, 0x00007fd7be1f2000, 0x00007fec30600000)
   the space 3720520K,  99% used [0x00007fd6db0a0000, 0x00007fd7bd874fa0, 0x00007fd7bd875000, 0x00007fd7be1f2000)
 Metaspace       used 24214K, capacity 24638K, committed 24832K, reserved 26624K
}
Event: 1071.233 GC heap before
{Heap before GC invocations=1318 (full 5):
 def new generation   total 1674304K, used 1584421K [0x00007fcc30600000, 0x00007fcca1eb0000, 0x00007fd6db0a0000)
  eden space 1488320K, 100% used [0x00007fcc30600000, 0x00007fcc8b370000, 0x00007fcc8b370000)
  from space 185984K,  51% used [0x00007fcc8b370000, 0x00007fcc91149690, 0x00007fcc96910000)
  to   space 185984K,   0% used [0x00007fcc96910000, 0x00007fcc96910000, 0x00007fcca1eb0000)
 tenured generation   total 3720520K, used 3710803K [0x00007fd6db0a0000, 0x00007fd7be1f2000, 0x00007fec30600000)
   the space 3720520K,  99% used [0x00007fd6db0a0000, 0x00007fd7bd874fa0, 0x00007fd7bd875000, 0x00007fd7be1f2000)
 Metaspace       used 24214K, capacity 24638K, committed 24832K, reserved 26624K
}
Event: 1071.308 GC heap after
{Heap after GC invocations=1319 (full 5):
 def new generation   total 1674304K, used 84778K [0x00007fcc30600000, 0x00007fcca1eb0000, 0x00007fd6db0a0000)
  eden space 1488320K,   0% used [0x00007fcc30600000, 0x00007fcc30600000, 0x00007fcc8b370000)
  from space 185984K,  45% used [0x00007fcc96910000, 0x00007fcc9bbdab08, 0x00007fcca1eb0000)
  to   space 185984K,   0% used [0x00007fcc8b370000, 0x00007fcc8b370000, 0x00007fcc96910000)
 tenured generation   total 3736908K, used 3727762K [0x00007fd6db0a0000, 0x00007fd7bf1f3000, 0x00007fec30600000)
   the space 3736908K,  99% used [0x00007fd6db0a0000, 0x00007fd7be904a88, 0x00007fd7be904c00, 0x00007fd7bf1f3000)
 Metaspace       used 24214K, capacity 24638K, committed 24832K, reserved 26624K
}
Event: 1071.308 GC heap before
{Heap before GC invocations=1319 (full 5):
 def new generation   total 1674304K, used 84778K [0x00007fcc30600000, 0x00007fcca1eb0000, 0x00007fd6db0a0000)
  eden space 1488320K,   0% used [0x00007fcc30600000, 0x00007fcc30600000, 0x00007fcc8b370000)
  from space 185984K,  45% used [0x00007fcc96910000, 0x00007fcc9bbdab08, 0x00007fcca1eb0000)
  to   space 185984K,   0% used [0x00007fcc8b370000, 0x00007fcc8b370000, 0x00007fcc96910000)
 tenured generation   total 3736908K, used 3727762K [0x00007fd6db0a0000, 0x00007fd7bf1f3000, 0x00007fec30600000)
   the space 3736908K,  99% used [0x00007fd6db0a0000, 0x00007fd7be904a88, 0x00007fd7be904c00, 0x00007fd7bf1f3000)
 Metaspace       used 24214K, capacity 24638K, committed 24832K, reserved 26624K
}

