# JRE version: OpenJDK Runtime Environment (13.0.7+5) (build 13.0.7+5-Ubuntu-0ubuntu120.04)
# Java VM: OpenJDK 64-Bit Server VM (13.0.7+5-Ubuntu-0ubuntu120.04, mixed mode, tiered, serial gc, linux-amd64)
Heap:
 def new generation   total 3156992K, used 0K [0x00007f30e8600000, 0x00007f31be780000, 0x00007f363db50000)
  eden space 2806272K,   0% used [0x00007f30e8600000, 0x00007f30e8600000, 0x00007f3193a80000)
  from space 350720K,   0% used [0x00007f3193a80000, 0x00007f3193a80000, 0x00007f31a9100000)
  to   space 350720K,   0% used [0x00007f31a9100000, 0x00007f31a9100000, 0x00007f31be780000)
 tenured generation   total 7015320K, used 4209190K [0x00007f363db50000, 0x00007f37e9e36000, 0x00007f40e8600000)
   the space 7015320K,  59% used [0x00007f363db50000, 0x00007f373e9d9b40, 0x00007f373e9d9c00, 0x00007f37e9e36000)
 Metaspace       used 23269K, capacity 23672K, committed 23808K, reserved 24576K
GC Heap History (16 events):
Event: 2.377 GC heap before
{Heap before GC invocations=0 (full 0):
 def new generation   total 629120K, used 100674K [0x00007f30e8600000, 0x00007f31130a0000, 0x00007f363db50000)
  eden space 559232K,  18% used [0x00007f30e8600000, 0x00007f30ee850b50, 0x00007f310a820000)
  from space 69888K,   0% used [0x00007f310a820000, 0x00007f310a820000, 0x00007f310ec60000)
  to   space 69888K,   0% used [0x00007f310ec60000, 0x00007f310ec60000, 0x00007f31130a0000)
 tenured generation   total 1398144K, used 0K [0x00007f363db50000, 0x00007f36930b0000, 0x00007f40e8600000)
   the space 1398144K,   0% used [0x00007f363db50000, 0x00007f363db50000, 0x00007f363db50200, 0x00007f36930b0000)
 Metaspace       used 20935K, capacity 21223K, committed 21248K, reserved 22528K
}
Event: 2.422 GC heap after
{Heap after GC invocations=1 (full 1):
 def new generation   total 629248K, used 0K [0x00007f30e8600000, 0x00007f31130c0000, 0x00007f363db50000)
  eden space 559360K,   0% used [0x00007f30e8600000, 0x00007f30e8600000, 0x00007f310a840000)
  from space 69888K,   0% used [0x00007f310a840000, 0x00007f310a840000, 0x00007f310ec80000)
  to   space 69888K,   0% used [0x00007f310ec80000, 0x00007f310ec80000, 0x00007f31130c0000)
 tenured generation   total 1398144K, used 13999K [0x00007f363db50000, 0x00007f36930b0000, 0x00007f40e8600000)
   the space 1398144K,   1% used [0x00007f363db50000, 0x00007f363e8fbdb8, 0x00007f363e8fbe00, 0x00007f36930b0000)
 Metaspace       used 20935K, capacity 21223K, committed 21248K, reserved 22528K
}
Event: 3.079 GC heap before
{Heap before GC invocations=1 (full 1):
 def new generation   total 629248K, used 559360K [0x00007f30e8600000, 0x00007f31130c0000, 0x00007f363db50000)
  eden space 559360K, 100% used [0x00007f30e8600000, 0x00007f310a840000, 0x00007f310a840000)
  from space 69888K,   0% used [0x00007f310a840000, 0x00007f310a840000, 0x00007f310ec80000)
  to   space 69888K,   0% used [0x00007f310ec80000, 0x00007f310ec80000, 0x00007f31130c0000)
 tenured generation   total 1398144K, used 13999K [0x00007f363db50000, 0x00007f36930b0000, 0x00007f40e8600000)
   the space 1398144K,   1% used [0x00007f363db50000, 0x00007f363e8fbdb8, 0x00007f363e8fbe00, 0x00007f36930b0000)
 Metaspace       used 22779K, capacity 23163K, committed 23296K, reserved 24576K
}
Event: 3.084 GC heap after
{Heap after GC invocations=2 (full 1):
 def new generation   total 629248K, used 935K [0x00007f30e8600000, 0x00007f31130c0000, 0x00007f363db50000)
  eden space 559360K,   0% used [0x00007f30e8600000, 0x00007f30e8600000, 0x00007f310a840000)
  from space 69888K,   1% used [0x00007f310ec80000, 0x00007f310ed69c00, 0x00007f31130c0000)
  to   space 69888K,   0% used [0x00007f310a840000, 0x00007f310a840000, 0x00007f310ec80000)
 tenured generation   total 1398144K, used 13999K [0x00007f363db50000, 0x00007f36930b0000, 0x00007f40e8600000)
   the space 1398144K,   1% used [0x00007f363db50000, 0x00007f363e8fbdb8, 0x00007f363e8fbe00, 0x00007f36930b0000)
 Metaspace       used 22779K, capacity 23163K, committed 23296K, reserved 24576K
}
Event: 4.132 GC heap before
{Heap before GC invocations=2 (full 1):
 def new generation   total 629248K, used 560295K [0x00007f30e8600000, 0x00007f31130c0000, 0x00007f363db50000)
  eden space 559360K, 100% used [0x00007f30e8600000, 0x00007f310a840000, 0x00007f310a840000)
  from space 69888K,   1% used [0x00007f310ec80000, 0x00007f310ed69c00, 0x00007f31130c0000)
  to   space 69888K,   0% used [0x00007f310a840000, 0x00007f310a840000, 0x00007f310ec80000)
 tenured generation   total 1398144K, used 13999K [0x00007f363db50000, 0x00007f36930b0000, 0x00007f40e8600000)
   the space 1398144K,   1% used [0x00007f363db50000, 0x00007f363e8fbdb8, 0x00007f363e8fbe00, 0x00007f36930b0000)
 Metaspace       used 23077K, capacity 23466K, committed 23552K, reserved 24576K
}
Event: 4.135 GC heap after
{Heap after GC invocations=3 (full 1):
 def new generation   total 629248K, used 909K [0x00007f30e8600000, 0x00007f31130c0000, 0x00007f363db50000)
  eden space 559360K,   0% used [0x00007f30e8600000, 0x00007f30e8600000, 0x00007f310a840000)
  from space 69888K,   1% used [0x00007f310a840000, 0x00007f310a9237c0, 0x00007f310ec80000)
  to   space 69888K,   0% used [0x00007f310ec80000, 0x00007f310ec80000, 0x00007f31130c0000)
 tenured generation   total 1398144K, used 13999K [0x00007f363db50000, 0x00007f36930b0000, 0x00007f40e8600000)
   the space 1398144K,   1% used [0x00007f363db50000, 0x00007f363e8fbdb8, 0x00007f363e8fbe00, 0x00007f36930b0000)
 Metaspace       used 23077K, capacity 23466K, committed 23552K, reserved 24576K
}
Event: 4.836 GC heap before
{Heap before GC invocations=3 (full 1):
 def new generation   total 629248K, used 560269K [0x00007f30e8600000, 0x00007f31130c0000, 0x00007f363db50000)
  eden space 559360K, 100% used [0x00007f30e8600000, 0x00007f310a840000, 0x00007f310a840000)
  from space 69888K,   1% used [0x00007f310a840000, 0x00007f310a9237c0, 0x00007f310ec80000)
  to   space 69888K,   0% used [0x00007f310ec80000, 0x00007f310ec80000, 0x00007f31130c0000)
 tenured generation   total 1398144K, used 13999K [0x00007f363db50000, 0x00007f36930b0000, 0x00007f40e8600000)
   the space 1398144K,   1% used [0x00007f363db50000, 0x00007f363e8fbdb8, 0x00007f363e8fbe00, 0x00007f36930b0000)
 Metaspace       used 23079K, capacity 23466K, committed 23552K, reserved 24576K
}
Event: 4.840 GC heap after
{Heap after GC invocations=4 (full 1):
 def new generation   total 629248K, used 1111K [0x00007f30e8600000, 0x00007f31130c0000, 0x00007f363db50000)
  eden space 559360K,   0% used [0x00007f30e8600000, 0x00007f30e8600000, 0x00007f310a840000)
  from space 69888K,   1% used [0x00007f310ec80000, 0x00007f310ed95f58, 0x00007f31130c0000)
  to   space 69888K,   0% used [0x00007f310a840000, 0x00007f310a840000, 0x00007f310ec80000)
 tenured generation   total 1398144K, used 13999K [0x00007f363db50000, 0x00007f36930b0000, 0x00007f40e8600000)
   the space 1398144K,   1% used [0x00007f363db50000, 0x00007f363e8fbdb8, 0x00007f363e8fbe00, 0x00007f36930b0000)
 Metaspace       used 23079K, capacity 23466K, committed 23552K, reserved 24576K
}
Event: 6.594 GC heap before
{Heap before GC invocations=4 (full 1):
 def new generation   total 629248K, used 259534K [0x00007f30e8600000, 0x00007f31130c0000, 0x00007f363db50000)
  eden space 559360K,  46% used [0x00007f30e8600000, 0x00007f30f825dc40, 0x00007f310a840000)
  from space 69888K,   1% used [0x00007f310ec80000, 0x00007f310ed95f58, 0x00007f31130c0000)
  to   space 69888K,   0% used [0x00007f310a840000, 0x00007f310a840000, 0x00007f310ec80000)
 tenured generation   total 1398144K, used 1062575K [0x00007f363db50000, 0x00007f36930b0000, 0x00007f40e8600000)
   the space 1398144K,  75% used [0x00007f363db50000, 0x00007f367e8fbdd0, 0x00007f367e8fbe00, 0x00007f36930b0000)
 Metaspace       used 23269K, capacity 23672K, committed 23808K, reserved 24576K
}
Event: 6.599 GC heap after
{Heap after GC invocations=5 (full 1):
 def new generation   total 629248K, used 1280K [0x00007f30e8600000, 0x00007f31130c0000, 0x00007f363db50000)
  eden space 559360K,   0% used [0x00007f30e8600000, 0x00007f30e8600000, 0x00007f310a840000)
  from space 69888K,   1% used [0x00007f310a840000, 0x00007f310a980120, 0x00007f310ec80000)
  to   space 69888K,   0% used [0x00007f310ec80000, 0x00007f310ec80000, 0x00007f31130c0000)
 tenured generation   total 1398144K, used 1062575K [0x00007f363db50000, 0x00007f36930b0000, 0x00007f40e8600000)
   the space 1398144K,  75% used [0x00007f363db50000, 0x00007f367e8fbdd0, 0x00007f367e8fbe00, 0x00007f36930b0000)
 Metaspace       used 23269K, capacity 23672K, committed 23808K, reserved 24576K
}
Event: 6.599 GC heap before
{Heap before GC invocations=5 (full 1):
 def new generation   total 629248K, used 1280K [0x00007f30e8600000, 0x00007f31130c0000, 0x00007f363db50000)
  eden space 559360K,   0% used [0x00007f30e8600000, 0x00007f30e8600000, 0x00007f310a840000)
  from space 69888K,   1% used [0x00007f310a840000, 0x00007f310a980120, 0x00007f310ec80000)
  to   space 69888K,   0% used [0x00007f310ec80000, 0x00007f310ec80000, 0x00007f31130c0000)
 tenured generation   total 1398144K, used 1062575K [0x00007f363db50000, 0x00007f36930b0000, 0x00007f40e8600000)
   the space 1398144K,  75% used [0x00007f363db50000, 0x00007f367e8fbdd0, 0x00007f367e8fbe00, 0x00007f36930b0000)
 Metaspace       used 23269K, capacity 23672K, committed 23808K, reserved 24576K
}
Event: 6.647 GC heap after
{Heap after GC invocations=5 (full 2):
 def new generation   total 797952K, used 0K [0x00007f30e8600000, 0x00007f311e7d0000, 0x00007f363db50000)
  eden space 709312K,   0% used [0x00007f30e8600000, 0x00007f30e8600000, 0x00007f3113ab0000)
  from space 88640K,   0% used [0x00007f3113ab0000, 0x00007f3113ab0000, 0x00007f3119140000)
  to   space 88640K,   0% used [0x00007f3119140000, 0x00007f3119140000, 0x00007f311e7d0000)
 tenured generation   total 1773084K, used 1063850K [0x00007f363db50000, 0x00007f36a9ed7000, 0x00007f40e8600000)
   the space 1773084K,  59% used [0x00007f363db50000, 0x00007f367ea3a888, 0x00007f367ea3aa00, 0x00007f36a9ed7000)
 Metaspace       used 23269K, capacity 23672K, committed 23808K, reserved 24576K
}
Event: 12.304 GC heap before
{Heap before GC invocations=5 (full 2):
 def new generation   total 797952K, used 14045K [0x00007f30e8600000, 0x00007f311e7d0000, 0x00007f363db50000)
  eden space 709312K,   1% used [0x00007f30e8600000, 0x00007f30e93b76f8, 0x00007f3113ab0000)
  from space 88640K,   0% used [0x00007f3113ab0000, 0x00007f3113ab0000, 0x00007f3119140000)
  to   space 88640K,   0% used [0x00007f3119140000, 0x00007f3119140000, 0x00007f311e7d0000)
 tenured generation   total 5967392K, used 5258154K [0x00007f363db50000, 0x00007f37a9ed8000, 0x00007f40e8600000)
   the space 5967392K,  88% used [0x00007f363db50000, 0x00007f377ea3a8a0, 0x00007f377ea3aa00, 0x00007f37a9ed8000)
 Metaspace       used 23269K, capacity 23672K, committed 23808K, reserved 24576K
}
Event: 12.313 GC heap after
{Heap after GC invocations=6 (full 2):
 def new generation   total 797952K, used 0K [0x00007f30e8600000, 0x00007f311e7d0000, 0x00007f363db50000)
  eden space 709312K,   0% used [0x00007f30e8600000, 0x00007f30e8600000, 0x00007f3113ab0000)
  from space 88640K,   0% used [0x00007f3119140000, 0x00007f3119140220, 0x00007f311e7d0000)
  to   space 88640K,   0% used [0x00007f3113ab0000, 0x00007f3113ab0000, 0x00007f3119140000)
 tenured generation   total 5967392K, used 5258154K [0x00007f363db50000, 0x00007f37a9ed8000, 0x00007f40e8600000)
   the space 5967392K,  88% used [0x00007f363db50000, 0x00007f377ea3a8a0, 0x00007f377ea3aa00, 0x00007f37a9ed8000)
 Metaspace       used 23269K, capacity 23672K, committed 23808K, reserved 24576K
}
Event: 12.313 GC heap before
{Heap before GC invocations=6 (full 2):
 def new generation   total 797952K, used 0K [0x00007f30e8600000, 0x00007f311e7d0000, 0x00007f363db50000)
  eden space 709312K,   0% used [0x00007f30e8600000, 0x00007f30e8600000, 0x00007f3113ab0000)
  from space 88640K,   0% used [0x00007f3119140000, 0x00007f3119140220, 0x00007f311e7d0000)
  to   space 88640K,   0% used [0x00007f3113ab0000, 0x00007f3113ab0000, 0x00007f3119140000)
 tenured generation   total 5967392K, used 5258154K [0x00007f363db50000, 0x00007f37a9ed8000, 0x00007f40e8600000)
   the space 5967392K,  88% used [0x00007f363db50000, 0x00007f377ea3a8a0, 0x00007f377ea3aa00, 0x00007f37a9ed8000)
 Metaspace       used 23269K, capacity 23672K, committed 23808K, reserved 24576K
}
Event: 16.593 GC heap after
{Heap after GC invocations=6 (full 3):
 def new generation   total 3156992K, used 0K [0x00007f30e8600000, 0x00007f31be780000, 0x00007f363db50000)
  eden space 2806272K,   0% used [0x00007f30e8600000, 0x00007f30e8600000, 0x00007f3193a80000)
  from space 350720K,   0% used [0x00007f3193a80000, 0x00007f3193a80000, 0x00007f31a9100000)
  to   space 350720K,   0% used [0x00007f31a9100000, 0x00007f31a9100000, 0x00007f31be780000)
 tenured generation   total 7015320K, used 4209190K [0x00007f363db50000, 0x00007f37e9e36000, 0x00007f40e8600000)
   the space 7015320K,  59% used [0x00007f363db50000, 0x00007f373e9d9b40, 0x00007f373e9d9c00, 0x00007f37e9e36000)
 Metaspace       used 23269K, capacity 23672K, committed 23808K, reserved 24576K
}

