# JRE version: OpenJDK Runtime Environment (13.0.7+5) (build 13.0.7+5-Ubuntu-0ubuntu120.04)
# Java VM: OpenJDK 64-Bit Server VM (13.0.7+5-Ubuntu-0ubuntu120.04, mixed mode, tiered, serial gc, linux-amd64)
Heap:
 def new generation   total 1747968K, used 0K [0x00007f2e70600000, 0x00007f2ee6ea0000, 0x00007f33c5b50000)
  eden space 1553792K,   0% used [0x00007f2e70600000, 0x00007f2e70600000, 0x00007f2ecf360000)
  from space 194176K,   0% used [0x00007f2edb100000, 0x00007f2edb100000, 0x00007f2ee6ea0000)
  to   space 194176K,   0% used [0x00007f2ecf360000, 0x00007f2ecf360000, 0x00007f2edb100000)
 tenured generation   total 3884652K, used 3865599K [0x00007f33c5b50000, 0x00007f34b2ceb000, 0x00007f3e70600000)
   the space 3884652K,  99% used [0x00007f33c5b50000, 0x00007f34b1a4fe68, 0x00007f34b1a50000, 0x00007f34b2ceb000)
 Metaspace       used 24213K, capacity 24642K, committed 24832K, reserved 26624K
GC Heap History (20 events):
Event: 7021.155 GC heap after
{Heap after GC invocations=16618 (full 3):
 def new generation   total 1747968K, used 4489K [0x00007f2e70600000, 0x00007f2ee6ea0000, 0x00007f33c5b50000)
  eden space 1553792K,   0% used [0x00007f2e70600000, 0x00007f2e70600000, 0x00007f2ecf360000)
  from space 194176K,   2% used [0x00007f2ecf360000, 0x00007f2ecf7c24f8, 0x00007f2edb100000)
  to   space 194176K,   0% used [0x00007f2edb100000, 0x00007f2edb100000, 0x00007f2ee6ea0000)
 tenured generation   total 3884268K, used 3882014K [0x00007f33c5b50000, 0x00007f34b2c8b000, 0x00007f3e70600000)
   the space 3884268K,  99% used [0x00007f33c5b50000, 0x00007f34b2a57b10, 0x00007f34b2a57c00, 0x00007f34b2c8b000)
 Metaspace       used 24213K, capacity 24642K, committed 24832K, reserved 26624K
}
Event: 7021.915 GC heap before
{Heap before GC invocations=16618 (full 3):
 def new generation   total 1747968K, used 1558281K [0x00007f2e70600000, 0x00007f2ee6ea0000, 0x00007f33c5b50000)
  eden space 1553792K, 100% used [0x00007f2e70600000, 0x00007f2ecf360000, 0x00007f2ecf360000)
  from space 194176K,   2% used [0x00007f2ecf360000, 0x00007f2ecf7c24f8, 0x00007f2edb100000)
  to   space 194176K,   0% used [0x00007f2edb100000, 0x00007f2edb100000, 0x00007f2ee6ea0000)
 tenured generation   total 3884268K, used 3882014K [0x00007f33c5b50000, 0x00007f34b2c8b000, 0x00007f3e70600000)
   the space 3884268K,  99% used [0x00007f33c5b50000, 0x00007f34b2a57b10, 0x00007f34b2a57c00, 0x00007f34b2c8b000)
 Metaspace       used 24213K, capacity 24642K, committed 24832K, reserved 26624K
}
Event: 7021.919 GC heap after
{Heap after GC invocations=16619 (full 3):
 def new generation   total 1747968K, used 4500K [0x00007f2e70600000, 0x00007f2ee6ea0000, 0x00007f33c5b50000)
  eden space 1553792K,   0% used [0x00007f2e70600000, 0x00007f2e70600000, 0x00007f2ecf360000)
  from space 194176K,   2% used [0x00007f2edb100000, 0x00007f2edb5650b8, 0x00007f2ee6ea0000)
  to   space 194176K,   0% used [0x00007f2ecf360000, 0x00007f2ecf360000, 0x00007f2edb100000)
 tenured generation   total 3884268K, used 3882186K [0x00007f33c5b50000, 0x00007f34b2c8b000, 0x00007f3e70600000)
   the space 3884268K,  99% used [0x00007f33c5b50000, 0x00007f34b2a82b50, 0x00007f34b2a82c00, 0x00007f34b2c8b000)
 Metaspace       used 24213K, capacity 24642K, committed 24832K, reserved 26624K
}
Event: 7022.681 GC heap before
{Heap before GC invocations=16619 (full 3):
 def new generation   total 1747968K, used 1558292K [0x00007f2e70600000, 0x00007f2ee6ea0000, 0x00007f33c5b50000)
  eden space 1553792K, 100% used [0x00007f2e70600000, 0x00007f2ecf360000, 0x00007f2ecf360000)
  from space 194176K,   2% used [0x00007f2edb100000, 0x00007f2edb5650b8, 0x00007f2ee6ea0000)
  to   space 194176K,   0% used [0x00007f2ecf360000, 0x00007f2ecf360000, 0x00007f2edb100000)
 tenured generation   total 3884268K, used 3882186K [0x00007f33c5b50000, 0x00007f34b2c8b000, 0x00007f3e70600000)
   the space 3884268K,  99% used [0x00007f33c5b50000, 0x00007f34b2a82b50, 0x00007f34b2a82c00, 0x00007f34b2c8b000)
 Metaspace       used 24213K, capacity 24642K, committed 24832K, reserved 26624K
}
Event: 7022.684 GC heap after
{Heap after GC invocations=16620 (full 3):
 def new generation   total 1747968K, used 4545K [0x00007f2e70600000, 0x00007f2ee6ea0000, 0x00007f33c5b50000)
  eden space 1553792K,   0% used [0x00007f2e70600000, 0x00007f2e70600000, 0x00007f2ecf360000)
  from space 194176K,   2% used [0x00007f2ecf360000, 0x00007f2ecf7d0450, 0x00007f2edb100000)
  to   space 194176K,   0% used [0x00007f2edb100000, 0x00007f2edb100000, 0x00007f2ee6ea0000)
 tenured generation   total 3884268K, used 3882337K [0x00007f33c5b50000, 0x00007f34b2c8b000, 0x00007f3e70600000)
   the space 3884268K,  99% used [0x00007f33c5b50000, 0x00007f34b2aa8588, 0x00007f34b2aa8600, 0x00007f34b2c8b000)
 Metaspace       used 24213K, capacity 24642K, committed 24832K, reserved 26624K
}
Event: 7023.443 GC heap before
{Heap before GC invocations=16620 (full 3):
 def new generation   total 1747968K, used 1558337K [0x00007f2e70600000, 0x00007f2ee6ea0000, 0x00007f33c5b50000)
  eden space 1553792K, 100% used [0x00007f2e70600000, 0x00007f2ecf360000, 0x00007f2ecf360000)
  from space 194176K,   2% used [0x00007f2ecf360000, 0x00007f2ecf7d0450, 0x00007f2edb100000)
  to   space 194176K,   0% used [0x00007f2edb100000, 0x00007f2edb100000, 0x00007f2ee6ea0000)
 tenured generation   total 3884268K, used 3882337K [0x00007f33c5b50000, 0x00007f34b2c8b000, 0x00007f3e70600000)
   the space 3884268K,  99% used [0x00007f33c5b50000, 0x00007f34b2aa8588, 0x00007f34b2aa8600, 0x00007f34b2c8b000)
 Metaspace       used 24213K, capacity 24642K, committed 24832K, reserved 26624K
}
Event: 7023.447 GC heap after
{Heap after GC invocations=16621 (full 3):
 def new generation   total 1747968K, used 4584K [0x00007f2e70600000, 0x00007f2ee6ea0000, 0x00007f33c5b50000)
  eden space 1553792K,   0% used [0x00007f2e70600000, 0x00007f2e70600000, 0x00007f2ecf360000)
  from space 194176K,   2% used [0x00007f2edb100000, 0x00007f2edb57a128, 0x00007f2ee6ea0000)
  to   space 194176K,   0% used [0x00007f2ecf360000, 0x00007f2ecf360000, 0x00007f2edb100000)
 tenured generation   total 3884268K, used 3882530K [0x00007f33c5b50000, 0x00007f34b2c8b000, 0x00007f3e70600000)
   the space 3884268K,  99% used [0x00007f33c5b50000, 0x00007f34b2ad8900, 0x00007f34b2ad8a00, 0x00007f34b2c8b000)
 Metaspace       used 24213K, capacity 24642K, committed 24832K, reserved 26624K
}
Event: 7024.219 GC heap before
{Heap before GC invocations=16621 (full 3):
 def new generation   total 1747968K, used 1558376K [0x00007f2e70600000, 0x00007f2ee6ea0000, 0x00007f33c5b50000)
  eden space 1553792K, 100% used [0x00007f2e70600000, 0x00007f2ecf360000, 0x00007f2ecf360000)
  from space 194176K,   2% used [0x00007f2edb100000, 0x00007f2edb57a128, 0x00007f2ee6ea0000)
  to   space 194176K,   0% used [0x00007f2ecf360000, 0x00007f2ecf360000, 0x00007f2edb100000)
 tenured generation   total 3884268K, used 3882530K [0x00007f33c5b50000, 0x00007f34b2c8b000, 0x00007f3e70600000)
   the space 3884268K,  99% used [0x00007f33c5b50000, 0x00007f34b2ad8900, 0x00007f34b2ad8a00, 0x00007f34b2c8b000)
 Metaspace       used 24213K, capacity 24642K, committed 24832K, reserved 26624K
}
Event: 7024.224 GC heap after
{Heap after GC invocations=16622 (full 3):
 def new generation   total 1747968K, used 4628K [0x00007f2e70600000, 0x00007f2ee6ea0000, 0x00007f33c5b50000)
  eden space 1553792K,   0% used [0x00007f2e70600000, 0x00007f2e70600000, 0x00007f2ecf360000)
  from space 194176K,   2% used [0x00007f2ecf360000, 0x00007f2ecf7e5070, 0x00007f2edb100000)
  to   space 194176K,   0% used [0x00007f2edb100000, 0x00007f2edb100000, 0x00007f2ee6ea0000)
 tenured generation   total 3884268K, used 3882763K [0x00007f33c5b50000, 0x00007f34b2c8b000, 0x00007f3e70600000)
   the space 3884268K,  99% used [0x00007f33c5b50000, 0x00007f34b2b12ef8, 0x00007f34b2b13000, 0x00007f34b2c8b000)
 Metaspace       used 24213K, capacity 24642K, committed 24832K, reserved 26624K
}
Event: 7024.986 GC heap before
{Heap before GC invocations=16622 (full 3):
 def new generation   total 1747968K, used 1558420K [0x00007f2e70600000, 0x00007f2ee6ea0000, 0x00007f33c5b50000)
  eden space 1553792K, 100% used [0x00007f2e70600000, 0x00007f2ecf360000, 0x00007f2ecf360000)
  from space 194176K,   2% used [0x00007f2ecf360000, 0x00007f2ecf7e5070, 0x00007f2edb100000)
  to   space 194176K,   0% used [0x00007f2edb100000, 0x00007f2edb100000, 0x00007f2ee6ea0000)
 tenured generation   total 3884268K, used 3882763K [0x00007f33c5b50000, 0x00007f34b2c8b000, 0x00007f3e70600000)
   the space 3884268K,  99% used [0x00007f33c5b50000, 0x00007f34b2b12ef8, 0x00007f34b2b13000, 0x00007f34b2c8b000)
 Metaspace       used 24213K, capacity 24642K, committed 24832K, reserved 26624K
}
Event: 7024.990 GC heap after
{Heap after GC invocations=16623 (full 3):
 def new generation   total 1747968K, used 4698K [0x00007f2e70600000, 0x00007f2ee6ea0000, 0x00007f33c5b50000)
  eden space 1553792K,   0% used [0x00007f2e70600000, 0x00007f2e70600000, 0x00007f2ecf360000)
  from space 194176K,   2% used [0x00007f2edb100000, 0x00007f2edb596b80, 0x00007f2ee6ea0000)
  to   space 194176K,   0% used [0x00007f2ecf360000, 0x00007f2ecf360000, 0x00007f2edb100000)
 tenured generation   total 3884268K, used 3882997K [0x00007f33c5b50000, 0x00007f34b2c8b000, 0x00007f3e70600000)
   the space 3884268K,  99% used [0x00007f33c5b50000, 0x00007f34b2b4d4f0, 0x00007f34b2b4d600, 0x00007f34b2c8b000)
 Metaspace       used 24213K, capacity 24642K, committed 24832K, reserved 26624K
}
Event: 7025.752 GC heap before
{Heap before GC invocations=16623 (full 3):
 def new generation   total 1747968K, used 1558490K [0x00007f2e70600000, 0x00007f2ee6ea0000, 0x00007f33c5b50000)
  eden space 1553792K, 100% used [0x00007f2e70600000, 0x00007f2ecf360000, 0x00007f2ecf360000)
  from space 194176K,   2% used [0x00007f2edb100000, 0x00007f2edb596b80, 0x00007f2ee6ea0000)
  to   space 194176K,   0% used [0x00007f2ecf360000, 0x00007f2ecf360000, 0x00007f2edb100000)
 tenured generation   total 3884268K, used 3882997K [0x00007f33c5b50000, 0x00007f34b2c8b000, 0x00007f3e70600000)
   the space 3884268K,  99% used [0x00007f33c5b50000, 0x00007f34b2b4d4f0, 0x00007f34b2b4d600, 0x00007f34b2c8b000)
 Metaspace       used 24213K, capacity 24642K, committed 24832K, reserved 26624K
}
Event: 7025.755 GC heap after
{Heap after GC invocations=16624 (full 3):
 def new generation   total 1747968K, used 4724K [0x00007f2e70600000, 0x00007f2ee6ea0000, 0x00007f33c5b50000)
  eden space 1553792K,   0% used [0x00007f2e70600000, 0x00007f2e70600000, 0x00007f2ecf360000)
  from space 194176K,   2% used [0x00007f2ecf360000, 0x00007f2ecf7fd108, 0x00007f2edb100000)
  to   space 194176K,   0% used [0x00007f2edb100000, 0x00007f2edb100000, 0x00007f2ee6ea0000)
 tenured generation   total 3884268K, used 3883293K [0x00007f33c5b50000, 0x00007f34b2c8b000, 0x00007f3e70600000)
   the space 3884268K,  99% used [0x00007f33c5b50000, 0x00007f34b2b97520, 0x00007f34b2b97600, 0x00007f34b2c8b000)
 Metaspace       used 24213K, capacity 24642K, committed 24832K, reserved 26624K
}
Event: 7026.516 GC heap before
{Heap before GC invocations=16624 (full 3):
 def new generation   total 1747968K, used 1558516K [0x00007f2e70600000, 0x00007f2ee6ea0000, 0x00007f33c5b50000)
  eden space 1553792K, 100% used [0x00007f2e70600000, 0x00007f2ecf360000, 0x00007f2ecf360000)
  from space 194176K,   2% used [0x00007f2ecf360000, 0x00007f2ecf7fd108, 0x00007f2edb100000)
  to   space 194176K,   0% used [0x00007f2edb100000, 0x00007f2edb100000, 0x00007f2ee6ea0000)
 tenured generation   total 3884268K, used 3883293K [0x00007f33c5b50000, 0x00007f34b2c8b000, 0x00007f3e70600000)
   the space 3884268K,  99% used [0x00007f33c5b50000, 0x00007f34b2b97520, 0x00007f34b2b97600, 0x00007f34b2c8b000)
 Metaspace       used 24213K, capacity 24642K, committed 24832K, reserved 26624K
}
Event: 7026.521 GC heap after
{Heap after GC invocations=16625 (full 3):
 def new generation   total 1747968K, used 4728K [0x00007f2e70600000, 0x00007f2ee6ea0000, 0x00007f33c5b50000)
  eden space 1553792K,   0% used [0x00007f2e70600000, 0x00007f2e70600000, 0x00007f2ecf360000)
  from space 194176K,   2% used [0x00007f2edb100000, 0x00007f2edb59e000, 0x00007f2ee6ea0000)
  to   space 194176K,   0% used [0x00007f2ecf360000, 0x00007f2ecf360000, 0x00007f2edb100000)
 tenured generation   total 3884268K, used 3883609K [0x00007f33c5b50000, 0x00007f34b2c8b000, 0x00007f3e70600000)
   the space 3884268K,  99% used [0x00007f33c5b50000, 0x00007f34b2be6648, 0x00007f34b2be6800, 0x00007f34b2c8b000)
 Metaspace       used 24213K, capacity 24642K, committed 24832K, reserved 26624K
}
Event: 7027.282 GC heap before
{Heap before GC invocations=16625 (full 3):
 def new generation   total 1747968K, used 1558520K [0x00007f2e70600000, 0x00007f2ee6ea0000, 0x00007f33c5b50000)
  eden space 1553792K, 100% used [0x00007f2e70600000, 0x00007f2ecf360000, 0x00007f2ecf360000)
  from space 194176K,   2% used [0x00007f2edb100000, 0x00007f2edb59e000, 0x00007f2ee6ea0000)
  to   space 194176K,   0% used [0x00007f2ecf360000, 0x00007f2ecf360000, 0x00007f2edb100000)
 tenured generation   total 3884268K, used 3883609K [0x00007f33c5b50000, 0x00007f34b2c8b000, 0x00007f3e70600000)
   the space 3884268K,  99% used [0x00007f33c5b50000, 0x00007f34b2be6648, 0x00007f34b2be6800, 0x00007f34b2c8b000)
 Metaspace       used 24213K, capacity 24642K, committed 24832K, reserved 26624K
}
Event: 7027.287 GC heap after
{Heap after GC invocations=16626 (full 3):
 def new generation   total 1747968K, used 4814K [0x00007f2e70600000, 0x00007f2ee6ea0000, 0x00007f33c5b50000)
  eden space 1553792K,   0% used [0x00007f2e70600000, 0x00007f2e70600000, 0x00007f2ecf360000)
  from space 194176K,   2% used [0x00007f2ecf360000, 0x00007f2ecf8139f0, 0x00007f2edb100000)
  to   space 194176K,   0% used [0x00007f2edb100000, 0x00007f2edb100000, 0x00007f2ee6ea0000)
 tenured generation   total 3884268K, used 3883925K [0x00007f33c5b50000, 0x00007f34b2c8b000, 0x00007f3e70600000)
   the space 3884268K,  99% used [0x00007f33c5b50000, 0x00007f34b2c35770, 0x00007f34b2c35800, 0x00007f34b2c8b000)
 Metaspace       used 24213K, capacity 24642K, committed 24832K, reserved 26624K
}
Event: 7028.048 GC heap before
{Heap before GC invocations=16626 (full 3):
 def new generation   total 1747968K, used 1558606K [0x00007f2e70600000, 0x00007f2ee6ea0000, 0x00007f33c5b50000)
  eden space 1553792K, 100% used [0x00007f2e70600000, 0x00007f2ecf360000, 0x00007f2ecf360000)
  from space 194176K,   2% used [0x00007f2ecf360000, 0x00007f2ecf8139f0, 0x00007f2edb100000)
  to   space 194176K,   0% used [0x00007f2edb100000, 0x00007f2edb100000, 0x00007f2ee6ea0000)
 tenured generation   total 3884268K, used 3883925K [0x00007f33c5b50000, 0x00007f34b2c8b000, 0x00007f3e70600000)
   the space 3884268K,  99% used [0x00007f33c5b50000, 0x00007f34b2c35770, 0x00007f34b2c35800, 0x00007f34b2c8b000)
 Metaspace       used 24213K, capacity 24642K, committed 24832K, reserved 26624K
}
Event: 7028.052 GC heap after
{Heap after GC invocations=16627 (full 3):
 def new generation   total 1747968K, used 4703K [0x00007f2e70600000, 0x00007f2ee6ea0000, 0x00007f33c5b50000)
  eden space 1553792K,   0% used [0x00007f2e70600000, 0x00007f2e70600000, 0x00007f2ecf360000)
  from space 194176K,   2% used [0x00007f2edb100000, 0x00007f2edb597f80, 0x00007f2ee6ea0000)
  to   space 194176K,   0% used [0x00007f2ecf360000, 0x00007f2ecf360000, 0x00007f2edb100000)
 tenured generation   total 3884652K, used 3884511K [0x00007f33c5b50000, 0x00007f34b2ceb000, 0x00007f3e70600000)
   the space 3884652K,  99% used [0x00007f33c5b50000, 0x00007f34b2cc7c40, 0x00007f34b2cc7e00, 0x00007f34b2ceb000)
 Metaspace       used 24213K, capacity 24642K, committed 24832K, reserved 26624K
}
Event: 7028.052 GC heap before
{Heap before GC invocations=16627 (full 3):
 def new generation   total 1747968K, used 4703K [0x00007f2e70600000, 0x00007f2ee6ea0000, 0x00007f33c5b50000)
  eden space 1553792K,   0% used [0x00007f2e70600000, 0x00007f2e70600000, 0x00007f2ecf360000)
  from space 194176K,   2% used [0x00007f2edb100000, 0x00007f2edb597f80, 0x00007f2ee6ea0000)
  to   space 194176K,   0% used [0x00007f2ecf360000, 0x00007f2ecf360000, 0x00007f2edb100000)
 tenured generation   total 3884652K, used 3884511K [0x00007f33c5b50000, 0x00007f34b2ceb000, 0x00007f3e70600000)
   the space 3884652K,  99% used [0x00007f33c5b50000, 0x00007f34b2cc7c40, 0x00007f34b2cc7e00, 0x00007f34b2ceb000)
 Metaspace       used 24213K, capacity 24642K, committed 24832K, reserved 26624K
}

