# JRE version: OpenJDK Runtime Environment (13.0.7+5) (build 13.0.7+5-Ubuntu-0ubuntu120.04)
# Java VM: OpenJDK 64-Bit Server VM (13.0.7+5-Ubuntu-0ubuntu120.04, mixed mode, tiered, serial gc, linux-amd64)
Heap:
 def new generation   total 1748224K, used 0K [0x00007f88ac600000, 0x00007f8922ef0000, 0x00007f8e01b50000)
  eden space 1553984K,   0% used [0x00007f88ac600000, 0x00007f88ac600000, 0x00007f890b390000)
  from space 194240K,   0% used [0x00007f890b390000, 0x00007f890b390000, 0x00007f8917140000)
  to   space 194240K,   0% used [0x00007f8917140000, 0x00007f8917140000, 0x00007f8922ef0000)
 tenured generation   total 3890860K, used 3879852K [0x00007f8e01b50000, 0x00007f8eef2fb000, 0x00007f98ac600000)
   the space 3890860K,  99% used [0x00007f8e01b50000, 0x00007f8eee83b160, 0x00007f8eee83b200, 0x00007f8eef2fb000)
 Metaspace       used 24697K, capacity 25149K, committed 25344K, reserved 26624K
GC Heap History (20 events):
Event: 4135.127 GC heap after
{Heap after GC invocations=9225 (full 3):
 def new generation   total 1748224K, used 62590K [0x00007f88ac600000, 0x00007f8922ef0000, 0x00007f8e01b50000)
  eden space 1553984K,   0% used [0x00007f88ac600000, 0x00007f88ac600000, 0x00007f890b390000)
  from space 194240K,  32% used [0x00007f8917140000, 0x00007f891ae5fa78, 0x00007f8922ef0000)
  to   space 194240K,   0% used [0x00007f890b390000, 0x00007f890b390000, 0x00007f8917140000)
 tenured generation   total 3884908K, used 3828808K [0x00007f8e01b50000, 0x00007f8eeed2b000, 0x00007f98ac600000)
   the space 3884908K,  98% used [0x00007f8e01b50000, 0x00007f8eeb6623d0, 0x00007f8eeb662400, 0x00007f8eeed2b000)
 Metaspace       used 24696K, capacity 25149K, committed 25344K, reserved 26624K
}
Event: 4135.777 GC heap before
{Heap before GC invocations=9225 (full 3):
 def new generation   total 1748224K, used 1616574K [0x00007f88ac600000, 0x00007f8922ef0000, 0x00007f8e01b50000)
  eden space 1553984K, 100% used [0x00007f88ac600000, 0x00007f890b390000, 0x00007f890b390000)
  from space 194240K,  32% used [0x00007f8917140000, 0x00007f891ae5fa78, 0x00007f8922ef0000)
  to   space 194240K,   0% used [0x00007f890b390000, 0x00007f890b390000, 0x00007f8917140000)
 tenured generation   total 3884908K, used 3828808K [0x00007f8e01b50000, 0x00007f8eeed2b000, 0x00007f98ac600000)
   the space 3884908K,  98% used [0x00007f8e01b50000, 0x00007f8eeb6623d0, 0x00007f8eeb662400, 0x00007f8eeed2b000)
 Metaspace       used 24696K, capacity 25149K, committed 25344K, reserved 26624K
}
Event: 4135.841 GC heap after
{Heap after GC invocations=9226 (full 3):
 def new generation   total 1748224K, used 61749K [0x00007f88ac600000, 0x00007f8922ef0000, 0x00007f8e01b50000)
  eden space 1553984K,   0% used [0x00007f88ac600000, 0x00007f88ac600000, 0x00007f890b390000)
  from space 194240K,  31% used [0x00007f890b390000, 0x00007f890efdd598, 0x00007f8917140000)
  to   space 194240K,   0% used [0x00007f8917140000, 0x00007f8917140000, 0x00007f8922ef0000)
 tenured generation   total 3884908K, used 3829736K [0x00007f8e01b50000, 0x00007f8eeed2b000, 0x00007f98ac600000)
   the space 3884908K,  98% used [0x00007f8e01b50000, 0x00007f8eeb74a358, 0x00007f8eeb74a400, 0x00007f8eeed2b000)
 Metaspace       used 24696K, capacity 25149K, committed 25344K, reserved 26624K
}
Event: 4136.569 GC heap before
{Heap before GC invocations=9226 (full 3):
 def new generation   total 1748224K, used 1615733K [0x00007f88ac600000, 0x00007f8922ef0000, 0x00007f8e01b50000)
  eden space 1553984K, 100% used [0x00007f88ac600000, 0x00007f890b390000, 0x00007f890b390000)
  from space 194240K,  31% used [0x00007f890b390000, 0x00007f890efdd598, 0x00007f8917140000)
  to   space 194240K,   0% used [0x00007f8917140000, 0x00007f8917140000, 0x00007f8922ef0000)
 tenured generation   total 3884908K, used 3829736K [0x00007f8e01b50000, 0x00007f8eeed2b000, 0x00007f98ac600000)
   the space 3884908K,  98% used [0x00007f8e01b50000, 0x00007f8eeb74a358, 0x00007f8eeb74a400, 0x00007f8eeed2b000)
 Metaspace       used 24696K, capacity 25149K, committed 25344K, reserved 26624K
}
Event: 4136.650 GC heap after
{Heap after GC invocations=9227 (full 3):
 def new generation   total 1748224K, used 60541K [0x00007f88ac600000, 0x00007f8922ef0000, 0x00007f8e01b50000)
  eden space 1553984K,   0% used [0x00007f88ac600000, 0x00007f88ac600000, 0x00007f890b390000)
  from space 194240K,  31% used [0x00007f8917140000, 0x00007f891ac5f4d0, 0x00007f8922ef0000)
  to   space 194240K,   0% used [0x00007f890b390000, 0x00007f890b390000, 0x00007f8917140000)
 tenured generation   total 3884908K, used 3831034K [0x00007f8e01b50000, 0x00007f8eeed2b000, 0x00007f98ac600000)
   the space 3884908K,  98% used [0x00007f8e01b50000, 0x00007f8eeb88ea98, 0x00007f8eeb88ec00, 0x00007f8eeed2b000)
 Metaspace       used 24696K, capacity 25149K, committed 25344K, reserved 26624K
}
Event: 4137.242 GC heap before
{Heap before GC invocations=9227 (full 3):
 def new generation   total 1748224K, used 1614525K [0x00007f88ac600000, 0x00007f8922ef0000, 0x00007f8e01b50000)
  eden space 1553984K, 100% used [0x00007f88ac600000, 0x00007f890b390000, 0x00007f890b390000)
  from space 194240K,  31% used [0x00007f8917140000, 0x00007f891ac5f4d0, 0x00007f8922ef0000)
  to   space 194240K,   0% used [0x00007f890b390000, 0x00007f890b390000, 0x00007f8917140000)
 tenured generation   total 3884908K, used 3831034K [0x00007f8e01b50000, 0x00007f8eeed2b000, 0x00007f98ac600000)
   the space 3884908K,  98% used [0x00007f8e01b50000, 0x00007f8eeb88ea98, 0x00007f8eeb88ec00, 0x00007f8eeed2b000)
 Metaspace       used 24696K, capacity 25149K, committed 25344K, reserved 26624K
}
Event: 4137.302 GC heap after
{Heap after GC invocations=9228 (full 3):
 def new generation   total 1748224K, used 60307K [0x00007f88ac600000, 0x00007f8922ef0000, 0x00007f8e01b50000)
  eden space 1553984K,   0% used [0x00007f88ac600000, 0x00007f88ac600000, 0x00007f890b390000)
  from space 194240K,  31% used [0x00007f890b390000, 0x00007f890ee74c58, 0x00007f8917140000)
  to   space 194240K,   0% used [0x00007f8917140000, 0x00007f8917140000, 0x00007f8922ef0000)
 tenured generation   total 3884908K, used 3831359K [0x00007f8e01b50000, 0x00007f8eeed2b000, 0x00007f98ac600000)
   the space 3884908K,  98% used [0x00007f8e01b50000, 0x00007f8eeb8dfd38, 0x00007f8eeb8dfe00, 0x00007f8eeed2b000)
 Metaspace       used 24696K, capacity 25149K, committed 25344K, reserved 26624K
}
Event: 4137.885 GC heap before
{Heap before GC invocations=9228 (full 3):
 def new generation   total 1748224K, used 1614291K [0x00007f88ac600000, 0x00007f8922ef0000, 0x00007f8e01b50000)
  eden space 1553984K, 100% used [0x00007f88ac600000, 0x00007f890b390000, 0x00007f890b390000)
  from space 194240K,  31% used [0x00007f890b390000, 0x00007f890ee74c58, 0x00007f8917140000)
  to   space 194240K,   0% used [0x00007f8917140000, 0x00007f8917140000, 0x00007f8922ef0000)
 tenured generation   total 3884908K, used 3831359K [0x00007f8e01b50000, 0x00007f8eeed2b000, 0x00007f98ac600000)
   the space 3884908K,  98% used [0x00007f8e01b50000, 0x00007f8eeb8dfd38, 0x00007f8eeb8dfe00, 0x00007f8eeed2b000)
 Metaspace       used 24696K, capacity 25149K, committed 25344K, reserved 26624K
}
Event: 4137.960 GC heap after
{Heap after GC invocations=9229 (full 3):
 def new generation   total 1748224K, used 59893K [0x00007f88ac600000, 0x00007f8922ef0000, 0x00007f8e01b50000)
  eden space 1553984K,   0% used [0x00007f88ac600000, 0x00007f88ac600000, 0x00007f890b390000)
  from space 194240K,  30% used [0x00007f8917140000, 0x00007f891abbd7c8, 0x00007f8922ef0000)
  to   space 194240K,   0% used [0x00007f890b390000, 0x00007f890b390000, 0x00007f8917140000)
 tenured generation   total 3884908K, used 3831859K [0x00007f8e01b50000, 0x00007f8eeed2b000, 0x00007f98ac600000)
   the space 3884908K,  98% used [0x00007f8e01b50000, 0x00007f8eeb95ccc0, 0x00007f8eeb95ce00, 0x00007f8eeed2b000)
 Metaspace       used 24696K, capacity 25149K, committed 25344K, reserved 26624K
}
Event: 4138.567 GC heap before
{Heap before GC invocations=9229 (full 3):
 def new generation   total 1748224K, used 1613877K [0x00007f88ac600000, 0x00007f8922ef0000, 0x00007f8e01b50000)
  eden space 1553984K, 100% used [0x00007f88ac600000, 0x00007f890b390000, 0x00007f890b390000)
  from space 194240K,  30% used [0x00007f8917140000, 0x00007f891abbd7c8, 0x00007f8922ef0000)
  to   space 194240K,   0% used [0x00007f890b390000, 0x00007f890b390000, 0x00007f8917140000)
 tenured generation   total 3884908K, used 3831859K [0x00007f8e01b50000, 0x00007f8eeed2b000, 0x00007f98ac600000)
   the space 3884908K,  98% used [0x00007f8e01b50000, 0x00007f8eeb95ccc0, 0x00007f8eeb95ce00, 0x00007f8eeed2b000)
 Metaspace       used 24696K, capacity 25149K, committed 25344K, reserved 26624K
}
Event: 4138.625 GC heap after
{Heap after GC invocations=9230 (full 3):
 def new generation   total 1748224K, used 59345K [0x00007f88ac600000, 0x00007f8922ef0000, 0x00007f8e01b50000)
  eden space 1553984K,   0% used [0x00007f88ac600000, 0x00007f88ac600000, 0x00007f890b390000)
  from space 194240K,  30% used [0x00007f890b390000, 0x00007f890ed847f0, 0x00007f8917140000)
  to   space 194240K,   0% used [0x00007f8917140000, 0x00007f8917140000, 0x00007f8922ef0000)
 tenured generation   total 3884908K, used 3832495K [0x00007f8e01b50000, 0x00007f8eeed2b000, 0x00007f98ac600000)
   the space 3884908K,  98% used [0x00007f8e01b50000, 0x00007f8eeb9fbdc0, 0x00007f8eeb9fbe00, 0x00007f8eeed2b000)
 Metaspace       used 24696K, capacity 25149K, committed 25344K, reserved 26624K
}
Event: 4139.154 GC heap before
{Heap before GC invocations=9230 (full 3):
 def new generation   total 1748224K, used 1613329K [0x00007f88ac600000, 0x00007f8922ef0000, 0x00007f8e01b50000)
  eden space 1553984K, 100% used [0x00007f88ac600000, 0x00007f890b390000, 0x00007f890b390000)
  from space 194240K,  30% used [0x00007f890b390000, 0x00007f890ed847f0, 0x00007f8917140000)
  to   space 194240K,   0% used [0x00007f8917140000, 0x00007f8917140000, 0x00007f8922ef0000)
 tenured generation   total 3884908K, used 3832495K [0x00007f8e01b50000, 0x00007f8eeed2b000, 0x00007f98ac600000)
   the space 3884908K,  98% used [0x00007f8e01b50000, 0x00007f8eeb9fbdc0, 0x00007f8eeb9fbe00, 0x00007f8eeed2b000)
 Metaspace       used 24696K, capacity 25149K, committed 25344K, reserved 26624K
}
Event: 4139.227 GC heap after
{Heap after GC invocations=9231 (full 3):
 def new generation   total 1748224K, used 37318K [0x00007f88ac600000, 0x00007f8922ef0000, 0x00007f8e01b50000)
  eden space 1553984K,   0% used [0x00007f88ac600000, 0x00007f88ac600000, 0x00007f890b390000)
  from space 194240K,  19% used [0x00007f8917140000, 0x00007f89195b1b50, 0x00007f8922ef0000)
  to   space 194240K,   0% used [0x00007f890b390000, 0x00007f890b390000, 0x00007f8917140000)
 tenured generation   total 3884908K, used 3854615K [0x00007f8e01b50000, 0x00007f8eeed2b000, 0x00007f98ac600000)
   the space 3884908K,  99% used [0x00007f8e01b50000, 0x00007f8eecf95d80, 0x00007f8eecf95e00, 0x00007f8eeed2b000)
 Metaspace       used 24696K, capacity 25149K, committed 25344K, reserved 26624K
}
Event: 4139.872 GC heap before
{Heap before GC invocations=9231 (full 3):
 def new generation   total 1748224K, used 1591302K [0x00007f88ac600000, 0x00007f8922ef0000, 0x00007f8e01b50000)
  eden space 1553984K, 100% used [0x00007f88ac600000, 0x00007f890b390000, 0x00007f890b390000)
  from space 194240K,  19% used [0x00007f8917140000, 0x00007f89195b1b50, 0x00007f8922ef0000)
  to   space 194240K,   0% used [0x00007f890b390000, 0x00007f890b390000, 0x00007f8917140000)
 tenured generation   total 3884908K, used 3854615K [0x00007f8e01b50000, 0x00007f8eeed2b000, 0x00007f98ac600000)
   the space 3884908K,  99% used [0x00007f8e01b50000, 0x00007f8eecf95d80, 0x00007f8eecf95e00, 0x00007f8eeed2b000)
 Metaspace       used 24697K, capacity 25149K, committed 25344K, reserved 26624K
}
Event: 4139.913 GC heap after
{Heap after GC invocations=9232 (full 3):
 def new generation   total 1748224K, used 22902K [0x00007f88ac600000, 0x00007f8922ef0000, 0x00007f8e01b50000)
  eden space 1553984K,   0% used [0x00007f88ac600000, 0x00007f88ac600000, 0x00007f890b390000)
  from space 194240K,  11% used [0x00007f890b390000, 0x00007f890c9edb88, 0x00007f8917140000)
  to   space 194240K,   0% used [0x00007f8917140000, 0x00007f8917140000, 0x00007f8922ef0000)
 tenured generation   total 3884908K, used 3869117K [0x00007f8e01b50000, 0x00007f8eeed2b000, 0x00007f98ac600000)
   the space 3884908K,  99% used [0x00007f8e01b50000, 0x00007f8eeddbf5d0, 0x00007f8eeddbf600, 0x00007f8eeed2b000)
 Metaspace       used 24697K, capacity 25149K, committed 25344K, reserved 26624K
}
Event: 4140.457 GC heap before
{Heap before GC invocations=9232 (full 3):
 def new generation   total 1748224K, used 1576886K [0x00007f88ac600000, 0x00007f8922ef0000, 0x00007f8e01b50000)
  eden space 1553984K, 100% used [0x00007f88ac600000, 0x00007f890b390000, 0x00007f890b390000)
  from space 194240K,  11% used [0x00007f890b390000, 0x00007f890c9edb88, 0x00007f8917140000)
  to   space 194240K,   0% used [0x00007f8917140000, 0x00007f8917140000, 0x00007f8922ef0000)
 tenured generation   total 3884908K, used 3869117K [0x00007f8e01b50000, 0x00007f8eeed2b000, 0x00007f98ac600000)
   the space 3884908K,  99% used [0x00007f8e01b50000, 0x00007f8eeddbf5d0, 0x00007f8eeddbf600, 0x00007f8eeed2b000)
 Metaspace       used 24697K, capacity 25149K, committed 25344K, reserved 26624K
}
Event: 4140.487 GC heap after
{Heap after GC invocations=9233 (full 3):
 def new generation   total 1748224K, used 8373K [0x00007f88ac600000, 0x00007f8922ef0000, 0x00007f8e01b50000)
  eden space 1553984K,   0% used [0x00007f88ac600000, 0x00007f88ac600000, 0x00007f890b390000)
  from space 194240K,   4% used [0x00007f8917140000, 0x00007f891796d498, 0x00007f8922ef0000)
  to   space 194240K,   0% used [0x00007f890b390000, 0x00007f890b390000, 0x00007f8917140000)
 tenured generation   total 3884908K, used 3883735K [0x00007f8e01b50000, 0x00007f8eeed2b000, 0x00007f98ac600000)
   the space 3884908K,  99% used [0x00007f8e01b50000, 0x00007f8eeec05f78, 0x00007f8eeec06000, 0x00007f8eeed2b000)
 Metaspace       used 24697K, capacity 25149K, committed 25344K, reserved 26624K
}
Event: 4141.114 GC heap before
{Heap before GC invocations=9233 (full 3):
 def new generation   total 1748224K, used 1562357K [0x00007f88ac600000, 0x00007f8922ef0000, 0x00007f8e01b50000)
  eden space 1553984K, 100% used [0x00007f88ac600000, 0x00007f890b390000, 0x00007f890b390000)
  from space 194240K,   4% used [0x00007f8917140000, 0x00007f891796d498, 0x00007f8922ef0000)
  to   space 194240K,   0% used [0x00007f890b390000, 0x00007f890b390000, 0x00007f8917140000)
 tenured generation   total 3884908K, used 3883735K [0x00007f8e01b50000, 0x00007f8eeed2b000, 0x00007f98ac600000)
   the space 3884908K,  99% used [0x00007f8e01b50000, 0x00007f8eeec05f78, 0x00007f8eeec06000, 0x00007f8eeed2b000)
 Metaspace       used 24697K, capacity 25149K, committed 25344K, reserved 26624K
}
Event: 4141.129 GC heap after
{Heap after GC invocations=9234 (full 3):
 def new generation   total 1748224K, used 1342K [0x00007f88ac600000, 0x00007f8922ef0000, 0x00007f8e01b50000)
  eden space 1553984K,   0% used [0x00007f88ac600000, 0x00007f88ac600000, 0x00007f890b390000)
  from space 194240K,   0% used [0x00007f890b390000, 0x00007f890b4dfba0, 0x00007f8917140000)
  to   space 194240K,   0% used [0x00007f8917140000, 0x00007f8917140000, 0x00007f8922ef0000)
 tenured generation   total 3890860K, used 3890856K [0x00007f8e01b50000, 0x00007f8eef2fb000, 0x00007f98ac600000)
   the space 3890860K,  99% used [0x00007f8e01b50000, 0x00007f8eef2fa2f8, 0x00007f8eef2fa400, 0x00007f8eef2fb000)
 Metaspace       used 24697K, capacity 25149K, committed 25344K, reserved 26624K
}
Event: 4141.129 GC heap before
{Heap before GC invocations=9234 (full 3):
 def new generation   total 1748224K, used 1342K [0x00007f88ac600000, 0x00007f8922ef0000, 0x00007f8e01b50000)
  eden space 1553984K,   0% used [0x00007f88ac600000, 0x00007f88ac600000, 0x00007f890b390000)
  from space 194240K,   0% used [0x00007f890b390000, 0x00007f890b4dfba0, 0x00007f8917140000)
  to   space 194240K,   0% used [0x00007f8917140000, 0x00007f8917140000, 0x00007f8922ef0000)
 tenured generation   total 3890860K, used 3890856K [0x00007f8e01b50000, 0x00007f8eef2fb000, 0x00007f98ac600000)
   the space 3890860K,  99% used [0x00007f8e01b50000, 0x00007f8eef2fa2f8, 0x00007f8eef2fa400, 0x00007f8eef2fb000)
 Metaspace       used 24697K, capacity 25149K, committed 25344K, reserved 26624K
}

