# JRE version: OpenJDK Runtime Environment (13.0.7+5) (build 13.0.7+5-Ubuntu-0ubuntu120.04)
# Java VM: OpenJDK 64-Bit Server VM (13.0.7+5-Ubuntu-0ubuntu120.04, mixed mode, tiered, serial gc, linux-amd64)
Heap:
 def new generation   total 9761664K, used 198029K [0x00007f5d84600000, 0x00007f601a610000, 0x00007f62d9b50000)
  eden space 8677056K,   2% used [0x00007f5d84600000, 0x00007f5d90763650, 0x00007f5f95fb0000)
  from space 1084608K,   0% used [0x00007f5f95fb0000, 0x00007f5f95fb0000, 0x00007f5fd82e0000)
  to   space 1084608K,   0% used [0x00007f5fd82e0000, 0x00007f5fd82e0000, 0x00007f601a610000)
 tenured generation   total 21791776K, used 21791775K [0x00007f62d9b50000, 0x00007f680bc58000, 0x00007f6d84600000)
   the space 21791776K,  99% used [0x00007f62d9b50000, 0x00007f680bc57fe8, 0x00007f680bc58000, 0x00007f680bc58000)
 Metaspace       used 30424K, capacity 30849K, committed 31232K, reserved 32768K
GC Heap History (20 events):
Event: 524.197 GC heap after
{Heap after GC invocations=52 (full 6):
 def new generation   total 9761664K, used 754692K [0x00007f5d84600000, 0x00007f601a610000, 0x00007f62d9b50000)
  eden space 8677056K,   0% used [0x00007f5d84600000, 0x00007f5d84600000, 0x00007f5f95fb0000)
  from space 1084608K,  69% used [0x00007f5fd82e0000, 0x00007f60063e1270, 0x00007f601a610000)
  to   space 1084608K,   0% used [0x00007f5f95fb0000, 0x00007f5f95fb0000, 0x00007f5fd82e0000)
 tenured generation   total 21692512K, used 14483866K [0x00007f62d9b50000, 0x00007f6805b68000, 0x00007f6d84600000)
   the space 21692512K,  66% used [0x00007f62d9b50000, 0x00007f664dbb6868, 0x00007f664dbb6a00, 0x00007f6805b68000)
 Metaspace       used 30424K, capacity 30849K, committed 31232K, reserved 32768K
}
Event: 526.638 GC heap before
{Heap before GC invocations=52 (full 6):
 def new generation   total 9761664K, used 9431748K [0x00007f5d84600000, 0x00007f601a610000, 0x00007f62d9b50000)
  eden space 8677056K, 100% used [0x00007f5d84600000, 0x00007f5f95fb0000, 0x00007f5f95fb0000)
  from space 1084608K,  69% used [0x00007f5fd82e0000, 0x00007f60063e1270, 0x00007f601a610000)
  to   space 1084608K,   0% used [0x00007f5f95fb0000, 0x00007f5f95fb0000, 0x00007f5fd82e0000)
 tenured generation   total 21692512K, used 14483866K [0x00007f62d9b50000, 0x00007f6805b68000, 0x00007f6d84600000)
   the space 21692512K,  66% used [0x00007f62d9b50000, 0x00007f664dbb6868, 0x00007f664dbb6a00, 0x00007f6805b68000)
 Metaspace       used 30424K, capacity 30849K, committed 31232K, reserved 32768K
}
Event: 529.099 GC heap after
{Heap after GC invocations=53 (full 6):
 def new generation   total 9761664K, used 909112K [0x00007f5d84600000, 0x00007f601a610000, 0x00007f62d9b50000)
  eden space 8677056K,   0% used [0x00007f5d84600000, 0x00007f5d84600000, 0x00007f5f95fb0000)
  from space 1084608K,  83% used [0x00007f5f95fb0000, 0x00007f5fcd77e260, 0x00007f5fd82e0000)
  to   space 1084608K,   0% used [0x00007f5fd82e0000, 0x00007f5fd82e0000, 0x00007f601a610000)
 tenured generation   total 21692512K, used 15238558K [0x00007f62d9b50000, 0x00007f6805b68000, 0x00007f6d84600000)
   the space 21692512K,  70% used [0x00007f62d9b50000, 0x00007f667bcb7a28, 0x00007f667bcb7c00, 0x00007f6805b68000)
 Metaspace       used 30424K, capacity 30849K, committed 31232K, reserved 32768K
}
Event: 531.660 GC heap before
{Heap before GC invocations=53 (full 6):
 def new generation   total 9761664K, used 9586168K [0x00007f5d84600000, 0x00007f601a610000, 0x00007f62d9b50000)
  eden space 8677056K, 100% used [0x00007f5d84600000, 0x00007f5f95fb0000, 0x00007f5f95fb0000)
  from space 1084608K,  83% used [0x00007f5f95fb0000, 0x00007f5fcd77e260, 0x00007f5fd82e0000)
  to   space 1084608K,   0% used [0x00007f5fd82e0000, 0x00007f5fd82e0000, 0x00007f601a610000)
 tenured generation   total 21692512K, used 15238558K [0x00007f62d9b50000, 0x00007f6805b68000, 0x00007f6d84600000)
   the space 21692512K,  70% used [0x00007f62d9b50000, 0x00007f667bcb7a28, 0x00007f667bcb7c00, 0x00007f6805b68000)
 Metaspace       used 30424K, capacity 30849K, committed 31232K, reserved 32768K
}
Event: 534.107 GC heap after
{Heap after GC invocations=54 (full 6):
 def new generation   total 9761664K, used 869362K [0x00007f5d84600000, 0x00007f601a610000, 0x00007f62d9b50000)
  eden space 8677056K,   0% used [0x00007f5d84600000, 0x00007f5d84600000, 0x00007f5f95fb0000)
  from space 1084608K,  80% used [0x00007f5fd82e0000, 0x00007f600d3dc8d0, 0x00007f601a610000)
  to   space 1084608K,   0% used [0x00007f5f95fb0000, 0x00007f5f95fb0000, 0x00007f5fd82e0000)
 tenured generation   total 21692512K, used 16147670K [0x00007f62d9b50000, 0x00007f6805b68000, 0x00007f6d84600000)
   the space 21692512K,  74% used [0x00007f62d9b50000, 0x00007f66b3485988, 0x00007f66b3485a00, 0x00007f6805b68000)
 Metaspace       used 30424K, capacity 30849K, committed 31232K, reserved 32768K
}
Event: 536.470 GC heap before
{Heap before GC invocations=54 (full 6):
 def new generation   total 9761664K, used 9546418K [0x00007f5d84600000, 0x00007f601a610000, 0x00007f62d9b50000)
  eden space 8677056K, 100% used [0x00007f5d84600000, 0x00007f5f95fb0000, 0x00007f5f95fb0000)
  from space 1084608K,  80% used [0x00007f5fd82e0000, 0x00007f600d3dc8d0, 0x00007f601a610000)
  to   space 1084608K,   0% used [0x00007f5f95fb0000, 0x00007f5f95fb0000, 0x00007f5fd82e0000)
 tenured generation   total 21692512K, used 16147670K [0x00007f62d9b50000, 0x00007f6805b68000, 0x00007f6d84600000)
   the space 21692512K,  74% used [0x00007f62d9b50000, 0x00007f66b3485988, 0x00007f66b3485a00, 0x00007f6805b68000)
 Metaspace       used 30424K, capacity 30849K, committed 31232K, reserved 32768K
}
Event: 538.929 GC heap after
{Heap after GC invocations=55 (full 6):
 def new generation   total 9761664K, used 847750K [0x00007f5d84600000, 0x00007f601a610000, 0x00007f62d9b50000)
  eden space 8677056K,   0% used [0x00007f5d84600000, 0x00007f5d84600000, 0x00007f5f95fb0000)
  from space 1084608K,  78% used [0x00007f5f95fb0000, 0x00007f5fc9b91898, 0x00007f5fd82e0000)
  to   space 1084608K,   0% used [0x00007f5fd82e0000, 0x00007f5fd82e0000, 0x00007f601a610000)
 tenured generation   total 21692512K, used 17017032K [0x00007f62d9b50000, 0x00007f6805b68000, 0x00007f6d84600000)
   the space 21692512K,  78% used [0x00007f62d9b50000, 0x00007f66e85821c8, 0x00007f66e8582200, 0x00007f6805b68000)
 Metaspace       used 30424K, capacity 30849K, committed 31232K, reserved 32768K
}
Event: 541.228 GC heap before
{Heap before GC invocations=55 (full 6):
 def new generation   total 9761664K, used 9524806K [0x00007f5d84600000, 0x00007f601a610000, 0x00007f62d9b50000)
  eden space 8677056K, 100% used [0x00007f5d84600000, 0x00007f5f95fb0000, 0x00007f5f95fb0000)
  from space 1084608K,  78% used [0x00007f5f95fb0000, 0x00007f5fc9b91898, 0x00007f5fd82e0000)
  to   space 1084608K,   0% used [0x00007f5fd82e0000, 0x00007f5fd82e0000, 0x00007f601a610000)
 tenured generation   total 21692512K, used 17017032K [0x00007f62d9b50000, 0x00007f6805b68000, 0x00007f6d84600000)
   the space 21692512K,  78% used [0x00007f62d9b50000, 0x00007f66e85821c8, 0x00007f66e8582200, 0x00007f6805b68000)
 Metaspace       used 30424K, capacity 30849K, committed 31232K, reserved 32768K
}
Event: 543.310 GC heap after
{Heap after GC invocations=56 (full 6):
 def new generation   total 9761664K, used 729035K [0x00007f5d84600000, 0x00007f601a610000, 0x00007f62d9b50000)
  eden space 8677056K,   0% used [0x00007f5d84600000, 0x00007f5d84600000, 0x00007f5f95fb0000)
  from space 1084608K,  67% used [0x00007f5fd82e0000, 0x00007f6004ad2e58, 0x00007f601a610000)
  to   space 1084608K,   0% used [0x00007f5f95fb0000, 0x00007f5f95fb0000, 0x00007f5fd82e0000)
 tenured generation   total 21692512K, used 17864782K [0x00007f62d9b50000, 0x00007f6805b68000, 0x00007f6d84600000)
   the space 21692512K,  82% used [0x00007f62d9b50000, 0x00007f671c163960, 0x00007f671c163a00, 0x00007f6805b68000)
 Metaspace       used 30424K, capacity 30849K, committed 31232K, reserved 32768K
}
Event: 545.628 GC heap before
{Heap before GC invocations=56 (full 6):
 def new generation   total 9761664K, used 9406091K [0x00007f5d84600000, 0x00007f601a610000, 0x00007f62d9b50000)
  eden space 8677056K, 100% used [0x00007f5d84600000, 0x00007f5f95fb0000, 0x00007f5f95fb0000)
  from space 1084608K,  67% used [0x00007f5fd82e0000, 0x00007f6004ad2e58, 0x00007f601a610000)
  to   space 1084608K,   0% used [0x00007f5f95fb0000, 0x00007f5f95fb0000, 0x00007f5fd82e0000)
 tenured generation   total 21692512K, used 17864782K [0x00007f62d9b50000, 0x00007f6805b68000, 0x00007f6d84600000)
   the space 21692512K,  82% used [0x00007f62d9b50000, 0x00007f671c163960, 0x00007f671c163a00, 0x00007f6805b68000)
 Metaspace       used 30424K, capacity 30849K, committed 31232K, reserved 32768K
}
Event: 547.650 GC heap after
{Heap after GC invocations=57 (full 6):
 def new generation   total 9761664K, used 734301K [0x00007f5d84600000, 0x00007f601a610000, 0x00007f62d9b50000)
  eden space 8677056K,   0% used [0x00007f5d84600000, 0x00007f5d84600000, 0x00007f5f95fb0000)
  from space 1084608K,  67% used [0x00007f5f95fb0000, 0x00007f5fc2cc77c0, 0x00007f5fd82e0000)
  to   space 1084608K,   0% used [0x00007f5fd82e0000, 0x00007f5fd82e0000, 0x00007f601a610000)
 tenured generation   total 21692512K, used 18593817K [0x00007f62d9b50000, 0x00007f6805b68000, 0x00007f6d84600000)
   the space 21692512K,  85% used [0x00007f62d9b50000, 0x00007f6748956578, 0x00007f6748956600, 0x00007f6805b68000)
 Metaspace       used 30424K, capacity 30849K, committed 31232K, reserved 32768K
}
Event: 549.884 GC heap before
{Heap before GC invocations=57 (full 6):
 def new generation   total 9761664K, used 9411357K [0x00007f5d84600000, 0x00007f601a610000, 0x00007f62d9b50000)
  eden space 8677056K, 100% used [0x00007f5d84600000, 0x00007f5f95fb0000, 0x00007f5f95fb0000)
  from space 1084608K,  67% used [0x00007f5f95fb0000, 0x00007f5fc2cc77c0, 0x00007f5fd82e0000)
  to   space 1084608K,   0% used [0x00007f5fd82e0000, 0x00007f5fd82e0000, 0x00007f601a610000)
 tenured generation   total 21692512K, used 18593817K [0x00007f62d9b50000, 0x00007f6805b68000, 0x00007f6d84600000)
   the space 21692512K,  85% used [0x00007f62d9b50000, 0x00007f6748956578, 0x00007f6748956600, 0x00007f6805b68000)
 Metaspace       used 30424K, capacity 30849K, committed 31232K, reserved 32768K
}
Event: 551.941 GC heap after
{Heap after GC invocations=58 (full 6):
 def new generation   total 9761664K, used 748753K [0x00007f5d84600000, 0x00007f601a610000, 0x00007f62d9b50000)
  eden space 8677056K,   0% used [0x00007f5d84600000, 0x00007f5d84600000, 0x00007f5f95fb0000)
  from space 1084608K,  69% used [0x00007f5fd82e0000, 0x00007f6005e14510, 0x00007f601a610000)
  to   space 1084608K,   0% used [0x00007f5f95fb0000, 0x00007f5f95fb0000, 0x00007f5fd82e0000)
 tenured generation   total 21692512K, used 19328118K [0x00007f62d9b50000, 0x00007f6805b68000, 0x00007f6d84600000)
   the space 21692512K,  89% used [0x00007f62d9b50000, 0x00007f677566d898, 0x00007f677566da00, 0x00007f6805b68000)
 Metaspace       used 30424K, capacity 30849K, committed 31232K, reserved 32768K
}
Event: 554.260 GC heap before
{Heap before GC invocations=58 (full 6):
 def new generation   total 9761664K, used 9425809K [0x00007f5d84600000, 0x00007f601a610000, 0x00007f62d9b50000)
  eden space 8677056K, 100% used [0x00007f5d84600000, 0x00007f5f95fb0000, 0x00007f5f95fb0000)
  from space 1084608K,  69% used [0x00007f5fd82e0000, 0x00007f6005e14510, 0x00007f601a610000)
  to   space 1084608K,   0% used [0x00007f5f95fb0000, 0x00007f5f95fb0000, 0x00007f5fd82e0000)
 tenured generation   total 21692512K, used 19328118K [0x00007f62d9b50000, 0x00007f6805b68000, 0x00007f6d84600000)
   the space 21692512K,  89% used [0x00007f62d9b50000, 0x00007f677566d898, 0x00007f677566da00, 0x00007f6805b68000)
 Metaspace       used 30424K, capacity 30849K, committed 31232K, reserved 32768K
}
Event: 556.450 GC heap after
{Heap after GC invocations=59 (full 6):
 def new generation   total 9761664K, used 868630K [0x00007f5d84600000, 0x00007f601a610000, 0x00007f62d9b50000)
  eden space 8677056K,   0% used [0x00007f5d84600000, 0x00007f5d84600000, 0x00007f5f95fb0000)
  from space 1084608K,  80% used [0x00007f5f95fb0000, 0x00007f5fcaff5810, 0x00007f5fd82e0000)
  to   space 1084608K,   0% used [0x00007f5fd82e0000, 0x00007f5fd82e0000, 0x00007f601a610000)
 tenured generation   total 21692512K, used 20076871K [0x00007f62d9b50000, 0x00007f6805b68000, 0x00007f6d84600000)
   the space 21692512K,  92% used [0x00007f62d9b50000, 0x00007f67a31a1d18, 0x00007f67a31a1e00, 0x00007f6805b68000)
 Metaspace       used 30424K, capacity 30849K, committed 31232K, reserved 32768K
}
Event: 558.936 GC heap before
{Heap before GC invocations=59 (full 6):
 def new generation   total 9761664K, used 9545686K [0x00007f5d84600000, 0x00007f601a610000, 0x00007f62d9b50000)
  eden space 8677056K, 100% used [0x00007f5d84600000, 0x00007f5f95fb0000, 0x00007f5f95fb0000)
  from space 1084608K,  80% used [0x00007f5f95fb0000, 0x00007f5fcaff5810, 0x00007f5fd82e0000)
  to   space 1084608K,   0% used [0x00007f5fd82e0000, 0x00007f5fd82e0000, 0x00007f601a610000)
 tenured generation   total 21692512K, used 20076871K [0x00007f62d9b50000, 0x00007f6805b68000, 0x00007f6d84600000)
   the space 21692512K,  92% used [0x00007f62d9b50000, 0x00007f67a31a1d18, 0x00007f67a31a1e00, 0x00007f6805b68000)
 Metaspace       used 30424K, capacity 30849K, committed 31232K, reserved 32768K
}
Event: 561.098 GC heap after
{Heap after GC invocations=60 (full 6):
 def new generation   total 9761664K, used 846145K [0x00007f5d84600000, 0x00007f601a610000, 0x00007f62d9b50000)
  eden space 8677056K,   0% used [0x00007f5d84600000, 0x00007f5d84600000, 0x00007f5f95fb0000)
  from space 1084608K,  78% used [0x00007f5fd82e0000, 0x00007f600bd307c0, 0x00007f601a610000)
  to   space 1084608K,   0% used [0x00007f5f95fb0000, 0x00007f5f95fb0000, 0x00007f5fd82e0000)
 tenured generation   total 21692512K, used 20945500K [0x00007f62d9b50000, 0x00007f6805b68000, 0x00007f6d84600000)
   the space 21692512K,  96% used [0x00007f62d9b50000, 0x00007f67d81e7188, 0x00007f67d81e7200, 0x00007f6805b68000)
 Metaspace       used 30424K, capacity 30849K, committed 31232K, reserved 32768K
}
Event: 563.528 GC heap before
{Heap before GC invocations=60 (full 6):
 def new generation   total 9761664K, used 9523201K [0x00007f5d84600000, 0x00007f601a610000, 0x00007f62d9b50000)
  eden space 8677056K, 100% used [0x00007f5d84600000, 0x00007f5f95fb0000, 0x00007f5f95fb0000)
  from space 1084608K,  78% used [0x00007f5fd82e0000, 0x00007f600bd307c0, 0x00007f601a610000)
  to   space 1084608K,   0% used [0x00007f5f95fb0000, 0x00007f5f95fb0000, 0x00007f5fd82e0000)
 tenured generation   total 21692512K, used 20945500K [0x00007f62d9b50000, 0x00007f6805b68000, 0x00007f6d84600000)
   the space 21692512K,  96% used [0x00007f62d9b50000, 0x00007f67d81e7188, 0x00007f67d81e7200, 0x00007f6805b68000)
 Metaspace       used 30424K, capacity 30849K, committed 31232K, reserved 32768K
}
Event: 565.766 GC heap after
{Heap after GC invocations=61 (full 6):
 def new generation   total 9761664K, used 906742K [0x00007f5d84600000, 0x00007f601a610000, 0x00007f62d9b50000)
  eden space 8677056K,   0% used [0x00007f5d84600000, 0x00007f5d84600000, 0x00007f5f95fb0000)
  from space 1084608K,  83% used [0x00007f5f95fb0000, 0x00007f5fcd52da80, 0x00007f5fd82e0000)
  to   space 1084608K,   0% used [0x00007f5fd82e0000, 0x00007f5fd82e0000, 0x00007f601a610000)
 tenured generation   total 21791776K, used 21791646K [0x00007f62d9b50000, 0x00007f680bc58000, 0x00007f6d84600000)
   the space 21791776K,  99% used [0x00007f62d9b50000, 0x00007f680bc378a8, 0x00007f680bc37a00, 0x00007f680bc58000)
 Metaspace       used 30424K, capacity 30849K, committed 31232K, reserved 32768K
}
Event: 565.766 GC heap before
{Heap before GC invocations=61 (full 6):
 def new generation   total 9761664K, used 906742K [0x00007f5d84600000, 0x00007f601a610000, 0x00007f62d9b50000)
  eden space 8677056K,   0% used [0x00007f5d84600000, 0x00007f5d84600000, 0x00007f5f95fb0000)
  from space 1084608K,  83% used [0x00007f5f95fb0000, 0x00007f5fcd52da80, 0x00007f5fd82e0000)
  to   space 1084608K,   0% used [0x00007f5fd82e0000, 0x00007f5fd82e0000, 0x00007f601a610000)
 tenured generation   total 21791776K, used 21791646K [0x00007f62d9b50000, 0x00007f680bc58000, 0x00007f6d84600000)
   the space 21791776K,  99% used [0x00007f62d9b50000, 0x00007f680bc378a8, 0x00007f680bc37a00, 0x00007f680bc58000)
 Metaspace       used 30424K, capacity 30849K, committed 31232K, reserved 32768K
}

