# JRE version: OpenJDK Runtime Environment (13.0.7+5) (build 13.0.7+5-Ubuntu-0ubuntu120.04)
# Java VM: OpenJDK 64-Bit Server VM (13.0.7+5-Ubuntu-0ubuntu120.04, mixed mode, tiered, serial gc, linux-amd64)
Heap:
 def new generation   total 1639872K, used 0K [0x00007f9534600000, 0x00007f95a3960000, 0x00007f9a89b50000)
  eden space 1457664K,   0% used [0x00007f9534600000, 0x00007f9534600000, 0x00007f958d580000)
  from space 182208K,   0% used [0x00007f958d580000, 0x00007f958d580000, 0x00007f9598770000)
  to   space 182208K,   0% used [0x00007f9598770000, 0x00007f9598770000, 0x00007f95a3960000)
 tenured generation   total 3730516K, used 3594999K [0x00007f9a89b50000, 0x00007f9b6d665000, 0x00007fa534600000)
   the space 3730516K,  96% used [0x00007f9a89b50000, 0x00007f9b6520dfb8, 0x00007f9b6520e000, 0x00007f9b6d665000)
 Metaspace       used 30499K, capacity 30920K, committed 31232K, reserved 32768K
GC Heap History (20 events):
Event: 1681.151 GC heap after
{Heap after GC invocations=352 (full 3):
 def new generation   total 1639872K, used 113889K [0x00007f9534600000, 0x00007f95a3960000, 0x00007f9a89b50000)
  eden space 1457664K,   0% used [0x00007f9534600000, 0x00007f9534600000, 0x00007f958d580000)
  from space 182208K,  62% used [0x00007f9598770000, 0x00007f959f6a8498, 0x00007f95a3960000)
  to   space 182208K,   0% used [0x00007f958d580000, 0x00007f958d580000, 0x00007f9598770000)
 tenured generation   total 3644116K, used 2658745K [0x00007f9a89b50000, 0x00007f9b68205000, 0x00007fa534600000)
   the space 3644116K,  72% used [0x00007f9a89b50000, 0x00007f9b2bfbe520, 0x00007f9b2bfbe600, 0x00007f9b68205000)
 Metaspace       used 30499K, capacity 30920K, committed 31232K, reserved 32768K
}
Event: 1681.548 GC heap before
{Heap before GC invocations=352 (full 3):
 def new generation   total 1639872K, used 1571553K [0x00007f9534600000, 0x00007f95a3960000, 0x00007f9a89b50000)
  eden space 1457664K, 100% used [0x00007f9534600000, 0x00007f958d580000, 0x00007f958d580000)
  from space 182208K,  62% used [0x00007f9598770000, 0x00007f959f6a8498, 0x00007f95a3960000)
  to   space 182208K,   0% used [0x00007f958d580000, 0x00007f958d580000, 0x00007f9598770000)
 tenured generation   total 3644116K, used 2658745K [0x00007f9a89b50000, 0x00007f9b68205000, 0x00007fa534600000)
   the space 3644116K,  72% used [0x00007f9a89b50000, 0x00007f9b2bfbe520, 0x00007f9b2bfbe600, 0x00007f9b68205000)
 Metaspace       used 30499K, capacity 30920K, committed 31232K, reserved 32768K
}
Event: 1681.909 GC heap after
{Heap after GC invocations=353 (full 3):
 def new generation   total 1639872K, used 115114K [0x00007f9534600000, 0x00007f95a3960000, 0x00007f9a89b50000)
  eden space 1457664K,   0% used [0x00007f9534600000, 0x00007f9534600000, 0x00007f958d580000)
  from space 182208K,  63% used [0x00007f958d580000, 0x00007f95945eaa60, 0x00007f9598770000)
  to   space 182208K,   0% used [0x00007f9598770000, 0x00007f9598770000, 0x00007f95a3960000)
 tenured generation   total 3644116K, used 2772633K [0x00007f9a89b50000, 0x00007f9b68205000, 0x00007fa534600000)
   the space 3644116K,  76% used [0x00007f9a89b50000, 0x00007f9b32ef67e8, 0x00007f9b32ef6800, 0x00007f9b68205000)
 Metaspace       used 30499K, capacity 30920K, committed 31232K, reserved 32768K
}
Event: 1682.289 GC heap before
{Heap before GC invocations=353 (full 3):
 def new generation   total 1639872K, used 1572778K [0x00007f9534600000, 0x00007f95a3960000, 0x00007f9a89b50000)
  eden space 1457664K, 100% used [0x00007f9534600000, 0x00007f958d580000, 0x00007f958d580000)
  from space 182208K,  63% used [0x00007f958d580000, 0x00007f95945eaa60, 0x00007f9598770000)
  to   space 182208K,   0% used [0x00007f9598770000, 0x00007f9598770000, 0x00007f95a3960000)
 tenured generation   total 3644116K, used 2772633K [0x00007f9a89b50000, 0x00007f9b68205000, 0x00007fa534600000)
   the space 3644116K,  76% used [0x00007f9a89b50000, 0x00007f9b32ef67e8, 0x00007f9b32ef6800, 0x00007f9b68205000)
 Metaspace       used 30499K, capacity 30920K, committed 31232K, reserved 32768K
}
Event: 1682.667 GC heap after
{Heap after GC invocations=354 (full 3):
 def new generation   total 1639872K, used 115499K [0x00007f9534600000, 0x00007f95a3960000, 0x00007f9a89b50000)
  eden space 1457664K,   0% used [0x00007f9534600000, 0x00007f9534600000, 0x00007f958d580000)
  from space 182208K,  63% used [0x00007f9598770000, 0x00007f959f83adf0, 0x00007f95a3960000)
  to   space 182208K,   0% used [0x00007f958d580000, 0x00007f958d580000, 0x00007f9598770000)
 tenured generation   total 3644116K, used 2887747K [0x00007f9a89b50000, 0x00007f9b68205000, 0x00007fa534600000)
   the space 3644116K,  79% used [0x00007f9a89b50000, 0x00007f9b39f60f78, 0x00007f9b39f61000, 0x00007f9b68205000)
 Metaspace       used 30499K, capacity 30920K, committed 31232K, reserved 32768K
}
Event: 1683.076 GC heap before
{Heap before GC invocations=354 (full 3):
 def new generation   total 1639872K, used 1573163K [0x00007f9534600000, 0x00007f95a3960000, 0x00007f9a89b50000)
  eden space 1457664K, 100% used [0x00007f9534600000, 0x00007f958d580000, 0x00007f958d580000)
  from space 182208K,  63% used [0x00007f9598770000, 0x00007f959f83adf0, 0x00007f95a3960000)
  to   space 182208K,   0% used [0x00007f958d580000, 0x00007f958d580000, 0x00007f9598770000)
 tenured generation   total 3644116K, used 2887747K [0x00007f9a89b50000, 0x00007f9b68205000, 0x00007fa534600000)
   the space 3644116K,  79% used [0x00007f9a89b50000, 0x00007f9b39f60f78, 0x00007f9b39f61000, 0x00007f9b68205000)
 Metaspace       used 30499K, capacity 30920K, committed 31232K, reserved 32768K
}
Event: 1683.446 GC heap after
{Heap after GC invocations=355 (full 3):
 def new generation   total 1639872K, used 127124K [0x00007f9534600000, 0x00007f95a3960000, 0x00007f9a89b50000)
  eden space 1457664K,   0% used [0x00007f9534600000, 0x00007f9534600000, 0x00007f958d580000)
  from space 182208K,  69% used [0x00007f958d580000, 0x00007f95951a5038, 0x00007f9598770000)
  to   space 182208K,   0% used [0x00007f9598770000, 0x00007f9598770000, 0x00007f95a3960000)
 tenured generation   total 3644116K, used 3003246K [0x00007f9a89b50000, 0x00007f9b68205000, 0x00007fa534600000)
   the space 3644116K,  82% used [0x00007f9a89b50000, 0x00007f9b4102ba78, 0x00007f9b4102bc00, 0x00007f9b68205000)
 Metaspace       used 30499K, capacity 30920K, committed 31232K, reserved 32768K
}
Event: 1683.846 GC heap before
{Heap before GC invocations=355 (full 3):
 def new generation   total 1639872K, used 1584788K [0x00007f9534600000, 0x00007f95a3960000, 0x00007f9a89b50000)
  eden space 1457664K, 100% used [0x00007f9534600000, 0x00007f958d580000, 0x00007f958d580000)
  from space 182208K,  69% used [0x00007f958d580000, 0x00007f95951a5038, 0x00007f9598770000)
  to   space 182208K,   0% used [0x00007f9598770000, 0x00007f9598770000, 0x00007f95a3960000)
 tenured generation   total 3644116K, used 3003246K [0x00007f9a89b50000, 0x00007f9b68205000, 0x00007fa534600000)
   the space 3644116K,  82% used [0x00007f9a89b50000, 0x00007f9b4102ba78, 0x00007f9b4102bc00, 0x00007f9b68205000)
 Metaspace       used 30499K, capacity 30920K, committed 31232K, reserved 32768K
}
Event: 1688.967 GC heap after
{Heap after GC invocations=356 (full 3):
 def new generation   total 1639872K, used 125277K [0x00007f9534600000, 0x00007f95a3960000, 0x00007f9a89b50000)
  eden space 1457664K,   0% used [0x00007f9534600000, 0x00007f9534600000, 0x00007f958d580000)
  from space 182208K,  68% used [0x00007f9598770000, 0x00007f95a01c7650, 0x00007f95a3960000)
  to   space 182208K,   0% used [0x00007f958d580000, 0x00007f958d580000, 0x00007f9598770000)
 tenured generation   total 3644116K, used 3130369K [0x00007f9a89b50000, 0x00007f9b68205000, 0x00007fa534600000)
   the space 3644116K,  85% used [0x00007f9a89b50000, 0x00007f9b48c506d0, 0x00007f9b48c50800, 0x00007f9b68205000)
 Metaspace       used 30499K, capacity 30920K, committed 31232K, reserved 32768K
}
Event: 1689.331 GC heap before
{Heap before GC invocations=356 (full 3):
 def new generation   total 1639872K, used 1582941K [0x00007f9534600000, 0x00007f95a3960000, 0x00007f9a89b50000)
  eden space 1457664K, 100% used [0x00007f9534600000, 0x00007f958d580000, 0x00007f958d580000)
  from space 182208K,  68% used [0x00007f9598770000, 0x00007f95a01c7650, 0x00007f95a3960000)
  to   space 182208K,   0% used [0x00007f958d580000, 0x00007f958d580000, 0x00007f9598770000)
 tenured generation   total 3644116K, used 3130369K [0x00007f9a89b50000, 0x00007f9b68205000, 0x00007fa534600000)
   the space 3644116K,  85% used [0x00007f9a89b50000, 0x00007f9b48c506d0, 0x00007f9b48c50800, 0x00007f9b68205000)
 Metaspace       used 30499K, capacity 30920K, committed 31232K, reserved 32768K
}
Event: 1690.978 GC heap after
{Heap after GC invocations=357 (full 3):
 def new generation   total 1639872K, used 115042K [0x00007f9534600000, 0x00007f95a3960000, 0x00007f9a89b50000)
  eden space 1457664K,   0% used [0x00007f9534600000, 0x00007f9534600000, 0x00007f958d580000)
  from space 182208K,  63% used [0x00007f958d580000, 0x00007f95945d8b28, 0x00007f9598770000)
  to   space 182208K,   0% used [0x00007f9598770000, 0x00007f9598770000, 0x00007f95a3960000)
 tenured generation   total 3644116K, used 3255646K [0x00007f9a89b50000, 0x00007f9b68205000, 0x00007fa534600000)
   the space 3644116K,  89% used [0x00007f9a89b50000, 0x00007f9b506a7940, 0x00007f9b506a7a00, 0x00007f9b68205000)
 Metaspace       used 30499K, capacity 30920K, committed 31232K, reserved 32768K
}
Event: 1691.393 GC heap before
{Heap before GC invocations=357 (full 3):
 def new generation   total 1639872K, used 1572706K [0x00007f9534600000, 0x00007f95a3960000, 0x00007f9a89b50000)
  eden space 1457664K, 100% used [0x00007f9534600000, 0x00007f958d580000, 0x00007f958d580000)
  from space 182208K,  63% used [0x00007f958d580000, 0x00007f95945d8b28, 0x00007f9598770000)
  to   space 182208K,   0% used [0x00007f9598770000, 0x00007f9598770000, 0x00007f95a3960000)
 tenured generation   total 3644116K, used 3255646K [0x00007f9a89b50000, 0x00007f9b68205000, 0x00007fa534600000)
   the space 3644116K,  89% used [0x00007f9a89b50000, 0x00007f9b506a7940, 0x00007f9b506a7a00, 0x00007f9b68205000)
 Metaspace       used 30499K, capacity 30920K, committed 31232K, reserved 32768K
}
Event: 1691.914 GC heap after
{Heap after GC invocations=358 (full 3):
 def new generation   total 1639872K, used 123334K [0x00007f9534600000, 0x00007f95a3960000, 0x00007f9a89b50000)
  eden space 1457664K,   0% used [0x00007f9534600000, 0x00007f9534600000, 0x00007f958d580000)
  from space 182208K,  67% used [0x00007f9598770000, 0x00007f959ffe1970, 0x00007f95a3960000)
  to   space 182208K,   0% used [0x00007f958d580000, 0x00007f958d580000, 0x00007f9598770000)
 tenured generation   total 3644116K, used 3370688K [0x00007f9a89b50000, 0x00007f9b68205000, 0x00007fa534600000)
   the space 3644116K,  92% used [0x00007f9a89b50000, 0x00007f9b57700068, 0x00007f9b57700200, 0x00007f9b68205000)
 Metaspace       used 30499K, capacity 30920K, committed 31232K, reserved 32768K
}
Event: 1692.416 GC heap before
{Heap before GC invocations=358 (full 3):
 def new generation   total 1639872K, used 1580998K [0x00007f9534600000, 0x00007f95a3960000, 0x00007f9a89b50000)
  eden space 1457664K, 100% used [0x00007f9534600000, 0x00007f958d580000, 0x00007f958d580000)
  from space 182208K,  67% used [0x00007f9598770000, 0x00007f959ffe1970, 0x00007f95a3960000)
  to   space 182208K,   0% used [0x00007f958d580000, 0x00007f958d580000, 0x00007f9598770000)
 tenured generation   total 3644116K, used 3370688K [0x00007f9a89b50000, 0x00007f9b68205000, 0x00007fa534600000)
   the space 3644116K,  92% used [0x00007f9a89b50000, 0x00007f9b57700068, 0x00007f9b57700200, 0x00007f9b68205000)
 Metaspace       used 30499K, capacity 30920K, committed 31232K, reserved 32768K
}
Event: 1692.815 GC heap after
{Heap after GC invocations=359 (full 3):
 def new generation   total 1639872K, used 116846K [0x00007f9534600000, 0x00007f95a3960000, 0x00007f9a89b50000)
  eden space 1457664K,   0% used [0x00007f9534600000, 0x00007f9534600000, 0x00007f958d580000)
  from space 182208K,  64% used [0x00007f958d580000, 0x00007f959479ba90, 0x00007f9598770000)
  to   space 182208K,   0% used [0x00007f9598770000, 0x00007f9598770000, 0x00007f95a3960000)
 tenured generation   total 3644116K, used 3494021K [0x00007f9a89b50000, 0x00007f9b68205000, 0x00007fa534600000)
   the space 3644116K,  95% used [0x00007f9a89b50000, 0x00007f9b5ef71718, 0x00007f9b5ef71800, 0x00007f9b68205000)
 Metaspace       used 30499K, capacity 30920K, committed 31232K, reserved 32768K
}
Event: 1693.213 GC heap before
{Heap before GC invocations=359 (full 3):
 def new generation   total 1639872K, used 1574510K [0x00007f9534600000, 0x00007f95a3960000, 0x00007f9a89b50000)
  eden space 1457664K, 100% used [0x00007f9534600000, 0x00007f958d580000, 0x00007f958d580000)
  from space 182208K,  64% used [0x00007f958d580000, 0x00007f959479ba90, 0x00007f9598770000)
  to   space 182208K,   0% used [0x00007f9598770000, 0x00007f9598770000, 0x00007f95a3960000)
 tenured generation   total 3644116K, used 3494021K [0x00007f9a89b50000, 0x00007f9b68205000, 0x00007fa534600000)
   the space 3644116K,  95% used [0x00007f9a89b50000, 0x00007f9b5ef71718, 0x00007f9b5ef71800, 0x00007f9b68205000)
 Metaspace       used 30499K, capacity 30920K, committed 31232K, reserved 32768K
}
Event: 1693.757 GC heap after
{Heap after GC invocations=360 (full 3):
 def new generation   total 1639872K, used 119513K [0x00007f9534600000, 0x00007f95a3960000, 0x00007f9a89b50000)
  eden space 1457664K,   0% used [0x00007f9534600000, 0x00007f9534600000, 0x00007f958d580000)
  from space 182208K,  65% used [0x00007f9598770000, 0x00007f959fc26528, 0x00007f95a3960000)
  to   space 182208K,   0% used [0x00007f958d580000, 0x00007f958d580000, 0x00007f9598770000)
 tenured generation   total 3644116K, used 3610867K [0x00007f9a89b50000, 0x00007f9b68205000, 0x00007fa534600000)
   the space 3644116K,  99% used [0x00007f9a89b50000, 0x00007f9b6618cfb8, 0x00007f9b6618d000, 0x00007f9b68205000)
 Metaspace       used 30499K, capacity 30920K, committed 31232K, reserved 32768K
}
Event: 1694.159 GC heap before
{Heap before GC invocations=360 (full 3):
 def new generation   total 1639872K, used 1577177K [0x00007f9534600000, 0x00007f95a3960000, 0x00007f9a89b50000)
  eden space 1457664K, 100% used [0x00007f9534600000, 0x00007f958d580000, 0x00007f958d580000)
  from space 182208K,  65% used [0x00007f9598770000, 0x00007f959fc26528, 0x00007f95a3960000)
  to   space 182208K,   0% used [0x00007f958d580000, 0x00007f958d580000, 0x00007f9598770000)
 tenured generation   total 3644116K, used 3610867K [0x00007f9a89b50000, 0x00007f9b68205000, 0x00007fa534600000)
   the space 3644116K,  99% used [0x00007f9a89b50000, 0x00007f9b6618cfb8, 0x00007f9b6618d000, 0x00007f9b68205000)
 Metaspace       used 30499K, capacity 30920K, committed 31232K, reserved 32768K
}
Event: 1694.609 GC heap after
{Heap after GC invocations=361 (full 3):
 def new generation   total 1639872K, used 124389K [0x00007f9534600000, 0x00007f95a3960000, 0x00007f9a89b50000)
  eden space 1457664K,   0% used [0x00007f9534600000, 0x00007f9534600000, 0x00007f958d580000)
  from space 182208K,  68% used [0x00007f958d580000, 0x00007f9594ef9628, 0x00007f9598770000)
  to   space 182208K,   0% used [0x00007f9598770000, 0x00007f9598770000, 0x00007f95a3960000)
 tenured generation   total 3730516K, used 3730380K [0x00007f9a89b50000, 0x00007f9b6d665000, 0x00007fa534600000)
   the space 3730516K,  99% used [0x00007f9a89b50000, 0x00007f9b6d643220, 0x00007f9b6d643400, 0x00007f9b6d665000)
 Metaspace       used 30499K, capacity 30920K, committed 31232K, reserved 32768K
}
Event: 1694.609 GC heap before
{Heap before GC invocations=361 (full 3):
 def new generation   total 1639872K, used 124389K [0x00007f9534600000, 0x00007f95a3960000, 0x00007f9a89b50000)
  eden space 1457664K,   0% used [0x00007f9534600000, 0x00007f9534600000, 0x00007f958d580000)
  from space 182208K,  68% used [0x00007f958d580000, 0x00007f9594ef9628, 0x00007f9598770000)
  to   space 182208K,   0% used [0x00007f9598770000, 0x00007f9598770000, 0x00007f95a3960000)
 tenured generation   total 3730516K, used 3730380K [0x00007f9a89b50000, 0x00007f9b6d665000, 0x00007fa534600000)
   the space 3730516K,  99% used [0x00007f9a89b50000, 0x00007f9b6d643220, 0x00007f9b6d643400, 0x00007f9b6d665000)
 Metaspace       used 30499K, capacity 30920K, committed 31232K, reserved 32768K
}

