# JRE version: OpenJDK Runtime Environment (13.0.7+5) (build 13.0.7+5-Ubuntu-0ubuntu120.04)
# Java VM: OpenJDK 64-Bit Server VM (13.0.7+5-Ubuntu-0ubuntu120.04, mixed mode, tiered, serial gc, linux-amd64)
Heap:
 def new generation   total 2941312K, used 0K [0x00007f77e0600000, 0x00007f78a7d80000, 0x00007f7d35b50000)
  eden space 2614528K,   0% used [0x00007f77e0600000, 0x00007f77e0600000, 0x00007f787ff40000)
  from space 326784K,   0% used [0x00007f787ff40000, 0x00007f787ff40000, 0x00007f7893e60000)
  to   space 326784K,   0% used [0x00007f7893e60000, 0x00007f7893e60000, 0x00007f78a7d80000)
 tenured generation   total 6675956K, used 6158467K [0x00007f7d35b50000, 0x00007f7ecd2cd000, 0x00007f87e0600000)
   the space 6675956K,  92% used [0x00007f7d35b50000, 0x00007f7ead970fd8, 0x00007f7ead971000, 0x00007f7ecd2cd000)
 Metaspace       used 30526K, capacity 30991K, committed 31232K, reserved 32768K
GC Heap History (20 events):
Event: 239.382 GC heap after
{Heap after GC invocations=101 (full 6):
 def new generation   total 2941312K, used 326783K [0x00007f77e0600000, 0x00007f78a7d80000, 0x00007f7d35b50000)
  eden space 2614528K,   0% used [0x00007f77e0600000, 0x00007f77e0600000, 0x00007f787ff40000)
  from space 326784K,  99% used [0x00007f7893e60000, 0x00007f78a7d7fff0, 0x00007f78a7d80000)
  to   space 326784K,   0% used [0x00007f787ff40000, 0x00007f787ff40000, 0x00007f7893e60000)
 tenured generation   total 6536180K, used 4145341K [0x00007f7d35b50000, 0x00007f7ec4a4d000, 0x00007f87e0600000)
   the space 6536180K,  63% used [0x00007f7d35b50000, 0x00007f7e32b7f710, 0x00007f7e32b7f800, 0x00007f7ec4a4d000)
 Metaspace       used 30526K, capacity 30991K, committed 31232K, reserved 32768K
}
Event: 318.766 GC heap before
{Heap before GC invocations=101 (full 6):
 def new generation   total 2941312K, used 2941311K [0x00007f77e0600000, 0x00007f78a7d80000, 0x00007f7d35b50000)
  eden space 2614528K, 100% used [0x00007f77e0600000, 0x00007f787ff40000, 0x00007f787ff40000)
  from space 326784K,  99% used [0x00007f7893e60000, 0x00007f78a7d7fff0, 0x00007f78a7d80000)
  to   space 326784K,   0% used [0x00007f787ff40000, 0x00007f787ff40000, 0x00007f7893e60000)
 tenured generation   total 6536180K, used 4145341K [0x00007f7d35b50000, 0x00007f7ec4a4d000, 0x00007f87e0600000)
   the space 6536180K,  63% used [0x00007f7d35b50000, 0x00007f7e32b7f710, 0x00007f7e32b7f800, 0x00007f7ec4a4d000)
 Metaspace       used 30526K, capacity 30991K, committed 31232K, reserved 32768K
}
Event: 320.252 GC heap after
{Heap after GC invocations=102 (full 6):
 def new generation   total 2941312K, used 326783K [0x00007f77e0600000, 0x00007f78a7d80000, 0x00007f7d35b50000)
  eden space 2614528K,   0% used [0x00007f77e0600000, 0x00007f77e0600000, 0x00007f787ff40000)
  from space 326784K,  99% used [0x00007f787ff40000, 0x00007f7893e5fff0, 0x00007f7893e60000)
  to   space 326784K,   0% used [0x00007f7893e60000, 0x00007f7893e60000, 0x00007f78a7d80000)
 tenured generation   total 6536180K, used 4695759K [0x00007f7d35b50000, 0x00007f7ec4a4d000, 0x00007f87e0600000)
   the space 6536180K,  71% used [0x00007f7d35b50000, 0x00007f7e54503e30, 0x00007f7e54504000, 0x00007f7ec4a4d000)
 Metaspace       used 30526K, capacity 30991K, committed 31232K, reserved 32768K
}
Event: 340.461 GC heap before
{Heap before GC invocations=102 (full 6):
 def new generation   total 2941312K, used 2941311K [0x00007f77e0600000, 0x00007f78a7d80000, 0x00007f7d35b50000)
  eden space 2614528K, 100% used [0x00007f77e0600000, 0x00007f787ff40000, 0x00007f787ff40000)
  from space 326784K,  99% used [0x00007f787ff40000, 0x00007f7893e5fff0, 0x00007f7893e60000)
  to   space 326784K,   0% used [0x00007f7893e60000, 0x00007f7893e60000, 0x00007f78a7d80000)
 tenured generation   total 6536180K, used 4695759K [0x00007f7d35b50000, 0x00007f7ec4a4d000, 0x00007f87e0600000)
   the space 6536180K,  71% used [0x00007f7d35b50000, 0x00007f7e54503e30, 0x00007f7e54504000, 0x00007f7ec4a4d000)
 Metaspace       used 30526K, capacity 30991K, committed 31232K, reserved 32768K
}
Event: 341.505 GC heap after
{Heap after GC invocations=103 (full 6):
 def new generation   total 2941312K, used 326783K [0x00007f77e0600000, 0x00007f78a7d80000, 0x00007f7d35b50000)
  eden space 2614528K,   0% used [0x00007f77e0600000, 0x00007f77e0600000, 0x00007f787ff40000)
  from space 326784K,  99% used [0x00007f7893e60000, 0x00007f78a7d7fff8, 0x00007f78a7d80000)
  to   space 326784K,   0% used [0x00007f787ff40000, 0x00007f787ff40000, 0x00007f7893e60000)
 tenured generation   total 6536180K, used 5051320K [0x00007f7d35b50000, 0x00007f7ec4a4d000, 0x00007f87e0600000)
   the space 6536180K,  77% used [0x00007f7d35b50000, 0x00007f7e6a03e3d0, 0x00007f7e6a03e400, 0x00007f7ec4a4d000)
 Metaspace       used 30526K, capacity 30991K, committed 31232K, reserved 32768K
}
Event: 342.423 GC heap before
{Heap before GC invocations=103 (full 6):
 def new generation   total 2941312K, used 2941311K [0x00007f77e0600000, 0x00007f78a7d80000, 0x00007f7d35b50000)
  eden space 2614528K, 100% used [0x00007f77e0600000, 0x00007f787ff40000, 0x00007f787ff40000)
  from space 326784K,  99% used [0x00007f7893e60000, 0x00007f78a7d7fff8, 0x00007f78a7d80000)
  to   space 326784K,   0% used [0x00007f787ff40000, 0x00007f787ff40000, 0x00007f7893e60000)
 tenured generation   total 6536180K, used 5051320K [0x00007f7d35b50000, 0x00007f7ec4a4d000, 0x00007f87e0600000)
   the space 6536180K,  77% used [0x00007f7d35b50000, 0x00007f7e6a03e3d0, 0x00007f7e6a03e400, 0x00007f7ec4a4d000)
 Metaspace       used 30526K, capacity 30991K, committed 31232K, reserved 32768K
}
Event: 344.682 GC heap after
{Heap after GC invocations=104 (full 6):
 def new generation   total 2941312K, used 208734K [0x00007f77e0600000, 0x00007f78a7d80000, 0x00007f7d35b50000)
  eden space 2614528K,   0% used [0x00007f77e0600000, 0x00007f77e0600000, 0x00007f787ff40000)
  from space 326784K,  63% used [0x00007f787ff40000, 0x00007f788cb17bc0, 0x00007f7893e60000)
  to   space 326784K,   0% used [0x00007f7893e60000, 0x00007f7893e60000, 0x00007f78a7d80000)
 tenured generation   total 6536180K, used 5378104K [0x00007f7d35b50000, 0x00007f7ec4a4d000, 0x00007f87e0600000)
   the space 6536180K,  82% used [0x00007f7d35b50000, 0x00007f7e7df5e2c8, 0x00007f7e7df5e400, 0x00007f7ec4a4d000)
 Metaspace       used 30526K, capacity 30991K, committed 31232K, reserved 32768K
}
Event: 345.503 GC heap before
{Heap before GC invocations=104 (full 6):
 def new generation   total 2941312K, used 2823262K [0x00007f77e0600000, 0x00007f78a7d80000, 0x00007f7d35b50000)
  eden space 2614528K, 100% used [0x00007f77e0600000, 0x00007f787ff40000, 0x00007f787ff40000)
  from space 326784K,  63% used [0x00007f787ff40000, 0x00007f788cb17bc0, 0x00007f7893e60000)
  to   space 326784K,   0% used [0x00007f7893e60000, 0x00007f7893e60000, 0x00007f78a7d80000)
 tenured generation   total 6536180K, used 5378104K [0x00007f7d35b50000, 0x00007f7ec4a4d000, 0x00007f87e0600000)
   the space 6536180K,  82% used [0x00007f7d35b50000, 0x00007f7e7df5e2c8, 0x00007f7e7df5e400, 0x00007f7ec4a4d000)
 Metaspace       used 30526K, capacity 30991K, committed 31232K, reserved 32768K
}
Event: 346.231 GC heap after
{Heap after GC invocations=105 (full 6):
 def new generation   total 2941312K, used 212119K [0x00007f77e0600000, 0x00007f78a7d80000, 0x00007f7d35b50000)
  eden space 2614528K,   0% used [0x00007f77e0600000, 0x00007f77e0600000, 0x00007f787ff40000)
  from space 326784K,  64% used [0x00007f7893e60000, 0x00007f78a0d85e08, 0x00007f78a7d80000)
  to   space 326784K,   0% used [0x00007f787ff40000, 0x00007f787ff40000, 0x00007f7893e60000)
 tenured generation   total 6536180K, used 5586839K [0x00007f7d35b50000, 0x00007f7ec4a4d000, 0x00007f87e0600000)
   the space 6536180K,  85% used [0x00007f7d35b50000, 0x00007f7e8ab35cf8, 0x00007f7e8ab35e00, 0x00007f7ec4a4d000)
 Metaspace       used 30526K, capacity 30991K, committed 31232K, reserved 32768K
}
Event: 346.988 GC heap before
{Heap before GC invocations=105 (full 6):
 def new generation   total 2941312K, used 2826647K [0x00007f77e0600000, 0x00007f78a7d80000, 0x00007f7d35b50000)
  eden space 2614528K, 100% used [0x00007f77e0600000, 0x00007f787ff40000, 0x00007f787ff40000)
  from space 326784K,  64% used [0x00007f7893e60000, 0x00007f78a0d85e08, 0x00007f78a7d80000)
  to   space 326784K,   0% used [0x00007f787ff40000, 0x00007f787ff40000, 0x00007f7893e60000)
 tenured generation   total 6536180K, used 5586839K [0x00007f7d35b50000, 0x00007f7ec4a4d000, 0x00007f87e0600000)
   the space 6536180K,  85% used [0x00007f7d35b50000, 0x00007f7e8ab35cf8, 0x00007f7e8ab35e00, 0x00007f7ec4a4d000)
 Metaspace       used 30526K, capacity 30991K, committed 31232K, reserved 32768K
}
Event: 347.659 GC heap after
{Heap after GC invocations=106 (full 6):
 def new generation   total 2941312K, used 212784K [0x00007f77e0600000, 0x00007f78a7d80000, 0x00007f7d35b50000)
  eden space 2614528K,   0% used [0x00007f77e0600000, 0x00007f77e0600000, 0x00007f787ff40000)
  from space 326784K,  65% used [0x00007f787ff40000, 0x00007f788cf0c178, 0x00007f7893e60000)
  to   space 326784K,   0% used [0x00007f7893e60000, 0x00007f7893e60000, 0x00007f78a7d80000)
 tenured generation   total 6536180K, used 5798958K [0x00007f7d35b50000, 0x00007f7ec4a4d000, 0x00007f87e0600000)
   the space 6536180K,  88% used [0x00007f7d35b50000, 0x00007f7e97a5b9d0, 0x00007f7e97a5ba00, 0x00007f7ec4a4d000)
 Metaspace       used 30526K, capacity 30991K, committed 31232K, reserved 32768K
}
Event: 348.422 GC heap before
{Heap before GC invocations=106 (full 6):
 def new generation   total 2941312K, used 2827312K [0x00007f77e0600000, 0x00007f78a7d80000, 0x00007f7d35b50000)
  eden space 2614528K, 100% used [0x00007f77e0600000, 0x00007f787ff40000, 0x00007f787ff40000)
  from space 326784K,  65% used [0x00007f787ff40000, 0x00007f788cf0c178, 0x00007f7893e60000)
  to   space 326784K,   0% used [0x00007f7893e60000, 0x00007f7893e60000, 0x00007f78a7d80000)
 tenured generation   total 6536180K, used 5798958K [0x00007f7d35b50000, 0x00007f7ec4a4d000, 0x00007f87e0600000)
   the space 6536180K,  88% used [0x00007f7d35b50000, 0x00007f7e97a5b9d0, 0x00007f7e97a5ba00, 0x00007f7ec4a4d000)
 Metaspace       used 30526K, capacity 30991K, committed 31232K, reserved 32768K
}
Event: 349.108 GC heap after
{Heap after GC invocations=107 (full 6):
 def new generation   total 2941312K, used 219124K [0x00007f77e0600000, 0x00007f78a7d80000, 0x00007f7d35b50000)
  eden space 2614528K,   0% used [0x00007f77e0600000, 0x00007f77e0600000, 0x00007f787ff40000)
  from space 326784K,  67% used [0x00007f7893e60000, 0x00007f78a145d300, 0x00007f78a7d80000)
  to   space 326784K,   0% used [0x00007f787ff40000, 0x00007f787ff40000, 0x00007f7893e60000)
 tenured generation   total 6536180K, used 6011742K [0x00007f7d35b50000, 0x00007f7ec4a4d000, 0x00007f87e0600000)
   the space 6536180K,  91% used [0x00007f7d35b50000, 0x00007f7ea4a27938, 0x00007f7ea4a27a00, 0x00007f7ec4a4d000)
 Metaspace       used 30526K, capacity 30991K, committed 31232K, reserved 32768K
}
Event: 349.879 GC heap before
{Heap before GC invocations=107 (full 6):
 def new generation   total 2941312K, used 2833652K [0x00007f77e0600000, 0x00007f78a7d80000, 0x00007f7d35b50000)
  eden space 2614528K, 100% used [0x00007f77e0600000, 0x00007f787ff40000, 0x00007f787ff40000)
  from space 326784K,  67% used [0x00007f7893e60000, 0x00007f78a145d300, 0x00007f78a7d80000)
  to   space 326784K,   0% used [0x00007f787ff40000, 0x00007f787ff40000, 0x00007f7893e60000)
 tenured generation   total 6536180K, used 6011742K [0x00007f7d35b50000, 0x00007f7ec4a4d000, 0x00007f87e0600000)
   the space 6536180K,  91% used [0x00007f7d35b50000, 0x00007f7ea4a27938, 0x00007f7ea4a27a00, 0x00007f7ec4a4d000)
 Metaspace       used 30526K, capacity 30991K, committed 31232K, reserved 32768K
}
Event: 350.676 GC heap after
{Heap after GC invocations=108 (full 6):
 def new generation   total 2941312K, used 212264K [0x00007f77e0600000, 0x00007f78a7d80000, 0x00007f7d35b50000)
  eden space 2614528K,   0% used [0x00007f77e0600000, 0x00007f77e0600000, 0x00007f787ff40000)
  from space 326784K,  64% used [0x00007f787ff40000, 0x00007f788ce8a2e0, 0x00007f7893e60000)
  to   space 326784K,   0% used [0x00007f7893e60000, 0x00007f7893e60000, 0x00007f78a7d80000)
 tenured generation   total 6536180K, used 6230866K [0x00007f7d35b50000, 0x00007f7ec4a4d000, 0x00007f87e0600000)
   the space 6536180K,  95% used [0x00007f7d35b50000, 0x00007f7eb2024a28, 0x00007f7eb2024c00, 0x00007f7ec4a4d000)
 Metaspace       used 30526K, capacity 30991K, committed 31232K, reserved 32768K
}
Event: 351.492 GC heap before
{Heap before GC invocations=108 (full 6):
 def new generation   total 2941312K, used 2826792K [0x00007f77e0600000, 0x00007f78a7d80000, 0x00007f7d35b50000)
  eden space 2614528K, 100% used [0x00007f77e0600000, 0x00007f787ff40000, 0x00007f787ff40000)
  from space 326784K,  64% used [0x00007f787ff40000, 0x00007f788ce8a2e0, 0x00007f7893e60000)
  to   space 326784K,   0% used [0x00007f7893e60000, 0x00007f7893e60000, 0x00007f78a7d80000)
 tenured generation   total 6536180K, used 6230866K [0x00007f7d35b50000, 0x00007f7ec4a4d000, 0x00007f87e0600000)
   the space 6536180K,  95% used [0x00007f7d35b50000, 0x00007f7eb2024a28, 0x00007f7eb2024c00, 0x00007f7ec4a4d000)
 Metaspace       used 30526K, capacity 30991K, committed 31232K, reserved 32768K
}
Event: 352.349 GC heap after
{Heap after GC invocations=109 (full 6):
 def new generation   total 2941312K, used 232794K [0x00007f77e0600000, 0x00007f78a7d80000, 0x00007f7d35b50000)
  eden space 2614528K,   0% used [0x00007f77e0600000, 0x00007f77e0600000, 0x00007f787ff40000)
  from space 326784K,  71% used [0x00007f7893e60000, 0x00007f78a21b6bf0, 0x00007f78a7d80000)
  to   space 326784K,   0% used [0x00007f787ff40000, 0x00007f787ff40000, 0x00007f7893e60000)
 tenured generation   total 6536180K, used 6443130K [0x00007f7d35b50000, 0x00007f7ec4a4d000, 0x00007f87e0600000)
   the space 6536180K,  98% used [0x00007f7d35b50000, 0x00007f7ebef6ebb8, 0x00007f7ebef6ec00, 0x00007f7ec4a4d000)
 Metaspace       used 30526K, capacity 30991K, committed 31232K, reserved 32768K
}
Event: 353.204 GC heap before
{Heap before GC invocations=109 (full 6):
 def new generation   total 2941312K, used 2847322K [0x00007f77e0600000, 0x00007f78a7d80000, 0x00007f7d35b50000)
  eden space 2614528K, 100% used [0x00007f77e0600000, 0x00007f787ff40000, 0x00007f787ff40000)
  from space 326784K,  71% used [0x00007f7893e60000, 0x00007f78a21b6bf0, 0x00007f78a7d80000)
  to   space 326784K,   0% used [0x00007f787ff40000, 0x00007f787ff40000, 0x00007f7893e60000)
 tenured generation   total 6536180K, used 6443130K [0x00007f7d35b50000, 0x00007f7ec4a4d000, 0x00007f87e0600000)
   the space 6536180K,  98% used [0x00007f7d35b50000, 0x00007f7ebef6ebb8, 0x00007f7ebef6ec00, 0x00007f7ec4a4d000)
 Metaspace       used 30526K, capacity 30991K, committed 31232K, reserved 32768K
}
Event: 353.983 GC heap after
{Heap after GC invocations=110 (full 6):
 def new generation   total 2941312K, used 226526K [0x00007f77e0600000, 0x00007f78a7d80000, 0x00007f7d35b50000)
  eden space 2614528K,   0% used [0x00007f77e0600000, 0x00007f77e0600000, 0x00007f787ff40000)
  from space 326784K,  69% used [0x00007f787ff40000, 0x00007f788dc77a30, 0x00007f7893e60000)
  to   space 326784K,   0% used [0x00007f7893e60000, 0x00007f7893e60000, 0x00007f78a7d80000)
 tenured generation   total 6675956K, used 6675925K [0x00007f7d35b50000, 0x00007f7ecd2cd000, 0x00007f87e0600000)
   the space 6675956K,  99% used [0x00007f7d35b50000, 0x00007f7ecd2c54a8, 0x00007f7ecd2c5600, 0x00007f7ecd2cd000)
 Metaspace       used 30526K, capacity 30991K, committed 31232K, reserved 32768K
}
Event: 353.983 GC heap before
{Heap before GC invocations=110 (full 6):
 def new generation   total 2941312K, used 226526K [0x00007f77e0600000, 0x00007f78a7d80000, 0x00007f7d35b50000)
  eden space 2614528K,   0% used [0x00007f77e0600000, 0x00007f77e0600000, 0x00007f787ff40000)
  from space 326784K,  69% used [0x00007f787ff40000, 0x00007f788dc77a30, 0x00007f7893e60000)
  to   space 326784K,   0% used [0x00007f7893e60000, 0x00007f7893e60000, 0x00007f78a7d80000)
 tenured generation   total 6675956K, used 6675925K [0x00007f7d35b50000, 0x00007f7ecd2cd000, 0x00007f87e0600000)
   the space 6675956K,  99% used [0x00007f7d35b50000, 0x00007f7ecd2c54a8, 0x00007f7ecd2c5600, 0x00007f7ecd2cd000)
 Metaspace       used 30526K, capacity 30991K, committed 31232K, reserved 32768K
}

