# JRE version: OpenJDK Runtime Environment (13.0.7+5) (build 13.0.7+5-Ubuntu-0ubuntu120.04)
# Java VM: OpenJDK 64-Bit Server VM (13.0.7+5-Ubuntu-0ubuntu120.04, mixed mode, tiered, serial gc, linux-amd64)
Heap:
 def new generation   total 4850368K, used 28329K [0x00007f422c400000, 0x00007f43752f0000, 0x00007f4781950000)
  eden space 4311488K,   0% used [0x00007f422c400000, 0x00007f422dfaa4c8, 0x00007f4333670000)
  from space 538880K,   0% used [0x00007f4333670000, 0x00007f4333670000, 0x00007f43544b0000)
  to   space 538880K,   0% used [0x00007f43544b0000, 0x00007f43544b0000, 0x00007f43752f0000)
 tenured generation   total 10778660K, used 10778654K [0x00007f4781950000, 0x00007f4a13759000, 0x00007f522c400000)
   the space 10778660K,  99% used [0x00007f4781950000, 0x00007f4a13757908, 0x00007f4a13757a00, 0x00007f4a13759000)
 Metaspace       used 24355K, capacity 24771K, committed 25088K, reserved 26624K
GC Heap History (20 events):
Event: 14069.346 GC heap after
{Heap after GC invocations=12065 (full 5):
 def new generation   total 4850368K, used 33715K [0x00007f422c400000, 0x00007f43752f0000, 0x00007f4781950000)
  eden space 4311488K,   0% used [0x00007f422c400000, 0x00007f422c400000, 0x00007f4333670000)
  from space 538880K,   6% used [0x00007f43544b0000, 0x00007f435659cf68, 0x00007f43752f0000)
  to   space 538880K,   0% used [0x00007f4333670000, 0x00007f4333670000, 0x00007f43544b0000)
 tenured generation   total 10778468K, used 10755155K [0x00007f4781950000, 0x00007f4a13729000, 0x00007f522c400000)
   the space 10778468K,  99% used [0x00007f4781950000, 0x00007f4a12064c78, 0x00007f4a12064e00, 0x00007f4a13729000)
 Metaspace       used 24355K, capacity 24771K, committed 25088K, reserved 26624K
}
Event: 14071.929 GC heap before
{Heap before GC invocations=12065 (full 5):
 def new generation   total 4850368K, used 4345203K [0x00007f422c400000, 0x00007f43752f0000, 0x00007f4781950000)
  eden space 4311488K, 100% used [0x00007f422c400000, 0x00007f4333670000, 0x00007f4333670000)
  from space 538880K,   6% used [0x00007f43544b0000, 0x00007f435659cf68, 0x00007f43752f0000)
  to   space 538880K,   0% used [0x00007f4333670000, 0x00007f4333670000, 0x00007f43544b0000)
 tenured generation   total 10778468K, used 10755155K [0x00007f4781950000, 0x00007f4a13729000, 0x00007f522c400000)
   the space 10778468K,  99% used [0x00007f4781950000, 0x00007f4a12064c78, 0x00007f4a12064e00, 0x00007f4a13729000)
 Metaspace       used 24355K, capacity 24771K, committed 25088K, reserved 26624K
}
Event: 14071.960 GC heap after
{Heap after GC invocations=12066 (full 5):
 def new generation   total 4850368K, used 33738K [0x00007f422c400000, 0x00007f43752f0000, 0x00007f4781950000)
  eden space 4311488K,   0% used [0x00007f422c400000, 0x00007f422c400000, 0x00007f4333670000)
  from space 538880K,   6% used [0x00007f4333670000, 0x00007f4335762be0, 0x00007f43544b0000)
  to   space 538880K,   0% used [0x00007f43544b0000, 0x00007f43544b0000, 0x00007f43752f0000)
 tenured generation   total 10778468K, used 10756852K [0x00007f4781950000, 0x00007f4a13729000, 0x00007f522c400000)
   the space 10778468K,  99% used [0x00007f4781950000, 0x00007f4a1220d368, 0x00007f4a1220d400, 0x00007f4a13729000)
 Metaspace       used 24355K, capacity 24771K, committed 25088K, reserved 26624K
}
Event: 14074.502 GC heap before
{Heap before GC invocations=12066 (full 5):
 def new generation   total 4850368K, used 4345226K [0x00007f422c400000, 0x00007f43752f0000, 0x00007f4781950000)
  eden space 4311488K, 100% used [0x00007f422c400000, 0x00007f4333670000, 0x00007f4333670000)
  from space 538880K,   6% used [0x00007f4333670000, 0x00007f4335762be0, 0x00007f43544b0000)
  to   space 538880K,   0% used [0x00007f43544b0000, 0x00007f43544b0000, 0x00007f43752f0000)
 tenured generation   total 10778468K, used 10756852K [0x00007f4781950000, 0x00007f4a13729000, 0x00007f522c400000)
   the space 10778468K,  99% used [0x00007f4781950000, 0x00007f4a1220d368, 0x00007f4a1220d400, 0x00007f4a13729000)
 Metaspace       used 24355K, capacity 24771K, committed 25088K, reserved 26624K
}
Event: 14074.544 GC heap after
{Heap after GC invocations=12067 (full 5):
 def new generation   total 4850368K, used 33646K [0x00007f422c400000, 0x00007f43752f0000, 0x00007f4781950000)
  eden space 4311488K,   0% used [0x00007f422c400000, 0x00007f422c400000, 0x00007f4333670000)
  from space 538880K,   6% used [0x00007f43544b0000, 0x00007f435658bb38, 0x00007f43752f0000)
  to   space 538880K,   0% used [0x00007f4333670000, 0x00007f4333670000, 0x00007f43544b0000)
 tenured generation   total 10778468K, used 10758659K [0x00007f4781950000, 0x00007f4a13729000, 0x00007f522c400000)
   the space 10778468K,  99% used [0x00007f4781950000, 0x00007f4a123d0da8, 0x00007f4a123d0e00, 0x00007f4a13729000)
 Metaspace       used 24355K, capacity 24771K, committed 25088K, reserved 26624K
}
Event: 14077.083 GC heap before
{Heap before GC invocations=12067 (full 5):
 def new generation   total 4850368K, used 4345134K [0x00007f422c400000, 0x00007f43752f0000, 0x00007f4781950000)
  eden space 4311488K, 100% used [0x00007f422c400000, 0x00007f4333670000, 0x00007f4333670000)
  from space 538880K,   6% used [0x00007f43544b0000, 0x00007f435658bb38, 0x00007f43752f0000)
  to   space 538880K,   0% used [0x00007f4333670000, 0x00007f4333670000, 0x00007f43544b0000)
 tenured generation   total 10778468K, used 10758659K [0x00007f4781950000, 0x00007f4a13729000, 0x00007f522c400000)
   the space 10778468K,  99% used [0x00007f4781950000, 0x00007f4a123d0da8, 0x00007f4a123d0e00, 0x00007f4a13729000)
 Metaspace       used 24355K, capacity 24771K, committed 25088K, reserved 26624K
}
Event: 14077.120 GC heap after
{Heap after GC invocations=12068 (full 5):
 def new generation   total 4850368K, used 33392K [0x00007f422c400000, 0x00007f43752f0000, 0x00007f4781950000)
  eden space 4311488K,   0% used [0x00007f422c400000, 0x00007f422c400000, 0x00007f4333670000)
  from space 538880K,   6% used [0x00007f4333670000, 0x00007f433570c0a0, 0x00007f43544b0000)
  to   space 538880K,   0% used [0x00007f43544b0000, 0x00007f43544b0000, 0x00007f43752f0000)
 tenured generation   total 10778468K, used 10760899K [0x00007f4781950000, 0x00007f4a13729000, 0x00007f522c400000)
   the space 10778468K,  99% used [0x00007f4781950000, 0x00007f4a12600c28, 0x00007f4a12600e00, 0x00007f4a13729000)
 Metaspace       used 24355K, capacity 24771K, committed 25088K, reserved 26624K
}
Event: 14079.667 GC heap before
{Heap before GC invocations=12068 (full 5):
 def new generation   total 4850368K, used 4344880K [0x00007f422c400000, 0x00007f43752f0000, 0x00007f4781950000)
  eden space 4311488K, 100% used [0x00007f422c400000, 0x00007f4333670000, 0x00007f4333670000)
  from space 538880K,   6% used [0x00007f4333670000, 0x00007f433570c0a0, 0x00007f43544b0000)
  to   space 538880K,   0% used [0x00007f43544b0000, 0x00007f43544b0000, 0x00007f43752f0000)
 tenured generation   total 10778468K, used 10760899K [0x00007f4781950000, 0x00007f4a13729000, 0x00007f522c400000)
   the space 10778468K,  99% used [0x00007f4781950000, 0x00007f4a12600c28, 0x00007f4a12600e00, 0x00007f4a13729000)
 Metaspace       used 24355K, capacity 24771K, committed 25088K, reserved 26624K
}
Event: 14079.712 GC heap after
{Heap after GC invocations=12069 (full 5):
 def new generation   total 4850368K, used 33008K [0x00007f422c400000, 0x00007f43752f0000, 0x00007f4781950000)
  eden space 4311488K,   0% used [0x00007f422c400000, 0x00007f422c400000, 0x00007f4333670000)
  from space 538880K,   6% used [0x00007f43544b0000, 0x00007f43564ec368, 0x00007f43752f0000)
  to   space 538880K,   0% used [0x00007f4333670000, 0x00007f4333670000, 0x00007f43544b0000)
 tenured generation   total 10778468K, used 10763517K [0x00007f4781950000, 0x00007f4a13729000, 0x00007f522c400000)
   the space 10778468K,  99% used [0x00007f4781950000, 0x00007f4a1288f6a8, 0x00007f4a1288f800, 0x00007f4a13729000)
 Metaspace       used 24355K, capacity 24771K, committed 25088K, reserved 26624K
}
Event: 14082.289 GC heap before
{Heap before GC invocations=12069 (full 5):
 def new generation   total 4850368K, used 4344496K [0x00007f422c400000, 0x00007f43752f0000, 0x00007f4781950000)
  eden space 4311488K, 100% used [0x00007f422c400000, 0x00007f4333670000, 0x00007f4333670000)
  from space 538880K,   6% used [0x00007f43544b0000, 0x00007f43564ec368, 0x00007f43752f0000)
  to   space 538880K,   0% used [0x00007f4333670000, 0x00007f4333670000, 0x00007f43544b0000)
 tenured generation   total 10778468K, used 10763517K [0x00007f4781950000, 0x00007f4a13729000, 0x00007f522c400000)
   the space 10778468K,  99% used [0x00007f4781950000, 0x00007f4a1288f6a8, 0x00007f4a1288f800, 0x00007f4a13729000)
 Metaspace       used 24355K, capacity 24771K, committed 25088K, reserved 26624K
}
Event: 14082.324 GC heap after
{Heap after GC invocations=12070 (full 5):
 def new generation   total 4850368K, used 32035K [0x00007f422c400000, 0x00007f43752f0000, 0x00007f4781950000)
  eden space 4311488K,   0% used [0x00007f422c400000, 0x00007f422c400000, 0x00007f4333670000)
  from space 538880K,   5% used [0x00007f4333670000, 0x00007f43355b8d50, 0x00007f43544b0000)
  to   space 538880K,   0% used [0x00007f43544b0000, 0x00007f43544b0000, 0x00007f43752f0000)
 tenured generation   total 10778468K, used 10766732K [0x00007f4781950000, 0x00007f4a13729000, 0x00007f522c400000)
   the space 10778468K,  99% used [0x00007f4781950000, 0x00007f4a12bb30f8, 0x00007f4a12bb3200, 0x00007f4a13729000)
 Metaspace       used 24355K, capacity 24771K, committed 25088K, reserved 26624K
}
Event: 14085.052 GC heap before
{Heap before GC invocations=12070 (full 5):
 def new generation   total 4850368K, used 4343523K [0x00007f422c400000, 0x00007f43752f0000, 0x00007f4781950000)
  eden space 4311488K, 100% used [0x00007f422c400000, 0x00007f4333670000, 0x00007f4333670000)
  from space 538880K,   5% used [0x00007f4333670000, 0x00007f43355b8d50, 0x00007f43544b0000)
  to   space 538880K,   0% used [0x00007f43544b0000, 0x00007f43544b0000, 0x00007f43752f0000)
 tenured generation   total 10778468K, used 10766732K [0x00007f4781950000, 0x00007f4a13729000, 0x00007f522c400000)
   the space 10778468K,  99% used [0x00007f4781950000, 0x00007f4a12bb30f8, 0x00007f4a12bb3200, 0x00007f4a13729000)
 Metaspace       used 24355K, capacity 24771K, committed 25088K, reserved 26624K
}
Event: 14085.080 GC heap after
{Heap after GC invocations=12071 (full 5):
 def new generation   total 4850368K, used 30995K [0x00007f422c400000, 0x00007f43752f0000, 0x00007f4781950000)
  eden space 4311488K,   0% used [0x00007f422c400000, 0x00007f422c400000, 0x00007f4333670000)
  from space 538880K,   5% used [0x00007f43544b0000, 0x00007f43562f4cf0, 0x00007f43752f0000)
  to   space 538880K,   0% used [0x00007f4333670000, 0x00007f4333670000, 0x00007f43544b0000)
 tenured generation   total 10778468K, used 10770001K [0x00007f4781950000, 0x00007f4a13729000, 0x00007f522c400000)
   the space 10778468K,  99% used [0x00007f4781950000, 0x00007f4a12ee4538, 0x00007f4a12ee4600, 0x00007f4a13729000)
 Metaspace       used 24355K, capacity 24771K, committed 25088K, reserved 26624K
}
Event: 14087.571 GC heap before
{Heap before GC invocations=12071 (full 5):
 def new generation   total 4850368K, used 4342483K [0x00007f422c400000, 0x00007f43752f0000, 0x00007f4781950000)
  eden space 4311488K, 100% used [0x00007f422c400000, 0x00007f4333670000, 0x00007f4333670000)
  from space 538880K,   5% used [0x00007f43544b0000, 0x00007f43562f4cf0, 0x00007f43752f0000)
  to   space 538880K,   0% used [0x00007f4333670000, 0x00007f4333670000, 0x00007f43544b0000)
 tenured generation   total 10778468K, used 10770001K [0x00007f4781950000, 0x00007f4a13729000, 0x00007f522c400000)
   the space 10778468K,  99% used [0x00007f4781950000, 0x00007f4a12ee4538, 0x00007f4a12ee4600, 0x00007f4a13729000)
 Metaspace       used 24355K, capacity 24771K, committed 25088K, reserved 26624K
}
Event: 14087.602 GC heap after
{Heap after GC invocations=12072 (full 5):
 def new generation   total 4850368K, used 30022K [0x00007f422c400000, 0x00007f43752f0000, 0x00007f4781950000)
  eden space 4311488K,   0% used [0x00007f422c400000, 0x00007f422c400000, 0x00007f4333670000)
  from space 538880K,   5% used [0x00007f4333670000, 0x00007f43353c1840, 0x00007f43544b0000)
  to   space 538880K,   0% used [0x00007f43544b0000, 0x00007f43544b0000, 0x00007f43752f0000)
 tenured generation   total 10778468K, used 10773220K [0x00007f4781950000, 0x00007f4a13729000, 0x00007f522c400000)
   the space 10778468K,  99% used [0x00007f4781950000, 0x00007f4a132090c8, 0x00007f4a13209200, 0x00007f4a13729000)
 Metaspace       used 24355K, capacity 24771K, committed 25088K, reserved 26624K
}
Event: 14090.218 GC heap before
{Heap before GC invocations=12072 (full 5):
 def new generation   total 4850368K, used 4341510K [0x00007f422c400000, 0x00007f43752f0000, 0x00007f4781950000)
  eden space 4311488K, 100% used [0x00007f422c400000, 0x00007f4333670000, 0x00007f4333670000)
  from space 538880K,   5% used [0x00007f4333670000, 0x00007f43353c1840, 0x00007f43544b0000)
  to   space 538880K,   0% used [0x00007f43544b0000, 0x00007f43544b0000, 0x00007f43752f0000)
 tenured generation   total 10778468K, used 10773220K [0x00007f4781950000, 0x00007f4a13729000, 0x00007f522c400000)
   the space 10778468K,  99% used [0x00007f4781950000, 0x00007f4a132090c8, 0x00007f4a13209200, 0x00007f4a13729000)
 Metaspace       used 24355K, capacity 24771K, committed 25088K, reserved 26624K
}
Event: 14090.244 GC heap after
{Heap after GC invocations=12073 (full 5):
 def new generation   total 4850368K, used 29171K [0x00007f422c400000, 0x00007f43752f0000, 0x00007f4781950000)
  eden space 4311488K,   0% used [0x00007f422c400000, 0x00007f422c400000, 0x00007f4333670000)
  from space 538880K,   5% used [0x00007f43544b0000, 0x00007f435612cf20, 0x00007f43752f0000)
  to   space 538880K,   0% used [0x00007f4333670000, 0x00007f4333670000, 0x00007f43544b0000)
 tenured generation   total 10778468K, used 10776434K [0x00007f4781950000, 0x00007f4a13729000, 0x00007f522c400000)
   the space 10778468K,  99% used [0x00007f4781950000, 0x00007f4a1352cb18, 0x00007f4a1352cc00, 0x00007f4a13729000)
 Metaspace       used 24355K, capacity 24771K, committed 25088K, reserved 26624K
}
Event: 14092.806 GC heap before
{Heap before GC invocations=12073 (full 5):
 def new generation   total 4850368K, used 4340659K [0x00007f422c400000, 0x00007f43752f0000, 0x00007f4781950000)
  eden space 4311488K, 100% used [0x00007f422c400000, 0x00007f4333670000, 0x00007f4333670000)
  from space 538880K,   5% used [0x00007f43544b0000, 0x00007f435612cf20, 0x00007f43752f0000)
  to   space 538880K,   0% used [0x00007f4333670000, 0x00007f4333670000, 0x00007f43544b0000)
 tenured generation   total 10778468K, used 10776434K [0x00007f4781950000, 0x00007f4a13729000, 0x00007f522c400000)
   the space 10778468K,  99% used [0x00007f4781950000, 0x00007f4a1352cb18, 0x00007f4a1352cc00, 0x00007f4a13729000)
 Metaspace       used 24355K, capacity 24771K, committed 25088K, reserved 26624K
}
Event: 14092.835 GC heap after
{Heap after GC invocations=12074 (full 5):
 def new generation   total 4850368K, used 28362K [0x00007f422c400000, 0x00007f43752f0000, 0x00007f4781950000)
  eden space 4311488K,   0% used [0x00007f422c400000, 0x00007f422c400000, 0x00007f4333670000)
  from space 538880K,   5% used [0x00007f4333670000, 0x00007f4335222b80, 0x00007f43544b0000)
  to   space 538880K,   0% used [0x00007f43544b0000, 0x00007f43544b0000, 0x00007f43752f0000)
 tenured generation   total 10778660K, used 10778620K [0x00007f4781950000, 0x00007f4a13759000, 0x00007f522c400000)
   the space 10778660K,  99% used [0x00007f4781950000, 0x00007f4a1374f250, 0x00007f4a1374f400, 0x00007f4a13759000)
 Metaspace       used 24355K, capacity 24771K, committed 25088K, reserved 26624K
}
Event: 14092.835 GC heap before
{Heap before GC invocations=12074 (full 5):
 def new generation   total 4850368K, used 28362K [0x00007f422c400000, 0x00007f43752f0000, 0x00007f4781950000)
  eden space 4311488K,   0% used [0x00007f422c400000, 0x00007f422c400000, 0x00007f4333670000)
  from space 538880K,   5% used [0x00007f4333670000, 0x00007f4335222b80, 0x00007f43544b0000)
  to   space 538880K,   0% used [0x00007f43544b0000, 0x00007f43544b0000, 0x00007f43752f0000)
 tenured generation   total 10778660K, used 10778620K [0x00007f4781950000, 0x00007f4a13759000, 0x00007f522c400000)
   the space 10778660K,  99% used [0x00007f4781950000, 0x00007f4a1374f250, 0x00007f4a1374f400, 0x00007f4a13759000)
 Metaspace       used 24355K, capacity 24771K, committed 25088K, reserved 26624K
}

