# JRE version: OpenJDK Runtime Environment (13.0.7+5) (build 13.0.7+5-Ubuntu-0ubuntu120.04)
# Java VM: OpenJDK 64-Bit Server VM (13.0.7+5-Ubuntu-0ubuntu120.04, mixed mode, tiered, serial gc, linux-amd64)
Heap:
 def new generation   total 2606208K, used 0K [0x00007fd9dc600000, 0x00007fda8d1e0000, 0x00007fdf31b50000)
  eden space 2316672K,   0% used [0x00007fd9dc600000, 0x00007fd9dc600000, 0x00007fda69c60000)
  from space 289536K,   0% used [0x00007fda69c60000, 0x00007fda69c60000, 0x00007fda7b720000)
  to   space 289536K,   0% used [0x00007fda7b720000, 0x00007fda7b720000, 0x00007fda8d1e0000)
 tenured generation   total 5791460K, used 3159148K [0x00007fdf31b50000, 0x00007fe093309000, 0x00007fe9dc600000)
   the space 5791460K,  54% used [0x00007fdf31b50000, 0x00007fdff286b018, 0x00007fdff286b200, 0x00007fe093309000)
 Metaspace       used 23236K, capacity 23605K, committed 23808K, reserved 24576K
GC Heap History (20 events):
Event: 8.069 GC heap before
{Heap before GC invocations=4 (full 1):
 def new generation   total 629248K, used 417389K [0x00007fd9dc600000, 0x00007fda070c0000, 0x00007fdf31b50000)
  eden space 559360K,  72% used [0x00007fd9dc600000, 0x00007fd9f50abed8, 0x00007fd9fe840000)
  from space 69888K,  18% used [0x00007fda02c80000, 0x00007fda0396f8f8, 0x00007fda070c0000)
  to   space 69888K,   0% used [0x00007fd9fe840000, 0x00007fd9fe840000, 0x00007fda02c80000)
 tenured generation   total 1398144K, used 1193261K [0x00007fdf31b50000, 0x00007fdf870b0000, 0x00007fe9dc600000)
   the space 1398144K,  85% used [0x00007fdf31b50000, 0x00007fdf7a89b760, 0x00007fdf7a89b800, 0x00007fdf870b0000)
 Metaspace       used 23233K, capacity 23605K, committed 23808K, reserved 24576K
}
Event: 8.075 GC heap after
{Heap after GC invocations=5 (full 1):
 def new generation   total 629248K, used 957K [0x00007fd9dc600000, 0x00007fda070c0000, 0x00007fdf31b50000)
  eden space 559360K,   0% used [0x00007fd9dc600000, 0x00007fd9dc600000, 0x00007fd9fe840000)
  from space 69888K,   1% used [0x00007fd9fe840000, 0x00007fd9fe92f620, 0x00007fda02c80000)
  to   space 69888K,   0% used [0x00007fda02c80000, 0x00007fda02c80000, 0x00007fda070c0000)
 tenured generation   total 1398144K, used 1193261K [0x00007fdf31b50000, 0x00007fdf870b0000, 0x00007fe9dc600000)
   the space 1398144K,  85% used [0x00007fdf31b50000, 0x00007fdf7a89b760, 0x00007fdf7a89b800, 0x00007fdf870b0000)
 Metaspace       used 23233K, capacity 23605K, committed 23808K, reserved 24576K
}
Event: 8.075 GC heap before
{Heap before GC invocations=5 (full 1):
 def new generation   total 629248K, used 957K [0x00007fd9dc600000, 0x00007fda070c0000, 0x00007fdf31b50000)
  eden space 559360K,   0% used [0x00007fd9dc600000, 0x00007fd9dc600000, 0x00007fd9fe840000)
  from space 69888K,   1% used [0x00007fd9fe840000, 0x00007fd9fe92f620, 0x00007fda02c80000)
  to   space 69888K,   0% used [0x00007fda02c80000, 0x00007fda02c80000, 0x00007fda070c0000)
 tenured generation   total 1398144K, used 1193261K [0x00007fdf31b50000, 0x00007fdf870b0000, 0x00007fe9dc600000)
   the space 1398144K,  85% used [0x00007fdf31b50000, 0x00007fdf7a89b760, 0x00007fdf7a89b800, 0x00007fdf870b0000)
 Metaspace       used 23233K, capacity 23605K, committed 23808K, reserved 24576K
}
Event: 9.096 GC heap after
{Heap after GC invocations=5 (full 2):
 def new generation   total 629248K, used 0K [0x00007fd9dc600000, 0x00007fda070c0000, 0x00007fdf31b50000)
  eden space 559360K,   0% used [0x00007fd9dc600000, 0x00007fd9dc600000, 0x00007fd9fe840000)
  from space 69888K,   0% used [0x00007fd9fe840000, 0x00007fd9fe840000, 0x00007fda02c80000)
  to   space 69888K,   0% used [0x00007fda02c80000, 0x00007fda02c80000, 0x00007fda070c0000)
 tenured generation   total 1398144K, used 801002K [0x00007fdf31b50000, 0x00007fdf870b0000, 0x00007fe9dc600000)
   the space 1398144K,  57% used [0x00007fdf31b50000, 0x00007fdf6298ab68, 0x00007fdf6298ac00, 0x00007fdf870b0000)
 Metaspace       used 23233K, capacity 23605K, committed 23808K, reserved 24576K
}
Event: 10.082 GC heap before
{Heap before GC invocations=5 (full 2):
 def new generation   total 629248K, used 11018K [0x00007fd9dc600000, 0x00007fda070c0000, 0x00007fdf31b50000)
  eden space 559360K,   1% used [0x00007fd9dc600000, 0x00007fd9dd0c2a38, 0x00007fd9fe840000)
  from space 69888K,   0% used [0x00007fd9fe840000, 0x00007fd9fe840000, 0x00007fda02c80000)
  to   space 69888K,   0% used [0x00007fda02c80000, 0x00007fda02c80000, 0x00007fda070c0000)
 tenured generation   total 2184580K, used 1587434K [0x00007fdf31b50000, 0x00007fdfb70b1000, 0x00007fe9dc600000)
   the space 2184580K,  72% used [0x00007fdf31b50000, 0x00007fdf9298ab80, 0x00007fdf9298ac00, 0x00007fdfb70b1000)
 Metaspace       used 23233K, capacity 23605K, committed 23808K, reserved 24576K
}
Event: 10.085 GC heap after
{Heap after GC invocations=6 (full 2):
 def new generation   total 629248K, used 0K [0x00007fd9dc600000, 0x00007fda070c0000, 0x00007fdf31b50000)
  eden space 559360K,   0% used [0x00007fd9dc600000, 0x00007fd9dc600000, 0x00007fd9fe840000)
  from space 69888K,   0% used [0x00007fda02c80000, 0x00007fda02c80290, 0x00007fda070c0000)
  to   space 69888K,   0% used [0x00007fd9fe840000, 0x00007fd9fe840000, 0x00007fda02c80000)
 tenured generation   total 2184580K, used 1587434K [0x00007fdf31b50000, 0x00007fdfb70b1000, 0x00007fe9dc600000)
   the space 2184580K,  72% used [0x00007fdf31b50000, 0x00007fdf9298ab80, 0x00007fdf9298ac00, 0x00007fdfb70b1000)
 Metaspace       used 23233K, capacity 23605K, committed 23808K, reserved 24576K
}
Event: 10.085 GC heap before
{Heap before GC invocations=6 (full 2):
 def new generation   total 629248K, used 0K [0x00007fd9dc600000, 0x00007fda070c0000, 0x00007fdf31b50000)
  eden space 559360K,   0% used [0x00007fd9dc600000, 0x00007fd9dc600000, 0x00007fd9fe840000)
  from space 69888K,   0% used [0x00007fda02c80000, 0x00007fda02c80290, 0x00007fda070c0000)
  to   space 69888K,   0% used [0x00007fd9fe840000, 0x00007fd9fe840000, 0x00007fda02c80000)
 tenured generation   total 2184580K, used 1587434K [0x00007fdf31b50000, 0x00007fdfb70b1000, 0x00007fe9dc600000)
   the space 2184580K,  72% used [0x00007fdf31b50000, 0x00007fdf9298ab80, 0x00007fdf9298ac00, 0x00007fdfb70b1000)
 Metaspace       used 23233K, capacity 23605K, committed 23808K, reserved 24576K
}
Event: 10.143 GC heap after
{Heap after GC invocations=6 (full 3):
 def new generation   total 1190592K, used 0K [0x00007fd9dc600000, 0x00007fda2d1e0000, 0x00007fdf31b50000)
  eden space 1058304K,   0% used [0x00007fd9dc600000, 0x00007fd9dc600000, 0x00007fda1cf80000)
  from space 132288K,   0% used [0x00007fda1cf80000, 0x00007fda1cf80000, 0x00007fda250b0000)
  to   space 132288K,   0% used [0x00007fda250b0000, 0x00007fda250b0000, 0x00007fda2d1e0000)
 tenured generation   total 2645728K, used 1587435K [0x00007fdf31b50000, 0x00007fdfd3308000, 0x00007fe9dc600000)
   the space 2645728K,  59% used [0x00007fdf31b50000, 0x00007fdf9298ae10, 0x00007fdf9298b000, 0x00007fdfd3308000)
 Metaspace       used 23233K, capacity 23605K, committed 23808K, reserved 24576K
}
Event: 12.225 GC heap before
{Heap before GC invocations=6 (full 3):
 def new generation   total 1190592K, used 938350K [0x00007fd9dc600000, 0x00007fda2d1e0000, 0x00007fdf31b50000)
  eden space 1058304K,  88% used [0x00007fd9dc600000, 0x00007fda15a5bbe0, 0x00007fda1cf80000)
  from space 132288K,   0% used [0x00007fda1cf80000, 0x00007fda1cf80000, 0x00007fda250b0000)
  to   space 132288K,   0% used [0x00007fda250b0000, 0x00007fda250b0000, 0x00007fda2d1e0000)
 tenured generation   total 2645728K, used 1587435K [0x00007fdf31b50000, 0x00007fdfd3308000, 0x00007fe9dc600000)
   the space 2645728K,  59% used [0x00007fdf31b50000, 0x00007fdf9298ae10, 0x00007fdf9298b000, 0x00007fdfd3308000)
 Metaspace       used 23233K, capacity 23605K, committed 23808K, reserved 24576K
}
Event: 12.452 GC heap after
{Heap after GC invocations=7 (full 3):
 def new generation   total 1190592K, used 131073K [0x00007fd9dc600000, 0x00007fda2d1e0000, 0x00007fdf31b50000)
  eden space 1058304K,   0% used [0x00007fd9dc600000, 0x00007fd9dc600000, 0x00007fda1cf80000)
  from space 132288K,  99% used [0x00007fda250b0000, 0x00007fda2d0b0478, 0x00007fda2d1e0000)
  to   space 132288K,   0% used [0x00007fda1cf80000, 0x00007fda1cf80000, 0x00007fda250b0000)
 tenured generation   total 2645728K, used 1587435K [0x00007fdf31b50000, 0x00007fdfd3308000, 0x00007fe9dc600000)
   the space 2645728K,  59% used [0x00007fdf31b50000, 0x00007fdf9298ae10, 0x00007fdf9298b000, 0x00007fdfd3308000)
 Metaspace       used 23233K, capacity 23605K, committed 23808K, reserved 24576K
}
Event: 14.077 GC heap before
{Heap before GC invocations=7 (full 3):
 def new generation   total 1190592K, used 1054127K [0x00007fd9dc600000, 0x00007fda2d1e0000, 0x00007fdf31b50000)
  eden space 1058304K,  87% used [0x00007fd9dc600000, 0x00007fda14b6ba20, 0x00007fda1cf80000)
  from space 132288K,  99% used [0x00007fda250b0000, 0x00007fda2d0b0478, 0x00007fda2d1e0000)
  to   space 132288K,   0% used [0x00007fda1cf80000, 0x00007fda1cf80000, 0x00007fda250b0000)
 tenured generation   total 2645728K, used 1587435K [0x00007fdf31b50000, 0x00007fdfd3308000, 0x00007fe9dc600000)
   the space 2645728K,  59% used [0x00007fdf31b50000, 0x00007fdf9298ae10, 0x00007fdf9298b000, 0x00007fdfd3308000)
 Metaspace       used 23233K, capacity 23605K, committed 23808K, reserved 24576K
}
Event: 15.928 GC heap after
{Heap after GC invocations=8 (full 3):
 def new generation   total 1190592K, used 116924K [0x00007fd9dc600000, 0x00007fda2d1e0000, 0x00007fdf31b50000)
  eden space 1058304K,   0% used [0x00007fd9dc600000, 0x00007fd9dc600000, 0x00007fda1cf80000)
  from space 132288K,  88% used [0x00007fda1cf80000, 0x00007fda241af318, 0x00007fda250b0000)
  to   space 132288K,   0% used [0x00007fda250b0000, 0x00007fda250b0000, 0x00007fda2d1e0000)
 tenured generation   total 2645728K, used 2046188K [0x00007fdf31b50000, 0x00007fdfd3308000, 0x00007fe9dc600000)
   the space 2645728K,  77% used [0x00007fdf31b50000, 0x00007fdfae98b098, 0x00007fdfae98b200, 0x00007fdfd3308000)
 Metaspace       used 23233K, capacity 23605K, committed 23808K, reserved 24576K
}
Event: 16.797 GC heap before
{Heap before GC invocations=8 (full 3):
 def new generation   total 1190592K, used 774874K [0x00007fd9dc600000, 0x00007fda2d1e0000, 0x00007fdf31b50000)
  eden space 1058304K,  62% used [0x00007fd9dc600000, 0x00007fda04887500, 0x00007fda1cf80000)
  from space 132288K,  88% used [0x00007fda1cf80000, 0x00007fda241af318, 0x00007fda250b0000)
  to   space 132288K,   0% used [0x00007fda250b0000, 0x00007fda250b0000, 0x00007fda2d1e0000)
 tenured generation   total 2645728K, used 2046188K [0x00007fdf31b50000, 0x00007fdfd3308000, 0x00007fe9dc600000)
   the space 2645728K,  77% used [0x00007fdf31b50000, 0x00007fdfae98b098, 0x00007fdfae98b200, 0x00007fdfd3308000)
 Metaspace       used 23236K, capacity 23605K, committed 23808K, reserved 24576K
}
Event: 17.054 GC heap after
{Heap after GC invocations=9 (full 3):
 def new generation   total 1190592K, used 4249K [0x00007fd9dc600000, 0x00007fda2d1e0000, 0x00007fdf31b50000)
  eden space 1058304K,   0% used [0x00007fd9dc600000, 0x00007fd9dc600000, 0x00007fda1cf80000)
  from space 132288K,   3% used [0x00007fda250b0000, 0x00007fda254d6748, 0x00007fda2d1e0000)
  to   space 132288K,   0% used [0x00007fda1cf80000, 0x00007fda1cf80000, 0x00007fda250b0000)
 tenured generation   total 2645728K, used 2154865K [0x00007fdf31b50000, 0x00007fdfd3308000, 0x00007fe9dc600000)
   the space 2645728K,  81% used [0x00007fdf31b50000, 0x00007fdfb53ac740, 0x00007fdfb53ac800, 0x00007fdfd3308000)
 Metaspace       used 23236K, capacity 23605K, committed 23808K, reserved 24576K
}
Event: 17.054 GC heap before
{Heap before GC invocations=9 (full 3):
 def new generation   total 1190592K, used 4249K [0x00007fd9dc600000, 0x00007fda2d1e0000, 0x00007fdf31b50000)
  eden space 1058304K,   0% used [0x00007fd9dc600000, 0x00007fd9dc600000, 0x00007fda1cf80000)
  from space 132288K,   3% used [0x00007fda250b0000, 0x00007fda254d6748, 0x00007fda2d1e0000)
  to   space 132288K,   0% used [0x00007fda1cf80000, 0x00007fda1cf80000, 0x00007fda250b0000)
 tenured generation   total 2645728K, used 2154865K [0x00007fdf31b50000, 0x00007fdfd3308000, 0x00007fe9dc600000)
   the space 2645728K,  81% used [0x00007fdf31b50000, 0x00007fdfb53ac740, 0x00007fdfb53ac800, 0x00007fdfd3308000)
 Metaspace       used 23236K, capacity 23605K, committed 23808K, reserved 24576K
}
Event: 17.104 GC heap after
{Heap after GC invocations=9 (full 4):
 def new generation   total 1190592K, used 0K [0x00007fd9dc600000, 0x00007fda2d1e0000, 0x00007fdf31b50000)
  eden space 1058304K,   0% used [0x00007fd9dc600000, 0x00007fd9dc600000, 0x00007fda1cf80000)
  from space 132288K,   0% used [0x00007fda250b0000, 0x00007fda250b0000, 0x00007fda2d1e0000)
  to   space 132288K,   0% used [0x00007fda1cf80000, 0x00007fda1cf80000, 0x00007fda250b0000)
 tenured generation   total 2645728K, used 13419K [0x00007fdf31b50000, 0x00007fdfd3308000, 0x00007fe9dc600000)
   the space 2645728K,   0% used [0x00007fdf31b50000, 0x00007fdf3286af48, 0x00007fdf3286b000, 0x00007fdfd3308000)
 Metaspace       used 23236K, capacity 23605K, committed 23808K, reserved 24576K
}
Event: 21.219 GC heap before
{Heap before GC invocations=9 (full 4):
 def new generation   total 1190592K, used 20861K [0x00007fd9dc600000, 0x00007fda2d1e0000, 0x00007fdf31b50000)
  eden space 1058304K,   1% used [0x00007fd9dc600000, 0x00007fd9dda5f790, 0x00007fda1cf80000)
  from space 132288K,   0% used [0x00007fda250b0000, 0x00007fda250b0000, 0x00007fda2d1e0000)
  to   space 132288K,   0% used [0x00007fda1cf80000, 0x00007fda1cf80000, 0x00007fda250b0000)
 tenured generation   total 5791460K, used 3159147K [0x00007fdf31b50000, 0x00007fe093309000, 0x00007fe9dc600000)
   the space 5791460K,  54% used [0x00007fdf31b50000, 0x00007fdff286af60, 0x00007fdff286b000, 0x00007fe093309000)
 Metaspace       used 23236K, capacity 23605K, committed 23808K, reserved 24576K
}
Event: 21.223 GC heap after
{Heap after GC invocations=10 (full 4):
 def new generation   total 1190592K, used 0K [0x00007fd9dc600000, 0x00007fda2d1e0000, 0x00007fdf31b50000)
  eden space 1058304K,   0% used [0x00007fd9dc600000, 0x00007fd9dc600000, 0x00007fda1cf80000)
  from space 132288K,   0% used [0x00007fda1cf80000, 0x00007fda1cf800b8, 0x00007fda250b0000)
  to   space 132288K,   0% used [0x00007fda250b0000, 0x00007fda250b0000, 0x00007fda2d1e0000)
 tenured generation   total 5791460K, used 3159147K [0x00007fdf31b50000, 0x00007fe093309000, 0x00007fe9dc600000)
   the space 5791460K,  54% used [0x00007fdf31b50000, 0x00007fdff286af60, 0x00007fdff286b000, 0x00007fe093309000)
 Metaspace       used 23236K, capacity 23605K, committed 23808K, reserved 24576K
}
Event: 21.223 GC heap before
{Heap before GC invocations=10 (full 4):
 def new generation   total 1190592K, used 0K [0x00007fd9dc600000, 0x00007fda2d1e0000, 0x00007fdf31b50000)
  eden space 1058304K,   0% used [0x00007fd9dc600000, 0x00007fd9dc600000, 0x00007fda1cf80000)
  from space 132288K,   0% used [0x00007fda1cf80000, 0x00007fda1cf800b8, 0x00007fda250b0000)
  to   space 132288K,   0% used [0x00007fda250b0000, 0x00007fda250b0000, 0x00007fda2d1e0000)
 tenured generation   total 5791460K, used 3159147K [0x00007fdf31b50000, 0x00007fe093309000, 0x00007fe9dc600000)
   the space 5791460K,  54% used [0x00007fdf31b50000, 0x00007fdff286af60, 0x00007fdff286b000, 0x00007fe093309000)
 Metaspace       used 23236K, capacity 23605K, committed 23808K, reserved 24576K
}
Event: 21.884 GC heap after
{Heap after GC invocations=10 (full 5):
 def new generation   total 2606208K, used 0K [0x00007fd9dc600000, 0x00007fda8d1e0000, 0x00007fdf31b50000)
  eden space 2316672K,   0% used [0x00007fd9dc600000, 0x00007fd9dc600000, 0x00007fda69c60000)
  from space 289536K,   0% used [0x00007fda69c60000, 0x00007fda69c60000, 0x00007fda7b720000)
  to   space 289536K,   0% used [0x00007fda7b720000, 0x00007fda7b720000, 0x00007fda8d1e0000)
 tenured generation   total 5791460K, used 3159148K [0x00007fdf31b50000, 0x00007fe093309000, 0x00007fe9dc600000)
   the space 5791460K,  54% used [0x00007fdf31b50000, 0x00007fdff286b018, 0x00007fdff286b200, 0x00007fe093309000)
 Metaspace       used 23236K, capacity 23605K, committed 23808K, reserved 24576K
}

