# JRE version: OpenJDK Runtime Environment (13.0.7+5) (build 13.0.7+5-Ubuntu-0ubuntu120.04)
# Java VM: OpenJDK 64-Bit Server VM (13.0.7+5-Ubuntu-0ubuntu120.04, mixed mode, tiered, serial gc, linux-amd64)
Heap:
 def new generation   total 4676416K, used 17666K [0x00007f0104600000, 0x00007f0241830000, 0x00007f0baf0a0000)
  eden space 4156864K,   0% used [0x00007f0104600000, 0x00007f0105740b10, 0x00007f0202170000)
  from space 519552K,   0% used [0x00007f0202170000, 0x00007f0202170000, 0x00007f0221cd0000)
  to   space 519552K,   0% used [0x00007f0221cd0000, 0x00007f0221cd0000, 0x00007f0241830000)
 tenured generation   total 10408236K, used 10403673K [0x00007f0baf0a0000, 0x00007f0e2a4eb000, 0x00007f2104600000)
   the space 10408236K,  99% used [0x00007f0baf0a0000, 0x00007f0e2a076708, 0x00007f0e2a076800, 0x00007f0e2a4eb000)
 Metaspace       used 24250K, capacity 24646K, committed 24832K, reserved 26624K
GC Heap History (20 events):
Event: 2489.538 GC heap after
{Heap after GC invocations=1684 (full 7):
 def new generation   total 4676416K, used 271839K [0x00007f0104600000, 0x00007f0241830000, 0x00007f0baf0a0000)
  eden space 4156864K,   0% used [0x00007f0104600000, 0x00007f0104600000, 0x00007f0202170000)
  from space 519552K,  52% used [0x00007f0221cd0000, 0x00007f0232647ef0, 0x00007f0241830000)
  to   space 519552K,   0% used [0x00007f0202170000, 0x00007f0202170000, 0x00007f0221cd0000)
 tenured generation   total 10391848K, used 10249241K [0x00007f0baf0a0000, 0x00007f0e294ea000, 0x00007f2104600000)
   the space 10391848K,  98% used [0x00007f0baf0a0000, 0x00007f0e209a6428, 0x00007f0e209a6600, 0x00007f0e294ea000)
 Metaspace       used 24250K, capacity 24646K, committed 24832K, reserved 26624K
}
Event: 2493.753 GC heap before
{Heap before GC invocations=1684 (full 7):
 def new generation   total 4676416K, used 4428703K [0x00007f0104600000, 0x00007f0241830000, 0x00007f0baf0a0000)
  eden space 4156864K, 100% used [0x00007f0104600000, 0x00007f0202170000, 0x00007f0202170000)
  from space 519552K,  52% used [0x00007f0221cd0000, 0x00007f0232647ef0, 0x00007f0241830000)
  to   space 519552K,   0% used [0x00007f0202170000, 0x00007f0202170000, 0x00007f0221cd0000)
 tenured generation   total 10391848K, used 10249241K [0x00007f0baf0a0000, 0x00007f0e294ea000, 0x00007f2104600000)
   the space 10391848K,  98% used [0x00007f0baf0a0000, 0x00007f0e209a6428, 0x00007f0e209a6600, 0x00007f0e294ea000)
 Metaspace       used 24250K, capacity 24646K, committed 24832K, reserved 26624K
}
Event: 2493.935 GC heap after
{Heap after GC invocations=1685 (full 7):
 def new generation   total 4676416K, used 268756K [0x00007f0104600000, 0x00007f0241830000, 0x00007f0baf0a0000)
  eden space 4156864K,   0% used [0x00007f0104600000, 0x00007f0104600000, 0x00007f0202170000)
  from space 519552K,  51% used [0x00007f0202170000, 0x00007f02127e5238, 0x00007f0221cd0000)
  to   space 519552K,   0% used [0x00007f0221cd0000, 0x00007f0221cd0000, 0x00007f0241830000)
 tenured generation   total 10391848K, used 10266199K [0x00007f0baf0a0000, 0x00007f0e294ea000, 0x00007f2104600000)
   the space 10391848K,  98% used [0x00007f0baf0a0000, 0x00007f0e21a35fa0, 0x00007f0e21a36000, 0x00007f0e294ea000)
 Metaspace       used 24250K, capacity 24646K, committed 24832K, reserved 26624K
}
Event: 2498.070 GC heap before
{Heap before GC invocations=1685 (full 7):
 def new generation   total 4676416K, used 4425620K [0x00007f0104600000, 0x00007f0241830000, 0x00007f0baf0a0000)
  eden space 4156864K, 100% used [0x00007f0104600000, 0x00007f0202170000, 0x00007f0202170000)
  from space 519552K,  51% used [0x00007f0202170000, 0x00007f02127e5238, 0x00007f0221cd0000)
  to   space 519552K,   0% used [0x00007f0221cd0000, 0x00007f0221cd0000, 0x00007f0241830000)
 tenured generation   total 10391848K, used 10266199K [0x00007f0baf0a0000, 0x00007f0e294ea000, 0x00007f2104600000)
   the space 10391848K,  98% used [0x00007f0baf0a0000, 0x00007f0e21a35fa0, 0x00007f0e21a36000, 0x00007f0e294ea000)
 Metaspace       used 24250K, capacity 24646K, committed 24832K, reserved 26624K
}
Event: 2498.264 GC heap after
{Heap after GC invocations=1686 (full 7):
 def new generation   total 4676416K, used 267219K [0x00007f0104600000, 0x00007f0241830000, 0x00007f0baf0a0000)
  eden space 4156864K,   0% used [0x00007f0104600000, 0x00007f0104600000, 0x00007f0202170000)
  from space 519552K,  51% used [0x00007f0221cd0000, 0x00007f02321c4df8, 0x00007f0241830000)
  to   space 519552K,   0% used [0x00007f0202170000, 0x00007f0202170000, 0x00007f0221cd0000)
 tenured generation   total 10391848K, used 10283158K [0x00007f0baf0a0000, 0x00007f0e294ea000, 0x00007f2104600000)
   the space 10391848K,  98% used [0x00007f0baf0a0000, 0x00007f0e22ac5b18, 0x00007f0e22ac5c00, 0x00007f0e294ea000)
 Metaspace       used 24250K, capacity 24646K, committed 24832K, reserved 26624K
}
Event: 2502.512 GC heap before
{Heap before GC invocations=1686 (full 7):
 def new generation   total 4676416K, used 4424083K [0x00007f0104600000, 0x00007f0241830000, 0x00007f0baf0a0000)
  eden space 4156864K, 100% used [0x00007f0104600000, 0x00007f0202170000, 0x00007f0202170000)
  from space 519552K,  51% used [0x00007f0221cd0000, 0x00007f02321c4df8, 0x00007f0241830000)
  to   space 519552K,   0% used [0x00007f0202170000, 0x00007f0202170000, 0x00007f0221cd0000)
 tenured generation   total 10391848K, used 10283158K [0x00007f0baf0a0000, 0x00007f0e294ea000, 0x00007f2104600000)
   the space 10391848K,  98% used [0x00007f0baf0a0000, 0x00007f0e22ac5b18, 0x00007f0e22ac5c00, 0x00007f0e294ea000)
 Metaspace       used 24250K, capacity 24646K, committed 24832K, reserved 26624K
}
Event: 2502.698 GC heap after
{Heap after GC invocations=1687 (full 7):
 def new generation   total 4676416K, used 271864K [0x00007f0104600000, 0x00007f0241830000, 0x00007f0baf0a0000)
  eden space 4156864K,   0% used [0x00007f0104600000, 0x00007f0104600000, 0x00007f0202170000)
  from space 519552K,  52% used [0x00007f0202170000, 0x00007f0212aee250, 0x00007f0221cd0000)
  to   space 519552K,   0% used [0x00007f0221cd0000, 0x00007f0221cd0000, 0x00007f0241830000)
 tenured generation   total 10391848K, used 10300117K [0x00007f0baf0a0000, 0x00007f0e294ea000, 0x00007f2104600000)
   the space 10391848K,  99% used [0x00007f0baf0a0000, 0x00007f0e23b55690, 0x00007f0e23b55800, 0x00007f0e294ea000)
 Metaspace       used 24250K, capacity 24646K, committed 24832K, reserved 26624K
}
Event: 2507.011 GC heap before
{Heap before GC invocations=1687 (full 7):
 def new generation   total 4676416K, used 4428728K [0x00007f0104600000, 0x00007f0241830000, 0x00007f0baf0a0000)
  eden space 4156864K, 100% used [0x00007f0104600000, 0x00007f0202170000, 0x00007f0202170000)
  from space 519552K,  52% used [0x00007f0202170000, 0x00007f0212aee250, 0x00007f0221cd0000)
  to   space 519552K,   0% used [0x00007f0221cd0000, 0x00007f0221cd0000, 0x00007f0241830000)
 tenured generation   total 10391848K, used 10300117K [0x00007f0baf0a0000, 0x00007f0e294ea000, 0x00007f2104600000)
   the space 10391848K,  99% used [0x00007f0baf0a0000, 0x00007f0e23b55690, 0x00007f0e23b55800, 0x00007f0e294ea000)
 Metaspace       used 24250K, capacity 24646K, committed 24832K, reserved 26624K
}
Event: 2507.189 GC heap after
{Heap after GC invocations=1688 (full 7):
 def new generation   total 4676416K, used 268798K [0x00007f0104600000, 0x00007f0241830000, 0x00007f0baf0a0000)
  eden space 4156864K,   0% used [0x00007f0104600000, 0x00007f0104600000, 0x00007f0202170000)
  from space 519552K,  51% used [0x00007f0221cd0000, 0x00007f023234fae8, 0x00007f0241830000)
  to   space 519552K,   0% used [0x00007f0202170000, 0x00007f0202170000, 0x00007f0221cd0000)
 tenured generation   total 10391848K, used 10317076K [0x00007f0baf0a0000, 0x00007f0e294ea000, 0x00007f2104600000)
   the space 10391848K,  99% used [0x00007f0baf0a0000, 0x00007f0e24be5208, 0x00007f0e24be5400, 0x00007f0e294ea000)
 Metaspace       used 24250K, capacity 24646K, committed 24832K, reserved 26624K
}
Event: 2511.486 GC heap before
{Heap before GC invocations=1688 (full 7):
 def new generation   total 4676416K, used 4425662K [0x00007f0104600000, 0x00007f0241830000, 0x00007f0baf0a0000)
  eden space 4156864K, 100% used [0x00007f0104600000, 0x00007f0202170000, 0x00007f0202170000)
  from space 519552K,  51% used [0x00007f0221cd0000, 0x00007f023234fae8, 0x00007f0241830000)
  to   space 519552K,   0% used [0x00007f0202170000, 0x00007f0202170000, 0x00007f0221cd0000)
 tenured generation   total 10391848K, used 10317076K [0x00007f0baf0a0000, 0x00007f0e294ea000, 0x00007f2104600000)
   the space 10391848K,  99% used [0x00007f0baf0a0000, 0x00007f0e24be5208, 0x00007f0e24be5400, 0x00007f0e294ea000)
 Metaspace       used 24250K, capacity 24646K, committed 24832K, reserved 26624K
}
Event: 2511.680 GC heap after
{Heap after GC invocations=1689 (full 7):
 def new generation   total 4676416K, used 266740K [0x00007f0104600000, 0x00007f0241830000, 0x00007f0baf0a0000)
  eden space 4156864K,   0% used [0x00007f0104600000, 0x00007f0104600000, 0x00007f0202170000)
  from space 519552K,  51% used [0x00007f0202170000, 0x00007f02125ed1e8, 0x00007f0221cd0000)
  to   space 519552K,   0% used [0x00007f0221cd0000, 0x00007f0221cd0000, 0x00007f0241830000)
 tenured generation   total 10391848K, used 10334035K [0x00007f0baf0a0000, 0x00007f0e294ea000, 0x00007f2104600000)
   the space 10391848K,  99% used [0x00007f0baf0a0000, 0x00007f0e25c74d80, 0x00007f0e25c74e00, 0x00007f0e294ea000)
 Metaspace       used 24250K, capacity 24646K, committed 24832K, reserved 26624K
}
Event: 2515.870 GC heap before
{Heap before GC invocations=1689 (full 7):
 def new generation   total 4676416K, used 4423604K [0x00007f0104600000, 0x00007f0241830000, 0x00007f0baf0a0000)
  eden space 4156864K, 100% used [0x00007f0104600000, 0x00007f0202170000, 0x00007f0202170000)
  from space 519552K,  51% used [0x00007f0202170000, 0x00007f02125ed1e8, 0x00007f0221cd0000)
  to   space 519552K,   0% used [0x00007f0221cd0000, 0x00007f0221cd0000, 0x00007f0241830000)
 tenured generation   total 10391848K, used 10334035K [0x00007f0baf0a0000, 0x00007f0e294ea000, 0x00007f2104600000)
   the space 10391848K,  99% used [0x00007f0baf0a0000, 0x00007f0e25c74d80, 0x00007f0e25c74e00, 0x00007f0e294ea000)
 Metaspace       used 24250K, capacity 24646K, committed 24832K, reserved 26624K
}
Event: 2516.121 GC heap after
{Heap after GC invocations=1690 (full 7):
 def new generation   total 4676416K, used 273388K [0x00007f0104600000, 0x00007f0241830000, 0x00007f0baf0a0000)
  eden space 4156864K,   0% used [0x00007f0104600000, 0x00007f0104600000, 0x00007f0202170000)
  from space 519552K,  52% used [0x00007f0221cd0000, 0x00007f02327cb038, 0x00007f0241830000)
  to   space 519552K,   0% used [0x00007f0202170000, 0x00007f0202170000, 0x00007f0221cd0000)
 tenured generation   total 10391848K, used 10350994K [0x00007f0baf0a0000, 0x00007f0e294ea000, 0x00007f2104600000)
   the space 10391848K,  99% used [0x00007f0baf0a0000, 0x00007f0e26d048f8, 0x00007f0e26d04a00, 0x00007f0e294ea000)
 Metaspace       used 24250K, capacity 24646K, committed 24832K, reserved 26624K
}
Event: 2520.300 GC heap before
{Heap before GC invocations=1690 (full 7):
 def new generation   total 4676416K, used 4430252K [0x00007f0104600000, 0x00007f0241830000, 0x00007f0baf0a0000)
  eden space 4156864K, 100% used [0x00007f0104600000, 0x00007f0202170000, 0x00007f0202170000)
  from space 519552K,  52% used [0x00007f0221cd0000, 0x00007f02327cb038, 0x00007f0241830000)
  to   space 519552K,   0% used [0x00007f0202170000, 0x00007f0202170000, 0x00007f0221cd0000)
 tenured generation   total 10391848K, used 10350994K [0x00007f0baf0a0000, 0x00007f0e294ea000, 0x00007f2104600000)
   the space 10391848K,  99% used [0x00007f0baf0a0000, 0x00007f0e26d048f8, 0x00007f0e26d04a00, 0x00007f0e294ea000)
 Metaspace       used 24250K, capacity 24646K, committed 24832K, reserved 26624K
}
Event: 2520.600 GC heap after
{Heap after GC invocations=1691 (full 7):
 def new generation   total 4676416K, used 254876K [0x00007f0104600000, 0x00007f0241830000, 0x00007f0baf0a0000)
  eden space 4156864K,   0% used [0x00007f0104600000, 0x00007f0104600000, 0x00007f0202170000)
  from space 519552K,  49% used [0x00007f0202170000, 0x00007f0211a571c0, 0x00007f0221cd0000)
  to   space 519552K,   0% used [0x00007f0221cd0000, 0x00007f0221cd0000, 0x00007f0241830000)
 tenured generation   total 10391848K, used 10367953K [0x00007f0baf0a0000, 0x00007f0e294ea000, 0x00007f2104600000)
   the space 10391848K,  99% used [0x00007f0baf0a0000, 0x00007f0e27d94470, 0x00007f0e27d94600, 0x00007f0e294ea000)
 Metaspace       used 24250K, capacity 24646K, committed 24832K, reserved 26624K
}
Event: 2524.896 GC heap before
{Heap before GC invocations=1691 (full 7):
 def new generation   total 4676416K, used 4411740K [0x00007f0104600000, 0x00007f0241830000, 0x00007f0baf0a0000)
  eden space 4156864K, 100% used [0x00007f0104600000, 0x00007f0202170000, 0x00007f0202170000)
  from space 519552K,  49% used [0x00007f0202170000, 0x00007f0211a571c0, 0x00007f0221cd0000)
  to   space 519552K,   0% used [0x00007f0221cd0000, 0x00007f0221cd0000, 0x00007f0241830000)
 tenured generation   total 10391848K, used 10367953K [0x00007f0baf0a0000, 0x00007f0e294ea000, 0x00007f2104600000)
   the space 10391848K,  99% used [0x00007f0baf0a0000, 0x00007f0e27d94470, 0x00007f0e27d94600, 0x00007f0e294ea000)
 Metaspace       used 24250K, capacity 24646K, committed 24832K, reserved 26624K
}
Event: 2525.077 GC heap after
{Heap after GC invocations=1692 (full 7):
 def new generation   total 4676416K, used 254383K [0x00007f0104600000, 0x00007f0241830000, 0x00007f0baf0a0000)
  eden space 4156864K,   0% used [0x00007f0104600000, 0x00007f0104600000, 0x00007f0202170000)
  from space 519552K,  48% used [0x00007f0221cd0000, 0x00007f023153bc68, 0x00007f0241830000)
  to   space 519552K,   0% used [0x00007f0202170000, 0x00007f0202170000, 0x00007f0221cd0000)
 tenured generation   total 10391848K, used 10384911K [0x00007f0baf0a0000, 0x00007f0e294ea000, 0x00007f2104600000)
   the space 10391848K,  99% used [0x00007f0baf0a0000, 0x00007f0e28e23fe8, 0x00007f0e28e24000, 0x00007f0e294ea000)
 Metaspace       used 24250K, capacity 24646K, committed 24832K, reserved 26624K
}
Event: 2529.338 GC heap before
{Heap before GC invocations=1692 (full 7):
 def new generation   total 4676416K, used 4411247K [0x00007f0104600000, 0x00007f0241830000, 0x00007f0baf0a0000)
  eden space 4156864K, 100% used [0x00007f0104600000, 0x00007f0202170000, 0x00007f0202170000)
  from space 519552K,  48% used [0x00007f0221cd0000, 0x00007f023153bc68, 0x00007f0241830000)
  to   space 519552K,   0% used [0x00007f0202170000, 0x00007f0202170000, 0x00007f0221cd0000)
 tenured generation   total 10391848K, used 10384911K [0x00007f0baf0a0000, 0x00007f0e294ea000, 0x00007f2104600000)
   the space 10391848K,  99% used [0x00007f0baf0a0000, 0x00007f0e28e23fe8, 0x00007f0e28e24000, 0x00007f0e294ea000)
 Metaspace       used 24250K, capacity 24646K, committed 24832K, reserved 26624K
}
Event: 2529.502 GC heap after
{Heap after GC invocations=1693 (full 7):
 def new generation   total 4676416K, used 254369K [0x00007f0104600000, 0x00007f0241830000, 0x00007f0baf0a0000)
  eden space 4156864K,   0% used [0x00007f0104600000, 0x00007f0104600000, 0x00007f0202170000)
  from space 519552K,  48% used [0x00007f0202170000, 0x00007f02119d84e0, 0x00007f0221cd0000)
  to   space 519552K,   0% used [0x00007f0221cd0000, 0x00007f0221cd0000, 0x00007f0241830000)
 tenured generation   total 10408236K, used 10401870K [0x00007f0baf0a0000, 0x00007f0e2a4eb000, 0x00007f2104600000)
   the space 10408236K,  99% used [0x00007f0baf0a0000, 0x00007f0e29eb3b60, 0x00007f0e29eb3c00, 0x00007f0e2a4eb000)
 Metaspace       used 24250K, capacity 24646K, committed 24832K, reserved 26624K
}
Event: 2529.502 GC heap before
{Heap before GC invocations=1693 (full 7):
 def new generation   total 4676416K, used 254369K [0x00007f0104600000, 0x00007f0241830000, 0x00007f0baf0a0000)
  eden space 4156864K,   0% used [0x00007f0104600000, 0x00007f0104600000, 0x00007f0202170000)
  from space 519552K,  48% used [0x00007f0202170000, 0x00007f02119d84e0, 0x00007f0221cd0000)
  to   space 519552K,   0% used [0x00007f0221cd0000, 0x00007f0221cd0000, 0x00007f0241830000)
 tenured generation   total 10408236K, used 10401870K [0x00007f0baf0a0000, 0x00007f0e2a4eb000, 0x00007f2104600000)
   the space 10408236K,  99% used [0x00007f0baf0a0000, 0x00007f0e29eb3b60, 0x00007f0e29eb3c00, 0x00007f0e2a4eb000)
 Metaspace       used 24250K, capacity 24646K, committed 24832K, reserved 26624K
}

