# JRE version: OpenJDK Runtime Environment (13.0.7+5) (build 13.0.7+5-Ubuntu-0ubuntu120.04)
# Java VM: OpenJDK 64-Bit Server VM (13.0.7+5-Ubuntu-0ubuntu120.04, mixed mode, tiered, compressed oops, serial gc, linux-amd64)
Heap:
 def new generation   total 2374912K, used 0K [0x0000000080200000, 0x00000001212f0000, 0x0000000300150000)
  eden space 2111040K,   0% used [0x0000000080200000, 0x0000000080200000, 0x0000000100f90000)
  from space 263872K,   0% used [0x0000000111140000, 0x0000000111140000, 0x00000001212f0000)
  to   space 263872K,   0% used [0x0000000100f90000, 0x0000000100f90000, 0x0000000111140000)
 tenured generation   total 5379912K, used 3986226K [0x0000000300150000, 0x0000000448722000, 0x0000000800000000)
   the space 5379912K,  74% used [0x0000000300150000, 0x00000003f361cba8, 0x00000003f361cc00, 0x0000000448722000)
 Metaspace       used 22770K, capacity 23360K, committed 23680K, reserved 1071104K
  class space    used 2354K, capacity 2568K, committed 2688K, reserved 1048576K
GC Heap History (20 events):
Event: 708.546 GC heap after
{Heap after GC invocations=769 (full 24):
 def new generation   total 2374912K, used 218332K [0x0000000080200000, 0x00000001212f0000, 0x0000000300150000)
  eden space 2111040K,   0% used [0x0000000080200000, 0x0000000080200000, 0x0000000100f90000)
  from space 263872K,  82% used [0x0000000100f90000, 0x000000010e4c7288, 0x0000000111140000)
  to   space 263872K,   0% used [0x0000000111140000, 0x0000000111140000, 0x00000001212f0000)
 tenured generation   total 5277476K, used 4976245K [0x0000000300150000, 0x0000000442319000, 0x0000000800000000)
   the space 5277476K,  94% used [0x0000000300150000, 0x000000042fced690, 0x000000042fced800, 0x0000000442319000)
 Metaspace       used 22769K, capacity 23360K, committed 23680K, reserved 1071104K
  class space    used 2354K, capacity 2568K, committed 2688K, reserved 1048576K
}
Event: 709.835 GC heap before
{Heap before GC invocations=769 (full 24):
 def new generation   total 2374912K, used 2329372K [0x0000000080200000, 0x00000001212f0000, 0x0000000300150000)
  eden space 2111040K, 100% used [0x0000000080200000, 0x0000000100f90000, 0x0000000100f90000)
  from space 263872K,  82% used [0x0000000100f90000, 0x000000010e4c7288, 0x0000000111140000)
  to   space 263872K,   0% used [0x0000000111140000, 0x0000000111140000, 0x00000001212f0000)
 tenured generation   total 5277476K, used 4976245K [0x0000000300150000, 0x0000000442319000, 0x0000000800000000)
   the space 5277476K,  94% used [0x0000000300150000, 0x000000042fced690, 0x000000042fced800, 0x0000000442319000)
 Metaspace       used 22769K, capacity 23360K, committed 23680K, reserved 1071104K
  class space    used 2354K, capacity 2568K, committed 2688K, reserved 1048576K
}
Event: 709.856 GC heap after
{Heap after GC invocations=770 (full 24):
 def new generation   total 2374912K, used 72745K [0x0000000080200000, 0x00000001212f0000, 0x0000000300150000)
  eden space 2111040K,   0% used [0x0000000080200000, 0x0000000080200000, 0x0000000100f90000)
  from space 263872K,  27% used [0x0000000111140000, 0x000000011584a5b0, 0x00000001212f0000)
  to   space 263872K,   0% used [0x0000000100f90000, 0x0000000100f90000, 0x0000000111140000)
 tenured generation   total 5277476K, used 4993196K [0x0000000300150000, 0x0000000442319000, 0x0000000800000000)
   the space 5277476K,  94% used [0x0000000300150000, 0x0000000430d7b260, 0x0000000430d7b400, 0x0000000442319000)
 Metaspace       used 22769K, capacity 23360K, committed 23680K, reserved 1071104K
  class space    used 2354K, capacity 2568K, committed 2688K, reserved 1048576K
}
Event: 711.158 GC heap before
{Heap before GC invocations=770 (full 24):
 def new generation   total 2374912K, used 2183785K [0x0000000080200000, 0x00000001212f0000, 0x0000000300150000)
  eden space 2111040K, 100% used [0x0000000080200000, 0x0000000100f90000, 0x0000000100f90000)
  from space 263872K,  27% used [0x0000000111140000, 0x000000011584a5b0, 0x00000001212f0000)
  to   space 263872K,   0% used [0x0000000100f90000, 0x0000000100f90000, 0x0000000111140000)
 tenured generation   total 5277476K, used 4993196K [0x0000000300150000, 0x0000000442319000, 0x0000000800000000)
   the space 5277476K,  94% used [0x0000000300150000, 0x0000000430d7b260, 0x0000000430d7b400, 0x0000000442319000)
 Metaspace       used 22769K, capacity 23360K, committed 23680K, reserved 1071104K
  class space    used 2354K, capacity 2568K, committed 2688K, reserved 1048576K
}
Event: 711.222 GC heap after
{Heap after GC invocations=771 (full 24):
 def new generation   total 2374912K, used 198649K [0x0000000080200000, 0x00000001212f0000, 0x0000000300150000)
  eden space 2111040K,   0% used [0x0000000080200000, 0x0000000080200000, 0x0000000100f90000)
  from space 263872K,  75% used [0x0000000100f90000, 0x000000010d18e7e0, 0x0000000111140000)
  to   space 263872K,   0% used [0x0000000111140000, 0x0000000111140000, 0x00000001212f0000)
 tenured generation   total 5277476K, used 4993196K [0x0000000300150000, 0x0000000442319000, 0x0000000800000000)
   the space 5277476K,  94% used [0x0000000300150000, 0x0000000430d7b260, 0x0000000430d7b400, 0x0000000442319000)
 Metaspace       used 22769K, capacity 23360K, committed 23680K, reserved 1071104K
  class space    used 2354K, capacity 2568K, committed 2688K, reserved 1048576K
}
Event: 712.507 GC heap before
{Heap before GC invocations=771 (full 24):
 def new generation   total 2374912K, used 2309689K [0x0000000080200000, 0x00000001212f0000, 0x0000000300150000)
  eden space 2111040K, 100% used [0x0000000080200000, 0x0000000100f90000, 0x0000000100f90000)
  from space 263872K,  75% used [0x0000000100f90000, 0x000000010d18e7e0, 0x0000000111140000)
  to   space 263872K,   0% used [0x0000000111140000, 0x0000000111140000, 0x00000001212f0000)
 tenured generation   total 5277476K, used 4993196K [0x0000000300150000, 0x0000000442319000, 0x0000000800000000)
   the space 5277476K,  94% used [0x0000000300150000, 0x0000000430d7b260, 0x0000000430d7b400, 0x0000000442319000)
 Metaspace       used 22770K, capacity 23360K, committed 23680K, reserved 1071104K
  class space    used 2354K, capacity 2568K, committed 2688K, reserved 1048576K
}
Event: 712.522 GC heap after
{Heap after GC invocations=772 (full 24):
 def new generation   total 2374912K, used 54086K [0x0000000080200000, 0x00000001212f0000, 0x0000000300150000)
  eden space 2111040K,   0% used [0x0000000080200000, 0x0000000080200000, 0x0000000100f90000)
  from space 263872K,  20% used [0x0000000111140000, 0x0000000114611b58, 0x00000001212f0000)
  to   space 263872K,   0% used [0x0000000100f90000, 0x0000000100f90000, 0x0000000111140000)
 tenured generation   total 5277476K, used 5010147K [0x0000000300150000, 0x0000000442319000, 0x0000000800000000)
   the space 5277476K,  94% used [0x0000000300150000, 0x0000000431e08e30, 0x0000000431e09000, 0x0000000442319000)
 Metaspace       used 22770K, capacity 23360K, committed 23680K, reserved 1071104K
  class space    used 2354K, capacity 2568K, committed 2688K, reserved 1048576K
}
Event: 713.820 GC heap before
{Heap before GC invocations=772 (full 24):
 def new generation   total 2374912K, used 2165126K [0x0000000080200000, 0x00000001212f0000, 0x0000000300150000)
  eden space 2111040K, 100% used [0x0000000080200000, 0x0000000100f90000, 0x0000000100f90000)
  from space 263872K,  20% used [0x0000000111140000, 0x0000000114611b58, 0x00000001212f0000)
  to   space 263872K,   0% used [0x0000000100f90000, 0x0000000100f90000, 0x0000000111140000)
 tenured generation   total 5277476K, used 5010147K [0x0000000300150000, 0x0000000442319000, 0x0000000800000000)
   the space 5277476K,  94% used [0x0000000300150000, 0x0000000431e08e30, 0x0000000431e09000, 0x0000000442319000)
 Metaspace       used 22770K, capacity 23360K, committed 23680K, reserved 1071104K
  class space    used 2354K, capacity 2568K, committed 2688K, reserved 1048576K
}
Event: 713.861 GC heap after
{Heap after GC invocations=773 (full 24):
 def new generation   total 2374912K, used 179991K [0x0000000080200000, 0x00000001212f0000, 0x0000000300150000)
  eden space 2111040K,   0% used [0x0000000080200000, 0x0000000080200000, 0x0000000100f90000)
  from space 263872K,  68% used [0x0000000100f90000, 0x000000010bf55d88, 0x0000000111140000)
  to   space 263872K,   0% used [0x0000000111140000, 0x0000000111140000, 0x00000001212f0000)
 tenured generation   total 5277476K, used 5010147K [0x0000000300150000, 0x0000000442319000, 0x0000000800000000)
   the space 5277476K,  94% used [0x0000000300150000, 0x0000000431e08e30, 0x0000000431e09000, 0x0000000442319000)
 Metaspace       used 22770K, capacity 23360K, committed 23680K, reserved 1071104K
  class space    used 2354K, capacity 2568K, committed 2688K, reserved 1048576K
}
Event: 715.171 GC heap before
{Heap before GC invocations=773 (full 24):
 def new generation   total 2374912K, used 2291031K [0x0000000080200000, 0x00000001212f0000, 0x0000000300150000)
  eden space 2111040K, 100% used [0x0000000080200000, 0x0000000100f90000, 0x0000000100f90000)
  from space 263872K,  68% used [0x0000000100f90000, 0x000000010bf55d88, 0x0000000111140000)
  to   space 263872K,   0% used [0x0000000111140000, 0x0000000111140000, 0x00000001212f0000)
 tenured generation   total 5277476K, used 5010147K [0x0000000300150000, 0x0000000442319000, 0x0000000800000000)
   the space 5277476K,  94% used [0x0000000300150000, 0x0000000431e08e30, 0x0000000431e09000, 0x0000000442319000)
 Metaspace       used 22770K, capacity 23360K, committed 23680K, reserved 1071104K
  class space    used 2354K, capacity 2568K, committed 2688K, reserved 1048576K
}
Event: 715.251 GC heap after
{Heap after GC invocations=774 (full 24):
 def new generation   total 2374912K, used 263621K [0x0000000080200000, 0x00000001212f0000, 0x0000000300150000)
  eden space 2111040K,   0% used [0x0000000080200000, 0x0000000080200000, 0x0000000100f90000)
  from space 263872K,  99% used [0x0000000111140000, 0x00000001212b1530, 0x00000001212f0000)
  to   space 263872K,   0% used [0x0000000100f90000, 0x0000000100f90000, 0x0000000111140000)
 tenured generation   total 5277476K, used 5049852K [0x0000000300150000, 0x0000000442319000, 0x0000000800000000)
   the space 5277476K,  95% used [0x0000000300150000, 0x00000004344cf110, 0x00000004344cf200, 0x0000000442319000)
 Metaspace       used 22770K, capacity 23360K, committed 23680K, reserved 1071104K
  class space    used 2354K, capacity 2568K, committed 2688K, reserved 1048576K
}
Event: 716.543 GC heap before
{Heap before GC invocations=774 (full 24):
 def new generation   total 2374912K, used 2374661K [0x0000000080200000, 0x00000001212f0000, 0x0000000300150000)
  eden space 2111040K, 100% used [0x0000000080200000, 0x0000000100f90000, 0x0000000100f90000)
  from space 263872K,  99% used [0x0000000111140000, 0x00000001212b1530, 0x00000001212f0000)
  to   space 263872K,   0% used [0x0000000100f90000, 0x0000000100f90000, 0x0000000111140000)
 tenured generation   total 5277476K, used 5049852K [0x0000000300150000, 0x0000000442319000, 0x0000000800000000)
   the space 5277476K,  95% used [0x0000000300150000, 0x00000004344cf110, 0x00000004344cf200, 0x0000000442319000)
 Metaspace       used 22770K, capacity 23360K, committed 23680K, reserved 1071104K
  class space    used 2354K, capacity 2568K, committed 2688K, reserved 1048576K
}
Event: 716.583 GC heap after
{Heap after GC invocations=775 (full 24):
 def new generation   total 2374912K, used 141816K [0x0000000080200000, 0x00000001212f0000, 0x0000000300150000)
  eden space 2111040K,   0% used [0x0000000080200000, 0x0000000080200000, 0x0000000100f90000)
  from space 263872K,  53% used [0x0000000100f90000, 0x0000000109a0e020, 0x0000000111140000)
  to   space 263872K,   0% used [0x0000000111140000, 0x0000000111140000, 0x00000001212f0000)
 tenured generation   total 5277476K, used 5069971K [0x0000000300150000, 0x0000000442319000, 0x0000000800000000)
   the space 5277476K,  96% used [0x0000000300150000, 0x0000000435874e58, 0x0000000435875000, 0x0000000442319000)
 Metaspace       used 22770K, capacity 23360K, committed 23680K, reserved 1071104K
  class space    used 2354K, capacity 2568K, committed 2688K, reserved 1048576K
}
Event: 717.884 GC heap before
{Heap before GC invocations=775 (full 24):
 def new generation   total 2374912K, used 2252856K [0x0000000080200000, 0x00000001212f0000, 0x0000000300150000)
  eden space 2111040K, 100% used [0x0000000080200000, 0x0000000100f90000, 0x0000000100f90000)
  from space 263872K,  53% used [0x0000000100f90000, 0x0000000109a0e020, 0x0000000111140000)
  to   space 263872K,   0% used [0x0000000111140000, 0x0000000111140000, 0x00000001212f0000)
 tenured generation   total 5277476K, used 5069971K [0x0000000300150000, 0x0000000442319000, 0x0000000800000000)
   the space 5277476K,  96% used [0x0000000300150000, 0x0000000435874e58, 0x0000000435875000, 0x0000000442319000)
 Metaspace       used 22770K, capacity 23360K, committed 23680K, reserved 1071104K
  class space    used 2354K, capacity 2568K, committed 2688K, reserved 1048576K
}
Event: 717.953 GC heap after
{Heap after GC invocations=776 (full 24):
 def new generation   total 2374912K, used 126426K [0x0000000080200000, 0x00000001212f0000, 0x0000000300150000)
  eden space 2111040K,   0% used [0x0000000080200000, 0x0000000080200000, 0x0000000100f90000)
  from space 263872K,  47% used [0x0000000111140000, 0x0000000118cb6b80, 0x00000001212f0000)
  to   space 263872K,   0% used [0x0000000100f90000, 0x0000000100f90000, 0x0000000111140000)
 tenured generation   total 5277476K, used 5211261K [0x0000000300150000, 0x0000000442319000, 0x0000000800000000)
   the space 5277476K,  98% used [0x0000000300150000, 0x000000043e26f448, 0x000000043e26f600, 0x0000000442319000)
 Metaspace       used 22770K, capacity 23360K, committed 23680K, reserved 1071104K
  class space    used 2354K, capacity 2568K, committed 2688K, reserved 1048576K
}
Event: 719.238 GC heap before
{Heap before GC invocations=776 (full 24):
 def new generation   total 2374912K, used 2237466K [0x0000000080200000, 0x00000001212f0000, 0x0000000300150000)
  eden space 2111040K, 100% used [0x0000000080200000, 0x0000000100f90000, 0x0000000100f90000)
  from space 263872K,  47% used [0x0000000111140000, 0x0000000118cb6b80, 0x00000001212f0000)
  to   space 263872K,   0% used [0x0000000100f90000, 0x0000000100f90000, 0x0000000111140000)
 tenured generation   total 5277476K, used 5211261K [0x0000000300150000, 0x0000000442319000, 0x0000000800000000)
   the space 5277476K,  98% used [0x0000000300150000, 0x000000043e26f448, 0x000000043e26f600, 0x0000000442319000)
 Metaspace       used 22770K, capacity 23360K, committed 23680K, reserved 1071104K
  class space    used 2354K, capacity 2568K, committed 2688K, reserved 1048576K
}
Event: 719.275 GC heap after
{Heap after GC invocations=777 (full 24):
 def new generation   total 2374912K, used 169559K [0x0000000080200000, 0x00000001212f0000, 0x0000000300150000)
  eden space 2111040K,   0% used [0x0000000080200000, 0x0000000080200000, 0x0000000100f90000)
  from space 263872K,  64% used [0x0000000100f90000, 0x000000010b525fc8, 0x0000000111140000)
  to   space 263872K,   0% used [0x0000000111140000, 0x0000000111140000, 0x00000001212f0000)
 tenured generation   total 5277476K, used 5211261K [0x0000000300150000, 0x0000000442319000, 0x0000000800000000)
   the space 5277476K,  98% used [0x0000000300150000, 0x000000043e26f448, 0x000000043e26f600, 0x0000000442319000)
 Metaspace       used 22770K, capacity 23360K, committed 23680K, reserved 1071104K
  class space    used 2354K, capacity 2568K, committed 2688K, reserved 1048576K
}
Event: 720.568 GC heap before
{Heap before GC invocations=777 (full 24):
 def new generation   total 2374912K, used 2280599K [0x0000000080200000, 0x00000001212f0000, 0x0000000300150000)
  eden space 2111040K, 100% used [0x0000000080200000, 0x0000000100f90000, 0x0000000100f90000)
  from space 263872K,  64% used [0x0000000100f90000, 0x000000010b525fc8, 0x0000000111140000)
  to   space 263872K,   0% used [0x0000000111140000, 0x0000000111140000, 0x00000001212f0000)
 tenured generation   total 5277476K, used 5211261K [0x0000000300150000, 0x0000000442319000, 0x0000000800000000)
   the space 5277476K,  98% used [0x0000000300150000, 0x000000043e26f448, 0x000000043e26f600, 0x0000000442319000)
 Metaspace       used 22770K, capacity 23360K, committed 23680K, reserved 1071104K
  class space    used 2354K, capacity 2568K, committed 2688K, reserved 1048576K
}
Event: 720.700 GC heap after
{Heap after GC invocations=778 (full 24):
 def new generation   total 2374912K, used 126427K [0x0000000080200000, 0x00000001212f0000, 0x0000000300150000)
  eden space 2111040K,   0% used [0x0000000080200000, 0x0000000080200000, 0x0000000100f90000)
  from space 263872K,  47% used [0x0000000111140000, 0x0000000118cb6df0, 0x00000001212f0000)
  to   space 263872K,   0% used [0x0000000100f90000, 0x0000000100f90000, 0x0000000111140000)
 tenured generation   total 5379912K, used 5379792K [0x0000000300150000, 0x0000000448722000, 0x0000000800000000)
   the space 5379912K,  99% used [0x0000000300150000, 0x00000004487042d0, 0x0000000448704400, 0x0000000448722000)
 Metaspace       used 22770K, capacity 23360K, committed 23680K, reserved 1071104K
  class space    used 2354K, capacity 2568K, committed 2688K, reserved 1048576K
}
Event: 720.700 GC heap before
{Heap before GC invocations=778 (full 24):
 def new generation   total 2374912K, used 126427K [0x0000000080200000, 0x00000001212f0000, 0x0000000300150000)
  eden space 2111040K,   0% used [0x0000000080200000, 0x0000000080200000, 0x0000000100f90000)
  from space 263872K,  47% used [0x0000000111140000, 0x0000000118cb6df0, 0x00000001212f0000)
  to   space 263872K,   0% used [0x0000000100f90000, 0x0000000100f90000, 0x0000000111140000)
 tenured generation   total 5379912K, used 5379792K [0x0000000300150000, 0x0000000448722000, 0x0000000800000000)
   the space 5379912K,  99% used [0x0000000300150000, 0x00000004487042d0, 0x0000000448704400, 0x0000000448722000)
 Metaspace       used 22770K, capacity 23360K, committed 23680K, reserved 1071104K
  class space    used 2354K, capacity 2568K, committed 2688K, reserved 1048576K
}

