# JRE version: OpenJDK Runtime Environment (13.0.7+5) (build 13.0.7+5-Ubuntu-0ubuntu120.04)
# Java VM: OpenJDK 64-Bit Server VM (13.0.7+5-Ubuntu-0ubuntu120.04, mixed mode, tiered, serial gc, linux-amd64)
Heap:
 def new generation   total 1588800K, used 0K [0x00007fb568600000, 0x00007fb5d41f0000, 0x00007fbabdb50000)
  eden space 1412288K,   0% used [0x00007fb568600000, 0x00007fb568600000, 0x00007fb5be930000)
  from space 176512K,   0% used [0x00007fb5be930000, 0x00007fb5be930000, 0x00007fb5c9590000)
  to   space 176512K,   0% used [0x00007fb5c9590000, 0x00007fb5c9590000, 0x00007fb5d41f0000)
 tenured generation   total 3530528K, used 2118316K [0x00007fbabdb50000, 0x00007fbb95318000, 0x00007fc568600000)
   the space 3530528K,  59% used [0x00007fbabdb50000, 0x00007fbb3effb188, 0x00007fbb3effb200, 0x00007fbb95318000)
 Metaspace       used 30580K, capacity 31010K, committed 31232K, reserved 32768K
GC Heap History (20 events):
Event: 20.187 GC heap before
{Heap before GC invocations=36 (full 1):
 def new generation   total 629248K, used 562357K [0x00007fb568600000, 0x00007fb5930c0000, 0x00007fbabdb50000)
  eden space 559360K, 100% used [0x00007fb568600000, 0x00007fb58a840000, 0x00007fb58a840000)
  from space 69888K,   4% used [0x00007fb58ec80000, 0x00007fb58ef6d418, 0x00007fb5930c0000)
  to   space 69888K,   0% used [0x00007fb58a840000, 0x00007fb58a840000, 0x00007fb58ec80000)
 tenured generation   total 1398144K, used 16137K [0x00007fbabdb50000, 0x00007fbb130b0000, 0x00007fc568600000)
   the space 1398144K,   1% used [0x00007fbabdb50000, 0x00007fbabeb126b0, 0x00007fbabeb12800, 0x00007fbb130b0000)
 Metaspace       used 30468K, capacity 30931K, committed 31232K, reserved 32768K
}
Event: 20.191 GC heap after
{Heap after GC invocations=37 (full 1):
 def new generation   total 629248K, used 3418K [0x00007fb568600000, 0x00007fb5930c0000, 0x00007fbabdb50000)
  eden space 559360K,   0% used [0x00007fb568600000, 0x00007fb568600000, 0x00007fb58a840000)
  from space 69888K,   4% used [0x00007fb58a840000, 0x00007fb58ab96bc0, 0x00007fb58ec80000)
  to   space 69888K,   0% used [0x00007fb58ec80000, 0x00007fb58ec80000, 0x00007fb5930c0000)
 tenured generation   total 1398144K, used 16137K [0x00007fbabdb50000, 0x00007fbb130b0000, 0x00007fc568600000)
   the space 1398144K,   1% used [0x00007fbabdb50000, 0x00007fbabeb126b0, 0x00007fbabeb12800, 0x00007fbb130b0000)
 Metaspace       used 30468K, capacity 30931K, committed 31232K, reserved 32768K
}
Event: 20.514 GC heap before
{Heap before GC invocations=37 (full 1):
 def new generation   total 629248K, used 562778K [0x00007fb568600000, 0x00007fb5930c0000, 0x00007fbabdb50000)
  eden space 559360K, 100% used [0x00007fb568600000, 0x00007fb58a840000, 0x00007fb58a840000)
  from space 69888K,   4% used [0x00007fb58a840000, 0x00007fb58ab96bc0, 0x00007fb58ec80000)
  to   space 69888K,   0% used [0x00007fb58ec80000, 0x00007fb58ec80000, 0x00007fb5930c0000)
 tenured generation   total 1398144K, used 16137K [0x00007fbabdb50000, 0x00007fbb130b0000, 0x00007fc568600000)
   the space 1398144K,   1% used [0x00007fbabdb50000, 0x00007fbabeb126b0, 0x00007fbabeb12800, 0x00007fbb130b0000)
 Metaspace       used 30474K, capacity 30931K, committed 31232K, reserved 32768K
}
Event: 20.518 GC heap after
{Heap after GC invocations=38 (full 1):
 def new generation   total 629248K, used 3515K [0x00007fb568600000, 0x00007fb5930c0000, 0x00007fbabdb50000)
  eden space 559360K,   0% used [0x00007fb568600000, 0x00007fb568600000, 0x00007fb58a840000)
  from space 69888K,   5% used [0x00007fb58ec80000, 0x00007fb58efeee98, 0x00007fb5930c0000)
  to   space 69888K,   0% used [0x00007fb58a840000, 0x00007fb58a840000, 0x00007fb58ec80000)
 tenured generation   total 1398144K, used 16137K [0x00007fbabdb50000, 0x00007fbb130b0000, 0x00007fc568600000)
   the space 1398144K,   1% used [0x00007fbabdb50000, 0x00007fbabeb127c0, 0x00007fbabeb12800, 0x00007fbb130b0000)
 Metaspace       used 30474K, capacity 30931K, committed 31232K, reserved 32768K
}
Event: 20.835 GC heap before
{Heap before GC invocations=38 (full 1):
 def new generation   total 629248K, used 562875K [0x00007fb568600000, 0x00007fb5930c0000, 0x00007fbabdb50000)
  eden space 559360K, 100% used [0x00007fb568600000, 0x00007fb58a840000, 0x00007fb58a840000)
  from space 69888K,   5% used [0x00007fb58ec80000, 0x00007fb58efeee98, 0x00007fb5930c0000)
  to   space 69888K,   0% used [0x00007fb58a840000, 0x00007fb58a840000, 0x00007fb58ec80000)
 tenured generation   total 1398144K, used 16137K [0x00007fbabdb50000, 0x00007fbb130b0000, 0x00007fc568600000)
   the space 1398144K,   1% used [0x00007fbabdb50000, 0x00007fbabeb127c0, 0x00007fbabeb12800, 0x00007fbb130b0000)
 Metaspace       used 30493K, capacity 30931K, committed 31232K, reserved 32768K
}
Event: 20.840 GC heap after
{Heap after GC invocations=39 (full 1):
 def new generation   total 629248K, used 3295K [0x00007fb568600000, 0x00007fb5930c0000, 0x00007fbabdb50000)
  eden space 559360K,   0% used [0x00007fb568600000, 0x00007fb568600000, 0x00007fb58a840000)
  from space 69888K,   4% used [0x00007fb58a840000, 0x00007fb58ab77e98, 0x00007fb58ec80000)
  to   space 69888K,   0% used [0x00007fb58ec80000, 0x00007fb58ec80000, 0x00007fb5930c0000)
 tenured generation   total 1398144K, used 16137K [0x00007fbabdb50000, 0x00007fbb130b0000, 0x00007fc568600000)
   the space 1398144K,   1% used [0x00007fbabdb50000, 0x00007fbabeb127c0, 0x00007fbabeb12800, 0x00007fbb130b0000)
 Metaspace       used 30493K, capacity 30931K, committed 31232K, reserved 32768K
}
Event: 21.155 GC heap before
{Heap before GC invocations=39 (full 1):
 def new generation   total 629248K, used 562655K [0x00007fb568600000, 0x00007fb5930c0000, 0x00007fbabdb50000)
  eden space 559360K, 100% used [0x00007fb568600000, 0x00007fb58a840000, 0x00007fb58a840000)
  from space 69888K,   4% used [0x00007fb58a840000, 0x00007fb58ab77e98, 0x00007fb58ec80000)
  to   space 69888K,   0% used [0x00007fb58ec80000, 0x00007fb58ec80000, 0x00007fb5930c0000)
 tenured generation   total 1398144K, used 16137K [0x00007fbabdb50000, 0x00007fbb130b0000, 0x00007fc568600000)
   the space 1398144K,   1% used [0x00007fbabdb50000, 0x00007fbabeb127c0, 0x00007fbabeb12800, 0x00007fbb130b0000)
 Metaspace       used 30502K, capacity 30933K, committed 31232K, reserved 32768K
}
Event: 21.159 GC heap after
{Heap after GC invocations=40 (full 1):
 def new generation   total 629248K, used 2756K [0x00007fb568600000, 0x00007fb5930c0000, 0x00007fbabdb50000)
  eden space 559360K,   0% used [0x00007fb568600000, 0x00007fb568600000, 0x00007fb58a840000)
  from space 69888K,   3% used [0x00007fb58ec80000, 0x00007fb58ef31368, 0x00007fb5930c0000)
  to   space 69888K,   0% used [0x00007fb58a840000, 0x00007fb58a840000, 0x00007fb58ec80000)
 tenured generation   total 1398144K, used 16137K [0x00007fbabdb50000, 0x00007fbb130b0000, 0x00007fc568600000)
   the space 1398144K,   1% used [0x00007fbabdb50000, 0x00007fbabeb127c0, 0x00007fbabeb12800, 0x00007fbb130b0000)
 Metaspace       used 30502K, capacity 30933K, committed 31232K, reserved 32768K
}
Event: 21.412 GC heap before
{Heap before GC invocations=40 (full 1):
 def new generation   total 629248K, used 562116K [0x00007fb568600000, 0x00007fb5930c0000, 0x00007fbabdb50000)
  eden space 559360K, 100% used [0x00007fb568600000, 0x00007fb58a840000, 0x00007fb58a840000)
  from space 69888K,   3% used [0x00007fb58ec80000, 0x00007fb58ef31368, 0x00007fb5930c0000)
  to   space 69888K,   0% used [0x00007fb58a840000, 0x00007fb58a840000, 0x00007fb58ec80000)
 tenured generation   total 1398144K, used 16137K [0x00007fbabdb50000, 0x00007fbb130b0000, 0x00007fc568600000)
   the space 1398144K,   1% used [0x00007fbabdb50000, 0x00007fbabeb127c0, 0x00007fbabeb12800, 0x00007fbb130b0000)
 Metaspace       used 30502K, capacity 30933K, committed 31232K, reserved 32768K
}
Event: 21.414 GC heap after
{Heap after GC invocations=41 (full 1):
 def new generation   total 629248K, used 2563K [0x00007fb568600000, 0x00007fb5930c0000, 0x00007fbabdb50000)
  eden space 559360K,   0% used [0x00007fb568600000, 0x00007fb568600000, 0x00007fb58a840000)
  from space 69888K,   3% used [0x00007fb58a840000, 0x00007fb58aac0fd0, 0x00007fb58ec80000)
  to   space 69888K,   0% used [0x00007fb58ec80000, 0x00007fb58ec80000, 0x00007fb5930c0000)
 tenured generation   total 1398144K, used 16140K [0x00007fbabdb50000, 0x00007fbb130b0000, 0x00007fc568600000)
   the space 1398144K,   1% used [0x00007fbabdb50000, 0x00007fbabeb13108, 0x00007fbabeb13200, 0x00007fbb130b0000)
 Metaspace       used 30502K, capacity 30933K, committed 31232K, reserved 32768K
}
Event: 21.960 GC heap before
{Heap before GC invocations=41 (full 1):
 def new generation   total 629248K, used 561923K [0x00007fb568600000, 0x00007fb5930c0000, 0x00007fbabdb50000)
  eden space 559360K, 100% used [0x00007fb568600000, 0x00007fb58a840000, 0x00007fb58a840000)
  from space 69888K,   3% used [0x00007fb58a840000, 0x00007fb58aac0fd0, 0x00007fb58ec80000)
  to   space 69888K,   0% used [0x00007fb58ec80000, 0x00007fb58ec80000, 0x00007fb5930c0000)
 tenured generation   total 1398144K, used 16140K [0x00007fbabdb50000, 0x00007fbb130b0000, 0x00007fc568600000)
   the space 1398144K,   1% used [0x00007fbabdb50000, 0x00007fbabeb13108, 0x00007fbabeb13200, 0x00007fbb130b0000)
 Metaspace       used 30580K, capacity 31010K, committed 31232K, reserved 32768K
}
Event: 21.962 GC heap after
{Heap after GC invocations=42 (full 1):
 def new generation   total 629248K, used 2910K [0x00007fb568600000, 0x00007fb5930c0000, 0x00007fbabdb50000)
  eden space 559360K,   0% used [0x00007fb568600000, 0x00007fb568600000, 0x00007fb58a840000)
  from space 69888K,   4% used [0x00007fb58ec80000, 0x00007fb58ef57848, 0x00007fb5930c0000)
  to   space 69888K,   0% used [0x00007fb58a840000, 0x00007fb58a840000, 0x00007fb58ec80000)
 tenured generation   total 1398144K, used 16140K [0x00007fbabdb50000, 0x00007fbb130b0000, 0x00007fc568600000)
   the space 1398144K,   1% used [0x00007fbabdb50000, 0x00007fbabeb13108, 0x00007fbabeb13200, 0x00007fbb130b0000)
 Metaspace       used 30580K, capacity 31010K, committed 31232K, reserved 32768K
}
Event: 22.205 GC heap before
{Heap before GC invocations=42 (full 1):
 def new generation   total 629248K, used 449701K [0x00007fb568600000, 0x00007fb5930c0000, 0x00007fbabdb50000)
  eden space 559360K,  79% used [0x00007fb568600000, 0x00007fb583a51ea0, 0x00007fb58a840000)
  from space 69888K,   4% used [0x00007fb58ec80000, 0x00007fb58ef57848, 0x00007fb5930c0000)
  to   space 69888K,   0% used [0x00007fb58a840000, 0x00007fb58a840000, 0x00007fb58ec80000)
 tenured generation   total 1398144K, used 16140K [0x00007fbabdb50000, 0x00007fbb130b0000, 0x00007fc568600000)
   the space 1398144K,   1% used [0x00007fbabdb50000, 0x00007fbabeb13108, 0x00007fbabeb13200, 0x00007fbb130b0000)
 Metaspace       used 30580K, capacity 31010K, committed 31232K, reserved 32768K
}
Event: 22.208 GC heap after
{Heap after GC invocations=43 (full 1):
 def new generation   total 629248K, used 5023K [0x00007fb568600000, 0x00007fb5930c0000, 0x00007fbabdb50000)
  eden space 559360K,   0% used [0x00007fb568600000, 0x00007fb568600000, 0x00007fb58a840000)
  from space 69888K,   7% used [0x00007fb58a840000, 0x00007fb58ad27d10, 0x00007fb58ec80000)
  to   space 69888K,   0% used [0x00007fb58ec80000, 0x00007fb58ec80000, 0x00007fb5930c0000)
 tenured generation   total 1398144K, used 16140K [0x00007fbabdb50000, 0x00007fbb130b0000, 0x00007fc568600000)
   the space 1398144K,   1% used [0x00007fbabdb50000, 0x00007fbabeb13108, 0x00007fbabeb13200, 0x00007fbb130b0000)
 Metaspace       used 30580K, capacity 31010K, committed 31232K, reserved 32768K
}
Event: 22.208 GC heap before
{Heap before GC invocations=43 (full 1):
 def new generation   total 629248K, used 5023K [0x00007fb568600000, 0x00007fb5930c0000, 0x00007fbabdb50000)
  eden space 559360K,   0% used [0x00007fb568600000, 0x00007fb568600000, 0x00007fb58a840000)
  from space 69888K,   7% used [0x00007fb58a840000, 0x00007fb58ad27d10, 0x00007fb58ec80000)
  to   space 69888K,   0% used [0x00007fb58ec80000, 0x00007fb58ec80000, 0x00007fb5930c0000)
 tenured generation   total 1398144K, used 16140K [0x00007fbabdb50000, 0x00007fbb130b0000, 0x00007fc568600000)
   the space 1398144K,   1% used [0x00007fbabdb50000, 0x00007fbabeb13108, 0x00007fbabeb13200, 0x00007fbb130b0000)
 Metaspace       used 30580K, capacity 31010K, committed 31232K, reserved 32768K
}
Event: 22.246 GC heap after
{Heap after GC invocations=43 (full 2):
 def new generation   total 629248K, used 0K [0x00007fb568600000, 0x00007fb5930c0000, 0x00007fbabdb50000)
  eden space 559360K,   0% used [0x00007fb568600000, 0x00007fb568600000, 0x00007fb58a840000)
  from space 69888K,   0% used [0x00007fb58a840000, 0x00007fb58a840000, 0x00007fb58ec80000)
  to   space 69888K,   0% used [0x00007fb58ec80000, 0x00007fb58ec80000, 0x00007fb5930c0000)
 tenured generation   total 1398144K, used 21163K [0x00007fbabdb50000, 0x00007fbb130b0000, 0x00007fc568600000)
   the space 1398144K,   1% used [0x00007fbabdb50000, 0x00007fbabeffae18, 0x00007fbabeffb000, 0x00007fbb130b0000)
 Metaspace       used 30580K, capacity 31010K, committed 31232K, reserved 32768K
}
Event: 24.009 GC heap before
{Heap before GC invocations=43 (full 2):
 def new generation   total 629248K, used 11084K [0x00007fb568600000, 0x00007fb5930c0000, 0x00007fbabdb50000)
  eden space 559360K,   1% used [0x00007fb568600000, 0x00007fb5690d33e8, 0x00007fb58a840000)
  from space 69888K,   0% used [0x00007fb58a840000, 0x00007fb58a840000, 0x00007fb58ec80000)
  to   space 69888K,   0% used [0x00007fb58ec80000, 0x00007fb58ec80000, 0x00007fb5930c0000)
 tenured generation   total 3495300K, used 2118315K [0x00007fbabdb50000, 0x00007fbb930b1000, 0x00007fc568600000)
   the space 3495300K,  60% used [0x00007fbabdb50000, 0x00007fbb3effae30, 0x00007fbb3effb000, 0x00007fbb930b1000)
 Metaspace       used 30580K, capacity 31010K, committed 31232K, reserved 32768K
}
Event: 24.010 GC heap after
{Heap after GC invocations=44 (full 2):
 def new generation   total 629248K, used 0K [0x00007fb568600000, 0x00007fb5930c0000, 0x00007fbabdb50000)
  eden space 559360K,   0% used [0x00007fb568600000, 0x00007fb568600000, 0x00007fb58a840000)
  from space 69888K,   0% used [0x00007fb58ec80000, 0x00007fb58ec803c0, 0x00007fb5930c0000)
  to   space 69888K,   0% used [0x00007fb58a840000, 0x00007fb58a840000, 0x00007fb58ec80000)
 tenured generation   total 3495300K, used 2118315K [0x00007fbabdb50000, 0x00007fbb930b1000, 0x00007fc568600000)
   the space 3495300K,  60% used [0x00007fbabdb50000, 0x00007fbb3effae30, 0x00007fbb3effb000, 0x00007fbb930b1000)
 Metaspace       used 30580K, capacity 31010K, committed 31232K, reserved 32768K
}
Event: 24.010 GC heap before
{Heap before GC invocations=44 (full 2):
 def new generation   total 629248K, used 0K [0x00007fb568600000, 0x00007fb5930c0000, 0x00007fbabdb50000)
  eden space 559360K,   0% used [0x00007fb568600000, 0x00007fb568600000, 0x00007fb58a840000)
  from space 69888K,   0% used [0x00007fb58ec80000, 0x00007fb58ec803c0, 0x00007fb5930c0000)
  to   space 69888K,   0% used [0x00007fb58a840000, 0x00007fb58a840000, 0x00007fb58ec80000)
 tenured generation   total 3495300K, used 2118315K [0x00007fbabdb50000, 0x00007fbb930b1000, 0x00007fc568600000)
   the space 3495300K,  60% used [0x00007fbabdb50000, 0x00007fbb3effae30, 0x00007fbb3effb000, 0x00007fbb930b1000)
 Metaspace       used 30580K, capacity 31010K, committed 31232K, reserved 32768K
}
Event: 24.041 GC heap after
{Heap after GC invocations=44 (full 3):
 def new generation   total 1588800K, used 0K [0x00007fb568600000, 0x00007fb5d41f0000, 0x00007fbabdb50000)
  eden space 1412288K,   0% used [0x00007fb568600000, 0x00007fb568600000, 0x00007fb5be930000)
  from space 176512K,   0% used [0x00007fb5be930000, 0x00007fb5be930000, 0x00007fb5c9590000)
  to   space 176512K,   0% used [0x00007fb5c9590000, 0x00007fb5c9590000, 0x00007fb5d41f0000)
 tenured generation   total 3530528K, used 2118316K [0x00007fbabdb50000, 0x00007fbb95318000, 0x00007fc568600000)
   the space 3530528K,  59% used [0x00007fbabdb50000, 0x00007fbb3effb188, 0x00007fbb3effb200, 0x00007fbb95318000)
 Metaspace       used 30580K, capacity 31010K, committed 31232K, reserved 32768K
}

