# JRE version: OpenJDK Runtime Environment (13.0.7+5) (build 13.0.7+5-Ubuntu-0ubuntu120.04)
# Java VM: OpenJDK 64-Bit Server VM (13.0.7+5-Ubuntu-0ubuntu120.04, mixed mode, tiered, serial gc, linux-amd64)
Heap:
 def new generation   total 3471360K, used 0K [0x00007fd284600000, 0x00007fd36fca0000, 0x00007fd7d9b50000)
  eden space 3085696K,   0% used [0x00007fd284600000, 0x00007fd284600000, 0x00007fd340b60000)
  from space 385664K,   0% used [0x00007fd340b60000, 0x00007fd340b60000, 0x00007fd358400000)
  to   space 385664K,   0% used [0x00007fd358400000, 0x00007fd358400000, 0x00007fd36fca0000)
 tenured generation   total 7714032K, used 4203639K [0x00007fd7d9b50000, 0x00007fd9b088c000, 0x00007fe284600000)
   the space 7714032K,  54% used [0x00007fd7d9b50000, 0x00007fd8da46df20, 0x00007fd8da46e000, 0x00007fd9b088c000)
 Metaspace       used 23084K, capacity 23462K, committed 23552K, reserved 24576K
GC Heap History (18 events):
Event: 2.144 GC heap before
{Heap before GC invocations=0 (full 0):
 def new generation   total 629120K, used 89477K [0x00007fd284600000, 0x00007fd2af0a0000, 0x00007fd7d9b50000)
  eden space 559232K,  16% used [0x00007fd284600000, 0x00007fd289d61668, 0x00007fd2a6820000)
  from space 69888K,   0% used [0x00007fd2a6820000, 0x00007fd2a6820000, 0x00007fd2aac60000)
  to   space 69888K,   0% used [0x00007fd2aac60000, 0x00007fd2aac60000, 0x00007fd2af0a0000)
 tenured generation   total 1398144K, used 0K [0x00007fd7d9b50000, 0x00007fd82f0b0000, 0x00007fe284600000)
   the space 1398144K,   0% used [0x00007fd7d9b50000, 0x00007fd7d9b50000, 0x00007fd7d9b50200, 0x00007fd82f0b0000)
 Metaspace       used 20907K, capacity 21208K, committed 21248K, reserved 22528K
}
Event: 2.198 GC heap after
{Heap after GC invocations=1 (full 1):
 def new generation   total 629248K, used 0K [0x00007fd284600000, 0x00007fd2af0c0000, 0x00007fd7d9b50000)
  eden space 559360K,   0% used [0x00007fd284600000, 0x00007fd284600000, 0x00007fd2a6840000)
  from space 69888K,   0% used [0x00007fd2a6840000, 0x00007fd2a6840000, 0x00007fd2aac80000)
  to   space 69888K,   0% used [0x00007fd2aac80000, 0x00007fd2aac80000, 0x00007fd2af0c0000)
 tenured generation   total 1398144K, used 13581K [0x00007fd7d9b50000, 0x00007fd82f0b0000, 0x00007fe284600000)
   the space 1398144K,   0% used [0x00007fd7d9b50000, 0x00007fd7da8937f0, 0x00007fd7da893800, 0x00007fd82f0b0000)
 Metaspace       used 20907K, capacity 21208K, committed 21248K, reserved 22528K
}
Event: 3.532 GC heap before
{Heap before GC invocations=1 (full 1):
 def new generation   total 629248K, used 559360K [0x00007fd284600000, 0x00007fd2af0c0000, 0x00007fd7d9b50000)
  eden space 559360K, 100% used [0x00007fd284600000, 0x00007fd2a6840000, 0x00007fd2a6840000)
  from space 69888K,   0% used [0x00007fd2a6840000, 0x00007fd2a6840000, 0x00007fd2aac80000)
  to   space 69888K,   0% used [0x00007fd2aac80000, 0x00007fd2aac80000, 0x00007fd2af0c0000)
 tenured generation   total 1398144K, used 13581K [0x00007fd7d9b50000, 0x00007fd82f0b0000, 0x00007fe284600000)
   the space 1398144K,   0% used [0x00007fd7d9b50000, 0x00007fd7da8937f0, 0x00007fd7da893800, 0x00007fd82f0b0000)
 Metaspace       used 22922K, capacity 23322K, committed 23552K, reserved 24576K
}
Event: 3.537 GC heap after
{Heap after GC invocations=2 (full 1):
 def new generation   total 629248K, used 677K [0x00007fd284600000, 0x00007fd2af0c0000, 0x00007fd7d9b50000)
  eden space 559360K,   0% used [0x00007fd284600000, 0x00007fd284600000, 0x00007fd2a6840000)
  from space 69888K,   0% used [0x00007fd2aac80000, 0x00007fd2aad297a8, 0x00007fd2af0c0000)
  to   space 69888K,   0% used [0x00007fd2a6840000, 0x00007fd2a6840000, 0x00007fd2aac80000)
 tenured generation   total 1398144K, used 13581K [0x00007fd7d9b50000, 0x00007fd82f0b0000, 0x00007fe284600000)
   the space 1398144K,   0% used [0x00007fd7d9b50000, 0x00007fd7da8937f0, 0x00007fd7da893800, 0x00007fd82f0b0000)
 Metaspace       used 22922K, capacity 23322K, committed 23552K, reserved 24576K
}
Event: 4.335 GC heap before
{Heap before GC invocations=2 (full 1):
 def new generation   total 629248K, used 560037K [0x00007fd284600000, 0x00007fd2af0c0000, 0x00007fd7d9b50000)
  eden space 559360K, 100% used [0x00007fd284600000, 0x00007fd2a6840000, 0x00007fd2a6840000)
  from space 69888K,   0% used [0x00007fd2aac80000, 0x00007fd2aad297a8, 0x00007fd2af0c0000)
  to   space 69888K,   0% used [0x00007fd2a6840000, 0x00007fd2a6840000, 0x00007fd2aac80000)
 tenured generation   total 1398144K, used 13581K [0x00007fd7d9b50000, 0x00007fd82f0b0000, 0x00007fe284600000)
   the space 1398144K,   0% used [0x00007fd7d9b50000, 0x00007fd7da8937f0, 0x00007fd7da893800, 0x00007fd82f0b0000)
 Metaspace       used 22947K, capacity 23333K, committed 23552K, reserved 24576K
}
Event: 4.338 GC heap after
{Heap after GC invocations=3 (full 1):
 def new generation   total 629248K, used 1017K [0x00007fd284600000, 0x00007fd2af0c0000, 0x00007fd7d9b50000)
  eden space 559360K,   0% used [0x00007fd284600000, 0x00007fd284600000, 0x00007fd2a6840000)
  from space 69888K,   1% used [0x00007fd2a6840000, 0x00007fd2a693e598, 0x00007fd2aac80000)
  to   space 69888K,   0% used [0x00007fd2aac80000, 0x00007fd2aac80000, 0x00007fd2af0c0000)
 tenured generation   total 1398144K, used 13581K [0x00007fd7d9b50000, 0x00007fd82f0b0000, 0x00007fe284600000)
   the space 1398144K,   0% used [0x00007fd7d9b50000, 0x00007fd7da8937f0, 0x00007fd7da893800, 0x00007fd82f0b0000)
 Metaspace       used 22947K, capacity 23333K, committed 23552K, reserved 24576K
}
Event: 5.635 GC heap before
{Heap before GC invocations=3 (full 1):
 def new generation   total 629248K, used 17625K [0x00007fd284600000, 0x00007fd2af0c0000, 0x00007fd7d9b50000)
  eden space 559360K,   2% used [0x00007fd284600000, 0x00007fd285637f38, 0x00007fd2a6840000)
  from space 69888K,   1% used [0x00007fd2a6840000, 0x00007fd2a693e598, 0x00007fd2aac80000)
  to   space 69888K,   0% used [0x00007fd2aac80000, 0x00007fd2aac80000, 0x00007fd2af0c0000)
 tenured generation   total 1398144K, used 1062158K [0x00007fd7d9b50000, 0x00007fd82f0b0000, 0x00007fe284600000)
   the space 1398144K,  75% used [0x00007fd7d9b50000, 0x00007fd81a893808, 0x00007fd81a893a00, 0x00007fd82f0b0000)
 Metaspace       used 23084K, capacity 23462K, committed 23552K, reserved 24576K
}
Event: 5.637 GC heap after
{Heap after GC invocations=4 (full 1):
 def new generation   total 629248K, used 1101K [0x00007fd284600000, 0x00007fd2af0c0000, 0x00007fd7d9b50000)
  eden space 559360K,   0% used [0x00007fd284600000, 0x00007fd284600000, 0x00007fd2a6840000)
  from space 69888K,   1% used [0x00007fd2aac80000, 0x00007fd2aad937a8, 0x00007fd2af0c0000)
  to   space 69888K,   0% used [0x00007fd2a6840000, 0x00007fd2a6840000, 0x00007fd2aac80000)
 tenured generation   total 1398144K, used 1062158K [0x00007fd7d9b50000, 0x00007fd82f0b0000, 0x00007fe284600000)
   the space 1398144K,  75% used [0x00007fd7d9b50000, 0x00007fd81a893808, 0x00007fd81a893a00, 0x00007fd82f0b0000)
 Metaspace       used 23084K, capacity 23462K, committed 23552K, reserved 24576K
}
Event: 5.637 GC heap before
{Heap before GC invocations=4 (full 1):
 def new generation   total 629248K, used 1101K [0x00007fd284600000, 0x00007fd2af0c0000, 0x00007fd7d9b50000)
  eden space 559360K,   0% used [0x00007fd284600000, 0x00007fd284600000, 0x00007fd2a6840000)
  from space 69888K,   1% used [0x00007fd2aac80000, 0x00007fd2aad937a8, 0x00007fd2af0c0000)
  to   space 69888K,   0% used [0x00007fd2a6840000, 0x00007fd2a6840000, 0x00007fd2aac80000)
 tenured generation   total 1398144K, used 1062158K [0x00007fd7d9b50000, 0x00007fd82f0b0000, 0x00007fe284600000)
   the space 1398144K,  75% used [0x00007fd7d9b50000, 0x00007fd81a893808, 0x00007fd81a893a00, 0x00007fd82f0b0000)
 Metaspace       used 23084K, capacity 23462K, committed 23552K, reserved 24576K
}
Event: 5.661 GC heap after
{Heap after GC invocations=4 (full 2):
 def new generation   total 797504K, used 0K [0x00007fd284600000, 0x00007fd2ba750000, 0x00007fd7d9b50000)
  eden space 708928K,   0% used [0x00007fd284600000, 0x00007fd284600000, 0x00007fd2afa50000)
  from space 88576K,   0% used [0x00007fd2afa50000, 0x00007fd2afa50000, 0x00007fd2b50d0000)
  to   space 88576K,   0% used [0x00007fd2b50d0000, 0x00007fd2b50d0000, 0x00007fd2ba750000)
 tenured generation   total 1772096K, used 1063257K [0x00007fd7d9b50000, 0x00007fd845de0000, 0x00007fe284600000)
   the space 1772096K,  59% used [0x00007fd7d9b50000, 0x00007fd81a9a6658, 0x00007fd81a9a6800, 0x00007fd845de0000)
 Metaspace       used 23084K, capacity 23462K, committed 23552K, reserved 24576K
}
Event: 6.191 GC heap before
{Heap before GC invocations=4 (full 2):
 def new generation   total 797504K, used 13959K [0x00007fd284600000, 0x00007fd2ba750000, 0x00007fd7d9b50000)
  eden space 708928K,   1% used [0x00007fd284600000, 0x00007fd2853a1c40, 0x00007fd2afa50000)
  from space 88576K,   0% used [0x00007fd2afa50000, 0x00007fd2afa50000, 0x00007fd2b50d0000)
  to   space 88576K,   0% used [0x00007fd2b50d0000, 0x00007fd2b50d0000, 0x00007fd2ba750000)
 tenured generation   total 2820676K, used 2111833K [0x00007fd7d9b50000, 0x00007fd885de1000, 0x00007fe284600000)
   the space 2820676K,  74% used [0x00007fd7d9b50000, 0x00007fd85a9a6670, 0x00007fd85a9a6800, 0x00007fd885de1000)
 Metaspace       used 23084K, capacity 23462K, committed 23552K, reserved 24576K
}
Event: 6.192 GC heap after
{Heap after GC invocations=5 (full 2):
 def new generation   total 797504K, used 0K [0x00007fd284600000, 0x00007fd2ba750000, 0x00007fd7d9b50000)
  eden space 708928K,   0% used [0x00007fd284600000, 0x00007fd284600000, 0x00007fd2afa50000)
  from space 88576K,   0% used [0x00007fd2b50d0000, 0x00007fd2b50d0248, 0x00007fd2ba750000)
  to   space 88576K,   0% used [0x00007fd2afa50000, 0x00007fd2afa50000, 0x00007fd2b50d0000)
 tenured generation   total 2820676K, used 2111833K [0x00007fd7d9b50000, 0x00007fd885de1000, 0x00007fe284600000)
   the space 2820676K,  74% used [0x00007fd7d9b50000, 0x00007fd85a9a6670, 0x00007fd85a9a6800, 0x00007fd885de1000)
 Metaspace       used 23084K, capacity 23462K, committed 23552K, reserved 24576K
}
Event: 6.192 GC heap before
{Heap before GC invocations=5 (full 2):
 def new generation   total 797504K, used 0K [0x00007fd284600000, 0x00007fd2ba750000, 0x00007fd7d9b50000)
  eden space 708928K,   0% used [0x00007fd284600000, 0x00007fd284600000, 0x00007fd2afa50000)
  from space 88576K,   0% used [0x00007fd2b50d0000, 0x00007fd2b50d0248, 0x00007fd2ba750000)
  to   space 88576K,   0% used [0x00007fd2afa50000, 0x00007fd2afa50000, 0x00007fd2b50d0000)
 tenured generation   total 2820676K, used 2111833K [0x00007fd7d9b50000, 0x00007fd885de1000, 0x00007fe284600000)
   the space 2820676K,  74% used [0x00007fd7d9b50000, 0x00007fd85a9a6670, 0x00007fd85a9a6800, 0x00007fd885de1000)
 Metaspace       used 23084K, capacity 23462K, committed 23552K, reserved 24576K
}
Event: 6.213 GC heap after
{Heap after GC invocations=5 (full 3):
 def new generation   total 1583936K, used 0K [0x00007fd284600000, 0x00007fd2efca0000, 0x00007fd7d9b50000)
  eden space 1408000K,   0% used [0x00007fd284600000, 0x00007fd284600000, 0x00007fd2da500000)
  from space 175936K,   0% used [0x00007fd2da500000, 0x00007fd2da500000, 0x00007fd2e50d0000)
  to   space 175936K,   0% used [0x00007fd2e50d0000, 0x00007fd2e50d0000, 0x00007fd2efca0000)
 tenured generation   total 3519724K, used 2111834K [0x00007fd7d9b50000, 0x00007fd8b088b000, 0x00007fe284600000)
   the space 3519724K,  59% used [0x00007fd7d9b50000, 0x00007fd85a9a68b8, 0x00007fd85a9a6a00, 0x00007fd8b088b000)
 Metaspace       used 23084K, capacity 23462K, committed 23552K, reserved 24576K
}
Event: 10.065 GC heap before
{Heap before GC invocations=5 (full 3):
 def new generation   total 1583936K, used 27723K [0x00007fd284600000, 0x00007fd2efca0000, 0x00007fd7d9b50000)
  eden space 1408000K,   1% used [0x00007fd284600000, 0x00007fd286112fd0, 0x00007fd2da500000)
  from space 175936K,   0% used [0x00007fd2da500000, 0x00007fd2da500000, 0x00007fd2e50d0000)
  to   space 175936K,   0% used [0x00007fd2e50d0000, 0x00007fd2e50d0000, 0x00007fd2efca0000)
 tenured generation   total 7714032K, used 6306138K [0x00007fd7d9b50000, 0x00007fd9b088c000, 0x00007fe284600000)
   the space 7714032K,  81% used [0x00007fd7d9b50000, 0x00007fd95a9a68d0, 0x00007fd95a9a6a00, 0x00007fd9b088c000)
 Metaspace       used 23084K, capacity 23462K, committed 23552K, reserved 24576K
}
Event: 10.067 GC heap after
{Heap after GC invocations=6 (full 3):
 def new generation   total 1583936K, used 0K [0x00007fd284600000, 0x00007fd2efca0000, 0x00007fd7d9b50000)
  eden space 1408000K,   0% used [0x00007fd284600000, 0x00007fd284600000, 0x00007fd2da500000)
  from space 175936K,   0% used [0x00007fd2e50d0000, 0x00007fd2e50d00a8, 0x00007fd2efca0000)
  to   space 175936K,   0% used [0x00007fd2da500000, 0x00007fd2da500000, 0x00007fd2e50d0000)
 tenured generation   total 7714032K, used 6306138K [0x00007fd7d9b50000, 0x00007fd9b088c000, 0x00007fe284600000)
   the space 7714032K,  81% used [0x00007fd7d9b50000, 0x00007fd95a9a68d0, 0x00007fd95a9a6a00, 0x00007fd9b088c000)
 Metaspace       used 23084K, capacity 23462K, committed 23552K, reserved 24576K
}
Event: 10.067 GC heap before
{Heap before GC invocations=6 (full 3):
 def new generation   total 1583936K, used 0K [0x00007fd284600000, 0x00007fd2efca0000, 0x00007fd7d9b50000)
  eden space 1408000K,   0% used [0x00007fd284600000, 0x00007fd284600000, 0x00007fd2da500000)
  from space 175936K,   0% used [0x00007fd2e50d0000, 0x00007fd2e50d00a8, 0x00007fd2efca0000)
  to   space 175936K,   0% used [0x00007fd2da500000, 0x00007fd2da500000, 0x00007fd2e50d0000)
 tenured generation   total 7714032K, used 6306138K [0x00007fd7d9b50000, 0x00007fd9b088c000, 0x00007fe284600000)
   the space 7714032K,  81% used [0x00007fd7d9b50000, 0x00007fd95a9a68d0, 0x00007fd95a9a6a00, 0x00007fd9b088c000)
 Metaspace       used 23084K, capacity 23462K, committed 23552K, reserved 24576K
}
Event: 11.058 GC heap after
{Heap after GC invocations=6 (full 4):
 def new generation   total 3471360K, used 0K [0x00007fd284600000, 0x00007fd36fca0000, 0x00007fd7d9b50000)
  eden space 3085696K,   0% used [0x00007fd284600000, 0x00007fd284600000, 0x00007fd340b60000)
  from space 385664K,   0% used [0x00007fd340b60000, 0x00007fd340b60000, 0x00007fd358400000)
  to   space 385664K,   0% used [0x00007fd358400000, 0x00007fd358400000, 0x00007fd36fca0000)
 tenured generation   total 7714032K, used 4203639K [0x00007fd7d9b50000, 0x00007fd9b088c000, 0x00007fe284600000)
   the space 7714032K,  54% used [0x00007fd7d9b50000, 0x00007fd8da46df20, 0x00007fd8da46e000, 0x00007fd9b088c000)
 Metaspace       used 23084K, capacity 23462K, committed 23552K, reserved 24576K
}

