# JRE version: OpenJDK Runtime Environment (13.0.7+5) (build 13.0.7+5-Ubuntu-0ubuntu120.04)
# Java VM: OpenJDK 64-Bit Server VM (13.0.7+5-Ubuntu-0ubuntu120.04, mixed mode, tiered, serial gc, linux-amd64)
Heap:
 def new generation   total 14752320K, used 735624K [0x00007fad88600000, 0x00007fb170d40000, 0x00007fb2ddb50000)
  eden space 13113216K,   5% used [0x00007fad88600000, 0x00007fadb5462158, 0x00007fb0a8be0000)
  from space 1639104K,   0% used [0x00007fb10cc90000, 0x00007fb10cc90000, 0x00007fb170d40000)
  to   space 1639104K,   0% used [0x00007fb0a8be0000, 0x00007fb0a8be0000, 0x00007fb10cc90000)
 tenured generation   total 33043492K, used 33043491K [0x00007fb2ddb50000, 0x00007fbabe859000, 0x00007fbd88600000)
   the space 33043492K,  99% used [0x00007fb2ddb50000, 0x00007fbabe858fe8, 0x00007fbabe859000, 0x00007fbabe859000)
 Metaspace       used 30477K, capacity 30914K, committed 31232K, reserved 32768K
GC Heap History (20 events):
Event: 965.264 GC heap after
{Heap after GC invocations=129 (full 9):
 def new generation   total 14752320K, used 1217478K [0x00007fad88600000, 0x00007fb170d40000, 0x00007fb2ddb50000)
  eden space 13113216K,   0% used [0x00007fad88600000, 0x00007fad88600000, 0x00007fb0a8be0000)
  from space 1639104K,  74% used [0x00007fb0a8be0000, 0x00007fb0f30d1bd8, 0x00007fb10cc90000)
  to   space 1639104K,   0% used [0x00007fb10cc90000, 0x00007fb10cc90000, 0x00007fb170d40000)
 tenured generation   total 32782756K, used 23420331K [0x00007fb2ddb50000, 0x00007fbaae9b9000, 0x00007fbd88600000)
   the space 32782756K,  71% used [0x00007fb2ddb50000, 0x00007fb8732bac18, 0x00007fb8732bae00, 0x00007fbaae9b9000)
 Metaspace       used 30477K, capacity 30914K, committed 31232K, reserved 32768K
}
Event: 969.510 GC heap before
{Heap before GC invocations=129 (full 9):
 def new generation   total 14752320K, used 14330694K [0x00007fad88600000, 0x00007fb170d40000, 0x00007fb2ddb50000)
  eden space 13113216K, 100% used [0x00007fad88600000, 0x00007fb0a8be0000, 0x00007fb0a8be0000)
  from space 1639104K,  74% used [0x00007fb0a8be0000, 0x00007fb0f30d1bd8, 0x00007fb10cc90000)
  to   space 1639104K,   0% used [0x00007fb10cc90000, 0x00007fb10cc90000, 0x00007fb170d40000)
 tenured generation   total 32782756K, used 23420331K [0x00007fb2ddb50000, 0x00007fbaae9b9000, 0x00007fbd88600000)
   the space 32782756K,  71% used [0x00007fb2ddb50000, 0x00007fb8732bac18, 0x00007fb8732bae00, 0x00007fbaae9b9000)
 Metaspace       used 30477K, capacity 30914K, committed 31232K, reserved 32768K
}
Event: 972.823 GC heap after
{Heap after GC invocations=130 (full 9):
 def new generation   total 14752320K, used 999154K [0x00007fad88600000, 0x00007fb170d40000, 0x00007fb2ddb50000)
  eden space 13113216K,   0% used [0x00007fad88600000, 0x00007fad88600000, 0x00007fb0a8be0000)
  from space 1639104K,  60% used [0x00007fb10cc90000, 0x00007fb149c4cbc0, 0x00007fb170d40000)
  to   space 1639104K,   0% used [0x00007fb0a8be0000, 0x00007fb0a8be0000, 0x00007fb10cc90000)
 tenured generation   total 32782756K, used 24637808K [0x00007fb2ddb50000, 0x00007fbaae9b9000, 0x00007fbd88600000)
   the space 32782756K,  75% used [0x00007fb2ddb50000, 0x00007fb8bd7ac2f0, 0x00007fb8bd7ac400, 0x00007fbaae9b9000)
 Metaspace       used 30477K, capacity 30914K, committed 31232K, reserved 32768K
}
Event: 976.478 GC heap before
{Heap before GC invocations=130 (full 9):
 def new generation   total 14752320K, used 14112370K [0x00007fad88600000, 0x00007fb170d40000, 0x00007fb2ddb50000)
  eden space 13113216K, 100% used [0x00007fad88600000, 0x00007fb0a8be0000, 0x00007fb0a8be0000)
  from space 1639104K,  60% used [0x00007fb10cc90000, 0x00007fb149c4cbc0, 0x00007fb170d40000)
  to   space 1639104K,   0% used [0x00007fb0a8be0000, 0x00007fb0a8be0000, 0x00007fb10cc90000)
 tenured generation   total 32782756K, used 24637808K [0x00007fb2ddb50000, 0x00007fbaae9b9000, 0x00007fbd88600000)
   the space 32782756K,  75% used [0x00007fb2ddb50000, 0x00007fb8bd7ac2f0, 0x00007fb8bd7ac400, 0x00007fbaae9b9000)
 Metaspace       used 30477K, capacity 30914K, committed 31232K, reserved 32768K
}
Event: 979.687 GC heap after
{Heap after GC invocations=131 (full 9):
 def new generation   total 14752320K, used 996200K [0x00007fad88600000, 0x00007fb170d40000, 0x00007fb2ddb50000)
  eden space 13113216K,   0% used [0x00007fad88600000, 0x00007fad88600000, 0x00007fb0a8be0000)
  from space 1639104K,  60% used [0x00007fb0a8be0000, 0x00007fb0e58ba150, 0x00007fb10cc90000)
  to   space 1639104K,   0% used [0x00007fb10cc90000, 0x00007fb10cc90000, 0x00007fb170d40000)
 tenured generation   total 32782756K, used 25636962K [0x00007fb2ddb50000, 0x00007fbaae9b9000, 0x00007fbd88600000)
   the space 32782756K,  78% used [0x00007fb2ddb50000, 0x00007fb8fa768b70, 0x00007fb8fa768c00, 0x00007fbaae9b9000)
 Metaspace       used 30477K, capacity 30914K, committed 31232K, reserved 32768K
}
Event: 983.146 GC heap before
{Heap before GC invocations=131 (full 9):
 def new generation   total 14752320K, used 14109416K [0x00007fad88600000, 0x00007fb170d40000, 0x00007fb2ddb50000)
  eden space 13113216K, 100% used [0x00007fad88600000, 0x00007fb0a8be0000, 0x00007fb0a8be0000)
  from space 1639104K,  60% used [0x00007fb0a8be0000, 0x00007fb0e58ba150, 0x00007fb10cc90000)
  to   space 1639104K,   0% used [0x00007fb10cc90000, 0x00007fb10cc90000, 0x00007fb170d40000)
 tenured generation   total 32782756K, used 25636962K [0x00007fb2ddb50000, 0x00007fbaae9b9000, 0x00007fbd88600000)
   the space 32782756K,  78% used [0x00007fb2ddb50000, 0x00007fb8fa768b70, 0x00007fb8fa768c00, 0x00007fbaae9b9000)
 Metaspace       used 30477K, capacity 30914K, committed 31232K, reserved 32768K
}
Event: 986.750 GC heap after
{Heap after GC invocations=132 (full 9):
 def new generation   total 14752320K, used 1169503K [0x00007fad88600000, 0x00007fb170d40000, 0x00007fb2ddb50000)
  eden space 13113216K,   0% used [0x00007fad88600000, 0x00007fad88600000, 0x00007fb0a8be0000)
  from space 1639104K,  71% used [0x00007fb10cc90000, 0x00007fb1542a7de0, 0x00007fb170d40000)
  to   space 1639104K,   0% used [0x00007fb0a8be0000, 0x00007fb0a8be0000, 0x00007fb10cc90000)
 tenured generation   total 32782756K, used 26633162K [0x00007fb2ddb50000, 0x00007fbaae9b9000, 0x00007fbd88600000)
   the space 32782756K,  81% used [0x00007fb2ddb50000, 0x00007fb937442a40, 0x00007fb937442c00, 0x00007fbaae9b9000)
 Metaspace       used 30477K, capacity 30914K, committed 31232K, reserved 32768K
}
Event: 990.578 GC heap before
{Heap before GC invocations=132 (full 9):
 def new generation   total 14752320K, used 14282719K [0x00007fad88600000, 0x00007fb170d40000, 0x00007fb2ddb50000)
  eden space 13113216K, 100% used [0x00007fad88600000, 0x00007fb0a8be0000, 0x00007fb0a8be0000)
  from space 1639104K,  71% used [0x00007fb10cc90000, 0x00007fb1542a7de0, 0x00007fb170d40000)
  to   space 1639104K,   0% used [0x00007fb0a8be0000, 0x00007fb0a8be0000, 0x00007fb10cc90000)
 tenured generation   total 32782756K, used 26633162K [0x00007fb2ddb50000, 0x00007fbaae9b9000, 0x00007fbd88600000)
   the space 32782756K,  81% used [0x00007fb2ddb50000, 0x00007fb937442a40, 0x00007fb937442c00, 0x00007fbaae9b9000)
 Metaspace       used 30477K, capacity 30914K, committed 31232K, reserved 32768K
}
Event: 993.336 GC heap after
{Heap after GC invocations=133 (full 9):
 def new generation   total 14752320K, used 983369K [0x00007fad88600000, 0x00007fb170d40000, 0x00007fb2ddb50000)
  eden space 13113216K,   0% used [0x00007fad88600000, 0x00007fad88600000, 0x00007fb0a8be0000)
  from space 1639104K,  59% used [0x00007fb0a8be0000, 0x00007fb0e4c327e0, 0x00007fb10cc90000)
  to   space 1639104K,   0% used [0x00007fb10cc90000, 0x00007fb10cc90000, 0x00007fb170d40000)
 tenured generation   total 32782756K, used 27802665K [0x00007fb2ddb50000, 0x00007fbaae9b9000, 0x00007fbd88600000)
   the space 32782756K,  84% used [0x00007fb2ddb50000, 0x00007fb97ea5a570, 0x00007fb97ea5a600, 0x00007fbaae9b9000)
 Metaspace       used 30477K, capacity 30914K, committed 31232K, reserved 32768K
}
Event: 996.973 GC heap before
{Heap before GC invocations=133 (full 9):
 def new generation   total 14752320K, used 14096585K [0x00007fad88600000, 0x00007fb170d40000, 0x00007fb2ddb50000)
  eden space 13113216K, 100% used [0x00007fad88600000, 0x00007fb0a8be0000, 0x00007fb0a8be0000)
  from space 1639104K,  59% used [0x00007fb0a8be0000, 0x00007fb0e4c327e0, 0x00007fb10cc90000)
  to   space 1639104K,   0% used [0x00007fb10cc90000, 0x00007fb10cc90000, 0x00007fb170d40000)
 tenured generation   total 32782756K, used 27802665K [0x00007fb2ddb50000, 0x00007fbaae9b9000, 0x00007fbd88600000)
   the space 32782756K,  84% used [0x00007fb2ddb50000, 0x00007fb97ea5a570, 0x00007fb97ea5a600, 0x00007fbaae9b9000)
 Metaspace       used 30477K, capacity 30914K, committed 31232K, reserved 32768K
}
Event: 999.683 GC heap after
{Heap after GC invocations=134 (full 9):
 def new generation   total 14752320K, used 989307K [0x00007fad88600000, 0x00007fb170d40000, 0x00007fb2ddb50000)
  eden space 13113216K,   0% used [0x00007fad88600000, 0x00007fad88600000, 0x00007fb0a8be0000)
  from space 1639104K,  60% used [0x00007fb10cc90000, 0x00007fb1492aec10, 0x00007fb170d40000)
  to   space 1639104K,   0% used [0x00007fb0a8be0000, 0x00007fb0a8be0000, 0x00007fb10cc90000)
 tenured generation   total 32782756K, used 28786034K [0x00007fb2ddb50000, 0x00007fbaae9b9000, 0x00007fbd88600000)
   the space 32782756K,  87% used [0x00007fb2ddb50000, 0x00007fb9baaacb90, 0x00007fb9baaacc00, 0x00007fbaae9b9000)
 Metaspace       used 30477K, capacity 30914K, committed 31232K, reserved 32768K
}
Event: 1003.082 GC heap before
{Heap before GC invocations=134 (full 9):
 def new generation   total 14752320K, used 14102523K [0x00007fad88600000, 0x00007fb170d40000, 0x00007fb2ddb50000)
  eden space 13113216K, 100% used [0x00007fad88600000, 0x00007fb0a8be0000, 0x00007fb0a8be0000)
  from space 1639104K,  60% used [0x00007fb10cc90000, 0x00007fb1492aec10, 0x00007fb170d40000)
  to   space 1639104K,   0% used [0x00007fb0a8be0000, 0x00007fb0a8be0000, 0x00007fb10cc90000)
 tenured generation   total 32782756K, used 28786034K [0x00007fb2ddb50000, 0x00007fbaae9b9000, 0x00007fbd88600000)
   the space 32782756K,  87% used [0x00007fb2ddb50000, 0x00007fb9baaacb90, 0x00007fb9baaacc00, 0x00007fbaae9b9000)
 Metaspace       used 30477K, capacity 30914K, committed 31232K, reserved 32768K
}
Event: 1006.448 GC heap after
{Heap after GC invocations=135 (full 9):
 def new generation   total 14752320K, used 1103497K [0x00007fad88600000, 0x00007fb170d40000, 0x00007fb2ddb50000)
  eden space 13113216K,   0% used [0x00007fad88600000, 0x00007fad88600000, 0x00007fb0a8be0000)
  from space 1639104K,  67% used [0x00007fb0a8be0000, 0x00007fb0ec182590, 0x00007fb10cc90000)
  to   space 1639104K,   0% used [0x00007fb10cc90000, 0x00007fb10cc90000, 0x00007fb170d40000)
 tenured generation   total 32782756K, used 29775341K [0x00007fb2ddb50000, 0x00007fbaae9b9000, 0x00007fbd88600000)
   the space 32782756K,  90% used [0x00007fb2ddb50000, 0x00007fb9f70cb590, 0x00007fb9f70cb600, 0x00007fbaae9b9000)
 Metaspace       used 30477K, capacity 30914K, committed 31232K, reserved 32768K
}
Event: 1010.186 GC heap before
{Heap before GC invocations=135 (full 9):
 def new generation   total 14752320K, used 14216713K [0x00007fad88600000, 0x00007fb170d40000, 0x00007fb2ddb50000)
  eden space 13113216K, 100% used [0x00007fad88600000, 0x00007fb0a8be0000, 0x00007fb0a8be0000)
  from space 1639104K,  67% used [0x00007fb0a8be0000, 0x00007fb0ec182590, 0x00007fb10cc90000)
  to   space 1639104K,   0% used [0x00007fb10cc90000, 0x00007fb10cc90000, 0x00007fb170d40000)
 tenured generation   total 32782756K, used 29775341K [0x00007fb2ddb50000, 0x00007fbaae9b9000, 0x00007fbd88600000)
   the space 32782756K,  90% used [0x00007fb2ddb50000, 0x00007fb9f70cb590, 0x00007fb9f70cb600, 0x00007fbaae9b9000)
 Metaspace       used 30477K, capacity 30914K, committed 31232K, reserved 32768K
}
Event: 1013.245 GC heap after
{Heap after GC invocations=136 (full 9):
 def new generation   total 14752320K, used 1168685K [0x00007fad88600000, 0x00007fb170d40000, 0x00007fb2ddb50000)
  eden space 13113216K,   0% used [0x00007fad88600000, 0x00007fad88600000, 0x00007fb0a8be0000)
  from space 1639104K,  71% used [0x00007fb10cc90000, 0x00007fb1541db550, 0x00007fb170d40000)
  to   space 1639104K,   0% used [0x00007fb0a8be0000, 0x00007fb0a8be0000, 0x00007fb10cc90000)
 tenured generation   total 32782756K, used 30878838K [0x00007fb2ddb50000, 0x00007fbaae9b9000, 0x00007fbd88600000)
   the space 32782756K,  94% used [0x00007fb2ddb50000, 0x00007fba3a66d920, 0x00007fba3a66da00, 0x00007fbaae9b9000)
 Metaspace       used 30477K, capacity 30914K, committed 31232K, reserved 32768K
}
Event: 1016.659 GC heap before
{Heap before GC invocations=136 (full 9):
 def new generation   total 14752320K, used 14281901K [0x00007fad88600000, 0x00007fb170d40000, 0x00007fb2ddb50000)
  eden space 13113216K, 100% used [0x00007fad88600000, 0x00007fb0a8be0000, 0x00007fb0a8be0000)
  from space 1639104K,  71% used [0x00007fb10cc90000, 0x00007fb1541db550, 0x00007fb170d40000)
  to   space 1639104K,   0% used [0x00007fb0a8be0000, 0x00007fb0a8be0000, 0x00007fb10cc90000)
 tenured generation   total 32782756K, used 30878838K [0x00007fb2ddb50000, 0x00007fbaae9b9000, 0x00007fbd88600000)
   the space 32782756K,  94% used [0x00007fb2ddb50000, 0x00007fba3a66d920, 0x00007fba3a66da00, 0x00007fbaae9b9000)
 Metaspace       used 30477K, capacity 30914K, committed 31232K, reserved 32768K
}
Event: 1019.990 GC heap after
{Heap after GC invocations=137 (full 9):
 def new generation   total 14752320K, used 995797K [0x00007fad88600000, 0x00007fb170d40000, 0x00007fb2ddb50000)
  eden space 13113216K,   0% used [0x00007fad88600000, 0x00007fad88600000, 0x00007fb0a8be0000)
  from space 1639104K,  60% used [0x00007fb0a8be0000, 0x00007fb0e58556f0, 0x00007fb10cc90000)
  to   space 1639104K,   0% used [0x00007fb10cc90000, 0x00007fb10cc90000, 0x00007fb170d40000)
 tenured generation   total 32782756K, used 32047522K [0x00007fb2ddb50000, 0x00007fbaae9b9000, 0x00007fbd88600000)
   the space 32782756K,  97% used [0x00007fb2ddb50000, 0x00007fba81bb8ae0, 0x00007fba81bb8c00, 0x00007fbaae9b9000)
 Metaspace       used 30477K, capacity 30914K, committed 31232K, reserved 32768K
}
Event: 1023.436 GC heap before
{Heap before GC invocations=137 (full 9):
 def new generation   total 14752320K, used 14109013K [0x00007fad88600000, 0x00007fb170d40000, 0x00007fb2ddb50000)
  eden space 13113216K, 100% used [0x00007fad88600000, 0x00007fb0a8be0000, 0x00007fb0a8be0000)
  from space 1639104K,  60% used [0x00007fb0a8be0000, 0x00007fb0e58556f0, 0x00007fb10cc90000)
  to   space 1639104K,   0% used [0x00007fb10cc90000, 0x00007fb10cc90000, 0x00007fb170d40000)
 tenured generation   total 32782756K, used 32047522K [0x00007fb2ddb50000, 0x00007fbaae9b9000, 0x00007fbd88600000)
   the space 32782756K,  97% used [0x00007fb2ddb50000, 0x00007fba81bb8ae0, 0x00007fba81bb8c00, 0x00007fbaae9b9000)
 Metaspace       used 30477K, capacity 30914K, committed 31232K, reserved 32768K
}
Event: 1027.055 GC heap after
{Heap after GC invocations=138 (full 9):
 def new generation   total 14752320K, used 1325364K [0x00007fad88600000, 0x00007fb170d40000, 0x00007fb2ddb50000)
  eden space 13113216K,   0% used [0x00007fad88600000, 0x00007fad88600000, 0x00007fb0a8be0000)
  from space 1639104K,  80% used [0x00007fb10cc90000, 0x00007fb15dadd380, 0x00007fb170d40000)
  to   space 1639104K,   0% used [0x00007fb0a8be0000, 0x00007fb0a8be0000, 0x00007fb10cc90000)
 tenured generation   total 33043492K, used 33043319K [0x00007fb2ddb50000, 0x00007fbabe859000, 0x00007fbd88600000)
   the space 33043492K,  99% used [0x00007fb2ddb50000, 0x00007fbabe82df00, 0x00007fbabe82e000, 0x00007fbabe859000)
 Metaspace       used 30477K, capacity 30914K, committed 31232K, reserved 32768K
}
Event: 1027.055 GC heap before
{Heap before GC invocations=138 (full 9):
 def new generation   total 14752320K, used 1325364K [0x00007fad88600000, 0x00007fb170d40000, 0x00007fb2ddb50000)
  eden space 13113216K,   0% used [0x00007fad88600000, 0x00007fad88600000, 0x00007fb0a8be0000)
  from space 1639104K,  80% used [0x00007fb10cc90000, 0x00007fb15dadd380, 0x00007fb170d40000)
  to   space 1639104K,   0% used [0x00007fb0a8be0000, 0x00007fb0a8be0000, 0x00007fb10cc90000)
 tenured generation   total 33043492K, used 33043319K [0x00007fb2ddb50000, 0x00007fbabe859000, 0x00007fbd88600000)
   the space 33043492K,  99% used [0x00007fb2ddb50000, 0x00007fbabe82df00, 0x00007fbabe82e000, 0x00007fbabe859000)
 Metaspace       used 30477K, capacity 30914K, committed 31232K, reserved 32768K
}

