# JRE version: OpenJDK Runtime Environment (13.0.7+5) (build 13.0.7+5-Ubuntu-0ubuntu120.04)
# Java VM: OpenJDK 64-Bit Server VM (13.0.7+5-Ubuntu-0ubuntu120.04, mixed mode, tiered, compressed oops, serial gc, linux-amd64)
Heap:
 def new generation   total 1549440K, used 0K [0x0000000080200000, 0x00000000e9340000, 0x0000000300150000)
  eden space 1377280K,   0% used [0x0000000080200000, 0x0000000080200000, 0x00000000d4300000)
  from space 172160K,   0% used [0x00000000d4300000, 0x00000000d4300000, 0x00000000deb20000)
  to   space 172160K,   0% used [0x00000000deb20000, 0x00000000deb20000, 0x00000000e9340000)
 tenured generation   total 3478436K, used 2342164K [0x0000000300150000, 0x00000003d4639000, 0x0000000800000000)
   the space 3478436K,  67% used [0x0000000300150000, 0x000000038f095028, 0x000000038f095200, 0x00000003d4639000)
 Metaspace       used 22746K, capacity 23297K, committed 23680K, reserved 1071104K
  class space    used 2354K, capacity 2568K, committed 2688K, reserved 1048576K
GC Heap History (20 events):
Event: 630.875 GC heap after
{Heap after GC invocations=569 (full 21):
 def new generation   total 1549440K, used 50468K [0x0000000080200000, 0x00000000e9340000, 0x0000000300150000)
  eden space 1377280K,   0% used [0x0000000080200000, 0x0000000080200000, 0x00000000d4300000)
  from space 172160K,  29% used [0x00000000deb20000, 0x00000000e1c690b8, 0x00000000e9340000)
  to   space 172160K,   0% used [0x00000000d4300000, 0x00000000d4300000, 0x00000000deb20000)
 tenured generation   total 3443080K, used 3121979K [0x0000000300150000, 0x00000003d23b2000, 0x0000000800000000)
   the space 3443080K,  90% used [0x0000000300150000, 0x00000003bea1ef80, 0x00000003bea1f000, 0x00000003d23b2000)
 Metaspace       used 22746K, capacity 23297K, committed 23680K, reserved 1071104K
  class space    used 2354K, capacity 2568K, committed 2688K, reserved 1048576K
}
Event: 632.218 GC heap before
{Heap before GC invocations=569 (full 21):
 def new generation   total 1549440K, used 1427748K [0x0000000080200000, 0x00000000e9340000, 0x0000000300150000)
  eden space 1377280K, 100% used [0x0000000080200000, 0x00000000d4300000, 0x00000000d4300000)
  from space 172160K,  29% used [0x00000000deb20000, 0x00000000e1c690b8, 0x00000000e9340000)
  to   space 172160K,   0% used [0x00000000d4300000, 0x00000000d4300000, 0x00000000deb20000)
 tenured generation   total 3443080K, used 3121979K [0x0000000300150000, 0x00000003d23b2000, 0x0000000800000000)
   the space 3443080K,  90% used [0x0000000300150000, 0x00000003bea1ef80, 0x00000003bea1f000, 0x00000003d23b2000)
 Metaspace       used 22746K, capacity 23297K, committed 23680K, reserved 1071104K
  class space    used 2354K, capacity 2568K, committed 2688K, reserved 1048576K
}
Event: 632.339 GC heap after
{Heap after GC invocations=570 (full 21):
 def new generation   total 1549440K, used 132343K [0x0000000080200000, 0x00000000e9340000, 0x0000000300150000)
  eden space 1377280K,   0% used [0x0000000080200000, 0x0000000080200000, 0x00000000d4300000)
  from space 172160K,  76% used [0x00000000d4300000, 0x00000000dc43df88, 0x00000000deb20000)
  to   space 172160K,   0% used [0x00000000deb20000, 0x00000000deb20000, 0x00000000e9340000)
 tenured generation   total 3443080K, used 3121979K [0x0000000300150000, 0x00000003d23b2000, 0x0000000800000000)
   the space 3443080K,  90% used [0x0000000300150000, 0x00000003bea1ef80, 0x00000003bea1f000, 0x00000003d23b2000)
 Metaspace       used 22746K, capacity 23297K, committed 23680K, reserved 1071104K
  class space    used 2354K, capacity 2568K, committed 2688K, reserved 1048576K
}
Event: 633.666 GC heap before
{Heap before GC invocations=570 (full 21):
 def new generation   total 1549440K, used 1509623K [0x0000000080200000, 0x00000000e9340000, 0x0000000300150000)
  eden space 1377280K, 100% used [0x0000000080200000, 0x00000000d4300000, 0x00000000d4300000)
  from space 172160K,  76% used [0x00000000d4300000, 0x00000000dc43df88, 0x00000000deb20000)
  to   space 172160K,   0% used [0x00000000deb20000, 0x00000000deb20000, 0x00000000e9340000)
 tenured generation   total 3443080K, used 3121979K [0x0000000300150000, 0x00000003d23b2000, 0x0000000800000000)
   the space 3443080K,  90% used [0x0000000300150000, 0x00000003bea1ef80, 0x00000003bea1f000, 0x00000003d23b2000)
 Metaspace       used 22746K, capacity 23297K, committed 23680K, reserved 1071104K
  class space    used 2354K, capacity 2568K, committed 2688K, reserved 1048576K
}
Event: 633.934 GC heap after
{Heap after GC invocations=571 (full 21):
 def new generation   total 1549440K, used 164761K [0x0000000080200000, 0x00000000e9340000, 0x0000000300150000)
  eden space 1377280K,   0% used [0x0000000080200000, 0x0000000080200000, 0x00000000d4300000)
  from space 172160K,  95% used [0x00000000deb20000, 0x00000000e8c06680, 0x00000000e9340000)
  to   space 172160K,   0% used [0x00000000d4300000, 0x00000000d4300000, 0x00000000deb20000)
 tenured generation   total 3443080K, used 3171931K [0x0000000300150000, 0x00000003d23b2000, 0x0000000800000000)
   the space 3443080K,  92% used [0x0000000300150000, 0x00000003c1ae6d80, 0x00000003c1ae6e00, 0x00000003d23b2000)
 Metaspace       used 22746K, capacity 23297K, committed 23680K, reserved 1071104K
  class space    used 2354K, capacity 2568K, committed 2688K, reserved 1048576K
}
Event: 635.274 GC heap before
{Heap before GC invocations=571 (full 21):
 def new generation   total 1549440K, used 1542041K [0x0000000080200000, 0x00000000e9340000, 0x0000000300150000)
  eden space 1377280K, 100% used [0x0000000080200000, 0x00000000d4300000, 0x00000000d4300000)
  from space 172160K,  95% used [0x00000000deb20000, 0x00000000e8c06680, 0x00000000e9340000)
  to   space 172160K,   0% used [0x00000000d4300000, 0x00000000d4300000, 0x00000000deb20000)
 tenured generation   total 3443080K, used 3171931K [0x0000000300150000, 0x00000003d23b2000, 0x0000000800000000)
   the space 3443080K,  92% used [0x0000000300150000, 0x00000003c1ae6d80, 0x00000003c1ae6e00, 0x00000003d23b2000)
 Metaspace       used 22746K, capacity 23297K, committed 23680K, reserved 1071104K
  class space    used 2354K, capacity 2568K, committed 2688K, reserved 1048576K
}
Event: 635.560 GC heap after
{Heap after GC invocations=572 (full 21):
 def new generation   total 1549440K, used 164766K [0x0000000080200000, 0x00000000e9340000, 0x0000000300150000)
  eden space 1377280K,   0% used [0x0000000080200000, 0x0000000080200000, 0x00000000d4300000)
  from space 172160K,  95% used [0x00000000d4300000, 0x00000000de3e7ac8, 0x00000000deb20000)
  to   space 172160K,   0% used [0x00000000deb20000, 0x00000000deb20000, 0x00000000e9340000)
 tenured generation   total 3443080K, used 3253798K [0x0000000300150000, 0x00000003d23b2000, 0x0000000800000000)
   the space 3443080K,  94% used [0x0000000300150000, 0x00000003c6ad9ae0, 0x00000003c6ad9c00, 0x00000003d23b2000)
 Metaspace       used 22746K, capacity 23297K, committed 23680K, reserved 1071104K
  class space    used 2354K, capacity 2568K, committed 2688K, reserved 1048576K
}
Event: 636.855 GC heap before
{Heap before GC invocations=572 (full 21):
 def new generation   total 1549440K, used 1542046K [0x0000000080200000, 0x00000000e9340000, 0x0000000300150000)
  eden space 1377280K, 100% used [0x0000000080200000, 0x00000000d4300000, 0x00000000d4300000)
  from space 172160K,  95% used [0x00000000d4300000, 0x00000000de3e7ac8, 0x00000000deb20000)
  to   space 172160K,   0% used [0x00000000deb20000, 0x00000000deb20000, 0x00000000e9340000)
 tenured generation   total 3443080K, used 3253798K [0x0000000300150000, 0x00000003d23b2000, 0x0000000800000000)
   the space 3443080K,  94% used [0x0000000300150000, 0x00000003c6ad9ae0, 0x00000003c6ad9c00, 0x00000003d23b2000)
 Metaspace       used 22746K, capacity 23297K, committed 23680K, reserved 1071104K
  class space    used 2354K, capacity 2568K, committed 2688K, reserved 1048576K
}
Event: 636.964 GC heap after
{Heap after GC invocations=573 (full 21):
 def new generation   total 1549440K, used 116222K [0x0000000080200000, 0x00000000e9340000, 0x0000000300150000)
  eden space 1377280K,   0% used [0x0000000080200000, 0x0000000080200000, 0x00000000d4300000)
  from space 172160K,  67% used [0x00000000deb20000, 0x00000000e5c9f980, 0x00000000e9340000)
  to   space 172160K,   0% used [0x00000000d4300000, 0x00000000d4300000, 0x00000000deb20000)
 tenured generation   total 3443080K, used 3263644K [0x0000000300150000, 0x00000003d23b2000, 0x0000000800000000)
   the space 3443080K,  94% used [0x0000000300150000, 0x00000003c74770e0, 0x00000003c7477200, 0x00000003d23b2000)
 Metaspace       used 22746K, capacity 23297K, committed 23680K, reserved 1071104K
  class space    used 2354K, capacity 2568K, committed 2688K, reserved 1048576K
}
Event: 638.287 GC heap before
{Heap before GC invocations=573 (full 21):
 def new generation   total 1549440K, used 1493502K [0x0000000080200000, 0x00000000e9340000, 0x0000000300150000)
  eden space 1377280K, 100% used [0x0000000080200000, 0x00000000d4300000, 0x00000000d4300000)
  from space 172160K,  67% used [0x00000000deb20000, 0x00000000e5c9f980, 0x00000000e9340000)
  to   space 172160K,   0% used [0x00000000d4300000, 0x00000000d4300000, 0x00000000deb20000)
 tenured generation   total 3443080K, used 3263644K [0x0000000300150000, 0x00000003d23b2000, 0x0000000800000000)
   the space 3443080K,  94% used [0x0000000300150000, 0x00000003c74770e0, 0x00000003c7477200, 0x00000003d23b2000)
 Metaspace       used 22746K, capacity 23297K, committed 23680K, reserved 1071104K
  class space    used 2354K, capacity 2568K, committed 2688K, reserved 1048576K
}
Event: 638.544 GC heap after
{Heap after GC invocations=574 (full 21):
 def new generation   total 1549440K, used 82382K [0x0000000080200000, 0x00000000e9340000, 0x0000000300150000)
  eden space 1377280K,   0% used [0x0000000080200000, 0x0000000080200000, 0x00000000d4300000)
  from space 172160K,  47% used [0x00000000d4300000, 0x00000000d9373848, 0x00000000deb20000)
  to   space 172160K,   0% used [0x00000000deb20000, 0x00000000deb20000, 0x00000000e9340000)
 tenured generation   total 3443080K, used 3379341K [0x0000000300150000, 0x00000003d23b2000, 0x0000000800000000)
   the space 3443080K,  98% used [0x0000000300150000, 0x00000003ce5736a0, 0x00000003ce573800, 0x00000003d23b2000)
 Metaspace       used 22746K, capacity 23297K, committed 23680K, reserved 1071104K
  class space    used 2354K, capacity 2568K, committed 2688K, reserved 1048576K
}
Event: 639.877 GC heap before
{Heap before GC invocations=574 (full 21):
 def new generation   total 1549440K, used 1459662K [0x0000000080200000, 0x00000000e9340000, 0x0000000300150000)
  eden space 1377280K, 100% used [0x0000000080200000, 0x00000000d4300000, 0x00000000d4300000)
  from space 172160K,  47% used [0x00000000d4300000, 0x00000000d9373848, 0x00000000deb20000)
  to   space 172160K,   0% used [0x00000000deb20000, 0x00000000deb20000, 0x00000000e9340000)
 tenured generation   total 3443080K, used 3379341K [0x0000000300150000, 0x00000003d23b2000, 0x0000000800000000)
   the space 3443080K,  98% used [0x0000000300150000, 0x00000003ce5736a0, 0x00000003ce573800, 0x00000003d23b2000)
 Metaspace       used 22746K, capacity 23297K, committed 23680K, reserved 1071104K
  class space    used 2354K, capacity 2568K, committed 2688K, reserved 1048576K
}
Event: 640.062 GC heap after
{Heap after GC invocations=575 (full 21):
 def new generation   total 1549440K, used 165270K [0x0000000080200000, 0x00000000e9340000, 0x0000000300150000)
  eden space 1377280K,   0% used [0x0000000080200000, 0x0000000080200000, 0x00000000d4300000)
  from space 172160K,  95% used [0x00000000deb20000, 0x00000000e8c858d0, 0x00000000e9340000)
  to   space 172160K,   0% used [0x00000000d4300000, 0x00000000d4300000, 0x00000000deb20000)
 tenured generation   total 3443080K, used 3379341K [0x0000000300150000, 0x00000003d23b2000, 0x0000000800000000)
   the space 3443080K,  98% used [0x0000000300150000, 0x00000003ce5736a0, 0x00000003ce573800, 0x00000003d23b2000)
 Metaspace       used 22746K, capacity 23297K, committed 23680K, reserved 1071104K
  class space    used 2354K, capacity 2568K, committed 2688K, reserved 1048576K
}
Event: 641.369 GC heap before
{Heap before GC invocations=575 (full 21):
 def new generation   total 1549440K, used 1542550K [0x0000000080200000, 0x00000000e9340000, 0x0000000300150000)
  eden space 1377280K, 100% used [0x0000000080200000, 0x00000000d4300000, 0x00000000d4300000)
  from space 172160K,  95% used [0x00000000deb20000, 0x00000000e8c858d0, 0x00000000e9340000)
  to   space 172160K,   0% used [0x00000000d4300000, 0x00000000d4300000, 0x00000000deb20000)
 tenured generation   total 3443080K, used 3379341K [0x0000000300150000, 0x00000003d23b2000, 0x0000000800000000)
   the space 3443080K,  98% used [0x0000000300150000, 0x00000003ce5736a0, 0x00000003ce573800, 0x00000003d23b2000)
 Metaspace       used 22746K, capacity 23297K, committed 23680K, reserved 1071104K
  class space    used 2354K, capacity 2568K, committed 2688K, reserved 1048576K
}
Event: 641.459 GC heap after
{Heap after GC invocations=576 (full 21):
 def new generation   total 1549440K, used 91340K [0x0000000080200000, 0x00000000e9340000, 0x0000000300150000)
  eden space 1377280K,   0% used [0x0000000080200000, 0x0000000080200000, 0x00000000d4300000)
  from space 172160K,  53% used [0x00000000d4300000, 0x00000000d9c331b0, 0x00000000deb20000)
  to   space 172160K,   0% used [0x00000000deb20000, 0x00000000deb20000, 0x00000000e9340000)
 tenured generation   total 3443080K, used 3388120K [0x0000000300150000, 0x00000003d23b2000, 0x0000000800000000)
   the space 3443080K,  98% used [0x0000000300150000, 0x00000003cee06110, 0x00000003cee06200, 0x00000003d23b2000)
 Metaspace       used 22746K, capacity 23297K, committed 23680K, reserved 1071104K
  class space    used 2354K, capacity 2568K, committed 2688K, reserved 1048576K
}
Event: 642.760 GC heap before
{Heap before GC invocations=576 (full 21):
 def new generation   total 1549440K, used 1468620K [0x0000000080200000, 0x00000000e9340000, 0x0000000300150000)
  eden space 1377280K, 100% used [0x0000000080200000, 0x00000000d4300000, 0x00000000d4300000)
  from space 172160K,  53% used [0x00000000d4300000, 0x00000000d9c331b0, 0x00000000deb20000)
  to   space 172160K,   0% used [0x00000000deb20000, 0x00000000deb20000, 0x00000000e9340000)
 tenured generation   total 3443080K, used 3388120K [0x0000000300150000, 0x00000003d23b2000, 0x0000000800000000)
   the space 3443080K,  98% used [0x0000000300150000, 0x00000003cee06110, 0x00000003cee06200, 0x00000003d23b2000)
 Metaspace       used 22746K, capacity 23297K, committed 23680K, reserved 1071104K
  class space    used 2354K, capacity 2568K, committed 2688K, reserved 1048576K
}
Event: 642.921 GC heap after
{Heap after GC invocations=577 (full 21):
 def new generation   total 1549440K, used 163912K [0x0000000080200000, 0x00000000e9340000, 0x0000000300150000)
  eden space 1377280K,   0% used [0x0000000080200000, 0x0000000080200000, 0x00000000d4300000)
  from space 172160K,  95% used [0x00000000deb20000, 0x00000000e8b32000, 0x00000000e9340000)
  to   space 172160K,   0% used [0x00000000d4300000, 0x00000000d4300000, 0x00000000deb20000)
 tenured generation   total 3443080K, used 3397425K [0x0000000300150000, 0x00000003d23b2000, 0x0000000800000000)
   the space 3443080K,  98% used [0x0000000300150000, 0x00000003cf71c720, 0x00000003cf71c800, 0x00000003d23b2000)
 Metaspace       used 22746K, capacity 23297K, committed 23680K, reserved 1071104K
  class space    used 2354K, capacity 2568K, committed 2688K, reserved 1048576K
}
Event: 644.256 GC heap before
{Heap before GC invocations=577 (full 21):
 def new generation   total 1549440K, used 1541192K [0x0000000080200000, 0x00000000e9340000, 0x0000000300150000)
  eden space 1377280K, 100% used [0x0000000080200000, 0x00000000d4300000, 0x00000000d4300000)
  from space 172160K,  95% used [0x00000000deb20000, 0x00000000e8b32000, 0x00000000e9340000)
  to   space 172160K,   0% used [0x00000000d4300000, 0x00000000d4300000, 0x00000000deb20000)
 tenured generation   total 3443080K, used 3397425K [0x0000000300150000, 0x00000003d23b2000, 0x0000000800000000)
   the space 3443080K,  98% used [0x0000000300150000, 0x00000003cf71c720, 0x00000003cf71c800, 0x00000003d23b2000)
 Metaspace       used 22746K, capacity 23297K, committed 23680K, reserved 1071104K
  class space    used 2354K, capacity 2568K, committed 2688K, reserved 1048576K
}
Event: 644.551 GC heap after
{Heap after GC invocations=578 (full 21):
 def new generation   total 1549440K, used 164769K [0x0000000080200000, 0x00000000e9340000, 0x0000000300150000)
  eden space 1377280K,   0% used [0x0000000080200000, 0x0000000080200000, 0x00000000d4300000)
  from space 172160K,  95% used [0x00000000d4300000, 0x00000000de3e8488, 0x00000000deb20000)
  to   space 172160K,   0% used [0x00000000deb20000, 0x00000000deb20000, 0x00000000e9340000)
 tenured generation   total 3478436K, used 3478432K [0x0000000300150000, 0x00000003d4639000, 0x0000000800000000)
   the space 3478436K,  99% used [0x0000000300150000, 0x00000003d4638138, 0x00000003d4638200, 0x00000003d4639000)
 Metaspace       used 22746K, capacity 23297K, committed 23680K, reserved 1071104K
  class space    used 2354K, capacity 2568K, committed 2688K, reserved 1048576K
}
Event: 644.551 GC heap before
{Heap before GC invocations=578 (full 21):
 def new generation   total 1549440K, used 164769K [0x0000000080200000, 0x00000000e9340000, 0x0000000300150000)
  eden space 1377280K,   0% used [0x0000000080200000, 0x0000000080200000, 0x00000000d4300000)
  from space 172160K,  95% used [0x00000000d4300000, 0x00000000de3e8488, 0x00000000deb20000)
  to   space 172160K,   0% used [0x00000000deb20000, 0x00000000deb20000, 0x00000000e9340000)
 tenured generation   total 3478436K, used 3478432K [0x0000000300150000, 0x00000003d4639000, 0x0000000800000000)
   the space 3478436K,  99% used [0x0000000300150000, 0x00000003d4638138, 0x00000003d4638200, 0x00000003d4639000)
 Metaspace       used 22746K, capacity 23297K, committed 23680K, reserved 1071104K
  class space    used 2354K, capacity 2568K, committed 2688K, reserved 1048576K
}

