# JRE version: OpenJDK Runtime Environment (13.0.7+5) (build 13.0.7+5-Ubuntu-0ubuntu120.04)
# Java VM: OpenJDK 64-Bit Server VM (13.0.7+5-Ubuntu-0ubuntu120.04, mixed mode, tiered, serial gc, linux-amd64)
Heap:
 def new generation   total 6778240K, used 603987K [0x00007f1cd8600000, 0x00007f1ea40d0000, 0x00007f222db50000)
  eden space 6025152K,  10% used [0x00007f1cd8600000, 0x00007f1cfd3d4e20, 0x00007f1e481f0000)
  from space 753088K,   0% used [0x00007f1e76160000, 0x00007f1e76160000, 0x00007f1ea40d0000)
  to   space 753088K,   0% used [0x00007f1e481f0000, 0x00007f1e481f0000, 0x00007f1e76160000)
 tenured generation   total 15454816K, used 15454815K [0x00007f222db50000, 0x00007f25dcfe8000, 0x00007f2cd8600000)
   the space 15454816K,  99% used [0x00007f222db50000, 0x00007f25dcfe7ff8, 0x00007f25dcfe8000, 0x00007f25dcfe8000)
 Metaspace       used 30736K, capacity 31108K, committed 31232K, reserved 32768K
GC Heap History (20 events):
Event: 387.133 GC heap after
{Heap after GC invocations=106 (full 12):
 def new generation   total 3889472K, used 432128K [0x00007f1cd8600000, 0x00007f1de0250000, 0x00007f222db50000)
  eden space 3457344K,   0% used [0x00007f1cd8600000, 0x00007f1cd8600000, 0x00007f1dab650000)
  from space 432128K, 100% used [0x00007f1dab650000, 0x00007f1dc5c50000, 0x00007f1dc5c50000)
  to   space 432128K,   0% used [0x00007f1dc5c50000, 0x00007f1dc5c50000, 0x00007f1de0250000)
 tenured generation   total 8643168K, used 7607357K [0x00007f222db50000, 0x00007f243d3e8000, 0x00007f2cd8600000)
   the space 8643168K,  88% used [0x00007f222db50000, 0x00007f23fe05f7d0, 0x00007f23fe05f800, 0x00007f243d3e8000)
 Metaspace       used 30736K, capacity 31108K, committed 31232K, reserved 32768K
}
Event: 388.015 GC heap before
{Heap before GC invocations=106 (full 12):
 def new generation   total 3889472K, used 3889472K [0x00007f1cd8600000, 0x00007f1de0250000, 0x00007f222db50000)
  eden space 3457344K, 100% used [0x00007f1cd8600000, 0x00007f1dab650000, 0x00007f1dab650000)
  from space 432128K, 100% used [0x00007f1dab650000, 0x00007f1dc5c50000, 0x00007f1dc5c50000)
  to   space 432128K,   0% used [0x00007f1dc5c50000, 0x00007f1dc5c50000, 0x00007f1de0250000)
 tenured generation   total 8643168K, used 7607357K [0x00007f222db50000, 0x00007f243d3e8000, 0x00007f2cd8600000)
   the space 8643168K,  88% used [0x00007f222db50000, 0x00007f23fe05f7d0, 0x00007f23fe05f800, 0x00007f243d3e8000)
 Metaspace       used 30736K, capacity 31108K, committed 31232K, reserved 32768K
}
Event: 389.211 GC heap after
{Heap after GC invocations=107 (full 12):
 def new generation   total 3889472K, used 432128K [0x00007f1cd8600000, 0x00007f1de0250000, 0x00007f222db50000)
  eden space 3457344K,   0% used [0x00007f1cd8600000, 0x00007f1cd8600000, 0x00007f1dab650000)
  from space 432128K, 100% used [0x00007f1dc5c50000, 0x00007f1de0250000, 0x00007f1de0250000)
  to   space 432128K,   0% used [0x00007f1dab650000, 0x00007f1dab650000, 0x00007f1dc5c50000)
 tenured generation   total 8643168K, used 8076547K [0x00007f222db50000, 0x00007f243d3e8000, 0x00007f2cd8600000)
   the space 8643168K,  93% used [0x00007f222db50000, 0x00007f241aa90fa0, 0x00007f241aa91000, 0x00007f243d3e8000)
 Metaspace       used 30736K, capacity 31108K, committed 31232K, reserved 32768K
}
Event: 390.092 GC heap before
{Heap before GC invocations=107 (full 12):
 def new generation   total 3889472K, used 3889472K [0x00007f1cd8600000, 0x00007f1de0250000, 0x00007f222db50000)
  eden space 3457344K, 100% used [0x00007f1cd8600000, 0x00007f1dab650000, 0x00007f1dab650000)
  from space 432128K, 100% used [0x00007f1dc5c50000, 0x00007f1de0250000, 0x00007f1de0250000)
  to   space 432128K,   0% used [0x00007f1dab650000, 0x00007f1dab650000, 0x00007f1dc5c50000)
 tenured generation   total 8643168K, used 8076547K [0x00007f222db50000, 0x00007f243d3e8000, 0x00007f2cd8600000)
   the space 8643168K,  93% used [0x00007f222db50000, 0x00007f241aa90fa0, 0x00007f241aa91000, 0x00007f243d3e8000)
 Metaspace       used 30736K, capacity 31108K, committed 31232K, reserved 32768K
}
Event: 391.270 GC heap after
{Heap after GC invocations=108 (full 12):
 def new generation   total 3889472K, used 432128K [0x00007f1cd8600000, 0x00007f1de0250000, 0x00007f222db50000)
  eden space 3457344K,   0% used [0x00007f1cd8600000, 0x00007f1cd8600000, 0x00007f1dab650000)
  from space 432128K, 100% used [0x00007f1dab650000, 0x00007f1dc5c50000, 0x00007f1dc5c50000)
  to   space 432128K,   0% used [0x00007f1dc5c50000, 0x00007f1dc5c50000, 0x00007f1de0250000)
 tenured generation   total 8643168K, used 8532618K [0x00007f222db50000, 0x00007f243d3e8000, 0x00007f2cd8600000)
   the space 8643168K,  98% used [0x00007f222db50000, 0x00007f24367f2a30, 0x00007f24367f2c00, 0x00007f243d3e8000)
 Metaspace       used 30736K, capacity 31108K, committed 31232K, reserved 32768K
}
Event: 392.193 GC heap before
{Heap before GC invocations=108 (full 12):
 def new generation   total 3889472K, used 3889472K [0x00007f1cd8600000, 0x00007f1de0250000, 0x00007f222db50000)
  eden space 3457344K, 100% used [0x00007f1cd8600000, 0x00007f1dab650000, 0x00007f1dab650000)
  from space 432128K, 100% used [0x00007f1dab650000, 0x00007f1dc5c50000, 0x00007f1dc5c50000)
  to   space 432128K,   0% used [0x00007f1dc5c50000, 0x00007f1dc5c50000, 0x00007f1de0250000)
 tenured generation   total 8643168K, used 8532618K [0x00007f222db50000, 0x00007f243d3e8000, 0x00007f2cd8600000)
   the space 8643168K,  98% used [0x00007f222db50000, 0x00007f24367f2a30, 0x00007f24367f2c00, 0x00007f243d3e8000)
 Metaspace       used 30736K, capacity 31108K, committed 31232K, reserved 32768K
}
Event: 393.591 GC heap after
{Heap after GC invocations=109 (full 12):
 def new generation   total 3889472K, used 432128K [0x00007f1cd8600000, 0x00007f1de0250000, 0x00007f222db50000)
  eden space 3457344K,   0% used [0x00007f1cd8600000, 0x00007f1cd8600000, 0x00007f1dab650000)
  from space 432128K, 100% used [0x00007f1dc5c50000, 0x00007f1de0250000, 0x00007f1de0250000)
  to   space 432128K,   0% used [0x00007f1dab650000, 0x00007f1dab650000, 0x00007f1dc5c50000)
 tenured generation   total 9037536K, used 9037410K [0x00007f222db50000, 0x00007f2455508000, 0x00007f2cd8600000)
   the space 9037536K,  99% used [0x00007f222db50000, 0x00007f24554e8908, 0x00007f24554e8a00, 0x00007f2455508000)
 Metaspace       used 30736K, capacity 31108K, committed 31232K, reserved 32768K
}
Event: 393.591 GC heap before
{Heap before GC invocations=109 (full 12):
 def new generation   total 3889472K, used 432128K [0x00007f1cd8600000, 0x00007f1de0250000, 0x00007f222db50000)
  eden space 3457344K,   0% used [0x00007f1cd8600000, 0x00007f1cd8600000, 0x00007f1dab650000)
  from space 432128K, 100% used [0x00007f1dc5c50000, 0x00007f1de0250000, 0x00007f1de0250000)
  to   space 432128K,   0% used [0x00007f1dab650000, 0x00007f1dab650000, 0x00007f1dc5c50000)
 tenured generation   total 9037536K, used 9037410K [0x00007f222db50000, 0x00007f2455508000, 0x00007f2cd8600000)
   the space 9037536K,  99% used [0x00007f222db50000, 0x00007f24554e8908, 0x00007f24554e8a00, 0x00007f2455508000)
 Metaspace       used 30736K, capacity 31108K, committed 31232K, reserved 32768K
}
Event: 408.010 GC heap after
{Heap after GC invocations=109 (full 13):
 def new generation   total 6778240K, used 432002K [0x00007f1cd8600000, 0x00007f1ea40d0000, 0x00007f222db50000)
  eden space 6025152K,   7% used [0x00007f1cd8600000, 0x00007f1cf2be0908, 0x00007f1e481f0000)
  from space 753088K,   0% used [0x00007f1e481f0000, 0x00007f1e481f0000, 0x00007f1e76160000)
  to   space 753088K,   0% used [0x00007f1e76160000, 0x00007f1e76160000, 0x00007f1ea40d0000)
 tenured generation   total 15062560K, used 9037536K [0x00007f222db50000, 0x00007f25c50d8000, 0x00007f2cd8600000)
   the space 15062560K,  60% used [0x00007f222db50000, 0x00007f2455508000, 0x00007f2455508000, 0x00007f25c50d8000)
 Metaspace       used 30736K, capacity 31108K, committed 31232K, reserved 32768K
}
Event: 410.065 GC heap before
{Heap before GC invocations=109 (full 13):
 def new generation   total 6778240K, used 6025152K [0x00007f1cd8600000, 0x00007f1ea40d0000, 0x00007f222db50000)
  eden space 6025152K, 100% used [0x00007f1cd8600000, 0x00007f1e481f0000, 0x00007f1e481f0000)
  from space 753088K,   0% used [0x00007f1e481f0000, 0x00007f1e481f0000, 0x00007f1e76160000)
  to   space 753088K,   0% used [0x00007f1e76160000, 0x00007f1e76160000, 0x00007f1ea40d0000)
 tenured generation   total 15062560K, used 9037536K [0x00007f222db50000, 0x00007f25c50d8000, 0x00007f2cd8600000)
   the space 15062560K,  60% used [0x00007f222db50000, 0x00007f2455508000, 0x00007f2455508000, 0x00007f25c50d8000)
 Metaspace       used 30736K, capacity 31108K, committed 31232K, reserved 32768K
}
Event: 414.484 GC heap after
{Heap after GC invocations=110 (full 13):
 def new generation   total 6778240K, used 753088K [0x00007f1cd8600000, 0x00007f1ea40d0000, 0x00007f222db50000)
  eden space 6025152K,   0% used [0x00007f1cd8600000, 0x00007f1cd8600000, 0x00007f1e481f0000)
  from space 753088K, 100% used [0x00007f1e76160000, 0x00007f1ea40d0000, 0x00007f1ea40d0000)
  to   space 753088K,   0% used [0x00007f1e481f0000, 0x00007f1e481f0000, 0x00007f1e76160000)
 tenured generation   total 15062560K, used 9495629K [0x00007f222db50000, 0x00007f25c50d8000, 0x00007f2cd8600000)
   the space 15062560K,  63% used [0x00007f222db50000, 0x00007f24714635c8, 0x00007f2471463600, 0x00007f25c50d8000)
 Metaspace       used 30736K, capacity 31108K, committed 31232K, reserved 32768K
}
Event: 416.066 GC heap before
{Heap before GC invocations=110 (full 13):
 def new generation   total 6778240K, used 6778240K [0x00007f1cd8600000, 0x00007f1ea40d0000, 0x00007f222db50000)
  eden space 6025152K, 100% used [0x00007f1cd8600000, 0x00007f1e481f0000, 0x00007f1e481f0000)
  from space 753088K, 100% used [0x00007f1e76160000, 0x00007f1ea40d0000, 0x00007f1ea40d0000)
  to   space 753088K,   0% used [0x00007f1e481f0000, 0x00007f1e481f0000, 0x00007f1e76160000)
 tenured generation   total 15062560K, used 9495629K [0x00007f222db50000, 0x00007f25c50d8000, 0x00007f2cd8600000)
   the space 15062560K,  63% used [0x00007f222db50000, 0x00007f24714635c8, 0x00007f2471463600, 0x00007f25c50d8000)
 Metaspace       used 30736K, capacity 31108K, committed 31232K, reserved 32768K
}
Event: 419.037 GC heap after
{Heap after GC invocations=111 (full 13):
 def new generation   total 6778240K, used 753088K [0x00007f1cd8600000, 0x00007f1ea40d0000, 0x00007f222db50000)
  eden space 6025152K,   0% used [0x00007f1cd8600000, 0x00007f1cd8600000, 0x00007f1e481f0000)
  from space 753088K, 100% used [0x00007f1e481f0000, 0x00007f1e76160000, 0x00007f1e76160000)
  to   space 753088K,   0% used [0x00007f1e76160000, 0x00007f1e76160000, 0x00007f1ea40d0000)
 tenured generation   total 15062560K, used 10311137K [0x00007f222db50000, 0x00007f25c50d8000, 0x00007f2cd8600000)
   the space 15062560K,  68% used [0x00007f222db50000, 0x00007f24a30c8508, 0x00007f24a30c8600, 0x00007f25c50d8000)
 Metaspace       used 30736K, capacity 31108K, committed 31232K, reserved 32768K
}
Event: 614.194 GC heap before
{Heap before GC invocations=111 (full 13):
 def new generation   total 6778240K, used 6778240K [0x00007f1cd8600000, 0x00007f1ea40d0000, 0x00007f222db50000)
  eden space 6025152K, 100% used [0x00007f1cd8600000, 0x00007f1e481f0000, 0x00007f1e481f0000)
  from space 753088K, 100% used [0x00007f1e481f0000, 0x00007f1e76160000, 0x00007f1e76160000)
  to   space 753088K,   0% used [0x00007f1e76160000, 0x00007f1e76160000, 0x00007f1ea40d0000)
 tenured generation   total 15062560K, used 10311137K [0x00007f222db50000, 0x00007f25c50d8000, 0x00007f2cd8600000)
   the space 15062560K,  68% used [0x00007f222db50000, 0x00007f24a30c8508, 0x00007f24a30c8600, 0x00007f25c50d8000)
 Metaspace       used 30736K, capacity 31108K, committed 31232K, reserved 32768K
}
Event: 623.615 GC heap after
{Heap after GC invocations=112 (full 13):
 def new generation   total 6778240K, used 753088K [0x00007f1cd8600000, 0x00007f1ea40d0000, 0x00007f222db50000)
  eden space 6025152K,   0% used [0x00007f1cd8600000, 0x00007f1cd8600000, 0x00007f1e481f0000)
  from space 753088K, 100% used [0x00007f1e76160000, 0x00007f1ea40d0000, 0x00007f1ea40d0000)
  to   space 753088K,   0% used [0x00007f1e481f0000, 0x00007f1e481f0000, 0x00007f1e76160000)
 tenured generation   total 15062560K, used 12917867K [0x00007f222db50000, 0x00007f25c50d8000, 0x00007f2cd8600000)
   the space 15062560K,  85% used [0x00007f222db50000, 0x00007f254226acf8, 0x00007f254226ae00, 0x00007f25c50d8000)
 Metaspace       used 30736K, capacity 31108K, committed 31232K, reserved 32768K
}
Event: 1492.521 GC heap before
{Heap before GC invocations=112 (full 13):
 def new generation   total 6778240K, used 6778240K [0x00007f1cd8600000, 0x00007f1ea40d0000, 0x00007f222db50000)
  eden space 6025152K, 100% used [0x00007f1cd8600000, 0x00007f1e481f0000, 0x00007f1e481f0000)
  from space 753088K, 100% used [0x00007f1e76160000, 0x00007f1ea40d0000, 0x00007f1ea40d0000)
  to   space 753088K,   0% used [0x00007f1e481f0000, 0x00007f1e481f0000, 0x00007f1e76160000)
 tenured generation   total 15062560K, used 12917867K [0x00007f222db50000, 0x00007f25c50d8000, 0x00007f2cd8600000)
   the space 15062560K,  85% used [0x00007f222db50000, 0x00007f254226acf8, 0x00007f254226ae00, 0x00007f25c50d8000)
 Metaspace       used 30736K, capacity 31108K, committed 31232K, reserved 32768K
}
Event: 1497.220 GC heap after
{Heap after GC invocations=113 (full 13):
 def new generation   total 6778240K, used 753087K [0x00007f1cd8600000, 0x00007f1ea40d0000, 0x00007f222db50000)
  eden space 6025152K,   0% used [0x00007f1cd8600000, 0x00007f1cd8600000, 0x00007f1e481f0000)
  from space 753088K,  99% used [0x00007f1e481f0000, 0x00007f1e7615fff0, 0x00007f1e76160000)
  to   space 753088K,   0% used [0x00007f1e76160000, 0x00007f1e76160000, 0x00007f1ea40d0000)
 tenured generation   total 15062560K, used 14186314K [0x00007f222db50000, 0x00007f25c50d8000, 0x00007f2cd8600000)
   the space 15062560K,  94% used [0x00007f222db50000, 0x00007f258f922888, 0x00007f258f922a00, 0x00007f25c50d8000)
 Metaspace       used 30736K, capacity 31108K, committed 31232K, reserved 32768K
}
Event: 2197.003 GC heap before
{Heap before GC invocations=113 (full 13):
 def new generation   total 6778240K, used 6778239K [0x00007f1cd8600000, 0x00007f1ea40d0000, 0x00007f222db50000)
  eden space 6025152K, 100% used [0x00007f1cd8600000, 0x00007f1e481f0000, 0x00007f1e481f0000)
  from space 753088K,  99% used [0x00007f1e481f0000, 0x00007f1e7615fff0, 0x00007f1e76160000)
  to   space 753088K,   0% used [0x00007f1e76160000, 0x00007f1e76160000, 0x00007f1ea40d0000)
 tenured generation   total 15062560K, used 14186314K [0x00007f222db50000, 0x00007f25c50d8000, 0x00007f2cd8600000)
   the space 15062560K,  94% used [0x00007f222db50000, 0x00007f258f922888, 0x00007f258f922a00, 0x00007f25c50d8000)
 Metaspace       used 30736K, capacity 31108K, committed 31232K, reserved 32768K
}
Event: 2201.283 GC heap after
{Heap after GC invocations=114 (full 13):
 def new generation   total 6778240K, used 753088K [0x00007f1cd8600000, 0x00007f1ea40d0000, 0x00007f222db50000)
  eden space 6025152K,   0% used [0x00007f1cd8600000, 0x00007f1cd8600000, 0x00007f1e481f0000)
  from space 753088K, 100% used [0x00007f1e76160000, 0x00007f1ea40d0000, 0x00007f1ea40d0000)
  to   space 753088K,   0% used [0x00007f1e481f0000, 0x00007f1e481f0000, 0x00007f1e76160000)
 tenured generation   total 15454816K, used 15454760K [0x00007f222db50000, 0x00007f25dcfe8000, 0x00007f2cd8600000)
   the space 15454816K,  99% used [0x00007f222db50000, 0x00007f25dcfda3e8, 0x00007f25dcfda400, 0x00007f25dcfe8000)
 Metaspace       used 30736K, capacity 31108K, committed 31232K, reserved 32768K
}
Event: 2201.283 GC heap before
{Heap before GC invocations=114 (full 13):
 def new generation   total 6778240K, used 753088K [0x00007f1cd8600000, 0x00007f1ea40d0000, 0x00007f222db50000)
  eden space 6025152K,   0% used [0x00007f1cd8600000, 0x00007f1cd8600000, 0x00007f1e481f0000)
  from space 753088K, 100% used [0x00007f1e76160000, 0x00007f1ea40d0000, 0x00007f1ea40d0000)
  to   space 753088K,   0% used [0x00007f1e481f0000, 0x00007f1e481f0000, 0x00007f1e76160000)
 tenured generation   total 15454816K, used 15454760K [0x00007f222db50000, 0x00007f25dcfe8000, 0x00007f2cd8600000)
   the space 15454816K,  99% used [0x00007f222db50000, 0x00007f25dcfda3e8, 0x00007f25dcfda400, 0x00007f25dcfe8000)
 Metaspace       used 30736K, capacity 31108K, committed 31232K, reserved 32768K
}

