# JRE version: OpenJDK Runtime Environment (13.0.7+5) (build 13.0.7+5-Ubuntu-0ubuntu120.04)
# Java VM: OpenJDK 64-Bit Server VM (13.0.7+5-Ubuntu-0ubuntu120.04, mixed mode, tiered, serial gc, linux-amd64)
Heap:
 def new generation   total 2897856K, used 8919K [0x00007fde70600000, 0x00007fdf34e60000, 0x00007fe3c5b50000)
  eden space 2575872K,   0% used [0x00007fde70600000, 0x00007fde70eb5cf8, 0x00007fdf0d980000)
  from space 321984K,   0% used [0x00007fdf213f0000, 0x00007fdf213f0000, 0x00007fdf34e60000)
  to   space 321984K,   0% used [0x00007fdf0d980000, 0x00007fdf0d980000, 0x00007fdf213f0000)
 tenured generation   total 6439796K, used 6439795K [0x00007fe3c5b50000, 0x00007fe54ec2d000, 0x00007fee70600000)
   the space 6439796K,  99% used [0x00007fe3c5b50000, 0x00007fe54ec2cf70, 0x00007fe54ec2d000, 0x00007fe54ec2d000)
 Metaspace       used 24274K, capacity 24693K, committed 24832K, reserved 26624K
GC Heap History (20 events):
Event: 16350.381 GC heap after
{Heap after GC invocations=23739 (full 4):
 def new generation   total 2897856K, used 9193K [0x00007fde70600000, 0x00007fdf34e60000, 0x00007fe3c5b50000)
  eden space 2575872K,   0% used [0x00007fde70600000, 0x00007fde70600000, 0x00007fdf0d980000)
  from space 321984K,   2% used [0x00007fdf0d980000, 0x00007fdf0e27a610, 0x00007fdf213f0000)
  to   space 321984K,   0% used [0x00007fdf213f0000, 0x00007fdf213f0000, 0x00007fdf34e60000)
 tenured generation   total 6439604K, used 6434585K [0x00007fe3c5b50000, 0x00007fe54ebfd000, 0x00007fee70600000)
   the space 6439604K,  99% used [0x00007fe3c5b50000, 0x00007fe54e716528, 0x00007fe54e716600, 0x00007fe54ebfd000)
 Metaspace       used 24274K, capacity 24693K, committed 24832K, reserved 26624K
}
Event: 16351.893 GC heap before
{Heap before GC invocations=23739 (full 4):
 def new generation   total 2897856K, used 2585065K [0x00007fde70600000, 0x00007fdf34e60000, 0x00007fe3c5b50000)
  eden space 2575872K, 100% used [0x00007fde70600000, 0x00007fdf0d980000, 0x00007fdf0d980000)
  from space 321984K,   2% used [0x00007fdf0d980000, 0x00007fdf0e27a610, 0x00007fdf213f0000)
  to   space 321984K,   0% used [0x00007fdf213f0000, 0x00007fdf213f0000, 0x00007fdf34e60000)
 tenured generation   total 6439604K, used 6434585K [0x00007fe3c5b50000, 0x00007fe54ebfd000, 0x00007fee70600000)
   the space 6439604K,  99% used [0x00007fe3c5b50000, 0x00007fe54e716528, 0x00007fe54e716600, 0x00007fe54ebfd000)
 Metaspace       used 24274K, capacity 24693K, committed 24832K, reserved 26624K
}
Event: 16351.916 GC heap after
{Heap after GC invocations=23740 (full 4):
 def new generation   total 2897856K, used 9270K [0x00007fde70600000, 0x00007fdf34e60000, 0x00007fe3c5b50000)
  eden space 2575872K,   0% used [0x00007fde70600000, 0x00007fde70600000, 0x00007fdf0d980000)
  from space 321984K,   2% used [0x00007fdf213f0000, 0x00007fdf21cfd850, 0x00007fdf34e60000)
  to   space 321984K,   0% used [0x00007fdf0d980000, 0x00007fdf0d980000, 0x00007fdf213f0000)
 tenured generation   total 6439604K, used 6435028K [0x00007fe3c5b50000, 0x00007fe54ebfd000, 0x00007fee70600000)
   the space 6439604K,  99% used [0x00007fe3c5b50000, 0x00007fe54e785338, 0x00007fe54e785400, 0x00007fe54ebfd000)
 Metaspace       used 24274K, capacity 24693K, committed 24832K, reserved 26624K
}
Event: 16353.416 GC heap before
{Heap before GC invocations=23740 (full 4):
 def new generation   total 2897856K, used 2585142K [0x00007fde70600000, 0x00007fdf34e60000, 0x00007fe3c5b50000)
  eden space 2575872K, 100% used [0x00007fde70600000, 0x00007fdf0d980000, 0x00007fdf0d980000)
  from space 321984K,   2% used [0x00007fdf213f0000, 0x00007fdf21cfd850, 0x00007fdf34e60000)
  to   space 321984K,   0% used [0x00007fdf0d980000, 0x00007fdf0d980000, 0x00007fdf213f0000)
 tenured generation   total 6439604K, used 6435028K [0x00007fe3c5b50000, 0x00007fe54ebfd000, 0x00007fee70600000)
   the space 6439604K,  99% used [0x00007fe3c5b50000, 0x00007fe54e785338, 0x00007fe54e785400, 0x00007fe54ebfd000)
 Metaspace       used 24274K, capacity 24693K, committed 24832K, reserved 26624K
}
Event: 16353.435 GC heap after
{Heap after GC invocations=23741 (full 4):
 def new generation   total 2897856K, used 9278K [0x00007fde70600000, 0x00007fdf34e60000, 0x00007fe3c5b50000)
  eden space 2575872K,   0% used [0x00007fde70600000, 0x00007fde70600000, 0x00007fdf0d980000)
  from space 321984K,   2% used [0x00007fdf0d980000, 0x00007fdf0e28f800, 0x00007fdf213f0000)
  to   space 321984K,   0% used [0x00007fdf213f0000, 0x00007fdf213f0000, 0x00007fdf34e60000)
 tenured generation   total 6439604K, used 6435552K [0x00007fe3c5b50000, 0x00007fe54ebfd000, 0x00007fee70600000)
   the space 6439604K,  99% used [0x00007fe3c5b50000, 0x00007fe54e8082c8, 0x00007fe54e808400, 0x00007fe54ebfd000)
 Metaspace       used 24274K, capacity 24693K, committed 24832K, reserved 26624K
}
Event: 16354.957 GC heap before
{Heap before GC invocations=23741 (full 4):
 def new generation   total 2897856K, used 2585150K [0x00007fde70600000, 0x00007fdf34e60000, 0x00007fe3c5b50000)
  eden space 2575872K, 100% used [0x00007fde70600000, 0x00007fdf0d980000, 0x00007fdf0d980000)
  from space 321984K,   2% used [0x00007fdf0d980000, 0x00007fdf0e28f800, 0x00007fdf213f0000)
  to   space 321984K,   0% used [0x00007fdf213f0000, 0x00007fdf213f0000, 0x00007fdf34e60000)
 tenured generation   total 6439604K, used 6435552K [0x00007fe3c5b50000, 0x00007fe54ebfd000, 0x00007fee70600000)
   the space 6439604K,  99% used [0x00007fe3c5b50000, 0x00007fe54e8082c8, 0x00007fe54e808400, 0x00007fe54ebfd000)
 Metaspace       used 24274K, capacity 24693K, committed 24832K, reserved 26624K
}
Event: 16354.975 GC heap after
{Heap after GC invocations=23742 (full 4):
 def new generation   total 2897856K, used 9277K [0x00007fde70600000, 0x00007fdf34e60000, 0x00007fe3c5b50000)
  eden space 2575872K,   0% used [0x00007fde70600000, 0x00007fde70600000, 0x00007fdf0d980000)
  from space 321984K,   2% used [0x00007fdf213f0000, 0x00007fdf21cff7d8, 0x00007fdf34e60000)
  to   space 321984K,   0% used [0x00007fdf0d980000, 0x00007fdf0d980000, 0x00007fdf213f0000)
 tenured generation   total 6439604K, used 6436093K [0x00007fe3c5b50000, 0x00007fe54ebfd000, 0x00007fee70600000)
   the space 6439604K,  99% used [0x00007fe3c5b50000, 0x00007fe54e88f4c8, 0x00007fe54e88f600, 0x00007fe54ebfd000)
 Metaspace       used 24274K, capacity 24693K, committed 24832K, reserved 26624K
}
Event: 16356.508 GC heap before
{Heap before GC invocations=23742 (full 4):
 def new generation   total 2897856K, used 2585149K [0x00007fde70600000, 0x00007fdf34e60000, 0x00007fe3c5b50000)
  eden space 2575872K, 100% used [0x00007fde70600000, 0x00007fdf0d980000, 0x00007fdf0d980000)
  from space 321984K,   2% used [0x00007fdf213f0000, 0x00007fdf21cff7d8, 0x00007fdf34e60000)
  to   space 321984K,   0% used [0x00007fdf0d980000, 0x00007fdf0d980000, 0x00007fdf213f0000)
 tenured generation   total 6439604K, used 6436093K [0x00007fe3c5b50000, 0x00007fe54ebfd000, 0x00007fee70600000)
   the space 6439604K,  99% used [0x00007fe3c5b50000, 0x00007fe54e88f4c8, 0x00007fe54e88f600, 0x00007fe54ebfd000)
 Metaspace       used 24274K, capacity 24693K, committed 24832K, reserved 26624K
}
Event: 16356.525 GC heap after
{Heap after GC invocations=23743 (full 4):
 def new generation   total 2897856K, used 9278K [0x00007fde70600000, 0x00007fdf34e60000, 0x00007fe3c5b50000)
  eden space 2575872K,   0% used [0x00007fde70600000, 0x00007fde70600000, 0x00007fdf0d980000)
  from space 321984K,   2% used [0x00007fdf0d980000, 0x00007fdf0e28fa70, 0x00007fdf213f0000)
  to   space 321984K,   0% used [0x00007fdf213f0000, 0x00007fdf213f0000, 0x00007fdf34e60000)
 tenured generation   total 6439604K, used 6436633K [0x00007fe3c5b50000, 0x00007fe54ebfd000, 0x00007fee70600000)
   the space 6439604K,  99% used [0x00007fe3c5b50000, 0x00007fe54e9166c8, 0x00007fe54e916800, 0x00007fe54ebfd000)
 Metaspace       used 24274K, capacity 24693K, committed 24832K, reserved 26624K
}
Event: 16358.052 GC heap before
{Heap before GC invocations=23743 (full 4):
 def new generation   total 2897856K, used 2585150K [0x00007fde70600000, 0x00007fdf34e60000, 0x00007fe3c5b50000)
  eden space 2575872K, 100% used [0x00007fde70600000, 0x00007fdf0d980000, 0x00007fdf0d980000)
  from space 321984K,   2% used [0x00007fdf0d980000, 0x00007fdf0e28fa70, 0x00007fdf213f0000)
  to   space 321984K,   0% used [0x00007fdf213f0000, 0x00007fdf213f0000, 0x00007fdf34e60000)
 tenured generation   total 6439604K, used 6436633K [0x00007fe3c5b50000, 0x00007fe54ebfd000, 0x00007fee70600000)
   the space 6439604K,  99% used [0x00007fe3c5b50000, 0x00007fe54e9166c8, 0x00007fe54e916800, 0x00007fe54ebfd000)
 Metaspace       used 24274K, capacity 24693K, committed 24832K, reserved 26624K
}
Event: 16358.073 GC heap after
{Heap after GC invocations=23744 (full 4):
 def new generation   total 2897856K, used 9278K [0x00007fde70600000, 0x00007fdf34e60000, 0x00007fe3c5b50000)
  eden space 2575872K,   0% used [0x00007fde70600000, 0x00007fde70600000, 0x00007fdf0d980000)
  from space 321984K,   2% used [0x00007fdf213f0000, 0x00007fdf21cffa60, 0x00007fdf34e60000)
  to   space 321984K,   0% used [0x00007fdf0d980000, 0x00007fdf0d980000, 0x00007fdf213f0000)
 tenured generation   total 6439604K, used 6437174K [0x00007fe3c5b50000, 0x00007fe54ebfd000, 0x00007fee70600000)
   the space 6439604K,  99% used [0x00007fe3c5b50000, 0x00007fe54e99d8c8, 0x00007fe54e99da00, 0x00007fe54ebfd000)
 Metaspace       used 24274K, capacity 24693K, committed 24832K, reserved 26624K
}
Event: 16359.648 GC heap before
{Heap before GC invocations=23744 (full 4):
 def new generation   total 2897856K, used 2585150K [0x00007fde70600000, 0x00007fdf34e60000, 0x00007fe3c5b50000)
  eden space 2575872K, 100% used [0x00007fde70600000, 0x00007fdf0d980000, 0x00007fdf0d980000)
  from space 321984K,   2% used [0x00007fdf213f0000, 0x00007fdf21cffa60, 0x00007fdf34e60000)
  to   space 321984K,   0% used [0x00007fdf0d980000, 0x00007fdf0d980000, 0x00007fdf213f0000)
 tenured generation   total 6439604K, used 6437174K [0x00007fe3c5b50000, 0x00007fe54ebfd000, 0x00007fee70600000)
   the space 6439604K,  99% used [0x00007fe3c5b50000, 0x00007fe54e99d8c8, 0x00007fe54e99da00, 0x00007fe54ebfd000)
 Metaspace       used 24274K, capacity 24693K, committed 24832K, reserved 26624K
}
Event: 16359.663 GC heap after
{Heap after GC invocations=23745 (full 4):
 def new generation   total 2897856K, used 9278K [0x00007fde70600000, 0x00007fdf34e60000, 0x00007fe3c5b50000)
  eden space 2575872K,   0% used [0x00007fde70600000, 0x00007fde70600000, 0x00007fdf0d980000)
  from space 321984K,   2% used [0x00007fdf0d980000, 0x00007fdf0e28fa68, 0x00007fdf213f0000)
  to   space 321984K,   0% used [0x00007fdf213f0000, 0x00007fdf213f0000, 0x00007fdf34e60000)
 tenured generation   total 6439604K, used 6437714K [0x00007fe3c5b50000, 0x00007fe54ebfd000, 0x00007fee70600000)
   the space 6439604K,  99% used [0x00007fe3c5b50000, 0x00007fe54ea24ac8, 0x00007fe54ea24c00, 0x00007fe54ebfd000)
 Metaspace       used 24274K, capacity 24693K, committed 24832K, reserved 26624K
}
Event: 16361.267 GC heap before
{Heap before GC invocations=23745 (full 4):
 def new generation   total 2897856K, used 2585150K [0x00007fde70600000, 0x00007fdf34e60000, 0x00007fe3c5b50000)
  eden space 2575872K, 100% used [0x00007fde70600000, 0x00007fdf0d980000, 0x00007fdf0d980000)
  from space 321984K,   2% used [0x00007fdf0d980000, 0x00007fdf0e28fa68, 0x00007fdf213f0000)
  to   space 321984K,   0% used [0x00007fdf213f0000, 0x00007fdf213f0000, 0x00007fdf34e60000)
 tenured generation   total 6439604K, used 6437714K [0x00007fe3c5b50000, 0x00007fe54ebfd000, 0x00007fee70600000)
   the space 6439604K,  99% used [0x00007fe3c5b50000, 0x00007fe54ea24ac8, 0x00007fe54ea24c00, 0x00007fe54ebfd000)
 Metaspace       used 24274K, capacity 24693K, committed 24832K, reserved 26624K
}
Event: 16361.285 GC heap after
{Heap after GC invocations=23746 (full 4):
 def new generation   total 2897856K, used 9279K [0x00007fde70600000, 0x00007fdf34e60000, 0x00007fe3c5b50000)
  eden space 2575872K,   0% used [0x00007fde70600000, 0x00007fde70600000, 0x00007fdf0d980000)
  from space 321984K,   2% used [0x00007fdf213f0000, 0x00007fdf21cffdc8, 0x00007fdf34e60000)
  to   space 321984K,   0% used [0x00007fdf0d980000, 0x00007fdf0d980000, 0x00007fdf213f0000)
 tenured generation   total 6439604K, used 6438255K [0x00007fe3c5b50000, 0x00007fe54ebfd000, 0x00007fee70600000)
   the space 6439604K,  99% used [0x00007fe3c5b50000, 0x00007fe54eaabcc8, 0x00007fe54eaabe00, 0x00007fe54ebfd000)
 Metaspace       used 24274K, capacity 24693K, committed 24832K, reserved 26624K
}
Event: 16362.890 GC heap before
{Heap before GC invocations=23746 (full 4):
 def new generation   total 2897856K, used 2585151K [0x00007fde70600000, 0x00007fdf34e60000, 0x00007fe3c5b50000)
  eden space 2575872K, 100% used [0x00007fde70600000, 0x00007fdf0d980000, 0x00007fdf0d980000)
  from space 321984K,   2% used [0x00007fdf213f0000, 0x00007fdf21cffdc8, 0x00007fdf34e60000)
  to   space 321984K,   0% used [0x00007fdf0d980000, 0x00007fdf0d980000, 0x00007fdf213f0000)
 tenured generation   total 6439604K, used 6438255K [0x00007fe3c5b50000, 0x00007fe54ebfd000, 0x00007fee70600000)
   the space 6439604K,  99% used [0x00007fe3c5b50000, 0x00007fe54eaabcc8, 0x00007fe54eaabe00, 0x00007fe54ebfd000)
 Metaspace       used 24274K, capacity 24693K, committed 24832K, reserved 26624K
}
Event: 16362.905 GC heap after
{Heap after GC invocations=23747 (full 4):
 def new generation   total 2897856K, used 9198K [0x00007fde70600000, 0x00007fdf34e60000, 0x00007fe3c5b50000)
  eden space 2575872K,   0% used [0x00007fde70600000, 0x00007fde70600000, 0x00007fdf0d980000)
  from space 321984K,   2% used [0x00007fdf0d980000, 0x00007fdf0e27b900, 0x00007fdf213f0000)
  to   space 321984K,   0% used [0x00007fdf213f0000, 0x00007fdf213f0000, 0x00007fdf34e60000)
 tenured generation   total 6439604K, used 6438877K [0x00007fe3c5b50000, 0x00007fe54ebfd000, 0x00007fee70600000)
   the space 6439604K,  99% used [0x00007fe3c5b50000, 0x00007fe54eb47708, 0x00007fe54eb47800, 0x00007fe54ebfd000)
 Metaspace       used 24274K, capacity 24693K, committed 24832K, reserved 26624K
}
Event: 16364.557 GC heap before
{Heap before GC invocations=23747 (full 4):
 def new generation   total 2897856K, used 2585070K [0x00007fde70600000, 0x00007fdf34e60000, 0x00007fe3c5b50000)
  eden space 2575872K, 100% used [0x00007fde70600000, 0x00007fdf0d980000, 0x00007fdf0d980000)
  from space 321984K,   2% used [0x00007fdf0d980000, 0x00007fdf0e27b900, 0x00007fdf213f0000)
  to   space 321984K,   0% used [0x00007fdf213f0000, 0x00007fdf213f0000, 0x00007fdf34e60000)
 tenured generation   total 6439604K, used 6438877K [0x00007fe3c5b50000, 0x00007fe54ebfd000, 0x00007fee70600000)
   the space 6439604K,  99% used [0x00007fe3c5b50000, 0x00007fe54eb47708, 0x00007fe54eb47800, 0x00007fe54ebfd000)
 Metaspace       used 24274K, capacity 24693K, committed 24832K, reserved 26624K
}
Event: 16364.581 GC heap after
{Heap after GC invocations=23748 (full 4):
 def new generation   total 2897856K, used 9100K [0x00007fde70600000, 0x00007fdf34e60000, 0x00007fe3c5b50000)
  eden space 2575872K,   0% used [0x00007fde70600000, 0x00007fde70600000, 0x00007fdf0d980000)
  from space 321984K,   2% used [0x00007fdf213f0000, 0x00007fdf21cd3310, 0x00007fdf34e60000)
  to   space 321984K,   0% used [0x00007fdf0d980000, 0x00007fdf0d980000, 0x00007fdf213f0000)
 tenured generation   total 6439796K, used 6439614K [0x00007fe3c5b50000, 0x00007fe54ec2d000, 0x00007fee70600000)
   the space 6439796K,  99% used [0x00007fe3c5b50000, 0x00007fe54ebff958, 0x00007fe54ebffa00, 0x00007fe54ec2d000)
 Metaspace       used 24274K, capacity 24693K, committed 24832K, reserved 26624K
}
Event: 16364.581 GC heap before
{Heap before GC invocations=23748 (full 4):
 def new generation   total 2897856K, used 9100K [0x00007fde70600000, 0x00007fdf34e60000, 0x00007fe3c5b50000)
  eden space 2575872K,   0% used [0x00007fde70600000, 0x00007fde70600000, 0x00007fdf0d980000)
  from space 321984K,   2% used [0x00007fdf213f0000, 0x00007fdf21cd3310, 0x00007fdf34e60000)
  to   space 321984K,   0% used [0x00007fdf0d980000, 0x00007fdf0d980000, 0x00007fdf213f0000)
 tenured generation   total 6439796K, used 6439614K [0x00007fe3c5b50000, 0x00007fe54ec2d000, 0x00007fee70600000)
   the space 6439796K,  99% used [0x00007fe3c5b50000, 0x00007fe54ebff958, 0x00007fe54ebffa00, 0x00007fe54ec2d000)
 Metaspace       used 24274K, capacity 24693K, committed 24832K, reserved 26624K
}

