# JRE version: OpenJDK Runtime Environment (13.0.7+5) (build 13.0.7+5-Ubuntu-0ubuntu120.04)
# Java VM: OpenJDK 64-Bit Server VM (13.0.7+5-Ubuntu-0ubuntu120.04, mixed mode, tiered, serial gc, linux-amd64)
Heap:
 def new generation   total 2902464K, used 11902K [0x00007f40c4600000, 0x00007f4189350000, 0x00007f4619b50000)
  eden space 2580032K,   0% used [0x00007f40c4600000, 0x00007f40c519fac0, 0x00007f4161d90000)
  from space 322432K,   0% used [0x00007f4175870000, 0x00007f4175870000, 0x00007f4189350000)
  to   space 322432K,   0% used [0x00007f4161d90000, 0x00007f4161d90000, 0x00007f4175870000)
 tenured generation   total 6450736K, used 6450735K [0x00007f4619b50000, 0x00007f47a36dc000, 0x00007f50c4600000)
   the space 6450736K,  99% used [0x00007f4619b50000, 0x00007f47a36dbfb8, 0x00007f47a36dc000, 0x00007f47a36dc000)
 Metaspace       used 24267K, capacity 24692K, committed 24832K, reserved 26624K
GC Heap History (20 events):
Event: 10435.622 GC heap after
{Heap after GC invocations=16544 (full 4):
 def new generation   total 2902464K, used 12829K [0x00007f40c4600000, 0x00007f4189350000, 0x00007f4619b50000)
  eden space 2580032K,   0% used [0x00007f40c4600000, 0x00007f40c4600000, 0x00007f4161d90000)
  from space 322432K,   3% used [0x00007f4161d90000, 0x00007f4162a176d0, 0x00007f4175870000)
  to   space 322432K,   0% used [0x00007f4175870000, 0x00007f4175870000, 0x00007f4189350000)
 tenured generation   total 6449776K, used 6441495K [0x00007f4619b50000, 0x00007f47a35ec000, 0x00007f50c4600000)
   the space 6449776K,  99% used [0x00007f4619b50000, 0x00007f47a2dd5ff0, 0x00007f47a2dd6000, 0x00007f47a35ec000)
 Metaspace       used 24267K, capacity 24692K, committed 24832K, reserved 26624K
}
Event: 10437.048 GC heap before
{Heap before GC invocations=16544 (full 4):
 def new generation   total 2902464K, used 2592861K [0x00007f40c4600000, 0x00007f4189350000, 0x00007f4619b50000)
  eden space 2580032K, 100% used [0x00007f40c4600000, 0x00007f4161d90000, 0x00007f4161d90000)
  from space 322432K,   3% used [0x00007f4161d90000, 0x00007f4162a176d0, 0x00007f4175870000)
  to   space 322432K,   0% used [0x00007f4175870000, 0x00007f4175870000, 0x00007f4189350000)
 tenured generation   total 6449776K, used 6441495K [0x00007f4619b50000, 0x00007f47a35ec000, 0x00007f50c4600000)
   the space 6449776K,  99% used [0x00007f4619b50000, 0x00007f47a2dd5ff0, 0x00007f47a2dd6000, 0x00007f47a35ec000)
 Metaspace       used 24267K, capacity 24692K, committed 24832K, reserved 26624K
}
Event: 10437.068 GC heap after
{Heap after GC invocations=16545 (full 4):
 def new generation   total 2902464K, used 13163K [0x00007f40c4600000, 0x00007f4189350000, 0x00007f4619b50000)
  eden space 2580032K,   0% used [0x00007f40c4600000, 0x00007f40c4600000, 0x00007f4161d90000)
  from space 322432K,   4% used [0x00007f4175870000, 0x00007f417654aed0, 0x00007f4189350000)
  to   space 322432K,   0% used [0x00007f4161d90000, 0x00007f4161d90000, 0x00007f4175870000)
 tenured generation   total 6449776K, used 6442310K [0x00007f4619b50000, 0x00007f47a35ec000, 0x00007f50c4600000)
   the space 6449776K,  99% used [0x00007f4619b50000, 0x00007f47a2ea18d0, 0x00007f47a2ea1a00, 0x00007f47a35ec000)
 Metaspace       used 24267K, capacity 24692K, committed 24832K, reserved 26624K
}
Event: 10438.442 GC heap before
{Heap before GC invocations=16545 (full 4):
 def new generation   total 2902464K, used 2593195K [0x00007f40c4600000, 0x00007f4189350000, 0x00007f4619b50000)
  eden space 2580032K, 100% used [0x00007f40c4600000, 0x00007f4161d90000, 0x00007f4161d90000)
  from space 322432K,   4% used [0x00007f4175870000, 0x00007f417654aed0, 0x00007f4189350000)
  to   space 322432K,   0% used [0x00007f4161d90000, 0x00007f4161d90000, 0x00007f4175870000)
 tenured generation   total 6449776K, used 6442310K [0x00007f4619b50000, 0x00007f47a35ec000, 0x00007f50c4600000)
   the space 6449776K,  99% used [0x00007f4619b50000, 0x00007f47a2ea18d0, 0x00007f47a2ea1a00, 0x00007f47a35ec000)
 Metaspace       used 24267K, capacity 24692K, committed 24832K, reserved 26624K
}
Event: 10438.463 GC heap after
{Heap after GC invocations=16546 (full 4):
 def new generation   total 2902464K, used 13598K [0x00007f40c4600000, 0x00007f4189350000, 0x00007f4619b50000)
  eden space 2580032K,   0% used [0x00007f40c4600000, 0x00007f40c4600000, 0x00007f4161d90000)
  from space 322432K,   4% used [0x00007f4161d90000, 0x00007f4162ad7970, 0x00007f4175870000)
  to   space 322432K,   0% used [0x00007f4175870000, 0x00007f4175870000, 0x00007f4189350000)
 tenured generation   total 6449776K, used 6443145K [0x00007f4619b50000, 0x00007f47a35ec000, 0x00007f50c4600000)
   the space 6449776K,  99% used [0x00007f4619b50000, 0x00007f47a2f72400, 0x00007f47a2f72400, 0x00007f47a35ec000)
 Metaspace       used 24267K, capacity 24692K, committed 24832K, reserved 26624K
}
Event: 10439.764 GC heap before
{Heap before GC invocations=16546 (full 4):
 def new generation   total 2902464K, used 2593630K [0x00007f40c4600000, 0x00007f4189350000, 0x00007f4619b50000)
  eden space 2580032K, 100% used [0x00007f40c4600000, 0x00007f4161d90000, 0x00007f4161d90000)
  from space 322432K,   4% used [0x00007f4161d90000, 0x00007f4162ad7970, 0x00007f4175870000)
  to   space 322432K,   0% used [0x00007f4175870000, 0x00007f4175870000, 0x00007f4189350000)
 tenured generation   total 6449776K, used 6443145K [0x00007f4619b50000, 0x00007f47a35ec000, 0x00007f50c4600000)
   the space 6449776K,  99% used [0x00007f4619b50000, 0x00007f47a2f72400, 0x00007f47a2f72400, 0x00007f47a35ec000)
 Metaspace       used 24267K, capacity 24692K, committed 24832K, reserved 26624K
}
Event: 10439.785 GC heap after
{Heap after GC invocations=16547 (full 4):
 def new generation   total 2902464K, used 13990K [0x00007f40c4600000, 0x00007f4189350000, 0x00007f4619b50000)
  eden space 2580032K,   0% used [0x00007f40c4600000, 0x00007f40c4600000, 0x00007f4161d90000)
  from space 322432K,   4% used [0x00007f4175870000, 0x00007f4176619850, 0x00007f4189350000)
  to   space 322432K,   0% used [0x00007f4161d90000, 0x00007f4161d90000, 0x00007f4175870000)
 tenured generation   total 6449776K, used 6443999K [0x00007f4619b50000, 0x00007f47a35ec000, 0x00007f50c4600000)
   the space 6449776K,  99% used [0x00007f4619b50000, 0x00007f47a3047f40, 0x00007f47a3048000, 0x00007f47a35ec000)
 Metaspace       used 24267K, capacity 24692K, committed 24832K, reserved 26624K
}
Event: 10441.196 GC heap before
{Heap before GC invocations=16547 (full 4):
 def new generation   total 2902464K, used 2594022K [0x00007f40c4600000, 0x00007f4189350000, 0x00007f4619b50000)
  eden space 2580032K, 100% used [0x00007f40c4600000, 0x00007f4161d90000, 0x00007f4161d90000)
  from space 322432K,   4% used [0x00007f4175870000, 0x00007f4176619850, 0x00007f4189350000)
  to   space 322432K,   0% used [0x00007f4161d90000, 0x00007f4161d90000, 0x00007f4175870000)
 tenured generation   total 6449776K, used 6443999K [0x00007f4619b50000, 0x00007f47a35ec000, 0x00007f50c4600000)
   the space 6449776K,  99% used [0x00007f4619b50000, 0x00007f47a3047f40, 0x00007f47a3048000, 0x00007f47a35ec000)
 Metaspace       used 24267K, capacity 24692K, committed 24832K, reserved 26624K
}
Event: 10441.215 GC heap after
{Heap after GC invocations=16548 (full 4):
 def new generation   total 2902464K, used 14405K [0x00007f40c4600000, 0x00007f4189350000, 0x00007f4619b50000)
  eden space 2580032K,   0% used [0x00007f40c4600000, 0x00007f40c4600000, 0x00007f4161d90000)
  from space 322432K,   4% used [0x00007f4161d90000, 0x00007f4162ba1538, 0x00007f4175870000)
  to   space 322432K,   0% used [0x00007f4175870000, 0x00007f4175870000, 0x00007f4189350000)
 tenured generation   total 6449776K, used 6444834K [0x00007f4619b50000, 0x00007f47a35ec000, 0x00007f50c4600000)
   the space 6449776K,  99% used [0x00007f4619b50000, 0x00007f47a31188c0, 0x00007f47a3118a00, 0x00007f47a35ec000)
 Metaspace       used 24267K, capacity 24692K, committed 24832K, reserved 26624K
}
Event: 10442.596 GC heap before
{Heap before GC invocations=16548 (full 4):
 def new generation   total 2902464K, used 2594437K [0x00007f40c4600000, 0x00007f4189350000, 0x00007f4619b50000)
  eden space 2580032K, 100% used [0x00007f40c4600000, 0x00007f4161d90000, 0x00007f4161d90000)
  from space 322432K,   4% used [0x00007f4161d90000, 0x00007f4162ba1538, 0x00007f4175870000)
  to   space 322432K,   0% used [0x00007f4175870000, 0x00007f4175870000, 0x00007f4189350000)
 tenured generation   total 6449776K, used 6444834K [0x00007f4619b50000, 0x00007f47a35ec000, 0x00007f50c4600000)
   the space 6449776K,  99% used [0x00007f4619b50000, 0x00007f47a31188c0, 0x00007f47a3118a00, 0x00007f47a35ec000)
 Metaspace       used 24267K, capacity 24692K, committed 24832K, reserved 26624K
}
Event: 10442.623 GC heap after
{Heap after GC invocations=16549 (full 4):
 def new generation   total 2902464K, used 14759K [0x00007f40c4600000, 0x00007f4189350000, 0x00007f4619b50000)
  eden space 2580032K,   0% used [0x00007f40c4600000, 0x00007f40c4600000, 0x00007f4161d90000)
  from space 322432K,   4% used [0x00007f4175870000, 0x00007f41766d9f28, 0x00007f4189350000)
  to   space 322432K,   0% used [0x00007f4161d90000, 0x00007f4161d90000, 0x00007f4175870000)
 tenured generation   total 6449776K, used 6445709K [0x00007f4619b50000, 0x00007f47a35ec000, 0x00007f50c4600000)
   the space 6449776K,  99% used [0x00007f4619b50000, 0x00007f47a31f36e0, 0x00007f47a31f3800, 0x00007f47a35ec000)
 Metaspace       used 24267K, capacity 24692K, committed 24832K, reserved 26624K
}
Event: 10443.924 GC heap before
{Heap before GC invocations=16549 (full 4):
 def new generation   total 2902464K, used 2594791K [0x00007f40c4600000, 0x00007f4189350000, 0x00007f4619b50000)
  eden space 2580032K, 100% used [0x00007f40c4600000, 0x00007f4161d90000, 0x00007f4161d90000)
  from space 322432K,   4% used [0x00007f4175870000, 0x00007f41766d9f28, 0x00007f4189350000)
  to   space 322432K,   0% used [0x00007f4161d90000, 0x00007f4161d90000, 0x00007f4175870000)
 tenured generation   total 6449776K, used 6445709K [0x00007f4619b50000, 0x00007f47a35ec000, 0x00007f50c4600000)
   the space 6449776K,  99% used [0x00007f4619b50000, 0x00007f47a31f36e0, 0x00007f47a31f3800, 0x00007f47a35ec000)
 Metaspace       used 24267K, capacity 24692K, committed 24832K, reserved 26624K
}
Event: 10443.946 GC heap after
{Heap after GC invocations=16550 (full 4):
 def new generation   total 2902464K, used 14327K [0x00007f40c4600000, 0x00007f4189350000, 0x00007f4619b50000)
  eden space 2580032K,   0% used [0x00007f40c4600000, 0x00007f40c4600000, 0x00007f4161d90000)
  from space 322432K,   4% used [0x00007f4161d90000, 0x00007f4162b8dc88, 0x00007f4175870000)
  to   space 322432K,   0% used [0x00007f4175870000, 0x00007f4175870000, 0x00007f4189350000)
 tenured generation   total 6449776K, used 6446973K [0x00007f4619b50000, 0x00007f47a35ec000, 0x00007f50c4600000)
   the space 6449776K,  99% used [0x00007f4619b50000, 0x00007f47a332f520, 0x00007f47a332f600, 0x00007f47a35ec000)
 Metaspace       used 24267K, capacity 24692K, committed 24832K, reserved 26624K
}
Event: 10445.259 GC heap before
{Heap before GC invocations=16550 (full 4):
 def new generation   total 2902464K, used 2594359K [0x00007f40c4600000, 0x00007f4189350000, 0x00007f4619b50000)
  eden space 2580032K, 100% used [0x00007f40c4600000, 0x00007f4161d90000, 0x00007f4161d90000)
  from space 322432K,   4% used [0x00007f4161d90000, 0x00007f4162b8dc88, 0x00007f4175870000)
  to   space 322432K,   0% used [0x00007f4175870000, 0x00007f4175870000, 0x00007f4189350000)
 tenured generation   total 6449776K, used 6446973K [0x00007f4619b50000, 0x00007f47a35ec000, 0x00007f50c4600000)
   the space 6449776K,  99% used [0x00007f4619b50000, 0x00007f47a332f520, 0x00007f47a332f600, 0x00007f47a35ec000)
 Metaspace       used 24267K, capacity 24692K, committed 24832K, reserved 26624K
}
Event: 10445.280 GC heap after
{Heap after GC invocations=16551 (full 4):
 def new generation   total 2902464K, used 13451K [0x00007f40c4600000, 0x00007f4189350000, 0x00007f4619b50000)
  eden space 2580032K,   0% used [0x00007f40c4600000, 0x00007f40c4600000, 0x00007f4161d90000)
  from space 322432K,   4% used [0x00007f4175870000, 0x00007f4176592d00, 0x00007f4189350000)
  to   space 322432K,   0% used [0x00007f4161d90000, 0x00007f4161d90000, 0x00007f4175870000)
 tenured generation   total 6449776K, used 6448220K [0x00007f4619b50000, 0x00007f47a35ec000, 0x00007f50c4600000)
   the space 6449776K,  99% used [0x00007f4619b50000, 0x00007f47a34672e0, 0x00007f47a3467400, 0x00007f47a35ec000)
 Metaspace       used 24267K, capacity 24692K, committed 24832K, reserved 26624K
}
Event: 10446.600 GC heap before
{Heap before GC invocations=16551 (full 4):
 def new generation   total 2902464K, used 2593483K [0x00007f40c4600000, 0x00007f4189350000, 0x00007f4619b50000)
  eden space 2580032K, 100% used [0x00007f40c4600000, 0x00007f4161d90000, 0x00007f4161d90000)
  from space 322432K,   4% used [0x00007f4175870000, 0x00007f4176592d00, 0x00007f4189350000)
  to   space 322432K,   0% used [0x00007f4161d90000, 0x00007f4161d90000, 0x00007f4175870000)
 tenured generation   total 6449776K, used 6448220K [0x00007f4619b50000, 0x00007f47a35ec000, 0x00007f50c4600000)
   the space 6449776K,  99% used [0x00007f4619b50000, 0x00007f47a34672e0, 0x00007f47a3467400, 0x00007f47a35ec000)
 Metaspace       used 24267K, capacity 24692K, committed 24832K, reserved 26624K
}
Event: 10446.616 GC heap after
{Heap after GC invocations=16552 (full 4):
 def new generation   total 2902464K, used 12567K [0x00007f40c4600000, 0x00007f4189350000, 0x00007f4619b50000)
  eden space 2580032K,   0% used [0x00007f40c4600000, 0x00007f40c4600000, 0x00007f4161d90000)
  from space 322432K,   3% used [0x00007f4161d90000, 0x00007f41629d5ca8, 0x00007f4175870000)
  to   space 322432K,   0% used [0x00007f4175870000, 0x00007f4175870000, 0x00007f4189350000)
 tenured generation   total 6449776K, used 6449463K [0x00007f4619b50000, 0x00007f47a35ec000, 0x00007f50c4600000)
   the space 6449776K,  99% used [0x00007f4619b50000, 0x00007f47a359df60, 0x00007f47a359e000, 0x00007f47a35ec000)
 Metaspace       used 24267K, capacity 24692K, committed 24832K, reserved 26624K
}
Event: 10447.982 GC heap before
{Heap before GC invocations=16552 (full 4):
 def new generation   total 2902464K, used 2592599K [0x00007f40c4600000, 0x00007f4189350000, 0x00007f4619b50000)
  eden space 2580032K, 100% used [0x00007f40c4600000, 0x00007f4161d90000, 0x00007f4161d90000)
  from space 322432K,   3% used [0x00007f4161d90000, 0x00007f41629d5ca8, 0x00007f4175870000)
  to   space 322432K,   0% used [0x00007f4175870000, 0x00007f4175870000, 0x00007f4189350000)
 tenured generation   total 6449776K, used 6449463K [0x00007f4619b50000, 0x00007f47a35ec000, 0x00007f50c4600000)
   the space 6449776K,  99% used [0x00007f4619b50000, 0x00007f47a359df60, 0x00007f47a359e000, 0x00007f47a35ec000)
 Metaspace       used 24267K, capacity 24692K, committed 24832K, reserved 26624K
}
Event: 10447.996 GC heap after
{Heap after GC invocations=16553 (full 4):
 def new generation   total 2902464K, used 12013K [0x00007f40c4600000, 0x00007f4189350000, 0x00007f4619b50000)
  eden space 2580032K,   0% used [0x00007f40c4600000, 0x00007f40c4600000, 0x00007f4161d90000)
  from space 322432K,   3% used [0x00007f4175870000, 0x00007f417642b6e8, 0x00007f4189350000)
  to   space 322432K,   0% used [0x00007f4161d90000, 0x00007f4161d90000, 0x00007f4175870000)
 tenured generation   total 6450736K, used 6450624K [0x00007f4619b50000, 0x00007f47a36dc000, 0x00007f50c4600000)
   the space 6450736K,  99% used [0x00007f4619b50000, 0x00007f47a36c0390, 0x00007f47a36c0400, 0x00007f47a36dc000)
 Metaspace       used 24267K, capacity 24692K, committed 24832K, reserved 26624K
}
Event: 10447.996 GC heap before
{Heap before GC invocations=16553 (full 4):
 def new generation   total 2902464K, used 12013K [0x00007f40c4600000, 0x00007f4189350000, 0x00007f4619b50000)
  eden space 2580032K,   0% used [0x00007f40c4600000, 0x00007f40c4600000, 0x00007f4161d90000)
  from space 322432K,   3% used [0x00007f4175870000, 0x00007f417642b6e8, 0x00007f4189350000)
  to   space 322432K,   0% used [0x00007f4161d90000, 0x00007f4161d90000, 0x00007f4175870000)
 tenured generation   total 6450736K, used 6450624K [0x00007f4619b50000, 0x00007f47a36dc000, 0x00007f50c4600000)
   the space 6450736K,  99% used [0x00007f4619b50000, 0x00007f47a36c0390, 0x00007f47a36c0400, 0x00007f47a36dc000)
 Metaspace       used 24267K, capacity 24692K, committed 24832K, reserved 26624K
}

