# JRE version: OpenJDK Runtime Environment (13.0.7+5) (build 13.0.7+5-Ubuntu-0ubuntu120.04)
# Java VM: OpenJDK 64-Bit Server VM (13.0.7+5-Ubuntu-0ubuntu120.04, mixed mode, tiered, compressed oops, serial gc, linux-amd64)
Heap:
 def new generation   total 1973696K, used 0K [0x0000000080200000, 0x0000000105f90000, 0x0000000300150000)
  eden space 1754432K,   0% used [0x0000000080200000, 0x0000000080200000, 0x00000000eb350000)
  from space 219264K,   0% used [0x00000000eb350000, 0x00000000eb350000, 0x00000000f8970000)
  to   space 219264K,   0% used [0x00000000f8970000, 0x00000000f8970000, 0x0000000105f90000)
 tenured generation   total 4446440K, used 3038642K [0x0000000300150000, 0x000000040f78a000, 0x0000000800000000)
   the space 4446440K,  68% used [0x0000000300150000, 0x00000003b98bc838, 0x00000003b98bca00, 0x000000040f78a000)
 Metaspace       used 22688K, capacity 23229K, committed 23424K, reserved 1071104K
  class space    used 2354K, capacity 2568K, committed 2688K, reserved 1048576K
GC Heap History (20 events):
Event: 752.097 GC heap after
{Heap after GC invocations=657 (full 22):
 def new generation   total 1973696K, used 180959K [0x0000000080200000, 0x0000000105f90000, 0x0000000300150000)
  eden space 1754432K,   0% used [0x0000000080200000, 0x0000000080200000, 0x00000000eb350000)
  from space 219264K,  82% used [0x00000000f8970000, 0x0000000103a27ce8, 0x0000000105f90000)
  to   space 219264K,   0% used [0x00000000eb350000, 0x00000000eb350000, 0x00000000f8970000)
 tenured generation   total 4385800K, used 4016769K [0x0000000300150000, 0x000000040bc52000, 0x0000000800000000)
   the space 4385800K,  91% used [0x0000000300150000, 0x00000003f53f04f0, 0x00000003f53f0600, 0x000000040bc52000)
 Metaspace       used 22688K, capacity 23229K, committed 23424K, reserved 1071104K
  class space    used 2354K, capacity 2568K, committed 2688K, reserved 1048576K
}
Event: 753.382 GC heap before
{Heap before GC invocations=657 (full 22):
 def new generation   total 1973696K, used 1935391K [0x0000000080200000, 0x0000000105f90000, 0x0000000300150000)
  eden space 1754432K, 100% used [0x0000000080200000, 0x00000000eb350000, 0x00000000eb350000)
  from space 219264K,  82% used [0x00000000f8970000, 0x0000000103a27ce8, 0x0000000105f90000)
  to   space 219264K,   0% used [0x00000000eb350000, 0x00000000eb350000, 0x00000000f8970000)
 tenured generation   total 4385800K, used 4016769K [0x0000000300150000, 0x000000040bc52000, 0x0000000800000000)
   the space 4385800K,  91% used [0x0000000300150000, 0x00000003f53f04f0, 0x00000003f53f0600, 0x000000040bc52000)
 Metaspace       used 22688K, capacity 23229K, committed 23424K, reserved 1071104K
  class space    used 2354K, capacity 2568K, committed 2688K, reserved 1048576K
}
Event: 753.577 GC heap after
{Heap after GC invocations=658 (full 22):
 def new generation   total 1973696K, used 209841K [0x0000000080200000, 0x0000000105f90000, 0x0000000300150000)
  eden space 1754432K,   0% used [0x0000000080200000, 0x0000000080200000, 0x00000000eb350000)
  from space 219264K,  95% used [0x00000000eb350000, 0x00000000f803c750, 0x00000000f8970000)
  to   space 219264K,   0% used [0x00000000f8970000, 0x00000000f8970000, 0x0000000105f90000)
 tenured generation   total 4385800K, used 4092540K [0x0000000300150000, 0x000000040bc52000, 0x0000000800000000)
   the space 4385800K,  93% used [0x0000000300150000, 0x00000003f9def3e0, 0x00000003f9def400, 0x000000040bc52000)
 Metaspace       used 22688K, capacity 23229K, committed 23424K, reserved 1071104K
  class space    used 2354K, capacity 2568K, committed 2688K, reserved 1048576K
}
Event: 754.837 GC heap before
{Heap before GC invocations=658 (full 22):
 def new generation   total 1973696K, used 1964273K [0x0000000080200000, 0x0000000105f90000, 0x0000000300150000)
  eden space 1754432K, 100% used [0x0000000080200000, 0x00000000eb350000, 0x00000000eb350000)
  from space 219264K,  95% used [0x00000000eb350000, 0x00000000f803c750, 0x00000000f8970000)
  to   space 219264K,   0% used [0x00000000f8970000, 0x00000000f8970000, 0x0000000105f90000)
 tenured generation   total 4385800K, used 4092540K [0x0000000300150000, 0x000000040bc52000, 0x0000000800000000)
   the space 4385800K,  93% used [0x0000000300150000, 0x00000003f9def3e0, 0x00000003f9def400, 0x000000040bc52000)
 Metaspace       used 22688K, capacity 23229K, committed 23424K, reserved 1071104K
  class space    used 2354K, capacity 2568K, committed 2688K, reserved 1048576K
}
Event: 754.882 GC heap after
{Heap after GC invocations=659 (full 22):
 def new generation   total 1973696K, used 95542K [0x0000000080200000, 0x0000000105f90000, 0x0000000300150000)
  eden space 1754432K,   0% used [0x0000000080200000, 0x0000000080200000, 0x00000000eb350000)
  from space 219264K,  43% used [0x00000000f8970000, 0x00000000fe6bdbb8, 0x0000000105f90000)
  to   space 219264K,   0% used [0x00000000eb350000, 0x00000000eb350000, 0x00000000f8970000)
 tenured generation   total 4385800K, used 4094097K [0x0000000300150000, 0x000000040bc52000, 0x0000000800000000)
   the space 4385800K,  93% used [0x0000000300150000, 0x00000003f9f744d0, 0x00000003f9f74600, 0x000000040bc52000)
 Metaspace       used 22688K, capacity 23229K, committed 23424K, reserved 1071104K
  class space    used 2354K, capacity 2568K, committed 2688K, reserved 1048576K
}
Event: 756.146 GC heap before
{Heap before GC invocations=659 (full 22):
 def new generation   total 1973696K, used 1849974K [0x0000000080200000, 0x0000000105f90000, 0x0000000300150000)
  eden space 1754432K, 100% used [0x0000000080200000, 0x00000000eb350000, 0x00000000eb350000)
  from space 219264K,  43% used [0x00000000f8970000, 0x00000000fe6bdbb8, 0x0000000105f90000)
  to   space 219264K,   0% used [0x00000000eb350000, 0x00000000eb350000, 0x00000000f8970000)
 tenured generation   total 4385800K, used 4094097K [0x0000000300150000, 0x000000040bc52000, 0x0000000800000000)
   the space 4385800K,  93% used [0x0000000300150000, 0x00000003f9f744d0, 0x00000003f9f74600, 0x000000040bc52000)
 Metaspace       used 22688K, capacity 23229K, committed 23424K, reserved 1071104K
  class space    used 2354K, capacity 2568K, committed 2688K, reserved 1048576K
}
Event: 756.233 GC heap after
{Heap after GC invocations=660 (full 22):
 def new generation   total 1973696K, used 200216K [0x0000000080200000, 0x0000000105f90000, 0x0000000300150000)
  eden space 1754432K,   0% used [0x0000000080200000, 0x0000000080200000, 0x00000000eb350000)
  from space 219264K,  91% used [0x00000000eb350000, 0x00000000f76d60a0, 0x00000000f8970000)
  to   space 219264K,   0% used [0x00000000f8970000, 0x00000000f8970000, 0x0000000105f90000)
 tenured generation   total 4385800K, used 4094097K [0x0000000300150000, 0x000000040bc52000, 0x0000000800000000)
   the space 4385800K,  93% used [0x0000000300150000, 0x00000003f9f744d0, 0x00000003f9f74600, 0x000000040bc52000)
 Metaspace       used 22688K, capacity 23229K, committed 23424K, reserved 1071104K
  class space    used 2354K, capacity 2568K, committed 2688K, reserved 1048576K
}
Event: 757.503 GC heap before
{Heap before GC invocations=660 (full 22):
 def new generation   total 1973696K, used 1954648K [0x0000000080200000, 0x0000000105f90000, 0x0000000300150000)
  eden space 1754432K, 100% used [0x0000000080200000, 0x00000000eb350000, 0x00000000eb350000)
  from space 219264K,  91% used [0x00000000eb350000, 0x00000000f76d60a0, 0x00000000f8970000)
  to   space 219264K,   0% used [0x00000000f8970000, 0x00000000f8970000, 0x0000000105f90000)
 tenured generation   total 4385800K, used 4094097K [0x0000000300150000, 0x000000040bc52000, 0x0000000800000000)
   the space 4385800K,  93% used [0x0000000300150000, 0x00000003f9f744d0, 0x00000003f9f74600, 0x000000040bc52000)
 Metaspace       used 22688K, capacity 23229K, committed 23424K, reserved 1071104K
  class space    used 2354K, capacity 2568K, committed 2688K, reserved 1048576K
}
Event: 757.690 GC heap after
{Heap after GC invocations=661 (full 22):
 def new generation   total 1973696K, used 209849K [0x0000000080200000, 0x0000000105f90000, 0x0000000300150000)
  eden space 1754432K,   0% used [0x0000000080200000, 0x0000000080200000, 0x00000000eb350000)
  from space 219264K,  95% used [0x00000000f8970000, 0x000000010565e790, 0x0000000105f90000)
  to   space 219264K,   0% used [0x00000000eb350000, 0x00000000eb350000, 0x00000000f8970000)
 tenured generation   total 4385800K, used 4189123K [0x0000000300150000, 0x000000040bc52000, 0x0000000800000000)
   the space 4385800K,  95% used [0x0000000300150000, 0x00000003ffc40f70, 0x00000003ffc41000, 0x000000040bc52000)
 Metaspace       used 22688K, capacity 23229K, committed 23424K, reserved 1071104K
  class space    used 2354K, capacity 2568K, committed 2688K, reserved 1048576K
}
Event: 758.975 GC heap before
{Heap before GC invocations=661 (full 22):
 def new generation   total 1973696K, used 1964281K [0x0000000080200000, 0x0000000105f90000, 0x0000000300150000)
  eden space 1754432K, 100% used [0x0000000080200000, 0x00000000eb350000, 0x00000000eb350000)
  from space 219264K,  95% used [0x00000000f8970000, 0x000000010565e790, 0x0000000105f90000)
  to   space 219264K,   0% used [0x00000000eb350000, 0x00000000eb350000, 0x00000000f8970000)
 tenured generation   total 4385800K, used 4189123K [0x0000000300150000, 0x000000040bc52000, 0x0000000800000000)
   the space 4385800K,  95% used [0x0000000300150000, 0x00000003ffc40f70, 0x00000003ffc41000, 0x000000040bc52000)
 Metaspace       used 22688K, capacity 23229K, committed 23424K, reserved 1071104K
  class space    used 2354K, capacity 2568K, committed 2688K, reserved 1048576K
}
Event: 759.050 GC heap after
{Heap after GC invocations=662 (full 22):
 def new generation   total 1973696K, used 146819K [0x0000000080200000, 0x0000000105f90000, 0x0000000300150000)
  eden space 1754432K,   0% used [0x0000000080200000, 0x0000000080200000, 0x00000000eb350000)
  from space 219264K,  66% used [0x00000000eb350000, 0x00000000f42b0c60, 0x00000000f8970000)
  to   space 219264K,   0% used [0x00000000f8970000, 0x00000000f8970000, 0x0000000105f90000)
 tenured generation   total 4385800K, used 4199449K [0x0000000300150000, 0x000000040bc52000, 0x0000000800000000)
   the space 4385800K,  95% used [0x0000000300150000, 0x00000004006566a0, 0x0000000400656800, 0x000000040bc52000)
 Metaspace       used 22688K, capacity 23229K, committed 23424K, reserved 1071104K
  class space    used 2354K, capacity 2568K, committed 2688K, reserved 1048576K
}
Event: 760.335 GC heap before
{Heap before GC invocations=662 (full 22):
 def new generation   total 1973696K, used 1901251K [0x0000000080200000, 0x0000000105f90000, 0x0000000300150000)
  eden space 1754432K, 100% used [0x0000000080200000, 0x00000000eb350000, 0x00000000eb350000)
  from space 219264K,  66% used [0x00000000eb350000, 0x00000000f42b0c60, 0x00000000f8970000)
  to   space 219264K,   0% used [0x00000000f8970000, 0x00000000f8970000, 0x0000000105f90000)
 tenured generation   total 4385800K, used 4199449K [0x0000000300150000, 0x000000040bc52000, 0x0000000800000000)
   the space 4385800K,  95% used [0x0000000300150000, 0x00000004006566a0, 0x0000000400656800, 0x000000040bc52000)
 Metaspace       used 22688K, capacity 23229K, committed 23424K, reserved 1071104K
  class space    used 2354K, capacity 2568K, committed 2688K, reserved 1048576K
}
Event: 760.507 GC heap after
{Heap after GC invocations=663 (full 22):
 def new generation   total 1973696K, used 105180K [0x0000000080200000, 0x0000000105f90000, 0x0000000300150000)
  eden space 1754432K,   0% used [0x0000000080200000, 0x0000000080200000, 0x00000000eb350000)
  from space 219264K,  47% used [0x00000000f8970000, 0x00000000ff027258, 0x0000000105f90000)
  to   space 219264K,   0% used [0x00000000eb350000, 0x00000000eb350000, 0x00000000f8970000)
 tenured generation   total 4385800K, used 4345741K [0x0000000300150000, 0x000000040bc52000, 0x0000000800000000)
   the space 4385800K,  99% used [0x0000000300150000, 0x00000004095334f0, 0x0000000409533600, 0x000000040bc52000)
 Metaspace       used 22688K, capacity 23229K, committed 23424K, reserved 1071104K
  class space    used 2354K, capacity 2568K, committed 2688K, reserved 1048576K
}
Event: 761.774 GC heap before
{Heap before GC invocations=663 (full 22):
 def new generation   total 1973696K, used 1859612K [0x0000000080200000, 0x0000000105f90000, 0x0000000300150000)
  eden space 1754432K, 100% used [0x0000000080200000, 0x00000000eb350000, 0x00000000eb350000)
  from space 219264K,  47% used [0x00000000f8970000, 0x00000000ff027258, 0x0000000105f90000)
  to   space 219264K,   0% used [0x00000000eb350000, 0x00000000eb350000, 0x00000000f8970000)
 tenured generation   total 4385800K, used 4345741K [0x0000000300150000, 0x000000040bc52000, 0x0000000800000000)
   the space 4385800K,  99% used [0x0000000300150000, 0x00000004095334f0, 0x0000000409533600, 0x000000040bc52000)
 Metaspace       used 22688K, capacity 23229K, committed 23424K, reserved 1071104K
  class space    used 2354K, capacity 2568K, committed 2688K, reserved 1048576K
}
Event: 761.813 GC heap after
{Heap after GC invocations=664 (full 22):
 def new generation   total 1973696K, used 101182K [0x0000000080200000, 0x0000000105f90000, 0x0000000300150000)
  eden space 1754432K,   0% used [0x0000000080200000, 0x0000000080200000, 0x00000000eb350000)
  from space 219264K,  46% used [0x00000000eb350000, 0x00000000f161f8e0, 0x00000000f8970000)
  to   space 219264K,   0% used [0x00000000f8970000, 0x00000000f8970000, 0x0000000105f90000)
 tenured generation   total 4385800K, used 4345741K [0x0000000300150000, 0x000000040bc52000, 0x0000000800000000)
   the space 4385800K,  99% used [0x0000000300150000, 0x00000004095334f0, 0x0000000409533600, 0x000000040bc52000)
 Metaspace       used 22688K, capacity 23229K, committed 23424K, reserved 1071104K
  class space    used 2354K, capacity 2568K, committed 2688K, reserved 1048576K
}
Event: 763.065 GC heap before
{Heap before GC invocations=664 (full 22):
 def new generation   total 1973696K, used 1855614K [0x0000000080200000, 0x0000000105f90000, 0x0000000300150000)
  eden space 1754432K, 100% used [0x0000000080200000, 0x00000000eb350000, 0x00000000eb350000)
  from space 219264K,  46% used [0x00000000eb350000, 0x00000000f161f8e0, 0x00000000f8970000)
  to   space 219264K,   0% used [0x00000000f8970000, 0x00000000f8970000, 0x0000000105f90000)
 tenured generation   total 4385800K, used 4345741K [0x0000000300150000, 0x000000040bc52000, 0x0000000800000000)
   the space 4385800K,  99% used [0x0000000300150000, 0x00000004095334f0, 0x0000000409533600, 0x000000040bc52000)
 Metaspace       used 22688K, capacity 23229K, committed 23424K, reserved 1071104K
  class space    used 2354K, capacity 2568K, committed 2688K, reserved 1048576K
}
Event: 763.155 GC heap after
{Heap after GC invocations=665 (full 22):
 def new generation   total 1973696K, used 205848K [0x0000000080200000, 0x0000000105f90000, 0x0000000300150000)
  eden space 1754432K,   0% used [0x0000000080200000, 0x0000000080200000, 0x00000000eb350000)
  from space 219264K,  93% used [0x00000000f8970000, 0x00000001052762d0, 0x0000000105f90000)
  to   space 219264K,   0% used [0x00000000eb350000, 0x00000000eb350000, 0x00000000f8970000)
 tenured generation   total 4385800K, used 4345741K [0x0000000300150000, 0x000000040bc52000, 0x0000000800000000)
   the space 4385800K,  99% used [0x0000000300150000, 0x00000004095334f0, 0x0000000409533600, 0x000000040bc52000)
 Metaspace       used 22688K, capacity 23229K, committed 23424K, reserved 1071104K
  class space    used 2354K, capacity 2568K, committed 2688K, reserved 1048576K
}
Event: 764.466 GC heap before
{Heap before GC invocations=665 (full 22):
 def new generation   total 1973696K, used 1960280K [0x0000000080200000, 0x0000000105f90000, 0x0000000300150000)
  eden space 1754432K, 100% used [0x0000000080200000, 0x00000000eb350000, 0x00000000eb350000)
  from space 219264K,  93% used [0x00000000f8970000, 0x00000001052762d0, 0x0000000105f90000)
  to   space 219264K,   0% used [0x00000000eb350000, 0x00000000eb350000, 0x00000000f8970000)
 tenured generation   total 4385800K, used 4345741K [0x0000000300150000, 0x000000040bc52000, 0x0000000800000000)
   the space 4385800K,  99% used [0x0000000300150000, 0x00000004095334f0, 0x0000000409533600, 0x000000040bc52000)
 Metaspace       used 22688K, capacity 23229K, committed 23424K, reserved 1071104K
  class space    used 2354K, capacity 2568K, committed 2688K, reserved 1048576K
}
Event: 764.661 GC heap after
{Heap after GC invocations=666 (full 22):
 def new generation   total 1973696K, used 209845K [0x0000000080200000, 0x0000000105f90000, 0x0000000300150000)
  eden space 1754432K,   0% used [0x0000000080200000, 0x0000000080200000, 0x00000000eb350000)
  from space 219264K,  95% used [0x00000000eb350000, 0x00000000f803d628, 0x00000000f8970000)
  to   space 219264K,   0% used [0x00000000f8970000, 0x00000000f8970000, 0x0000000105f90000)
 tenured generation   total 4446440K, used 4446398K [0x0000000300150000, 0x000000040f78a000, 0x0000000800000000)
   the space 4446440K,  99% used [0x0000000300150000, 0x000000040f77f8e0, 0x000000040f77fa00, 0x000000040f78a000)
 Metaspace       used 22688K, capacity 23229K, committed 23424K, reserved 1071104K
  class space    used 2354K, capacity 2568K, committed 2688K, reserved 1048576K
}
Event: 764.661 GC heap before
{Heap before GC invocations=666 (full 22):
 def new generation   total 1973696K, used 209845K [0x0000000080200000, 0x0000000105f90000, 0x0000000300150000)
  eden space 1754432K,   0% used [0x0000000080200000, 0x0000000080200000, 0x00000000eb350000)
  from space 219264K,  95% used [0x00000000eb350000, 0x00000000f803d628, 0x00000000f8970000)
  to   space 219264K,   0% used [0x00000000f8970000, 0x00000000f8970000, 0x0000000105f90000)
 tenured generation   total 4446440K, used 4446398K [0x0000000300150000, 0x000000040f78a000, 0x0000000800000000)
   the space 4446440K,  99% used [0x0000000300150000, 0x000000040f77f8e0, 0x000000040f77fa00, 0x000000040f78a000)
 Metaspace       used 22688K, capacity 23229K, committed 23424K, reserved 1071104K
  class space    used 2354K, capacity 2568K, committed 2688K, reserved 1048576K
}

