# JRE version: OpenJDK Runtime Environment (13.0.7+5) (build 13.0.7+5-Ubuntu-0ubuntu120.04)
# Java VM: OpenJDK 64-Bit Server VM (13.0.7+5-Ubuntu-0ubuntu120.04, mixed mode, tiered, serial gc, linux-amd64)
Heap:
 def new generation   total 797632K, used 0K [0x00007fc4b8600000, 0x00007fc4ee770000, 0x00007fca0db50000)
  eden space 709056K,   0% used [0x00007fc4b8600000, 0x00007fc4b8600000, 0x00007fc4e3a70000)
  from space 88576K,   0% used [0x00007fc4e90f0000, 0x00007fc4e90f0000, 0x00007fc4ee770000)
  to   space 88576K,   0% used [0x00007fc4e3a70000, 0x00007fc4e3a70000, 0x00007fc4e90f0000)
 tenured generation   total 9402664K, used 142829K [0x00007fca0db50000, 0x00007fcc4b99a000, 0x00007fd4b8600000)
   the space 9402664K,   1% used [0x00007fca0db50000, 0x00007fca166cb738, 0x00007fca166cb800, 0x00007fcc4b99a000)
 Metaspace       used 23362K, capacity 23691K, committed 23808K, reserved 24576K
GC Heap History (20 events):
Event: 52.021 GC heap after
{Heap after GC invocations=31 (full 4):
 def new generation   total 797632K, used 1162K [0x00007fc4b8600000, 0x00007fc4ee770000, 0x00007fca0db50000)
  eden space 709056K,   0% used [0x00007fc4b8600000, 0x00007fc4b8600000, 0x00007fc4e3a70000)
  from space 88576K,   1% used [0x00007fc4e3a70000, 0x00007fc4e3b92ae8, 0x00007fc4e90f0000)
  to   space 88576K,   0% used [0x00007fc4e90f0000, 0x00007fc4e90f0000, 0x00007fc4ee770000)
 tenured generation   total 10160976K, used 9754452K [0x00007fca0db50000, 0x00007fcc79e24000, 0x00007fd4b8600000)
   the space 10160976K,  95% used [0x00007fca0db50000, 0x00007fcc61125290, 0x00007fcc61125400, 0x00007fcc79e24000)
 Metaspace       used 23342K, capacity 23683K, committed 23808K, reserved 24576K
}
Event: 52.482 GC heap before
{Heap before GC invocations=31 (full 4):
 def new generation   total 797632K, used 637522K [0x00007fc4b8600000, 0x00007fc4ee770000, 0x00007fca0db50000)
  eden space 709056K,  89% used [0x00007fc4b8600000, 0x00007fc4df371ed8, 0x00007fc4e3a70000)
  from space 88576K,   1% used [0x00007fc4e3a70000, 0x00007fc4e3b92ae8, 0x00007fc4e90f0000)
  to   space 88576K,   0% used [0x00007fc4e90f0000, 0x00007fc4e90f0000, 0x00007fc4ee770000)
 tenured generation   total 10160976K, used 9754452K [0x00007fca0db50000, 0x00007fcc79e24000, 0x00007fd4b8600000)
   the space 10160976K,  95% used [0x00007fca0db50000, 0x00007fcc61125290, 0x00007fcc61125400, 0x00007fcc79e24000)
 Metaspace       used 23343K, capacity 23683K, committed 23808K, reserved 24576K
}
Event: 52.604 GC heap after
{Heap after GC invocations=32 (full 4):
 def new generation   total 797632K, used 1452K [0x00007fc4b8600000, 0x00007fc4ee770000, 0x00007fca0db50000)
  eden space 709056K,   0% used [0x00007fc4b8600000, 0x00007fc4b8600000, 0x00007fc4e3a70000)
  from space 88576K,   1% used [0x00007fc4e90f0000, 0x00007fc4e925b2f8, 0x00007fc4ee770000)
  to   space 88576K,   0% used [0x00007fc4e3a70000, 0x00007fc4e3a70000, 0x00007fc4e90f0000)
 tenured generation   total 10160976K, used 10016596K [0x00007fca0db50000, 0x00007fcc79e24000, 0x00007fd4b8600000)
   the space 10160976K,  98% used [0x00007fca0db50000, 0x00007fcc711252a8, 0x00007fcc71125400, 0x00007fcc79e24000)
 Metaspace       used 23343K, capacity 23683K, committed 23808K, reserved 24576K
}
Event: 53.048 GC heap before
{Heap before GC invocations=32 (full 4):
 def new generation   total 797632K, used 710508K [0x00007fc4b8600000, 0x00007fc4ee770000, 0x00007fca0db50000)
  eden space 709056K, 100% used [0x00007fc4b8600000, 0x00007fc4e3a70000, 0x00007fc4e3a70000)
  from space 88576K,   1% used [0x00007fc4e90f0000, 0x00007fc4e925b2f8, 0x00007fc4ee770000)
  to   space 88576K,   0% used [0x00007fc4e3a70000, 0x00007fc4e3a70000, 0x00007fc4e90f0000)
 tenured generation   total 10160976K, used 10016596K [0x00007fca0db50000, 0x00007fcc79e24000, 0x00007fd4b8600000)
   the space 10160976K,  98% used [0x00007fca0db50000, 0x00007fcc711252a8, 0x00007fcc71125400, 0x00007fcc79e24000)
 Metaspace       used 23343K, capacity 23683K, committed 23808K, reserved 24576K
}
Event: 53.053 GC heap after
{Heap after GC invocations=33 (full 4):
 def new generation   total 797632K, used 1401K [0x00007fc4b8600000, 0x00007fc4ee770000, 0x00007fca0db50000)
  eden space 709056K,   0% used [0x00007fc4b8600000, 0x00007fc4b8600000, 0x00007fc4e3a70000)
  from space 88576K,   1% used [0x00007fc4e3a70000, 0x00007fc4e3bce660, 0x00007fc4e90f0000)
  to   space 88576K,   0% used [0x00007fc4e90f0000, 0x00007fc4e90f0000, 0x00007fc4ee770000)
 tenured generation   total 10160976K, used 10016596K [0x00007fca0db50000, 0x00007fcc79e24000, 0x00007fd4b8600000)
   the space 10160976K,  98% used [0x00007fca0db50000, 0x00007fcc711252a8, 0x00007fcc71125400, 0x00007fcc79e24000)
 Metaspace       used 23343K, capacity 23683K, committed 23808K, reserved 24576K
}
Event: 53.373 GC heap before
{Heap before GC invocations=33 (full 4):
 def new generation   total 797632K, used 710457K [0x00007fc4b8600000, 0x00007fc4ee770000, 0x00007fca0db50000)
  eden space 709056K, 100% used [0x00007fc4b8600000, 0x00007fc4e3a70000, 0x00007fc4e3a70000)
  from space 88576K,   1% used [0x00007fc4e3a70000, 0x00007fc4e3bce660, 0x00007fc4e90f0000)
  to   space 88576K,   0% used [0x00007fc4e90f0000, 0x00007fc4e90f0000, 0x00007fc4ee770000)
 tenured generation   total 10160976K, used 10016596K [0x00007fca0db50000, 0x00007fcc79e24000, 0x00007fd4b8600000)
   the space 10160976K,  98% used [0x00007fca0db50000, 0x00007fcc711252a8, 0x00007fcc71125400, 0x00007fcc79e24000)
 Metaspace       used 23351K, capacity 23683K, committed 23808K, reserved 24576K
}
Event: 53.380 GC heap after
{Heap after GC invocations=34 (full 4):
 def new generation   total 797632K, used 2472K [0x00007fc4b8600000, 0x00007fc4ee770000, 0x00007fca0db50000)
  eden space 709056K,   0% used [0x00007fc4b8600000, 0x00007fc4b8600000, 0x00007fc4e3a70000)
  from space 88576K,   2% used [0x00007fc4e90f0000, 0x00007fc4e935a328, 0x00007fc4ee770000)
  to   space 88576K,   0% used [0x00007fc4e3a70000, 0x00007fc4e3a70000, 0x00007fc4e90f0000)
 tenured generation   total 10160976K, used 10016596K [0x00007fca0db50000, 0x00007fcc79e24000, 0x00007fd4b8600000)
   the space 10160976K,  98% used [0x00007fca0db50000, 0x00007fcc711252a8, 0x00007fcc71125400, 0x00007fcc79e24000)
 Metaspace       used 23351K, capacity 23683K, committed 23808K, reserved 24576K
}
Event: 53.698 GC heap before
{Heap before GC invocations=34 (full 4):
 def new generation   total 797632K, used 711528K [0x00007fc4b8600000, 0x00007fc4ee770000, 0x00007fca0db50000)
  eden space 709056K, 100% used [0x00007fc4b8600000, 0x00007fc4e3a70000, 0x00007fc4e3a70000)
  from space 88576K,   2% used [0x00007fc4e90f0000, 0x00007fc4e935a328, 0x00007fc4ee770000)
  to   space 88576K,   0% used [0x00007fc4e3a70000, 0x00007fc4e3a70000, 0x00007fc4e90f0000)
 tenured generation   total 10160976K, used 10016596K [0x00007fca0db50000, 0x00007fcc79e24000, 0x00007fd4b8600000)
   the space 10160976K,  98% used [0x00007fca0db50000, 0x00007fcc711252a8, 0x00007fcc71125400, 0x00007fcc79e24000)
 Metaspace       used 23351K, capacity 23683K, committed 23808K, reserved 24576K
}
Event: 53.709 GC heap after
{Heap after GC invocations=35 (full 4):
 def new generation   total 797632K, used 3602K [0x00007fc4b8600000, 0x00007fc4ee770000, 0x00007fca0db50000)
  eden space 709056K,   0% used [0x00007fc4b8600000, 0x00007fc4b8600000, 0x00007fc4e3a70000)
  from space 88576K,   4% used [0x00007fc4e3a70000, 0x00007fc4e3df4b10, 0x00007fc4e90f0000)
  to   space 88576K,   0% used [0x00007fc4e90f0000, 0x00007fc4e90f0000, 0x00007fc4ee770000)
 tenured generation   total 10160976K, used 10016596K [0x00007fca0db50000, 0x00007fcc79e24000, 0x00007fd4b8600000)
   the space 10160976K,  98% used [0x00007fca0db50000, 0x00007fcc711252a8, 0x00007fcc71125400, 0x00007fcc79e24000)
 Metaspace       used 23351K, capacity 23683K, committed 23808K, reserved 24576K
}
Event: 54.296 GC heap before
{Heap before GC invocations=35 (full 4):
 def new generation   total 797632K, used 636162K [0x00007fc4b8600000, 0x00007fc4ee770000, 0x00007fca0db50000)
  eden space 709056K,  89% used [0x00007fc4b8600000, 0x00007fc4defbbff8, 0x00007fc4e3a70000)
  from space 88576K,   4% used [0x00007fc4e3a70000, 0x00007fc4e3df4b10, 0x00007fc4e90f0000)
  to   space 88576K,   0% used [0x00007fc4e90f0000, 0x00007fc4e90f0000, 0x00007fc4ee770000)
 tenured generation   total 10160976K, used 10016596K [0x00007fca0db50000, 0x00007fcc79e24000, 0x00007fd4b8600000)
   the space 10160976K,  98% used [0x00007fca0db50000, 0x00007fcc711252a8, 0x00007fcc71125400, 0x00007fcc79e24000)
 Metaspace       used 23351K, capacity 23683K, committed 23808K, reserved 24576K
}
Event: 54.433 GC heap after
{Heap after GC invocations=36 (full 4):
 def new generation   total 797632K, used 3671K [0x00007fc4b8600000, 0x00007fc4ee770000, 0x00007fca0db50000)
  eden space 709056K,   0% used [0x00007fc4b8600000, 0x00007fc4b8600000, 0x00007fc4e3a70000)
  from space 88576K,   4% used [0x00007fc4e90f0000, 0x00007fc4e9485c80, 0x00007fc4ee770000)
  to   space 88576K,   0% used [0x00007fc4e3a70000, 0x00007fc4e3a70000, 0x00007fc4e90f0000)
 tenured generation   total 10160976K, used 10147668K [0x00007fca0db50000, 0x00007fcc79e24000, 0x00007fd4b8600000)
   the space 10160976K,  99% used [0x00007fca0db50000, 0x00007fcc791252c0, 0x00007fcc79125400, 0x00007fcc79e24000)
 Metaspace       used 23351K, capacity 23683K, committed 23808K, reserved 24576K
}
Event: 55.120 GC heap before
{Heap before GC invocations=36 (full 4):
 def new generation   total 797632K, used 712727K [0x00007fc4b8600000, 0x00007fc4ee770000, 0x00007fca0db50000)
  eden space 709056K, 100% used [0x00007fc4b8600000, 0x00007fc4e3a70000, 0x00007fc4e3a70000)
  from space 88576K,   4% used [0x00007fc4e90f0000, 0x00007fc4e9485c80, 0x00007fc4ee770000)
  to   space 88576K,   0% used [0x00007fc4e3a70000, 0x00007fc4e3a70000, 0x00007fc4e90f0000)
 tenured generation   total 10160976K, used 10147668K [0x00007fca0db50000, 0x00007fcc79e24000, 0x00007fd4b8600000)
   the space 10160976K,  99% used [0x00007fca0db50000, 0x00007fcc791252c0, 0x00007fcc79125400, 0x00007fcc79e24000)
 Metaspace       used 23359K, capacity 23691K, committed 23808K, reserved 24576K
}
Event: 55.129 GC heap after
{Heap after GC invocations=37 (full 4):
 def new generation   total 797632K, used 3696K [0x00007fc4b8600000, 0x00007fc4ee770000, 0x00007fca0db50000)
  eden space 709056K,   0% used [0x00007fc4b8600000, 0x00007fc4b8600000, 0x00007fc4e3a70000)
  from space 88576K,   4% used [0x00007fc4e3a70000, 0x00007fc4e3e0c028, 0x00007fc4e90f0000)
  to   space 88576K,   0% used [0x00007fc4e90f0000, 0x00007fc4e90f0000, 0x00007fc4ee770000)
 tenured generation   total 10160976K, used 10147668K [0x00007fca0db50000, 0x00007fcc79e24000, 0x00007fd4b8600000)
   the space 10160976K,  99% used [0x00007fca0db50000, 0x00007fcc791252c0, 0x00007fcc79125400, 0x00007fcc79e24000)
 Metaspace       used 23359K, capacity 23691K, committed 23808K, reserved 24576K
}
Event: 55.518 GC heap before
{Heap before GC invocations=37 (full 4):
 def new generation   total 797632K, used 712752K [0x00007fc4b8600000, 0x00007fc4ee770000, 0x00007fca0db50000)
  eden space 709056K, 100% used [0x00007fc4b8600000, 0x00007fc4e3a70000, 0x00007fc4e3a70000)
  from space 88576K,   4% used [0x00007fc4e3a70000, 0x00007fc4e3e0c028, 0x00007fc4e90f0000)
  to   space 88576K,   0% used [0x00007fc4e90f0000, 0x00007fc4e90f0000, 0x00007fc4ee770000)
 tenured generation   total 10160976K, used 10147668K [0x00007fca0db50000, 0x00007fcc79e24000, 0x00007fd4b8600000)
   the space 10160976K,  99% used [0x00007fca0db50000, 0x00007fcc791252c0, 0x00007fcc79125400, 0x00007fcc79e24000)
 Metaspace       used 23359K, capacity 23691K, committed 23808K, reserved 24576K
}
Event: 55.527 GC heap after
{Heap after GC invocations=38 (full 4):
 def new generation   total 797632K, used 4857K [0x00007fc4b8600000, 0x00007fc4ee770000, 0x00007fca0db50000)
  eden space 709056K,   0% used [0x00007fc4b8600000, 0x00007fc4b8600000, 0x00007fc4e3a70000)
  from space 88576K,   5% used [0x00007fc4e90f0000, 0x00007fc4e95ae798, 0x00007fc4ee770000)
  to   space 88576K,   0% used [0x00007fc4e3a70000, 0x00007fc4e3a70000, 0x00007fc4e90f0000)
 tenured generation   total 10160976K, used 10147668K [0x00007fca0db50000, 0x00007fcc79e24000, 0x00007fd4b8600000)
   the space 10160976K,  99% used [0x00007fca0db50000, 0x00007fcc791252c0, 0x00007fcc79125400, 0x00007fcc79e24000)
 Metaspace       used 23359K, capacity 23691K, committed 23808K, reserved 24576K
}
Event: 55.879 GC heap before
{Heap before GC invocations=38 (full 4):
 def new generation   total 797632K, used 713913K [0x00007fc4b8600000, 0x00007fc4ee770000, 0x00007fca0db50000)
  eden space 709056K, 100% used [0x00007fc4b8600000, 0x00007fc4e3a70000, 0x00007fc4e3a70000)
  from space 88576K,   5% used [0x00007fc4e90f0000, 0x00007fc4e95ae798, 0x00007fc4ee770000)
  to   space 88576K,   0% used [0x00007fc4e3a70000, 0x00007fc4e3a70000, 0x00007fc4e90f0000)
 tenured generation   total 10160976K, used 10147668K [0x00007fca0db50000, 0x00007fcc79e24000, 0x00007fd4b8600000)
   the space 10160976K,  99% used [0x00007fca0db50000, 0x00007fcc791252c0, 0x00007fcc79125400, 0x00007fcc79e24000)
 Metaspace       used 23359K, capacity 23691K, committed 23808K, reserved 24576K
}
Event: 55.905 GC heap after
{Heap after GC invocations=39 (full 4):
 def new generation   total 797632K, used 6017K [0x00007fc4b8600000, 0x00007fc4ee770000, 0x00007fca0db50000)
  eden space 709056K,   0% used [0x00007fc4b8600000, 0x00007fc4b8600000, 0x00007fc4e3a70000)
  from space 88576K,   6% used [0x00007fc4e3a70000, 0x00007fc4e40507a8, 0x00007fc4e90f0000)
  to   space 88576K,   0% used [0x00007fc4e90f0000, 0x00007fc4e90f0000, 0x00007fc4ee770000)
 tenured generation   total 10160976K, used 10147668K [0x00007fca0db50000, 0x00007fcc79e24000, 0x00007fd4b8600000)
   the space 10160976K,  99% used [0x00007fca0db50000, 0x00007fcc791252c0, 0x00007fcc79125400, 0x00007fcc79e24000)
 Metaspace       used 23359K, capacity 23691K, committed 23808K, reserved 24576K
}
Event: 56.611 GC heap before
{Heap before GC invocations=39 (full 4):
 def new generation   total 797632K, used 688032K [0x00007fc4b8600000, 0x00007fc4ee770000, 0x00007fca0db50000)
  eden space 709056K,  96% used [0x00007fc4b8600000, 0x00007fc4e2007a38, 0x00007fc4e3a70000)
  from space 88576K,   6% used [0x00007fc4e3a70000, 0x00007fc4e40507a8, 0x00007fc4e90f0000)
  to   space 88576K,   0% used [0x00007fc4e90f0000, 0x00007fc4e90f0000, 0x00007fc4ee770000)
 tenured generation   total 10160976K, used 10147668K [0x00007fca0db50000, 0x00007fcc79e24000, 0x00007fd4b8600000)
   the space 10160976K,  99% used [0x00007fca0db50000, 0x00007fcc791252c0, 0x00007fcc79125400, 0x00007fcc79e24000)
 Metaspace       used 23362K, capacity 23691K, committed 23808K, reserved 24576K
}
Event: 56.789 GC heap after
{Heap after GC invocations=40 (full 4):
 def new generation   total 797632K, used 3949K [0x00007fc4b8600000, 0x00007fc4ee770000, 0x00007fca0db50000)
  eden space 709056K,   0% used [0x00007fc4b8600000, 0x00007fc4b8600000, 0x00007fc4e3a70000)
  from space 88576K,   4% used [0x00007fc4e90f0000, 0x00007fc4e94cb670, 0x00007fc4ee770000)
  to   space 88576K,   0% used [0x00007fc4e3a70000, 0x00007fc4e3a70000, 0x00007fc4e90f0000)
 tenured generation   total 10292052K, used 10278740K [0x00007fca0db50000, 0x00007fcc81e25000, 0x00007fd4b8600000)
   the space 10292052K,  99% used [0x00007fca0db50000, 0x00007fcc811252d8, 0x00007fcc81125400, 0x00007fcc81e25000)
 Metaspace       used 23362K, capacity 23691K, committed 23808K, reserved 24576K
}
Event: 56.789 GC heap before
{Heap before GC invocations=40 (full 4):
 def new generation   total 797632K, used 3949K [0x00007fc4b8600000, 0x00007fc4ee770000, 0x00007fca0db50000)
  eden space 709056K,   0% used [0x00007fc4b8600000, 0x00007fc4b8600000, 0x00007fc4e3a70000)
  from space 88576K,   4% used [0x00007fc4e90f0000, 0x00007fc4e94cb670, 0x00007fc4ee770000)
  to   space 88576K,   0% used [0x00007fc4e3a70000, 0x00007fc4e3a70000, 0x00007fc4e90f0000)
 tenured generation   total 10292052K, used 10278740K [0x00007fca0db50000, 0x00007fcc81e25000, 0x00007fd4b8600000)
   the space 10292052K,  99% used [0x00007fca0db50000, 0x00007fcc811252d8, 0x00007fcc81125400, 0x00007fcc81e25000)
 Metaspace       used 23362K, capacity 23691K, committed 23808K, reserved 24576K
}

