# JRE version: OpenJDK Runtime Environment (13.0.7+5) (build 13.0.7+5-Ubuntu-0ubuntu120.04)
# Java VM: OpenJDK 64-Bit Server VM (13.0.7+5-Ubuntu-0ubuntu120.04, mixed mode, tiered, serial gc, linux-amd64)
Heap:
 def new generation   total 629248K, used 11840K [0x00007f9e54600000, 0x00007f9e7f0c0000, 0x00007fa3a9b50000)
  eden space 559360K,   2% used [0x00007f9e54600000, 0x00007f9e55190070, 0x00007f9e76840000)
  from space 69888K,   0% used [0x00007f9e7ac80000, 0x00007f9e7ac80000, 0x00007f9e7f0c0000)
  to   space 69888K,   0% used [0x00007f9e76840000, 0x00007f9e76840000, 0x00007f9e7ac80000)
 tenured generation   total 1398336K, used 1398333K [0x00007fa3a9b50000, 0x00007fa3ff0e0000, 0x00007fae54600000)
   the space 1398336K,  99% used [0x00007fa3a9b50000, 0x00007fa3ff0df7d0, 0x00007fa3ff0df800, 0x00007fa3ff0e0000)
 Metaspace       used 24289K, capacity 24686K, committed 24832K, reserved 26624K
GC Heap History (20 events):
Event: 367.792 GC heap after
{Heap after GC invocations=1789 (full 1):
 def new generation   total 629248K, used 12126K [0x00007f9e54600000, 0x00007f9e7f0c0000, 0x00007fa3a9b50000)
  eden space 559360K,   0% used [0x00007f9e54600000, 0x00007f9e54600000, 0x00007f9e76840000)
  from space 69888K,  17% used [0x00007f9e76840000, 0x00007f9e77417a68, 0x00007f9e7ac80000)
  to   space 69888K,   0% used [0x00007f9e7ac80000, 0x00007f9e7ac80000, 0x00007f9e7f0c0000)
 tenured generation   total 1398144K, used 1391022K [0x00007fa3a9b50000, 0x00007fa3ff0b0000, 0x00007fae54600000)
   the space 1398144K,  99% used [0x00007fa3a9b50000, 0x00007fa3fe9bb860, 0x00007fa3fe9bba00, 0x00007fa3ff0b0000)
 Metaspace       used 24289K, capacity 24686K, committed 24832K, reserved 26624K
}
Event: 367.979 GC heap before
{Heap before GC invocations=1789 (full 1):
 def new generation   total 629248K, used 571486K [0x00007f9e54600000, 0x00007f9e7f0c0000, 0x00007fa3a9b50000)
  eden space 559360K, 100% used [0x00007f9e54600000, 0x00007f9e76840000, 0x00007f9e76840000)
  from space 69888K,  17% used [0x00007f9e76840000, 0x00007f9e77417a68, 0x00007f9e7ac80000)
  to   space 69888K,   0% used [0x00007f9e7ac80000, 0x00007f9e7ac80000, 0x00007f9e7f0c0000)
 tenured generation   total 1398144K, used 1391022K [0x00007fa3a9b50000, 0x00007fa3ff0b0000, 0x00007fae54600000)
   the space 1398144K,  99% used [0x00007fa3a9b50000, 0x00007fa3fe9bb860, 0x00007fa3fe9bba00, 0x00007fa3ff0b0000)
 Metaspace       used 24289K, capacity 24686K, committed 24832K, reserved 26624K
}
Event: 367.991 GC heap after
{Heap after GC invocations=1790 (full 1):
 def new generation   total 629248K, used 12224K [0x00007f9e54600000, 0x00007f9e7f0c0000, 0x00007fa3a9b50000)
  eden space 559360K,   0% used [0x00007f9e54600000, 0x00007f9e54600000, 0x00007f9e76840000)
  from space 69888K,  17% used [0x00007f9e7ac80000, 0x00007f9e7b870268, 0x00007f9e7f0c0000)
  to   space 69888K,   0% used [0x00007f9e76840000, 0x00007f9e76840000, 0x00007f9e7ac80000)
 tenured generation   total 1398144K, used 1391758K [0x00007fa3a9b50000, 0x00007fa3ff0b0000, 0x00007fae54600000)
   the space 1398144K,  99% used [0x00007fa3a9b50000, 0x00007fa3fea738b0, 0x00007fa3fea73a00, 0x00007fa3ff0b0000)
 Metaspace       used 24289K, capacity 24686K, committed 24832K, reserved 26624K
}
Event: 368.185 GC heap before
{Heap before GC invocations=1790 (full 1):
 def new generation   total 629248K, used 571584K [0x00007f9e54600000, 0x00007f9e7f0c0000, 0x00007fa3a9b50000)
  eden space 559360K, 100% used [0x00007f9e54600000, 0x00007f9e76840000, 0x00007f9e76840000)
  from space 69888K,  17% used [0x00007f9e7ac80000, 0x00007f9e7b870268, 0x00007f9e7f0c0000)
  to   space 69888K,   0% used [0x00007f9e76840000, 0x00007f9e76840000, 0x00007f9e7ac80000)
 tenured generation   total 1398144K, used 1391758K [0x00007fa3a9b50000, 0x00007fa3ff0b0000, 0x00007fae54600000)
   the space 1398144K,  99% used [0x00007fa3a9b50000, 0x00007fa3fea738b0, 0x00007fa3fea73a00, 0x00007fa3ff0b0000)
 Metaspace       used 24289K, capacity 24686K, committed 24832K, reserved 26624K
}
Event: 368.194 GC heap after
{Heap after GC invocations=1791 (full 1):
 def new generation   total 629248K, used 11999K [0x00007f9e54600000, 0x00007f9e7f0c0000, 0x00007fa3a9b50000)
  eden space 559360K,   0% used [0x00007f9e54600000, 0x00007f9e54600000, 0x00007f9e76840000)
  from space 69888K,  17% used [0x00007f9e76840000, 0x00007f9e773f7dc8, 0x00007f9e7ac80000)
  to   space 69888K,   0% used [0x00007f9e7ac80000, 0x00007f9e7ac80000, 0x00007f9e7f0c0000)
 tenured generation   total 1398144K, used 1392593K [0x00007fa3a9b50000, 0x00007fa3ff0b0000, 0x00007fae54600000)
   the space 1398144K,  99% used [0x00007fa3a9b50000, 0x00007fa3feb44778, 0x00007fa3feb44800, 0x00007fa3ff0b0000)
 Metaspace       used 24289K, capacity 24686K, committed 24832K, reserved 26624K
}
Event: 368.391 GC heap before
{Heap before GC invocations=1791 (full 1):
 def new generation   total 629248K, used 571359K [0x00007f9e54600000, 0x00007f9e7f0c0000, 0x00007fa3a9b50000)
  eden space 559360K, 100% used [0x00007f9e54600000, 0x00007f9e76840000, 0x00007f9e76840000)
  from space 69888K,  17% used [0x00007f9e76840000, 0x00007f9e773f7dc8, 0x00007f9e7ac80000)
  to   space 69888K,   0% used [0x00007f9e7ac80000, 0x00007f9e7ac80000, 0x00007f9e7f0c0000)
 tenured generation   total 1398144K, used 1392593K [0x00007fa3a9b50000, 0x00007fa3ff0b0000, 0x00007fae54600000)
   the space 1398144K,  99% used [0x00007fa3a9b50000, 0x00007fa3feb44778, 0x00007fa3feb44800, 0x00007fa3ff0b0000)
 Metaspace       used 24289K, capacity 24686K, committed 24832K, reserved 26624K
}
Event: 368.403 GC heap after
{Heap after GC invocations=1792 (full 1):
 def new generation   total 629248K, used 12101K [0x00007f9e54600000, 0x00007f9e7f0c0000, 0x00007fa3a9b50000)
  eden space 559360K,   0% used [0x00007f9e54600000, 0x00007f9e54600000, 0x00007f9e76840000)
  from space 69888K,  17% used [0x00007f9e7ac80000, 0x00007f9e7b851648, 0x00007f9e7f0c0000)
  to   space 69888K,   0% used [0x00007f9e76840000, 0x00007f9e76840000, 0x00007f9e7ac80000)
 tenured generation   total 1398144K, used 1393289K [0x00007fa3a9b50000, 0x00007fa3ff0b0000, 0x00007fae54600000)
   the space 1398144K,  99% used [0x00007fa3a9b50000, 0x00007fa3febf2480, 0x00007fa3febf2600, 0x00007fa3ff0b0000)
 Metaspace       used 24289K, capacity 24686K, committed 24832K, reserved 26624K
}
Event: 368.597 GC heap before
{Heap before GC invocations=1792 (full 1):
 def new generation   total 629248K, used 571461K [0x00007f9e54600000, 0x00007f9e7f0c0000, 0x00007fa3a9b50000)
  eden space 559360K, 100% used [0x00007f9e54600000, 0x00007f9e76840000, 0x00007f9e76840000)
  from space 69888K,  17% used [0x00007f9e7ac80000, 0x00007f9e7b851648, 0x00007f9e7f0c0000)
  to   space 69888K,   0% used [0x00007f9e76840000, 0x00007f9e76840000, 0x00007f9e7ac80000)
 tenured generation   total 1398144K, used 1393289K [0x00007fa3a9b50000, 0x00007fa3ff0b0000, 0x00007fae54600000)
   the space 1398144K,  99% used [0x00007fa3a9b50000, 0x00007fa3febf2480, 0x00007fa3febf2600, 0x00007fa3ff0b0000)
 Metaspace       used 24289K, capacity 24686K, committed 24832K, reserved 26624K
}
Event: 368.608 GC heap after
{Heap after GC invocations=1793 (full 1):
 def new generation   total 629248K, used 12111K [0x00007f9e54600000, 0x00007f9e7f0c0000, 0x00007fa3a9b50000)
  eden space 559360K,   0% used [0x00007f9e54600000, 0x00007f9e54600000, 0x00007f9e76840000)
  from space 69888K,  17% used [0x00007f9e76840000, 0x00007f9e77413db0, 0x00007f9e7ac80000)
  to   space 69888K,   0% used [0x00007f9e7ac80000, 0x00007f9e7ac80000, 0x00007f9e7f0c0000)
 tenured generation   total 1398144K, used 1394123K [0x00007fa3a9b50000, 0x00007fa3ff0b0000, 0x00007fae54600000)
   the space 1398144K,  99% used [0x00007fa3a9b50000, 0x00007fa3fecc2c20, 0x00007fa3fecc2e00, 0x00007fa3ff0b0000)
 Metaspace       used 24289K, capacity 24686K, committed 24832K, reserved 26624K
}
Event: 368.805 GC heap before
{Heap before GC invocations=1793 (full 1):
 def new generation   total 629248K, used 571471K [0x00007f9e54600000, 0x00007f9e7f0c0000, 0x00007fa3a9b50000)
  eden space 559360K, 100% used [0x00007f9e54600000, 0x00007f9e76840000, 0x00007f9e76840000)
  from space 69888K,  17% used [0x00007f9e76840000, 0x00007f9e77413db0, 0x00007f9e7ac80000)
  to   space 69888K,   0% used [0x00007f9e7ac80000, 0x00007f9e7ac80000, 0x00007f9e7f0c0000)
 tenured generation   total 1398144K, used 1394123K [0x00007fa3a9b50000, 0x00007fa3ff0b0000, 0x00007fae54600000)
   the space 1398144K,  99% used [0x00007fa3a9b50000, 0x00007fa3fecc2c20, 0x00007fa3fecc2e00, 0x00007fa3ff0b0000)
 Metaspace       used 24289K, capacity 24686K, committed 24832K, reserved 26624K
}
Event: 368.816 GC heap after
{Heap after GC invocations=1794 (full 1):
 def new generation   total 629248K, used 12115K [0x00007f9e54600000, 0x00007f9e7f0c0000, 0x00007fa3a9b50000)
  eden space 559360K,   0% used [0x00007f9e54600000, 0x00007f9e54600000, 0x00007f9e76840000)
  from space 69888K,  17% used [0x00007f9e7ac80000, 0x00007f9e7b854cf8, 0x00007f9e7f0c0000)
  to   space 69888K,   0% used [0x00007f9e76840000, 0x00007f9e76840000, 0x00007f9e7ac80000)
 tenured generation   total 1398144K, used 1394965K [0x00007fa3a9b50000, 0x00007fa3ff0b0000, 0x00007fae54600000)
   the space 1398144K,  99% used [0x00007fa3a9b50000, 0x00007fa3fed954e0, 0x00007fa3fed95600, 0x00007fa3ff0b0000)
 Metaspace       used 24289K, capacity 24686K, committed 24832K, reserved 26624K
}
Event: 369.005 GC heap before
{Heap before GC invocations=1794 (full 1):
 def new generation   total 629248K, used 571475K [0x00007f9e54600000, 0x00007f9e7f0c0000, 0x00007fa3a9b50000)
  eden space 559360K, 100% used [0x00007f9e54600000, 0x00007f9e76840000, 0x00007f9e76840000)
  from space 69888K,  17% used [0x00007f9e7ac80000, 0x00007f9e7b854cf8, 0x00007f9e7f0c0000)
  to   space 69888K,   0% used [0x00007f9e76840000, 0x00007f9e76840000, 0x00007f9e7ac80000)
 tenured generation   total 1398144K, used 1394965K [0x00007fa3a9b50000, 0x00007fa3ff0b0000, 0x00007fae54600000)
   the space 1398144K,  99% used [0x00007fa3a9b50000, 0x00007fa3fed954e0, 0x00007fa3fed95600, 0x00007fa3ff0b0000)
 Metaspace       used 24289K, capacity 24686K, committed 24832K, reserved 26624K
}
Event: 369.017 GC heap after
{Heap after GC invocations=1795 (full 1):
 def new generation   total 629248K, used 12108K [0x00007f9e54600000, 0x00007f9e7f0c0000, 0x00007fa3a9b50000)
  eden space 559360K,   0% used [0x00007f9e54600000, 0x00007f9e54600000, 0x00007f9e76840000)
  from space 69888K,  17% used [0x00007f9e76840000, 0x00007f9e77413228, 0x00007f9e7ac80000)
  to   space 69888K,   0% used [0x00007f9e7ac80000, 0x00007f9e7ac80000, 0x00007f9e7f0c0000)
 tenured generation   total 1398144K, used 1395803K [0x00007fa3a9b50000, 0x00007fa3ff0b0000, 0x00007fae54600000)
   the space 1398144K,  99% used [0x00007fa3a9b50000, 0x00007fa3fee66d30, 0x00007fa3fee66e00, 0x00007fa3ff0b0000)
 Metaspace       used 24289K, capacity 24686K, committed 24832K, reserved 26624K
}
Event: 369.211 GC heap before
{Heap before GC invocations=1795 (full 1):
 def new generation   total 629248K, used 571468K [0x00007f9e54600000, 0x00007f9e7f0c0000, 0x00007fa3a9b50000)
  eden space 559360K, 100% used [0x00007f9e54600000, 0x00007f9e76840000, 0x00007f9e76840000)
  from space 69888K,  17% used [0x00007f9e76840000, 0x00007f9e77413228, 0x00007f9e7ac80000)
  to   space 69888K,   0% used [0x00007f9e7ac80000, 0x00007f9e7ac80000, 0x00007f9e7f0c0000)
 tenured generation   total 1398144K, used 1395803K [0x00007fa3a9b50000, 0x00007fa3ff0b0000, 0x00007fae54600000)
   the space 1398144K,  99% used [0x00007fa3a9b50000, 0x00007fa3fee66d30, 0x00007fa3fee66e00, 0x00007fa3ff0b0000)
 Metaspace       used 24289K, capacity 24686K, committed 24832K, reserved 26624K
}
Event: 369.223 GC heap after
{Heap after GC invocations=1796 (full 1):
 def new generation   total 629248K, used 11971K [0x00007f9e54600000, 0x00007f9e7f0c0000, 0x00007fa3a9b50000)
  eden space 559360K,   0% used [0x00007f9e54600000, 0x00007f9e54600000, 0x00007f9e76840000)
  from space 69888K,  17% used [0x00007f9e7ac80000, 0x00007f9e7b830e60, 0x00007f9e7f0c0000)
  to   space 69888K,   0% used [0x00007f9e76840000, 0x00007f9e76840000, 0x00007f9e7ac80000)
 tenured generation   total 1398144K, used 1396645K [0x00007fa3a9b50000, 0x00007fa3ff0b0000, 0x00007fae54600000)
   the space 1398144K,  99% used [0x00007fa3a9b50000, 0x00007fa3fef395f0, 0x00007fa3fef39600, 0x00007fa3ff0b0000)
 Metaspace       used 24289K, capacity 24686K, committed 24832K, reserved 26624K
}
Event: 369.420 GC heap before
{Heap before GC invocations=1796 (full 1):
 def new generation   total 629248K, used 571331K [0x00007f9e54600000, 0x00007f9e7f0c0000, 0x00007fa3a9b50000)
  eden space 559360K, 100% used [0x00007f9e54600000, 0x00007f9e76840000, 0x00007f9e76840000)
  from space 69888K,  17% used [0x00007f9e7ac80000, 0x00007f9e7b830e60, 0x00007f9e7f0c0000)
  to   space 69888K,   0% used [0x00007f9e76840000, 0x00007f9e76840000, 0x00007f9e7ac80000)
 tenured generation   total 1398144K, used 1396645K [0x00007fa3a9b50000, 0x00007fa3ff0b0000, 0x00007fae54600000)
   the space 1398144K,  99% used [0x00007fa3a9b50000, 0x00007fa3fef395f0, 0x00007fa3fef39600, 0x00007fa3ff0b0000)
 Metaspace       used 24289K, capacity 24686K, committed 24832K, reserved 26624K
}
Event: 369.431 GC heap after
{Heap after GC invocations=1797 (full 1):
 def new generation   total 629248K, used 11865K [0x00007f9e54600000, 0x00007f9e7f0c0000, 0x00007fa3a9b50000)
  eden space 559360K,   0% used [0x00007f9e54600000, 0x00007f9e54600000, 0x00007f9e76840000)
  from space 69888K,  16% used [0x00007f9e76840000, 0x00007f9e773d64a8, 0x00007f9e7ac80000)
  to   space 69888K,   0% used [0x00007f9e7ac80000, 0x00007f9e7ac80000, 0x00007f9e7f0c0000)
 tenured generation   total 1398144K, used 1397454K [0x00007fa3a9b50000, 0x00007fa3ff0b0000, 0x00007fae54600000)
   the space 1398144K,  99% used [0x00007fa3a9b50000, 0x00007fa3ff003ad8, 0x00007fa3ff003c00, 0x00007fa3ff0b0000)
 Metaspace       used 24289K, capacity 24686K, committed 24832K, reserved 26624K
}
Event: 369.624 GC heap before
{Heap before GC invocations=1797 (full 1):
 def new generation   total 629248K, used 571225K [0x00007f9e54600000, 0x00007f9e7f0c0000, 0x00007fa3a9b50000)
  eden space 559360K, 100% used [0x00007f9e54600000, 0x00007f9e76840000, 0x00007f9e76840000)
  from space 69888K,  16% used [0x00007f9e76840000, 0x00007f9e773d64a8, 0x00007f9e7ac80000)
  to   space 69888K,   0% used [0x00007f9e7ac80000, 0x00007f9e7ac80000, 0x00007f9e7f0c0000)
 tenured generation   total 1398144K, used 1397454K [0x00007fa3a9b50000, 0x00007fa3ff0b0000, 0x00007fae54600000)
   the space 1398144K,  99% used [0x00007fa3a9b50000, 0x00007fa3ff003ad8, 0x00007fa3ff003c00, 0x00007fa3ff0b0000)
 Metaspace       used 24289K, capacity 24686K, committed 24832K, reserved 26624K
}
Event: 369.636 GC heap after
{Heap after GC invocations=1798 (full 1):
 def new generation   total 629248K, used 11877K [0x00007f9e54600000, 0x00007f9e7f0c0000, 0x00007fa3a9b50000)
  eden space 559360K,   0% used [0x00007f9e54600000, 0x00007f9e54600000, 0x00007f9e76840000)
  from space 69888K,  16% used [0x00007f9e7ac80000, 0x00007f9e7b8194a8, 0x00007f9e7f0c0000)
  to   space 69888K,   0% used [0x00007f9e76840000, 0x00007f9e76840000, 0x00007f9e7ac80000)
 tenured generation   total 1398336K, used 1398296K [0x00007fa3a9b50000, 0x00007fa3ff0e0000, 0x00007fae54600000)
   the space 1398336K,  99% used [0x00007fa3a9b50000, 0x00007fa3ff0d6398, 0x00007fa3ff0d6400, 0x00007fa3ff0e0000)
 Metaspace       used 24289K, capacity 24686K, committed 24832K, reserved 26624K
}
Event: 369.636 GC heap before
{Heap before GC invocations=1798 (full 1):
 def new generation   total 629248K, used 11877K [0x00007f9e54600000, 0x00007f9e7f0c0000, 0x00007fa3a9b50000)
  eden space 559360K,   0% used [0x00007f9e54600000, 0x00007f9e54600000, 0x00007f9e76840000)
  from space 69888K,  16% used [0x00007f9e7ac80000, 0x00007f9e7b8194a8, 0x00007f9e7f0c0000)
  to   space 69888K,   0% used [0x00007f9e76840000, 0x00007f9e76840000, 0x00007f9e7ac80000)
 tenured generation   total 1398336K, used 1398296K [0x00007fa3a9b50000, 0x00007fa3ff0e0000, 0x00007fae54600000)
   the space 1398336K,  99% used [0x00007fa3a9b50000, 0x00007fa3ff0d6398, 0x00007fa3ff0d6400, 0x00007fa3ff0e0000)
 Metaspace       used 24289K, capacity 24686K, committed 24832K, reserved 26624K
}

