# JRE version: OpenJDK Runtime Environment (13.0.7+5) (build 13.0.7+5-Ubuntu-0ubuntu120.04)
# Java VM: OpenJDK 64-Bit Server VM (13.0.7+5-Ubuntu-0ubuntu120.04, mixed mode, tiered, serial gc, linux-amd64)
Heap:
 def new generation   total 1049536K, used 40581K [0x00007fde7c600000, 0x00007fdec38d0000, 0x00007fe3d1b50000)
  eden space 932928K,   4% used [0x00007fde7c600000, 0x00007fde7eda1490, 0x00007fdeb5510000)
  from space 116608K,   0% used [0x00007fdeb5510000, 0x00007fdeb5510000, 0x00007fdebc6f0000)
  to   space 116608K,   0% used [0x00007fdebc6f0000, 0x00007fdebc6f0000, 0x00007fdec38d0000)
 tenured generation   total 2334464K, used 2334463K [0x00007fe3d1b50000, 0x00007fe460310000, 0x00007fee7c600000)
   the space 2334464K,  99% used [0x00007fe3d1b50000, 0x00007fe46030ffe0, 0x00007fe460310000, 0x00007fe460310000)
 Metaspace       used 24301K, capacity 24706K, committed 24832K, reserved 26624K
GC Heap History (20 events):
Event: 846.151 GC heap after
{Heap after GC invocations=1213 (full 2):
 def new generation   total 1049536K, used 40598K [0x00007fde7c600000, 0x00007fdec38d0000, 0x00007fe3d1b50000)
  eden space 932928K,   0% used [0x00007fde7c600000, 0x00007fde7c600000, 0x00007fdeb5510000)
  from space 116608K,  34% used [0x00007fdebc6f0000, 0x00007fdebee95a80, 0x00007fdec38d0000)
  to   space 116608K,   0% used [0x00007fdeb5510000, 0x00007fdeb5510000, 0x00007fdebc6f0000)
 tenured generation   total 2332160K, used 2310148K [0x00007fe3d1b50000, 0x00007fe4600d0000, 0x00007fee7c600000)
   the space 2332160K,  99% used [0x00007fe3d1b50000, 0x00007fe45eb51190, 0x00007fe45eb51200, 0x00007fe4600d0000)
 Metaspace       used 24301K, capacity 24706K, committed 24832K, reserved 26624K
}
Event: 847.038 GC heap before
{Heap before GC invocations=1213 (full 2):
 def new generation   total 1049536K, used 973526K [0x00007fde7c600000, 0x00007fdec38d0000, 0x00007fe3d1b50000)
  eden space 932928K, 100% used [0x00007fde7c600000, 0x00007fdeb5510000, 0x00007fdeb5510000)
  from space 116608K,  34% used [0x00007fdebc6f0000, 0x00007fdebee95a80, 0x00007fdec38d0000)
  to   space 116608K,   0% used [0x00007fdeb5510000, 0x00007fdeb5510000, 0x00007fdebc6f0000)
 tenured generation   total 2332160K, used 2310148K [0x00007fe3d1b50000, 0x00007fe4600d0000, 0x00007fee7c600000)
   the space 2332160K,  99% used [0x00007fe3d1b50000, 0x00007fe45eb51190, 0x00007fe45eb51200, 0x00007fe4600d0000)
 Metaspace       used 24301K, capacity 24706K, committed 24832K, reserved 26624K
}
Event: 847.126 GC heap after
{Heap after GC invocations=1214 (full 2):
 def new generation   total 1049536K, used 40599K [0x00007fde7c600000, 0x00007fdec38d0000, 0x00007fe3d1b50000)
  eden space 932928K,   0% used [0x00007fde7c600000, 0x00007fde7c600000, 0x00007fdeb5510000)
  from space 116608K,  34% used [0x00007fdeb5510000, 0x00007fdeb7cb5e48, 0x00007fdebc6f0000)
  to   space 116608K,   0% used [0x00007fdebc6f0000, 0x00007fdebc6f0000, 0x00007fdec38d0000)
 tenured generation   total 2332160K, used 2312954K [0x00007fe3d1b50000, 0x00007fe4600d0000, 0x00007fee7c600000)
   the space 2332160K,  99% used [0x00007fe3d1b50000, 0x00007fe45ee0e838, 0x00007fe45ee0ea00, 0x00007fe4600d0000)
 Metaspace       used 24301K, capacity 24706K, committed 24832K, reserved 26624K
}
Event: 847.973 GC heap before
{Heap before GC invocations=1214 (full 2):
 def new generation   total 1049536K, used 973527K [0x00007fde7c600000, 0x00007fdec38d0000, 0x00007fe3d1b50000)
  eden space 932928K, 100% used [0x00007fde7c600000, 0x00007fdeb5510000, 0x00007fdeb5510000)
  from space 116608K,  34% used [0x00007fdeb5510000, 0x00007fdeb7cb5e48, 0x00007fdebc6f0000)
  to   space 116608K,   0% used [0x00007fdebc6f0000, 0x00007fdebc6f0000, 0x00007fdec38d0000)
 tenured generation   total 2332160K, used 2312954K [0x00007fe3d1b50000, 0x00007fe4600d0000, 0x00007fee7c600000)
   the space 2332160K,  99% used [0x00007fe3d1b50000, 0x00007fe45ee0e838, 0x00007fe45ee0ea00, 0x00007fe4600d0000)
 Metaspace       used 24301K, capacity 24706K, committed 24832K, reserved 26624K
}
Event: 848.057 GC heap after
{Heap after GC invocations=1215 (full 2):
 def new generation   total 1049536K, used 40599K [0x00007fde7c600000, 0x00007fdec38d0000, 0x00007fe3d1b50000)
  eden space 932928K,   0% used [0x00007fde7c600000, 0x00007fde7c600000, 0x00007fdeb5510000)
  from space 116608K,  34% used [0x00007fdebc6f0000, 0x00007fdebee95fb8, 0x00007fdec38d0000)
  to   space 116608K,   0% used [0x00007fdeb5510000, 0x00007fdeb5510000, 0x00007fdebc6f0000)
 tenured generation   total 2332160K, used 2315805K [0x00007fe3d1b50000, 0x00007fe4600d0000, 0x00007fee7c600000)
   the space 2332160K,  99% used [0x00007fe3d1b50000, 0x00007fe45f0d7648, 0x00007fe45f0d7800, 0x00007fe4600d0000)
 Metaspace       used 24301K, capacity 24706K, committed 24832K, reserved 26624K
}
Event: 848.917 GC heap before
{Heap before GC invocations=1215 (full 2):
 def new generation   total 1049536K, used 973527K [0x00007fde7c600000, 0x00007fdec38d0000, 0x00007fe3d1b50000)
  eden space 932928K, 100% used [0x00007fde7c600000, 0x00007fdeb5510000, 0x00007fdeb5510000)
  from space 116608K,  34% used [0x00007fdebc6f0000, 0x00007fdebee95fb8, 0x00007fdec38d0000)
  to   space 116608K,   0% used [0x00007fdeb5510000, 0x00007fdeb5510000, 0x00007fdebc6f0000)
 tenured generation   total 2332160K, used 2315805K [0x00007fe3d1b50000, 0x00007fe4600d0000, 0x00007fee7c600000)
   the space 2332160K,  99% used [0x00007fe3d1b50000, 0x00007fe45f0d7648, 0x00007fe45f0d7800, 0x00007fe4600d0000)
 Metaspace       used 24301K, capacity 24706K, committed 24832K, reserved 26624K
}
Event: 849.006 GC heap after
{Heap after GC invocations=1216 (full 2):
 def new generation   total 1049536K, used 40624K [0x00007fde7c600000, 0x00007fdec38d0000, 0x00007fe3d1b50000)
  eden space 932928K,   0% used [0x00007fde7c600000, 0x00007fde7c600000, 0x00007fdeb5510000)
  from space 116608K,  34% used [0x00007fdeb5510000, 0x00007fdeb7cbc008, 0x00007fdebc6f0000)
  to   space 116608K,   0% used [0x00007fdebc6f0000, 0x00007fdebc6f0000, 0x00007fdec38d0000)
 tenured generation   total 2332160K, used 2318656K [0x00007fe3d1b50000, 0x00007fe4600d0000, 0x00007fee7c600000)
   the space 2332160K,  99% used [0x00007fe3d1b50000, 0x00007fe45f3a03c8, 0x00007fe45f3a0400, 0x00007fe4600d0000)
 Metaspace       used 24301K, capacity 24706K, committed 24832K, reserved 26624K
}
Event: 849.878 GC heap before
{Heap before GC invocations=1216 (full 2):
 def new generation   total 1049536K, used 973552K [0x00007fde7c600000, 0x00007fdec38d0000, 0x00007fe3d1b50000)
  eden space 932928K, 100% used [0x00007fde7c600000, 0x00007fdeb5510000, 0x00007fdeb5510000)
  from space 116608K,  34% used [0x00007fdeb5510000, 0x00007fdeb7cbc008, 0x00007fdebc6f0000)
  to   space 116608K,   0% used [0x00007fdebc6f0000, 0x00007fdebc6f0000, 0x00007fdec38d0000)
 tenured generation   total 2332160K, used 2318656K [0x00007fe3d1b50000, 0x00007fe4600d0000, 0x00007fee7c600000)
   the space 2332160K,  99% used [0x00007fe3d1b50000, 0x00007fe45f3a03c8, 0x00007fe45f3a0400, 0x00007fe4600d0000)
 Metaspace       used 24301K, capacity 24706K, committed 24832K, reserved 26624K
}
Event: 849.958 GC heap after
{Heap after GC invocations=1217 (full 2):
 def new generation   total 1049536K, used 40596K [0x00007fde7c600000, 0x00007fdec38d0000, 0x00007fe3d1b50000)
  eden space 932928K,   0% used [0x00007fde7c600000, 0x00007fde7c600000, 0x00007fdeb5510000)
  from space 116608K,  34% used [0x00007fdebc6f0000, 0x00007fdebee952b8, 0x00007fdec38d0000)
  to   space 116608K,   0% used [0x00007fdeb5510000, 0x00007fdeb5510000, 0x00007fdebc6f0000)
 tenured generation   total 2332160K, used 2321466K [0x00007fe3d1b50000, 0x00007fe4600d0000, 0x00007fee7c600000)
   the space 2332160K,  99% used [0x00007fe3d1b50000, 0x00007fe45f65ebb0, 0x00007fe45f65ec00, 0x00007fe4600d0000)
 Metaspace       used 24301K, capacity 24706K, committed 24832K, reserved 26624K
}
Event: 850.813 GC heap before
{Heap before GC invocations=1217 (full 2):
 def new generation   total 1049536K, used 973524K [0x00007fde7c600000, 0x00007fdec38d0000, 0x00007fe3d1b50000)
  eden space 932928K, 100% used [0x00007fde7c600000, 0x00007fdeb5510000, 0x00007fdeb5510000)
  from space 116608K,  34% used [0x00007fdebc6f0000, 0x00007fdebee952b8, 0x00007fdec38d0000)
  to   space 116608K,   0% used [0x00007fdeb5510000, 0x00007fdeb5510000, 0x00007fdebc6f0000)
 tenured generation   total 2332160K, used 2321466K [0x00007fe3d1b50000, 0x00007fe4600d0000, 0x00007fee7c600000)
   the space 2332160K,  99% used [0x00007fe3d1b50000, 0x00007fe45f65ebb0, 0x00007fe45f65ec00, 0x00007fe4600d0000)
 Metaspace       used 24301K, capacity 24706K, committed 24832K, reserved 26624K
}
Event: 850.898 GC heap after
{Heap after GC invocations=1218 (full 2):
 def new generation   total 1049536K, used 40637K [0x00007fde7c600000, 0x00007fdec38d0000, 0x00007fe3d1b50000)
  eden space 932928K,   0% used [0x00007fde7c600000, 0x00007fde7c600000, 0x00007fdeb5510000)
  from space 116608K,  34% used [0x00007fdeb5510000, 0x00007fdeb7cbf598, 0x00007fdebc6f0000)
  to   space 116608K,   0% used [0x00007fdebc6f0000, 0x00007fdebc6f0000, 0x00007fdec38d0000)
 tenured generation   total 2332160K, used 2324318K [0x00007fe3d1b50000, 0x00007fe4600d0000, 0x00007fee7c600000)
   the space 2332160K,  99% used [0x00007fe3d1b50000, 0x00007fe45f927930, 0x00007fe45f927a00, 0x00007fe4600d0000)
 Metaspace       used 24301K, capacity 24706K, committed 24832K, reserved 26624K
}
Event: 851.816 GC heap before
{Heap before GC invocations=1218 (full 2):
 def new generation   total 1049536K, used 973565K [0x00007fde7c600000, 0x00007fdec38d0000, 0x00007fe3d1b50000)
  eden space 932928K, 100% used [0x00007fde7c600000, 0x00007fdeb5510000, 0x00007fdeb5510000)
  from space 116608K,  34% used [0x00007fdeb5510000, 0x00007fdeb7cbf598, 0x00007fdebc6f0000)
  to   space 116608K,   0% used [0x00007fdebc6f0000, 0x00007fdebc6f0000, 0x00007fdec38d0000)
 tenured generation   total 2332160K, used 2324318K [0x00007fe3d1b50000, 0x00007fe4600d0000, 0x00007fee7c600000)
   the space 2332160K,  99% used [0x00007fe3d1b50000, 0x00007fe45f927930, 0x00007fe45f927a00, 0x00007fe4600d0000)
 Metaspace       used 24301K, capacity 24706K, committed 24832K, reserved 26624K
}
Event: 851.904 GC heap after
{Heap after GC invocations=1219 (full 2):
 def new generation   total 1049536K, used 41693K [0x00007fde7c600000, 0x00007fdec38d0000, 0x00007fe3d1b50000)
  eden space 932928K,   0% used [0x00007fde7c600000, 0x00007fde7c600000, 0x00007fdeb5510000)
  from space 116608K,  35% used [0x00007fdebc6f0000, 0x00007fdebefa7488, 0x00007fdec38d0000)
  to   space 116608K,   0% used [0x00007fdeb5510000, 0x00007fdeb5510000, 0x00007fdebc6f0000)
 tenured generation   total 2332160K, used 2326029K [0x00007fe3d1b50000, 0x00007fe4600d0000, 0x00007fee7c600000)
   the space 2332160K,  99% used [0x00007fe3d1b50000, 0x00007fe45fad3490, 0x00007fe45fad3600, 0x00007fe4600d0000)
 Metaspace       used 24301K, capacity 24706K, committed 24832K, reserved 26624K
}
Event: 852.770 GC heap before
{Heap before GC invocations=1219 (full 2):
 def new generation   total 1049536K, used 974621K [0x00007fde7c600000, 0x00007fdec38d0000, 0x00007fe3d1b50000)
  eden space 932928K, 100% used [0x00007fde7c600000, 0x00007fdeb5510000, 0x00007fdeb5510000)
  from space 116608K,  35% used [0x00007fdebc6f0000, 0x00007fdebefa7488, 0x00007fdec38d0000)
  to   space 116608K,   0% used [0x00007fdeb5510000, 0x00007fdeb5510000, 0x00007fdebc6f0000)
 tenured generation   total 2332160K, used 2326029K [0x00007fe3d1b50000, 0x00007fe4600d0000, 0x00007fee7c600000)
   the space 2332160K,  99% used [0x00007fe3d1b50000, 0x00007fe45fad3490, 0x00007fe45fad3600, 0x00007fe4600d0000)
 Metaspace       used 24301K, capacity 24706K, committed 24832K, reserved 26624K
}
Event: 852.855 GC heap after
{Heap after GC invocations=1220 (full 2):
 def new generation   total 1049536K, used 41830K [0x00007fde7c600000, 0x00007fdec38d0000, 0x00007fe3d1b50000)
  eden space 932928K,   0% used [0x00007fde7c600000, 0x00007fde7c600000, 0x00007fdeb5510000)
  from space 116608K,  35% used [0x00007fdeb5510000, 0x00007fdeb7de9840, 0x00007fdebc6f0000)
  to   space 116608K,   0% used [0x00007fdebc6f0000, 0x00007fdebc6f0000, 0x00007fdec38d0000)
 tenured generation   total 2332160K, used 2328743K [0x00007fe3d1b50000, 0x00007fe4600d0000, 0x00007fee7c600000)
   the space 2332160K,  99% used [0x00007fe3d1b50000, 0x00007fe45fd79e18, 0x00007fe45fd7a000, 0x00007fe4600d0000)
 Metaspace       used 24301K, capacity 24706K, committed 24832K, reserved 26624K
}
Event: 853.726 GC heap before
{Heap before GC invocations=1220 (full 2):
 def new generation   total 1049536K, used 974758K [0x00007fde7c600000, 0x00007fdec38d0000, 0x00007fe3d1b50000)
  eden space 932928K, 100% used [0x00007fde7c600000, 0x00007fdeb5510000, 0x00007fdeb5510000)
  from space 116608K,  35% used [0x00007fdeb5510000, 0x00007fdeb7de9840, 0x00007fdebc6f0000)
  to   space 116608K,   0% used [0x00007fdebc6f0000, 0x00007fdebc6f0000, 0x00007fdec38d0000)
 tenured generation   total 2332160K, used 2328743K [0x00007fe3d1b50000, 0x00007fe4600d0000, 0x00007fee7c600000)
   the space 2332160K,  99% used [0x00007fe3d1b50000, 0x00007fe45fd79e18, 0x00007fe45fd7a000, 0x00007fe4600d0000)
 Metaspace       used 24301K, capacity 24706K, committed 24832K, reserved 26624K
}
Event: 853.805 GC heap after
{Heap after GC invocations=1221 (full 2):
 def new generation   total 1049536K, used 40855K [0x00007fde7c600000, 0x00007fdec38d0000, 0x00007fe3d1b50000)
  eden space 932928K,   0% used [0x00007fde7c600000, 0x00007fde7c600000, 0x00007fdeb5510000)
  from space 116608K,  35% used [0x00007fdebc6f0000, 0x00007fdebeed5d48, 0x00007fdec38d0000)
  to   space 116608K,   0% used [0x00007fdeb5510000, 0x00007fdeb5510000, 0x00007fdebc6f0000)
 tenured generation   total 2332160K, used 2331594K [0x00007fe3d1b50000, 0x00007fe4600d0000, 0x00007fee7c600000)
   the space 2332160K,  99% used [0x00007fe3d1b50000, 0x00007fe460042b98, 0x00007fe460042c00, 0x00007fe4600d0000)
 Metaspace       used 24301K, capacity 24706K, committed 24832K, reserved 26624K
}
Event: 854.666 GC heap before
{Heap before GC invocations=1221 (full 2):
 def new generation   total 1049536K, used 973783K [0x00007fde7c600000, 0x00007fdec38d0000, 0x00007fe3d1b50000)
  eden space 932928K, 100% used [0x00007fde7c600000, 0x00007fdeb5510000, 0x00007fdeb5510000)
  from space 116608K,  35% used [0x00007fdebc6f0000, 0x00007fdebeed5d48, 0x00007fdec38d0000)
  to   space 116608K,   0% used [0x00007fdeb5510000, 0x00007fdeb5510000, 0x00007fdebc6f0000)
 tenured generation   total 2332160K, used 2331594K [0x00007fe3d1b50000, 0x00007fe4600d0000, 0x00007fee7c600000)
   the space 2332160K,  99% used [0x00007fe3d1b50000, 0x00007fe460042b98, 0x00007fe460042c00, 0x00007fe4600d0000)
 Metaspace       used 24301K, capacity 24706K, committed 24832K, reserved 26624K
}
Event: 854.754 GC heap after
{Heap after GC invocations=1222 (full 2):
 def new generation   total 1049536K, used 40644K [0x00007fde7c600000, 0x00007fdec38d0000, 0x00007fe3d1b50000)
  eden space 932928K,   0% used [0x00007fde7c600000, 0x00007fde7c600000, 0x00007fdeb5510000)
  from space 116608K,  34% used [0x00007fdeb5510000, 0x00007fdeb7cc1230, 0x00007fdebc6f0000)
  to   space 116608K,   0% used [0x00007fdebc6f0000, 0x00007fdebc6f0000, 0x00007fdec38d0000)
 tenured generation   total 2334464K, used 2334400K [0x00007fe3d1b50000, 0x00007fe460310000, 0x00007fee7c600000)
   the space 2334464K,  99% used [0x00007fe3d1b50000, 0x00007fe460300240, 0x00007fe460300400, 0x00007fe460310000)
 Metaspace       used 24301K, capacity 24706K, committed 24832K, reserved 26624K
}
Event: 854.754 GC heap before
{Heap before GC invocations=1222 (full 2):
 def new generation   total 1049536K, used 40644K [0x00007fde7c600000, 0x00007fdec38d0000, 0x00007fe3d1b50000)
  eden space 932928K,   0% used [0x00007fde7c600000, 0x00007fde7c600000, 0x00007fdeb5510000)
  from space 116608K,  34% used [0x00007fdeb5510000, 0x00007fdeb7cc1230, 0x00007fdebc6f0000)
  to   space 116608K,   0% used [0x00007fdebc6f0000, 0x00007fdebc6f0000, 0x00007fdec38d0000)
 tenured generation   total 2334464K, used 2334400K [0x00007fe3d1b50000, 0x00007fe460310000, 0x00007fee7c600000)
   the space 2334464K,  99% used [0x00007fe3d1b50000, 0x00007fe460300240, 0x00007fe460300400, 0x00007fe460310000)
 Metaspace       used 24301K, capacity 24706K, committed 24832K, reserved 26624K
}

