# JRE version: OpenJDK Runtime Environment (13.0.7+5) (build 13.0.7+5-Ubuntu-0ubuntu120.04)
# Java VM: OpenJDK 64-Bit Server VM (13.0.7+5-Ubuntu-0ubuntu120.04, mixed mode, tiered, serial gc, linux-amd64)
Heap:
 def new generation   total 5943232K, used 0K [0x00007f112c600000, 0x00007f12bf6d0000, 0x00007f1681b50000)
  eden space 5282880K,   0% used [0x00007f112c600000, 0x00007f112c600000, 0x00007f126ed10000)
  from space 660352K,   0% used [0x00007f126ed10000, 0x00007f126ed10000, 0x00007f12971f0000)
  to   space 660352K,   0% used [0x00007f12971f0000, 0x00007f12971f0000, 0x00007f12bf6d0000)
 tenured generation   total 13470360K, used 13284760K [0x00007f1681b50000, 0x00007f19b7df6000, 0x00007f212c600000)
   the space 13470360K,  98% used [0x00007f1681b50000, 0x00007f19ac8b6080, 0x00007f19ac8b6200, 0x00007f19b7df6000)
 Metaspace       used 31070K, capacity 31544K, committed 31744K, reserved 32768K
GC Heap History (20 events):
Event: 188.255 GC heap after
{Heap after GC invocations=68 (full 5):
 def new generation   total 3437952K, used 381952K [0x00007f112c600000, 0x00007f1215860000, 0x00007f1681b50000)
  eden space 3056000K,   0% used [0x00007f112c600000, 0x00007f112c600000, 0x00007f11e6e60000)
  from space 381952K, 100% used [0x00007f11e6e60000, 0x00007f11fe360000, 0x00007f11fe360000)
  to   space 381952K,   0% used [0x00007f11fe360000, 0x00007f11fe360000, 0x00007f1215860000)
 tenured generation   total 7639732K, used 6104417K [0x00007f1681b50000, 0x00007f1853ffd000, 0x00007f212c600000)
   the space 7639732K,  79% used [0x00007f1681b50000, 0x00007f17f64a8790, 0x00007f17f64a8800, 0x00007f1853ffd000)
 Metaspace       used 31070K, capacity 31544K, committed 31744K, reserved 32768K
}
Event: 188.952 GC heap before
{Heap before GC invocations=68 (full 5):
 def new generation   total 3437952K, used 3437952K [0x00007f112c600000, 0x00007f1215860000, 0x00007f1681b50000)
  eden space 3056000K, 100% used [0x00007f112c600000, 0x00007f11e6e60000, 0x00007f11e6e60000)
  from space 381952K, 100% used [0x00007f11e6e60000, 0x00007f11fe360000, 0x00007f11fe360000)
  to   space 381952K,   0% used [0x00007f11fe360000, 0x00007f11fe360000, 0x00007f1215860000)
 tenured generation   total 7639732K, used 6104417K [0x00007f1681b50000, 0x00007f1853ffd000, 0x00007f212c600000)
   the space 7639732K,  79% used [0x00007f1681b50000, 0x00007f17f64a8790, 0x00007f17f64a8800, 0x00007f1853ffd000)
 Metaspace       used 31070K, capacity 31544K, committed 31744K, reserved 32768K
}
Event: 190.223 GC heap after
{Heap after GC invocations=69 (full 5):
 def new generation   total 3437952K, used 364402K [0x00007f112c600000, 0x00007f1215860000, 0x00007f1681b50000)
  eden space 3056000K,   0% used [0x00007f112c600000, 0x00007f112c600000, 0x00007f11e6e60000)
  from space 381952K,  95% used [0x00007f11fe360000, 0x00007f121473caa8, 0x00007f1215860000)
  to   space 381952K,   0% used [0x00007f11e6e60000, 0x00007f11e6e60000, 0x00007f11fe360000)
 tenured generation   total 7639732K, used 6486369K [0x00007f1681b50000, 0x00007f1853ffd000, 0x00007f212c600000)
   the space 7639732K,  84% used [0x00007f1681b50000, 0x00007f180d9a8490, 0x00007f180d9a8600, 0x00007f1853ffd000)
 Metaspace       used 31070K, capacity 31544K, committed 31744K, reserved 32768K
}
Event: 242.030 GC heap before
{Heap before GC invocations=69 (full 5):
 def new generation   total 3437952K, used 3420402K [0x00007f112c600000, 0x00007f1215860000, 0x00007f1681b50000)
  eden space 3056000K, 100% used [0x00007f112c600000, 0x00007f11e6e60000, 0x00007f11e6e60000)
  from space 381952K,  95% used [0x00007f11fe360000, 0x00007f121473caa8, 0x00007f1215860000)
  to   space 381952K,   0% used [0x00007f11e6e60000, 0x00007f11e6e60000, 0x00007f11fe360000)
 tenured generation   total 7639732K, used 6486369K [0x00007f1681b50000, 0x00007f1853ffd000, 0x00007f212c600000)
   the space 7639732K,  84% used [0x00007f1681b50000, 0x00007f180d9a8490, 0x00007f180d9a8600, 0x00007f1853ffd000)
 Metaspace       used 31070K, capacity 31544K, committed 31744K, reserved 32768K
}
Event: 245.000 GC heap after
{Heap after GC invocations=70 (full 5):
 def new generation   total 3437952K, used 381951K [0x00007f112c600000, 0x00007f1215860000, 0x00007f1681b50000)
  eden space 3056000K,   0% used [0x00007f112c600000, 0x00007f112c600000, 0x00007f11e6e60000)
  from space 381952K,  99% used [0x00007f11e6e60000, 0x00007f11fe35fff8, 0x00007f11fe360000)
  to   space 381952K,   0% used [0x00007f11fe360000, 0x00007f11fe360000, 0x00007f1215860000)
 tenured generation   total 7924276K, used 7924237K [0x00007f1681b50000, 0x00007f18655dd000, 0x00007f212c600000)
   the space 7924276K,  99% used [0x00007f1681b50000, 0x00007f18655d3460, 0x00007f18655d3600, 0x00007f18655dd000)
 Metaspace       used 31070K, capacity 31544K, committed 31744K, reserved 32768K
}
Event: 245.000 GC heap before
{Heap before GC invocations=70 (full 5):
 def new generation   total 3437952K, used 381951K [0x00007f112c600000, 0x00007f1215860000, 0x00007f1681b50000)
  eden space 3056000K,   0% used [0x00007f112c600000, 0x00007f112c600000, 0x00007f11e6e60000)
  from space 381952K,  99% used [0x00007f11e6e60000, 0x00007f11fe35fff8, 0x00007f11fe360000)
  to   space 381952K,   0% used [0x00007f11fe360000, 0x00007f11fe360000, 0x00007f1215860000)
 tenured generation   total 7924276K, used 7924237K [0x00007f1681b50000, 0x00007f18655dd000, 0x00007f212c600000)
   the space 7924276K,  99% used [0x00007f1681b50000, 0x00007f18655d3460, 0x00007f18655d3600, 0x00007f18655dd000)
 Metaspace       used 31070K, capacity 31544K, committed 31744K, reserved 32768K
}
Event: 260.589 GC heap after
{Heap after GC invocations=70 (full 6):
 def new generation   total 5943232K, used 76217K [0x00007f112c600000, 0x00007f12bf6d0000, 0x00007f1681b50000)
  eden space 5282880K,   1% used [0x00007f112c600000, 0x00007f113106e620, 0x00007f126ed10000)
  from space 660352K,   0% used [0x00007f126ed10000, 0x00007f126ed10000, 0x00007f12971f0000)
  to   space 660352K,   0% used [0x00007f12971f0000, 0x00007f12971f0000, 0x00007f12bf6d0000)
 tenured generation   total 13207128K, used 7924275K [0x00007f1681b50000, 0x00007f19a7ce6000, 0x00007f212c600000)
   the space 13207128K,  59% used [0x00007f1681b50000, 0x00007f18655dcff8, 0x00007f18655dd000, 0x00007f19a7ce6000)
 Metaspace       used 31070K, capacity 31544K, committed 31744K, reserved 32768K
}
Event: 468.885 GC heap before
{Heap before GC invocations=70 (full 6):
 def new generation   total 5943232K, used 5282880K [0x00007f112c600000, 0x00007f12bf6d0000, 0x00007f1681b50000)
  eden space 5282880K, 100% used [0x00007f112c600000, 0x00007f126ed10000, 0x00007f126ed10000)
  from space 660352K,   0% used [0x00007f126ed10000, 0x00007f126ed10000, 0x00007f12971f0000)
  to   space 660352K,   0% used [0x00007f12971f0000, 0x00007f12971f0000, 0x00007f12bf6d0000)
 tenured generation   total 13207128K, used 7924275K [0x00007f1681b50000, 0x00007f19a7ce6000, 0x00007f212c600000)
   the space 13207128K,  59% used [0x00007f1681b50000, 0x00007f18655dcff8, 0x00007f18655dd000, 0x00007f19a7ce6000)
 Metaspace       used 31070K, capacity 31544K, committed 31744K, reserved 32768K
}
Event: 472.406 GC heap after
{Heap after GC invocations=71 (full 6):
 def new generation   total 5943232K, used 660351K [0x00007f112c600000, 0x00007f12bf6d0000, 0x00007f1681b50000)
  eden space 5282880K,   0% used [0x00007f112c600000, 0x00007f112c600000, 0x00007f126ed10000)
  from space 660352K,  99% used [0x00007f12971f0000, 0x00007f12bf6cfff0, 0x00007f12bf6d0000)
  to   space 660352K,   0% used [0x00007f126ed10000, 0x00007f126ed10000, 0x00007f12971f0000)
 tenured generation   total 13207128K, used 8436275K [0x00007f1681b50000, 0x00007f19a7ce6000, 0x00007f212c600000)
   the space 13207128K,  63% used [0x00007f1681b50000, 0x00007f18849dcc78, 0x00007f18849dce00, 0x00007f19a7ce6000)
 Metaspace       used 31070K, capacity 31544K, committed 31744K, reserved 32768K
}
Event: 654.358 GC heap before
{Heap before GC invocations=71 (full 6):
 def new generation   total 5943232K, used 5943231K [0x00007f112c600000, 0x00007f12bf6d0000, 0x00007f1681b50000)
  eden space 5282880K, 100% used [0x00007f112c600000, 0x00007f126ed10000, 0x00007f126ed10000)
  from space 660352K,  99% used [0x00007f12971f0000, 0x00007f12bf6cfff0, 0x00007f12bf6d0000)
  to   space 660352K,   0% used [0x00007f126ed10000, 0x00007f126ed10000, 0x00007f12971f0000)
 tenured generation   total 13207128K, used 8436275K [0x00007f1681b50000, 0x00007f19a7ce6000, 0x00007f212c600000)
   the space 13207128K,  63% used [0x00007f1681b50000, 0x00007f18849dcc78, 0x00007f18849dce00, 0x00007f19a7ce6000)
 Metaspace       used 31070K, capacity 31544K, committed 31744K, reserved 32768K
}
Event: 656.730 GC heap after
{Heap after GC invocations=72 (full 6):
 def new generation   total 5943232K, used 660352K [0x00007f112c600000, 0x00007f12bf6d0000, 0x00007f1681b50000)
  eden space 5282880K,   0% used [0x00007f112c600000, 0x00007f112c600000, 0x00007f126ed10000)
  from space 660352K, 100% used [0x00007f126ed10000, 0x00007f12971f0000, 0x00007f12971f0000)
  to   space 660352K,   0% used [0x00007f12971f0000, 0x00007f12971f0000, 0x00007f12bf6d0000)
 tenured generation   total 13207128K, used 9548454K [0x00007f1681b50000, 0x00007f19a7ce6000, 0x00007f212c600000)
   the space 13207128K,  72% used [0x00007f1681b50000, 0x00007f18c87f9898, 0x00007f18c87f9a00, 0x00007f19a7ce6000)
 Metaspace       used 31070K, capacity 31544K, committed 31744K, reserved 32768K
}
Event: 855.634 GC heap before
{Heap before GC invocations=72 (full 6):
 def new generation   total 5943232K, used 5943232K [0x00007f112c600000, 0x00007f12bf6d0000, 0x00007f1681b50000)
  eden space 5282880K, 100% used [0x00007f112c600000, 0x00007f126ed10000, 0x00007f126ed10000)
  from space 660352K, 100% used [0x00007f126ed10000, 0x00007f12971f0000, 0x00007f12971f0000)
  to   space 660352K,   0% used [0x00007f12971f0000, 0x00007f12971f0000, 0x00007f12bf6d0000)
 tenured generation   total 13207128K, used 9548454K [0x00007f1681b50000, 0x00007f19a7ce6000, 0x00007f212c600000)
   the space 13207128K,  72% used [0x00007f1681b50000, 0x00007f18c87f9898, 0x00007f18c87f9a00, 0x00007f19a7ce6000)
 Metaspace       used 31070K, capacity 31544K, committed 31744K, reserved 32768K
}
Event: 857.591 GC heap after
{Heap after GC invocations=73 (full 6):
 def new generation   total 5943232K, used 660351K [0x00007f112c600000, 0x00007f12bf6d0000, 0x00007f1681b50000)
  eden space 5282880K,   0% used [0x00007f112c600000, 0x00007f112c600000, 0x00007f126ed10000)
  from space 660352K,  99% used [0x00007f12971f0000, 0x00007f12bf6cfff0, 0x00007f12bf6d0000)
  to   space 660352K,   0% used [0x00007f126ed10000, 0x00007f126ed10000, 0x00007f12971f0000)
 tenured generation   total 13207128K, used 10660633K [0x00007f1681b50000, 0x00007f19a7ce6000, 0x00007f212c600000)
   the space 13207128K,  80% used [0x00007f1681b50000, 0x00007f190c616578, 0x00007f190c616600, 0x00007f19a7ce6000)
 Metaspace       used 31070K, capacity 31544K, committed 31744K, reserved 32768K
}
Event: 1017.788 GC heap before
{Heap before GC invocations=73 (full 6):
 def new generation   total 5943232K, used 5943231K [0x00007f112c600000, 0x00007f12bf6d0000, 0x00007f1681b50000)
  eden space 5282880K, 100% used [0x00007f112c600000, 0x00007f126ed10000, 0x00007f126ed10000)
  from space 660352K,  99% used [0x00007f12971f0000, 0x00007f12bf6cfff0, 0x00007f12bf6d0000)
  to   space 660352K,   0% used [0x00007f126ed10000, 0x00007f126ed10000, 0x00007f12971f0000)
 tenured generation   total 13207128K, used 10660633K [0x00007f1681b50000, 0x00007f19a7ce6000, 0x00007f212c600000)
   the space 13207128K,  80% used [0x00007f1681b50000, 0x00007f190c616578, 0x00007f190c616600, 0x00007f19a7ce6000)
 Metaspace       used 31070K, capacity 31544K, committed 31744K, reserved 32768K
}
Event: 1020.043 GC heap after
{Heap after GC invocations=74 (full 6):
 def new generation   total 5943232K, used 660351K [0x00007f112c600000, 0x00007f12bf6d0000, 0x00007f1681b50000)
  eden space 5282880K,   0% used [0x00007f112c600000, 0x00007f112c600000, 0x00007f126ed10000)
  from space 660352K,  99% used [0x00007f126ed10000, 0x00007f12971efff0, 0x00007f12971f0000)
  to   space 660352K,   0% used [0x00007f12971f0000, 0x00007f12971f0000, 0x00007f12bf6d0000)
 tenured generation   total 13207128K, used 11772812K [0x00007f1681b50000, 0x00007f19a7ce6000, 0x00007f212c600000)
   the space 13207128K,  89% used [0x00007f1681b50000, 0x00007f1950433098, 0x00007f1950433200, 0x00007f19a7ce6000)
 Metaspace       used 31070K, capacity 31544K, committed 31744K, reserved 32768K
}
Event: 1116.598 GC heap before
{Heap before GC invocations=74 (full 6):
 def new generation   total 5943232K, used 5943231K [0x00007f112c600000, 0x00007f12bf6d0000, 0x00007f1681b50000)
  eden space 5282880K, 100% used [0x00007f112c600000, 0x00007f126ed10000, 0x00007f126ed10000)
  from space 660352K,  99% used [0x00007f126ed10000, 0x00007f12971efff0, 0x00007f12971f0000)
  to   space 660352K,   0% used [0x00007f12971f0000, 0x00007f12971f0000, 0x00007f12bf6d0000)
 tenured generation   total 13207128K, used 11772812K [0x00007f1681b50000, 0x00007f19a7ce6000, 0x00007f212c600000)
   the space 13207128K,  89% used [0x00007f1681b50000, 0x00007f1950433098, 0x00007f1950433200, 0x00007f19a7ce6000)
 Metaspace       used 31070K, capacity 31544K, committed 31744K, reserved 32768K
}
Event: 1118.762 GC heap after
{Heap after GC invocations=75 (full 6):
 def new generation   total 5943232K, used 660351K [0x00007f112c600000, 0x00007f12bf6d0000, 0x00007f1681b50000)
  eden space 5282880K,   0% used [0x00007f112c600000, 0x00007f112c600000, 0x00007f126ed10000)
  from space 660352K,  99% used [0x00007f12971f0000, 0x00007f12bf6cffe8, 0x00007f12bf6d0000)
  to   space 660352K,   0% used [0x00007f126ed10000, 0x00007f126ed10000, 0x00007f12971f0000)
 tenured generation   total 13207128K, used 12809890K [0x00007f1681b50000, 0x00007f19a7ce6000, 0x00007f212c600000)
   the space 13207128K,  96% used [0x00007f1681b50000, 0x00007f198f8f8b98, 0x00007f198f8f8c00, 0x00007f19a7ce6000)
 Metaspace       used 31070K, capacity 31544K, committed 31744K, reserved 32768K
}
Event: 1119.987 GC heap before
{Heap before GC invocations=75 (full 6):
 def new generation   total 5943232K, used 5943231K [0x00007f112c600000, 0x00007f12bf6d0000, 0x00007f1681b50000)
  eden space 5282880K, 100% used [0x00007f112c600000, 0x00007f126ed10000, 0x00007f126ed10000)
  from space 660352K,  99% used [0x00007f12971f0000, 0x00007f12bf6cffe8, 0x00007f12bf6d0000)
  to   space 660352K,   0% used [0x00007f126ed10000, 0x00007f126ed10000, 0x00007f12971f0000)
 tenured generation   total 13207128K, used 12809890K [0x00007f1681b50000, 0x00007f19a7ce6000, 0x00007f212c600000)
   the space 13207128K,  96% used [0x00007f1681b50000, 0x00007f198f8f8b98, 0x00007f198f8f8c00, 0x00007f19a7ce6000)
 Metaspace       used 31070K, capacity 31544K, committed 31744K, reserved 32768K
}
Event: 1121.272 GC heap after
{Heap after GC invocations=76 (full 6):
 def new generation   total 5943232K, used 407294K [0x00007f112c600000, 0x00007f12bf6d0000, 0x00007f1681b50000)
  eden space 5282880K,   0% used [0x00007f112c600000, 0x00007f112c600000, 0x00007f126ed10000)
  from space 660352K,  61% used [0x00007f126ed10000, 0x00007f1287acfbc0, 0x00007f12971f0000)
  to   space 660352K,   0% used [0x00007f12971f0000, 0x00007f12971f0000, 0x00007f12bf6d0000)
 tenured generation   total 13470360K, used 13470241K [0x00007f1681b50000, 0x00007f19b7df6000, 0x00007f212c600000)
   the space 13470360K,  99% used [0x00007f1681b50000, 0x00007f19b7dd8740, 0x00007f19b7dd8800, 0x00007f19b7df6000)
 Metaspace       used 31070K, capacity 31544K, committed 31744K, reserved 32768K
}
Event: 1121.272 GC heap before
{Heap before GC invocations=76 (full 6):
 def new generation   total 5943232K, used 407294K [0x00007f112c600000, 0x00007f12bf6d0000, 0x00007f1681b50000)
  eden space 5282880K,   0% used [0x00007f112c600000, 0x00007f112c600000, 0x00007f126ed10000)
  from space 660352K,  61% used [0x00007f126ed10000, 0x00007f1287acfbc0, 0x00007f12971f0000)
  to   space 660352K,   0% used [0x00007f12971f0000, 0x00007f12971f0000, 0x00007f12bf6d0000)
 tenured generation   total 13470360K, used 13470241K [0x00007f1681b50000, 0x00007f19b7df6000, 0x00007f212c600000)
   the space 13470360K,  99% used [0x00007f1681b50000, 0x00007f19b7dd8740, 0x00007f19b7dd8800, 0x00007f19b7df6000)
 Metaspace       used 31070K, capacity 31544K, committed 31744K, reserved 32768K
}

