# JRE version: OpenJDK Runtime Environment (13.0.7+5) (build 13.0.7+5-Ubuntu-0ubuntu120.04)
# Java VM: OpenJDK 64-Bit Server VM (13.0.7+5-Ubuntu-0ubuntu120.04, mixed mode, tiered, serial gc, linux-amd64)
Heap:
 def new generation   total 1605056K, used 1112429K [0x00007f5070600000, 0x00007f50dd390000, 0x00007f55c5b50000)
  eden space 1426752K,  75% used [0x00007f5070600000, 0x00007f50b2183ba8, 0x00007f50c7750000)
  from space 178304K,  20% used [0x00007f50c7750000, 0x00007f50c9a27980, 0x00007f50d2570000)
  to   space 178304K,   0% used [0x00007f50d2570000, 0x00007f50d2572000, 0x00007f50dd390000)
 tenured generation   total 3566596K, used 3188532K [0x00007f55c5b50000, 0x00007f569f651000, 0x00007f6070600000)
   the space 3566596K,  89% used [0x00007f55c5b50000, 0x00007f568851d0c0, 0x00007f568851d200, 0x00007f569f651000)
 Metaspace       used 24301K, capacity 24700K, committed 24832K, reserved 26624K
GC Heap History (20 events):
Event: 3727.833 GC heap after
{Heap after GC invocations=1311 (full 421):
 def new generation   total 1604928K, used 35669K [0x00007f5070600000, 0x00007f50dd370000, 0x00007f55c5b50000)
  eden space 1426624K,   0% used [0x00007f5070600000, 0x00007f5070600000, 0x00007f50c7730000)
  from space 178304K,  20% used [0x00007f50d2550000, 0x00007f50d4825520, 0x00007f50dd370000)
  to   space 178304K,   0% used [0x00007f50c7730000, 0x00007f50c7730000, 0x00007f50d2550000)
 tenured generation   total 3566332K, used 2139798K [0x00007f55c5b50000, 0x00007f569f60f000, 0x00007f6070600000)
   the space 3566332K,  59% used [0x00007f55c5b50000, 0x00007f56484f5b48, 0x00007f56484f5c00, 0x00007f569f60f000)
 Metaspace       used 24301K, capacity 24700K, committed 24832K, reserved 26624K
}
Event: 3729.738 GC heap before
{Heap before GC invocations=1311 (full 421):
 def new generation   total 1604928K, used 1367307K [0x00007f5070600000, 0x00007f50dd370000, 0x00007f55c5b50000)
  eden space 1426624K,  93% used [0x00007f5070600000, 0x00007f50c1a6d758, 0x00007f50c7730000)
  from space 178304K,  20% used [0x00007f50d2550000, 0x00007f50d4825520, 0x00007f50dd370000)
  to   space 178304K,   0% used [0x00007f50c7730000, 0x00007f50c7730000, 0x00007f50d2550000)
 tenured generation   total 3566332K, used 2139798K [0x00007f55c5b50000, 0x00007f569f60f000, 0x00007f6070600000)
   the space 3566332K,  59% used [0x00007f55c5b50000, 0x00007f56484f5b48, 0x00007f56484f5c00, 0x00007f569f60f000)
 Metaspace       used 24301K, capacity 24700K, committed 24832K, reserved 26624K
}
Event: 3730.589 GC heap after
{Heap after GC invocations=1312 (full 421):
 def new generation   total 1604928K, used 35678K [0x00007f5070600000, 0x00007f50dd370000, 0x00007f55c5b50000)
  eden space 1426624K,   0% used [0x00007f5070600000, 0x00007f5070600000, 0x00007f50c7730000)
  from space 178304K,  20% used [0x00007f50c7730000, 0x00007f50c9a07980, 0x00007f50d2550000)
  to   space 178304K,   0% used [0x00007f50d2550000, 0x00007f50d2550000, 0x00007f50dd370000)
 tenured generation   total 3566332K, used 3188374K [0x00007f55c5b50000, 0x00007f569f60f000, 0x00007f6070600000)
   the space 3566332K,  89% used [0x00007f55c5b50000, 0x00007f56884f5b60, 0x00007f56884f5c00, 0x00007f569f60f000)
 Metaspace       used 24301K, capacity 24700K, committed 24832K, reserved 26624K
}
Event: 3732.028 GC heap before
{Heap before GC invocations=1312 (full 421):
 def new generation   total 1604928K, used 1112427K [0x00007f5070600000, 0x00007f50dd370000, 0x00007f55c5b50000)
  eden space 1426624K,  75% used [0x00007f5070600000, 0x00007f50b2183478, 0x00007f50c7730000)
  from space 178304K,  20% used [0x00007f50c7730000, 0x00007f50c9a07980, 0x00007f50d2550000)
  to   space 178304K,   0% used [0x00007f50d2550000, 0x00007f50d2550000, 0x00007f50dd370000)
 tenured generation   total 3566332K, used 3188374K [0x00007f55c5b50000, 0x00007f569f60f000, 0x00007f6070600000)
   the space 3566332K,  89% used [0x00007f55c5b50000, 0x00007f56884f5b60, 0x00007f56884f5c00, 0x00007f569f60f000)
 Metaspace       used 24301K, capacity 24700K, committed 24832K, reserved 26624K
}
Event: 3733.465 GC heap after
{Heap after GC invocations=1313 (full 421):
 def new generation   total 1604928K, used 35678K [0x00007f5070600000, 0x00007f50dd370000, 0x00007f55c5b50000)
  eden space 1426624K,   0% used [0x00007f5070600000, 0x00007f5070600000, 0x00007f50c7730000)
  from space 178304K,  20% used [0x00007f50d2550000, 0x00007f50d4827bf8, 0x00007f50dd370000)
  to   space 178304K,   0% used [0x00007f50c7730000, 0x00007f50c7730000, 0x00007f50d2550000)
 tenured generation   total 4614912K, used 4236950K [0x00007f55c5b50000, 0x00007f56df610000, 0x00007f6070600000)
   the space 4614912K,  91% used [0x00007f55c5b50000, 0x00007f56c84f5b78, 0x00007f56c84f5c00, 0x00007f56df610000)
 Metaspace       used 24301K, capacity 24700K, committed 24832K, reserved 26624K
}
Event: 3733.465 GC heap before
{Heap before GC invocations=1313 (full 421):
 def new generation   total 1604928K, used 35678K [0x00007f5070600000, 0x00007f50dd370000, 0x00007f55c5b50000)
  eden space 1426624K,   0% used [0x00007f5070600000, 0x00007f5070600000, 0x00007f50c7730000)
  from space 178304K,  20% used [0x00007f50d2550000, 0x00007f50d4827bf8, 0x00007f50dd370000)
  to   space 178304K,   0% used [0x00007f50c7730000, 0x00007f50c7730000, 0x00007f50d2550000)
 tenured generation   total 4614912K, used 4236950K [0x00007f55c5b50000, 0x00007f56df610000, 0x00007f6070600000)
   the space 4614912K,  91% used [0x00007f55c5b50000, 0x00007f56c84f5b78, 0x00007f56c84f5c00, 0x00007f56df610000)
 Metaspace       used 24301K, capacity 24700K, committed 24832K, reserved 26624K
}
Event: 3735.214 GC heap after
{Heap after GC invocations=1313 (full 422):
 def new generation   total 1604992K, used 0K [0x00007f5070600000, 0x00007f50dd380000, 0x00007f55c5b50000)
  eden space 1426688K,   0% used [0x00007f5070600000, 0x00007f5070600000, 0x00007f50c7740000)
  from space 178304K,   0% used [0x00007f50c7740000, 0x00007f50c7740000, 0x00007f50d2560000)
  to   space 178304K,   0% used [0x00007f50d2560000, 0x00007f50d2560000, 0x00007f50dd380000)
 tenured generation   total 3566464K, used 2139877K [0x00007f55c5b50000, 0x00007f569f630000, 0x00007f6070600000)
   the space 3566464K,  59% used [0x00007f55c5b50000, 0x00007f56485095f8, 0x00007f5648509600, 0x00007f569f630000)
 Metaspace       used 24301K, capacity 24700K, committed 24832K, reserved 26624K
}
Event: 3738.815 GC heap before
{Heap before GC invocations=1313 (full 422):
 def new generation   total 1604992K, used 1426688K [0x00007f5070600000, 0x00007f50dd380000, 0x00007f55c5b50000)
  eden space 1426688K, 100% used [0x00007f5070600000, 0x00007f50c7740000, 0x00007f50c7740000)
  from space 178304K,   0% used [0x00007f50c7740000, 0x00007f50c7740000, 0x00007f50d2560000)
  to   space 178304K,   0% used [0x00007f50d2560000, 0x00007f50d2560000, 0x00007f50dd380000)
 tenured generation   total 3566464K, used 2139877K [0x00007f55c5b50000, 0x00007f569f630000, 0x00007f6070600000)
   the space 3566464K,  59% used [0x00007f55c5b50000, 0x00007f56485095f8, 0x00007f5648509600, 0x00007f569f630000)
 Metaspace       used 24301K, capacity 24700K, committed 24832K, reserved 26624K
}
Event: 3738.846 GC heap after
{Heap after GC invocations=1314 (full 422):
 def new generation   total 1604992K, used 35676K [0x00007f5070600000, 0x00007f50dd380000, 0x00007f55c5b50000)
  eden space 1426688K,   0% used [0x00007f5070600000, 0x00007f5070600000, 0x00007f50c7740000)
  from space 178304K,  20% used [0x00007f50d2560000, 0x00007f50d48371e0, 0x00007f50dd380000)
  to   space 178304K,   0% used [0x00007f50c7740000, 0x00007f50c7740000, 0x00007f50d2560000)
 tenured generation   total 3566464K, used 2139877K [0x00007f55c5b50000, 0x00007f569f630000, 0x00007f6070600000)
   the space 3566464K,  59% used [0x00007f55c5b50000, 0x00007f56485095f8, 0x00007f5648509600, 0x00007f569f630000)
 Metaspace       used 24301K, capacity 24700K, committed 24832K, reserved 26624K
}
Event: 3740.735 GC heap before
{Heap before GC invocations=1314 (full 422):
 def new generation   total 1604992K, used 1367321K [0x00007f5070600000, 0x00007f50dd380000, 0x00007f55c5b50000)
  eden space 1426688K,  93% used [0x00007f5070600000, 0x00007f50c1a6f498, 0x00007f50c7740000)
  from space 178304K,  20% used [0x00007f50d2560000, 0x00007f50d48371e0, 0x00007f50dd380000)
  to   space 178304K,   0% used [0x00007f50c7740000, 0x00007f50c7740000, 0x00007f50d2560000)
 tenured generation   total 3566464K, used 2139877K [0x00007f55c5b50000, 0x00007f569f630000, 0x00007f6070600000)
   the space 3566464K,  59% used [0x00007f55c5b50000, 0x00007f56485095f8, 0x00007f5648509600, 0x00007f569f630000)
 Metaspace       used 24301K, capacity 24700K, committed 24832K, reserved 26624K
}
Event: 3741.597 GC heap after
{Heap after GC invocations=1315 (full 422):
 def new generation   total 1604992K, used 35678K [0x00007f5070600000, 0x00007f50dd380000, 0x00007f55c5b50000)
  eden space 1426688K,   0% used [0x00007f5070600000, 0x00007f5070600000, 0x00007f50c7740000)
  from space 178304K,  20% used [0x00007f50c7740000, 0x00007f50c9a17980, 0x00007f50d2560000)
  to   space 178304K,   0% used [0x00007f50d2560000, 0x00007f50d2560000, 0x00007f50dd380000)
 tenured generation   total 3566464K, used 3188453K [0x00007f55c5b50000, 0x00007f569f630000, 0x00007f6070600000)
   the space 3566464K,  89% used [0x00007f55c5b50000, 0x00007f5688509610, 0x00007f5688509800, 0x00007f569f630000)
 Metaspace       used 24301K, capacity 24700K, committed 24832K, reserved 26624K
}
Event: 3743.016 GC heap before
{Heap before GC invocations=1315 (full 422):
 def new generation   total 1604992K, used 1112428K [0x00007f5070600000, 0x00007f50dd380000, 0x00007f55c5b50000)
  eden space 1426688K,  75% used [0x00007f5070600000, 0x00007f50b2183820, 0x00007f50c7740000)
  from space 178304K,  20% used [0x00007f50c7740000, 0x00007f50c9a17980, 0x00007f50d2560000)
  to   space 178304K,   0% used [0x00007f50d2560000, 0x00007f50d2560000, 0x00007f50dd380000)
 tenured generation   total 3566464K, used 3188453K [0x00007f55c5b50000, 0x00007f569f630000, 0x00007f6070600000)
   the space 3566464K,  89% used [0x00007f55c5b50000, 0x00007f5688509610, 0x00007f5688509800, 0x00007f569f630000)
 Metaspace       used 24301K, capacity 24700K, committed 24832K, reserved 26624K
}
Event: 3744.419 GC heap after
{Heap after GC invocations=1316 (full 422):
 def new generation   total 1604992K, used 35678K [0x00007f5070600000, 0x00007f50dd380000, 0x00007f55c5b50000)
  eden space 1426688K,   0% used [0x00007f5070600000, 0x00007f5070600000, 0x00007f50c7740000)
  from space 178304K,  20% used [0x00007f50d2560000, 0x00007f50d4837bf8, 0x00007f50dd380000)
  to   space 178304K,   0% used [0x00007f50c7740000, 0x00007f50c7740000, 0x00007f50d2560000)
 tenured generation   total 4615044K, used 4237029K [0x00007f55c5b50000, 0x00007f56df631000, 0x00007f6070600000)
   the space 4615044K,  91% used [0x00007f55c5b50000, 0x00007f56c8509628, 0x00007f56c8509800, 0x00007f56df631000)
 Metaspace       used 24301K, capacity 24700K, committed 24832K, reserved 26624K
}
Event: 3744.419 GC heap before
{Heap before GC invocations=1316 (full 422):
 def new generation   total 1604992K, used 35678K [0x00007f5070600000, 0x00007f50dd380000, 0x00007f55c5b50000)
  eden space 1426688K,   0% used [0x00007f5070600000, 0x00007f5070600000, 0x00007f50c7740000)
  from space 178304K,  20% used [0x00007f50d2560000, 0x00007f50d4837bf8, 0x00007f50dd380000)
  to   space 178304K,   0% used [0x00007f50c7740000, 0x00007f50c7740000, 0x00007f50d2560000)
 tenured generation   total 4615044K, used 4237029K [0x00007f55c5b50000, 0x00007f56df631000, 0x00007f6070600000)
   the space 4615044K,  91% used [0x00007f55c5b50000, 0x00007f56c8509628, 0x00007f56c8509800, 0x00007f56df631000)
 Metaspace       used 24301K, capacity 24700K, committed 24832K, reserved 26624K
}
Event: 3746.225 GC heap after
{Heap after GC invocations=1316 (full 423):
 def new generation   total 1605056K, used 0K [0x00007f5070600000, 0x00007f50dd390000, 0x00007f55c5b50000)
  eden space 1426752K,   0% used [0x00007f5070600000, 0x00007f5070600000, 0x00007f50c7750000)
  from space 178304K,   0% used [0x00007f50c7750000, 0x00007f50c7750000, 0x00007f50d2570000)
  to   space 178304K,   0% used [0x00007f50d2570000, 0x00007f50d2570000, 0x00007f50dd390000)
 tenured generation   total 3566596K, used 2139956K [0x00007f55c5b50000, 0x00007f569f651000, 0x00007f6070600000)
   the space 3566596K,  59% used [0x00007f55c5b50000, 0x00007f564851d0a8, 0x00007f564851d200, 0x00007f569f651000)
 Metaspace       used 24301K, capacity 24700K, committed 24832K, reserved 26624K
}
Event: 3749.704 GC heap before
{Heap before GC invocations=1316 (full 423):
 def new generation   total 1605056K, used 1426752K [0x00007f5070600000, 0x00007f50dd390000, 0x00007f55c5b50000)
  eden space 1426752K, 100% used [0x00007f5070600000, 0x00007f50c7750000, 0x00007f50c7750000)
  from space 178304K,   0% used [0x00007f50c7750000, 0x00007f50c7750000, 0x00007f50d2570000)
  to   space 178304K,   0% used [0x00007f50d2570000, 0x00007f50d2570000, 0x00007f50dd390000)
 tenured generation   total 3566596K, used 2139956K [0x00007f55c5b50000, 0x00007f569f651000, 0x00007f6070600000)
   the space 3566596K,  59% used [0x00007f55c5b50000, 0x00007f564851d0a8, 0x00007f564851d200, 0x00007f569f651000)
 Metaspace       used 24301K, capacity 24700K, committed 24832K, reserved 26624K
}
Event: 3749.733 GC heap after
{Heap after GC invocations=1317 (full 423):
 def new generation   total 1605056K, used 35680K [0x00007f5070600000, 0x00007f50dd390000, 0x00007f55c5b50000)
  eden space 1426752K,   0% used [0x00007f5070600000, 0x00007f5070600000, 0x00007f50c7750000)
  from space 178304K,  20% used [0x00007f50d2570000, 0x00007f50d4848298, 0x00007f50dd390000)
  to   space 178304K,   0% used [0x00007f50c7750000, 0x00007f50c7750000, 0x00007f50d2570000)
 tenured generation   total 3566596K, used 2139956K [0x00007f55c5b50000, 0x00007f569f651000, 0x00007f6070600000)
   the space 3566596K,  59% used [0x00007f55c5b50000, 0x00007f564851d0a8, 0x00007f564851d200, 0x00007f569f651000)
 Metaspace       used 24301K, capacity 24700K, committed 24832K, reserved 26624K
}
Event: 3751.654 GC heap before
{Heap before GC invocations=1317 (full 423):
 def new generation   total 1605056K, used 1367332K [0x00007f5070600000, 0x00007f50dd390000, 0x00007f55c5b50000)
  eden space 1426752K,  93% used [0x00007f5070600000, 0x00007f50c1a70fb8, 0x00007f50c7750000)
  from space 178304K,  20% used [0x00007f50d2570000, 0x00007f50d4848298, 0x00007f50dd390000)
  to   space 178304K,   0% used [0x00007f50c7750000, 0x00007f50c7750000, 0x00007f50d2570000)
 tenured generation   total 3566596K, used 2139956K [0x00007f55c5b50000, 0x00007f569f651000, 0x00007f6070600000)
   the space 3566596K,  59% used [0x00007f55c5b50000, 0x00007f564851d0a8, 0x00007f564851d200, 0x00007f569f651000)
 Metaspace       used 24301K, capacity 24700K, committed 24832K, reserved 26624K
}
Event: 3752.472 GC heap after
{Heap after GC invocations=1318 (full 423):
 def new generation   total 1605056K, used 35678K [0x00007f5070600000, 0x00007f50dd390000, 0x00007f55c5b50000)
  eden space 1426752K,   0% used [0x00007f5070600000, 0x00007f5070600000, 0x00007f50c7750000)
  from space 178304K,  20% used [0x00007f50c7750000, 0x00007f50c9a27980, 0x00007f50d2570000)
  to   space 178304K,   0% used [0x00007f50d2570000, 0x00007f50d2570000, 0x00007f50dd390000)
 tenured generation   total 3566596K, used 3188532K [0x00007f55c5b50000, 0x00007f569f651000, 0x00007f6070600000)
   the space 3566596K,  89% used [0x00007f55c5b50000, 0x00007f568851d0c0, 0x00007f568851d200, 0x00007f569f651000)
 Metaspace       used 24301K, capacity 24700K, committed 24832K, reserved 26624K
}
Event: 3753.924 GC heap before
{Heap before GC invocations=1318 (full 423):
 def new generation   total 1605056K, used 1112429K [0x00007f5070600000, 0x00007f50dd390000, 0x00007f55c5b50000)
  eden space 1426752K,  75% used [0x00007f5070600000, 0x00007f50b2183ba8, 0x00007f50c7750000)
  from space 178304K,  20% used [0x00007f50c7750000, 0x00007f50c9a27980, 0x00007f50d2570000)
  to   space 178304K,   0% used [0x00007f50d2570000, 0x00007f50d2570000, 0x00007f50dd390000)
 tenured generation   total 3566596K, used 3188532K [0x00007f55c5b50000, 0x00007f569f651000, 0x00007f6070600000)
   the space 3566596K,  89% used [0x00007f55c5b50000, 0x00007f568851d0c0, 0x00007f568851d200, 0x00007f569f651000)
 Metaspace       used 24301K, capacity 24700K, committed 24832K, reserved 26624K
}

