# JRE version: OpenJDK Runtime Environment (13.0.7+5) (build 13.0.7+5-Ubuntu-0ubuntu120.04)
# Java VM: OpenJDK 64-Bit Server VM (13.0.7+5-Ubuntu-0ubuntu120.04, mixed mode, tiered, serial gc, linux-amd64)
Heap:
 def new generation   total 7936448K, used 0K [0x00007fc670600000, 0x00007fc88a990000, 0x00007fcbc5b50000)
  eden space 7054656K,   0% used [0x00007fc670600000, 0x00007fc670600000, 0x00007fc81ef50000)
  from space 881792K,   0% used [0x00007fc81ef50000, 0x00007fc81ef50000, 0x00007fc854c70000)
  to   space 881792K,   0% used [0x00007fc854c70000, 0x00007fc854c70000, 0x00007fc88a990000)
 tenured generation   total 17943272K, used 16781532K [0x00007fcbc5b50000, 0x00007fd00ce0a000, 0x00007fd670600000)
   the space 17943272K,  93% used [0x00007fcbc5b50000, 0x00007fcfc5f87178, 0x00007fcfc5f87200, 0x00007fd00ce0a000)
 Metaspace       used 30584K, capacity 31030K, committed 31232K, reserved 32768K
GC Heap History (20 events):
Event: 222.849 GC heap after
{Heap after GC invocations=34 (full 6):
 def new generation   total 4584256K, used 509312K [0x00007fc670600000, 0x00007fc7a7430000, 0x00007fcbc5b50000)
  eden space 4074944K,   0% used [0x00007fc670600000, 0x00007fc670600000, 0x00007fc769170000)
  from space 509312K, 100% used [0x00007fc769170000, 0x00007fc7882d0000, 0x00007fc7882d0000)
  to   space 509312K,   0% used [0x00007fc7882d0000, 0x00007fc7882d0000, 0x00007fc7a7430000)
 tenured generation   total 10187120K, used 8866113K [0x00007fcbc5b50000, 0x00007fce337ac000, 0x00007fd670600000)
   the space 10187120K,  87% used [0x00007fcbc5b50000, 0x00007fcde2da07c8, 0x00007fcde2da0800, 0x00007fce337ac000)
 Metaspace       used 30584K, capacity 31030K, committed 31232K, reserved 32768K
}
Event: 470.688 GC heap before
{Heap before GC invocations=34 (full 6):
 def new generation   total 4584256K, used 4584256K [0x00007fc670600000, 0x00007fc7a7430000, 0x00007fcbc5b50000)
  eden space 4074944K, 100% used [0x00007fc670600000, 0x00007fc769170000, 0x00007fc769170000)
  from space 509312K, 100% used [0x00007fc769170000, 0x00007fc7882d0000, 0x00007fc7882d0000)
  to   space 509312K,   0% used [0x00007fc7882d0000, 0x00007fc7882d0000, 0x00007fc7a7430000)
 tenured generation   total 10187120K, used 8866113K [0x00007fcbc5b50000, 0x00007fce337ac000, 0x00007fd670600000)
   the space 10187120K,  87% used [0x00007fcbc5b50000, 0x00007fcde2da07c8, 0x00007fcde2da0800, 0x00007fce337ac000)
 Metaspace       used 30584K, capacity 31030K, committed 31232K, reserved 32768K
}
Event: 473.630 GC heap after
{Heap after GC invocations=35 (full 6):
 def new generation   total 4584256K, used 509311K [0x00007fc670600000, 0x00007fc7a7430000, 0x00007fcbc5b50000)
  eden space 4074944K,   0% used [0x00007fc670600000, 0x00007fc670600000, 0x00007fc769170000)
  from space 509312K,  99% used [0x00007fc7882d0000, 0x00007fc7a742fff0, 0x00007fc7a7430000)
  to   space 509312K,   0% used [0x00007fc769170000, 0x00007fc769170000, 0x00007fc7882d0000)
 tenured generation   total 10187120K, used 9723990K [0x00007fcbc5b50000, 0x00007fce337ac000, 0x00007fd670600000)
   the space 10187120K,  95% used [0x00007fcbc5b50000, 0x00007fce17365b78, 0x00007fce17365c00, 0x00007fce337ac000)
 Metaspace       used 30584K, capacity 31030K, committed 31232K, reserved 32768K
}
Event: 648.525 GC heap before
{Heap before GC invocations=35 (full 6):
 def new generation   total 4584256K, used 4584255K [0x00007fc670600000, 0x00007fc7a7430000, 0x00007fcbc5b50000)
  eden space 4074944K, 100% used [0x00007fc670600000, 0x00007fc769170000, 0x00007fc769170000)
  from space 509312K,  99% used [0x00007fc7882d0000, 0x00007fc7a742fff0, 0x00007fc7a7430000)
  to   space 509312K,   0% used [0x00007fc769170000, 0x00007fc769170000, 0x00007fc7882d0000)
 tenured generation   total 10187120K, used 9723990K [0x00007fcbc5b50000, 0x00007fce337ac000, 0x00007fd670600000)
   the space 10187120K,  95% used [0x00007fcbc5b50000, 0x00007fce17365b78, 0x00007fce17365c00, 0x00007fce337ac000)
 Metaspace       used 30584K, capacity 31030K, committed 31232K, reserved 32768K
}
Event: 651.366 GC heap after
{Heap after GC invocations=36 (full 6):
 def new generation   total 4584256K, used 509311K [0x00007fc670600000, 0x00007fc7a7430000, 0x00007fcbc5b50000)
  eden space 4074944K,   0% used [0x00007fc670600000, 0x00007fc670600000, 0x00007fc769170000)
  from space 509312K,  99% used [0x00007fc769170000, 0x00007fc7882cfff0, 0x00007fc7882d0000)
  to   space 509312K,   0% used [0x00007fc7882d0000, 0x00007fc7882d0000, 0x00007fc7a7430000)
 tenured generation   total 10581872K, used 10581867K [0x00007fcbc5b50000, 0x00007fce4b92c000, 0x00007fd670600000)
   the space 10581872K,  99% used [0x00007fcbc5b50000, 0x00007fce4b92ae18, 0x00007fce4b92b000, 0x00007fce4b92c000)
 Metaspace       used 30584K, capacity 31030K, committed 31232K, reserved 32768K
}
Event: 651.366 GC heap before
{Heap before GC invocations=36 (full 6):
 def new generation   total 4584256K, used 509311K [0x00007fc670600000, 0x00007fc7a7430000, 0x00007fcbc5b50000)
  eden space 4074944K,   0% used [0x00007fc670600000, 0x00007fc670600000, 0x00007fc769170000)
  from space 509312K,  99% used [0x00007fc769170000, 0x00007fc7882cfff0, 0x00007fc7882d0000)
  to   space 509312K,   0% used [0x00007fc7882d0000, 0x00007fc7882d0000, 0x00007fc7a7430000)
 tenured generation   total 10581872K, used 10581867K [0x00007fcbc5b50000, 0x00007fce4b92c000, 0x00007fd670600000)
   the space 10581872K,  99% used [0x00007fcbc5b50000, 0x00007fce4b92ae18, 0x00007fce4b92b000, 0x00007fce4b92c000)
 Metaspace       used 30584K, capacity 31030K, committed 31232K, reserved 32768K
}
Event: 669.077 GC heap after
{Heap after GC invocations=36 (full 7):
 def new generation   total 7936448K, used 341491K [0x00007fc670600000, 0x00007fc88a990000, 0x00007fcbc5b50000)
  eden space 7054656K,   4% used [0x00007fc670600000, 0x00007fc68537cf40, 0x00007fc81ef50000)
  from space 881792K,   0% used [0x00007fc81ef50000, 0x00007fc81ef50000, 0x00007fc854c70000)
  to   space 881792K,   0% used [0x00007fc854c70000, 0x00007fc854c70000, 0x00007fc88a990000)
 tenured generation   total 17636456K, used 10581871K [0x00007fcbc5b50000, 0x00007fcffa26a000, 0x00007fd670600000)
   the space 17636456K,  59% used [0x00007fcbc5b50000, 0x00007fce4b92bff8, 0x00007fce4b92c000, 0x00007fcffa26a000)
 Metaspace       used 30584K, capacity 31030K, committed 31232K, reserved 32768K
}
Event: 986.057 GC heap before
{Heap before GC invocations=36 (full 7):
 def new generation   total 7936448K, used 7054656K [0x00007fc670600000, 0x00007fc88a990000, 0x00007fcbc5b50000)
  eden space 7054656K, 100% used [0x00007fc670600000, 0x00007fc81ef50000, 0x00007fc81ef50000)
  from space 881792K,   0% used [0x00007fc81ef50000, 0x00007fc81ef50000, 0x00007fc854c70000)
  to   space 881792K,   0% used [0x00007fc854c70000, 0x00007fc854c70000, 0x00007fc88a990000)
 tenured generation   total 17636456K, used 10581871K [0x00007fcbc5b50000, 0x00007fcffa26a000, 0x00007fd670600000)
   the space 17636456K,  59% used [0x00007fcbc5b50000, 0x00007fce4b92bff8, 0x00007fce4b92c000, 0x00007fcffa26a000)
 Metaspace       used 30584K, capacity 31030K, committed 31232K, reserved 32768K
}
Event: 991.927 GC heap after
{Heap after GC invocations=37 (full 7):
 def new generation   total 7936448K, used 881791K [0x00007fc670600000, 0x00007fc88a990000, 0x00007fcbc5b50000)
  eden space 7054656K,   0% used [0x00007fc670600000, 0x00007fc670600000, 0x00007fc81ef50000)
  from space 881792K,  99% used [0x00007fc854c70000, 0x00007fc88a98fff0, 0x00007fc88a990000)
  to   space 881792K,   0% used [0x00007fc81ef50000, 0x00007fc81ef50000, 0x00007fc854c70000)
 tenured generation   total 17636456K, used 11454863K [0x00007fcbc5b50000, 0x00007fcffa26a000, 0x00007fd670600000)
   the space 17636456K,  64% used [0x00007fcbc5b50000, 0x00007fce80db3ff8, 0x00007fce80db4000, 0x00007fcffa26a000)
 Metaspace       used 30584K, capacity 31030K, committed 31232K, reserved 32768K
}
Event: 1275.818 GC heap before
{Heap before GC invocations=37 (full 7):
 def new generation   total 7936448K, used 7936447K [0x00007fc670600000, 0x00007fc88a990000, 0x00007fcbc5b50000)
  eden space 7054656K, 100% used [0x00007fc670600000, 0x00007fc81ef50000, 0x00007fc81ef50000)
  from space 881792K,  99% used [0x00007fc854c70000, 0x00007fc88a98fff0, 0x00007fc88a990000)
  to   space 881792K,   0% used [0x00007fc81ef50000, 0x00007fc81ef50000, 0x00007fc854c70000)
 tenured generation   total 17636456K, used 11454863K [0x00007fcbc5b50000, 0x00007fcffa26a000, 0x00007fd670600000)
   the space 17636456K,  64% used [0x00007fcbc5b50000, 0x00007fce80db3ff8, 0x00007fce80db4000, 0x00007fcffa26a000)
 Metaspace       used 30584K, capacity 31030K, committed 31232K, reserved 32768K
}
Event: 1280.208 GC heap after
{Heap after GC invocations=38 (full 7):
 def new generation   total 7936448K, used 881791K [0x00007fc670600000, 0x00007fc88a990000, 0x00007fcbc5b50000)
  eden space 7054656K,   0% used [0x00007fc670600000, 0x00007fc670600000, 0x00007fc81ef50000)
  from space 881792K,  99% used [0x00007fc81ef50000, 0x00007fc854c6fff0, 0x00007fc854c70000)
  to   space 881792K,   0% used [0x00007fc854c70000, 0x00007fc854c70000, 0x00007fc88a990000)
 tenured generation   total 17636456K, used 12940048K [0x00007fcbc5b50000, 0x00007fcffa26a000, 0x00007fd670600000)
   the space 17636456K,  73% used [0x00007fcbc5b50000, 0x00007fcedb814198, 0x00007fcedb814200, 0x00007fcffa26a000)
 Metaspace       used 30584K, capacity 31030K, committed 31232K, reserved 32768K
}
Event: 1464.023 GC heap before
{Heap before GC invocations=38 (full 7):
 def new generation   total 7936448K, used 7936447K [0x00007fc670600000, 0x00007fc88a990000, 0x00007fcbc5b50000)
  eden space 7054656K, 100% used [0x00007fc670600000, 0x00007fc81ef50000, 0x00007fc81ef50000)
  from space 881792K,  99% used [0x00007fc81ef50000, 0x00007fc854c6fff0, 0x00007fc854c70000)
  to   space 881792K,   0% used [0x00007fc854c70000, 0x00007fc854c70000, 0x00007fc88a990000)
 tenured generation   total 17636456K, used 12940048K [0x00007fcbc5b50000, 0x00007fcffa26a000, 0x00007fd670600000)
   the space 17636456K,  73% used [0x00007fcbc5b50000, 0x00007fcedb814198, 0x00007fcedb814200, 0x00007fcffa26a000)
 Metaspace       used 30584K, capacity 31030K, committed 31232K, reserved 32768K
}
Event: 1468.623 GC heap after
{Heap after GC invocations=39 (full 7):
 def new generation   total 7936448K, used 881791K [0x00007fc670600000, 0x00007fc88a990000, 0x00007fcbc5b50000)
  eden space 7054656K,   0% used [0x00007fc670600000, 0x00007fc670600000, 0x00007fc81ef50000)
  from space 881792K,  99% used [0x00007fc854c70000, 0x00007fc88a98fff0, 0x00007fc88a990000)
  to   space 881792K,   0% used [0x00007fc81ef50000, 0x00007fc81ef50000, 0x00007fc854c70000)
 tenured generation   total 17636456K, used 14425232K [0x00007fcbc5b50000, 0x00007fcffa26a000, 0x00007fd670600000)
   the space 17636456K,  81% used [0x00007fcbc5b50000, 0x00007fcf362743b8, 0x00007fcf36274400, 0x00007fcffa26a000)
 Metaspace       used 30584K, capacity 31030K, committed 31232K, reserved 32768K
}
Event: 1592.640 GC heap before
{Heap before GC invocations=39 (full 7):
 def new generation   total 7936448K, used 7936447K [0x00007fc670600000, 0x00007fc88a990000, 0x00007fcbc5b50000)
  eden space 7054656K, 100% used [0x00007fc670600000, 0x00007fc81ef50000, 0x00007fc81ef50000)
  from space 881792K,  99% used [0x00007fc854c70000, 0x00007fc88a98fff0, 0x00007fc88a990000)
  to   space 881792K,   0% used [0x00007fc81ef50000, 0x00007fc81ef50000, 0x00007fc854c70000)
 tenured generation   total 17636456K, used 14425232K [0x00007fcbc5b50000, 0x00007fcffa26a000, 0x00007fd670600000)
   the space 17636456K,  81% used [0x00007fcbc5b50000, 0x00007fcf362743b8, 0x00007fcf36274400, 0x00007fcffa26a000)
 Metaspace       used 30584K, capacity 31030K, committed 31232K, reserved 32768K
}
Event: 1596.112 GC heap after
{Heap after GC invocations=40 (full 7):
 def new generation   total 7936448K, used 881791K [0x00007fc670600000, 0x00007fc88a990000, 0x00007fcbc5b50000)
  eden space 7054656K,   0% used [0x00007fc670600000, 0x00007fc670600000, 0x00007fc81ef50000)
  from space 881792K,  99% used [0x00007fc81ef50000, 0x00007fc854c6fff0, 0x00007fc854c70000)
  to   space 881792K,   0% used [0x00007fc854c70000, 0x00007fc854c70000, 0x00007fc88a990000)
 tenured generation   total 17636456K, used 15910417K [0x00007fcbc5b50000, 0x00007fcffa26a000, 0x00007fd670600000)
   the space 17636456K,  90% used [0x00007fcbc5b50000, 0x00007fcf90cd45d8, 0x00007fcf90cd4600, 0x00007fcffa26a000)
 Metaspace       used 30584K, capacity 31030K, committed 31232K, reserved 32768K
}
Event: 1634.673 GC heap before
{Heap before GC invocations=40 (full 7):
 def new generation   total 7936448K, used 7936447K [0x00007fc670600000, 0x00007fc88a990000, 0x00007fcbc5b50000)
  eden space 7054656K, 100% used [0x00007fc670600000, 0x00007fc81ef50000, 0x00007fc81ef50000)
  from space 881792K,  99% used [0x00007fc81ef50000, 0x00007fc854c6fff0, 0x00007fc854c70000)
  to   space 881792K,   0% used [0x00007fc854c70000, 0x00007fc854c70000, 0x00007fc88a990000)
 tenured generation   total 17636456K, used 15910417K [0x00007fcbc5b50000, 0x00007fcffa26a000, 0x00007fd670600000)
   the space 17636456K,  90% used [0x00007fcbc5b50000, 0x00007fcf90cd45d8, 0x00007fcf90cd4600, 0x00007fcffa26a000)
 Metaspace       used 30584K, capacity 31030K, committed 31232K, reserved 32768K
}
Event: 1637.286 GC heap after
{Heap after GC invocations=41 (full 7):
 def new generation   total 7936448K, used 881791K [0x00007fc670600000, 0x00007fc88a990000, 0x00007fcbc5b50000)
  eden space 7054656K,   0% used [0x00007fc670600000, 0x00007fc670600000, 0x00007fc81ef50000)
  from space 881792K,  99% used [0x00007fc854c70000, 0x00007fc88a98ffe8, 0x00007fc88a990000)
  to   space 881792K,   0% used [0x00007fc81ef50000, 0x00007fc81ef50000, 0x00007fc854c70000)
 tenured generation   total 17636456K, used 17061344K [0x00007fcbc5b50000, 0x00007fcffa26a000, 0x00007fd670600000)
   the space 17636456K,  96% used [0x00007fcbc5b50000, 0x00007fcfd70c81d8, 0x00007fcfd70c8200, 0x00007fcffa26a000)
 Metaspace       used 30584K, capacity 31030K, committed 31232K, reserved 32768K
}
Event: 1639.012 GC heap before
{Heap before GC invocations=41 (full 7):
 def new generation   total 7936448K, used 7936447K [0x00007fc670600000, 0x00007fc88a990000, 0x00007fcbc5b50000)
  eden space 7054656K, 100% used [0x00007fc670600000, 0x00007fc81ef50000, 0x00007fc81ef50000)
  from space 881792K,  99% used [0x00007fc854c70000, 0x00007fc88a98ffe8, 0x00007fc88a990000)
  to   space 881792K,   0% used [0x00007fc81ef50000, 0x00007fc81ef50000, 0x00007fc854c70000)
 tenured generation   total 17636456K, used 17061344K [0x00007fcbc5b50000, 0x00007fcffa26a000, 0x00007fd670600000)
   the space 17636456K,  96% used [0x00007fcbc5b50000, 0x00007fcfd70c81d8, 0x00007fcfd70c8200, 0x00007fcffa26a000)
 Metaspace       used 30584K, capacity 31030K, committed 31232K, reserved 32768K
}
Event: 1640.714 GC heap after
{Heap after GC invocations=42 (full 7):
 def new generation   total 7936448K, used 572121K [0x00007fc670600000, 0x00007fc88a990000, 0x00007fcbc5b50000)
  eden space 7054656K,   0% used [0x00007fc670600000, 0x00007fc670600000, 0x00007fc81ef50000)
  from space 881792K,  64% used [0x00007fc81ef50000, 0x00007fc841e06610, 0x00007fc854c70000)
  to   space 881792K,   0% used [0x00007fc854c70000, 0x00007fc854c70000, 0x00007fc88a990000)
 tenured generation   total 17943272K, used 17943135K [0x00007fcbc5b50000, 0x00007fd00ce0a000, 0x00007fd670600000)
   the space 17943272K,  99% used [0x00007fcbc5b50000, 0x00007fd00cde7fd0, 0x00007fd00cde8000, 0x00007fd00ce0a000)
 Metaspace       used 30584K, capacity 31030K, committed 31232K, reserved 32768K
}
Event: 1640.714 GC heap before
{Heap before GC invocations=42 (full 7):
 def new generation   total 7936448K, used 572121K [0x00007fc670600000, 0x00007fc88a990000, 0x00007fcbc5b50000)
  eden space 7054656K,   0% used [0x00007fc670600000, 0x00007fc670600000, 0x00007fc81ef50000)
  from space 881792K,  64% used [0x00007fc81ef50000, 0x00007fc841e06610, 0x00007fc854c70000)
  to   space 881792K,   0% used [0x00007fc854c70000, 0x00007fc854c70000, 0x00007fc88a990000)
 tenured generation   total 17943272K, used 17943135K [0x00007fcbc5b50000, 0x00007fd00ce0a000, 0x00007fd670600000)
   the space 17943272K,  99% used [0x00007fcbc5b50000, 0x00007fd00cde7fd0, 0x00007fd00cde8000, 0x00007fd00ce0a000)
 Metaspace       used 30584K, capacity 31030K, committed 31232K, reserved 32768K
}

