# JRE version: OpenJDK Runtime Environment (13.0.7+5) (build 13.0.7+5-Ubuntu-0ubuntu120.04)
# Java VM: OpenJDK 64-Bit Server VM (13.0.7+5-Ubuntu-0ubuntu120.04, mixed mode, tiered, serial gc, linux-amd64)
Heap:
 def new generation   total 629248K, used 0K [0x00007fbc30600000, 0x00007fbc5b0c0000, 0x00007fc185b50000)
  eden space 559360K,   0% used [0x00007fbc30600000, 0x00007fbc30600000, 0x00007fbc52840000)
  from space 69888K,   0% used [0x00007fbc56c80000, 0x00007fbc56c80000, 0x00007fbc5b0c0000)
  to   space 69888K,   0% used [0x00007fbc52840000, 0x00007fbc52840000, 0x00007fbc56c80000)
 tenured generation   total 9786756K, used 50881K [0x00007fc185b50000, 0x00007fc3db0b1000, 0x00007fcc30600000)
   the space 9786756K,   0% used [0x00007fc185b50000, 0x00007fc188d00590, 0x00007fc188d00600, 0x00007fc3db0b1000)
 Metaspace       used 30692K, capacity 31141K, committed 31232K, reserved 32768K
GC Heap History (20 events):
Event: 113.404 GC heap after
{Heap after GC invocations=237 (full 2):
 def new generation   total 629248K, used 3104K [0x00007fbc30600000, 0x00007fbc5b0c0000, 0x00007fc185b50000)
  eden space 559360K,   0% used [0x00007fbc30600000, 0x00007fbc30600000, 0x00007fbc52840000)
  from space 69888K,   4% used [0x00007fbc52840000, 0x00007fbc52b481b8, 0x00007fbc56c80000)
  to   space 69888K,   0% used [0x00007fbc56c80000, 0x00007fbc56c80000, 0x00007fbc5b0c0000)
 tenured generation   total 9786756K, used 8406007K [0x00007fc185b50000, 0x00007fc3db0b1000, 0x00007fcc30600000)
   the space 9786756K,  85% used [0x00007fc185b50000, 0x00007fc386c4dff8, 0x00007fc386c4e000, 0x00007fc3db0b1000)
 Metaspace       used 30658K, capacity 31067K, committed 31232K, reserved 32768K
}
Event: 113.710 GC heap before
{Heap before GC invocations=237 (full 2):
 def new generation   total 629248K, used 562464K [0x00007fbc30600000, 0x00007fbc5b0c0000, 0x00007fc185b50000)
  eden space 559360K, 100% used [0x00007fbc30600000, 0x00007fbc52840000, 0x00007fbc52840000)
  from space 69888K,   4% used [0x00007fbc52840000, 0x00007fbc52b481b8, 0x00007fbc56c80000)
  to   space 69888K,   0% used [0x00007fbc56c80000, 0x00007fbc56c80000, 0x00007fbc5b0c0000)
 tenured generation   total 9786756K, used 8406007K [0x00007fc185b50000, 0x00007fc3db0b1000, 0x00007fcc30600000)
   the space 9786756K,  85% used [0x00007fc185b50000, 0x00007fc386c4dff8, 0x00007fc386c4e000, 0x00007fc3db0b1000)
 Metaspace       used 30658K, capacity 31067K, committed 31232K, reserved 32768K
}
Event: 113.718 GC heap after
{Heap after GC invocations=238 (full 2):
 def new generation   total 629248K, used 3462K [0x00007fbc30600000, 0x00007fbc5b0c0000, 0x00007fc185b50000)
  eden space 559360K,   0% used [0x00007fbc30600000, 0x00007fbc30600000, 0x00007fbc52840000)
  from space 69888K,   4% used [0x00007fbc56c80000, 0x00007fbc56fe1b50, 0x00007fbc5b0c0000)
  to   space 69888K,   0% used [0x00007fbc52840000, 0x00007fbc52840000, 0x00007fbc56c80000)
 tenured generation   total 9786756K, used 8406007K [0x00007fc185b50000, 0x00007fc3db0b1000, 0x00007fcc30600000)
   the space 9786756K,  85% used [0x00007fc185b50000, 0x00007fc386c4dff8, 0x00007fc386c4e000, 0x00007fc3db0b1000)
 Metaspace       used 30658K, capacity 31067K, committed 31232K, reserved 32768K
}
Event: 113.982 GC heap before
{Heap before GC invocations=238 (full 2):
 def new generation   total 629248K, used 562822K [0x00007fbc30600000, 0x00007fbc5b0c0000, 0x00007fc185b50000)
  eden space 559360K, 100% used [0x00007fbc30600000, 0x00007fbc52840000, 0x00007fbc52840000)
  from space 69888K,   4% used [0x00007fbc56c80000, 0x00007fbc56fe1b50, 0x00007fbc5b0c0000)
  to   space 69888K,   0% used [0x00007fbc52840000, 0x00007fbc52840000, 0x00007fbc56c80000)
 tenured generation   total 9786756K, used 8406007K [0x00007fc185b50000, 0x00007fc3db0b1000, 0x00007fcc30600000)
   the space 9786756K,  85% used [0x00007fc185b50000, 0x00007fc386c4dff8, 0x00007fc386c4e000, 0x00007fc3db0b1000)
 Metaspace       used 30658K, capacity 31067K, committed 31232K, reserved 32768K
}
Event: 113.990 GC heap after
{Heap after GC invocations=239 (full 2):
 def new generation   total 629248K, used 3821K [0x00007fbc30600000, 0x00007fbc5b0c0000, 0x00007fc185b50000)
  eden space 559360K,   0% used [0x00007fbc30600000, 0x00007fbc30600000, 0x00007fbc52840000)
  from space 69888K,   5% used [0x00007fbc52840000, 0x00007fbc52bfb418, 0x00007fbc56c80000)
  to   space 69888K,   0% used [0x00007fbc56c80000, 0x00007fbc56c80000, 0x00007fbc5b0c0000)
 tenured generation   total 9786756K, used 8406007K [0x00007fc185b50000, 0x00007fc3db0b1000, 0x00007fcc30600000)
   the space 9786756K,  85% used [0x00007fc185b50000, 0x00007fc386c4dff8, 0x00007fc386c4e000, 0x00007fc3db0b1000)
 Metaspace       used 30658K, capacity 31067K, committed 31232K, reserved 32768K
}
Event: 114.278 GC heap before
{Heap before GC invocations=239 (full 2):
 def new generation   total 629248K, used 563181K [0x00007fbc30600000, 0x00007fbc5b0c0000, 0x00007fc185b50000)
  eden space 559360K, 100% used [0x00007fbc30600000, 0x00007fbc52840000, 0x00007fbc52840000)
  from space 69888K,   5% used [0x00007fbc52840000, 0x00007fbc52bfb418, 0x00007fbc56c80000)
  to   space 69888K,   0% used [0x00007fbc56c80000, 0x00007fbc56c80000, 0x00007fbc5b0c0000)
 tenured generation   total 9786756K, used 8406007K [0x00007fc185b50000, 0x00007fc3db0b1000, 0x00007fcc30600000)
   the space 9786756K,  85% used [0x00007fc185b50000, 0x00007fc386c4dff8, 0x00007fc386c4e000, 0x00007fc3db0b1000)
 Metaspace       used 30658K, capacity 31067K, committed 31232K, reserved 32768K
}
Event: 114.288 GC heap after
{Heap after GC invocations=240 (full 2):
 def new generation   total 629248K, used 4179K [0x00007fbc30600000, 0x00007fbc5b0c0000, 0x00007fc185b50000)
  eden space 559360K,   0% used [0x00007fbc30600000, 0x00007fbc30600000, 0x00007fbc52840000)
  from space 69888K,   5% used [0x00007fbc56c80000, 0x00007fbc57094dd0, 0x00007fbc5b0c0000)
  to   space 69888K,   0% used [0x00007fbc52840000, 0x00007fbc52840000, 0x00007fbc56c80000)
 tenured generation   total 9786756K, used 8406007K [0x00007fc185b50000, 0x00007fc3db0b1000, 0x00007fcc30600000)
   the space 9786756K,  85% used [0x00007fc185b50000, 0x00007fc386c4dff8, 0x00007fc386c4e000, 0x00007fc3db0b1000)
 Metaspace       used 30658K, capacity 31067K, committed 31232K, reserved 32768K
}
Event: 114.566 GC heap before
{Heap before GC invocations=240 (full 2):
 def new generation   total 629248K, used 563539K [0x00007fbc30600000, 0x00007fbc5b0c0000, 0x00007fc185b50000)
  eden space 559360K, 100% used [0x00007fbc30600000, 0x00007fbc52840000, 0x00007fbc52840000)
  from space 69888K,   5% used [0x00007fbc56c80000, 0x00007fbc57094dd0, 0x00007fbc5b0c0000)
  to   space 69888K,   0% used [0x00007fbc52840000, 0x00007fbc52840000, 0x00007fbc56c80000)
 tenured generation   total 9786756K, used 8406007K [0x00007fc185b50000, 0x00007fc3db0b1000, 0x00007fcc30600000)
   the space 9786756K,  85% used [0x00007fc185b50000, 0x00007fc386c4dff8, 0x00007fc386c4e000, 0x00007fc3db0b1000)
 Metaspace       used 30658K, capacity 31067K, committed 31232K, reserved 32768K
}
Event: 114.576 GC heap after
{Heap after GC invocations=241 (full 2):
 def new generation   total 629248K, used 4537K [0x00007fbc30600000, 0x00007fbc5b0c0000, 0x00007fc185b50000)
  eden space 559360K,   0% used [0x00007fbc30600000, 0x00007fbc30600000, 0x00007fbc52840000)
  from space 69888K,   6% used [0x00007fbc52840000, 0x00007fbc52cae6a0, 0x00007fbc56c80000)
  to   space 69888K,   0% used [0x00007fbc56c80000, 0x00007fbc56c80000, 0x00007fbc5b0c0000)
 tenured generation   total 9786756K, used 8406007K [0x00007fc185b50000, 0x00007fc3db0b1000, 0x00007fcc30600000)
   the space 9786756K,  85% used [0x00007fc185b50000, 0x00007fc386c4dff8, 0x00007fc386c4e000, 0x00007fc3db0b1000)
 Metaspace       used 30658K, capacity 31067K, committed 31232K, reserved 32768K
}
Event: 114.865 GC heap before
{Heap before GC invocations=241 (full 2):
 def new generation   total 629248K, used 563897K [0x00007fbc30600000, 0x00007fbc5b0c0000, 0x00007fc185b50000)
  eden space 559360K, 100% used [0x00007fbc30600000, 0x00007fbc52840000, 0x00007fbc52840000)
  from space 69888K,   6% used [0x00007fbc52840000, 0x00007fbc52cae6a0, 0x00007fbc56c80000)
  to   space 69888K,   0% used [0x00007fbc56c80000, 0x00007fbc56c80000, 0x00007fbc5b0c0000)
 tenured generation   total 9786756K, used 8406007K [0x00007fc185b50000, 0x00007fc3db0b1000, 0x00007fcc30600000)
   the space 9786756K,  85% used [0x00007fc185b50000, 0x00007fc386c4dff8, 0x00007fc386c4e000, 0x00007fc3db0b1000)
 Metaspace       used 30658K, capacity 31067K, committed 31232K, reserved 32768K
}
Event: 114.876 GC heap after
{Heap after GC invocations=242 (full 2):
 def new generation   total 629248K, used 4925K [0x00007fbc30600000, 0x00007fbc5b0c0000, 0x00007fc185b50000)
  eden space 559360K,   0% used [0x00007fbc30600000, 0x00007fbc30600000, 0x00007fbc52840000)
  from space 69888K,   7% used [0x00007fbc56c80000, 0x00007fbc5714f7b8, 0x00007fbc5b0c0000)
  to   space 69888K,   0% used [0x00007fbc52840000, 0x00007fbc52840000, 0x00007fbc56c80000)
 tenured generation   total 9786756K, used 8406007K [0x00007fc185b50000, 0x00007fc3db0b1000, 0x00007fcc30600000)
   the space 9786756K,  85% used [0x00007fc185b50000, 0x00007fc386c4dff8, 0x00007fc386c4e000, 0x00007fc3db0b1000)
 Metaspace       used 30658K, capacity 31067K, committed 31232K, reserved 32768K
}
Event: 115.153 GC heap before
{Heap before GC invocations=242 (full 2):
 def new generation   total 629248K, used 564285K [0x00007fbc30600000, 0x00007fbc5b0c0000, 0x00007fc185b50000)
  eden space 559360K, 100% used [0x00007fbc30600000, 0x00007fbc52840000, 0x00007fbc52840000)
  from space 69888K,   7% used [0x00007fbc56c80000, 0x00007fbc5714f7b8, 0x00007fbc5b0c0000)
  to   space 69888K,   0% used [0x00007fbc52840000, 0x00007fbc52840000, 0x00007fbc56c80000)
 tenured generation   total 9786756K, used 8406007K [0x00007fc185b50000, 0x00007fc3db0b1000, 0x00007fcc30600000)
   the space 9786756K,  85% used [0x00007fc185b50000, 0x00007fc386c4dff8, 0x00007fc386c4e000, 0x00007fc3db0b1000)
 Metaspace       used 30658K, capacity 31067K, committed 31232K, reserved 32768K
}
Event: 115.164 GC heap after
{Heap after GC invocations=243 (full 2):
 def new generation   total 629248K, used 3315K [0x00007fbc30600000, 0x00007fbc5b0c0000, 0x00007fc185b50000)
  eden space 559360K,   0% used [0x00007fbc30600000, 0x00007fbc30600000, 0x00007fbc52840000)
  from space 69888K,   4% used [0x00007fbc52840000, 0x00007fbc52b7cd20, 0x00007fbc56c80000)
  to   space 69888K,   0% used [0x00007fbc56c80000, 0x00007fbc56c80000, 0x00007fbc5b0c0000)
 tenured generation   total 9786756K, used 8406007K [0x00007fc185b50000, 0x00007fc3db0b1000, 0x00007fcc30600000)
   the space 9786756K,  85% used [0x00007fc185b50000, 0x00007fc386c4dff8, 0x00007fc386c4e000, 0x00007fc3db0b1000)
 Metaspace       used 30658K, capacity 31067K, committed 31232K, reserved 32768K
}
Event: 115.933 GC heap before
{Heap before GC invocations=243 (full 2):
 def new generation   total 629248K, used 562675K [0x00007fbc30600000, 0x00007fbc5b0c0000, 0x00007fc185b50000)
  eden space 559360K, 100% used [0x00007fbc30600000, 0x00007fbc52840000, 0x00007fbc52840000)
  from space 69888K,   4% used [0x00007fbc52840000, 0x00007fbc52b7cd20, 0x00007fbc56c80000)
  to   space 69888K,   0% used [0x00007fbc56c80000, 0x00007fbc56c80000, 0x00007fbc5b0c0000)
 tenured generation   total 9786756K, used 8406007K [0x00007fc185b50000, 0x00007fc3db0b1000, 0x00007fcc30600000)
   the space 9786756K,  85% used [0x00007fc185b50000, 0x00007fc386c4dff8, 0x00007fc386c4e000, 0x00007fc3db0b1000)
 Metaspace       used 30692K, capacity 31141K, committed 31232K, reserved 32768K
}
Event: 115.940 GC heap after
{Heap after GC invocations=244 (full 2):
 def new generation   total 629248K, used 2976K [0x00007fbc30600000, 0x00007fbc5b0c0000, 0x00007fc185b50000)
  eden space 559360K,   0% used [0x00007fbc30600000, 0x00007fbc30600000, 0x00007fbc52840000)
  from space 69888K,   4% used [0x00007fbc56c80000, 0x00007fbc56f680a0, 0x00007fbc5b0c0000)
  to   space 69888K,   0% used [0x00007fbc52840000, 0x00007fbc52840000, 0x00007fbc56c80000)
 tenured generation   total 9786756K, used 8406008K [0x00007fc185b50000, 0x00007fc3db0b1000, 0x00007fcc30600000)
   the space 9786756K,  85% used [0x00007fc185b50000, 0x00007fc386c4e038, 0x00007fc386c4e200, 0x00007fc3db0b1000)
 Metaspace       used 30692K, capacity 31141K, committed 31232K, reserved 32768K
}
Event: 116.448 GC heap before
{Heap before GC invocations=244 (full 2):
 def new generation   total 629248K, used 562336K [0x00007fbc30600000, 0x00007fbc5b0c0000, 0x00007fc185b50000)
  eden space 559360K, 100% used [0x00007fbc30600000, 0x00007fbc52840000, 0x00007fbc52840000)
  from space 69888K,   4% used [0x00007fbc56c80000, 0x00007fbc56f680a0, 0x00007fbc5b0c0000)
  to   space 69888K,   0% used [0x00007fbc52840000, 0x00007fbc52840000, 0x00007fbc56c80000)
 tenured generation   total 9786756K, used 8406008K [0x00007fc185b50000, 0x00007fc3db0b1000, 0x00007fcc30600000)
   the space 9786756K,  85% used [0x00007fc185b50000, 0x00007fc386c4e038, 0x00007fc386c4e200, 0x00007fc3db0b1000)
 Metaspace       used 30692K, capacity 31141K, committed 31232K, reserved 32768K
}
Event: 116.456 GC heap after
{Heap after GC invocations=245 (full 2):
 def new generation   total 629248K, used 3446K [0x00007fbc30600000, 0x00007fbc5b0c0000, 0x00007fc185b50000)
  eden space 559360K,   0% used [0x00007fbc30600000, 0x00007fbc30600000, 0x00007fbc52840000)
  from space 69888K,   4% used [0x00007fbc52840000, 0x00007fbc52b9d9e0, 0x00007fbc56c80000)
  to   space 69888K,   0% used [0x00007fbc56c80000, 0x00007fbc56c80000, 0x00007fbc5b0c0000)
 tenured generation   total 9786756K, used 8406008K [0x00007fc185b50000, 0x00007fc3db0b1000, 0x00007fcc30600000)
   the space 9786756K,  85% used [0x00007fc185b50000, 0x00007fc386c4e038, 0x00007fc386c4e200, 0x00007fc3db0b1000)
 Metaspace       used 30692K, capacity 31141K, committed 31232K, reserved 32768K
}
Event: 116.516 GC heap before
{Heap before GC invocations=245 (full 2):
 def new generation   total 629248K, used 47397K [0x00007fbc30600000, 0x00007fbc5b0c0000, 0x00007fc185b50000)
  eden space 559360K,   7% used [0x00007fbc30600000, 0x00007fbc330ebe00, 0x00007fbc52840000)
  from space 69888K,   4% used [0x00007fbc52840000, 0x00007fbc52b9d9e0, 0x00007fbc56c80000)
  to   space 69888K,   0% used [0x00007fbc56c80000, 0x00007fbc56c80000, 0x00007fbc5b0c0000)
 tenured generation   total 9786756K, used 8406008K [0x00007fc185b50000, 0x00007fc3db0b1000, 0x00007fcc30600000)
   the space 9786756K,  85% used [0x00007fc185b50000, 0x00007fc386c4e038, 0x00007fc386c4e200, 0x00007fc3db0b1000)
 Metaspace       used 30692K, capacity 31141K, committed 31232K, reserved 32768K
}
Event: 116.574 GC heap after
{Heap after GC invocations=246 (full 2):
 def new generation   total 629248K, used 33535K [0x00007fbc30600000, 0x00007fbc5b0c0000, 0x00007fc185b50000)
  eden space 559360K,   0% used [0x00007fbc30600000, 0x00007fbc30600000, 0x00007fbc52840000)
  from space 69888K,  47% used [0x00007fbc56c80000, 0x00007fbc58d3fc00, 0x00007fbc5b0c0000)
  to   space 69888K,   0% used [0x00007fbc52840000, 0x00007fbc52840000, 0x00007fbc56c80000)
 tenured generation   total 9786756K, used 8406008K [0x00007fc185b50000, 0x00007fc3db0b1000, 0x00007fcc30600000)
   the space 9786756K,  85% used [0x00007fc185b50000, 0x00007fc386c4e038, 0x00007fc386c4e200, 0x00007fc3db0b1000)
 Metaspace       used 30692K, capacity 31141K, committed 31232K, reserved 32768K
}
Event: 116.574 GC heap before
{Heap before GC invocations=246 (full 2):
 def new generation   total 629248K, used 33535K [0x00007fbc30600000, 0x00007fbc5b0c0000, 0x00007fc185b50000)
  eden space 559360K,   0% used [0x00007fbc30600000, 0x00007fbc30600000, 0x00007fbc52840000)
  from space 69888K,  47% used [0x00007fbc56c80000, 0x00007fbc58d3fc00, 0x00007fbc5b0c0000)
  to   space 69888K,   0% used [0x00007fbc52840000, 0x00007fbc52840000, 0x00007fbc56c80000)
 tenured generation   total 9786756K, used 8406008K [0x00007fc185b50000, 0x00007fc3db0b1000, 0x00007fcc30600000)
   the space 9786756K,  85% used [0x00007fc185b50000, 0x00007fc386c4e038, 0x00007fc386c4e200, 0x00007fc3db0b1000)
 Metaspace       used 30692K, capacity 31141K, committed 31232K, reserved 32768K
}

