# JRE version: OpenJDK Runtime Environment (13.0.7+5) (build 13.0.7+5-Ubuntu-0ubuntu120.04)
# Java VM: OpenJDK 64-Bit Server VM (13.0.7+5-Ubuntu-0ubuntu120.04, mixed mode, tiered, serial gc, linux-amd64)
Heap:
 def new generation   total 4594688K, used 0K [0x00007f626c600000, 0x00007f63a3f80000, 0x00007f6d170a0000)
  eden space 4084224K,   0% used [0x00007f626c600000, 0x00007f626c600000, 0x00007f6365a80000)
  from space 510464K,   0% used [0x00007f6365a80000, 0x00007f6365a80000, 0x00007f6384d00000)
  to   space 510464K,   0% used [0x00007f6384d00000, 0x00007f6384d00000, 0x00007f63a3f80000)
 tenured generation   total 10226604K, used 10201419K [0x00007f6d170a0000, 0x00007f6f8738b000, 0x00007f826c600000)
   the space 10226604K,  99% used [0x00007f6d170a0000, 0x00007f6f85af2f78, 0x00007f6f85af3000, 0x00007f6f8738b000)
 Metaspace       used 24182K, capacity 24575K, committed 24832K, reserved 26624K
GC Heap History (20 events):
Event: 2874.321 GC heap after
{Heap after GC invocations=1762 (full 7):
 def new generation   total 4594688K, used 220463K [0x00007f626c600000, 0x00007f63a3f80000, 0x00007f6d170a0000)
  eden space 4084224K,   0% used [0x00007f626c600000, 0x00007f626c600000, 0x00007f6365a80000)
  from space 510464K,  43% used [0x00007f6384d00000, 0x00007f639244bd18, 0x00007f63a3f80000)
  to   space 510464K,   0% used [0x00007f6365a80000, 0x00007f6365a80000, 0x00007f6384d00000)
 tenured generation   total 10210216K, used 10100189K [0x00007f6d170a0000, 0x00007f6f8638a000, 0x00007f826c600000)
   the space 10210216K,  98% used [0x00007f6d170a0000, 0x00007f6f7f8174e8, 0x00007f6f7f817600, 0x00007f6f8638a000)
 Metaspace       used 24182K, capacity 24575K, committed 24832K, reserved 26624K
}
Event: 2878.394 GC heap before
{Heap before GC invocations=1762 (full 7):
 def new generation   total 4594688K, used 4304687K [0x00007f626c600000, 0x00007f63a3f80000, 0x00007f6d170a0000)
  eden space 4084224K, 100% used [0x00007f626c600000, 0x00007f6365a80000, 0x00007f6365a80000)
  from space 510464K,  43% used [0x00007f6384d00000, 0x00007f639244bd18, 0x00007f63a3f80000)
  to   space 510464K,   0% used [0x00007f6365a80000, 0x00007f6365a80000, 0x00007f6384d00000)
 tenured generation   total 10210216K, used 10100189K [0x00007f6d170a0000, 0x00007f6f8638a000, 0x00007f826c600000)
   the space 10210216K,  98% used [0x00007f6d170a0000, 0x00007f6f7f8174e8, 0x00007f6f7f817600, 0x00007f6f8638a000)
 Metaspace       used 24182K, capacity 24575K, committed 24832K, reserved 26624K
}
Event: 2878.568 GC heap after
{Heap after GC invocations=1763 (full 7):
 def new generation   total 4594688K, used 220470K [0x00007f626c600000, 0x00007f63a3f80000, 0x00007f6d170a0000)
  eden space 4084224K,   0% used [0x00007f626c600000, 0x00007f626c600000, 0x00007f6365a80000)
  from space 510464K,  43% used [0x00007f6365a80000, 0x00007f63731cd8d8, 0x00007f6384d00000)
  to   space 510464K,   0% used [0x00007f6384d00000, 0x00007f6384d00000, 0x00007f63a3f80000)
 tenured generation   total 10210216K, used 10117148K [0x00007f6d170a0000, 0x00007f6f8638a000, 0x00007f826c600000)
   the space 10210216K,  99% used [0x00007f6d170a0000, 0x00007f6f808a70f0, 0x00007f6f808a7200, 0x00007f6f8638a000)
 Metaspace       used 24182K, capacity 24575K, committed 24832K, reserved 26624K
}
Event: 2882.457 GC heap before
{Heap before GC invocations=1763 (full 7):
 def new generation   total 4594688K, used 4304694K [0x00007f626c600000, 0x00007f63a3f80000, 0x00007f6d170a0000)
  eden space 4084224K, 100% used [0x00007f626c600000, 0x00007f6365a80000, 0x00007f6365a80000)
  from space 510464K,  43% used [0x00007f6365a80000, 0x00007f63731cd8d8, 0x00007f6384d00000)
  to   space 510464K,   0% used [0x00007f6384d00000, 0x00007f6384d00000, 0x00007f63a3f80000)
 tenured generation   total 10210216K, used 10117148K [0x00007f6d170a0000, 0x00007f6f8638a000, 0x00007f826c600000)
   the space 10210216K,  99% used [0x00007f6d170a0000, 0x00007f6f808a70f0, 0x00007f6f808a7200, 0x00007f6f8638a000)
 Metaspace       used 24182K, capacity 24575K, committed 24832K, reserved 26624K
}
Event: 2882.618 GC heap after
{Heap after GC invocations=1764 (full 7):
 def new generation   total 4594688K, used 232295K [0x00007f626c600000, 0x00007f63a3f80000, 0x00007f6d170a0000)
  eden space 4084224K,   0% used [0x00007f626c600000, 0x00007f626c600000, 0x00007f6365a80000)
  from space 510464K,  45% used [0x00007f6384d00000, 0x00007f6392fd9d28, 0x00007f63a3f80000)
  to   space 510464K,   0% used [0x00007f6365a80000, 0x00007f6365a80000, 0x00007f6384d00000)
 tenured generation   total 10210216K, used 10117148K [0x00007f6d170a0000, 0x00007f6f8638a000, 0x00007f826c600000)
   the space 10210216K,  99% used [0x00007f6d170a0000, 0x00007f6f808a70f0, 0x00007f6f808a7200, 0x00007f6f8638a000)
 Metaspace       used 24182K, capacity 24575K, committed 24832K, reserved 26624K
}
Event: 2886.401 GC heap before
{Heap before GC invocations=1764 (full 7):
 def new generation   total 4594688K, used 4301886K [0x00007f626c600000, 0x00007f63a3f80000, 0x00007f6d170a0000)
  eden space 4084224K,  99% used [0x00007f626c600000, 0x00007f6364c35cf0, 0x00007f6365a80000)
  from space 510464K,  45% used [0x00007f6384d00000, 0x00007f6392fd9d28, 0x00007f63a3f80000)
  to   space 510464K,   0% used [0x00007f6365a80000, 0x00007f6365a80000, 0x00007f6384d00000)
 tenured generation   total 10210216K, used 10117148K [0x00007f6d170a0000, 0x00007f6f8638a000, 0x00007f826c600000)
   the space 10210216K,  99% used [0x00007f6d170a0000, 0x00007f6f808a70f0, 0x00007f6f808a7200, 0x00007f6f8638a000)
 Metaspace       used 24182K, capacity 24575K, committed 24832K, reserved 26624K
}
Event: 2886.560 GC heap after
{Heap after GC invocations=1765 (full 7):
 def new generation   total 4594688K, used 225618K [0x00007f626c600000, 0x00007f63a3f80000, 0x00007f6d170a0000)
  eden space 4084224K,   0% used [0x00007f626c600000, 0x00007f626c600000, 0x00007f6365a80000)
  from space 510464K,  44% used [0x00007f6365a80000, 0x00007f63736d4ba8, 0x00007f6384d00000)
  to   space 510464K,   0% used [0x00007f6384d00000, 0x00007f6384d00000, 0x00007f63a3f80000)
 tenured generation   total 10210216K, used 10134107K [0x00007f6d170a0000, 0x00007f6f8638a000, 0x00007f826c600000)
   the space 10210216K,  99% used [0x00007f6d170a0000, 0x00007f6f81936cf8, 0x00007f6f81936e00, 0x00007f6f8638a000)
 Metaspace       used 24182K, capacity 24575K, committed 24832K, reserved 26624K
}
Event: 2890.269 GC heap before
{Heap before GC invocations=1765 (full 7):
 def new generation   total 4594688K, used 4303046K [0x00007f626c600000, 0x00007f63a3f80000, 0x00007f6d170a0000)
  eden space 4084224K,  99% used [0x00007f626c600000, 0x00007f63653dcfc0, 0x00007f6365a80000)
  from space 510464K,  44% used [0x00007f6365a80000, 0x00007f63736d4ba8, 0x00007f6384d00000)
  to   space 510464K,   0% used [0x00007f6384d00000, 0x00007f6384d00000, 0x00007f63a3f80000)
 tenured generation   total 10210216K, used 10134107K [0x00007f6d170a0000, 0x00007f6f8638a000, 0x00007f826c600000)
   the space 10210216K,  99% used [0x00007f6d170a0000, 0x00007f6f81936cf8, 0x00007f6f81936e00, 0x00007f6f8638a000)
 Metaspace       used 24182K, capacity 24575K, committed 24832K, reserved 26624K
}
Event: 2890.440 GC heap after
{Heap after GC invocations=1766 (full 7):
 def new generation   total 4594688K, used 221497K [0x00007f626c600000, 0x00007f63a3f80000, 0x00007f6d170a0000)
  eden space 4084224K,   0% used [0x00007f626c600000, 0x00007f626c600000, 0x00007f6365a80000)
  from space 510464K,  43% used [0x00007f6384d00000, 0x00007f639254e610, 0x00007f63a3f80000)
  to   space 510464K,   0% used [0x00007f6365a80000, 0x00007f6365a80000, 0x00007f6384d00000)
 tenured generation   total 10210216K, used 10151066K [0x00007f6d170a0000, 0x00007f6f8638a000, 0x00007f826c600000)
   the space 10210216K,  99% used [0x00007f6d170a0000, 0x00007f6f829c6900, 0x00007f6f829c6a00, 0x00007f6f8638a000)
 Metaspace       used 24182K, capacity 24575K, committed 24832K, reserved 26624K
}
Event: 2894.583 GC heap before
{Heap before GC invocations=1766 (full 7):
 def new generation   total 4594688K, used 4305721K [0x00007f626c600000, 0x00007f63a3f80000, 0x00007f6d170a0000)
  eden space 4084224K, 100% used [0x00007f626c600000, 0x00007f6365a80000, 0x00007f6365a80000)
  from space 510464K,  43% used [0x00007f6384d00000, 0x00007f639254e610, 0x00007f63a3f80000)
  to   space 510464K,   0% used [0x00007f6365a80000, 0x00007f6365a80000, 0x00007f6384d00000)
 tenured generation   total 10210216K, used 10151066K [0x00007f6d170a0000, 0x00007f6f8638a000, 0x00007f826c600000)
   the space 10210216K,  99% used [0x00007f6d170a0000, 0x00007f6f829c6900, 0x00007f6f829c6a00, 0x00007f6f8638a000)
 Metaspace       used 24182K, capacity 24575K, committed 24832K, reserved 26624K
}
Event: 2894.759 GC heap after
{Heap after GC invocations=1767 (full 7):
 def new generation   total 4594688K, used 220455K [0x00007f626c600000, 0x00007f63a3f80000, 0x00007f6d170a0000)
  eden space 4084224K,   0% used [0x00007f626c600000, 0x00007f626c600000, 0x00007f6365a80000)
  from space 510464K,  43% used [0x00007f6365a80000, 0x00007f63731c9f60, 0x00007f6384d00000)
  to   space 510464K,   0% used [0x00007f6384d00000, 0x00007f6384d00000, 0x00007f63a3f80000)
 tenured generation   total 10210216K, used 10168025K [0x00007f6d170a0000, 0x00007f6f8638a000, 0x00007f826c600000)
   the space 10210216K,  99% used [0x00007f6d170a0000, 0x00007f6f83a56508, 0x00007f6f83a56600, 0x00007f6f8638a000)
 Metaspace       used 24182K, capacity 24575K, committed 24832K, reserved 26624K
}
Event: 2898.990 GC heap before
{Heap before GC invocations=1767 (full 7):
 def new generation   total 4594688K, used 4304679K [0x00007f626c600000, 0x00007f63a3f80000, 0x00007f6d170a0000)
  eden space 4084224K, 100% used [0x00007f626c600000, 0x00007f6365a80000, 0x00007f6365a80000)
  from space 510464K,  43% used [0x00007f6365a80000, 0x00007f63731c9f60, 0x00007f6384d00000)
  to   space 510464K,   0% used [0x00007f6384d00000, 0x00007f6384d00000, 0x00007f63a3f80000)
 tenured generation   total 10210216K, used 10168025K [0x00007f6d170a0000, 0x00007f6f8638a000, 0x00007f826c600000)
   the space 10210216K,  99% used [0x00007f6d170a0000, 0x00007f6f83a56508, 0x00007f6f83a56600, 0x00007f6f8638a000)
 Metaspace       used 24182K, capacity 24575K, committed 24832K, reserved 26624K
}
Event: 2899.137 GC heap after
{Heap after GC invocations=1768 (full 7):
 def new generation   total 4594688K, used 235359K [0x00007f626c600000, 0x00007f63a3f80000, 0x00007f6d170a0000)
  eden space 4084224K,   0% used [0x00007f626c600000, 0x00007f626c600000, 0x00007f6365a80000)
  from space 510464K,  46% used [0x00007f6384d00000, 0x00007f63932d7cb0, 0x00007f63a3f80000)
  to   space 510464K,   0% used [0x00007f6365a80000, 0x00007f6365a80000, 0x00007f6384d00000)
 tenured generation   total 10210216K, used 10168025K [0x00007f6d170a0000, 0x00007f6f8638a000, 0x00007f826c600000)
   the space 10210216K,  99% used [0x00007f6d170a0000, 0x00007f6f83a56508, 0x00007f6f83a56600, 0x00007f6f8638a000)
 Metaspace       used 24182K, capacity 24575K, committed 24832K, reserved 26624K
}
Event: 2903.177 GC heap before
{Heap before GC invocations=1768 (full 7):
 def new generation   total 4594688K, used 4305208K [0x00007f626c600000, 0x00007f63a3f80000, 0x00007f6d170a0000)
  eden space 4084224K,  99% used [0x00007f626c600000, 0x00007f6364c76578, 0x00007f6365a80000)
  from space 510464K,  46% used [0x00007f6384d00000, 0x00007f63932d7cb0, 0x00007f63a3f80000)
  to   space 510464K,   0% used [0x00007f6365a80000, 0x00007f6365a80000, 0x00007f6384d00000)
 tenured generation   total 10210216K, used 10168025K [0x00007f6d170a0000, 0x00007f6f8638a000, 0x00007f826c600000)
   the space 10210216K,  99% used [0x00007f6d170a0000, 0x00007f6f83a56508, 0x00007f6f83a56600, 0x00007f6f8638a000)
 Metaspace       used 24182K, capacity 24575K, committed 24832K, reserved 26624K
}
Event: 2903.353 GC heap after
{Heap after GC invocations=1769 (full 7):
 def new generation   total 4594688K, used 229213K [0x00007f626c600000, 0x00007f63a3f80000, 0x00007f6d170a0000)
  eden space 4084224K,   0% used [0x00007f626c600000, 0x00007f626c600000, 0x00007f6365a80000)
  from space 510464K,  44% used [0x00007f6365a80000, 0x00007f6373a57518, 0x00007f6384d00000)
  to   space 510464K,   0% used [0x00007f6384d00000, 0x00007f6384d00000, 0x00007f63a3f80000)
 tenured generation   total 10210216K, used 10184984K [0x00007f6d170a0000, 0x00007f6f8638a000, 0x00007f826c600000)
   the space 10210216K,  99% used [0x00007f6d170a0000, 0x00007f6f84ae6110, 0x00007f6f84ae6200, 0x00007f6f8638a000)
 Metaspace       used 24182K, capacity 24575K, committed 24832K, reserved 26624K
}
Event: 2907.400 GC heap before
{Heap before GC invocations=1769 (full 7):
 def new generation   total 4594688K, used 4313437K [0x00007f626c600000, 0x00007f63a3f80000, 0x00007f6d170a0000)
  eden space 4084224K, 100% used [0x00007f626c600000, 0x00007f6365a80000, 0x00007f6365a80000)
  from space 510464K,  44% used [0x00007f6365a80000, 0x00007f6373a57518, 0x00007f6384d00000)
  to   space 510464K,   0% used [0x00007f6384d00000, 0x00007f6384d00000, 0x00007f63a3f80000)
 tenured generation   total 10210216K, used 10184984K [0x00007f6d170a0000, 0x00007f6f8638a000, 0x00007f826c600000)
   the space 10210216K,  99% used [0x00007f6d170a0000, 0x00007f6f84ae6110, 0x00007f6f84ae6200, 0x00007f6f8638a000)
 Metaspace       used 24182K, capacity 24575K, committed 24832K, reserved 26624K
}
Event: 2907.563 GC heap after
{Heap after GC invocations=1770 (full 7):
 def new generation   total 4594688K, used 223556K [0x00007f626c600000, 0x00007f63a3f80000, 0x00007f6d170a0000)
  eden space 4084224K,   0% used [0x00007f626c600000, 0x00007f626c600000, 0x00007f6365a80000)
  from space 510464K,  43% used [0x00007f6384d00000, 0x00007f6392751010, 0x00007f63a3f80000)
  to   space 510464K,   0% used [0x00007f6365a80000, 0x00007f6365a80000, 0x00007f6384d00000)
 tenured generation   total 10210216K, used 10201943K [0x00007f6d170a0000, 0x00007f6f8638a000, 0x00007f826c600000)
   the space 10210216K,  99% used [0x00007f6d170a0000, 0x00007f6f85b75d18, 0x00007f6f85b75e00, 0x00007f6f8638a000)
 Metaspace       used 24182K, capacity 24575K, committed 24832K, reserved 26624K
}
Event: 2911.509 GC heap before
{Heap before GC invocations=1770 (full 7):
 def new generation   total 4594688K, used 4307780K [0x00007f626c600000, 0x00007f63a3f80000, 0x00007f6d170a0000)
  eden space 4084224K, 100% used [0x00007f626c600000, 0x00007f6365a80000, 0x00007f6365a80000)
  from space 510464K,  43% used [0x00007f6384d00000, 0x00007f6392751010, 0x00007f63a3f80000)
  to   space 510464K,   0% used [0x00007f6365a80000, 0x00007f6365a80000, 0x00007f6384d00000)
 tenured generation   total 10210216K, used 10201943K [0x00007f6d170a0000, 0x00007f6f8638a000, 0x00007f826c600000)
   the space 10210216K,  99% used [0x00007f6d170a0000, 0x00007f6f85b75d18, 0x00007f6f85b75e00, 0x00007f6f8638a000)
 Metaspace       used 24182K, capacity 24575K, committed 24832K, reserved 26624K
}
Event: 2911.710 GC heap after
{Heap after GC invocations=1771 (full 7):
 def new generation   total 4594688K, used 220961K [0x00007f626c600000, 0x00007f63a3f80000, 0x00007f6d170a0000)
  eden space 4084224K,   0% used [0x00007f626c600000, 0x00007f626c600000, 0x00007f6365a80000)
  from space 510464K,  43% used [0x00007f6365a80000, 0x00007f6373248788, 0x00007f6384d00000)
  to   space 510464K,   0% used [0x00007f6384d00000, 0x00007f6384d00000, 0x00007f63a3f80000)
 tenured generation   total 10226604K, used 10218902K [0x00007f6d170a0000, 0x00007f6f8738b000, 0x00007f826c600000)
   the space 10226604K,  99% used [0x00007f6d170a0000, 0x00007f6f86c05920, 0x00007f6f86c05a00, 0x00007f6f8738b000)
 Metaspace       used 24182K, capacity 24575K, committed 24832K, reserved 26624K
}
Event: 2911.710 GC heap before
{Heap before GC invocations=1771 (full 7):
 def new generation   total 4594688K, used 220961K [0x00007f626c600000, 0x00007f63a3f80000, 0x00007f6d170a0000)
  eden space 4084224K,   0% used [0x00007f626c600000, 0x00007f626c600000, 0x00007f6365a80000)
  from space 510464K,  43% used [0x00007f6365a80000, 0x00007f6373248788, 0x00007f6384d00000)
  to   space 510464K,   0% used [0x00007f6384d00000, 0x00007f6384d00000, 0x00007f63a3f80000)
 tenured generation   total 10226604K, used 10218902K [0x00007f6d170a0000, 0x00007f6f8738b000, 0x00007f826c600000)
   the space 10226604K,  99% used [0x00007f6d170a0000, 0x00007f6f86c05920, 0x00007f6f86c05a00, 0x00007f6f8738b000)
 Metaspace       used 24182K, capacity 24575K, committed 24832K, reserved 26624K
}

