# JRE version: OpenJDK Runtime Environment (13.0.7+5) (build 13.0.7+5-Ubuntu-0ubuntu120.04)
# Java VM: OpenJDK 64-Bit Server VM (13.0.7+5-Ubuntu-0ubuntu120.04, mixed mode, tiered, serial gc, linux-amd64)
Heap:
 def new generation   total 3039296K, used 150604K [0x00007fc61c600000, 0x00007fc6ea7d0000, 0x00007fcb71b50000)
  eden space 2701632K,   5% used [0x00007fc61c600000, 0x00007fc6259131a0, 0x00007fc6c1450000)
  from space 337664K,   0% used [0x00007fc6d5e10000, 0x00007fc6d5e10000, 0x00007fc6ea7d0000)
  to   space 337664K,   0% used [0x00007fc6c1450000, 0x00007fc6c1450000, 0x00007fc6d5e10000)
 tenured generation   total 7941200K, used 7941200K [0x00007fcb71b50000, 0x00007fcd56664000, 0x00007fd61c600000)
   the space 7941200K, 100% used [0x00007fcb71b50000, 0x00007fcd56664000, 0x00007fcd56664000, 0x00007fcd56664000)
 Metaspace       used 30588K, capacity 31050K, committed 31232K, reserved 32768K
GC Heap History (20 events):
Event: 79.979 GC heap after
{Heap after GC invocations=62 (full 4):
 def new generation   total 3039296K, used 220909K [0x00007fc61c600000, 0x00007fc6ea7d0000, 0x00007fcb71b50000)
  eden space 2701632K,   0% used [0x00007fc61c600000, 0x00007fc61c600000, 0x00007fc6c1450000)
  from space 337664K,  65% used [0x00007fc6c1450000, 0x00007fc6cec0b508, 0x00007fc6d5e10000)
  to   space 337664K,   0% used [0x00007fc6d5e10000, 0x00007fc6d5e10000, 0x00007fc6ea7d0000)
 tenured generation   total 6753872K, used 4727619K [0x00007fcb71b50000, 0x00007fcd0dee4000, 0x00007fd61c600000)
   the space 6753872K,  69% used [0x00007fcb71b50000, 0x00007fcc92420df0, 0x00007fcc92420e00, 0x00007fcd0dee4000)
 Metaspace       used 30588K, capacity 31050K, committed 31232K, reserved 32768K
}
Event: 80.679 GC heap before
{Heap before GC invocations=62 (full 4):
 def new generation   total 3039296K, used 2922541K [0x00007fc61c600000, 0x00007fc6ea7d0000, 0x00007fcb71b50000)
  eden space 2701632K, 100% used [0x00007fc61c600000, 0x00007fc6c1450000, 0x00007fc6c1450000)
  from space 337664K,  65% used [0x00007fc6c1450000, 0x00007fc6cec0b508, 0x00007fc6d5e10000)
  to   space 337664K,   0% used [0x00007fc6d5e10000, 0x00007fc6d5e10000, 0x00007fc6ea7d0000)
 tenured generation   total 6753872K, used 4727619K [0x00007fcb71b50000, 0x00007fcd0dee4000, 0x00007fd61c600000)
   the space 6753872K,  69% used [0x00007fcb71b50000, 0x00007fcc92420df0, 0x00007fcc92420e00, 0x00007fcd0dee4000)
 Metaspace       used 30588K, capacity 31050K, committed 31232K, reserved 32768K
}
Event: 81.454 GC heap after
{Heap after GC invocations=63 (full 4):
 def new generation   total 3039296K, used 236259K [0x00007fc61c600000, 0x00007fc6ea7d0000, 0x00007fcb71b50000)
  eden space 2701632K,   0% used [0x00007fc61c600000, 0x00007fc61c600000, 0x00007fc6c1450000)
  from space 337664K,  69% used [0x00007fc6d5e10000, 0x00007fc6e44c8e68, 0x00007fc6ea7d0000)
  to   space 337664K,   0% used [0x00007fc6c1450000, 0x00007fc6c1450000, 0x00007fc6d5e10000)
 tenured generation   total 6753872K, used 4948527K [0x00007fcb71b50000, 0x00007fcd0dee4000, 0x00007fd61c600000)
   the space 6753872K,  73% used [0x00007fcb71b50000, 0x00007fcc9fbdbea8, 0x00007fcc9fbdc000, 0x00007fcd0dee4000)
 Metaspace       used 30588K, capacity 31050K, committed 31232K, reserved 32768K
}
Event: 82.149 GC heap before
{Heap before GC invocations=63 (full 4):
 def new generation   total 3039296K, used 2937891K [0x00007fc61c600000, 0x00007fc6ea7d0000, 0x00007fcb71b50000)
  eden space 2701632K, 100% used [0x00007fc61c600000, 0x00007fc6c1450000, 0x00007fc6c1450000)
  from space 337664K,  69% used [0x00007fc6d5e10000, 0x00007fc6e44c8e68, 0x00007fc6ea7d0000)
  to   space 337664K,   0% used [0x00007fc6c1450000, 0x00007fc6c1450000, 0x00007fc6d5e10000)
 tenured generation   total 6753872K, used 4948527K [0x00007fcb71b50000, 0x00007fcd0dee4000, 0x00007fd61c600000)
   the space 6753872K,  73% used [0x00007fcb71b50000, 0x00007fcc9fbdbea8, 0x00007fcc9fbdc000, 0x00007fcd0dee4000)
 Metaspace       used 30588K, capacity 31050K, committed 31232K, reserved 32768K
}
Event: 82.911 GC heap after
{Heap after GC invocations=64 (full 4):
 def new generation   total 3039296K, used 214150K [0x00007fc61c600000, 0x00007fc6ea7d0000, 0x00007fcb71b50000)
  eden space 2701632K,   0% used [0x00007fc61c600000, 0x00007fc61c600000, 0x00007fc6c1450000)
  from space 337664K,  63% used [0x00007fc6c1450000, 0x00007fc6ce571b30, 0x00007fc6d5e10000)
  to   space 337664K,   0% used [0x00007fc6d5e10000, 0x00007fc6d5e10000, 0x00007fc6ea7d0000)
 tenured generation   total 6753872K, used 5184786K [0x00007fcb71b50000, 0x00007fcd0dee4000, 0x00007fd61c600000)
   the space 6753872K,  76% used [0x00007fcb71b50000, 0x00007fccae294a30, 0x00007fccae294c00, 0x00007fcd0dee4000)
 Metaspace       used 30588K, capacity 31050K, committed 31232K, reserved 32768K
}
Event: 83.591 GC heap before
{Heap before GC invocations=64 (full 4):
 def new generation   total 3039296K, used 2915782K [0x00007fc61c600000, 0x00007fc6ea7d0000, 0x00007fcb71b50000)
  eden space 2701632K, 100% used [0x00007fc61c600000, 0x00007fc6c1450000, 0x00007fc6c1450000)
  from space 337664K,  63% used [0x00007fc6c1450000, 0x00007fc6ce571b30, 0x00007fc6d5e10000)
  to   space 337664K,   0% used [0x00007fc6d5e10000, 0x00007fc6d5e10000, 0x00007fc6ea7d0000)
 tenured generation   total 6753872K, used 5184786K [0x00007fcb71b50000, 0x00007fcd0dee4000, 0x00007fd61c600000)
   the space 6753872K,  76% used [0x00007fcb71b50000, 0x00007fccae294a30, 0x00007fccae294c00, 0x00007fcd0dee4000)
 Metaspace       used 30588K, capacity 31050K, committed 31232K, reserved 32768K
}
Event: 84.485 GC heap after
{Heap after GC invocations=65 (full 4):
 def new generation   total 3039296K, used 245978K [0x00007fc61c600000, 0x00007fc6ea7d0000, 0x00007fcb71b50000)
  eden space 2701632K,   0% used [0x00007fc61c600000, 0x00007fc61c600000, 0x00007fc6c1450000)
  from space 337664K,  72% used [0x00007fc6d5e10000, 0x00007fc6e4e46820, 0x00007fc6ea7d0000)
  to   space 337664K,   0% used [0x00007fc6c1450000, 0x00007fc6c1450000, 0x00007fc6d5e10000)
 tenured generation   total 6753872K, used 5398936K [0x00007fcb71b50000, 0x00007fcd0dee4000, 0x00007fd61c600000)
   the space 6753872K,  79% used [0x00007fcb71b50000, 0x00007fccbb3b6110, 0x00007fccbb3b6200, 0x00007fcd0dee4000)
 Metaspace       used 30588K, capacity 31050K, committed 31232K, reserved 32768K
}
Event: 85.167 GC heap before
{Heap before GC invocations=65 (full 4):
 def new generation   total 3039296K, used 2947610K [0x00007fc61c600000, 0x00007fc6ea7d0000, 0x00007fcb71b50000)
  eden space 2701632K, 100% used [0x00007fc61c600000, 0x00007fc6c1450000, 0x00007fc6c1450000)
  from space 337664K,  72% used [0x00007fc6d5e10000, 0x00007fc6e4e46820, 0x00007fc6ea7d0000)
  to   space 337664K,   0% used [0x00007fc6c1450000, 0x00007fc6c1450000, 0x00007fc6d5e10000)
 tenured generation   total 6753872K, used 5398936K [0x00007fcb71b50000, 0x00007fcd0dee4000, 0x00007fd61c600000)
   the space 6753872K,  79% used [0x00007fcb71b50000, 0x00007fccbb3b6110, 0x00007fccbb3b6200, 0x00007fcd0dee4000)
 Metaspace       used 30588K, capacity 31050K, committed 31232K, reserved 32768K
}
Event: 85.953 GC heap after
{Heap after GC invocations=66 (full 4):
 def new generation   total 3039296K, used 221625K [0x00007fc61c600000, 0x00007fc6ea7d0000, 0x00007fcb71b50000)
  eden space 2701632K,   0% used [0x00007fc61c600000, 0x00007fc61c600000, 0x00007fc6c1450000)
  from space 337664K,  65% used [0x00007fc6c1450000, 0x00007fc6cecbe7c8, 0x00007fc6d5e10000)
  to   space 337664K,   0% used [0x00007fc6d5e10000, 0x00007fc6d5e10000, 0x00007fc6ea7d0000)
 tenured generation   total 6753872K, used 5644913K [0x00007fcb71b50000, 0x00007fcd0dee4000, 0x00007fd61c600000)
   the space 6753872K,  83% used [0x00007fcb71b50000, 0x00007fccca3ec630, 0x00007fccca3ec800, 0x00007fcd0dee4000)
 Metaspace       used 30588K, capacity 31050K, committed 31232K, reserved 32768K
}
Event: 86.621 GC heap before
{Heap before GC invocations=66 (full 4):
 def new generation   total 3039296K, used 2923257K [0x00007fc61c600000, 0x00007fc6ea7d0000, 0x00007fcb71b50000)
  eden space 2701632K, 100% used [0x00007fc61c600000, 0x00007fc6c1450000, 0x00007fc6c1450000)
  from space 337664K,  65% used [0x00007fc6c1450000, 0x00007fc6cecbe7c8, 0x00007fc6d5e10000)
  to   space 337664K,   0% used [0x00007fc6d5e10000, 0x00007fc6d5e10000, 0x00007fc6ea7d0000)
 tenured generation   total 6753872K, used 5644913K [0x00007fcb71b50000, 0x00007fcd0dee4000, 0x00007fd61c600000)
   the space 6753872K,  83% used [0x00007fcb71b50000, 0x00007fccca3ec630, 0x00007fccca3ec800, 0x00007fcd0dee4000)
 Metaspace       used 30588K, capacity 31050K, committed 31232K, reserved 32768K
}
Event: 87.359 GC heap after
{Heap after GC invocations=67 (full 4):
 def new generation   total 3039296K, used 224452K [0x00007fc61c600000, 0x00007fc6ea7d0000, 0x00007fcb71b50000)
  eden space 2701632K,   0% used [0x00007fc61c600000, 0x00007fc61c600000, 0x00007fc6c1450000)
  from space 337664K,  66% used [0x00007fc6d5e10000, 0x00007fc6e3941178, 0x00007fc6ea7d0000)
  to   space 337664K,   0% used [0x00007fc6c1450000, 0x00007fc6c1450000, 0x00007fc6d5e10000)
 tenured generation   total 6753872K, used 5866538K [0x00007fcb71b50000, 0x00007fcd0dee4000, 0x00007fd61c600000)
   the space 6753872K,  86% used [0x00007fcb71b50000, 0x00007fccd7c5a8f8, 0x00007fccd7c5aa00, 0x00007fcd0dee4000)
 Metaspace       used 30588K, capacity 31050K, committed 31232K, reserved 32768K
}
Event: 88.073 GC heap before
{Heap before GC invocations=67 (full 4):
 def new generation   total 3039296K, used 2926084K [0x00007fc61c600000, 0x00007fc6ea7d0000, 0x00007fcb71b50000)
  eden space 2701632K, 100% used [0x00007fc61c600000, 0x00007fc6c1450000, 0x00007fc6c1450000)
  from space 337664K,  66% used [0x00007fc6d5e10000, 0x00007fc6e3941178, 0x00007fc6ea7d0000)
  to   space 337664K,   0% used [0x00007fc6c1450000, 0x00007fc6c1450000, 0x00007fc6d5e10000)
 tenured generation   total 6753872K, used 5866538K [0x00007fcb71b50000, 0x00007fcd0dee4000, 0x00007fd61c600000)
   the space 6753872K,  86% used [0x00007fcb71b50000, 0x00007fccd7c5a8f8, 0x00007fccd7c5aa00, 0x00007fcd0dee4000)
 Metaspace       used 30588K, capacity 31050K, committed 31232K, reserved 32768K
}
Event: 88.864 GC heap after
{Heap after GC invocations=68 (full 4):
 def new generation   total 3039296K, used 253772K [0x00007fc61c600000, 0x00007fc6ea7d0000, 0x00007fcb71b50000)
  eden space 2701632K,   0% used [0x00007fc61c600000, 0x00007fc61c600000, 0x00007fc6c1450000)
  from space 337664K,  75% used [0x00007fc6c1450000, 0x00007fc6d0c231e8, 0x00007fc6d5e10000)
  to   space 337664K,   0% used [0x00007fc6d5e10000, 0x00007fc6d5e10000, 0x00007fc6ea7d0000)
 tenured generation   total 6753872K, used 6090990K [0x00007fcb71b50000, 0x00007fcd0dee4000, 0x00007fd61c600000)
   the space 6753872K,  90% used [0x00007fcb71b50000, 0x00007fcce578ba70, 0x00007fcce578bc00, 0x00007fcd0dee4000)
 Metaspace       used 30588K, capacity 31050K, committed 31232K, reserved 32768K
}
Event: 89.572 GC heap before
{Heap before GC invocations=68 (full 4):
 def new generation   total 3039296K, used 2955404K [0x00007fc61c600000, 0x00007fc6ea7d0000, 0x00007fcb71b50000)
  eden space 2701632K, 100% used [0x00007fc61c600000, 0x00007fc6c1450000, 0x00007fc6c1450000)
  from space 337664K,  75% used [0x00007fc6c1450000, 0x00007fc6d0c231e8, 0x00007fc6d5e10000)
  to   space 337664K,   0% used [0x00007fc6d5e10000, 0x00007fc6d5e10000, 0x00007fc6ea7d0000)
 tenured generation   total 6753872K, used 6090990K [0x00007fcb71b50000, 0x00007fcd0dee4000, 0x00007fd61c600000)
   the space 6753872K,  90% used [0x00007fcb71b50000, 0x00007fcce578ba70, 0x00007fcce578bc00, 0x00007fcd0dee4000)
 Metaspace       used 30588K, capacity 31050K, committed 31232K, reserved 32768K
}
Event: 90.309 GC heap after
{Heap after GC invocations=69 (full 4):
 def new generation   total 3039296K, used 229149K [0x00007fc61c600000, 0x00007fc6ea7d0000, 0x00007fcb71b50000)
  eden space 2701632K,   0% used [0x00007fc61c600000, 0x00007fc61c600000, 0x00007fc6c1450000)
  from space 337664K,  67% used [0x00007fc6d5e10000, 0x00007fc6e3dd7660, 0x00007fc6ea7d0000)
  to   space 337664K,   0% used [0x00007fc6c1450000, 0x00007fc6c1450000, 0x00007fc6d5e10000)
 tenured generation   total 6753872K, used 6344763K [0x00007fcb71b50000, 0x00007fcd0dee4000, 0x00007fd61c600000)
   the space 6753872K,  93% used [0x00007fcb71b50000, 0x00007fccf4f5ec58, 0x00007fccf4f5ee00, 0x00007fcd0dee4000)
 Metaspace       used 30588K, capacity 31050K, committed 31232K, reserved 32768K
}
Event: 91.087 GC heap before
{Heap before GC invocations=69 (full 4):
 def new generation   total 3039296K, used 2930781K [0x00007fc61c600000, 0x00007fc6ea7d0000, 0x00007fcb71b50000)
  eden space 2701632K, 100% used [0x00007fc61c600000, 0x00007fc6c1450000, 0x00007fc6c1450000)
  from space 337664K,  67% used [0x00007fc6d5e10000, 0x00007fc6e3dd7660, 0x00007fc6ea7d0000)
  to   space 337664K,   0% used [0x00007fc6c1450000, 0x00007fc6c1450000, 0x00007fc6d5e10000)
 tenured generation   total 6753872K, used 6344763K [0x00007fcb71b50000, 0x00007fcd0dee4000, 0x00007fd61c600000)
   the space 6753872K,  93% used [0x00007fcb71b50000, 0x00007fccf4f5ec58, 0x00007fccf4f5ee00, 0x00007fcd0dee4000)
 Metaspace       used 30588K, capacity 31050K, committed 31232K, reserved 32768K
}
Event: 92.002 GC heap after
{Heap after GC invocations=70 (full 4):
 def new generation   total 3039296K, used 311930K [0x00007fc61c600000, 0x00007fc6ea7d0000, 0x00007fcb71b50000)
  eden space 2701632K,   0% used [0x00007fc61c600000, 0x00007fc61c600000, 0x00007fc6c1450000)
  from space 337664K,  92% used [0x00007fc6c1450000, 0x00007fc6d44eea98, 0x00007fc6d5e10000)
  to   space 337664K,   0% used [0x00007fc6d5e10000, 0x00007fc6d5e10000, 0x00007fc6ea7d0000)
 tenured generation   total 6753872K, used 6573911K [0x00007fcb71b50000, 0x00007fcd0dee4000, 0x00007fd61c600000)
   the space 6753872K,  97% used [0x00007fcb71b50000, 0x00007fcd02f25ed8, 0x00007fcd02f26000, 0x00007fcd0dee4000)
 Metaspace       used 30588K, capacity 31050K, committed 31232K, reserved 32768K
}
Event: 163.932 GC heap before
{Heap before GC invocations=70 (full 4):
 def new generation   total 3039296K, used 3013562K [0x00007fc61c600000, 0x00007fc6ea7d0000, 0x00007fcb71b50000)
  eden space 2701632K, 100% used [0x00007fc61c600000, 0x00007fc6c1450000, 0x00007fc6c1450000)
  from space 337664K,  92% used [0x00007fc6c1450000, 0x00007fc6d44eea98, 0x00007fc6d5e10000)
  to   space 337664K,   0% used [0x00007fc6d5e10000, 0x00007fc6d5e10000, 0x00007fc6ea7d0000)
 tenured generation   total 6753872K, used 6573911K [0x00007fcb71b50000, 0x00007fcd0dee4000, 0x00007fd61c600000)
   the space 6753872K,  97% used [0x00007fcb71b50000, 0x00007fcd02f25ed8, 0x00007fcd02f26000, 0x00007fcd0dee4000)
 Metaspace       used 30588K, capacity 31050K, committed 31232K, reserved 32768K
}
Event: 175.474 GC heap after
{Heap after GC invocations=71 (full 4):
 def new generation   total 3039296K, used 337664K [0x00007fc61c600000, 0x00007fc6ea7d0000, 0x00007fcb71b50000)
  eden space 2701632K,   0% used [0x00007fc61c600000, 0x00007fc61c600000, 0x00007fc6c1450000)
  from space 337664K, 100% used [0x00007fc6d5e10000, 0x00007fc6ea7d0000, 0x00007fc6ea7d0000)
  to   space 337664K,   0% used [0x00007fc6c1450000, 0x00007fc6c1450000, 0x00007fc6d5e10000)
 tenured generation   total 7941200K, used 7941140K [0x00007fcb71b50000, 0x00007fcd56664000, 0x00007fd61c600000)
   the space 7941200K,  99% used [0x00007fcb71b50000, 0x00007fcd566552e0, 0x00007fcd56655400, 0x00007fcd56664000)
 Metaspace       used 30588K, capacity 31050K, committed 31232K, reserved 32768K
}
Event: 175.475 GC heap before
{Heap before GC invocations=71 (full 4):
 def new generation   total 3039296K, used 337664K [0x00007fc61c600000, 0x00007fc6ea7d0000, 0x00007fcb71b50000)
  eden space 2701632K,   0% used [0x00007fc61c600000, 0x00007fc61c600000, 0x00007fc6c1450000)
  from space 337664K, 100% used [0x00007fc6d5e10000, 0x00007fc6ea7d0000, 0x00007fc6ea7d0000)
  to   space 337664K,   0% used [0x00007fc6c1450000, 0x00007fc6c1450000, 0x00007fc6d5e10000)
 tenured generation   total 7941200K, used 7941140K [0x00007fcb71b50000, 0x00007fcd56664000, 0x00007fd61c600000)
   the space 7941200K,  99% used [0x00007fcb71b50000, 0x00007fcd566552e0, 0x00007fcd56655400, 0x00007fcd56664000)
 Metaspace       used 30588K, capacity 31050K, committed 31232K, reserved 32768K
}

