# JRE version: OpenJDK Runtime Environment (13.0.7+5) (build 13.0.7+5-Ubuntu-0ubuntu120.04)
# Java VM: OpenJDK 64-Bit Server VM (13.0.7+5-Ubuntu-0ubuntu120.04, mixed mode, tiered, serial gc, linux-amd64)
Heap:
 def new generation   total 9575040K, used 436625K [0x00007fccd4600000, 0x00007fcf5db90000, 0x00007fd229b50000)
  eden space 8511168K,   5% used [0x00007fccd4600000, 0x00007fccef0644d0, 0x00007fcedbdb0000)
  from space 1063872K,   0% used [0x00007fcedbdb0000, 0x00007fcedbdb0000, 0x00007fcf1cca0000)
  to   space 1063872K,   0% used [0x00007fcf1cca0000, 0x00007fcf1cca0000, 0x00007fcf5db90000)
 tenured generation   total 21361216K, used 21361216K [0x00007fd229b50000, 0x00007fd7417e0000, 0x00007fdcd4600000)
   the space 21361216K, 100% used [0x00007fd229b50000, 0x00007fd7417e0000, 0x00007fd7417e0000, 0x00007fd7417e0000)
 Metaspace       used 30393K, capacity 30856K, committed 31232K, reserved 32768K
GC Heap History (20 events):
Event: 811.607 GC heap after
{Heap after GC invocations=163 (full 13):
 def new generation   total 9575040K, used 872668K [0x00007fccd4600000, 0x00007fcf5db90000, 0x00007fd229b50000)
  eden space 8511168K,   0% used [0x00007fccd4600000, 0x00007fccd4600000, 0x00007fcedbdb0000)
  from space 1063872K,  82% used [0x00007fcf1cca0000, 0x00007fcf520d7010, 0x00007fcf5db90000)
  to   space 1063872K,   0% used [0x00007fcedbdb0000, 0x00007fcedbdb0000, 0x00007fcf1cca0000)
 tenured generation   total 21277696K, used 14407354K [0x00007fd229b50000, 0x00007fd73c650000, 0x00007fdcd4600000)
   the space 21277696K,  67% used [0x00007fd229b50000, 0x00007fd5990fe9d0, 0x00007fd5990fea00, 0x00007fd73c650000)
 Metaspace       used 30393K, capacity 30856K, committed 31232K, reserved 32768K
}
Event: 814.159 GC heap before
{Heap before GC invocations=163 (full 13):
 def new generation   total 9575040K, used 9383836K [0x00007fccd4600000, 0x00007fcf5db90000, 0x00007fd229b50000)
  eden space 8511168K, 100% used [0x00007fccd4600000, 0x00007fcedbdb0000, 0x00007fcedbdb0000)
  from space 1063872K,  82% used [0x00007fcf1cca0000, 0x00007fcf520d7010, 0x00007fcf5db90000)
  to   space 1063872K,   0% used [0x00007fcedbdb0000, 0x00007fcedbdb0000, 0x00007fcf1cca0000)
 tenured generation   total 21277696K, used 14407354K [0x00007fd229b50000, 0x00007fd73c650000, 0x00007fdcd4600000)
   the space 21277696K,  67% used [0x00007fd229b50000, 0x00007fd5990fe9d0, 0x00007fd5990fea00, 0x00007fd73c650000)
 Metaspace       used 30393K, capacity 30856K, committed 31232K, reserved 32768K
}
Event: 817.568 GC heap after
{Heap after GC invocations=164 (full 13):
 def new generation   total 9575040K, used 991080K [0x00007fccd4600000, 0x00007fcf5db90000, 0x00007fd229b50000)
  eden space 8511168K,   0% used [0x00007fccd4600000, 0x00007fccd4600000, 0x00007fcedbdb0000)
  from space 1063872K,  93% used [0x00007fcedbdb0000, 0x00007fcf1858a150, 0x00007fcf1cca0000)
  to   space 1063872K,   0% used [0x00007fcf1cca0000, 0x00007fcf1cca0000, 0x00007fcf5db90000)
 tenured generation   total 21277696K, used 15280022K [0x00007fd229b50000, 0x00007fd73c650000, 0x00007fdcd4600000)
   the space 21277696K,  71% used [0x00007fd229b50000, 0x00007fd5ce535920, 0x00007fd5ce535a00, 0x00007fd73c650000)
 Metaspace       used 30393K, capacity 30856K, committed 31232K, reserved 32768K
}
Event: 820.421 GC heap before
{Heap before GC invocations=164 (full 13):
 def new generation   total 9575040K, used 9502248K [0x00007fccd4600000, 0x00007fcf5db90000, 0x00007fd229b50000)
  eden space 8511168K, 100% used [0x00007fccd4600000, 0x00007fcedbdb0000, 0x00007fcedbdb0000)
  from space 1063872K,  93% used [0x00007fcedbdb0000, 0x00007fcf1858a150, 0x00007fcf1cca0000)
  to   space 1063872K,   0% used [0x00007fcf1cca0000, 0x00007fcf1cca0000, 0x00007fcf5db90000)
 tenured generation   total 21277696K, used 15280022K [0x00007fd229b50000, 0x00007fd73c650000, 0x00007fdcd4600000)
   the space 21277696K,  71% used [0x00007fd229b50000, 0x00007fd5ce535920, 0x00007fd5ce535a00, 0x00007fd73c650000)
 Metaspace       used 30393K, capacity 30856K, committed 31232K, reserved 32768K
}
Event: 823.224 GC heap after
{Heap after GC invocations=165 (full 13):
 def new generation   total 9575040K, used 606889K [0x00007fccd4600000, 0x00007fcf5db90000, 0x00007fd229b50000)
  eden space 8511168K,   0% used [0x00007fccd4600000, 0x00007fccd4600000, 0x00007fcedbdb0000)
  from space 1063872K,  57% used [0x00007fcf1cca0000, 0x00007fcf41d4a4e0, 0x00007fcf5db90000)
  to   space 1063872K,   0% used [0x00007fcedbdb0000, 0x00007fcedbdb0000, 0x00007fcf1cca0000)
 tenured generation   total 21277696K, used 16271101K [0x00007fd229b50000, 0x00007fd73c650000, 0x00007fdcd4600000)
   the space 21277696K,  76% used [0x00007fd229b50000, 0x00007fd60ad0f6f0, 0x00007fd60ad0f800, 0x00007fd73c650000)
 Metaspace       used 30393K, capacity 30856K, committed 31232K, reserved 32768K
}
Event: 825.853 GC heap before
{Heap before GC invocations=165 (full 13):
 def new generation   total 9575040K, used 9118057K [0x00007fccd4600000, 0x00007fcf5db90000, 0x00007fd229b50000)
  eden space 8511168K, 100% used [0x00007fccd4600000, 0x00007fcedbdb0000, 0x00007fcedbdb0000)
  from space 1063872K,  57% used [0x00007fcf1cca0000, 0x00007fcf41d4a4e0, 0x00007fcf5db90000)
  to   space 1063872K,   0% used [0x00007fcedbdb0000, 0x00007fcedbdb0000, 0x00007fcf1cca0000)
 tenured generation   total 21277696K, used 16271101K [0x00007fd229b50000, 0x00007fd73c650000, 0x00007fdcd4600000)
   the space 21277696K,  76% used [0x00007fd229b50000, 0x00007fd60ad0f6f0, 0x00007fd60ad0f800, 0x00007fd73c650000)
 Metaspace       used 30393K, capacity 30856K, committed 31232K, reserved 32768K
}
Event: 828.496 GC heap after
{Heap after GC invocations=166 (full 13):
 def new generation   total 9575040K, used 611438K [0x00007fccd4600000, 0x00007fcf5db90000, 0x00007fd229b50000)
  eden space 8511168K,   0% used [0x00007fccd4600000, 0x00007fccd4600000, 0x00007fcedbdb0000)
  from space 1063872K,  57% used [0x00007fcedbdb0000, 0x00007fcf012cb920, 0x00007fcf1cca0000)
  to   space 1063872K,   0% used [0x00007fcf1cca0000, 0x00007fcf1cca0000, 0x00007fcf5db90000)
 tenured generation   total 21277696K, used 16877990K [0x00007fd229b50000, 0x00007fd73c650000, 0x00007fdcd4600000)
   the space 21277696K,  79% used [0x00007fd229b50000, 0x00007fd62fdb9970, 0x00007fd62fdb9a00, 0x00007fd73c650000)
 Metaspace       used 30393K, capacity 30856K, committed 31232K, reserved 32768K
}
Event: 831.094 GC heap before
{Heap before GC invocations=166 (full 13):
 def new generation   total 9575040K, used 9122606K [0x00007fccd4600000, 0x00007fcf5db90000, 0x00007fd229b50000)
  eden space 8511168K, 100% used [0x00007fccd4600000, 0x00007fcedbdb0000, 0x00007fcedbdb0000)
  from space 1063872K,  57% used [0x00007fcedbdb0000, 0x00007fcf012cb920, 0x00007fcf1cca0000)
  to   space 1063872K,   0% used [0x00007fcf1cca0000, 0x00007fcf1cca0000, 0x00007fcf5db90000)
 tenured generation   total 21277696K, used 16877990K [0x00007fd229b50000, 0x00007fd73c650000, 0x00007fdcd4600000)
   the space 21277696K,  79% used [0x00007fd229b50000, 0x00007fd62fdb9970, 0x00007fd62fdb9a00, 0x00007fd73c650000)
 Metaspace       used 30393K, capacity 30856K, committed 31232K, reserved 32768K
}
Event: 833.618 GC heap after
{Heap after GC invocations=167 (full 13):
 def new generation   total 9575040K, used 589070K [0x00007fccd4600000, 0x00007fcf5db90000, 0x00007fd229b50000)
  eden space 8511168K,   0% used [0x00007fccd4600000, 0x00007fccd4600000, 0x00007fcedbdb0000)
  from space 1063872K,  55% used [0x00007fcf1cca0000, 0x00007fcf40be39c0, 0x00007fcf5db90000)
  to   space 1063872K,   0% used [0x00007fcedbdb0000, 0x00007fcedbdb0000, 0x00007fcf1cca0000)
 tenured generation   total 21277696K, used 17489428K [0x00007fd229b50000, 0x00007fd73c650000, 0x00007fdcd4600000)
   the space 21277696K,  82% used [0x00007fd229b50000, 0x00007fd6552d5010, 0x00007fd6552d5200, 0x00007fd73c650000)
 Metaspace       used 30393K, capacity 30856K, committed 31232K, reserved 32768K
}
Event: 836.424 GC heap before
{Heap before GC invocations=167 (full 13):
 def new generation   total 9575040K, used 9100238K [0x00007fccd4600000, 0x00007fcf5db90000, 0x00007fd229b50000)
  eden space 8511168K, 100% used [0x00007fccd4600000, 0x00007fcedbdb0000, 0x00007fcedbdb0000)
  from space 1063872K,  55% used [0x00007fcf1cca0000, 0x00007fcf40be39c0, 0x00007fcf5db90000)
  to   space 1063872K,   0% used [0x00007fcedbdb0000, 0x00007fcedbdb0000, 0x00007fcf1cca0000)
 tenured generation   total 21277696K, used 17489428K [0x00007fd229b50000, 0x00007fd73c650000, 0x00007fdcd4600000)
   the space 21277696K,  82% used [0x00007fd229b50000, 0x00007fd6552d5010, 0x00007fd6552d5200, 0x00007fd73c650000)
 Metaspace       used 30393K, capacity 30856K, committed 31232K, reserved 32768K
}
Event: 839.026 GC heap after
{Heap after GC invocations=168 (full 13):
 def new generation   total 9575040K, used 739273K [0x00007fccd4600000, 0x00007fcf5db90000, 0x00007fd229b50000)
  eden space 8511168K,   0% used [0x00007fccd4600000, 0x00007fccd4600000, 0x00007fcedbdb0000)
  from space 1063872K,  69% used [0x00007fcedbdb0000, 0x00007fcf08fa27a8, 0x00007fcf1cca0000)
  to   space 1063872K,   0% used [0x00007fcf1cca0000, 0x00007fcf1cca0000, 0x00007fcf5db90000)
 tenured generation   total 21277696K, used 18078497K [0x00007fd229b50000, 0x00007fd73c650000, 0x00007fdcd4600000)
   the space 21277696K,  84% used [0x00007fd229b50000, 0x00007fd679218700, 0x00007fd679218800, 0x00007fd73c650000)
 Metaspace       used 30393K, capacity 30856K, committed 31232K, reserved 32768K
}
Event: 841.382 GC heap before
{Heap before GC invocations=168 (full 13):
 def new generation   total 9575040K, used 9250441K [0x00007fccd4600000, 0x00007fcf5db90000, 0x00007fd229b50000)
  eden space 8511168K, 100% used [0x00007fccd4600000, 0x00007fcedbdb0000, 0x00007fcedbdb0000)
  from space 1063872K,  69% used [0x00007fcedbdb0000, 0x00007fcf08fa27a8, 0x00007fcf1cca0000)
  to   space 1063872K,   0% used [0x00007fcf1cca0000, 0x00007fcf1cca0000, 0x00007fcf5db90000)
 tenured generation   total 21277696K, used 18078497K [0x00007fd229b50000, 0x00007fd73c650000, 0x00007fdcd4600000)
   the space 21277696K,  84% used [0x00007fd229b50000, 0x00007fd679218700, 0x00007fd679218800, 0x00007fd73c650000)
 Metaspace       used 30393K, capacity 30856K, committed 31232K, reserved 32768K
}
Event: 844.410 GC heap after
{Heap after GC invocations=169 (full 13):
 def new generation   total 9575040K, used 860310K [0x00007fccd4600000, 0x00007fcf5db90000, 0x00007fd229b50000)
  eden space 8511168K,   0% used [0x00007fccd4600000, 0x00007fccd4600000, 0x00007fcedbdb0000)
  from space 1063872K,  80% used [0x00007fcf1cca0000, 0x00007fcf514c5b08, 0x00007fcf5db90000)
  to   space 1063872K,   0% used [0x00007fcedbdb0000, 0x00007fcedbdb0000, 0x00007fcf1cca0000)
 tenured generation   total 21277696K, used 18817771K [0x00007fd229b50000, 0x00007fd73c650000, 0x00007fdcd4600000)
   the space 21277696K,  88% used [0x00007fd229b50000, 0x00007fd6a640ad78, 0x00007fd6a640ae00, 0x00007fd73c650000)
 Metaspace       used 30393K, capacity 30856K, committed 31232K, reserved 32768K
}
Event: 846.777 GC heap before
{Heap before GC invocations=169 (full 13):
 def new generation   total 9575040K, used 9371478K [0x00007fccd4600000, 0x00007fcf5db90000, 0x00007fd229b50000)
  eden space 8511168K, 100% used [0x00007fccd4600000, 0x00007fcedbdb0000, 0x00007fcedbdb0000)
  from space 1063872K,  80% used [0x00007fcf1cca0000, 0x00007fcf514c5b08, 0x00007fcf5db90000)
  to   space 1063872K,   0% used [0x00007fcedbdb0000, 0x00007fcedbdb0000, 0x00007fcf1cca0000)
 tenured generation   total 21277696K, used 18817771K [0x00007fd229b50000, 0x00007fd73c650000, 0x00007fdcd4600000)
   the space 21277696K,  88% used [0x00007fd229b50000, 0x00007fd6a640ad78, 0x00007fd6a640ae00, 0x00007fd73c650000)
 Metaspace       used 30393K, capacity 30856K, committed 31232K, reserved 32768K
}
Event: 850.022 GC heap after
{Heap after GC invocations=170 (full 13):
 def new generation   total 9575040K, used 1001492K [0x00007fccd4600000, 0x00007fcf5db90000, 0x00007fd229b50000)
  eden space 8511168K,   0% used [0x00007fccd4600000, 0x00007fccd4600000, 0x00007fcedbdb0000)
  from space 1063872K,  94% used [0x00007fcedbdb0000, 0x00007fcf18fb5270, 0x00007fcf1cca0000)
  to   space 1063872K,   0% used [0x00007fcf1cca0000, 0x00007fcf1cca0000, 0x00007fcf5db90000)
 tenured generation   total 21277696K, used 19678081K [0x00007fd229b50000, 0x00007fd73c650000, 0x00007fdcd4600000)
   the space 21277696K,  92% used [0x00007fd229b50000, 0x00007fd6dac306c0, 0x00007fd6dac30800, 0x00007fd73c650000)
 Metaspace       used 30393K, capacity 30856K, committed 31232K, reserved 32768K
}
Event: 852.329 GC heap before
{Heap before GC invocations=170 (full 13):
 def new generation   total 9575040K, used 9512660K [0x00007fccd4600000, 0x00007fcf5db90000, 0x00007fd229b50000)
  eden space 8511168K, 100% used [0x00007fccd4600000, 0x00007fcedbdb0000, 0x00007fcedbdb0000)
  from space 1063872K,  94% used [0x00007fcedbdb0000, 0x00007fcf18fb5270, 0x00007fcf1cca0000)
  to   space 1063872K,   0% used [0x00007fcf1cca0000, 0x00007fcf1cca0000, 0x00007fcf5db90000)
 tenured generation   total 21277696K, used 19678081K [0x00007fd229b50000, 0x00007fd73c650000, 0x00007fdcd4600000)
   the space 21277696K,  92% used [0x00007fd229b50000, 0x00007fd6dac306c0, 0x00007fd6dac30800, 0x00007fd73c650000)
 Metaspace       used 30393K, capacity 30856K, committed 31232K, reserved 32768K
}
Event: 855.054 GC heap after
{Heap after GC invocations=171 (full 13):
 def new generation   total 9575040K, used 681611K [0x00007fccd4600000, 0x00007fcf5db90000, 0x00007fd229b50000)
  eden space 8511168K,   0% used [0x00007fccd4600000, 0x00007fccd4600000, 0x00007fcedbdb0000)
  from space 1063872K,  64% used [0x00007fcf1cca0000, 0x00007fcf46642e90, 0x00007fcf5db90000)
  to   space 1063872K,   0% used [0x00007fcedbdb0000, 0x00007fcedbdb0000, 0x00007fcf1cca0000)
 tenured generation   total 21277696K, used 20679573K [0x00007fd229b50000, 0x00007fd73c650000, 0x00007fdcd4600000)
   the space 21277696K,  97% used [0x00007fd229b50000, 0x00007fd717e355e0, 0x00007fd717e35600, 0x00007fd73c650000)
 Metaspace       used 30393K, capacity 30856K, committed 31232K, reserved 32768K
}
Event: 857.345 GC heap before
{Heap before GC invocations=171 (full 13):
 def new generation   total 9575040K, used 9192779K [0x00007fccd4600000, 0x00007fcf5db90000, 0x00007fd229b50000)
  eden space 8511168K, 100% used [0x00007fccd4600000, 0x00007fcedbdb0000, 0x00007fcedbdb0000)
  from space 1063872K,  64% used [0x00007fcf1cca0000, 0x00007fcf46642e90, 0x00007fcf5db90000)
  to   space 1063872K,   0% used [0x00007fcedbdb0000, 0x00007fcedbdb0000, 0x00007fcf1cca0000)
 tenured generation   total 21277696K, used 20679573K [0x00007fd229b50000, 0x00007fd73c650000, 0x00007fdcd4600000)
   the space 21277696K,  97% used [0x00007fd229b50000, 0x00007fd717e355e0, 0x00007fd717e35600, 0x00007fd73c650000)
 Metaspace       used 30393K, capacity 30856K, committed 31232K, reserved 32768K
}
Event: 859.770 GC heap after
{Heap after GC invocations=172 (full 13):
 def new generation   total 9575040K, used 679407K [0x00007fccd4600000, 0x00007fcf5db90000, 0x00007fd229b50000)
  eden space 8511168K,   0% used [0x00007fccd4600000, 0x00007fccd4600000, 0x00007fcedbdb0000)
  from space 1063872K,  63% used [0x00007fcedbdb0000, 0x00007fcf0552bfc0, 0x00007fcf1cca0000)
  to   space 1063872K,   0% used [0x00007fcf1cca0000, 0x00007fcf1cca0000, 0x00007fcf5db90000)
 tenured generation   total 21361216K, used 21361184K [0x00007fd229b50000, 0x00007fd7417e0000, 0x00007fdcd4600000)
   the space 21361216K,  99% used [0x00007fd229b50000, 0x00007fd7417d82f0, 0x00007fd7417d8400, 0x00007fd7417e0000)
 Metaspace       used 30393K, capacity 30856K, committed 31232K, reserved 32768K
}
Event: 859.770 GC heap before
{Heap before GC invocations=172 (full 13):
 def new generation   total 9575040K, used 679407K [0x00007fccd4600000, 0x00007fcf5db90000, 0x00007fd229b50000)
  eden space 8511168K,   0% used [0x00007fccd4600000, 0x00007fccd4600000, 0x00007fcedbdb0000)
  from space 1063872K,  63% used [0x00007fcedbdb0000, 0x00007fcf0552bfc0, 0x00007fcf1cca0000)
  to   space 1063872K,   0% used [0x00007fcf1cca0000, 0x00007fcf1cca0000, 0x00007fcf5db90000)
 tenured generation   total 21361216K, used 21361184K [0x00007fd229b50000, 0x00007fd7417e0000, 0x00007fdcd4600000)
   the space 21361216K,  99% used [0x00007fd229b50000, 0x00007fd7417d82f0, 0x00007fd7417d8400, 0x00007fd7417e0000)
 Metaspace       used 30393K, capacity 30856K, committed 31232K, reserved 32768K
}

