# JRE version: OpenJDK Runtime Environment (13.0.7+5) (build 13.0.7+5-Ubuntu-0ubuntu120.04)
# Java VM: OpenJDK 64-Bit Server VM (13.0.7+5-Ubuntu-0ubuntu120.04, mixed mode, tiered, serial gc, linux-amd64)
Heap:
 def new generation   total 1588672K, used 64727K [0x00007f68a4600000, 0x00007f69101d0000, 0x00007f734f0a0000)
  eden space 1412160K,   4% used [0x00007f68a4600000, 0x00007f68a8535c20, 0x00007f68fa910000)
  from space 176512K,   0% used [0x00007f6905570000, 0x00007f6905570000, 0x00007f69101d0000)
  to   space 176512K,   0% used [0x00007f68fa910000, 0x00007f68fa910000, 0x00007f6905570000)
 tenured generation   total 3546724K, used 3546319K [0x00007f734f0a0000, 0x00007f7427839000, 0x00007f88a4600000)
   the space 3546724K,  99% used [0x00007f734f0a0000, 0x00007f74277d3ce8, 0x00007f74277d3e00, 0x00007f7427839000)
 Metaspace       used 24236K, capacity 24634K, committed 24832K, reserved 26624K
GC Heap History (20 events):
Event: 1037.930 GC heap after
{Heap after GC invocations=1256 (full 5):
 def new generation   total 1588672K, used 84773K [0x00007f68a4600000, 0x00007f69101d0000, 0x00007f734f0a0000)
  eden space 1412160K,   0% used [0x00007f68a4600000, 0x00007f68a4600000, 0x00007f68fa910000)
  from space 176512K,  48% used [0x00007f68fa910000, 0x00007f68ffbd9488, 0x00007f6905570000)
  to   space 176512K,   0% used [0x00007f6905570000, 0x00007f6905570000, 0x00007f69101d0000)
 tenured generation   total 3530336K, used 3475891K [0x00007f734f0a0000, 0x00007f7426838000, 0x00007f88a4600000)
   the space 3530336K,  98% used [0x00007f734f0a0000, 0x00007f742330cc10, 0x00007f742330ce00, 0x00007f7426838000)
 Metaspace       used 24235K, capacity 24634K, committed 24832K, reserved 26624K
}
Event: 1039.230 GC heap before
{Heap before GC invocations=1256 (full 5):
 def new generation   total 1588672K, used 1496895K [0x00007f68a4600000, 0x00007f69101d0000, 0x00007f734f0a0000)
  eden space 1412160K,  99% used [0x00007f68a4600000, 0x00007f68fa906b70, 0x00007f68fa910000)
  from space 176512K,  48% used [0x00007f68fa910000, 0x00007f68ffbd9488, 0x00007f6905570000)
  to   space 176512K,   0% used [0x00007f6905570000, 0x00007f6905570000, 0x00007f69101d0000)
 tenured generation   total 3530336K, used 3475891K [0x00007f734f0a0000, 0x00007f7426838000, 0x00007f88a4600000)
   the space 3530336K,  98% used [0x00007f734f0a0000, 0x00007f742330cc10, 0x00007f742330ce00, 0x00007f7426838000)
 Metaspace       used 24235K, capacity 24634K, committed 24832K, reserved 26624K
}
Event: 1039.301 GC heap after
{Heap after GC invocations=1257 (full 5):
 def new generation   total 1588672K, used 106360K [0x00007f68a4600000, 0x00007f69101d0000, 0x00007f734f0a0000)
  eden space 1412160K,   0% used [0x00007f68a4600000, 0x00007f68a4600000, 0x00007f68fa910000)
  from space 176512K,  60% used [0x00007f6905570000, 0x00007f690bd4e2e8, 0x00007f69101d0000)
  to   space 176512K,   0% used [0x00007f68fa910000, 0x00007f68fa910000, 0x00007f6905570000)
 tenured generation   total 3530336K, used 3475891K [0x00007f734f0a0000, 0x00007f7426838000, 0x00007f88a4600000)
   the space 3530336K,  98% used [0x00007f734f0a0000, 0x00007f742330cc10, 0x00007f742330ce00, 0x00007f7426838000)
 Metaspace       used 24235K, capacity 24634K, committed 24832K, reserved 26624K
}
Event: 1040.649 GC heap before
{Heap before GC invocations=1257 (full 5):
 def new generation   total 1588672K, used 1518520K [0x00007f68a4600000, 0x00007f69101d0000, 0x00007f734f0a0000)
  eden space 1412160K, 100% used [0x00007f68a4600000, 0x00007f68fa910000, 0x00007f68fa910000)
  from space 176512K,  60% used [0x00007f6905570000, 0x00007f690bd4e2e8, 0x00007f69101d0000)
  to   space 176512K,   0% used [0x00007f68fa910000, 0x00007f68fa910000, 0x00007f6905570000)
 tenured generation   total 3530336K, used 3475891K [0x00007f734f0a0000, 0x00007f7426838000, 0x00007f88a4600000)
   the space 3530336K,  98% used [0x00007f734f0a0000, 0x00007f742330cc10, 0x00007f742330ce00, 0x00007f7426838000)
 Metaspace       used 24235K, capacity 24634K, committed 24832K, reserved 26624K
}
Event: 1040.731 GC heap after
{Heap after GC invocations=1258 (full 5):
 def new generation   total 1588672K, used 65250K [0x00007f68a4600000, 0x00007f69101d0000, 0x00007f734f0a0000)
  eden space 1412160K,   0% used [0x00007f68a4600000, 0x00007f68a4600000, 0x00007f68fa910000)
  from space 176512K,  36% used [0x00007f68fa910000, 0x00007f68fe8c8898, 0x00007f6905570000)
  to   space 176512K,   0% used [0x00007f6905570000, 0x00007f6905570000, 0x00007f69101d0000)
 tenured generation   total 3530336K, used 3509808K [0x00007f734f0a0000, 0x00007f7426838000, 0x00007f88a4600000)
   the space 3530336K,  99% used [0x00007f734f0a0000, 0x00007f742542c300, 0x00007f742542c400, 0x00007f7426838000)
 Metaspace       used 24235K, capacity 24634K, committed 24832K, reserved 26624K
}
Event: 1041.992 GC heap before
{Heap before GC invocations=1258 (full 5):
 def new generation   total 1588672K, used 1477410K [0x00007f68a4600000, 0x00007f69101d0000, 0x00007f734f0a0000)
  eden space 1412160K, 100% used [0x00007f68a4600000, 0x00007f68fa910000, 0x00007f68fa910000)
  from space 176512K,  36% used [0x00007f68fa910000, 0x00007f68fe8c8898, 0x00007f6905570000)
  to   space 176512K,   0% used [0x00007f6905570000, 0x00007f6905570000, 0x00007f69101d0000)
 tenured generation   total 3530336K, used 3509808K [0x00007f734f0a0000, 0x00007f7426838000, 0x00007f88a4600000)
   the space 3530336K,  99% used [0x00007f734f0a0000, 0x00007f742542c300, 0x00007f742542c400, 0x00007f7426838000)
 Metaspace       used 24235K, capacity 24634K, committed 24832K, reserved 26624K
}
Event: 1042.041 GC heap after
{Heap after GC invocations=1259 (full 5):
 def new generation   total 1588672K, used 67832K [0x00007f68a4600000, 0x00007f69101d0000, 0x00007f734f0a0000)
  eden space 1412160K,   0% used [0x00007f68a4600000, 0x00007f68a4600000, 0x00007f68fa910000)
  from space 176512K,  38% used [0x00007f6905570000, 0x00007f69097ae108, 0x00007f69101d0000)
  to   space 176512K,   0% used [0x00007f68fa910000, 0x00007f68fa910000, 0x00007f6905570000)
 tenured generation   total 3530336K, used 3509808K [0x00007f734f0a0000, 0x00007f7426838000, 0x00007f88a4600000)
   the space 3530336K,  99% used [0x00007f734f0a0000, 0x00007f742542c300, 0x00007f742542c400, 0x00007f7426838000)
 Metaspace       used 24235K, capacity 24634K, committed 24832K, reserved 26624K
}
Event: 1043.280 GC heap before
{Heap before GC invocations=1259 (full 5):
 def new generation   total 1588672K, used 1479992K [0x00007f68a4600000, 0x00007f69101d0000, 0x00007f734f0a0000)
  eden space 1412160K, 100% used [0x00007f68a4600000, 0x00007f68fa910000, 0x00007f68fa910000)
  from space 176512K,  38% used [0x00007f6905570000, 0x00007f69097ae108, 0x00007f69101d0000)
  to   space 176512K,   0% used [0x00007f68fa910000, 0x00007f68fa910000, 0x00007f6905570000)
 tenured generation   total 3530336K, used 3509808K [0x00007f734f0a0000, 0x00007f7426838000, 0x00007f88a4600000)
   the space 3530336K,  99% used [0x00007f734f0a0000, 0x00007f742542c300, 0x00007f742542c400, 0x00007f7426838000)
 Metaspace       used 24236K, capacity 24634K, committed 24832K, reserved 26624K
}
Event: 1043.323 GC heap after
{Heap after GC invocations=1260 (full 5):
 def new generation   total 1588672K, used 71437K [0x00007f68a4600000, 0x00007f69101d0000, 0x00007f734f0a0000)
  eden space 1412160K,   0% used [0x00007f68a4600000, 0x00007f68a4600000, 0x00007f68fa910000)
  from space 176512K,  40% used [0x00007f68fa910000, 0x00007f68feed3540, 0x00007f6905570000)
  to   space 176512K,   0% used [0x00007f6905570000, 0x00007f6905570000, 0x00007f69101d0000)
 tenured generation   total 3530336K, used 3509808K [0x00007f734f0a0000, 0x00007f7426838000, 0x00007f88a4600000)
   the space 3530336K,  99% used [0x00007f734f0a0000, 0x00007f742542c300, 0x00007f742542c400, 0x00007f7426838000)
 Metaspace       used 24236K, capacity 24634K, committed 24832K, reserved 26624K
}
Event: 1044.785 GC heap before
{Heap before GC invocations=1260 (full 5):
 def new generation   total 1588672K, used 1477544K [0x00007f68a4600000, 0x00007f69101d0000, 0x00007f734f0a0000)
  eden space 1412160K,  99% used [0x00007f68a4600000, 0x00007f68fa326af8, 0x00007f68fa910000)
  from space 176512K,  40% used [0x00007f68fa910000, 0x00007f68feed3540, 0x00007f6905570000)
  to   space 176512K,   0% used [0x00007f6905570000, 0x00007f6905570000, 0x00007f69101d0000)
 tenured generation   total 3530336K, used 3509808K [0x00007f734f0a0000, 0x00007f7426838000, 0x00007f88a4600000)
   the space 3530336K,  99% used [0x00007f734f0a0000, 0x00007f742542c300, 0x00007f742542c400, 0x00007f7426838000)
 Metaspace       used 24236K, capacity 24634K, committed 24832K, reserved 26624K
}
Event: 1044.855 GC heap after
{Heap after GC invocations=1261 (full 5):
 def new generation   total 1588672K, used 95579K [0x00007f68a4600000, 0x00007f69101d0000, 0x00007f734f0a0000)
  eden space 1412160K,   0% used [0x00007f68a4600000, 0x00007f68a4600000, 0x00007f68fa910000)
  from space 176512K,  54% used [0x00007f6905570000, 0x00007f690b2c6d58, 0x00007f69101d0000)
  to   space 176512K,   0% used [0x00007f68fa910000, 0x00007f68fa910000, 0x00007f6905570000)
 tenured generation   total 3530336K, used 3509808K [0x00007f734f0a0000, 0x00007f7426838000, 0x00007f88a4600000)
   the space 3530336K,  99% used [0x00007f734f0a0000, 0x00007f742542c300, 0x00007f742542c400, 0x00007f7426838000)
 Metaspace       used 24236K, capacity 24634K, committed 24832K, reserved 26624K
}
Event: 1046.178 GC heap before
{Heap before GC invocations=1261 (full 5):
 def new generation   total 1588672K, used 1507739K [0x00007f68a4600000, 0x00007f69101d0000, 0x00007f734f0a0000)
  eden space 1412160K, 100% used [0x00007f68a4600000, 0x00007f68fa910000, 0x00007f68fa910000)
  from space 176512K,  54% used [0x00007f6905570000, 0x00007f690b2c6d58, 0x00007f69101d0000)
  to   space 176512K,   0% used [0x00007f68fa910000, 0x00007f68fa910000, 0x00007f6905570000)
 tenured generation   total 3530336K, used 3509808K [0x00007f734f0a0000, 0x00007f7426838000, 0x00007f88a4600000)
   the space 3530336K,  99% used [0x00007f734f0a0000, 0x00007f742542c300, 0x00007f742542c400, 0x00007f7426838000)
 Metaspace       used 24236K, capacity 24634K, committed 24832K, reserved 26624K
}
Event: 1046.250 GC heap after
{Heap after GC invocations=1262 (full 5):
 def new generation   total 1588672K, used 68326K [0x00007f68a4600000, 0x00007f69101d0000, 0x00007f734f0a0000)
  eden space 1412160K,   0% used [0x00007f68a4600000, 0x00007f68a4600000, 0x00007f68fa910000)
  from space 176512K,  38% used [0x00007f68fa910000, 0x00007f68febc9a38, 0x00007f6905570000)
  to   space 176512K,   0% used [0x00007f6905570000, 0x00007f6905570000, 0x00007f69101d0000)
 tenured generation   total 3530336K, used 3526767K [0x00007f734f0a0000, 0x00007f7426838000, 0x00007f88a4600000)
   the space 3530336K,  99% used [0x00007f734f0a0000, 0x00007f74264bbe78, 0x00007f74264bc000, 0x00007f7426838000)
 Metaspace       used 24236K, capacity 24634K, committed 24832K, reserved 26624K
}
Event: 1047.406 GC heap before
{Heap before GC invocations=1262 (full 5):
 def new generation   total 1588672K, used 1480023K [0x00007f68a4600000, 0x00007f69101d0000, 0x00007f734f0a0000)
  eden space 1412160K,  99% used [0x00007f68a4600000, 0x00007f68fa89c448, 0x00007f68fa910000)
  from space 176512K,  38% used [0x00007f68fa910000, 0x00007f68febc9a38, 0x00007f6905570000)
  to   space 176512K,   0% used [0x00007f6905570000, 0x00007f6905570000, 0x00007f69101d0000)
 tenured generation   total 3530336K, used 3526767K [0x00007f734f0a0000, 0x00007f7426838000, 0x00007f88a4600000)
   the space 3530336K,  99% used [0x00007f734f0a0000, 0x00007f74264bbe78, 0x00007f74264bc000, 0x00007f7426838000)
 Metaspace       used 24236K, capacity 24634K, committed 24832K, reserved 26624K
}
Event: 1047.464 GC heap after
{Heap after GC invocations=1263 (full 5):
 def new generation   total 1588672K, used 74037K [0x00007f68a4600000, 0x00007f69101d0000, 0x00007f734f0a0000)
  eden space 1412160K,   0% used [0x00007f68a4600000, 0x00007f68a4600000, 0x00007f68fa910000)
  from space 176512K,  41% used [0x00007f6905570000, 0x00007f6909dbd560, 0x00007f69101d0000)
  to   space 176512K,   0% used [0x00007f68fa910000, 0x00007f68fa910000, 0x00007f6905570000)
 tenured generation   total 3530336K, used 3526767K [0x00007f734f0a0000, 0x00007f7426838000, 0x00007f88a4600000)
   the space 3530336K,  99% used [0x00007f734f0a0000, 0x00007f74264bbe78, 0x00007f74264bc000, 0x00007f7426838000)
 Metaspace       used 24236K, capacity 24634K, committed 24832K, reserved 26624K
}
Event: 1048.848 GC heap before
{Heap before GC invocations=1263 (full 5):
 def new generation   total 1588672K, used 1482273K [0x00007f68a4600000, 0x00007f69101d0000, 0x00007f734f0a0000)
  eden space 1412160K,  99% used [0x00007f68a4600000, 0x00007f68fa53b1d0, 0x00007f68fa910000)
  from space 176512K,  41% used [0x00007f6905570000, 0x00007f6909dbd560, 0x00007f69101d0000)
  to   space 176512K,   0% used [0x00007f68fa910000, 0x00007f68fa910000, 0x00007f6905570000)
 tenured generation   total 3530336K, used 3526767K [0x00007f734f0a0000, 0x00007f7426838000, 0x00007f88a4600000)
   the space 3530336K,  99% used [0x00007f734f0a0000, 0x00007f74264bbe78, 0x00007f74264bc000, 0x00007f7426838000)
 Metaspace       used 24236K, capacity 24634K, committed 24832K, reserved 26624K
}
Event: 1048.912 GC heap after
{Heap after GC invocations=1264 (full 5):
 def new generation   total 1588672K, used 94039K [0x00007f68a4600000, 0x00007f69101d0000, 0x00007f734f0a0000)
  eden space 1412160K,   0% used [0x00007f68a4600000, 0x00007f68a4600000, 0x00007f68fa910000)
  from space 176512K,  53% used [0x00007f68fa910000, 0x00007f69004e5c28, 0x00007f6905570000)
  to   space 176512K,   0% used [0x00007f6905570000, 0x00007f6905570000, 0x00007f69101d0000)
 tenured generation   total 3530336K, used 3526767K [0x00007f734f0a0000, 0x00007f7426838000, 0x00007f88a4600000)
   the space 3530336K,  99% used [0x00007f734f0a0000, 0x00007f74264bbe78, 0x00007f74264bc000, 0x00007f7426838000)
 Metaspace       used 24236K, capacity 24634K, committed 24832K, reserved 26624K
}
Event: 1050.250 GC heap before
{Heap before GC invocations=1264 (full 5):
 def new generation   total 1588672K, used 1506199K [0x00007f68a4600000, 0x00007f69101d0000, 0x00007f734f0a0000)
  eden space 1412160K, 100% used [0x00007f68a4600000, 0x00007f68fa910000, 0x00007f68fa910000)
  from space 176512K,  53% used [0x00007f68fa910000, 0x00007f69004e5c28, 0x00007f6905570000)
  to   space 176512K,   0% used [0x00007f6905570000, 0x00007f6905570000, 0x00007f69101d0000)
 tenured generation   total 3530336K, used 3526767K [0x00007f734f0a0000, 0x00007f7426838000, 0x00007f88a4600000)
   the space 3530336K,  99% used [0x00007f734f0a0000, 0x00007f74264bbe78, 0x00007f74264bc000, 0x00007f7426838000)
 Metaspace       used 24236K, capacity 24634K, committed 24832K, reserved 26624K
}
Event: 1050.332 GC heap after
{Heap after GC invocations=1265 (full 5):
 def new generation   total 1588672K, used 67319K [0x00007f68a4600000, 0x00007f69101d0000, 0x00007f734f0a0000)
  eden space 1412160K,   0% used [0x00007f68a4600000, 0x00007f68a4600000, 0x00007f68fa910000)
  from space 176512K,  38% used [0x00007f6905570000, 0x00007f690972df18, 0x00007f69101d0000)
  to   space 176512K,   0% used [0x00007f68fa910000, 0x00007f68fa910000, 0x00007f6905570000)
 tenured generation   total 3546724K, used 3543726K [0x00007f734f0a0000, 0x00007f7427839000, 0x00007f88a4600000)
   the space 3546724K,  99% used [0x00007f734f0a0000, 0x00007f742754b9f0, 0x00007f742754ba00, 0x00007f7427839000)
 Metaspace       used 24236K, capacity 24634K, committed 24832K, reserved 26624K
}
Event: 1050.332 GC heap before
{Heap before GC invocations=1265 (full 5):
 def new generation   total 1588672K, used 67319K [0x00007f68a4600000, 0x00007f69101d0000, 0x00007f734f0a0000)
  eden space 1412160K,   0% used [0x00007f68a4600000, 0x00007f68a4600000, 0x00007f68fa910000)
  from space 176512K,  38% used [0x00007f6905570000, 0x00007f690972df18, 0x00007f69101d0000)
  to   space 176512K,   0% used [0x00007f68fa910000, 0x00007f68fa910000, 0x00007f6905570000)
 tenured generation   total 3546724K, used 3543726K [0x00007f734f0a0000, 0x00007f7427839000, 0x00007f88a4600000)
   the space 3546724K,  99% used [0x00007f734f0a0000, 0x00007f742754b9f0, 0x00007f742754ba00, 0x00007f7427839000)
 Metaspace       used 24236K, capacity 24634K, committed 24832K, reserved 26624K
}

