# JRE version: OpenJDK Runtime Environment (13.0.7+5) (build 13.0.7+5-Ubuntu-0ubuntu120.04)
# Java VM: OpenJDK 64-Bit Server VM (13.0.7+5-Ubuntu-0ubuntu120.04, mixed mode, tiered, serial gc, linux-amd64)
Heap:
 def new generation   total 3108736K, used 286973K [0x00007fe2ec600000, 0x00007fe3bf330000, 0x00007fe841b50000)
  eden space 2763328K,  10% used [0x00007fe2ec600000, 0x00007fe2fde3f640, 0x00007fe395090000)
  from space 345408K,   0% used [0x00007fe395090000, 0x00007fe395090000, 0x00007fe3aa1e0000)
  to   space 345408K,   0% used [0x00007fe3aa1e0000, 0x00007fe3aa1e0000, 0x00007fe3bf330000)
 tenured generation   total 9326308K, used 9326307K [0x00007fe841b50000, 0x00007fea7af09000, 0x00007ff2ec600000)
   the space 9326308K,  99% used [0x00007fe841b50000, 0x00007fea7af08e70, 0x00007fea7af09000, 0x00007fea7af09000)
 Metaspace       used 31252K, capacity 31670K, committed 31744K, reserved 32768K
GC Heap History (20 events):
Event: 2418.928 GC heap after
{Heap after GC invocations=440 (full 1):
 def new generation   total 629248K, used 69887K [0x00007fe2ec600000, 0x00007fe3170c0000, 0x00007fe841b50000)
  eden space 559360K,   0% used [0x00007fe2ec600000, 0x00007fe2ec600000, 0x00007fe30e840000)
  from space 69888K,  99% used [0x00007fe312c80000, 0x00007fe3170bffb0, 0x00007fe3170c0000)
  to   space 69888K,   0% used [0x00007fe30e840000, 0x00007fe30e840000, 0x00007fe312c80000)
 tenured generation   total 1398144K, used 808017K [0x00007fe841b50000, 0x00007fe8970b0000, 0x00007ff2ec600000)
   the space 1398144K,  57% used [0x00007fe841b50000, 0x00007fe873064708, 0x00007fe873064800, 0x00007fe8970b0000)
 Metaspace       used 31252K, capacity 31670K, committed 31744K, reserved 32768K
}
Event: 2419.553 GC heap before
{Heap before GC invocations=440 (full 1):
 def new generation   total 629248K, used 629247K [0x00007fe2ec600000, 0x00007fe3170c0000, 0x00007fe841b50000)
  eden space 559360K, 100% used [0x00007fe2ec600000, 0x00007fe30e840000, 0x00007fe30e840000)
  from space 69888K,  99% used [0x00007fe312c80000, 0x00007fe3170bffb0, 0x00007fe3170c0000)
  to   space 69888K,   0% used [0x00007fe30e840000, 0x00007fe30e840000, 0x00007fe312c80000)
 tenured generation   total 1398144K, used 808017K [0x00007fe841b50000, 0x00007fe8970b0000, 0x00007ff2ec600000)
   the space 1398144K,  57% used [0x00007fe841b50000, 0x00007fe873064708, 0x00007fe873064800, 0x00007fe8970b0000)
 Metaspace       used 31252K, capacity 31670K, committed 31744K, reserved 32768K
}
Event: 2420.244 GC heap after
{Heap after GC invocations=441 (full 1):
 def new generation   total 629248K, used 69887K [0x00007fe2ec600000, 0x00007fe3170c0000, 0x00007fe841b50000)
  eden space 559360K,   0% used [0x00007fe2ec600000, 0x00007fe2ec600000, 0x00007fe30e840000)
  from space 69888K,  99% used [0x00007fe30e840000, 0x00007fe312c7fe20, 0x00007fe312c80000)
  to   space 69888K,   0% used [0x00007fe312c80000, 0x00007fe312c80000, 0x00007fe3170c0000)
 tenured generation   total 1398144K, used 1073440K [0x00007fe841b50000, 0x00007fe8970b0000, 0x00007ff2ec600000)
   the space 1398144K,  76% used [0x00007fe841b50000, 0x00007fe883398048, 0x00007fe883398200, 0x00007fe8970b0000)
 Metaspace       used 31252K, capacity 31670K, committed 31744K, reserved 32768K
}
Event: 2421.010 GC heap before
{Heap before GC invocations=441 (full 1):
 def new generation   total 629248K, used 629247K [0x00007fe2ec600000, 0x00007fe3170c0000, 0x00007fe841b50000)
  eden space 559360K, 100% used [0x00007fe2ec600000, 0x00007fe30e840000, 0x00007fe30e840000)
  from space 69888K,  99% used [0x00007fe30e840000, 0x00007fe312c7fe20, 0x00007fe312c80000)
  to   space 69888K,   0% used [0x00007fe312c80000, 0x00007fe312c80000, 0x00007fe3170c0000)
 tenured generation   total 1398144K, used 1073440K [0x00007fe841b50000, 0x00007fe8970b0000, 0x00007ff2ec600000)
   the space 1398144K,  76% used [0x00007fe841b50000, 0x00007fe883398048, 0x00007fe883398200, 0x00007fe8970b0000)
 Metaspace       used 31252K, capacity 31670K, committed 31744K, reserved 32768K
}
Event: 2421.914 GC heap after
{Heap after GC invocations=442 (full 1):
 def new generation   total 629248K, used 69887K [0x00007fe2ec600000, 0x00007fe3170c0000, 0x00007fe841b50000)
  eden space 559360K,   0% used [0x00007fe2ec600000, 0x00007fe2ec600000, 0x00007fe30e840000)
  from space 69888K,  99% used [0x00007fe312c80000, 0x00007fe3170bfec0, 0x00007fe3170c0000)
  to   space 69888K,   0% used [0x00007fe30e840000, 0x00007fe30e840000, 0x00007fe312c80000)
 tenured generation   total 1398144K, used 1385912K [0x00007fe841b50000, 0x00007fe8970b0000, 0x00007ff2ec600000)
   the space 1398144K,  99% used [0x00007fe841b50000, 0x00007fe8964be138, 0x00007fe8964be200, 0x00007fe8970b0000)
 Metaspace       used 31252K, capacity 31670K, committed 31744K, reserved 32768K
}
Event: 2422.338 GC heap before
{Heap before GC invocations=442 (full 1):
 def new generation   total 629248K, used 629247K [0x00007fe2ec600000, 0x00007fe3170c0000, 0x00007fe841b50000)
  eden space 559360K, 100% used [0x00007fe2ec600000, 0x00007fe30e840000, 0x00007fe30e840000)
  from space 69888K,  99% used [0x00007fe312c80000, 0x00007fe3170bfec0, 0x00007fe3170c0000)
  to   space 69888K,   0% used [0x00007fe30e840000, 0x00007fe30e840000, 0x00007fe312c80000)
 tenured generation   total 1398144K, used 1385912K [0x00007fe841b50000, 0x00007fe8970b0000, 0x00007ff2ec600000)
   the space 1398144K,  99% used [0x00007fe841b50000, 0x00007fe8964be138, 0x00007fe8964be200, 0x00007fe8970b0000)
 Metaspace       used 31252K, capacity 31670K, committed 31744K, reserved 32768K
}
Event: 2423.440 GC heap after
{Heap after GC invocations=443 (full 1):
 def new generation   total 629248K, used 69887K [0x00007fe2ec600000, 0x00007fe3170c0000, 0x00007fe841b50000)
  eden space 559360K,   0% used [0x00007fe2ec600000, 0x00007fe2ec600000, 0x00007fe30e840000)
  from space 69888K,  99% used [0x00007fe30e840000, 0x00007fe312c7ff38, 0x00007fe312c80000)
  to   space 69888K,   0% used [0x00007fe312c80000, 0x00007fe312c80000, 0x00007fe3170c0000)
 tenured generation   total 1842084K, used 1842049K [0x00007fe841b50000, 0x00007fe8b2239000, 0x00007ff2ec600000)
   the space 1842084K,  99% used [0x00007fe841b50000, 0x00007fe8b2230790, 0x00007fe8b2230800, 0x00007fe8b2239000)
 Metaspace       used 31252K, capacity 31670K, committed 31744K, reserved 32768K
}
Event: 2423.440 GC heap before
{Heap before GC invocations=443 (full 1):
 def new generation   total 629248K, used 69887K [0x00007fe2ec600000, 0x00007fe3170c0000, 0x00007fe841b50000)
  eden space 559360K,   0% used [0x00007fe2ec600000, 0x00007fe2ec600000, 0x00007fe30e840000)
  from space 69888K,  99% used [0x00007fe30e840000, 0x00007fe312c7ff38, 0x00007fe312c80000)
  to   space 69888K,   0% used [0x00007fe312c80000, 0x00007fe312c80000, 0x00007fe3170c0000)
 tenured generation   total 1842084K, used 1842049K [0x00007fe841b50000, 0x00007fe8b2239000, 0x00007ff2ec600000)
   the space 1842084K,  99% used [0x00007fe841b50000, 0x00007fe8b2230790, 0x00007fe8b2230800, 0x00007fe8b2239000)
 Metaspace       used 31252K, capacity 31670K, committed 31744K, reserved 32768K
}
Event: 2425.427 GC heap after
{Heap after GC invocations=443 (full 2):
 def new generation   total 1381632K, used 69853K [0x00007fe2ec600000, 0x00007fe34a120000, 0x00007fe841b50000)
  eden space 1228160K,   5% used [0x00007fe2ec600000, 0x00007fe2f0a37720, 0x00007fe337560000)
  from space 153472K,   0% used [0x00007fe337560000, 0x00007fe337560000, 0x00007fe340b40000)
  to   space 153472K,   0% used [0x00007fe340b40000, 0x00007fe340b40000, 0x00007fe34a120000)
 tenured generation   total 3070140K, used 1842083K [0x00007fe841b50000, 0x00007fe8fd17f000, 0x00007ff2ec600000)
   the space 3070140K,  59% used [0x00007fe841b50000, 0x00007fe8b2238fa8, 0x00007fe8b2239000, 0x00007fe8fd17f000)
 Metaspace       used 31252K, capacity 31670K, committed 31744K, reserved 32768K
}
Event: 2426.498 GC heap before
{Heap before GC invocations=443 (full 2):
 def new generation   total 1381632K, used 1228160K [0x00007fe2ec600000, 0x00007fe34a120000, 0x00007fe841b50000)
  eden space 1228160K, 100% used [0x00007fe2ec600000, 0x00007fe337560000, 0x00007fe337560000)
  from space 153472K,   0% used [0x00007fe337560000, 0x00007fe337560000, 0x00007fe340b40000)
  to   space 153472K,   0% used [0x00007fe340b40000, 0x00007fe340b40000, 0x00007fe34a120000)
 tenured generation   total 3070140K, used 1842083K [0x00007fe841b50000, 0x00007fe8fd17f000, 0x00007ff2ec600000)
   the space 3070140K,  59% used [0x00007fe841b50000, 0x00007fe8b2238fa8, 0x00007fe8b2239000, 0x00007fe8fd17f000)
 Metaspace       used 31252K, capacity 31670K, committed 31744K, reserved 32768K
}
Event: 2429.914 GC heap after
{Heap after GC invocations=444 (full 2):
 def new generation   total 1381632K, used 153471K [0x00007fe2ec600000, 0x00007fe34a120000, 0x00007fe841b50000)
  eden space 1228160K,   0% used [0x00007fe2ec600000, 0x00007fe2ec600000, 0x00007fe337560000)
  from space 153472K,  99% used [0x00007fe340b40000, 0x00007fe34a11ff80, 0x00007fe34a120000)
  to   space 153472K,   0% used [0x00007fe337560000, 0x00007fe337560000, 0x00007fe340b40000)
 tenured generation   total 3070140K, used 2916730K [0x00007fe841b50000, 0x00007fe8fd17f000, 0x00007ff2ec600000)
   the space 3070140K,  95% used [0x00007fe841b50000, 0x00007fe8f3bae9a8, 0x00007fe8f3baea00, 0x00007fe8fd17f000)
 Metaspace       used 31252K, capacity 31670K, committed 31744K, reserved 32768K
}
Event: 2431.270 GC heap before
{Heap before GC invocations=444 (full 2):
 def new generation   total 1381632K, used 1381631K [0x00007fe2ec600000, 0x00007fe34a120000, 0x00007fe841b50000)
  eden space 1228160K, 100% used [0x00007fe2ec600000, 0x00007fe337560000, 0x00007fe337560000)
  from space 153472K,  99% used [0x00007fe340b40000, 0x00007fe34a11ff80, 0x00007fe34a120000)
  to   space 153472K,   0% used [0x00007fe337560000, 0x00007fe337560000, 0x00007fe340b40000)
 tenured generation   total 3070140K, used 2916730K [0x00007fe841b50000, 0x00007fe8fd17f000, 0x00007ff2ec600000)
   the space 3070140K,  95% used [0x00007fe841b50000, 0x00007fe8f3bae9a8, 0x00007fe8f3baea00, 0x00007fe8fd17f000)
 Metaspace       used 31252K, capacity 31670K, committed 31744K, reserved 32768K
}
Event: 2434.646 GC heap after
{Heap after GC invocations=445 (full 2):
 def new generation   total 1381632K, used 153471K [0x00007fe2ec600000, 0x00007fe34a120000, 0x00007fe841b50000)
  eden space 1228160K,   0% used [0x00007fe2ec600000, 0x00007fe2ec600000, 0x00007fe337560000)
  from space 153472K,  99% used [0x00007fe337560000, 0x00007fe340b3ff80, 0x00007fe340b40000)
  to   space 153472K,   0% used [0x00007fe340b40000, 0x00007fe340b40000, 0x00007fe34a120000)
 tenured generation   total 4144956K, used 4144853K [0x00007fe841b50000, 0x00007fe93eb1f000, 0x00007ff2ec600000)
   the space 4144956K,  99% used [0x00007fe841b50000, 0x00007fe93eb05600, 0x00007fe93eb05600, 0x00007fe93eb1f000)
 Metaspace       used 31252K, capacity 31670K, committed 31744K, reserved 32768K
}
Event: 2434.646 GC heap before
{Heap before GC invocations=445 (full 2):
 def new generation   total 1381632K, used 153471K [0x00007fe2ec600000, 0x00007fe34a120000, 0x00007fe841b50000)
  eden space 1228160K,   0% used [0x00007fe2ec600000, 0x00007fe2ec600000, 0x00007fe337560000)
  from space 153472K,  99% used [0x00007fe337560000, 0x00007fe340b3ff80, 0x00007fe340b40000)
  to   space 153472K,   0% used [0x00007fe340b40000, 0x00007fe340b40000, 0x00007fe34a120000)
 tenured generation   total 4144956K, used 4144853K [0x00007fe841b50000, 0x00007fe93eb1f000, 0x00007ff2ec600000)
   the space 4144956K,  99% used [0x00007fe841b50000, 0x00007fe93eb05600, 0x00007fe93eb05600, 0x00007fe93eb1f000)
 Metaspace       used 31252K, capacity 31670K, committed 31744K, reserved 32768K
}
Event: 2438.391 GC heap after
{Heap after GC invocations=445 (full 3):
 def new generation   total 3108736K, used 153369K [0x00007fe2ec600000, 0x00007fe3bf330000, 0x00007fe841b50000)
  eden space 2763328K,   5% used [0x00007fe2ec600000, 0x00007fe2f5bc6738, 0x00007fe395090000)
  from space 345408K,   0% used [0x00007fe395090000, 0x00007fe395090000, 0x00007fe3aa1e0000)
  to   space 345408K,   0% used [0x00007fe3aa1e0000, 0x00007fe3aa1e0000, 0x00007fe3bf330000)
 tenured generation   total 6908260K, used 4144955K [0x00007fe841b50000, 0x00007fe9e75a9000, 0x00007ff2ec600000)
   the space 6908260K,  59% used [0x00007fe841b50000, 0x00007fe93eb1ee48, 0x00007fe93eb1f000, 0x00007fe9e75a9000)
 Metaspace       used 31252K, capacity 31670K, committed 31744K, reserved 32768K
}
Event: 2441.604 GC heap before
{Heap before GC invocations=445 (full 3):
 def new generation   total 3108736K, used 2763328K [0x00007fe2ec600000, 0x00007fe3bf330000, 0x00007fe841b50000)
  eden space 2763328K, 100% used [0x00007fe2ec600000, 0x00007fe395090000, 0x00007fe395090000)
  from space 345408K,   0% used [0x00007fe395090000, 0x00007fe395090000, 0x00007fe3aa1e0000)
  to   space 345408K,   0% used [0x00007fe3aa1e0000, 0x00007fe3aa1e0000, 0x00007fe3bf330000)
 tenured generation   total 6908260K, used 4144955K [0x00007fe841b50000, 0x00007fe9e75a9000, 0x00007ff2ec600000)
   the space 6908260K,  59% used [0x00007fe841b50000, 0x00007fe93eb1ee48, 0x00007fe93eb1f000, 0x00007fe9e75a9000)
 Metaspace       used 31252K, capacity 31670K, committed 31744K, reserved 32768K
}
Event: 2449.871 GC heap after
{Heap after GC invocations=446 (full 3):
 def new generation   total 3108736K, used 345407K [0x00007fe2ec600000, 0x00007fe3bf330000, 0x00007fe841b50000)
  eden space 2763328K,   0% used [0x00007fe2ec600000, 0x00007fe2ec600000, 0x00007fe395090000)
  from space 345408K,  99% used [0x00007fe3aa1e0000, 0x00007fe3bf32fe08, 0x00007fe3bf330000)
  to   space 345408K,   0% used [0x00007fe395090000, 0x00007fe395090000, 0x00007fe3aa1e0000)
 tenured generation   total 6908260K, used 6562828K [0x00007fe841b50000, 0x00007fe9e75a9000, 0x00007ff2ec600000)
   the space 6908260K,  94% used [0x00007fe841b50000, 0x00007fe9d2453010, 0x00007fe9d2453200, 0x00007fe9e75a9000)
 Metaspace       used 31252K, capacity 31670K, committed 31744K, reserved 32768K
}
Event: 2453.368 GC heap before
{Heap before GC invocations=446 (full 3):
 def new generation   total 3108736K, used 3108735K [0x00007fe2ec600000, 0x00007fe3bf330000, 0x00007fe841b50000)
  eden space 2763328K, 100% used [0x00007fe2ec600000, 0x00007fe395090000, 0x00007fe395090000)
  from space 345408K,  99% used [0x00007fe3aa1e0000, 0x00007fe3bf32fe08, 0x00007fe3bf330000)
  to   space 345408K,   0% used [0x00007fe395090000, 0x00007fe395090000, 0x00007fe3aa1e0000)
 tenured generation   total 6908260K, used 6562828K [0x00007fe841b50000, 0x00007fe9e75a9000, 0x00007ff2ec600000)
   the space 6908260K,  94% used [0x00007fe841b50000, 0x00007fe9d2453010, 0x00007fe9d2453200, 0x00007fe9e75a9000)
 Metaspace       used 31252K, capacity 31670K, committed 31744K, reserved 32768K
}
Event: 2462.056 GC heap after
{Heap after GC invocations=447 (full 3):
 def new generation   total 3108736K, used 345407K [0x00007fe2ec600000, 0x00007fe3bf330000, 0x00007fe841b50000)
  eden space 2763328K,   0% used [0x00007fe2ec600000, 0x00007fe2ec600000, 0x00007fe395090000)
  from space 345408K,  99% used [0x00007fe395090000, 0x00007fe3aa1dfe08, 0x00007fe3aa1e0000)
  to   space 345408K,   0% used [0x00007fe3aa1e0000, 0x00007fe3aa1e0000, 0x00007fe3bf330000)
 tenured generation   total 9326308K, used 9326117K [0x00007fe841b50000, 0x00007fea7af09000, 0x00007ff2ec600000)
   the space 9326308K,  99% used [0x00007fe841b50000, 0x00007fea7aed9590, 0x00007fea7aed9600, 0x00007fea7af09000)
 Metaspace       used 31252K, capacity 31670K, committed 31744K, reserved 32768K
}
Event: 2462.056 GC heap before
{Heap before GC invocations=447 (full 3):
 def new generation   total 3108736K, used 345407K [0x00007fe2ec600000, 0x00007fe3bf330000, 0x00007fe841b50000)
  eden space 2763328K,   0% used [0x00007fe2ec600000, 0x00007fe2ec600000, 0x00007fe395090000)
  from space 345408K,  99% used [0x00007fe395090000, 0x00007fe3aa1dfe08, 0x00007fe3aa1e0000)
  to   space 345408K,   0% used [0x00007fe3aa1e0000, 0x00007fe3aa1e0000, 0x00007fe3bf330000)
 tenured generation   total 9326308K, used 9326117K [0x00007fe841b50000, 0x00007fea7af09000, 0x00007ff2ec600000)
   the space 9326308K,  99% used [0x00007fe841b50000, 0x00007fea7aed9590, 0x00007fea7aed9600, 0x00007fea7af09000)
 Metaspace       used 31252K, capacity 31670K, committed 31744K, reserved 32768K
}

