# JRE version: OpenJDK Runtime Environment (13.0.7+5) (build 13.0.7+5-Ubuntu-0ubuntu120.04)
# Java VM: OpenJDK 64-Bit Server VM (13.0.7+5-Ubuntu-0ubuntu120.04, mixed mode, tiered, serial gc, linux-amd64)
Heap:
 def new generation   total 2661120K, used 112031K [0x00007f3180600000, 0x00007f3234d80000, 0x00007f3c2b0a0000)
  eden space 2365440K,   4% used [0x00007f3180600000, 0x00007f3187367d80, 0x00007f3210c00000)
  from space 295680K,   0% used [0x00007f3222cc0000, 0x00007f3222cc0000, 0x00007f3234d80000)
  to   space 295680K,   0% used [0x00007f3210c00000, 0x00007f3210c00000, 0x00007f3222cc0000)
 tenured generation   total 5929924K, used 5918903K [0x00007f3c2b0a0000, 0x00007f3d94f91000, 0x00007f5180600000)
   the space 5929924K,  99% used [0x00007f3c2b0a0000, 0x00007f3d944cdc58, 0x00007f3d944cde00, 0x00007f3d94f91000)
 Metaspace       used 24273K, capacity 24697K, committed 24832K, reserved 26624K
GC Heap History (20 events):
Event: 3027.981 GC heap after
{Heap after GC invocations=2401 (full 6):
 def new generation   total 2661120K, used 101773K [0x00007f3180600000, 0x00007f3234d80000, 0x00007f3c2b0a0000)
  eden space 2365440K,   0% used [0x00007f3180600000, 0x00007f3180600000, 0x00007f3210c00000)
  from space 295680K,  34% used [0x00007f3210c00000, 0x00007f3216f63448, 0x00007f3222cc0000)
  to   space 295680K,   0% used [0x00007f3222cc0000, 0x00007f3222cc0000, 0x00007f3234d80000)
 tenured generation   total 5913536K, used 5868022K [0x00007f3c2b0a0000, 0x00007f3d93f90000, 0x00007f5180600000)
   the space 5913536K,  99% used [0x00007f3c2b0a0000, 0x00007f3d9131db08, 0x00007f3d9131dc00, 0x00007f3d93f90000)
 Metaspace       used 24273K, capacity 24697K, committed 24832K, reserved 26624K
}
Event: 3029.947 GC heap before
{Heap before GC invocations=2401 (full 6):
 def new generation   total 2661120K, used 2458813K [0x00007f3180600000, 0x00007f3234d80000, 0x00007f3c2b0a0000)
  eden space 2365440K,  99% used [0x00007f3180600000, 0x00007f32103cc0f8, 0x00007f3210c00000)
  from space 295680K,  34% used [0x00007f3210c00000, 0x00007f3216f63448, 0x00007f3222cc0000)
  to   space 295680K,   0% used [0x00007f3222cc0000, 0x00007f3222cc0000, 0x00007f3234d80000)
 tenured generation   total 5913536K, used 5868022K [0x00007f3c2b0a0000, 0x00007f3d93f90000, 0x00007f5180600000)
   the space 5913536K,  99% used [0x00007f3c2b0a0000, 0x00007f3d9131db08, 0x00007f3d9131dc00, 0x00007f3d93f90000)
 Metaspace       used 24273K, capacity 24697K, committed 24832K, reserved 26624K
}
Event: 3030.039 GC heap after
{Heap after GC invocations=2402 (full 6):
 def new generation   total 2661120K, used 104343K [0x00007f3180600000, 0x00007f3234d80000, 0x00007f3c2b0a0000)
  eden space 2365440K,   0% used [0x00007f3180600000, 0x00007f3180600000, 0x00007f3210c00000)
  from space 295680K,  35% used [0x00007f3222cc0000, 0x00007f32292a5ee0, 0x00007f3234d80000)
  to   space 295680K,   0% used [0x00007f3210c00000, 0x00007f3210c00000, 0x00007f3222cc0000)
 tenured generation   total 5913536K, used 5868022K [0x00007f3c2b0a0000, 0x00007f3d93f90000, 0x00007f5180600000)
   the space 5913536K,  99% used [0x00007f3c2b0a0000, 0x00007f3d9131db08, 0x00007f3d9131dc00, 0x00007f3d93f90000)
 Metaspace       used 24273K, capacity 24697K, committed 24832K, reserved 26624K
}
Event: 3032.025 GC heap before
{Heap before GC invocations=2402 (full 6):
 def new generation   total 2661120K, used 2464552K [0x00007f3180600000, 0x00007f3234d80000, 0x00007f3c2b0a0000)
  eden space 2365440K,  99% used [0x00007f3180600000, 0x00007f32106e43c8, 0x00007f3210c00000)
  from space 295680K,  35% used [0x00007f3222cc0000, 0x00007f32292a5ee0, 0x00007f3234d80000)
  to   space 295680K,   0% used [0x00007f3210c00000, 0x00007f3210c00000, 0x00007f3222cc0000)
 tenured generation   total 5913536K, used 5868022K [0x00007f3c2b0a0000, 0x00007f3d93f90000, 0x00007f5180600000)
   the space 5913536K,  99% used [0x00007f3c2b0a0000, 0x00007f3d9131db08, 0x00007f3d9131dc00, 0x00007f3d93f90000)
 Metaspace       used 24273K, capacity 24697K, committed 24832K, reserved 26624K
}
Event: 3032.175 GC heap after
{Heap after GC invocations=2403 (full 6):
 def new generation   total 2661120K, used 113070K [0x00007f3180600000, 0x00007f3234d80000, 0x00007f3c2b0a0000)
  eden space 2365440K,   0% used [0x00007f3180600000, 0x00007f3180600000, 0x00007f3210c00000)
  from space 295680K,  38% used [0x00007f3210c00000, 0x00007f3217a6b948, 0x00007f3222cc0000)
  to   space 295680K,   0% used [0x00007f3222cc0000, 0x00007f3222cc0000, 0x00007f3234d80000)
 tenured generation   total 5913536K, used 5884982K [0x00007f3c2b0a0000, 0x00007f3d93f90000, 0x00007f5180600000)
   the space 5913536K,  99% used [0x00007f3c2b0a0000, 0x00007f3d923adb00, 0x00007f3d923adc00, 0x00007f3d93f90000)
 Metaspace       used 24273K, capacity 24697K, committed 24832K, reserved 26624K
}
Event: 3034.003 GC heap before
{Heap before GC invocations=2403 (full 6):
 def new generation   total 2661120K, used 2478510K [0x00007f3180600000, 0x00007f3234d80000, 0x00007f3c2b0a0000)
  eden space 2365440K, 100% used [0x00007f3180600000, 0x00007f3210c00000, 0x00007f3210c00000)
  from space 295680K,  38% used [0x00007f3210c00000, 0x00007f3217a6b948, 0x00007f3222cc0000)
  to   space 295680K,   0% used [0x00007f3222cc0000, 0x00007f3222cc0000, 0x00007f3234d80000)
 tenured generation   total 5913536K, used 5884982K [0x00007f3c2b0a0000, 0x00007f3d93f90000, 0x00007f5180600000)
   the space 5913536K,  99% used [0x00007f3c2b0a0000, 0x00007f3d923adb00, 0x00007f3d923adc00, 0x00007f3d93f90000)
 Metaspace       used 24273K, capacity 24697K, committed 24832K, reserved 26624K
}
Event: 3034.085 GC heap after
{Heap after GC invocations=2404 (full 6):
 def new generation   total 2661120K, used 101769K [0x00007f3180600000, 0x00007f3234d80000, 0x00007f3c2b0a0000)
  eden space 2365440K,   0% used [0x00007f3180600000, 0x00007f3180600000, 0x00007f3210c00000)
  from space 295680K,  34% used [0x00007f3222cc0000, 0x00007f32290225f0, 0x00007f3234d80000)
  to   space 295680K,   0% used [0x00007f3210c00000, 0x00007f3210c00000, 0x00007f3222cc0000)
 tenured generation   total 5913536K, used 5884982K [0x00007f3c2b0a0000, 0x00007f3d93f90000, 0x00007f5180600000)
   the space 5913536K,  99% used [0x00007f3c2b0a0000, 0x00007f3d923adb00, 0x00007f3d923adc00, 0x00007f3d93f90000)
 Metaspace       used 24273K, capacity 24697K, committed 24832K, reserved 26624K
}
Event: 3035.823 GC heap before
{Heap before GC invocations=2404 (full 6):
 def new generation   total 2661120K, used 2467209K [0x00007f3180600000, 0x00007f3234d80000, 0x00007f3c2b0a0000)
  eden space 2365440K, 100% used [0x00007f3180600000, 0x00007f3210c00000, 0x00007f3210c00000)
  from space 295680K,  34% used [0x00007f3222cc0000, 0x00007f32290225f0, 0x00007f3234d80000)
  to   space 295680K,   0% used [0x00007f3210c00000, 0x00007f3210c00000, 0x00007f3222cc0000)
 tenured generation   total 5913536K, used 5884982K [0x00007f3c2b0a0000, 0x00007f3d93f90000, 0x00007f5180600000)
   the space 5913536K,  99% used [0x00007f3c2b0a0000, 0x00007f3d923adb00, 0x00007f3d923adc00, 0x00007f3d93f90000)
 Metaspace       used 24273K, capacity 24697K, committed 24832K, reserved 26624K
}
Event: 3035.885 GC heap after
{Heap after GC invocations=2405 (full 6):
 def new generation   total 2661120K, used 101769K [0x00007f3180600000, 0x00007f3234d80000, 0x00007f3c2b0a0000)
  eden space 2365440K,   0% used [0x00007f3180600000, 0x00007f3180600000, 0x00007f3210c00000)
  from space 295680K,  34% used [0x00007f3210c00000, 0x00007f3216f62490, 0x00007f3222cc0000)
  to   space 295680K,   0% used [0x00007f3222cc0000, 0x00007f3222cc0000, 0x00007f3234d80000)
 tenured generation   total 5913536K, used 5884982K [0x00007f3c2b0a0000, 0x00007f3d93f90000, 0x00007f5180600000)
   the space 5913536K,  99% used [0x00007f3c2b0a0000, 0x00007f3d923adb00, 0x00007f3d923adc00, 0x00007f3d93f90000)
 Metaspace       used 24273K, capacity 24697K, committed 24832K, reserved 26624K
}
Event: 3037.853 GC heap before
{Heap before GC invocations=2405 (full 6):
 def new generation   total 2661120K, used 2467209K [0x00007f3180600000, 0x00007f3234d80000, 0x00007f3c2b0a0000)
  eden space 2365440K, 100% used [0x00007f3180600000, 0x00007f3210c00000, 0x00007f3210c00000)
  from space 295680K,  34% used [0x00007f3210c00000, 0x00007f3216f62490, 0x00007f3222cc0000)
  to   space 295680K,   0% used [0x00007f3222cc0000, 0x00007f3222cc0000, 0x00007f3234d80000)
 tenured generation   total 5913536K, used 5884982K [0x00007f3c2b0a0000, 0x00007f3d93f90000, 0x00007f5180600000)
   the space 5913536K,  99% used [0x00007f3c2b0a0000, 0x00007f3d923adb00, 0x00007f3d923adc00, 0x00007f3d93f90000)
 Metaspace       used 24273K, capacity 24697K, committed 24832K, reserved 26624K
}
Event: 3037.960 GC heap after
{Heap after GC invocations=2406 (full 6):
 def new generation   total 2661120K, used 107932K [0x00007f3180600000, 0x00007f3234d80000, 0x00007f3c2b0a0000)
  eden space 2365440K,   0% used [0x00007f3180600000, 0x00007f3180600000, 0x00007f3210c00000)
  from space 295680K,  36% used [0x00007f3222cc0000, 0x00007f3229627268, 0x00007f3234d80000)
  to   space 295680K,   0% used [0x00007f3210c00000, 0x00007f3210c00000, 0x00007f3222cc0000)
 tenured generation   total 5913536K, used 5901942K [0x00007f3c2b0a0000, 0x00007f3d93f90000, 0x00007f5180600000)
   the space 5913536K,  99% used [0x00007f3c2b0a0000, 0x00007f3d9343daf8, 0x00007f3d9343dc00, 0x00007f3d93f90000)
 Metaspace       used 24273K, capacity 24697K, committed 24832K, reserved 26624K
}
Event: 3039.827 GC heap before
{Heap before GC invocations=2406 (full 6):
 def new generation   total 2661120K, used 2473372K [0x00007f3180600000, 0x00007f3234d80000, 0x00007f3c2b0a0000)
  eden space 2365440K, 100% used [0x00007f3180600000, 0x00007f3210c00000, 0x00007f3210c00000)
  from space 295680K,  36% used [0x00007f3222cc0000, 0x00007f3229627268, 0x00007f3234d80000)
  to   space 295680K,   0% used [0x00007f3210c00000, 0x00007f3210c00000, 0x00007f3222cc0000)
 tenured generation   total 5913536K, used 5901942K [0x00007f3c2b0a0000, 0x00007f3d93f90000, 0x00007f5180600000)
   the space 5913536K,  99% used [0x00007f3c2b0a0000, 0x00007f3d9343daf8, 0x00007f3d9343dc00, 0x00007f3d93f90000)
 Metaspace       used 24273K, capacity 24697K, committed 24832K, reserved 26624K
}
Event: 3039.879 GC heap after
{Heap after GC invocations=2407 (full 6):
 def new generation   total 2661120K, used 99716K [0x00007f3180600000, 0x00007f3234d80000, 0x00007f3c2b0a0000)
  eden space 2365440K,   0% used [0x00007f3180600000, 0x00007f3180600000, 0x00007f3210c00000)
  from space 295680K,  33% used [0x00007f3210c00000, 0x00007f3216d61338, 0x00007f3222cc0000)
  to   space 295680K,   0% used [0x00007f3222cc0000, 0x00007f3222cc0000, 0x00007f3234d80000)
 tenured generation   total 5913536K, used 5901942K [0x00007f3c2b0a0000, 0x00007f3d93f90000, 0x00007f5180600000)
   the space 5913536K,  99% used [0x00007f3c2b0a0000, 0x00007f3d9343daf8, 0x00007f3d9343dc00, 0x00007f3d93f90000)
 Metaspace       used 24273K, capacity 24697K, committed 24832K, reserved 26624K
}
Event: 3041.554 GC heap before
{Heap before GC invocations=2407 (full 6):
 def new generation   total 2661120K, used 2465156K [0x00007f3180600000, 0x00007f3234d80000, 0x00007f3c2b0a0000)
  eden space 2365440K, 100% used [0x00007f3180600000, 0x00007f3210c00000, 0x00007f3210c00000)
  from space 295680K,  33% used [0x00007f3210c00000, 0x00007f3216d61338, 0x00007f3222cc0000)
  to   space 295680K,   0% used [0x00007f3222cc0000, 0x00007f3222cc0000, 0x00007f3234d80000)
 tenured generation   total 5913536K, used 5901942K [0x00007f3c2b0a0000, 0x00007f3d93f90000, 0x00007f5180600000)
   the space 5913536K,  99% used [0x00007f3c2b0a0000, 0x00007f3d9343daf8, 0x00007f3d9343dc00, 0x00007f3d93f90000)
 Metaspace       used 24273K, capacity 24697K, committed 24832K, reserved 26624K
}
Event: 3041.628 GC heap after
{Heap after GC invocations=2408 (full 6):
 def new generation   total 2661120K, used 101756K [0x00007f3180600000, 0x00007f3234d80000, 0x00007f3c2b0a0000)
  eden space 2365440K,   0% used [0x00007f3180600000, 0x00007f3180600000, 0x00007f3210c00000)
  from space 295680K,  34% used [0x00007f3222cc0000, 0x00007f322901f378, 0x00007f3234d80000)
  to   space 295680K,   0% used [0x00007f3210c00000, 0x00007f3210c00000, 0x00007f3222cc0000)
 tenured generation   total 5913536K, used 5901942K [0x00007f3c2b0a0000, 0x00007f3d93f90000, 0x00007f5180600000)
   the space 5913536K,  99% used [0x00007f3c2b0a0000, 0x00007f3d9343daf8, 0x00007f3d9343dc00, 0x00007f3d93f90000)
 Metaspace       used 24273K, capacity 24697K, committed 24832K, reserved 26624K
}
Event: 3043.458 GC heap before
{Heap before GC invocations=2408 (full 6):
 def new generation   total 2661120K, used 2467196K [0x00007f3180600000, 0x00007f3234d80000, 0x00007f3c2b0a0000)
  eden space 2365440K, 100% used [0x00007f3180600000, 0x00007f3210c00000, 0x00007f3210c00000)
  from space 295680K,  34% used [0x00007f3222cc0000, 0x00007f322901f378, 0x00007f3234d80000)
  to   space 295680K,   0% used [0x00007f3210c00000, 0x00007f3210c00000, 0x00007f3222cc0000)
 tenured generation   total 5913536K, used 5901942K [0x00007f3c2b0a0000, 0x00007f3d93f90000, 0x00007f5180600000)
   the space 5913536K,  99% used [0x00007f3c2b0a0000, 0x00007f3d9343daf8, 0x00007f3d9343dc00, 0x00007f3d93f90000)
 Metaspace       used 24273K, capacity 24697K, committed 24832K, reserved 26624K
}
Event: 3043.512 GC heap after
{Heap after GC invocations=2409 (full 6):
 def new generation   total 2661120K, used 103829K [0x00007f3180600000, 0x00007f3234d80000, 0x00007f3c2b0a0000)
  eden space 2365440K,   0% used [0x00007f3180600000, 0x00007f3180600000, 0x00007f3210c00000)
  from space 295680K,  35% used [0x00007f3210c00000, 0x00007f3217165700, 0x00007f3222cc0000)
  to   space 295680K,   0% used [0x00007f3222cc0000, 0x00007f3222cc0000, 0x00007f3234d80000)
 tenured generation   total 5913536K, used 5901942K [0x00007f3c2b0a0000, 0x00007f3d93f90000, 0x00007f5180600000)
   the space 5913536K,  99% used [0x00007f3c2b0a0000, 0x00007f3d9343daf8, 0x00007f3d9343dc00, 0x00007f3d93f90000)
 Metaspace       used 24273K, capacity 24697K, committed 24832K, reserved 26624K
}
Event: 3045.551 GC heap before
{Heap before GC invocations=2409 (full 6):
 def new generation   total 2661120K, used 2461809K [0x00007f3180600000, 0x00007f3234d80000, 0x00007f3c2b0a0000)
  eden space 2365440K,  99% used [0x00007f3180600000, 0x00007f32104b6de0, 0x00007f3210c00000)
  from space 295680K,  35% used [0x00007f3210c00000, 0x00007f3217165700, 0x00007f3222cc0000)
  to   space 295680K,   0% used [0x00007f3222cc0000, 0x00007f3222cc0000, 0x00007f3234d80000)
 tenured generation   total 5913536K, used 5901942K [0x00007f3c2b0a0000, 0x00007f3d93f90000, 0x00007f5180600000)
   the space 5913536K,  99% used [0x00007f3c2b0a0000, 0x00007f3d9343daf8, 0x00007f3d9343dc00, 0x00007f3d93f90000)
 Metaspace       used 24273K, capacity 24697K, committed 24832K, reserved 26624K
}
Event: 3045.651 GC heap after
{Heap after GC invocations=2410 (full 6):
 def new generation   total 2661120K, used 112031K [0x00007f3180600000, 0x00007f3234d80000, 0x00007f3c2b0a0000)
  eden space 2365440K,   0% used [0x00007f3180600000, 0x00007f3180600000, 0x00007f3210c00000)
  from space 295680K,  37% used [0x00007f3222cc0000, 0x00007f3229a27ee8, 0x00007f3234d80000)
  to   space 295680K,   0% used [0x00007f3210c00000, 0x00007f3210c00000, 0x00007f3222cc0000)
 tenured generation   total 5929924K, used 5918902K [0x00007f3c2b0a0000, 0x00007f3d94f91000, 0x00007f5180600000)
   the space 5929924K,  99% used [0x00007f3c2b0a0000, 0x00007f3d944cdaf0, 0x00007f3d944cdc00, 0x00007f3d94f91000)
 Metaspace       used 24273K, capacity 24697K, committed 24832K, reserved 26624K
}
Event: 3045.651 GC heap before
{Heap before GC invocations=2410 (full 6):
 def new generation   total 2661120K, used 112031K [0x00007f3180600000, 0x00007f3234d80000, 0x00007f3c2b0a0000)
  eden space 2365440K,   0% used [0x00007f3180600000, 0x00007f3180600000, 0x00007f3210c00000)
  from space 295680K,  37% used [0x00007f3222cc0000, 0x00007f3229a27ee8, 0x00007f3234d80000)
  to   space 295680K,   0% used [0x00007f3210c00000, 0x00007f3210c00000, 0x00007f3222cc0000)
 tenured generation   total 5929924K, used 5918902K [0x00007f3c2b0a0000, 0x00007f3d94f91000, 0x00007f5180600000)
   the space 5929924K,  99% used [0x00007f3c2b0a0000, 0x00007f3d944cdaf0, 0x00007f3d944cdc00, 0x00007f3d94f91000)
 Metaspace       used 24273K, capacity 24697K, committed 24832K, reserved 26624K
}

