# JRE version: OpenJDK Runtime Environment (13.0.7+5) (build 13.0.7+5-Ubuntu-0ubuntu120.04)
# Java VM: OpenJDK 64-Bit Server VM (13.0.7+5-Ubuntu-0ubuntu120.04, mixed mode, tiered, serial gc, linux-amd64)
Heap:
 def new generation   total 629248K, used 0K [0x00007f40a8600000, 0x00007f40d30c0000, 0x00007f45fdb50000)
  eden space 559360K,   0% used [0x00007f40a8600000, 0x00007f40a8600000, 0x00007f40ca840000)
  from space 69888K,   0% used [0x00007f40cec80000, 0x00007f40cec80000, 0x00007f40d30c0000)
  to   space 69888K,   0% used [0x00007f40ca840000, 0x00007f40ca840000, 0x00007f40cec80000)
 tenured generation   total 1398144K, used 47353K [0x00007f45fdb50000, 0x00007f46530b0000, 0x00007f50a8600000)
   the space 1398144K,   3% used [0x00007f45fdb50000, 0x00007f460098e520, 0x00007f460098e600, 0x00007f46530b0000)
 Metaspace       used 23001K, capacity 23373K, committed 23552K, reserved 24576K
GC Heap History (14 events):
Event: 2.421 GC heap before
{Heap before GC invocations=0 (full 0):
 def new generation   total 629120K, used 89479K [0x00007f40a8600000, 0x00007f40d30a0000, 0x00007f45fdb50000)
  eden space 559232K,  16% used [0x00007f40a8600000, 0x00007f40add61e18, 0x00007f40ca820000)
  from space 69888K,   0% used [0x00007f40ca820000, 0x00007f40ca820000, 0x00007f40cec60000)
  to   space 69888K,   0% used [0x00007f40cec60000, 0x00007f40cec60000, 0x00007f40d30a0000)
 tenured generation   total 1398144K, used 0K [0x00007f45fdb50000, 0x00007f46530b0000, 0x00007f50a8600000)
   the space 1398144K,   0% used [0x00007f45fdb50000, 0x00007f45fdb50000, 0x00007f45fdb50200, 0x00007f46530b0000)
 Metaspace       used 20899K, capacity 21208K, committed 21248K, reserved 22528K
}
Event: 2.487 GC heap after
{Heap after GC invocations=1 (full 1):
 def new generation   total 629248K, used 0K [0x00007f40a8600000, 0x00007f40d30c0000, 0x00007f45fdb50000)
  eden space 559360K,   0% used [0x00007f40a8600000, 0x00007f40a8600000, 0x00007f40ca840000)
  from space 69888K,   0% used [0x00007f40ca840000, 0x00007f40ca840000, 0x00007f40cec80000)
  to   space 69888K,   0% used [0x00007f40cec80000, 0x00007f40cec80000, 0x00007f40d30c0000)
 tenured generation   total 1398144K, used 13576K [0x00007f45fdb50000, 0x00007f46530b0000, 0x00007f50a8600000)
   the space 1398144K,   0% used [0x00007f45fdb50000, 0x00007f45fe8923c8, 0x00007f45fe892400, 0x00007f46530b0000)
 Metaspace       used 20899K, capacity 21208K, committed 21248K, reserved 22528K
}
Event: 4.015 GC heap before
{Heap before GC invocations=1 (full 1):
 def new generation   total 629248K, used 559360K [0x00007f40a8600000, 0x00007f40d30c0000, 0x00007f45fdb50000)
  eden space 559360K, 100% used [0x00007f40a8600000, 0x00007f40ca840000, 0x00007f40ca840000)
  from space 69888K,   0% used [0x00007f40ca840000, 0x00007f40ca840000, 0x00007f40cec80000)
  to   space 69888K,   0% used [0x00007f40cec80000, 0x00007f40cec80000, 0x00007f40d30c0000)
 tenured generation   total 1398144K, used 13576K [0x00007f45fdb50000, 0x00007f46530b0000, 0x00007f50a8600000)
   the space 1398144K,   0% used [0x00007f45fdb50000, 0x00007f45fe8923c8, 0x00007f45fe892400, 0x00007f46530b0000)
 Metaspace       used 22799K, capacity 23149K, committed 23296K, reserved 24576K
}
Event: 4.021 GC heap after
{Heap after GC invocations=2 (full 1):
 def new generation   total 629248K, used 714K [0x00007f40a8600000, 0x00007f40d30c0000, 0x00007f45fdb50000)
  eden space 559360K,   0% used [0x00007f40a8600000, 0x00007f40a8600000, 0x00007f40ca840000)
  from space 69888K,   1% used [0x00007f40cec80000, 0x00007f40ced32af8, 0x00007f40d30c0000)
  to   space 69888K,   0% used [0x00007f40ca840000, 0x00007f40ca840000, 0x00007f40cec80000)
 tenured generation   total 1398144K, used 13576K [0x00007f45fdb50000, 0x00007f46530b0000, 0x00007f50a8600000)
   the space 1398144K,   0% used [0x00007f45fdb50000, 0x00007f45fe8923c8, 0x00007f45fe892400, 0x00007f46530b0000)
 Metaspace       used 22799K, capacity 23149K, committed 23296K, reserved 24576K
}
Event: 4.398 GC heap before
{Heap before GC invocations=2 (full 1):
 def new generation   total 629248K, used 303291K [0x00007f40a8600000, 0x00007f40d30c0000, 0x00007f45fdb50000)
  eden space 559360K,  54% used [0x00007f40a8600000, 0x00007f40bad7c2c0, 0x00007f40ca840000)
  from space 69888K,   1% used [0x00007f40cec80000, 0x00007f40ced32af8, 0x00007f40d30c0000)
  to   space 69888K,   0% used [0x00007f40ca840000, 0x00007f40ca840000, 0x00007f40cec80000)
 tenured generation   total 1398144K, used 13576K [0x00007f45fdb50000, 0x00007f46530b0000, 0x00007f50a8600000)
   the space 1398144K,   0% used [0x00007f45fdb50000, 0x00007f45fe8923c8, 0x00007f45fe892400, 0x00007f46530b0000)
 Metaspace       used 22997K, capacity 23373K, committed 23552K, reserved 24576K
}
Event: 4.442 GC heap after
{Heap after GC invocations=3 (full 1):
 def new generation   total 629248K, used 66510K [0x00007f40a8600000, 0x00007f40d30c0000, 0x00007f45fdb50000)
  eden space 559360K,   0% used [0x00007f40a8600000, 0x00007f40a8600000, 0x00007f40ca840000)
  from space 69888K,  95% used [0x00007f40ca840000, 0x00007f40ce933890, 0x00007f40cec80000)
  to   space 69888K,   0% used [0x00007f40cec80000, 0x00007f40cec80000, 0x00007f40d30c0000)
 tenured generation   total 1398144K, used 13576K [0x00007f45fdb50000, 0x00007f46530b0000, 0x00007f50a8600000)
   the space 1398144K,   0% used [0x00007f45fdb50000, 0x00007f45fe8923c8, 0x00007f45fe892400, 0x00007f46530b0000)
 Metaspace       used 22997K, capacity 23373K, committed 23552K, reserved 24576K
}
Event: 4.801 GC heap before
{Heap before GC invocations=3 (full 1):
 def new generation   total 629248K, used 601655K [0x00007f40a8600000, 0x00007f40d30c0000, 0x00007f45fdb50000)
  eden space 559360K,  95% used [0x00007f40a8600000, 0x00007f40c909a478, 0x00007f40ca840000)
  from space 69888K,  95% used [0x00007f40ca840000, 0x00007f40ce933890, 0x00007f40cec80000)
  to   space 69888K,   0% used [0x00007f40cec80000, 0x00007f40cec80000, 0x00007f40d30c0000)
 tenured generation   total 1398144K, used 13576K [0x00007f45fdb50000, 0x00007f46530b0000, 0x00007f50a8600000)
   the space 1398144K,   0% used [0x00007f45fdb50000, 0x00007f45fe8923c8, 0x00007f45fe892400, 0x00007f46530b0000)
 Metaspace       used 22998K, capacity 23373K, committed 23552K, reserved 24576K
}
Event: 4.885 GC heap after
{Heap after GC invocations=4 (full 1):
 def new generation   total 629248K, used 65537K [0x00007f40a8600000, 0x00007f40d30c0000, 0x00007f45fdb50000)
  eden space 559360K,   0% used [0x00007f40a8600000, 0x00007f40a8600000, 0x00007f40ca840000)
  from space 69888K,  93% used [0x00007f40cec80000, 0x00007f40d2c80408, 0x00007f40d30c0000)
  to   space 69888K,   0% used [0x00007f40ca840000, 0x00007f40ca840000, 0x00007f40cec80000)
 tenured generation   total 1398144K, used 80084K [0x00007f45fdb50000, 0x00007f46530b0000, 0x00007f50a8600000)
   the space 1398144K,   5% used [0x00007f45fdb50000, 0x00007f4602985088, 0x00007f4602985200, 0x00007f46530b0000)
 Metaspace       used 22998K, capacity 23373K, committed 23552K, reserved 24576K
}
Event: 5.286 GC heap before
{Heap before GC invocations=4 (full 1):
 def new generation   total 629248K, used 599394K [0x00007f40a8600000, 0x00007f40d30c0000, 0x00007f45fdb50000)
  eden space 559360K,  95% used [0x00007f40a8600000, 0x00007f40c8f585b0, 0x00007f40ca840000)
  from space 69888K,  93% used [0x00007f40cec80000, 0x00007f40d2c80408, 0x00007f40d30c0000)
  to   space 69888K,   0% used [0x00007f40ca840000, 0x00007f40ca840000, 0x00007f40cec80000)
 tenured generation   total 1398144K, used 80084K [0x00007f45fdb50000, 0x00007f46530b0000, 0x00007f50a8600000)
   the space 1398144K,   5% used [0x00007f45fdb50000, 0x00007f4602985088, 0x00007f4602985200, 0x00007f46530b0000)
 Metaspace       used 23001K, capacity 23373K, committed 23552K, reserved 24576K
}
Event: 5.322 GC heap after
{Heap after GC invocations=5 (full 1):
 def new generation   total 629248K, used 67684K [0x00007f40a8600000, 0x00007f40d30c0000, 0x00007f45fdb50000)
  eden space 559360K,   0% used [0x00007f40a8600000, 0x00007f40a8600000, 0x00007f40ca840000)
  from space 69888K,  96% used [0x00007f40ca840000, 0x00007f40cea59000, 0x00007f40cec80000)
  to   space 69888K,   0% used [0x00007f40cec80000, 0x00007f40cec80000, 0x00007f40d30c0000)
 tenured generation   total 1398144K, used 121044K [0x00007f45fdb50000, 0x00007f46530b0000, 0x00007f50a8600000)
   the space 1398144K,   8% used [0x00007f45fdb50000, 0x00007f46051851d8, 0x00007f4605185200, 0x00007f46530b0000)
 Metaspace       used 23001K, capacity 23373K, committed 23552K, reserved 24576K
}
Event: 5.372 GC heap before
{Heap before GC invocations=5 (full 1):
 def new generation   total 629248K, used 144159K [0x00007f40a8600000, 0x00007f40d30c0000, 0x00007f45fdb50000)
  eden space 559360K,  13% used [0x00007f40a8600000, 0x00007f40ad0aec08, 0x00007f40ca840000)
  from space 69888K,  96% used [0x00007f40ca840000, 0x00007f40cea59000, 0x00007f40cec80000)
  to   space 69888K,   0% used [0x00007f40cec80000, 0x00007f40cec80000, 0x00007f40d30c0000)
 tenured generation   total 1398144K, used 121044K [0x00007f45fdb50000, 0x00007f46530b0000, 0x00007f50a8600000)
   the space 1398144K,   8% used [0x00007f45fdb50000, 0x00007f46051851d8, 0x00007f4605185200, 0x00007f46530b0000)
 Metaspace       used 23001K, capacity 23373K, committed 23552K, reserved 24576K
}
Event: 5.378 GC heap after
{Heap after GC invocations=6 (full 1):
 def new generation   total 629248K, used 32801K [0x00007f40a8600000, 0x00007f40d30c0000, 0x00007f45fdb50000)
  eden space 559360K,   0% used [0x00007f40a8600000, 0x00007f40a8600000, 0x00007f40ca840000)
  from space 69888K,  46% used [0x00007f40cec80000, 0x00007f40d0c884e8, 0x00007f40d30c0000)
  to   space 69888K,   0% used [0x00007f40ca840000, 0x00007f40ca840000, 0x00007f40cec80000)
 tenured generation   total 1398144K, used 123159K [0x00007f45fdb50000, 0x00007f46530b0000, 0x00007f50a8600000)
   the space 1398144K,   8% used [0x00007f45fdb50000, 0x00007f4605395d28, 0x00007f4605395e00, 0x00007f46530b0000)
 Metaspace       used 23001K, capacity 23373K, committed 23552K, reserved 24576K
}
Event: 5.378 GC heap before
{Heap before GC invocations=6 (full 1):
 def new generation   total 629248K, used 32801K [0x00007f40a8600000, 0x00007f40d30c0000, 0x00007f45fdb50000)
  eden space 559360K,   0% used [0x00007f40a8600000, 0x00007f40a8600000, 0x00007f40ca840000)
  from space 69888K,  46% used [0x00007f40cec80000, 0x00007f40d0c884e8, 0x00007f40d30c0000)
  to   space 69888K,   0% used [0x00007f40ca840000, 0x00007f40ca840000, 0x00007f40cec80000)
 tenured generation   total 1398144K, used 123159K [0x00007f45fdb50000, 0x00007f46530b0000, 0x00007f50a8600000)
   the space 1398144K,   8% used [0x00007f45fdb50000, 0x00007f4605395d28, 0x00007f4605395e00, 0x00007f46530b0000)
 Metaspace       used 23001K, capacity 23373K, committed 23552K, reserved 24576K
}
Event: 5.406 GC heap after
{Heap after GC invocations=6 (full 2):
 def new generation   total 629248K, used 0K [0x00007f40a8600000, 0x00007f40d30c0000, 0x00007f45fdb50000)
  eden space 559360K,   0% used [0x00007f40a8600000, 0x00007f40a8600000, 0x00007f40ca840000)
  from space 69888K,   0% used [0x00007f40cec80000, 0x00007f40cec80000, 0x00007f40d30c0000)
  to   space 69888K,   0% used [0x00007f40ca840000, 0x00007f40ca840000, 0x00007f40cec80000)
 tenured generation   total 1398144K, used 47353K [0x00007f45fdb50000, 0x00007f46530b0000, 0x00007f50a8600000)
   the space 1398144K,   3% used [0x00007f45fdb50000, 0x00007f460098e520, 0x00007f460098e600, 0x00007f46530b0000)
 Metaspace       used 23001K, capacity 23373K, committed 23552K, reserved 24576K
}

