# JRE version: OpenJDK Runtime Environment (13.0.7+5) (build 13.0.7+5-Ubuntu-0ubuntu120.04)
# Java VM: OpenJDK 64-Bit Server VM (13.0.7+5-Ubuntu-0ubuntu120.04, mixed mode, tiered, serial gc, linux-amd64)
Heap:
 def new generation   total 2913792K, used 33632K [0x00007fab54600000, 0x00007fac19fa0000, 0x00007fb0a9b50000)
  eden space 2590080K,   1% used [0x00007fab54600000, 0x00007fab566d8288, 0x00007fabf2760000)
  from space 323712K,   0% used [0x00007fabf2760000, 0x00007fabf2760000, 0x00007fac06380000)
  to   space 323712K,   0% used [0x00007fac06380000, 0x00007fac06380000, 0x00007fac19fa0000)
 tenured generation   total 6476684K, used 6476684K [0x00007fb0a9b50000, 0x00007fb235033000, 0x00007fbb54600000)
   the space 6476684K, 100% used [0x00007fb0a9b50000, 0x00007fb235033000, 0x00007fb235033000, 0x00007fb235033000)
 Metaspace       used 24168K, capacity 24583K, committed 24832K, reserved 26624K
GC Heap History (20 events):
Event: 7174.103 GC heap after
{Heap after GC invocations=6338 (full 4):
 def new generation   total 2913792K, used 33742K [0x00007fab54600000, 0x00007fac19fa0000, 0x00007fb0a9b50000)
  eden space 2590080K,   0% used [0x00007fab54600000, 0x00007fab54600000, 0x00007fabf2760000)
  from space 323712K,  10% used [0x00007fac06380000, 0x00007fac08473b30, 0x00007fac19fa0000)
  to   space 323712K,   0% used [0x00007fabf2760000, 0x00007fabf2760000, 0x00007fac06380000)
 tenured generation   total 6474956K, used 6456358K [0x00007fb0a9b50000, 0x00007fb234e83000, 0x00007fbb54600000)
   the space 6474956K,  99% used [0x00007fb0a9b50000, 0x00007fb233c59840, 0x00007fb233c59a00, 0x00007fb234e83000)
 Metaspace       used 24168K, capacity 24583K, committed 24832K, reserved 26624K
}
Event: 7176.576 GC heap before
{Heap before GC invocations=6338 (full 4):
 def new generation   total 2913792K, used 2623822K [0x00007fab54600000, 0x00007fac19fa0000, 0x00007fb0a9b50000)
  eden space 2590080K, 100% used [0x00007fab54600000, 0x00007fabf2760000, 0x00007fabf2760000)
  from space 323712K,  10% used [0x00007fac06380000, 0x00007fac08473b30, 0x00007fac19fa0000)
  to   space 323712K,   0% used [0x00007fabf2760000, 0x00007fabf2760000, 0x00007fac06380000)
 tenured generation   total 6474956K, used 6456358K [0x00007fb0a9b50000, 0x00007fb234e83000, 0x00007fbb54600000)
   the space 6474956K,  99% used [0x00007fb0a9b50000, 0x00007fb233c59840, 0x00007fb233c59a00, 0x00007fb234e83000)
 Metaspace       used 24168K, capacity 24583K, committed 24832K, reserved 26624K
}
Event: 7176.670 GC heap after
{Heap after GC invocations=6339 (full 4):
 def new generation   total 2913792K, used 33736K [0x00007fab54600000, 0x00007fac19fa0000, 0x00007fb0a9b50000)
  eden space 2590080K,   0% used [0x00007fab54600000, 0x00007fab54600000, 0x00007fabf2760000)
  from space 323712K,  10% used [0x00007fabf2760000, 0x00007fabf48520d8, 0x00007fac06380000)
  to   space 323712K,   0% used [0x00007fac06380000, 0x00007fac06380000, 0x00007fac19fa0000)
 tenured generation   total 6474956K, used 6458631K [0x00007fb0a9b50000, 0x00007fb234e83000, 0x00007fbb54600000)
   the space 6474956K,  99% used [0x00007fb0a9b50000, 0x00007fb233e91c80, 0x00007fb233e91e00, 0x00007fb234e83000)
 Metaspace       used 24168K, capacity 24583K, committed 24832K, reserved 26624K
}
Event: 7179.126 GC heap before
{Heap before GC invocations=6339 (full 4):
 def new generation   total 2913792K, used 2623816K [0x00007fab54600000, 0x00007fac19fa0000, 0x00007fb0a9b50000)
  eden space 2590080K, 100% used [0x00007fab54600000, 0x00007fabf2760000, 0x00007fabf2760000)
  from space 323712K,  10% used [0x00007fabf2760000, 0x00007fabf48520d8, 0x00007fac06380000)
  to   space 323712K,   0% used [0x00007fac06380000, 0x00007fac06380000, 0x00007fac19fa0000)
 tenured generation   total 6474956K, used 6458631K [0x00007fb0a9b50000, 0x00007fb234e83000, 0x00007fbb54600000)
   the space 6474956K,  99% used [0x00007fb0a9b50000, 0x00007fb233e91c80, 0x00007fb233e91e00, 0x00007fb234e83000)
 Metaspace       used 24168K, capacity 24583K, committed 24832K, reserved 26624K
}
Event: 7179.226 GC heap after
{Heap after GC invocations=6340 (full 4):
 def new generation   total 2913792K, used 33814K [0x00007fab54600000, 0x00007fac19fa0000, 0x00007fb0a9b50000)
  eden space 2590080K,   0% used [0x00007fab54600000, 0x00007fab54600000, 0x00007fabf2760000)
  from space 323712K,  10% used [0x00007fac06380000, 0x00007fac084858e0, 0x00007fac19fa0000)
  to   space 323712K,   0% used [0x00007fabf2760000, 0x00007fabf2760000, 0x00007fac06380000)
 tenured generation   total 6474956K, used 6460830K [0x00007fb0a9b50000, 0x00007fb234e83000, 0x00007fbb54600000)
   the space 6474956K,  99% used [0x00007fb0a9b50000, 0x00007fb2340b7ae0, 0x00007fb2340b7c00, 0x00007fb234e83000)
 Metaspace       used 24168K, capacity 24583K, committed 24832K, reserved 26624K
}
Event: 7181.690 GC heap before
{Heap before GC invocations=6340 (full 4):
 def new generation   total 2913792K, used 2623894K [0x00007fab54600000, 0x00007fac19fa0000, 0x00007fb0a9b50000)
  eden space 2590080K, 100% used [0x00007fab54600000, 0x00007fabf2760000, 0x00007fabf2760000)
  from space 323712K,  10% used [0x00007fac06380000, 0x00007fac084858e0, 0x00007fac19fa0000)
  to   space 323712K,   0% used [0x00007fabf2760000, 0x00007fabf2760000, 0x00007fac06380000)
 tenured generation   total 6474956K, used 6460830K [0x00007fb0a9b50000, 0x00007fb234e83000, 0x00007fbb54600000)
   the space 6474956K,  99% used [0x00007fb0a9b50000, 0x00007fb2340b7ae0, 0x00007fb2340b7c00, 0x00007fb234e83000)
 Metaspace       used 24168K, capacity 24583K, committed 24832K, reserved 26624K
}
Event: 7181.793 GC heap after
{Heap after GC invocations=6341 (full 4):
 def new generation   total 2913792K, used 33740K [0x00007fab54600000, 0x00007fac19fa0000, 0x00007fb0a9b50000)
  eden space 2590080K,   0% used [0x00007fab54600000, 0x00007fab54600000, 0x00007fabf2760000)
  from space 323712K,  10% used [0x00007fabf2760000, 0x00007fabf4853200, 0x00007fac06380000)
  to   space 323712K,   0% used [0x00007fac06380000, 0x00007fac06380000, 0x00007fac19fa0000)
 tenured generation   total 6474956K, used 6463099K [0x00007fb0a9b50000, 0x00007fb234e83000, 0x00007fbb54600000)
   the space 6474956K,  99% used [0x00007fb0a9b50000, 0x00007fb2342eede0, 0x00007fb2342eee00, 0x00007fb234e83000)
 Metaspace       used 24168K, capacity 24583K, committed 24832K, reserved 26624K
}
Event: 7184.363 GC heap before
{Heap before GC invocations=6341 (full 4):
 def new generation   total 2913792K, used 2623820K [0x00007fab54600000, 0x00007fac19fa0000, 0x00007fb0a9b50000)
  eden space 2590080K, 100% used [0x00007fab54600000, 0x00007fabf2760000, 0x00007fabf2760000)
  from space 323712K,  10% used [0x00007fabf2760000, 0x00007fabf4853200, 0x00007fac06380000)
  to   space 323712K,   0% used [0x00007fac06380000, 0x00007fac06380000, 0x00007fac19fa0000)
 tenured generation   total 6474956K, used 6463099K [0x00007fb0a9b50000, 0x00007fb234e83000, 0x00007fbb54600000)
   the space 6474956K,  99% used [0x00007fb0a9b50000, 0x00007fb2342eede0, 0x00007fb2342eee00, 0x00007fb234e83000)
 Metaspace       used 24168K, capacity 24583K, committed 24832K, reserved 26624K
}
Event: 7184.459 GC heap after
{Heap after GC invocations=6342 (full 4):
 def new generation   total 2913792K, used 33742K [0x00007fab54600000, 0x00007fac19fa0000, 0x00007fb0a9b50000)
  eden space 2590080K,   0% used [0x00007fab54600000, 0x00007fab54600000, 0x00007fabf2760000)
  from space 323712K,  10% used [0x00007fac06380000, 0x00007fac08473838, 0x00007fac19fa0000)
  to   space 323712K,   0% used [0x00007fabf2760000, 0x00007fabf2760000, 0x00007fac06380000)
 tenured generation   total 6474956K, used 6465368K [0x00007fb0a9b50000, 0x00007fb234e83000, 0x00007fbb54600000)
   the space 6474956K,  99% used [0x00007fb0a9b50000, 0x00007fb2345260e0, 0x00007fb234526200, 0x00007fb234e83000)
 Metaspace       used 24168K, capacity 24583K, committed 24832K, reserved 26624K
}
Event: 7186.872 GC heap before
{Heap before GC invocations=6342 (full 4):
 def new generation   total 2913792K, used 2623822K [0x00007fab54600000, 0x00007fac19fa0000, 0x00007fb0a9b50000)
  eden space 2590080K, 100% used [0x00007fab54600000, 0x00007fabf2760000, 0x00007fabf2760000)
  from space 323712K,  10% used [0x00007fac06380000, 0x00007fac08473838, 0x00007fac19fa0000)
  to   space 323712K,   0% used [0x00007fabf2760000, 0x00007fabf2760000, 0x00007fac06380000)
 tenured generation   total 6474956K, used 6465368K [0x00007fb0a9b50000, 0x00007fb234e83000, 0x00007fbb54600000)
   the space 6474956K,  99% used [0x00007fb0a9b50000, 0x00007fb2345260e0, 0x00007fb234526200, 0x00007fb234e83000)
 Metaspace       used 24168K, capacity 24583K, committed 24832K, reserved 26624K
}
Event: 7186.966 GC heap after
{Heap after GC invocations=6343 (full 4):
 def new generation   total 2913792K, used 33812K [0x00007fab54600000, 0x00007fac19fa0000, 0x00007fb0a9b50000)
  eden space 2590080K,   0% used [0x00007fab54600000, 0x00007fab54600000, 0x00007fabf2760000)
  from space 323712K,  10% used [0x00007fabf2760000, 0x00007fabf4865200, 0x00007fac06380000)
  to   space 323712K,   0% used [0x00007fac06380000, 0x00007fac06380000, 0x00007fac19fa0000)
 tenured generation   total 6474956K, used 6467572K [0x00007fb0a9b50000, 0x00007fb234e83000, 0x00007fbb54600000)
   the space 6474956K,  99% used [0x00007fb0a9b50000, 0x00007fb23474d080, 0x00007fb23474d200, 0x00007fb234e83000)
 Metaspace       used 24168K, capacity 24583K, committed 24832K, reserved 26624K
}
Event: 7189.377 GC heap before
{Heap before GC invocations=6343 (full 4):
 def new generation   total 2913792K, used 2623892K [0x00007fab54600000, 0x00007fac19fa0000, 0x00007fb0a9b50000)
  eden space 2590080K, 100% used [0x00007fab54600000, 0x00007fabf2760000, 0x00007fabf2760000)
  from space 323712K,  10% used [0x00007fabf2760000, 0x00007fabf4865200, 0x00007fac06380000)
  to   space 323712K,   0% used [0x00007fac06380000, 0x00007fac06380000, 0x00007fac19fa0000)
 tenured generation   total 6474956K, used 6467572K [0x00007fb0a9b50000, 0x00007fb234e83000, 0x00007fbb54600000)
   the space 6474956K,  99% used [0x00007fb0a9b50000, 0x00007fb23474d080, 0x00007fb23474d200, 0x00007fb234e83000)
 Metaspace       used 24168K, capacity 24583K, committed 24832K, reserved 26624K
}
Event: 7189.475 GC heap after
{Heap after GC invocations=6344 (full 4):
 def new generation   total 2913792K, used 33746K [0x00007fab54600000, 0x00007fac19fa0000, 0x00007fb0a9b50000)
  eden space 2590080K,   0% used [0x00007fab54600000, 0x00007fab54600000, 0x00007fabf2760000)
  from space 323712K,  10% used [0x00007fac06380000, 0x00007fac08474980, 0x00007fac19fa0000)
  to   space 323712K,   0% used [0x00007fabf2760000, 0x00007fabf2760000, 0x00007fac06380000)
 tenured generation   total 6474956K, used 6469840K [0x00007fb0a9b50000, 0x00007fb234e83000, 0x00007fbb54600000)
   the space 6474956K,  99% used [0x00007fb0a9b50000, 0x00007fb234984380, 0x00007fb234984400, 0x00007fb234e83000)
 Metaspace       used 24168K, capacity 24583K, committed 24832K, reserved 26624K
}
Event: 7191.858 GC heap before
{Heap before GC invocations=6344 (full 4):
 def new generation   total 2913792K, used 2623826K [0x00007fab54600000, 0x00007fac19fa0000, 0x00007fb0a9b50000)
  eden space 2590080K, 100% used [0x00007fab54600000, 0x00007fabf2760000, 0x00007fabf2760000)
  from space 323712K,  10% used [0x00007fac06380000, 0x00007fac08474980, 0x00007fac19fa0000)
  to   space 323712K,   0% used [0x00007fabf2760000, 0x00007fabf2760000, 0x00007fac06380000)
 tenured generation   total 6474956K, used 6469840K [0x00007fb0a9b50000, 0x00007fb234e83000, 0x00007fbb54600000)
   the space 6474956K,  99% used [0x00007fb0a9b50000, 0x00007fb234984380, 0x00007fb234984400, 0x00007fb234e83000)
 Metaspace       used 24168K, capacity 24583K, committed 24832K, reserved 26624K
}
Event: 7191.952 GC heap after
{Heap after GC invocations=6345 (full 4):
 def new generation   total 2913792K, used 33742K [0x00007fab54600000, 0x00007fac19fa0000, 0x00007fb0a9b50000)
  eden space 2590080K,   0% used [0x00007fab54600000, 0x00007fab54600000, 0x00007fabf2760000)
  from space 323712K,  10% used [0x00007fabf2760000, 0x00007fabf48538e8, 0x00007fac06380000)
  to   space 323712K,   0% used [0x00007fac06380000, 0x00007fac06380000, 0x00007fac19fa0000)
 tenured generation   total 6474956K, used 6472109K [0x00007fb0a9b50000, 0x00007fb234e83000, 0x00007fbb54600000)
   the space 6474956K,  99% used [0x00007fb0a9b50000, 0x00007fb234bbb680, 0x00007fb234bbb800, 0x00007fb234e83000)
 Metaspace       used 24168K, capacity 24583K, committed 24832K, reserved 26624K
}
Event: 7194.296 GC heap before
{Heap before GC invocations=6345 (full 4):
 def new generation   total 2913792K, used 2623822K [0x00007fab54600000, 0x00007fac19fa0000, 0x00007fb0a9b50000)
  eden space 2590080K, 100% used [0x00007fab54600000, 0x00007fabf2760000, 0x00007fabf2760000)
  from space 323712K,  10% used [0x00007fabf2760000, 0x00007fabf48538e8, 0x00007fac06380000)
  to   space 323712K,   0% used [0x00007fac06380000, 0x00007fac06380000, 0x00007fac19fa0000)
 tenured generation   total 6474956K, used 6472109K [0x00007fb0a9b50000, 0x00007fb234e83000, 0x00007fbb54600000)
   the space 6474956K,  99% used [0x00007fb0a9b50000, 0x00007fb234bbb680, 0x00007fb234bbb800, 0x00007fb234e83000)
 Metaspace       used 24168K, capacity 24583K, committed 24832K, reserved 26624K
}
Event: 7194.388 GC heap after
{Heap after GC invocations=6346 (full 4):
 def new generation   total 2913792K, used 33809K [0x00007fab54600000, 0x00007fac19fa0000, 0x00007fb0a9b50000)
  eden space 2590080K,   0% used [0x00007fab54600000, 0x00007fab54600000, 0x00007fabf2760000)
  from space 323712K,  10% used [0x00007fac06380000, 0x00007fac08484490, 0x00007fac19fa0000)
  to   space 323712K,   0% used [0x00007fabf2760000, 0x00007fabf2760000, 0x00007fac06380000)
 tenured generation   total 6474956K, used 6474313K [0x00007fb0a9b50000, 0x00007fb234e83000, 0x00007fbb54600000)
   the space 6474956K,  99% used [0x00007fb0a9b50000, 0x00007fb234de2620, 0x00007fb234de2800, 0x00007fb234e83000)
 Metaspace       used 24168K, capacity 24583K, committed 24832K, reserved 26624K
}
Event: 7196.767 GC heap before
{Heap before GC invocations=6346 (full 4):
 def new generation   total 2913792K, used 2623889K [0x00007fab54600000, 0x00007fac19fa0000, 0x00007fb0a9b50000)
  eden space 2590080K, 100% used [0x00007fab54600000, 0x00007fabf2760000, 0x00007fabf2760000)
  from space 323712K,  10% used [0x00007fac06380000, 0x00007fac08484490, 0x00007fac19fa0000)
  to   space 323712K,   0% used [0x00007fabf2760000, 0x00007fabf2760000, 0x00007fac06380000)
 tenured generation   total 6474956K, used 6474313K [0x00007fb0a9b50000, 0x00007fb234e83000, 0x00007fbb54600000)
   the space 6474956K,  99% used [0x00007fb0a9b50000, 0x00007fb234de2620, 0x00007fb234de2800, 0x00007fb234e83000)
 Metaspace       used 24168K, capacity 24583K, committed 24832K, reserved 26624K
}
Event: 7196.863 GC heap after
{Heap after GC invocations=6347 (full 4):
 def new generation   total 2913792K, used 33734K [0x00007fab54600000, 0x00007fac19fa0000, 0x00007fb0a9b50000)
  eden space 2590080K,   0% used [0x00007fab54600000, 0x00007fab54600000, 0x00007fabf2760000)
  from space 323712K,  10% used [0x00007fabf2760000, 0x00007fabf4851968, 0x00007fac06380000)
  to   space 323712K,   0% used [0x00007fac06380000, 0x00007fac06380000, 0x00007fac19fa0000)
 tenured generation   total 6476684K, used 6476582K [0x00007fb0a9b50000, 0x00007fb235033000, 0x00007fbb54600000)
   the space 6476684K,  99% used [0x00007fb0a9b50000, 0x00007fb235019920, 0x00007fb235019a00, 0x00007fb235033000)
 Metaspace       used 24168K, capacity 24583K, committed 24832K, reserved 26624K
}
Event: 7196.863 GC heap before
{Heap before GC invocations=6347 (full 4):
 def new generation   total 2913792K, used 33734K [0x00007fab54600000, 0x00007fac19fa0000, 0x00007fb0a9b50000)
  eden space 2590080K,   0% used [0x00007fab54600000, 0x00007fab54600000, 0x00007fabf2760000)
  from space 323712K,  10% used [0x00007fabf2760000, 0x00007fabf4851968, 0x00007fac06380000)
  to   space 323712K,   0% used [0x00007fac06380000, 0x00007fac06380000, 0x00007fac19fa0000)
 tenured generation   total 6476684K, used 6476582K [0x00007fb0a9b50000, 0x00007fb235033000, 0x00007fbb54600000)
   the space 6476684K,  99% used [0x00007fb0a9b50000, 0x00007fb235019920, 0x00007fb235019a00, 0x00007fb235033000)
 Metaspace       used 24168K, capacity 24583K, committed 24832K, reserved 26624K
}

