# JRE version: OpenJDK Runtime Environment (13.0.7+5) (build 13.0.7+5-Ubuntu-0ubuntu120.04)
# Java VM: OpenJDK 64-Bit Server VM (13.0.7+5-Ubuntu-0ubuntu120.04, mixed mode, tiered, serial gc, linux-amd64)
Heap:
 def new generation   total 1749696K, used 25341K [0x00007f698c600000, 0x00007f6a03080000, 0x00007f6ee1b50000)
  eden space 1555328K,   1% used [0x00007f698c600000, 0x00007f698debf780, 0x00007f69eb4e0000)
  from space 194368K,   0% used [0x00007f69f72b0000, 0x00007f69f72b0000, 0x00007f6a03080000)
  to   space 194368K,   0% used [0x00007f69eb4e0000, 0x00007f69eb4e0000, 0x00007f69f72b0000)
 tenured generation   total 3890304K, used 3890303K [0x00007f6ee1b50000, 0x00007f6fcf270000, 0x00007f798c600000)
   the space 3890304K,  99% used [0x00007f6ee1b50000, 0x00007f6fcf26ff78, 0x00007f6fcf270000, 0x00007f6fcf270000)
 Metaspace       used 24357K, capacity 24783K, committed 25088K, reserved 26624K
GC Heap History (20 events):
Event: 2787.124 GC heap after
{Heap after GC invocations=3203 (full 3):
 def new generation   total 1749696K, used 32982K [0x00007f698c600000, 0x00007f6a03080000, 0x00007f6ee1b50000)
  eden space 1555328K,   0% used [0x00007f698c600000, 0x00007f698c600000, 0x00007f69eb4e0000)
  from space 194368K,  16% used [0x00007f69eb4e0000, 0x00007f69ed515b38, 0x00007f69f72b0000)
  to   space 194368K,   0% used [0x00007f69f72b0000, 0x00007f69f72b0000, 0x00007f6a03080000)
 tenured generation   total 3888000K, used 3869910K [0x00007f6ee1b50000, 0x00007f6fcf030000, 0x00007f798c600000)
   the space 3888000K,  99% used [0x00007f6ee1b50000, 0x00007f6fcde85be8, 0x00007f6fcde85c00, 0x00007f6fcf030000)
 Metaspace       used 24357K, capacity 24783K, committed 25088K, reserved 26624K
}
Event: 2788.483 GC heap before
{Heap before GC invocations=3203 (full 3):
 def new generation   total 1749696K, used 1588310K [0x00007f698c600000, 0x00007f6a03080000, 0x00007f6ee1b50000)
  eden space 1555328K, 100% used [0x00007f698c600000, 0x00007f69eb4e0000, 0x00007f69eb4e0000)
  from space 194368K,  16% used [0x00007f69eb4e0000, 0x00007f69ed515b38, 0x00007f69f72b0000)
  to   space 194368K,   0% used [0x00007f69f72b0000, 0x00007f69f72b0000, 0x00007f6a03080000)
 tenured generation   total 3888000K, used 3869910K [0x00007f6ee1b50000, 0x00007f6fcf030000, 0x00007f798c600000)
   the space 3888000K,  99% used [0x00007f6ee1b50000, 0x00007f6fcde85be8, 0x00007f6fcde85c00, 0x00007f6fcf030000)
 Metaspace       used 24357K, capacity 24783K, committed 25088K, reserved 26624K
}
Event: 2788.587 GC heap after
{Heap after GC invocations=3204 (full 3):
 def new generation   total 1749696K, used 33422K [0x00007f698c600000, 0x00007f6a03080000, 0x00007f6ee1b50000)
  eden space 1555328K,   0% used [0x00007f698c600000, 0x00007f698c600000, 0x00007f69eb4e0000)
  from space 194368K,  17% used [0x00007f69f72b0000, 0x00007f69f93539f0, 0x00007f6a03080000)
  to   space 194368K,   0% used [0x00007f69eb4e0000, 0x00007f69eb4e0000, 0x00007f69f72b0000)
 tenured generation   total 3888000K, used 3872231K [0x00007f6ee1b50000, 0x00007f6fcf030000, 0x00007f798c600000)
   the space 3888000K,  99% used [0x00007f6ee1b50000, 0x00007f6fce0c9cd0, 0x00007f6fce0c9e00, 0x00007f6fcf030000)
 Metaspace       used 24357K, capacity 24783K, committed 25088K, reserved 26624K
}
Event: 2790.041 GC heap before
{Heap before GC invocations=3204 (full 3):
 def new generation   total 1749696K, used 1588750K [0x00007f698c600000, 0x00007f6a03080000, 0x00007f6ee1b50000)
  eden space 1555328K, 100% used [0x00007f698c600000, 0x00007f69eb4e0000, 0x00007f69eb4e0000)
  from space 194368K,  17% used [0x00007f69f72b0000, 0x00007f69f93539f0, 0x00007f6a03080000)
  to   space 194368K,   0% used [0x00007f69eb4e0000, 0x00007f69eb4e0000, 0x00007f69f72b0000)
 tenured generation   total 3888000K, used 3872231K [0x00007f6ee1b50000, 0x00007f6fcf030000, 0x00007f798c600000)
   the space 3888000K,  99% used [0x00007f6ee1b50000, 0x00007f6fce0c9cd0, 0x00007f6fce0c9e00, 0x00007f6fcf030000)
 Metaspace       used 24357K, capacity 24783K, committed 25088K, reserved 26624K
}
Event: 2790.145 GC heap after
{Heap after GC invocations=3205 (full 3):
 def new generation   total 1749696K, used 34750K [0x00007f698c600000, 0x00007f6a03080000, 0x00007f6ee1b50000)
  eden space 1555328K,   0% used [0x00007f698c600000, 0x00007f698c600000, 0x00007f69eb4e0000)
  from space 194368K,  17% used [0x00007f69eb4e0000, 0x00007f69ed6cfad8, 0x00007f69f72b0000)
  to   space 194368K,   0% used [0x00007f69f72b0000, 0x00007f69f72b0000, 0x00007f6a03080000)
 tenured generation   total 3888000K, used 3873575K [0x00007f6ee1b50000, 0x00007f6fcf030000, 0x00007f798c600000)
   the space 3888000K,  99% used [0x00007f6ee1b50000, 0x00007f6fce219f50, 0x00007f6fce21a000, 0x00007f6fcf030000)
 Metaspace       used 24357K, capacity 24783K, committed 25088K, reserved 26624K
}
Event: 2791.404 GC heap before
{Heap before GC invocations=3205 (full 3):
 def new generation   total 1749696K, used 1590078K [0x00007f698c600000, 0x00007f6a03080000, 0x00007f6ee1b50000)
  eden space 1555328K, 100% used [0x00007f698c600000, 0x00007f69eb4e0000, 0x00007f69eb4e0000)
  from space 194368K,  17% used [0x00007f69eb4e0000, 0x00007f69ed6cfad8, 0x00007f69f72b0000)
  to   space 194368K,   0% used [0x00007f69f72b0000, 0x00007f69f72b0000, 0x00007f6a03080000)
 tenured generation   total 3888000K, used 3873575K [0x00007f6ee1b50000, 0x00007f6fcf030000, 0x00007f798c600000)
   the space 3888000K,  99% used [0x00007f6ee1b50000, 0x00007f6fce219f50, 0x00007f6fce21a000, 0x00007f6fcf030000)
 Metaspace       used 24357K, capacity 24783K, committed 25088K, reserved 26624K
}
Event: 2791.479 GC heap after
{Heap after GC invocations=3206 (full 3):
 def new generation   total 1749696K, used 32742K [0x00007f698c600000, 0x00007f6a03080000, 0x00007f6ee1b50000)
  eden space 1555328K,   0% used [0x00007f698c600000, 0x00007f698c600000, 0x00007f69eb4e0000)
  from space 194368K,  16% used [0x00007f69f72b0000, 0x00007f69f92a98a0, 0x00007f6a03080000)
  to   space 194368K,   0% used [0x00007f69eb4e0000, 0x00007f69eb4e0000, 0x00007f69f72b0000)
 tenured generation   total 3888000K, used 3876552K [0x00007f6ee1b50000, 0x00007f6fcf030000, 0x00007f798c600000)
   the space 3888000K,  99% used [0x00007f6ee1b50000, 0x00007f6fce5022e0, 0x00007f6fce502400, 0x00007f6fcf030000)
 Metaspace       used 24357K, capacity 24783K, committed 25088K, reserved 26624K
}
Event: 2792.669 GC heap before
{Heap before GC invocations=3206 (full 3):
 def new generation   total 1749696K, used 1588070K [0x00007f698c600000, 0x00007f6a03080000, 0x00007f6ee1b50000)
  eden space 1555328K, 100% used [0x00007f698c600000, 0x00007f69eb4e0000, 0x00007f69eb4e0000)
  from space 194368K,  16% used [0x00007f69f72b0000, 0x00007f69f92a98a0, 0x00007f6a03080000)
  to   space 194368K,   0% used [0x00007f69eb4e0000, 0x00007f69eb4e0000, 0x00007f69f72b0000)
 tenured generation   total 3888000K, used 3876552K [0x00007f6ee1b50000, 0x00007f6fcf030000, 0x00007f798c600000)
   the space 3888000K,  99% used [0x00007f6ee1b50000, 0x00007f6fce5022e0, 0x00007f6fce502400, 0x00007f6fcf030000)
 Metaspace       used 24357K, capacity 24783K, committed 25088K, reserved 26624K
}
Event: 2792.755 GC heap after
{Heap after GC invocations=3207 (full 3):
 def new generation   total 1749696K, used 32161K [0x00007f698c600000, 0x00007f6a03080000, 0x00007f6ee1b50000)
  eden space 1555328K,   0% used [0x00007f698c600000, 0x00007f698c600000, 0x00007f69eb4e0000)
  from space 194368K,  16% used [0x00007f69eb4e0000, 0x00007f69ed4486d8, 0x00007f69f72b0000)
  to   space 194368K,   0% used [0x00007f69f72b0000, 0x00007f69f72b0000, 0x00007f6a03080000)
 tenured generation   total 3888000K, used 3878458K [0x00007f6ee1b50000, 0x00007f6fcf030000, 0x00007f798c600000)
   the space 3888000K,  99% used [0x00007f6ee1b50000, 0x00007f6fce6dea38, 0x00007f6fce6dec00, 0x00007f6fcf030000)
 Metaspace       used 24357K, capacity 24783K, committed 25088K, reserved 26624K
}
Event: 2794.038 GC heap before
{Heap before GC invocations=3207 (full 3):
 def new generation   total 1749696K, used 1587489K [0x00007f698c600000, 0x00007f6a03080000, 0x00007f6ee1b50000)
  eden space 1555328K, 100% used [0x00007f698c600000, 0x00007f69eb4e0000, 0x00007f69eb4e0000)
  from space 194368K,  16% used [0x00007f69eb4e0000, 0x00007f69ed4486d8, 0x00007f69f72b0000)
  to   space 194368K,   0% used [0x00007f69f72b0000, 0x00007f69f72b0000, 0x00007f6a03080000)
 tenured generation   total 3888000K, used 3878458K [0x00007f6ee1b50000, 0x00007f6fcf030000, 0x00007f798c600000)
   the space 3888000K,  99% used [0x00007f6ee1b50000, 0x00007f6fce6dea38, 0x00007f6fce6dec00, 0x00007f6fcf030000)
 Metaspace       used 24357K, capacity 24783K, committed 25088K, reserved 26624K
}
Event: 2794.126 GC heap after
{Heap after GC invocations=3208 (full 3):
 def new generation   total 1749696K, used 32997K [0x00007f698c600000, 0x00007f6a03080000, 0x00007f6ee1b50000)
  eden space 1555328K,   0% used [0x00007f698c600000, 0x00007f698c600000, 0x00007f69eb4e0000)
  from space 194368K,  16% used [0x00007f69f72b0000, 0x00007f69f92e9530, 0x00007f6a03080000)
  to   space 194368K,   0% used [0x00007f69eb4e0000, 0x00007f69eb4e0000, 0x00007f69f72b0000)
 tenured generation   total 3888000K, used 3880541K [0x00007f6ee1b50000, 0x00007f6fcf030000, 0x00007f798c600000)
   the space 3888000K,  99% used [0x00007f6ee1b50000, 0x00007f6fce8e76f8, 0x00007f6fce8e7800, 0x00007f6fcf030000)
 Metaspace       used 24357K, capacity 24783K, committed 25088K, reserved 26624K
}
Event: 2795.475 GC heap before
{Heap before GC invocations=3208 (full 3):
 def new generation   total 1749696K, used 1588325K [0x00007f698c600000, 0x00007f6a03080000, 0x00007f6ee1b50000)
  eden space 1555328K, 100% used [0x00007f698c600000, 0x00007f69eb4e0000, 0x00007f69eb4e0000)
  from space 194368K,  16% used [0x00007f69f72b0000, 0x00007f69f92e9530, 0x00007f6a03080000)
  to   space 194368K,   0% used [0x00007f69eb4e0000, 0x00007f69eb4e0000, 0x00007f69f72b0000)
 tenured generation   total 3888000K, used 3880541K [0x00007f6ee1b50000, 0x00007f6fcf030000, 0x00007f798c600000)
   the space 3888000K,  99% used [0x00007f6ee1b50000, 0x00007f6fce8e76f8, 0x00007f6fce8e7800, 0x00007f6fcf030000)
 Metaspace       used 24357K, capacity 24783K, committed 25088K, reserved 26624K
}
Event: 2795.572 GC heap after
{Heap after GC invocations=3209 (full 3):
 def new generation   total 1749696K, used 31439K [0x00007f698c600000, 0x00007f6a03080000, 0x00007f6ee1b50000)
  eden space 1555328K,   0% used [0x00007f698c600000, 0x00007f698c600000, 0x00007f69eb4e0000)
  from space 194368K,  16% used [0x00007f69eb4e0000, 0x00007f69ed393cc8, 0x00007f69f72b0000)
  to   space 194368K,   0% used [0x00007f69f72b0000, 0x00007f69f72b0000, 0x00007f6a03080000)
 tenured generation   total 3888000K, used 3883518K [0x00007f6ee1b50000, 0x00007f6fcf030000, 0x00007f798c600000)
   the space 3888000K,  99% used [0x00007f6ee1b50000, 0x00007f6fcebcf9f8, 0x00007f6fcebcfa00, 0x00007f6fcf030000)
 Metaspace       used 24357K, capacity 24783K, committed 25088K, reserved 26624K
}
Event: 2796.921 GC heap before
{Heap before GC invocations=3209 (full 3):
 def new generation   total 1749696K, used 1586767K [0x00007f698c600000, 0x00007f6a03080000, 0x00007f6ee1b50000)
  eden space 1555328K, 100% used [0x00007f698c600000, 0x00007f69eb4e0000, 0x00007f69eb4e0000)
  from space 194368K,  16% used [0x00007f69eb4e0000, 0x00007f69ed393cc8, 0x00007f69f72b0000)
  to   space 194368K,   0% used [0x00007f69f72b0000, 0x00007f69f72b0000, 0x00007f6a03080000)
 tenured generation   total 3888000K, used 3883518K [0x00007f6ee1b50000, 0x00007f6fcf030000, 0x00007f798c600000)
   the space 3888000K,  99% used [0x00007f6ee1b50000, 0x00007f6fcebcf9f8, 0x00007f6fcebcfa00, 0x00007f6fcf030000)
 Metaspace       used 24357K, capacity 24783K, committed 25088K, reserved 26624K
}
Event: 2797.014 GC heap after
{Heap after GC invocations=3210 (full 3):
 def new generation   total 1749696K, used 32156K [0x00007f698c600000, 0x00007f6a03080000, 0x00007f6ee1b50000)
  eden space 1555328K,   0% used [0x00007f698c600000, 0x00007f698c600000, 0x00007f69eb4e0000)
  from space 194368K,  16% used [0x00007f69f72b0000, 0x00007f69f9217188, 0x00007f6a03080000)
  to   space 194368K,   0% used [0x00007f69eb4e0000, 0x00007f69eb4e0000, 0x00007f69f72b0000)
 tenured generation   total 3888000K, used 3884780K [0x00007f6ee1b50000, 0x00007f6fcf030000, 0x00007f798c600000)
   the space 3888000K,  99% used [0x00007f6ee1b50000, 0x00007f6fced0b360, 0x00007f6fced0b400, 0x00007f6fcf030000)
 Metaspace       used 24357K, capacity 24783K, committed 25088K, reserved 26624K
}
Event: 2798.372 GC heap before
{Heap before GC invocations=3210 (full 3):
 def new generation   total 1749696K, used 1587484K [0x00007f698c600000, 0x00007f6a03080000, 0x00007f6ee1b50000)
  eden space 1555328K, 100% used [0x00007f698c600000, 0x00007f69eb4e0000, 0x00007f69eb4e0000)
  from space 194368K,  16% used [0x00007f69f72b0000, 0x00007f69f9217188, 0x00007f6a03080000)
  to   space 194368K,   0% used [0x00007f69eb4e0000, 0x00007f69eb4e0000, 0x00007f69f72b0000)
 tenured generation   total 3888000K, used 3884780K [0x00007f6ee1b50000, 0x00007f6fcf030000, 0x00007f798c600000)
   the space 3888000K,  99% used [0x00007f6ee1b50000, 0x00007f6fced0b360, 0x00007f6fced0b400, 0x00007f6fcf030000)
 Metaspace       used 24357K, capacity 24783K, committed 25088K, reserved 26624K
}
Event: 2798.476 GC heap after
{Heap after GC invocations=3211 (full 3):
 def new generation   total 1749696K, used 32342K [0x00007f698c600000, 0x00007f6a03080000, 0x00007f6ee1b50000)
  eden space 1555328K,   0% used [0x00007f698c600000, 0x00007f698c600000, 0x00007f69eb4e0000)
  from space 194368K,  16% used [0x00007f69eb4e0000, 0x00007f69ed475900, 0x00007f69f72b0000)
  to   space 194368K,   0% used [0x00007f69f72b0000, 0x00007f69f72b0000, 0x00007f6a03080000)
 tenured generation   total 3888000K, used 3887565K [0x00007f6ee1b50000, 0x00007f6fcf030000, 0x00007f798c600000)
   the space 3888000K,  99% used [0x00007f6ee1b50000, 0x00007f6fcefc3730, 0x00007f6fcefc3800, 0x00007f6fcf030000)
 Metaspace       used 24357K, capacity 24783K, committed 25088K, reserved 26624K
}
Event: 2799.750 GC heap before
{Heap before GC invocations=3211 (full 3):
 def new generation   total 1749696K, used 1587670K [0x00007f698c600000, 0x00007f6a03080000, 0x00007f6ee1b50000)
  eden space 1555328K, 100% used [0x00007f698c600000, 0x00007f69eb4e0000, 0x00007f69eb4e0000)
  from space 194368K,  16% used [0x00007f69eb4e0000, 0x00007f69ed475900, 0x00007f69f72b0000)
  to   space 194368K,   0% used [0x00007f69f72b0000, 0x00007f69f72b0000, 0x00007f6a03080000)
 tenured generation   total 3888000K, used 3887565K [0x00007f6ee1b50000, 0x00007f6fcf030000, 0x00007f798c600000)
   the space 3888000K,  99% used [0x00007f6ee1b50000, 0x00007f6fcefc3730, 0x00007f6fcefc3800, 0x00007f6fcf030000)
 Metaspace       used 24357K, capacity 24783K, committed 25088K, reserved 26624K
}
Event: 2799.832 GC heap after
{Heap after GC invocations=3212 (full 3):
 def new generation   total 1749696K, used 30892K [0x00007f698c600000, 0x00007f6a03080000, 0x00007f6ee1b50000)
  eden space 1555328K,   0% used [0x00007f698c600000, 0x00007f698c600000, 0x00007f69eb4e0000)
  from space 194368K,  15% used [0x00007f69f72b0000, 0x00007f69f90db110, 0x00007f6a03080000)
  to   space 194368K,   0% used [0x00007f69eb4e0000, 0x00007f69eb4e0000, 0x00007f69f72b0000)
 tenured generation   total 3890304K, used 3890202K [0x00007f6ee1b50000, 0x00007f6fcf270000, 0x00007f798c600000)
   the space 3890304K,  99% used [0x00007f6ee1b50000, 0x00007f6fcf256928, 0x00007f6fcf256a00, 0x00007f6fcf270000)
 Metaspace       used 24357K, capacity 24783K, committed 25088K, reserved 26624K
}
Event: 2799.832 GC heap before
{Heap before GC invocations=3212 (full 3):
 def new generation   total 1749696K, used 30892K [0x00007f698c600000, 0x00007f6a03080000, 0x00007f6ee1b50000)
  eden space 1555328K,   0% used [0x00007f698c600000, 0x00007f698c600000, 0x00007f69eb4e0000)
  from space 194368K,  15% used [0x00007f69f72b0000, 0x00007f69f90db110, 0x00007f6a03080000)
  to   space 194368K,   0% used [0x00007f69eb4e0000, 0x00007f69eb4e0000, 0x00007f69f72b0000)
 tenured generation   total 3890304K, used 3890202K [0x00007f6ee1b50000, 0x00007f6fcf270000, 0x00007f798c600000)
   the space 3890304K,  99% used [0x00007f6ee1b50000, 0x00007f6fcf256928, 0x00007f6fcf256a00, 0x00007f6fcf270000)
 Metaspace       used 24357K, capacity 24783K, committed 25088K, reserved 26624K
}

