# JRE version: OpenJDK Runtime Environment (13.0.7+5) (build 13.0.7+5-Ubuntu-0ubuntu120.04)
# Java VM: OpenJDK 64-Bit Server VM (13.0.7+5-Ubuntu-0ubuntu120.04, mixed mode, tiered, serial gc, linux-amd64)
Heap:
 def new generation   total 2898112K, used 3878K [0x00007f0550600000, 0x00007f0614ea0000, 0x00007f0aa5b50000)
  eden space 2576128K,   0% used [0x00007f0550600000, 0x00007f05509c9b30, 0x00007f05ed9c0000)
  from space 321984K,   0% used [0x00007f05ed9c0000, 0x00007f05ed9c0000, 0x00007f0601430000)
  to   space 321984K,   0% used [0x00007f0601430000, 0x00007f0601430000, 0x00007f0614ea0000)
 tenured generation   total 6440340K, used 6440338K [0x00007f0aa5b50000, 0x00007f0c2ecb5000, 0x00007f1550600000)
   the space 6440340K,  99% used [0x00007f0aa5b50000, 0x00007f0c2ecb4bf0, 0x00007f0c2ecb4c00, 0x00007f0c2ecb5000)
 Metaspace       used 24309K, capacity 24703K, committed 24832K, reserved 26624K
GC Heap History (20 events):
Event: 37711.872 GC heap after
{Heap after GC invocations=54966 (full 4):
 def new generation   total 2898112K, used 3918K [0x00007f0550600000, 0x00007f0614ea0000, 0x00007f0aa5b50000)
  eden space 2576128K,   0% used [0x00007f0550600000, 0x00007f0550600000, 0x00007f05ed9c0000)
  from space 321984K,   1% used [0x00007f0601430000, 0x00007f0601803bc8, 0x00007f0614ea0000)
  to   space 321984K,   0% used [0x00007f05ed9c0000, 0x00007f05ed9c0000, 0x00007f0601430000)
 tenured generation   total 6440148K, used 6438034K [0x00007f0aa5b50000, 0x00007f0c2ec85000, 0x00007f1550600000)
   the space 6440148K,  99% used [0x00007f0aa5b50000, 0x00007f0c2ea74ac8, 0x00007f0c2ea74c00, 0x00007f0c2ec85000)
 Metaspace       used 24309K, capacity 24703K, committed 24832K, reserved 26624K
}
Event: 37713.177 GC heap before
{Heap before GC invocations=54966 (full 4):
 def new generation   total 2898112K, used 2580046K [0x00007f0550600000, 0x00007f0614ea0000, 0x00007f0aa5b50000)
  eden space 2576128K, 100% used [0x00007f0550600000, 0x00007f05ed9c0000, 0x00007f05ed9c0000)
  from space 321984K,   1% used [0x00007f0601430000, 0x00007f0601803bc8, 0x00007f0614ea0000)
  to   space 321984K,   0% used [0x00007f05ed9c0000, 0x00007f05ed9c0000, 0x00007f0601430000)
 tenured generation   total 6440148K, used 6438034K [0x00007f0aa5b50000, 0x00007f0c2ec85000, 0x00007f1550600000)
   the space 6440148K,  99% used [0x00007f0aa5b50000, 0x00007f0c2ea74ac8, 0x00007f0c2ea74c00, 0x00007f0c2ec85000)
 Metaspace       used 24309K, capacity 24703K, committed 24832K, reserved 26624K
}
Event: 37713.181 GC heap after
{Heap after GC invocations=54967 (full 4):
 def new generation   total 2898112K, used 3828K [0x00007f0550600000, 0x00007f0614ea0000, 0x00007f0aa5b50000)
  eden space 2576128K,   0% used [0x00007f0550600000, 0x00007f0550600000, 0x00007f05ed9c0000)
  from space 321984K,   1% used [0x00007f05ed9c0000, 0x00007f05edd7d2c0, 0x00007f0601430000)
  to   space 321984K,   0% used [0x00007f0601430000, 0x00007f0601430000, 0x00007f0614ea0000)
 tenured generation   total 6440148K, used 6438293K [0x00007f0aa5b50000, 0x00007f0c2ec85000, 0x00007f1550600000)
   the space 6440148K,  99% used [0x00007f0aa5b50000, 0x00007f0c2eab5588, 0x00007f0c2eab5600, 0x00007f0c2ec85000)
 Metaspace       used 24309K, capacity 24703K, committed 24832K, reserved 26624K
}
Event: 37714.457 GC heap before
{Heap before GC invocations=54967 (full 4):
 def new generation   total 2898112K, used 2579956K [0x00007f0550600000, 0x00007f0614ea0000, 0x00007f0aa5b50000)
  eden space 2576128K,  99% used [0x00007f0550600000, 0x00007f05ed9bfff0, 0x00007f05ed9c0000)
  from space 321984K,   1% used [0x00007f05ed9c0000, 0x00007f05edd7d2c0, 0x00007f0601430000)
  to   space 321984K,   0% used [0x00007f0601430000, 0x00007f0601430000, 0x00007f0614ea0000)
 tenured generation   total 6440148K, used 6438293K [0x00007f0aa5b50000, 0x00007f0c2ec85000, 0x00007f1550600000)
   the space 6440148K,  99% used [0x00007f0aa5b50000, 0x00007f0c2eab5588, 0x00007f0c2eab5600, 0x00007f0c2ec85000)
 Metaspace       used 24309K, capacity 24703K, committed 24832K, reserved 26624K
}
Event: 37714.462 GC heap after
{Heap after GC invocations=54968 (full 4):
 def new generation   total 2898112K, used 3887K [0x00007f0550600000, 0x00007f0614ea0000, 0x00007f0aa5b50000)
  eden space 2576128K,   0% used [0x00007f0550600000, 0x00007f0550600000, 0x00007f05ed9c0000)
  from space 321984K,   1% used [0x00007f0601430000, 0x00007f06017fbc98, 0x00007f0614ea0000)
  to   space 321984K,   0% used [0x00007f05ed9c0000, 0x00007f05ed9c0000, 0x00007f0601430000)
 tenured generation   total 6440148K, used 6438552K [0x00007f0aa5b50000, 0x00007f0c2ec85000, 0x00007f1550600000)
   the space 6440148K,  99% used [0x00007f0aa5b50000, 0x00007f0c2eaf6048, 0x00007f0c2eaf6200, 0x00007f0c2ec85000)
 Metaspace       used 24309K, capacity 24703K, committed 24832K, reserved 26624K
}
Event: 37715.764 GC heap before
{Heap before GC invocations=54968 (full 4):
 def new generation   total 2898112K, used 2580015K [0x00007f0550600000, 0x00007f0614ea0000, 0x00007f0aa5b50000)
  eden space 2576128K, 100% used [0x00007f0550600000, 0x00007f05ed9c0000, 0x00007f05ed9c0000)
  from space 321984K,   1% used [0x00007f0601430000, 0x00007f06017fbc98, 0x00007f0614ea0000)
  to   space 321984K,   0% used [0x00007f05ed9c0000, 0x00007f05ed9c0000, 0x00007f0601430000)
 tenured generation   total 6440148K, used 6438552K [0x00007f0aa5b50000, 0x00007f0c2ec85000, 0x00007f1550600000)
   the space 6440148K,  99% used [0x00007f0aa5b50000, 0x00007f0c2eaf6048, 0x00007f0c2eaf6200, 0x00007f0c2ec85000)
 Metaspace       used 24309K, capacity 24703K, committed 24832K, reserved 26624K
}
Event: 37715.769 GC heap after
{Heap after GC invocations=54969 (full 4):
 def new generation   total 2898112K, used 3882K [0x00007f0550600000, 0x00007f0614ea0000, 0x00007f0aa5b50000)
  eden space 2576128K,   0% used [0x00007f0550600000, 0x00007f0550600000, 0x00007f05ed9c0000)
  from space 321984K,   1% used [0x00007f05ed9c0000, 0x00007f05edd8abd8, 0x00007f0601430000)
  to   space 321984K,   0% used [0x00007f0601430000, 0x00007f0601430000, 0x00007f0614ea0000)
 tenured generation   total 6440148K, used 6438810K [0x00007f0aa5b50000, 0x00007f0c2ec85000, 0x00007f1550600000)
   the space 6440148K,  99% used [0x00007f0aa5b50000, 0x00007f0c2eb36b08, 0x00007f0c2eb36c00, 0x00007f0c2ec85000)
 Metaspace       used 24309K, capacity 24703K, committed 24832K, reserved 26624K
}
Event: 37717.048 GC heap before
{Heap before GC invocations=54969 (full 4):
 def new generation   total 2898112K, used 2580010K [0x00007f0550600000, 0x00007f0614ea0000, 0x00007f0aa5b50000)
  eden space 2576128K, 100% used [0x00007f0550600000, 0x00007f05ed9c0000, 0x00007f05ed9c0000)
  from space 321984K,   1% used [0x00007f05ed9c0000, 0x00007f05edd8abd8, 0x00007f0601430000)
  to   space 321984K,   0% used [0x00007f0601430000, 0x00007f0601430000, 0x00007f0614ea0000)
 tenured generation   total 6440148K, used 6438810K [0x00007f0aa5b50000, 0x00007f0c2ec85000, 0x00007f1550600000)
   the space 6440148K,  99% used [0x00007f0aa5b50000, 0x00007f0c2eb36b08, 0x00007f0c2eb36c00, 0x00007f0c2ec85000)
 Metaspace       used 24309K, capacity 24703K, committed 24832K, reserved 26624K
}
Event: 37717.053 GC heap after
{Heap after GC invocations=54970 (full 4):
 def new generation   total 2898112K, used 3878K [0x00007f0550600000, 0x00007f0614ea0000, 0x00007f0aa5b50000)
  eden space 2576128K,   0% used [0x00007f0550600000, 0x00007f0550600000, 0x00007f05ed9c0000)
  from space 321984K,   1% used [0x00007f0601430000, 0x00007f06017f9800, 0x00007f0614ea0000)
  to   space 321984K,   0% used [0x00007f05ed9c0000, 0x00007f05ed9c0000, 0x00007f0601430000)
 tenured generation   total 6440148K, used 6439069K [0x00007f0aa5b50000, 0x00007f0c2ec85000, 0x00007f1550600000)
   the space 6440148K,  99% used [0x00007f0aa5b50000, 0x00007f0c2eb775c8, 0x00007f0c2eb77600, 0x00007f0c2ec85000)
 Metaspace       used 24309K, capacity 24703K, committed 24832K, reserved 26624K
}
Event: 37718.349 GC heap before
{Heap before GC invocations=54970 (full 4):
 def new generation   total 2898112K, used 2580006K [0x00007f0550600000, 0x00007f0614ea0000, 0x00007f0aa5b50000)
  eden space 2576128K, 100% used [0x00007f0550600000, 0x00007f05ed9c0000, 0x00007f05ed9c0000)
  from space 321984K,   1% used [0x00007f0601430000, 0x00007f06017f9800, 0x00007f0614ea0000)
  to   space 321984K,   0% used [0x00007f05ed9c0000, 0x00007f05ed9c0000, 0x00007f0601430000)
 tenured generation   total 6440148K, used 6439069K [0x00007f0aa5b50000, 0x00007f0c2ec85000, 0x00007f1550600000)
   the space 6440148K,  99% used [0x00007f0aa5b50000, 0x00007f0c2eb775c8, 0x00007f0c2eb77600, 0x00007f0c2ec85000)
 Metaspace       used 24309K, capacity 24703K, committed 24832K, reserved 26624K
}
Event: 37718.354 GC heap after
{Heap after GC invocations=54971 (full 4):
 def new generation   total 2898112K, used 3878K [0x00007f0550600000, 0x00007f0614ea0000, 0x00007f0aa5b50000)
  eden space 2576128K,   0% used [0x00007f0550600000, 0x00007f0550600000, 0x00007f05ed9c0000)
  from space 321984K,   1% used [0x00007f05ed9c0000, 0x00007f05edd89938, 0x00007f0601430000)
  to   space 321984K,   0% used [0x00007f0601430000, 0x00007f0601430000, 0x00007f0614ea0000)
 tenured generation   total 6440148K, used 6439328K [0x00007f0aa5b50000, 0x00007f0c2ec85000, 0x00007f1550600000)
   the space 6440148K,  99% used [0x00007f0aa5b50000, 0x00007f0c2ebb8088, 0x00007f0c2ebb8200, 0x00007f0c2ec85000)
 Metaspace       used 24309K, capacity 24703K, committed 24832K, reserved 26624K
}
Event: 37719.628 GC heap before
{Heap before GC invocations=54971 (full 4):
 def new generation   total 2898112K, used 2580006K [0x00007f0550600000, 0x00007f0614ea0000, 0x00007f0aa5b50000)
  eden space 2576128K, 100% used [0x00007f0550600000, 0x00007f05ed9c0000, 0x00007f05ed9c0000)
  from space 321984K,   1% used [0x00007f05ed9c0000, 0x00007f05edd89938, 0x00007f0601430000)
  to   space 321984K,   0% used [0x00007f0601430000, 0x00007f0601430000, 0x00007f0614ea0000)
 tenured generation   total 6440148K, used 6439328K [0x00007f0aa5b50000, 0x00007f0c2ec85000, 0x00007f1550600000)
   the space 6440148K,  99% used [0x00007f0aa5b50000, 0x00007f0c2ebb8088, 0x00007f0c2ebb8200, 0x00007f0c2ec85000)
 Metaspace       used 24309K, capacity 24703K, committed 24832K, reserved 26624K
}
Event: 37719.633 GC heap after
{Heap after GC invocations=54972 (full 4):
 def new generation   total 2898112K, used 3872K [0x00007f0550600000, 0x00007f0614ea0000, 0x00007f0aa5b50000)
  eden space 2576128K,   0% used [0x00007f0550600000, 0x00007f0550600000, 0x00007f05ed9c0000)
  from space 321984K,   1% used [0x00007f0601430000, 0x00007f06017f83e0, 0x00007f0614ea0000)
  to   space 321984K,   0% used [0x00007f05ed9c0000, 0x00007f05ed9c0000, 0x00007f0601430000)
 tenured generation   total 6440148K, used 6439586K [0x00007f0aa5b50000, 0x00007f0c2ec85000, 0x00007f1550600000)
   the space 6440148K,  99% used [0x00007f0aa5b50000, 0x00007f0c2ebf8b48, 0x00007f0c2ebf8c00, 0x00007f0c2ec85000)
 Metaspace       used 24309K, capacity 24703K, committed 24832K, reserved 26624K
}
Event: 37720.936 GC heap before
{Heap before GC invocations=54972 (full 4):
 def new generation   total 2898112K, used 2580000K [0x00007f0550600000, 0x00007f0614ea0000, 0x00007f0aa5b50000)
  eden space 2576128K, 100% used [0x00007f0550600000, 0x00007f05ed9c0000, 0x00007f05ed9c0000)
  from space 321984K,   1% used [0x00007f0601430000, 0x00007f06017f83e0, 0x00007f0614ea0000)
  to   space 321984K,   0% used [0x00007f05ed9c0000, 0x00007f05ed9c0000, 0x00007f0601430000)
 tenured generation   total 6440148K, used 6439586K [0x00007f0aa5b50000, 0x00007f0c2ec85000, 0x00007f1550600000)
   the space 6440148K,  99% used [0x00007f0aa5b50000, 0x00007f0c2ebf8b48, 0x00007f0c2ebf8c00, 0x00007f0c2ec85000)
 Metaspace       used 24309K, capacity 24703K, committed 24832K, reserved 26624K
}
Event: 37720.940 GC heap after
{Heap after GC invocations=54973 (full 4):
 def new generation   total 2898112K, used 3938K [0x00007f0550600000, 0x00007f0614ea0000, 0x00007f0aa5b50000)
  eden space 2576128K,   0% used [0x00007f0550600000, 0x00007f0550600000, 0x00007f05ed9c0000)
  from space 321984K,   1% used [0x00007f05ed9c0000, 0x00007f05edd988b0, 0x00007f0601430000)
  to   space 321984K,   0% used [0x00007f0601430000, 0x00007f0601430000, 0x00007f0614ea0000)
 tenured generation   total 6440148K, used 6439781K [0x00007f0aa5b50000, 0x00007f0c2ec85000, 0x00007f1550600000)
   the space 6440148K,  99% used [0x00007f0aa5b50000, 0x00007f0c2ec297d8, 0x00007f0c2ec29800, 0x00007f0c2ec85000)
 Metaspace       used 24309K, capacity 24703K, committed 24832K, reserved 26624K
}
Event: 37722.224 GC heap before
{Heap before GC invocations=54973 (full 4):
 def new generation   total 2898112K, used 2580066K [0x00007f0550600000, 0x00007f0614ea0000, 0x00007f0aa5b50000)
  eden space 2576128K, 100% used [0x00007f0550600000, 0x00007f05ed9c0000, 0x00007f05ed9c0000)
  from space 321984K,   1% used [0x00007f05ed9c0000, 0x00007f05edd988b0, 0x00007f0601430000)
  to   space 321984K,   0% used [0x00007f0601430000, 0x00007f0601430000, 0x00007f0614ea0000)
 tenured generation   total 6440148K, used 6439781K [0x00007f0aa5b50000, 0x00007f0c2ec85000, 0x00007f1550600000)
   the space 6440148K,  99% used [0x00007f0aa5b50000, 0x00007f0c2ec297d8, 0x00007f0c2ec29800, 0x00007f0c2ec85000)
 Metaspace       used 24309K, capacity 24703K, committed 24832K, reserved 26624K
}
Event: 37722.229 GC heap after
{Heap after GC invocations=54974 (full 4):
 def new generation   total 2898112K, used 3939K [0x00007f0550600000, 0x00007f0614ea0000, 0x00007f0aa5b50000)
  eden space 2576128K,   0% used [0x00007f0550600000, 0x00007f0550600000, 0x00007f05ed9c0000)
  from space 321984K,   1% used [0x00007f0601430000, 0x00007f0601808e80, 0x00007f0614ea0000)
  to   space 321984K,   0% used [0x00007f05ed9c0000, 0x00007f05ed9c0000, 0x00007f0601430000)
 tenured generation   total 6440148K, used 6440039K [0x00007f0aa5b50000, 0x00007f0c2ec85000, 0x00007f1550600000)
   the space 6440148K,  99% used [0x00007f0aa5b50000, 0x00007f0c2ec69e18, 0x00007f0c2ec6a000, 0x00007f0c2ec85000)
 Metaspace       used 24309K, capacity 24703K, committed 24832K, reserved 26624K
}
Event: 37723.519 GC heap before
{Heap before GC invocations=54974 (full 4):
 def new generation   total 2898112K, used 2580067K [0x00007f0550600000, 0x00007f0614ea0000, 0x00007f0aa5b50000)
  eden space 2576128K, 100% used [0x00007f0550600000, 0x00007f05ed9c0000, 0x00007f05ed9c0000)
  from space 321984K,   1% used [0x00007f0601430000, 0x00007f0601808e80, 0x00007f0614ea0000)
  to   space 321984K,   0% used [0x00007f05ed9c0000, 0x00007f05ed9c0000, 0x00007f0601430000)
 tenured generation   total 6440148K, used 6440039K [0x00007f0aa5b50000, 0x00007f0c2ec85000, 0x00007f1550600000)
   the space 6440148K,  99% used [0x00007f0aa5b50000, 0x00007f0c2ec69e18, 0x00007f0c2ec6a000, 0x00007f0c2ec85000)
 Metaspace       used 24309K, capacity 24703K, committed 24832K, reserved 26624K
}
Event: 37723.526 GC heap after
{Heap after GC invocations=54975 (full 4):
 def new generation   total 2898112K, used 3915K [0x00007f0550600000, 0x00007f0614ea0000, 0x00007f0aa5b50000)
  eden space 2576128K,   0% used [0x00007f0550600000, 0x00007f0550600000, 0x00007f05ed9c0000)
  from space 321984K,   1% used [0x00007f05ed9c0000, 0x00007f05edd92d08, 0x00007f0601430000)
  to   space 321984K,   0% used [0x00007f0601430000, 0x00007f0601430000, 0x00007f0614ea0000)
 tenured generation   total 6440340K, used 6440302K [0x00007f0aa5b50000, 0x00007f0c2ecb5000, 0x00007f1550600000)
   the space 6440340K,  99% used [0x00007f0aa5b50000, 0x00007f0c2ecaba18, 0x00007f0c2ecabc00, 0x00007f0c2ecb5000)
 Metaspace       used 24309K, capacity 24703K, committed 24832K, reserved 26624K
}
Event: 37723.526 GC heap before
{Heap before GC invocations=54975 (full 4):
 def new generation   total 2898112K, used 3915K [0x00007f0550600000, 0x00007f0614ea0000, 0x00007f0aa5b50000)
  eden space 2576128K,   0% used [0x00007f0550600000, 0x00007f0550600000, 0x00007f05ed9c0000)
  from space 321984K,   1% used [0x00007f05ed9c0000, 0x00007f05edd92d08, 0x00007f0601430000)
  to   space 321984K,   0% used [0x00007f0601430000, 0x00007f0601430000, 0x00007f0614ea0000)
 tenured generation   total 6440340K, used 6440302K [0x00007f0aa5b50000, 0x00007f0c2ecb5000, 0x00007f1550600000)
   the space 6440340K,  99% used [0x00007f0aa5b50000, 0x00007f0c2ecaba18, 0x00007f0c2ecabc00, 0x00007f0c2ecb5000)
 Metaspace       used 24309K, capacity 24703K, committed 24832K, reserved 26624K
}

