# JRE version: OpenJDK Runtime Environment (13.0.7+5) (build 13.0.7+5-Ubuntu-0ubuntu120.04)
# Java VM: OpenJDK 64-Bit Server VM (13.0.7+5-Ubuntu-0ubuntu120.04, mixed mode, tiered, serial gc, linux-amd64)
Heap:
 def new generation   total 1593344K, used 59585K [0x00007f2424600000, 0x00007f24906e0000, 0x00007f2ecf0a0000)
  eden space 1416320K,   4% used [0x00007f2424600000, 0x00007f24280305c0, 0x00007f247ad20000)
  from space 177024K,   0% used [0x00007f247ad20000, 0x00007f247ad20000, 0x00007f2485a00000)
  to   space 177024K,   0% used [0x00007f2485a00000, 0x00007f2485a00000, 0x00007f24906e0000)
 tenured generation   total 3557036K, used 3556637K [0x00007f2ecf0a0000, 0x00007f2fa824b000, 0x00007f4424600000)
   the space 3557036K,  99% used [0x00007f2ecf0a0000, 0x00007f2fa81e7468, 0x00007f2fa81e7600, 0x00007f2fa824b000)
 Metaspace       used 24205K, capacity 24575K, committed 24576K, reserved 24576K
GC Heap History (20 events):
Event: 1108.159 GC heap after
{Heap after GC invocations=1176 (full 5):
 def new generation   total 1593344K, used 85275K [0x00007f2424600000, 0x00007f24906e0000, 0x00007f2ecf0a0000)
  eden space 1416320K,   0% used [0x00007f2424600000, 0x00007f2424600000, 0x00007f247ad20000)
  from space 177024K,  48% used [0x00007f2485a00000, 0x00007f248ad46fc8, 0x00007f24906e0000)
  to   space 177024K,   0% used [0x00007f247ad20000, 0x00007f247ad20000, 0x00007f2485a00000)
 tenured generation   total 3540648K, used 3465659K [0x00007f2ecf0a0000, 0x00007f2fa724a000, 0x00007f4424600000)
   the space 3540648K,  97% used [0x00007f2ecf0a0000, 0x00007f2fa290ec68, 0x00007f2fa290ee00, 0x00007f2fa724a000)
 Metaspace       used 24205K, capacity 24575K, committed 24576K, reserved 24576K
}
Event: 1109.578 GC heap before
{Heap before GC invocations=1176 (full 5):
 def new generation   total 1593344K, used 1495639K [0x00007f2424600000, 0x00007f24906e0000, 0x00007f2ecf0a0000)
  eden space 1416320K,  99% used [0x00007f2424600000, 0x00007f247a74ef28, 0x00007f247ad20000)
  from space 177024K,  48% used [0x00007f2485a00000, 0x00007f248ad46fc8, 0x00007f24906e0000)
  to   space 177024K,   0% used [0x00007f247ad20000, 0x00007f247ad20000, 0x00007f2485a00000)
 tenured generation   total 3540648K, used 3465659K [0x00007f2ecf0a0000, 0x00007f2fa724a000, 0x00007f4424600000)
   the space 3540648K,  97% used [0x00007f2ecf0a0000, 0x00007f2fa290ec68, 0x00007f2fa290ee00, 0x00007f2fa724a000)
 Metaspace       used 24205K, capacity 24575K, committed 24576K, reserved 24576K
}
Event: 1109.660 GC heap after
{Heap after GC invocations=1177 (full 5):
 def new generation   total 1593344K, used 108418K [0x00007f2424600000, 0x00007f24906e0000, 0x00007f2ecf0a0000)
  eden space 1416320K,   0% used [0x00007f2424600000, 0x00007f2424600000, 0x00007f247ad20000)
  from space 177024K,  61% used [0x00007f247ad20000, 0x00007f24817008d0, 0x00007f2485a00000)
  to   space 177024K,   0% used [0x00007f2485a00000, 0x00007f2485a00000, 0x00007f24906e0000)
 tenured generation   total 3540648K, used 3465659K [0x00007f2ecf0a0000, 0x00007f2fa724a000, 0x00007f4424600000)
   the space 3540648K,  97% used [0x00007f2ecf0a0000, 0x00007f2fa290ec68, 0x00007f2fa290ee00, 0x00007f2fa724a000)
 Metaspace       used 24205K, capacity 24575K, committed 24576K, reserved 24576K
}
Event: 1111.395 GC heap before
{Heap before GC invocations=1177 (full 5):
 def new generation   total 1593344K, used 1524738K [0x00007f2424600000, 0x00007f24906e0000, 0x00007f2ecf0a0000)
  eden space 1416320K, 100% used [0x00007f2424600000, 0x00007f247ad20000, 0x00007f247ad20000)
  from space 177024K,  61% used [0x00007f247ad20000, 0x00007f24817008d0, 0x00007f2485a00000)
  to   space 177024K,   0% used [0x00007f2485a00000, 0x00007f2485a00000, 0x00007f24906e0000)
 tenured generation   total 3540648K, used 3465659K [0x00007f2ecf0a0000, 0x00007f2fa724a000, 0x00007f4424600000)
   the space 3540648K,  97% used [0x00007f2ecf0a0000, 0x00007f2fa290ec68, 0x00007f2fa290ee00, 0x00007f2fa724a000)
 Metaspace       used 24205K, capacity 24575K, committed 24576K, reserved 24576K
}
Event: 1111.486 GC heap after
{Heap after GC invocations=1178 (full 5):
 def new generation   total 1593344K, used 66794K [0x00007f2424600000, 0x00007f24906e0000, 0x00007f2ecf0a0000)
  eden space 1416320K,   0% used [0x00007f2424600000, 0x00007f2424600000, 0x00007f247ad20000)
  from space 177024K,  37% used [0x00007f2485a00000, 0x00007f2489b3a9d0, 0x00007f24906e0000)
  to   space 177024K,   0% used [0x00007f247ad20000, 0x00007f247ad20000, 0x00007f2485a00000)
 tenured generation   total 3540648K, used 3499576K [0x00007f2ecf0a0000, 0x00007f2fa724a000, 0x00007f4424600000)
   the space 3540648K,  98% used [0x00007f2ecf0a0000, 0x00007f2fa4a2e118, 0x00007f2fa4a2e200, 0x00007f2fa724a000)
 Metaspace       used 24205K, capacity 24575K, committed 24576K, reserved 24576K
}
Event: 1112.856 GC heap before
{Heap before GC invocations=1178 (full 5):
 def new generation   total 1593344K, used 1482969K [0x00007f2424600000, 0x00007f24906e0000, 0x00007f2ecf0a0000)
  eden space 1416320K,  99% used [0x00007f2424600000, 0x00007f247acfbbb8, 0x00007f247ad20000)
  from space 177024K,  37% used [0x00007f2485a00000, 0x00007f2489b3a9d0, 0x00007f24906e0000)
  to   space 177024K,   0% used [0x00007f247ad20000, 0x00007f247ad20000, 0x00007f2485a00000)
 tenured generation   total 3540648K, used 3499576K [0x00007f2ecf0a0000, 0x00007f2fa724a000, 0x00007f4424600000)
   the space 3540648K,  98% used [0x00007f2ecf0a0000, 0x00007f2fa4a2e118, 0x00007f2fa4a2e200, 0x00007f2fa724a000)
 Metaspace       used 24205K, capacity 24575K, committed 24576K, reserved 24576K
}
Event: 1112.905 GC heap after
{Heap after GC invocations=1179 (full 5):
 def new generation   total 1593344K, used 75060K [0x00007f2424600000, 0x00007f24906e0000, 0x00007f2ecf0a0000)
  eden space 1416320K,   0% used [0x00007f2424600000, 0x00007f2424600000, 0x00007f247ad20000)
  from space 177024K,  42% used [0x00007f247ad20000, 0x00007f247f66d2a0, 0x00007f2485a00000)
  to   space 177024K,   0% used [0x00007f2485a00000, 0x00007f2485a00000, 0x00007f24906e0000)
 tenured generation   total 3540648K, used 3499576K [0x00007f2ecf0a0000, 0x00007f2fa724a000, 0x00007f4424600000)
   the space 3540648K,  98% used [0x00007f2ecf0a0000, 0x00007f2fa4a2e118, 0x00007f2fa4a2e200, 0x00007f2fa724a000)
 Metaspace       used 24205K, capacity 24575K, committed 24576K, reserved 24576K
}
Event: 1114.686 GC heap before
{Heap before GC invocations=1179 (full 5):
 def new generation   total 1593344K, used 1491380K [0x00007f2424600000, 0x00007f24906e0000, 0x00007f2ecf0a0000)
  eden space 1416320K, 100% used [0x00007f2424600000, 0x00007f247ad20000, 0x00007f247ad20000)
  from space 177024K,  42% used [0x00007f247ad20000, 0x00007f247f66d2a0, 0x00007f2485a00000)
  to   space 177024K,   0% used [0x00007f2485a00000, 0x00007f2485a00000, 0x00007f24906e0000)
 tenured generation   total 3540648K, used 3499576K [0x00007f2ecf0a0000, 0x00007f2fa724a000, 0x00007f4424600000)
   the space 3540648K,  98% used [0x00007f2ecf0a0000, 0x00007f2fa4a2e118, 0x00007f2fa4a2e200, 0x00007f2fa724a000)
 Metaspace       used 24205K, capacity 24575K, committed 24576K, reserved 24576K
}
Event: 1114.743 GC heap after
{Heap after GC invocations=1180 (full 5):
 def new generation   total 1593344K, used 81189K [0x00007f2424600000, 0x00007f24906e0000, 0x00007f2ecf0a0000)
  eden space 1416320K,   0% used [0x00007f2424600000, 0x00007f2424600000, 0x00007f247ad20000)
  from space 177024K,  45% used [0x00007f2485a00000, 0x00007f248a9496e0, 0x00007f24906e0000)
  to   space 177024K,   0% used [0x00007f247ad20000, 0x00007f247ad20000, 0x00007f2485a00000)
 tenured generation   total 3540648K, used 3499576K [0x00007f2ecf0a0000, 0x00007f2fa724a000, 0x00007f4424600000)
   the space 3540648K,  98% used [0x00007f2ecf0a0000, 0x00007f2fa4a2e118, 0x00007f2fa4a2e200, 0x00007f2fa724a000)
 Metaspace       used 24205K, capacity 24575K, committed 24576K, reserved 24576K
}
Event: 1116.075 GC heap before
{Heap before GC invocations=1180 (full 5):
 def new generation   total 1593344K, used 1497509K [0x00007f2424600000, 0x00007f24906e0000, 0x00007f2ecf0a0000)
  eden space 1416320K, 100% used [0x00007f2424600000, 0x00007f247ad20000, 0x00007f247ad20000)
  from space 177024K,  45% used [0x00007f2485a00000, 0x00007f248a9496e0, 0x00007f24906e0000)
  to   space 177024K,   0% used [0x00007f247ad20000, 0x00007f247ad20000, 0x00007f2485a00000)
 tenured generation   total 3540648K, used 3499576K [0x00007f2ecf0a0000, 0x00007f2fa724a000, 0x00007f4424600000)
   the space 3540648K,  98% used [0x00007f2ecf0a0000, 0x00007f2fa4a2e118, 0x00007f2fa4a2e200, 0x00007f2fa724a000)
 Metaspace       used 24205K, capacity 24575K, committed 24576K, reserved 24576K
}
Event: 1116.134 GC heap after
{Heap after GC invocations=1181 (full 5):
 def new generation   total 1593344K, used 85276K [0x00007f2424600000, 0x00007f24906e0000, 0x00007f2ecf0a0000)
  eden space 1416320K,   0% used [0x00007f2424600000, 0x00007f2424600000, 0x00007f247ad20000)
  from space 177024K,  48% used [0x00007f247ad20000, 0x00007f24800670b0, 0x00007f2485a00000)
  to   space 177024K,   0% used [0x00007f2485a00000, 0x00007f2485a00000, 0x00007f24906e0000)
 tenured generation   total 3540648K, used 3499576K [0x00007f2ecf0a0000, 0x00007f2fa724a000, 0x00007f4424600000)
   the space 3540648K,  98% used [0x00007f2ecf0a0000, 0x00007f2fa4a2e118, 0x00007f2fa4a2e200, 0x00007f2fa724a000)
 Metaspace       used 24205K, capacity 24575K, committed 24576K, reserved 24576K
}
Event: 1117.877 GC heap before
{Heap before GC invocations=1181 (full 5):
 def new generation   total 1593344K, used 1501596K [0x00007f2424600000, 0x00007f24906e0000, 0x00007f2ecf0a0000)
  eden space 1416320K, 100% used [0x00007f2424600000, 0x00007f247ad20000, 0x00007f247ad20000)
  from space 177024K,  48% used [0x00007f247ad20000, 0x00007f24800670b0, 0x00007f2485a00000)
  to   space 177024K,   0% used [0x00007f2485a00000, 0x00007f2485a00000, 0x00007f24906e0000)
 tenured generation   total 3540648K, used 3499576K [0x00007f2ecf0a0000, 0x00007f2fa724a000, 0x00007f4424600000)
   the space 3540648K,  98% used [0x00007f2ecf0a0000, 0x00007f2fa4a2e118, 0x00007f2fa4a2e200, 0x00007f2fa724a000)
 Metaspace       used 24205K, capacity 24575K, committed 24576K, reserved 24576K
}
Event: 1117.952 GC heap after
{Heap after GC invocations=1182 (full 5):
 def new generation   total 1593344K, used 110989K [0x00007f2424600000, 0x00007f24906e0000, 0x00007f2ecf0a0000)
  eden space 1416320K,   0% used [0x00007f2424600000, 0x00007f2424600000, 0x00007f247ad20000)
  from space 177024K,  62% used [0x00007f2485a00000, 0x00007f248c663530, 0x00007f24906e0000)
  to   space 177024K,   0% used [0x00007f247ad20000, 0x00007f247ad20000, 0x00007f2485a00000)
 tenured generation   total 3540648K, used 3499576K [0x00007f2ecf0a0000, 0x00007f2fa724a000, 0x00007f4424600000)
   the space 3540648K,  98% used [0x00007f2ecf0a0000, 0x00007f2fa4a2e118, 0x00007f2fa4a2e200, 0x00007f2fa724a000)
 Metaspace       used 24205K, capacity 24575K, committed 24576K, reserved 24576K
}
Event: 1119.526 GC heap before
{Heap before GC invocations=1182 (full 5):
 def new generation   total 1593344K, used 1527309K [0x00007f2424600000, 0x00007f24906e0000, 0x00007f2ecf0a0000)
  eden space 1416320K, 100% used [0x00007f2424600000, 0x00007f247ad20000, 0x00007f247ad20000)
  from space 177024K,  62% used [0x00007f2485a00000, 0x00007f248c663530, 0x00007f24906e0000)
  to   space 177024K,   0% used [0x00007f247ad20000, 0x00007f247ad20000, 0x00007f2485a00000)
 tenured generation   total 3540648K, used 3499576K [0x00007f2ecf0a0000, 0x00007f2fa724a000, 0x00007f4424600000)
   the space 3540648K,  98% used [0x00007f2ecf0a0000, 0x00007f2fa4a2e118, 0x00007f2fa4a2e200, 0x00007f2fa724a000)
 Metaspace       used 24205K, capacity 24575K, committed 24576K, reserved 24576K
}
Event: 1119.623 GC heap after
{Heap after GC invocations=1183 (full 5):
 def new generation   total 1593344K, used 68317K [0x00007f2424600000, 0x00007f24906e0000, 0x00007f2ecf0a0000)
  eden space 1416320K,   0% used [0x00007f2424600000, 0x00007f2424600000, 0x00007f247ad20000)
  from space 177024K,  38% used [0x00007f247ad20000, 0x00007f247efd7570, 0x00007f2485a00000)
  to   space 177024K,   0% used [0x00007f2485a00000, 0x00007f2485a00000, 0x00007f24906e0000)
 tenured generation   total 3540648K, used 3533493K [0x00007f2ecf0a0000, 0x00007f2fa724a000, 0x00007f4424600000)
   the space 3540648K,  99% used [0x00007f2ecf0a0000, 0x00007f2fa6b4d5c8, 0x00007f2fa6b4d600, 0x00007f2fa724a000)
 Metaspace       used 24205K, capacity 24575K, committed 24576K, reserved 24576K
}
Event: 1121.116 GC heap before
{Heap before GC invocations=1183 (full 5):
 def new generation   total 1593344K, used 1482556K [0x00007f2424600000, 0x00007f24906e0000, 0x00007f2ecf0a0000)
  eden space 1416320K,  99% used [0x00007f2424600000, 0x00007f247ab17da8, 0x00007f247ad20000)
  from space 177024K,  38% used [0x00007f247ad20000, 0x00007f247efd7570, 0x00007f2485a00000)
  to   space 177024K,   0% used [0x00007f2485a00000, 0x00007f2485a00000, 0x00007f24906e0000)
 tenured generation   total 3540648K, used 3533493K [0x00007f2ecf0a0000, 0x00007f2fa724a000, 0x00007f4424600000)
   the space 3540648K,  99% used [0x00007f2ecf0a0000, 0x00007f2fa6b4d5c8, 0x00007f2fa6b4d600, 0x00007f2fa724a000)
 Metaspace       used 24205K, capacity 24575K, committed 24576K, reserved 24576K
}
Event: 1121.179 GC heap after
{Heap after GC invocations=1184 (full 5):
 def new generation   total 1593344K, used 90415K [0x00007f2424600000, 0x00007f24906e0000, 0x00007f2ecf0a0000)
  eden space 1416320K,   0% used [0x00007f2424600000, 0x00007f2424600000, 0x00007f247ad20000)
  from space 177024K,  51% used [0x00007f2485a00000, 0x00007f248b24bcf8, 0x00007f24906e0000)
  to   space 177024K,   0% used [0x00007f247ad20000, 0x00007f247ad20000, 0x00007f2485a00000)
 tenured generation   total 3540648K, used 3533493K [0x00007f2ecf0a0000, 0x00007f2fa724a000, 0x00007f4424600000)
   the space 3540648K,  99% used [0x00007f2ecf0a0000, 0x00007f2fa6b4d5c8, 0x00007f2fa6b4d600, 0x00007f2fa724a000)
 Metaspace       used 24205K, capacity 24575K, committed 24576K, reserved 24576K
}
Event: 1122.810 GC heap before
{Heap before GC invocations=1184 (full 5):
 def new generation   total 1593344K, used 1506735K [0x00007f2424600000, 0x00007f24906e0000, 0x00007f2ecf0a0000)
  eden space 1416320K, 100% used [0x00007f2424600000, 0x00007f247ad20000, 0x00007f247ad20000)
  from space 177024K,  51% used [0x00007f2485a00000, 0x00007f248b24bcf8, 0x00007f24906e0000)
  to   space 177024K,   0% used [0x00007f247ad20000, 0x00007f247ad20000, 0x00007f2485a00000)
 tenured generation   total 3540648K, used 3533493K [0x00007f2ecf0a0000, 0x00007f2fa724a000, 0x00007f4424600000)
   the space 3540648K,  99% used [0x00007f2ecf0a0000, 0x00007f2fa6b4d5c8, 0x00007f2fa6b4d600, 0x00007f2fa724a000)
 Metaspace       used 24205K, capacity 24575K, committed 24576K, reserved 24576K
}
Event: 1122.870 GC heap after
{Heap after GC invocations=1185 (full 5):
 def new generation   total 1593344K, used 65770K [0x00007f2424600000, 0x00007f24906e0000, 0x00007f2ecf0a0000)
  eden space 1416320K,   0% used [0x00007f2424600000, 0x00007f2424600000, 0x00007f247ad20000)
  from space 177024K,  37% used [0x00007f247ad20000, 0x00007f247ed5aa08, 0x00007f2485a00000)
  to   space 177024K,   0% used [0x00007f2485a00000, 0x00007f2485a00000, 0x00007f24906e0000)
 tenured generation   total 3557036K, used 3550452K [0x00007f2ecf0a0000, 0x00007f2fa824b000, 0x00007f4424600000)
   the space 3557036K,  99% used [0x00007f2ecf0a0000, 0x00007f2fa7bdd020, 0x00007f2fa7bdd200, 0x00007f2fa824b000)
 Metaspace       used 24205K, capacity 24575K, committed 24576K, reserved 24576K
}
Event: 1122.870 GC heap before
{Heap before GC invocations=1185 (full 5):
 def new generation   total 1593344K, used 65770K [0x00007f2424600000, 0x00007f24906e0000, 0x00007f2ecf0a0000)
  eden space 1416320K,   0% used [0x00007f2424600000, 0x00007f2424600000, 0x00007f247ad20000)
  from space 177024K,  37% used [0x00007f247ad20000, 0x00007f247ed5aa08, 0x00007f2485a00000)
  to   space 177024K,   0% used [0x00007f2485a00000, 0x00007f2485a00000, 0x00007f24906e0000)
 tenured generation   total 3557036K, used 3550452K [0x00007f2ecf0a0000, 0x00007f2fa824b000, 0x00007f4424600000)
   the space 3557036K,  99% used [0x00007f2ecf0a0000, 0x00007f2fa7bdd020, 0x00007f2fa7bdd200, 0x00007f2fa824b000)
 Metaspace       used 24205K, capacity 24575K, committed 24576K, reserved 24576K
}

