# JRE version: OpenJDK Runtime Environment (13.0.7+5) (build 13.0.7+5-Ubuntu-0ubuntu120.04)
# Java VM: OpenJDK 64-Bit Server VM (13.0.7+5-Ubuntu-0ubuntu120.04, mixed mode, tiered, serial gc, linux-amd64)
Heap:
 def new generation   total 1584000K, used 0K [0x00007f0f78600000, 0x00007f0fe3cc0000, 0x00007f14cdb50000)
  eden space 1408000K,   0% used [0x00007f0f78600000, 0x00007f0f78600000, 0x00007f0fce500000)
  from space 176000K,   0% used [0x00007f0fce500000, 0x00007f0fce500000, 0x00007f0fd90e0000)
  to   space 176000K,   0% used [0x00007f0fd90e0000, 0x00007f0fd90e0000, 0x00007f0fe3cc0000)
 tenured generation   total 11908536K, used 9446648K [0x00007f14cdb50000, 0x00007f17a48be000, 0x00007f1f78600000)
   the space 11908536K,  79% used [0x00007f14cdb50000, 0x00007f170e48e368, 0x00007f170e48e400, 0x00007f17a48be000)
 Metaspace       used 23262K, capacity 23613K, committed 23808K, reserved 24576K
GC Heap History (20 events):
Event: 12.259 GC heap after
{Heap after GC invocations=5 (full 1):
 def new generation   total 629248K, used 9394K [0x00007f0f78600000, 0x00007f0fa30c0000, 0x00007f14cdb50000)
  eden space 559360K,   0% used [0x00007f0f78600000, 0x00007f0f78600000, 0x00007f0f9a840000)
  from space 69888K,  13% used [0x00007f0f9a840000, 0x00007f0f9b16c8f0, 0x00007f0f9ec80000)
  to   space 69888K,   0% used [0x00007f0f9ec80000, 0x00007f0f9ec80000, 0x00007f0fa30c0000)
 tenured generation   total 1398144K, used 275767K [0x00007f14cdb50000, 0x00007f15230b0000, 0x00007f1f78600000)
   the space 1398144K,  19% used [0x00007f14cdb50000, 0x00007f14de89df78, 0x00007f14de89e000, 0x00007f15230b0000)
 Metaspace       used 23259K, capacity 23613K, committed 23808K, reserved 24576K
}
Event: 14.429 GC heap before
{Heap before GC invocations=5 (full 1):
 def new generation   total 629248K, used 415970K [0x00007f0f78600000, 0x00007f0fa30c0000, 0x00007f14cdb50000)
  eden space 559360K,  72% used [0x00007f0f78600000, 0x00007f0f9130c2b8, 0x00007f0f9a840000)
  from space 69888K,  13% used [0x00007f0f9a840000, 0x00007f0f9b16c8f0, 0x00007f0f9ec80000)
  to   space 69888K,   0% used [0x00007f0f9ec80000, 0x00007f0f9ec80000, 0x00007f0fa30c0000)
 tenured generation   total 1398144K, used 1324343K [0x00007f14cdb50000, 0x00007f15230b0000, 0x00007f1f78600000)
   the space 1398144K,  94% used [0x00007f14cdb50000, 0x00007f151e89df90, 0x00007f151e89e000, 0x00007f15230b0000)
 Metaspace       used 23262K, capacity 23613K, committed 23808K, reserved 24576K
}
Event: 14.432 GC heap after
{Heap after GC invocations=6 (full 1):
 def new generation   total 629248K, used 1200K [0x00007f0f78600000, 0x00007f0fa30c0000, 0x00007f14cdb50000)
  eden space 559360K,   0% used [0x00007f0f78600000, 0x00007f0f78600000, 0x00007f0f9a840000)
  from space 69888K,   1% used [0x00007f0f9ec80000, 0x00007f0f9edac1d8, 0x00007f0fa30c0000)
  to   space 69888K,   0% used [0x00007f0f9a840000, 0x00007f0f9a840000, 0x00007f0f9ec80000)
 tenured generation   total 1398144K, used 1324343K [0x00007f14cdb50000, 0x00007f15230b0000, 0x00007f1f78600000)
   the space 1398144K,  94% used [0x00007f14cdb50000, 0x00007f151e89df90, 0x00007f151e89e000, 0x00007f15230b0000)
 Metaspace       used 23262K, capacity 23613K, committed 23808K, reserved 24576K
}
Event: 14.432 GC heap before
{Heap before GC invocations=6 (full 1):
 def new generation   total 629248K, used 1200K [0x00007f0f78600000, 0x00007f0fa30c0000, 0x00007f14cdb50000)
  eden space 559360K,   0% used [0x00007f0f78600000, 0x00007f0f78600000, 0x00007f0f9a840000)
  from space 69888K,   1% used [0x00007f0f9ec80000, 0x00007f0f9edac1d8, 0x00007f0fa30c0000)
  to   space 69888K,   0% used [0x00007f0f9a840000, 0x00007f0f9a840000, 0x00007f0f9ec80000)
 tenured generation   total 1398144K, used 1324343K [0x00007f14cdb50000, 0x00007f15230b0000, 0x00007f1f78600000)
   the space 1398144K,  94% used [0x00007f14cdb50000, 0x00007f151e89df90, 0x00007f151e89e000, 0x00007f15230b0000)
 Metaspace       used 23262K, capacity 23613K, committed 23808K, reserved 24576K
}
Event: 14.899 GC heap after
{Heap after GC invocations=6 (full 2):
 def new generation   total 797632K, used 0K [0x00007f0f78600000, 0x00007f0fae770000, 0x00007f14cdb50000)
  eden space 709056K,   0% used [0x00007f0f78600000, 0x00007f0f78600000, 0x00007f0fa3a70000)
  from space 88576K,   0% used [0x00007f0fa3a70000, 0x00007f0fa3a70000, 0x00007f0fa90f0000)
  to   space 88576K,   0% used [0x00007f0fa90f0000, 0x00007f0fa90f0000, 0x00007f0fae770000)
 tenured generation   total 1772296K, used 1063375K [0x00007f14cdb50000, 0x00007f1539e12000, 0x00007f1f78600000)
   the space 1772296K,  59% used [0x00007f14cdb50000, 0x00007f150e9c3e70, 0x00007f150e9c4000, 0x00007f1539e12000)
 Metaspace       used 23262K, capacity 23613K, committed 23808K, reserved 24576K
}
Event: 15.700 GC heap before
{Heap before GC invocations=6 (full 2):
 def new generation   total 797632K, used 14024K [0x00007f0f78600000, 0x00007f0fae770000, 0x00007f14cdb50000)
  eden space 709056K,   1% used [0x00007f0f78600000, 0x00007f0f793b2258, 0x00007f0fa3a70000)
  from space 88576K,   0% used [0x00007f0fa3a70000, 0x00007f0fa3a70000, 0x00007f0fa90f0000)
  to   space 88576K,   0% used [0x00007f0fa90f0000, 0x00007f0fa90f0000, 0x00007f0fae770000)
 tenured generation   total 2820876K, used 2111951K [0x00007f14cdb50000, 0x00007f1579e13000, 0x00007f1f78600000)
   the space 2820876K,  74% used [0x00007f14cdb50000, 0x00007f154e9c3e88, 0x00007f154e9c4000, 0x00007f1579e13000)
 Metaspace       used 23262K, capacity 23613K, committed 23808K, reserved 24576K
}
Event: 15.702 GC heap after
{Heap after GC invocations=7 (full 2):
 def new generation   total 797632K, used 0K [0x00007f0f78600000, 0x00007f0fae770000, 0x00007f14cdb50000)
  eden space 709056K,   0% used [0x00007f0f78600000, 0x00007f0f78600000, 0x00007f0fa3a70000)
  from space 88576K,   0% used [0x00007f0fa90f0000, 0x00007f0fa90f0200, 0x00007f0fae770000)
  to   space 88576K,   0% used [0x00007f0fa3a70000, 0x00007f0fa3a70000, 0x00007f0fa90f0000)
 tenured generation   total 2820876K, used 2111951K [0x00007f14cdb50000, 0x00007f1579e13000, 0x00007f1f78600000)
   the space 2820876K,  74% used [0x00007f14cdb50000, 0x00007f154e9c3e88, 0x00007f154e9c4000, 0x00007f1579e13000)
 Metaspace       used 23262K, capacity 23613K, committed 23808K, reserved 24576K
}
Event: 15.702 GC heap before
{Heap before GC invocations=7 (full 2):
 def new generation   total 797632K, used 0K [0x00007f0f78600000, 0x00007f0fae770000, 0x00007f14cdb50000)
  eden space 709056K,   0% used [0x00007f0f78600000, 0x00007f0f78600000, 0x00007f0fa3a70000)
  from space 88576K,   0% used [0x00007f0fa90f0000, 0x00007f0fa90f0200, 0x00007f0fae770000)
  to   space 88576K,   0% used [0x00007f0fa3a70000, 0x00007f0fa3a70000, 0x00007f0fa90f0000)
 tenured generation   total 2820876K, used 2111951K [0x00007f14cdb50000, 0x00007f1579e13000, 0x00007f1f78600000)
   the space 2820876K,  74% used [0x00007f14cdb50000, 0x00007f154e9c3e88, 0x00007f154e9c4000, 0x00007f1579e13000)
 Metaspace       used 23262K, capacity 23613K, committed 23808K, reserved 24576K
}
Event: 15.760 GC heap after
{Heap after GC invocations=7 (full 3):
 def new generation   total 1584000K, used 0K [0x00007f0f78600000, 0x00007f0fe3cc0000, 0x00007f14cdb50000)
  eden space 1408000K,   0% used [0x00007f0f78600000, 0x00007f0f78600000, 0x00007f0fce500000)
  from space 176000K,   0% used [0x00007f0fce500000, 0x00007f0fce500000, 0x00007f0fd90e0000)
  to   space 176000K,   0% used [0x00007f0fd90e0000, 0x00007f0fd90e0000, 0x00007f0fe3cc0000)
 tenured generation   total 3519924K, used 2111952K [0x00007f14cdb50000, 0x00007f15a48bd000, 0x00007f1f78600000)
   the space 3519924K,  59% used [0x00007f14cdb50000, 0x00007f154e9c4088, 0x00007f154e9c4200, 0x00007f15a48bd000)
 Metaspace       used 23262K, capacity 23613K, committed 23808K, reserved 24576K
}
Event: 17.975 GC heap before
{Heap before GC invocations=7 (full 3):
 def new generation   total 1584000K, used 1141961K [0x00007f0f78600000, 0x00007f0fe3cc0000, 0x00007f14cdb50000)
  eden space 1408000K,  81% used [0x00007f0f78600000, 0x00007f0fbe132498, 0x00007f0fce500000)
  from space 176000K,   0% used [0x00007f0fce500000, 0x00007f0fce500000, 0x00007f0fd90e0000)
  to   space 176000K,   0% used [0x00007f0fd90e0000, 0x00007f0fd90e0000, 0x00007f0fe3cc0000)
 tenured generation   total 3519924K, used 2111952K [0x00007f14cdb50000, 0x00007f15a48bd000, 0x00007f1f78600000)
   the space 3519924K,  59% used [0x00007f14cdb50000, 0x00007f154e9c4088, 0x00007f154e9c4200, 0x00007f15a48bd000)
 Metaspace       used 23262K, capacity 23613K, committed 23808K, reserved 24576K
}
Event: 18.101 GC heap after
{Heap after GC invocations=8 (full 3):
 def new generation   total 1584000K, used 70829K [0x00007f0f78600000, 0x00007f0fe3cc0000, 0x00007f14cdb50000)
  eden space 1408000K,   0% used [0x00007f0f78600000, 0x00007f0f78600000, 0x00007f0fce500000)
  from space 176000K,  40% used [0x00007f0fd90e0000, 0x00007f0fdd60b448, 0x00007f0fe3cc0000)
  to   space 176000K,   0% used [0x00007f0fce500000, 0x00007f0fce500000, 0x00007f0fd90e0000)
 tenured generation   total 3519924K, used 2111952K [0x00007f14cdb50000, 0x00007f15a48bd000, 0x00007f1f78600000)
   the space 3519924K,  59% used [0x00007f14cdb50000, 0x00007f154e9c4088, 0x00007f154e9c4200, 0x00007f15a48bd000)
 Metaspace       used 23262K, capacity 23613K, committed 23808K, reserved 24576K
}
Event: 19.482 GC heap before
{Heap before GC invocations=8 (full 3):
 def new generation   total 1584000K, used 1147122K [0x00007f0f78600000, 0x00007f0fe3cc0000, 0x00007f14cdb50000)
  eden space 1408000K,  76% used [0x00007f0f78600000, 0x00007f0fba111650, 0x00007f0fce500000)
  from space 176000K,  40% used [0x00007f0fd90e0000, 0x00007f0fdd60b448, 0x00007f0fe3cc0000)
  to   space 176000K,   0% used [0x00007f0fce500000, 0x00007f0fce500000, 0x00007f0fd90e0000)
 tenured generation   total 3519924K, used 2111952K [0x00007f14cdb50000, 0x00007f15a48bd000, 0x00007f1f78600000)
   the space 3519924K,  59% used [0x00007f14cdb50000, 0x00007f154e9c4088, 0x00007f154e9c4200, 0x00007f15a48bd000)
 Metaspace       used 23262K, capacity 23613K, committed 23808K, reserved 24576K
}
Event: 20.215 GC heap after
{Heap after GC invocations=9 (full 3):
 def new generation   total 1584000K, used 5291K [0x00007f0f78600000, 0x00007f0fe3cc0000, 0x00007f14cdb50000)
  eden space 1408000K,   0% used [0x00007f0f78600000, 0x00007f0f78600000, 0x00007f0fce500000)
  from space 176000K,   3% used [0x00007f0fce500000, 0x00007f0fcea2ad70, 0x00007f0fd90e0000)
  to   space 176000K,   0% used [0x00007f0fd90e0000, 0x00007f0fd90e0000, 0x00007f0fe3cc0000)
 tenured generation   total 3519924K, used 3160528K [0x00007f14cdb50000, 0x00007f15a48bd000, 0x00007f1f78600000)
   the space 3519924K,  89% used [0x00007f14cdb50000, 0x00007f158e9c40a0, 0x00007f158e9c4200, 0x00007f15a48bd000)
 Metaspace       used 23262K, capacity 23613K, committed 23808K, reserved 24576K
}
Event: 20.757 GC heap before
{Heap before GC invocations=9 (full 3):
 def new generation   total 1584000K, used 1081646K [0x00007f0f78600000, 0x00007f0fe3cc0000, 0x00007f14cdb50000)
  eden space 1408000K,  76% used [0x00007f0f78600000, 0x00007f0fba120e10, 0x00007f0fce500000)
  from space 176000K,   3% used [0x00007f0fce500000, 0x00007f0fcea2ad70, 0x00007f0fd90e0000)
  to   space 176000K,   0% used [0x00007f0fd90e0000, 0x00007f0fd90e0000, 0x00007f0fe3cc0000)
 tenured generation   total 3519924K, used 3160528K [0x00007f14cdb50000, 0x00007f15a48bd000, 0x00007f1f78600000)
   the space 3519924K,  89% used [0x00007f14cdb50000, 0x00007f158e9c40a0, 0x00007f158e9c4200, 0x00007f15a48bd000)
 Metaspace       used 23262K, capacity 23613K, committed 23808K, reserved 24576K
}
Event: 22.061 GC heap after
{Heap after GC invocations=10 (full 3):
 def new generation   total 1584000K, used 5292K [0x00007f0f78600000, 0x00007f0fe3cc0000, 0x00007f14cdb50000)
  eden space 1408000K,   0% used [0x00007f0f78600000, 0x00007f0f78600000, 0x00007f0fce500000)
  from space 176000K,   3% used [0x00007f0fd90e0000, 0x00007f0fd960b030, 0x00007f0fe3cc0000)
  to   space 176000K,   0% used [0x00007f0fce500000, 0x00007f0fce500000, 0x00007f0fd90e0000)
 tenured generation   total 4568504K, used 4209104K [0x00007f14cdb50000, 0x00007f15e48be000, 0x00007f1f78600000)
   the space 4568504K,  92% used [0x00007f14cdb50000, 0x00007f15ce9c40b8, 0x00007f15ce9c4200, 0x00007f15e48be000)
 Metaspace       used 23262K, capacity 23613K, committed 23808K, reserved 24576K
}
Event: 22.061 GC heap before
{Heap before GC invocations=10 (full 3):
 def new generation   total 1584000K, used 5292K [0x00007f0f78600000, 0x00007f0fe3cc0000, 0x00007f14cdb50000)
  eden space 1408000K,   0% used [0x00007f0f78600000, 0x00007f0f78600000, 0x00007f0fce500000)
  from space 176000K,   3% used [0x00007f0fd90e0000, 0x00007f0fd960b030, 0x00007f0fe3cc0000)
  to   space 176000K,   0% used [0x00007f0fce500000, 0x00007f0fce500000, 0x00007f0fd90e0000)
 tenured generation   total 4568504K, used 4209104K [0x00007f14cdb50000, 0x00007f15e48be000, 0x00007f1f78600000)
   the space 4568504K,  92% used [0x00007f14cdb50000, 0x00007f15ce9c40b8, 0x00007f15ce9c4200, 0x00007f15e48be000)
 Metaspace       used 23262K, capacity 23613K, committed 23808K, reserved 24576K
}
Event: 23.603 GC heap after
{Heap after GC invocations=10 (full 4):
 def new generation   total 1584000K, used 0K [0x00007f0f78600000, 0x00007f0fe3cc0000, 0x00007f14cdb50000)
  eden space 1408000K,   0% used [0x00007f0f78600000, 0x00007f0f78600000, 0x00007f0fce500000)
  from space 176000K,   0% used [0x00007f0fd90e0000, 0x00007f0fd90e0000, 0x00007f0fe3cc0000)
  to   space 176000K,   0% used [0x00007f0fce500000, 0x00007f0fce500000, 0x00007f0fd90e0000)
 tenured generation   total 3519924K, used 2106616K [0x00007f14cdb50000, 0x00007f15a48bd000, 0x00007f1f78600000)
   the space 3519924K,  59% used [0x00007f14cdb50000, 0x00007f154e48e1c8, 0x00007f154e48e200, 0x00007f15a48bd000)
 Metaspace       used 23262K, capacity 23613K, committed 23808K, reserved 24576K
}
Event: 34.747 GC heap before
{Heap before GC invocations=10 (full 4):
 def new generation   total 1584000K, used 27658K [0x00007f0f78600000, 0x00007f0fe3cc0000, 0x00007f14cdb50000)
  eden space 1408000K,   1% used [0x00007f0f78600000, 0x00007f0f7a102990, 0x00007f0fce500000)
  from space 176000K,   0% used [0x00007f0fd90e0000, 0x00007f0fd90e0000, 0x00007f0fe3cc0000)
  to   space 176000K,   0% used [0x00007f0fce500000, 0x00007f0fce500000, 0x00007f0fd90e0000)
 tenured generation   total 11908536K, used 10495224K [0x00007f14cdb50000, 0x00007f17a48be000, 0x00007f1f78600000)
   the space 11908536K,  88% used [0x00007f14cdb50000, 0x00007f174e48e1e0, 0x00007f174e48e200, 0x00007f17a48be000)
 Metaspace       used 23262K, capacity 23613K, committed 23808K, reserved 24576K
}
Event: 34.759 GC heap after
{Heap after GC invocations=11 (full 4):
 def new generation   total 1584000K, used 0K [0x00007f0f78600000, 0x00007f0fe3cc0000, 0x00007f14cdb50000)
  eden space 1408000K,   0% used [0x00007f0f78600000, 0x00007f0f78600000, 0x00007f0fce500000)
  from space 176000K,   0% used [0x00007f0fce500000, 0x00007f0fce500368, 0x00007f0fd90e0000)
  to   space 176000K,   0% used [0x00007f0fd90e0000, 0x00007f0fd90e0000, 0x00007f0fe3cc0000)
 tenured generation   total 11908536K, used 10495224K [0x00007f14cdb50000, 0x00007f17a48be000, 0x00007f1f78600000)
   the space 11908536K,  88% used [0x00007f14cdb50000, 0x00007f174e48e1e0, 0x00007f174e48e200, 0x00007f17a48be000)
 Metaspace       used 23262K, capacity 23613K, committed 23808K, reserved 24576K
}
Event: 34.759 GC heap before
{Heap before GC invocations=11 (full 4):
 def new generation   total 1584000K, used 0K [0x00007f0f78600000, 0x00007f0fe3cc0000, 0x00007f14cdb50000)
  eden space 1408000K,   0% used [0x00007f0f78600000, 0x00007f0f78600000, 0x00007f0fce500000)
  from space 176000K,   0% used [0x00007f0fce500000, 0x00007f0fce500368, 0x00007f0fd90e0000)
  to   space 176000K,   0% used [0x00007f0fd90e0000, 0x00007f0fd90e0000, 0x00007f0fe3cc0000)
 tenured generation   total 11908536K, used 10495224K [0x00007f14cdb50000, 0x00007f17a48be000, 0x00007f1f78600000)
   the space 11908536K,  88% used [0x00007f14cdb50000, 0x00007f174e48e1e0, 0x00007f174e48e200, 0x00007f17a48be000)
 Metaspace       used 23262K, capacity 23613K, committed 23808K, reserved 24576K
}

