# JRE version: OpenJDK Runtime Environment (13.0.7+5) (build 13.0.7+5-Ubuntu-0ubuntu120.04)
# Java VM: OpenJDK 64-Bit Server VM (13.0.7+5-Ubuntu-0ubuntu120.04, mixed mode, tiered, serial gc, linux-amd64)
Heap:
 def new generation   total 4614656K, used 0K [0x00007fb74c600000, 0x00007fb885530000, 0x00007fc1f70a0000)
  eden space 4101952K,   0% used [0x00007fb74c600000, 0x00007fb74c600000, 0x00007fb846bd0000)
  from space 512704K,   0% used [0x00007fb846bd0000, 0x00007fb846bd0000, 0x00007fb866080000)
  to   space 512704K,   0% used [0x00007fb866080000, 0x00007fb866080000, 0x00007fb885530000)
 tenured generation   total 10271032K, used 10236865K [0x00007fc1f70a0000, 0x00007fc469eee000, 0x00007fd74c600000)
   the space 10271032K,  99% used [0x00007fc1f70a0000, 0x00007fc467d90518, 0x00007fc467d90600, 0x00007fc469eee000)
 Metaspace       used 24247K, capacity 24649K, committed 24832K, reserved 26624K
GC Heap History (20 events):
Event: 2639.973 GC heap after
{Heap after GC invocations=1655 (full 7):
 def new generation   total 4614656K, used 220456K [0x00007fb74c600000, 0x00007fb885530000, 0x00007fc1f70a0000)
  eden space 4101952K,   0% used [0x00007fb74c600000, 0x00007fb74c600000, 0x00007fb846bd0000)
  from space 512704K,  42% used [0x00007fb866080000, 0x00007fb8737ca3f8, 0x00007fb885530000)
  to   space 512704K,   0% used [0x00007fb846bd0000, 0x00007fb846bd0000, 0x00007fb866080000)
 tenured generation   total 10254644K, used 10140670K [0x00007fc1f70a0000, 0x00007fc468eed000, 0x00007fd74c600000)
   the space 10254644K,  98% used [0x00007fc1f70a0000, 0x00007fc461f9fb20, 0x00007fc461f9fc00, 0x00007fc468eed000)
 Metaspace       used 24247K, capacity 24649K, committed 24832K, reserved 26624K
}
Event: 2644.395 GC heap before
{Heap before GC invocations=1655 (full 7):
 def new generation   total 4614656K, used 4322408K [0x00007fb74c600000, 0x00007fb885530000, 0x00007fc1f70a0000)
  eden space 4101952K, 100% used [0x00007fb74c600000, 0x00007fb846bd0000, 0x00007fb846bd0000)
  from space 512704K,  42% used [0x00007fb866080000, 0x00007fb8737ca3f8, 0x00007fb885530000)
  to   space 512704K,   0% used [0x00007fb846bd0000, 0x00007fb846bd0000, 0x00007fb866080000)
 tenured generation   total 10254644K, used 10140670K [0x00007fc1f70a0000, 0x00007fc468eed000, 0x00007fd74c600000)
   the space 10254644K,  98% used [0x00007fc1f70a0000, 0x00007fc461f9fb20, 0x00007fc461f9fc00, 0x00007fc468eed000)
 Metaspace       used 24247K, capacity 24649K, committed 24832K, reserved 26624K
}
Event: 2644.652 GC heap after
{Heap after GC invocations=1656 (full 7):
 def new generation   total 4614656K, used 237430K [0x00007fb74c600000, 0x00007fb885530000, 0x00007fc1f70a0000)
  eden space 4101952K,   0% used [0x00007fb74c600000, 0x00007fb74c600000, 0x00007fb846bd0000)
  from space 512704K,  46% used [0x00007fb846bd0000, 0x00007fb8553adbe8, 0x00007fb866080000)
  to   space 512704K,   0% used [0x00007fb866080000, 0x00007fb866080000, 0x00007fb885530000)
 tenured generation   total 10254644K, used 10140670K [0x00007fc1f70a0000, 0x00007fc468eed000, 0x00007fd74c600000)
   the space 10254644K,  98% used [0x00007fc1f70a0000, 0x00007fc461f9fb20, 0x00007fc461f9fc00, 0x00007fc468eed000)
 Metaspace       used 24247K, capacity 24649K, committed 24832K, reserved 26624K
}
Event: 2648.846 GC heap before
{Heap before GC invocations=1656 (full 7):
 def new generation   total 4614656K, used 4339382K [0x00007fb74c600000, 0x00007fb885530000, 0x00007fc1f70a0000)
  eden space 4101952K, 100% used [0x00007fb74c600000, 0x00007fb846bd0000, 0x00007fb846bd0000)
  from space 512704K,  46% used [0x00007fb846bd0000, 0x00007fb8553adbe8, 0x00007fb866080000)
  to   space 512704K,   0% used [0x00007fb866080000, 0x00007fb866080000, 0x00007fb885530000)
 tenured generation   total 10254644K, used 10140670K [0x00007fc1f70a0000, 0x00007fc468eed000, 0x00007fd74c600000)
   the space 10254644K,  98% used [0x00007fc1f70a0000, 0x00007fc461f9fb20, 0x00007fc461f9fc00, 0x00007fc468eed000)
 Metaspace       used 24247K, capacity 24649K, committed 24832K, reserved 26624K
}
Event: 2649.021 GC heap after
{Heap after GC invocations=1657 (full 7):
 def new generation   total 4614656K, used 236384K [0x00007fb74c600000, 0x00007fb885530000, 0x00007fc1f70a0000)
  eden space 4101952K,   0% used [0x00007fb74c600000, 0x00007fb74c600000, 0x00007fb846bd0000)
  from space 512704K,  46% used [0x00007fb866080000, 0x00007fb874758070, 0x00007fb885530000)
  to   space 512704K,   0% used [0x00007fb846bd0000, 0x00007fb846bd0000, 0x00007fb866080000)
 tenured generation   total 10254644K, used 10157629K [0x00007fc1f70a0000, 0x00007fc468eed000, 0x00007fd74c600000)
   the space 10254644K,  99% used [0x00007fc1f70a0000, 0x00007fc46302f728, 0x00007fc46302f800, 0x00007fc468eed000)
 Metaspace       used 24247K, capacity 24649K, committed 24832K, reserved 26624K
}
Event: 2653.155 GC heap before
{Heap before GC invocations=1657 (full 7):
 def new generation   total 4614656K, used 4338336K [0x00007fb74c600000, 0x00007fb885530000, 0x00007fc1f70a0000)
  eden space 4101952K, 100% used [0x00007fb74c600000, 0x00007fb846bd0000, 0x00007fb846bd0000)
  from space 512704K,  46% used [0x00007fb866080000, 0x00007fb874758070, 0x00007fb885530000)
  to   space 512704K,   0% used [0x00007fb846bd0000, 0x00007fb846bd0000, 0x00007fb866080000)
 tenured generation   total 10254644K, used 10157629K [0x00007fc1f70a0000, 0x00007fc468eed000, 0x00007fd74c600000)
   the space 10254644K,  99% used [0x00007fc1f70a0000, 0x00007fc46302f728, 0x00007fc46302f800, 0x00007fc468eed000)
 Metaspace       used 24247K, capacity 24649K, committed 24832K, reserved 26624K
}
Event: 2653.322 GC heap after
{Heap after GC invocations=1658 (full 7):
 def new generation   total 4614656K, used 246140K [0x00007fb74c600000, 0x00007fb885530000, 0x00007fc1f70a0000)
  eden space 4101952K,   0% used [0x00007fb74c600000, 0x00007fb74c600000, 0x00007fb846bd0000)
  from space 512704K,  48% used [0x00007fb846bd0000, 0x00007fb855c2f258, 0x00007fb866080000)
  to   space 512704K,   0% used [0x00007fb866080000, 0x00007fb866080000, 0x00007fb885530000)
 tenured generation   total 10254644K, used 10174588K [0x00007fc1f70a0000, 0x00007fc468eed000, 0x00007fd74c600000)
   the space 10254644K,  99% used [0x00007fc1f70a0000, 0x00007fc4640bf330, 0x00007fc4640bf400, 0x00007fc468eed000)
 Metaspace       used 24247K, capacity 24649K, committed 24832K, reserved 26624K
}
Event: 2657.052 GC heap before
{Heap before GC invocations=1658 (full 7):
 def new generation   total 4614656K, used 4334553K [0x00007fb74c600000, 0x00007fb885530000, 0x00007fc1f70a0000)
  eden space 4101952K,  99% used [0x00007fb74c600000, 0x00007fb845e972b8, 0x00007fb846bd0000)
  from space 512704K,  48% used [0x00007fb846bd0000, 0x00007fb855c2f258, 0x00007fb866080000)
  to   space 512704K,   0% used [0x00007fb866080000, 0x00007fb866080000, 0x00007fb885530000)
 tenured generation   total 10254644K, used 10174588K [0x00007fc1f70a0000, 0x00007fc468eed000, 0x00007fd74c600000)
   the space 10254644K,  99% used [0x00007fc1f70a0000, 0x00007fc4640bf330, 0x00007fc4640bf400, 0x00007fc468eed000)
 Metaspace       used 24247K, capacity 24649K, committed 24832K, reserved 26624K
}
Event: 2657.222 GC heap after
{Heap after GC invocations=1659 (full 7):
 def new generation   total 4614656K, used 223558K [0x00007fb74c600000, 0x00007fb885530000, 0x00007fc1f70a0000)
  eden space 4101952K,   0% used [0x00007fb74c600000, 0x00007fb74c600000, 0x00007fb846bd0000)
  from space 512704K,  43% used [0x00007fb866080000, 0x00007fb873ad1968, 0x00007fb885530000)
  to   space 512704K,   0% used [0x00007fb846bd0000, 0x00007fb846bd0000, 0x00007fb866080000)
 tenured generation   total 10254644K, used 10191547K [0x00007fc1f70a0000, 0x00007fc468eed000, 0x00007fd74c600000)
   the space 10254644K,  99% used [0x00007fc1f70a0000, 0x00007fc46514ef38, 0x00007fc46514f000, 0x00007fc468eed000)
 Metaspace       used 24247K, capacity 24649K, committed 24832K, reserved 26624K
}
Event: 2661.409 GC heap before
{Heap before GC invocations=1659 (full 7):
 def new generation   total 4614656K, used 4325510K [0x00007fb74c600000, 0x00007fb885530000, 0x00007fc1f70a0000)
  eden space 4101952K, 100% used [0x00007fb74c600000, 0x00007fb846bd0000, 0x00007fb846bd0000)
  from space 512704K,  43% used [0x00007fb866080000, 0x00007fb873ad1968, 0x00007fb885530000)
  to   space 512704K,   0% used [0x00007fb846bd0000, 0x00007fb846bd0000, 0x00007fb866080000)
 tenured generation   total 10254644K, used 10191547K [0x00007fc1f70a0000, 0x00007fc468eed000, 0x00007fd74c600000)
   the space 10254644K,  99% used [0x00007fc1f70a0000, 0x00007fc46514ef38, 0x00007fc46514f000, 0x00007fc468eed000)
 Metaspace       used 24247K, capacity 24649K, committed 24832K, reserved 26624K
}
Event: 2661.566 GC heap after
{Heap after GC invocations=1660 (full 7):
 def new generation   total 4614656K, used 220961K [0x00007fb74c600000, 0x00007fb885530000, 0x00007fc1f70a0000)
  eden space 4101952K,   0% used [0x00007fb74c600000, 0x00007fb74c600000, 0x00007fb846bd0000)
  from space 512704K,  43% used [0x00007fb846bd0000, 0x00007fb854398788, 0x00007fb866080000)
  to   space 512704K,   0% used [0x00007fb866080000, 0x00007fb866080000, 0x00007fb885530000)
 tenured generation   total 10254644K, used 10208506K [0x00007fc1f70a0000, 0x00007fc468eed000, 0x00007fd74c600000)
   the space 10254644K,  99% used [0x00007fc1f70a0000, 0x00007fc4661deb40, 0x00007fc4661dec00, 0x00007fc468eed000)
 Metaspace       used 24247K, capacity 24649K, committed 24832K, reserved 26624K
}
Event: 2665.739 GC heap before
{Heap before GC invocations=1660 (full 7):
 def new generation   total 4614656K, used 4322913K [0x00007fb74c600000, 0x00007fb885530000, 0x00007fc1f70a0000)
  eden space 4101952K, 100% used [0x00007fb74c600000, 0x00007fb846bd0000, 0x00007fb846bd0000)
  from space 512704K,  43% used [0x00007fb846bd0000, 0x00007fb854398788, 0x00007fb866080000)
  to   space 512704K,   0% used [0x00007fb866080000, 0x00007fb866080000, 0x00007fb885530000)
 tenured generation   total 10254644K, used 10208506K [0x00007fc1f70a0000, 0x00007fc468eed000, 0x00007fd74c600000)
   the space 10254644K,  99% used [0x00007fc1f70a0000, 0x00007fc4661deb40, 0x00007fc4661dec00, 0x00007fc468eed000)
 Metaspace       used 24247K, capacity 24649K, committed 24832K, reserved 26624K
}
Event: 2665.901 GC heap after
{Heap after GC invocations=1661 (full 7):
 def new generation   total 4614656K, used 237408K [0x00007fb74c600000, 0x00007fb885530000, 0x00007fc1f70a0000)
  eden space 4101952K,   0% used [0x00007fb74c600000, 0x00007fb74c600000, 0x00007fb846bd0000)
  from space 512704K,  46% used [0x00007fb866080000, 0x00007fb874858350, 0x00007fb885530000)
  to   space 512704K,   0% used [0x00007fb846bd0000, 0x00007fb846bd0000, 0x00007fb866080000)
 tenured generation   total 10254644K, used 10208506K [0x00007fc1f70a0000, 0x00007fc468eed000, 0x00007fd74c600000)
   the space 10254644K,  99% used [0x00007fc1f70a0000, 0x00007fc4661deb40, 0x00007fc4661dec00, 0x00007fc468eed000)
 Metaspace       used 24247K, capacity 24649K, committed 24832K, reserved 26624K
}
Event: 2670.354 GC heap before
{Heap before GC invocations=1661 (full 7):
 def new generation   total 4614656K, used 4339360K [0x00007fb74c600000, 0x00007fb885530000, 0x00007fc1f70a0000)
  eden space 4101952K, 100% used [0x00007fb74c600000, 0x00007fb846bd0000, 0x00007fb846bd0000)
  from space 512704K,  46% used [0x00007fb866080000, 0x00007fb874858350, 0x00007fb885530000)
  to   space 512704K,   0% used [0x00007fb846bd0000, 0x00007fb846bd0000, 0x00007fb866080000)
 tenured generation   total 10254644K, used 10208506K [0x00007fc1f70a0000, 0x00007fc468eed000, 0x00007fd74c600000)
   the space 10254644K,  99% used [0x00007fc1f70a0000, 0x00007fc4661deb40, 0x00007fc4661dec00, 0x00007fc468eed000)
 Metaspace       used 24247K, capacity 24649K, committed 24832K, reserved 26624K
}
Event: 2670.532 GC heap after
{Heap after GC invocations=1662 (full 7):
 def new generation   total 4614656K, used 233319K [0x00007fb74c600000, 0x00007fb885530000, 0x00007fc1f70a0000)
  eden space 4101952K,   0% used [0x00007fb74c600000, 0x00007fb74c600000, 0x00007fb846bd0000)
  from space 512704K,  45% used [0x00007fb846bd0000, 0x00007fb854fa9fe8, 0x00007fb866080000)
  to   space 512704K,   0% used [0x00007fb866080000, 0x00007fb866080000, 0x00007fb885530000)
 tenured generation   total 10254644K, used 10225465K [0x00007fc1f70a0000, 0x00007fc468eed000, 0x00007fd74c600000)
   the space 10254644K,  99% used [0x00007fc1f70a0000, 0x00007fc46726e748, 0x00007fc46726e800, 0x00007fc468eed000)
 Metaspace       used 24247K, capacity 24649K, committed 24832K, reserved 26624K
}
Event: 2674.894 GC heap before
{Heap before GC invocations=1662 (full 7):
 def new generation   total 4614656K, used 4335271K [0x00007fb74c600000, 0x00007fb885530000, 0x00007fc1f70a0000)
  eden space 4101952K, 100% used [0x00007fb74c600000, 0x00007fb846bd0000, 0x00007fb846bd0000)
  from space 512704K,  45% used [0x00007fb846bd0000, 0x00007fb854fa9fe8, 0x00007fb866080000)
  to   space 512704K,   0% used [0x00007fb866080000, 0x00007fb866080000, 0x00007fb885530000)
 tenured generation   total 10254644K, used 10225465K [0x00007fc1f70a0000, 0x00007fc468eed000, 0x00007fd74c600000)
   the space 10254644K,  99% used [0x00007fc1f70a0000, 0x00007fc46726e748, 0x00007fc46726e800, 0x00007fc468eed000)
 Metaspace       used 24247K, capacity 24649K, committed 24832K, reserved 26624K
}
Event: 2675.073 GC heap after
{Heap after GC invocations=1663 (full 7):
 def new generation   total 4614656K, used 227655K [0x00007fb74c600000, 0x00007fb885530000, 0x00007fc1f70a0000)
  eden space 4101952K,   0% used [0x00007fb74c600000, 0x00007fb74c600000, 0x00007fb846bd0000)
  from space 512704K,  44% used [0x00007fb866080000, 0x00007fb873ed1f10, 0x00007fb885530000)
  to   space 512704K,   0% used [0x00007fb846bd0000, 0x00007fb846bd0000, 0x00007fb866080000)
 tenured generation   total 10254644K, used 10242424K [0x00007fc1f70a0000, 0x00007fc468eed000, 0x00007fd74c600000)
   the space 10254644K,  99% used [0x00007fc1f70a0000, 0x00007fc4682fe350, 0x00007fc4682fe400, 0x00007fc468eed000)
 Metaspace       used 24247K, capacity 24649K, committed 24832K, reserved 26624K
}
Event: 2679.239 GC heap before
{Heap before GC invocations=1663 (full 7):
 def new generation   total 4614656K, used 4329607K [0x00007fb74c600000, 0x00007fb885530000, 0x00007fc1f70a0000)
  eden space 4101952K, 100% used [0x00007fb74c600000, 0x00007fb846bd0000, 0x00007fb846bd0000)
  from space 512704K,  44% used [0x00007fb866080000, 0x00007fb873ed1f10, 0x00007fb885530000)
  to   space 512704K,   0% used [0x00007fb846bd0000, 0x00007fb846bd0000, 0x00007fb866080000)
 tenured generation   total 10254644K, used 10242424K [0x00007fc1f70a0000, 0x00007fc468eed000, 0x00007fd74c600000)
   the space 10254644K,  99% used [0x00007fc1f70a0000, 0x00007fc4682fe350, 0x00007fc4682fe400, 0x00007fc468eed000)
 Metaspace       used 24247K, capacity 24649K, committed 24832K, reserved 26624K
}
Event: 2679.400 GC heap after
{Heap after GC invocations=1664 (full 7):
 def new generation   total 4614656K, used 222526K [0x00007fb74c600000, 0x00007fb885530000, 0x00007fc1f70a0000)
  eden space 4101952K,   0% used [0x00007fb74c600000, 0x00007fb74c600000, 0x00007fb846bd0000)
  from space 512704K,  43% used [0x00007fb846bd0000, 0x00007fb85451fab8, 0x00007fb866080000)
  to   space 512704K,   0% used [0x00007fb866080000, 0x00007fb866080000, 0x00007fb885530000)
 tenured generation   total 10271032K, used 10259383K [0x00007fc1f70a0000, 0x00007fc469eee000, 0x00007fd74c600000)
   the space 10271032K,  99% used [0x00007fc1f70a0000, 0x00007fc46938df58, 0x00007fc46938e000, 0x00007fc469eee000)
 Metaspace       used 24247K, capacity 24649K, committed 24832K, reserved 26624K
}
Event: 2679.400 GC heap before
{Heap before GC invocations=1664 (full 7):
 def new generation   total 4614656K, used 222526K [0x00007fb74c600000, 0x00007fb885530000, 0x00007fc1f70a0000)
  eden space 4101952K,   0% used [0x00007fb74c600000, 0x00007fb74c600000, 0x00007fb846bd0000)
  from space 512704K,  43% used [0x00007fb846bd0000, 0x00007fb85451fab8, 0x00007fb866080000)
  to   space 512704K,   0% used [0x00007fb866080000, 0x00007fb866080000, 0x00007fb885530000)
 tenured generation   total 10271032K, used 10259383K [0x00007fc1f70a0000, 0x00007fc469eee000, 0x00007fd74c600000)
   the space 10271032K,  99% used [0x00007fc1f70a0000, 0x00007fc46938df58, 0x00007fc46938e000, 0x00007fc469eee000)
 Metaspace       used 24247K, capacity 24649K, committed 24832K, reserved 26624K
}

