# JRE version: OpenJDK Runtime Environment (13.0.7+5) (build 13.0.7+5-Ubuntu-0ubuntu120.04)
# Java VM: OpenJDK 64-Bit Server VM (13.0.7+5-Ubuntu-0ubuntu120.04, mixed mode, tiered, serial gc, linux-amd64)
Heap:
 def new generation   total 2915776K, used 34675K [0x00007f058c600000, 0x00007f06521d0000, 0x00007f0ae1b50000)
  eden space 2591808K,   1% used [0x00007f058c600000, 0x00007f058e7dcfa0, 0x00007f062a910000)
  from space 323968K,   0% used [0x00007f062a910000, 0x00007f062a910000, 0x00007f063e570000)
  to   space 323968K,   0% used [0x00007f063e570000, 0x00007f063e570000, 0x00007f06521d0000)
 tenured generation   total 6480760K, used 6480759K [0x00007f0ae1b50000, 0x00007f0c6d42e000, 0x00007f158c600000)
   the space 6480760K,  99% used [0x00007f0ae1b50000, 0x00007f0c6d42dfd0, 0x00007f0c6d42e000, 0x00007f0c6d42e000)
 Metaspace       used 24315K, capacity 24719K, committed 24832K, reserved 26624K
GC Heap History (20 events):
Event: 6394.543 GC heap after
{Heap after GC invocations=5749 (full 4):
 def new generation   total 2915776K, used 38584K [0x00007f058c600000, 0x00007f06521d0000, 0x00007f0ae1b50000)
  eden space 2591808K,   0% used [0x00007f058c600000, 0x00007f058c600000, 0x00007f062a910000)
  from space 323968K,  11% used [0x00007f063e570000, 0x00007f0640b1e080, 0x00007f06521d0000)
  to   space 323968K,   0% used [0x00007f062a910000, 0x00007f062a910000, 0x00007f063e570000)
 tenured generation   total 6479416K, used 6457544K [0x00007f0ae1b50000, 0x00007f0c6d2de000, 0x00007f158c600000)
   the space 6479416K,  99% used [0x00007f0ae1b50000, 0x00007f0c6bd82338, 0x00007f0c6bd82400, 0x00007f0c6d2de000)
 Metaspace       used 24315K, capacity 24719K, committed 24832K, reserved 26624K
}
Event: 6396.965 GC heap before
{Heap before GC invocations=5749 (full 4):
 def new generation   total 2915776K, used 2630392K [0x00007f058c600000, 0x00007f06521d0000, 0x00007f0ae1b50000)
  eden space 2591808K, 100% used [0x00007f058c600000, 0x00007f062a910000, 0x00007f062a910000)
  from space 323968K,  11% used [0x00007f063e570000, 0x00007f0640b1e080, 0x00007f06521d0000)
  to   space 323968K,   0% used [0x00007f062a910000, 0x00007f062a910000, 0x00007f063e570000)
 tenured generation   total 6479416K, used 6457544K [0x00007f0ae1b50000, 0x00007f0c6d2de000, 0x00007f158c600000)
   the space 6479416K,  99% used [0x00007f0ae1b50000, 0x00007f0c6bd82338, 0x00007f0c6bd82400, 0x00007f0c6d2de000)
 Metaspace       used 24315K, capacity 24719K, committed 24832K, reserved 26624K
}
Event: 6397.072 GC heap after
{Heap after GC invocations=5750 (full 4):
 def new generation   total 2915776K, used 39810K [0x00007f058c600000, 0x00007f06521d0000, 0x00007f0ae1b50000)
  eden space 2591808K,   0% used [0x00007f058c600000, 0x00007f058c600000, 0x00007f062a910000)
  from space 323968K,  12% used [0x00007f062a910000, 0x00007f062cff0a38, 0x00007f063e570000)
  to   space 323968K,   0% used [0x00007f063e570000, 0x00007f063e570000, 0x00007f06521d0000)
 tenured generation   total 6479416K, used 6458708K [0x00007f0ae1b50000, 0x00007f0c6d2de000, 0x00007f158c600000)
   the space 6479416K,  99% used [0x00007f0ae1b50000, 0x00007f0c6bea5210, 0x00007f0c6bea5400, 0x00007f0c6d2de000)
 Metaspace       used 24315K, capacity 24719K, committed 24832K, reserved 26624K
}
Event: 6399.484 GC heap before
{Heap before GC invocations=5750 (full 4):
 def new generation   total 2915776K, used 2631618K [0x00007f058c600000, 0x00007f06521d0000, 0x00007f0ae1b50000)
  eden space 2591808K, 100% used [0x00007f058c600000, 0x00007f062a910000, 0x00007f062a910000)
  from space 323968K,  12% used [0x00007f062a910000, 0x00007f062cff0a38, 0x00007f063e570000)
  to   space 323968K,   0% used [0x00007f063e570000, 0x00007f063e570000, 0x00007f06521d0000)
 tenured generation   total 6479416K, used 6458708K [0x00007f0ae1b50000, 0x00007f0c6d2de000, 0x00007f158c600000)
   the space 6479416K,  99% used [0x00007f0ae1b50000, 0x00007f0c6bea5210, 0x00007f0c6bea5400, 0x00007f0c6d2de000)
 Metaspace       used 24315K, capacity 24719K, committed 24832K, reserved 26624K
}
Event: 6399.603 GC heap after
{Heap after GC invocations=5751 (full 4):
 def new generation   total 2915776K, used 38055K [0x00007f058c600000, 0x00007f06521d0000, 0x00007f0ae1b50000)
  eden space 2591808K,   0% used [0x00007f058c600000, 0x00007f058c600000, 0x00007f062a910000)
  from space 323968K,  11% used [0x00007f063e570000, 0x00007f0640a99d28, 0x00007f06521d0000)
  to   space 323968K,   0% used [0x00007f062a910000, 0x00007f062a910000, 0x00007f063e570000)
 tenured generation   total 6479416K, used 6461697K [0x00007f0ae1b50000, 0x00007f0c6d2de000, 0x00007f158c600000)
   the space 6479416K,  99% used [0x00007f0ae1b50000, 0x00007f0c6c190748, 0x00007f0c6c190800, 0x00007f0c6d2de000)
 Metaspace       used 24315K, capacity 24719K, committed 24832K, reserved 26624K
}
Event: 6402.018 GC heap before
{Heap before GC invocations=5751 (full 4):
 def new generation   total 2915776K, used 2629863K [0x00007f058c600000, 0x00007f06521d0000, 0x00007f0ae1b50000)
  eden space 2591808K, 100% used [0x00007f058c600000, 0x00007f062a910000, 0x00007f062a910000)
  from space 323968K,  11% used [0x00007f063e570000, 0x00007f0640a99d28, 0x00007f06521d0000)
  to   space 323968K,   0% used [0x00007f062a910000, 0x00007f062a910000, 0x00007f063e570000)
 tenured generation   total 6479416K, used 6461697K [0x00007f0ae1b50000, 0x00007f0c6d2de000, 0x00007f158c600000)
   the space 6479416K,  99% used [0x00007f0ae1b50000, 0x00007f0c6c190748, 0x00007f0c6c190800, 0x00007f0c6d2de000)
 Metaspace       used 24315K, capacity 24719K, committed 24832K, reserved 26624K
}
Event: 6402.138 GC heap after
{Heap after GC invocations=5752 (full 4):
 def new generation   total 2915776K, used 38046K [0x00007f058c600000, 0x00007f06521d0000, 0x00007f0ae1b50000)
  eden space 2591808K,   0% used [0x00007f058c600000, 0x00007f058c600000, 0x00007f062a910000)
  from space 323968K,  11% used [0x00007f062a910000, 0x00007f062ce378e0, 0x00007f063e570000)
  to   space 323968K,   0% used [0x00007f063e570000, 0x00007f063e570000, 0x00007f06521d0000)
 tenured generation   total 6479416K, used 6465162K [0x00007f0ae1b50000, 0x00007f0c6d2de000, 0x00007f158c600000)
   the space 6479416K,  99% used [0x00007f0ae1b50000, 0x00007f0c6c4f2a80, 0x00007f0c6c4f2c00, 0x00007f0c6d2de000)
 Metaspace       used 24315K, capacity 24719K, committed 24832K, reserved 26624K
}
Event: 6404.533 GC heap before
{Heap before GC invocations=5752 (full 4):
 def new generation   total 2915776K, used 2629854K [0x00007f058c600000, 0x00007f06521d0000, 0x00007f0ae1b50000)
  eden space 2591808K, 100% used [0x00007f058c600000, 0x00007f062a910000, 0x00007f062a910000)
  from space 323968K,  11% used [0x00007f062a910000, 0x00007f062ce378e0, 0x00007f063e570000)
  to   space 323968K,   0% used [0x00007f063e570000, 0x00007f063e570000, 0x00007f06521d0000)
 tenured generation   total 6479416K, used 6465162K [0x00007f0ae1b50000, 0x00007f0c6d2de000, 0x00007f158c600000)
   the space 6479416K,  99% used [0x00007f0ae1b50000, 0x00007f0c6c4f2a80, 0x00007f0c6c4f2c00, 0x00007f0c6d2de000)
 Metaspace       used 24315K, capacity 24719K, committed 24832K, reserved 26624K
}
Event: 6404.641 GC heap after
{Heap after GC invocations=5753 (full 4):
 def new generation   total 2915776K, used 38977K [0x00007f058c600000, 0x00007f06521d0000, 0x00007f0ae1b50000)
  eden space 2591808K,   0% used [0x00007f058c600000, 0x00007f058c600000, 0x00007f062a910000)
  from space 323968K,  12% used [0x00007f063e570000, 0x00007f0640b80738, 0x00007f06521d0000)
  to   space 323968K,   0% used [0x00007f062a910000, 0x00007f062a910000, 0x00007f063e570000)
 tenured generation   total 6479416K, used 6467680K [0x00007f0ae1b50000, 0x00007f0c6d2de000, 0x00007f158c600000)
   the space 6479416K,  99% used [0x00007f0ae1b50000, 0x00007f0c6c7682b0, 0x00007f0c6c768400, 0x00007f0c6d2de000)
 Metaspace       used 24315K, capacity 24719K, committed 24832K, reserved 26624K
}
Event: 6407.030 GC heap before
{Heap before GC invocations=5753 (full 4):
 def new generation   total 2915776K, used 2630785K [0x00007f058c600000, 0x00007f06521d0000, 0x00007f0ae1b50000)
  eden space 2591808K, 100% used [0x00007f058c600000, 0x00007f062a910000, 0x00007f062a910000)
  from space 323968K,  12% used [0x00007f063e570000, 0x00007f0640b80738, 0x00007f06521d0000)
  to   space 323968K,   0% used [0x00007f062a910000, 0x00007f062a910000, 0x00007f063e570000)
 tenured generation   total 6479416K, used 6467680K [0x00007f0ae1b50000, 0x00007f0c6d2de000, 0x00007f158c600000)
   the space 6479416K,  99% used [0x00007f0ae1b50000, 0x00007f0c6c7682b0, 0x00007f0c6c768400, 0x00007f0c6d2de000)
 Metaspace       used 24315K, capacity 24719K, committed 24832K, reserved 26624K
}
Event: 6407.142 GC heap after
{Heap after GC invocations=5754 (full 4):
 def new generation   total 2915776K, used 38927K [0x00007f058c600000, 0x00007f06521d0000, 0x00007f0ae1b50000)
  eden space 2591808K,   0% used [0x00007f058c600000, 0x00007f058c600000, 0x00007f062a910000)
  from space 323968K,  12% used [0x00007f062a910000, 0x00007f062cf13ec8, 0x00007f063e570000)
  to   space 323968K,   0% used [0x00007f063e570000, 0x00007f063e570000, 0x00007f06521d0000)
 tenured generation   total 6479416K, used 6469668K [0x00007f0ae1b50000, 0x00007f0c6d2de000, 0x00007f158c600000)
   the space 6479416K,  99% used [0x00007f0ae1b50000, 0x00007f0c6c9593f0, 0x00007f0c6c959400, 0x00007f0c6d2de000)
 Metaspace       used 24315K, capacity 24719K, committed 24832K, reserved 26624K
}
Event: 6409.537 GC heap before
{Heap before GC invocations=5754 (full 4):
 def new generation   total 2915776K, used 2630735K [0x00007f058c600000, 0x00007f06521d0000, 0x00007f0ae1b50000)
  eden space 2591808K, 100% used [0x00007f058c600000, 0x00007f062a910000, 0x00007f062a910000)
  from space 323968K,  12% used [0x00007f062a910000, 0x00007f062cf13ec8, 0x00007f063e570000)
  to   space 323968K,   0% used [0x00007f063e570000, 0x00007f063e570000, 0x00007f06521d0000)
 tenured generation   total 6479416K, used 6469668K [0x00007f0ae1b50000, 0x00007f0c6d2de000, 0x00007f158c600000)
   the space 6479416K,  99% used [0x00007f0ae1b50000, 0x00007f0c6c9593f0, 0x00007f0c6c959400, 0x00007f0c6d2de000)
 Metaspace       used 24315K, capacity 24719K, committed 24832K, reserved 26624K
}
Event: 6409.656 GC heap after
{Heap after GC invocations=5755 (full 4):
 def new generation   total 2915776K, used 37157K [0x00007f058c600000, 0x00007f06521d0000, 0x00007f0ae1b50000)
  eden space 2591808K,   0% used [0x00007f058c600000, 0x00007f058c600000, 0x00007f062a910000)
  from space 323968K,  11% used [0x00007f063e570000, 0x00007f06409b9768, 0x00007f06521d0000)
  to   space 323968K,   0% used [0x00007f062a910000, 0x00007f062a910000, 0x00007f063e570000)
 tenured generation   total 6479416K, used 6473129K [0x00007f0ae1b50000, 0x00007f0c6d2de000, 0x00007f158c600000)
   the space 6479416K,  99% used [0x00007f0ae1b50000, 0x00007f0c6ccba558, 0x00007f0c6ccba600, 0x00007f0c6d2de000)
 Metaspace       used 24315K, capacity 24719K, committed 24832K, reserved 26624K
}
Event: 6412.116 GC heap before
{Heap before GC invocations=5755 (full 4):
 def new generation   total 2915776K, used 2628965K [0x00007f058c600000, 0x00007f06521d0000, 0x00007f0ae1b50000)
  eden space 2591808K, 100% used [0x00007f058c600000, 0x00007f062a910000, 0x00007f062a910000)
  from space 323968K,  11% used [0x00007f063e570000, 0x00007f06409b9768, 0x00007f06521d0000)
  to   space 323968K,   0% used [0x00007f062a910000, 0x00007f062a910000, 0x00007f063e570000)
 tenured generation   total 6479416K, used 6473129K [0x00007f0ae1b50000, 0x00007f0c6d2de000, 0x00007f158c600000)
   the space 6479416K,  99% used [0x00007f0ae1b50000, 0x00007f0c6ccba558, 0x00007f0c6ccba600, 0x00007f0c6d2de000)
 Metaspace       used 24315K, capacity 24719K, committed 24832K, reserved 26624K
}
Event: 6412.222 GC heap after
{Heap after GC invocations=5756 (full 4):
 def new generation   total 2915776K, used 34881K [0x00007f058c600000, 0x00007f06521d0000, 0x00007f0ae1b50000)
  eden space 2591808K,   0% used [0x00007f058c600000, 0x00007f058c600000, 0x00007f062a910000)
  from space 323968K,  10% used [0x00007f062a910000, 0x00007f062cb20408, 0x00007f063e570000)
  to   space 323968K,   0% used [0x00007f063e570000, 0x00007f063e570000, 0x00007f06521d0000)
 tenured generation   total 6479416K, used 6476594K [0x00007f0ae1b50000, 0x00007f0c6d2de000, 0x00007f158c600000)
   the space 6479416K,  99% used [0x00007f0ae1b50000, 0x00007f0c6d01c890, 0x00007f0c6d01ca00, 0x00007f0c6d2de000)
 Metaspace       used 24315K, capacity 24719K, committed 24832K, reserved 26624K
}
Event: 6414.784 GC heap before
{Heap before GC invocations=5756 (full 4):
 def new generation   total 2915776K, used 2626689K [0x00007f058c600000, 0x00007f06521d0000, 0x00007f0ae1b50000)
  eden space 2591808K, 100% used [0x00007f058c600000, 0x00007f062a910000, 0x00007f062a910000)
  from space 323968K,  10% used [0x00007f062a910000, 0x00007f062cb20408, 0x00007f063e570000)
  to   space 323968K,   0% used [0x00007f063e570000, 0x00007f063e570000, 0x00007f06521d0000)
 tenured generation   total 6479416K, used 6476594K [0x00007f0ae1b50000, 0x00007f0c6d2de000, 0x00007f158c600000)
   the space 6479416K,  99% used [0x00007f0ae1b50000, 0x00007f0c6d01c890, 0x00007f0c6d01ca00, 0x00007f0c6d2de000)
 Metaspace       used 24315K, capacity 24719K, committed 24832K, reserved 26624K
}
Event: 6414.872 GC heap after
{Heap after GC invocations=5757 (full 4):
 def new generation   total 2915776K, used 34507K [0x00007f058c600000, 0x00007f06521d0000, 0x00007f0ae1b50000)
  eden space 2591808K,   0% used [0x00007f058c600000, 0x00007f058c600000, 0x00007f062a910000)
  from space 323968K,  10% used [0x00007f063e570000, 0x00007f0640722fc8, 0x00007f06521d0000)
  to   space 323968K,   0% used [0x00007f062a910000, 0x00007f062a910000, 0x00007f063e570000)
 tenured generation   total 6479416K, used 6478151K [0x00007f0ae1b50000, 0x00007f0c6d2de000, 0x00007f158c600000)
   the space 6479416K,  99% used [0x00007f0ae1b50000, 0x00007f0c6d1a1c18, 0x00007f0c6d1a1e00, 0x00007f0c6d2de000)
 Metaspace       used 24315K, capacity 24719K, committed 24832K, reserved 26624K
}
Event: 6417.393 GC heap before
{Heap before GC invocations=5757 (full 4):
 def new generation   total 2915776K, used 2626315K [0x00007f058c600000, 0x00007f06521d0000, 0x00007f0ae1b50000)
  eden space 2591808K, 100% used [0x00007f058c600000, 0x00007f062a910000, 0x00007f062a910000)
  from space 323968K,  10% used [0x00007f063e570000, 0x00007f0640722fc8, 0x00007f06521d0000)
  to   space 323968K,   0% used [0x00007f062a910000, 0x00007f062a910000, 0x00007f063e570000)
 tenured generation   total 6479416K, used 6478151K [0x00007f0ae1b50000, 0x00007f0c6d2de000, 0x00007f158c600000)
   the space 6479416K,  99% used [0x00007f0ae1b50000, 0x00007f0c6d1a1c18, 0x00007f0c6d1a1e00, 0x00007f0c6d2de000)
 Metaspace       used 24315K, capacity 24719K, committed 24832K, reserved 26624K
}
Event: 6417.498 GC heap after
{Heap after GC invocations=5758 (full 4):
 def new generation   total 2915776K, used 34825K [0x00007f058c600000, 0x00007f06521d0000, 0x00007f0ae1b50000)
  eden space 2591808K,   0% used [0x00007f058c600000, 0x00007f058c600000, 0x00007f062a910000)
  from space 323968K,  10% used [0x00007f062a910000, 0x00007f062cb12708, 0x00007f063e570000)
  to   space 323968K,   0% used [0x00007f063e570000, 0x00007f063e570000, 0x00007f06521d0000)
 tenured generation   total 6480760K, used 6480610K [0x00007f0ae1b50000, 0x00007f0c6d42e000, 0x00007f158c600000)
   the space 6480760K,  99% used [0x00007f0ae1b50000, 0x00007f0c6d408868, 0x00007f0c6d408a00, 0x00007f0c6d42e000)
 Metaspace       used 24315K, capacity 24719K, committed 24832K, reserved 26624K
}
Event: 6417.498 GC heap before
{Heap before GC invocations=5758 (full 4):
 def new generation   total 2915776K, used 34825K [0x00007f058c600000, 0x00007f06521d0000, 0x00007f0ae1b50000)
  eden space 2591808K,   0% used [0x00007f058c600000, 0x00007f058c600000, 0x00007f062a910000)
  from space 323968K,  10% used [0x00007f062a910000, 0x00007f062cb12708, 0x00007f063e570000)
  to   space 323968K,   0% used [0x00007f063e570000, 0x00007f063e570000, 0x00007f06521d0000)
 tenured generation   total 6480760K, used 6480610K [0x00007f0ae1b50000, 0x00007f0c6d42e000, 0x00007f158c600000)
   the space 6480760K,  99% used [0x00007f0ae1b50000, 0x00007f0c6d408868, 0x00007f0c6d408a00, 0x00007f0c6d42e000)
 Metaspace       used 24315K, capacity 24719K, committed 24832K, reserved 26624K
}

