# JRE version: OpenJDK Runtime Environment (13.0.7+5) (build 13.0.7+5-Ubuntu-0ubuntu120.04)
# Java VM: OpenJDK 64-Bit Server VM (13.0.7+5-Ubuntu-0ubuntu120.04, mixed mode, tiered, serial gc, linux-amd64)
Heap:
 def new generation   total 629248K, used 0K [0x00007f9428600000, 0x00007f94530c0000, 0x00007f997db50000)
  eden space 559360K,   0% used [0x00007f9428600000, 0x00007f9428600000, 0x00007f944a840000)
  from space 69888K,   0% used [0x00007f944a840000, 0x00007f944a840000, 0x00007f944ec80000)
  to   space 69888K,   0% used [0x00007f944ec80000, 0x00007f944ec80000, 0x00007f94530c0000)
 tenured generation   total 1398144K, used 273876K [0x00007f997db50000, 0x00007f99d30b0000, 0x00007fa428600000)
   the space 1398144K,  19% used [0x00007f997db50000, 0x00007f998e6c5180, 0x00007f998e6c5200, 0x00007f99d30b0000)
 Metaspace       used 30019K, capacity 30489K, committed 30720K, reserved 30720K
GC Heap History (20 events):
Event: 209.289 GC heap before
{Heap before GC invocations=483 (full 74):
 def new generation   total 629248K, used 413790K [0x00007f9428600000, 0x00007f94530c0000, 0x00007f997db50000)
  eden space 559360K,  72% used [0x00007f9428600000, 0x00007f94410cfe70, 0x00007f944a840000)
  from space 69888K,  13% used [0x00007f944a840000, 0x00007f944b1879a8, 0x00007f944ec80000)
  to   space 69888K,   0% used [0x00007f944ec80000, 0x00007f944ec80000, 0x00007f94530c0000)
 tenured generation   total 1398144K, used 1193118K [0x00007f997db50000, 0x00007f99d30b0000, 0x00007fa428600000)
   the space 1398144K,  85% used [0x00007f997db50000, 0x00007f99c6877ac8, 0x00007f99c6877c00, 0x00007f99d30b0000)
 Metaspace       used 29991K, capacity 30419K, committed 30720K, reserved 30720K
}
Event: 209.455 GC heap after
{Heap after GC invocations=484 (full 74):
 def new generation   total 629248K, used 9502K [0x00007f9428600000, 0x00007f94530c0000, 0x00007f997db50000)
  eden space 559360K,   0% used [0x00007f9428600000, 0x00007f9428600000, 0x00007f944a840000)
  from space 69888K,  13% used [0x00007f944ec80000, 0x00007f944f5c7ac0, 0x00007f94530c0000)
  to   space 69888K,   0% used [0x00007f944a840000, 0x00007f944a840000, 0x00007f944ec80000)
 tenured generation   total 1594756K, used 1586334K [0x00007f997db50000, 0x00007f99df0b1000, 0x00007fa428600000)
   the space 1594756K,  99% used [0x00007f997db50000, 0x00007f99de877af8, 0x00007f99de877c00, 0x00007f99df0b1000)
 Metaspace       used 29991K, capacity 30419K, committed 30720K, reserved 30720K
}
Event: 209.455 GC heap before
{Heap before GC invocations=484 (full 74):
 def new generation   total 629248K, used 9502K [0x00007f9428600000, 0x00007f94530c0000, 0x00007f997db50000)
  eden space 559360K,   0% used [0x00007f9428600000, 0x00007f9428600000, 0x00007f944a840000)
  from space 69888K,  13% used [0x00007f944ec80000, 0x00007f944f5c7ac0, 0x00007f94530c0000)
  to   space 69888K,   0% used [0x00007f944a840000, 0x00007f944a840000, 0x00007f944ec80000)
 tenured generation   total 1594756K, used 1586334K [0x00007f997db50000, 0x00007f99df0b1000, 0x00007fa428600000)
   the space 1594756K,  99% used [0x00007f997db50000, 0x00007f99de877af8, 0x00007f99de877c00, 0x00007f99df0b1000)
 Metaspace       used 29991K, capacity 30419K, committed 30720K, reserved 30720K
}
Event: 209.549 GC heap after
{Heap after GC invocations=484 (full 75):
 def new generation   total 629248K, used 0K [0x00007f9428600000, 0x00007f94530c0000, 0x00007f997db50000)
  eden space 559360K,   0% used [0x00007f9428600000, 0x00007f9428600000, 0x00007f944a840000)
  from space 69888K,   0% used [0x00007f944ec80000, 0x00007f944ec80000, 0x00007f94530c0000)
  to   space 69888K,   0% used [0x00007f944a840000, 0x00007f944a840000, 0x00007f944ec80000)
 tenured generation   total 1398144K, used 406936K [0x00007f997db50000, 0x00007f99d30b0000, 0x00007fa428600000)
   the space 1398144K,  29% used [0x00007f997db50000, 0x00007f99968b6060, 0x00007f99968b6200, 0x00007f99d30b0000)
 Metaspace       used 29991K, capacity 30419K, committed 30720K, reserved 30720K
}
Event: 209.734 GC heap before
{Heap before GC invocations=484 (full 75):
 def new generation   total 629248K, used 318130K [0x00007f9428600000, 0x00007f94530c0000, 0x00007f997db50000)
  eden space 559360K,  56% used [0x00007f9428600000, 0x00007f943bcaca90, 0x00007f944a840000)
  from space 69888K,   0% used [0x00007f944ec80000, 0x00007f944ec80000, 0x00007f94530c0000)
  to   space 69888K,   0% used [0x00007f944a840000, 0x00007f944a840000, 0x00007f944ec80000)
 tenured generation   total 1398144K, used 406936K [0x00007f997db50000, 0x00007f99d30b0000, 0x00007fa428600000)
   the space 1398144K,  29% used [0x00007f997db50000, 0x00007f99968b6060, 0x00007f99968b6200, 0x00007f99d30b0000)
 Metaspace       used 29991K, capacity 30419K, committed 30720K, reserved 30720K
}
Event: 209.746 GC heap after
{Heap after GC invocations=485 (full 75):
 def new generation   total 629248K, used 4669K [0x00007f9428600000, 0x00007f94530c0000, 0x00007f997db50000)
  eden space 559360K,   0% used [0x00007f9428600000, 0x00007f9428600000, 0x00007f944a840000)
  from space 69888K,   6% used [0x00007f944a840000, 0x00007f944accf6d0, 0x00007f944ec80000)
  to   space 69888K,   0% used [0x00007f944ec80000, 0x00007f944ec80000, 0x00007f94530c0000)
 tenured generation   total 1398144K, used 505240K [0x00007f997db50000, 0x00007f99d30b0000, 0x00007fa428600000)
   the space 1398144K,  36% used [0x00007f997db50000, 0x00007f999c8b6078, 0x00007f999c8b6200, 0x00007f99d30b0000)
 Metaspace       used 29991K, capacity 30419K, committed 30720K, reserved 30720K
}
Event: 209.960 GC heap before
{Heap before GC invocations=485 (full 75):
 def new generation   total 629248K, used 408867K [0x00007f9428600000, 0x00007f94530c0000, 0x00007f997db50000)
  eden space 559360K,  72% used [0x00007f9428600000, 0x00007f94410b9658, 0x00007f944a840000)
  from space 69888K,   6% used [0x00007f944a840000, 0x00007f944accf6d0, 0x00007f944ec80000)
  to   space 69888K,   0% used [0x00007f944ec80000, 0x00007f944ec80000, 0x00007f94530c0000)
 tenured generation   total 1398144K, used 505240K [0x00007f997db50000, 0x00007f99d30b0000, 0x00007fa428600000)
   the space 1398144K,  36% used [0x00007f997db50000, 0x00007f999c8b6078, 0x00007f999c8b6200, 0x00007f99d30b0000)
 Metaspace       used 29991K, capacity 30419K, committed 30720K, reserved 30720K
}
Event: 210.004 GC heap after
{Heap after GC invocations=486 (full 75):
 def new generation   total 629248K, used 4668K [0x00007f9428600000, 0x00007f94530c0000, 0x00007f997db50000)
  eden space 559360K,   0% used [0x00007f9428600000, 0x00007f9428600000, 0x00007f944a840000)
  from space 69888K,   6% used [0x00007f944ec80000, 0x00007f944f10f388, 0x00007f94530c0000)
  to   space 69888K,   0% used [0x00007f944a840000, 0x00007f944a840000, 0x00007f944ec80000)
 tenured generation   total 1398144K, used 898456K [0x00007f997db50000, 0x00007f99d30b0000, 0x00007fa428600000)
   the space 1398144K,  64% used [0x00007f997db50000, 0x00007f99b48b6090, 0x00007f99b48b6200, 0x00007f99d30b0000)
 Metaspace       used 29991K, capacity 30419K, committed 30720K, reserved 30720K
}
Event: 210.067 GC heap before
{Heap before GC invocations=486 (full 75):
 def new generation   total 629248K, used 408862K [0x00007f9428600000, 0x00007f94530c0000, 0x00007f997db50000)
  eden space 559360K,  72% used [0x00007f9428600000, 0x00007f94410b8668, 0x00007f944a840000)
  from space 69888K,   6% used [0x00007f944ec80000, 0x00007f944f10f388, 0x00007f94530c0000)
  to   space 69888K,   0% used [0x00007f944a840000, 0x00007f944a840000, 0x00007f944ec80000)
 tenured generation   total 1398144K, used 898456K [0x00007f997db50000, 0x00007f99d30b0000, 0x00007fa428600000)
   the space 1398144K,  64% used [0x00007f997db50000, 0x00007f99b48b6090, 0x00007f99b48b6200, 0x00007f99d30b0000)
 Metaspace       used 29991K, capacity 30419K, committed 30720K, reserved 30720K
}
Event: 210.112 GC heap after
{Heap after GC invocations=487 (full 75):
 def new generation   total 629248K, used 4669K [0x00007f9428600000, 0x00007f94530c0000, 0x00007f997db50000)
  eden space 559360K,   0% used [0x00007f9428600000, 0x00007f9428600000, 0x00007f944a840000)
  from space 69888K,   6% used [0x00007f944a840000, 0x00007f944accf5b8, 0x00007f944ec80000)
  to   space 69888K,   0% used [0x00007f944ec80000, 0x00007f944ec80000, 0x00007f94530c0000)
 tenured generation   total 1398144K, used 1291672K [0x00007f997db50000, 0x00007f99d30b0000, 0x00007fa428600000)
   the space 1398144K,  92% used [0x00007f997db50000, 0x00007f99cc8b60a8, 0x00007f99cc8b6200, 0x00007f99d30b0000)
 Metaspace       used 29991K, capacity 30419K, committed 30720K, reserved 30720K
}
Event: 210.443 GC heap before
{Heap before GC invocations=487 (full 75):
 def new generation   total 629248K, used 564029K [0x00007f9428600000, 0x00007f94530c0000, 0x00007f997db50000)
  eden space 559360K, 100% used [0x00007f9428600000, 0x00007f944a840000, 0x00007f944a840000)
  from space 69888K,   6% used [0x00007f944a840000, 0x00007f944accf5b8, 0x00007f944ec80000)
  to   space 69888K,   0% used [0x00007f944ec80000, 0x00007f944ec80000, 0x00007f94530c0000)
 tenured generation   total 1398144K, used 1291672K [0x00007f997db50000, 0x00007f99d30b0000, 0x00007fa428600000)
   the space 1398144K,  92% used [0x00007f997db50000, 0x00007f99cc8b60a8, 0x00007f99cc8b6200, 0x00007f99d30b0000)
 Metaspace       used 29991K, capacity 30419K, committed 30720K, reserved 30720K
}
Event: 210.444 GC heap after
{Heap after GC invocations=488 (full 75):
 def new generation   total 629248K, used 4619K [0x00007f9428600000, 0x00007f94530c0000, 0x00007f997db50000)
  eden space 559360K,   0% used [0x00007f9428600000, 0x00007f9428600000, 0x00007f944a840000)
  from space 69888K,   6% used [0x00007f944ec80000, 0x00007f944f102d18, 0x00007f94530c0000)
  to   space 69888K,   0% used [0x00007f944a840000, 0x00007f944a840000, 0x00007f944ec80000)
 tenured generation   total 1398144K, used 1291672K [0x00007f997db50000, 0x00007f99d30b0000, 0x00007fa428600000)
   the space 1398144K,  92% used [0x00007f997db50000, 0x00007f99cc8b60a8, 0x00007f99cc8b6200, 0x00007f99d30b0000)
 Metaspace       used 29991K, capacity 30419K, committed 30720K, reserved 30720K
}
Event: 210.972 GC heap before
{Heap before GC invocations=488 (full 75):
 def new generation   total 629248K, used 563979K [0x00007f9428600000, 0x00007f94530c0000, 0x00007f997db50000)
  eden space 559360K, 100% used [0x00007f9428600000, 0x00007f944a840000, 0x00007f944a840000)
  from space 69888K,   6% used [0x00007f944ec80000, 0x00007f944f102d18, 0x00007f94530c0000)
  to   space 69888K,   0% used [0x00007f944a840000, 0x00007f944a840000, 0x00007f944ec80000)
 tenured generation   total 1398144K, used 1291672K [0x00007f997db50000, 0x00007f99d30b0000, 0x00007fa428600000)
   the space 1398144K,  92% used [0x00007f997db50000, 0x00007f99cc8b60a8, 0x00007f99cc8b6200, 0x00007f99d30b0000)
 Metaspace       used 30018K, capacity 30489K, committed 30720K, reserved 30720K
}
Event: 210.974 GC heap after
{Heap after GC invocations=489 (full 75):
 def new generation   total 629248K, used 5051K [0x00007f9428600000, 0x00007f94530c0000, 0x00007f997db50000)
  eden space 559360K,   0% used [0x00007f9428600000, 0x00007f9428600000, 0x00007f944a840000)
  from space 69888K,   7% used [0x00007f944a840000, 0x00007f944ad2ee08, 0x00007f944ec80000)
  to   space 69888K,   0% used [0x00007f944ec80000, 0x00007f944ec80000, 0x00007f94530c0000)
 tenured generation   total 1398144K, used 1291672K [0x00007f997db50000, 0x00007f99d30b0000, 0x00007fa428600000)
   the space 1398144K,  92% used [0x00007f997db50000, 0x00007f99cc8b60a8, 0x00007f99cc8b6200, 0x00007f99d30b0000)
 Metaspace       used 30018K, capacity 30489K, committed 30720K, reserved 30720K
}
Event: 211.191 GC heap before
{Heap before GC invocations=489 (full 75):
 def new generation   total 629248K, used 359890K [0x00007f9428600000, 0x00007f94530c0000, 0x00007f997db50000)
  eden space 559360K,  63% used [0x00007f9428600000, 0x00007f943e085b40, 0x00007f944a840000)
  from space 69888K,   7% used [0x00007f944a840000, 0x00007f944ad2ee08, 0x00007f944ec80000)
  to   space 69888K,   0% used [0x00007f944ec80000, 0x00007f944ec80000, 0x00007f94530c0000)
 tenured generation   total 1398144K, used 1291672K [0x00007f997db50000, 0x00007f99d30b0000, 0x00007fa428600000)
   the space 1398144K,  92% used [0x00007f997db50000, 0x00007f99cc8b60a8, 0x00007f99cc8b6200, 0x00007f99d30b0000)
 Metaspace       used 30019K, capacity 30489K, committed 30720K, reserved 30720K
}
Event: 211.193 GC heap after
{Heap after GC invocations=490 (full 75):
 def new generation   total 629248K, used 9563K [0x00007f9428600000, 0x00007f94530c0000, 0x00007f997db50000)
  eden space 559360K,   0% used [0x00007f9428600000, 0x00007f9428600000, 0x00007f944a840000)
  from space 69888K,  13% used [0x00007f944ec80000, 0x00007f944f5d6d30, 0x00007f94530c0000)
  to   space 69888K,   0% used [0x00007f944a840000, 0x00007f944a840000, 0x00007f944ec80000)
 tenured generation   total 1398144K, used 1291672K [0x00007f997db50000, 0x00007f99d30b0000, 0x00007fa428600000)
   the space 1398144K,  92% used [0x00007f997db50000, 0x00007f99cc8b60a8, 0x00007f99cc8b6200, 0x00007f99d30b0000)
 Metaspace       used 30019K, capacity 30489K, committed 30720K, reserved 30720K
}
Event: 211.469 GC heap before
{Heap before GC invocations=490 (full 75):
 def new generation   total 629248K, used 544846K [0x00007f9428600000, 0x00007f94530c0000, 0x00007f997db50000)
  eden space 559360K,  95% used [0x00007f9428600000, 0x00007f94490bcc40, 0x00007f944a840000)
  from space 69888K,  13% used [0x00007f944ec80000, 0x00007f944f5d6d30, 0x00007f94530c0000)
  to   space 69888K,   0% used [0x00007f944a840000, 0x00007f944a840000, 0x00007f944ec80000)
 tenured generation   total 1398144K, used 1291672K [0x00007f997db50000, 0x00007f99d30b0000, 0x00007fa428600000)
   the space 1398144K,  92% used [0x00007f997db50000, 0x00007f99cc8b60a8, 0x00007f99cc8b6200, 0x00007f99d30b0000)
 Metaspace       used 30019K, capacity 30489K, committed 30720K, reserved 30720K
}
Event: 211.572 GC heap after
{Heap after GC invocations=491 (full 75):
 def new generation   total 629248K, used 5458K [0x00007f9428600000, 0x00007f94530c0000, 0x00007f997db50000)
  eden space 559360K,   0% used [0x00007f9428600000, 0x00007f9428600000, 0x00007f944a840000)
  from space 69888K,   7% used [0x00007f944a840000, 0x00007f944ad94aa0, 0x00007f944ec80000)
  to   space 69888K,   0% used [0x00007f944ec80000, 0x00007f944ec80000, 0x00007f94530c0000)
 tenured generation   total 1660296K, used 1553816K [0x00007f997db50000, 0x00007f99e30b2000, 0x00007fa428600000)
   the space 1660296K,  93% used [0x00007f997db50000, 0x00007f99dc8b60d8, 0x00007f99dc8b6200, 0x00007f99e30b2000)
 Metaspace       used 30019K, capacity 30489K, committed 30720K, reserved 30720K
}
Event: 211.572 GC heap before
{Heap before GC invocations=491 (full 75):
 def new generation   total 629248K, used 5458K [0x00007f9428600000, 0x00007f94530c0000, 0x00007f997db50000)
  eden space 559360K,   0% used [0x00007f9428600000, 0x00007f9428600000, 0x00007f944a840000)
  from space 69888K,   7% used [0x00007f944a840000, 0x00007f944ad94aa0, 0x00007f944ec80000)
  to   space 69888K,   0% used [0x00007f944ec80000, 0x00007f944ec80000, 0x00007f94530c0000)
 tenured generation   total 1660296K, used 1553816K [0x00007f997db50000, 0x00007f99e30b2000, 0x00007fa428600000)
   the space 1660296K,  93% used [0x00007f997db50000, 0x00007f99dc8b60d8, 0x00007f99dc8b6200, 0x00007f99e30b2000)
 Metaspace       used 30019K, capacity 30489K, committed 30720K, reserved 30720K
}
Event: 211.662 GC heap after
{Heap after GC invocations=491 (full 76):
 def new generation   total 629248K, used 0K [0x00007f9428600000, 0x00007f94530c0000, 0x00007f997db50000)
  eden space 559360K,   0% used [0x00007f9428600000, 0x00007f9428600000, 0x00007f944a840000)
  from space 69888K,   0% used [0x00007f944a840000, 0x00007f944a840000, 0x00007f944ec80000)
  to   space 69888K,   0% used [0x00007f944ec80000, 0x00007f944ec80000, 0x00007f94530c0000)
 tenured generation   total 1398144K, used 273876K [0x00007f997db50000, 0x00007f99d30b0000, 0x00007fa428600000)
   the space 1398144K,  19% used [0x00007f997db50000, 0x00007f998e6c5180, 0x00007f998e6c5200, 0x00007f99d30b0000)
 Metaspace       used 30019K, capacity 30489K, committed 30720K, reserved 30720K
}

