# JRE version: OpenJDK Runtime Environment (13.0.7+5) (build 13.0.7+5-Ubuntu-0ubuntu120.04)
# Java VM: OpenJDK 64-Bit Server VM (13.0.7+5-Ubuntu-0ubuntu120.04, mixed mode, tiered, serial gc, linux-amd64)
Heap:
 def new generation   total 1505472K, used 53932K [0x00007ef85c600000, 0x00007ef8c2780000, 0x00007f03070a0000)
  eden space 1338240K,   4% used [0x00007ef85c600000, 0x00007ef85faab348, 0x00007ef8ae0e0000)
  from space 167232K,   0% used [0x00007ef8ae0e0000, 0x00007ef8ae0e0000, 0x00007ef8b8430000)
  to   space 167232K,   0% used [0x00007ef8b8430000, 0x00007ef8b8430000, 0x00007ef8c2780000)
 tenured generation   total 3361744K, used 3361323K [0x00007f03070a0000, 0x00007f03d4394000, 0x00007f185c600000)
   the space 3361744K,  99% used [0x00007f03070a0000, 0x00007f03d432ac30, 0x00007f03d432ae00, 0x00007f03d4394000)
 Metaspace       used 24251K, capacity 24641K, committed 24832K, reserved 26624K
GC Heap History (20 events):
Event: 1016.463 GC heap after
{Heap after GC invocations=1062 (full 5):
 def new generation   total 1505472K, used 68317K [0x00007ef85c600000, 0x00007ef8c2780000, 0x00007f03070a0000)
  eden space 1338240K,   0% used [0x00007ef85c600000, 0x00007ef85c600000, 0x00007ef8ae0e0000)
  from space 167232K,  40% used [0x00007ef8b8430000, 0x00007ef8bc6e7658, 0x00007ef8c2780000)
  to   space 167232K,   0% used [0x00007ef8ae0e0000, 0x00007ef8ae0e0000, 0x00007ef8b8430000)
 tenured generation   total 3345356K, used 3282695K [0x00007f03070a0000, 0x00007f03d3393000, 0x00007f185c600000)
   the space 3345356K,  98% used [0x00007f03070a0000, 0x00007f03cf661d08, 0x00007f03cf661e00, 0x00007f03d3393000)
 Metaspace       used 24251K, capacity 24641K, committed 24832K, reserved 26624K
}
Event: 1017.859 GC heap before
{Heap before GC invocations=1062 (full 5):
 def new generation   total 1505472K, used 1406557K [0x00007ef85c600000, 0x00007ef8c2780000, 0x00007f03070a0000)
  eden space 1338240K, 100% used [0x00007ef85c600000, 0x00007ef8ae0e0000, 0x00007ef8ae0e0000)
  from space 167232K,  40% used [0x00007ef8b8430000, 0x00007ef8bc6e7658, 0x00007ef8c2780000)
  to   space 167232K,   0% used [0x00007ef8ae0e0000, 0x00007ef8ae0e0000, 0x00007ef8b8430000)
 tenured generation   total 3345356K, used 3282695K [0x00007f03070a0000, 0x00007f03d3393000, 0x00007f185c600000)
   the space 3345356K,  98% used [0x00007f03070a0000, 0x00007f03cf661d08, 0x00007f03cf661e00, 0x00007f03d3393000)
 Metaspace       used 24251K, capacity 24641K, committed 24832K, reserved 26624K
}
Event: 1017.910 GC heap after
{Heap after GC invocations=1063 (full 5):
 def new generation   total 1505472K, used 76552K [0x00007ef85c600000, 0x00007ef8c2780000, 0x00007f03070a0000)
  eden space 1338240K,   0% used [0x00007ef85c600000, 0x00007ef85c600000, 0x00007ef8ae0e0000)
  from space 167232K,  45% used [0x00007ef8ae0e0000, 0x00007ef8b2ba2240, 0x00007ef8b8430000)
  to   space 167232K,   0% used [0x00007ef8b8430000, 0x00007ef8b8430000, 0x00007ef8c2780000)
 tenured generation   total 3345356K, used 3282695K [0x00007f03070a0000, 0x00007f03d3393000, 0x00007f185c600000)
   the space 3345356K,  98% used [0x00007f03070a0000, 0x00007f03cf661d08, 0x00007f03cf661e00, 0x00007f03d3393000)
 Metaspace       used 24251K, capacity 24641K, committed 24832K, reserved 26624K
}
Event: 1019.501 GC heap before
{Heap before GC invocations=1063 (full 5):
 def new generation   total 1505472K, used 1414792K [0x00007ef85c600000, 0x00007ef8c2780000, 0x00007f03070a0000)
  eden space 1338240K, 100% used [0x00007ef85c600000, 0x00007ef8ae0e0000, 0x00007ef8ae0e0000)
  from space 167232K,  45% used [0x00007ef8ae0e0000, 0x00007ef8b2ba2240, 0x00007ef8b8430000)
  to   space 167232K,   0% used [0x00007ef8b8430000, 0x00007ef8b8430000, 0x00007ef8c2780000)
 tenured generation   total 3345356K, used 3282695K [0x00007f03070a0000, 0x00007f03d3393000, 0x00007f185c600000)
   the space 3345356K,  98% used [0x00007f03070a0000, 0x00007f03cf661d08, 0x00007f03cf661e00, 0x00007f03d3393000)
 Metaspace       used 24251K, capacity 24641K, committed 24832K, reserved 26624K
}
Event: 1019.560 GC heap after
{Heap after GC invocations=1064 (full 5):
 def new generation   total 1505472K, used 83758K [0x00007ef85c600000, 0x00007ef8c2780000, 0x00007f03070a0000)
  eden space 1338240K,   0% used [0x00007ef85c600000, 0x00007ef85c600000, 0x00007ef8ae0e0000)
  from space 167232K,  50% used [0x00007ef8b8430000, 0x00007ef8bd5fb850, 0x00007ef8c2780000)
  to   space 167232K,   0% used [0x00007ef8ae0e0000, 0x00007ef8ae0e0000, 0x00007ef8b8430000)
 tenured generation   total 3345356K, used 3282695K [0x00007f03070a0000, 0x00007f03d3393000, 0x00007f185c600000)
   the space 3345356K,  98% used [0x00007f03070a0000, 0x00007f03cf661d08, 0x00007f03cf661e00, 0x00007f03d3393000)
 Metaspace       used 24251K, capacity 24641K, committed 24832K, reserved 26624K
}
Event: 1020.891 GC heap before
{Heap before GC invocations=1064 (full 5):
 def new generation   total 1505472K, used 1421998K [0x00007ef85c600000, 0x00007ef8c2780000, 0x00007f03070a0000)
  eden space 1338240K, 100% used [0x00007ef85c600000, 0x00007ef8ae0e0000, 0x00007ef8ae0e0000)
  from space 167232K,  50% used [0x00007ef8b8430000, 0x00007ef8bd5fb850, 0x00007ef8c2780000)
  to   space 167232K,   0% used [0x00007ef8ae0e0000, 0x00007ef8ae0e0000, 0x00007ef8b8430000)
 tenured generation   total 3345356K, used 3282695K [0x00007f03070a0000, 0x00007f03d3393000, 0x00007f185c600000)
   the space 3345356K,  98% used [0x00007f03070a0000, 0x00007f03cf661d08, 0x00007f03cf661e00, 0x00007f03d3393000)
 Metaspace       used 24251K, capacity 24641K, committed 24832K, reserved 26624K
}
Event: 1020.966 GC heap after
{Heap after GC invocations=1065 (full 5):
 def new generation   total 1505472K, used 78644K [0x00007ef85c600000, 0x00007ef8c2780000, 0x00007f03070a0000)
  eden space 1338240K,   0% used [0x00007ef85c600000, 0x00007ef85c600000, 0x00007ef8ae0e0000)
  from space 167232K,  47% used [0x00007ef8ae0e0000, 0x00007ef8b2dad2f0, 0x00007ef8b8430000)
  to   space 167232K,   0% used [0x00007ef8b8430000, 0x00007ef8b8430000, 0x00007ef8c2780000)
 tenured generation   total 3345356K, used 3299653K [0x00007f03070a0000, 0x00007f03d3393000, 0x00007f185c600000)
   the space 3345356K,  98% used [0x00007f03070a0000, 0x00007f03d06f1760, 0x00007f03d06f1800, 0x00007f03d3393000)
 Metaspace       used 24251K, capacity 24641K, committed 24832K, reserved 26624K
}
Event: 1022.595 GC heap before
{Heap before GC invocations=1065 (full 5):
 def new generation   total 1505472K, used 1415089K [0x00007ef85c600000, 0x00007ef8c2780000, 0x00007f03070a0000)
  eden space 1338240K,  99% used [0x00007ef85c600000, 0x00007ef8adf1f3c0, 0x00007ef8ae0e0000)
  from space 167232K,  47% used [0x00007ef8ae0e0000, 0x00007ef8b2dad2f0, 0x00007ef8b8430000)
  to   space 167232K,   0% used [0x00007ef8b8430000, 0x00007ef8b8430000, 0x00007ef8c2780000)
 tenured generation   total 3345356K, used 3299653K [0x00007f03070a0000, 0x00007f03d3393000, 0x00007f185c600000)
   the space 3345356K,  98% used [0x00007f03070a0000, 0x00007f03d06f1760, 0x00007f03d06f1800, 0x00007f03d3393000)
 Metaspace       used 24251K, capacity 24641K, committed 24832K, reserved 26624K
}
Event: 1022.665 GC heap after
{Heap after GC invocations=1066 (full 5):
 def new generation   total 1505472K, used 97107K [0x00007ef85c600000, 0x00007ef8c2780000, 0x00007f03070a0000)
  eden space 1338240K,   0% used [0x00007ef85c600000, 0x00007ef85c600000, 0x00007ef8ae0e0000)
  from space 167232K,  58% used [0x00007ef8b8430000, 0x00007ef8be304c78, 0x00007ef8c2780000)
  to   space 167232K,   0% used [0x00007ef8ae0e0000, 0x00007ef8ae0e0000, 0x00007ef8b8430000)
 tenured generation   total 3345356K, used 3299653K [0x00007f03070a0000, 0x00007f03d3393000, 0x00007f185c600000)
   the space 3345356K,  98% used [0x00007f03070a0000, 0x00007f03d06f1760, 0x00007f03d06f1800, 0x00007f03d3393000)
 Metaspace       used 24251K, capacity 24641K, committed 24832K, reserved 26624K
}
Event: 1024.078 GC heap before
{Heap before GC invocations=1066 (full 5):
 def new generation   total 1505472K, used 1435347K [0x00007ef85c600000, 0x00007ef8c2780000, 0x00007f03070a0000)
  eden space 1338240K, 100% used [0x00007ef85c600000, 0x00007ef8ae0e0000, 0x00007ef8ae0e0000)
  from space 167232K,  58% used [0x00007ef8b8430000, 0x00007ef8be304c78, 0x00007ef8c2780000)
  to   space 167232K,   0% used [0x00007ef8ae0e0000, 0x00007ef8ae0e0000, 0x00007ef8b8430000)
 tenured generation   total 3345356K, used 3299653K [0x00007f03070a0000, 0x00007f03d3393000, 0x00007f185c600000)
   the space 3345356K,  98% used [0x00007f03070a0000, 0x00007f03d06f1760, 0x00007f03d06f1800, 0x00007f03d3393000)
 Metaspace       used 24251K, capacity 24641K, committed 24832K, reserved 26624K
}
Event: 1024.157 GC heap after
{Heap after GC invocations=1067 (full 5):
 def new generation   total 1505472K, used 67818K [0x00007ef85c600000, 0x00007ef8c2780000, 0x00007f03070a0000)
  eden space 1338240K,   0% used [0x00007ef85c600000, 0x00007ef85c600000, 0x00007ef8ae0e0000)
  from space 167232K,  40% used [0x00007ef8ae0e0000, 0x00007ef8b231a960, 0x00007ef8b8430000)
  to   space 167232K,   0% used [0x00007ef8b8430000, 0x00007ef8b8430000, 0x00007ef8c2780000)
 tenured generation   total 3345356K, used 3316612K [0x00007f03070a0000, 0x00007f03d3393000, 0x00007f185c600000)
   the space 3345356K,  99% used [0x00007f03070a0000, 0x00007f03d17811b8, 0x00007f03d1781200, 0x00007f03d3393000)
 Metaspace       used 24251K, capacity 24641K, committed 24832K, reserved 26624K
}
Event: 1025.718 GC heap before
{Heap before GC invocations=1067 (full 5):
 def new generation   total 1505472K, used 1405394K [0x00007ef85c600000, 0x00007ef8c2780000, 0x00007f03070a0000)
  eden space 1338240K,  99% used [0x00007ef85c600000, 0x00007ef8ae03a228, 0x00007ef8ae0e0000)
  from space 167232K,  40% used [0x00007ef8ae0e0000, 0x00007ef8b231a960, 0x00007ef8b8430000)
  to   space 167232K,   0% used [0x00007ef8b8430000, 0x00007ef8b8430000, 0x00007ef8c2780000)
 tenured generation   total 3345356K, used 3316612K [0x00007f03070a0000, 0x00007f03d3393000, 0x00007f185c600000)
   the space 3345356K,  99% used [0x00007f03070a0000, 0x00007f03d17811b8, 0x00007f03d1781200, 0x00007f03d3393000)
 Metaspace       used 24251K, capacity 24641K, committed 24832K, reserved 26624K
}
Event: 1025.767 GC heap after
{Heap after GC invocations=1068 (full 5):
 def new generation   total 1505472K, used 77138K [0x00007ef85c600000, 0x00007ef8c2780000, 0x00007f03070a0000)
  eden space 1338240K,   0% used [0x00007ef85c600000, 0x00007ef85c600000, 0x00007ef8ae0e0000)
  from space 167232K,  46% used [0x00007ef8b8430000, 0x00007ef8bcf84a18, 0x00007ef8c2780000)
  to   space 167232K,   0% used [0x00007ef8ae0e0000, 0x00007ef8ae0e0000, 0x00007ef8b8430000)
 tenured generation   total 3345356K, used 3316612K [0x00007f03070a0000, 0x00007f03d3393000, 0x00007f185c600000)
   the space 3345356K,  99% used [0x00007f03070a0000, 0x00007f03d17811b8, 0x00007f03d1781200, 0x00007f03d3393000)
 Metaspace       used 24251K, capacity 24641K, committed 24832K, reserved 26624K
}
Event: 1027.305 GC heap before
{Heap before GC invocations=1068 (full 5):
 def new generation   total 1505472K, used 1415378K [0x00007ef85c600000, 0x00007ef8c2780000, 0x00007f03070a0000)
  eden space 1338240K, 100% used [0x00007ef85c600000, 0x00007ef8ae0e0000, 0x00007ef8ae0e0000)
  from space 167232K,  46% used [0x00007ef8b8430000, 0x00007ef8bcf84a18, 0x00007ef8c2780000)
  to   space 167232K,   0% used [0x00007ef8ae0e0000, 0x00007ef8ae0e0000, 0x00007ef8b8430000)
 tenured generation   total 3345356K, used 3316612K [0x00007f03070a0000, 0x00007f03d3393000, 0x00007f185c600000)
   the space 3345356K,  99% used [0x00007f03070a0000, 0x00007f03d17811b8, 0x00007f03d1781200, 0x00007f03d3393000)
 Metaspace       used 24251K, capacity 24641K, committed 24832K, reserved 26624K
}
Event: 1027.365 GC heap after
{Heap after GC invocations=1069 (full 5):
 def new generation   total 1505472K, used 84763K [0x00007ef85c600000, 0x00007ef8c2780000, 0x00007f03070a0000)
  eden space 1338240K,   0% used [0x00007ef85c600000, 0x00007ef85c600000, 0x00007ef8ae0e0000)
  from space 167232K,  50% used [0x00007ef8ae0e0000, 0x00007ef8b33a6e68, 0x00007ef8b8430000)
  to   space 167232K,   0% used [0x00007ef8b8430000, 0x00007ef8b8430000, 0x00007ef8c2780000)
 tenured generation   total 3345356K, used 3316612K [0x00007f03070a0000, 0x00007f03d3393000, 0x00007f185c600000)
   the space 3345356K,  99% used [0x00007f03070a0000, 0x00007f03d17811b8, 0x00007f03d1781200, 0x00007f03d3393000)
 Metaspace       used 24251K, capacity 24641K, committed 24832K, reserved 26624K
}
Event: 1028.705 GC heap before
{Heap before GC invocations=1069 (full 5):
 def new generation   total 1505472K, used 1423003K [0x00007ef85c600000, 0x00007ef8c2780000, 0x00007f03070a0000)
  eden space 1338240K, 100% used [0x00007ef85c600000, 0x00007ef8ae0e0000, 0x00007ef8ae0e0000)
  from space 167232K,  50% used [0x00007ef8ae0e0000, 0x00007ef8b33a6e68, 0x00007ef8b8430000)
  to   space 167232K,   0% used [0x00007ef8b8430000, 0x00007ef8b8430000, 0x00007ef8c2780000)
 tenured generation   total 3345356K, used 3316612K [0x00007f03070a0000, 0x00007f03d3393000, 0x00007f185c600000)
   the space 3345356K,  99% used [0x00007f03070a0000, 0x00007f03d17811b8, 0x00007f03d1781200, 0x00007f03d3393000)
 Metaspace       used 24251K, capacity 24641K, committed 24832K, reserved 26624K
}
Event: 1028.782 GC heap after
{Heap after GC invocations=1070 (full 5):
 def new generation   total 1505472K, used 87844K [0x00007ef85c600000, 0x00007ef8c2780000, 0x00007f03070a0000)
  eden space 1338240K,   0% used [0x00007ef85c600000, 0x00007ef85c600000, 0x00007ef8ae0e0000)
  from space 167232K,  52% used [0x00007ef8b8430000, 0x00007ef8bd9f9098, 0x00007ef8c2780000)
  to   space 167232K,   0% used [0x00007ef8ae0e0000, 0x00007ef8ae0e0000, 0x00007ef8b8430000)
 tenured generation   total 3345356K, used 3333571K [0x00007f03070a0000, 0x00007f03d3393000, 0x00007f185c600000)
   the space 3345356K,  99% used [0x00007f03070a0000, 0x00007f03d2810c10, 0x00007f03d2810e00, 0x00007f03d3393000)
 Metaspace       used 24251K, capacity 24641K, committed 24832K, reserved 26624K
}
Event: 1030.412 GC heap before
{Heap before GC invocations=1070 (full 5):
 def new generation   total 1505472K, used 1426084K [0x00007ef85c600000, 0x00007ef8c2780000, 0x00007f03070a0000)
  eden space 1338240K, 100% used [0x00007ef85c600000, 0x00007ef8ae0e0000, 0x00007ef8ae0e0000)
  from space 167232K,  52% used [0x00007ef8b8430000, 0x00007ef8bd9f9098, 0x00007ef8c2780000)
  to   space 167232K,   0% used [0x00007ef8ae0e0000, 0x00007ef8ae0e0000, 0x00007ef8b8430000)
 tenured generation   total 3345356K, used 3333571K [0x00007f03070a0000, 0x00007f03d3393000, 0x00007f185c600000)
   the space 3345356K,  99% used [0x00007f03070a0000, 0x00007f03d2810c10, 0x00007f03d2810e00, 0x00007f03d3393000)
 Metaspace       used 24251K, capacity 24641K, committed 24832K, reserved 26624K
}
Event: 1030.493 GC heap after
{Heap after GC invocations=1071 (full 5):
 def new generation   total 1505472K, used 64726K [0x00007ef85c600000, 0x00007ef8c2780000, 0x00007f03070a0000)
  eden space 1338240K,   0% used [0x00007ef85c600000, 0x00007ef85c600000, 0x00007ef8ae0e0000)
  from space 167232K,  38% used [0x00007ef8ae0e0000, 0x00007ef8b2015910, 0x00007ef8b8430000)
  to   space 167232K,   0% used [0x00007ef8b8430000, 0x00007ef8b8430000, 0x00007ef8c2780000)
 tenured generation   total 3361744K, used 3350529K [0x00007f03070a0000, 0x00007f03d4394000, 0x00007f185c600000)
   the space 3361744K,  99% used [0x00007f03070a0000, 0x00007f03d38a0668, 0x00007f03d38a0800, 0x00007f03d4394000)
 Metaspace       used 24251K, capacity 24641K, committed 24832K, reserved 26624K
}
Event: 1030.493 GC heap before
{Heap before GC invocations=1071 (full 5):
 def new generation   total 1505472K, used 64726K [0x00007ef85c600000, 0x00007ef8c2780000, 0x00007f03070a0000)
  eden space 1338240K,   0% used [0x00007ef85c600000, 0x00007ef85c600000, 0x00007ef8ae0e0000)
  from space 167232K,  38% used [0x00007ef8ae0e0000, 0x00007ef8b2015910, 0x00007ef8b8430000)
  to   space 167232K,   0% used [0x00007ef8b8430000, 0x00007ef8b8430000, 0x00007ef8c2780000)
 tenured generation   total 3361744K, used 3350529K [0x00007f03070a0000, 0x00007f03d4394000, 0x00007f185c600000)
   the space 3361744K,  99% used [0x00007f03070a0000, 0x00007f03d38a0668, 0x00007f03d38a0800, 0x00007f03d4394000)
 Metaspace       used 24251K, capacity 24641K, committed 24832K, reserved 26624K
}

