# JRE version: OpenJDK Runtime Environment (13.0.7+5) (build 13.0.7+5-Ubuntu-0ubuntu120.04)
# Java VM: OpenJDK 64-Bit Server VM (13.0.7+5-Ubuntu-0ubuntu120.04, mixed mode, tiered, serial gc, linux-amd64)
Heap:
 def new generation   total 11034496K, used 1226047K [0x00007f634c600000, 0x00007f6638b30000, 0x00007f68a1b50000)
  eden space 9808448K,  12% used [0x00007f634c600000, 0x00007f639734fe38, 0x00007f65a3090000)
  from space 1226048K,   0% used [0x00007f65a3090000, 0x00007f65a3090000, 0x00007f65edde0000)
  to   space 1226048K,   0% used [0x00007f65edde0000, 0x00007f65edde0000, 0x00007f6638b30000)
 tenured generation   total 24906320K, used 24906164K [0x00007f68a1b50000, 0x00007f6e91de4000, 0x00007f734c600000)
   the space 24906320K,  99% used [0x00007f68a1b50000, 0x00007f6e91dbd3c0, 0x00007f6e91dbd400, 0x00007f6e91de4000)
 Metaspace       used 30857K, capacity 31313K, committed 31488K, reserved 32768K
GC Heap History (20 events):
Event: 21.939 GC heap after
{Heap after GC invocations=8 (full 3):
 def new generation   total 3205184K, used 158181K [0x00007f634c600000, 0x00007f6425bd0000, 0x00007f68a1b50000)
  eden space 2849088K,   5% used [0x00007f634c600000, 0x00007f6356079710, 0x00007f63fa450000)
  from space 356096K,   0% used [0x00007f63fa450000, 0x00007f63fa450000, 0x00007f6410010000)
  to   space 356096K,   0% used [0x00007f6410010000, 0x00007f6410010000, 0x00007f6425bd0000)
 tenured generation   total 7122456K, used 4273471K [0x00007f68a1b50000, 0x00007f6a546d6000, 0x00007f734c600000)
   the space 7122456K,  59% used [0x00007f68a1b50000, 0x00007f69a689fec0, 0x00007f69a68a0000, 0x00007f6a546d6000)
 Metaspace       used 30857K, capacity 31313K, committed 31488K, reserved 32768K
}
Event: 29.230 GC heap before
{Heap before GC invocations=8 (full 3):
 def new generation   total 3205184K, used 2849088K [0x00007f634c600000, 0x00007f6425bd0000, 0x00007f68a1b50000)
  eden space 2849088K, 100% used [0x00007f634c600000, 0x00007f63fa450000, 0x00007f63fa450000)
  from space 356096K,   0% used [0x00007f63fa450000, 0x00007f63fa450000, 0x00007f6410010000)
  to   space 356096K,   0% used [0x00007f6410010000, 0x00007f6410010000, 0x00007f6425bd0000)
 tenured generation   total 7122456K, used 4273471K [0x00007f68a1b50000, 0x00007f6a546d6000, 0x00007f734c600000)
   the space 7122456K,  59% used [0x00007f68a1b50000, 0x00007f69a689fec0, 0x00007f69a68a0000, 0x00007f6a546d6000)
 Metaspace       used 30857K, capacity 31313K, committed 31488K, reserved 32768K
}
Event: 32.265 GC heap after
{Heap after GC invocations=9 (full 3):
 def new generation   total 3205184K, used 356095K [0x00007f634c600000, 0x00007f6425bd0000, 0x00007f68a1b50000)
  eden space 2849088K,   0% used [0x00007f634c600000, 0x00007f634c600000, 0x00007f63fa450000)
  from space 356096K,  99% used [0x00007f6410010000, 0x00007f6425bcff28, 0x00007f6425bd0000)
  to   space 356096K,   0% used [0x00007f63fa450000, 0x00007f63fa450000, 0x00007f6410010000)
 tenured generation   total 7122456K, used 5515054K [0x00007f68a1b50000, 0x00007f6a546d6000, 0x00007f734c600000)
   the space 7122456K,  77% used [0x00007f68a1b50000, 0x00007f69f251bbe0, 0x00007f69f251bc00, 0x00007f6a546d6000)
 Metaspace       used 30857K, capacity 31313K, committed 31488K, reserved 32768K
}
Event: 44.071 GC heap before
{Heap before GC invocations=9 (full 3):
 def new generation   total 3205184K, used 3205183K [0x00007f634c600000, 0x00007f6425bd0000, 0x00007f68a1b50000)
  eden space 2849088K, 100% used [0x00007f634c600000, 0x00007f63fa450000, 0x00007f63fa450000)
  from space 356096K,  99% used [0x00007f6410010000, 0x00007f6425bcff28, 0x00007f6425bd0000)
  to   space 356096K,   0% used [0x00007f63fa450000, 0x00007f63fa450000, 0x00007f6410010000)
 tenured generation   total 7122456K, used 5515054K [0x00007f68a1b50000, 0x00007f6a546d6000, 0x00007f734c600000)
   the space 7122456K,  77% used [0x00007f68a1b50000, 0x00007f69f251bbe0, 0x00007f69f251bc00, 0x00007f6a546d6000)
 Metaspace       used 30857K, capacity 31313K, committed 31488K, reserved 32768K
}
Event: 44.760 GC heap after
{Heap after GC invocations=10 (full 3):
 def new generation   total 3205184K, used 1445K [0x00007f634c600000, 0x00007f6425bd0000, 0x00007f68a1b50000)
  eden space 2849088K,   0% used [0x00007f634c600000, 0x00007f634c600000, 0x00007f63fa450000)
  from space 356096K,   0% used [0x00007f63fa450000, 0x00007f63fa5b9430, 0x00007f6410010000)
  to   space 356096K,   0% used [0x00007f6410010000, 0x00007f6410010000, 0x00007f6425bd0000)
 tenured generation   total 7122456K, used 5871150K [0x00007f68a1b50000, 0x00007f6a546d6000, 0x00007f734c600000)
   the space 7122456K,  82% used [0x00007f68a1b50000, 0x00007f6a080dba30, 0x00007f6a080dbc00, 0x00007f6a546d6000)
 Metaspace       used 30857K, capacity 31313K, committed 31488K, reserved 32768K
}
Event: 47.246 GC heap before
{Heap before GC invocations=10 (full 3):
 def new generation   total 3205184K, used 2850533K [0x00007f634c600000, 0x00007f6425bd0000, 0x00007f68a1b50000)
  eden space 2849088K, 100% used [0x00007f634c600000, 0x00007f63fa450000, 0x00007f63fa450000)
  from space 356096K,   0% used [0x00007f63fa450000, 0x00007f63fa5b9430, 0x00007f6410010000)
  to   space 356096K,   0% used [0x00007f6410010000, 0x00007f6410010000, 0x00007f6425bd0000)
 tenured generation   total 7122456K, used 5871150K [0x00007f68a1b50000, 0x00007f6a546d6000, 0x00007f734c600000)
   the space 7122456K,  82% used [0x00007f68a1b50000, 0x00007f6a080dba30, 0x00007f6a080dbc00, 0x00007f6a546d6000)
 Metaspace       used 30857K, capacity 31313K, committed 31488K, reserved 32768K
}
Event: 52.370 GC heap after
{Heap after GC invocations=11 (full 3):
 def new generation   total 3205184K, used 356095K [0x00007f634c600000, 0x00007f6425bd0000, 0x00007f68a1b50000)
  eden space 2849088K,   0% used [0x00007f634c600000, 0x00007f634c600000, 0x00007f63fa450000)
  from space 356096K,  99% used [0x00007f6410010000, 0x00007f6425bcff98, 0x00007f6425bd0000)
  to   space 356096K,   0% used [0x00007f63fa450000, 0x00007f63fa450000, 0x00007f6410010000)
 tenured generation   total 8365656K, used 8365538K [0x00007f68a1b50000, 0x00007f6aa04e6000, 0x00007f734c600000)
   the space 8365656K,  99% used [0x00007f68a1b50000, 0x00007f6aa04c8a40, 0x00007f6aa04c8c00, 0x00007f6aa04e6000)
 Metaspace       used 30857K, capacity 31313K, committed 31488K, reserved 32768K
}
Event: 52.370 GC heap before
{Heap before GC invocations=11 (full 3):
 def new generation   total 3205184K, used 356095K [0x00007f634c600000, 0x00007f6425bd0000, 0x00007f68a1b50000)
  eden space 2849088K,   0% used [0x00007f634c600000, 0x00007f634c600000, 0x00007f63fa450000)
  from space 356096K,  99% used [0x00007f6410010000, 0x00007f6425bcff98, 0x00007f6425bd0000)
  to   space 356096K,   0% used [0x00007f63fa450000, 0x00007f63fa450000, 0x00007f6410010000)
 tenured generation   total 8365656K, used 8365538K [0x00007f68a1b50000, 0x00007f6aa04e6000, 0x00007f734c600000)
   the space 8365656K,  99% used [0x00007f68a1b50000, 0x00007f6aa04c8a40, 0x00007f6aa04c8c00, 0x00007f6aa04e6000)
 Metaspace       used 30857K, capacity 31313K, committed 31488K, reserved 32768K
}
Event: 63.603 GC heap after
{Heap after GC invocations=11 (full 4):
 def new generation   total 6270208K, used 356095K [0x00007f634c600000, 0x00007f64f5990000, 0x00007f68a1b50000)
  eden space 5573568K,   6% used [0x00007f634c600000, 0x00007f63621bff98, 0x00007f64a08f0000)
  from space 696640K,   0% used [0x00007f64a08f0000, 0x00007f64a08f0000, 0x00007f64cb140000)
  to   space 696640K,   0% used [0x00007f64cb140000, 0x00007f64cb140000, 0x00007f64f5990000)
 tenured generation   total 13933600K, used 8360158K [0x00007f68a1b50000, 0x00007f6bf4258000, 0x00007f734c600000)
   the space 13933600K,  59% used [0x00007f68a1b50000, 0x00007f6a9ff87aa0, 0x00007f6a9ff87c00, 0x00007f6bf4258000)
 Metaspace       used 30857K, capacity 31313K, committed 31488K, reserved 32768K
}
Event: 84.550 GC heap before
{Heap before GC invocations=11 (full 4):
 def new generation   total 6270208K, used 5573568K [0x00007f634c600000, 0x00007f64f5990000, 0x00007f68a1b50000)
  eden space 5573568K, 100% used [0x00007f634c600000, 0x00007f64a08f0000, 0x00007f64a08f0000)
  from space 696640K,   0% used [0x00007f64a08f0000, 0x00007f64a08f0000, 0x00007f64cb140000)
  to   space 696640K,   0% used [0x00007f64cb140000, 0x00007f64cb140000, 0x00007f64f5990000)
 tenured generation   total 13933600K, used 8360158K [0x00007f68a1b50000, 0x00007f6bf4258000, 0x00007f734c600000)
   the space 13933600K,  59% used [0x00007f68a1b50000, 0x00007f6a9ff87aa0, 0x00007f6a9ff87c00, 0x00007f6bf4258000)
 Metaspace       used 30857K, capacity 31313K, committed 31488K, reserved 32768K
}
Event: 89.956 GC heap after
{Heap after GC invocations=12 (full 4):
 def new generation   total 6270208K, used 696639K [0x00007f634c600000, 0x00007f64f5990000, 0x00007f68a1b50000)
  eden space 5573568K,   0% used [0x00007f634c600000, 0x00007f634c600000, 0x00007f64a08f0000)
  from space 696640K,  99% used [0x00007f64cb140000, 0x00007f64f598ff08, 0x00007f64f5990000)
  to   space 696640K,   0% used [0x00007f64a08f0000, 0x00007f64a08f0000, 0x00007f64cb140000)
 tenured generation   total 13933600K, used 10741136K [0x00007f68a1b50000, 0x00007f6bf4258000, 0x00007f734c600000)
   the space 13933600K,  77% used [0x00007f68a1b50000, 0x00007f6b314b4058, 0x00007f6b314b4200, 0x00007f6bf4258000)
 Metaspace       used 30857K, capacity 31313K, committed 31488K, reserved 32768K
}
Event: 99.782 GC heap before
{Heap before GC invocations=12 (full 4):
 def new generation   total 6270208K, used 6270207K [0x00007f634c600000, 0x00007f64f5990000, 0x00007f68a1b50000)
  eden space 5573568K, 100% used [0x00007f634c600000, 0x00007f64a08f0000, 0x00007f64a08f0000)
  from space 696640K,  99% used [0x00007f64cb140000, 0x00007f64f598ff08, 0x00007f64f5990000)
  to   space 696640K,   0% used [0x00007f64a08f0000, 0x00007f64a08f0000, 0x00007f64cb140000)
 tenured generation   total 13933600K, used 10741136K [0x00007f68a1b50000, 0x00007f6bf4258000, 0x00007f734c600000)
   the space 13933600K,  77% used [0x00007f68a1b50000, 0x00007f6b314b4058, 0x00007f6b314b4200, 0x00007f6bf4258000)
 Metaspace       used 30857K, capacity 31313K, committed 31488K, reserved 32768K
}
Event: 108.752 GC heap after
{Heap after GC invocations=13 (full 4):
 def new generation   total 6270208K, used 696639K [0x00007f634c600000, 0x00007f64f5990000, 0x00007f68a1b50000)
  eden space 5573568K,   0% used [0x00007f634c600000, 0x00007f634c600000, 0x00007f64a08f0000)
  from space 696640K,  99% used [0x00007f64a08f0000, 0x00007f64cb13fe20, 0x00007f64cb140000)
  to   space 696640K,   0% used [0x00007f64cb140000, 0x00007f64cb140000, 0x00007f64f5990000)
 tenured generation   total 14712736K, used 14712584K [0x00007f68a1b50000, 0x00007f6c23b38000, 0x00007f734c600000)
   the space 14712736K,  99% used [0x00007f68a1b50000, 0x00007f6c23b123d8, 0x00007f6c23b12400, 0x00007f6c23b38000)
 Metaspace       used 30857K, capacity 31313K, committed 31488K, reserved 32768K
}
Event: 108.752 GC heap before
{Heap before GC invocations=13 (full 4):
 def new generation   total 6270208K, used 696639K [0x00007f634c600000, 0x00007f64f5990000, 0x00007f68a1b50000)
  eden space 5573568K,   0% used [0x00007f634c600000, 0x00007f634c600000, 0x00007f64a08f0000)
  from space 696640K,  99% used [0x00007f64a08f0000, 0x00007f64cb13fe20, 0x00007f64cb140000)
  to   space 696640K,   0% used [0x00007f64cb140000, 0x00007f64cb140000, 0x00007f64f5990000)
 tenured generation   total 14712736K, used 14712584K [0x00007f68a1b50000, 0x00007f6c23b38000, 0x00007f734c600000)
   the space 14712736K,  99% used [0x00007f68a1b50000, 0x00007f6c23b123d8, 0x00007f6c23b12400, 0x00007f6c23b38000)
 Metaspace       used 30857K, capacity 31313K, committed 31488K, reserved 32768K
}
Event: 119.280 GC heap after
{Heap after GC invocations=13 (full 5):
 def new generation   total 11034496K, used 696639K [0x00007f634c600000, 0x00007f6638b30000, 0x00007f68a1b50000)
  eden space 9808448K,   7% used [0x00007f634c600000, 0x00007f6376e4fe20, 0x00007f65a3090000)
  from space 1226048K,   0% used [0x00007f65a3090000, 0x00007f65a3090000, 0x00007f65edde0000)
  to   space 1226048K,   0% used [0x00007f65edde0000, 0x00007f65edde0000, 0x00007f6638b30000)
 tenured generation   total 24520976K, used 14712584K [0x00007f68a1b50000, 0x00007f6e7a594000, 0x00007f734c600000)
   the space 24520976K,  59% used [0x00007f68a1b50000, 0x00007f6c23b123d8, 0x00007f6c23b12400, 0x00007f6e7a594000)
 Metaspace       used 30857K, capacity 31313K, committed 31488K, reserved 32768K
}
Event: 141.319 GC heap before
{Heap before GC invocations=13 (full 5):
 def new generation   total 11034496K, used 9808448K [0x00007f634c600000, 0x00007f6638b30000, 0x00007f68a1b50000)
  eden space 9808448K, 100% used [0x00007f634c600000, 0x00007f65a3090000, 0x00007f65a3090000)
  from space 1226048K,   0% used [0x00007f65a3090000, 0x00007f65a3090000, 0x00007f65edde0000)
  to   space 1226048K,   0% used [0x00007f65edde0000, 0x00007f65edde0000, 0x00007f6638b30000)
 tenured generation   total 24520976K, used 14712584K [0x00007f68a1b50000, 0x00007f6e7a594000, 0x00007f734c600000)
   the space 24520976K,  59% used [0x00007f68a1b50000, 0x00007f6c23b123d8, 0x00007f6c23b12400, 0x00007f6e7a594000)
 Metaspace       used 30857K, capacity 31313K, committed 31488K, reserved 32768K
}
Event: 154.109 GC heap after
{Heap after GC invocations=14 (full 5):
 def new generation   total 11034496K, used 1226047K [0x00007f634c600000, 0x00007f6638b30000, 0x00007f68a1b50000)
  eden space 9808448K,   0% used [0x00007f634c600000, 0x00007f634c600000, 0x00007f65a3090000)
  from space 1226048K,  99% used [0x00007f65edde0000, 0x00007f6638b2feb8, 0x00007f6638b30000)
  to   space 1226048K,   0% used [0x00007f65a3090000, 0x00007f65a3090000, 0x00007f65edde0000)
 tenured generation   total 24520976K, used 19197886K [0x00007f68a1b50000, 0x00007f6e7a594000, 0x00007f734c600000)
   the space 24520976K,  78% used [0x00007f68a1b50000, 0x00007f6d3573fb80, 0x00007f6d3573fc00, 0x00007f6e7a594000)
 Metaspace       used 30857K, capacity 31313K, committed 31488K, reserved 32768K
}
Event: 175.395 GC heap before
{Heap before GC invocations=14 (full 5):
 def new generation   total 11034496K, used 11034495K [0x00007f634c600000, 0x00007f6638b30000, 0x00007f68a1b50000)
  eden space 9808448K, 100% used [0x00007f634c600000, 0x00007f65a3090000, 0x00007f65a3090000)
  from space 1226048K,  99% used [0x00007f65edde0000, 0x00007f6638b2feb8, 0x00007f6638b30000)
  to   space 1226048K,   0% used [0x00007f65a3090000, 0x00007f65a3090000, 0x00007f65edde0000)
 tenured generation   total 24520976K, used 19197886K [0x00007f68a1b50000, 0x00007f6e7a594000, 0x00007f734c600000)
   the space 24520976K,  78% used [0x00007f68a1b50000, 0x00007f6d3573fb80, 0x00007f6d3573fc00, 0x00007f6e7a594000)
 Metaspace       used 30857K, capacity 31313K, committed 31488K, reserved 32768K
}
Event: 188.651 GC heap after
{Heap after GC invocations=15 (full 5):
 def new generation   total 11034496K, used 1226047K [0x00007f634c600000, 0x00007f6638b30000, 0x00007f68a1b50000)
  eden space 9808448K,   0% used [0x00007f634c600000, 0x00007f634c600000, 0x00007f65a3090000)
  from space 1226048K,  99% used [0x00007f65a3090000, 0x00007f65edddfe38, 0x00007f65edde0000)
  to   space 1226048K,   0% used [0x00007f65edde0000, 0x00007f65edde0000, 0x00007f6638b30000)
 tenured generation   total 24906320K, used 24906164K [0x00007f68a1b50000, 0x00007f6e91de4000, 0x00007f734c600000)
   the space 24906320K,  99% used [0x00007f68a1b50000, 0x00007f6e91dbd3c0, 0x00007f6e91dbd400, 0x00007f6e91de4000)
 Metaspace       used 30857K, capacity 31313K, committed 31488K, reserved 32768K
}
Event: 188.651 GC heap before
{Heap before GC invocations=15 (full 5):
 def new generation   total 11034496K, used 1226047K [0x00007f634c600000, 0x00007f6638b30000, 0x00007f68a1b50000)
  eden space 9808448K,   0% used [0x00007f634c600000, 0x00007f634c600000, 0x00007f65a3090000)
  from space 1226048K,  99% used [0x00007f65a3090000, 0x00007f65edddfe38, 0x00007f65edde0000)
  to   space 1226048K,   0% used [0x00007f65edde0000, 0x00007f65edde0000, 0x00007f6638b30000)
 tenured generation   total 24906320K, used 24906164K [0x00007f68a1b50000, 0x00007f6e91de4000, 0x00007f734c600000)
   the space 24906320K,  99% used [0x00007f68a1b50000, 0x00007f6e91dbd3c0, 0x00007f6e91dbd400, 0x00007f6e91de4000)
 Metaspace       used 30857K, capacity 31313K, committed 31488K, reserved 32768K
}

