# JRE version: OpenJDK Runtime Environment (13.0.7+5) (build 13.0.7+5-Ubuntu-0ubuntu120.04)
# Java VM: OpenJDK 64-Bit Server VM (13.0.7+5-Ubuntu-0ubuntu120.04, mixed mode, tiered, serial gc, linux-amd64)
Heap:
 def new generation   total 14158208K, used 322012K [0x00007f4a5c600000, 0x00007f4e1c8a0000, 0x00007f4fb1b50000)
  eden space 12585088K,   2% used [0x00007f4a5c600000, 0x00007f4a70077110, 0x00007f4d5c820000)
  from space 1573120K,   0% used [0x00007f4d5c820000, 0x00007f4d5c820000, 0x00007f4dbc860000)
  to   space 1573120K,   0% used [0x00007f4dbc860000, 0x00007f4dbc860000, 0x00007f4e1c8a0000)
 tenured generation   total 32050632K, used 32050631K [0x00007f4fb1b50000, 0x00007f5755ec2000, 0x00007f5a5c600000)
   the space 32050632K,  99% used [0x00007f4fb1b50000, 0x00007f5755ec1ff8, 0x00007f5755ec2000, 0x00007f5755ec2000)
 Metaspace       used 30476K, capacity 30913K, committed 31232K, reserved 32768K
GC Heap History (20 events):
Event: 3912.926 GC heap after
{Heap after GC invocations=86 (full 8):
 def new generation   total 14158208K, used 1573120K [0x00007f4a5c600000, 0x00007f4e1c8a0000, 0x00007f4fb1b50000)
  eden space 12585088K,   0% used [0x00007f4a5c600000, 0x00007f4a5c600000, 0x00007f4d5c820000)
  from space 1573120K, 100% used [0x00007f4dbc860000, 0x00007f4e1c8a0000, 0x00007f4e1c8a0000)
  to   space 1573120K,   0% used [0x00007f4d5c820000, 0x00007f4d5c820000, 0x00007f4dbc860000)
 tenured generation   total 31462536K, used 19953886K [0x00007f4fb1b50000, 0x00007f5732072000, 0x00007f5a5c600000)
   the space 31462536K,  63% used [0x00007f4fb1b50000, 0x00007f5473987a30, 0x00007f5473987c00, 0x00007f5732072000)
 Metaspace       used 30476K, capacity 30913K, committed 31232K, reserved 32768K
}
Event: 4629.366 GC heap before
{Heap before GC invocations=86 (full 8):
 def new generation   total 14158208K, used 14158208K [0x00007f4a5c600000, 0x00007f4e1c8a0000, 0x00007f4fb1b50000)
  eden space 12585088K, 100% used [0x00007f4a5c600000, 0x00007f4d5c820000, 0x00007f4d5c820000)
  from space 1573120K, 100% used [0x00007f4dbc860000, 0x00007f4e1c8a0000, 0x00007f4e1c8a0000)
  to   space 1573120K,   0% used [0x00007f4d5c820000, 0x00007f4d5c820000, 0x00007f4dbc860000)
 tenured generation   total 31462536K, used 19953886K [0x00007f4fb1b50000, 0x00007f5732072000, 0x00007f5a5c600000)
   the space 31462536K,  63% used [0x00007f4fb1b50000, 0x00007f5473987a30, 0x00007f5473987c00, 0x00007f5732072000)
 Metaspace       used 30476K, capacity 30913K, committed 31232K, reserved 32768K
}
Event: 4636.953 GC heap after
{Heap after GC invocations=87 (full 8):
 def new generation   total 14158208K, used 1573119K [0x00007f4a5c600000, 0x00007f4e1c8a0000, 0x00007f4fb1b50000)
  eden space 12585088K,   0% used [0x00007f4a5c600000, 0x00007f4a5c600000, 0x00007f4d5c820000)
  from space 1573120K,  99% used [0x00007f4d5c820000, 0x00007f4dbc85fff0, 0x00007f4dbc860000)
  to   space 1573120K,   0% used [0x00007f4dbc860000, 0x00007f4dbc860000, 0x00007f4e1c8a0000)
 tenured generation   total 31462536K, used 22603372K [0x00007f4fb1b50000, 0x00007f5732072000, 0x00007f5a5c600000)
   the space 31462536K,  71% used [0x00007f4fb1b50000, 0x00007f55154eb270, 0x00007f55154eb400, 0x00007f5732072000)
 Metaspace       used 30476K, capacity 30913K, committed 31232K, reserved 32768K
}
Event: 4766.018 GC heap before
{Heap before GC invocations=87 (full 8):
 def new generation   total 14158208K, used 14158207K [0x00007f4a5c600000, 0x00007f4e1c8a0000, 0x00007f4fb1b50000)
  eden space 12585088K, 100% used [0x00007f4a5c600000, 0x00007f4d5c820000, 0x00007f4d5c820000)
  from space 1573120K,  99% used [0x00007f4d5c820000, 0x00007f4dbc85fff0, 0x00007f4dbc860000)
  to   space 1573120K,   0% used [0x00007f4dbc860000, 0x00007f4dbc860000, 0x00007f4e1c8a0000)
 tenured generation   total 31462536K, used 22603372K [0x00007f4fb1b50000, 0x00007f5732072000, 0x00007f5a5c600000)
   the space 31462536K,  71% used [0x00007f4fb1b50000, 0x00007f55154eb270, 0x00007f55154eb400, 0x00007f5732072000)
 Metaspace       used 30476K, capacity 30913K, committed 31232K, reserved 32768K
}
Event: 4771.911 GC heap after
{Heap after GC invocations=88 (full 8):
 def new generation   total 14158208K, used 1573119K [0x00007f4a5c600000, 0x00007f4e1c8a0000, 0x00007f4fb1b50000)
  eden space 12585088K,   0% used [0x00007f4a5c600000, 0x00007f4a5c600000, 0x00007f4d5c820000)
  from space 1573120K,  99% used [0x00007f4dbc860000, 0x00007f4e1c89fff8, 0x00007f4e1c8a0000)
  to   space 1573120K,   0% used [0x00007f4d5c820000, 0x00007f4d5c820000, 0x00007f4dbc860000)
 tenured generation   total 31462536K, used 24694093K [0x00007f4fb1b50000, 0x00007f5732072000, 0x00007f5a5c600000)
   the space 31462536K,  78% used [0x00007f4fb1b50000, 0x00007f5594ea36f0, 0x00007f5594ea3800, 0x00007f5732072000)
 Metaspace       used 30476K, capacity 30913K, committed 31232K, reserved 32768K
}
Event: 4775.137 GC heap before
{Heap before GC invocations=88 (full 8):
 def new generation   total 14158208K, used 14158207K [0x00007f4a5c600000, 0x00007f4e1c8a0000, 0x00007f4fb1b50000)
  eden space 12585088K, 100% used [0x00007f4a5c600000, 0x00007f4d5c820000, 0x00007f4d5c820000)
  from space 1573120K,  99% used [0x00007f4dbc860000, 0x00007f4e1c89fff8, 0x00007f4e1c8a0000)
  to   space 1573120K,   0% used [0x00007f4d5c820000, 0x00007f4d5c820000, 0x00007f4dbc860000)
 tenured generation   total 31462536K, used 24694093K [0x00007f4fb1b50000, 0x00007f5732072000, 0x00007f5a5c600000)
   the space 31462536K,  78% used [0x00007f4fb1b50000, 0x00007f5594ea36f0, 0x00007f5594ea3800, 0x00007f5732072000)
 Metaspace       used 30476K, capacity 30913K, committed 31232K, reserved 32768K
}
Event: 4778.629 GC heap after
{Heap after GC invocations=89 (full 8):
 def new generation   total 14158208K, used 962573K [0x00007f4a5c600000, 0x00007f4e1c8a0000, 0x00007f4fb1b50000)
  eden space 12585088K,   0% used [0x00007f4a5c600000, 0x00007f4a5c600000, 0x00007f4d5c820000)
  from space 1573120K,  61% used [0x00007f4d5c820000, 0x00007f4d97423550, 0x00007f4dbc860000)
  to   space 1573120K,   0% used [0x00007f4dbc860000, 0x00007f4dbc860000, 0x00007f4e1c8a0000)
 tenured generation   total 31462536K, used 26267213K [0x00007f4fb1b50000, 0x00007f5732072000, 0x00007f5a5c600000)
   the space 31462536K,  83% used [0x00007f4fb1b50000, 0x00007f55f4ee35e8, 0x00007f55f4ee3600, 0x00007f5732072000)
 Metaspace       used 30476K, capacity 30913K, committed 31232K, reserved 32768K
}
Event: 4782.018 GC heap before
{Heap before GC invocations=89 (full 8):
 def new generation   total 14158208K, used 13547661K [0x00007f4a5c600000, 0x00007f4e1c8a0000, 0x00007f4fb1b50000)
  eden space 12585088K, 100% used [0x00007f4a5c600000, 0x00007f4d5c820000, 0x00007f4d5c820000)
  from space 1573120K,  61% used [0x00007f4d5c820000, 0x00007f4d97423550, 0x00007f4dbc860000)
  to   space 1573120K,   0% used [0x00007f4dbc860000, 0x00007f4dbc860000, 0x00007f4e1c8a0000)
 tenured generation   total 31462536K, used 26267213K [0x00007f4fb1b50000, 0x00007f5732072000, 0x00007f5a5c600000)
   the space 31462536K,  83% used [0x00007f4fb1b50000, 0x00007f55f4ee35e8, 0x00007f55f4ee3600, 0x00007f5732072000)
 Metaspace       used 30476K, capacity 30913K, committed 31232K, reserved 32768K
}
Event: 4785.099 GC heap after
{Heap after GC invocations=90 (full 8):
 def new generation   total 14158208K, used 968428K [0x00007f4a5c600000, 0x00007f4e1c8a0000, 0x00007f4fb1b50000)
  eden space 12585088K,   0% used [0x00007f4a5c600000, 0x00007f4a5c600000, 0x00007f4d5c820000)
  from space 1573120K,  61% used [0x00007f4dbc860000, 0x00007f4df7a1b280, 0x00007f4e1c8a0000)
  to   space 1573120K,   0% used [0x00007f4d5c820000, 0x00007f4d5c820000, 0x00007f4dbc860000)
 tenured generation   total 31462536K, used 27229785K [0x00007f4fb1b50000, 0x00007f5732072000, 0x00007f5a5c600000)
   the space 31462536K,  86% used [0x00007f4fb1b50000, 0x00007f562fae6638, 0x00007f562fae6800, 0x00007f5732072000)
 Metaspace       used 30476K, capacity 30913K, committed 31232K, reserved 32768K
}
Event: 4788.525 GC heap before
{Heap before GC invocations=90 (full 8):
 def new generation   total 14158208K, used 13553516K [0x00007f4a5c600000, 0x00007f4e1c8a0000, 0x00007f4fb1b50000)
  eden space 12585088K, 100% used [0x00007f4a5c600000, 0x00007f4d5c820000, 0x00007f4d5c820000)
  from space 1573120K,  61% used [0x00007f4dbc860000, 0x00007f4df7a1b280, 0x00007f4e1c8a0000)
  to   space 1573120K,   0% used [0x00007f4d5c820000, 0x00007f4d5c820000, 0x00007f4dbc860000)
 tenured generation   total 31462536K, used 27229785K [0x00007f4fb1b50000, 0x00007f5732072000, 0x00007f5a5c600000)
   the space 31462536K,  86% used [0x00007f4fb1b50000, 0x00007f562fae6638, 0x00007f562fae6800, 0x00007f5732072000)
 Metaspace       used 30476K, capacity 30913K, committed 31232K, reserved 32768K
}
Event: 4791.449 GC heap after
{Heap after GC invocations=91 (full 8):
 def new generation   total 14158208K, used 964546K [0x00007f4a5c600000, 0x00007f4e1c8a0000, 0x00007f4fb1b50000)
  eden space 12585088K,   0% used [0x00007f4a5c600000, 0x00007f4a5c600000, 0x00007f4d5c820000)
  from space 1573120K,  61% used [0x00007f4d5c820000, 0x00007f4d97610a00, 0x00007f4dbc860000)
  to   space 1573120K,   0% used [0x00007f4dbc860000, 0x00007f4dbc860000, 0x00007f4e1c8a0000)
 tenured generation   total 31462536K, used 28198213K [0x00007f4fb1b50000, 0x00007f5732072000, 0x00007f5a5c600000)
   the space 31462536K,  89% used [0x00007f4fb1b50000, 0x00007f566aca16c8, 0x00007f566aca1800, 0x00007f5732072000)
 Metaspace       used 30476K, capacity 30913K, committed 31232K, reserved 32768K
}
Event: 4795.385 GC heap before
{Heap before GC invocations=91 (full 8):
 def new generation   total 14158208K, used 13549634K [0x00007f4a5c600000, 0x00007f4e1c8a0000, 0x00007f4fb1b50000)
  eden space 12585088K, 100% used [0x00007f4a5c600000, 0x00007f4d5c820000, 0x00007f4d5c820000)
  from space 1573120K,  61% used [0x00007f4d5c820000, 0x00007f4d97610a00, 0x00007f4dbc860000)
  to   space 1573120K,   0% used [0x00007f4dbc860000, 0x00007f4dbc860000, 0x00007f4e1c8a0000)
 tenured generation   total 31462536K, used 28198213K [0x00007f4fb1b50000, 0x00007f5732072000, 0x00007f5a5c600000)
   the space 31462536K,  89% used [0x00007f4fb1b50000, 0x00007f566aca16c8, 0x00007f566aca1800, 0x00007f5732072000)
 Metaspace       used 30476K, capacity 30913K, committed 31232K, reserved 32768K
}
Event: 4798.330 GC heap after
{Heap after GC invocations=92 (full 8):
 def new generation   total 14158208K, used 963605K [0x00007f4a5c600000, 0x00007f4e1c8a0000, 0x00007f4fb1b50000)
  eden space 12585088K,   0% used [0x00007f4a5c600000, 0x00007f4a5c600000, 0x00007f4d5c820000)
  from space 1573120K,  61% used [0x00007f4dbc860000, 0x00007f4df7565710, 0x00007f4e1c8a0000)
  to   space 1573120K,   0% used [0x00007f4d5c820000, 0x00007f4d5c820000, 0x00007f4dbc860000)
 tenured generation   total 31462536K, used 29162759K [0x00007f4fb1b50000, 0x00007f5732072000, 0x00007f5a5c600000)
   the space 31462536K,  92% used [0x00007f4fb1b50000, 0x00007f56a5a91fc8, 0x00007f56a5a92000, 0x00007f5732072000)
 Metaspace       used 30476K, capacity 30913K, committed 31232K, reserved 32768K
}
Event: 4801.534 GC heap before
{Heap before GC invocations=92 (full 8):
 def new generation   total 14158208K, used 13548693K [0x00007f4a5c600000, 0x00007f4e1c8a0000, 0x00007f4fb1b50000)
  eden space 12585088K, 100% used [0x00007f4a5c600000, 0x00007f4d5c820000, 0x00007f4d5c820000)
  from space 1573120K,  61% used [0x00007f4dbc860000, 0x00007f4df7565710, 0x00007f4e1c8a0000)
  to   space 1573120K,   0% used [0x00007f4d5c820000, 0x00007f4d5c820000, 0x00007f4dbc860000)
 tenured generation   total 31462536K, used 29162759K [0x00007f4fb1b50000, 0x00007f5732072000, 0x00007f5a5c600000)
   the space 31462536K,  92% used [0x00007f4fb1b50000, 0x00007f56a5a91fc8, 0x00007f56a5a92000, 0x00007f5732072000)
 Metaspace       used 30476K, capacity 30913K, committed 31232K, reserved 32768K
}
Event: 4804.907 GC heap after
{Heap after GC invocations=93 (full 8):
 def new generation   total 14158208K, used 954385K [0x00007f4a5c600000, 0x00007f4e1c8a0000, 0x00007f4fb1b50000)
  eden space 12585088K,   0% used [0x00007f4a5c600000, 0x00007f4a5c600000, 0x00007f4d5c820000)
  from space 1573120K,  60% used [0x00007f4d5c820000, 0x00007f4d96c24750, 0x00007f4dbc860000)
  to   space 1573120K,   0% used [0x00007f4dbc860000, 0x00007f4dbc860000, 0x00007f4e1c8a0000)
 tenured generation   total 31462536K, used 30126365K [0x00007f4fb1b50000, 0x00007f5732072000, 0x00007f5a5c600000)
   the space 31462536K,  95% used [0x00007f4fb1b50000, 0x00007f56e07975a8, 0x00007f56e0797600, 0x00007f5732072000)
 Metaspace       used 30476K, capacity 30913K, committed 31232K, reserved 32768K
}
Event: 4808.144 GC heap before
{Heap before GC invocations=93 (full 8):
 def new generation   total 14158208K, used 13539473K [0x00007f4a5c600000, 0x00007f4e1c8a0000, 0x00007f4fb1b50000)
  eden space 12585088K, 100% used [0x00007f4a5c600000, 0x00007f4d5c820000, 0x00007f4d5c820000)
  from space 1573120K,  60% used [0x00007f4d5c820000, 0x00007f4d96c24750, 0x00007f4dbc860000)
  to   space 1573120K,   0% used [0x00007f4dbc860000, 0x00007f4dbc860000, 0x00007f4e1c8a0000)
 tenured generation   total 31462536K, used 30126365K [0x00007f4fb1b50000, 0x00007f5732072000, 0x00007f5a5c600000)
   the space 31462536K,  95% used [0x00007f4fb1b50000, 0x00007f56e07975a8, 0x00007f56e0797600, 0x00007f5732072000)
 Metaspace       used 30476K, capacity 30913K, committed 31232K, reserved 32768K
}
Event: 4811.034 GC heap after
{Heap after GC invocations=94 (full 8):
 def new generation   total 14158208K, used 969713K [0x00007f4a5c600000, 0x00007f4e1c8a0000, 0x00007f4fb1b50000)
  eden space 12585088K,   0% used [0x00007f4a5c600000, 0x00007f4a5c600000, 0x00007f4d5c820000)
  from space 1573120K,  61% used [0x00007f4dbc860000, 0x00007f4df7b5c410, 0x00007f4e1c8a0000)
  to   space 1573120K,   0% used [0x00007f4d5c820000, 0x00007f4d5c820000, 0x00007f4dbc860000)
 tenured generation   total 31462536K, used 31080750K [0x00007f4fb1b50000, 0x00007f5732072000, 0x00007f5a5c600000)
   the space 31462536K,  98% used [0x00007f4fb1b50000, 0x00007f571ab9b9b8, 0x00007f571ab9ba00, 0x00007f5732072000)
 Metaspace       used 30476K, capacity 30913K, committed 31232K, reserved 32768K
}
Event: 4814.760 GC heap before
{Heap before GC invocations=94 (full 8):
 def new generation   total 14158208K, used 13554801K [0x00007f4a5c600000, 0x00007f4e1c8a0000, 0x00007f4fb1b50000)
  eden space 12585088K, 100% used [0x00007f4a5c600000, 0x00007f4d5c820000, 0x00007f4d5c820000)
  from space 1573120K,  61% used [0x00007f4dbc860000, 0x00007f4df7b5c410, 0x00007f4e1c8a0000)
  to   space 1573120K,   0% used [0x00007f4d5c820000, 0x00007f4d5c820000, 0x00007f4dbc860000)
 tenured generation   total 31462536K, used 31080750K [0x00007f4fb1b50000, 0x00007f5732072000, 0x00007f5a5c600000)
   the space 31462536K,  98% used [0x00007f4fb1b50000, 0x00007f571ab9b9b8, 0x00007f571ab9ba00, 0x00007f5732072000)
 Metaspace       used 30476K, capacity 30913K, committed 31232K, reserved 32768K
}
Event: 4817.812 GC heap after
{Heap after GC invocations=95 (full 8):
 def new generation   total 14158208K, used 1024097K [0x00007f4a5c600000, 0x00007f4e1c8a0000, 0x00007f4fb1b50000)
  eden space 12585088K,   0% used [0x00007f4a5c600000, 0x00007f4a5c600000, 0x00007f4d5c820000)
  from space 1573120K,  65% used [0x00007f4d5c820000, 0x00007f4d9b038400, 0x00007f4dbc860000)
  to   space 1573120K,   0% used [0x00007f4dbc860000, 0x00007f4dbc860000, 0x00007f4e1c8a0000)
 tenured generation   total 32050632K, used 32050462K [0x00007f4fb1b50000, 0x00007f5755ec2000, 0x00007f5a5c600000)
   the space 32050632K,  99% used [0x00007f4fb1b50000, 0x00007f5755e97af8, 0x00007f5755e97c00, 0x00007f5755ec2000)
 Metaspace       used 30476K, capacity 30913K, committed 31232K, reserved 32768K
}
Event: 4817.812 GC heap before
{Heap before GC invocations=95 (full 8):
 def new generation   total 14158208K, used 1024097K [0x00007f4a5c600000, 0x00007f4e1c8a0000, 0x00007f4fb1b50000)
  eden space 12585088K,   0% used [0x00007f4a5c600000, 0x00007f4a5c600000, 0x00007f4d5c820000)
  from space 1573120K,  65% used [0x00007f4d5c820000, 0x00007f4d9b038400, 0x00007f4dbc860000)
  to   space 1573120K,   0% used [0x00007f4dbc860000, 0x00007f4dbc860000, 0x00007f4e1c8a0000)
 tenured generation   total 32050632K, used 32050462K [0x00007f4fb1b50000, 0x00007f5755ec2000, 0x00007f5a5c600000)
   the space 32050632K,  99% used [0x00007f4fb1b50000, 0x00007f5755e97af8, 0x00007f5755e97c00, 0x00007f5755ec2000)
 Metaspace       used 30476K, capacity 30913K, committed 31232K, reserved 32768K
}

