# JRE version: OpenJDK Runtime Environment (13.0.7+5) (build 13.0.7+5-Ubuntu-0ubuntu120.04)
# Java VM: OpenJDK 64-Bit Server VM (13.0.7+5-Ubuntu-0ubuntu120.04, mixed mode, tiered, serial gc, linux-amd64)
Heap:
 def new generation   total 4443840K, used 0K [0x00007f9cac600000, 0x00007f9dd9bd0000, 0x00007fa7570a0000)
  eden space 3950144K,   0% used [0x00007f9cac600000, 0x00007f9cac600000, 0x00007f9d9d790000)
  from space 493696K,   0% used [0x00007f9dbb9b0000, 0x00007f9dbb9b0000, 0x00007f9dd9bd0000)
  to   space 493696K,   0% used [0x00007f9d9d790000, 0x00007f9d9d790000, 0x00007f9dbb9b0000)
 tenured generation   total 9891432K, used 9593482K [0x00007fa7570a0000, 0x00007fa9b2c3a000, 0x00007fbcac600000)
   the space 9891432K,  96% used [0x00007fa7570a0000, 0x00007fa9a0942a50, 0x00007fa9a0942c00, 0x00007fa9b2c3a000)
 Metaspace       used 24294K, capacity 24702K, committed 24832K, reserved 26624K
GC Heap History (20 events):
Event: 986.470 GC heap after
{Heap after GC invocations=1395 (full 7):
 def new generation   total 4443840K, used 170093K [0x00007f9cac600000, 0x00007f9dd9bd0000, 0x00007fa7570a0000)
  eden space 3950144K,   0% used [0x00007f9cac600000, 0x00007f9cac600000, 0x00007f9d9d790000)
  from space 493696K,  34% used [0x00007f9d9d790000, 0x00007f9da7dab458, 0x00007f9dbb9b0000)
  to   space 493696K,   0% used [0x00007f9dbb9b0000, 0x00007f9dbb9b0000, 0x00007f9dd9bd0000)
 tenured generation   total 9875044K, used 9793214K [0x00007fa7570a0000, 0x00007fa9b1c39000, 0x00007fbcac600000)
   the space 9875044K,  99% used [0x00007fa7570a0000, 0x00007fa9acc4fb40, 0x00007fa9acc4fc00, 0x00007fa9b1c39000)
 Metaspace       used 24294K, capacity 24702K, committed 24832K, reserved 26624K
}
Event: 988.052 GC heap before
{Heap before GC invocations=1395 (full 7):
 def new generation   total 4443840K, used 4120237K [0x00007f9cac600000, 0x00007f9dd9bd0000, 0x00007fa7570a0000)
  eden space 3950144K, 100% used [0x00007f9cac600000, 0x00007f9d9d790000, 0x00007f9d9d790000)
  from space 493696K,  34% used [0x00007f9d9d790000, 0x00007f9da7dab458, 0x00007f9dbb9b0000)
  to   space 493696K,   0% used [0x00007f9dbb9b0000, 0x00007f9dbb9b0000, 0x00007f9dd9bd0000)
 tenured generation   total 9875044K, used 9793214K [0x00007fa7570a0000, 0x00007fa9b1c39000, 0x00007fbcac600000)
   the space 9875044K,  99% used [0x00007fa7570a0000, 0x00007fa9acc4fb40, 0x00007fa9acc4fc00, 0x00007fa9b1c39000)
 Metaspace       used 24294K, capacity 24702K, committed 24832K, reserved 26624K
}
Event: 988.082 GC heap after
{Heap after GC invocations=1396 (full 7):
 def new generation   total 4443840K, used 178855K [0x00007f9cac600000, 0x00007f9dd9bd0000, 0x00007fa7570a0000)
  eden space 3950144K,   0% used [0x00007f9cac600000, 0x00007f9cac600000, 0x00007f9d9d790000)
  from space 493696K,  36% used [0x00007f9dbb9b0000, 0x00007f9dc6859ca0, 0x00007f9dd9bd0000)
  to   space 493696K,   0% used [0x00007f9d9d790000, 0x00007f9d9d790000, 0x00007f9dbb9b0000)
 tenured generation   total 9875044K, used 9793214K [0x00007fa7570a0000, 0x00007fa9b1c39000, 0x00007fbcac600000)
   the space 9875044K,  99% used [0x00007fa7570a0000, 0x00007fa9acc4fb40, 0x00007fa9acc4fc00, 0x00007fa9b1c39000)
 Metaspace       used 24294K, capacity 24702K, committed 24832K, reserved 26624K
}
Event: 989.837 GC heap before
{Heap before GC invocations=1396 (full 7):
 def new generation   total 4443840K, used 4128999K [0x00007f9cac600000, 0x00007f9dd9bd0000, 0x00007fa7570a0000)
  eden space 3950144K, 100% used [0x00007f9cac600000, 0x00007f9d9d790000, 0x00007f9d9d790000)
  from space 493696K,  36% used [0x00007f9dbb9b0000, 0x00007f9dc6859ca0, 0x00007f9dd9bd0000)
  to   space 493696K,   0% used [0x00007f9d9d790000, 0x00007f9d9d790000, 0x00007f9dbb9b0000)
 tenured generation   total 9875044K, used 9793214K [0x00007fa7570a0000, 0x00007fa9b1c39000, 0x00007fbcac600000)
   the space 9875044K,  99% used [0x00007fa7570a0000, 0x00007fa9acc4fb40, 0x00007fa9acc4fc00, 0x00007fa9b1c39000)
 Metaspace       used 24294K, capacity 24702K, committed 24832K, reserved 26624K
}
Event: 989.872 GC heap after
{Heap after GC invocations=1397 (full 7):
 def new generation   total 4443840K, used 171140K [0x00007f9cac600000, 0x00007f9dd9bd0000, 0x00007fa7570a0000)
  eden space 3950144K,   0% used [0x00007f9cac600000, 0x00007f9cac600000, 0x00007f9d9d790000)
  from space 493696K,  34% used [0x00007f9d9d790000, 0x00007f9da7eb13b8, 0x00007f9dbb9b0000)
  to   space 493696K,   0% used [0x00007f9dbb9b0000, 0x00007f9dbb9b0000, 0x00007f9dd9bd0000)
 tenured generation   total 9875044K, used 9810174K [0x00007fa7570a0000, 0x00007fa9b1c39000, 0x00007fbcac600000)
   the space 9875044K,  99% used [0x00007fa7570a0000, 0x00007fa9adcdfa18, 0x00007fa9adcdfc00, 0x00007fa9b1c39000)
 Metaspace       used 24294K, capacity 24702K, committed 24832K, reserved 26624K
}
Event: 991.687 GC heap before
{Heap before GC invocations=1397 (full 7):
 def new generation   total 4443840K, used 4121284K [0x00007f9cac600000, 0x00007f9dd9bd0000, 0x00007fa7570a0000)
  eden space 3950144K, 100% used [0x00007f9cac600000, 0x00007f9d9d790000, 0x00007f9d9d790000)
  from space 493696K,  34% used [0x00007f9d9d790000, 0x00007f9da7eb13b8, 0x00007f9dbb9b0000)
  to   space 493696K,   0% used [0x00007f9dbb9b0000, 0x00007f9dbb9b0000, 0x00007f9dd9bd0000)
 tenured generation   total 9875044K, used 9810174K [0x00007fa7570a0000, 0x00007fa9b1c39000, 0x00007fbcac600000)
   the space 9875044K,  99% used [0x00007fa7570a0000, 0x00007fa9adcdfa18, 0x00007fa9adcdfc00, 0x00007fa9b1c39000)
 Metaspace       used 24294K, capacity 24702K, committed 24832K, reserved 26624K
}
Event: 991.719 GC heap after
{Heap after GC invocations=1398 (full 7):
 def new generation   total 4443840K, used 187044K [0x00007f9cac600000, 0x00007f9dd9bd0000, 0x00007fa7570a0000)
  eden space 3950144K,   0% used [0x00007f9cac600000, 0x00007f9cac600000, 0x00007f9d9d790000)
  from space 493696K,  37% used [0x00007f9dbb9b0000, 0x00007f9dc70593c8, 0x00007f9dd9bd0000)
  to   space 493696K,   0% used [0x00007f9d9d790000, 0x00007f9d9d790000, 0x00007f9dbb9b0000)
 tenured generation   total 9875044K, used 9810174K [0x00007fa7570a0000, 0x00007fa9b1c39000, 0x00007fbcac600000)
   the space 9875044K,  99% used [0x00007fa7570a0000, 0x00007fa9adcdfa18, 0x00007fa9adcdfc00, 0x00007fa9b1c39000)
 Metaspace       used 24294K, capacity 24702K, committed 24832K, reserved 26624K
}
Event: 993.344 GC heap before
{Heap before GC invocations=1398 (full 7):
 def new generation   total 4443840K, used 4137188K [0x00007f9cac600000, 0x00007f9dd9bd0000, 0x00007fa7570a0000)
  eden space 3950144K, 100% used [0x00007f9cac600000, 0x00007f9d9d790000, 0x00007f9d9d790000)
  from space 493696K,  37% used [0x00007f9dbb9b0000, 0x00007f9dc70593c8, 0x00007f9dd9bd0000)
  to   space 493696K,   0% used [0x00007f9d9d790000, 0x00007f9d9d790000, 0x00007f9dbb9b0000)
 tenured generation   total 9875044K, used 9810174K [0x00007fa7570a0000, 0x00007fa9b1c39000, 0x00007fbcac600000)
   the space 9875044K,  99% used [0x00007fa7570a0000, 0x00007fa9adcdfa18, 0x00007fa9adcdfc00, 0x00007fa9b1c39000)
 Metaspace       used 24294K, capacity 24702K, committed 24832K, reserved 26624K
}
Event: 993.391 GC heap after
{Heap after GC invocations=1399 (full 7):
 def new generation   total 4443840K, used 186531K [0x00007f9cac600000, 0x00007f9dd9bd0000, 0x00007fa7570a0000)
  eden space 3950144K,   0% used [0x00007f9cac600000, 0x00007f9cac600000, 0x00007f9d9d790000)
  from space 493696K,  37% used [0x00007f9d9d790000, 0x00007f9da8db8e58, 0x00007f9dbb9b0000)
  to   space 493696K,   0% used [0x00007f9dbb9b0000, 0x00007f9dbb9b0000, 0x00007f9dd9bd0000)
 tenured generation   total 9875044K, used 9827134K [0x00007fa7570a0000, 0x00007fa9b1c39000, 0x00007fbcac600000)
   the space 9875044K,  99% used [0x00007fa7570a0000, 0x00007fa9aed6f8f0, 0x00007fa9aed6fa00, 0x00007fa9b1c39000)
 Metaspace       used 24294K, capacity 24702K, committed 24832K, reserved 26624K
}
Event: 995.095 GC heap before
{Heap before GC invocations=1399 (full 7):
 def new generation   total 4443840K, used 4136675K [0x00007f9cac600000, 0x00007f9dd9bd0000, 0x00007fa7570a0000)
  eden space 3950144K, 100% used [0x00007f9cac600000, 0x00007f9d9d790000, 0x00007f9d9d790000)
  from space 493696K,  37% used [0x00007f9d9d790000, 0x00007f9da8db8e58, 0x00007f9dbb9b0000)
  to   space 493696K,   0% used [0x00007f9dbb9b0000, 0x00007f9dbb9b0000, 0x00007f9dd9bd0000)
 tenured generation   total 9875044K, used 9827134K [0x00007fa7570a0000, 0x00007fa9b1c39000, 0x00007fbcac600000)
   the space 9875044K,  99% used [0x00007fa7570a0000, 0x00007fa9aed6f8f0, 0x00007fa9aed6fa00, 0x00007fa9b1c39000)
 Metaspace       used 24294K, capacity 24702K, committed 24832K, reserved 26624K
}
Event: 995.132 GC heap after
{Heap after GC invocations=1400 (full 7):
 def new generation   total 4443840K, used 203497K [0x00007f9cac600000, 0x00007f9dd9bd0000, 0x00007fa7570a0000)
  eden space 3950144K,   0% used [0x00007f9cac600000, 0x00007f9cac600000, 0x00007f9d9d790000)
  from space 493696K,  41% used [0x00007f9dbb9b0000, 0x00007f9dc806a730, 0x00007f9dd9bd0000)
  to   space 493696K,   0% used [0x00007f9d9d790000, 0x00007f9d9d790000, 0x00007f9dbb9b0000)
 tenured generation   total 9875044K, used 9827134K [0x00007fa7570a0000, 0x00007fa9b1c39000, 0x00007fbcac600000)
   the space 9875044K,  99% used [0x00007fa7570a0000, 0x00007fa9aed6f8f0, 0x00007fa9aed6fa00, 0x00007fa9b1c39000)
 Metaspace       used 24294K, capacity 24702K, committed 24832K, reserved 26624K
}
Event: 996.732 GC heap before
{Heap before GC invocations=1400 (full 7):
 def new generation   total 4443840K, used 4153641K [0x00007f9cac600000, 0x00007f9dd9bd0000, 0x00007fa7570a0000)
  eden space 3950144K, 100% used [0x00007f9cac600000, 0x00007f9d9d790000, 0x00007f9d9d790000)
  from space 493696K,  41% used [0x00007f9dbb9b0000, 0x00007f9dc806a730, 0x00007f9dd9bd0000)
  to   space 493696K,   0% used [0x00007f9d9d790000, 0x00007f9d9d790000, 0x00007f9dbb9b0000)
 tenured generation   total 9875044K, used 9827134K [0x00007fa7570a0000, 0x00007fa9b1c39000, 0x00007fbcac600000)
   the space 9875044K,  99% used [0x00007fa7570a0000, 0x00007fa9aed6f8f0, 0x00007fa9aed6fa00, 0x00007fa9b1c39000)
 Metaspace       used 24294K, capacity 24702K, committed 24832K, reserved 26624K
}
Event: 996.779 GC heap after
{Heap after GC invocations=1401 (full 7):
 def new generation   total 4443840K, used 199923K [0x00007f9cac600000, 0x00007f9dd9bd0000, 0x00007fa7570a0000)
  eden space 3950144K,   0% used [0x00007f9cac600000, 0x00007f9cac600000, 0x00007f9d9d790000)
  from space 493696K,  40% used [0x00007f9d9d790000, 0x00007f9da9accc08, 0x00007f9dbb9b0000)
  to   space 493696K,   0% used [0x00007f9dbb9b0000, 0x00007f9dbb9b0000, 0x00007f9dd9bd0000)
 tenured generation   total 9875044K, used 9844094K [0x00007fa7570a0000, 0x00007fa9b1c39000, 0x00007fbcac600000)
   the space 9875044K,  99% used [0x00007fa7570a0000, 0x00007fa9afdff828, 0x00007fa9afdffa00, 0x00007fa9b1c39000)
 Metaspace       used 24294K, capacity 24702K, committed 24832K, reserved 26624K
}
Event: 998.497 GC heap before
{Heap before GC invocations=1401 (full 7):
 def new generation   total 4443840K, used 4150067K [0x00007f9cac600000, 0x00007f9dd9bd0000, 0x00007fa7570a0000)
  eden space 3950144K, 100% used [0x00007f9cac600000, 0x00007f9d9d790000, 0x00007f9d9d790000)
  from space 493696K,  40% used [0x00007f9d9d790000, 0x00007f9da9accc08, 0x00007f9dbb9b0000)
  to   space 493696K,   0% used [0x00007f9dbb9b0000, 0x00007f9dbb9b0000, 0x00007f9dd9bd0000)
 tenured generation   total 9875044K, used 9844094K [0x00007fa7570a0000, 0x00007fa9b1c39000, 0x00007fbcac600000)
   the space 9875044K,  99% used [0x00007fa7570a0000, 0x00007fa9afdff828, 0x00007fa9afdffa00, 0x00007fa9b1c39000)
 Metaspace       used 24294K, capacity 24702K, committed 24832K, reserved 26624K
}
Event: 998.533 GC heap after
{Heap after GC invocations=1402 (full 7):
 def new generation   total 4443840K, used 213268K [0x00007f9cac600000, 0x00007f9dd9bd0000, 0x00007fa7570a0000)
  eden space 3950144K,   0% used [0x00007f9cac600000, 0x00007f9cac600000, 0x00007f9d9d790000)
  from space 493696K,  43% used [0x00007f9dbb9b0000, 0x00007f9dc89f5050, 0x00007f9dd9bd0000)
  to   space 493696K,   0% used [0x00007f9d9d790000, 0x00007f9d9d790000, 0x00007f9dbb9b0000)
 tenured generation   total 9875044K, used 9844094K [0x00007fa7570a0000, 0x00007fa9b1c39000, 0x00007fbcac600000)
   the space 9875044K,  99% used [0x00007fa7570a0000, 0x00007fa9afdff828, 0x00007fa9afdffa00, 0x00007fa9b1c39000)
 Metaspace       used 24294K, capacity 24702K, committed 24832K, reserved 26624K
}
Event: 1000.192 GC heap before
{Heap before GC invocations=1402 (full 7):
 def new generation   total 4443840K, used 4163412K [0x00007f9cac600000, 0x00007f9dd9bd0000, 0x00007fa7570a0000)
  eden space 3950144K, 100% used [0x00007f9cac600000, 0x00007f9d9d790000, 0x00007f9d9d790000)
  from space 493696K,  43% used [0x00007f9dbb9b0000, 0x00007f9dc89f5050, 0x00007f9dd9bd0000)
  to   space 493696K,   0% used [0x00007f9d9d790000, 0x00007f9d9d790000, 0x00007f9dbb9b0000)
 tenured generation   total 9875044K, used 9844094K [0x00007fa7570a0000, 0x00007fa9b1c39000, 0x00007fbcac600000)
   the space 9875044K,  99% used [0x00007fa7570a0000, 0x00007fa9afdff828, 0x00007fa9afdffa00, 0x00007fa9b1c39000)
 Metaspace       used 24294K, capacity 24702K, committed 24832K, reserved 26624K
}
Event: 1000.232 GC heap after
{Heap after GC invocations=1403 (full 7):
 def new generation   total 4443840K, used 209170K [0x00007f9cac600000, 0x00007f9dd9bd0000, 0x00007fa7570a0000)
  eden space 3950144K,   0% used [0x00007f9cac600000, 0x00007f9cac600000, 0x00007f9d9d790000)
  from space 493696K,  42% used [0x00007f9d9d790000, 0x00007f9daa3d49e8, 0x00007f9dbb9b0000)
  to   space 493696K,   0% used [0x00007f9dbb9b0000, 0x00007f9dbb9b0000, 0x00007f9dd9bd0000)
 tenured generation   total 9875044K, used 9861053K [0x00007fa7570a0000, 0x00007fa9b1c39000, 0x00007fbcac600000)
   the space 9875044K,  99% used [0x00007fa7570a0000, 0x00007fa9b0e8f6d0, 0x00007fa9b0e8f800, 0x00007fa9b1c39000)
 Metaspace       used 24294K, capacity 24702K, committed 24832K, reserved 26624K
}
Event: 1001.946 GC heap before
{Heap before GC invocations=1403 (full 7):
 def new generation   total 4443840K, used 4159314K [0x00007f9cac600000, 0x00007f9dd9bd0000, 0x00007fa7570a0000)
  eden space 3950144K, 100% used [0x00007f9cac600000, 0x00007f9d9d790000, 0x00007f9d9d790000)
  from space 493696K,  42% used [0x00007f9d9d790000, 0x00007f9daa3d49e8, 0x00007f9dbb9b0000)
  to   space 493696K,   0% used [0x00007f9dbb9b0000, 0x00007f9dbb9b0000, 0x00007f9dd9bd0000)
 tenured generation   total 9875044K, used 9861053K [0x00007fa7570a0000, 0x00007fa9b1c39000, 0x00007fbcac600000)
   the space 9875044K,  99% used [0x00007fa7570a0000, 0x00007fa9b0e8f6d0, 0x00007fa9b0e8f800, 0x00007fa9b1c39000)
 Metaspace       used 24294K, capacity 24702K, committed 24832K, reserved 26624K
}
Event: 1001.989 GC heap after
{Heap after GC invocations=1404 (full 7):
 def new generation   total 4443840K, used 206596K [0x00007f9cac600000, 0x00007f9dd9bd0000, 0x00007fa7570a0000)
  eden space 3950144K,   0% used [0x00007f9cac600000, 0x00007f9cac600000, 0x00007f9d9d790000)
  from space 493696K,  41% used [0x00007f9dbb9b0000, 0x00007f9dc8371378, 0x00007f9dd9bd0000)
  to   space 493696K,   0% used [0x00007f9d9d790000, 0x00007f9d9d790000, 0x00007f9dbb9b0000)
 tenured generation   total 9891432K, used 9878013K [0x00007fa7570a0000, 0x00007fa9b2c3a000, 0x00007fbcac600000)
   the space 9891432K,  99% used [0x00007fa7570a0000, 0x00007fa9b1f1f488, 0x00007fa9b1f1f600, 0x00007fa9b2c3a000)
 Metaspace       used 24294K, capacity 24702K, committed 24832K, reserved 26624K
}
Event: 1001.989 GC heap before
{Heap before GC invocations=1404 (full 7):
 def new generation   total 4443840K, used 206596K [0x00007f9cac600000, 0x00007f9dd9bd0000, 0x00007fa7570a0000)
  eden space 3950144K,   0% used [0x00007f9cac600000, 0x00007f9cac600000, 0x00007f9d9d790000)
  from space 493696K,  41% used [0x00007f9dbb9b0000, 0x00007f9dc8371378, 0x00007f9dd9bd0000)
  to   space 493696K,   0% used [0x00007f9d9d790000, 0x00007f9d9d790000, 0x00007f9dbb9b0000)
 tenured generation   total 9891432K, used 9878013K [0x00007fa7570a0000, 0x00007fa9b2c3a000, 0x00007fbcac600000)
   the space 9891432K,  99% used [0x00007fa7570a0000, 0x00007fa9b1f1f488, 0x00007fa9b1f1f600, 0x00007fa9b2c3a000)
 Metaspace       used 24294K, capacity 24702K, committed 24832K, reserved 26624K
}

