# JRE version: OpenJDK Runtime Environment (13.0.7+5) (build 13.0.7+5-Ubuntu-0ubuntu120.04)
# Java VM: OpenJDK 64-Bit Server VM (13.0.7+5-Ubuntu-0ubuntu120.04, mixed mode, tiered, serial gc, linux-amd64)
Heap:
 def new generation   total 2210240K, used 1631238K [0x00007fbf7c400000, 0x00007fc012240000, 0x00007fc4d1950000)
  eden space 1964672K,  82% used [0x00007fbf7c400000, 0x00007fbfde9bdaf8, 0x00007fbff42a0000)
  from space 245568K,   8% used [0x00007fc003270000, 0x00007fc0045b3fe0, 0x00007fc012240000)
  to   space 245568K,   0% used [0x00007fbff42a0000, 0x00007fbff42a9210, 0x00007fc003270000)
 tenured generation   total 4911560K, used 4205221K [0x00007fc4d1950000, 0x00007fc5fd5c2000, 0x00007fcf7c400000)
   the space 4911560K,  85% used [0x00007fc4d1950000, 0x00007fc5d23f95f8, 0x00007fc5d23f9600, 0x00007fc5fd5c2000)
 Metaspace       used 23354K, capacity 23702K, committed 23808K, reserved 24576K
GC Heap History (20 events):
Event: 126.454 GC heap after
{Heap after GC invocations=39 (full 16):
 def new generation   total 794688K, used 0K [0x00007fbf7c400000, 0x00007fbfb2240000, 0x00007fc4d1950000)
  eden space 706432K,   0% used [0x00007fbf7c400000, 0x00007fbf7c400000, 0x00007fbfa75e0000)
  from space 88256K,   0% used [0x00007fbfa75e0000, 0x00007fbfa75e0000, 0x00007fbfacc10000)
  to   space 88256K,   0% used [0x00007fbfacc10000, 0x00007fbfacc10000, 0x00007fbfb2240000)
 tenured generation   total 1765824K, used 1059492K [0x00007fc4d1950000, 0x00007fc53d5c0000, 0x00007fcf7c400000)
   the space 1765824K,  59% used [0x00007fc4d1950000, 0x00007fc5123f92a8, 0x00007fc5123f9400, 0x00007fc53d5c0000)
 Metaspace       used 23330K, capacity 23702K, committed 23808K, reserved 24576K
}
Event: 128.295 GC heap before
{Heap before GC invocations=39 (full 16):
 def new generation   total 794688K, used 538326K [0x00007fbf7c400000, 0x00007fbfb2240000, 0x00007fc4d1950000)
  eden space 706432K,  76% used [0x00007fbf7c400000, 0x00007fbf9d1b5ad0, 0x00007fbfa75e0000)
  from space 88256K,   0% used [0x00007fbfa75e0000, 0x00007fbfa75e0000, 0x00007fbfacc10000)
  to   space 88256K,   0% used [0x00007fbfacc10000, 0x00007fbfacc10000, 0x00007fbfb2240000)
 tenured generation   total 2814404K, used 2108068K [0x00007fc4d1950000, 0x00007fc57d5c1000, 0x00007fcf7c400000)
   the space 2814404K,  74% used [0x00007fc4d1950000, 0x00007fc5523f92c0, 0x00007fc5523f9400, 0x00007fc57d5c1000)
 Metaspace       used 23330K, capacity 23702K, committed 23808K, reserved 24576K
}
Event: 128.834 GC heap after
{Heap after GC invocations=40 (full 16):
 def new generation   total 794688K, used 0K [0x00007fbf7c400000, 0x00007fbfb2240000, 0x00007fc4d1950000)
  eden space 706432K,   0% used [0x00007fbf7c400000, 0x00007fbf7c400000, 0x00007fbfa75e0000)
  from space 88256K,   0% used [0x00007fbfacc10000, 0x00007fbfacc102f0, 0x00007fbfb2240000)
  to   space 88256K,   0% used [0x00007fbfa75e0000, 0x00007fbfa75e0000, 0x00007fbfacc10000)
 tenured generation   total 2814404K, used 2632356K [0x00007fc4d1950000, 0x00007fc57d5c1000, 0x00007fcf7c400000)
   the space 2814404K,  93% used [0x00007fc4d1950000, 0x00007fc5723f92d8, 0x00007fc5723f9400, 0x00007fc57d5c1000)
 Metaspace       used 23330K, capacity 23702K, committed 23808K, reserved 24576K
}
Event: 129.162 GC heap before
{Heap before GC invocations=40 (full 16):
 def new generation   total 794688K, used 538358K [0x00007fbf7c400000, 0x00007fbfb2240000, 0x00007fc4d1950000)
  eden space 706432K,  76% used [0x00007fbf7c400000, 0x00007fbf9d1bd8f8, 0x00007fbfa75e0000)
  from space 88256K,   0% used [0x00007fbfacc10000, 0x00007fbfacc102f0, 0x00007fbfb2240000)
  to   space 88256K,   0% used [0x00007fbfa75e0000, 0x00007fbfa75e0000, 0x00007fbfacc10000)
 tenured generation   total 2814404K, used 2632356K [0x00007fc4d1950000, 0x00007fc57d5c1000, 0x00007fcf7c400000)
   the space 2814404K,  93% used [0x00007fc4d1950000, 0x00007fc5723f92d8, 0x00007fc5723f9400, 0x00007fc57d5c1000)
 Metaspace       used 23330K, capacity 23702K, committed 23808K, reserved 24576K
}
Event: 129.617 GC heap after
{Heap after GC invocations=41 (full 16):
 def new generation   total 794688K, used 1K [0x00007fbf7c400000, 0x00007fbfb2240000, 0x00007fc4d1950000)
  eden space 706432K,   0% used [0x00007fbf7c400000, 0x00007fbf7c400000, 0x00007fbfa75e0000)
  from space 88256K,   0% used [0x00007fbfa75e0000, 0x00007fbfa75e0568, 0x00007fbfacc10000)
  to   space 88256K,   0% used [0x00007fbfacc10000, 0x00007fbfacc10000, 0x00007fbfb2240000)
 tenured generation   total 3338696K, used 3156644K [0x00007fc4d1950000, 0x00007fc59d5c2000, 0x00007fcf7c400000)
   the space 3338696K,  94% used [0x00007fc4d1950000, 0x00007fc5923f92f0, 0x00007fc5923f9400, 0x00007fc59d5c2000)
 Metaspace       used 23330K, capacity 23702K, committed 23808K, reserved 24576K
}
Event: 129.617 GC heap before
{Heap before GC invocations=41 (full 16):
 def new generation   total 794688K, used 1K [0x00007fbf7c400000, 0x00007fbfb2240000, 0x00007fc4d1950000)
  eden space 706432K,   0% used [0x00007fbf7c400000, 0x00007fbf7c400000, 0x00007fbfa75e0000)
  from space 88256K,   0% used [0x00007fbfa75e0000, 0x00007fbfa75e0568, 0x00007fbfacc10000)
  to   space 88256K,   0% used [0x00007fbfacc10000, 0x00007fbfacc10000, 0x00007fbfb2240000)
 tenured generation   total 3338696K, used 3156644K [0x00007fc4d1950000, 0x00007fc59d5c2000, 0x00007fcf7c400000)
   the space 3338696K,  94% used [0x00007fc4d1950000, 0x00007fc5923f92f0, 0x00007fc5923f9400, 0x00007fc59d5c2000)
 Metaspace       used 23330K, capacity 23702K, committed 23808K, reserved 24576K
}
Event: 130.025 GC heap after
{Heap after GC invocations=41 (full 17):
 def new generation   total 1266560K, used 0K [0x00007fbf7c400000, 0x00007fbfd2240000, 0x00007fc4d1950000)
  eden space 1125888K,   0% used [0x00007fbf7c400000, 0x00007fbf7c400000, 0x00007fbfc0f80000)
  from space 140672K,   0% used [0x00007fbfc0f80000, 0x00007fbfc0f80000, 0x00007fbfc98e0000)
  to   space 140672K,   0% used [0x00007fbfc98e0000, 0x00007fbfc98e0000, 0x00007fbfd2240000)
 tenured generation   total 2814404K, used 1059493K [0x00007fc4d1950000, 0x00007fc57d5c1000, 0x00007fcf7c400000)
   the space 2814404K,  37% used [0x00007fc4d1950000, 0x00007fc5123f9528, 0x00007fc5123f9600, 0x00007fc57d5c1000)
 Metaspace       used 23330K, capacity 23702K, committed 23808K, reserved 24576K
}
Event: 134.069 GC heap before
{Heap before GC invocations=41 (full 17):
 def new generation   total 1266560K, used 1070827K [0x00007fbf7c400000, 0x00007fbfd2240000, 0x00007fc4d1950000)
  eden space 1125888K,  95% used [0x00007fbf7c400000, 0x00007fbfbd9bad80, 0x00007fbfc0f80000)
  from space 140672K,   0% used [0x00007fbfc0f80000, 0x00007fbfc0f80000, 0x00007fbfc98e0000)
  to   space 140672K,   0% used [0x00007fbfc98e0000, 0x00007fbfc98e0000, 0x00007fbfd2240000)
 tenured generation   total 4911560K, used 3156645K [0x00007fc4d1950000, 0x00007fc5fd5c2000, 0x00007fcf7c400000)
   the space 4911560K,  64% used [0x00007fc4d1950000, 0x00007fc5923f9540, 0x00007fc5923f9600, 0x00007fc5fd5c2000)
 Metaspace       used 23330K, capacity 23702K, committed 23808K, reserved 24576K
}
Event: 137.129 GC heap after
{Heap after GC invocations=42 (full 17):
 def new generation   total 1266560K, used 0K [0x00007fbf7c400000, 0x00007fbfd2240000, 0x00007fc4d1950000)
  eden space 1125888K,   0% used [0x00007fbf7c400000, 0x00007fbf7c400000, 0x00007fbfc0f80000)
  from space 140672K,   0% used [0x00007fbfc98e0000, 0x00007fbfc98e0358, 0x00007fbfd2240000)
  to   space 140672K,   0% used [0x00007fbfc0f80000, 0x00007fbfc0f80000, 0x00007fbfc98e0000)
 tenured generation   total 4911560K, used 4205221K [0x00007fc4d1950000, 0x00007fc5fd5c2000, 0x00007fcf7c400000)
   the space 4911560K,  85% used [0x00007fc4d1950000, 0x00007fc5d23f9558, 0x00007fc5d23f9600, 0x00007fc5fd5c2000)
 Metaspace       used 23330K, capacity 23702K, committed 23808K, reserved 24576K
}
Event: 138.864 GC heap before
{Heap before GC invocations=42 (full 17):
 def new generation   total 1266560K, used 1070921K [0x00007fbf7c400000, 0x00007fbfd2240000, 0x00007fc4d1950000)
  eden space 1125888K,  95% used [0x00007fbf7c400000, 0x00007fbfbd9d22b8, 0x00007fbfc0f80000)
  from space 140672K,   0% used [0x00007fbfc98e0000, 0x00007fbfc98e0358, 0x00007fbfd2240000)
  to   space 140672K,   0% used [0x00007fbfc0f80000, 0x00007fbfc0f80000, 0x00007fbfc98e0000)
 tenured generation   total 4911560K, used 4205221K [0x00007fc4d1950000, 0x00007fc5fd5c2000, 0x00007fcf7c400000)
   the space 4911560K,  85% used [0x00007fc4d1950000, 0x00007fc5d23f9558, 0x00007fc5d23f9600, 0x00007fc5fd5c2000)
 Metaspace       used 23330K, capacity 23702K, committed 23808K, reserved 24576K
}
Event: 140.191 GC heap after
{Heap after GC invocations=43 (full 17):
 def new generation   total 1266560K, used 2K [0x00007fbf7c400000, 0x00007fbfd2240000, 0x00007fc4d1950000)
  eden space 1125888K,   0% used [0x00007fbf7c400000, 0x00007fbf7c400000, 0x00007fbfc0f80000)
  from space 140672K,   0% used [0x00007fbfc0f80000, 0x00007fbfc0f80888, 0x00007fbfc98e0000)
  to   space 140672K,   0% used [0x00007fbfc98e0000, 0x00007fbfc98e0000, 0x00007fbfd2240000)
 tenured generation   total 5435852K, used 5253797K [0x00007fc4d1950000, 0x00007fc61d5c3000, 0x00007fcf7c400000)
   the space 5435852K,  96% used [0x00007fc4d1950000, 0x00007fc6123f95a0, 0x00007fc6123f9600, 0x00007fc61d5c3000)
 Metaspace       used 23330K, capacity 23702K, committed 23808K, reserved 24576K
}
Event: 140.191 GC heap before
{Heap before GC invocations=43 (full 17):
 def new generation   total 1266560K, used 2K [0x00007fbf7c400000, 0x00007fbfd2240000, 0x00007fc4d1950000)
  eden space 1125888K,   0% used [0x00007fbf7c400000, 0x00007fbf7c400000, 0x00007fbfc0f80000)
  from space 140672K,   0% used [0x00007fbfc0f80000, 0x00007fbfc0f80888, 0x00007fbfc98e0000)
  to   space 140672K,   0% used [0x00007fbfc98e0000, 0x00007fbfc98e0000, 0x00007fbfd2240000)
 tenured generation   total 5435852K, used 5253797K [0x00007fc4d1950000, 0x00007fc61d5c3000, 0x00007fcf7c400000)
   the space 5435852K,  96% used [0x00007fc4d1950000, 0x00007fc6123f95a0, 0x00007fc6123f9600, 0x00007fc61d5c3000)
 Metaspace       used 23330K, capacity 23702K, committed 23808K, reserved 24576K
}
Event: 140.583 GC heap after
{Heap after GC invocations=43 (full 18):
 def new generation   total 2210240K, used 0K [0x00007fbf7c400000, 0x00007fc012240000, 0x00007fc4d1950000)
  eden space 1964672K,   0% used [0x00007fbf7c400000, 0x00007fbf7c400000, 0x00007fbff42a0000)
  from space 245568K,   0% used [0x00007fbff42a0000, 0x00007fbff42a0000, 0x00007fc003270000)
  to   space 245568K,   0% used [0x00007fc003270000, 0x00007fc003270000, 0x00007fc012240000)
 tenured generation   total 4911560K, used 535205K [0x00007fc4d1950000, 0x00007fc5fd5c2000, 0x00007fcf7c400000)
   the space 4911560K,  10% used [0x00007fc4d1950000, 0x00007fc4f23f95b0, 0x00007fc4f23f9600, 0x00007fc5fd5c2000)
 Metaspace       used 23330K, capacity 23702K, committed 23808K, reserved 24576K
}
Event: 144.543 GC heap before
{Heap before GC invocations=43 (full 18):
 def new generation   total 2210240K, used 1870009K [0x00007fbf7c400000, 0x00007fc012240000, 0x00007fc4d1950000)
  eden space 1964672K,  95% used [0x00007fbf7c400000, 0x00007fbfee62e788, 0x00007fbff42a0000)
  from space 245568K,   0% used [0x00007fbff42a0000, 0x00007fbff42a0000, 0x00007fc003270000)
  to   space 245568K,   0% used [0x00007fc003270000, 0x00007fc003270000, 0x00007fc012240000)
 tenured generation   total 4911560K, used 535205K [0x00007fc4d1950000, 0x00007fc5fd5c2000, 0x00007fcf7c400000)
   the space 4911560K,  10% used [0x00007fc4d1950000, 0x00007fc4f23f95b0, 0x00007fc4f23f9600, 0x00007fc5fd5c2000)
 Metaspace       used 23354K, capacity 23702K, committed 23808K, reserved 24576K
}
Event: 144.588 GC heap after
{Heap after GC invocations=44 (full 18):
 def new generation   total 2210240K, used 20370K [0x00007fbf7c400000, 0x00007fc012240000, 0x00007fc4d1950000)
  eden space 1964672K,   0% used [0x00007fbf7c400000, 0x00007fbf7c400000, 0x00007fbff42a0000)
  from space 245568K,   8% used [0x00007fc003270000, 0x00007fc004654940, 0x00007fc012240000)
  to   space 245568K,   0% used [0x00007fbff42a0000, 0x00007fbff42a0000, 0x00007fc003270000)
 tenured generation   total 4911560K, used 535205K [0x00007fc4d1950000, 0x00007fc5fd5c2000, 0x00007fcf7c400000)
   the space 4911560K,  10% used [0x00007fc4d1950000, 0x00007fc4f23f95b0, 0x00007fc4f23f9600, 0x00007fc5fd5c2000)
 Metaspace       used 23354K, capacity 23702K, committed 23808K, reserved 24576K
}
Event: 145.671 GC heap before
{Heap before GC invocations=44 (full 18):
 def new generation   total 2210240K, used 1107639K [0x00007fbf7c400000, 0x00007fc012240000, 0x00007fc4d1950000)
  eden space 1964672K,  55% used [0x00007fbf7c400000, 0x00007fbfbe9c92f8, 0x00007fbff42a0000)
  from space 245568K,   8% used [0x00007fc003270000, 0x00007fc004654940, 0x00007fc012240000)
  to   space 245568K,   0% used [0x00007fbff42a0000, 0x00007fbff42a0000, 0x00007fc003270000)
 tenured generation   total 4911560K, used 535205K [0x00007fc4d1950000, 0x00007fc5fd5c2000, 0x00007fcf7c400000)
   the space 4911560K,  10% used [0x00007fc4d1950000, 0x00007fc4f23f95b0, 0x00007fc4f23f9600, 0x00007fc5fd5c2000)
 Metaspace       used 23354K, capacity 23702K, committed 23808K, reserved 24576K
}
Event: 146.714 GC heap after
{Heap after GC invocations=45 (full 18):
 def new generation   total 2210240K, used 19794K [0x00007fbf7c400000, 0x00007fc012240000, 0x00007fc4d1950000)
  eden space 1964672K,   0% used [0x00007fbf7c400000, 0x00007fbf7c400000, 0x00007fbff42a0000)
  from space 245568K,   8% used [0x00007fbff42a0000, 0x00007fbff55f4988, 0x00007fc003270000)
  to   space 245568K,   0% used [0x00007fc003270000, 0x00007fc003270000, 0x00007fc012240000)
 tenured generation   total 4911560K, used 1583781K [0x00007fc4d1950000, 0x00007fc5fd5c2000, 0x00007fcf7c400000)
   the space 4911560K,  32% used [0x00007fc4d1950000, 0x00007fc5323f95c8, 0x00007fc5323f9600, 0x00007fc5fd5c2000)
 Metaspace       used 23354K, capacity 23702K, committed 23808K, reserved 24576K
}
Event: 148.633 GC heap before
{Heap before GC invocations=45 (full 18):
 def new generation   total 2210240K, used 1631466K [0x00007fbf7c400000, 0x00007fc012240000, 0x00007fc4d1950000)
  eden space 1964672K,  82% used [0x00007fbf7c400000, 0x00007fbfde9e5f80, 0x00007fbff42a0000)
  from space 245568K,   8% used [0x00007fbff42a0000, 0x00007fbff55f4988, 0x00007fc003270000)
  to   space 245568K,   0% used [0x00007fc003270000, 0x00007fc003270000, 0x00007fc012240000)
 tenured generation   total 4911560K, used 1583781K [0x00007fc4d1950000, 0x00007fc5fd5c2000, 0x00007fcf7c400000)
   the space 4911560K,  32% used [0x00007fc4d1950000, 0x00007fc5323f95c8, 0x00007fc5323f9600, 0x00007fc5fd5c2000)
 Metaspace       used 23354K, capacity 23702K, committed 23808K, reserved 24576K
}
Event: 149.306 GC heap after
{Heap after GC invocations=46 (full 18):
 def new generation   total 2210240K, used 19727K [0x00007fbf7c400000, 0x00007fc012240000, 0x00007fc4d1950000)
  eden space 1964672K,   0% used [0x00007fbf7c400000, 0x00007fbf7c400000, 0x00007fbff42a0000)
  from space 245568K,   8% used [0x00007fc003270000, 0x00007fc0045b3fe0, 0x00007fc012240000)
  to   space 245568K,   0% used [0x00007fbff42a0000, 0x00007fbff42a0000, 0x00007fc003270000)
 tenured generation   total 4911560K, used 2108069K [0x00007fc4d1950000, 0x00007fc5fd5c2000, 0x00007fcf7c400000)
   the space 4911560K,  42% used [0x00007fc4d1950000, 0x00007fc5523f95e0, 0x00007fc5523f9600, 0x00007fc5fd5c2000)
 Metaspace       used 23354K, capacity 23702K, committed 23808K, reserved 24576K
}
Event: 153.878 GC heap before
{Heap before GC invocations=46 (full 18):
 def new generation   total 2210240K, used 1631238K [0x00007fbf7c400000, 0x00007fc012240000, 0x00007fc4d1950000)
  eden space 1964672K,  82% used [0x00007fbf7c400000, 0x00007fbfde9bdaf8, 0x00007fbff42a0000)
  from space 245568K,   8% used [0x00007fc003270000, 0x00007fc0045b3fe0, 0x00007fc012240000)
  to   space 245568K,   0% used [0x00007fbff42a0000, 0x00007fbff42a0000, 0x00007fc003270000)
 tenured generation   total 4911560K, used 4205221K [0x00007fc4d1950000, 0x00007fc5fd5c2000, 0x00007fcf7c400000)
   the space 4911560K,  85% used [0x00007fc4d1950000, 0x00007fc5d23f95f8, 0x00007fc5d23f9600, 0x00007fc5fd5c2000)
 Metaspace       used 23354K, capacity 23702K, committed 23808K, reserved 24576K
}

