# JRE version: OpenJDK Runtime Environment (13.0.7+5) (build 13.0.7+5-Ubuntu-0ubuntu120.04)
# Java VM: OpenJDK 64-Bit Server VM (13.0.7+5-Ubuntu-0ubuntu120.04, mixed mode, tiered, compressed oops, serial gc, linux-amd64)
Heap:
 def new generation   total 2268928K, used 0K [0x0000000080200000, 0x0000000119ff0000, 0x0000000300150000)
  eden space 2016832K,   0% used [0x0000000080200000, 0x0000000080200000, 0x00000000fb390000)
  from space 252096K,   0% used [0x000000010a9c0000, 0x000000010a9c0000, 0x0000000119ff0000)
  to   space 252096K,   0% used [0x00000000fb390000, 0x00000000fb390000, 0x000000010a9c0000)
 tenured generation   total 5044492K, used 3409874K [0x0000000300150000, 0x0000000433f93000, 0x0000000800000000)
   the space 5044492K,  67% used [0x0000000300150000, 0x00000003d0344a08, 0x00000003d0344c00, 0x0000000433f93000)
 Metaspace       used 23370K, capacity 23895K, committed 24192K, reserved 1071104K
  class space    used 2388K, capacity 2585K, committed 2688K, reserved 1048576K
GC Heap History (20 events):
Event: 41078.149 GC heap after
{Heap after GC invocations=36125 (full 40):
 def new generation   total 2268928K, used 37833K [0x0000000080200000, 0x0000000119ff0000, 0x0000000300150000)
  eden space 2016832K,   0% used [0x0000000080200000, 0x0000000080200000, 0x00000000fb390000)
  from space 252096K,  15% used [0x00000000fb390000, 0x00000000fd882510, 0x000000010a9c0000)
  to   space 252096K,   0% used [0x000000010a9c0000, 0x000000010a9c0000, 0x0000000119ff0000)
 tenured generation   total 5041912K, used 5022031K [0x0000000300150000, 0x0000000433d0e000, 0x0000000800000000)
   the space 5041912K,  99% used [0x0000000300150000, 0x00000004329a3f90, 0x00000004329a4000, 0x0000000433d0e000)
 Metaspace       used 23370K, capacity 23895K, committed 24192K, reserved 1071104K
  class space    used 2388K, capacity 2585K, committed 2688K, reserved 1048576K
}
Event: 41080.262 GC heap before
{Heap before GC invocations=36125 (full 40):
 def new generation   total 2268928K, used 2049143K [0x0000000080200000, 0x0000000119ff0000, 0x0000000300150000)
  eden space 2016832K,  99% used [0x0000000080200000, 0x00000000fae2ba40, 0x00000000fb390000)
  from space 252096K,  15% used [0x00000000fb390000, 0x00000000fd882510, 0x000000010a9c0000)
  to   space 252096K,   0% used [0x000000010a9c0000, 0x000000010a9c0000, 0x0000000119ff0000)
 tenured generation   total 5041912K, used 5022031K [0x0000000300150000, 0x0000000433d0e000, 0x0000000800000000)
   the space 5041912K,  99% used [0x0000000300150000, 0x00000004329a3f90, 0x00000004329a4000, 0x0000000433d0e000)
 Metaspace       used 23370K, capacity 23895K, committed 24192K, reserved 1071104K
  class space    used 2388K, capacity 2585K, committed 2688K, reserved 1048576K
}
Event: 41080.291 GC heap after
{Heap after GC invocations=36126 (full 40):
 def new generation   total 2268928K, used 37321K [0x0000000080200000, 0x0000000119ff0000, 0x0000000300150000)
  eden space 2016832K,   0% used [0x0000000080200000, 0x0000000080200000, 0x00000000fb390000)
  from space 252096K,  14% used [0x000000010a9c0000, 0x000000010ce32600, 0x0000000119ff0000)
  to   space 252096K,   0% used [0x00000000fb390000, 0x00000000fb390000, 0x000000010a9c0000)
 tenured generation   total 5041912K, used 5024621K [0x0000000300150000, 0x0000000433d0e000, 0x0000000800000000)
   the space 5041912K,  99% used [0x0000000300150000, 0x0000000432c2b728, 0x0000000432c2b800, 0x0000000433d0e000)
 Metaspace       used 23370K, capacity 23895K, committed 24192K, reserved 1071104K
  class space    used 2388K, capacity 2585K, committed 2688K, reserved 1048576K
}
Event: 41082.372 GC heap before
{Heap before GC invocations=36126 (full 40):
 def new generation   total 2268928K, used 2054153K [0x0000000080200000, 0x0000000119ff0000, 0x0000000300150000)
  eden space 2016832K, 100% used [0x0000000080200000, 0x00000000fb390000, 0x00000000fb390000)
  from space 252096K,  14% used [0x000000010a9c0000, 0x000000010ce32600, 0x0000000119ff0000)
  to   space 252096K,   0% used [0x00000000fb390000, 0x00000000fb390000, 0x000000010a9c0000)
 tenured generation   total 5041912K, used 5024621K [0x0000000300150000, 0x0000000433d0e000, 0x0000000800000000)
   the space 5041912K,  99% used [0x0000000300150000, 0x0000000432c2b728, 0x0000000432c2b800, 0x0000000433d0e000)
 Metaspace       used 23370K, capacity 23895K, committed 24192K, reserved 1071104K
  class space    used 2388K, capacity 2585K, committed 2688K, reserved 1048576K
}
Event: 41082.406 GC heap after
{Heap after GC invocations=36127 (full 40):
 def new generation   total 2268928K, used 39913K [0x0000000080200000, 0x0000000119ff0000, 0x0000000300150000)
  eden space 2016832K,   0% used [0x0000000080200000, 0x0000000080200000, 0x00000000fb390000)
  from space 252096K,  15% used [0x00000000fb390000, 0x00000000fda8a7c0, 0x000000010a9c0000)
  to   space 252096K,   0% used [0x000000010a9c0000, 0x000000010a9c0000, 0x0000000119ff0000)
 tenured generation   total 5041912K, used 5027209K [0x0000000300150000, 0x0000000433d0e000, 0x0000000800000000)
   the space 5041912K,  99% used [0x0000000300150000, 0x0000000432eb25f8, 0x0000000432eb2600, 0x0000000433d0e000)
 Metaspace       used 23370K, capacity 23895K, committed 24192K, reserved 1071104K
  class space    used 2388K, capacity 2585K, committed 2688K, reserved 1048576K
}
Event: 41084.534 GC heap before
{Heap before GC invocations=36127 (full 40):
 def new generation   total 2268928K, used 2056745K [0x0000000080200000, 0x0000000119ff0000, 0x0000000300150000)
  eden space 2016832K, 100% used [0x0000000080200000, 0x00000000fb390000, 0x00000000fb390000)
  from space 252096K,  15% used [0x00000000fb390000, 0x00000000fda8a7c0, 0x000000010a9c0000)
  to   space 252096K,   0% used [0x000000010a9c0000, 0x000000010a9c0000, 0x0000000119ff0000)
 tenured generation   total 5041912K, used 5027209K [0x0000000300150000, 0x0000000433d0e000, 0x0000000800000000)
   the space 5041912K,  99% used [0x0000000300150000, 0x0000000432eb25f8, 0x0000000432eb2600, 0x0000000433d0e000)
 Metaspace       used 23370K, capacity 23895K, committed 24192K, reserved 1071104K
  class space    used 2388K, capacity 2585K, committed 2688K, reserved 1048576K
}
Event: 41084.565 GC heap after
{Heap after GC invocations=36128 (full 40):
 def new generation   total 2268928K, used 37321K [0x0000000080200000, 0x0000000119ff0000, 0x0000000300150000)
  eden space 2016832K,   0% used [0x0000000080200000, 0x0000000080200000, 0x00000000fb390000)
  from space 252096K,  14% used [0x000000010a9c0000, 0x000000010ce32678, 0x0000000119ff0000)
  to   space 252096K,   0% used [0x00000000fb390000, 0x00000000fb390000, 0x000000010a9c0000)
 tenured generation   total 5041912K, used 5029799K [0x0000000300150000, 0x0000000433d0e000, 0x0000000800000000)
   the space 5041912K,  99% used [0x0000000300150000, 0x0000000433139e60, 0x000000043313a000, 0x0000000433d0e000)
 Metaspace       used 23370K, capacity 23895K, committed 24192K, reserved 1071104K
  class space    used 2388K, capacity 2585K, committed 2688K, reserved 1048576K
}
Event: 41086.660 GC heap before
{Heap before GC invocations=36128 (full 40):
 def new generation   total 2268928K, used 2053553K [0x0000000080200000, 0x0000000119ff0000, 0x0000000300150000)
  eden space 2016832K,  99% used [0x0000000080200000, 0x00000000fb2fa120, 0x00000000fb390000)
  from space 252096K,  14% used [0x000000010a9c0000, 0x000000010ce32678, 0x0000000119ff0000)
  to   space 252096K,   0% used [0x00000000fb390000, 0x00000000fb390000, 0x000000010a9c0000)
 tenured generation   total 5041912K, used 5029799K [0x0000000300150000, 0x0000000433d0e000, 0x0000000800000000)
   the space 5041912K,  99% used [0x0000000300150000, 0x0000000433139e60, 0x000000043313a000, 0x0000000433d0e000)
 Metaspace       used 23370K, capacity 23895K, committed 24192K, reserved 1071104K
  class space    used 2388K, capacity 2585K, committed 2688K, reserved 1048576K
}
Event: 41086.686 GC heap after
{Heap after GC invocations=36129 (full 40):
 def new generation   total 2268928K, used 37833K [0x0000000080200000, 0x0000000119ff0000, 0x0000000300150000)
  eden space 2016832K,   0% used [0x0000000080200000, 0x0000000080200000, 0x00000000fb390000)
  from space 252096K,  15% used [0x00000000fb390000, 0x00000000fd8826c8, 0x000000010a9c0000)
  to   space 252096K,   0% used [0x000000010a9c0000, 0x000000010a9c0000, 0x0000000119ff0000)
 tenured generation   total 5041912K, used 5031877K [0x0000000300150000, 0x0000000433d0e000, 0x0000000800000000)
   the space 5041912K,  99% used [0x0000000300150000, 0x0000000433341678, 0x0000000433341800, 0x0000000433d0e000)
 Metaspace       used 23370K, capacity 23895K, committed 24192K, reserved 1071104K
  class space    used 2388K, capacity 2585K, committed 2688K, reserved 1048576K
}
Event: 41088.825 GC heap before
{Heap before GC invocations=36129 (full 40):
 def new generation   total 2268928K, used 2049996K [0x0000000080200000, 0x0000000119ff0000, 0x0000000300150000)
  eden space 2016832K,  99% used [0x0000000080200000, 0x00000000faf00968, 0x00000000fb390000)
  from space 252096K,  15% used [0x00000000fb390000, 0x00000000fd8826c8, 0x000000010a9c0000)
  to   space 252096K,   0% used [0x000000010a9c0000, 0x000000010a9c0000, 0x0000000119ff0000)
 tenured generation   total 5041912K, used 5031877K [0x0000000300150000, 0x0000000433d0e000, 0x0000000800000000)
   the space 5041912K,  99% used [0x0000000300150000, 0x0000000433341678, 0x0000000433341800, 0x0000000433d0e000)
 Metaspace       used 23370K, capacity 23895K, committed 24192K, reserved 1071104K
  class space    used 2388K, capacity 2585K, committed 2688K, reserved 1048576K
}
Event: 41088.852 GC heap after
{Heap after GC invocations=36130 (full 40):
 def new generation   total 2268928K, used 37321K [0x0000000080200000, 0x0000000119ff0000, 0x0000000300150000)
  eden space 2016832K,   0% used [0x0000000080200000, 0x0000000080200000, 0x00000000fb390000)
  from space 252096K,  14% used [0x000000010a9c0000, 0x000000010ce32600, 0x0000000119ff0000)
  to   space 252096K,   0% used [0x00000000fb390000, 0x00000000fb390000, 0x000000010a9c0000)
 tenured generation   total 5041912K, used 5034467K [0x0000000300150000, 0x0000000433d0e000, 0x0000000800000000)
   the space 5041912K,  99% used [0x0000000300150000, 0x00000004335c8fc8, 0x00000004335c9000, 0x0000000433d0e000)
 Metaspace       used 23370K, capacity 23895K, committed 24192K, reserved 1071104K
  class space    used 2388K, capacity 2585K, committed 2688K, reserved 1048576K
}
Event: 41090.951 GC heap before
{Heap before GC invocations=36130 (full 40):
 def new generation   total 2268928K, used 2054153K [0x0000000080200000, 0x0000000119ff0000, 0x0000000300150000)
  eden space 2016832K, 100% used [0x0000000080200000, 0x00000000fb390000, 0x00000000fb390000)
  from space 252096K,  14% used [0x000000010a9c0000, 0x000000010ce32600, 0x0000000119ff0000)
  to   space 252096K,   0% used [0x00000000fb390000, 0x00000000fb390000, 0x000000010a9c0000)
 tenured generation   total 5041912K, used 5034467K [0x0000000300150000, 0x0000000433d0e000, 0x0000000800000000)
   the space 5041912K,  99% used [0x0000000300150000, 0x00000004335c8fc8, 0x00000004335c9000, 0x0000000433d0e000)
 Metaspace       used 23370K, capacity 23895K, committed 24192K, reserved 1071104K
  class space    used 2388K, capacity 2585K, committed 2688K, reserved 1048576K
}
Event: 41090.985 GC heap after
{Heap after GC invocations=36131 (full 40):
 def new generation   total 2268928K, used 39913K [0x0000000080200000, 0x0000000119ff0000, 0x0000000300150000)
  eden space 2016832K,   0% used [0x0000000080200000, 0x0000000080200000, 0x00000000fb390000)
  from space 252096K,  15% used [0x00000000fb390000, 0x00000000fda8a7c0, 0x000000010a9c0000)
  to   space 252096K,   0% used [0x000000010a9c0000, 0x000000010a9c0000, 0x0000000119ff0000)
 tenured generation   total 5041912K, used 5037055K [0x0000000300150000, 0x0000000433d0e000, 0x0000000800000000)
   the space 5041912K,  99% used [0x0000000300150000, 0x000000043384fe98, 0x0000000433850000, 0x0000000433d0e000)
 Metaspace       used 23370K, capacity 23895K, committed 24192K, reserved 1071104K
  class space    used 2388K, capacity 2585K, committed 2688K, reserved 1048576K
}
Event: 41093.117 GC heap before
{Heap before GC invocations=36131 (full 40):
 def new generation   total 2268928K, used 2056745K [0x0000000080200000, 0x0000000119ff0000, 0x0000000300150000)
  eden space 2016832K, 100% used [0x0000000080200000, 0x00000000fb390000, 0x00000000fb390000)
  from space 252096K,  15% used [0x00000000fb390000, 0x00000000fda8a7c0, 0x000000010a9c0000)
  to   space 252096K,   0% used [0x000000010a9c0000, 0x000000010a9c0000, 0x0000000119ff0000)
 tenured generation   total 5041912K, used 5037055K [0x0000000300150000, 0x0000000433d0e000, 0x0000000800000000)
   the space 5041912K,  99% used [0x0000000300150000, 0x000000043384fe98, 0x0000000433850000, 0x0000000433d0e000)
 Metaspace       used 23370K, capacity 23895K, committed 24192K, reserved 1071104K
  class space    used 2388K, capacity 2585K, committed 2688K, reserved 1048576K
}
Event: 41093.145 GC heap after
{Heap after GC invocations=36132 (full 40):
 def new generation   total 2268928K, used 37321K [0x0000000080200000, 0x0000000119ff0000, 0x0000000300150000)
  eden space 2016832K,   0% used [0x0000000080200000, 0x0000000080200000, 0x00000000fb390000)
  from space 252096K,  14% used [0x000000010a9c0000, 0x000000010ce32678, 0x0000000119ff0000)
  to   space 252096K,   0% used [0x00000000fb390000, 0x00000000fb390000, 0x000000010a9c0000)
 tenured generation   total 5041912K, used 5039645K [0x0000000300150000, 0x0000000433d0e000, 0x0000000800000000)
   the space 5041912K,  99% used [0x0000000300150000, 0x0000000433ad7700, 0x0000000433ad7800, 0x0000000433d0e000)
 Metaspace       used 23370K, capacity 23895K, committed 24192K, reserved 1071104K
  class space    used 2388K, capacity 2585K, committed 2688K, reserved 1048576K
}
Event: 41095.226 GC heap before
{Heap before GC invocations=36132 (full 40):
 def new generation   total 2268928K, used 2054153K [0x0000000080200000, 0x0000000119ff0000, 0x0000000300150000)
  eden space 2016832K, 100% used [0x0000000080200000, 0x00000000fb390000, 0x00000000fb390000)
  from space 252096K,  14% used [0x000000010a9c0000, 0x000000010ce32678, 0x0000000119ff0000)
  to   space 252096K,   0% used [0x00000000fb390000, 0x00000000fb390000, 0x000000010a9c0000)
 tenured generation   total 5041912K, used 5039645K [0x0000000300150000, 0x0000000433d0e000, 0x0000000800000000)
   the space 5041912K,  99% used [0x0000000300150000, 0x0000000433ad7700, 0x0000000433ad7800, 0x0000000433d0e000)
 Metaspace       used 23370K, capacity 23895K, committed 24192K, reserved 1071104K
  class space    used 2388K, capacity 2585K, committed 2688K, reserved 1048576K
}
Event: 41095.257 GC heap after
{Heap after GC invocations=36133 (full 40):
 def new generation   total 2268928K, used 37833K [0x0000000080200000, 0x0000000119ff0000, 0x0000000300150000)
  eden space 2016832K,   0% used [0x0000000080200000, 0x0000000080200000, 0x00000000fb390000)
  from space 252096K,  15% used [0x00000000fb390000, 0x00000000fd8826c8, 0x000000010a9c0000)
  to   space 252096K,   0% used [0x000000010a9c0000, 0x000000010a9c0000, 0x0000000119ff0000)
 tenured generation   total 5041912K, used 5041723K [0x0000000300150000, 0x0000000433d0e000, 0x0000000800000000)
   the space 5041912K,  99% used [0x0000000300150000, 0x0000000433cdef18, 0x0000000433cdf000, 0x0000000433d0e000)
 Metaspace       used 23370K, capacity 23895K, committed 24192K, reserved 1071104K
  class space    used 2388K, capacity 2585K, committed 2688K, reserved 1048576K
}
Event: 41097.359 GC heap before
{Heap before GC invocations=36133 (full 40):
 def new generation   total 2268928K, used 2053081K [0x0000000080200000, 0x0000000119ff0000, 0x0000000300150000)
  eden space 2016832K,  99% used [0x0000000080200000, 0x00000000fb204130, 0x00000000fb390000)
  from space 252096K,  15% used [0x00000000fb390000, 0x00000000fd8826c8, 0x000000010a9c0000)
  to   space 252096K,   0% used [0x000000010a9c0000, 0x000000010a9c0000, 0x0000000119ff0000)
 tenured generation   total 5041912K, used 5041723K [0x0000000300150000, 0x0000000433d0e000, 0x0000000800000000)
   the space 5041912K,  99% used [0x0000000300150000, 0x0000000433cdef18, 0x0000000433cdf000, 0x0000000433d0e000)
 Metaspace       used 23370K, capacity 23895K, committed 24192K, reserved 1071104K
  class space    used 2388K, capacity 2585K, committed 2688K, reserved 1048576K
}
Event: 41097.398 GC heap after
{Heap after GC invocations=36134 (full 40):
 def new generation   total 2268928K, used 37321K [0x0000000080200000, 0x0000000119ff0000, 0x0000000300150000)
  eden space 2016832K,   0% used [0x0000000080200000, 0x0000000080200000, 0x00000000fb390000)
  from space 252096K,  14% used [0x000000010a9c0000, 0x000000010ce32600, 0x0000000119ff0000)
  to   space 252096K,   0% used [0x00000000fb390000, 0x00000000fb390000, 0x000000010a9c0000)
 tenured generation   total 5044492K, used 5044314K [0x0000000300150000, 0x0000000433f93000, 0x0000000800000000)
   the space 5044492K,  99% used [0x0000000300150000, 0x0000000433f66868, 0x0000000433f66a00, 0x0000000433f93000)
 Metaspace       used 23370K, capacity 23895K, committed 24192K, reserved 1071104K
  class space    used 2388K, capacity 2585K, committed 2688K, reserved 1048576K
}
Event: 41097.398 GC heap before
{Heap before GC invocations=36134 (full 40):
 def new generation   total 2268928K, used 37321K [0x0000000080200000, 0x0000000119ff0000, 0x0000000300150000)
  eden space 2016832K,   0% used [0x0000000080200000, 0x0000000080200000, 0x00000000fb390000)
  from space 252096K,  14% used [0x000000010a9c0000, 0x000000010ce32600, 0x0000000119ff0000)
  to   space 252096K,   0% used [0x00000000fb390000, 0x00000000fb390000, 0x000000010a9c0000)
 tenured generation   total 5044492K, used 5044314K [0x0000000300150000, 0x0000000433f93000, 0x0000000800000000)
   the space 5044492K,  99% used [0x0000000300150000, 0x0000000433f66868, 0x0000000433f66a00, 0x0000000433f93000)
 Metaspace       used 23370K, capacity 23895K, committed 24192K, reserved 1071104K
  class space    used 2388K, capacity 2585K, committed 2688K, reserved 1048576K
}

