# JRE version: OpenJDK Runtime Environment (13.0.7+5) (build 13.0.7+5-Ubuntu-0ubuntu120.04)
# Java VM: OpenJDK 64-Bit Server VM (13.0.7+5-Ubuntu-0ubuntu120.04, mixed mode, tiered, serial gc, linux-amd64)
Heap:
 def new generation   total 3242880K, used 0K [0x00007fb230600000, 0x00007fb30c4c0000, 0x00007fb785b50000)
  eden space 2882560K,   0% used [0x00007fb230600000, 0x00007fb230600000, 0x00007fb2e0500000)
  from space 360320K,   0% used [0x00007fb2e0500000, 0x00007fb2e0500000, 0x00007fb2f64e0000)
  to   space 360320K,   0% used [0x00007fb2f64e0000, 0x00007fb2f64e0000, 0x00007fb30c4c0000)
 tenured generation   total 7246256K, used 6690150K [0x00007fb785b50000, 0x00007fb93ffbc000, 0x00007fc230600000)
   the space 7246256K,  92% used [0x00007fb785b50000, 0x00007fb91e0a98d0, 0x00007fb91e0a9a00, 0x00007fb93ffbc000)
 Metaspace       used 30885K, capacity 31259K, committed 31488K, reserved 32768K
GC Heap History (20 events):
Event: 660.681 GC heap after
{Heap after GC invocations=244 (full 83):
 def new generation   total 3242880K, used 263236K [0x00007fb230600000, 0x00007fb30c4c0000, 0x00007fb785b50000)
  eden space 2882560K,   0% used [0x00007fb230600000, 0x00007fb230600000, 0x00007fb2e0500000)
  from space 360320K,  73% used [0x00007fb2f64e0000, 0x00007fb3065f1068, 0x00007fb30c4c0000)
  to   space 360320K,   0% used [0x00007fb2e0500000, 0x00007fb2e0500000, 0x00007fb2f64e0000)
 tenured generation   total 7206320K, used 4287005K [0x00007fb785b50000, 0x00007fb93d8bc000, 0x00007fc230600000)
   the space 7206320K,  59% used [0x00007fb785b50000, 0x00007fb88b5d7520, 0x00007fb88b5d7600, 0x00007fb93d8bc000)
 Metaspace       used 30885K, capacity 31259K, committed 31488K, reserved 32768K
}
Event: 661.340 GC heap before
{Heap before GC invocations=244 (full 83):
 def new generation   total 3242880K, used 3145796K [0x00007fb230600000, 0x00007fb30c4c0000, 0x00007fb785b50000)
  eden space 2882560K, 100% used [0x00007fb230600000, 0x00007fb2e0500000, 0x00007fb2e0500000)
  from space 360320K,  73% used [0x00007fb2f64e0000, 0x00007fb3065f1068, 0x00007fb30c4c0000)
  to   space 360320K,   0% used [0x00007fb2e0500000, 0x00007fb2e0500000, 0x00007fb2f64e0000)
 tenured generation   total 7206320K, used 4287005K [0x00007fb785b50000, 0x00007fb93d8bc000, 0x00007fc230600000)
   the space 7206320K,  59% used [0x00007fb785b50000, 0x00007fb88b5d7520, 0x00007fb88b5d7600, 0x00007fb93d8bc000)
 Metaspace       used 30885K, capacity 31259K, committed 31488K, reserved 32768K
}
Event: 662.048 GC heap after
{Heap after GC invocations=245 (full 83):
 def new generation   total 3242880K, used 301906K [0x00007fb230600000, 0x00007fb30c4c0000, 0x00007fb785b50000)
  eden space 2882560K,   0% used [0x00007fb230600000, 0x00007fb230600000, 0x00007fb2e0500000)
  from space 360320K,  83% used [0x00007fb2e0500000, 0x00007fb2f2bd4b50, 0x00007fb2f64e0000)
  to   space 360320K,   0% used [0x00007fb2f64e0000, 0x00007fb2f64e0000, 0x00007fb30c4c0000)
 tenured generation   total 7206320K, used 4550240K [0x00007fb785b50000, 0x00007fb93d8bc000, 0x00007fc230600000)
   the space 7206320K,  63% used [0x00007fb785b50000, 0x00007fb89b6e8238, 0x00007fb89b6e8400, 0x00007fb93d8bc000)
 Metaspace       used 30885K, capacity 31259K, committed 31488K, reserved 32768K
}
Event: 662.700 GC heap before
{Heap before GC invocations=245 (full 83):
 def new generation   total 3242880K, used 3184466K [0x00007fb230600000, 0x00007fb30c4c0000, 0x00007fb785b50000)
  eden space 2882560K, 100% used [0x00007fb230600000, 0x00007fb2e0500000, 0x00007fb2e0500000)
  from space 360320K,  83% used [0x00007fb2e0500000, 0x00007fb2f2bd4b50, 0x00007fb2f64e0000)
  to   space 360320K,   0% used [0x00007fb2f64e0000, 0x00007fb2f64e0000, 0x00007fb30c4c0000)
 tenured generation   total 7206320K, used 4550240K [0x00007fb785b50000, 0x00007fb93d8bc000, 0x00007fc230600000)
   the space 7206320K,  63% used [0x00007fb785b50000, 0x00007fb89b6e8238, 0x00007fb89b6e8400, 0x00007fb93d8bc000)
 Metaspace       used 30885K, capacity 31259K, committed 31488K, reserved 32768K
}
Event: 663.401 GC heap after
{Heap after GC invocations=246 (full 83):
 def new generation   total 3242880K, used 286717K [0x00007fb230600000, 0x00007fb30c4c0000, 0x00007fb785b50000)
  eden space 2882560K,   0% used [0x00007fb230600000, 0x00007fb230600000, 0x00007fb2e0500000)
  from space 360320K,  79% used [0x00007fb2f64e0000, 0x00007fb307cdf4a0, 0x00007fb30c4c0000)
  to   space 360320K,   0% used [0x00007fb2e0500000, 0x00007fb2e0500000, 0x00007fb2f64e0000)
 tenured generation   total 7206320K, used 4852146K [0x00007fb785b50000, 0x00007fb93d8bc000, 0x00007fc230600000)
   the space 7206320K,  67% used [0x00007fb785b50000, 0x00007fb8addbcac8, 0x00007fb8addbcc00, 0x00007fb93d8bc000)
 Metaspace       used 30885K, capacity 31259K, committed 31488K, reserved 32768K
}
Event: 664.052 GC heap before
{Heap before GC invocations=246 (full 83):
 def new generation   total 3242880K, used 3169277K [0x00007fb230600000, 0x00007fb30c4c0000, 0x00007fb785b50000)
  eden space 2882560K, 100% used [0x00007fb230600000, 0x00007fb2e0500000, 0x00007fb2e0500000)
  from space 360320K,  79% used [0x00007fb2f64e0000, 0x00007fb307cdf4a0, 0x00007fb30c4c0000)
  to   space 360320K,   0% used [0x00007fb2e0500000, 0x00007fb2e0500000, 0x00007fb2f64e0000)
 tenured generation   total 7206320K, used 4852146K [0x00007fb785b50000, 0x00007fb93d8bc000, 0x00007fc230600000)
   the space 7206320K,  67% used [0x00007fb785b50000, 0x00007fb8addbcac8, 0x00007fb8addbcc00, 0x00007fb93d8bc000)
 Metaspace       used 30885K, capacity 31259K, committed 31488K, reserved 32768K
}
Event: 664.770 GC heap after
{Heap after GC invocations=247 (full 83):
 def new generation   total 3242880K, used 299297K [0x00007fb230600000, 0x00007fb30c4c0000, 0x00007fb785b50000)
  eden space 2882560K,   0% used [0x00007fb230600000, 0x00007fb230600000, 0x00007fb2e0500000)
  from space 360320K,  83% used [0x00007fb2e0500000, 0x00007fb2f29487d8, 0x00007fb2f64e0000)
  to   space 360320K,   0% used [0x00007fb2f64e0000, 0x00007fb2f64e0000, 0x00007fb30c4c0000)
 tenured generation   total 7206320K, used 5138863K [0x00007fb785b50000, 0x00007fb93d8bc000, 0x00007fc230600000)
   the space 7206320K,  71% used [0x00007fb785b50000, 0x00007fb8bf5bbef8, 0x00007fb8bf5bc000, 0x00007fb93d8bc000)
 Metaspace       used 30885K, capacity 31259K, committed 31488K, reserved 32768K
}
Event: 665.417 GC heap before
{Heap before GC invocations=247 (full 83):
 def new generation   total 3242880K, used 3181857K [0x00007fb230600000, 0x00007fb30c4c0000, 0x00007fb785b50000)
  eden space 2882560K, 100% used [0x00007fb230600000, 0x00007fb2e0500000, 0x00007fb2e0500000)
  from space 360320K,  83% used [0x00007fb2e0500000, 0x00007fb2f29487d8, 0x00007fb2f64e0000)
  to   space 360320K,   0% used [0x00007fb2f64e0000, 0x00007fb2f64e0000, 0x00007fb30c4c0000)
 tenured generation   total 7206320K, used 5138863K [0x00007fb785b50000, 0x00007fb93d8bc000, 0x00007fc230600000)
   the space 7206320K,  71% used [0x00007fb785b50000, 0x00007fb8bf5bbef8, 0x00007fb8bf5bc000, 0x00007fb93d8bc000)
 Metaspace       used 30885K, capacity 31259K, committed 31488K, reserved 32768K
}
Event: 666.106 GC heap after
{Heap after GC invocations=248 (full 83):
 def new generation   total 3242880K, used 282097K [0x00007fb230600000, 0x00007fb30c4c0000, 0x00007fb785b50000)
  eden space 2882560K,   0% used [0x00007fb230600000, 0x00007fb230600000, 0x00007fb2e0500000)
  from space 360320K,  78% used [0x00007fb2f64e0000, 0x00007fb30785c7d8, 0x00007fb30c4c0000)
  to   space 360320K,   0% used [0x00007fb2e0500000, 0x00007fb2e0500000, 0x00007fb2f64e0000)
 tenured generation   total 7206320K, used 5438161K [0x00007fb785b50000, 0x00007fb93d8bc000, 0x00007fc230600000)
   the space 7206320K,  75% used [0x00007fb785b50000, 0x00007fb8d1a046b0, 0x00007fb8d1a04800, 0x00007fb93d8bc000)
 Metaspace       used 30885K, capacity 31259K, committed 31488K, reserved 32768K
}
Event: 666.790 GC heap before
{Heap before GC invocations=248 (full 83):
 def new generation   total 3242880K, used 3164657K [0x00007fb230600000, 0x00007fb30c4c0000, 0x00007fb785b50000)
  eden space 2882560K, 100% used [0x00007fb230600000, 0x00007fb2e0500000, 0x00007fb2e0500000)
  from space 360320K,  78% used [0x00007fb2f64e0000, 0x00007fb30785c7d8, 0x00007fb30c4c0000)
  to   space 360320K,   0% used [0x00007fb2e0500000, 0x00007fb2e0500000, 0x00007fb2f64e0000)
 tenured generation   total 7206320K, used 5438161K [0x00007fb785b50000, 0x00007fb93d8bc000, 0x00007fc230600000)
   the space 7206320K,  75% used [0x00007fb785b50000, 0x00007fb8d1a046b0, 0x00007fb8d1a04800, 0x00007fb93d8bc000)
 Metaspace       used 30885K, capacity 31259K, committed 31488K, reserved 32768K
}
Event: 667.637 GC heap after
{Heap after GC invocations=249 (full 83):
 def new generation   total 3242880K, used 360320K [0x00007fb230600000, 0x00007fb30c4c0000, 0x00007fb785b50000)
  eden space 2882560K,   0% used [0x00007fb230600000, 0x00007fb230600000, 0x00007fb2e0500000)
  from space 360320K, 100% used [0x00007fb2e0500000, 0x00007fb2f64e0000, 0x00007fb2f64e0000)
  to   space 360320K,   0% used [0x00007fb2f64e0000, 0x00007fb2f64e0000, 0x00007fb30c4c0000)
 tenured generation   total 7206320K, used 5736857K [0x00007fb785b50000, 0x00007fb93d8bc000, 0x00007fc230600000)
   the space 7206320K,  79% used [0x00007fb785b50000, 0x00007fb8e3db6768, 0x00007fb8e3db6800, 0x00007fb93d8bc000)
 Metaspace       used 30885K, capacity 31259K, committed 31488K, reserved 32768K
}
Event: 668.322 GC heap before
{Heap before GC invocations=249 (full 83):
 def new generation   total 3242880K, used 3242880K [0x00007fb230600000, 0x00007fb30c4c0000, 0x00007fb785b50000)
  eden space 2882560K, 100% used [0x00007fb230600000, 0x00007fb2e0500000, 0x00007fb2e0500000)
  from space 360320K, 100% used [0x00007fb2e0500000, 0x00007fb2f64e0000, 0x00007fb2f64e0000)
  to   space 360320K,   0% used [0x00007fb2f64e0000, 0x00007fb2f64e0000, 0x00007fb30c4c0000)
 tenured generation   total 7206320K, used 5736857K [0x00007fb785b50000, 0x00007fb93d8bc000, 0x00007fc230600000)
   the space 7206320K,  79% used [0x00007fb785b50000, 0x00007fb8e3db6768, 0x00007fb8e3db6800, 0x00007fb93d8bc000)
 Metaspace       used 30885K, capacity 31259K, committed 31488K, reserved 32768K
}
Event: 669.184 GC heap after
{Heap after GC invocations=250 (full 83):
 def new generation   total 3242880K, used 356659K [0x00007fb230600000, 0x00007fb30c4c0000, 0x00007fb785b50000)
  eden space 2882560K,   0% used [0x00007fb230600000, 0x00007fb230600000, 0x00007fb2e0500000)
  from space 360320K,  98% used [0x00007fb2f64e0000, 0x00007fb30c12cfd8, 0x00007fb30c4c0000)
  to   space 360320K,   0% used [0x00007fb2e0500000, 0x00007fb2e0500000, 0x00007fb2f64e0000)
 tenured generation   total 7206320K, used 6097177K [0x00007fb785b50000, 0x00007fb93d8bc000, 0x00007fc230600000)
   the space 7206320K,  84% used [0x00007fb785b50000, 0x00007fb8f9d96578, 0x00007fb8f9d96600, 0x00007fb93d8bc000)
 Metaspace       used 30885K, capacity 31259K, committed 31488K, reserved 32768K
}
Event: 669.878 GC heap before
{Heap before GC invocations=250 (full 83):
 def new generation   total 3242880K, used 3239219K [0x00007fb230600000, 0x00007fb30c4c0000, 0x00007fb785b50000)
  eden space 2882560K, 100% used [0x00007fb230600000, 0x00007fb2e0500000, 0x00007fb2e0500000)
  from space 360320K,  98% used [0x00007fb2f64e0000, 0x00007fb30c12cfd8, 0x00007fb30c4c0000)
  to   space 360320K,   0% used [0x00007fb2e0500000, 0x00007fb2e0500000, 0x00007fb2f64e0000)
 tenured generation   total 7206320K, used 6097177K [0x00007fb785b50000, 0x00007fb93d8bc000, 0x00007fc230600000)
   the space 7206320K,  84% used [0x00007fb785b50000, 0x00007fb8f9d96578, 0x00007fb8f9d96600, 0x00007fb93d8bc000)
 Metaspace       used 30885K, capacity 31259K, committed 31488K, reserved 32768K
}
Event: 670.758 GC heap after
{Heap after GC invocations=251 (full 83):
 def new generation   total 3242880K, used 360320K [0x00007fb230600000, 0x00007fb30c4c0000, 0x00007fb785b50000)
  eden space 2882560K,   0% used [0x00007fb230600000, 0x00007fb230600000, 0x00007fb2e0500000)
  from space 360320K, 100% used [0x00007fb2e0500000, 0x00007fb2f64e0000, 0x00007fb2f64e0000)
  to   space 360320K,   0% used [0x00007fb2f64e0000, 0x00007fb2f64e0000, 0x00007fb30c4c0000)
 tenured generation   total 7206320K, used 6460116K [0x00007fb785b50000, 0x00007fb93d8bc000, 0x00007fc230600000)
   the space 7206320K,  89% used [0x00007fb785b50000, 0x00007fb9100053d0, 0x00007fb910005400, 0x00007fb93d8bc000)
 Metaspace       used 30885K, capacity 31259K, committed 31488K, reserved 32768K
}
Event: 671.425 GC heap before
{Heap before GC invocations=251 (full 83):
 def new generation   total 3242880K, used 3242880K [0x00007fb230600000, 0x00007fb30c4c0000, 0x00007fb785b50000)
  eden space 2882560K, 100% used [0x00007fb230600000, 0x00007fb2e0500000, 0x00007fb2e0500000)
  from space 360320K, 100% used [0x00007fb2e0500000, 0x00007fb2f64e0000, 0x00007fb2f64e0000)
  to   space 360320K,   0% used [0x00007fb2f64e0000, 0x00007fb2f64e0000, 0x00007fb30c4c0000)
 tenured generation   total 7206320K, used 6460116K [0x00007fb785b50000, 0x00007fb93d8bc000, 0x00007fc230600000)
   the space 7206320K,  89% used [0x00007fb785b50000, 0x00007fb9100053d0, 0x00007fb910005400, 0x00007fb93d8bc000)
 Metaspace       used 30885K, capacity 31259K, committed 31488K, reserved 32768K
}
Event: 672.341 GC heap after
{Heap after GC invocations=252 (full 83):
 def new generation   total 3242880K, used 360320K [0x00007fb230600000, 0x00007fb30c4c0000, 0x00007fb785b50000)
  eden space 2882560K,   0% used [0x00007fb230600000, 0x00007fb230600000, 0x00007fb2e0500000)
  from space 360320K, 100% used [0x00007fb2f64e0000, 0x00007fb30c4c0000, 0x00007fb30c4c0000)
  to   space 360320K,   0% used [0x00007fb2e0500000, 0x00007fb2e0500000, 0x00007fb2f64e0000)
 tenured generation   total 7206320K, used 6844822K [0x00007fb785b50000, 0x00007fb93d8bc000, 0x00007fc230600000)
   the space 7206320K,  94% used [0x00007fb785b50000, 0x00007fb9277b5a80, 0x00007fb9277b5c00, 0x00007fb93d8bc000)
 Metaspace       used 30885K, capacity 31259K, committed 31488K, reserved 32768K
}
Event: 673.012 GC heap before
{Heap before GC invocations=252 (full 83):
 def new generation   total 3242880K, used 3242880K [0x00007fb230600000, 0x00007fb30c4c0000, 0x00007fb785b50000)
  eden space 2882560K, 100% used [0x00007fb230600000, 0x00007fb2e0500000, 0x00007fb2e0500000)
  from space 360320K, 100% used [0x00007fb2f64e0000, 0x00007fb30c4c0000, 0x00007fb30c4c0000)
  to   space 360320K,   0% used [0x00007fb2e0500000, 0x00007fb2e0500000, 0x00007fb2f64e0000)
 tenured generation   total 7206320K, used 6844822K [0x00007fb785b50000, 0x00007fb93d8bc000, 0x00007fc230600000)
   the space 7206320K,  94% used [0x00007fb785b50000, 0x00007fb9277b5a80, 0x00007fb9277b5c00, 0x00007fb93d8bc000)
 Metaspace       used 30885K, capacity 31259K, committed 31488K, reserved 32768K
}
Event: 673.978 GC heap after
{Heap after GC invocations=253 (full 83):
 def new generation   total 3242880K, used 360320K [0x00007fb230600000, 0x00007fb30c4c0000, 0x00007fb785b50000)
  eden space 2882560K,   0% used [0x00007fb230600000, 0x00007fb230600000, 0x00007fb2e0500000)
  from space 360320K, 100% used [0x00007fb2e0500000, 0x00007fb2f64e0000, 0x00007fb2f64e0000)
  to   space 360320K,   0% used [0x00007fb2f64e0000, 0x00007fb2f64e0000, 0x00007fb30c4c0000)
 tenured generation   total 7246256K, used 7246139K [0x00007fb785b50000, 0x00007fb93ffbc000, 0x00007fc230600000)
   the space 7246256K,  99% used [0x00007fb785b50000, 0x00007fb93ff9ef08, 0x00007fb93ff9f000, 0x00007fb93ffbc000)
 Metaspace       used 30885K, capacity 31259K, committed 31488K, reserved 32768K
}
Event: 673.978 GC heap before
{Heap before GC invocations=253 (full 83):
 def new generation   total 3242880K, used 360320K [0x00007fb230600000, 0x00007fb30c4c0000, 0x00007fb785b50000)
  eden space 2882560K,   0% used [0x00007fb230600000, 0x00007fb230600000, 0x00007fb2e0500000)
  from space 360320K, 100% used [0x00007fb2e0500000, 0x00007fb2f64e0000, 0x00007fb2f64e0000)
  to   space 360320K,   0% used [0x00007fb2f64e0000, 0x00007fb2f64e0000, 0x00007fb30c4c0000)
 tenured generation   total 7246256K, used 7246139K [0x00007fb785b50000, 0x00007fb93ffbc000, 0x00007fc230600000)
   the space 7246256K,  99% used [0x00007fb785b50000, 0x00007fb93ff9ef08, 0x00007fb93ff9f000, 0x00007fb93ffbc000)
 Metaspace       used 30885K, capacity 31259K, committed 31488K, reserved 32768K
}

