# JRE version: OpenJDK Runtime Environment (13.0.7+5) (build 13.0.7+5-Ubuntu-0ubuntu120.04)
# Java VM: OpenJDK 64-Bit Server VM (13.0.7+5-Ubuntu-0ubuntu120.04, mixed mode, tiered, serial gc, linux-amd64)
Heap:
 def new generation   total 5047488K, used 4349289K [0x00007f8bd0600000, 0x00007f8d26ad0000, 0x00007f9125b50000)
  eden space 4486720K,  95% used [0x00007f8bd0600000, 0x00007f8cd5c5a328, 0x00007f8ce2390000)
  from space 560768K,  11% used [0x00007f8d04730000, 0x00007f8d088303b8, 0x00007f8d26ad0000)
  to   space 560768K,   0% used [0x00007f8ce2390000, 0x00007f8ce2401f60, 0x00007f8d04730000)
 tenured generation   total 11216408K, used 10667370K [0x00007f9125b50000, 0x00007f93d24d6000, 0x00007f9bd0600000)
   the space 11216408K,  95% used [0x00007f9125b50000, 0x00007f93b0caa890, 0x00007f93b0caaa00, 0x00007f93d24d6000)
 Metaspace       used 23313K, capacity 23685K, committed 23808K, reserved 24576K
GC Heap History (20 events):
Event: 8.164 GC heap after
{Heap after GC invocations=7 (full 1):
 def new generation   total 629248K, used 5349K [0x00007f8bd0600000, 0x00007f8bfb0c0000, 0x00007f9125b50000)
  eden space 559360K,   0% used [0x00007f8bd0600000, 0x00007f8bd0600000, 0x00007f8bf2840000)
  from space 69888K,   7% used [0x00007f8bf2840000, 0x00007f8bf2d79498, 0x00007f8bf6c80000)
  to   space 69888K,   0% used [0x00007f8bf6c80000, 0x00007f8bf6c80000, 0x00007f8bfb0c0000)
 tenured generation   total 1398144K, used 1324333K [0x00007f9125b50000, 0x00007f917b0b0000, 0x00007f9bd0600000)
   the space 1398144K,  94% used [0x00007f9125b50000, 0x00007f917689b790, 0x00007f917689b800, 0x00007f917b0b0000)
 Metaspace       used 23269K, capacity 23676K, committed 23808K, reserved 24576K
}
Event: 8.164 GC heap before
{Heap before GC invocations=7 (full 1):
 def new generation   total 629248K, used 5349K [0x00007f8bd0600000, 0x00007f8bfb0c0000, 0x00007f9125b50000)
  eden space 559360K,   0% used [0x00007f8bd0600000, 0x00007f8bd0600000, 0x00007f8bf2840000)
  from space 69888K,   7% used [0x00007f8bf2840000, 0x00007f8bf2d79498, 0x00007f8bf6c80000)
  to   space 69888K,   0% used [0x00007f8bf6c80000, 0x00007f8bf6c80000, 0x00007f8bfb0c0000)
 tenured generation   total 1398144K, used 1324333K [0x00007f9125b50000, 0x00007f917b0b0000, 0x00007f9bd0600000)
   the space 1398144K,  94% used [0x00007f9125b50000, 0x00007f917689b790, 0x00007f917689b800, 0x00007f917b0b0000)
 Metaspace       used 23269K, capacity 23676K, committed 23808K, reserved 24576K
}
Event: 8.197 GC heap after
{Heap after GC invocations=7 (full 2):
 def new generation   total 629248K, used 0K [0x00007f8bd0600000, 0x00007f8bfb0c0000, 0x00007f9125b50000)
  eden space 559360K,   0% used [0x00007f8bd0600000, 0x00007f8bd0600000, 0x00007f8bf2840000)
  from space 69888K,   0% used [0x00007f8bf2840000, 0x00007f8bf2840000, 0x00007f8bf6c80000)
  to   space 69888K,   0% used [0x00007f8bf6c80000, 0x00007f8bf6c80000, 0x00007f8bfb0c0000)
 tenured generation   total 1398144K, used 18953K [0x00007f9125b50000, 0x00007f917b0b0000, 0x00007f9bd0600000)
   the space 1398144K,   1% used [0x00007f9125b50000, 0x00007f9126dd2618, 0x00007f9126dd2800, 0x00007f917b0b0000)
 Metaspace       used 23269K, capacity 23676K, committed 23808K, reserved 24576K
}
Event: 11.984 GC heap before
{Heap before GC invocations=7 (full 2):
 def new generation   total 629248K, used 10971K [0x00007f8bd0600000, 0x00007f8bfb0c0000, 0x00007f9125b50000)
  eden space 559360K,   1% used [0x00007f8bd0600000, 0x00007f8bd10b6fa0, 0x00007f8bf2840000)
  from space 69888K,   0% used [0x00007f8bf2840000, 0x00007f8bf2840000, 0x00007f8bf6c80000)
  to   space 69888K,   0% used [0x00007f8bf6c80000, 0x00007f8bf6c80000, 0x00007f8bfb0c0000)
 tenured generation   total 5592452K, used 4213257K [0x00007f9125b50000, 0x00007f927b0b1000, 0x00007f9bd0600000)
   the space 5592452K,  75% used [0x00007f9125b50000, 0x00007f9226dd2630, 0x00007f9226dd2800, 0x00007f927b0b1000)
 Metaspace       used 23269K, capacity 23676K, committed 23808K, reserved 24576K
}
Event: 11.989 GC heap after
{Heap after GC invocations=8 (full 2):
 def new generation   total 629248K, used 1K [0x00007f8bd0600000, 0x00007f8bfb0c0000, 0x00007f9125b50000)
  eden space 559360K,   0% used [0x00007f8bd0600000, 0x00007f8bd0600000, 0x00007f8bf2840000)
  from space 69888K,   0% used [0x00007f8bf6c80000, 0x00007f8bf6c804a0, 0x00007f8bfb0c0000)
  to   space 69888K,   0% used [0x00007f8bf2840000, 0x00007f8bf2840000, 0x00007f8bf6c80000)
 tenured generation   total 5592452K, used 4213257K [0x00007f9125b50000, 0x00007f927b0b1000, 0x00007f9bd0600000)
   the space 5592452K,  75% used [0x00007f9125b50000, 0x00007f9226dd2630, 0x00007f9226dd2800, 0x00007f927b0b1000)
 Metaspace       used 23269K, capacity 23676K, committed 23808K, reserved 24576K
}
Event: 11.989 GC heap before
{Heap before GC invocations=8 (full 2):
 def new generation   total 629248K, used 1K [0x00007f8bd0600000, 0x00007f8bfb0c0000, 0x00007f9125b50000)
  eden space 559360K,   0% used [0x00007f8bd0600000, 0x00007f8bd0600000, 0x00007f8bf2840000)
  from space 69888K,   0% used [0x00007f8bf6c80000, 0x00007f8bf6c804a0, 0x00007f8bfb0c0000)
  to   space 69888K,   0% used [0x00007f8bf2840000, 0x00007f8bf2840000, 0x00007f8bf6c80000)
 tenured generation   total 5592452K, used 4213257K [0x00007f9125b50000, 0x00007f927b0b1000, 0x00007f9bd0600000)
   the space 5592452K,  75% used [0x00007f9125b50000, 0x00007f9226dd2630, 0x00007f9226dd2800, 0x00007f927b0b1000)
 Metaspace       used 23269K, capacity 23676K, committed 23808K, reserved 24576K
}
Event: 12.027 GC heap after
{Heap after GC invocations=8 (full 3):
 def new generation   total 3160000K, used 0K [0x00007f8bd0600000, 0x00007f8ca6ad0000, 0x00007f9125b50000)
  eden space 2808896K,   0% used [0x00007f8bd0600000, 0x00007f8bd0600000, 0x00007f8c7bd10000)
  from space 351104K,   0% used [0x00007f8c7bd10000, 0x00007f8c7bd10000, 0x00007f8c913f0000)
  to   space 351104K,   0% used [0x00007f8c913f0000, 0x00007f8c913f0000, 0x00007f8ca6ad0000)
 tenured generation   total 7022100K, used 4213258K [0x00007f9125b50000, 0x00007f92d24d5000, 0x00007f9bd0600000)
   the space 7022100K,  59% used [0x00007f9125b50000, 0x00007f9226dd2ad0, 0x00007f9226dd2c00, 0x00007f92d24d5000)
 Metaspace       used 23269K, capacity 23676K, committed 23808K, reserved 24576K
}
Event: 18.490 GC heap before
{Heap before GC invocations=8 (full 3):
 def new generation   total 3160000K, used 2152248K [0x00007f8bd0600000, 0x00007f8ca6ad0000, 0x00007f9125b50000)
  eden space 2808896K,  76% used [0x00007f8bd0600000, 0x00007f8c53bce2b8, 0x00007f8c7bd10000)
  from space 351104K,   0% used [0x00007f8c7bd10000, 0x00007f8c7bd10000, 0x00007f8c913f0000)
  to   space 351104K,   0% used [0x00007f8c913f0000, 0x00007f8c913f0000, 0x00007f8ca6ad0000)
 tenured generation   total 11216408K, used 8407562K [0x00007f9125b50000, 0x00007f93d24d6000, 0x00007f9bd0600000)
   the space 11216408K,  74% used [0x00007f9125b50000, 0x00007f9326dd2ae8, 0x00007f9326dd2c00, 0x00007f93d24d6000)
 Metaspace       used 23269K, capacity 23676K, committed 23808K, reserved 24576K
}
Event: 19.290 GC heap after
{Heap after GC invocations=9 (full 3):
 def new generation   total 3160000K, used 0K [0x00007f8bd0600000, 0x00007f8ca6ad0000, 0x00007f9125b50000)
  eden space 2808896K,   0% used [0x00007f8bd0600000, 0x00007f8bd0600000, 0x00007f8c7bd10000)
  from space 351104K,   0% used [0x00007f8c913f0000, 0x00007f8c913f02d8, 0x00007f8ca6ad0000)
  to   space 351104K,   0% used [0x00007f8c7bd10000, 0x00007f8c7bd10000, 0x00007f8c913f0000)
 tenured generation   total 11216408K, used 10504714K [0x00007f9125b50000, 0x00007f93d24d6000, 0x00007f9bd0600000)
   the space 11216408K,  93% used [0x00007f9125b50000, 0x00007f93a6dd2b00, 0x00007f93a6dd2c00, 0x00007f93d24d6000)
 Metaspace       used 23269K, capacity 23676K, committed 23808K, reserved 24576K
}
Event: 19.860 GC heap before
{Heap before GC invocations=9 (full 3):
 def new generation   total 3160000K, used 2152627K [0x00007f8bd0600000, 0x00007f8ca6ad0000, 0x00007f9125b50000)
  eden space 2808896K,  76% used [0x00007f8bd0600000, 0x00007f8c53c2cca8, 0x00007f8c7bd10000)
  from space 351104K,   0% used [0x00007f8c913f0000, 0x00007f8c913f02d8, 0x00007f8ca6ad0000)
  to   space 351104K,   0% used [0x00007f8c7bd10000, 0x00007f8c7bd10000, 0x00007f8c913f0000)
 tenured generation   total 11216408K, used 10504714K [0x00007f9125b50000, 0x00007f93d24d6000, 0x00007f9bd0600000)
   the space 11216408K,  93% used [0x00007f9125b50000, 0x00007f93a6dd2b00, 0x00007f93a6dd2c00, 0x00007f93d24d6000)
 Metaspace       used 23269K, capacity 23676K, committed 23808K, reserved 24576K
}
Event: 20.903 GC heap after
{Heap after GC invocations=10 (full 3):
 def new generation   total 3160000K, used 1K [0x00007f8bd0600000, 0x00007f8ca6ad0000, 0x00007f9125b50000)
  eden space 2808896K,   0% used [0x00007f8bd0600000, 0x00007f8bd0600000, 0x00007f8c7bd10000)
  from space 351104K,   0% used [0x00007f8c7bd10000, 0x00007f8c7bd10520, 0x00007f8c913f0000)
  to   space 351104K,   0% used [0x00007f8c913f0000, 0x00007f8c913f0000, 0x00007f8ca6ad0000)
 tenured generation   total 13313564K, used 12601866K [0x00007f9125b50000, 0x00007f94524d7000, 0x00007f9bd0600000)
   the space 13313564K,  94% used [0x00007f9125b50000, 0x00007f9426dd2b18, 0x00007f9426dd2c00, 0x00007f94524d7000)
 Metaspace       used 23269K, capacity 23676K, committed 23808K, reserved 24576K
}
Event: 20.903 GC heap before
{Heap before GC invocations=10 (full 3):
 def new generation   total 3160000K, used 1K [0x00007f8bd0600000, 0x00007f8ca6ad0000, 0x00007f9125b50000)
  eden space 2808896K,   0% used [0x00007f8bd0600000, 0x00007f8bd0600000, 0x00007f8c7bd10000)
  from space 351104K,   0% used [0x00007f8c7bd10000, 0x00007f8c7bd10520, 0x00007f8c913f0000)
  to   space 351104K,   0% used [0x00007f8c913f0000, 0x00007f8c913f0000, 0x00007f8ca6ad0000)
 tenured generation   total 13313564K, used 12601866K [0x00007f9125b50000, 0x00007f94524d7000, 0x00007f9bd0600000)
   the space 13313564K,  94% used [0x00007f9125b50000, 0x00007f9426dd2b18, 0x00007f9426dd2c00, 0x00007f94524d7000)
 Metaspace       used 23269K, capacity 23676K, committed 23808K, reserved 24576K
}
Event: 23.152 GC heap after
{Heap after GC invocations=10 (full 4):
 def new generation   total 5047488K, used 0K [0x00007f8bd0600000, 0x00007f8d26ad0000, 0x00007f9125b50000)
  eden space 4486720K,   0% used [0x00007f8bd0600000, 0x00007f8bd0600000, 0x00007f8ce2390000)
  from space 560768K,   0% used [0x00007f8ce2390000, 0x00007f8ce2390000, 0x00007f8d04730000)
  to   space 560768K,   0% used [0x00007f8d04730000, 0x00007f8d04730000, 0x00007f8d26ad0000)
 tenured generation   total 11216408K, used 4203682K [0x00007f9125b50000, 0x00007f93d24d6000, 0x00007f9bd0600000)
   the space 11216408K,  37% used [0x00007f9125b50000, 0x00007f9226478b98, 0x00007f9226478c00, 0x00007f93d24d6000)
 Metaspace       used 23269K, capacity 23676K, committed 23808K, reserved 24576K
}
Event: 28.276 GC heap before
{Heap before GC invocations=10 (full 4):
 def new generation   total 5047488K, used 4486720K [0x00007f8bd0600000, 0x00007f8d26ad0000, 0x00007f9125b50000)
  eden space 4486720K, 100% used [0x00007f8bd0600000, 0x00007f8ce2390000, 0x00007f8ce2390000)
  from space 560768K,   0% used [0x00007f8ce2390000, 0x00007f8ce2390000, 0x00007f8d04730000)
  to   space 560768K,   0% used [0x00007f8d04730000, 0x00007f8d04730000, 0x00007f8d26ad0000)
 tenured generation   total 11216408K, used 4203682K [0x00007f9125b50000, 0x00007f93d24d6000, 0x00007f9bd0600000)
   the space 11216408K,  37% used [0x00007f9125b50000, 0x00007f9226478b98, 0x00007f9226478c00, 0x00007f93d24d6000)
 Metaspace       used 23295K, capacity 23682K, committed 23808K, reserved 24576K
}
Event: 28.491 GC heap after
{Heap after GC invocations=11 (full 4):
 def new generation   total 5047488K, used 172727K [0x00007f8bd0600000, 0x00007f8d26ad0000, 0x00007f9125b50000)
  eden space 4486720K,   0% used [0x00007f8bd0600000, 0x00007f8bd0600000, 0x00007f8ce2390000)
  from space 560768K,  30% used [0x00007f8d04730000, 0x00007f8d0efdddb8, 0x00007f8d26ad0000)
  to   space 560768K,   0% used [0x00007f8ce2390000, 0x00007f8ce2390000, 0x00007f8d04730000)
 tenured generation   total 11216408K, used 4203682K [0x00007f9125b50000, 0x00007f93d24d6000, 0x00007f9bd0600000)
   the space 11216408K,  37% used [0x00007f9125b50000, 0x00007f9226478b98, 0x00007f9226478c00, 0x00007f93d24d6000)
 Metaspace       used 23295K, capacity 23682K, committed 23808K, reserved 24576K
}
Event: 30.867 GC heap before
{Heap before GC invocations=11 (full 4):
 def new generation   total 5047488K, used 4253515K [0x00007f8bd0600000, 0x00007f8d26ad0000, 0x00007f9125b50000)
  eden space 4486720K,  90% used [0x00007f8bd0600000, 0x00007f8cc9725210, 0x00007f8ce2390000)
  from space 560768K,  30% used [0x00007f8d04730000, 0x00007f8d0efdddb8, 0x00007f8d26ad0000)
  to   space 560768K,   0% used [0x00007f8ce2390000, 0x00007f8ce2390000, 0x00007f8d04730000)
 tenured generation   total 11216408K, used 4203682K [0x00007f9125b50000, 0x00007f93d24d6000, 0x00007f9bd0600000)
   the space 11216408K,  37% used [0x00007f9125b50000, 0x00007f9226478b98, 0x00007f9226478c00, 0x00007f93d24d6000)
 Metaspace       used 23313K, capacity 23685K, committed 23808K, reserved 24576K
}
Event: 31.129 GC heap after
{Heap after GC invocations=12 (full 4):
 def new generation   total 5047488K, used 304328K [0x00007f8bd0600000, 0x00007f8d26ad0000, 0x00007f9125b50000)
  eden space 4486720K,   0% used [0x00007f8bd0600000, 0x00007f8bd0600000, 0x00007f8ce2390000)
  from space 560768K,  54% used [0x00007f8ce2390000, 0x00007f8cf4cc20f8, 0x00007f8d04730000)
  to   space 560768K,   0% used [0x00007f8d04730000, 0x00007f8d04730000, 0x00007f8d26ad0000)
 tenured generation   total 11216408K, used 4203682K [0x00007f9125b50000, 0x00007f93d24d6000, 0x00007f9bd0600000)
   the space 11216408K,  37% used [0x00007f9125b50000, 0x00007f9226478b98, 0x00007f9226478c00, 0x00007f93d24d6000)
 Metaspace       used 23313K, capacity 23685K, committed 23808K, reserved 24576K
}
Event: 34.278 GC heap before
{Heap before GC invocations=12 (full 4):
 def new generation   total 5047488K, used 4586885K [0x00007f8bd0600000, 0x00007f8d26ad0000, 0x00007f9125b50000)
  eden space 4486720K,  95% used [0x00007f8bd0600000, 0x00007f8cd5c2f530, 0x00007f8ce2390000)
  from space 560768K,  54% used [0x00007f8ce2390000, 0x00007f8cf4cc20f8, 0x00007f8d04730000)
  to   space 560768K,   0% used [0x00007f8d04730000, 0x00007f8d04730000, 0x00007f8d26ad0000)
 tenured generation   total 11216408K, used 4203682K [0x00007f9125b50000, 0x00007f93d24d6000, 0x00007f9bd0600000)
   the space 11216408K,  37% used [0x00007f9125b50000, 0x00007f9226478b98, 0x00007f9226478c00, 0x00007f93d24d6000)
 Metaspace       used 23313K, capacity 23685K, committed 23808K, reserved 24576K
}
Event: 35.679 GC heap after
{Heap after GC invocations=13 (full 4):
 def new generation   total 5047488K, used 66560K [0x00007f8bd0600000, 0x00007f8d26ad0000, 0x00007f9125b50000)
  eden space 4486720K,   0% used [0x00007f8bd0600000, 0x00007f8bd0600000, 0x00007f8ce2390000)
  from space 560768K,  11% used [0x00007f8d04730000, 0x00007f8d088303b8, 0x00007f8d26ad0000)
  to   space 560768K,   0% used [0x00007f8ce2390000, 0x00007f8ce2390000, 0x00007f8d04730000)
 tenured generation   total 11216408K, used 8570218K [0x00007f9125b50000, 0x00007f93d24d6000, 0x00007f9bd0600000)
   the space 11216408K,  76% used [0x00007f9125b50000, 0x00007f9330caa878, 0x00007f9330caaa00, 0x00007f93d24d6000)
 Metaspace       used 23313K, capacity 23685K, committed 23808K, reserved 24576K
}
Event: 39.458 GC heap before
{Heap before GC invocations=13 (full 4):
 def new generation   total 5047488K, used 4349289K [0x00007f8bd0600000, 0x00007f8d26ad0000, 0x00007f9125b50000)
  eden space 4486720K,  95% used [0x00007f8bd0600000, 0x00007f8cd5c5a328, 0x00007f8ce2390000)
  from space 560768K,  11% used [0x00007f8d04730000, 0x00007f8d088303b8, 0x00007f8d26ad0000)
  to   space 560768K,   0% used [0x00007f8ce2390000, 0x00007f8ce2390000, 0x00007f8d04730000)
 tenured generation   total 11216408K, used 8570218K [0x00007f9125b50000, 0x00007f93d24d6000, 0x00007f9bd0600000)
   the space 11216408K,  76% used [0x00007f9125b50000, 0x00007f9330caa878, 0x00007f9330caaa00, 0x00007f93d24d6000)
 Metaspace       used 23313K, capacity 23685K, committed 23808K, reserved 24576K
}

