# JRE version: OpenJDK Runtime Environment (13.0.7+5) (build 13.0.7+5-Ubuntu-0ubuntu120.04)
# Java VM: OpenJDK 64-Bit Server VM (13.0.7+5-Ubuntu-0ubuntu120.04, mixed mode, tiered, compressed oops, serial gc, linux-amd64)
Heap:
 def new generation   total 1843264K, used 0K [0x0000000080200000, 0x00000000fd210000, 0x0000000300150000)
  eden space 1638464K,   0% used [0x0000000080200000, 0x0000000080200000, 0x00000000e4210000)
  from space 204800K,   0% used [0x00000000f0a10000, 0x00000000f0a10000, 0x00000000fd210000)
  to   space 204800K,   0% used [0x00000000e4210000, 0x00000000e4210000, 0x00000000f0a10000)
 tenured generation   total 4096584K, used 2681751K [0x0000000300150000, 0x00000003fa1e2000, 0x0000000800000000)
   the space 4096584K,  65% used [0x0000000300150000, 0x00000003a3c35d58, 0x00000003a3c35e00, 0x00000003fa1e2000)
 Metaspace       used 23320K, capacity 23891K, committed 24192K, reserved 1071104K
  class space    used 2388K, capacity 2585K, committed 2688K, reserved 1048576K
GC Heap History (20 events):
Event: 53114.160 GC heap after
{Heap after GC invocations=33537 (full 37):
 def new generation   total 1843264K, used 30583K [0x0000000080200000, 0x00000000fd210000, 0x0000000300150000)
  eden space 1638464K,   0% used [0x0000000080200000, 0x0000000080200000, 0x00000000e4210000)
  from space 204800K,  14% used [0x00000000e4210000, 0x00000000e5feddd8, 0x00000000f0a10000)
  to   space 204800K,   0% used [0x00000000f0a10000, 0x00000000f0a10000, 0x00000000fd210000)
 tenured generation   total 4096068K, used 4078106K [0x0000000300150000, 0x00000003fa161000, 0x0000000800000000)
   the space 4096068K,  99% used [0x0000000300150000, 0x00000003f8fd6a68, 0x00000003f8fd6c00, 0x00000003fa161000)
 Metaspace       used 23320K, capacity 23891K, committed 24192K, reserved 1071104K
  class space    used 2388K, capacity 2585K, committed 2688K, reserved 1048576K
}
Event: 53116.803 GC heap before
{Heap before GC invocations=33537 (full 37):
 def new generation   total 1843264K, used 1669047K [0x0000000080200000, 0x00000000fd210000, 0x0000000300150000)
  eden space 1638464K, 100% used [0x0000000080200000, 0x00000000e4210000, 0x00000000e4210000)
  from space 204800K,  14% used [0x00000000e4210000, 0x00000000e5feddd8, 0x00000000f0a10000)
  to   space 204800K,   0% used [0x00000000f0a10000, 0x00000000f0a10000, 0x00000000fd210000)
 tenured generation   total 4096068K, used 4078106K [0x0000000300150000, 0x00000003fa161000, 0x0000000800000000)
   the space 4096068K,  99% used [0x0000000300150000, 0x00000003f8fd6a68, 0x00000003f8fd6c00, 0x00000003fa161000)
 Metaspace       used 23320K, capacity 23891K, committed 24192K, reserved 1071104K
  class space    used 2388K, capacity 2585K, committed 2688K, reserved 1048576K
}
Event: 53116.863 GC heap after
{Heap after GC invocations=33538 (full 37):
 def new generation   total 1843264K, used 47525K [0x0000000080200000, 0x00000000fd210000, 0x0000000300150000)
  eden space 1638464K,   0% used [0x0000000080200000, 0x0000000080200000, 0x00000000e4210000)
  from space 204800K,  23% used [0x00000000f0a10000, 0x00000000f3879420, 0x00000000fd210000)
  to   space 204800K,   0% used [0x00000000e4210000, 0x00000000e4210000, 0x00000000f0a10000)
 tenured generation   total 4096068K, used 4080178K [0x0000000300150000, 0x00000003fa161000, 0x0000000800000000)
   the space 4096068K,  99% used [0x0000000300150000, 0x00000003f91dcb38, 0x00000003f91dcc00, 0x00000003fa161000)
 Metaspace       used 23320K, capacity 23891K, committed 24192K, reserved 1071104K
  class space    used 2388K, capacity 2585K, committed 2688K, reserved 1048576K
}
Event: 53119.539 GC heap before
{Heap before GC invocations=33538 (full 37):
 def new generation   total 1843264K, used 1685989K [0x0000000080200000, 0x00000000fd210000, 0x0000000300150000)
  eden space 1638464K, 100% used [0x0000000080200000, 0x00000000e4210000, 0x00000000e4210000)
  from space 204800K,  23% used [0x00000000f0a10000, 0x00000000f3879420, 0x00000000fd210000)
  to   space 204800K,   0% used [0x00000000e4210000, 0x00000000e4210000, 0x00000000f0a10000)
 tenured generation   total 4096068K, used 4080178K [0x0000000300150000, 0x00000003fa161000, 0x0000000800000000)
   the space 4096068K,  99% used [0x0000000300150000, 0x00000003f91dcb38, 0x00000003f91dcc00, 0x00000003fa161000)
 Metaspace       used 23320K, capacity 23891K, committed 24192K, reserved 1071104K
  class space    used 2388K, capacity 2585K, committed 2688K, reserved 1048576K
}
Event: 53119.581 GC heap after
{Heap after GC invocations=33539 (full 37):
 def new generation   total 1843264K, used 31085K [0x0000000080200000, 0x00000000fd210000, 0x0000000300150000)
  eden space 1638464K,   0% used [0x0000000080200000, 0x0000000080200000, 0x00000000e4210000)
  from space 204800K,  15% used [0x00000000e4210000, 0x00000000e606b4d0, 0x00000000f0a10000)
  to   space 204800K,   0% used [0x00000000f0a10000, 0x00000000f0a10000, 0x00000000fd210000)
 tenured generation   total 4096068K, used 4081739K [0x0000000300150000, 0x00000003fa161000, 0x0000000800000000)
   the space 4096068K,  99% used [0x0000000300150000, 0x00000003f9362ca0, 0x00000003f9362e00, 0x00000003fa161000)
 Metaspace       used 23320K, capacity 23891K, committed 24192K, reserved 1071104K
  class space    used 2388K, capacity 2585K, committed 2688K, reserved 1048576K
}
Event: 53122.219 GC heap before
{Heap before GC invocations=33539 (full 37):
 def new generation   total 1843264K, used 1669549K [0x0000000080200000, 0x00000000fd210000, 0x0000000300150000)
  eden space 1638464K, 100% used [0x0000000080200000, 0x00000000e4210000, 0x00000000e4210000)
  from space 204800K,  15% used [0x00000000e4210000, 0x00000000e606b4d0, 0x00000000f0a10000)
  to   space 204800K,   0% used [0x00000000f0a10000, 0x00000000f0a10000, 0x00000000fd210000)
 tenured generation   total 4096068K, used 4081739K [0x0000000300150000, 0x00000003fa161000, 0x0000000800000000)
   the space 4096068K,  99% used [0x0000000300150000, 0x00000003f9362ca0, 0x00000003f9362e00, 0x00000003fa161000)
 Metaspace       used 23320K, capacity 23891K, committed 24192K, reserved 1071104K
  class space    used 2388K, capacity 2585K, committed 2688K, reserved 1048576K
}
Event: 53122.272 GC heap after
{Heap after GC invocations=33540 (full 37):
 def new generation   total 1843264K, used 47525K [0x0000000080200000, 0x00000000fd210000, 0x0000000300150000)
  eden space 1638464K,   0% used [0x0000000080200000, 0x0000000080200000, 0x00000000e4210000)
  from space 204800K,  23% used [0x00000000f0a10000, 0x00000000f3879420, 0x00000000fd210000)
  to   space 204800K,   0% used [0x00000000e4210000, 0x00000000e4210000, 0x00000000f0a10000)
 tenured generation   total 4096068K, used 4083811K [0x0000000300150000, 0x00000003fa161000, 0x0000000800000000)
   the space 4096068K,  99% used [0x0000000300150000, 0x00000003f9568e60, 0x00000003f9569000, 0x00000003fa161000)
 Metaspace       used 23320K, capacity 23891K, committed 24192K, reserved 1071104K
  class space    used 2388K, capacity 2585K, committed 2688K, reserved 1048576K
}
Event: 53124.918 GC heap before
{Heap before GC invocations=33540 (full 37):
 def new generation   total 1843264K, used 1685989K [0x0000000080200000, 0x00000000fd210000, 0x0000000300150000)
  eden space 1638464K, 100% used [0x0000000080200000, 0x00000000e4210000, 0x00000000e4210000)
  from space 204800K,  23% used [0x00000000f0a10000, 0x00000000f3879420, 0x00000000fd210000)
  to   space 204800K,   0% used [0x00000000e4210000, 0x00000000e4210000, 0x00000000f0a10000)
 tenured generation   total 4096068K, used 4083811K [0x0000000300150000, 0x00000003fa161000, 0x0000000800000000)
   the space 4096068K,  99% used [0x0000000300150000, 0x00000003f9568e60, 0x00000003f9569000, 0x00000003fa161000)
 Metaspace       used 23320K, capacity 23891K, committed 24192K, reserved 1071104K
  class space    used 2388K, capacity 2585K, committed 2688K, reserved 1048576K
}
Event: 53124.965 GC heap after
{Heap after GC invocations=33541 (full 37):
 def new generation   total 1843264K, used 35219K [0x0000000080200000, 0x00000000fd210000, 0x0000000300150000)
  eden space 1638464K,   0% used [0x0000000080200000, 0x0000000080200000, 0x00000000e4210000)
  from space 204800K,  17% used [0x00000000e4210000, 0x00000000e6474e68, 0x00000000f0a10000)
  to   space 204800K,   0% used [0x00000000f0a10000, 0x00000000f0a10000, 0x00000000fd210000)
 tenured generation   total 4096068K, used 4085884K [0x0000000300150000, 0x00000003fa161000, 0x0000000800000000)
   the space 4096068K,  99% used [0x0000000300150000, 0x00000003f976f028, 0x00000003f976f200, 0x00000003fa161000)
 Metaspace       used 23320K, capacity 23891K, committed 24192K, reserved 1071104K
  class space    used 2388K, capacity 2585K, committed 2688K, reserved 1048576K
}
Event: 53127.611 GC heap before
{Heap before GC invocations=33541 (full 37):
 def new generation   total 1843264K, used 1673683K [0x0000000080200000, 0x00000000fd210000, 0x0000000300150000)
  eden space 1638464K, 100% used [0x0000000080200000, 0x00000000e4210000, 0x00000000e4210000)
  from space 204800K,  17% used [0x00000000e4210000, 0x00000000e6474e68, 0x00000000f0a10000)
  to   space 204800K,   0% used [0x00000000f0a10000, 0x00000000f0a10000, 0x00000000fd210000)
 tenured generation   total 4096068K, used 4085884K [0x0000000300150000, 0x00000003fa161000, 0x0000000800000000)
   the space 4096068K,  99% used [0x0000000300150000, 0x00000003f976f028, 0x00000003f976f200, 0x00000003fa161000)
 Metaspace       used 23320K, capacity 23891K, committed 24192K, reserved 1071104K
  class space    used 2388K, capacity 2585K, committed 2688K, reserved 1048576K
}
Event: 53127.651 GC heap after
{Heap after GC invocations=33542 (full 37):
 def new generation   total 1843264K, used 30583K [0x0000000080200000, 0x00000000fd210000, 0x0000000300150000)
  eden space 1638464K,   0% used [0x0000000080200000, 0x0000000080200000, 0x00000000e4210000)
  from space 204800K,  14% used [0x00000000f0a10000, 0x00000000f27eddd8, 0x00000000fd210000)
  to   space 204800K,   0% used [0x00000000e4210000, 0x00000000e4210000, 0x00000000f0a10000)
 tenured generation   total 4096068K, used 4087956K [0x0000000300150000, 0x00000003fa161000, 0x0000000800000000)
   the space 4096068K,  99% used [0x0000000300150000, 0x00000003f9975098, 0x00000003f9975200, 0x00000003fa161000)
 Metaspace       used 23320K, capacity 23891K, committed 24192K, reserved 1071104K
  class space    used 2388K, capacity 2585K, committed 2688K, reserved 1048576K
}
Event: 53130.356 GC heap before
{Heap before GC invocations=33542 (full 37):
 def new generation   total 1843264K, used 1669047K [0x0000000080200000, 0x00000000fd210000, 0x0000000300150000)
  eden space 1638464K, 100% used [0x0000000080200000, 0x00000000e4210000, 0x00000000e4210000)
  from space 204800K,  14% used [0x00000000f0a10000, 0x00000000f27eddd8, 0x00000000fd210000)
  to   space 204800K,   0% used [0x00000000e4210000, 0x00000000e4210000, 0x00000000f0a10000)
 tenured generation   total 4096068K, used 4087956K [0x0000000300150000, 0x00000003fa161000, 0x0000000800000000)
   the space 4096068K,  99% used [0x0000000300150000, 0x00000003f9975098, 0x00000003f9975200, 0x00000003fa161000)
 Metaspace       used 23320K, capacity 23891K, committed 24192K, reserved 1071104K
  class space    used 2388K, capacity 2585K, committed 2688K, reserved 1048576K
}
Event: 53130.405 GC heap after
{Heap after GC invocations=33543 (full 37):
 def new generation   total 1843264K, used 47525K [0x0000000080200000, 0x00000000fd210000, 0x0000000300150000)
  eden space 1638464K,   0% used [0x0000000080200000, 0x0000000080200000, 0x00000000e4210000)
  from space 204800K,  23% used [0x00000000e4210000, 0x00000000e7079420, 0x00000000f0a10000)
  to   space 204800K,   0% used [0x00000000f0a10000, 0x00000000f0a10000, 0x00000000fd210000)
 tenured generation   total 4096068K, used 4090026K [0x0000000300150000, 0x00000003fa161000, 0x0000000800000000)
   the space 4096068K,  99% used [0x0000000300150000, 0x00000003f9b7a928, 0x00000003f9b7aa00, 0x00000003fa161000)
 Metaspace       used 23320K, capacity 23891K, committed 24192K, reserved 1071104K
  class space    used 2388K, capacity 2585K, committed 2688K, reserved 1048576K
}
Event: 53133.139 GC heap before
{Heap before GC invocations=33543 (full 37):
 def new generation   total 1843264K, used 1684000K [0x0000000080200000, 0x00000000fd210000, 0x0000000300150000)
  eden space 1638464K,  99% used [0x0000000080200000, 0x00000000e401ee58, 0x00000000e4210000)
  from space 204800K,  23% used [0x00000000e4210000, 0x00000000e7079420, 0x00000000f0a10000)
  to   space 204800K,   0% used [0x00000000f0a10000, 0x00000000f0a10000, 0x00000000fd210000)
 tenured generation   total 4096068K, used 4090026K [0x0000000300150000, 0x00000003fa161000, 0x0000000800000000)
   the space 4096068K,  99% used [0x0000000300150000, 0x00000003f9b7a928, 0x00000003f9b7aa00, 0x00000003fa161000)
 Metaspace       used 23320K, capacity 23891K, committed 24192K, reserved 1071104K
  class space    used 2388K, capacity 2585K, committed 2688K, reserved 1048576K
}
Event: 53133.189 GC heap after
{Heap after GC invocations=33544 (full 37):
 def new generation   total 1843264K, used 35219K [0x0000000080200000, 0x00000000fd210000, 0x0000000300150000)
  eden space 1638464K,   0% used [0x0000000080200000, 0x0000000080200000, 0x00000000e4210000)
  from space 204800K,  17% used [0x00000000f0a10000, 0x00000000f2c74fc0, 0x00000000fd210000)
  to   space 204800K,   0% used [0x00000000e4210000, 0x00000000e4210000, 0x00000000f0a10000)
 tenured generation   total 4096068K, used 4092098K [0x0000000300150000, 0x00000003fa161000, 0x0000000800000000)
   the space 4096068K,  99% used [0x0000000300150000, 0x00000003f9d80a08, 0x00000003f9d80c00, 0x00000003fa161000)
 Metaspace       used 23320K, capacity 23891K, committed 24192K, reserved 1071104K
  class space    used 2388K, capacity 2585K, committed 2688K, reserved 1048576K
}
Event: 53135.772 GC heap before
{Heap before GC invocations=33544 (full 37):
 def new generation   total 1843264K, used 1673683K [0x0000000080200000, 0x00000000fd210000, 0x0000000300150000)
  eden space 1638464K, 100% used [0x0000000080200000, 0x00000000e4210000, 0x00000000e4210000)
  from space 204800K,  17% used [0x00000000f0a10000, 0x00000000f2c74fc0, 0x00000000fd210000)
  to   space 204800K,   0% used [0x00000000e4210000, 0x00000000e4210000, 0x00000000f0a10000)
 tenured generation   total 4096068K, used 4092098K [0x0000000300150000, 0x00000003fa161000, 0x0000000800000000)
   the space 4096068K,  99% used [0x0000000300150000, 0x00000003f9d80a08, 0x00000003f9d80c00, 0x00000003fa161000)
 Metaspace       used 23320K, capacity 23891K, committed 24192K, reserved 1071104K
  class space    used 2388K, capacity 2585K, committed 2688K, reserved 1048576K
}
Event: 53135.821 GC heap after
{Heap after GC invocations=33545 (full 37):
 def new generation   total 1843264K, used 30583K [0x0000000080200000, 0x00000000fd210000, 0x0000000300150000)
  eden space 1638464K,   0% used [0x0000000080200000, 0x0000000080200000, 0x00000000e4210000)
  from space 204800K,  14% used [0x00000000e4210000, 0x00000000e5feddd8, 0x00000000f0a10000)
  to   space 204800K,   0% used [0x00000000f0a10000, 0x00000000f0a10000, 0x00000000fd210000)
 tenured generation   total 4096068K, used 4094171K [0x0000000300150000, 0x00000003fa161000, 0x0000000800000000)
   the space 4096068K,  99% used [0x0000000300150000, 0x00000003f9f86c30, 0x00000003f9f86e00, 0x00000003fa161000)
 Metaspace       used 23320K, capacity 23891K, committed 24192K, reserved 1071104K
  class space    used 2388K, capacity 2585K, committed 2688K, reserved 1048576K
}
Event: 53138.491 GC heap before
{Heap before GC invocations=33545 (full 37):
 def new generation   total 1843264K, used 1669047K [0x0000000080200000, 0x00000000fd210000, 0x0000000300150000)
  eden space 1638464K, 100% used [0x0000000080200000, 0x00000000e4210000, 0x00000000e4210000)
  from space 204800K,  14% used [0x00000000e4210000, 0x00000000e5feddd8, 0x00000000f0a10000)
  to   space 204800K,   0% used [0x00000000f0a10000, 0x00000000f0a10000, 0x00000000fd210000)
 tenured generation   total 4096068K, used 4094171K [0x0000000300150000, 0x00000003fa161000, 0x0000000800000000)
   the space 4096068K,  99% used [0x0000000300150000, 0x00000003f9f86c30, 0x00000003f9f86e00, 0x00000003fa161000)
 Metaspace       used 23320K, capacity 23891K, committed 24192K, reserved 1071104K
  class space    used 2388K, capacity 2585K, committed 2688K, reserved 1048576K
}
Event: 53138.552 GC heap after
{Heap after GC invocations=33546 (full 37):
 def new generation   total 1843264K, used 47525K [0x0000000080200000, 0x00000000fd210000, 0x0000000300150000)
  eden space 1638464K,   0% used [0x0000000080200000, 0x0000000080200000, 0x00000000e4210000)
  from space 204800K,  23% used [0x00000000f0a10000, 0x00000000f3879420, 0x00000000fd210000)
  to   space 204800K,   0% used [0x00000000e4210000, 0x00000000e4210000, 0x00000000f0a10000)
 tenured generation   total 4096584K, used 4096243K [0x0000000300150000, 0x00000003fa1e2000, 0x0000000800000000)
   the space 4096584K,  99% used [0x0000000300150000, 0x00000003fa18cd10, 0x00000003fa18ce00, 0x00000003fa1e2000)
 Metaspace       used 23320K, capacity 23891K, committed 24192K, reserved 1071104K
  class space    used 2388K, capacity 2585K, committed 2688K, reserved 1048576K
}
Event: 53138.552 GC heap before
{Heap before GC invocations=33546 (full 37):
 def new generation   total 1843264K, used 47525K [0x0000000080200000, 0x00000000fd210000, 0x0000000300150000)
  eden space 1638464K,   0% used [0x0000000080200000, 0x0000000080200000, 0x00000000e4210000)
  from space 204800K,  23% used [0x00000000f0a10000, 0x00000000f3879420, 0x00000000fd210000)
  to   space 204800K,   0% used [0x00000000e4210000, 0x00000000e4210000, 0x00000000f0a10000)
 tenured generation   total 4096584K, used 4096243K [0x0000000300150000, 0x00000003fa1e2000, 0x0000000800000000)
   the space 4096584K,  99% used [0x0000000300150000, 0x00000003fa18cd10, 0x00000003fa18ce00, 0x00000003fa1e2000)
 Metaspace       used 23320K, capacity 23891K, committed 24192K, reserved 1071104K
  class space    used 2388K, capacity 2585K, committed 2688K, reserved 1048576K
}

