# JRE version: OpenJDK Runtime Environment (13.0.7+5) (build 13.0.7+5-Ubuntu-0ubuntu120.04)
# Java VM: OpenJDK 64-Bit Server VM (13.0.7+5-Ubuntu-0ubuntu120.04, mixed mode, tiered, serial gc, linux-amd64)
Heap:
 def new generation   total 2913792K, used 21866K [0x00007fe4c4600000, 0x00007fe589fa0000, 0x00007fea19b50000)
  eden space 2590080K,   0% used [0x00007fe4c4600000, 0x00007fe4c5b5a8d8, 0x00007fe562760000)
  from space 323712K,   0% used [0x00007fe576380000, 0x00007fe576380000, 0x00007fe589fa0000)
  to   space 323712K,   0% used [0x00007fe562760000, 0x00007fe562760000, 0x00007fe576380000)
 tenured generation   total 6475916K, used 6475915K [0x00007fea19b50000, 0x00007feba4f73000, 0x00007ff4c4600000)
   the space 6475916K,  99% used [0x00007fea19b50000, 0x00007feba4f72fc0, 0x00007feba4f73000, 0x00007feba4f73000)
 Metaspace       used 24308K, capacity 24754K, committed 24832K, reserved 26624K
GC Heap History (20 events):
Event: 10891.481 GC heap after
{Heap after GC invocations=9440 (full 4):
 def new generation   total 2913792K, used 23304K [0x00007fe4c4600000, 0x00007fe589fa0000, 0x00007fea19b50000)
  eden space 2590080K,   0% used [0x00007fe4c4600000, 0x00007fe4c4600000, 0x00007fe562760000)
  from space 323712K,   7% used [0x00007fe562760000, 0x00007fe563e22358, 0x00007fe576380000)
  to   space 323712K,   0% used [0x00007fe576380000, 0x00007fe576380000, 0x00007fe589fa0000)
 tenured generation   total 6474956K, used 6462059K [0x00007fea19b50000, 0x00007feba4e83000, 0x00007ff4c4600000)
   the space 6474956K,  99% used [0x00007fea19b50000, 0x00007feba41eac40, 0x00007feba41eae00, 0x00007feba4e83000)
 Metaspace       used 24308K, capacity 24754K, committed 24832K, reserved 26624K
}
Event: 10893.795 GC heap before
{Heap before GC invocations=9440 (full 4):
 def new generation   total 2913792K, used 2613384K [0x00007fe4c4600000, 0x00007fe589fa0000, 0x00007fea19b50000)
  eden space 2590080K, 100% used [0x00007fe4c4600000, 0x00007fe562760000, 0x00007fe562760000)
  from space 323712K,   7% used [0x00007fe562760000, 0x00007fe563e22358, 0x00007fe576380000)
  to   space 323712K,   0% used [0x00007fe576380000, 0x00007fe576380000, 0x00007fe589fa0000)
 tenured generation   total 6474956K, used 6462059K [0x00007fea19b50000, 0x00007feba4e83000, 0x00007ff4c4600000)
   the space 6474956K,  99% used [0x00007fea19b50000, 0x00007feba41eac40, 0x00007feba41eae00, 0x00007feba4e83000)
 Metaspace       used 24308K, capacity 24754K, committed 24832K, reserved 26624K
}
Event: 10893.864 GC heap after
{Heap after GC invocations=9441 (full 4):
 def new generation   total 2913792K, used 23646K [0x00007fe4c4600000, 0x00007fe589fa0000, 0x00007fea19b50000)
  eden space 2590080K,   0% used [0x00007fe4c4600000, 0x00007fe4c4600000, 0x00007fe562760000)
  from space 323712K,   7% used [0x00007fe576380000, 0x00007fe577a97800, 0x00007fe589fa0000)
  to   space 323712K,   0% used [0x00007fe562760000, 0x00007fe562760000, 0x00007fe576380000)
 tenured generation   total 6474956K, used 6464004K [0x00007fea19b50000, 0x00007feba4e83000, 0x00007ff4c4600000)
   the space 6474956K,  99% used [0x00007fea19b50000, 0x00007feba43d12f8, 0x00007feba43d1400, 0x00007feba4e83000)
 Metaspace       used 24308K, capacity 24754K, committed 24832K, reserved 26624K
}
Event: 10896.297 GC heap before
{Heap before GC invocations=9441 (full 4):
 def new generation   total 2913792K, used 2613726K [0x00007fe4c4600000, 0x00007fe589fa0000, 0x00007fea19b50000)
  eden space 2590080K, 100% used [0x00007fe4c4600000, 0x00007fe562760000, 0x00007fe562760000)
  from space 323712K,   7% used [0x00007fe576380000, 0x00007fe577a97800, 0x00007fe589fa0000)
  to   space 323712K,   0% used [0x00007fe562760000, 0x00007fe562760000, 0x00007fe576380000)
 tenured generation   total 6474956K, used 6464004K [0x00007fea19b50000, 0x00007feba4e83000, 0x00007ff4c4600000)
   the space 6474956K,  99% used [0x00007fea19b50000, 0x00007feba43d12f8, 0x00007feba43d1400, 0x00007feba4e83000)
 Metaspace       used 24308K, capacity 24754K, committed 24832K, reserved 26624K
}
Event: 10896.379 GC heap after
{Heap after GC invocations=9442 (full 4):
 def new generation   total 2913792K, used 23665K [0x00007fe4c4600000, 0x00007fe589fa0000, 0x00007fea19b50000)
  eden space 2590080K,   0% used [0x00007fe4c4600000, 0x00007fe4c4600000, 0x00007fe562760000)
  from space 323712K,   7% used [0x00007fe562760000, 0x00007fe563e7c648, 0x00007fe576380000)
  to   space 323712K,   0% used [0x00007fe576380000, 0x00007fe576380000, 0x00007fe589fa0000)
 tenured generation   total 6474956K, used 6465053K [0x00007fea19b50000, 0x00007feba4e83000, 0x00007ff4c4600000)
   the space 6474956K,  99% used [0x00007fea19b50000, 0x00007feba44d7408, 0x00007feba44d7600, 0x00007feba4e83000)
 Metaspace       used 24308K, capacity 24754K, committed 24832K, reserved 26624K
}
Event: 10898.820 GC heap before
{Heap before GC invocations=9442 (full 4):
 def new generation   total 2913792K, used 2613745K [0x00007fe4c4600000, 0x00007fe589fa0000, 0x00007fea19b50000)
  eden space 2590080K, 100% used [0x00007fe4c4600000, 0x00007fe562760000, 0x00007fe562760000)
  from space 323712K,   7% used [0x00007fe562760000, 0x00007fe563e7c648, 0x00007fe576380000)
  to   space 323712K,   0% used [0x00007fe576380000, 0x00007fe576380000, 0x00007fe589fa0000)
 tenured generation   total 6474956K, used 6465053K [0x00007fea19b50000, 0x00007feba4e83000, 0x00007ff4c4600000)
   the space 6474956K,  99% used [0x00007fea19b50000, 0x00007feba44d7408, 0x00007feba44d7600, 0x00007feba4e83000)
 Metaspace       used 24308K, capacity 24754K, committed 24832K, reserved 26624K
}
Event: 10898.893 GC heap after
{Heap after GC invocations=9443 (full 4):
 def new generation   total 2913792K, used 23727K [0x00007fe4c4600000, 0x00007fe589fa0000, 0x00007fea19b50000)
  eden space 2590080K,   0% used [0x00007fe4c4600000, 0x00007fe4c4600000, 0x00007fe562760000)
  from space 323712K,   7% used [0x00007fe576380000, 0x00007fe577aabf50, 0x00007fe589fa0000)
  to   space 323712K,   0% used [0x00007fe562760000, 0x00007fe562760000, 0x00007fe576380000)
 tenured generation   total 6474956K, used 6466283K [0x00007fea19b50000, 0x00007feba4e83000, 0x00007ff4c4600000)
   the space 6474956K,  99% used [0x00007fea19b50000, 0x00007feba460ad28, 0x00007feba460ae00, 0x00007feba4e83000)
 Metaspace       used 24308K, capacity 24754K, committed 24832K, reserved 26624K
}
Event: 10901.361 GC heap before
{Heap before GC invocations=9443 (full 4):
 def new generation   total 2913792K, used 2613807K [0x00007fe4c4600000, 0x00007fe589fa0000, 0x00007fea19b50000)
  eden space 2590080K, 100% used [0x00007fe4c4600000, 0x00007fe562760000, 0x00007fe562760000)
  from space 323712K,   7% used [0x00007fe576380000, 0x00007fe577aabf50, 0x00007fe589fa0000)
  to   space 323712K,   0% used [0x00007fe562760000, 0x00007fe562760000, 0x00007fe576380000)
 tenured generation   total 6474956K, used 6466283K [0x00007fea19b50000, 0x00007feba4e83000, 0x00007ff4c4600000)
   the space 6474956K,  99% used [0x00007fea19b50000, 0x00007feba460ad28, 0x00007feba460ae00, 0x00007feba4e83000)
 Metaspace       used 24308K, capacity 24754K, committed 24832K, reserved 26624K
}
Event: 10901.434 GC heap after
{Heap after GC invocations=9444 (full 4):
 def new generation   total 2913792K, used 23337K [0x00007fe4c4600000, 0x00007fe589fa0000, 0x00007fea19b50000)
  eden space 2590080K,   0% used [0x00007fe4c4600000, 0x00007fe4c4600000, 0x00007fe562760000)
  from space 323712K,   7% used [0x00007fe562760000, 0x00007fe563e2a628, 0x00007fe576380000)
  to   space 323712K,   0% used [0x00007fe576380000, 0x00007fe576380000, 0x00007fe589fa0000)
 tenured generation   total 6474956K, used 6468092K [0x00007fea19b50000, 0x00007feba4e83000, 0x00007ff4c4600000)
   the space 6474956K,  99% used [0x00007fea19b50000, 0x00007feba47cf118, 0x00007feba47cf200, 0x00007feba4e83000)
 Metaspace       used 24308K, capacity 24754K, committed 24832K, reserved 26624K
}
Event: 10903.815 GC heap before
{Heap before GC invocations=9444 (full 4):
 def new generation   total 2913792K, used 2613417K [0x00007fe4c4600000, 0x00007fe589fa0000, 0x00007fea19b50000)
  eden space 2590080K, 100% used [0x00007fe4c4600000, 0x00007fe562760000, 0x00007fe562760000)
  from space 323712K,   7% used [0x00007fe562760000, 0x00007fe563e2a628, 0x00007fe576380000)
  to   space 323712K,   0% used [0x00007fe576380000, 0x00007fe576380000, 0x00007fe589fa0000)
 tenured generation   total 6474956K, used 6468092K [0x00007fea19b50000, 0x00007feba4e83000, 0x00007ff4c4600000)
   the space 6474956K,  99% used [0x00007fea19b50000, 0x00007feba47cf118, 0x00007feba47cf200, 0x00007feba4e83000)
 Metaspace       used 24308K, capacity 24754K, committed 24832K, reserved 26624K
}
Event: 10903.883 GC heap after
{Heap after GC invocations=9445 (full 4):
 def new generation   total 2913792K, used 22740K [0x00007fe4c4600000, 0x00007fe589fa0000, 0x00007fea19b50000)
  eden space 2590080K,   0% used [0x00007fe4c4600000, 0x00007fe4c4600000, 0x00007fe562760000)
  from space 323712K,   7% used [0x00007fe576380000, 0x00007fe5779b52b0, 0x00007fe589fa0000)
  to   space 323712K,   0% used [0x00007fe562760000, 0x00007fe562760000, 0x00007fe576380000)
 tenured generation   total 6474956K, used 6470118K [0x00007fea19b50000, 0x00007feba4e83000, 0x00007ff4c4600000)
   the space 6474956K,  99% used [0x00007fea19b50000, 0x00007feba49c99a8, 0x00007feba49c9a00, 0x00007feba4e83000)
 Metaspace       used 24308K, capacity 24754K, committed 24832K, reserved 26624K
}
Event: 10906.371 GC heap before
{Heap before GC invocations=9445 (full 4):
 def new generation   total 2913792K, used 2612820K [0x00007fe4c4600000, 0x00007fe589fa0000, 0x00007fea19b50000)
  eden space 2590080K, 100% used [0x00007fe4c4600000, 0x00007fe562760000, 0x00007fe562760000)
  from space 323712K,   7% used [0x00007fe576380000, 0x00007fe5779b52b0, 0x00007fe589fa0000)
  to   space 323712K,   0% used [0x00007fe562760000, 0x00007fe562760000, 0x00007fe576380000)
 tenured generation   total 6474956K, used 6470118K [0x00007fea19b50000, 0x00007feba4e83000, 0x00007ff4c4600000)
   the space 6474956K,  99% used [0x00007fea19b50000, 0x00007feba49c99a8, 0x00007feba49c9a00, 0x00007feba4e83000)
 Metaspace       used 24308K, capacity 24754K, committed 24832K, reserved 26624K
}
Event: 10906.432 GC heap after
{Heap after GC invocations=9446 (full 4):
 def new generation   total 2913792K, used 22346K [0x00007fe4c4600000, 0x00007fe589fa0000, 0x00007fea19b50000)
  eden space 2590080K,   0% used [0x00007fe4c4600000, 0x00007fe4c4600000, 0x00007fe562760000)
  from space 323712K,   6% used [0x00007fe562760000, 0x00007fe563d32800, 0x00007fe576380000)
  to   space 323712K,   0% used [0x00007fe576380000, 0x00007fe576380000, 0x00007fe589fa0000)
 tenured generation   total 6474956K, used 6471942K [0x00007fea19b50000, 0x00007feba4e83000, 0x00007ff4c4600000)
   the space 6474956K,  99% used [0x00007fea19b50000, 0x00007feba4b91b00, 0x00007feba4b91c00, 0x00007feba4e83000)
 Metaspace       used 24308K, capacity 24754K, committed 24832K, reserved 26624K
}
Event: 10908.759 GC heap before
{Heap before GC invocations=9446 (full 4):
 def new generation   total 2913792K, used 2612426K [0x00007fe4c4600000, 0x00007fe589fa0000, 0x00007fea19b50000)
  eden space 2590080K, 100% used [0x00007fe4c4600000, 0x00007fe562760000, 0x00007fe562760000)
  from space 323712K,   6% used [0x00007fe562760000, 0x00007fe563d32800, 0x00007fe576380000)
  to   space 323712K,   0% used [0x00007fe576380000, 0x00007fe576380000, 0x00007fe589fa0000)
 tenured generation   total 6474956K, used 6471942K [0x00007fea19b50000, 0x00007feba4e83000, 0x00007ff4c4600000)
   the space 6474956K,  99% used [0x00007fea19b50000, 0x00007feba4b91b00, 0x00007feba4b91c00, 0x00007feba4e83000)
 Metaspace       used 24308K, capacity 24754K, committed 24832K, reserved 26624K
}
Event: 10908.830 GC heap after
{Heap after GC invocations=9447 (full 4):
 def new generation   total 2913792K, used 22646K [0x00007fe4c4600000, 0x00007fe589fa0000, 0x00007fea19b50000)
  eden space 2590080K,   0% used [0x00007fe4c4600000, 0x00007fe4c4600000, 0x00007fe562760000)
  from space 323712K,   6% used [0x00007fe576380000, 0x00007fe57799d958, 0x00007fe589fa0000)
  to   space 323712K,   0% used [0x00007fe562760000, 0x00007fe562760000, 0x00007fe576380000)
 tenured generation   total 6474956K, used 6473005K [0x00007fea19b50000, 0x00007feba4e83000, 0x00007ff4c4600000)
   the space 6474956K,  99% used [0x00007fea19b50000, 0x00007feba4c9b778, 0x00007feba4c9b800, 0x00007feba4e83000)
 Metaspace       used 24308K, capacity 24754K, committed 24832K, reserved 26624K
}
Event: 10911.201 GC heap before
{Heap before GC invocations=9447 (full 4):
 def new generation   total 2913792K, used 2612726K [0x00007fe4c4600000, 0x00007fe589fa0000, 0x00007fea19b50000)
  eden space 2590080K, 100% used [0x00007fe4c4600000, 0x00007fe562760000, 0x00007fe562760000)
  from space 323712K,   6% used [0x00007fe576380000, 0x00007fe57799d958, 0x00007fe589fa0000)
  to   space 323712K,   0% used [0x00007fe562760000, 0x00007fe562760000, 0x00007fe576380000)
 tenured generation   total 6474956K, used 6473005K [0x00007fea19b50000, 0x00007feba4e83000, 0x00007ff4c4600000)
   the space 6474956K,  99% used [0x00007fea19b50000, 0x00007feba4c9b778, 0x00007feba4c9b800, 0x00007feba4e83000)
 Metaspace       used 24308K, capacity 24754K, committed 24832K, reserved 26624K
}
Event: 10911.271 GC heap after
{Heap after GC invocations=9448 (full 4):
 def new generation   total 2913792K, used 22467K [0x00007fe4c4600000, 0x00007fe589fa0000, 0x00007fea19b50000)
  eden space 2590080K,   0% used [0x00007fe4c4600000, 0x00007fe4c4600000, 0x00007fe562760000)
  from space 323712K,   6% used [0x00007fe562760000, 0x00007fe563d50dc0, 0x00007fe576380000)
  to   space 323712K,   0% used [0x00007fe576380000, 0x00007fe576380000, 0x00007fe589fa0000)
 tenured generation   total 6474956K, used 6474206K [0x00007fea19b50000, 0x00007feba4e83000, 0x00007ff4c4600000)
   the space 6474956K,  99% used [0x00007fea19b50000, 0x00007feba4dc7818, 0x00007feba4dc7a00, 0x00007feba4e83000)
 Metaspace       used 24308K, capacity 24754K, committed 24832K, reserved 26624K
}
Event: 10913.661 GC heap before
{Heap before GC invocations=9448 (full 4):
 def new generation   total 2913792K, used 2612547K [0x00007fe4c4600000, 0x00007fe589fa0000, 0x00007fea19b50000)
  eden space 2590080K, 100% used [0x00007fe4c4600000, 0x00007fe562760000, 0x00007fe562760000)
  from space 323712K,   6% used [0x00007fe562760000, 0x00007fe563d50dc0, 0x00007fe576380000)
  to   space 323712K,   0% used [0x00007fe576380000, 0x00007fe576380000, 0x00007fe589fa0000)
 tenured generation   total 6474956K, used 6474206K [0x00007fea19b50000, 0x00007feba4e83000, 0x00007ff4c4600000)
   the space 6474956K,  99% used [0x00007fea19b50000, 0x00007feba4dc7818, 0x00007feba4dc7a00, 0x00007feba4e83000)
 Metaspace       used 24308K, capacity 24754K, committed 24832K, reserved 26624K
}
Event: 10913.722 GC heap after
{Heap after GC invocations=9449 (full 4):
 def new generation   total 2913792K, used 22010K [0x00007fe4c4600000, 0x00007fe589fa0000, 0x00007fea19b50000)
  eden space 2590080K,   0% used [0x00007fe4c4600000, 0x00007fe4c4600000, 0x00007fe562760000)
  from space 323712K,   6% used [0x00007fe576380000, 0x00007fe5778feb40, 0x00007fe589fa0000)
  to   space 323712K,   0% used [0x00007fe562760000, 0x00007fe562760000, 0x00007fe576380000)
 tenured generation   total 6475916K, used 6475771K [0x00007fea19b50000, 0x00007feba4f73000, 0x00007ff4c4600000)
   the space 6475916K,  99% used [0x00007fea19b50000, 0x00007feba4f4ed58, 0x00007feba4f4ee00, 0x00007feba4f73000)
 Metaspace       used 24308K, capacity 24754K, committed 24832K, reserved 26624K
}
Event: 10913.722 GC heap before
{Heap before GC invocations=9449 (full 4):
 def new generation   total 2913792K, used 22010K [0x00007fe4c4600000, 0x00007fe589fa0000, 0x00007fea19b50000)
  eden space 2590080K,   0% used [0x00007fe4c4600000, 0x00007fe4c4600000, 0x00007fe562760000)
  from space 323712K,   6% used [0x00007fe576380000, 0x00007fe5778feb40, 0x00007fe589fa0000)
  to   space 323712K,   0% used [0x00007fe562760000, 0x00007fe562760000, 0x00007fe576380000)
 tenured generation   total 6475916K, used 6475771K [0x00007fea19b50000, 0x00007feba4f73000, 0x00007ff4c4600000)
   the space 6475916K,  99% used [0x00007fea19b50000, 0x00007feba4f4ed58, 0x00007feba4f4ee00, 0x00007feba4f73000)
 Metaspace       used 24308K, capacity 24754K, committed 24832K, reserved 26624K
}

