# JRE version: OpenJDK Runtime Environment (13.0.7+5) (build 13.0.7+5-Ubuntu-0ubuntu120.04)
# Java VM: OpenJDK 64-Bit Server VM (13.0.7+5-Ubuntu-0ubuntu120.04, mixed mode, tiered, serial gc, linux-amd64)
Heap:
 def new generation   total 6305728K, used 4305373K [0x00007efb84600000, 0x00007efd30020000, 0x00007f00d9b50000)
  eden space 5605120K,  76% used [0x00007efb84600000, 0x00007efc8b277410, 0x00007efcda7c0000)
  from space 700608K,   0% used [0x00007efd053f0000, 0x00007efd053f02d8, 0x00007efd30020000)
  to   space 700608K,   0% used [0x00007efcda7c0000, 0x00007efcda7c0338, 0x00007efd053f0000)
 tenured generation   total 14012592K, used 12602395K [0x00007f00d9b50000, 0x00007f0430f7c000, 0x00007f0b84600000)
   the space 14012592K,  89% used [0x00007f00d9b50000, 0x00007f03dae56d98, 0x00007f03dae56e00, 0x00007f0430f7c000)
 Metaspace       used 23419K, capacity 23821K, committed 24064K, reserved 24576K
GC Heap History (20 events):
Event: 125.320 GC heap after
{Heap after GC invocations=31 (full 14):
 def new generation   total 6305728K, used 288700K [0x00007efb84600000, 0x00007efd30020000, 0x00007f00d9b50000)
  eden space 5605120K,   0% used [0x00007efb84600000, 0x00007efb84600000, 0x00007efcda7c0000)
  from space 700608K,  41% used [0x00007efd053f0000, 0x00007efd16ddf0c8, 0x00007efd30020000)
  to   space 700608K,   0% used [0x00007efcda7c0000, 0x00007efcda7c0000, 0x00007efd053f0000)
 tenured generation   total 14012592K, used 11028993K [0x00007f00d9b50000, 0x00007f0430f7c000, 0x00007f0b84600000)
   the space 14012592K,  78% used [0x00007f00d9b50000, 0x00007f037add0688, 0x00007f037add0800, 0x00007f0430f7c000)
 Metaspace       used 23414K, capacity 23821K, committed 24064K, reserved 24576K
}
Event: 125.320 GC heap before
{Heap before GC invocations=31 (full 14):
 def new generation   total 6305728K, used 288700K [0x00007efb84600000, 0x00007efd30020000, 0x00007f00d9b50000)
  eden space 5605120K,   0% used [0x00007efb84600000, 0x00007efb84600000, 0x00007efcda7c0000)
  from space 700608K,  41% used [0x00007efd053f0000, 0x00007efd16ddf0c8, 0x00007efd30020000)
  to   space 700608K,   0% used [0x00007efcda7c0000, 0x00007efcda7c0000, 0x00007efd053f0000)
 tenured generation   total 14012592K, used 11028993K [0x00007f00d9b50000, 0x00007f0430f7c000, 0x00007f0b84600000)
   the space 14012592K,  78% used [0x00007f00d9b50000, 0x00007f037add0688, 0x00007f037add0800, 0x00007f0430f7c000)
 Metaspace       used 23414K, capacity 23821K, committed 24064K, reserved 24576K
}
Event: 125.353 GC heap after
{Heap after GC invocations=31 (full 15):
 def new generation   total 6305728K, used 0K [0x00007efb84600000, 0x00007efd30020000, 0x00007f00d9b50000)
  eden space 5605120K,   0% used [0x00007efb84600000, 0x00007efb84600000, 0x00007efcda7c0000)
  from space 700608K,   0% used [0x00007efd053f0000, 0x00007efd053f0000, 0x00007efd30020000)
  to   space 700608K,   0% used [0x00007efcda7c0000, 0x00007efcda7c0000, 0x00007efd053f0000)
 tenured generation   total 14012592K, used 27899K [0x00007f00d9b50000, 0x00007f0430f7c000, 0x00007f0b84600000)
   the space 14012592K,   0% used [0x00007f00d9b50000, 0x00007f00db68ed88, 0x00007f00db68ee00, 0x00007f0430f7c000)
 Metaspace       used 23414K, capacity 23821K, committed 24064K, reserved 24576K
}
Event: 133.678 GC heap before
{Heap before GC invocations=31 (full 15):
 def new generation   total 6305728K, used 4303951K [0x00007efb84600000, 0x00007efd30020000, 0x00007f00d9b50000)
  eden space 5605120K,  76% used [0x00007efb84600000, 0x00007efc8b113c40, 0x00007efcda7c0000)
  from space 700608K,   0% used [0x00007efd053f0000, 0x00007efd053f0000, 0x00007efd30020000)
  to   space 700608K,   0% used [0x00007efcda7c0000, 0x00007efcda7c0000, 0x00007efd053f0000)
 tenured generation   total 14012592K, used 8416507K [0x00007f00d9b50000, 0x00007f0430f7c000, 0x00007f0b84600000)
   the space 14012592K,  60% used [0x00007f00d9b50000, 0x00007f02db68eda0, 0x00007f02db68ee00, 0x00007f0430f7c000)
 Metaspace       used 23414K, capacity 23821K, committed 24064K, reserved 24576K
}
Event: 134.387 GC heap after
{Heap after GC invocations=32 (full 15):
 def new generation   total 6305728K, used 0K [0x00007efb84600000, 0x00007efd30020000, 0x00007f00d9b50000)
  eden space 5605120K,   0% used [0x00007efb84600000, 0x00007efb84600000, 0x00007efcda7c0000)
  from space 700608K,   0% used [0x00007efcda7c0000, 0x00007efcda7c02d8, 0x00007efd053f0000)
  to   space 700608K,   0% used [0x00007efd053f0000, 0x00007efd053f0000, 0x00007efd30020000)
 tenured generation   total 14012592K, used 12610811K [0x00007f00d9b50000, 0x00007f0430f7c000, 0x00007f0b84600000)
   the space 14012592K,  89% used [0x00007f00d9b50000, 0x00007f03db68edb8, 0x00007f03db68ee00, 0x00007f0430f7c000)
 Metaspace       used 23414K, capacity 23821K, committed 24064K, reserved 24576K
}
Event: 135.208 GC heap before
{Heap before GC invocations=32 (full 15):
 def new generation   total 6305728K, used 4304811K [0x00007efb84600000, 0x00007efd30020000, 0x00007f00d9b50000)
  eden space 5605120K,  76% used [0x00007efb84600000, 0x00007efc8b1ea9f0, 0x00007efcda7c0000)
  from space 700608K,   0% used [0x00007efcda7c0000, 0x00007efcda7c02d8, 0x00007efd053f0000)
  to   space 700608K,   0% used [0x00007efd053f0000, 0x00007efd053f0000, 0x00007efd30020000)
 tenured generation   total 14012592K, used 12610811K [0x00007f00d9b50000, 0x00007f0430f7c000, 0x00007f0b84600000)
   the space 14012592K,  89% used [0x00007f00d9b50000, 0x00007f03db68edb8, 0x00007f03db68ee00, 0x00007f0430f7c000)
 Metaspace       used 23414K, capacity 23821K, committed 24064K, reserved 24576K
}
Event: 137.064 GC heap after
{Heap after GC invocations=33 (full 15):
 def new generation   total 6305728K, used 1K [0x00007efb84600000, 0x00007efd30020000, 0x00007f00d9b50000)
  eden space 5605120K,   0% used [0x00007efb84600000, 0x00007efb84600000, 0x00007efcda7c0000)
  from space 700608K,   0% used [0x00007efd053f0000, 0x00007efd053f0550, 0x00007efd30020000)
  to   space 700608K,   0% used [0x00007efcda7c0000, 0x00007efcda7c0000, 0x00007efd053f0000)
 tenured generation   total 18206900K, used 16805115K [0x00007f00d9b50000, 0x00007f0530f7d000, 0x00007f0b84600000)
   the space 18206900K,  92% used [0x00007f00d9b50000, 0x00007f04db68edd0, 0x00007f04db68ee00, 0x00007f0530f7d000)
 Metaspace       used 23414K, capacity 23821K, committed 24064K, reserved 24576K
}
Event: 137.064 GC heap before
{Heap before GC invocations=33 (full 15):
 def new generation   total 6305728K, used 1K [0x00007efb84600000, 0x00007efd30020000, 0x00007f00d9b50000)
  eden space 5605120K,   0% used [0x00007efb84600000, 0x00007efb84600000, 0x00007efcda7c0000)
  from space 700608K,   0% used [0x00007efd053f0000, 0x00007efd053f0550, 0x00007efd30020000)
  to   space 700608K,   0% used [0x00007efcda7c0000, 0x00007efcda7c0000, 0x00007efd053f0000)
 tenured generation   total 18206900K, used 16805115K [0x00007f00d9b50000, 0x00007f0530f7d000, 0x00007f0b84600000)
   the space 18206900K,  92% used [0x00007f00d9b50000, 0x00007f04db68edd0, 0x00007f04db68ee00, 0x00007f0530f7d000)
 Metaspace       used 23414K, capacity 23821K, committed 24064K, reserved 24576K
}
Event: 138.172 GC heap after
{Heap after GC invocations=33 (full 16):
 def new generation   total 6305728K, used 0K [0x00007efb84600000, 0x00007efd30020000, 0x00007f00d9b50000)
  eden space 5605120K,   0% used [0x00007efb84600000, 0x00007efb84600000, 0x00007efcda7c0000)
  from space 700608K,   0% used [0x00007efd053f0000, 0x00007efd053f0000, 0x00007efd30020000)
  to   space 700608K,   0% used [0x00007efcda7c0000, 0x00007efcda7c0000, 0x00007efd053f0000)
 tenured generation   total 14012592K, used 8399058K [0x00007f00d9b50000, 0x00007f0430f7c000, 0x00007f0b84600000)
   the space 14012592K,  59% used [0x00007f00d9b50000, 0x00007f02da5848a0, 0x00007f02da584a00, 0x00007f0430f7c000)
 Metaspace       used 23414K, capacity 23821K, committed 24064K, reserved 24576K
}
Event: 141.652 GC heap before
{Heap before GC invocations=33 (full 16):
 def new generation   total 6305728K, used 5352937K [0x00007efb84600000, 0x00007efd30020000, 0x00007f00d9b50000)
  eden space 5605120K,  95% used [0x00007efb84600000, 0x00007efccb17a788, 0x00007efcda7c0000)
  from space 700608K,   0% used [0x00007efd053f0000, 0x00007efd053f0000, 0x00007efd30020000)
  to   space 700608K,   0% used [0x00007efcda7c0000, 0x00007efcda7c0000, 0x00007efd053f0000)
 tenured generation   total 14012592K, used 8399058K [0x00007f00d9b50000, 0x00007f0430f7c000, 0x00007f0b84600000)
   the space 14012592K,  59% used [0x00007f00d9b50000, 0x00007f02da5848a0, 0x00007f02da584a00, 0x00007f0430f7c000)
 Metaspace       used 23414K, capacity 23821K, committed 24064K, reserved 24576K
}
Event: 141.779 GC heap after
{Heap after GC invocations=34 (full 16):
 def new generation   total 6305728K, used 0K [0x00007efb84600000, 0x00007efd30020000, 0x00007f00d9b50000)
  eden space 5605120K,   0% used [0x00007efb84600000, 0x00007efb84600000, 0x00007efcda7c0000)
  from space 700608K,   0% used [0x00007efcda7c0000, 0x00007efcda7c02f0, 0x00007efd053f0000)
  to   space 700608K,   0% used [0x00007efd053f0000, 0x00007efd053f0000, 0x00007efd30020000)
 tenured generation   total 14012592K, used 9447634K [0x00007f00d9b50000, 0x00007f0430f7c000, 0x00007f0b84600000)
   the space 14012592K,  67% used [0x00007f00d9b50000, 0x00007f031a5848b8, 0x00007f031a584a00, 0x00007f0430f7c000)
 Metaspace       used 23414K, capacity 23821K, committed 24064K, reserved 24576K
}
Event: 144.468 GC heap before
{Heap before GC invocations=34 (full 16):
 def new generation   total 6305728K, used 4570326K [0x00007efb84600000, 0x00007efd30020000, 0x00007f00d9b50000)
  eden space 5605120K,  81% used [0x00007efb84600000, 0x00007efc9b5357f8, 0x00007efcda7c0000)
  from space 700608K,   0% used [0x00007efcda7c0000, 0x00007efcda7c02f0, 0x00007efd053f0000)
  to   space 700608K,   0% used [0x00007efd053f0000, 0x00007efd053f0000, 0x00007efd30020000)
 tenured generation   total 14012592K, used 9447634K [0x00007f00d9b50000, 0x00007f0430f7c000, 0x00007f0b84600000)
   the space 14012592K,  67% used [0x00007f00d9b50000, 0x00007f031a5848b8, 0x00007f031a584a00, 0x00007f0430f7c000)
 Metaspace       used 23416K, capacity 23821K, committed 24064K, reserved 24576K
}
Event: 144.583 GC heap after
{Heap after GC invocations=35 (full 16):
 def new generation   total 6305728K, used 313240K [0x00007efb84600000, 0x00007efd30020000, 0x00007f00d9b50000)
  eden space 5605120K,   0% used [0x00007efb84600000, 0x00007efb84600000, 0x00007efcda7c0000)
  from space 700608K,  44% used [0x00007efd053f0000, 0x00007efd185d6220, 0x00007efd30020000)
  to   space 700608K,   0% used [0x00007efcda7c0000, 0x00007efcda7c0000, 0x00007efd053f0000)
 tenured generation   total 14012592K, used 9971922K [0x00007f00d9b50000, 0x00007f0430f7c000, 0x00007f0b84600000)
   the space 14012592K,  71% used [0x00007f00d9b50000, 0x00007f033a5848d0, 0x00007f033a584a00, 0x00007f0430f7c000)
 Metaspace       used 23416K, capacity 23821K, committed 24064K, reserved 24576K
}
Event: 146.777 GC heap before
{Heap before GC invocations=35 (full 16):
 def new generation   total 6305728K, used 4224098K [0x00007efb84600000, 0x00007efd30020000, 0x00007f00d9b50000)
  eden space 5605120K,  69% used [0x00007efb84600000, 0x00007efc731328b8, 0x00007efcda7c0000)
  from space 700608K,  44% used [0x00007efd053f0000, 0x00007efd185d6220, 0x00007efd30020000)
  to   space 700608K,   0% used [0x00007efcda7c0000, 0x00007efcda7c0000, 0x00007efd053f0000)
 tenured generation   total 14012592K, used 9971922K [0x00007f00d9b50000, 0x00007f0430f7c000, 0x00007f0b84600000)
   the space 14012592K,  71% used [0x00007f00d9b50000, 0x00007f033a5848d0, 0x00007f033a584a00, 0x00007f0430f7c000)
 Metaspace       used 23419K, capacity 23821K, committed 24064K, reserved 24576K
}
Event: 146.824 GC heap after
{Heap after GC invocations=36 (full 16):
 def new generation   total 6305728K, used 288922K [0x00007efb84600000, 0x00007efd30020000, 0x00007f00d9b50000)
  eden space 5605120K,   0% used [0x00007efb84600000, 0x00007efb84600000, 0x00007efcda7c0000)
  from space 700608K,  41% used [0x00007efcda7c0000, 0x00007efcec1e6b00, 0x00007efd053f0000)
  to   space 700608K,   0% used [0x00007efd053f0000, 0x00007efd053f0000, 0x00007efd30020000)
 tenured generation   total 14012592K, used 9971922K [0x00007f00d9b50000, 0x00007f0430f7c000, 0x00007f0b84600000)
   the space 14012592K,  71% used [0x00007f00d9b50000, 0x00007f033a5848d0, 0x00007f033a584a00, 0x00007f0430f7c000)
 Metaspace       used 23419K, capacity 23821K, committed 24064K, reserved 24576K
}
Event: 146.824 GC heap before
{Heap before GC invocations=36 (full 16):
 def new generation   total 6305728K, used 288922K [0x00007efb84600000, 0x00007efd30020000, 0x00007f00d9b50000)
  eden space 5605120K,   0% used [0x00007efb84600000, 0x00007efb84600000, 0x00007efcda7c0000)
  from space 700608K,  41% used [0x00007efcda7c0000, 0x00007efcec1e6b00, 0x00007efd053f0000)
  to   space 700608K,   0% used [0x00007efd053f0000, 0x00007efd053f0000, 0x00007efd30020000)
 tenured generation   total 14012592K, used 9971922K [0x00007f00d9b50000, 0x00007f0430f7c000, 0x00007f0b84600000)
   the space 14012592K,  71% used [0x00007f00d9b50000, 0x00007f033a5848d0, 0x00007f033a584a00, 0x00007f0430f7c000)
 Metaspace       used 23419K, capacity 23821K, committed 24064K, reserved 24576K
}
Event: 146.851 GC heap after
{Heap after GC invocations=36 (full 17):
 def new generation   total 6305728K, used 0K [0x00007efb84600000, 0x00007efd30020000, 0x00007f00d9b50000)
  eden space 5605120K,   0% used [0x00007efb84600000, 0x00007efb84600000, 0x00007efcda7c0000)
  from space 700608K,   0% used [0x00007efcda7c0000, 0x00007efcda7c0000, 0x00007efd053f0000)
  to   space 700608K,   0% used [0x00007efd053f0000, 0x00007efd053f0000, 0x00007efd30020000)
 tenured generation   total 14012592K, used 19483K [0x00007f00d9b50000, 0x00007f0430f7c000, 0x00007f0b84600000)
   the space 14012592K,   0% used [0x00007f00d9b50000, 0x00007f00dae56d68, 0x00007f00dae56e00, 0x00007f0430f7c000)
 Metaspace       used 23419K, capacity 23821K, committed 24064K, reserved 24576K
}
Event: 154.521 GC heap before
{Heap before GC invocations=36 (full 17):
 def new generation   total 6305728K, used 4304816K [0x00007efb84600000, 0x00007efd30020000, 0x00007f00d9b50000)
  eden space 5605120K,  76% used [0x00007efb84600000, 0x00007efc8b1ec200, 0x00007efcda7c0000)
  from space 700608K,   0% used [0x00007efcda7c0000, 0x00007efcda7c0000, 0x00007efd053f0000)
  to   space 700608K,   0% used [0x00007efd053f0000, 0x00007efd053f0000, 0x00007efd30020000)
 tenured generation   total 14012592K, used 8408091K [0x00007f00d9b50000, 0x00007f0430f7c000, 0x00007f0b84600000)
   the space 14012592K,  60% used [0x00007f00d9b50000, 0x00007f02dae56d80, 0x00007f02dae56e00, 0x00007f0430f7c000)
 Metaspace       used 23419K, capacity 23821K, committed 24064K, reserved 24576K
}
Event: 155.063 GC heap after
{Heap after GC invocations=37 (full 17):
 def new generation   total 6305728K, used 0K [0x00007efb84600000, 0x00007efd30020000, 0x00007f00d9b50000)
  eden space 5605120K,   0% used [0x00007efb84600000, 0x00007efb84600000, 0x00007efcda7c0000)
  from space 700608K,   0% used [0x00007efd053f0000, 0x00007efd053f02d8, 0x00007efd30020000)
  to   space 700608K,   0% used [0x00007efcda7c0000, 0x00007efcda7c0000, 0x00007efd053f0000)
 tenured generation   total 14012592K, used 12602395K [0x00007f00d9b50000, 0x00007f0430f7c000, 0x00007f0b84600000)
   the space 14012592K,  89% used [0x00007f00d9b50000, 0x00007f03dae56d98, 0x00007f03dae56e00, 0x00007f0430f7c000)
 Metaspace       used 23419K, capacity 23821K, committed 24064K, reserved 24576K
}
Event: 155.847 GC heap before
{Heap before GC invocations=37 (full 17):
 def new generation   total 6305728K, used 4305373K [0x00007efb84600000, 0x00007efd30020000, 0x00007f00d9b50000)
  eden space 5605120K,  76% used [0x00007efb84600000, 0x00007efc8b277410, 0x00007efcda7c0000)
  from space 700608K,   0% used [0x00007efd053f0000, 0x00007efd053f02d8, 0x00007efd30020000)
  to   space 700608K,   0% used [0x00007efcda7c0000, 0x00007efcda7c0000, 0x00007efd053f0000)
 tenured generation   total 14012592K, used 12602395K [0x00007f00d9b50000, 0x00007f0430f7c000, 0x00007f0b84600000)
   the space 14012592K,  89% used [0x00007f00d9b50000, 0x00007f03dae56d98, 0x00007f03dae56e00, 0x00007f0430f7c000)
 Metaspace       used 23419K, capacity 23821K, committed 24064K, reserved 24576K
}

