# JRE version: OpenJDK Runtime Environment (13.0.7+5) (build 13.0.7+5-Ubuntu-0ubuntu120.04)
# Java VM: OpenJDK 64-Bit Server VM (13.0.7+5-Ubuntu-0ubuntu120.04, mixed mode, tiered, serial gc, linux-amd64)
Heap:
 def new generation   total 4776960K, used 0K [0x00007f2b98600000, 0x00007f2cdc550000, 0x00007f30edb50000)
  eden space 4246208K,   0% used [0x00007f2b98600000, 0x00007f2b98600000, 0x00007f2c9b8b0000)
  from space 530752K,   0% used [0x00007f2c9b8b0000, 0x00007f2c9b8b0000, 0x00007f2cbbf00000)
  to   space 530752K,   0% used [0x00007f2cbbf00000, 0x00007f2cbbf00000, 0x00007f2cdc550000)
 tenured generation   total 10774708K, used 8969075K [0x00007f30edb50000, 0x00007f337f57d000, 0x00007f3b98600000)
   the space 10774708K,  83% used [0x00007f30edb50000, 0x00007f331122cf90, 0x00007f331122d000, 0x00007f337f57d000)
 Metaspace       used 30499K, capacity 30896K, committed 31232K, reserved 32768K
GC Heap History (20 events):
Event: 194.754 GC heap after
{Heap after GC invocations=78 (full 10):
 def new generation   total 3075776K, used 341696K [0x00007f2b98600000, 0x00007f2c68f60000, 0x00007f30edb50000)
  eden space 2734080K,   0% used [0x00007f2b98600000, 0x00007f2b98600000, 0x00007f2c3f400000)
  from space 341696K, 100% used [0x00007f2c3f400000, 0x00007f2c541b0000, 0x00007f2c541b0000)
  to   space 341696K,   0% used [0x00007f2c541b0000, 0x00007f2c541b0000, 0x00007f2c68f60000)
 tenured generation   total 7338056K, used 7337949K [0x00007f30edb50000, 0x00007f32ad962000, 0x00007f3b98600000)
   the space 7338056K,  99% used [0x00007f30edb50000, 0x00007f32ad9474e8, 0x00007f32ad947600, 0x00007f32ad962000)
 Metaspace       used 30499K, capacity 30896K, committed 31232K, reserved 32768K
}
Event: 194.754 GC heap before
{Heap before GC invocations=78 (full 10):
 def new generation   total 3075776K, used 341696K [0x00007f2b98600000, 0x00007f2c68f60000, 0x00007f30edb50000)
  eden space 2734080K,   0% used [0x00007f2b98600000, 0x00007f2b98600000, 0x00007f2c3f400000)
  from space 341696K, 100% used [0x00007f2c3f400000, 0x00007f2c541b0000, 0x00007f2c541b0000)
  to   space 341696K,   0% used [0x00007f2c541b0000, 0x00007f2c541b0000, 0x00007f2c68f60000)
 tenured generation   total 7338056K, used 7337949K [0x00007f30edb50000, 0x00007f32ad962000, 0x00007f3b98600000)
   the space 7338056K,  99% used [0x00007f30edb50000, 0x00007f32ad9474e8, 0x00007f32ad947600, 0x00007f32ad962000)
 Metaspace       used 30499K, capacity 30896K, committed 31232K, reserved 32768K
}
Event: 211.556 GC heap after
{Heap after GC invocations=78 (full 11):
 def new generation   total 4776960K, used 0K [0x00007f2b98600000, 0x00007f2cdc550000, 0x00007f30edb50000)
  eden space 4246208K,   0% used [0x00007f2b98600000, 0x00007f2b98600000, 0x00007f2c9b8b0000)
  from space 530752K,   0% used [0x00007f2c9b8b0000, 0x00007f2c9b8b0000, 0x00007f2cbbf00000)
  to   space 530752K,   0% used [0x00007f2cbbf00000, 0x00007f2cbbf00000, 0x00007f2cdc550000)
 tenured generation   total 10615348K, used 6369206K [0x00007f30edb50000, 0x00007f33759dd000, 0x00007f3b98600000)
   the space 10615348K,  59% used [0x00007f30edb50000, 0x00007f327273dbc8, 0x00007f327273dc00, 0x00007f33759dd000)
 Metaspace       used 30499K, capacity 30896K, committed 31232K, reserved 32768K
}
Event: 294.488 GC heap before
{Heap before GC invocations=78 (full 11):
 def new generation   total 4776960K, used 4246208K [0x00007f2b98600000, 0x00007f2cdc550000, 0x00007f30edb50000)
  eden space 4246208K, 100% used [0x00007f2b98600000, 0x00007f2c9b8b0000, 0x00007f2c9b8b0000)
  from space 530752K,   0% used [0x00007f2c9b8b0000, 0x00007f2c9b8b0000, 0x00007f2cbbf00000)
  to   space 530752K,   0% used [0x00007f2cbbf00000, 0x00007f2cbbf00000, 0x00007f2cdc550000)
 tenured generation   total 10615348K, used 6369206K [0x00007f30edb50000, 0x00007f33759dd000, 0x00007f3b98600000)
   the space 10615348K,  59% used [0x00007f30edb50000, 0x00007f327273dbc8, 0x00007f327273dc00, 0x00007f33759dd000)
 Metaspace       used 30499K, capacity 30896K, committed 31232K, reserved 32768K
}
Event: 296.127 GC heap after
{Heap after GC invocations=79 (full 11):
 def new generation   total 4776960K, used 530751K [0x00007f2b98600000, 0x00007f2cdc550000, 0x00007f30edb50000)
  eden space 4246208K,   0% used [0x00007f2b98600000, 0x00007f2b98600000, 0x00007f2c9b8b0000)
  from space 530752K,  99% used [0x00007f2cbbf00000, 0x00007f2cdc54fff0, 0x00007f2cdc550000)
  to   space 530752K,   0% used [0x00007f2c9b8b0000, 0x00007f2c9b8b0000, 0x00007f2cbbf00000)
 tenured generation   total 10615348K, used 6732387K [0x00007f30edb50000, 0x00007f33759dd000, 0x00007f3b98600000)
   the space 10615348K,  63% used [0x00007f30edb50000, 0x00007f32889e8da8, 0x00007f32889e8e00, 0x00007f33759dd000)
 Metaspace       used 30499K, capacity 30896K, committed 31232K, reserved 32768K
}
Event: 412.742 GC heap before
{Heap before GC invocations=79 (full 11):
 def new generation   total 4776960K, used 4776959K [0x00007f2b98600000, 0x00007f2cdc550000, 0x00007f30edb50000)
  eden space 4246208K, 100% used [0x00007f2b98600000, 0x00007f2c9b8b0000, 0x00007f2c9b8b0000)
  from space 530752K,  99% used [0x00007f2cbbf00000, 0x00007f2cdc54fff0, 0x00007f2cdc550000)
  to   space 530752K,   0% used [0x00007f2c9b8b0000, 0x00007f2c9b8b0000, 0x00007f2cbbf00000)
 tenured generation   total 10615348K, used 6732387K [0x00007f30edb50000, 0x00007f33759dd000, 0x00007f3b98600000)
   the space 10615348K,  63% used [0x00007f30edb50000, 0x00007f32889e8da8, 0x00007f32889e8e00, 0x00007f33759dd000)
 Metaspace       used 30499K, capacity 30896K, committed 31232K, reserved 32768K
}
Event: 415.100 GC heap after
{Heap after GC invocations=80 (full 11):
 def new generation   total 4776960K, used 530751K [0x00007f2b98600000, 0x00007f2cdc550000, 0x00007f30edb50000)
  eden space 4246208K,   0% used [0x00007f2b98600000, 0x00007f2b98600000, 0x00007f2c9b8b0000)
  from space 530752K,  99% used [0x00007f2c9b8b0000, 0x00007f2cbbeffff0, 0x00007f2cbbf00000)
  to   space 530752K,   0% used [0x00007f2cbbf00000, 0x00007f2cbbf00000, 0x00007f2cdc550000)
 tenured generation   total 10615348K, used 7626319K [0x00007f30edb50000, 0x00007f33759dd000, 0x00007f3b98600000)
   the space 10615348K,  71% used [0x00007f30edb50000, 0x00007f32bf2e3e68, 0x00007f32bf2e4000, 0x00007f33759dd000)
 Metaspace       used 30499K, capacity 30896K, committed 31232K, reserved 32768K
}
Event: 480.262 GC heap before
{Heap before GC invocations=80 (full 11):
 def new generation   total 4776960K, used 4776959K [0x00007f2b98600000, 0x00007f2cdc550000, 0x00007f30edb50000)
  eden space 4246208K, 100% used [0x00007f2b98600000, 0x00007f2c9b8b0000, 0x00007f2c9b8b0000)
  from space 530752K,  99% used [0x00007f2c9b8b0000, 0x00007f2cbbeffff0, 0x00007f2cbbf00000)
  to   space 530752K,   0% used [0x00007f2cbbf00000, 0x00007f2cbbf00000, 0x00007f2cdc550000)
 tenured generation   total 10615348K, used 7626319K [0x00007f30edb50000, 0x00007f33759dd000, 0x00007f3b98600000)
   the space 10615348K,  71% used [0x00007f30edb50000, 0x00007f32bf2e3e68, 0x00007f32bf2e4000, 0x00007f33759dd000)
 Metaspace       used 30499K, capacity 30896K, committed 31232K, reserved 32768K
}
Event: 482.372 GC heap after
{Heap after GC invocations=81 (full 11):
 def new generation   total 4776960K, used 530751K [0x00007f2b98600000, 0x00007f2cdc550000, 0x00007f30edb50000)
  eden space 4246208K,   0% used [0x00007f2b98600000, 0x00007f2b98600000, 0x00007f2c9b8b0000)
  from space 530752K,  99% used [0x00007f2cbbf00000, 0x00007f2cdc54ffe8, 0x00007f2cdc550000)
  to   space 530752K,   0% used [0x00007f2c9b8b0000, 0x00007f2c9b8b0000, 0x00007f2cbbf00000)
 tenured generation   total 10615348K, used 8416680K [0x00007f30edb50000, 0x00007f33759dd000, 0x00007f3b98600000)
   the space 10615348K,  79% used [0x00007f30edb50000, 0x00007f32ef6ba168, 0x00007f32ef6ba200, 0x00007f33759dd000)
 Metaspace       used 30499K, capacity 30896K, committed 31232K, reserved 32768K
}
Event: 483.662 GC heap before
{Heap before GC invocations=81 (full 11):
 def new generation   total 4776960K, used 4776959K [0x00007f2b98600000, 0x00007f2cdc550000, 0x00007f30edb50000)
  eden space 4246208K, 100% used [0x00007f2b98600000, 0x00007f2c9b8b0000, 0x00007f2c9b8b0000)
  from space 530752K,  99% used [0x00007f2cbbf00000, 0x00007f2cdc54ffe8, 0x00007f2cdc550000)
  to   space 530752K,   0% used [0x00007f2c9b8b0000, 0x00007f2c9b8b0000, 0x00007f2cbbf00000)
 tenured generation   total 10615348K, used 8416680K [0x00007f30edb50000, 0x00007f33759dd000, 0x00007f3b98600000)
   the space 10615348K,  79% used [0x00007f30edb50000, 0x00007f32ef6ba168, 0x00007f32ef6ba200, 0x00007f33759dd000)
 Metaspace       used 30499K, capacity 30896K, committed 31232K, reserved 32768K
}
Event: 485.262 GC heap after
{Heap after GC invocations=82 (full 11):
 def new generation   total 4776960K, used 455159K [0x00007f2b98600000, 0x00007f2cdc550000, 0x00007f30edb50000)
  eden space 4246208K,   0% used [0x00007f2b98600000, 0x00007f2b98600000, 0x00007f2c9b8b0000)
  from space 530752K,  85% used [0x00007f2c9b8b0000, 0x00007f2cb752dcf8, 0x00007f2cbbf00000)
  to   space 530752K,   0% used [0x00007f2cbbf00000, 0x00007f2cbbf00000, 0x00007f2cdc550000)
 tenured generation   total 10615348K, used 8947432K [0x00007f30edb50000, 0x00007f33759dd000, 0x00007f3b98600000)
   the space 10615348K,  84% used [0x00007f30edb50000, 0x00007f330fd0a090, 0x00007f330fd0a200, 0x00007f33759dd000)
 Metaspace       used 30499K, capacity 30896K, committed 31232K, reserved 32768K
}
Event: 486.551 GC heap before
{Heap before GC invocations=82 (full 11):
 def new generation   total 4776960K, used 4701367K [0x00007f2b98600000, 0x00007f2cdc550000, 0x00007f30edb50000)
  eden space 4246208K, 100% used [0x00007f2b98600000, 0x00007f2c9b8b0000, 0x00007f2c9b8b0000)
  from space 530752K,  85% used [0x00007f2c9b8b0000, 0x00007f2cb752dcf8, 0x00007f2cbbf00000)
  to   space 530752K,   0% used [0x00007f2cbbf00000, 0x00007f2cbbf00000, 0x00007f2cdc550000)
 tenured generation   total 10615348K, used 8947432K [0x00007f30edb50000, 0x00007f33759dd000, 0x00007f3b98600000)
   the space 10615348K,  84% used [0x00007f30edb50000, 0x00007f330fd0a090, 0x00007f330fd0a200, 0x00007f33759dd000)
 Metaspace       used 30499K, capacity 30896K, committed 31232K, reserved 32768K
}
Event: 488.041 GC heap after
{Heap after GC invocations=83 (full 11):
 def new generation   total 4776960K, used 458002K [0x00007f2b98600000, 0x00007f2cdc550000, 0x00007f30edb50000)
  eden space 4246208K,   0% used [0x00007f2b98600000, 0x00007f2b98600000, 0x00007f2c9b8b0000)
  from space 530752K,  86% used [0x00007f2cbbf00000, 0x00007f2cd7e44828, 0x00007f2cdc550000)
  to   space 530752K,   0% used [0x00007f2c9b8b0000, 0x00007f2c9b8b0000, 0x00007f2cbbf00000)
 tenured generation   total 10615348K, used 9402590K [0x00007f30edb50000, 0x00007f33759dd000, 0x00007f3b98600000)
   the space 10615348K,  88% used [0x00007f30edb50000, 0x00007f332b987b78, 0x00007f332b987c00, 0x00007f33759dd000)
 Metaspace       used 30499K, capacity 30896K, committed 31232K, reserved 32768K
}
Event: 489.339 GC heap before
{Heap before GC invocations=83 (full 11):
 def new generation   total 4776960K, used 4704210K [0x00007f2b98600000, 0x00007f2cdc550000, 0x00007f30edb50000)
  eden space 4246208K, 100% used [0x00007f2b98600000, 0x00007f2c9b8b0000, 0x00007f2c9b8b0000)
  from space 530752K,  86% used [0x00007f2cbbf00000, 0x00007f2cd7e44828, 0x00007f2cdc550000)
  to   space 530752K,   0% used [0x00007f2c9b8b0000, 0x00007f2c9b8b0000, 0x00007f2cbbf00000)
 tenured generation   total 10615348K, used 9402590K [0x00007f30edb50000, 0x00007f33759dd000, 0x00007f3b98600000)
   the space 10615348K,  88% used [0x00007f30edb50000, 0x00007f332b987b78, 0x00007f332b987c00, 0x00007f33759dd000)
 Metaspace       used 30499K, capacity 30896K, committed 31232K, reserved 32768K
}
Event: 490.822 GC heap after
{Heap after GC invocations=84 (full 11):
 def new generation   total 4776960K, used 459808K [0x00007f2b98600000, 0x00007f2cdc550000, 0x00007f30edb50000)
  eden space 4246208K,   0% used [0x00007f2b98600000, 0x00007f2b98600000, 0x00007f2c9b8b0000)
  from space 530752K,  86% used [0x00007f2c9b8b0000, 0x00007f2cb79b8190, 0x00007f2cbbf00000)
  to   space 530752K,   0% used [0x00007f2cbbf00000, 0x00007f2cbbf00000, 0x00007f2cdc550000)
 tenured generation   total 10615348K, used 9860592K [0x00007f30edb50000, 0x00007f33759dd000, 0x00007f3b98600000)
   the space 10615348K,  92% used [0x00007f30edb50000, 0x00007f33478cc290, 0x00007f33478cc400, 0x00007f33759dd000)
 Metaspace       used 30499K, capacity 30896K, committed 31232K, reserved 32768K
}
Event: 492.096 GC heap before
{Heap before GC invocations=84 (full 11):
 def new generation   total 4776960K, used 4706016K [0x00007f2b98600000, 0x00007f2cdc550000, 0x00007f30edb50000)
  eden space 4246208K, 100% used [0x00007f2b98600000, 0x00007f2c9b8b0000, 0x00007f2c9b8b0000)
  from space 530752K,  86% used [0x00007f2c9b8b0000, 0x00007f2cb79b8190, 0x00007f2cbbf00000)
  to   space 530752K,   0% used [0x00007f2cbbf00000, 0x00007f2cbbf00000, 0x00007f2cdc550000)
 tenured generation   total 10615348K, used 9860592K [0x00007f30edb50000, 0x00007f33759dd000, 0x00007f3b98600000)
   the space 10615348K,  92% used [0x00007f30edb50000, 0x00007f33478cc290, 0x00007f33478cc400, 0x00007f33759dd000)
 Metaspace       used 30499K, capacity 30896K, committed 31232K, reserved 32768K
}
Event: 493.544 GC heap after
{Heap after GC invocations=85 (full 11):
 def new generation   total 4776960K, used 454171K [0x00007f2b98600000, 0x00007f2cdc550000, 0x00007f30edb50000)
  eden space 4246208K,   0% used [0x00007f2b98600000, 0x00007f2b98600000, 0x00007f2c9b8b0000)
  from space 530752K,  85% used [0x00007f2cbbf00000, 0x00007f2cd7a86f60, 0x00007f2cdc550000)
  to   space 530752K,   0% used [0x00007f2c9b8b0000, 0x00007f2c9b8b0000, 0x00007f2cbbf00000)
 tenured generation   total 10615348K, used 10320400K [0x00007f30edb50000, 0x00007f33759dd000, 0x00007f3b98600000)
   the space 10615348K,  97% used [0x00007f30edb50000, 0x00007f33639d4210, 0x00007f33639d4400, 0x00007f33759dd000)
 Metaspace       used 30499K, capacity 30896K, committed 31232K, reserved 32768K
}
Event: 494.811 GC heap before
{Heap before GC invocations=85 (full 11):
 def new generation   total 4776960K, used 4700379K [0x00007f2b98600000, 0x00007f2cdc550000, 0x00007f30edb50000)
  eden space 4246208K, 100% used [0x00007f2b98600000, 0x00007f2c9b8b0000, 0x00007f2c9b8b0000)
  from space 530752K,  85% used [0x00007f2cbbf00000, 0x00007f2cd7a86f60, 0x00007f2cdc550000)
  to   space 530752K,   0% used [0x00007f2c9b8b0000, 0x00007f2c9b8b0000, 0x00007f2cbbf00000)
 tenured generation   total 10615348K, used 10320400K [0x00007f30edb50000, 0x00007f33759dd000, 0x00007f3b98600000)
   the space 10615348K,  97% used [0x00007f30edb50000, 0x00007f33639d4210, 0x00007f33639d4400, 0x00007f33759dd000)
 Metaspace       used 30499K, capacity 30896K, committed 31232K, reserved 32768K
}
Event: 496.274 GC heap after
{Heap after GC invocations=86 (full 11):
 def new generation   total 4776960K, used 454776K [0x00007f2b98600000, 0x00007f2cdc550000, 0x00007f30edb50000)
  eden space 4246208K,   0% used [0x00007f2b98600000, 0x00007f2b98600000, 0x00007f2c9b8b0000)
  from space 530752K,  85% used [0x00007f2c9b8b0000, 0x00007f2cb74ce038, 0x00007f2cbbf00000)
  to   space 530752K,   0% used [0x00007f2cbbf00000, 0x00007f2cbbf00000, 0x00007f2cdc550000)
 tenured generation   total 10774708K, used 10774572K [0x00007f30edb50000, 0x00007f337f57d000, 0x00007f3b98600000)
   the space 10774708K,  99% used [0x00007f30edb50000, 0x00007f337f55b150, 0x00007f337f55b200, 0x00007f337f57d000)
 Metaspace       used 30499K, capacity 30896K, committed 31232K, reserved 32768K
}
Event: 496.274 GC heap before
{Heap before GC invocations=86 (full 11):
 def new generation   total 4776960K, used 454776K [0x00007f2b98600000, 0x00007f2cdc550000, 0x00007f30edb50000)
  eden space 4246208K,   0% used [0x00007f2b98600000, 0x00007f2b98600000, 0x00007f2c9b8b0000)
  from space 530752K,  85% used [0x00007f2c9b8b0000, 0x00007f2cb74ce038, 0x00007f2cbbf00000)
  to   space 530752K,   0% used [0x00007f2cbbf00000, 0x00007f2cbbf00000, 0x00007f2cdc550000)
 tenured generation   total 10774708K, used 10774572K [0x00007f30edb50000, 0x00007f337f57d000, 0x00007f3b98600000)
   the space 10774708K,  99% used [0x00007f30edb50000, 0x00007f337f55b150, 0x00007f337f55b200, 0x00007f337f57d000)
 Metaspace       used 30499K, capacity 30896K, committed 31232K, reserved 32768K
}

