# JRE version: OpenJDK Runtime Environment (13.0.7+5) (build 13.0.7+5-Ubuntu-0ubuntu120.04)
# Java VM: OpenJDK 64-Bit Server VM (13.0.7+5-Ubuntu-0ubuntu120.04, mixed mode, tiered, serial gc, linux-amd64)
Heap:
 def new generation   total 2659584K, used 87869K [0x00007f11fc600000, 0x00007f12b0bd0000, 0x00007f1ca70a0000)
  eden space 2364096K,   3% used [0x00007f11fc600000, 0x00007f1201bcf740, 0x00007f128cab0000)
  from space 295488K,   0% used [0x00007f128cab0000, 0x00007f128cab0000, 0x00007f129eb40000)
  to   space 295488K,   0% used [0x00007f129eb40000, 0x00007f129eb40000, 0x00007f12b0bd0000)
 tenured generation   total 5926472K, used 5926107K [0x00007f1ca70a0000, 0x00007f1e10c32000, 0x00007f31fc600000)
   the space 5926472K,  99% used [0x00007f1ca70a0000, 0x00007f1e10bd6c98, 0x00007f1e10bd6e00, 0x00007f1e10c32000)
 Metaspace       used 24260K, capacity 24629K, committed 24832K, reserved 26624K
GC Heap History (20 events):
Event: 3030.563 GC heap after
{Heap after GC invocations=2435 (full 6):
 def new generation   total 2659584K, used 101761K [0x00007f11fc600000, 0x00007f12b0bd0000, 0x00007f1ca70a0000)
  eden space 2364096K,   0% used [0x00007f11fc600000, 0x00007f11fc600000, 0x00007f128cab0000)
  from space 295488K,  34% used [0x00007f129eb40000, 0x00007f12a4ea0698, 0x00007f12b0bd0000)
  to   space 295488K,   0% used [0x00007f128cab0000, 0x00007f128cab0000, 0x00007f129eb40000)
 tenured generation   total 5910084K, used 5869544K [0x00007f1ca70a0000, 0x00007f1e0fc31000, 0x00007f31fc600000)
   the space 5910084K,  99% used [0x00007f1ca70a0000, 0x00007f1e0d49a128, 0x00007f1e0d49a200, 0x00007f1e0fc31000)
 Metaspace       used 24260K, capacity 24629K, committed 24832K, reserved 26624K
}
Event: 3032.219 GC heap before
{Heap before GC invocations=2435 (full 6):
 def new generation   total 2659584K, used 2465857K [0x00007f11fc600000, 0x00007f12b0bd0000, 0x00007f1ca70a0000)
  eden space 2364096K, 100% used [0x00007f11fc600000, 0x00007f128cab0000, 0x00007f128cab0000)
  from space 295488K,  34% used [0x00007f129eb40000, 0x00007f12a4ea0698, 0x00007f12b0bd0000)
  to   space 295488K,   0% used [0x00007f128cab0000, 0x00007f128cab0000, 0x00007f129eb40000)
 tenured generation   total 5910084K, used 5869544K [0x00007f1ca70a0000, 0x00007f1e0fc31000, 0x00007f31fc600000)
   the space 5910084K,  99% used [0x00007f1ca70a0000, 0x00007f1e0d49a128, 0x00007f1e0d49a200, 0x00007f1e0fc31000)
 Metaspace       used 24260K, capacity 24629K, committed 24832K, reserved 26624K
}
Event: 3032.276 GC heap after
{Heap after GC invocations=2436 (full 6):
 def new generation   total 2659584K, used 103824K [0x00007f11fc600000, 0x00007f12b0bd0000, 0x00007f1ca70a0000)
  eden space 2364096K,   0% used [0x00007f11fc600000, 0x00007f11fc600000, 0x00007f128cab0000)
  from space 295488K,  35% used [0x00007f128cab0000, 0x00007f1293014248, 0x00007f129eb40000)
  to   space 295488K,   0% used [0x00007f129eb40000, 0x00007f129eb40000, 0x00007f12b0bd0000)
 tenured generation   total 5910084K, used 5869544K [0x00007f1ca70a0000, 0x00007f1e0fc31000, 0x00007f31fc600000)
   the space 5910084K,  99% used [0x00007f1ca70a0000, 0x00007f1e0d49a128, 0x00007f1e0d49a200, 0x00007f1e0fc31000)
 Metaspace       used 24260K, capacity 24629K, committed 24832K, reserved 26624K
}
Event: 3034.234 GC heap before
{Heap before GC invocations=2436 (full 6):
 def new generation   total 2659584K, used 2464073K [0x00007f11fc600000, 0x00007f12b0bd0000, 0x00007f1ca70a0000)
  eden space 2364096K,  99% used [0x00007f11fc600000, 0x00007f128c6ee1b8, 0x00007f128cab0000)
  from space 295488K,  35% used [0x00007f128cab0000, 0x00007f1293014248, 0x00007f129eb40000)
  to   space 295488K,   0% used [0x00007f129eb40000, 0x00007f129eb40000, 0x00007f12b0bd0000)
 tenured generation   total 5910084K, used 5869544K [0x00007f1ca70a0000, 0x00007f1e0fc31000, 0x00007f31fc600000)
   the space 5910084K,  99% used [0x00007f1ca70a0000, 0x00007f1e0d49a128, 0x00007f1e0d49a200, 0x00007f1e0fc31000)
 Metaspace       used 24260K, capacity 24629K, committed 24832K, reserved 26624K
}
Event: 3034.288 GC heap after
{Heap after GC invocations=2437 (full 6):
 def new generation   total 2659584K, used 95097K [0x00007f11fc600000, 0x00007f12b0bd0000, 0x00007f1ca70a0000)
  eden space 2364096K,   0% used [0x00007f11fc600000, 0x00007f11fc600000, 0x00007f128cab0000)
  from space 295488K,  32% used [0x00007f129eb40000, 0x00007f12a481e7c0, 0x00007f12b0bd0000)
  to   space 295488K,   0% used [0x00007f128cab0000, 0x00007f128cab0000, 0x00007f129eb40000)
 tenured generation   total 5910084K, used 5886504K [0x00007f1ca70a0000, 0x00007f1e0fc31000, 0x00007f31fc600000)
   the space 5910084K,  99% used [0x00007f1ca70a0000, 0x00007f1e0e52a120, 0x00007f1e0e52a200, 0x00007f1e0fc31000)
 Metaspace       used 24260K, capacity 24629K, committed 24832K, reserved 26624K
}
Event: 3036.194 GC heap before
{Heap before GC invocations=2437 (full 6):
 def new generation   total 2659584K, used 2459193K [0x00007f11fc600000, 0x00007f12b0bd0000, 0x00007f1ca70a0000)
  eden space 2364096K, 100% used [0x00007f11fc600000, 0x00007f128cab0000, 0x00007f128cab0000)
  from space 295488K,  32% used [0x00007f129eb40000, 0x00007f12a481e7c0, 0x00007f12b0bd0000)
  to   space 295488K,   0% used [0x00007f128cab0000, 0x00007f128cab0000, 0x00007f129eb40000)
 tenured generation   total 5910084K, used 5886504K [0x00007f1ca70a0000, 0x00007f1e0fc31000, 0x00007f31fc600000)
   the space 5910084K,  99% used [0x00007f1ca70a0000, 0x00007f1e0e52a120, 0x00007f1e0e52a200, 0x00007f1e0fc31000)
 Metaspace       used 24260K, capacity 24629K, committed 24832K, reserved 26624K
}
Event: 3036.262 GC heap after
{Heap after GC invocations=2438 (full 6):
 def new generation   total 2659584K, used 101751K [0x00007f11fc600000, 0x00007f12b0bd0000, 0x00007f1ca70a0000)
  eden space 2364096K,   0% used [0x00007f11fc600000, 0x00007f11fc600000, 0x00007f128cab0000)
  from space 295488K,  34% used [0x00007f128cab0000, 0x00007f1292e0df18, 0x00007f129eb40000)
  to   space 295488K,   0% used [0x00007f129eb40000, 0x00007f129eb40000, 0x00007f12b0bd0000)
 tenured generation   total 5910084K, used 5886504K [0x00007f1ca70a0000, 0x00007f1e0fc31000, 0x00007f31fc600000)
   the space 5910084K,  99% used [0x00007f1ca70a0000, 0x00007f1e0e52a120, 0x00007f1e0e52a200, 0x00007f1e0fc31000)
 Metaspace       used 24260K, capacity 24629K, committed 24832K, reserved 26624K
}
Event: 3037.984 GC heap before
{Heap before GC invocations=2438 (full 6):
 def new generation   total 2659584K, used 2465847K [0x00007f11fc600000, 0x00007f12b0bd0000, 0x00007f1ca70a0000)
  eden space 2364096K, 100% used [0x00007f11fc600000, 0x00007f128cab0000, 0x00007f128cab0000)
  from space 295488K,  34% used [0x00007f128cab0000, 0x00007f1292e0df18, 0x00007f129eb40000)
  to   space 295488K,   0% used [0x00007f129eb40000, 0x00007f129eb40000, 0x00007f12b0bd0000)
 tenured generation   total 5910084K, used 5886504K [0x00007f1ca70a0000, 0x00007f1e0fc31000, 0x00007f31fc600000)
   the space 5910084K,  99% used [0x00007f1ca70a0000, 0x00007f1e0e52a120, 0x00007f1e0e52a200, 0x00007f1e0fc31000)
 Metaspace       used 24260K, capacity 24629K, committed 24832K, reserved 26624K
}
Event: 3038.067 GC heap after
{Heap after GC invocations=2439 (full 6):
 def new generation   total 2659584K, used 102263K [0x00007f11fc600000, 0x00007f12b0bd0000, 0x00007f1ca70a0000)
  eden space 2364096K,   0% used [0x00007f11fc600000, 0x00007f11fc600000, 0x00007f128cab0000)
  from space 295488K,  34% used [0x00007f129eb40000, 0x00007f12a4f1df58, 0x00007f12b0bd0000)
  to   space 295488K,   0% used [0x00007f128cab0000, 0x00007f128cab0000, 0x00007f129eb40000)
 tenured generation   total 5910084K, used 5886504K [0x00007f1ca70a0000, 0x00007f1e0fc31000, 0x00007f31fc600000)
   the space 5910084K,  99% used [0x00007f1ca70a0000, 0x00007f1e0e52a120, 0x00007f1e0e52a200, 0x00007f1e0fc31000)
 Metaspace       used 24260K, capacity 24629K, committed 24832K, reserved 26624K
}
Event: 3039.958 GC heap before
{Heap before GC invocations=2439 (full 6):
 def new generation   total 2659584K, used 2466359K [0x00007f11fc600000, 0x00007f12b0bd0000, 0x00007f1ca70a0000)
  eden space 2364096K, 100% used [0x00007f11fc600000, 0x00007f128cab0000, 0x00007f128cab0000)
  from space 295488K,  34% used [0x00007f129eb40000, 0x00007f12a4f1df58, 0x00007f12b0bd0000)
  to   space 295488K,   0% used [0x00007f128cab0000, 0x00007f128cab0000, 0x00007f129eb40000)
 tenured generation   total 5910084K, used 5886504K [0x00007f1ca70a0000, 0x00007f1e0fc31000, 0x00007f31fc600000)
   the space 5910084K,  99% used [0x00007f1ca70a0000, 0x00007f1e0e52a120, 0x00007f1e0e52a200, 0x00007f1e0fc31000)
 Metaspace       used 24260K, capacity 24629K, committed 24832K, reserved 26624K
}
Event: 3040.038 GC heap after
{Heap after GC invocations=2440 (full 6):
 def new generation   total 2659584K, used 88932K [0x00007f11fc600000, 0x00007f12b0bd0000, 0x00007f1ca70a0000)
  eden space 2364096K,   0% used [0x00007f11fc600000, 0x00007f11fc600000, 0x00007f128cab0000)
  from space 295488K,  30% used [0x00007f128cab0000, 0x00007f1292189008, 0x00007f129eb40000)
  to   space 295488K,   0% used [0x00007f129eb40000, 0x00007f129eb40000, 0x00007f12b0bd0000)
 tenured generation   total 5910084K, used 5903464K [0x00007f1ca70a0000, 0x00007f1e0fc31000, 0x00007f31fc600000)
   the space 5910084K,  99% used [0x00007f1ca70a0000, 0x00007f1e0f5ba118, 0x00007f1e0f5ba200, 0x00007f1e0fc31000)
 Metaspace       used 24260K, capacity 24629K, committed 24832K, reserved 26624K
}
Event: 3041.949 GC heap before
{Heap before GC invocations=2440 (full 6):
 def new generation   total 2659584K, used 2453028K [0x00007f11fc600000, 0x00007f12b0bd0000, 0x00007f1ca70a0000)
  eden space 2364096K, 100% used [0x00007f11fc600000, 0x00007f128cab0000, 0x00007f128cab0000)
  from space 295488K,  30% used [0x00007f128cab0000, 0x00007f1292189008, 0x00007f129eb40000)
  to   space 295488K,   0% used [0x00007f129eb40000, 0x00007f129eb40000, 0x00007f12b0bd0000)
 tenured generation   total 5910084K, used 5903464K [0x00007f1ca70a0000, 0x00007f1e0fc31000, 0x00007f31fc600000)
   the space 5910084K,  99% used [0x00007f1ca70a0000, 0x00007f1e0f5ba118, 0x00007f1e0f5ba200, 0x00007f1e0fc31000)
 Metaspace       used 24260K, capacity 24629K, committed 24832K, reserved 26624K
}
Event: 3042.012 GC heap after
{Heap after GC invocations=2441 (full 6):
 def new generation   total 2659584K, used 98675K [0x00007f11fc600000, 0x00007f12b0bd0000, 0x00007f1ca70a0000)
  eden space 2364096K,   0% used [0x00007f11fc600000, 0x00007f11fc600000, 0x00007f128cab0000)
  from space 295488K,  33% used [0x00007f129eb40000, 0x00007f12a4b9cd78, 0x00007f12b0bd0000)
  to   space 295488K,   0% used [0x00007f128cab0000, 0x00007f128cab0000, 0x00007f129eb40000)
 tenured generation   total 5910084K, used 5903464K [0x00007f1ca70a0000, 0x00007f1e0fc31000, 0x00007f31fc600000)
   the space 5910084K,  99% used [0x00007f1ca70a0000, 0x00007f1e0f5ba118, 0x00007f1e0f5ba200, 0x00007f1e0fc31000)
 Metaspace       used 24260K, capacity 24629K, committed 24832K, reserved 26624K
}
Event: 3043.772 GC heap before
{Heap before GC invocations=2441 (full 6):
 def new generation   total 2659584K, used 2462771K [0x00007f11fc600000, 0x00007f12b0bd0000, 0x00007f1ca70a0000)
  eden space 2364096K, 100% used [0x00007f11fc600000, 0x00007f128cab0000, 0x00007f128cab0000)
  from space 295488K,  33% used [0x00007f129eb40000, 0x00007f12a4b9cd78, 0x00007f12b0bd0000)
  to   space 295488K,   0% used [0x00007f128cab0000, 0x00007f128cab0000, 0x00007f129eb40000)
 tenured generation   total 5910084K, used 5903464K [0x00007f1ca70a0000, 0x00007f1e0fc31000, 0x00007f31fc600000)
   the space 5910084K,  99% used [0x00007f1ca70a0000, 0x00007f1e0f5ba118, 0x00007f1e0f5ba200, 0x00007f1e0fc31000)
 Metaspace       used 24260K, capacity 24629K, committed 24832K, reserved 26624K
}
Event: 3043.843 GC heap after
{Heap after GC invocations=2442 (full 6):
 def new generation   total 2659584K, used 101768K [0x00007f11fc600000, 0x00007f12b0bd0000, 0x00007f1ca70a0000)
  eden space 2364096K,   0% used [0x00007f11fc600000, 0x00007f11fc600000, 0x00007f128cab0000)
  from space 295488K,  34% used [0x00007f128cab0000, 0x00007f1292e12010, 0x00007f129eb40000)
  to   space 295488K,   0% used [0x00007f129eb40000, 0x00007f129eb40000, 0x00007f12b0bd0000)
 tenured generation   total 5910084K, used 5903464K [0x00007f1ca70a0000, 0x00007f1e0fc31000, 0x00007f31fc600000)
   the space 5910084K,  99% used [0x00007f1ca70a0000, 0x00007f1e0f5ba118, 0x00007f1e0f5ba200, 0x00007f1e0fc31000)
 Metaspace       used 24260K, capacity 24629K, committed 24832K, reserved 26624K
}
Event: 3045.468 GC heap before
{Heap before GC invocations=2442 (full 6):
 def new generation   total 2659584K, used 2464368K [0x00007f11fc600000, 0x00007f12b0bd0000, 0x00007f1ca70a0000)
  eden space 2364096K,  99% used [0x00007f11fc600000, 0x00007f128c93a1a0, 0x00007f128cab0000)
  from space 295488K,  34% used [0x00007f128cab0000, 0x00007f1292e12010, 0x00007f129eb40000)
  to   space 295488K,   0% used [0x00007f129eb40000, 0x00007f129eb40000, 0x00007f12b0bd0000)
 tenured generation   total 5910084K, used 5903464K [0x00007f1ca70a0000, 0x00007f1e0fc31000, 0x00007f31fc600000)
   the space 5910084K,  99% used [0x00007f1ca70a0000, 0x00007f1e0f5ba118, 0x00007f1e0f5ba200, 0x00007f1e0fc31000)
 Metaspace       used 24260K, capacity 24629K, committed 24832K, reserved 26624K
}
Event: 3045.532 GC heap after
{Heap after GC invocations=2443 (full 6):
 def new generation   total 2659584K, used 102793K [0x00007f11fc600000, 0x00007f12b0bd0000, 0x00007f1ca70a0000)
  eden space 2364096K,   0% used [0x00007f11fc600000, 0x00007f11fc600000, 0x00007f128cab0000)
  from space 295488K,  34% used [0x00007f129eb40000, 0x00007f12a4fa2618, 0x00007f12b0bd0000)
  to   space 295488K,   0% used [0x00007f128cab0000, 0x00007f128cab0000, 0x00007f129eb40000)
 tenured generation   total 5910084K, used 5903464K [0x00007f1ca70a0000, 0x00007f1e0fc31000, 0x00007f31fc600000)
   the space 5910084K,  99% used [0x00007f1ca70a0000, 0x00007f1e0f5ba118, 0x00007f1e0f5ba200, 0x00007f1e0fc31000)
 Metaspace       used 24260K, capacity 24629K, committed 24832K, reserved 26624K
}
Event: 3047.548 GC heap before
{Heap before GC invocations=2443 (full 6):
 def new generation   total 2659584K, used 2466889K [0x00007f11fc600000, 0x00007f12b0bd0000, 0x00007f1ca70a0000)
  eden space 2364096K, 100% used [0x00007f11fc600000, 0x00007f128cab0000, 0x00007f128cab0000)
  from space 295488K,  34% used [0x00007f129eb40000, 0x00007f12a4fa2618, 0x00007f12b0bd0000)
  to   space 295488K,   0% used [0x00007f128cab0000, 0x00007f128cab0000, 0x00007f129eb40000)
 tenured generation   total 5910084K, used 5903464K [0x00007f1ca70a0000, 0x00007f1e0fc31000, 0x00007f31fc600000)
   the space 5910084K,  99% used [0x00007f1ca70a0000, 0x00007f1e0f5ba118, 0x00007f1e0f5ba200, 0x00007f1e0fc31000)
 Metaspace       used 24260K, capacity 24629K, committed 24832K, reserved 26624K
}
Event: 3047.626 GC heap after
{Heap after GC invocations=2444 (full 6):
 def new generation   total 2659584K, used 93552K [0x00007f11fc600000, 0x00007f12b0bd0000, 0x00007f1ca70a0000)
  eden space 2364096K,   0% used [0x00007f11fc600000, 0x00007f11fc600000, 0x00007f128cab0000)
  from space 295488K,  31% used [0x00007f128cab0000, 0x00007f129260c2c8, 0x00007f129eb40000)
  to   space 295488K,   0% used [0x00007f129eb40000, 0x00007f129eb40000, 0x00007f12b0bd0000)
 tenured generation   total 5926472K, used 5920424K [0x00007f1ca70a0000, 0x00007f1e10c32000, 0x00007f31fc600000)
   the space 5926472K,  99% used [0x00007f1ca70a0000, 0x00007f1e1064a110, 0x00007f1e1064a200, 0x00007f1e10c32000)
 Metaspace       used 24260K, capacity 24629K, committed 24832K, reserved 26624K
}
Event: 3047.626 GC heap before
{Heap before GC invocations=2444 (full 6):
 def new generation   total 2659584K, used 93552K [0x00007f11fc600000, 0x00007f12b0bd0000, 0x00007f1ca70a0000)
  eden space 2364096K,   0% used [0x00007f11fc600000, 0x00007f11fc600000, 0x00007f128cab0000)
  from space 295488K,  31% used [0x00007f128cab0000, 0x00007f129260c2c8, 0x00007f129eb40000)
  to   space 295488K,   0% used [0x00007f129eb40000, 0x00007f129eb40000, 0x00007f12b0bd0000)
 tenured generation   total 5926472K, used 5920424K [0x00007f1ca70a0000, 0x00007f1e10c32000, 0x00007f31fc600000)
   the space 5926472K,  99% used [0x00007f1ca70a0000, 0x00007f1e1064a110, 0x00007f1e1064a200, 0x00007f1e10c32000)
 Metaspace       used 24260K, capacity 24629K, committed 24832K, reserved 26624K
}

