# JRE version: OpenJDK Runtime Environment (13.0.7+5) (build 13.0.7+5-Ubuntu-0ubuntu120.04)
# Java VM: OpenJDK 64-Bit Server VM (13.0.7+5-Ubuntu-0ubuntu120.04, mixed mode, tiered, serial gc, linux-amd64)
Heap:
 def new generation   total 1015552K, used 0K [0x00007f9638600000, 0x00007f967d3f0000, 0x00007f9b8db50000)
  eden space 902720K,   0% used [0x00007f9638600000, 0x00007f9638600000, 0x00007f966f790000)
  from space 112832K,   0% used [0x00007f966f790000, 0x00007f966f790000, 0x00007f96765c0000)
  to   space 112832K,   0% used [0x00007f96765c0000, 0x00007f96765c0000, 0x00007f967d3f0000)
 tenured generation   total 2289532K, used 2206073K [0x00007f9b8db50000, 0x00007f9c1972f000, 0x00007fa638600000)
   the space 2289532K,  96% used [0x00007f9b8db50000, 0x00007f9c145ae550, 0x00007f9c145ae600, 0x00007f9c1972f000)
 Metaspace       used 24227K, capacity 24632K, committed 24832K, reserved 26624K
GC Heap History (20 events):
Event: 504.195 GC heap after
{Heap after GC invocations=1048 (full 4):
 def new generation   total 1015552K, used 40095K [0x00007f9638600000, 0x00007f967d3f0000, 0x00007f9b8db50000)
  eden space 902720K,   0% used [0x00007f9638600000, 0x00007f9638600000, 0x00007f966f790000)
  from space 112832K,  35% used [0x00007f96765c0000, 0x00007f9678ce7de0, 0x00007f967d3f0000)
  to   space 112832K,   0% used [0x00007f966f790000, 0x00007f966f790000, 0x00007f96765c0000)
 tenured generation   total 2256756K, used 2226597K [0x00007f9b8db50000, 0x00007f9c1772d000, 0x00007fa638600000)
   the space 2256756K,  98% used [0x00007f9b8db50000, 0x00007f9c159b9578, 0x00007f9c159b9600, 0x00007f9c1772d000)
 Metaspace       used 24227K, capacity 24632K, committed 24832K, reserved 26624K
}
Event: 504.795 GC heap before
{Heap before GC invocations=1048 (full 4):
 def new generation   total 1015552K, used 930544K [0x00007f9638600000, 0x00007f967d3f0000, 0x00007f9b8db50000)
  eden space 902720K,  98% used [0x00007f9638600000, 0x00007f966eb94270, 0x00007f966f790000)
  from space 112832K,  35% used [0x00007f96765c0000, 0x00007f9678ce7de0, 0x00007f967d3f0000)
  to   space 112832K,   0% used [0x00007f966f790000, 0x00007f966f790000, 0x00007f96765c0000)
 tenured generation   total 2256756K, used 2226597K [0x00007f9b8db50000, 0x00007f9c1772d000, 0x00007fa638600000)
   the space 2256756K,  98% used [0x00007f9b8db50000, 0x00007f9c159b9578, 0x00007f9c159b9600, 0x00007f9c1772d000)
 Metaspace       used 24227K, capacity 24632K, committed 24832K, reserved 26624K
}
Event: 504.816 GC heap after
{Heap after GC invocations=1049 (full 4):
 def new generation   total 1015552K, used 45231K [0x00007f9638600000, 0x00007f967d3f0000, 0x00007f9b8db50000)
  eden space 902720K,   0% used [0x00007f9638600000, 0x00007f9638600000, 0x00007f966f790000)
  from space 112832K,  40% used [0x00007f966f790000, 0x00007f96723bbe10, 0x00007f96765c0000)
  to   space 112832K,   0% used [0x00007f96765c0000, 0x00007f96765c0000, 0x00007f967d3f0000)
 tenured generation   total 2256756K, used 2226597K [0x00007f9b8db50000, 0x00007f9c1772d000, 0x00007fa638600000)
   the space 2256756K,  98% used [0x00007f9b8db50000, 0x00007f9c159b9578, 0x00007f9c159b9600, 0x00007f9c1772d000)
 Metaspace       used 24227K, capacity 24632K, committed 24832K, reserved 26624K
}
Event: 505.445 GC heap before
{Heap before GC invocations=1049 (full 4):
 def new generation   total 1015552K, used 947951K [0x00007f9638600000, 0x00007f967d3f0000, 0x00007f9b8db50000)
  eden space 902720K, 100% used [0x00007f9638600000, 0x00007f966f790000, 0x00007f966f790000)
  from space 112832K,  40% used [0x00007f966f790000, 0x00007f96723bbe10, 0x00007f96765c0000)
  to   space 112832K,   0% used [0x00007f96765c0000, 0x00007f96765c0000, 0x00007f967d3f0000)
 tenured generation   total 2256756K, used 2226597K [0x00007f9b8db50000, 0x00007f9c1772d000, 0x00007fa638600000)
   the space 2256756K,  98% used [0x00007f9b8db50000, 0x00007f9c159b9578, 0x00007f9c159b9600, 0x00007f9c1772d000)
 Metaspace       used 24227K, capacity 24632K, committed 24832K, reserved 26624K
}
Event: 505.473 GC heap after
{Heap after GC invocations=1050 (full 4):
 def new generation   total 1015552K, used 50350K [0x00007f9638600000, 0x00007f967d3f0000, 0x00007f9b8db50000)
  eden space 902720K,   0% used [0x00007f9638600000, 0x00007f9638600000, 0x00007f966f790000)
  from space 112832K,  44% used [0x00007f96765c0000, 0x00007f96796eba70, 0x00007f967d3f0000)
  to   space 112832K,   0% used [0x00007f966f790000, 0x00007f966f790000, 0x00007f96765c0000)
 tenured generation   total 2256756K, used 2226597K [0x00007f9b8db50000, 0x00007f9c1772d000, 0x00007fa638600000)
   the space 2256756K,  98% used [0x00007f9b8db50000, 0x00007f9c159b9578, 0x00007f9c159b9600, 0x00007f9c1772d000)
 Metaspace       used 24227K, capacity 24632K, committed 24832K, reserved 26624K
}
Event: 506.084 GC heap before
{Heap before GC invocations=1050 (full 4):
 def new generation   total 1015552K, used 953070K [0x00007f9638600000, 0x00007f967d3f0000, 0x00007f9b8db50000)
  eden space 902720K, 100% used [0x00007f9638600000, 0x00007f966f790000, 0x00007f966f790000)
  from space 112832K,  44% used [0x00007f96765c0000, 0x00007f96796eba70, 0x00007f967d3f0000)
  to   space 112832K,   0% used [0x00007f966f790000, 0x00007f966f790000, 0x00007f96765c0000)
 tenured generation   total 2256756K, used 2226597K [0x00007f9b8db50000, 0x00007f9c1772d000, 0x00007fa638600000)
   the space 2256756K,  98% used [0x00007f9b8db50000, 0x00007f9c159b9578, 0x00007f9c159b9600, 0x00007f9c1772d000)
 Metaspace       used 24227K, capacity 24632K, committed 24832K, reserved 26624K
}
Event: 506.106 GC heap after
{Heap after GC invocations=1051 (full 4):
 def new generation   total 1015552K, used 52920K [0x00007f9638600000, 0x00007f967d3f0000, 0x00007f9b8db50000)
  eden space 902720K,   0% used [0x00007f9638600000, 0x00007f9638600000, 0x00007f966f790000)
  from space 112832K,  46% used [0x00007f966f790000, 0x00007f9672b3e2d8, 0x00007f96765c0000)
  to   space 112832K,   0% used [0x00007f96765c0000, 0x00007f96765c0000, 0x00007f967d3f0000)
 tenured generation   total 2256756K, used 2226597K [0x00007f9b8db50000, 0x00007f9c1772d000, 0x00007fa638600000)
   the space 2256756K,  98% used [0x00007f9b8db50000, 0x00007f9c159b9578, 0x00007f9c159b9600, 0x00007f9c1772d000)
 Metaspace       used 24227K, capacity 24632K, committed 24832K, reserved 26624K
}
Event: 506.612 GC heap before
{Heap before GC invocations=1051 (full 4):
 def new generation   total 1015552K, used 955640K [0x00007f9638600000, 0x00007f967d3f0000, 0x00007f9b8db50000)
  eden space 902720K, 100% used [0x00007f9638600000, 0x00007f966f790000, 0x00007f966f790000)
  from space 112832K,  46% used [0x00007f966f790000, 0x00007f9672b3e2d8, 0x00007f96765c0000)
  to   space 112832K,   0% used [0x00007f96765c0000, 0x00007f96765c0000, 0x00007f967d3f0000)
 tenured generation   total 2256756K, used 2226597K [0x00007f9b8db50000, 0x00007f9c1772d000, 0x00007fa638600000)
   the space 2256756K,  98% used [0x00007f9b8db50000, 0x00007f9c159b9578, 0x00007f9c159b9600, 0x00007f9c1772d000)
 Metaspace       used 24227K, capacity 24632K, committed 24832K, reserved 26624K
}
Event: 506.638 GC heap after
{Heap after GC invocations=1052 (full 4):
 def new generation   total 1015552K, used 52917K [0x00007f9638600000, 0x00007f967d3f0000, 0x00007f9b8db50000)
  eden space 902720K,   0% used [0x00007f9638600000, 0x00007f9638600000, 0x00007f966f790000)
  from space 112832K,  46% used [0x00007f96765c0000, 0x00007f967996d790, 0x00007f967d3f0000)
  to   space 112832K,   0% used [0x00007f966f790000, 0x00007f966f790000, 0x00007f96765c0000)
 tenured generation   total 2256756K, used 2226597K [0x00007f9b8db50000, 0x00007f9c1772d000, 0x00007fa638600000)
   the space 2256756K,  98% used [0x00007f9b8db50000, 0x00007f9c159b9578, 0x00007f9c159b9600, 0x00007f9c1772d000)
 Metaspace       used 24227K, capacity 24632K, committed 24832K, reserved 26624K
}
Event: 507.105 GC heap before
{Heap before GC invocations=1052 (full 4):
 def new generation   total 1015552K, used 946007K [0x00007f9638600000, 0x00007f967d3f0000, 0x00007f9b8db50000)
  eden space 902720K,  98% used [0x00007f9638600000, 0x00007f966ee28860, 0x00007f966f790000)
  from space 112832K,  46% used [0x00007f96765c0000, 0x00007f967996d790, 0x00007f967d3f0000)
  to   space 112832K,   0% used [0x00007f966f790000, 0x00007f966f790000, 0x00007f96765c0000)
 tenured generation   total 2256756K, used 2226597K [0x00007f9b8db50000, 0x00007f9c1772d000, 0x00007fa638600000)
   the space 2256756K,  98% used [0x00007f9b8db50000, 0x00007f9c159b9578, 0x00007f9c159b9600, 0x00007f9c1772d000)
 Metaspace       used 24227K, capacity 24632K, committed 24832K, reserved 26624K
}
Event: 507.127 GC heap after
{Heap after GC invocations=1053 (full 4):
 def new generation   total 1015552K, used 54992K [0x00007f9638600000, 0x00007f967d3f0000, 0x00007f9b8db50000)
  eden space 902720K,   0% used [0x00007f9638600000, 0x00007f9638600000, 0x00007f966f790000)
  from space 112832K,  48% used [0x00007f966f790000, 0x00007f9672d44228, 0x00007f96765c0000)
  to   space 112832K,   0% used [0x00007f96765c0000, 0x00007f96765c0000, 0x00007f967d3f0000)
 tenured generation   total 2256756K, used 2226597K [0x00007f9b8db50000, 0x00007f9c1772d000, 0x00007fa638600000)
   the space 2256756K,  98% used [0x00007f9b8db50000, 0x00007f9c159b9578, 0x00007f9c159b9600, 0x00007f9c1772d000)
 Metaspace       used 24227K, capacity 24632K, committed 24832K, reserved 26624K
}
Event: 507.715 GC heap before
{Heap before GC invocations=1053 (full 4):
 def new generation   total 1015552K, used 948871K [0x00007f9638600000, 0x00007f967d3f0000, 0x00007f9b8db50000)
  eden space 902720K,  99% used [0x00007f9638600000, 0x00007f966eeeda00, 0x00007f966f790000)
  from space 112832K,  48% used [0x00007f966f790000, 0x00007f9672d44228, 0x00007f96765c0000)
  to   space 112832K,   0% used [0x00007f96765c0000, 0x00007f96765c0000, 0x00007f967d3f0000)
 tenured generation   total 2256756K, used 2226597K [0x00007f9b8db50000, 0x00007f9c1772d000, 0x00007fa638600000)
   the space 2256756K,  98% used [0x00007f9b8db50000, 0x00007f9c159b9578, 0x00007f9c159b9600, 0x00007f9c1772d000)
 Metaspace       used 24227K, capacity 24632K, committed 24832K, reserved 26624K
}
Event: 507.737 GC heap after
{Heap after GC invocations=1054 (full 4):
 def new generation   total 1015552K, used 58084K [0x00007f9638600000, 0x00007f967d3f0000, 0x00007f9b8db50000)
  eden space 902720K,   0% used [0x00007f9638600000, 0x00007f9638600000, 0x00007f966f790000)
  from space 112832K,  51% used [0x00007f96765c0000, 0x00007f9679e79140, 0x00007f967d3f0000)
  to   space 112832K,   0% used [0x00007f966f790000, 0x00007f966f790000, 0x00007f96765c0000)
 tenured generation   total 2256756K, used 2226597K [0x00007f9b8db50000, 0x00007f9c1772d000, 0x00007fa638600000)
   the space 2256756K,  98% used [0x00007f9b8db50000, 0x00007f9c159b9578, 0x00007f9c159b9600, 0x00007f9c1772d000)
 Metaspace       used 24227K, capacity 24632K, committed 24832K, reserved 26624K
}
Event: 508.431 GC heap before
{Heap before GC invocations=1054 (full 4):
 def new generation   total 1015552K, used 960804K [0x00007f9638600000, 0x00007f967d3f0000, 0x00007f9b8db50000)
  eden space 902720K, 100% used [0x00007f9638600000, 0x00007f966f790000, 0x00007f966f790000)
  from space 112832K,  51% used [0x00007f96765c0000, 0x00007f9679e79140, 0x00007f967d3f0000)
  to   space 112832K,   0% used [0x00007f966f790000, 0x00007f966f790000, 0x00007f96765c0000)
 tenured generation   total 2256756K, used 2226597K [0x00007f9b8db50000, 0x00007f9c1772d000, 0x00007fa638600000)
   the space 2256756K,  98% used [0x00007f9b8db50000, 0x00007f9c159b9578, 0x00007f9c159b9600, 0x00007f9c1772d000)
 Metaspace       used 24227K, capacity 24632K, committed 24832K, reserved 26624K
}
Event: 508.458 GC heap after
{Heap after GC invocations=1055 (full 4):
 def new generation   total 1015552K, used 61163K [0x00007f9638600000, 0x00007f967d3f0000, 0x00007f9b8db50000)
  eden space 902720K,   0% used [0x00007f9638600000, 0x00007f9638600000, 0x00007f966f790000)
  from space 112832K,  54% used [0x00007f966f790000, 0x00007f967334ad38, 0x00007f96765c0000)
  to   space 112832K,   0% used [0x00007f96765c0000, 0x00007f96765c0000, 0x00007f967d3f0000)
 tenured generation   total 2256756K, used 2228652K [0x00007f9b8db50000, 0x00007f9c1772d000, 0x00007fa638600000)
   the space 2256756K,  98% used [0x00007f9b8db50000, 0x00007f9c15bbb168, 0x00007f9c15bbb200, 0x00007f9c1772d000)
 Metaspace       used 24227K, capacity 24632K, committed 24832K, reserved 26624K
}
Event: 509.101 GC heap before
{Heap before GC invocations=1055 (full 4):
 def new generation   total 1015552K, used 957272K [0x00007f9638600000, 0x00007f967d3f0000, 0x00007f9b8db50000)
  eden space 902720K,  99% used [0x00007f9638600000, 0x00007f966f11b3a0, 0x00007f966f790000)
  from space 112832K,  54% used [0x00007f966f790000, 0x00007f967334ad38, 0x00007f96765c0000)
  to   space 112832K,   0% used [0x00007f96765c0000, 0x00007f96765c0000, 0x00007f967d3f0000)
 tenured generation   total 2256756K, used 2228652K [0x00007f9b8db50000, 0x00007f9c1772d000, 0x00007fa638600000)
   the space 2256756K,  98% used [0x00007f9b8db50000, 0x00007f9c15bbb168, 0x00007f9c15bbb200, 0x00007f9c1772d000)
 Metaspace       used 24227K, capacity 24632K, committed 24832K, reserved 26624K
}
Event: 509.139 GC heap after
{Heap after GC invocations=1056 (full 4):
 def new generation   total 1015552K, used 64227K [0x00007f9638600000, 0x00007f967d3f0000, 0x00007f9b8db50000)
  eden space 902720K,   0% used [0x00007f9638600000, 0x00007f9638600000, 0x00007f966f790000)
  from space 112832K,  56% used [0x00007f96765c0000, 0x00007f967a478ea8, 0x00007f967d3f0000)
  to   space 112832K,   0% used [0x00007f966f790000, 0x00007f966f790000, 0x00007f96765c0000)
 tenured generation   total 2256756K, used 2246640K [0x00007f9b8db50000, 0x00007f9c1772d000, 0x00007fa638600000)
   the space 2256756K,  99% used [0x00007f9b8db50000, 0x00007f9c16d4c2f0, 0x00007f9c16d4c400, 0x00007f9c1772d000)
 Metaspace       used 24227K, capacity 24632K, committed 24832K, reserved 26624K
}
Event: 509.686 GC heap before
{Heap before GC invocations=1056 (full 4):
 def new generation   total 1015552K, used 966947K [0x00007f9638600000, 0x00007f967d3f0000, 0x00007f9b8db50000)
  eden space 902720K, 100% used [0x00007f9638600000, 0x00007f966f790000, 0x00007f966f790000)
  from space 112832K,  56% used [0x00007f96765c0000, 0x00007f967a478ea8, 0x00007f967d3f0000)
  to   space 112832K,   0% used [0x00007f966f790000, 0x00007f966f790000, 0x00007f96765c0000)
 tenured generation   total 2256756K, used 2246640K [0x00007f9b8db50000, 0x00007f9c1772d000, 0x00007fa638600000)
   the space 2256756K,  99% used [0x00007f9b8db50000, 0x00007f9c16d4c2f0, 0x00007f9c16d4c400, 0x00007f9c1772d000)
 Metaspace       used 24227K, capacity 24632K, committed 24832K, reserved 26624K
}
Event: 509.720 GC heap after
{Heap after GC invocations=1057 (full 4):
 def new generation   total 1015552K, used 15943K [0x00007f9638600000, 0x00007f967d3f0000, 0x00007f9b8db50000)
  eden space 902720K,   0% used [0x00007f9638600000, 0x00007f9638600000, 0x00007f966f790000)
  from space 112832K,  14% used [0x00007f966f790000, 0x00007f9670721e10, 0x00007f96765c0000)
  to   space 112832K,   0% used [0x00007f96765c0000, 0x00007f96765c0000, 0x00007f967d3f0000)
 tenured generation   total 2289532K, used 2281059K [0x00007f9b8db50000, 0x00007f9c1972f000, 0x00007fa638600000)
   the space 2289532K,  99% used [0x00007f9b8db50000, 0x00007f9c18ee8ff0, 0x00007f9c18ee9000, 0x00007f9c1972f000)
 Metaspace       used 24227K, capacity 24632K, committed 24832K, reserved 26624K
}
Event: 509.720 GC heap before
{Heap before GC invocations=1057 (full 4):
 def new generation   total 1015552K, used 15943K [0x00007f9638600000, 0x00007f967d3f0000, 0x00007f9b8db50000)
  eden space 902720K,   0% used [0x00007f9638600000, 0x00007f9638600000, 0x00007f966f790000)
  from space 112832K,  14% used [0x00007f966f790000, 0x00007f9670721e10, 0x00007f96765c0000)
  to   space 112832K,   0% used [0x00007f96765c0000, 0x00007f96765c0000, 0x00007f967d3f0000)
 tenured generation   total 2289532K, used 2281059K [0x00007f9b8db50000, 0x00007f9c1972f000, 0x00007fa638600000)
   the space 2289532K,  99% used [0x00007f9b8db50000, 0x00007f9c18ee8ff0, 0x00007f9c18ee9000, 0x00007f9c1972f000)
 Metaspace       used 24227K, capacity 24632K, committed 24832K, reserved 26624K
}

