# JRE version: OpenJDK Runtime Environment (13.0.7+5) (build 13.0.7+5-Ubuntu-0ubuntu120.04)
# Java VM: OpenJDK 64-Bit Server VM (13.0.7+5-Ubuntu-0ubuntu120.04, mixed mode, tiered, serial gc, linux-amd64)
Heap:
 def new generation   total 1269504K, used 0K [0x00007f2534600000, 0x00007f258a770000, 0x00007f2a89b50000)
  eden space 1128512K,   0% used [0x00007f2534600000, 0x00007f2534600000, 0x00007f2579410000)
  from space 140992K,   0% used [0x00007f2579410000, 0x00007f2579410000, 0x00007f2581dc0000)
  to   space 140992K,   0% used [0x00007f2581dc0000, 0x00007f2581dc0000, 0x00007f258a770000)
 tenured generation   total 14024540K, used 8414722K [0x00007f2a89b50000, 0x00007f2de1b27000, 0x00007f3534600000)
   the space 14024540K,  59% used [0x00007f2a89b50000, 0x00007f2c8b4d08c0, 0x00007f2c8b4d0a00, 0x00007f2de1b27000)
 Metaspace       used 23341K, capacity 23747K, committed 23808K, reserved 24576K
GC Heap History (20 events):
Event: 9.780 GC heap after
{Heap after GC invocations=8 (full 1):
 def new generation   total 629248K, used 1259K [0x00007f2534600000, 0x00007f255f0c0000, 0x00007f2a89b50000)
  eden space 559360K,   0% used [0x00007f2534600000, 0x00007f2534600000, 0x00007f2556840000)
  from space 69888K,   1% used [0x00007f255ac80000, 0x00007f255adbad48, 0x00007f255f0c0000)
  to   space 69888K,   0% used [0x00007f2556840000, 0x00007f2556840000, 0x00007f255ac80000)
 tenured generation   total 1398144K, used 537869K [0x00007f2a89b50000, 0x00007f2adf0b0000, 0x00007f3534600000)
   the space 1398144K,  38% used [0x00007f2a89b50000, 0x00007f2aaa8936a8, 0x00007f2aaa893800, 0x00007f2adf0b0000)
 Metaspace       used 23299K, capacity 23672K, committed 23808K, reserved 24576K
}
Event: 10.394 GC heap before
{Heap before GC invocations=8 (full 1):
 def new generation   total 629248K, used 536565K [0x00007f2534600000, 0x00007f255f0c0000, 0x00007f2a89b50000)
  eden space 559360K,  95% used [0x00007f2534600000, 0x00007f25550c2868, 0x00007f2556840000)
  from space 69888K,   1% used [0x00007f255ac80000, 0x00007f255adbad48, 0x00007f255f0c0000)
  to   space 69888K,   0% used [0x00007f2556840000, 0x00007f2556840000, 0x00007f255ac80000)
 tenured generation   total 1398144K, used 537869K [0x00007f2a89b50000, 0x00007f2adf0b0000, 0x00007f3534600000)
   the space 1398144K,  38% used [0x00007f2a89b50000, 0x00007f2aaa8936a8, 0x00007f2aaa893800, 0x00007f2adf0b0000)
 Metaspace       used 23299K, capacity 23672K, committed 23808K, reserved 24576K
}
Event: 10.960 GC heap after
{Heap after GC invocations=9 (full 1):
 def new generation   total 629248K, used 1259K [0x00007f2534600000, 0x00007f255f0c0000, 0x00007f2a89b50000)
  eden space 559360K,   0% used [0x00007f2534600000, 0x00007f2534600000, 0x00007f2556840000)
  from space 69888K,   1% used [0x00007f2556840000, 0x00007f255697af90, 0x00007f255ac80000)
  to   space 69888K,   0% used [0x00007f255ac80000, 0x00007f255ac80000, 0x00007f255f0c0000)
 tenured generation   total 1398144K, used 1062157K [0x00007f2a89b50000, 0x00007f2adf0b0000, 0x00007f3534600000)
   the space 1398144K,  75% used [0x00007f2a89b50000, 0x00007f2aca8936c0, 0x00007f2aca893800, 0x00007f2adf0b0000)
 Metaspace       used 23299K, capacity 23672K, committed 23808K, reserved 24576K
}
Event: 10.960 GC heap before
{Heap before GC invocations=9 (full 1):
 def new generation   total 629248K, used 1259K [0x00007f2534600000, 0x00007f255f0c0000, 0x00007f2a89b50000)
  eden space 559360K,   0% used [0x00007f2534600000, 0x00007f2534600000, 0x00007f2556840000)
  from space 69888K,   1% used [0x00007f2556840000, 0x00007f255697af90, 0x00007f255ac80000)
  to   space 69888K,   0% used [0x00007f255ac80000, 0x00007f255ac80000, 0x00007f255f0c0000)
 tenured generation   total 1398144K, used 1062157K [0x00007f2a89b50000, 0x00007f2adf0b0000, 0x00007f3534600000)
   the space 1398144K,  75% used [0x00007f2a89b50000, 0x00007f2aca8936c0, 0x00007f2aca893800, 0x00007f2adf0b0000)
 Metaspace       used 23299K, capacity 23672K, committed 23808K, reserved 24576K
}
Event: 11.009 GC heap after
{Heap after GC invocations=9 (full 2):
 def new generation   total 797632K, used 0K [0x00007f2534600000, 0x00007f256a770000, 0x00007f2a89b50000)
  eden space 709056K,   0% used [0x00007f2534600000, 0x00007f2534600000, 0x00007f255fa70000)
  from space 88576K,   0% used [0x00007f255fa70000, 0x00007f255fa70000, 0x00007f25650f0000)
  to   space 88576K,   0% used [0x00007f25650f0000, 0x00007f25650f0000, 0x00007f256a770000)
 tenured generation   total 1772356K, used 1063411K [0x00007f2a89b50000, 0x00007f2af5e21000, 0x00007f3534600000)
   the space 1772356K,  59% used [0x00007f2a89b50000, 0x00007f2aca9cce20, 0x00007f2aca9cd000, 0x00007f2af5e21000)
 Metaspace       used 23299K, capacity 23672K, committed 23808K, reserved 24576K
}
Event: 12.662 GC heap before
{Heap before GC invocations=9 (full 2):
 def new generation   total 797632K, used 13946K [0x00007f2534600000, 0x00007f256a770000, 0x00007f2a89b50000)
  eden space 709056K,   1% used [0x00007f2534600000, 0x00007f253539eb88, 0x00007f255fa70000)
  from space 88576K,   0% used [0x00007f255fa70000, 0x00007f255fa70000, 0x00007f25650f0000)
  to   space 88576K,   0% used [0x00007f25650f0000, 0x00007f25650f0000, 0x00007f256a770000)
 tenured generation   total 2820936K, used 2111987K [0x00007f2a89b50000, 0x00007f2b35e22000, 0x00007f3534600000)
   the space 2820936K,  74% used [0x00007f2a89b50000, 0x00007f2b0a9cce38, 0x00007f2b0a9cd000, 0x00007f2b35e22000)
 Metaspace       used 23299K, capacity 23672K, committed 23808K, reserved 24576K
}
Event: 12.665 GC heap after
{Heap after GC invocations=10 (full 2):
 def new generation   total 797632K, used 1K [0x00007f2534600000, 0x00007f256a770000, 0x00007f2a89b50000)
  eden space 709056K,   0% used [0x00007f2534600000, 0x00007f2534600000, 0x00007f255fa70000)
  from space 88576K,   0% used [0x00007f25650f0000, 0x00007f25650f06f0, 0x00007f256a770000)
  to   space 88576K,   0% used [0x00007f255fa70000, 0x00007f255fa70000, 0x00007f25650f0000)
 tenured generation   total 2820936K, used 2111987K [0x00007f2a89b50000, 0x00007f2b35e22000, 0x00007f3534600000)
   the space 2820936K,  74% used [0x00007f2a89b50000, 0x00007f2b0a9cce38, 0x00007f2b0a9cd000, 0x00007f2b35e22000)
 Metaspace       used 23299K, capacity 23672K, committed 23808K, reserved 24576K
}
Event: 12.665 GC heap before
{Heap before GC invocations=10 (full 2):
 def new generation   total 797632K, used 1K [0x00007f2534600000, 0x00007f256a770000, 0x00007f2a89b50000)
  eden space 709056K,   0% used [0x00007f2534600000, 0x00007f2534600000, 0x00007f255fa70000)
  from space 88576K,   0% used [0x00007f25650f0000, 0x00007f25650f06f0, 0x00007f256a770000)
  to   space 88576K,   0% used [0x00007f255fa70000, 0x00007f255fa70000, 0x00007f25650f0000)
 tenured generation   total 2820936K, used 2111987K [0x00007f2a89b50000, 0x00007f2b35e22000, 0x00007f3534600000)
   the space 2820936K,  74% used [0x00007f2a89b50000, 0x00007f2b0a9cce38, 0x00007f2b0a9cd000, 0x00007f2b35e22000)
 Metaspace       used 23299K, capacity 23672K, committed 23808K, reserved 24576K
}
Event: 13.323 GC heap after
{Heap after GC invocations=10 (full 3):
 def new generation   total 1269504K, used 0K [0x00007f2534600000, 0x00007f258a770000, 0x00007f2a89b50000)
  eden space 1128512K,   0% used [0x00007f2534600000, 0x00007f2534600000, 0x00007f2579410000)
  from space 140992K,   0% used [0x00007f2579410000, 0x00007f2579410000, 0x00007f2581dc0000)
  to   space 140992K,   0% used [0x00007f2581dc0000, 0x00007f2581dc0000, 0x00007f258a770000)
 tenured generation   total 2820936K, used 1063409K [0x00007f2a89b50000, 0x00007f2b35e22000, 0x00007f3534600000)
   the space 2820936K,  37% used [0x00007f2a89b50000, 0x00007f2aca9cc408, 0x00007f2aca9cc600, 0x00007f2b35e22000)
 Metaspace       used 23299K, capacity 23672K, committed 23808K, reserved 24576K
}
Event: 14.935 GC heap before
{Heap before GC invocations=10 (full 3):
 def new generation   total 1269504K, used 1128512K [0x00007f2534600000, 0x00007f258a770000, 0x00007f2a89b50000)
  eden space 1128512K, 100% used [0x00007f2534600000, 0x00007f2579410000, 0x00007f2579410000)
  from space 140992K,   0% used [0x00007f2579410000, 0x00007f2579410000, 0x00007f2581dc0000)
  to   space 140992K,   0% used [0x00007f2581dc0000, 0x00007f2581dc0000, 0x00007f258a770000)
 tenured generation   total 2820936K, used 1063409K [0x00007f2a89b50000, 0x00007f2b35e22000, 0x00007f3534600000)
   the space 2820936K,  37% used [0x00007f2a89b50000, 0x00007f2aca9cc408, 0x00007f2aca9cc600, 0x00007f2b35e22000)
 Metaspace       used 23313K, capacity 23741K, committed 23808K, reserved 24576K
}
Event: 15.563 GC heap after
{Heap after GC invocations=11 (full 3):
 def new generation   total 1269504K, used 412K [0x00007f2534600000, 0x00007f258a770000, 0x00007f2a89b50000)
  eden space 1128512K,   0% used [0x00007f2534600000, 0x00007f2534600000, 0x00007f2579410000)
  from space 140992K,   0% used [0x00007f2581dc0000, 0x00007f2581e27170, 0x00007f258a770000)
  to   space 140992K,   0% used [0x00007f2579410000, 0x00007f2579410000, 0x00007f2581dc0000)
 tenured generation   total 2820936K, used 2111985K [0x00007f2a89b50000, 0x00007f2b35e22000, 0x00007f3534600000)
   the space 2820936K,  74% used [0x00007f2a89b50000, 0x00007f2b0a9cc420, 0x00007f2b0a9cc600, 0x00007f2b35e22000)
 Metaspace       used 23313K, capacity 23741K, committed 23808K, reserved 24576K
}
Event: 16.711 GC heap before
{Heap before GC invocations=11 (full 3):
 def new generation   total 1269504K, used 1105492K [0x00007f2534600000, 0x00007f258a770000, 0x00007f2a89b50000)
  eden space 1128512K,  97% used [0x00007f2534600000, 0x00007f2577d2df58, 0x00007f2579410000)
  from space 140992K,   0% used [0x00007f2581dc0000, 0x00007f2581e27170, 0x00007f258a770000)
  to   space 140992K,   0% used [0x00007f2579410000, 0x00007f2579410000, 0x00007f2581dc0000)
 tenured generation   total 2820936K, used 2111985K [0x00007f2a89b50000, 0x00007f2b35e22000, 0x00007f3534600000)
   the space 2820936K,  74% used [0x00007f2a89b50000, 0x00007f2b0a9cc420, 0x00007f2b0a9cc600, 0x00007f2b35e22000)
 Metaspace       used 23323K, capacity 23745K, committed 23808K, reserved 24576K
}
Event: 16.775 GC heap after
{Heap after GC invocations=12 (full 3):
 def new generation   total 1269504K, used 33646K [0x00007f2534600000, 0x00007f258a770000, 0x00007f2a89b50000)
  eden space 1128512K,   0% used [0x00007f2534600000, 0x00007f2534600000, 0x00007f2579410000)
  from space 140992K,  23% used [0x00007f2579410000, 0x00007f257b4eb8b8, 0x00007f2581dc0000)
  to   space 140992K,   0% used [0x00007f2581dc0000, 0x00007f2581dc0000, 0x00007f258a770000)
 tenured generation   total 2820936K, used 2111985K [0x00007f2a89b50000, 0x00007f2b35e22000, 0x00007f3534600000)
   the space 2820936K,  74% used [0x00007f2a89b50000, 0x00007f2b0a9cc420, 0x00007f2b0a9cc600, 0x00007f2b35e22000)
 Metaspace       used 23323K, capacity 23745K, committed 23808K, reserved 24576K
}
Event: 17.809 GC heap before
{Heap before GC invocations=12 (full 3):
 def new generation   total 1269504K, used 967834K [0x00007f2534600000, 0x00007f258a770000, 0x00007f2a89b50000)
  eden space 1128512K,  82% used [0x00007f2534600000, 0x00007f256d64b030, 0x00007f2579410000)
  from space 140992K,  23% used [0x00007f2579410000, 0x00007f257b4eb8b8, 0x00007f2581dc0000)
  to   space 140992K,   0% used [0x00007f2581dc0000, 0x00007f2581dc0000, 0x00007f258a770000)
 tenured generation   total 2820936K, used 2111985K [0x00007f2a89b50000, 0x00007f2b35e22000, 0x00007f3534600000)
   the space 2820936K,  74% used [0x00007f2a89b50000, 0x00007f2b0a9cc420, 0x00007f2b0a9cc600, 0x00007f2b35e22000)
 Metaspace       used 23341K, capacity 23747K, committed 23808K, reserved 24576K
}
Event: 17.841 GC heap after
{Heap after GC invocations=13 (full 3):
 def new generation   total 1269504K, used 17355K [0x00007f2534600000, 0x00007f258a770000, 0x00007f2a89b50000)
  eden space 1128512K,   0% used [0x00007f2534600000, 0x00007f2534600000, 0x00007f2579410000)
  from space 140992K,  12% used [0x00007f2581dc0000, 0x00007f2582eb2d98, 0x00007f258a770000)
  to   space 140992K,   0% used [0x00007f2579410000, 0x00007f2579410000, 0x00007f2581dc0000)
 tenured generation   total 2820936K, used 2111985K [0x00007f2a89b50000, 0x00007f2b35e22000, 0x00007f3534600000)
   the space 2820936K,  74% used [0x00007f2a89b50000, 0x00007f2b0a9cc420, 0x00007f2b0a9cc600, 0x00007f2b35e22000)
 Metaspace       used 23341K, capacity 23747K, committed 23808K, reserved 24576K
}
Event: 17.841 GC heap before
{Heap before GC invocations=13 (full 3):
 def new generation   total 1269504K, used 17355K [0x00007f2534600000, 0x00007f258a770000, 0x00007f2a89b50000)
  eden space 1128512K,   0% used [0x00007f2534600000, 0x00007f2534600000, 0x00007f2579410000)
  from space 140992K,  12% used [0x00007f2581dc0000, 0x00007f2582eb2d98, 0x00007f258a770000)
  to   space 140992K,   0% used [0x00007f2579410000, 0x00007f2579410000, 0x00007f2581dc0000)
 tenured generation   total 2820936K, used 2111985K [0x00007f2a89b50000, 0x00007f2b35e22000, 0x00007f3534600000)
   the space 2820936K,  74% used [0x00007f2a89b50000, 0x00007f2b0a9cc420, 0x00007f2b0a9cc600, 0x00007f2b35e22000)
 Metaspace       used 23341K, capacity 23747K, committed 23808K, reserved 24576K
}
Event: 17.889 GC heap after
{Heap after GC invocations=13 (full 4):
 def new generation   total 1269504K, used 0K [0x00007f2534600000, 0x00007f258a770000, 0x00007f2a89b50000)
  eden space 1128512K,   0% used [0x00007f2534600000, 0x00007f2534600000, 0x00007f2579410000)
  from space 140992K,   0% used [0x00007f2581dc0000, 0x00007f2581dc0000, 0x00007f258a770000)
  to   space 140992K,   0% used [0x00007f2579410000, 0x00007f2579410000, 0x00007f2581dc0000)
 tenured generation   total 2820936K, used 26112K [0x00007f2a89b50000, 0x00007f2b35e22000, 0x00007f3534600000)
   the space 2820936K,   0% used [0x00007f2a89b50000, 0x00007f2a8b4d0328, 0x00007f2a8b4d0400, 0x00007f2b35e22000)
 Metaspace       used 23341K, capacity 23747K, committed 23808K, reserved 24576K
}
Event: 43.833 GC heap before
{Heap before GC invocations=13 (full 4):
 def new generation   total 1269504K, used 22203K [0x00007f2534600000, 0x00007f258a770000, 0x00007f2a89b50000)
  eden space 1128512K,   1% used [0x00007f2534600000, 0x00007f2535baec40, 0x00007f2579410000)
  from space 140992K,   0% used [0x00007f2581dc0000, 0x00007f2581dc0000, 0x00007f258a770000)
  to   space 140992K,   0% used [0x00007f2579410000, 0x00007f2579410000, 0x00007f2581dc0000)
 tenured generation   total 11209548K, used 8414720K [0x00007f2a89b50000, 0x00007f2d35e23000, 0x00007f3534600000)
   the space 11209548K,  75% used [0x00007f2a89b50000, 0x00007f2c8b4d0340, 0x00007f2c8b4d0400, 0x00007f2d35e23000)
 Metaspace       used 23341K, capacity 23747K, committed 23808K, reserved 24576K
}
Event: 43.908 GC heap after
{Heap after GC invocations=14 (full 4):
 def new generation   total 1269504K, used 1K [0x00007f2534600000, 0x00007f258a770000, 0x00007f2a89b50000)
  eden space 1128512K,   0% used [0x00007f2534600000, 0x00007f2534600000, 0x00007f2579410000)
  from space 140992K,   0% used [0x00007f2579410000, 0x00007f25794105e8, 0x00007f2581dc0000)
  to   space 140992K,   0% used [0x00007f2581dc0000, 0x00007f2581dc0000, 0x00007f258a770000)
 tenured generation   total 11209548K, used 8414720K [0x00007f2a89b50000, 0x00007f2d35e23000, 0x00007f3534600000)
   the space 11209548K,  75% used [0x00007f2a89b50000, 0x00007f2c8b4d0340, 0x00007f2c8b4d0400, 0x00007f2d35e23000)
 Metaspace       used 23341K, capacity 23747K, committed 23808K, reserved 24576K
}
Event: 43.908 GC heap before
{Heap before GC invocations=14 (full 4):
 def new generation   total 1269504K, used 1K [0x00007f2534600000, 0x00007f258a770000, 0x00007f2a89b50000)
  eden space 1128512K,   0% used [0x00007f2534600000, 0x00007f2534600000, 0x00007f2579410000)
  from space 140992K,   0% used [0x00007f2579410000, 0x00007f25794105e8, 0x00007f2581dc0000)
  to   space 140992K,   0% used [0x00007f2581dc0000, 0x00007f2581dc0000, 0x00007f258a770000)
 tenured generation   total 11209548K, used 8414720K [0x00007f2a89b50000, 0x00007f2d35e23000, 0x00007f3534600000)
   the space 11209548K,  75% used [0x00007f2a89b50000, 0x00007f2c8b4d0340, 0x00007f2c8b4d0400, 0x00007f2d35e23000)
 Metaspace       used 23341K, capacity 23747K, committed 23808K, reserved 24576K
}

