# JRE version: OpenJDK Runtime Environment (13.0.7+5) (build 13.0.7+5-Ubuntu-0ubuntu120.04)
# Java VM: OpenJDK 64-Bit Server VM (13.0.7+5-Ubuntu-0ubuntu120.04, mixed mode, tiered, serial gc, linux-amd64)
Heap:
 def new generation   total 629248K, used 4124K [0x00007f2ac4600000, 0x00007f2aef0c0000, 0x00007f3019b50000)
  eden space 559360K,   0% used [0x00007f2ac4600000, 0x00007f2ac4a07100, 0x00007f2ae6840000)
  from space 69888K,   0% used [0x00007f2aeac80000, 0x00007f2aeac80000, 0x00007f2aef0c0000)
  to   space 69888K,   0% used [0x00007f2ae6840000, 0x00007f2ae6840000, 0x00007f2aeac80000)
 tenured generation   total 1398336K, used 1398335K [0x00007f3019b50000, 0x00007f306f0e0000, 0x00007f3ac4600000)
   the space 1398336K,  99% used [0x00007f3019b50000, 0x00007f306f0dff60, 0x00007f306f0e0000, 0x00007f306f0e0000)
 Metaspace       used 24247K, capacity 24647K, committed 24832K, reserved 26624K
GC Heap History (20 events):
Event: 2569.166 GC heap after
{Heap after GC invocations=4609 (full 1):
 def new generation   total 629248K, used 4463K [0x00007f2ac4600000, 0x00007f2aef0c0000, 0x00007f3019b50000)
  eden space 559360K,   0% used [0x00007f2ac4600000, 0x00007f2ac4600000, 0x00007f2ae6840000)
  from space 69888K,   6% used [0x00007f2ae6840000, 0x00007f2ae6c9bcd0, 0x00007f2aeac80000)
  to   space 69888K,   0% used [0x00007f2aeac80000, 0x00007f2aeac80000, 0x00007f2aef0c0000)
 tenured generation   total 1398144K, used 1395831K [0x00007f3019b50000, 0x00007f306f0b0000, 0x00007f3ac4600000)
   the space 1398144K,  99% used [0x00007f3019b50000, 0x00007f306ee6ddc8, 0x00007f306ee6de00, 0x00007f306f0b0000)
 Metaspace       used 24247K, capacity 24647K, committed 24832K, reserved 26624K
}
Event: 2569.712 GC heap before
{Heap before GC invocations=4609 (full 1):
 def new generation   total 629248K, used 563823K [0x00007f2ac4600000, 0x00007f2aef0c0000, 0x00007f3019b50000)
  eden space 559360K, 100% used [0x00007f2ac4600000, 0x00007f2ae6840000, 0x00007f2ae6840000)
  from space 69888K,   6% used [0x00007f2ae6840000, 0x00007f2ae6c9bcd0, 0x00007f2aeac80000)
  to   space 69888K,   0% used [0x00007f2aeac80000, 0x00007f2aeac80000, 0x00007f2aef0c0000)
 tenured generation   total 1398144K, used 1395831K [0x00007f3019b50000, 0x00007f306f0b0000, 0x00007f3ac4600000)
   the space 1398144K,  99% used [0x00007f3019b50000, 0x00007f306ee6ddc8, 0x00007f306ee6de00, 0x00007f306f0b0000)
 Metaspace       used 24247K, capacity 24647K, committed 24832K, reserved 26624K
}
Event: 2569.723 GC heap after
{Heap after GC invocations=4610 (full 1):
 def new generation   total 629248K, used 4929K [0x00007f2ac4600000, 0x00007f2aef0c0000, 0x00007f3019b50000)
  eden space 559360K,   0% used [0x00007f2ac4600000, 0x00007f2ac4600000, 0x00007f2ae6840000)
  from space 69888K,   7% used [0x00007f2aeac80000, 0x00007f2aeb1507e0, 0x00007f2aef0c0000)
  to   space 69888K,   0% used [0x00007f2ae6840000, 0x00007f2ae6840000, 0x00007f2aeac80000)
 tenured generation   total 1398144K, used 1396060K [0x00007f3019b50000, 0x00007f306f0b0000, 0x00007f3ac4600000)
   the space 1398144K,  99% used [0x00007f3019b50000, 0x00007f306eea7128, 0x00007f306eea7200, 0x00007f306f0b0000)
 Metaspace       used 24247K, capacity 24647K, committed 24832K, reserved 26624K
}
Event: 2570.251 GC heap before
{Heap before GC invocations=4610 (full 1):
 def new generation   total 629248K, used 564289K [0x00007f2ac4600000, 0x00007f2aef0c0000, 0x00007f3019b50000)
  eden space 559360K, 100% used [0x00007f2ac4600000, 0x00007f2ae6840000, 0x00007f2ae6840000)
  from space 69888K,   7% used [0x00007f2aeac80000, 0x00007f2aeb1507e0, 0x00007f2aef0c0000)
  to   space 69888K,   0% used [0x00007f2ae6840000, 0x00007f2ae6840000, 0x00007f2aeac80000)
 tenured generation   total 1398144K, used 1396060K [0x00007f3019b50000, 0x00007f306f0b0000, 0x00007f3ac4600000)
   the space 1398144K,  99% used [0x00007f3019b50000, 0x00007f306eea7128, 0x00007f306eea7200, 0x00007f306f0b0000)
 Metaspace       used 24247K, capacity 24647K, committed 24832K, reserved 26624K
}
Event: 2570.263 GC heap after
{Heap after GC invocations=4611 (full 1):
 def new generation   total 629248K, used 5075K [0x00007f2ac4600000, 0x00007f2aef0c0000, 0x00007f3019b50000)
  eden space 559360K,   0% used [0x00007f2ac4600000, 0x00007f2ac4600000, 0x00007f2ae6840000)
  from space 69888K,   7% used [0x00007f2ae6840000, 0x00007f2ae6d34e38, 0x00007f2aeac80000)
  to   space 69888K,   0% used [0x00007f2aeac80000, 0x00007f2aeac80000, 0x00007f2aef0c0000)
 tenured generation   total 1398144K, used 1396289K [0x00007f3019b50000, 0x00007f306f0b0000, 0x00007f3ac4600000)
   the space 1398144K,  99% used [0x00007f3019b50000, 0x00007f306eee0488, 0x00007f306eee0600, 0x00007f306f0b0000)
 Metaspace       used 24247K, capacity 24647K, committed 24832K, reserved 26624K
}
Event: 2570.830 GC heap before
{Heap before GC invocations=4611 (full 1):
 def new generation   total 629248K, used 564435K [0x00007f2ac4600000, 0x00007f2aef0c0000, 0x00007f3019b50000)
  eden space 559360K, 100% used [0x00007f2ac4600000, 0x00007f2ae6840000, 0x00007f2ae6840000)
  from space 69888K,   7% used [0x00007f2ae6840000, 0x00007f2ae6d34e38, 0x00007f2aeac80000)
  to   space 69888K,   0% used [0x00007f2aeac80000, 0x00007f2aeac80000, 0x00007f2aef0c0000)
 tenured generation   total 1398144K, used 1396289K [0x00007f3019b50000, 0x00007f306f0b0000, 0x00007f3ac4600000)
   the space 1398144K,  99% used [0x00007f3019b50000, 0x00007f306eee0488, 0x00007f306eee0600, 0x00007f306f0b0000)
 Metaspace       used 24247K, capacity 24647K, committed 24832K, reserved 26624K
}
Event: 2570.841 GC heap after
{Heap after GC invocations=4612 (full 1):
 def new generation   total 629248K, used 4978K [0x00007f2ac4600000, 0x00007f2aef0c0000, 0x00007f3019b50000)
  eden space 559360K,   0% used [0x00007f2ac4600000, 0x00007f2ac4600000, 0x00007f2ae6840000)
  from space 69888K,   7% used [0x00007f2aeac80000, 0x00007f2aeb15ca00, 0x00007f2aef0c0000)
  to   space 69888K,   0% used [0x00007f2ae6840000, 0x00007f2ae6840000, 0x00007f2aeac80000)
 tenured generation   total 1398144K, used 1396537K [0x00007f3019b50000, 0x00007f306f0b0000, 0x00007f3ac4600000)
   the space 1398144K,  99% used [0x00007f3019b50000, 0x00007f306ef1e430, 0x00007f306ef1e600, 0x00007f306f0b0000)
 Metaspace       used 24247K, capacity 24647K, committed 24832K, reserved 26624K
}
Event: 2571.412 GC heap before
{Heap before GC invocations=4612 (full 1):
 def new generation   total 629248K, used 564338K [0x00007f2ac4600000, 0x00007f2aef0c0000, 0x00007f3019b50000)
  eden space 559360K, 100% used [0x00007f2ac4600000, 0x00007f2ae6840000, 0x00007f2ae6840000)
  from space 69888K,   7% used [0x00007f2aeac80000, 0x00007f2aeb15ca00, 0x00007f2aef0c0000)
  to   space 69888K,   0% used [0x00007f2ae6840000, 0x00007f2ae6840000, 0x00007f2aeac80000)
 tenured generation   total 1398144K, used 1396537K [0x00007f3019b50000, 0x00007f306f0b0000, 0x00007f3ac4600000)
   the space 1398144K,  99% used [0x00007f3019b50000, 0x00007f306ef1e430, 0x00007f306ef1e600, 0x00007f306f0b0000)
 Metaspace       used 24247K, capacity 24647K, committed 24832K, reserved 26624K
}
Event: 2571.425 GC heap after
{Heap after GC invocations=4613 (full 1):
 def new generation   total 629248K, used 4884K [0x00007f2ac4600000, 0x00007f2aef0c0000, 0x00007f3019b50000)
  eden space 559360K,   0% used [0x00007f2ac4600000, 0x00007f2ac4600000, 0x00007f2ae6840000)
  from space 69888K,   6% used [0x00007f2ae6840000, 0x00007f2ae6d05110, 0x00007f2aeac80000)
  to   space 69888K,   0% used [0x00007f2aeac80000, 0x00007f2aeac80000, 0x00007f2aef0c0000)
 tenured generation   total 1398144K, used 1396765K [0x00007f3019b50000, 0x00007f306f0b0000, 0x00007f3ac4600000)
   the space 1398144K,  99% used [0x00007f3019b50000, 0x00007f306ef57790, 0x00007f306ef57800, 0x00007f306f0b0000)
 Metaspace       used 24247K, capacity 24647K, committed 24832K, reserved 26624K
}
Event: 2571.981 GC heap before
{Heap before GC invocations=4613 (full 1):
 def new generation   total 629248K, used 564244K [0x00007f2ac4600000, 0x00007f2aef0c0000, 0x00007f3019b50000)
  eden space 559360K, 100% used [0x00007f2ac4600000, 0x00007f2ae6840000, 0x00007f2ae6840000)
  from space 69888K,   6% used [0x00007f2ae6840000, 0x00007f2ae6d05110, 0x00007f2aeac80000)
  to   space 69888K,   0% used [0x00007f2aeac80000, 0x00007f2aeac80000, 0x00007f2aef0c0000)
 tenured generation   total 1398144K, used 1396765K [0x00007f3019b50000, 0x00007f306f0b0000, 0x00007f3ac4600000)
   the space 1398144K,  99% used [0x00007f3019b50000, 0x00007f306ef57790, 0x00007f306ef57800, 0x00007f306f0b0000)
 Metaspace       used 24247K, capacity 24647K, committed 24832K, reserved 26624K
}
Event: 2571.993 GC heap after
{Heap after GC invocations=4614 (full 1):
 def new generation   total 629248K, used 4794K [0x00007f2ac4600000, 0x00007f2aef0c0000, 0x00007f3019b50000)
  eden space 559360K,   0% used [0x00007f2ac4600000, 0x00007f2ac4600000, 0x00007f2ae6840000)
  from space 69888K,   6% used [0x00007f2aeac80000, 0x00007f2aeb12e968, 0x00007f2aef0c0000)
  to   space 69888K,   0% used [0x00007f2ae6840000, 0x00007f2ae6840000, 0x00007f2aeac80000)
 tenured generation   total 1398144K, used 1397013K [0x00007f3019b50000, 0x00007f306f0b0000, 0x00007f3ac4600000)
   the space 1398144K,  99% used [0x00007f3019b50000, 0x00007f306ef95738, 0x00007f306ef95800, 0x00007f306f0b0000)
 Metaspace       used 24247K, capacity 24647K, committed 24832K, reserved 26624K
}
Event: 2572.537 GC heap before
{Heap before GC invocations=4614 (full 1):
 def new generation   total 629248K, used 564154K [0x00007f2ac4600000, 0x00007f2aef0c0000, 0x00007f3019b50000)
  eden space 559360K, 100% used [0x00007f2ac4600000, 0x00007f2ae6840000, 0x00007f2ae6840000)
  from space 69888K,   6% used [0x00007f2aeac80000, 0x00007f2aeb12e968, 0x00007f2aef0c0000)
  to   space 69888K,   0% used [0x00007f2ae6840000, 0x00007f2ae6840000, 0x00007f2aeac80000)
 tenured generation   total 1398144K, used 1397013K [0x00007f3019b50000, 0x00007f306f0b0000, 0x00007f3ac4600000)
   the space 1398144K,  99% used [0x00007f3019b50000, 0x00007f306ef95738, 0x00007f306ef95800, 0x00007f306f0b0000)
 Metaspace       used 24247K, capacity 24647K, committed 24832K, reserved 26624K
}
Event: 2572.547 GC heap after
{Heap after GC invocations=4615 (full 1):
 def new generation   total 629248K, used 4603K [0x00007f2ac4600000, 0x00007f2aef0c0000, 0x00007f3019b50000)
  eden space 559360K,   0% used [0x00007f2ac4600000, 0x00007f2ac4600000, 0x00007f2ae6840000)
  from space 69888K,   6% used [0x00007f2ae6840000, 0x00007f2ae6cbee38, 0x00007f2aeac80000)
  to   space 69888K,   0% used [0x00007f2aeac80000, 0x00007f2aeac80000, 0x00007f2aef0c0000)
 tenured generation   total 1398144K, used 1397338K [0x00007f3019b50000, 0x00007f306f0b0000, 0x00007f3ac4600000)
   the space 1398144K,  99% used [0x00007f3019b50000, 0x00007f306efe6808, 0x00007f306efe6a00, 0x00007f306f0b0000)
 Metaspace       used 24247K, capacity 24647K, committed 24832K, reserved 26624K
}
Event: 2573.106 GC heap before
{Heap before GC invocations=4615 (full 1):
 def new generation   total 629248K, used 563963K [0x00007f2ac4600000, 0x00007f2aef0c0000, 0x00007f3019b50000)
  eden space 559360K, 100% used [0x00007f2ac4600000, 0x00007f2ae6840000, 0x00007f2ae6840000)
  from space 69888K,   6% used [0x00007f2ae6840000, 0x00007f2ae6cbee38, 0x00007f2aeac80000)
  to   space 69888K,   0% used [0x00007f2aeac80000, 0x00007f2aeac80000, 0x00007f2aef0c0000)
 tenured generation   total 1398144K, used 1397338K [0x00007f3019b50000, 0x00007f306f0b0000, 0x00007f3ac4600000)
   the space 1398144K,  99% used [0x00007f3019b50000, 0x00007f306efe6808, 0x00007f306efe6a00, 0x00007f306f0b0000)
 Metaspace       used 24247K, capacity 24647K, committed 24832K, reserved 26624K
}
Event: 2573.117 GC heap after
{Heap after GC invocations=4616 (full 1):
 def new generation   total 629248K, used 4184K [0x00007f2ac4600000, 0x00007f2aef0c0000, 0x00007f3019b50000)
  eden space 559360K,   0% used [0x00007f2ac4600000, 0x00007f2ac4600000, 0x00007f2ae6840000)
  from space 69888K,   5% used [0x00007f2aeac80000, 0x00007f2aeb0962c8, 0x00007f2aef0c0000)
  to   space 69888K,   0% used [0x00007f2ae6840000, 0x00007f2ae6840000, 0x00007f2aeac80000)
 tenured generation   total 1398144K, used 1397907K [0x00007f3019b50000, 0x00007f306f0b0000, 0x00007f3ac4600000)
   the space 1398144K,  99% used [0x00007f3019b50000, 0x00007f306f074f18, 0x00007f306f075000, 0x00007f306f0b0000)
 Metaspace       used 24247K, capacity 24647K, committed 24832K, reserved 26624K
}
Event: 2573.666 GC heap before
{Heap before GC invocations=4616 (full 1):
 def new generation   total 629248K, used 563544K [0x00007f2ac4600000, 0x00007f2aef0c0000, 0x00007f3019b50000)
  eden space 559360K, 100% used [0x00007f2ac4600000, 0x00007f2ae6840000, 0x00007f2ae6840000)
  from space 69888K,   5% used [0x00007f2aeac80000, 0x00007f2aeb0962c8, 0x00007f2aef0c0000)
  to   space 69888K,   0% used [0x00007f2ae6840000, 0x00007f2ae6840000, 0x00007f2aeac80000)
 tenured generation   total 1398144K, used 1397907K [0x00007f3019b50000, 0x00007f306f0b0000, 0x00007f3ac4600000)
   the space 1398144K,  99% used [0x00007f3019b50000, 0x00007f306f074f18, 0x00007f306f075000, 0x00007f306f0b0000)
 Metaspace       used 24247K, capacity 24647K, committed 24832K, reserved 26624K
}
Event: 2573.676 GC heap after
{Heap after GC invocations=4617 (full 1):
 def new generation   total 629248K, used 4247K [0x00007f2ac4600000, 0x00007f2aef0c0000, 0x00007f3019b50000)
  eden space 559360K,   0% used [0x00007f2ac4600000, 0x00007f2ac4600000, 0x00007f2ae6840000)
  from space 69888K,   6% used [0x00007f2ae6840000, 0x00007f2ae6c65c68, 0x00007f2aeac80000)
  to   space 69888K,   0% used [0x00007f2aeac80000, 0x00007f2aeac80000, 0x00007f2aef0c0000)
 tenured generation   total 1398144K, used 1398023K [0x00007f3019b50000, 0x00007f306f0b0000, 0x00007f3ac4600000)
   the space 1398144K,  99% used [0x00007f3019b50000, 0x00007f306f091e18, 0x00007f306f092000, 0x00007f306f0b0000)
 Metaspace       used 24247K, capacity 24647K, committed 24832K, reserved 26624K
}
Event: 2574.206 GC heap before
{Heap before GC invocations=4617 (full 1):
 def new generation   total 629248K, used 563607K [0x00007f2ac4600000, 0x00007f2aef0c0000, 0x00007f3019b50000)
  eden space 559360K, 100% used [0x00007f2ac4600000, 0x00007f2ae6840000, 0x00007f2ae6840000)
  from space 69888K,   6% used [0x00007f2ae6840000, 0x00007f2ae6c65c68, 0x00007f2aeac80000)
  to   space 69888K,   0% used [0x00007f2aeac80000, 0x00007f2aeac80000, 0x00007f2aef0c0000)
 tenured generation   total 1398144K, used 1398023K [0x00007f3019b50000, 0x00007f306f0b0000, 0x00007f3ac4600000)
   the space 1398144K,  99% used [0x00007f3019b50000, 0x00007f306f091e18, 0x00007f306f092000, 0x00007f306f0b0000)
 Metaspace       used 24247K, capacity 24647K, committed 24832K, reserved 26624K
}
Event: 2574.218 GC heap after
{Heap after GC invocations=4618 (full 1):
 def new generation   total 629248K, used 4301K [0x00007f2ac4600000, 0x00007f2aef0c0000, 0x00007f3019b50000)
  eden space 559360K,   0% used [0x00007f2ac4600000, 0x00007f2ac4600000, 0x00007f2ae6840000)
  from space 69888K,   6% used [0x00007f2aeac80000, 0x00007f2aeb0b3470, 0x00007f2aef0c0000)
  to   space 69888K,   0% used [0x00007f2ae6840000, 0x00007f2ae6840000, 0x00007f2aeac80000)
 tenured generation   total 1398336K, used 1398158K [0x00007f3019b50000, 0x00007f306f0e0000, 0x00007f3ac4600000)
   the space 1398336K,  99% used [0x00007f3019b50000, 0x00007f306f0b3bf0, 0x00007f306f0b3c00, 0x00007f306f0e0000)
 Metaspace       used 24247K, capacity 24647K, committed 24832K, reserved 26624K
}
Event: 2574.218 GC heap before
{Heap before GC invocations=4618 (full 1):
 def new generation   total 629248K, used 4301K [0x00007f2ac4600000, 0x00007f2aef0c0000, 0x00007f3019b50000)
  eden space 559360K,   0% used [0x00007f2ac4600000, 0x00007f2ac4600000, 0x00007f2ae6840000)
  from space 69888K,   6% used [0x00007f2aeac80000, 0x00007f2aeb0b3470, 0x00007f2aef0c0000)
  to   space 69888K,   0% used [0x00007f2ae6840000, 0x00007f2ae6840000, 0x00007f2aeac80000)
 tenured generation   total 1398336K, used 1398158K [0x00007f3019b50000, 0x00007f306f0e0000, 0x00007f3ac4600000)
   the space 1398336K,  99% used [0x00007f3019b50000, 0x00007f306f0b3bf0, 0x00007f306f0b3c00, 0x00007f306f0e0000)
 Metaspace       used 24247K, capacity 24647K, committed 24832K, reserved 26624K
}

