# JRE version: OpenJDK Runtime Environment (13.0.7+5) (build 13.0.7+5-Ubuntu-0ubuntu120.04)
# Java VM: OpenJDK 64-Bit Server VM (13.0.7+5-Ubuntu-0ubuntu120.04, mixed mode, tiered, serial gc, linux-amd64)
Heap:
 def new generation   total 2909120K, used 20284K [0x00007f98e0600000, 0x00007f99a5a90000, 0x00007f9e35b50000)
  eden space 2585920K,   0% used [0x00007f98e0600000, 0x00007f98e19cf2c8, 0x00007f997e350000)
  from space 323200K,   0% used [0x00007f9991ef0000, 0x00007f9991ef0000, 0x00007f99a5a90000)
  to   space 323200K,   0% used [0x00007f997e350000, 0x00007f997e350000, 0x00007f9991ef0000)
 tenured generation   total 6465732K, used 6465727K [0x00007f9e35b50000, 0x00007f9fc0581000, 0x00007fa8e0600000)
   the space 6465732K,  99% used [0x00007f9e35b50000, 0x00007f9fc057fca8, 0x00007f9fc057fe00, 0x00007f9fc0581000)
 Metaspace       used 24242K, capacity 24655K, committed 24832K, reserved 26624K
GC Heap History (20 events):
Event: 11833.459 GC heap after
{Heap after GC invocations=10467 (full 4):
 def new generation   total 2909120K, used 20282K [0x00007f98e0600000, 0x00007f99a5a90000, 0x00007f9e35b50000)
  eden space 2585920K,   0% used [0x00007f98e0600000, 0x00007f98e0600000, 0x00007f997e350000)
  from space 323200K,   6% used [0x00007f997e350000, 0x00007f997f71e9d0, 0x00007f9991ef0000)
  to   space 323200K,   0% used [0x00007f9991ef0000, 0x00007f9991ef0000, 0x00007f99a5a90000)
 tenured generation   total 6464580K, used 6453598K [0x00007f9e35b50000, 0x00007f9fc0461000, 0x00007fa8e0600000)
   the space 6464580K,  99% used [0x00007f9e35b50000, 0x00007f9fbf9a7bd8, 0x00007f9fbf9a7c00, 0x00007f9fc0461000)
 Metaspace       used 24242K, capacity 24655K, committed 24832K, reserved 26624K
}
Event: 11835.900 GC heap before
{Heap before GC invocations=10467 (full 4):
 def new generation   total 2909120K, used 2606202K [0x00007f98e0600000, 0x00007f99a5a90000, 0x00007f9e35b50000)
  eden space 2585920K, 100% used [0x00007f98e0600000, 0x00007f997e350000, 0x00007f997e350000)
  from space 323200K,   6% used [0x00007f997e350000, 0x00007f997f71e9d0, 0x00007f9991ef0000)
  to   space 323200K,   0% used [0x00007f9991ef0000, 0x00007f9991ef0000, 0x00007f99a5a90000)
 tenured generation   total 6464580K, used 6453598K [0x00007f9e35b50000, 0x00007f9fc0461000, 0x00007fa8e0600000)
   the space 6464580K,  99% used [0x00007f9e35b50000, 0x00007f9fbf9a7bd8, 0x00007f9fbf9a7c00, 0x00007f9fc0461000)
 Metaspace       used 24242K, capacity 24655K, committed 24832K, reserved 26624K
}
Event: 11835.958 GC heap after
{Heap after GC invocations=10468 (full 4):
 def new generation   total 2909120K, used 20385K [0x00007f98e0600000, 0x00007f99a5a90000, 0x00007f9e35b50000)
  eden space 2585920K,   0% used [0x00007f98e0600000, 0x00007f98e0600000, 0x00007f997e350000)
  from space 323200K,   6% used [0x00007f9991ef0000, 0x00007f99932d8678, 0x00007f99a5a90000)
  to   space 323200K,   0% used [0x00007f997e350000, 0x00007f997e350000, 0x00007f9991ef0000)
 tenured generation   total 6464580K, used 6454867K [0x00007f9e35b50000, 0x00007f9fc0461000, 0x00007fa8e0600000)
   the space 6464580K,  99% used [0x00007f9e35b50000, 0x00007f9fbfae4e10, 0x00007f9fbfae5000, 0x00007f9fc0461000)
 Metaspace       used 24242K, capacity 24655K, committed 24832K, reserved 26624K
}
Event: 11838.421 GC heap before
{Heap before GC invocations=10468 (full 4):
 def new generation   total 2909120K, used 2606305K [0x00007f98e0600000, 0x00007f99a5a90000, 0x00007f9e35b50000)
  eden space 2585920K, 100% used [0x00007f98e0600000, 0x00007f997e350000, 0x00007f997e350000)
  from space 323200K,   6% used [0x00007f9991ef0000, 0x00007f99932d8678, 0x00007f99a5a90000)
  to   space 323200K,   0% used [0x00007f997e350000, 0x00007f997e350000, 0x00007f9991ef0000)
 tenured generation   total 6464580K, used 6454867K [0x00007f9e35b50000, 0x00007f9fc0461000, 0x00007fa8e0600000)
   the space 6464580K,  99% used [0x00007f9e35b50000, 0x00007f9fbfae4e10, 0x00007f9fbfae5000, 0x00007f9fc0461000)
 Metaspace       used 24242K, capacity 24655K, committed 24832K, reserved 26624K
}
Event: 11838.485 GC heap after
{Heap after GC invocations=10469 (full 4):
 def new generation   total 2909120K, used 20390K [0x00007f98e0600000, 0x00007f99a5a90000, 0x00007f9e35b50000)
  eden space 2585920K,   0% used [0x00007f98e0600000, 0x00007f98e0600000, 0x00007f997e350000)
  from space 323200K,   6% used [0x00007f997e350000, 0x00007f997f739968, 0x00007f9991ef0000)
  to   space 323200K,   0% used [0x00007f9991ef0000, 0x00007f9991ef0000, 0x00007f99a5a90000)
 tenured generation   total 6464580K, used 6456229K [0x00007f9e35b50000, 0x00007f9fc0461000, 0x00007fa8e0600000)
   the space 6464580K,  99% used [0x00007f9e35b50000, 0x00007f9fbfc395d0, 0x00007f9fbfc39600, 0x00007f9fc0461000)
 Metaspace       used 24242K, capacity 24655K, committed 24832K, reserved 26624K
}
Event: 11840.920 GC heap before
{Heap before GC invocations=10469 (full 4):
 def new generation   total 2909120K, used 2606310K [0x00007f98e0600000, 0x00007f99a5a90000, 0x00007f9e35b50000)
  eden space 2585920K, 100% used [0x00007f98e0600000, 0x00007f997e350000, 0x00007f997e350000)
  from space 323200K,   6% used [0x00007f997e350000, 0x00007f997f739968, 0x00007f9991ef0000)
  to   space 323200K,   0% used [0x00007f9991ef0000, 0x00007f9991ef0000, 0x00007f99a5a90000)
 tenured generation   total 6464580K, used 6456229K [0x00007f9e35b50000, 0x00007f9fc0461000, 0x00007fa8e0600000)
   the space 6464580K,  99% used [0x00007f9e35b50000, 0x00007f9fbfc395d0, 0x00007f9fbfc39600, 0x00007f9fc0461000)
 Metaspace       used 24242K, capacity 24655K, committed 24832K, reserved 26624K
}
Event: 11840.983 GC heap after
{Heap after GC invocations=10470 (full 4):
 def new generation   total 2909120K, used 20291K [0x00007f98e0600000, 0x00007f99a5a90000, 0x00007f9e35b50000)
  eden space 2585920K,   0% used [0x00007f98e0600000, 0x00007f98e0600000, 0x00007f997e350000)
  from space 323200K,   6% used [0x00007f9991ef0000, 0x00007f99932c0d40, 0x00007f99a5a90000)
  to   space 323200K,   0% used [0x00007f997e350000, 0x00007f997e350000, 0x00007f9991ef0000)
 tenured generation   total 6464580K, used 6457606K [0x00007f9e35b50000, 0x00007f9fc0461000, 0x00007fa8e0600000)
   the space 6464580K,  99% used [0x00007f9e35b50000, 0x00007f9fbfd91b78, 0x00007f9fbfd91c00, 0x00007f9fc0461000)
 Metaspace       used 24242K, capacity 24655K, committed 24832K, reserved 26624K
}
Event: 11843.423 GC heap before
{Heap before GC invocations=10470 (full 4):
 def new generation   total 2909120K, used 2606211K [0x00007f98e0600000, 0x00007f99a5a90000, 0x00007f9e35b50000)
  eden space 2585920K, 100% used [0x00007f98e0600000, 0x00007f997e350000, 0x00007f997e350000)
  from space 323200K,   6% used [0x00007f9991ef0000, 0x00007f99932c0d40, 0x00007f99a5a90000)
  to   space 323200K,   0% used [0x00007f997e350000, 0x00007f997e350000, 0x00007f9991ef0000)
 tenured generation   total 6464580K, used 6457606K [0x00007f9e35b50000, 0x00007f9fc0461000, 0x00007fa8e0600000)
   the space 6464580K,  99% used [0x00007f9e35b50000, 0x00007f9fbfd91b78, 0x00007f9fbfd91c00, 0x00007f9fc0461000)
 Metaspace       used 24242K, capacity 24655K, committed 24832K, reserved 26624K
}
Event: 11843.483 GC heap after
{Heap after GC invocations=10471 (full 4):
 def new generation   total 2909120K, used 20297K [0x00007f98e0600000, 0x00007f99a5a90000, 0x00007f9e35b50000)
  eden space 2585920K,   0% used [0x00007f98e0600000, 0x00007f98e0600000, 0x00007f997e350000)
  from space 323200K,   6% used [0x00007f997e350000, 0x00007f997f722428, 0x00007f9991ef0000)
  to   space 323200K,   0% used [0x00007f9991ef0000, 0x00007f9991ef0000, 0x00007f99a5a90000)
 tenured generation   total 6464580K, used 6458968K [0x00007f9e35b50000, 0x00007f9fc0461000, 0x00007fa8e0600000)
   the space 6464580K,  99% used [0x00007f9e35b50000, 0x00007f9fbfee6338, 0x00007f9fbfee6400, 0x00007f9fc0461000)
 Metaspace       used 24242K, capacity 24655K, committed 24832K, reserved 26624K
}
Event: 11845.933 GC heap before
{Heap before GC invocations=10471 (full 4):
 def new generation   total 2909120K, used 2606217K [0x00007f98e0600000, 0x00007f99a5a90000, 0x00007f9e35b50000)
  eden space 2585920K, 100% used [0x00007f98e0600000, 0x00007f997e350000, 0x00007f997e350000)
  from space 323200K,   6% used [0x00007f997e350000, 0x00007f997f722428, 0x00007f9991ef0000)
  to   space 323200K,   0% used [0x00007f9991ef0000, 0x00007f9991ef0000, 0x00007f99a5a90000)
 tenured generation   total 6464580K, used 6458968K [0x00007f9e35b50000, 0x00007f9fc0461000, 0x00007fa8e0600000)
   the space 6464580K,  99% used [0x00007f9e35b50000, 0x00007f9fbfee6338, 0x00007f9fbfee6400, 0x00007f9fc0461000)
 Metaspace       used 24242K, capacity 24655K, committed 24832K, reserved 26624K
}
Event: 11845.990 GC heap after
{Heap after GC invocations=10472 (full 4):
 def new generation   total 2909120K, used 20298K [0x00007f98e0600000, 0x00007f99a5a90000, 0x00007f9e35b50000)
  eden space 2585920K,   0% used [0x00007f98e0600000, 0x00007f98e0600000, 0x00007f997e350000)
  from space 323200K,   6% used [0x00007f9991ef0000, 0x00007f99932c2b70, 0x00007f99a5a90000)
  to   space 323200K,   0% used [0x00007f997e350000, 0x00007f997e350000, 0x00007f9991ef0000)
 tenured generation   total 6464580K, used 6460335K [0x00007f9e35b50000, 0x00007f9fc0461000, 0x00007fa8e0600000)
   the space 6464580K,  99% used [0x00007f9e35b50000, 0x00007f9fc003bc38, 0x00007f9fc003be00, 0x00007f9fc0461000)
 Metaspace       used 24242K, capacity 24655K, committed 24832K, reserved 26624K
}
Event: 11848.458 GC heap before
{Heap before GC invocations=10472 (full 4):
 def new generation   total 2909120K, used 2606218K [0x00007f98e0600000, 0x00007f99a5a90000, 0x00007f9e35b50000)
  eden space 2585920K, 100% used [0x00007f98e0600000, 0x00007f997e350000, 0x00007f997e350000)
  from space 323200K,   6% used [0x00007f9991ef0000, 0x00007f99932c2b70, 0x00007f99a5a90000)
  to   space 323200K,   0% used [0x00007f997e350000, 0x00007f997e350000, 0x00007f9991ef0000)
 tenured generation   total 6464580K, used 6460335K [0x00007f9e35b50000, 0x00007f9fc0461000, 0x00007fa8e0600000)
   the space 6464580K,  99% used [0x00007f9e35b50000, 0x00007f9fc003bc38, 0x00007f9fc003be00, 0x00007f9fc0461000)
 Metaspace       used 24242K, capacity 24655K, committed 24832K, reserved 26624K
}
Event: 11848.518 GC heap after
{Heap after GC invocations=10473 (full 4):
 def new generation   total 2909120K, used 20335K [0x00007f98e0600000, 0x00007f99a5a90000, 0x00007f9e35b50000)
  eden space 2585920K,   0% used [0x00007f98e0600000, 0x00007f98e0600000, 0x00007f997e350000)
  from space 323200K,   6% used [0x00007f997e350000, 0x00007f997f72bc30, 0x00007f9991ef0000)
  to   space 323200K,   0% used [0x00007f9991ef0000, 0x00007f9991ef0000, 0x00007f99a5a90000)
 tenured generation   total 6464580K, used 6461666K [0x00007f9e35b50000, 0x00007f9fc0461000, 0x00007fa8e0600000)
   the space 6464580K,  99% used [0x00007f9e35b50000, 0x00007f9fc01888a0, 0x00007f9fc0188a00, 0x00007f9fc0461000)
 Metaspace       used 24242K, capacity 24655K, committed 24832K, reserved 26624K
}
Event: 11850.920 GC heap before
{Heap before GC invocations=10473 (full 4):
 def new generation   total 2909120K, used 2606255K [0x00007f98e0600000, 0x00007f99a5a90000, 0x00007f9e35b50000)
  eden space 2585920K, 100% used [0x00007f98e0600000, 0x00007f997e350000, 0x00007f997e350000)
  from space 323200K,   6% used [0x00007f997e350000, 0x00007f997f72bc30, 0x00007f9991ef0000)
  to   space 323200K,   0% used [0x00007f9991ef0000, 0x00007f9991ef0000, 0x00007f99a5a90000)
 tenured generation   total 6464580K, used 6461666K [0x00007f9e35b50000, 0x00007f9fc0461000, 0x00007fa8e0600000)
   the space 6464580K,  99% used [0x00007f9e35b50000, 0x00007f9fc01888a0, 0x00007f9fc0188a00, 0x00007f9fc0461000)
 Metaspace       used 24242K, capacity 24655K, committed 24832K, reserved 26624K
}
Event: 11850.979 GC heap after
{Heap after GC invocations=10474 (full 4):
 def new generation   total 2909120K, used 20388K [0x00007f98e0600000, 0x00007f99a5a90000, 0x00007f9e35b50000)
  eden space 2585920K,   0% used [0x00007f98e0600000, 0x00007f98e0600000, 0x00007f997e350000)
  from space 323200K,   6% used [0x00007f9991ef0000, 0x00007f99932d9018, 0x00007f99a5a90000)
  to   space 323200K,   0% used [0x00007f997e350000, 0x00007f997e350000, 0x00007f9991ef0000)
 tenured generation   total 6464580K, used 6462981K [0x00007f9e35b50000, 0x00007f9fc0461000, 0x00007fa8e0600000)
   the space 6464580K,  99% used [0x00007f9e35b50000, 0x00007f9fc02d1418, 0x00007f9fc02d1600, 0x00007f9fc0461000)
 Metaspace       used 24242K, capacity 24655K, committed 24832K, reserved 26624K
}
Event: 11853.420 GC heap before
{Heap before GC invocations=10474 (full 4):
 def new generation   total 2909120K, used 2606308K [0x00007f98e0600000, 0x00007f99a5a90000, 0x00007f9e35b50000)
  eden space 2585920K, 100% used [0x00007f98e0600000, 0x00007f997e350000, 0x00007f997e350000)
  from space 323200K,   6% used [0x00007f9991ef0000, 0x00007f99932d9018, 0x00007f99a5a90000)
  to   space 323200K,   0% used [0x00007f997e350000, 0x00007f997e350000, 0x00007f9991ef0000)
 tenured generation   total 6464580K, used 6462981K [0x00007f9e35b50000, 0x00007f9fc0461000, 0x00007fa8e0600000)
   the space 6464580K,  99% used [0x00007f9e35b50000, 0x00007f9fc02d1418, 0x00007f9fc02d1600, 0x00007f9fc0461000)
 Metaspace       used 24242K, capacity 24655K, committed 24832K, reserved 26624K
}
Event: 11853.477 GC heap after
{Heap after GC invocations=10475 (full 4):
 def new generation   total 2909120K, used 20394K [0x00007f98e0600000, 0x00007f99a5a90000, 0x00007f9e35b50000)
  eden space 2585920K,   0% used [0x00007f98e0600000, 0x00007f98e0600000, 0x00007f997e350000)
  from space 323200K,   6% used [0x00007f997e350000, 0x00007f997f73a868, 0x00007f9991ef0000)
  to   space 323200K,   0% used [0x00007f9991ef0000, 0x00007f9991ef0000, 0x00007f99a5a90000)
 tenured generation   total 6464580K, used 6464342K [0x00007f9e35b50000, 0x00007f9fc0461000, 0x00007fa8e0600000)
   the space 6464580K,  99% used [0x00007f9e35b50000, 0x00007f9fc0425bd8, 0x00007f9fc0425c00, 0x00007f9fc0461000)
 Metaspace       used 24242K, capacity 24655K, committed 24832K, reserved 26624K
}
Event: 11855.928 GC heap before
{Heap before GC invocations=10475 (full 4):
 def new generation   total 2909120K, used 2606314K [0x00007f98e0600000, 0x00007f99a5a90000, 0x00007f9e35b50000)
  eden space 2585920K, 100% used [0x00007f98e0600000, 0x00007f997e350000, 0x00007f997e350000)
  from space 323200K,   6% used [0x00007f997e350000, 0x00007f997f73a868, 0x00007f9991ef0000)
  to   space 323200K,   0% used [0x00007f9991ef0000, 0x00007f9991ef0000, 0x00007f99a5a90000)
 tenured generation   total 6464580K, used 6464342K [0x00007f9e35b50000, 0x00007f9fc0461000, 0x00007fa8e0600000)
   the space 6464580K,  99% used [0x00007f9e35b50000, 0x00007f9fc0425bd8, 0x00007f9fc0425c00, 0x00007f9fc0461000)
 Metaspace       used 24242K, capacity 24655K, committed 24832K, reserved 26624K
}
Event: 11855.987 GC heap after
{Heap after GC invocations=10476 (full 4):
 def new generation   total 2909120K, used 20291K [0x00007f98e0600000, 0x00007f99a5a90000, 0x00007f9e35b50000)
  eden space 2585920K,   0% used [0x00007f98e0600000, 0x00007f98e0600000, 0x00007f997e350000)
  from space 323200K,   6% used [0x00007f9991ef0000, 0x00007f99932c0df0, 0x00007f99a5a90000)
  to   space 323200K,   0% used [0x00007f997e350000, 0x00007f997e350000, 0x00007f9991ef0000)
 tenured generation   total 6465732K, used 6465720K [0x00007f9e35b50000, 0x00007f9fc0581000, 0x00007fa8e0600000)
   the space 6465732K,  99% used [0x00007f9e35b50000, 0x00007f9fc057e180, 0x00007f9fc057e200, 0x00007f9fc0581000)
 Metaspace       used 24242K, capacity 24655K, committed 24832K, reserved 26624K
}
Event: 11855.987 GC heap before
{Heap before GC invocations=10476 (full 4):
 def new generation   total 2909120K, used 20291K [0x00007f98e0600000, 0x00007f99a5a90000, 0x00007f9e35b50000)
  eden space 2585920K,   0% used [0x00007f98e0600000, 0x00007f98e0600000, 0x00007f997e350000)
  from space 323200K,   6% used [0x00007f9991ef0000, 0x00007f99932c0df0, 0x00007f99a5a90000)
  to   space 323200K,   0% used [0x00007f997e350000, 0x00007f997e350000, 0x00007f9991ef0000)
 tenured generation   total 6465732K, used 6465720K [0x00007f9e35b50000, 0x00007f9fc0581000, 0x00007fa8e0600000)
   the space 6465732K,  99% used [0x00007f9e35b50000, 0x00007f9fc057e180, 0x00007f9fc057e200, 0x00007f9fc0581000)
 Metaspace       used 24242K, capacity 24655K, committed 24832K, reserved 26624K
}

