# JRE version: OpenJDK Runtime Environment (13.0.7+5) (build 13.0.7+5-Ubuntu-0ubuntu120.04)
# Java VM: OpenJDK 64-Bit Server VM (13.0.7+5-Ubuntu-0ubuntu120.04, mixed mode, tiered, serial gc, linux-amd64)
Heap:
 def new generation   total 5625472K, used 443385K [0x00007f74b8600000, 0x00007f7635e00000, 0x00007f7a0db50000)
  eden space 5000448K,   8% used [0x00007f74b8600000, 0x00007f74d36fe758, 0x00007f75e9940000)
  from space 625024K,   0% used [0x00007f75e9940000, 0x00007f75e9940000, 0x00007f760fba0000)
  to   space 625024K,   0% used [0x00007f760fba0000, 0x00007f760fba0000, 0x00007f7635e00000)
 tenured generation   total 12501108K, used 12500962K [0x00007f7a0db50000, 0x00007f7d08b6d000, 0x00007f84b8600000)
   the space 12501108K,  99% used [0x00007f7a0db50000, 0x00007f7d08b48a20, 0x00007f7d08b48c00, 0x00007f7d08b6d000)
 Metaspace       used 30856K, capacity 31277K, committed 31488K, reserved 32768K
GC Heap History (20 events):
Event: 8.409 GC heap after
{Heap after GC invocations=5 (full 1):
 def new generation   total 629248K, used 69887K [0x00007f74b8600000, 0x00007f74e30c0000, 0x00007f7a0db50000)
  eden space 559360K,   0% used [0x00007f74b8600000, 0x00007f74b8600000, 0x00007f74da840000)
  from space 69888K,  99% used [0x00007f74da840000, 0x00007f74dec7fde8, 0x00007f74dec80000)
  to   space 69888K,   0% used [0x00007f74dec80000, 0x00007f74dec80000, 0x00007f74e30c0000)
 tenured generation   total 1485828K, used 1485696K [0x00007f7a0db50000, 0x00007f7a68651000, 0x00007f84b8600000)
   the space 1485828K,  99% used [0x00007f7a0db50000, 0x00007f7a686301e0, 0x00007f7a68630200, 0x00007f7a68651000)
 Metaspace       used 30854K, capacity 31277K, committed 31488K, reserved 32768K
}
Event: 8.409 GC heap before
{Heap before GC invocations=5 (full 1):
 def new generation   total 629248K, used 69887K [0x00007f74b8600000, 0x00007f74e30c0000, 0x00007f7a0db50000)
  eden space 559360K,   0% used [0x00007f74b8600000, 0x00007f74b8600000, 0x00007f74da840000)
  from space 69888K,  99% used [0x00007f74da840000, 0x00007f74dec7fde8, 0x00007f74dec80000)
  to   space 69888K,   0% used [0x00007f74dec80000, 0x00007f74dec80000, 0x00007f74e30c0000)
 tenured generation   total 1485828K, used 1485696K [0x00007f7a0db50000, 0x00007f7a68651000, 0x00007f84b8600000)
   the space 1485828K,  99% used [0x00007f7a0db50000, 0x00007f7a686301e0, 0x00007f7a68630200, 0x00007f7a68651000)
 Metaspace       used 30854K, capacity 31277K, committed 31488K, reserved 32768K
}
Event: 8.756 GC heap after
{Heap after GC invocations=5 (full 2):
 def new generation   total 1114432K, used 69756K [0x00007f74b8600000, 0x00007f7503f30000, 0x00007f7a0db50000)
  eden space 990656K,   7% used [0x00007f74b8600000, 0x00007f74bca1f1e8, 0x00007f74f4d70000)
  from space 123776K,   0% used [0x00007f74f4d70000, 0x00007f74f4d70000, 0x00007f74fc650000)
  to   space 123776K,   0% used [0x00007f74fc650000, 0x00007f74fc650000, 0x00007f7503f30000)
 tenured generation   total 2476380K, used 1485827K [0x00007f7a0db50000, 0x00007f7aa4da7000, 0x00007f84b8600000)
   the space 2476380K,  59% used [0x00007f7a0db50000, 0x00007f7a68650de0, 0x00007f7a68650e00, 0x00007f7aa4da7000)
 Metaspace       used 30854K, capacity 31277K, committed 31488K, reserved 32768K
}
Event: 8.981 GC heap before
{Heap before GC invocations=5 (full 2):
 def new generation   total 1114432K, used 990656K [0x00007f74b8600000, 0x00007f7503f30000, 0x00007f7a0db50000)
  eden space 990656K, 100% used [0x00007f74b8600000, 0x00007f74f4d70000, 0x00007f74f4d70000)
  from space 123776K,   0% used [0x00007f74f4d70000, 0x00007f74f4d70000, 0x00007f74fc650000)
  to   space 123776K,   0% used [0x00007f74fc650000, 0x00007f74fc650000, 0x00007f7503f30000)
 tenured generation   total 2476380K, used 1485827K [0x00007f7a0db50000, 0x00007f7aa4da7000, 0x00007f84b8600000)
   the space 2476380K,  59% used [0x00007f7a0db50000, 0x00007f7a68650de0, 0x00007f7a68650e00, 0x00007f7aa4da7000)
 Metaspace       used 30856K, capacity 31277K, committed 31488K, reserved 32768K
}
Event: 9.653 GC heap after
{Heap after GC invocations=6 (full 2):
 def new generation   total 1114432K, used 123775K [0x00007f74b8600000, 0x00007f7503f30000, 0x00007f7a0db50000)
  eden space 990656K,   0% used [0x00007f74b8600000, 0x00007f74b8600000, 0x00007f74f4d70000)
  from space 123776K,  99% used [0x00007f74fc650000, 0x00007f7503f2fe88, 0x00007f7503f30000)
  to   space 123776K,   0% used [0x00007f74f4d70000, 0x00007f74f4d70000, 0x00007f74fc650000)
 tenured generation   total 2476380K, used 2342748K [0x00007f7a0db50000, 0x00007f7aa4da7000, 0x00007f84b8600000)
   the space 2476380K,  94% used [0x00007f7a0db50000, 0x00007f7a9cb27278, 0x00007f7a9cb27400, 0x00007f7aa4da7000)
 Metaspace       used 30856K, capacity 31277K, committed 31488K, reserved 32768K
}
Event: 9.871 GC heap before
{Heap before GC invocations=6 (full 2):
 def new generation   total 1114432K, used 1114431K [0x00007f74b8600000, 0x00007f7503f30000, 0x00007f7a0db50000)
  eden space 990656K, 100% used [0x00007f74b8600000, 0x00007f74f4d70000, 0x00007f74f4d70000)
  from space 123776K,  99% used [0x00007f74fc650000, 0x00007f7503f2fe88, 0x00007f7503f30000)
  to   space 123776K,   0% used [0x00007f74f4d70000, 0x00007f74f4d70000, 0x00007f74fc650000)
 tenured generation   total 2476380K, used 2342748K [0x00007f7a0db50000, 0x00007f7aa4da7000, 0x00007f84b8600000)
   the space 2476380K,  94% used [0x00007f7a0db50000, 0x00007f7a9cb27278, 0x00007f7a9cb27400, 0x00007f7aa4da7000)
 Metaspace       used 30856K, capacity 31277K, committed 31488K, reserved 32768K
}
Event: 10.767 GC heap after
{Heap after GC invocations=7 (full 2):
 def new generation   total 1114432K, used 123775K [0x00007f74b8600000, 0x00007f7503f30000, 0x00007f7a0db50000)
  eden space 990656K,   0% used [0x00007f74b8600000, 0x00007f74b8600000, 0x00007f74f4d70000)
  from space 123776K,  99% used [0x00007f74f4d70000, 0x00007f74fc64fe38, 0x00007f74fc650000)
  to   space 123776K,   0% used [0x00007f74fc650000, 0x00007f74fc650000, 0x00007f7503f30000)
 tenured generation   total 3333468K, used 3333343K [0x00007f7a0db50000, 0x00007f7ad92a7000, 0x00007f84b8600000)
   the space 3333468K,  99% used [0x00007f7a0db50000, 0x00007f7ad9287c40, 0x00007f7ad9287e00, 0x00007f7ad92a7000)
 Metaspace       used 30856K, capacity 31277K, committed 31488K, reserved 32768K
}
Event: 10.767 GC heap before
{Heap before GC invocations=7 (full 2):
 def new generation   total 1114432K, used 123775K [0x00007f74b8600000, 0x00007f7503f30000, 0x00007f7a0db50000)
  eden space 990656K,   0% used [0x00007f74b8600000, 0x00007f74b8600000, 0x00007f74f4d70000)
  from space 123776K,  99% used [0x00007f74f4d70000, 0x00007f74fc64fe38, 0x00007f74fc650000)
  to   space 123776K,   0% used [0x00007f74fc650000, 0x00007f74fc650000, 0x00007f7503f30000)
 tenured generation   total 3333468K, used 3333343K [0x00007f7a0db50000, 0x00007f7ad92a7000, 0x00007f84b8600000)
   the space 3333468K,  99% used [0x00007f7a0db50000, 0x00007f7ad9287c40, 0x00007f7ad9287e00, 0x00007f7ad92a7000)
 Metaspace       used 30856K, capacity 31277K, committed 31488K, reserved 32768K
}
Event: 11.505 GC heap after
{Heap after GC invocations=7 (full 3):
 def new generation   total 2500160K, used 123650K [0x00007f74b8600000, 0x00007f7561ed0000, 0x00007f7a0db50000)
  eden space 2222400K,   5% used [0x00007f74b8600000, 0x00007f74bfec0ac8, 0x00007f7540050000)
  from space 277760K,   0% used [0x00007f7540050000, 0x00007f7540050000, 0x00007f7550f90000)
  to   space 277760K,   0% used [0x00007f7550f90000, 0x00007f7550f90000, 0x00007f7561ed0000)
 tenured generation   total 5555780K, used 3333467K [0x00007f7a0db50000, 0x00007f7b60ce1000, 0x00007f84b8600000)
   the space 5555780K,  59% used [0x00007f7a0db50000, 0x00007f7ad92a6fb0, 0x00007f7ad92a7000, 0x00007f7b60ce1000)
 Metaspace       used 30856K, capacity 31277K, committed 31488K, reserved 32768K
}
Event: 12.071 GC heap before
{Heap before GC invocations=7 (full 3):
 def new generation   total 2500160K, used 2222400K [0x00007f74b8600000, 0x00007f7561ed0000, 0x00007f7a0db50000)
  eden space 2222400K, 100% used [0x00007f74b8600000, 0x00007f7540050000, 0x00007f7540050000)
  from space 277760K,   0% used [0x00007f7540050000, 0x00007f7540050000, 0x00007f7550f90000)
  to   space 277760K,   0% used [0x00007f7550f90000, 0x00007f7550f90000, 0x00007f7561ed0000)
 tenured generation   total 5555780K, used 3333467K [0x00007f7a0db50000, 0x00007f7b60ce1000, 0x00007f84b8600000)
   the space 5555780K,  59% used [0x00007f7a0db50000, 0x00007f7ad92a6fb0, 0x00007f7ad92a7000, 0x00007f7b60ce1000)
 Metaspace       used 30856K, capacity 31277K, committed 31488K, reserved 32768K
}
Event: 13.928 GC heap after
{Heap after GC invocations=8 (full 3):
 def new generation   total 2500160K, used 277759K [0x00007f74b8600000, 0x00007f7561ed0000, 0x00007f7a0db50000)
  eden space 2222400K,   0% used [0x00007f74b8600000, 0x00007f74b8600000, 0x00007f7540050000)
  from space 277760K,  99% used [0x00007f7550f90000, 0x00007f7561ecffa8, 0x00007f7561ed0000)
  to   space 277760K,   0% used [0x00007f7540050000, 0x00007f7540050000, 0x00007f7550f90000)
 tenured generation   total 5555780K, used 5278062K [0x00007f7a0db50000, 0x00007f7b60ce1000, 0x00007f84b8600000)
   the space 5555780K,  95% used [0x00007f7a0db50000, 0x00007f7b4fdaba80, 0x00007f7b4fdabc00, 0x00007f7b60ce1000)
 Metaspace       used 30856K, capacity 31277K, committed 31488K, reserved 32768K
}
Event: 14.465 GC heap before
{Heap before GC invocations=8 (full 3):
 def new generation   total 2500160K, used 2500159K [0x00007f74b8600000, 0x00007f7561ed0000, 0x00007f7a0db50000)
  eden space 2222400K, 100% used [0x00007f74b8600000, 0x00007f7540050000, 0x00007f7540050000)
  from space 277760K,  99% used [0x00007f7550f90000, 0x00007f7561ecffa8, 0x00007f7561ed0000)
  to   space 277760K,   0% used [0x00007f7540050000, 0x00007f7540050000, 0x00007f7550f90000)
 tenured generation   total 5555780K, used 5278062K [0x00007f7a0db50000, 0x00007f7b60ce1000, 0x00007f84b8600000)
   the space 5555780K,  95% used [0x00007f7a0db50000, 0x00007f7b4fdaba80, 0x00007f7b4fdabc00, 0x00007f7b60ce1000)
 Metaspace       used 30856K, capacity 31277K, committed 31488K, reserved 32768K
}
Event: 16.656 GC heap after
{Heap after GC invocations=9 (full 3):
 def new generation   total 2500160K, used 277759K [0x00007f74b8600000, 0x00007f7561ed0000, 0x00007f7a0db50000)
  eden space 2222400K,   0% used [0x00007f74b8600000, 0x00007f74b8600000, 0x00007f7540050000)
  from space 277760K,  99% used [0x00007f7540050000, 0x00007f7550f8ffa8, 0x00007f7550f90000)
  to   space 277760K,   0% used [0x00007f7550f90000, 0x00007f7550f90000, 0x00007f7561ed0000)
 tenured generation   total 7500548K, used 7500415K [0x00007f7a0db50000, 0x00007f7bd7811000, 0x00007f84b8600000)
   the space 7500548K,  99% used [0x00007f7a0db50000, 0x00007f7bd77efcc8, 0x00007f7bd77efe00, 0x00007f7bd7811000)
 Metaspace       used 30856K, capacity 31277K, committed 31488K, reserved 32768K
}
Event: 16.656 GC heap before
{Heap before GC invocations=9 (full 3):
 def new generation   total 2500160K, used 277759K [0x00007f74b8600000, 0x00007f7561ed0000, 0x00007f7a0db50000)
  eden space 2222400K,   0% used [0x00007f74b8600000, 0x00007f74b8600000, 0x00007f7540050000)
  from space 277760K,  99% used [0x00007f7540050000, 0x00007f7550f8ffa8, 0x00007f7550f90000)
  to   space 277760K,   0% used [0x00007f7550f90000, 0x00007f7550f90000, 0x00007f7561ed0000)
 tenured generation   total 7500548K, used 7500415K [0x00007f7a0db50000, 0x00007f7bd7811000, 0x00007f84b8600000)
   the space 7500548K,  99% used [0x00007f7a0db50000, 0x00007f7bd77efcc8, 0x00007f7bd77efe00, 0x00007f7bd7811000)
 Metaspace       used 30856K, capacity 31277K, committed 31488K, reserved 32768K
}
Event: 21.313 GC heap after
{Heap after GC invocations=9 (full 4):
 def new generation   total 5625472K, used 272216K [0x00007f74b8600000, 0x00007f7635e00000, 0x00007f7a0db50000)
  eden space 5000448K,   5% used [0x00007f74b8600000, 0x00007f74c8fd63e8, 0x00007f75e9940000)
  from space 625024K,   0% used [0x00007f75e9940000, 0x00007f75e9940000, 0x00007f760fba0000)
  to   space 625024K,   0% used [0x00007f760fba0000, 0x00007f760fba0000, 0x00007f7635e00000)
 tenured generation   total 12500916K, used 7500547K [0x00007f7a0db50000, 0x00007f7d08b3d000, 0x00007f84b8600000)
   the space 12500916K,  59% used [0x00007f7a0db50000, 0x00007f7bd7810cd0, 0x00007f7bd7810e00, 0x00007f7d08b3d000)
 Metaspace       used 30856K, capacity 31277K, committed 31488K, reserved 32768K
}
Event: 22.765 GC heap before
{Heap before GC invocations=9 (full 4):
 def new generation   total 5625472K, used 5000448K [0x00007f74b8600000, 0x00007f7635e00000, 0x00007f7a0db50000)
  eden space 5000448K, 100% used [0x00007f74b8600000, 0x00007f75e9940000, 0x00007f75e9940000)
  from space 625024K,   0% used [0x00007f75e9940000, 0x00007f75e9940000, 0x00007f760fba0000)
  to   space 625024K,   0% used [0x00007f760fba0000, 0x00007f760fba0000, 0x00007f7635e00000)
 tenured generation   total 12500916K, used 7500547K [0x00007f7a0db50000, 0x00007f7d08b3d000, 0x00007f84b8600000)
   the space 12500916K,  59% used [0x00007f7a0db50000, 0x00007f7bd7810cd0, 0x00007f7bd7810e00, 0x00007f7d08b3d000)
 Metaspace       used 30856K, capacity 31277K, committed 31488K, reserved 32768K
}
Event: 26.478 GC heap after
{Heap after GC invocations=10 (full 4):
 def new generation   total 5625472K, used 625023K [0x00007f74b8600000, 0x00007f7635e00000, 0x00007f7a0db50000)
  eden space 5000448K,   0% used [0x00007f74b8600000, 0x00007f74b8600000, 0x00007f75e9940000)
  from space 625024K,  99% used [0x00007f760fba0000, 0x00007f7635dffe10, 0x00007f7635e00000)
  to   space 625024K,   0% used [0x00007f75e9940000, 0x00007f75e9940000, 0x00007f760fba0000)
 tenured generation   total 12500916K, used 11875939K [0x00007f7a0db50000, 0x00007f7d08b3d000, 0x00007f84b8600000)
   the space 12500916K,  95% used [0x00007f7a0db50000, 0x00007f7ce28e8c10, 0x00007f7ce28e8e00, 0x00007f7d08b3d000)
 Metaspace       used 30856K, capacity 31277K, committed 31488K, reserved 32768K
}
Event: 41.506 GC heap before
{Heap before GC invocations=10 (full 4):
 def new generation   total 5625472K, used 5625471K [0x00007f74b8600000, 0x00007f7635e00000, 0x00007f7a0db50000)
  eden space 5000448K, 100% used [0x00007f74b8600000, 0x00007f75e9940000, 0x00007f75e9940000)
  from space 625024K,  99% used [0x00007f760fba0000, 0x00007f7635dffe10, 0x00007f7635e00000)
  to   space 625024K,   0% used [0x00007f75e9940000, 0x00007f75e9940000, 0x00007f760fba0000)
 tenured generation   total 12500916K, used 11875939K [0x00007f7a0db50000, 0x00007f7d08b3d000, 0x00007f84b8600000)
   the space 12500916K,  95% used [0x00007f7a0db50000, 0x00007f7ce28e8c10, 0x00007f7ce28e8e00, 0x00007f7d08b3d000)
 Metaspace       used 30856K, capacity 31277K, committed 31488K, reserved 32768K
}
Event: 42.428 GC heap after
{Heap after GC invocations=11 (full 4):
 def new generation   total 5625472K, used 443385K [0x00007f74b8600000, 0x00007f7635e00000, 0x00007f7a0db50000)
  eden space 5000448K,   0% used [0x00007f74b8600000, 0x00007f74b8600000, 0x00007f75e9940000)
  from space 625024K,  70% used [0x00007f75e9940000, 0x00007f7604a3e758, 0x00007f760fba0000)
  to   space 625024K,   0% used [0x00007f760fba0000, 0x00007f760fba0000, 0x00007f7635e00000)
 tenured generation   total 12501108K, used 12500962K [0x00007f7a0db50000, 0x00007f7d08b6d000, 0x00007f84b8600000)
   the space 12501108K,  99% used [0x00007f7a0db50000, 0x00007f7d08b48a20, 0x00007f7d08b48c00, 0x00007f7d08b6d000)
 Metaspace       used 30856K, capacity 31277K, committed 31488K, reserved 32768K
}
Event: 42.428 GC heap before
{Heap before GC invocations=11 (full 4):
 def new generation   total 5625472K, used 443385K [0x00007f74b8600000, 0x00007f7635e00000, 0x00007f7a0db50000)
  eden space 5000448K,   0% used [0x00007f74b8600000, 0x00007f74b8600000, 0x00007f75e9940000)
  from space 625024K,  70% used [0x00007f75e9940000, 0x00007f7604a3e758, 0x00007f760fba0000)
  to   space 625024K,   0% used [0x00007f760fba0000, 0x00007f760fba0000, 0x00007f7635e00000)
 tenured generation   total 12501108K, used 12500962K [0x00007f7a0db50000, 0x00007f7d08b6d000, 0x00007f84b8600000)
   the space 12501108K,  99% used [0x00007f7a0db50000, 0x00007f7d08b48a20, 0x00007f7d08b48c00, 0x00007f7d08b6d000)
 Metaspace       used 30856K, capacity 31277K, committed 31488K, reserved 32768K
}

