# JRE version: OpenJDK Runtime Environment (13.0.7+5) (build 13.0.7+5-Ubuntu-0ubuntu120.04)
# Java VM: OpenJDK 64-Bit Server VM (13.0.7+5-Ubuntu-0ubuntu120.04, mixed mode, tiered, compressed oops, serial gc, linux-amd64)
Heap:
 def new generation   total 1899584K, used 0K [0x0000000080200000, 0x0000000100f20000, 0x0000000300150000)
  eden space 1688576K,   0% used [0x0000000080200000, 0x0000000080200000, 0x00000000e7300000)
  from space 211008K,   0% used [0x00000000e7300000, 0x00000000e7300000, 0x00000000f4110000)
  to   space 211008K,   0% used [0x00000000f4110000, 0x00000000f4110000, 0x0000000100f20000)
 tenured generation   total 4272524K, used 2903590K [0x0000000300150000, 0x0000000404db3000, 0x0000000800000000)
   the space 4272524K,  67% used [0x0000000300150000, 0x00000003b14d98c0, 0x00000003b14d9a00, 0x0000000404db3000)
 Metaspace       used 22747K, capacity 23296K, committed 23680K, reserved 1071104K
  class space    used 2354K, capacity 2568K, committed 2688K, reserved 1048576K
GC Heap History (20 events):
Event: 484.266 GC heap after
{Heap after GC invocations=640 (full 22):
 def new generation   total 1899584K, used 186741K [0x0000000080200000, 0x0000000100f20000, 0x0000000300150000)
  eden space 1688576K,   0% used [0x0000000080200000, 0x0000000080200000, 0x00000000e7300000)
  from space 211008K,  88% used [0x00000000f4110000, 0x00000000ff76d4c8, 0x0000000100f20000)
  to   space 211008K,   0% used [0x00000000e7300000, 0x00000000e7300000, 0x00000000f4110000)
 tenured generation   total 4221172K, used 3905358K [0x0000000300150000, 0x0000000401b8d000, 0x0000000800000000)
   the space 4221172K,  92% used [0x0000000300150000, 0x00000003ee7239f0, 0x00000003ee723a00, 0x0000000401b8d000)
 Metaspace       used 22747K, capacity 23296K, committed 23680K, reserved 1071104K
  class space    used 2354K, capacity 2568K, committed 2688K, reserved 1048576K
}
Event: 485.541 GC heap before
{Heap before GC invocations=640 (full 22):
 def new generation   total 1899584K, used 1875317K [0x0000000080200000, 0x0000000100f20000, 0x0000000300150000)
  eden space 1688576K, 100% used [0x0000000080200000, 0x00000000e7300000, 0x00000000e7300000)
  from space 211008K,  88% used [0x00000000f4110000, 0x00000000ff76d4c8, 0x0000000100f20000)
  to   space 211008K,   0% used [0x00000000e7300000, 0x00000000e7300000, 0x00000000f4110000)
 tenured generation   total 4221172K, used 3905358K [0x0000000300150000, 0x0000000401b8d000, 0x0000000800000000)
   the space 4221172K,  92% used [0x0000000300150000, 0x00000003ee7239f0, 0x00000003ee723a00, 0x0000000401b8d000)
 Metaspace       used 22747K, capacity 23296K, committed 23680K, reserved 1071104K
  class space    used 2354K, capacity 2568K, committed 2688K, reserved 1048576K
}
Event: 485.694 GC heap after
{Heap after GC invocations=641 (full 22):
 def new generation   total 1899584K, used 202068K [0x0000000080200000, 0x0000000100f20000, 0x0000000300150000)
  eden space 1688576K,   0% used [0x0000000080200000, 0x0000000080200000, 0x00000000e7300000)
  from space 211008K,  95% used [0x00000000e7300000, 0x00000000f3855270, 0x00000000f4110000)
  to   space 211008K,   0% used [0x00000000f4110000, 0x00000000f4110000, 0x0000000100f20000)
 tenured generation   total 4221172K, used 3990548K [0x0000000300150000, 0x0000000401b8d000, 0x0000000800000000)
   the space 4221172K,  94% used [0x0000000300150000, 0x00000003f3a55010, 0x00000003f3a55200, 0x0000000401b8d000)
 Metaspace       used 22747K, capacity 23296K, committed 23680K, reserved 1071104K
  class space    used 2354K, capacity 2568K, committed 2688K, reserved 1048576K
}
Event: 486.957 GC heap before
{Heap before GC invocations=641 (full 22):
 def new generation   total 1899584K, used 1890644K [0x0000000080200000, 0x0000000100f20000, 0x0000000300150000)
  eden space 1688576K, 100% used [0x0000000080200000, 0x00000000e7300000, 0x00000000e7300000)
  from space 211008K,  95% used [0x00000000e7300000, 0x00000000f3855270, 0x00000000f4110000)
  to   space 211008K,   0% used [0x00000000f4110000, 0x00000000f4110000, 0x0000000100f20000)
 tenured generation   total 4221172K, used 3990548K [0x0000000300150000, 0x0000000401b8d000, 0x0000000800000000)
   the space 4221172K,  94% used [0x0000000300150000, 0x00000003f3a55010, 0x00000003f3a55200, 0x0000000401b8d000)
 Metaspace       used 22747K, capacity 23296K, committed 23680K, reserved 1071104K
  class space    used 2354K, capacity 2568K, committed 2688K, reserved 1048576K
}
Event: 487.022 GC heap after
{Heap after GC invocations=642 (full 22):
 def new generation   total 1899584K, used 124545K [0x0000000080200000, 0x0000000100f20000, 0x0000000300150000)
  eden space 1688576K,   0% used [0x0000000080200000, 0x0000000080200000, 0x00000000e7300000)
  from space 211008K,  59% used [0x00000000f4110000, 0x00000000fbab0548, 0x0000000100f20000)
  to   space 211008K,   0% used [0x00000000e7300000, 0x00000000e7300000, 0x00000000f4110000)
 tenured generation   total 4221172K, used 3999315K [0x0000000300150000, 0x0000000401b8d000, 0x0000000800000000)
   the space 4221172K,  94% used [0x0000000300150000, 0x00000003f42e4f60, 0x00000003f42e5000, 0x0000000401b8d000)
 Metaspace       used 22747K, capacity 23296K, committed 23680K, reserved 1071104K
  class space    used 2354K, capacity 2568K, committed 2688K, reserved 1048576K
}
Event: 488.307 GC heap before
{Heap before GC invocations=642 (full 22):
 def new generation   total 1899584K, used 1813121K [0x0000000080200000, 0x0000000100f20000, 0x0000000300150000)
  eden space 1688576K, 100% used [0x0000000080200000, 0x00000000e7300000, 0x00000000e7300000)
  from space 211008K,  59% used [0x00000000f4110000, 0x00000000fbab0548, 0x0000000100f20000)
  to   space 211008K,   0% used [0x00000000e7300000, 0x00000000e7300000, 0x00000000f4110000)
 tenured generation   total 4221172K, used 3999315K [0x0000000300150000, 0x0000000401b8d000, 0x0000000800000000)
   the space 4221172K,  94% used [0x0000000300150000, 0x00000003f42e4f60, 0x00000003f42e5000, 0x0000000401b8d000)
 Metaspace       used 22747K, capacity 23296K, committed 23680K, reserved 1071104K
  class space    used 2354K, capacity 2568K, committed 2688K, reserved 1048576K
}
Event: 488.473 GC heap after
{Heap after GC invocations=643 (full 22):
 def new generation   total 1899584K, used 101045K [0x0000000080200000, 0x0000000100f20000, 0x0000000300150000)
  eden space 1688576K,   0% used [0x0000000080200000, 0x0000000080200000, 0x00000000e7300000)
  from space 211008K,  47% used [0x00000000e7300000, 0x00000000ed5ad5b8, 0x00000000f4110000)
  to   space 211008K,   0% used [0x00000000f4110000, 0x00000000f4110000, 0x0000000100f20000)
 tenured generation   total 4221172K, used 4123332K [0x0000000300150000, 0x0000000401b8d000, 0x0000000800000000)
   the space 4221172K,  97% used [0x0000000300150000, 0x00000003fbc011c0, 0x00000003fbc01200, 0x0000000401b8d000)
 Metaspace       used 22747K, capacity 23296K, committed 23680K, reserved 1071104K
  class space    used 2354K, capacity 2568K, committed 2688K, reserved 1048576K
}
Event: 489.742 GC heap before
{Heap before GC invocations=643 (full 22):
 def new generation   total 1899584K, used 1789621K [0x0000000080200000, 0x0000000100f20000, 0x0000000300150000)
  eden space 1688576K, 100% used [0x0000000080200000, 0x00000000e7300000, 0x00000000e7300000)
  from space 211008K,  47% used [0x00000000e7300000, 0x00000000ed5ad5b8, 0x00000000f4110000)
  to   space 211008K,   0% used [0x00000000f4110000, 0x00000000f4110000, 0x0000000100f20000)
 tenured generation   total 4221172K, used 4123332K [0x0000000300150000, 0x0000000401b8d000, 0x0000000800000000)
   the space 4221172K,  97% used [0x0000000300150000, 0x00000003fbc011c0, 0x00000003fbc01200, 0x0000000401b8d000)
 Metaspace       used 22747K, capacity 23296K, committed 23680K, reserved 1071104K
  class space    used 2354K, capacity 2568K, committed 2688K, reserved 1048576K
}
Event: 489.774 GC heap after
{Heap after GC invocations=644 (full 22):
 def new generation   total 1899584K, used 71120K [0x0000000080200000, 0x0000000100f20000, 0x0000000300150000)
  eden space 1688576K,   0% used [0x0000000080200000, 0x0000000080200000, 0x00000000e7300000)
  from space 211008K,  33% used [0x00000000f4110000, 0x00000000f8684398, 0x0000000100f20000)
  to   space 211008K,   0% used [0x00000000e7300000, 0x00000000e7300000, 0x00000000f4110000)
 tenured generation   total 4221172K, used 4123332K [0x0000000300150000, 0x0000000401b8d000, 0x0000000800000000)
   the space 4221172K,  97% used [0x0000000300150000, 0x00000003fbc011c0, 0x00000003fbc01200, 0x0000000401b8d000)
 Metaspace       used 22747K, capacity 23296K, committed 23680K, reserved 1071104K
  class space    used 2354K, capacity 2568K, committed 2688K, reserved 1048576K
}
Event: 491.042 GC heap before
{Heap before GC invocations=644 (full 22):
 def new generation   total 1899584K, used 1759696K [0x0000000080200000, 0x0000000100f20000, 0x0000000300150000)
  eden space 1688576K, 100% used [0x0000000080200000, 0x00000000e7300000, 0x00000000e7300000)
  from space 211008K,  33% used [0x00000000f4110000, 0x00000000f8684398, 0x0000000100f20000)
  to   space 211008K,   0% used [0x00000000e7300000, 0x00000000e7300000, 0x00000000f4110000)
 tenured generation   total 4221172K, used 4123332K [0x0000000300150000, 0x0000000401b8d000, 0x0000000800000000)
   the space 4221172K,  97% used [0x0000000300150000, 0x00000003fbc011c0, 0x00000003fbc01200, 0x0000000401b8d000)
 Metaspace       used 22747K, capacity 23296K, committed 23680K, reserved 1071104K
  class space    used 2354K, capacity 2568K, committed 2688K, reserved 1048576K
}
Event: 491.129 GC heap after
{Heap after GC invocations=645 (full 22):
 def new generation   total 1899584K, used 172142K [0x0000000080200000, 0x0000000100f20000, 0x0000000300150000)
  eden space 1688576K,   0% used [0x0000000080200000, 0x0000000080200000, 0x00000000e7300000)
  from space 211008K,  81% used [0x00000000e7300000, 0x00000000f1b1b890, 0x00000000f4110000)
  to   space 211008K,   0% used [0x00000000f4110000, 0x00000000f4110000, 0x0000000100f20000)
 tenured generation   total 4221172K, used 4123332K [0x0000000300150000, 0x0000000401b8d000, 0x0000000800000000)
   the space 4221172K,  97% used [0x0000000300150000, 0x00000003fbc011c0, 0x00000003fbc01200, 0x0000000401b8d000)
 Metaspace       used 22747K, capacity 23296K, committed 23680K, reserved 1071104K
  class space    used 2354K, capacity 2568K, committed 2688K, reserved 1048576K
}
Event: 492.394 GC heap before
{Heap before GC invocations=645 (full 22):
 def new generation   total 1899584K, used 1860718K [0x0000000080200000, 0x0000000100f20000, 0x0000000300150000)
  eden space 1688576K, 100% used [0x0000000080200000, 0x00000000e7300000, 0x00000000e7300000)
  from space 211008K,  81% used [0x00000000e7300000, 0x00000000f1b1b890, 0x00000000f4110000)
  to   space 211008K,   0% used [0x00000000f4110000, 0x00000000f4110000, 0x0000000100f20000)
 tenured generation   total 4221172K, used 4123332K [0x0000000300150000, 0x0000000401b8d000, 0x0000000800000000)
   the space 4221172K,  97% used [0x0000000300150000, 0x00000003fbc011c0, 0x00000003fbc01200, 0x0000000401b8d000)
 Metaspace       used 22747K, capacity 23296K, committed 23680K, reserved 1071104K
  class space    used 2354K, capacity 2568K, committed 2688K, reserved 1048576K
}
Event: 492.623 GC heap after
{Heap after GC invocations=646 (full 22):
 def new generation   total 1899584K, used 202081K [0x0000000080200000, 0x0000000100f20000, 0x0000000300150000)
  eden space 1688576K,   0% used [0x0000000080200000, 0x0000000080200000, 0x00000000e7300000)
  from space 211008K,  95% used [0x00000000f4110000, 0x0000000100668630, 0x0000000100f20000)
  to   space 211008K,   0% used [0x00000000e7300000, 0x00000000e7300000, 0x00000000f4110000)
 tenured generation   total 4221172K, used 4193924K [0x0000000300150000, 0x0000000401b8d000, 0x0000000800000000)
   the space 4221172K,  99% used [0x0000000300150000, 0x00000004000f1370, 0x00000004000f1400, 0x0000000401b8d000)
 Metaspace       used 22747K, capacity 23296K, committed 23680K, reserved 1071104K
  class space    used 2354K, capacity 2568K, committed 2688K, reserved 1048576K
}
Event: 496.353 GC heap before
{Heap before GC invocations=646 (full 22):
 def new generation   total 1899584K, used 1890657K [0x0000000080200000, 0x0000000100f20000, 0x0000000300150000)
  eden space 1688576K, 100% used [0x0000000080200000, 0x00000000e7300000, 0x00000000e7300000)
  from space 211008K,  95% used [0x00000000f4110000, 0x0000000100668630, 0x0000000100f20000)
  to   space 211008K,   0% used [0x00000000e7300000, 0x00000000e7300000, 0x00000000f4110000)
 tenured generation   total 4221172K, used 4193924K [0x0000000300150000, 0x0000000401b8d000, 0x0000000800000000)
   the space 4221172K,  99% used [0x0000000300150000, 0x00000004000f1370, 0x00000004000f1400, 0x0000000401b8d000)
 Metaspace       used 22747K, capacity 23296K, committed 23680K, reserved 1071104K
  class space    used 2354K, capacity 2568K, committed 2688K, reserved 1048576K
}
Event: 496.639 GC heap after
{Heap after GC invocations=647 (full 22):
 def new generation   total 1899584K, used 78952K [0x0000000080200000, 0x0000000100f20000, 0x0000000300150000)
  eden space 1688576K,   0% used [0x0000000080200000, 0x0000000080200000, 0x00000000e7300000)
  from space 211008K,  37% used [0x00000000e7300000, 0x00000000ec01a090, 0x00000000f4110000)
  to   space 211008K,   0% used [0x00000000f4110000, 0x00000000f4110000, 0x0000000100f20000)
 tenured generation   total 4221172K, used 4194448K [0x0000000300150000, 0x0000000401b8d000, 0x0000000800000000)
   the space 4221172K,  99% used [0x0000000300150000, 0x00000004001740f0, 0x0000000400174200, 0x0000000401b8d000)
 Metaspace       used 22747K, capacity 23296K, committed 23680K, reserved 1071104K
  class space    used 2354K, capacity 2568K, committed 2688K, reserved 1048576K
}
Event: 497.674 GC heap before
{Heap before GC invocations=647 (full 22):
 def new generation   total 1899584K, used 1767528K [0x0000000080200000, 0x0000000100f20000, 0x0000000300150000)
  eden space 1688576K, 100% used [0x0000000080200000, 0x00000000e7300000, 0x00000000e7300000)
  from space 211008K,  37% used [0x00000000e7300000, 0x00000000ec01a090, 0x00000000f4110000)
  to   space 211008K,   0% used [0x00000000f4110000, 0x00000000f4110000, 0x0000000100f20000)
 tenured generation   total 4221172K, used 4194448K [0x0000000300150000, 0x0000000401b8d000, 0x0000000800000000)
   the space 4221172K,  99% used [0x0000000300150000, 0x00000004001740f0, 0x0000000400174200, 0x0000000401b8d000)
 Metaspace       used 22747K, capacity 23296K, committed 23680K, reserved 1071104K
  class space    used 2354K, capacity 2568K, committed 2688K, reserved 1048576K
}
Event: 497.720 GC heap after
{Heap after GC invocations=648 (full 22):
 def new generation   total 1899584K, used 179476K [0x0000000080200000, 0x0000000100f20000, 0x0000000300150000)
  eden space 1688576K,   0% used [0x0000000080200000, 0x0000000080200000, 0x00000000e7300000)
  from space 211008K,  85% used [0x00000000f4110000, 0x00000000ff0552d0, 0x0000000100f20000)
  to   space 211008K,   0% used [0x00000000e7300000, 0x00000000e7300000, 0x00000000f4110000)
 tenured generation   total 4221172K, used 4194448K [0x0000000300150000, 0x0000000401b8d000, 0x0000000800000000)
   the space 4221172K,  99% used [0x0000000300150000, 0x00000004001740f0, 0x0000000400174200, 0x0000000401b8d000)
 Metaspace       used 22747K, capacity 23296K, committed 23680K, reserved 1071104K
  class space    used 2354K, capacity 2568K, committed 2688K, reserved 1048576K
}
Event: 498.802 GC heap before
{Heap before GC invocations=648 (full 22):
 def new generation   total 1899584K, used 1868052K [0x0000000080200000, 0x0000000100f20000, 0x0000000300150000)
  eden space 1688576K, 100% used [0x0000000080200000, 0x00000000e7300000, 0x00000000e7300000)
  from space 211008K,  85% used [0x00000000f4110000, 0x00000000ff0552d0, 0x0000000100f20000)
  to   space 211008K,   0% used [0x00000000e7300000, 0x00000000e7300000, 0x00000000f4110000)
 tenured generation   total 4221172K, used 4194448K [0x0000000300150000, 0x0000000401b8d000, 0x0000000800000000)
   the space 4221172K,  99% used [0x0000000300150000, 0x00000004001740f0, 0x0000000400174200, 0x0000000401b8d000)
 Metaspace       used 22747K, capacity 23296K, committed 23680K, reserved 1071104K
  class space    used 2354K, capacity 2568K, committed 2688K, reserved 1048576K
}
Event: 499.327 GC heap after
{Heap after GC invocations=649 (full 22):
 def new generation   total 1899584K, used 202578K [0x0000000080200000, 0x0000000100f20000, 0x0000000300150000)
  eden space 1688576K,   0% used [0x0000000080200000, 0x0000000080200000, 0x00000000e7300000)
  from space 211008K,  96% used [0x00000000e7300000, 0x00000000f38d4bc0, 0x00000000f4110000)
  to   space 211008K,   0% used [0x00000000f4110000, 0x00000000f4110000, 0x0000000100f20000)
 tenured generation   total 4272524K, used 4272371K [0x0000000300150000, 0x0000000404db3000, 0x0000000800000000)
   the space 4272524K,  99% used [0x0000000300150000, 0x0000000404d8cff8, 0x0000000404d8d000, 0x0000000404db3000)
 Metaspace       used 22747K, capacity 23296K, committed 23680K, reserved 1071104K
  class space    used 2354K, capacity 2568K, committed 2688K, reserved 1048576K
}
Event: 499.327 GC heap before
{Heap before GC invocations=649 (full 22):
 def new generation   total 1899584K, used 202578K [0x0000000080200000, 0x0000000100f20000, 0x0000000300150000)
  eden space 1688576K,   0% used [0x0000000080200000, 0x0000000080200000, 0x00000000e7300000)
  from space 211008K,  96% used [0x00000000e7300000, 0x00000000f38d4bc0, 0x00000000f4110000)
  to   space 211008K,   0% used [0x00000000f4110000, 0x00000000f4110000, 0x0000000100f20000)
 tenured generation   total 4272524K, used 4272371K [0x0000000300150000, 0x0000000404db3000, 0x0000000800000000)
   the space 4272524K,  99% used [0x0000000300150000, 0x0000000404d8cff8, 0x0000000404d8d000, 0x0000000404db3000)
 Metaspace       used 22747K, capacity 23296K, committed 23680K, reserved 1071104K
  class space    used 2354K, capacity 2568K, committed 2688K, reserved 1048576K
}

