# JRE version: OpenJDK Runtime Environment (13.0.7+5) (build 13.0.7+5-Ubuntu-0ubuntu120.04)
# Java VM: OpenJDK 64-Bit Server VM (13.0.7+5-Ubuntu-0ubuntu120.04, mixed mode, tiered, serial gc, linux-amd64)
Heap:
 def new generation   total 3771264K, used 0K [0x00007f04e8600000, 0x00007f05e8210000, 0x00007f0a3db50000)
  eden space 3352256K,   0% used [0x00007f04e8600000, 0x00007f04e8600000, 0x00007f05b4fb0000)
  from space 419008K,   0% used [0x00007f05ce8e0000, 0x00007f05ce8e0000, 0x00007f05e8210000)
  to   space 419008K,   0% used [0x00007f05b4fb0000, 0x00007f05b4fb0000, 0x00007f05ce8e0000)
 tenured generation   total 8414240K, used 8249621K [0x00007f0a3db50000, 0x00007f0c3f458000, 0x00007f14e8600000)
   the space 8414240K,  98% used [0x00007f0a3db50000, 0x00007f0c35395470, 0x00007f0c35395600, 0x00007f0c3f458000)
 Metaspace       used 30302K, capacity 30731K, committed 30976K, reserved 32768K
GC Heap History (20 events):
Event: 73.606 GC heap after
{Heap after GC invocations=53 (full 6):
 def new generation   total 2242368K, used 195250K [0x00007f04e8600000, 0x00007f0580720000, 0x00007f0a3db50000)
  eden space 1993216K,   0% used [0x00007f04e8600000, 0x00007f04e8600000, 0x00007f0562080000)
  from space 249152K,  78% used [0x00007f0562080000, 0x00007f056df2c908, 0x00007f05713d0000)
  to   space 249152K,   0% used [0x00007f05713d0000, 0x00007f05713d0000, 0x00007f0580720000)
 tenured generation   total 4982956K, used 4356363K [0x00007f0a3db50000, 0x00007f0b6dd7b000, 0x00007f14e8600000)
   the space 4982956K,  87% used [0x00007f0a3db50000, 0x00007f0b47992ef0, 0x00007f0b47993000, 0x00007f0b6dd7b000)
 Metaspace       used 30302K, capacity 30731K, committed 30976K, reserved 32768K
}
Event: 74.180 GC heap before
{Heap before GC invocations=53 (full 6):
 def new generation   total 2242368K, used 2188466K [0x00007f04e8600000, 0x00007f0580720000, 0x00007f0a3db50000)
  eden space 1993216K, 100% used [0x00007f04e8600000, 0x00007f0562080000, 0x00007f0562080000)
  from space 249152K,  78% used [0x00007f0562080000, 0x00007f056df2c908, 0x00007f05713d0000)
  to   space 249152K,   0% used [0x00007f05713d0000, 0x00007f05713d0000, 0x00007f0580720000)
 tenured generation   total 4982956K, used 4356363K [0x00007f0a3db50000, 0x00007f0b6dd7b000, 0x00007f14e8600000)
   the space 4982956K,  87% used [0x00007f0a3db50000, 0x00007f0b47992ef0, 0x00007f0b47993000, 0x00007f0b6dd7b000)
 Metaspace       used 30302K, capacity 30731K, committed 30976K, reserved 32768K
}
Event: 74.838 GC heap after
{Heap after GC invocations=54 (full 6):
 def new generation   total 2242368K, used 210772K [0x00007f04e8600000, 0x00007f0580720000, 0x00007f0a3db50000)
  eden space 1993216K,   0% used [0x00007f04e8600000, 0x00007f04e8600000, 0x00007f0562080000)
  from space 249152K,  84% used [0x00007f05713d0000, 0x00007f057e1a5380, 0x00007f0580720000)
  to   space 249152K,   0% used [0x00007f0562080000, 0x00007f0562080000, 0x00007f05713d0000)
 tenured generation   total 4982956K, used 4551612K [0x00007f0a3db50000, 0x00007f0b6dd7b000, 0x00007f14e8600000)
   the space 4982956K,  91% used [0x00007f0a3db50000, 0x00007f0b5383f368, 0x00007f0b5383f400, 0x00007f0b6dd7b000)
 Metaspace       used 30302K, capacity 30731K, committed 30976K, reserved 32768K
}
Event: 75.430 GC heap before
{Heap before GC invocations=54 (full 6):
 def new generation   total 2242368K, used 2203988K [0x00007f04e8600000, 0x00007f0580720000, 0x00007f0a3db50000)
  eden space 1993216K, 100% used [0x00007f04e8600000, 0x00007f0562080000, 0x00007f0562080000)
  from space 249152K,  84% used [0x00007f05713d0000, 0x00007f057e1a5380, 0x00007f0580720000)
  to   space 249152K,   0% used [0x00007f0562080000, 0x00007f0562080000, 0x00007f05713d0000)
 tenured generation   total 4982956K, used 4551612K [0x00007f0a3db50000, 0x00007f0b6dd7b000, 0x00007f14e8600000)
   the space 4982956K,  91% used [0x00007f0a3db50000, 0x00007f0b5383f368, 0x00007f0b5383f400, 0x00007f0b6dd7b000)
 Metaspace       used 30302K, capacity 30731K, committed 30976K, reserved 32768K
}
Event: 76.143 GC heap after
{Heap after GC invocations=55 (full 6):
 def new generation   total 2242368K, used 217503K [0x00007f04e8600000, 0x00007f0580720000, 0x00007f0a3db50000)
  eden space 1993216K,   0% used [0x00007f04e8600000, 0x00007f04e8600000, 0x00007f0562080000)
  from space 249152K,  87% used [0x00007f0562080000, 0x00007f056f4e7e10, 0x00007f05713d0000)
  to   space 249152K,   0% used [0x00007f05713d0000, 0x00007f05713d0000, 0x00007f0580720000)
 tenured generation   total 4982956K, used 4762384K [0x00007f0a3db50000, 0x00007f0b6dd7b000, 0x00007f14e8600000)
   the space 4982956K,  95% used [0x00007f0a3db50000, 0x00007f0b60614228, 0x00007f0b60614400, 0x00007f0b6dd7b000)
 Metaspace       used 30302K, capacity 30731K, committed 30976K, reserved 32768K
}
Event: 76.764 GC heap before
{Heap before GC invocations=55 (full 6):
 def new generation   total 2242368K, used 2210719K [0x00007f04e8600000, 0x00007f0580720000, 0x00007f0a3db50000)
  eden space 1993216K, 100% used [0x00007f04e8600000, 0x00007f0562080000, 0x00007f0562080000)
  from space 249152K,  87% used [0x00007f0562080000, 0x00007f056f4e7e10, 0x00007f05713d0000)
  to   space 249152K,   0% used [0x00007f05713d0000, 0x00007f05713d0000, 0x00007f0580720000)
 tenured generation   total 4982956K, used 4762384K [0x00007f0a3db50000, 0x00007f0b6dd7b000, 0x00007f14e8600000)
   the space 4982956K,  95% used [0x00007f0a3db50000, 0x00007f0b60614228, 0x00007f0b60614400, 0x00007f0b6dd7b000)
 Metaspace       used 30302K, capacity 30731K, committed 30976K, reserved 32768K
}
Event: 77.609 GC heap after
{Heap after GC invocations=56 (full 6):
 def new generation   total 2242368K, used 249151K [0x00007f04e8600000, 0x00007f0580720000, 0x00007f0a3db50000)
  eden space 1993216K,   0% used [0x00007f04e8600000, 0x00007f04e8600000, 0x00007f0562080000)
  from space 249152K,  99% used [0x00007f05713d0000, 0x00007f058071fff0, 0x00007f0580720000)
  to   space 249152K,   0% used [0x00007f0562080000, 0x00007f0562080000, 0x00007f05713d0000)
 tenured generation   total 5028268K, used 5028099K [0x00007f0a3db50000, 0x00007f0b709bb000, 0x00007f14e8600000)
   the space 5028268K,  99% used [0x00007f0a3db50000, 0x00007f0b70990fd8, 0x00007f0b70991000, 0x00007f0b709bb000)
 Metaspace       used 30302K, capacity 30731K, committed 30976K, reserved 32768K
}
Event: 77.609 GC heap before
{Heap before GC invocations=56 (full 6):
 def new generation   total 2242368K, used 249151K [0x00007f04e8600000, 0x00007f0580720000, 0x00007f0a3db50000)
  eden space 1993216K,   0% used [0x00007f04e8600000, 0x00007f04e8600000, 0x00007f0562080000)
  from space 249152K,  99% used [0x00007f05713d0000, 0x00007f058071fff0, 0x00007f0580720000)
  to   space 249152K,   0% used [0x00007f0562080000, 0x00007f0562080000, 0x00007f05713d0000)
 tenured generation   total 5028268K, used 5028099K [0x00007f0a3db50000, 0x00007f0b709bb000, 0x00007f14e8600000)
   the space 5028268K,  99% used [0x00007f0a3db50000, 0x00007f0b70990fd8, 0x00007f0b70991000, 0x00007f0b709bb000)
 Metaspace       used 30302K, capacity 30731K, committed 30976K, reserved 32768K
}
Event: 87.037 GC heap after
{Heap after GC invocations=56 (full 7):
 def new generation   total 3771264K, used 248983K [0x00007f04e8600000, 0x00007f05e8210000, 0x00007f0a3db50000)
  eden space 3352256K,   7% used [0x00007f04e8600000, 0x00007f04f7925fd8, 0x00007f05b4fb0000)
  from space 419008K,   0% used [0x00007f05b4fb0000, 0x00007f05b4fb0000, 0x00007f05ce8e0000)
  to   space 419008K,   0% used [0x00007f05ce8e0000, 0x00007f05ce8e0000, 0x00007f05e8210000)
 tenured generation   total 8380448K, used 5028267K [0x00007f0a3db50000, 0x00007f0c3d358000, 0x00007f14e8600000)
   the space 8380448K,  59% used [0x00007f0a3db50000, 0x00007f0b709baff0, 0x00007f0b709bb000, 0x00007f0c3d358000)
 Metaspace       used 30302K, capacity 30731K, committed 30976K, reserved 32768K
}
Event: 88.616 GC heap before
{Heap before GC invocations=56 (full 7):
 def new generation   total 3771264K, used 3352256K [0x00007f04e8600000, 0x00007f05e8210000, 0x00007f0a3db50000)
  eden space 3352256K, 100% used [0x00007f04e8600000, 0x00007f05b4fb0000, 0x00007f05b4fb0000)
  from space 419008K,   0% used [0x00007f05b4fb0000, 0x00007f05b4fb0000, 0x00007f05ce8e0000)
  to   space 419008K,   0% used [0x00007f05ce8e0000, 0x00007f05ce8e0000, 0x00007f05e8210000)
 tenured generation   total 8380448K, used 5028267K [0x00007f0a3db50000, 0x00007f0c3d358000, 0x00007f14e8600000)
   the space 8380448K,  59% used [0x00007f0a3db50000, 0x00007f0b709baff0, 0x00007f0b709bb000, 0x00007f0c3d358000)
 Metaspace       used 30302K, capacity 30731K, committed 30976K, reserved 32768K
}
Event: 91.036 GC heap after
{Heap after GC invocations=57 (full 7):
 def new generation   total 3771264K, used 419008K [0x00007f04e8600000, 0x00007f05e8210000, 0x00007f0a3db50000)
  eden space 3352256K,   0% used [0x00007f04e8600000, 0x00007f04e8600000, 0x00007f05b4fb0000)
  from space 419008K, 100% used [0x00007f05ce8e0000, 0x00007f05e8210000, 0x00007f05e8210000)
  to   space 419008K,   0% used [0x00007f05b4fb0000, 0x00007f05b4fb0000, 0x00007f05ce8e0000)
 tenured generation   total 8380448K, used 5262166K [0x00007f0a3db50000, 0x00007f0c3d358000, 0x00007f14e8600000)
   the space 8380448K,  62% used [0x00007f0a3db50000, 0x00007f0b7ee258b8, 0x00007f0b7ee25a00, 0x00007f0c3d358000)
 Metaspace       used 30302K, capacity 30731K, committed 30976K, reserved 32768K
}
Event: 92.164 GC heap before
{Heap before GC invocations=57 (full 7):
 def new generation   total 3771264K, used 3771264K [0x00007f04e8600000, 0x00007f05e8210000, 0x00007f0a3db50000)
  eden space 3352256K, 100% used [0x00007f04e8600000, 0x00007f05b4fb0000, 0x00007f05b4fb0000)
  from space 419008K, 100% used [0x00007f05ce8e0000, 0x00007f05e8210000, 0x00007f05e8210000)
  to   space 419008K,   0% used [0x00007f05b4fb0000, 0x00007f05b4fb0000, 0x00007f05ce8e0000)
 tenured generation   total 8380448K, used 5262166K [0x00007f0a3db50000, 0x00007f0c3d358000, 0x00007f14e8600000)
   the space 8380448K,  62% used [0x00007f0a3db50000, 0x00007f0b7ee258b8, 0x00007f0b7ee25a00, 0x00007f0c3d358000)
 Metaspace       used 30302K, capacity 30731K, committed 30976K, reserved 32768K
}
Event: 93.926 GC heap after
{Heap after GC invocations=58 (full 7):
 def new generation   total 3771264K, used 419007K [0x00007f04e8600000, 0x00007f05e8210000, 0x00007f0a3db50000)
  eden space 3352256K,   0% used [0x00007f04e8600000, 0x00007f04e8600000, 0x00007f05b4fb0000)
  from space 419008K,  99% used [0x00007f05b4fb0000, 0x00007f05ce8dfff0, 0x00007f05ce8e0000)
  to   space 419008K,   0% used [0x00007f05ce8e0000, 0x00007f05ce8e0000, 0x00007f05e8210000)
 tenured generation   total 8380448K, used 5729000K [0x00007f0a3db50000, 0x00007f0c3d358000, 0x00007f14e8600000)
   the space 8380448K,  68% used [0x00007f0a3db50000, 0x00007f0b9b60a120, 0x00007f0b9b60a200, 0x00007f0c3d358000)
 Metaspace       used 30302K, capacity 30731K, committed 30976K, reserved 32768K
}
Event: 95.012 GC heap before
{Heap before GC invocations=58 (full 7):
 def new generation   total 3771264K, used 3771263K [0x00007f04e8600000, 0x00007f05e8210000, 0x00007f0a3db50000)
  eden space 3352256K, 100% used [0x00007f04e8600000, 0x00007f05b4fb0000, 0x00007f05b4fb0000)
  from space 419008K,  99% used [0x00007f05b4fb0000, 0x00007f05ce8dfff0, 0x00007f05ce8e0000)
  to   space 419008K,   0% used [0x00007f05ce8e0000, 0x00007f05ce8e0000, 0x00007f05e8210000)
 tenured generation   total 8380448K, used 5729000K [0x00007f0a3db50000, 0x00007f0c3d358000, 0x00007f14e8600000)
   the space 8380448K,  68% used [0x00007f0a3db50000, 0x00007f0b9b60a120, 0x00007f0b9b60a200, 0x00007f0c3d358000)
 Metaspace       used 30302K, capacity 30731K, committed 30976K, reserved 32768K
}
Event: 97.087 GC heap after
{Heap after GC invocations=59 (full 7):
 def new generation   total 3771264K, used 419008K [0x00007f04e8600000, 0x00007f05e8210000, 0x00007f0a3db50000)
  eden space 3352256K,   0% used [0x00007f04e8600000, 0x00007f04e8600000, 0x00007f05b4fb0000)
  from space 419008K, 100% used [0x00007f05ce8e0000, 0x00007f05e8210000, 0x00007f05e8210000)
  to   space 419008K,   0% used [0x00007f05b4fb0000, 0x00007f05b4fb0000, 0x00007f05ce8e0000)
 tenured generation   total 8380448K, used 6167183K [0x00007f0a3db50000, 0x00007f0c3d358000, 0x00007f14e8600000)
   the space 8380448K,  73% used [0x00007f0a3db50000, 0x00007f0bb61f3cc8, 0x00007f0bb61f3e00, 0x00007f0c3d358000)
 Metaspace       used 30302K, capacity 30731K, committed 30976K, reserved 32768K
}
Event: 189.820 GC heap before
{Heap before GC invocations=59 (full 7):
 def new generation   total 3771264K, used 3771264K [0x00007f04e8600000, 0x00007f05e8210000, 0x00007f0a3db50000)
  eden space 3352256K, 100% used [0x00007f04e8600000, 0x00007f05b4fb0000, 0x00007f05b4fb0000)
  from space 419008K, 100% used [0x00007f05ce8e0000, 0x00007f05e8210000, 0x00007f05e8210000)
  to   space 419008K,   0% used [0x00007f05b4fb0000, 0x00007f05b4fb0000, 0x00007f05ce8e0000)
 tenured generation   total 8380448K, used 6167183K [0x00007f0a3db50000, 0x00007f0c3d358000, 0x00007f14e8600000)
   the space 8380448K,  73% used [0x00007f0a3db50000, 0x00007f0bb61f3cc8, 0x00007f0bb61f3e00, 0x00007f0c3d358000)
 Metaspace       used 30302K, capacity 30731K, committed 30976K, reserved 32768K
}
Event: 195.975 GC heap after
{Heap after GC invocations=60 (full 7):
 def new generation   total 3771264K, used 419008K [0x00007f04e8600000, 0x00007f05e8210000, 0x00007f0a3db50000)
  eden space 3352256K,   0% used [0x00007f04e8600000, 0x00007f04e8600000, 0x00007f05b4fb0000)
  from space 419008K, 100% used [0x00007f05b4fb0000, 0x00007f05ce8e0000, 0x00007f05ce8e0000)
  to   space 419008K,   0% used [0x00007f05ce8e0000, 0x00007f05ce8e0000, 0x00007f05e8210000)
 tenured generation   total 8380448K, used 7708353K [0x00007f0a3db50000, 0x00007f0c3d358000, 0x00007f14e8600000)
   the space 8380448K,  91% used [0x00007f0a3db50000, 0x00007f0c143004c0, 0x00007f0c14300600, 0x00007f0c3d358000)
 Metaspace       used 30302K, capacity 30731K, committed 30976K, reserved 32768K
}
Event: 431.198 GC heap before
{Heap before GC invocations=60 (full 7):
 def new generation   total 3771264K, used 3771264K [0x00007f04e8600000, 0x00007f05e8210000, 0x00007f0a3db50000)
  eden space 3352256K, 100% used [0x00007f04e8600000, 0x00007f05b4fb0000, 0x00007f05b4fb0000)
  from space 419008K, 100% used [0x00007f05b4fb0000, 0x00007f05ce8e0000, 0x00007f05ce8e0000)
  to   space 419008K,   0% used [0x00007f05ce8e0000, 0x00007f05ce8e0000, 0x00007f05e8210000)
 tenured generation   total 8380448K, used 7708353K [0x00007f0a3db50000, 0x00007f0c3d358000, 0x00007f14e8600000)
   the space 8380448K,  91% used [0x00007f0a3db50000, 0x00007f0c143004c0, 0x00007f0c14300600, 0x00007f0c3d358000)
 Metaspace       used 30302K, capacity 30731K, committed 30976K, reserved 32768K
}
Event: 433.676 GC heap after
{Heap after GC invocations=61 (full 7):
 def new generation   total 3771264K, used 419007K [0x00007f04e8600000, 0x00007f05e8210000, 0x00007f0a3db50000)
  eden space 3352256K,   0% used [0x00007f04e8600000, 0x00007f04e8600000, 0x00007f05b4fb0000)
  from space 419008K,  99% used [0x00007f05ce8e0000, 0x00007f05e820fff0, 0x00007f05e8210000)
  to   space 419008K,   0% used [0x00007f05b4fb0000, 0x00007f05b4fb0000, 0x00007f05ce8e0000)
 tenured generation   total 8414240K, used 8414085K [0x00007f0a3db50000, 0x00007f0c3f458000, 0x00007f14e8600000)
   the space 8414240K,  99% used [0x00007f0a3db50000, 0x00007f0c3f431410, 0x00007f0c3f431600, 0x00007f0c3f458000)
 Metaspace       used 30302K, capacity 30731K, committed 30976K, reserved 32768K
}
Event: 433.676 GC heap before
{Heap before GC invocations=61 (full 7):
 def new generation   total 3771264K, used 419007K [0x00007f04e8600000, 0x00007f05e8210000, 0x00007f0a3db50000)
  eden space 3352256K,   0% used [0x00007f04e8600000, 0x00007f04e8600000, 0x00007f05b4fb0000)
  from space 419008K,  99% used [0x00007f05ce8e0000, 0x00007f05e820fff0, 0x00007f05e8210000)
  to   space 419008K,   0% used [0x00007f05b4fb0000, 0x00007f05b4fb0000, 0x00007f05ce8e0000)
 tenured generation   total 8414240K, used 8414085K [0x00007f0a3db50000, 0x00007f0c3f458000, 0x00007f14e8600000)
   the space 8414240K,  99% used [0x00007f0a3db50000, 0x00007f0c3f431410, 0x00007f0c3f431600, 0x00007f0c3f458000)
 Metaspace       used 30302K, capacity 30731K, committed 30976K, reserved 32768K
}

