# JRE version: OpenJDK Runtime Environment (13.0.7+5) (build 13.0.7+5-Ubuntu-0ubuntu120.04)
# Java VM: OpenJDK 64-Bit Server VM (13.0.7+5-Ubuntu-0ubuntu120.04, mixed mode, tiered, serial gc, linux-amd64)
Heap:
 def new generation   total 2893632K, used 7832K [0x00007f9638600000, 0x00007f96fc9c0000, 0x00007f9b8db50000)
  eden space 2572160K,   0% used [0x00007f9638600000, 0x00007f9638da61e0, 0x00007f96d55e0000)
  from space 321472K,   0% used [0x00007f96d55e0000, 0x00007f96d55e0000, 0x00007f96e8fd0000)
  to   space 321472K,   0% used [0x00007f96e8fd0000, 0x00007f96e8fd0000, 0x00007f96fc9c0000)
 tenured generation   total 6430568K, used 6430567K [0x00007f9b8db50000, 0x00007f9d1632a000, 0x00007fa638600000)
   the space 6430568K,  99% used [0x00007f9b8db50000, 0x00007f9d16329fb0, 0x00007f9d1632a000, 0x00007f9d1632a000)
 Metaspace       used 24272K, capacity 24733K, committed 24832K, reserved 26624K
GC Heap History (20 events):
Event: 16897.853 GC heap after
{Heap after GC invocations=29575 (full 4):
 def new generation   total 2893632K, used 6871K [0x00007f9638600000, 0x00007f96fc9c0000, 0x00007f9b8db50000)
  eden space 2572160K,   0% used [0x00007f9638600000, 0x00007f9638600000, 0x00007f96d55e0000)
  from space 321472K,   2% used [0x00007f96e8fd0000, 0x00007f96e9685d48, 0x00007f96fc9c0000)
  to   space 321472K,   0% used [0x00007f96d55e0000, 0x00007f96d55e0000, 0x00007f96e8fd0000)
 tenured generation   total 6430184K, used 6426477K [0x00007f9b8db50000, 0x00007f9d162ca000, 0x00007fa638600000)
   the space 6430184K,  99% used [0x00007f9b8db50000, 0x00007f9d15f2b608, 0x00007f9d15f2b800, 0x00007f9d162ca000)
 Metaspace       used 24272K, capacity 24733K, committed 24832K, reserved 26624K
}
Event: 16899.090 GC heap before
{Heap before GC invocations=29575 (full 4):
 def new generation   total 2893632K, used 2579031K [0x00007f9638600000, 0x00007f96fc9c0000, 0x00007f9b8db50000)
  eden space 2572160K, 100% used [0x00007f9638600000, 0x00007f96d55e0000, 0x00007f96d55e0000)
  from space 321472K,   2% used [0x00007f96e8fd0000, 0x00007f96e9685d48, 0x00007f96fc9c0000)
  to   space 321472K,   0% used [0x00007f96d55e0000, 0x00007f96d55e0000, 0x00007f96e8fd0000)
 tenured generation   total 6430184K, used 6426477K [0x00007f9b8db50000, 0x00007f9d162ca000, 0x00007fa638600000)
   the space 6430184K,  99% used [0x00007f9b8db50000, 0x00007f9d15f2b608, 0x00007f9d15f2b800, 0x00007f9d162ca000)
 Metaspace       used 24272K, capacity 24733K, committed 24832K, reserved 26624K
}
Event: 16899.096 GC heap after
{Heap after GC invocations=29576 (full 4):
 def new generation   total 2893632K, used 6591K [0x00007f9638600000, 0x00007f96fc9c0000, 0x00007f9b8db50000)
  eden space 2572160K,   0% used [0x00007f9638600000, 0x00007f9638600000, 0x00007f96d55e0000)
  from space 321472K,   2% used [0x00007f96d55e0000, 0x00007f96d5c4fe10, 0x00007f96e8fd0000)
  to   space 321472K,   0% used [0x00007f96e8fd0000, 0x00007f96e8fd0000, 0x00007f96fc9c0000)
 tenured generation   total 6430184K, used 6427317K [0x00007f9b8db50000, 0x00007f9d162ca000, 0x00007fa638600000)
   the space 6430184K,  99% used [0x00007f9b8db50000, 0x00007f9d15ffd608, 0x00007f9d15ffd800, 0x00007f9d162ca000)
 Metaspace       used 24272K, capacity 24733K, committed 24832K, reserved 26624K
}
Event: 16900.331 GC heap before
{Heap before GC invocations=29576 (full 4):
 def new generation   total 2893632K, used 2578751K [0x00007f9638600000, 0x00007f96fc9c0000, 0x00007f9b8db50000)
  eden space 2572160K, 100% used [0x00007f9638600000, 0x00007f96d55e0000, 0x00007f96d55e0000)
  from space 321472K,   2% used [0x00007f96d55e0000, 0x00007f96d5c4fe10, 0x00007f96e8fd0000)
  to   space 321472K,   0% used [0x00007f96e8fd0000, 0x00007f96e8fd0000, 0x00007f96fc9c0000)
 tenured generation   total 6430184K, used 6427317K [0x00007f9b8db50000, 0x00007f9d162ca000, 0x00007fa638600000)
   the space 6430184K,  99% used [0x00007f9b8db50000, 0x00007f9d15ffd608, 0x00007f9d15ffd800, 0x00007f9d162ca000)
 Metaspace       used 24272K, capacity 24733K, committed 24832K, reserved 26624K
}
Event: 16900.337 GC heap after
{Heap after GC invocations=29577 (full 4):
 def new generation   total 2893632K, used 6397K [0x00007f9638600000, 0x00007f96fc9c0000, 0x00007f9b8db50000)
  eden space 2572160K,   0% used [0x00007f9638600000, 0x00007f9638600000, 0x00007f96d55e0000)
  from space 321472K,   1% used [0x00007f96e8fd0000, 0x00007f96e960f578, 0x00007f96fc9c0000)
  to   space 321472K,   0% used [0x00007f96d55e0000, 0x00007f96d55e0000, 0x00007f96e8fd0000)
 tenured generation   total 6430184K, used 6428072K [0x00007f9b8db50000, 0x00007f9d162ca000, 0x00007fa638600000)
   the space 6430184K,  99% used [0x00007f9b8db50000, 0x00007f9d160ba138, 0x00007f9d160ba200, 0x00007f9d162ca000)
 Metaspace       used 24272K, capacity 24733K, committed 24832K, reserved 26624K
}
Event: 16901.597 GC heap before
{Heap before GC invocations=29577 (full 4):
 def new generation   total 2893632K, used 2578557K [0x00007f9638600000, 0x00007f96fc9c0000, 0x00007f9b8db50000)
  eden space 2572160K, 100% used [0x00007f9638600000, 0x00007f96d55e0000, 0x00007f96d55e0000)
  from space 321472K,   1% used [0x00007f96e8fd0000, 0x00007f96e960f578, 0x00007f96fc9c0000)
  to   space 321472K,   0% used [0x00007f96d55e0000, 0x00007f96d55e0000, 0x00007f96e8fd0000)
 tenured generation   total 6430184K, used 6428072K [0x00007f9b8db50000, 0x00007f9d162ca000, 0x00007fa638600000)
   the space 6430184K,  99% used [0x00007f9b8db50000, 0x00007f9d160ba138, 0x00007f9d160ba200, 0x00007f9d162ca000)
 Metaspace       used 24272K, capacity 24733K, committed 24832K, reserved 26624K
}
Event: 16901.602 GC heap after
{Heap after GC invocations=29578 (full 4):
 def new generation   total 2893632K, used 6776K [0x00007f9638600000, 0x00007f96fc9c0000, 0x00007f9b8db50000)
  eden space 2572160K,   0% used [0x00007f9638600000, 0x00007f9638600000, 0x00007f96d55e0000)
  from space 321472K,   2% used [0x00007f96d55e0000, 0x00007f96d5c7e3e8, 0x00007f96e8fd0000)
  to   space 321472K,   0% used [0x00007f96e8fd0000, 0x00007f96e8fd0000, 0x00007f96fc9c0000)
 tenured generation   total 6430184K, used 6428248K [0x00007f9b8db50000, 0x00007f9d162ca000, 0x00007fa638600000)
   the space 6430184K,  99% used [0x00007f9b8db50000, 0x00007f9d160e6008, 0x00007f9d160e6200, 0x00007f9d162ca000)
 Metaspace       used 24272K, capacity 24733K, committed 24832K, reserved 26624K
}
Event: 16902.886 GC heap before
{Heap before GC invocations=29578 (full 4):
 def new generation   total 2893632K, used 2578936K [0x00007f9638600000, 0x00007f96fc9c0000, 0x00007f9b8db50000)
  eden space 2572160K, 100% used [0x00007f9638600000, 0x00007f96d55e0000, 0x00007f96d55e0000)
  from space 321472K,   2% used [0x00007f96d55e0000, 0x00007f96d5c7e3e8, 0x00007f96e8fd0000)
  to   space 321472K,   0% used [0x00007f96e8fd0000, 0x00007f96e8fd0000, 0x00007f96fc9c0000)
 tenured generation   total 6430184K, used 6428248K [0x00007f9b8db50000, 0x00007f9d162ca000, 0x00007fa638600000)
   the space 6430184K,  99% used [0x00007f9b8db50000, 0x00007f9d160e6008, 0x00007f9d160e6200, 0x00007f9d162ca000)
 Metaspace       used 24272K, capacity 24733K, committed 24832K, reserved 26624K
}
Event: 16902.892 GC heap after
{Heap after GC invocations=29579 (full 4):
 def new generation   total 2893632K, used 7081K [0x00007f9638600000, 0x00007f96fc9c0000, 0x00007f9b8db50000)
  eden space 2572160K,   0% used [0x00007f9638600000, 0x00007f9638600000, 0x00007f96d55e0000)
  from space 321472K,   2% used [0x00007f96e8fd0000, 0x00007f96e96ba7f0, 0x00007f96fc9c0000)
  to   space 321472K,   0% used [0x00007f96d55e0000, 0x00007f96d55e0000, 0x00007f96e8fd0000)
 tenured generation   total 6430184K, used 6428508K [0x00007f9b8db50000, 0x00007f9d162ca000, 0x00007fa638600000)
   the space 6430184K,  99% used [0x00007f9b8db50000, 0x00007f9d16127078, 0x00007f9d16127200, 0x00007f9d162ca000)
 Metaspace       used 24272K, capacity 24733K, committed 24832K, reserved 26624K
}
Event: 16904.133 GC heap before
{Heap before GC invocations=29579 (full 4):
 def new generation   total 2893632K, used 2579241K [0x00007f9638600000, 0x00007f96fc9c0000, 0x00007f9b8db50000)
  eden space 2572160K, 100% used [0x00007f9638600000, 0x00007f96d55e0000, 0x00007f96d55e0000)
  from space 321472K,   2% used [0x00007f96e8fd0000, 0x00007f96e96ba7f0, 0x00007f96fc9c0000)
  to   space 321472K,   0% used [0x00007f96d55e0000, 0x00007f96d55e0000, 0x00007f96e8fd0000)
 tenured generation   total 6430184K, used 6428508K [0x00007f9b8db50000, 0x00007f9d162ca000, 0x00007fa638600000)
   the space 6430184K,  99% used [0x00007f9b8db50000, 0x00007f9d16127078, 0x00007f9d16127200, 0x00007f9d162ca000)
 Metaspace       used 24272K, capacity 24733K, committed 24832K, reserved 26624K
}
Event: 16904.138 GC heap after
{Heap after GC invocations=29580 (full 4):
 def new generation   total 2893632K, used 7349K [0x00007f9638600000, 0x00007f96fc9c0000, 0x00007f9b8db50000)
  eden space 2572160K,   0% used [0x00007f9638600000, 0x00007f9638600000, 0x00007f96d55e0000)
  from space 321472K,   2% used [0x00007f96d55e0000, 0x00007f96d5d0d730, 0x00007f96e8fd0000)
  to   space 321472K,   0% used [0x00007f96e8fd0000, 0x00007f96e8fd0000, 0x00007f96fc9c0000)
 tenured generation   total 6430184K, used 6428809K [0x00007f9b8db50000, 0x00007f9d162ca000, 0x00007fa638600000)
   the space 6430184K,  99% used [0x00007f9b8db50000, 0x00007f9d16172618, 0x00007f9d16172800, 0x00007f9d162ca000)
 Metaspace       used 24272K, capacity 24733K, committed 24832K, reserved 26624K
}
Event: 16905.421 GC heap before
{Heap before GC invocations=29580 (full 4):
 def new generation   total 2893632K, used 2579509K [0x00007f9638600000, 0x00007f96fc9c0000, 0x00007f9b8db50000)
  eden space 2572160K, 100% used [0x00007f9638600000, 0x00007f96d55e0000, 0x00007f96d55e0000)
  from space 321472K,   2% used [0x00007f96d55e0000, 0x00007f96d5d0d730, 0x00007f96e8fd0000)
  to   space 321472K,   0% used [0x00007f96e8fd0000, 0x00007f96e8fd0000, 0x00007f96fc9c0000)
 tenured generation   total 6430184K, used 6428809K [0x00007f9b8db50000, 0x00007f9d162ca000, 0x00007fa638600000)
   the space 6430184K,  99% used [0x00007f9b8db50000, 0x00007f9d16172618, 0x00007f9d16172800, 0x00007f9d162ca000)
 Metaspace       used 24272K, capacity 24733K, committed 24832K, reserved 26624K
}
Event: 16905.427 GC heap after
{Heap after GC invocations=29581 (full 4):
 def new generation   total 2893632K, used 7497K [0x00007f9638600000, 0x00007f96fc9c0000, 0x00007f9b8db50000)
  eden space 2572160K,   0% used [0x00007f9638600000, 0x00007f9638600000, 0x00007f96d55e0000)
  from space 321472K,   2% used [0x00007f96e8fd0000, 0x00007f96e9722458, 0x00007f96fc9c0000)
  to   space 321472K,   0% used [0x00007f96d55e0000, 0x00007f96d55e0000, 0x00007f96e8fd0000)
 tenured generation   total 6430184K, used 6429214K [0x00007f9b8db50000, 0x00007f9d162ca000, 0x00007fa638600000)
   the space 6430184K,  99% used [0x00007f9b8db50000, 0x00007f9d161d7ac8, 0x00007f9d161d7c00, 0x00007f9d162ca000)
 Metaspace       used 24272K, capacity 24733K, committed 24832K, reserved 26624K
}
Event: 16906.708 GC heap before
{Heap before GC invocations=29581 (full 4):
 def new generation   total 2893632K, used 2579657K [0x00007f9638600000, 0x00007f96fc9c0000, 0x00007f9b8db50000)
  eden space 2572160K, 100% used [0x00007f9638600000, 0x00007f96d55e0000, 0x00007f96d55e0000)
  from space 321472K,   2% used [0x00007f96e8fd0000, 0x00007f96e9722458, 0x00007f96fc9c0000)
  to   space 321472K,   0% used [0x00007f96d55e0000, 0x00007f96d55e0000, 0x00007f96e8fd0000)
 tenured generation   total 6430184K, used 6429214K [0x00007f9b8db50000, 0x00007f9d162ca000, 0x00007fa638600000)
   the space 6430184K,  99% used [0x00007f9b8db50000, 0x00007f9d161d7ac8, 0x00007f9d161d7c00, 0x00007f9d162ca000)
 Metaspace       used 24272K, capacity 24733K, committed 24832K, reserved 26624K
}
Event: 16906.714 GC heap after
{Heap after GC invocations=29582 (full 4):
 def new generation   total 2893632K, used 7639K [0x00007f9638600000, 0x00007f96fc9c0000, 0x00007f9b8db50000)
  eden space 2572160K,   0% used [0x00007f9638600000, 0x00007f9638600000, 0x00007f96d55e0000)
  from space 321472K,   2% used [0x00007f96d55e0000, 0x00007f96d5d55e78, 0x00007f96e8fd0000)
  to   space 321472K,   0% used [0x00007f96e8fd0000, 0x00007f96e8fd0000, 0x00007f96fc9c0000)
 tenured generation   total 6430184K, used 6429640K [0x00007f9b8db50000, 0x00007f9d162ca000, 0x00007fa638600000)
   the space 6430184K,  99% used [0x00007f9b8db50000, 0x00007f9d16242148, 0x00007f9d16242200, 0x00007f9d162ca000)
 Metaspace       used 24272K, capacity 24733K, committed 24832K, reserved 26624K
}
Event: 16907.999 GC heap before
{Heap before GC invocations=29582 (full 4):
 def new generation   total 2893632K, used 2579799K [0x00007f9638600000, 0x00007f96fc9c0000, 0x00007f9b8db50000)
  eden space 2572160K, 100% used [0x00007f9638600000, 0x00007f96d55e0000, 0x00007f96d55e0000)
  from space 321472K,   2% used [0x00007f96d55e0000, 0x00007f96d5d55e78, 0x00007f96e8fd0000)
  to   space 321472K,   0% used [0x00007f96e8fd0000, 0x00007f96e8fd0000, 0x00007f96fc9c0000)
 tenured generation   total 6430184K, used 6429640K [0x00007f9b8db50000, 0x00007f9d162ca000, 0x00007fa638600000)
   the space 6430184K,  99% used [0x00007f9b8db50000, 0x00007f9d16242148, 0x00007f9d16242200, 0x00007f9d162ca000)
 Metaspace       used 24272K, capacity 24733K, committed 24832K, reserved 26624K
}
Event: 16908.005 GC heap after
{Heap after GC invocations=29583 (full 4):
 def new generation   total 2893632K, used 7766K [0x00007f9638600000, 0x00007f96fc9c0000, 0x00007f9b8db50000)
  eden space 2572160K,   0% used [0x00007f9638600000, 0x00007f9638600000, 0x00007f96d55e0000)
  from space 321472K,   2% used [0x00007f96e8fd0000, 0x00007f96e9765988, 0x00007f96fc9c0000)
  to   space 321472K,   0% used [0x00007f96d55e0000, 0x00007f96d55e0000, 0x00007f96e8fd0000)
 tenured generation   total 6430184K, used 6430065K [0x00007f9b8db50000, 0x00007f9d162ca000, 0x00007fa638600000)
   the space 6430184K,  99% used [0x00007f9b8db50000, 0x00007f9d162ac7c8, 0x00007f9d162ac800, 0x00007f9d162ca000)
 Metaspace       used 24272K, capacity 24733K, committed 24832K, reserved 26624K
}
Event: 16909.276 GC heap before
{Heap before GC invocations=29583 (full 4):
 def new generation   total 2893632K, used 2579926K [0x00007f9638600000, 0x00007f96fc9c0000, 0x00007f9b8db50000)
  eden space 2572160K, 100% used [0x00007f9638600000, 0x00007f96d55e0000, 0x00007f96d55e0000)
  from space 321472K,   2% used [0x00007f96e8fd0000, 0x00007f96e9765988, 0x00007f96fc9c0000)
  to   space 321472K,   0% used [0x00007f96d55e0000, 0x00007f96d55e0000, 0x00007f96e8fd0000)
 tenured generation   total 6430184K, used 6430065K [0x00007f9b8db50000, 0x00007f9d162ca000, 0x00007fa638600000)
   the space 6430184K,  99% used [0x00007f9b8db50000, 0x00007f9d162ac7c8, 0x00007f9d162ac800, 0x00007f9d162ca000)
 Metaspace       used 24272K, capacity 24733K, committed 24832K, reserved 26624K
}
Event: 16909.282 GC heap after
{Heap after GC invocations=29584 (full 4):
 def new generation   total 2893632K, used 7908K [0x00007f9638600000, 0x00007f96fc9c0000, 0x00007f9b8db50000)
  eden space 2572160K,   0% used [0x00007f9638600000, 0x00007f9638600000, 0x00007f96d55e0000)
  from space 321472K,   2% used [0x00007f96d55e0000, 0x00007f96d5d99348, 0x00007f96e8fd0000)
  to   space 321472K,   0% used [0x00007f96e8fd0000, 0x00007f96e8fd0000, 0x00007f96fc9c0000)
 tenured generation   total 6430568K, used 6430491K [0x00007f9b8db50000, 0x00007f9d1632a000, 0x00007fa638600000)
   the space 6430568K,  99% used [0x00007f9b8db50000, 0x00007f9d16316e48, 0x00007f9d16317000, 0x00007f9d1632a000)
 Metaspace       used 24272K, capacity 24733K, committed 24832K, reserved 26624K
}
Event: 16909.282 GC heap before
{Heap before GC invocations=29584 (full 4):
 def new generation   total 2893632K, used 7908K [0x00007f9638600000, 0x00007f96fc9c0000, 0x00007f9b8db50000)
  eden space 2572160K,   0% used [0x00007f9638600000, 0x00007f9638600000, 0x00007f96d55e0000)
  from space 321472K,   2% used [0x00007f96d55e0000, 0x00007f96d5d99348, 0x00007f96e8fd0000)
  to   space 321472K,   0% used [0x00007f96e8fd0000, 0x00007f96e8fd0000, 0x00007f96fc9c0000)
 tenured generation   total 6430568K, used 6430491K [0x00007f9b8db50000, 0x00007f9d1632a000, 0x00007fa638600000)
   the space 6430568K,  99% used [0x00007f9b8db50000, 0x00007f9d16316e48, 0x00007f9d16317000, 0x00007f9d1632a000)
 Metaspace       used 24272K, capacity 24733K, committed 24832K, reserved 26624K
}

