# JRE version: OpenJDK Runtime Environment (13.0.7+5) (build 13.0.7+5-Ubuntu-0ubuntu120.04)
# Java VM: OpenJDK 64-Bit Server VM (13.0.7+5-Ubuntu-0ubuntu120.04, mixed mode, tiered, serial gc, linux-amd64)
Heap:
 def new generation   total 629248K, used 4710K [0x00007f9abc600000, 0x00007f9ae70c0000, 0x00007fa011b50000)
  eden space 559360K,   0% used [0x00007f9abc600000, 0x00007f9abca99920, 0x00007f9ade840000)
  from space 69888K,   0% used [0x00007f9ae2c80000, 0x00007f9ae2c80000, 0x00007f9ae70c0000)
  to   space 69888K,   0% used [0x00007f9ade840000, 0x00007f9ade840000, 0x00007f9ae2c80000)
 tenured generation   total 1398336K, used 1398335K [0x00007fa011b50000, 0x00007fa0670e0000, 0x00007faabc600000)
   the space 1398336K,  99% used [0x00007fa011b50000, 0x00007fa0670dffe0, 0x00007fa0670e0000, 0x00007fa0670e0000)
 Metaspace       used 24359K, capacity 24785K, committed 25088K, reserved 26624K
GC Heap History (20 events):
Event: 2192.694 GC heap after
{Heap after GC invocations=4195 (full 1):
 def new generation   total 629248K, used 4747K [0x00007f9abc600000, 0x00007f9ae70c0000, 0x00007fa011b50000)
  eden space 559360K,   0% used [0x00007f9abc600000, 0x00007f9abc600000, 0x00007f9ade840000)
  from space 69888K,   6% used [0x00007f9ade840000, 0x00007f9adece2ec8, 0x00007f9ae2c80000)
  to   space 69888K,   0% used [0x00007f9ae2c80000, 0x00007f9ae2c80000, 0x00007f9ae70c0000)
 tenured generation   total 1398144K, used 1395337K [0x00007fa011b50000, 0x00007fa0670b0000, 0x00007faabc600000)
   the space 1398144K,  99% used [0x00007fa011b50000, 0x00007fa066df2568, 0x00007fa066df2600, 0x00007fa0670b0000)
 Metaspace       used 24359K, capacity 24785K, committed 25088K, reserved 26624K
}
Event: 2193.187 GC heap before
{Heap before GC invocations=4195 (full 1):
 def new generation   total 629248K, used 564107K [0x00007f9abc600000, 0x00007f9ae70c0000, 0x00007fa011b50000)
  eden space 559360K, 100% used [0x00007f9abc600000, 0x00007f9ade840000, 0x00007f9ade840000)
  from space 69888K,   6% used [0x00007f9ade840000, 0x00007f9adece2ec8, 0x00007f9ae2c80000)
  to   space 69888K,   0% used [0x00007f9ae2c80000, 0x00007f9ae2c80000, 0x00007f9ae70c0000)
 tenured generation   total 1398144K, used 1395337K [0x00007fa011b50000, 0x00007fa0670b0000, 0x00007faabc600000)
   the space 1398144K,  99% used [0x00007fa011b50000, 0x00007fa066df2568, 0x00007fa066df2600, 0x00007fa0670b0000)
 Metaspace       used 24359K, capacity 24785K, committed 25088K, reserved 26624K
}
Event: 2193.197 GC heap after
{Heap after GC invocations=4196 (full 1):
 def new generation   total 629248K, used 4759K [0x00007f9abc600000, 0x00007f9ae70c0000, 0x00007fa011b50000)
  eden space 559360K,   0% used [0x00007f9abc600000, 0x00007f9abc600000, 0x00007f9ade840000)
  from space 69888K,   6% used [0x00007f9ae2c80000, 0x00007f9ae3125d50, 0x00007f9ae70c0000)
  to   space 69888K,   0% used [0x00007f9ade840000, 0x00007f9ade840000, 0x00007f9ae2c80000)
 tenured generation   total 1398144K, used 1395670K [0x00007fa011b50000, 0x00007fa0670b0000, 0x00007faabc600000)
   the space 1398144K,  99% used [0x00007fa011b50000, 0x00007fa066e45968, 0x00007fa066e45a00, 0x00007fa0670b0000)
 Metaspace       used 24359K, capacity 24785K, committed 25088K, reserved 26624K
}
Event: 2193.669 GC heap before
{Heap before GC invocations=4196 (full 1):
 def new generation   total 629248K, used 564119K [0x00007f9abc600000, 0x00007f9ae70c0000, 0x00007fa011b50000)
  eden space 559360K, 100% used [0x00007f9abc600000, 0x00007f9ade840000, 0x00007f9ade840000)
  from space 69888K,   6% used [0x00007f9ae2c80000, 0x00007f9ae3125d50, 0x00007f9ae70c0000)
  to   space 69888K,   0% used [0x00007f9ade840000, 0x00007f9ade840000, 0x00007f9ae2c80000)
 tenured generation   total 1398144K, used 1395670K [0x00007fa011b50000, 0x00007fa0670b0000, 0x00007faabc600000)
   the space 1398144K,  99% used [0x00007fa011b50000, 0x00007fa066e45968, 0x00007fa066e45a00, 0x00007fa0670b0000)
 Metaspace       used 24359K, capacity 24785K, committed 25088K, reserved 26624K
}
Event: 2193.677 GC heap after
{Heap after GC invocations=4197 (full 1):
 def new generation   total 629248K, used 4777K [0x00007f9abc600000, 0x00007f9ae70c0000, 0x00007fa011b50000)
  eden space 559360K,   0% used [0x00007f9abc600000, 0x00007f9abc600000, 0x00007f9ade840000)
  from space 69888K,   6% used [0x00007f9ade840000, 0x00007f9adecea4a8, 0x00007f9ae2c80000)
  to   space 69888K,   0% used [0x00007f9ae2c80000, 0x00007f9ae2c80000, 0x00007f9ae70c0000)
 tenured generation   total 1398144K, used 1395989K [0x00007fa011b50000, 0x00007fa0670b0000, 0x00007faabc600000)
   the space 1398144K,  99% used [0x00007fa011b50000, 0x00007fa066e956e8, 0x00007fa066e95800, 0x00007fa0670b0000)
 Metaspace       used 24359K, capacity 24785K, committed 25088K, reserved 26624K
}
Event: 2194.145 GC heap before
{Heap before GC invocations=4197 (full 1):
 def new generation   total 629248K, used 564137K [0x00007f9abc600000, 0x00007f9ae70c0000, 0x00007fa011b50000)
  eden space 559360K, 100% used [0x00007f9abc600000, 0x00007f9ade840000, 0x00007f9ade840000)
  from space 69888K,   6% used [0x00007f9ade840000, 0x00007f9adecea4a8, 0x00007f9ae2c80000)
  to   space 69888K,   0% used [0x00007f9ae2c80000, 0x00007f9ae2c80000, 0x00007f9ae70c0000)
 tenured generation   total 1398144K, used 1395989K [0x00007fa011b50000, 0x00007fa0670b0000, 0x00007faabc600000)
   the space 1398144K,  99% used [0x00007fa011b50000, 0x00007fa066e956e8, 0x00007fa066e95800, 0x00007fa0670b0000)
 Metaspace       used 24359K, capacity 24785K, committed 25088K, reserved 26624K
}
Event: 2194.156 GC heap after
{Heap after GC invocations=4198 (full 1):
 def new generation   total 629248K, used 4762K [0x00007f9abc600000, 0x00007f9ae70c0000, 0x00007fa011b50000)
  eden space 559360K,   0% used [0x00007f9abc600000, 0x00007f9abc600000, 0x00007f9ade840000)
  from space 69888K,   6% used [0x00007f9ae2c80000, 0x00007f9ae31268e8, 0x00007f9ae70c0000)
  to   space 69888K,   0% used [0x00007f9ade840000, 0x00007f9ade840000, 0x00007f9ae2c80000)
 tenured generation   total 1398144K, used 1396322K [0x00007fa011b50000, 0x00007fa0670b0000, 0x00007faabc600000)
   the space 1398144K,  99% used [0x00007fa011b50000, 0x00007fa066ee8ae8, 0x00007fa066ee8c00, 0x00007fa0670b0000)
 Metaspace       used 24359K, capacity 24785K, committed 25088K, reserved 26624K
}
Event: 2194.649 GC heap before
{Heap before GC invocations=4198 (full 1):
 def new generation   total 629248K, used 564122K [0x00007f9abc600000, 0x00007f9ae70c0000, 0x00007fa011b50000)
  eden space 559360K, 100% used [0x00007f9abc600000, 0x00007f9ade840000, 0x00007f9ade840000)
  from space 69888K,   6% used [0x00007f9ae2c80000, 0x00007f9ae31268e8, 0x00007f9ae70c0000)
  to   space 69888K,   0% used [0x00007f9ade840000, 0x00007f9ade840000, 0x00007f9ae2c80000)
 tenured generation   total 1398144K, used 1396322K [0x00007fa011b50000, 0x00007fa0670b0000, 0x00007faabc600000)
   the space 1398144K,  99% used [0x00007fa011b50000, 0x00007fa066ee8ae8, 0x00007fa066ee8c00, 0x00007fa0670b0000)
 Metaspace       used 24359K, capacity 24785K, committed 25088K, reserved 26624K
}
Event: 2194.661 GC heap after
{Heap after GC invocations=4199 (full 1):
 def new generation   total 629248K, used 4744K [0x00007f9abc600000, 0x00007f9ae70c0000, 0x00007fa011b50000)
  eden space 559360K,   0% used [0x00007f9abc600000, 0x00007f9abc600000, 0x00007f9ade840000)
  from space 69888K,   6% used [0x00007f9ade840000, 0x00007f9adece2000, 0x00007f9ae2c80000)
  to   space 69888K,   0% used [0x00007f9ae2c80000, 0x00007f9ae2c80000, 0x00007f9ae70c0000)
 tenured generation   total 1398144K, used 1396655K [0x00007fa011b50000, 0x00007fa0670b0000, 0x00007faabc600000)
   the space 1398144K,  99% used [0x00007fa011b50000, 0x00007fa066f3bca8, 0x00007fa066f3be00, 0x00007fa0670b0000)
 Metaspace       used 24359K, capacity 24785K, committed 25088K, reserved 26624K
}
Event: 2195.192 GC heap before
{Heap before GC invocations=4199 (full 1):
 def new generation   total 629248K, used 564104K [0x00007f9abc600000, 0x00007f9ae70c0000, 0x00007fa011b50000)
  eden space 559360K, 100% used [0x00007f9abc600000, 0x00007f9ade840000, 0x00007f9ade840000)
  from space 69888K,   6% used [0x00007f9ade840000, 0x00007f9adece2000, 0x00007f9ae2c80000)
  to   space 69888K,   0% used [0x00007f9ae2c80000, 0x00007f9ae2c80000, 0x00007f9ae70c0000)
 tenured generation   total 1398144K, used 1396655K [0x00007fa011b50000, 0x00007fa0670b0000, 0x00007faabc600000)
   the space 1398144K,  99% used [0x00007fa011b50000, 0x00007fa066f3bca8, 0x00007fa066f3be00, 0x00007fa0670b0000)
 Metaspace       used 24359K, capacity 24785K, committed 25088K, reserved 26624K
}
Event: 2195.203 GC heap after
{Heap after GC invocations=4200 (full 1):
 def new generation   total 629248K, used 4754K [0x00007f9abc600000, 0x00007f9ae70c0000, 0x00007fa011b50000)
  eden space 559360K,   0% used [0x00007f9abc600000, 0x00007f9abc600000, 0x00007f9ade840000)
  from space 69888K,   6% used [0x00007f9ae2c80000, 0x00007f9ae31248c0, 0x00007f9ae70c0000)
  to   space 69888K,   0% used [0x00007f9ade840000, 0x00007f9ade840000, 0x00007f9ae2c80000)
 tenured generation   total 1398144K, used 1396988K [0x00007fa011b50000, 0x00007fa0670b0000, 0x00007faabc600000)
   the space 1398144K,  99% used [0x00007fa011b50000, 0x00007fa066f8f0a8, 0x00007fa066f8f200, 0x00007fa0670b0000)
 Metaspace       used 24359K, capacity 24785K, committed 25088K, reserved 26624K
}
Event: 2195.721 GC heap before
{Heap before GC invocations=4200 (full 1):
 def new generation   total 629248K, used 564114K [0x00007f9abc600000, 0x00007f9ae70c0000, 0x00007fa011b50000)
  eden space 559360K, 100% used [0x00007f9abc600000, 0x00007f9ade840000, 0x00007f9ade840000)
  from space 69888K,   6% used [0x00007f9ae2c80000, 0x00007f9ae31248c0, 0x00007f9ae70c0000)
  to   space 69888K,   0% used [0x00007f9ade840000, 0x00007f9ade840000, 0x00007f9ae2c80000)
 tenured generation   total 1398144K, used 1396988K [0x00007fa011b50000, 0x00007fa0670b0000, 0x00007faabc600000)
   the space 1398144K,  99% used [0x00007fa011b50000, 0x00007fa066f8f0a8, 0x00007fa066f8f200, 0x00007fa0670b0000)
 Metaspace       used 24359K, capacity 24785K, committed 25088K, reserved 26624K
}
Event: 2195.732 GC heap after
{Heap after GC invocations=4201 (full 1):
 def new generation   total 629248K, used 4766K [0x00007f9abc600000, 0x00007f9ae70c0000, 0x00007fa011b50000)
  eden space 559360K,   0% used [0x00007f9abc600000, 0x00007f9abc600000, 0x00007f9ade840000)
  from space 69888K,   6% used [0x00007f9ade840000, 0x00007f9adece7b88, 0x00007f9ae2c80000)
  to   space 69888K,   0% used [0x00007f9ae2c80000, 0x00007f9ae2c80000, 0x00007f9ae70c0000)
 tenured generation   total 1398144K, used 1397303K [0x00007fa011b50000, 0x00007fa0670b0000, 0x00007faabc600000)
   the space 1398144K,  99% used [0x00007fa011b50000, 0x00007fa066fddce8, 0x00007fa066fdde00, 0x00007fa0670b0000)
 Metaspace       used 24359K, capacity 24785K, committed 25088K, reserved 26624K
}
Event: 2196.178 GC heap before
{Heap before GC invocations=4201 (full 1):
 def new generation   total 629248K, used 564126K [0x00007f9abc600000, 0x00007f9ae70c0000, 0x00007fa011b50000)
  eden space 559360K, 100% used [0x00007f9abc600000, 0x00007f9ade840000, 0x00007f9ade840000)
  from space 69888K,   6% used [0x00007f9ade840000, 0x00007f9adece7b88, 0x00007f9ae2c80000)
  to   space 69888K,   0% used [0x00007f9ae2c80000, 0x00007f9ae2c80000, 0x00007f9ae70c0000)
 tenured generation   total 1398144K, used 1397303K [0x00007fa011b50000, 0x00007fa0670b0000, 0x00007faabc600000)
   the space 1398144K,  99% used [0x00007fa011b50000, 0x00007fa066fddce8, 0x00007fa066fdde00, 0x00007fa0670b0000)
 Metaspace       used 24359K, capacity 24785K, committed 25088K, reserved 26624K
}
Event: 2196.189 GC heap after
{Heap after GC invocations=4202 (full 1):
 def new generation   total 629248K, used 4765K [0x00007f9abc600000, 0x00007f9ae70c0000, 0x00007fa011b50000)
  eden space 559360K,   0% used [0x00007f9abc600000, 0x00007f9abc600000, 0x00007f9ade840000)
  from space 69888K,   6% used [0x00007f9ae2c80000, 0x00007f9ae3127450, 0x00007f9ae70c0000)
  to   space 69888K,   0% used [0x00007f9ade840000, 0x00007f9ade840000, 0x00007f9ae2c80000)
 tenured generation   total 1398144K, used 1397636K [0x00007fa011b50000, 0x00007fa0670b0000, 0x00007faabc600000)
   the space 1398144K,  99% used [0x00007fa011b50000, 0x00007fa0670310e8, 0x00007fa067031200, 0x00007fa0670b0000)
 Metaspace       used 24359K, capacity 24785K, committed 25088K, reserved 26624K
}
Event: 2196.631 GC heap before
{Heap before GC invocations=4202 (full 1):
 def new generation   total 629248K, used 564125K [0x00007f9abc600000, 0x00007f9ae70c0000, 0x00007fa011b50000)
  eden space 559360K, 100% used [0x00007f9abc600000, 0x00007f9ade840000, 0x00007f9ade840000)
  from space 69888K,   6% used [0x00007f9ae2c80000, 0x00007f9ae3127450, 0x00007f9ae70c0000)
  to   space 69888K,   0% used [0x00007f9ade840000, 0x00007f9ade840000, 0x00007f9ae2c80000)
 tenured generation   total 1398144K, used 1397636K [0x00007fa011b50000, 0x00007fa0670b0000, 0x00007faabc600000)
   the space 1398144K,  99% used [0x00007fa011b50000, 0x00007fa0670310e8, 0x00007fa067031200, 0x00007fa0670b0000)
 Metaspace       used 24359K, capacity 24785K, committed 25088K, reserved 26624K
}
Event: 2196.640 GC heap after
{Heap after GC invocations=4203 (full 1):
 def new generation   total 629248K, used 4744K [0x00007f9abc600000, 0x00007f9ae70c0000, 0x00007fa011b50000)
  eden space 559360K,   0% used [0x00007f9abc600000, 0x00007f9abc600000, 0x00007f9ade840000)
  from space 69888K,   6% used [0x00007f9ade840000, 0x00007f9adece2218, 0x00007f9ae2c80000)
  to   space 69888K,   0% used [0x00007f9ae2c80000, 0x00007f9ae2c80000, 0x00007f9ae70c0000)
 tenured generation   total 1398144K, used 1397968K [0x00007fa011b50000, 0x00007fa0670b0000, 0x00007faabc600000)
   the space 1398144K,  99% used [0x00007fa011b50000, 0x00007fa0670842a8, 0x00007fa067084400, 0x00007fa0670b0000)
 Metaspace       used 24359K, capacity 24785K, committed 25088K, reserved 26624K
}
Event: 2197.126 GC heap before
{Heap before GC invocations=4203 (full 1):
 def new generation   total 629248K, used 564104K [0x00007f9abc600000, 0x00007f9ae70c0000, 0x00007fa011b50000)
  eden space 559360K, 100% used [0x00007f9abc600000, 0x00007f9ade840000, 0x00007f9ade840000)
  from space 69888K,   6% used [0x00007f9ade840000, 0x00007f9adece2218, 0x00007f9ae2c80000)
  to   space 69888K,   0% used [0x00007f9ae2c80000, 0x00007f9ae2c80000, 0x00007f9ae70c0000)
 tenured generation   total 1398144K, used 1397968K [0x00007fa011b50000, 0x00007fa0670b0000, 0x00007faabc600000)
   the space 1398144K,  99% used [0x00007fa011b50000, 0x00007fa0670842a8, 0x00007fa067084400, 0x00007fa0670b0000)
 Metaspace       used 24359K, capacity 24785K, committed 25088K, reserved 26624K
}
Event: 2197.140 GC heap after
{Heap after GC invocations=4204 (full 1):
 def new generation   total 629248K, used 4727K [0x00007f9abc600000, 0x00007f9ae70c0000, 0x00007fa011b50000)
  eden space 559360K,   0% used [0x00007f9abc600000, 0x00007f9abc600000, 0x00007f9ade840000)
  from space 69888K,   6% used [0x00007f9ae2c80000, 0x00007f9ae311dc88, 0x00007f9ae70c0000)
  to   space 69888K,   0% used [0x00007f9ade840000, 0x00007f9ade840000, 0x00007f9ae2c80000)
 tenured generation   total 1398336K, used 1398319K [0x00007fa011b50000, 0x00007fa0670e0000, 0x00007faabc600000)
   the space 1398336K,  99% used [0x00007fa011b50000, 0x00007fa0670dbc78, 0x00007fa0670dbe00, 0x00007fa0670e0000)
 Metaspace       used 24359K, capacity 24785K, committed 25088K, reserved 26624K
}
Event: 2197.140 GC heap before
{Heap before GC invocations=4204 (full 1):
 def new generation   total 629248K, used 4727K [0x00007f9abc600000, 0x00007f9ae70c0000, 0x00007fa011b50000)
  eden space 559360K,   0% used [0x00007f9abc600000, 0x00007f9abc600000, 0x00007f9ade840000)
  from space 69888K,   6% used [0x00007f9ae2c80000, 0x00007f9ae311dc88, 0x00007f9ae70c0000)
  to   space 69888K,   0% used [0x00007f9ade840000, 0x00007f9ade840000, 0x00007f9ae2c80000)
 tenured generation   total 1398336K, used 1398319K [0x00007fa011b50000, 0x00007fa0670e0000, 0x00007faabc600000)
   the space 1398336K,  99% used [0x00007fa011b50000, 0x00007fa0670dbc78, 0x00007fa0670dbe00, 0x00007fa0670e0000)
 Metaspace       used 24359K, capacity 24785K, committed 25088K, reserved 26624K
}

