# JRE version: OpenJDK Runtime Environment (13.0.7+5) (build 13.0.7+5-Ubuntu-0ubuntu120.04)
# Java VM: OpenJDK 64-Bit Server VM (13.0.7+5-Ubuntu-0ubuntu120.04, mixed mode, tiered, serial gc, linux-amd64)
Heap:
 def new generation   total 1926848K, used 134482K [0x00007fa2d8600000, 0x00007fa35b0c0000, 0x00007fa82db50000)
  eden space 1712768K,   7% used [0x00007fa2d8600000, 0x00007fa2e0954ab8, 0x00007fa340ea0000)
  from space 214080K,   0% used [0x00007fa340ea0000, 0x00007fa340ea0000, 0x00007fa34dfb0000)
  to   space 214080K,   0% used [0x00007fa34dfb0000, 0x00007fa34dfb0000, 0x00007fa35b0c0000)
 tenured generation   total 4347836K, used 4347835K [0x00007fa82db50000, 0x00007fa93713f000, 0x00007fb2d8600000)
   the space 4347836K,  99% used [0x00007fa82db50000, 0x00007fa93713efe0, 0x00007fa93713f000, 0x00007fa93713f000)
 Metaspace       used 30628K, capacity 30988K, committed 31232K, reserved 32768K
GC Heap History (20 events):
Event: 231.409 GC heap after
{Heap after GC invocations=114 (full 33):
 def new generation   total 1926848K, used 119658K [0x00007fa2d8600000, 0x00007fa35b0c0000, 0x00007fa82db50000)
  eden space 1712768K,   0% used [0x00007fa2d8600000, 0x00007fa2d8600000, 0x00007fa340ea0000)
  from space 214080K,  55% used [0x00007fa34dfb0000, 0x00007fa35548abb0, 0x00007fa35b0c0000)
  to   space 214080K,   0% used [0x00007fa340ea0000, 0x00007fa340ea0000, 0x00007fa34dfb0000)
 tenured generation   total 4281788K, used 3172894K [0x00007fa82db50000, 0x00007fa9330bf000, 0x00007fb2d8600000)
   the space 4281788K,  74% used [0x00007fa82db50000, 0x00007fa8ef5d7bb8, 0x00007fa8ef5d7c00, 0x00007fa9330bf000)
 Metaspace       used 30628K, capacity 30988K, committed 31232K, reserved 32768K
}
Event: 231.894 GC heap before
{Heap before GC invocations=114 (full 33):
 def new generation   total 1926848K, used 1832426K [0x00007fa2d8600000, 0x00007fa35b0c0000, 0x00007fa82db50000)
  eden space 1712768K, 100% used [0x00007fa2d8600000, 0x00007fa340ea0000, 0x00007fa340ea0000)
  from space 214080K,  55% used [0x00007fa34dfb0000, 0x00007fa35548abb0, 0x00007fa35b0c0000)
  to   space 214080K,   0% used [0x00007fa340ea0000, 0x00007fa340ea0000, 0x00007fa34dfb0000)
 tenured generation   total 4281788K, used 3172894K [0x00007fa82db50000, 0x00007fa9330bf000, 0x00007fb2d8600000)
   the space 4281788K,  74% used [0x00007fa82db50000, 0x00007fa8ef5d7bb8, 0x00007fa8ef5d7c00, 0x00007fa9330bf000)
 Metaspace       used 30628K, capacity 30988K, committed 31232K, reserved 32768K
}
Event: 232.426 GC heap after
{Heap after GC invocations=115 (full 33):
 def new generation   total 1926848K, used 142602K [0x00007fa2d8600000, 0x00007fa35b0c0000, 0x00007fa82db50000)
  eden space 1712768K,   0% used [0x00007fa2d8600000, 0x00007fa2d8600000, 0x00007fa340ea0000)
  from space 214080K,  66% used [0x00007fa340ea0000, 0x00007fa3499e2800, 0x00007fa34dfb0000)
  to   space 214080K,   0% used [0x00007fa34dfb0000, 0x00007fa34dfb0000, 0x00007fa35b0c0000)
 tenured generation   total 4281788K, used 3292553K [0x00007fa82db50000, 0x00007fa9330bf000, 0x00007fb2d8600000)
   the space 4281788K,  76% used [0x00007fa82db50000, 0x00007fa8f6ab25c8, 0x00007fa8f6ab2600, 0x00007fa9330bf000)
 Metaspace       used 30628K, capacity 30988K, committed 31232K, reserved 32768K
}
Event: 232.884 GC heap before
{Heap before GC invocations=115 (full 33):
 def new generation   total 1926848K, used 1855370K [0x00007fa2d8600000, 0x00007fa35b0c0000, 0x00007fa82db50000)
  eden space 1712768K, 100% used [0x00007fa2d8600000, 0x00007fa340ea0000, 0x00007fa340ea0000)
  from space 214080K,  66% used [0x00007fa340ea0000, 0x00007fa3499e2800, 0x00007fa34dfb0000)
  to   space 214080K,   0% used [0x00007fa34dfb0000, 0x00007fa34dfb0000, 0x00007fa35b0c0000)
 tenured generation   total 4281788K, used 3292553K [0x00007fa82db50000, 0x00007fa9330bf000, 0x00007fb2d8600000)
   the space 4281788K,  76% used [0x00007fa82db50000, 0x00007fa8f6ab25c8, 0x00007fa8f6ab2600, 0x00007fa9330bf000)
 Metaspace       used 30628K, capacity 30988K, committed 31232K, reserved 32768K
}
Event: 233.373 GC heap after
{Heap after GC invocations=116 (full 33):
 def new generation   total 1926848K, used 128818K [0x00007fa2d8600000, 0x00007fa35b0c0000, 0x00007fa82db50000)
  eden space 1712768K,   0% used [0x00007fa2d8600000, 0x00007fa2d8600000, 0x00007fa340ea0000)
  from space 214080K,  60% used [0x00007fa34dfb0000, 0x00007fa355d7cbb8, 0x00007fa35b0c0000)
  to   space 214080K,   0% used [0x00007fa340ea0000, 0x00007fa340ea0000, 0x00007fa34dfb0000)
 tenured generation   total 4281788K, used 3435154K [0x00007fa82db50000, 0x00007fa9330bf000, 0x00007fb2d8600000)
   the space 4281788K,  80% used [0x00007fa82db50000, 0x00007fa8ff5f48d8, 0x00007fa8ff5f4a00, 0x00007fa9330bf000)
 Metaspace       used 30628K, capacity 30988K, committed 31232K, reserved 32768K
}
Event: 233.831 GC heap before
{Heap before GC invocations=116 (full 33):
 def new generation   total 1926848K, used 1841586K [0x00007fa2d8600000, 0x00007fa35b0c0000, 0x00007fa82db50000)
  eden space 1712768K, 100% used [0x00007fa2d8600000, 0x00007fa340ea0000, 0x00007fa340ea0000)
  from space 214080K,  60% used [0x00007fa34dfb0000, 0x00007fa355d7cbb8, 0x00007fa35b0c0000)
  to   space 214080K,   0% used [0x00007fa340ea0000, 0x00007fa340ea0000, 0x00007fa34dfb0000)
 tenured generation   total 4281788K, used 3435154K [0x00007fa82db50000, 0x00007fa9330bf000, 0x00007fb2d8600000)
   the space 4281788K,  80% used [0x00007fa82db50000, 0x00007fa8ff5f48d8, 0x00007fa8ff5f4a00, 0x00007fa9330bf000)
 Metaspace       used 30628K, capacity 30988K, committed 31232K, reserved 32768K
}
Event: 235.247 GC heap after
{Heap after GC invocations=117 (full 33):
 def new generation   total 1926848K, used 149946K [0x00007fa2d8600000, 0x00007fa35b0c0000, 0x00007fa82db50000)
  eden space 1712768K,   0% used [0x00007fa2d8600000, 0x00007fa2d8600000, 0x00007fa340ea0000)
  from space 214080K,  70% used [0x00007fa340ea0000, 0x00007fa34a10e990, 0x00007fa34dfb0000)
  to   space 214080K,   0% used [0x00007fa34dfb0000, 0x00007fa34dfb0000, 0x00007fa35b0c0000)
 tenured generation   total 4281788K, used 3563972K [0x00007fa82db50000, 0x00007fa9330bf000, 0x00007fb2d8600000)
   the space 4281788K,  83% used [0x00007fa82db50000, 0x00007fa9073c1280, 0x00007fa9073c1400, 0x00007fa9330bf000)
 Metaspace       used 30628K, capacity 30988K, committed 31232K, reserved 32768K
}
Event: 235.727 GC heap before
{Heap before GC invocations=117 (full 33):
 def new generation   total 1926848K, used 1862714K [0x00007fa2d8600000, 0x00007fa35b0c0000, 0x00007fa82db50000)
  eden space 1712768K, 100% used [0x00007fa2d8600000, 0x00007fa340ea0000, 0x00007fa340ea0000)
  from space 214080K,  70% used [0x00007fa340ea0000, 0x00007fa34a10e990, 0x00007fa34dfb0000)
  to   space 214080K,   0% used [0x00007fa34dfb0000, 0x00007fa34dfb0000, 0x00007fa35b0c0000)
 tenured generation   total 4281788K, used 3563972K [0x00007fa82db50000, 0x00007fa9330bf000, 0x00007fb2d8600000)
   the space 4281788K,  83% used [0x00007fa82db50000, 0x00007fa9073c1280, 0x00007fa9073c1400, 0x00007fa9330bf000)
 Metaspace       used 30628K, capacity 30988K, committed 31232K, reserved 32768K
}
Event: 236.115 GC heap after
{Heap after GC invocations=118 (full 33):
 def new generation   total 1926848K, used 111774K [0x00007fa2d8600000, 0x00007fa35b0c0000, 0x00007fa82db50000)
  eden space 1712768K,   0% used [0x00007fa2d8600000, 0x00007fa2d8600000, 0x00007fa340ea0000)
  from space 214080K,  52% used [0x00007fa34dfb0000, 0x00007fa354cd7ad8, 0x00007fa35b0c0000)
  to   space 214080K,   0% used [0x00007fa340ea0000, 0x00007fa340ea0000, 0x00007fa34dfb0000)
 tenured generation   total 4281788K, used 3713918K [0x00007fa82db50000, 0x00007fa9330bf000, 0x00007fb2d8600000)
   the space 4281788K,  86% used [0x00007fa82db50000, 0x00007fa91062fbd0, 0x00007fa91062fc00, 0x00007fa9330bf000)
 Metaspace       used 30628K, capacity 30988K, committed 31232K, reserved 32768K
}
Event: 236.599 GC heap before
{Heap before GC invocations=118 (full 33):
 def new generation   total 1926848K, used 1824542K [0x00007fa2d8600000, 0x00007fa35b0c0000, 0x00007fa82db50000)
  eden space 1712768K, 100% used [0x00007fa2d8600000, 0x00007fa340ea0000, 0x00007fa340ea0000)
  from space 214080K,  52% used [0x00007fa34dfb0000, 0x00007fa354cd7ad8, 0x00007fa35b0c0000)
  to   space 214080K,   0% used [0x00007fa340ea0000, 0x00007fa340ea0000, 0x00007fa34dfb0000)
 tenured generation   total 4281788K, used 3713918K [0x00007fa82db50000, 0x00007fa9330bf000, 0x00007fb2d8600000)
   the space 4281788K,  86% used [0x00007fa82db50000, 0x00007fa91062fbd0, 0x00007fa91062fc00, 0x00007fa9330bf000)
 Metaspace       used 30628K, capacity 30988K, committed 31232K, reserved 32768K
}
Event: 237.031 GC heap after
{Heap after GC invocations=119 (full 33):
 def new generation   total 1926848K, used 138525K [0x00007fa2d8600000, 0x00007fa35b0c0000, 0x00007fa82db50000)
  eden space 1712768K,   0% used [0x00007fa2d8600000, 0x00007fa2d8600000, 0x00007fa340ea0000)
  from space 214080K,  64% used [0x00007fa340ea0000, 0x00007fa3495e75d0, 0x00007fa34dfb0000)
  to   space 214080K,   0% used [0x00007fa34dfb0000, 0x00007fa34dfb0000, 0x00007fa35b0c0000)
 tenured generation   total 4281788K, used 3825692K [0x00007fa82db50000, 0x00007fa9330bf000, 0x00007fb2d8600000)
   the space 4281788K,  89% used [0x00007fa82db50000, 0x00007fa9173572a8, 0x00007fa917357400, 0x00007fa9330bf000)
 Metaspace       used 30628K, capacity 30988K, committed 31232K, reserved 32768K
}
Event: 237.477 GC heap before
{Heap before GC invocations=119 (full 33):
 def new generation   total 1926848K, used 1851293K [0x00007fa2d8600000, 0x00007fa35b0c0000, 0x00007fa82db50000)
  eden space 1712768K, 100% used [0x00007fa2d8600000, 0x00007fa340ea0000, 0x00007fa340ea0000)
  from space 214080K,  64% used [0x00007fa340ea0000, 0x00007fa3495e75d0, 0x00007fa34dfb0000)
  to   space 214080K,   0% used [0x00007fa34dfb0000, 0x00007fa34dfb0000, 0x00007fa35b0c0000)
 tenured generation   total 4281788K, used 3825692K [0x00007fa82db50000, 0x00007fa9330bf000, 0x00007fb2d8600000)
   the space 4281788K,  89% used [0x00007fa82db50000, 0x00007fa9173572a8, 0x00007fa917357400, 0x00007fa9330bf000)
 Metaspace       used 30628K, capacity 30988K, committed 31232K, reserved 32768K
}
Event: 237.923 GC heap after
{Heap after GC invocations=120 (full 33):
 def new generation   total 1926848K, used 137960K [0x00007fa2d8600000, 0x00007fa35b0c0000, 0x00007fa82db50000)
  eden space 1712768K,   0% used [0x00007fa2d8600000, 0x00007fa2d8600000, 0x00007fa340ea0000)
  from space 214080K,  64% used [0x00007fa34dfb0000, 0x00007fa35666a070, 0x00007fa35b0c0000)
  to   space 214080K,   0% used [0x00007fa340ea0000, 0x00007fa340ea0000, 0x00007fa34dfb0000)
 tenured generation   total 4281788K, used 3964216K [0x00007fa82db50000, 0x00007fa9330bf000, 0x00007fb2d8600000)
   the space 4281788K,  92% used [0x00007fa82db50000, 0x00007fa91fa9e378, 0x00007fa91fa9e400, 0x00007fa9330bf000)
 Metaspace       used 30628K, capacity 30988K, committed 31232K, reserved 32768K
}
Event: 238.403 GC heap before
{Heap before GC invocations=120 (full 33):
 def new generation   total 1926848K, used 1850728K [0x00007fa2d8600000, 0x00007fa35b0c0000, 0x00007fa82db50000)
  eden space 1712768K, 100% used [0x00007fa2d8600000, 0x00007fa340ea0000, 0x00007fa340ea0000)
  from space 214080K,  64% used [0x00007fa34dfb0000, 0x00007fa35666a070, 0x00007fa35b0c0000)
  to   space 214080K,   0% used [0x00007fa340ea0000, 0x00007fa340ea0000, 0x00007fa34dfb0000)
 tenured generation   total 4281788K, used 3964216K [0x00007fa82db50000, 0x00007fa9330bf000, 0x00007fb2d8600000)
   the space 4281788K,  92% used [0x00007fa82db50000, 0x00007fa91fa9e378, 0x00007fa91fa9e400, 0x00007fa9330bf000)
 Metaspace       used 30628K, capacity 30988K, committed 31232K, reserved 32768K
}
Event: 238.827 GC heap after
{Heap after GC invocations=121 (full 33):
 def new generation   total 1926848K, used 114645K [0x00007fa2d8600000, 0x00007fa35b0c0000, 0x00007fa82db50000)
  eden space 1712768K,   0% used [0x00007fa2d8600000, 0x00007fa2d8600000, 0x00007fa340ea0000)
  from space 214080K,  53% used [0x00007fa340ea0000, 0x00007fa347e95728, 0x00007fa34dfb0000)
  to   space 214080K,   0% used [0x00007fa34dfb0000, 0x00007fa34dfb0000, 0x00007fa35b0c0000)
 tenured generation   total 4281788K, used 4102176K [0x00007fa82db50000, 0x00007fa9330bf000, 0x00007fb2d8600000)
   the space 4281788K,  95% used [0x00007fa82db50000, 0x00007fa928158178, 0x00007fa928158200, 0x00007fa9330bf000)
 Metaspace       used 30628K, capacity 30988K, committed 31232K, reserved 32768K
}
Event: 239.326 GC heap before
{Heap before GC invocations=121 (full 33):
 def new generation   total 1926848K, used 1827413K [0x00007fa2d8600000, 0x00007fa35b0c0000, 0x00007fa82db50000)
  eden space 1712768K, 100% used [0x00007fa2d8600000, 0x00007fa340ea0000, 0x00007fa340ea0000)
  from space 214080K,  53% used [0x00007fa340ea0000, 0x00007fa347e95728, 0x00007fa34dfb0000)
  to   space 214080K,   0% used [0x00007fa34dfb0000, 0x00007fa34dfb0000, 0x00007fa35b0c0000)
 tenured generation   total 4281788K, used 4102176K [0x00007fa82db50000, 0x00007fa9330bf000, 0x00007fb2d8600000)
   the space 4281788K,  95% used [0x00007fa82db50000, 0x00007fa928158178, 0x00007fa928158200, 0x00007fa9330bf000)
 Metaspace       used 30628K, capacity 30988K, committed 31232K, reserved 32768K
}
Event: 239.776 GC heap after
{Heap after GC invocations=122 (full 33):
 def new generation   total 1926848K, used 130827K [0x00007fa2d8600000, 0x00007fa35b0c0000, 0x00007fa82db50000)
  eden space 1712768K,   0% used [0x00007fa2d8600000, 0x00007fa2d8600000, 0x00007fa340ea0000)
  from space 214080K,  61% used [0x00007fa34dfb0000, 0x00007fa355f72d70, 0x00007fa35b0c0000)
  to   space 214080K,   0% used [0x00007fa340ea0000, 0x00007fa340ea0000, 0x00007fa34dfb0000)
 tenured generation   total 4281788K, used 4216821K [0x00007fa82db50000, 0x00007fa9330bf000, 0x00007fb2d8600000)
   the space 4281788K,  98% used [0x00007fa82db50000, 0x00007fa92f14d6e0, 0x00007fa92f14d800, 0x00007fa9330bf000)
 Metaspace       used 30628K, capacity 30988K, committed 31232K, reserved 32768K
}
Event: 240.297 GC heap before
{Heap before GC invocations=122 (full 33):
 def new generation   total 1926848K, used 1843595K [0x00007fa2d8600000, 0x00007fa35b0c0000, 0x00007fa82db50000)
  eden space 1712768K, 100% used [0x00007fa2d8600000, 0x00007fa340ea0000, 0x00007fa340ea0000)
  from space 214080K,  61% used [0x00007fa34dfb0000, 0x00007fa355f72d70, 0x00007fa35b0c0000)
  to   space 214080K,   0% used [0x00007fa340ea0000, 0x00007fa340ea0000, 0x00007fa34dfb0000)
 tenured generation   total 4281788K, used 4216821K [0x00007fa82db50000, 0x00007fa9330bf000, 0x00007fb2d8600000)
   the space 4281788K,  98% used [0x00007fa82db50000, 0x00007fa92f14d6e0, 0x00007fa92f14d800, 0x00007fa9330bf000)
 Metaspace       used 30628K, capacity 30988K, committed 31232K, reserved 32768K
}
Event: 240.815 GC heap after
{Heap after GC invocations=123 (full 33):
 def new generation   total 1926848K, used 134669K [0x00007fa2d8600000, 0x00007fa35b0c0000, 0x00007fa82db50000)
  eden space 1712768K,   0% used [0x00007fa2d8600000, 0x00007fa2d8600000, 0x00007fa340ea0000)
  from space 214080K,  62% used [0x00007fa340ea0000, 0x00007fa349223748, 0x00007fa34dfb0000)
  to   space 214080K,   0% used [0x00007fa34dfb0000, 0x00007fa34dfb0000, 0x00007fa35b0c0000)
 tenured generation   total 4347836K, used 4347648K [0x00007fa82db50000, 0x00007fa93713f000, 0x00007fb2d8600000)
   the space 4347836K,  99% used [0x00007fa82db50000, 0x00007fa937110350, 0x00007fa937110400, 0x00007fa93713f000)
 Metaspace       used 30628K, capacity 30988K, committed 31232K, reserved 32768K
}
Event: 240.815 GC heap before
{Heap before GC invocations=123 (full 33):
 def new generation   total 1926848K, used 134669K [0x00007fa2d8600000, 0x00007fa35b0c0000, 0x00007fa82db50000)
  eden space 1712768K,   0% used [0x00007fa2d8600000, 0x00007fa2d8600000, 0x00007fa340ea0000)
  from space 214080K,  62% used [0x00007fa340ea0000, 0x00007fa349223748, 0x00007fa34dfb0000)
  to   space 214080K,   0% used [0x00007fa34dfb0000, 0x00007fa34dfb0000, 0x00007fa35b0c0000)
 tenured generation   total 4347836K, used 4347648K [0x00007fa82db50000, 0x00007fa93713f000, 0x00007fb2d8600000)
   the space 4347836K,  99% used [0x00007fa82db50000, 0x00007fa937110350, 0x00007fa937110400, 0x00007fa93713f000)
 Metaspace       used 30628K, capacity 30988K, committed 31232K, reserved 32768K
}

