# JRE version: OpenJDK Runtime Environment (13.0.7+5) (build 13.0.7+5-Ubuntu-0ubuntu120.04)
# Java VM: OpenJDK 64-Bit Server VM (13.0.7+5-Ubuntu-0ubuntu120.04, mixed mode, tiered, serial gc, linux-amd64)
Heap:
 def new generation   total 6536256K, used 0K [0x00007fa374600000, 0x00007fa52fa40000, 0x00007fa8c9b50000)
  eden space 5810048K,   0% used [0x00007fa374600000, 0x00007fa374600000, 0x00007fa4d6fe0000)
  from space 726208K,   0% used [0x00007fa4d6fe0000, 0x00007fa4d6fe0000, 0x00007fa503510000)
  to   space 726208K,   0% used [0x00007fa503510000, 0x00007fa503510000, 0x00007fa52fa40000)
 tenured generation   total 14550412K, used 13553489K [0x00007fa8c9b50000, 0x00007fac41cb3000, 0x00007fb374600000)
   the space 14550412K,  93% used [0x00007fa8c9b50000, 0x00007fac04f24748, 0x00007fac04f24800, 0x00007fac41cb3000)
 Metaspace       used 30370K, capacity 30762K, committed 30976K, reserved 32768K
GC Heap History (20 events):
Event: 1037.726 GC heap after
{Heap after GC invocations=76 (full 7):
 def new generation   total 6536256K, used 458946K [0x00007fa374600000, 0x00007fa52fa40000, 0x00007fa8c9b50000)
  eden space 5810048K,   0% used [0x00007fa374600000, 0x00007fa374600000, 0x00007fa4d6fe0000)
  from space 726208K,  63% used [0x00007fa503510000, 0x00007fa51f540b70, 0x00007fa52fa40000)
  to   space 726208K,   0% used [0x00007fa4d6fe0000, 0x00007fa4d6fe0000, 0x00007fa503510000)
 tenured generation   total 14524876K, used 10303251K [0x00007fa8c9b50000, 0x00007fac403c3000, 0x00007fb374600000)
   the space 14524876K,  70% used [0x00007fa8c9b50000, 0x00007fab3e914cf8, 0x00007fab3e914e00, 0x00007fac403c3000)
 Metaspace       used 30370K, capacity 30762K, committed 30976K, reserved 32768K
}
Event: 1039.397 GC heap before
{Heap before GC invocations=76 (full 7):
 def new generation   total 6536256K, used 6268994K [0x00007fa374600000, 0x00007fa52fa40000, 0x00007fa8c9b50000)
  eden space 5810048K, 100% used [0x00007fa374600000, 0x00007fa4d6fe0000, 0x00007fa4d6fe0000)
  from space 726208K,  63% used [0x00007fa503510000, 0x00007fa51f540b70, 0x00007fa52fa40000)
  to   space 726208K,   0% used [0x00007fa4d6fe0000, 0x00007fa4d6fe0000, 0x00007fa503510000)
 tenured generation   total 14524876K, used 10303251K [0x00007fa8c9b50000, 0x00007fac403c3000, 0x00007fb374600000)
   the space 14524876K,  70% used [0x00007fa8c9b50000, 0x00007fab3e914cf8, 0x00007fab3e914e00, 0x00007fac403c3000)
 Metaspace       used 30370K, capacity 30762K, committed 30976K, reserved 32768K
}
Event: 1040.473 GC heap after
{Heap after GC invocations=77 (full 7):
 def new generation   total 6536256K, used 456241K [0x00007fa374600000, 0x00007fa52fa40000, 0x00007fa8c9b50000)
  eden space 5810048K,   0% used [0x00007fa374600000, 0x00007fa374600000, 0x00007fa4d6fe0000)
  from space 726208K,  62% used [0x00007fa4d6fe0000, 0x00007fa4f2d6c4a8, 0x00007fa503510000)
  to   space 726208K,   0% used [0x00007fa503510000, 0x00007fa503510000, 0x00007fa52fa40000)
 tenured generation   total 14524876K, used 10762197K [0x00007fa8c9b50000, 0x00007fac403c3000, 0x00007fb374600000)
   the space 14524876K,  74% used [0x00007fa8c9b50000, 0x00007fab5a945518, 0x00007fab5a945600, 0x00007fac403c3000)
 Metaspace       used 30370K, capacity 30762K, committed 30976K, reserved 32768K
}
Event: 1042.165 GC heap before
{Heap before GC invocations=77 (full 7):
 def new generation   total 6536256K, used 6266289K [0x00007fa374600000, 0x00007fa52fa40000, 0x00007fa8c9b50000)
  eden space 5810048K, 100% used [0x00007fa374600000, 0x00007fa4d6fe0000, 0x00007fa4d6fe0000)
  from space 726208K,  62% used [0x00007fa4d6fe0000, 0x00007fa4f2d6c4a8, 0x00007fa503510000)
  to   space 726208K,   0% used [0x00007fa503510000, 0x00007fa503510000, 0x00007fa52fa40000)
 tenured generation   total 14524876K, used 10762197K [0x00007fa8c9b50000, 0x00007fac403c3000, 0x00007fb374600000)
   the space 14524876K,  74% used [0x00007fa8c9b50000, 0x00007fab5a945518, 0x00007fab5a945600, 0x00007fac403c3000)
 Metaspace       used 30370K, capacity 30762K, committed 30976K, reserved 32768K
}
Event: 1043.222 GC heap after
{Heap after GC invocations=78 (full 7):
 def new generation   total 6536256K, used 448803K [0x00007fa374600000, 0x00007fa52fa40000, 0x00007fa8c9b50000)
  eden space 5810048K,   0% used [0x00007fa374600000, 0x00007fa374600000, 0x00007fa4d6fe0000)
  from space 726208K,  61% used [0x00007fa503510000, 0x00007fa51eb58c48, 0x00007fa52fa40000)
  to   space 726208K,   0% used [0x00007fa4d6fe0000, 0x00007fa4d6fe0000, 0x00007fa503510000)
 tenured generation   total 14524876K, used 11218438K [0x00007fa8c9b50000, 0x00007fac403c3000, 0x00007fb374600000)
   the space 14524876K,  77% used [0x00007fa8c9b50000, 0x00007fab766d19c0, 0x00007fab766d1a00, 0x00007fac403c3000)
 Metaspace       used 30370K, capacity 30762K, committed 30976K, reserved 32768K
}
Event: 1044.913 GC heap before
{Heap before GC invocations=78 (full 7):
 def new generation   total 6536256K, used 6258851K [0x00007fa374600000, 0x00007fa52fa40000, 0x00007fa8c9b50000)
  eden space 5810048K, 100% used [0x00007fa374600000, 0x00007fa4d6fe0000, 0x00007fa4d6fe0000)
  from space 726208K,  61% used [0x00007fa503510000, 0x00007fa51eb58c48, 0x00007fa52fa40000)
  to   space 726208K,   0% used [0x00007fa4d6fe0000, 0x00007fa4d6fe0000, 0x00007fa503510000)
 tenured generation   total 14524876K, used 11218438K [0x00007fa8c9b50000, 0x00007fac403c3000, 0x00007fb374600000)
   the space 14524876K,  77% used [0x00007fa8c9b50000, 0x00007fab766d19c0, 0x00007fab766d1a00, 0x00007fac403c3000)
 Metaspace       used 30370K, capacity 30762K, committed 30976K, reserved 32768K
}
Event: 1045.981 GC heap after
{Heap after GC invocations=79 (full 7):
 def new generation   total 6536256K, used 457943K [0x00007fa374600000, 0x00007fa52fa40000, 0x00007fa8c9b50000)
  eden space 5810048K,   0% used [0x00007fa374600000, 0x00007fa374600000, 0x00007fa4d6fe0000)
  from space 726208K,  63% used [0x00007fa4d6fe0000, 0x00007fa4f2f15d20, 0x00007fa503510000)
  to   space 726208K,   0% used [0x00007fa503510000, 0x00007fa503510000, 0x00007fa52fa40000)
 tenured generation   total 14524876K, used 11667240K [0x00007fa8c9b50000, 0x00007fac403c3000, 0x00007fb374600000)
   the space 14524876K,  80% used [0x00007fa8c9b50000, 0x00007fab91d1a1f8, 0x00007fab91d1a200, 0x00007fac403c3000)
 Metaspace       used 30370K, capacity 30762K, committed 30976K, reserved 32768K
}
Event: 1047.651 GC heap before
{Heap before GC invocations=79 (full 7):
 def new generation   total 6536256K, used 6267991K [0x00007fa374600000, 0x00007fa52fa40000, 0x00007fa8c9b50000)
  eden space 5810048K, 100% used [0x00007fa374600000, 0x00007fa4d6fe0000, 0x00007fa4d6fe0000)
  from space 726208K,  63% used [0x00007fa4d6fe0000, 0x00007fa4f2f15d20, 0x00007fa503510000)
  to   space 726208K,   0% used [0x00007fa503510000, 0x00007fa503510000, 0x00007fa52fa40000)
 tenured generation   total 14524876K, used 11667240K [0x00007fa8c9b50000, 0x00007fac403c3000, 0x00007fb374600000)
   the space 14524876K,  80% used [0x00007fa8c9b50000, 0x00007fab91d1a1f8, 0x00007fab91d1a200, 0x00007fac403c3000)
 Metaspace       used 30370K, capacity 30762K, committed 30976K, reserved 32768K
}
Event: 1048.744 GC heap after
{Heap after GC invocations=80 (full 7):
 def new generation   total 6536256K, used 469004K [0x00007fa374600000, 0x00007fa52fa40000, 0x00007fa8c9b50000)
  eden space 5810048K,   0% used [0x00007fa374600000, 0x00007fa374600000, 0x00007fa4d6fe0000)
  from space 726208K,  64% used [0x00007fa503510000, 0x00007fa51ff131d0, 0x00007fa52fa40000)
  to   space 726208K,   0% used [0x00007fa4d6fe0000, 0x00007fa4d6fe0000, 0x00007fa503510000)
 tenured generation   total 14524876K, used 12125182K [0x00007fa8c9b50000, 0x00007fac403c3000, 0x00007fb374600000)
   the space 14524876K,  83% used [0x00007fa8c9b50000, 0x00007fabadc4fb88, 0x00007fabadc4fc00, 0x00007fac403c3000)
 Metaspace       used 30370K, capacity 30762K, committed 30976K, reserved 32768K
}
Event: 1050.425 GC heap before
{Heap before GC invocations=80 (full 7):
 def new generation   total 6536256K, used 6279052K [0x00007fa374600000, 0x00007fa52fa40000, 0x00007fa8c9b50000)
  eden space 5810048K, 100% used [0x00007fa374600000, 0x00007fa4d6fe0000, 0x00007fa4d6fe0000)
  from space 726208K,  64% used [0x00007fa503510000, 0x00007fa51ff131d0, 0x00007fa52fa40000)
  to   space 726208K,   0% used [0x00007fa4d6fe0000, 0x00007fa4d6fe0000, 0x00007fa503510000)
 tenured generation   total 14524876K, used 12125182K [0x00007fa8c9b50000, 0x00007fac403c3000, 0x00007fb374600000)
   the space 14524876K,  83% used [0x00007fa8c9b50000, 0x00007fabadc4fb88, 0x00007fabadc4fc00, 0x00007fac403c3000)
 Metaspace       used 30370K, capacity 30762K, committed 30976K, reserved 32768K
}
Event: 1051.550 GC heap after
{Heap after GC invocations=81 (full 7):
 def new generation   total 6536256K, used 480009K [0x00007fa374600000, 0x00007fa52fa40000, 0x00007fa8c9b50000)
  eden space 5810048K,   0% used [0x00007fa374600000, 0x00007fa374600000, 0x00007fa4d6fe0000)
  from space 726208K,  66% used [0x00007fa4d6fe0000, 0x00007fa4f44a2740, 0x00007fa503510000)
  to   space 726208K,   0% used [0x00007fa503510000, 0x00007fa503510000, 0x00007fa52fa40000)
 tenured generation   total 14524876K, used 12594187K [0x00007fa8c9b50000, 0x00007fac403c3000, 0x00007fb374600000)
   the space 14524876K,  86% used [0x00007fa8c9b50000, 0x00007fabca652c28, 0x00007fabca652e00, 0x00007fac403c3000)
 Metaspace       used 30370K, capacity 30762K, committed 30976K, reserved 32768K
}
Event: 1053.112 GC heap before
{Heap before GC invocations=81 (full 7):
 def new generation   total 6536256K, used 6290057K [0x00007fa374600000, 0x00007fa52fa40000, 0x00007fa8c9b50000)
  eden space 5810048K, 100% used [0x00007fa374600000, 0x00007fa4d6fe0000, 0x00007fa4d6fe0000)
  from space 726208K,  66% used [0x00007fa4d6fe0000, 0x00007fa4f44a2740, 0x00007fa503510000)
  to   space 726208K,   0% used [0x00007fa503510000, 0x00007fa503510000, 0x00007fa52fa40000)
 tenured generation   total 14524876K, used 12594187K [0x00007fa8c9b50000, 0x00007fac403c3000, 0x00007fb374600000)
   the space 14524876K,  86% used [0x00007fa8c9b50000, 0x00007fabca652c28, 0x00007fabca652e00, 0x00007fac403c3000)
 Metaspace       used 30370K, capacity 30762K, committed 30976K, reserved 32768K
}
Event: 1054.460 GC heap after
{Heap after GC invocations=82 (full 7):
 def new generation   total 6536256K, used 593084K [0x00007fa374600000, 0x00007fa52fa40000, 0x00007fa8c9b50000)
  eden space 5810048K,   0% used [0x00007fa374600000, 0x00007fa374600000, 0x00007fa4d6fe0000)
  from space 726208K,  81% used [0x00007fa503510000, 0x00007fa52783f310, 0x00007fa52fa40000)
  to   space 726208K,   0% used [0x00007fa4d6fe0000, 0x00007fa4d6fe0000, 0x00007fa503510000)
 tenured generation   total 14524876K, used 13074196K [0x00007fa8c9b50000, 0x00007fac403c3000, 0x00007fb374600000)
   the space 14524876K,  90% used [0x00007fa8c9b50000, 0x00007fabe7b15318, 0x00007fabe7b15400, 0x00007fac403c3000)
 Metaspace       used 30370K, capacity 30762K, committed 30976K, reserved 32768K
}
Event: 1056.115 GC heap before
{Heap before GC invocations=82 (full 7):
 def new generation   total 6536256K, used 6403132K [0x00007fa374600000, 0x00007fa52fa40000, 0x00007fa8c9b50000)
  eden space 5810048K, 100% used [0x00007fa374600000, 0x00007fa4d6fe0000, 0x00007fa4d6fe0000)
  from space 726208K,  81% used [0x00007fa503510000, 0x00007fa52783f310, 0x00007fa52fa40000)
  to   space 726208K,   0% used [0x00007fa4d6fe0000, 0x00007fa4d6fe0000, 0x00007fa503510000)
 tenured generation   total 14524876K, used 13074196K [0x00007fa8c9b50000, 0x00007fac403c3000, 0x00007fb374600000)
   the space 14524876K,  90% used [0x00007fa8c9b50000, 0x00007fabe7b15318, 0x00007fabe7b15400, 0x00007fac403c3000)
 Metaspace       used 30370K, capacity 30762K, committed 30976K, reserved 32768K
}
Event: 1057.305 GC heap after
{Heap after GC invocations=83 (full 7):
 def new generation   total 6536256K, used 461980K [0x00007fa374600000, 0x00007fa52fa40000, 0x00007fa8c9b50000)
  eden space 5810048K,   0% used [0x00007fa374600000, 0x00007fa374600000, 0x00007fa4d6fe0000)
  from space 726208K,  63% used [0x00007fa4d6fe0000, 0x00007fa4f3307088, 0x00007fa503510000)
  to   space 726208K,   0% used [0x00007fa503510000, 0x00007fa503510000, 0x00007fa52fa40000)
 tenured generation   total 14524876K, used 13667281K [0x00007fa8c9b50000, 0x00007fac403c3000, 0x00007fb374600000)
   the space 14524876K,  94% used [0x00007fa8c9b50000, 0x00007fac0be44548, 0x00007fac0be44600, 0x00007fac403c3000)
 Metaspace       used 30370K, capacity 30762K, committed 30976K, reserved 32768K
}
Event: 1058.974 GC heap before
{Heap before GC invocations=83 (full 7):
 def new generation   total 6536256K, used 6272028K [0x00007fa374600000, 0x00007fa52fa40000, 0x00007fa8c9b50000)
  eden space 5810048K, 100% used [0x00007fa374600000, 0x00007fa4d6fe0000, 0x00007fa4d6fe0000)
  from space 726208K,  63% used [0x00007fa4d6fe0000, 0x00007fa4f3307088, 0x00007fa503510000)
  to   space 726208K,   0% used [0x00007fa503510000, 0x00007fa503510000, 0x00007fa52fa40000)
 tenured generation   total 14524876K, used 13667281K [0x00007fa8c9b50000, 0x00007fac403c3000, 0x00007fb374600000)
   the space 14524876K,  94% used [0x00007fa8c9b50000, 0x00007fac0be44548, 0x00007fac0be44600, 0x00007fac403c3000)
 Metaspace       used 30370K, capacity 30762K, committed 30976K, reserved 32768K
}
Event: 1059.995 GC heap after
{Heap after GC invocations=84 (full 7):
 def new generation   total 6536256K, used 420966K [0x00007fa374600000, 0x00007fa52fa40000, 0x00007fa8c9b50000)
  eden space 5810048K,   0% used [0x00007fa374600000, 0x00007fa374600000, 0x00007fa4d6fe0000)
  from space 726208K,  57% used [0x00007fa503510000, 0x00007fa51d029ba8, 0x00007fa52fa40000)
  to   space 726208K,   0% used [0x00007fa4d6fe0000, 0x00007fa4d6fe0000, 0x00007fa503510000)
 tenured generation   total 14524876K, used 14129261K [0x00007fa8c9b50000, 0x00007fac403c3000, 0x00007fb374600000)
   the space 14524876K,  97% used [0x00007fa8c9b50000, 0x00007fac2816b530, 0x00007fac2816b600, 0x00007fac403c3000)
 Metaspace       used 30370K, capacity 30762K, committed 30976K, reserved 32768K
}
Event: 1061.672 GC heap before
{Heap before GC invocations=84 (full 7):
 def new generation   total 6536256K, used 6231014K [0x00007fa374600000, 0x00007fa52fa40000, 0x00007fa8c9b50000)
  eden space 5810048K, 100% used [0x00007fa374600000, 0x00007fa4d6fe0000, 0x00007fa4d6fe0000)
  from space 726208K,  57% used [0x00007fa503510000, 0x00007fa51d029ba8, 0x00007fa52fa40000)
  to   space 726208K,   0% used [0x00007fa4d6fe0000, 0x00007fa4d6fe0000, 0x00007fa503510000)
 tenured generation   total 14524876K, used 14129261K [0x00007fa8c9b50000, 0x00007fac403c3000, 0x00007fb374600000)
   the space 14524876K,  97% used [0x00007fa8c9b50000, 0x00007fac2816b530, 0x00007fac2816b600, 0x00007fac403c3000)
 Metaspace       used 30370K, capacity 30762K, committed 30976K, reserved 32768K
}
Event: 1062.684 GC heap after
{Heap after GC invocations=85 (full 7):
 def new generation   total 6536256K, used 427577K [0x00007fa374600000, 0x00007fa52fa40000, 0x00007fa8c9b50000)
  eden space 5810048K,   0% used [0x00007fa374600000, 0x00007fa374600000, 0x00007fa4d6fe0000)
  from space 726208K,  58% used [0x00007fa4d6fe0000, 0x00007fa4f116e550, 0x00007fa503510000)
  to   space 726208K,   0% used [0x00007fa503510000, 0x00007fa503510000, 0x00007fa52fa40000)
 tenured generation   total 14550412K, used 14550227K [0x00007fa8c9b50000, 0x00007fac41cb3000, 0x00007fb374600000)
   the space 14550412K,  99% used [0x00007fa8c9b50000, 0x00007fac41c84ff8, 0x00007fac41c85000, 0x00007fac41cb3000)
 Metaspace       used 30370K, capacity 30762K, committed 30976K, reserved 32768K
}
Event: 1062.684 GC heap before
{Heap before GC invocations=85 (full 7):
 def new generation   total 6536256K, used 427577K [0x00007fa374600000, 0x00007fa52fa40000, 0x00007fa8c9b50000)
  eden space 5810048K,   0% used [0x00007fa374600000, 0x00007fa374600000, 0x00007fa4d6fe0000)
  from space 726208K,  58% used [0x00007fa4d6fe0000, 0x00007fa4f116e550, 0x00007fa503510000)
  to   space 726208K,   0% used [0x00007fa503510000, 0x00007fa503510000, 0x00007fa52fa40000)
 tenured generation   total 14550412K, used 14550227K [0x00007fa8c9b50000, 0x00007fac41cb3000, 0x00007fb374600000)
   the space 14550412K,  99% used [0x00007fa8c9b50000, 0x00007fac41c84ff8, 0x00007fac41c85000, 0x00007fac41cb3000)
 Metaspace       used 30370K, capacity 30762K, committed 30976K, reserved 32768K
}

