# JRE version: OpenJDK Runtime Environment (13.0.7+5) (build 13.0.7+5-Ubuntu-0ubuntu120.04)
# Java VM: OpenJDK 64-Bit Server VM (13.0.7+5-Ubuntu-0ubuntu120.04, mixed mode, tiered, serial gc, linux-amd64)
Heap:
 def new generation   total 2935104K, used 223336K [0x00007f5b88600000, 0x00007f5c4f6c0000, 0x00007f60ddb50000)
  eden space 2609024K,   8% used [0x00007f5b88600000, 0x00007f5b9601a160, 0x00007f5c279e0000)
  from space 326080K,   0% used [0x00007f5c3b850000, 0x00007f5c3b850000, 0x00007f5c4f6c0000)
  to   space 326080K,   0% used [0x00007f5c279e0000, 0x00007f5c279e0000, 0x00007f5c3b850000)
 tenured generation   total 6538828K, used 6538827K [0x00007f60ddb50000, 0x00007f626cce3000, 0x00007f6b88600000)
   the space 6538828K,  99% used [0x00007f60ddb50000, 0x00007f626cce2fe0, 0x00007f626cce3000, 0x00007f626cce3000)
 Metaspace       used 30494K, capacity 30864K, committed 30976K, reserved 32768K
GC Heap History (20 events):
Event: 118.055 GC heap after
{Heap after GC invocations=66 (full 6):
 def new generation   total 2935104K, used 199629K [0x00007f5b88600000, 0x00007f5c4f6c0000, 0x00007f60ddb50000)
  eden space 2609024K,   0% used [0x00007f5b88600000, 0x00007f5b88600000, 0x00007f5c279e0000)
  from space 326080K,  61% used [0x00007f5c279e0000, 0x00007f5c33cd37a8, 0x00007f5c3b850000)
  to   space 326080K,   0% used [0x00007f5c3b850000, 0x00007f5c3b850000, 0x00007f5c4f6c0000)
 tenured generation   total 6522316K, used 4645870K [0x00007f60ddb50000, 0x00007f626bcc3000, 0x00007f6b88600000)
   the space 6522316K,  71% used [0x00007f60ddb50000, 0x00007f61f944bb18, 0x00007f61f944bc00, 0x00007f626bcc3000)
 Metaspace       used 30494K, capacity 30864K, committed 30976K, reserved 32768K
}
Event: 118.760 GC heap before
{Heap before GC invocations=66 (full 6):
 def new generation   total 2935104K, used 2808653K [0x00007f5b88600000, 0x00007f5c4f6c0000, 0x00007f60ddb50000)
  eden space 2609024K, 100% used [0x00007f5b88600000, 0x00007f5c279e0000, 0x00007f5c279e0000)
  from space 326080K,  61% used [0x00007f5c279e0000, 0x00007f5c33cd37a8, 0x00007f5c3b850000)
  to   space 326080K,   0% used [0x00007f5c3b850000, 0x00007f5c3b850000, 0x00007f5c4f6c0000)
 tenured generation   total 6522316K, used 4645870K [0x00007f60ddb50000, 0x00007f626bcc3000, 0x00007f6b88600000)
   the space 6522316K,  71% used [0x00007f60ddb50000, 0x00007f61f944bb18, 0x00007f61f944bc00, 0x00007f626bcc3000)
 Metaspace       used 30494K, capacity 30864K, committed 30976K, reserved 32768K
}
Event: 119.463 GC heap after
{Heap after GC invocations=67 (full 6):
 def new generation   total 2935104K, used 209123K [0x00007f5b88600000, 0x00007f5c4f6c0000, 0x00007f60ddb50000)
  eden space 2609024K,   0% used [0x00007f5b88600000, 0x00007f5b88600000, 0x00007f5c279e0000)
  from space 326080K,  64% used [0x00007f5c3b850000, 0x00007f5c48488d58, 0x00007f5c4f6c0000)
  to   space 326080K,   0% used [0x00007f5c279e0000, 0x00007f5c279e0000, 0x00007f5c3b850000)
 tenured generation   total 6522316K, used 4845500K [0x00007f60ddb50000, 0x00007f626bcc3000, 0x00007f6b88600000)
   the space 6522316K,  74% used [0x00007f60ddb50000, 0x00007f620573f170, 0x00007f620573f200, 0x00007f626bcc3000)
 Metaspace       used 30494K, capacity 30864K, committed 30976K, reserved 32768K
}
Event: 120.169 GC heap before
{Heap before GC invocations=67 (full 6):
 def new generation   total 2935104K, used 2818147K [0x00007f5b88600000, 0x00007f5c4f6c0000, 0x00007f60ddb50000)
  eden space 2609024K, 100% used [0x00007f5b88600000, 0x00007f5c279e0000, 0x00007f5c279e0000)
  from space 326080K,  64% used [0x00007f5c3b850000, 0x00007f5c48488d58, 0x00007f5c4f6c0000)
  to   space 326080K,   0% used [0x00007f5c279e0000, 0x00007f5c279e0000, 0x00007f5c3b850000)
 tenured generation   total 6522316K, used 4845500K [0x00007f60ddb50000, 0x00007f626bcc3000, 0x00007f6b88600000)
   the space 6522316K,  74% used [0x00007f60ddb50000, 0x00007f620573f170, 0x00007f620573f200, 0x00007f626bcc3000)
 Metaspace       used 30494K, capacity 30864K, committed 30976K, reserved 32768K
}
Event: 124.260 GC heap after
{Heap after GC invocations=68 (full 6):
 def new generation   total 2935104K, used 218502K [0x00007f5b88600000, 0x00007f5c4f6c0000, 0x00007f60ddb50000)
  eden space 2609024K,   0% used [0x00007f5b88600000, 0x00007f5b88600000, 0x00007f5c279e0000)
  from space 326080K,  67% used [0x00007f5c279e0000, 0x00007f5c34f41b50, 0x00007f5c3b850000)
  to   space 326080K,   0% used [0x00007f5c3b850000, 0x00007f5c3b850000, 0x00007f5c4f6c0000)
 tenured generation   total 6522316K, used 5054622K [0x00007f60ddb50000, 0x00007f626bcc3000, 0x00007f6b88600000)
   the space 6522316K,  77% used [0x00007f60ddb50000, 0x00007f6212377ac8, 0x00007f6212377c00, 0x00007f626bcc3000)
 Metaspace       used 30494K, capacity 30864K, committed 30976K, reserved 32768K
}
Event: 124.985 GC heap before
{Heap before GC invocations=68 (full 6):
 def new generation   total 2935104K, used 2827526K [0x00007f5b88600000, 0x00007f5c4f6c0000, 0x00007f60ddb50000)
  eden space 2609024K, 100% used [0x00007f5b88600000, 0x00007f5c279e0000, 0x00007f5c279e0000)
  from space 326080K,  67% used [0x00007f5c279e0000, 0x00007f5c34f41b50, 0x00007f5c3b850000)
  to   space 326080K,   0% used [0x00007f5c3b850000, 0x00007f5c3b850000, 0x00007f5c4f6c0000)
 tenured generation   total 6522316K, used 5054622K [0x00007f60ddb50000, 0x00007f626bcc3000, 0x00007f6b88600000)
   the space 6522316K,  77% used [0x00007f60ddb50000, 0x00007f6212377ac8, 0x00007f6212377c00, 0x00007f626bcc3000)
 Metaspace       used 30494K, capacity 30864K, committed 30976K, reserved 32768K
}
Event: 125.588 GC heap after
{Heap after GC invocations=69 (full 6):
 def new generation   total 2935104K, used 190749K [0x00007f5b88600000, 0x00007f5c4f6c0000, 0x00007f60ddb50000)
  eden space 2609024K,   0% used [0x00007f5b88600000, 0x00007f5b88600000, 0x00007f5c279e0000)
  from space 326080K,  58% used [0x00007f5c3b850000, 0x00007f5c47297550, 0x00007f5c4f6c0000)
  to   space 326080K,   0% used [0x00007f5c279e0000, 0x00007f5c279e0000, 0x00007f5c3b850000)
 tenured generation   total 6522316K, used 5273125K [0x00007f60ddb50000, 0x00007f626bcc3000, 0x00007f6b88600000)
   the space 6522316K,  80% used [0x00007f60ddb50000, 0x00007f621f8d9618, 0x00007f621f8d9800, 0x00007f626bcc3000)
 Metaspace       used 30494K, capacity 30864K, committed 30976K, reserved 32768K
}
Event: 126.308 GC heap before
{Heap before GC invocations=69 (full 6):
 def new generation   total 2935104K, used 2799773K [0x00007f5b88600000, 0x00007f5c4f6c0000, 0x00007f60ddb50000)
  eden space 2609024K, 100% used [0x00007f5b88600000, 0x00007f5c279e0000, 0x00007f5c279e0000)
  from space 326080K,  58% used [0x00007f5c3b850000, 0x00007f5c47297550, 0x00007f5c4f6c0000)
  to   space 326080K,   0% used [0x00007f5c279e0000, 0x00007f5c279e0000, 0x00007f5c3b850000)
 tenured generation   total 6522316K, used 5273125K [0x00007f60ddb50000, 0x00007f626bcc3000, 0x00007f6b88600000)
   the space 6522316K,  80% used [0x00007f60ddb50000, 0x00007f621f8d9618, 0x00007f621f8d9800, 0x00007f626bcc3000)
 Metaspace       used 30494K, capacity 30864K, committed 30976K, reserved 32768K
}
Event: 126.974 GC heap after
{Heap after GC invocations=70 (full 6):
 def new generation   total 2935104K, used 220054K [0x00007f5b88600000, 0x00007f5c4f6c0000, 0x00007f60ddb50000)
  eden space 2609024K,   0% used [0x00007f5b88600000, 0x00007f5b88600000, 0x00007f5c279e0000)
  from space 326080K,  67% used [0x00007f5c279e0000, 0x00007f5c350c5a58, 0x00007f5c3b850000)
  to   space 326080K,   0% used [0x00007f5c3b850000, 0x00007f5c3b850000, 0x00007f5c4f6c0000)
 tenured generation   total 6522316K, used 5463874K [0x00007f60ddb50000, 0x00007f626bcc3000, 0x00007f6b88600000)
   the space 6522316K,  83% used [0x00007f60ddb50000, 0x00007f622b320ad8, 0x00007f622b320c00, 0x00007f626bcc3000)
 Metaspace       used 30494K, capacity 30864K, committed 30976K, reserved 32768K
}
Event: 127.693 GC heap before
{Heap before GC invocations=70 (full 6):
 def new generation   total 2935104K, used 2829078K [0x00007f5b88600000, 0x00007f5c4f6c0000, 0x00007f60ddb50000)
  eden space 2609024K, 100% used [0x00007f5b88600000, 0x00007f5c279e0000, 0x00007f5c279e0000)
  from space 326080K,  67% used [0x00007f5c279e0000, 0x00007f5c350c5a58, 0x00007f5c3b850000)
  to   space 326080K,   0% used [0x00007f5c3b850000, 0x00007f5c3b850000, 0x00007f5c4f6c0000)
 tenured generation   total 6522316K, used 5463874K [0x00007f60ddb50000, 0x00007f626bcc3000, 0x00007f6b88600000)
   the space 6522316K,  83% used [0x00007f60ddb50000, 0x00007f622b320ad8, 0x00007f622b320c00, 0x00007f626bcc3000)
 Metaspace       used 30494K, capacity 30864K, committed 30976K, reserved 32768K
}
Event: 128.331 GC heap after
{Heap after GC invocations=71 (full 6):
 def new generation   total 2935104K, used 198638K [0x00007f5b88600000, 0x00007f5c4f6c0000, 0x00007f60ddb50000)
  eden space 2609024K,   0% used [0x00007f5b88600000, 0x00007f5b88600000, 0x00007f5c279e0000)
  from space 326080K,  60% used [0x00007f5c3b850000, 0x00007f5c47a4baf0, 0x00007f5c4f6c0000)
  to   space 326080K,   0% used [0x00007f5c279e0000, 0x00007f5c279e0000, 0x00007f5c3b850000)
 tenured generation   total 6522316K, used 5683928K [0x00007f60ddb50000, 0x00007f626bcc3000, 0x00007f6b88600000)
   the space 6522316K,  87% used [0x00007f60ddb50000, 0x00007f6238a060e0, 0x00007f6238a06200, 0x00007f626bcc3000)
 Metaspace       used 30494K, capacity 30864K, committed 30976K, reserved 32768K
}
Event: 129.050 GC heap before
{Heap before GC invocations=71 (full 6):
 def new generation   total 2935104K, used 2807662K [0x00007f5b88600000, 0x00007f5c4f6c0000, 0x00007f60ddb50000)
  eden space 2609024K, 100% used [0x00007f5b88600000, 0x00007f5c279e0000, 0x00007f5c279e0000)
  from space 326080K,  60% used [0x00007f5c3b850000, 0x00007f5c47a4baf0, 0x00007f5c4f6c0000)
  to   space 326080K,   0% used [0x00007f5c279e0000, 0x00007f5c279e0000, 0x00007f5c3b850000)
 tenured generation   total 6522316K, used 5683928K [0x00007f60ddb50000, 0x00007f626bcc3000, 0x00007f6b88600000)
   the space 6522316K,  87% used [0x00007f60ddb50000, 0x00007f6238a060e0, 0x00007f6238a06200, 0x00007f626bcc3000)
 Metaspace       used 30494K, capacity 30864K, committed 30976K, reserved 32768K
}
Event: 129.711 GC heap after
{Heap after GC invocations=72 (full 6):
 def new generation   total 2935104K, used 211683K [0x00007f5b88600000, 0x00007f5c4f6c0000, 0x00007f60ddb50000)
  eden space 2609024K,   0% used [0x00007f5b88600000, 0x00007f5b88600000, 0x00007f5c279e0000)
  from space 326080K,  64% used [0x00007f5c279e0000, 0x00007f5c34898ed8, 0x00007f5c3b850000)
  to   space 326080K,   0% used [0x00007f5c3b850000, 0x00007f5c3b850000, 0x00007f5c4f6c0000)
 tenured generation   total 6522316K, used 5882565K [0x00007f60ddb50000, 0x00007f626bcc3000, 0x00007f6b88600000)
   the space 6522316K,  90% used [0x00007f60ddb50000, 0x00007f6244c01720, 0x00007f6244c01800, 0x00007f626bcc3000)
 Metaspace       used 30494K, capacity 30864K, committed 30976K, reserved 32768K
}
Event: 130.438 GC heap before
{Heap before GC invocations=72 (full 6):
 def new generation   total 2935104K, used 2820707K [0x00007f5b88600000, 0x00007f5c4f6c0000, 0x00007f60ddb50000)
  eden space 2609024K, 100% used [0x00007f5b88600000, 0x00007f5c279e0000, 0x00007f5c279e0000)
  from space 326080K,  64% used [0x00007f5c279e0000, 0x00007f5c34898ed8, 0x00007f5c3b850000)
  to   space 326080K,   0% used [0x00007f5c3b850000, 0x00007f5c3b850000, 0x00007f5c4f6c0000)
 tenured generation   total 6522316K, used 5882565K [0x00007f60ddb50000, 0x00007f626bcc3000, 0x00007f6b88600000)
   the space 6522316K,  90% used [0x00007f60ddb50000, 0x00007f6244c01720, 0x00007f6244c01800, 0x00007f626bcc3000)
 Metaspace       used 30494K, capacity 30864K, committed 30976K, reserved 32768K
}
Event: 131.170 GC heap after
{Heap after GC invocations=73 (full 6):
 def new generation   total 2935104K, used 218859K [0x00007f5b88600000, 0x00007f5c4f6c0000, 0x00007f60ddb50000)
  eden space 2609024K,   0% used [0x00007f5b88600000, 0x00007f5b88600000, 0x00007f5c279e0000)
  from space 326080K,  67% used [0x00007f5c3b850000, 0x00007f5c48e0af38, 0x00007f5c4f6c0000)
  to   space 326080K,   0% used [0x00007f5c279e0000, 0x00007f5c279e0000, 0x00007f5c3b850000)
 tenured generation   total 6522316K, used 6094249K [0x00007f60ddb50000, 0x00007f626bcc3000, 0x00007f6b88600000)
   the space 6522316K,  93% used [0x00007f60ddb50000, 0x00007f6251aba498, 0x00007f6251aba600, 0x00007f626bcc3000)
 Metaspace       used 30494K, capacity 30864K, committed 30976K, reserved 32768K
}
Event: 131.854 GC heap before
{Heap before GC invocations=73 (full 6):
 def new generation   total 2935104K, used 2827883K [0x00007f5b88600000, 0x00007f5c4f6c0000, 0x00007f60ddb50000)
  eden space 2609024K, 100% used [0x00007f5b88600000, 0x00007f5c279e0000, 0x00007f5c279e0000)
  from space 326080K,  67% used [0x00007f5c3b850000, 0x00007f5c48e0af38, 0x00007f5c4f6c0000)
  to   space 326080K,   0% used [0x00007f5c279e0000, 0x00007f5c279e0000, 0x00007f5c3b850000)
 tenured generation   total 6522316K, used 6094249K [0x00007f60ddb50000, 0x00007f626bcc3000, 0x00007f6b88600000)
   the space 6522316K,  93% used [0x00007f60ddb50000, 0x00007f6251aba498, 0x00007f6251aba600, 0x00007f626bcc3000)
 Metaspace       used 30494K, capacity 30864K, committed 30976K, reserved 32768K
}
Event: 132.602 GC heap after
{Heap after GC invocations=74 (full 6):
 def new generation   total 2935104K, used 225536K [0x00007f5b88600000, 0x00007f5c4f6c0000, 0x00007f60ddb50000)
  eden space 2609024K,   0% used [0x00007f5b88600000, 0x00007f5b88600000, 0x00007f5c279e0000)
  from space 326080K,  69% used [0x00007f5c279e0000, 0x00007f5c356200d8, 0x00007f5c3b850000)
  to   space 326080K,   0% used [0x00007f5c3b850000, 0x00007f5c3b850000, 0x00007f5c4f6c0000)
 tenured generation   total 6522316K, used 6313108K [0x00007f60ddb50000, 0x00007f626bcc3000, 0x00007f6b88600000)
   the space 6522316K,  96% used [0x00007f60ddb50000, 0x00007f625f075060, 0x00007f625f075200, 0x00007f626bcc3000)
 Metaspace       used 30494K, capacity 30864K, committed 30976K, reserved 32768K
}
Event: 133.306 GC heap before
{Heap before GC invocations=74 (full 6):
 def new generation   total 2935104K, used 2834560K [0x00007f5b88600000, 0x00007f5c4f6c0000, 0x00007f60ddb50000)
  eden space 2609024K, 100% used [0x00007f5b88600000, 0x00007f5c279e0000, 0x00007f5c279e0000)
  from space 326080K,  69% used [0x00007f5c279e0000, 0x00007f5c356200d8, 0x00007f5c3b850000)
  to   space 326080K,   0% used [0x00007f5c3b850000, 0x00007f5c3b850000, 0x00007f5c4f6c0000)
 tenured generation   total 6522316K, used 6313108K [0x00007f60ddb50000, 0x00007f626bcc3000, 0x00007f6b88600000)
   the space 6522316K,  96% used [0x00007f60ddb50000, 0x00007f625f075060, 0x00007f625f075200, 0x00007f626bcc3000)
 Metaspace       used 30494K, capacity 30864K, committed 30976K, reserved 32768K
}
Event: 134.033 GC heap after
{Heap after GC invocations=75 (full 6):
 def new generation   total 2935104K, used 223521K [0x00007f5b88600000, 0x00007f5c4f6c0000, 0x00007f60ddb50000)
  eden space 2609024K,   0% used [0x00007f5b88600000, 0x00007f5b88600000, 0x00007f5c279e0000)
  from space 326080K,  68% used [0x00007f5c3b850000, 0x00007f5c49298458, 0x00007f5c4f6c0000)
  to   space 326080K,   0% used [0x00007f5c279e0000, 0x00007f5c279e0000, 0x00007f5c3b850000)
 tenured generation   total 6538828K, used 6538643K [0x00007f60ddb50000, 0x00007f626cce3000, 0x00007f6b88600000)
   the space 6538828K,  99% used [0x00007f60ddb50000, 0x00007f626ccb4ce8, 0x00007f626ccb4e00, 0x00007f626cce3000)
 Metaspace       used 30494K, capacity 30864K, committed 30976K, reserved 32768K
}
Event: 134.033 GC heap before
{Heap before GC invocations=75 (full 6):
 def new generation   total 2935104K, used 223521K [0x00007f5b88600000, 0x00007f5c4f6c0000, 0x00007f60ddb50000)
  eden space 2609024K,   0% used [0x00007f5b88600000, 0x00007f5b88600000, 0x00007f5c279e0000)
  from space 326080K,  68% used [0x00007f5c3b850000, 0x00007f5c49298458, 0x00007f5c4f6c0000)
  to   space 326080K,   0% used [0x00007f5c279e0000, 0x00007f5c279e0000, 0x00007f5c3b850000)
 tenured generation   total 6538828K, used 6538643K [0x00007f60ddb50000, 0x00007f626cce3000, 0x00007f6b88600000)
   the space 6538828K,  99% used [0x00007f60ddb50000, 0x00007f626ccb4ce8, 0x00007f626ccb4e00, 0x00007f626cce3000)
 Metaspace       used 30494K, capacity 30864K, committed 30976K, reserved 32768K
}

