# JRE version: OpenJDK Runtime Environment (13.0.7+5) (build 13.0.7+5-Ubuntu-0ubuntu120.04)
# Java VM: OpenJDK 64-Bit Server VM (13.0.7+5-Ubuntu-0ubuntu120.04, mixed mode, tiered, serial gc, linux-amd64)
Heap:
 def new generation   total 2926272K, used 172581K [0x00007fb974600000, 0x00007fba3ad30000, 0x00007fbec9b50000)
  eden space 2601152K,   6% used [0x00007fb974600000, 0x00007fb97ee89740, 0x00007fba13230000)
  from space 325120K,   0% used [0x00007fba26fb0000, 0x00007fba26fb0000, 0x00007fba3ad30000)
  to   space 325120K,   0% used [0x00007fba13230000, 0x00007fba13230000, 0x00007fba26fb0000)
 tenured generation   total 6519936K, used 6519927K [0x00007fbec9b50000, 0x00007fc057a70000, 0x00007fc974600000)
   the space 6519936K,  99% used [0x00007fbec9b50000, 0x00007fc057a6de18, 0x00007fc057a6e000, 0x00007fc057a70000)
 Metaspace       used 24247K, capacity 24708K, committed 24832K, reserved 26624K
GC Heap History (20 events):
Event: 1057.501 GC heap after
{Heap after GC invocations=771 (full 4):
 def new generation   total 2926272K, used 170593K [0x00007fb974600000, 0x00007fba3ad30000, 0x00007fbec9b50000)
  eden space 2601152K,   0% used [0x00007fb974600000, 0x00007fb974600000, 0x00007fba13230000)
  from space 325120K,  52% used [0x00007fba13230000, 0x00007fba1d8c8548, 0x00007fba26fb0000)
  to   space 325120K,   0% used [0x00007fba26fb0000, 0x00007fba26fb0000, 0x00007fba3ad30000)
 tenured generation   total 6502656K, used 6349475K [0x00007fbec9b50000, 0x00007fc056990000, 0x00007fc974600000)
   the space 6502656K,  97% used [0x00007fbec9b50000, 0x00007fc04d3f8cc8, 0x00007fc04d3f8e00, 0x00007fc056990000)
 Metaspace       used 24247K, capacity 24708K, committed 24832K, reserved 26624K
}
Event: 1060.115 GC heap before
{Heap before GC invocations=771 (full 4):
 def new generation   total 2926272K, used 2771745K [0x00007fb974600000, 0x00007fba3ad30000, 0x00007fbec9b50000)
  eden space 2601152K, 100% used [0x00007fb974600000, 0x00007fba13230000, 0x00007fba13230000)
  from space 325120K,  52% used [0x00007fba13230000, 0x00007fba1d8c8548, 0x00007fba26fb0000)
  to   space 325120K,   0% used [0x00007fba26fb0000, 0x00007fba26fb0000, 0x00007fba3ad30000)
 tenured generation   total 6502656K, used 6349475K [0x00007fbec9b50000, 0x00007fc056990000, 0x00007fc974600000)
   the space 6502656K,  97% used [0x00007fbec9b50000, 0x00007fc04d3f8cc8, 0x00007fc04d3f8e00, 0x00007fc056990000)
 Metaspace       used 24247K, capacity 24708K, committed 24832K, reserved 26624K
}
Event: 1060.527 GC heap after
{Heap after GC invocations=772 (full 4):
 def new generation   total 2926272K, used 172843K [0x00007fb974600000, 0x00007fba3ad30000, 0x00007fbec9b50000)
  eden space 2601152K,   0% used [0x00007fb974600000, 0x00007fb974600000, 0x00007fba13230000)
  from space 325120K,  53% used [0x00007fba26fb0000, 0x00007fba3187ae40, 0x00007fba3ad30000)
  to   space 325120K,   0% used [0x00007fba13230000, 0x00007fba13230000, 0x00007fba26fb0000)
 tenured generation   total 6502656K, used 6368348K [0x00007fbec9b50000, 0x00007fc056990000, 0x00007fc974600000)
   the space 6502656K,  97% used [0x00007fbec9b50000, 0x00007fc04e667070, 0x00007fc04e667200, 0x00007fc056990000)
 Metaspace       used 24247K, capacity 24708K, committed 24832K, reserved 26624K
}
Event: 1063.124 GC heap before
{Heap before GC invocations=772 (full 4):
 def new generation   total 2926272K, used 2773995K [0x00007fb974600000, 0x00007fba3ad30000, 0x00007fbec9b50000)
  eden space 2601152K, 100% used [0x00007fb974600000, 0x00007fba13230000, 0x00007fba13230000)
  from space 325120K,  53% used [0x00007fba26fb0000, 0x00007fba3187ae40, 0x00007fba3ad30000)
  to   space 325120K,   0% used [0x00007fba13230000, 0x00007fba13230000, 0x00007fba26fb0000)
 tenured generation   total 6502656K, used 6368348K [0x00007fbec9b50000, 0x00007fc056990000, 0x00007fc974600000)
   the space 6502656K,  97% used [0x00007fbec9b50000, 0x00007fc04e667070, 0x00007fc04e667200, 0x00007fc056990000)
 Metaspace       used 24247K, capacity 24708K, committed 24832K, reserved 26624K
}
Event: 1063.516 GC heap after
{Heap after GC invocations=773 (full 4):
 def new generation   total 2926272K, used 172503K [0x00007fb974600000, 0x00007fba3ad30000, 0x00007fbec9b50000)
  eden space 2601152K,   0% used [0x00007fb974600000, 0x00007fb974600000, 0x00007fba13230000)
  from space 325120K,  53% used [0x00007fba13230000, 0x00007fba1daa5ce8, 0x00007fba26fb0000)
  to   space 325120K,   0% used [0x00007fba26fb0000, 0x00007fba26fb0000, 0x00007fba3ad30000)
 tenured generation   total 6502656K, used 6386854K [0x00007fbec9b50000, 0x00007fc056990000, 0x00007fc974600000)
   the space 6502656K,  98% used [0x00007fbec9b50000, 0x00007fc04f879ba8, 0x00007fc04f879c00, 0x00007fc056990000)
 Metaspace       used 24247K, capacity 24708K, committed 24832K, reserved 26624K
}
Event: 1066.111 GC heap before
{Heap before GC invocations=773 (full 4):
 def new generation   total 2926272K, used 2773655K [0x00007fb974600000, 0x00007fba3ad30000, 0x00007fbec9b50000)
  eden space 2601152K, 100% used [0x00007fb974600000, 0x00007fba13230000, 0x00007fba13230000)
  from space 325120K,  53% used [0x00007fba13230000, 0x00007fba1daa5ce8, 0x00007fba26fb0000)
  to   space 325120K,   0% used [0x00007fba26fb0000, 0x00007fba26fb0000, 0x00007fba3ad30000)
 tenured generation   total 6502656K, used 6386854K [0x00007fbec9b50000, 0x00007fc056990000, 0x00007fc974600000)
   the space 6502656K,  98% used [0x00007fbec9b50000, 0x00007fc04f879ba8, 0x00007fc04f879c00, 0x00007fc056990000)
 Metaspace       used 24247K, capacity 24708K, committed 24832K, reserved 26624K
}
Event: 1066.521 GC heap after
{Heap after GC invocations=774 (full 4):
 def new generation   total 2926272K, used 172644K [0x00007fb974600000, 0x00007fba3ad30000, 0x00007fbec9b50000)
  eden space 2601152K,   0% used [0x00007fb974600000, 0x00007fb974600000, 0x00007fba13230000)
  from space 325120K,  53% used [0x00007fba26fb0000, 0x00007fba31849240, 0x00007fba3ad30000)
  to   space 325120K,   0% used [0x00007fba13230000, 0x00007fba13230000, 0x00007fba26fb0000)
 tenured generation   total 6502656K, used 6405727K [0x00007fbec9b50000, 0x00007fc056990000, 0x00007fc974600000)
   the space 6502656K,  98% used [0x00007fbec9b50000, 0x00007fc050ae7f50, 0x00007fc050ae8000, 0x00007fc056990000)
 Metaspace       used 24247K, capacity 24708K, committed 24832K, reserved 26624K
}
Event: 1069.140 GC heap before
{Heap before GC invocations=774 (full 4):
 def new generation   total 2926272K, used 2773796K [0x00007fb974600000, 0x00007fba3ad30000, 0x00007fbec9b50000)
  eden space 2601152K, 100% used [0x00007fb974600000, 0x00007fba13230000, 0x00007fba13230000)
  from space 325120K,  53% used [0x00007fba26fb0000, 0x00007fba31849240, 0x00007fba3ad30000)
  to   space 325120K,   0% used [0x00007fba13230000, 0x00007fba13230000, 0x00007fba26fb0000)
 tenured generation   total 6502656K, used 6405727K [0x00007fbec9b50000, 0x00007fc056990000, 0x00007fc974600000)
   the space 6502656K,  98% used [0x00007fbec9b50000, 0x00007fc050ae7f50, 0x00007fc050ae8000, 0x00007fc056990000)
 Metaspace       used 24247K, capacity 24708K, committed 24832K, reserved 26624K
}
Event: 1069.548 GC heap after
{Heap after GC invocations=775 (full 4):
 def new generation   total 2926272K, used 171950K [0x00007fb974600000, 0x00007fba3ad30000, 0x00007fbec9b50000)
  eden space 2601152K,   0% used [0x00007fb974600000, 0x00007fb974600000, 0x00007fba13230000)
  from space 325120K,  52% used [0x00007fba13230000, 0x00007fba1da1b800, 0x00007fba26fb0000)
  to   space 325120K,   0% used [0x00007fba26fb0000, 0x00007fba26fb0000, 0x00007fba3ad30000)
 tenured generation   total 6502656K, used 6426429K [0x00007fbec9b50000, 0x00007fc056990000, 0x00007fc974600000)
   the space 6502656K,  98% used [0x00007fbec9b50000, 0x00007fc051f1f6f8, 0x00007fc051f1f800, 0x00007fc056990000)
 Metaspace       used 24247K, capacity 24708K, committed 24832K, reserved 26624K
}
Event: 1072.143 GC heap before
{Heap before GC invocations=775 (full 4):
 def new generation   total 2926272K, used 2773102K [0x00007fb974600000, 0x00007fba3ad30000, 0x00007fbec9b50000)
  eden space 2601152K, 100% used [0x00007fb974600000, 0x00007fba13230000, 0x00007fba13230000)
  from space 325120K,  52% used [0x00007fba13230000, 0x00007fba1da1b800, 0x00007fba26fb0000)
  to   space 325120K,   0% used [0x00007fba26fb0000, 0x00007fba26fb0000, 0x00007fba3ad30000)
 tenured generation   total 6502656K, used 6426429K [0x00007fbec9b50000, 0x00007fc056990000, 0x00007fc974600000)
   the space 6502656K,  98% used [0x00007fbec9b50000, 0x00007fc051f1f6f8, 0x00007fc051f1f800, 0x00007fc056990000)
 Metaspace       used 24247K, capacity 24708K, committed 24832K, reserved 26624K
}
Event: 1072.542 GC heap after
{Heap after GC invocations=776 (full 4):
 def new generation   total 2926272K, used 171959K [0x00007fb974600000, 0x00007fba3ad30000, 0x00007fbec9b50000)
  eden space 2601152K,   0% used [0x00007fb974600000, 0x00007fb974600000, 0x00007fba13230000)
  from space 325120K,  52% used [0x00007fba26fb0000, 0x00007fba3179dfe0, 0x00007fba3ad30000)
  to   space 325120K,   0% used [0x00007fba13230000, 0x00007fba13230000, 0x00007fba26fb0000)
 tenured generation   total 6502656K, used 6445717K [0x00007fbec9b50000, 0x00007fc056990000, 0x00007fc974600000)
   the space 6502656K,  99% used [0x00007fbec9b50000, 0x00007fc0531f5530, 0x00007fc0531f5600, 0x00007fc056990000)
 Metaspace       used 24247K, capacity 24708K, committed 24832K, reserved 26624K
}
Event: 1075.210 GC heap before
{Heap before GC invocations=776 (full 4):
 def new generation   total 2926272K, used 2773111K [0x00007fb974600000, 0x00007fba3ad30000, 0x00007fbec9b50000)
  eden space 2601152K, 100% used [0x00007fb974600000, 0x00007fba13230000, 0x00007fba13230000)
  from space 325120K,  52% used [0x00007fba26fb0000, 0x00007fba3179dfe0, 0x00007fba3ad30000)
  to   space 325120K,   0% used [0x00007fba13230000, 0x00007fba13230000, 0x00007fba26fb0000)
 tenured generation   total 6502656K, used 6445717K [0x00007fbec9b50000, 0x00007fc056990000, 0x00007fc974600000)
   the space 6502656K,  99% used [0x00007fbec9b50000, 0x00007fc0531f5530, 0x00007fc0531f5600, 0x00007fc056990000)
 Metaspace       used 24247K, capacity 24708K, committed 24832K, reserved 26624K
}
Event: 1075.611 GC heap after
{Heap after GC invocations=777 (full 4):
 def new generation   total 2926272K, used 171704K [0x00007fb974600000, 0x00007fba3ad30000, 0x00007fbec9b50000)
  eden space 2601152K,   0% used [0x00007fb974600000, 0x00007fb974600000, 0x00007fba13230000)
  from space 325120K,  52% used [0x00007fba13230000, 0x00007fba1d9de3a8, 0x00007fba26fb0000)
  to   space 325120K,   0% used [0x00007fba26fb0000, 0x00007fba26fb0000, 0x00007fba3ad30000)
 tenured generation   total 6502656K, used 6464494K [0x00007fbec9b50000, 0x00007fc056990000, 0x00007fc974600000)
   the space 6502656K,  99% used [0x00007fbec9b50000, 0x00007fc05444b9e8, 0x00007fc05444ba00, 0x00007fc056990000)
 Metaspace       used 24247K, capacity 24708K, committed 24832K, reserved 26624K
}
Event: 1078.226 GC heap before
{Heap before GC invocations=777 (full 4):
 def new generation   total 2926272K, used 2772856K [0x00007fb974600000, 0x00007fba3ad30000, 0x00007fbec9b50000)
  eden space 2601152K, 100% used [0x00007fb974600000, 0x00007fba13230000, 0x00007fba13230000)
  from space 325120K,  52% used [0x00007fba13230000, 0x00007fba1d9de3a8, 0x00007fba26fb0000)
  to   space 325120K,   0% used [0x00007fba26fb0000, 0x00007fba26fb0000, 0x00007fba3ad30000)
 tenured generation   total 6502656K, used 6464494K [0x00007fbec9b50000, 0x00007fc056990000, 0x00007fc974600000)
   the space 6502656K,  99% used [0x00007fbec9b50000, 0x00007fc05444b9e8, 0x00007fc05444ba00, 0x00007fc056990000)
 Metaspace       used 24247K, capacity 24708K, committed 24832K, reserved 26624K
}
Event: 1078.615 GC heap after
{Heap after GC invocations=778 (full 4):
 def new generation   total 2926272K, used 171460K [0x00007fb974600000, 0x00007fba3ad30000, 0x00007fbec9b50000)
  eden space 2601152K,   0% used [0x00007fb974600000, 0x00007fb974600000, 0x00007fba13230000)
  from space 325120K,  52% used [0x00007fba26fb0000, 0x00007fba31721340, 0x00007fba3ad30000)
  to   space 325120K,   0% used [0x00007fba13230000, 0x00007fba13230000, 0x00007fba26fb0000)
 tenured generation   total 6502656K, used 6483412K [0x00007fbec9b50000, 0x00007fc056990000, 0x00007fc974600000)
   the space 6502656K,  99% used [0x00007fbec9b50000, 0x00007fc0556c53d8, 0x00007fc0556c5400, 0x00007fc056990000)
 Metaspace       used 24247K, capacity 24708K, committed 24832K, reserved 26624K
}
Event: 1081.220 GC heap before
{Heap before GC invocations=778 (full 4):
 def new generation   total 2926272K, used 2772612K [0x00007fb974600000, 0x00007fba3ad30000, 0x00007fbec9b50000)
  eden space 2601152K, 100% used [0x00007fb974600000, 0x00007fba13230000, 0x00007fba13230000)
  from space 325120K,  52% used [0x00007fba26fb0000, 0x00007fba31721340, 0x00007fba3ad30000)
  to   space 325120K,   0% used [0x00007fba13230000, 0x00007fba13230000, 0x00007fba26fb0000)
 tenured generation   total 6502656K, used 6483412K [0x00007fbec9b50000, 0x00007fc056990000, 0x00007fc974600000)
   the space 6502656K,  99% used [0x00007fbec9b50000, 0x00007fc0556c53d8, 0x00007fc0556c5400, 0x00007fc056990000)
 Metaspace       used 24247K, capacity 24708K, committed 24832K, reserved 26624K
}
Event: 1081.613 GC heap after
{Heap after GC invocations=779 (full 4):
 def new generation   total 2926272K, used 172920K [0x00007fb974600000, 0x00007fba3ad30000, 0x00007fbec9b50000)
  eden space 2601152K,   0% used [0x00007fb974600000, 0x00007fb974600000, 0x00007fba13230000)
  from space 325120K,  53% used [0x00007fba13230000, 0x00007fba1db0e3f8, 0x00007fba26fb0000)
  to   space 325120K,   0% used [0x00007fba26fb0000, 0x00007fba26fb0000, 0x00007fba3ad30000)
 tenured generation   total 6502656K, used 6500731K [0x00007fbec9b50000, 0x00007fc056990000, 0x00007fc974600000)
   the space 6502656K,  99% used [0x00007fbec9b50000, 0x00007fc0567aec00, 0x00007fc0567aec00, 0x00007fc056990000)
 Metaspace       used 24247K, capacity 24708K, committed 24832K, reserved 26624K
}
Event: 1084.211 GC heap before
{Heap before GC invocations=779 (full 4):
 def new generation   total 2926272K, used 2774072K [0x00007fb974600000, 0x00007fba3ad30000, 0x00007fbec9b50000)
  eden space 2601152K, 100% used [0x00007fb974600000, 0x00007fba13230000, 0x00007fba13230000)
  from space 325120K,  53% used [0x00007fba13230000, 0x00007fba1db0e3f8, 0x00007fba26fb0000)
  to   space 325120K,   0% used [0x00007fba26fb0000, 0x00007fba26fb0000, 0x00007fba3ad30000)
 tenured generation   total 6502656K, used 6500731K [0x00007fbec9b50000, 0x00007fc056990000, 0x00007fc974600000)
   the space 6502656K,  99% used [0x00007fbec9b50000, 0x00007fc0567aec00, 0x00007fc0567aec00, 0x00007fc056990000)
 Metaspace       used 24247K, capacity 24708K, committed 24832K, reserved 26624K
}
Event: 1084.615 GC heap after
{Heap after GC invocations=780 (full 4):
 def new generation   total 2926272K, used 172585K [0x00007fb974600000, 0x00007fba3ad30000, 0x00007fbec9b50000)
  eden space 2601152K,   0% used [0x00007fb974600000, 0x00007fb974600000, 0x00007fba13230000)
  from space 325120K,  53% used [0x00007fba26fb0000, 0x00007fba3183a658, 0x00007fba3ad30000)
  to   space 325120K,   0% used [0x00007fba13230000, 0x00007fba13230000, 0x00007fba26fb0000)
 tenured generation   total 6519936K, used 6519923K [0x00007fbec9b50000, 0x00007fc057a70000, 0x00007fc974600000)
   the space 6519936K,  99% used [0x00007fbec9b50000, 0x00007fc057a6cf00, 0x00007fc057a6d000, 0x00007fc057a70000)
 Metaspace       used 24247K, capacity 24708K, committed 24832K, reserved 26624K
}
Event: 1084.615 GC heap before
{Heap before GC invocations=780 (full 4):
 def new generation   total 2926272K, used 172585K [0x00007fb974600000, 0x00007fba3ad30000, 0x00007fbec9b50000)
  eden space 2601152K,   0% used [0x00007fb974600000, 0x00007fb974600000, 0x00007fba13230000)
  from space 325120K,  53% used [0x00007fba26fb0000, 0x00007fba3183a658, 0x00007fba3ad30000)
  to   space 325120K,   0% used [0x00007fba13230000, 0x00007fba13230000, 0x00007fba26fb0000)
 tenured generation   total 6519936K, used 6519923K [0x00007fbec9b50000, 0x00007fc057a70000, 0x00007fc974600000)
   the space 6519936K,  99% used [0x00007fbec9b50000, 0x00007fc057a6cf00, 0x00007fc057a6d000, 0x00007fc057a70000)
 Metaspace       used 24247K, capacity 24708K, committed 24832K, reserved 26624K
}

