# JRE version: OpenJDK Runtime Environment (13.0.7+5) (build 13.0.7+5-Ubuntu-0ubuntu120.04)
# Java VM: OpenJDK 64-Bit Server VM (13.0.7+5-Ubuntu-0ubuntu120.04, mixed mode, tiered, serial gc, linux-amd64)
Heap:
 def new generation   total 1082048K, used 0K [0x00007fc994600000, 0x00007fc9ddc10000, 0x00007fcee9b50000)
  eden space 961856K,   0% used [0x00007fc994600000, 0x00007fc994600000, 0x00007fc9cf150000)
  from space 120192K,   0% used [0x00007fc9cf150000, 0x00007fc9cf150000, 0x00007fc9d66b0000)
  to   space 120192K,   0% used [0x00007fc9d66b0000, 0x00007fc9d66b0000, 0x00007fc9ddc10000)
 tenured generation   total 2404420K, used 533725K [0x00007fcee9b50000, 0x00007fcf7c761000, 0x00007fd994600000)
   the space 2404420K,  22% used [0x00007fcee9b50000, 0x00007fcf0a487668, 0x00007fcf0a487800, 0x00007fcf7c761000)
 Metaspace       used 23254K, capacity 23619K, committed 23808K, reserved 24576K
GC Heap History (20 events):
Event: 4.334 GC heap before
{Heap before GC invocations=1 (full 1):
 def new generation   total 629248K, used 559360K [0x00007fc994600000, 0x00007fc9bf0c0000, 0x00007fcee9b50000)
  eden space 559360K, 100% used [0x00007fc994600000, 0x00007fc9b6840000, 0x00007fc9b6840000)
  from space 69888K,   0% used [0x00007fc9b6840000, 0x00007fc9b6840000, 0x00007fc9bac80000)
  to   space 69888K,   0% used [0x00007fc9bac80000, 0x00007fc9bac80000, 0x00007fc9bf0c0000)
 tenured generation   total 1398144K, used 14001K [0x00007fcee9b50000, 0x00007fcf3f0b0000, 0x00007fd994600000)
   the space 1398144K,   1% used [0x00007fcee9b50000, 0x00007fceea8fc658, 0x00007fceea8fc800, 0x00007fcf3f0b0000)
 Metaspace       used 23061K, capacity 23410K, committed 23552K, reserved 24576K
}
Event: 4.340 GC heap after
{Heap after GC invocations=2 (full 1):
 def new generation   total 629248K, used 675K [0x00007fc994600000, 0x00007fc9bf0c0000, 0x00007fcee9b50000)
  eden space 559360K,   0% used [0x00007fc994600000, 0x00007fc994600000, 0x00007fc9b6840000)
  from space 69888K,   0% used [0x00007fc9bac80000, 0x00007fc9bad28f28, 0x00007fc9bf0c0000)
  to   space 69888K,   0% used [0x00007fc9b6840000, 0x00007fc9b6840000, 0x00007fc9bac80000)
 tenured generation   total 1398144K, used 14001K [0x00007fcee9b50000, 0x00007fcf3f0b0000, 0x00007fd994600000)
   the space 1398144K,   1% used [0x00007fcee9b50000, 0x00007fceea8fc658, 0x00007fceea8fc800, 0x00007fcf3f0b0000)
 Metaspace       used 23061K, capacity 23410K, committed 23552K, reserved 24576K
}
Event: 6.183 GC heap before
{Heap before GC invocations=2 (full 1):
 def new generation   total 629248K, used 485671K [0x00007fc994600000, 0x00007fc9bf0c0000, 0x00007fcee9b50000)
  eden space 559360K,  86% used [0x00007fc994600000, 0x00007fc9b1fa0f50, 0x00007fc9b6840000)
  from space 69888K,   0% used [0x00007fc9bac80000, 0x00007fc9bad28f28, 0x00007fc9bf0c0000)
  to   space 69888K,   0% used [0x00007fc9b6840000, 0x00007fc9b6840000, 0x00007fc9bac80000)
 tenured generation   total 1398144K, used 1062577K [0x00007fcee9b50000, 0x00007fcf3f0b0000, 0x00007fd994600000)
   the space 1398144K,  75% used [0x00007fcee9b50000, 0x00007fcf2a8fc670, 0x00007fcf2a8fc800, 0x00007fcf3f0b0000)
 Metaspace       used 23237K, capacity 23613K, committed 23808K, reserved 24576K
}
Event: 6.187 GC heap after
{Heap after GC invocations=3 (full 1):
 def new generation   total 629248K, used 1059K [0x00007fc994600000, 0x00007fc9bf0c0000, 0x00007fcee9b50000)
  eden space 559360K,   0% used [0x00007fc994600000, 0x00007fc994600000, 0x00007fc9b6840000)
  from space 69888K,   1% used [0x00007fc9b6840000, 0x00007fc9b6948d28, 0x00007fc9bac80000)
  to   space 69888K,   0% used [0x00007fc9bac80000, 0x00007fc9bac80000, 0x00007fc9bf0c0000)
 tenured generation   total 1398144K, used 1062577K [0x00007fcee9b50000, 0x00007fcf3f0b0000, 0x00007fd994600000)
   the space 1398144K,  75% used [0x00007fcee9b50000, 0x00007fcf2a8fc670, 0x00007fcf2a8fc800, 0x00007fcf3f0b0000)
 Metaspace       used 23237K, capacity 23613K, committed 23808K, reserved 24576K
}
Event: 6.187 GC heap before
{Heap before GC invocations=3 (full 1):
 def new generation   total 629248K, used 1059K [0x00007fc994600000, 0x00007fc9bf0c0000, 0x00007fcee9b50000)
  eden space 559360K,   0% used [0x00007fc994600000, 0x00007fc994600000, 0x00007fc9b6840000)
  from space 69888K,   1% used [0x00007fc9b6840000, 0x00007fc9b6948d28, 0x00007fc9bac80000)
  to   space 69888K,   0% used [0x00007fc9bac80000, 0x00007fc9bac80000, 0x00007fc9bf0c0000)
 tenured generation   total 1398144K, used 1062577K [0x00007fcee9b50000, 0x00007fcf3f0b0000, 0x00007fd994600000)
   the space 1398144K,  75% used [0x00007fcee9b50000, 0x00007fcf2a8fc670, 0x00007fcf2a8fc800, 0x00007fcf3f0b0000)
 Metaspace       used 23237K, capacity 23613K, committed 23808K, reserved 24576K
}
Event: 6.216 GC heap after
{Heap after GC invocations=3 (full 2):
 def new generation   total 797760K, used 0K [0x00007fc994600000, 0x00007fc9ca7a0000, 0x00007fcee9b50000)
  eden space 709120K,   0% used [0x00007fc994600000, 0x00007fc994600000, 0x00007fc9bfa80000)
  from space 88640K,   0% used [0x00007fc9bfa80000, 0x00007fc9bfa80000, 0x00007fc9c5110000)
  to   space 88640K,   0% used [0x00007fc9c5110000, 0x00007fc9c5110000, 0x00007fc9ca7a0000)
 tenured generation   total 1772728K, used 1063634K [0x00007fcee9b50000, 0x00007fcf55e7e000, 0x00007fd994600000)
   the space 1772728K,  59% used [0x00007fcee9b50000, 0x00007fcf2aa049e0, 0x00007fcf2aa04a00, 0x00007fcf55e7e000)
 Metaspace       used 23237K, capacity 23613K, committed 23808K, reserved 24576K
}
Event: 7.860 GC heap before
{Heap before GC invocations=3 (full 2):
 def new generation   total 797760K, used 709120K [0x00007fc994600000, 0x00007fc9ca7a0000, 0x00007fcee9b50000)
  eden space 709120K, 100% used [0x00007fc994600000, 0x00007fc9bfa80000, 0x00007fc9bfa80000)
  from space 88640K,   0% used [0x00007fc9bfa80000, 0x00007fc9bfa80000, 0x00007fc9c5110000)
  to   space 88640K,   0% used [0x00007fc9c5110000, 0x00007fc9c5110000, 0x00007fc9ca7a0000)
 tenured generation   total 2821308K, used 2112210K [0x00007fcee9b50000, 0x00007fcf95e7f000, 0x00007fd994600000)
   the space 2821308K,  74% used [0x00007fcee9b50000, 0x00007fcf6aa049f8, 0x00007fcf6aa04a00, 0x00007fcf95e7f000)
 Metaspace       used 23250K, capacity 23617K, committed 23808K, reserved 24576K
}
Event: 7.863 GC heap after
{Heap after GC invocations=4 (full 2):
 def new generation   total 797760K, used 566K [0x00007fc994600000, 0x00007fc9ca7a0000, 0x00007fcee9b50000)
  eden space 709120K,   0% used [0x00007fc994600000, 0x00007fc994600000, 0x00007fc9bfa80000)
  from space 88640K,   0% used [0x00007fc9c5110000, 0x00007fc9c519db68, 0x00007fc9ca7a0000)
  to   space 88640K,   0% used [0x00007fc9bfa80000, 0x00007fc9bfa80000, 0x00007fc9c5110000)
 tenured generation   total 2821308K, used 2112210K [0x00007fcee9b50000, 0x00007fcf95e7f000, 0x00007fd994600000)
   the space 2821308K,  74% used [0x00007fcee9b50000, 0x00007fcf6aa049f8, 0x00007fcf6aa04a00, 0x00007fcf95e7f000)
 Metaspace       used 23250K, capacity 23617K, committed 23808K, reserved 24576K
}
Event: 8.064 GC heap before
{Heap before GC invocations=4 (full 2):
 def new generation   total 797760K, used 155406K [0x00007fc994600000, 0x00007fc9ca7a0000, 0x00007fcee9b50000)
  eden space 709120K,  21% used [0x00007fc994600000, 0x00007fc99dd35f60, 0x00007fc9bfa80000)
  from space 88640K,   0% used [0x00007fc9c5110000, 0x00007fc9c519db68, 0x00007fc9ca7a0000)
  to   space 88640K,   0% used [0x00007fc9bfa80000, 0x00007fc9bfa80000, 0x00007fc9c5110000)
 tenured generation   total 2821308K, used 2112210K [0x00007fcee9b50000, 0x00007fcf95e7f000, 0x00007fd994600000)
   the space 2821308K,  74% used [0x00007fcee9b50000, 0x00007fcf6aa049f8, 0x00007fcf6aa04a00, 0x00007fcf95e7f000)
 Metaspace       used 23254K, capacity 23619K, committed 23808K, reserved 24576K
}
Event: 8.068 GC heap after
{Heap after GC invocations=5 (full 2):
 def new generation   total 797760K, used 2941K [0x00007fc994600000, 0x00007fc9ca7a0000, 0x00007fcee9b50000)
  eden space 709120K,   0% used [0x00007fc994600000, 0x00007fc994600000, 0x00007fc9bfa80000)
  from space 88640K,   3% used [0x00007fc9bfa80000, 0x00007fc9bfd5f508, 0x00007fc9c5110000)
  to   space 88640K,   0% used [0x00007fc9c5110000, 0x00007fc9c5110000, 0x00007fc9ca7a0000)
 tenured generation   total 2821308K, used 2112210K [0x00007fcee9b50000, 0x00007fcf95e7f000, 0x00007fd994600000)
   the space 2821308K,  74% used [0x00007fcee9b50000, 0x00007fcf6aa049f8, 0x00007fcf6aa04a00, 0x00007fcf95e7f000)
 Metaspace       used 23254K, capacity 23619K, committed 23808K, reserved 24576K
}
Event: 8.068 GC heap before
{Heap before GC invocations=5 (full 2):
 def new generation   total 797760K, used 2941K [0x00007fc994600000, 0x00007fc9ca7a0000, 0x00007fcee9b50000)
  eden space 709120K,   0% used [0x00007fc994600000, 0x00007fc994600000, 0x00007fc9bfa80000)
  from space 88640K,   3% used [0x00007fc9bfa80000, 0x00007fc9bfd5f508, 0x00007fc9c5110000)
  to   space 88640K,   0% used [0x00007fc9c5110000, 0x00007fc9c5110000, 0x00007fc9ca7a0000)
 tenured generation   total 2821308K, used 2112210K [0x00007fcee9b50000, 0x00007fcf95e7f000, 0x00007fd994600000)
   the space 2821308K,  74% used [0x00007fcee9b50000, 0x00007fcf6aa049f8, 0x00007fcf6aa04a00, 0x00007fcf95e7f000)
 Metaspace       used 23254K, capacity 23619K, committed 23808K, reserved 24576K
}
Event: 8.111 GC heap after
{Heap after GC invocations=5 (full 3):
 def new generation   total 1269632K, used 0K [0x00007fc994600000, 0x00007fc9ea7a0000, 0x00007fcee9b50000)
  eden space 1128576K,   0% used [0x00007fc994600000, 0x00007fc994600000, 0x00007fc9d9420000)
  from space 141056K,   0% used [0x00007fc9d9420000, 0x00007fc9d9420000, 0x00007fc9e1de0000)
  to   space 141056K,   0% used [0x00007fc9e1de0000, 0x00007fc9e1de0000, 0x00007fc9ea7a0000)
 tenured generation   total 2821308K, used 17330K [0x00007fcee9b50000, 0x00007fcf95e7f000, 0x00007fd994600000)
   the space 2821308K,   0% used [0x00007fcee9b50000, 0x00007fceeac3cad0, 0x00007fceeac3cc00, 0x00007fcf95e7f000)
 Metaspace       used 23254K, capacity 23619K, committed 23808K, reserved 24576K
}
Event: 10.922 GC heap before
{Heap before GC invocations=5 (full 3):
 def new generation   total 1269632K, used 1070971K [0x00007fc994600000, 0x00007fc9ea7a0000, 0x00007fcee9b50000)
  eden space 1128576K,  94% used [0x00007fc994600000, 0x00007fc9d5bdee90, 0x00007fc9d9420000)
  from space 141056K,   0% used [0x00007fc9d9420000, 0x00007fc9d9420000, 0x00007fc9e1de0000)
  to   space 141056K,   0% used [0x00007fc9e1de0000, 0x00007fc9e1de0000, 0x00007fc9ea7a0000)
 tenured generation   total 2821308K, used 2114482K [0x00007fcee9b50000, 0x00007fcf95e7f000, 0x00007fd994600000)
   the space 2821308K,  74% used [0x00007fcee9b50000, 0x00007fcf6ac3cae8, 0x00007fcf6ac3cc00, 0x00007fcf95e7f000)
 Metaspace       used 23254K, capacity 23619K, committed 23808K, reserved 24576K
}
Event: 11.561 GC heap after
{Heap after GC invocations=6 (full 3):
 def new generation   total 1269632K, used 0K [0x00007fc994600000, 0x00007fc9ea7a0000, 0x00007fcee9b50000)
  eden space 1128576K,   0% used [0x00007fc994600000, 0x00007fc994600000, 0x00007fc9d9420000)
  from space 141056K,   0% used [0x00007fc9e1de0000, 0x00007fc9e1de02c0, 0x00007fc9ea7a0000)
  to   space 141056K,   0% used [0x00007fc9d9420000, 0x00007fc9d9420000, 0x00007fc9e1de0000)
 tenured generation   total 3869888K, used 3163058K [0x00007fcee9b50000, 0x00007fcfd5e80000, 0x00007fd994600000)
   the space 3869888K,  81% used [0x00007fcee9b50000, 0x00007fcfaac3cb00, 0x00007fcfaac3cc00, 0x00007fcfd5e80000)
 Metaspace       used 23254K, capacity 23619K, committed 23808K, reserved 24576K
}
Event: 11.561 GC heap before
{Heap before GC invocations=6 (full 3):
 def new generation   total 1269632K, used 0K [0x00007fc994600000, 0x00007fc9ea7a0000, 0x00007fcee9b50000)
  eden space 1128576K,   0% used [0x00007fc994600000, 0x00007fc994600000, 0x00007fc9d9420000)
  from space 141056K,   0% used [0x00007fc9e1de0000, 0x00007fc9e1de02c0, 0x00007fc9ea7a0000)
  to   space 141056K,   0% used [0x00007fc9d9420000, 0x00007fc9d9420000, 0x00007fc9e1de0000)
 tenured generation   total 3869888K, used 3163058K [0x00007fcee9b50000, 0x00007fcfd5e80000, 0x00007fd994600000)
   the space 3869888K,  81% used [0x00007fcee9b50000, 0x00007fcfaac3cb00, 0x00007fcfaac3cc00, 0x00007fcfd5e80000)
 Metaspace       used 23254K, capacity 23619K, committed 23808K, reserved 24576K
}
Event: 11.769 GC heap after
{Heap after GC invocations=6 (full 4):
 def new generation   total 1269632K, used 0K [0x00007fc994600000, 0x00007fc9ea7a0000, 0x00007fcee9b50000)
  eden space 1128576K,   0% used [0x00007fc994600000, 0x00007fc994600000, 0x00007fc9d9420000)
  from space 141056K,   0% used [0x00007fc9e1de0000, 0x00007fc9e1de0000, 0x00007fc9ea7a0000)
  to   space 141056K,   0% used [0x00007fc9d9420000, 0x00007fc9d9420000, 0x00007fc9e1de0000)
 tenured generation   total 2821308K, used 1058013K [0x00007fcee9b50000, 0x00007fcf95e7f000, 0x00007fd994600000)
   the space 2821308K,  37% used [0x00007fcee9b50000, 0x00007fcf2a4875a0, 0x00007fcf2a487600, 0x00007fcf95e7f000)
 Metaspace       used 23254K, capacity 23619K, committed 23808K, reserved 24576K
}
Event: 12.545 GC heap before
{Heap before GC invocations=6 (full 4):
 def new generation   total 1269632K, used 1071033K [0x00007fc994600000, 0x00007fc9ea7a0000, 0x00007fcee9b50000)
  eden space 1128576K,  94% used [0x00007fc994600000, 0x00007fc9d5bee510, 0x00007fc9d9420000)
  from space 141056K,   0% used [0x00007fc9e1de0000, 0x00007fc9e1de0000, 0x00007fc9ea7a0000)
  to   space 141056K,   0% used [0x00007fc9d9420000, 0x00007fc9d9420000, 0x00007fc9e1de0000)
 tenured generation   total 2821308K, used 1058013K [0x00007fcee9b50000, 0x00007fcf95e7f000, 0x00007fd994600000)
   the space 2821308K,  37% used [0x00007fcee9b50000, 0x00007fcf2a4875a0, 0x00007fcf2a487600, 0x00007fcf95e7f000)
 Metaspace       used 23254K, capacity 23619K, committed 23808K, reserved 24576K
}
Event: 12.762 GC heap after
{Heap after GC invocations=7 (full 4):
 def new generation   total 1269632K, used 1K [0x00007fc994600000, 0x00007fc9ea7a0000, 0x00007fcee9b50000)
  eden space 1128576K,   0% used [0x00007fc994600000, 0x00007fc994600000, 0x00007fc9d9420000)
  from space 141056K,   0% used [0x00007fc9d9420000, 0x00007fc9d9420400, 0x00007fc9e1de0000)
  to   space 141056K,   0% used [0x00007fc9e1de0000, 0x00007fc9e1de0000, 0x00007fc9ea7a0000)
 tenured generation   total 2821308K, used 2106589K [0x00007fcee9b50000, 0x00007fcf95e7f000, 0x00007fd994600000)
   the space 2821308K,  74% used [0x00007fcee9b50000, 0x00007fcf6a4875e8, 0x00007fcf6a487600, 0x00007fcf95e7f000)
 Metaspace       used 23254K, capacity 23619K, committed 23808K, reserved 24576K
}
Event: 12.762 GC heap before
{Heap before GC invocations=7 (full 4):
 def new generation   total 1269632K, used 1K [0x00007fc994600000, 0x00007fc9ea7a0000, 0x00007fcee9b50000)
  eden space 1128576K,   0% used [0x00007fc994600000, 0x00007fc994600000, 0x00007fc9d9420000)
  from space 141056K,   0% used [0x00007fc9d9420000, 0x00007fc9d9420400, 0x00007fc9e1de0000)
  to   space 141056K,   0% used [0x00007fc9e1de0000, 0x00007fc9e1de0000, 0x00007fc9ea7a0000)
 tenured generation   total 2821308K, used 2106589K [0x00007fcee9b50000, 0x00007fcf95e7f000, 0x00007fd994600000)
   the space 2821308K,  74% used [0x00007fcee9b50000, 0x00007fcf6a4875e8, 0x00007fcf6a487600, 0x00007fcf95e7f000)
 Metaspace       used 23254K, capacity 23619K, committed 23808K, reserved 24576K
}
Event: 13.020 GC heap after
{Heap after GC invocations=7 (full 5):
 def new generation   total 1082048K, used 0K [0x00007fc994600000, 0x00007fc9ddc10000, 0x00007fcee9b50000)
  eden space 961856K,   0% used [0x00007fc994600000, 0x00007fc994600000, 0x00007fc9cf150000)
  from space 120192K,   0% used [0x00007fc9cf150000, 0x00007fc9cf150000, 0x00007fc9d66b0000)
  to   space 120192K,   0% used [0x00007fc9d66b0000, 0x00007fc9d66b0000, 0x00007fc9ddc10000)
 tenured generation   total 2404420K, used 533725K [0x00007fcee9b50000, 0x00007fcf7c761000, 0x00007fd994600000)
   the space 2404420K,  22% used [0x00007fcee9b50000, 0x00007fcf0a487668, 0x00007fcf0a487800, 0x00007fcf7c761000)
 Metaspace       used 23254K, capacity 23619K, committed 23808K, reserved 24576K
}

