# JRE version: OpenJDK Runtime Environment (13.0.7+5) (build 13.0.7+5-Ubuntu-0ubuntu120.04)
# Java VM: OpenJDK 64-Bit Server VM (13.0.7+5-Ubuntu-0ubuntu120.04, mixed mode, tiered, serial gc, linux-amd64)
Heap:
 def new generation   total 10252160K, used 308030K [0x00007fe650600000, 0x00007fe907a40000, 0x00007feba5b50000)
  eden space 9113088K,   3% used [0x00007fe650600000, 0x00007fe6632cfb78, 0x00007fe87c980000)
  from space 1139072K,   0% used [0x00007fe87c980000, 0x00007fe87c980000, 0x00007fe8c21e0000)
  to   space 1139072K,   0% used [0x00007fe8c21e0000, 0x00007fe8c21e0000, 0x00007fe907a40000)
 tenured generation   total 23455184K, used 23455183K [0x00007feba5b50000, 0x00007ff13d4c4000, 0x00007ff650600000)
   the space 23455184K,  99% used [0x00007feba5b50000, 0x00007ff13d4c3fe8, 0x00007ff13d4c4000, 0x00007ff13d4c4000)
 Metaspace       used 30482K, capacity 30856K, committed 31232K, reserved 32768K
GC Heap History (20 events):
Event: 745.602 GC heap after
{Heap after GC invocations=52 (full 9):
 def new generation   total 10252160K, used 703647K [0x00007fe650600000, 0x00007fe907a40000, 0x00007feba5b50000)
  eden space 9113088K,   0% used [0x00007fe650600000, 0x00007fe650600000, 0x00007fe87c980000)
  from space 1139072K,  61% used [0x00007fe8c21e0000, 0x00007fe8ed107ec0, 0x00007fe907a40000)
  to   space 1139072K,   0% used [0x00007fe87c980000, 0x00007fe87c980000, 0x00007fe8c21e0000)
 tenured generation   total 22782416K, used 16428861K [0x00007feba5b50000, 0x00007ff1143c4000, 0x00007ff650600000)
   the space 22782416K,  72% used [0x00007feba5b50000, 0x00007fef9071f4a0, 0x00007fef9071f600, 0x00007ff1143c4000)
 Metaspace       used 30482K, capacity 30856K, committed 31232K, reserved 32768K
}
Event: 748.045 GC heap before
{Heap before GC invocations=52 (full 9):
 def new generation   total 10252160K, used 9816735K [0x00007fe650600000, 0x00007fe907a40000, 0x00007feba5b50000)
  eden space 9113088K, 100% used [0x00007fe650600000, 0x00007fe87c980000, 0x00007fe87c980000)
  from space 1139072K,  61% used [0x00007fe8c21e0000, 0x00007fe8ed107ec0, 0x00007fe907a40000)
  to   space 1139072K,   0% used [0x00007fe87c980000, 0x00007fe87c980000, 0x00007fe8c21e0000)
 tenured generation   total 22782416K, used 16428861K [0x00007feba5b50000, 0x00007ff1143c4000, 0x00007ff650600000)
   the space 22782416K,  72% used [0x00007feba5b50000, 0x00007fef9071f4a0, 0x00007fef9071f600, 0x00007ff1143c4000)
 Metaspace       used 30482K, capacity 30856K, committed 31232K, reserved 32768K
}
Event: 749.815 GC heap after
{Heap after GC invocations=53 (full 9):
 def new generation   total 10252160K, used 707744K [0x00007fe650600000, 0x00007fe907a40000, 0x00007feba5b50000)
  eden space 9113088K,   0% used [0x00007fe650600000, 0x00007fe650600000, 0x00007fe87c980000)
  from space 1139072K,  62% used [0x00007fe87c980000, 0x00007fe8a7ca8330, 0x00007fe8c21e0000)
  to   space 1139072K,   0% used [0x00007fe8c21e0000, 0x00007fe8c21e0000, 0x00007fe907a40000)
 tenured generation   total 22782416K, used 17132508K [0x00007feba5b50000, 0x00007ff1143c4000, 0x00007ff650600000)
   the space 22782416K,  75% used [0x00007feba5b50000, 0x00007fefbb647030, 0x00007fefbb647200, 0x00007ff1143c4000)
 Metaspace       used 30482K, capacity 30856K, committed 31232K, reserved 32768K
}
Event: 752.212 GC heap before
{Heap before GC invocations=53 (full 9):
 def new generation   total 10252160K, used 9820832K [0x00007fe650600000, 0x00007fe907a40000, 0x00007feba5b50000)
  eden space 9113088K, 100% used [0x00007fe650600000, 0x00007fe87c980000, 0x00007fe87c980000)
  from space 1139072K,  62% used [0x00007fe87c980000, 0x00007fe8a7ca8330, 0x00007fe8c21e0000)
  to   space 1139072K,   0% used [0x00007fe8c21e0000, 0x00007fe8c21e0000, 0x00007fe907a40000)
 tenured generation   total 22782416K, used 17132508K [0x00007feba5b50000, 0x00007ff1143c4000, 0x00007ff650600000)
   the space 22782416K,  75% used [0x00007feba5b50000, 0x00007fefbb647030, 0x00007fefbb647200, 0x00007ff1143c4000)
 Metaspace       used 30482K, capacity 30856K, committed 31232K, reserved 32768K
}
Event: 754.727 GC heap after
{Heap after GC invocations=54 (full 9):
 def new generation   total 10252160K, used 1113606K [0x00007fe650600000, 0x00007fe907a40000, 0x00007feba5b50000)
  eden space 9113088K,   0% used [0x00007fe650600000, 0x00007fe650600000, 0x00007fe87c980000)
  from space 1139072K,  97% used [0x00007fe8c21e0000, 0x00007fe906161820, 0x00007fe907a40000)
  to   space 1139072K,   0% used [0x00007fe87c980000, 0x00007fe87c980000, 0x00007fe8c21e0000)
 tenured generation   total 22782416K, used 17840251K [0x00007feba5b50000, 0x00007ff1143c4000, 0x00007ff650600000)
   the space 22782416K,  78% used [0x00007feba5b50000, 0x00007fefe696efd0, 0x00007fefe696f000, 0x00007ff1143c4000)
 Metaspace       used 30482K, capacity 30856K, committed 31232K, reserved 32768K
}
Event: 757.176 GC heap before
{Heap before GC invocations=54 (full 9):
 def new generation   total 10252160K, used 10226694K [0x00007fe650600000, 0x00007fe907a40000, 0x00007feba5b50000)
  eden space 9113088K, 100% used [0x00007fe650600000, 0x00007fe87c980000, 0x00007fe87c980000)
  from space 1139072K,  97% used [0x00007fe8c21e0000, 0x00007fe906161820, 0x00007fe907a40000)
  to   space 1139072K,   0% used [0x00007fe87c980000, 0x00007fe87c980000, 0x00007fe8c21e0000)
 tenured generation   total 22782416K, used 17840251K [0x00007feba5b50000, 0x00007ff1143c4000, 0x00007ff650600000)
   the space 22782416K,  78% used [0x00007feba5b50000, 0x00007fefe696efd0, 0x00007fefe696f000, 0x00007ff1143c4000)
 Metaspace       used 30482K, capacity 30856K, committed 31232K, reserved 32768K
}
Event: 759.912 GC heap after
{Heap after GC invocations=55 (full 9):
 def new generation   total 10252160K, used 1061711K [0x00007fe650600000, 0x00007fe907a40000, 0x00007feba5b50000)
  eden space 9113088K,   0% used [0x00007fe650600000, 0x00007fe650600000, 0x00007fe87c980000)
  from space 1139072K,  93% used [0x00007fe87c980000, 0x00007fe8bd653d50, 0x00007fe8c21e0000)
  to   space 1139072K,   0% used [0x00007fe8c21e0000, 0x00007fe8c21e0000, 0x00007fe907a40000)
 tenured generation   total 22782416K, used 18953857K [0x00007feba5b50000, 0x00007ff1143c4000, 0x00007ff650600000)
   the space 22782416K,  83% used [0x00007feba5b50000, 0x00007ff02a8f04f0, 0x00007ff02a8f0600, 0x00007ff1143c4000)
 Metaspace       used 30482K, capacity 30856K, committed 31232K, reserved 32768K
}
Event: 762.527 GC heap before
{Heap before GC invocations=55 (full 9):
 def new generation   total 10252160K, used 10174799K [0x00007fe650600000, 0x00007fe907a40000, 0x00007feba5b50000)
  eden space 9113088K, 100% used [0x00007fe650600000, 0x00007fe87c980000, 0x00007fe87c980000)
  from space 1139072K,  93% used [0x00007fe87c980000, 0x00007fe8bd653d50, 0x00007fe8c21e0000)
  to   space 1139072K,   0% used [0x00007fe8c21e0000, 0x00007fe8c21e0000, 0x00007fe907a40000)
 tenured generation   total 22782416K, used 18953857K [0x00007feba5b50000, 0x00007ff1143c4000, 0x00007ff650600000)
   the space 22782416K,  83% used [0x00007feba5b50000, 0x00007ff02a8f04f0, 0x00007ff02a8f0600, 0x00007ff1143c4000)
 Metaspace       used 30482K, capacity 30856K, committed 31232K, reserved 32768K
}
Event: 764.487 GC heap after
{Heap after GC invocations=56 (full 9):
 def new generation   total 10252160K, used 666246K [0x00007fe650600000, 0x00007fe907a40000, 0x00007feba5b50000)
  eden space 9113088K,   0% used [0x00007fe650600000, 0x00007fe650600000, 0x00007fe87c980000)
  from space 1139072K,  58% used [0x00007fe8c21e0000, 0x00007fe8eac81860, 0x00007fe907a40000)
  to   space 1139072K,   0% used [0x00007fe87c980000, 0x00007fe87c980000, 0x00007fe8c21e0000)
 tenured generation   total 22782416K, used 20015568K [0x00007feba5b50000, 0x00007ff1143c4000, 0x00007ff650600000)
   the space 22782416K,  87% used [0x00007feba5b50000, 0x00007ff06b5c40e0, 0x00007ff06b5c4200, 0x00007ff1143c4000)
 Metaspace       used 30482K, capacity 30856K, committed 31232K, reserved 32768K
}
Event: 767.115 GC heap before
{Heap before GC invocations=56 (full 9):
 def new generation   total 10252160K, used 9779334K [0x00007fe650600000, 0x00007fe907a40000, 0x00007feba5b50000)
  eden space 9113088K, 100% used [0x00007fe650600000, 0x00007fe87c980000, 0x00007fe87c980000)
  from space 1139072K,  58% used [0x00007fe8c21e0000, 0x00007fe8eac81860, 0x00007fe907a40000)
  to   space 1139072K,   0% used [0x00007fe87c980000, 0x00007fe87c980000, 0x00007fe8c21e0000)
 tenured generation   total 22782416K, used 20015568K [0x00007feba5b50000, 0x00007ff1143c4000, 0x00007ff650600000)
   the space 22782416K,  87% used [0x00007feba5b50000, 0x00007ff06b5c40e0, 0x00007ff06b5c4200, 0x00007ff1143c4000)
 Metaspace       used 30482K, capacity 30856K, committed 31232K, reserved 32768K
}
Event: 768.757 GC heap after
{Heap after GC invocations=57 (full 9):
 def new generation   total 10252160K, used 667320K [0x00007fe650600000, 0x00007fe907a40000, 0x00007feba5b50000)
  eden space 9113088K,   0% used [0x00007fe650600000, 0x00007fe650600000, 0x00007fe87c980000)
  from space 1139072K,  58% used [0x00007fe87c980000, 0x00007fe8a552e1c0, 0x00007fe8c21e0000)
  to   space 1139072K,   0% used [0x00007fe8c21e0000, 0x00007fe8c21e0000, 0x00007fe907a40000)
 tenured generation   total 22782416K, used 20681813K [0x00007feba5b50000, 0x00007ff1143c4000, 0x00007ff650600000)
   the space 22782416K,  90% used [0x00007feba5b50000, 0x00007ff094065590, 0x00007ff094065600, 0x00007ff1143c4000)
 Metaspace       used 30482K, capacity 30856K, committed 31232K, reserved 32768K
}
Event: 771.330 GC heap before
{Heap before GC invocations=57 (full 9):
 def new generation   total 10252160K, used 9780408K [0x00007fe650600000, 0x00007fe907a40000, 0x00007feba5b50000)
  eden space 9113088K, 100% used [0x00007fe650600000, 0x00007fe87c980000, 0x00007fe87c980000)
  from space 1139072K,  58% used [0x00007fe87c980000, 0x00007fe8a552e1c0, 0x00007fe8c21e0000)
  to   space 1139072K,   0% used [0x00007fe8c21e0000, 0x00007fe8c21e0000, 0x00007fe907a40000)
 tenured generation   total 22782416K, used 20681813K [0x00007feba5b50000, 0x00007ff1143c4000, 0x00007ff650600000)
   the space 22782416K,  90% used [0x00007feba5b50000, 0x00007ff094065590, 0x00007ff094065600, 0x00007ff1143c4000)
 Metaspace       used 30482K, capacity 30856K, committed 31232K, reserved 32768K
}
Event: 773.036 GC heap after
{Heap after GC invocations=58 (full 9):
 def new generation   total 10252160K, used 689889K [0x00007fe650600000, 0x00007fe907a40000, 0x00007feba5b50000)
  eden space 9113088K,   0% used [0x00007fe650600000, 0x00007fe650600000, 0x00007fe87c980000)
  from space 1139072K,  60% used [0x00007fe8c21e0000, 0x00007fe8ec398650, 0x00007fe907a40000)
  to   space 1139072K,   0% used [0x00007fe87c980000, 0x00007fe87c980000, 0x00007fe8c21e0000)
 tenured generation   total 22782416K, used 21349133K [0x00007feba5b50000, 0x00007ff1143c4000, 0x00007ff650600000)
   the space 22782416K,  93% used [0x00007feba5b50000, 0x00007ff0bcc13410, 0x00007ff0bcc13600, 0x00007ff1143c4000)
 Metaspace       used 30482K, capacity 30856K, committed 31232K, reserved 32768K
}
Event: 775.497 GC heap before
{Heap before GC invocations=58 (full 9):
 def new generation   total 10252160K, used 9802977K [0x00007fe650600000, 0x00007fe907a40000, 0x00007feba5b50000)
  eden space 9113088K, 100% used [0x00007fe650600000, 0x00007fe87c980000, 0x00007fe87c980000)
  from space 1139072K,  60% used [0x00007fe8c21e0000, 0x00007fe8ec398650, 0x00007fe907a40000)
  to   space 1139072K,   0% used [0x00007fe87c980000, 0x00007fe87c980000, 0x00007fe8c21e0000)
 tenured generation   total 22782416K, used 21349133K [0x00007feba5b50000, 0x00007ff1143c4000, 0x00007ff650600000)
   the space 22782416K,  93% used [0x00007feba5b50000, 0x00007ff0bcc13410, 0x00007ff0bcc13600, 0x00007ff1143c4000)
 Metaspace       used 30482K, capacity 30856K, committed 31232K, reserved 32768K
}
Event: 777.267 GC heap after
{Heap after GC invocations=59 (full 9):
 def new generation   total 10252160K, used 709055K [0x00007fe650600000, 0x00007fe907a40000, 0x00007feba5b50000)
  eden space 9113088K,   0% used [0x00007fe650600000, 0x00007fe650600000, 0x00007fe87c980000)
  from space 1139072K,  62% used [0x00007fe87c980000, 0x00007fe8a7defd00, 0x00007fe8c21e0000)
  to   space 1139072K,   0% used [0x00007fe8c21e0000, 0x00007fe8c21e0000, 0x00007fe907a40000)
 tenured generation   total 22782416K, used 22039022K [0x00007feba5b50000, 0x00007ff1143c4000, 0x00007ff650600000)
   the space 22782416K,  96% used [0x00007feba5b50000, 0x00007ff0e6dcb820, 0x00007ff0e6dcba00, 0x00007ff1143c4000)
 Metaspace       used 30482K, capacity 30856K, committed 31232K, reserved 32768K
}
Event: 779.735 GC heap before
{Heap before GC invocations=59 (full 9):
 def new generation   total 10252160K, used 9822143K [0x00007fe650600000, 0x00007fe907a40000, 0x00007feba5b50000)
  eden space 9113088K, 100% used [0x00007fe650600000, 0x00007fe87c980000, 0x00007fe87c980000)
  from space 1139072K,  62% used [0x00007fe87c980000, 0x00007fe8a7defd00, 0x00007fe8c21e0000)
  to   space 1139072K,   0% used [0x00007fe8c21e0000, 0x00007fe8c21e0000, 0x00007fe907a40000)
 tenured generation   total 22782416K, used 22039022K [0x00007feba5b50000, 0x00007ff1143c4000, 0x00007ff650600000)
   the space 22782416K,  96% used [0x00007feba5b50000, 0x00007ff0e6dcb820, 0x00007ff0e6dcba00, 0x00007ff1143c4000)
 Metaspace       used 30482K, capacity 30856K, committed 31232K, reserved 32768K
}
Event: 781.509 GC heap after
{Heap after GC invocations=60 (full 9):
 def new generation   total 10252160K, used 707000K [0x00007fe650600000, 0x00007fe907a40000, 0x00007feba5b50000)
  eden space 9113088K,   0% used [0x00007fe650600000, 0x00007fe650600000, 0x00007fe87c980000)
  from space 1139072K,  62% used [0x00007fe8c21e0000, 0x00007fe8ed44e160, 0x00007fe907a40000)
  to   space 1139072K,   0% used [0x00007fe87c980000, 0x00007fe87c980000, 0x00007fe8c21e0000)
 tenured generation   total 22782416K, used 22748076K [0x00007feba5b50000, 0x00007ff1143c4000, 0x00007ff650600000)
   the space 22782416K,  99% used [0x00007feba5b50000, 0x00007ff11223b260, 0x00007ff11223b400, 0x00007ff1143c4000)
 Metaspace       used 30482K, capacity 30856K, committed 31232K, reserved 32768K
}
Event: 783.933 GC heap before
{Heap before GC invocations=60 (full 9):
 def new generation   total 10252160K, used 9820088K [0x00007fe650600000, 0x00007fe907a40000, 0x00007feba5b50000)
  eden space 9113088K, 100% used [0x00007fe650600000, 0x00007fe87c980000, 0x00007fe87c980000)
  from space 1139072K,  62% used [0x00007fe8c21e0000, 0x00007fe8ed44e160, 0x00007fe907a40000)
  to   space 1139072K,   0% used [0x00007fe87c980000, 0x00007fe87c980000, 0x00007fe8c21e0000)
 tenured generation   total 22782416K, used 22748076K [0x00007feba5b50000, 0x00007ff1143c4000, 0x00007ff650600000)
   the space 22782416K,  99% used [0x00007feba5b50000, 0x00007ff11223b260, 0x00007ff11223b400, 0x00007ff1143c4000)
 Metaspace       used 30482K, capacity 30856K, committed 31232K, reserved 32768K
}
Event: 786.381 GC heap after
{Heap after GC invocations=61 (full 9):
 def new generation   total 10252160K, used 1131112K [0x00007fe650600000, 0x00007fe907a40000, 0x00007feba5b50000)
  eden space 9113088K,   0% used [0x00007fe650600000, 0x00007fe650600000, 0x00007fe87c980000)
  from space 1139072K,  99% used [0x00007fe87c980000, 0x00007fe8c1a1a090, 0x00007fe8c21e0000)
  to   space 1139072K,   0% used [0x00007fe8c21e0000, 0x00007fe8c21e0000, 0x00007fe907a40000)
 tenured generation   total 23455184K, used 23455076K [0x00007feba5b50000, 0x00007ff13d4c4000, 0x00007ff650600000)
   the space 23455184K,  99% used [0x00007feba5b50000, 0x00007ff13d4a9140, 0x00007ff13d4a9200, 0x00007ff13d4c4000)
 Metaspace       used 30482K, capacity 30856K, committed 31232K, reserved 32768K
}
Event: 786.381 GC heap before
{Heap before GC invocations=61 (full 9):
 def new generation   total 10252160K, used 1131112K [0x00007fe650600000, 0x00007fe907a40000, 0x00007feba5b50000)
  eden space 9113088K,   0% used [0x00007fe650600000, 0x00007fe650600000, 0x00007fe87c980000)
  from space 1139072K,  99% used [0x00007fe87c980000, 0x00007fe8c1a1a090, 0x00007fe8c21e0000)
  to   space 1139072K,   0% used [0x00007fe8c21e0000, 0x00007fe8c21e0000, 0x00007fe907a40000)
 tenured generation   total 23455184K, used 23455076K [0x00007feba5b50000, 0x00007ff13d4c4000, 0x00007ff650600000)
   the space 23455184K,  99% used [0x00007feba5b50000, 0x00007ff13d4a9140, 0x00007ff13d4a9200, 0x00007ff13d4c4000)
 Metaspace       used 30482K, capacity 30856K, committed 31232K, reserved 32768K
}

