# JRE version: OpenJDK Runtime Environment (13.0.7+5) (build 13.0.7+5-Ubuntu-0ubuntu120.04)
# Java VM: OpenJDK 64-Bit Server VM (13.0.7+5-Ubuntu-0ubuntu120.04, mixed mode, tiered, serial gc, linux-amd64)
Heap:
 def new generation   total 3351360K, used 2941663K [0x00007fa594600000, 0x00007fa677a70000, 0x00007faae9b50000)
  eden space 2979008K,  98% used [0x00007fa594600000, 0x00007fa647eb7ca0, 0x00007fa64a330000)
  from space 372352K,   0% used [0x00007fa660ed0000, 0x00007fa660ed0148, 0x00007fa677a70000)
  to   space 372352K,  70% used [0x00007fa64a330000, 0x00007fa65a330658, 0x00007fa660ed0000)
 tenured generation   total 7447380K, used 7089867K [0x00007faae9b50000, 0x00007facb0425000, 0x00007fb594600000)
   the space 7447380K,  95% used [0x00007faae9b50000, 0x00007fac9a702e68, 0x00007fac9a703000, 0x00007facb0425000)
 Metaspace       used 31308K, capacity 31721K, committed 32000K, reserved 32768K
GC Heap History (20 events):
Event: 271.054 GC heap after
{Heap after GC invocations=314 (full 27):
 def new generation   total 2546560K, used 1153K [0x00007fa594600000, 0x00007fa641130000, 0x00007faae9b50000)
  eden space 2263616K,   0% used [0x00007fa594600000, 0x00007fa594600000, 0x00007fa61e890000)
  from space 282944K,   0% used [0x00007fa62fce0000, 0x00007fa62fe00400, 0x00007fa641130000)
  to   space 282944K,   0% used [0x00007fa61e890000, 0x00007fa61e890000, 0x00007fa62fce0000)
 tenured generation   total 5658924K, used 1327451K [0x00007faae9b50000, 0x00007fac4319b000, 0x00007fb594600000)
   the space 5658924K,  23% used [0x00007faae9b50000, 0x00007fab3aba6c40, 0x00007fab3aba6e00, 0x00007fac4319b000)
 Metaspace       used 31308K, capacity 31721K, committed 32000K, reserved 32768K
}
Event: 272.000 GC heap before
{Heap before GC invocations=314 (full 27):
 def new generation   total 2546560K, used 2142652K [0x00007fa594600000, 0x00007fa641130000, 0x00007faae9b50000)
  eden space 2263616K,  94% used [0x00007fa594600000, 0x00007fa61714eca0, 0x00007fa61e890000)
  from space 282944K,   0% used [0x00007fa62fce0000, 0x00007fa62fe00400, 0x00007fa641130000)
  to   space 282944K,   0% used [0x00007fa61e890000, 0x00007fa61e890000, 0x00007fa62fce0000)
 tenured generation   total 5658924K, used 1327451K [0x00007faae9b50000, 0x00007fac4319b000, 0x00007fb594600000)
   the space 5658924K,  23% used [0x00007faae9b50000, 0x00007fab3aba6c40, 0x00007fab3aba6e00, 0x00007fac4319b000)
 Metaspace       used 31308K, capacity 31721K, committed 32000K, reserved 32768K
}
Event: 272.107 GC heap after
{Heap after GC invocations=315 (full 27):
 def new generation   total 2546560K, used 1152K [0x00007fa594600000, 0x00007fa641130000, 0x00007faae9b50000)
  eden space 2263616K,   0% used [0x00007fa594600000, 0x00007fa594600000, 0x00007fa61e890000)
  from space 282944K,   0% used [0x00007fa61e890000, 0x00007fa61e9b0380, 0x00007fa62fce0000)
  to   space 282944K,   0% used [0x00007fa62fce0000, 0x00007fa62fce0000, 0x00007fa641130000)
 tenured generation   total 5658924K, used 2376027K [0x00007faae9b50000, 0x00007fac4319b000, 0x00007fb594600000)
   the space 5658924K,  41% used [0x00007faae9b50000, 0x00007fab7aba6c70, 0x00007fab7aba6e00, 0x00007fac4319b000)
 Metaspace       used 31308K, capacity 31721K, committed 32000K, reserved 32768K
}
Event: 272.887 GC heap before
{Heap before GC invocations=315 (full 27):
 def new generation   total 2546560K, used 1356526K [0x00007fa594600000, 0x00007fa641130000, 0x00007faae9b50000)
  eden space 2263616K,  59% used [0x00007fa594600000, 0x00007fa5e719b7a8, 0x00007fa61e890000)
  from space 282944K,   0% used [0x00007fa61e890000, 0x00007fa61e9b0380, 0x00007fa62fce0000)
  to   space 282944K,   0% used [0x00007fa62fce0000, 0x00007fa62fce0000, 0x00007fa641130000)
 tenured generation   total 5658924K, used 2376027K [0x00007faae9b50000, 0x00007fac4319b000, 0x00007fb594600000)
   the space 5658924K,  41% used [0x00007faae9b50000, 0x00007fab7aba6c70, 0x00007fab7aba6e00, 0x00007fac4319b000)
 Metaspace       used 31308K, capacity 31721K, committed 32000K, reserved 32768K
}
Event: 272.954 GC heap after
{Heap after GC invocations=316 (full 27):
 def new generation   total 2546560K, used 263301K [0x00007fa594600000, 0x00007fa641130000, 0x00007faae9b50000)
  eden space 2263616K,   0% used [0x00007fa594600000, 0x00007fa594600000, 0x00007fa61e890000)
  from space 282944K,  93% used [0x00007fa62fce0000, 0x00007fa63fe01590, 0x00007fa641130000)
  to   space 282944K,   0% used [0x00007fa61e890000, 0x00007fa61e890000, 0x00007fa62fce0000)
 tenured generation   total 5658924K, used 2376027K [0x00007faae9b50000, 0x00007fac4319b000, 0x00007fb594600000)
   the space 5658924K,  41% used [0x00007faae9b50000, 0x00007fab7aba6c70, 0x00007fab7aba6e00, 0x00007fac4319b000)
 Metaspace       used 31308K, capacity 31721K, committed 32000K, reserved 32768K
}
Event: 272.954 GC heap before
{Heap before GC invocations=316 (full 27):
 def new generation   total 2546560K, used 263301K [0x00007fa594600000, 0x00007fa641130000, 0x00007faae9b50000)
  eden space 2263616K,   0% used [0x00007fa594600000, 0x00007fa594600000, 0x00007fa61e890000)
  from space 282944K,  93% used [0x00007fa62fce0000, 0x00007fa63fe01590, 0x00007fa641130000)
  to   space 282944K,   0% used [0x00007fa61e890000, 0x00007fa61e890000, 0x00007fa62fce0000)
 tenured generation   total 5658924K, used 2376027K [0x00007faae9b50000, 0x00007fac4319b000, 0x00007fb594600000)
   the space 5658924K,  41% used [0x00007faae9b50000, 0x00007fab7aba6c70, 0x00007fab7aba6e00, 0x00007fac4319b000)
 Metaspace       used 31308K, capacity 31721K, committed 32000K, reserved 32768K
}
Event: 273.317 GC heap after
{Heap after GC invocations=316 (full 28):
 def new generation   total 629248K, used 0K [0x00007fa594600000, 0x00007fa5bf0c0000, 0x00007faae9b50000)
  eden space 559360K,   0% used [0x00007fa594600000, 0x00007fa594600000, 0x00007fa5b6840000)
  from space 69888K,   0% used [0x00007fa5b6840000, 0x00007fa5b6840000, 0x00007fa5bac80000)
  to   space 69888K,   0% used [0x00007fa5bac80000, 0x00007fa5bac80000, 0x00007fa5bf0c0000)
 tenured generation   total 1398148K, used 274122K [0x00007faae9b50000, 0x00007fab3f0b1000, 0x00007fb594600000)
   the space 1398148K,  19% used [0x00007faae9b50000, 0x00007faafa702a38, 0x00007faafa702c00, 0x00007fab3f0b1000)
 Metaspace       used 31308K, capacity 31721K, committed 32000K, reserved 32768K
}
Event: 275.906 GC heap before
{Heap before GC invocations=316 (full 28):
 def new generation   total 629248K, used 10958K [0x00007fa594600000, 0x00007fa5bf0c0000, 0x00007faae9b50000)
  eden space 559360K,   1% used [0x00007fa594600000, 0x00007fa5950b3b80, 0x00007fa5b6840000)
  from space 69888K,   0% used [0x00007fa5b6840000, 0x00007fa5b6840000, 0x00007fa5bac80000)
  to   space 69888K,   0% used [0x00007fa5bac80000, 0x00007fa5bac80000, 0x00007fa5bf0c0000)
 tenured generation   total 5592456K, used 4468426K [0x00007faae9b50000, 0x00007fac3f0b2000, 0x00007fb594600000)
   the space 5592456K,  79% used [0x00007faae9b50000, 0x00007fabfa702a50, 0x00007fabfa702c00, 0x00007fac3f0b2000)
 Metaspace       used 31308K, capacity 31721K, committed 32000K, reserved 32768K
}
Event: 275.908 GC heap after
{Heap after GC invocations=317 (full 28):
 def new generation   total 629248K, used 0K [0x00007fa594600000, 0x00007fa5bf0c0000, 0x00007faae9b50000)
  eden space 559360K,   0% used [0x00007fa594600000, 0x00007fa594600000, 0x00007fa5b6840000)
  from space 69888K,   0% used [0x00007fa5bac80000, 0x00007fa5bac80158, 0x00007fa5bf0c0000)
  to   space 69888K,   0% used [0x00007fa5b6840000, 0x00007fa5b6840000, 0x00007fa5bac80000)
 tenured generation   total 5592456K, used 4468426K [0x00007faae9b50000, 0x00007fac3f0b2000, 0x00007fb594600000)
   the space 5592456K,  79% used [0x00007faae9b50000, 0x00007fabfa702a50, 0x00007fabfa702c00, 0x00007fac3f0b2000)
 Metaspace       used 31308K, capacity 31721K, committed 32000K, reserved 32768K
}
Event: 275.908 GC heap before
{Heap before GC invocations=317 (full 28):
 def new generation   total 629248K, used 0K [0x00007fa594600000, 0x00007fa5bf0c0000, 0x00007faae9b50000)
  eden space 559360K,   0% used [0x00007fa594600000, 0x00007fa594600000, 0x00007fa5b6840000)
  from space 69888K,   0% used [0x00007fa5bac80000, 0x00007fa5bac80158, 0x00007fa5bf0c0000)
  to   space 69888K,   0% used [0x00007fa5b6840000, 0x00007fa5b6840000, 0x00007fa5bac80000)
 tenured generation   total 5592456K, used 4468426K [0x00007faae9b50000, 0x00007fac3f0b2000, 0x00007fb594600000)
   the space 5592456K,  79% used [0x00007faae9b50000, 0x00007fabfa702a50, 0x00007fabfa702c00, 0x00007fac3f0b2000)
 Metaspace       used 31308K, capacity 31721K, committed 32000K, reserved 32768K
}
Event: 275.938 GC heap after
{Heap after GC invocations=317 (full 29):
 def new generation   total 3351360K, used 0K [0x00007fa594600000, 0x00007fa677a70000, 0x00007faae9b50000)
  eden space 2979008K,   0% used [0x00007fa594600000, 0x00007fa594600000, 0x00007fa64a330000)
  from space 372352K,   0% used [0x00007fa64a330000, 0x00007fa64a330000, 0x00007fa660ed0000)
  to   space 372352K,   0% used [0x00007fa660ed0000, 0x00007fa660ed0000, 0x00007fa677a70000)
 tenured generation   total 7447380K, used 4468426K [0x00007faae9b50000, 0x00007facb0425000, 0x00007fb594600000)
   the space 7447380K,  59% used [0x00007faae9b50000, 0x00007fabfa702ba8, 0x00007fabfa702c00, 0x00007facb0425000)
 Metaspace       used 31308K, capacity 31721K, committed 32000K, reserved 32768K
}
Event: 277.883 GC heap before
{Heap before GC invocations=317 (full 29):
 def new generation   total 3351360K, used 2155516K [0x00007fa594600000, 0x00007fa677a70000, 0x00007faae9b50000)
  eden space 2979008K,  72% used [0x00007fa594600000, 0x00007fa617eff030, 0x00007fa64a330000)
  from space 372352K,   0% used [0x00007fa64a330000, 0x00007fa64a330000, 0x00007fa660ed0000)
  to   space 372352K,   0% used [0x00007fa660ed0000, 0x00007fa660ed0000, 0x00007fa677a70000)
 tenured generation   total 7447380K, used 4468426K [0x00007faae9b50000, 0x00007facb0425000, 0x00007fb594600000)
   the space 7447380K,  59% used [0x00007faae9b50000, 0x00007fabfa702ba8, 0x00007fabfa702c00, 0x00007facb0425000)
 Metaspace       used 31308K, capacity 31721K, committed 32000K, reserved 32768K
}
Event: 279.076 GC heap after
{Heap after GC invocations=318 (full 29):
 def new generation   total 3351360K, used 0K [0x00007fa594600000, 0x00007fa677a70000, 0x00007faae9b50000)
  eden space 2979008K,   0% used [0x00007fa594600000, 0x00007fa594600000, 0x00007fa64a330000)
  from space 372352K,   0% used [0x00007fa660ed0000, 0x00007fa660ed00b0, 0x00007fa677a70000)
  to   space 372352K,   0% used [0x00007fa64a330000, 0x00007fa64a330000, 0x00007fa660ed0000)
 tenured generation   total 7447380K, used 6565578K [0x00007faae9b50000, 0x00007facb0425000, 0x00007fb594600000)
   the space 7447380K,  88% used [0x00007faae9b50000, 0x00007fac7a702bc0, 0x00007fac7a702c00, 0x00007facb0425000)
 Metaspace       used 31308K, capacity 31721K, committed 32000K, reserved 32768K
}
Event: 279.453 GC heap before
{Heap before GC invocations=318 (full 29):
 def new generation   total 3351360K, used 2155377K [0x00007fa594600000, 0x00007fa677a70000, 0x00007faae9b50000)
  eden space 2979008K,  72% used [0x00007fa594600000, 0x00007fa617edc460, 0x00007fa64a330000)
  from space 372352K,   0% used [0x00007fa660ed0000, 0x00007fa660ed00b0, 0x00007fa677a70000)
  to   space 372352K,   0% used [0x00007fa64a330000, 0x00007fa64a330000, 0x00007fa660ed0000)
 tenured generation   total 7447380K, used 6565578K [0x00007faae9b50000, 0x00007facb0425000, 0x00007fb594600000)
   the space 7447380K,  88% used [0x00007faae9b50000, 0x00007fac7a702bc0, 0x00007fac7a702c00, 0x00007facb0425000)
 Metaspace       used 31308K, capacity 31721K, committed 32000K, reserved 32768K
}
Event: 280.595 GC heap after
{Heap after GC invocations=319 (full 29):
 def new generation   total 3351360K, used 0K [0x00007fa594600000, 0x00007fa677a70000, 0x00007faae9b50000)
  eden space 2979008K,   0% used [0x00007fa594600000, 0x00007fa594600000, 0x00007fa64a330000)
  from space 372352K,   0% used [0x00007fa64a330000, 0x00007fa64a3302e0, 0x00007fa660ed0000)
  to   space 372352K,   0% used [0x00007fa660ed0000, 0x00007fa660ed0000, 0x00007fa677a70000)
 tenured generation   total 9544536K, used 8662730K [0x00007faae9b50000, 0x00007fad30426000, 0x00007fb594600000)
   the space 9544536K,  90% used [0x00007faae9b50000, 0x00007facfa702bd8, 0x00007facfa702c00, 0x00007fad30426000)
 Metaspace       used 31308K, capacity 31721K, committed 32000K, reserved 32768K
}
Event: 280.595 GC heap before
{Heap before GC invocations=319 (full 29):
 def new generation   total 3351360K, used 0K [0x00007fa594600000, 0x00007fa677a70000, 0x00007faae9b50000)
  eden space 2979008K,   0% used [0x00007fa594600000, 0x00007fa594600000, 0x00007fa64a330000)
  from space 372352K,   0% used [0x00007fa64a330000, 0x00007fa64a3302e0, 0x00007fa660ed0000)
  to   space 372352K,   0% used [0x00007fa660ed0000, 0x00007fa660ed0000, 0x00007fa677a70000)
 tenured generation   total 9544536K, used 8662730K [0x00007faae9b50000, 0x00007fad30426000, 0x00007fb594600000)
   the space 9544536K,  90% used [0x00007faae9b50000, 0x00007facfa702bd8, 0x00007facfa702c00, 0x00007fad30426000)
 Metaspace       used 31308K, capacity 31721K, committed 32000K, reserved 32768K
}
Event: 281.216 GC heap after
{Heap after GC invocations=319 (full 30):
 def new generation   total 3351360K, used 0K [0x00007fa594600000, 0x00007fa677a70000, 0x00007faae9b50000)
  eden space 2979008K,   0% used [0x00007fa594600000, 0x00007fa594600000, 0x00007fa64a330000)
  from space 372352K,   0% used [0x00007fa64a330000, 0x00007fa64a330000, 0x00007fa660ed0000)
  to   space 372352K,   0% used [0x00007fa660ed0000, 0x00007fa660ed0000, 0x00007fa677a70000)
 tenured generation   total 7447380K, used 4468427K [0x00007faae9b50000, 0x00007facb0425000, 0x00007fb594600000)
   the space 7447380K,  59% used [0x00007faae9b50000, 0x00007fabfa702e38, 0x00007fabfa703000, 0x00007facb0425000)
 Metaspace       used 31308K, capacity 31721K, committed 32000K, reserved 32768K
}
Event: 282.492 GC heap before
{Heap before GC invocations=319 (full 30):
 def new generation   total 3351360K, used 2155288K [0x00007fa594600000, 0x00007fa677a70000, 0x00007faae9b50000)
  eden space 2979008K,  72% used [0x00007fa594600000, 0x00007fa617ec6040, 0x00007fa64a330000)
  from space 372352K,   0% used [0x00007fa64a330000, 0x00007fa64a330000, 0x00007fa660ed0000)
  to   space 372352K,   0% used [0x00007fa660ed0000, 0x00007fa660ed0000, 0x00007fa677a70000)
 tenured generation   total 7447380K, used 4468427K [0x00007faae9b50000, 0x00007facb0425000, 0x00007fb594600000)
   the space 7447380K,  59% used [0x00007faae9b50000, 0x00007fabfa702e38, 0x00007fabfa703000, 0x00007facb0425000)
 Metaspace       used 31308K, capacity 31721K, committed 32000K, reserved 32768K
}
Event: 282.731 GC heap after
{Heap after GC invocations=320 (full 30):
 def new generation   total 3351360K, used 0K [0x00007fa594600000, 0x00007fa677a70000, 0x00007faae9b50000)
  eden space 2979008K,   0% used [0x00007fa594600000, 0x00007fa594600000, 0x00007fa64a330000)
  from space 372352K,   0% used [0x00007fa660ed0000, 0x00007fa660ed0148, 0x00007fa677a70000)
  to   space 372352K,   0% used [0x00007fa64a330000, 0x00007fa64a330000, 0x00007fa660ed0000)
 tenured generation   total 7447380K, used 6565579K [0x00007faae9b50000, 0x00007facb0425000, 0x00007fb594600000)
   the space 7447380K,  88% used [0x00007faae9b50000, 0x00007fac7a702e50, 0x00007fac7a703000, 0x00007facb0425000)
 Metaspace       used 31308K, capacity 31721K, committed 32000K, reserved 32768K
}
Event: 284.759 GC heap before
{Heap before GC invocations=320 (full 30):
 def new generation   total 3351360K, used 2941663K [0x00007fa594600000, 0x00007fa677a70000, 0x00007faae9b50000)
  eden space 2979008K,  98% used [0x00007fa594600000, 0x00007fa647eb7ca0, 0x00007fa64a330000)
  from space 372352K,   0% used [0x00007fa660ed0000, 0x00007fa660ed0148, 0x00007fa677a70000)
  to   space 372352K,   0% used [0x00007fa64a330000, 0x00007fa64a330000, 0x00007fa660ed0000)
 tenured generation   total 7447380K, used 6565579K [0x00007faae9b50000, 0x00007facb0425000, 0x00007fb594600000)
   the space 7447380K,  88% used [0x00007faae9b50000, 0x00007fac7a702e50, 0x00007fac7a703000, 0x00007facb0425000)
 Metaspace       used 31308K, capacity 31721K, committed 32000K, reserved 32768K
}

