# JRE version: OpenJDK Runtime Environment (13.0.7+5) (build 13.0.7+5-Ubuntu-0ubuntu120.04)
# Java VM: OpenJDK 64-Bit Server VM (13.0.7+5-Ubuntu-0ubuntu120.04, mixed mode, tiered, serial gc, linux-amd64)
Heap:
 def new generation   total 2044800K, used 0K [0x00007f1fac600000, 0x00007f20370c0000, 0x00007f2501b50000)
  eden space 1817600K,   0% used [0x00007f1fac600000, 0x00007f1fac600000, 0x00007f201b500000)
  from space 227200K,   0% used [0x00007f201b500000, 0x00007f201b500000, 0x00007f20292e0000)
  to   space 227200K,   0% used [0x00007f20292e0000, 0x00007f20292e0000, 0x00007f20370c0000)
 tenured generation   total 4543880K, used 2630980K [0x00007f2501b50000, 0x00007f26170b2000, 0x00007f2fac600000)
   the space 4543880K,  57% used [0x00007f2501b50000, 0x00007f25a24a1398, 0x00007f25a24a1400, 0x00007f26170b2000)
 Metaspace       used 23290K, capacity 23680K, committed 23808K, reserved 24576K
GC Heap History (20 events):
Event: 9.642 GC heap before
{Heap before GC invocations=8 (full 2):
 def new generation   total 629248K, used 535338K [0x00007f1fac600000, 0x00007f1fd70c0000, 0x00007f2501b50000)
  eden space 559360K,  95% used [0x00007f1fac600000, 0x00007f1fcd0ca6d0, 0x00007f1fce840000)
  from space 69888K,   0% used [0x00007f1fd2c80000, 0x00007f1fd2c80198, 0x00007f1fd70c0000)
  to   space 69888K,   0% used [0x00007f1fce840000, 0x00007f1fce840000, 0x00007f1fd2c80000)
 tenured generation   total 2446724K, used 2111999K [0x00007f2501b50000, 0x00007f25970b1000, 0x00007f2fac600000)
   the space 2446724K,  86% used [0x00007f2501b50000, 0x00007f25829cfcb0, 0x00007f25829cfe00, 0x00007f25970b1000)
 Metaspace       used 23226K, capacity 23594K, committed 23808K, reserved 24576K
}
Event: 9.934 GC heap after
{Heap after GC invocations=9 (full 2):
 def new generation   total 629248K, used 0K [0x00007f1fac600000, 0x00007f1fd70c0000, 0x00007f2501b50000)
  eden space 559360K,   0% used [0x00007f1fac600000, 0x00007f1fac600000, 0x00007f1fce840000)
  from space 69888K,   0% used [0x00007f1fce840000, 0x00007f1fce8403c8, 0x00007f1fd2c80000)
  to   space 69888K,   0% used [0x00007f1fd2c80000, 0x00007f1fd2c80000, 0x00007f1fd70c0000)
 tenured generation   total 2971016K, used 2636287K [0x00007f2501b50000, 0x00007f25b70b2000, 0x00007f2fac600000)
   the space 2971016K,  88% used [0x00007f2501b50000, 0x00007f25a29cfcc8, 0x00007f25a29cfe00, 0x00007f25b70b2000)
 Metaspace       used 23226K, capacity 23594K, committed 23808K, reserved 24576K
}
Event: 9.934 GC heap before
{Heap before GC invocations=9 (full 2):
 def new generation   total 629248K, used 0K [0x00007f1fac600000, 0x00007f1fd70c0000, 0x00007f2501b50000)
  eden space 559360K,   0% used [0x00007f1fac600000, 0x00007f1fac600000, 0x00007f1fce840000)
  from space 69888K,   0% used [0x00007f1fce840000, 0x00007f1fce8403c8, 0x00007f1fd2c80000)
  to   space 69888K,   0% used [0x00007f1fd2c80000, 0x00007f1fd2c80000, 0x00007f1fd70c0000)
 tenured generation   total 2971016K, used 2636287K [0x00007f2501b50000, 0x00007f25b70b2000, 0x00007f2fac600000)
   the space 2971016K,  88% used [0x00007f2501b50000, 0x00007f25a29cfcc8, 0x00007f25a29cfe00, 0x00007f25b70b2000)
 Metaspace       used 23226K, capacity 23594K, committed 23808K, reserved 24576K
}
Event: 10.371 GC heap after
{Heap after GC invocations=9 (full 3):
 def new generation   total 1101120K, used 0K [0x00007f1fac600000, 0x00007f1ff70c0000, 0x00007f2501b50000)
  eden space 978816K,   0% used [0x00007f1fac600000, 0x00007f1fac600000, 0x00007f1fe81e0000)
  from space 122304K,   0% used [0x00007f1fe81e0000, 0x00007f1fe81e0000, 0x00007f1fef950000)
  to   space 122304K,   0% used [0x00007f1fef950000, 0x00007f1fef950000, 0x00007f1ff70c0000)
 tenured generation   total 2446724K, used 1063422K [0x00007f2501b50000, 0x00007f25970b1000, 0x00007f2fac600000)
   the space 2446724K,  43% used [0x00007f2501b50000, 0x00007f25429cfbd0, 0x00007f25429cfc00, 0x00007f25970b1000)
 Metaspace       used 23226K, capacity 23594K, committed 23808K, reserved 24576K
}
Event: 11.563 GC heap before
{Heap before GC invocations=9 (full 3):
 def new generation   total 1101120K, used 805710K [0x00007f1fac600000, 0x00007f1ff70c0000, 0x00007f2501b50000)
  eden space 978816K,  82% used [0x00007f1fac600000, 0x00007f1fdd8d39f8, 0x00007f1fe81e0000)
  from space 122304K,   0% used [0x00007f1fe81e0000, 0x00007f1fe81e0000, 0x00007f1fef950000)
  to   space 122304K,   0% used [0x00007f1fef950000, 0x00007f1fef950000, 0x00007f1ff70c0000)
 tenured generation   total 2446724K, used 1063422K [0x00007f2501b50000, 0x00007f25970b1000, 0x00007f2fac600000)
   the space 2446724K,  43% used [0x00007f2501b50000, 0x00007f25429cfbd0, 0x00007f25429cfc00, 0x00007f25970b1000)
 Metaspace       used 23226K, capacity 23594K, committed 23808K, reserved 24576K
}
Event: 11.716 GC heap after
{Heap after GC invocations=10 (full 3):
 def new generation   total 1101120K, used 0K [0x00007f1fac600000, 0x00007f1ff70c0000, 0x00007f2501b50000)
  eden space 978816K,   0% used [0x00007f1fac600000, 0x00007f1fac600000, 0x00007f1fe81e0000)
  from space 122304K,   0% used [0x00007f1fef950000, 0x00007f1fef9501e8, 0x00007f1ff70c0000)
  to   space 122304K,   0% used [0x00007f1fe81e0000, 0x00007f1fe81e0000, 0x00007f1fef950000)
 tenured generation   total 2446724K, used 1325566K [0x00007f2501b50000, 0x00007f25970b1000, 0x00007f2fac600000)
   the space 2446724K,  54% used [0x00007f2501b50000, 0x00007f25529cfbe8, 0x00007f25529cfc00, 0x00007f25970b1000)
 Metaspace       used 23226K, capacity 23594K, committed 23808K, reserved 24576K
}
Event: 12.653 GC heap before
{Heap before GC invocations=10 (full 3):
 def new generation   total 1101120K, used 644646K [0x00007f1fac600000, 0x00007f1ff70c0000, 0x00007f2501b50000)
  eden space 978816K,  65% used [0x00007f1fac600000, 0x00007f1fd3b896e0, 0x00007f1fe81e0000)
  from space 122304K,   0% used [0x00007f1fef950000, 0x00007f1fef9501e8, 0x00007f1ff70c0000)
  to   space 122304K,   0% used [0x00007f1fe81e0000, 0x00007f1fe81e0000, 0x00007f1fef950000)
 tenured generation   total 2446724K, used 1325566K [0x00007f2501b50000, 0x00007f25970b1000, 0x00007f2fac600000)
   the space 2446724K,  54% used [0x00007f2501b50000, 0x00007f25529cfbe8, 0x00007f25529cfc00, 0x00007f25970b1000)
 Metaspace       used 23227K, capacity 23594K, committed 23808K, reserved 24576K
}
Event: 12.674 GC heap after
{Heap after GC invocations=11 (full 3):
 def new generation   total 1101120K, used 16588K [0x00007f1fac600000, 0x00007f1ff70c0000, 0x00007f2501b50000)
  eden space 978816K,   0% used [0x00007f1fac600000, 0x00007f1fac600000, 0x00007f1fe81e0000)
  from space 122304K,  13% used [0x00007f1fe81e0000, 0x00007f1fe92131b8, 0x00007f1fef950000)
  to   space 122304K,   0% used [0x00007f1fef950000, 0x00007f1fef950000, 0x00007f1ff70c0000)
 tenured generation   total 2446724K, used 1325566K [0x00007f2501b50000, 0x00007f25970b1000, 0x00007f2fac600000)
   the space 2446724K,  54% used [0x00007f2501b50000, 0x00007f25529cfbe8, 0x00007f25529cfc00, 0x00007f25970b1000)
 Metaspace       used 23227K, capacity 23594K, committed 23808K, reserved 24576K
}
Event: 14.030 GC heap before
{Heap before GC invocations=11 (full 3):
 def new generation   total 1101120K, used 995404K [0x00007f1fac600000, 0x00007f1ff70c0000, 0x00007f2501b50000)
  eden space 978816K, 100% used [0x00007f1fac600000, 0x00007f1fe81e0000, 0x00007f1fe81e0000)
  from space 122304K,  13% used [0x00007f1fe81e0000, 0x00007f1fe92131b8, 0x00007f1fef950000)
  to   space 122304K,   0% used [0x00007f1fef950000, 0x00007f1fef950000, 0x00007f1ff70c0000)
 tenured generation   total 2446724K, used 1325566K [0x00007f2501b50000, 0x00007f25970b1000, 0x00007f2fac600000)
   the space 2446724K,  54% used [0x00007f2501b50000, 0x00007f25529cfbe8, 0x00007f25529cfc00, 0x00007f25970b1000)
 Metaspace       used 23281K, capacity 23678K, committed 23808K, reserved 24576K
}
Event: 14.066 GC heap after
{Heap after GC invocations=12 (full 3):
 def new generation   total 1101120K, used 16856K [0x00007f1fac600000, 0x00007f1ff70c0000, 0x00007f2501b50000)
  eden space 978816K,   0% used [0x00007f1fac600000, 0x00007f1fac600000, 0x00007f1fe81e0000)
  from space 122304K,  13% used [0x00007f1fef950000, 0x00007f1ff09c6118, 0x00007f1ff70c0000)
  to   space 122304K,   0% used [0x00007f1fe81e0000, 0x00007f1fe81e0000, 0x00007f1fef950000)
 tenured generation   total 2446724K, used 1325566K [0x00007f2501b50000, 0x00007f25970b1000, 0x00007f2fac600000)
   the space 2446724K,  54% used [0x00007f2501b50000, 0x00007f25529cfbe8, 0x00007f25529cfc00, 0x00007f25970b1000)
 Metaspace       used 23281K, capacity 23678K, committed 23808K, reserved 24576K
}
Event: 15.513 GC heap before
{Heap before GC invocations=12 (full 3):
 def new generation   total 1101120K, used 964779K [0x00007f1fac600000, 0x00007f1ff70c0000, 0x00007f2501b50000)
  eden space 978816K,  96% used [0x00007f1fac600000, 0x00007f1fe63b4e30, 0x00007f1fe81e0000)
  from space 122304K,  13% used [0x00007f1fef950000, 0x00007f1ff09c6118, 0x00007f1ff70c0000)
  to   space 122304K,   0% used [0x00007f1fe81e0000, 0x00007f1fe81e0000, 0x00007f1fef950000)
 tenured generation   total 2446724K, used 1325566K [0x00007f2501b50000, 0x00007f25970b1000, 0x00007f2fac600000)
   the space 2446724K,  54% used [0x00007f2501b50000, 0x00007f25529cfbe8, 0x00007f25529cfc00, 0x00007f25970b1000)
 Metaspace       used 23290K, capacity 23680K, committed 23808K, reserved 24576K
}
Event: 15.789 GC heap after
{Heap after GC invocations=13 (full 3):
 def new generation   total 1101120K, used 17261K [0x00007f1fac600000, 0x00007f1ff70c0000, 0x00007f2501b50000)
  eden space 978816K,   0% used [0x00007f1fac600000, 0x00007f1fac600000, 0x00007f1fe81e0000)
  from space 122304K,  14% used [0x00007f1fe81e0000, 0x00007f1fe92bb718, 0x00007f1fef950000)
  to   space 122304K,   0% used [0x00007f1fef950000, 0x00007f1fef950000, 0x00007f1ff70c0000)
 tenured generation   total 2446724K, used 1849855K [0x00007f2501b50000, 0x00007f25970b1000, 0x00007f2fac600000)
   the space 2446724K,  75% used [0x00007f2501b50000, 0x00007f25729cfc00, 0x00007f25729cfc00, 0x00007f25970b1000)
 Metaspace       used 23290K, capacity 23680K, committed 23808K, reserved 24576K
}
Event: 16.131 GC heap before
{Heap before GC invocations=13 (full 3):
 def new generation   total 1101120K, used 560775K [0x00007f1fac600000, 0x00007f1ff70c0000, 0x00007f2501b50000)
  eden space 978816K,  55% used [0x00007f1fac600000, 0x00007f1fcd8c6838, 0x00007f1fe81e0000)
  from space 122304K,  14% used [0x00007f1fe81e0000, 0x00007f1fe92bb718, 0x00007f1fef950000)
  to   space 122304K,   0% used [0x00007f1fef950000, 0x00007f1fef950000, 0x00007f1ff70c0000)
 tenured generation   total 2446724K, used 1849855K [0x00007f2501b50000, 0x00007f25970b1000, 0x00007f2fac600000)
   the space 2446724K,  75% used [0x00007f2501b50000, 0x00007f25729cfc00, 0x00007f25729cfc00, 0x00007f25970b1000)
 Metaspace       used 23290K, capacity 23680K, committed 23808K, reserved 24576K
}
Event: 16.324 GC heap after
{Heap after GC invocations=14 (full 3):
 def new generation   total 1101120K, used 17262K [0x00007f1fac600000, 0x00007f1ff70c0000, 0x00007f2501b50000)
  eden space 978816K,   0% used [0x00007f1fac600000, 0x00007f1fac600000, 0x00007f1fe81e0000)
  from space 122304K,  14% used [0x00007f1fef950000, 0x00007f1ff0a2b9a8, 0x00007f1ff70c0000)
  to   space 122304K,   0% used [0x00007f1fe81e0000, 0x00007f1fe81e0000, 0x00007f1fef950000)
 tenured generation   total 2446724K, used 2374143K [0x00007f2501b50000, 0x00007f25970b1000, 0x00007f2fac600000)
   the space 2446724K,  97% used [0x00007f2501b50000, 0x00007f25929cfc18, 0x00007f25929cfe00, 0x00007f25970b1000)
 Metaspace       used 23290K, capacity 23680K, committed 23808K, reserved 24576K
}
Event: 16.324 GC heap before
{Heap before GC invocations=14 (full 3):
 def new generation   total 1101120K, used 17262K [0x00007f1fac600000, 0x00007f1ff70c0000, 0x00007f2501b50000)
  eden space 978816K,   0% used [0x00007f1fac600000, 0x00007f1fac600000, 0x00007f1fe81e0000)
  from space 122304K,  14% used [0x00007f1fef950000, 0x00007f1ff0a2b9a8, 0x00007f1ff70c0000)
  to   space 122304K,   0% used [0x00007f1fe81e0000, 0x00007f1fe81e0000, 0x00007f1fef950000)
 tenured generation   total 2446724K, used 2374143K [0x00007f2501b50000, 0x00007f25970b1000, 0x00007f2fac600000)
   the space 2446724K,  97% used [0x00007f2501b50000, 0x00007f25929cfc18, 0x00007f25929cfe00, 0x00007f25970b1000)
 Metaspace       used 23290K, capacity 23680K, committed 23808K, reserved 24576K
}
Event: 16.644 GC heap after
{Heap after GC invocations=14 (full 4):
 def new generation   total 1101120K, used 0K [0x00007f1fac600000, 0x00007f1ff70c0000, 0x00007f2501b50000)
  eden space 978816K,   0% used [0x00007f1fac600000, 0x00007f1fac600000, 0x00007f1fe81e0000)
  from space 122304K,   0% used [0x00007f1fef950000, 0x00007f1fef950000, 0x00007f1ff70c0000)
  to   space 122304K,   0% used [0x00007f1fe81e0000, 0x00007f1fe81e0000, 0x00007f1fef950000)
 tenured generation   total 2446724K, used 1058116K [0x00007f2501b50000, 0x00007f25970b1000, 0x00007f2fac600000)
   the space 2446724K,  43% used [0x00007f2501b50000, 0x00007f25424a1238, 0x00007f25424a1400, 0x00007f25970b1000)
 Metaspace       used 23290K, capacity 23680K, committed 23808K, reserved 24576K
}
Event: 27.193 GC heap before
{Heap before GC invocations=14 (full 4):
 def new generation   total 1101120K, used 19284K [0x00007f1fac600000, 0x00007f1ff70c0000, 0x00007f2501b50000)
  eden space 978816K,   1% used [0x00007f1fac600000, 0x00007f1fad8d52d8, 0x00007f1fe81e0000)
  from space 122304K,   0% used [0x00007f1fef950000, 0x00007f1fef950000, 0x00007f1ff70c0000)
  to   space 122304K,   0% used [0x00007f1fe81e0000, 0x00007f1fe81e0000, 0x00007f1fef950000)
 tenured generation   total 4543880K, used 3155268K [0x00007f2501b50000, 0x00007f26170b2000, 0x00007f2fac600000)
   the space 4543880K,  69% used [0x00007f2501b50000, 0x00007f25c24a1250, 0x00007f25c24a1400, 0x00007f26170b2000)
 Metaspace       used 23290K, capacity 23680K, committed 23808K, reserved 24576K
}
Event: 27.232 GC heap after
{Heap after GC invocations=15 (full 4):
 def new generation   total 1101120K, used 0K [0x00007f1fac600000, 0x00007f1ff70c0000, 0x00007f2501b50000)
  eden space 978816K,   0% used [0x00007f1fac600000, 0x00007f1fac600000, 0x00007f1fe81e0000)
  from space 122304K,   0% used [0x00007f1fe81e0000, 0x00007f1fe81e0308, 0x00007f1fef950000)
  to   space 122304K,   0% used [0x00007f1fef950000, 0x00007f1fef950000, 0x00007f1ff70c0000)
 tenured generation   total 4543880K, used 3155268K [0x00007f2501b50000, 0x00007f26170b2000, 0x00007f2fac600000)
   the space 4543880K,  69% used [0x00007f2501b50000, 0x00007f25c24a1250, 0x00007f25c24a1400, 0x00007f26170b2000)
 Metaspace       used 23290K, capacity 23680K, committed 23808K, reserved 24576K
}
Event: 27.232 GC heap before
{Heap before GC invocations=15 (full 4):
 def new generation   total 1101120K, used 0K [0x00007f1fac600000, 0x00007f1ff70c0000, 0x00007f2501b50000)
  eden space 978816K,   0% used [0x00007f1fac600000, 0x00007f1fac600000, 0x00007f1fe81e0000)
  from space 122304K,   0% used [0x00007f1fe81e0000, 0x00007f1fe81e0308, 0x00007f1fef950000)
  to   space 122304K,   0% used [0x00007f1fef950000, 0x00007f1fef950000, 0x00007f1ff70c0000)
 tenured generation   total 4543880K, used 3155268K [0x00007f2501b50000, 0x00007f26170b2000, 0x00007f2fac600000)
   the space 4543880K,  69% used [0x00007f2501b50000, 0x00007f25c24a1250, 0x00007f25c24a1400, 0x00007f26170b2000)
 Metaspace       used 23290K, capacity 23680K, committed 23808K, reserved 24576K
}
Event: 28.404 GC heap after
{Heap after GC invocations=15 (full 5):
 def new generation   total 2044800K, used 0K [0x00007f1fac600000, 0x00007f20370c0000, 0x00007f2501b50000)
  eden space 1817600K,   0% used [0x00007f1fac600000, 0x00007f1fac600000, 0x00007f201b500000)
  from space 227200K,   0% used [0x00007f201b500000, 0x00007f201b500000, 0x00007f20292e0000)
  to   space 227200K,   0% used [0x00007f20292e0000, 0x00007f20292e0000, 0x00007f20370c0000)
 tenured generation   total 4543880K, used 2630980K [0x00007f2501b50000, 0x00007f26170b2000, 0x00007f2fac600000)
   the space 4543880K,  57% used [0x00007f2501b50000, 0x00007f25a24a1398, 0x00007f25a24a1400, 0x00007f26170b2000)
 Metaspace       used 23290K, capacity 23680K, committed 23808K, reserved 24576K
}

