# JRE version: OpenJDK Runtime Environment (13.0.7+5) (build 13.0.7+5-Ubuntu-0ubuntu120.04)
# Java VM: OpenJDK 64-Bit Server VM (13.0.7+5-Ubuntu-0ubuntu120.04, mixed mode, tiered, serial gc, linux-amd64)
Heap:
 def new generation   total 1748800K, used 0K [0x00007fcb28600000, 0x00007fcb9ef90000, 0x00007fd07db50000)
  eden space 1554496K,   0% used [0x00007fcb28600000, 0x00007fcb28600000, 0x00007fcb87410000)
  from space 194304K,   0% used [0x00007fcb931d0000, 0x00007fcb931d0000, 0x00007fcb9ef90000)
  to   space 194304K,   0% used [0x00007fcb87410000, 0x00007fcb87410000, 0x00007fcb931d0000)
 tenured generation   total 3887916K, used 3887626K [0x00007fd07db50000, 0x00007fd16b01b000, 0x00007fdb28600000)
   the space 3887916K,  99% used [0x00007fd07db50000, 0x00007fd16afd2bc8, 0x00007fd16afd2c00, 0x00007fd16b01b000)
 Metaspace       used 24262K, capacity 24693K, committed 24832K, reserved 26624K
GC Heap History (20 events):
Event: 4383.424 GC heap after
{Heap after GC invocations=7589 (full 3):
 def new generation   total 1748800K, used 12905K [0x00007fcb28600000, 0x00007fcb9ef90000, 0x00007fd07db50000)
  eden space 1554496K,   0% used [0x00007fcb28600000, 0x00007fcb28600000, 0x00007fcb87410000)
  from space 194304K,   6% used [0x00007fcb87410000, 0x00007fcb880aa520, 0x00007fcb931d0000)
  to   space 194304K,   0% used [0x00007fcb931d0000, 0x00007fcb931d0000, 0x00007fcb9ef90000)
 tenured generation   total 3886188K, used 3879349K [0x00007fd07db50000, 0x00007fd16ae6b000, 0x00007fdb28600000)
   the space 3886188K,  99% used [0x00007fd07db50000, 0x00007fd16a7bd600, 0x00007fd16a7bd600, 0x00007fd16ae6b000)
 Metaspace       used 24262K, capacity 24693K, committed 24832K, reserved 26624K
}
Event: 4384.439 GC heap before
{Heap before GC invocations=7589 (full 3):
 def new generation   total 1748800K, used 1567401K [0x00007fcb28600000, 0x00007fcb9ef90000, 0x00007fd07db50000)
  eden space 1554496K, 100% used [0x00007fcb28600000, 0x00007fcb87410000, 0x00007fcb87410000)
  from space 194304K,   6% used [0x00007fcb87410000, 0x00007fcb880aa520, 0x00007fcb931d0000)
  to   space 194304K,   0% used [0x00007fcb931d0000, 0x00007fcb931d0000, 0x00007fcb9ef90000)
 tenured generation   total 3886188K, used 3879349K [0x00007fd07db50000, 0x00007fd16ae6b000, 0x00007fdb28600000)
   the space 3886188K,  99% used [0x00007fd07db50000, 0x00007fd16a7bd600, 0x00007fd16a7bd600, 0x00007fd16ae6b000)
 Metaspace       used 24262K, capacity 24693K, committed 24832K, reserved 26624K
}
Event: 4384.459 GC heap after
{Heap after GC invocations=7590 (full 3):
 def new generation   total 1748800K, used 13560K [0x00007fcb28600000, 0x00007fcb9ef90000, 0x00007fd07db50000)
  eden space 1554496K,   0% used [0x00007fcb28600000, 0x00007fcb28600000, 0x00007fcb87410000)
  from space 194304K,   6% used [0x00007fcb931d0000, 0x00007fcb93f0e110, 0x00007fcb9ef90000)
  to   space 194304K,   0% used [0x00007fcb87410000, 0x00007fcb87410000, 0x00007fcb931d0000)
 tenured generation   total 3886188K, used 3879814K [0x00007fd07db50000, 0x00007fd16ae6b000, 0x00007fdb28600000)
   the space 3886188K,  99% used [0x00007fd07db50000, 0x00007fd16a8319d0, 0x00007fd16a831a00, 0x00007fd16ae6b000)
 Metaspace       used 24262K, capacity 24693K, committed 24832K, reserved 26624K
}
Event: 4385.502 GC heap before
{Heap before GC invocations=7590 (full 3):
 def new generation   total 1748800K, used 1568056K [0x00007fcb28600000, 0x00007fcb9ef90000, 0x00007fd07db50000)
  eden space 1554496K, 100% used [0x00007fcb28600000, 0x00007fcb87410000, 0x00007fcb87410000)
  from space 194304K,   6% used [0x00007fcb931d0000, 0x00007fcb93f0e110, 0x00007fcb9ef90000)
  to   space 194304K,   0% used [0x00007fcb87410000, 0x00007fcb87410000, 0x00007fcb931d0000)
 tenured generation   total 3886188K, used 3879814K [0x00007fd07db50000, 0x00007fd16ae6b000, 0x00007fdb28600000)
   the space 3886188K,  99% used [0x00007fd07db50000, 0x00007fd16a8319d0, 0x00007fd16a831a00, 0x00007fd16ae6b000)
 Metaspace       used 24262K, capacity 24693K, committed 24832K, reserved 26624K
}
Event: 4385.531 GC heap after
{Heap after GC invocations=7591 (full 3):
 def new generation   total 1748800K, used 14193K [0x00007fcb28600000, 0x00007fcb9ef90000, 0x00007fd07db50000)
  eden space 1554496K,   0% used [0x00007fcb28600000, 0x00007fcb28600000, 0x00007fcb87410000)
  from space 194304K,   7% used [0x00007fcb87410000, 0x00007fcb881ec680, 0x00007fcb931d0000)
  to   space 194304K,   0% used [0x00007fcb931d0000, 0x00007fcb931d0000, 0x00007fcb9ef90000)
 tenured generation   total 3886188K, used 3880297K [0x00007fd07db50000, 0x00007fd16ae6b000, 0x00007fdb28600000)
   the space 3886188K,  99% used [0x00007fd07db50000, 0x00007fd16a8aa698, 0x00007fd16a8aa800, 0x00007fd16ae6b000)
 Metaspace       used 24262K, capacity 24693K, committed 24832K, reserved 26624K
}
Event: 4386.548 GC heap before
{Heap before GC invocations=7591 (full 3):
 def new generation   total 1748800K, used 1568689K [0x00007fcb28600000, 0x00007fcb9ef90000, 0x00007fd07db50000)
  eden space 1554496K, 100% used [0x00007fcb28600000, 0x00007fcb87410000, 0x00007fcb87410000)
  from space 194304K,   7% used [0x00007fcb87410000, 0x00007fcb881ec680, 0x00007fcb931d0000)
  to   space 194304K,   0% used [0x00007fcb931d0000, 0x00007fcb931d0000, 0x00007fcb9ef90000)
 tenured generation   total 3886188K, used 3880297K [0x00007fd07db50000, 0x00007fd16ae6b000, 0x00007fdb28600000)
   the space 3886188K,  99% used [0x00007fd07db50000, 0x00007fd16a8aa698, 0x00007fd16a8aa800, 0x00007fd16ae6b000)
 Metaspace       used 24262K, capacity 24693K, committed 24832K, reserved 26624K
}
Event: 4386.576 GC heap after
{Heap after GC invocations=7592 (full 3):
 def new generation   total 1748800K, used 15488K [0x00007fcb28600000, 0x00007fcb9ef90000, 0x00007fd07db50000)
  eden space 1554496K,   0% used [0x00007fcb28600000, 0x00007fcb28600000, 0x00007fcb87410000)
  from space 194304K,   7% used [0x00007fcb931d0000, 0x00007fcb940f00a8, 0x00007fcb9ef90000)
  to   space 194304K,   0% used [0x00007fcb87410000, 0x00007fcb87410000, 0x00007fcb931d0000)
 tenured generation   total 3886188K, used 3880855K [0x00007fd07db50000, 0x00007fd16ae6b000, 0x00007fdb28600000)
   the space 3886188K,  99% used [0x00007fd07db50000, 0x00007fd16a935ce0, 0x00007fd16a935e00, 0x00007fd16ae6b000)
 Metaspace       used 24262K, capacity 24693K, committed 24832K, reserved 26624K
}
Event: 4387.583 GC heap before
{Heap before GC invocations=7592 (full 3):
 def new generation   total 1748800K, used 1569984K [0x00007fcb28600000, 0x00007fcb9ef90000, 0x00007fd07db50000)
  eden space 1554496K, 100% used [0x00007fcb28600000, 0x00007fcb87410000, 0x00007fcb87410000)
  from space 194304K,   7% used [0x00007fcb931d0000, 0x00007fcb940f00a8, 0x00007fcb9ef90000)
  to   space 194304K,   0% used [0x00007fcb87410000, 0x00007fcb87410000, 0x00007fcb931d0000)
 tenured generation   total 3886188K, used 3880855K [0x00007fd07db50000, 0x00007fd16ae6b000, 0x00007fdb28600000)
   the space 3886188K,  99% used [0x00007fd07db50000, 0x00007fd16a935ce0, 0x00007fd16a935e00, 0x00007fd16ae6b000)
 Metaspace       used 24262K, capacity 24693K, committed 24832K, reserved 26624K
}
Event: 4387.615 GC heap after
{Heap after GC invocations=7593 (full 3):
 def new generation   total 1748800K, used 16871K [0x00007fcb28600000, 0x00007fcb9ef90000, 0x00007fd07db50000)
  eden space 1554496K,   0% used [0x00007fcb28600000, 0x00007fcb28600000, 0x00007fcb87410000)
  from space 194304K,   8% used [0x00007fcb87410000, 0x00007fcb88489fa0, 0x00007fcb931d0000)
  to   space 194304K,   0% used [0x00007fcb931d0000, 0x00007fcb931d0000, 0x00007fcb9ef90000)
 tenured generation   total 3886188K, used 3881412K [0x00007fd07db50000, 0x00007fd16ae6b000, 0x00007fdb28600000)
   the space 3886188K,  99% used [0x00007fd07db50000, 0x00007fd16a9c1328, 0x00007fd16a9c1400, 0x00007fd16ae6b000)
 Metaspace       used 24262K, capacity 24693K, committed 24832K, reserved 26624K
}
Event: 4388.626 GC heap before
{Heap before GC invocations=7593 (full 3):
 def new generation   total 1748800K, used 1571367K [0x00007fcb28600000, 0x00007fcb9ef90000, 0x00007fd07db50000)
  eden space 1554496K, 100% used [0x00007fcb28600000, 0x00007fcb87410000, 0x00007fcb87410000)
  from space 194304K,   8% used [0x00007fcb87410000, 0x00007fcb88489fa0, 0x00007fcb931d0000)
  to   space 194304K,   0% used [0x00007fcb931d0000, 0x00007fcb931d0000, 0x00007fcb9ef90000)
 tenured generation   total 3886188K, used 3881412K [0x00007fd07db50000, 0x00007fd16ae6b000, 0x00007fdb28600000)
   the space 3886188K,  99% used [0x00007fd07db50000, 0x00007fd16a9c1328, 0x00007fd16a9c1400, 0x00007fd16ae6b000)
 Metaspace       used 24262K, capacity 24693K, committed 24832K, reserved 26624K
}
Event: 4388.661 GC heap after
{Heap after GC invocations=7594 (full 3):
 def new generation   total 1748800K, used 16621K [0x00007fcb28600000, 0x00007fcb9ef90000, 0x00007fd07db50000)
  eden space 1554496K,   0% used [0x00007fcb28600000, 0x00007fcb28600000, 0x00007fcb87410000)
  from space 194304K,   8% used [0x00007fcb931d0000, 0x00007fcb9420b568, 0x00007fcb9ef90000)
  to   space 194304K,   0% used [0x00007fcb87410000, 0x00007fcb87410000, 0x00007fcb931d0000)
 tenured generation   total 3886188K, used 3882120K [0x00007fd07db50000, 0x00007fd16ae6b000, 0x00007fdb28600000)
   the space 3886188K,  99% used [0x00007fd07db50000, 0x00007fd16aa72060, 0x00007fd16aa72200, 0x00007fd16ae6b000)
 Metaspace       used 24262K, capacity 24693K, committed 24832K, reserved 26624K
}
Event: 4389.684 GC heap before
{Heap before GC invocations=7594 (full 3):
 def new generation   total 1748800K, used 1571117K [0x00007fcb28600000, 0x00007fcb9ef90000, 0x00007fd07db50000)
  eden space 1554496K, 100% used [0x00007fcb28600000, 0x00007fcb87410000, 0x00007fcb87410000)
  from space 194304K,   8% used [0x00007fcb931d0000, 0x00007fcb9420b568, 0x00007fcb9ef90000)
  to   space 194304K,   0% used [0x00007fcb87410000, 0x00007fcb87410000, 0x00007fcb931d0000)
 tenured generation   total 3886188K, used 3882120K [0x00007fd07db50000, 0x00007fd16ae6b000, 0x00007fdb28600000)
   the space 3886188K,  99% used [0x00007fd07db50000, 0x00007fd16aa72060, 0x00007fd16aa72200, 0x00007fd16ae6b000)
 Metaspace       used 24262K, capacity 24693K, committed 24832K, reserved 26624K
}
Event: 4389.709 GC heap after
{Heap after GC invocations=7595 (full 3):
 def new generation   total 1748800K, used 16173K [0x00007fcb28600000, 0x00007fcb9ef90000, 0x00007fd07db50000)
  eden space 1554496K,   0% used [0x00007fcb28600000, 0x00007fcb28600000, 0x00007fcb87410000)
  from space 194304K,   8% used [0x00007fcb87410000, 0x00007fcb883db7f8, 0x00007fcb931d0000)
  to   space 194304K,   0% used [0x00007fcb931d0000, 0x00007fcb931d0000, 0x00007fcb9ef90000)
 tenured generation   total 3886188K, used 3883032K [0x00007fd07db50000, 0x00007fd16ae6b000, 0x00007fdb28600000)
   the space 3886188K,  99% used [0x00007fd07db50000, 0x00007fd16ab562d0, 0x00007fd16ab56400, 0x00007fd16ae6b000)
 Metaspace       used 24262K, capacity 24693K, committed 24832K, reserved 26624K
}
Event: 4390.732 GC heap before
{Heap before GC invocations=7595 (full 3):
 def new generation   total 1748800K, used 1570669K [0x00007fcb28600000, 0x00007fcb9ef90000, 0x00007fd07db50000)
  eden space 1554496K, 100% used [0x00007fcb28600000, 0x00007fcb87410000, 0x00007fcb87410000)
  from space 194304K,   8% used [0x00007fcb87410000, 0x00007fcb883db7f8, 0x00007fcb931d0000)
  to   space 194304K,   0% used [0x00007fcb931d0000, 0x00007fcb931d0000, 0x00007fcb9ef90000)
 tenured generation   total 3886188K, used 3883032K [0x00007fd07db50000, 0x00007fd16ae6b000, 0x00007fdb28600000)
   the space 3886188K,  99% used [0x00007fd07db50000, 0x00007fd16ab562d0, 0x00007fd16ab56400, 0x00007fd16ae6b000)
 Metaspace       used 24262K, capacity 24693K, committed 24832K, reserved 26624K
}
Event: 4390.759 GC heap after
{Heap after GC invocations=7596 (full 3):
 def new generation   total 1748800K, used 15521K [0x00007fcb28600000, 0x00007fcb9ef90000, 0x00007fd07db50000)
  eden space 1554496K,   0% used [0x00007fcb28600000, 0x00007fcb28600000, 0x00007fcb87410000)
  from space 194304K,   7% used [0x00007fcb931d0000, 0x00007fcb940f87f8, 0x00007fcb9ef90000)
  to   space 194304K,   0% used [0x00007fcb87410000, 0x00007fcb87410000, 0x00007fcb931d0000)
 tenured generation   total 3886188K, used 3884150K [0x00007fd07db50000, 0x00007fd16ae6b000, 0x00007fdb28600000)
   the space 3886188K,  99% used [0x00007fd07db50000, 0x00007fd16ac6d8c8, 0x00007fd16ac6da00, 0x00007fd16ae6b000)
 Metaspace       used 24262K, capacity 24693K, committed 24832K, reserved 26624K
}
Event: 4391.789 GC heap before
{Heap before GC invocations=7596 (full 3):
 def new generation   total 1748800K, used 1570017K [0x00007fcb28600000, 0x00007fcb9ef90000, 0x00007fd07db50000)
  eden space 1554496K, 100% used [0x00007fcb28600000, 0x00007fcb87410000, 0x00007fcb87410000)
  from space 194304K,   7% used [0x00007fcb931d0000, 0x00007fcb940f87f8, 0x00007fcb9ef90000)
  to   space 194304K,   0% used [0x00007fcb87410000, 0x00007fcb87410000, 0x00007fcb931d0000)
 tenured generation   total 3886188K, used 3884150K [0x00007fd07db50000, 0x00007fd16ae6b000, 0x00007fdb28600000)
   the space 3886188K,  99% used [0x00007fd07db50000, 0x00007fd16ac6d8c8, 0x00007fd16ac6da00, 0x00007fd16ae6b000)
 Metaspace       used 24262K, capacity 24693K, committed 24832K, reserved 26624K
}
Event: 4391.815 GC heap after
{Heap after GC invocations=7597 (full 3):
 def new generation   total 1748800K, used 14694K [0x00007fcb28600000, 0x00007fcb9ef90000, 0x00007fd07db50000)
  eden space 1554496K,   0% used [0x00007fcb28600000, 0x00007fcb28600000, 0x00007fcb87410000)
  from space 194304K,   7% used [0x00007fcb87410000, 0x00007fcb88269818, 0x00007fcb931d0000)
  to   space 194304K,   0% used [0x00007fcb931d0000, 0x00007fcb931d0000, 0x00007fcb9ef90000)
 tenured generation   total 3886188K, used 3885660K [0x00007fd07db50000, 0x00007fd16ae6b000, 0x00007fdb28600000)
   the space 3886188K,  99% used [0x00007fd07db50000, 0x00007fd16ade7038, 0x00007fd16ade7200, 0x00007fd16ae6b000)
 Metaspace       used 24262K, capacity 24693K, committed 24832K, reserved 26624K
}
Event: 4392.835 GC heap before
{Heap before GC invocations=7597 (full 3):
 def new generation   total 1748800K, used 1569190K [0x00007fcb28600000, 0x00007fcb9ef90000, 0x00007fd07db50000)
  eden space 1554496K, 100% used [0x00007fcb28600000, 0x00007fcb87410000, 0x00007fcb87410000)
  from space 194304K,   7% used [0x00007fcb87410000, 0x00007fcb88269818, 0x00007fcb931d0000)
  to   space 194304K,   0% used [0x00007fcb931d0000, 0x00007fcb931d0000, 0x00007fcb9ef90000)
 tenured generation   total 3886188K, used 3885660K [0x00007fd07db50000, 0x00007fd16ae6b000, 0x00007fdb28600000)
   the space 3886188K,  99% used [0x00007fd07db50000, 0x00007fd16ade7038, 0x00007fd16ade7200, 0x00007fd16ae6b000)
 Metaspace       used 24262K, capacity 24693K, committed 24832K, reserved 26624K
}
Event: 4392.864 GC heap after
{Heap after GC invocations=7598 (full 3):
 def new generation   total 1748800K, used 13246K [0x00007fcb28600000, 0x00007fcb9ef90000, 0x00007fd07db50000)
  eden space 1554496K,   0% used [0x00007fcb28600000, 0x00007fcb28600000, 0x00007fcb87410000)
  from space 194304K,   6% used [0x00007fcb931d0000, 0x00007fcb93ebfba8, 0x00007fcb9ef90000)
  to   space 194304K,   0% used [0x00007fcb87410000, 0x00007fcb87410000, 0x00007fcb931d0000)
 tenured generation   total 3887916K, used 3887864K [0x00007fd07db50000, 0x00007fd16b01b000, 0x00007fdb28600000)
   the space 3887916K,  99% used [0x00007fd07db50000, 0x00007fd16b00e210, 0x00007fd16b00e400, 0x00007fd16b01b000)
 Metaspace       used 24262K, capacity 24693K, committed 24832K, reserved 26624K
}
Event: 4392.864 GC heap before
{Heap before GC invocations=7598 (full 3):
 def new generation   total 1748800K, used 13246K [0x00007fcb28600000, 0x00007fcb9ef90000, 0x00007fd07db50000)
  eden space 1554496K,   0% used [0x00007fcb28600000, 0x00007fcb28600000, 0x00007fcb87410000)
  from space 194304K,   6% used [0x00007fcb931d0000, 0x00007fcb93ebfba8, 0x00007fcb9ef90000)
  to   space 194304K,   0% used [0x00007fcb87410000, 0x00007fcb87410000, 0x00007fcb931d0000)
 tenured generation   total 3887916K, used 3887864K [0x00007fd07db50000, 0x00007fd16b01b000, 0x00007fdb28600000)
   the space 3887916K,  99% used [0x00007fd07db50000, 0x00007fd16b00e210, 0x00007fd16b00e400, 0x00007fd16b01b000)
 Metaspace       used 24262K, capacity 24693K, committed 24832K, reserved 26624K
}

