# JRE version: OpenJDK Runtime Environment (13.0.7+5) (build 13.0.7+5-Ubuntu-0ubuntu120.04)
# Java VM: OpenJDK 64-Bit Server VM (13.0.7+5-Ubuntu-0ubuntu120.04, mixed mode, tiered, serial gc, linux-amd64)
Heap:
 def new generation   total 2662528K, used 146421K [0x00007f993c600000, 0x00007f99f0f00000, 0x00007fa3e70a0000)
  eden space 2366720K,   6% used [0x00007f993c600000, 0x00007f99454fd7a0, 0x00007f99ccd40000)
  from space 295808K,   0% used [0x00007f99dee20000, 0x00007f99dee20000, 0x00007f99f0f00000)
  to   space 295808K,   0% used [0x00007f99ccd40000, 0x00007f99ccd40000, 0x00007f99dee20000)
 tenured generation   total 5932948K, used 5932928K [0x00007fa3e70a0000, 0x00007fa551285000, 0x00007fb93c600000)
   the space 5932948K,  99% used [0x00007fa3e70a0000, 0x00007fa551280348, 0x00007fa551280400, 0x00007fa551285000)
 Metaspace       used 24204K, capacity 24575K, committed 24832K, reserved 26624K
GC Heap History (20 events):
Event: 2048.365 GC heap after
{Heap after GC invocations=1559 (full 6):
 def new generation   total 2662528K, used 142340K [0x00007f993c600000, 0x00007f99f0f00000, 0x00007fa3e70a0000)
  eden space 2366720K,   0% used [0x00007f993c600000, 0x00007f993c600000, 0x00007f99ccd40000)
  from space 295808K,  48% used [0x00007f99ccd40000, 0x00007f99d5841320, 0x00007f99dee20000)
  to   space 295808K,   0% used [0x00007f99dee20000, 0x00007f99dee20000, 0x00007f99f0f00000)
 tenured generation   total 5916560K, used 5843990K [0x00007fa3e70a0000, 0x00007fa550284000, 0x00007fb93c600000)
   the space 5916560K,  98% used [0x00007fa3e70a0000, 0x00007fa54bba5b38, 0x00007fa54bba5c00, 0x00007fa550284000)
 Metaspace       used 24203K, capacity 24575K, committed 24832K, reserved 26624K
}
Event: 2051.286 GC heap before
{Heap before GC invocations=1559 (full 6):
 def new generation   total 2662528K, used 2509060K [0x00007f993c600000, 0x00007f99f0f00000, 0x00007fa3e70a0000)
  eden space 2366720K, 100% used [0x00007f993c600000, 0x00007f99ccd40000, 0x00007f99ccd40000)
  from space 295808K,  48% used [0x00007f99ccd40000, 0x00007f99d5841320, 0x00007f99dee20000)
  to   space 295808K,   0% used [0x00007f99dee20000, 0x00007f99dee20000, 0x00007f99f0f00000)
 tenured generation   total 5916560K, used 5843990K [0x00007fa3e70a0000, 0x00007fa550284000, 0x00007fb93c600000)
   the space 5916560K,  98% used [0x00007fa3e70a0000, 0x00007fa54bba5b38, 0x00007fa54bba5c00, 0x00007fa550284000)
 Metaspace       used 24203K, capacity 24575K, committed 24832K, reserved 26624K
}
Event: 2051.401 GC heap after
{Heap after GC invocations=1560 (full 6):
 def new generation   total 2662528K, used 153115K [0x00007f993c600000, 0x00007f99f0f00000, 0x00007fa3e70a0000)
  eden space 2366720K,   0% used [0x00007f993c600000, 0x00007f993c600000, 0x00007f99ccd40000)
  from space 295808K,  51% used [0x00007f99dee20000, 0x00007f99e83a6de8, 0x00007f99f0f00000)
  to   space 295808K,   0% used [0x00007f99ccd40000, 0x00007f99ccd40000, 0x00007f99dee20000)
 tenured generation   total 5916560K, used 5843990K [0x00007fa3e70a0000, 0x00007fa550284000, 0x00007fb93c600000)
   the space 5916560K,  98% used [0x00007fa3e70a0000, 0x00007fa54bba5b38, 0x00007fa54bba5c00, 0x00007fa550284000)
 Metaspace       used 24203K, capacity 24575K, committed 24832K, reserved 26624K
}
Event: 2054.185 GC heap before
{Heap before GC invocations=1560 (full 6):
 def new generation   total 2662528K, used 2517602K [0x00007f993c600000, 0x00007f99f0f00000, 0x00007fa3e70a0000)
  eden space 2366720K,  99% used [0x00007f993c600000, 0x00007f99ccb11ad0, 0x00007f99ccd40000)
  from space 295808K,  51% used [0x00007f99dee20000, 0x00007f99e83a6de8, 0x00007f99f0f00000)
  to   space 295808K,   0% used [0x00007f99ccd40000, 0x00007f99ccd40000, 0x00007f99dee20000)
 tenured generation   total 5916560K, used 5843990K [0x00007fa3e70a0000, 0x00007fa550284000, 0x00007fb93c600000)
   the space 5916560K,  98% used [0x00007fa3e70a0000, 0x00007fa54bba5b38, 0x00007fa54bba5c00, 0x00007fa550284000)
 Metaspace       used 24203K, capacity 24575K, committed 24832K, reserved 26624K
}
Event: 2054.315 GC heap after
{Heap after GC invocations=1561 (full 6):
 def new generation   total 2662528K, used 162876K [0x00007f993c600000, 0x00007f99f0f00000, 0x00007fa3e70a0000)
  eden space 2366720K,   0% used [0x00007f993c600000, 0x00007f993c600000, 0x00007f99ccd40000)
  from space 295808K,  55% used [0x00007f99ccd40000, 0x00007f99d6c4f2a8, 0x00007f99dee20000)
  to   space 295808K,   0% used [0x00007f99dee20000, 0x00007f99dee20000, 0x00007f99f0f00000)
 tenured generation   total 5916560K, used 5860949K [0x00007fa3e70a0000, 0x00007fa550284000, 0x00007fb93c600000)
   the space 5916560K,  99% used [0x00007fa3e70a0000, 0x00007fa54cc35620, 0x00007fa54cc35800, 0x00007fa550284000)
 Metaspace       used 24203K, capacity 24575K, committed 24832K, reserved 26624K
}
Event: 2056.897 GC heap before
{Heap before GC invocations=1561 (full 6):
 def new generation   total 2662528K, used 2529596K [0x00007f993c600000, 0x00007f99f0f00000, 0x00007fa3e70a0000)
  eden space 2366720K, 100% used [0x00007f993c600000, 0x00007f99ccd40000, 0x00007f99ccd40000)
  from space 295808K,  55% used [0x00007f99ccd40000, 0x00007f99d6c4f2a8, 0x00007f99dee20000)
  to   space 295808K,   0% used [0x00007f99dee20000, 0x00007f99dee20000, 0x00007f99f0f00000)
 tenured generation   total 5916560K, used 5860949K [0x00007fa3e70a0000, 0x00007fa550284000, 0x00007fb93c600000)
   the space 5916560K,  99% used [0x00007fa3e70a0000, 0x00007fa54cc35620, 0x00007fa54cc35800, 0x00007fa550284000)
 Metaspace       used 24204K, capacity 24575K, committed 24832K, reserved 26624K
}
Event: 2057.027 GC heap after
{Heap after GC invocations=1562 (full 6):
 def new generation   total 2662528K, used 135647K [0x00007f993c600000, 0x00007f99f0f00000, 0x00007fa3e70a0000)
  eden space 2366720K,   0% used [0x00007f993c600000, 0x00007f993c600000, 0x00007f99ccd40000)
  from space 295808K,  45% used [0x00007f99dee20000, 0x00007f99e7297c20, 0x00007f99f0f00000)
  to   space 295808K,   0% used [0x00007f99ccd40000, 0x00007f99ccd40000, 0x00007f99dee20000)
 tenured generation   total 5916560K, used 5877908K [0x00007fa3e70a0000, 0x00007fa550284000, 0x00007fb93c600000)
   the space 5916560K,  99% used [0x00007fa3e70a0000, 0x00007fa54dcc5108, 0x00007fa54dcc5200, 0x00007fa550284000)
 Metaspace       used 24204K, capacity 24575K, committed 24832K, reserved 26624K
}
Event: 2060.128 GC heap before
{Heap before GC invocations=1562 (full 6):
 def new generation   total 2662528K, used 2502367K [0x00007f993c600000, 0x00007f99f0f00000, 0x00007fa3e70a0000)
  eden space 2366720K, 100% used [0x00007f993c600000, 0x00007f99ccd40000, 0x00007f99ccd40000)
  from space 295808K,  45% used [0x00007f99dee20000, 0x00007f99e7297c20, 0x00007f99f0f00000)
  to   space 295808K,   0% used [0x00007f99ccd40000, 0x00007f99ccd40000, 0x00007f99dee20000)
 tenured generation   total 5916560K, used 5877908K [0x00007fa3e70a0000, 0x00007fa550284000, 0x00007fb93c600000)
   the space 5916560K,  99% used [0x00007fa3e70a0000, 0x00007fa54dcc5108, 0x00007fa54dcc5200, 0x00007fa550284000)
 Metaspace       used 24204K, capacity 24575K, committed 24832K, reserved 26624K
}
Event: 2060.233 GC heap after
{Heap after GC invocations=1563 (full 6):
 def new generation   total 2662528K, used 150553K [0x00007f993c600000, 0x00007f99f0f00000, 0x00007fa3e70a0000)
  eden space 2366720K,   0% used [0x00007f993c600000, 0x00007f993c600000, 0x00007f99ccd40000)
  from space 295808K,  50% used [0x00007f99ccd40000, 0x00007f99d60467f0, 0x00007f99dee20000)
  to   space 295808K,   0% used [0x00007f99dee20000, 0x00007f99dee20000, 0x00007f99f0f00000)
 tenured generation   total 5916560K, used 5877908K [0x00007fa3e70a0000, 0x00007fa550284000, 0x00007fb93c600000)
   the space 5916560K,  99% used [0x00007fa3e70a0000, 0x00007fa54dcc5108, 0x00007fa54dcc5200, 0x00007fa550284000)
 Metaspace       used 24204K, capacity 24575K, committed 24832K, reserved 26624K
}
Event: 2062.827 GC heap before
{Heap before GC invocations=1563 (full 6):
 def new generation   total 2662528K, used 2516815K [0x00007f993c600000, 0x00007f99f0f00000, 0x00007fa3e70a0000)
  eden space 2366720K,  99% used [0x00007f993c600000, 0x00007f99ccccd5f8, 0x00007f99ccd40000)
  from space 295808K,  50% used [0x00007f99ccd40000, 0x00007f99d60467f0, 0x00007f99dee20000)
  to   space 295808K,   0% used [0x00007f99dee20000, 0x00007f99dee20000, 0x00007f99f0f00000)
 tenured generation   total 5916560K, used 5877908K [0x00007fa3e70a0000, 0x00007fa550284000, 0x00007fb93c600000)
   the space 5916560K,  99% used [0x00007fa3e70a0000, 0x00007fa54dcc5108, 0x00007fa54dcc5200, 0x00007fa550284000)
 Metaspace       used 24204K, capacity 24575K, committed 24832K, reserved 26624K
}
Event: 2062.983 GC heap after
{Heap after GC invocations=1564 (full 6):
 def new generation   total 2662528K, used 157232K [0x00007f993c600000, 0x00007f99f0f00000, 0x00007fa3e70a0000)
  eden space 2366720K,   0% used [0x00007f993c600000, 0x00007f993c600000, 0x00007f99ccd40000)
  from space 295808K,  53% used [0x00007f99dee20000, 0x00007f99e87ac268, 0x00007f99f0f00000)
  to   space 295808K,   0% used [0x00007f99ccd40000, 0x00007f99ccd40000, 0x00007f99dee20000)
 tenured generation   total 5916560K, used 5894866K [0x00007fa3e70a0000, 0x00007fa550284000, 0x00007fb93c600000)
   the space 5916560K,  99% used [0x00007fa3e70a0000, 0x00007fa54ed54bf0, 0x00007fa54ed54c00, 0x00007fa550284000)
 Metaspace       used 24204K, capacity 24575K, committed 24832K, reserved 26624K
}
Event: 2065.824 GC heap before
{Heap before GC invocations=1564 (full 6):
 def new generation   total 2662528K, used 2523952K [0x00007f993c600000, 0x00007f99f0f00000, 0x00007fa3e70a0000)
  eden space 2366720K, 100% used [0x00007f993c600000, 0x00007f99ccd40000, 0x00007f99ccd40000)
  from space 295808K,  53% used [0x00007f99dee20000, 0x00007f99e87ac268, 0x00007f99f0f00000)
  to   space 295808K,   0% used [0x00007f99ccd40000, 0x00007f99ccd40000, 0x00007f99dee20000)
 tenured generation   total 5916560K, used 5894866K [0x00007fa3e70a0000, 0x00007fa550284000, 0x00007fb93c600000)
   the space 5916560K,  99% used [0x00007fa3e70a0000, 0x00007fa54ed54bf0, 0x00007fa54ed54c00, 0x00007fa550284000)
 Metaspace       used 24204K, capacity 24575K, committed 24832K, reserved 26624K
}
Event: 2065.956 GC heap after
{Heap after GC invocations=1565 (full 6):
 def new generation   total 2662528K, used 135664K [0x00007f993c600000, 0x00007f99f0f00000, 0x00007fa3e70a0000)
  eden space 2366720K,   0% used [0x00007f993c600000, 0x00007f993c600000, 0x00007f99ccd40000)
  from space 295808K,  45% used [0x00007f99ccd40000, 0x00007f99d51bc088, 0x00007f99dee20000)
  to   space 295808K,   0% used [0x00007f99dee20000, 0x00007f99dee20000, 0x00007f99f0f00000)
 tenured generation   total 5916560K, used 5911825K [0x00007fa3e70a0000, 0x00007fa550284000, 0x00007fb93c600000)
   the space 5916560K,  99% used [0x00007fa3e70a0000, 0x00007fa54fde46d8, 0x00007fa54fde4800, 0x00007fa550284000)
 Metaspace       used 24204K, capacity 24575K, committed 24832K, reserved 26624K
}
Event: 2068.550 GC heap before
{Heap before GC invocations=1565 (full 6):
 def new generation   total 2662528K, used 2502384K [0x00007f993c600000, 0x00007f99f0f00000, 0x00007fa3e70a0000)
  eden space 2366720K, 100% used [0x00007f993c600000, 0x00007f99ccd40000, 0x00007f99ccd40000)
  from space 295808K,  45% used [0x00007f99ccd40000, 0x00007f99d51bc088, 0x00007f99dee20000)
  to   space 295808K,   0% used [0x00007f99dee20000, 0x00007f99dee20000, 0x00007f99f0f00000)
 tenured generation   total 5916560K, used 5911825K [0x00007fa3e70a0000, 0x00007fa550284000, 0x00007fb93c600000)
   the space 5916560K,  99% used [0x00007fa3e70a0000, 0x00007fa54fde46d8, 0x00007fa54fde4800, 0x00007fa550284000)
 Metaspace       used 24204K, capacity 24575K, committed 24832K, reserved 26624K
}
Event: 2068.646 GC heap after
{Heap after GC invocations=1566 (full 6):
 def new generation   total 2662528K, used 145952K [0x00007f993c600000, 0x00007f99f0f00000, 0x00007fa3e70a0000)
  eden space 2366720K,   0% used [0x00007f993c600000, 0x00007f993c600000, 0x00007f99ccd40000)
  from space 295808K,  49% used [0x00007f99dee20000, 0x00007f99e7ca83f8, 0x00007f99f0f00000)
  to   space 295808K,   0% used [0x00007f99ccd40000, 0x00007f99ccd40000, 0x00007f99dee20000)
 tenured generation   total 5916560K, used 5911825K [0x00007fa3e70a0000, 0x00007fa550284000, 0x00007fb93c600000)
   the space 5916560K,  99% used [0x00007fa3e70a0000, 0x00007fa54fde46d8, 0x00007fa54fde4800, 0x00007fa550284000)
 Metaspace       used 24204K, capacity 24575K, committed 24832K, reserved 26624K
}
Event: 2071.085 GC heap before
{Heap before GC invocations=1566 (full 6):
 def new generation   total 2662528K, used 2502807K [0x00007f993c600000, 0x00007f99f0f00000, 0x00007fa3e70a0000)
  eden space 2366720K,  99% used [0x00007f993c600000, 0x00007f99cc39db08, 0x00007f99ccd40000)
  from space 295808K,  49% used [0x00007f99dee20000, 0x00007f99e7ca83f8, 0x00007f99f0f00000)
  to   space 295808K,   0% used [0x00007f99ccd40000, 0x00007f99ccd40000, 0x00007f99dee20000)
 tenured generation   total 5916560K, used 5911825K [0x00007fa3e70a0000, 0x00007fa550284000, 0x00007fb93c600000)
   the space 5916560K,  99% used [0x00007fa3e70a0000, 0x00007fa54fde46d8, 0x00007fa54fde4800, 0x00007fa550284000)
 Metaspace       used 24204K, capacity 24575K, committed 24832K, reserved 26624K
}
Event: 2071.197 GC heap after
{Heap after GC invocations=1567 (full 6):
 def new generation   total 2662528K, used 152627K [0x00007f993c600000, 0x00007f99f0f00000, 0x00007fa3e70a0000)
  eden space 2366720K,   0% used [0x00007f993c600000, 0x00007f993c600000, 0x00007f99ccd40000)
  from space 295808K,  51% used [0x00007f99ccd40000, 0x00007f99d624cdf0, 0x00007f99dee20000)
  to   space 295808K,   0% used [0x00007f99dee20000, 0x00007f99dee20000, 0x00007f99f0f00000)
 tenured generation   total 5916560K, used 5911825K [0x00007fa3e70a0000, 0x00007fa550284000, 0x00007fb93c600000)
   the space 5916560K,  99% used [0x00007fa3e70a0000, 0x00007fa54fde46d8, 0x00007fa54fde4800, 0x00007fa550284000)
 Metaspace       used 24204K, capacity 24575K, committed 24832K, reserved 26624K
}
Event: 2073.939 GC heap before
{Heap before GC invocations=1567 (full 6):
 def new generation   total 2662528K, used 2519347K [0x00007f993c600000, 0x00007f99f0f00000, 0x00007fa3e70a0000)
  eden space 2366720K, 100% used [0x00007f993c600000, 0x00007f99ccd40000, 0x00007f99ccd40000)
  from space 295808K,  51% used [0x00007f99ccd40000, 0x00007f99d624cdf0, 0x00007f99dee20000)
  to   space 295808K,   0% used [0x00007f99dee20000, 0x00007f99dee20000, 0x00007f99f0f00000)
 tenured generation   total 5916560K, used 5911825K [0x00007fa3e70a0000, 0x00007fa550284000, 0x00007fb93c600000)
   the space 5916560K,  99% used [0x00007fa3e70a0000, 0x00007fa54fde46d8, 0x00007fa54fde4800, 0x00007fa550284000)
 Metaspace       used 24204K, capacity 24575K, committed 24832K, reserved 26624K
}
Event: 2074.072 GC heap after
{Heap after GC invocations=1568 (full 6):
 def new generation   total 2662528K, used 150566K [0x00007f993c600000, 0x00007f99f0f00000, 0x00007fa3e70a0000)
  eden space 2366720K,   0% used [0x00007f993c600000, 0x00007f993c600000, 0x00007f99ccd40000)
  from space 295808K,  50% used [0x00007f99dee20000, 0x00007f99e8129928, 0x00007f99f0f00000)
  to   space 295808K,   0% used [0x00007f99ccd40000, 0x00007f99ccd40000, 0x00007f99dee20000)
 tenured generation   total 5932948K, used 5928784K [0x00007fa3e70a0000, 0x00007fa551285000, 0x00007fb93c600000)
   the space 5932948K,  99% used [0x00007fa3e70a0000, 0x00007fa550e741c0, 0x00007fa550e74200, 0x00007fa551285000)
 Metaspace       used 24204K, capacity 24575K, committed 24832K, reserved 26624K
}
Event: 2074.072 GC heap before
{Heap before GC invocations=1568 (full 6):
 def new generation   total 2662528K, used 150566K [0x00007f993c600000, 0x00007f99f0f00000, 0x00007fa3e70a0000)
  eden space 2366720K,   0% used [0x00007f993c600000, 0x00007f993c600000, 0x00007f99ccd40000)
  from space 295808K,  50% used [0x00007f99dee20000, 0x00007f99e8129928, 0x00007f99f0f00000)
  to   space 295808K,   0% used [0x00007f99ccd40000, 0x00007f99ccd40000, 0x00007f99dee20000)
 tenured generation   total 5932948K, used 5928784K [0x00007fa3e70a0000, 0x00007fa551285000, 0x00007fb93c600000)
   the space 5932948K,  99% used [0x00007fa3e70a0000, 0x00007fa550e741c0, 0x00007fa550e74200, 0x00007fa551285000)
 Metaspace       used 24204K, capacity 24575K, committed 24832K, reserved 26624K
}

