# JRE version: OpenJDK Runtime Environment (13.0.7+5) (build 13.0.7+5-Ubuntu-0ubuntu120.04)
# Java VM: OpenJDK 64-Bit Server VM (13.0.7+5-Ubuntu-0ubuntu120.04, mixed mode, tiered, serial gc, linux-amd64)
Heap:
 def new generation   total 2994048K, used 0K [0x00007fe04c600000, 0x00007fe1176c0000, 0x00007fe5a1b50000)
  eden space 2661376K,   0% used [0x00007fe04c600000, 0x00007fe04c600000, 0x00007fe0eed00000)
  from space 332672K,   0% used [0x00007fe0eed00000, 0x00007fe0eed00000, 0x00007fe1031e0000)
  to   space 332672K,   0% used [0x00007fe1031e0000, 0x00007fe1031e0000, 0x00007fe1176c0000)
 tenured generation   total 7624904K, used 7598494K [0x00007fe5a1b50000, 0x00007fe773182000, 0x00007ff04c600000)
   the space 7624904K,  99% used [0x00007fe5a1b50000, 0x00007fe7717b7bb8, 0x00007fe7717b7c00, 0x00007fe773182000)
 Metaspace       used 30433K, capacity 30846K, committed 31232K, reserved 32768K
GC Heap History (20 events):
Event: 112.270 GC heap after
{Heap after GC invocations=69 (full 4):
 def new generation   total 2994048K, used 225077K [0x00007fe04c600000, 0x00007fe1176c0000, 0x00007fe5a1b50000)
  eden space 2661376K,   0% used [0x00007fe04c600000, 0x00007fe04c600000, 0x00007fe0eed00000)
  from space 332672K,  67% used [0x00007fe1031e0000, 0x00007fe110dad520, 0x00007fe1176c0000)
  to   space 332672K,   0% used [0x00007fe0eed00000, 0x00007fe0eed00000, 0x00007fe1031e0000)
 tenured generation   total 6653384K, used 3992030K [0x00007fe5a1b50000, 0x00007fe737cc2000, 0x00007ff04c600000)
   the space 6653384K,  59% used [0x00007fe5a1b50000, 0x00007fe6955c7980, 0x00007fe6955c7a00, 0x00007fe737cc2000)
 Metaspace       used 30433K, capacity 30846K, committed 31232K, reserved 32768K
}
Event: 113.030 GC heap before
{Heap before GC invocations=69 (full 4):
 def new generation   total 2994048K, used 2886453K [0x00007fe04c600000, 0x00007fe1176c0000, 0x00007fe5a1b50000)
  eden space 2661376K, 100% used [0x00007fe04c600000, 0x00007fe0eed00000, 0x00007fe0eed00000)
  from space 332672K,  67% used [0x00007fe1031e0000, 0x00007fe110dad520, 0x00007fe1176c0000)
  to   space 332672K,   0% used [0x00007fe0eed00000, 0x00007fe0eed00000, 0x00007fe1031e0000)
 tenured generation   total 6653384K, used 3992030K [0x00007fe5a1b50000, 0x00007fe737cc2000, 0x00007ff04c600000)
   the space 6653384K,  59% used [0x00007fe5a1b50000, 0x00007fe6955c7980, 0x00007fe6955c7a00, 0x00007fe737cc2000)
 Metaspace       used 30433K, capacity 30846K, committed 31232K, reserved 32768K
}
Event: 113.990 GC heap after
{Heap after GC invocations=70 (full 4):
 def new generation   total 2994048K, used 218860K [0x00007fe04c600000, 0x00007fe1176c0000, 0x00007fe5a1b50000)
  eden space 2661376K,   0% used [0x00007fe04c600000, 0x00007fe04c600000, 0x00007fe0eed00000)
  from space 332672K,  65% used [0x00007fe0eed00000, 0x00007fe0fc2bb090, 0x00007fe1031e0000)
  to   space 332672K,   0% used [0x00007fe1031e0000, 0x00007fe1031e0000, 0x00007fe1176c0000)
 tenured generation   total 6653384K, used 4217106K [0x00007fe5a1b50000, 0x00007fe737cc2000, 0x00007ff04c600000)
   the space 6653384K,  63% used [0x00007fe5a1b50000, 0x00007fe6a3194ba0, 0x00007fe6a3194c00, 0x00007fe737cc2000)
 Metaspace       used 30433K, capacity 30846K, committed 31232K, reserved 32768K
}
Event: 114.717 GC heap before
{Heap before GC invocations=70 (full 4):
 def new generation   total 2994048K, used 2880236K [0x00007fe04c600000, 0x00007fe1176c0000, 0x00007fe5a1b50000)
  eden space 2661376K, 100% used [0x00007fe04c600000, 0x00007fe0eed00000, 0x00007fe0eed00000)
  from space 332672K,  65% used [0x00007fe0eed00000, 0x00007fe0fc2bb090, 0x00007fe1031e0000)
  to   space 332672K,   0% used [0x00007fe1031e0000, 0x00007fe1031e0000, 0x00007fe1176c0000)
 tenured generation   total 6653384K, used 4217106K [0x00007fe5a1b50000, 0x00007fe737cc2000, 0x00007ff04c600000)
   the space 6653384K,  63% used [0x00007fe5a1b50000, 0x00007fe6a3194ba0, 0x00007fe6a3194c00, 0x00007fe737cc2000)
 Metaspace       used 30433K, capacity 30846K, committed 31232K, reserved 32768K
}
Event: 115.608 GC heap after
{Heap after GC invocations=71 (full 4):
 def new generation   total 2994048K, used 243845K [0x00007fe04c600000, 0x00007fe1176c0000, 0x00007fe5a1b50000)
  eden space 2661376K,   0% used [0x00007fe04c600000, 0x00007fe04c600000, 0x00007fe0eed00000)
  from space 332672K,  73% used [0x00007fe1031e0000, 0x00007fe1120016e8, 0x00007fe1176c0000)
  to   space 332672K,   0% used [0x00007fe0eed00000, 0x00007fe0eed00000, 0x00007fe1031e0000)
 tenured generation   total 6653384K, used 4435966K [0x00007fe5a1b50000, 0x00007fe737cc2000, 0x00007ff04c600000)
   the space 6653384K,  66% used [0x00007fe5a1b50000, 0x00007fe6b074f8f0, 0x00007fe6b074fa00, 0x00007fe737cc2000)
 Metaspace       used 30433K, capacity 30846K, committed 31232K, reserved 32768K
}
Event: 116.392 GC heap before
{Heap before GC invocations=71 (full 4):
 def new generation   total 2994048K, used 2905221K [0x00007fe04c600000, 0x00007fe1176c0000, 0x00007fe5a1b50000)
  eden space 2661376K, 100% used [0x00007fe04c600000, 0x00007fe0eed00000, 0x00007fe0eed00000)
  from space 332672K,  73% used [0x00007fe1031e0000, 0x00007fe1120016e8, 0x00007fe1176c0000)
  to   space 332672K,   0% used [0x00007fe0eed00000, 0x00007fe0eed00000, 0x00007fe1031e0000)
 tenured generation   total 6653384K, used 4435966K [0x00007fe5a1b50000, 0x00007fe737cc2000, 0x00007ff04c600000)
   the space 6653384K,  66% used [0x00007fe5a1b50000, 0x00007fe6b074f8f0, 0x00007fe6b074fa00, 0x00007fe737cc2000)
 Metaspace       used 30433K, capacity 30846K, committed 31232K, reserved 32768K
}
Event: 117.179 GC heap after
{Heap after GC invocations=72 (full 4):
 def new generation   total 2994048K, used 242341K [0x00007fe04c600000, 0x00007fe1176c0000, 0x00007fe5a1b50000)
  eden space 2661376K,   0% used [0x00007fe04c600000, 0x00007fe04c600000, 0x00007fe0eed00000)
  from space 332672K,  72% used [0x00007fe0eed00000, 0x00007fe0fd9a97b0, 0x00007fe1031e0000)
  to   space 332672K,   0% used [0x00007fe1031e0000, 0x00007fe1031e0000, 0x00007fe1176c0000)
 tenured generation   total 6653384K, used 4679811K [0x00007fe5a1b50000, 0x00007fe737cc2000, 0x00007ff04c600000)
   the space 6653384K,  70% used [0x00007fe5a1b50000, 0x00007fe6bf570cb8, 0x00007fe6bf570e00, 0x00007fe737cc2000)
 Metaspace       used 30433K, capacity 30846K, committed 31232K, reserved 32768K
}
Event: 118.122 GC heap before
{Heap before GC invocations=72 (full 4):
 def new generation   total 2994048K, used 2903717K [0x00007fe04c600000, 0x00007fe1176c0000, 0x00007fe5a1b50000)
  eden space 2661376K, 100% used [0x00007fe04c600000, 0x00007fe0eed00000, 0x00007fe0eed00000)
  from space 332672K,  72% used [0x00007fe0eed00000, 0x00007fe0fd9a97b0, 0x00007fe1031e0000)
  to   space 332672K,   0% used [0x00007fe1031e0000, 0x00007fe1031e0000, 0x00007fe1176c0000)
 tenured generation   total 6653384K, used 4679811K [0x00007fe5a1b50000, 0x00007fe737cc2000, 0x00007ff04c600000)
   the space 6653384K,  70% used [0x00007fe5a1b50000, 0x00007fe6bf570cb8, 0x00007fe6bf570e00, 0x00007fe737cc2000)
 Metaspace       used 30433K, capacity 30846K, committed 31232K, reserved 32768K
}
Event: 119.247 GC heap after
{Heap after GC invocations=73 (full 4):
 def new generation   total 2994048K, used 310550K [0x00007fe04c600000, 0x00007fe1176c0000, 0x00007fe5a1b50000)
  eden space 2661376K,   0% used [0x00007fe04c600000, 0x00007fe04c600000, 0x00007fe0eed00000)
  from space 332672K,  93% used [0x00007fe1031e0000, 0x00007fe116125928, 0x00007fe1176c0000)
  to   space 332672K,   0% used [0x00007fe0eed00000, 0x00007fe0eed00000, 0x00007fe1031e0000)
 tenured generation   total 6653384K, used 4922151K [0x00007fe5a1b50000, 0x00007fe737cc2000, 0x00007ff04c600000)
   the space 6653384K,  73% used [0x00007fe5a1b50000, 0x00007fe6ce219f98, 0x00007fe6ce21a000, 0x00007fe737cc2000)
 Metaspace       used 30433K, capacity 30846K, committed 31232K, reserved 32768K
}
Event: 120.352 GC heap before
{Heap before GC invocations=73 (full 4):
 def new generation   total 2994048K, used 2971926K [0x00007fe04c600000, 0x00007fe1176c0000, 0x00007fe5a1b50000)
  eden space 2661376K, 100% used [0x00007fe04c600000, 0x00007fe0eed00000, 0x00007fe0eed00000)
  from space 332672K,  93% used [0x00007fe1031e0000, 0x00007fe116125928, 0x00007fe1176c0000)
  to   space 332672K,   0% used [0x00007fe0eed00000, 0x00007fe0eed00000, 0x00007fe1031e0000)
 tenured generation   total 6653384K, used 4922151K [0x00007fe5a1b50000, 0x00007fe737cc2000, 0x00007ff04c600000)
   the space 6653384K,  73% used [0x00007fe5a1b50000, 0x00007fe6ce219f98, 0x00007fe6ce21a000, 0x00007fe737cc2000)
 Metaspace       used 30433K, capacity 30846K, committed 31232K, reserved 32768K
}
Event: 121.640 GC heap after
{Heap after GC invocations=74 (full 4):
 def new generation   total 2994048K, used 316306K [0x00007fe04c600000, 0x00007fe1176c0000, 0x00007fe5a1b50000)
  eden space 2661376K,   0% used [0x00007fe04c600000, 0x00007fe04c600000, 0x00007fe0eed00000)
  from space 332672K,  95% used [0x00007fe0eed00000, 0x00007fe1021e4b50, 0x00007fe1031e0000)
  to   space 332672K,   0% used [0x00007fe1031e0000, 0x00007fe1031e0000, 0x00007fe1176c0000)
 tenured generation   total 6653384K, used 5232701K [0x00007fe5a1b50000, 0x00007fe737cc2000, 0x00007ff04c600000)
   the space 6653384K,  78% used [0x00007fe5a1b50000, 0x00007fe6e115f630, 0x00007fe6e115f800, 0x00007fe737cc2000)
 Metaspace       used 30433K, capacity 30846K, committed 31232K, reserved 32768K
}
Event: 122.759 GC heap before
{Heap before GC invocations=74 (full 4):
 def new generation   total 2994048K, used 2977682K [0x00007fe04c600000, 0x00007fe1176c0000, 0x00007fe5a1b50000)
  eden space 2661376K, 100% used [0x00007fe04c600000, 0x00007fe0eed00000, 0x00007fe0eed00000)
  from space 332672K,  95% used [0x00007fe0eed00000, 0x00007fe1021e4b50, 0x00007fe1031e0000)
  to   space 332672K,   0% used [0x00007fe1031e0000, 0x00007fe1031e0000, 0x00007fe1176c0000)
 tenured generation   total 6653384K, used 5232701K [0x00007fe5a1b50000, 0x00007fe737cc2000, 0x00007ff04c600000)
   the space 6653384K,  78% used [0x00007fe5a1b50000, 0x00007fe6e115f630, 0x00007fe6e115f800, 0x00007fe737cc2000)
 Metaspace       used 30433K, capacity 30846K, committed 31232K, reserved 32768K
}
Event: 123.900 GC heap after
{Heap after GC invocations=75 (full 4):
 def new generation   total 2994048K, used 317968K [0x00007fe04c600000, 0x00007fe1176c0000, 0x00007fe5a1b50000)
  eden space 2661376K,   0% used [0x00007fe04c600000, 0x00007fe04c600000, 0x00007fe0eed00000)
  from space 332672K,  95% used [0x00007fe1031e0000, 0x00007fe1168640a0, 0x00007fe1176c0000)
  to   space 332672K,   0% used [0x00007fe0eed00000, 0x00007fe0eed00000, 0x00007fe1031e0000)
 tenured generation   total 6653384K, used 5549008K [0x00007fe5a1b50000, 0x00007fe737cc2000, 0x00007ff04c600000)
   the space 6653384K,  83% used [0x00007fe5a1b50000, 0x00007fe6f4644050, 0x00007fe6f4644200, 0x00007fe737cc2000)
 Metaspace       used 30433K, capacity 30846K, committed 31232K, reserved 32768K
}
Event: 124.745 GC heap before
{Heap before GC invocations=75 (full 4):
 def new generation   total 2994048K, used 2979344K [0x00007fe04c600000, 0x00007fe1176c0000, 0x00007fe5a1b50000)
  eden space 2661376K, 100% used [0x00007fe04c600000, 0x00007fe0eed00000, 0x00007fe0eed00000)
  from space 332672K,  95% used [0x00007fe1031e0000, 0x00007fe1168640a0, 0x00007fe1176c0000)
  to   space 332672K,   0% used [0x00007fe0eed00000, 0x00007fe0eed00000, 0x00007fe1031e0000)
 tenured generation   total 6653384K, used 5549008K [0x00007fe5a1b50000, 0x00007fe737cc2000, 0x00007ff04c600000)
   the space 6653384K,  83% used [0x00007fe5a1b50000, 0x00007fe6f4644050, 0x00007fe6f4644200, 0x00007fe737cc2000)
 Metaspace       used 30433K, capacity 30846K, committed 31232K, reserved 32768K
}
Event: 125.955 GC heap after
{Heap after GC invocations=76 (full 4):
 def new generation   total 2994048K, used 309197K [0x00007fe04c600000, 0x00007fe1176c0000, 0x00007fe5a1b50000)
  eden space 2661376K,   0% used [0x00007fe04c600000, 0x00007fe04c600000, 0x00007fe0eed00000)
  from space 332672K,  92% used [0x00007fe0eed00000, 0x00007fe101af3510, 0x00007fe1031e0000)
  to   space 332672K,   0% used [0x00007fe1031e0000, 0x00007fe1031e0000, 0x00007fe1176c0000)
 tenured generation   total 6653384K, used 5866975K [0x00007fe5a1b50000, 0x00007fe737cc2000, 0x00007ff04c600000)
   the space 6653384K,  88% used [0x00007fe5a1b50000, 0x00007fe707cc7fc0, 0x00007fe707cc8000, 0x00007fe737cc2000)
 Metaspace       used 30433K, capacity 30846K, committed 31232K, reserved 32768K
}
Event: 128.101 GC heap before
{Heap before GC invocations=76 (full 4):
 def new generation   total 2994048K, used 2970573K [0x00007fe04c600000, 0x00007fe1176c0000, 0x00007fe5a1b50000)
  eden space 2661376K, 100% used [0x00007fe04c600000, 0x00007fe0eed00000, 0x00007fe0eed00000)
  from space 332672K,  92% used [0x00007fe0eed00000, 0x00007fe101af3510, 0x00007fe1031e0000)
  to   space 332672K,   0% used [0x00007fe1031e0000, 0x00007fe1031e0000, 0x00007fe1176c0000)
 tenured generation   total 6653384K, used 5866975K [0x00007fe5a1b50000, 0x00007fe737cc2000, 0x00007ff04c600000)
   the space 6653384K,  88% used [0x00007fe5a1b50000, 0x00007fe707cc7fc0, 0x00007fe707cc8000, 0x00007fe737cc2000)
 Metaspace       used 30433K, capacity 30846K, committed 31232K, reserved 32768K
}
Event: 129.326 GC heap after
{Heap after GC invocations=77 (full 4):
 def new generation   total 2994048K, used 332672K [0x00007fe04c600000, 0x00007fe1176c0000, 0x00007fe5a1b50000)
  eden space 2661376K,   0% used [0x00007fe04c600000, 0x00007fe04c600000, 0x00007fe0eed00000)
  from space 332672K, 100% used [0x00007fe1031e0000, 0x00007fe1176c0000, 0x00007fe1176c0000)
  to   space 332672K,   0% used [0x00007fe0eed00000, 0x00007fe0eed00000, 0x00007fe1031e0000)
 tenured generation   total 6653384K, used 6255392K [0x00007fe5a1b50000, 0x00007fe737cc2000, 0x00007ff04c600000)
   the space 6653384K,  94% used [0x00007fe5a1b50000, 0x00007fe71f8180f0, 0x00007fe71f818200, 0x00007fe737cc2000)
 Metaspace       used 30433K, capacity 30846K, committed 31232K, reserved 32768K
}
Event: 289.674 GC heap before
{Heap before GC invocations=77 (full 4):
 def new generation   total 2994048K, used 2994048K [0x00007fe04c600000, 0x00007fe1176c0000, 0x00007fe5a1b50000)
  eden space 2661376K, 100% used [0x00007fe04c600000, 0x00007fe0eed00000, 0x00007fe0eed00000)
  from space 332672K, 100% used [0x00007fe1031e0000, 0x00007fe1176c0000, 0x00007fe1176c0000)
  to   space 332672K,   0% used [0x00007fe0eed00000, 0x00007fe0eed00000, 0x00007fe1031e0000)
 tenured generation   total 6653384K, used 6255392K [0x00007fe5a1b50000, 0x00007fe737cc2000, 0x00007ff04c600000)
   the space 6653384K,  94% used [0x00007fe5a1b50000, 0x00007fe71f8180f0, 0x00007fe71f818200, 0x00007fe737cc2000)
 Metaspace       used 30433K, capacity 30846K, committed 31232K, reserved 32768K
}
Event: 292.990 GC heap after
{Heap after GC invocations=78 (full 4):
 def new generation   total 2994048K, used 332671K [0x00007fe04c600000, 0x00007fe1176c0000, 0x00007fe5a1b50000)
  eden space 2661376K,   0% used [0x00007fe04c600000, 0x00007fe04c600000, 0x00007fe0eed00000)
  from space 332672K,  99% used [0x00007fe0eed00000, 0x00007fe1031dfff8, 0x00007fe1031e0000)
  to   space 332672K,   0% used [0x00007fe1031e0000, 0x00007fe1031e0000, 0x00007fe1176c0000)
 tenured generation   total 7624904K, used 7624756K [0x00007fe5a1b50000, 0x00007fe773182000, 0x00007ff04c600000)
   the space 7624904K,  99% used [0x00007fe5a1b50000, 0x00007fe77315d260, 0x00007fe77315d400, 0x00007fe773182000)
 Metaspace       used 30433K, capacity 30846K, committed 31232K, reserved 32768K
}
Event: 292.990 GC heap before
{Heap before GC invocations=78 (full 4):
 def new generation   total 2994048K, used 332671K [0x00007fe04c600000, 0x00007fe1176c0000, 0x00007fe5a1b50000)
  eden space 2661376K,   0% used [0x00007fe04c600000, 0x00007fe04c600000, 0x00007fe0eed00000)
  from space 332672K,  99% used [0x00007fe0eed00000, 0x00007fe1031dfff8, 0x00007fe1031e0000)
  to   space 332672K,   0% used [0x00007fe1031e0000, 0x00007fe1031e0000, 0x00007fe1176c0000)
 tenured generation   total 7624904K, used 7624756K [0x00007fe5a1b50000, 0x00007fe773182000, 0x00007ff04c600000)
   the space 7624904K,  99% used [0x00007fe5a1b50000, 0x00007fe77315d260, 0x00007fe77315d400, 0x00007fe773182000)
 Metaspace       used 30433K, capacity 30846K, committed 31232K, reserved 32768K
}

