# JRE version: OpenJDK Runtime Environment (13.0.7+5) (build 13.0.7+5-Ubuntu-0ubuntu120.04)
# Java VM: OpenJDK 64-Bit Server VM (13.0.7+5-Ubuntu-0ubuntu120.04, mixed mode, tiered, serial gc, linux-amd64)
Heap:
 def new generation   total 1657024K, used 65768K [0x00007fd560600000, 0x00007fd5d0bf0000, 0x00007fdab5b50000)
  eden space 1472960K,   4% used [0x00007fd560600000, 0x00007fd56463a2a8, 0x00007fd5ba470000)
  from space 184064K,   0% used [0x00007fd5ba470000, 0x00007fd5ba470000, 0x00007fd5c5830000)
  to   space 184064K,   0% used [0x00007fd5c5830000, 0x00007fd5c5830000, 0x00007fd5d0bf0000)
 tenured generation   total 3698520K, used 3698145K [0x00007fdab5b50000, 0x00007fdb97726000, 0x00007fe560600000)
   the space 3698520K,  99% used [0x00007fdab5b50000, 0x00007fdb976c85f8, 0x00007fdb976c8600, 0x00007fdb97726000)
 Metaspace       used 24249K, capacity 24633K, committed 24832K, reserved 26624K
GC Heap History (20 events):
Event: 2464.237 GC heap after
{Heap after GC invocations=2013 (full 5):
 def new generation   total 1657024K, used 86318K [0x00007fd560600000, 0x00007fd5d0bf0000, 0x00007fdab5b50000)
  eden space 1472960K,   0% used [0x00007fd560600000, 0x00007fd560600000, 0x00007fd5ba470000)
  from space 184064K,  46% used [0x00007fd5c5830000, 0x00007fd5cac7bbf0, 0x00007fd5d0bf0000)
  to   space 184064K,   0% used [0x00007fd5ba470000, 0x00007fd5ba470000, 0x00007fd5c5830000)
 tenured generation   total 3682132K, used 3663684K [0x00007fdab5b50000, 0x00007fdb96725000, 0x00007fe560600000)
   the space 3682132K,  99% used [0x00007fdab5b50000, 0x00007fdb95521350, 0x00007fdb95521400, 0x00007fdb96725000)
 Metaspace       used 24249K, capacity 24633K, committed 24832K, reserved 26624K
}
Event: 2466.614 GC heap before
{Heap before GC invocations=2013 (full 5):
 def new generation   total 1657024K, used 1557403K [0x00007fd560600000, 0x00007fd5d0bf0000, 0x00007fdab5b50000)
  eden space 1472960K,  99% used [0x00007fd560600000, 0x00007fd5ba29b238, 0x00007fd5ba470000)
  from space 184064K,  46% used [0x00007fd5c5830000, 0x00007fd5cac7bbf0, 0x00007fd5d0bf0000)
  to   space 184064K,   0% used [0x00007fd5ba470000, 0x00007fd5ba470000, 0x00007fd5c5830000)
 tenured generation   total 3682132K, used 3663684K [0x00007fdab5b50000, 0x00007fdb96725000, 0x00007fe560600000)
   the space 3682132K,  99% used [0x00007fdab5b50000, 0x00007fdb95521350, 0x00007fdb95521400, 0x00007fdb96725000)
 Metaspace       used 24249K, capacity 24633K, committed 24832K, reserved 26624K
}
Event: 2466.694 GC heap after
{Heap after GC invocations=2014 (full 5):
 def new generation   total 1657024K, used 89411K [0x00007fd560600000, 0x00007fd5d0bf0000, 0x00007fdab5b50000)
  eden space 1472960K,   0% used [0x00007fd560600000, 0x00007fd560600000, 0x00007fd5ba470000)
  from space 184064K,  48% used [0x00007fd5ba470000, 0x00007fd5bfbc0ed0, 0x00007fd5c5830000)
  to   space 184064K,   0% used [0x00007fd5c5830000, 0x00007fd5c5830000, 0x00007fd5d0bf0000)
 tenured generation   total 3682132K, used 3663684K [0x00007fdab5b50000, 0x00007fdb96725000, 0x00007fe560600000)
   the space 3682132K,  99% used [0x00007fdab5b50000, 0x00007fdb95521350, 0x00007fdb95521400, 0x00007fdb96725000)
 Metaspace       used 24249K, capacity 24633K, committed 24832K, reserved 26624K
}
Event: 2468.834 GC heap before
{Heap before GC invocations=2014 (full 5):
 def new generation   total 1657024K, used 1562371K [0x00007fd560600000, 0x00007fd5d0bf0000, 0x00007fdab5b50000)
  eden space 1472960K, 100% used [0x00007fd560600000, 0x00007fd5ba470000, 0x00007fd5ba470000)
  from space 184064K,  48% used [0x00007fd5ba470000, 0x00007fd5bfbc0ed0, 0x00007fd5c5830000)
  to   space 184064K,   0% used [0x00007fd5c5830000, 0x00007fd5c5830000, 0x00007fd5d0bf0000)
 tenured generation   total 3682132K, used 3663684K [0x00007fdab5b50000, 0x00007fdb96725000, 0x00007fe560600000)
   the space 3682132K,  99% used [0x00007fdab5b50000, 0x00007fdb95521350, 0x00007fdb95521400, 0x00007fdb96725000)
 Metaspace       used 24249K, capacity 24633K, committed 24832K, reserved 26624K
}
Event: 2468.915 GC heap after
{Heap after GC invocations=2015 (full 5):
 def new generation   total 1657024K, used 78140K [0x00007fd560600000, 0x00007fd5d0bf0000, 0x00007fdab5b50000)
  eden space 1472960K,   0% used [0x00007fd560600000, 0x00007fd560600000, 0x00007fd5ba470000)
  from space 184064K,  42% used [0x00007fd5c5830000, 0x00007fd5ca47f230, 0x00007fd5d0bf0000)
  to   space 184064K,   0% used [0x00007fd5ba470000, 0x00007fd5ba470000, 0x00007fd5c5830000)
 tenured generation   total 3682132K, used 3663684K [0x00007fdab5b50000, 0x00007fdb96725000, 0x00007fe560600000)
   the space 3682132K,  99% used [0x00007fdab5b50000, 0x00007fdb95521350, 0x00007fdb95521400, 0x00007fdb96725000)
 Metaspace       used 24249K, capacity 24633K, committed 24832K, reserved 26624K
}
Event: 2470.814 GC heap before
{Heap before GC invocations=2015 (full 5):
 def new generation   total 1657024K, used 1551100K [0x00007fd560600000, 0x00007fd5d0bf0000, 0x00007fdab5b50000)
  eden space 1472960K, 100% used [0x00007fd560600000, 0x00007fd5ba470000, 0x00007fd5ba470000)
  from space 184064K,  42% used [0x00007fd5c5830000, 0x00007fd5ca47f230, 0x00007fd5d0bf0000)
  to   space 184064K,   0% used [0x00007fd5ba470000, 0x00007fd5ba470000, 0x00007fd5c5830000)
 tenured generation   total 3682132K, used 3663684K [0x00007fdab5b50000, 0x00007fdb96725000, 0x00007fe560600000)
   the space 3682132K,  99% used [0x00007fdab5b50000, 0x00007fdb95521350, 0x00007fdb95521400, 0x00007fdb96725000)
 Metaspace       used 24249K, capacity 24633K, committed 24832K, reserved 26624K
}
Event: 2470.906 GC heap after
{Heap after GC invocations=2016 (full 5):
 def new generation   total 1657024K, used 67326K [0x00007fd560600000, 0x00007fd5d0bf0000, 0x00007fdab5b50000)
  eden space 1472960K,   0% used [0x00007fd560600000, 0x00007fd560600000, 0x00007fd5ba470000)
  from space 184064K,  36% used [0x00007fd5ba470000, 0x00007fd5be62fb28, 0x00007fd5c5830000)
  to   space 184064K,   0% used [0x00007fd5c5830000, 0x00007fd5c5830000, 0x00007fd5d0bf0000)
 tenured generation   total 3682132K, used 3680644K [0x00007fdab5b50000, 0x00007fdb96725000, 0x00007fe560600000)
   the space 3682132K,  99% used [0x00007fdab5b50000, 0x00007fdb965b1348, 0x00007fdb965b1400, 0x00007fdb96725000)
 Metaspace       used 24249K, capacity 24633K, committed 24832K, reserved 26624K
}
Event: 2472.541 GC heap before
{Heap before GC invocations=2016 (full 5):
 def new generation   total 1657024K, used 1540286K [0x00007fd560600000, 0x00007fd5d0bf0000, 0x00007fdab5b50000)
  eden space 1472960K, 100% used [0x00007fd560600000, 0x00007fd5ba470000, 0x00007fd5ba470000)
  from space 184064K,  36% used [0x00007fd5ba470000, 0x00007fd5be62fb28, 0x00007fd5c5830000)
  to   space 184064K,   0% used [0x00007fd5c5830000, 0x00007fd5c5830000, 0x00007fd5d0bf0000)
 tenured generation   total 3682132K, used 3680644K [0x00007fdab5b50000, 0x00007fdb96725000, 0x00007fe560600000)
   the space 3682132K,  99% used [0x00007fdab5b50000, 0x00007fdb965b1348, 0x00007fdb965b1400, 0x00007fdb96725000)
 Metaspace       used 24249K, capacity 24633K, committed 24832K, reserved 26624K
}
Event: 2472.618 GC heap after
{Heap after GC invocations=2017 (full 5):
 def new generation   total 1657024K, used 67847K [0x00007fd560600000, 0x00007fd5d0bf0000, 0x00007fdab5b50000)
  eden space 1472960K,   0% used [0x00007fd560600000, 0x00007fd560600000, 0x00007fd5ba470000)
  from space 184064K,  36% used [0x00007fd5c5830000, 0x00007fd5c9a71d58, 0x00007fd5d0bf0000)
  to   space 184064K,   0% used [0x00007fd5ba470000, 0x00007fd5ba470000, 0x00007fd5c5830000)
 tenured generation   total 3682132K, used 3680644K [0x00007fdab5b50000, 0x00007fdb96725000, 0x00007fe560600000)
   the space 3682132K,  99% used [0x00007fdab5b50000, 0x00007fdb965b1348, 0x00007fdb965b1400, 0x00007fdb96725000)
 Metaspace       used 24249K, capacity 24633K, committed 24832K, reserved 26624K
}
Event: 2474.082 GC heap before
{Heap before GC invocations=2017 (full 5):
 def new generation   total 1657024K, used 1540807K [0x00007fd560600000, 0x00007fd5d0bf0000, 0x00007fdab5b50000)
  eden space 1472960K, 100% used [0x00007fd560600000, 0x00007fd5ba470000, 0x00007fd5ba470000)
  from space 184064K,  36% used [0x00007fd5c5830000, 0x00007fd5c9a71d58, 0x00007fd5d0bf0000)
  to   space 184064K,   0% used [0x00007fd5ba470000, 0x00007fd5ba470000, 0x00007fd5c5830000)
 tenured generation   total 3682132K, used 3680644K [0x00007fdab5b50000, 0x00007fdb96725000, 0x00007fe560600000)
   the space 3682132K,  99% used [0x00007fdab5b50000, 0x00007fdb965b1348, 0x00007fdb965b1400, 0x00007fdb96725000)
 Metaspace       used 24249K, capacity 24633K, committed 24832K, reserved 26624K
}
Event: 2474.148 GC heap after
{Heap after GC invocations=2018 (full 5):
 def new generation   total 1657024K, used 67831K [0x00007fd560600000, 0x00007fd5d0bf0000, 0x00007fdab5b50000)
  eden space 1472960K,   0% used [0x00007fd560600000, 0x00007fd560600000, 0x00007fd5ba470000)
  from space 184064K,  36% used [0x00007fd5ba470000, 0x00007fd5be6adf28, 0x00007fd5c5830000)
  to   space 184064K,   0% used [0x00007fd5c5830000, 0x00007fd5c5830000, 0x00007fd5d0bf0000)
 tenured generation   total 3682132K, used 3680644K [0x00007fdab5b50000, 0x00007fdb96725000, 0x00007fe560600000)
   the space 3682132K,  99% used [0x00007fdab5b50000, 0x00007fdb965b1348, 0x00007fdb965b1400, 0x00007fdb96725000)
 Metaspace       used 24249K, capacity 24633K, committed 24832K, reserved 26624K
}
Event: 2476.016 GC heap before
{Heap before GC invocations=2018 (full 5):
 def new generation   total 1657024K, used 1534029K [0x00007fd560600000, 0x00007fd5d0bf0000, 0x00007fdab5b50000)
  eden space 1472960K,  99% used [0x00007fd560600000, 0x00007fd5b9dd57b8, 0x00007fd5ba470000)
  from space 184064K,  36% used [0x00007fd5ba470000, 0x00007fd5be6adf28, 0x00007fd5c5830000)
  to   space 184064K,   0% used [0x00007fd5c5830000, 0x00007fd5c5830000, 0x00007fd5d0bf0000)
 tenured generation   total 3682132K, used 3680644K [0x00007fdab5b50000, 0x00007fdb96725000, 0x00007fe560600000)
   the space 3682132K,  99% used [0x00007fdab5b50000, 0x00007fdb965b1348, 0x00007fdb965b1400, 0x00007fdb96725000)
 Metaspace       used 24249K, capacity 24633K, committed 24832K, reserved 26624K
}
Event: 2476.086 GC heap after
{Heap after GC invocations=2019 (full 5):
 def new generation   total 1657024K, used 86322K [0x00007fd560600000, 0x00007fd5d0bf0000, 0x00007fdab5b50000)
  eden space 1472960K,   0% used [0x00007fd560600000, 0x00007fd560600000, 0x00007fd5ba470000)
  from space 184064K,  46% used [0x00007fd5c5830000, 0x00007fd5cac7c9c8, 0x00007fd5d0bf0000)
  to   space 184064K,   0% used [0x00007fd5ba470000, 0x00007fd5ba470000, 0x00007fd5c5830000)
 tenured generation   total 3682132K, used 3680644K [0x00007fdab5b50000, 0x00007fdb96725000, 0x00007fe560600000)
   the space 3682132K,  99% used [0x00007fdab5b50000, 0x00007fdb965b1348, 0x00007fdb965b1400, 0x00007fdb96725000)
 Metaspace       used 24249K, capacity 24633K, committed 24832K, reserved 26624K
}
Event: 2478.493 GC heap before
{Heap before GC invocations=2019 (full 5):
 def new generation   total 1657024K, used 1558181K [0x00007fd560600000, 0x00007fd5d0bf0000, 0x00007fdab5b50000)
  eden space 1472960K,  99% used [0x00007fd560600000, 0x00007fd5ba35cc78, 0x00007fd5ba470000)
  from space 184064K,  46% used [0x00007fd5c5830000, 0x00007fd5cac7c9c8, 0x00007fd5d0bf0000)
  to   space 184064K,   0% used [0x00007fd5ba470000, 0x00007fd5ba470000, 0x00007fd5c5830000)
 tenured generation   total 3682132K, used 3680644K [0x00007fdab5b50000, 0x00007fdb96725000, 0x00007fe560600000)
   the space 3682132K,  99% used [0x00007fdab5b50000, 0x00007fdb965b1348, 0x00007fdb965b1400, 0x00007fdb96725000)
 Metaspace       used 24249K, capacity 24633K, committed 24832K, reserved 26624K
}
Event: 2478.552 GC heap after
{Heap after GC invocations=2020 (full 5):
 def new generation   total 1657024K, used 73001K [0x00007fd560600000, 0x00007fd5d0bf0000, 0x00007fdab5b50000)
  eden space 1472960K,   0% used [0x00007fd560600000, 0x00007fd560600000, 0x00007fd5ba470000)
  from space 184064K,  39% used [0x00007fd5ba470000, 0x00007fd5bebba498, 0x00007fd5c5830000)
  to   space 184064K,   0% used [0x00007fd5c5830000, 0x00007fd5c5830000, 0x00007fd5d0bf0000)
 tenured generation   total 3682132K, used 3680644K [0x00007fdab5b50000, 0x00007fdb96725000, 0x00007fe560600000)
   the space 3682132K,  99% used [0x00007fdab5b50000, 0x00007fdb965b1348, 0x00007fdb965b1400, 0x00007fdb96725000)
 Metaspace       used 24249K, capacity 24633K, committed 24832K, reserved 26624K
}
Event: 2480.601 GC heap before
{Heap before GC invocations=2020 (full 5):
 def new generation   total 1657024K, used 1545961K [0x00007fd560600000, 0x00007fd5d0bf0000, 0x00007fdab5b50000)
  eden space 1472960K, 100% used [0x00007fd560600000, 0x00007fd5ba470000, 0x00007fd5ba470000)
  from space 184064K,  39% used [0x00007fd5ba470000, 0x00007fd5bebba498, 0x00007fd5c5830000)
  to   space 184064K,   0% used [0x00007fd5c5830000, 0x00007fd5c5830000, 0x00007fd5d0bf0000)
 tenured generation   total 3682132K, used 3680644K [0x00007fdab5b50000, 0x00007fdb96725000, 0x00007fe560600000)
   the space 3682132K,  99% used [0x00007fdab5b50000, 0x00007fdb965b1348, 0x00007fdb965b1400, 0x00007fdb96725000)
 Metaspace       used 24249K, capacity 24633K, committed 24832K, reserved 26624K
}
Event: 2480.683 GC heap after
{Heap after GC invocations=2021 (full 5):
 def new generation   total 1657024K, used 79165K [0x00007fd560600000, 0x00007fd5d0bf0000, 0x00007fdab5b50000)
  eden space 1472960K,   0% used [0x00007fd560600000, 0x00007fd560600000, 0x00007fd5ba470000)
  from space 184064K,  43% used [0x00007fd5c5830000, 0x00007fd5ca57f798, 0x00007fd5d0bf0000)
  to   space 184064K,   0% used [0x00007fd5ba470000, 0x00007fd5ba470000, 0x00007fd5c5830000)
 tenured generation   total 3682132K, used 3680644K [0x00007fdab5b50000, 0x00007fdb96725000, 0x00007fe560600000)
   the space 3682132K,  99% used [0x00007fdab5b50000, 0x00007fdb965b1348, 0x00007fdb965b1400, 0x00007fdb96725000)
 Metaspace       used 24249K, capacity 24633K, committed 24832K, reserved 26624K
}
Event: 2482.470 GC heap before
{Heap before GC invocations=2021 (full 5):
 def new generation   total 1657024K, used 1552125K [0x00007fd560600000, 0x00007fd5d0bf0000, 0x00007fdab5b50000)
  eden space 1472960K, 100% used [0x00007fd560600000, 0x00007fd5ba470000, 0x00007fd5ba470000)
  from space 184064K,  43% used [0x00007fd5c5830000, 0x00007fd5ca57f798, 0x00007fd5d0bf0000)
  to   space 184064K,   0% used [0x00007fd5ba470000, 0x00007fd5ba470000, 0x00007fd5c5830000)
 tenured generation   total 3682132K, used 3680644K [0x00007fdab5b50000, 0x00007fdb96725000, 0x00007fe560600000)
   the space 3682132K,  99% used [0x00007fdab5b50000, 0x00007fdb965b1348, 0x00007fdb965b1400, 0x00007fdb96725000)
 Metaspace       used 24249K, capacity 24633K, committed 24832K, reserved 26624K
}
Event: 2482.579 GC heap after
{Heap after GC invocations=2022 (full 5):
 def new generation   total 1657024K, used 66309K [0x00007fd560600000, 0x00007fd5d0bf0000, 0x00007fdab5b50000)
  eden space 1472960K,   0% used [0x00007fd560600000, 0x00007fd560600000, 0x00007fd5ba470000)
  from space 184064K,  36% used [0x00007fd5ba470000, 0x00007fd5be531560, 0x00007fd5c5830000)
  to   space 184064K,   0% used [0x00007fd5c5830000, 0x00007fd5c5830000, 0x00007fd5d0bf0000)
 tenured generation   total 3698520K, used 3697604K [0x00007fdab5b50000, 0x00007fdb97726000, 0x00007fe560600000)
   the space 3698520K,  99% used [0x00007fdab5b50000, 0x00007fdb97641340, 0x00007fdb97641400, 0x00007fdb97726000)
 Metaspace       used 24249K, capacity 24633K, committed 24832K, reserved 26624K
}
Event: 2482.579 GC heap before
{Heap before GC invocations=2022 (full 5):
 def new generation   total 1657024K, used 66309K [0x00007fd560600000, 0x00007fd5d0bf0000, 0x00007fdab5b50000)
  eden space 1472960K,   0% used [0x00007fd560600000, 0x00007fd560600000, 0x00007fd5ba470000)
  from space 184064K,  36% used [0x00007fd5ba470000, 0x00007fd5be531560, 0x00007fd5c5830000)
  to   space 184064K,   0% used [0x00007fd5c5830000, 0x00007fd5c5830000, 0x00007fd5d0bf0000)
 tenured generation   total 3698520K, used 3697604K [0x00007fdab5b50000, 0x00007fdb97726000, 0x00007fe560600000)
   the space 3698520K,  99% used [0x00007fdab5b50000, 0x00007fdb97641340, 0x00007fdb97641400, 0x00007fdb97726000)
 Metaspace       used 24249K, capacity 24633K, committed 24832K, reserved 26624K
}

