# JRE version: OpenJDK Runtime Environment (13.0.7+5) (build 13.0.7+5-Ubuntu-0ubuntu120.04)
# Java VM: OpenJDK 64-Bit Server VM (13.0.7+5-Ubuntu-0ubuntu120.04, mixed mode, tiered, serial gc, linux-amd64)
Heap:
 def new generation   total 1713280K, used 77041K [0x00007f9ec8600000, 0x00007f9f3c900000, 0x00007fa41db50000)
  eden space 1522944K,   5% used [0x00007f9ec8600000, 0x00007f9ecd13c618, 0x00007f9f25540000)
  from space 190336K,   0% used [0x00007f9f30f20000, 0x00007f9f30f20000, 0x00007f9f3c900000)
  to   space 190336K,   0% used [0x00007f9f25540000, 0x00007f9f25540000, 0x00007f9f30f20000)
 tenured generation   total 3823524K, used 3823401K [0x00007fa41db50000, 0x00007fa507139000, 0x00007faec8600000)
   the space 3823524K,  99% used [0x00007fa41db50000, 0x00007fa50711a730, 0x00007fa50711a800, 0x00007fa507139000)
 Metaspace       used 24207K, capacity 24630K, committed 24832K, reserved 26624K
GC Heap History (20 events):
Event: 1442.269 GC heap after
{Heap after GC invocations=1327 (full 5):
 def new generation   total 1713280K, used 100198K [0x00007f9ec8600000, 0x00007f9f3c900000, 0x00007fa41db50000)
  eden space 1522944K,   0% used [0x00007f9ec8600000, 0x00007f9ec8600000, 0x00007f9f25540000)
  from space 190336K,  52% used [0x00007f9f25540000, 0x00007f9f2b719a60, 0x00007f9f30f20000)
  to   space 190336K,   0% used [0x00007f9f30f20000, 0x00007f9f30f20000, 0x00007f9f3c900000)
 tenured generation   total 3807136K, used 3730374K [0x00007fa41db50000, 0x00007fa506138000, 0x00007faec8600000)
   the space 3807136K,  97% used [0x00007fa41db50000, 0x00007fa5016419c8, 0x00007fa501641a00, 0x00007fa506138000)
 Metaspace       used 24207K, capacity 24630K, committed 24832K, reserved 26624K
}
Event: 1443.947 GC heap before
{Heap before GC invocations=1327 (full 5):
 def new generation   total 1713280K, used 1623142K [0x00007f9ec8600000, 0x00007f9f3c900000, 0x00007fa41db50000)
  eden space 1522944K, 100% used [0x00007f9ec8600000, 0x00007f9f25540000, 0x00007f9f25540000)
  from space 190336K,  52% used [0x00007f9f25540000, 0x00007f9f2b719a60, 0x00007f9f30f20000)
  to   space 190336K,   0% used [0x00007f9f30f20000, 0x00007f9f30f20000, 0x00007f9f3c900000)
 tenured generation   total 3807136K, used 3730374K [0x00007fa41db50000, 0x00007fa506138000, 0x00007faec8600000)
   the space 3807136K,  97% used [0x00007fa41db50000, 0x00007fa5016419c8, 0x00007fa501641a00, 0x00007fa506138000)
 Metaspace       used 24207K, capacity 24630K, committed 24832K, reserved 26624K
}
Event: 1444.042 GC heap after
{Heap after GC invocations=1328 (full 5):
 def new generation   total 1713280K, used 87875K [0x00007f9ec8600000, 0x00007f9f3c900000, 0x00007fa41db50000)
  eden space 1522944K,   0% used [0x00007f9ec8600000, 0x00007f9ec8600000, 0x00007f9f25540000)
  from space 190336K,  46% used [0x00007f9f30f20000, 0x00007f9f364f0e98, 0x00007f9f3c900000)
  to   space 190336K,   0% used [0x00007f9f25540000, 0x00007f9f25540000, 0x00007f9f30f20000)
 tenured generation   total 3807136K, used 3747333K [0x00007fa41db50000, 0x00007fa506138000, 0x00007faec8600000)
   the space 3807136K,  98% used [0x00007fa41db50000, 0x00007fa5026d1420, 0x00007fa5026d1600, 0x00007fa506138000)
 Metaspace       used 24207K, capacity 24630K, committed 24832K, reserved 26624K
}
Event: 1446.248 GC heap before
{Heap before GC invocations=1328 (full 5):
 def new generation   total 1713280K, used 1610819K [0x00007f9ec8600000, 0x00007f9f3c900000, 0x00007fa41db50000)
  eden space 1522944K, 100% used [0x00007f9ec8600000, 0x00007f9f25540000, 0x00007f9f25540000)
  from space 190336K,  46% used [0x00007f9f30f20000, 0x00007f9f364f0e98, 0x00007f9f3c900000)
  to   space 190336K,   0% used [0x00007f9f25540000, 0x00007f9f25540000, 0x00007f9f30f20000)
 tenured generation   total 3807136K, used 3747333K [0x00007fa41db50000, 0x00007fa506138000, 0x00007faec8600000)
   the space 3807136K,  98% used [0x00007fa41db50000, 0x00007fa5026d1420, 0x00007fa5026d1600, 0x00007fa506138000)
 Metaspace       used 24207K, capacity 24630K, committed 24832K, reserved 26624K
}
Event: 1446.331 GC heap after
{Heap after GC invocations=1329 (full 5):
 def new generation   total 1713280K, used 98668K [0x00007f9ec8600000, 0x00007f9f3c900000, 0x00007fa41db50000)
  eden space 1522944K,   0% used [0x00007f9ec8600000, 0x00007f9ec8600000, 0x00007f9f25540000)
  from space 190336K,  51% used [0x00007f9f25540000, 0x00007f9f2b59b0d8, 0x00007f9f30f20000)
  to   space 190336K,   0% used [0x00007f9f30f20000, 0x00007f9f30f20000, 0x00007f9f3c900000)
 tenured generation   total 3807136K, used 3747333K [0x00007fa41db50000, 0x00007fa506138000, 0x00007faec8600000)
   the space 3807136K,  98% used [0x00007fa41db50000, 0x00007fa5026d1420, 0x00007fa5026d1600, 0x00007fa506138000)
 Metaspace       used 24207K, capacity 24630K, committed 24832K, reserved 26624K
}
Event: 1447.976 GC heap before
{Heap before GC invocations=1329 (full 5):
 def new generation   total 1713280K, used 1621612K [0x00007f9ec8600000, 0x00007f9f3c900000, 0x00007fa41db50000)
  eden space 1522944K, 100% used [0x00007f9ec8600000, 0x00007f9f25540000, 0x00007f9f25540000)
  from space 190336K,  51% used [0x00007f9f25540000, 0x00007f9f2b59b0d8, 0x00007f9f30f20000)
  to   space 190336K,   0% used [0x00007f9f30f20000, 0x00007f9f30f20000, 0x00007f9f3c900000)
 tenured generation   total 3807136K, used 3747333K [0x00007fa41db50000, 0x00007fa506138000, 0x00007faec8600000)
   the space 3807136K,  98% used [0x00007fa41db50000, 0x00007fa5026d1420, 0x00007fa5026d1600, 0x00007fa506138000)
 Metaspace       used 24207K, capacity 24630K, committed 24832K, reserved 26624K
}
Event: 1448.075 GC heap after
{Heap after GC invocations=1330 (full 5):
 def new generation   total 1713280K, used 67839K [0x00007f9ec8600000, 0x00007f9f3c900000, 0x00007fa41db50000)
  eden space 1522944K,   0% used [0x00007f9ec8600000, 0x00007f9ec8600000, 0x00007f9f25540000)
  from space 190336K,  35% used [0x00007f9f30f20000, 0x00007f9f3515fc30, 0x00007f9f3c900000)
  to   space 190336K,   0% used [0x00007f9f25540000, 0x00007f9f25540000, 0x00007f9f30f20000)
 tenured generation   total 3807136K, used 3764291K [0x00007fa41db50000, 0x00007fa506138000, 0x00007faec8600000)
   the space 3807136K,  98% used [0x00007fa41db50000, 0x00007fa503760e78, 0x00007fa503761000, 0x00007fa506138000)
 Metaspace       used 24207K, capacity 24630K, committed 24832K, reserved 26624K
}
Event: 1450.252 GC heap before
{Heap before GC invocations=1330 (full 5):
 def new generation   total 1713280K, used 1590783K [0x00007f9ec8600000, 0x00007f9f3c900000, 0x00007fa41db50000)
  eden space 1522944K, 100% used [0x00007f9ec8600000, 0x00007f9f25540000, 0x00007f9f25540000)
  from space 190336K,  35% used [0x00007f9f30f20000, 0x00007f9f3515fc30, 0x00007f9f3c900000)
  to   space 190336K,   0% used [0x00007f9f25540000, 0x00007f9f25540000, 0x00007f9f30f20000)
 tenured generation   total 3807136K, used 3764291K [0x00007fa41db50000, 0x00007fa506138000, 0x00007faec8600000)
   the space 3807136K,  98% used [0x00007fa41db50000, 0x00007fa503760e78, 0x00007fa503761000, 0x00007fa506138000)
 Metaspace       used 24207K, capacity 24630K, committed 24832K, reserved 26624K
}
Event: 1450.330 GC heap after
{Heap after GC invocations=1331 (full 5):
 def new generation   total 1713280K, used 96605K [0x00007f9ec8600000, 0x00007f9f3c900000, 0x00007fa41db50000)
  eden space 1522944K,   0% used [0x00007f9ec8600000, 0x00007f9ec8600000, 0x00007f9f25540000)
  from space 190336K,  50% used [0x00007f9f25540000, 0x00007f9f2b397480, 0x00007f9f30f20000)
  to   space 190336K,   0% used [0x00007f9f30f20000, 0x00007f9f30f20000, 0x00007f9f3c900000)
 tenured generation   total 3807136K, used 3764291K [0x00007fa41db50000, 0x00007fa506138000, 0x00007faec8600000)
   the space 3807136K,  98% used [0x00007fa41db50000, 0x00007fa503760e78, 0x00007fa503761000, 0x00007fa506138000)
 Metaspace       used 24207K, capacity 24630K, committed 24832K, reserved 26624K
}
Event: 1452.120 GC heap before
{Heap before GC invocations=1331 (full 5):
 def new generation   total 1713280K, used 1619549K [0x00007f9ec8600000, 0x00007f9f3c900000, 0x00007fa41db50000)
  eden space 1522944K, 100% used [0x00007f9ec8600000, 0x00007f9f25540000, 0x00007f9f25540000)
  from space 190336K,  50% used [0x00007f9f25540000, 0x00007f9f2b397480, 0x00007f9f30f20000)
  to   space 190336K,   0% used [0x00007f9f30f20000, 0x00007f9f30f20000, 0x00007f9f3c900000)
 tenured generation   total 3807136K, used 3764291K [0x00007fa41db50000, 0x00007fa506138000, 0x00007faec8600000)
   the space 3807136K,  98% used [0x00007fa41db50000, 0x00007fa503760e78, 0x00007fa503761000, 0x00007fa506138000)
 Metaspace       used 24207K, capacity 24630K, committed 24832K, reserved 26624K
}
Event: 1452.213 GC heap after
{Heap after GC invocations=1332 (full 5):
 def new generation   total 1713280K, used 85275K [0x00007f9ec8600000, 0x00007f9f3c900000, 0x00007fa41db50000)
  eden space 1522944K,   0% used [0x00007f9ec8600000, 0x00007f9ec8600000, 0x00007f9f25540000)
  from space 190336K,  44% used [0x00007f9f30f20000, 0x00007f9f36266fc8, 0x00007f9f3c900000)
  to   space 190336K,   0% used [0x00007f9f25540000, 0x00007f9f25540000, 0x00007f9f30f20000)
 tenured generation   total 3807136K, used 3781250K [0x00007fa41db50000, 0x00007fa506138000, 0x00007faec8600000)
   the space 3807136K,  99% used [0x00007fa41db50000, 0x00007fa5047f08d0, 0x00007fa5047f0a00, 0x00007fa506138000)
 Metaspace       used 24207K, capacity 24630K, committed 24832K, reserved 26624K
}
Event: 1454.332 GC heap before
{Heap before GC invocations=1332 (full 5):
 def new generation   total 1713280K, used 1608219K [0x00007f9ec8600000, 0x00007f9f3c900000, 0x00007fa41db50000)
  eden space 1522944K, 100% used [0x00007f9ec8600000, 0x00007f9f25540000, 0x00007f9f25540000)
  from space 190336K,  44% used [0x00007f9f30f20000, 0x00007f9f36266fc8, 0x00007f9f3c900000)
  to   space 190336K,   0% used [0x00007f9f25540000, 0x00007f9f25540000, 0x00007f9f30f20000)
 tenured generation   total 3807136K, used 3781250K [0x00007fa41db50000, 0x00007fa506138000, 0x00007faec8600000)
   the space 3807136K,  99% used [0x00007fa41db50000, 0x00007fa5047f08d0, 0x00007fa5047f0a00, 0x00007fa506138000)
 Metaspace       used 24207K, capacity 24630K, committed 24832K, reserved 26624K
}
Event: 1454.420 GC heap after
{Heap after GC invocations=1333 (full 5):
 def new generation   total 1713280K, used 94557K [0x00007f9ec8600000, 0x00007f9f3c900000, 0x00007fa41db50000)
  eden space 1522944K,   0% used [0x00007f9ec8600000, 0x00007f9ec8600000, 0x00007f9f25540000)
  from space 190336K,  49% used [0x00007f9f25540000, 0x00007f9f2b1974d8, 0x00007f9f30f20000)
  to   space 190336K,   0% used [0x00007f9f30f20000, 0x00007f9f30f20000, 0x00007f9f3c900000)
 tenured generation   total 3807136K, used 3781250K [0x00007fa41db50000, 0x00007fa506138000, 0x00007faec8600000)
   the space 3807136K,  99% used [0x00007fa41db50000, 0x00007fa5047f08d0, 0x00007fa5047f0a00, 0x00007fa506138000)
 Metaspace       used 24207K, capacity 24630K, committed 24832K, reserved 26624K
}
Event: 1456.306 GC heap before
{Heap before GC invocations=1333 (full 5):
 def new generation   total 1713280K, used 1617501K [0x00007f9ec8600000, 0x00007f9f3c900000, 0x00007fa41db50000)
  eden space 1522944K, 100% used [0x00007f9ec8600000, 0x00007f9f25540000, 0x00007f9f25540000)
  from space 190336K,  49% used [0x00007f9f25540000, 0x00007f9f2b1974d8, 0x00007f9f30f20000)
  to   space 190336K,   0% used [0x00007f9f30f20000, 0x00007f9f30f20000, 0x00007f9f3c900000)
 tenured generation   total 3807136K, used 3781250K [0x00007fa41db50000, 0x00007fa506138000, 0x00007faec8600000)
   the space 3807136K,  99% used [0x00007fa41db50000, 0x00007fa5047f08d0, 0x00007fa5047f0a00, 0x00007fa506138000)
 Metaspace       used 24207K, capacity 24630K, committed 24832K, reserved 26624K
}
Event: 1456.396 GC heap after
{Heap after GC invocations=1334 (full 5):
 def new generation   total 1713280K, used 101722K [0x00007f9ec8600000, 0x00007f9f3c900000, 0x00007fa41db50000)
  eden space 1522944K,   0% used [0x00007f9ec8600000, 0x00007f9ec8600000, 0x00007f9f25540000)
  from space 190336K,  53% used [0x00007f9f30f20000, 0x00007f9f372769e0, 0x00007f9f3c900000)
  to   space 190336K,   0% used [0x00007f9f25540000, 0x00007f9f25540000, 0x00007f9f30f20000)
 tenured generation   total 3807136K, used 3781250K [0x00007fa41db50000, 0x00007fa506138000, 0x00007faec8600000)
   the space 3807136K,  99% used [0x00007fa41db50000, 0x00007fa5047f08d0, 0x00007fa5047f0a00, 0x00007fa506138000)
 Metaspace       used 24207K, capacity 24630K, committed 24832K, reserved 26624K
}
Event: 1458.345 GC heap before
{Heap before GC invocations=1334 (full 5):
 def new generation   total 1713280K, used 1622509K [0x00007f9ec8600000, 0x00007f9f3c900000, 0x00007fa41db50000)
  eden space 1522944K,  99% used [0x00007f9ec8600000, 0x00007f9f25324d28, 0x00007f9f25540000)
  from space 190336K,  53% used [0x00007f9f30f20000, 0x00007f9f372769e0, 0x00007f9f3c900000)
  to   space 190336K,   0% used [0x00007f9f25540000, 0x00007f9f25540000, 0x00007f9f30f20000)
 tenured generation   total 3807136K, used 3781250K [0x00007fa41db50000, 0x00007fa506138000, 0x00007faec8600000)
   the space 3807136K,  99% used [0x00007fa41db50000, 0x00007fa5047f08d0, 0x00007fa5047f0a00, 0x00007fa506138000)
 Metaspace       used 24207K, capacity 24630K, committed 24832K, reserved 26624K
}
Event: 1458.478 GC heap after
{Heap after GC invocations=1335 (full 5):
 def new generation   total 1713280K, used 109425K [0x00007f9ec8600000, 0x00007f9f3c900000, 0x00007fa41db50000)
  eden space 1522944K,   0% used [0x00007f9ec8600000, 0x00007f9ec8600000, 0x00007f9f25540000)
  from space 190336K,  57% used [0x00007f9f25540000, 0x00007f9f2c01c630, 0x00007f9f30f20000)
  to   space 190336K,   0% used [0x00007f9f30f20000, 0x00007f9f30f20000, 0x00007f9f3c900000)
 tenured generation   total 3807136K, used 3798208K [0x00007fa41db50000, 0x00007fa506138000, 0x00007faec8600000)
   the space 3807136K,  99% used [0x00007fa41db50000, 0x00007fa505880328, 0x00007fa505880400, 0x00007fa506138000)
 Metaspace       used 24207K, capacity 24630K, committed 24832K, reserved 26624K
}
Event: 1460.499 GC heap before
{Heap before GC invocations=1335 (full 5):
 def new generation   total 1713280K, used 1632369K [0x00007f9ec8600000, 0x00007f9f3c900000, 0x00007fa41db50000)
  eden space 1522944K, 100% used [0x00007f9ec8600000, 0x00007f9f25540000, 0x00007f9f25540000)
  from space 190336K,  57% used [0x00007f9f25540000, 0x00007f9f2c01c630, 0x00007f9f30f20000)
  to   space 190336K,   0% used [0x00007f9f30f20000, 0x00007f9f30f20000, 0x00007f9f3c900000)
 tenured generation   total 3807136K, used 3798208K [0x00007fa41db50000, 0x00007fa506138000, 0x00007faec8600000)
   the space 3807136K,  99% used [0x00007fa41db50000, 0x00007fa505880328, 0x00007fa505880400, 0x00007fa506138000)
 Metaspace       used 24207K, capacity 24630K, committed 24832K, reserved 26624K
}
Event: 1460.597 GC heap after
{Heap after GC invocations=1336 (full 5):
 def new generation   total 1713280K, used 85275K [0x00007f9ec8600000, 0x00007f9f3c900000, 0x00007fa41db50000)
  eden space 1522944K,   0% used [0x00007f9ec8600000, 0x00007f9ec8600000, 0x00007f9f25540000)
  from space 190336K,  44% used [0x00007f9f30f20000, 0x00007f9f36266fc8, 0x00007f9f3c900000)
  to   space 190336K,   0% used [0x00007f9f25540000, 0x00007f9f25540000, 0x00007f9f30f20000)
 tenured generation   total 3823524K, used 3815167K [0x00007fa41db50000, 0x00007fa507139000, 0x00007faec8600000)
   the space 3823524K,  99% used [0x00007fa41db50000, 0x00007fa50690fd80, 0x00007fa50690fe00, 0x00007fa507139000)
 Metaspace       used 24207K, capacity 24630K, committed 24832K, reserved 26624K
}
Event: 1460.597 GC heap before
{Heap before GC invocations=1336 (full 5):
 def new generation   total 1713280K, used 85275K [0x00007f9ec8600000, 0x00007f9f3c900000, 0x00007fa41db50000)
  eden space 1522944K,   0% used [0x00007f9ec8600000, 0x00007f9ec8600000, 0x00007f9f25540000)
  from space 190336K,  44% used [0x00007f9f30f20000, 0x00007f9f36266fc8, 0x00007f9f3c900000)
  to   space 190336K,   0% used [0x00007f9f25540000, 0x00007f9f25540000, 0x00007f9f30f20000)
 tenured generation   total 3823524K, used 3815167K [0x00007fa41db50000, 0x00007fa507139000, 0x00007faec8600000)
   the space 3823524K,  99% used [0x00007fa41db50000, 0x00007fa50690fd80, 0x00007fa50690fe00, 0x00007fa507139000)
 Metaspace       used 24207K, capacity 24630K, committed 24832K, reserved 26624K
}

