# JRE version: OpenJDK Runtime Environment (13.0.7+5) (build 13.0.7+5-Ubuntu-0ubuntu120.04)
# Java VM: OpenJDK 64-Bit Server VM (13.0.7+5-Ubuntu-0ubuntu120.04, mixed mode, tiered, serial gc, linux-amd64)
Heap:
 def new generation   total 15412672K, used 0K [0x00007f0560600000, 0x00007f09759d0000, 0x00007f0ab5b50000)
  eden space 13700160K,   0% used [0x00007f0560600000, 0x00007f0560600000, 0x00007f08a4910000)
  from space 1712512K,   0% used [0x00007f090d170000, 0x00007f090d170000, 0x00007f09759d0000)
  to   space 1712512K,   0% used [0x00007f08a4910000, 0x00007f08a4910000, 0x00007f090d170000)
 tenured generation   total 34598544K, used 34215632K [0x00007f0ab5b50000, 0x00007f12f56f4000, 0x00007f1560600000)
   the space 34598544K,  98% used [0x00007f0ab5b50000, 0x00007f12de104370, 0x00007f12de104400, 0x00007f12f56f4000)
 Metaspace       used 30638K, capacity 31108K, committed 31488K, reserved 32768K
GC Heap History (20 events):
Event: 1299.059 GC heap after
{Heap after GC invocations=146 (full 45):
 def new generation   total 15412672K, used 1042894K [0x00007f0560600000, 0x00007f09759d0000, 0x00007f0ab5b50000)
  eden space 13700160K,   0% used [0x00007f0560600000, 0x00007f0560600000, 0x00007f08a4910000)
  from space 1712512K,  60% used [0x00007f08a4910000, 0x00007f08e4383990, 0x00007f090d170000)
  to   space 1712512K,   0% used [0x00007f090d170000, 0x00007f090d170000, 0x00007f09759d0000)
 tenured generation   total 34250256K, used 24553524K [0x00007f0ab5b50000, 0x00007f12e02d4000, 0x00007f1560600000)
   the space 34250256K,  71% used [0x00007f0ab5b50000, 0x00007f109055d190, 0x00007f109055d200, 0x00007f12e02d4000)
 Metaspace       used 30638K, capacity 31108K, committed 31488K, reserved 32768K
}
Event: 1304.813 GC heap before
{Heap before GC invocations=146 (full 45):
 def new generation   total 15412672K, used 14743054K [0x00007f0560600000, 0x00007f09759d0000, 0x00007f0ab5b50000)
  eden space 13700160K, 100% used [0x00007f0560600000, 0x00007f08a4910000, 0x00007f08a4910000)
  from space 1712512K,  60% used [0x00007f08a4910000, 0x00007f08e4383990, 0x00007f090d170000)
  to   space 1712512K,   0% used [0x00007f090d170000, 0x00007f090d170000, 0x00007f09759d0000)
 tenured generation   total 34250256K, used 24553524K [0x00007f0ab5b50000, 0x00007f12e02d4000, 0x00007f1560600000)
   the space 34250256K,  71% used [0x00007f0ab5b50000, 0x00007f109055d190, 0x00007f109055d200, 0x00007f12e02d4000)
 Metaspace       used 30638K, capacity 31108K, committed 31488K, reserved 32768K
}
Event: 1307.456 GC heap after
{Heap after GC invocations=147 (full 45):
 def new generation   total 15412672K, used 1189921K [0x00007f0560600000, 0x00007f09759d0000, 0x00007f0ab5b50000)
  eden space 13700160K,   0% used [0x00007f0560600000, 0x00007f0560600000, 0x00007f08a4910000)
  from space 1712512K,  69% used [0x00007f090d170000, 0x00007f0955b78670, 0x00007f09759d0000)
  to   space 1712512K,   0% used [0x00007f08a4910000, 0x00007f08a4910000, 0x00007f090d170000)
 tenured generation   total 34250256K, used 25596417K [0x00007f0ab5b50000, 0x00007f12e02d4000, 0x00007f1560600000)
   the space 34250256K,  74% used [0x00007f0ab5b50000, 0x00007f10cffd0620, 0x00007f10cffd0800, 0x00007f12e02d4000)
 Metaspace       used 30638K, capacity 31108K, committed 31488K, reserved 32768K
}
Event: 1311.452 GC heap before
{Heap before GC invocations=147 (full 45):
 def new generation   total 15412672K, used 14890081K [0x00007f0560600000, 0x00007f09759d0000, 0x00007f0ab5b50000)
  eden space 13700160K, 100% used [0x00007f0560600000, 0x00007f08a4910000, 0x00007f08a4910000)
  from space 1712512K,  69% used [0x00007f090d170000, 0x00007f0955b78670, 0x00007f09759d0000)
  to   space 1712512K,   0% used [0x00007f08a4910000, 0x00007f08a4910000, 0x00007f090d170000)
 tenured generation   total 34250256K, used 25596417K [0x00007f0ab5b50000, 0x00007f12e02d4000, 0x00007f1560600000)
   the space 34250256K,  74% used [0x00007f0ab5b50000, 0x00007f10cffd0620, 0x00007f10cffd0800, 0x00007f12e02d4000)
 Metaspace       used 30638K, capacity 31108K, committed 31488K, reserved 32768K
}
Event: 1314.712 GC heap after
{Heap after GC invocations=148 (full 45):
 def new generation   total 15412672K, used 1105871K [0x00007f0560600000, 0x00007f09759d0000, 0x00007f0ab5b50000)
  eden space 13700160K,   0% used [0x00007f0560600000, 0x00007f0560600000, 0x00007f08a4910000)
  from space 1712512K,  64% used [0x00007f08a4910000, 0x00007f08e8103da8, 0x00007f090d170000)
  to   space 1712512K,   0% used [0x00007f090d170000, 0x00007f090d170000, 0x00007f09759d0000)
 tenured generation   total 34250256K, used 26786338K [0x00007f0ab5b50000, 0x00007f12e02d4000, 0x00007f1560600000)
   the space 34250256K,  78% used [0x00007f0ab5b50000, 0x00007f11189d8af0, 0x00007f11189d8c00, 0x00007f12e02d4000)
 Metaspace       used 30638K, capacity 31108K, committed 31488K, reserved 32768K
}
Event: 1318.294 GC heap before
{Heap before GC invocations=148 (full 45):
 def new generation   total 15412672K, used 14806031K [0x00007f0560600000, 0x00007f09759d0000, 0x00007f0ab5b50000)
  eden space 13700160K, 100% used [0x00007f0560600000, 0x00007f08a4910000, 0x00007f08a4910000)
  from space 1712512K,  64% used [0x00007f08a4910000, 0x00007f08e8103da8, 0x00007f090d170000)
  to   space 1712512K,   0% used [0x00007f090d170000, 0x00007f090d170000, 0x00007f09759d0000)
 tenured generation   total 34250256K, used 26786338K [0x00007f0ab5b50000, 0x00007f12e02d4000, 0x00007f1560600000)
   the space 34250256K,  78% used [0x00007f0ab5b50000, 0x00007f11189d8af0, 0x00007f11189d8c00, 0x00007f12e02d4000)
 Metaspace       used 30638K, capacity 31108K, committed 31488K, reserved 32768K
}
Event: 1320.941 GC heap after
{Heap after GC invocations=149 (full 45):
 def new generation   total 15412672K, used 1102073K [0x00007f0560600000, 0x00007f09759d0000, 0x00007f0ab5b50000)
  eden space 13700160K,   0% used [0x00007f0560600000, 0x00007f0560600000, 0x00007f08a4910000)
  from space 1712512K,  64% used [0x00007f090d170000, 0x00007f09505ae518, 0x00007f09759d0000)
  to   space 1712512K,   0% used [0x00007f08a4910000, 0x00007f08a4910000, 0x00007f090d170000)
 tenured generation   total 34250256K, used 27892210K [0x00007f0ab5b50000, 0x00007f12e02d4000, 0x00007f1560600000)
   the space 34250256K,  81% used [0x00007f0ab5b50000, 0x00007f115c1cc898, 0x00007f115c1cca00, 0x00007f12e02d4000)
 Metaspace       used 30638K, capacity 31108K, committed 31488K, reserved 32768K
}
Event: 1324.385 GC heap before
{Heap before GC invocations=149 (full 45):
 def new generation   total 15412672K, used 14802233K [0x00007f0560600000, 0x00007f09759d0000, 0x00007f0ab5b50000)
  eden space 13700160K, 100% used [0x00007f0560600000, 0x00007f08a4910000, 0x00007f08a4910000)
  from space 1712512K,  64% used [0x00007f090d170000, 0x00007f09505ae518, 0x00007f09759d0000)
  to   space 1712512K,   0% used [0x00007f08a4910000, 0x00007f08a4910000, 0x00007f090d170000)
 tenured generation   total 34250256K, used 27892210K [0x00007f0ab5b50000, 0x00007f12e02d4000, 0x00007f1560600000)
   the space 34250256K,  81% used [0x00007f0ab5b50000, 0x00007f115c1cc898, 0x00007f115c1cca00, 0x00007f12e02d4000)
 Metaspace       used 30638K, capacity 31108K, committed 31488K, reserved 32768K
}
Event: 1327.121 GC heap after
{Heap after GC invocations=150 (full 45):
 def new generation   total 15412672K, used 1057690K [0x00007f0560600000, 0x00007f09759d0000, 0x00007f0ab5b50000)
  eden space 13700160K,   0% used [0x00007f0560600000, 0x00007f0560600000, 0x00007f08a4910000)
  from space 1712512K,  61% used [0x00007f08a4910000, 0x00007f08e51f6930, 0x00007f090d170000)
  to   space 1712512K,   0% used [0x00007f090d170000, 0x00007f090d170000, 0x00007f09759d0000)
 tenured generation   total 34250256K, used 28994282K [0x00007f0ab5b50000, 0x00007f12e02d4000, 0x00007f1560600000)
   the space 34250256K,  84% used [0x00007f0ab5b50000, 0x00007f119f60a9d0, 0x00007f119f60aa00, 0x00007f12e02d4000)
 Metaspace       used 30638K, capacity 31108K, committed 31488K, reserved 32768K
}
Event: 1330.538 GC heap before
{Heap before GC invocations=150 (full 45):
 def new generation   total 15412672K, used 14757850K [0x00007f0560600000, 0x00007f09759d0000, 0x00007f0ab5b50000)
  eden space 13700160K, 100% used [0x00007f0560600000, 0x00007f08a4910000, 0x00007f08a4910000)
  from space 1712512K,  61% used [0x00007f08a4910000, 0x00007f08e51f6930, 0x00007f090d170000)
  to   space 1712512K,   0% used [0x00007f090d170000, 0x00007f090d170000, 0x00007f09759d0000)
 tenured generation   total 34250256K, used 28994282K [0x00007f0ab5b50000, 0x00007f12e02d4000, 0x00007f1560600000)
   the space 34250256K,  84% used [0x00007f0ab5b50000, 0x00007f119f60a9d0, 0x00007f119f60aa00, 0x00007f12e02d4000)
 Metaspace       used 30638K, capacity 31108K, committed 31488K, reserved 32768K
}
Event: 1333.260 GC heap after
{Heap after GC invocations=151 (full 45):
 def new generation   total 15412672K, used 1057963K [0x00007f0560600000, 0x00007f09759d0000, 0x00007f0ab5b50000)
  eden space 13700160K,   0% used [0x00007f0560600000, 0x00007f0560600000, 0x00007f08a4910000)
  from space 1712512K,  61% used [0x00007f090d170000, 0x00007f094da9af60, 0x00007f09759d0000)
  to   space 1712512K,   0% used [0x00007f08a4910000, 0x00007f08a4910000, 0x00007f090d170000)
 tenured generation   total 34250256K, used 30051971K [0x00007f0ab5b50000, 0x00007f12e02d4000, 0x00007f1560600000)
   the space 34250256K,  87% used [0x00007f0ab5b50000, 0x00007f11dfef0f70, 0x00007f11dfef1000, 0x00007f12e02d4000)
 Metaspace       used 30638K, capacity 31108K, committed 31488K, reserved 32768K
}
Event: 1337.080 GC heap before
{Heap before GC invocations=151 (full 45):
 def new generation   total 15412672K, used 14758123K [0x00007f0560600000, 0x00007f09759d0000, 0x00007f0ab5b50000)
  eden space 13700160K, 100% used [0x00007f0560600000, 0x00007f08a4910000, 0x00007f08a4910000)
  from space 1712512K,  61% used [0x00007f090d170000, 0x00007f094da9af60, 0x00007f09759d0000)
  to   space 1712512K,   0% used [0x00007f08a4910000, 0x00007f08a4910000, 0x00007f090d170000)
 tenured generation   total 34250256K, used 30051971K [0x00007f0ab5b50000, 0x00007f12e02d4000, 0x00007f1560600000)
   the space 34250256K,  87% used [0x00007f0ab5b50000, 0x00007f11dfef0f70, 0x00007f11dfef1000, 0x00007f12e02d4000)
 Metaspace       used 30638K, capacity 31108K, committed 31488K, reserved 32768K
}
Event: 1340.240 GC heap after
{Heap after GC invocations=152 (full 45):
 def new generation   total 15412672K, used 1241859K [0x00007f0560600000, 0x00007f09759d0000, 0x00007f0ab5b50000)
  eden space 13700160K,   0% used [0x00007f0560600000, 0x00007f0560600000, 0x00007f08a4910000)
  from space 1712512K,  72% used [0x00007f08a4910000, 0x00007f08f05d0fd0, 0x00007f090d170000)
  to   space 1712512K,   0% used [0x00007f090d170000, 0x00007f090d170000, 0x00007f09759d0000)
 tenured generation   total 34250256K, used 31109934K [0x00007f0ab5b50000, 0x00007f12e02d4000, 0x00007f1560600000)
   the space 34250256K,  90% used [0x00007f0ab5b50000, 0x00007f122081bb20, 0x00007f122081bc00, 0x00007f12e02d4000)
 Metaspace       used 30638K, capacity 31108K, committed 31488K, reserved 32768K
}
Event: 1344.207 GC heap before
{Heap before GC invocations=152 (full 45):
 def new generation   total 15412672K, used 14942019K [0x00007f0560600000, 0x00007f09759d0000, 0x00007f0ab5b50000)
  eden space 13700160K, 100% used [0x00007f0560600000, 0x00007f08a4910000, 0x00007f08a4910000)
  from space 1712512K,  72% used [0x00007f08a4910000, 0x00007f08f05d0fd0, 0x00007f090d170000)
  to   space 1712512K,   0% used [0x00007f090d170000, 0x00007f090d170000, 0x00007f09759d0000)
 tenured generation   total 34250256K, used 31109934K [0x00007f0ab5b50000, 0x00007f12e02d4000, 0x00007f1560600000)
   the space 34250256K,  90% used [0x00007f0ab5b50000, 0x00007f122081bb20, 0x00007f122081bc00, 0x00007f12e02d4000)
 Metaspace       used 30638K, capacity 31108K, committed 31488K, reserved 32768K
}
Event: 1347.381 GC heap after
{Heap after GC invocations=153 (full 45):
 def new generation   total 15412672K, used 1189777K [0x00007f0560600000, 0x00007f09759d0000, 0x00007f0ab5b50000)
  eden space 13700160K,   0% used [0x00007f0560600000, 0x00007f0560600000, 0x00007f08a4910000)
  from space 1712512K,  69% used [0x00007f090d170000, 0x00007f0955b54488, 0x00007f09759d0000)
  to   space 1712512K,   0% used [0x00007f08a4910000, 0x00007f08a4910000, 0x00007f090d170000)
 tenured generation   total 34250256K, used 32351793K [0x00007f0ab5b50000, 0x00007f12e02d4000, 0x00007f1560600000)
   the space 34250256K,  94% used [0x00007f0ab5b50000, 0x00007f126c4dc680, 0x00007f126c4dc800, 0x00007f12e02d4000)
 Metaspace       used 30638K, capacity 31108K, committed 31488K, reserved 32768K
}
Event: 1351.144 GC heap before
{Heap before GC invocations=153 (full 45):
 def new generation   total 15412672K, used 14889937K [0x00007f0560600000, 0x00007f09759d0000, 0x00007f0ab5b50000)
  eden space 13700160K, 100% used [0x00007f0560600000, 0x00007f08a4910000, 0x00007f08a4910000)
  from space 1712512K,  69% used [0x00007f090d170000, 0x00007f0955b54488, 0x00007f09759d0000)
  to   space 1712512K,   0% used [0x00007f08a4910000, 0x00007f08a4910000, 0x00007f090d170000)
 tenured generation   total 34250256K, used 32351793K [0x00007f0ab5b50000, 0x00007f12e02d4000, 0x00007f1560600000)
   the space 34250256K,  94% used [0x00007f0ab5b50000, 0x00007f126c4dc680, 0x00007f126c4dc800, 0x00007f12e02d4000)
 Metaspace       used 30638K, capacity 31108K, committed 31488K, reserved 32768K
}
Event: 1354.184 GC heap after
{Heap after GC invocations=154 (full 45):
 def new generation   total 15412672K, used 1056870K [0x00007f0560600000, 0x00007f09759d0000, 0x00007f0ab5b50000)
  eden space 13700160K,   0% used [0x00007f0560600000, 0x00007f0560600000, 0x00007f08a4910000)
  from space 1712512K,  61% used [0x00007f08a4910000, 0x00007f08e5129b08, 0x00007f090d170000)
  to   space 1712512K,   0% used [0x00007f090d170000, 0x00007f090d170000, 0x00007f09759d0000)
 tenured generation   total 34250256K, used 33541570K [0x00007f0ab5b50000, 0x00007f12e02d4000, 0x00007f1560600000)
   the space 34250256K,  97% used [0x00007f0ab5b50000, 0x00007f12b4ec0a08, 0x00007f12b4ec0c00, 0x00007f12e02d4000)
 Metaspace       used 30638K, capacity 31108K, committed 31488K, reserved 32768K
}
Event: 1357.909 GC heap before
{Heap before GC invocations=154 (full 45):
 def new generation   total 15412672K, used 14757030K [0x00007f0560600000, 0x00007f09759d0000, 0x00007f0ab5b50000)
  eden space 13700160K, 100% used [0x00007f0560600000, 0x00007f08a4910000, 0x00007f08a4910000)
  from space 1712512K,  61% used [0x00007f08a4910000, 0x00007f08e5129b08, 0x00007f090d170000)
  to   space 1712512K,   0% used [0x00007f090d170000, 0x00007f090d170000, 0x00007f09759d0000)
 tenured generation   total 34250256K, used 33541570K [0x00007f0ab5b50000, 0x00007f12e02d4000, 0x00007f1560600000)
   the space 34250256K,  97% used [0x00007f0ab5b50000, 0x00007f12b4ec0a08, 0x00007f12b4ec0c00, 0x00007f12e02d4000)
 Metaspace       used 30638K, capacity 31108K, committed 31488K, reserved 32768K
}
Event: 1360.792 GC heap after
{Heap after GC invocations=155 (full 45):
 def new generation   total 15412672K, used 1045920K [0x00007f0560600000, 0x00007f09759d0000, 0x00007f0ab5b50000)
  eden space 13700160K,   0% used [0x00007f0560600000, 0x00007f0560600000, 0x00007f08a4910000)
  from space 1712512K,  61% used [0x00007f090d170000, 0x00007f094ced8110, 0x00007f09759d0000)
  to   space 1712512K,   0% used [0x00007f08a4910000, 0x00007f08a4910000, 0x00007f090d170000)
 tenured generation   total 34598544K, used 34598441K [0x00007f0ab5b50000, 0x00007f12f56f4000, 0x00007f1560600000)
   the space 34598544K,  99% used [0x00007f0ab5b50000, 0x00007f12f56da410, 0x00007f12f56da600, 0x00007f12f56f4000)
 Metaspace       used 30638K, capacity 31108K, committed 31488K, reserved 32768K
}
Event: 1360.792 GC heap before
{Heap before GC invocations=155 (full 45):
 def new generation   total 15412672K, used 1045920K [0x00007f0560600000, 0x00007f09759d0000, 0x00007f0ab5b50000)
  eden space 13700160K,   0% used [0x00007f0560600000, 0x00007f0560600000, 0x00007f08a4910000)
  from space 1712512K,  61% used [0x00007f090d170000, 0x00007f094ced8110, 0x00007f09759d0000)
  to   space 1712512K,   0% used [0x00007f08a4910000, 0x00007f08a4910000, 0x00007f090d170000)
 tenured generation   total 34598544K, used 34598441K [0x00007f0ab5b50000, 0x00007f12f56f4000, 0x00007f1560600000)
   the space 34598544K,  99% used [0x00007f0ab5b50000, 0x00007f12f56da410, 0x00007f12f56da600, 0x00007f12f56f4000)
 Metaspace       used 30638K, capacity 31108K, committed 31488K, reserved 32768K
}

