# JRE version: OpenJDK Runtime Environment (13.0.7+5) (build 13.0.7+5-Ubuntu-0ubuntu120.04)
# Java VM: OpenJDK 64-Bit Server VM (13.0.7+5-Ubuntu-0ubuntu120.04, mixed mode, tiered, serial gc, linux-amd64)
Heap:
 def new generation   total 11539584K, used 0K [0x00007fb374600000, 0x00007fb682f40000, 0x00007fb8c9b50000)
  eden space 10257408K,   0% used [0x00007fb374600000, 0x00007fb374600000, 0x00007fb5e6700000)
  from space 1282176K,   0% used [0x00007fb5e6700000, 0x00007fb5e6700000, 0x00007fb634b20000)
  to   space 1282176K,   0% used [0x00007fb634b20000, 0x00007fb634b20000, 0x00007fb682f40000)
 tenured generation   total 33301496K, used 27362295K [0x00007fb8c9b50000, 0x00007fc0ba44e000, 0x00007fc374600000)
   the space 33301496K,  82% used [0x00007fb8c9b50000, 0x00007fbf4fc4dff0, 0x00007fbf4fc4e000, 0x00007fc0ba44e000)
 Metaspace       used 31965K, capacity 32398K, committed 32512K, reserved 32768K
GC Heap History (20 events):
Event: 3898.557 GC heap after
{Heap after GC invocations=174 (full 15):
 def new generation   total 11539584K, used 1048698K [0x00007fb374600000, 0x00007fb682f40000, 0x00007fb8c9b50000)
  eden space 10257408K,   0% used [0x00007fb374600000, 0x00007fb374600000, 0x00007fb5e6700000)
  from space 1282176K,  81% used [0x00007fb634b20000, 0x00007fb674b3e820, 0x00007fb682f40000)
  to   space 1282176K,   0% used [0x00007fb5e6700000, 0x00007fb5e6700000, 0x00007fb634b20000)
 tenured generation   total 25643384K, used 16091144K [0x00007fb8c9b50000, 0x00007fbee6dae000, 0x00007fc374600000)
   the space 25643384K,  62% used [0x00007fb8c9b50000, 0x00007fbc9fd521b0, 0x00007fbc9fd52200, 0x00007fbee6dae000)
 Metaspace       used 31965K, capacity 32398K, committed 32512K, reserved 32768K
}
Event: 3901.791 GC heap before
{Heap before GC invocations=174 (full 15):
 def new generation   total 11539584K, used 11306106K [0x00007fb374600000, 0x00007fb682f40000, 0x00007fb8c9b50000)
  eden space 10257408K, 100% used [0x00007fb374600000, 0x00007fb5e6700000, 0x00007fb5e6700000)
  from space 1282176K,  81% used [0x00007fb634b20000, 0x00007fb674b3e820, 0x00007fb682f40000)
  to   space 1282176K,   0% used [0x00007fb5e6700000, 0x00007fb5e6700000, 0x00007fb634b20000)
 tenured generation   total 25643384K, used 16091144K [0x00007fb8c9b50000, 0x00007fbee6dae000, 0x00007fc374600000)
   the space 25643384K,  62% used [0x00007fb8c9b50000, 0x00007fbc9fd521b0, 0x00007fbc9fd52200, 0x00007fbee6dae000)
 Metaspace       used 31965K, capacity 32398K, committed 32512K, reserved 32768K
}
Event: 3904.573 GC heap after
{Heap after GC invocations=175 (full 15):
 def new generation   total 11539584K, used 1044564K [0x00007fb374600000, 0x00007fb682f40000, 0x00007fb8c9b50000)
  eden space 10257408K,   0% used [0x00007fb374600000, 0x00007fb374600000, 0x00007fb5e6700000)
  from space 1282176K,  81% used [0x00007fb5e6700000, 0x00007fb6263151d0, 0x00007fb634b20000)
  to   space 1282176K,   0% used [0x00007fb634b20000, 0x00007fb634b20000, 0x00007fb682f40000)
 tenured generation   total 25643384K, used 17139842K [0x00007fb8c9b50000, 0x00007fbee6dae000, 0x00007fc374600000)
   the space 25643384K,  66% used [0x00007fb8c9b50000, 0x00007fbcdfd70830, 0x00007fbcdfd70a00, 0x00007fbee6dae000)
 Metaspace       used 31965K, capacity 32398K, committed 32512K, reserved 32768K
}
Event: 3908.143 GC heap before
{Heap before GC invocations=175 (full 15):
 def new generation   total 11539584K, used 11301972K [0x00007fb374600000, 0x00007fb682f40000, 0x00007fb8c9b50000)
  eden space 10257408K, 100% used [0x00007fb374600000, 0x00007fb5e6700000, 0x00007fb5e6700000)
  from space 1282176K,  81% used [0x00007fb5e6700000, 0x00007fb6263151d0, 0x00007fb634b20000)
  to   space 1282176K,   0% used [0x00007fb634b20000, 0x00007fb634b20000, 0x00007fb682f40000)
 tenured generation   total 25643384K, used 17139842K [0x00007fb8c9b50000, 0x00007fbee6dae000, 0x00007fc374600000)
   the space 25643384K,  66% used [0x00007fb8c9b50000, 0x00007fbcdfd70830, 0x00007fbcdfd70a00, 0x00007fbee6dae000)
 Metaspace       used 31965K, capacity 32398K, committed 32512K, reserved 32768K
}
Event: 3910.990 GC heap after
{Heap after GC invocations=176 (full 15):
 def new generation   total 11539584K, used 1047377K [0x00007fb374600000, 0x00007fb682f40000, 0x00007fb8c9b50000)
  eden space 10257408K,   0% used [0x00007fb374600000, 0x00007fb374600000, 0x00007fb5e6700000)
  from space 1282176K,  81% used [0x00007fb634b20000, 0x00007fb6749f45a0, 0x00007fb682f40000)
  to   space 1282176K,   0% used [0x00007fb5e6700000, 0x00007fb5e6700000, 0x00007fb634b20000)
 tenured generation   total 25643384K, used 18184405K [0x00007fb8c9b50000, 0x00007fbee6dae000, 0x00007fc374600000)
   the space 25643384K,  70% used [0x00007fb8c9b50000, 0x00007fbd1f9857f0, 0x00007fbd1f985800, 0x00007fbee6dae000)
 Metaspace       used 31965K, capacity 32398K, committed 32512K, reserved 32768K
}
Event: 3914.198 GC heap before
{Heap before GC invocations=176 (full 15):
 def new generation   total 11539584K, used 11304785K [0x00007fb374600000, 0x00007fb682f40000, 0x00007fb8c9b50000)
  eden space 10257408K, 100% used [0x00007fb374600000, 0x00007fb5e6700000, 0x00007fb5e6700000)
  from space 1282176K,  81% used [0x00007fb634b20000, 0x00007fb6749f45a0, 0x00007fb682f40000)
  to   space 1282176K,   0% used [0x00007fb5e6700000, 0x00007fb5e6700000, 0x00007fb634b20000)
 tenured generation   total 25643384K, used 18184405K [0x00007fb8c9b50000, 0x00007fbee6dae000, 0x00007fc374600000)
   the space 25643384K,  70% used [0x00007fb8c9b50000, 0x00007fbd1f9857f0, 0x00007fbd1f985800, 0x00007fbee6dae000)
 Metaspace       used 31965K, capacity 32398K, committed 32512K, reserved 32768K
}
Event: 3916.725 GC heap after
{Heap after GC invocations=177 (full 15):
 def new generation   total 11539584K, used 1033493K [0x00007fb374600000, 0x00007fb682f40000, 0x00007fb8c9b50000)
  eden space 10257408K,   0% used [0x00007fb374600000, 0x00007fb374600000, 0x00007fb5e6700000)
  from space 1282176K,  80% used [0x00007fb5e6700000, 0x00007fb6258455a0, 0x00007fb634b20000)
  to   space 1282176K,   0% used [0x00007fb634b20000, 0x00007fb634b20000, 0x00007fb682f40000)
 tenured generation   total 25643384K, used 19231782K [0x00007fb8c9b50000, 0x00007fbee6dae000, 0x00007fc374600000)
   the space 25643384K,  74% used [0x00007fb8c9b50000, 0x00007fbd5f859b30, 0x00007fbd5f859c00, 0x00007fbee6dae000)
 Metaspace       used 31965K, capacity 32398K, committed 32512K, reserved 32768K
}
Event: 3919.903 GC heap before
{Heap before GC invocations=177 (full 15):
 def new generation   total 11539584K, used 11290901K [0x00007fb374600000, 0x00007fb682f40000, 0x00007fb8c9b50000)
  eden space 10257408K, 100% used [0x00007fb374600000, 0x00007fb5e6700000, 0x00007fb5e6700000)
  from space 1282176K,  80% used [0x00007fb5e6700000, 0x00007fb6258455a0, 0x00007fb634b20000)
  to   space 1282176K,   0% used [0x00007fb634b20000, 0x00007fb634b20000, 0x00007fb682f40000)
 tenured generation   total 25643384K, used 19231782K [0x00007fb8c9b50000, 0x00007fbee6dae000, 0x00007fc374600000)
   the space 25643384K,  74% used [0x00007fb8c9b50000, 0x00007fbd5f859b30, 0x00007fbd5f859c00, 0x00007fbee6dae000)
 Metaspace       used 31965K, capacity 32398K, committed 32512K, reserved 32768K
}
Event: 3922.422 GC heap after
{Heap after GC invocations=178 (full 15):
 def new generation   total 11539584K, used 1058663K [0x00007fb374600000, 0x00007fb682f40000, 0x00007fb8c9b50000)
  eden space 10257408K,   0% used [0x00007fb374600000, 0x00007fb374600000, 0x00007fb5e6700000)
  from space 1282176K,  82% used [0x00007fb634b20000, 0x00007fb6754f9ee0, 0x00007fb682f40000)
  to   space 1282176K,   0% used [0x00007fb5e6700000, 0x00007fb5e6700000, 0x00007fb634b20000)
 tenured generation   total 25643384K, used 20265275K [0x00007fb8c9b50000, 0x00007fbee6dae000, 0x00007fc374600000)
   the space 25643384K,  79% used [0x00007fb8c9b50000, 0x00007fbd9e99eec0, 0x00007fbd9e99f000, 0x00007fbee6dae000)
 Metaspace       used 31965K, capacity 32398K, committed 32512K, reserved 32768K
}
Event: 3925.704 GC heap before
{Heap before GC invocations=178 (full 15):
 def new generation   total 11539584K, used 11316071K [0x00007fb374600000, 0x00007fb682f40000, 0x00007fb8c9b50000)
  eden space 10257408K, 100% used [0x00007fb374600000, 0x00007fb5e6700000, 0x00007fb5e6700000)
  from space 1282176K,  82% used [0x00007fb634b20000, 0x00007fb6754f9ee0, 0x00007fb682f40000)
  to   space 1282176K,   0% used [0x00007fb5e6700000, 0x00007fb5e6700000, 0x00007fb634b20000)
 tenured generation   total 25643384K, used 20265275K [0x00007fb8c9b50000, 0x00007fbee6dae000, 0x00007fc374600000)
   the space 25643384K,  79% used [0x00007fb8c9b50000, 0x00007fbd9e99eec0, 0x00007fbd9e99f000, 0x00007fbee6dae000)
 Metaspace       used 31965K, capacity 32398K, committed 32512K, reserved 32768K
}
Event: 3928.260 GC heap after
{Heap after GC invocations=179 (full 15):
 def new generation   total 11539584K, used 1058119K [0x00007fb374600000, 0x00007fb682f40000, 0x00007fb8c9b50000)
  eden space 10257408K,   0% used [0x00007fb374600000, 0x00007fb374600000, 0x00007fb5e6700000)
  from space 1282176K,  82% used [0x00007fb5e6700000, 0x00007fb627051e58, 0x00007fb634b20000)
  to   space 1282176K,   0% used [0x00007fb634b20000, 0x00007fb634b20000, 0x00007fb682f40000)
 tenured generation   total 25643384K, used 21323938K [0x00007fb8c9b50000, 0x00007fbee6dae000, 0x00007fc374600000)
   the space 25643384K,  83% used [0x00007fb8c9b50000, 0x00007fbddf378a80, 0x00007fbddf378c00, 0x00007fbee6dae000)
 Metaspace       used 31965K, capacity 32398K, committed 32512K, reserved 32768K
}
Event: 3931.509 GC heap before
{Heap before GC invocations=179 (full 15):
 def new generation   total 11539584K, used 11315527K [0x00007fb374600000, 0x00007fb682f40000, 0x00007fb8c9b50000)
  eden space 10257408K, 100% used [0x00007fb374600000, 0x00007fb5e6700000, 0x00007fb5e6700000)
  from space 1282176K,  82% used [0x00007fb5e6700000, 0x00007fb627051e58, 0x00007fb634b20000)
  to   space 1282176K,   0% used [0x00007fb634b20000, 0x00007fb634b20000, 0x00007fb682f40000)
 tenured generation   total 25643384K, used 21323938K [0x00007fb8c9b50000, 0x00007fbee6dae000, 0x00007fc374600000)
   the space 25643384K,  83% used [0x00007fb8c9b50000, 0x00007fbddf378a80, 0x00007fbddf378c00, 0x00007fbee6dae000)
 Metaspace       used 31965K, capacity 32398K, committed 32512K, reserved 32768K
}
Event: 3934.099 GC heap after
{Heap after GC invocations=180 (full 15):
 def new generation   total 11539584K, used 1059974K [0x00007fb374600000, 0x00007fb682f40000, 0x00007fb8c9b50000)
  eden space 10257408K,   0% used [0x00007fb374600000, 0x00007fb374600000, 0x00007fb5e6700000)
  from space 1282176K,  82% used [0x00007fb634b20000, 0x00007fb675641b58, 0x00007fb682f40000)
  to   space 1282176K,   0% used [0x00007fb5e6700000, 0x00007fb5e6700000, 0x00007fb634b20000)
 tenured generation   total 25643384K, used 22382058K [0x00007fb8c9b50000, 0x00007fbee6dae000, 0x00007fc374600000)
   the space 25643384K,  87% used [0x00007fb8c9b50000, 0x00007fbe1fcca838, 0x00007fbe1fccaa00, 0x00007fbee6dae000)
 Metaspace       used 31965K, capacity 32398K, committed 32512K, reserved 32768K
}
Event: 3937.347 GC heap before
{Heap before GC invocations=180 (full 15):
 def new generation   total 11539584K, used 11317382K [0x00007fb374600000, 0x00007fb682f40000, 0x00007fb8c9b50000)
  eden space 10257408K, 100% used [0x00007fb374600000, 0x00007fb5e6700000, 0x00007fb5e6700000)
  from space 1282176K,  82% used [0x00007fb634b20000, 0x00007fb675641b58, 0x00007fb682f40000)
  to   space 1282176K,   0% used [0x00007fb5e6700000, 0x00007fb5e6700000, 0x00007fb634b20000)
 tenured generation   total 25643384K, used 22382058K [0x00007fb8c9b50000, 0x00007fbee6dae000, 0x00007fc374600000)
   the space 25643384K,  87% used [0x00007fb8c9b50000, 0x00007fbe1fcca838, 0x00007fbe1fccaa00, 0x00007fbee6dae000)
 Metaspace       used 31965K, capacity 32398K, committed 32512K, reserved 32768K
}
Event: 3939.960 GC heap after
{Heap after GC invocations=181 (full 15):
 def new generation   total 11539584K, used 1078702K [0x00007fb374600000, 0x00007fb682f40000, 0x00007fb8c9b50000)
  eden space 10257408K,   0% used [0x00007fb374600000, 0x00007fb374600000, 0x00007fb5e6700000)
  from space 1282176K,  84% used [0x00007fb5e6700000, 0x00007fb62846b9b0, 0x00007fb634b20000)
  to   space 1282176K,   0% used [0x00007fb634b20000, 0x00007fb634b20000, 0x00007fb682f40000)
 tenured generation   total 25643384K, used 23442032K [0x00007fb8c9b50000, 0x00007fbee6dae000, 0x00007fc374600000)
   the space 25643384K,  91% used [0x00007fb8c9b50000, 0x00007fbe607ec1d0, 0x00007fbe607ec200, 0x00007fbee6dae000)
 Metaspace       used 31965K, capacity 32398K, committed 32512K, reserved 32768K
}
Event: 3943.088 GC heap before
{Heap before GC invocations=181 (full 15):
 def new generation   total 11539584K, used 11336110K [0x00007fb374600000, 0x00007fb682f40000, 0x00007fb8c9b50000)
  eden space 10257408K, 100% used [0x00007fb374600000, 0x00007fb5e6700000, 0x00007fb5e6700000)
  from space 1282176K,  84% used [0x00007fb5e6700000, 0x00007fb62846b9b0, 0x00007fb634b20000)
  to   space 1282176K,   0% used [0x00007fb634b20000, 0x00007fb634b20000, 0x00007fb682f40000)
 tenured generation   total 25643384K, used 23442032K [0x00007fb8c9b50000, 0x00007fbee6dae000, 0x00007fc374600000)
   the space 25643384K,  91% used [0x00007fb8c9b50000, 0x00007fbe607ec1d0, 0x00007fbe607ec200, 0x00007fbee6dae000)
 Metaspace       used 31965K, capacity 32398K, committed 32512K, reserved 32768K
}
Event: 3945.716 GC heap after
{Heap after GC invocations=182 (full 15):
 def new generation   total 11539584K, used 1100280K [0x00007fb374600000, 0x00007fb682f40000, 0x00007fb8c9b50000)
  eden space 10257408K,   0% used [0x00007fb374600000, 0x00007fb374600000, 0x00007fb5e6700000)
  from space 1282176K,  85% used [0x00007fb634b20000, 0x00007fb677d9e200, 0x00007fb682f40000)
  to   space 1282176K,   0% used [0x00007fb5e6700000, 0x00007fb5e6700000, 0x00007fb634b20000)
 tenured generation   total 25643384K, used 24520734K [0x00007fb8c9b50000, 0x00007fbee6dae000, 0x00007fc374600000)
   the space 25643384K,  95% used [0x00007fb8c9b50000, 0x00007fbea2557930, 0x00007fbea2557a00, 0x00007fbee6dae000)
 Metaspace       used 31965K, capacity 32398K, committed 32512K, reserved 32768K
}
Event: 4188.453 GC heap before
{Heap before GC invocations=182 (full 15):
 def new generation   total 11539584K, used 11357688K [0x00007fb374600000, 0x00007fb682f40000, 0x00007fb8c9b50000)
  eden space 10257408K, 100% used [0x00007fb374600000, 0x00007fb5e6700000, 0x00007fb5e6700000)
  from space 1282176K,  85% used [0x00007fb634b20000, 0x00007fb677d9e200, 0x00007fb682f40000)
  to   space 1282176K,   0% used [0x00007fb5e6700000, 0x00007fb5e6700000, 0x00007fb634b20000)
 tenured generation   total 25643384K, used 24520734K [0x00007fb8c9b50000, 0x00007fbee6dae000, 0x00007fc374600000)
   the space 25643384K,  95% used [0x00007fb8c9b50000, 0x00007fbea2557930, 0x00007fbea2557a00, 0x00007fbee6dae000)
 Metaspace       used 31965K, capacity 32398K, committed 32512K, reserved 32768K
}
Event: 4206.776 GC heap after
{Heap after GC invocations=183 (full 15):
 def new generation   total 11539584K, used 1282175K [0x00007fb374600000, 0x00007fb682f40000, 0x00007fb8c9b50000)
  eden space 10257408K,   0% used [0x00007fb374600000, 0x00007fb374600000, 0x00007fb5e6700000)
  from space 1282176K,  99% used [0x00007fb5e6700000, 0x00007fb634b1fff8, 0x00007fb634b20000)
  to   space 1282176K,   0% used [0x00007fb634b20000, 0x00007fb634b20000, 0x00007fb682f40000)
 tenured generation   total 33301496K, used 33301414K [0x00007fb8c9b50000, 0x00007fc0ba44e000, 0x00007fc374600000)
   the space 33301496K,  99% used [0x00007fb8c9b50000, 0x00007fc0ba439840, 0x00007fc0ba439a00, 0x00007fc0ba44e000)
 Metaspace       used 31965K, capacity 32398K, committed 32512K, reserved 32768K
}
Event: 4206.776 GC heap before
{Heap before GC invocations=183 (full 15):
 def new generation   total 11539584K, used 1282175K [0x00007fb374600000, 0x00007fb682f40000, 0x00007fb8c9b50000)
  eden space 10257408K,   0% used [0x00007fb374600000, 0x00007fb374600000, 0x00007fb5e6700000)
  from space 1282176K,  99% used [0x00007fb5e6700000, 0x00007fb634b1fff8, 0x00007fb634b20000)
  to   space 1282176K,   0% used [0x00007fb634b20000, 0x00007fb634b20000, 0x00007fb682f40000)
 tenured generation   total 33301496K, used 33301414K [0x00007fb8c9b50000, 0x00007fc0ba44e000, 0x00007fc374600000)
   the space 33301496K,  99% used [0x00007fb8c9b50000, 0x00007fc0ba439840, 0x00007fc0ba439a00, 0x00007fc0ba44e000)
 Metaspace       used 31965K, capacity 32398K, committed 32512K, reserved 32768K
}

