# JRE version: OpenJDK Runtime Environment (13.0.7+5) (build 13.0.7+5-Ubuntu-0ubuntu120.04)
# Java VM: OpenJDK 64-Bit Server VM (13.0.7+5-Ubuntu-0ubuntu120.04, mixed mode, tiered, serial gc, linux-amd64)
Heap:
 def new generation   total 4846848K, used 31585K [0x00007fe3b0600000, 0x00007fe4f9120000, 0x00007fe905b50000)
  eden space 4308352K,   0% used [0x00007fe3b0600000, 0x00007fe3b24d8458, 0x00007fe4b7560000)
  from space 538496K,   0% used [0x00007fe4b7560000, 0x00007fe4b7560000, 0x00007fe4d8340000)
  to   space 538496K,   0% used [0x00007fe4d8340000, 0x00007fe4d8340000, 0x00007fe4f9120000)
 tenured generation   total 10772308K, used 10772307K [0x00007fe905b50000, 0x00007feb97325000, 0x00007ff3b0600000)
   the space 10772308K,  99% used [0x00007fe905b50000, 0x00007feb97324fb0, 0x00007feb97325000, 0x00007feb97325000)
 Metaspace       used 24354K, capacity 24788K, committed 25088K, reserved 26624K
GC Heap History (20 events):
Event: 22684.355 GC heap after
{Heap after GC invocations=13513 (full 5):
 def new generation   total 4846848K, used 28943K [0x00007fe3b0600000, 0x00007fe4f9120000, 0x00007fe905b50000)
  eden space 4308352K,   0% used [0x00007fe3b0600000, 0x00007fe3b0600000, 0x00007fe4b7560000)
  from space 538496K,   5% used [0x00007fe4d8340000, 0x00007fe4d9f83d00, 0x00007fe4f9120000)
  to   space 538496K,   0% used [0x00007fe4b7560000, 0x00007fe4b7560000, 0x00007fe4d8340000)
 tenured generation   total 10770580K, used 10754287K [0x00007fe905b50000, 0x00007feb97175000, 0x00007ff3b0600000)
   the space 10770580K,  99% used [0x00007fe905b50000, 0x00007feb9618bf80, 0x00007feb9618c000, 0x00007feb97175000)
 Metaspace       used 24354K, capacity 24788K, committed 25088K, reserved 26624K
}
Event: 22688.557 GC heap before
{Heap before GC invocations=13513 (full 5):
 def new generation   total 4846848K, used 4337295K [0x00007fe3b0600000, 0x00007fe4f9120000, 0x00007fe905b50000)
  eden space 4308352K, 100% used [0x00007fe3b0600000, 0x00007fe4b7560000, 0x00007fe4b7560000)
  from space 538496K,   5% used [0x00007fe4d8340000, 0x00007fe4d9f83d00, 0x00007fe4f9120000)
  to   space 538496K,   0% used [0x00007fe4b7560000, 0x00007fe4b7560000, 0x00007fe4d8340000)
 tenured generation   total 10770580K, used 10754287K [0x00007fe905b50000, 0x00007feb97175000, 0x00007ff3b0600000)
   the space 10770580K,  99% used [0x00007fe905b50000, 0x00007feb9618bf80, 0x00007feb9618c000, 0x00007feb97175000)
 Metaspace       used 24354K, capacity 24788K, committed 25088K, reserved 26624K
}
Event: 22688.626 GC heap after
{Heap after GC invocations=13514 (full 5):
 def new generation   total 4846848K, used 29243K [0x00007fe3b0600000, 0x00007fe4f9120000, 0x00007fe905b50000)
  eden space 4308352K,   0% used [0x00007fe3b0600000, 0x00007fe3b0600000, 0x00007fe4b7560000)
  from space 538496K,   5% used [0x00007fe4b7560000, 0x00007fe4b91eed98, 0x00007fe4d8340000)
  to   space 538496K,   0% used [0x00007fe4d8340000, 0x00007fe4d8340000, 0x00007fe4f9120000)
 tenured generation   total 10770580K, used 10756046K [0x00007fe905b50000, 0x00007feb97175000, 0x00007ff3b0600000)
   the space 10770580K,  99% used [0x00007fe905b50000, 0x00007feb96343a80, 0x00007feb96343c00, 0x00007feb97175000)
 Metaspace       used 24354K, capacity 24788K, committed 25088K, reserved 26624K
}
Event: 22693.024 GC heap before
{Heap before GC invocations=13514 (full 5):
 def new generation   total 4846848K, used 4337595K [0x00007fe3b0600000, 0x00007fe4f9120000, 0x00007fe905b50000)
  eden space 4308352K, 100% used [0x00007fe3b0600000, 0x00007fe4b7560000, 0x00007fe4b7560000)
  from space 538496K,   5% used [0x00007fe4b7560000, 0x00007fe4b91eed98, 0x00007fe4d8340000)
  to   space 538496K,   0% used [0x00007fe4d8340000, 0x00007fe4d8340000, 0x00007fe4f9120000)
 tenured generation   total 10770580K, used 10756046K [0x00007fe905b50000, 0x00007feb97175000, 0x00007ff3b0600000)
   the space 10770580K,  99% used [0x00007fe905b50000, 0x00007feb96343a80, 0x00007feb96343c00, 0x00007feb97175000)
 Metaspace       used 24354K, capacity 24788K, committed 25088K, reserved 26624K
}
Event: 22693.092 GC heap after
{Heap after GC invocations=13515 (full 5):
 def new generation   total 4846848K, used 29199K [0x00007fe3b0600000, 0x00007fe4f9120000, 0x00007fe905b50000)
  eden space 4308352K,   0% used [0x00007fe3b0600000, 0x00007fe3b0600000, 0x00007fe4b7560000)
  from space 538496K,   5% used [0x00007fe4d8340000, 0x00007fe4d9fc3fd0, 0x00007fe4f9120000)
  to   space 538496K,   0% used [0x00007fe4b7560000, 0x00007fe4b7560000, 0x00007fe4d8340000)
 tenured generation   total 10770580K, used 10758067K [0x00007fe905b50000, 0x00007feb97175000, 0x00007ff3b0600000)
   the space 10770580K,  99% used [0x00007fe905b50000, 0x00007feb9653cca0, 0x00007feb9653ce00, 0x00007feb97175000)
 Metaspace       used 24354K, capacity 24788K, committed 25088K, reserved 26624K
}
Event: 22697.558 GC heap before
{Heap before GC invocations=13515 (full 5):
 def new generation   total 4846848K, used 4337551K [0x00007fe3b0600000, 0x00007fe4f9120000, 0x00007fe905b50000)
  eden space 4308352K, 100% used [0x00007fe3b0600000, 0x00007fe4b7560000, 0x00007fe4b7560000)
  from space 538496K,   5% used [0x00007fe4d8340000, 0x00007fe4d9fc3fd0, 0x00007fe4f9120000)
  to   space 538496K,   0% used [0x00007fe4b7560000, 0x00007fe4b7560000, 0x00007fe4d8340000)
 tenured generation   total 10770580K, used 10758067K [0x00007fe905b50000, 0x00007feb97175000, 0x00007ff3b0600000)
   the space 10770580K,  99% used [0x00007fe905b50000, 0x00007feb9653cca0, 0x00007feb9653ce00, 0x00007feb97175000)
 Metaspace       used 24354K, capacity 24788K, committed 25088K, reserved 26624K
}
Event: 22697.629 GC heap after
{Heap after GC invocations=13516 (full 5):
 def new generation   total 4846848K, used 29208K [0x00007fe3b0600000, 0x00007fe4f9120000, 0x00007fe905b50000)
  eden space 4308352K,   0% used [0x00007fe3b0600000, 0x00007fe3b0600000, 0x00007fe4b7560000)
  from space 538496K,   5% used [0x00007fe4b7560000, 0x00007fe4b91e6180, 0x00007fe4d8340000)
  to   space 538496K,   0% used [0x00007fe4d8340000, 0x00007fe4d8340000, 0x00007fe4f9120000)
 tenured generation   total 10770580K, used 10760086K [0x00007fe905b50000, 0x00007feb97175000, 0x00007ff3b0600000)
   the space 10770580K,  99% used [0x00007fe905b50000, 0x00007feb96735bf0, 0x00007feb96735c00, 0x00007feb97175000)
 Metaspace       used 24354K, capacity 24788K, committed 25088K, reserved 26624K
}
Event: 22702.060 GC heap before
{Heap before GC invocations=13516 (full 5):
 def new generation   total 4846848K, used 4337560K [0x00007fe3b0600000, 0x00007fe4f9120000, 0x00007fe905b50000)
  eden space 4308352K, 100% used [0x00007fe3b0600000, 0x00007fe4b7560000, 0x00007fe4b7560000)
  from space 538496K,   5% used [0x00007fe4b7560000, 0x00007fe4b91e6180, 0x00007fe4d8340000)
  to   space 538496K,   0% used [0x00007fe4d8340000, 0x00007fe4d8340000, 0x00007fe4f9120000)
 tenured generation   total 10770580K, used 10760086K [0x00007fe905b50000, 0x00007feb97175000, 0x00007ff3b0600000)
   the space 10770580K,  99% used [0x00007fe905b50000, 0x00007feb96735bf0, 0x00007feb96735c00, 0x00007feb97175000)
 Metaspace       used 24354K, capacity 24788K, committed 25088K, reserved 26624K
}
Event: 22702.125 GC heap after
{Heap after GC invocations=13517 (full 5):
 def new generation   total 4846848K, used 29345K [0x00007fe3b0600000, 0x00007fe4f9120000, 0x00007fe905b50000)
  eden space 4308352K,   0% used [0x00007fe3b0600000, 0x00007fe3b0600000, 0x00007fe4b7560000)
  from space 538496K,   5% used [0x00007fe4d8340000, 0x00007fe4d9fe84e0, 0x00007fe4f9120000)
  to   space 538496K,   0% used [0x00007fe4b7560000, 0x00007fe4b7560000, 0x00007fe4d8340000)
 tenured generation   total 10770580K, used 10762107K [0x00007fe905b50000, 0x00007feb97175000, 0x00007ff3b0600000)
   the space 10770580K,  99% used [0x00007fe905b50000, 0x00007feb9692ee10, 0x00007feb9692f000, 0x00007feb97175000)
 Metaspace       used 24354K, capacity 24788K, committed 25088K, reserved 26624K
}
Event: 22706.343 GC heap before
{Heap before GC invocations=13517 (full 5):
 def new generation   total 4846848K, used 4337697K [0x00007fe3b0600000, 0x00007fe4f9120000, 0x00007fe905b50000)
  eden space 4308352K, 100% used [0x00007fe3b0600000, 0x00007fe4b7560000, 0x00007fe4b7560000)
  from space 538496K,   5% used [0x00007fe4d8340000, 0x00007fe4d9fe84e0, 0x00007fe4f9120000)
  to   space 538496K,   0% used [0x00007fe4b7560000, 0x00007fe4b7560000, 0x00007fe4d8340000)
 tenured generation   total 10770580K, used 10762107K [0x00007fe905b50000, 0x00007feb97175000, 0x00007ff3b0600000)
   the space 10770580K,  99% used [0x00007fe905b50000, 0x00007feb9692ee10, 0x00007feb9692f000, 0x00007feb97175000)
 Metaspace       used 24354K, capacity 24788K, committed 25088K, reserved 26624K
}
Event: 22706.430 GC heap after
{Heap after GC invocations=13518 (full 5):
 def new generation   total 4846848K, used 29801K [0x00007fe3b0600000, 0x00007fe4f9120000, 0x00007fe905b50000)
  eden space 4308352K,   0% used [0x00007fe3b0600000, 0x00007fe3b0600000, 0x00007fe4b7560000)
  from space 538496K,   5% used [0x00007fe4b7560000, 0x00007fe4b927a6b0, 0x00007fe4d8340000)
  to   space 538496K,   0% used [0x00007fe4d8340000, 0x00007fe4d8340000, 0x00007fe4f9120000)
 tenured generation   total 10770580K, used 10764128K [0x00007fe905b50000, 0x00007feb97175000, 0x00007ff3b0600000)
   the space 10770580K,  99% used [0x00007fe905b50000, 0x00007feb96b28030, 0x00007feb96b28200, 0x00007feb97175000)
 Metaspace       used 24354K, capacity 24788K, committed 25088K, reserved 26624K
}
Event: 22710.596 GC heap before
{Heap before GC invocations=13518 (full 5):
 def new generation   total 4846848K, used 4338153K [0x00007fe3b0600000, 0x00007fe4f9120000, 0x00007fe905b50000)
  eden space 4308352K, 100% used [0x00007fe3b0600000, 0x00007fe4b7560000, 0x00007fe4b7560000)
  from space 538496K,   5% used [0x00007fe4b7560000, 0x00007fe4b927a6b0, 0x00007fe4d8340000)
  to   space 538496K,   0% used [0x00007fe4d8340000, 0x00007fe4d8340000, 0x00007fe4f9120000)
 tenured generation   total 10770580K, used 10764128K [0x00007fe905b50000, 0x00007feb97175000, 0x00007ff3b0600000)
   the space 10770580K,  99% used [0x00007fe905b50000, 0x00007feb96b28030, 0x00007feb96b28200, 0x00007feb97175000)
 Metaspace       used 24354K, capacity 24788K, committed 25088K, reserved 26624K
}
Event: 22710.672 GC heap after
{Heap after GC invocations=13519 (full 5):
 def new generation   total 4846848K, used 30328K [0x00007fe3b0600000, 0x00007fe4f9120000, 0x00007fe905b50000)
  eden space 4308352K,   0% used [0x00007fe3b0600000, 0x00007fe3b0600000, 0x00007fe4b7560000)
  from space 538496K,   5% used [0x00007fe4d8340000, 0x00007fe4da0de270, 0x00007fe4f9120000)
  to   space 538496K,   0% used [0x00007fe4b7560000, 0x00007fe4b7560000, 0x00007fe4d8340000)
 tenured generation   total 10770580K, used 10766148K [0x00007fe905b50000, 0x00007feb97175000, 0x00007ff3b0600000)
   the space 10770580K,  99% used [0x00007fe905b50000, 0x00007feb96d21250, 0x00007feb96d21400, 0x00007feb97175000)
 Metaspace       used 24354K, capacity 24788K, committed 25088K, reserved 26624K
}
Event: 22714.835 GC heap before
{Heap before GC invocations=13519 (full 5):
 def new generation   total 4846848K, used 4338680K [0x00007fe3b0600000, 0x00007fe4f9120000, 0x00007fe905b50000)
  eden space 4308352K, 100% used [0x00007fe3b0600000, 0x00007fe4b7560000, 0x00007fe4b7560000)
  from space 538496K,   5% used [0x00007fe4d8340000, 0x00007fe4da0de270, 0x00007fe4f9120000)
  to   space 538496K,   0% used [0x00007fe4b7560000, 0x00007fe4b7560000, 0x00007fe4d8340000)
 tenured generation   total 10770580K, used 10766148K [0x00007fe905b50000, 0x00007feb97175000, 0x00007ff3b0600000)
   the space 10770580K,  99% used [0x00007fe905b50000, 0x00007feb96d21250, 0x00007feb96d21400, 0x00007feb97175000)
 Metaspace       used 24354K, capacity 24788K, committed 25088K, reserved 26624K
}
Event: 22714.906 GC heap after
{Heap after GC invocations=13520 (full 5):
 def new generation   total 4846848K, used 30888K [0x00007fe3b0600000, 0x00007fe4f9120000, 0x00007fe905b50000)
  eden space 4308352K,   0% used [0x00007fe3b0600000, 0x00007fe3b0600000, 0x00007fe4b7560000)
  from space 538496K,   5% used [0x00007fe4b7560000, 0x00007fe4b938a360, 0x00007fe4d8340000)
  to   space 538496K,   0% used [0x00007fe4d8340000, 0x00007fe4d8340000, 0x00007fe4f9120000)
 tenured generation   total 10770580K, used 10768169K [0x00007fe905b50000, 0x00007feb97175000, 0x00007ff3b0600000)
   the space 10770580K,  99% used [0x00007fe905b50000, 0x00007feb96f1a470, 0x00007feb96f1a600, 0x00007feb97175000)
 Metaspace       used 24354K, capacity 24788K, committed 25088K, reserved 26624K
}
Event: 22719.050 GC heap before
{Heap before GC invocations=13520 (full 5):
 def new generation   total 4846848K, used 4339240K [0x00007fe3b0600000, 0x00007fe4f9120000, 0x00007fe905b50000)
  eden space 4308352K, 100% used [0x00007fe3b0600000, 0x00007fe4b7560000, 0x00007fe4b7560000)
  from space 538496K,   5% used [0x00007fe4b7560000, 0x00007fe4b938a360, 0x00007fe4d8340000)
  to   space 538496K,   0% used [0x00007fe4d8340000, 0x00007fe4d8340000, 0x00007fe4f9120000)
 tenured generation   total 10770580K, used 10768169K [0x00007fe905b50000, 0x00007feb97175000, 0x00007ff3b0600000)
   the space 10770580K,  99% used [0x00007fe905b50000, 0x00007feb96f1a470, 0x00007feb96f1a600, 0x00007feb97175000)
 Metaspace       used 24354K, capacity 24788K, committed 25088K, reserved 26624K
}
Event: 22719.132 GC heap after
{Heap after GC invocations=13521 (full 5):
 def new generation   total 4846848K, used 31413K [0x00007fe3b0600000, 0x00007fe4f9120000, 0x00007fe905b50000)
  eden space 4308352K,   0% used [0x00007fe3b0600000, 0x00007fe3b0600000, 0x00007fe4b7560000)
  from space 538496K,   5% used [0x00007fe4d8340000, 0x00007fe4da1ed7c0, 0x00007fe4f9120000)
  to   space 538496K,   0% used [0x00007fe4b7560000, 0x00007fe4b7560000, 0x00007fe4d8340000)
 tenured generation   total 10770580K, used 10770193K [0x00007fe905b50000, 0x00007feb97175000, 0x00007ff3b0600000)
   the space 10770580K,  99% used [0x00007fe905b50000, 0x00007feb971147d0, 0x00007feb97114800, 0x00007feb97175000)
 Metaspace       used 24354K, capacity 24788K, committed 25088K, reserved 26624K
}
Event: 22723.223 GC heap before
{Heap before GC invocations=13521 (full 5):
 def new generation   total 4846848K, used 4339765K [0x00007fe3b0600000, 0x00007fe4f9120000, 0x00007fe905b50000)
  eden space 4308352K, 100% used [0x00007fe3b0600000, 0x00007fe4b7560000, 0x00007fe4b7560000)
  from space 538496K,   5% used [0x00007fe4d8340000, 0x00007fe4da1ed7c0, 0x00007fe4f9120000)
  to   space 538496K,   0% used [0x00007fe4b7560000, 0x00007fe4b7560000, 0x00007fe4d8340000)
 tenured generation   total 10770580K, used 10770193K [0x00007fe905b50000, 0x00007feb97175000, 0x00007ff3b0600000)
   the space 10770580K,  99% used [0x00007fe905b50000, 0x00007feb971147d0, 0x00007feb97114800, 0x00007feb97175000)
 Metaspace       used 24354K, capacity 24788K, committed 25088K, reserved 26624K
}
Event: 22723.294 GC heap after
{Heap after GC invocations=13522 (full 5):
 def new generation   total 4846848K, used 31678K [0x00007fe3b0600000, 0x00007fe4f9120000, 0x00007fe905b50000)
  eden space 4308352K,   0% used [0x00007fe3b0600000, 0x00007fe3b0600000, 0x00007fe4b7560000)
  from space 538496K,   5% used [0x00007fe4b7560000, 0x00007fe4b944fa18, 0x00007fe4d8340000)
  to   space 538496K,   0% used [0x00007fe4d8340000, 0x00007fe4d8340000, 0x00007fe4f9120000)
 tenured generation   total 10772308K, used 10772214K [0x00007fe905b50000, 0x00007feb97325000, 0x00007ff3b0600000)
   the space 10772308K,  99% used [0x00007fe905b50000, 0x00007feb9730d9f0, 0x00007feb9730da00, 0x00007feb97325000)
 Metaspace       used 24354K, capacity 24788K, committed 25088K, reserved 26624K
}
Event: 22723.294 GC heap before
{Heap before GC invocations=13522 (full 5):
 def new generation   total 4846848K, used 31678K [0x00007fe3b0600000, 0x00007fe4f9120000, 0x00007fe905b50000)
  eden space 4308352K,   0% used [0x00007fe3b0600000, 0x00007fe3b0600000, 0x00007fe4b7560000)
  from space 538496K,   5% used [0x00007fe4b7560000, 0x00007fe4b944fa18, 0x00007fe4d8340000)
  to   space 538496K,   0% used [0x00007fe4d8340000, 0x00007fe4d8340000, 0x00007fe4f9120000)
 tenured generation   total 10772308K, used 10772214K [0x00007fe905b50000, 0x00007feb97325000, 0x00007ff3b0600000)
   the space 10772308K,  99% used [0x00007fe905b50000, 0x00007feb9730d9f0, 0x00007feb9730da00, 0x00007feb97325000)
 Metaspace       used 24354K, capacity 24788K, committed 25088K, reserved 26624K
}

