# JRE version: OpenJDK Runtime Environment (13.0.7+5) (build 13.0.7+5-Ubuntu-0ubuntu120.04)
# Java VM: OpenJDK 64-Bit Server VM (13.0.7+5-Ubuntu-0ubuntu120.04, mixed mode, tiered, serial gc, linux-amd64)
Heap:
 def new generation   total 12243264K, used 0K [0x00007ef924600000, 0x00007efc62ac0000, 0x00007efe79b50000)
  eden space 10882944K,   0% used [0x00007ef924600000, 0x00007ef924600000, 0x00007efbbc9e0000)
  from space 1360320K,   0% used [0x00007efbbc9e0000, 0x00007efbbc9e0000, 0x00007efc0fa50000)
  to   space 1360320K,   0% used [0x00007efc0fa50000, 0x00007efc0fa50000, 0x00007efc62ac0000)
 tenured generation   total 27567832K, used 26756229K [0x00007efe79b50000, 0x00007f050c506000, 0x00007f0924600000)
   the space 27567832K,  97% used [0x00007efe79b50000, 0x00007f04dac717b8, 0x00007f04dac71800, 0x00007f050c506000)
 Metaspace       used 30518K, capacity 30916K, committed 31232K, reserved 32768K
GC Heap History (20 events):
Event: 2106.031 GC heap after
{Heap after GC invocations=63 (full 10):
 def new generation   total 12243264K, used 860528K [0x00007ef924600000, 0x00007efc62ac0000, 0x00007efe79b50000)
  eden space 10882944K,   0% used [0x00007ef924600000, 0x00007ef924600000, 0x00007efbbc9e0000)
  from space 1360320K,  63% used [0x00007efc0fa50000, 0x00007efc442ac130, 0x00007efc62ac0000)
  to   space 1360320K,   0% used [0x00007efbbc9e0000, 0x00007efbbc9e0000, 0x00007efc0fa50000)
 tenured generation   total 27207064K, used 19789744K [0x00007efe79b50000, 0x00007f04f64b6000, 0x00007f0924600000)
   the space 27207064K,  72% used [0x00007efe79b50000, 0x00007f033193c3c8, 0x00007f033193c400, 0x00007f04f64b6000)
 Metaspace       used 30518K, capacity 30916K, committed 31232K, reserved 32768K
}
Event: 2109.750 GC heap before
{Heap before GC invocations=63 (full 10):
 def new generation   total 12243264K, used 11743472K [0x00007ef924600000, 0x00007efc62ac0000, 0x00007efe79b50000)
  eden space 10882944K, 100% used [0x00007ef924600000, 0x00007efbbc9e0000, 0x00007efbbc9e0000)
  from space 1360320K,  63% used [0x00007efc0fa50000, 0x00007efc442ac130, 0x00007efc62ac0000)
  to   space 1360320K,   0% used [0x00007efbbc9e0000, 0x00007efbbc9e0000, 0x00007efc0fa50000)
 tenured generation   total 27207064K, used 19789744K [0x00007efe79b50000, 0x00007f04f64b6000, 0x00007f0924600000)
   the space 27207064K,  72% used [0x00007efe79b50000, 0x00007f033193c3c8, 0x00007f033193c400, 0x00007f04f64b6000)
 Metaspace       used 30518K, capacity 30916K, committed 31232K, reserved 32768K
}
Event: 2113.418 GC heap after
{Heap after GC invocations=64 (full 10):
 def new generation   total 12243264K, used 861495K [0x00007ef924600000, 0x00007efc62ac0000, 0x00007efe79b50000)
  eden space 10882944K,   0% used [0x00007ef924600000, 0x00007ef924600000, 0x00007efbbc9e0000)
  from space 1360320K,  63% used [0x00007efbbc9e0000, 0x00007efbf132dcd0, 0x00007efc0fa50000)
  to   space 1360320K,   0% used [0x00007efc0fa50000, 0x00007efc0fa50000, 0x00007efc62ac0000)
 tenured generation   total 27207064K, used 20650272K [0x00007efe79b50000, 0x00007f04f64b6000, 0x00007f0924600000)
   the space 27207064K,  75% used [0x00007efe79b50000, 0x00007f0366198318, 0x00007f0366198400, 0x00007f04f64b6000)
 Metaspace       used 30518K, capacity 30916K, committed 31232K, reserved 32768K
}
Event: 2116.914 GC heap before
{Heap before GC invocations=64 (full 10):
 def new generation   total 12243264K, used 11744439K [0x00007ef924600000, 0x00007efc62ac0000, 0x00007efe79b50000)
  eden space 10882944K, 100% used [0x00007ef924600000, 0x00007efbbc9e0000, 0x00007efbbc9e0000)
  from space 1360320K,  63% used [0x00007efbbc9e0000, 0x00007efbf132dcd0, 0x00007efc0fa50000)
  to   space 1360320K,   0% used [0x00007efc0fa50000, 0x00007efc0fa50000, 0x00007efc62ac0000)
 tenured generation   total 27207064K, used 20650272K [0x00007efe79b50000, 0x00007f04f64b6000, 0x00007f0924600000)
   the space 27207064K,  75% used [0x00007efe79b50000, 0x00007f0366198318, 0x00007f0366198400, 0x00007f04f64b6000)
 Metaspace       used 30518K, capacity 30916K, committed 31232K, reserved 32768K
}
Event: 2120.436 GC heap after
{Heap after GC invocations=65 (full 10):
 def new generation   total 12243264K, used 857984K [0x00007ef924600000, 0x00007efc62ac0000, 0x00007efe79b50000)
  eden space 10882944K,   0% used [0x00007ef924600000, 0x00007ef924600000, 0x00007efbbc9e0000)
  from space 1360320K,  63% used [0x00007efc0fa50000, 0x00007efc440303e0, 0x00007efc62ac0000)
  to   space 1360320K,   0% used [0x00007efbbc9e0000, 0x00007efbbc9e0000, 0x00007efc0fa50000)
 tenured generation   total 27207064K, used 21511767K [0x00007efe79b50000, 0x00007f04f64b6000, 0x00007f0924600000)
   the space 27207064K,  79% used [0x00007efe79b50000, 0x00007f039aae5d68, 0x00007f039aae5e00, 0x00007f04f64b6000)
 Metaspace       used 30518K, capacity 30916K, committed 31232K, reserved 32768K
}
Event: 2123.867 GC heap before
{Heap before GC invocations=65 (full 10):
 def new generation   total 12243264K, used 11740928K [0x00007ef924600000, 0x00007efc62ac0000, 0x00007efe79b50000)
  eden space 10882944K, 100% used [0x00007ef924600000, 0x00007efbbc9e0000, 0x00007efbbc9e0000)
  from space 1360320K,  63% used [0x00007efc0fa50000, 0x00007efc440303e0, 0x00007efc62ac0000)
  to   space 1360320K,   0% used [0x00007efbbc9e0000, 0x00007efbbc9e0000, 0x00007efc0fa50000)
 tenured generation   total 27207064K, used 21511767K [0x00007efe79b50000, 0x00007f04f64b6000, 0x00007f0924600000)
   the space 27207064K,  79% used [0x00007efe79b50000, 0x00007f039aae5d68, 0x00007f039aae5e00, 0x00007f04f64b6000)
 Metaspace       used 30518K, capacity 30916K, committed 31232K, reserved 32768K
}
Event: 2126.983 GC heap after
{Heap after GC invocations=66 (full 10):
 def new generation   total 12243264K, used 859980K [0x00007ef924600000, 0x00007efc62ac0000, 0x00007efe79b50000)
  eden space 10882944K,   0% used [0x00007ef924600000, 0x00007ef924600000, 0x00007efbbc9e0000)
  from space 1360320K,  63% used [0x00007efbbc9e0000, 0x00007efbf11b32f0, 0x00007efc0fa50000)
  to   space 1360320K,   0% used [0x00007efc0fa50000, 0x00007efc0fa50000, 0x00007efc62ac0000)
 tenured generation   total 27207064K, used 22369752K [0x00007efe79b50000, 0x00007f04f64b6000, 0x00007f0924600000)
   the space 27207064K,  82% used [0x00007efe79b50000, 0x00007f03cf0c6048, 0x00007f03cf0c6200, 0x00007f04f64b6000)
 Metaspace       used 30518K, capacity 30916K, committed 31232K, reserved 32768K
}
Event: 2130.621 GC heap before
{Heap before GC invocations=66 (full 10):
 def new generation   total 12243264K, used 11742924K [0x00007ef924600000, 0x00007efc62ac0000, 0x00007efe79b50000)
  eden space 10882944K, 100% used [0x00007ef924600000, 0x00007efbbc9e0000, 0x00007efbbc9e0000)
  from space 1360320K,  63% used [0x00007efbbc9e0000, 0x00007efbf11b32f0, 0x00007efc0fa50000)
  to   space 1360320K,   0% used [0x00007efc0fa50000, 0x00007efc0fa50000, 0x00007efc62ac0000)
 tenured generation   total 27207064K, used 22369752K [0x00007efe79b50000, 0x00007f04f64b6000, 0x00007f0924600000)
   the space 27207064K,  82% used [0x00007efe79b50000, 0x00007f03cf0c6048, 0x00007f03cf0c6200, 0x00007f04f64b6000)
 Metaspace       used 30518K, capacity 30916K, committed 31232K, reserved 32768K
}
Event: 2133.818 GC heap after
{Heap after GC invocations=67 (full 10):
 def new generation   total 12243264K, used 853801K [0x00007ef924600000, 0x00007efc62ac0000, 0x00007efe79b50000)
  eden space 10882944K,   0% used [0x00007ef924600000, 0x00007ef924600000, 0x00007efbbc9e0000)
  from space 1360320K,  62% used [0x00007efc0fa50000, 0x00007efc43c1a670, 0x00007efc62ac0000)
  to   space 1360320K,   0% used [0x00007efbbc9e0000, 0x00007efbbc9e0000, 0x00007efc0fa50000)
 tenured generation   total 27207064K, used 23229732K [0x00007efe79b50000, 0x00007f04f64b6000, 0x00007f0924600000)
   the space 27207064K,  85% used [0x00007efe79b50000, 0x00007f04038991e8, 0x00007f0403899200, 0x00007f04f64b6000)
 Metaspace       used 30518K, capacity 30916K, committed 31232K, reserved 32768K
}
Event: 2137.330 GC heap before
{Heap before GC invocations=67 (full 10):
 def new generation   total 12243264K, used 11736745K [0x00007ef924600000, 0x00007efc62ac0000, 0x00007efe79b50000)
  eden space 10882944K, 100% used [0x00007ef924600000, 0x00007efbbc9e0000, 0x00007efbbc9e0000)
  from space 1360320K,  62% used [0x00007efc0fa50000, 0x00007efc43c1a670, 0x00007efc62ac0000)
  to   space 1360320K,   0% used [0x00007efbbc9e0000, 0x00007efbbc9e0000, 0x00007efc0fa50000)
 tenured generation   total 27207064K, used 23229732K [0x00007efe79b50000, 0x00007f04f64b6000, 0x00007f0924600000)
   the space 27207064K,  85% used [0x00007efe79b50000, 0x00007f04038991e8, 0x00007f0403899200, 0x00007f04f64b6000)
 Metaspace       used 30518K, capacity 30916K, committed 31232K, reserved 32768K
}
Event: 2140.809 GC heap after
{Heap after GC invocations=68 (full 10):
 def new generation   total 12243264K, used 868482K [0x00007ef924600000, 0x00007efc62ac0000, 0x00007efe79b50000)
  eden space 10882944K,   0% used [0x00007ef924600000, 0x00007ef924600000, 0x00007efbbc9e0000)
  from space 1360320K,  63% used [0x00007efbbc9e0000, 0x00007efbf1a00b00, 0x00007efc0fa50000)
  to   space 1360320K,   0% used [0x00007efc0fa50000, 0x00007efc0fa50000, 0x00007efc62ac0000)
 tenured generation   total 27207064K, used 24083533K [0x00007efe79b50000, 0x00007f04f64b6000, 0x00007f0924600000)
   the space 27207064K,  88% used [0x00007efe79b50000, 0x00007f0437a63638, 0x00007f0437a63800, 0x00007f04f64b6000)
 Metaspace       used 30518K, capacity 30916K, committed 31232K, reserved 32768K
}
Event: 2144.219 GC heap before
{Heap before GC invocations=68 (full 10):
 def new generation   total 12243264K, used 11751426K [0x00007ef924600000, 0x00007efc62ac0000, 0x00007efe79b50000)
  eden space 10882944K, 100% used [0x00007ef924600000, 0x00007efbbc9e0000, 0x00007efbbc9e0000)
  from space 1360320K,  63% used [0x00007efbbc9e0000, 0x00007efbf1a00b00, 0x00007efc0fa50000)
  to   space 1360320K,   0% used [0x00007efc0fa50000, 0x00007efc0fa50000, 0x00007efc62ac0000)
 tenured generation   total 27207064K, used 24083533K [0x00007efe79b50000, 0x00007f04f64b6000, 0x00007f0924600000)
   the space 27207064K,  88% used [0x00007efe79b50000, 0x00007f0437a63638, 0x00007f0437a63800, 0x00007f04f64b6000)
 Metaspace       used 30518K, capacity 30916K, committed 31232K, reserved 32768K
}
Event: 2147.752 GC heap after
{Heap after GC invocations=69 (full 10):
 def new generation   total 12243264K, used 876946K [0x00007ef924600000, 0x00007efc62ac0000, 0x00007efe79b50000)
  eden space 10882944K,   0% used [0x00007ef924600000, 0x00007ef924600000, 0x00007efbbc9e0000)
  from space 1360320K,  64% used [0x00007efc0fa50000, 0x00007efc452b4870, 0x00007efc62ac0000)
  to   space 1360320K,   0% used [0x00007efbbc9e0000, 0x00007efbbc9e0000, 0x00007efc0fa50000)
 tenured generation   total 27207064K, used 24952015K [0x00007efe79b50000, 0x00007f04f64b6000, 0x00007f0924600000)
   the space 27207064K,  91% used [0x00007efe79b50000, 0x00007f046ca83e88, 0x00007f046ca84000, 0x00007f04f64b6000)
 Metaspace       used 30518K, capacity 30916K, committed 31232K, reserved 32768K
}
Event: 2151.257 GC heap before
{Heap before GC invocations=69 (full 10):
 def new generation   total 12243264K, used 11759890K [0x00007ef924600000, 0x00007efc62ac0000, 0x00007efe79b50000)
  eden space 10882944K, 100% used [0x00007ef924600000, 0x00007efbbc9e0000, 0x00007efbbc9e0000)
  from space 1360320K,  64% used [0x00007efc0fa50000, 0x00007efc452b4870, 0x00007efc62ac0000)
  to   space 1360320K,   0% used [0x00007efbbc9e0000, 0x00007efbbc9e0000, 0x00007efc0fa50000)
 tenured generation   total 27207064K, used 24952015K [0x00007efe79b50000, 0x00007f04f64b6000, 0x00007f0924600000)
   the space 27207064K,  91% used [0x00007efe79b50000, 0x00007f046ca83e88, 0x00007f046ca84000, 0x00007f04f64b6000)
 Metaspace       used 30518K, capacity 30916K, committed 31232K, reserved 32768K
}
Event: 2154.662 GC heap after
{Heap after GC invocations=70 (full 10):
 def new generation   total 12243264K, used 862715K [0x00007ef924600000, 0x00007efc62ac0000, 0x00007efe79b50000)
  eden space 10882944K,   0% used [0x00007ef924600000, 0x00007ef924600000, 0x00007efbbc9e0000)
  from space 1360320K,  63% used [0x00007efbbc9e0000, 0x00007efbf145ec00, 0x00007efc0fa50000)
  to   space 1360320K,   0% used [0x00007efc0fa50000, 0x00007efc0fa50000, 0x00007efc62ac0000)
 tenured generation   total 27207064K, used 25828961K [0x00007efe79b50000, 0x00007f04f64b6000, 0x00007f0924600000)
   the space 27207064K,  94% used [0x00007efe79b50000, 0x00007f04a22e8558, 0x00007f04a22e8600, 0x00007f04f64b6000)
 Metaspace       used 30518K, capacity 30916K, committed 31232K, reserved 32768K
}
Event: 2158.078 GC heap before
{Heap before GC invocations=70 (full 10):
 def new generation   total 12243264K, used 11745659K [0x00007ef924600000, 0x00007efc62ac0000, 0x00007efe79b50000)
  eden space 10882944K, 100% used [0x00007ef924600000, 0x00007efbbc9e0000, 0x00007efbbc9e0000)
  from space 1360320K,  63% used [0x00007efbbc9e0000, 0x00007efbf145ec00, 0x00007efc0fa50000)
  to   space 1360320K,   0% used [0x00007efc0fa50000, 0x00007efc0fa50000, 0x00007efc62ac0000)
 tenured generation   total 27207064K, used 25828961K [0x00007efe79b50000, 0x00007f04f64b6000, 0x00007f0924600000)
   the space 27207064K,  94% used [0x00007efe79b50000, 0x00007f04a22e8558, 0x00007f04a22e8600, 0x00007f04f64b6000)
 Metaspace       used 30518K, capacity 30916K, committed 31232K, reserved 32768K
}
Event: 2161.497 GC heap after
{Heap after GC invocations=71 (full 10):
 def new generation   total 12243264K, used 876011K [0x00007ef924600000, 0x00007efc62ac0000, 0x00007efe79b50000)
  eden space 10882944K,   0% used [0x00007ef924600000, 0x00007ef924600000, 0x00007efbbc9e0000)
  from space 1360320K,  64% used [0x00007efc0fa50000, 0x00007efc451cae60, 0x00007efc62ac0000)
  to   space 1360320K,   0% used [0x00007efbbc9e0000, 0x00007efbbc9e0000, 0x00007efc0fa50000)
 tenured generation   total 27207064K, used 26691675K [0x00007efe79b50000, 0x00007f04f64b6000, 0x00007f0924600000)
   the space 27207064K,  98% used [0x00007efe79b50000, 0x00007f04d6d66e88, 0x00007f04d6d67000, 0x00007f04f64b6000)
 Metaspace       used 30518K, capacity 30916K, committed 31232K, reserved 32768K
}
Event: 2164.963 GC heap before
{Heap before GC invocations=71 (full 10):
 def new generation   total 12243264K, used 11758955K [0x00007ef924600000, 0x00007efc62ac0000, 0x00007efe79b50000)
  eden space 10882944K, 100% used [0x00007ef924600000, 0x00007efbbc9e0000, 0x00007efbbc9e0000)
  from space 1360320K,  64% used [0x00007efc0fa50000, 0x00007efc451cae60, 0x00007efc62ac0000)
  to   space 1360320K,   0% used [0x00007efbbc9e0000, 0x00007efbbc9e0000, 0x00007efc0fa50000)
 tenured generation   total 27207064K, used 26691675K [0x00007efe79b50000, 0x00007f04f64b6000, 0x00007f0924600000)
   the space 27207064K,  98% used [0x00007efe79b50000, 0x00007f04d6d66e88, 0x00007f04d6d67000, 0x00007f04f64b6000)
 Metaspace       used 30518K, capacity 30916K, committed 31232K, reserved 32768K
}
Event: 2168.408 GC heap after
{Heap after GC invocations=72 (full 10):
 def new generation   total 12243264K, used 865871K [0x00007ef924600000, 0x00007efc62ac0000, 0x00007efe79b50000)
  eden space 10882944K,   0% used [0x00007ef924600000, 0x00007ef924600000, 0x00007efbbc9e0000)
  from space 1360320K,  63% used [0x00007efbbc9e0000, 0x00007efbf1773dd0, 0x00007efc0fa50000)
  to   space 1360320K,   0% used [0x00007efc0fa50000, 0x00007efc0fa50000, 0x00007efc62ac0000)
 tenured generation   total 27567832K, used 27567686K [0x00007efe79b50000, 0x00007f050c506000, 0x00007f0924600000)
   the space 27567832K,  99% used [0x00007efe79b50000, 0x00007f050c4e1b68, 0x00007f050c4e1c00, 0x00007f050c506000)
 Metaspace       used 30518K, capacity 30916K, committed 31232K, reserved 32768K
}
Event: 2168.408 GC heap before
{Heap before GC invocations=72 (full 10):
 def new generation   total 12243264K, used 865871K [0x00007ef924600000, 0x00007efc62ac0000, 0x00007efe79b50000)
  eden space 10882944K,   0% used [0x00007ef924600000, 0x00007ef924600000, 0x00007efbbc9e0000)
  from space 1360320K,  63% used [0x00007efbbc9e0000, 0x00007efbf1773dd0, 0x00007efc0fa50000)
  to   space 1360320K,   0% used [0x00007efc0fa50000, 0x00007efc0fa50000, 0x00007efc62ac0000)
 tenured generation   total 27567832K, used 27567686K [0x00007efe79b50000, 0x00007f050c506000, 0x00007f0924600000)
   the space 27567832K,  99% used [0x00007efe79b50000, 0x00007f050c4e1b68, 0x00007f050c4e1c00, 0x00007f050c506000)
 Metaspace       used 30518K, capacity 30916K, committed 31232K, reserved 32768K
}

