# JRE version: OpenJDK Runtime Environment (13.0.7+5) (build 13.0.7+5-Ubuntu-0ubuntu120.04)
# Java VM: OpenJDK 64-Bit Server VM (13.0.7+5-Ubuntu-0ubuntu120.04, mixed mode, tiered, serial gc, linux-amd64)
Heap:
 def new generation   total 2918976K, used 106180K [0x00007f8af4600000, 0x00007f8bba540000, 0x00007f9049b50000)
  eden space 2594688K,   4% used [0x00007f8af4600000, 0x00007f8afadb1230, 0x00007f8b92be0000)
  from space 324288K,   0% used [0x00007f8ba6890000, 0x00007f8ba6890000, 0x00007f8bba540000)
  to   space 324288K,   0% used [0x00007f8b92be0000, 0x00007f8b92be0000, 0x00007f8ba6890000)
 tenured generation   total 6488564K, used 6488563K [0x00007f9049b50000, 0x00007f91d5bcd000, 0x00007f9af4600000)
   the space 6488564K,  99% used [0x00007f9049b50000, 0x00007f91d5bccff0, 0x00007f91d5bcd000, 0x00007f91d5bcd000)
 Metaspace       used 24277K, capacity 24710K, committed 24832K, reserved 26624K
GC Heap History (20 events):
Event: 2451.763 GC heap after
{Heap after GC invocations=2020 (full 4):
 def new generation   total 2918976K, used 104140K [0x00007f8af4600000, 0x00007f8bba540000, 0x00007f9049b50000)
  eden space 2594688K,   0% used [0x00007f8af4600000, 0x00007f8af4600000, 0x00007f8b92be0000)
  from space 324288K,  32% used [0x00007f8b92be0000, 0x00007f8b991932c8, 0x00007f8ba6890000)
  to   space 324288K,   0% used [0x00007f8ba6890000, 0x00007f8ba6890000, 0x00007f8bba540000)
 tenured generation   total 6486452K, used 6425467K [0x00007f9049b50000, 0x00007f91d59bd000, 0x00007f9af4600000)
   the space 6486452K,  99% used [0x00007f9049b50000, 0x00007f91d1e2eeb0, 0x00007f91d1e2f000, 0x00007f91d59bd000)
 Metaspace       used 24277K, capacity 24710K, committed 24832K, reserved 26624K
}
Event: 2454.080 GC heap before
{Heap before GC invocations=2020 (full 4):
 def new generation   total 2918976K, used 2698828K [0x00007f8af4600000, 0x00007f8bba540000, 0x00007f9049b50000)
  eden space 2594688K, 100% used [0x00007f8af4600000, 0x00007f8b92be0000, 0x00007f8b92be0000)
  from space 324288K,  32% used [0x00007f8b92be0000, 0x00007f8b991932c8, 0x00007f8ba6890000)
  to   space 324288K,   0% used [0x00007f8ba6890000, 0x00007f8ba6890000, 0x00007f8bba540000)
 tenured generation   total 6486452K, used 6425467K [0x00007f9049b50000, 0x00007f91d59bd000, 0x00007f9af4600000)
   the space 6486452K,  99% used [0x00007f9049b50000, 0x00007f91d1e2eeb0, 0x00007f91d1e2f000, 0x00007f91d59bd000)
 Metaspace       used 24277K, capacity 24710K, committed 24832K, reserved 26624K
}
Event: 2454.317 GC heap after
{Heap after GC invocations=2021 (full 4):
 def new generation   total 2918976K, used 103782K [0x00007f8af4600000, 0x00007f8bba540000, 0x00007f9049b50000)
  eden space 2594688K,   0% used [0x00007f8af4600000, 0x00007f8af4600000, 0x00007f8b92be0000)
  from space 324288K,  32% used [0x00007f8ba6890000, 0x00007f8bacde9bf0, 0x00007f8bba540000)
  to   space 324288K,   0% used [0x00007f8b92be0000, 0x00007f8b92be0000, 0x00007f8ba6890000)
 tenured generation   total 6486452K, used 6433382K [0x00007f9049b50000, 0x00007f91d59bd000, 0x00007f9af4600000)
   the space 6486452K,  99% used [0x00007f9049b50000, 0x00007f91d25e9a00, 0x00007f91d25e9a00, 0x00007f91d59bd000)
 Metaspace       used 24277K, capacity 24710K, committed 24832K, reserved 26624K
}
Event: 2456.336 GC heap before
{Heap before GC invocations=2021 (full 4):
 def new generation   total 2918976K, used 2698470K [0x00007f8af4600000, 0x00007f8bba540000, 0x00007f9049b50000)
  eden space 2594688K, 100% used [0x00007f8af4600000, 0x00007f8b92be0000, 0x00007f8b92be0000)
  from space 324288K,  32% used [0x00007f8ba6890000, 0x00007f8bacde9bf0, 0x00007f8bba540000)
  to   space 324288K,   0% used [0x00007f8b92be0000, 0x00007f8b92be0000, 0x00007f8ba6890000)
 tenured generation   total 6486452K, used 6433382K [0x00007f9049b50000, 0x00007f91d59bd000, 0x00007f9af4600000)
   the space 6486452K,  99% used [0x00007f9049b50000, 0x00007f91d25e9a00, 0x00007f91d25e9a00, 0x00007f91d59bd000)
 Metaspace       used 24277K, capacity 24710K, committed 24832K, reserved 26624K
}
Event: 2456.527 GC heap after
{Heap after GC invocations=2022 (full 4):
 def new generation   total 2918976K, used 106189K [0x00007f8af4600000, 0x00007f8bba540000, 0x00007f9049b50000)
  eden space 2594688K,   0% used [0x00007f8af4600000, 0x00007f8af4600000, 0x00007f8b92be0000)
  from space 324288K,  32% used [0x00007f8b92be0000, 0x00007f8b993935a0, 0x00007f8ba6890000)
  to   space 324288K,   0% used [0x00007f8ba6890000, 0x00007f8ba6890000, 0x00007f8bba540000)
 tenured generation   total 6486452K, used 6438784K [0x00007f9049b50000, 0x00007f91d59bd000, 0x00007f9af4600000)
   the space 6486452K,  99% used [0x00007f9049b50000, 0x00007f91d2b30100, 0x00007f91d2b30200, 0x00007f91d59bd000)
 Metaspace       used 24277K, capacity 24710K, committed 24832K, reserved 26624K
}
Event: 2458.558 GC heap before
{Heap before GC invocations=2022 (full 4):
 def new generation   total 2918976K, used 2700877K [0x00007f8af4600000, 0x00007f8bba540000, 0x00007f9049b50000)
  eden space 2594688K, 100% used [0x00007f8af4600000, 0x00007f8b92be0000, 0x00007f8b92be0000)
  from space 324288K,  32% used [0x00007f8b92be0000, 0x00007f8b993935a0, 0x00007f8ba6890000)
  to   space 324288K,   0% used [0x00007f8ba6890000, 0x00007f8ba6890000, 0x00007f8bba540000)
 tenured generation   total 6486452K, used 6438784K [0x00007f9049b50000, 0x00007f91d59bd000, 0x00007f9af4600000)
   the space 6486452K,  99% used [0x00007f9049b50000, 0x00007f91d2b30100, 0x00007f91d2b30200, 0x00007f91d59bd000)
 Metaspace       used 24277K, capacity 24710K, committed 24832K, reserved 26624K
}
Event: 2458.727 GC heap after
{Heap after GC invocations=2023 (full 4):
 def new generation   total 2918976K, used 105051K [0x00007f8af4600000, 0x00007f8bba540000, 0x00007f9049b50000)
  eden space 2594688K,   0% used [0x00007f8af4600000, 0x00007f8af4600000, 0x00007f8b92be0000)
  from space 324288K,  32% used [0x00007f8ba6890000, 0x00007f8bacf26eb0, 0x00007f8bba540000)
  to   space 324288K,   0% used [0x00007f8b92be0000, 0x00007f8b92be0000, 0x00007f8ba6890000)
 tenured generation   total 6486452K, used 6446648K [0x00007f9049b50000, 0x00007f91d59bd000, 0x00007f9af4600000)
   the space 6486452K,  99% used [0x00007f9049b50000, 0x00007f91d32de3a8, 0x00007f91d32de400, 0x00007f91d59bd000)
 Metaspace       used 24277K, capacity 24710K, committed 24832K, reserved 26624K
}
Event: 2460.733 GC heap before
{Heap before GC invocations=2023 (full 4):
 def new generation   total 2918976K, used 2699739K [0x00007f8af4600000, 0x00007f8bba540000, 0x00007f9049b50000)
  eden space 2594688K, 100% used [0x00007f8af4600000, 0x00007f8b92be0000, 0x00007f8b92be0000)
  from space 324288K,  32% used [0x00007f8ba6890000, 0x00007f8bacf26eb0, 0x00007f8bba540000)
  to   space 324288K,   0% used [0x00007f8b92be0000, 0x00007f8b92be0000, 0x00007f8ba6890000)
 tenured generation   total 6486452K, used 6446648K [0x00007f9049b50000, 0x00007f91d59bd000, 0x00007f9af4600000)
   the space 6486452K,  99% used [0x00007f9049b50000, 0x00007f91d32de3a8, 0x00007f91d32de400, 0x00007f91d59bd000)
 Metaspace       used 24277K, capacity 24710K, committed 24832K, reserved 26624K
}
Event: 2460.925 GC heap after
{Heap after GC invocations=2024 (full 4):
 def new generation   total 2918976K, used 102992K [0x00007f8af4600000, 0x00007f8bba540000, 0x00007f9049b50000)
  eden space 2594688K,   0% used [0x00007f8af4600000, 0x00007f8af4600000, 0x00007f8b92be0000)
  from space 324288K,  31% used [0x00007f8b92be0000, 0x00007f8b990743c0, 0x00007f8ba6890000)
  to   space 324288K,   0% used [0x00007f8ba6890000, 0x00007f8ba6890000, 0x00007f8bba540000)
 tenured generation   total 6486452K, used 6454563K [0x00007f9049b50000, 0x00007f91d59bd000, 0x00007f9af4600000)
   the space 6486452K,  99% used [0x00007f9049b50000, 0x00007f91d3a98f88, 0x00007f91d3a99000, 0x00007f91d59bd000)
 Metaspace       used 24277K, capacity 24710K, committed 24832K, reserved 26624K
}
Event: 2462.934 GC heap before
{Heap before GC invocations=2024 (full 4):
 def new generation   total 2918976K, used 2697680K [0x00007f8af4600000, 0x00007f8bba540000, 0x00007f9049b50000)
  eden space 2594688K, 100% used [0x00007f8af4600000, 0x00007f8b92be0000, 0x00007f8b92be0000)
  from space 324288K,  31% used [0x00007f8b92be0000, 0x00007f8b990743c0, 0x00007f8ba6890000)
  to   space 324288K,   0% used [0x00007f8ba6890000, 0x00007f8ba6890000, 0x00007f8bba540000)
 tenured generation   total 6486452K, used 6454563K [0x00007f9049b50000, 0x00007f91d59bd000, 0x00007f9af4600000)
   the space 6486452K,  99% used [0x00007f9049b50000, 0x00007f91d3a98f88, 0x00007f91d3a99000, 0x00007f91d59bd000)
 Metaspace       used 24277K, capacity 24710K, committed 24832K, reserved 26624K
}
Event: 2463.085 GC heap after
{Heap after GC invocations=2025 (full 4):
 def new generation   total 2918976K, used 105173K [0x00007f8af4600000, 0x00007f8bba540000, 0x00007f9049b50000)
  eden space 2594688K,   0% used [0x00007f8af4600000, 0x00007f8af4600000, 0x00007f8b92be0000)
  from space 324288K,  32% used [0x00007f8ba6890000, 0x00007f8bacf45738, 0x00007f8bba540000)
  to   space 324288K,   0% used [0x00007f8b92be0000, 0x00007f8b92be0000, 0x00007f8ba6890000)
 tenured generation   total 6486452K, used 6460330K [0x00007f9049b50000, 0x00007f91d59bd000, 0x00007f9af4600000)
   the space 6486452K,  99% used [0x00007f9049b50000, 0x00007f91d403a9e8, 0x00007f91d403aa00, 0x00007f91d59bd000)
 Metaspace       used 24277K, capacity 24710K, committed 24832K, reserved 26624K
}
Event: 2465.096 GC heap before
{Heap before GC invocations=2025 (full 4):
 def new generation   total 2918976K, used 2699861K [0x00007f8af4600000, 0x00007f8bba540000, 0x00007f9049b50000)
  eden space 2594688K, 100% used [0x00007f8af4600000, 0x00007f8b92be0000, 0x00007f8b92be0000)
  from space 324288K,  32% used [0x00007f8ba6890000, 0x00007f8bacf45738, 0x00007f8bba540000)
  to   space 324288K,   0% used [0x00007f8b92be0000, 0x00007f8b92be0000, 0x00007f8ba6890000)
 tenured generation   total 6486452K, used 6460330K [0x00007f9049b50000, 0x00007f91d59bd000, 0x00007f9af4600000)
   the space 6486452K,  99% used [0x00007f9049b50000, 0x00007f91d403a9e8, 0x00007f91d403aa00, 0x00007f91d59bd000)
 Metaspace       used 24277K, capacity 24710K, committed 24832K, reserved 26624K
}
Event: 2465.295 GC heap after
{Heap after GC invocations=2026 (full 4):
 def new generation   total 2918976K, used 105139K [0x00007f8af4600000, 0x00007f8bba540000, 0x00007f9049b50000)
  eden space 2594688K,   0% used [0x00007f8af4600000, 0x00007f8af4600000, 0x00007f8b92be0000)
  from space 324288K,  32% used [0x00007f8b92be0000, 0x00007f8b9928cdd8, 0x00007f8ba6890000)
  to   space 324288K,   0% used [0x00007f8ba6890000, 0x00007f8ba6890000, 0x00007f8bba540000)
 tenured generation   total 6486452K, used 6468195K [0x00007f9049b50000, 0x00007f91d59bd000, 0x00007f9af4600000)
   the space 6486452K,  99% used [0x00007f9049b50000, 0x00007f91d47e8db0, 0x00007f91d47e8e00, 0x00007f91d59bd000)
 Metaspace       used 24277K, capacity 24710K, committed 24832K, reserved 26624K
}
Event: 2467.213 GC heap before
{Heap before GC invocations=2026 (full 4):
 def new generation   total 2918976K, used 2699827K [0x00007f8af4600000, 0x00007f8bba540000, 0x00007f9049b50000)
  eden space 2594688K, 100% used [0x00007f8af4600000, 0x00007f8b92be0000, 0x00007f8b92be0000)
  from space 324288K,  32% used [0x00007f8b92be0000, 0x00007f8b9928cdd8, 0x00007f8ba6890000)
  to   space 324288K,   0% used [0x00007f8ba6890000, 0x00007f8ba6890000, 0x00007f8bba540000)
 tenured generation   total 6486452K, used 6468195K [0x00007f9049b50000, 0x00007f91d59bd000, 0x00007f9af4600000)
   the space 6486452K,  99% used [0x00007f9049b50000, 0x00007f91d47e8db0, 0x00007f91d47e8e00, 0x00007f91d59bd000)
 Metaspace       used 24277K, capacity 24710K, committed 24832K, reserved 26624K
}
Event: 2467.384 GC heap after
{Heap after GC invocations=2027 (full 4):
 def new generation   total 2918976K, used 102901K [0x00007f8af4600000, 0x00007f8bba540000, 0x00007f9049b50000)
  eden space 2594688K,   0% used [0x00007f8af4600000, 0x00007f8af4600000, 0x00007f8b92be0000)
  from space 324288K,  31% used [0x00007f8ba6890000, 0x00007f8bacd0d680, 0x00007f8bba540000)
  to   space 324288K,   0% used [0x00007f8b92be0000, 0x00007f8b92be0000, 0x00007f8ba6890000)
 tenured generation   total 6486452K, used 6476064K [0x00007f9049b50000, 0x00007f91d59bd000, 0x00007f9af4600000)
   the space 6486452K,  99% used [0x00007f9049b50000, 0x00007f91d4f98228, 0x00007f91d4f98400, 0x00007f91d59bd000)
 Metaspace       used 24277K, capacity 24710K, committed 24832K, reserved 26624K
}
Event: 2469.368 GC heap before
{Heap before GC invocations=2027 (full 4):
 def new generation   total 2918976K, used 2697589K [0x00007f8af4600000, 0x00007f8bba540000, 0x00007f9049b50000)
  eden space 2594688K, 100% used [0x00007f8af4600000, 0x00007f8b92be0000, 0x00007f8b92be0000)
  from space 324288K,  31% used [0x00007f8ba6890000, 0x00007f8bacd0d680, 0x00007f8bba540000)
  to   space 324288K,   0% used [0x00007f8b92be0000, 0x00007f8b92be0000, 0x00007f8ba6890000)
 tenured generation   total 6486452K, used 6476064K [0x00007f9049b50000, 0x00007f91d59bd000, 0x00007f9af4600000)
   the space 6486452K,  99% used [0x00007f9049b50000, 0x00007f91d4f98228, 0x00007f91d4f98400, 0x00007f91d59bd000)
 Metaspace       used 24277K, capacity 24710K, committed 24832K, reserved 26624K
}
Event: 2469.544 GC heap after
{Heap after GC invocations=2028 (full 4):
 def new generation   total 2918976K, used 104400K [0x00007f8af4600000, 0x00007f8bba540000, 0x00007f9049b50000)
  eden space 2594688K,   0% used [0x00007f8af4600000, 0x00007f8af4600000, 0x00007f8b92be0000)
  from space 324288K,  32% used [0x00007f8b92be0000, 0x00007f8b991d42a8, 0x00007f8ba6890000)
  to   space 324288K,   0% used [0x00007f8ba6890000, 0x00007f8ba6890000, 0x00007f8bba540000)
 tenured generation   total 6486452K, used 6482514K [0x00007f9049b50000, 0x00007f91d59bd000, 0x00007f9af4600000)
   the space 6486452K,  99% used [0x00007f9049b50000, 0x00007f91d55e4b50, 0x00007f91d55e4c00, 0x00007f91d59bd000)
 Metaspace       used 24277K, capacity 24710K, committed 24832K, reserved 26624K
}
Event: 2471.489 GC heap before
{Heap before GC invocations=2028 (full 4):
 def new generation   total 2918976K, used 2699088K [0x00007f8af4600000, 0x00007f8bba540000, 0x00007f9049b50000)
  eden space 2594688K, 100% used [0x00007f8af4600000, 0x00007f8b92be0000, 0x00007f8b92be0000)
  from space 324288K,  32% used [0x00007f8b92be0000, 0x00007f8b991d42a8, 0x00007f8ba6890000)
  to   space 324288K,   0% used [0x00007f8ba6890000, 0x00007f8ba6890000, 0x00007f8bba540000)
 tenured generation   total 6486452K, used 6482514K [0x00007f9049b50000, 0x00007f91d59bd000, 0x00007f9af4600000)
   the space 6486452K,  99% used [0x00007f9049b50000, 0x00007f91d55e4b50, 0x00007f91d55e4c00, 0x00007f91d59bd000)
 Metaspace       used 24277K, capacity 24710K, committed 24832K, reserved 26624K
}
Event: 2471.686 GC heap after
{Heap after GC invocations=2029 (full 4):
 def new generation   total 2918976K, used 106326K [0x00007f8af4600000, 0x00007f8bba540000, 0x00007f9049b50000)
  eden space 2594688K,   0% used [0x00007f8af4600000, 0x00007f8af4600000, 0x00007f8b92be0000)
  from space 324288K,  32% used [0x00007f8ba6890000, 0x00007f8bad065870, 0x00007f8bba540000)
  to   space 324288K,   0% used [0x00007f8b92be0000, 0x00007f8b92be0000, 0x00007f8ba6890000)
 tenured generation   total 6488564K, used 6488418K [0x00007f9049b50000, 0x00007f91d5bcd000, 0x00007f9af4600000)
   the space 6488564K,  99% used [0x00007f9049b50000, 0x00007f91d5ba89b0, 0x00007f91d5ba8a00, 0x00007f91d5bcd000)
 Metaspace       used 24277K, capacity 24710K, committed 24832K, reserved 26624K
}
Event: 2471.686 GC heap before
{Heap before GC invocations=2029 (full 4):
 def new generation   total 2918976K, used 106326K [0x00007f8af4600000, 0x00007f8bba540000, 0x00007f9049b50000)
  eden space 2594688K,   0% used [0x00007f8af4600000, 0x00007f8af4600000, 0x00007f8b92be0000)
  from space 324288K,  32% used [0x00007f8ba6890000, 0x00007f8bad065870, 0x00007f8bba540000)
  to   space 324288K,   0% used [0x00007f8b92be0000, 0x00007f8b92be0000, 0x00007f8ba6890000)
 tenured generation   total 6488564K, used 6488418K [0x00007f9049b50000, 0x00007f91d5bcd000, 0x00007f9af4600000)
   the space 6488564K,  99% used [0x00007f9049b50000, 0x00007f91d5ba89b0, 0x00007f91d5ba8a00, 0x00007f91d5bcd000)
 Metaspace       used 24277K, capacity 24710K, committed 24832K, reserved 26624K
}

