# JRE version: OpenJDK Runtime Environment (13.0.7+5) (build 13.0.7+5-Ubuntu-0ubuntu120.04)
# Java VM: OpenJDK 64-Bit Server VM (13.0.7+5-Ubuntu-0ubuntu120.04, mixed mode, tiered, serial gc, linux-amd64)
Heap:
 def new generation   total 629248K, used 0K [0x00007f3920600000, 0x00007f394b0c0000, 0x00007f3e75b50000)
  eden space 559360K,   0% used [0x00007f3920600000, 0x00007f3920600000, 0x00007f3942840000)
  from space 69888K,   0% used [0x00007f3942840000, 0x00007f3942840000, 0x00007f3946c80000)
  to   space 69888K,   0% used [0x00007f3946c80000, 0x00007f3946c80000, 0x00007f394b0c0000)
 tenured generation   total 1398144K, used 298343K [0x00007f3e75b50000, 0x00007f3ecb0b0000, 0x00007f4920600000)
   the space 1398144K,  21% used [0x00007f3e75b50000, 0x00007f3e87ea9d18, 0x00007f3e87ea9e00, 0x00007f3ecb0b0000)
 Metaspace       used 30472K, capacity 30941K, committed 30976K, reserved 32768K
GC Heap History (20 events):
Event: 93.692 GC heap before
{Heap before GC invocations=196 (full 1):
 def new generation   total 629248K, used 562562K [0x00007f3920600000, 0x00007f394b0c0000, 0x00007f3e75b50000)
  eden space 559360K, 100% used [0x00007f3920600000, 0x00007f3942840000, 0x00007f3942840000)
  from space 69888K,   4% used [0x00007f3946c80000, 0x00007f3946fa0b60, 0x00007f394b0c0000)
  to   space 69888K,   0% used [0x00007f3942840000, 0x00007f3942840000, 0x00007f3946c80000)
 tenured generation   total 1398144K, used 32125K [0x00007f3e75b50000, 0x00007f3ecb0b0000, 0x00007f4920600000)
   the space 1398144K,   2% used [0x00007f3e75b50000, 0x00007f3e77aaf688, 0x00007f3e77aaf800, 0x00007f3ecb0b0000)
 Metaspace       used 30468K, capacity 30941K, committed 30976K, reserved 32768K
}
Event: 93.697 GC heap after
{Heap after GC invocations=197 (full 1):
 def new generation   total 629248K, used 3785K [0x00007f3920600000, 0x00007f394b0c0000, 0x00007f3e75b50000)
  eden space 559360K,   0% used [0x00007f3920600000, 0x00007f3920600000, 0x00007f3942840000)
  from space 69888K,   5% used [0x00007f3942840000, 0x00007f3942bf24f8, 0x00007f3946c80000)
  to   space 69888K,   0% used [0x00007f3946c80000, 0x00007f3946c80000, 0x00007f394b0c0000)
 tenured generation   total 1398144K, used 32125K [0x00007f3e75b50000, 0x00007f3ecb0b0000, 0x00007f4920600000)
   the space 1398144K,   2% used [0x00007f3e75b50000, 0x00007f3e77aaf688, 0x00007f3e77aaf800, 0x00007f3ecb0b0000)
 Metaspace       used 30468K, capacity 30941K, committed 30976K, reserved 32768K
}
Event: 93.979 GC heap before
{Heap before GC invocations=197 (full 1):
 def new generation   total 629248K, used 563145K [0x00007f3920600000, 0x00007f394b0c0000, 0x00007f3e75b50000)
  eden space 559360K, 100% used [0x00007f3920600000, 0x00007f3942840000, 0x00007f3942840000)
  from space 69888K,   5% used [0x00007f3942840000, 0x00007f3942bf24f8, 0x00007f3946c80000)
  to   space 69888K,   0% used [0x00007f3946c80000, 0x00007f3946c80000, 0x00007f394b0c0000)
 tenured generation   total 1398144K, used 32125K [0x00007f3e75b50000, 0x00007f3ecb0b0000, 0x00007f4920600000)
   the space 1398144K,   2% used [0x00007f3e75b50000, 0x00007f3e77aaf688, 0x00007f3e77aaf800, 0x00007f3ecb0b0000)
 Metaspace       used 30468K, capacity 30941K, committed 30976K, reserved 32768K
}
Event: 93.984 GC heap after
{Heap after GC invocations=198 (full 1):
 def new generation   total 629248K, used 4363K [0x00007f3920600000, 0x00007f394b0c0000, 0x00007f3e75b50000)
  eden space 559360K,   0% used [0x00007f3920600000, 0x00007f3920600000, 0x00007f3942840000)
  from space 69888K,   6% used [0x00007f3946c80000, 0x00007f39470c2dd0, 0x00007f394b0c0000)
  to   space 69888K,   0% used [0x00007f3942840000, 0x00007f3942840000, 0x00007f3946c80000)
 tenured generation   total 1398144K, used 32125K [0x00007f3e75b50000, 0x00007f3ecb0b0000, 0x00007f4920600000)
   the space 1398144K,   2% used [0x00007f3e75b50000, 0x00007f3e77aaf688, 0x00007f3e77aaf800, 0x00007f3ecb0b0000)
 Metaspace       used 30468K, capacity 30941K, committed 30976K, reserved 32768K
}
Event: 94.241 GC heap before
{Heap before GC invocations=198 (full 1):
 def new generation   total 629248K, used 563723K [0x00007f3920600000, 0x00007f394b0c0000, 0x00007f3e75b50000)
  eden space 559360K, 100% used [0x00007f3920600000, 0x00007f3942840000, 0x00007f3942840000)
  from space 69888K,   6% used [0x00007f3946c80000, 0x00007f39470c2dd0, 0x00007f394b0c0000)
  to   space 69888K,   0% used [0x00007f3942840000, 0x00007f3942840000, 0x00007f3946c80000)
 tenured generation   total 1398144K, used 32125K [0x00007f3e75b50000, 0x00007f3ecb0b0000, 0x00007f4920600000)
   the space 1398144K,   2% used [0x00007f3e75b50000, 0x00007f3e77aaf688, 0x00007f3e77aaf800, 0x00007f3ecb0b0000)
 Metaspace       used 30468K, capacity 30941K, committed 30976K, reserved 32768K
}
Event: 94.246 GC heap after
{Heap after GC invocations=199 (full 1):
 def new generation   total 629248K, used 4945K [0x00007f3920600000, 0x00007f394b0c0000, 0x00007f3e75b50000)
  eden space 559360K,   0% used [0x00007f3920600000, 0x00007f3920600000, 0x00007f3942840000)
  from space 69888K,   7% used [0x00007f3942840000, 0x00007f3942d14698, 0x00007f3946c80000)
  to   space 69888K,   0% used [0x00007f3946c80000, 0x00007f3946c80000, 0x00007f394b0c0000)
 tenured generation   total 1398144K, used 32125K [0x00007f3e75b50000, 0x00007f3ecb0b0000, 0x00007f4920600000)
   the space 1398144K,   2% used [0x00007f3e75b50000, 0x00007f3e77aaf688, 0x00007f3e77aaf800, 0x00007f3ecb0b0000)
 Metaspace       used 30468K, capacity 30941K, committed 30976K, reserved 32768K
}
Event: 94.487 GC heap before
{Heap before GC invocations=199 (full 1):
 def new generation   total 629248K, used 564305K [0x00007f3920600000, 0x00007f394b0c0000, 0x00007f3e75b50000)
  eden space 559360K, 100% used [0x00007f3920600000, 0x00007f3942840000, 0x00007f3942840000)
  from space 69888K,   7% used [0x00007f3942840000, 0x00007f3942d14698, 0x00007f3946c80000)
  to   space 69888K,   0% used [0x00007f3946c80000, 0x00007f3946c80000, 0x00007f394b0c0000)
 tenured generation   total 1398144K, used 32125K [0x00007f3e75b50000, 0x00007f3ecb0b0000, 0x00007f4920600000)
   the space 1398144K,   2% used [0x00007f3e75b50000, 0x00007f3e77aaf688, 0x00007f3e77aaf800, 0x00007f3ecb0b0000)
 Metaspace       used 30468K, capacity 30941K, committed 30976K, reserved 32768K
}
Event: 94.492 GC heap after
{Heap after GC invocations=200 (full 1):
 def new generation   total 629248K, used 5427K [0x00007f3920600000, 0x00007f394b0c0000, 0x00007f3e75b50000)
  eden space 559360K,   0% used [0x00007f3920600000, 0x00007f3920600000, 0x00007f3942840000)
  from space 69888K,   7% used [0x00007f3946c80000, 0x00007f39471cce78, 0x00007f394b0c0000)
  to   space 69888K,   0% used [0x00007f3942840000, 0x00007f3942840000, 0x00007f3946c80000)
 tenured generation   total 1398144K, used 32221K [0x00007f3e75b50000, 0x00007f3ecb0b0000, 0x00007f4920600000)
   the space 1398144K,   2% used [0x00007f3e75b50000, 0x00007f3e77ac7628, 0x00007f3e77ac7800, 0x00007f3ecb0b0000)
 Metaspace       used 30468K, capacity 30941K, committed 30976K, reserved 32768K
}
Event: 94.815 GC heap before
{Heap before GC invocations=200 (full 1):
 def new generation   total 629248K, used 544220K [0x00007f3920600000, 0x00007f394b0c0000, 0x00007f3e75b50000)
  eden space 559360K,  96% used [0x00007f3920600000, 0x00007f394142a350, 0x00007f3942840000)
  from space 69888K,   7% used [0x00007f3946c80000, 0x00007f39471cce78, 0x00007f394b0c0000)
  to   space 69888K,   0% used [0x00007f3942840000, 0x00007f3942840000, 0x00007f3946c80000)
 tenured generation   total 1398144K, used 32221K [0x00007f3e75b50000, 0x00007f3ecb0b0000, 0x00007f4920600000)
   the space 1398144K,   2% used [0x00007f3e75b50000, 0x00007f3e77ac7628, 0x00007f3e77ac7800, 0x00007f3ecb0b0000)
 Metaspace       used 30468K, capacity 30941K, committed 30976K, reserved 32768K
}
Event: 94.847 GC heap after
{Heap after GC invocations=201 (full 1):
 def new generation   total 629248K, used 68645K [0x00007f3920600000, 0x00007f394b0c0000, 0x00007f3e75b50000)
  eden space 559360K,   0% used [0x00007f3920600000, 0x00007f3920600000, 0x00007f3942840000)
  from space 69888K,  98% used [0x00007f3942840000, 0x00007f3946b497a0, 0x00007f3946c80000)
  to   space 69888K,   0% used [0x00007f3946c80000, 0x00007f3946c80000, 0x00007f394b0c0000)
 tenured generation   total 1398144K, used 32221K [0x00007f3e75b50000, 0x00007f3ecb0b0000, 0x00007f4920600000)
   the space 1398144K,   2% used [0x00007f3e75b50000, 0x00007f3e77ac7628, 0x00007f3e77ac7800, 0x00007f3ecb0b0000)
 Metaspace       used 30468K, capacity 30941K, committed 30976K, reserved 32768K
}
Event: 95.382 GC heap before
{Heap before GC invocations=201 (full 1):
 def new generation   total 629248K, used 628005K [0x00007f3920600000, 0x00007f394b0c0000, 0x00007f3e75b50000)
  eden space 559360K, 100% used [0x00007f3920600000, 0x00007f3942840000, 0x00007f3942840000)
  from space 69888K,  98% used [0x00007f3942840000, 0x00007f3946b497a0, 0x00007f3946c80000)
  to   space 69888K,   0% used [0x00007f3946c80000, 0x00007f3946c80000, 0x00007f394b0c0000)
 tenured generation   total 1398144K, used 32221K [0x00007f3e75b50000, 0x00007f3ecb0b0000, 0x00007f4920600000)
   the space 1398144K,   2% used [0x00007f3e75b50000, 0x00007f3e77ac7628, 0x00007f3e77ac7800, 0x00007f3ecb0b0000)
 Metaspace       used 30468K, capacity 30941K, committed 30976K, reserved 32768K
}
Event: 95.386 GC heap after
{Heap after GC invocations=202 (full 1):
 def new generation   total 629248K, used 442K [0x00007f3920600000, 0x00007f394b0c0000, 0x00007f3e75b50000)
  eden space 559360K,   0% used [0x00007f3920600000, 0x00007f3920600000, 0x00007f3942840000)
  from space 69888K,   0% used [0x00007f3946c80000, 0x00007f3946cee908, 0x00007f394b0c0000)
  to   space 69888K,   0% used [0x00007f3942840000, 0x00007f3942840000, 0x00007f3946c80000)
 tenured generation   total 1398144K, used 35272K [0x00007f3e75b50000, 0x00007f3ecb0b0000, 0x00007f4920600000)
   the space 1398144K,   2% used [0x00007f3e75b50000, 0x00007f3e77dc2160, 0x00007f3e77dc2200, 0x00007f3ecb0b0000)
 Metaspace       used 30468K, capacity 30941K, committed 30976K, reserved 32768K
}
Event: 95.910 GC heap before
{Heap before GC invocations=202 (full 1):
 def new generation   total 629248K, used 559802K [0x00007f3920600000, 0x00007f394b0c0000, 0x00007f3e75b50000)
  eden space 559360K, 100% used [0x00007f3920600000, 0x00007f3942840000, 0x00007f3942840000)
  from space 69888K,   0% used [0x00007f3946c80000, 0x00007f3946cee908, 0x00007f394b0c0000)
  to   space 69888K,   0% used [0x00007f3942840000, 0x00007f3942840000, 0x00007f3946c80000)
 tenured generation   total 1398144K, used 35272K [0x00007f3e75b50000, 0x00007f3ecb0b0000, 0x00007f4920600000)
   the space 1398144K,   2% used [0x00007f3e75b50000, 0x00007f3e77dc2160, 0x00007f3e77dc2200, 0x00007f3ecb0b0000)
 Metaspace       used 30470K, capacity 30941K, committed 30976K, reserved 32768K
}
Event: 95.911 GC heap after
{Heap after GC invocations=203 (full 1):
 def new generation   total 629248K, used 565K [0x00007f3920600000, 0x00007f394b0c0000, 0x00007f3e75b50000)
  eden space 559360K,   0% used [0x00007f3920600000, 0x00007f3920600000, 0x00007f3942840000)
  from space 69888K,   0% used [0x00007f3942840000, 0x00007f39428cd468, 0x00007f3946c80000)
  to   space 69888K,   0% used [0x00007f3946c80000, 0x00007f3946c80000, 0x00007f394b0c0000)
 tenured generation   total 1398144K, used 35272K [0x00007f3e75b50000, 0x00007f3ecb0b0000, 0x00007f4920600000)
   the space 1398144K,   2% used [0x00007f3e75b50000, 0x00007f3e77dc2160, 0x00007f3e77dc2200, 0x00007f3ecb0b0000)
 Metaspace       used 30470K, capacity 30941K, committed 30976K, reserved 32768K
}
Event: 96.413 GC heap before
{Heap before GC invocations=203 (full 1):
 def new generation   total 629248K, used 559795K [0x00007f3920600000, 0x00007f394b0c0000, 0x00007f3e75b50000)
  eden space 559360K,  99% used [0x00007f3920600000, 0x00007f394281f7f8, 0x00007f3942840000)
  from space 69888K,   0% used [0x00007f3942840000, 0x00007f39428cd468, 0x00007f3946c80000)
  to   space 69888K,   0% used [0x00007f3946c80000, 0x00007f3946c80000, 0x00007f394b0c0000)
 tenured generation   total 1398144K, used 35272K [0x00007f3e75b50000, 0x00007f3ecb0b0000, 0x00007f4920600000)
   the space 1398144K,   2% used [0x00007f3e75b50000, 0x00007f3e77dc2160, 0x00007f3e77dc2200, 0x00007f3ecb0b0000)
 Metaspace       used 30472K, capacity 30941K, committed 30976K, reserved 32768K
}
Event: 96.425 GC heap after
{Heap after GC invocations=204 (full 1):
 def new generation   total 629248K, used 17306K [0x00007f3920600000, 0x00007f394b0c0000, 0x00007f3e75b50000)
  eden space 559360K,   0% used [0x00007f3920600000, 0x00007f3920600000, 0x00007f3942840000)
  from space 69888K,  24% used [0x00007f3946c80000, 0x00007f3947d66b58, 0x00007f394b0c0000)
  to   space 69888K,   0% used [0x00007f3942840000, 0x00007f3942840000, 0x00007f3946c80000)
 tenured generation   total 1398144K, used 35272K [0x00007f3e75b50000, 0x00007f3ecb0b0000, 0x00007f4920600000)
   the space 1398144K,   2% used [0x00007f3e75b50000, 0x00007f3e77dc2160, 0x00007f3e77dc2200, 0x00007f3ecb0b0000)
 Metaspace       used 30472K, capacity 30941K, committed 30976K, reserved 32768K
}
Event: 97.016 GC heap before
{Heap before GC invocations=204 (full 1):
 def new generation   total 629248K, used 560869K [0x00007f3920600000, 0x00007f394b0c0000, 0x00007f3e75b50000)
  eden space 559360K,  97% used [0x00007f3920600000, 0x00007f39418d2c60, 0x00007f3942840000)
  from space 69888K,  24% used [0x00007f3946c80000, 0x00007f3947d66b58, 0x00007f394b0c0000)
  to   space 69888K,   0% used [0x00007f3942840000, 0x00007f3942840000, 0x00007f3946c80000)
 tenured generation   total 1398144K, used 35272K [0x00007f3e75b50000, 0x00007f3ecb0b0000, 0x00007f4920600000)
   the space 1398144K,   2% used [0x00007f3e75b50000, 0x00007f3e77dc2160, 0x00007f3e77dc2200, 0x00007f3ecb0b0000)
 Metaspace       used 30472K, capacity 30941K, committed 30976K, reserved 32768K
}
Event: 97.268 GC heap after
{Heap after GC invocations=205 (full 1):
 def new generation   total 629248K, used 926K [0x00007f3920600000, 0x00007f394b0c0000, 0x00007f3e75b50000)
  eden space 559360K,   0% used [0x00007f3920600000, 0x00007f3920600000, 0x00007f3942840000)
  from space 69888K,   1% used [0x00007f3942840000, 0x00007f3942927b88, 0x00007f3946c80000)
  to   space 69888K,   0% used [0x00007f3946c80000, 0x00007f3946c80000, 0x00007f394b0c0000)
 tenured generation   total 1398144K, used 297416K [0x00007f3e75b50000, 0x00007f3ecb0b0000, 0x00007f4920600000)
   the space 1398144K,  21% used [0x00007f3e75b50000, 0x00007f3e87dc2190, 0x00007f3e87dc2200, 0x00007f3ecb0b0000)
 Metaspace       used 30472K, capacity 30941K, committed 30976K, reserved 32768K
}
Event: 97.268 GC heap before
{Heap before GC invocations=205 (full 1):
 def new generation   total 629248K, used 926K [0x00007f3920600000, 0x00007f394b0c0000, 0x00007f3e75b50000)
  eden space 559360K,   0% used [0x00007f3920600000, 0x00007f3920600000, 0x00007f3942840000)
  from space 69888K,   1% used [0x00007f3942840000, 0x00007f3942927b88, 0x00007f3946c80000)
  to   space 69888K,   0% used [0x00007f3946c80000, 0x00007f3946c80000, 0x00007f394b0c0000)
 tenured generation   total 1398144K, used 297416K [0x00007f3e75b50000, 0x00007f3ecb0b0000, 0x00007f4920600000)
   the space 1398144K,  21% used [0x00007f3e75b50000, 0x00007f3e87dc2190, 0x00007f3e87dc2200, 0x00007f3ecb0b0000)
 Metaspace       used 30472K, capacity 30941K, committed 30976K, reserved 32768K
}
Event: 97.367 GC heap after
{Heap after GC invocations=205 (full 2):
 def new generation   total 629248K, used 0K [0x00007f3920600000, 0x00007f394b0c0000, 0x00007f3e75b50000)
  eden space 559360K,   0% used [0x00007f3920600000, 0x00007f3920600000, 0x00007f3942840000)
  from space 69888K,   0% used [0x00007f3942840000, 0x00007f3942840000, 0x00007f3946c80000)
  to   space 69888K,   0% used [0x00007f3946c80000, 0x00007f3946c80000, 0x00007f394b0c0000)
 tenured generation   total 1398144K, used 298343K [0x00007f3e75b50000, 0x00007f3ecb0b0000, 0x00007f4920600000)
   the space 1398144K,  21% used [0x00007f3e75b50000, 0x00007f3e87ea9d18, 0x00007f3e87ea9e00, 0x00007f3ecb0b0000)
 Metaspace       used 30472K, capacity 30941K, committed 30976K, reserved 32768K
}

