# JRE version: OpenJDK Runtime Environment (13.0.7+5) (build 13.0.7+5-Ubuntu-0ubuntu120.04)
# Java VM: OpenJDK 64-Bit Server VM (13.0.7+5-Ubuntu-0ubuntu120.04, mixed mode, tiered, serial gc, linux-amd64)
Heap:
 def new generation   total 2891328K, used 4269K [0x00007ef618600000, 0x00007ef6dc740000, 0x00007efb6db50000)
  eden space 2570112K,   0% used [0x00007ef618600000, 0x00007ef618a2b748, 0x00007ef6b53e0000)
  from space 321216K,   0% used [0x00007ef6c8d90000, 0x00007ef6c8d90000, 0x00007ef6dc740000)
  to   space 321216K,   0% used [0x00007ef6b53e0000, 0x00007ef6b53e0000, 0x00007ef6c8d90000)
 tenured generation   total 6425176K, used 6425175K [0x00007efb6db50000, 0x00007efcf5de6000, 0x00007f0618600000)
   the space 6425176K,  99% used [0x00007efb6db50000, 0x00007efcf5de5ff8, 0x00007efcf5de6000, 0x00007efcf5de6000)
 Metaspace       used 24378K, capacity 24759K, committed 24832K, reserved 26624K
GC Heap History (20 events):
Event: 28269.109 GC heap after
{Heap after GC invocations=42647 (full 4):
 def new generation   total 2891328K, used 5564K [0x00007ef618600000, 0x00007ef6dc740000, 0x00007efb6db50000)
  eden space 2570112K,   0% used [0x00007ef618600000, 0x00007ef618600000, 0x00007ef6b53e0000)
  from space 321216K,   1% used [0x00007ef6b53e0000, 0x00007ef6b594f378, 0x00007ef6c8d90000)
  to   space 321216K,   0% used [0x00007ef6c8d90000, 0x00007ef6c8d90000, 0x00007ef6dc740000)
 tenured generation   total 6424984K, used 6421339K [0x00007efb6db50000, 0x00007efcf5db6000, 0x00007f0618600000)
   the space 6424984K,  99% used [0x00007efb6db50000, 0x00007efcf5a26fd8, 0x00007efcf5a27000, 0x00007efcf5db6000)
 Metaspace       used 24378K, capacity 24759K, committed 24832K, reserved 26624K
}
Event: 28270.570 GC heap before
{Heap before GC invocations=42647 (full 4):
 def new generation   total 2891328K, used 2575676K [0x00007ef618600000, 0x00007ef6dc740000, 0x00007efb6db50000)
  eden space 2570112K, 100% used [0x00007ef618600000, 0x00007ef6b53e0000, 0x00007ef6b53e0000)
  from space 321216K,   1% used [0x00007ef6b53e0000, 0x00007ef6b594f378, 0x00007ef6c8d90000)
  to   space 321216K,   0% used [0x00007ef6c8d90000, 0x00007ef6c8d90000, 0x00007ef6dc740000)
 tenured generation   total 6424984K, used 6421339K [0x00007efb6db50000, 0x00007efcf5db6000, 0x00007f0618600000)
   the space 6424984K,  99% used [0x00007efb6db50000, 0x00007efcf5a26fd8, 0x00007efcf5a27000, 0x00007efcf5db6000)
 Metaspace       used 24378K, capacity 24759K, committed 24832K, reserved 26624K
}
Event: 28270.581 GC heap after
{Heap after GC invocations=42648 (full 4):
 def new generation   total 2891328K, used 5576K [0x00007ef618600000, 0x00007ef6dc740000, 0x00007efb6db50000)
  eden space 2570112K,   0% used [0x00007ef618600000, 0x00007ef618600000, 0x00007ef6b53e0000)
  from space 321216K,   1% used [0x00007ef6c8d90000, 0x00007ef6c93023b0, 0x00007ef6dc740000)
  to   space 321216K,   0% used [0x00007ef6b53e0000, 0x00007ef6b53e0000, 0x00007ef6c8d90000)
 tenured generation   total 6424984K, used 6421614K [0x00007efb6db50000, 0x00007efcf5db6000, 0x00007f0618600000)
   the space 6424984K,  99% used [0x00007efb6db50000, 0x00007efcf5a6ba98, 0x00007efcf5a6bc00, 0x00007efcf5db6000)
 Metaspace       used 24378K, capacity 24759K, committed 24832K, reserved 26624K
}
Event: 28272.065 GC heap before
{Heap before GC invocations=42648 (full 4):
 def new generation   total 2891328K, used 2575688K [0x00007ef618600000, 0x00007ef6dc740000, 0x00007efb6db50000)
  eden space 2570112K, 100% used [0x00007ef618600000, 0x00007ef6b53e0000, 0x00007ef6b53e0000)
  from space 321216K,   1% used [0x00007ef6c8d90000, 0x00007ef6c93023b0, 0x00007ef6dc740000)
  to   space 321216K,   0% used [0x00007ef6b53e0000, 0x00007ef6b53e0000, 0x00007ef6c8d90000)
 tenured generation   total 6424984K, used 6421614K [0x00007efb6db50000, 0x00007efcf5db6000, 0x00007f0618600000)
   the space 6424984K,  99% used [0x00007efb6db50000, 0x00007efcf5a6ba98, 0x00007efcf5a6bc00, 0x00007efcf5db6000)
 Metaspace       used 24378K, capacity 24759K, committed 24832K, reserved 26624K
}
Event: 28272.076 GC heap after
{Heap after GC invocations=42649 (full 4):
 def new generation   total 2891328K, used 5521K [0x00007ef618600000, 0x00007ef6dc740000, 0x00007efb6db50000)
  eden space 2570112K,   0% used [0x00007ef618600000, 0x00007ef618600000, 0x00007ef6b53e0000)
  from space 321216K,   1% used [0x00007ef6b53e0000, 0x00007ef6b5944720, 0x00007ef6c8d90000)
  to   space 321216K,   0% used [0x00007ef6c8d90000, 0x00007ef6c8d90000, 0x00007ef6dc740000)
 tenured generation   total 6424984K, used 6421942K [0x00007efb6db50000, 0x00007efcf5db6000, 0x00007f0618600000)
   the space 6424984K,  99% used [0x00007efb6db50000, 0x00007efcf5abd898, 0x00007efcf5abda00, 0x00007efcf5db6000)
 Metaspace       used 24378K, capacity 24759K, committed 24832K, reserved 26624K
}
Event: 28273.565 GC heap before
{Heap before GC invocations=42649 (full 4):
 def new generation   total 2891328K, used 2575633K [0x00007ef618600000, 0x00007ef6dc740000, 0x00007efb6db50000)
  eden space 2570112K, 100% used [0x00007ef618600000, 0x00007ef6b53e0000, 0x00007ef6b53e0000)
  from space 321216K,   1% used [0x00007ef6b53e0000, 0x00007ef6b5944720, 0x00007ef6c8d90000)
  to   space 321216K,   0% used [0x00007ef6c8d90000, 0x00007ef6c8d90000, 0x00007ef6dc740000)
 tenured generation   total 6424984K, used 6421942K [0x00007efb6db50000, 0x00007efcf5db6000, 0x00007f0618600000)
   the space 6424984K,  99% used [0x00007efb6db50000, 0x00007efcf5abd898, 0x00007efcf5abda00, 0x00007efcf5db6000)
 Metaspace       used 24378K, capacity 24759K, committed 24832K, reserved 26624K
}
Event: 28273.576 GC heap after
{Heap after GC invocations=42650 (full 4):
 def new generation   total 2891328K, used 5459K [0x00007ef618600000, 0x00007ef6dc740000, 0x00007efb6db50000)
  eden space 2570112K,   0% used [0x00007ef618600000, 0x00007ef618600000, 0x00007ef6b53e0000)
  from space 321216K,   1% used [0x00007ef6c8d90000, 0x00007ef6c92e4dc8, 0x00007ef6dc740000)
  to   space 321216K,   0% used [0x00007ef6b53e0000, 0x00007ef6b53e0000, 0x00007ef6c8d90000)
 tenured generation   total 6424984K, used 6422304K [0x00007efb6db50000, 0x00007efcf5db6000, 0x00007f0618600000)
   the space 6424984K,  99% used [0x00007efb6db50000, 0x00007efcf5b18298, 0x00007efcf5b18400, 0x00007efcf5db6000)
 Metaspace       used 24378K, capacity 24759K, committed 24832K, reserved 26624K
}
Event: 28274.977 GC heap before
{Heap before GC invocations=42650 (full 4):
 def new generation   total 2891328K, used 2575571K [0x00007ef618600000, 0x00007ef6dc740000, 0x00007efb6db50000)
  eden space 2570112K, 100% used [0x00007ef618600000, 0x00007ef6b53e0000, 0x00007ef6b53e0000)
  from space 321216K,   1% used [0x00007ef6c8d90000, 0x00007ef6c92e4dc8, 0x00007ef6dc740000)
  to   space 321216K,   0% used [0x00007ef6b53e0000, 0x00007ef6b53e0000, 0x00007ef6c8d90000)
 tenured generation   total 6424984K, used 6422304K [0x00007efb6db50000, 0x00007efcf5db6000, 0x00007f0618600000)
   the space 6424984K,  99% used [0x00007efb6db50000, 0x00007efcf5b18298, 0x00007efcf5b18400, 0x00007efcf5db6000)
 Metaspace       used 24378K, capacity 24759K, committed 24832K, reserved 26624K
}
Event: 28274.989 GC heap after
{Heap after GC invocations=42651 (full 4):
 def new generation   total 2891328K, used 5362K [0x00007ef618600000, 0x00007ef6dc740000, 0x00007efb6db50000)
  eden space 2570112K,   0% used [0x00007ef618600000, 0x00007ef618600000, 0x00007ef6b53e0000)
  from space 321216K,   1% used [0x00007ef6b53e0000, 0x00007ef6b591ca40, 0x00007ef6c8d90000)
  to   space 321216K,   0% used [0x00007ef6c8d90000, 0x00007ef6c8d90000, 0x00007ef6dc740000)
 tenured generation   total 6424984K, used 6422667K [0x00007efb6db50000, 0x00007efcf5db6000, 0x00007f0618600000)
   the space 6424984K,  99% used [0x00007efb6db50000, 0x00007efcf5b72c98, 0x00007efcf5b72e00, 0x00007efcf5db6000)
 Metaspace       used 24378K, capacity 24759K, committed 24832K, reserved 26624K
}
Event: 28276.382 GC heap before
{Heap before GC invocations=42651 (full 4):
 def new generation   total 2891328K, used 2575474K [0x00007ef618600000, 0x00007ef6dc740000, 0x00007efb6db50000)
  eden space 2570112K, 100% used [0x00007ef618600000, 0x00007ef6b53e0000, 0x00007ef6b53e0000)
  from space 321216K,   1% used [0x00007ef6b53e0000, 0x00007ef6b591ca40, 0x00007ef6c8d90000)
  to   space 321216K,   0% used [0x00007ef6c8d90000, 0x00007ef6c8d90000, 0x00007ef6dc740000)
 tenured generation   total 6424984K, used 6422667K [0x00007efb6db50000, 0x00007efcf5db6000, 0x00007f0618600000)
   the space 6424984K,  99% used [0x00007efb6db50000, 0x00007efcf5b72c98, 0x00007efcf5b72e00, 0x00007efcf5db6000)
 Metaspace       used 24378K, capacity 24759K, committed 24832K, reserved 26624K
}
Event: 28276.395 GC heap after
{Heap after GC invocations=42652 (full 4):
 def new generation   total 2891328K, used 5192K [0x00007ef618600000, 0x00007ef6dc740000, 0x00007efb6db50000)
  eden space 2570112K,   0% used [0x00007ef618600000, 0x00007ef618600000, 0x00007ef6b53e0000)
  from space 321216K,   1% used [0x00007ef6c8d90000, 0x00007ef6c92a2128, 0x00007ef6dc740000)
  to   space 321216K,   0% used [0x00007ef6b53e0000, 0x00007ef6b53e0000, 0x00007ef6c8d90000)
 tenured generation   total 6424984K, used 6423139K [0x00007efb6db50000, 0x00007efcf5db6000, 0x00007f0618600000)
   the space 6424984K,  99% used [0x00007efb6db50000, 0x00007efcf5be8d60, 0x00007efcf5be8e00, 0x00007efcf5db6000)
 Metaspace       used 24378K, capacity 24759K, committed 24832K, reserved 26624K
}
Event: 28277.809 GC heap before
{Heap before GC invocations=42652 (full 4):
 def new generation   total 2891328K, used 2575304K [0x00007ef618600000, 0x00007ef6dc740000, 0x00007efb6db50000)
  eden space 2570112K, 100% used [0x00007ef618600000, 0x00007ef6b53e0000, 0x00007ef6b53e0000)
  from space 321216K,   1% used [0x00007ef6c8d90000, 0x00007ef6c92a2128, 0x00007ef6dc740000)
  to   space 321216K,   0% used [0x00007ef6b53e0000, 0x00007ef6b53e0000, 0x00007ef6c8d90000)
 tenured generation   total 6424984K, used 6423139K [0x00007efb6db50000, 0x00007efcf5db6000, 0x00007f0618600000)
   the space 6424984K,  99% used [0x00007efb6db50000, 0x00007efcf5be8d60, 0x00007efcf5be8e00, 0x00007efcf5db6000)
 Metaspace       used 24378K, capacity 24759K, committed 24832K, reserved 26624K
}
Event: 28277.820 GC heap after
{Heap after GC invocations=42653 (full 4):
 def new generation   total 2891328K, used 4992K [0x00007ef618600000, 0x00007ef6dc740000, 0x00007efb6db50000)
  eden space 2570112K,   0% used [0x00007ef618600000, 0x00007ef618600000, 0x00007ef6b53e0000)
  from space 321216K,   1% used [0x00007ef6b53e0000, 0x00007ef6b58c0020, 0x00007ef6c8d90000)
  to   space 321216K,   0% used [0x00007ef6c8d90000, 0x00007ef6c8d90000, 0x00007ef6dc740000)
 tenured generation   total 6424984K, used 6423625K [0x00007efb6db50000, 0x00007efcf5db6000, 0x00007f0618600000)
   the space 6424984K,  99% used [0x00007efb6db50000, 0x00007efcf5c62560, 0x00007efcf5c62600, 0x00007efcf5db6000)
 Metaspace       used 24378K, capacity 24759K, committed 24832K, reserved 26624K
}
Event: 28279.228 GC heap before
{Heap before GC invocations=42653 (full 4):
 def new generation   total 2891328K, used 2575104K [0x00007ef618600000, 0x00007ef6dc740000, 0x00007efb6db50000)
  eden space 2570112K, 100% used [0x00007ef618600000, 0x00007ef6b53e0000, 0x00007ef6b53e0000)
  from space 321216K,   1% used [0x00007ef6b53e0000, 0x00007ef6b58c0020, 0x00007ef6c8d90000)
  to   space 321216K,   0% used [0x00007ef6c8d90000, 0x00007ef6c8d90000, 0x00007ef6dc740000)
 tenured generation   total 6424984K, used 6423625K [0x00007efb6db50000, 0x00007efcf5db6000, 0x00007f0618600000)
   the space 6424984K,  99% used [0x00007efb6db50000, 0x00007efcf5c62560, 0x00007efcf5c62600, 0x00007efcf5db6000)
 Metaspace       used 24378K, capacity 24759K, committed 24832K, reserved 26624K
}
Event: 28279.238 GC heap after
{Heap after GC invocations=42654 (full 4):
 def new generation   total 2891328K, used 4778K [0x00007ef618600000, 0x00007ef6dc740000, 0x00007efb6db50000)
  eden space 2570112K,   0% used [0x00007ef618600000, 0x00007ef618600000, 0x00007ef6b53e0000)
  from space 321216K,   1% used [0x00007ef6c8d90000, 0x00007ef6c923ab20, 0x00007ef6dc740000)
  to   space 321216K,   0% used [0x00007ef6b53e0000, 0x00007ef6b53e0000, 0x00007ef6c8d90000)
 tenured generation   total 6424984K, used 6424110K [0x00007efb6db50000, 0x00007efcf5db6000, 0x00007f0618600000)
   the space 6424984K,  99% used [0x00007efb6db50000, 0x00007efcf5cdbbb0, 0x00007efcf5cdbc00, 0x00007efcf5db6000)
 Metaspace       used 24378K, capacity 24759K, committed 24832K, reserved 26624K
}
Event: 28280.662 GC heap before
{Heap before GC invocations=42654 (full 4):
 def new generation   total 2891328K, used 2574890K [0x00007ef618600000, 0x00007ef6dc740000, 0x00007efb6db50000)
  eden space 2570112K, 100% used [0x00007ef618600000, 0x00007ef6b53e0000, 0x00007ef6b53e0000)
  from space 321216K,   1% used [0x00007ef6c8d90000, 0x00007ef6c923ab20, 0x00007ef6dc740000)
  to   space 321216K,   0% used [0x00007ef6b53e0000, 0x00007ef6b53e0000, 0x00007ef6c8d90000)
 tenured generation   total 6424984K, used 6424110K [0x00007efb6db50000, 0x00007efcf5db6000, 0x00007f0618600000)
   the space 6424984K,  99% used [0x00007efb6db50000, 0x00007efcf5cdbbb0, 0x00007efcf5cdbc00, 0x00007efcf5db6000)
 Metaspace       used 24378K, capacity 24759K, committed 24832K, reserved 26624K
}
Event: 28280.673 GC heap after
{Heap after GC invocations=42655 (full 4):
 def new generation   total 2891328K, used 4587K [0x00007ef618600000, 0x00007ef6dc740000, 0x00007efb6db50000)
  eden space 2570112K,   0% used [0x00007ef618600000, 0x00007ef618600000, 0x00007ef6b53e0000)
  from space 321216K,   1% used [0x00007ef6b53e0000, 0x00007ef6b585aed8, 0x00007ef6c8d90000)
  to   space 321216K,   0% used [0x00007ef6c8d90000, 0x00007ef6c8d90000, 0x00007ef6dc740000)
 tenured generation   total 6424984K, used 6424596K [0x00007efb6db50000, 0x00007efcf5db6000, 0x00007f0618600000)
   the space 6424984K,  99% used [0x00007efb6db50000, 0x00007efcf5d55200, 0x00007efcf5d55200, 0x00007efcf5db6000)
 Metaspace       used 24378K, capacity 24759K, committed 24832K, reserved 26624K
}
Event: 28282.064 GC heap before
{Heap before GC invocations=42655 (full 4):
 def new generation   total 2891328K, used 2574699K [0x00007ef618600000, 0x00007ef6dc740000, 0x00007efb6db50000)
  eden space 2570112K, 100% used [0x00007ef618600000, 0x00007ef6b53e0000, 0x00007ef6b53e0000)
  from space 321216K,   1% used [0x00007ef6b53e0000, 0x00007ef6b585aed8, 0x00007ef6c8d90000)
  to   space 321216K,   0% used [0x00007ef6c8d90000, 0x00007ef6c8d90000, 0x00007ef6dc740000)
 tenured generation   total 6424984K, used 6424596K [0x00007efb6db50000, 0x00007efcf5db6000, 0x00007f0618600000)
   the space 6424984K,  99% used [0x00007efb6db50000, 0x00007efcf5d55200, 0x00007efcf5d55200, 0x00007efcf5db6000)
 Metaspace       used 24378K, capacity 24759K, committed 24832K, reserved 26624K
}
Event: 28282.073 GC heap after
{Heap after GC invocations=42656 (full 4):
 def new generation   total 2891328K, used 4355K [0x00007ef618600000, 0x00007ef6dc740000, 0x00007efb6db50000)
  eden space 2570112K,   0% used [0x00007ef618600000, 0x00007ef618600000, 0x00007ef6b53e0000)
  from space 321216K,   1% used [0x00007ef6c8d90000, 0x00007ef6c91d0d88, 0x00007ef6dc740000)
  to   space 321216K,   0% used [0x00007ef6b53e0000, 0x00007ef6b53e0000, 0x00007ef6c8d90000)
 tenured generation   total 6425176K, used 6425099K [0x00007efb6db50000, 0x00007efcf5de6000, 0x00007f0618600000)
   the space 6425176K,  99% used [0x00007efb6db50000, 0x00007efcf5dd2e90, 0x00007efcf5dd3000, 0x00007efcf5de6000)
 Metaspace       used 24378K, capacity 24759K, committed 24832K, reserved 26624K
}
Event: 28282.073 GC heap before
{Heap before GC invocations=42656 (full 4):
 def new generation   total 2891328K, used 4355K [0x00007ef618600000, 0x00007ef6dc740000, 0x00007efb6db50000)
  eden space 2570112K,   0% used [0x00007ef618600000, 0x00007ef618600000, 0x00007ef6b53e0000)
  from space 321216K,   1% used [0x00007ef6c8d90000, 0x00007ef6c91d0d88, 0x00007ef6dc740000)
  to   space 321216K,   0% used [0x00007ef6b53e0000, 0x00007ef6b53e0000, 0x00007ef6c8d90000)
 tenured generation   total 6425176K, used 6425099K [0x00007efb6db50000, 0x00007efcf5de6000, 0x00007f0618600000)
   the space 6425176K,  99% used [0x00007efb6db50000, 0x00007efcf5dd2e90, 0x00007efcf5dd3000, 0x00007efcf5de6000)
 Metaspace       used 24378K, capacity 24759K, committed 24832K, reserved 26624K
}

