# JRE version: OpenJDK Runtime Environment (13.0.7+5) (build 13.0.7+5-Ubuntu-0ubuntu120.04)
# Java VM: OpenJDK 64-Bit Server VM (13.0.7+5-Ubuntu-0ubuntu120.04, mixed mode, tiered, serial gc, linux-amd64)
Heap:
 def new generation   total 1019072K, used 0K [0x00007f7288600000, 0x00007f72cd7c0000, 0x00007f7d330a0000)
  eden space 905856K,   0% used [0x00007f7288600000, 0x00007f7288600000, 0x00007f72bfaa0000)
  from space 113216K,   0% used [0x00007f72bfaa0000, 0x00007f72bfaa0000, 0x00007f72c6930000)
  to   space 113216K,   0% used [0x00007f72c6930000, 0x00007f72c6930000, 0x00007f72cd7c0000)
 tenured generation   total 2280904K, used 2274491K [0x00007f7d330a0000, 0x00007f7dbe412000, 0x00007f9288600000)
   the space 2280904K,  99% used [0x00007f7d330a0000, 0x00007f7dbddcee18, 0x00007f7dbddcf000, 0x00007f7dbe412000)
 Metaspace       used 24226K, capacity 24632K, committed 24832K, reserved 26624K
GC Heap History (20 events):
Event: 758.583 GC heap after
{Heap after GC invocations=1059 (full 4):
 def new generation   total 1019072K, used 50347K [0x00007f7288600000, 0x00007f72cd7c0000, 0x00007f7d330a0000)
  eden space 905856K,   0% used [0x00007f7288600000, 0x00007f7288600000, 0x00007f72bfaa0000)
  from space 113216K,  44% used [0x00007f72c6930000, 0x00007f72c9a5ae88, 0x00007f72cd7c0000)
  to   space 113216K,   0% used [0x00007f72bfaa0000, 0x00007f72bfaa0000, 0x00007f72c6930000)
 tenured generation   total 2264516K, used 2233861K [0x00007f7d330a0000, 0x00007f7dbd411000, 0x00007f9288600000)
   the space 2264516K,  98% used [0x00007f7d330a0000, 0x00007f7dbb6217b8, 0x00007f7dbb621800, 0x00007f7dbd411000)
 Metaspace       used 24226K, capacity 24632K, committed 24832K, reserved 26624K
}
Event: 759.310 GC heap before
{Heap before GC invocations=1059 (full 4):
 def new generation   total 1019072K, used 956203K [0x00007f7288600000, 0x00007f72cd7c0000, 0x00007f7d330a0000)
  eden space 905856K, 100% used [0x00007f7288600000, 0x00007f72bfaa0000, 0x00007f72bfaa0000)
  from space 113216K,  44% used [0x00007f72c6930000, 0x00007f72c9a5ae88, 0x00007f72cd7c0000)
  to   space 113216K,   0% used [0x00007f72bfaa0000, 0x00007f72bfaa0000, 0x00007f72c6930000)
 tenured generation   total 2264516K, used 2233861K [0x00007f7d330a0000, 0x00007f7dbd411000, 0x00007f9288600000)
   the space 2264516K,  98% used [0x00007f7d330a0000, 0x00007f7dbb6217b8, 0x00007f7dbb621800, 0x00007f7dbd411000)
 Metaspace       used 24226K, capacity 24632K, committed 24832K, reserved 26624K
}
Event: 759.349 GC heap after
{Heap after GC invocations=1060 (full 4):
 def new generation   total 1019072K, used 50355K [0x00007f7288600000, 0x00007f72cd7c0000, 0x00007f7d330a0000)
  eden space 905856K,   0% used [0x00007f7288600000, 0x00007f7288600000, 0x00007f72bfaa0000)
  from space 113216K,  44% used [0x00007f72bfaa0000, 0x00007f72c2bccf38, 0x00007f72c6930000)
  to   space 113216K,   0% used [0x00007f72c6930000, 0x00007f72c6930000, 0x00007f72cd7c0000)
 tenured generation   total 2264516K, used 2233861K [0x00007f7d330a0000, 0x00007f7dbd411000, 0x00007f9288600000)
   the space 2264516K,  98% used [0x00007f7d330a0000, 0x00007f7dbb6217b8, 0x00007f7dbb621800, 0x00007f7dbd411000)
 Metaspace       used 24226K, capacity 24632K, committed 24832K, reserved 26624K
}
Event: 760.403 GC heap before
{Heap before GC invocations=1060 (full 4):
 def new generation   total 1019072K, used 956211K [0x00007f7288600000, 0x00007f72cd7c0000, 0x00007f7d330a0000)
  eden space 905856K, 100% used [0x00007f7288600000, 0x00007f72bfaa0000, 0x00007f72bfaa0000)
  from space 113216K,  44% used [0x00007f72bfaa0000, 0x00007f72c2bccf38, 0x00007f72c6930000)
  to   space 113216K,   0% used [0x00007f72c6930000, 0x00007f72c6930000, 0x00007f72cd7c0000)
 tenured generation   total 2264516K, used 2233861K [0x00007f7d330a0000, 0x00007f7dbd411000, 0x00007f9288600000)
   the space 2264516K,  98% used [0x00007f7d330a0000, 0x00007f7dbb6217b8, 0x00007f7dbb621800, 0x00007f7dbd411000)
 Metaspace       used 24226K, capacity 24632K, committed 24832K, reserved 26624K
}
Event: 760.443 GC heap after
{Heap after GC invocations=1061 (full 4):
 def new generation   total 1019072K, used 56526K [0x00007f7288600000, 0x00007f72cd7c0000, 0x00007f7d330a0000)
  eden space 905856K,   0% used [0x00007f7288600000, 0x00007f7288600000, 0x00007f72bfaa0000)
  from space 113216K,  49% used [0x00007f72c6930000, 0x00007f72ca063bd0, 0x00007f72cd7c0000)
  to   space 113216K,   0% used [0x00007f72bfaa0000, 0x00007f72bfaa0000, 0x00007f72c6930000)
 tenured generation   total 2264516K, used 2233861K [0x00007f7d330a0000, 0x00007f7dbd411000, 0x00007f9288600000)
   the space 2264516K,  98% used [0x00007f7d330a0000, 0x00007f7dbb6217b8, 0x00007f7dbb621800, 0x00007f7dbd411000)
 Metaspace       used 24226K, capacity 24632K, committed 24832K, reserved 26624K
}
Event: 761.473 GC heap before
{Heap before GC invocations=1061 (full 4):
 def new generation   total 1019072K, used 962382K [0x00007f7288600000, 0x00007f72cd7c0000, 0x00007f7d330a0000)
  eden space 905856K, 100% used [0x00007f7288600000, 0x00007f72bfaa0000, 0x00007f72bfaa0000)
  from space 113216K,  49% used [0x00007f72c6930000, 0x00007f72ca063bd0, 0x00007f72cd7c0000)
  to   space 113216K,   0% used [0x00007f72bfaa0000, 0x00007f72bfaa0000, 0x00007f72c6930000)
 tenured generation   total 2264516K, used 2233861K [0x00007f7d330a0000, 0x00007f7dbd411000, 0x00007f9288600000)
   the space 2264516K,  98% used [0x00007f7d330a0000, 0x00007f7dbb6217b8, 0x00007f7dbb621800, 0x00007f7dbd411000)
 Metaspace       used 24226K, capacity 24632K, committed 24832K, reserved 26624K
}
Event: 761.510 GC heap after
{Heap after GC invocations=1062 (full 4):
 def new generation   total 1019072K, used 61658K [0x00007f7288600000, 0x00007f72cd7c0000, 0x00007f7d330a0000)
  eden space 905856K,   0% used [0x00007f7288600000, 0x00007f7288600000, 0x00007f72bfaa0000)
  from space 113216K,  54% used [0x00007f72bfaa0000, 0x00007f72c36d6888, 0x00007f72c6930000)
  to   space 113216K,   0% used [0x00007f72c6930000, 0x00007f72c6930000, 0x00007f72cd7c0000)
 tenured generation   total 2264516K, used 2233861K [0x00007f7d330a0000, 0x00007f7dbd411000, 0x00007f9288600000)
   the space 2264516K,  98% used [0x00007f7d330a0000, 0x00007f7dbb6217b8, 0x00007f7dbb621800, 0x00007f7dbd411000)
 Metaspace       used 24226K, capacity 24632K, committed 24832K, reserved 26624K
}
Event: 762.387 GC heap before
{Heap before GC invocations=1062 (full 4):
 def new generation   total 1019072K, used 967514K [0x00007f7288600000, 0x00007f72cd7c0000, 0x00007f7d330a0000)
  eden space 905856K, 100% used [0x00007f7288600000, 0x00007f72bfaa0000, 0x00007f72bfaa0000)
  from space 113216K,  54% used [0x00007f72bfaa0000, 0x00007f72c36d6888, 0x00007f72c6930000)
  to   space 113216K,   0% used [0x00007f72c6930000, 0x00007f72c6930000, 0x00007f72cd7c0000)
 tenured generation   total 2264516K, used 2233861K [0x00007f7d330a0000, 0x00007f7dbd411000, 0x00007f9288600000)
   the space 2264516K,  98% used [0x00007f7d330a0000, 0x00007f7dbb6217b8, 0x00007f7dbb621800, 0x00007f7dbd411000)
 Metaspace       used 24226K, capacity 24632K, committed 24832K, reserved 26624K
}
Event: 762.443 GC heap after
{Heap after GC invocations=1063 (full 4):
 def new generation   total 1019072K, used 47793K [0x00007f7288600000, 0x00007f72cd7c0000, 0x00007f7d330a0000)
  eden space 905856K,   0% used [0x00007f7288600000, 0x00007f7288600000, 0x00007f72bfaa0000)
  from space 113216K,  42% used [0x00007f72c6930000, 0x00007f72c97dc710, 0x00007f72cd7c0000)
  to   space 113216K,   0% used [0x00007f72bfaa0000, 0x00007f72bfaa0000, 0x00007f72c6930000)
 tenured generation   total 2264516K, used 2251335K [0x00007f7d330a0000, 0x00007f7dbd411000, 0x00007f9288600000)
   the space 2264516K,  99% used [0x00007f7d330a0000, 0x00007f7dbc731d30, 0x00007f7dbc731e00, 0x00007f7dbd411000)
 Metaspace       used 24226K, capacity 24632K, committed 24832K, reserved 26624K
}
Event: 763.227 GC heap before
{Heap before GC invocations=1063 (full 4):
 def new generation   total 1019072K, used 953649K [0x00007f7288600000, 0x00007f72cd7c0000, 0x00007f7d330a0000)
  eden space 905856K, 100% used [0x00007f7288600000, 0x00007f72bfaa0000, 0x00007f72bfaa0000)
  from space 113216K,  42% used [0x00007f72c6930000, 0x00007f72c97dc710, 0x00007f72cd7c0000)
  to   space 113216K,   0% used [0x00007f72bfaa0000, 0x00007f72bfaa0000, 0x00007f72c6930000)
 tenured generation   total 2264516K, used 2251335K [0x00007f7d330a0000, 0x00007f7dbd411000, 0x00007f9288600000)
   the space 2264516K,  99% used [0x00007f7d330a0000, 0x00007f7dbc731d30, 0x00007f7dbc731e00, 0x00007f7dbd411000)
 Metaspace       used 24226K, capacity 24632K, committed 24832K, reserved 26624K
}
Event: 763.261 GC heap after
{Heap after GC invocations=1064 (full 4):
 def new generation   total 1019072K, used 50347K [0x00007f7288600000, 0x00007f72cd7c0000, 0x00007f7d330a0000)
  eden space 905856K,   0% used [0x00007f7288600000, 0x00007f7288600000, 0x00007f72bfaa0000)
  from space 113216K,  44% used [0x00007f72bfaa0000, 0x00007f72c2bcafd8, 0x00007f72c6930000)
  to   space 113216K,   0% used [0x00007f72c6930000, 0x00007f72c6930000, 0x00007f72cd7c0000)
 tenured generation   total 2264516K, used 2251335K [0x00007f7d330a0000, 0x00007f7dbd411000, 0x00007f9288600000)
   the space 2264516K,  99% used [0x00007f7d330a0000, 0x00007f7dbc731d30, 0x00007f7dbc731e00, 0x00007f7dbd411000)
 Metaspace       used 24226K, capacity 24632K, committed 24832K, reserved 26624K
}
Event: 763.929 GC heap before
{Heap before GC invocations=1064 (full 4):
 def new generation   total 1019072K, used 956203K [0x00007f7288600000, 0x00007f72cd7c0000, 0x00007f7d330a0000)
  eden space 905856K, 100% used [0x00007f7288600000, 0x00007f72bfaa0000, 0x00007f72bfaa0000)
  from space 113216K,  44% used [0x00007f72bfaa0000, 0x00007f72c2bcafd8, 0x00007f72c6930000)
  to   space 113216K,   0% used [0x00007f72c6930000, 0x00007f72c6930000, 0x00007f72cd7c0000)
 tenured generation   total 2264516K, used 2251335K [0x00007f7d330a0000, 0x00007f7dbd411000, 0x00007f9288600000)
   the space 2264516K,  99% used [0x00007f7d330a0000, 0x00007f7dbc731d30, 0x00007f7dbc731e00, 0x00007f7dbd411000)
 Metaspace       used 24226K, capacity 24632K, committed 24832K, reserved 26624K
}
Event: 763.965 GC heap after
{Heap after GC invocations=1065 (full 4):
 def new generation   total 1019072K, used 50363K [0x00007f7288600000, 0x00007f72cd7c0000, 0x00007f7d330a0000)
  eden space 905856K,   0% used [0x00007f7288600000, 0x00007f7288600000, 0x00007f72bfaa0000)
  from space 113216K,  44% used [0x00007f72c6930000, 0x00007f72c9a5ede0, 0x00007f72cd7c0000)
  to   space 113216K,   0% used [0x00007f72bfaa0000, 0x00007f72bfaa0000, 0x00007f72c6930000)
 tenured generation   total 2264516K, used 2251335K [0x00007f7d330a0000, 0x00007f7dbd411000, 0x00007f9288600000)
   the space 2264516K,  99% used [0x00007f7d330a0000, 0x00007f7dbc731d30, 0x00007f7dbc731e00, 0x00007f7dbd411000)
 Metaspace       used 24226K, capacity 24632K, committed 24832K, reserved 26624K
}
Event: 764.964 GC heap before
{Heap before GC invocations=1065 (full 4):
 def new generation   total 1019072K, used 956219K [0x00007f7288600000, 0x00007f72cd7c0000, 0x00007f7d330a0000)
  eden space 905856K, 100% used [0x00007f7288600000, 0x00007f72bfaa0000, 0x00007f72bfaa0000)
  from space 113216K,  44% used [0x00007f72c6930000, 0x00007f72c9a5ede0, 0x00007f72cd7c0000)
  to   space 113216K,   0% used [0x00007f72bfaa0000, 0x00007f72bfaa0000, 0x00007f72c6930000)
 tenured generation   total 2264516K, used 2251335K [0x00007f7d330a0000, 0x00007f7dbd411000, 0x00007f9288600000)
   the space 2264516K,  99% used [0x00007f7d330a0000, 0x00007f7dbc731d30, 0x00007f7dbc731e00, 0x00007f7dbd411000)
 Metaspace       used 24226K, capacity 24632K, committed 24832K, reserved 26624K
}
Event: 765.001 GC heap after
{Heap after GC invocations=1066 (full 4):
 def new generation   total 1019072K, used 56526K [0x00007f7288600000, 0x00007f72cd7c0000, 0x00007f7d330a0000)
  eden space 905856K,   0% used [0x00007f7288600000, 0x00007f7288600000, 0x00007f72bfaa0000)
  from space 113216K,  49% used [0x00007f72bfaa0000, 0x00007f72c31d3bd0, 0x00007f72c6930000)
  to   space 113216K,   0% used [0x00007f72c6930000, 0x00007f72c6930000, 0x00007f72cd7c0000)
 tenured generation   total 2264516K, used 2251335K [0x00007f7d330a0000, 0x00007f7dbd411000, 0x00007f9288600000)
   the space 2264516K,  99% used [0x00007f7d330a0000, 0x00007f7dbc731d30, 0x00007f7dbc731e00, 0x00007f7dbd411000)
 Metaspace       used 24226K, capacity 24632K, committed 24832K, reserved 26624K
}
Event: 766.104 GC heap before
{Heap before GC invocations=1066 (full 4):
 def new generation   total 1019072K, used 962382K [0x00007f7288600000, 0x00007f72cd7c0000, 0x00007f7d330a0000)
  eden space 905856K, 100% used [0x00007f7288600000, 0x00007f72bfaa0000, 0x00007f72bfaa0000)
  from space 113216K,  49% used [0x00007f72bfaa0000, 0x00007f72c31d3bd0, 0x00007f72c6930000)
  to   space 113216K,   0% used [0x00007f72c6930000, 0x00007f72c6930000, 0x00007f72cd7c0000)
 tenured generation   total 2264516K, used 2251335K [0x00007f7d330a0000, 0x00007f7dbd411000, 0x00007f9288600000)
   the space 2264516K,  99% used [0x00007f7d330a0000, 0x00007f7dbc731d30, 0x00007f7dbc731e00, 0x00007f7dbd411000)
 Metaspace       used 24226K, capacity 24632K, committed 24832K, reserved 26624K
}
Event: 766.146 GC heap after
{Heap after GC invocations=1067 (full 4):
 def new generation   total 1019072K, used 61658K [0x00007f7288600000, 0x00007f72cd7c0000, 0x00007f7d330a0000)
  eden space 905856K,   0% used [0x00007f7288600000, 0x00007f7288600000, 0x00007f72bfaa0000)
  from space 113216K,  54% used [0x00007f72c6930000, 0x00007f72ca566888, 0x00007f72cd7c0000)
  to   space 113216K,   0% used [0x00007f72bfaa0000, 0x00007f72bfaa0000, 0x00007f72c6930000)
 tenured generation   total 2264516K, used 2251335K [0x00007f7d330a0000, 0x00007f7dbd411000, 0x00007f9288600000)
   the space 2264516K,  99% used [0x00007f7d330a0000, 0x00007f7dbc731d30, 0x00007f7dbc731e00, 0x00007f7dbd411000)
 Metaspace       used 24226K, capacity 24632K, committed 24832K, reserved 26624K
}
Event: 767.063 GC heap before
{Heap before GC invocations=1067 (full 4):
 def new generation   total 1019072K, used 967514K [0x00007f7288600000, 0x00007f72cd7c0000, 0x00007f7d330a0000)
  eden space 905856K, 100% used [0x00007f7288600000, 0x00007f72bfaa0000, 0x00007f72bfaa0000)
  from space 113216K,  54% used [0x00007f72c6930000, 0x00007f72ca566888, 0x00007f72cd7c0000)
  to   space 113216K,   0% used [0x00007f72bfaa0000, 0x00007f72bfaa0000, 0x00007f72c6930000)
 tenured generation   total 2264516K, used 2251335K [0x00007f7d330a0000, 0x00007f7dbd411000, 0x00007f9288600000)
   the space 2264516K,  99% used [0x00007f7d330a0000, 0x00007f7dbc731d30, 0x00007f7dbc731e00, 0x00007f7dbd411000)
 Metaspace       used 24226K, capacity 24632K, committed 24832K, reserved 26624K
}
Event: 767.123 GC heap after
{Heap after GC invocations=1068 (full 4):
 def new generation   total 1019072K, used 47793K [0x00007f7288600000, 0x00007f72cd7c0000, 0x00007f7d330a0000)
  eden space 905856K,   0% used [0x00007f7288600000, 0x00007f7288600000, 0x00007f72bfaa0000)
  from space 113216K,  42% used [0x00007f72bfaa0000, 0x00007f72c294c710, 0x00007f72c6930000)
  to   space 113216K,   0% used [0x00007f72c6930000, 0x00007f72c6930000, 0x00007f72cd7c0000)
 tenured generation   total 2280904K, used 2268808K [0x00007f7d330a0000, 0x00007f7dbe412000, 0x00007f9288600000)
   the space 2280904K,  99% used [0x00007f7d330a0000, 0x00007f7dbd8422a8, 0x00007f7dbd842400, 0x00007f7dbe412000)
 Metaspace       used 24226K, capacity 24632K, committed 24832K, reserved 26624K
}
Event: 767.123 GC heap before
{Heap before GC invocations=1068 (full 4):
 def new generation   total 1019072K, used 47793K [0x00007f7288600000, 0x00007f72cd7c0000, 0x00007f7d330a0000)
  eden space 905856K,   0% used [0x00007f7288600000, 0x00007f7288600000, 0x00007f72bfaa0000)
  from space 113216K,  42% used [0x00007f72bfaa0000, 0x00007f72c294c710, 0x00007f72c6930000)
  to   space 113216K,   0% used [0x00007f72c6930000, 0x00007f72c6930000, 0x00007f72cd7c0000)
 tenured generation   total 2280904K, used 2268808K [0x00007f7d330a0000, 0x00007f7dbe412000, 0x00007f9288600000)
   the space 2280904K,  99% used [0x00007f7d330a0000, 0x00007f7dbd8422a8, 0x00007f7dbd842400, 0x00007f7dbe412000)
 Metaspace       used 24226K, capacity 24632K, committed 24832K, reserved 26624K
}

