# JRE version: OpenJDK Runtime Environment (13.0.7+5) (build 13.0.7+5-Ubuntu-0ubuntu120.04)
# Java VM: OpenJDK 64-Bit Server VM (13.0.7+5-Ubuntu-0ubuntu120.04, mixed mode, tiered, serial gc, linux-amd64)
Heap:
 def new generation   total 1751104K, used 51316K [0x00007fda24600000, 0x00007fda9b210000, 0x00007fdf79b50000)
  eden space 1556544K,   3% used [0x00007fda24600000, 0x00007fda2781d340, 0x00007fda83610000)
  from space 194560K,   0% used [0x00007fda83610000, 0x00007fda83610000, 0x00007fda8f410000)
  to   space 194560K,   0% used [0x00007fda8f410000, 0x00007fda8f410000, 0x00007fda9b210000)
 tenured generation   total 3894464K, used 3894446K [0x00007fdf79b50000, 0x00007fe067680000, 0x00007fea24600000)
   the space 3894464K,  99% used [0x00007fdf79b50000, 0x00007fe06767bad0, 0x00007fe06767bc00, 0x00007fe067680000)
 Metaspace       used 24196K, capacity 24574K, committed 24832K, reserved 26624K
GC Heap History (20 events):
Event: 1633.573 GC heap after
{Heap after GC invocations=1706 (full 3):
 def new generation   total 1751104K, used 62131K [0x00007fda24600000, 0x00007fda9b210000, 0x00007fdf79b50000)
  eden space 1556544K,   0% used [0x00007fda24600000, 0x00007fda24600000, 0x00007fda83610000)
  from space 194560K,  31% used [0x00007fda8f410000, 0x00007fda930bcf18, 0x00007fda9b210000)
  to   space 194560K,   0% used [0x00007fda83610000, 0x00007fda83610000, 0x00007fda8f410000)
 tenured generation   total 3891200K, used 3857025K [0x00007fdf79b50000, 0x00007fe067350000, 0x00007fea24600000)
   the space 3891200K,  99% used [0x00007fdf79b50000, 0x00007fe0651f05c8, 0x00007fe0651f0600, 0x00007fe067350000)
 Metaspace       used 24196K, capacity 24574K, committed 24832K, reserved 26624K
}
Event: 1635.227 GC heap before
{Heap before GC invocations=1706 (full 3):
 def new generation   total 1751104K, used 1618675K [0x00007fda24600000, 0x00007fda9b210000, 0x00007fdf79b50000)
  eden space 1556544K, 100% used [0x00007fda24600000, 0x00007fda83610000, 0x00007fda83610000)
  from space 194560K,  31% used [0x00007fda8f410000, 0x00007fda930bcf18, 0x00007fda9b210000)
  to   space 194560K,   0% used [0x00007fda83610000, 0x00007fda83610000, 0x00007fda8f410000)
 tenured generation   total 3891200K, used 3857025K [0x00007fdf79b50000, 0x00007fe067350000, 0x00007fea24600000)
   the space 3891200K,  99% used [0x00007fdf79b50000, 0x00007fe0651f05c8, 0x00007fe0651f0600, 0x00007fe067350000)
 Metaspace       used 24196K, capacity 24574K, committed 24832K, reserved 26624K
}
Event: 1635.365 GC heap after
{Heap after GC invocations=1707 (full 3):
 def new generation   total 1751104K, used 62114K [0x00007fda24600000, 0x00007fda9b210000, 0x00007fdf79b50000)
  eden space 1556544K,   0% used [0x00007fda24600000, 0x00007fda24600000, 0x00007fda83610000)
  from space 194560K,  31% used [0x00007fda83610000, 0x00007fda872b8bd0, 0x00007fda8f410000)
  to   space 194560K,   0% used [0x00007fda8f410000, 0x00007fda8f410000, 0x00007fda9b210000)
 tenured generation   total 3891200K, used 3861215K [0x00007fdf79b50000, 0x00007fe067350000, 0x00007fea24600000)
   the space 3891200K,  99% used [0x00007fdf79b50000, 0x00007fe065607d78, 0x00007fe065607e00, 0x00007fe067350000)
 Metaspace       used 24196K, capacity 24574K, committed 24832K, reserved 26624K
}
Event: 1636.969 GC heap before
{Heap before GC invocations=1707 (full 3):
 def new generation   total 1751104K, used 1618658K [0x00007fda24600000, 0x00007fda9b210000, 0x00007fdf79b50000)
  eden space 1556544K, 100% used [0x00007fda24600000, 0x00007fda83610000, 0x00007fda83610000)
  from space 194560K,  31% used [0x00007fda83610000, 0x00007fda872b8bd0, 0x00007fda8f410000)
  to   space 194560K,   0% used [0x00007fda8f410000, 0x00007fda8f410000, 0x00007fda9b210000)
 tenured generation   total 3891200K, used 3861215K [0x00007fdf79b50000, 0x00007fe067350000, 0x00007fea24600000)
   the space 3891200K,  99% used [0x00007fdf79b50000, 0x00007fe065607d78, 0x00007fe065607e00, 0x00007fe067350000)
 Metaspace       used 24196K, capacity 24574K, committed 24832K, reserved 26624K
}
Event: 1637.107 GC heap after
{Heap after GC invocations=1708 (full 3):
 def new generation   total 1751104K, used 61992K [0x00007fda24600000, 0x00007fda9b210000, 0x00007fdf79b50000)
  eden space 1556544K,   0% used [0x00007fda24600000, 0x00007fda24600000, 0x00007fda83610000)
  from space 194560K,  31% used [0x00007fda8f410000, 0x00007fda9309a0c8, 0x00007fda9b210000)
  to   space 194560K,   0% used [0x00007fda83610000, 0x00007fda83610000, 0x00007fda8f410000)
 tenured generation   total 3891200K, used 3865358K [0x00007fdf79b50000, 0x00007fe067350000, 0x00007fea24600000)
   the space 3891200K,  99% used [0x00007fdf79b50000, 0x00007fe065a13af0, 0x00007fe065a13c00, 0x00007fe067350000)
 Metaspace       used 24196K, capacity 24574K, committed 24832K, reserved 26624K
}
Event: 1638.710 GC heap before
{Heap before GC invocations=1708 (full 3):
 def new generation   total 1751104K, used 1618536K [0x00007fda24600000, 0x00007fda9b210000, 0x00007fdf79b50000)
  eden space 1556544K, 100% used [0x00007fda24600000, 0x00007fda83610000, 0x00007fda83610000)
  from space 194560K,  31% used [0x00007fda8f410000, 0x00007fda9309a0c8, 0x00007fda9b210000)
  to   space 194560K,   0% used [0x00007fda83610000, 0x00007fda83610000, 0x00007fda8f410000)
 tenured generation   total 3891200K, used 3865358K [0x00007fdf79b50000, 0x00007fe067350000, 0x00007fea24600000)
   the space 3891200K,  99% used [0x00007fdf79b50000, 0x00007fe065a13af0, 0x00007fe065a13c00, 0x00007fe067350000)
 Metaspace       used 24196K, capacity 24574K, committed 24832K, reserved 26624K
}
Event: 1638.841 GC heap after
{Heap after GC invocations=1709 (full 3):
 def new generation   total 1751104K, used 61964K [0x00007fda24600000, 0x00007fda9b210000, 0x00007fdf79b50000)
  eden space 1556544K,   0% used [0x00007fda24600000, 0x00007fda24600000, 0x00007fda83610000)
  from space 194560K,  31% used [0x00007fda83610000, 0x00007fda872932f0, 0x00007fda8f410000)
  to   space 194560K,   0% used [0x00007fda8f410000, 0x00007fda8f410000, 0x00007fda9b210000)
 tenured generation   total 3891200K, used 3869502K [0x00007fdf79b50000, 0x00007fe067350000, 0x00007fea24600000)
   the space 3891200K,  99% used [0x00007fdf79b50000, 0x00007fe065e1f868, 0x00007fe065e1fa00, 0x00007fe067350000)
 Metaspace       used 24196K, capacity 24574K, committed 24832K, reserved 26624K
}
Event: 1640.480 GC heap before
{Heap before GC invocations=1709 (full 3):
 def new generation   total 1751104K, used 1618508K [0x00007fda24600000, 0x00007fda9b210000, 0x00007fdf79b50000)
  eden space 1556544K, 100% used [0x00007fda24600000, 0x00007fda83610000, 0x00007fda83610000)
  from space 194560K,  31% used [0x00007fda83610000, 0x00007fda872932f0, 0x00007fda8f410000)
  to   space 194560K,   0% used [0x00007fda8f410000, 0x00007fda8f410000, 0x00007fda9b210000)
 tenured generation   total 3891200K, used 3869502K [0x00007fdf79b50000, 0x00007fe067350000, 0x00007fea24600000)
   the space 3891200K,  99% used [0x00007fdf79b50000, 0x00007fe065e1f868, 0x00007fe065e1fa00, 0x00007fe067350000)
 Metaspace       used 24196K, capacity 24574K, committed 24832K, reserved 26624K
}
Event: 1640.611 GC heap after
{Heap after GC invocations=1710 (full 3):
 def new generation   total 1751104K, used 61963K [0x00007fda24600000, 0x00007fda9b210000, 0x00007fdf79b50000)
  eden space 1556544K,   0% used [0x00007fda24600000, 0x00007fda24600000, 0x00007fda83610000)
  from space 194560K,  31% used [0x00007fda8f410000, 0x00007fda93092fc0, 0x00007fda9b210000)
  to   space 194560K,   0% used [0x00007fda83610000, 0x00007fda83610000, 0x00007fda8f410000)
 tenured generation   total 3891200K, used 3873649K [0x00007fdf79b50000, 0x00007fe067350000, 0x00007fea24600000)
   the space 3891200K,  99% used [0x00007fdf79b50000, 0x00007fe06622c720, 0x00007fe06622c800, 0x00007fe067350000)
 Metaspace       used 24196K, capacity 24574K, committed 24832K, reserved 26624K
}
Event: 1642.235 GC heap before
{Heap before GC invocations=1710 (full 3):
 def new generation   total 1751104K, used 1618507K [0x00007fda24600000, 0x00007fda9b210000, 0x00007fdf79b50000)
  eden space 1556544K, 100% used [0x00007fda24600000, 0x00007fda83610000, 0x00007fda83610000)
  from space 194560K,  31% used [0x00007fda8f410000, 0x00007fda93092fc0, 0x00007fda9b210000)
  to   space 194560K,   0% used [0x00007fda83610000, 0x00007fda83610000, 0x00007fda8f410000)
 tenured generation   total 3891200K, used 3873649K [0x00007fdf79b50000, 0x00007fe067350000, 0x00007fea24600000)
   the space 3891200K,  99% used [0x00007fdf79b50000, 0x00007fe06622c720, 0x00007fe06622c800, 0x00007fe067350000)
 Metaspace       used 24196K, capacity 24574K, committed 24832K, reserved 26624K
}
Event: 1642.370 GC heap after
{Heap after GC invocations=1711 (full 3):
 def new generation   total 1751104K, used 62111K [0x00007fda24600000, 0x00007fda9b210000, 0x00007fdf79b50000)
  eden space 1556544K,   0% used [0x00007fda24600000, 0x00007fda24600000, 0x00007fda83610000)
  from space 194560K,  31% used [0x00007fda83610000, 0x00007fda872b7fd0, 0x00007fda8f410000)
  to   space 194560K,   0% used [0x00007fda8f410000, 0x00007fda8f410000, 0x00007fda9b210000)
 tenured generation   total 3891200K, used 3877652K [0x00007fdf79b50000, 0x00007fe067350000, 0x00007fea24600000)
   the space 3891200K,  99% used [0x00007fdf79b50000, 0x00007fe0666153a8, 0x00007fe066615400, 0x00007fe067350000)
 Metaspace       used 24196K, capacity 24574K, committed 24832K, reserved 26624K
}
Event: 1643.980 GC heap before
{Heap before GC invocations=1711 (full 3):
 def new generation   total 1751104K, used 1618655K [0x00007fda24600000, 0x00007fda9b210000, 0x00007fdf79b50000)
  eden space 1556544K, 100% used [0x00007fda24600000, 0x00007fda83610000, 0x00007fda83610000)
  from space 194560K,  31% used [0x00007fda83610000, 0x00007fda872b7fd0, 0x00007fda8f410000)
  to   space 194560K,   0% used [0x00007fda8f410000, 0x00007fda8f410000, 0x00007fda9b210000)
 tenured generation   total 3891200K, used 3877652K [0x00007fdf79b50000, 0x00007fe067350000, 0x00007fea24600000)
   the space 3891200K,  99% used [0x00007fdf79b50000, 0x00007fe0666153a8, 0x00007fe066615400, 0x00007fe067350000)
 Metaspace       used 24196K, capacity 24574K, committed 24832K, reserved 26624K
}
Event: 1644.122 GC heap after
{Heap after GC invocations=1712 (full 3):
 def new generation   total 1751104K, used 62120K [0x00007fda24600000, 0x00007fda9b210000, 0x00007fdf79b50000)
  eden space 1556544K,   0% used [0x00007fda24600000, 0x00007fda24600000, 0x00007fda83610000)
  from space 194560K,  31% used [0x00007fda8f410000, 0x00007fda930ba300, 0x00007fda9b210000)
  to   space 194560K,   0% used [0x00007fda83610000, 0x00007fda83610000, 0x00007fda8f410000)
 tenured generation   total 3891200K, used 3881796K [0x00007fdf79b50000, 0x00007fe067350000, 0x00007fea24600000)
   the space 3891200K,  99% used [0x00007fdf79b50000, 0x00007fe066a21120, 0x00007fe066a21200, 0x00007fe067350000)
 Metaspace       used 24196K, capacity 24574K, committed 24832K, reserved 26624K
}
Event: 1645.747 GC heap before
{Heap before GC invocations=1712 (full 3):
 def new generation   total 1751104K, used 1618664K [0x00007fda24600000, 0x00007fda9b210000, 0x00007fdf79b50000)
  eden space 1556544K, 100% used [0x00007fda24600000, 0x00007fda83610000, 0x00007fda83610000)
  from space 194560K,  31% used [0x00007fda8f410000, 0x00007fda930ba300, 0x00007fda9b210000)
  to   space 194560K,   0% used [0x00007fda83610000, 0x00007fda83610000, 0x00007fda8f410000)
 tenured generation   total 3891200K, used 3881796K [0x00007fdf79b50000, 0x00007fe067350000, 0x00007fea24600000)
   the space 3891200K,  99% used [0x00007fdf79b50000, 0x00007fe066a21120, 0x00007fe066a21200, 0x00007fe067350000)
 Metaspace       used 24196K, capacity 24574K, committed 24832K, reserved 26624K
}
Event: 1645.883 GC heap after
{Heap after GC invocations=1713 (full 3):
 def new generation   total 1751104K, used 61981K [0x00007fda24600000, 0x00007fda9b210000, 0x00007fdf79b50000)
  eden space 1556544K,   0% used [0x00007fda24600000, 0x00007fda24600000, 0x00007fda83610000)
  from space 194560K,  31% used [0x00007fda83610000, 0x00007fda872974b8, 0x00007fda8f410000)
  to   space 194560K,   0% used [0x00007fda8f410000, 0x00007fda8f410000, 0x00007fda9b210000)
 tenured generation   total 3891200K, used 3885939K [0x00007fdf79b50000, 0x00007fe067350000, 0x00007fea24600000)
   the space 3891200K,  99% used [0x00007fdf79b50000, 0x00007fe066e2ce98, 0x00007fe066e2d000, 0x00007fe067350000)
 Metaspace       used 24196K, capacity 24574K, committed 24832K, reserved 26624K
}
Event: 1647.499 GC heap before
{Heap before GC invocations=1713 (full 3):
 def new generation   total 1751104K, used 1618525K [0x00007fda24600000, 0x00007fda9b210000, 0x00007fdf79b50000)
  eden space 1556544K, 100% used [0x00007fda24600000, 0x00007fda83610000, 0x00007fda83610000)
  from space 194560K,  31% used [0x00007fda83610000, 0x00007fda872974b8, 0x00007fda8f410000)
  to   space 194560K,   0% used [0x00007fda8f410000, 0x00007fda8f410000, 0x00007fda9b210000)
 tenured generation   total 3891200K, used 3885939K [0x00007fdf79b50000, 0x00007fe067350000, 0x00007fea24600000)
   the space 3891200K,  99% used [0x00007fdf79b50000, 0x00007fe066e2ce98, 0x00007fe066e2d000, 0x00007fe067350000)
 Metaspace       used 24196K, capacity 24574K, committed 24832K, reserved 26624K
}
Event: 1647.628 GC heap after
{Heap after GC invocations=1714 (full 3):
 def new generation   total 1751104K, used 61939K [0x00007fda24600000, 0x00007fda9b210000, 0x00007fdf79b50000)
  eden space 1556544K,   0% used [0x00007fda24600000, 0x00007fda24600000, 0x00007fda83610000)
  from space 194560K,  31% used [0x00007fda8f410000, 0x00007fda9308cfd8, 0x00007fda9b210000)
  to   space 194560K,   0% used [0x00007fda83610000, 0x00007fda83610000, 0x00007fda8f410000)
 tenured generation   total 3891200K, used 3890129K [0x00007fdf79b50000, 0x00007fe067350000, 0x00007fea24600000)
   the space 3891200K,  99% used [0x00007fdf79b50000, 0x00007fe067244648, 0x00007fe067244800, 0x00007fe067350000)
 Metaspace       used 24196K, capacity 24574K, committed 24832K, reserved 26624K
}
Event: 1649.279 GC heap before
{Heap before GC invocations=1714 (full 3):
 def new generation   total 1751104K, used 1618483K [0x00007fda24600000, 0x00007fda9b210000, 0x00007fdf79b50000)
  eden space 1556544K, 100% used [0x00007fda24600000, 0x00007fda83610000, 0x00007fda83610000)
  from space 194560K,  31% used [0x00007fda8f410000, 0x00007fda9308cfd8, 0x00007fda9b210000)
  to   space 194560K,   0% used [0x00007fda83610000, 0x00007fda83610000, 0x00007fda8f410000)
 tenured generation   total 3891200K, used 3890129K [0x00007fdf79b50000, 0x00007fe067350000, 0x00007fea24600000)
   the space 3891200K,  99% used [0x00007fdf79b50000, 0x00007fe067244648, 0x00007fe067244800, 0x00007fe067350000)
 Metaspace       used 24196K, capacity 24574K, committed 24832K, reserved 26624K
}
Event: 1649.408 GC heap after
{Heap after GC invocations=1715 (full 3):
 def new generation   total 1751104K, used 61945K [0x00007fda24600000, 0x00007fda9b210000, 0x00007fdf79b50000)
  eden space 1556544K,   0% used [0x00007fda24600000, 0x00007fda24600000, 0x00007fda83610000)
  from space 194560K,  31% used [0x00007fda83610000, 0x00007fda8728e4a8, 0x00007fda8f410000)
  to   space 194560K,   0% used [0x00007fda8f410000, 0x00007fda8f410000, 0x00007fda9b210000)
 tenured generation   total 3894464K, used 3894277K [0x00007fdf79b50000, 0x00007fe067680000, 0x00007fea24600000)
   the space 3894464K,  99% used [0x00007fdf79b50000, 0x00007fe067651500, 0x00007fe067651600, 0x00007fe067680000)
 Metaspace       used 24196K, capacity 24574K, committed 24832K, reserved 26624K
}
Event: 1649.408 GC heap before
{Heap before GC invocations=1715 (full 3):
 def new generation   total 1751104K, used 61945K [0x00007fda24600000, 0x00007fda9b210000, 0x00007fdf79b50000)
  eden space 1556544K,   0% used [0x00007fda24600000, 0x00007fda24600000, 0x00007fda83610000)
  from space 194560K,  31% used [0x00007fda83610000, 0x00007fda8728e4a8, 0x00007fda8f410000)
  to   space 194560K,   0% used [0x00007fda8f410000, 0x00007fda8f410000, 0x00007fda9b210000)
 tenured generation   total 3894464K, used 3894277K [0x00007fdf79b50000, 0x00007fe067680000, 0x00007fea24600000)
   the space 3894464K,  99% used [0x00007fdf79b50000, 0x00007fe067651500, 0x00007fe067651600, 0x00007fe067680000)
 Metaspace       used 24196K, capacity 24574K, committed 24832K, reserved 26624K
}

