# JRE version: OpenJDK Runtime Environment (13.0.7+5) (build 13.0.7+5-Ubuntu-0ubuntu120.04)
# Java VM: OpenJDK 64-Bit Server VM (13.0.7+5-Ubuntu-0ubuntu120.04, mixed mode, tiered, serial gc, linux-amd64)
Heap:
 def new generation   total 2896896K, used 7061K [0x00007f4970600000, 0x00007f4a34d50000, 0x00007f4ec5b50000)
  eden space 2575040K,   0% used [0x00007f4970600000, 0x00007f4970ce5790, 0x00007f4a0d8b0000)
  from space 321856K,   0% used [0x00007f4a0d8b0000, 0x00007f4a0d8b0000, 0x00007f4a21300000)
  to   space 321856K,   0% used [0x00007f4a21300000, 0x00007f4a21300000, 0x00007f4a34d50000)
 tenured generation   total 6437960K, used 6437960K [0x00007f4ec5b50000, 0x00007f504ea62000, 0x00007f5970600000)
   the space 6437960K, 100% used [0x00007f4ec5b50000, 0x00007f504ea62000, 0x00007f504ea62000, 0x00007f504ea62000)
 Metaspace       used 24269K, capacity 24711K, committed 24832K, reserved 26624K
GC Heap History (20 events):
Event: 30189.140 GC heap after
{Heap after GC invocations=29443 (full 4):
 def new generation   total 2896896K, used 7252K [0x00007f4970600000, 0x00007f4a34d50000, 0x00007f4ec5b50000)
  eden space 2575040K,   0% used [0x00007f4970600000, 0x00007f4970600000, 0x00007f4a0d8b0000)
  from space 321856K,   2% used [0x00007f4a21300000, 0x00007f4a21a151c0, 0x00007f4a34d50000)
  to   space 321856K,   0% used [0x00007f4a0d8b0000, 0x00007f4a0d8b0000, 0x00007f4a21300000)
 tenured generation   total 6437384K, used 6433500K [0x00007f4ec5b50000, 0x00007f504e9d2000, 0x00007f5970600000)
   the space 6437384K,  99% used [0x00007f4ec5b50000, 0x00007f504e607200, 0x00007f504e607200, 0x00007f504e9d2000)
 Metaspace       used 24269K, capacity 24711K, committed 24832K, reserved 26624K
}
Event: 30191.068 GC heap before
{Heap before GC invocations=29443 (full 4):
 def new generation   total 2896896K, used 2582292K [0x00007f4970600000, 0x00007f4a34d50000, 0x00007f4ec5b50000)
  eden space 2575040K, 100% used [0x00007f4970600000, 0x00007f4a0d8b0000, 0x00007f4a0d8b0000)
  from space 321856K,   2% used [0x00007f4a21300000, 0x00007f4a21a151c0, 0x00007f4a34d50000)
  to   space 321856K,   0% used [0x00007f4a0d8b0000, 0x00007f4a0d8b0000, 0x00007f4a21300000)
 tenured generation   total 6437384K, used 6433500K [0x00007f4ec5b50000, 0x00007f504e9d2000, 0x00007f5970600000)
   the space 6437384K,  99% used [0x00007f4ec5b50000, 0x00007f504e607200, 0x00007f504e607200, 0x00007f504e9d2000)
 Metaspace       used 24269K, capacity 24711K, committed 24832K, reserved 26624K
}
Event: 30191.083 GC heap after
{Heap after GC invocations=29444 (full 4):
 def new generation   total 2896896K, used 7247K [0x00007f4970600000, 0x00007f4a34d50000, 0x00007f4ec5b50000)
  eden space 2575040K,   0% used [0x00007f4970600000, 0x00007f4970600000, 0x00007f4a0d8b0000)
  from space 321856K,   2% used [0x00007f4a0d8b0000, 0x00007f4a0dfc3ee8, 0x00007f4a21300000)
  to   space 321856K,   0% used [0x00007f4a21300000, 0x00007f4a21300000, 0x00007f4a34d50000)
 tenured generation   total 6437384K, used 6433974K [0x00007f4ec5b50000, 0x00007f504e9d2000, 0x00007f5970600000)
   the space 6437384K,  99% used [0x00007f4ec5b50000, 0x00007f504e67da20, 0x00007f504e67dc00, 0x00007f504e9d2000)
 Metaspace       used 24269K, capacity 24711K, committed 24832K, reserved 26624K
}
Event: 30192.981 GC heap before
{Heap before GC invocations=29444 (full 4):
 def new generation   total 2896896K, used 2582287K [0x00007f4970600000, 0x00007f4a34d50000, 0x00007f4ec5b50000)
  eden space 2575040K, 100% used [0x00007f4970600000, 0x00007f4a0d8b0000, 0x00007f4a0d8b0000)
  from space 321856K,   2% used [0x00007f4a0d8b0000, 0x00007f4a0dfc3ee8, 0x00007f4a21300000)
  to   space 321856K,   0% used [0x00007f4a21300000, 0x00007f4a21300000, 0x00007f4a34d50000)
 tenured generation   total 6437384K, used 6433974K [0x00007f4ec5b50000, 0x00007f504e9d2000, 0x00007f5970600000)
   the space 6437384K,  99% used [0x00007f4ec5b50000, 0x00007f504e67da20, 0x00007f504e67dc00, 0x00007f504e9d2000)
 Metaspace       used 24269K, capacity 24711K, committed 24832K, reserved 26624K
}
Event: 30192.997 GC heap after
{Heap after GC invocations=29445 (full 4):
 def new generation   total 2896896K, used 7259K [0x00007f4970600000, 0x00007f4a34d50000, 0x00007f4ec5b50000)
  eden space 2575040K,   0% used [0x00007f4970600000, 0x00007f4970600000, 0x00007f4a0d8b0000)
  from space 321856K,   2% used [0x00007f4a21300000, 0x00007f4a21a16c10, 0x00007f4a34d50000)
  to   space 321856K,   0% used [0x00007f4a0d8b0000, 0x00007f4a0d8b0000, 0x00007f4a21300000)
 tenured generation   total 6437384K, used 6434448K [0x00007f4ec5b50000, 0x00007f504e9d2000, 0x00007f5970600000)
   the space 6437384K,  99% used [0x00007f4ec5b50000, 0x00007f504e6f4240, 0x00007f504e6f4400, 0x00007f504e9d2000)
 Metaspace       used 24269K, capacity 24711K, committed 24832K, reserved 26624K
}
Event: 30194.906 GC heap before
{Heap before GC invocations=29445 (full 4):
 def new generation   total 2896896K, used 2582299K [0x00007f4970600000, 0x00007f4a34d50000, 0x00007f4ec5b50000)
  eden space 2575040K, 100% used [0x00007f4970600000, 0x00007f4a0d8b0000, 0x00007f4a0d8b0000)
  from space 321856K,   2% used [0x00007f4a21300000, 0x00007f4a21a16c10, 0x00007f4a34d50000)
  to   space 321856K,   0% used [0x00007f4a0d8b0000, 0x00007f4a0d8b0000, 0x00007f4a21300000)
 tenured generation   total 6437384K, used 6434448K [0x00007f4ec5b50000, 0x00007f504e9d2000, 0x00007f5970600000)
   the space 6437384K,  99% used [0x00007f4ec5b50000, 0x00007f504e6f4240, 0x00007f504e6f4400, 0x00007f504e9d2000)
 Metaspace       used 24269K, capacity 24711K, committed 24832K, reserved 26624K
}
Event: 30194.921 GC heap after
{Heap after GC invocations=29446 (full 4):
 def new generation   total 2896896K, used 7239K [0x00007f4970600000, 0x00007f4a34d50000, 0x00007f4ec5b50000)
  eden space 2575040K,   0% used [0x00007f4970600000, 0x00007f4970600000, 0x00007f4a0d8b0000)
  from space 321856K,   2% used [0x00007f4a0d8b0000, 0x00007f4a0dfc1d40, 0x00007f4a21300000)
  to   space 321856K,   0% used [0x00007f4a21300000, 0x00007f4a21300000, 0x00007f4a34d50000)
 tenured generation   total 6437384K, used 6434944K [0x00007f4ec5b50000, 0x00007f504e9d2000, 0x00007f5970600000)
   the space 6437384K,  99% used [0x00007f4ec5b50000, 0x00007f504e770090, 0x00007f504e770200, 0x00007f504e9d2000)
 Metaspace       used 24269K, capacity 24711K, committed 24832K, reserved 26624K
}
Event: 30196.821 GC heap before
{Heap before GC invocations=29446 (full 4):
 def new generation   total 2896896K, used 2582279K [0x00007f4970600000, 0x00007f4a34d50000, 0x00007f4ec5b50000)
  eden space 2575040K, 100% used [0x00007f4970600000, 0x00007f4a0d8b0000, 0x00007f4a0d8b0000)
  from space 321856K,   2% used [0x00007f4a0d8b0000, 0x00007f4a0dfc1d40, 0x00007f4a21300000)
  to   space 321856K,   0% used [0x00007f4a21300000, 0x00007f4a21300000, 0x00007f4a34d50000)
 tenured generation   total 6437384K, used 6434944K [0x00007f4ec5b50000, 0x00007f504e9d2000, 0x00007f5970600000)
   the space 6437384K,  99% used [0x00007f4ec5b50000, 0x00007f504e770090, 0x00007f504e770200, 0x00007f504e9d2000)
 Metaspace       used 24269K, capacity 24711K, committed 24832K, reserved 26624K
}
Event: 30196.838 GC heap after
{Heap after GC invocations=29447 (full 4):
 def new generation   total 2896896K, used 7232K [0x00007f4970600000, 0x00007f4a34d50000, 0x00007f4ec5b50000)
  eden space 2575040K,   0% used [0x00007f4970600000, 0x00007f4970600000, 0x00007f4a0d8b0000)
  from space 321856K,   2% used [0x00007f4a21300000, 0x00007f4a21a10060, 0x00007f4a34d50000)
  to   space 321856K,   0% used [0x00007f4a0d8b0000, 0x00007f4a0d8b0000, 0x00007f4a21300000)
 tenured generation   total 6437384K, used 6435418K [0x00007f4ec5b50000, 0x00007f504e9d2000, 0x00007f5970600000)
   the space 6437384K,  99% used [0x00007f4ec5b50000, 0x00007f504e7e68b0, 0x00007f504e7e6a00, 0x00007f504e9d2000)
 Metaspace       used 24269K, capacity 24711K, committed 24832K, reserved 26624K
}
Event: 30198.745 GC heap before
{Heap before GC invocations=29447 (full 4):
 def new generation   total 2896896K, used 2582272K [0x00007f4970600000, 0x00007f4a34d50000, 0x00007f4ec5b50000)
  eden space 2575040K, 100% used [0x00007f4970600000, 0x00007f4a0d8b0000, 0x00007f4a0d8b0000)
  from space 321856K,   2% used [0x00007f4a21300000, 0x00007f4a21a10060, 0x00007f4a34d50000)
  to   space 321856K,   0% used [0x00007f4a0d8b0000, 0x00007f4a0d8b0000, 0x00007f4a21300000)
 tenured generation   total 6437384K, used 6435418K [0x00007f4ec5b50000, 0x00007f504e9d2000, 0x00007f5970600000)
   the space 6437384K,  99% used [0x00007f4ec5b50000, 0x00007f504e7e68b0, 0x00007f504e7e6a00, 0x00007f504e9d2000)
 Metaspace       used 24269K, capacity 24711K, committed 24832K, reserved 26624K
}
Event: 30198.763 GC heap after
{Heap after GC invocations=29448 (full 4):
 def new generation   total 2896896K, used 7232K [0x00007f4970600000, 0x00007f4a34d50000, 0x00007f4ec5b50000)
  eden space 2575040K,   0% used [0x00007f4970600000, 0x00007f4970600000, 0x00007f4a0d8b0000)
  from space 321856K,   2% used [0x00007f4a0d8b0000, 0x00007f4a0dfc00f8, 0x00007f4a21300000)
  to   space 321856K,   0% used [0x00007f4a21300000, 0x00007f4a21300000, 0x00007f4a34d50000)
 tenured generation   total 6437384K, used 6435892K [0x00007f4ec5b50000, 0x00007f504e9d2000, 0x00007f5970600000)
   the space 6437384K,  99% used [0x00007f4ec5b50000, 0x00007f504e85d0d0, 0x00007f504e85d200, 0x00007f504e9d2000)
 Metaspace       used 24269K, capacity 24711K, committed 24832K, reserved 26624K
}
Event: 30200.638 GC heap before
{Heap before GC invocations=29448 (full 4):
 def new generation   total 2896896K, used 2582272K [0x00007f4970600000, 0x00007f4a34d50000, 0x00007f4ec5b50000)
  eden space 2575040K, 100% used [0x00007f4970600000, 0x00007f4a0d8b0000, 0x00007f4a0d8b0000)
  from space 321856K,   2% used [0x00007f4a0d8b0000, 0x00007f4a0dfc00f8, 0x00007f4a21300000)
  to   space 321856K,   0% used [0x00007f4a21300000, 0x00007f4a21300000, 0x00007f4a34d50000)
 tenured generation   total 6437384K, used 6435892K [0x00007f4ec5b50000, 0x00007f504e9d2000, 0x00007f5970600000)
   the space 6437384K,  99% used [0x00007f4ec5b50000, 0x00007f504e85d0d0, 0x00007f504e85d200, 0x00007f504e9d2000)
 Metaspace       used 24269K, capacity 24711K, committed 24832K, reserved 26624K
}
Event: 30200.659 GC heap after
{Heap after GC invocations=29449 (full 4):
 def new generation   total 2896896K, used 7239K [0x00007f4970600000, 0x00007f4a34d50000, 0x00007f4ec5b50000)
  eden space 2575040K,   0% used [0x00007f4970600000, 0x00007f4970600000, 0x00007f4a0d8b0000)
  from space 321856K,   2% used [0x00007f4a21300000, 0x00007f4a21a11f78, 0x00007f4a34d50000)
  to   space 321856K,   0% used [0x00007f4a0d8b0000, 0x00007f4a0d8b0000, 0x00007f4a21300000)
 tenured generation   total 6437384K, used 6436366K [0x00007f4ec5b50000, 0x00007f504e9d2000, 0x00007f5970600000)
   the space 6437384K,  99% used [0x00007f4ec5b50000, 0x00007f504e8d38f0, 0x00007f504e8d3a00, 0x00007f504e9d2000)
 Metaspace       used 24269K, capacity 24711K, committed 24832K, reserved 26624K
}
Event: 30202.538 GC heap before
{Heap before GC invocations=29449 (full 4):
 def new generation   total 2896896K, used 2582279K [0x00007f4970600000, 0x00007f4a34d50000, 0x00007f4ec5b50000)
  eden space 2575040K, 100% used [0x00007f4970600000, 0x00007f4a0d8b0000, 0x00007f4a0d8b0000)
  from space 321856K,   2% used [0x00007f4a21300000, 0x00007f4a21a11f78, 0x00007f4a34d50000)
  to   space 321856K,   0% used [0x00007f4a0d8b0000, 0x00007f4a0d8b0000, 0x00007f4a21300000)
 tenured generation   total 6437384K, used 6436366K [0x00007f4ec5b50000, 0x00007f504e9d2000, 0x00007f5970600000)
   the space 6437384K,  99% used [0x00007f4ec5b50000, 0x00007f504e8d38f0, 0x00007f504e8d3a00, 0x00007f504e9d2000)
 Metaspace       used 24269K, capacity 24711K, committed 24832K, reserved 26624K
}
Event: 30202.555 GC heap after
{Heap after GC invocations=29450 (full 4):
 def new generation   total 2896896K, used 7240K [0x00007f4970600000, 0x00007f4a34d50000, 0x00007f4ec5b50000)
  eden space 2575040K,   0% used [0x00007f4970600000, 0x00007f4970600000, 0x00007f4a0d8b0000)
  from space 321856K,   2% used [0x00007f4a0d8b0000, 0x00007f4a0dfc22e0, 0x00007f4a21300000)
  to   space 321856K,   0% used [0x00007f4a21300000, 0x00007f4a21300000, 0x00007f4a34d50000)
 tenured generation   total 6437384K, used 6436844K [0x00007f4ec5b50000, 0x00007f504e9d2000, 0x00007f5970600000)
   the space 6437384K,  99% used [0x00007f4ec5b50000, 0x00007f504e94b250, 0x00007f504e94b400, 0x00007f504e9d2000)
 Metaspace       used 24269K, capacity 24711K, committed 24832K, reserved 26624K
}
Event: 30204.514 GC heap before
{Heap before GC invocations=29450 (full 4):
 def new generation   total 2896896K, used 2582280K [0x00007f4970600000, 0x00007f4a34d50000, 0x00007f4ec5b50000)
  eden space 2575040K, 100% used [0x00007f4970600000, 0x00007f4a0d8b0000, 0x00007f4a0d8b0000)
  from space 321856K,   2% used [0x00007f4a0d8b0000, 0x00007f4a0dfc22e0, 0x00007f4a21300000)
  to   space 321856K,   0% used [0x00007f4a21300000, 0x00007f4a21300000, 0x00007f4a34d50000)
 tenured generation   total 6437384K, used 6436844K [0x00007f4ec5b50000, 0x00007f504e9d2000, 0x00007f5970600000)
   the space 6437384K,  99% used [0x00007f4ec5b50000, 0x00007f504e94b250, 0x00007f504e94b400, 0x00007f504e9d2000)
 Metaspace       used 24269K, capacity 24711K, committed 24832K, reserved 26624K
}
Event: 30204.531 GC heap after
{Heap after GC invocations=29451 (full 4):
 def new generation   total 2896896K, used 7247K [0x00007f4970600000, 0x00007f4a34d50000, 0x00007f4ec5b50000)
  eden space 2575040K,   0% used [0x00007f4970600000, 0x00007f4970600000, 0x00007f4a0d8b0000)
  from space 321856K,   2% used [0x00007f4a21300000, 0x00007f4a21a13c28, 0x00007f4a34d50000)
  to   space 321856K,   0% used [0x00007f4a0d8b0000, 0x00007f4a0d8b0000, 0x00007f4a21300000)
 tenured generation   total 6437384K, used 6437318K [0x00007f4ec5b50000, 0x00007f504e9d2000, 0x00007f5970600000)
   the space 6437384K,  99% used [0x00007f4ec5b50000, 0x00007f504e9c1a70, 0x00007f504e9c1c00, 0x00007f504e9d2000)
 Metaspace       used 24269K, capacity 24711K, committed 24832K, reserved 26624K
}
Event: 30206.489 GC heap before
{Heap before GC invocations=29451 (full 4):
 def new generation   total 2896896K, used 2582287K [0x00007f4970600000, 0x00007f4a34d50000, 0x00007f4ec5b50000)
  eden space 2575040K, 100% used [0x00007f4970600000, 0x00007f4a0d8b0000, 0x00007f4a0d8b0000)
  from space 321856K,   2% used [0x00007f4a21300000, 0x00007f4a21a13c28, 0x00007f4a34d50000)
  to   space 321856K,   0% used [0x00007f4a0d8b0000, 0x00007f4a0d8b0000, 0x00007f4a21300000)
 tenured generation   total 6437384K, used 6437318K [0x00007f4ec5b50000, 0x00007f504e9d2000, 0x00007f5970600000)
   the space 6437384K,  99% used [0x00007f4ec5b50000, 0x00007f504e9c1a70, 0x00007f504e9c1c00, 0x00007f504e9d2000)
 Metaspace       used 24269K, capacity 24711K, committed 24832K, reserved 26624K
}
Event: 30206.505 GC heap after
{Heap after GC invocations=29452 (full 4):
 def new generation   total 2896896K, used 7254K [0x00007f4970600000, 0x00007f4a34d50000, 0x00007f4ec5b50000)
  eden space 2575040K,   0% used [0x00007f4970600000, 0x00007f4970600000, 0x00007f4a0d8b0000)
  from space 321856K,   2% used [0x00007f4a0d8b0000, 0x00007f4a0dfc5a10, 0x00007f4a21300000)
  to   space 321856K,   0% used [0x00007f4a21300000, 0x00007f4a21300000, 0x00007f4a34d50000)
 tenured generation   total 6437960K, used 6437792K [0x00007f4ec5b50000, 0x00007f504ea62000, 0x00007f5970600000)
   the space 6437960K,  99% used [0x00007f4ec5b50000, 0x00007f504ea38290, 0x00007f504ea38400, 0x00007f504ea62000)
 Metaspace       used 24269K, capacity 24711K, committed 24832K, reserved 26624K
}
Event: 30206.505 GC heap before
{Heap before GC invocations=29452 (full 4):
 def new generation   total 2896896K, used 7254K [0x00007f4970600000, 0x00007f4a34d50000, 0x00007f4ec5b50000)
  eden space 2575040K,   0% used [0x00007f4970600000, 0x00007f4970600000, 0x00007f4a0d8b0000)
  from space 321856K,   2% used [0x00007f4a0d8b0000, 0x00007f4a0dfc5a10, 0x00007f4a21300000)
  to   space 321856K,   0% used [0x00007f4a21300000, 0x00007f4a21300000, 0x00007f4a34d50000)
 tenured generation   total 6437960K, used 6437792K [0x00007f4ec5b50000, 0x00007f504ea62000, 0x00007f5970600000)
   the space 6437960K,  99% used [0x00007f4ec5b50000, 0x00007f504ea38290, 0x00007f504ea38400, 0x00007f504ea62000)
 Metaspace       used 24269K, capacity 24711K, committed 24832K, reserved 26624K
}

