# JRE version: OpenJDK Runtime Environment (13.0.7+5) (build 13.0.7+5-Ubuntu-0ubuntu120.04)
# Java VM: OpenJDK 64-Bit Server VM (13.0.7+5-Ubuntu-0ubuntu120.04, mixed mode, tiered, serial gc, linux-amd64)
Heap:
 def new generation   total 3157760K, used 2151878K [0x00007f9c2c600000, 0x00007f9d02860000, 0x00007fa181b50000)
  eden space 2806912K,  76% used [0x00007f9c2c600000, 0x00007f9cafb71990, 0x00007f9cd7b20000)
  from space 350848K,   0% used [0x00007f9ced1c0000, 0x00007f9ced1c0258, 0x00007f9d02860000)
  to   space 350848K,   0% used [0x00007f9cd7b20000, 0x00007f9cd7b203b0, 0x00007f9ced1c0000)
 tenured generation   total 7017080K, used 6307399K [0x00007fa181b50000, 0x00007fa32dfee000, 0x00007fac2c600000)
   the space 7017080K,  89% used [0x00007fa181b50000, 0x00007fa302ae1c48, 0x00007fa302ae1e00, 0x00007fa32dfee000)
 Metaspace       used 23067K, capacity 23458K, committed 23552K, reserved 24576K
GC Heap History (13 events):
Event: 5.674 GC heap before
{Heap before GC invocations=0 (full 0):
 def new generation   total 629120K, used 89477K [0x00007f9c2c600000, 0x00007f9c570a0000, 0x00007fa181b50000)
  eden space 559232K,  16% used [0x00007f9c2c600000, 0x00007f9c31d61718, 0x00007f9c4e820000)
  from space 69888K,   0% used [0x00007f9c4e820000, 0x00007f9c4e820000, 0x00007f9c52c60000)
  to   space 69888K,   0% used [0x00007f9c52c60000, 0x00007f9c52c60000, 0x00007f9c570a0000)
 tenured generation   total 1398144K, used 0K [0x00007fa181b50000, 0x00007fa1d70b0000, 0x00007fac2c600000)
   the space 1398144K,   0% used [0x00007fa181b50000, 0x00007fa181b50000, 0x00007fa181b50200, 0x00007fa1d70b0000)
 Metaspace       used 20886K, capacity 21157K, committed 21248K, reserved 22528K
}
Event: 5.805 GC heap after
{Heap after GC invocations=1 (full 1):
 def new generation   total 629248K, used 0K [0x00007f9c2c600000, 0x00007f9c570c0000, 0x00007fa181b50000)
  eden space 559360K,   0% used [0x00007f9c2c600000, 0x00007f9c2c600000, 0x00007f9c4e840000)
  from space 69888K,   0% used [0x00007f9c4e840000, 0x00007f9c4e840000, 0x00007f9c52c80000)
  to   space 69888K,   0% used [0x00007f9c52c80000, 0x00007f9c52c80000, 0x00007f9c570c0000)
 tenured generation   total 1398144K, used 13583K [0x00007fa181b50000, 0x00007fa1d70b0000, 0x00007fac2c600000)
   the space 1398144K,   0% used [0x00007fa181b50000, 0x00007fa182893cb0, 0x00007fa182893e00, 0x00007fa1d70b0000)
 Metaspace       used 20886K, capacity 21157K, committed 21248K, reserved 22528K
}
Event: 7.939 GC heap before
{Heap before GC invocations=1 (full 1):
 def new generation   total 629248K, used 503861K [0x00007f9c2c600000, 0x00007f9c570c0000, 0x00007fa181b50000)
  eden space 559360K,  90% used [0x00007f9c2c600000, 0x00007f9c4b20d528, 0x00007f9c4e840000)
  from space 69888K,   0% used [0x00007f9c4e840000, 0x00007f9c4e840000, 0x00007f9c52c80000)
  to   space 69888K,   0% used [0x00007f9c52c80000, 0x00007f9c52c80000, 0x00007f9c570c0000)
 tenured generation   total 1398144K, used 13583K [0x00007fa181b50000, 0x00007fa1d70b0000, 0x00007fac2c600000)
   the space 1398144K,   0% used [0x00007fa181b50000, 0x00007fa182893cb0, 0x00007fa182893e00, 0x00007fa1d70b0000)
 Metaspace       used 23064K, capacity 23458K, committed 23552K, reserved 24576K
}
Event: 7.951 GC heap after
{Heap after GC invocations=2 (full 1):
 def new generation   total 629248K, used 2359K [0x00007f9c2c600000, 0x00007f9c570c0000, 0x00007fa181b50000)
  eden space 559360K,   0% used [0x00007f9c2c600000, 0x00007f9c2c600000, 0x00007f9c4e840000)
  from space 69888K,   3% used [0x00007f9c52c80000, 0x00007f9c52ecdd48, 0x00007f9c570c0000)
  to   space 69888K,   0% used [0x00007f9c4e840000, 0x00007f9c4e840000, 0x00007f9c52c80000)
 tenured generation   total 1398144K, used 13583K [0x00007fa181b50000, 0x00007fa1d70b0000, 0x00007fac2c600000)
   the space 1398144K,   0% used [0x00007fa181b50000, 0x00007fa182893cb0, 0x00007fa182893e00, 0x00007fa1d70b0000)
 Metaspace       used 23064K, capacity 23458K, committed 23552K, reserved 24576K
}
Event: 7.951 GC heap before
{Heap before GC invocations=2 (full 1):
 def new generation   total 629248K, used 2359K [0x00007f9c2c600000, 0x00007f9c570c0000, 0x00007fa181b50000)
  eden space 559360K,   0% used [0x00007f9c2c600000, 0x00007f9c2c600000, 0x00007f9c4e840000)
  from space 69888K,   3% used [0x00007f9c52c80000, 0x00007f9c52ecdd48, 0x00007f9c570c0000)
  to   space 69888K,   0% used [0x00007f9c4e840000, 0x00007f9c4e840000, 0x00007f9c52c80000)
 tenured generation   total 1398144K, used 13583K [0x00007fa181b50000, 0x00007fa1d70b0000, 0x00007fac2c600000)
   the space 1398144K,   0% used [0x00007fa181b50000, 0x00007fa182893cb0, 0x00007fa182893e00, 0x00007fa1d70b0000)
 Metaspace       used 23064K, capacity 23458K, committed 23552K, reserved 24576K
}
Event: 8.004 GC heap after
{Heap after GC invocations=2 (full 2):
 def new generation   total 629248K, used 0K [0x00007f9c2c600000, 0x00007f9c570c0000, 0x00007fa181b50000)
  eden space 559360K,   0% used [0x00007f9c2c600000, 0x00007f9c2c600000, 0x00007f9c4e840000)
  from space 69888K,   0% used [0x00007f9c52c80000, 0x00007f9c52c80000, 0x00007f9c570c0000)
  to   space 69888K,   0% used [0x00007f9c4e840000, 0x00007f9c4e840000, 0x00007f9c52c80000)
 tenured generation   total 1398144K, used 15942K [0x00007fa181b50000, 0x00007fa1d70b0000, 0x00007fac2c600000)
   the space 1398144K,   1% used [0x00007fa181b50000, 0x00007fa182ae19a8, 0x00007fa182ae1a00, 0x00007fa1d70b0000)
 Metaspace       used 23064K, capacity 23458K, committed 23552K, reserved 24576K
}
Event: 15.115 GC heap before
{Heap before GC invocations=2 (full 2):
 def new generation   total 629248K, used 16501K [0x00007f9c2c600000, 0x00007f9c570c0000, 0x00007fa181b50000)
  eden space 559360K,   2% used [0x00007f9c2c600000, 0x00007f9c2d61d550, 0x00007f9c4e840000)
  from space 69888K,   0% used [0x00007f9c52c80000, 0x00007f9c52c80000, 0x00007f9c570c0000)
  to   space 69888K,   0% used [0x00007f9c4e840000, 0x00007f9c4e840000, 0x00007f9c52c80000)
 tenured generation   total 5592452K, used 4210246K [0x00007fa181b50000, 0x00007fa2d70b1000, 0x00007fac2c600000)
   the space 5592452K,  75% used [0x00007fa181b50000, 0x00007fa282ae19c0, 0x00007fa282ae1a00, 0x00007fa2d70b1000)
 Metaspace       used 23067K, capacity 23458K, committed 23552K, reserved 24576K
}
Event: 15.142 GC heap after
{Heap after GC invocations=3 (full 2):
 def new generation   total 629248K, used 0K [0x00007f9c2c600000, 0x00007f9c570c0000, 0x00007fa181b50000)
  eden space 559360K,   0% used [0x00007f9c2c600000, 0x00007f9c2c600000, 0x00007f9c4e840000)
  from space 69888K,   0% used [0x00007f9c4e840000, 0x00007f9c4e840270, 0x00007f9c52c80000)
  to   space 69888K,   0% used [0x00007f9c52c80000, 0x00007f9c52c80000, 0x00007f9c570c0000)
 tenured generation   total 5592452K, used 4210246K [0x00007fa181b50000, 0x00007fa2d70b1000, 0x00007fac2c600000)
   the space 5592452K,  75% used [0x00007fa181b50000, 0x00007fa282ae19c0, 0x00007fa282ae1a00, 0x00007fa2d70b1000)
 Metaspace       used 23067K, capacity 23458K, committed 23552K, reserved 24576K
}
Event: 15.142 GC heap before
{Heap before GC invocations=3 (full 2):
 def new generation   total 629248K, used 0K [0x00007f9c2c600000, 0x00007f9c570c0000, 0x00007fa181b50000)
  eden space 559360K,   0% used [0x00007f9c2c600000, 0x00007f9c2c600000, 0x00007f9c4e840000)
  from space 69888K,   0% used [0x00007f9c4e840000, 0x00007f9c4e840270, 0x00007f9c52c80000)
  to   space 69888K,   0% used [0x00007f9c52c80000, 0x00007f9c52c80000, 0x00007f9c570c0000)
 tenured generation   total 5592452K, used 4210246K [0x00007fa181b50000, 0x00007fa2d70b1000, 0x00007fac2c600000)
   the space 5592452K,  75% used [0x00007fa181b50000, 0x00007fa282ae19c0, 0x00007fa282ae1a00, 0x00007fa2d70b1000)
 Metaspace       used 23067K, capacity 23458K, committed 23552K, reserved 24576K
}
Event: 15.201 GC heap after
{Heap after GC invocations=3 (full 3):
 def new generation   total 3157760K, used 0K [0x00007f9c2c600000, 0x00007f9d02860000, 0x00007fa181b50000)
  eden space 2806912K,   0% used [0x00007f9c2c600000, 0x00007f9c2c600000, 0x00007f9cd7b20000)
  from space 350848K,   0% used [0x00007f9cd7b20000, 0x00007f9cd7b20000, 0x00007f9ced1c0000)
  to   space 350848K,   0% used [0x00007f9ced1c0000, 0x00007f9ced1c0000, 0x00007f9d02860000)
 tenured generation   total 7017080K, used 4210247K [0x00007fa181b50000, 0x00007fa32dfee000, 0x00007fac2c600000)
   the space 7017080K,  59% used [0x00007fa181b50000, 0x00007fa282ae1c30, 0x00007fa282ae1e00, 0x00007fa32dfee000)
 Metaspace       used 23067K, capacity 23458K, committed 23552K, reserved 24576K
}
Event: 20.588 GC heap before
{Heap before GC invocations=3 (full 3):
 def new generation   total 3157760K, used 2151886K [0x00007f9c2c600000, 0x00007f9d02860000, 0x00007fa181b50000)
  eden space 2806912K,  76% used [0x00007f9c2c600000, 0x00007f9cafb73bb8, 0x00007f9cd7b20000)
  from space 350848K,   0% used [0x00007f9cd7b20000, 0x00007f9cd7b20000, 0x00007f9ced1c0000)
  to   space 350848K,   0% used [0x00007f9ced1c0000, 0x00007f9ced1c0000, 0x00007f9d02860000)
 tenured generation   total 7017080K, used 4210247K [0x00007fa181b50000, 0x00007fa32dfee000, 0x00007fac2c600000)
   the space 7017080K,  59% used [0x00007fa181b50000, 0x00007fa282ae1c30, 0x00007fa282ae1e00, 0x00007fa32dfee000)
 Metaspace       used 23067K, capacity 23458K, committed 23552K, reserved 24576K
}
Event: 24.128 GC heap after
{Heap after GC invocations=4 (full 3):
 def new generation   total 3157760K, used 0K [0x00007f9c2c600000, 0x00007f9d02860000, 0x00007fa181b50000)
  eden space 2806912K,   0% used [0x00007f9c2c600000, 0x00007f9c2c600000, 0x00007f9cd7b20000)
  from space 350848K,   0% used [0x00007f9ced1c0000, 0x00007f9ced1c0258, 0x00007f9d02860000)
  to   space 350848K,   0% used [0x00007f9cd7b20000, 0x00007f9cd7b20000, 0x00007f9ced1c0000)
 tenured generation   total 7017080K, used 6307399K [0x00007fa181b50000, 0x00007fa32dfee000, 0x00007fac2c600000)
   the space 7017080K,  89% used [0x00007fa181b50000, 0x00007fa302ae1c48, 0x00007fa302ae1e00, 0x00007fa32dfee000)
 Metaspace       used 23067K, capacity 23458K, committed 23552K, reserved 24576K
}
Event: 25.068 GC heap before
{Heap before GC invocations=4 (full 3):
 def new generation   total 3157760K, used 2151878K [0x00007f9c2c600000, 0x00007f9d02860000, 0x00007fa181b50000)
  eden space 2806912K,  76% used [0x00007f9c2c600000, 0x00007f9cafb71990, 0x00007f9cd7b20000)
  from space 350848K,   0% used [0x00007f9ced1c0000, 0x00007f9ced1c0258, 0x00007f9d02860000)
  to   space 350848K,   0% used [0x00007f9cd7b20000, 0x00007f9cd7b20000, 0x00007f9ced1c0000)
 tenured generation   total 7017080K, used 6307399K [0x00007fa181b50000, 0x00007fa32dfee000, 0x00007fac2c600000)
   the space 7017080K,  89% used [0x00007fa181b50000, 0x00007fa302ae1c48, 0x00007fa302ae1e00, 0x00007fa32dfee000)
 Metaspace       used 23067K, capacity 23458K, committed 23552K, reserved 24576K
}

