# JRE version: OpenJDK Runtime Environment (13.0.7+5) (build 13.0.7+5-Ubuntu-0ubuntu120.04)
# Java VM: OpenJDK 64-Bit Server VM (13.0.7+5-Ubuntu-0ubuntu120.04, mixed mode, tiered, serial gc, linux-amd64)
Heap:
 def new generation   total 629248K, used 0K [0x00007fd69c600000, 0x00007fd6c70c0000, 0x00007fdbf1b50000)
  eden space 559360K,   0% used [0x00007fd69c600000, 0x00007fd69c600000, 0x00007fd6be840000)
  from space 69888K,   0% used [0x00007fd6be840000, 0x00007fd6be840000, 0x00007fd6c2c80000)
  to   space 69888K,   0% used [0x00007fd6c2c80000, 0x00007fd6c2c80000, 0x00007fd6c70c0000)
 tenured generation   total 1398144K, used 31298K [0x00007fdbf1b50000, 0x00007fdc470b0000, 0x00007fe69c600000)
   the space 1398144K,   2% used [0x00007fdbf1b50000, 0x00007fdbf39e0b40, 0x00007fdbf39e0c00, 0x00007fdc470b0000)
 Metaspace       used 23245K, capacity 23597K, committed 23808K, reserved 24576K
GC Heap History (12 events):
Event: 4.456 GC heap before
{Heap before GC invocations=0 (full 0):
 def new generation   total 629120K, used 100665K [0x00007fd69c600000, 0x00007fd6c70a0000, 0x00007fdbf1b50000)
  eden space 559232K,  18% used [0x00007fd69c600000, 0x00007fd6a284e678, 0x00007fd6be820000)
  from space 69888K,   0% used [0x00007fd6be820000, 0x00007fd6be820000, 0x00007fd6c2c60000)
  to   space 69888K,   0% used [0x00007fd6c2c60000, 0x00007fd6c2c60000, 0x00007fd6c70a0000)
 tenured generation   total 1398144K, used 0K [0x00007fdbf1b50000, 0x00007fdc470b0000, 0x00007fe69c600000)
   the space 1398144K,   0% used [0x00007fdbf1b50000, 0x00007fdbf1b50000, 0x00007fdbf1b50200, 0x00007fdc470b0000)
 Metaspace       used 20901K, capacity 21208K, committed 21248K, reserved 22528K
}
Event: 4.533 GC heap after
{Heap after GC invocations=1 (full 1):
 def new generation   total 629248K, used 0K [0x00007fd69c600000, 0x00007fd6c70c0000, 0x00007fdbf1b50000)
  eden space 559360K,   0% used [0x00007fd69c600000, 0x00007fd69c600000, 0x00007fd6be840000)
  from space 69888K,   0% used [0x00007fd6be840000, 0x00007fd6be840000, 0x00007fd6c2c80000)
  to   space 69888K,   0% used [0x00007fd6c2c80000, 0x00007fd6c2c80000, 0x00007fd6c70c0000)
 tenured generation   total 1398144K, used 13611K [0x00007fdbf1b50000, 0x00007fdc470b0000, 0x00007fe69c600000)
   the space 1398144K,   0% used [0x00007fdbf1b50000, 0x00007fdbf289af30, 0x00007fdbf289b000, 0x00007fdc470b0000)
 Metaspace       used 20901K, capacity 21208K, committed 21248K, reserved 22528K
}
Event: 5.897 GC heap before
{Heap before GC invocations=1 (full 1):
 def new generation   total 629248K, used 559360K [0x00007fd69c600000, 0x00007fd6c70c0000, 0x00007fdbf1b50000)
  eden space 559360K, 100% used [0x00007fd69c600000, 0x00007fd6be840000, 0x00007fd6be840000)
  from space 69888K,   0% used [0x00007fd6be840000, 0x00007fd6be840000, 0x00007fd6c2c80000)
  to   space 69888K,   0% used [0x00007fd6c2c80000, 0x00007fd6c2c80000, 0x00007fd6c70c0000)
 tenured generation   total 1398144K, used 13611K [0x00007fdbf1b50000, 0x00007fdc470b0000, 0x00007fe69c600000)
   the space 1398144K,   0% used [0x00007fdbf1b50000, 0x00007fdbf289af30, 0x00007fdbf289b000, 0x00007fdc470b0000)
 Metaspace       used 22839K, capacity 23232K, committed 23296K, reserved 24576K
}
Event: 5.903 GC heap after
{Heap after GC invocations=2 (full 1):
 def new generation   total 629248K, used 852K [0x00007fd69c600000, 0x00007fd6c70c0000, 0x00007fdbf1b50000)
  eden space 559360K,   0% used [0x00007fd69c600000, 0x00007fd69c600000, 0x00007fd6be840000)
  from space 69888K,   1% used [0x00007fd6c2c80000, 0x00007fd6c2d551b8, 0x00007fd6c70c0000)
  to   space 69888K,   0% used [0x00007fd6be840000, 0x00007fd6be840000, 0x00007fd6c2c80000)
 tenured generation   total 1398144K, used 13611K [0x00007fdbf1b50000, 0x00007fdc470b0000, 0x00007fe69c600000)
   the space 1398144K,   0% used [0x00007fdbf1b50000, 0x00007fdbf289af30, 0x00007fdbf289b000, 0x00007fdc470b0000)
 Metaspace       used 22839K, capacity 23232K, committed 23296K, reserved 24576K
}
Event: 6.991 GC heap before
{Heap before GC invocations=2 (full 1):
 def new generation   total 629248K, used 560212K [0x00007fd69c600000, 0x00007fd6c70c0000, 0x00007fdbf1b50000)
  eden space 559360K, 100% used [0x00007fd69c600000, 0x00007fd6be840000, 0x00007fd6be840000)
  from space 69888K,   1% used [0x00007fd6c2c80000, 0x00007fd6c2d551b8, 0x00007fd6c70c0000)
  to   space 69888K,   0% used [0x00007fd6be840000, 0x00007fd6be840000, 0x00007fd6c2c80000)
 tenured generation   total 1398144K, used 13611K [0x00007fdbf1b50000, 0x00007fdc470b0000, 0x00007fe69c600000)
   the space 1398144K,   0% used [0x00007fdbf1b50000, 0x00007fdbf289af30, 0x00007fdbf289b000, 0x00007fdc470b0000)
 Metaspace       used 23102K, capacity 23521K, committed 23808K, reserved 24576K
}
Event: 6.995 GC heap after
{Heap after GC invocations=3 (full 1):
 def new generation   total 629248K, used 833K [0x00007fd69c600000, 0x00007fd6c70c0000, 0x00007fdbf1b50000)
  eden space 559360K,   0% used [0x00007fd69c600000, 0x00007fd69c600000, 0x00007fd6be840000)
  from space 69888K,   1% used [0x00007fd6be840000, 0x00007fd6be910718, 0x00007fd6c2c80000)
  to   space 69888K,   0% used [0x00007fd6c2c80000, 0x00007fd6c2c80000, 0x00007fd6c70c0000)
 tenured generation   total 1398144K, used 13611K [0x00007fdbf1b50000, 0x00007fdc470b0000, 0x00007fe69c600000)
   the space 1398144K,   0% used [0x00007fdbf1b50000, 0x00007fdbf289af30, 0x00007fdbf289b000, 0x00007fdc470b0000)
 Metaspace       used 23102K, capacity 23521K, committed 23808K, reserved 24576K
}
Event: 7.737 GC heap before
{Heap before GC invocations=3 (full 1):
 def new generation   total 629248K, used 560193K [0x00007fd69c600000, 0x00007fd6c70c0000, 0x00007fdbf1b50000)
  eden space 559360K, 100% used [0x00007fd69c600000, 0x00007fd6be840000, 0x00007fd6be840000)
  from space 69888K,   1% used [0x00007fd6be840000, 0x00007fd6be910718, 0x00007fd6c2c80000)
  to   space 69888K,   0% used [0x00007fd6c2c80000, 0x00007fd6c2c80000, 0x00007fd6c70c0000)
 tenured generation   total 1398144K, used 13611K [0x00007fdbf1b50000, 0x00007fdc470b0000, 0x00007fe69c600000)
   the space 1398144K,   0% used [0x00007fdbf1b50000, 0x00007fdbf289af30, 0x00007fdbf289b000, 0x00007fdc470b0000)
 Metaspace       used 23102K, capacity 23521K, committed 23808K, reserved 24576K
}
Event: 7.740 GC heap after
{Heap after GC invocations=4 (full 1):
 def new generation   total 629248K, used 1096K [0x00007fd69c600000, 0x00007fd6c70c0000, 0x00007fdbf1b50000)
  eden space 559360K,   0% used [0x00007fd69c600000, 0x00007fd69c600000, 0x00007fd6be840000)
  from space 69888K,   1% used [0x00007fd6c2c80000, 0x00007fd6c2d92098, 0x00007fd6c70c0000)
  to   space 69888K,   0% used [0x00007fd6be840000, 0x00007fd6be840000, 0x00007fd6c2c80000)
 tenured generation   total 1398144K, used 13611K [0x00007fdbf1b50000, 0x00007fdc470b0000, 0x00007fe69c600000)
   the space 1398144K,   0% used [0x00007fdbf1b50000, 0x00007fdbf289af30, 0x00007fdbf289b000, 0x00007fdc470b0000)
 Metaspace       used 23102K, capacity 23521K, committed 23808K, reserved 24576K
}
Event: 8.083 GC heap before
{Heap before GC invocations=4 (full 1):
 def new generation   total 629248K, used 176348K [0x00007fd69c600000, 0x00007fd6c70c0000, 0x00007fdbf1b50000)
  eden space 559360K,  31% used [0x00007fd69c600000, 0x00007fd6a7124f88, 0x00007fd6be840000)
  from space 69888K,   1% used [0x00007fd6c2c80000, 0x00007fd6c2d92098, 0x00007fd6c70c0000)
  to   space 69888K,   0% used [0x00007fd6be840000, 0x00007fd6be840000, 0x00007fd6c2c80000)
 tenured generation   total 1398144K, used 13611K [0x00007fdbf1b50000, 0x00007fdc470b0000, 0x00007fe69c600000)
   the space 1398144K,   0% used [0x00007fdbf1b50000, 0x00007fdbf289af30, 0x00007fdbf289b000, 0x00007fdc470b0000)
 Metaspace       used 23245K, capacity 23597K, committed 23808K, reserved 24576K
}
Event: 8.375 GC heap after
{Heap after GC invocations=5 (full 1):
 def new generation   total 629248K, used 17687K [0x00007fd69c600000, 0x00007fd6c70c0000, 0x00007fdbf1b50000)
  eden space 559360K,   0% used [0x00007fd69c600000, 0x00007fd69c600000, 0x00007fd6be840000)
  from space 69888K,  25% used [0x00007fd6be840000, 0x00007fd6bf985f00, 0x00007fd6c2c80000)
  to   space 69888K,   0% used [0x00007fd6c2c80000, 0x00007fd6c2c80000, 0x00007fd6c70c0000)
 tenured generation   total 1398144K, used 13611K [0x00007fdbf1b50000, 0x00007fdc470b0000, 0x00007fe69c600000)
   the space 1398144K,   0% used [0x00007fdbf1b50000, 0x00007fdbf289af30, 0x00007fdbf289b000, 0x00007fdc470b0000)
 Metaspace       used 23245K, capacity 23597K, committed 23808K, reserved 24576K
}
Event: 8.375 GC heap before
{Heap before GC invocations=5 (full 1):
 def new generation   total 629248K, used 17687K [0x00007fd69c600000, 0x00007fd6c70c0000, 0x00007fdbf1b50000)
  eden space 559360K,   0% used [0x00007fd69c600000, 0x00007fd69c600000, 0x00007fd6be840000)
  from space 69888K,  25% used [0x00007fd6be840000, 0x00007fd6bf985f00, 0x00007fd6c2c80000)
  to   space 69888K,   0% used [0x00007fd6c2c80000, 0x00007fd6c2c80000, 0x00007fd6c70c0000)
 tenured generation   total 1398144K, used 13611K [0x00007fdbf1b50000, 0x00007fdc470b0000, 0x00007fe69c600000)
   the space 1398144K,   0% used [0x00007fdbf1b50000, 0x00007fdbf289af30, 0x00007fdbf289b000, 0x00007fdc470b0000)
 Metaspace       used 23245K, capacity 23597K, committed 23808K, reserved 24576K
}
Event: 8.423 GC heap after
{Heap after GC invocations=5 (full 2):
 def new generation   total 629248K, used 0K [0x00007fd69c600000, 0x00007fd6c70c0000, 0x00007fdbf1b50000)
  eden space 559360K,   0% used [0x00007fd69c600000, 0x00007fd69c600000, 0x00007fd6be840000)
  from space 69888K,   0% used [0x00007fd6be840000, 0x00007fd6be840000, 0x00007fd6c2c80000)
  to   space 69888K,   0% used [0x00007fd6c2c80000, 0x00007fd6c2c80000, 0x00007fd6c70c0000)
 tenured generation   total 1398144K, used 31298K [0x00007fdbf1b50000, 0x00007fdc470b0000, 0x00007fe69c600000)
   the space 1398144K,   2% used [0x00007fdbf1b50000, 0x00007fdbf39e0b40, 0x00007fdbf39e0c00, 0x00007fdc470b0000)
 Metaspace       used 23245K, capacity 23597K, committed 23808K, reserved 24576K
}

