# JRE version: OpenJDK Runtime Environment (13.0.7+5) (build 13.0.7+5-Ubuntu-0ubuntu120.04)
# Java VM: OpenJDK 64-Bit Server VM (13.0.7+5-Ubuntu-0ubuntu120.04, mixed mode, tiered, serial gc, linux-amd64)
Heap:
 def new generation   total 629248K, used 0K [0x00007fb994600000, 0x00007fb9bf0c0000, 0x00007fbee9b50000)
  eden space 559360K,   0% used [0x00007fb994600000, 0x00007fb994600000, 0x00007fb9b6840000)
  from space 69888K,   0% used [0x00007fb9b6840000, 0x00007fb9b6840000, 0x00007fb9bac80000)
  to   space 69888K,   0% used [0x00007fb9bac80000, 0x00007fb9bac80000, 0x00007fb9bf0c0000)
 tenured generation   total 14008280K, used 8404965K [0x00007fbee9b50000, 0x00007fc240b46000, 0x00007fc994600000)
   the space 14008280K,  59% used [0x00007fbee9b50000, 0x00007fc0eab49728, 0x00007fc0eab49800, 0x00007fc240b46000)
 Metaspace       used 23202K, capacity 23544K, committed 23808K, reserved 24576K
GC Heap History (13 events):
Event: 3.158 GC heap before
{Heap before GC invocations=0 (full 0):
 def new generation   total 629120K, used 111846K [0x00007fb994600000, 0x00007fb9bf0a0000, 0x00007fbee9b50000)
  eden space 559232K,  20% used [0x00007fb994600000, 0x00007fb99b339bd0, 0x00007fb9b6820000)
  from space 69888K,   0% used [0x00007fb9b6820000, 0x00007fb9b6820000, 0x00007fb9bac60000)
  to   space 69888K,   0% used [0x00007fb9bac60000, 0x00007fb9bac60000, 0x00007fb9bf0a0000)
 tenured generation   total 1398144K, used 0K [0x00007fbee9b50000, 0x00007fbf3f0b0000, 0x00007fc994600000)
   the space 1398144K,   0% used [0x00007fbee9b50000, 0x00007fbee9b50000, 0x00007fbee9b50200, 0x00007fbf3f0b0000)
 Metaspace       used 20841K, capacity 21142K, committed 21248K, reserved 22528K
}
Event: 3.368 GC heap after
{Heap after GC invocations=1 (full 1):
 def new generation   total 629248K, used 0K [0x00007fb994600000, 0x00007fb9bf0c0000, 0x00007fbee9b50000)
  eden space 559360K,   0% used [0x00007fb994600000, 0x00007fb994600000, 0x00007fb9b6840000)
  from space 69888K,   0% used [0x00007fb9b6840000, 0x00007fb9b6840000, 0x00007fb9bac80000)
  to   space 69888K,   0% used [0x00007fb9bac80000, 0x00007fb9bac80000, 0x00007fb9bf0c0000)
 tenured generation   total 1398144K, used 13577K [0x00007fbee9b50000, 0x00007fbf3f0b0000, 0x00007fc994600000)
   the space 1398144K,   0% used [0x00007fbee9b50000, 0x00007fbeea8927b8, 0x00007fbeea892800, 0x00007fbf3f0b0000)
 Metaspace       used 20841K, capacity 21142K, committed 21248K, reserved 22528K
}
Event: 5.268 GC heap before
{Heap before GC invocations=1 (full 1):
 def new generation   total 629248K, used 559360K [0x00007fb994600000, 0x00007fb9bf0c0000, 0x00007fbee9b50000)
  eden space 559360K, 100% used [0x00007fb994600000, 0x00007fb9b6840000, 0x00007fb9b6840000)
  from space 69888K,   0% used [0x00007fb9b6840000, 0x00007fb9b6840000, 0x00007fb9bac80000)
  to   space 69888K,   0% used [0x00007fb9bac80000, 0x00007fb9bac80000, 0x00007fb9bf0c0000)
 tenured generation   total 1398144K, used 13577K [0x00007fbee9b50000, 0x00007fbf3f0b0000, 0x00007fc994600000)
   the space 1398144K,   0% used [0x00007fbee9b50000, 0x00007fbeea8927b8, 0x00007fbeea892800, 0x00007fbf3f0b0000)
 Metaspace       used 22996K, capacity 23329K, committed 23552K, reserved 24576K
}
Event: 5.274 GC heap after
{Heap after GC invocations=2 (full 1):
 def new generation   total 629248K, used 709K [0x00007fb994600000, 0x00007fb9bf0c0000, 0x00007fbee9b50000)
  eden space 559360K,   0% used [0x00007fb994600000, 0x00007fb994600000, 0x00007fb9b6840000)
  from space 69888K,   1% used [0x00007fb9bac80000, 0x00007fb9bad316b0, 0x00007fb9bf0c0000)
  to   space 69888K,   0% used [0x00007fb9b6840000, 0x00007fb9b6840000, 0x00007fb9bac80000)
 tenured generation   total 1398144K, used 13577K [0x00007fbee9b50000, 0x00007fbf3f0b0000, 0x00007fc994600000)
   the space 1398144K,   0% used [0x00007fbee9b50000, 0x00007fbeea8927b8, 0x00007fbeea892800, 0x00007fbf3f0b0000)
 Metaspace       used 22996K, capacity 23329K, committed 23552K, reserved 24576K
}
Event: 6.195 GC heap before
{Heap before GC invocations=2 (full 1):
 def new generation   total 629248K, used 560069K [0x00007fb994600000, 0x00007fb9bf0c0000, 0x00007fbee9b50000)
  eden space 559360K, 100% used [0x00007fb994600000, 0x00007fb9b6840000, 0x00007fb9b6840000)
  from space 69888K,   1% used [0x00007fb9bac80000, 0x00007fb9bad316b0, 0x00007fb9bf0c0000)
  to   space 69888K,   0% used [0x00007fb9b6840000, 0x00007fb9b6840000, 0x00007fb9bac80000)
 tenured generation   total 1398144K, used 13577K [0x00007fbee9b50000, 0x00007fbf3f0b0000, 0x00007fc994600000)
   the space 1398144K,   0% used [0x00007fbee9b50000, 0x00007fbeea8927b8, 0x00007fbeea892800, 0x00007fbf3f0b0000)
 Metaspace       used 23019K, capacity 23394K, committed 23552K, reserved 24576K
}
Event: 6.198 GC heap after
{Heap after GC invocations=3 (full 1):
 def new generation   total 629248K, used 929K [0x00007fb994600000, 0x00007fb9bf0c0000, 0x00007fbee9b50000)
  eden space 559360K,   0% used [0x00007fb994600000, 0x00007fb994600000, 0x00007fb9b6840000)
  from space 69888K,   1% used [0x00007fb9b6840000, 0x00007fb9b6928530, 0x00007fb9bac80000)
  to   space 69888K,   0% used [0x00007fb9bac80000, 0x00007fb9bac80000, 0x00007fb9bf0c0000)
 tenured generation   total 1398144K, used 13577K [0x00007fbee9b50000, 0x00007fbf3f0b0000, 0x00007fc994600000)
   the space 1398144K,   0% used [0x00007fbee9b50000, 0x00007fbeea8927b8, 0x00007fbeea892800, 0x00007fbf3f0b0000)
 Metaspace       used 23019K, capacity 23394K, committed 23552K, reserved 24576K
}
Event: 6.884 GC heap before
{Heap before GC invocations=3 (full 1):
 def new generation   total 629248K, used 500677K [0x00007fb994600000, 0x00007fb9bf0c0000, 0x00007fbee9b50000)
  eden space 559360K,  89% used [0x00007fb994600000, 0x00007fb9b2e09268, 0x00007fb9b6840000)
  from space 69888K,   1% used [0x00007fb9b6840000, 0x00007fb9b6928530, 0x00007fb9bac80000)
  to   space 69888K,   0% used [0x00007fb9bac80000, 0x00007fb9bac80000, 0x00007fb9bf0c0000)
 tenured generation   total 1398144K, used 13577K [0x00007fbee9b50000, 0x00007fbf3f0b0000, 0x00007fc994600000)
   the space 1398144K,   0% used [0x00007fbee9b50000, 0x00007fbeea8927b8, 0x00007fbeea892800, 0x00007fbf3f0b0000)
 Metaspace       used 23200K, capacity 23544K, committed 23808K, reserved 24576K
}
Event: 6.888 GC heap after
{Heap after GC invocations=4 (full 1):
 def new generation   total 629248K, used 2780K [0x00007fb994600000, 0x00007fb9bf0c0000, 0x00007fbee9b50000)
  eden space 559360K,   0% used [0x00007fb994600000, 0x00007fb994600000, 0x00007fb9b6840000)
  from space 69888K,   3% used [0x00007fb9bac80000, 0x00007fb9baf372a0, 0x00007fb9bf0c0000)
  to   space 69888K,   0% used [0x00007fb9b6840000, 0x00007fb9b6840000, 0x00007fb9bac80000)
 tenured generation   total 1398144K, used 13577K [0x00007fbee9b50000, 0x00007fbf3f0b0000, 0x00007fc994600000)
   the space 1398144K,   0% used [0x00007fbee9b50000, 0x00007fbeea8927b8, 0x00007fbeea892800, 0x00007fbf3f0b0000)
 Metaspace       used 23200K, capacity 23544K, committed 23808K, reserved 24576K
}
Event: 6.888 GC heap before
{Heap before GC invocations=4 (full 1):
 def new generation   total 629248K, used 2780K [0x00007fb994600000, 0x00007fb9bf0c0000, 0x00007fbee9b50000)
  eden space 559360K,   0% used [0x00007fb994600000, 0x00007fb994600000, 0x00007fb9b6840000)
  from space 69888K,   3% used [0x00007fb9bac80000, 0x00007fb9baf372a0, 0x00007fb9bf0c0000)
  to   space 69888K,   0% used [0x00007fb9b6840000, 0x00007fb9b6840000, 0x00007fb9bac80000)
 tenured generation   total 1398144K, used 13577K [0x00007fbee9b50000, 0x00007fbf3f0b0000, 0x00007fc994600000)
   the space 1398144K,   0% used [0x00007fbee9b50000, 0x00007fbeea8927b8, 0x00007fbeea892800, 0x00007fbf3f0b0000)
 Metaspace       used 23200K, capacity 23544K, committed 23808K, reserved 24576K
}
Event: 6.919 GC heap after
{Heap after GC invocations=4 (full 2):
 def new generation   total 629248K, used 0K [0x00007fb994600000, 0x00007fb9bf0c0000, 0x00007fbee9b50000)
  eden space 559360K,   0% used [0x00007fb994600000, 0x00007fb994600000, 0x00007fb9b6840000)
  from space 69888K,   0% used [0x00007fb9bac80000, 0x00007fb9bac80000, 0x00007fb9bf0c0000)
  to   space 69888K,   0% used [0x00007fb9b6840000, 0x00007fb9b6840000, 0x00007fb9bac80000)
 tenured generation   total 1398144K, used 16357K [0x00007fbee9b50000, 0x00007fbf3f0b0000, 0x00007fc994600000)
   the space 1398144K,   1% used [0x00007fbee9b50000, 0x00007fbeeab49620, 0x00007fbeeab49800, 0x00007fbf3f0b0000)
 Metaspace       used 23200K, capacity 23544K, committed 23808K, reserved 24576K
}
Event: 17.540 GC heap before
{Heap before GC invocations=4 (full 2):
 def new generation   total 629248K, used 13324K [0x00007fb994600000, 0x00007fb9bf0c0000, 0x00007fbee9b50000)
  eden space 559360K,   2% used [0x00007fb994600000, 0x00007fb995303380, 0x00007fb9b6840000)
  from space 69888K,   0% used [0x00007fb9bac80000, 0x00007fb9bac80000, 0x00007fb9bf0c0000)
  to   space 69888K,   0% used [0x00007fb9b6840000, 0x00007fb9b6840000, 0x00007fb9bac80000)
 tenured generation   total 9786756K, used 8404965K [0x00007fbee9b50000, 0x00007fc13f0b1000, 0x00007fc994600000)
   the space 9786756K,  85% used [0x00007fbee9b50000, 0x00007fc0eab49638, 0x00007fc0eab49800, 0x00007fc13f0b1000)
 Metaspace       used 23202K, capacity 23544K, committed 23808K, reserved 24576K
}
Event: 17.553 GC heap after
{Heap after GC invocations=5 (full 2):
 def new generation   total 629248K, used 0K [0x00007fb994600000, 0x00007fb9bf0c0000, 0x00007fbee9b50000)
  eden space 559360K,   0% used [0x00007fb994600000, 0x00007fb994600000, 0x00007fb9b6840000)
  from space 69888K,   0% used [0x00007fb9b6840000, 0x00007fb9b68401c0, 0x00007fb9bac80000)
  to   space 69888K,   0% used [0x00007fb9bac80000, 0x00007fb9bac80000, 0x00007fb9bf0c0000)
 tenured generation   total 9786756K, used 8404965K [0x00007fbee9b50000, 0x00007fc13f0b1000, 0x00007fc994600000)
   the space 9786756K,  85% used [0x00007fbee9b50000, 0x00007fc0eab49638, 0x00007fc0eab49800, 0x00007fc13f0b1000)
 Metaspace       used 23202K, capacity 23544K, committed 23808K, reserved 24576K
}
Event: 17.553 GC heap before
{Heap before GC invocations=5 (full 2):
 def new generation   total 629248K, used 0K [0x00007fb994600000, 0x00007fb9bf0c0000, 0x00007fbee9b50000)
  eden space 559360K,   0% used [0x00007fb994600000, 0x00007fb994600000, 0x00007fb9b6840000)
  from space 69888K,   0% used [0x00007fb9b6840000, 0x00007fb9b68401c0, 0x00007fb9bac80000)
  to   space 69888K,   0% used [0x00007fb9bac80000, 0x00007fb9bac80000, 0x00007fb9bf0c0000)
 tenured generation   total 9786756K, used 8404965K [0x00007fbee9b50000, 0x00007fc13f0b1000, 0x00007fc994600000)
   the space 9786756K,  85% used [0x00007fbee9b50000, 0x00007fc0eab49638, 0x00007fc0eab49800, 0x00007fc13f0b1000)
 Metaspace       used 23202K, capacity 23544K, committed 23808K, reserved 24576K
}

