# JRE version: OpenJDK Runtime Environment (13.0.7+5) (build 13.0.7+5-Ubuntu-0ubuntu120.04)
# Java VM: OpenJDK 64-Bit Server VM (13.0.7+5-Ubuntu-0ubuntu120.04, mixed mode, tiered, serial gc, linux-amd64)
Heap:
 def new generation   total 8848832K, used 260957K [0x00007f8354600000, 0x00007f85ac790000, 0x00007f88a9b50000)
  eden space 7865664K,   3% used [0x00007f8354600000, 0x00007f83644d74a0, 0x00007f8534750000)
  from space 983168K,   0% used [0x00007f8534750000, 0x00007f8534750000, 0x00007f8570770000)
  to   space 983168K,   0% used [0x00007f8570770000, 0x00007f8570770000, 0x00007f85ac790000)
 tenured generation   total 19850596K, used 19850596K [0x00007f88a9b50000, 0x00007f8d654a9000, 0x00007f9354600000)
   the space 19850596K, 100% used [0x00007f88a9b50000, 0x00007f8d654a9000, 0x00007f8d654a9000, 0x00007f8d654a9000)
 Metaspace       used 30698K, capacity 31112K, committed 31232K, reserved 32768K
GC Heap History (20 events):
Event: 773.747 GC heap after
{Heap after GC invocations=117 (full 6):
 def new generation   total 8848832K, used 719127K [0x00007f8354600000, 0x00007f85ac790000, 0x00007f88a9b50000)
  eden space 7865664K,   0% used [0x00007f8354600000, 0x00007f8354600000, 0x00007f8534750000)
  from space 983168K,  73% used [0x00007f8570770000, 0x00007f859c5b5c90, 0x00007f85ac790000)
  to   space 983168K,   0% used [0x00007f8534750000, 0x00007f8534750000, 0x00007f8570770000)
 tenured generation   total 19663972K, used 14146215K [0x00007f88a9b50000, 0x00007f8d59e69000, 0x00007f9354600000)
   the space 19663972K,  71% used [0x00007f88a9b50000, 0x00007f8c091f9cd8, 0x00007f8c091f9e00, 0x00007f8d59e69000)
 Metaspace       used 30698K, capacity 31112K, committed 31232K, reserved 32768K
}
Event: 775.755 GC heap before
{Heap before GC invocations=117 (full 6):
 def new generation   total 8848832K, used 8584791K [0x00007f8354600000, 0x00007f85ac790000, 0x00007f88a9b50000)
  eden space 7865664K, 100% used [0x00007f8354600000, 0x00007f8534750000, 0x00007f8534750000)
  from space 983168K,  73% used [0x00007f8570770000, 0x00007f859c5b5c90, 0x00007f85ac790000)
  to   space 983168K,   0% used [0x00007f8534750000, 0x00007f8534750000, 0x00007f8570770000)
 tenured generation   total 19663972K, used 14146215K [0x00007f88a9b50000, 0x00007f8d59e69000, 0x00007f9354600000)
   the space 19663972K,  71% used [0x00007f88a9b50000, 0x00007f8c091f9cd8, 0x00007f8c091f9e00, 0x00007f8d59e69000)
 Metaspace       used 30698K, capacity 31112K, committed 31232K, reserved 32768K
}
Event: 777.395 GC heap after
{Heap after GC invocations=118 (full 6):
 def new generation   total 8848832K, used 660431K [0x00007f8354600000, 0x00007f85ac790000, 0x00007f88a9b50000)
  eden space 7865664K,   0% used [0x00007f8354600000, 0x00007f8354600000, 0x00007f8534750000)
  from space 983168K,  67% used [0x00007f8534750000, 0x00007f855cc43dd8, 0x00007f8570770000)
  to   space 983168K,   0% used [0x00007f8570770000, 0x00007f8570770000, 0x00007f85ac790000)
 tenured generation   total 19663972K, used 14865342K [0x00007f88a9b50000, 0x00007f8d59e69000, 0x00007f9354600000)
   the space 19663972K,  75% used [0x00007f88a9b50000, 0x00007f8c3503f968, 0x00007f8c3503fa00, 0x00007f8d59e69000)
 Metaspace       used 30698K, capacity 31112K, committed 31232K, reserved 32768K
}
Event: 779.396 GC heap before
{Heap before GC invocations=118 (full 6):
 def new generation   total 8848832K, used 8526095K [0x00007f8354600000, 0x00007f85ac790000, 0x00007f88a9b50000)
  eden space 7865664K, 100% used [0x00007f8354600000, 0x00007f8534750000, 0x00007f8534750000)
  from space 983168K,  67% used [0x00007f8534750000, 0x00007f855cc43dd8, 0x00007f8570770000)
  to   space 983168K,   0% used [0x00007f8570770000, 0x00007f8570770000, 0x00007f85ac790000)
 tenured generation   total 19663972K, used 14865342K [0x00007f88a9b50000, 0x00007f8d59e69000, 0x00007f9354600000)
   the space 19663972K,  75% used [0x00007f88a9b50000, 0x00007f8c3503f968, 0x00007f8c3503fa00, 0x00007f8d59e69000)
 Metaspace       used 30698K, capacity 31112K, committed 31232K, reserved 32768K
}
Event: 780.977 GC heap after
{Heap after GC invocations=119 (full 6):
 def new generation   total 8848832K, used 589534K [0x00007f8354600000, 0x00007f85ac790000, 0x00007f88a9b50000)
  eden space 7865664K,   0% used [0x00007f8354600000, 0x00007f8354600000, 0x00007f8534750000)
  from space 983168K,  59% used [0x00007f8570770000, 0x00007f85947278b0, 0x00007f85ac790000)
  to   space 983168K,   0% used [0x00007f8534750000, 0x00007f8534750000, 0x00007f8570770000)
 tenured generation   total 19663972K, used 15525772K [0x00007f88a9b50000, 0x00007f8d59e69000, 0x00007f9354600000)
   the space 19663972K,  78% used [0x00007f88a9b50000, 0x00007f8c5d5333a0, 0x00007f8c5d533400, 0x00007f8d59e69000)
 Metaspace       used 30698K, capacity 31112K, committed 31232K, reserved 32768K
}
Event: 782.968 GC heap before
{Heap before GC invocations=119 (full 6):
 def new generation   total 8848832K, used 8455198K [0x00007f8354600000, 0x00007f85ac790000, 0x00007f88a9b50000)
  eden space 7865664K, 100% used [0x00007f8354600000, 0x00007f8534750000, 0x00007f8534750000)
  from space 983168K,  59% used [0x00007f8570770000, 0x00007f85947278b0, 0x00007f85ac790000)
  to   space 983168K,   0% used [0x00007f8534750000, 0x00007f8534750000, 0x00007f8570770000)
 tenured generation   total 19663972K, used 15525772K [0x00007f88a9b50000, 0x00007f8d59e69000, 0x00007f9354600000)
   the space 19663972K,  78% used [0x00007f88a9b50000, 0x00007f8c5d5333a0, 0x00007f8c5d533400, 0x00007f8d59e69000)
 Metaspace       used 30698K, capacity 31112K, committed 31232K, reserved 32768K
}
Event: 784.546 GC heap after
{Heap after GC invocations=120 (full 6):
 def new generation   total 8848832K, used 588713K [0x00007f8354600000, 0x00007f85ac790000, 0x00007f88a9b50000)
  eden space 7865664K,   0% used [0x00007f8354600000, 0x00007f8354600000, 0x00007f8534750000)
  from space 983168K,  59% used [0x00007f8534750000, 0x00007f855863a480, 0x00007f8570770000)
  to   space 983168K,   0% used [0x00007f8570770000, 0x00007f8570770000, 0x00007f85ac790000)
 tenured generation   total 19663972K, used 16115306K [0x00007f88a9b50000, 0x00007f8d59e69000, 0x00007f9354600000)
   the space 19663972K,  81% used [0x00007f88a9b50000, 0x00007f8c814ea8a0, 0x00007f8c814eaa00, 0x00007f8d59e69000)
 Metaspace       used 30698K, capacity 31112K, committed 31232K, reserved 32768K
}
Event: 786.538 GC heap before
{Heap before GC invocations=120 (full 6):
 def new generation   total 8848832K, used 8454377K [0x00007f8354600000, 0x00007f85ac790000, 0x00007f88a9b50000)
  eden space 7865664K, 100% used [0x00007f8354600000, 0x00007f8534750000, 0x00007f8534750000)
  from space 983168K,  59% used [0x00007f8534750000, 0x00007f855863a480, 0x00007f8570770000)
  to   space 983168K,   0% used [0x00007f8570770000, 0x00007f8570770000, 0x00007f85ac790000)
 tenured generation   total 19663972K, used 16115306K [0x00007f88a9b50000, 0x00007f8d59e69000, 0x00007f9354600000)
   the space 19663972K,  81% used [0x00007f88a9b50000, 0x00007f8c814ea8a0, 0x00007f8c814eaa00, 0x00007f8d59e69000)
 Metaspace       used 30698K, capacity 31112K, committed 31232K, reserved 32768K
}
Event: 788.157 GC heap after
{Heap after GC invocations=121 (full 6):
 def new generation   total 8848832K, used 591727K [0x00007f8354600000, 0x00007f85ac790000, 0x00007f88a9b50000)
  eden space 7865664K,   0% used [0x00007f8354600000, 0x00007f8354600000, 0x00007f8534750000)
  from space 983168K,  60% used [0x00007f8570770000, 0x00007f859494be60, 0x00007f85ac790000)
  to   space 983168K,   0% used [0x00007f8534750000, 0x00007f8534750000, 0x00007f8570770000)
 tenured generation   total 19663972K, used 16704018K [0x00007f88a9b50000, 0x00007f8d59e69000, 0x00007f9354600000)
   the space 19663972K,  84% used [0x00007f88a9b50000, 0x00007f8ca53d4810, 0x00007f8ca53d4a00, 0x00007f8d59e69000)
 Metaspace       used 30698K, capacity 31112K, committed 31232K, reserved 32768K
}
Event: 790.161 GC heap before
{Heap before GC invocations=121 (full 6):
 def new generation   total 8848832K, used 8457391K [0x00007f8354600000, 0x00007f85ac790000, 0x00007f88a9b50000)
  eden space 7865664K, 100% used [0x00007f8354600000, 0x00007f8534750000, 0x00007f8534750000)
  from space 983168K,  60% used [0x00007f8570770000, 0x00007f859494be60, 0x00007f85ac790000)
  to   space 983168K,   0% used [0x00007f8534750000, 0x00007f8534750000, 0x00007f8570770000)
 tenured generation   total 19663972K, used 16704018K [0x00007f88a9b50000, 0x00007f8d59e69000, 0x00007f9354600000)
   the space 19663972K,  84% used [0x00007f88a9b50000, 0x00007f8ca53d4810, 0x00007f8ca53d4a00, 0x00007f8d59e69000)
 Metaspace       used 30698K, capacity 31112K, committed 31232K, reserved 32768K
}
Event: 791.787 GC heap after
{Heap after GC invocations=122 (full 6):
 def new generation   total 8848832K, used 590802K [0x00007f8354600000, 0x00007f85ac790000, 0x00007f88a9b50000)
  eden space 7865664K,   0% used [0x00007f8354600000, 0x00007f8354600000, 0x00007f8534750000)
  from space 983168K,  60% used [0x00007f8534750000, 0x00007f8558844a70, 0x00007f8570770000)
  to   space 983168K,   0% used [0x00007f8570770000, 0x00007f8570770000, 0x00007f85ac790000)
 tenured generation   total 19663972K, used 17295745K [0x00007f88a9b50000, 0x00007f8d59e69000, 0x00007f9354600000)
   the space 19663972K,  87% used [0x00007f88a9b50000, 0x00007f8cc95b0430, 0x00007f8cc95b0600, 0x00007f8d59e69000)
 Metaspace       used 30698K, capacity 31112K, committed 31232K, reserved 32768K
}
Event: 793.823 GC heap before
{Heap before GC invocations=122 (full 6):
 def new generation   total 8848832K, used 8456466K [0x00007f8354600000, 0x00007f85ac790000, 0x00007f88a9b50000)
  eden space 7865664K, 100% used [0x00007f8354600000, 0x00007f8534750000, 0x00007f8534750000)
  from space 983168K,  60% used [0x00007f8534750000, 0x00007f8558844a70, 0x00007f8570770000)
  to   space 983168K,   0% used [0x00007f8570770000, 0x00007f8570770000, 0x00007f85ac790000)
 tenured generation   total 19663972K, used 17295745K [0x00007f88a9b50000, 0x00007f8d59e69000, 0x00007f9354600000)
   the space 19663972K,  87% used [0x00007f88a9b50000, 0x00007f8cc95b0430, 0x00007f8cc95b0600, 0x00007f8d59e69000)
 Metaspace       used 30698K, capacity 31112K, committed 31232K, reserved 32768K
}
Event: 795.681 GC heap after
{Heap after GC invocations=123 (full 6):
 def new generation   total 8848832K, used 754963K [0x00007f8354600000, 0x00007f85ac790000, 0x00007f88a9b50000)
  eden space 7865664K,   0% used [0x00007f8354600000, 0x00007f8354600000, 0x00007f8534750000)
  from space 983168K,  76% used [0x00007f8570770000, 0x00007f859e8b4c40, 0x00007f85ac790000)
  to   space 983168K,   0% used [0x00007f8534750000, 0x00007f8534750000, 0x00007f8570770000)
 tenured generation   total 19663972K, used 17886547K [0x00007f88a9b50000, 0x00007f8d59e69000, 0x00007f9354600000)
   the space 19663972K,  90% used [0x00007f88a9b50000, 0x00007f8ced6a4c40, 0x00007f8ced6a4e00, 0x00007f8d59e69000)
 Metaspace       used 30698K, capacity 31112K, committed 31232K, reserved 32768K
}
Event: 797.720 GC heap before
{Heap before GC invocations=123 (full 6):
 def new generation   total 8848832K, used 8620627K [0x00007f8354600000, 0x00007f85ac790000, 0x00007f88a9b50000)
  eden space 7865664K, 100% used [0x00007f8354600000, 0x00007f8534750000, 0x00007f8534750000)
  from space 983168K,  76% used [0x00007f8570770000, 0x00007f859e8b4c40, 0x00007f85ac790000)
  to   space 983168K,   0% used [0x00007f8534750000, 0x00007f8534750000, 0x00007f8570770000)
 tenured generation   total 19663972K, used 17886547K [0x00007f88a9b50000, 0x00007f8d59e69000, 0x00007f9354600000)
   the space 19663972K,  90% used [0x00007f88a9b50000, 0x00007f8ced6a4c40, 0x00007f8ced6a4e00, 0x00007f8d59e69000)
 Metaspace       used 30698K, capacity 31112K, committed 31232K, reserved 32768K
}
Event: 799.581 GC heap after
{Heap after GC invocations=124 (full 6):
 def new generation   total 8848832K, used 622472K [0x00007f8354600000, 0x00007f85ac790000, 0x00007f88a9b50000)
  eden space 7865664K,   0% used [0x00007f8354600000, 0x00007f8354600000, 0x00007f8534750000)
  from space 983168K,  63% used [0x00007f8534750000, 0x00007f855a7323e0, 0x00007f8570770000)
  to   space 983168K,   0% used [0x00007f8570770000, 0x00007f8570770000, 0x00007f85ac790000)
 tenured generation   total 19663972K, used 18641509K [0x00007f88a9b50000, 0x00007f8d59e69000, 0x00007f9354600000)
   the space 19663972K,  94% used [0x00007f88a9b50000, 0x00007f8d1b7e9690, 0x00007f8d1b7e9800, 0x00007f8d59e69000)
 Metaspace       used 30698K, capacity 31112K, committed 31232K, reserved 32768K
}
Event: 801.712 GC heap before
{Heap before GC invocations=124 (full 6):
 def new generation   total 8848832K, used 8488136K [0x00007f8354600000, 0x00007f85ac790000, 0x00007f88a9b50000)
  eden space 7865664K, 100% used [0x00007f8354600000, 0x00007f8534750000, 0x00007f8534750000)
  from space 983168K,  63% used [0x00007f8534750000, 0x00007f855a7323e0, 0x00007f8570770000)
  to   space 983168K,   0% used [0x00007f8570770000, 0x00007f8570770000, 0x00007f85ac790000)
 tenured generation   total 19663972K, used 18641509K [0x00007f88a9b50000, 0x00007f8d59e69000, 0x00007f9354600000)
   the space 19663972K,  94% used [0x00007f88a9b50000, 0x00007f8d1b7e9690, 0x00007f8d1b7e9800, 0x00007f8d59e69000)
 Metaspace       used 30698K, capacity 31112K, committed 31232K, reserved 32768K
}
Event: 803.322 GC heap after
{Heap after GC invocations=125 (full 6):
 def new generation   total 8848832K, used 586578K [0x00007f8354600000, 0x00007f85ac790000, 0x00007f88a9b50000)
  eden space 7865664K,   0% used [0x00007f8354600000, 0x00007f8354600000, 0x00007f8534750000)
  from space 983168K,  59% used [0x00007f8570770000, 0x00007f8594444880, 0x00007f85ac790000)
  to   space 983168K,   0% used [0x00007f8534750000, 0x00007f8534750000, 0x00007f8570770000)
 tenured generation   total 19663972K, used 19263982K [0x00007f88a9b50000, 0x00007f8d59e69000, 0x00007f9354600000)
   the space 19663972K,  97% used [0x00007f88a9b50000, 0x00007f8d417cb9e0, 0x00007f8d417cba00, 0x00007f8d59e69000)
 Metaspace       used 30698K, capacity 31112K, committed 31232K, reserved 32768K
}
Event: 805.434 GC heap before
{Heap before GC invocations=125 (full 6):
 def new generation   total 8848832K, used 8452242K [0x00007f8354600000, 0x00007f85ac790000, 0x00007f88a9b50000)
  eden space 7865664K, 100% used [0x00007f8354600000, 0x00007f8534750000, 0x00007f8534750000)
  from space 983168K,  59% used [0x00007f8570770000, 0x00007f8594444880, 0x00007f85ac790000)
  to   space 983168K,   0% used [0x00007f8534750000, 0x00007f8534750000, 0x00007f8570770000)
 tenured generation   total 19663972K, used 19263982K [0x00007f88a9b50000, 0x00007f8d59e69000, 0x00007f9354600000)
   the space 19663972K,  97% used [0x00007f88a9b50000, 0x00007f8d417cb9e0, 0x00007f8d417cba00, 0x00007f8d59e69000)
 Metaspace       used 30698K, capacity 31112K, committed 31232K, reserved 32768K
}
Event: 806.996 GC heap after
{Heap after GC invocations=126 (full 6):
 def new generation   total 8848832K, used 585985K [0x00007f8354600000, 0x00007f85ac790000, 0x00007f88a9b50000)
  eden space 7865664K,   0% used [0x00007f8354600000, 0x00007f8354600000, 0x00007f8534750000)
  from space 983168K,  59% used [0x00007f8534750000, 0x00007f8558390690, 0x00007f8570770000)
  to   space 983168K,   0% used [0x00007f8570770000, 0x00007f8570770000, 0x00007f85ac790000)
 tenured generation   total 19850596K, used 19850560K [0x00007f88a9b50000, 0x00007f8d654a9000, 0x00007f9354600000)
   the space 19850596K,  99% used [0x00007f88a9b50000, 0x00007f8d654a0000, 0x00007f8d654a0000, 0x00007f8d654a9000)
 Metaspace       used 30698K, capacity 31112K, committed 31232K, reserved 32768K
}
Event: 806.996 GC heap before
{Heap before GC invocations=126 (full 6):
 def new generation   total 8848832K, used 585985K [0x00007f8354600000, 0x00007f85ac790000, 0x00007f88a9b50000)
  eden space 7865664K,   0% used [0x00007f8354600000, 0x00007f8354600000, 0x00007f8534750000)
  from space 983168K,  59% used [0x00007f8534750000, 0x00007f8558390690, 0x00007f8570770000)
  to   space 983168K,   0% used [0x00007f8570770000, 0x00007f8570770000, 0x00007f85ac790000)
 tenured generation   total 19850596K, used 19850560K [0x00007f88a9b50000, 0x00007f8d654a9000, 0x00007f9354600000)
   the space 19850596K,  99% used [0x00007f88a9b50000, 0x00007f8d654a0000, 0x00007f8d654a0000, 0x00007f8d654a9000)
 Metaspace       used 30698K, capacity 31112K, committed 31232K, reserved 32768K
}

