# JRE version: OpenJDK Runtime Environment (13.0.7+5) (build 13.0.7+5-Ubuntu-0ubuntu120.04)
# Java VM: OpenJDK 64-Bit Server VM (13.0.7+5-Ubuntu-0ubuntu120.04, mixed mode, tiered, serial gc, linux-amd64)
Heap:
 def new generation   total 1048832K, used 7812K [0x00007fb70c600000, 0x00007fb753800000, 0x00007fbc61b50000)
  eden space 932352K,   0% used [0x00007fb70c600000, 0x00007fb70cda12a0, 0x00007fb745480000)
  from space 116480K,   0% used [0x00007fb74c640000, 0x00007fb74c640000, 0x00007fb753800000)
  to   space 116480K,   0% used [0x00007fb745480000, 0x00007fb745480000, 0x00007fb74c640000)
 tenured generation   total 2331136K, used 2331135K [0x00007fbc61b50000, 0x00007fbceffd0000, 0x00007fc70c600000)
   the space 2331136K,  99% used [0x00007fbc61b50000, 0x00007fbceffcfff8, 0x00007fbceffd0000, 0x00007fbceffd0000)
 Metaspace       used 24305K, capacity 24722K, committed 24832K, reserved 26624K
GC Heap History (20 events):
Event: 3935.210 GC heap after
{Heap after GC invocations=6208 (full 2):
 def new generation   total 1048832K, used 7830K [0x00007fb70c600000, 0x00007fb753800000, 0x00007fbc61b50000)
  eden space 932352K,   0% used [0x00007fb70c600000, 0x00007fb70c600000, 0x00007fb745480000)
  from space 116480K,   6% used [0x00007fb745480000, 0x00007fb745c25b00, 0x00007fb74c640000)
  to   space 116480K,   0% used [0x00007fb74c640000, 0x00007fb74c640000, 0x00007fb753800000)
 tenured generation   total 2330560K, used 2326200K [0x00007fbc61b50000, 0x00007fbceff40000, 0x00007fc70c600000)
   the space 2330560K,  99% used [0x00007fbc61b50000, 0x00007fbcefafe0c8, 0x00007fbcefafe200, 0x00007fbceff40000)
 Metaspace       used 24305K, capacity 24722K, committed 24832K, reserved 26624K
}
Event: 3936.103 GC heap before
{Heap before GC invocations=6208 (full 2):
 def new generation   total 1048832K, used 940182K [0x00007fb70c600000, 0x00007fb753800000, 0x00007fbc61b50000)
  eden space 932352K, 100% used [0x00007fb70c600000, 0x00007fb745480000, 0x00007fb745480000)
  from space 116480K,   6% used [0x00007fb745480000, 0x00007fb745c25b00, 0x00007fb74c640000)
  to   space 116480K,   0% used [0x00007fb74c640000, 0x00007fb74c640000, 0x00007fb753800000)
 tenured generation   total 2330560K, used 2326200K [0x00007fbc61b50000, 0x00007fbceff40000, 0x00007fc70c600000)
   the space 2330560K,  99% used [0x00007fbc61b50000, 0x00007fbcefafe0c8, 0x00007fbcefafe200, 0x00007fbceff40000)
 Metaspace       used 24305K, capacity 24722K, committed 24832K, reserved 26624K
}
Event: 3936.120 GC heap after
{Heap after GC invocations=6209 (full 2):
 def new generation   total 1048832K, used 7837K [0x00007fb70c600000, 0x00007fb753800000, 0x00007fbc61b50000)
  eden space 932352K,   0% used [0x00007fb70c600000, 0x00007fb70c600000, 0x00007fb745480000)
  from space 116480K,   6% used [0x00007fb74c640000, 0x00007fb74cde7588, 0x00007fb753800000)
  to   space 116480K,   0% used [0x00007fb745480000, 0x00007fb745480000, 0x00007fb74c640000)
 tenured generation   total 2330560K, used 2326754K [0x00007fbc61b50000, 0x00007fbceff40000, 0x00007fc70c600000)
   the space 2330560K,  99% used [0x00007fbc61b50000, 0x00007fbcefb88a88, 0x00007fbcefb88c00, 0x00007fbceff40000)
 Metaspace       used 24305K, capacity 24722K, committed 24832K, reserved 26624K
}
Event: 3937.020 GC heap before
{Heap before GC invocations=6209 (full 2):
 def new generation   total 1048832K, used 940189K [0x00007fb70c600000, 0x00007fb753800000, 0x00007fbc61b50000)
  eden space 932352K, 100% used [0x00007fb70c600000, 0x00007fb745480000, 0x00007fb745480000)
  from space 116480K,   6% used [0x00007fb74c640000, 0x00007fb74cde7588, 0x00007fb753800000)
  to   space 116480K,   0% used [0x00007fb745480000, 0x00007fb745480000, 0x00007fb74c640000)
 tenured generation   total 2330560K, used 2326754K [0x00007fbc61b50000, 0x00007fbceff40000, 0x00007fc70c600000)
   the space 2330560K,  99% used [0x00007fbc61b50000, 0x00007fbcefb88a88, 0x00007fbcefb88c00, 0x00007fbceff40000)
 Metaspace       used 24305K, capacity 24722K, committed 24832K, reserved 26624K
}
Event: 3937.033 GC heap after
{Heap after GC invocations=6210 (full 2):
 def new generation   total 1048832K, used 7832K [0x00007fb70c600000, 0x00007fb753800000, 0x00007fbc61b50000)
  eden space 932352K,   0% used [0x00007fb70c600000, 0x00007fb70c600000, 0x00007fb745480000)
  from space 116480K,   6% used [0x00007fb745480000, 0x00007fb745c26160, 0x00007fb74c640000)
  to   space 116480K,   0% used [0x00007fb74c640000, 0x00007fb74c640000, 0x00007fb753800000)
 tenured generation   total 2330560K, used 2327296K [0x00007fbc61b50000, 0x00007fbceff40000, 0x00007fc70c600000)
   the space 2330560K,  99% used [0x00007fbc61b50000, 0x00007fbcefc10008, 0x00007fbcefc10200, 0x00007fbceff40000)
 Metaspace       used 24305K, capacity 24722K, committed 24832K, reserved 26624K
}
Event: 3937.944 GC heap before
{Heap before GC invocations=6210 (full 2):
 def new generation   total 1048832K, used 940184K [0x00007fb70c600000, 0x00007fb753800000, 0x00007fbc61b50000)
  eden space 932352K, 100% used [0x00007fb70c600000, 0x00007fb745480000, 0x00007fb745480000)
  from space 116480K,   6% used [0x00007fb745480000, 0x00007fb745c26160, 0x00007fb74c640000)
  to   space 116480K,   0% used [0x00007fb74c640000, 0x00007fb74c640000, 0x00007fb753800000)
 tenured generation   total 2330560K, used 2327296K [0x00007fbc61b50000, 0x00007fbceff40000, 0x00007fc70c600000)
   the space 2330560K,  99% used [0x00007fbc61b50000, 0x00007fbcefc10008, 0x00007fbcefc10200, 0x00007fbceff40000)
 Metaspace       used 24305K, capacity 24722K, committed 24832K, reserved 26624K
}
Event: 3937.963 GC heap after
{Heap after GC invocations=6211 (full 2):
 def new generation   total 1048832K, used 7826K [0x00007fb70c600000, 0x00007fb753800000, 0x00007fbc61b50000)
  eden space 932352K,   0% used [0x00007fb70c600000, 0x00007fb70c600000, 0x00007fb745480000)
  from space 116480K,   6% used [0x00007fb74c640000, 0x00007fb74cde4990, 0x00007fb753800000)
  to   space 116480K,   0% used [0x00007fb745480000, 0x00007fb745480000, 0x00007fb74c640000)
 tenured generation   total 2330560K, used 2327850K [0x00007fbc61b50000, 0x00007fbceff40000, 0x00007fc70c600000)
   the space 2330560K,  99% used [0x00007fbc61b50000, 0x00007fbcefc9aa58, 0x00007fbcefc9ac00, 0x00007fbceff40000)
 Metaspace       used 24305K, capacity 24722K, committed 24832K, reserved 26624K
}
Event: 3938.893 GC heap before
{Heap before GC invocations=6211 (full 2):
 def new generation   total 1048832K, used 940178K [0x00007fb70c600000, 0x00007fb753800000, 0x00007fbc61b50000)
  eden space 932352K, 100% used [0x00007fb70c600000, 0x00007fb745480000, 0x00007fb745480000)
  from space 116480K,   6% used [0x00007fb74c640000, 0x00007fb74cde4990, 0x00007fb753800000)
  to   space 116480K,   0% used [0x00007fb745480000, 0x00007fb745480000, 0x00007fb74c640000)
 tenured generation   total 2330560K, used 2327850K [0x00007fbc61b50000, 0x00007fbceff40000, 0x00007fc70c600000)
   the space 2330560K,  99% used [0x00007fbc61b50000, 0x00007fbcefc9aa58, 0x00007fbcefc9ac00, 0x00007fbceff40000)
 Metaspace       used 24305K, capacity 24722K, committed 24832K, reserved 26624K
}
Event: 3938.911 GC heap after
{Heap after GC invocations=6212 (full 2):
 def new generation   total 1048832K, used 7837K [0x00007fb70c600000, 0x00007fb753800000, 0x00007fbc61b50000)
  eden space 932352K,   0% used [0x00007fb70c600000, 0x00007fb70c600000, 0x00007fb745480000)
  from space 116480K,   6% used [0x00007fb745480000, 0x00007fb745c275e8, 0x00007fb74c640000)
  to   space 116480K,   0% used [0x00007fb74c640000, 0x00007fb74c640000, 0x00007fb753800000)
 tenured generation   total 2330560K, used 2328405K [0x00007fbc61b50000, 0x00007fbceff40000, 0x00007fc70c600000)
   the space 2330560K,  99% used [0x00007fbc61b50000, 0x00007fbcefd255c8, 0x00007fbcefd25600, 0x00007fbceff40000)
 Metaspace       used 24305K, capacity 24722K, committed 24832K, reserved 26624K
}
Event: 3939.770 GC heap before
{Heap before GC invocations=6212 (full 2):
 def new generation   total 1048832K, used 940189K [0x00007fb70c600000, 0x00007fb753800000, 0x00007fbc61b50000)
  eden space 932352K, 100% used [0x00007fb70c600000, 0x00007fb745480000, 0x00007fb745480000)
  from space 116480K,   6% used [0x00007fb745480000, 0x00007fb745c275e8, 0x00007fb74c640000)
  to   space 116480K,   0% used [0x00007fb74c640000, 0x00007fb74c640000, 0x00007fb753800000)
 tenured generation   total 2330560K, used 2328405K [0x00007fbc61b50000, 0x00007fbceff40000, 0x00007fc70c600000)
   the space 2330560K,  99% used [0x00007fbc61b50000, 0x00007fbcefd255c8, 0x00007fbcefd25600, 0x00007fbceff40000)
 Metaspace       used 24305K, capacity 24722K, committed 24832K, reserved 26624K
}
Event: 3939.788 GC heap after
{Heap after GC invocations=6213 (full 2):
 def new generation   total 1048832K, used 7827K [0x00007fb70c600000, 0x00007fb753800000, 0x00007fbc61b50000)
  eden space 932352K,   0% used [0x00007fb70c600000, 0x00007fb70c600000, 0x00007fb745480000)
  from space 116480K,   6% used [0x00007fb74c640000, 0x00007fb74cde4f28, 0x00007fb753800000)
  to   space 116480K,   0% used [0x00007fb745480000, 0x00007fb745480000, 0x00007fb74c640000)
 tenured generation   total 2330560K, used 2328942K [0x00007fbc61b50000, 0x00007fbceff40000, 0x00007fc70c600000)
   the space 2330560K,  99% used [0x00007fbc61b50000, 0x00007fbcefdaba08, 0x00007fbcefdabc00, 0x00007fbceff40000)
 Metaspace       used 24305K, capacity 24722K, committed 24832K, reserved 26624K
}
Event: 3940.663 GC heap before
{Heap before GC invocations=6213 (full 2):
 def new generation   total 1048832K, used 940179K [0x00007fb70c600000, 0x00007fb753800000, 0x00007fbc61b50000)
  eden space 932352K, 100% used [0x00007fb70c600000, 0x00007fb745480000, 0x00007fb745480000)
  from space 116480K,   6% used [0x00007fb74c640000, 0x00007fb74cde4f28, 0x00007fb753800000)
  to   space 116480K,   0% used [0x00007fb745480000, 0x00007fb745480000, 0x00007fb74c640000)
 tenured generation   total 2330560K, used 2328942K [0x00007fbc61b50000, 0x00007fbceff40000, 0x00007fc70c600000)
   the space 2330560K,  99% used [0x00007fbc61b50000, 0x00007fbcefdaba08, 0x00007fbcefdabc00, 0x00007fbceff40000)
 Metaspace       used 24305K, capacity 24722K, committed 24832K, reserved 26624K
}
Event: 3940.683 GC heap after
{Heap after GC invocations=6214 (full 2):
 def new generation   total 1048832K, used 7817K [0x00007fb70c600000, 0x00007fb753800000, 0x00007fbc61b50000)
  eden space 932352K,   0% used [0x00007fb70c600000, 0x00007fb70c600000, 0x00007fb745480000)
  from space 116480K,   6% used [0x00007fb745480000, 0x00007fb745c226b8, 0x00007fb74c640000)
  to   space 116480K,   0% used [0x00007fb74c640000, 0x00007fb74c640000, 0x00007fb753800000)
 tenured generation   total 2330560K, used 2329516K [0x00007fbc61b50000, 0x00007fbceff40000, 0x00007fc70c600000)
   the space 2330560K,  99% used [0x00007fbc61b50000, 0x00007fbcefe3b0c8, 0x00007fbcefe3b200, 0x00007fbceff40000)
 Metaspace       used 24305K, capacity 24722K, committed 24832K, reserved 26624K
}
Event: 3941.593 GC heap before
{Heap before GC invocations=6214 (full 2):
 def new generation   total 1048832K, used 940169K [0x00007fb70c600000, 0x00007fb753800000, 0x00007fbc61b50000)
  eden space 932352K, 100% used [0x00007fb70c600000, 0x00007fb745480000, 0x00007fb745480000)
  from space 116480K,   6% used [0x00007fb745480000, 0x00007fb745c226b8, 0x00007fb74c640000)
  to   space 116480K,   0% used [0x00007fb74c640000, 0x00007fb74c640000, 0x00007fb753800000)
 tenured generation   total 2330560K, used 2329516K [0x00007fbc61b50000, 0x00007fbceff40000, 0x00007fc70c600000)
   the space 2330560K,  99% used [0x00007fbc61b50000, 0x00007fbcefe3b0c8, 0x00007fbcefe3b200, 0x00007fbceff40000)
 Metaspace       used 24305K, capacity 24722K, committed 24832K, reserved 26624K
}
Event: 3941.614 GC heap after
{Heap after GC invocations=6215 (full 2):
 def new generation   total 1048832K, used 7864K [0x00007fb70c600000, 0x00007fb753800000, 0x00007fbc61b50000)
  eden space 932352K,   0% used [0x00007fb70c600000, 0x00007fb70c600000, 0x00007fb745480000)
  from space 116480K,   6% used [0x00007fb74c640000, 0x00007fb74cdee138, 0x00007fb753800000)
  to   space 116480K,   0% used [0x00007fb745480000, 0x00007fb745480000, 0x00007fb74c640000)
 tenured generation   total 2330560K, used 2330000K [0x00007fbc61b50000, 0x00007fbceff40000, 0x00007fc70c600000)
   the space 2330560K,  99% used [0x00007fbc61b50000, 0x00007fbcefeb4098, 0x00007fbcefeb4200, 0x00007fbceff40000)
 Metaspace       used 24305K, capacity 24722K, committed 24832K, reserved 26624K
}
Event: 3942.520 GC heap before
{Heap before GC invocations=6215 (full 2):
 def new generation   total 1048832K, used 940216K [0x00007fb70c600000, 0x00007fb753800000, 0x00007fbc61b50000)
  eden space 932352K, 100% used [0x00007fb70c600000, 0x00007fb745480000, 0x00007fb745480000)
  from space 116480K,   6% used [0x00007fb74c640000, 0x00007fb74cdee138, 0x00007fb753800000)
  to   space 116480K,   0% used [0x00007fb745480000, 0x00007fb745480000, 0x00007fb74c640000)
 tenured generation   total 2330560K, used 2330000K [0x00007fbc61b50000, 0x00007fbceff40000, 0x00007fc70c600000)
   the space 2330560K,  99% used [0x00007fbc61b50000, 0x00007fbcefeb4098, 0x00007fbcefeb4200, 0x00007fbceff40000)
 Metaspace       used 24305K, capacity 24722K, committed 24832K, reserved 26624K
}
Event: 3942.537 GC heap after
{Heap after GC invocations=6216 (full 2):
 def new generation   total 1048832K, used 7949K [0x00007fb70c600000, 0x00007fb753800000, 0x00007fbc61b50000)
  eden space 932352K,   0% used [0x00007fb70c600000, 0x00007fb70c600000, 0x00007fb745480000)
  from space 116480K,   6% used [0x00007fb745480000, 0x00007fb745c437b0, 0x00007fb74c640000)
  to   space 116480K,   0% used [0x00007fb74c640000, 0x00007fb74c640000, 0x00007fb753800000)
 tenured generation   total 2330560K, used 2330466K [0x00007fbc61b50000, 0x00007fbceff40000, 0x00007fc70c600000)
   the space 2330560K,  99% used [0x00007fbc61b50000, 0x00007fbceff289c8, 0x00007fbceff28a00, 0x00007fbceff40000)
 Metaspace       used 24305K, capacity 24722K, committed 24832K, reserved 26624K
}
Event: 3943.432 GC heap before
{Heap before GC invocations=6216 (full 2):
 def new generation   total 1048832K, used 940301K [0x00007fb70c600000, 0x00007fb753800000, 0x00007fbc61b50000)
  eden space 932352K, 100% used [0x00007fb70c600000, 0x00007fb745480000, 0x00007fb745480000)
  from space 116480K,   6% used [0x00007fb745480000, 0x00007fb745c437b0, 0x00007fb74c640000)
  to   space 116480K,   0% used [0x00007fb74c640000, 0x00007fb74c640000, 0x00007fb753800000)
 tenured generation   total 2330560K, used 2330466K [0x00007fbc61b50000, 0x00007fbceff40000, 0x00007fc70c600000)
   the space 2330560K,  99% used [0x00007fbc61b50000, 0x00007fbceff289c8, 0x00007fbceff28a00, 0x00007fbceff40000)
 Metaspace       used 24305K, capacity 24722K, committed 24832K, reserved 26624K
}
Event: 3943.449 GC heap after
{Heap after GC invocations=6217 (full 2):
 def new generation   total 1048832K, used 8024K [0x00007fb70c600000, 0x00007fb753800000, 0x00007fbc61b50000)
  eden space 932352K,   0% used [0x00007fb70c600000, 0x00007fb70c600000, 0x00007fb745480000)
  from space 116480K,   6% used [0x00007fb74c640000, 0x00007fb74ce16168, 0x00007fb753800000)
  to   space 116480K,   0% used [0x00007fb745480000, 0x00007fb745480000, 0x00007fb74c640000)
 tenured generation   total 2331136K, used 2330950K [0x00007fbc61b50000, 0x00007fbceffd0000, 0x00007fc70c600000)
   the space 2331136K,  99% used [0x00007fbc61b50000, 0x00007fbceffa1b48, 0x00007fbceffa1c00, 0x00007fbceffd0000)
 Metaspace       used 24305K, capacity 24722K, committed 24832K, reserved 26624K
}
Event: 3943.449 GC heap before
{Heap before GC invocations=6217 (full 2):
 def new generation   total 1048832K, used 8024K [0x00007fb70c600000, 0x00007fb753800000, 0x00007fbc61b50000)
  eden space 932352K,   0% used [0x00007fb70c600000, 0x00007fb70c600000, 0x00007fb745480000)
  from space 116480K,   6% used [0x00007fb74c640000, 0x00007fb74ce16168, 0x00007fb753800000)
  to   space 116480K,   0% used [0x00007fb745480000, 0x00007fb745480000, 0x00007fb74c640000)
 tenured generation   total 2331136K, used 2330950K [0x00007fbc61b50000, 0x00007fbceffd0000, 0x00007fc70c600000)
   the space 2331136K,  99% used [0x00007fbc61b50000, 0x00007fbceffa1b48, 0x00007fbceffa1c00, 0x00007fbceffd0000)
 Metaspace       used 24305K, capacity 24722K, committed 24832K, reserved 26624K
}

