# JRE version: OpenJDK Runtime Environment (13.0.7+5) (build 13.0.7+5-Ubuntu-0ubuntu120.04)
# Java VM: OpenJDK 64-Bit Server VM (13.0.7+5-Ubuntu-0ubuntu120.04, mixed mode, tiered, compressed oops, serial gc, linux-amd64)
Heap:
 def new generation   total 2037120K, used 0K [0x0000000080200000, 0x000000010a460000, 0x0000000300150000)
  eden space 1810816K,   0% used [0x0000000080200000, 0x0000000080200000, 0x00000000eea60000)
  from space 226304K,   0% used [0x00000000eea60000, 0x00000000eea60000, 0x00000000fc760000)
  to   space 226304K,   0% used [0x00000000fc760000, 0x00000000fc760000, 0x000000010a460000)
 tenured generation   total 4527836K, used 3150482K [0x0000000300150000, 0x0000000414707000, 0x0000000800000000)
   the space 4527836K,  69% used [0x0000000300150000, 0x00000003c05f4908, 0x00000003c05f4a00, 0x0000000414707000)
 Metaspace       used 23360K, capacity 23944K, committed 24112K, reserved 1071104K
  class space    used 2412K, capacity 2631K, committed 2688K, reserved 1048576K
GC Heap History (20 events):
Event: 6386.528 GC heap after
{Heap after GC invocations=13489 (full 17):
 def new generation   total 2037120K, used 33691K [0x0000000080200000, 0x000000010a460000, 0x0000000300150000)
  eden space 1810816K,   0% used [0x0000000080200000, 0x0000000080200000, 0x00000000eea60000)
  from space 226304K,  14% used [0x00000000fc760000, 0x00000000fe846f20, 0x000000010a460000)
  to   space 226304K,   0% used [0x00000000eea60000, 0x00000000eea60000, 0x00000000fc760000)
 tenured generation   total 4526804K, used 4507694K [0x0000000300150000, 0x0000000414605000, 0x0000000800000000)
   the space 4526804K,  99% used [0x0000000300150000, 0x000000041335b928, 0x000000041335ba00, 0x0000000414605000)
 Metaspace       used 23360K, capacity 23944K, committed 24112K, reserved 1071104K
  class space    used 2412K, capacity 2631K, committed 2688K, reserved 1048576K
}
Event: 6387.423 GC heap before
{Heap before GC invocations=13489 (full 17):
 def new generation   total 2037120K, used 1844507K [0x0000000080200000, 0x000000010a460000, 0x0000000300150000)
  eden space 1810816K, 100% used [0x0000000080200000, 0x00000000eea60000, 0x00000000eea60000)
  from space 226304K,  14% used [0x00000000fc760000, 0x00000000fe846f20, 0x000000010a460000)
  to   space 226304K,   0% used [0x00000000eea60000, 0x00000000eea60000, 0x00000000fc760000)
 tenured generation   total 4526804K, used 4507694K [0x0000000300150000, 0x0000000414605000, 0x0000000800000000)
   the space 4526804K,  99% used [0x0000000300150000, 0x000000041335b928, 0x000000041335ba00, 0x0000000414605000)
 Metaspace       used 23360K, capacity 23944K, committed 24112K, reserved 1071104K
  class space    used 2412K, capacity 2631K, committed 2688K, reserved 1048576K
}
Event: 6387.433 GC heap after
{Heap after GC invocations=13490 (full 17):
 def new generation   total 2037120K, used 33689K [0x0000000080200000, 0x000000010a460000, 0x0000000300150000)
  eden space 1810816K,   0% used [0x0000000080200000, 0x0000000080200000, 0x00000000eea60000)
  from space 226304K,  14% used [0x00000000eea60000, 0x00000000f0b46670, 0x00000000fc760000)
  to   space 226304K,   0% used [0x00000000fc760000, 0x00000000fc760000, 0x000000010a460000)
 tenured generation   total 4526804K, used 4509770K [0x0000000300150000, 0x0000000414605000, 0x0000000800000000)
   the space 4526804K,  99% used [0x0000000300150000, 0x0000000413562950, 0x0000000413562a00, 0x0000000414605000)
 Metaspace       used 23360K, capacity 23944K, committed 24112K, reserved 1071104K
  class space    used 2412K, capacity 2631K, committed 2688K, reserved 1048576K
}
Event: 6388.283 GC heap before
{Heap before GC invocations=13490 (full 17):
 def new generation   total 2037120K, used 1831601K [0x0000000080200000, 0x000000010a460000, 0x0000000300150000)
  eden space 1810816K,  99% used [0x0000000080200000, 0x00000000eddc6188, 0x00000000eea60000)
  from space 226304K,  14% used [0x00000000eea60000, 0x00000000f0b46670, 0x00000000fc760000)
  to   space 226304K,   0% used [0x00000000fc760000, 0x00000000fc760000, 0x000000010a460000)
 tenured generation   total 4526804K, used 4509770K [0x0000000300150000, 0x0000000414605000, 0x0000000800000000)
   the space 4526804K,  99% used [0x0000000300150000, 0x0000000413562950, 0x0000000413562a00, 0x0000000414605000)
 Metaspace       used 23360K, capacity 23944K, committed 24112K, reserved 1071104K
  class space    used 2412K, capacity 2631K, committed 2688K, reserved 1048576K
}
Event: 6388.293 GC heap after
{Heap after GC invocations=13491 (full 17):
 def new generation   total 2037120K, used 33691K [0x0000000080200000, 0x000000010a460000, 0x0000000300150000)
  eden space 1810816K,   0% used [0x0000000080200000, 0x0000000080200000, 0x00000000eea60000)
  from space 226304K,  14% used [0x00000000fc760000, 0x00000000fe846eb0, 0x000000010a460000)
  to   space 226304K,   0% used [0x00000000eea60000, 0x00000000eea60000, 0x00000000fc760000)
 tenured generation   total 4526804K, used 4511844K [0x0000000300150000, 0x0000000414605000, 0x0000000800000000)
   the space 4526804K,  99% used [0x0000000300150000, 0x0000000413769138, 0x0000000413769200, 0x0000000414605000)
 Metaspace       used 23360K, capacity 23944K, committed 24112K, reserved 1071104K
  class space    used 2412K, capacity 2631K, committed 2688K, reserved 1048576K
}
Event: 6389.224 GC heap before
{Heap before GC invocations=13491 (full 17):
 def new generation   total 2037120K, used 1844507K [0x0000000080200000, 0x000000010a460000, 0x0000000300150000)
  eden space 1810816K, 100% used [0x0000000080200000, 0x00000000eea60000, 0x00000000eea60000)
  from space 226304K,  14% used [0x00000000fc760000, 0x00000000fe846eb0, 0x000000010a460000)
  to   space 226304K,   0% used [0x00000000eea60000, 0x00000000eea60000, 0x00000000fc760000)
 tenured generation   total 4526804K, used 4511844K [0x0000000300150000, 0x0000000414605000, 0x0000000800000000)
   the space 4526804K,  99% used [0x0000000300150000, 0x0000000413769138, 0x0000000413769200, 0x0000000414605000)
 Metaspace       used 23360K, capacity 23944K, committed 24112K, reserved 1071104K
  class space    used 2412K, capacity 2631K, committed 2688K, reserved 1048576K
}
Event: 6389.235 GC heap after
{Heap after GC invocations=13492 (full 17):
 def new generation   total 2037120K, used 33179K [0x0000000080200000, 0x000000010a460000, 0x0000000300150000)
  eden space 1810816K,   0% used [0x0000000080200000, 0x0000000080200000, 0x00000000eea60000)
  from space 226304K,  14% used [0x00000000eea60000, 0x00000000f0ac6f40, 0x00000000fc760000)
  to   space 226304K,   0% used [0x00000000fc760000, 0x00000000fc760000, 0x000000010a460000)
 tenured generation   total 4526804K, used 4514430K [0x0000000300150000, 0x0000000414605000, 0x0000000800000000)
   the space 4526804K,  99% used [0x0000000300150000, 0x00000004139ef890, 0x00000004139efa00, 0x0000000414605000)
 Metaspace       used 23360K, capacity 23944K, committed 24112K, reserved 1071104K
  class space    used 2412K, capacity 2631K, committed 2688K, reserved 1048576K
}
Event: 6390.128 GC heap before
{Heap before GC invocations=13492 (full 17):
 def new generation   total 2037120K, used 1840130K [0x0000000080200000, 0x000000010a460000, 0x0000000300150000)
  eden space 1810816K,  99% used [0x0000000080200000, 0x00000000ee699ca0, 0x00000000eea60000)
  from space 226304K,  14% used [0x00000000eea60000, 0x00000000f0ac6f40, 0x00000000fc760000)
  to   space 226304K,   0% used [0x00000000fc760000, 0x00000000fc760000, 0x000000010a460000)
 tenured generation   total 4526804K, used 4514430K [0x0000000300150000, 0x0000000414605000, 0x0000000800000000)
   the space 4526804K,  99% used [0x0000000300150000, 0x00000004139ef890, 0x00000004139efa00, 0x0000000414605000)
 Metaspace       used 23360K, capacity 23944K, committed 24112K, reserved 1071104K
  class space    used 2412K, capacity 2631K, committed 2688K, reserved 1048576K
}
Event: 6390.139 GC heap after
{Heap after GC invocations=13493 (full 17):
 def new generation   total 2037120K, used 33691K [0x0000000080200000, 0x000000010a460000, 0x0000000300150000)
  eden space 1810816K,   0% used [0x0000000080200000, 0x0000000080200000, 0x00000000eea60000)
  from space 226304K,  14% used [0x00000000fc760000, 0x00000000fe846f20, 0x000000010a460000)
  to   space 226304K,   0% used [0x00000000eea60000, 0x00000000eea60000, 0x00000000fc760000)
 tenured generation   total 4526804K, used 4516504K [0x0000000300150000, 0x0000000414605000, 0x0000000800000000)
   the space 4526804K,  99% used [0x0000000300150000, 0x0000000413bf6008, 0x0000000413bf6200, 0x0000000414605000)
 Metaspace       used 23360K, capacity 23944K, committed 24112K, reserved 1071104K
  class space    used 2412K, capacity 2631K, committed 2688K, reserved 1048576K
}
Event: 6390.982 GC heap before
{Heap before GC invocations=13493 (full 17):
 def new generation   total 2037120K, used 1832242K [0x0000000080200000, 0x000000010a460000, 0x0000000300150000)
  eden space 1810816K,  99% used [0x0000000080200000, 0x00000000ede65ae0, 0x00000000eea60000)
  from space 226304K,  14% used [0x00000000fc760000, 0x00000000fe846f20, 0x000000010a460000)
  to   space 226304K,   0% used [0x00000000eea60000, 0x00000000eea60000, 0x00000000fc760000)
 tenured generation   total 4526804K, used 4516504K [0x0000000300150000, 0x0000000414605000, 0x0000000800000000)
   the space 4526804K,  99% used [0x0000000300150000, 0x0000000413bf6008, 0x0000000413bf6200, 0x0000000414605000)
 Metaspace       used 23360K, capacity 23944K, committed 24112K, reserved 1071104K
  class space    used 2412K, capacity 2631K, committed 2688K, reserved 1048576K
}
Event: 6390.993 GC heap after
{Heap after GC invocations=13494 (full 17):
 def new generation   total 2037120K, used 33689K [0x0000000080200000, 0x000000010a460000, 0x0000000300150000)
  eden space 1810816K,   0% used [0x0000000080200000, 0x0000000080200000, 0x00000000eea60000)
  from space 226304K,  14% used [0x00000000eea60000, 0x00000000f0b46670, 0x00000000fc760000)
  to   space 226304K,   0% used [0x00000000fc760000, 0x00000000fc760000, 0x000000010a460000)
 tenured generation   total 4526804K, used 4518580K [0x0000000300150000, 0x0000000414605000, 0x0000000800000000)
   the space 4526804K,  99% used [0x0000000300150000, 0x0000000413dfd030, 0x0000000413dfd200, 0x0000000414605000)
 Metaspace       used 23360K, capacity 23944K, committed 24112K, reserved 1071104K
  class space    used 2412K, capacity 2631K, committed 2688K, reserved 1048576K
}
Event: 6391.864 GC heap before
{Heap before GC invocations=13494 (full 17):
 def new generation   total 2037120K, used 1844505K [0x0000000080200000, 0x000000010a460000, 0x0000000300150000)
  eden space 1810816K, 100% used [0x0000000080200000, 0x00000000eea60000, 0x00000000eea60000)
  from space 226304K,  14% used [0x00000000eea60000, 0x00000000f0b46670, 0x00000000fc760000)
  to   space 226304K,   0% used [0x00000000fc760000, 0x00000000fc760000, 0x000000010a460000)
 tenured generation   total 4526804K, used 4518580K [0x0000000300150000, 0x0000000414605000, 0x0000000800000000)
   the space 4526804K,  99% used [0x0000000300150000, 0x0000000413dfd030, 0x0000000413dfd200, 0x0000000414605000)
 Metaspace       used 23360K, capacity 23944K, committed 24112K, reserved 1071104K
  class space    used 2412K, capacity 2631K, committed 2688K, reserved 1048576K
}
Event: 6391.876 GC heap after
{Heap after GC invocations=13495 (full 17):
 def new generation   total 2037120K, used 33691K [0x0000000080200000, 0x000000010a460000, 0x0000000300150000)
  eden space 1810816K,   0% used [0x0000000080200000, 0x0000000080200000, 0x00000000eea60000)
  from space 226304K,  14% used [0x00000000fc760000, 0x00000000fe846eb0, 0x000000010a460000)
  to   space 226304K,   0% used [0x00000000eea60000, 0x00000000eea60000, 0x00000000fc760000)
 tenured generation   total 4526804K, used 4520654K [0x0000000300150000, 0x0000000414605000, 0x0000000800000000)
   the space 4526804K,  99% used [0x0000000300150000, 0x0000000414003818, 0x0000000414003a00, 0x0000000414605000)
 Metaspace       used 23360K, capacity 23944K, committed 24112K, reserved 1071104K
  class space    used 2412K, capacity 2631K, committed 2688K, reserved 1048576K
}
Event: 6392.778 GC heap before
{Heap before GC invocations=13495 (full 17):
 def new generation   total 2037120K, used 1830939K [0x0000000080200000, 0x000000010a460000, 0x0000000300150000)
  eden space 1810816K,  99% used [0x0000000080200000, 0x00000000edd20130, 0x00000000eea60000)
  from space 226304K,  14% used [0x00000000fc760000, 0x00000000fe846eb0, 0x000000010a460000)
  to   space 226304K,   0% used [0x00000000eea60000, 0x00000000eea60000, 0x00000000fc760000)
 tenured generation   total 4526804K, used 4520654K [0x0000000300150000, 0x0000000414605000, 0x0000000800000000)
   the space 4526804K,  99% used [0x0000000300150000, 0x0000000414003818, 0x0000000414003a00, 0x0000000414605000)
 Metaspace       used 23360K, capacity 23944K, committed 24112K, reserved 1071104K
  class space    used 2412K, capacity 2631K, committed 2688K, reserved 1048576K
}
Event: 6392.788 GC heap after
{Heap after GC invocations=13496 (full 17):
 def new generation   total 2037120K, used 33179K [0x0000000080200000, 0x000000010a460000, 0x0000000300150000)
  eden space 1810816K,   0% used [0x0000000080200000, 0x0000000080200000, 0x00000000eea60000)
  from space 226304K,  14% used [0x00000000eea60000, 0x00000000f0ac6f40, 0x00000000fc760000)
  to   space 226304K,   0% used [0x00000000fc760000, 0x00000000fc760000, 0x000000010a460000)
 tenured generation   total 4526804K, used 4523239K [0x0000000300150000, 0x0000000414605000, 0x0000000800000000)
   the space 4526804K,  99% used [0x0000000300150000, 0x0000000414289f70, 0x000000041428a000, 0x0000000414605000)
 Metaspace       used 23360K, capacity 23944K, committed 24112K, reserved 1071104K
  class space    used 2412K, capacity 2631K, committed 2688K, reserved 1048576K
}
Event: 6393.677 GC heap before
{Heap before GC invocations=13496 (full 17):
 def new generation   total 2037120K, used 1843995K [0x0000000080200000, 0x000000010a460000, 0x0000000300150000)
  eden space 1810816K, 100% used [0x0000000080200000, 0x00000000eea60000, 0x00000000eea60000)
  from space 226304K,  14% used [0x00000000eea60000, 0x00000000f0ac6f40, 0x00000000fc760000)
  to   space 226304K,   0% used [0x00000000fc760000, 0x00000000fc760000, 0x000000010a460000)
 tenured generation   total 4526804K, used 4523239K [0x0000000300150000, 0x0000000414605000, 0x0000000800000000)
   the space 4526804K,  99% used [0x0000000300150000, 0x0000000414289f70, 0x000000041428a000, 0x0000000414605000)
 Metaspace       used 23360K, capacity 23944K, committed 24112K, reserved 1071104K
  class space    used 2412K, capacity 2631K, committed 2688K, reserved 1048576K
}
Event: 6393.688 GC heap after
{Heap after GC invocations=13497 (full 17):
 def new generation   total 2037120K, used 33691K [0x0000000080200000, 0x000000010a460000, 0x0000000300150000)
  eden space 1810816K,   0% used [0x0000000080200000, 0x0000000080200000, 0x00000000eea60000)
  from space 226304K,  14% used [0x00000000fc760000, 0x00000000fe846f20, 0x000000010a460000)
  to   space 226304K,   0% used [0x00000000eea60000, 0x00000000eea60000, 0x00000000fc760000)
 tenured generation   total 4526804K, used 4525313K [0x0000000300150000, 0x0000000414605000, 0x0000000800000000)
   the space 4526804K,  99% used [0x0000000300150000, 0x00000004144906e8, 0x0000000414490800, 0x0000000414605000)
 Metaspace       used 23360K, capacity 23944K, committed 24112K, reserved 1071104K
  class space    used 2412K, capacity 2631K, committed 2688K, reserved 1048576K
}
Event: 6394.530 GC heap before
{Heap before GC invocations=13497 (full 17):
 def new generation   total 2037120K, used 1844507K [0x0000000080200000, 0x000000010a460000, 0x0000000300150000)
  eden space 1810816K, 100% used [0x0000000080200000, 0x00000000eea60000, 0x00000000eea60000)
  from space 226304K,  14% used [0x00000000fc760000, 0x00000000fe846f20, 0x000000010a460000)
  to   space 226304K,   0% used [0x00000000eea60000, 0x00000000eea60000, 0x00000000fc760000)
 tenured generation   total 4526804K, used 4525313K [0x0000000300150000, 0x0000000414605000, 0x0000000800000000)
   the space 4526804K,  99% used [0x0000000300150000, 0x00000004144906e8, 0x0000000414490800, 0x0000000414605000)
 Metaspace       used 23360K, capacity 23944K, committed 24112K, reserved 1071104K
  class space    used 2412K, capacity 2631K, committed 2688K, reserved 1048576K
}
Event: 6394.540 GC heap after
{Heap after GC invocations=13498 (full 17):
 def new generation   total 2037120K, used 33689K [0x0000000080200000, 0x000000010a460000, 0x0000000300150000)
  eden space 1810816K,   0% used [0x0000000080200000, 0x0000000080200000, 0x00000000eea60000)
  from space 226304K,  14% used [0x00000000eea60000, 0x00000000f0b46670, 0x00000000fc760000)
  to   space 226304K,   0% used [0x00000000fc760000, 0x00000000fc760000, 0x000000010a460000)
 tenured generation   total 4527836K, used 4527389K [0x0000000300150000, 0x0000000414707000, 0x0000000800000000)
   the space 4527836K,  99% used [0x0000000300150000, 0x0000000414697710, 0x0000000414697800, 0x0000000414707000)
 Metaspace       used 23360K, capacity 23944K, committed 24112K, reserved 1071104K
  class space    used 2412K, capacity 2631K, committed 2688K, reserved 1048576K
}
Event: 6394.540 GC heap before
{Heap before GC invocations=13498 (full 17):
 def new generation   total 2037120K, used 33689K [0x0000000080200000, 0x000000010a460000, 0x0000000300150000)
  eden space 1810816K,   0% used [0x0000000080200000, 0x0000000080200000, 0x00000000eea60000)
  from space 226304K,  14% used [0x00000000eea60000, 0x00000000f0b46670, 0x00000000fc760000)
  to   space 226304K,   0% used [0x00000000fc760000, 0x00000000fc760000, 0x000000010a460000)
 tenured generation   total 4527836K, used 4527389K [0x0000000300150000, 0x0000000414707000, 0x0000000800000000)
   the space 4527836K,  99% used [0x0000000300150000, 0x0000000414697710, 0x0000000414697800, 0x0000000414707000)
 Metaspace       used 23360K, capacity 23944K, committed 24112K, reserved 1071104K
  class space    used 2412K, capacity 2631K, committed 2688K, reserved 1048576K
}

