# JRE version: OpenJDK Runtime Environment (13.0.7+5) (build 13.0.7+5-Ubuntu-0ubuntu120.04)
# Java VM: OpenJDK 64-Bit Server VM (13.0.7+5-Ubuntu-0ubuntu120.04, mixed mode, tiered, serial gc, linux-amd64)
Heap:
 def new generation   total 4833088K, used 14574K [0x00007f2b34600000, 0x00007f2c7c230000, 0x00007f3089b50000)
  eden space 4296128K,   0% used [0x00007f2b34600000, 0x00007f2b3543b9f0, 0x00007f2c3a970000)
  from space 536960K,   0% used [0x00007f2c5b5d0000, 0x00007f2c5b5d0000, 0x00007f2c7c230000)
  to   space 536960K,   0% used [0x00007f2c3a970000, 0x00007f2c3a970000, 0x00007f2c5b5d0000)
 tenured generation   total 10741036K, used 10741035K [0x00007f3089b50000, 0x00007f331949b000, 0x00007f3b34600000)
   the space 10741036K,  99% used [0x00007f3089b50000, 0x00007f331949af60, 0x00007f331949b000, 0x00007f331949b000)
 Metaspace       used 24382K, capacity 24774K, committed 24832K, reserved 26624K
GC Heap History (20 events):
Event: 43832.584 GC heap after
{Heap after GC invocations=27682 (full 5):
 def new generation   total 4833088K, used 16397K [0x00007f2b34600000, 0x00007f2c7c230000, 0x00007f3089b50000)
  eden space 4296128K,   0% used [0x00007f2b34600000, 0x00007f2b34600000, 0x00007f2c3a970000)
  from space 536960K,   3% used [0x00007f2c3a970000, 0x00007f2c3b9737c0, 0x00007f2c5b5d0000)
  to   space 536960K,   0% used [0x00007f2c5b5d0000, 0x00007f2c5b5d0000, 0x00007f2c7c230000)
 tenured generation   total 10740076K, used 10731142K [0x00007f3089b50000, 0x00007f33193ab000, 0x00007f3b34600000)
   the space 10740076K,  99% used [0x00007f3089b50000, 0x00007f3318af1b78, 0x00007f3318af1c00, 0x00007f33193ab000)
 Metaspace       used 24382K, capacity 24774K, committed 24832K, reserved 26624K
}
Event: 43836.153 GC heap before
{Heap before GC invocations=27682 (full 5):
 def new generation   total 4833088K, used 4312525K [0x00007f2b34600000, 0x00007f2c7c230000, 0x00007f3089b50000)
  eden space 4296128K, 100% used [0x00007f2b34600000, 0x00007f2c3a970000, 0x00007f2c3a970000)
  from space 536960K,   3% used [0x00007f2c3a970000, 0x00007f2c3b9737c0, 0x00007f2c5b5d0000)
  to   space 536960K,   0% used [0x00007f2c5b5d0000, 0x00007f2c5b5d0000, 0x00007f2c7c230000)
 tenured generation   total 10740076K, used 10731142K [0x00007f3089b50000, 0x00007f33193ab000, 0x00007f3b34600000)
   the space 10740076K,  99% used [0x00007f3089b50000, 0x00007f3318af1b78, 0x00007f3318af1c00, 0x00007f33193ab000)
 Metaspace       used 24382K, capacity 24774K, committed 24832K, reserved 26624K
}
Event: 43836.181 GC heap after
{Heap after GC invocations=27683 (full 5):
 def new generation   total 4833088K, used 16100K [0x00007f2b34600000, 0x00007f2c7c230000, 0x00007f3089b50000)
  eden space 4296128K,   0% used [0x00007f2b34600000, 0x00007f2b34600000, 0x00007f2c3a970000)
  from space 536960K,   2% used [0x00007f2c5b5d0000, 0x00007f2c5c589088, 0x00007f2c7c230000)
  to   space 536960K,   0% used [0x00007f2c3a970000, 0x00007f2c3a970000, 0x00007f2c5b5d0000)
 tenured generation   total 10740076K, used 10732284K [0x00007f3089b50000, 0x00007f33193ab000, 0x00007f3b34600000)
   the space 10740076K,  99% used [0x00007f3089b50000, 0x00007f3318c0f0b8, 0x00007f3318c0f200, 0x00007f33193ab000)
 Metaspace       used 24382K, capacity 24774K, committed 24832K, reserved 26624K
}
Event: 43839.635 GC heap before
{Heap before GC invocations=27683 (full 5):
 def new generation   total 4833088K, used 4312228K [0x00007f2b34600000, 0x00007f2c7c230000, 0x00007f3089b50000)
  eden space 4296128K, 100% used [0x00007f2b34600000, 0x00007f2c3a970000, 0x00007f2c3a970000)
  from space 536960K,   2% used [0x00007f2c5b5d0000, 0x00007f2c5c589088, 0x00007f2c7c230000)
  to   space 536960K,   0% used [0x00007f2c3a970000, 0x00007f2c3a970000, 0x00007f2c5b5d0000)
 tenured generation   total 10740076K, used 10732284K [0x00007f3089b50000, 0x00007f33193ab000, 0x00007f3b34600000)
   the space 10740076K,  99% used [0x00007f3089b50000, 0x00007f3318c0f0b8, 0x00007f3318c0f200, 0x00007f33193ab000)
 Metaspace       used 24382K, capacity 24774K, committed 24832K, reserved 26624K
}
Event: 43839.667 GC heap after
{Heap after GC invocations=27684 (full 5):
 def new generation   total 4833088K, used 15880K [0x00007f2b34600000, 0x00007f2c7c230000, 0x00007f3089b50000)
  eden space 4296128K,   0% used [0x00007f2b34600000, 0x00007f2b34600000, 0x00007f2c3a970000)
  from space 536960K,   2% used [0x00007f2c3a970000, 0x00007f2c3b8f23f0, 0x00007f2c5b5d0000)
  to   space 536960K,   0% used [0x00007f2c5b5d0000, 0x00007f2c5b5d0000, 0x00007f2c7c230000)
 tenured generation   total 10740076K, used 10733330K [0x00007f3089b50000, 0x00007f33193ab000, 0x00007f3b34600000)
   the space 10740076K,  99% used [0x00007f3089b50000, 0x00007f3318d14988, 0x00007f3318d14a00, 0x00007f33193ab000)
 Metaspace       used 24382K, capacity 24774K, committed 24832K, reserved 26624K
}
Event: 43843.268 GC heap before
{Heap before GC invocations=27684 (full 5):
 def new generation   total 4833088K, used 4312008K [0x00007f2b34600000, 0x00007f2c7c230000, 0x00007f3089b50000)
  eden space 4296128K, 100% used [0x00007f2b34600000, 0x00007f2c3a970000, 0x00007f2c3a970000)
  from space 536960K,   2% used [0x00007f2c3a970000, 0x00007f2c3b8f23f0, 0x00007f2c5b5d0000)
  to   space 536960K,   0% used [0x00007f2c5b5d0000, 0x00007f2c5b5d0000, 0x00007f2c7c230000)
 tenured generation   total 10740076K, used 10733330K [0x00007f3089b50000, 0x00007f33193ab000, 0x00007f3b34600000)
   the space 10740076K,  99% used [0x00007f3089b50000, 0x00007f3318d14988, 0x00007f3318d14a00, 0x00007f33193ab000)
 Metaspace       used 24382K, capacity 24774K, committed 24832K, reserved 26624K
}
Event: 43843.303 GC heap after
{Heap after GC invocations=27685 (full 5):
 def new generation   total 4833088K, used 15661K [0x00007f2b34600000, 0x00007f2c7c230000, 0x00007f3089b50000)
  eden space 4296128K,   0% used [0x00007f2b34600000, 0x00007f2b34600000, 0x00007f2c3a970000)
  from space 536960K,   2% used [0x00007f2c5b5d0000, 0x00007f2c5c51b6a8, 0x00007f2c7c230000)
  to   space 536960K,   0% used [0x00007f2c3a970000, 0x00007f2c3a970000, 0x00007f2c5b5d0000)
 tenured generation   total 10740076K, used 10734381K [0x00007f3089b50000, 0x00007f33193ab000, 0x00007f3b34600000)
   the space 10740076K,  99% used [0x00007f3089b50000, 0x00007f3318e1b6f8, 0x00007f3318e1b800, 0x00007f33193ab000)
 Metaspace       used 24382K, capacity 24774K, committed 24832K, reserved 26624K
}
Event: 43846.576 GC heap before
{Heap before GC invocations=27685 (full 5):
 def new generation   total 4833088K, used 4311789K [0x00007f2b34600000, 0x00007f2c7c230000, 0x00007f3089b50000)
  eden space 4296128K, 100% used [0x00007f2b34600000, 0x00007f2c3a970000, 0x00007f2c3a970000)
  from space 536960K,   2% used [0x00007f2c5b5d0000, 0x00007f2c5c51b6a8, 0x00007f2c7c230000)
  to   space 536960K,   0% used [0x00007f2c3a970000, 0x00007f2c3a970000, 0x00007f2c5b5d0000)
 tenured generation   total 10740076K, used 10734381K [0x00007f3089b50000, 0x00007f33193ab000, 0x00007f3b34600000)
   the space 10740076K,  99% used [0x00007f3089b50000, 0x00007f3318e1b6f8, 0x00007f3318e1b800, 0x00007f33193ab000)
 Metaspace       used 24382K, capacity 24774K, committed 24832K, reserved 26624K
}
Event: 43846.615 GC heap after
{Heap after GC invocations=27686 (full 5):
 def new generation   total 4833088K, used 15368K [0x00007f2b34600000, 0x00007f2c7c230000, 0x00007f3089b50000)
  eden space 4296128K,   0% used [0x00007f2b34600000, 0x00007f2b34600000, 0x00007f2c3a970000)
  from space 536960K,   2% used [0x00007f2c3a970000, 0x00007f2c3b872000, 0x00007f2c5b5d0000)
  to   space 536960K,   0% used [0x00007f2c5b5d0000, 0x00007f2c5b5d0000, 0x00007f2c7c230000)
 tenured generation   total 10740076K, used 10735522K [0x00007f3089b50000, 0x00007f33193ab000, 0x00007f3b34600000)
   the space 10740076K,  99% used [0x00007f3089b50000, 0x00007f3318f388d8, 0x00007f3318f38a00, 0x00007f33193ab000)
 Metaspace       used 24382K, capacity 24774K, committed 24832K, reserved 26624K
}
Event: 43850.296 GC heap before
{Heap before GC invocations=27686 (full 5):
 def new generation   total 4833088K, used 4311496K [0x00007f2b34600000, 0x00007f2c7c230000, 0x00007f3089b50000)
  eden space 4296128K, 100% used [0x00007f2b34600000, 0x00007f2c3a970000, 0x00007f2c3a970000)
  from space 536960K,   2% used [0x00007f2c3a970000, 0x00007f2c3b872000, 0x00007f2c5b5d0000)
  to   space 536960K,   0% used [0x00007f2c5b5d0000, 0x00007f2c5b5d0000, 0x00007f2c7c230000)
 tenured generation   total 10740076K, used 10735522K [0x00007f3089b50000, 0x00007f33193ab000, 0x00007f3b34600000)
   the space 10740076K,  99% used [0x00007f3089b50000, 0x00007f3318f388d8, 0x00007f3318f38a00, 0x00007f33193ab000)
 Metaspace       used 24382K, capacity 24774K, committed 24832K, reserved 26624K
}
Event: 43850.316 GC heap after
{Heap after GC invocations=27687 (full 5):
 def new generation   total 4833088K, used 15360K [0x00007f2b34600000, 0x00007f2c7c230000, 0x00007f3089b50000)
  eden space 4296128K,   0% used [0x00007f2b34600000, 0x00007f2b34600000, 0x00007f2c3a970000)
  from space 536960K,   2% used [0x00007f2c5b5d0000, 0x00007f2c5c4d00c8, 0x00007f2c7c230000)
  to   space 536960K,   0% used [0x00007f2c3a970000, 0x00007f2c3a970000, 0x00007f2c5b5d0000)
 tenured generation   total 10740076K, used 10736568K [0x00007f3089b50000, 0x00007f33193ab000, 0x00007f3b34600000)
   the space 10740076K,  99% used [0x00007f3089b50000, 0x00007f331903e1a8, 0x00007f331903e200, 0x00007f33193ab000)
 Metaspace       used 24382K, capacity 24774K, committed 24832K, reserved 26624K
}
Event: 43853.984 GC heap before
{Heap before GC invocations=27687 (full 5):
 def new generation   total 4833088K, used 4311488K [0x00007f2b34600000, 0x00007f2c7c230000, 0x00007f3089b50000)
  eden space 4296128K, 100% used [0x00007f2b34600000, 0x00007f2c3a970000, 0x00007f2c3a970000)
  from space 536960K,   2% used [0x00007f2c5b5d0000, 0x00007f2c5c4d00c8, 0x00007f2c7c230000)
  to   space 536960K,   0% used [0x00007f2c3a970000, 0x00007f2c3a970000, 0x00007f2c5b5d0000)
 tenured generation   total 10740076K, used 10736568K [0x00007f3089b50000, 0x00007f33193ab000, 0x00007f3b34600000)
   the space 10740076K,  99% used [0x00007f3089b50000, 0x00007f331903e1a8, 0x00007f331903e200, 0x00007f33193ab000)
 Metaspace       used 24382K, capacity 24774K, committed 24832K, reserved 26624K
}
Event: 43854.020 GC heap after
{Heap after GC invocations=27688 (full 5):
 def new generation   total 4833088K, used 15166K [0x00007f2b34600000, 0x00007f2c7c230000, 0x00007f3089b50000)
  eden space 4296128K,   0% used [0x00007f2b34600000, 0x00007f2b34600000, 0x00007f2c3a970000)
  from space 536960K,   2% used [0x00007f2c3a970000, 0x00007f2c3b83f8b8, 0x00007f2c5b5d0000)
  to   space 536960K,   0% used [0x00007f2c5b5d0000, 0x00007f2c5b5d0000, 0x00007f2c7c230000)
 tenured generation   total 10740076K, used 10737709K [0x00007f3089b50000, 0x00007f33193ab000, 0x00007f3b34600000)
   the space 10740076K,  99% used [0x00007f3089b50000, 0x00007f331915b6e8, 0x00007f331915b800, 0x00007f33193ab000)
 Metaspace       used 24382K, capacity 24774K, committed 24832K, reserved 26624K
}
Event: 43857.865 GC heap before
{Heap before GC invocations=27688 (full 5):
 def new generation   total 4833088K, used 4311294K [0x00007f2b34600000, 0x00007f2c7c230000, 0x00007f3089b50000)
  eden space 4296128K, 100% used [0x00007f2b34600000, 0x00007f2c3a970000, 0x00007f2c3a970000)
  from space 536960K,   2% used [0x00007f2c3a970000, 0x00007f2c3b83f8b8, 0x00007f2c5b5d0000)
  to   space 536960K,   0% used [0x00007f2c5b5d0000, 0x00007f2c5b5d0000, 0x00007f2c7c230000)
 tenured generation   total 10740076K, used 10737709K [0x00007f3089b50000, 0x00007f33193ab000, 0x00007f3b34600000)
   the space 10740076K,  99% used [0x00007f3089b50000, 0x00007f331915b6e8, 0x00007f331915b800, 0x00007f33193ab000)
 Metaspace       used 24382K, capacity 24774K, committed 24832K, reserved 26624K
}
Event: 43857.893 GC heap after
{Heap after GC invocations=27689 (full 5):
 def new generation   total 4833088K, used 15071K [0x00007f2b34600000, 0x00007f2c7c230000, 0x00007f3089b50000)
  eden space 4296128K,   0% used [0x00007f2b34600000, 0x00007f2b34600000, 0x00007f2c3a970000)
  from space 536960K,   2% used [0x00007f2c5b5d0000, 0x00007f2c5c487ec8, 0x00007f2c7c230000)
  to   space 536960K,   0% used [0x00007f2c3a970000, 0x00007f2c3a970000, 0x00007f2c5b5d0000)
 tenured generation   total 10740076K, used 10738755K [0x00007f3089b50000, 0x00007f33193ab000, 0x00007f3b34600000)
   the space 10740076K,  99% used [0x00007f3089b50000, 0x00007f3319260fb8, 0x00007f3319261000, 0x00007f33193ab000)
 Metaspace       used 24382K, capacity 24774K, committed 24832K, reserved 26624K
}
Event: 43861.639 GC heap before
{Heap before GC invocations=27689 (full 5):
 def new generation   total 4833088K, used 4311199K [0x00007f2b34600000, 0x00007f2c7c230000, 0x00007f3089b50000)
  eden space 4296128K, 100% used [0x00007f2b34600000, 0x00007f2c3a970000, 0x00007f2c3a970000)
  from space 536960K,   2% used [0x00007f2c5b5d0000, 0x00007f2c5c487ec8, 0x00007f2c7c230000)
  to   space 536960K,   0% used [0x00007f2c3a970000, 0x00007f2c3a970000, 0x00007f2c5b5d0000)
 tenured generation   total 10740076K, used 10738755K [0x00007f3089b50000, 0x00007f33193ab000, 0x00007f3b34600000)
   the space 10740076K,  99% used [0x00007f3089b50000, 0x00007f3319260fb8, 0x00007f3319261000, 0x00007f33193ab000)
 Metaspace       used 24382K, capacity 24774K, committed 24832K, reserved 26624K
}
Event: 43861.670 GC heap after
{Heap after GC invocations=27690 (full 5):
 def new generation   total 4833088K, used 14966K [0x00007f2b34600000, 0x00007f2c7c230000, 0x00007f3089b50000)
  eden space 4296128K,   0% used [0x00007f2b34600000, 0x00007f2b34600000, 0x00007f2c3a970000)
  from space 536960K,   2% used [0x00007f2c3a970000, 0x00007f2c3b80d950, 0x00007f2c5b5d0000)
  to   space 536960K,   0% used [0x00007f2c5b5d0000, 0x00007f2c5b5d0000, 0x00007f2c7c230000)
 tenured generation   total 10740076K, used 10739802K [0x00007f3089b50000, 0x00007f33193ab000, 0x00007f3b34600000)
   the space 10740076K,  99% used [0x00007f3089b50000, 0x00007f3319366be8, 0x00007f3319366c00, 0x00007f33193ab000)
 Metaspace       used 24382K, capacity 24774K, committed 24832K, reserved 26624K
}
Event: 43865.378 GC heap before
{Heap before GC invocations=27690 (full 5):
 def new generation   total 4833088K, used 4311094K [0x00007f2b34600000, 0x00007f2c7c230000, 0x00007f3089b50000)
  eden space 4296128K, 100% used [0x00007f2b34600000, 0x00007f2c3a970000, 0x00007f2c3a970000)
  from space 536960K,   2% used [0x00007f2c3a970000, 0x00007f2c3b80d950, 0x00007f2c5b5d0000)
  to   space 536960K,   0% used [0x00007f2c5b5d0000, 0x00007f2c5b5d0000, 0x00007f2c7c230000)
 tenured generation   total 10740076K, used 10739802K [0x00007f3089b50000, 0x00007f33193ab000, 0x00007f3b34600000)
   the space 10740076K,  99% used [0x00007f3089b50000, 0x00007f3319366be8, 0x00007f3319366c00, 0x00007f33193ab000)
 Metaspace       used 24382K, capacity 24774K, committed 24832K, reserved 26624K
}
Event: 43865.409 GC heap after
{Heap after GC invocations=27691 (full 5):
 def new generation   total 4833088K, used 14769K [0x00007f2b34600000, 0x00007f2c7c230000, 0x00007f3089b50000)
  eden space 4296128K,   0% used [0x00007f2b34600000, 0x00007f2b34600000, 0x00007f2c3a970000)
  from space 536960K,   2% used [0x00007f2c5b5d0000, 0x00007f2c5c43c7e0, 0x00007f2c7c230000)
  to   space 536960K,   0% used [0x00007f2c3a970000, 0x00007f2c3a970000, 0x00007f2c5b5d0000)
 tenured generation   total 10741036K, used 10740943K [0x00007f3089b50000, 0x00007f331949b000, 0x00007f3b34600000)
   the space 10741036K,  99% used [0x00007f3089b50000, 0x00007f3319483dc8, 0x00007f3319483e00, 0x00007f331949b000)
 Metaspace       used 24382K, capacity 24774K, committed 24832K, reserved 26624K
}
Event: 43865.409 GC heap before
{Heap before GC invocations=27691 (full 5):
 def new generation   total 4833088K, used 14769K [0x00007f2b34600000, 0x00007f2c7c230000, 0x00007f3089b50000)
  eden space 4296128K,   0% used [0x00007f2b34600000, 0x00007f2b34600000, 0x00007f2c3a970000)
  from space 536960K,   2% used [0x00007f2c5b5d0000, 0x00007f2c5c43c7e0, 0x00007f2c7c230000)
  to   space 536960K,   0% used [0x00007f2c3a970000, 0x00007f2c3a970000, 0x00007f2c5b5d0000)
 tenured generation   total 10741036K, used 10740943K [0x00007f3089b50000, 0x00007f331949b000, 0x00007f3b34600000)
   the space 10741036K,  99% used [0x00007f3089b50000, 0x00007f3319483dc8, 0x00007f3319483e00, 0x00007f331949b000)
 Metaspace       used 24382K, capacity 24774K, committed 24832K, reserved 26624K
}

