# JRE version: OpenJDK Runtime Environment (13.0.7+5) (build 13.0.7+5-Ubuntu-0ubuntu120.04)
# Java VM: OpenJDK 64-Bit Server VM (13.0.7+5-Ubuntu-0ubuntu120.04, mixed mode, tiered, serial gc, linux-amd64)
Heap:
 def new generation   total 1748160K, used 0K [0x00007f8cb8600000, 0x00007f8d2eed0000, 0x00007f920db50000)
  eden space 1553984K,   0% used [0x00007f8cb8600000, 0x00007f8cb8600000, 0x00007f8d17390000)
  from space 194176K,   0% used [0x00007f8d23130000, 0x00007f8d23130000, 0x00007f8d2eed0000)
  to   space 194176K,   0% used [0x00007f8d17390000, 0x00007f8d17390000, 0x00007f8d23130000)
 tenured generation   total 3884972K, used 3863771K [0x00007f920db50000, 0x00007f92fad3b000, 0x00007f9cb8600000)
   the space 3884972K,  99% used [0x00007f920db50000, 0x00007f92f9886c38, 0x00007f92f9886e00, 0x00007f92fad3b000)
 Metaspace       used 24263K, capacity 24667K, committed 24832K, reserved 26624K
GC Heap History (20 events):
Event: 14102.157 GC heap after
{Heap after GC invocations=17991 (full 3):
 def new generation   total 1748160K, used 5832K [0x00007f8cb8600000, 0x00007f8d2eed0000, 0x00007f920db50000)
  eden space 1553984K,   0% used [0x00007f8cb8600000, 0x00007f8cb8600000, 0x00007f8d17390000)
  from space 194176K,   3% used [0x00007f8d17390000, 0x00007f8d17942380, 0x00007f8d23130000)
  to   space 194176K,   0% used [0x00007f8d23130000, 0x00007f8d23130000, 0x00007f8d2eed0000)
 tenured generation   total 3884588K, used 3881418K [0x00007f920db50000, 0x00007f92facdb000, 0x00007f9cb8600000)
   the space 3884588K,  99% used [0x00007f920db50000, 0x00007f92fa9c28f8, 0x00007f92fa9c2a00, 0x00007f92facdb000)
 Metaspace       used 24263K, capacity 24667K, committed 24832K, reserved 26624K
}
Event: 14103.531 GC heap before
{Heap before GC invocations=17991 (full 3):
 def new generation   total 1748160K, used 1559816K [0x00007f8cb8600000, 0x00007f8d2eed0000, 0x00007f920db50000)
  eden space 1553984K, 100% used [0x00007f8cb8600000, 0x00007f8d17390000, 0x00007f8d17390000)
  from space 194176K,   3% used [0x00007f8d17390000, 0x00007f8d17942380, 0x00007f8d23130000)
  to   space 194176K,   0% used [0x00007f8d23130000, 0x00007f8d23130000, 0x00007f8d2eed0000)
 tenured generation   total 3884588K, used 3881418K [0x00007f920db50000, 0x00007f92facdb000, 0x00007f9cb8600000)
   the space 3884588K,  99% used [0x00007f920db50000, 0x00007f92fa9c28f8, 0x00007f92fa9c2a00, 0x00007f92facdb000)
 Metaspace       used 24263K, capacity 24667K, committed 24832K, reserved 26624K
}
Event: 14103.545 GC heap after
{Heap after GC invocations=17992 (full 3):
 def new generation   total 1748160K, used 5851K [0x00007f8cb8600000, 0x00007f8d2eed0000, 0x00007f920db50000)
  eden space 1553984K,   0% used [0x00007f8cb8600000, 0x00007f8cb8600000, 0x00007f8d17390000)
  from space 194176K,   3% used [0x00007f8d23130000, 0x00007f8d236e6c40, 0x00007f8d2eed0000)
  to   space 194176K,   0% used [0x00007f8d17390000, 0x00007f8d17390000, 0x00007f8d23130000)
 tenured generation   total 3884588K, used 3881796K [0x00007f920db50000, 0x00007f92facdb000, 0x00007f9cb8600000)
   the space 3884588K,  99% used [0x00007f920db50000, 0x00007f92faa21290, 0x00007f92faa21400, 0x00007f92facdb000)
 Metaspace       used 24263K, capacity 24667K, committed 24832K, reserved 26624K
}
Event: 14104.995 GC heap before
{Heap before GC invocations=17992 (full 3):
 def new generation   total 1748160K, used 1559835K [0x00007f8cb8600000, 0x00007f8d2eed0000, 0x00007f920db50000)
  eden space 1553984K, 100% used [0x00007f8cb8600000, 0x00007f8d17390000, 0x00007f8d17390000)
  from space 194176K,   3% used [0x00007f8d23130000, 0x00007f8d236e6c40, 0x00007f8d2eed0000)
  to   space 194176K,   0% used [0x00007f8d17390000, 0x00007f8d17390000, 0x00007f8d23130000)
 tenured generation   total 3884588K, used 3881796K [0x00007f920db50000, 0x00007f92facdb000, 0x00007f9cb8600000)
   the space 3884588K,  99% used [0x00007f920db50000, 0x00007f92faa21290, 0x00007f92faa21400, 0x00007f92facdb000)
 Metaspace       used 24263K, capacity 24667K, committed 24832K, reserved 26624K
}
Event: 14105.011 GC heap after
{Heap after GC invocations=17993 (full 3):
 def new generation   total 1748160K, used 5846K [0x00007f8cb8600000, 0x00007f8d2eed0000, 0x00007f920db50000)
  eden space 1553984K,   0% used [0x00007f8cb8600000, 0x00007f8cb8600000, 0x00007f8d17390000)
  from space 194176K,   3% used [0x00007f8d17390000, 0x00007f8d17945a60, 0x00007f8d23130000)
  to   space 194176K,   0% used [0x00007f8d23130000, 0x00007f8d23130000, 0x00007f8d2eed0000)
 tenured generation   total 3884588K, used 3882200K [0x00007f920db50000, 0x00007f92facdb000, 0x00007f9cb8600000)
   the space 3884588K,  99% used [0x00007f920db50000, 0x00007f92faa86110, 0x00007f92faa86200, 0x00007f92facdb000)
 Metaspace       used 24263K, capacity 24667K, committed 24832K, reserved 26624K
}
Event: 14106.406 GC heap before
{Heap before GC invocations=17993 (full 3):
 def new generation   total 1748160K, used 1559830K [0x00007f8cb8600000, 0x00007f8d2eed0000, 0x00007f920db50000)
  eden space 1553984K, 100% used [0x00007f8cb8600000, 0x00007f8d17390000, 0x00007f8d17390000)
  from space 194176K,   3% used [0x00007f8d17390000, 0x00007f8d17945a60, 0x00007f8d23130000)
  to   space 194176K,   0% used [0x00007f8d23130000, 0x00007f8d23130000, 0x00007f8d2eed0000)
 tenured generation   total 3884588K, used 3882200K [0x00007f920db50000, 0x00007f92facdb000, 0x00007f9cb8600000)
   the space 3884588K,  99% used [0x00007f920db50000, 0x00007f92faa86110, 0x00007f92faa86200, 0x00007f92facdb000)
 Metaspace       used 24263K, capacity 24667K, committed 24832K, reserved 26624K
}
Event: 14106.419 GC heap after
{Heap after GC invocations=17994 (full 3):
 def new generation   total 1748160K, used 5865K [0x00007f8cb8600000, 0x00007f8d2eed0000, 0x00007f920db50000)
  eden space 1553984K,   0% used [0x00007f8cb8600000, 0x00007f8cb8600000, 0x00007f8d17390000)
  from space 194176K,   3% used [0x00007f8d23130000, 0x00007f8d236ea6b8, 0x00007f8d2eed0000)
  to   space 194176K,   0% used [0x00007f8d17390000, 0x00007f8d17390000, 0x00007f8d23130000)
 tenured generation   total 3884588K, used 3882578K [0x00007f920db50000, 0x00007f92facdb000, 0x00007f9cb8600000)
   the space 3884588K,  99% used [0x00007f920db50000, 0x00007f92faae4aa8, 0x00007f92faae4c00, 0x00007f92facdb000)
 Metaspace       used 24263K, capacity 24667K, committed 24832K, reserved 26624K
}
Event: 14107.902 GC heap before
{Heap before GC invocations=17994 (full 3):
 def new generation   total 1748160K, used 1559849K [0x00007f8cb8600000, 0x00007f8d2eed0000, 0x00007f920db50000)
  eden space 1553984K, 100% used [0x00007f8cb8600000, 0x00007f8d17390000, 0x00007f8d17390000)
  from space 194176K,   3% used [0x00007f8d23130000, 0x00007f8d236ea6b8, 0x00007f8d2eed0000)
  to   space 194176K,   0% used [0x00007f8d17390000, 0x00007f8d17390000, 0x00007f8d23130000)
 tenured generation   total 3884588K, used 3882578K [0x00007f920db50000, 0x00007f92facdb000, 0x00007f9cb8600000)
   the space 3884588K,  99% used [0x00007f920db50000, 0x00007f92faae4aa8, 0x00007f92faae4c00, 0x00007f92facdb000)
 Metaspace       used 24263K, capacity 24667K, committed 24832K, reserved 26624K
}
Event: 14107.918 GC heap after
{Heap after GC invocations=17995 (full 3):
 def new generation   total 1748160K, used 5877K [0x00007f8cb8600000, 0x00007f8d2eed0000, 0x00007f920db50000)
  eden space 1553984K,   0% used [0x00007f8cb8600000, 0x00007f8cb8600000, 0x00007f8d17390000)
  from space 194176K,   3% used [0x00007f8d17390000, 0x00007f8d1794d548, 0x00007f8d23130000)
  to   space 194176K,   0% used [0x00007f8d23130000, 0x00007f8d23130000, 0x00007f8d2eed0000)
 tenured generation   total 3884588K, used 3882957K [0x00007f920db50000, 0x00007f92facdb000, 0x00007f9cb8600000)
   the space 3884588K,  99% used [0x00007f920db50000, 0x00007f92fab43440, 0x00007f92fab43600, 0x00007f92facdb000)
 Metaspace       used 24263K, capacity 24667K, committed 24832K, reserved 26624K
}
Event: 14109.304 GC heap before
{Heap before GC invocations=17995 (full 3):
 def new generation   total 1748160K, used 1559861K [0x00007f8cb8600000, 0x00007f8d2eed0000, 0x00007f920db50000)
  eden space 1553984K, 100% used [0x00007f8cb8600000, 0x00007f8d17390000, 0x00007f8d17390000)
  from space 194176K,   3% used [0x00007f8d17390000, 0x00007f8d1794d548, 0x00007f8d23130000)
  to   space 194176K,   0% used [0x00007f8d23130000, 0x00007f8d23130000, 0x00007f8d2eed0000)
 tenured generation   total 3884588K, used 3882957K [0x00007f920db50000, 0x00007f92facdb000, 0x00007f9cb8600000)
   the space 3884588K,  99% used [0x00007f920db50000, 0x00007f92fab43440, 0x00007f92fab43600, 0x00007f92facdb000)
 Metaspace       used 24263K, capacity 24667K, committed 24832K, reserved 26624K
}
Event: 14109.319 GC heap after
{Heap after GC invocations=17996 (full 3):
 def new generation   total 1748160K, used 5850K [0x00007f8cb8600000, 0x00007f8d2eed0000, 0x00007f920db50000)
  eden space 1553984K,   0% used [0x00007f8cb8600000, 0x00007f8cb8600000, 0x00007f8d17390000)
  from space 194176K,   3% used [0x00007f8d23130000, 0x00007f8d236e6a28, 0x00007f8d2eed0000)
  to   space 194176K,   0% used [0x00007f8d17390000, 0x00007f8d17390000, 0x00007f8d23130000)
 tenured generation   total 3884588K, used 3883360K [0x00007f920db50000, 0x00007f92facdb000, 0x00007f9cb8600000)
   the space 3884588K,  99% used [0x00007f920db50000, 0x00007f92faba82c0, 0x00007f92faba8400, 0x00007f92facdb000)
 Metaspace       used 24263K, capacity 24667K, committed 24832K, reserved 26624K
}
Event: 14110.740 GC heap before
{Heap before GC invocations=17996 (full 3):
 def new generation   total 1748160K, used 1559834K [0x00007f8cb8600000, 0x00007f8d2eed0000, 0x00007f920db50000)
  eden space 1553984K, 100% used [0x00007f8cb8600000, 0x00007f8d17390000, 0x00007f8d17390000)
  from space 194176K,   3% used [0x00007f8d23130000, 0x00007f8d236e6a28, 0x00007f8d2eed0000)
  to   space 194176K,   0% used [0x00007f8d17390000, 0x00007f8d17390000, 0x00007f8d23130000)
 tenured generation   total 3884588K, used 3883360K [0x00007f920db50000, 0x00007f92facdb000, 0x00007f9cb8600000)
   the space 3884588K,  99% used [0x00007f920db50000, 0x00007f92faba82c0, 0x00007f92faba8400, 0x00007f92facdb000)
 Metaspace       used 24263K, capacity 24667K, committed 24832K, reserved 26624K
}
Event: 14110.760 GC heap after
{Heap after GC invocations=17997 (full 3):
 def new generation   total 1748160K, used 5869K [0x00007f8cb8600000, 0x00007f8d2eed0000, 0x00007f920db50000)
  eden space 1553984K,   0% used [0x00007f8cb8600000, 0x00007f8cb8600000, 0x00007f8d17390000)
  from space 194176K,   3% used [0x00007f8d17390000, 0x00007f8d1794b760, 0x00007f8d23130000)
  to   space 194176K,   0% used [0x00007f8d23130000, 0x00007f8d23130000, 0x00007f8d2eed0000)
 tenured generation   total 3884588K, used 3883739K [0x00007f920db50000, 0x00007f92facdb000, 0x00007f9cb8600000)
   the space 3884588K,  99% used [0x00007f920db50000, 0x00007f92fac06c58, 0x00007f92fac06e00, 0x00007f92facdb000)
 Metaspace       used 24263K, capacity 24667K, committed 24832K, reserved 26624K
}
Event: 14112.154 GC heap before
{Heap before GC invocations=17997 (full 3):
 def new generation   total 1748160K, used 1559853K [0x00007f8cb8600000, 0x00007f8d2eed0000, 0x00007f920db50000)
  eden space 1553984K, 100% used [0x00007f8cb8600000, 0x00007f8d17390000, 0x00007f8d17390000)
  from space 194176K,   3% used [0x00007f8d17390000, 0x00007f8d1794b760, 0x00007f8d23130000)
  to   space 194176K,   0% used [0x00007f8d23130000, 0x00007f8d23130000, 0x00007f8d2eed0000)
 tenured generation   total 3884588K, used 3883739K [0x00007f920db50000, 0x00007f92facdb000, 0x00007f9cb8600000)
   the space 3884588K,  99% used [0x00007f920db50000, 0x00007f92fac06c58, 0x00007f92fac06e00, 0x00007f92facdb000)
 Metaspace       used 24263K, capacity 24667K, committed 24832K, reserved 26624K
}
Event: 14112.169 GC heap after
{Heap after GC invocations=17998 (full 3):
 def new generation   total 1748160K, used 5871K [0x00007f8cb8600000, 0x00007f8d2eed0000, 0x00007f920db50000)
  eden space 1553984K,   0% used [0x00007f8cb8600000, 0x00007f8cb8600000, 0x00007f8d17390000)
  from space 194176K,   3% used [0x00007f8d23130000, 0x00007f8d236ebe88, 0x00007f8d2eed0000)
  to   space 194176K,   0% used [0x00007f8d17390000, 0x00007f8d17390000, 0x00007f8d23130000)
 tenured generation   total 3884588K, used 3884117K [0x00007f920db50000, 0x00007f92facdb000, 0x00007f9cb8600000)
   the space 3884588K,  99% used [0x00007f920db50000, 0x00007f92fac655f0, 0x00007f92fac65600, 0x00007f92facdb000)
 Metaspace       used 24263K, capacity 24667K, committed 24832K, reserved 26624K
}
Event: 14113.604 GC heap before
{Heap before GC invocations=17998 (full 3):
 def new generation   total 1748160K, used 1559855K [0x00007f8cb8600000, 0x00007f8d2eed0000, 0x00007f920db50000)
  eden space 1553984K, 100% used [0x00007f8cb8600000, 0x00007f8d17390000, 0x00007f8d17390000)
  from space 194176K,   3% used [0x00007f8d23130000, 0x00007f8d236ebe88, 0x00007f8d2eed0000)
  to   space 194176K,   0% used [0x00007f8d17390000, 0x00007f8d17390000, 0x00007f8d23130000)
 tenured generation   total 3884588K, used 3884117K [0x00007f920db50000, 0x00007f92facdb000, 0x00007f9cb8600000)
   the space 3884588K,  99% used [0x00007f920db50000, 0x00007f92fac655f0, 0x00007f92fac65600, 0x00007f92facdb000)
 Metaspace       used 24263K, capacity 24667K, committed 24832K, reserved 26624K
}
Event: 14113.618 GC heap after
{Heap after GC invocations=17999 (full 3):
 def new generation   total 1748160K, used 5868K [0x00007f8cb8600000, 0x00007f8d2eed0000, 0x00007f920db50000)
  eden space 1553984K,   0% used [0x00007f8cb8600000, 0x00007f8cb8600000, 0x00007f8d17390000)
  from space 194176K,   3% used [0x00007f8d17390000, 0x00007f8d1794b0f8, 0x00007f8d23130000)
  to   space 194176K,   0% used [0x00007f8d23130000, 0x00007f8d23130000, 0x00007f8d2eed0000)
 tenured generation   total 3884588K, used 3884500K [0x00007f920db50000, 0x00007f92facdb000, 0x00007f9cb8600000)
   the space 3884588K,  99% used [0x00007f920db50000, 0x00007f92facc50c8, 0x00007f92facc5200, 0x00007f92facdb000)
 Metaspace       used 24263K, capacity 24667K, committed 24832K, reserved 26624K
}
Event: 14115.005 GC heap before
{Heap before GC invocations=17999 (full 3):
 def new generation   total 1748160K, used 1559852K [0x00007f8cb8600000, 0x00007f8d2eed0000, 0x00007f920db50000)
  eden space 1553984K, 100% used [0x00007f8cb8600000, 0x00007f8d17390000, 0x00007f8d17390000)
  from space 194176K,   3% used [0x00007f8d17390000, 0x00007f8d1794b0f8, 0x00007f8d23130000)
  to   space 194176K,   0% used [0x00007f8d23130000, 0x00007f8d23130000, 0x00007f8d2eed0000)
 tenured generation   total 3884588K, used 3884500K [0x00007f920db50000, 0x00007f92facdb000, 0x00007f9cb8600000)
   the space 3884588K,  99% used [0x00007f920db50000, 0x00007f92facc50c8, 0x00007f92facc5200, 0x00007f92facdb000)
 Metaspace       used 24263K, capacity 24667K, committed 24832K, reserved 26624K
}
Event: 14115.019 GC heap after
{Heap after GC invocations=18000 (full 3):
 def new generation   total 1748160K, used 5851K [0x00007f8cb8600000, 0x00007f8d2eed0000, 0x00007f920db50000)
  eden space 1553984K,   0% used [0x00007f8cb8600000, 0x00007f8cb8600000, 0x00007f8d17390000)
  from space 194176K,   3% used [0x00007f8d23130000, 0x00007f8d236e6c10, 0x00007f8d2eed0000)
  to   space 194176K,   0% used [0x00007f8d17390000, 0x00007f8d17390000, 0x00007f8d23130000)
 tenured generation   total 3884972K, used 3884903K [0x00007f920db50000, 0x00007f92fad3b000, 0x00007f9cb8600000)
   the space 3884972K,  99% used [0x00007f920db50000, 0x00007f92fad29f48, 0x00007f92fad2a000, 0x00007f92fad3b000)
 Metaspace       used 24263K, capacity 24667K, committed 24832K, reserved 26624K
}
Event: 14115.020 GC heap before
{Heap before GC invocations=18000 (full 3):
 def new generation   total 1748160K, used 5851K [0x00007f8cb8600000, 0x00007f8d2eed0000, 0x00007f920db50000)
  eden space 1553984K,   0% used [0x00007f8cb8600000, 0x00007f8cb8600000, 0x00007f8d17390000)
  from space 194176K,   3% used [0x00007f8d23130000, 0x00007f8d236e6c10, 0x00007f8d2eed0000)
  to   space 194176K,   0% used [0x00007f8d17390000, 0x00007f8d17390000, 0x00007f8d23130000)
 tenured generation   total 3884972K, used 3884903K [0x00007f920db50000, 0x00007f92fad3b000, 0x00007f9cb8600000)
   the space 3884972K,  99% used [0x00007f920db50000, 0x00007f92fad29f48, 0x00007f92fad2a000, 0x00007f92fad3b000)
 Metaspace       used 24263K, capacity 24667K, committed 24832K, reserved 26624K
}

