# JRE version: OpenJDK Runtime Environment (13.0.7+5) (build 13.0.7+5-Ubuntu-0ubuntu120.04)
# Java VM: OpenJDK 64-Bit Server VM (13.0.7+5-Ubuntu-0ubuntu120.04, mixed mode, tiered, serial gc, linux-amd64)
Heap:
 def new generation   total 629248K, used 0K [0x00007fb35c600000, 0x00007fb3870c0000, 0x00007fb8b1b50000)
  eden space 559360K,   0% used [0x00007fb35c600000, 0x00007fb35c600000, 0x00007fb37e840000)
  from space 69888K,   0% used [0x00007fb382c80000, 0x00007fb382c80000, 0x00007fb3870c0000)
  to   space 69888K,   0% used [0x00007fb37e840000, 0x00007fb37e840000, 0x00007fb382c80000)
 tenured generation   total 1398144K, used 145695K [0x00007fb8b1b50000, 0x00007fb9070b0000, 0x00007fc35c600000)
   the space 1398144K,  10% used [0x00007fb8b1b50000, 0x00007fb8ba997ee8, 0x00007fb8ba998000, 0x00007fb9070b0000)
 Metaspace       used 23156K, capacity 23542K, committed 23808K, reserved 24576K
GC Heap History (10 events):
Event: 4.606 GC heap before
{Heap before GC invocations=0 (full 0):
 def new generation   total 629120K, used 111865K [0x00007fb35c600000, 0x00007fb3870a0000, 0x00007fb8b1b50000)
  eden space 559232K,  20% used [0x00007fb35c600000, 0x00007fb36333e418, 0x00007fb37e820000)
  from space 69888K,   0% used [0x00007fb37e820000, 0x00007fb37e820000, 0x00007fb382c60000)
  to   space 69888K,   0% used [0x00007fb382c60000, 0x00007fb382c60000, 0x00007fb3870a0000)
 tenured generation   total 1398144K, used 0K [0x00007fb8b1b50000, 0x00007fb9070b0000, 0x00007fc35c600000)
   the space 1398144K,   0% used [0x00007fb8b1b50000, 0x00007fb8b1b50000, 0x00007fb8b1b50200, 0x00007fb9070b0000)
 Metaspace       used 20883K, capacity 21157K, committed 21248K, reserved 22528K
}
Event: 4.969 GC heap after
{Heap after GC invocations=1 (full 1):
 def new generation   total 629248K, used 0K [0x00007fb35c600000, 0x00007fb3870c0000, 0x00007fb8b1b50000)
  eden space 559360K,   0% used [0x00007fb35c600000, 0x00007fb35c600000, 0x00007fb37e840000)
  from space 69888K,   0% used [0x00007fb37e840000, 0x00007fb37e840000, 0x00007fb382c80000)
  to   space 69888K,   0% used [0x00007fb382c80000, 0x00007fb382c80000, 0x00007fb3870c0000)
 tenured generation   total 1398144K, used 13615K [0x00007fb8b1b50000, 0x00007fb9070b0000, 0x00007fc35c600000)
   the space 1398144K,   0% used [0x00007fb8b1b50000, 0x00007fb8b289bf70, 0x00007fb8b289c000, 0x00007fb9070b0000)
 Metaspace       used 20883K, capacity 21157K, committed 21248K, reserved 22528K
}
Event: 8.765 GC heap before
{Heap before GC invocations=1 (full 1):
 def new generation   total 629248K, used 497831K [0x00007fb35c600000, 0x00007fb3870c0000, 0x00007fb8b1b50000)
  eden space 559360K,  89% used [0x00007fb35c600000, 0x00007fb37ac29e68, 0x00007fb37e840000)
  from space 69888K,   0% used [0x00007fb37e840000, 0x00007fb37e840000, 0x00007fb382c80000)
  to   space 69888K,   0% used [0x00007fb382c80000, 0x00007fb382c80000, 0x00007fb3870c0000)
 tenured generation   total 1398144K, used 13615K [0x00007fb8b1b50000, 0x00007fb9070b0000, 0x00007fc35c600000)
   the space 1398144K,   0% used [0x00007fb8b1b50000, 0x00007fb8b289bf70, 0x00007fb8b289c000, 0x00007fb9070b0000)
 Metaspace       used 23145K, capacity 23537K, committed 23808K, reserved 24576K
}
Event: 8.830 GC heap after
{Heap after GC invocations=2 (full 1):
 def new generation   total 629248K, used 17407K [0x00007fb35c600000, 0x00007fb3870c0000, 0x00007fb8b1b50000)
  eden space 559360K,   0% used [0x00007fb35c600000, 0x00007fb35c600000, 0x00007fb37e840000)
  from space 69888K,  24% used [0x00007fb382c80000, 0x00007fb383d7fdb0, 0x00007fb3870c0000)
  to   space 69888K,   0% used [0x00007fb37e840000, 0x00007fb37e840000, 0x00007fb382c80000)
 tenured generation   total 1398144K, used 13615K [0x00007fb8b1b50000, 0x00007fb9070b0000, 0x00007fc35c600000)
   the space 1398144K,   0% used [0x00007fb8b1b50000, 0x00007fb8b289bf70, 0x00007fb8b289c000, 0x00007fb9070b0000)
 Metaspace       used 23145K, capacity 23537K, committed 23808K, reserved 24576K
}
Event: 10.477 GC heap before
{Heap before GC invocations=2 (full 1):
 def new generation   total 629248K, used 558179K [0x00007fb35c600000, 0x00007fb3870c0000, 0x00007fb8b1b50000)
  eden space 559360K,  96% used [0x00007fb35c600000, 0x00007fb37d619068, 0x00007fb37e840000)
  from space 69888K,  24% used [0x00007fb382c80000, 0x00007fb383d7fdb0, 0x00007fb3870c0000)
  to   space 69888K,   0% used [0x00007fb37e840000, 0x00007fb37e840000, 0x00007fb382c80000)
 tenured generation   total 1398144K, used 13615K [0x00007fb8b1b50000, 0x00007fb9070b0000, 0x00007fc35c600000)
   the space 1398144K,   0% used [0x00007fb8b1b50000, 0x00007fb8b289bf70, 0x00007fb8b289c000, 0x00007fb9070b0000)
 Metaspace       used 23148K, capacity 23537K, committed 23808K, reserved 24576K
}
Event: 11.074 GC heap after
{Heap after GC invocations=3 (full 1):
 def new generation   total 629248K, used 1012K [0x00007fb35c600000, 0x00007fb3870c0000, 0x00007fb8b1b50000)
  eden space 559360K,   0% used [0x00007fb35c600000, 0x00007fb35c600000, 0x00007fb37e840000)
  from space 69888K,   1% used [0x00007fb37e840000, 0x00007fb37e93d240, 0x00007fb382c80000)
  to   space 69888K,   0% used [0x00007fb382c80000, 0x00007fb382c80000, 0x00007fb3870c0000)
 tenured generation   total 1398144K, used 275759K [0x00007fb8b1b50000, 0x00007fb9070b0000, 0x00007fc35c600000)
   the space 1398144K,  19% used [0x00007fb8b1b50000, 0x00007fb8c289bfa0, 0x00007fb8c289c000, 0x00007fb9070b0000)
 Metaspace       used 23148K, capacity 23537K, committed 23808K, reserved 24576K
}
Event: 11.881 GC heap before
{Heap before GC invocations=3 (full 1):
 def new generation   total 629248K, used 470689K [0x00007fb35c600000, 0x00007fb3870c0000, 0x00007fb8b1b50000)
  eden space 559360K,  83% used [0x00007fb35c600000, 0x00007fb3790ab228, 0x00007fb37e840000)
  from space 69888K,   1% used [0x00007fb37e840000, 0x00007fb37e93d240, 0x00007fb382c80000)
  to   space 69888K,   0% used [0x00007fb382c80000, 0x00007fb382c80000, 0x00007fb3870c0000)
 tenured generation   total 1398144K, used 275759K [0x00007fb8b1b50000, 0x00007fb9070b0000, 0x00007fc35c600000)
   the space 1398144K,  19% used [0x00007fb8b1b50000, 0x00007fb8c289bfa0, 0x00007fb8c289c000, 0x00007fb9070b0000)
 Metaspace       used 23156K, capacity 23542K, committed 23808K, reserved 24576K
}
Event: 12.176 GC heap after
{Heap after GC invocations=4 (full 1):
 def new generation   total 629248K, used 66571K [0x00007fb35c600000, 0x00007fb3870c0000, 0x00007fb8b1b50000)
  eden space 559360K,   0% used [0x00007fb35c600000, 0x00007fb35c600000, 0x00007fb37e840000)
  from space 69888K,  95% used [0x00007fb382c80000, 0x00007fb386d82f38, 0x00007fb3870c0000)
  to   space 69888K,   0% used [0x00007fb37e840000, 0x00007fb37e840000, 0x00007fb382c80000)
 tenured generation   total 1398144K, used 341295K [0x00007fb8b1b50000, 0x00007fb9070b0000, 0x00007fc35c600000)
   the space 1398144K,  24% used [0x00007fb8b1b50000, 0x00007fb8c689bfb8, 0x00007fb8c689c000, 0x00007fb9070b0000)
 Metaspace       used 23156K, capacity 23542K, committed 23808K, reserved 24576K
}
Event: 12.176 GC heap before
{Heap before GC invocations=4 (full 1):
 def new generation   total 629248K, used 66571K [0x00007fb35c600000, 0x00007fb3870c0000, 0x00007fb8b1b50000)
  eden space 559360K,   0% used [0x00007fb35c600000, 0x00007fb35c600000, 0x00007fb37e840000)
  from space 69888K,  95% used [0x00007fb382c80000, 0x00007fb386d82f38, 0x00007fb3870c0000)
  to   space 69888K,   0% used [0x00007fb37e840000, 0x00007fb37e840000, 0x00007fb382c80000)
 tenured generation   total 1398144K, used 341295K [0x00007fb8b1b50000, 0x00007fb9070b0000, 0x00007fc35c600000)
   the space 1398144K,  24% used [0x00007fb8b1b50000, 0x00007fb8c689bfb8, 0x00007fb8c689c000, 0x00007fb9070b0000)
 Metaspace       used 23156K, capacity 23542K, committed 23808K, reserved 24576K
}
Event: 12.301 GC heap after
{Heap after GC invocations=4 (full 2):
 def new generation   total 629248K, used 0K [0x00007fb35c600000, 0x00007fb3870c0000, 0x00007fb8b1b50000)
  eden space 559360K,   0% used [0x00007fb35c600000, 0x00007fb35c600000, 0x00007fb37e840000)
  from space 69888K,   0% used [0x00007fb382c80000, 0x00007fb382c80000, 0x00007fb3870c0000)
  to   space 69888K,   0% used [0x00007fb37e840000, 0x00007fb37e840000, 0x00007fb382c80000)
 tenured generation   total 1398144K, used 145695K [0x00007fb8b1b50000, 0x00007fb9070b0000, 0x00007fc35c600000)
   the space 1398144K,  10% used [0x00007fb8b1b50000, 0x00007fb8ba997ee8, 0x00007fb8ba998000, 0x00007fb9070b0000)
 Metaspace       used 23156K, capacity 23542K, committed 23808K, reserved 24576K
}

