# JRE version: OpenJDK Runtime Environment (13.0.7+5) (build 13.0.7+5-Ubuntu-0ubuntu120.04)
# Java VM: OpenJDK 64-Bit Server VM (13.0.7+5-Ubuntu-0ubuntu120.04, mixed mode, tiered, serial gc, linux-amd64)
Heap:
 def new generation   total 2485440K, used 73478K [0x00007fa02c600000, 0x00007fa0d4ed0000, 0x00007fa581b50000)
  eden space 2209344K,   3% used [0x00007fa02c600000, 0x00007fa030dc1850, 0x00007fa0b3390000)
  from space 276096K,   0% used [0x00007fa0b3390000, 0x00007fa0b3390000, 0x00007fa0c4130000)
  to   space 276096K,   0% used [0x00007fa0c4130000, 0x00007fa0c4130000, 0x00007fa0d4ed0000)
 tenured generation   total 5539380K, used 5537104K [0x00007fa581b50000, 0x00007fa6d3cdd000, 0x00007fb02c600000)
   the space 5539380K,  99% used [0x00007fa581b50000, 0x00007fa6d3aa4228, 0x00007fa6d3aa4400, 0x00007fa6d3cdd000)
 Metaspace       used 24271K, capacity 24701K, committed 24832K, reserved 26624K
GC Heap History (20 events):
Event: 3270.567 GC heap after
{Heap after GC invocations=2369 (full 6):
 def new generation   total 2485440K, used 100216K [0x00007fa02c600000, 0x00007fa0d4ed0000, 0x00007fa581b50000)
  eden space 2209344K,   0% used [0x00007fa02c600000, 0x00007fa02c600000, 0x00007fa0b3390000)
  from space 276096K,  36% used [0x00007fa0c4130000, 0x00007fa0ca30e1b8, 0x00007fa0d4ed0000)
  to   space 276096K,   0% used [0x00007fa0b3390000, 0x00007fa0b3390000, 0x00007fa0c4130000)
 tenured generation   total 5522992K, used 5474891K [0x00007fa581b50000, 0x00007fa6d2cdc000, 0x00007fb02c600000)
   the space 5522992K,  99% used [0x00007fa581b50000, 0x00007fa6cfde2fd8, 0x00007fa6cfde3000, 0x00007fa6d2cdc000)
 Metaspace       used 24271K, capacity 24701K, committed 24832K, reserved 26624K
}
Event: 3272.638 GC heap before
{Heap before GC invocations=2369 (full 6):
 def new generation   total 2485440K, used 2309560K [0x00007fa02c600000, 0x00007fa0d4ed0000, 0x00007fa581b50000)
  eden space 2209344K, 100% used [0x00007fa02c600000, 0x00007fa0b3390000, 0x00007fa0b3390000)
  from space 276096K,  36% used [0x00007fa0c4130000, 0x00007fa0ca30e1b8, 0x00007fa0d4ed0000)
  to   space 276096K,   0% used [0x00007fa0b3390000, 0x00007fa0b3390000, 0x00007fa0c4130000)
 tenured generation   total 5522992K, used 5474891K [0x00007fa581b50000, 0x00007fa6d2cdc000, 0x00007fb02c600000)
   the space 5522992K,  99% used [0x00007fa581b50000, 0x00007fa6cfde2fd8, 0x00007fa6cfde3000, 0x00007fa6d2cdc000)
 Metaspace       used 24271K, capacity 24701K, committed 24832K, reserved 26624K
}
Event: 3272.742 GC heap after
{Heap after GC invocations=2370 (full 6):
 def new generation   total 2485440K, used 101761K [0x00007fa02c600000, 0x00007fa0d4ed0000, 0x00007fa581b50000)
  eden space 2209344K,   0% used [0x00007fa02c600000, 0x00007fa02c600000, 0x00007fa0b3390000)
  from space 276096K,  36% used [0x00007fa0b3390000, 0x00007fa0b96f0638, 0x00007fa0c4130000)
  to   space 276096K,   0% used [0x00007fa0c4130000, 0x00007fa0c4130000, 0x00007fa0d4ed0000)
 tenured generation   total 5522992K, used 5474891K [0x00007fa581b50000, 0x00007fa6d2cdc000, 0x00007fb02c600000)
   the space 5522992K,  99% used [0x00007fa581b50000, 0x00007fa6cfde2fd8, 0x00007fa6cfde3000, 0x00007fa6d2cdc000)
 Metaspace       used 24271K, capacity 24701K, committed 24832K, reserved 26624K
}
Event: 3275.349 GC heap before
{Heap before GC invocations=2370 (full 6):
 def new generation   total 2485440K, used 2308112K [0x00007fa02c600000, 0x00007fa0d4ed0000, 0x00007fa581b50000)
  eden space 2209344K,  99% used [0x00007fa02c600000, 0x00007fa0b30a3a88, 0x00007fa0b3390000)
  from space 276096K,  36% used [0x00007fa0b3390000, 0x00007fa0b96f0638, 0x00007fa0c4130000)
  to   space 276096K,   0% used [0x00007fa0c4130000, 0x00007fa0c4130000, 0x00007fa0d4ed0000)
 tenured generation   total 5522992K, used 5474891K [0x00007fa581b50000, 0x00007fa6d2cdc000, 0x00007fb02c600000)
   the space 5522992K,  99% used [0x00007fa581b50000, 0x00007fa6cfde2fd8, 0x00007fa6cfde3000, 0x00007fa6d2cdc000)
 Metaspace       used 24271K, capacity 24701K, committed 24832K, reserved 26624K
}
Event: 3275.456 GC heap after
{Heap after GC invocations=2371 (full 6):
 def new generation   total 2485440K, used 103796K [0x00007fa02c600000, 0x00007fa0d4ed0000, 0x00007fa581b50000)
  eden space 2209344K,   0% used [0x00007fa02c600000, 0x00007fa02c600000, 0x00007fa0b3390000)
  from space 276096K,  37% used [0x00007fa0c4130000, 0x00007fa0ca68d100, 0x00007fa0d4ed0000)
  to   space 276096K,   0% used [0x00007fa0b3390000, 0x00007fa0b3390000, 0x00007fa0c4130000)
 tenured generation   total 5522992K, used 5491851K [0x00007fa581b50000, 0x00007fa6d2cdc000, 0x00007fb02c600000)
   the space 5522992K,  99% used [0x00007fa581b50000, 0x00007fa6d0e72fd0, 0x00007fa6d0e73000, 0x00007fa6d2cdc000)
 Metaspace       used 24271K, capacity 24701K, committed 24832K, reserved 26624K
}
Event: 3278.575 GC heap before
{Heap before GC invocations=2371 (full 6):
 def new generation   total 2485440K, used 2313140K [0x00007fa02c600000, 0x00007fa0d4ed0000, 0x00007fa581b50000)
  eden space 2209344K, 100% used [0x00007fa02c600000, 0x00007fa0b3390000, 0x00007fa0b3390000)
  from space 276096K,  37% used [0x00007fa0c4130000, 0x00007fa0ca68d100, 0x00007fa0d4ed0000)
  to   space 276096K,   0% used [0x00007fa0b3390000, 0x00007fa0b3390000, 0x00007fa0c4130000)
 tenured generation   total 5522992K, used 5491851K [0x00007fa581b50000, 0x00007fa6d2cdc000, 0x00007fb02c600000)
   the space 5522992K,  99% used [0x00007fa581b50000, 0x00007fa6d0e72fd0, 0x00007fa6d0e73000, 0x00007fa6d2cdc000)
 Metaspace       used 24271K, capacity 24701K, committed 24832K, reserved 26624K
}
Event: 3278.662 GC heap after
{Heap after GC invocations=2372 (full 6):
 def new generation   total 2485440K, used 95102K [0x00007fa02c600000, 0x00007fa0d4ed0000, 0x00007fa581b50000)
  eden space 2209344K,   0% used [0x00007fa02c600000, 0x00007fa02c600000, 0x00007fa0b3390000)
  from space 276096K,  34% used [0x00007fa0b3390000, 0x00007fa0b906fbf0, 0x00007fa0c4130000)
  to   space 276096K,   0% used [0x00007fa0c4130000, 0x00007fa0c4130000, 0x00007fa0d4ed0000)
 tenured generation   total 5522992K, used 5491851K [0x00007fa581b50000, 0x00007fa6d2cdc000, 0x00007fb02c600000)
   the space 5522992K,  99% used [0x00007fa581b50000, 0x00007fa6d0e72fd0, 0x00007fa6d0e73000, 0x00007fa6d2cdc000)
 Metaspace       used 24271K, capacity 24701K, committed 24832K, reserved 26624K
}
Event: 3281.074 GC heap before
{Heap before GC invocations=2372 (full 6):
 def new generation   total 2485440K, used 2304446K [0x00007fa02c600000, 0x00007fa0d4ed0000, 0x00007fa581b50000)
  eden space 2209344K, 100% used [0x00007fa02c600000, 0x00007fa0b3390000, 0x00007fa0b3390000)
  from space 276096K,  34% used [0x00007fa0b3390000, 0x00007fa0b906fbf0, 0x00007fa0c4130000)
  to   space 276096K,   0% used [0x00007fa0c4130000, 0x00007fa0c4130000, 0x00007fa0d4ed0000)
 tenured generation   total 5522992K, used 5491851K [0x00007fa581b50000, 0x00007fa6d2cdc000, 0x00007fb02c600000)
   the space 5522992K,  99% used [0x00007fa581b50000, 0x00007fa6d0e72fd0, 0x00007fa6d0e73000, 0x00007fa6d2cdc000)
 Metaspace       used 24271K, capacity 24701K, committed 24832K, reserved 26624K
}
Event: 3281.158 GC heap after
{Heap after GC invocations=2373 (full 6):
 def new generation   total 2485440K, used 101251K [0x00007fa02c600000, 0x00007fa0d4ed0000, 0x00007fa581b50000)
  eden space 2209344K,   0% used [0x00007fa02c600000, 0x00007fa02c600000, 0x00007fa0b3390000)
  from space 276096K,  36% used [0x00007fa0c4130000, 0x00007fa0ca410d10, 0x00007fa0d4ed0000)
  to   space 276096K,   0% used [0x00007fa0b3390000, 0x00007fa0b3390000, 0x00007fa0c4130000)
 tenured generation   total 5522992K, used 5491851K [0x00007fa581b50000, 0x00007fa6d2cdc000, 0x00007fb02c600000)
   the space 5522992K,  99% used [0x00007fa581b50000, 0x00007fa6d0e72fd0, 0x00007fa6d0e73000, 0x00007fa6d2cdc000)
 Metaspace       used 24271K, capacity 24701K, committed 24832K, reserved 26624K
}
Event: 3283.285 GC heap before
{Heap before GC invocations=2373 (full 6):
 def new generation   total 2485440K, used 2310595K [0x00007fa02c600000, 0x00007fa0d4ed0000, 0x00007fa581b50000)
  eden space 2209344K, 100% used [0x00007fa02c600000, 0x00007fa0b3390000, 0x00007fa0b3390000)
  from space 276096K,  36% used [0x00007fa0c4130000, 0x00007fa0ca410d10, 0x00007fa0d4ed0000)
  to   space 276096K,   0% used [0x00007fa0b3390000, 0x00007fa0b3390000, 0x00007fa0c4130000)
 tenured generation   total 5522992K, used 5491851K [0x00007fa581b50000, 0x00007fa6d2cdc000, 0x00007fb02c600000)
   the space 5522992K,  99% used [0x00007fa581b50000, 0x00007fa6d0e72fd0, 0x00007fa6d0e73000, 0x00007fa6d2cdc000)
 Metaspace       used 24271K, capacity 24701K, committed 24832K, reserved 26624K
}
Event: 3283.375 GC heap after
{Heap after GC invocations=2374 (full 6):
 def new generation   total 2485440K, used 101766K [0x00007fa02c600000, 0x00007fa0d4ed0000, 0x00007fa581b50000)
  eden space 2209344K,   0% used [0x00007fa02c600000, 0x00007fa02c600000, 0x00007fa0b3390000)
  from space 276096K,  36% used [0x00007fa0b3390000, 0x00007fa0b96f1a30, 0x00007fa0c4130000)
  to   space 276096K,   0% used [0x00007fa0c4130000, 0x00007fa0c4130000, 0x00007fa0d4ed0000)
 tenured generation   total 5522992K, used 5491851K [0x00007fa581b50000, 0x00007fa6d2cdc000, 0x00007fb02c600000)
   the space 5522992K,  99% used [0x00007fa581b50000, 0x00007fa6d0e72fd0, 0x00007fa6d0e73000, 0x00007fa6d2cdc000)
 Metaspace       used 24271K, capacity 24701K, committed 24832K, reserved 26624K
}
Event: 3286.162 GC heap before
{Heap before GC invocations=2374 (full 6):
 def new generation   total 2485440K, used 2311110K [0x00007fa02c600000, 0x00007fa0d4ed0000, 0x00007fa581b50000)
  eden space 2209344K, 100% used [0x00007fa02c600000, 0x00007fa0b3390000, 0x00007fa0b3390000)
  from space 276096K,  36% used [0x00007fa0b3390000, 0x00007fa0b96f1a30, 0x00007fa0c4130000)
  to   space 276096K,   0% used [0x00007fa0c4130000, 0x00007fa0c4130000, 0x00007fa0d4ed0000)
 tenured generation   total 5522992K, used 5491851K [0x00007fa581b50000, 0x00007fa6d2cdc000, 0x00007fb02c600000)
   the space 5522992K,  99% used [0x00007fa581b50000, 0x00007fa6d0e72fd0, 0x00007fa6d0e73000, 0x00007fa6d2cdc000)
 Metaspace       used 24271K, capacity 24701K, committed 24832K, reserved 26624K
}
Event: 3286.257 GC heap after
{Heap after GC invocations=2375 (full 6):
 def new generation   total 2485440K, used 87896K [0x00007fa02c600000, 0x00007fa0d4ed0000, 0x00007fa581b50000)
  eden space 2209344K,   0% used [0x00007fa02c600000, 0x00007fa02c600000, 0x00007fa0b3390000)
  from space 276096K,  31% used [0x00007fa0c4130000, 0x00007fa0c97061c8, 0x00007fa0d4ed0000)
  to   space 276096K,   0% used [0x00007fa0b3390000, 0x00007fa0b3390000, 0x00007fa0c4130000)
 tenured generation   total 5522992K, used 5508811K [0x00007fa581b50000, 0x00007fa6d2cdc000, 0x00007fb02c600000)
   the space 5522992K,  99% used [0x00007fa581b50000, 0x00007fa6d1f02fc8, 0x00007fa6d1f03000, 0x00007fa6d2cdc000)
 Metaspace       used 24271K, capacity 24701K, committed 24832K, reserved 26624K
}
Event: 3289.285 GC heap before
{Heap before GC invocations=2375 (full 6):
 def new generation   total 2485440K, used 2297240K [0x00007fa02c600000, 0x00007fa0d4ed0000, 0x00007fa581b50000)
  eden space 2209344K, 100% used [0x00007fa02c600000, 0x00007fa0b3390000, 0x00007fa0b3390000)
  from space 276096K,  31% used [0x00007fa0c4130000, 0x00007fa0c97061c8, 0x00007fa0d4ed0000)
  to   space 276096K,   0% used [0x00007fa0b3390000, 0x00007fa0b3390000, 0x00007fa0c4130000)
 tenured generation   total 5522992K, used 5508811K [0x00007fa581b50000, 0x00007fa6d2cdc000, 0x00007fb02c600000)
   the space 5522992K,  99% used [0x00007fa581b50000, 0x00007fa6d1f02fc8, 0x00007fa6d1f03000, 0x00007fa6d2cdc000)
 Metaspace       used 24271K, capacity 24701K, committed 24832K, reserved 26624K
}
Event: 3289.365 GC heap after
{Heap after GC invocations=2376 (full 6):
 def new generation   total 2485440K, used 95613K [0x00007fa02c600000, 0x00007fa0d4ed0000, 0x00007fa581b50000)
  eden space 2209344K,   0% used [0x00007fa02c600000, 0x00007fa02c600000, 0x00007fa0b3390000)
  from space 276096K,  34% used [0x00007fa0b3390000, 0x00007fa0b90ef630, 0x00007fa0c4130000)
  to   space 276096K,   0% used [0x00007fa0c4130000, 0x00007fa0c4130000, 0x00007fa0d4ed0000)
 tenured generation   total 5522992K, used 5508811K [0x00007fa581b50000, 0x00007fa6d2cdc000, 0x00007fb02c600000)
   the space 5522992K,  99% used [0x00007fa581b50000, 0x00007fa6d1f02fc8, 0x00007fa6d1f03000, 0x00007fa6d2cdc000)
 Metaspace       used 24271K, capacity 24701K, committed 24832K, reserved 26624K
}
Event: 3291.779 GC heap before
{Heap before GC invocations=2376 (full 6):
 def new generation   total 2485440K, used 2304957K [0x00007fa02c600000, 0x00007fa0d4ed0000, 0x00007fa581b50000)
  eden space 2209344K, 100% used [0x00007fa02c600000, 0x00007fa0b3390000, 0x00007fa0b3390000)
  from space 276096K,  34% used [0x00007fa0b3390000, 0x00007fa0b90ef630, 0x00007fa0c4130000)
  to   space 276096K,   0% used [0x00007fa0c4130000, 0x00007fa0c4130000, 0x00007fa0d4ed0000)
 tenured generation   total 5522992K, used 5508811K [0x00007fa581b50000, 0x00007fa6d2cdc000, 0x00007fb02c600000)
   the space 5522992K,  99% used [0x00007fa581b50000, 0x00007fa6d1f02fc8, 0x00007fa6d1f03000, 0x00007fa6d2cdc000)
 Metaspace       used 24271K, capacity 24701K, committed 24832K, reserved 26624K
}
Event: 3291.874 GC heap after
{Heap after GC invocations=2377 (full 6):
 def new generation   total 2485440K, used 101762K [0x00007fa02c600000, 0x00007fa0d4ed0000, 0x00007fa581b50000)
  eden space 2209344K,   0% used [0x00007fa02c600000, 0x00007fa02c600000, 0x00007fa0b3390000)
  from space 276096K,  36% used [0x00007fa0c4130000, 0x00007fa0ca490b70, 0x00007fa0d4ed0000)
  to   space 276096K,   0% used [0x00007fa0b3390000, 0x00007fa0b3390000, 0x00007fa0c4130000)
 tenured generation   total 5522992K, used 5508811K [0x00007fa581b50000, 0x00007fa6d2cdc000, 0x00007fb02c600000)
   the space 5522992K,  99% used [0x00007fa581b50000, 0x00007fa6d1f02fc8, 0x00007fa6d1f03000, 0x00007fa6d2cdc000)
 Metaspace       used 24271K, capacity 24701K, committed 24832K, reserved 26624K
}
Event: 3293.940 GC heap before
{Heap before GC invocations=2377 (full 6):
 def new generation   total 2485440K, used 2311106K [0x00007fa02c600000, 0x00007fa0d4ed0000, 0x00007fa581b50000)
  eden space 2209344K, 100% used [0x00007fa02c600000, 0x00007fa0b3390000, 0x00007fa0b3390000)
  from space 276096K,  36% used [0x00007fa0c4130000, 0x00007fa0ca490b70, 0x00007fa0d4ed0000)
  to   space 276096K,   0% used [0x00007fa0b3390000, 0x00007fa0b3390000, 0x00007fa0c4130000)
 tenured generation   total 5522992K, used 5508811K [0x00007fa581b50000, 0x00007fa6d2cdc000, 0x00007fb02c600000)
   the space 5522992K,  99% used [0x00007fa581b50000, 0x00007fa6d1f02fc8, 0x00007fa6d1f03000, 0x00007fa6d2cdc000)
 Metaspace       used 24271K, capacity 24701K, committed 24832K, reserved 26624K
}
Event: 3294.039 GC heap after
{Heap after GC invocations=2378 (full 6):
 def new generation   total 2485440K, used 84810K [0x00007fa02c600000, 0x00007fa0d4ed0000, 0x00007fa581b50000)
  eden space 2209344K,   0% used [0x00007fa02c600000, 0x00007fa02c600000, 0x00007fa0b3390000)
  from space 276096K,  30% used [0x00007fa0b3390000, 0x00007fa0b8662ab8, 0x00007fa0c4130000)
  to   space 276096K,   0% used [0x00007fa0c4130000, 0x00007fa0c4130000, 0x00007fa0d4ed0000)
 tenured generation   total 5539380K, used 5525771K [0x00007fa581b50000, 0x00007fa6d3cdd000, 0x00007fb02c600000)
   the space 5539380K,  99% used [0x00007fa581b50000, 0x00007fa6d2f92fc0, 0x00007fa6d2f93000, 0x00007fa6d3cdd000)
 Metaspace       used 24271K, capacity 24701K, committed 24832K, reserved 26624K
}
Event: 3294.039 GC heap before
{Heap before GC invocations=2378 (full 6):
 def new generation   total 2485440K, used 84810K [0x00007fa02c600000, 0x00007fa0d4ed0000, 0x00007fa581b50000)
  eden space 2209344K,   0% used [0x00007fa02c600000, 0x00007fa02c600000, 0x00007fa0b3390000)
  from space 276096K,  30% used [0x00007fa0b3390000, 0x00007fa0b8662ab8, 0x00007fa0c4130000)
  to   space 276096K,   0% used [0x00007fa0c4130000, 0x00007fa0c4130000, 0x00007fa0d4ed0000)
 tenured generation   total 5539380K, used 5525771K [0x00007fa581b50000, 0x00007fa6d3cdd000, 0x00007fb02c600000)
   the space 5539380K,  99% used [0x00007fa581b50000, 0x00007fa6d2f92fc0, 0x00007fa6d2f93000, 0x00007fa6d3cdd000)
 Metaspace       used 24271K, capacity 24701K, committed 24832K, reserved 26624K
}

