# JRE version: OpenJDK Runtime Environment (13.0.7+5) (build 13.0.7+5-Ubuntu-0ubuntu120.04)
# Java VM: OpenJDK 64-Bit Server VM (13.0.7+5-Ubuntu-0ubuntu120.04, mixed mode, tiered, serial gc, linux-amd64)
Heap:
 def new generation   total 9244032K, used 273294K [0x00007fdc38600000, 0x00007fdeab460000, 0x00007fe18db50000)
  eden space 8216960K,   3% used [0x00007fdc38600000, 0x00007fdc490e3b68, 0x00007fde2de60000)
  from space 1027072K,   0% used [0x00007fde6c960000, 0x00007fde6c960000, 0x00007fdeab460000)
  to   space 1027072K,   0% used [0x00007fde2de60000, 0x00007fde2de60000, 0x00007fde6c960000)
 tenured generation   total 20718816K, used 20718815K [0x00007fe18db50000, 0x00007fe67e488000, 0x00007fec38600000)
   the space 20718816K,  99% used [0x00007fe18db50000, 0x00007fe67e487ff8, 0x00007fe67e488000, 0x00007fe67e488000)
 Metaspace       used 30532K, capacity 30991K, committed 31232K, reserved 32768K
GC Heap History (20 events):
Event: 833.703 GC heap after
{Heap after GC invocations=223 (full 36):
 def new generation   total 9244032K, used 775008K [0x00007fdc38600000, 0x00007fdeab460000, 0x00007fe18db50000)
  eden space 8216960K,   0% used [0x00007fdc38600000, 0x00007fdc38600000, 0x00007fde2de60000)
  from space 1027072K,  75% used [0x00007fde2de60000, 0x00007fde5d338040, 0x00007fde6c960000)
  to   space 1027072K,   0% used [0x00007fde6c960000, 0x00007fde6c960000, 0x00007fdeab460000)
 tenured generation   total 20542176K, used 14404160K [0x00007fe18db50000, 0x00007fe673808000, 0x00007fec38600000)
   the space 20542176K,  70% used [0x00007fe18db50000, 0x00007fe4fcde0310, 0x00007fe4fcde0400, 0x00007fe673808000)
 Metaspace       used 30532K, capacity 30991K, committed 31232K, reserved 32768K
}
Event: 836.050 GC heap before
{Heap before GC invocations=223 (full 36):
 def new generation   total 9244032K, used 8991968K [0x00007fdc38600000, 0x00007fdeab460000, 0x00007fe18db50000)
  eden space 8216960K, 100% used [0x00007fdc38600000, 0x00007fde2de60000, 0x00007fde2de60000)
  from space 1027072K,  75% used [0x00007fde2de60000, 0x00007fde5d338040, 0x00007fde6c960000)
  to   space 1027072K,   0% used [0x00007fde6c960000, 0x00007fde6c960000, 0x00007fdeab460000)
 tenured generation   total 20542176K, used 14404160K [0x00007fe18db50000, 0x00007fe673808000, 0x00007fec38600000)
   the space 20542176K,  70% used [0x00007fe18db50000, 0x00007fe4fcde0310, 0x00007fe4fcde0400, 0x00007fe673808000)
 Metaspace       used 30532K, capacity 30991K, committed 31232K, reserved 32768K
}
Event: 838.552 GC heap after
{Heap after GC invocations=224 (full 36):
 def new generation   total 9244032K, used 673873K [0x00007fdc38600000, 0x00007fdeab460000, 0x00007fe18db50000)
  eden space 8216960K,   0% used [0x00007fdc38600000, 0x00007fdc38600000, 0x00007fde2de60000)
  from space 1027072K,  65% used [0x00007fde6c960000, 0x00007fde95b74630, 0x00007fdeab460000)
  to   space 1027072K,   0% used [0x00007fde2de60000, 0x00007fde2de60000, 0x00007fde6c960000)
 tenured generation   total 20542176K, used 15179168K [0x00007fe18db50000, 0x00007fe673808000, 0x00007fec38600000)
   the space 20542176K,  73% used [0x00007fe18db50000, 0x00007fe52c2b8140, 0x00007fe52c2b8200, 0x00007fe673808000)
 Metaspace       used 30532K, capacity 30991K, committed 31232K, reserved 32768K
}
Event: 841.503 GC heap before
{Heap before GC invocations=224 (full 36):
 def new generation   total 9244032K, used 8890833K [0x00007fdc38600000, 0x00007fdeab460000, 0x00007fe18db50000)
  eden space 8216960K, 100% used [0x00007fdc38600000, 0x00007fde2de60000, 0x00007fde2de60000)
  from space 1027072K,  65% used [0x00007fde6c960000, 0x00007fde95b74630, 0x00007fdeab460000)
  to   space 1027072K,   0% used [0x00007fde2de60000, 0x00007fde2de60000, 0x00007fde6c960000)
 tenured generation   total 20542176K, used 15179168K [0x00007fe18db50000, 0x00007fe673808000, 0x00007fec38600000)
   the space 20542176K,  73% used [0x00007fe18db50000, 0x00007fe52c2b8140, 0x00007fe52c2b8200, 0x00007fe673808000)
 Metaspace       used 30532K, capacity 30991K, committed 31232K, reserved 32768K
}
Event: 843.934 GC heap after
{Heap after GC invocations=225 (full 36):
 def new generation   total 9244032K, used 717417K [0x00007fdc38600000, 0x00007fdeab460000, 0x00007fe18db50000)
  eden space 8216960K,   0% used [0x00007fdc38600000, 0x00007fdc38600000, 0x00007fde2de60000)
  from space 1027072K,  69% used [0x00007fde2de60000, 0x00007fde59afa7c0, 0x00007fde6c960000)
  to   space 1027072K,   0% used [0x00007fde6c960000, 0x00007fde6c960000, 0x00007fdeab460000)
 tenured generation   total 20542176K, used 15853041K [0x00007fe18db50000, 0x00007fe673808000, 0x00007fec38600000)
   the space 20542176K,  77% used [0x00007fe18db50000, 0x00007fe5554cc480, 0x00007fe5554cc600, 0x00007fe673808000)
 Metaspace       used 30532K, capacity 30991K, committed 31232K, reserved 32768K
}
Event: 846.498 GC heap before
{Heap before GC invocations=225 (full 36):
 def new generation   total 9244032K, used 8934377K [0x00007fdc38600000, 0x00007fdeab460000, 0x00007fe18db50000)
  eden space 8216960K, 100% used [0x00007fdc38600000, 0x00007fde2de60000, 0x00007fde2de60000)
  from space 1027072K,  69% used [0x00007fde2de60000, 0x00007fde59afa7c0, 0x00007fde6c960000)
  to   space 1027072K,   0% used [0x00007fde6c960000, 0x00007fde6c960000, 0x00007fdeab460000)
 tenured generation   total 20542176K, used 15853041K [0x00007fe18db50000, 0x00007fe673808000, 0x00007fec38600000)
   the space 20542176K,  77% used [0x00007fe18db50000, 0x00007fe5554cc480, 0x00007fe5554cc600, 0x00007fe673808000)
 Metaspace       used 30532K, capacity 30991K, committed 31232K, reserved 32768K
}
Event: 849.080 GC heap after
{Heap after GC invocations=226 (full 36):
 def new generation   total 9244032K, used 742994K [0x00007fdc38600000, 0x00007fdeab460000, 0x00007fe18db50000)
  eden space 8216960K,   0% used [0x00007fdc38600000, 0x00007fdc38600000, 0x00007fde2de60000)
  from space 1027072K,  72% used [0x00007fde6c960000, 0x00007fde99ef4840, 0x00007fdeab460000)
  to   space 1027072K,   0% used [0x00007fde2de60000, 0x00007fde2de60000, 0x00007fde6c960000)
 tenured generation   total 20542176K, used 16570458K [0x00007fe18db50000, 0x00007fe673808000, 0x00007fec38600000)
   the space 20542176K,  80% used [0x00007fe18db50000, 0x00007fe581166a10, 0x00007fe581166c00, 0x00007fe673808000)
 Metaspace       used 30532K, capacity 30991K, committed 31232K, reserved 32768K
}
Event: 851.621 GC heap before
{Heap before GC invocations=226 (full 36):
 def new generation   total 9244032K, used 8959954K [0x00007fdc38600000, 0x00007fdeab460000, 0x00007fe18db50000)
  eden space 8216960K, 100% used [0x00007fdc38600000, 0x00007fde2de60000, 0x00007fde2de60000)
  from space 1027072K,  72% used [0x00007fde6c960000, 0x00007fde99ef4840, 0x00007fdeab460000)
  to   space 1027072K,   0% used [0x00007fde2de60000, 0x00007fde2de60000, 0x00007fde6c960000)
 tenured generation   total 20542176K, used 16570458K [0x00007fe18db50000, 0x00007fe673808000, 0x00007fec38600000)
   the space 20542176K,  80% used [0x00007fe18db50000, 0x00007fe581166a10, 0x00007fe581166c00, 0x00007fe673808000)
 Metaspace       used 30532K, capacity 30991K, committed 31232K, reserved 32768K
}
Event: 854.096 GC heap after
{Heap after GC invocations=227 (full 36):
 def new generation   total 9244032K, used 687470K [0x00007fdc38600000, 0x00007fdeab460000, 0x00007fe18db50000)
  eden space 8216960K,   0% used [0x00007fdc38600000, 0x00007fdc38600000, 0x00007fde2de60000)
  from space 1027072K,  66% used [0x00007fde2de60000, 0x00007fde57dbbb50, 0x00007fde6c960000)
  to   space 1027072K,   0% used [0x00007fde6c960000, 0x00007fde6c960000, 0x00007fdeab460000)
 tenured generation   total 20542176K, used 17313452K [0x00007fe18db50000, 0x00007fe673808000, 0x00007fec38600000)
   the space 20542176K,  84% used [0x00007fe18db50000, 0x00007fe5ae6fb090, 0x00007fe5ae6fb200, 0x00007fe673808000)
 Metaspace       used 30532K, capacity 30991K, committed 31232K, reserved 32768K
}
Event: 856.595 GC heap before
{Heap before GC invocations=227 (full 36):
 def new generation   total 9244032K, used 8904430K [0x00007fdc38600000, 0x00007fdeab460000, 0x00007fe18db50000)
  eden space 8216960K, 100% used [0x00007fdc38600000, 0x00007fde2de60000, 0x00007fde2de60000)
  from space 1027072K,  66% used [0x00007fde2de60000, 0x00007fde57dbbb50, 0x00007fde6c960000)
  to   space 1027072K,   0% used [0x00007fde6c960000, 0x00007fde6c960000, 0x00007fdeab460000)
 tenured generation   total 20542176K, used 17313452K [0x00007fe18db50000, 0x00007fe673808000, 0x00007fec38600000)
   the space 20542176K,  84% used [0x00007fe18db50000, 0x00007fe5ae6fb090, 0x00007fe5ae6fb200, 0x00007fe673808000)
 Metaspace       used 30532K, capacity 30991K, committed 31232K, reserved 32768K
}
Event: 859.034 GC heap after
{Heap after GC invocations=228 (full 36):
 def new generation   total 9244032K, used 683223K [0x00007fdc38600000, 0x00007fdeab460000, 0x00007fe18db50000)
  eden space 8216960K,   0% used [0x00007fdc38600000, 0x00007fdc38600000, 0x00007fde2de60000)
  from space 1027072K,  66% used [0x00007fde6c960000, 0x00007fde96495fd0, 0x00007fdeab460000)
  to   space 1027072K,   0% used [0x00007fde2de60000, 0x00007fde2de60000, 0x00007fde6c960000)
 tenured generation   total 20542176K, used 18000922K [0x00007fe18db50000, 0x00007fe673808000, 0x00007fec38600000)
   the space 20542176K,  87% used [0x00007fe18db50000, 0x00007fe5d8656a70, 0x00007fe5d8656c00, 0x00007fe673808000)
 Metaspace       used 30532K, capacity 30991K, committed 31232K, reserved 32768K
}
Event: 861.442 GC heap before
{Heap before GC invocations=228 (full 36):
 def new generation   total 9244032K, used 8900183K [0x00007fdc38600000, 0x00007fdeab460000, 0x00007fe18db50000)
  eden space 8216960K, 100% used [0x00007fdc38600000, 0x00007fde2de60000, 0x00007fde2de60000)
  from space 1027072K,  66% used [0x00007fde6c960000, 0x00007fde96495fd0, 0x00007fdeab460000)
  to   space 1027072K,   0% used [0x00007fde2de60000, 0x00007fde2de60000, 0x00007fde6c960000)
 tenured generation   total 20542176K, used 18000922K [0x00007fe18db50000, 0x00007fe673808000, 0x00007fec38600000)
   the space 20542176K,  87% used [0x00007fe18db50000, 0x00007fe5d8656a70, 0x00007fe5d8656c00, 0x00007fe673808000)
 Metaspace       used 30532K, capacity 30991K, committed 31232K, reserved 32768K
}
Event: 863.865 GC heap after
{Heap after GC invocations=229 (full 36):
 def new generation   total 9244032K, used 674889K [0x00007fdc38600000, 0x00007fdeab460000, 0x00007fe18db50000)
  eden space 8216960K,   0% used [0x00007fdc38600000, 0x00007fdc38600000, 0x00007fde2de60000)
  from space 1027072K,  65% used [0x00007fde2de60000, 0x00007fde571725c0, 0x00007fde6c960000)
  to   space 1027072K,   0% used [0x00007fde6c960000, 0x00007fde6c960000, 0x00007fdeab460000)
 tenured generation   total 20542176K, used 18684146K [0x00007fe18db50000, 0x00007fe673808000, 0x00007fec38600000)
   the space 20542176K,  90% used [0x00007fe18db50000, 0x00007fe60218c940, 0x00007fe60218ca00, 0x00007fe673808000)
 Metaspace       used 30532K, capacity 30991K, committed 31232K, reserved 32768K
}
Event: 866.348 GC heap before
{Heap before GC invocations=229 (full 36):
 def new generation   total 9244032K, used 8891849K [0x00007fdc38600000, 0x00007fdeab460000, 0x00007fe18db50000)
  eden space 8216960K, 100% used [0x00007fdc38600000, 0x00007fde2de60000, 0x00007fde2de60000)
  from space 1027072K,  65% used [0x00007fde2de60000, 0x00007fde571725c0, 0x00007fde6c960000)
  to   space 1027072K,   0% used [0x00007fde6c960000, 0x00007fde6c960000, 0x00007fdeab460000)
 tenured generation   total 20542176K, used 18684146K [0x00007fe18db50000, 0x00007fe673808000, 0x00007fec38600000)
   the space 20542176K,  90% used [0x00007fe18db50000, 0x00007fe60218c940, 0x00007fe60218ca00, 0x00007fe673808000)
 Metaspace       used 30532K, capacity 30991K, committed 31232K, reserved 32768K
}
Event: 868.736 GC heap after
{Heap after GC invocations=230 (full 36):
 def new generation   total 9244032K, used 677812K [0x00007fdc38600000, 0x00007fdeab460000, 0x00007fe18db50000)
  eden space 8216960K,   0% used [0x00007fdc38600000, 0x00007fdc38600000, 0x00007fde2de60000)
  from space 1027072K,  65% used [0x00007fde6c960000, 0x00007fde95f4d2b0, 0x00007fdeab460000)
  to   space 1027072K,   0% used [0x00007fde2de60000, 0x00007fde2de60000, 0x00007fde6c960000)
 tenured generation   total 20542176K, used 19359035K [0x00007fe18db50000, 0x00007fe673808000, 0x00007fec38600000)
   the space 20542176K,  94% used [0x00007fe18db50000, 0x00007fe62b49ecd0, 0x00007fe62b49ee00, 0x00007fe673808000)
 Metaspace       used 30532K, capacity 30991K, committed 31232K, reserved 32768K
}
Event: 871.239 GC heap before
{Heap before GC invocations=230 (full 36):
 def new generation   total 9244032K, used 8894772K [0x00007fdc38600000, 0x00007fdeab460000, 0x00007fe18db50000)
  eden space 8216960K, 100% used [0x00007fdc38600000, 0x00007fde2de60000, 0x00007fde2de60000)
  from space 1027072K,  65% used [0x00007fde6c960000, 0x00007fde95f4d2b0, 0x00007fdeab460000)
  to   space 1027072K,   0% used [0x00007fde2de60000, 0x00007fde2de60000, 0x00007fde6c960000)
 tenured generation   total 20542176K, used 19359035K [0x00007fe18db50000, 0x00007fe673808000, 0x00007fec38600000)
   the space 20542176K,  94% used [0x00007fe18db50000, 0x00007fe62b49ecd0, 0x00007fe62b49ee00, 0x00007fe673808000)
 Metaspace       used 30532K, capacity 30991K, committed 31232K, reserved 32768K
}
Event: 873.623 GC heap after
{Heap after GC invocations=231 (full 36):
 def new generation   total 9244032K, used 681890K [0x00007fdc38600000, 0x00007fdeab460000, 0x00007fe18db50000)
  eden space 8216960K,   0% used [0x00007fdc38600000, 0x00007fdc38600000, 0x00007fde2de60000)
  from space 1027072K,  66% used [0x00007fde2de60000, 0x00007fde57848a20, 0x00007fde6c960000)
  to   space 1027072K,   0% used [0x00007fde6c960000, 0x00007fde6c960000, 0x00007fdeab460000)
 tenured generation   total 20542176K, used 20036847K [0x00007fe18db50000, 0x00007fe673808000, 0x00007fec38600000)
   the space 20542176K,  97% used [0x00007fe18db50000, 0x00007fe654a8bcb0, 0x00007fe654a8be00, 0x00007fe673808000)
 Metaspace       used 30532K, capacity 30991K, committed 31232K, reserved 32768K
}
Event: 875.995 GC heap before
{Heap before GC invocations=231 (full 36):
 def new generation   total 9244032K, used 8898850K [0x00007fdc38600000, 0x00007fdeab460000, 0x00007fe18db50000)
  eden space 8216960K, 100% used [0x00007fdc38600000, 0x00007fde2de60000, 0x00007fde2de60000)
  from space 1027072K,  66% used [0x00007fde2de60000, 0x00007fde57848a20, 0x00007fde6c960000)
  to   space 1027072K,   0% used [0x00007fde6c960000, 0x00007fde6c960000, 0x00007fdeab460000)
 tenured generation   total 20542176K, used 20036847K [0x00007fe18db50000, 0x00007fe673808000, 0x00007fec38600000)
   the space 20542176K,  97% used [0x00007fe18db50000, 0x00007fe654a8bcb0, 0x00007fe654a8be00, 0x00007fe673808000)
 Metaspace       used 30532K, capacity 30991K, committed 31232K, reserved 32768K
}
Event: 878.426 GC heap after
{Heap after GC invocations=232 (full 36):
 def new generation   total 9244032K, used 682525K [0x00007fdc38600000, 0x00007fdeab460000, 0x00007fe18db50000)
  eden space 8216960K,   0% used [0x00007fdc38600000, 0x00007fdc38600000, 0x00007fde2de60000)
  from space 1027072K,  66% used [0x00007fde6c960000, 0x00007fde963e76f0, 0x00007fdeab460000)
  to   space 1027072K,   0% used [0x00007fde2de60000, 0x00007fde2de60000, 0x00007fde6c960000)
 tenured generation   total 20718816K, used 20718737K [0x00007fe18db50000, 0x00007fe67e488000, 0x00007fec38600000)
   the space 20718816K,  99% used [0x00007fe18db50000, 0x00007fe67e4745a0, 0x00007fe67e474600, 0x00007fe67e488000)
 Metaspace       used 30532K, capacity 30991K, committed 31232K, reserved 32768K
}
Event: 878.426 GC heap before
{Heap before GC invocations=232 (full 36):
 def new generation   total 9244032K, used 682525K [0x00007fdc38600000, 0x00007fdeab460000, 0x00007fe18db50000)
  eden space 8216960K,   0% used [0x00007fdc38600000, 0x00007fdc38600000, 0x00007fde2de60000)
  from space 1027072K,  66% used [0x00007fde6c960000, 0x00007fde963e76f0, 0x00007fdeab460000)
  to   space 1027072K,   0% used [0x00007fde2de60000, 0x00007fde2de60000, 0x00007fde6c960000)
 tenured generation   total 20718816K, used 20718737K [0x00007fe18db50000, 0x00007fe67e488000, 0x00007fec38600000)
   the space 20718816K,  99% used [0x00007fe18db50000, 0x00007fe67e4745a0, 0x00007fe67e474600, 0x00007fe67e488000)
 Metaspace       used 30532K, capacity 30991K, committed 31232K, reserved 32768K
}

