# JRE version: OpenJDK Runtime Environment (13.0.7+5) (build 13.0.7+5-Ubuntu-0ubuntu120.04)
# Java VM: OpenJDK 64-Bit Server VM (13.0.7+5-Ubuntu-0ubuntu120.04, mixed mode, tiered, serial gc, linux-amd64)
Heap:
 def new generation   total 2808576K, used 187064K [0x00007f7158600000, 0x00007f7216d70000, 0x00007f7c030a0000)
  eden space 2496576K,   7% used [0x00007f7158600000, 0x00007f7163cae370, 0x00007f71f0c10000)
  from space 312000K,   0% used [0x00007f7203cc0000, 0x00007f7203cc0000, 0x00007f7216d70000)
  to   space 312000K,   0% used [0x00007f71f0c10000, 0x00007f71f0c10000, 0x00007f7203cc0000)
 tenured generation   total 6241812K, used 6241673K [0x00007f7c030a0000, 0x00007f7d80025000, 0x00007f9158600000)
   the space 6241812K,  99% used [0x00007f7c030a0000, 0x00007f7d80002728, 0x00007f7d80002800, 0x00007f7d80025000)
 Metaspace       used 24245K, capacity 24697K, committed 24832K, reserved 26624K
GC Heap History (20 events):
Event: 1463.650 GC heap after
{Heap after GC invocations=1311 (full 6):
 def new generation   total 2808576K, used 163418K [0x00007f7158600000, 0x00007f7216d70000, 0x00007f7c030a0000)
  eden space 2496576K,   0% used [0x00007f7158600000, 0x00007f7158600000, 0x00007f71f0c10000)
  from space 312000K,  52% used [0x00007f71f0c10000, 0x00007f71faba6a58, 0x00007f7203cc0000)
  to   space 312000K,   0% used [0x00007f7203cc0000, 0x00007f7203cc0000, 0x00007f7216d70000)
 tenured generation   total 6241104K, used 6105993K [0x00007f7c030a0000, 0x00007f7d7ff74000, 0x00007f9158600000)
   the space 6241104K,  97% used [0x00007f7c030a0000, 0x00007f7d77b824c0, 0x00007f7d77b82600, 0x00007f7d7ff74000)
 Metaspace       used 24245K, capacity 24697K, committed 24832K, reserved 26624K
}
Event: 1466.270 GC heap before
{Heap before GC invocations=1311 (full 6):
 def new generation   total 2808576K, used 2658124K [0x00007f7158600000, 0x00007f7216d70000, 0x00007f7c030a0000)
  eden space 2496576K,  99% used [0x00007f7158600000, 0x00007f71f0a3c870, 0x00007f71f0c10000)
  from space 312000K,  52% used [0x00007f71f0c10000, 0x00007f71faba6a58, 0x00007f7203cc0000)
  to   space 312000K,   0% used [0x00007f7203cc0000, 0x00007f7203cc0000, 0x00007f7216d70000)
 tenured generation   total 6241104K, used 6105993K [0x00007f7c030a0000, 0x00007f7d7ff74000, 0x00007f9158600000)
   the space 6241104K,  97% used [0x00007f7c030a0000, 0x00007f7d77b824c0, 0x00007f7d77b82600, 0x00007f7d7ff74000)
 Metaspace       used 24245K, capacity 24697K, committed 24832K, reserved 26624K
}
Event: 1466.393 GC heap after
{Heap after GC invocations=1312 (full 6):
 def new generation   total 2808576K, used 161912K [0x00007f7158600000, 0x00007f7216d70000, 0x00007f7c030a0000)
  eden space 2496576K,   0% used [0x00007f7158600000, 0x00007f7158600000, 0x00007f71f0c10000)
  from space 312000K,  51% used [0x00007f7203cc0000, 0x00007f720dade158, 0x00007f7216d70000)
  to   space 312000K,   0% used [0x00007f71f0c10000, 0x00007f71f0c10000, 0x00007f7203cc0000)
 tenured generation   total 6241104K, used 6122951K [0x00007f7c030a0000, 0x00007f7d7ff74000, 0x00007f9158600000)
   the space 6241104K,  98% used [0x00007f7c030a0000, 0x00007f7d78c11f18, 0x00007f7d78c12000, 0x00007f7d7ff74000)
 Metaspace       used 24245K, capacity 24697K, committed 24832K, reserved 26624K
}
Event: 1468.716 GC heap before
{Heap before GC invocations=1312 (full 6):
 def new generation   total 2808576K, used 2658488K [0x00007f7158600000, 0x00007f7216d70000, 0x00007f7c030a0000)
  eden space 2496576K, 100% used [0x00007f7158600000, 0x00007f71f0c10000, 0x00007f71f0c10000)
  from space 312000K,  51% used [0x00007f7203cc0000, 0x00007f720dade158, 0x00007f7216d70000)
  to   space 312000K,   0% used [0x00007f71f0c10000, 0x00007f71f0c10000, 0x00007f7203cc0000)
 tenured generation   total 6241104K, used 6122951K [0x00007f7c030a0000, 0x00007f7d7ff74000, 0x00007f9158600000)
   the space 6241104K,  98% used [0x00007f7c030a0000, 0x00007f7d78c11f18, 0x00007f7d78c12000, 0x00007f7d7ff74000)
 Metaspace       used 24245K, capacity 24697K, committed 24832K, reserved 26624K
}
Event: 1468.902 GC heap after
{Heap after GC invocations=1313 (full 6):
 def new generation   total 2808576K, used 152618K [0x00007f7158600000, 0x00007f7216d70000, 0x00007f7c030a0000)
  eden space 2496576K,   0% used [0x00007f7158600000, 0x00007f7158600000, 0x00007f71f0c10000)
  from space 312000K,  48% used [0x00007f71f0c10000, 0x00007f71fa11aa30, 0x00007f7203cc0000)
  to   space 312000K,   0% used [0x00007f7203cc0000, 0x00007f7203cc0000, 0x00007f7216d70000)
 tenured generation   total 6241104K, used 6139910K [0x00007f7c030a0000, 0x00007f7d7ff74000, 0x00007f9158600000)
   the space 6241104K,  98% used [0x00007f7c030a0000, 0x00007f7d79ca1970, 0x00007f7d79ca1a00, 0x00007f7d7ff74000)
 Metaspace       used 24245K, capacity 24697K, committed 24832K, reserved 26624K
}
Event: 1471.689 GC heap before
{Heap before GC invocations=1313 (full 6):
 def new generation   total 2808576K, used 2649194K [0x00007f7158600000, 0x00007f7216d70000, 0x00007f7c030a0000)
  eden space 2496576K, 100% used [0x00007f7158600000, 0x00007f71f0c10000, 0x00007f71f0c10000)
  from space 312000K,  48% used [0x00007f71f0c10000, 0x00007f71fa11aa30, 0x00007f7203cc0000)
  to   space 312000K,   0% used [0x00007f7203cc0000, 0x00007f7203cc0000, 0x00007f7216d70000)
 tenured generation   total 6241104K, used 6139910K [0x00007f7c030a0000, 0x00007f7d7ff74000, 0x00007f9158600000)
   the space 6241104K,  98% used [0x00007f7c030a0000, 0x00007f7d79ca1970, 0x00007f7d79ca1a00, 0x00007f7d7ff74000)
 Metaspace       used 24245K, capacity 24697K, committed 24832K, reserved 26624K
}
Event: 1471.807 GC heap after
{Heap after GC invocations=1314 (full 6):
 def new generation   total 2808576K, used 169556K [0x00007f7158600000, 0x00007f7216d70000, 0x00007f7c030a0000)
  eden space 2496576K,   0% used [0x00007f7158600000, 0x00007f7158600000, 0x00007f71f0c10000)
  from space 312000K,  54% used [0x00007f7203cc0000, 0x00007f720e255220, 0x00007f7216d70000)
  to   space 312000K,   0% used [0x00007f71f0c10000, 0x00007f71f0c10000, 0x00007f7203cc0000)
 tenured generation   total 6241104K, used 6139910K [0x00007f7c030a0000, 0x00007f7d7ff74000, 0x00007f9158600000)
   the space 6241104K,  98% used [0x00007f7c030a0000, 0x00007f7d79ca1970, 0x00007f7d79ca1a00, 0x00007f7d7ff74000)
 Metaspace       used 24245K, capacity 24697K, committed 24832K, reserved 26624K
}
Event: 1474.188 GC heap before
{Heap before GC invocations=1314 (full 6):
 def new generation   total 2808576K, used 2666132K [0x00007f7158600000, 0x00007f7216d70000, 0x00007f7c030a0000)
  eden space 2496576K, 100% used [0x00007f7158600000, 0x00007f71f0c10000, 0x00007f71f0c10000)
  from space 312000K,  54% used [0x00007f7203cc0000, 0x00007f720e255220, 0x00007f7216d70000)
  to   space 312000K,   0% used [0x00007f71f0c10000, 0x00007f71f0c10000, 0x00007f7203cc0000)
 tenured generation   total 6241104K, used 6139910K [0x00007f7c030a0000, 0x00007f7d7ff74000, 0x00007f9158600000)
   the space 6241104K,  98% used [0x00007f7c030a0000, 0x00007f7d79ca1970, 0x00007f7d79ca1a00, 0x00007f7d7ff74000)
 Metaspace       used 24245K, capacity 24697K, committed 24832K, reserved 26624K
}
Event: 1474.315 GC heap after
{Heap after GC invocations=1315 (full 6):
 def new generation   total 2808576K, used 180875K [0x00007f7158600000, 0x00007f7216d70000, 0x00007f7c030a0000)
  eden space 2496576K,   0% used [0x00007f7158600000, 0x00007f7158600000, 0x00007f71f0c10000)
  from space 312000K,  57% used [0x00007f71f0c10000, 0x00007f71fbcb2d70, 0x00007f7203cc0000)
  to   space 312000K,   0% used [0x00007f7203cc0000, 0x00007f7203cc0000, 0x00007f7216d70000)
 tenured generation   total 6241104K, used 6156868K [0x00007f7c030a0000, 0x00007f7d7ff74000, 0x00007f9158600000)
   the space 6241104K,  98% used [0x00007f7c030a0000, 0x00007f7d7ad313c8, 0x00007f7d7ad31400, 0x00007f7d7ff74000)
 Metaspace       used 24245K, capacity 24697K, committed 24832K, reserved 26624K
}
Event: 1476.712 GC heap before
{Heap before GC invocations=1315 (full 6):
 def new generation   total 2808576K, used 2677451K [0x00007f7158600000, 0x00007f7216d70000, 0x00007f7c030a0000)
  eden space 2496576K, 100% used [0x00007f7158600000, 0x00007f71f0c10000, 0x00007f71f0c10000)
  from space 312000K,  57% used [0x00007f71f0c10000, 0x00007f71fbcb2d70, 0x00007f7203cc0000)
  to   space 312000K,   0% used [0x00007f7203cc0000, 0x00007f7203cc0000, 0x00007f7216d70000)
 tenured generation   total 6241104K, used 6156868K [0x00007f7c030a0000, 0x00007f7d7ff74000, 0x00007f9158600000)
   the space 6241104K,  98% used [0x00007f7c030a0000, 0x00007f7d7ad313c8, 0x00007f7d7ad31400, 0x00007f7d7ff74000)
 Metaspace       used 24245K, capacity 24697K, committed 24832K, reserved 26624K
}
Event: 1476.854 GC heap after
{Heap after GC invocations=1316 (full 6):
 def new generation   total 2808576K, used 158249K [0x00007f7158600000, 0x00007f7216d70000, 0x00007f7c030a0000)
  eden space 2496576K,   0% used [0x00007f7158600000, 0x00007f7158600000, 0x00007f71f0c10000)
  from space 312000K,  50% used [0x00007f7203cc0000, 0x00007f720d74a658, 0x00007f7216d70000)
  to   space 312000K,   0% used [0x00007f71f0c10000, 0x00007f71f0c10000, 0x00007f7203cc0000)
 tenured generation   total 6241104K, used 6190786K [0x00007f7c030a0000, 0x00007f7d7ff74000, 0x00007f9158600000)
   the space 6241104K,  99% used [0x00007f7c030a0000, 0x00007f7d7ce50878, 0x00007f7d7ce50a00, 0x00007f7d7ff74000)
 Metaspace       used 24245K, capacity 24697K, committed 24832K, reserved 26624K
}
Event: 1479.328 GC heap before
{Heap before GC invocations=1316 (full 6):
 def new generation   total 2808576K, used 2654825K [0x00007f7158600000, 0x00007f7216d70000, 0x00007f7c030a0000)
  eden space 2496576K, 100% used [0x00007f7158600000, 0x00007f71f0c10000, 0x00007f71f0c10000)
  from space 312000K,  50% used [0x00007f7203cc0000, 0x00007f720d74a658, 0x00007f7216d70000)
  to   space 312000K,   0% used [0x00007f71f0c10000, 0x00007f71f0c10000, 0x00007f7203cc0000)
 tenured generation   total 6241104K, used 6190786K [0x00007f7c030a0000, 0x00007f7d7ff74000, 0x00007f9158600000)
   the space 6241104K,  99% used [0x00007f7c030a0000, 0x00007f7d7ce50878, 0x00007f7d7ce50a00, 0x00007f7d7ff74000)
 Metaspace       used 24245K, capacity 24697K, committed 24832K, reserved 26624K
}
Event: 1479.440 GC heap after
{Heap after GC invocations=1317 (full 6):
 def new generation   total 2808576K, used 135646K [0x00007f7158600000, 0x00007f7216d70000, 0x00007f7c030a0000)
  eden space 2496576K,   0% used [0x00007f7158600000, 0x00007f7158600000, 0x00007f71f0c10000)
  from space 312000K,  43% used [0x00007f71f0c10000, 0x00007f71f9087a98, 0x00007f7203cc0000)
  to   space 312000K,   0% used [0x00007f7203cc0000, 0x00007f7203cc0000, 0x00007f7216d70000)
 tenured generation   total 6241104K, used 6207744K [0x00007f7c030a0000, 0x00007f7d7ff74000, 0x00007f9158600000)
   the space 6241104K,  99% used [0x00007f7c030a0000, 0x00007f7d7dee02d0, 0x00007f7d7dee0400, 0x00007f7d7ff74000)
 Metaspace       used 24245K, capacity 24697K, committed 24832K, reserved 26624K
}
Event: 1482.107 GC heap before
{Heap before GC invocations=1317 (full 6):
 def new generation   total 2808576K, used 2632222K [0x00007f7158600000, 0x00007f7216d70000, 0x00007f7c030a0000)
  eden space 2496576K, 100% used [0x00007f7158600000, 0x00007f71f0c10000, 0x00007f71f0c10000)
  from space 312000K,  43% used [0x00007f71f0c10000, 0x00007f71f9087a98, 0x00007f7203cc0000)
  to   space 312000K,   0% used [0x00007f7203cc0000, 0x00007f7203cc0000, 0x00007f7216d70000)
 tenured generation   total 6241104K, used 6207744K [0x00007f7c030a0000, 0x00007f7d7ff74000, 0x00007f9158600000)
   the space 6241104K,  99% used [0x00007f7c030a0000, 0x00007f7d7dee02d0, 0x00007f7d7dee0400, 0x00007f7d7ff74000)
 Metaspace       used 24245K, capacity 24697K, committed 24832K, reserved 26624K
}
Event: 1482.194 GC heap after
{Heap after GC invocations=1318 (full 6):
 def new generation   total 2808576K, used 154708K [0x00007f7158600000, 0x00007f7216d70000, 0x00007f7c030a0000)
  eden space 2496576K,   0% used [0x00007f7158600000, 0x00007f7158600000, 0x00007f71f0c10000)
  from space 312000K,  49% used [0x00007f7203cc0000, 0x00007f720d3d5090, 0x00007f7216d70000)
  to   space 312000K,   0% used [0x00007f71f0c10000, 0x00007f71f0c10000, 0x00007f7203cc0000)
 tenured generation   total 6241104K, used 6207744K [0x00007f7c030a0000, 0x00007f7d7ff74000, 0x00007f9158600000)
   the space 6241104K,  99% used [0x00007f7c030a0000, 0x00007f7d7dee02d0, 0x00007f7d7dee0400, 0x00007f7d7ff74000)
 Metaspace       used 24245K, capacity 24697K, committed 24832K, reserved 26624K
}
Event: 1484.230 GC heap before
{Heap before GC invocations=1318 (full 6):
 def new generation   total 2808576K, used 2635209K [0x00007f7158600000, 0x00007f7216d70000, 0x00007f7c030a0000)
  eden space 2496576K,  99% used [0x00007f7158600000, 0x00007f71efc5d748, 0x00007f71f0c10000)
  from space 312000K,  49% used [0x00007f7203cc0000, 0x00007f720d3d5090, 0x00007f7216d70000)
  to   space 312000K,   0% used [0x00007f71f0c10000, 0x00007f71f0c10000, 0x00007f7203cc0000)
 tenured generation   total 6241104K, used 6207744K [0x00007f7c030a0000, 0x00007f7d7ff74000, 0x00007f9158600000)
   the space 6241104K,  99% used [0x00007f7c030a0000, 0x00007f7d7dee02d0, 0x00007f7d7dee0400, 0x00007f7d7ff74000)
 Metaspace       used 24245K, capacity 24697K, committed 24832K, reserved 26624K
}
Event: 1484.333 GC heap after
{Heap after GC invocations=1319 (full 6):
 def new generation   total 2808576K, used 187059K [0x00007f7158600000, 0x00007f7216d70000, 0x00007f7c030a0000)
  eden space 2496576K,   0% used [0x00007f7158600000, 0x00007f7158600000, 0x00007f71f0c10000)
  from space 312000K,  59% used [0x00007f71f0c10000, 0x00007f71fc2bcf08, 0x00007f7203cc0000)
  to   space 312000K,   0% used [0x00007f7203cc0000, 0x00007f7203cc0000, 0x00007f7216d70000)
 tenured generation   total 6241104K, used 6207744K [0x00007f7c030a0000, 0x00007f7d7ff74000, 0x00007f9158600000)
   the space 6241104K,  99% used [0x00007f7c030a0000, 0x00007f7d7dee02d0, 0x00007f7d7dee0400, 0x00007f7d7ff74000)
 Metaspace       used 24245K, capacity 24697K, committed 24832K, reserved 26624K
}
Event: 1486.523 GC heap before
{Heap before GC invocations=1319 (full 6):
 def new generation   total 2808576K, used 2683635K [0x00007f7158600000, 0x00007f7216d70000, 0x00007f7c030a0000)
  eden space 2496576K, 100% used [0x00007f7158600000, 0x00007f71f0c10000, 0x00007f71f0c10000)
  from space 312000K,  59% used [0x00007f71f0c10000, 0x00007f71fc2bcf08, 0x00007f7203cc0000)
  to   space 312000K,   0% used [0x00007f7203cc0000, 0x00007f7203cc0000, 0x00007f7216d70000)
 tenured generation   total 6241104K, used 6207744K [0x00007f7c030a0000, 0x00007f7d7ff74000, 0x00007f9158600000)
   the space 6241104K,  99% used [0x00007f7c030a0000, 0x00007f7d7dee02d0, 0x00007f7d7dee0400, 0x00007f7d7ff74000)
 Metaspace       used 24245K, capacity 24697K, committed 24832K, reserved 26624K
}
Event: 1486.695 GC heap after
{Heap after GC invocations=1320 (full 6):
 def new generation   total 2808576K, used 187076K [0x00007f7158600000, 0x00007f7216d70000, 0x00007f7c030a0000)
  eden space 2496576K,   0% used [0x00007f7158600000, 0x00007f7158600000, 0x00007f71f0c10000)
  from space 312000K,  59% used [0x00007f7203cc0000, 0x00007f720f371318, 0x00007f7216d70000)
  to   space 312000K,   0% used [0x00007f71f0c10000, 0x00007f71f0c10000, 0x00007f7203cc0000)
 tenured generation   total 6241812K, used 6241661K [0x00007f7c030a0000, 0x00007f7d80025000, 0x00007f9158600000)
   the space 6241812K,  99% used [0x00007f7c030a0000, 0x00007f7d7ffff780, 0x00007f7d7ffff800, 0x00007f7d80025000)
 Metaspace       used 24245K, capacity 24697K, committed 24832K, reserved 26624K
}
Event: 1486.695 GC heap before
{Heap before GC invocations=1320 (full 6):
 def new generation   total 2808576K, used 187076K [0x00007f7158600000, 0x00007f7216d70000, 0x00007f7c030a0000)
  eden space 2496576K,   0% used [0x00007f7158600000, 0x00007f7158600000, 0x00007f71f0c10000)
  from space 312000K,  59% used [0x00007f7203cc0000, 0x00007f720f371318, 0x00007f7216d70000)
  to   space 312000K,   0% used [0x00007f71f0c10000, 0x00007f71f0c10000, 0x00007f7203cc0000)
 tenured generation   total 6241812K, used 6241661K [0x00007f7c030a0000, 0x00007f7d80025000, 0x00007f9158600000)
   the space 6241812K,  99% used [0x00007f7c030a0000, 0x00007f7d7ffff780, 0x00007f7d7ffff800, 0x00007f7d80025000)
 Metaspace       used 24245K, capacity 24697K, committed 24832K, reserved 26624K
}

