# JRE version: OpenJDK Runtime Environment (13.0.7+5) (build 13.0.7+5-Ubuntu-0ubuntu120.04)
# Java VM: OpenJDK 64-Bit Server VM (13.0.7+5-Ubuntu-0ubuntu120.04, mixed mode, tiered, serial gc, linux-amd64)
Heap:
 def new generation   total 4860672K, used 116237K [0x00007f1114600000, 0x00007f125e020000, 0x00007f1669b50000)
  eden space 4320640K,   2% used [0x00007f1114600000, 0x00007f111b7834f0, 0x00007f121c160000)
  from space 540032K,   0% used [0x00007f121c160000, 0x00007f121c160000, 0x00007f123d0c0000)
  to   space 540032K,   0% used [0x00007f123d0c0000, 0x00007f123d0c0000, 0x00007f125e020000)
 tenured generation   total 10810976K, used 10810975K [0x00007f1669b50000, 0x00007f18fd8e8000, 0x00007f2114600000)
   the space 10810976K,  99% used [0x00007f1669b50000, 0x00007f18fd8e7fe8, 0x00007f18fd8e8000, 0x00007f18fd8e8000)
 Metaspace       used 24247K, capacity 24654K, committed 24832K, reserved 26624K
GC Heap History (20 events):
Event: 6018.411 GC heap after
{Heap after GC invocations=3775 (full 5):
 def new generation   total 4860672K, used 121419K [0x00007f1114600000, 0x00007f125e020000, 0x00007f1669b50000)
  eden space 4320640K,   0% used [0x00007f1114600000, 0x00007f1114600000, 0x00007f121c160000)
  from space 540032K,  22% used [0x00007f123d0c0000, 0x00007f1244752cf0, 0x00007f125e020000)
  to   space 540032K,   0% used [0x00007f121c160000, 0x00007f121c160000, 0x00007f123d0c0000)
 tenured generation   total 10801376K, used 10738934K [0x00007f1669b50000, 0x00007f18fcf88000, 0x00007f2114600000)
   the space 10801376K,  99% used [0x00007f1669b50000, 0x00007f18f928dab8, 0x00007f18f928dc00, 0x00007f18fcf88000)
 Metaspace       used 24247K, capacity 24654K, committed 24832K, reserved 26624K
}
Event: 6022.278 GC heap before
{Heap before GC invocations=3775 (full 5):
 def new generation   total 4860672K, used 4442059K [0x00007f1114600000, 0x00007f125e020000, 0x00007f1669b50000)
  eden space 4320640K, 100% used [0x00007f1114600000, 0x00007f121c160000, 0x00007f121c160000)
  from space 540032K,  22% used [0x00007f123d0c0000, 0x00007f1244752cf0, 0x00007f125e020000)
  to   space 540032K,   0% used [0x00007f121c160000, 0x00007f121c160000, 0x00007f123d0c0000)
 tenured generation   total 10801376K, used 10738934K [0x00007f1669b50000, 0x00007f18fcf88000, 0x00007f2114600000)
   the space 10801376K,  99% used [0x00007f1669b50000, 0x00007f18f928dab8, 0x00007f18f928dc00, 0x00007f18fcf88000)
 Metaspace       used 24247K, capacity 24654K, committed 24832K, reserved 26624K
}
Event: 6022.470 GC heap after
{Heap after GC invocations=3776 (full 5):
 def new generation   total 4860672K, used 126118K [0x00007f1114600000, 0x00007f125e020000, 0x00007f1669b50000)
  eden space 4320640K,   0% used [0x00007f1114600000, 0x00007f1114600000, 0x00007f121c160000)
  from space 540032K,  23% used [0x00007f121c160000, 0x00007f1223c89b50, 0x00007f123d0c0000)
  to   space 540032K,   0% used [0x00007f123d0c0000, 0x00007f123d0c0000, 0x00007f125e020000)
 tenured generation   total 10801376K, used 10745928K [0x00007f1669b50000, 0x00007f18fcf88000, 0x00007f2114600000)
   the space 10801376K,  99% used [0x00007f1669b50000, 0x00007f18f99621f0, 0x00007f18f9962200, 0x00007f18fcf88000)
 Metaspace       used 24247K, capacity 24654K, committed 24832K, reserved 26624K
}
Event: 6026.405 GC heap before
{Heap before GC invocations=3776 (full 5):
 def new generation   total 4860672K, used 4446758K [0x00007f1114600000, 0x00007f125e020000, 0x00007f1669b50000)
  eden space 4320640K, 100% used [0x00007f1114600000, 0x00007f121c160000, 0x00007f121c160000)
  from space 540032K,  23% used [0x00007f121c160000, 0x00007f1223c89b50, 0x00007f123d0c0000)
  to   space 540032K,   0% used [0x00007f123d0c0000, 0x00007f123d0c0000, 0x00007f125e020000)
 tenured generation   total 10801376K, used 10745928K [0x00007f1669b50000, 0x00007f18fcf88000, 0x00007f2114600000)
   the space 10801376K,  99% used [0x00007f1669b50000, 0x00007f18f99621f0, 0x00007f18f9962200, 0x00007f18fcf88000)
 Metaspace       used 24247K, capacity 24654K, committed 24832K, reserved 26624K
}
Event: 6026.583 GC heap after
{Heap after GC invocations=3777 (full 5):
 def new generation   total 4860672K, used 126250K [0x00007f1114600000, 0x00007f125e020000, 0x00007f1669b50000)
  eden space 4320640K,   0% used [0x00007f1114600000, 0x00007f1114600000, 0x00007f121c160000)
  from space 540032K,  23% used [0x00007f123d0c0000, 0x00007f1244c0aa18, 0x00007f125e020000)
  to   space 540032K,   0% used [0x00007f121c160000, 0x00007f121c160000, 0x00007f123d0c0000)
 tenured generation   total 10801376K, used 10752330K [0x00007f1669b50000, 0x00007f18fcf88000, 0x00007f2114600000)
   the space 10801376K,  99% used [0x00007f1669b50000, 0x00007f18f9fa29e8, 0x00007f18f9fa2a00, 0x00007f18fcf88000)
 Metaspace       used 24247K, capacity 24654K, committed 24832K, reserved 26624K
}
Event: 6030.497 GC heap before
{Heap before GC invocations=3777 (full 5):
 def new generation   total 4860672K, used 4446890K [0x00007f1114600000, 0x00007f125e020000, 0x00007f1669b50000)
  eden space 4320640K, 100% used [0x00007f1114600000, 0x00007f121c160000, 0x00007f121c160000)
  from space 540032K,  23% used [0x00007f123d0c0000, 0x00007f1244c0aa18, 0x00007f125e020000)
  to   space 540032K,   0% used [0x00007f121c160000, 0x00007f121c160000, 0x00007f123d0c0000)
 tenured generation   total 10801376K, used 10752330K [0x00007f1669b50000, 0x00007f18fcf88000, 0x00007f2114600000)
   the space 10801376K,  99% used [0x00007f1669b50000, 0x00007f18f9fa29e8, 0x00007f18f9fa2a00, 0x00007f18fcf88000)
 Metaspace       used 24247K, capacity 24654K, committed 24832K, reserved 26624K
}
Event: 6030.701 GC heap after
{Heap after GC invocations=3778 (full 5):
 def new generation   total 4860672K, used 127594K [0x00007f1114600000, 0x00007f125e020000, 0x00007f1669b50000)
  eden space 4320640K,   0% used [0x00007f1114600000, 0x00007f1114600000, 0x00007f121c160000)
  from space 540032K,  23% used [0x00007f121c160000, 0x00007f1223dfa878, 0x00007f123d0c0000)
  to   space 540032K,   0% used [0x00007f123d0c0000, 0x00007f123d0c0000, 0x00007f125e020000)
 tenured generation   total 10801376K, used 10757908K [0x00007f1669b50000, 0x00007f18fcf88000, 0x00007f2114600000)
   the space 10801376K,  99% used [0x00007f1669b50000, 0x00007f18fa515240, 0x00007f18fa515400, 0x00007f18fcf88000)
 Metaspace       used 24247K, capacity 24654K, committed 24832K, reserved 26624K
}
Event: 6034.322 GC heap before
{Heap before GC invocations=3778 (full 5):
 def new generation   total 4860672K, used 4448234K [0x00007f1114600000, 0x00007f125e020000, 0x00007f1669b50000)
  eden space 4320640K, 100% used [0x00007f1114600000, 0x00007f121c160000, 0x00007f121c160000)
  from space 540032K,  23% used [0x00007f121c160000, 0x00007f1223dfa878, 0x00007f123d0c0000)
  to   space 540032K,   0% used [0x00007f123d0c0000, 0x00007f123d0c0000, 0x00007f125e020000)
 tenured generation   total 10801376K, used 10757908K [0x00007f1669b50000, 0x00007f18fcf88000, 0x00007f2114600000)
   the space 10801376K,  99% used [0x00007f1669b50000, 0x00007f18fa515240, 0x00007f18fa515400, 0x00007f18fcf88000)
 Metaspace       used 24247K, capacity 24654K, committed 24832K, reserved 26624K
}
Event: 6034.544 GC heap after
{Heap after GC invocations=3779 (full 5):
 def new generation   total 4860672K, used 127563K [0x00007f1114600000, 0x00007f125e020000, 0x00007f1669b50000)
  eden space 4320640K,   0% used [0x00007f1114600000, 0x00007f1114600000, 0x00007f121c160000)
  from space 540032K,  23% used [0x00007f123d0c0000, 0x00007f1244d52e20, 0x00007f125e020000)
  to   space 540032K,   0% used [0x00007f121c160000, 0x00007f121c160000, 0x00007f123d0c0000)
 tenured generation   total 10801376K, used 10764902K [0x00007f1669b50000, 0x00007f18fcf88000, 0x00007f2114600000)
   the space 10801376K,  99% used [0x00007f1669b50000, 0x00007f18fabe9978, 0x00007f18fabe9a00, 0x00007f18fcf88000)
 Metaspace       used 24247K, capacity 24654K, committed 24832K, reserved 26624K
}
Event: 6038.254 GC heap before
{Heap before GC invocations=3779 (full 5):
 def new generation   total 4860672K, used 4448203K [0x00007f1114600000, 0x00007f125e020000, 0x00007f1669b50000)
  eden space 4320640K, 100% used [0x00007f1114600000, 0x00007f121c160000, 0x00007f121c160000)
  from space 540032K,  23% used [0x00007f123d0c0000, 0x00007f1244d52e20, 0x00007f125e020000)
  to   space 540032K,   0% used [0x00007f121c160000, 0x00007f121c160000, 0x00007f123d0c0000)
 tenured generation   total 10801376K, used 10764902K [0x00007f1669b50000, 0x00007f18fcf88000, 0x00007f2114600000)
   the space 10801376K,  99% used [0x00007f1669b50000, 0x00007f18fabe9978, 0x00007f18fabe9a00, 0x00007f18fcf88000)
 Metaspace       used 24247K, capacity 24654K, committed 24832K, reserved 26624K
}
Event: 6038.449 GC heap after
{Heap after GC invocations=3780 (full 5):
 def new generation   total 4860672K, used 127477K [0x00007f1114600000, 0x00007f125e020000, 0x00007f1669b50000)
  eden space 4320640K,   0% used [0x00007f1114600000, 0x00007f1114600000, 0x00007f121c160000)
  from space 540032K,  23% used [0x00007f121c160000, 0x00007f1223ddd770, 0x00007f123d0c0000)
  to   space 540032K,   0% used [0x00007f123d0c0000, 0x00007f123d0c0000, 0x00007f125e020000)
 tenured generation   total 10801376K, used 10771896K [0x00007f1669b50000, 0x00007f18fcf88000, 0x00007f2114600000)
   the space 10801376K,  99% used [0x00007f1669b50000, 0x00007f18fb2be0b0, 0x00007f18fb2be200, 0x00007f18fcf88000)
 Metaspace       used 24247K, capacity 24654K, committed 24832K, reserved 26624K
}
Event: 6042.134 GC heap before
{Heap before GC invocations=3780 (full 5):
 def new generation   total 4860672K, used 4448117K [0x00007f1114600000, 0x00007f125e020000, 0x00007f1669b50000)
  eden space 4320640K, 100% used [0x00007f1114600000, 0x00007f121c160000, 0x00007f121c160000)
  from space 540032K,  23% used [0x00007f121c160000, 0x00007f1223ddd770, 0x00007f123d0c0000)
  to   space 540032K,   0% used [0x00007f123d0c0000, 0x00007f123d0c0000, 0x00007f125e020000)
 tenured generation   total 10801376K, used 10771896K [0x00007f1669b50000, 0x00007f18fcf88000, 0x00007f2114600000)
   the space 10801376K,  99% used [0x00007f1669b50000, 0x00007f18fb2be0b0, 0x00007f18fb2be200, 0x00007f18fcf88000)
 Metaspace       used 24247K, capacity 24654K, committed 24832K, reserved 26624K
}
Event: 6042.309 GC heap after
{Heap after GC invocations=3781 (full 5):
 def new generation   total 4860672K, used 127584K [0x00007f1114600000, 0x00007f125e020000, 0x00007f1669b50000)
  eden space 4320640K,   0% used [0x00007f1114600000, 0x00007f1114600000, 0x00007f121c160000)
  from space 540032K,  23% used [0x00007f123d0c0000, 0x00007f1244d581b0, 0x00007f125e020000)
  to   space 540032K,   0% used [0x00007f121c160000, 0x00007f121c160000, 0x00007f123d0c0000)
 tenured generation   total 10801376K, used 10778771K [0x00007f1669b50000, 0x00007f18fcf88000, 0x00007f2114600000)
   the space 10801376K,  99% used [0x00007f1669b50000, 0x00007f18fb974dc0, 0x00007f18fb974e00, 0x00007f18fcf88000)
 Metaspace       used 24247K, capacity 24654K, committed 24832K, reserved 26624K
}
Event: 6046.061 GC heap before
{Heap before GC invocations=3781 (full 5):
 def new generation   total 4860672K, used 4448224K [0x00007f1114600000, 0x00007f125e020000, 0x00007f1669b50000)
  eden space 4320640K, 100% used [0x00007f1114600000, 0x00007f121c160000, 0x00007f121c160000)
  from space 540032K,  23% used [0x00007f123d0c0000, 0x00007f1244d581b0, 0x00007f125e020000)
  to   space 540032K,   0% used [0x00007f121c160000, 0x00007f121c160000, 0x00007f123d0c0000)
 tenured generation   total 10801376K, used 10778771K [0x00007f1669b50000, 0x00007f18fcf88000, 0x00007f2114600000)
   the space 10801376K,  99% used [0x00007f1669b50000, 0x00007f18fb974dc0, 0x00007f18fb974e00, 0x00007f18fcf88000)
 Metaspace       used 24247K, capacity 24654K, committed 24832K, reserved 26624K
}
Event: 6046.274 GC heap after
{Heap after GC invocations=3782 (full 5):
 def new generation   total 4860672K, used 127565K [0x00007f1114600000, 0x00007f125e020000, 0x00007f1669b50000)
  eden space 4320640K,   0% used [0x00007f1114600000, 0x00007f1114600000, 0x00007f121c160000)
  from space 540032K,  23% used [0x00007f121c160000, 0x00007f1223df3468, 0x00007f123d0c0000)
  to   space 540032K,   0% used [0x00007f123d0c0000, 0x00007f123d0c0000, 0x00007f125e020000)
 tenured generation   total 10801376K, used 10785765K [0x00007f1669b50000, 0x00007f18fcf88000, 0x00007f2114600000)
   the space 10801376K,  99% used [0x00007f1669b50000, 0x00007f18fc0494f8, 0x00007f18fc049600, 0x00007f18fcf88000)
 Metaspace       used 24247K, capacity 24654K, committed 24832K, reserved 26624K
}
Event: 6049.901 GC heap before
{Heap before GC invocations=3782 (full 5):
 def new generation   total 4860672K, used 4448205K [0x00007f1114600000, 0x00007f125e020000, 0x00007f1669b50000)
  eden space 4320640K, 100% used [0x00007f1114600000, 0x00007f121c160000, 0x00007f121c160000)
  from space 540032K,  23% used [0x00007f121c160000, 0x00007f1223df3468, 0x00007f123d0c0000)
  to   space 540032K,   0% used [0x00007f123d0c0000, 0x00007f123d0c0000, 0x00007f125e020000)
 tenured generation   total 10801376K, used 10785765K [0x00007f1669b50000, 0x00007f18fcf88000, 0x00007f2114600000)
   the space 10801376K,  99% used [0x00007f1669b50000, 0x00007f18fc0494f8, 0x00007f18fc049600, 0x00007f18fcf88000)
 Metaspace       used 24247K, capacity 24654K, committed 24832K, reserved 26624K
}
Event: 6050.109 GC heap after
{Heap after GC invocations=3783 (full 5):
 def new generation   total 4860672K, used 126880K [0x00007f1114600000, 0x00007f125e020000, 0x00007f1669b50000)
  eden space 4320640K,   0% used [0x00007f1114600000, 0x00007f1114600000, 0x00007f121c160000)
  from space 540032K,  23% used [0x00007f123d0c0000, 0x00007f1244ca81d8, 0x00007f125e020000)
  to   space 540032K,   0% used [0x00007f121c160000, 0x00007f121c160000, 0x00007f123d0c0000)
 tenured generation   total 10801376K, used 10793349K [0x00007f1669b50000, 0x00007f18fcf88000, 0x00007f2114600000)
   the space 10801376K,  99% used [0x00007f1669b50000, 0x00007f18fc7b15f8, 0x00007f18fc7b1600, 0x00007f18fcf88000)
 Metaspace       used 24247K, capacity 24654K, committed 24832K, reserved 26624K
}
Event: 6053.836 GC heap before
{Heap before GC invocations=3783 (full 5):
 def new generation   total 4860672K, used 4447520K [0x00007f1114600000, 0x00007f125e020000, 0x00007f1669b50000)
  eden space 4320640K, 100% used [0x00007f1114600000, 0x00007f121c160000, 0x00007f121c160000)
  from space 540032K,  23% used [0x00007f123d0c0000, 0x00007f1244ca81d8, 0x00007f125e020000)
  to   space 540032K,   0% used [0x00007f121c160000, 0x00007f121c160000, 0x00007f123d0c0000)
 tenured generation   total 10801376K, used 10793349K [0x00007f1669b50000, 0x00007f18fcf88000, 0x00007f2114600000)
   the space 10801376K,  99% used [0x00007f1669b50000, 0x00007f18fc7b15f8, 0x00007f18fc7b1600, 0x00007f18fcf88000)
 Metaspace       used 24247K, capacity 24654K, committed 24832K, reserved 26624K
}
Event: 6054.013 GC heap after
{Heap after GC invocations=3784 (full 5):
 def new generation   total 4860672K, used 116355K [0x00007f1114600000, 0x00007f125e020000, 0x00007f1669b50000)
  eden space 4320640K,   0% used [0x00007f1114600000, 0x00007f1114600000, 0x00007f121c160000)
  from space 540032K,  21% used [0x00007f121c160000, 0x00007f1223300cf8, 0x00007f123d0c0000)
  to   space 540032K,   0% used [0x00007f123d0c0000, 0x00007f123d0c0000, 0x00007f125e020000)
 tenured generation   total 10810976K, used 10810857K [0x00007f1669b50000, 0x00007f18fd8e8000, 0x00007f2114600000)
   the space 10810976K,  99% used [0x00007f1669b50000, 0x00007f18fd8ca7e0, 0x00007f18fd8ca800, 0x00007f18fd8e8000)
 Metaspace       used 24247K, capacity 24654K, committed 24832K, reserved 26624K
}
Event: 6054.013 GC heap before
{Heap before GC invocations=3784 (full 5):
 def new generation   total 4860672K, used 116355K [0x00007f1114600000, 0x00007f125e020000, 0x00007f1669b50000)
  eden space 4320640K,   0% used [0x00007f1114600000, 0x00007f1114600000, 0x00007f121c160000)
  from space 540032K,  21% used [0x00007f121c160000, 0x00007f1223300cf8, 0x00007f123d0c0000)
  to   space 540032K,   0% used [0x00007f123d0c0000, 0x00007f123d0c0000, 0x00007f125e020000)
 tenured generation   total 10810976K, used 10810857K [0x00007f1669b50000, 0x00007f18fd8e8000, 0x00007f2114600000)
   the space 10810976K,  99% used [0x00007f1669b50000, 0x00007f18fd8ca7e0, 0x00007f18fd8ca800, 0x00007f18fd8e8000)
 Metaspace       used 24247K, capacity 24654K, committed 24832K, reserved 26624K
}

