# JRE version: OpenJDK Runtime Environment (13.0.7+5) (build 13.0.7+5-Ubuntu-0ubuntu120.04)
# Java VM: OpenJDK 64-Bit Server VM (13.0.7+5-Ubuntu-0ubuntu120.04, mixed mode, tiered, serial gc, linux-amd64)
Heap:
 def new generation   total 1748416K, used 0K [0x00007fb2e4600000, 0x00007fb35af20000, 0x00007fb839b50000)
  eden space 1554176K,   0% used [0x00007fb2e4600000, 0x00007fb2e4600000, 0x00007fb3433c0000)
  from space 194240K,   0% used [0x00007fb34f170000, 0x00007fb34f170000, 0x00007fb35af20000)
  to   space 194240K,   0% used [0x00007fb3433c0000, 0x00007fb3433c0000, 0x00007fb34f170000)
 tenured generation   total 3885612K, used 3877267K [0x00007fb839b50000, 0x00007fb926ddb000, 0x00007fc2e4600000)
   the space 3885612K,  99% used [0x00007fb839b50000, 0x00007fb9265b4d88, 0x00007fb9265b4e00, 0x00007fb926ddb000)
 Metaspace       used 24251K, capacity 24662K, committed 24832K, reserved 26624K
GC Heap History (20 events):
Event: 5841.652 GC heap after
{Heap after GC invocations=7010 (full 3):
 def new generation   total 1748416K, used 20568K [0x00007fb2e4600000, 0x00007fb35af20000, 0x00007fb839b50000)
  eden space 1554176K,   0% used [0x00007fb2e4600000, 0x00007fb2e4600000, 0x00007fb3433c0000)
  from space 194240K,  10% used [0x00007fb3433c0000, 0x00007fb3447d6388, 0x00007fb34f170000)
  to   space 194240K,   0% used [0x00007fb34f170000, 0x00007fb34f170000, 0x00007fb35af20000)
 tenured generation   total 3885228K, used 3869217K [0x00007fb839b50000, 0x00007fb926d7b000, 0x00007fc2e4600000)
   the space 3885228K,  99% used [0x00007fb839b50000, 0x00007fb925dd8500, 0x00007fb925dd8600, 0x00007fb926d7b000)
 Metaspace       used 24251K, capacity 24662K, committed 24832K, reserved 26624K
}
Event: 5843.007 GC heap before
{Heap before GC invocations=7010 (full 3):
 def new generation   total 1748416K, used 1574744K [0x00007fb2e4600000, 0x00007fb35af20000, 0x00007fb839b50000)
  eden space 1554176K, 100% used [0x00007fb2e4600000, 0x00007fb3433c0000, 0x00007fb3433c0000)
  from space 194240K,  10% used [0x00007fb3433c0000, 0x00007fb3447d6388, 0x00007fb34f170000)
  to   space 194240K,   0% used [0x00007fb34f170000, 0x00007fb34f170000, 0x00007fb35af20000)
 tenured generation   total 3885228K, used 3869217K [0x00007fb839b50000, 0x00007fb926d7b000, 0x00007fc2e4600000)
   the space 3885228K,  99% used [0x00007fb839b50000, 0x00007fb925dd8500, 0x00007fb925dd8600, 0x00007fb926d7b000)
 Metaspace       used 24251K, capacity 24662K, committed 24832K, reserved 26624K
}
Event: 5843.041 GC heap after
{Heap after GC invocations=7011 (full 3):
 def new generation   total 1748416K, used 20332K [0x00007fb2e4600000, 0x00007fb35af20000, 0x00007fb839b50000)
  eden space 1554176K,   0% used [0x00007fb2e4600000, 0x00007fb2e4600000, 0x00007fb3433c0000)
  from space 194240K,  10% used [0x00007fb34f170000, 0x00007fb35054b350, 0x00007fb35af20000)
  to   space 194240K,   0% used [0x00007fb3433c0000, 0x00007fb3433c0000, 0x00007fb34f170000)
 tenured generation   total 3885228K, used 3870200K [0x00007fb839b50000, 0x00007fb926d7b000, 0x00007fc2e4600000)
   the space 3885228K,  99% used [0x00007fb839b50000, 0x00007fb925ece200, 0x00007fb925ece200, 0x00007fb926d7b000)
 Metaspace       used 24251K, capacity 24662K, committed 24832K, reserved 26624K
}
Event: 5844.388 GC heap before
{Heap before GC invocations=7011 (full 3):
 def new generation   total 1748416K, used 1574508K [0x00007fb2e4600000, 0x00007fb35af20000, 0x00007fb839b50000)
  eden space 1554176K, 100% used [0x00007fb2e4600000, 0x00007fb3433c0000, 0x00007fb3433c0000)
  from space 194240K,  10% used [0x00007fb34f170000, 0x00007fb35054b350, 0x00007fb35af20000)
  to   space 194240K,   0% used [0x00007fb3433c0000, 0x00007fb3433c0000, 0x00007fb34f170000)
 tenured generation   total 3885228K, used 3870200K [0x00007fb839b50000, 0x00007fb926d7b000, 0x00007fc2e4600000)
   the space 3885228K,  99% used [0x00007fb839b50000, 0x00007fb925ece200, 0x00007fb925ece200, 0x00007fb926d7b000)
 Metaspace       used 24251K, capacity 24662K, committed 24832K, reserved 26624K
}
Event: 5844.421 GC heap after
{Heap after GC invocations=7012 (full 3):
 def new generation   total 1748416K, used 20103K [0x00007fb2e4600000, 0x00007fb35af20000, 0x00007fb839b50000)
  eden space 1554176K,   0% used [0x00007fb2e4600000, 0x00007fb2e4600000, 0x00007fb3433c0000)
  from space 194240K,  10% used [0x00007fb3433c0000, 0x00007fb344761d70, 0x00007fb34f170000)
  to   space 194240K,   0% used [0x00007fb34f170000, 0x00007fb34f170000, 0x00007fb35af20000)
 tenured generation   total 3885228K, used 3871183K [0x00007fb839b50000, 0x00007fb926d7b000, 0x00007fc2e4600000)
   the space 3885228K,  99% used [0x00007fb839b50000, 0x00007fb925fc3f00, 0x00007fb925fc4000, 0x00007fb926d7b000)
 Metaspace       used 24251K, capacity 24662K, committed 24832K, reserved 26624K
}
Event: 5845.780 GC heap before
{Heap before GC invocations=7012 (full 3):
 def new generation   total 1748416K, used 1574279K [0x00007fb2e4600000, 0x00007fb35af20000, 0x00007fb839b50000)
  eden space 1554176K, 100% used [0x00007fb2e4600000, 0x00007fb3433c0000, 0x00007fb3433c0000)
  from space 194240K,  10% used [0x00007fb3433c0000, 0x00007fb344761d70, 0x00007fb34f170000)
  to   space 194240K,   0% used [0x00007fb34f170000, 0x00007fb34f170000, 0x00007fb35af20000)
 tenured generation   total 3885228K, used 3871183K [0x00007fb839b50000, 0x00007fb926d7b000, 0x00007fc2e4600000)
   the space 3885228K,  99% used [0x00007fb839b50000, 0x00007fb925fc3f00, 0x00007fb925fc4000, 0x00007fb926d7b000)
 Metaspace       used 24251K, capacity 24662K, committed 24832K, reserved 26624K
}
Event: 5845.812 GC heap after
{Heap after GC invocations=7013 (full 3):
 def new generation   total 1748416K, used 19758K [0x00007fb2e4600000, 0x00007fb35af20000, 0x00007fb839b50000)
  eden space 1554176K,   0% used [0x00007fb2e4600000, 0x00007fb2e4600000, 0x00007fb3433c0000)
  from space 194240K,  10% used [0x00007fb34f170000, 0x00007fb3504bb950, 0x00007fb35af20000)
  to   space 194240K,   0% used [0x00007fb3433c0000, 0x00007fb3433c0000, 0x00007fb34f170000)
 tenured generation   total 3885228K, used 3872276K [0x00007fb839b50000, 0x00007fb926d7b000, 0x00007fc2e4600000)
   the space 3885228K,  99% used [0x00007fb839b50000, 0x00007fb9260d5010, 0x00007fb9260d5200, 0x00007fb926d7b000)
 Metaspace       used 24251K, capacity 24662K, committed 24832K, reserved 26624K
}
Event: 5847.134 GC heap before
{Heap before GC invocations=7013 (full 3):
 def new generation   total 1748416K, used 1573934K [0x00007fb2e4600000, 0x00007fb35af20000, 0x00007fb839b50000)
  eden space 1554176K, 100% used [0x00007fb2e4600000, 0x00007fb3433c0000, 0x00007fb3433c0000)
  from space 194240K,  10% used [0x00007fb34f170000, 0x00007fb3504bb950, 0x00007fb35af20000)
  to   space 194240K,   0% used [0x00007fb3433c0000, 0x00007fb3433c0000, 0x00007fb34f170000)
 tenured generation   total 3885228K, used 3872276K [0x00007fb839b50000, 0x00007fb926d7b000, 0x00007fc2e4600000)
   the space 3885228K,  99% used [0x00007fb839b50000, 0x00007fb9260d5010, 0x00007fb9260d5200, 0x00007fb926d7b000)
 Metaspace       used 24251K, capacity 24662K, committed 24832K, reserved 26624K
}
Event: 5847.164 GC heap after
{Heap after GC invocations=7014 (full 3):
 def new generation   total 1748416K, used 19102K [0x00007fb2e4600000, 0x00007fb35af20000, 0x00007fb839b50000)
  eden space 1554176K,   0% used [0x00007fb2e4600000, 0x00007fb2e4600000, 0x00007fb3433c0000)
  from space 194240K,   9% used [0x00007fb3433c0000, 0x00007fb344667868, 0x00007fb34f170000)
  to   space 194240K,   0% used [0x00007fb34f170000, 0x00007fb34f170000, 0x00007fb35af20000)
 tenured generation   total 3885228K, used 3873692K [0x00007fb839b50000, 0x00007fb926d7b000, 0x00007fc2e4600000)
   the space 3885228K,  99% used [0x00007fb839b50000, 0x00007fb926237270, 0x00007fb926237400, 0x00007fb926d7b000)
 Metaspace       used 24251K, capacity 24662K, committed 24832K, reserved 26624K
}
Event: 5848.522 GC heap before
{Heap before GC invocations=7014 (full 3):
 def new generation   total 1748416K, used 1573278K [0x00007fb2e4600000, 0x00007fb35af20000, 0x00007fb839b50000)
  eden space 1554176K, 100% used [0x00007fb2e4600000, 0x00007fb3433c0000, 0x00007fb3433c0000)
  from space 194240K,   9% used [0x00007fb3433c0000, 0x00007fb344667868, 0x00007fb34f170000)
  to   space 194240K,   0% used [0x00007fb34f170000, 0x00007fb34f170000, 0x00007fb35af20000)
 tenured generation   total 3885228K, used 3873692K [0x00007fb839b50000, 0x00007fb926d7b000, 0x00007fc2e4600000)
   the space 3885228K,  99% used [0x00007fb839b50000, 0x00007fb926237270, 0x00007fb926237400, 0x00007fb926d7b000)
 Metaspace       used 24251K, capacity 24662K, committed 24832K, reserved 26624K
}
Event: 5848.559 GC heap after
{Heap after GC invocations=7015 (full 3):
 def new generation   total 1748416K, used 18386K [0x00007fb2e4600000, 0x00007fb35af20000, 0x00007fb839b50000)
  eden space 1554176K,   0% used [0x00007fb2e4600000, 0x00007fb2e4600000, 0x00007fb3433c0000)
  from space 194240K,   9% used [0x00007fb34f170000, 0x00007fb350364838, 0x00007fb35af20000)
  to   space 194240K,   0% used [0x00007fb3433c0000, 0x00007fb3433c0000, 0x00007fb34f170000)
 tenured generation   total 3885228K, used 3875163K [0x00007fb839b50000, 0x00007fb926d7b000, 0x00007fc2e4600000)
   the space 3885228K,  99% used [0x00007fb839b50000, 0x00007fb9263a6ec0, 0x00007fb9263a7000, 0x00007fb926d7b000)
 Metaspace       used 24251K, capacity 24662K, committed 24832K, reserved 26624K
}
Event: 5849.890 GC heap before
{Heap before GC invocations=7015 (full 3):
 def new generation   total 1748416K, used 1572562K [0x00007fb2e4600000, 0x00007fb35af20000, 0x00007fb839b50000)
  eden space 1554176K, 100% used [0x00007fb2e4600000, 0x00007fb3433c0000, 0x00007fb3433c0000)
  from space 194240K,   9% used [0x00007fb34f170000, 0x00007fb350364838, 0x00007fb35af20000)
  to   space 194240K,   0% used [0x00007fb3433c0000, 0x00007fb3433c0000, 0x00007fb34f170000)
 tenured generation   total 3885228K, used 3875163K [0x00007fb839b50000, 0x00007fb926d7b000, 0x00007fc2e4600000)
   the space 3885228K,  99% used [0x00007fb839b50000, 0x00007fb9263a6ec0, 0x00007fb9263a7000, 0x00007fb926d7b000)
 Metaspace       used 24251K, capacity 24662K, committed 24832K, reserved 26624K
}
Event: 5849.926 GC heap after
{Heap after GC invocations=7016 (full 3):
 def new generation   total 1748416K, used 16574K [0x00007fb2e4600000, 0x00007fb35af20000, 0x00007fb839b50000)
  eden space 1554176K,   0% used [0x00007fb2e4600000, 0x00007fb2e4600000, 0x00007fb3433c0000)
  from space 194240K,   8% used [0x00007fb3433c0000, 0x00007fb3443ef968, 0x00007fb34f170000)
  to   space 194240K,   0% used [0x00007fb34f170000, 0x00007fb34f170000, 0x00007fb35af20000)
 tenured generation   total 3885228K, used 3877721K [0x00007fb839b50000, 0x00007fb926d7b000, 0x00007fc2e4600000)
   the space 3885228K,  99% used [0x00007fb839b50000, 0x00007fb9266264d0, 0x00007fb926626600, 0x00007fb926d7b000)
 Metaspace       used 24251K, capacity 24662K, committed 24832K, reserved 26624K
}
Event: 5851.237 GC heap before
{Heap before GC invocations=7016 (full 3):
 def new generation   total 1748416K, used 1570750K [0x00007fb2e4600000, 0x00007fb35af20000, 0x00007fb839b50000)
  eden space 1554176K, 100% used [0x00007fb2e4600000, 0x00007fb3433c0000, 0x00007fb3433c0000)
  from space 194240K,   8% used [0x00007fb3433c0000, 0x00007fb3443ef968, 0x00007fb34f170000)
  to   space 194240K,   0% used [0x00007fb34f170000, 0x00007fb34f170000, 0x00007fb35af20000)
 tenured generation   total 3885228K, used 3877721K [0x00007fb839b50000, 0x00007fb926d7b000, 0x00007fc2e4600000)
   the space 3885228K,  99% used [0x00007fb839b50000, 0x00007fb9266264d0, 0x00007fb926626600, 0x00007fb926d7b000)
 Metaspace       used 24251K, capacity 24662K, committed 24832K, reserved 26624K
}
Event: 5851.259 GC heap after
{Heap after GC invocations=7017 (full 3):
 def new generation   total 1748416K, used 14281K [0x00007fb2e4600000, 0x00007fb35af20000, 0x00007fb839b50000)
  eden space 1554176K,   0% used [0x00007fb2e4600000, 0x00007fb2e4600000, 0x00007fb3433c0000)
  from space 194240K,   7% used [0x00007fb34f170000, 0x00007fb34ff62468, 0x00007fb35af20000)
  to   space 194240K,   0% used [0x00007fb3433c0000, 0x00007fb3433c0000, 0x00007fb34f170000)
 tenured generation   total 3885228K, used 3880768K [0x00007fb839b50000, 0x00007fb926d7b000, 0x00007fc2e4600000)
   the space 3885228K,  99% used [0x00007fb839b50000, 0x00007fb926920310, 0x00007fb926920400, 0x00007fb926d7b000)
 Metaspace       used 24251K, capacity 24662K, committed 24832K, reserved 26624K
}
Event: 5852.612 GC heap before
{Heap before GC invocations=7017 (full 3):
 def new generation   total 1748416K, used 1568457K [0x00007fb2e4600000, 0x00007fb35af20000, 0x00007fb839b50000)
  eden space 1554176K, 100% used [0x00007fb2e4600000, 0x00007fb3433c0000, 0x00007fb3433c0000)
  from space 194240K,   7% used [0x00007fb34f170000, 0x00007fb34ff62468, 0x00007fb35af20000)
  to   space 194240K,   0% used [0x00007fb3433c0000, 0x00007fb3433c0000, 0x00007fb34f170000)
 tenured generation   total 3885228K, used 3880768K [0x00007fb839b50000, 0x00007fb926d7b000, 0x00007fc2e4600000)
   the space 3885228K,  99% used [0x00007fb839b50000, 0x00007fb926920310, 0x00007fb926920400, 0x00007fb926d7b000)
 Metaspace       used 24251K, capacity 24662K, committed 24832K, reserved 26624K
}
Event: 5852.639 GC heap after
{Heap after GC invocations=7018 (full 3):
 def new generation   total 1748416K, used 12170K [0x00007fb2e4600000, 0x00007fb35af20000, 0x00007fb839b50000)
  eden space 1554176K,   0% used [0x00007fb2e4600000, 0x00007fb2e4600000, 0x00007fb3433c0000)
  from space 194240K,   6% used [0x00007fb3433c0000, 0x00007fb343fa2918, 0x00007fb34f170000)
  to   space 194240K,   0% used [0x00007fb34f170000, 0x00007fb34f170000, 0x00007fb35af20000)
 tenured generation   total 3885228K, used 3883812K [0x00007fb839b50000, 0x00007fb926d7b000, 0x00007fc2e4600000)
   the space 3885228K,  99% used [0x00007fb839b50000, 0x00007fb926c19010, 0x00007fb926c19200, 0x00007fb926d7b000)
 Metaspace       used 24251K, capacity 24662K, committed 24832K, reserved 26624K
}
Event: 5853.943 GC heap before
{Heap before GC invocations=7018 (full 3):
 def new generation   total 1748416K, used 1566346K [0x00007fb2e4600000, 0x00007fb35af20000, 0x00007fb839b50000)
  eden space 1554176K, 100% used [0x00007fb2e4600000, 0x00007fb3433c0000, 0x00007fb3433c0000)
  from space 194240K,   6% used [0x00007fb3433c0000, 0x00007fb343fa2918, 0x00007fb34f170000)
  to   space 194240K,   0% used [0x00007fb34f170000, 0x00007fb34f170000, 0x00007fb35af20000)
 tenured generation   total 3885228K, used 3883812K [0x00007fb839b50000, 0x00007fb926d7b000, 0x00007fc2e4600000)
   the space 3885228K,  99% used [0x00007fb839b50000, 0x00007fb926c19010, 0x00007fb926c19200, 0x00007fb926d7b000)
 Metaspace       used 24251K, capacity 24662K, committed 24832K, reserved 26624K
}
Event: 5853.972 GC heap after
{Heap after GC invocations=7019 (full 3):
 def new generation   total 1748416K, used 11925K [0x00007fb2e4600000, 0x00007fb35af20000, 0x00007fb839b50000)
  eden space 1554176K,   0% used [0x00007fb2e4600000, 0x00007fb2e4600000, 0x00007fb3433c0000)
  from space 194240K,   6% used [0x00007fb34f170000, 0x00007fb34fd15478, 0x00007fb35af20000)
  to   space 194240K,   0% used [0x00007fb3433c0000, 0x00007fb3433c0000, 0x00007fb34f170000)
 tenured generation   total 3885612K, used 3885517K [0x00007fb839b50000, 0x00007fb926ddb000, 0x00007fc2e4600000)
   the space 3885612K,  99% used [0x00007fb839b50000, 0x00007fb926dc35c0, 0x00007fb926dc3600, 0x00007fb926ddb000)
 Metaspace       used 24251K, capacity 24662K, committed 24832K, reserved 26624K
}
Event: 5853.972 GC heap before
{Heap before GC invocations=7019 (full 3):
 def new generation   total 1748416K, used 11925K [0x00007fb2e4600000, 0x00007fb35af20000, 0x00007fb839b50000)
  eden space 1554176K,   0% used [0x00007fb2e4600000, 0x00007fb2e4600000, 0x00007fb3433c0000)
  from space 194240K,   6% used [0x00007fb34f170000, 0x00007fb34fd15478, 0x00007fb35af20000)
  to   space 194240K,   0% used [0x00007fb3433c0000, 0x00007fb3433c0000, 0x00007fb34f170000)
 tenured generation   total 3885612K, used 3885517K [0x00007fb839b50000, 0x00007fb926ddb000, 0x00007fc2e4600000)
   the space 3885612K,  99% used [0x00007fb839b50000, 0x00007fb926dc35c0, 0x00007fb926dc3600, 0x00007fb926ddb000)
 Metaspace       used 24251K, capacity 24662K, committed 24832K, reserved 26624K
}

