# JRE version: OpenJDK Runtime Environment (13.0.7+5) (build 13.0.7+5-Ubuntu-0ubuntu120.04)
# Java VM: OpenJDK 64-Bit Server VM (13.0.7+5-Ubuntu-0ubuntu120.04, mixed mode, tiered, serial gc, linux-amd64)
Heap:
 def new generation   total 11696064K, used 1299404K [0x00007ef964600000, 0x00007efc7d900000, 0x00007efeb9b50000)
  eden space 10396544K,  12% used [0x00007ef964600000, 0x00007ef9b3af3238, 0x00007efbdeee0000)
  from space 1299520K,   0% used [0x00007efc2e3f0000, 0x00007efc2e3f0000, 0x00007efc7d900000)
  to   space 1299520K,   0% used [0x00007efbdeee0000, 0x00007efbdeee0000, 0x00007efc2e3f0000)
 tenured generation   total 31586228K, used 31586227K [0x00007efeb9b50000, 0x00007f064193d000, 0x00007f0964600000)
   the space 31586228K,  99% used [0x00007efeb9b50000, 0x00007f064193cff0, 0x00007f064193d000, 0x00007f064193d000)
 Metaspace       used 31036K, capacity 31463K, committed 31744K, reserved 32768K
GC Heap History (20 events):
Event: 70.131 GC heap after
{Heap after GC invocations=97 (full 3):
 def new generation   total 3101440K, used 153118K [0x00007ef964600000, 0x00007efa36b40000, 0x00007efeb9b50000)
  eden space 2756864K,   5% used [0x00007ef964600000, 0x00007ef96db87890, 0x00007efa0ca40000)
  from space 344576K,   0% used [0x00007efa0ca40000, 0x00007efa0ca40000, 0x00007efa21ac0000)
  to   space 344576K,   0% used [0x00007efa21ac0000, 0x00007efa21ac0000, 0x00007efa36b40000)
 tenured generation   total 6891956K, used 4135171K [0x00007efeb9b50000, 0x00007f005e5bd000, 0x00007f0964600000)
   the space 6891956K,  59% used [0x00007efeb9b50000, 0x00007effb6190dd0, 0x00007effb6190e00, 0x00007f005e5bd000)
 Metaspace       used 31036K, capacity 31463K, committed 31744K, reserved 32768K
}
Event: 71.697 GC heap before
{Heap before GC invocations=97 (full 3):
 def new generation   total 3101440K, used 2756864K [0x00007ef964600000, 0x00007efa36b40000, 0x00007efeb9b50000)
  eden space 2756864K, 100% used [0x00007ef964600000, 0x00007efa0ca40000, 0x00007efa0ca40000)
  from space 344576K,   0% used [0x00007efa0ca40000, 0x00007efa0ca40000, 0x00007efa21ac0000)
  to   space 344576K,   0% used [0x00007efa21ac0000, 0x00007efa21ac0000, 0x00007efa36b40000)
 tenured generation   total 6891956K, used 4135171K [0x00007efeb9b50000, 0x00007f005e5bd000, 0x00007f0964600000)
   the space 6891956K,  59% used [0x00007efeb9b50000, 0x00007effb6190dd0, 0x00007effb6190e00, 0x00007f005e5bd000)
 Metaspace       used 31036K, capacity 31463K, committed 31744K, reserved 32768K
}
Event: 76.547 GC heap after
{Heap after GC invocations=98 (full 3):
 def new generation   total 3101440K, used 344575K [0x00007ef964600000, 0x00007efa36b40000, 0x00007efeb9b50000)
  eden space 2756864K,   0% used [0x00007ef964600000, 0x00007ef964600000, 0x00007efa0ca40000)
  from space 344576K,  99% used [0x00007efa21ac0000, 0x00007efa36b3ff30, 0x00007efa36b40000)
  to   space 344576K,   0% used [0x00007efa0ca40000, 0x00007efa0ca40000, 0x00007efa21ac0000)
 tenured generation   total 6891956K, used 6547414K [0x00007efeb9b50000, 0x00007f005e5bd000, 0x00007f0964600000)
   the space 6891956K,  95% used [0x00007efeb9b50000, 0x00007f0049545848, 0x00007f0049545a00, 0x00007f005e5bd000)
 Metaspace       used 31036K, capacity 31463K, committed 31744K, reserved 32768K
}
Event: 80.919 GC heap before
{Heap before GC invocations=98 (full 3):
 def new generation   total 3101440K, used 3101439K [0x00007ef964600000, 0x00007efa36b40000, 0x00007efeb9b50000)
  eden space 2756864K, 100% used [0x00007ef964600000, 0x00007efa0ca40000, 0x00007efa0ca40000)
  from space 344576K,  99% used [0x00007efa21ac0000, 0x00007efa36b3ff30, 0x00007efa36b40000)
  to   space 344576K,   0% used [0x00007efa0ca40000, 0x00007efa0ca40000, 0x00007efa21ac0000)
 tenured generation   total 6891956K, used 6547414K [0x00007efeb9b50000, 0x00007f005e5bd000, 0x00007f0964600000)
   the space 6891956K,  95% used [0x00007efeb9b50000, 0x00007f0049545848, 0x00007f0049545a00, 0x00007f005e5bd000)
 Metaspace       used 31036K, capacity 31463K, committed 31744K, reserved 32768K
}
Event: 84.880 GC heap after
{Heap after GC invocations=99 (full 3):
 def new generation   total 3101440K, used 344575K [0x00007ef964600000, 0x00007efa36b40000, 0x00007efeb9b50000)
  eden space 2756864K,   0% used [0x00007ef964600000, 0x00007ef964600000, 0x00007efa0ca40000)
  from space 344576K,  99% used [0x00007efa0ca40000, 0x00007efa21abfff0, 0x00007efa21ac0000)
  to   space 344576K,   0% used [0x00007efa21ac0000, 0x00007efa21ac0000, 0x00007efa36b40000)
 tenured generation   total 8761460K, used 8761382K [0x00007efeb9b50000, 0x00007f00d076d000, 0x00007f0964600000)
   the space 8761460K,  99% used [0x00007efeb9b50000, 0x00007f00d0759858, 0x00007f00d0759a00, 0x00007f00d076d000)
 Metaspace       used 31036K, capacity 31463K, committed 31744K, reserved 32768K
}
Event: 84.880 GC heap before
{Heap before GC invocations=99 (full 3):
 def new generation   total 3101440K, used 344575K [0x00007ef964600000, 0x00007efa36b40000, 0x00007efeb9b50000)
  eden space 2756864K,   0% used [0x00007ef964600000, 0x00007ef964600000, 0x00007efa0ca40000)
  from space 344576K,  99% used [0x00007efa0ca40000, 0x00007efa21abfff0, 0x00007efa21ac0000)
  to   space 344576K,   0% used [0x00007efa21ac0000, 0x00007efa21ac0000, 0x00007efa36b40000)
 tenured generation   total 8761460K, used 8761382K [0x00007efeb9b50000, 0x00007f00d076d000, 0x00007f0964600000)
   the space 8761460K,  99% used [0x00007efeb9b50000, 0x00007f00d0759858, 0x00007f00d0759a00, 0x00007f00d076d000)
 Metaspace       used 31036K, capacity 31463K, committed 31744K, reserved 32768K
}
Event: 98.194 GC heap after
{Heap after GC invocations=99 (full 4):
 def new generation   total 6571136K, used 259363K [0x00007ef964600000, 0x00007efb22020000, 0x00007efeb9b50000)
  eden space 5841024K,   4% used [0x00007ef964600000, 0x00007ef974348d78, 0x00007efac8e20000)
  from space 730112K,   0% used [0x00007efac8e20000, 0x00007efac8e20000, 0x00007efaf5720000)
  to   space 730112K,   0% used [0x00007efaf5720000, 0x00007efaf5720000, 0x00007efb22020000)
 tenured generation   total 14602436K, used 8761459K [0x00007efeb9b50000, 0x00007f0234f81000, 0x00007f0964600000)
   the space 14602436K,  59% used [0x00007efeb9b50000, 0x00007f00d076cdb8, 0x00007f00d076ce00, 0x00007f0234f81000)
 Metaspace       used 31036K, capacity 31463K, committed 31744K, reserved 32768K
}
Event: 120.032 GC heap before
{Heap before GC invocations=99 (full 4):
 def new generation   total 6571136K, used 5841024K [0x00007ef964600000, 0x00007efb22020000, 0x00007efeb9b50000)
  eden space 5841024K, 100% used [0x00007ef964600000, 0x00007efac8e20000, 0x00007efac8e20000)
  from space 730112K,   0% used [0x00007efac8e20000, 0x00007efac8e20000, 0x00007efaf5720000)
  to   space 730112K,   0% used [0x00007efaf5720000, 0x00007efaf5720000, 0x00007efb22020000)
 tenured generation   total 14602436K, used 8761459K [0x00007efeb9b50000, 0x00007f0234f81000, 0x00007f0964600000)
   the space 14602436K,  59% used [0x00007efeb9b50000, 0x00007f00d076cdb8, 0x00007f00d076ce00, 0x00007f0234f81000)
 Metaspace       used 31036K, capacity 31463K, committed 31744K, reserved 32768K
}
Event: 123.292 GC heap after
{Heap after GC invocations=100 (full 4):
 def new generation   total 6571136K, used 730111K [0x00007ef964600000, 0x00007efb22020000, 0x00007efeb9b50000)
  eden space 5841024K,   0% used [0x00007ef964600000, 0x00007ef964600000, 0x00007efac8e20000)
  from space 730112K,  99% used [0x00007efaf5720000, 0x00007efb2201fd88, 0x00007efb22020000)
  to   space 730112K,   0% used [0x00007efac8e20000, 0x00007efac8e20000, 0x00007efaf5720000)
 tenured generation   total 14602436K, used 9753714K [0x00007efeb9b50000, 0x00007f0234f81000, 0x00007f0964600000)
   the space 14602436K,  66% used [0x00007efeb9b50000, 0x00007f010d06c838, 0x00007f010d06ca00, 0x00007f0234f81000)
 Metaspace       used 31036K, capacity 31463K, committed 31744K, reserved 32768K
}
Event: 127.754 GC heap before
{Heap before GC invocations=100 (full 4):
 def new generation   total 6571136K, used 6571135K [0x00007ef964600000, 0x00007efb22020000, 0x00007efeb9b50000)
  eden space 5841024K, 100% used [0x00007ef964600000, 0x00007efac8e20000, 0x00007efac8e20000)
  from space 730112K,  99% used [0x00007efaf5720000, 0x00007efb2201fd88, 0x00007efb22020000)
  to   space 730112K,   0% used [0x00007efac8e20000, 0x00007efac8e20000, 0x00007efaf5720000)
 tenured generation   total 14602436K, used 9753714K [0x00007efeb9b50000, 0x00007f0234f81000, 0x00007f0964600000)
   the space 14602436K,  66% used [0x00007efeb9b50000, 0x00007f010d06c838, 0x00007f010d06ca00, 0x00007f0234f81000)
 Metaspace       used 31036K, capacity 31463K, committed 31744K, reserved 32768K
}
Event: 138.549 GC heap after
{Heap after GC invocations=101 (full 4):
 def new generation   total 6571136K, used 730111K [0x00007ef964600000, 0x00007efb22020000, 0x00007efeb9b50000)
  eden space 5841024K,   0% used [0x00007ef964600000, 0x00007ef964600000, 0x00007efac8e20000)
  from space 730112K,  99% used [0x00007efac8e20000, 0x00007efaf571fdc8, 0x00007efaf5720000)
  to   space 730112K,   0% used [0x00007efaf5720000, 0x00007efaf5720000, 0x00007efb22020000)
 tenured generation   total 15594692K, used 15594679K [0x00007efeb9b50000, 0x00007f0271881000, 0x00007f0964600000)
   the space 15594692K,  99% used [0x00007efeb9b50000, 0x00007f027187dde8, 0x00007f027187de00, 0x00007f0271881000)
 Metaspace       used 31036K, capacity 31463K, committed 31744K, reserved 32768K
}
Event: 138.549 GC heap before
{Heap before GC invocations=101 (full 4):
 def new generation   total 6571136K, used 730111K [0x00007ef964600000, 0x00007efb22020000, 0x00007efeb9b50000)
  eden space 5841024K,   0% used [0x00007ef964600000, 0x00007ef964600000, 0x00007efac8e20000)
  from space 730112K,  99% used [0x00007efac8e20000, 0x00007efaf571fdc8, 0x00007efaf5720000)
  to   space 730112K,   0% used [0x00007efaf5720000, 0x00007efaf5720000, 0x00007efb22020000)
 tenured generation   total 15594692K, used 15594679K [0x00007efeb9b50000, 0x00007f0271881000, 0x00007f0964600000)
   the space 15594692K,  99% used [0x00007efeb9b50000, 0x00007f027187dde8, 0x00007f027187de00, 0x00007f0271881000)
 Metaspace       used 31036K, capacity 31463K, committed 31744K, reserved 32768K
}
Event: 146.100 GC heap after
{Heap after GC invocations=101 (full 5):
 def new generation   total 11696064K, used 730099K [0x00007ef964600000, 0x00007efc7d900000, 0x00007efeb9b50000)
  eden space 10396544K,   7% used [0x00007ef964600000, 0x00007ef990efcc80, 0x00007efbdeee0000)
  from space 1299520K,   0% used [0x00007efbdeee0000, 0x00007efbdeee0000, 0x00007efc2e3f0000)
  to   space 1299520K,   0% used [0x00007efc2e3f0000, 0x00007efc2e3f0000, 0x00007efc7d900000)
 tenured generation   total 25991156K, used 15594691K [0x00007efeb9b50000, 0x00007f04ec14d000, 0x00007f0964600000)
   the space 25991156K,  59% used [0x00007efeb9b50000, 0x00007f0271880f30, 0x00007f0271881000, 0x00007f04ec14d000)
 Metaspace       used 31036K, capacity 31463K, committed 31744K, reserved 32768K
}
Event: 175.975 GC heap before
{Heap before GC invocations=101 (full 5):
 def new generation   total 11696064K, used 10396544K [0x00007ef964600000, 0x00007efc7d900000, 0x00007efeb9b50000)
  eden space 10396544K, 100% used [0x00007ef964600000, 0x00007efbdeee0000, 0x00007efbdeee0000)
  from space 1299520K,   0% used [0x00007efbdeee0000, 0x00007efbdeee0000, 0x00007efc2e3f0000)
  to   space 1299520K,   0% used [0x00007efc2e3f0000, 0x00007efc2e3f0000, 0x00007efc7d900000)
 tenured generation   total 25991156K, used 15594691K [0x00007efeb9b50000, 0x00007f04ec14d000, 0x00007f0964600000)
   the space 25991156K,  59% used [0x00007efeb9b50000, 0x00007f0271880f30, 0x00007f0271881000, 0x00007f04ec14d000)
 Metaspace       used 31036K, capacity 31463K, committed 31744K, reserved 32768K
}
Event: 187.072 GC heap after
{Heap after GC invocations=102 (full 5):
 def new generation   total 11696064K, used 1299519K [0x00007ef964600000, 0x00007efc7d900000, 0x00007efeb9b50000)
  eden space 10396544K,   0% used [0x00007ef964600000, 0x00007ef964600000, 0x00007efbdeee0000)
  from space 1299520K,  99% used [0x00007efc2e3f0000, 0x00007efc7d8ffe18, 0x00007efc7d900000)
  to   space 1299520K,   0% used [0x00007efbdeee0000, 0x00007efbdeee0000, 0x00007efc2e3f0000)
 tenured generation   total 25991156K, used 19809390K [0x00007efeb9b50000, 0x00007f04ec14d000, 0x00007f0964600000)
   the space 25991156K,  76% used [0x00007efeb9b50000, 0x00007f0372c6b930, 0x00007f0372c6ba00, 0x00007f04ec14d000)
 Metaspace       used 31036K, capacity 31463K, committed 31744K, reserved 32768K
}
Event: 216.592 GC heap before
{Heap before GC invocations=102 (full 5):
 def new generation   total 11696064K, used 11696063K [0x00007ef964600000, 0x00007efc7d900000, 0x00007efeb9b50000)
  eden space 10396544K, 100% used [0x00007ef964600000, 0x00007efbdeee0000, 0x00007efbdeee0000)
  from space 1299520K,  99% used [0x00007efc2e3f0000, 0x00007efc7d8ffe18, 0x00007efc7d900000)
  to   space 1299520K,   0% used [0x00007efbdeee0000, 0x00007efbdeee0000, 0x00007efc2e3f0000)
 tenured generation   total 25991156K, used 19809390K [0x00007efeb9b50000, 0x00007f04ec14d000, 0x00007f0964600000)
   the space 25991156K,  76% used [0x00007efeb9b50000, 0x00007f0372c6b930, 0x00007f0372c6ba00, 0x00007f04ec14d000)
 Metaspace       used 31036K, capacity 31463K, committed 31744K, reserved 32768K
}
Event: 229.180 GC heap after
{Heap after GC invocations=103 (full 5):
 def new generation   total 11696064K, used 1299519K [0x00007ef964600000, 0x00007efc7d900000, 0x00007efeb9b50000)
  eden space 10396544K,   0% used [0x00007ef964600000, 0x00007ef964600000, 0x00007efbdeee0000)
  from space 1299520K,  99% used [0x00007efbdeee0000, 0x00007efc2e3eff30, 0x00007efc2e3f0000)
  to   space 1299520K,   0% used [0x00007efc2e3f0000, 0x00007efc2e3f0000, 0x00007efc7d900000)
 tenured generation   total 25991156K, used 25544415K [0x00007efeb9b50000, 0x00007f04ec14d000, 0x00007f0964600000)
   the space 25991156K,  98% used [0x00007efeb9b50000, 0x00007f04d0d07e38, 0x00007f04d0d08000, 0x00007f04ec14d000)
 Metaspace       used 31036K, capacity 31463K, committed 31744K, reserved 32768K
}
Event: 255.042 GC heap before
{Heap before GC invocations=103 (full 5):
 def new generation   total 11696064K, used 11696063K [0x00007ef964600000, 0x00007efc7d900000, 0x00007efeb9b50000)
  eden space 10396544K, 100% used [0x00007ef964600000, 0x00007efbdeee0000, 0x00007efbdeee0000)
  from space 1299520K,  99% used [0x00007efbdeee0000, 0x00007efc2e3eff30, 0x00007efc2e3f0000)
  to   space 1299520K,   0% used [0x00007efc2e3f0000, 0x00007efc2e3f0000, 0x00007efc7d900000)
 tenured generation   total 25991156K, used 25544415K [0x00007efeb9b50000, 0x00007f04ec14d000, 0x00007f0964600000)
   the space 25991156K,  98% used [0x00007efeb9b50000, 0x00007f04d0d07e38, 0x00007f04d0d08000, 0x00007f04ec14d000)
 Metaspace       used 31036K, capacity 31463K, committed 31744K, reserved 32768K
}
Event: 266.945 GC heap after
{Heap after GC invocations=104 (full 5):
 def new generation   total 11696064K, used 1299519K [0x00007ef964600000, 0x00007efc7d900000, 0x00007efeb9b50000)
  eden space 10396544K,   0% used [0x00007ef964600000, 0x00007ef964600000, 0x00007efbdeee0000)
  from space 1299520K,  99% used [0x00007efc2e3f0000, 0x00007efc7d8ffdb0, 0x00007efc7d900000)
  to   space 1299520K,   0% used [0x00007efbdeee0000, 0x00007efbdeee0000, 0x00007efc2e3f0000)
 tenured generation   total 31586228K, used 31586113K [0x00007efeb9b50000, 0x00007f064193d000, 0x00007f0964600000)
   the space 31586228K,  99% used [0x00007efeb9b50000, 0x00007f0641920478, 0x00007f0641920600, 0x00007f064193d000)
 Metaspace       used 31036K, capacity 31463K, committed 31744K, reserved 32768K
}
Event: 266.945 GC heap before
{Heap before GC invocations=104 (full 5):
 def new generation   total 11696064K, used 1299519K [0x00007ef964600000, 0x00007efc7d900000, 0x00007efeb9b50000)
  eden space 10396544K,   0% used [0x00007ef964600000, 0x00007ef964600000, 0x00007efbdeee0000)
  from space 1299520K,  99% used [0x00007efc2e3f0000, 0x00007efc7d8ffdb0, 0x00007efc7d900000)
  to   space 1299520K,   0% used [0x00007efbdeee0000, 0x00007efbdeee0000, 0x00007efc2e3f0000)
 tenured generation   total 31586228K, used 31586113K [0x00007efeb9b50000, 0x00007f064193d000, 0x00007f0964600000)
   the space 31586228K,  99% used [0x00007efeb9b50000, 0x00007f0641920478, 0x00007f0641920600, 0x00007f064193d000)
 Metaspace       used 31036K, capacity 31463K, committed 31744K, reserved 32768K
}

