# JRE version: OpenJDK Runtime Environment (13.0.7+5) (build 13.0.7+5-Ubuntu-0ubuntu120.04)
# Java VM: OpenJDK 64-Bit Server VM (13.0.7+5-Ubuntu-0ubuntu120.04, mixed mode, tiered, serial gc, linux-amd64)
Heap:
 def new generation   total 1579968K, used 0K [0x00007f0074600000, 0x00007f00df850000, 0x00007f05c9b50000)
  eden space 1404480K,   0% used [0x00007f0074600000, 0x00007f0074600000, 0x00007f00ca190000)
  from space 175488K,   0% used [0x00007f00d4cf0000, 0x00007f00d4cf0000, 0x00007f00df850000)
  to   space 175488K,   0% used [0x00007f00ca190000, 0x00007f00ca190000, 0x00007f00d4cf0000)
 tenured generation   total 8753660K, used 5252194K [0x00007f05c9b50000, 0x00007f07dffcf000, 0x00007f1074600000)
   the space 8753660K,  59% used [0x00007f05c9b50000, 0x00007f070a468828, 0x00007f070a468a00, 0x00007f07dffcf000)
 Metaspace       used 23219K, capacity 23595K, committed 23808K, reserved 24576K
GC Heap History (20 events):
Event: 4.849 GC heap after
{Heap after GC invocations=4 (full 1):
 def new generation   total 629248K, used 33836K [0x00007f0074600000, 0x00007f009f0c0000, 0x00007f05c9b50000)
  eden space 559360K,   0% used [0x00007f0074600000, 0x00007f0074600000, 0x00007f0096840000)
  from space 69888K,  48% used [0x00007f009ac80000, 0x00007f009cd8b0c0, 0x00007f009f0c0000)
  to   space 69888K,   0% used [0x00007f0096840000, 0x00007f0096840000, 0x00007f009ac80000)
 tenured generation   total 1398144K, used 13606K [0x00007f05c9b50000, 0x00007f061f0b0000, 0x00007f1074600000)
   the space 1398144K,   0% used [0x00007f05c9b50000, 0x00007f05ca899990, 0x00007f05ca899a00, 0x00007f061f0b0000)
 Metaspace       used 23217K, capacity 23595K, committed 23808K, reserved 24576K
}
Event: 5.424 GC heap before
{Heap before GC invocations=4 (full 1):
 def new generation   total 629248K, used 574760K [0x00007f0074600000, 0x00007f009f0c0000, 0x00007f05c9b50000)
  eden space 559360K,  96% used [0x00007f0074600000, 0x00007f009563f128, 0x00007f0096840000)
  from space 69888K,  48% used [0x00007f009ac80000, 0x00007f009cd8b0c0, 0x00007f009f0c0000)
  to   space 69888K,   0% used [0x00007f0096840000, 0x00007f0096840000, 0x00007f009ac80000)
 tenured generation   total 1398144K, used 13606K [0x00007f05c9b50000, 0x00007f061f0b0000, 0x00007f1074600000)
   the space 1398144K,   0% used [0x00007f05c9b50000, 0x00007f05ca899990, 0x00007f05ca899a00, 0x00007f061f0b0000)
 Metaspace       used 23219K, capacity 23595K, committed 23808K, reserved 24576K
}
Event: 6.275 GC heap after
{Heap after GC invocations=5 (full 1):
 def new generation   total 629248K, used 17449K [0x00007f0074600000, 0x00007f009f0c0000, 0x00007f05c9b50000)
  eden space 559360K,   0% used [0x00007f0074600000, 0x00007f0074600000, 0x00007f0096840000)
  from space 69888K,  24% used [0x00007f0096840000, 0x00007f009794a6e0, 0x00007f009ac80000)
  to   space 69888K,   0% used [0x00007f009ac80000, 0x00007f009ac80000, 0x00007f009f0c0000)
 tenured generation   total 1398144K, used 537894K [0x00007f05c9b50000, 0x00007f061f0b0000, 0x00007f1074600000)
   the space 1398144K,  38% used [0x00007f05c9b50000, 0x00007f05ea8999a8, 0x00007f05ea899a00, 0x00007f061f0b0000)
 Metaspace       used 23219K, capacity 23595K, committed 23808K, reserved 24576K
}
Event: 7.511 GC heap before
{Heap before GC invocations=5 (full 1):
 def new generation   total 629248K, used 552719K [0x00007f0074600000, 0x00007f009f0c0000, 0x00007f05c9b50000)
  eden space 559360K,  95% used [0x00007f0074600000, 0x00007f00950b95a0, 0x00007f0096840000)
  from space 69888K,  24% used [0x00007f0096840000, 0x00007f009794a6e0, 0x00007f009ac80000)
  to   space 69888K,   0% used [0x00007f009ac80000, 0x00007f009ac80000, 0x00007f009f0c0000)
 tenured generation   total 1398144K, used 537894K [0x00007f05c9b50000, 0x00007f061f0b0000, 0x00007f1074600000)
   the space 1398144K,  38% used [0x00007f05c9b50000, 0x00007f05ea8999a8, 0x00007f05ea899a00, 0x00007f061f0b0000)
 Metaspace       used 23219K, capacity 23595K, committed 23808K, reserved 24576K
}
Event: 8.348 GC heap after
{Heap after GC invocations=6 (full 1):
 def new generation   total 629248K, used 1065K [0x00007f0074600000, 0x00007f009f0c0000, 0x00007f05c9b50000)
  eden space 559360K,   0% used [0x00007f0074600000, 0x00007f0074600000, 0x00007f0096840000)
  from space 69888K,   1% used [0x00007f009ac80000, 0x00007f009ad8a598, 0x00007f009f0c0000)
  to   space 69888K,   0% used [0x00007f0096840000, 0x00007f0096840000, 0x00007f009ac80000)
 tenured generation   total 1398144K, used 1062182K [0x00007f05c9b50000, 0x00007f061f0b0000, 0x00007f1074600000)
   the space 1398144K,  75% used [0x00007f05c9b50000, 0x00007f060a8999d8, 0x00007f060a899a00, 0x00007f061f0b0000)
 Metaspace       used 23219K, capacity 23595K, committed 23808K, reserved 24576K
}
Event: 9.503 GC heap before
{Heap before GC invocations=6 (full 1):
 def new generation   total 629248K, used 536326K [0x00007f0074600000, 0x00007f009f0c0000, 0x00007f05c9b50000)
  eden space 559360K,  95% used [0x00007f0074600000, 0x00007f00950b74a8, 0x00007f0096840000)
  from space 69888K,   1% used [0x00007f009ac80000, 0x00007f009ad8a598, 0x00007f009f0c0000)
  to   space 69888K,   0% used [0x00007f0096840000, 0x00007f0096840000, 0x00007f009ac80000)
 tenured generation   total 1398144K, used 1062182K [0x00007f05c9b50000, 0x00007f061f0b0000, 0x00007f1074600000)
   the space 1398144K,  75% used [0x00007f05c9b50000, 0x00007f060a8999d8, 0x00007f060a899a00, 0x00007f061f0b0000)
 Metaspace       used 23219K, capacity 23595K, committed 23808K, reserved 24576K
}
Event: 9.941 GC heap after
{Heap after GC invocations=7 (full 1):
 def new generation   total 629248K, used 1065K [0x00007f0074600000, 0x00007f009f0c0000, 0x00007f05c9b50000)
  eden space 559360K,   0% used [0x00007f0074600000, 0x00007f0074600000, 0x00007f0096840000)
  from space 69888K,   1% used [0x00007f0096840000, 0x00007f009694a700, 0x00007f009ac80000)
  to   space 69888K,   0% used [0x00007f009ac80000, 0x00007f009ac80000, 0x00007f009f0c0000)
 tenured generation   total 1398144K, used 1324326K [0x00007f05c9b50000, 0x00007f061f0b0000, 0x00007f1074600000)
   the space 1398144K,  94% used [0x00007f05c9b50000, 0x00007f061a899a08, 0x00007f061a899c00, 0x00007f061f0b0000)
 Metaspace       used 23219K, capacity 23595K, committed 23808K, reserved 24576K
}
Event: 9.941 GC heap before
{Heap before GC invocations=7 (full 1):
 def new generation   total 629248K, used 1065K [0x00007f0074600000, 0x00007f009f0c0000, 0x00007f05c9b50000)
  eden space 559360K,   0% used [0x00007f0074600000, 0x00007f0074600000, 0x00007f0096840000)
  from space 69888K,   1% used [0x00007f0096840000, 0x00007f009694a700, 0x00007f009ac80000)
  to   space 69888K,   0% used [0x00007f009ac80000, 0x00007f009ac80000, 0x00007f009f0c0000)
 tenured generation   total 1398144K, used 1324326K [0x00007f05c9b50000, 0x00007f061f0b0000, 0x00007f1074600000)
   the space 1398144K,  94% used [0x00007f05c9b50000, 0x00007f061a899a08, 0x00007f061a899c00, 0x00007f061f0b0000)
 Metaspace       used 23219K, capacity 23595K, committed 23808K, reserved 24576K
}
Event: 10.164 GC heap after
{Heap after GC invocations=7 (full 2):
 def new generation   total 629248K, used 0K [0x00007f0074600000, 0x00007f009f0c0000, 0x00007f05c9b50000)
  eden space 559360K,   0% used [0x00007f0074600000, 0x00007f0074600000, 0x00007f0096840000)
  from space 69888K,   0% used [0x00007f0096840000, 0x00007f0096840000, 0x00007f009ac80000)
  to   space 69888K,   0% used [0x00007f009ac80000, 0x00007f009ac80000, 0x00007f009f0c0000)
 tenured generation   total 1398144K, used 276806K [0x00007f05c9b50000, 0x00007f061f0b0000, 0x00007f1074600000)
   the space 1398144K,  19% used [0x00007f05c9b50000, 0x00007f05da9a1b10, 0x00007f05da9a1c00, 0x00007f061f0b0000)
 Metaspace       used 23219K, capacity 23595K, committed 23808K, reserved 24576K
}
Event: 11.702 GC heap before
{Heap before GC invocations=7 (full 2):
 def new generation   total 629248K, used 10967K [0x00007f0074600000, 0x00007f009f0c0000, 0x00007f05c9b50000)
  eden space 559360K,   1% used [0x00007f0074600000, 0x00007f00750b5f28, 0x00007f0096840000)
  from space 69888K,   0% used [0x00007f0096840000, 0x00007f0096840000, 0x00007f009ac80000)
  to   space 69888K,   0% used [0x00007f009ac80000, 0x00007f009ac80000, 0x00007f009f0c0000)
 tenured generation   total 1398144K, used 1325382K [0x00007f05c9b50000, 0x00007f061f0b0000, 0x00007f1074600000)
   the space 1398144K,  94% used [0x00007f05c9b50000, 0x00007f061a9a1b28, 0x00007f061a9a1c00, 0x00007f061f0b0000)
 Metaspace       used 23219K, capacity 23595K, committed 23808K, reserved 24576K
}
Event: 11.704 GC heap after
{Heap after GC invocations=8 (full 2):
 def new generation   total 629248K, used 0K [0x00007f0074600000, 0x00007f009f0c0000, 0x00007f05c9b50000)
  eden space 559360K,   0% used [0x00007f0074600000, 0x00007f0074600000, 0x00007f0096840000)
  from space 69888K,   0% used [0x00007f009ac80000, 0x00007f009ac80248, 0x00007f009f0c0000)
  to   space 69888K,   0% used [0x00007f0096840000, 0x00007f0096840000, 0x00007f009ac80000)
 tenured generation   total 1398144K, used 1325382K [0x00007f05c9b50000, 0x00007f061f0b0000, 0x00007f1074600000)
   the space 1398144K,  94% used [0x00007f05c9b50000, 0x00007f061a9a1b28, 0x00007f061a9a1c00, 0x00007f061f0b0000)
 Metaspace       used 23219K, capacity 23595K, committed 23808K, reserved 24576K
}
Event: 11.704 GC heap before
{Heap before GC invocations=8 (full 2):
 def new generation   total 629248K, used 0K [0x00007f0074600000, 0x00007f009f0c0000, 0x00007f05c9b50000)
  eden space 559360K,   0% used [0x00007f0074600000, 0x00007f0074600000, 0x00007f0096840000)
  from space 69888K,   0% used [0x00007f009ac80000, 0x00007f009ac80248, 0x00007f009f0c0000)
  to   space 69888K,   0% used [0x00007f0096840000, 0x00007f0096840000, 0x00007f009ac80000)
 tenured generation   total 1398144K, used 1325382K [0x00007f05c9b50000, 0x00007f061f0b0000, 0x00007f1074600000)
   the space 1398144K,  94% used [0x00007f05c9b50000, 0x00007f061a9a1b28, 0x00007f061a9a1c00, 0x00007f061f0b0000)
 Metaspace       used 23219K, capacity 23595K, committed 23808K, reserved 24576K
}
Event: 12.993 GC heap after
{Heap after GC invocations=8 (full 3):
 def new generation   total 797504K, used 0K [0x00007f0074600000, 0x00007f00aa750000, 0x00007f05c9b50000)
  eden space 708928K,   0% used [0x00007f0074600000, 0x00007f0074600000, 0x00007f009fa50000)
  from space 88576K,   0% used [0x00007f009fa50000, 0x00007f009fa50000, 0x00007f00a50d0000)
  to   space 88576K,   0% used [0x00007f00a50d0000, 0x00007f00a50d0000, 0x00007f00aa750000)
 tenured generation   total 1772064K, used 1063236K [0x00007f05c9b50000, 0x00007f0635dd8000, 0x00007f1074600000)
   the space 1772064K,  59% used [0x00007f05c9b50000, 0x00007f060a9a1258, 0x00007f060a9a1400, 0x00007f0635dd8000)
 Metaspace       used 23219K, capacity 23595K, committed 23808K, reserved 24576K
}
Event: 15.412 GC heap before
{Heap before GC invocations=8 (full 3):
 def new generation   total 797504K, used 13900K [0x00007f0074600000, 0x00007f00aa750000, 0x00007f05c9b50000)
  eden space 708928K,   1% used [0x00007f0074600000, 0x00007f0075393208, 0x00007f009fa50000)
  from space 88576K,   0% used [0x00007f009fa50000, 0x00007f009fa50000, 0x00007f00a50d0000)
  to   space 88576K,   0% used [0x00007f00a50d0000, 0x00007f00a50d0000, 0x00007f00aa750000)
 tenured generation   total 2820644K, used 2111812K [0x00007f05c9b50000, 0x00007f0675dd9000, 0x00007f1074600000)
   the space 2820644K,  74% used [0x00007f05c9b50000, 0x00007f064a9a1270, 0x00007f064a9a1400, 0x00007f0675dd9000)
 Metaspace       used 23219K, capacity 23595K, committed 23808K, reserved 24576K
}
Event: 15.421 GC heap after
{Heap after GC invocations=9 (full 3):
 def new generation   total 797504K, used 0K [0x00007f0074600000, 0x00007f00aa750000, 0x00007f05c9b50000)
  eden space 708928K,   0% used [0x00007f0074600000, 0x00007f0074600000, 0x00007f009fa50000)
  from space 88576K,   0% used [0x00007f00a50d0000, 0x00007f00a50d0278, 0x00007f00aa750000)
  to   space 88576K,   0% used [0x00007f009fa50000, 0x00007f009fa50000, 0x00007f00a50d0000)
 tenured generation   total 2820644K, used 2111812K [0x00007f05c9b50000, 0x00007f0675dd9000, 0x00007f1074600000)
   the space 2820644K,  74% used [0x00007f05c9b50000, 0x00007f064a9a1270, 0x00007f064a9a1400, 0x00007f0675dd9000)
 Metaspace       used 23219K, capacity 23595K, committed 23808K, reserved 24576K
}
Event: 15.422 GC heap before
{Heap before GC invocations=9 (full 3):
 def new generation   total 797504K, used 0K [0x00007f0074600000, 0x00007f00aa750000, 0x00007f05c9b50000)
  eden space 708928K,   0% used [0x00007f0074600000, 0x00007f0074600000, 0x00007f009fa50000)
  from space 88576K,   0% used [0x00007f00a50d0000, 0x00007f00a50d0278, 0x00007f00aa750000)
  to   space 88576K,   0% used [0x00007f009fa50000, 0x00007f009fa50000, 0x00007f00a50d0000)
 tenured generation   total 2820644K, used 2111812K [0x00007f05c9b50000, 0x00007f0675dd9000, 0x00007f1074600000)
   the space 2820644K,  74% used [0x00007f05c9b50000, 0x00007f064a9a1270, 0x00007f064a9a1400, 0x00007f0675dd9000)
 Metaspace       used 23219K, capacity 23595K, committed 23808K, reserved 24576K
}
Event: 16.837 GC heap after
{Heap after GC invocations=9 (full 4):
 def new generation   total 1579968K, used 0K [0x00007f0074600000, 0x00007f00df850000, 0x00007f05c9b50000)
  eden space 1404480K,   0% used [0x00007f0074600000, 0x00007f0074600000, 0x00007f00ca190000)
  from space 175488K,   0% used [0x00007f00ca190000, 0x00007f00ca190000, 0x00007f00d4cf0000)
  to   space 175488K,   0% used [0x00007f00d4cf0000, 0x00007f00d4cf0000, 0x00007f00df850000)
 tenured generation   total 3510780K, used 2106466K [0x00007f05c9b50000, 0x00007f069ffcf000, 0x00007f1074600000)
   the space 3510780K,  59% used [0x00007f05c9b50000, 0x00007f064a468838, 0x00007f064a468a00, 0x00007f069ffcf000)
 Metaspace       used 23219K, capacity 23595K, committed 23808K, reserved 24576K
}
Event: 27.646 GC heap before
{Heap before GC invocations=9 (full 4):
 def new generation   total 1579968K, used 27538K [0x00007f0074600000, 0x00007f00df850000, 0x00007f05c9b50000)
  eden space 1404480K,   1% used [0x00007f0074600000, 0x00007f00760e4a88, 0x00007f00ca190000)
  from space 175488K,   0% used [0x00007f00ca190000, 0x00007f00ca190000, 0x00007f00d4cf0000)
  to   space 175488K,   0% used [0x00007f00d4cf0000, 0x00007f00d4cf0000, 0x00007f00df850000)
 tenured generation   total 7705088K, used 6300770K [0x00007f05c9b50000, 0x00007f079ffd0000, 0x00007f1074600000)
   the space 7705088K,  81% used [0x00007f05c9b50000, 0x00007f074a468850, 0x00007f074a468a00, 0x00007f079ffd0000)
 Metaspace       used 23219K, capacity 23595K, committed 23808K, reserved 24576K
}
Event: 27.664 GC heap after
{Heap after GC invocations=10 (full 4):
 def new generation   total 1579968K, used 0K [0x00007f0074600000, 0x00007f00df850000, 0x00007f05c9b50000)
  eden space 1404480K,   0% used [0x00007f0074600000, 0x00007f0074600000, 0x00007f00ca190000)
  from space 175488K,   0% used [0x00007f00d4cf0000, 0x00007f00d4cf0160, 0x00007f00df850000)
  to   space 175488K,   0% used [0x00007f00ca190000, 0x00007f00ca190000, 0x00007f00d4cf0000)
 tenured generation   total 7705088K, used 6300770K [0x00007f05c9b50000, 0x00007f079ffd0000, 0x00007f1074600000)
   the space 7705088K,  81% used [0x00007f05c9b50000, 0x00007f074a468850, 0x00007f074a468a00, 0x00007f079ffd0000)
 Metaspace       used 23219K, capacity 23595K, committed 23808K, reserved 24576K
}
Event: 27.664 GC heap before
{Heap before GC invocations=10 (full 4):
 def new generation   total 1579968K, used 0K [0x00007f0074600000, 0x00007f00df850000, 0x00007f05c9b50000)
  eden space 1404480K,   0% used [0x00007f0074600000, 0x00007f0074600000, 0x00007f00ca190000)
  from space 175488K,   0% used [0x00007f00d4cf0000, 0x00007f00d4cf0160, 0x00007f00df850000)
  to   space 175488K,   0% used [0x00007f00ca190000, 0x00007f00ca190000, 0x00007f00d4cf0000)
 tenured generation   total 7705088K, used 6300770K [0x00007f05c9b50000, 0x00007f079ffd0000, 0x00007f1074600000)
   the space 7705088K,  81% used [0x00007f05c9b50000, 0x00007f074a468850, 0x00007f074a468a00, 0x00007f079ffd0000)
 Metaspace       used 23219K, capacity 23595K, committed 23808K, reserved 24576K
}

