# JRE version: OpenJDK Runtime Environment (13.0.7+5) (build 13.0.7+5-Ubuntu-0ubuntu120.04)
# Java VM: OpenJDK 64-Bit Server VM (13.0.7+5-Ubuntu-0ubuntu120.04, mixed mode, tiered, serial gc, linux-amd64)
Heap:
 def new generation   total 4038144K, used 0K [0x00007f02fc600000, 0x00007f040e3a0000, 0x00007f0851b50000)
  eden space 3589504K,   0% used [0x00007f02fc600000, 0x00007f02fc600000, 0x00007f03d7760000)
  from space 448640K,   0% used [0x00007f03d7760000, 0x00007f03d7760000, 0x00007f03f2d80000)
  to   space 448640K,   0% used [0x00007f03f2d80000, 0x00007f03f2d80000, 0x00007f040e3a0000)
 tenured generation   total 8973468K, used 4204429K [0x00007f0851b50000, 0x00007f0a75677000, 0x00007f12fc600000)
   the space 8973468K,  46% used [0x00007f0851b50000, 0x00007f09525334e0, 0x00007f0952533600, 0x00007f0a75677000)
 Metaspace       used 23442K, capacity 23829K, committed 24064K, reserved 24576K
GC Heap History (20 events):
Event: 71.967 GC heap before
{Heap before GC invocations=29 (full 7):
 def new generation   total 629248K, used 66205K [0x00007f02fc600000, 0x00007f03270c0000, 0x00007f0851b50000)
  eden space 559360K,   0% used [0x00007f02fc600000, 0x00007f02fc600000, 0x00007f031e840000)
  from space 69888K,  94% used [0x00007f0322c80000, 0x00007f0326d275d0, 0x00007f03270c0000)
  to   space 69888K,   0% used [0x00007f031e840000, 0x00007f031e840000, 0x00007f0322c80000)
 tenured generation   total 5592456K, used 4279505K [0x00007f0851b50000, 0x00007f09a70b2000, 0x00007f12fc600000)
   the space 5592456K,  76% used [0x00007f0851b50000, 0x00007f0956e845b8, 0x00007f0956e84600, 0x00007f09a70b2000)
 Metaspace       used 23442K, capacity 23829K, committed 24064K, reserved 24576K
}
Event: 72.072 GC heap after
{Heap after GC invocations=29 (full 8):
 def new generation   total 629248K, used 0K [0x00007f02fc600000, 0x00007f03270c0000, 0x00007f0851b50000)
  eden space 559360K,   0% used [0x00007f02fc600000, 0x00007f02fc600000, 0x00007f031e840000)
  from space 69888K,   0% used [0x00007f0322c80000, 0x00007f0322c80000, 0x00007f03270c0000)
  to   space 69888K,   0% used [0x00007f031e840000, 0x00007f031e840000, 0x00007f0322c80000)
 tenured generation   total 1398148K, used 141198K [0x00007f0851b50000, 0x00007f08a70b1000, 0x00007f12fc600000)
   the space 1398148K,  10% used [0x00007f0851b50000, 0x00007f085a533b48, 0x00007f085a533c00, 0x00007f08a70b1000)
 Metaspace       used 23442K, capacity 23829K, committed 24064K, reserved 24576K
}
Event: 75.688 GC heap before
{Heap before GC invocations=29 (full 8):
 def new generation   total 629248K, used 11163K [0x00007f02fc600000, 0x00007f03270c0000, 0x00007f0851b50000)
  eden space 559360K,   1% used [0x00007f02fc600000, 0x00007f02fd0e6e38, 0x00007f031e840000)
  from space 69888K,   0% used [0x00007f0322c80000, 0x00007f0322c80000, 0x00007f03270c0000)
  to   space 69888K,   0% used [0x00007f031e840000, 0x00007f031e840000, 0x00007f0322c80000)
 tenured generation   total 3495304K, used 3286926K [0x00007f0851b50000, 0x00007f09270b2000, 0x00007f12fc600000)
   the space 3495304K,  94% used [0x00007f0851b50000, 0x00007f091a533b78, 0x00007f091a533c00, 0x00007f09270b2000)
 Metaspace       used 23442K, capacity 23829K, committed 24064K, reserved 24576K
}
Event: 75.690 GC heap after
{Heap after GC invocations=30 (full 8):
 def new generation   total 629248K, used 0K [0x00007f02fc600000, 0x00007f03270c0000, 0x00007f0851b50000)
  eden space 559360K,   0% used [0x00007f02fc600000, 0x00007f02fc600000, 0x00007f031e840000)
  from space 69888K,   0% used [0x00007f031e840000, 0x00007f031e840298, 0x00007f0322c80000)
  to   space 69888K,   0% used [0x00007f0322c80000, 0x00007f0322c80000, 0x00007f03270c0000)
 tenured generation   total 3495304K, used 3286926K [0x00007f0851b50000, 0x00007f09270b2000, 0x00007f12fc600000)
   the space 3495304K,  94% used [0x00007f0851b50000, 0x00007f091a533b78, 0x00007f091a533c00, 0x00007f09270b2000)
 Metaspace       used 23442K, capacity 23829K, committed 24064K, reserved 24576K
}
Event: 75.690 GC heap before
{Heap before GC invocations=30 (full 8):
 def new generation   total 629248K, used 0K [0x00007f02fc600000, 0x00007f03270c0000, 0x00007f0851b50000)
  eden space 559360K,   0% used [0x00007f02fc600000, 0x00007f02fc600000, 0x00007f031e840000)
  from space 69888K,   0% used [0x00007f031e840000, 0x00007f031e840298, 0x00007f0322c80000)
  to   space 69888K,   0% used [0x00007f0322c80000, 0x00007f0322c80000, 0x00007f03270c0000)
 tenured generation   total 3495304K, used 3286926K [0x00007f0851b50000, 0x00007f09270b2000, 0x00007f12fc600000)
   the space 3495304K,  94% used [0x00007f0851b50000, 0x00007f091a533b78, 0x00007f091a533c00, 0x00007f09270b2000)
 Metaspace       used 23442K, capacity 23829K, committed 24064K, reserved 24576K
}
Event: 75.895 GC heap after
{Heap after GC invocations=30 (full 9):
 def new generation   total 1572992K, used 0K [0x00007f02fc600000, 0x00007f03670c0000, 0x00007f0851b50000)
  eden space 1398272K,   0% used [0x00007f02fc600000, 0x00007f02fc600000, 0x00007f0351b80000)
  from space 174720K,   0% used [0x00007f0351b80000, 0x00007f0351b80000, 0x00007f035c620000)
  to   space 174720K,   0% used [0x00007f035c620000, 0x00007f035c620000, 0x00007f03670c0000)
 tenured generation   total 3495304K, used 1189775K [0x00007f0851b50000, 0x00007f09270b2000, 0x00007f12fc600000)
   the space 3495304K,  34% used [0x00007f0851b50000, 0x00007f089a533d28, 0x00007f089a533e00, 0x00007f09270b2000)
 Metaspace       used 23442K, capacity 23829K, committed 24064K, reserved 24576K
}
Event: 76.291 GC heap before
{Heap before GC invocations=30 (full 9):
 def new generation   total 1572992K, used 1076482K [0x00007f02fc600000, 0x00007f03670c0000, 0x00007f0851b50000)
  eden space 1398272K,  76% used [0x00007f02fc600000, 0x00007f033e140960, 0x00007f0351b80000)
  from space 174720K,   0% used [0x00007f0351b80000, 0x00007f0351b80000, 0x00007f035c620000)
  to   space 174720K,   0% used [0x00007f035c620000, 0x00007f035c620000, 0x00007f03670c0000)
 tenured generation   total 3495304K, used 1189775K [0x00007f0851b50000, 0x00007f09270b2000, 0x00007f12fc600000)
   the space 3495304K,  34% used [0x00007f0851b50000, 0x00007f089a533d28, 0x00007f089a533e00, 0x00007f09270b2000)
 Metaspace       used 23442K, capacity 23829K, committed 24064K, reserved 24576K
}
Event: 76.431 GC heap after
{Heap after GC invocations=31 (full 9):
 def new generation   total 1572992K, used 0K [0x00007f02fc600000, 0x00007f03670c0000, 0x00007f0851b50000)
  eden space 1398272K,   0% used [0x00007f02fc600000, 0x00007f02fc600000, 0x00007f0351b80000)
  from space 174720K,   0% used [0x00007f035c620000, 0x00007f035c6202c0, 0x00007f03670c0000)
  to   space 174720K,   0% used [0x00007f0351b80000, 0x00007f0351b80000, 0x00007f035c620000)
 tenured generation   total 3495304K, used 2238351K [0x00007f0851b50000, 0x00007f09270b2000, 0x00007f12fc600000)
   the space 3495304K,  64% used [0x00007f0851b50000, 0x00007f08da533d40, 0x00007f08da533e00, 0x00007f09270b2000)
 Metaspace       used 23442K, capacity 23829K, committed 24064K, reserved 24576K
}
Event: 76.431 GC heap before
{Heap before GC invocations=31 (full 9):
 def new generation   total 1572992K, used 0K [0x00007f02fc600000, 0x00007f03670c0000, 0x00007f0851b50000)
  eden space 1398272K,   0% used [0x00007f02fc600000, 0x00007f02fc600000, 0x00007f0351b80000)
  from space 174720K,   0% used [0x00007f035c620000, 0x00007f035c6202c0, 0x00007f03670c0000)
  to   space 174720K,   0% used [0x00007f0351b80000, 0x00007f0351b80000, 0x00007f035c620000)
 tenured generation   total 3495304K, used 2238351K [0x00007f0851b50000, 0x00007f09270b2000, 0x00007f12fc600000)
   the space 3495304K,  64% used [0x00007f0851b50000, 0x00007f08da533d40, 0x00007f08da533e00, 0x00007f09270b2000)
 Metaspace       used 23442K, capacity 23829K, committed 24064K, reserved 24576K
}
Event: 76.455 GC heap after
{Heap after GC invocations=31 (full 10):
 def new generation   total 1678848K, used 0K [0x00007f02fc600000, 0x00007f036e3a0000, 0x00007f0851b50000)
  eden space 1492352K,   0% used [0x00007f02fc600000, 0x00007f02fc600000, 0x00007f0357760000)
  from space 186496K,   0% used [0x00007f0357760000, 0x00007f0357760000, 0x00007f0362d80000)
  to   space 186496K,   0% used [0x00007f0362d80000, 0x00007f0362d80000, 0x00007f036e3a0000)
 tenured generation   total 3730588K, used 2238352K [0x00007f0851b50000, 0x00007f0935677000, 0x00007f12fc600000)
   the space 3730588K,  59% used [0x00007f0851b50000, 0x00007f08da534000, 0x00007f08da534000, 0x00007f0935677000)
 Metaspace       used 23442K, capacity 23829K, committed 24064K, reserved 24576K
}
Event: 83.923 GC heap before
{Heap before GC invocations=31 (full 10):
 def new generation   total 1678848K, used 29535K [0x00007f02fc600000, 0x00007f036e3a0000, 0x00007f0851b50000)
  eden space 1492352K,   1% used [0x00007f02fc600000, 0x00007f02fe2d7cd0, 0x00007f0357760000)
  from space 186496K,   0% used [0x00007f0357760000, 0x00007f0357760000, 0x00007f0362d80000)
  to   space 186496K,   0% used [0x00007f0362d80000, 0x00007f0362d80000, 0x00007f036e3a0000)
 tenured generation   total 7924896K, used 6432656K [0x00007f0851b50000, 0x00007f0a35678000, 0x00007f12fc600000)
   the space 7924896K,  81% used [0x00007f0851b50000, 0x00007f09da534018, 0x00007f09da534200, 0x00007f0a35678000)
 Metaspace       used 23442K, capacity 23829K, committed 24064K, reserved 24576K
}
Event: 83.929 GC heap after
{Heap after GC invocations=32 (full 10):
 def new generation   total 1678848K, used 0K [0x00007f02fc600000, 0x00007f036e3a0000, 0x00007f0851b50000)
  eden space 1492352K,   0% used [0x00007f02fc600000, 0x00007f02fc600000, 0x00007f0357760000)
  from space 186496K,   0% used [0x00007f0362d80000, 0x00007f0362d80178, 0x00007f036e3a0000)
  to   space 186496K,   0% used [0x00007f0357760000, 0x00007f0357760000, 0x00007f0362d80000)
 tenured generation   total 7924896K, used 6432656K [0x00007f0851b50000, 0x00007f0a35678000, 0x00007f12fc600000)
   the space 7924896K,  81% used [0x00007f0851b50000, 0x00007f09da534018, 0x00007f09da534200, 0x00007f0a35678000)
 Metaspace       used 23442K, capacity 23829K, committed 24064K, reserved 24576K
}
Event: 83.929 GC heap before
{Heap before GC invocations=32 (full 10):
 def new generation   total 1678848K, used 0K [0x00007f02fc600000, 0x00007f036e3a0000, 0x00007f0851b50000)
  eden space 1492352K,   0% used [0x00007f02fc600000, 0x00007f02fc600000, 0x00007f0357760000)
  from space 186496K,   0% used [0x00007f0362d80000, 0x00007f0362d80178, 0x00007f036e3a0000)
  to   space 186496K,   0% used [0x00007f0357760000, 0x00007f0357760000, 0x00007f0362d80000)
 tenured generation   total 7924896K, used 6432656K [0x00007f0851b50000, 0x00007f0a35678000, 0x00007f12fc600000)
   the space 7924896K,  81% used [0x00007f0851b50000, 0x00007f09da534018, 0x00007f09da534200, 0x00007f0a35678000)
 Metaspace       used 23442K, capacity 23829K, committed 24064K, reserved 24576K
}
Event: 87.358 GC heap after
{Heap after GC invocations=32 (full 11):
 def new generation   total 4038144K, used 0K [0x00007f02fc600000, 0x00007f040e3a0000, 0x00007f0851b50000)
  eden space 3589504K,   0% used [0x00007f02fc600000, 0x00007f02fc600000, 0x00007f03d7760000)
  from space 448640K,   0% used [0x00007f03d7760000, 0x00007f03d7760000, 0x00007f03f2d80000)
  to   space 448640K,   0% used [0x00007f03f2d80000, 0x00007f03f2d80000, 0x00007f040e3a0000)
 tenured generation   total 8973468K, used 5384079K [0x00007f0851b50000, 0x00007f0a75677000, 0x00007f12fc600000)
   the space 8973468K,  59% used [0x00007f0851b50000, 0x00007f099a533fd8, 0x00007f099a534000, 0x00007f0a75677000)
 Metaspace       used 23442K, capacity 23829K, committed 24064K, reserved 24576K
}
Event: 90.086 GC heap before
{Heap before GC invocations=32 (full 11):
 def new generation   total 4038144K, used 2168192K [0x00007f02fc600000, 0x00007f040e3a0000, 0x00007f0851b50000)
  eden space 3589504K,  60% used [0x00007f02fc600000, 0x00007f0380b60000, 0x00007f03d7760000)
  from space 448640K,   0% used [0x00007f03d7760000, 0x00007f03d7760000, 0x00007f03f2d80000)
  to   space 448640K,   0% used [0x00007f03f2d80000, 0x00007f03f2d80000, 0x00007f040e3a0000)
 tenured generation   total 8973468K, used 5384079K [0x00007f0851b50000, 0x00007f0a75677000, 0x00007f12fc600000)
   the space 8973468K,  59% used [0x00007f0851b50000, 0x00007f099a533fd8, 0x00007f099a534000, 0x00007f0a75677000)
 Metaspace       used 23442K, capacity 23829K, committed 24064K, reserved 24576K
}
Event: 92.592 GC heap after
{Heap after GC invocations=33 (full 11):
 def new generation   total 4038144K, used 0K [0x00007f02fc600000, 0x00007f040e3a0000, 0x00007f0851b50000)
  eden space 3589504K,   0% used [0x00007f02fc600000, 0x00007f02fc600000, 0x00007f03d7760000)
  from space 448640K,   0% used [0x00007f03f2d80000, 0x00007f03f2d800b8, 0x00007f040e3a0000)
  to   space 448640K,   0% used [0x00007f03d7760000, 0x00007f03d7760000, 0x00007f03f2d80000)
 tenured generation   total 8973468K, used 7481231K [0x00007f0851b50000, 0x00007f0a75677000, 0x00007f12fc600000)
   the space 8973468K,  83% used [0x00007f0851b50000, 0x00007f0a1a533ff0, 0x00007f0a1a534000, 0x00007f0a75677000)
 Metaspace       used 23442K, capacity 23829K, committed 24064K, reserved 24576K
}
Event: 93.528 GC heap before
{Heap before GC invocations=33 (full 11):
 def new generation   total 4038144K, used 2167631K [0x00007f02fc600000, 0x00007f040e3a0000, 0x00007f0851b50000)
  eden space 3589504K,  60% used [0x00007f02fc600000, 0x00007f0380ad3d60, 0x00007f03d7760000)
  from space 448640K,   0% used [0x00007f03f2d80000, 0x00007f03f2d800b8, 0x00007f040e3a0000)
  to   space 448640K,   0% used [0x00007f03d7760000, 0x00007f03d7760000, 0x00007f03f2d80000)
 tenured generation   total 8973468K, used 7481231K [0x00007f0851b50000, 0x00007f0a75677000, 0x00007f12fc600000)
   the space 8973468K,  83% used [0x00007f0851b50000, 0x00007f0a1a533ff0, 0x00007f0a1a534000, 0x00007f0a75677000)
 Metaspace       used 23442K, capacity 23829K, committed 24064K, reserved 24576K
}
Event: 97.602 GC heap after
{Heap after GC invocations=34 (full 11):
 def new generation   total 4038144K, used 0K [0x00007f02fc600000, 0x00007f040e3a0000, 0x00007f0851b50000)
  eden space 3589504K,   0% used [0x00007f02fc600000, 0x00007f02fc600000, 0x00007f03d7760000)
  from space 448640K,   0% used [0x00007f03d7760000, 0x00007f03d7760378, 0x00007f03f2d80000)
  to   space 448640K,   0% used [0x00007f03f2d80000, 0x00007f03f2d80000, 0x00007f040e3a0000)
 tenured generation   total 11070624K, used 9578384K [0x00007f0851b50000, 0x00007f0af5678000, 0x00007f12fc600000)
   the space 11070624K,  86% used [0x00007f0851b50000, 0x00007f0a9a534008, 0x00007f0a9a534200, 0x00007f0af5678000)
 Metaspace       used 23442K, capacity 23829K, committed 24064K, reserved 24576K
}
Event: 97.602 GC heap before
{Heap before GC invocations=34 (full 11):
 def new generation   total 4038144K, used 0K [0x00007f02fc600000, 0x00007f040e3a0000, 0x00007f0851b50000)
  eden space 3589504K,   0% used [0x00007f02fc600000, 0x00007f02fc600000, 0x00007f03d7760000)
  from space 448640K,   0% used [0x00007f03d7760000, 0x00007f03d7760378, 0x00007f03f2d80000)
  to   space 448640K,   0% used [0x00007f03f2d80000, 0x00007f03f2d80000, 0x00007f040e3a0000)
 tenured generation   total 11070624K, used 9578384K [0x00007f0851b50000, 0x00007f0af5678000, 0x00007f12fc600000)
   the space 11070624K,  86% used [0x00007f0851b50000, 0x00007f0a9a534008, 0x00007f0a9a534200, 0x00007f0af5678000)
 Metaspace       used 23442K, capacity 23829K, committed 24064K, reserved 24576K
}
Event: 98.952 GC heap after
{Heap after GC invocations=34 (full 12):
 def new generation   total 4038144K, used 0K [0x00007f02fc600000, 0x00007f040e3a0000, 0x00007f0851b50000)
  eden space 3589504K,   0% used [0x00007f02fc600000, 0x00007f02fc600000, 0x00007f03d7760000)
  from space 448640K,   0% used [0x00007f03d7760000, 0x00007f03d7760000, 0x00007f03f2d80000)
  to   space 448640K,   0% used [0x00007f03f2d80000, 0x00007f03f2d80000, 0x00007f040e3a0000)
 tenured generation   total 8973468K, used 4204429K [0x00007f0851b50000, 0x00007f0a75677000, 0x00007f12fc600000)
   the space 8973468K,  46% used [0x00007f0851b50000, 0x00007f09525334e0, 0x00007f0952533600, 0x00007f0a75677000)
 Metaspace       used 23442K, capacity 23829K, committed 24064K, reserved 24576K
}

