# JRE version: OpenJDK Runtime Environment (13.0.7+5) (build 13.0.7+5-Ubuntu-0ubuntu120.04)
# Java VM: OpenJDK 64-Bit Server VM (13.0.7+5-Ubuntu-0ubuntu120.04, mixed mode, tiered, serial gc, linux-amd64)
Heap:
 def new generation   total 3224256K, used 2154242K [0x00007ef980600000, 0x00007efa5b080000, 0x00007efed5b50000)
  eden space 2866048K,  75% used [0x00007ef980600000, 0x00007efa03dc0a08, 0x00007efa2f4e0000)
  from space 358208K,   0% used [0x00007efa452b0000, 0x00007efa452b01c0, 0x00007efa5b080000)
  to   space 358208K,   0% used [0x00007efa2f4e0000, 0x00007efa2f4e0290, 0x00007efa452b0000)
 tenured generation   total 7164824K, used 6957085K [0x00007efed5b50000, 0x00007f008b036000, 0x00007f0980600000)
   the space 7164824K,  97% used [0x00007efed5b50000, 0x00007f007e5574d0, 0x00007f007e557600, 0x00007f008b036000)
 Metaspace       used 23255K, capacity 23661K, committed 23808K, reserved 24576K
GC Heap History (20 events):
Event: 8.389 GC heap after
{Heap after GC invocations=5 (full 2):
 def new generation   total 797696K, used 0K [0x00007ef980600000, 0x00007ef9b6780000, 0x00007efed5b50000)
  eden space 709120K,   0% used [0x00007ef980600000, 0x00007ef980600000, 0x00007ef9aba80000)
  from space 88576K,   0% used [0x00007ef9b1100000, 0x00007ef9b1100280, 0x00007ef9b6780000)
  to   space 88576K,   0% used [0x00007ef9aba80000, 0x00007ef9aba80000, 0x00007ef9b1100000)
 tenured generation   total 2821028K, used 2112044K [0x00007efed5b50000, 0x00007eff81e39000, 0x00007f0980600000)
   the space 2821028K,  74% used [0x00007efed5b50000, 0x00007eff569db2e8, 0x00007eff569db400, 0x00007eff81e39000)
 Metaspace       used 23198K, capacity 23525K, committed 23808K, reserved 24576K
}
Event: 8.389 GC heap before
{Heap before GC invocations=5 (full 2):
 def new generation   total 797696K, used 0K [0x00007ef980600000, 0x00007ef9b6780000, 0x00007efed5b50000)
  eden space 709120K,   0% used [0x00007ef980600000, 0x00007ef980600000, 0x00007ef9aba80000)
  from space 88576K,   0% used [0x00007ef9b1100000, 0x00007ef9b1100280, 0x00007ef9b6780000)
  to   space 88576K,   0% used [0x00007ef9aba80000, 0x00007ef9aba80000, 0x00007ef9b1100000)
 tenured generation   total 2821028K, used 2112044K [0x00007efed5b50000, 0x00007eff81e39000, 0x00007f0980600000)
   the space 2821028K,  74% used [0x00007efed5b50000, 0x00007eff569db2e8, 0x00007eff569db400, 0x00007eff81e39000)
 Metaspace       used 23198K, capacity 23525K, committed 23808K, reserved 24576K
}
Event: 8.446 GC heap after
{Heap after GC invocations=5 (full 3):
 def new generation   total 1584064K, used 0K [0x00007ef980600000, 0x00007ef9ebcd0000, 0x00007efed5b50000)
  eden space 1408064K,   0% used [0x00007ef980600000, 0x00007ef980600000, 0x00007ef9d6510000)
  from space 176000K,   0% used [0x00007ef9d6510000, 0x00007ef9d6510000, 0x00007ef9e10f0000)
  to   space 176000K,   0% used [0x00007ef9e10f0000, 0x00007ef9e10f0000, 0x00007ef9ebcd0000)
 tenured generation   total 3520076K, used 2112045K [0x00007efed5b50000, 0x00007effac8e3000, 0x00007f0980600000)
   the space 3520076K,  59% used [0x00007efed5b50000, 0x00007eff569db568, 0x00007eff569db600, 0x00007effac8e3000)
 Metaspace       used 23198K, capacity 23525K, committed 23808K, reserved 24576K
}
Event: 11.775 GC heap before
{Heap before GC invocations=5 (full 3):
 def new generation   total 1584064K, used 1338643K [0x00007ef980600000, 0x00007ef9ebcd0000, 0x00007efed5b50000)
  eden space 1408064K,  95% used [0x00007ef980600000, 0x00007ef9d2144fb0, 0x00007ef9d6510000)
  from space 176000K,   0% used [0x00007ef9d6510000, 0x00007ef9d6510000, 0x00007ef9e10f0000)
  to   space 176000K,   0% used [0x00007ef9e10f0000, 0x00007ef9e10f0000, 0x00007ef9ebcd0000)
 tenured generation   total 3520076K, used 2112045K [0x00007efed5b50000, 0x00007effac8e3000, 0x00007f0980600000)
   the space 3520076K,  59% used [0x00007efed5b50000, 0x00007eff569db568, 0x00007eff569db600, 0x00007effac8e3000)
 Metaspace       used 23198K, capacity 23525K, committed 23808K, reserved 24576K
}
Event: 12.254 GC heap after
{Heap after GC invocations=6 (full 3):
 def new generation   total 1584064K, used 131073K [0x00007ef980600000, 0x00007ef9ebcd0000, 0x00007efed5b50000)
  eden space 1408064K,   0% used [0x00007ef980600000, 0x00007ef980600000, 0x00007ef9d6510000)
  from space 176000K,  74% used [0x00007ef9e10f0000, 0x00007ef9e90f0400, 0x00007ef9ebcd0000)
  to   space 176000K,   0% used [0x00007ef9d6510000, 0x00007ef9d6510000, 0x00007ef9e10f0000)
 tenured generation   total 3520076K, used 2243117K [0x00007efed5b50000, 0x00007effac8e3000, 0x00007f0980600000)
   the space 3520076K,  63% used [0x00007efed5b50000, 0x00007eff5e9db580, 0x00007eff5e9db600, 0x00007effac8e3000)
 Metaspace       used 23198K, capacity 23525K, committed 23808K, reserved 24576K
}
Event: 13.066 GC heap before
{Heap before GC invocations=6 (full 3):
 def new generation   total 1584064K, used 599347K [0x00007ef980600000, 0x00007ef9ebcd0000, 0x00007efed5b50000)
  eden space 1408064K,  33% used [0x00007ef980600000, 0x00007ef99cf4cb90, 0x00007ef9d6510000)
  from space 176000K,  74% used [0x00007ef9e10f0000, 0x00007ef9e90f0400, 0x00007ef9ebcd0000)
  to   space 176000K,   0% used [0x00007ef9d6510000, 0x00007ef9d6510000, 0x00007ef9e10f0000)
 tenured generation   total 3520076K, used 2243117K [0x00007efed5b50000, 0x00007effac8e3000, 0x00007f0980600000)
   the space 3520076K,  63% used [0x00007efed5b50000, 0x00007eff5e9db580, 0x00007eff5e9db600, 0x00007effac8e3000)
 Metaspace       used 23198K, capacity 23525K, committed 23808K, reserved 24576K
}
Event: 13.157 GC heap after
{Heap after GC invocations=7 (full 3):
 def new generation   total 1584064K, used 24730K [0x00007ef980600000, 0x00007ef9ebcd0000, 0x00007efed5b50000)
  eden space 1408064K,   0% used [0x00007ef980600000, 0x00007ef980600000, 0x00007ef9d6510000)
  from space 176000K,  14% used [0x00007ef9d6510000, 0x00007ef9d7d36958, 0x00007ef9e10f0000)
  to   space 176000K,   0% used [0x00007ef9e10f0000, 0x00007ef9e10f0000, 0x00007ef9ebcd0000)
 tenured generation   total 3520076K, used 2243117K [0x00007efed5b50000, 0x00007effac8e3000, 0x00007f0980600000)
   the space 3520076K,  63% used [0x00007efed5b50000, 0x00007eff5e9db6f0, 0x00007eff5e9db800, 0x00007effac8e3000)
 Metaspace       used 23198K, capacity 23525K, committed 23808K, reserved 24576K
}
Event: 13.157 GC heap before
{Heap before GC invocations=7 (full 3):
 def new generation   total 1584064K, used 24730K [0x00007ef980600000, 0x00007ef9ebcd0000, 0x00007efed5b50000)
  eden space 1408064K,   0% used [0x00007ef980600000, 0x00007ef980600000, 0x00007ef9d6510000)
  from space 176000K,  14% used [0x00007ef9d6510000, 0x00007ef9d7d36958, 0x00007ef9e10f0000)
  to   space 176000K,   0% used [0x00007ef9e10f0000, 0x00007ef9e10f0000, 0x00007ef9ebcd0000)
 tenured generation   total 3520076K, used 2243117K [0x00007efed5b50000, 0x00007effac8e3000, 0x00007f0980600000)
   the space 3520076K,  63% used [0x00007efed5b50000, 0x00007eff5e9db6f0, 0x00007eff5e9db800, 0x00007effac8e3000)
 Metaspace       used 23198K, capacity 23525K, committed 23808K, reserved 24576K
}
Event: 13.239 GC heap after
{Heap after GC invocations=7 (full 4):
 def new generation   total 1584064K, used 0K [0x00007ef980600000, 0x00007ef9ebcd0000, 0x00007efed5b50000)
  eden space 1408064K,   0% used [0x00007ef980600000, 0x00007ef980600000, 0x00007ef9d6510000)
  from space 176000K,   0% used [0x00007ef9d6510000, 0x00007ef9d6510000, 0x00007ef9e10f0000)
  to   space 176000K,   0% used [0x00007ef9e10f0000, 0x00007ef9e10f0000, 0x00007ef9ebcd0000)
 tenured generation   total 3520076K, used 9582K [0x00007efed5b50000, 0x00007effac8e3000, 0x00007f0980600000)
   the space 3520076K,   0% used [0x00007efed5b50000, 0x00007efed64ab9c8, 0x00007efed64aba00, 0x00007effac8e3000)
 Metaspace       used 23198K, capacity 23525K, committed 23808K, reserved 24576K
}
Event: 23.012 GC heap before
{Heap before GC invocations=7 (full 4):
 def new generation   total 1584064K, used 1400342K [0x00007ef980600000, 0x00007ef9ebcd0000, 0x00007efed5b50000)
  eden space 1408064K,  99% used [0x00007ef980600000, 0x00007ef9d5d85a40, 0x00007ef9d6510000)
  from space 176000K,   0% used [0x00007ef9d6510000, 0x00007ef9d6510000, 0x00007ef9e10f0000)
  to   space 176000K,   0% used [0x00007ef9e10f0000, 0x00007ef9e10f0000, 0x00007ef9ebcd0000)
 tenured generation   total 7714384K, used 4203886K [0x00007efed5b50000, 0x00007f00ac8e4000, 0x00007f0980600000)
   the space 7714384K,  54% used [0x00007efed5b50000, 0x00007effd64ab9e0, 0x00007effd64aba00, 0x00007f00ac8e4000)
 Metaspace       used 23252K, capacity 23661K, committed 23808K, reserved 24576K
}
Event: 23.223 GC heap after
{Heap after GC invocations=8 (full 4):
 def new generation   total 1584064K, used 66313K [0x00007ef980600000, 0x00007ef9ebcd0000, 0x00007efed5b50000)
  eden space 1408064K,   0% used [0x00007ef980600000, 0x00007ef980600000, 0x00007ef9d6510000)
  from space 176000K,  37% used [0x00007ef9e10f0000, 0x00007ef9e51b26e8, 0x00007ef9ebcd0000)
  to   space 176000K,   0% used [0x00007ef9d6510000, 0x00007ef9d6510000, 0x00007ef9e10f0000)
 tenured generation   total 7714384K, used 4203886K [0x00007efed5b50000, 0x00007f00ac8e4000, 0x00007f0980600000)
   the space 7714384K,  54% used [0x00007efed5b50000, 0x00007effd64ab9e0, 0x00007effd64aba00, 0x00007f00ac8e4000)
 Metaspace       used 23252K, capacity 23661K, committed 23808K, reserved 24576K
}
Event: 25.865 GC heap before
{Heap before GC invocations=8 (full 4):
 def new generation   total 1584064K, used 1423952K [0x00007ef980600000, 0x00007ef9ebcd0000, 0x00007efed5b50000)
  eden space 1408064K,  96% used [0x00007ef980600000, 0x00007ef9d33d1ac0, 0x00007ef9d6510000)
  from space 176000K,  37% used [0x00007ef9e10f0000, 0x00007ef9e51b26e8, 0x00007ef9ebcd0000)
  to   space 176000K,   0% used [0x00007ef9d6510000, 0x00007ef9d6510000, 0x00007ef9e10f0000)
 tenured generation   total 7714384K, used 4203886K [0x00007efed5b50000, 0x00007f00ac8e4000, 0x00007f0980600000)
   the space 7714384K,  54% used [0x00007efed5b50000, 0x00007effd64ab9e0, 0x00007effd64aba00, 0x00007f00ac8e4000)
 Metaspace       used 23255K, capacity 23661K, committed 23808K, reserved 24576K
}
Event: 35.093 GC heap after
{Heap after GC invocations=9 (full 4):
 def new generation   total 1584064K, used 131879K [0x00007ef980600000, 0x00007ef9ebcd0000, 0x00007efed5b50000)
  eden space 1408064K,   0% used [0x00007ef980600000, 0x00007ef980600000, 0x00007ef9d6510000)
  from space 176000K,  74% used [0x00007ef9d6510000, 0x00007ef9de5d9df0, 0x00007ef9e10f0000)
  to   space 176000K,   0% used [0x00007ef9e10f0000, 0x00007ef9e10f0000, 0x00007ef9ebcd0000)
 tenured generation   total 7714384K, used 4334958K [0x00007efed5b50000, 0x00007f00ac8e4000, 0x00007f0980600000)
   the space 7714384K,  56% used [0x00007efed5b50000, 0x00007effde4ab9f8, 0x00007effde4aba00, 0x00007f00ac8e4000)
 Metaspace       used 23255K, capacity 23661K, committed 23808K, reserved 24576K
}
Event: 35.915 GC heap before
{Heap before GC invocations=9 (full 4):
 def new generation   total 1584064K, used 684154K [0x00007ef980600000, 0x00007ef9ebcd0000, 0x00007efed5b50000)
  eden space 1408064K,  39% used [0x00007ef980600000, 0x00007ef9a2154c50, 0x00007ef9d6510000)
  from space 176000K,  74% used [0x00007ef9d6510000, 0x00007ef9de5d9df0, 0x00007ef9e10f0000)
  to   space 176000K,   0% used [0x00007ef9e10f0000, 0x00007ef9e10f0000, 0x00007ef9ebcd0000)
 tenured generation   total 7714384K, used 4334958K [0x00007efed5b50000, 0x00007f00ac8e4000, 0x00007f0980600000)
   the space 7714384K,  56% used [0x00007efed5b50000, 0x00007effde4ab9f8, 0x00007effde4aba00, 0x00007f00ac8e4000)
 Metaspace       used 23255K, capacity 23661K, committed 23808K, reserved 24576K
}
Event: 36.546 GC heap after
{Heap after GC invocations=10 (full 4):
 def new generation   total 1584064K, used 0K [0x00007ef980600000, 0x00007ef9ebcd0000, 0x00007efed5b50000)
  eden space 1408064K,   0% used [0x00007ef980600000, 0x00007ef980600000, 0x00007ef9d6510000)
  from space 176000K,   0% used [0x00007ef9e10f0000, 0x00007ef9e10f03a8, 0x00007ef9ebcd0000)
  to   space 176000K,   0% used [0x00007ef9d6510000, 0x00007ef9d6510000, 0x00007ef9e10f0000)
 tenured generation   total 7714384K, used 4860053K [0x00007efed5b50000, 0x00007f00ac8e4000, 0x00007f0980600000)
   the space 7714384K,  62% used [0x00007efed5b50000, 0x00007efffe575650, 0x00007efffe575800, 0x00007f00ac8e4000)
 Metaspace       used 23255K, capacity 23661K, committed 23808K, reserved 24576K
}
Event: 36.546 GC heap before
{Heap before GC invocations=10 (full 4):
 def new generation   total 1584064K, used 0K [0x00007ef980600000, 0x00007ef9ebcd0000, 0x00007efed5b50000)
  eden space 1408064K,   0% used [0x00007ef980600000, 0x00007ef980600000, 0x00007ef9d6510000)
  from space 176000K,   0% used [0x00007ef9e10f0000, 0x00007ef9e10f03a8, 0x00007ef9ebcd0000)
  to   space 176000K,   0% used [0x00007ef9d6510000, 0x00007ef9d6510000, 0x00007ef9e10f0000)
 tenured generation   total 7714384K, used 4860053K [0x00007efed5b50000, 0x00007f00ac8e4000, 0x00007f0980600000)
   the space 7714384K,  62% used [0x00007efed5b50000, 0x00007efffe575650, 0x00007efffe575800, 0x00007f00ac8e4000)
 Metaspace       used 23255K, capacity 23661K, committed 23808K, reserved 24576K
}
Event: 36.938 GC heap after
{Heap after GC invocations=10 (full 5):
 def new generation   total 3224256K, used 0K [0x00007ef980600000, 0x00007efa5b080000, 0x00007efed5b50000)
  eden space 2866048K,   0% used [0x00007ef980600000, 0x00007ef980600000, 0x00007efa2f4e0000)
  from space 358208K,   0% used [0x00007efa2f4e0000, 0x00007efa2f4e0000, 0x00007efa452b0000)
  to   space 358208K,   0% used [0x00007efa452b0000, 0x00007efa452b0000, 0x00007efa5b080000)
 tenured generation   total 7164824K, used 665629K [0x00007efed5b50000, 0x00007f008b036000, 0x00007f0980600000)
   the space 7164824K,   9% used [0x00007efed5b50000, 0x00007efefe5574a0, 0x00007efefe557600, 0x00007f008b036000)
 Metaspace       used 23255K, capacity 23661K, committed 23808K, reserved 24576K
}
Event: 46.374 GC heap before
{Heap before GC invocations=10 (full 5):
 def new generation   total 3224256K, used 2154118K [0x00007ef980600000, 0x00007efa5b080000, 0x00007efed5b50000)
  eden space 2866048K,  75% used [0x00007ef980600000, 0x00007efa03da1950, 0x00007efa2f4e0000)
  from space 358208K,   0% used [0x00007efa2f4e0000, 0x00007efa2f4e0000, 0x00007efa452b0000)
  to   space 358208K,   0% used [0x00007efa452b0000, 0x00007efa452b0000, 0x00007efa5b080000)
 tenured generation   total 7164824K, used 4859933K [0x00007efed5b50000, 0x00007f008b036000, 0x00007f0980600000)
   the space 7164824K,  67% used [0x00007efed5b50000, 0x00007efffe5574b8, 0x00007efffe557600, 0x00007f008b036000)
 Metaspace       used 23255K, capacity 23661K, committed 23808K, reserved 24576K
}
Event: 49.764 GC heap after
{Heap after GC invocations=11 (full 5):
 def new generation   total 3224256K, used 0K [0x00007ef980600000, 0x00007efa5b080000, 0x00007efed5b50000)
  eden space 2866048K,   0% used [0x00007ef980600000, 0x00007ef980600000, 0x00007efa2f4e0000)
  from space 358208K,   0% used [0x00007efa452b0000, 0x00007efa452b01c0, 0x00007efa5b080000)
  to   space 358208K,   0% used [0x00007efa2f4e0000, 0x00007efa2f4e0000, 0x00007efa452b0000)
 tenured generation   total 7164824K, used 6957085K [0x00007efed5b50000, 0x00007f008b036000, 0x00007f0980600000)
   the space 7164824K,  97% used [0x00007efed5b50000, 0x00007f007e5574d0, 0x00007f007e557600, 0x00007f008b036000)
 Metaspace       used 23255K, capacity 23661K, committed 23808K, reserved 24576K
}
Event: 51.102 GC heap before
{Heap before GC invocations=11 (full 5):
 def new generation   total 3224256K, used 2154242K [0x00007ef980600000, 0x00007efa5b080000, 0x00007efed5b50000)
  eden space 2866048K,  75% used [0x00007ef980600000, 0x00007efa03dc0a08, 0x00007efa2f4e0000)
  from space 358208K,   0% used [0x00007efa452b0000, 0x00007efa452b01c0, 0x00007efa5b080000)
  to   space 358208K,   0% used [0x00007efa2f4e0000, 0x00007efa2f4e0000, 0x00007efa452b0000)
 tenured generation   total 7164824K, used 6957085K [0x00007efed5b50000, 0x00007f008b036000, 0x00007f0980600000)
   the space 7164824K,  97% used [0x00007efed5b50000, 0x00007f007e5574d0, 0x00007f007e557600, 0x00007f008b036000)
 Metaspace       used 23255K, capacity 23661K, committed 23808K, reserved 24576K
}

