# JRE version: OpenJDK Runtime Environment (13.0.7+5) (build 13.0.7+5-Ubuntu-0ubuntu120.04)
# Java VM: OpenJDK 64-Bit Server VM (13.0.7+5-Ubuntu-0ubuntu120.04, mixed mode, tiered, serial gc, linux-amd64)
Heap:
 def new generation   total 5258752K, used 0K [0x00007fb02c600000, 0x00007fb191010000, 0x00007fb581b50000)
  eden space 4674496K,   0% used [0x00007fb02c600000, 0x00007fb02c600000, 0x00007fb149af0000)
  from space 584256K,   0% used [0x00007fb149af0000, 0x00007fb149af0000, 0x00007fb16d580000)
  to   space 584256K,   0% used [0x00007fb16d580000, 0x00007fb16d580000, 0x00007fb191010000)
 tenured generation   total 11971476K, used 11932057K [0x00007fb581b50000, 0x00007fb85c635000, 0x00007fc02c600000)
   the space 11971476K,  99% used [0x00007fb581b50000, 0x00007fb859fb6450, 0x00007fb859fb6600, 0x00007fb85c635000)
 Metaspace       used 30221K, capacity 30618K, committed 30720K, reserved 30720K
GC Heap History (20 events):
Event: 350.123 GC heap after
{Heap after GC invocations=64 (full 5):
 def new generation   total 5258752K, used 380894K [0x00007fb02c600000, 0x00007fb191010000, 0x00007fb581b50000)
  eden space 4674496K,   0% used [0x00007fb02c600000, 0x00007fb02c600000, 0x00007fb149af0000)
  from space 584256K,  65% used [0x00007fb16d580000, 0x00007fb184977ab0, 0x00007fb191010000)
  to   space 584256K,   0% used [0x00007fb149af0000, 0x00007fb149af0000, 0x00007fb16d580000)
 tenured generation   total 11685972K, used 8451851K [0x00007fb581b50000, 0x00007fb84af65000, 0x00007fc02c600000)
   the space 11685972K,  72% used [0x00007fb581b50000, 0x00007fb785912df0, 0x00007fb785912e00, 0x00007fb84af65000)
 Metaspace       used 30221K, capacity 30618K, committed 30720K, reserved 30720K
}
Event: 351.527 GC heap before
{Heap before GC invocations=64 (full 5):
 def new generation   total 5258752K, used 5055390K [0x00007fb02c600000, 0x00007fb191010000, 0x00007fb581b50000)
  eden space 4674496K, 100% used [0x00007fb02c600000, 0x00007fb149af0000, 0x00007fb149af0000)
  from space 584256K,  65% used [0x00007fb16d580000, 0x00007fb184977ab0, 0x00007fb191010000)
  to   space 584256K,   0% used [0x00007fb149af0000, 0x00007fb149af0000, 0x00007fb16d580000)
 tenured generation   total 11685972K, used 8451851K [0x00007fb581b50000, 0x00007fb84af65000, 0x00007fc02c600000)
   the space 11685972K,  72% used [0x00007fb581b50000, 0x00007fb785912df0, 0x00007fb785912e00, 0x00007fb84af65000)
 Metaspace       used 30221K, capacity 30618K, committed 30720K, reserved 30720K
}
Event: 352.491 GC heap after
{Heap after GC invocations=65 (full 5):
 def new generation   total 5258752K, used 364963K [0x00007fb02c600000, 0x00007fb191010000, 0x00007fb581b50000)
  eden space 4674496K,   0% used [0x00007fb02c600000, 0x00007fb02c600000, 0x00007fb149af0000)
  from space 584256K,  62% used [0x00007fb149af0000, 0x00007fb15ff58d70, 0x00007fb16d580000)
  to   space 584256K,   0% used [0x00007fb16d580000, 0x00007fb16d580000, 0x00007fb191010000)
 tenured generation   total 11685972K, used 8832746K [0x00007fb581b50000, 0x00007fb84af65000, 0x00007fc02c600000)
   the space 11685972K,  75% used [0x00007fb581b50000, 0x00007fb79cd0a810, 0x00007fb79cd0aa00, 0x00007fb84af65000)
 Metaspace       used 30221K, capacity 30618K, committed 30720K, reserved 30720K
}
Event: 353.874 GC heap before
{Heap before GC invocations=65 (full 5):
 def new generation   total 5258752K, used 5039459K [0x00007fb02c600000, 0x00007fb191010000, 0x00007fb581b50000)
  eden space 4674496K, 100% used [0x00007fb02c600000, 0x00007fb149af0000, 0x00007fb149af0000)
  from space 584256K,  62% used [0x00007fb149af0000, 0x00007fb15ff58d70, 0x00007fb16d580000)
  to   space 584256K,   0% used [0x00007fb16d580000, 0x00007fb16d580000, 0x00007fb191010000)
 tenured generation   total 11685972K, used 8832746K [0x00007fb581b50000, 0x00007fb84af65000, 0x00007fc02c600000)
   the space 11685972K,  75% used [0x00007fb581b50000, 0x00007fb79cd0a810, 0x00007fb79cd0aa00, 0x00007fb84af65000)
 Metaspace       used 30221K, capacity 30618K, committed 30720K, reserved 30720K
}
Event: 355.279 GC heap after
{Heap after GC invocations=66 (full 5):
 def new generation   total 5258752K, used 377218K [0x00007fb02c600000, 0x00007fb191010000, 0x00007fb581b50000)
  eden space 4674496K,   0% used [0x00007fb02c600000, 0x00007fb02c600000, 0x00007fb149af0000)
  from space 584256K,  64% used [0x00007fb16d580000, 0x00007fb1845e0a90, 0x00007fb191010000)
  to   space 584256K,   0% used [0x00007fb149af0000, 0x00007fb149af0000, 0x00007fb16d580000)
 tenured generation   total 11685972K, used 9197708K [0x00007fb581b50000, 0x00007fb84af65000, 0x00007fc02c600000)
   the space 11685972K,  78% used [0x00007fb581b50000, 0x00007fb7b31733e0, 0x00007fb7b3173400, 0x00007fb84af65000)
 Metaspace       used 30221K, capacity 30618K, committed 30720K, reserved 30720K
}
Event: 356.687 GC heap before
{Heap before GC invocations=66 (full 5):
 def new generation   total 5258752K, used 5051714K [0x00007fb02c600000, 0x00007fb191010000, 0x00007fb581b50000)
  eden space 4674496K, 100% used [0x00007fb02c600000, 0x00007fb149af0000, 0x00007fb149af0000)
  from space 584256K,  64% used [0x00007fb16d580000, 0x00007fb1845e0a90, 0x00007fb191010000)
  to   space 584256K,   0% used [0x00007fb149af0000, 0x00007fb149af0000, 0x00007fb16d580000)
 tenured generation   total 11685972K, used 9197708K [0x00007fb581b50000, 0x00007fb84af65000, 0x00007fc02c600000)
   the space 11685972K,  78% used [0x00007fb581b50000, 0x00007fb7b31733e0, 0x00007fb7b3173400, 0x00007fb84af65000)
 Metaspace       used 30221K, capacity 30618K, committed 30720K, reserved 30720K
}
Event: 357.577 GC heap after
{Heap after GC invocations=67 (full 5):
 def new generation   total 5258752K, used 373225K [0x00007fb02c600000, 0x00007fb191010000, 0x00007fb581b50000)
  eden space 4674496K,   0% used [0x00007fb02c600000, 0x00007fb02c600000, 0x00007fb149af0000)
  from space 584256K,  63% used [0x00007fb149af0000, 0x00007fb16076a580, 0x00007fb16d580000)
  to   space 584256K,   0% used [0x00007fb16d580000, 0x00007fb16d580000, 0x00007fb191010000)
 tenured generation   total 11685972K, used 9574926K [0x00007fb581b50000, 0x00007fb84af65000, 0x00007fc02c600000)
   the space 11685972K,  81% used [0x00007fb581b50000, 0x00007fb7ca1d3b70, 0x00007fb7ca1d3c00, 0x00007fb84af65000)
 Metaspace       used 30221K, capacity 30618K, committed 30720K, reserved 30720K
}
Event: 358.959 GC heap before
{Heap before GC invocations=67 (full 5):
 def new generation   total 5258752K, used 5047721K [0x00007fb02c600000, 0x00007fb191010000, 0x00007fb581b50000)
  eden space 4674496K, 100% used [0x00007fb02c600000, 0x00007fb149af0000, 0x00007fb149af0000)
  from space 584256K,  63% used [0x00007fb149af0000, 0x00007fb16076a580, 0x00007fb16d580000)
  to   space 584256K,   0% used [0x00007fb16d580000, 0x00007fb16d580000, 0x00007fb191010000)
 tenured generation   total 11685972K, used 9574926K [0x00007fb581b50000, 0x00007fb84af65000, 0x00007fc02c600000)
   the space 11685972K,  81% used [0x00007fb581b50000, 0x00007fb7ca1d3b70, 0x00007fb7ca1d3c00, 0x00007fb84af65000)
 Metaspace       used 30221K, capacity 30618K, committed 30720K, reserved 30720K
}
Event: 359.868 GC heap after
{Heap after GC invocations=68 (full 5):
 def new generation   total 5258752K, used 379846K [0x00007fb02c600000, 0x00007fb191010000, 0x00007fb581b50000)
  eden space 4674496K,   0% used [0x00007fb02c600000, 0x00007fb02c600000, 0x00007fb149af0000)
  from space 584256K,  65% used [0x00007fb16d580000, 0x00007fb184871920, 0x00007fb191010000)
  to   space 584256K,   0% used [0x00007fb149af0000, 0x00007fb149af0000, 0x00007fb16d580000)
 tenured generation   total 11685972K, used 9948151K [0x00007fb581b50000, 0x00007fb84af65000, 0x00007fc02c600000)
   the space 11685972K,  85% used [0x00007fb581b50000, 0x00007fb7e0e4de20, 0x00007fb7e0e4e000, 0x00007fb84af65000)
 Metaspace       used 30221K, capacity 30618K, committed 30720K, reserved 30720K
}
Event: 361.248 GC heap before
{Heap before GC invocations=68 (full 5):
 def new generation   total 5258752K, used 5054342K [0x00007fb02c600000, 0x00007fb191010000, 0x00007fb581b50000)
  eden space 4674496K, 100% used [0x00007fb02c600000, 0x00007fb149af0000, 0x00007fb149af0000)
  from space 584256K,  65% used [0x00007fb16d580000, 0x00007fb184871920, 0x00007fb191010000)
  to   space 584256K,   0% used [0x00007fb149af0000, 0x00007fb149af0000, 0x00007fb16d580000)
 tenured generation   total 11685972K, used 9948151K [0x00007fb581b50000, 0x00007fb84af65000, 0x00007fc02c600000)
   the space 11685972K,  85% used [0x00007fb581b50000, 0x00007fb7e0e4de20, 0x00007fb7e0e4e000, 0x00007fb84af65000)
 Metaspace       used 30221K, capacity 30618K, committed 30720K, reserved 30720K
}
Event: 362.169 GC heap after
{Heap after GC invocations=69 (full 5):
 def new generation   total 5258752K, used 389931K [0x00007fb02c600000, 0x00007fb191010000, 0x00007fb581b50000)
  eden space 4674496K,   0% used [0x00007fb02c600000, 0x00007fb02c600000, 0x00007fb149af0000)
  from space 584256K,  66% used [0x00007fb149af0000, 0x00007fb1617baeb0, 0x00007fb16d580000)
  to   space 584256K,   0% used [0x00007fb16d580000, 0x00007fb16d580000, 0x00007fb191010000)
 tenured generation   total 11685972K, used 10327997K [0x00007fb581b50000, 0x00007fb84af65000, 0x00007fc02c600000)
   the space 11685972K,  88% used [0x00007fb581b50000, 0x00007fb7f813f630, 0x00007fb7f813f800, 0x00007fb84af65000)
 Metaspace       used 30221K, capacity 30618K, committed 30720K, reserved 30720K
}
Event: 363.556 GC heap before
{Heap before GC invocations=69 (full 5):
 def new generation   total 5258752K, used 5064427K [0x00007fb02c600000, 0x00007fb191010000, 0x00007fb581b50000)
  eden space 4674496K, 100% used [0x00007fb02c600000, 0x00007fb149af0000, 0x00007fb149af0000)
  from space 584256K,  66% used [0x00007fb149af0000, 0x00007fb1617baeb0, 0x00007fb16d580000)
  to   space 584256K,   0% used [0x00007fb16d580000, 0x00007fb16d580000, 0x00007fb191010000)
 tenured generation   total 11685972K, used 10327997K [0x00007fb581b50000, 0x00007fb84af65000, 0x00007fc02c600000)
   the space 11685972K,  88% used [0x00007fb581b50000, 0x00007fb7f813f630, 0x00007fb7f813f800, 0x00007fb84af65000)
 Metaspace       used 30221K, capacity 30618K, committed 30720K, reserved 30720K
}
Event: 364.751 GC heap after
{Heap after GC invocations=70 (full 5):
 def new generation   total 5258752K, used 541240K [0x00007fb02c600000, 0x00007fb191010000, 0x00007fb581b50000)
  eden space 4674496K,   0% used [0x00007fb02c600000, 0x00007fb02c600000, 0x00007fb149af0000)
  from space 584256K,  92% used [0x00007fb16d580000, 0x00007fb18e60e110, 0x00007fb191010000)
  to   space 584256K,   0% used [0x00007fb149af0000, 0x00007fb149af0000, 0x00007fb16d580000)
 tenured generation   total 11685972K, used 10717928K [0x00007fb581b50000, 0x00007fb84af65000, 0x00007fc02c600000)
   the space 11685972K,  91% used [0x00007fb581b50000, 0x00007fb80fe0a3e0, 0x00007fb80fe0a400, 0x00007fb84af65000)
 Metaspace       used 30221K, capacity 30618K, committed 30720K, reserved 30720K
}
Event: 366.028 GC heap before
{Heap before GC invocations=70 (full 5):
 def new generation   total 5258752K, used 5215736K [0x00007fb02c600000, 0x00007fb191010000, 0x00007fb581b50000)
  eden space 4674496K, 100% used [0x00007fb02c600000, 0x00007fb149af0000, 0x00007fb149af0000)
  from space 584256K,  92% used [0x00007fb16d580000, 0x00007fb18e60e110, 0x00007fb191010000)
  to   space 584256K,   0% used [0x00007fb149af0000, 0x00007fb149af0000, 0x00007fb16d580000)
 tenured generation   total 11685972K, used 10717928K [0x00007fb581b50000, 0x00007fb84af65000, 0x00007fc02c600000)
   the space 11685972K,  91% used [0x00007fb581b50000, 0x00007fb80fe0a3e0, 0x00007fb80fe0a400, 0x00007fb84af65000)
 Metaspace       used 30221K, capacity 30618K, committed 30720K, reserved 30720K
}
Event: 366.999 GC heap after
{Heap after GC invocations=71 (full 5):
 def new generation   total 5258752K, used 357633K [0x00007fb02c600000, 0x00007fb191010000, 0x00007fb581b50000)
  eden space 4674496K,   0% used [0x00007fb02c600000, 0x00007fb02c600000, 0x00007fb149af0000)
  from space 584256K,  61% used [0x00007fb149af0000, 0x00007fb15f830610, 0x00007fb16d580000)
  to   space 584256K,   0% used [0x00007fb16d580000, 0x00007fb16d580000, 0x00007fb191010000)
 tenured generation   total 11685972K, used 11259168K [0x00007fb581b50000, 0x00007fb84af65000, 0x00007fc02c600000)
   the space 11685972K,  96% used [0x00007fb581b50000, 0x00007fb830e982b0, 0x00007fb830e98400, 0x00007fb84af65000)
 Metaspace       used 30221K, capacity 30618K, committed 30720K, reserved 30720K
}
Event: 368.292 GC heap before
{Heap before GC invocations=71 (full 5):
 def new generation   total 5258752K, used 5032129K [0x00007fb02c600000, 0x00007fb191010000, 0x00007fb581b50000)
  eden space 4674496K, 100% used [0x00007fb02c600000, 0x00007fb149af0000, 0x00007fb149af0000)
  from space 584256K,  61% used [0x00007fb149af0000, 0x00007fb15f830610, 0x00007fb16d580000)
  to   space 584256K,   0% used [0x00007fb16d580000, 0x00007fb16d580000, 0x00007fb191010000)
 tenured generation   total 11685972K, used 11259168K [0x00007fb581b50000, 0x00007fb84af65000, 0x00007fc02c600000)
   the space 11685972K,  96% used [0x00007fb581b50000, 0x00007fb830e982b0, 0x00007fb830e98400, 0x00007fb84af65000)
 Metaspace       used 30221K, capacity 30618K, committed 30720K, reserved 30720K
}
Event: 369.126 GC heap after
{Heap after GC invocations=72 (full 5):
 def new generation   total 5258752K, used 354596K [0x00007fb02c600000, 0x00007fb191010000, 0x00007fb581b50000)
  eden space 4674496K,   0% used [0x00007fb02c600000, 0x00007fb02c600000, 0x00007fb149af0000)
  from space 584256K,  60% used [0x00007fb16d580000, 0x00007fb182fc9120, 0x00007fb191010000)
  to   space 584256K,   0% used [0x00007fb149af0000, 0x00007fb149af0000, 0x00007fb16d580000)
 tenured generation   total 11685972K, used 11616801K [0x00007fb581b50000, 0x00007fb84af65000, 0x00007fc02c600000)
   the space 11685972K,  99% used [0x00007fb581b50000, 0x00007fb846bd8530, 0x00007fb846bd8600, 0x00007fb84af65000)
 Metaspace       used 30221K, capacity 30618K, committed 30720K, reserved 30720K
}
Event: 370.397 GC heap before
{Heap before GC invocations=72 (full 5):
 def new generation   total 5258752K, used 5029092K [0x00007fb02c600000, 0x00007fb191010000, 0x00007fb581b50000)
  eden space 4674496K, 100% used [0x00007fb02c600000, 0x00007fb149af0000, 0x00007fb149af0000)
  from space 584256K,  60% used [0x00007fb16d580000, 0x00007fb182fc9120, 0x00007fb191010000)
  to   space 584256K,   0% used [0x00007fb149af0000, 0x00007fb149af0000, 0x00007fb16d580000)
 tenured generation   total 11685972K, used 11616801K [0x00007fb581b50000, 0x00007fb84af65000, 0x00007fc02c600000)
   the space 11685972K,  99% used [0x00007fb581b50000, 0x00007fb846bd8530, 0x00007fb846bd8600, 0x00007fb84af65000)
 Metaspace       used 30221K, capacity 30618K, committed 30720K, reserved 30720K
}
Event: 371.281 GC heap after
{Heap after GC invocations=73 (full 5):
 def new generation   total 5258752K, used 351835K [0x00007fb02c600000, 0x00007fb191010000, 0x00007fb581b50000)
  eden space 4674496K,   0% used [0x00007fb02c600000, 0x00007fb02c600000, 0x00007fb149af0000)
  from space 584256K,  60% used [0x00007fb149af0000, 0x00007fb15f286ea0, 0x00007fb16d580000)
  to   space 584256K,   0% used [0x00007fb16d580000, 0x00007fb16d580000, 0x00007fb191010000)
 tenured generation   total 11971476K, used 11971396K [0x00007fb581b50000, 0x00007fb85c635000, 0x00007fc02c600000)
   the space 11971476K,  99% used [0x00007fb581b50000, 0x00007fb85c6212b0, 0x00007fb85c621400, 0x00007fb85c635000)
 Metaspace       used 30221K, capacity 30618K, committed 30720K, reserved 30720K
}
Event: 371.281 GC heap before
{Heap before GC invocations=73 (full 5):
 def new generation   total 5258752K, used 351835K [0x00007fb02c600000, 0x00007fb191010000, 0x00007fb581b50000)
  eden space 4674496K,   0% used [0x00007fb02c600000, 0x00007fb02c600000, 0x00007fb149af0000)
  from space 584256K,  60% used [0x00007fb149af0000, 0x00007fb15f286ea0, 0x00007fb16d580000)
  to   space 584256K,   0% used [0x00007fb16d580000, 0x00007fb16d580000, 0x00007fb191010000)
 tenured generation   total 11971476K, used 11971396K [0x00007fb581b50000, 0x00007fb85c635000, 0x00007fc02c600000)
   the space 11971476K,  99% used [0x00007fb581b50000, 0x00007fb85c6212b0, 0x00007fb85c621400, 0x00007fb85c635000)
 Metaspace       used 30221K, capacity 30618K, committed 30720K, reserved 30720K
}

