# JRE version: OpenJDK Runtime Environment (13.0.7+5) (build 13.0.7+5-Ubuntu-0ubuntu120.04)
# Java VM: OpenJDK 64-Bit Server VM (13.0.7+5-Ubuntu-0ubuntu120.04, mixed mode, tiered, serial gc, linux-amd64)
Heap:
 def new generation   total 4337984K, used 0K [0x00007fd378600000, 0x00007fd49e900000, 0x00007fde230a0000)
  eden space 3856000K,   0% used [0x00007fd378600000, 0x00007fd378600000, 0x00007fd463ba0000)
  from space 481984K,   0% used [0x00007fd481250000, 0x00007fd481250000, 0x00007fd49e900000)
  to   space 481984K,   0% used [0x00007fd463ba0000, 0x00007fd463ba0000, 0x00007fd481250000)
 tenured generation   total 9656216K, used 9616669K [0x00007fde230a0000, 0x00007fe070686000, 0x00007ff378600000)
   the space 9656216K,  99% used [0x00007fde230a0000, 0x00007fe06dfe77b8, 0x00007fe06dfe7800, 0x00007fe070686000)
 Metaspace       used 24249K, capacity 24638K, committed 24832K, reserved 26624K
GC Heap History (20 events):
Event: 3121.886 GC heap after
{Heap after GC invocations=1822 (full 7):
 def new generation   total 4337984K, used 220465K [0x00007fd378600000, 0x00007fd49e900000, 0x00007fde230a0000)
  eden space 3856000K,   0% used [0x00007fd378600000, 0x00007fd378600000, 0x00007fd463ba0000)
  from space 481984K,  45% used [0x00007fd463ba0000, 0x00007fd4712ec4d0, 0x00007fd481250000)
  to   space 481984K,   0% used [0x00007fd481250000, 0x00007fd481250000, 0x00007fd49e900000)
 tenured generation   total 9639828K, used 9530723K [0x00007fde230a0000, 0x00007fe06f685000, 0x00007ff378600000)
   the space 9639828K,  98% used [0x00007fde230a0000, 0x00007fe068bf8c18, 0x00007fe068bf8e00, 0x00007fe06f685000)
 Metaspace       used 24249K, capacity 24638K, committed 24832K, reserved 26624K
}
Event: 3125.772 GC heap before
{Heap before GC invocations=1822 (full 7):
 def new generation   total 4337984K, used 4076465K [0x00007fd378600000, 0x00007fd49e900000, 0x00007fde230a0000)
  eden space 3856000K, 100% used [0x00007fd378600000, 0x00007fd463ba0000, 0x00007fd463ba0000)
  from space 481984K,  45% used [0x00007fd463ba0000, 0x00007fd4712ec4d0, 0x00007fd481250000)
  to   space 481984K,   0% used [0x00007fd481250000, 0x00007fd481250000, 0x00007fd49e900000)
 tenured generation   total 9639828K, used 9530723K [0x00007fde230a0000, 0x00007fe06f685000, 0x00007ff378600000)
   the space 9639828K,  98% used [0x00007fde230a0000, 0x00007fe068bf8c18, 0x00007fe068bf8e00, 0x00007fe06f685000)
 Metaspace       used 24249K, capacity 24638K, committed 24832K, reserved 26624K
}
Event: 3125.969 GC heap after
{Heap after GC invocations=1823 (full 7):
 def new generation   total 4337984K, used 230730K [0x00007fd378600000, 0x00007fd49e900000, 0x00007fde230a0000)
  eden space 3856000K,   0% used [0x00007fd378600000, 0x00007fd378600000, 0x00007fd463ba0000)
  from space 481984K,  47% used [0x00007fd481250000, 0x00007fd48f3a2978, 0x00007fd49e900000)
  to   space 481984K,   0% used [0x00007fd463ba0000, 0x00007fd463ba0000, 0x00007fd481250000)
 tenured generation   total 9639828K, used 9547682K [0x00007fde230a0000, 0x00007fe06f685000, 0x00007ff378600000)
   the space 9639828K,  99% used [0x00007fde230a0000, 0x00007fe069c88820, 0x00007fe069c88a00, 0x00007fe06f685000)
 Metaspace       used 24249K, capacity 24638K, committed 24832K, reserved 26624K
}
Event: 3129.937 GC heap before
{Heap before GC invocations=1823 (full 7):
 def new generation   total 4337984K, used 4086730K [0x00007fd378600000, 0x00007fd49e900000, 0x00007fde230a0000)
  eden space 3856000K, 100% used [0x00007fd378600000, 0x00007fd463ba0000, 0x00007fd463ba0000)
  from space 481984K,  47% used [0x00007fd481250000, 0x00007fd48f3a2978, 0x00007fd49e900000)
  to   space 481984K,   0% used [0x00007fd463ba0000, 0x00007fd463ba0000, 0x00007fd481250000)
 tenured generation   total 9639828K, used 9547682K [0x00007fde230a0000, 0x00007fe06f685000, 0x00007ff378600000)
   the space 9639828K,  99% used [0x00007fde230a0000, 0x00007fe069c88820, 0x00007fe069c88a00, 0x00007fe06f685000)
 Metaspace       used 24249K, capacity 24638K, committed 24832K, reserved 26624K
}
Event: 3130.094 GC heap after
{Heap after GC invocations=1824 (full 7):
 def new generation   total 4337984K, used 208712K [0x00007fd378600000, 0x00007fd49e900000, 0x00007fde230a0000)
  eden space 3856000K,   0% used [0x00007fd378600000, 0x00007fd378600000, 0x00007fd463ba0000)
  from space 481984K,  43% used [0x00007fd463ba0000, 0x00007fd470772148, 0x00007fd481250000)
  to   space 481984K,   0% used [0x00007fd481250000, 0x00007fd481250000, 0x00007fd49e900000)
 tenured generation   total 9639828K, used 9564641K [0x00007fde230a0000, 0x00007fe06f685000, 0x00007ff378600000)
   the space 9639828K,  99% used [0x00007fde230a0000, 0x00007fe06ad18428, 0x00007fe06ad18600, 0x00007fe06f685000)
 Metaspace       used 24249K, capacity 24638K, committed 24832K, reserved 26624K
}
Event: 3134.126 GC heap before
{Heap before GC invocations=1824 (full 7):
 def new generation   total 4337984K, used 4064712K [0x00007fd378600000, 0x00007fd49e900000, 0x00007fde230a0000)
  eden space 3856000K, 100% used [0x00007fd378600000, 0x00007fd463ba0000, 0x00007fd463ba0000)
  from space 481984K,  43% used [0x00007fd463ba0000, 0x00007fd470772148, 0x00007fd481250000)
  to   space 481984K,   0% used [0x00007fd481250000, 0x00007fd481250000, 0x00007fd49e900000)
 tenured generation   total 9639828K, used 9564641K [0x00007fde230a0000, 0x00007fe06f685000, 0x00007ff378600000)
   the space 9639828K,  99% used [0x00007fde230a0000, 0x00007fe06ad18428, 0x00007fe06ad18600, 0x00007fe06f685000)
 Metaspace       used 24249K, capacity 24638K, committed 24832K, reserved 26624K
}
Event: 3134.266 GC heap after
{Heap after GC invocations=1825 (full 7):
 def new generation   total 4337984K, used 220962K [0x00007fd378600000, 0x00007fd49e900000, 0x00007fde230a0000)
  eden space 3856000K,   0% used [0x00007fd378600000, 0x00007fd378600000, 0x00007fd463ba0000)
  from space 481984K,  45% used [0x00007fd481250000, 0x00007fd48ea18ad0, 0x00007fd49e900000)
  to   space 481984K,   0% used [0x00007fd463ba0000, 0x00007fd463ba0000, 0x00007fd481250000)
 tenured generation   total 9639828K, used 9564641K [0x00007fde230a0000, 0x00007fe06f685000, 0x00007ff378600000)
   the space 9639828K,  99% used [0x00007fde230a0000, 0x00007fe06ad18428, 0x00007fe06ad18600, 0x00007fe06f685000)
 Metaspace       used 24249K, capacity 24638K, committed 24832K, reserved 26624K
}
Event: 3138.598 GC heap before
{Heap before GC invocations=1825 (full 7):
 def new generation   total 4337984K, used 4076962K [0x00007fd378600000, 0x00007fd49e900000, 0x00007fde230a0000)
  eden space 3856000K, 100% used [0x00007fd378600000, 0x00007fd463ba0000, 0x00007fd463ba0000)
  from space 481984K,  45% used [0x00007fd481250000, 0x00007fd48ea18ad0, 0x00007fd49e900000)
  to   space 481984K,   0% used [0x00007fd463ba0000, 0x00007fd463ba0000, 0x00007fd481250000)
 tenured generation   total 9639828K, used 9564641K [0x00007fde230a0000, 0x00007fe06f685000, 0x00007ff378600000)
   the space 9639828K,  99% used [0x00007fde230a0000, 0x00007fe06ad18428, 0x00007fe06ad18600, 0x00007fe06f685000)
 Metaspace       used 24249K, capacity 24638K, committed 24832K, reserved 26624K
}
Event: 3138.782 GC heap after
{Heap after GC invocations=1826 (full 7):
 def new generation   total 4337984K, used 219440K [0x00007fd378600000, 0x00007fd49e900000, 0x00007fde230a0000)
  eden space 3856000K,   0% used [0x00007fd378600000, 0x00007fd378600000, 0x00007fd463ba0000)
  from space 481984K,  45% used [0x00007fd463ba0000, 0x00007fd4711ec140, 0x00007fd481250000)
  to   space 481984K,   0% used [0x00007fd481250000, 0x00007fd481250000, 0x00007fd49e900000)
 tenured generation   total 9639828K, used 9581600K [0x00007fde230a0000, 0x00007fe06f685000, 0x00007ff378600000)
   the space 9639828K,  99% used [0x00007fde230a0000, 0x00007fe06bda8030, 0x00007fe06bda8200, 0x00007fe06f685000)
 Metaspace       used 24249K, capacity 24638K, committed 24832K, reserved 26624K
}
Event: 3142.927 GC heap before
{Heap before GC invocations=1826 (full 7):
 def new generation   total 4337984K, used 4075440K [0x00007fd378600000, 0x00007fd49e900000, 0x00007fde230a0000)
  eden space 3856000K, 100% used [0x00007fd378600000, 0x00007fd463ba0000, 0x00007fd463ba0000)
  from space 481984K,  45% used [0x00007fd463ba0000, 0x00007fd4711ec140, 0x00007fd481250000)
  to   space 481984K,   0% used [0x00007fd481250000, 0x00007fd481250000, 0x00007fd49e900000)
 tenured generation   total 9639828K, used 9581600K [0x00007fde230a0000, 0x00007fe06f685000, 0x00007ff378600000)
   the space 9639828K,  99% used [0x00007fde230a0000, 0x00007fe06bda8030, 0x00007fe06bda8200, 0x00007fe06f685000)
 Metaspace       used 24249K, capacity 24638K, committed 24832K, reserved 26624K
}
Event: 3143.062 GC heap after
{Heap after GC invocations=1827 (full 7):
 def new generation   total 4337984K, used 213796K [0x00007fd378600000, 0x00007fd49e900000, 0x00007fde230a0000)
  eden space 3856000K,   0% used [0x00007fd378600000, 0x00007fd378600000, 0x00007fd463ba0000)
  from space 481984K,  44% used [0x00007fd481250000, 0x00007fd48e319250, 0x00007fd49e900000)
  to   space 481984K,   0% used [0x00007fd463ba0000, 0x00007fd463ba0000, 0x00007fd481250000)
 tenured generation   total 9639828K, used 9598559K [0x00007fde230a0000, 0x00007fe06f685000, 0x00007ff378600000)
   the space 9639828K,  99% used [0x00007fde230a0000, 0x00007fe06ce37c38, 0x00007fe06ce37e00, 0x00007fe06f685000)
 Metaspace       used 24249K, capacity 24638K, committed 24832K, reserved 26624K
}
Event: 3146.908 GC heap before
{Heap before GC invocations=1827 (full 7):
 def new generation   total 4337984K, used 4069796K [0x00007fd378600000, 0x00007fd49e900000, 0x00007fde230a0000)
  eden space 3856000K, 100% used [0x00007fd378600000, 0x00007fd463ba0000, 0x00007fd463ba0000)
  from space 481984K,  44% used [0x00007fd481250000, 0x00007fd48e319250, 0x00007fd49e900000)
  to   space 481984K,   0% used [0x00007fd463ba0000, 0x00007fd463ba0000, 0x00007fd481250000)
 tenured generation   total 9639828K, used 9598559K [0x00007fde230a0000, 0x00007fe06f685000, 0x00007ff378600000)
   the space 9639828K,  99% used [0x00007fde230a0000, 0x00007fe06ce37c38, 0x00007fe06ce37e00, 0x00007fe06f685000)
 Metaspace       used 24249K, capacity 24638K, committed 24832K, reserved 26624K
}
Event: 3147.111 GC heap after
{Heap after GC invocations=1828 (full 7):
 def new generation   total 4337984K, used 223527K [0x00007fd378600000, 0x00007fd49e900000, 0x00007fde230a0000)
  eden space 3856000K,   0% used [0x00007fd378600000, 0x00007fd378600000, 0x00007fd463ba0000)
  from space 481984K,  46% used [0x00007fd463ba0000, 0x00007fd4715e9ee0, 0x00007fd481250000)
  to   space 481984K,   0% used [0x00007fd481250000, 0x00007fd481250000, 0x00007fd49e900000)
 tenured generation   total 9639828K, used 9615518K [0x00007fde230a0000, 0x00007fe06f685000, 0x00007ff378600000)
   the space 9639828K,  99% used [0x00007fde230a0000, 0x00007fe06dec7840, 0x00007fe06dec7a00, 0x00007fe06f685000)
 Metaspace       used 24249K, capacity 24638K, committed 24832K, reserved 26624K
}
Event: 3151.232 GC heap before
{Heap before GC invocations=1828 (full 7):
 def new generation   total 4337984K, used 4079527K [0x00007fd378600000, 0x00007fd49e900000, 0x00007fde230a0000)
  eden space 3856000K, 100% used [0x00007fd378600000, 0x00007fd463ba0000, 0x00007fd463ba0000)
  from space 481984K,  46% used [0x00007fd463ba0000, 0x00007fd4715e9ee0, 0x00007fd481250000)
  to   space 481984K,   0% used [0x00007fd481250000, 0x00007fd481250000, 0x00007fd49e900000)
 tenured generation   total 9639828K, used 9615518K [0x00007fde230a0000, 0x00007fe06f685000, 0x00007ff378600000)
   the space 9639828K,  99% used [0x00007fde230a0000, 0x00007fe06dec7840, 0x00007fe06dec7a00, 0x00007fe06f685000)
 Metaspace       used 24249K, capacity 24638K, committed 24832K, reserved 26624K
}
Event: 3151.424 GC heap after
{Heap after GC invocations=1829 (full 7):
 def new generation   total 4337984K, used 220469K [0x00007fd378600000, 0x00007fd49e900000, 0x00007fde230a0000)
  eden space 3856000K,   0% used [0x00007fd378600000, 0x00007fd378600000, 0x00007fd463ba0000)
  from space 481984K,  45% used [0x00007fd481250000, 0x00007fd48e99d530, 0x00007fd49e900000)
  to   space 481984K,   0% used [0x00007fd463ba0000, 0x00007fd463ba0000, 0x00007fd481250000)
 tenured generation   total 9639828K, used 9615518K [0x00007fde230a0000, 0x00007fe06f685000, 0x00007ff378600000)
   the space 9639828K,  99% used [0x00007fde230a0000, 0x00007fe06dec7840, 0x00007fe06dec7a00, 0x00007fe06f685000)
 Metaspace       used 24249K, capacity 24638K, committed 24832K, reserved 26624K
}
Event: 3155.681 GC heap before
{Heap before GC invocations=1829 (full 7):
 def new generation   total 4337984K, used 4076469K [0x00007fd378600000, 0x00007fd49e900000, 0x00007fde230a0000)
  eden space 3856000K, 100% used [0x00007fd378600000, 0x00007fd463ba0000, 0x00007fd463ba0000)
  from space 481984K,  45% used [0x00007fd481250000, 0x00007fd48e99d530, 0x00007fd49e900000)
  to   space 481984K,   0% used [0x00007fd463ba0000, 0x00007fd463ba0000, 0x00007fd481250000)
 tenured generation   total 9639828K, used 9615518K [0x00007fde230a0000, 0x00007fe06f685000, 0x00007ff378600000)
   the space 9639828K,  99% used [0x00007fde230a0000, 0x00007fe06dec7840, 0x00007fe06dec7a00, 0x00007fe06f685000)
 Metaspace       used 24249K, capacity 24638K, committed 24832K, reserved 26624K
}
Event: 3155.875 GC heap after
{Heap after GC invocations=1830 (full 7):
 def new generation   total 4337984K, used 220970K [0x00007fd378600000, 0x00007fd49e900000, 0x00007fde230a0000)
  eden space 3856000K,   0% used [0x00007fd378600000, 0x00007fd378600000, 0x00007fd463ba0000)
  from space 481984K,  45% used [0x00007fd463ba0000, 0x00007fd47136a8f8, 0x00007fd481250000)
  to   space 481984K,   0% used [0x00007fd481250000, 0x00007fd481250000, 0x00007fd49e900000)
 tenured generation   total 9639828K, used 9632477K [0x00007fde230a0000, 0x00007fe06f685000, 0x00007ff378600000)
   the space 9639828K,  99% used [0x00007fde230a0000, 0x00007fe06ef57448, 0x00007fe06ef57600, 0x00007fe06f685000)
 Metaspace       used 24249K, capacity 24638K, committed 24832K, reserved 26624K
}
Event: 3159.967 GC heap before
{Heap before GC invocations=1830 (full 7):
 def new generation   total 4337984K, used 4076970K [0x00007fd378600000, 0x00007fd49e900000, 0x00007fde230a0000)
  eden space 3856000K, 100% used [0x00007fd378600000, 0x00007fd463ba0000, 0x00007fd463ba0000)
  from space 481984K,  45% used [0x00007fd463ba0000, 0x00007fd47136a8f8, 0x00007fd481250000)
  to   space 481984K,   0% used [0x00007fd481250000, 0x00007fd481250000, 0x00007fd49e900000)
 tenured generation   total 9639828K, used 9632477K [0x00007fde230a0000, 0x00007fe06f685000, 0x00007ff378600000)
   the space 9639828K,  99% used [0x00007fde230a0000, 0x00007fe06ef57448, 0x00007fe06ef57600, 0x00007fe06f685000)
 Metaspace       used 24249K, capacity 24638K, committed 24832K, reserved 26624K
}
Event: 3160.144 GC heap after
{Heap after GC invocations=1831 (full 7):
 def new generation   total 4337984K, used 212767K [0x00007fd378600000, 0x00007fd49e900000, 0x00007fde230a0000)
  eden space 3856000K,   0% used [0x00007fd378600000, 0x00007fd378600000, 0x00007fd463ba0000)
  from space 481984K,  44% used [0x00007fd481250000, 0x00007fd48e217cd0, 0x00007fd49e900000)
  to   space 481984K,   0% used [0x00007fd463ba0000, 0x00007fd463ba0000, 0x00007fd481250000)
 tenured generation   total 9656216K, used 9649436K [0x00007fde230a0000, 0x00007fe070686000, 0x00007ff378600000)
   the space 9656216K,  99% used [0x00007fde230a0000, 0x00007fe06ffe7050, 0x00007fe06ffe7200, 0x00007fe070686000)
 Metaspace       used 24249K, capacity 24638K, committed 24832K, reserved 26624K
}
Event: 3160.144 GC heap before
{Heap before GC invocations=1831 (full 7):
 def new generation   total 4337984K, used 212767K [0x00007fd378600000, 0x00007fd49e900000, 0x00007fde230a0000)
  eden space 3856000K,   0% used [0x00007fd378600000, 0x00007fd378600000, 0x00007fd463ba0000)
  from space 481984K,  44% used [0x00007fd481250000, 0x00007fd48e217cd0, 0x00007fd49e900000)
  to   space 481984K,   0% used [0x00007fd463ba0000, 0x00007fd463ba0000, 0x00007fd481250000)
 tenured generation   total 9656216K, used 9649436K [0x00007fde230a0000, 0x00007fe070686000, 0x00007ff378600000)
   the space 9656216K,  99% used [0x00007fde230a0000, 0x00007fe06ffe7050, 0x00007fe06ffe7200, 0x00007fe070686000)
 Metaspace       used 24249K, capacity 24638K, committed 24832K, reserved 26624K
}

