# JRE version: OpenJDK Runtime Environment (13.0.7+5) (build 13.0.7+5-Ubuntu-0ubuntu120.04)
# Java VM: OpenJDK 64-Bit Server VM (13.0.7+5-Ubuntu-0ubuntu120.04, mixed mode, tiered, serial gc, linux-amd64)
Heap:
 def new generation   total 4869888K, used 156258K [0x00007f9150600000, 0x00007f929aa20000, 0x00007f96a5b50000)
  eden space 4328832K,   3% used [0x00007f9150600000, 0x00007f9159e98818, 0x00007f9258960000)
  from space 541056K,   0% used [0x00007f92799c0000, 0x00007f92799c0000, 0x00007f929aa20000)
  to   space 541056K,   0% used [0x00007f9258960000, 0x00007f9258960000, 0x00007f92799c0000)
 tenured generation   total 10835440K, used 10835439K [0x00007f96a5b50000, 0x00007f993b0cc000, 0x00007fa150600000)
   the space 10835440K,  99% used [0x00007f96a5b50000, 0x00007f993b0cbfc8, 0x00007f993b0cc000, 0x00007f993b0cc000)
 Metaspace       used 24254K, capacity 24710K, committed 24832K, reserved 26624K
GC Heap History (20 events):
Event: 3576.877 GC heap after
{Heap after GC invocations=2615 (full 5):
 def new generation   total 4869888K, used 167398K [0x00007f9150600000, 0x00007f929aa20000, 0x00007f96a5b50000)
  eden space 4328832K,   0% used [0x00007f9150600000, 0x00007f9150600000, 0x00007f9258960000)
  from space 541056K,  30% used [0x00007f9258960000, 0x00007f9262cd9a50, 0x00007f92799c0000)
  to   space 541056K,   0% used [0x00007f92799c0000, 0x00007f92799c0000, 0x00007f929aa20000)
 tenured generation   total 10821808K, used 10730528K [0x00007f96a5b50000, 0x00007f993a37c000, 0x00007fa150600000)
   the space 10821808K,  99% used [0x00007f96a5b50000, 0x00007f9934a582b8, 0x00007f9934a58400, 0x00007f993a37c000)
 Metaspace       used 24254K, capacity 24710K, committed 24832K, reserved 26624K
}
Event: 3579.695 GC heap before
{Heap before GC invocations=2615 (full 5):
 def new generation   total 4869888K, used 4496230K [0x00007f9150600000, 0x00007f929aa20000, 0x00007f96a5b50000)
  eden space 4328832K, 100% used [0x00007f9150600000, 0x00007f9258960000, 0x00007f9258960000)
  from space 541056K,  30% used [0x00007f9258960000, 0x00007f9262cd9a50, 0x00007f92799c0000)
  to   space 541056K,   0% used [0x00007f92799c0000, 0x00007f92799c0000, 0x00007f929aa20000)
 tenured generation   total 10821808K, used 10730528K [0x00007f96a5b50000, 0x00007f993a37c000, 0x00007fa150600000)
   the space 10821808K,  99% used [0x00007f96a5b50000, 0x00007f9934a582b8, 0x00007f9934a58400, 0x00007f993a37c000)
 Metaspace       used 24254K, capacity 24710K, committed 24832K, reserved 26624K
}
Event: 3579.890 GC heap after
{Heap after GC invocations=2616 (full 5):
 def new generation   total 4869888K, used 166985K [0x00007f9150600000, 0x00007f929aa20000, 0x00007f96a5b50000)
  eden space 4328832K,   0% used [0x00007f9150600000, 0x00007f9150600000, 0x00007f9258960000)
  from space 541056K,  30% used [0x00007f92799c0000, 0x00007f9283cd2690, 0x00007f929aa20000)
  to   space 541056K,   0% used [0x00007f9258960000, 0x00007f9258960000, 0x00007f92799c0000)
 tenured generation   total 10821808K, used 10738850K [0x00007f96a5b50000, 0x00007f993a37c000, 0x00007fa150600000)
   the space 10821808K,  99% used [0x00007f96a5b50000, 0x00007f9935278b60, 0x00007f9935278c00, 0x00007f993a37c000)
 Metaspace       used 24254K, capacity 24710K, committed 24832K, reserved 26624K
}
Event: 3582.694 GC heap before
{Heap before GC invocations=2616 (full 5):
 def new generation   total 4869888K, used 4495817K [0x00007f9150600000, 0x00007f929aa20000, 0x00007f96a5b50000)
  eden space 4328832K, 100% used [0x00007f9150600000, 0x00007f9258960000, 0x00007f9258960000)
  from space 541056K,  30% used [0x00007f92799c0000, 0x00007f9283cd2690, 0x00007f929aa20000)
  to   space 541056K,   0% used [0x00007f9258960000, 0x00007f9258960000, 0x00007f92799c0000)
 tenured generation   total 10821808K, used 10738850K [0x00007f96a5b50000, 0x00007f993a37c000, 0x00007fa150600000)
   the space 10821808K,  99% used [0x00007f96a5b50000, 0x00007f9935278b60, 0x00007f9935278c00, 0x00007f993a37c000)
 Metaspace       used 24254K, capacity 24710K, committed 24832K, reserved 26624K
}
Event: 3582.917 GC heap after
{Heap after GC invocations=2617 (full 5):
 def new generation   total 4869888K, used 173648K [0x00007f9150600000, 0x00007f929aa20000, 0x00007f96a5b50000)
  eden space 4328832K,   0% used [0x00007f9150600000, 0x00007f9150600000, 0x00007f9258960000)
  from space 541056K,  32% used [0x00007f9258960000, 0x00007f92632f41a0, 0x00007f92799c0000)
  to   space 541056K,   0% used [0x00007f92799c0000, 0x00007f92799c0000, 0x00007f929aa20000)
 tenured generation   total 10821808K, used 10746754K [0x00007f96a5b50000, 0x00007f993a37c000, 0x00007fa150600000)
   the space 10821808K,  99% used [0x00007f96a5b50000, 0x00007f9935a30b50, 0x00007f9935a30c00, 0x00007f993a37c000)
 Metaspace       used 24254K, capacity 24710K, committed 24832K, reserved 26624K
}
Event: 3585.843 GC heap before
{Heap before GC invocations=2617 (full 5):
 def new generation   total 4869888K, used 4502480K [0x00007f9150600000, 0x00007f929aa20000, 0x00007f96a5b50000)
  eden space 4328832K, 100% used [0x00007f9150600000, 0x00007f9258960000, 0x00007f9258960000)
  from space 541056K,  32% used [0x00007f9258960000, 0x00007f92632f41a0, 0x00007f92799c0000)
  to   space 541056K,   0% used [0x00007f92799c0000, 0x00007f92799c0000, 0x00007f929aa20000)
 tenured generation   total 10821808K, used 10746754K [0x00007f96a5b50000, 0x00007f993a37c000, 0x00007fa150600000)
   the space 10821808K,  99% used [0x00007f96a5b50000, 0x00007f9935a30b50, 0x00007f9935a30c00, 0x00007f993a37c000)
 Metaspace       used 24254K, capacity 24710K, committed 24832K, reserved 26624K
}
Event: 3586.034 GC heap after
{Heap after GC invocations=2618 (full 5):
 def new generation   total 4869888K, used 167182K [0x00007f9150600000, 0x00007f929aa20000, 0x00007f96a5b50000)
  eden space 4328832K,   0% used [0x00007f9150600000, 0x00007f9150600000, 0x00007f9258960000)
  from space 541056K,  30% used [0x00007f92799c0000, 0x00007f9283d03be0, 0x00007f929aa20000)
  to   space 541056K,   0% used [0x00007f9258960000, 0x00007f9258960000, 0x00007f92799c0000)
 tenured generation   total 10821808K, used 10761135K [0x00007f96a5b50000, 0x00007f993a37c000, 0x00007fa150600000)
   the space 10821808K,  99% used [0x00007f96a5b50000, 0x00007f993683bdb8, 0x00007f993683be00, 0x00007f993a37c000)
 Metaspace       used 24254K, capacity 24710K, committed 24832K, reserved 26624K
}
Event: 3588.846 GC heap before
{Heap before GC invocations=2618 (full 5):
 def new generation   total 4869888K, used 4496014K [0x00007f9150600000, 0x00007f929aa20000, 0x00007f96a5b50000)
  eden space 4328832K, 100% used [0x00007f9150600000, 0x00007f9258960000, 0x00007f9258960000)
  from space 541056K,  30% used [0x00007f92799c0000, 0x00007f9283d03be0, 0x00007f929aa20000)
  to   space 541056K,   0% used [0x00007f9258960000, 0x00007f9258960000, 0x00007f92799c0000)
 tenured generation   total 10821808K, used 10761135K [0x00007f96a5b50000, 0x00007f993a37c000, 0x00007fa150600000)
   the space 10821808K,  99% used [0x00007f96a5b50000, 0x00007f993683bdb8, 0x00007f993683be00, 0x00007f993a37c000)
 Metaspace       used 24254K, capacity 24710K, committed 24832K, reserved 26624K
}
Event: 3589.072 GC heap after
{Heap after GC invocations=2619 (full 5):
 def new generation   total 4869888K, used 176077K [0x00007f9150600000, 0x00007f929aa20000, 0x00007f96a5b50000)
  eden space 4328832K,   0% used [0x00007f9150600000, 0x00007f9150600000, 0x00007f9258960000)
  from space 541056K,  32% used [0x00007f9258960000, 0x00007f92635535d0, 0x00007f92799c0000)
  to   space 541056K,   0% used [0x00007f92799c0000, 0x00007f92799c0000, 0x00007f929aa20000)
 tenured generation   total 10821808K, used 10769039K [0x00007f96a5b50000, 0x00007f993a37c000, 0x00007fa150600000)
   the space 10821808K,  99% used [0x00007f96a5b50000, 0x00007f9936ff3da8, 0x00007f9936ff3e00, 0x00007f993a37c000)
 Metaspace       used 24254K, capacity 24710K, committed 24832K, reserved 26624K
}
Event: 3592.344 GC heap before
{Heap before GC invocations=2619 (full 5):
 def new generation   total 4869888K, used 4504909K [0x00007f9150600000, 0x00007f929aa20000, 0x00007f96a5b50000)
  eden space 4328832K, 100% used [0x00007f9150600000, 0x00007f9258960000, 0x00007f9258960000)
  from space 541056K,  32% used [0x00007f9258960000, 0x00007f92635535d0, 0x00007f92799c0000)
  to   space 541056K,   0% used [0x00007f92799c0000, 0x00007f92799c0000, 0x00007f929aa20000)
 tenured generation   total 10821808K, used 10769039K [0x00007f96a5b50000, 0x00007f993a37c000, 0x00007fa150600000)
   the space 10821808K,  99% used [0x00007f96a5b50000, 0x00007f9936ff3da8, 0x00007f9936ff3e00, 0x00007f993a37c000)
 Metaspace       used 24254K, capacity 24710K, committed 24832K, reserved 26624K
}
Event: 3592.545 GC heap after
{Heap after GC invocations=2620 (full 5):
 def new generation   total 4869888K, used 169612K [0x00007f9150600000, 0x00007f929aa20000, 0x00007f96a5b50000)
  eden space 4328832K,   0% used [0x00007f9150600000, 0x00007f9150600000, 0x00007f9258960000)
  from space 541056K,  31% used [0x00007f92799c0000, 0x00007f9283f63020, 0x00007f929aa20000)
  to   space 541056K,   0% used [0x00007f9258960000, 0x00007f9258960000, 0x00007f92799c0000)
 tenured generation   total 10821808K, used 10783053K [0x00007f96a5b50000, 0x00007f993a37c000, 0x00007fa150600000)
   the space 10821808K,  99% used [0x00007f96a5b50000, 0x00007f9937da3438, 0x00007f9937da3600, 0x00007f993a37c000)
 Metaspace       used 24254K, capacity 24710K, committed 24832K, reserved 26624K
}
Event: 3595.928 GC heap before
{Heap before GC invocations=2620 (full 5):
 def new generation   total 4869888K, used 4498444K [0x00007f9150600000, 0x00007f929aa20000, 0x00007f96a5b50000)
  eden space 4328832K, 100% used [0x00007f9150600000, 0x00007f9258960000, 0x00007f9258960000)
  from space 541056K,  31% used [0x00007f92799c0000, 0x00007f9283f63020, 0x00007f929aa20000)
  to   space 541056K,   0% used [0x00007f9258960000, 0x00007f9258960000, 0x00007f92799c0000)
 tenured generation   total 10821808K, used 10783053K [0x00007f96a5b50000, 0x00007f993a37c000, 0x00007fa150600000)
   the space 10821808K,  99% used [0x00007f96a5b50000, 0x00007f9937da3438, 0x00007f9937da3600, 0x00007f993a37c000)
 Metaspace       used 24254K, capacity 24710K, committed 24832K, reserved 26624K
}
Event: 3596.127 GC heap after
{Heap after GC invocations=2621 (full 5):
 def new generation   total 4869888K, used 171780K [0x00007f9150600000, 0x00007f929aa20000, 0x00007f96a5b50000)
  eden space 4328832K,   0% used [0x00007f9150600000, 0x00007f9150600000, 0x00007f9258960000)
  from space 541056K,  31% used [0x00007f9258960000, 0x00007f9263121180, 0x00007f92799c0000)
  to   space 541056K,   0% used [0x00007f92799c0000, 0x00007f92799c0000, 0x00007f929aa20000)
 tenured generation   total 10821808K, used 10791534K [0x00007f96a5b50000, 0x00007f993a37c000, 0x00007fa150600000)
   the space 10821808K,  99% used [0x00007f96a5b50000, 0x00007f99385eba00, 0x00007f99385eba00, 0x00007f993a37c000)
 Metaspace       used 24254K, capacity 24710K, committed 24832K, reserved 26624K
}
Event: 3599.357 GC heap before
{Heap before GC invocations=2621 (full 5):
 def new generation   total 4869888K, used 4500612K [0x00007f9150600000, 0x00007f929aa20000, 0x00007f96a5b50000)
  eden space 4328832K, 100% used [0x00007f9150600000, 0x00007f9258960000, 0x00007f9258960000)
  from space 541056K,  31% used [0x00007f9258960000, 0x00007f9263121180, 0x00007f92799c0000)
  to   space 541056K,   0% used [0x00007f92799c0000, 0x00007f92799c0000, 0x00007f929aa20000)
 tenured generation   total 10821808K, used 10791534K [0x00007f96a5b50000, 0x00007f993a37c000, 0x00007fa150600000)
   the space 10821808K,  99% used [0x00007f96a5b50000, 0x00007f99385eba00, 0x00007f99385eba00, 0x00007f993a37c000)
 Metaspace       used 24254K, capacity 24710K, committed 24832K, reserved 26624K
}
Event: 3599.574 GC heap after
{Heap after GC invocations=2622 (full 5):
 def new generation   total 4869888K, used 174329K [0x00007f9150600000, 0x00007f929aa20000, 0x00007f96a5b50000)
  eden space 4328832K,   0% used [0x00007f9150600000, 0x00007f9150600000, 0x00007f9258960000)
  from space 541056K,  32% used [0x00007f92799c0000, 0x00007f92843fe5d8, 0x00007f929aa20000)
  to   space 541056K,   0% used [0x00007f9258960000, 0x00007f9258960000, 0x00007f92799c0000)
 tenured generation   total 10821808K, used 10801596K [0x00007f96a5b50000, 0x00007f993a37c000, 0x00007fa150600000)
   the space 10821808K,  99% used [0x00007f96a5b50000, 0x00007f9938fbf220, 0x00007f9938fbf400, 0x00007f993a37c000)
 Metaspace       used 24254K, capacity 24710K, committed 24832K, reserved 26624K
}
Event: 3602.769 GC heap before
{Heap before GC invocations=2622 (full 5):
 def new generation   total 4869888K, used 4503161K [0x00007f9150600000, 0x00007f929aa20000, 0x00007f96a5b50000)
  eden space 4328832K, 100% used [0x00007f9150600000, 0x00007f9258960000, 0x00007f9258960000)
  from space 541056K,  32% used [0x00007f92799c0000, 0x00007f92843fe5d8, 0x00007f929aa20000)
  to   space 541056K,   0% used [0x00007f9258960000, 0x00007f9258960000, 0x00007f92799c0000)
 tenured generation   total 10821808K, used 10801596K [0x00007f96a5b50000, 0x00007f993a37c000, 0x00007fa150600000)
   the space 10821808K,  99% used [0x00007f96a5b50000, 0x00007f9938fbf220, 0x00007f9938fbf400, 0x00007f993a37c000)
 Metaspace       used 24254K, capacity 24710K, committed 24832K, reserved 26624K
}
Event: 3603.056 GC heap after
{Heap after GC invocations=2623 (full 5):
 def new generation   total 4869888K, used 168200K [0x00007f9150600000, 0x00007f929aa20000, 0x00007f96a5b50000)
  eden space 4328832K,   0% used [0x00007f9150600000, 0x00007f9150600000, 0x00007f9258960000)
  from space 541056K,  31% used [0x00007f9258960000, 0x00007f9262da2280, 0x00007f92799c0000)
  to   space 541056K,   0% used [0x00007f92799c0000, 0x00007f92799c0000, 0x00007f929aa20000)
 tenured generation   total 10821808K, used 10815608K [0x00007f96a5b50000, 0x00007f993a37c000, 0x00007fa150600000)
   the space 10821808K,  99% used [0x00007f96a5b50000, 0x00007f9939d6e1e8, 0x00007f9939d6e200, 0x00007f993a37c000)
 Metaspace       used 24254K, capacity 24710K, committed 24832K, reserved 26624K
}
Event: 3606.027 GC heap before
{Heap before GC invocations=2623 (full 5):
 def new generation   total 4869888K, used 4497032K [0x00007f9150600000, 0x00007f929aa20000, 0x00007f96a5b50000)
  eden space 4328832K, 100% used [0x00007f9150600000, 0x00007f9258960000, 0x00007f9258960000)
  from space 541056K,  31% used [0x00007f9258960000, 0x00007f9262da2280, 0x00007f92799c0000)
  to   space 541056K,   0% used [0x00007f92799c0000, 0x00007f92799c0000, 0x00007f929aa20000)
 tenured generation   total 10821808K, used 10815608K [0x00007f96a5b50000, 0x00007f993a37c000, 0x00007fa150600000)
   the space 10821808K,  99% used [0x00007f96a5b50000, 0x00007f9939d6e1e8, 0x00007f9939d6e200, 0x00007f993a37c000)
 Metaspace       used 24254K, capacity 24710K, committed 24832K, reserved 26624K
}
Event: 3606.340 GC heap after
{Heap after GC invocations=2624 (full 5):
 def new generation   total 4869888K, used 156338K [0x00007f9150600000, 0x00007f929aa20000, 0x00007f96a5b50000)
  eden space 4328832K,   0% used [0x00007f9150600000, 0x00007f9150600000, 0x00007f9258960000)
  from space 541056K,  28% used [0x00007f92799c0000, 0x00007f928326c9d8, 0x00007f929aa20000)
  to   space 541056K,   0% used [0x00007f9258960000, 0x00007f9258960000, 0x00007f92799c0000)
 tenured generation   total 10835440K, used 10835359K [0x00007f96a5b50000, 0x00007f993b0cc000, 0x00007fa150600000)
   the space 10835440K,  99% used [0x00007f96a5b50000, 0x00007f993b0b7e08, 0x00007f993b0b8000, 0x00007f993b0cc000)
 Metaspace       used 24254K, capacity 24710K, committed 24832K, reserved 26624K
}
Event: 3606.340 GC heap before
{Heap before GC invocations=2624 (full 5):
 def new generation   total 4869888K, used 156338K [0x00007f9150600000, 0x00007f929aa20000, 0x00007f96a5b50000)
  eden space 4328832K,   0% used [0x00007f9150600000, 0x00007f9150600000, 0x00007f9258960000)
  from space 541056K,  28% used [0x00007f92799c0000, 0x00007f928326c9d8, 0x00007f929aa20000)
  to   space 541056K,   0% used [0x00007f9258960000, 0x00007f9258960000, 0x00007f92799c0000)
 tenured generation   total 10835440K, used 10835359K [0x00007f96a5b50000, 0x00007f993b0cc000, 0x00007fa150600000)
   the space 10835440K,  99% used [0x00007f96a5b50000, 0x00007f993b0b7e08, 0x00007f993b0b8000, 0x00007f993b0cc000)
 Metaspace       used 24254K, capacity 24710K, committed 24832K, reserved 26624K
}

