# JRE version: OpenJDK Runtime Environment (13.0.7+5) (build 13.0.7+5-Ubuntu-0ubuntu120.04)
# Java VM: OpenJDK 64-Bit Server VM (13.0.7+5-Ubuntu-0ubuntu120.04, mixed mode, tiered, serial gc, linux-amd64)
Heap:
 def new generation   total 629248K, used 8838K [0x00007f1748600000, 0x00007f17730c0000, 0x00007f1c9db50000)
  eden space 559360K,   1% used [0x00007f1748600000, 0x00007f1748ea1b00, 0x00007f176a840000)
  from space 69888K,   0% used [0x00007f176a840000, 0x00007f176a840000, 0x00007f176ec80000)
  to   space 69888K,   0% used [0x00007f176ec80000, 0x00007f176ec80000, 0x00007f17730c0000)
 tenured generation   total 1398336K, used 1398336K [0x00007f1c9db50000, 0x00007f1cf30e0000, 0x00007f2748600000)
   the space 1398336K, 100% used [0x00007f1c9db50000, 0x00007f1cf30e0000, 0x00007f1cf30e0000, 0x00007f1cf30e0000)
 Metaspace       used 24360K, capacity 24757K, committed 24832K, reserved 26624K
GC Heap History (20 events):
Event: 758.486 GC heap after
{Heap after GC invocations=2280 (full 1):
 def new generation   total 629248K, used 8656K [0x00007f1748600000, 0x00007f17730c0000, 0x00007f1c9db50000)
  eden space 559360K,   0% used [0x00007f1748600000, 0x00007f1748600000, 0x00007f176a840000)
  from space 69888K,  12% used [0x00007f176ec80000, 0x00007f176f4f42d0, 0x00007f17730c0000)
  to   space 69888K,   0% used [0x00007f176a840000, 0x00007f176a840000, 0x00007f176ec80000)
 tenured generation   total 1398144K, used 1392714K [0x00007f1c9db50000, 0x00007f1cf30b0000, 0x00007f2748600000)
   the space 1398144K,  99% used [0x00007f1c9db50000, 0x00007f1cf2b62af0, 0x00007f1cf2b62c00, 0x00007f1cf30b0000)
 Metaspace       used 24360K, capacity 24757K, committed 24832K, reserved 26624K
}
Event: 758.798 GC heap before
{Heap before GC invocations=2280 (full 1):
 def new generation   total 629248K, used 568016K [0x00007f1748600000, 0x00007f17730c0000, 0x00007f1c9db50000)
  eden space 559360K, 100% used [0x00007f1748600000, 0x00007f176a840000, 0x00007f176a840000)
  from space 69888K,  12% used [0x00007f176ec80000, 0x00007f176f4f42d0, 0x00007f17730c0000)
  to   space 69888K,   0% used [0x00007f176a840000, 0x00007f176a840000, 0x00007f176ec80000)
 tenured generation   total 1398144K, used 1392714K [0x00007f1c9db50000, 0x00007f1cf30b0000, 0x00007f2748600000)
   the space 1398144K,  99% used [0x00007f1c9db50000, 0x00007f1cf2b62af0, 0x00007f1cf2b62c00, 0x00007f1cf30b0000)
 Metaspace       used 24360K, capacity 24757K, committed 24832K, reserved 26624K
}
Event: 758.811 GC heap after
{Heap after GC invocations=2281 (full 1):
 def new generation   total 629248K, used 8723K [0x00007f1748600000, 0x00007f17730c0000, 0x00007f1c9db50000)
  eden space 559360K,   0% used [0x00007f1748600000, 0x00007f1748600000, 0x00007f176a840000)
  from space 69888K,  12% used [0x00007f176a840000, 0x00007f176b0c4ca8, 0x00007f176ec80000)
  to   space 69888K,   0% used [0x00007f176ec80000, 0x00007f176ec80000, 0x00007f17730c0000)
 tenured generation   total 1398144K, used 1393175K [0x00007f1c9db50000, 0x00007f1cf30b0000, 0x00007f2748600000)
   the space 1398144K,  99% used [0x00007f1c9db50000, 0x00007f1cf2bd5f10, 0x00007f1cf2bd6000, 0x00007f1cf30b0000)
 Metaspace       used 24360K, capacity 24757K, committed 24832K, reserved 26624K
}
Event: 759.130 GC heap before
{Heap before GC invocations=2281 (full 1):
 def new generation   total 629248K, used 568083K [0x00007f1748600000, 0x00007f17730c0000, 0x00007f1c9db50000)
  eden space 559360K, 100% used [0x00007f1748600000, 0x00007f176a840000, 0x00007f176a840000)
  from space 69888K,  12% used [0x00007f176a840000, 0x00007f176b0c4ca8, 0x00007f176ec80000)
  to   space 69888K,   0% used [0x00007f176ec80000, 0x00007f176ec80000, 0x00007f17730c0000)
 tenured generation   total 1398144K, used 1393175K [0x00007f1c9db50000, 0x00007f1cf30b0000, 0x00007f2748600000)
   the space 1398144K,  99% used [0x00007f1c9db50000, 0x00007f1cf2bd5f10, 0x00007f1cf2bd6000, 0x00007f1cf30b0000)
 Metaspace       used 24360K, capacity 24757K, committed 24832K, reserved 26624K
}
Event: 759.145 GC heap after
{Heap after GC invocations=2282 (full 1):
 def new generation   total 629248K, used 9048K [0x00007f1748600000, 0x00007f17730c0000, 0x00007f1c9db50000)
  eden space 559360K,   0% used [0x00007f1748600000, 0x00007f1748600000, 0x00007f176a840000)
  from space 69888K,  12% used [0x00007f176ec80000, 0x00007f176f556290, 0x00007f17730c0000)
  to   space 69888K,   0% used [0x00007f176a840000, 0x00007f176a840000, 0x00007f176ec80000)
 tenured generation   total 1398144K, used 1393793K [0x00007f1c9db50000, 0x00007f1cf30b0000, 0x00007f2748600000)
   the space 1398144K,  99% used [0x00007f1c9db50000, 0x00007f1cf2c70550, 0x00007f1cf2c70600, 0x00007f1cf30b0000)
 Metaspace       used 24360K, capacity 24757K, committed 24832K, reserved 26624K
}
Event: 759.462 GC heap before
{Heap before GC invocations=2282 (full 1):
 def new generation   total 629248K, used 568408K [0x00007f1748600000, 0x00007f17730c0000, 0x00007f1c9db50000)
  eden space 559360K, 100% used [0x00007f1748600000, 0x00007f176a840000, 0x00007f176a840000)
  from space 69888K,  12% used [0x00007f176ec80000, 0x00007f176f556290, 0x00007f17730c0000)
  to   space 69888K,   0% used [0x00007f176a840000, 0x00007f176a840000, 0x00007f176ec80000)
 tenured generation   total 1398144K, used 1393793K [0x00007f1c9db50000, 0x00007f1cf30b0000, 0x00007f2748600000)
   the space 1398144K,  99% used [0x00007f1c9db50000, 0x00007f1cf2c70550, 0x00007f1cf2c70600, 0x00007f1cf30b0000)
 Metaspace       used 24360K, capacity 24757K, committed 24832K, reserved 26624K
}
Event: 759.477 GC heap after
{Heap after GC invocations=2283 (full 1):
 def new generation   total 629248K, used 9387K [0x00007f1748600000, 0x00007f17730c0000, 0x00007f1c9db50000)
  eden space 559360K,   0% used [0x00007f1748600000, 0x00007f1748600000, 0x00007f176a840000)
  from space 69888K,  13% used [0x00007f176a840000, 0x00007f176b16af90, 0x00007f176ec80000)
  to   space 69888K,   0% used [0x00007f176ec80000, 0x00007f176ec80000, 0x00007f17730c0000)
 tenured generation   total 1398144K, used 1394400K [0x00007f1c9db50000, 0x00007f1cf30b0000, 0x00007f2748600000)
   the space 1398144K,  99% used [0x00007f1c9db50000, 0x00007f1cf2d08080, 0x00007f1cf2d08200, 0x00007f1cf30b0000)
 Metaspace       used 24360K, capacity 24757K, committed 24832K, reserved 26624K
}
Event: 759.801 GC heap before
{Heap before GC invocations=2283 (full 1):
 def new generation   total 629248K, used 568747K [0x00007f1748600000, 0x00007f17730c0000, 0x00007f1c9db50000)
  eden space 559360K, 100% used [0x00007f1748600000, 0x00007f176a840000, 0x00007f176a840000)
  from space 69888K,  13% used [0x00007f176a840000, 0x00007f176b16af90, 0x00007f176ec80000)
  to   space 69888K,   0% used [0x00007f176ec80000, 0x00007f176ec80000, 0x00007f17730c0000)
 tenured generation   total 1398144K, used 1394400K [0x00007f1c9db50000, 0x00007f1cf30b0000, 0x00007f2748600000)
   the space 1398144K,  99% used [0x00007f1c9db50000, 0x00007f1cf2d08080, 0x00007f1cf2d08200, 0x00007f1cf30b0000)
 Metaspace       used 24360K, capacity 24757K, committed 24832K, reserved 26624K
}
Event: 759.816 GC heap after
{Heap after GC invocations=2284 (full 1):
 def new generation   total 629248K, used 9863K [0x00007f1748600000, 0x00007f17730c0000, 0x00007f1c9db50000)
  eden space 559360K,   0% used [0x00007f1748600000, 0x00007f1748600000, 0x00007f176a840000)
  from space 69888K,  14% used [0x00007f176ec80000, 0x00007f176f621d28, 0x00007f17730c0000)
  to   space 69888K,   0% used [0x00007f176a840000, 0x00007f176a840000, 0x00007f176ec80000)
 tenured generation   total 1398144K, used 1394737K [0x00007f1c9db50000, 0x00007f1cf30b0000, 0x00007f2748600000)
   the space 1398144K,  99% used [0x00007f1c9db50000, 0x00007f1cf2d5c6f0, 0x00007f1cf2d5c800, 0x00007f1cf30b0000)
 Metaspace       used 24360K, capacity 24757K, committed 24832K, reserved 26624K
}
Event: 760.137 GC heap before
{Heap before GC invocations=2284 (full 1):
 def new generation   total 629248K, used 569223K [0x00007f1748600000, 0x00007f17730c0000, 0x00007f1c9db50000)
  eden space 559360K, 100% used [0x00007f1748600000, 0x00007f176a840000, 0x00007f176a840000)
  from space 69888K,  14% used [0x00007f176ec80000, 0x00007f176f621d28, 0x00007f17730c0000)
  to   space 69888K,   0% used [0x00007f176a840000, 0x00007f176a840000, 0x00007f176ec80000)
 tenured generation   total 1398144K, used 1394737K [0x00007f1c9db50000, 0x00007f1cf30b0000, 0x00007f2748600000)
   the space 1398144K,  99% used [0x00007f1c9db50000, 0x00007f1cf2d5c6f0, 0x00007f1cf2d5c800, 0x00007f1cf30b0000)
 Metaspace       used 24360K, capacity 24757K, committed 24832K, reserved 26624K
}
Event: 760.151 GC heap after
{Heap after GC invocations=2285 (full 1):
 def new generation   total 629248K, used 9598K [0x00007f1748600000, 0x00007f17730c0000, 0x00007f1c9db50000)
  eden space 559360K,   0% used [0x00007f1748600000, 0x00007f1748600000, 0x00007f176a840000)
  from space 69888K,  13% used [0x00007f176a840000, 0x00007f176b19fb78, 0x00007f176ec80000)
  to   space 69888K,   0% used [0x00007f176ec80000, 0x00007f176ec80000, 0x00007f17730c0000)
 tenured generation   total 1398144K, used 1395355K [0x00007f1c9db50000, 0x00007f1cf30b0000, 0x00007f2748600000)
   the space 1398144K,  99% used [0x00007f1c9db50000, 0x00007f1cf2df6e50, 0x00007f1cf2df7000, 0x00007f1cf30b0000)
 Metaspace       used 24360K, capacity 24757K, committed 24832K, reserved 26624K
}
Event: 760.465 GC heap before
{Heap before GC invocations=2285 (full 1):
 def new generation   total 629248K, used 568958K [0x00007f1748600000, 0x00007f17730c0000, 0x00007f1c9db50000)
  eden space 559360K, 100% used [0x00007f1748600000, 0x00007f176a840000, 0x00007f176a840000)
  from space 69888K,  13% used [0x00007f176a840000, 0x00007f176b19fb78, 0x00007f176ec80000)
  to   space 69888K,   0% used [0x00007f176ec80000, 0x00007f176ec80000, 0x00007f17730c0000)
 tenured generation   total 1398144K, used 1395355K [0x00007f1c9db50000, 0x00007f1cf30b0000, 0x00007f2748600000)
   the space 1398144K,  99% used [0x00007f1c9db50000, 0x00007f1cf2df6e50, 0x00007f1cf2df7000, 0x00007f1cf30b0000)
 Metaspace       used 24360K, capacity 24757K, committed 24832K, reserved 26624K
}
Event: 760.480 GC heap after
{Heap after GC invocations=2286 (full 1):
 def new generation   total 629248K, used 9427K [0x00007f1748600000, 0x00007f17730c0000, 0x00007f1c9db50000)
  eden space 559360K,   0% used [0x00007f1748600000, 0x00007f1748600000, 0x00007f176a840000)
  from space 69888K,  13% used [0x00007f176ec80000, 0x00007f176f5b4f60, 0x00007f17730c0000)
  to   space 69888K,   0% used [0x00007f176a840000, 0x00007f176a840000, 0x00007f176ec80000)
 tenured generation   total 1398144K, used 1395961K [0x00007f1c9db50000, 0x00007f1cf30b0000, 0x00007f2748600000)
   the space 1398144K,  99% used [0x00007f1c9db50000, 0x00007f1cf2e8e6d8, 0x00007f1cf2e8e800, 0x00007f1cf30b0000)
 Metaspace       used 24360K, capacity 24757K, committed 24832K, reserved 26624K
}
Event: 760.798 GC heap before
{Heap before GC invocations=2286 (full 1):
 def new generation   total 629248K, used 568787K [0x00007f1748600000, 0x00007f17730c0000, 0x00007f1c9db50000)
  eden space 559360K, 100% used [0x00007f1748600000, 0x00007f176a840000, 0x00007f176a840000)
  from space 69888K,  13% used [0x00007f176ec80000, 0x00007f176f5b4f60, 0x00007f17730c0000)
  to   space 69888K,   0% used [0x00007f176a840000, 0x00007f176a840000, 0x00007f176ec80000)
 tenured generation   total 1398144K, used 1395961K [0x00007f1c9db50000, 0x00007f1cf30b0000, 0x00007f2748600000)
   the space 1398144K,  99% used [0x00007f1c9db50000, 0x00007f1cf2e8e6d8, 0x00007f1cf2e8e800, 0x00007f1cf30b0000)
 Metaspace       used 24360K, capacity 24757K, committed 24832K, reserved 26624K
}
Event: 760.813 GC heap after
{Heap after GC invocations=2287 (full 1):
 def new generation   total 629248K, used 9211K [0x00007f1748600000, 0x00007f17730c0000, 0x00007f1c9db50000)
  eden space 559360K,   0% used [0x00007f1748600000, 0x00007f1748600000, 0x00007f176a840000)
  from space 69888K,  13% used [0x00007f176a840000, 0x00007f176b13ef38, 0x00007f176ec80000)
  to   space 69888K,   0% used [0x00007f176ec80000, 0x00007f176ec80000, 0x00007f17730c0000)
 tenured generation   total 1398144K, used 1396903K [0x00007f1c9db50000, 0x00007f1cf30b0000, 0x00007f2748600000)
   the space 1398144K,  99% used [0x00007f1c9db50000, 0x00007f1cf2f79f90, 0x00007f1cf2f7a000, 0x00007f1cf30b0000)
 Metaspace       used 24360K, capacity 24757K, committed 24832K, reserved 26624K
}
Event: 761.128 GC heap before
{Heap before GC invocations=2287 (full 1):
 def new generation   total 629248K, used 568571K [0x00007f1748600000, 0x00007f17730c0000, 0x00007f1c9db50000)
  eden space 559360K, 100% used [0x00007f1748600000, 0x00007f176a840000, 0x00007f176a840000)
  from space 69888K,  13% used [0x00007f176a840000, 0x00007f176b13ef38, 0x00007f176ec80000)
  to   space 69888K,   0% used [0x00007f176ec80000, 0x00007f176ec80000, 0x00007f17730c0000)
 tenured generation   total 1398144K, used 1396903K [0x00007f1c9db50000, 0x00007f1cf30b0000, 0x00007f2748600000)
   the space 1398144K,  99% used [0x00007f1c9db50000, 0x00007f1cf2f79f90, 0x00007f1cf2f7a000, 0x00007f1cf30b0000)
 Metaspace       used 24360K, capacity 24757K, committed 24832K, reserved 26624K
}
Event: 761.141 GC heap after
{Heap after GC invocations=2288 (full 1):
 def new generation   total 629248K, used 8767K [0x00007f1748600000, 0x00007f17730c0000, 0x00007f1c9db50000)
  eden space 559360K,   0% used [0x00007f1748600000, 0x00007f1748600000, 0x00007f176a840000)
  from space 69888K,  12% used [0x00007f176ec80000, 0x00007f176f50fe60, 0x00007f17730c0000)
  to   space 69888K,   0% used [0x00007f176a840000, 0x00007f176a840000, 0x00007f176ec80000)
 tenured generation   total 1398144K, used 1397848K [0x00007f1c9db50000, 0x00007f1cf30b0000, 0x00007f2748600000)
   the space 1398144K,  99% used [0x00007f1c9db50000, 0x00007f1cf3066000, 0x00007f1cf3066000, 0x00007f1cf30b0000)
 Metaspace       used 24360K, capacity 24757K, committed 24832K, reserved 26624K
}
Event: 761.447 GC heap before
{Heap before GC invocations=2288 (full 1):
 def new generation   total 629248K, used 568127K [0x00007f1748600000, 0x00007f17730c0000, 0x00007f1c9db50000)
  eden space 559360K, 100% used [0x00007f1748600000, 0x00007f176a840000, 0x00007f176a840000)
  from space 69888K,  12% used [0x00007f176ec80000, 0x00007f176f50fe60, 0x00007f17730c0000)
  to   space 69888K,   0% used [0x00007f176a840000, 0x00007f176a840000, 0x00007f176ec80000)
 tenured generation   total 1398144K, used 1397848K [0x00007f1c9db50000, 0x00007f1cf30b0000, 0x00007f2748600000)
   the space 1398144K,  99% used [0x00007f1c9db50000, 0x00007f1cf3066000, 0x00007f1cf3066000, 0x00007f1cf30b0000)
 Metaspace       used 24360K, capacity 24757K, committed 24832K, reserved 26624K
}
Event: 761.462 GC heap after
{Heap after GC invocations=2289 (full 1):
 def new generation   total 629248K, used 8977K [0x00007f1748600000, 0x00007f17730c0000, 0x00007f1c9db50000)
  eden space 559360K,   0% used [0x00007f1748600000, 0x00007f1748600000, 0x00007f176a840000)
  from space 69888K,  12% used [0x00007f176a840000, 0x00007f176b1046e0, 0x00007f176ec80000)
  to   space 69888K,   0% used [0x00007f176ec80000, 0x00007f176ec80000, 0x00007f17730c0000)
 tenured generation   total 1398336K, used 1398197K [0x00007f1c9db50000, 0x00007f1cf30e0000, 0x00007f2748600000)
   the space 1398336K,  99% used [0x00007f1c9db50000, 0x00007f1cf30bd420, 0x00007f1cf30bd600, 0x00007f1cf30e0000)
 Metaspace       used 24360K, capacity 24757K, committed 24832K, reserved 26624K
}
Event: 761.462 GC heap before
{Heap before GC invocations=2289 (full 1):
 def new generation   total 629248K, used 8977K [0x00007f1748600000, 0x00007f17730c0000, 0x00007f1c9db50000)
  eden space 559360K,   0% used [0x00007f1748600000, 0x00007f1748600000, 0x00007f176a840000)
  from space 69888K,  12% used [0x00007f176a840000, 0x00007f176b1046e0, 0x00007f176ec80000)
  to   space 69888K,   0% used [0x00007f176ec80000, 0x00007f176ec80000, 0x00007f17730c0000)
 tenured generation   total 1398336K, used 1398197K [0x00007f1c9db50000, 0x00007f1cf30e0000, 0x00007f2748600000)
   the space 1398336K,  99% used [0x00007f1c9db50000, 0x00007f1cf30bd420, 0x00007f1cf30bd600, 0x00007f1cf30e0000)
 Metaspace       used 24360K, capacity 24757K, committed 24832K, reserved 26624K
}

