# JRE version: OpenJDK Runtime Environment (13.0.7+5) (build 13.0.7+5-Ubuntu-0ubuntu120.04)
# Java VM: OpenJDK 64-Bit Server VM (13.0.7+5-Ubuntu-0ubuntu120.04, mixed mode, tiered, serial gc, linux-amd64)
Heap:
 def new generation   total 1048832K, used 13191K [0x00007f68b4600000, 0x00007f68fb800000, 0x00007f6e09b50000)
  eden space 932352K,   1% used [0x00007f68b4600000, 0x00007f68b52e1f18, 0x00007f68ed480000)
  from space 116480K,   0% used [0x00007f68f4640000, 0x00007f68f4640000, 0x00007f68fb800000)
  to   space 116480K,   0% used [0x00007f68ed480000, 0x00007f68ed480000, 0x00007f68f4640000)
 tenured generation   total 2398672K, used 2398660K [0x00007f6e09b50000, 0x00007f6e9c1c4000, 0x00007f78b4600000)
   the space 2398672K,  99% used [0x00007f6e09b50000, 0x00007f6e9c1c1358, 0x00007f6e9c1c1400, 0x00007f6e9c1c4000)
 Metaspace       used 24470K, capacity 24930K, committed 25088K, reserved 26624K
GC Heap History (20 events):
Event: 2166.138 GC heap after
{Heap after GC invocations=5303 (full 2):
 def new generation   total 1048832K, used 8679K [0x00007f68b4600000, 0x00007f68fb800000, 0x00007f6e09b50000)
  eden space 932352K,   0% used [0x00007f68b4600000, 0x00007f68b4600000, 0x00007f68ed480000)
  from space 116480K,   7% used [0x00007f68ed480000, 0x00007f68edcf9cb0, 0x00007f68f4640000)
  to   space 116480K,   0% used [0x00007f68f4640000, 0x00007f68f4640000, 0x00007f68fb800000)
 tenured generation   total 2330512K, used 2325374K [0x00007f6e09b50000, 0x00007f6e97f34000, 0x00007f78b4600000)
   the space 2330512K,  99% used [0x00007f6e09b50000, 0x00007f6e97a2fb40, 0x00007f6e97a2fc00, 0x00007f6e97f34000)
 Metaspace       used 24256K, capacity 24657K, committed 24832K, reserved 26624K
}
Event: 2166.657 GC heap before
{Heap before GC invocations=5303 (full 2):
 def new generation   total 1048832K, used 941031K [0x00007f68b4600000, 0x00007f68fb800000, 0x00007f6e09b50000)
  eden space 932352K, 100% used [0x00007f68b4600000, 0x00007f68ed480000, 0x00007f68ed480000)
  from space 116480K,   7% used [0x00007f68ed480000, 0x00007f68edcf9cb0, 0x00007f68f4640000)
  to   space 116480K,   0% used [0x00007f68f4640000, 0x00007f68f4640000, 0x00007f68fb800000)
 tenured generation   total 2330512K, used 2325374K [0x00007f6e09b50000, 0x00007f6e97f34000, 0x00007f78b4600000)
   the space 2330512K,  99% used [0x00007f6e09b50000, 0x00007f6e97a2fb40, 0x00007f6e97a2fc00, 0x00007f6e97f34000)
 Metaspace       used 24256K, capacity 24657K, committed 24832K, reserved 26624K
}
Event: 2166.664 GC heap after
{Heap after GC invocations=5304 (full 2):
 def new generation   total 1048832K, used 8159K [0x00007f68b4600000, 0x00007f68fb800000, 0x00007f6e09b50000)
  eden space 932352K,   0% used [0x00007f68b4600000, 0x00007f68b4600000, 0x00007f68ed480000)
  from space 116480K,   7% used [0x00007f68f4640000, 0x00007f68f4e37f78, 0x00007f68fb800000)
  to   space 116480K,   0% used [0x00007f68ed480000, 0x00007f68ed480000, 0x00007f68f4640000)
 tenured generation   total 2330512K, used 2326355K [0x00007f6e09b50000, 0x00007f6e97f34000, 0x00007f78b4600000)
   the space 2330512K,  99% used [0x00007f6e09b50000, 0x00007f6e97b24eb0, 0x00007f6e97b25000, 0x00007f6e97f34000)
 Metaspace       used 24256K, capacity 24657K, committed 24832K, reserved 26624K
}
Event: 2167.255 GC heap before
{Heap before GC invocations=5304 (full 2):
 def new generation   total 1048832K, used 940511K [0x00007f68b4600000, 0x00007f68fb800000, 0x00007f6e09b50000)
  eden space 932352K, 100% used [0x00007f68b4600000, 0x00007f68ed480000, 0x00007f68ed480000)
  from space 116480K,   7% used [0x00007f68f4640000, 0x00007f68f4e37f78, 0x00007f68fb800000)
  to   space 116480K,   0% used [0x00007f68ed480000, 0x00007f68ed480000, 0x00007f68f4640000)
 tenured generation   total 2330512K, used 2326355K [0x00007f6e09b50000, 0x00007f6e97f34000, 0x00007f78b4600000)
   the space 2330512K,  99% used [0x00007f6e09b50000, 0x00007f6e97b24eb0, 0x00007f6e97b25000, 0x00007f6e97f34000)
 Metaspace       used 24256K, capacity 24657K, committed 24832K, reserved 26624K
}
Event: 2167.264 GC heap after
{Heap after GC invocations=5305 (full 2):
 def new generation   total 1048832K, used 8009K [0x00007f68b4600000, 0x00007f68fb800000, 0x00007f6e09b50000)
  eden space 932352K,   0% used [0x00007f68b4600000, 0x00007f68b4600000, 0x00007f68ed480000)
  from space 116480K,   6% used [0x00007f68ed480000, 0x00007f68edc52730, 0x00007f68f4640000)
  to   space 116480K,   0% used [0x00007f68f4640000, 0x00007f68f4640000, 0x00007f68fb800000)
 tenured generation   total 2330512K, used 2326954K [0x00007f6e09b50000, 0x00007f6e97f34000, 0x00007f78b4600000)
   the space 2330512K,  99% used [0x00007f6e09b50000, 0x00007f6e97bbabb8, 0x00007f6e97bbac00, 0x00007f6e97f34000)
 Metaspace       used 24256K, capacity 24657K, committed 24832K, reserved 26624K
}
Event: 2167.831 GC heap before
{Heap before GC invocations=5305 (full 2):
 def new generation   total 1048832K, used 940361K [0x00007f68b4600000, 0x00007f68fb800000, 0x00007f6e09b50000)
  eden space 932352K, 100% used [0x00007f68b4600000, 0x00007f68ed480000, 0x00007f68ed480000)
  from space 116480K,   6% used [0x00007f68ed480000, 0x00007f68edc52730, 0x00007f68f4640000)
  to   space 116480K,   0% used [0x00007f68f4640000, 0x00007f68f4640000, 0x00007f68fb800000)
 tenured generation   total 2330512K, used 2326954K [0x00007f6e09b50000, 0x00007f6e97f34000, 0x00007f78b4600000)
   the space 2330512K,  99% used [0x00007f6e09b50000, 0x00007f6e97bbabb8, 0x00007f6e97bbac00, 0x00007f6e97f34000)
 Metaspace       used 24256K, capacity 24657K, committed 24832K, reserved 26624K
}
Event: 2167.838 GC heap after
{Heap after GC invocations=5306 (full 2):
 def new generation   total 1048832K, used 8015K [0x00007f68b4600000, 0x00007f68fb800000, 0x00007f6e09b50000)
  eden space 932352K,   0% used [0x00007f68b4600000, 0x00007f68b4600000, 0x00007f68ed480000)
  from space 116480K,   6% used [0x00007f68f4640000, 0x00007f68f4e13d30, 0x00007f68fb800000)
  to   space 116480K,   0% used [0x00007f68ed480000, 0x00007f68ed480000, 0x00007f68f4640000)
 tenured generation   total 2330512K, used 2327339K [0x00007f6e09b50000, 0x00007f6e97f34000, 0x00007f78b4600000)
   the space 2330512K,  99% used [0x00007f6e09b50000, 0x00007f6e97c1af58, 0x00007f6e97c1b000, 0x00007f6e97f34000)
 Metaspace       used 24256K, capacity 24657K, committed 24832K, reserved 26624K
}
Event: 2168.408 GC heap before
{Heap before GC invocations=5306 (full 2):
 def new generation   total 1048832K, used 940367K [0x00007f68b4600000, 0x00007f68fb800000, 0x00007f6e09b50000)
  eden space 932352K, 100% used [0x00007f68b4600000, 0x00007f68ed480000, 0x00007f68ed480000)
  from space 116480K,   6% used [0x00007f68f4640000, 0x00007f68f4e13d30, 0x00007f68fb800000)
  to   space 116480K,   0% used [0x00007f68ed480000, 0x00007f68ed480000, 0x00007f68f4640000)
 tenured generation   total 2330512K, used 2327339K [0x00007f6e09b50000, 0x00007f6e97f34000, 0x00007f78b4600000)
   the space 2330512K,  99% used [0x00007f6e09b50000, 0x00007f6e97c1af58, 0x00007f6e97c1b000, 0x00007f6e97f34000)
 Metaspace       used 24256K, capacity 24657K, committed 24832K, reserved 26624K
}
Event: 2168.414 GC heap after
{Heap after GC invocations=5307 (full 2):
 def new generation   total 1048832K, used 8402K [0x00007f68b4600000, 0x00007f68fb800000, 0x00007f6e09b50000)
  eden space 932352K,   0% used [0x00007f68b4600000, 0x00007f68b4600000, 0x00007f68ed480000)
  from space 116480K,   7% used [0x00007f68ed480000, 0x00007f68edcb4800, 0x00007f68f4640000)
  to   space 116480K,   0% used [0x00007f68f4640000, 0x00007f68f4640000, 0x00007f68fb800000)
 tenured generation   total 2330512K, used 2327777K [0x00007f6e09b50000, 0x00007f6e97f34000, 0x00007f78b4600000)
   the space 2330512K,  99% used [0x00007f6e09b50000, 0x00007f6e97c887d8, 0x00007f6e97c88800, 0x00007f6e97f34000)
 Metaspace       used 24256K, capacity 24657K, committed 24832K, reserved 26624K
}
Event: 2168.940 GC heap before
{Heap before GC invocations=5307 (full 2):
 def new generation   total 1048832K, used 940754K [0x00007f68b4600000, 0x00007f68fb800000, 0x00007f6e09b50000)
  eden space 932352K, 100% used [0x00007f68b4600000, 0x00007f68ed480000, 0x00007f68ed480000)
  from space 116480K,   7% used [0x00007f68ed480000, 0x00007f68edcb4800, 0x00007f68f4640000)
  to   space 116480K,   0% used [0x00007f68f4640000, 0x00007f68f4640000, 0x00007f68fb800000)
 tenured generation   total 2330512K, used 2327777K [0x00007f6e09b50000, 0x00007f6e97f34000, 0x00007f78b4600000)
   the space 2330512K,  99% used [0x00007f6e09b50000, 0x00007f6e97c887d8, 0x00007f6e97c88800, 0x00007f6e97f34000)
 Metaspace       used 24256K, capacity 24657K, committed 24832K, reserved 26624K
}
Event: 2168.950 GC heap after
{Heap after GC invocations=5308 (full 2):
 def new generation   total 1048832K, used 8322K [0x00007f68b4600000, 0x00007f68fb800000, 0x00007f6e09b50000)
  eden space 932352K,   0% used [0x00007f68b4600000, 0x00007f68b4600000, 0x00007f68ed480000)
  from space 116480K,   7% used [0x00007f68f4640000, 0x00007f68f4e60b18, 0x00007f68fb800000)
  to   space 116480K,   0% used [0x00007f68ed480000, 0x00007f68ed480000, 0x00007f68f4640000)
 tenured generation   total 2330512K, used 2328704K [0x00007f6e09b50000, 0x00007f6e97f34000, 0x00007f78b4600000)
   the space 2330512K,  99% used [0x00007f6e09b50000, 0x00007f6e97d70158, 0x00007f6e97d70200, 0x00007f6e97f34000)
 Metaspace       used 24256K, capacity 24657K, committed 24832K, reserved 26624K
}
Event: 2169.508 GC heap before
{Heap before GC invocations=5308 (full 2):
 def new generation   total 1048832K, used 940674K [0x00007f68b4600000, 0x00007f68fb800000, 0x00007f6e09b50000)
  eden space 932352K, 100% used [0x00007f68b4600000, 0x00007f68ed480000, 0x00007f68ed480000)
  from space 116480K,   7% used [0x00007f68f4640000, 0x00007f68f4e60b18, 0x00007f68fb800000)
  to   space 116480K,   0% used [0x00007f68ed480000, 0x00007f68ed480000, 0x00007f68f4640000)
 tenured generation   total 2330512K, used 2328704K [0x00007f6e09b50000, 0x00007f6e97f34000, 0x00007f78b4600000)
   the space 2330512K,  99% used [0x00007f6e09b50000, 0x00007f6e97d70158, 0x00007f6e97d70200, 0x00007f6e97f34000)
 Metaspace       used 24256K, capacity 24657K, committed 24832K, reserved 26624K
}
Event: 2169.517 GC heap after
{Heap after GC invocations=5309 (full 2):
 def new generation   total 1048832K, used 8087K [0x00007f68b4600000, 0x00007f68fb800000, 0x00007f6e09b50000)
  eden space 932352K,   0% used [0x00007f68b4600000, 0x00007f68b4600000, 0x00007f68ed480000)
  from space 116480K,   6% used [0x00007f68ed480000, 0x00007f68edc65dd0, 0x00007f68f4640000)
  to   space 116480K,   0% used [0x00007f68f4640000, 0x00007f68f4640000, 0x00007f68fb800000)
 tenured generation   total 2330512K, used 2329412K [0x00007f6e09b50000, 0x00007f6e97f34000, 0x00007f78b4600000)
   the space 2330512K,  99% used [0x00007f6e09b50000, 0x00007f6e97e21120, 0x00007f6e97e21200, 0x00007f6e97f34000)
 Metaspace       used 24256K, capacity 24657K, committed 24832K, reserved 26624K
}
Event: 2170.107 GC heap before
{Heap before GC invocations=5309 (full 2):
 def new generation   total 1048832K, used 940439K [0x00007f68b4600000, 0x00007f68fb800000, 0x00007f6e09b50000)
  eden space 932352K, 100% used [0x00007f68b4600000, 0x00007f68ed480000, 0x00007f68ed480000)
  from space 116480K,   6% used [0x00007f68ed480000, 0x00007f68edc65dd0, 0x00007f68f4640000)
  to   space 116480K,   0% used [0x00007f68f4640000, 0x00007f68f4640000, 0x00007f68fb800000)
 tenured generation   total 2330512K, used 2329412K [0x00007f6e09b50000, 0x00007f6e97f34000, 0x00007f78b4600000)
   the space 2330512K,  99% used [0x00007f6e09b50000, 0x00007f6e97e21120, 0x00007f6e97e21200, 0x00007f6e97f34000)
 Metaspace       used 24256K, capacity 24657K, committed 24832K, reserved 26624K
}
Event: 2170.116 GC heap after
{Heap after GC invocations=5310 (full 2):
 def new generation   total 1048832K, used 8405K [0x00007f68b4600000, 0x00007f68fb800000, 0x00007f6e09b50000)
  eden space 932352K,   0% used [0x00007f68b4600000, 0x00007f68b4600000, 0x00007f68ed480000)
  from space 116480K,   7% used [0x00007f68f4640000, 0x00007f68f4e755a8, 0x00007f68fb800000)
  to   space 116480K,   0% used [0x00007f68ed480000, 0x00007f68ed480000, 0x00007f68f4640000)
 tenured generation   total 2330512K, used 2329742K [0x00007f6e09b50000, 0x00007f6e97f34000, 0x00007f78b4600000)
   the space 2330512K,  99% used [0x00007f6e09b50000, 0x00007f6e97e73bf0, 0x00007f6e97e73c00, 0x00007f6e97f34000)
 Metaspace       used 24256K, capacity 24657K, committed 24832K, reserved 26624K
}
Event: 2170.882 GC heap before
{Heap before GC invocations=5310 (full 2):
 def new generation   total 1048832K, used 940757K [0x00007f68b4600000, 0x00007f68fb800000, 0x00007f6e09b50000)
  eden space 932352K, 100% used [0x00007f68b4600000, 0x00007f68ed480000, 0x00007f68ed480000)
  from space 116480K,   7% used [0x00007f68f4640000, 0x00007f68f4e755a8, 0x00007f68fb800000)
  to   space 116480K,   0% used [0x00007f68ed480000, 0x00007f68ed480000, 0x00007f68f4640000)
 tenured generation   total 2330512K, used 2329742K [0x00007f6e09b50000, 0x00007f6e97f34000, 0x00007f78b4600000)
   the space 2330512K,  99% used [0x00007f6e09b50000, 0x00007f6e97e73bf0, 0x00007f6e97e73c00, 0x00007f6e97f34000)
 Metaspace       used 24443K, capacity 24864K, committed 25088K, reserved 26624K
}
Event: 2171.023 GC heap after
{Heap after GC invocations=5311 (full 2):
 def new generation   total 1048832K, used 68335K [0x00007f68b4600000, 0x00007f68fb800000, 0x00007f6e09b50000)
  eden space 932352K,   0% used [0x00007f68b4600000, 0x00007f68b4600000, 0x00007f68ed480000)
  from space 116480K,  58% used [0x00007f68ed480000, 0x00007f68f173bfb8, 0x00007f68f4640000)
  to   space 116480K,   0% used [0x00007f68f4640000, 0x00007f68f4640000, 0x00007f68fb800000)
 tenured generation   total 2330512K, used 2330343K [0x00007f6e09b50000, 0x00007f6e97f34000, 0x00007f78b4600000)
   the space 2330512K,  99% used [0x00007f6e09b50000, 0x00007f6e97f09ee0, 0x00007f6e97f0a000, 0x00007f6e97f34000)
 Metaspace       used 24443K, capacity 24864K, committed 25088K, reserved 26624K
}
Event: 2171.656 GC heap before
{Heap before GC invocations=5311 (full 2):
 def new generation   total 1048832K, used 1000687K [0x00007f68b4600000, 0x00007f68fb800000, 0x00007f6e09b50000)
  eden space 932352K, 100% used [0x00007f68b4600000, 0x00007f68ed480000, 0x00007f68ed480000)
  from space 116480K,  58% used [0x00007f68ed480000, 0x00007f68f173bfb8, 0x00007f68f4640000)
  to   space 116480K,   0% used [0x00007f68f4640000, 0x00007f68f4640000, 0x00007f68fb800000)
 tenured generation   total 2330512K, used 2330343K [0x00007f6e09b50000, 0x00007f6e97f34000, 0x00007f78b4600000)
   the space 2330512K,  99% used [0x00007f6e09b50000, 0x00007f6e97f09ee0, 0x00007f6e97f0a000, 0x00007f6e97f34000)
 Metaspace       used 24470K, capacity 24930K, committed 25088K, reserved 26624K
}
Event: 2171.769 GC heap after
{Heap after GC invocations=5312 (full 2):
 def new generation   total 1048832K, used 13257K [0x00007f68b4600000, 0x00007f68fb800000, 0x00007f6e09b50000)
  eden space 932352K,   0% used [0x00007f68b4600000, 0x00007f68b4600000, 0x00007f68ed480000)
  from space 116480K,  11% used [0x00007f68f4640000, 0x00007f68f53325b8, 0x00007f68fb800000)
  to   space 116480K,   0% used [0x00007f68ed480000, 0x00007f68ed480000, 0x00007f68f4640000)
 tenured generation   total 2398672K, used 2398595K [0x00007f6e09b50000, 0x00007f6e9c1c4000, 0x00007f78b4600000)
   the space 2398672K,  99% used [0x00007f6e09b50000, 0x00007f6e9c1b0cb8, 0x00007f6e9c1b0e00, 0x00007f6e9c1c4000)
 Metaspace       used 24470K, capacity 24930K, committed 25088K, reserved 26624K
}
Event: 2171.769 GC heap before
{Heap before GC invocations=5312 (full 2):
 def new generation   total 1048832K, used 13257K [0x00007f68b4600000, 0x00007f68fb800000, 0x00007f6e09b50000)
  eden space 932352K,   0% used [0x00007f68b4600000, 0x00007f68b4600000, 0x00007f68ed480000)
  from space 116480K,  11% used [0x00007f68f4640000, 0x00007f68f53325b8, 0x00007f68fb800000)
  to   space 116480K,   0% used [0x00007f68ed480000, 0x00007f68ed480000, 0x00007f68f4640000)
 tenured generation   total 2398672K, used 2398595K [0x00007f6e09b50000, 0x00007f6e9c1c4000, 0x00007f78b4600000)
   the space 2398672K,  99% used [0x00007f6e09b50000, 0x00007f6e9c1b0cb8, 0x00007f6e9c1b0e00, 0x00007f6e9c1c4000)
 Metaspace       used 24470K, capacity 24930K, committed 25088K, reserved 26624K
}

