# JRE version: OpenJDK Runtime Environment (13.0.7+5) (build 13.0.7+5-Ubuntu-0ubuntu120.04)
# Java VM: OpenJDK 64-Bit Server VM (13.0.7+5-Ubuntu-0ubuntu120.04, mixed mode, tiered, serial gc, linux-amd64)
Heap:
 def new generation   total 3161728K, used 0K [0x00007f3160600000, 0x00007f3236cb0000, 0x00007f36b5b50000)
  eden space 2810432K,   0% used [0x00007f3160600000, 0x00007f3160600000, 0x00007f320be90000)
  from space 351296K,   0% used [0x00007f320be90000, 0x00007f320be90000, 0x00007f32215a0000)
  to   space 351296K,   0% used [0x00007f32215a0000, 0x00007f32215a0000, 0x00007f3236cb0000)
 tenured generation   total 13998720K, used 8399229K [0x00007f36b5b50000, 0x00007f3a0c1f0000, 0x00007f4160600000)
   the space 13998720K,  59% used [0x00007f36b5b50000, 0x00007f38b65af6b8, 0x00007f38b65af800, 0x00007f3a0c1f0000)
 Metaspace       used 23348K, capacity 23677K, committed 23808K, reserved 24576K
GC Heap History (20 events):
Event: 113.576 GC heap after
{Heap after GC invocations=24 (full 7):
 def new generation   total 6298944K, used 1K [0x00007f3160600000, 0x00007f330b8c0000, 0x00007f36b5b50000)
  eden space 5599104K,   0% used [0x00007f3160600000, 0x00007f3160600000, 0x00007f32b61e0000)
  from space 699840K,   0% used [0x00007f32e0d50000, 0x00007f32e0d50410, 0x00007f330b8c0000)
  to   space 699840K,   0% used [0x00007f32b61e0000, 0x00007f32b61e0000, 0x00007f32e0d50000)
 tenured generation   total 16094604K, used 15345885K [0x00007f36b5b50000, 0x00007f3a8c0b3000, 0x00007f4160600000)
   the space 16094604K,  95% used [0x00007f36b5b50000, 0x00007f3a5e5876a8, 0x00007f3a5e587800, 0x00007f3a8c0b3000)
 Metaspace       used 23286K, capacity 23667K, committed 23808K, reserved 24576K
}
Event: 113.576 GC heap before
{Heap before GC invocations=24 (full 7):
 def new generation   total 6298944K, used 1K [0x00007f3160600000, 0x00007f330b8c0000, 0x00007f36b5b50000)
  eden space 5599104K,   0% used [0x00007f3160600000, 0x00007f3160600000, 0x00007f32b61e0000)
  from space 699840K,   0% used [0x00007f32e0d50000, 0x00007f32e0d50410, 0x00007f330b8c0000)
  to   space 699840K,   0% used [0x00007f32b61e0000, 0x00007f32b61e0000, 0x00007f32e0d50000)
 tenured generation   total 16094604K, used 15345885K [0x00007f36b5b50000, 0x00007f3a8c0b3000, 0x00007f4160600000)
   the space 16094604K,  95% used [0x00007f36b5b50000, 0x00007f3a5e5876a8, 0x00007f3a5e587800, 0x00007f3a8c0b3000)
 Metaspace       used 23286K, capacity 23667K, committed 23808K, reserved 24576K
}
Event: 115.286 GC heap after
{Heap after GC invocations=24 (full 8):
 def new generation   total 5609792K, used 0K [0x00007f3160600000, 0x00007f32dcd00000, 0x00007f36b5b50000)
  eden space 4986496K,   0% used [0x00007f3160600000, 0x00007f3160600000, 0x00007f3290ba0000)
  from space 623296K,   0% used [0x00007f3290ba0000, 0x00007f3290ba0000, 0x00007f32b6c50000)
  to   space 623296K,   0% used [0x00007f32b6c50000, 0x00007f32b6c50000, 0x00007f32dcd00000)
 tenured generation   total 12466112K, used 2107010K [0x00007f36b5b50000, 0x00007f39ae940000, 0x00007f4160600000)
   the space 12466112K,  16% used [0x00007f36b5b50000, 0x00007f37364f0a80, 0x00007f37364f0c00, 0x00007f39ae940000)
 Metaspace       used 23286K, capacity 23667K, committed 23808K, reserved 24576K
}
Event: 118.885 GC heap before
{Heap before GC invocations=24 (full 8):
 def new generation   total 5609792K, used 4291833K [0x00007f3160600000, 0x00007f32dcd00000, 0x00007f36b5b50000)
  eden space 4986496K,  86% used [0x00007f3160600000, 0x00007f326653e5e0, 0x00007f3290ba0000)
  from space 623296K,   0% used [0x00007f3290ba0000, 0x00007f3290ba0000, 0x00007f32b6c50000)
  to   space 623296K,   0% used [0x00007f32b6c50000, 0x00007f32b6c50000, 0x00007f32dcd00000)
 tenured generation   total 12466112K, used 2107010K [0x00007f36b5b50000, 0x00007f39ae940000, 0x00007f4160600000)
   the space 12466112K,  16% used [0x00007f36b5b50000, 0x00007f37364f0a80, 0x00007f37364f0c00, 0x00007f39ae940000)
 Metaspace       used 23286K, capacity 23667K, committed 23808K, reserved 24576K
}
Event: 121.462 GC heap after
{Heap after GC invocations=25 (full 8):
 def new generation   total 5609792K, used 0K [0x00007f3160600000, 0x00007f32dcd00000, 0x00007f36b5b50000)
  eden space 4986496K,   0% used [0x00007f3160600000, 0x00007f3160600000, 0x00007f3290ba0000)
  from space 623296K,   0% used [0x00007f32b6c50000, 0x00007f32b6c501f0, 0x00007f32dcd00000)
  to   space 623296K,   0% used [0x00007f3290ba0000, 0x00007f3290ba0000, 0x00007f32b6c50000)
 tenured generation   total 12466112K, used 6301314K [0x00007f36b5b50000, 0x00007f39ae940000, 0x00007f4160600000)
   the space 12466112K,  50% used [0x00007f36b5b50000, 0x00007f38364f0a98, 0x00007f38364f0c00, 0x00007f39ae940000)
 Metaspace       used 23286K, capacity 23667K, committed 23808K, reserved 24576K
}
Event: 124.456 GC heap before
{Heap before GC invocations=25 (full 8):
 def new generation   total 5609792K, used 4291810K [0x00007f3160600000, 0x00007f32dcd00000, 0x00007f36b5b50000)
  eden space 4986496K,  86% used [0x00007f3160600000, 0x00007f32665389e0, 0x00007f3290ba0000)
  from space 623296K,   0% used [0x00007f32b6c50000, 0x00007f32b6c501f0, 0x00007f32dcd00000)
  to   space 623296K,   0% used [0x00007f3290ba0000, 0x00007f3290ba0000, 0x00007f32b6c50000)
 tenured generation   total 12466112K, used 6301314K [0x00007f36b5b50000, 0x00007f39ae940000, 0x00007f4160600000)
   the space 12466112K,  50% used [0x00007f36b5b50000, 0x00007f38364f0a98, 0x00007f38364f0c00, 0x00007f39ae940000)
 Metaspace       used 23286K, capacity 23667K, committed 23808K, reserved 24576K
}
Event: 126.051 GC heap after
{Heap after GC invocations=26 (full 8):
 def new generation   total 5609792K, used 1K [0x00007f3160600000, 0x00007f32dcd00000, 0x00007f36b5b50000)
  eden space 4986496K,   0% used [0x00007f3160600000, 0x00007f3160600000, 0x00007f3290ba0000)
  from space 623296K,   0% used [0x00007f3290ba0000, 0x00007f3290ba04b8, 0x00007f32b6c50000)
  to   space 623296K,   0% used [0x00007f32b6c50000, 0x00007f32b6c50000, 0x00007f32dcd00000)
 tenured generation   total 12466112K, used 10495618K [0x00007f36b5b50000, 0x00007f39ae940000, 0x00007f4160600000)
   the space 12466112K,  84% used [0x00007f36b5b50000, 0x00007f39364f0ac8, 0x00007f39364f0c00, 0x00007f39ae940000)
 Metaspace       used 23286K, capacity 23667K, committed 23808K, reserved 24576K
}
Event: 130.805 GC heap before
{Heap before GC invocations=26 (full 8):
 def new generation   total 5609792K, used 4862280K [0x00007f3160600000, 0x00007f32dcd00000, 0x00007f36b5b50000)
  eden space 4986496K,  97% used [0x00007f3160600000, 0x00007f3289251bb8, 0x00007f3290ba0000)
  from space 623296K,   0% used [0x00007f3290ba0000, 0x00007f3290ba04b8, 0x00007f32b6c50000)
  to   space 623296K,   0% used [0x00007f32b6c50000, 0x00007f32b6c50000, 0x00007f32dcd00000)
 tenured generation   total 12466112K, used 10495618K [0x00007f36b5b50000, 0x00007f39ae940000, 0x00007f4160600000)
   the space 12466112K,  84% used [0x00007f36b5b50000, 0x00007f39364f0ac8, 0x00007f39364f0c00, 0x00007f39ae940000)
 Metaspace       used 23334K, capacity 23674K, committed 23808K, reserved 24576K
}
Event: 131.220 GC heap after
{Heap after GC invocations=27 (full 8):
 def new generation   total 5609792K, used 339282K [0x00007f3160600000, 0x00007f32dcd00000, 0x00007f36b5b50000)
  eden space 4986496K,   0% used [0x00007f3160600000, 0x00007f3160600000, 0x00007f3290ba0000)
  from space 623296K,  54% used [0x00007f32b6c50000, 0x00007f32cb7a4a48, 0x00007f32dcd00000)
  to   space 623296K,   0% used [0x00007f3290ba0000, 0x00007f3290ba0000, 0x00007f32b6c50000)
 tenured generation   total 12466112K, used 10495618K [0x00007f36b5b50000, 0x00007f39ae940000, 0x00007f4160600000)
   the space 12466112K,  84% used [0x00007f36b5b50000, 0x00007f39364f0ac8, 0x00007f39364f0c00, 0x00007f39ae940000)
 Metaspace       used 23334K, capacity 23674K, committed 23808K, reserved 24576K
}
Event: 134.320 GC heap before
{Heap before GC invocations=27 (full 8):
 def new generation   total 5609792K, used 4126624K [0x00007f3160600000, 0x00007f32dcd00000, 0x00007f36b5b50000)
  eden space 4986496K,  75% used [0x00007f3160600000, 0x00007f3247893780, 0x00007f3290ba0000)
  from space 623296K,  54% used [0x00007f32b6c50000, 0x00007f32cb7a4a48, 0x00007f32dcd00000)
  to   space 623296K,   0% used [0x00007f3290ba0000, 0x00007f3290ba0000, 0x00007f32b6c50000)
 tenured generation   total 12466112K, used 10495618K [0x00007f36b5b50000, 0x00007f39ae940000, 0x00007f4160600000)
   the space 12466112K,  84% used [0x00007f36b5b50000, 0x00007f39364f0ac8, 0x00007f39364f0c00, 0x00007f39ae940000)
 Metaspace       used 23348K, capacity 23677K, committed 23808K, reserved 24576K
}
Event: 135.557 GC heap after
{Heap after GC invocations=28 (full 8):
 def new generation   total 5609792K, used 91K [0x00007f3160600000, 0x00007f32dcd00000, 0x00007f36b5b50000)
  eden space 4986496K,   0% used [0x00007f3160600000, 0x00007f3160600000, 0x00007f3290ba0000)
  from space 623296K,   0% used [0x00007f3290ba0000, 0x00007f3290bb6ec8, 0x00007f32b6c50000)
  to   space 623296K,   0% used [0x00007f32b6c50000, 0x00007f32b6c50000, 0x00007f32dcd00000)
 tenured generation   total 14563268K, used 12604318K [0x00007f36b5b50000, 0x00007f3a2e941000, 0x00007f4160600000)
   the space 14563268K,  86% used [0x00007f36b5b50000, 0x00007f39b7037bf0, 0x00007f39b7037c00, 0x00007f3a2e941000)
 Metaspace       used 23348K, capacity 23677K, committed 23808K, reserved 24576K
}
Event: 135.557 GC heap before
{Heap before GC invocations=28 (full 8):
 def new generation   total 5609792K, used 91K [0x00007f3160600000, 0x00007f32dcd00000, 0x00007f36b5b50000)
  eden space 4986496K,   0% used [0x00007f3160600000, 0x00007f3160600000, 0x00007f3290ba0000)
  from space 623296K,   0% used [0x00007f3290ba0000, 0x00007f3290bb6ec8, 0x00007f32b6c50000)
  to   space 623296K,   0% used [0x00007f32b6c50000, 0x00007f32b6c50000, 0x00007f32dcd00000)
 tenured generation   total 14563268K, used 12604318K [0x00007f36b5b50000, 0x00007f3a2e941000, 0x00007f4160600000)
   the space 14563268K,  86% used [0x00007f36b5b50000, 0x00007f39b7037bf0, 0x00007f39b7037c00, 0x00007f3a2e941000)
 Metaspace       used 23348K, capacity 23677K, committed 23808K, reserved 24576K
}
Event: 137.385 GC heap after
{Heap after GC invocations=28 (full 9):
 def new generation   total 3161728K, used 0K [0x00007f3160600000, 0x00007f3236cb0000, 0x00007f36b5b50000)
  eden space 2810432K,   0% used [0x00007f3160600000, 0x00007f3160600000, 0x00007f320be90000)
  from space 351296K,   0% used [0x00007f320be90000, 0x00007f320be90000, 0x00007f32215a0000)
  to   space 351296K,   0% used [0x00007f32215a0000, 0x00007f32215a0000, 0x00007f3236cb0000)
 tenured generation   total 7025916K, used 2107773K [0x00007f36b5b50000, 0x00007f386288f000, 0x00007f4160600000)
   the space 7025916K,  29% used [0x00007f36b5b50000, 0x00007f37365af788, 0x00007f37365af800, 0x00007f386288f000)
 Metaspace       used 23348K, capacity 23677K, committed 23808K, reserved 24576K
}
Event: 141.099 GC heap before
{Heap before GC invocations=28 (full 9):
 def new generation   total 3161728K, used 55280K [0x00007f3160600000, 0x00007f3236cb0000, 0x00007f36b5b50000)
  eden space 2810432K,   1% used [0x00007f3160600000, 0x00007f3163bfc288, 0x00007f320be90000)
  from space 351296K,   0% used [0x00007f320be90000, 0x00007f320be90000, 0x00007f32215a0000)
  to   space 351296K,   0% used [0x00007f32215a0000, 0x00007f32215a0000, 0x00007f3236cb0000)
 tenured generation   total 7025916K, used 6302077K [0x00007f36b5b50000, 0x00007f386288f000, 0x00007f4160600000)
   the space 7025916K,  89% used [0x00007f36b5b50000, 0x00007f38365af7a0, 0x00007f38365af800, 0x00007f386288f000)
 Metaspace       used 23348K, capacity 23677K, committed 23808K, reserved 24576K
}
Event: 141.104 GC heap after
{Heap after GC invocations=29 (full 9):
 def new generation   total 3161728K, used 0K [0x00007f3160600000, 0x00007f3236cb0000, 0x00007f36b5b50000)
  eden space 2810432K,   0% used [0x00007f3160600000, 0x00007f3160600000, 0x00007f320be90000)
  from space 351296K,   0% used [0x00007f32215a0000, 0x00007f32215a0120, 0x00007f3236cb0000)
  to   space 351296K,   0% used [0x00007f320be90000, 0x00007f320be90000, 0x00007f32215a0000)
 tenured generation   total 7025916K, used 6302077K [0x00007f36b5b50000, 0x00007f386288f000, 0x00007f4160600000)
   the space 7025916K,  89% used [0x00007f36b5b50000, 0x00007f38365af7a0, 0x00007f38365af800, 0x00007f386288f000)
 Metaspace       used 23348K, capacity 23677K, committed 23808K, reserved 24576K
}
Event: 141.104 GC heap before
{Heap before GC invocations=29 (full 9):
 def new generation   total 3161728K, used 0K [0x00007f3160600000, 0x00007f3236cb0000, 0x00007f36b5b50000)
  eden space 2810432K,   0% used [0x00007f3160600000, 0x00007f3160600000, 0x00007f320be90000)
  from space 351296K,   0% used [0x00007f32215a0000, 0x00007f32215a0120, 0x00007f3236cb0000)
  to   space 351296K,   0% used [0x00007f320be90000, 0x00007f320be90000, 0x00007f32215a0000)
 tenured generation   total 7025916K, used 6302077K [0x00007f36b5b50000, 0x00007f386288f000, 0x00007f4160600000)
   the space 7025916K,  89% used [0x00007f36b5b50000, 0x00007f38365af7a0, 0x00007f38365af800, 0x00007f386288f000)
 Metaspace       used 23348K, capacity 23677K, committed 23808K, reserved 24576K
}
Event: 143.152 GC heap after
{Heap after GC invocations=29 (full 10):
 def new generation   total 3161728K, used 0K [0x00007f3160600000, 0x00007f3236cb0000, 0x00007f36b5b50000)
  eden space 2810432K,   0% used [0x00007f3160600000, 0x00007f3160600000, 0x00007f320be90000)
  from space 351296K,   0% used [0x00007f32215a0000, 0x00007f32215a0000, 0x00007f3236cb0000)
  to   space 351296K,   0% used [0x00007f320be90000, 0x00007f320be90000, 0x00007f32215a0000)
 tenured generation   total 7025916K, used 4204925K [0x00007f36b5b50000, 0x00007f386288f000, 0x00007f4160600000)
   the space 7025916K,  59% used [0x00007f36b5b50000, 0x00007f37b65af428, 0x00007f37b65af600, 0x00007f386288f000)
 Metaspace       used 23348K, capacity 23677K, committed 23808K, reserved 24576K
}
Event: 145.028 GC heap before
{Heap before GC invocations=29 (full 10):
 def new generation   total 3161728K, used 55280K [0x00007f3160600000, 0x00007f3236cb0000, 0x00007f36b5b50000)
  eden space 2810432K,   1% used [0x00007f3160600000, 0x00007f3163bfc2a8, 0x00007f320be90000)
  from space 351296K,   0% used [0x00007f32215a0000, 0x00007f32215a0000, 0x00007f3236cb0000)
  to   space 351296K,   0% used [0x00007f320be90000, 0x00007f320be90000, 0x00007f32215a0000)
 tenured generation   total 11220224K, used 8399229K [0x00007f36b5b50000, 0x00007f3962890000, 0x00007f4160600000)
   the space 11220224K,  74% used [0x00007f36b5b50000, 0x00007f38b65af440, 0x00007f38b65af600, 0x00007f3962890000)
 Metaspace       used 23348K, capacity 23677K, committed 23808K, reserved 24576K
}
Event: 145.030 GC heap after
{Heap after GC invocations=30 (full 10):
 def new generation   total 3161728K, used 0K [0x00007f3160600000, 0x00007f3236cb0000, 0x00007f36b5b50000)
  eden space 2810432K,   0% used [0x00007f3160600000, 0x00007f3160600000, 0x00007f320be90000)
  from space 351296K,   0% used [0x00007f320be90000, 0x00007f320be90278, 0x00007f32215a0000)
  to   space 351296K,   0% used [0x00007f32215a0000, 0x00007f32215a0000, 0x00007f3236cb0000)
 tenured generation   total 11220224K, used 8399229K [0x00007f36b5b50000, 0x00007f3962890000, 0x00007f4160600000)
   the space 11220224K,  74% used [0x00007f36b5b50000, 0x00007f38b65af440, 0x00007f38b65af600, 0x00007f3962890000)
 Metaspace       used 23348K, capacity 23677K, committed 23808K, reserved 24576K
}
Event: 145.030 GC heap before
{Heap before GC invocations=30 (full 10):
 def new generation   total 3161728K, used 0K [0x00007f3160600000, 0x00007f3236cb0000, 0x00007f36b5b50000)
  eden space 2810432K,   0% used [0x00007f3160600000, 0x00007f3160600000, 0x00007f320be90000)
  from space 351296K,   0% used [0x00007f320be90000, 0x00007f320be90278, 0x00007f32215a0000)
  to   space 351296K,   0% used [0x00007f32215a0000, 0x00007f32215a0000, 0x00007f3236cb0000)
 tenured generation   total 11220224K, used 8399229K [0x00007f36b5b50000, 0x00007f3962890000, 0x00007f4160600000)
   the space 11220224K,  74% used [0x00007f36b5b50000, 0x00007f38b65af440, 0x00007f38b65af600, 0x00007f3962890000)
 Metaspace       used 23348K, capacity 23677K, committed 23808K, reserved 24576K
}

