# JRE version: OpenJDK Runtime Environment (13.0.7+5) (build 13.0.7+5-Ubuntu-0ubuntu120.04)
# Java VM: OpenJDK 64-Bit Server VM (13.0.7+5-Ubuntu-0ubuntu120.04, mixed mode, tiered, serial gc, linux-amd64)
Heap:
 def new generation   total 6822592K, used 0K [0x00007f8794600000, 0x00007f89630f0000, 0x00007f8ce9b50000)
  eden space 6064576K,   0% used [0x00007f8794600000, 0x00007f8794600000, 0x00007f8906870000)
  from space 758016K,   0% used [0x00007f8934cb0000, 0x00007f8934cb0000, 0x00007f89630f0000)
  to   space 758016K,   0% used [0x00007f8906870000, 0x00007f8906870000, 0x00007f8934cb0000)
 tenured generation   total 15501896K, used 12665260K [0x00007f8ce9b50000, 0x00007f909bde2000, 0x00007f9794600000)
   the space 15501896K,  81% used [0x00007f8ce9b50000, 0x00007f8feebbb310, 0x00007f8feebbb400, 0x00007f909bde2000)
 Metaspace       used 30827K, capacity 31265K, committed 31488K, reserved 32768K
GC Heap History (20 events):
Event: 12733.232 GC heap after
{Heap after GC invocations=36092 (full 28):
 def new generation   total 5054336K, used 497195K [0x00007f8794600000, 0x00007f88eb240000, 0x00007f8ce9b50000)
  eden space 4492800K,   0% used [0x00007f8794600000, 0x00007f8794600000, 0x00007f88a6980000)
  from space 561536K,  88% used [0x00007f88c8de0000, 0x00007f88e736ae90, 0x00007f88eb240000)
  to   space 561536K,   0% used [0x00007f88a6980000, 0x00007f88a6980000, 0x00007f88c8de0000)
 tenured generation   total 11231720K, used 10057789K [0x00007f8ce9b50000, 0x00007f8f973ca000, 0x00007f9794600000)
   the space 11231720K,  89% used [0x00007f8ce9b50000, 0x00007f8f4f95f760, 0x00007f8f4f95f800, 0x00007f8f973ca000)
 Metaspace       used 30827K, capacity 31265K, committed 31488K, reserved 32768K
}
Event: 12734.501 GC heap before
{Heap before GC invocations=36092 (full 28):
 def new generation   total 5054336K, used 4989995K [0x00007f8794600000, 0x00007f88eb240000, 0x00007f8ce9b50000)
  eden space 4492800K, 100% used [0x00007f8794600000, 0x00007f88a6980000, 0x00007f88a6980000)
  from space 561536K,  88% used [0x00007f88c8de0000, 0x00007f88e736ae90, 0x00007f88eb240000)
  to   space 561536K,   0% used [0x00007f88a6980000, 0x00007f88a6980000, 0x00007f88c8de0000)
 tenured generation   total 11231720K, used 10057789K [0x00007f8ce9b50000, 0x00007f8f973ca000, 0x00007f9794600000)
   the space 11231720K,  89% used [0x00007f8ce9b50000, 0x00007f8f4f95f760, 0x00007f8f4f95f800, 0x00007f8f973ca000)
 Metaspace       used 30827K, capacity 31265K, committed 31488K, reserved 32768K
}
Event: 12736.078 GC heap after
{Heap after GC invocations=36093 (full 28):
 def new generation   total 5054336K, used 429056K [0x00007f8794600000, 0x00007f88eb240000, 0x00007f8ce9b50000)
  eden space 4492800K,   0% used [0x00007f8794600000, 0x00007f8794600000, 0x00007f88a6980000)
  from space 561536K,  76% used [0x00007f88a6980000, 0x00007f88c0c80218, 0x00007f88c8de0000)
  to   space 561536K,   0% used [0x00007f88c8de0000, 0x00007f88c8de0000, 0x00007f88eb240000)
 tenured generation   total 11231720K, used 10554985K [0x00007f8ce9b50000, 0x00007f8f973ca000, 0x00007f9794600000)
   the space 11231720K,  93% used [0x00007f8ce9b50000, 0x00007f8f6deea580, 0x00007f8f6deea600, 0x00007f8f973ca000)
 Metaspace       used 30827K, capacity 31265K, committed 31488K, reserved 32768K
}
Event: 12737.323 GC heap before
{Heap before GC invocations=36093 (full 28):
 def new generation   total 5054336K, used 4921856K [0x00007f8794600000, 0x00007f88eb240000, 0x00007f8ce9b50000)
  eden space 4492800K, 100% used [0x00007f8794600000, 0x00007f88a6980000, 0x00007f88a6980000)
  from space 561536K,  76% used [0x00007f88a6980000, 0x00007f88c0c80218, 0x00007f88c8de0000)
  to   space 561536K,   0% used [0x00007f88c8de0000, 0x00007f88c8de0000, 0x00007f88eb240000)
 tenured generation   total 11231720K, used 10554985K [0x00007f8ce9b50000, 0x00007f8f973ca000, 0x00007f9794600000)
   the space 11231720K,  93% used [0x00007f8ce9b50000, 0x00007f8f6deea580, 0x00007f8f6deea600, 0x00007f8f973ca000)
 Metaspace       used 30827K, capacity 31265K, committed 31488K, reserved 32768K
}
Event: 12738.746 GC heap after
{Heap after GC invocations=36094 (full 28):
 def new generation   total 5054336K, used 404801K [0x00007f8794600000, 0x00007f88eb240000, 0x00007f8ce9b50000)
  eden space 4492800K,   0% used [0x00007f8794600000, 0x00007f8794600000, 0x00007f88a6980000)
  from space 561536K,  72% used [0x00007f88c8de0000, 0x00007f88e1930688, 0x00007f88eb240000)
  to   space 561536K,   0% used [0x00007f88a6980000, 0x00007f88a6980000, 0x00007f88c8de0000)
 tenured generation   total 11231720K, used 10984041K [0x00007f8ce9b50000, 0x00007f8f973ca000, 0x00007f9794600000)
   the space 11231720K,  97% used [0x00007f8ce9b50000, 0x00007f8f881ea6f8, 0x00007f8f881ea800, 0x00007f8f973ca000)
 Metaspace       used 30827K, capacity 31265K, committed 31488K, reserved 32768K
}
Event: 12742.321 GC heap before
{Heap before GC invocations=36094 (full 28):
 def new generation   total 5054336K, used 4791624K [0x00007f8794600000, 0x00007f88eb240000, 0x00007f8ce9b50000)
  eden space 4492800K,  97% used [0x00007f8794600000, 0x00007f88a0201ba8, 0x00007f88a6980000)
  from space 561536K,  72% used [0x00007f88c8de0000, 0x00007f88e1930688, 0x00007f88eb240000)
  to   space 561536K,   0% used [0x00007f88a6980000, 0x00007f88a6980000, 0x00007f88c8de0000)
 tenured generation   total 11231720K, used 10984041K [0x00007f8ce9b50000, 0x00007f8f973ca000, 0x00007f9794600000)
   the space 11231720K,  97% used [0x00007f8ce9b50000, 0x00007f8f881ea6f8, 0x00007f8f881ea800, 0x00007f8f973ca000)
 Metaspace       used 30827K, capacity 31265K, committed 31488K, reserved 32768K
}
Event: 12744.699 GC heap after
{Heap after GC invocations=36095 (full 28):
 def new generation   total 5054336K, used 561536K [0x00007f8794600000, 0x00007f88eb240000, 0x00007f8ce9b50000)
  eden space 4492800K,   0% used [0x00007f8794600000, 0x00007f8794600000, 0x00007f88a6980000)
  from space 561536K, 100% used [0x00007f88a6980000, 0x00007f88c8de0000, 0x00007f88c8de0000)
  to   space 561536K,   0% used [0x00007f88c8de0000, 0x00007f88c8de0000, 0x00007f88eb240000)
 tenured generation   total 11944424K, used 11944375K [0x00007f8ce9b50000, 0x00007f8fc2bca000, 0x00007f9794600000)
   the space 11944424K,  99% used [0x00007f8ce9b50000, 0x00007f8fc2bbdf70, 0x00007f8fc2bbe000, 0x00007f8fc2bca000)
 Metaspace       used 30827K, capacity 31265K, committed 31488K, reserved 32768K
}
Event: 12744.699 GC heap before
{Heap before GC invocations=36095 (full 28):
 def new generation   total 5054336K, used 561536K [0x00007f8794600000, 0x00007f88eb240000, 0x00007f8ce9b50000)
  eden space 4492800K,   0% used [0x00007f8794600000, 0x00007f8794600000, 0x00007f88a6980000)
  from space 561536K, 100% used [0x00007f88a6980000, 0x00007f88c8de0000, 0x00007f88c8de0000)
  to   space 561536K,   0% used [0x00007f88c8de0000, 0x00007f88c8de0000, 0x00007f88eb240000)
 tenured generation   total 11944424K, used 11944375K [0x00007f8ce9b50000, 0x00007f8fc2bca000, 0x00007f9794600000)
   the space 11944424K,  99% used [0x00007f8ce9b50000, 0x00007f8fc2bbdf70, 0x00007f8fc2bbe000, 0x00007f8fc2bca000)
 Metaspace       used 30827K, capacity 31265K, committed 31488K, reserved 32768K
}
Event: 12761.075 GC heap after
{Heap after GC invocations=36095 (full 29):
 def new generation   total 6822592K, used 0K [0x00007f8794600000, 0x00007f89630f0000, 0x00007f8ce9b50000)
  eden space 6064576K,   0% used [0x00007f8794600000, 0x00007f8794600000, 0x00007f8906870000)
  from space 758016K,   0% used [0x00007f8906870000, 0x00007f8906870000, 0x00007f8934cb0000)
  to   space 758016K,   0% used [0x00007f8934cb0000, 0x00007f8934cb0000, 0x00007f89630f0000)
 tenured generation   total 15161096K, used 9096655K [0x00007f8ce9b50000, 0x00007f9087112000, 0x00007f9794600000)
   the space 15161096K,  59% used [0x00007f8ce9b50000, 0x00007f8f14ec3e50, 0x00007f8f14ec4000, 0x00007f9087112000)
 Metaspace       used 30827K, capacity 31265K, committed 31488K, reserved 32768K
}
Event: 13107.004 GC heap before
{Heap before GC invocations=36095 (full 29):
 def new generation   total 6822592K, used 6064576K [0x00007f8794600000, 0x00007f89630f0000, 0x00007f8ce9b50000)
  eden space 6064576K, 100% used [0x00007f8794600000, 0x00007f8906870000, 0x00007f8906870000)
  from space 758016K,   0% used [0x00007f8906870000, 0x00007f8906870000, 0x00007f8934cb0000)
  to   space 758016K,   0% used [0x00007f8934cb0000, 0x00007f8934cb0000, 0x00007f89630f0000)
 tenured generation   total 15161096K, used 9096655K [0x00007f8ce9b50000, 0x00007f9087112000, 0x00007f9794600000)
   the space 15161096K,  59% used [0x00007f8ce9b50000, 0x00007f8f14ec3e50, 0x00007f8f14ec4000, 0x00007f9087112000)
 Metaspace       used 30827K, capacity 31265K, committed 31488K, reserved 32768K
}
Event: 13115.703 GC heap after
{Heap after GC invocations=36096 (full 29):
 def new generation   total 6822592K, used 758016K [0x00007f8794600000, 0x00007f89630f0000, 0x00007f8ce9b50000)
  eden space 6064576K,   0% used [0x00007f8794600000, 0x00007f8794600000, 0x00007f8906870000)
  from space 758016K, 100% used [0x00007f8934cb0000, 0x00007f89630f0000, 0x00007f89630f0000)
  to   space 758016K,   0% used [0x00007f8906870000, 0x00007f8906870000, 0x00007f8934cb0000)
 tenured generation   total 15161096K, used 12030668K [0x00007f8ce9b50000, 0x00007f9087112000, 0x00007f9794600000)
   the space 15161096K,  79% used [0x00007f8ce9b50000, 0x00007f8fc80030d0, 0x00007f8fc8003200, 0x00007f9087112000)
 Metaspace       used 30827K, capacity 31265K, committed 31488K, reserved 32768K
}
Event: 13581.363 GC heap before
{Heap before GC invocations=36096 (full 29):
 def new generation   total 6822592K, used 6822592K [0x00007f8794600000, 0x00007f89630f0000, 0x00007f8ce9b50000)
  eden space 6064576K, 100% used [0x00007f8794600000, 0x00007f8906870000, 0x00007f8906870000)
  from space 758016K, 100% used [0x00007f8934cb0000, 0x00007f89630f0000, 0x00007f89630f0000)
  to   space 758016K,   0% used [0x00007f8906870000, 0x00007f8906870000, 0x00007f8934cb0000)
 tenured generation   total 15161096K, used 12030668K [0x00007f8ce9b50000, 0x00007f9087112000, 0x00007f9794600000)
   the space 15161096K,  79% used [0x00007f8ce9b50000, 0x00007f8fc80030d0, 0x00007f8fc8003200, 0x00007f9087112000)
 Metaspace       used 30827K, capacity 31265K, committed 31488K, reserved 32768K
}
Event: 13585.396 GC heap after
{Heap after GC invocations=36097 (full 29):
 def new generation   total 6822592K, used 758015K [0x00007f8794600000, 0x00007f89630f0000, 0x00007f8ce9b50000)
  eden space 6064576K,   0% used [0x00007f8794600000, 0x00007f8794600000, 0x00007f8906870000)
  from space 758016K,  99% used [0x00007f8906870000, 0x00007f8934cafff0, 0x00007f8934cb0000)
  to   space 758016K,   0% used [0x00007f8934cb0000, 0x00007f8934cb0000, 0x00007f89630f0000)
 tenured generation   total 15161096K, used 13307414K [0x00007f8ce9b50000, 0x00007f9087112000, 0x00007f9794600000)
   the space 15161096K,  87% used [0x00007f8ce9b50000, 0x00007f9015ed5b60, 0x00007f9015ed5c00, 0x00007f9087112000)
 Metaspace       used 30827K, capacity 31265K, committed 31488K, reserved 32768K
}
Event: 13710.097 GC heap before
{Heap before GC invocations=36097 (full 29):
 def new generation   total 6822592K, used 6822591K [0x00007f8794600000, 0x00007f89630f0000, 0x00007f8ce9b50000)
  eden space 6064576K, 100% used [0x00007f8794600000, 0x00007f8906870000, 0x00007f8906870000)
  from space 758016K,  99% used [0x00007f8906870000, 0x00007f8934cafff0, 0x00007f8934cb0000)
  to   space 758016K,   0% used [0x00007f8934cb0000, 0x00007f8934cb0000, 0x00007f89630f0000)
 tenured generation   total 15161096K, used 13307414K [0x00007f8ce9b50000, 0x00007f9087112000, 0x00007f9794600000)
   the space 15161096K,  87% used [0x00007f8ce9b50000, 0x00007f9015ed5b60, 0x00007f9015ed5c00, 0x00007f9087112000)
 Metaspace       used 30827K, capacity 31265K, committed 31488K, reserved 32768K
}
Event: 13712.924 GC heap after
{Heap after GC invocations=36098 (full 29):
 def new generation   total 6822592K, used 758015K [0x00007f8794600000, 0x00007f89630f0000, 0x00007f8ce9b50000)
  eden space 6064576K,   0% used [0x00007f8794600000, 0x00007f8794600000, 0x00007f8906870000)
  from space 758016K,  99% used [0x00007f8934cb0000, 0x00007f89630efff8, 0x00007f89630f0000)
  to   space 758016K,   0% used [0x00007f8906870000, 0x00007f8906870000, 0x00007f8934cb0000)
 tenured generation   total 15161096K, used 14174563K [0x00007f8ce9b50000, 0x00007f9087112000, 0x00007f9794600000)
   the space 15161096K,  93% used [0x00007f8ce9b50000, 0x00007f904ada8ca0, 0x00007f904ada8e00, 0x00007f9087112000)
 Metaspace       used 30827K, capacity 31265K, committed 31488K, reserved 32768K
}
Event: 13714.933 GC heap before
{Heap before GC invocations=36098 (full 29):
 def new generation   total 6822592K, used 6822591K [0x00007f8794600000, 0x00007f89630f0000, 0x00007f8ce9b50000)
  eden space 6064576K, 100% used [0x00007f8794600000, 0x00007f8906870000, 0x00007f8906870000)
  from space 758016K,  99% used [0x00007f8934cb0000, 0x00007f89630efff8, 0x00007f89630f0000)
  to   space 758016K,   0% used [0x00007f8906870000, 0x00007f8906870000, 0x00007f8934cb0000)
 tenured generation   total 15161096K, used 14174563K [0x00007f8ce9b50000, 0x00007f9087112000, 0x00007f9794600000)
   the space 15161096K,  93% used [0x00007f8ce9b50000, 0x00007f904ada8ca0, 0x00007f904ada8e00, 0x00007f9087112000)
 Metaspace       used 30827K, capacity 31265K, committed 31488K, reserved 32768K
}
Event: 13717.259 GC heap after
{Heap after GC invocations=36099 (full 29):
 def new generation   total 6822592K, used 569277K [0x00007f8794600000, 0x00007f89630f0000, 0x00007f8ce9b50000)
  eden space 6064576K,   0% used [0x00007f8794600000, 0x00007f8794600000, 0x00007f8906870000)
  from space 758016K,  75% used [0x00007f8906870000, 0x00007f892945f4d0, 0x00007f8934cb0000)
  to   space 758016K,   0% used [0x00007f8934cb0000, 0x00007f8934cb0000, 0x00007f89630f0000)
 tenured generation   total 15161096K, used 14932578K [0x00007f8ce9b50000, 0x00007f9087112000, 0x00007f9794600000)
   the space 15161096K,  98% used [0x00007f8ce9b50000, 0x00007f90791e8b78, 0x00007f90791e8c00, 0x00007f9087112000)
 Metaspace       used 30827K, capacity 31265K, committed 31488K, reserved 32768K
}
Event: 13719.808 GC heap before
{Heap before GC invocations=36099 (full 29):
 def new generation   total 6822592K, used 6633853K [0x00007f8794600000, 0x00007f89630f0000, 0x00007f8ce9b50000)
  eden space 6064576K, 100% used [0x00007f8794600000, 0x00007f8906870000, 0x00007f8906870000)
  from space 758016K,  75% used [0x00007f8906870000, 0x00007f892945f4d0, 0x00007f8934cb0000)
  to   space 758016K,   0% used [0x00007f8934cb0000, 0x00007f8934cb0000, 0x00007f89630f0000)
 tenured generation   total 15161096K, used 14932578K [0x00007f8ce9b50000, 0x00007f9087112000, 0x00007f9794600000)
   the space 15161096K,  98% used [0x00007f8ce9b50000, 0x00007f90791e8b78, 0x00007f90791e8c00, 0x00007f9087112000)
 Metaspace       used 30827K, capacity 31265K, committed 31488K, reserved 32768K
}
Event: 13721.947 GC heap after
{Heap after GC invocations=36100 (full 29):
 def new generation   total 6822592K, used 502969K [0x00007f8794600000, 0x00007f89630f0000, 0x00007f8ce9b50000)
  eden space 6064576K,   0% used [0x00007f8794600000, 0x00007f8794600000, 0x00007f8906870000)
  from space 758016K,  66% used [0x00007f8934cb0000, 0x00007f89537de628, 0x00007f89630f0000)
  to   space 758016K,   0% used [0x00007f8906870000, 0x00007f8906870000, 0x00007f8934cb0000)
 tenured generation   total 15501896K, used 15501855K [0x00007f8ce9b50000, 0x00007f909bde2000, 0x00007f9794600000)
   the space 15501896K,  99% used [0x00007f8ce9b50000, 0x00007f909bdd7e08, 0x00007f909bdd8000, 0x00007f909bde2000)
 Metaspace       used 30827K, capacity 31265K, committed 31488K, reserved 32768K
}
Event: 13721.947 GC heap before
{Heap before GC invocations=36100 (full 29):
 def new generation   total 6822592K, used 502969K [0x00007f8794600000, 0x00007f89630f0000, 0x00007f8ce9b50000)
  eden space 6064576K,   0% used [0x00007f8794600000, 0x00007f8794600000, 0x00007f8906870000)
  from space 758016K,  66% used [0x00007f8934cb0000, 0x00007f89537de628, 0x00007f89630f0000)
  to   space 758016K,   0% used [0x00007f8906870000, 0x00007f8906870000, 0x00007f8934cb0000)
 tenured generation   total 15501896K, used 15501855K [0x00007f8ce9b50000, 0x00007f909bde2000, 0x00007f9794600000)
   the space 15501896K,  99% used [0x00007f8ce9b50000, 0x00007f909bdd7e08, 0x00007f909bdd8000, 0x00007f909bde2000)
 Metaspace       used 30827K, capacity 31265K, committed 31488K, reserved 32768K
}

