# JRE version: OpenJDK Runtime Environment (13.0.7+5) (build 13.0.7+5-Ubuntu-0ubuntu120.04)
# Java VM: OpenJDK 64-Bit Server VM (13.0.7+5-Ubuntu-0ubuntu120.04, mixed mode, tiered, serial gc, linux-amd64)
Heap:
 def new generation   total 4861056K, used 84469K [0x00007f30f0600000, 0x00007f323a090000, 0x00007f3645b50000)
  eden space 4320960K,   1% used [0x00007f30f0600000, 0x00007f30f587d6b8, 0x00007f31f81b0000)
  from space 540096K,   0% used [0x00007f31f81b0000, 0x00007f31f81b0000, 0x00007f3219120000)
  to   space 540096K,   0% used [0x00007f3219120000, 0x00007f3219120000, 0x00007f323a090000)
 tenured generation   total 10805440K, used 10805440K [0x00007f3645b50000, 0x00007f38d9380000, 0x00007f40f0600000)
   the space 10805440K, 100% used [0x00007f3645b50000, 0x00007f38d9380000, 0x00007f38d9380000, 0x00007f38d9380000)
 Metaspace       used 24353K, capacity 24773K, committed 24832K, reserved 26624K
GC Heap History (20 events):
Event: 6708.821 GC heap after
{Heap after GC invocations=4937 (full 5):
 def new generation   total 4861056K, used 99508K [0x00007f30f0600000, 0x00007f323a090000, 0x00007f3645b50000)
  eden space 4320960K,   0% used [0x00007f30f0600000, 0x00007f30f0600000, 0x00007f31f81b0000)
  from space 540096K,  18% used [0x00007f3219120000, 0x00007f321f24d1d8, 0x00007f323a090000)
  to   space 540096K,   0% used [0x00007f31f81b0000, 0x00007f31f81b0000, 0x00007f3219120000)
 tenured generation   total 10802176K, used 10744713K [0x00007f3645b50000, 0x00007f38d9050000, 0x00007f40f0600000)
   the space 10802176K,  99% used [0x00007f3645b50000, 0x00007f38d5832780, 0x00007f38d5832800, 0x00007f38d9050000)
 Metaspace       used 24353K, capacity 24773K, committed 24832K, reserved 26624K
}
Event: 6712.181 GC heap before
{Heap before GC invocations=4937 (full 5):
 def new generation   total 4861056K, used 4420468K [0x00007f30f0600000, 0x00007f323a090000, 0x00007f3645b50000)
  eden space 4320960K, 100% used [0x00007f30f0600000, 0x00007f31f81b0000, 0x00007f31f81b0000)
  from space 540096K,  18% used [0x00007f3219120000, 0x00007f321f24d1d8, 0x00007f323a090000)
  to   space 540096K,   0% used [0x00007f31f81b0000, 0x00007f31f81b0000, 0x00007f3219120000)
 tenured generation   total 10802176K, used 10744713K [0x00007f3645b50000, 0x00007f38d9050000, 0x00007f40f0600000)
   the space 10802176K,  99% used [0x00007f3645b50000, 0x00007f38d5832780, 0x00007f38d5832800, 0x00007f38d9050000)
 Metaspace       used 24353K, capacity 24773K, committed 24832K, reserved 26624K
}
Event: 6712.329 GC heap after
{Heap after GC invocations=4938 (full 5):
 def new generation   total 4861056K, used 99002K [0x00007f30f0600000, 0x00007f323a090000, 0x00007f3645b50000)
  eden space 4320960K,   0% used [0x00007f30f0600000, 0x00007f30f0600000, 0x00007f31f81b0000)
  from space 540096K,  18% used [0x00007f31f81b0000, 0x00007f31fe25e928, 0x00007f3219120000)
  to   space 540096K,   0% used [0x00007f3219120000, 0x00007f3219120000, 0x00007f323a090000)
 tenured generation   total 10802176K, used 10749963K [0x00007f3645b50000, 0x00007f38d9050000, 0x00007f40f0600000)
   the space 10802176K,  99% used [0x00007f3645b50000, 0x00007f38d5d52c90, 0x00007f38d5d52e00, 0x00007f38d9050000)
 Metaspace       used 24353K, capacity 24773K, committed 24832K, reserved 26624K
}
Event: 6715.538 GC heap before
{Heap before GC invocations=4938 (full 5):
 def new generation   total 4861056K, used 4419962K [0x00007f30f0600000, 0x00007f323a090000, 0x00007f3645b50000)
  eden space 4320960K, 100% used [0x00007f30f0600000, 0x00007f31f81b0000, 0x00007f31f81b0000)
  from space 540096K,  18% used [0x00007f31f81b0000, 0x00007f31fe25e928, 0x00007f3219120000)
  to   space 540096K,   0% used [0x00007f3219120000, 0x00007f3219120000, 0x00007f323a090000)
 tenured generation   total 10802176K, used 10749963K [0x00007f3645b50000, 0x00007f38d9050000, 0x00007f40f0600000)
   the space 10802176K,  99% used [0x00007f3645b50000, 0x00007f38d5d52c90, 0x00007f38d5d52e00, 0x00007f38d9050000)
 Metaspace       used 24353K, capacity 24773K, committed 24832K, reserved 26624K
}
Event: 6715.668 GC heap after
{Heap after GC invocations=4939 (full 5):
 def new generation   total 4861056K, used 99036K [0x00007f30f0600000, 0x00007f323a090000, 0x00007f3645b50000)
  eden space 4320960K,   0% used [0x00007f30f0600000, 0x00007f30f0600000, 0x00007f31f81b0000)
  from space 540096K,  18% used [0x00007f3219120000, 0x00007f321f1d7040, 0x00007f323a090000)
  to   space 540096K,   0% used [0x00007f31f81b0000, 0x00007f31f81b0000, 0x00007f3219120000)
 tenured generation   total 10802176K, used 10754805K [0x00007f3645b50000, 0x00007f38d9050000, 0x00007f40f0600000)
   the space 10802176K,  99% used [0x00007f3645b50000, 0x00007f38d620d640, 0x00007f38d620d800, 0x00007f38d9050000)
 Metaspace       used 24353K, capacity 24773K, committed 24832K, reserved 26624K
}
Event: 6718.869 GC heap before
{Heap before GC invocations=4939 (full 5):
 def new generation   total 4861056K, used 4419996K [0x00007f30f0600000, 0x00007f323a090000, 0x00007f3645b50000)
  eden space 4320960K, 100% used [0x00007f30f0600000, 0x00007f31f81b0000, 0x00007f31f81b0000)
  from space 540096K,  18% used [0x00007f3219120000, 0x00007f321f1d7040, 0x00007f323a090000)
  to   space 540096K,   0% used [0x00007f31f81b0000, 0x00007f31f81b0000, 0x00007f3219120000)
 tenured generation   total 10802176K, used 10754805K [0x00007f3645b50000, 0x00007f38d9050000, 0x00007f40f0600000)
   the space 10802176K,  99% used [0x00007f3645b50000, 0x00007f38d620d640, 0x00007f38d620d800, 0x00007f38d9050000)
 Metaspace       used 24353K, capacity 24773K, committed 24832K, reserved 26624K
}
Event: 6719.044 GC heap after
{Heap after GC invocations=4940 (full 5):
 def new generation   total 4861056K, used 99107K [0x00007f30f0600000, 0x00007f323a090000, 0x00007f3645b50000)
  eden space 4320960K,   0% used [0x00007f30f0600000, 0x00007f30f0600000, 0x00007f31f81b0000)
  from space 540096K,  18% used [0x00007f31f81b0000, 0x00007f31fe278f70, 0x00007f3219120000)
  to   space 540096K,   0% used [0x00007f3219120000, 0x00007f3219120000, 0x00007f323a090000)
 tenured generation   total 10802176K, used 10759952K [0x00007f3645b50000, 0x00007f38d9050000, 0x00007f40f0600000)
   the space 10802176K,  99% used [0x00007f3645b50000, 0x00007f38d67140c0, 0x00007f38d6714200, 0x00007f38d9050000)
 Metaspace       used 24353K, capacity 24773K, committed 24832K, reserved 26624K
}
Event: 6721.919 GC heap before
{Heap before GC invocations=4940 (full 5):
 def new generation   total 4861056K, used 4420067K [0x00007f30f0600000, 0x00007f323a090000, 0x00007f3645b50000)
  eden space 4320960K, 100% used [0x00007f30f0600000, 0x00007f31f81b0000, 0x00007f31f81b0000)
  from space 540096K,  18% used [0x00007f31f81b0000, 0x00007f31fe278f70, 0x00007f3219120000)
  to   space 540096K,   0% used [0x00007f3219120000, 0x00007f3219120000, 0x00007f323a090000)
 tenured generation   total 10802176K, used 10759952K [0x00007f3645b50000, 0x00007f38d9050000, 0x00007f40f0600000)
   the space 10802176K,  99% used [0x00007f3645b50000, 0x00007f38d67140c0, 0x00007f38d6714200, 0x00007f38d9050000)
 Metaspace       used 24353K, capacity 24773K, committed 24832K, reserved 26624K
}
Event: 6722.061 GC heap after
{Heap after GC invocations=4941 (full 5):
 def new generation   total 4861056K, used 92154K [0x00007f30f0600000, 0x00007f323a090000, 0x00007f3645b50000)
  eden space 4320960K,   0% used [0x00007f30f0600000, 0x00007f30f0600000, 0x00007f31f81b0000)
  from space 540096K,  17% used [0x00007f3219120000, 0x00007f321eb1eba0, 0x00007f323a090000)
  to   space 540096K,   0% used [0x00007f31f81b0000, 0x00007f31f81b0000, 0x00007f3219120000)
 tenured generation   total 10802176K, used 10773123K [0x00007f3645b50000, 0x00007f38d9050000, 0x00007f40f0600000)
   the space 10802176K,  99% used [0x00007f3645b50000, 0x00007f38d73f0c40, 0x00007f38d73f0e00, 0x00007f38d9050000)
 Metaspace       used 24353K, capacity 24773K, committed 24832K, reserved 26624K
}
Event: 6725.096 GC heap before
{Heap before GC invocations=4941 (full 5):
 def new generation   total 4861056K, used 4413114K [0x00007f30f0600000, 0x00007f323a090000, 0x00007f3645b50000)
  eden space 4320960K, 100% used [0x00007f30f0600000, 0x00007f31f81b0000, 0x00007f31f81b0000)
  from space 540096K,  17% used [0x00007f3219120000, 0x00007f321eb1eba0, 0x00007f323a090000)
  to   space 540096K,   0% used [0x00007f31f81b0000, 0x00007f31f81b0000, 0x00007f3219120000)
 tenured generation   total 10802176K, used 10773123K [0x00007f3645b50000, 0x00007f38d9050000, 0x00007f40f0600000)
   the space 10802176K,  99% used [0x00007f3645b50000, 0x00007f38d73f0c40, 0x00007f38d73f0e00, 0x00007f38d9050000)
 Metaspace       used 24353K, capacity 24773K, committed 24832K, reserved 26624K
}
Event: 6725.203 GC heap after
{Heap after GC invocations=4942 (full 5):
 def new generation   total 4861056K, used 87965K [0x00007f30f0600000, 0x00007f323a090000, 0x00007f3645b50000)
  eden space 4320960K,   0% used [0x00007f30f0600000, 0x00007f30f0600000, 0x00007f31f81b0000)
  from space 540096K,  16% used [0x00007f31f81b0000, 0x00007f31fd797670, 0x00007f3219120000)
  to   space 540096K,   0% used [0x00007f3219120000, 0x00007f3219120000, 0x00007f323a090000)
 tenured generation   total 10802176K, used 10781548K [0x00007f3645b50000, 0x00007f38d9050000, 0x00007f40f0600000)
   the space 10802176K,  99% used [0x00007f3645b50000, 0x00007f38d7c2b380, 0x00007f38d7c2b400, 0x00007f38d9050000)
 Metaspace       used 24353K, capacity 24773K, committed 24832K, reserved 26624K
}
Event: 6728.198 GC heap before
{Heap before GC invocations=4942 (full 5):
 def new generation   total 4861056K, used 4408925K [0x00007f30f0600000, 0x00007f323a090000, 0x00007f3645b50000)
  eden space 4320960K, 100% used [0x00007f30f0600000, 0x00007f31f81b0000, 0x00007f31f81b0000)
  from space 540096K,  16% used [0x00007f31f81b0000, 0x00007f31fd797670, 0x00007f3219120000)
  to   space 540096K,   0% used [0x00007f3219120000, 0x00007f3219120000, 0x00007f323a090000)
 tenured generation   total 10802176K, used 10781548K [0x00007f3645b50000, 0x00007f38d9050000, 0x00007f40f0600000)
   the space 10802176K,  99% used [0x00007f3645b50000, 0x00007f38d7c2b380, 0x00007f38d7c2b400, 0x00007f38d9050000)
 Metaspace       used 24353K, capacity 24773K, committed 24832K, reserved 26624K
}
Event: 6728.302 GC heap after
{Heap after GC invocations=4943 (full 5):
 def new generation   total 4861056K, used 87402K [0x00007f30f0600000, 0x00007f323a090000, 0x00007f3645b50000)
  eden space 4320960K,   0% used [0x00007f30f0600000, 0x00007f30f0600000, 0x00007f31f81b0000)
  from space 540096K,  16% used [0x00007f3219120000, 0x00007f321e67a8c8, 0x00007f323a090000)
  to   space 540096K,   0% used [0x00007f31f81b0000, 0x00007f31f81b0000, 0x00007f3219120000)
 tenured generation   total 10802176K, used 10786793K [0x00007f3645b50000, 0x00007f38d9050000, 0x00007f40f0600000)
   the space 10802176K,  99% used [0x00007f3645b50000, 0x00007f38d814a750, 0x00007f38d814a800, 0x00007f38d9050000)
 Metaspace       used 24353K, capacity 24773K, committed 24832K, reserved 26624K
}
Event: 6731.288 GC heap before
{Heap before GC invocations=4943 (full 5):
 def new generation   total 4861056K, used 4408362K [0x00007f30f0600000, 0x00007f323a090000, 0x00007f3645b50000)
  eden space 4320960K, 100% used [0x00007f30f0600000, 0x00007f31f81b0000, 0x00007f31f81b0000)
  from space 540096K,  16% used [0x00007f3219120000, 0x00007f321e67a8c8, 0x00007f323a090000)
  to   space 540096K,   0% used [0x00007f31f81b0000, 0x00007f31f81b0000, 0x00007f3219120000)
 tenured generation   total 10802176K, used 10786793K [0x00007f3645b50000, 0x00007f38d9050000, 0x00007f40f0600000)
   the space 10802176K,  99% used [0x00007f3645b50000, 0x00007f38d814a750, 0x00007f38d814a800, 0x00007f38d9050000)
 Metaspace       used 24353K, capacity 24773K, committed 24832K, reserved 26624K
}
Event: 6731.392 GC heap after
{Heap after GC invocations=4944 (full 5):
 def new generation   total 4861056K, used 85194K [0x00007f30f0600000, 0x00007f323a090000, 0x00007f3645b50000)
  eden space 4320960K,   0% used [0x00007f30f0600000, 0x00007f30f0600000, 0x00007f31f81b0000)
  from space 540096K,  15% used [0x00007f31f81b0000, 0x00007f31fd4e29a8, 0x00007f3219120000)
  to   space 540096K,   0% used [0x00007f3219120000, 0x00007f3219120000, 0x00007f323a090000)
 tenured generation   total 10802176K, used 10794261K [0x00007f3645b50000, 0x00007f38d9050000, 0x00007f40f0600000)
   the space 10802176K,  99% used [0x00007f3645b50000, 0x00007f38d8895638, 0x00007f38d8895800, 0x00007f38d9050000)
 Metaspace       used 24353K, capacity 24773K, committed 24832K, reserved 26624K
}
Event: 6734.368 GC heap before
{Heap before GC invocations=4944 (full 5):
 def new generation   total 4861056K, used 4406154K [0x00007f30f0600000, 0x00007f323a090000, 0x00007f3645b50000)
  eden space 4320960K, 100% used [0x00007f30f0600000, 0x00007f31f81b0000, 0x00007f31f81b0000)
  from space 540096K,  15% used [0x00007f31f81b0000, 0x00007f31fd4e29a8, 0x00007f3219120000)
  to   space 540096K,   0% used [0x00007f3219120000, 0x00007f3219120000, 0x00007f323a090000)
 tenured generation   total 10802176K, used 10794261K [0x00007f3645b50000, 0x00007f38d9050000, 0x00007f40f0600000)
   the space 10802176K,  99% used [0x00007f3645b50000, 0x00007f38d8895638, 0x00007f38d8895800, 0x00007f38d9050000)
 Metaspace       used 24353K, capacity 24773K, committed 24832K, reserved 26624K
}
Event: 6734.483 GC heap after
{Heap after GC invocations=4945 (full 5):
 def new generation   total 4861056K, used 84563K [0x00007f30f0600000, 0x00007f323a090000, 0x00007f3645b50000)
  eden space 4320960K,   0% used [0x00007f30f0600000, 0x00007f30f0600000, 0x00007f31f81b0000)
  from space 540096K,  15% used [0x00007f3219120000, 0x00007f321e3b4e30, 0x00007f323a090000)
  to   space 540096K,   0% used [0x00007f31f81b0000, 0x00007f31f81b0000, 0x00007f3219120000)
 tenured generation   total 10802176K, used 10800063K [0x00007f3645b50000, 0x00007f38d9050000, 0x00007f40f0600000)
   the space 10802176K,  99% used [0x00007f3645b50000, 0x00007f38d8e3fd58, 0x00007f38d8e3fe00, 0x00007f38d9050000)
 Metaspace       used 24353K, capacity 24773K, committed 24832K, reserved 26624K
}
Event: 6737.348 GC heap before
{Heap before GC invocations=4945 (full 5):
 def new generation   total 4861056K, used 4405523K [0x00007f30f0600000, 0x00007f323a090000, 0x00007f3645b50000)
  eden space 4320960K, 100% used [0x00007f30f0600000, 0x00007f31f81b0000, 0x00007f31f81b0000)
  from space 540096K,  15% used [0x00007f3219120000, 0x00007f321e3b4e30, 0x00007f323a090000)
  to   space 540096K,   0% used [0x00007f31f81b0000, 0x00007f31f81b0000, 0x00007f3219120000)
 tenured generation   total 10802176K, used 10800063K [0x00007f3645b50000, 0x00007f38d9050000, 0x00007f40f0600000)
   the space 10802176K,  99% used [0x00007f3645b50000, 0x00007f38d8e3fd58, 0x00007f38d8e3fe00, 0x00007f38d9050000)
 Metaspace       used 24353K, capacity 24773K, committed 24832K, reserved 26624K
}
Event: 6737.483 GC heap after
{Heap after GC invocations=4946 (full 5):
 def new generation   total 4861056K, used 84651K [0x00007f30f0600000, 0x00007f323a090000, 0x00007f3645b50000)
  eden space 4320960K,   0% used [0x00007f30f0600000, 0x00007f30f0600000, 0x00007f31f81b0000)
  from space 540096K,  15% used [0x00007f31f81b0000, 0x00007f31fd45af90, 0x00007f3219120000)
  to   space 540096K,   0% used [0x00007f3219120000, 0x00007f3219120000, 0x00007f323a090000)
 tenured generation   total 10805440K, used 10805257K [0x00007f3645b50000, 0x00007f38d9380000, 0x00007f40f0600000)
   the space 10805440K,  99% used [0x00007f3645b50000, 0x00007f38d9352728, 0x00007f38d9352800, 0x00007f38d9380000)
 Metaspace       used 24353K, capacity 24773K, committed 24832K, reserved 26624K
}
Event: 6737.483 GC heap before
{Heap before GC invocations=4946 (full 5):
 def new generation   total 4861056K, used 84651K [0x00007f30f0600000, 0x00007f323a090000, 0x00007f3645b50000)
  eden space 4320960K,   0% used [0x00007f30f0600000, 0x00007f30f0600000, 0x00007f31f81b0000)
  from space 540096K,  15% used [0x00007f31f81b0000, 0x00007f31fd45af90, 0x00007f3219120000)
  to   space 540096K,   0% used [0x00007f3219120000, 0x00007f3219120000, 0x00007f323a090000)
 tenured generation   total 10805440K, used 10805257K [0x00007f3645b50000, 0x00007f38d9380000, 0x00007f40f0600000)
   the space 10805440K,  99% used [0x00007f3645b50000, 0x00007f38d9352728, 0x00007f38d9352800, 0x00007f38d9380000)
 Metaspace       used 24353K, capacity 24773K, committed 24832K, reserved 26624K
}

