# JRE version: OpenJDK Runtime Environment (13.0.7+5) (build 13.0.7+5-Ubuntu-0ubuntu120.04)
# Java VM: OpenJDK 64-Bit Server VM (13.0.7+5-Ubuntu-0ubuntu120.04, mixed mode, tiered, serial gc, linux-amd64)
Heap:
 def new generation   total 1544704K, used 111188K [0x00007f6d00600000, 0x00007f6d69210000, 0x00007f7255b50000)
  eden space 1373120K,   8% used [0x00007f6d00600000, 0x00007f6d07295278, 0x00007f6d542f0000)
  from space 171584K,   0% used [0x00007f6d542f0000, 0x00007f6d542f0000, 0x00007f6d5ea80000)
  to   space 171584K,   0% used [0x00007f6d5ea80000, 0x00007f6d5ea80000, 0x00007f6d69210000)
 tenured generation   total 3506616K, used 3506616K [0x00007f7255b50000, 0x00007f732bbbe000, 0x00007f7d00600000)
   the space 3506616K, 100% used [0x00007f7255b50000, 0x00007f732bbbe000, 0x00007f732bbbe000, 0x00007f732bbbe000)
 Metaspace       used 31232K, capacity 31691K, committed 32000K, reserved 32768K
GC Heap History (20 events):
Event: 193.194 GC heap after
{Heap after GC invocations=103 (full 4):
 def new generation   total 1544704K, used 110232K [0x00007f6d00600000, 0x00007f6d69210000, 0x00007f7255b50000)
  eden space 1373120K,   0% used [0x00007f6d00600000, 0x00007f6d00600000, 0x00007f6d542f0000)
  from space 171584K,  64% used [0x00007f6d5ea80000, 0x00007f6d65626360, 0x00007f6d69210000)
  to   space 171584K,   0% used [0x00007f6d542f0000, 0x00007f6d542f0000, 0x00007f6d5ea80000)
 tenured generation   total 3432504K, used 2505144K [0x00007f7255b50000, 0x00007f732735e000, 0x00007f7d00600000)
   the space 3432504K,  72% used [0x00007f7255b50000, 0x00007f72ee9be050, 0x00007f72ee9be200, 0x00007f732735e000)
 Metaspace       used 31232K, capacity 31691K, committed 32000K, reserved 32768K
}
Event: 193.572 GC heap before
{Heap before GC invocations=103 (full 4):
 def new generation   total 1544704K, used 1483352K [0x00007f6d00600000, 0x00007f6d69210000, 0x00007f7255b50000)
  eden space 1373120K, 100% used [0x00007f6d00600000, 0x00007f6d542f0000, 0x00007f6d542f0000)
  from space 171584K,  64% used [0x00007f6d5ea80000, 0x00007f6d65626360, 0x00007f6d69210000)
  to   space 171584K,   0% used [0x00007f6d542f0000, 0x00007f6d542f0000, 0x00007f6d5ea80000)
 tenured generation   total 3432504K, used 2505144K [0x00007f7255b50000, 0x00007f732735e000, 0x00007f7d00600000)
   the space 3432504K,  72% used [0x00007f7255b50000, 0x00007f72ee9be050, 0x00007f72ee9be200, 0x00007f732735e000)
 Metaspace       used 31232K, capacity 31691K, committed 32000K, reserved 32768K
}
Event: 193.892 GC heap after
{Heap after GC invocations=104 (full 4):
 def new generation   total 1544704K, used 111388K [0x00007f6d00600000, 0x00007f6d69210000, 0x00007f7255b50000)
  eden space 1373120K,   0% used [0x00007f6d00600000, 0x00007f6d00600000, 0x00007f6d542f0000)
  from space 171584K,  64% used [0x00007f6d542f0000, 0x00007f6d5afb7220, 0x00007f6d5ea80000)
  to   space 171584K,   0% used [0x00007f6d5ea80000, 0x00007f6d5ea80000, 0x00007f6d69210000)
 tenured generation   total 3432504K, used 2615376K [0x00007f7255b50000, 0x00007f732735e000, 0x00007f7d00600000)
   the space 3432504K,  76% used [0x00007f7255b50000, 0x00007f72f55643b0, 0x00007f72f5564400, 0x00007f732735e000)
 Metaspace       used 31232K, capacity 31691K, committed 32000K, reserved 32768K
}
Event: 194.259 GC heap before
{Heap before GC invocations=104 (full 4):
 def new generation   total 1544704K, used 1484508K [0x00007f6d00600000, 0x00007f6d69210000, 0x00007f7255b50000)
  eden space 1373120K, 100% used [0x00007f6d00600000, 0x00007f6d542f0000, 0x00007f6d542f0000)
  from space 171584K,  64% used [0x00007f6d542f0000, 0x00007f6d5afb7220, 0x00007f6d5ea80000)
  to   space 171584K,   0% used [0x00007f6d5ea80000, 0x00007f6d5ea80000, 0x00007f6d69210000)
 tenured generation   total 3432504K, used 2615376K [0x00007f7255b50000, 0x00007f732735e000, 0x00007f7d00600000)
   the space 3432504K,  76% used [0x00007f7255b50000, 0x00007f72f55643b0, 0x00007f72f5564400, 0x00007f732735e000)
 Metaspace       used 31232K, capacity 31691K, committed 32000K, reserved 32768K
}
Event: 194.603 GC heap after
{Heap after GC invocations=105 (full 4):
 def new generation   total 1544704K, used 110635K [0x00007f6d00600000, 0x00007f6d69210000, 0x00007f7255b50000)
  eden space 1373120K,   0% used [0x00007f6d00600000, 0x00007f6d00600000, 0x00007f6d542f0000)
  from space 171584K,  64% used [0x00007f6d5ea80000, 0x00007f6d6568ae50, 0x00007f6d69210000)
  to   space 171584K,   0% used [0x00007f6d542f0000, 0x00007f6d542f0000, 0x00007f6d5ea80000)
 tenured generation   total 3432504K, used 2726765K [0x00007f7255b50000, 0x00007f732735e000, 0x00007f7d00600000)
   the space 3432504K,  79% used [0x00007f7255b50000, 0x00007f72fc22b5d0, 0x00007f72fc22b600, 0x00007f732735e000)
 Metaspace       used 31232K, capacity 31691K, committed 32000K, reserved 32768K
}
Event: 194.999 GC heap before
{Heap before GC invocations=105 (full 4):
 def new generation   total 1544704K, used 1483755K [0x00007f6d00600000, 0x00007f6d69210000, 0x00007f7255b50000)
  eden space 1373120K, 100% used [0x00007f6d00600000, 0x00007f6d542f0000, 0x00007f6d542f0000)
  from space 171584K,  64% used [0x00007f6d5ea80000, 0x00007f6d6568ae50, 0x00007f6d69210000)
  to   space 171584K,   0% used [0x00007f6d542f0000, 0x00007f6d542f0000, 0x00007f6d5ea80000)
 tenured generation   total 3432504K, used 2726765K [0x00007f7255b50000, 0x00007f732735e000, 0x00007f7d00600000)
   the space 3432504K,  79% used [0x00007f7255b50000, 0x00007f72fc22b5d0, 0x00007f72fc22b600, 0x00007f732735e000)
 Metaspace       used 31232K, capacity 31691K, committed 32000K, reserved 32768K
}
Event: 195.339 GC heap after
{Heap after GC invocations=106 (full 4):
 def new generation   total 1544704K, used 109289K [0x00007f6d00600000, 0x00007f6d69210000, 0x00007f7255b50000)
  eden space 1373120K,   0% used [0x00007f6d00600000, 0x00007f6d00600000, 0x00007f6d542f0000)
  from space 171584K,  63% used [0x00007f6d542f0000, 0x00007f6d5adaa508, 0x00007f6d5ea80000)
  to   space 171584K,   0% used [0x00007f6d5ea80000, 0x00007f6d5ea80000, 0x00007f6d69210000)
 tenured generation   total 3432504K, used 2837400K [0x00007f7255b50000, 0x00007f732735e000, 0x00007f7d00600000)
   the space 3432504K,  82% used [0x00007f7255b50000, 0x00007f7302e362a0, 0x00007f7302e36400, 0x00007f732735e000)
 Metaspace       used 31232K, capacity 31691K, committed 32000K, reserved 32768K
}
Event: 195.727 GC heap before
{Heap before GC invocations=106 (full 4):
 def new generation   total 1544704K, used 1482409K [0x00007f6d00600000, 0x00007f6d69210000, 0x00007f7255b50000)
  eden space 1373120K, 100% used [0x00007f6d00600000, 0x00007f6d542f0000, 0x00007f6d542f0000)
  from space 171584K,  63% used [0x00007f6d542f0000, 0x00007f6d5adaa508, 0x00007f6d5ea80000)
  to   space 171584K,   0% used [0x00007f6d5ea80000, 0x00007f6d5ea80000, 0x00007f6d69210000)
 tenured generation   total 3432504K, used 2837400K [0x00007f7255b50000, 0x00007f732735e000, 0x00007f7d00600000)
   the space 3432504K,  82% used [0x00007f7255b50000, 0x00007f7302e362a0, 0x00007f7302e36400, 0x00007f732735e000)
 Metaspace       used 31232K, capacity 31691K, committed 32000K, reserved 32768K
}
Event: 196.064 GC heap after
{Heap after GC invocations=107 (full 4):
 def new generation   total 1544704K, used 113751K [0x00007f6d00600000, 0x00007f6d69210000, 0x00007f7255b50000)
  eden space 1373120K,   0% used [0x00007f6d00600000, 0x00007f6d00600000, 0x00007f6d542f0000)
  from space 171584K,  66% used [0x00007f6d5ea80000, 0x00007f6d65995c58, 0x00007f6d69210000)
  to   space 171584K,   0% used [0x00007f6d542f0000, 0x00007f6d542f0000, 0x00007f6d5ea80000)
 tenured generation   total 3432504K, used 2946689K [0x00007f7255b50000, 0x00007f732735e000, 0x00007f7d00600000)
   the space 3432504K,  85% used [0x00007f7255b50000, 0x00007f73098f0528, 0x00007f73098f0600, 0x00007f732735e000)
 Metaspace       used 31232K, capacity 31691K, committed 32000K, reserved 32768K
}
Event: 196.434 GC heap before
{Heap before GC invocations=107 (full 4):
 def new generation   total 1544704K, used 1486871K [0x00007f6d00600000, 0x00007f6d69210000, 0x00007f7255b50000)
  eden space 1373120K, 100% used [0x00007f6d00600000, 0x00007f6d542f0000, 0x00007f6d542f0000)
  from space 171584K,  66% used [0x00007f6d5ea80000, 0x00007f6d65995c58, 0x00007f6d69210000)
  to   space 171584K,   0% used [0x00007f6d542f0000, 0x00007f6d542f0000, 0x00007f6d5ea80000)
 tenured generation   total 3432504K, used 2946689K [0x00007f7255b50000, 0x00007f732735e000, 0x00007f7d00600000)
   the space 3432504K,  85% used [0x00007f7255b50000, 0x00007f73098f0528, 0x00007f73098f0600, 0x00007f732735e000)
 Metaspace       used 31232K, capacity 31691K, committed 32000K, reserved 32768K
}
Event: 196.804 GC heap after
{Heap after GC invocations=108 (full 4):
 def new generation   total 1544704K, used 113552K [0x00007f6d00600000, 0x00007f6d69210000, 0x00007f7255b50000)
  eden space 1373120K,   0% used [0x00007f6d00600000, 0x00007f6d00600000, 0x00007f6d542f0000)
  from space 171584K,  66% used [0x00007f6d542f0000, 0x00007f6d5b1d4248, 0x00007f6d5ea80000)
  to   space 171584K,   0% used [0x00007f6d5ea80000, 0x00007f6d5ea80000, 0x00007f6d69210000)
 tenured generation   total 3432504K, used 3060439K [0x00007f7255b50000, 0x00007f732735e000, 0x00007f7d00600000)
   the space 3432504K,  89% used [0x00007f7255b50000, 0x00007f7310805f50, 0x00007f7310806000, 0x00007f732735e000)
 Metaspace       used 31232K, capacity 31691K, committed 32000K, reserved 32768K
}
Event: 197.210 GC heap before
{Heap before GC invocations=108 (full 4):
 def new generation   total 1544704K, used 1486672K [0x00007f6d00600000, 0x00007f6d69210000, 0x00007f7255b50000)
  eden space 1373120K, 100% used [0x00007f6d00600000, 0x00007f6d542f0000, 0x00007f6d542f0000)
  from space 171584K,  66% used [0x00007f6d542f0000, 0x00007f6d5b1d4248, 0x00007f6d5ea80000)
  to   space 171584K,   0% used [0x00007f6d5ea80000, 0x00007f6d5ea80000, 0x00007f6d69210000)
 tenured generation   total 3432504K, used 3060439K [0x00007f7255b50000, 0x00007f732735e000, 0x00007f7d00600000)
   the space 3432504K,  89% used [0x00007f7255b50000, 0x00007f7310805f50, 0x00007f7310806000, 0x00007f732735e000)
 Metaspace       used 31232K, capacity 31691K, committed 32000K, reserved 32768K
}
Event: 197.549 GC heap after
{Heap after GC invocations=109 (full 4):
 def new generation   total 1544704K, used 104509K [0x00007f6d00600000, 0x00007f6d69210000, 0x00007f7255b50000)
  eden space 1373120K,   0% used [0x00007f6d00600000, 0x00007f6d00600000, 0x00007f6d542f0000)
  from space 171584K,  60% used [0x00007f6d5ea80000, 0x00007f6d6508f760, 0x00007f6d69210000)
  to   space 171584K,   0% used [0x00007f6d542f0000, 0x00007f6d542f0000, 0x00007f6d5ea80000)
 tenured generation   total 3432504K, used 3173991K [0x00007f7255b50000, 0x00007f732735e000, 0x00007f7d00600000)
   the space 3432504K,  92% used [0x00007f7255b50000, 0x00007f73176e9f18, 0x00007f73176ea000, 0x00007f732735e000)
 Metaspace       used 31232K, capacity 31691K, committed 32000K, reserved 32768K
}
Event: 197.962 GC heap before
{Heap before GC invocations=109 (full 4):
 def new generation   total 1544704K, used 1477629K [0x00007f6d00600000, 0x00007f6d69210000, 0x00007f7255b50000)
  eden space 1373120K, 100% used [0x00007f6d00600000, 0x00007f6d542f0000, 0x00007f6d542f0000)
  from space 171584K,  60% used [0x00007f6d5ea80000, 0x00007f6d6508f760, 0x00007f6d69210000)
  to   space 171584K,   0% used [0x00007f6d542f0000, 0x00007f6d542f0000, 0x00007f6d5ea80000)
 tenured generation   total 3432504K, used 3173991K [0x00007f7255b50000, 0x00007f732735e000, 0x00007f7d00600000)
   the space 3432504K,  92% used [0x00007f7255b50000, 0x00007f73176e9f18, 0x00007f73176ea000, 0x00007f732735e000)
 Metaspace       used 31232K, capacity 31691K, committed 32000K, reserved 32768K
}
Event: 198.328 GC heap after
{Heap after GC invocations=110 (full 4):
 def new generation   total 1544704K, used 107646K [0x00007f6d00600000, 0x00007f6d69210000, 0x00007f7255b50000)
  eden space 1373120K,   0% used [0x00007f6d00600000, 0x00007f6d00600000, 0x00007f6d542f0000)
  from space 171584K,  62% used [0x00007f6d542f0000, 0x00007f6d5ac0f988, 0x00007f6d5ea80000)
  to   space 171584K,   0% used [0x00007f6d5ea80000, 0x00007f6d5ea80000, 0x00007f6d69210000)
 tenured generation   total 3432504K, used 3278501K [0x00007f7255b50000, 0x00007f732735e000, 0x00007f7d00600000)
   the space 3432504K,  95% used [0x00007f7255b50000, 0x00007f731dcf9438, 0x00007f731dcf9600, 0x00007f732735e000)
 Metaspace       used 31232K, capacity 31691K, committed 32000K, reserved 32768K
}
Event: 198.720 GC heap before
{Heap before GC invocations=110 (full 4):
 def new generation   total 1544704K, used 1480766K [0x00007f6d00600000, 0x00007f6d69210000, 0x00007f7255b50000)
  eden space 1373120K, 100% used [0x00007f6d00600000, 0x00007f6d542f0000, 0x00007f6d542f0000)
  from space 171584K,  62% used [0x00007f6d542f0000, 0x00007f6d5ac0f988, 0x00007f6d5ea80000)
  to   space 171584K,   0% used [0x00007f6d5ea80000, 0x00007f6d5ea80000, 0x00007f6d69210000)
 tenured generation   total 3432504K, used 3278501K [0x00007f7255b50000, 0x00007f732735e000, 0x00007f7d00600000)
   the space 3432504K,  95% used [0x00007f7255b50000, 0x00007f731dcf9438, 0x00007f731dcf9600, 0x00007f732735e000)
 Metaspace       used 31232K, capacity 31691K, committed 32000K, reserved 32768K
}
Event: 199.088 GC heap after
{Heap after GC invocations=111 (full 4):
 def new generation   total 1544704K, used 120310K [0x00007f6d00600000, 0x00007f6d69210000, 0x00007f7255b50000)
  eden space 1373120K,   0% used [0x00007f6d00600000, 0x00007f6d00600000, 0x00007f6d542f0000)
  from space 171584K,  70% used [0x00007f6d5ea80000, 0x00007f6d65ffd8b8, 0x00007f6d69210000)
  to   space 171584K,   0% used [0x00007f6d542f0000, 0x00007f6d542f0000, 0x00007f6d5ea80000)
 tenured generation   total 3432504K, used 3386146K [0x00007f7255b50000, 0x00007f732735e000, 0x00007f7d00600000)
   the space 3432504K,  98% used [0x00007f7255b50000, 0x00007f73246189c0, 0x00007f7324618a00, 0x00007f732735e000)
 Metaspace       used 31232K, capacity 31691K, committed 32000K, reserved 32768K
}
Event: 199.458 GC heap before
{Heap before GC invocations=111 (full 4):
 def new generation   total 1544704K, used 1493430K [0x00007f6d00600000, 0x00007f6d69210000, 0x00007f7255b50000)
  eden space 1373120K, 100% used [0x00007f6d00600000, 0x00007f6d542f0000, 0x00007f6d542f0000)
  from space 171584K,  70% used [0x00007f6d5ea80000, 0x00007f6d65ffd8b8, 0x00007f6d69210000)
  to   space 171584K,   0% used [0x00007f6d542f0000, 0x00007f6d542f0000, 0x00007f6d5ea80000)
 tenured generation   total 3432504K, used 3386146K [0x00007f7255b50000, 0x00007f732735e000, 0x00007f7d00600000)
   the space 3432504K,  98% used [0x00007f7255b50000, 0x00007f73246189c0, 0x00007f7324618a00, 0x00007f732735e000)
 Metaspace       used 31232K, capacity 31691K, committed 32000K, reserved 32768K
}
Event: 199.817 GC heap after
{Heap after GC invocations=112 (full 4):
 def new generation   total 1544704K, used 111348K [0x00007f6d00600000, 0x00007f6d69210000, 0x00007f7255b50000)
  eden space 1373120K,   0% used [0x00007f6d00600000, 0x00007f6d00600000, 0x00007f6d542f0000)
  from space 171584K,  64% used [0x00007f6d542f0000, 0x00007f6d5afad130, 0x00007f6d5ea80000)
  to   space 171584K,   0% used [0x00007f6d5ea80000, 0x00007f6d5ea80000, 0x00007f6d69210000)
 tenured generation   total 3506616K, used 3506456K [0x00007f7255b50000, 0x00007f732bbbe000, 0x00007f7d00600000)
   the space 3506616K,  99% used [0x00007f7255b50000, 0x00007f732bb96148, 0x00007f732bb96200, 0x00007f732bbbe000)
 Metaspace       used 31232K, capacity 31691K, committed 32000K, reserved 32768K
}
Event: 199.817 GC heap before
{Heap before GC invocations=112 (full 4):
 def new generation   total 1544704K, used 111348K [0x00007f6d00600000, 0x00007f6d69210000, 0x00007f7255b50000)
  eden space 1373120K,   0% used [0x00007f6d00600000, 0x00007f6d00600000, 0x00007f6d542f0000)
  from space 171584K,  64% used [0x00007f6d542f0000, 0x00007f6d5afad130, 0x00007f6d5ea80000)
  to   space 171584K,   0% used [0x00007f6d5ea80000, 0x00007f6d5ea80000, 0x00007f6d69210000)
 tenured generation   total 3506616K, used 3506456K [0x00007f7255b50000, 0x00007f732bbbe000, 0x00007f7d00600000)
   the space 3506616K,  99% used [0x00007f7255b50000, 0x00007f732bb96148, 0x00007f732bb96200, 0x00007f732bbbe000)
 Metaspace       used 31232K, capacity 31691K, committed 32000K, reserved 32768K
}

