# JRE version: OpenJDK Runtime Environment (13.0.7+5) (build 13.0.7+5-Ubuntu-0ubuntu120.04)
# Java VM: OpenJDK 64-Bit Server VM (13.0.7+5-Ubuntu-0ubuntu120.04, mixed mode, tiered, serial gc, linux-amd64)
Heap:
 def new generation   total 8130816K, used 545817K [0x00007f8254600000, 0x00007f847bc70000, 0x00007f87a9b50000)
  eden space 7227456K,   7% used [0x00007f8254600000, 0x00007f8275b06788, 0x00007f840d810000)
  from space 903360K,   0% used [0x00007f840d810000, 0x00007f840d810000, 0x00007f8444a40000)
  to   space 903360K,   0% used [0x00007f8444a40000, 0x00007f8444a40000, 0x00007f847bc70000)
 tenured generation   total 18088248K, used 18088247K [0x00007f87a9b50000, 0x00007f8bf9b9e000, 0x00007f9254600000)
   the space 18088248K,  99% used [0x00007f87a9b50000, 0x00007f8bf9b9dff0, 0x00007f8bf9b9e000, 0x00007f8bf9b9e000)
 Metaspace       used 31212K, capacity 31647K, committed 31744K, reserved 32768K
GC Heap History (20 events):
Event: 651.650 GC heap after
{Heap after GC invocations=176 (full 8):
 def new generation   total 8130816K, used 551614K [0x00007f8254600000, 0x00007f847bc70000, 0x00007f87a9b50000)
  eden space 7227456K,   0% used [0x00007f8254600000, 0x00007f8254600000, 0x00007f840d810000)
  from space 903360K,  61% used [0x00007f8444a40000, 0x00007f84664ef900, 0x00007f847bc70000)
  to   space 903360K,   0% used [0x00007f840d810000, 0x00007f840d810000, 0x00007f8444a40000)
 tenured generation   total 18068280K, used 13001045K [0x00007f87a9b50000, 0x00007f8bf881e000, 0x00007f9254600000)
   the space 18068280K,  71% used [0x00007f87a9b50000, 0x00007f8ac33a5758, 0x00007f8ac33a5800, 0x00007f8bf881e000)
 Metaspace       used 31212K, capacity 31647K, committed 31744K, reserved 32768K
}
Event: 653.469 GC heap before
{Heap before GC invocations=176 (full 8):
 def new generation   total 8130816K, used 7779070K [0x00007f8254600000, 0x00007f847bc70000, 0x00007f87a9b50000)
  eden space 7227456K, 100% used [0x00007f8254600000, 0x00007f840d810000, 0x00007f840d810000)
  from space 903360K,  61% used [0x00007f8444a40000, 0x00007f84664ef900, 0x00007f847bc70000)
  to   space 903360K,   0% used [0x00007f840d810000, 0x00007f840d810000, 0x00007f8444a40000)
 tenured generation   total 18068280K, used 13001045K [0x00007f87a9b50000, 0x00007f8bf881e000, 0x00007f9254600000)
   the space 18068280K,  71% used [0x00007f87a9b50000, 0x00007f8ac33a5758, 0x00007f8ac33a5800, 0x00007f8bf881e000)
 Metaspace       used 31212K, capacity 31647K, committed 31744K, reserved 32768K
}
Event: 654.914 GC heap after
{Heap after GC invocations=177 (full 8):
 def new generation   total 8130816K, used 572040K [0x00007f8254600000, 0x00007f847bc70000, 0x00007f87a9b50000)
  eden space 7227456K,   0% used [0x00007f8254600000, 0x00007f8254600000, 0x00007f840d810000)
  from space 903360K,  63% used [0x00007f840d810000, 0x00007f84306b21b0, 0x00007f8444a40000)
  to   space 903360K,   0% used [0x00007f8444a40000, 0x00007f8444a40000, 0x00007f847bc70000)
 tenured generation   total 18068280K, used 13552659K [0x00007f87a9b50000, 0x00007f8bf881e000, 0x00007f9254600000)
   the space 18068280K,  75% used [0x00007f87a9b50000, 0x00007f8ae4e54d38, 0x00007f8ae4e54e00, 0x00007f8bf881e000)
 Metaspace       used 31212K, capacity 31647K, committed 31744K, reserved 32768K
}
Event: 656.877 GC heap before
{Heap before GC invocations=177 (full 8):
 def new generation   total 8130816K, used 7799496K [0x00007f8254600000, 0x00007f847bc70000, 0x00007f87a9b50000)
  eden space 7227456K, 100% used [0x00007f8254600000, 0x00007f840d810000, 0x00007f840d810000)
  from space 903360K,  63% used [0x00007f840d810000, 0x00007f84306b21b0, 0x00007f8444a40000)
  to   space 903360K,   0% used [0x00007f8444a40000, 0x00007f8444a40000, 0x00007f847bc70000)
 tenured generation   total 18068280K, used 13552659K [0x00007f87a9b50000, 0x00007f8bf881e000, 0x00007f9254600000)
   the space 18068280K,  75% used [0x00007f87a9b50000, 0x00007f8ae4e54d38, 0x00007f8ae4e54e00, 0x00007f8bf881e000)
 Metaspace       used 31212K, capacity 31647K, committed 31744K, reserved 32768K
}
Event: 658.460 GC heap after
{Heap after GC invocations=178 (full 8):
 def new generation   total 8130816K, used 631493K [0x00007f8254600000, 0x00007f847bc70000, 0x00007f87a9b50000)
  eden space 7227456K,   0% used [0x00007f8254600000, 0x00007f8254600000, 0x00007f840d810000)
  from space 903360K,  69% used [0x00007f8444a40000, 0x00007f846b2f1580, 0x00007f847bc70000)
  to   space 903360K,   0% used [0x00007f840d810000, 0x00007f840d810000, 0x00007f8444a40000)
 tenured generation   total 18068280K, used 14124699K [0x00007f87a9b50000, 0x00007f8bf881e000, 0x00007f9254600000)
   the space 18068280K,  78% used [0x00007f87a9b50000, 0x00007f8b07cf6c18, 0x00007f8b07cf6e00, 0x00007f8bf881e000)
 Metaspace       used 31212K, capacity 31647K, committed 31744K, reserved 32768K
}
Event: 660.338 GC heap before
{Heap before GC invocations=178 (full 8):
 def new generation   total 8130816K, used 7858949K [0x00007f8254600000, 0x00007f847bc70000, 0x00007f87a9b50000)
  eden space 7227456K, 100% used [0x00007f8254600000, 0x00007f840d810000, 0x00007f840d810000)
  from space 903360K,  69% used [0x00007f8444a40000, 0x00007f846b2f1580, 0x00007f847bc70000)
  to   space 903360K,   0% used [0x00007f840d810000, 0x00007f840d810000, 0x00007f8444a40000)
 tenured generation   total 18068280K, used 14124699K [0x00007f87a9b50000, 0x00007f8bf881e000, 0x00007f9254600000)
   the space 18068280K,  78% used [0x00007f87a9b50000, 0x00007f8b07cf6c18, 0x00007f8b07cf6e00, 0x00007f8bf881e000)
 Metaspace       used 31212K, capacity 31647K, committed 31744K, reserved 32768K
}
Event: 662.012 GC heap after
{Heap after GC invocations=179 (full 8):
 def new generation   total 8130816K, used 652678K [0x00007f8254600000, 0x00007f847bc70000, 0x00007f87a9b50000)
  eden space 7227456K,   0% used [0x00007f8254600000, 0x00007f8254600000, 0x00007f840d810000)
  from space 903360K,  72% used [0x00007f840d810000, 0x00007f8435571bc0, 0x00007f8444a40000)
  to   space 903360K,   0% used [0x00007f8444a40000, 0x00007f8444a40000, 0x00007f847bc70000)
 tenured generation   total 18068280K, used 14756192K [0x00007f87a9b50000, 0x00007f8bf881e000, 0x00007f9254600000)
   the space 18068280K,  81% used [0x00007f87a9b50000, 0x00007f8b2e5a8158, 0x00007f8b2e5a8200, 0x00007f8bf881e000)
 Metaspace       used 31212K, capacity 31647K, committed 31744K, reserved 32768K
}
Event: 663.755 GC heap before
{Heap before GC invocations=179 (full 8):
 def new generation   total 8130816K, used 7880134K [0x00007f8254600000, 0x00007f847bc70000, 0x00007f87a9b50000)
  eden space 7227456K, 100% used [0x00007f8254600000, 0x00007f840d810000, 0x00007f840d810000)
  from space 903360K,  72% used [0x00007f840d810000, 0x00007f8435571bc0, 0x00007f8444a40000)
  to   space 903360K,   0% used [0x00007f8444a40000, 0x00007f8444a40000, 0x00007f847bc70000)
 tenured generation   total 18068280K, used 14756192K [0x00007f87a9b50000, 0x00007f8bf881e000, 0x00007f9254600000)
   the space 18068280K,  81% used [0x00007f87a9b50000, 0x00007f8b2e5a8158, 0x00007f8b2e5a8200, 0x00007f8bf881e000)
 Metaspace       used 31212K, capacity 31647K, committed 31744K, reserved 32768K
}
Event: 665.210 GC heap after
{Heap after GC invocations=180 (full 8):
 def new generation   total 8130816K, used 518193K [0x00007f8254600000, 0x00007f847bc70000, 0x00007f87a9b50000)
  eden space 7227456K,   0% used [0x00007f8254600000, 0x00007f8254600000, 0x00007f840d810000)
  from space 903360K,  57% used [0x00007f8444a40000, 0x00007f846444c580, 0x00007f847bc70000)
  to   space 903360K,   0% used [0x00007f840d810000, 0x00007f840d810000, 0x00007f8444a40000)
 tenured generation   total 18068280K, used 15408871K [0x00007f87a9b50000, 0x00007f8bf881e000, 0x00007f9254600000)
   the space 18068280K,  85% used [0x00007f87a9b50000, 0x00007f8b56309ca8, 0x00007f8b56309e00, 0x00007f8bf881e000)
 Metaspace       used 31212K, capacity 31647K, committed 31744K, reserved 32768K
}
Event: 666.924 GC heap before
{Heap before GC invocations=180 (full 8):
 def new generation   total 8130816K, used 7745649K [0x00007f8254600000, 0x00007f847bc70000, 0x00007f87a9b50000)
  eden space 7227456K, 100% used [0x00007f8254600000, 0x00007f840d810000, 0x00007f840d810000)
  from space 903360K,  57% used [0x00007f8444a40000, 0x00007f846444c580, 0x00007f847bc70000)
  to   space 903360K,   0% used [0x00007f840d810000, 0x00007f840d810000, 0x00007f8444a40000)
 tenured generation   total 18068280K, used 15408871K [0x00007f87a9b50000, 0x00007f8bf881e000, 0x00007f9254600000)
   the space 18068280K,  85% used [0x00007f87a9b50000, 0x00007f8b56309ca8, 0x00007f8b56309e00, 0x00007f8bf881e000)
 Metaspace       used 31212K, capacity 31647K, committed 31744K, reserved 32768K
}
Event: 668.223 GC heap after
{Heap after GC invocations=181 (full 8):
 def new generation   total 8130816K, used 521968K [0x00007f8254600000, 0x00007f847bc70000, 0x00007f87a9b50000)
  eden space 7227456K,   0% used [0x00007f8254600000, 0x00007f8254600000, 0x00007f840d810000)
  from space 903360K,  57% used [0x00007f840d810000, 0x00007f842d5cc360, 0x00007f8444a40000)
  to   space 903360K,   0% used [0x00007f8444a40000, 0x00007f8444a40000, 0x00007f847bc70000)
 tenured generation   total 18068280K, used 15927063K [0x00007f87a9b50000, 0x00007f8bf881e000, 0x00007f9254600000)
   the space 18068280K,  88% used [0x00007f87a9b50000, 0x00007f8b75d15da8, 0x00007f8b75d15e00, 0x00007f8bf881e000)
 Metaspace       used 31212K, capacity 31647K, committed 31744K, reserved 32768K
}
Event: 669.932 GC heap before
{Heap before GC invocations=181 (full 8):
 def new generation   total 8130816K, used 7749424K [0x00007f8254600000, 0x00007f847bc70000, 0x00007f87a9b50000)
  eden space 7227456K, 100% used [0x00007f8254600000, 0x00007f840d810000, 0x00007f840d810000)
  from space 903360K,  57% used [0x00007f840d810000, 0x00007f842d5cc360, 0x00007f8444a40000)
  to   space 903360K,   0% used [0x00007f8444a40000, 0x00007f8444a40000, 0x00007f847bc70000)
 tenured generation   total 18068280K, used 15927063K [0x00007f87a9b50000, 0x00007f8bf881e000, 0x00007f9254600000)
   the space 18068280K,  88% used [0x00007f87a9b50000, 0x00007f8b75d15da8, 0x00007f8b75d15e00, 0x00007f8bf881e000)
 Metaspace       used 31212K, capacity 31647K, committed 31744K, reserved 32768K
}
Event: 671.285 GC heap after
{Heap after GC invocations=182 (full 8):
 def new generation   total 8130816K, used 542978K [0x00007f8254600000, 0x00007f847bc70000, 0x00007f87a9b50000)
  eden space 7227456K,   0% used [0x00007f8254600000, 0x00007f8254600000, 0x00007f840d810000)
  from space 903360K,  60% used [0x00007f8444a40000, 0x00007f8465c80bf0, 0x00007f847bc70000)
  to   space 903360K,   0% used [0x00007f840d810000, 0x00007f840d810000, 0x00007f8444a40000)
 tenured generation   total 18068280K, used 16449031K [0x00007f87a9b50000, 0x00007f8bf881e000, 0x00007f9254600000)
   the space 18068280K,  91% used [0x00007f87a9b50000, 0x00007f8b95ad1fc8, 0x00007f8b95ad2000, 0x00007f8bf881e000)
 Metaspace       used 31212K, capacity 31647K, committed 31744K, reserved 32768K
}
Event: 672.998 GC heap before
{Heap before GC invocations=182 (full 8):
 def new generation   total 8130816K, used 7770434K [0x00007f8254600000, 0x00007f847bc70000, 0x00007f87a9b50000)
  eden space 7227456K, 100% used [0x00007f8254600000, 0x00007f840d810000, 0x00007f840d810000)
  from space 903360K,  60% used [0x00007f8444a40000, 0x00007f8465c80bf0, 0x00007f847bc70000)
  to   space 903360K,   0% used [0x00007f840d810000, 0x00007f840d810000, 0x00007f8444a40000)
 tenured generation   total 18068280K, used 16449031K [0x00007f87a9b50000, 0x00007f8bf881e000, 0x00007f9254600000)
   the space 18068280K,  91% used [0x00007f87a9b50000, 0x00007f8b95ad1fc8, 0x00007f8b95ad2000, 0x00007f8bf881e000)
 Metaspace       used 31212K, capacity 31647K, committed 31744K, reserved 32768K
}
Event: 674.381 GC heap after
{Heap after GC invocations=183 (full 8):
 def new generation   total 8130816K, used 545814K [0x00007f8254600000, 0x00007f847bc70000, 0x00007f87a9b50000)
  eden space 7227456K,   0% used [0x00007f8254600000, 0x00007f8254600000, 0x00007f840d810000)
  from space 903360K,  60% used [0x00007f840d810000, 0x00007f842ed15b90, 0x00007f8444a40000)
  to   space 903360K,   0% used [0x00007f8444a40000, 0x00007f8444a40000, 0x00007f847bc70000)
 tenured generation   total 18068280K, used 16992009K [0x00007f87a9b50000, 0x00007f8bf881e000, 0x00007f9254600000)
   the space 18068280K,  94% used [0x00007f87a9b50000, 0x00007f8bb6d12748, 0x00007f8bb6d12800, 0x00007f8bf881e000)
 Metaspace       used 31212K, capacity 31647K, committed 31744K, reserved 32768K
}
Event: 676.064 GC heap before
{Heap before GC invocations=183 (full 8):
 def new generation   total 8130816K, used 7773270K [0x00007f8254600000, 0x00007f847bc70000, 0x00007f87a9b50000)
  eden space 7227456K, 100% used [0x00007f8254600000, 0x00007f840d810000, 0x00007f840d810000)
  from space 903360K,  60% used [0x00007f840d810000, 0x00007f842ed15b90, 0x00007f8444a40000)
  to   space 903360K,   0% used [0x00007f8444a40000, 0x00007f8444a40000, 0x00007f847bc70000)
 tenured generation   total 18068280K, used 16992009K [0x00007f87a9b50000, 0x00007f8bf881e000, 0x00007f9254600000)
   the space 18068280K,  94% used [0x00007f87a9b50000, 0x00007f8bb6d12748, 0x00007f8bb6d12800, 0x00007f8bf881e000)
 Metaspace       used 31212K, capacity 31647K, committed 31744K, reserved 32768K
}
Event: 677.434 GC heap after
{Heap after GC invocations=184 (full 8):
 def new generation   total 8130816K, used 550332K [0x00007f8254600000, 0x00007f847bc70000, 0x00007f87a9b50000)
  eden space 7227456K,   0% used [0x00007f8254600000, 0x00007f8254600000, 0x00007f840d810000)
  from space 903360K,  60% used [0x00007f8444a40000, 0x00007f84663af370, 0x00007f847bc70000)
  to   space 903360K,   0% used [0x00007f840d810000, 0x00007f840d810000, 0x00007f8444a40000)
 tenured generation   total 18068280K, used 17537824K [0x00007f87a9b50000, 0x00007f8bf881e000, 0x00007f9254600000)
   the space 18068280K,  97% used [0x00007f87a9b50000, 0x00007f8bd8218028, 0x00007f8bd8218200, 0x00007f8bf881e000)
 Metaspace       used 31212K, capacity 31647K, committed 31744K, reserved 32768K
}
Event: 679.108 GC heap before
{Heap before GC invocations=184 (full 8):
 def new generation   total 8130816K, used 7777788K [0x00007f8254600000, 0x00007f847bc70000, 0x00007f87a9b50000)
  eden space 7227456K, 100% used [0x00007f8254600000, 0x00007f840d810000, 0x00007f840d810000)
  from space 903360K,  60% used [0x00007f8444a40000, 0x00007f84663af370, 0x00007f847bc70000)
  to   space 903360K,   0% used [0x00007f840d810000, 0x00007f840d810000, 0x00007f8444a40000)
 tenured generation   total 18068280K, used 17537824K [0x00007f87a9b50000, 0x00007f8bf881e000, 0x00007f9254600000)
   the space 18068280K,  97% used [0x00007f87a9b50000, 0x00007f8bd8218028, 0x00007f8bd8218200, 0x00007f8bf881e000)
 Metaspace       used 31212K, capacity 31647K, committed 31744K, reserved 32768K
}
Event: 680.445 GC heap after
{Heap after GC invocations=185 (full 8):
 def new generation   total 8130816K, used 545909K [0x00007f8254600000, 0x00007f847bc70000, 0x00007f87a9b50000)
  eden space 7227456K,   0% used [0x00007f8254600000, 0x00007f8254600000, 0x00007f840d810000)
  from space 903360K,  60% used [0x00007f840d810000, 0x00007f842ed2d690, 0x00007f8444a40000)
  to   space 903360K,   0% used [0x00007f8444a40000, 0x00007f8444a40000, 0x00007f847bc70000)
 tenured generation   total 18088248K, used 18088156K [0x00007f87a9b50000, 0x00007f8bf9b9e000, 0x00007f9254600000)
   the space 18088248K,  99% used [0x00007f87a9b50000, 0x00007f8bf9b870e8, 0x00007f8bf9b87200, 0x00007f8bf9b9e000)
 Metaspace       used 31212K, capacity 31647K, committed 31744K, reserved 32768K
}
Event: 680.445 GC heap before
{Heap before GC invocations=185 (full 8):
 def new generation   total 8130816K, used 545909K [0x00007f8254600000, 0x00007f847bc70000, 0x00007f87a9b50000)
  eden space 7227456K,   0% used [0x00007f8254600000, 0x00007f8254600000, 0x00007f840d810000)
  from space 903360K,  60% used [0x00007f840d810000, 0x00007f842ed2d690, 0x00007f8444a40000)
  to   space 903360K,   0% used [0x00007f8444a40000, 0x00007f8444a40000, 0x00007f847bc70000)
 tenured generation   total 18088248K, used 18088156K [0x00007f87a9b50000, 0x00007f8bf9b9e000, 0x00007f9254600000)
   the space 18088248K,  99% used [0x00007f87a9b50000, 0x00007f8bf9b870e8, 0x00007f8bf9b87200, 0x00007f8bf9b9e000)
 Metaspace       used 31212K, capacity 31647K, committed 31744K, reserved 32768K
}

