# JRE version: OpenJDK Runtime Environment (13.0.7+5) (build 13.0.7+5-Ubuntu-0ubuntu120.04)
# Java VM: OpenJDK 64-Bit Server VM (13.0.7+5-Ubuntu-0ubuntu120.04, mixed mode, tiered, serial gc, linux-amd64)
Heap:
 def new generation   total 3058368K, used 2019745K [0x00007fe098600000, 0x00007fe167c80000, 0x00007fe5edb50000)
  eden space 2718592K,  74% used [0x00007fe098600000, 0x00007fe113a682c0, 0x00007fe13e4e0000)
  from space 339776K,   0% used [0x00007fe1530b0000, 0x00007fe1530b0270, 0x00007fe167c80000)
  to   space 339776K,   0% used [0x00007fe13e4e0000, 0x00007fe13e4e0328, 0x00007fe1530b0000)
 tenured generation   total 6796276K, used 6171215K [0x00007fe5edb50000, 0x00007fe78c84d000, 0x00007ff098600000)
   the space 6796276K,  90% used [0x00007fe5edb50000, 0x00007fe7665e3fc0, 0x00007fe7665e4000, 0x00007fe78c84d000)
 Metaspace       used 23193K, capacity 23537K, committed 23552K, reserved 24576K
GC Heap History (20 events):
Event: 36.823 GC heap after
{Heap after GC invocations=7 (full 4):
 def new generation   total 3058368K, used 245761K [0x00007fe098600000, 0x00007fe167c80000, 0x00007fe5edb50000)
  eden space 2718592K,   0% used [0x00007fe098600000, 0x00007fe098600000, 0x00007fe13e4e0000)
  from space 339776K,  72% used [0x00007fe1530b0000, 0x00007fe1620b0440, 0x00007fe167c80000)
  to   space 339776K,   0% used [0x00007fe13e4e0000, 0x00007fe13e4e0000, 0x00007fe1530b0000)
 tenured generation   total 6796276K, used 4187111K [0x00007fe5edb50000, 0x00007fe78c84d000, 0x00007ff098600000)
   the space 6796276K,  61% used [0x00007fe5edb50000, 0x00007fe6ed449f00, 0x00007fe6ed44a000, 0x00007fe78c84d000)
 Metaspace       used 23076K, capacity 23457K, committed 23552K, reserved 24576K
}
Event: 38.437 GC heap before
{Heap before GC invocations=7 (full 4):
 def new generation   total 3058368K, used 1340486K [0x00007fe098600000, 0x00007fe167c80000, 0x00007fe5edb50000)
  eden space 2718592K,  40% used [0x00007fe098600000, 0x00007fe0db3115b8, 0x00007fe13e4e0000)
  from space 339776K,  72% used [0x00007fe1530b0000, 0x00007fe1620b0440, 0x00007fe167c80000)
  to   space 339776K,   0% used [0x00007fe13e4e0000, 0x00007fe13e4e0000, 0x00007fe1530b0000)
 tenured generation   total 6796276K, used 4187111K [0x00007fe5edb50000, 0x00007fe78c84d000, 0x00007ff098600000)
   the space 6796276K,  61% used [0x00007fe5edb50000, 0x00007fe6ed449f00, 0x00007fe6ed44a000, 0x00007fe78c84d000)
 Metaspace       used 23172K, capacity 23530K, committed 23552K, reserved 24576K
}
Event: 38.601 GC heap after
{Heap after GC invocations=8 (full 4):
 def new generation   total 3058368K, used 138085K [0x00007fe098600000, 0x00007fe167c80000, 0x00007fe5edb50000)
  eden space 2718592K,   0% used [0x00007fe098600000, 0x00007fe098600000, 0x00007fe13e4e0000)
  from space 339776K,  40% used [0x00007fe13e4e0000, 0x00007fe146bb9478, 0x00007fe1530b0000)
  to   space 339776K,   0% used [0x00007fe1530b0000, 0x00007fe1530b0000, 0x00007fe167c80000)
 tenured generation   total 6796276K, used 4187112K [0x00007fe5edb50000, 0x00007fe78c84d000, 0x00007ff098600000)
   the space 6796276K,  61% used [0x00007fe5edb50000, 0x00007fe6ed44a080, 0x00007fe6ed44a200, 0x00007fe78c84d000)
 Metaspace       used 23172K, capacity 23530K, committed 23552K, reserved 24576K
}
Event: 38.601 GC heap before
{Heap before GC invocations=8 (full 4):
 def new generation   total 3058368K, used 138085K [0x00007fe098600000, 0x00007fe167c80000, 0x00007fe5edb50000)
  eden space 2718592K,   0% used [0x00007fe098600000, 0x00007fe098600000, 0x00007fe13e4e0000)
  from space 339776K,  40% used [0x00007fe13e4e0000, 0x00007fe146bb9478, 0x00007fe1530b0000)
  to   space 339776K,   0% used [0x00007fe1530b0000, 0x00007fe1530b0000, 0x00007fe167c80000)
 tenured generation   total 6796276K, used 4187112K [0x00007fe5edb50000, 0x00007fe78c84d000, 0x00007ff098600000)
   the space 6796276K,  61% used [0x00007fe5edb50000, 0x00007fe6ed44a080, 0x00007fe6ed44a200, 0x00007fe78c84d000)
 Metaspace       used 23172K, capacity 23530K, committed 23552K, reserved 24576K
}
Event: 38.993 GC heap after
{Heap after GC invocations=8 (full 5):
 def new generation   total 3058368K, used 0K [0x00007fe098600000, 0x00007fe167c80000, 0x00007fe5edb50000)
  eden space 2718592K,   0% used [0x00007fe098600000, 0x00007fe098600000, 0x00007fe13e4e0000)
  from space 339776K,   0% used [0x00007fe13e4e0000, 0x00007fe13e4e0000, 0x00007fe1530b0000)
  to   space 339776K,   0% used [0x00007fe1530b0000, 0x00007fe1530b0000, 0x00007fe167c80000)
 tenured generation   total 6796276K, used 141001K [0x00007fe5edb50000, 0x00007fe78c84d000, 0x00007ff098600000)
   the space 6796276K,   2% used [0x00007fe5edb50000, 0x00007fe5f65025a8, 0x00007fe5f6502600, 0x00007fe78c84d000)
 Metaspace       used 23172K, capacity 23530K, committed 23552K, reserved 24576K
}
Event: 45.210 GC heap before
{Heap before GC invocations=8 (full 5):
 def new generation   total 3058368K, used 2019155K [0x00007fe098600000, 0x00007fe167c80000, 0x00007fe5edb50000)
  eden space 2718592K,  74% used [0x00007fe098600000, 0x00007fe1139d4ca8, 0x00007fe13e4e0000)
  from space 339776K,   0% used [0x00007fe13e4e0000, 0x00007fe13e4e0000, 0x00007fe1530b0000)
  to   space 339776K,   0% used [0x00007fe1530b0000, 0x00007fe1530b0000, 0x00007fe167c80000)
 tenured generation   total 6796276K, used 4073161K [0x00007fe5edb50000, 0x00007fe78c84d000, 0x00007ff098600000)
   the space 6796276K,  59% used [0x00007fe5edb50000, 0x00007fe6e65025c0, 0x00007fe6e6502600, 0x00007fe78c84d000)
 Metaspace       used 23172K, capacity 23530K, committed 23552K, reserved 24576K
}
Event: 45.942 GC heap after
{Heap after GC invocations=9 (full 5):
 def new generation   total 3058368K, used 0K [0x00007fe098600000, 0x00007fe167c80000, 0x00007fe5edb50000)
  eden space 2718592K,   0% used [0x00007fe098600000, 0x00007fe098600000, 0x00007fe13e4e0000)
  from space 339776K,   0% used [0x00007fe1530b0000, 0x00007fe1530b0270, 0x00007fe167c80000)
  to   space 339776K,   0% used [0x00007fe13e4e0000, 0x00007fe13e4e0000, 0x00007fe1530b0000)
 tenured generation   total 6796276K, used 6039241K [0x00007fe5edb50000, 0x00007fe78c84d000, 0x00007ff098600000)
   the space 6796276K,  88% used [0x00007fe5edb50000, 0x00007fe75e5025d8, 0x00007fe75e502600, 0x00007fe78c84d000)
 Metaspace       used 23172K, capacity 23530K, committed 23552K, reserved 24576K
}
Event: 47.129 GC heap before
{Heap before GC invocations=9 (full 5):
 def new generation   total 3058368K, used 2019609K [0x00007fe098600000, 0x00007fe167c80000, 0x00007fe5edb50000)
  eden space 2718592K,  74% used [0x00007fe098600000, 0x00007fe113a46438, 0x00007fe13e4e0000)
  from space 339776K,   0% used [0x00007fe1530b0000, 0x00007fe1530b0270, 0x00007fe167c80000)
  to   space 339776K,   0% used [0x00007fe13e4e0000, 0x00007fe13e4e0000, 0x00007fe1530b0000)
 tenured generation   total 6796276K, used 6039241K [0x00007fe5edb50000, 0x00007fe78c84d000, 0x00007ff098600000)
   the space 6796276K,  88% used [0x00007fe5edb50000, 0x00007fe75e5025d8, 0x00007fe75e502600, 0x00007fe78c84d000)
 Metaspace       used 23172K, capacity 23530K, committed 23552K, reserved 24576K
}
Event: 49.223 GC heap after
{Heap after GC invocations=10 (full 5):
 def new generation   total 3058368K, used 1K [0x00007fe098600000, 0x00007fe167c80000, 0x00007fe5edb50000)
  eden space 2718592K,   0% used [0x00007fe098600000, 0x00007fe098600000, 0x00007fe13e4e0000)
  from space 339776K,   0% used [0x00007fe13e4e0000, 0x00007fe13e4e04b8, 0x00007fe1530b0000)
  to   space 339776K,   0% used [0x00007fe1530b0000, 0x00007fe1530b0000, 0x00007fe167c80000)
 tenured generation   total 8762360K, used 8005321K [0x00007fe5edb50000, 0x00007fe80484e000, 0x00007ff098600000)
   the space 8762360K,  91% used [0x00007fe5edb50000, 0x00007fe7d65025f0, 0x00007fe7d6502600, 0x00007fe80484e000)
 Metaspace       used 23172K, capacity 23530K, committed 23552K, reserved 24576K
}
Event: 49.223 GC heap before
{Heap before GC invocations=10 (full 5):
 def new generation   total 3058368K, used 1K [0x00007fe098600000, 0x00007fe167c80000, 0x00007fe5edb50000)
  eden space 2718592K,   0% used [0x00007fe098600000, 0x00007fe098600000, 0x00007fe13e4e0000)
  from space 339776K,   0% used [0x00007fe13e4e0000, 0x00007fe13e4e04b8, 0x00007fe1530b0000)
  to   space 339776K,   0% used [0x00007fe1530b0000, 0x00007fe1530b0000, 0x00007fe167c80000)
 tenured generation   total 8762360K, used 8005321K [0x00007fe5edb50000, 0x00007fe80484e000, 0x00007ff098600000)
   the space 8762360K,  91% used [0x00007fe5edb50000, 0x00007fe7d65025f0, 0x00007fe7d6502600, 0x00007fe80484e000)
 Metaspace       used 23172K, capacity 23530K, committed 23552K, reserved 24576K
}
Event: 50.951 GC heap after
{Heap after GC invocations=10 (full 6):
 def new generation   total 3058368K, used 0K [0x00007fe098600000, 0x00007fe167c80000, 0x00007fe5edb50000)
  eden space 2718592K,   0% used [0x00007fe098600000, 0x00007fe098600000, 0x00007fe13e4e0000)
  from space 339776K,   0% used [0x00007fe13e4e0000, 0x00007fe13e4e0000, 0x00007fe1530b0000)
  to   space 339776K,   0% used [0x00007fe1530b0000, 0x00007fe1530b0000, 0x00007fe167c80000)
 tenured generation   total 6796276K, used 4073162K [0x00007fe5edb50000, 0x00007fe78c84d000, 0x00007ff098600000)
   the space 6796276K,  59% used [0x00007fe5edb50000, 0x00007fe6e65029c0, 0x00007fe6e6502a00, 0x00007fe78c84d000)
 Metaspace       used 23172K, capacity 23530K, committed 23552K, reserved 24576K
}
Event: 56.019 GC heap before
{Heap before GC invocations=10 (full 6):
 def new generation   total 3058368K, used 2510919K [0x00007fe098600000, 0x00007fe167c80000, 0x00007fe5edb50000)
  eden space 2718592K,  92% used [0x00007fe098600000, 0x00007fe131a11ed0, 0x00007fe13e4e0000)
  from space 339776K,   0% used [0x00007fe13e4e0000, 0x00007fe13e4e0000, 0x00007fe1530b0000)
  to   space 339776K,   0% used [0x00007fe1530b0000, 0x00007fe1530b0000, 0x00007fe167c80000)
 tenured generation   total 6796276K, used 4073162K [0x00007fe5edb50000, 0x00007fe78c84d000, 0x00007ff098600000)
   the space 6796276K,  59% used [0x00007fe5edb50000, 0x00007fe6e65029c0, 0x00007fe6e6502a00, 0x00007fe78c84d000)
 Metaspace       used 23172K, capacity 23530K, committed 23552K, reserved 24576K
}
Event: 56.199 GC heap after
{Heap after GC invocations=11 (full 6):
 def new generation   total 3058368K, used 245761K [0x00007fe098600000, 0x00007fe167c80000, 0x00007fe5edb50000)
  eden space 2718592K,   0% used [0x00007fe098600000, 0x00007fe098600000, 0x00007fe13e4e0000)
  from space 339776K,  72% used [0x00007fe1530b0000, 0x00007fe1620b0440, 0x00007fe167c80000)
  to   space 339776K,   0% used [0x00007fe13e4e0000, 0x00007fe13e4e0000, 0x00007fe1530b0000)
 tenured generation   total 6796276K, used 4318922K [0x00007fe5edb50000, 0x00007fe78c84d000, 0x00007ff098600000)
   the space 6796276K,  63% used [0x00007fe5edb50000, 0x00007fe6f55029d8, 0x00007fe6f5502a00, 0x00007fe78c84d000)
 Metaspace       used 23172K, capacity 23530K, committed 23552K, reserved 24576K
}
Event: 57.283 GC heap before
{Heap before GC invocations=11 (full 6):
 def new generation   total 3058368K, used 1487692K [0x00007fe098600000, 0x00007fe167c80000, 0x00007fe5edb50000)
  eden space 2718592K,  45% used [0x00007fe098600000, 0x00007fe0e42d2d98, 0x00007fe13e4e0000)
  from space 339776K,  72% used [0x00007fe1530b0000, 0x00007fe1620b0440, 0x00007fe167c80000)
  to   space 339776K,   0% used [0x00007fe13e4e0000, 0x00007fe13e4e0000, 0x00007fe1530b0000)
 tenured generation   total 6796276K, used 4318922K [0x00007fe5edb50000, 0x00007fe78c84d000, 0x00007ff098600000)
   the space 6796276K,  63% used [0x00007fe5edb50000, 0x00007fe6f55029d8, 0x00007fe6f5502a00, 0x00007fe78c84d000)
 Metaspace       used 23193K, capacity 23537K, committed 23552K, reserved 24576K
}
Event: 57.642 GC heap after
{Heap after GC invocations=12 (full 6):
 def new generation   total 3058368K, used 138298K [0x00007fe098600000, 0x00007fe167c80000, 0x00007fe5edb50000)
  eden space 2718592K,   0% used [0x00007fe098600000, 0x00007fe098600000, 0x00007fe13e4e0000)
  from space 339776K,  40% used [0x00007fe13e4e0000, 0x00007fe146bee820, 0x00007fe1530b0000)
  to   space 339776K,   0% used [0x00007fe1530b0000, 0x00007fe1530b0000, 0x00007fe167c80000)
 tenured generation   total 6796276K, used 4318922K [0x00007fe5edb50000, 0x00007fe78c84d000, 0x00007ff098600000)
   the space 6796276K,  63% used [0x00007fe5edb50000, 0x00007fe6f5502b58, 0x00007fe6f5502c00, 0x00007fe78c84d000)
 Metaspace       used 23193K, capacity 23537K, committed 23552K, reserved 24576K
}
Event: 57.642 GC heap before
{Heap before GC invocations=12 (full 6):
 def new generation   total 3058368K, used 138298K [0x00007fe098600000, 0x00007fe167c80000, 0x00007fe5edb50000)
  eden space 2718592K,   0% used [0x00007fe098600000, 0x00007fe098600000, 0x00007fe13e4e0000)
  from space 339776K,  40% used [0x00007fe13e4e0000, 0x00007fe146bee820, 0x00007fe1530b0000)
  to   space 339776K,   0% used [0x00007fe1530b0000, 0x00007fe1530b0000, 0x00007fe167c80000)
 tenured generation   total 6796276K, used 4318922K [0x00007fe5edb50000, 0x00007fe78c84d000, 0x00007ff098600000)
   the space 6796276K,  63% used [0x00007fe5edb50000, 0x00007fe6f5502b58, 0x00007fe6f5502c00, 0x00007fe78c84d000)
 Metaspace       used 23193K, capacity 23537K, committed 23552K, reserved 24576K
}
Event: 57.730 GC heap after
{Heap after GC invocations=12 (full 7):
 def new generation   total 3058368K, used 0K [0x00007fe098600000, 0x00007fe167c80000, 0x00007fe5edb50000)
  eden space 2718592K,   0% used [0x00007fe098600000, 0x00007fe098600000, 0x00007fe13e4e0000)
  from space 339776K,   0% used [0x00007fe13e4e0000, 0x00007fe13e4e0000, 0x00007fe1530b0000)
  to   space 339776K,   0% used [0x00007fe1530b0000, 0x00007fe1530b0000, 0x00007fe167c80000)
 tenured generation   total 6796276K, used 272975K [0x00007fe5edb50000, 0x00007fe78c84d000, 0x00007ff098600000)
   the space 6796276K,   4% used [0x00007fe5edb50000, 0x00007fe5fe5e3f90, 0x00007fe5fe5e4000, 0x00007fe78c84d000)
 Metaspace       used 23193K, capacity 23537K, committed 23552K, reserved 24576K
}
Event: 64.344 GC heap before
{Heap before GC invocations=12 (full 7):
 def new generation   total 3058368K, used 2019363K [0x00007fe098600000, 0x00007fe167c80000, 0x00007fe5edb50000)
  eden space 2718592K,  74% used [0x00007fe098600000, 0x00007fe113a08f58, 0x00007fe13e4e0000)
  from space 339776K,   0% used [0x00007fe13e4e0000, 0x00007fe13e4e0000, 0x00007fe1530b0000)
  to   space 339776K,   0% used [0x00007fe1530b0000, 0x00007fe1530b0000, 0x00007fe167c80000)
 tenured generation   total 6796276K, used 4205135K [0x00007fe5edb50000, 0x00007fe78c84d000, 0x00007ff098600000)
   the space 6796276K,  61% used [0x00007fe5edb50000, 0x00007fe6ee5e3fa8, 0x00007fe6ee5e4000, 0x00007fe78c84d000)
 Metaspace       used 23193K, capacity 23537K, committed 23552K, reserved 24576K
}
Event: 64.981 GC heap after
{Heap after GC invocations=13 (full 7):
 def new generation   total 3058368K, used 0K [0x00007fe098600000, 0x00007fe167c80000, 0x00007fe5edb50000)
  eden space 2718592K,   0% used [0x00007fe098600000, 0x00007fe098600000, 0x00007fe13e4e0000)
  from space 339776K,   0% used [0x00007fe1530b0000, 0x00007fe1530b0270, 0x00007fe167c80000)
  to   space 339776K,   0% used [0x00007fe13e4e0000, 0x00007fe13e4e0000, 0x00007fe1530b0000)
 tenured generation   total 6796276K, used 6171215K [0x00007fe5edb50000, 0x00007fe78c84d000, 0x00007ff098600000)
   the space 6796276K,  90% used [0x00007fe5edb50000, 0x00007fe7665e3fc0, 0x00007fe7665e4000, 0x00007fe78c84d000)
 Metaspace       used 23193K, capacity 23537K, committed 23552K, reserved 24576K
}
Event: 65.516 GC heap before
{Heap before GC invocations=13 (full 7):
 def new generation   total 3058368K, used 2019745K [0x00007fe098600000, 0x00007fe167c80000, 0x00007fe5edb50000)
  eden space 2718592K,  74% used [0x00007fe098600000, 0x00007fe113a682c0, 0x00007fe13e4e0000)
  from space 339776K,   0% used [0x00007fe1530b0000, 0x00007fe1530b0270, 0x00007fe167c80000)
  to   space 339776K,   0% used [0x00007fe13e4e0000, 0x00007fe13e4e0000, 0x00007fe1530b0000)
 tenured generation   total 6796276K, used 6171215K [0x00007fe5edb50000, 0x00007fe78c84d000, 0x00007ff098600000)
   the space 6796276K,  90% used [0x00007fe5edb50000, 0x00007fe7665e3fc0, 0x00007fe7665e4000, 0x00007fe78c84d000)
 Metaspace       used 23193K, capacity 23537K, committed 23552K, reserved 24576K
}

