# JRE version: OpenJDK Runtime Environment (13.0.7+5) (build 13.0.7+5-Ubuntu-0ubuntu120.04)
# Java VM: OpenJDK 64-Bit Server VM (13.0.7+5-Ubuntu-0ubuntu120.04, mixed mode, tiered, serial gc, linux-amd64)
Heap:
 def new generation   total 14754688K, used 0K [0x00007f508c600000, 0x00007f5474fd0000, 0x00007f55e1b50000)
  eden space 13115328K,   0% used [0x00007f508c600000, 0x00007f508c600000, 0x00007f53acdf0000)
  from space 1639360K,   0% used [0x00007f5410ee0000, 0x00007f5410ee0000, 0x00007f5474fd0000)
  to   space 1639360K,   0% used [0x00007f53acdf0000, 0x00007f53acdf0000, 0x00007f5410ee0000)
 tenured generation   total 33417756K, used 26035751K [0x00007f55e1b50000, 0x00007f5dd95d7000, 0x00007f608c600000)
   the space 33417756K,  77% used [0x00007f55e1b50000, 0x00007f5c16cd9ef8, 0x00007f5c16cda000, 0x00007f5dd95d7000)
 Metaspace       used 30222K, capacity 30666K, committed 30976K, reserved 32768K
GC Heap History (20 events):
Event: 871.041 GC heap after
{Heap after GC invocations=93 (full 7):
 def new generation   total 9256000K, used 668492K [0x00007f508c600000, 0x00007f5300160000, 0x00007f55e1b50000)
  eden space 8227584K,   0% used [0x00007f508c600000, 0x00007f508c600000, 0x00007f52828c0000)
  from space 1028416K,  65% used [0x00007f52828c0000, 0x00007f52ab593030, 0x00007f52c1510000)
  to   space 1028416K,   0% used [0x00007f52c1510000, 0x00007f52c1510000, 0x00007f5300160000)
 tenured generation   total 20568788K, used 18385140K [0x00007f55e1b50000, 0x00007f5ac9205000, 0x00007f608c600000)
   the space 20568788K,  89% used [0x00007f55e1b50000, 0x00007f5a43d8d208, 0x00007f5a43d8d400, 0x00007f5ac9205000)
 Metaspace       used 30222K, capacity 30666K, committed 30976K, reserved 32768K
}
Event: 873.462 GC heap before
{Heap before GC invocations=93 (full 7):
 def new generation   total 9256000K, used 8896076K [0x00007f508c600000, 0x00007f5300160000, 0x00007f55e1b50000)
  eden space 8227584K, 100% used [0x00007f508c600000, 0x00007f52828c0000, 0x00007f52828c0000)
  from space 1028416K,  65% used [0x00007f52828c0000, 0x00007f52ab593030, 0x00007f52c1510000)
  to   space 1028416K,   0% used [0x00007f52c1510000, 0x00007f52c1510000, 0x00007f5300160000)
 tenured generation   total 20568788K, used 18385140K [0x00007f55e1b50000, 0x00007f5ac9205000, 0x00007f608c600000)
   the space 20568788K,  89% used [0x00007f55e1b50000, 0x00007f5a43d8d208, 0x00007f5a43d8d400, 0x00007f5ac9205000)
 Metaspace       used 30222K, capacity 30666K, committed 30976K, reserved 32768K
}
Event: 875.223 GC heap after
{Heap after GC invocations=94 (full 7):
 def new generation   total 9256000K, used 667325K [0x00007f508c600000, 0x00007f5300160000, 0x00007f55e1b50000)
  eden space 8227584K,   0% used [0x00007f508c600000, 0x00007f508c600000, 0x00007f52828c0000)
  from space 1028416K,  64% used [0x00007f52c1510000, 0x00007f52ea0bf428, 0x00007f5300160000)
  to   space 1028416K,   0% used [0x00007f52828c0000, 0x00007f52828c0000, 0x00007f52c1510000)
 tenured generation   total 20568788K, used 19053632K [0x00007f55e1b50000, 0x00007f5ac9205000, 0x00007f608c600000)
   the space 20568788K,  92% used [0x00007f55e1b50000, 0x00007f5a6ca60038, 0x00007f5a6ca60200, 0x00007f5ac9205000)
 Metaspace       used 30222K, capacity 30666K, committed 30976K, reserved 32768K
}
Event: 877.649 GC heap before
{Heap before GC invocations=94 (full 7):
 def new generation   total 9256000K, used 8894909K [0x00007f508c600000, 0x00007f5300160000, 0x00007f55e1b50000)
  eden space 8227584K, 100% used [0x00007f508c600000, 0x00007f52828c0000, 0x00007f52828c0000)
  from space 1028416K,  64% used [0x00007f52c1510000, 0x00007f52ea0bf428, 0x00007f5300160000)
  to   space 1028416K,   0% used [0x00007f52828c0000, 0x00007f52828c0000, 0x00007f52c1510000)
 tenured generation   total 20568788K, used 19053632K [0x00007f55e1b50000, 0x00007f5ac9205000, 0x00007f608c600000)
   the space 20568788K,  92% used [0x00007f55e1b50000, 0x00007f5a6ca60038, 0x00007f5a6ca60200, 0x00007f5ac9205000)
 Metaspace       used 30222K, capacity 30666K, committed 30976K, reserved 32768K
}
Event: 879.421 GC heap after
{Heap after GC invocations=95 (full 7):
 def new generation   total 9256000K, used 666355K [0x00007f508c600000, 0x00007f5300160000, 0x00007f55e1b50000)
  eden space 8227584K,   0% used [0x00007f508c600000, 0x00007f508c600000, 0x00007f52828c0000)
  from space 1028416K,  64% used [0x00007f52828c0000, 0x00007f52ab37cde8, 0x00007f52c1510000)
  to   space 1028416K,   0% used [0x00007f52c1510000, 0x00007f52c1510000, 0x00007f5300160000)
 tenured generation   total 20568788K, used 19720956K [0x00007f55e1b50000, 0x00007f5ac9205000, 0x00007f608c600000)
   the space 20568788K,  95% used [0x00007f55e1b50000, 0x00007f5a9560f3c0, 0x00007f5a9560f400, 0x00007f5ac9205000)
 Metaspace       used 30222K, capacity 30666K, committed 30976K, reserved 32768K
}
Event: 882.988 GC heap before
{Heap before GC invocations=95 (full 7):
 def new generation   total 9256000K, used 8893939K [0x00007f508c600000, 0x00007f5300160000, 0x00007f55e1b50000)
  eden space 8227584K, 100% used [0x00007f508c600000, 0x00007f52828c0000, 0x00007f52828c0000)
  from space 1028416K,  64% used [0x00007f52828c0000, 0x00007f52ab37cde8, 0x00007f52c1510000)
  to   space 1028416K,   0% used [0x00007f52c1510000, 0x00007f52c1510000, 0x00007f5300160000)
 tenured generation   total 20568788K, used 19720956K [0x00007f55e1b50000, 0x00007f5ac9205000, 0x00007f608c600000)
   the space 20568788K,  95% used [0x00007f55e1b50000, 0x00007f5a9560f3c0, 0x00007f5a9560f400, 0x00007f5ac9205000)
 Metaspace       used 30222K, capacity 30666K, committed 30976K, reserved 32768K
}
Event: 885.838 GC heap after
{Heap after GC invocations=96 (full 7):
 def new generation   total 9256000K, used 1028416K [0x00007f508c600000, 0x00007f5300160000, 0x00007f55e1b50000)
  eden space 8227584K,   0% used [0x00007f508c600000, 0x00007f508c600000, 0x00007f52828c0000)
  from space 1028416K, 100% used [0x00007f52c1510000, 0x00007f5300160000, 0x00007f5300160000)
  to   space 1028416K,   0% used [0x00007f52828c0000, 0x00007f52828c0000, 0x00007f52c1510000)
 tenured generation   total 20608532K, used 20608362K [0x00007f55e1b50000, 0x00007f5acb8d5000, 0x00007f608c600000)
   the space 20608532K,  99% used [0x00007f55e1b50000, 0x00007f5acb8aabe0, 0x00007f5acb8aac00, 0x00007f5acb8d5000)
 Metaspace       used 30222K, capacity 30666K, committed 30976K, reserved 32768K
}
Event: 885.838 GC heap before
{Heap before GC invocations=96 (full 7):
 def new generation   total 9256000K, used 1028416K [0x00007f508c600000, 0x00007f5300160000, 0x00007f55e1b50000)
  eden space 8227584K,   0% used [0x00007f508c600000, 0x00007f508c600000, 0x00007f52828c0000)
  from space 1028416K, 100% used [0x00007f52c1510000, 0x00007f5300160000, 0x00007f5300160000)
  to   space 1028416K,   0% used [0x00007f52828c0000, 0x00007f52828c0000, 0x00007f52c1510000)
 tenured generation   total 20608532K, used 20608362K [0x00007f55e1b50000, 0x00007f5acb8d5000, 0x00007f608c600000)
   the space 20608532K,  99% used [0x00007f55e1b50000, 0x00007f5acb8aabe0, 0x00007f5acb8aac00, 0x00007f5acb8d5000)
 Metaspace       used 30222K, capacity 30666K, committed 30976K, reserved 32768K
}
Event: 914.343 GC heap after
{Heap after GC invocations=96 (full 8):
 def new generation   total 14754688K, used 0K [0x00007f508c600000, 0x00007f5474fd0000, 0x00007f55e1b50000)
  eden space 13115328K,   0% used [0x00007f508c600000, 0x00007f508c600000, 0x00007f53acdf0000)
  from space 1639360K,   0% used [0x00007f53acdf0000, 0x00007f53acdf0000, 0x00007f5410ee0000)
  to   space 1639360K,   0% used [0x00007f5410ee0000, 0x00007f5410ee0000, 0x00007f5474fd0000)
 tenured generation   total 32787996K, used 19672797K [0x00007f55e1b50000, 0x00007f5db2ed7000, 0x00007f608c600000)
   the space 32787996K,  59% used [0x00007f55e1b50000, 0x00007f5a92707468, 0x00007f5a92707600, 0x00007f5db2ed7000)
 Metaspace       used 30222K, capacity 30666K, committed 30976K, reserved 32768K
}
Event: 1843.198 GC heap before
{Heap before GC invocations=96 (full 8):
 def new generation   total 14754688K, used 13115328K [0x00007f508c600000, 0x00007f5474fd0000, 0x00007f55e1b50000)
  eden space 13115328K, 100% used [0x00007f508c600000, 0x00007f53acdf0000, 0x00007f53acdf0000)
  from space 1639360K,   0% used [0x00007f53acdf0000, 0x00007f53acdf0000, 0x00007f5410ee0000)
  to   space 1639360K,   0% used [0x00007f5410ee0000, 0x00007f5410ee0000, 0x00007f5474fd0000)
 tenured generation   total 32787996K, used 19672797K [0x00007f55e1b50000, 0x00007f5db2ed7000, 0x00007f608c600000)
   the space 32787996K,  59% used [0x00007f55e1b50000, 0x00007f5a92707468, 0x00007f5a92707600, 0x00007f5db2ed7000)
 Metaspace       used 30222K, capacity 30666K, committed 30976K, reserved 32768K
}
Event: 1855.385 GC heap after
{Heap after GC invocations=97 (full 8):
 def new generation   total 14754688K, used 1639360K [0x00007f508c600000, 0x00007f5474fd0000, 0x00007f55e1b50000)
  eden space 13115328K,   0% used [0x00007f508c600000, 0x00007f508c600000, 0x00007f53acdf0000)
  from space 1639360K, 100% used [0x00007f5410ee0000, 0x00007f5474fd0000, 0x00007f5474fd0000)
  to   space 1639360K,   0% used [0x00007f53acdf0000, 0x00007f53acdf0000, 0x00007f5410ee0000)
 tenured generation   total 32787996K, used 24995343K [0x00007f55e1b50000, 0x00007f5db2ed7000, 0x00007f608c600000)
   the space 32787996K,  76% used [0x00007f55e1b50000, 0x00007f5bd74d3d20, 0x00007f5bd74d3e00, 0x00007f5db2ed7000)
 Metaspace       used 30222K, capacity 30666K, committed 30976K, reserved 32768K
}
Event: 2856.450 GC heap before
{Heap before GC invocations=97 (full 8):
 def new generation   total 14754688K, used 14754688K [0x00007f508c600000, 0x00007f5474fd0000, 0x00007f55e1b50000)
  eden space 13115328K, 100% used [0x00007f508c600000, 0x00007f53acdf0000, 0x00007f53acdf0000)
  from space 1639360K, 100% used [0x00007f5410ee0000, 0x00007f5474fd0000, 0x00007f5474fd0000)
  to   space 1639360K,   0% used [0x00007f53acdf0000, 0x00007f53acdf0000, 0x00007f5410ee0000)
 tenured generation   total 32787996K, used 24995343K [0x00007f55e1b50000, 0x00007f5db2ed7000, 0x00007f608c600000)
   the space 32787996K,  76% used [0x00007f55e1b50000, 0x00007f5bd74d3d20, 0x00007f5bd74d3e00, 0x00007f5db2ed7000)
 Metaspace       used 30222K, capacity 30666K, committed 30976K, reserved 32768K
}
Event: 2860.821 GC heap after
{Heap after GC invocations=98 (full 8):
 def new generation   total 14754688K, used 1639359K [0x00007f508c600000, 0x00007f5474fd0000, 0x00007f55e1b50000)
  eden space 13115328K,   0% used [0x00007f508c600000, 0x00007f508c600000, 0x00007f53acdf0000)
  from space 1639360K,  99% used [0x00007f53acdf0000, 0x00007f5410edfff0, 0x00007f5410ee0000)
  to   space 1639360K,   0% used [0x00007f5410ee0000, 0x00007f5410ee0000, 0x00007f5474fd0000)
 tenured generation   total 32787996K, used 27756458K [0x00007f55e1b50000, 0x00007f5db2ed7000, 0x00007f608c600000)
   the space 32787996K,  84% used [0x00007f55e1b50000, 0x00007f5c7fd3ab10, 0x00007f5c7fd3ac00, 0x00007f5db2ed7000)
 Metaspace       used 30222K, capacity 30666K, committed 30976K, reserved 32768K
}
Event: 3438.141 GC heap before
{Heap before GC invocations=98 (full 8):
 def new generation   total 14754688K, used 14754687K [0x00007f508c600000, 0x00007f5474fd0000, 0x00007f55e1b50000)
  eden space 13115328K, 100% used [0x00007f508c600000, 0x00007f53acdf0000, 0x00007f53acdf0000)
  from space 1639360K,  99% used [0x00007f53acdf0000, 0x00007f5410edfff0, 0x00007f5410ee0000)
  to   space 1639360K,   0% used [0x00007f5410ee0000, 0x00007f5410ee0000, 0x00007f5474fd0000)
 tenured generation   total 32787996K, used 27756458K [0x00007f55e1b50000, 0x00007f5db2ed7000, 0x00007f608c600000)
   the space 32787996K,  84% used [0x00007f55e1b50000, 0x00007f5c7fd3ab10, 0x00007f5c7fd3ac00, 0x00007f5db2ed7000)
 Metaspace       used 30222K, capacity 30666K, committed 30976K, reserved 32768K
}
Event: 3442.809 GC heap after
{Heap after GC invocations=99 (full 8):
 def new generation   total 14754688K, used 1639359K [0x00007f508c600000, 0x00007f5474fd0000, 0x00007f55e1b50000)
  eden space 13115328K,   0% used [0x00007f508c600000, 0x00007f508c600000, 0x00007f53acdf0000)
  from space 1639360K,  99% used [0x00007f5410ee0000, 0x00007f5474fcfff8, 0x00007f5474fd0000)
  to   space 1639360K,   0% used [0x00007f53acdf0000, 0x00007f53acdf0000, 0x00007f5410ee0000)
 tenured generation   total 32787996K, used 30348559K [0x00007f55e1b50000, 0x00007f5db2ed7000, 0x00007f608c600000)
   the space 32787996K,  92% used [0x00007f55e1b50000, 0x00007f5d1e093e30, 0x00007f5d1e094000, 0x00007f5db2ed7000)
 Metaspace       used 30222K, capacity 30666K, committed 30976K, reserved 32768K
}
Event: 3447.206 GC heap before
{Heap before GC invocations=99 (full 8):
 def new generation   total 14754688K, used 14754687K [0x00007f508c600000, 0x00007f5474fd0000, 0x00007f55e1b50000)
  eden space 13115328K, 100% used [0x00007f508c600000, 0x00007f53acdf0000, 0x00007f53acdf0000)
  from space 1639360K,  99% used [0x00007f5410ee0000, 0x00007f5474fcfff8, 0x00007f5474fd0000)
  to   space 1639360K,   0% used [0x00007f53acdf0000, 0x00007f53acdf0000, 0x00007f5410ee0000)
 tenured generation   total 32787996K, used 30348559K [0x00007f55e1b50000, 0x00007f5db2ed7000, 0x00007f608c600000)
   the space 32787996K,  92% used [0x00007f55e1b50000, 0x00007f5d1e093e30, 0x00007f5d1e094000, 0x00007f5db2ed7000)
 Metaspace       used 30222K, capacity 30666K, committed 30976K, reserved 32768K
}
Event: 3450.989 GC heap after
{Heap after GC invocations=100 (full 8):
 def new generation   total 14754688K, used 1429691K [0x00007f508c600000, 0x00007f5474fd0000, 0x00007f55e1b50000)
  eden space 13115328K,   0% used [0x00007f508c600000, 0x00007f508c600000, 0x00007f53acdf0000)
  from space 1639360K,  87% used [0x00007f53acdf0000, 0x00007f540421ec50, 0x00007f5410ee0000)
  to   space 1639360K,   0% used [0x00007f5410ee0000, 0x00007f5410ee0000, 0x00007f5474fd0000)
 tenured generation   total 32787996K, used 31987919K [0x00007f55e1b50000, 0x00007f5db2ed7000, 0x00007f608c600000)
   the space 32787996K,  97% used [0x00007f55e1b50000, 0x00007f5d82183d88, 0x00007f5d82183e00, 0x00007f5db2ed7000)
 Metaspace       used 30222K, capacity 30666K, committed 30976K, reserved 32768K
}
Event: 3455.274 GC heap before
{Heap before GC invocations=100 (full 8):
 def new generation   total 14754688K, used 14545019K [0x00007f508c600000, 0x00007f5474fd0000, 0x00007f55e1b50000)
  eden space 13115328K, 100% used [0x00007f508c600000, 0x00007f53acdf0000, 0x00007f53acdf0000)
  from space 1639360K,  87% used [0x00007f53acdf0000, 0x00007f540421ec50, 0x00007f5410ee0000)
  to   space 1639360K,   0% used [0x00007f5410ee0000, 0x00007f5410ee0000, 0x00007f5474fd0000)
 tenured generation   total 32787996K, used 31987919K [0x00007f55e1b50000, 0x00007f5db2ed7000, 0x00007f608c600000)
   the space 32787996K,  97% used [0x00007f55e1b50000, 0x00007f5d82183d88, 0x00007f5d82183e00, 0x00007f5db2ed7000)
 Metaspace       used 30222K, capacity 30666K, committed 30976K, reserved 32768K
}
Event: 3458.935 GC heap after
{Heap after GC invocations=101 (full 8):
 def new generation   total 14754688K, used 1416146K [0x00007f508c600000, 0x00007f5474fd0000, 0x00007f55e1b50000)
  eden space 13115328K,   0% used [0x00007f508c600000, 0x00007f508c600000, 0x00007f53acdf0000)
  from space 1639360K,  86% used [0x00007f5410ee0000, 0x00007f54675d48f8, 0x00007f5474fd0000)
  to   space 1639360K,   0% used [0x00007f53acdf0000, 0x00007f53acdf0000, 0x00007f5410ee0000)
 tenured generation   total 33417756K, used 33417610K [0x00007f55e1b50000, 0x00007f5dd95d7000, 0x00007f608c600000)
   the space 33417756K,  99% used [0x00007f55e1b50000, 0x00007f5dd95b28d8, 0x00007f5dd95b2a00, 0x00007f5dd95d7000)
 Metaspace       used 30222K, capacity 30666K, committed 30976K, reserved 32768K
}
Event: 3458.935 GC heap before
{Heap before GC invocations=101 (full 8):
 def new generation   total 14754688K, used 1416146K [0x00007f508c600000, 0x00007f5474fd0000, 0x00007f55e1b50000)
  eden space 13115328K,   0% used [0x00007f508c600000, 0x00007f508c600000, 0x00007f53acdf0000)
  from space 1639360K,  86% used [0x00007f5410ee0000, 0x00007f54675d48f8, 0x00007f5474fd0000)
  to   space 1639360K,   0% used [0x00007f53acdf0000, 0x00007f53acdf0000, 0x00007f5410ee0000)
 tenured generation   total 33417756K, used 33417610K [0x00007f55e1b50000, 0x00007f5dd95d7000, 0x00007f608c600000)
   the space 33417756K,  99% used [0x00007f55e1b50000, 0x00007f5dd95b28d8, 0x00007f5dd95b2a00, 0x00007f5dd95d7000)
 Metaspace       used 30222K, capacity 30666K, committed 30976K, reserved 32768K
}

