# JRE version: OpenJDK Runtime Environment (13.0.7+5) (build 13.0.7+5-Ubuntu-0ubuntu120.04)
# Java VM: OpenJDK 64-Bit Server VM (13.0.7+5-Ubuntu-0ubuntu120.04, mixed mode, tiered, serial gc, linux-amd64)
Heap:
 def new generation   total 7002944K, used 778046K [0x00007fcb44600000, 0x00007fcd1f4a0000, 0x00007fd099b50000)
  eden space 6224896K,  12% used [0x00007fcb44600000, 0x00007fcb73dcf8d0, 0x00007fccc0500000)
  from space 778048K,   0% used [0x00007fccc0500000, 0x00007fccc0500000, 0x00007fccefcd0000)
  to   space 778048K,   0% used [0x00007fccefcd0000, 0x00007fccefcd0000, 0x00007fcd1f4a0000)
 tenured generation   total 17682872K, used 17682797K [0x00007fd099b50000, 0x00007fd4d0fbe000, 0x00007fdb44600000)
   the space 17682872K,  99% used [0x00007fd099b50000, 0x00007fd4d0fab4e0, 0x00007fd4d0fab600, 0x00007fd4d0fbe000)
 Metaspace       used 30762K, capacity 31196K, committed 31488K, reserved 32768K
GC Heap History (20 events):
Event: 11.614 GC heap after
{Heap after GC invocations=5 (full 1):
 def new generation   total 629248K, used 69887K [0x00007fcb44600000, 0x00007fcb6f0c0000, 0x00007fd099b50000)
  eden space 559360K,   0% used [0x00007fcb44600000, 0x00007fcb44600000, 0x00007fcb66840000)
  from space 69888K,  99% used [0x00007fcb66840000, 0x00007fcb6ac7fe08, 0x00007fcb6ac80000)
  to   space 69888K,   0% used [0x00007fcb6ac80000, 0x00007fcb6ac80000, 0x00007fcb6f0c0000)
 tenured generation   total 1849728K, used 1849647K [0x00007fd099b50000, 0x00007fd10a9b0000, 0x00007fdb44600000)
   the space 1849728K,  99% used [0x00007fd099b50000, 0x00007fd10a99bf88, 0x00007fd10a99c000, 0x00007fd10a9b0000)
 Metaspace       used 30760K, capacity 31196K, committed 31488K, reserved 32768K
}
Event: 11.614 GC heap before
{Heap before GC invocations=5 (full 1):
 def new generation   total 629248K, used 69887K [0x00007fcb44600000, 0x00007fcb6f0c0000, 0x00007fd099b50000)
  eden space 559360K,   0% used [0x00007fcb44600000, 0x00007fcb44600000, 0x00007fcb66840000)
  from space 69888K,  99% used [0x00007fcb66840000, 0x00007fcb6ac7fe08, 0x00007fcb6ac80000)
  to   space 69888K,   0% used [0x00007fcb6ac80000, 0x00007fcb6ac80000, 0x00007fcb6f0c0000)
 tenured generation   total 1849728K, used 1849647K [0x00007fd099b50000, 0x00007fd10a9b0000, 0x00007fdb44600000)
   the space 1849728K,  99% used [0x00007fd099b50000, 0x00007fd10a99bf88, 0x00007fd10a99c000, 0x00007fd10a9b0000)
 Metaspace       used 30760K, capacity 31196K, committed 31488K, reserved 32768K
}
Event: 11.846 GC heap after
{Heap after GC invocations=5 (full 2):
 def new generation   total 1387392K, used 69808K [0x00007fcb44600000, 0x00007fcba2760000, 0x00007fd099b50000)
  eden space 1233280K,   5% used [0x00007fcb44600000, 0x00007fcb48a2c260, 0x00007fcb8fa60000)
  from space 154112K,   0% used [0x00007fcb8fa60000, 0x00007fcb8fa60000, 0x00007fcb990e0000)
  to   space 154112K,   0% used [0x00007fcb990e0000, 0x00007fcb990e0000, 0x00007fcba2760000)
 tenured generation   total 3082880K, used 1849726K [0x00007fd099b50000, 0x00007fd155df0000, 0x00007fdb44600000)
   the space 3082880K,  59% used [0x00007fd099b50000, 0x00007fd10a9afb30, 0x00007fd10a9afc00, 0x00007fd155df0000)
 Metaspace       used 30760K, capacity 31196K, committed 31488K, reserved 32768K
}
Event: 12.074 GC heap before
{Heap before GC invocations=5 (full 2):
 def new generation   total 1387392K, used 1233280K [0x00007fcb44600000, 0x00007fcba2760000, 0x00007fd099b50000)
  eden space 1233280K, 100% used [0x00007fcb44600000, 0x00007fcb8fa60000, 0x00007fcb8fa60000)
  from space 154112K,   0% used [0x00007fcb8fa60000, 0x00007fcb8fa60000, 0x00007fcb990e0000)
  to   space 154112K,   0% used [0x00007fcb990e0000, 0x00007fcb990e0000, 0x00007fcba2760000)
 tenured generation   total 3082880K, used 1849726K [0x00007fd099b50000, 0x00007fd155df0000, 0x00007fdb44600000)
   the space 3082880K,  59% used [0x00007fd099b50000, 0x00007fd10a9afb30, 0x00007fd10a9afc00, 0x00007fd155df0000)
 Metaspace       used 30762K, capacity 31196K, committed 31488K, reserved 32768K
}
Event: 12.635 GC heap after
{Heap after GC invocations=6 (full 2):
 def new generation   total 1387392K, used 154111K [0x00007fcb44600000, 0x00007fcba2760000, 0x00007fd099b50000)
  eden space 1233280K,   0% used [0x00007fcb44600000, 0x00007fcb44600000, 0x00007fcb8fa60000)
  from space 154112K,  99% used [0x00007fcb990e0000, 0x00007fcba275fc98, 0x00007fcba2760000)
  to   space 154112K,   0% used [0x00007fcb8fa60000, 0x00007fcb8fa60000, 0x00007fcb990e0000)
 tenured generation   total 3082880K, used 2916442K [0x00007fd099b50000, 0x00007fd155df0000, 0x00007fdb44600000)
   the space 3082880K,  94% used [0x00007fd099b50000, 0x00007fd14bb66a50, 0x00007fd14bb66c00, 0x00007fd155df0000)
 Metaspace       used 30762K, capacity 31196K, committed 31488K, reserved 32768K
}
Event: 12.903 GC heap before
{Heap before GC invocations=6 (full 2):
 def new generation   total 1387392K, used 1387391K [0x00007fcb44600000, 0x00007fcba2760000, 0x00007fd099b50000)
  eden space 1233280K, 100% used [0x00007fcb44600000, 0x00007fcb8fa60000, 0x00007fcb8fa60000)
  from space 154112K,  99% used [0x00007fcb990e0000, 0x00007fcba275fc98, 0x00007fcba2760000)
  to   space 154112K,   0% used [0x00007fcb8fa60000, 0x00007fcb8fa60000, 0x00007fcb990e0000)
 tenured generation   total 3082880K, used 2916442K [0x00007fd099b50000, 0x00007fd155df0000, 0x00007fdb44600000)
   the space 3082880K,  94% used [0x00007fd099b50000, 0x00007fd14bb66a50, 0x00007fd14bb66c00, 0x00007fd155df0000)
 Metaspace       used 30762K, capacity 31196K, committed 31488K, reserved 32768K
}
Event: 13.756 GC heap after
{Heap after GC invocations=7 (full 2):
 def new generation   total 1387392K, used 154111K [0x00007fcb44600000, 0x00007fcba2760000, 0x00007fd099b50000)
  eden space 1233280K,   0% used [0x00007fcb44600000, 0x00007fcb44600000, 0x00007fcb8fa60000)
  from space 154112K,  99% used [0x00007fcb8fa60000, 0x00007fcb990dfc48, 0x00007fcb990e0000)
  to   space 154112K,   0% used [0x00007fcb990e0000, 0x00007fcb990e0000, 0x00007fcba2760000)
 tenured generation   total 4149824K, used 4149667K [0x00007fd099b50000, 0x00007fd196fe0000, 0x00007fdb44600000)
   the space 4149824K,  99% used [0x00007fd099b50000, 0x00007fd196fb8c70, 0x00007fd196fb8e00, 0x00007fd196fe0000)
 Metaspace       used 30762K, capacity 31196K, committed 31488K, reserved 32768K
}
Event: 13.756 GC heap before
{Heap before GC invocations=7 (full 2):
 def new generation   total 1387392K, used 154111K [0x00007fcb44600000, 0x00007fcba2760000, 0x00007fd099b50000)
  eden space 1233280K,   0% used [0x00007fcb44600000, 0x00007fcb44600000, 0x00007fcb8fa60000)
  from space 154112K,  99% used [0x00007fcb8fa60000, 0x00007fcb990dfc48, 0x00007fcb990e0000)
  to   space 154112K,   0% used [0x00007fcb990e0000, 0x00007fcb990e0000, 0x00007fcba2760000)
 tenured generation   total 4149824K, used 4149667K [0x00007fd099b50000, 0x00007fd196fe0000, 0x00007fdb44600000)
   the space 4149824K,  99% used [0x00007fd099b50000, 0x00007fd196fb8c70, 0x00007fd196fb8e00, 0x00007fd196fe0000)
 Metaspace       used 30762K, capacity 31196K, committed 31488K, reserved 32768K
}
Event: 14.338 GC heap after
{Heap after GC invocations=7 (full 3):
 def new generation   total 3112448K, used 153955K [0x00007fcb44600000, 0x00007fcc17730000, 0x00007fd099b50000)
  eden space 2766656K,   5% used [0x00007fcb44600000, 0x00007fcb4dc58d10, 0x00007fcbed3d0000)
  from space 345792K,   0% used [0x00007fcbed3d0000, 0x00007fcbed3d0000, 0x00007fcc02580000)
  to   space 345792K,   0% used [0x00007fcc02580000, 0x00007fcc02580000, 0x00007fcc17730000)
 tenured generation   total 6916372K, used 4149822K [0x00007fd099b50000, 0x00007fd23fd95000, 0x00007fdb44600000)
   the space 6916372K,  59% used [0x00007fd099b50000, 0x00007fd196fdfba8, 0x00007fd196fdfc00, 0x00007fd23fd95000)
 Metaspace       used 30762K, capacity 31196K, committed 31488K, reserved 32768K
}
Event: 15.816 GC heap before
{Heap before GC invocations=7 (full 3):
 def new generation   total 3112448K, used 2766656K [0x00007fcb44600000, 0x00007fcc17730000, 0x00007fd099b50000)
  eden space 2766656K, 100% used [0x00007fcb44600000, 0x00007fcbed3d0000, 0x00007fcbed3d0000)
  from space 345792K,   0% used [0x00007fcbed3d0000, 0x00007fcbed3d0000, 0x00007fcc02580000)
  to   space 345792K,   0% used [0x00007fcc02580000, 0x00007fcc02580000, 0x00007fcc17730000)
 tenured generation   total 6916372K, used 4149822K [0x00007fd099b50000, 0x00007fd23fd95000, 0x00007fdb44600000)
   the space 6916372K,  59% used [0x00007fd099b50000, 0x00007fd196fdfba8, 0x00007fd196fdfc00, 0x00007fd23fd95000)
 Metaspace       used 30762K, capacity 31196K, committed 31488K, reserved 32768K
}
Event: 17.267 GC heap after
{Heap after GC invocations=8 (full 3):
 def new generation   total 3112448K, used 345791K [0x00007fcb44600000, 0x00007fcc17730000, 0x00007fd099b50000)
  eden space 2766656K,   0% used [0x00007fcb44600000, 0x00007fcb44600000, 0x00007fcbed3d0000)
  from space 345792K,  99% used [0x00007fcc02580000, 0x00007fcc1772fd38, 0x00007fcc17730000)
  to   space 345792K,   0% used [0x00007fcbed3d0000, 0x00007fcbed3d0000, 0x00007fcc02580000)
 tenured generation   total 6916372K, used 6570578K [0x00007fd099b50000, 0x00007fd23fd95000, 0x00007fdb44600000)
   the space 6916372K,  95% used [0x00007fd099b50000, 0x00007fd22abe4a38, 0x00007fd22abe4c00, 0x00007fd23fd95000)
 Metaspace       used 30762K, capacity 31196K, committed 31488K, reserved 32768K
}
Event: 17.919 GC heap before
{Heap before GC invocations=8 (full 3):
 def new generation   total 3112448K, used 3112447K [0x00007fcb44600000, 0x00007fcc17730000, 0x00007fd099b50000)
  eden space 2766656K, 100% used [0x00007fcb44600000, 0x00007fcbed3d0000, 0x00007fcbed3d0000)
  from space 345792K,  99% used [0x00007fcc02580000, 0x00007fcc1772fd38, 0x00007fcc17730000)
  to   space 345792K,   0% used [0x00007fcbed3d0000, 0x00007fcbed3d0000, 0x00007fcc02580000)
 tenured generation   total 6916372K, used 6570578K [0x00007fd099b50000, 0x00007fd23fd95000, 0x00007fdb44600000)
   the space 6916372K,  95% used [0x00007fd099b50000, 0x00007fd22abe4a38, 0x00007fd22abe4c00, 0x00007fd23fd95000)
 Metaspace       used 30762K, capacity 31196K, committed 31488K, reserved 32768K
}
Event: 20.052 GC heap after
{Heap after GC invocations=9 (full 3):
 def new generation   total 3112448K, used 345791K [0x00007fcb44600000, 0x00007fcc17730000, 0x00007fd099b50000)
  eden space 2766656K,   0% used [0x00007fcb44600000, 0x00007fcb44600000, 0x00007fcbed3d0000)
  from space 345792K,  99% used [0x00007fcbed3d0000, 0x00007fcc0257fd38, 0x00007fcc02580000)
  to   space 345792K,   0% used [0x00007fcc02580000, 0x00007fcc02580000, 0x00007fcc17730000)
 tenured generation   total 9337108K, used 9337107K [0x00007fd099b50000, 0x00007fd2d3995000, 0x00007fdb44600000)
   the space 9337108K,  99% used [0x00007fd099b50000, 0x00007fd2d3994d28, 0x00007fd2d3994e00, 0x00007fd2d3995000)
 Metaspace       used 30762K, capacity 31196K, committed 31488K, reserved 32768K
}
Event: 20.052 GC heap before
{Heap before GC invocations=9 (full 3):
 def new generation   total 3112448K, used 345791K [0x00007fcb44600000, 0x00007fcc17730000, 0x00007fd099b50000)
  eden space 2766656K,   0% used [0x00007fcb44600000, 0x00007fcb44600000, 0x00007fcbed3d0000)
  from space 345792K,  99% used [0x00007fcbed3d0000, 0x00007fcc0257fd38, 0x00007fcc02580000)
  to   space 345792K,   0% used [0x00007fcc02580000, 0x00007fcc02580000, 0x00007fcc17730000)
 tenured generation   total 9337108K, used 9337107K [0x00007fd099b50000, 0x00007fd2d3995000, 0x00007fdb44600000)
   the space 9337108K,  99% used [0x00007fd099b50000, 0x00007fd2d3994d28, 0x00007fd2d3994e00, 0x00007fd2d3995000)
 Metaspace       used 30762K, capacity 31196K, committed 31488K, reserved 32768K
}
Event: 23.057 GC heap after
{Heap after GC invocations=9 (full 4):
 def new generation   total 7002944K, used 340392K [0x00007fcb44600000, 0x00007fcd1f4a0000, 0x00007fd099b50000)
  eden space 6224896K,   5% used [0x00007fcb44600000, 0x00007fcb5926a318, 0x00007fccc0500000)
  from space 778048K,   0% used [0x00007fccc0500000, 0x00007fccc0500000, 0x00007fccefcd0000)
  to   space 778048K,   0% used [0x00007fccefcd0000, 0x00007fccefcd0000, 0x00007fcd1f4a0000)
 tenured generation   total 15561848K, used 9337106K [0x00007fd099b50000, 0x00007fd44f86e000, 0x00007fdb44600000)
   the space 15561848K,  59% used [0x00007fd099b50000, 0x00007fd2d3994bf8, 0x00007fd2d3994c00, 0x00007fd44f86e000)
 Metaspace       used 30762K, capacity 31196K, committed 31488K, reserved 32768K
}
Event: 25.379 GC heap before
{Heap before GC invocations=9 (full 4):
 def new generation   total 7002944K, used 6224896K [0x00007fcb44600000, 0x00007fcd1f4a0000, 0x00007fd099b50000)
  eden space 6224896K, 100% used [0x00007fcb44600000, 0x00007fccc0500000, 0x00007fccc0500000)
  from space 778048K,   0% used [0x00007fccc0500000, 0x00007fccc0500000, 0x00007fccefcd0000)
  to   space 778048K,   0% used [0x00007fccefcd0000, 0x00007fccefcd0000, 0x00007fcd1f4a0000)
 tenured generation   total 15561848K, used 9337106K [0x00007fd099b50000, 0x00007fd44f86e000, 0x00007fdb44600000)
   the space 15561848K,  59% used [0x00007fd099b50000, 0x00007fd2d3994bf8, 0x00007fd2d3994c00, 0x00007fd44f86e000)
 Metaspace       used 30762K, capacity 31196K, committed 31488K, reserved 32768K
}
Event: 33.497 GC heap after
{Heap after GC invocations=10 (full 4):
 def new generation   total 7002944K, used 778046K [0x00007fcb44600000, 0x00007fcd1f4a0000, 0x00007fd099b50000)
  eden space 6224896K,   0% used [0x00007fcb44600000, 0x00007fcb44600000, 0x00007fccc0500000)
  from space 778048K,  99% used [0x00007fccefcd0000, 0x00007fcd1f49f878, 0x00007fcd1f4a0000)
  to   space 778048K,   0% used [0x00007fccc0500000, 0x00007fccc0500000, 0x00007fccefcd0000)
 tenured generation   total 15561848K, used 14783911K [0x00007fd099b50000, 0x00007fd44f86e000, 0x00007fdb44600000)
   the space 15561848K,  95% used [0x00007fd099b50000, 0x00007fd4200b9d90, 0x00007fd4200b9e00, 0x00007fd44f86e000)
 Metaspace       used 30762K, capacity 31196K, committed 31488K, reserved 32768K
}
Event: 54.680 GC heap before
{Heap before GC invocations=10 (full 4):
 def new generation   total 7002944K, used 7002942K [0x00007fcb44600000, 0x00007fcd1f4a0000, 0x00007fd099b50000)
  eden space 6224896K, 100% used [0x00007fcb44600000, 0x00007fccc0500000, 0x00007fccc0500000)
  from space 778048K,  99% used [0x00007fccefcd0000, 0x00007fcd1f49f878, 0x00007fcd1f4a0000)
  to   space 778048K,   0% used [0x00007fccc0500000, 0x00007fccc0500000, 0x00007fccefcd0000)
 tenured generation   total 15561848K, used 14783911K [0x00007fd099b50000, 0x00007fd44f86e000, 0x00007fdb44600000)
   the space 15561848K,  95% used [0x00007fd099b50000, 0x00007fd4200b9d90, 0x00007fd4200b9e00, 0x00007fd44f86e000)
 Metaspace       used 30762K, capacity 31196K, committed 31488K, reserved 32768K
}
Event: 57.693 GC heap after
{Heap after GC invocations=11 (full 4):
 def new generation   total 7002944K, used 778046K [0x00007fcb44600000, 0x00007fcd1f4a0000, 0x00007fd099b50000)
  eden space 6224896K,   0% used [0x00007fcb44600000, 0x00007fcb44600000, 0x00007fccc0500000)
  from space 778048K,  99% used [0x00007fccc0500000, 0x00007fccefccf8d0, 0x00007fccefcd0000)
  to   space 778048K,   0% used [0x00007fccefcd0000, 0x00007fccefcd0000, 0x00007fcd1f4a0000)
 tenured generation   total 17682872K, used 17682797K [0x00007fd099b50000, 0x00007fd4d0fbe000, 0x00007fdb44600000)
   the space 17682872K,  99% used [0x00007fd099b50000, 0x00007fd4d0fab4e0, 0x00007fd4d0fab600, 0x00007fd4d0fbe000)
 Metaspace       used 30762K, capacity 31196K, committed 31488K, reserved 32768K
}
Event: 57.693 GC heap before
{Heap before GC invocations=11 (full 4):
 def new generation   total 7002944K, used 778046K [0x00007fcb44600000, 0x00007fcd1f4a0000, 0x00007fd099b50000)
  eden space 6224896K,   0% used [0x00007fcb44600000, 0x00007fcb44600000, 0x00007fccc0500000)
  from space 778048K,  99% used [0x00007fccc0500000, 0x00007fccefccf8d0, 0x00007fccefcd0000)
  to   space 778048K,   0% used [0x00007fccefcd0000, 0x00007fccefcd0000, 0x00007fcd1f4a0000)
 tenured generation   total 17682872K, used 17682797K [0x00007fd099b50000, 0x00007fd4d0fbe000, 0x00007fdb44600000)
   the space 17682872K,  99% used [0x00007fd099b50000, 0x00007fd4d0fab4e0, 0x00007fd4d0fab600, 0x00007fd4d0fbe000)
 Metaspace       used 30762K, capacity 31196K, committed 31488K, reserved 32768K
}

