# JRE version: OpenJDK Runtime Environment (13.0.7+5) (build 13.0.7+5-Ubuntu-0ubuntu120.04)
# Java VM: OpenJDK 64-Bit Server VM (13.0.7+5-Ubuntu-0ubuntu120.04, mixed mode, tiered, serial gc, linux-amd64)
Heap:
 def new generation   total 2916096K, used 42127K [0x00007f37b4600000, 0x00007f387a220000, 0x00007f3d09b50000)
  eden space 2592128K,   1% used [0x00007f37b4600000, 0x00007f37b6f23e10, 0x00007f3852960000)
  from space 323968K,   0% used [0x00007f3852960000, 0x00007f3852960000, 0x00007f38665c0000)
  to   space 323968K,   0% used [0x00007f38665c0000, 0x00007f38665c0000, 0x00007f387a220000)
 tenured generation   total 6482544K, used 6482525K [0x00007f3d09b50000, 0x00007f3e955ec000, 0x00007f47b4600000)
   the space 6482544K,  99% used [0x00007f3d09b50000, 0x00007f3e955e7538, 0x00007f3e955e7600, 0x00007f3e955ec000)
 Metaspace       used 24275K, capacity 24699K, committed 24832K, reserved 26624K
GC Heap History (20 events):
Event: 2139.281 GC heap after
{Heap after GC invocations=4959 (full 4):
 def new generation   total 2916096K, used 42153K [0x00007f37b4600000, 0x00007f387a220000, 0x00007f3d09b50000)
  eden space 2592128K,   0% used [0x00007f37b4600000, 0x00007f37b4600000, 0x00007f3852960000)
  from space 323968K,  13% used [0x00007f38665c0000, 0x00007f3868eea6a8, 0x00007f387a220000)
  to   space 323968K,   0% used [0x00007f3852960000, 0x00007f3852960000, 0x00007f38665c0000)
 tenured generation   total 6480048K, used 6457218K [0x00007f3d09b50000, 0x00007f3e9537c000, 0x00007f47b4600000)
   the space 6480048K,  99% used [0x00007f3d09b50000, 0x00007f3e93d30848, 0x00007f3e93d30a00, 0x00007f3e9537c000)
 Metaspace       used 24275K, capacity 24699K, committed 24832K, reserved 26624K
}
Event: 2140.202 GC heap before
{Heap before GC invocations=4959 (full 4):
 def new generation   total 2916096K, used 2634281K [0x00007f37b4600000, 0x00007f387a220000, 0x00007f3d09b50000)
  eden space 2592128K, 100% used [0x00007f37b4600000, 0x00007f3852960000, 0x00007f3852960000)
  from space 323968K,  13% used [0x00007f38665c0000, 0x00007f3868eea6a8, 0x00007f387a220000)
  to   space 323968K,   0% used [0x00007f3852960000, 0x00007f3852960000, 0x00007f38665c0000)
 tenured generation   total 6480048K, used 6457218K [0x00007f3d09b50000, 0x00007f3e9537c000, 0x00007f47b4600000)
   the space 6480048K,  99% used [0x00007f3d09b50000, 0x00007f3e93d30848, 0x00007f3e93d30a00, 0x00007f3e9537c000)
 Metaspace       used 24275K, capacity 24699K, committed 24832K, reserved 26624K
}
Event: 2140.227 GC heap after
{Heap after GC invocations=4960 (full 4):
 def new generation   total 2916096K, used 42154K [0x00007f37b4600000, 0x00007f387a220000, 0x00007f3d09b50000)
  eden space 2592128K,   0% used [0x00007f37b4600000, 0x00007f37b4600000, 0x00007f3852960000)
  from space 323968K,  13% used [0x00007f3852960000, 0x00007f385528a858, 0x00007f38665c0000)
  to   space 323968K,   0% used [0x00007f38665c0000, 0x00007f38665c0000, 0x00007f387a220000)
 tenured generation   total 6480048K, used 6460024K [0x00007f3d09b50000, 0x00007f3e9537c000, 0x00007f47b4600000)
   the space 6480048K,  99% used [0x00007f3d09b50000, 0x00007f3e93fee130, 0x00007f3e93fee200, 0x00007f3e9537c000)
 Metaspace       used 24275K, capacity 24699K, committed 24832K, reserved 26624K
}
Event: 2141.198 GC heap before
{Heap before GC invocations=4960 (full 4):
 def new generation   total 2916096K, used 2634282K [0x00007f37b4600000, 0x00007f387a220000, 0x00007f3d09b50000)
  eden space 2592128K, 100% used [0x00007f37b4600000, 0x00007f3852960000, 0x00007f3852960000)
  from space 323968K,  13% used [0x00007f3852960000, 0x00007f385528a858, 0x00007f38665c0000)
  to   space 323968K,   0% used [0x00007f38665c0000, 0x00007f38665c0000, 0x00007f387a220000)
 tenured generation   total 6480048K, used 6460024K [0x00007f3d09b50000, 0x00007f3e9537c000, 0x00007f47b4600000)
   the space 6480048K,  99% used [0x00007f3d09b50000, 0x00007f3e93fee130, 0x00007f3e93fee200, 0x00007f3e9537c000)
 Metaspace       used 24275K, capacity 24699K, committed 24832K, reserved 26624K
}
Event: 2141.224 GC heap after
{Heap after GC invocations=4961 (full 4):
 def new generation   total 2916096K, used 42209K [0x00007f37b4600000, 0x00007f387a220000, 0x00007f3d09b50000)
  eden space 2592128K,   0% used [0x00007f37b4600000, 0x00007f37b4600000, 0x00007f3852960000)
  from space 323968K,  13% used [0x00007f38665c0000, 0x00007f3868ef85d8, 0x00007f387a220000)
  to   space 323968K,   0% used [0x00007f3852960000, 0x00007f3852960000, 0x00007f38665c0000)
 tenured generation   total 6480048K, used 6462830K [0x00007f3d09b50000, 0x00007f3e9537c000, 0x00007f47b4600000)
   the space 6480048K,  99% used [0x00007f3d09b50000, 0x00007f3e942abbc8, 0x00007f3e942abc00, 0x00007f3e9537c000)
 Metaspace       used 24275K, capacity 24699K, committed 24832K, reserved 26624K
}
Event: 2142.164 GC heap before
{Heap before GC invocations=4961 (full 4):
 def new generation   total 2916096K, used 2634337K [0x00007f37b4600000, 0x00007f387a220000, 0x00007f3d09b50000)
  eden space 2592128K, 100% used [0x00007f37b4600000, 0x00007f3852960000, 0x00007f3852960000)
  from space 323968K,  13% used [0x00007f38665c0000, 0x00007f3868ef85d8, 0x00007f387a220000)
  to   space 323968K,   0% used [0x00007f3852960000, 0x00007f3852960000, 0x00007f38665c0000)
 tenured generation   total 6480048K, used 6462830K [0x00007f3d09b50000, 0x00007f3e9537c000, 0x00007f47b4600000)
   the space 6480048K,  99% used [0x00007f3d09b50000, 0x00007f3e942abbc8, 0x00007f3e942abc00, 0x00007f3e9537c000)
 Metaspace       used 24275K, capacity 24699K, committed 24832K, reserved 26624K
}
Event: 2142.191 GC heap after
{Heap after GC invocations=4962 (full 4):
 def new generation   total 2916096K, used 42228K [0x00007f37b4600000, 0x00007f387a220000, 0x00007f3d09b50000)
  eden space 2592128K,   0% used [0x00007f37b4600000, 0x00007f37b4600000, 0x00007f3852960000)
  from space 323968K,  13% used [0x00007f3852960000, 0x00007f385529d0c8, 0x00007f38665c0000)
  to   space 323968K,   0% used [0x00007f38665c0000, 0x00007f38665c0000, 0x00007f387a220000)
 tenured generation   total 6480048K, used 6465637K [0x00007f3d09b50000, 0x00007f3e9537c000, 0x00007f47b4600000)
   the space 6480048K,  99% used [0x00007f3d09b50000, 0x00007f3e94569660, 0x00007f3e94569800, 0x00007f3e9537c000)
 Metaspace       used 24275K, capacity 24699K, committed 24832K, reserved 26624K
}
Event: 2143.091 GC heap before
{Heap before GC invocations=4962 (full 4):
 def new generation   total 2916096K, used 2634356K [0x00007f37b4600000, 0x00007f387a220000, 0x00007f3d09b50000)
  eden space 2592128K, 100% used [0x00007f37b4600000, 0x00007f3852960000, 0x00007f3852960000)
  from space 323968K,  13% used [0x00007f3852960000, 0x00007f385529d0c8, 0x00007f38665c0000)
  to   space 323968K,   0% used [0x00007f38665c0000, 0x00007f38665c0000, 0x00007f387a220000)
 tenured generation   total 6480048K, used 6465637K [0x00007f3d09b50000, 0x00007f3e9537c000, 0x00007f47b4600000)
   the space 6480048K,  99% used [0x00007f3d09b50000, 0x00007f3e94569660, 0x00007f3e94569800, 0x00007f3e9537c000)
 Metaspace       used 24275K, capacity 24699K, committed 24832K, reserved 26624K
}
Event: 2143.117 GC heap after
{Heap after GC invocations=4963 (full 4):
 def new generation   total 2916096K, used 42199K [0x00007f37b4600000, 0x00007f387a220000, 0x00007f3d09b50000)
  eden space 2592128K,   0% used [0x00007f37b4600000, 0x00007f37b4600000, 0x00007f3852960000)
  from space 323968K,  13% used [0x00007f38665c0000, 0x00007f3868ef5e98, 0x00007f387a220000)
  to   space 323968K,   0% used [0x00007f3852960000, 0x00007f3852960000, 0x00007f38665c0000)
 tenured generation   total 6480048K, used 6468444K [0x00007f3d09b50000, 0x00007f3e9537c000, 0x00007f47b4600000)
   the space 6480048K,  99% used [0x00007f3d09b50000, 0x00007f3e948270f8, 0x00007f3e94827200, 0x00007f3e9537c000)
 Metaspace       used 24275K, capacity 24699K, committed 24832K, reserved 26624K
}
Event: 2144.056 GC heap before
{Heap before GC invocations=4963 (full 4):
 def new generation   total 2916096K, used 2634327K [0x00007f37b4600000, 0x00007f387a220000, 0x00007f3d09b50000)
  eden space 2592128K, 100% used [0x00007f37b4600000, 0x00007f3852960000, 0x00007f3852960000)
  from space 323968K,  13% used [0x00007f38665c0000, 0x00007f3868ef5e98, 0x00007f387a220000)
  to   space 323968K,   0% used [0x00007f3852960000, 0x00007f3852960000, 0x00007f38665c0000)
 tenured generation   total 6480048K, used 6468444K [0x00007f3d09b50000, 0x00007f3e9537c000, 0x00007f47b4600000)
   the space 6480048K,  99% used [0x00007f3d09b50000, 0x00007f3e948270f8, 0x00007f3e94827200, 0x00007f3e9537c000)
 Metaspace       used 24275K, capacity 24699K, committed 24832K, reserved 26624K
}
Event: 2144.078 GC heap after
{Heap after GC invocations=4964 (full 4):
 def new generation   total 2916096K, used 42179K [0x00007f37b4600000, 0x00007f387a220000, 0x00007f3d09b50000)
  eden space 2592128K,   0% used [0x00007f37b4600000, 0x00007f37b4600000, 0x00007f3852960000)
  from space 323968K,  13% used [0x00007f3852960000, 0x00007f3855290fc0, 0x00007f38665c0000)
  to   space 323968K,   0% used [0x00007f38665c0000, 0x00007f38665c0000, 0x00007f387a220000)
 tenured generation   total 6480048K, used 6471250K [0x00007f3d09b50000, 0x00007f3e9537c000, 0x00007f47b4600000)
   the space 6480048K,  99% used [0x00007f3d09b50000, 0x00007f3e94ae4b90, 0x00007f3e94ae4c00, 0x00007f3e9537c000)
 Metaspace       used 24275K, capacity 24699K, committed 24832K, reserved 26624K
}
Event: 2145.028 GC heap before
{Heap before GC invocations=4964 (full 4):
 def new generation   total 2916096K, used 2634307K [0x00007f37b4600000, 0x00007f387a220000, 0x00007f3d09b50000)
  eden space 2592128K, 100% used [0x00007f37b4600000, 0x00007f3852960000, 0x00007f3852960000)
  from space 323968K,  13% used [0x00007f3852960000, 0x00007f3855290fc0, 0x00007f38665c0000)
  to   space 323968K,   0% used [0x00007f38665c0000, 0x00007f38665c0000, 0x00007f387a220000)
 tenured generation   total 6480048K, used 6471250K [0x00007f3d09b50000, 0x00007f3e9537c000, 0x00007f47b4600000)
   the space 6480048K,  99% used [0x00007f3d09b50000, 0x00007f3e94ae4b90, 0x00007f3e94ae4c00, 0x00007f3e9537c000)
 Metaspace       used 24275K, capacity 24699K, committed 24832K, reserved 26624K
}
Event: 2145.053 GC heap after
{Heap after GC invocations=4965 (full 4):
 def new generation   total 2916096K, used 42218K [0x00007f37b4600000, 0x00007f387a220000, 0x00007f3d09b50000)
  eden space 2592128K,   0% used [0x00007f37b4600000, 0x00007f37b4600000, 0x00007f3852960000)
  from space 323968K,  13% used [0x00007f38665c0000, 0x00007f3868efaa48, 0x00007f387a220000)
  to   space 323968K,   0% used [0x00007f3852960000, 0x00007f3852960000, 0x00007f38665c0000)
 tenured generation   total 6480048K, used 6474057K [0x00007f3d09b50000, 0x00007f3e9537c000, 0x00007f47b4600000)
   the space 6480048K,  99% used [0x00007f3d09b50000, 0x00007f3e94da2628, 0x00007f3e94da2800, 0x00007f3e9537c000)
 Metaspace       used 24275K, capacity 24699K, committed 24832K, reserved 26624K
}
Event: 2145.946 GC heap before
{Heap before GC invocations=4965 (full 4):
 def new generation   total 2916096K, used 2634346K [0x00007f37b4600000, 0x00007f387a220000, 0x00007f3d09b50000)
  eden space 2592128K, 100% used [0x00007f37b4600000, 0x00007f3852960000, 0x00007f3852960000)
  from space 323968K,  13% used [0x00007f38665c0000, 0x00007f3868efaa48, 0x00007f387a220000)
  to   space 323968K,   0% used [0x00007f3852960000, 0x00007f3852960000, 0x00007f38665c0000)
 tenured generation   total 6480048K, used 6474057K [0x00007f3d09b50000, 0x00007f3e9537c000, 0x00007f47b4600000)
   the space 6480048K,  99% used [0x00007f3d09b50000, 0x00007f3e94da2628, 0x00007f3e94da2800, 0x00007f3e9537c000)
 Metaspace       used 24275K, capacity 24699K, committed 24832K, reserved 26624K
}
Event: 2145.970 GC heap after
{Heap after GC invocations=4966 (full 4):
 def new generation   total 2916096K, used 42171K [0x00007f37b4600000, 0x00007f387a220000, 0x00007f3d09b50000)
  eden space 2592128K,   0% used [0x00007f37b4600000, 0x00007f37b4600000, 0x00007f3852960000)
  from space 323968K,  13% used [0x00007f3852960000, 0x00007f385528ef38, 0x00007f38665c0000)
  to   space 323968K,   0% used [0x00007f38665c0000, 0x00007f38665c0000, 0x00007f387a220000)
 tenured generation   total 6480048K, used 6476868K [0x00007f3d09b50000, 0x00007f3e9537c000, 0x00007f47b4600000)
   the space 6480048K,  99% used [0x00007f3d09b50000, 0x00007f3e95061200, 0x00007f3e95061200, 0x00007f3e9537c000)
 Metaspace       used 24275K, capacity 24699K, committed 24832K, reserved 26624K
}
Event: 2146.877 GC heap before
{Heap before GC invocations=4966 (full 4):
 def new generation   total 2916096K, used 2634299K [0x00007f37b4600000, 0x00007f387a220000, 0x00007f3d09b50000)
  eden space 2592128K, 100% used [0x00007f37b4600000, 0x00007f3852960000, 0x00007f3852960000)
  from space 323968K,  13% used [0x00007f3852960000, 0x00007f385528ef38, 0x00007f38665c0000)
  to   space 323968K,   0% used [0x00007f38665c0000, 0x00007f38665c0000, 0x00007f387a220000)
 tenured generation   total 6480048K, used 6476868K [0x00007f3d09b50000, 0x00007f3e9537c000, 0x00007f47b4600000)
   the space 6480048K,  99% used [0x00007f3d09b50000, 0x00007f3e95061200, 0x00007f3e95061200, 0x00007f3e9537c000)
 Metaspace       used 24275K, capacity 24699K, committed 24832K, reserved 26624K
}
Event: 2146.908 GC heap after
{Heap after GC invocations=4967 (full 4):
 def new generation   total 2916096K, used 42210K [0x00007f37b4600000, 0x00007f387a220000, 0x00007f3d09b50000)
  eden space 2592128K,   0% used [0x00007f37b4600000, 0x00007f37b4600000, 0x00007f3852960000)
  from space 323968K,  13% used [0x00007f38665c0000, 0x00007f3868ef8880, 0x00007f387a220000)
  to   space 323968K,   0% used [0x00007f3852960000, 0x00007f3852960000, 0x00007f38665c0000)
 tenured generation   total 6480048K, used 6479675K [0x00007f3d09b50000, 0x00007f3e9537c000, 0x00007f47b4600000)
   the space 6480048K,  99% used [0x00007f3d09b50000, 0x00007f3e9531ec98, 0x00007f3e9531ee00, 0x00007f3e9537c000)
 Metaspace       used 24275K, capacity 24699K, committed 24832K, reserved 26624K
}
Event: 2147.796 GC heap before
{Heap before GC invocations=4967 (full 4):
 def new generation   total 2916096K, used 2634338K [0x00007f37b4600000, 0x00007f387a220000, 0x00007f3d09b50000)
  eden space 2592128K, 100% used [0x00007f37b4600000, 0x00007f3852960000, 0x00007f3852960000)
  from space 323968K,  13% used [0x00007f38665c0000, 0x00007f3868ef8880, 0x00007f387a220000)
  to   space 323968K,   0% used [0x00007f3852960000, 0x00007f3852960000, 0x00007f38665c0000)
 tenured generation   total 6480048K, used 6479675K [0x00007f3d09b50000, 0x00007f3e9537c000, 0x00007f47b4600000)
   the space 6480048K,  99% used [0x00007f3d09b50000, 0x00007f3e9531ec98, 0x00007f3e9531ee00, 0x00007f3e9537c000)
 Metaspace       used 24275K, capacity 24699K, committed 24832K, reserved 26624K
}
Event: 2147.821 GC heap after
{Heap after GC invocations=4968 (full 4):
 def new generation   total 2916096K, used 42218K [0x00007f37b4600000, 0x00007f387a220000, 0x00007f3d09b50000)
  eden space 2592128K,   0% used [0x00007f37b4600000, 0x00007f37b4600000, 0x00007f3852960000)
  from space 323968K,  13% used [0x00007f3852960000, 0x00007f385529a9c0, 0x00007f38665c0000)
  to   space 323968K,   0% used [0x00007f38665c0000, 0x00007f38665c0000, 0x00007f387a220000)
 tenured generation   total 6482544K, used 6482434K [0x00007f3d09b50000, 0x00007f3e955ec000, 0x00007f47b4600000)
   the space 6482544K,  99% used [0x00007f3d09b50000, 0x00007f3e955d0988, 0x00007f3e955d0a00, 0x00007f3e955ec000)
 Metaspace       used 24275K, capacity 24699K, committed 24832K, reserved 26624K
}
Event: 2147.821 GC heap before
{Heap before GC invocations=4968 (full 4):
 def new generation   total 2916096K, used 42218K [0x00007f37b4600000, 0x00007f387a220000, 0x00007f3d09b50000)
  eden space 2592128K,   0% used [0x00007f37b4600000, 0x00007f37b4600000, 0x00007f3852960000)
  from space 323968K,  13% used [0x00007f3852960000, 0x00007f385529a9c0, 0x00007f38665c0000)
  to   space 323968K,   0% used [0x00007f38665c0000, 0x00007f38665c0000, 0x00007f387a220000)
 tenured generation   total 6482544K, used 6482434K [0x00007f3d09b50000, 0x00007f3e955ec000, 0x00007f47b4600000)
   the space 6482544K,  99% used [0x00007f3d09b50000, 0x00007f3e955d0988, 0x00007f3e955d0a00, 0x00007f3e955ec000)
 Metaspace       used 24275K, capacity 24699K, committed 24832K, reserved 26624K
}

