# JRE version: OpenJDK Runtime Environment (13.0.7+5) (build 13.0.7+5-Ubuntu-0ubuntu120.04)
# Java VM: OpenJDK 64-Bit Server VM (13.0.7+5-Ubuntu-0ubuntu120.04, mixed mode, tiered, serial gc, linux-amd64)
Heap:
 def new generation   total 7316736K, used 812741K [0x00007f3b8c600000, 0x00007f3d7c920000, 0x00007f40e1b50000)
  eden space 6503808K,  12% used [0x00007f3b8c600000, 0x00007f3bbdfb1598, 0x00007f3d19560000)
  from space 812928K,   0% used [0x00007f3d19560000, 0x00007f3d19560000, 0x00007f3d4af40000)
  to   space 812928K,   0% used [0x00007f3d4af40000, 0x00007f3d4af40000, 0x00007f3d7c920000)
 tenured generation   total 16906660K, used 16906659K [0x00007f40e1b50000, 0x00007f44e99b9000, 0x00007f4b8c600000)
   the space 16906660K,  99% used [0x00007f40e1b50000, 0x00007f44e99b8c18, 0x00007f44e99b8e00, 0x00007f44e99b9000)
 Metaspace       used 30968K, capacity 31396K, committed 31744K, reserved 32768K
GC Heap History (20 events):
Event: 12.992 GC heap after
{Heap after GC invocations=5 (full 1):
 def new generation   total 629248K, used 69887K [0x00007f3b8c600000, 0x00007f3bb70c0000, 0x00007f40e1b50000)
  eden space 559360K,   0% used [0x00007f3b8c600000, 0x00007f3b8c600000, 0x00007f3bae840000)
  from space 69888K,  99% used [0x00007f3bae840000, 0x00007f3bb2c7fde8, 0x00007f3bb2c80000)
  to   space 69888K,   0% used [0x00007f3bb2c80000, 0x00007f3bb2c80000, 0x00007f3bb70c0000)
 tenured generation   total 1926912K, used 1926834K [0x00007f40e1b50000, 0x00007f4157510000, 0x00007f4b8c600000)
   the space 1926912K,  99% used [0x00007f40e1b50000, 0x00007f41574fcad0, 0x00007f41574fcc00, 0x00007f4157510000)
 Metaspace       used 30967K, capacity 31396K, committed 31744K, reserved 32768K
}
Event: 12.992 GC heap before
{Heap before GC invocations=5 (full 1):
 def new generation   total 629248K, used 69887K [0x00007f3b8c600000, 0x00007f3bb70c0000, 0x00007f40e1b50000)
  eden space 559360K,   0% used [0x00007f3b8c600000, 0x00007f3b8c600000, 0x00007f3bae840000)
  from space 69888K,  99% used [0x00007f3bae840000, 0x00007f3bb2c7fde8, 0x00007f3bb2c80000)
  to   space 69888K,   0% used [0x00007f3bb2c80000, 0x00007f3bb2c80000, 0x00007f3bb70c0000)
 tenured generation   total 1926912K, used 1926834K [0x00007f40e1b50000, 0x00007f4157510000, 0x00007f4b8c600000)
   the space 1926912K,  99% used [0x00007f40e1b50000, 0x00007f41574fcad0, 0x00007f41574fcc00, 0x00007f4157510000)
 Metaspace       used 30967K, capacity 31396K, committed 31744K, reserved 32768K
}
Event: 13.965 GC heap after
{Heap after GC invocations=5 (full 2):
 def new generation   total 1445248K, used 69810K [0x00007f3b8c600000, 0x00007f3bee630000, 0x00007f40e1b50000)
  eden space 1284672K,   5% used [0x00007f3b8c600000, 0x00007f3b90a2cae0, 0x00007f3bdac90000)
  from space 160576K,   0% used [0x00007f3bdac90000, 0x00007f3bdac90000, 0x00007f3be4960000)
  to   space 160576K,   0% used [0x00007f3be4960000, 0x00007f3be4960000, 0x00007f3bee630000)
 tenured generation   total 3211520K, used 1926911K [0x00007f40e1b50000, 0x00007f41a5b90000, 0x00007f4b8c600000)
   the space 3211520K,  59% used [0x00007f40e1b50000, 0x00007f415750fdd8, 0x00007f415750fe00, 0x00007f41a5b90000)
 Metaspace       used 30967K, capacity 31396K, committed 31744K, reserved 32768K
}
Event: 14.865 GC heap before
{Heap before GC invocations=5 (full 2):
 def new generation   total 1445248K, used 1284672K [0x00007f3b8c600000, 0x00007f3bee630000, 0x00007f40e1b50000)
  eden space 1284672K, 100% used [0x00007f3b8c600000, 0x00007f3bdac90000, 0x00007f3bdac90000)
  from space 160576K,   0% used [0x00007f3bdac90000, 0x00007f3bdac90000, 0x00007f3be4960000)
  to   space 160576K,   0% used [0x00007f3be4960000, 0x00007f3be4960000, 0x00007f3bee630000)
 tenured generation   total 3211520K, used 1926911K [0x00007f40e1b50000, 0x00007f41a5b90000, 0x00007f4b8c600000)
   the space 3211520K,  59% used [0x00007f40e1b50000, 0x00007f415750fdd8, 0x00007f415750fe00, 0x00007f41a5b90000)
 Metaspace       used 30968K, capacity 31396K, committed 31744K, reserved 32768K
}
Event: 17.445 GC heap after
{Heap after GC invocations=6 (full 2):
 def new generation   total 1445248K, used 160575K [0x00007f3b8c600000, 0x00007f3bee630000, 0x00007f40e1b50000)
  eden space 1284672K,   0% used [0x00007f3b8c600000, 0x00007f3b8c600000, 0x00007f3bdac90000)
  from space 160576K,  99% used [0x00007f3be4960000, 0x00007f3bee62fd30, 0x00007f3bee630000)
  to   space 160576K,   0% used [0x00007f3bdac90000, 0x00007f3bdac90000, 0x00007f3be4960000)
 tenured generation   total 3211520K, used 3050942K [0x00007f40e1b50000, 0x00007f41a5b90000, 0x00007f4b8c600000)
   the space 3211520K,  94% used [0x00007f40e1b50000, 0x00007f419bebfa88, 0x00007f419bebfc00, 0x00007f41a5b90000)
 Metaspace       used 30968K, capacity 31396K, committed 31744K, reserved 32768K
}
Event: 18.189 GC heap before
{Heap before GC invocations=6 (full 2):
 def new generation   total 1445248K, used 1445247K [0x00007f3b8c600000, 0x00007f3bee630000, 0x00007f40e1b50000)
  eden space 1284672K, 100% used [0x00007f3b8c600000, 0x00007f3bdac90000, 0x00007f3bdac90000)
  from space 160576K,  99% used [0x00007f3be4960000, 0x00007f3bee62fd30, 0x00007f3bee630000)
  to   space 160576K,   0% used [0x00007f3bdac90000, 0x00007f3bdac90000, 0x00007f3be4960000)
 tenured generation   total 3211520K, used 3050942K [0x00007f40e1b50000, 0x00007f41a5b90000, 0x00007f4b8c600000)
   the space 3211520K,  94% used [0x00007f40e1b50000, 0x00007f419bebfa88, 0x00007f419bebfc00, 0x00007f41a5b90000)
 Metaspace       used 30968K, capacity 31396K, committed 31744K, reserved 32768K
}
Event: 20.792 GC heap after
{Heap after GC invocations=7 (full 2):
 def new generation   total 1445248K, used 160575K [0x00007f3b8c600000, 0x00007f3bee630000, 0x00007f40e1b50000)
  eden space 1284672K,   0% used [0x00007f3b8c600000, 0x00007f3b8c600000, 0x00007f3bdac90000)
  from space 160576K,  99% used [0x00007f3bdac90000, 0x00007f3be495fd30, 0x00007f3be4960000)
  to   space 160576K,   0% used [0x00007f3be4960000, 0x00007f3be4960000, 0x00007f3bee630000)
 tenured generation   total 4335680K, used 4335564K [0x00007f40e1b50000, 0x00007f41ea560000, 0x00007f4b8c600000)
   the space 4335680K,  99% used [0x00007f40e1b50000, 0x00007f41ea5431d0, 0x00007f41ea543200, 0x00007f41ea560000)
 Metaspace       used 30968K, capacity 31396K, committed 31744K, reserved 32768K
}
Event: 20.792 GC heap before
{Heap before GC invocations=7 (full 2):
 def new generation   total 1445248K, used 160575K [0x00007f3b8c600000, 0x00007f3bee630000, 0x00007f40e1b50000)
  eden space 1284672K,   0% used [0x00007f3b8c600000, 0x00007f3b8c600000, 0x00007f3bdac90000)
  from space 160576K,  99% used [0x00007f3bdac90000, 0x00007f3be495fd30, 0x00007f3be4960000)
  to   space 160576K,   0% used [0x00007f3be4960000, 0x00007f3be4960000, 0x00007f3bee630000)
 tenured generation   total 4335680K, used 4335564K [0x00007f40e1b50000, 0x00007f41ea560000, 0x00007f4b8c600000)
   the space 4335680K,  99% used [0x00007f40e1b50000, 0x00007f41ea5431d0, 0x00007f41ea543200, 0x00007f41ea560000)
 Metaspace       used 30968K, capacity 31396K, committed 31744K, reserved 32768K
}
Event: 23.724 GC heap after
{Heap after GC invocations=7 (full 3):
 def new generation   total 3251840K, used 160460K [0x00007f3b8c600000, 0x00007f3c68e70000, 0x00007f40e1b50000)
  eden space 2890560K,   5% used [0x00007f3b8c600000, 0x00007f3b962b32b0, 0x00007f3c3ccd0000)
  from space 361280K,   0% used [0x00007f3c3ccd0000, 0x00007f3c3ccd0000, 0x00007f3c52da0000)
  to   space 361280K,   0% used [0x00007f3c52da0000, 0x00007f3c52da0000, 0x00007f3c68e70000)
 tenured generation   total 7226132K, used 4335679K [0x00007f40e1b50000, 0x00007f429ac15000, 0x00007f4b8c600000)
   the space 7226132K,  59% used [0x00007f40e1b50000, 0x00007f41ea55fc50, 0x00007f41ea55fe00, 0x00007f429ac15000)
 Metaspace       used 30968K, capacity 31396K, committed 31744K, reserved 32768K
}
Event: 25.806 GC heap before
{Heap before GC invocations=7 (full 3):
 def new generation   total 3251840K, used 2890560K [0x00007f3b8c600000, 0x00007f3c68e70000, 0x00007f40e1b50000)
  eden space 2890560K, 100% used [0x00007f3b8c600000, 0x00007f3c3ccd0000, 0x00007f3c3ccd0000)
  from space 361280K,   0% used [0x00007f3c3ccd0000, 0x00007f3c3ccd0000, 0x00007f3c52da0000)
  to   space 361280K,   0% used [0x00007f3c52da0000, 0x00007f3c52da0000, 0x00007f3c68e70000)
 tenured generation   total 7226132K, used 4335679K [0x00007f40e1b50000, 0x00007f429ac15000, 0x00007f4b8c600000)
   the space 7226132K,  59% used [0x00007f40e1b50000, 0x00007f41ea55fc50, 0x00007f41ea55fe00, 0x00007f429ac15000)
 Metaspace       used 30968K, capacity 31396K, committed 31744K, reserved 32768K
}
Event: 32.821 GC heap after
{Heap after GC invocations=8 (full 3):
 def new generation   total 3251840K, used 361279K [0x00007f3b8c600000, 0x00007f3c68e70000, 0x00007f40e1b50000)
  eden space 2890560K,   0% used [0x00007f3b8c600000, 0x00007f3b8c600000, 0x00007f3c3ccd0000)
  from space 361280K,  99% used [0x00007f3c52da0000, 0x00007f3c68e6fe50, 0x00007f3c68e70000)
  to   space 361280K,   0% used [0x00007f3c3ccd0000, 0x00007f3c3ccd0000, 0x00007f3c52da0000)
 tenured generation   total 7226132K, used 6864886K [0x00007f40e1b50000, 0x00007f429ac15000, 0x00007f4b8c600000)
   the space 7226132K,  95% used [0x00007f40e1b50000, 0x00007f4284b4db78, 0x00007f4284b4dc00, 0x00007f429ac15000)
 Metaspace       used 30968K, capacity 31396K, committed 31744K, reserved 32768K
}
Event: 34.460 GC heap before
{Heap before GC invocations=8 (full 3):
 def new generation   total 3251840K, used 3251839K [0x00007f3b8c600000, 0x00007f3c68e70000, 0x00007f40e1b50000)
  eden space 2890560K, 100% used [0x00007f3b8c600000, 0x00007f3c3ccd0000, 0x00007f3c3ccd0000)
  from space 361280K,  99% used [0x00007f3c52da0000, 0x00007f3c68e6fe50, 0x00007f3c68e70000)
  to   space 361280K,   0% used [0x00007f3c3ccd0000, 0x00007f3c3ccd0000, 0x00007f3c52da0000)
 tenured generation   total 7226132K, used 6864886K [0x00007f40e1b50000, 0x00007f429ac15000, 0x00007f4b8c600000)
   the space 7226132K,  95% used [0x00007f40e1b50000, 0x00007f4284b4db78, 0x00007f4284b4dc00, 0x00007f429ac15000)
 Metaspace       used 30968K, capacity 31396K, committed 31744K, reserved 32768K
}
Event: 41.679 GC heap after
{Heap after GC invocations=9 (full 3):
 def new generation   total 3251840K, used 361279K [0x00007f3b8c600000, 0x00007f3c68e70000, 0x00007f40e1b50000)
  eden space 2890560K,   0% used [0x00007f3b8c600000, 0x00007f3b8c600000, 0x00007f3c3ccd0000)
  from space 361280K,  99% used [0x00007f3c3ccd0000, 0x00007f3c52d9fe50, 0x00007f3c52da0000)
  to   space 361280K,   0% used [0x00007f3c52da0000, 0x00007f3c52da0000, 0x00007f3c68e70000)
 tenured generation   total 9755540K, used 9755409K [0x00007f40e1b50000, 0x00007f4335235000, 0x00007f4b8c600000)
   the space 9755540K,  99% used [0x00007f40e1b50000, 0x00007f4335214420, 0x00007f4335214600, 0x00007f4335235000)
 Metaspace       used 30968K, capacity 31396K, committed 31744K, reserved 32768K
}
Event: 41.679 GC heap before
{Heap before GC invocations=9 (full 3):
 def new generation   total 3251840K, used 361279K [0x00007f3b8c600000, 0x00007f3c68e70000, 0x00007f40e1b50000)
  eden space 2890560K,   0% used [0x00007f3b8c600000, 0x00007f3b8c600000, 0x00007f3c3ccd0000)
  from space 361280K,  99% used [0x00007f3c3ccd0000, 0x00007f3c52d9fe50, 0x00007f3c52da0000)
  to   space 361280K,   0% used [0x00007f3c52da0000, 0x00007f3c52da0000, 0x00007f3c68e70000)
 tenured generation   total 9755540K, used 9755409K [0x00007f40e1b50000, 0x00007f4335235000, 0x00007f4b8c600000)
   the space 9755540K,  99% used [0x00007f40e1b50000, 0x00007f4335214420, 0x00007f4335214600, 0x00007f4335235000)
 Metaspace       used 30968K, capacity 31396K, committed 31744K, reserved 32768K
}
Event: 59.525 GC heap after
{Heap after GC invocations=9 (full 4):
 def new generation   total 7316736K, used 355736K [0x00007f3b8c600000, 0x00007f3d7c920000, 0x00007f40e1b50000)
  eden space 6503808K,   5% used [0x00007f3b8c600000, 0x00007f3ba2166290, 0x00007f3d19560000)
  from space 812928K,   0% used [0x00007f3d19560000, 0x00007f3d19560000, 0x00007f3d4af40000)
  to   space 812928K,   0% used [0x00007f3d4af40000, 0x00007f3d4af40000, 0x00007f3d7c920000)
 tenured generation   total 16259236K, used 9755539K [0x00007f40e1b50000, 0x00007f44c2179000, 0x00007f4b8c600000)
   the space 16259236K,  59% used [0x00007f40e1b50000, 0x00007f4335234fa8, 0x00007f4335235000, 0x00007f44c2179000)
 Metaspace       used 30968K, capacity 31396K, committed 31744K, reserved 32768K
}
Event: 64.833 GC heap before
{Heap before GC invocations=9 (full 4):
 def new generation   total 7316736K, used 6503808K [0x00007f3b8c600000, 0x00007f3d7c920000, 0x00007f40e1b50000)
  eden space 6503808K, 100% used [0x00007f3b8c600000, 0x00007f3d19560000, 0x00007f3d19560000)
  from space 812928K,   0% used [0x00007f3d19560000, 0x00007f3d19560000, 0x00007f3d4af40000)
  to   space 812928K,   0% used [0x00007f3d4af40000, 0x00007f3d4af40000, 0x00007f3d7c920000)
 tenured generation   total 16259236K, used 9755539K [0x00007f40e1b50000, 0x00007f44c2179000, 0x00007f4b8c600000)
   the space 16259236K,  59% used [0x00007f40e1b50000, 0x00007f4335234fa8, 0x00007f4335235000, 0x00007f44c2179000)
 Metaspace       used 30968K, capacity 31396K, committed 31744K, reserved 32768K
}
Event: 81.564 GC heap after
{Heap after GC invocations=10 (full 4):
 def new generation   total 7316736K, used 812927K [0x00007f3b8c600000, 0x00007f3d7c920000, 0x00007f40e1b50000)
  eden space 6503808K,   0% used [0x00007f3b8c600000, 0x00007f3b8c600000, 0x00007f3d19560000)
  from space 812928K,  99% used [0x00007f3d4af40000, 0x00007f3d7c91fea8, 0x00007f3d7c920000)
  to   space 812928K,   0% used [0x00007f3d19560000, 0x00007f3d19560000, 0x00007f3d4af40000)
 tenured generation   total 16259236K, used 15446356K [0x00007f40e1b50000, 0x00007f44c2179000, 0x00007f4b8c600000)
   the space 16259236K,  95% used [0x00007f40e1b50000, 0x00007f44907a53e0, 0x00007f44907a5400, 0x00007f44c2179000)
 Metaspace       used 30968K, capacity 31396K, committed 31744K, reserved 32768K
}
Event: 119.114 GC heap before
{Heap before GC invocations=10 (full 4):
 def new generation   total 7316736K, used 7316735K [0x00007f3b8c600000, 0x00007f3d7c920000, 0x00007f40e1b50000)
  eden space 6503808K, 100% used [0x00007f3b8c600000, 0x00007f3d19560000, 0x00007f3d19560000)
  from space 812928K,  99% used [0x00007f3d4af40000, 0x00007f3d7c91fea8, 0x00007f3d7c920000)
  to   space 812928K,   0% used [0x00007f3d19560000, 0x00007f3d19560000, 0x00007f3d4af40000)
 tenured generation   total 16259236K, used 15446356K [0x00007f40e1b50000, 0x00007f44c2179000, 0x00007f4b8c600000)
   the space 16259236K,  95% used [0x00007f40e1b50000, 0x00007f44907a53e0, 0x00007f44907a5400, 0x00007f44c2179000)
 Metaspace       used 30968K, capacity 31396K, committed 31744K, reserved 32768K
}
Event: 122.804 GC heap after
{Heap after GC invocations=11 (full 4):
 def new generation   total 7316736K, used 812927K [0x00007f3b8c600000, 0x00007f3d7c920000, 0x00007f40e1b50000)
  eden space 6503808K,   0% used [0x00007f3b8c600000, 0x00007f3b8c600000, 0x00007f3d19560000)
  from space 812928K,  99% used [0x00007f3d19560000, 0x00007f3d4af3fec0, 0x00007f3d4af40000)
  to   space 812928K,   0% used [0x00007f3d4af40000, 0x00007f3d4af40000, 0x00007f3d7c920000)
 tenured generation   total 16906660K, used 16906472K [0x00007f40e1b50000, 0x00007f44e99b9000, 0x00007f4b8c600000)
   the space 16906660K,  99% used [0x00007f40e1b50000, 0x00007f44e998a2f0, 0x00007f44e998a400, 0x00007f44e99b9000)
 Metaspace       used 30968K, capacity 31396K, committed 31744K, reserved 32768K
}
Event: 122.804 GC heap before
{Heap before GC invocations=11 (full 4):
 def new generation   total 7316736K, used 812927K [0x00007f3b8c600000, 0x00007f3d7c920000, 0x00007f40e1b50000)
  eden space 6503808K,   0% used [0x00007f3b8c600000, 0x00007f3b8c600000, 0x00007f3d19560000)
  from space 812928K,  99% used [0x00007f3d19560000, 0x00007f3d4af3fec0, 0x00007f3d4af40000)
  to   space 812928K,   0% used [0x00007f3d4af40000, 0x00007f3d4af40000, 0x00007f3d7c920000)
 tenured generation   total 16906660K, used 16906472K [0x00007f40e1b50000, 0x00007f44e99b9000, 0x00007f4b8c600000)
   the space 16906660K,  99% used [0x00007f40e1b50000, 0x00007f44e998a2f0, 0x00007f44e998a400, 0x00007f44e99b9000)
 Metaspace       used 30968K, capacity 31396K, committed 31744K, reserved 32768K
}

