# JRE version: OpenJDK Runtime Environment (13.0.7+5) (build 13.0.7+5-Ubuntu-0ubuntu120.04)
# Java VM: OpenJDK 64-Bit Server VM (13.0.7+5-Ubuntu-0ubuntu120.04, mixed mode, tiered, serial gc, linux-amd64)
Heap:
 def new generation   total 3152768K, used 0K [0x00007f8a3c600000, 0x00007f8b122f0000, 0x00007f8f91b50000)
  eden space 2802496K,   0% used [0x00007f8a3c600000, 0x00007f8a3c600000, 0x00007f8ae76d0000)
  from space 350272K,   0% used [0x00007f8ae76d0000, 0x00007f8ae76d0000, 0x00007f8afcce0000)
  to   space 350272K,   0% used [0x00007f8afcce0000, 0x00007f8afcce0000, 0x00007f8b122f0000)
 tenured generation   total 7005968K, used 4203578K [0x00007f8f91b50000, 0x00007f913d514000, 0x00007f9a3c600000)
   the space 7005968K,  59% used [0x00007f8f91b50000, 0x00007f909245e9c8, 0x00007f909245ea00, 0x00007f913d514000)
 Metaspace       used 23273K, capacity 23611K, committed 23808K, reserved 24576K
GC Heap History (20 events):
Event: 3.927 GC heap before
{Heap before GC invocations=1 (full 1):
 def new generation   total 629248K, used 559360K [0x00007f8a3c600000, 0x00007f8a670c0000, 0x00007f8f91b50000)
  eden space 559360K, 100% used [0x00007f8a3c600000, 0x00007f8a5e840000, 0x00007f8a5e840000)
  from space 69888K,   0% used [0x00007f8a5e840000, 0x00007f8a5e840000, 0x00007f8a62c80000)
  to   space 69888K,   0% used [0x00007f8a62c80000, 0x00007f8a62c80000, 0x00007f8a670c0000)
 tenured generation   total 1398144K, used 13605K [0x00007f8f91b50000, 0x00007f8fe70b0000, 0x00007f9a3c600000)
   the space 1398144K,   0% used [0x00007f8f91b50000, 0x00007f8f92899528, 0x00007f8f92899600, 0x00007f8fe70b0000)
 Metaspace       used 23076K, capacity 23459K, committed 23552K, reserved 24576K
}
Event: 3.933 GC heap after
{Heap after GC invocations=2 (full 1):
 def new generation   total 629248K, used 698K [0x00007f8a3c600000, 0x00007f8a670c0000, 0x00007f8f91b50000)
  eden space 559360K,   0% used [0x00007f8a3c600000, 0x00007f8a3c600000, 0x00007f8a5e840000)
  from space 69888K,   0% used [0x00007f8a62c80000, 0x00007f8a62d2e958, 0x00007f8a670c0000)
  to   space 69888K,   0% used [0x00007f8a5e840000, 0x00007f8a5e840000, 0x00007f8a62c80000)
 tenured generation   total 1398144K, used 13605K [0x00007f8f91b50000, 0x00007f8fe70b0000, 0x00007f9a3c600000)
   the space 1398144K,   0% used [0x00007f8f91b50000, 0x00007f8f92899528, 0x00007f8f92899600, 0x00007f8fe70b0000)
 Metaspace       used 23076K, capacity 23459K, committed 23552K, reserved 24576K
}
Event: 6.166 GC heap before
{Heap before GC invocations=2 (full 1):
 def new generation   total 629248K, used 401069K [0x00007f8a3c600000, 0x00007f8a670c0000, 0x00007f8f91b50000)
  eden space 559360K,  71% used [0x00007f8a3c600000, 0x00007f8a54cfcb40, 0x00007f8a5e840000)
  from space 69888K,   0% used [0x00007f8a62c80000, 0x00007f8a62d2e958, 0x00007f8a670c0000)
  to   space 69888K,   0% used [0x00007f8a5e840000, 0x00007f8a5e840000, 0x00007f8a62c80000)
 tenured generation   total 1398144K, used 1062181K [0x00007f8f91b50000, 0x00007f8fe70b0000, 0x00007f9a3c600000)
   the space 1398144K,  75% used [0x00007f8f91b50000, 0x00007f8fd2899540, 0x00007f8fd2899600, 0x00007f8fe70b0000)
 Metaspace       used 23270K, capacity 23611K, committed 23808K, reserved 24576K
}
Event: 6.173 GC heap after
{Heap after GC invocations=3 (full 1):
 def new generation   total 629248K, used 2047K [0x00007f8a3c600000, 0x00007f8a670c0000, 0x00007f8f91b50000)
  eden space 559360K,   0% used [0x00007f8a3c600000, 0x00007f8a3c600000, 0x00007f8a5e840000)
  from space 69888K,   2% used [0x00007f8a5e840000, 0x00007f8a5ea3fdb0, 0x00007f8a62c80000)
  to   space 69888K,   0% used [0x00007f8a62c80000, 0x00007f8a62c80000, 0x00007f8a670c0000)
 tenured generation   total 1398144K, used 1062181K [0x00007f8f91b50000, 0x00007f8fe70b0000, 0x00007f9a3c600000)
   the space 1398144K,  75% used [0x00007f8f91b50000, 0x00007f8fd2899540, 0x00007f8fd2899600, 0x00007f8fe70b0000)
 Metaspace       used 23270K, capacity 23611K, committed 23808K, reserved 24576K
}
Event: 7.570 GC heap before
{Heap before GC invocations=3 (full 1):
 def new generation   total 629248K, used 541013K [0x00007f8a3c600000, 0x00007f8a670c0000, 0x00007f8f91b50000)
  eden space 559360K,  96% used [0x00007f8a3c600000, 0x00007f8a5d4557e0, 0x00007f8a5e840000)
  from space 69888K,   2% used [0x00007f8a5e840000, 0x00007f8a5ea3fdb0, 0x00007f8a62c80000)
  to   space 69888K,   0% used [0x00007f8a62c80000, 0x00007f8a62c80000, 0x00007f8a670c0000)
 tenured generation   total 1398144K, used 1062181K [0x00007f8f91b50000, 0x00007f8fe70b0000, 0x00007f9a3c600000)
   the space 1398144K,  75% used [0x00007f8f91b50000, 0x00007f8fd2899540, 0x00007f8fd2899600, 0x00007f8fe70b0000)
 Metaspace       used 23273K, capacity 23611K, committed 23808K, reserved 24576K
}
Event: 8.311 GC heap after
{Heap after GC invocations=4 (full 1):
 def new generation   total 629248K, used 1022K [0x00007f8a3c600000, 0x00007f8a670c0000, 0x00007f8f91b50000)
  eden space 559360K,   0% used [0x00007f8a3c600000, 0x00007f8a3c600000, 0x00007f8a5e840000)
  from space 69888K,   1% used [0x00007f8a62c80000, 0x00007f8a62d7f990, 0x00007f8a670c0000)
  to   space 69888K,   0% used [0x00007f8a5e840000, 0x00007f8a5e840000, 0x00007f8a62c80000)
 tenured generation   total 1922436K, used 1586469K [0x00007f8f91b50000, 0x00007f90070b1000, 0x00007f9a3c600000)
   the space 1922436K,  82% used [0x00007f8f91b50000, 0x00007f8ff2899558, 0x00007f8ff2899600, 0x00007f90070b1000)
 Metaspace       used 23273K, capacity 23611K, committed 23808K, reserved 24576K
}
Event: 8.311 GC heap before
{Heap before GC invocations=4 (full 1):
 def new generation   total 629248K, used 1022K [0x00007f8a3c600000, 0x00007f8a670c0000, 0x00007f8f91b50000)
  eden space 559360K,   0% used [0x00007f8a3c600000, 0x00007f8a3c600000, 0x00007f8a5e840000)
  from space 69888K,   1% used [0x00007f8a62c80000, 0x00007f8a62d7f990, 0x00007f8a670c0000)
  to   space 69888K,   0% used [0x00007f8a5e840000, 0x00007f8a5e840000, 0x00007f8a62c80000)
 tenured generation   total 1922436K, used 1586469K [0x00007f8f91b50000, 0x00007f90070b1000, 0x00007f9a3c600000)
   the space 1922436K,  82% used [0x00007f8f91b50000, 0x00007f8ff2899558, 0x00007f8ff2899600, 0x00007f90070b1000)
 Metaspace       used 23273K, capacity 23611K, committed 23808K, reserved 24576K
}
Event: 8.738 GC heap after
{Heap after GC invocations=4 (full 2):
 def new generation   total 629248K, used 0K [0x00007f8a3c600000, 0x00007f8a670c0000, 0x00007f8f91b50000)
  eden space 559360K,   0% used [0x00007f8a3c600000, 0x00007f8a3c600000, 0x00007f8a5e840000)
  from space 69888K,   0% used [0x00007f8a62c80000, 0x00007f8a62c80000, 0x00007f8a670c0000)
  to   space 69888K,   0% used [0x00007f8a5e840000, 0x00007f8a5e840000, 0x00007f8a62c80000)
 tenured generation   total 1398144K, used 538906K [0x00007f8f91b50000, 0x00007f8fe70b0000, 0x00007f9a3c600000)
   the space 1398144K,  38% used [0x00007f8f91b50000, 0x00007f8fb2996938, 0x00007f8fb2996a00, 0x00007f8fe70b0000)
 Metaspace       used 23273K, capacity 23611K, committed 23808K, reserved 24576K
}
Event: 9.538 GC heap before
{Heap before GC invocations=4 (full 2):
 def new generation   total 629248K, used 535311K [0x00007f8a3c600000, 0x00007f8a670c0000, 0x00007f8f91b50000)
  eden space 559360K,  95% used [0x00007f8a3c600000, 0x00007f8a5d0c3e90, 0x00007f8a5e840000)
  from space 69888K,   0% used [0x00007f8a62c80000, 0x00007f8a62c80000, 0x00007f8a670c0000)
  to   space 69888K,   0% used [0x00007f8a5e840000, 0x00007f8a5e840000, 0x00007f8a62c80000)
 tenured generation   total 1398144K, used 538906K [0x00007f8f91b50000, 0x00007f8fe70b0000, 0x00007f9a3c600000)
   the space 1398144K,  38% used [0x00007f8f91b50000, 0x00007f8fb2996938, 0x00007f8fb2996a00, 0x00007f8fe70b0000)
 Metaspace       used 23273K, capacity 23611K, committed 23808K, reserved 24576K
}
Event: 9.774 GC heap after
{Heap after GC invocations=5 (full 2):
 def new generation   total 629248K, used 1K [0x00007f8a3c600000, 0x00007f8a670c0000, 0x00007f8f91b50000)
  eden space 559360K,   0% used [0x00007f8a3c600000, 0x00007f8a3c600000, 0x00007f8a5e840000)
  from space 69888K,   0% used [0x00007f8a5e840000, 0x00007f8a5e8404b0, 0x00007f8a62c80000)
  to   space 69888K,   0% used [0x00007f8a62c80000, 0x00007f8a62c80000, 0x00007f8a670c0000)
 tenured generation   total 1398144K, used 1063194K [0x00007f8f91b50000, 0x00007f8fe70b0000, 0x00007f9a3c600000)
   the space 1398144K,  76% used [0x00007f8f91b50000, 0x00007f8fd2996968, 0x00007f8fd2996a00, 0x00007f8fe70b0000)
 Metaspace       used 23273K, capacity 23611K, committed 23808K, reserved 24576K
}
Event: 9.774 GC heap before
{Heap before GC invocations=5 (full 2):
 def new generation   total 629248K, used 1K [0x00007f8a3c600000, 0x00007f8a670c0000, 0x00007f8f91b50000)
  eden space 559360K,   0% used [0x00007f8a3c600000, 0x00007f8a3c600000, 0x00007f8a5e840000)
  from space 69888K,   0% used [0x00007f8a5e840000, 0x00007f8a5e8404b0, 0x00007f8a62c80000)
  to   space 69888K,   0% used [0x00007f8a62c80000, 0x00007f8a62c80000, 0x00007f8a670c0000)
 tenured generation   total 1398144K, used 1063194K [0x00007f8f91b50000, 0x00007f8fe70b0000, 0x00007f9a3c600000)
   the space 1398144K,  76% used [0x00007f8f91b50000, 0x00007f8fd2996968, 0x00007f8fd2996a00, 0x00007f8fe70b0000)
 Metaspace       used 23273K, capacity 23611K, committed 23808K, reserved 24576K
}
Event: 10.058 GC heap after
{Heap after GC invocations=5 (full 3):
 def new generation   total 629248K, used 0K [0x00007f8a3c600000, 0x00007f8a670c0000, 0x00007f8f91b50000)
  eden space 559360K,   0% used [0x00007f8a3c600000, 0x00007f8a3c600000, 0x00007f8a5e840000)
  from space 69888K,   0% used [0x00007f8a5e840000, 0x00007f8a5e840000, 0x00007f8a62c80000)
  to   space 69888K,   0% used [0x00007f8a62c80000, 0x00007f8a62c80000, 0x00007f8a670c0000)
 tenured generation   total 1398144K, used 538906K [0x00007f8f91b50000, 0x00007f8fe70b0000, 0x00007f9a3c600000)
   the space 1398144K,  38% used [0x00007f8f91b50000, 0x00007f8fb2996b20, 0x00007f8fb2996c00, 0x00007f8fe70b0000)
 Metaspace       used 23273K, capacity 23611K, committed 23808K, reserved 24576K
}
Event: 12.810 GC heap before
{Heap before GC invocations=5 (full 3):
 def new generation   total 629248K, used 11000K [0x00007f8a3c600000, 0x00007f8a670c0000, 0x00007f8f91b50000)
  eden space 559360K,   1% used [0x00007f8a3c600000, 0x00007f8a3d0be0f8, 0x00007f8a5e840000)
  from space 69888K,   0% used [0x00007f8a5e840000, 0x00007f8a5e840000, 0x00007f8a62c80000)
  to   space 69888K,   0% used [0x00007f8a62c80000, 0x00007f8a62c80000, 0x00007f8a670c0000)
 tenured generation   total 3495300K, used 2636058K [0x00007f8f91b50000, 0x00007f90670b1000, 0x00007f9a3c600000)
   the space 3495300K,  75% used [0x00007f8f91b50000, 0x00007f9032996b38, 0x00007f9032996c00, 0x00007f90670b1000)
 Metaspace       used 23273K, capacity 23611K, committed 23808K, reserved 24576K
}
Event: 12.811 GC heap after
{Heap after GC invocations=6 (full 3):
 def new generation   total 629248K, used 0K [0x00007f8a3c600000, 0x00007f8a670c0000, 0x00007f8f91b50000)
  eden space 559360K,   0% used [0x00007f8a3c600000, 0x00007f8a3c600000, 0x00007f8a5e840000)
  from space 69888K,   0% used [0x00007f8a62c80000, 0x00007f8a62c800b8, 0x00007f8a670c0000)
  to   space 69888K,   0% used [0x00007f8a5e840000, 0x00007f8a5e840000, 0x00007f8a62c80000)
 tenured generation   total 3495300K, used 2636058K [0x00007f8f91b50000, 0x00007f90670b1000, 0x00007f9a3c600000)
   the space 3495300K,  75% used [0x00007f8f91b50000, 0x00007f9032996b38, 0x00007f9032996c00, 0x00007f90670b1000)
 Metaspace       used 23273K, capacity 23611K, committed 23808K, reserved 24576K
}
Event: 12.811 GC heap before
{Heap before GC invocations=6 (full 3):
 def new generation   total 629248K, used 0K [0x00007f8a3c600000, 0x00007f8a670c0000, 0x00007f8f91b50000)
  eden space 559360K,   0% used [0x00007f8a3c600000, 0x00007f8a3c600000, 0x00007f8a5e840000)
  from space 69888K,   0% used [0x00007f8a62c80000, 0x00007f8a62c800b8, 0x00007f8a670c0000)
  to   space 69888K,   0% used [0x00007f8a5e840000, 0x00007f8a5e840000, 0x00007f8a62c80000)
 tenured generation   total 3495300K, used 2636058K [0x00007f8f91b50000, 0x00007f90670b1000, 0x00007f9a3c600000)
   the space 3495300K,  75% used [0x00007f8f91b50000, 0x00007f9032996b38, 0x00007f9032996c00, 0x00007f90670b1000)
 Metaspace       used 23273K, capacity 23611K, committed 23808K, reserved 24576K
}
Event: 13.600 GC heap after
{Heap after GC invocations=6 (full 4):
 def new generation   total 1579904K, used 0K [0x00007f8a3c600000, 0x00007f8aa7840000, 0x00007f8f91b50000)
  eden space 1404416K,   0% used [0x00007f8a3c600000, 0x00007f8a3c600000, 0x00007f8a92180000)
  from space 175488K,   0% used [0x00007f8a92180000, 0x00007f8a92180000, 0x00007f8a9cce0000)
  to   space 175488K,   0% used [0x00007f8a9cce0000, 0x00007f8a9cce0000, 0x00007f8aa7840000)
 tenured generation   total 3510712K, used 2106425K [0x00007f8f91b50000, 0x00007f9067fbe000, 0x00007f9a3c600000)
   the space 3510712K,  59% used [0x00007f8f91b50000, 0x00007f901245e6f0, 0x00007f901245e800, 0x00007f9067fbe000)
 Metaspace       used 23273K, capacity 23611K, committed 23808K, reserved 24576K
}
Event: 16.515 GC heap before
{Heap before GC invocations=6 (full 4):
 def new generation   total 1579904K, used 27618K [0x00007f8a3c600000, 0x00007f8aa7840000, 0x00007f8f91b50000)
  eden space 1404416K,   1% used [0x00007f8a3c600000, 0x00007f8a3e0f8ba8, 0x00007f8a92180000)
  from space 175488K,   0% used [0x00007f8a92180000, 0x00007f8a92180000, 0x00007f8a9cce0000)
  to   space 175488K,   0% used [0x00007f8a9cce0000, 0x00007f8a9cce0000, 0x00007f8aa7840000)
 tenured generation   total 5607868K, used 4203577K [0x00007f8f91b50000, 0x00007f90e7fbf000, 0x00007f9a3c600000)
   the space 5607868K,  74% used [0x00007f8f91b50000, 0x00007f909245e708, 0x00007f909245e800, 0x00007f90e7fbf000)
 Metaspace       used 23273K, capacity 23611K, committed 23808K, reserved 24576K
}
Event: 16.521 GC heap after
{Heap after GC invocations=7 (full 4):
 def new generation   total 1579904K, used 0K [0x00007f8a3c600000, 0x00007f8aa7840000, 0x00007f8f91b50000)
  eden space 1404416K,   0% used [0x00007f8a3c600000, 0x00007f8a3c600000, 0x00007f8a92180000)
  from space 175488K,   0% used [0x00007f8a9cce0000, 0x00007f8a9cce02c0, 0x00007f8aa7840000)
  to   space 175488K,   0% used [0x00007f8a92180000, 0x00007f8a92180000, 0x00007f8a9cce0000)
 tenured generation   total 5607868K, used 4203577K [0x00007f8f91b50000, 0x00007f90e7fbf000, 0x00007f9a3c600000)
   the space 5607868K,  74% used [0x00007f8f91b50000, 0x00007f909245e708, 0x00007f909245e800, 0x00007f90e7fbf000)
 Metaspace       used 23273K, capacity 23611K, committed 23808K, reserved 24576K
}
Event: 16.521 GC heap before
{Heap before GC invocations=7 (full 4):
 def new generation   total 1579904K, used 0K [0x00007f8a3c600000, 0x00007f8aa7840000, 0x00007f8f91b50000)
  eden space 1404416K,   0% used [0x00007f8a3c600000, 0x00007f8a3c600000, 0x00007f8a92180000)
  from space 175488K,   0% used [0x00007f8a9cce0000, 0x00007f8a9cce02c0, 0x00007f8aa7840000)
  to   space 175488K,   0% used [0x00007f8a92180000, 0x00007f8a92180000, 0x00007f8a9cce0000)
 tenured generation   total 5607868K, used 4203577K [0x00007f8f91b50000, 0x00007f90e7fbf000, 0x00007f9a3c600000)
   the space 5607868K,  74% used [0x00007f8f91b50000, 0x00007f909245e708, 0x00007f909245e800, 0x00007f90e7fbf000)
 Metaspace       used 23273K, capacity 23611K, committed 23808K, reserved 24576K
}
Event: 16.565 GC heap after
{Heap after GC invocations=7 (full 5):
 def new generation   total 3152768K, used 0K [0x00007f8a3c600000, 0x00007f8b122f0000, 0x00007f8f91b50000)
  eden space 2802496K,   0% used [0x00007f8a3c600000, 0x00007f8a3c600000, 0x00007f8ae76d0000)
  from space 350272K,   0% used [0x00007f8ae76d0000, 0x00007f8ae76d0000, 0x00007f8afcce0000)
  to   space 350272K,   0% used [0x00007f8afcce0000, 0x00007f8afcce0000, 0x00007f8b122f0000)
 tenured generation   total 7005968K, used 4203578K [0x00007f8f91b50000, 0x00007f913d514000, 0x00007f9a3c600000)
   the space 7005968K,  59% used [0x00007f8f91b50000, 0x00007f909245e9c8, 0x00007f909245ea00, 0x00007f913d514000)
 Metaspace       used 23273K, capacity 23611K, committed 23808K, reserved 24576K
}

