# JRE version: OpenJDK Runtime Environment (13.0.7+5) (build 13.0.7+5-Ubuntu-0ubuntu120.04)
# Java VM: OpenJDK 64-Bit Server VM (13.0.7+5-Ubuntu-0ubuntu120.04, mixed mode, tiered, serial gc, linux-amd64)
Heap:
 def new generation   total 7494656K, used 0K [0x00007fd544600000, 0x00007fd740a30000, 0x00007fda99b50000)
  eden space 6661952K,   0% used [0x00007fd544600000, 0x00007fd544600000, 0x00007fd6dafd0000)
  from space 832704K,   0% used [0x00007fd6dafd0000, 0x00007fd6dafd0000, 0x00007fd70dd00000)
  to   space 832704K,   0% used [0x00007fd70dd00000, 0x00007fd70dd00000, 0x00007fd740a30000)
 tenured generation   total 16654668K, used 8398013K [0x00007fda99b50000, 0x00007fde923a3000, 0x00007fe544600000)
   the space 16654668K,  50% used [0x00007fda99b50000, 0x00007fdc9a47f558, 0x00007fdc9a47f600, 0x00007fde923a3000)
 Metaspace       used 23470K, capacity 23831K, committed 24064K, reserved 24576K
GC Heap History (20 events):
Event: 72.455 GC heap before
{Heap before GC invocations=138 (full 3):
 def new generation   total 629248K, used 11131K [0x00007fd544600000, 0x00007fd56f0c0000, 0x00007fda99b50000)
  eden space 559360K,   1% used [0x00007fd544600000, 0x00007fd5450dedd8, 0x00007fd566840000)
  from space 69888K,   0% used [0x00007fd56ac80000, 0x00007fd56ac80000, 0x00007fd56f0c0000)
  to   space 69888K,   0% used [0x00007fd566840000, 0x00007fd566840000, 0x00007fd56ac80000)
 tenured generation   total 2184580K, used 1588371K [0x00007fda99b50000, 0x00007fdb1f0b1000, 0x00007fe544600000)
   the space 2184580K,  72% used [0x00007fda99b50000, 0x00007fdafaa74db8, 0x00007fdafaa74e00, 0x00007fdb1f0b1000)
 Metaspace       used 23470K, capacity 23831K, committed 24064K, reserved 24576K
}
Event: 72.457 GC heap after
{Heap after GC invocations=139 (full 3):
 def new generation   total 629248K, used 0K [0x00007fd544600000, 0x00007fd56f0c0000, 0x00007fda99b50000)
  eden space 559360K,   0% used [0x00007fd544600000, 0x00007fd544600000, 0x00007fd566840000)
  from space 69888K,   0% used [0x00007fd566840000, 0x00007fd566840290, 0x00007fd56ac80000)
  to   space 69888K,   0% used [0x00007fd56ac80000, 0x00007fd56ac80000, 0x00007fd56f0c0000)
 tenured generation   total 2184580K, used 1588371K [0x00007fda99b50000, 0x00007fdb1f0b1000, 0x00007fe544600000)
   the space 2184580K,  72% used [0x00007fda99b50000, 0x00007fdafaa74db8, 0x00007fdafaa74e00, 0x00007fdb1f0b1000)
 Metaspace       used 23470K, capacity 23831K, committed 24064K, reserved 24576K
}
Event: 72.457 GC heap before
{Heap before GC invocations=139 (full 3):
 def new generation   total 629248K, used 0K [0x00007fd544600000, 0x00007fd56f0c0000, 0x00007fda99b50000)
  eden space 559360K,   0% used [0x00007fd544600000, 0x00007fd544600000, 0x00007fd566840000)
  from space 69888K,   0% used [0x00007fd566840000, 0x00007fd566840290, 0x00007fd56ac80000)
  to   space 69888K,   0% used [0x00007fd56ac80000, 0x00007fd56ac80000, 0x00007fd56f0c0000)
 tenured generation   total 2184580K, used 1588371K [0x00007fda99b50000, 0x00007fdb1f0b1000, 0x00007fe544600000)
   the space 2184580K,  72% used [0x00007fda99b50000, 0x00007fdafaa74db8, 0x00007fdafaa74e00, 0x00007fdb1f0b1000)
 Metaspace       used 23470K, capacity 23831K, committed 24064K, reserved 24576K
}
Event: 74.000 GC heap after
{Heap after GC invocations=139 (full 4):
 def new generation   total 1186752K, used 0K [0x00007fd544600000, 0x00007fd594db0000, 0x00007fda99b50000)
  eden space 1054912K,   0% used [0x00007fd544600000, 0x00007fd544600000, 0x00007fd584c30000)
  from space 131840K,   0% used [0x00007fd584c30000, 0x00007fd584c30000, 0x00007fd58ccf0000)
  to   space 131840K,   0% used [0x00007fd58ccf0000, 0x00007fd58ccf0000, 0x00007fd594db0000)
 tenured generation   total 2637120K, used 1582270K [0x00007fda99b50000, 0x00007fdb3aaa0000, 0x00007fe544600000)
   the space 2637120K,  59% used [0x00007fda99b50000, 0x00007fdafa47fa40, 0x00007fdafa47fc00, 0x00007fdb3aaa0000)
 Metaspace       used 23470K, capacity 23831K, committed 24064K, reserved 24576K
}
Event: 78.174 GC heap before
{Heap before GC invocations=139 (full 4):
 def new generation   total 1186752K, used 545281K [0x00007fd544600000, 0x00007fd594db0000, 0x00007fda99b50000)
  eden space 1054912K,  51% used [0x00007fd544600000, 0x00007fd565a80440, 0x00007fd584c30000)
  from space 131840K,   0% used [0x00007fd584c30000, 0x00007fd584c30000, 0x00007fd58ccf0000)
  to   space 131840K,   0% used [0x00007fd58ccf0000, 0x00007fd58ccf0000, 0x00007fd594db0000)
 tenured generation   total 4209988K, used 3155134K [0x00007fda99b50000, 0x00007fdb9aaa1000, 0x00007fe544600000)
   the space 4209988K,  74% used [0x00007fda99b50000, 0x00007fdb5a47fa58, 0x00007fdb5a47fc00, 0x00007fdb9aaa1000)
 Metaspace       used 23470K, capacity 23831K, committed 24064K, reserved 24576K
}
Event: 78.899 GC heap after
{Heap after GC invocations=140 (full 4):
 def new generation   total 1186752K, used 1K [0x00007fd544600000, 0x00007fd594db0000, 0x00007fda99b50000)
  eden space 1054912K,   0% used [0x00007fd544600000, 0x00007fd544600000, 0x00007fd584c30000)
  from space 131840K,   0% used [0x00007fd58ccf0000, 0x00007fd58ccf0718, 0x00007fd594db0000)
  to   space 131840K,   0% used [0x00007fd584c30000, 0x00007fd584c30000, 0x00007fd58ccf0000)
 tenured generation   total 4209988K, used 3679422K [0x00007fda99b50000, 0x00007fdb9aaa1000, 0x00007fe544600000)
   the space 4209988K,  87% used [0x00007fda99b50000, 0x00007fdb7a47fa88, 0x00007fdb7a47fc00, 0x00007fdb9aaa1000)
 Metaspace       used 23470K, capacity 23831K, committed 24064K, reserved 24576K
}
Event: 78.899 GC heap before
{Heap before GC invocations=140 (full 4):
 def new generation   total 1186752K, used 1K [0x00007fd544600000, 0x00007fd594db0000, 0x00007fda99b50000)
  eden space 1054912K,   0% used [0x00007fd544600000, 0x00007fd544600000, 0x00007fd584c30000)
  from space 131840K,   0% used [0x00007fd58ccf0000, 0x00007fd58ccf0718, 0x00007fd594db0000)
  to   space 131840K,   0% used [0x00007fd584c30000, 0x00007fd584c30000, 0x00007fd58ccf0000)
 tenured generation   total 4209988K, used 3679422K [0x00007fda99b50000, 0x00007fdb9aaa1000, 0x00007fe544600000)
   the space 4209988K,  87% used [0x00007fda99b50000, 0x00007fdb7a47fa88, 0x00007fdb7a47fc00, 0x00007fdb9aaa1000)
 Metaspace       used 23470K, capacity 23831K, committed 24064K, reserved 24576K
}
Event: 79.330 GC heap after
{Heap after GC invocations=140 (full 5):
 def new generation   total 1894528K, used 0K [0x00007fd544600000, 0x00007fd5c4db0000, 0x00007fda99b50000)
  eden space 1684032K,   0% used [0x00007fd544600000, 0x00007fd544600000, 0x00007fd5ab290000)
  from space 210496K,   0% used [0x00007fd5ab290000, 0x00007fd5ab290000, 0x00007fd5b8020000)
  to   space 210496K,   0% used [0x00007fd5b8020000, 0x00007fd5b8020000, 0x00007fd5c4db0000)
 tenured generation   total 4209988K, used 533695K [0x00007fda99b50000, 0x00007fdb9aaa1000, 0x00007fe544600000)
   the space 4209988K,  12% used [0x00007fda99b50000, 0x00007fdaba47fcd0, 0x00007fdaba47fe00, 0x00007fdb9aaa1000)
 Metaspace       used 23470K, capacity 23831K, committed 24064K, reserved 24576K
}
Event: 88.346 GC heap before
{Heap before GC invocations=140 (full 5):
 def new generation   total 1894528K, used 33571K [0x00007fd544600000, 0x00007fd5c4db0000, 0x00007fda99b50000)
  eden space 1684032K,   1% used [0x00007fd544600000, 0x00007fd5466c8dd0, 0x00007fd5ab290000)
  from space 210496K,   0% used [0x00007fd5ab290000, 0x00007fd5ab290000, 0x00007fd5b8020000)
  to   space 210496K,   0% used [0x00007fd5b8020000, 0x00007fd5b8020000, 0x00007fd5c4db0000)
 tenured generation   total 8404296K, used 6825151K [0x00007fda99b50000, 0x00007fdc9aaa2000, 0x00007fe544600000)
   the space 8404296K,  81% used [0x00007fda99b50000, 0x00007fdc3a47fd00, 0x00007fdc3a47fe00, 0x00007fdc9aaa2000)
 Metaspace       used 23470K, capacity 23831K, committed 24064K, reserved 24576K
}
Event: 88.363 GC heap after
{Heap after GC invocations=141 (full 5):
 def new generation   total 1894528K, used 0K [0x00007fd544600000, 0x00007fd5c4db0000, 0x00007fda99b50000)
  eden space 1684032K,   0% used [0x00007fd544600000, 0x00007fd544600000, 0x00007fd5ab290000)
  from space 210496K,   0% used [0x00007fd5b8020000, 0x00007fd5b80201c0, 0x00007fd5c4db0000)
  to   space 210496K,   0% used [0x00007fd5ab290000, 0x00007fd5ab290000, 0x00007fd5b8020000)
 tenured generation   total 8404296K, used 6825151K [0x00007fda99b50000, 0x00007fdc9aaa2000, 0x00007fe544600000)
   the space 8404296K,  81% used [0x00007fda99b50000, 0x00007fdc3a47fd00, 0x00007fdc3a47fe00, 0x00007fdc9aaa2000)
 Metaspace       used 23470K, capacity 23831K, committed 24064K, reserved 24576K
}
Event: 88.363 GC heap before
{Heap before GC invocations=141 (full 5):
 def new generation   total 1894528K, used 0K [0x00007fd544600000, 0x00007fd5c4db0000, 0x00007fda99b50000)
  eden space 1684032K,   0% used [0x00007fd544600000, 0x00007fd544600000, 0x00007fd5ab290000)
  from space 210496K,   0% used [0x00007fd5b8020000, 0x00007fd5b80201c0, 0x00007fd5c4db0000)
  to   space 210496K,   0% used [0x00007fd5ab290000, 0x00007fd5ab290000, 0x00007fd5b8020000)
 tenured generation   total 8404296K, used 6825151K [0x00007fda99b50000, 0x00007fdc9aaa2000, 0x00007fe544600000)
   the space 8404296K,  81% used [0x00007fda99b50000, 0x00007fdc3a47fd00, 0x00007fdc3a47fe00, 0x00007fdc9aaa2000)
 Metaspace       used 23470K, capacity 23831K, committed 24064K, reserved 24576K
}
Event: 89.166 GC heap after
{Heap after GC invocations=141 (full 6):
 def new generation   total 3719808K, used 0K [0x00007fd544600000, 0x00007fd640a30000, 0x00007fda99b50000)
  eden space 3306560K,   0% used [0x00007fd544600000, 0x00007fd544600000, 0x00007fd60e310000)
  from space 413248K,   0% used [0x00007fd60e310000, 0x00007fd60e310000, 0x00007fd6276a0000)
  to   space 413248K,   0% used [0x00007fd6276a0000, 0x00007fd6276a0000, 0x00007fd640a30000)
 tenured generation   total 8266056K, used 2106558K [0x00007fda99b50000, 0x00007fdc923a2000, 0x00007fe544600000)
   the space 8266056K,  25% used [0x00007fda99b50000, 0x00007fdb1a47fa20, 0x00007fdb1a47fc00, 0x00007fdc923a2000)
 Metaspace       used 23470K, capacity 23831K, committed 24064K, reserved 24576K
}
Event: 91.102 GC heap before
{Heap before GC invocations=141 (full 6):
 def new generation   total 3719808K, used 2163068K [0x00007fd544600000, 0x00007fd640a30000, 0x00007fda99b50000)
  eden space 3306560K,  65% used [0x00007fd544600000, 0x00007fd5c865f360, 0x00007fd60e310000)
  from space 413248K,   0% used [0x00007fd60e310000, 0x00007fd60e310000, 0x00007fd6276a0000)
  to   space 413248K,   0% used [0x00007fd6276a0000, 0x00007fd6276a0000, 0x00007fd640a30000)
 tenured generation   total 8266056K, used 2106558K [0x00007fda99b50000, 0x00007fdc923a2000, 0x00007fe544600000)
   the space 8266056K,  25% used [0x00007fda99b50000, 0x00007fdb1a47fa20, 0x00007fdb1a47fc00, 0x00007fdc923a2000)
 Metaspace       used 23470K, capacity 23831K, committed 24064K, reserved 24576K
}
Event: 91.952 GC heap after
{Heap after GC invocations=142 (full 6):
 def new generation   total 3719808K, used 0K [0x00007fd544600000, 0x00007fd640a30000, 0x00007fda99b50000)
  eden space 3306560K,   0% used [0x00007fd544600000, 0x00007fd544600000, 0x00007fd60e310000)
  from space 413248K,   0% used [0x00007fd6276a0000, 0x00007fd6276a0290, 0x00007fd640a30000)
  to   space 413248K,   0% used [0x00007fd60e310000, 0x00007fd60e310000, 0x00007fd6276a0000)
 tenured generation   total 8266056K, used 4203710K [0x00007fda99b50000, 0x00007fdc923a2000, 0x00007fe544600000)
   the space 8266056K,  50% used [0x00007fda99b50000, 0x00007fdb9a47fa38, 0x00007fdb9a47fc00, 0x00007fdc923a2000)
 Metaspace       used 23470K, capacity 23831K, committed 24064K, reserved 24576K
}
Event: 91.952 GC heap before
{Heap before GC invocations=142 (full 6):
 def new generation   total 3719808K, used 0K [0x00007fd544600000, 0x00007fd640a30000, 0x00007fda99b50000)
  eden space 3306560K,   0% used [0x00007fd544600000, 0x00007fd544600000, 0x00007fd60e310000)
  from space 413248K,   0% used [0x00007fd6276a0000, 0x00007fd6276a0290, 0x00007fd640a30000)
  to   space 413248K,   0% used [0x00007fd60e310000, 0x00007fd60e310000, 0x00007fd6276a0000)
 tenured generation   total 8266056K, used 4203710K [0x00007fda99b50000, 0x00007fdc923a2000, 0x00007fe544600000)
   the space 8266056K,  50% used [0x00007fda99b50000, 0x00007fdb9a47fa38, 0x00007fdb9a47fc00, 0x00007fdc923a2000)
 Metaspace       used 23470K, capacity 23831K, committed 24064K, reserved 24576K
}
Event: 92.025 GC heap after
{Heap after GC invocations=142 (full 7):
 def new generation   total 3719808K, used 0K [0x00007fd544600000, 0x00007fd640a30000, 0x00007fda99b50000)
  eden space 3306560K,   0% used [0x00007fd544600000, 0x00007fd544600000, 0x00007fd60e310000)
  from space 413248K,   0% used [0x00007fd6276a0000, 0x00007fd6276a0000, 0x00007fd640a30000)
  to   space 413248K,   0% used [0x00007fd60e310000, 0x00007fd60e310000, 0x00007fd6276a0000)
 tenured generation   total 8266056K, used 4203711K [0x00007fda99b50000, 0x00007fdc923a2000, 0x00007fe544600000)
   the space 8266056K,  50% used [0x00007fda99b50000, 0x00007fdb9a47fcc8, 0x00007fdb9a47fe00, 0x00007fdc923a2000)
 Metaspace       used 23470K, capacity 23831K, committed 24064K, reserved 24576K
}
Event: 101.978 GC heap before
{Heap before GC invocations=142 (full 7):
 def new generation   total 3719808K, used 65286K [0x00007fd544600000, 0x00007fd640a30000, 0x00007fda99b50000)
  eden space 3306560K,   1% used [0x00007fd544600000, 0x00007fd5485c1a08, 0x00007fd60e310000)
  from space 413248K,   0% used [0x00007fd6276a0000, 0x00007fd6276a0000, 0x00007fd640a30000)
  to   space 413248K,   0% used [0x00007fd60e310000, 0x00007fd60e310000, 0x00007fd6276a0000)
 tenured generation   total 16654668K, used 12592319K [0x00007fda99b50000, 0x00007fde923a3000, 0x00007fe544600000)
   the space 16654668K,  75% used [0x00007fda99b50000, 0x00007fdd9a47fce0, 0x00007fdd9a47fe00, 0x00007fde923a3000)
 Metaspace       used 23470K, capacity 23831K, committed 24064K, reserved 24576K
}
Event: 102.000 GC heap after
{Heap after GC invocations=143 (full 7):
 def new generation   total 3719808K, used 0K [0x00007fd544600000, 0x00007fd640a30000, 0x00007fda99b50000)
  eden space 3306560K,   0% used [0x00007fd544600000, 0x00007fd544600000, 0x00007fd60e310000)
  from space 413248K,   0% used [0x00007fd60e310000, 0x00007fd60e3100b8, 0x00007fd6276a0000)
  to   space 413248K,   0% used [0x00007fd6276a0000, 0x00007fd6276a0000, 0x00007fd640a30000)
 tenured generation   total 16654668K, used 12592319K [0x00007fda99b50000, 0x00007fde923a3000, 0x00007fe544600000)
   the space 16654668K,  75% used [0x00007fda99b50000, 0x00007fdd9a47fce0, 0x00007fdd9a47fe00, 0x00007fde923a3000)
 Metaspace       used 23470K, capacity 23831K, committed 24064K, reserved 24576K
}
Event: 102.000 GC heap before
{Heap before GC invocations=143 (full 7):
 def new generation   total 3719808K, used 0K [0x00007fd544600000, 0x00007fd640a30000, 0x00007fda99b50000)
  eden space 3306560K,   0% used [0x00007fd544600000, 0x00007fd544600000, 0x00007fd60e310000)
  from space 413248K,   0% used [0x00007fd60e310000, 0x00007fd60e3100b8, 0x00007fd6276a0000)
  to   space 413248K,   0% used [0x00007fd6276a0000, 0x00007fd6276a0000, 0x00007fd640a30000)
 tenured generation   total 16654668K, used 12592319K [0x00007fda99b50000, 0x00007fde923a3000, 0x00007fe544600000)
   the space 16654668K,  75% used [0x00007fda99b50000, 0x00007fdd9a47fce0, 0x00007fdd9a47fe00, 0x00007fde923a3000)
 Metaspace       used 23470K, capacity 23831K, committed 24064K, reserved 24576K
}
Event: 109.110 GC heap after
{Heap after GC invocations=143 (full 8):
 def new generation   total 7494656K, used 0K [0x00007fd544600000, 0x00007fd740a30000, 0x00007fda99b50000)
  eden space 6661952K,   0% used [0x00007fd544600000, 0x00007fd544600000, 0x00007fd6dafd0000)
  from space 832704K,   0% used [0x00007fd6dafd0000, 0x00007fd6dafd0000, 0x00007fd70dd00000)
  to   space 832704K,   0% used [0x00007fd70dd00000, 0x00007fd70dd00000, 0x00007fd740a30000)
 tenured generation   total 16654668K, used 8398013K [0x00007fda99b50000, 0x00007fde923a3000, 0x00007fe544600000)
   the space 16654668K,  50% used [0x00007fda99b50000, 0x00007fdc9a47f558, 0x00007fdc9a47f600, 0x00007fde923a3000)
 Metaspace       used 23470K, capacity 23831K, committed 24064K, reserved 24576K
}

