# JRE version: OpenJDK Runtime Environment (13.0.7+5) (build 13.0.7+5-Ubuntu-0ubuntu120.04)
# Java VM: OpenJDK 64-Bit Server VM (13.0.7+5-Ubuntu-0ubuntu120.04, mixed mode, tiered, serial gc, linux-amd64)
Heap:
 def new generation   total 1748672K, used 0K [0x00007f4900600000, 0x00007f4976f60000, 0x00007f4e55b50000)
  eden space 1554432K,   0% used [0x00007f4900600000, 0x00007f4900600000, 0x00007f495f400000)
  from space 194240K,   0% used [0x00007f495f400000, 0x00007f495f400000, 0x00007f496b1b0000)
  to   space 194240K,   0% used [0x00007f496b1b0000, 0x00007f496b1b0000, 0x00007f4976f60000)
 tenured generation   total 3885952K, used 3872335K [0x00007f4e55b50000, 0x00007f4f42e30000, 0x00007f5900600000)
   the space 3885952K,  99% used [0x00007f4e55b50000, 0x00007f4f420e3e68, 0x00007f4f420e4000, 0x00007f4f42e30000)
 Metaspace       used 24300K, capacity 24703K, committed 24832K, reserved 26624K
GC Heap History (20 events):
Event: 6591.949 GC heap after
{Heap after GC invocations=15888 (full 3):
 def new generation   total 1748672K, used 7021K [0x00007f4900600000, 0x00007f4976f60000, 0x00007f4e55b50000)
  eden space 1554432K,   0% used [0x00007f4900600000, 0x00007f4900600000, 0x00007f495f400000)
  from space 194240K,   3% used [0x00007f496b1b0000, 0x00007f496b88b4e8, 0x00007f4976f60000)
  to   space 194240K,   0% used [0x00007f495f400000, 0x00007f495f400000, 0x00007f496b1b0000)
 tenured generation   total 3885760K, used 3882716K [0x00007f4e55b50000, 0x00007f4f42e00000, 0x00007f5900600000)
   the space 3885760K,  99% used [0x00007f4e55b50000, 0x00007f4f42b07320, 0x00007f4f42b07400, 0x00007f4f42e00000)
 Metaspace       used 24300K, capacity 24703K, committed 24832K, reserved 26624K
}
Event: 6592.701 GC heap before
{Heap before GC invocations=15888 (full 3):
 def new generation   total 1748672K, used 1561453K [0x00007f4900600000, 0x00007f4976f60000, 0x00007f4e55b50000)
  eden space 1554432K, 100% used [0x00007f4900600000, 0x00007f495f400000, 0x00007f495f400000)
  from space 194240K,   3% used [0x00007f496b1b0000, 0x00007f496b88b4e8, 0x00007f4976f60000)
  to   space 194240K,   0% used [0x00007f495f400000, 0x00007f495f400000, 0x00007f496b1b0000)
 tenured generation   total 3885760K, used 3882716K [0x00007f4e55b50000, 0x00007f4f42e00000, 0x00007f5900600000)
   the space 3885760K,  99% used [0x00007f4e55b50000, 0x00007f4f42b07320, 0x00007f4f42b07400, 0x00007f4f42e00000)
 Metaspace       used 24300K, capacity 24703K, committed 24832K, reserved 26624K
}
Event: 6592.707 GC heap after
{Heap after GC invocations=15889 (full 3):
 def new generation   total 1748672K, used 7866K [0x00007f4900600000, 0x00007f4976f60000, 0x00007f4e55b50000)
  eden space 1554432K,   0% used [0x00007f4900600000, 0x00007f4900600000, 0x00007f495f400000)
  from space 194240K,   4% used [0x00007f495f400000, 0x00007f495fbaea70, 0x00007f496b1b0000)
  to   space 194240K,   0% used [0x00007f496b1b0000, 0x00007f496b1b0000, 0x00007f4976f60000)
 tenured generation   total 3885760K, used 3882992K [0x00007f4e55b50000, 0x00007f4f42e00000, 0x00007f5900600000)
   the space 3885760K,  99% used [0x00007f4e55b50000, 0x00007f4f42b4c010, 0x00007f4f42b4c200, 0x00007f4f42e00000)
 Metaspace       used 24300K, capacity 24703K, committed 24832K, reserved 26624K
}
Event: 6593.460 GC heap before
{Heap before GC invocations=15889 (full 3):
 def new generation   total 1748672K, used 1562298K [0x00007f4900600000, 0x00007f4976f60000, 0x00007f4e55b50000)
  eden space 1554432K, 100% used [0x00007f4900600000, 0x00007f495f400000, 0x00007f495f400000)
  from space 194240K,   4% used [0x00007f495f400000, 0x00007f495fbaea70, 0x00007f496b1b0000)
  to   space 194240K,   0% used [0x00007f496b1b0000, 0x00007f496b1b0000, 0x00007f4976f60000)
 tenured generation   total 3885760K, used 3882992K [0x00007f4e55b50000, 0x00007f4f42e00000, 0x00007f5900600000)
   the space 3885760K,  99% used [0x00007f4e55b50000, 0x00007f4f42b4c010, 0x00007f4f42b4c200, 0x00007f4f42e00000)
 Metaspace       used 24300K, capacity 24703K, committed 24832K, reserved 26624K
}
Event: 6593.467 GC heap after
{Heap after GC invocations=15890 (full 3):
 def new generation   total 1748672K, used 8657K [0x00007f4900600000, 0x00007f4976f60000, 0x00007f4e55b50000)
  eden space 1554432K,   0% used [0x00007f4900600000, 0x00007f4900600000, 0x00007f495f400000)
  from space 194240K,   4% used [0x00007f496b1b0000, 0x00007f496ba24450, 0x00007f4976f60000)
  to   space 194240K,   0% used [0x00007f495f400000, 0x00007f495f400000, 0x00007f496b1b0000)
 tenured generation   total 3885760K, used 3883288K [0x00007f4e55b50000, 0x00007f4f42e00000, 0x00007f5900600000)
   the space 3885760K,  99% used [0x00007f4e55b50000, 0x00007f4f42b961b0, 0x00007f4f42b96200, 0x00007f4f42e00000)
 Metaspace       used 24300K, capacity 24703K, committed 24832K, reserved 26624K
}
Event: 6594.179 GC heap before
{Heap before GC invocations=15890 (full 3):
 def new generation   total 1748672K, used 1563089K [0x00007f4900600000, 0x00007f4976f60000, 0x00007f4e55b50000)
  eden space 1554432K, 100% used [0x00007f4900600000, 0x00007f495f400000, 0x00007f495f400000)
  from space 194240K,   4% used [0x00007f496b1b0000, 0x00007f496ba24450, 0x00007f4976f60000)
  to   space 194240K,   0% used [0x00007f495f400000, 0x00007f495f400000, 0x00007f496b1b0000)
 tenured generation   total 3885760K, used 3883288K [0x00007f4e55b50000, 0x00007f4f42e00000, 0x00007f5900600000)
   the space 3885760K,  99% used [0x00007f4e55b50000, 0x00007f4f42b961b0, 0x00007f4f42b96200, 0x00007f4f42e00000)
 Metaspace       used 24300K, capacity 24703K, committed 24832K, reserved 26624K
}
Event: 6594.185 GC heap after
{Heap after GC invocations=15891 (full 3):
 def new generation   total 1748672K, used 8840K [0x00007f4900600000, 0x00007f4976f60000, 0x00007f4e55b50000)
  eden space 1554432K,   0% used [0x00007f4900600000, 0x00007f4900600000, 0x00007f495f400000)
  from space 194240K,   4% used [0x00007f495f400000, 0x00007f495fca2218, 0x00007f496b1b0000)
  to   space 194240K,   0% used [0x00007f496b1b0000, 0x00007f496b1b0000, 0x00007f4976f60000)
 tenured generation   total 3885760K, used 3883563K [0x00007f4e55b50000, 0x00007f4f42e00000, 0x00007f5900600000)
   the space 3885760K,  99% used [0x00007f4e55b50000, 0x00007f4f42bdaea0, 0x00007f4f42bdb000, 0x00007f4f42e00000)
 Metaspace       used 24300K, capacity 24703K, committed 24832K, reserved 26624K
}
Event: 6594.933 GC heap before
{Heap before GC invocations=15891 (full 3):
 def new generation   total 1748672K, used 1563272K [0x00007f4900600000, 0x00007f4976f60000, 0x00007f4e55b50000)
  eden space 1554432K, 100% used [0x00007f4900600000, 0x00007f495f400000, 0x00007f495f400000)
  from space 194240K,   4% used [0x00007f495f400000, 0x00007f495fca2218, 0x00007f496b1b0000)
  to   space 194240K,   0% used [0x00007f496b1b0000, 0x00007f496b1b0000, 0x00007f4976f60000)
 tenured generation   total 3885760K, used 3883563K [0x00007f4e55b50000, 0x00007f4f42e00000, 0x00007f5900600000)
   the space 3885760K,  99% used [0x00007f4e55b50000, 0x00007f4f42bdaea0, 0x00007f4f42bdb000, 0x00007f4f42e00000)
 Metaspace       used 24300K, capacity 24703K, committed 24832K, reserved 26624K
}
Event: 6594.940 GC heap after
{Heap after GC invocations=15892 (full 3):
 def new generation   total 1748672K, used 8772K [0x00007f4900600000, 0x00007f4976f60000, 0x00007f4e55b50000)
  eden space 1554432K,   0% used [0x00007f4900600000, 0x00007f4900600000, 0x00007f495f400000)
  from space 194240K,   4% used [0x00007f496b1b0000, 0x00007f496ba412a8, 0x00007f4976f60000)
  to   space 194240K,   0% used [0x00007f495f400000, 0x00007f495f400000, 0x00007f496b1b0000)
 tenured generation   total 3885760K, used 3883839K [0x00007f4e55b50000, 0x00007f4f42e00000, 0x00007f5900600000)
   the space 3885760K,  99% used [0x00007f4e55b50000, 0x00007f4f42c1fdd0, 0x00007f4f42c1fe00, 0x00007f4f42e00000)
 Metaspace       used 24300K, capacity 24703K, committed 24832K, reserved 26624K
}
Event: 6595.703 GC heap before
{Heap before GC invocations=15892 (full 3):
 def new generation   total 1748672K, used 1563204K [0x00007f4900600000, 0x00007f4976f60000, 0x00007f4e55b50000)
  eden space 1554432K, 100% used [0x00007f4900600000, 0x00007f495f400000, 0x00007f495f400000)
  from space 194240K,   4% used [0x00007f496b1b0000, 0x00007f496ba412a8, 0x00007f4976f60000)
  to   space 194240K,   0% used [0x00007f495f400000, 0x00007f495f400000, 0x00007f496b1b0000)
 tenured generation   total 3885760K, used 3883839K [0x00007f4e55b50000, 0x00007f4f42e00000, 0x00007f5900600000)
   the space 3885760K,  99% used [0x00007f4e55b50000, 0x00007f4f42c1fdd0, 0x00007f4f42c1fe00, 0x00007f4f42e00000)
 Metaspace       used 24300K, capacity 24703K, committed 24832K, reserved 26624K
}
Event: 6595.709 GC heap after
{Heap after GC invocations=15893 (full 3):
 def new generation   total 1748672K, used 8645K [0x00007f4900600000, 0x00007f4976f60000, 0x00007f4e55b50000)
  eden space 1554432K,   0% used [0x00007f4900600000, 0x00007f4900600000, 0x00007f495f400000)
  from space 194240K,   4% used [0x00007f495f400000, 0x00007f495fc71498, 0x00007f496b1b0000)
  to   space 194240K,   0% used [0x00007f496b1b0000, 0x00007f496b1b0000, 0x00007f4976f60000)
 tenured generation   total 3885760K, used 3884217K [0x00007f4e55b50000, 0x00007f4f42e00000, 0x00007f5900600000)
   the space 3885760K,  99% used [0x00007f4e55b50000, 0x00007f4f42c7e7b0, 0x00007f4f42c7e800, 0x00007f4f42e00000)
 Metaspace       used 24300K, capacity 24703K, committed 24832K, reserved 26624K
}
Event: 6596.452 GC heap before
{Heap before GC invocations=15893 (full 3):
 def new generation   total 1748672K, used 1563077K [0x00007f4900600000, 0x00007f4976f60000, 0x00007f4e55b50000)
  eden space 1554432K, 100% used [0x00007f4900600000, 0x00007f495f400000, 0x00007f495f400000)
  from space 194240K,   4% used [0x00007f495f400000, 0x00007f495fc71498, 0x00007f496b1b0000)
  to   space 194240K,   0% used [0x00007f496b1b0000, 0x00007f496b1b0000, 0x00007f4976f60000)
 tenured generation   total 3885760K, used 3884217K [0x00007f4e55b50000, 0x00007f4f42e00000, 0x00007f5900600000)
   the space 3885760K,  99% used [0x00007f4e55b50000, 0x00007f4f42c7e7b0, 0x00007f4f42c7e800, 0x00007f4f42e00000)
 Metaspace       used 24300K, capacity 24703K, committed 24832K, reserved 26624K
}
Event: 6596.458 GC heap after
{Heap after GC invocations=15894 (full 3):
 def new generation   total 1748672K, used 8559K [0x00007f4900600000, 0x00007f4976f60000, 0x00007f4e55b50000)
  eden space 1554432K,   0% used [0x00007f4900600000, 0x00007f4900600000, 0x00007f495f400000)
  from space 194240K,   4% used [0x00007f496b1b0000, 0x00007f496ba0bf70, 0x00007f4976f60000)
  to   space 194240K,   0% used [0x00007f495f400000, 0x00007f495f400000, 0x00007f496b1b0000)
 tenured generation   total 3885760K, used 3884596K [0x00007f4e55b50000, 0x00007f4f42e00000, 0x00007f5900600000)
   the space 3885760K,  99% used [0x00007f4e55b50000, 0x00007f4f42cdd1f0, 0x00007f4f42cdd200, 0x00007f4f42e00000)
 Metaspace       used 24300K, capacity 24703K, committed 24832K, reserved 26624K
}
Event: 6597.202 GC heap before
{Heap before GC invocations=15894 (full 3):
 def new generation   total 1748672K, used 1562991K [0x00007f4900600000, 0x00007f4976f60000, 0x00007f4e55b50000)
  eden space 1554432K, 100% used [0x00007f4900600000, 0x00007f495f400000, 0x00007f495f400000)
  from space 194240K,   4% used [0x00007f496b1b0000, 0x00007f496ba0bf70, 0x00007f4976f60000)
  to   space 194240K,   0% used [0x00007f495f400000, 0x00007f495f400000, 0x00007f496b1b0000)
 tenured generation   total 3885760K, used 3884596K [0x00007f4e55b50000, 0x00007f4f42e00000, 0x00007f5900600000)
   the space 3885760K,  99% used [0x00007f4e55b50000, 0x00007f4f42cdd1f0, 0x00007f4f42cdd200, 0x00007f4f42e00000)
 Metaspace       used 24300K, capacity 24703K, committed 24832K, reserved 26624K
}
Event: 6597.207 GC heap after
{Heap after GC invocations=15895 (full 3):
 def new generation   total 1748672K, used 8471K [0x00007f4900600000, 0x00007f4976f60000, 0x00007f4e55b50000)
  eden space 1554432K,   0% used [0x00007f4900600000, 0x00007f4900600000, 0x00007f495f400000)
  from space 194240K,   4% used [0x00007f495f400000, 0x00007f495fc45f78, 0x00007f496b1b0000)
  to   space 194240K,   0% used [0x00007f496b1b0000, 0x00007f496b1b0000, 0x00007f4976f60000)
 tenured generation   total 3885760K, used 3884954K [0x00007f4e55b50000, 0x00007f4f42e00000, 0x00007f5900600000)
   the space 3885760K,  99% used [0x00007f4e55b50000, 0x00007f4f42d369c0, 0x00007f4f42d36a00, 0x00007f4f42e00000)
 Metaspace       used 24300K, capacity 24703K, committed 24832K, reserved 26624K
}
Event: 6597.967 GC heap before
{Heap before GC invocations=15895 (full 3):
 def new generation   total 1748672K, used 1562903K [0x00007f4900600000, 0x00007f4976f60000, 0x00007f4e55b50000)
  eden space 1554432K, 100% used [0x00007f4900600000, 0x00007f495f400000, 0x00007f495f400000)
  from space 194240K,   4% used [0x00007f495f400000, 0x00007f495fc45f78, 0x00007f496b1b0000)
  to   space 194240K,   0% used [0x00007f496b1b0000, 0x00007f496b1b0000, 0x00007f4976f60000)
 tenured generation   total 3885760K, used 3884954K [0x00007f4e55b50000, 0x00007f4f42e00000, 0x00007f5900600000)
   the space 3885760K,  99% used [0x00007f4e55b50000, 0x00007f4f42d369c0, 0x00007f4f42d36a00, 0x00007f4f42e00000)
 Metaspace       used 24300K, capacity 24703K, committed 24832K, reserved 26624K
}
Event: 6597.974 GC heap after
{Heap after GC invocations=15896 (full 3):
 def new generation   total 1748672K, used 8324K [0x00007f4900600000, 0x00007f4976f60000, 0x00007f4e55b50000)
  eden space 1554432K,   0% used [0x00007f4900600000, 0x00007f4900600000, 0x00007f495f400000)
  from space 194240K,   4% used [0x00007f496b1b0000, 0x00007f496b9d1290, 0x00007f4976f60000)
  to   space 194240K,   0% used [0x00007f495f400000, 0x00007f495f400000, 0x00007f496b1b0000)
 tenured generation   total 3885760K, used 3885394K [0x00007f4e55b50000, 0x00007f4f42e00000, 0x00007f5900600000)
   the space 3885760K,  99% used [0x00007f4e55b50000, 0x00007f4f42da4af0, 0x00007f4f42da4c00, 0x00007f4f42e00000)
 Metaspace       used 24300K, capacity 24703K, committed 24832K, reserved 26624K
}
Event: 6598.742 GC heap before
{Heap before GC invocations=15896 (full 3):
 def new generation   total 1748672K, used 1562756K [0x00007f4900600000, 0x00007f4976f60000, 0x00007f4e55b50000)
  eden space 1554432K, 100% used [0x00007f4900600000, 0x00007f495f400000, 0x00007f495f400000)
  from space 194240K,   4% used [0x00007f496b1b0000, 0x00007f496b9d1290, 0x00007f4976f60000)
  to   space 194240K,   0% used [0x00007f495f400000, 0x00007f495f400000, 0x00007f496b1b0000)
 tenured generation   total 3885760K, used 3885394K [0x00007f4e55b50000, 0x00007f4f42e00000, 0x00007f5900600000)
   the space 3885760K,  99% used [0x00007f4e55b50000, 0x00007f4f42da4af0, 0x00007f4f42da4c00, 0x00007f4f42e00000)
 Metaspace       used 24300K, capacity 24703K, committed 24832K, reserved 26624K
}
Event: 6598.748 GC heap after
{Heap after GC invocations=15897 (full 3):
 def new generation   total 1748672K, used 8059K [0x00007f4900600000, 0x00007f4976f60000, 0x00007f4e55b50000)
  eden space 1554432K,   0% used [0x00007f4900600000, 0x00007f4900600000, 0x00007f495f400000)
  from space 194240K,   4% used [0x00007f495f400000, 0x00007f495fbdec88, 0x00007f496b1b0000)
  to   space 194240K,   0% used [0x00007f496b1b0000, 0x00007f496b1b0000, 0x00007f4976f60000)
 tenured generation   total 3885952K, used 3885937K [0x00007f4e55b50000, 0x00007f4f42e30000, 0x00007f5900600000)
   the space 3885952K,  99% used [0x00007f4e55b50000, 0x00007f4f42e2c790, 0x00007f4f42e2c800, 0x00007f4f42e30000)
 Metaspace       used 24300K, capacity 24703K, committed 24832K, reserved 26624K
}
Event: 6598.748 GC heap before
{Heap before GC invocations=15897 (full 3):
 def new generation   total 1748672K, used 8059K [0x00007f4900600000, 0x00007f4976f60000, 0x00007f4e55b50000)
  eden space 1554432K,   0% used [0x00007f4900600000, 0x00007f4900600000, 0x00007f495f400000)
  from space 194240K,   4% used [0x00007f495f400000, 0x00007f495fbdec88, 0x00007f496b1b0000)
  to   space 194240K,   0% used [0x00007f496b1b0000, 0x00007f496b1b0000, 0x00007f4976f60000)
 tenured generation   total 3885952K, used 3885937K [0x00007f4e55b50000, 0x00007f4f42e30000, 0x00007f5900600000)
   the space 3885952K,  99% used [0x00007f4e55b50000, 0x00007f4f42e2c790, 0x00007f4f42e2c800, 0x00007f4f42e30000)
 Metaspace       used 24300K, capacity 24703K, committed 24832K, reserved 26624K
}

