# JRE version: OpenJDK Runtime Environment (13.0.7+5) (build 13.0.7+5-Ubuntu-0ubuntu120.04)
# Java VM: OpenJDK 64-Bit Server VM (13.0.7+5-Ubuntu-0ubuntu120.04, mixed mode, tiered, serial gc, linux-amd64)
Heap:
 def new generation   total 4409216K, used 0K [0x00007fc8e8600000, 0x00007fca13640000, 0x00007fd3930a0000)
  eden space 3919360K,   0% used [0x00007fc8e8600000, 0x00007fc8e8600000, 0x00007fc9d7980000)
  from space 489856K,   0% used [0x00007fc9d7980000, 0x00007fc9d7980000, 0x00007fc9f57e0000)
  to   space 489856K,   0% used [0x00007fc9f57e0000, 0x00007fc9f57e0000, 0x00007fca13640000)
 tenured generation   total 9814512K, used 9755860K [0x00007fd3930a0000, 0x00007fd5ea11c000, 0x00007fe8e8600000)
   the space 9814512K,  99% used [0x00007fd3930a0000, 0x00007fd5e67d50c8, 0x00007fd5e67d5200, 0x00007fd5ea11c000)
 Metaspace       used 24271K, capacity 24636K, committed 24832K, reserved 26624K
GC Heap History (20 events):
Event: 2803.935 GC heap after
{Heap after GC invocations=1657 (full 7):
 def new generation   total 4409216K, used 219444K [0x00007fc8e8600000, 0x00007fca13640000, 0x00007fd3930a0000)
  eden space 3919360K,   0% used [0x00007fc8e8600000, 0x00007fc8e8600000, 0x00007fc9d7980000)
  from space 489856K,  44% used [0x00007fc9f57e0000, 0x00007fca02e2d250, 0x00007fca13640000)
  to   space 489856K,   0% used [0x00007fc9d7980000, 0x00007fc9d7980000, 0x00007fc9f57e0000)
 tenured generation   total 9798124K, used 9683790K [0x00007fd3930a0000, 0x00007fd5e911b000, 0x00007fe8e8600000)
   the space 9798124K,  98% used [0x00007fd3930a0000, 0x00007fd5e2173b88, 0x00007fd5e2173c00, 0x00007fd5e911b000)
 Metaspace       used 24271K, capacity 24636K, committed 24832K, reserved 26624K
}
Event: 2807.822 GC heap before
{Heap before GC invocations=1657 (full 7):
 def new generation   total 4409216K, used 4138804K [0x00007fc8e8600000, 0x00007fca13640000, 0x00007fd3930a0000)
  eden space 3919360K, 100% used [0x00007fc8e8600000, 0x00007fc9d7980000, 0x00007fc9d7980000)
  from space 489856K,  44% used [0x00007fc9f57e0000, 0x00007fca02e2d250, 0x00007fca13640000)
  to   space 489856K,   0% used [0x00007fc9d7980000, 0x00007fc9d7980000, 0x00007fc9f57e0000)
 tenured generation   total 9798124K, used 9683790K [0x00007fd3930a0000, 0x00007fd5e911b000, 0x00007fe8e8600000)
   the space 9798124K,  98% used [0x00007fd3930a0000, 0x00007fd5e2173b88, 0x00007fd5e2173c00, 0x00007fd5e911b000)
 Metaspace       used 24271K, capacity 24636K, committed 24832K, reserved 26624K
}
Event: 2808.078 GC heap after
{Heap after GC invocations=1658 (full 7):
 def new generation   total 4409216K, used 213805K [0x00007fc8e8600000, 0x00007fca13640000, 0x00007fd3930a0000)
  eden space 3919360K,   0% used [0x00007fc8e8600000, 0x00007fc8e8600000, 0x00007fc9d7980000)
  from space 489856K,  43% used [0x00007fc9d7980000, 0x00007fc9e4a4b728, 0x00007fc9f57e0000)
  to   space 489856K,   0% used [0x00007fc9f57e0000, 0x00007fc9f57e0000, 0x00007fca13640000)
 tenured generation   total 9798124K, used 9700749K [0x00007fd3930a0000, 0x00007fd5e911b000, 0x00007fe8e8600000)
   the space 9798124K,  99% used [0x00007fd3930a0000, 0x00007fd5e3203790, 0x00007fd5e3203800, 0x00007fd5e911b000)
 Metaspace       used 24271K, capacity 24636K, committed 24832K, reserved 26624K
}
Event: 2811.787 GC heap before
{Heap before GC invocations=1658 (full 7):
 def new generation   total 4409216K, used 4133165K [0x00007fc8e8600000, 0x00007fca13640000, 0x00007fd3930a0000)
  eden space 3919360K, 100% used [0x00007fc8e8600000, 0x00007fc9d7980000, 0x00007fc9d7980000)
  from space 489856K,  43% used [0x00007fc9d7980000, 0x00007fc9e4a4b728, 0x00007fc9f57e0000)
  to   space 489856K,   0% used [0x00007fc9f57e0000, 0x00007fc9f57e0000, 0x00007fca13640000)
 tenured generation   total 9798124K, used 9700749K [0x00007fd3930a0000, 0x00007fd5e911b000, 0x00007fe8e8600000)
   the space 9798124K,  99% used [0x00007fd3930a0000, 0x00007fd5e3203790, 0x00007fd5e3203800, 0x00007fd5e911b000)
 Metaspace       used 24271K, capacity 24636K, committed 24832K, reserved 26624K
}
Event: 2811.925 GC heap after
{Heap after GC invocations=1659 (full 7):
 def new generation   total 4409216K, used 232826K [0x00007fc8e8600000, 0x00007fca13640000, 0x00007fd3930a0000)
  eden space 3919360K,   0% used [0x00007fc8e8600000, 0x00007fc8e8600000, 0x00007fc9d7980000)
  from space 489856K,  47% used [0x00007fc9f57e0000, 0x00007fca03b3eb28, 0x00007fca13640000)
  to   space 489856K,   0% used [0x00007fc9d7980000, 0x00007fc9d7980000, 0x00007fc9f57e0000)
 tenured generation   total 9798124K, used 9700749K [0x00007fd3930a0000, 0x00007fd5e911b000, 0x00007fe8e8600000)
   the space 9798124K,  99% used [0x00007fd3930a0000, 0x00007fd5e3203790, 0x00007fd5e3203800, 0x00007fd5e911b000)
 Metaspace       used 24271K, capacity 24636K, committed 24832K, reserved 26624K
}
Event: 2815.855 GC heap before
{Heap before GC invocations=1659 (full 7):
 def new generation   total 4409216K, used 4152186K [0x00007fc8e8600000, 0x00007fca13640000, 0x00007fd3930a0000)
  eden space 3919360K, 100% used [0x00007fc8e8600000, 0x00007fc9d7980000, 0x00007fc9d7980000)
  from space 489856K,  47% used [0x00007fc9f57e0000, 0x00007fca03b3eb28, 0x00007fca13640000)
  to   space 489856K,   0% used [0x00007fc9d7980000, 0x00007fc9d7980000, 0x00007fc9f57e0000)
 tenured generation   total 9798124K, used 9700749K [0x00007fd3930a0000, 0x00007fd5e911b000, 0x00007fe8e8600000)
   the space 9798124K,  99% used [0x00007fd3930a0000, 0x00007fd5e3203790, 0x00007fd5e3203800, 0x00007fd5e911b000)
 Metaspace       used 24271K, capacity 24636K, committed 24832K, reserved 26624K
}
Event: 2816.014 GC heap after
{Heap after GC invocations=1660 (full 7):
 def new generation   total 4409216K, used 220452K [0x00007fc8e8600000, 0x00007fca13640000, 0x00007fd3930a0000)
  eden space 3919360K,   0% used [0x00007fc8e8600000, 0x00007fc8e8600000, 0x00007fc9d7980000)
  from space 489856K,  45% used [0x00007fc9d7980000, 0x00007fc9e50c91d8, 0x00007fc9f57e0000)
  to   space 489856K,   0% used [0x00007fc9f57e0000, 0x00007fc9f57e0000, 0x00007fca13640000)
 tenured generation   total 9798124K, used 9717708K [0x00007fd3930a0000, 0x00007fd5e911b000, 0x00007fe8e8600000)
   the space 9798124K,  99% used [0x00007fd3930a0000, 0x00007fd5e4293398, 0x00007fd5e4293400, 0x00007fd5e911b000)
 Metaspace       used 24271K, capacity 24636K, committed 24832K, reserved 26624K
}
Event: 2820.214 GC heap before
{Heap before GC invocations=1660 (full 7):
 def new generation   total 4409216K, used 4139812K [0x00007fc8e8600000, 0x00007fca13640000, 0x00007fd3930a0000)
  eden space 3919360K, 100% used [0x00007fc8e8600000, 0x00007fc9d7980000, 0x00007fc9d7980000)
  from space 489856K,  45% used [0x00007fc9d7980000, 0x00007fc9e50c91d8, 0x00007fc9f57e0000)
  to   space 489856K,   0% used [0x00007fc9f57e0000, 0x00007fc9f57e0000, 0x00007fca13640000)
 tenured generation   total 9798124K, used 9717708K [0x00007fd3930a0000, 0x00007fd5e911b000, 0x00007fe8e8600000)
   the space 9798124K,  99% used [0x00007fd3930a0000, 0x00007fd5e4293398, 0x00007fd5e4293400, 0x00007fd5e911b000)
 Metaspace       used 24271K, capacity 24636K, committed 24832K, reserved 26624K
}
Event: 2820.379 GC heap after
{Heap after GC invocations=1661 (full 7):
 def new generation   total 4409216K, used 220472K [0x00007fc8e8600000, 0x00007fca13640000, 0x00007fd3930a0000)
  eden space 3919360K,   0% used [0x00007fc8e8600000, 0x00007fc8e8600000, 0x00007fc9d7980000)
  from space 489856K,  45% used [0x00007fc9f57e0000, 0x00007fca02f2e0c8, 0x00007fca13640000)
  to   space 489856K,   0% used [0x00007fc9d7980000, 0x00007fc9d7980000, 0x00007fc9f57e0000)
 tenured generation   total 9798124K, used 9734667K [0x00007fd3930a0000, 0x00007fd5e911b000, 0x00007fe8e8600000)
   the space 9798124K,  99% used [0x00007fd3930a0000, 0x00007fd5e5322fa0, 0x00007fd5e5323000, 0x00007fd5e911b000)
 Metaspace       used 24271K, capacity 24636K, committed 24832K, reserved 26624K
}
Event: 2824.302 GC heap before
{Heap before GC invocations=1661 (full 7):
 def new generation   total 4409216K, used 4139832K [0x00007fc8e8600000, 0x00007fca13640000, 0x00007fd3930a0000)
  eden space 3919360K, 100% used [0x00007fc8e8600000, 0x00007fc9d7980000, 0x00007fc9d7980000)
  from space 489856K,  45% used [0x00007fc9f57e0000, 0x00007fca02f2e0c8, 0x00007fca13640000)
  to   space 489856K,   0% used [0x00007fc9d7980000, 0x00007fc9d7980000, 0x00007fc9f57e0000)
 tenured generation   total 9798124K, used 9734667K [0x00007fd3930a0000, 0x00007fd5e911b000, 0x00007fe8e8600000)
   the space 9798124K,  99% used [0x00007fd3930a0000, 0x00007fd5e5322fa0, 0x00007fd5e5323000, 0x00007fd5e911b000)
 Metaspace       used 24271K, capacity 24636K, committed 24832K, reserved 26624K
}
Event: 2824.459 GC heap after
{Heap after GC invocations=1662 (full 7):
 def new generation   total 4409216K, used 223063K [0x00007fc8e8600000, 0x00007fca13640000, 0x00007fd3930a0000)
  eden space 3919360K,   0% used [0x00007fc8e8600000, 0x00007fc8e8600000, 0x00007fc9d7980000)
  from space 489856K,  45% used [0x00007fc9d7980000, 0x00007fc9e5355fd0, 0x00007fc9f57e0000)
  to   space 489856K,   0% used [0x00007fc9f57e0000, 0x00007fc9f57e0000, 0x00007fca13640000)
 tenured generation   total 9798124K, used 9751626K [0x00007fd3930a0000, 0x00007fd5e911b000, 0x00007fe8e8600000)
   the space 9798124K,  99% used [0x00007fd3930a0000, 0x00007fd5e63b2ba8, 0x00007fd5e63b2c00, 0x00007fd5e911b000)
 Metaspace       used 24271K, capacity 24636K, committed 24832K, reserved 26624K
}
Event: 2828.194 GC heap before
{Heap before GC invocations=1662 (full 7):
 def new generation   total 4409216K, used 4142423K [0x00007fc8e8600000, 0x00007fca13640000, 0x00007fd3930a0000)
  eden space 3919360K, 100% used [0x00007fc8e8600000, 0x00007fc9d7980000, 0x00007fc9d7980000)
  from space 489856K,  45% used [0x00007fc9d7980000, 0x00007fc9e5355fd0, 0x00007fc9f57e0000)
  to   space 489856K,   0% used [0x00007fc9f57e0000, 0x00007fc9f57e0000, 0x00007fca13640000)
 tenured generation   total 9798124K, used 9751626K [0x00007fd3930a0000, 0x00007fd5e911b000, 0x00007fe8e8600000)
   the space 9798124K,  99% used [0x00007fd3930a0000, 0x00007fd5e63b2ba8, 0x00007fd5e63b2c00, 0x00007fd5e911b000)
 Metaspace       used 24271K, capacity 24636K, committed 24832K, reserved 26624K
}
Event: 2828.362 GC heap after
{Heap after GC invocations=1663 (full 7):
 def new generation   total 4409216K, used 242049K [0x00007fc8e8600000, 0x00007fca13640000, 0x00007fd3930a0000)
  eden space 3919360K,   0% used [0x00007fc8e8600000, 0x00007fc8e8600000, 0x00007fc9d7980000)
  from space 489856K,  49% used [0x00007fc9f57e0000, 0x00007fca04440498, 0x00007fca13640000)
  to   space 489856K,   0% used [0x00007fc9d7980000, 0x00007fc9d7980000, 0x00007fc9f57e0000)
 tenured generation   total 9798124K, used 9751626K [0x00007fd3930a0000, 0x00007fd5e911b000, 0x00007fe8e8600000)
   the space 9798124K,  99% used [0x00007fd3930a0000, 0x00007fd5e63b2ba8, 0x00007fd5e63b2c00, 0x00007fd5e911b000)
 Metaspace       used 24271K, capacity 24636K, committed 24832K, reserved 26624K
}
Event: 2832.421 GC heap before
{Heap before GC invocations=1663 (full 7):
 def new generation   total 4409216K, used 4161409K [0x00007fc8e8600000, 0x00007fca13640000, 0x00007fd3930a0000)
  eden space 3919360K, 100% used [0x00007fc8e8600000, 0x00007fc9d7980000, 0x00007fc9d7980000)
  from space 489856K,  49% used [0x00007fc9f57e0000, 0x00007fca04440498, 0x00007fca13640000)
  to   space 489856K,   0% used [0x00007fc9d7980000, 0x00007fc9d7980000, 0x00007fc9f57e0000)
 tenured generation   total 9798124K, used 9751626K [0x00007fd3930a0000, 0x00007fd5e911b000, 0x00007fe8e8600000)
   the space 9798124K,  99% used [0x00007fd3930a0000, 0x00007fd5e63b2ba8, 0x00007fd5e63b2c00, 0x00007fd5e911b000)
 Metaspace       used 24271K, capacity 24636K, committed 24832K, reserved 26624K
}
Event: 2832.594 GC heap after
{Heap after GC invocations=1664 (full 7):
 def new generation   total 4409216K, used 220469K [0x00007fc8e8600000, 0x00007fca13640000, 0x00007fd3930a0000)
  eden space 3919360K,   0% used [0x00007fc8e8600000, 0x00007fc8e8600000, 0x00007fc9d7980000)
  from space 489856K,  45% used [0x00007fc9d7980000, 0x00007fc9e50cd4a8, 0x00007fc9f57e0000)
  to   space 489856K,   0% used [0x00007fc9f57e0000, 0x00007fc9f57e0000, 0x00007fca13640000)
 tenured generation   total 9798124K, used 9768585K [0x00007fd3930a0000, 0x00007fd5e911b000, 0x00007fe8e8600000)
   the space 9798124K,  99% used [0x00007fd3930a0000, 0x00007fd5e74427b0, 0x00007fd5e7442800, 0x00007fd5e911b000)
 Metaspace       used 24271K, capacity 24636K, committed 24832K, reserved 26624K
}
Event: 2836.898 GC heap before
{Heap before GC invocations=1664 (full 7):
 def new generation   total 4409216K, used 4139829K [0x00007fc8e8600000, 0x00007fca13640000, 0x00007fd3930a0000)
  eden space 3919360K, 100% used [0x00007fc8e8600000, 0x00007fc9d7980000, 0x00007fc9d7980000)
  from space 489856K,  45% used [0x00007fc9d7980000, 0x00007fc9e50cd4a8, 0x00007fc9f57e0000)
  to   space 489856K,   0% used [0x00007fc9f57e0000, 0x00007fc9f57e0000, 0x00007fca13640000)
 tenured generation   total 9798124K, used 9768585K [0x00007fd3930a0000, 0x00007fd5e911b000, 0x00007fe8e8600000)
   the space 9798124K,  99% used [0x00007fd3930a0000, 0x00007fd5e74427b0, 0x00007fd5e7442800, 0x00007fd5e911b000)
 Metaspace       used 24271K, capacity 24636K, committed 24832K, reserved 26624K
}
Event: 2837.067 GC heap after
{Heap after GC invocations=1665 (full 7):
 def new generation   total 4409216K, used 220470K [0x00007fc8e8600000, 0x00007fca13640000, 0x00007fd3930a0000)
  eden space 3919360K,   0% used [0x00007fc8e8600000, 0x00007fc8e8600000, 0x00007fc9d7980000)
  from space 489856K,  45% used [0x00007fc9f57e0000, 0x00007fca02f2db30, 0x00007fca13640000)
  to   space 489856K,   0% used [0x00007fc9d7980000, 0x00007fc9d7980000, 0x00007fc9f57e0000)
 tenured generation   total 9798124K, used 9785544K [0x00007fd3930a0000, 0x00007fd5e911b000, 0x00007fe8e8600000)
   the space 9798124K,  99% used [0x00007fd3930a0000, 0x00007fd5e84d23b8, 0x00007fd5e84d2400, 0x00007fd5e911b000)
 Metaspace       used 24271K, capacity 24636K, committed 24832K, reserved 26624K
}
Event: 2841.345 GC heap before
{Heap before GC invocations=1665 (full 7):
 def new generation   total 4409216K, used 4137795K [0x00007fc8e8600000, 0x00007fca13640000, 0x00007fd3930a0000)
  eden space 3919360K,  99% used [0x00007fc8e8600000, 0x00007fc9d7783258, 0x00007fc9d7980000)
  from space 489856K,  45% used [0x00007fc9f57e0000, 0x00007fca02f2db30, 0x00007fca13640000)
  to   space 489856K,   0% used [0x00007fc9d7980000, 0x00007fc9d7980000, 0x00007fc9f57e0000)
 tenured generation   total 9798124K, used 9785544K [0x00007fd3930a0000, 0x00007fd5e911b000, 0x00007fe8e8600000)
   the space 9798124K,  99% used [0x00007fd3930a0000, 0x00007fd5e84d23b8, 0x00007fd5e84d2400, 0x00007fd5e911b000)
 Metaspace       used 24271K, capacity 24636K, committed 24832K, reserved 26624K
}
Event: 2841.507 GC heap after
{Heap after GC invocations=1666 (full 7):
 def new generation   total 4409216K, used 216360K [0x00007fc8e8600000, 0x00007fca13640000, 0x00007fd3930a0000)
  eden space 3919360K,   0% used [0x00007fc8e8600000, 0x00007fc8e8600000, 0x00007fc9d7980000)
  from space 489856K,  44% used [0x00007fc9d7980000, 0x00007fc9e4cca3e0, 0x00007fc9f57e0000)
  to   space 489856K,   0% used [0x00007fc9f57e0000, 0x00007fc9f57e0000, 0x00007fca13640000)
 tenured generation   total 9814512K, used 9802503K [0x00007fd3930a0000, 0x00007fd5ea11c000, 0x00007fe8e8600000)
   the space 9814512K,  99% used [0x00007fd3930a0000, 0x00007fd5e9561fc0, 0x00007fd5e9562000, 0x00007fd5ea11c000)
 Metaspace       used 24271K, capacity 24636K, committed 24832K, reserved 26624K
}
Event: 2841.507 GC heap before
{Heap before GC invocations=1666 (full 7):
 def new generation   total 4409216K, used 216360K [0x00007fc8e8600000, 0x00007fca13640000, 0x00007fd3930a0000)
  eden space 3919360K,   0% used [0x00007fc8e8600000, 0x00007fc8e8600000, 0x00007fc9d7980000)
  from space 489856K,  44% used [0x00007fc9d7980000, 0x00007fc9e4cca3e0, 0x00007fc9f57e0000)
  to   space 489856K,   0% used [0x00007fc9f57e0000, 0x00007fc9f57e0000, 0x00007fca13640000)
 tenured generation   total 9814512K, used 9802503K [0x00007fd3930a0000, 0x00007fd5ea11c000, 0x00007fe8e8600000)
   the space 9814512K,  99% used [0x00007fd3930a0000, 0x00007fd5e9561fc0, 0x00007fd5e9562000, 0x00007fd5ea11c000)
 Metaspace       used 24271K, capacity 24636K, committed 24832K, reserved 26624K
}

