# JRE version: OpenJDK Runtime Environment (13.0.7+5) (build 13.0.7+5-Ubuntu-0ubuntu120.04)
# Java VM: OpenJDK 64-Bit Server VM (13.0.7+5-Ubuntu-0ubuntu120.04, mixed mode, tiered, serial gc, linux-amd64)
Heap:
 def new generation   total 4858432K, used 56277K [0x00007f0e4c600000, 0x00007f0f95db0000, 0x00007f13a1b50000)
  eden space 4318656K,   1% used [0x00007f0e4c600000, 0x00007f0e4fcf5618, 0x00007f0f53f70000)
  from space 539776K,   0% used [0x00007f0f74e90000, 0x00007f0f74e90000, 0x00007f0f95db0000)
  to   space 539776K,   0% used [0x00007f0f53f70000, 0x00007f0f53f70000, 0x00007f0f74e90000)
 tenured generation   total 10797740K, used 10797739K [0x00007f13a1b50000, 0x00007f1634bfb000, 0x00007f1e4c600000)
   the space 10797740K,  99% used [0x00007f13a1b50000, 0x00007f1634bfafb0, 0x00007f1634bfb000, 0x00007f1634bfb000)
 Metaspace       used 24330K, capacity 24708K, committed 24832K, reserved 26624K
GC Heap History (20 events):
Event: 8025.026 GC heap after
{Heap after GC invocations=7306 (full 5):
 def new generation   total 4858432K, used 60097K [0x00007f0e4c600000, 0x00007f0f95db0000, 0x00007f13a1b50000)
  eden space 4318656K,   0% used [0x00007f0e4c600000, 0x00007f0e4c600000, 0x00007f0f53f70000)
  from space 539776K,  11% used [0x00007f0f53f70000, 0x00007f0f57a205a8, 0x00007f0f74e90000)
  to   space 539776K,   0% used [0x00007f0f74e90000, 0x00007f0f74e90000, 0x00007f0f95db0000)
 tenured generation   total 10796396K, used 10762891K [0x00007f13a1b50000, 0x00007f1634aab000, 0x00007f1e4c600000)
   the space 10796396K,  99% used [0x00007f13a1b50000, 0x00007f16329f2f10, 0x00007f16329f3000, 0x00007f1634aab000)
 Metaspace       used 24330K, capacity 24708K, committed 24832K, reserved 26624K
}
Event: 8027.543 GC heap before
{Heap before GC invocations=7306 (full 5):
 def new generation   total 4858432K, used 4378753K [0x00007f0e4c600000, 0x00007f0f95db0000, 0x00007f13a1b50000)
  eden space 4318656K, 100% used [0x00007f0e4c600000, 0x00007f0f53f70000, 0x00007f0f53f70000)
  from space 539776K,  11% used [0x00007f0f53f70000, 0x00007f0f57a205a8, 0x00007f0f74e90000)
  to   space 539776K,   0% used [0x00007f0f74e90000, 0x00007f0f74e90000, 0x00007f0f95db0000)
 tenured generation   total 10796396K, used 10762891K [0x00007f13a1b50000, 0x00007f1634aab000, 0x00007f1e4c600000)
   the space 10796396K,  99% used [0x00007f13a1b50000, 0x00007f16329f2f10, 0x00007f16329f3000, 0x00007f1634aab000)
 Metaspace       used 24330K, capacity 24708K, committed 24832K, reserved 26624K
}
Event: 8027.604 GC heap after
{Heap after GC invocations=7307 (full 5):
 def new generation   total 4858432K, used 60103K [0x00007f0e4c600000, 0x00007f0f95db0000, 0x00007f13a1b50000)
  eden space 4318656K,   0% used [0x00007f0e4c600000, 0x00007f0e4c600000, 0x00007f0f53f70000)
  from space 539776K,  11% used [0x00007f0f74e90000, 0x00007f0f78941f60, 0x00007f0f95db0000)
  to   space 539776K,   0% used [0x00007f0f53f70000, 0x00007f0f53f70000, 0x00007f0f74e90000)
 tenured generation   total 10796396K, used 10766338K [0x00007f13a1b50000, 0x00007f1634aab000, 0x00007f1e4c600000)
   the space 10796396K,  99% used [0x00007f13a1b50000, 0x00007f1632d50908, 0x00007f1632d50a00, 0x00007f1634aab000)
 Metaspace       used 24330K, capacity 24708K, committed 24832K, reserved 26624K
}
Event: 8030.120 GC heap before
{Heap before GC invocations=7307 (full 5):
 def new generation   total 4858432K, used 4378759K [0x00007f0e4c600000, 0x00007f0f95db0000, 0x00007f13a1b50000)
  eden space 4318656K, 100% used [0x00007f0e4c600000, 0x00007f0f53f70000, 0x00007f0f53f70000)
  from space 539776K,  11% used [0x00007f0f74e90000, 0x00007f0f78941f60, 0x00007f0f95db0000)
  to   space 539776K,   0% used [0x00007f0f53f70000, 0x00007f0f53f70000, 0x00007f0f74e90000)
 tenured generation   total 10796396K, used 10766338K [0x00007f13a1b50000, 0x00007f1634aab000, 0x00007f1e4c600000)
   the space 10796396K,  99% used [0x00007f13a1b50000, 0x00007f1632d50908, 0x00007f1632d50a00, 0x00007f1634aab000)
 Metaspace       used 24330K, capacity 24708K, committed 24832K, reserved 26624K
}
Event: 8030.170 GC heap after
{Heap after GC invocations=7308 (full 5):
 def new generation   total 4858432K, used 59992K [0x00007f0e4c600000, 0x00007f0f95db0000, 0x00007f13a1b50000)
  eden space 4318656K,   0% used [0x00007f0e4c600000, 0x00007f0e4c600000, 0x00007f0f53f70000)
  from space 539776K,  11% used [0x00007f0f53f70000, 0x00007f0f57a060c8, 0x00007f0f74e90000)
  to   space 539776K,   0% used [0x00007f0f74e90000, 0x00007f0f74e90000, 0x00007f0f95db0000)
 tenured generation   total 10796396K, used 10769784K [0x00007f13a1b50000, 0x00007f1634aab000, 0x00007f1e4c600000)
   the space 10796396K,  99% used [0x00007f13a1b50000, 0x00007f16330ae030, 0x00007f16330ae200, 0x00007f1634aab000)
 Metaspace       used 24330K, capacity 24708K, committed 24832K, reserved 26624K
}
Event: 8032.731 GC heap before
{Heap before GC invocations=7308 (full 5):
 def new generation   total 4858432K, used 4378648K [0x00007f0e4c600000, 0x00007f0f95db0000, 0x00007f13a1b50000)
  eden space 4318656K, 100% used [0x00007f0e4c600000, 0x00007f0f53f70000, 0x00007f0f53f70000)
  from space 539776K,  11% used [0x00007f0f53f70000, 0x00007f0f57a060c8, 0x00007f0f74e90000)
  to   space 539776K,   0% used [0x00007f0f74e90000, 0x00007f0f74e90000, 0x00007f0f95db0000)
 tenured generation   total 10796396K, used 10769784K [0x00007f13a1b50000, 0x00007f1634aab000, 0x00007f1e4c600000)
   the space 10796396K,  99% used [0x00007f13a1b50000, 0x00007f16330ae030, 0x00007f16330ae200, 0x00007f1634aab000)
 Metaspace       used 24330K, capacity 24708K, committed 24832K, reserved 26624K
}
Event: 8032.790 GC heap after
{Heap after GC invocations=7309 (full 5):
 def new generation   total 4858432K, used 59988K [0x00007f0e4c600000, 0x00007f0f95db0000, 0x00007f13a1b50000)
  eden space 4318656K,   0% used [0x00007f0e4c600000, 0x00007f0e4c600000, 0x00007f0f53f70000)
  from space 539776K,  11% used [0x00007f0f74e90000, 0x00007f0f78925260, 0x00007f0f95db0000)
  to   space 539776K,   0% used [0x00007f0f53f70000, 0x00007f0f53f70000, 0x00007f0f74e90000)
 tenured generation   total 10796396K, used 10773347K [0x00007f13a1b50000, 0x00007f1634aab000, 0x00007f1e4c600000)
   the space 10796396K,  99% used [0x00007f13a1b50000, 0x00007f1633428fd0, 0x00007f1633429000, 0x00007f1634aab000)
 Metaspace       used 24330K, capacity 24708K, committed 24832K, reserved 26624K
}
Event: 8035.309 GC heap before
{Heap before GC invocations=7309 (full 5):
 def new generation   total 4858432K, used 4378644K [0x00007f0e4c600000, 0x00007f0f95db0000, 0x00007f13a1b50000)
  eden space 4318656K, 100% used [0x00007f0e4c600000, 0x00007f0f53f70000, 0x00007f0f53f70000)
  from space 539776K,  11% used [0x00007f0f74e90000, 0x00007f0f78925260, 0x00007f0f95db0000)
  to   space 539776K,   0% used [0x00007f0f53f70000, 0x00007f0f53f70000, 0x00007f0f74e90000)
 tenured generation   total 10796396K, used 10773347K [0x00007f13a1b50000, 0x00007f1634aab000, 0x00007f1e4c600000)
   the space 10796396K,  99% used [0x00007f13a1b50000, 0x00007f1633428fd0, 0x00007f1633429000, 0x00007f1634aab000)
 Metaspace       used 24330K, capacity 24708K, committed 24832K, reserved 26624K
}
Event: 8035.373 GC heap after
{Heap after GC invocations=7310 (full 5):
 def new generation   total 4858432K, used 60038K [0x00007f0e4c600000, 0x00007f0f95db0000, 0x00007f13a1b50000)
  eden space 4318656K,   0% used [0x00007f0e4c600000, 0x00007f0e4c600000, 0x00007f0f53f70000)
  from space 539776K,  11% used [0x00007f0f53f70000, 0x00007f0f57a11bf0, 0x00007f0f74e90000)
  to   space 539776K,   0% used [0x00007f0f74e90000, 0x00007f0f74e90000, 0x00007f0f95db0000)
 tenured generation   total 10796396K, used 10776793K [0x00007f13a1b50000, 0x00007f1634aab000, 0x00007f1e4c600000)
   the space 10796396K,  99% used [0x00007f13a1b50000, 0x00007f16337866f8, 0x00007f1633786800, 0x00007f1634aab000)
 Metaspace       used 24330K, capacity 24708K, committed 24832K, reserved 26624K
}
Event: 8037.958 GC heap before
{Heap before GC invocations=7310 (full 5):
 def new generation   total 4858432K, used 4378694K [0x00007f0e4c600000, 0x00007f0f95db0000, 0x00007f13a1b50000)
  eden space 4318656K, 100% used [0x00007f0e4c600000, 0x00007f0f53f70000, 0x00007f0f53f70000)
  from space 539776K,  11% used [0x00007f0f53f70000, 0x00007f0f57a11bf0, 0x00007f0f74e90000)
  to   space 539776K,   0% used [0x00007f0f74e90000, 0x00007f0f74e90000, 0x00007f0f95db0000)
 tenured generation   total 10796396K, used 10776793K [0x00007f13a1b50000, 0x00007f1634aab000, 0x00007f1e4c600000)
   the space 10796396K,  99% used [0x00007f13a1b50000, 0x00007f16337866f8, 0x00007f1633786800, 0x00007f1634aab000)
 Metaspace       used 24330K, capacity 24708K, committed 24832K, reserved 26624K
}
Event: 8038.013 GC heap after
{Heap after GC invocations=7311 (full 5):
 def new generation   total 4858432K, used 60115K [0x00007f0e4c600000, 0x00007f0f95db0000, 0x00007f13a1b50000)
  eden space 4318656K,   0% used [0x00007f0e4c600000, 0x00007f0e4c600000, 0x00007f0f53f70000)
  from space 539776K,  11% used [0x00007f0f74e90000, 0x00007f0f78944fb8, 0x00007f0f95db0000)
  to   space 539776K,   0% used [0x00007f0f53f70000, 0x00007f0f53f70000, 0x00007f0f74e90000)
 tenured generation   total 10796396K, used 10780239K [0x00007f13a1b50000, 0x00007f1634aab000, 0x00007f1e4c600000)
   the space 10796396K,  99% used [0x00007f13a1b50000, 0x00007f1633ae3e20, 0x00007f1633ae4000, 0x00007f1634aab000)
 Metaspace       used 24330K, capacity 24708K, committed 24832K, reserved 26624K
}
Event: 8040.715 GC heap before
{Heap before GC invocations=7311 (full 5):
 def new generation   total 4858432K, used 4378771K [0x00007f0e4c600000, 0x00007f0f95db0000, 0x00007f13a1b50000)
  eden space 4318656K, 100% used [0x00007f0e4c600000, 0x00007f0f53f70000, 0x00007f0f53f70000)
  from space 539776K,  11% used [0x00007f0f74e90000, 0x00007f0f78944fb8, 0x00007f0f95db0000)
  to   space 539776K,   0% used [0x00007f0f53f70000, 0x00007f0f53f70000, 0x00007f0f74e90000)
 tenured generation   total 10796396K, used 10780239K [0x00007f13a1b50000, 0x00007f1634aab000, 0x00007f1e4c600000)
   the space 10796396K,  99% used [0x00007f13a1b50000, 0x00007f1633ae3e20, 0x00007f1633ae4000, 0x00007f1634aab000)
 Metaspace       used 24330K, capacity 24708K, committed 24832K, reserved 26624K
}
Event: 8040.783 GC heap after
{Heap after GC invocations=7312 (full 5):
 def new generation   total 4858432K, used 59733K [0x00007f0e4c600000, 0x00007f0f95db0000, 0x00007f13a1b50000)
  eden space 4318656K,   0% used [0x00007f0e4c600000, 0x00007f0e4c600000, 0x00007f0f53f70000)
  from space 539776K,  11% used [0x00007f0f53f70000, 0x00007f0f579c55c8, 0x00007f0f74e90000)
  to   space 539776K,   0% used [0x00007f0f74e90000, 0x00007f0f74e90000, 0x00007f0f95db0000)
 tenured generation   total 10796396K, used 10784040K [0x00007f13a1b50000, 0x00007f1634aab000, 0x00007f1e4c600000)
   the space 10796396K,  99% used [0x00007f13a1b50000, 0x00007f1633e9a210, 0x00007f1633e9a400, 0x00007f1634aab000)
 Metaspace       used 24330K, capacity 24708K, committed 24832K, reserved 26624K
}
Event: 8043.477 GC heap before
{Heap before GC invocations=7312 (full 5):
 def new generation   total 4858432K, used 4378389K [0x00007f0e4c600000, 0x00007f0f95db0000, 0x00007f13a1b50000)
  eden space 4318656K, 100% used [0x00007f0e4c600000, 0x00007f0f53f70000, 0x00007f0f53f70000)
  from space 539776K,  11% used [0x00007f0f53f70000, 0x00007f0f579c55c8, 0x00007f0f74e90000)
  to   space 539776K,   0% used [0x00007f0f74e90000, 0x00007f0f74e90000, 0x00007f0f95db0000)
 tenured generation   total 10796396K, used 10784040K [0x00007f13a1b50000, 0x00007f1634aab000, 0x00007f1e4c600000)
   the space 10796396K,  99% used [0x00007f13a1b50000, 0x00007f1633e9a210, 0x00007f1633e9a400, 0x00007f1634aab000)
 Metaspace       used 24330K, capacity 24708K, committed 24832K, reserved 26624K
}
Event: 8043.548 GC heap after
{Heap after GC invocations=7313 (full 5):
 def new generation   total 4858432K, used 58678K [0x00007f0e4c600000, 0x00007f0f95db0000, 0x00007f13a1b50000)
  eden space 4318656K,   0% used [0x00007f0e4c600000, 0x00007f0e4c600000, 0x00007f0f53f70000)
  from space 539776K,  10% used [0x00007f0f74e90000, 0x00007f0f787dd868, 0x00007f0f95db0000)
  to   space 539776K,   0% used [0x00007f0f53f70000, 0x00007f0f53f70000, 0x00007f0f74e90000)
 tenured generation   total 10796396K, used 10788549K [0x00007f13a1b50000, 0x00007f1634aab000, 0x00007f1e4c600000)
   the space 10796396K,  99% used [0x00007f13a1b50000, 0x00007f1634301720, 0x00007f1634301800, 0x00007f1634aab000)
 Metaspace       used 24330K, capacity 24708K, committed 24832K, reserved 26624K
}
Event: 8046.279 GC heap before
{Heap before GC invocations=7313 (full 5):
 def new generation   total 4858432K, used 4377334K [0x00007f0e4c600000, 0x00007f0f95db0000, 0x00007f13a1b50000)
  eden space 4318656K, 100% used [0x00007f0e4c600000, 0x00007f0f53f70000, 0x00007f0f53f70000)
  from space 539776K,  10% used [0x00007f0f74e90000, 0x00007f0f787dd868, 0x00007f0f95db0000)
  to   space 539776K,   0% used [0x00007f0f53f70000, 0x00007f0f53f70000, 0x00007f0f74e90000)
 tenured generation   total 10796396K, used 10788549K [0x00007f13a1b50000, 0x00007f1634aab000, 0x00007f1e4c600000)
   the space 10796396K,  99% used [0x00007f13a1b50000, 0x00007f1634301720, 0x00007f1634301800, 0x00007f1634aab000)
 Metaspace       used 24330K, capacity 24708K, committed 24832K, reserved 26624K
}
Event: 8046.337 GC heap after
{Heap after GC invocations=7314 (full 5):
 def new generation   total 4858432K, used 57513K [0x00007f0e4c600000, 0x00007f0f95db0000, 0x00007f13a1b50000)
  eden space 4318656K,   0% used [0x00007f0e4c600000, 0x00007f0e4c600000, 0x00007f0f53f70000)
  from space 539776K,  10% used [0x00007f0f53f70000, 0x00007f0f5779a480, 0x00007f0f74e90000)
  to   space 539776K,   0% used [0x00007f0f74e90000, 0x00007f0f74e90000, 0x00007f0f95db0000)
 tenured generation   total 10796396K, used 10793059K [0x00007f13a1b50000, 0x00007f1634aab000, 0x00007f1e4c600000)
   the space 10796396K,  99% used [0x00007f13a1b50000, 0x00007f1634768e70, 0x00007f1634769000, 0x00007f1634aab000)
 Metaspace       used 24330K, capacity 24708K, committed 24832K, reserved 26624K
}
Event: 8049.064 GC heap before
{Heap before GC invocations=7314 (full 5):
 def new generation   total 4858432K, used 4376169K [0x00007f0e4c600000, 0x00007f0f95db0000, 0x00007f13a1b50000)
  eden space 4318656K, 100% used [0x00007f0e4c600000, 0x00007f0f53f70000, 0x00007f0f53f70000)
  from space 539776K,  10% used [0x00007f0f53f70000, 0x00007f0f5779a480, 0x00007f0f74e90000)
  to   space 539776K,   0% used [0x00007f0f74e90000, 0x00007f0f74e90000, 0x00007f0f95db0000)
 tenured generation   total 10796396K, used 10793059K [0x00007f13a1b50000, 0x00007f1634aab000, 0x00007f1e4c600000)
   the space 10796396K,  99% used [0x00007f13a1b50000, 0x00007f1634768e70, 0x00007f1634769000, 0x00007f1634aab000)
 Metaspace       used 24330K, capacity 24708K, committed 24832K, reserved 26624K
}
Event: 8049.132 GC heap after
{Heap after GC invocations=7315 (full 5):
 def new generation   total 4858432K, used 56448K [0x00007f0e4c600000, 0x00007f0f95db0000, 0x00007f13a1b50000)
  eden space 4318656K,   0% used [0x00007f0e4c600000, 0x00007f0e4c600000, 0x00007f0f53f70000)
  from space 539776K,  10% used [0x00007f0f74e90000, 0x00007f0f785b0008, 0x00007f0f95db0000)
  to   space 539776K,   0% used [0x00007f0f53f70000, 0x00007f0f53f70000, 0x00007f0f74e90000)
 tenured generation   total 10797740K, used 10797569K [0x00007f13a1b50000, 0x00007f1634bfb000, 0x00007f1e4c600000)
   the space 10797740K,  99% used [0x00007f13a1b50000, 0x00007f1634bd05c0, 0x00007f1634bd0600, 0x00007f1634bfb000)
 Metaspace       used 24330K, capacity 24708K, committed 24832K, reserved 26624K
}
Event: 8049.132 GC heap before
{Heap before GC invocations=7315 (full 5):
 def new generation   total 4858432K, used 56448K [0x00007f0e4c600000, 0x00007f0f95db0000, 0x00007f13a1b50000)
  eden space 4318656K,   0% used [0x00007f0e4c600000, 0x00007f0e4c600000, 0x00007f0f53f70000)
  from space 539776K,  10% used [0x00007f0f74e90000, 0x00007f0f785b0008, 0x00007f0f95db0000)
  to   space 539776K,   0% used [0x00007f0f53f70000, 0x00007f0f53f70000, 0x00007f0f74e90000)
 tenured generation   total 10797740K, used 10797569K [0x00007f13a1b50000, 0x00007f1634bfb000, 0x00007f1e4c600000)
   the space 10797740K,  99% used [0x00007f13a1b50000, 0x00007f1634bd05c0, 0x00007f1634bd0600, 0x00007f1634bfb000)
 Metaspace       used 24330K, capacity 24708K, committed 24832K, reserved 26624K
}

