# JRE version: OpenJDK Runtime Environment (13.0.7+5) (build 13.0.7+5-Ubuntu-0ubuntu120.04)
# Java VM: OpenJDK 64-Bit Server VM (13.0.7+5-Ubuntu-0ubuntu120.04, mixed mode, tiered, serial gc, linux-amd64)
Heap:
 def new generation   total 4404096K, used 0K [0x00007eff5c600000, 0x00007f00870c0000, 0x00007f04b1b50000)
  eden space 3914752K,   0% used [0x00007eff5c600000, 0x00007eff5c600000, 0x00007f004b500000)
  from space 489344K,   0% used [0x00007f00692e0000, 0x00007f00692e0000, 0x00007f00870c0000)
  to   space 489344K,   0% used [0x00007f004b500000, 0x00007f004b500000, 0x00007f00692e0000)
 tenured generation   total 9786756K, used 9446892K [0x00007f04b1b50000, 0x00007f07070b1000, 0x00007f0f5c600000)
   the space 9786756K,  96% used [0x00007f04b1b50000, 0x00007f06f24cb0f0, 0x00007f06f24cb200, 0x00007f07070b1000)
 Metaspace       used 23401K, capacity 23756K, committed 23808K, reserved 24576K
GC Heap History (20 events):
Event: 10.216 GC heap after
{Heap after GC invocations=8 (full 1):
 def new generation   total 629248K, used 33050K [0x00007eff5c600000, 0x00007eff870c0000, 0x00007f04b1b50000)
  eden space 559360K,   0% used [0x00007eff5c600000, 0x00007eff5c600000, 0x00007eff7e840000)
  from space 69888K,  47% used [0x00007eff82c80000, 0x00007eff84cc69e8, 0x00007eff870c0000)
  to   space 69888K,   0% used [0x00007eff7e840000, 0x00007eff7e840000, 0x00007eff82c80000)
 tenured generation   total 1398144K, used 473640K [0x00007f04b1b50000, 0x00007f05070b0000, 0x00007f0f5c600000)
   the space 1398144K,  33% used [0x00007f04b1b50000, 0x00007f04ce9da048, 0x00007f04ce9da200, 0x00007f05070b0000)
 Metaspace       used 23345K, capacity 23741K, committed 23808K, reserved 24576K
}
Event: 10.216 GC heap before
{Heap before GC invocations=8 (full 1):
 def new generation   total 629248K, used 33050K [0x00007eff5c600000, 0x00007eff870c0000, 0x00007f04b1b50000)
  eden space 559360K,   0% used [0x00007eff5c600000, 0x00007eff5c600000, 0x00007eff7e840000)
  from space 69888K,  47% used [0x00007eff82c80000, 0x00007eff84cc69e8, 0x00007eff870c0000)
  to   space 69888K,   0% used [0x00007eff7e840000, 0x00007eff7e840000, 0x00007eff82c80000)
 tenured generation   total 1398144K, used 473640K [0x00007f04b1b50000, 0x00007f05070b0000, 0x00007f0f5c600000)
   the space 1398144K,  33% used [0x00007f04b1b50000, 0x00007f04ce9da048, 0x00007f04ce9da200, 0x00007f05070b0000)
 Metaspace       used 23345K, capacity 23741K, committed 23808K, reserved 24576K
}
Event: 10.267 GC heap after
{Heap after GC invocations=8 (full 2):
 def new generation   total 629248K, used 0K [0x00007eff5c600000, 0x00007eff870c0000, 0x00007f04b1b50000)
  eden space 559360K,   0% used [0x00007eff5c600000, 0x00007eff5c600000, 0x00007eff7e840000)
  from space 69888K,   0% used [0x00007eff82c80000, 0x00007eff82c80000, 0x00007eff870c0000)
  to   space 69888K,   0% used [0x00007eff7e840000, 0x00007eff7e840000, 0x00007eff82c80000)
 tenured generation   total 1398144K, used 14916K [0x00007f04b1b50000, 0x00007f05070b0000, 0x00007f0f5c600000)
   the space 1398144K,   1% used [0x00007f04b1b50000, 0x00007f04b29e13b0, 0x00007f04b29e1400, 0x00007f05070b0000)
 Metaspace       used 23345K, capacity 23741K, committed 23808K, reserved 24576K
}
Event: 26.329 GC heap before
{Heap before GC invocations=8 (full 2):
 def new generation   total 629248K, used 559360K [0x00007eff5c600000, 0x00007eff870c0000, 0x00007f04b1b50000)
  eden space 559360K, 100% used [0x00007eff5c600000, 0x00007eff7e840000, 0x00007eff7e840000)
  from space 69888K,   0% used [0x00007eff82c80000, 0x00007eff82c80000, 0x00007eff870c0000)
  to   space 69888K,   0% used [0x00007eff7e840000, 0x00007eff7e840000, 0x00007eff82c80000)
 tenured generation   total 9786756K, used 8403524K [0x00007f04b1b50000, 0x00007f07070b1000, 0x00007f0f5c600000)
   the space 9786756K,  85% used [0x00007f04b1b50000, 0x00007f06b29e13c8, 0x00007f06b29e1400, 0x00007f07070b1000)
 Metaspace       used 23375K, capacity 23743K, committed 23808K, reserved 24576K
}
Event: 26.395 GC heap after
{Heap after GC invocations=9 (full 2):
 def new generation   total 629248K, used 652K [0x00007eff5c600000, 0x00007eff870c0000, 0x00007f04b1b50000)
  eden space 559360K,   0% used [0x00007eff5c600000, 0x00007eff5c600000, 0x00007eff7e840000)
  from space 69888K,   0% used [0x00007eff7e840000, 0x00007eff7e8e3360, 0x00007eff82c80000)
  to   space 69888K,   0% used [0x00007eff82c80000, 0x00007eff82c80000, 0x00007eff870c0000)
 tenured generation   total 9786756K, used 8403524K [0x00007f04b1b50000, 0x00007f07070b1000, 0x00007f0f5c600000)
   the space 9786756K,  85% used [0x00007f04b1b50000, 0x00007f06b29e13c8, 0x00007f06b29e1400, 0x00007f07070b1000)
 Metaspace       used 23375K, capacity 23743K, committed 23808K, reserved 24576K
}
Event: 27.196 GC heap before
{Heap before GC invocations=9 (full 2):
 def new generation   total 629248K, used 560012K [0x00007eff5c600000, 0x00007eff870c0000, 0x00007f04b1b50000)
  eden space 559360K, 100% used [0x00007eff5c600000, 0x00007eff7e840000, 0x00007eff7e840000)
  from space 69888K,   0% used [0x00007eff7e840000, 0x00007eff7e8e3360, 0x00007eff82c80000)
  to   space 69888K,   0% used [0x00007eff82c80000, 0x00007eff82c80000, 0x00007eff870c0000)
 tenured generation   total 9786756K, used 8403524K [0x00007f04b1b50000, 0x00007f07070b1000, 0x00007f0f5c600000)
   the space 9786756K,  85% used [0x00007f04b1b50000, 0x00007f06b29e13c8, 0x00007f06b29e1400, 0x00007f07070b1000)
 Metaspace       used 23387K, capacity 23746K, committed 23808K, reserved 24576K
}
Event: 27.207 GC heap after
{Heap after GC invocations=10 (full 2):
 def new generation   total 629248K, used 502K [0x00007eff5c600000, 0x00007eff870c0000, 0x00007f04b1b50000)
  eden space 559360K,   0% used [0x00007eff5c600000, 0x00007eff5c600000, 0x00007eff7e840000)
  from space 69888K,   0% used [0x00007eff82c80000, 0x00007eff82cfd8e0, 0x00007eff870c0000)
  to   space 69888K,   0% used [0x00007eff7e840000, 0x00007eff7e840000, 0x00007eff82c80000)
 tenured generation   total 9786756K, used 8403524K [0x00007f04b1b50000, 0x00007f07070b1000, 0x00007f0f5c600000)
   the space 9786756K,  85% used [0x00007f04b1b50000, 0x00007f06b29e13c8, 0x00007f06b29e1400, 0x00007f07070b1000)
 Metaspace       used 23387K, capacity 23746K, committed 23808K, reserved 24576K
}
Event: 27.965 GC heap before
{Heap before GC invocations=10 (full 2):
 def new generation   total 629248K, used 559862K [0x00007eff5c600000, 0x00007eff870c0000, 0x00007f04b1b50000)
  eden space 559360K, 100% used [0x00007eff5c600000, 0x00007eff7e840000, 0x00007eff7e840000)
  from space 69888K,   0% used [0x00007eff82c80000, 0x00007eff82cfd8e0, 0x00007eff870c0000)
  to   space 69888K,   0% used [0x00007eff7e840000, 0x00007eff7e840000, 0x00007eff82c80000)
 tenured generation   total 9786756K, used 8403524K [0x00007f04b1b50000, 0x00007f07070b1000, 0x00007f0f5c600000)
   the space 9786756K,  85% used [0x00007f04b1b50000, 0x00007f06b29e13c8, 0x00007f06b29e1400, 0x00007f07070b1000)
 Metaspace       used 23387K, capacity 23746K, committed 23808K, reserved 24576K
}
Event: 27.969 GC heap after
{Heap after GC invocations=11 (full 2):
 def new generation   total 629248K, used 700K [0x00007eff5c600000, 0x00007eff870c0000, 0x00007f04b1b50000)
  eden space 559360K,   0% used [0x00007eff5c600000, 0x00007eff5c600000, 0x00007eff7e840000)
  from space 69888K,   1% used [0x00007eff7e840000, 0x00007eff7e8ef0f8, 0x00007eff82c80000)
  to   space 69888K,   0% used [0x00007eff82c80000, 0x00007eff82c80000, 0x00007eff870c0000)
 tenured generation   total 9786756K, used 8403524K [0x00007f04b1b50000, 0x00007f07070b1000, 0x00007f0f5c600000)
   the space 9786756K,  85% used [0x00007f04b1b50000, 0x00007f06b29e13c8, 0x00007f06b29e1400, 0x00007f07070b1000)
 Metaspace       used 23387K, capacity 23746K, committed 23808K, reserved 24576K
}
Event: 28.498 GC heap before
{Heap before GC invocations=11 (full 2):
 def new generation   total 629248K, used 397467K [0x00007eff5c600000, 0x00007eff870c0000, 0x00007f04b1b50000)
  eden space 559360K,  70% used [0x00007eff5c600000, 0x00007eff74977c78, 0x00007eff7e840000)
  from space 69888K,   1% used [0x00007eff7e840000, 0x00007eff7e8ef0f8, 0x00007eff82c80000)
  to   space 69888K,   0% used [0x00007eff82c80000, 0x00007eff82c80000, 0x00007eff870c0000)
 tenured generation   total 9786756K, used 8403524K [0x00007f04b1b50000, 0x00007f07070b1000, 0x00007f0f5c600000)
   the space 9786756K,  85% used [0x00007f04b1b50000, 0x00007f06b29e13c8, 0x00007f06b29e1400, 0x00007f07070b1000)
 Metaspace       used 23401K, capacity 23756K, committed 23808K, reserved 24576K
}
Event: 28.774 GC heap after
{Heap after GC invocations=12 (full 2):
 def new generation   total 629248K, used 37748K [0x00007eff5c600000, 0x00007eff870c0000, 0x00007f04b1b50000)
  eden space 559360K,   0% used [0x00007eff5c600000, 0x00007eff5c600000, 0x00007eff7e840000)
  from space 69888K,  54% used [0x00007eff82c80000, 0x00007eff8515d270, 0x00007eff870c0000)
  to   space 69888K,   0% used [0x00007eff7e840000, 0x00007eff7e840000, 0x00007eff82c80000)
 tenured generation   total 9786756K, used 8440388K [0x00007f04b1b50000, 0x00007f07070b1000, 0x00007f0f5c600000)
   the space 9786756K,  86% used [0x00007f04b1b50000, 0x00007f06b4de13e0, 0x00007f06b4de1400, 0x00007f07070b1000)
 Metaspace       used 23401K, capacity 23756K, committed 23808K, reserved 24576K
}
Event: 29.211 GC heap before
{Heap before GC invocations=12 (full 2):
 def new generation   total 629248K, used 491157K [0x00007eff5c600000, 0x00007eff870c0000, 0x00007f04b1b50000)
  eden space 559360K,  81% used [0x00007eff5c600000, 0x00007eff780c8458, 0x00007eff7e840000)
  from space 69888K,  54% used [0x00007eff82c80000, 0x00007eff8515d270, 0x00007eff870c0000)
  to   space 69888K,   0% used [0x00007eff7e840000, 0x00007eff7e840000, 0x00007eff82c80000)
 tenured generation   total 9786756K, used 8440388K [0x00007f04b1b50000, 0x00007f07070b1000, 0x00007f0f5c600000)
   the space 9786756K,  86% used [0x00007f04b1b50000, 0x00007f06b4de13e0, 0x00007f06b4de1400, 0x00007f07070b1000)
 Metaspace       used 23401K, capacity 23756K, committed 23808K, reserved 24576K
}
Event: 29.431 GC heap after
{Heap after GC invocations=13 (full 2):
 def new generation   total 629248K, used 0K [0x00007eff5c600000, 0x00007eff870c0000, 0x00007f04b1b50000)
  eden space 559360K,   0% used [0x00007eff5c600000, 0x00007eff5c600000, 0x00007eff7e840000)
  from space 69888K,   0% used [0x00007eff7e840000, 0x00007eff7e840190, 0x00007eff82c80000)
  to   space 69888K,   0% used [0x00007eff82c80000, 0x00007eff82c80000, 0x00007eff870c0000)
 tenured generation   total 9786756K, used 8588727K [0x00007f04b1b50000, 0x00007f07070b1000, 0x00007f0f5c600000)
   the space 9786756K,  87% used [0x00007f04b1b50000, 0x00007f06bdebdeb0, 0x00007f06bdebe000, 0x00007f07070b1000)
 Metaspace       used 23401K, capacity 23756K, committed 23808K, reserved 24576K
}
Event: 30.012 GC heap before
{Heap before GC invocations=13 (full 2):
 def new generation   total 629248K, used 437063K [0x00007eff5c600000, 0x00007eff870c0000, 0x00007f04b1b50000)
  eden space 559360K,  78% used [0x00007eff5c600000, 0x00007eff770d1be8, 0x00007eff7e840000)
  from space 69888K,   0% used [0x00007eff7e840000, 0x00007eff7e840190, 0x00007eff82c80000)
  to   space 69888K,   0% used [0x00007eff82c80000, 0x00007eff82c80000, 0x00007eff870c0000)
 tenured generation   total 9786756K, used 8588727K [0x00007f04b1b50000, 0x00007f07070b1000, 0x00007f0f5c600000)
   the space 9786756K,  87% used [0x00007f04b1b50000, 0x00007f06bdebdeb0, 0x00007f06bdebe000, 0x00007f07070b1000)
 Metaspace       used 23401K, capacity 23756K, committed 23808K, reserved 24576K
}
Event: 30.192 GC heap after
{Heap after GC invocations=14 (full 2):
 def new generation   total 629248K, used 67188K [0x00007eff5c600000, 0x00007eff870c0000, 0x00007f04b1b50000)
  eden space 559360K,   0% used [0x00007eff5c600000, 0x00007eff5c600000, 0x00007eff7e840000)
  from space 69888K,  96% used [0x00007eff82c80000, 0x00007eff86e1d298, 0x00007eff870c0000)
  to   space 69888K,   0% used [0x00007eff7e840000, 0x00007eff7e840000, 0x00007eff82c80000)
 tenured generation   total 9786756K, used 8654263K [0x00007f04b1b50000, 0x00007f07070b1000, 0x00007f0f5c600000)
   the space 9786756K,  88% used [0x00007f04b1b50000, 0x00007f06c1ebdec8, 0x00007f06c1ebe000, 0x00007f07070b1000)
 Metaspace       used 23401K, capacity 23756K, committed 23808K, reserved 24576K
}
Event: 30.192 GC heap before
{Heap before GC invocations=14 (full 2):
 def new generation   total 629248K, used 67188K [0x00007eff5c600000, 0x00007eff870c0000, 0x00007f04b1b50000)
  eden space 559360K,   0% used [0x00007eff5c600000, 0x00007eff5c600000, 0x00007eff7e840000)
  from space 69888K,  96% used [0x00007eff82c80000, 0x00007eff86e1d298, 0x00007eff870c0000)
  to   space 69888K,   0% used [0x00007eff7e840000, 0x00007eff7e840000, 0x00007eff82c80000)
 tenured generation   total 9786756K, used 8654263K [0x00007f04b1b50000, 0x00007f07070b1000, 0x00007f0f5c600000)
   the space 9786756K,  88% used [0x00007f04b1b50000, 0x00007f06c1ebdec8, 0x00007f06c1ebe000, 0x00007f07070b1000)
 Metaspace       used 23401K, capacity 23756K, committed 23808K, reserved 24576K
}
Event: 30.453 GC heap after
{Heap after GC invocations=14 (full 3):
 def new generation   total 4404096K, used 0K [0x00007eff5c600000, 0x00007f00870c0000, 0x00007f04b1b50000)
  eden space 3914752K,   0% used [0x00007eff5c600000, 0x00007eff5c600000, 0x00007f004b500000)
  from space 489344K,   0% used [0x00007f004b500000, 0x00007f004b500000, 0x00007f00692e0000)
  to   space 489344K,   0% used [0x00007f00692e0000, 0x00007f00692e0000, 0x00007f00870c0000)
 tenured generation   total 9786756K, used 146803K [0x00007f04b1b50000, 0x00007f07070b1000, 0x00007f0f5c600000)
   the space 9786756K,   1% used [0x00007f04b1b50000, 0x00007f04baaacda8, 0x00007f04baaace00, 0x00007f07070b1000)
 Metaspace       used 23401K, capacity 23756K, committed 23808K, reserved 24576K
}
Event: 40.551 GC heap before
{Heap before GC invocations=14 (full 3):
 def new generation   total 4404096K, used 77107K [0x00007eff5c600000, 0x00007f00870c0000, 0x00007f04b1b50000)
  eden space 3914752K,   1% used [0x00007eff5c600000, 0x00007eff6114cde8, 0x00007f004b500000)
  from space 489344K,   0% used [0x00007f004b500000, 0x00007f004b500000, 0x00007f00692e0000)
  to   space 489344K,   0% used [0x00007f00692e0000, 0x00007f00692e0000, 0x00007f00870c0000)
 tenured generation   total 9786756K, used 9583987K [0x00007f04b1b50000, 0x00007f07070b1000, 0x00007f0f5c600000)
   the space 9786756K,  97% used [0x00007f04b1b50000, 0x00007f06faaacdc0, 0x00007f06faaace00, 0x00007f07070b1000)
 Metaspace       used 23401K, capacity 23756K, committed 23808K, reserved 24576K
}
Event: 40.564 GC heap after
{Heap after GC invocations=15 (full 3):
 def new generation   total 4404096K, used 0K [0x00007eff5c600000, 0x00007f00870c0000, 0x00007f04b1b50000)
  eden space 3914752K,   0% used [0x00007eff5c600000, 0x00007eff5c600000, 0x00007f004b500000)
  from space 489344K,   0% used [0x00007f00692e0000, 0x00007f00692e0128, 0x00007f00870c0000)
  to   space 489344K,   0% used [0x00007f004b500000, 0x00007f004b500000, 0x00007f00692e0000)
 tenured generation   total 9786756K, used 9583987K [0x00007f04b1b50000, 0x00007f07070b1000, 0x00007f0f5c600000)
   the space 9786756K,  97% used [0x00007f04b1b50000, 0x00007f06faaacdc0, 0x00007f06faaace00, 0x00007f07070b1000)
 Metaspace       used 23401K, capacity 23756K, committed 23808K, reserved 24576K
}
Event: 40.564 GC heap before
{Heap before GC invocations=15 (full 3):
 def new generation   total 4404096K, used 0K [0x00007eff5c600000, 0x00007f00870c0000, 0x00007f04b1b50000)
  eden space 3914752K,   0% used [0x00007eff5c600000, 0x00007eff5c600000, 0x00007f004b500000)
  from space 489344K,   0% used [0x00007f00692e0000, 0x00007f00692e0128, 0x00007f00870c0000)
  to   space 489344K,   0% used [0x00007f004b500000, 0x00007f004b500000, 0x00007f00692e0000)
 tenured generation   total 9786756K, used 9583987K [0x00007f04b1b50000, 0x00007f07070b1000, 0x00007f0f5c600000)
   the space 9786756K,  97% used [0x00007f04b1b50000, 0x00007f06faaacdc0, 0x00007f06faaace00, 0x00007f07070b1000)
 Metaspace       used 23401K, capacity 23756K, committed 23808K, reserved 24576K
}

