# JRE version: OpenJDK Runtime Environment (13.0.7+5) (build 13.0.7+5-Ubuntu-0ubuntu120.04)
# Java VM: OpenJDK 64-Bit Server VM (13.0.7+5-Ubuntu-0ubuntu120.04, mixed mode, tiered, compressed oops, serial gc, linux-amd64)
Heap:
 def new generation   total 1778688K, used 0K [0x0000000080200000, 0x00000000f8c00000, 0x0000000300150000)
  eden space 1581056K,   0% used [0x0000000080200000, 0x0000000080200000, 0x00000000e0a00000)
  from space 197632K,   0% used [0x00000000e0a00000, 0x00000000e0a00000, 0x00000000ecb00000)
  to   space 197632K,   0% used [0x00000000ecb00000, 0x00000000ecb00000, 0x00000000f8c00000)
 tenured generation   total 4026140K, used 2905316K [0x0000000300150000, 0x00000003f5d17000, 0x0000000800000000)
   the space 4026140K,  72% used [0x0000000300150000, 0x00000003b1689020, 0x00000003b1689200, 0x00000003f5d17000)
 Metaspace       used 22783K, capacity 23360K, committed 23680K, reserved 1071104K
  class space    used 2354K, capacity 2568K, committed 2688K, reserved 1048576K
GC Heap History (20 events):
Event: 701.572 GC heap after
{Heap after GC invocations=641 (full 22):
 def new generation   total 1778688K, used 189625K [0x0000000080200000, 0x00000000f8c00000, 0x0000000300150000)
  eden space 1581056K,   0% used [0x0000000080200000, 0x0000000080200000, 0x00000000e0a00000)
  from space 197632K,  95% used [0x00000000ecb00000, 0x00000000f842e4b0, 0x00000000f8c00000)
  to   space 197632K,   0% used [0x00000000e0a00000, 0x00000000e0a00000, 0x00000000ecb00000)
 tenured generation   total 3952600K, used 3748700K [0x0000000300150000, 0x00000003f1546000, 0x0000000800000000)
   the space 3952600K,  94% used [0x0000000300150000, 0x00000003e4e272c8, 0x00000003e4e27400, 0x00000003f1546000)
 Metaspace       used 22783K, capacity 23360K, committed 23680K, reserved 1071104K
  class space    used 2354K, capacity 2568K, committed 2688K, reserved 1048576K
}
Event: 702.945 GC heap before
{Heap before GC invocations=641 (full 22):
 def new generation   total 1778688K, used 1770681K [0x0000000080200000, 0x00000000f8c00000, 0x0000000300150000)
  eden space 1581056K, 100% used [0x0000000080200000, 0x00000000e0a00000, 0x00000000e0a00000)
  from space 197632K,  95% used [0x00000000ecb00000, 0x00000000f842e4b0, 0x00000000f8c00000)
  to   space 197632K,   0% used [0x00000000e0a00000, 0x00000000e0a00000, 0x00000000ecb00000)
 tenured generation   total 3952600K, used 3748700K [0x0000000300150000, 0x00000003f1546000, 0x0000000800000000)
   the space 3952600K,  94% used [0x0000000300150000, 0x00000003e4e272c8, 0x00000003e4e27400, 0x00000003f1546000)
 Metaspace       used 22783K, capacity 23360K, committed 23680K, reserved 1071104K
  class space    used 2354K, capacity 2568K, committed 2688K, reserved 1048576K
}
Event: 702.997 GC heap after
{Heap after GC invocations=642 (full 22):
 def new generation   total 1778688K, used 73267K [0x0000000080200000, 0x00000000f8c00000, 0x0000000300150000)
  eden space 1581056K,   0% used [0x0000000080200000, 0x0000000080200000, 0x00000000e0a00000)
  from space 197632K,  37% used [0x00000000e0a00000, 0x00000000e518ced0, 0x00000000ecb00000)
  to   space 197632K,   0% used [0x00000000ecb00000, 0x00000000ecb00000, 0x00000000f8c00000)
 tenured generation   total 3952600K, used 3751288K [0x0000000300150000, 0x00000003f1546000, 0x0000000800000000)
   the space 3952600K,  94% used [0x0000000300150000, 0x00000003e50ae1c8, 0x00000003e50ae200, 0x00000003f1546000)
 Metaspace       used 22783K, capacity 23360K, committed 23680K, reserved 1071104K
  class space    used 2354K, capacity 2568K, committed 2688K, reserved 1048576K
}
Event: 704.342 GC heap before
{Heap before GC invocations=642 (full 22):
 def new generation   total 1778688K, used 1654323K [0x0000000080200000, 0x00000000f8c00000, 0x0000000300150000)
  eden space 1581056K, 100% used [0x0000000080200000, 0x00000000e0a00000, 0x00000000e0a00000)
  from space 197632K,  37% used [0x00000000e0a00000, 0x00000000e518ced0, 0x00000000ecb00000)
  to   space 197632K,   0% used [0x00000000ecb00000, 0x00000000ecb00000, 0x00000000f8c00000)
 tenured generation   total 3952600K, used 3751288K [0x0000000300150000, 0x00000003f1546000, 0x0000000800000000)
   the space 3952600K,  94% used [0x0000000300150000, 0x00000003e50ae1c8, 0x00000003e50ae200, 0x00000003f1546000)
 Metaspace       used 22783K, capacity 23360K, committed 23680K, reserved 1071104K
  class space    used 2354K, capacity 2568K, committed 2688K, reserved 1048576K
}
Event: 704.455 GC heap after
{Heap after GC invocations=643 (full 22):
 def new generation   total 1778688K, used 168078K [0x0000000080200000, 0x00000000f8c00000, 0x0000000300150000)
  eden space 1581056K,   0% used [0x0000000080200000, 0x0000000080200000, 0x00000000e0a00000)
  from space 197632K,  85% used [0x00000000ecb00000, 0x00000000f6f23aa8, 0x00000000f8c00000)
  to   space 197632K,   0% used [0x00000000e0a00000, 0x00000000e0a00000, 0x00000000ecb00000)
 tenured generation   total 3952600K, used 3751288K [0x0000000300150000, 0x00000003f1546000, 0x0000000800000000)
   the space 3952600K,  94% used [0x0000000300150000, 0x00000003e50ae1c8, 0x00000003e50ae200, 0x00000003f1546000)
 Metaspace       used 22783K, capacity 23360K, committed 23680K, reserved 1071104K
  class space    used 2354K, capacity 2568K, committed 2688K, reserved 1048576K
}
Event: 705.855 GC heap before
{Heap before GC invocations=643 (full 22):
 def new generation   total 1778688K, used 1749134K [0x0000000080200000, 0x00000000f8c00000, 0x0000000300150000)
  eden space 1581056K, 100% used [0x0000000080200000, 0x00000000e0a00000, 0x00000000e0a00000)
  from space 197632K,  85% used [0x00000000ecb00000, 0x00000000f6f23aa8, 0x00000000f8c00000)
  to   space 197632K,   0% used [0x00000000e0a00000, 0x00000000e0a00000, 0x00000000ecb00000)
 tenured generation   total 3952600K, used 3751288K [0x0000000300150000, 0x00000003f1546000, 0x0000000800000000)
   the space 3952600K,  94% used [0x0000000300150000, 0x00000003e50ae1c8, 0x00000003e50ae200, 0x00000003f1546000)
 Metaspace       used 22783K, capacity 23360K, committed 23680K, reserved 1071104K
  class space    used 2354K, capacity 2568K, committed 2688K, reserved 1048576K
}
Event: 706.052 GC heap after
{Heap after GC invocations=644 (full 22):
 def new generation   total 1778688K, used 189113K [0x0000000080200000, 0x00000000f8c00000, 0x0000000300150000)
  eden space 1581056K,   0% used [0x0000000080200000, 0x0000000080200000, 0x00000000e0a00000)
  from space 197632K,  95% used [0x00000000e0a00000, 0x00000000ec2ae7c8, 0x00000000ecb00000)
  to   space 197632K,   0% used [0x00000000ecb00000, 0x00000000ecb00000, 0x00000000f8c00000)
 tenured generation   total 3952600K, used 3824039K [0x0000000300150000, 0x00000003f1546000, 0x0000000800000000)
   the space 3952600K,  96% used [0x0000000300150000, 0x00000003e97b9f80, 0x00000003e97ba000, 0x00000003f1546000)
 Metaspace       used 22783K, capacity 23360K, committed 23680K, reserved 1071104K
  class space    used 2354K, capacity 2568K, committed 2688K, reserved 1048576K
}
Event: 707.427 GC heap before
{Heap before GC invocations=644 (full 22):
 def new generation   total 1778688K, used 1770169K [0x0000000080200000, 0x00000000f8c00000, 0x0000000300150000)
  eden space 1581056K, 100% used [0x0000000080200000, 0x00000000e0a00000, 0x00000000e0a00000)
  from space 197632K,  95% used [0x00000000e0a00000, 0x00000000ec2ae7c8, 0x00000000ecb00000)
  to   space 197632K,   0% used [0x00000000ecb00000, 0x00000000ecb00000, 0x00000000f8c00000)
 tenured generation   total 3952600K, used 3824039K [0x0000000300150000, 0x00000003f1546000, 0x0000000800000000)
   the space 3952600K,  96% used [0x0000000300150000, 0x00000003e97b9f80, 0x00000003e97ba000, 0x00000003f1546000)
 Metaspace       used 22783K, capacity 23360K, committed 23680K, reserved 1071104K
  class space    used 2354K, capacity 2568K, committed 2688K, reserved 1048576K
}
Event: 707.490 GC heap after
{Heap after GC invocations=645 (full 22):
 def new generation   total 1778688K, used 87760K [0x0000000080200000, 0x00000000f8c00000, 0x0000000300150000)
  eden space 1581056K,   0% used [0x0000000080200000, 0x0000000080200000, 0x00000000e0a00000)
  from space 197632K,  44% used [0x00000000ecb00000, 0x00000000f20b41f0, 0x00000000f8c00000)
  to   space 197632K,   0% used [0x00000000e0a00000, 0x00000000e0a00000, 0x00000000ecb00000)
 tenured generation   total 3952600K, used 3828694K [0x0000000300150000, 0x00000003f1546000, 0x0000000800000000)
   the space 3952600K,  96% used [0x0000000300150000, 0x00000003e9c45a70, 0x00000003e9c45c00, 0x00000003f1546000)
 Metaspace       used 22783K, capacity 23360K, committed 23680K, reserved 1071104K
  class space    used 2354K, capacity 2568K, committed 2688K, reserved 1048576K
}
Event: 708.934 GC heap before
{Heap before GC invocations=645 (full 22):
 def new generation   total 1778688K, used 1668816K [0x0000000080200000, 0x00000000f8c00000, 0x0000000300150000)
  eden space 1581056K, 100% used [0x0000000080200000, 0x00000000e0a00000, 0x00000000e0a00000)
  from space 197632K,  44% used [0x00000000ecb00000, 0x00000000f20b41f0, 0x00000000f8c00000)
  to   space 197632K,   0% used [0x00000000e0a00000, 0x00000000e0a00000, 0x00000000ecb00000)
 tenured generation   total 3952600K, used 3828694K [0x0000000300150000, 0x00000003f1546000, 0x0000000800000000)
   the space 3952600K,  96% used [0x0000000300150000, 0x00000003e9c45a70, 0x00000003e9c45c00, 0x00000003f1546000)
 Metaspace       used 22783K, capacity 23360K, committed 23680K, reserved 1071104K
  class space    used 2354K, capacity 2568K, committed 2688K, reserved 1048576K
}
Event: 709.050 GC heap after
{Heap after GC invocations=646 (full 22):
 def new generation   total 1778688K, used 182071K [0x0000000080200000, 0x00000000f8c00000, 0x0000000300150000)
  eden space 1581056K,   0% used [0x0000000080200000, 0x0000000080200000, 0x00000000e0a00000)
  from space 197632K,  92% used [0x00000000e0a00000, 0x00000000ebbcdc18, 0x00000000ecb00000)
  to   space 197632K,   0% used [0x00000000ecb00000, 0x00000000ecb00000, 0x00000000f8c00000)
 tenured generation   total 3952600K, used 3828694K [0x0000000300150000, 0x00000003f1546000, 0x0000000800000000)
   the space 3952600K,  96% used [0x0000000300150000, 0x00000003e9c45a70, 0x00000003e9c45c00, 0x00000003f1546000)
 Metaspace       used 22783K, capacity 23360K, committed 23680K, reserved 1071104K
  class space    used 2354K, capacity 2568K, committed 2688K, reserved 1048576K
}
Event: 710.437 GC heap before
{Heap before GC invocations=646 (full 22):
 def new generation   total 1778688K, used 1763127K [0x0000000080200000, 0x00000000f8c00000, 0x0000000300150000)
  eden space 1581056K, 100% used [0x0000000080200000, 0x00000000e0a00000, 0x00000000e0a00000)
  from space 197632K,  92% used [0x00000000e0a00000, 0x00000000ebbcdc18, 0x00000000ecb00000)
  to   space 197632K,   0% used [0x00000000ecb00000, 0x00000000ecb00000, 0x00000000f8c00000)
 tenured generation   total 3952600K, used 3828694K [0x0000000300150000, 0x00000003f1546000, 0x0000000800000000)
   the space 3952600K,  96% used [0x0000000300150000, 0x00000003e9c45a70, 0x00000003e9c45c00, 0x00000003f1546000)
 Metaspace       used 22783K, capacity 23360K, committed 23680K, reserved 1071104K
  class space    used 2354K, capacity 2568K, committed 2688K, reserved 1048576K
}
Event: 710.675 GC heap after
{Heap after GC invocations=647 (full 22):
 def new generation   total 1778688K, used 189118K [0x0000000080200000, 0x00000000f8c00000, 0x0000000300150000)
  eden space 1581056K,   0% used [0x0000000080200000, 0x0000000080200000, 0x00000000e0a00000)
  from space 197632K,  95% used [0x00000000ecb00000, 0x00000000f83afa10, 0x00000000f8c00000)
  to   space 197632K,   0% used [0x00000000e0a00000, 0x00000000e0a00000, 0x00000000ecb00000)
 tenured generation   total 3952600K, used 3915938K [0x0000000300150000, 0x00000003f1546000, 0x0000000800000000)
   the space 3952600K,  99% used [0x0000000300150000, 0x00000003ef178b48, 0x00000003ef178c00, 0x00000003f1546000)
 Metaspace       used 22783K, capacity 23360K, committed 23680K, reserved 1071104K
  class space    used 2354K, capacity 2568K, committed 2688K, reserved 1048576K
}
Event: 712.067 GC heap before
{Heap before GC invocations=647 (full 22):
 def new generation   total 1778688K, used 1770174K [0x0000000080200000, 0x00000000f8c00000, 0x0000000300150000)
  eden space 1581056K, 100% used [0x0000000080200000, 0x00000000e0a00000, 0x00000000e0a00000)
  from space 197632K,  95% used [0x00000000ecb00000, 0x00000000f83afa10, 0x00000000f8c00000)
  to   space 197632K,   0% used [0x00000000e0a00000, 0x00000000e0a00000, 0x00000000ecb00000)
 tenured generation   total 3952600K, used 3915938K [0x0000000300150000, 0x00000003f1546000, 0x0000000800000000)
   the space 3952600K,  99% used [0x0000000300150000, 0x00000003ef178b48, 0x00000003ef178c00, 0x00000003f1546000)
 Metaspace       used 22783K, capacity 23360K, committed 23680K, reserved 1071104K
  class space    used 2354K, capacity 2568K, committed 2688K, reserved 1048576K
}
Event: 712.158 GC heap after
{Heap after GC invocations=648 (full 22):
 def new generation   total 1778688K, used 103287K [0x0000000080200000, 0x00000000f8c00000, 0x0000000300150000)
  eden space 1581056K,   0% used [0x0000000080200000, 0x0000000080200000, 0x00000000e0a00000)
  from space 197632K,  52% used [0x00000000e0a00000, 0x00000000e6eddea0, 0x00000000ecb00000)
  to   space 197632K,   0% used [0x00000000ecb00000, 0x00000000ecb00000, 0x00000000f8c00000)
 tenured generation   total 3952600K, used 3923165K [0x0000000300150000, 0x00000003f1546000, 0x0000000800000000)
   the space 3952600K,  99% used [0x0000000300150000, 0x00000003ef8877b8, 0x00000003ef887800, 0x00000003f1546000)
 Metaspace       used 22783K, capacity 23360K, committed 23680K, reserved 1071104K
  class space    used 2354K, capacity 2568K, committed 2688K, reserved 1048576K
}
Event: 713.540 GC heap before
{Heap before GC invocations=648 (full 22):
 def new generation   total 1778688K, used 1684343K [0x0000000080200000, 0x00000000f8c00000, 0x0000000300150000)
  eden space 1581056K, 100% used [0x0000000080200000, 0x00000000e0a00000, 0x00000000e0a00000)
  from space 197632K,  52% used [0x00000000e0a00000, 0x00000000e6eddea0, 0x00000000ecb00000)
  to   space 197632K,   0% used [0x00000000ecb00000, 0x00000000ecb00000, 0x00000000f8c00000)
 tenured generation   total 3952600K, used 3923165K [0x0000000300150000, 0x00000003f1546000, 0x0000000800000000)
   the space 3952600K,  99% used [0x0000000300150000, 0x00000003ef8877b8, 0x00000003ef887800, 0x00000003f1546000)
 Metaspace       used 22783K, capacity 23360K, committed 23680K, reserved 1071104K
  class space    used 2354K, capacity 2568K, committed 2688K, reserved 1048576K
}
Event: 713.688 GC heap after
{Heap after GC invocations=649 (full 22):
 def new generation   total 1778688K, used 189828K [0x0000000080200000, 0x00000000f8c00000, 0x0000000300150000)
  eden space 1581056K,   0% used [0x0000000080200000, 0x0000000080200000, 0x00000000e0a00000)
  from space 197632K,  96% used [0x00000000ecb00000, 0x00000000f8461158, 0x00000000f8c00000)
  to   space 197632K,   0% used [0x00000000e0a00000, 0x00000000e0a00000, 0x00000000ecb00000)
 tenured generation   total 3952600K, used 3930915K [0x0000000300150000, 0x00000003f1546000, 0x0000000800000000)
   the space 3952600K,  99% used [0x0000000300150000, 0x00000003f0018e98, 0x00000003f0019000, 0x00000003f1546000)
 Metaspace       used 22783K, capacity 23360K, committed 23680K, reserved 1071104K
  class space    used 2354K, capacity 2568K, committed 2688K, reserved 1048576K
}
Event: 715.088 GC heap before
{Heap before GC invocations=649 (full 22):
 def new generation   total 1778688K, used 1770884K [0x0000000080200000, 0x00000000f8c00000, 0x0000000300150000)
  eden space 1581056K, 100% used [0x0000000080200000, 0x00000000e0a00000, 0x00000000e0a00000)
  from space 197632K,  96% used [0x00000000ecb00000, 0x00000000f8461158, 0x00000000f8c00000)
  to   space 197632K,   0% used [0x00000000e0a00000, 0x00000000e0a00000, 0x00000000ecb00000)
 tenured generation   total 3952600K, used 3930915K [0x0000000300150000, 0x00000003f1546000, 0x0000000800000000)
   the space 3952600K,  99% used [0x0000000300150000, 0x00000003f0018e98, 0x00000003f0019000, 0x00000003f1546000)
 Metaspace       used 22783K, capacity 23360K, committed 23680K, reserved 1071104K
  class space    used 2354K, capacity 2568K, committed 2688K, reserved 1048576K
}
Event: 715.324 GC heap after
{Heap after GC invocations=650 (full 22):
 def new generation   total 1778688K, used 189123K [0x0000000080200000, 0x00000000f8c00000, 0x0000000300150000)
  eden space 1581056K,   0% used [0x0000000080200000, 0x0000000080200000, 0x00000000e0a00000)
  from space 197632K,  95% used [0x00000000e0a00000, 0x00000000ec2b0dc0, 0x00000000ecb00000)
  to   space 197632K,   0% used [0x00000000ecb00000, 0x00000000ecb00000, 0x00000000f8c00000)
 tenured generation   total 4026140K, used 4025926K [0x0000000300150000, 0x00000003f5d17000, 0x0000000800000000)
   the space 4026140K,  99% used [0x0000000300150000, 0x00000003f5ce1b80, 0x00000003f5ce1c00, 0x00000003f5d17000)
 Metaspace       used 22783K, capacity 23360K, committed 23680K, reserved 1071104K
  class space    used 2354K, capacity 2568K, committed 2688K, reserved 1048576K
}
Event: 715.324 GC heap before
{Heap before GC invocations=650 (full 22):
 def new generation   total 1778688K, used 189123K [0x0000000080200000, 0x00000000f8c00000, 0x0000000300150000)
  eden space 1581056K,   0% used [0x0000000080200000, 0x0000000080200000, 0x00000000e0a00000)
  from space 197632K,  95% used [0x00000000e0a00000, 0x00000000ec2b0dc0, 0x00000000ecb00000)
  to   space 197632K,   0% used [0x00000000ecb00000, 0x00000000ecb00000, 0x00000000f8c00000)
 tenured generation   total 4026140K, used 4025926K [0x0000000300150000, 0x00000003f5d17000, 0x0000000800000000)
   the space 4026140K,  99% used [0x0000000300150000, 0x00000003f5ce1b80, 0x00000003f5ce1c00, 0x00000003f5d17000)
 Metaspace       used 22783K, capacity 23360K, committed 23680K, reserved 1071104K
  class space    used 2354K, capacity 2568K, committed 2688K, reserved 1048576K
}

