# JRE version: OpenJDK Runtime Environment (13.0.7+5) (build 13.0.7+5-Ubuntu-0ubuntu120.04)
# Java VM: OpenJDK 64-Bit Server VM (13.0.7+5-Ubuntu-0ubuntu120.04, mixed mode, tiered, serial gc, linux-amd64)
Heap:
 def new generation   total 2915712K, used 36907K [0x00007f49e4600000, 0x00007f4aaa1b0000, 0x00007f4f39b50000)
  eden space 2591808K,   1% used [0x00007f49e4600000, 0x00007f49e6a0ace0, 0x00007f4a82910000)
  from space 323904K,   0% used [0x00007f4a96560000, 0x00007f4a96560000, 0x00007f4aaa1b0000)
  to   space 323904K,   0% used [0x00007f4a82910000, 0x00007f4a82910000, 0x00007f4a96560000)
 tenured generation   total 6482028K, used 6482027K [0x00007f4f39b50000, 0x00007f50c556b000, 0x00007f59e4600000)
   the space 6482028K,  99% used [0x00007f4f39b50000, 0x00007f50c556aff8, 0x00007f50c556b000, 0x00007f50c556b000)
 Metaspace       used 24202K, capacity 24585K, committed 24832K, reserved 26624K
GC Heap History (20 events):
Event: 6248.049 GC heap after
{Heap after GC invocations=5467 (full 4):
 def new generation   total 2915712K, used 43865K [0x00007f49e4600000, 0x00007f4aaa1b0000, 0x00007f4f39b50000)
  eden space 2591808K,   0% used [0x00007f49e4600000, 0x00007f49e4600000, 0x00007f4a82910000)
  from space 323904K,  13% used [0x00007f4a82910000, 0x00007f4a853e65b0, 0x00007f4a96560000)
  to   space 323904K,   0% used [0x00007f4a96560000, 0x00007f4a96560000, 0x00007f4aaa1b0000)
 tenured generation   total 6479148K, used 6452823K [0x00007f4f39b50000, 0x00007f50c529b000, 0x00007f59e4600000)
   the space 6479148K,  99% used [0x00007f4f39b50000, 0x00007f50c38e5d60, 0x00007f50c38e5e00, 0x00007f50c529b000)
 Metaspace       used 24202K, capacity 24585K, committed 24832K, reserved 26624K
}
Event: 6250.414 GC heap before
{Heap before GC invocations=5467 (full 4):
 def new generation   total 2915712K, used 2635673K [0x00007f49e4600000, 0x00007f4aaa1b0000, 0x00007f4f39b50000)
  eden space 2591808K, 100% used [0x00007f49e4600000, 0x00007f4a82910000, 0x00007f4a82910000)
  from space 323904K,  13% used [0x00007f4a82910000, 0x00007f4a853e65b0, 0x00007f4a96560000)
  to   space 323904K,   0% used [0x00007f4a96560000, 0x00007f4a96560000, 0x00007f4aaa1b0000)
 tenured generation   total 6479148K, used 6452823K [0x00007f4f39b50000, 0x00007f50c529b000, 0x00007f59e4600000)
   the space 6479148K,  99% used [0x00007f4f39b50000, 0x00007f50c38e5d60, 0x00007f50c38e5e00, 0x00007f50c529b000)
 Metaspace       used 24202K, capacity 24585K, committed 24832K, reserved 26624K
}
Event: 6250.523 GC heap after
{Heap after GC invocations=5468 (full 4):
 def new generation   total 2915712K, used 44093K [0x00007f49e4600000, 0x00007f4aaa1b0000, 0x00007f4f39b50000)
  eden space 2591808K,   0% used [0x00007f49e4600000, 0x00007f49e4600000, 0x00007f4a82910000)
  from space 323904K,  13% used [0x00007f4a96560000, 0x00007f4a9906f608, 0x00007f4aaa1b0000)
  to   space 323904K,   0% used [0x00007f4a82910000, 0x00007f4a82910000, 0x00007f4a96560000)
 tenured generation   total 6479148K, used 6455106K [0x00007f4f39b50000, 0x00007f50c529b000, 0x00007f59e4600000)
   the space 6479148K,  99% used [0x00007f4f39b50000, 0x00007f50c3b20a90, 0x00007f50c3b20c00, 0x00007f50c529b000)
 Metaspace       used 24202K, capacity 24585K, committed 24832K, reserved 26624K
}
Event: 6252.869 GC heap before
{Heap before GC invocations=5468 (full 4):
 def new generation   total 2915712K, used 2635901K [0x00007f49e4600000, 0x00007f4aaa1b0000, 0x00007f4f39b50000)
  eden space 2591808K, 100% used [0x00007f49e4600000, 0x00007f4a82910000, 0x00007f4a82910000)
  from space 323904K,  13% used [0x00007f4a96560000, 0x00007f4a9906f608, 0x00007f4aaa1b0000)
  to   space 323904K,   0% used [0x00007f4a82910000, 0x00007f4a82910000, 0x00007f4a96560000)
 tenured generation   total 6479148K, used 6455106K [0x00007f4f39b50000, 0x00007f50c529b000, 0x00007f59e4600000)
   the space 6479148K,  99% used [0x00007f4f39b50000, 0x00007f50c3b20a90, 0x00007f50c3b20c00, 0x00007f50c529b000)
 Metaspace       used 24202K, capacity 24585K, committed 24832K, reserved 26624K
}
Event: 6252.982 GC heap after
{Heap after GC invocations=5469 (full 4):
 def new generation   total 2915712K, used 43355K [0x00007f49e4600000, 0x00007f4aaa1b0000, 0x00007f4f39b50000)
  eden space 2591808K,   0% used [0x00007f49e4600000, 0x00007f49e4600000, 0x00007f4a82910000)
  from space 323904K,  13% used [0x00007f4a82910000, 0x00007f4a85366e30, 0x00007f4a96560000)
  to   space 323904K,   0% used [0x00007f4a96560000, 0x00007f4a96560000, 0x00007f4aaa1b0000)
 tenured generation   total 6479148K, used 6458155K [0x00007f4f39b50000, 0x00007f50c529b000, 0x00007f59e4600000)
   the space 6479148K,  99% used [0x00007f4f39b50000, 0x00007f50c3e1ad20, 0x00007f50c3e1ae00, 0x00007f50c529b000)
 Metaspace       used 24202K, capacity 24585K, committed 24832K, reserved 26624K
}
Event: 6255.259 GC heap before
{Heap before GC invocations=5469 (full 4):
 def new generation   total 2915712K, used 2635163K [0x00007f49e4600000, 0x00007f4aaa1b0000, 0x00007f4f39b50000)
  eden space 2591808K, 100% used [0x00007f49e4600000, 0x00007f4a82910000, 0x00007f4a82910000)
  from space 323904K,  13% used [0x00007f4a82910000, 0x00007f4a85366e30, 0x00007f4a96560000)
  to   space 323904K,   0% used [0x00007f4a96560000, 0x00007f4a96560000, 0x00007f4aaa1b0000)
 tenured generation   total 6479148K, used 6458155K [0x00007f4f39b50000, 0x00007f50c529b000, 0x00007f59e4600000)
   the space 6479148K,  99% used [0x00007f4f39b50000, 0x00007f50c3e1ad20, 0x00007f50c3e1ae00, 0x00007f50c529b000)
 Metaspace       used 24202K, capacity 24585K, committed 24832K, reserved 26624K
}
Event: 6255.377 GC heap after
{Heap after GC invocations=5470 (full 4):
 def new generation   total 2915712K, used 42771K [0x00007f49e4600000, 0x00007f4aaa1b0000, 0x00007f4f39b50000)
  eden space 2591808K,   0% used [0x00007f49e4600000, 0x00007f49e4600000, 0x00007f4a82910000)
  from space 323904K,  13% used [0x00007f4a96560000, 0x00007f4a98f24e08, 0x00007f4aaa1b0000)
  to   space 323904K,   0% used [0x00007f4a82910000, 0x00007f4a82910000, 0x00007f4a96560000)
 tenured generation   total 6479148K, used 6461225K [0x00007f4f39b50000, 0x00007f50c529b000, 0x00007f59e4600000)
   the space 6479148K,  99% used [0x00007f4f39b50000, 0x00007f50c411a670, 0x00007f50c411a800, 0x00007f50c529b000)
 Metaspace       used 24202K, capacity 24585K, committed 24832K, reserved 26624K
}
Event: 6257.650 GC heap before
{Heap before GC invocations=5470 (full 4):
 def new generation   total 2915712K, used 2634579K [0x00007f49e4600000, 0x00007f4aaa1b0000, 0x00007f4f39b50000)
  eden space 2591808K, 100% used [0x00007f49e4600000, 0x00007f4a82910000, 0x00007f4a82910000)
  from space 323904K,  13% used [0x00007f4a96560000, 0x00007f4a98f24e08, 0x00007f4aaa1b0000)
  to   space 323904K,   0% used [0x00007f4a82910000, 0x00007f4a82910000, 0x00007f4a96560000)
 tenured generation   total 6479148K, used 6461225K [0x00007f4f39b50000, 0x00007f50c529b000, 0x00007f59e4600000)
   the space 6479148K,  99% used [0x00007f4f39b50000, 0x00007f50c411a670, 0x00007f50c411a800, 0x00007f50c529b000)
 Metaspace       used 24202K, capacity 24585K, committed 24832K, reserved 26624K
}
Event: 6257.756 GC heap after
{Heap after GC invocations=5471 (full 4):
 def new generation   total 2915712K, used 42840K [0x00007f49e4600000, 0x00007f4aaa1b0000, 0x00007f4f39b50000)
  eden space 2591808K,   0% used [0x00007f49e4600000, 0x00007f49e4600000, 0x00007f4a82910000)
  from space 323904K,  13% used [0x00007f4a82910000, 0x00007f4a852e6260, 0x00007f4a96560000)
  to   space 323904K,   0% used [0x00007f4a96560000, 0x00007f4a96560000, 0x00007f4aaa1b0000)
 tenured generation   total 6479148K, used 6463650K [0x00007f4f39b50000, 0x00007f50c529b000, 0x00007f59e4600000)
   the space 6479148K,  99% used [0x00007f4f39b50000, 0x00007f50c4378b28, 0x00007f50c4378c00, 0x00007f50c529b000)
 Metaspace       used 24202K, capacity 24585K, committed 24832K, reserved 26624K
}
Event: 6260.093 GC heap before
{Heap before GC invocations=5471 (full 4):
 def new generation   total 2915712K, used 2634648K [0x00007f49e4600000, 0x00007f4aaa1b0000, 0x00007f4f39b50000)
  eden space 2591808K, 100% used [0x00007f49e4600000, 0x00007f4a82910000, 0x00007f4a82910000)
  from space 323904K,  13% used [0x00007f4a82910000, 0x00007f4a852e6260, 0x00007f4a96560000)
  to   space 323904K,   0% used [0x00007f4a96560000, 0x00007f4a96560000, 0x00007f4aaa1b0000)
 tenured generation   total 6479148K, used 6463650K [0x00007f4f39b50000, 0x00007f50c529b000, 0x00007f59e4600000)
   the space 6479148K,  99% used [0x00007f4f39b50000, 0x00007f50c4378b28, 0x00007f50c4378c00, 0x00007f50c529b000)
 Metaspace       used 24202K, capacity 24585K, committed 24832K, reserved 26624K
}
Event: 6260.191 GC heap after
{Heap after GC invocations=5472 (full 4):
 def new generation   total 2915712K, used 42466K [0x00007f49e4600000, 0x00007f4aaa1b0000, 0x00007f4f39b50000)
  eden space 2591808K,   0% used [0x00007f49e4600000, 0x00007f49e4600000, 0x00007f4a82910000)
  from space 323904K,  13% used [0x00007f4a96560000, 0x00007f4a98ed8a10, 0x00007f4aaa1b0000)
  to   space 323904K,   0% used [0x00007f4a82910000, 0x00007f4a82910000, 0x00007f4a96560000)
 tenured generation   total 6479148K, used 6466397K [0x00007f4f39b50000, 0x00007f50c529b000, 0x00007f59e4600000)
   the space 6479148K,  99% used [0x00007f4f39b50000, 0x00007f50c4627418, 0x00007f50c4627600, 0x00007f50c529b000)
 Metaspace       used 24202K, capacity 24585K, committed 24832K, reserved 26624K
}
Event: 6262.533 GC heap before
{Heap before GC invocations=5472 (full 4):
 def new generation   total 2915712K, used 2634274K [0x00007f49e4600000, 0x00007f4aaa1b0000, 0x00007f4f39b50000)
  eden space 2591808K, 100% used [0x00007f49e4600000, 0x00007f4a82910000, 0x00007f4a82910000)
  from space 323904K,  13% used [0x00007f4a96560000, 0x00007f4a98ed8a10, 0x00007f4aaa1b0000)
  to   space 323904K,   0% used [0x00007f4a82910000, 0x00007f4a82910000, 0x00007f4a96560000)
 tenured generation   total 6479148K, used 6466397K [0x00007f4f39b50000, 0x00007f50c529b000, 0x00007f59e4600000)
   the space 6479148K,  99% used [0x00007f4f39b50000, 0x00007f50c4627418, 0x00007f50c4627600, 0x00007f50c529b000)
 Metaspace       used 24202K, capacity 24585K, committed 24832K, reserved 26624K
}
Event: 6262.627 GC heap after
{Heap after GC invocations=5473 (full 4):
 def new generation   total 2915712K, used 41779K [0x00007f49e4600000, 0x00007f4aaa1b0000, 0x00007f4f39b50000)
  eden space 2591808K,   0% used [0x00007f49e4600000, 0x00007f49e4600000, 0x00007f4a82910000)
  from space 323904K,  12% used [0x00007f4a82910000, 0x00007f4a851dcd08, 0x00007f4a96560000)
  to   space 323904K,   0% used [0x00007f4a96560000, 0x00007f4a96560000, 0x00007f4aaa1b0000)
 tenured generation   total 6479148K, used 6469467K [0x00007f4f39b50000, 0x00007f50c529b000, 0x00007f59e4600000)
   the space 6479148K,  99% used [0x00007f4f39b50000, 0x00007f50c4926d68, 0x00007f50c4926e00, 0x00007f50c529b000)
 Metaspace       used 24202K, capacity 24585K, committed 24832K, reserved 26624K
}
Event: 6264.977 GC heap before
{Heap before GC invocations=5473 (full 4):
 def new generation   total 2915712K, used 2633587K [0x00007f49e4600000, 0x00007f4aaa1b0000, 0x00007f4f39b50000)
  eden space 2591808K, 100% used [0x00007f49e4600000, 0x00007f4a82910000, 0x00007f4a82910000)
  from space 323904K,  12% used [0x00007f4a82910000, 0x00007f4a851dcd08, 0x00007f4a96560000)
  to   space 323904K,   0% used [0x00007f4a96560000, 0x00007f4a96560000, 0x00007f4aaa1b0000)
 tenured generation   total 6479148K, used 6469467K [0x00007f4f39b50000, 0x00007f50c529b000, 0x00007f59e4600000)
   the space 6479148K,  99% used [0x00007f4f39b50000, 0x00007f50c4926d68, 0x00007f50c4926e00, 0x00007f50c529b000)
 Metaspace       used 24202K, capacity 24585K, committed 24832K, reserved 26624K
}
Event: 6265.070 GC heap after
{Heap after GC invocations=5474 (full 4):
 def new generation   total 2915712K, used 41590K [0x00007f49e4600000, 0x00007f4aaa1b0000, 0x00007f4f39b50000)
  eden space 2591808K,   0% used [0x00007f49e4600000, 0x00007f49e4600000, 0x00007f4a82910000)
  from space 323904K,  12% used [0x00007f4a96560000, 0x00007f4a98dfd9b8, 0x00007f4aaa1b0000)
  to   space 323904K,   0% used [0x00007f4a82910000, 0x00007f4a82910000, 0x00007f4a96560000)
 tenured generation   total 6479148K, used 6472141K [0x00007f4f39b50000, 0x00007f50c529b000, 0x00007f59e4600000)
   the space 6479148K,  99% used [0x00007f4f39b50000, 0x00007f50c4bc3630, 0x00007f50c4bc3800, 0x00007f50c529b000)
 Metaspace       used 24202K, capacity 24585K, committed 24832K, reserved 26624K
}
Event: 6267.407 GC heap before
{Heap before GC invocations=5474 (full 4):
 def new generation   total 2915712K, used 2633398K [0x00007f49e4600000, 0x00007f4aaa1b0000, 0x00007f4f39b50000)
  eden space 2591808K, 100% used [0x00007f49e4600000, 0x00007f4a82910000, 0x00007f4a82910000)
  from space 323904K,  12% used [0x00007f4a96560000, 0x00007f4a98dfd9b8, 0x00007f4aaa1b0000)
  to   space 323904K,   0% used [0x00007f4a82910000, 0x00007f4a82910000, 0x00007f4a96560000)
 tenured generation   total 6479148K, used 6472141K [0x00007f4f39b50000, 0x00007f50c529b000, 0x00007f59e4600000)
   the space 6479148K,  99% used [0x00007f4f39b50000, 0x00007f50c4bc3630, 0x00007f50c4bc3800, 0x00007f50c529b000)
 Metaspace       used 24202K, capacity 24585K, committed 24832K, reserved 26624K
}
Event: 6267.502 GC heap after
{Heap after GC invocations=5475 (full 4):
 def new generation   total 2915712K, used 39678K [0x00007f49e4600000, 0x00007f4aaa1b0000, 0x00007f4f39b50000)
  eden space 2591808K,   0% used [0x00007f49e4600000, 0x00007f49e4600000, 0x00007f4a82910000)
  from space 323904K,  12% used [0x00007f4a82910000, 0x00007f4a84fcfb48, 0x00007f4a96560000)
  to   space 323904K,   0% used [0x00007f4a96560000, 0x00007f4a96560000, 0x00007f4aaa1b0000)
 tenured generation   total 6479148K, used 6476742K [0x00007f4f39b50000, 0x00007f50c529b000, 0x00007f59e4600000)
   the space 6479148K,  99% used [0x00007f4f39b50000, 0x00007f50c5041a10, 0x00007f50c5041c00, 0x00007f50c529b000)
 Metaspace       used 24202K, capacity 24585K, committed 24832K, reserved 26624K
}
Event: 6269.876 GC heap before
{Heap before GC invocations=5475 (full 4):
 def new generation   total 2915712K, used 2631486K [0x00007f49e4600000, 0x00007f4aaa1b0000, 0x00007f4f39b50000)
  eden space 2591808K, 100% used [0x00007f49e4600000, 0x00007f4a82910000, 0x00007f4a82910000)
  from space 323904K,  12% used [0x00007f4a82910000, 0x00007f4a84fcfb48, 0x00007f4a96560000)
  to   space 323904K,   0% used [0x00007f4a96560000, 0x00007f4a96560000, 0x00007f4aaa1b0000)
 tenured generation   total 6479148K, used 6476742K [0x00007f4f39b50000, 0x00007f50c529b000, 0x00007f59e4600000)
   the space 6479148K,  99% used [0x00007f4f39b50000, 0x00007f50c5041a10, 0x00007f50c5041c00, 0x00007f50c529b000)
 Metaspace       used 24202K, capacity 24585K, committed 24832K, reserved 26624K
}
Event: 6269.972 GC heap after
{Heap after GC invocations=5476 (full 4):
 def new generation   total 2915712K, used 36993K [0x00007f49e4600000, 0x00007f4aaa1b0000, 0x00007f4f39b50000)
  eden space 2591808K,   0% used [0x00007f49e4600000, 0x00007f49e4600000, 0x00007f4a82910000)
  from space 323904K,  11% used [0x00007f4a96560000, 0x00007f4a989807c0, 0x00007f4aaa1b0000)
  to   space 323904K,   0% used [0x00007f4a82910000, 0x00007f4a82910000, 0x00007f4a96560000)
 tenured generation   total 6482028K, used 6481941K [0x00007f4f39b50000, 0x00007f50c556b000, 0x00007f59e4600000)
   the space 6482028K,  99% used [0x00007f4f39b50000, 0x00007f50c5555518, 0x00007f50c5555600, 0x00007f50c556b000)
 Metaspace       used 24202K, capacity 24585K, committed 24832K, reserved 26624K
}
Event: 6269.972 GC heap before
{Heap before GC invocations=5476 (full 4):
 def new generation   total 2915712K, used 36993K [0x00007f49e4600000, 0x00007f4aaa1b0000, 0x00007f4f39b50000)
  eden space 2591808K,   0% used [0x00007f49e4600000, 0x00007f49e4600000, 0x00007f4a82910000)
  from space 323904K,  11% used [0x00007f4a96560000, 0x00007f4a989807c0, 0x00007f4aaa1b0000)
  to   space 323904K,   0% used [0x00007f4a82910000, 0x00007f4a82910000, 0x00007f4a96560000)
 tenured generation   total 6482028K, used 6481941K [0x00007f4f39b50000, 0x00007f50c556b000, 0x00007f59e4600000)
   the space 6482028K,  99% used [0x00007f4f39b50000, 0x00007f50c5555518, 0x00007f50c5555600, 0x00007f50c556b000)
 Metaspace       used 24202K, capacity 24585K, committed 24832K, reserved 26624K
}

