# JRE version: OpenJDK Runtime Environment (13.0.7+5) (build 13.0.7+5-Ubuntu-0ubuntu120.04)
# Java VM: OpenJDK 64-Bit Server VM (13.0.7+5-Ubuntu-0ubuntu120.04, mixed mode, tiered, serial gc, linux-amd64)
Heap:
 def new generation   total 3157568K, used 2151827K [0x00007f5924600000, 0x00007f59fa820000, 0x00007f5e79b50000)
  eden space 2806784K,  76% used [0x00007f5924600000, 0x00007f59a7b64c80, 0x00007f59cfb00000)
  from space 350784K,   0% used [0x00007f59e5190000, 0x00007f59e51900a8, 0x00007f59fa820000)
  to   space 350784K,   0% used [0x00007f59cfb00000, 0x00007f59cfb00248, 0x00007f59e5190000)
 tenured generation   total 7016648K, used 6307140K [0x00007f5e79b50000, 0x00007f6025f82000, 0x00007f6924600000)
   the space 7016648K,  89% used [0x00007f5e79b50000, 0x00007f5ffaaa1158, 0x00007f5ffaaa1200, 0x00007f6025f82000)
 Metaspace       used 23222K, capacity 23545K, committed 23552K, reserved 24576K
GC Heap History (15 events):
Event: 2.472 GC heap before
{Heap before GC invocations=0 (full 0):
 def new generation   total 629120K, used 123036K [0x00007f5924600000, 0x00007f594f0a0000, 0x00007f5e79b50000)
  eden space 559232K,  22% used [0x00007f5924600000, 0x00007f592be27058, 0x00007f5946820000)
  from space 69888K,   0% used [0x00007f5946820000, 0x00007f5946820000, 0x00007f594ac60000)
  to   space 69888K,   0% used [0x00007f594ac60000, 0x00007f594ac60000, 0x00007f594f0a0000)
 tenured generation   total 1398144K, used 0K [0x00007f5e79b50000, 0x00007f5ecf0b0000, 0x00007f6924600000)
   the space 1398144K,   0% used [0x00007f5e79b50000, 0x00007f5e79b50000, 0x00007f5e79b50200, 0x00007f5ecf0b0000)
 Metaspace       used 20930K, capacity 21222K, committed 21248K, reserved 22528K
}
Event: 2.529 GC heap after
{Heap after GC invocations=1 (full 1):
 def new generation   total 629248K, used 0K [0x00007f5924600000, 0x00007f594f0c0000, 0x00007f5e79b50000)
  eden space 559360K,   0% used [0x00007f5924600000, 0x00007f5924600000, 0x00007f5946840000)
  from space 69888K,   0% used [0x00007f5946840000, 0x00007f5946840000, 0x00007f594ac80000)
  to   space 69888K,   0% used [0x00007f594ac80000, 0x00007f594ac80000, 0x00007f594f0c0000)
 tenured generation   total 1398144K, used 13624K [0x00007f5e79b50000, 0x00007f5ecf0b0000, 0x00007f6924600000)
   the space 1398144K,   0% used [0x00007f5e79b50000, 0x00007f5e7a89e2b8, 0x00007f5e7a89e400, 0x00007f5ecf0b0000)
 Metaspace       used 20930K, capacity 21222K, committed 21248K, reserved 22528K
}
Event: 3.948 GC heap before
{Heap before GC invocations=1 (full 1):
 def new generation   total 629248K, used 559360K [0x00007f5924600000, 0x00007f594f0c0000, 0x00007f5e79b50000)
  eden space 559360K, 100% used [0x00007f5924600000, 0x00007f5946840000, 0x00007f5946840000)
  from space 69888K,   0% used [0x00007f5946840000, 0x00007f5946840000, 0x00007f594ac80000)
  to   space 69888K,   0% used [0x00007f594ac80000, 0x00007f594ac80000, 0x00007f594f0c0000)
 tenured generation   total 1398144K, used 13624K [0x00007f5e79b50000, 0x00007f5ecf0b0000, 0x00007f6924600000)
   the space 1398144K,   0% used [0x00007f5e79b50000, 0x00007f5e7a89e2b8, 0x00007f5e7a89e400, 0x00007f5ecf0b0000)
 Metaspace       used 23032K, capacity 23403K, committed 23552K, reserved 24576K
}
Event: 3.954 GC heap after
{Heap after GC invocations=2 (full 1):
 def new generation   total 629248K, used 723K [0x00007f5924600000, 0x00007f594f0c0000, 0x00007f5e79b50000)
  eden space 559360K,   0% used [0x00007f5924600000, 0x00007f5924600000, 0x00007f5946840000)
  from space 69888K,   1% used [0x00007f594ac80000, 0x00007f594ad34e80, 0x00007f594f0c0000)
  to   space 69888K,   0% used [0x00007f5946840000, 0x00007f5946840000, 0x00007f594ac80000)
 tenured generation   total 1398144K, used 13624K [0x00007f5e79b50000, 0x00007f5ecf0b0000, 0x00007f6924600000)
   the space 1398144K,   0% used [0x00007f5e79b50000, 0x00007f5e7a89e2b8, 0x00007f5e7a89e400, 0x00007f5ecf0b0000)
 Metaspace       used 23032K, capacity 23403K, committed 23552K, reserved 24576K
}
Event: 4.487 GC heap before
{Heap before GC invocations=2 (full 1):
 def new generation   total 629248K, used 337432K [0x00007f5924600000, 0x00007f594f0c0000, 0x00007f5e79b50000)
  eden space 559360K,  60% used [0x00007f5924600000, 0x00007f5938ed11e0, 0x00007f5946840000)
  from space 69888K,   1% used [0x00007f594ac80000, 0x00007f594ad34e80, 0x00007f594f0c0000)
  to   space 69888K,   0% used [0x00007f5946840000, 0x00007f5946840000, 0x00007f594ac80000)
 tenured generation   total 1398144K, used 13624K [0x00007f5e79b50000, 0x00007f5ecf0b0000, 0x00007f6924600000)
   the space 1398144K,   0% used [0x00007f5e79b50000, 0x00007f5e7a89e2b8, 0x00007f5e7a89e400, 0x00007f5ecf0b0000)
 Metaspace       used 23222K, capacity 23545K, committed 23552K, reserved 24576K
}
Event: 4.491 GC heap after
{Heap after GC invocations=3 (full 1):
 def new generation   total 629248K, used 2065K [0x00007f5924600000, 0x00007f594f0c0000, 0x00007f5e79b50000)
  eden space 559360K,   0% used [0x00007f5924600000, 0x00007f5924600000, 0x00007f5946840000)
  from space 69888K,   2% used [0x00007f5946840000, 0x00007f5946a445a8, 0x00007f594ac80000)
  to   space 69888K,   0% used [0x00007f594ac80000, 0x00007f594ac80000, 0x00007f594f0c0000)
 tenured generation   total 1398144K, used 13624K [0x00007f5e79b50000, 0x00007f5ecf0b0000, 0x00007f6924600000)
   the space 1398144K,   0% used [0x00007f5e79b50000, 0x00007f5e7a89e2b8, 0x00007f5e7a89e400, 0x00007f5ecf0b0000)
 Metaspace       used 23222K, capacity 23545K, committed 23552K, reserved 24576K
}
Event: 4.491 GC heap before
{Heap before GC invocations=3 (full 1):
 def new generation   total 629248K, used 2065K [0x00007f5924600000, 0x00007f594f0c0000, 0x00007f5e79b50000)
  eden space 559360K,   0% used [0x00007f5924600000, 0x00007f5924600000, 0x00007f5946840000)
  from space 69888K,   2% used [0x00007f5946840000, 0x00007f5946a445a8, 0x00007f594ac80000)
  to   space 69888K,   0% used [0x00007f594ac80000, 0x00007f594ac80000, 0x00007f594f0c0000)
 tenured generation   total 1398144K, used 13624K [0x00007f5e79b50000, 0x00007f5ecf0b0000, 0x00007f6924600000)
   the space 1398144K,   0% used [0x00007f5e79b50000, 0x00007f5e7a89e2b8, 0x00007f5e7a89e400, 0x00007f5ecf0b0000)
 Metaspace       used 23222K, capacity 23545K, committed 23552K, reserved 24576K
}
Event: 4.540 GC heap after
{Heap after GC invocations=3 (full 2):
 def new generation   total 629248K, used 0K [0x00007f5924600000, 0x00007f594f0c0000, 0x00007f5e79b50000)
  eden space 559360K,   0% used [0x00007f5924600000, 0x00007f5924600000, 0x00007f5946840000)
  from space 69888K,   0% used [0x00007f5946840000, 0x00007f5946840000, 0x00007f594ac80000)
  to   space 69888K,   0% used [0x00007f594ac80000, 0x00007f594ac80000, 0x00007f594f0c0000)
 tenured generation   total 1398144K, used 15683K [0x00007f5e79b50000, 0x00007f5ecf0b0000, 0x00007f6924600000)
   the space 1398144K,   1% used [0x00007f5e79b50000, 0x00007f5e7aaa0de8, 0x00007f5e7aaa0e00, 0x00007f5ecf0b0000)
 Metaspace       used 23222K, capacity 23545K, committed 23552K, reserved 24576K
}
Event: 11.078 GC heap before
{Heap before GC invocations=3 (full 2):
 def new generation   total 629248K, used 10892K [0x00007f5924600000, 0x00007f594f0c0000, 0x00007f5e79b50000)
  eden space 559360K,   1% used [0x00007f5924600000, 0x00007f59250a31a0, 0x00007f5946840000)
  from space 69888K,   0% used [0x00007f5946840000, 0x00007f5946840000, 0x00007f594ac80000)
  to   space 69888K,   0% used [0x00007f594ac80000, 0x00007f594ac80000, 0x00007f594f0c0000)
 tenured generation   total 5592452K, used 4209987K [0x00007f5e79b50000, 0x00007f5fcf0b1000, 0x00007f6924600000)
   the space 5592452K,  75% used [0x00007f5e79b50000, 0x00007f5f7aaa0e00, 0x00007f5f7aaa0e00, 0x00007f5fcf0b1000)
 Metaspace       used 23222K, capacity 23545K, committed 23552K, reserved 24576K
}
Event: 11.084 GC heap after
{Heap after GC invocations=4 (full 2):
 def new generation   total 629248K, used 0K [0x00007f5924600000, 0x00007f594f0c0000, 0x00007f5e79b50000)
  eden space 559360K,   0% used [0x00007f5924600000, 0x00007f5924600000, 0x00007f5946840000)
  from space 69888K,   0% used [0x00007f594ac80000, 0x00007f594ac80340, 0x00007f594f0c0000)
  to   space 69888K,   0% used [0x00007f5946840000, 0x00007f5946840000, 0x00007f594ac80000)
 tenured generation   total 5592452K, used 4209987K [0x00007f5e79b50000, 0x00007f5fcf0b1000, 0x00007f6924600000)
   the space 5592452K,  75% used [0x00007f5e79b50000, 0x00007f5f7aaa0e00, 0x00007f5f7aaa0e00, 0x00007f5fcf0b1000)
 Metaspace       used 23222K, capacity 23545K, committed 23552K, reserved 24576K
}
Event: 11.084 GC heap before
{Heap before GC invocations=4 (full 2):
 def new generation   total 629248K, used 0K [0x00007f5924600000, 0x00007f594f0c0000, 0x00007f5e79b50000)
  eden space 559360K,   0% used [0x00007f5924600000, 0x00007f5924600000, 0x00007f5946840000)
  from space 69888K,   0% used [0x00007f594ac80000, 0x00007f594ac80340, 0x00007f594f0c0000)
  to   space 69888K,   0% used [0x00007f5946840000, 0x00007f5946840000, 0x00007f594ac80000)
 tenured generation   total 5592452K, used 4209987K [0x00007f5e79b50000, 0x00007f5fcf0b1000, 0x00007f6924600000)
   the space 5592452K,  75% used [0x00007f5e79b50000, 0x00007f5f7aaa0e00, 0x00007f5f7aaa0e00, 0x00007f5fcf0b1000)
 Metaspace       used 23222K, capacity 23545K, committed 23552K, reserved 24576K
}
Event: 11.137 GC heap after
{Heap after GC invocations=4 (full 3):
 def new generation   total 3157568K, used 0K [0x00007f5924600000, 0x00007f59fa820000, 0x00007f5e79b50000)
  eden space 2806784K,   0% used [0x00007f5924600000, 0x00007f5924600000, 0x00007f59cfb00000)
  from space 350784K,   0% used [0x00007f59cfb00000, 0x00007f59cfb00000, 0x00007f59e5190000)
  to   space 350784K,   0% used [0x00007f59e5190000, 0x00007f59e5190000, 0x00007f59fa820000)
 tenured generation   total 7016648K, used 4209988K [0x00007f5e79b50000, 0x00007f6025f82000, 0x00007f6924600000)
   the space 7016648K,  59% used [0x00007f5e79b50000, 0x00007f5f7aaa1140, 0x00007f5f7aaa1200, 0x00007f6025f82000)
 Metaspace       used 23222K, capacity 23545K, committed 23552K, reserved 24576K
}
Event: 14.526 GC heap before
{Heap before GC invocations=4 (full 3):
 def new generation   total 3157568K, used 2151808K [0x00007f5924600000, 0x00007f59fa820000, 0x00007f5e79b50000)
  eden space 2806784K,  76% used [0x00007f5924600000, 0x00007f59a7b60168, 0x00007f59cfb00000)
  from space 350784K,   0% used [0x00007f59cfb00000, 0x00007f59cfb00000, 0x00007f59e5190000)
  to   space 350784K,   0% used [0x00007f59e5190000, 0x00007f59e5190000, 0x00007f59fa820000)
 tenured generation   total 7016648K, used 4209988K [0x00007f5e79b50000, 0x00007f6025f82000, 0x00007f6924600000)
   the space 7016648K,  59% used [0x00007f5e79b50000, 0x00007f5f7aaa1140, 0x00007f5f7aaa1200, 0x00007f6025f82000)
 Metaspace       used 23222K, capacity 23545K, committed 23552K, reserved 24576K
}
Event: 19.230 GC heap after
{Heap after GC invocations=5 (full 3):
 def new generation   total 3157568K, used 0K [0x00007f5924600000, 0x00007f59fa820000, 0x00007f5e79b50000)
  eden space 2806784K,   0% used [0x00007f5924600000, 0x00007f5924600000, 0x00007f59cfb00000)
  from space 350784K,   0% used [0x00007f59e5190000, 0x00007f59e51900a8, 0x00007f59fa820000)
  to   space 350784K,   0% used [0x00007f59cfb00000, 0x00007f59cfb00000, 0x00007f59e5190000)
 tenured generation   total 7016648K, used 6307140K [0x00007f5e79b50000, 0x00007f6025f82000, 0x00007f6924600000)
   the space 7016648K,  89% used [0x00007f5e79b50000, 0x00007f5ffaaa1158, 0x00007f5ffaaa1200, 0x00007f6025f82000)
 Metaspace       used 23222K, capacity 23545K, committed 23552K, reserved 24576K
}
Event: 21.019 GC heap before
{Heap before GC invocations=5 (full 3):
 def new generation   total 3157568K, used 2151827K [0x00007f5924600000, 0x00007f59fa820000, 0x00007f5e79b50000)
  eden space 2806784K,  76% used [0x00007f5924600000, 0x00007f59a7b64c80, 0x00007f59cfb00000)
  from space 350784K,   0% used [0x00007f59e5190000, 0x00007f59e51900a8, 0x00007f59fa820000)
  to   space 350784K,   0% used [0x00007f59cfb00000, 0x00007f59cfb00000, 0x00007f59e5190000)
 tenured generation   total 7016648K, used 6307140K [0x00007f5e79b50000, 0x00007f6025f82000, 0x00007f6924600000)
   the space 7016648K,  89% used [0x00007f5e79b50000, 0x00007f5ffaaa1158, 0x00007f5ffaaa1200, 0x00007f6025f82000)
 Metaspace       used 23222K, capacity 23545K, committed 23552K, reserved 24576K
}

