# JRE version: OpenJDK Runtime Environment (13.0.7+5) (build 13.0.7+5-Ubuntu-0ubuntu120.04)
# Java VM: OpenJDK 64-Bit Server VM (13.0.7+5-Ubuntu-0ubuntu120.04, mixed mode, tiered, serial gc, linux-amd64)
Heap:
 def new generation   total 1048832K, used 5346K [0x00007faf74600000, 0x00007fafbb800000, 0x00007fb4c9b50000)
  eden space 932352K,   0% used [0x00007faf74600000, 0x00007faf74b38bc0, 0x00007fafad480000)
  from space 116480K,   0% used [0x00007fafb4640000, 0x00007fafb4640000, 0x00007fafbb800000)
  to   space 116480K,   0% used [0x00007fafad480000, 0x00007fafad480000, 0x00007fafb4640000)
 tenured generation   total 2330752K, used 2330752K [0x00007fb4c9b50000, 0x00007fb557f70000, 0x00007fbf74600000)
   the space 2330752K, 100% used [0x00007fb4c9b50000, 0x00007fb557f70000, 0x00007fb557f70000, 0x00007fb557f70000)
 Metaspace       used 24183K, capacity 24578K, committed 24832K, reserved 26624K
GC Heap History (20 events):
Event: 4184.581 GC heap after
{Heap after GC invocations=6976 (full 2):
 def new generation   total 1048832K, used 6406K [0x00007faf74600000, 0x00007fafbb800000, 0x00007fb4c9b50000)
  eden space 932352K,   0% used [0x00007faf74600000, 0x00007faf74600000, 0x00007fafad480000)
  from space 116480K,   5% used [0x00007fafad480000, 0x00007fafadac1860, 0x00007fafb4640000)
  to   space 116480K,   0% used [0x00007fafb4640000, 0x00007fafb4640000, 0x00007fafbb800000)
 tenured generation   total 2330560K, used 2325975K [0x00007fb4c9b50000, 0x00007fb557f40000, 0x00007fbf74600000)
   the space 2330560K,  99% used [0x00007fb4c9b50000, 0x00007fb557ac5d18, 0x00007fb557ac5e00, 0x00007fb557f40000)
 Metaspace       used 24183K, capacity 24578K, committed 24832K, reserved 26624K
}
Event: 4185.391 GC heap before
{Heap before GC invocations=6976 (full 2):
 def new generation   total 1048832K, used 938758K [0x00007faf74600000, 0x00007fafbb800000, 0x00007fb4c9b50000)
  eden space 932352K, 100% used [0x00007faf74600000, 0x00007fafad480000, 0x00007fafad480000)
  from space 116480K,   5% used [0x00007fafad480000, 0x00007fafadac1860, 0x00007fafb4640000)
  to   space 116480K,   0% used [0x00007fafb4640000, 0x00007fafb4640000, 0x00007fafbb800000)
 tenured generation   total 2330560K, used 2325975K [0x00007fb4c9b50000, 0x00007fb557f40000, 0x00007fbf74600000)
   the space 2330560K,  99% used [0x00007fb4c9b50000, 0x00007fb557ac5d18, 0x00007fb557ac5e00, 0x00007fb557f40000)
 Metaspace       used 24183K, capacity 24578K, committed 24832K, reserved 26624K
}
Event: 4185.406 GC heap after
{Heap after GC invocations=6977 (full 2):
 def new generation   total 1048832K, used 6246K [0x00007faf74600000, 0x00007fafbb800000, 0x00007fb4c9b50000)
  eden space 932352K,   0% used [0x00007faf74600000, 0x00007faf74600000, 0x00007fafad480000)
  from space 116480K,   5% used [0x00007fafb4640000, 0x00007fafb4c59978, 0x00007fafbb800000)
  to   space 116480K,   0% used [0x00007fafad480000, 0x00007fafad480000, 0x00007fafb4640000)
 tenured generation   total 2330560K, used 2326620K [0x00007fb4c9b50000, 0x00007fb557f40000, 0x00007fbf74600000)
   the space 2330560K,  99% used [0x00007fb4c9b50000, 0x00007fb557b67070, 0x00007fb557b67200, 0x00007fb557f40000)
 Metaspace       used 24183K, capacity 24578K, committed 24832K, reserved 26624K
}
Event: 4186.212 GC heap before
{Heap before GC invocations=6977 (full 2):
 def new generation   total 1048832K, used 938598K [0x00007faf74600000, 0x00007fafbb800000, 0x00007fb4c9b50000)
  eden space 932352K, 100% used [0x00007faf74600000, 0x00007fafad480000, 0x00007fafad480000)
  from space 116480K,   5% used [0x00007fafb4640000, 0x00007fafb4c59978, 0x00007fafbb800000)
  to   space 116480K,   0% used [0x00007fafad480000, 0x00007fafad480000, 0x00007fafb4640000)
 tenured generation   total 2330560K, used 2326620K [0x00007fb4c9b50000, 0x00007fb557f40000, 0x00007fbf74600000)
   the space 2330560K,  99% used [0x00007fb4c9b50000, 0x00007fb557b67070, 0x00007fb557b67200, 0x00007fb557f40000)
 Metaspace       used 24183K, capacity 24578K, committed 24832K, reserved 26624K
}
Event: 4186.224 GC heap after
{Heap after GC invocations=6978 (full 2):
 def new generation   total 1048832K, used 5903K [0x00007faf74600000, 0x00007fafbb800000, 0x00007fb4c9b50000)
  eden space 932352K,   0% used [0x00007faf74600000, 0x00007faf74600000, 0x00007fafad480000)
  from space 116480K,   5% used [0x00007fafad480000, 0x00007fafada43ef8, 0x00007fafb4640000)
  to   space 116480K,   0% used [0x00007fafb4640000, 0x00007fafb4640000, 0x00007fafbb800000)
 tenured generation   total 2330560K, used 2327261K [0x00007fb4c9b50000, 0x00007fb557f40000, 0x00007fbf74600000)
   the space 2330560K,  99% used [0x00007fb4c9b50000, 0x00007fb557c07668, 0x00007fb557c07800, 0x00007fb557f40000)
 Metaspace       used 24183K, capacity 24578K, committed 24832K, reserved 26624K
}
Event: 4187.047 GC heap before
{Heap before GC invocations=6978 (full 2):
 def new generation   total 1048832K, used 938255K [0x00007faf74600000, 0x00007fafbb800000, 0x00007fb4c9b50000)
  eden space 932352K, 100% used [0x00007faf74600000, 0x00007fafad480000, 0x00007fafad480000)
  from space 116480K,   5% used [0x00007fafad480000, 0x00007fafada43ef8, 0x00007fafb4640000)
  to   space 116480K,   0% used [0x00007fafb4640000, 0x00007fafb4640000, 0x00007fafbb800000)
 tenured generation   total 2330560K, used 2327261K [0x00007fb4c9b50000, 0x00007fb557f40000, 0x00007fbf74600000)
   the space 2330560K,  99% used [0x00007fb4c9b50000, 0x00007fb557c07668, 0x00007fb557c07800, 0x00007fb557f40000)
 Metaspace       used 24183K, capacity 24578K, committed 24832K, reserved 26624K
}
Event: 4187.060 GC heap after
{Heap after GC invocations=6979 (full 2):
 def new generation   total 1048832K, used 5935K [0x00007faf74600000, 0x00007fafbb800000, 0x00007fb4c9b50000)
  eden space 932352K,   0% used [0x00007faf74600000, 0x00007faf74600000, 0x00007fafad480000)
  from space 116480K,   5% used [0x00007fafb4640000, 0x00007fafb4c0bcb0, 0x00007fafbb800000)
  to   space 116480K,   0% used [0x00007fafad480000, 0x00007fafad480000, 0x00007fafb4640000)
 tenured generation   total 2330560K, used 2327512K [0x00007fb4c9b50000, 0x00007fb557f40000, 0x00007fbf74600000)
   the space 2330560K,  99% used [0x00007fb4c9b50000, 0x00007fb557c46390, 0x00007fb557c46400, 0x00007fb557f40000)
 Metaspace       used 24183K, capacity 24578K, committed 24832K, reserved 26624K
}
Event: 4187.882 GC heap before
{Heap before GC invocations=6979 (full 2):
 def new generation   total 1048832K, used 938287K [0x00007faf74600000, 0x00007fafbb800000, 0x00007fb4c9b50000)
  eden space 932352K, 100% used [0x00007faf74600000, 0x00007fafad480000, 0x00007fafad480000)
  from space 116480K,   5% used [0x00007fafb4640000, 0x00007fafb4c0bcb0, 0x00007fafbb800000)
  to   space 116480K,   0% used [0x00007fafad480000, 0x00007fafad480000, 0x00007fafb4640000)
 tenured generation   total 2330560K, used 2327512K [0x00007fb4c9b50000, 0x00007fb557f40000, 0x00007fbf74600000)
   the space 2330560K,  99% used [0x00007fb4c9b50000, 0x00007fb557c46390, 0x00007fb557c46400, 0x00007fb557f40000)
 Metaspace       used 24183K, capacity 24578K, committed 24832K, reserved 26624K
}
Event: 4187.896 GC heap after
{Heap after GC invocations=6980 (full 2):
 def new generation   total 1048832K, used 5924K [0x00007faf74600000, 0x00007fafbb800000, 0x00007fb4c9b50000)
  eden space 932352K,   0% used [0x00007faf74600000, 0x00007faf74600000, 0x00007fafad480000)
  from space 116480K,   5% used [0x00007fafad480000, 0x00007fafada490d8, 0x00007fafb4640000)
  to   space 116480K,   0% used [0x00007fafb4640000, 0x00007fafb4640000, 0x00007fafbb800000)
 tenured generation   total 2330560K, used 2327820K [0x00007fb4c9b50000, 0x00007fb557f40000, 0x00007fbf74600000)
   the space 2330560K,  99% used [0x00007fb4c9b50000, 0x00007fb557c93110, 0x00007fb557c93200, 0x00007fb557f40000)
 Metaspace       used 24183K, capacity 24578K, committed 24832K, reserved 26624K
}
Event: 4188.748 GC heap before
{Heap before GC invocations=6980 (full 2):
 def new generation   total 1048832K, used 938276K [0x00007faf74600000, 0x00007fafbb800000, 0x00007fb4c9b50000)
  eden space 932352K, 100% used [0x00007faf74600000, 0x00007fafad480000, 0x00007fafad480000)
  from space 116480K,   5% used [0x00007fafad480000, 0x00007fafada490d8, 0x00007fafb4640000)
  to   space 116480K,   0% used [0x00007fafb4640000, 0x00007fafb4640000, 0x00007fafbb800000)
 tenured generation   total 2330560K, used 2327820K [0x00007fb4c9b50000, 0x00007fb557f40000, 0x00007fbf74600000)
   the space 2330560K,  99% used [0x00007fb4c9b50000, 0x00007fb557c93110, 0x00007fb557c93200, 0x00007fb557f40000)
 Metaspace       used 24183K, capacity 24578K, committed 24832K, reserved 26624K
}
Event: 4188.764 GC heap after
{Heap after GC invocations=6981 (full 2):
 def new generation   total 1048832K, used 5938K [0x00007faf74600000, 0x00007fafbb800000, 0x00007fb4c9b50000)
  eden space 932352K,   0% used [0x00007faf74600000, 0x00007faf74600000, 0x00007fafad480000)
  from space 116480K,   5% used [0x00007fafb4640000, 0x00007fafb4c0c828, 0x00007fafbb800000)
  to   space 116480K,   0% used [0x00007fafad480000, 0x00007fafad480000, 0x00007fafb4640000)
 tenured generation   total 2330560K, used 2328127K [0x00007fb4c9b50000, 0x00007fb557f40000, 0x00007fbf74600000)
   the space 2330560K,  99% used [0x00007fb4c9b50000, 0x00007fb557cdfe90, 0x00007fb557ce0000, 0x00007fb557f40000)
 Metaspace       used 24183K, capacity 24578K, committed 24832K, reserved 26624K
}
Event: 4189.630 GC heap before
{Heap before GC invocations=6981 (full 2):
 def new generation   total 1048832K, used 938290K [0x00007faf74600000, 0x00007fafbb800000, 0x00007fb4c9b50000)
  eden space 932352K, 100% used [0x00007faf74600000, 0x00007fafad480000, 0x00007fafad480000)
  from space 116480K,   5% used [0x00007fafb4640000, 0x00007fafb4c0c828, 0x00007fafbb800000)
  to   space 116480K,   0% used [0x00007fafad480000, 0x00007fafad480000, 0x00007fafb4640000)
 tenured generation   total 2330560K, used 2328127K [0x00007fb4c9b50000, 0x00007fb557f40000, 0x00007fbf74600000)
   the space 2330560K,  99% used [0x00007fb4c9b50000, 0x00007fb557cdfe90, 0x00007fb557ce0000, 0x00007fb557f40000)
 Metaspace       used 24183K, capacity 24578K, committed 24832K, reserved 26624K
}
Event: 4189.645 GC heap after
{Heap after GC invocations=6982 (full 2):
 def new generation   total 1048832K, used 6070K [0x00007faf74600000, 0x00007fafbb800000, 0x00007fb4c9b50000)
  eden space 932352K,   0% used [0x00007faf74600000, 0x00007faf74600000, 0x00007fafad480000)
  from space 116480K,   5% used [0x00007fafad480000, 0x00007fafada6db38, 0x00007fafb4640000)
  to   space 116480K,   0% used [0x00007fafb4640000, 0x00007fafb4640000, 0x00007fafbb800000)
 tenured generation   total 2330560K, used 2328490K [0x00007fb4c9b50000, 0x00007fb557f40000, 0x00007fbf74600000)
   the space 2330560K,  99% used [0x00007fb4c9b50000, 0x00007fb557d3aab8, 0x00007fb557d3ac00, 0x00007fb557f40000)
 Metaspace       used 24183K, capacity 24578K, committed 24832K, reserved 26624K
}
Event: 4190.449 GC heap before
{Heap before GC invocations=6982 (full 2):
 def new generation   total 1048832K, used 938422K [0x00007faf74600000, 0x00007fafbb800000, 0x00007fb4c9b50000)
  eden space 932352K, 100% used [0x00007faf74600000, 0x00007fafad480000, 0x00007fafad480000)
  from space 116480K,   5% used [0x00007fafad480000, 0x00007fafada6db38, 0x00007fafb4640000)
  to   space 116480K,   0% used [0x00007fafb4640000, 0x00007fafb4640000, 0x00007fafbb800000)
 tenured generation   total 2330560K, used 2328490K [0x00007fb4c9b50000, 0x00007fb557f40000, 0x00007fbf74600000)
   the space 2330560K,  99% used [0x00007fb4c9b50000, 0x00007fb557d3aab8, 0x00007fb557d3ac00, 0x00007fb557f40000)
 Metaspace       used 24183K, capacity 24578K, committed 24832K, reserved 26624K
}
Event: 4190.464 GC heap after
{Heap after GC invocations=6983 (full 2):
 def new generation   total 1048832K, used 6285K [0x00007faf74600000, 0x00007fafbb800000, 0x00007fb4c9b50000)
  eden space 932352K,   0% used [0x00007faf74600000, 0x00007faf74600000, 0x00007fafad480000)
  from space 116480K,   5% used [0x00007fafb4640000, 0x00007fafb4c63560, 0x00007fafbb800000)
  to   space 116480K,   0% used [0x00007fafad480000, 0x00007fafad480000, 0x00007fafb4640000)
 tenured generation   total 2330560K, used 2328891K [0x00007fb4c9b50000, 0x00007fb557f40000, 0x00007fbf74600000)
   the space 2330560K,  99% used [0x00007fb4c9b50000, 0x00007fb557d9eca0, 0x00007fb557d9ee00, 0x00007fb557f40000)
 Metaspace       used 24183K, capacity 24578K, committed 24832K, reserved 26624K
}
Event: 4191.281 GC heap before
{Heap before GC invocations=6983 (full 2):
 def new generation   total 1048832K, used 938637K [0x00007faf74600000, 0x00007fafbb800000, 0x00007fb4c9b50000)
  eden space 932352K, 100% used [0x00007faf74600000, 0x00007fafad480000, 0x00007fafad480000)
  from space 116480K,   5% used [0x00007fafb4640000, 0x00007fafb4c63560, 0x00007fafbb800000)
  to   space 116480K,   0% used [0x00007fafad480000, 0x00007fafad480000, 0x00007fafb4640000)
 tenured generation   total 2330560K, used 2328891K [0x00007fb4c9b50000, 0x00007fb557f40000, 0x00007fbf74600000)
   the space 2330560K,  99% used [0x00007fb4c9b50000, 0x00007fb557d9eca0, 0x00007fb557d9ee00, 0x00007fb557f40000)
 Metaspace       used 24183K, capacity 24578K, committed 24832K, reserved 26624K
}
Event: 4191.295 GC heap after
{Heap after GC invocations=6984 (full 2):
 def new generation   total 1048832K, used 6421K [0x00007faf74600000, 0x00007fafbb800000, 0x00007fb4c9b50000)
  eden space 932352K,   0% used [0x00007faf74600000, 0x00007faf74600000, 0x00007fafad480000)
  from space 116480K,   5% used [0x00007fafad480000, 0x00007fafadac5510, 0x00007fafb4640000)
  to   space 116480K,   0% used [0x00007fafb4640000, 0x00007fafb4640000, 0x00007fafbb800000)
 tenured generation   total 2330560K, used 2329440K [0x00007fb4c9b50000, 0x00007fb557f40000, 0x00007fbf74600000)
   the space 2330560K,  99% used [0x00007fb4c9b50000, 0x00007fb557e28348, 0x00007fb557e28400, 0x00007fb557f40000)
 Metaspace       used 24183K, capacity 24578K, committed 24832K, reserved 26624K
}
Event: 4192.121 GC heap before
{Heap before GC invocations=6984 (full 2):
 def new generation   total 1048832K, used 938773K [0x00007faf74600000, 0x00007fafbb800000, 0x00007fb4c9b50000)
  eden space 932352K, 100% used [0x00007faf74600000, 0x00007fafad480000, 0x00007fafad480000)
  from space 116480K,   5% used [0x00007fafad480000, 0x00007fafadac5510, 0x00007fafb4640000)
  to   space 116480K,   0% used [0x00007fafb4640000, 0x00007fafb4640000, 0x00007fafbb800000)
 tenured generation   total 2330560K, used 2329440K [0x00007fb4c9b50000, 0x00007fb557f40000, 0x00007fbf74600000)
   the space 2330560K,  99% used [0x00007fb4c9b50000, 0x00007fb557e28348, 0x00007fb557e28400, 0x00007fb557f40000)
 Metaspace       used 24183K, capacity 24578K, committed 24832K, reserved 26624K
}
Event: 4192.135 GC heap after
{Heap after GC invocations=6985 (full 2):
 def new generation   total 1048832K, used 5528K [0x00007faf74600000, 0x00007fafbb800000, 0x00007fb4c9b50000)
  eden space 932352K,   0% used [0x00007faf74600000, 0x00007faf74600000, 0x00007fafad480000)
  from space 116480K,   4% used [0x00007fafb4640000, 0x00007fafb4ba6048, 0x00007fafbb800000)
  to   space 116480K,   0% used [0x00007fafad480000, 0x00007fafad480000, 0x00007fafb4640000)
 tenured generation   total 2330752K, used 2330570K [0x00007fb4c9b50000, 0x00007fb557f70000, 0x00007fbf74600000)
   the space 2330752K,  99% used [0x00007fb4c9b50000, 0x00007fb557f42b78, 0x00007fb557f42c00, 0x00007fb557f70000)
 Metaspace       used 24183K, capacity 24578K, committed 24832K, reserved 26624K
}
Event: 4192.135 GC heap before
{Heap before GC invocations=6985 (full 2):
 def new generation   total 1048832K, used 5528K [0x00007faf74600000, 0x00007fafbb800000, 0x00007fb4c9b50000)
  eden space 932352K,   0% used [0x00007faf74600000, 0x00007faf74600000, 0x00007fafad480000)
  from space 116480K,   4% used [0x00007fafb4640000, 0x00007fafb4ba6048, 0x00007fafbb800000)
  to   space 116480K,   0% used [0x00007fafad480000, 0x00007fafad480000, 0x00007fafb4640000)
 tenured generation   total 2330752K, used 2330570K [0x00007fb4c9b50000, 0x00007fb557f70000, 0x00007fbf74600000)
   the space 2330752K,  99% used [0x00007fb4c9b50000, 0x00007fb557f42b78, 0x00007fb557f42c00, 0x00007fb557f70000)
 Metaspace       used 24183K, capacity 24578K, committed 24832K, reserved 26624K
}

