# JRE version: OpenJDK Runtime Environment (13.0.7+5) (build 13.0.7+5-Ubuntu-0ubuntu120.04)
# Java VM: OpenJDK 64-Bit Server VM (13.0.7+5-Ubuntu-0ubuntu120.04, mixed mode, tiered, serial gc, linux-amd64)
Heap:
 def new generation   total 2911744K, used 18697K [0x00007f68b0600000, 0x00007f6975d70000, 0x00007f6e05b50000)
  eden space 2588224K,   0% used [0x00007f68b0600000, 0x00007f68b1842538, 0x00007f694e590000)
  from space 323520K,   0% used [0x00007f694e590000, 0x00007f694e590000, 0x00007f6962180000)
  to   space 323520K,   0% used [0x00007f6962180000, 0x00007f6962180000, 0x00007f6975d70000)
 tenured generation   total 6471664K, used 6471663K [0x00007f6e05b50000, 0x00007f6f90b4c000, 0x00007f78b0600000)
   the space 6471664K,  99% used [0x00007f6e05b50000, 0x00007f6f90b4bfe0, 0x00007f6f90b4c000, 0x00007f6f90b4c000)
 Metaspace       used 24333K, capacity 24776K, committed 24832K, reserved 26624K
GC Heap History (20 events):
Event: 7988.232 GC heap after
{Heap after GC invocations=10831 (full 4):
 def new generation   total 2911744K, used 22241K [0x00007f68b0600000, 0x00007f6975d70000, 0x00007f6e05b50000)
  eden space 2588224K,   0% used [0x00007f68b0600000, 0x00007f68b0600000, 0x00007f694e590000)
  from space 323520K,   6% used [0x00007f6962180000, 0x00007f6963738660, 0x00007f6975d70000)
  to   space 323520K,   0% used [0x00007f694e590000, 0x00007f694e590000, 0x00007f6962180000)
 tenured generation   total 6470512K, used 6456298K [0x00007f6e05b50000, 0x00007f6f90a2c000, 0x00007f78b0600000)
   the space 6470512K,  99% used [0x00007f6e05b50000, 0x00007f6f8fc4a9d0, 0x00007f6f8fc4aa00, 0x00007f6f90a2c000)
 Metaspace       used 24333K, capacity 24776K, committed 24832K, reserved 26624K
}
Event: 7989.714 GC heap before
{Heap before GC invocations=10831 (full 4):
 def new generation   total 2911744K, used 2610465K [0x00007f68b0600000, 0x00007f6975d70000, 0x00007f6e05b50000)
  eden space 2588224K, 100% used [0x00007f68b0600000, 0x00007f694e590000, 0x00007f694e590000)
  from space 323520K,   6% used [0x00007f6962180000, 0x00007f6963738660, 0x00007f6975d70000)
  to   space 323520K,   0% used [0x00007f694e590000, 0x00007f694e590000, 0x00007f6962180000)
 tenured generation   total 6470512K, used 6456298K [0x00007f6e05b50000, 0x00007f6f90a2c000, 0x00007f78b0600000)
   the space 6470512K,  99% used [0x00007f6e05b50000, 0x00007f6f8fc4a9d0, 0x00007f6f8fc4aa00, 0x00007f6f90a2c000)
 Metaspace       used 24333K, capacity 24776K, committed 24832K, reserved 26624K
}
Event: 7989.750 GC heap after
{Heap after GC invocations=10832 (full 4):
 def new generation   total 2911744K, used 20296K [0x00007f68b0600000, 0x00007f6975d70000, 0x00007f6e05b50000)
  eden space 2588224K,   0% used [0x00007f68b0600000, 0x00007f68b0600000, 0x00007f694e590000)
  from space 323520K,   6% used [0x00007f694e590000, 0x00007f694f962398, 0x00007f6962180000)
  to   space 323520K,   0% used [0x00007f6962180000, 0x00007f6962180000, 0x00007f6975d70000)
 tenured generation   total 6470512K, used 6459056K [0x00007f6e05b50000, 0x00007f6f90a2c000, 0x00007f78b0600000)
   the space 6470512K,  99% used [0x00007f6e05b50000, 0x00007f6f8fefc2a0, 0x00007f6f8fefc400, 0x00007f6f90a2c000)
 Metaspace       used 24333K, capacity 24776K, committed 24832K, reserved 26624K
}
Event: 7991.219 GC heap before
{Heap before GC invocations=10832 (full 4):
 def new generation   total 2911744K, used 2608520K [0x00007f68b0600000, 0x00007f6975d70000, 0x00007f6e05b50000)
  eden space 2588224K, 100% used [0x00007f68b0600000, 0x00007f694e590000, 0x00007f694e590000)
  from space 323520K,   6% used [0x00007f694e590000, 0x00007f694f962398, 0x00007f6962180000)
  to   space 323520K,   0% used [0x00007f6962180000, 0x00007f6962180000, 0x00007f6975d70000)
 tenured generation   total 6470512K, used 6459056K [0x00007f6e05b50000, 0x00007f6f90a2c000, 0x00007f78b0600000)
   the space 6470512K,  99% used [0x00007f6e05b50000, 0x00007f6f8fefc2a0, 0x00007f6f8fefc400, 0x00007f6f90a2c000)
 Metaspace       used 24333K, capacity 24776K, committed 24832K, reserved 26624K
}
Event: 7991.247 GC heap after
{Heap after GC invocations=10833 (full 4):
 def new generation   total 2911744K, used 18217K [0x00007f68b0600000, 0x00007f6975d70000, 0x00007f6e05b50000)
  eden space 2588224K,   0% used [0x00007f68b0600000, 0x00007f68b0600000, 0x00007f694e590000)
  from space 323520K,   5% used [0x00007f6962180000, 0x00007f696334a6f0, 0x00007f6975d70000)
  to   space 323520K,   0% used [0x00007f694e590000, 0x00007f694e590000, 0x00007f6962180000)
 tenured generation   total 6470512K, used 6461934K [0x00007f6e05b50000, 0x00007f6f90a2c000, 0x00007f78b0600000)
   the space 6470512K,  99% used [0x00007f6e05b50000, 0x00007f6f901cb810, 0x00007f6f901cba00, 0x00007f6f90a2c000)
 Metaspace       used 24333K, capacity 24776K, committed 24832K, reserved 26624K
}
Event: 7992.749 GC heap before
{Heap before GC invocations=10833 (full 4):
 def new generation   total 2911744K, used 2606441K [0x00007f68b0600000, 0x00007f6975d70000, 0x00007f6e05b50000)
  eden space 2588224K, 100% used [0x00007f68b0600000, 0x00007f694e590000, 0x00007f694e590000)
  from space 323520K,   5% used [0x00007f6962180000, 0x00007f696334a6f0, 0x00007f6975d70000)
  to   space 323520K,   0% used [0x00007f694e590000, 0x00007f694e590000, 0x00007f6962180000)
 tenured generation   total 6470512K, used 6461934K [0x00007f6e05b50000, 0x00007f6f90a2c000, 0x00007f78b0600000)
   the space 6470512K,  99% used [0x00007f6e05b50000, 0x00007f6f901cb810, 0x00007f6f901cba00, 0x00007f6f90a2c000)
 Metaspace       used 24333K, capacity 24776K, committed 24832K, reserved 26624K
}
Event: 7992.781 GC heap after
{Heap after GC invocations=10834 (full 4):
 def new generation   total 2911744K, used 18088K [0x00007f68b0600000, 0x00007f6975d70000, 0x00007f6e05b50000)
  eden space 2588224K,   0% used [0x00007f68b0600000, 0x00007f68b0600000, 0x00007f694e590000)
  from space 323520K,   5% used [0x00007f694e590000, 0x00007f694f73a1b0, 0x00007f6962180000)
  to   space 323520K,   0% used [0x00007f6962180000, 0x00007f6962180000, 0x00007f6975d70000)
 tenured generation   total 6470512K, used 6463868K [0x00007f6e05b50000, 0x00007f6f90a2c000, 0x00007f78b0600000)
   the space 6470512K,  99% used [0x00007f6e05b50000, 0x00007f6f903af3e0, 0x00007f6f903af400, 0x00007f6f90a2c000)
 Metaspace       used 24333K, capacity 24776K, committed 24832K, reserved 26624K
}
Event: 7994.269 GC heap before
{Heap before GC invocations=10834 (full 4):
 def new generation   total 2911744K, used 2606312K [0x00007f68b0600000, 0x00007f6975d70000, 0x00007f6e05b50000)
  eden space 2588224K, 100% used [0x00007f68b0600000, 0x00007f694e590000, 0x00007f694e590000)
  from space 323520K,   5% used [0x00007f694e590000, 0x00007f694f73a1b0, 0x00007f6962180000)
  to   space 323520K,   0% used [0x00007f6962180000, 0x00007f6962180000, 0x00007f6975d70000)
 tenured generation   total 6470512K, used 6463868K [0x00007f6e05b50000, 0x00007f6f90a2c000, 0x00007f78b0600000)
   the space 6470512K,  99% used [0x00007f6e05b50000, 0x00007f6f903af3e0, 0x00007f6f903af400, 0x00007f6f90a2c000)
 Metaspace       used 24333K, capacity 24776K, committed 24832K, reserved 26624K
}
Event: 7994.304 GC heap after
{Heap after GC invocations=10835 (full 4):
 def new generation   total 2911744K, used 19686K [0x00007f68b0600000, 0x00007f6975d70000, 0x00007f6e05b50000)
  eden space 2588224K,   0% used [0x00007f68b0600000, 0x00007f68b0600000, 0x00007f694e590000)
  from space 323520K,   6% used [0x00007f6962180000, 0x00007f69634b9840, 0x00007f6975d70000)
  to   space 323520K,   0% used [0x00007f694e590000, 0x00007f694e590000, 0x00007f6962180000)
 tenured generation   total 6470512K, used 6465136K [0x00007f6e05b50000, 0x00007f6f90a2c000, 0x00007f78b0600000)
   the space 6470512K,  99% used [0x00007f6e05b50000, 0x00007f6f904ec310, 0x00007f6f904ec400, 0x00007f6f90a2c000)
 Metaspace       used 24333K, capacity 24776K, committed 24832K, reserved 26624K
}
Event: 7995.761 GC heap before
{Heap before GC invocations=10835 (full 4):
 def new generation   total 2911744K, used 2607910K [0x00007f68b0600000, 0x00007f6975d70000, 0x00007f6e05b50000)
  eden space 2588224K, 100% used [0x00007f68b0600000, 0x00007f694e590000, 0x00007f694e590000)
  from space 323520K,   6% used [0x00007f6962180000, 0x00007f69634b9840, 0x00007f6975d70000)
  to   space 323520K,   0% used [0x00007f694e590000, 0x00007f694e590000, 0x00007f6962180000)
 tenured generation   total 6470512K, used 6465136K [0x00007f6e05b50000, 0x00007f6f90a2c000, 0x00007f78b0600000)
   the space 6470512K,  99% used [0x00007f6e05b50000, 0x00007f6f904ec310, 0x00007f6f904ec400, 0x00007f6f90a2c000)
 Metaspace       used 24333K, capacity 24776K, committed 24832K, reserved 26624K
}
Event: 7995.791 GC heap after
{Heap after GC invocations=10836 (full 4):
 def new generation   total 2911744K, used 20824K [0x00007f68b0600000, 0x00007f6975d70000, 0x00007f6e05b50000)
  eden space 2588224K,   0% used [0x00007f68b0600000, 0x00007f68b0600000, 0x00007f694e590000)
  from space 323520K,   6% used [0x00007f694e590000, 0x00007f694f9e6030, 0x00007f6962180000)
  to   space 323520K,   0% used [0x00007f6962180000, 0x00007f6962180000, 0x00007f6975d70000)
 tenured generation   total 6470512K, used 6466134K [0x00007f6e05b50000, 0x00007f6f90a2c000, 0x00007f78b0600000)
   the space 6470512K,  99% used [0x00007f6e05b50000, 0x00007f6f905e5990, 0x00007f6f905e5a00, 0x00007f6f90a2c000)
 Metaspace       used 24333K, capacity 24776K, committed 24832K, reserved 26624K
}
Event: 7997.273 GC heap before
{Heap before GC invocations=10836 (full 4):
 def new generation   total 2911744K, used 2609048K [0x00007f68b0600000, 0x00007f6975d70000, 0x00007f6e05b50000)
  eden space 2588224K, 100% used [0x00007f68b0600000, 0x00007f694e590000, 0x00007f694e590000)
  from space 323520K,   6% used [0x00007f694e590000, 0x00007f694f9e6030, 0x00007f6962180000)
  to   space 323520K,   0% used [0x00007f6962180000, 0x00007f6962180000, 0x00007f6975d70000)
 tenured generation   total 6470512K, used 6466134K [0x00007f6e05b50000, 0x00007f6f90a2c000, 0x00007f78b0600000)
   the space 6470512K,  99% used [0x00007f6e05b50000, 0x00007f6f905e5990, 0x00007f6f905e5a00, 0x00007f6f90a2c000)
 Metaspace       used 24333K, capacity 24776K, committed 24832K, reserved 26624K
}
Event: 7997.310 GC heap after
{Heap after GC invocations=10837 (full 4):
 def new generation   total 2911744K, used 20528K [0x00007f68b0600000, 0x00007f6975d70000, 0x00007f6e05b50000)
  eden space 2588224K,   0% used [0x00007f68b0600000, 0x00007f68b0600000, 0x00007f694e590000)
  from space 323520K,   6% used [0x00007f6962180000, 0x00007f696358c158, 0x00007f6975d70000)
  to   space 323520K,   0% used [0x00007f694e590000, 0x00007f694e590000, 0x00007f6962180000)
 tenured generation   total 6470512K, used 6467210K [0x00007f6e05b50000, 0x00007f6f90a2c000, 0x00007f78b0600000)
   the space 6470512K,  99% used [0x00007f6e05b50000, 0x00007f6f906f28c0, 0x00007f6f906f2a00, 0x00007f6f90a2c000)
 Metaspace       used 24333K, capacity 24776K, committed 24832K, reserved 26624K
}
Event: 7998.837 GC heap before
{Heap before GC invocations=10837 (full 4):
 def new generation   total 2911744K, used 2608752K [0x00007f68b0600000, 0x00007f6975d70000, 0x00007f6e05b50000)
  eden space 2588224K, 100% used [0x00007f68b0600000, 0x00007f694e590000, 0x00007f694e590000)
  from space 323520K,   6% used [0x00007f6962180000, 0x00007f696358c158, 0x00007f6975d70000)
  to   space 323520K,   0% used [0x00007f694e590000, 0x00007f694e590000, 0x00007f6962180000)
 tenured generation   total 6470512K, used 6467210K [0x00007f6e05b50000, 0x00007f6f90a2c000, 0x00007f78b0600000)
   the space 6470512K,  99% used [0x00007f6e05b50000, 0x00007f6f906f28c0, 0x00007f6f906f2a00, 0x00007f6f90a2c000)
 Metaspace       used 24333K, capacity 24776K, committed 24832K, reserved 26624K
}
Event: 7998.866 GC heap after
{Heap after GC invocations=10838 (full 4):
 def new generation   total 2911744K, used 20260K [0x00007f68b0600000, 0x00007f6975d70000, 0x00007f6e05b50000)
  eden space 2588224K,   0% used [0x00007f68b0600000, 0x00007f68b0600000, 0x00007f694e590000)
  from space 323520K,   6% used [0x00007f694e590000, 0x00007f694f9593e0, 0x00007f6962180000)
  to   space 323520K,   0% used [0x00007f6962180000, 0x00007f6962180000, 0x00007f6975d70000)
 tenured generation   total 6470512K, used 6468266K [0x00007f6e05b50000, 0x00007f6f90a2c000, 0x00007f78b0600000)
   the space 6470512K,  99% used [0x00007f6e05b50000, 0x00007f6f907fabf0, 0x00007f6f907fac00, 0x00007f6f90a2c000)
 Metaspace       used 24333K, capacity 24776K, committed 24832K, reserved 26624K
}
Event: 8000.378 GC heap before
{Heap before GC invocations=10838 (full 4):
 def new generation   total 2911744K, used 2608484K [0x00007f68b0600000, 0x00007f6975d70000, 0x00007f6e05b50000)
  eden space 2588224K, 100% used [0x00007f68b0600000, 0x00007f694e590000, 0x00007f694e590000)
  from space 323520K,   6% used [0x00007f694e590000, 0x00007f694f9593e0, 0x00007f6962180000)
  to   space 323520K,   0% used [0x00007f6962180000, 0x00007f6962180000, 0x00007f6975d70000)
 tenured generation   total 6470512K, used 6468266K [0x00007f6e05b50000, 0x00007f6f90a2c000, 0x00007f78b0600000)
   the space 6470512K,  99% used [0x00007f6e05b50000, 0x00007f6f907fabf0, 0x00007f6f907fac00, 0x00007f6f90a2c000)
 Metaspace       used 24333K, capacity 24776K, committed 24832K, reserved 26624K
}
Event: 8000.413 GC heap after
{Heap after GC invocations=10839 (full 4):
 def new generation   total 2911744K, used 19498K [0x00007f68b0600000, 0x00007f6975d70000, 0x00007f6e05b50000)
  eden space 2588224K,   0% used [0x00007f68b0600000, 0x00007f68b0600000, 0x00007f694e590000)
  from space 323520K,   6% used [0x00007f6962180000, 0x00007f696348a910, 0x00007f6975d70000)
  to   space 323520K,   0% used [0x00007f694e590000, 0x00007f694e590000, 0x00007f6962180000)
 tenured generation   total 6470512K, used 6469822K [0x00007f6e05b50000, 0x00007f6f90a2c000, 0x00007f78b0600000)
   the space 6470512K,  99% used [0x00007f6e05b50000, 0x00007f6f9097f890, 0x00007f6f9097fa00, 0x00007f6f90a2c000)
 Metaspace       used 24333K, capacity 24776K, committed 24832K, reserved 26624K
}
Event: 8001.978 GC heap before
{Heap before GC invocations=10839 (full 4):
 def new generation   total 2911744K, used 2607722K [0x00007f68b0600000, 0x00007f6975d70000, 0x00007f6e05b50000)
  eden space 2588224K, 100% used [0x00007f68b0600000, 0x00007f694e590000, 0x00007f694e590000)
  from space 323520K,   6% used [0x00007f6962180000, 0x00007f696348a910, 0x00007f6975d70000)
  to   space 323520K,   0% used [0x00007f694e590000, 0x00007f694e590000, 0x00007f6962180000)
 tenured generation   total 6470512K, used 6469822K [0x00007f6e05b50000, 0x00007f6f90a2c000, 0x00007f78b0600000)
   the space 6470512K,  99% used [0x00007f6e05b50000, 0x00007f6f9097f890, 0x00007f6f9097fa00, 0x00007f6f90a2c000)
 Metaspace       used 24333K, capacity 24776K, committed 24832K, reserved 26624K
}
Event: 8002.008 GC heap after
{Heap after GC invocations=10840 (full 4):
 def new generation   total 2911744K, used 18868K [0x00007f68b0600000, 0x00007f6975d70000, 0x00007f6e05b50000)
  eden space 2588224K,   0% used [0x00007f68b0600000, 0x00007f68b0600000, 0x00007f694e590000)
  from space 323520K,   5% used [0x00007f694e590000, 0x00007f694f7fd368, 0x00007f6962180000)
  to   space 323520K,   0% used [0x00007f6962180000, 0x00007f6962180000, 0x00007f6975d70000)
 tenured generation   total 6471664K, used 6471492K [0x00007f6e05b50000, 0x00007f6f90b4c000, 0x00007f78b0600000)
   the space 6471664K,  99% used [0x00007f6e05b50000, 0x00007f6f90b211b0, 0x00007f6f90b21200, 0x00007f6f90b4c000)
 Metaspace       used 24333K, capacity 24776K, committed 24832K, reserved 26624K
}
Event: 8002.008 GC heap before
{Heap before GC invocations=10840 (full 4):
 def new generation   total 2911744K, used 18868K [0x00007f68b0600000, 0x00007f6975d70000, 0x00007f6e05b50000)
  eden space 2588224K,   0% used [0x00007f68b0600000, 0x00007f68b0600000, 0x00007f694e590000)
  from space 323520K,   5% used [0x00007f694e590000, 0x00007f694f7fd368, 0x00007f6962180000)
  to   space 323520K,   0% used [0x00007f6962180000, 0x00007f6962180000, 0x00007f6975d70000)
 tenured generation   total 6471664K, used 6471492K [0x00007f6e05b50000, 0x00007f6f90b4c000, 0x00007f78b0600000)
   the space 6471664K,  99% used [0x00007f6e05b50000, 0x00007f6f90b211b0, 0x00007f6f90b21200, 0x00007f6f90b4c000)
 Metaspace       used 24333K, capacity 24776K, committed 24832K, reserved 26624K
}

