# JRE version: OpenJDK Runtime Environment (13.0.7+5) (build 13.0.7+5-Ubuntu-0ubuntu120.04)
# Java VM: OpenJDK 64-Bit Server VM (13.0.7+5-Ubuntu-0ubuntu120.04, mixed mode, tiered, serial gc, linux-amd64)
Heap:
 def new generation   total 1009088K, used 0K [0x00007fb7ac600000, 0x00007fb7f0ce0000, 0x00007fc2570a0000)
  eden space 897024K,   0% used [0x00007fb7ac600000, 0x00007fb7ac600000, 0x00007fb7e3200000)
  from space 112064K,   0% used [0x00007fb7e9f70000, 0x00007fb7e9f70000, 0x00007fb7f0ce0000)
  to   space 112064K,   0% used [0x00007fb7e3200000, 0x00007fb7e3200000, 0x00007fb7e9f70000)
 tenured generation   total 2258628K, used 2184552K [0x00007fc2570a0000, 0x00007fc2e0e51000, 0x00007fd7ac600000)
   the space 2258628K,  96% used [0x00007fc2570a0000, 0x00007fc2dc5fa290, 0x00007fc2dc5fa400, 0x00007fc2e0e51000)
 Metaspace       used 24196K, capacity 24630K, committed 24832K, reserved 26624K
GC Heap History (20 events):
Event: 691.998 GC heap after
{Heap after GC invocations=1030 (full 4):
 def new generation   total 1009088K, used 47286K [0x00007fb7ac600000, 0x00007fb7f0ce0000, 0x00007fc2570a0000)
  eden space 897024K,   0% used [0x00007fb7ac600000, 0x00007fb7ac600000, 0x00007fb7e3200000)
  from space 112064K,  42% used [0x00007fb7e3200000, 0x00007fb7e602d830, 0x00007fb7e9f70000)
  to   space 112064K,   0% used [0x00007fb7e9f70000, 0x00007fb7e9f70000, 0x00007fb7f0ce0000)
 tenured generation   total 2242240K, used 2221486K [0x00007fc2570a0000, 0x00007fc2dfe50000, 0x00007fd7ac600000)
   the space 2242240K,  99% used [0x00007fc2570a0000, 0x00007fc2dea0b820, 0x00007fc2dea0ba00, 0x00007fc2dfe50000)
 Metaspace       used 24196K, capacity 24630K, committed 24832K, reserved 26624K
}
Event: 692.810 GC heap before
{Heap before GC invocations=1030 (full 4):
 def new generation   total 1009088K, used 944310K [0x00007fb7ac600000, 0x00007fb7f0ce0000, 0x00007fc2570a0000)
  eden space 897024K, 100% used [0x00007fb7ac600000, 0x00007fb7e3200000, 0x00007fb7e3200000)
  from space 112064K,  42% used [0x00007fb7e3200000, 0x00007fb7e602d830, 0x00007fb7e9f70000)
  to   space 112064K,   0% used [0x00007fb7e9f70000, 0x00007fb7e9f70000, 0x00007fb7f0ce0000)
 tenured generation   total 2242240K, used 2221486K [0x00007fc2570a0000, 0x00007fc2dfe50000, 0x00007fd7ac600000)
   the space 2242240K,  99% used [0x00007fc2570a0000, 0x00007fc2dea0b820, 0x00007fc2dea0ba00, 0x00007fc2dfe50000)
 Metaspace       used 24196K, capacity 24630K, committed 24832K, reserved 26624K
}
Event: 692.846 GC heap after
{Heap after GC invocations=1031 (full 4):
 def new generation   total 1009088K, used 50349K [0x00007fb7ac600000, 0x00007fb7f0ce0000, 0x00007fc2570a0000)
  eden space 897024K,   0% used [0x00007fb7ac600000, 0x00007fb7ac600000, 0x00007fb7e3200000)
  from space 112064K,  44% used [0x00007fb7e9f70000, 0x00007fb7ed09b630, 0x00007fb7f0ce0000)
  to   space 112064K,   0% used [0x00007fb7e3200000, 0x00007fb7e3200000, 0x00007fb7e9f70000)
 tenured generation   total 2242240K, used 2221486K [0x00007fc2570a0000, 0x00007fc2dfe50000, 0x00007fd7ac600000)
   the space 2242240K,  99% used [0x00007fc2570a0000, 0x00007fc2dea0b820, 0x00007fc2dea0ba00, 0x00007fc2dfe50000)
 Metaspace       used 24196K, capacity 24630K, committed 24832K, reserved 26624K
}
Event: 693.523 GC heap before
{Heap before GC invocations=1031 (full 4):
 def new generation   total 1009088K, used 947373K [0x00007fb7ac600000, 0x00007fb7f0ce0000, 0x00007fc2570a0000)
  eden space 897024K, 100% used [0x00007fb7ac600000, 0x00007fb7e3200000, 0x00007fb7e3200000)
  from space 112064K,  44% used [0x00007fb7e9f70000, 0x00007fb7ed09b630, 0x00007fb7f0ce0000)
  to   space 112064K,   0% used [0x00007fb7e3200000, 0x00007fb7e3200000, 0x00007fb7e9f70000)
 tenured generation   total 2242240K, used 2221486K [0x00007fc2570a0000, 0x00007fc2dfe50000, 0x00007fd7ac600000)
   the space 2242240K,  99% used [0x00007fc2570a0000, 0x00007fc2dea0b820, 0x00007fc2dea0ba00, 0x00007fc2dfe50000)
 Metaspace       used 24196K, capacity 24630K, committed 24832K, reserved 26624K
}
Event: 693.559 GC heap after
{Heap after GC invocations=1032 (full 4):
 def new generation   total 1009088K, used 50351K [0x00007fb7ac600000, 0x00007fb7f0ce0000, 0x00007fc2570a0000)
  eden space 897024K,   0% used [0x00007fb7ac600000, 0x00007fb7ac600000, 0x00007fb7e3200000)
  from space 112064K,  44% used [0x00007fb7e3200000, 0x00007fb7e632bce0, 0x00007fb7e9f70000)
  to   space 112064K,   0% used [0x00007fb7e9f70000, 0x00007fb7e9f70000, 0x00007fb7f0ce0000)
 tenured generation   total 2242240K, used 2221486K [0x00007fc2570a0000, 0x00007fc2dfe50000, 0x00007fd7ac600000)
   the space 2242240K,  99% used [0x00007fc2570a0000, 0x00007fc2dea0b820, 0x00007fc2dea0ba00, 0x00007fc2dfe50000)
 Metaspace       used 24196K, capacity 24630K, committed 24832K, reserved 26624K
}
Event: 694.501 GC heap before
{Heap before GC invocations=1032 (full 4):
 def new generation   total 1009088K, used 939462K [0x00007fb7ac600000, 0x00007fb7f0ce0000, 0x00007fc2570a0000)
  eden space 897024K,  99% used [0x00007fb7ac600000, 0x00007fb7e2a45de0, 0x00007fb7e3200000)
  from space 112064K,  44% used [0x00007fb7e3200000, 0x00007fb7e632bce0, 0x00007fb7e9f70000)
  to   space 112064K,   0% used [0x00007fb7e9f70000, 0x00007fb7e9f70000, 0x00007fb7f0ce0000)
 tenured generation   total 2242240K, used 2221486K [0x00007fc2570a0000, 0x00007fc2dfe50000, 0x00007fd7ac600000)
   the space 2242240K,  99% used [0x00007fc2570a0000, 0x00007fc2dea0b820, 0x00007fc2dea0ba00, 0x00007fc2dfe50000)
 Metaspace       used 24196K, capacity 24630K, committed 24832K, reserved 26624K
}
Event: 694.537 GC heap after
{Heap after GC invocations=1033 (full 4):
 def new generation   total 1009088K, used 53963K [0x00007fb7ac600000, 0x00007fb7f0ce0000, 0x00007fc2570a0000)
  eden space 897024K,   0% used [0x00007fb7ac600000, 0x00007fb7ac600000, 0x00007fb7e3200000)
  from space 112064K,  48% used [0x00007fb7e9f70000, 0x00007fb7ed422f08, 0x00007fb7f0ce0000)
  to   space 112064K,   0% used [0x00007fb7e3200000, 0x00007fb7e3200000, 0x00007fb7e9f70000)
 tenured generation   total 2242240K, used 2221486K [0x00007fc2570a0000, 0x00007fc2dfe50000, 0x00007fd7ac600000)
   the space 2242240K,  99% used [0x00007fc2570a0000, 0x00007fc2dea0b820, 0x00007fc2dea0ba00, 0x00007fc2dfe50000)
 Metaspace       used 24196K, capacity 24630K, committed 24832K, reserved 26624K
}
Event: 695.578 GC heap before
{Heap before GC invocations=1033 (full 4):
 def new generation   total 1009088K, used 950987K [0x00007fb7ac600000, 0x00007fb7f0ce0000, 0x00007fc2570a0000)
  eden space 897024K, 100% used [0x00007fb7ac600000, 0x00007fb7e3200000, 0x00007fb7e3200000)
  from space 112064K,  48% used [0x00007fb7e9f70000, 0x00007fb7ed422f08, 0x00007fb7f0ce0000)
  to   space 112064K,   0% used [0x00007fb7e3200000, 0x00007fb7e3200000, 0x00007fb7e9f70000)
 tenured generation   total 2242240K, used 2221486K [0x00007fc2570a0000, 0x00007fc2dfe50000, 0x00007fd7ac600000)
   the space 2242240K,  99% used [0x00007fc2570a0000, 0x00007fc2dea0b820, 0x00007fc2dea0ba00, 0x00007fc2dfe50000)
 Metaspace       used 24196K, capacity 24630K, committed 24832K, reserved 26624K
}
Event: 695.615 GC heap after
{Heap after GC invocations=1034 (full 4):
 def new generation   total 1009088K, used 59104K [0x00007fb7ac600000, 0x00007fb7f0ce0000, 0x00007fc2570a0000)
  eden space 897024K,   0% used [0x00007fb7ac600000, 0x00007fb7ac600000, 0x00007fb7e3200000)
  from space 112064K,  52% used [0x00007fb7e3200000, 0x00007fb7e6bb8010, 0x00007fb7e9f70000)
  to   space 112064K,   0% used [0x00007fb7e9f70000, 0x00007fb7e9f70000, 0x00007fb7f0ce0000)
 tenured generation   total 2242240K, used 2221486K [0x00007fc2570a0000, 0x00007fc2dfe50000, 0x00007fd7ac600000)
   the space 2242240K,  99% used [0x00007fc2570a0000, 0x00007fc2dea0b820, 0x00007fc2dea0ba00, 0x00007fc2dfe50000)
 Metaspace       used 24196K, capacity 24630K, committed 24832K, reserved 26624K
}
Event: 696.644 GC heap before
{Heap before GC invocations=1034 (full 4):
 def new generation   total 1009088K, used 956128K [0x00007fb7ac600000, 0x00007fb7f0ce0000, 0x00007fc2570a0000)
  eden space 897024K, 100% used [0x00007fb7ac600000, 0x00007fb7e3200000, 0x00007fb7e3200000)
  from space 112064K,  52% used [0x00007fb7e3200000, 0x00007fb7e6bb8010, 0x00007fb7e9f70000)
  to   space 112064K,   0% used [0x00007fb7e9f70000, 0x00007fb7e9f70000, 0x00007fb7f0ce0000)
 tenured generation   total 2242240K, used 2221486K [0x00007fc2570a0000, 0x00007fc2dfe50000, 0x00007fd7ac600000)
   the space 2242240K,  99% used [0x00007fc2570a0000, 0x00007fc2dea0b820, 0x00007fc2dea0ba00, 0x00007fc2dfe50000)
 Metaspace       used 24196K, capacity 24630K, committed 24832K, reserved 26624K
}
Event: 696.701 GC heap after
{Heap after GC invocations=1035 (full 4):
 def new generation   total 1009088K, used 46770K [0x00007fb7ac600000, 0x00007fb7f0ce0000, 0x00007fc2570a0000)
  eden space 897024K,   0% used [0x00007fb7ac600000, 0x00007fb7ac600000, 0x00007fb7e3200000)
  from space 112064K,  41% used [0x00007fb7e9f70000, 0x00007fb7ecd1c980, 0x00007fb7f0ce0000)
  to   space 112064K,   0% used [0x00007fb7e3200000, 0x00007fb7e3200000, 0x00007fb7e9f70000)
 tenured generation   total 2242240K, used 2238959K [0x00007fc2570a0000, 0x00007fc2dfe50000, 0x00007fd7ac600000)
   the space 2242240K,  99% used [0x00007fc2570a0000, 0x00007fc2dfb1bd98, 0x00007fc2dfb1be00, 0x00007fc2dfe50000)
 Metaspace       used 24196K, capacity 24630K, committed 24832K, reserved 26624K
}
Event: 697.578 GC heap before
{Heap before GC invocations=1035 (full 4):
 def new generation   total 1009088K, used 943794K [0x00007fb7ac600000, 0x00007fb7f0ce0000, 0x00007fc2570a0000)
  eden space 897024K, 100% used [0x00007fb7ac600000, 0x00007fb7e3200000, 0x00007fb7e3200000)
  from space 112064K,  41% used [0x00007fb7e9f70000, 0x00007fb7ecd1c980, 0x00007fb7f0ce0000)
  to   space 112064K,   0% used [0x00007fb7e3200000, 0x00007fb7e3200000, 0x00007fb7e9f70000)
 tenured generation   total 2242240K, used 2238959K [0x00007fc2570a0000, 0x00007fc2dfe50000, 0x00007fd7ac600000)
   the space 2242240K,  99% used [0x00007fc2570a0000, 0x00007fc2dfb1bd98, 0x00007fc2dfb1be00, 0x00007fc2dfe50000)
 Metaspace       used 24196K, capacity 24630K, committed 24832K, reserved 26624K
}
Event: 697.614 GC heap after
{Heap after GC invocations=1036 (full 4):
 def new generation   total 1009088K, used 50342K [0x00007fb7ac600000, 0x00007fb7f0ce0000, 0x00007fc2570a0000)
  eden space 897024K,   0% used [0x00007fb7ac600000, 0x00007fb7ac600000, 0x00007fb7e3200000)
  from space 112064K,  44% used [0x00007fb7e3200000, 0x00007fb7e6329870, 0x00007fb7e9f70000)
  to   space 112064K,   0% used [0x00007fb7e9f70000, 0x00007fb7e9f70000, 0x00007fb7f0ce0000)
 tenured generation   total 2242240K, used 2238959K [0x00007fc2570a0000, 0x00007fc2dfe50000, 0x00007fd7ac600000)
   the space 2242240K,  99% used [0x00007fc2570a0000, 0x00007fc2dfb1bd98, 0x00007fc2dfb1be00, 0x00007fc2dfe50000)
 Metaspace       used 24196K, capacity 24630K, committed 24832K, reserved 26624K
}
Event: 698.303 GC heap before
{Heap before GC invocations=1036 (full 4):
 def new generation   total 1009088K, used 947366K [0x00007fb7ac600000, 0x00007fb7f0ce0000, 0x00007fc2570a0000)
  eden space 897024K, 100% used [0x00007fb7ac600000, 0x00007fb7e3200000, 0x00007fb7e3200000)
  from space 112064K,  44% used [0x00007fb7e3200000, 0x00007fb7e6329870, 0x00007fb7e9f70000)
  to   space 112064K,   0% used [0x00007fb7e9f70000, 0x00007fb7e9f70000, 0x00007fb7f0ce0000)
 tenured generation   total 2242240K, used 2238959K [0x00007fc2570a0000, 0x00007fc2dfe50000, 0x00007fd7ac600000)
   the space 2242240K,  99% used [0x00007fc2570a0000, 0x00007fc2dfb1bd98, 0x00007fc2dfb1be00, 0x00007fc2dfe50000)
 Metaspace       used 24196K, capacity 24630K, committed 24832K, reserved 26624K
}
Event: 698.340 GC heap after
{Heap after GC invocations=1037 (full 4):
 def new generation   total 1009088K, used 50853K [0x00007fb7ac600000, 0x00007fb7f0ce0000, 0x00007fc2570a0000)
  eden space 897024K,   0% used [0x00007fb7ac600000, 0x00007fb7ac600000, 0x00007fb7e3200000)
  from space 112064K,  45% used [0x00007fb7e9f70000, 0x00007fb7ed1194c0, 0x00007fb7f0ce0000)
  to   space 112064K,   0% used [0x00007fb7e3200000, 0x00007fb7e3200000, 0x00007fb7e9f70000)
 tenured generation   total 2242240K, used 2238959K [0x00007fc2570a0000, 0x00007fc2dfe50000, 0x00007fd7ac600000)
   the space 2242240K,  99% used [0x00007fc2570a0000, 0x00007fc2dfb1bd98, 0x00007fc2dfb1be00, 0x00007fc2dfe50000)
 Metaspace       used 24196K, capacity 24630K, committed 24832K, reserved 26624K
}
Event: 699.150 GC heap before
{Heap before GC invocations=1037 (full 4):
 def new generation   total 1009088K, used 944378K [0x00007fb7ac600000, 0x00007fb7f0ce0000, 0x00007fc2570a0000)
  eden space 897024K,  99% used [0x00007fb7ac600000, 0x00007fb7e2e95628, 0x00007fb7e3200000)
  from space 112064K,  45% used [0x00007fb7e9f70000, 0x00007fb7ed1194c0, 0x00007fb7f0ce0000)
  to   space 112064K,   0% used [0x00007fb7e3200000, 0x00007fb7e3200000, 0x00007fb7e9f70000)
 tenured generation   total 2242240K, used 2238959K [0x00007fc2570a0000, 0x00007fc2dfe50000, 0x00007fd7ac600000)
   the space 2242240K,  99% used [0x00007fc2570a0000, 0x00007fc2dfb1bd98, 0x00007fc2dfb1be00, 0x00007fc2dfe50000)
 Metaspace       used 24196K, capacity 24630K, committed 24832K, reserved 26624K
}
Event: 699.186 GC heap after
{Heap after GC invocations=1038 (full 4):
 def new generation   total 1009088K, used 69882K [0x00007fb7ac600000, 0x00007fb7f0ce0000, 0x00007fc2570a0000)
  eden space 897024K,   0% used [0x00007fb7ac600000, 0x00007fb7ac600000, 0x00007fb7e3200000)
  from space 112064K,  62% used [0x00007fb7e3200000, 0x00007fb7e763ea50, 0x00007fb7e9f70000)
  to   space 112064K,   0% used [0x00007fb7e9f70000, 0x00007fb7e9f70000, 0x00007fb7f0ce0000)
 tenured generation   total 2242240K, used 2238959K [0x00007fc2570a0000, 0x00007fc2dfe50000, 0x00007fd7ac600000)
   the space 2242240K,  99% used [0x00007fc2570a0000, 0x00007fc2dfb1bd98, 0x00007fc2dfb1be00, 0x00007fc2dfe50000)
 Metaspace       used 24196K, capacity 24630K, committed 24832K, reserved 26624K
}
Event: 700.157 GC heap before
{Heap before GC invocations=1038 (full 4):
 def new generation   total 1009088K, used 966906K [0x00007fb7ac600000, 0x00007fb7f0ce0000, 0x00007fc2570a0000)
  eden space 897024K, 100% used [0x00007fb7ac600000, 0x00007fb7e3200000, 0x00007fb7e3200000)
  from space 112064K,  62% used [0x00007fb7e3200000, 0x00007fb7e763ea50, 0x00007fb7e9f70000)
  to   space 112064K,   0% used [0x00007fb7e9f70000, 0x00007fb7e9f70000, 0x00007fb7f0ce0000)
 tenured generation   total 2242240K, used 2238959K [0x00007fc2570a0000, 0x00007fc2dfe50000, 0x00007fd7ac600000)
   the space 2242240K,  99% used [0x00007fc2570a0000, 0x00007fc2dfb1bd98, 0x00007fc2dfb1be00, 0x00007fc2dfe50000)
 Metaspace       used 24196K, capacity 24630K, committed 24832K, reserved 26624K
}
Event: 700.206 GC heap after
{Heap after GC invocations=1039 (full 4):
 def new generation   total 1009088K, used 40603K [0x00007fb7ac600000, 0x00007fb7f0ce0000, 0x00007fc2570a0000)
  eden space 897024K,   0% used [0x00007fb7ac600000, 0x00007fb7ac600000, 0x00007fb7e3200000)
  from space 112064K,  36% used [0x00007fb7e9f70000, 0x00007fb7ec716e80, 0x00007fb7f0ce0000)
  to   space 112064K,   0% used [0x00007fb7e3200000, 0x00007fb7e3200000, 0x00007fb7e9f70000)
 tenured generation   total 2258628K, used 2256432K [0x00007fc2570a0000, 0x00007fc2e0e51000, 0x00007fd7ac600000)
   the space 2258628K,  99% used [0x00007fc2570a0000, 0x00007fc2e0c2c310, 0x00007fc2e0c2c400, 0x00007fc2e0e51000)
 Metaspace       used 24196K, capacity 24630K, committed 24832K, reserved 26624K
}
Event: 700.206 GC heap before
{Heap before GC invocations=1039 (full 4):
 def new generation   total 1009088K, used 40603K [0x00007fb7ac600000, 0x00007fb7f0ce0000, 0x00007fc2570a0000)
  eden space 897024K,   0% used [0x00007fb7ac600000, 0x00007fb7ac600000, 0x00007fb7e3200000)
  from space 112064K,  36% used [0x00007fb7e9f70000, 0x00007fb7ec716e80, 0x00007fb7f0ce0000)
  to   space 112064K,   0% used [0x00007fb7e3200000, 0x00007fb7e3200000, 0x00007fb7e9f70000)
 tenured generation   total 2258628K, used 2256432K [0x00007fc2570a0000, 0x00007fc2e0e51000, 0x00007fd7ac600000)
   the space 2258628K,  99% used [0x00007fc2570a0000, 0x00007fc2e0c2c310, 0x00007fc2e0c2c400, 0x00007fc2e0e51000)
 Metaspace       used 24196K, capacity 24630K, committed 24832K, reserved 26624K
}

