# JRE version: OpenJDK Runtime Environment (13.0.7+5) (build 13.0.7+5-Ubuntu-0ubuntu120.04)
# Java VM: OpenJDK 64-Bit Server VM (13.0.7+5-Ubuntu-0ubuntu120.04, mixed mode, tiered, serial gc, linux-amd64)
Heap:
 def new generation   total 797568K, used 0K [0x00007f6bcc600000, 0x00007f6c02760000, 0x00007f7121b50000)
  eden space 708992K,   0% used [0x00007f6bcc600000, 0x00007f6bcc600000, 0x00007f6bf7a60000)
  from space 88576K,   0% used [0x00007f6bfd0e0000, 0x00007f6bfd0e0000, 0x00007f6c02760000)
  to   space 88576K,   0% used [0x00007f6bf7a60000, 0x00007f6bf7a60000, 0x00007f6bfd0e0000)
 tenured generation   total 10160824K, used 8927645K [0x00007f7121b50000, 0x00007f738ddfe000, 0x00007f7bcc600000)
   the space 10160824K,  87% used [0x00007f7121b50000, 0x00007f73429b7650, 0x00007f73429b7800, 0x00007f738ddfe000)
 Metaspace       used 23309K, capacity 23679K, committed 23808K, reserved 24576K
GC Heap History (20 events):
Event: 10.255 GC heap after
{Heap after GC invocations=3 (full 1):
 def new generation   total 629248K, used 1283K [0x00007f6bcc600000, 0x00007f6bf70c0000, 0x00007f7121b50000)
  eden space 559360K,   0% used [0x00007f6bcc600000, 0x00007f6bcc600000, 0x00007f6bee840000)
  from space 69888K,   1% used [0x00007f6bee840000, 0x00007f6bee980d70, 0x00007f6bf2c80000)
  to   space 69888K,   0% used [0x00007f6bf2c80000, 0x00007f6bf2c80000, 0x00007f6bf70c0000)
 tenured generation   total 1398144K, used 13630K [0x00007f7121b50000, 0x00007f71770b0000, 0x00007f7bcc600000)
   the space 1398144K,   0% used [0x00007f7121b50000, 0x00007f712289f830, 0x00007f712289fa00, 0x00007f71770b0000)
 Metaspace       used 23086K, capacity 23442K, committed 23552K, reserved 24576K
}
Event: 11.215 GC heap before
{Heap before GC invocations=3 (full 1):
 def new generation   total 629248K, used 560643K [0x00007f6bcc600000, 0x00007f6bf70c0000, 0x00007f7121b50000)
  eden space 559360K, 100% used [0x00007f6bcc600000, 0x00007f6bee840000, 0x00007f6bee840000)
  from space 69888K,   1% used [0x00007f6bee840000, 0x00007f6bee980d70, 0x00007f6bf2c80000)
  to   space 69888K,   0% used [0x00007f6bf2c80000, 0x00007f6bf2c80000, 0x00007f6bf70c0000)
 tenured generation   total 1398144K, used 13630K [0x00007f7121b50000, 0x00007f71770b0000, 0x00007f7bcc600000)
   the space 1398144K,   0% used [0x00007f7121b50000, 0x00007f712289f830, 0x00007f712289fa00, 0x00007f71770b0000)
 Metaspace       used 23234K, capacity 23591K, committed 23808K, reserved 24576K
}
Event: 11.218 GC heap after
{Heap after GC invocations=4 (full 1):
 def new generation   total 629248K, used 1099K [0x00007f6bcc600000, 0x00007f6bf70c0000, 0x00007f7121b50000)
  eden space 559360K,   0% used [0x00007f6bcc600000, 0x00007f6bcc600000, 0x00007f6bee840000)
  from space 69888K,   1% used [0x00007f6bf2c80000, 0x00007f6bf2d92f18, 0x00007f6bf70c0000)
  to   space 69888K,   0% used [0x00007f6bee840000, 0x00007f6bee840000, 0x00007f6bf2c80000)
 tenured generation   total 1398144K, used 13630K [0x00007f7121b50000, 0x00007f71770b0000, 0x00007f7bcc600000)
   the space 1398144K,   0% used [0x00007f7121b50000, 0x00007f712289f830, 0x00007f712289fa00, 0x00007f71770b0000)
 Metaspace       used 23234K, capacity 23591K, committed 23808K, reserved 24576K
}
Event: 12.088 GC heap before
{Heap before GC invocations=4 (full 1):
 def new generation   total 629248K, used 560459K [0x00007f6bcc600000, 0x00007f6bf70c0000, 0x00007f7121b50000)
  eden space 559360K, 100% used [0x00007f6bcc600000, 0x00007f6bee840000, 0x00007f6bee840000)
  from space 69888K,   1% used [0x00007f6bf2c80000, 0x00007f6bf2d92f18, 0x00007f6bf70c0000)
  to   space 69888K,   0% used [0x00007f6bee840000, 0x00007f6bee840000, 0x00007f6bf2c80000)
 tenured generation   total 1398144K, used 13630K [0x00007f7121b50000, 0x00007f71770b0000, 0x00007f7bcc600000)
   the space 1398144K,   0% used [0x00007f7121b50000, 0x00007f712289f830, 0x00007f712289fa00, 0x00007f71770b0000)
 Metaspace       used 23235K, capacity 23591K, committed 23808K, reserved 24576K
}
Event: 12.090 GC heap after
{Heap after GC invocations=5 (full 1):
 def new generation   total 629248K, used 1255K [0x00007f6bcc600000, 0x00007f6bf70c0000, 0x00007f7121b50000)
  eden space 559360K,   0% used [0x00007f6bcc600000, 0x00007f6bcc600000, 0x00007f6bee840000)
  from space 69888K,   1% used [0x00007f6bee840000, 0x00007f6bee979fd0, 0x00007f6bf2c80000)
  to   space 69888K,   0% used [0x00007f6bf2c80000, 0x00007f6bf2c80000, 0x00007f6bf70c0000)
 tenured generation   total 1398144K, used 13630K [0x00007f7121b50000, 0x00007f71770b0000, 0x00007f7bcc600000)
   the space 1398144K,   0% used [0x00007f7121b50000, 0x00007f712289f830, 0x00007f712289fa00, 0x00007f71770b0000)
 Metaspace       used 23235K, capacity 23591K, committed 23808K, reserved 24576K
}
Event: 12.639 GC heap before
{Heap before GC invocations=5 (full 1):
 def new generation   total 629248K, used 436348K [0x00007f6bcc600000, 0x00007f6bf70c0000, 0x00007f7121b50000)
  eden space 559360K,  77% used [0x00007f6bcc600000, 0x00007f6be6ee53a8, 0x00007f6bee840000)
  from space 69888K,   1% used [0x00007f6bee840000, 0x00007f6bee979fd0, 0x00007f6bf2c80000)
  to   space 69888K,   0% used [0x00007f6bf2c80000, 0x00007f6bf2c80000, 0x00007f6bf70c0000)
 tenured generation   total 1398144K, used 13630K [0x00007f7121b50000, 0x00007f71770b0000, 0x00007f7bcc600000)
   the space 1398144K,   0% used [0x00007f7121b50000, 0x00007f712289f830, 0x00007f712289fa00, 0x00007f71770b0000)
 Metaspace       used 23301K, capacity 23679K, committed 23808K, reserved 24576K
}
Event: 12.675 GC heap after
{Heap after GC invocations=6 (full 1):
 def new generation   total 629248K, used 17501K [0x00007f6bcc600000, 0x00007f6bf70c0000, 0x00007f7121b50000)
  eden space 559360K,   0% used [0x00007f6bcc600000, 0x00007f6bcc600000, 0x00007f6bee840000)
  from space 69888K,  25% used [0x00007f6bf2c80000, 0x00007f6bf3d97768, 0x00007f6bf70c0000)
  to   space 69888K,   0% used [0x00007f6bee840000, 0x00007f6bee840000, 0x00007f6bf2c80000)
 tenured generation   total 1398144K, used 13630K [0x00007f7121b50000, 0x00007f71770b0000, 0x00007f7bcc600000)
   the space 1398144K,   0% used [0x00007f7121b50000, 0x00007f712289f830, 0x00007f712289fa00, 0x00007f71770b0000)
 Metaspace       used 23301K, capacity 23679K, committed 23808K, reserved 24576K
}
Event: 13.150 GC heap before
{Heap before GC invocations=6 (full 1):
 def new generation   total 629248K, used 552801K [0x00007f6bcc600000, 0x00007f6bf70c0000, 0x00007f7121b50000)
  eden space 559360K,  95% used [0x00007f6bcc600000, 0x00007f6bed0c0fa8, 0x00007f6bee840000)
  from space 69888K,  25% used [0x00007f6bf2c80000, 0x00007f6bf3d97768, 0x00007f6bf70c0000)
  to   space 69888K,   0% used [0x00007f6bee840000, 0x00007f6bee840000, 0x00007f6bf2c80000)
 tenured generation   total 1398144K, used 13630K [0x00007f7121b50000, 0x00007f71770b0000, 0x00007f7bcc600000)
   the space 1398144K,   0% used [0x00007f7121b50000, 0x00007f712289f830, 0x00007f712289fa00, 0x00007f71770b0000)
 Metaspace       used 23302K, capacity 23679K, committed 23808K, reserved 24576K
}
Event: 13.539 GC heap after
{Heap after GC invocations=7 (full 1):
 def new generation   total 629248K, used 1115K [0x00007f6bcc600000, 0x00007f6bf70c0000, 0x00007f7121b50000)
  eden space 559360K,   0% used [0x00007f6bcc600000, 0x00007f6bcc600000, 0x00007f6bee840000)
  from space 69888K,   1% used [0x00007f6bee840000, 0x00007f6bee956f00, 0x00007f6bf2c80000)
  to   space 69888K,   0% used [0x00007f6bf2c80000, 0x00007f6bf2c80000, 0x00007f6bf70c0000)
 tenured generation   total 1398144K, used 537918K [0x00007f7121b50000, 0x00007f71770b0000, 0x00007f7bcc600000)
   the space 1398144K,  38% used [0x00007f7121b50000, 0x00007f714289f860, 0x00007f714289fa00, 0x00007f71770b0000)
 Metaspace       used 23302K, capacity 23679K, committed 23808K, reserved 24576K
}
Event: 14.286 GC heap before
{Heap before GC invocations=7 (full 1):
 def new generation   total 629248K, used 551624K [0x00007f6bcc600000, 0x00007f6bf70c0000, 0x00007f7121b50000)
  eden space 559360K,  98% used [0x00007f6bcc600000, 0x00007f6bedf9b340, 0x00007f6bee840000)
  from space 69888K,   1% used [0x00007f6bee840000, 0x00007f6bee956f00, 0x00007f6bf2c80000)
  to   space 69888K,   0% used [0x00007f6bf2c80000, 0x00007f6bf2c80000, 0x00007f6bf70c0000)
 tenured generation   total 1398144K, used 537918K [0x00007f7121b50000, 0x00007f71770b0000, 0x00007f7bcc600000)
   the space 1398144K,  38% used [0x00007f7121b50000, 0x00007f714289f860, 0x00007f714289fa00, 0x00007f71770b0000)
 Metaspace       used 23309K, capacity 23679K, committed 23808K, reserved 24576K
}
Event: 14.297 GC heap after
{Heap after GC invocations=8 (full 1):
 def new generation   total 629248K, used 17536K [0x00007f6bcc600000, 0x00007f6bf70c0000, 0x00007f7121b50000)
  eden space 559360K,   0% used [0x00007f6bcc600000, 0x00007f6bcc600000, 0x00007f6bee840000)
  from space 69888K,  25% used [0x00007f6bf2c80000, 0x00007f6bf3da0048, 0x00007f6bf70c0000)
  to   space 69888K,   0% used [0x00007f6bee840000, 0x00007f6bee840000, 0x00007f6bf2c80000)
 tenured generation   total 1398144K, used 537918K [0x00007f7121b50000, 0x00007f71770b0000, 0x00007f7bcc600000)
   the space 1398144K,  38% used [0x00007f7121b50000, 0x00007f714289f860, 0x00007f714289fa00, 0x00007f71770b0000)
 Metaspace       used 23309K, capacity 23679K, committed 23808K, reserved 24576K
}
Event: 14.824 GC heap before
{Heap before GC invocations=8 (full 1):
 def new generation   total 629248K, used 552851K [0x00007f6bcc600000, 0x00007f6bf70c0000, 0x00007f7121b50000)
  eden space 559360K,  95% used [0x00007f6bcc600000, 0x00007f6bed0c4d50, 0x00007f6bee840000)
  from space 69888K,  25% used [0x00007f6bf2c80000, 0x00007f6bf3da0048, 0x00007f6bf70c0000)
  to   space 69888K,   0% used [0x00007f6bee840000, 0x00007f6bee840000, 0x00007f6bf2c80000)
 tenured generation   total 1398144K, used 537918K [0x00007f7121b50000, 0x00007f71770b0000, 0x00007f7bcc600000)
   the space 1398144K,  38% used [0x00007f7121b50000, 0x00007f714289f860, 0x00007f714289fa00, 0x00007f71770b0000)
 Metaspace       used 23309K, capacity 23679K, committed 23808K, reserved 24576K
}
Event: 16.943 GC heap after
{Heap after GC invocations=9 (full 1):
 def new generation   total 629248K, used 1150K [0x00007f6bcc600000, 0x00007f6bf70c0000, 0x00007f7121b50000)
  eden space 559360K,   0% used [0x00007f6bcc600000, 0x00007f6bcc600000, 0x00007f6bee840000)
  from space 69888K,   1% used [0x00007f6bee840000, 0x00007f6bee95fa38, 0x00007f6bf2c80000)
  to   space 69888K,   0% used [0x00007f6bf2c80000, 0x00007f6bf2c80000, 0x00007f6bf70c0000)
 tenured generation   total 1398144K, used 1062206K [0x00007f7121b50000, 0x00007f71770b0000, 0x00007f7bcc600000)
   the space 1398144K,  75% used [0x00007f7121b50000, 0x00007f716289f878, 0x00007f716289fa00, 0x00007f71770b0000)
 Metaspace       used 23309K, capacity 23679K, committed 23808K, reserved 24576K
}
Event: 17.227 GC heap before
{Heap before GC invocations=9 (full 1):
 def new generation   total 629248K, used 536459K [0x00007f6bcc600000, 0x00007f6bf70c0000, 0x00007f7121b50000)
  eden space 559360K,  95% used [0x00007f6bcc600000, 0x00007f6bed0c3268, 0x00007f6bee840000)
  from space 69888K,   1% used [0x00007f6bee840000, 0x00007f6bee95fa38, 0x00007f6bf2c80000)
  to   space 69888K,   0% used [0x00007f6bf2c80000, 0x00007f6bf2c80000, 0x00007f6bf70c0000)
 tenured generation   total 1398144K, used 1062206K [0x00007f7121b50000, 0x00007f71770b0000, 0x00007f7bcc600000)
   the space 1398144K,  75% used [0x00007f7121b50000, 0x00007f716289f878, 0x00007f716289fa00, 0x00007f71770b0000)
 Metaspace       used 23309K, capacity 23679K, committed 23808K, reserved 24576K
}
Event: 17.615 GC heap after
{Heap after GC invocations=10 (full 1):
 def new generation   total 629248K, used 1151K [0x00007f6bcc600000, 0x00007f6bf70c0000, 0x00007f7121b50000)
  eden space 559360K,   0% used [0x00007f6bcc600000, 0x00007f6bcc600000, 0x00007f6bee840000)
  from space 69888K,   1% used [0x00007f6bf2c80000, 0x00007f6bf2d9fc80, 0x00007f6bf70c0000)
  to   space 69888K,   0% used [0x00007f6bee840000, 0x00007f6bee840000, 0x00007f6bf2c80000)
 tenured generation   total 1922436K, used 1586494K [0x00007f7121b50000, 0x00007f71970b1000, 0x00007f7bcc600000)
   the space 1922436K,  82% used [0x00007f7121b50000, 0x00007f718289f890, 0x00007f718289fa00, 0x00007f71970b1000)
 Metaspace       used 23309K, capacity 23679K, committed 23808K, reserved 24576K
}
Event: 17.615 GC heap before
{Heap before GC invocations=10 (full 1):
 def new generation   total 629248K, used 1151K [0x00007f6bcc600000, 0x00007f6bf70c0000, 0x00007f7121b50000)
  eden space 559360K,   0% used [0x00007f6bcc600000, 0x00007f6bcc600000, 0x00007f6bee840000)
  from space 69888K,   1% used [0x00007f6bf2c80000, 0x00007f6bf2d9fc80, 0x00007f6bf70c0000)
  to   space 69888K,   0% used [0x00007f6bee840000, 0x00007f6bee840000, 0x00007f6bf2c80000)
 tenured generation   total 1922436K, used 1586494K [0x00007f7121b50000, 0x00007f71970b1000, 0x00007f7bcc600000)
   the space 1922436K,  82% used [0x00007f7121b50000, 0x00007f718289f890, 0x00007f718289fa00, 0x00007f71970b1000)
 Metaspace       used 23309K, capacity 23679K, committed 23808K, reserved 24576K
}
Event: 19.374 GC heap after
{Heap after GC invocations=10 (full 2):
 def new generation   total 797568K, used 0K [0x00007f6bcc600000, 0x00007f6c02760000, 0x00007f7121b50000)
  eden space 708992K,   0% used [0x00007f6bcc600000, 0x00007f6bcc600000, 0x00007f6bf7a60000)
  from space 88576K,   0% used [0x00007f6bf7a60000, 0x00007f6bf7a60000, 0x00007f6bfd0e0000)
  to   space 88576K,   0% used [0x00007f6bfd0e0000, 0x00007f6bfd0e0000, 0x00007f6c02760000)
 tenured generation   total 1772212K, used 1063325K [0x00007f7121b50000, 0x00007f718ddfd000, 0x00007f7bcc600000)
   the space 1772212K,  59% used [0x00007f7121b50000, 0x00007f71629b7698, 0x00007f71629b7800, 0x00007f718ddfd000)
 Metaspace       used 23309K, capacity 23679K, committed 23808K, reserved 24576K
}
Event: 31.901 GC heap before
{Heap before GC invocations=10 (full 2):
 def new generation   total 797568K, used 13940K [0x00007f6bcc600000, 0x00007f6c02760000, 0x00007f7121b50000)
  eden space 708992K,   1% used [0x00007f6bcc600000, 0x00007f6bcd39d1c8, 0x00007f6bf7a60000)
  from space 88576K,   0% used [0x00007f6bf7a60000, 0x00007f6bf7a60000, 0x00007f6bfd0e0000)
  to   space 88576K,   0% used [0x00007f6bfd0e0000, 0x00007f6bfd0e0000, 0x00007f6c02760000)
 tenured generation   total 10160824K, used 9451933K [0x00007f7121b50000, 0x00007f738ddfe000, 0x00007f7bcc600000)
   the space 10160824K,  93% used [0x00007f7121b50000, 0x00007f73629b76b0, 0x00007f73629b7800, 0x00007f738ddfe000)
 Metaspace       used 23309K, capacity 23679K, committed 23808K, reserved 24576K
}
Event: 31.921 GC heap after
{Heap after GC invocations=11 (full 2):
 def new generation   total 797568K, used 0K [0x00007f6bcc600000, 0x00007f6c02760000, 0x00007f7121b50000)
  eden space 708992K,   0% used [0x00007f6bcc600000, 0x00007f6bcc600000, 0x00007f6bf7a60000)
  from space 88576K,   0% used [0x00007f6bfd0e0000, 0x00007f6bfd0e0158, 0x00007f6c02760000)
  to   space 88576K,   0% used [0x00007f6bf7a60000, 0x00007f6bf7a60000, 0x00007f6bfd0e0000)
 tenured generation   total 10160824K, used 9451933K [0x00007f7121b50000, 0x00007f738ddfe000, 0x00007f7bcc600000)
   the space 10160824K,  93% used [0x00007f7121b50000, 0x00007f73629b76b0, 0x00007f73629b7800, 0x00007f738ddfe000)
 Metaspace       used 23309K, capacity 23679K, committed 23808K, reserved 24576K
}
Event: 31.921 GC heap before
{Heap before GC invocations=11 (full 2):
 def new generation   total 797568K, used 0K [0x00007f6bcc600000, 0x00007f6c02760000, 0x00007f7121b50000)
  eden space 708992K,   0% used [0x00007f6bcc600000, 0x00007f6bcc600000, 0x00007f6bf7a60000)
  from space 88576K,   0% used [0x00007f6bfd0e0000, 0x00007f6bfd0e0158, 0x00007f6c02760000)
  to   space 88576K,   0% used [0x00007f6bf7a60000, 0x00007f6bf7a60000, 0x00007f6bfd0e0000)
 tenured generation   total 10160824K, used 9451933K [0x00007f7121b50000, 0x00007f738ddfe000, 0x00007f7bcc600000)
   the space 10160824K,  93% used [0x00007f7121b50000, 0x00007f73629b76b0, 0x00007f73629b7800, 0x00007f738ddfe000)
 Metaspace       used 23309K, capacity 23679K, committed 23808K, reserved 24576K
}

