# JRE version: OpenJDK Runtime Environment (13.0.7+5) (build 13.0.7+5-Ubuntu-0ubuntu120.04)
# Java VM: OpenJDK 64-Bit Server VM (13.0.7+5-Ubuntu-0ubuntu120.04, mixed mode, tiered, serial gc, linux-amd64)
Heap:
 def new generation   total 1759680K, used 56518K [0x00007f9cd8600000, 0x00007f9d4fb50000, 0x00007fa22db50000)
  eden space 1564224K,   3% used [0x00007f9cd8600000, 0x00007f9cdbd31b08, 0x00007f9d37d90000)
  from space 195456K,   0% used [0x00007f9d43c70000, 0x00007f9d43c70000, 0x00007f9d4fb50000)
  to   space 195456K,   0% used [0x00007f9d37d90000, 0x00007f9d37d90000, 0x00007f9d43c70000)
 tenured generation   total 3926540K, used 3923369K [0x00007fa22db50000, 0x00007fa31d5d3000, 0x00007facd8600000)
   the space 3926540K,  99% used [0x00007fa22db50000, 0x00007fa31d2ba568, 0x00007fa31d2ba600, 0x00007fa31d5d3000)
 Metaspace       used 24212K, capacity 24629K, committed 24832K, reserved 26624K
GC Heap History (20 events):
Event: 2362.610 GC heap after
{Heap after GC invocations=2048 (full 5):
 def new generation   total 1759680K, used 75567K [0x00007f9cd8600000, 0x00007f9d4fb50000, 0x00007fa22db50000)
  eden space 1564224K,   0% used [0x00007f9cd8600000, 0x00007f9cd8600000, 0x00007f9d37d90000)
  from space 195456K,  38% used [0x00007f9d37d90000, 0x00007f9d3c75be38, 0x00007f9d43c70000)
  to   space 195456K,   0% used [0x00007f9d43c70000, 0x00007f9d43c70000, 0x00007f9d4fb50000)
 tenured generation   total 3910152K, used 3878113K [0x00007fa22db50000, 0x00007fa31c5d2000, 0x00007facd8600000)
   the space 3910152K,  99% used [0x00007fa22db50000, 0x00007fa31a688668, 0x00007fa31a688800, 0x00007fa31c5d2000)
 Metaspace       used 24212K, capacity 24629K, committed 24832K, reserved 26624K
}
Event: 2364.421 GC heap before
{Heap before GC invocations=2048 (full 5):
 def new generation   total 1759680K, used 1639791K [0x00007f9cd8600000, 0x00007f9d4fb50000, 0x00007fa22db50000)
  eden space 1564224K, 100% used [0x00007f9cd8600000, 0x00007f9d37d90000, 0x00007f9d37d90000)
  from space 195456K,  38% used [0x00007f9d37d90000, 0x00007f9d3c75be38, 0x00007f9d43c70000)
  to   space 195456K,   0% used [0x00007f9d43c70000, 0x00007f9d43c70000, 0x00007f9d4fb50000)
 tenured generation   total 3910152K, used 3878113K [0x00007fa22db50000, 0x00007fa31c5d2000, 0x00007facd8600000)
   the space 3910152K,  99% used [0x00007fa22db50000, 0x00007fa31a688668, 0x00007fa31a688800, 0x00007fa31c5d2000)
 Metaspace       used 24212K, capacity 24629K, committed 24832K, reserved 26624K
}
Event: 2364.489 GC heap after
{Heap after GC invocations=2049 (full 5):
 def new generation   total 1759680K, used 81717K [0x00007f9cd8600000, 0x00007f9d4fb50000, 0x00007fa22db50000)
  eden space 1564224K,   0% used [0x00007f9cd8600000, 0x00007f9cd8600000, 0x00007f9d37d90000)
  from space 195456K,  41% used [0x00007f9d43c70000, 0x00007f9d48c3d768, 0x00007f9d4fb50000)
  to   space 195456K,   0% used [0x00007f9d37d90000, 0x00007f9d37d90000, 0x00007f9d43c70000)
 tenured generation   total 3910152K, used 3878113K [0x00007fa22db50000, 0x00007fa31c5d2000, 0x00007facd8600000)
   the space 3910152K,  99% used [0x00007fa22db50000, 0x00007fa31a688668, 0x00007fa31a688800, 0x00007fa31c5d2000)
 Metaspace       used 24212K, capacity 24629K, committed 24832K, reserved 26624K
}
Event: 2365.940 GC heap before
{Heap before GC invocations=2049 (full 5):
 def new generation   total 1759680K, used 1645941K [0x00007f9cd8600000, 0x00007f9d4fb50000, 0x00007fa22db50000)
  eden space 1564224K, 100% used [0x00007f9cd8600000, 0x00007f9d37d90000, 0x00007f9d37d90000)
  from space 195456K,  41% used [0x00007f9d43c70000, 0x00007f9d48c3d768, 0x00007f9d4fb50000)
  to   space 195456K,   0% used [0x00007f9d37d90000, 0x00007f9d37d90000, 0x00007f9d43c70000)
 tenured generation   total 3910152K, used 3878113K [0x00007fa22db50000, 0x00007fa31c5d2000, 0x00007facd8600000)
   the space 3910152K,  99% used [0x00007fa22db50000, 0x00007fa31a688668, 0x00007fa31a688800, 0x00007fa31c5d2000)
 Metaspace       used 24212K, capacity 24629K, committed 24832K, reserved 26624K
}
Event: 2366.006 GC heap after
{Heap after GC invocations=2050 (full 5):
 def new generation   total 1759680K, used 84803K [0x00007f9cd8600000, 0x00007f9d4fb50000, 0x00007fa22db50000)
  eden space 1564224K,   0% used [0x00007f9cd8600000, 0x00007f9cd8600000, 0x00007f9d37d90000)
  from space 195456K,  43% used [0x00007f9d37d90000, 0x00007f9d3d060ec8, 0x00007f9d43c70000)
  to   space 195456K,   0% used [0x00007f9d43c70000, 0x00007f9d43c70000, 0x00007f9d4fb50000)
 tenured generation   total 3910152K, used 3878113K [0x00007fa22db50000, 0x00007fa31c5d2000, 0x00007facd8600000)
   the space 3910152K,  99% used [0x00007fa22db50000, 0x00007fa31a688668, 0x00007fa31a688800, 0x00007fa31c5d2000)
 Metaspace       used 24212K, capacity 24629K, committed 24832K, reserved 26624K
}
Event: 2367.383 GC heap before
{Heap before GC invocations=2050 (full 5):
 def new generation   total 1759680K, used 1649027K [0x00007f9cd8600000, 0x00007f9d4fb50000, 0x00007fa22db50000)
  eden space 1564224K, 100% used [0x00007f9cd8600000, 0x00007f9d37d90000, 0x00007f9d37d90000)
  from space 195456K,  43% used [0x00007f9d37d90000, 0x00007f9d3d060ec8, 0x00007f9d43c70000)
  to   space 195456K,   0% used [0x00007f9d43c70000, 0x00007f9d43c70000, 0x00007f9d4fb50000)
 tenured generation   total 3910152K, used 3878113K [0x00007fa22db50000, 0x00007fa31c5d2000, 0x00007facd8600000)
   the space 3910152K,  99% used [0x00007fa22db50000, 0x00007fa31a688668, 0x00007fa31a688800, 0x00007fa31c5d2000)
 Metaspace       used 24212K, capacity 24629K, committed 24832K, reserved 26624K
}
Event: 2367.462 GC heap after
{Heap after GC invocations=2051 (full 5):
 def new generation   total 1759680K, used 67840K [0x00007f9cd8600000, 0x00007f9d4fb50000, 0x00007fa22db50000)
  eden space 1564224K,   0% used [0x00007f9cd8600000, 0x00007f9cd8600000, 0x00007f9d37d90000)
  from space 195456K,  34% used [0x00007f9d43c70000, 0x00007f9d47eb0278, 0x00007f9d4fb50000)
  to   space 195456K,   0% used [0x00007f9d37d90000, 0x00007f9d37d90000, 0x00007f9d43c70000)
 tenured generation   total 3910152K, used 3895073K [0x00007fa22db50000, 0x00007fa31c5d2000, 0x00007facd8600000)
   the space 3910152K,  99% used [0x00007fa22db50000, 0x00007fa31b718660, 0x00007fa31b718800, 0x00007fa31c5d2000)
 Metaspace       used 24212K, capacity 24629K, committed 24832K, reserved 26624K
}
Event: 2368.906 GC heap before
{Heap before GC invocations=2051 (full 5):
 def new generation   total 1759680K, used 1617822K [0x00007f9cd8600000, 0x00007f9d4fb50000, 0x00007fa22db50000)
  eden space 1564224K,  99% used [0x00007f9cd8600000, 0x00007f9d36fa7740, 0x00007f9d37d90000)
  from space 195456K,  34% used [0x00007f9d43c70000, 0x00007f9d47eb0278, 0x00007f9d4fb50000)
  to   space 195456K,   0% used [0x00007f9d37d90000, 0x00007f9d37d90000, 0x00007f9d43c70000)
 tenured generation   total 3910152K, used 3895073K [0x00007fa22db50000, 0x00007fa31c5d2000, 0x00007facd8600000)
   the space 3910152K,  99% used [0x00007fa22db50000, 0x00007fa31b718660, 0x00007fa31b718800, 0x00007fa31c5d2000)
 Metaspace       used 24212K, capacity 24629K, committed 24832K, reserved 26624K
}
Event: 2368.959 GC heap after
{Heap after GC invocations=2052 (full 5):
 def new generation   total 1759680K, used 69386K [0x00007f9cd8600000, 0x00007f9d4fb50000, 0x00007fa22db50000)
  eden space 1564224K,   0% used [0x00007f9cd8600000, 0x00007f9cd8600000, 0x00007f9d37d90000)
  from space 195456K,  35% used [0x00007f9d37d90000, 0x00007f9d3c1529f0, 0x00007f9d43c70000)
  to   space 195456K,   0% used [0x00007f9d43c70000, 0x00007f9d43c70000, 0x00007f9d4fb50000)
 tenured generation   total 3910152K, used 3895073K [0x00007fa22db50000, 0x00007fa31c5d2000, 0x00007facd8600000)
   the space 3910152K,  99% used [0x00007fa22db50000, 0x00007fa31b718660, 0x00007fa31b718800, 0x00007fa31c5d2000)
 Metaspace       used 24212K, capacity 24629K, committed 24832K, reserved 26624K
}
Event: 2370.902 GC heap before
{Heap before GC invocations=2052 (full 5):
 def new generation   total 1759680K, used 1618510K [0x00007f9cd8600000, 0x00007f9d4fb50000, 0x00007fa22db50000)
  eden space 1564224K,  99% used [0x00007f9cd8600000, 0x00007f9d36ed0ed8, 0x00007f9d37d90000)
  from space 195456K,  35% used [0x00007f9d37d90000, 0x00007f9d3c1529f0, 0x00007f9d43c70000)
  to   space 195456K,   0% used [0x00007f9d43c70000, 0x00007f9d43c70000, 0x00007f9d4fb50000)
 tenured generation   total 3910152K, used 3895073K [0x00007fa22db50000, 0x00007fa31c5d2000, 0x00007facd8600000)
   the space 3910152K,  99% used [0x00007fa22db50000, 0x00007fa31b718660, 0x00007fa31b718800, 0x00007fa31c5d2000)
 Metaspace       used 24212K, capacity 24629K, committed 24832K, reserved 26624K
}
Event: 2370.953 GC heap after
{Heap after GC invocations=2053 (full 5):
 def new generation   total 1759680K, used 72486K [0x00007f9cd8600000, 0x00007f9d4fb50000, 0x00007fa22db50000)
  eden space 1564224K,   0% used [0x00007f9cd8600000, 0x00007f9cd8600000, 0x00007f9d37d90000)
  from space 195456K,  37% used [0x00007f9d43c70000, 0x00007f9d48339bd0, 0x00007f9d4fb50000)
  to   space 195456K,   0% used [0x00007f9d37d90000, 0x00007f9d37d90000, 0x00007f9d43c70000)
 tenured generation   total 3910152K, used 3895073K [0x00007fa22db50000, 0x00007fa31c5d2000, 0x00007facd8600000)
   the space 3910152K,  99% used [0x00007fa22db50000, 0x00007fa31b718660, 0x00007fa31b718800, 0x00007fa31c5d2000)
 Metaspace       used 24212K, capacity 24629K, committed 24832K, reserved 26624K
}
Event: 2372.871 GC heap before
{Heap before GC invocations=2053 (full 5):
 def new generation   total 1759680K, used 1631696K [0x00007f9cd8600000, 0x00007f9d4fb50000, 0x00007fa22db50000)
  eden space 1564224K,  99% used [0x00007f9cd8600000, 0x00007f9d378aa620, 0x00007f9d37d90000)
  from space 195456K,  37% used [0x00007f9d43c70000, 0x00007f9d48339bd0, 0x00007f9d4fb50000)
  to   space 195456K,   0% used [0x00007f9d37d90000, 0x00007f9d37d90000, 0x00007f9d43c70000)
 tenured generation   total 3910152K, used 3895073K [0x00007fa22db50000, 0x00007fa31c5d2000, 0x00007facd8600000)
   the space 3910152K,  99% used [0x00007fa22db50000, 0x00007fa31b718660, 0x00007fa31b718800, 0x00007fa31c5d2000)
 Metaspace       used 24212K, capacity 24629K, committed 24832K, reserved 26624K
}
Event: 2372.931 GC heap after
{Heap after GC invocations=2054 (full 5):
 def new generation   total 1759680K, used 78653K [0x00007f9cd8600000, 0x00007f9d4fb50000, 0x00007fa22db50000)
  eden space 1564224K,   0% used [0x00007f9cd8600000, 0x00007f9cd8600000, 0x00007f9d37d90000)
  from space 195456K,  40% used [0x00007f9d37d90000, 0x00007f9d3ca5f638, 0x00007f9d43c70000)
  to   space 195456K,   0% used [0x00007f9d43c70000, 0x00007f9d43c70000, 0x00007f9d4fb50000)
 tenured generation   total 3910152K, used 3895073K [0x00007fa22db50000, 0x00007fa31c5d2000, 0x00007facd8600000)
   the space 3910152K,  99% used [0x00007fa22db50000, 0x00007fa31b718660, 0x00007fa31b718800, 0x00007fa31c5d2000)
 Metaspace       used 24212K, capacity 24629K, committed 24832K, reserved 26624K
}
Event: 2374.521 GC heap before
{Heap before GC invocations=2054 (full 5):
 def new generation   total 1759680K, used 1642877K [0x00007f9cd8600000, 0x00007f9d4fb50000, 0x00007fa22db50000)
  eden space 1564224K, 100% used [0x00007f9cd8600000, 0x00007f9d37d90000, 0x00007f9d37d90000)
  from space 195456K,  40% used [0x00007f9d37d90000, 0x00007f9d3ca5f638, 0x00007f9d43c70000)
  to   space 195456K,   0% used [0x00007f9d43c70000, 0x00007f9d43c70000, 0x00007f9d4fb50000)
 tenured generation   total 3910152K, used 3895073K [0x00007fa22db50000, 0x00007fa31c5d2000, 0x00007facd8600000)
   the space 3910152K,  99% used [0x00007fa22db50000, 0x00007fa31b718660, 0x00007fa31b718800, 0x00007fa31c5d2000)
 Metaspace       used 24212K, capacity 24629K, committed 24832K, reserved 26624K
}
Event: 2374.611 GC heap after
{Heap after GC invocations=2055 (full 5):
 def new generation   total 1759680K, used 83783K [0x00007f9cd8600000, 0x00007f9d4fb50000, 0x00007fa22db50000)
  eden space 1564224K,   0% used [0x00007f9cd8600000, 0x00007f9cd8600000, 0x00007f9d37d90000)
  from space 195456K,  42% used [0x00007f9d43c70000, 0x00007f9d48e41eb0, 0x00007f9d4fb50000)
  to   space 195456K,   0% used [0x00007f9d37d90000, 0x00007f9d37d90000, 0x00007f9d43c70000)
 tenured generation   total 3910152K, used 3895073K [0x00007fa22db50000, 0x00007fa31c5d2000, 0x00007facd8600000)
   the space 3910152K,  99% used [0x00007fa22db50000, 0x00007fa31b718660, 0x00007fa31b718800, 0x00007fa31c5d2000)
 Metaspace       used 24212K, capacity 24629K, committed 24832K, reserved 26624K
}
Event: 2375.967 GC heap before
{Heap before GC invocations=2055 (full 5):
 def new generation   total 1759680K, used 1648007K [0x00007f9cd8600000, 0x00007f9d4fb50000, 0x00007fa22db50000)
  eden space 1564224K, 100% used [0x00007f9cd8600000, 0x00007f9d37d90000, 0x00007f9d37d90000)
  from space 195456K,  42% used [0x00007f9d43c70000, 0x00007f9d48e41eb0, 0x00007f9d4fb50000)
  to   space 195456K,   0% used [0x00007f9d37d90000, 0x00007f9d37d90000, 0x00007f9d43c70000)
 tenured generation   total 3910152K, used 3895073K [0x00007fa22db50000, 0x00007fa31c5d2000, 0x00007facd8600000)
   the space 3910152K,  99% used [0x00007fa22db50000, 0x00007fa31b718660, 0x00007fa31b718800, 0x00007fa31c5d2000)
 Metaspace       used 24212K, capacity 24629K, committed 24832K, reserved 26624K
}
Event: 2376.032 GC heap after
{Heap after GC invocations=2056 (full 5):
 def new generation   total 1759680K, used 84811K [0x00007f9cd8600000, 0x00007f9d4fb50000, 0x00007fa22db50000)
  eden space 1564224K,   0% used [0x00007f9cd8600000, 0x00007f9cd8600000, 0x00007f9d37d90000)
  from space 195456K,  43% used [0x00007f9d37d90000, 0x00007f9d3d062ec0, 0x00007f9d43c70000)
  to   space 195456K,   0% used [0x00007f9d43c70000, 0x00007f9d43c70000, 0x00007f9d4fb50000)
 tenured generation   total 3910152K, used 3895073K [0x00007fa22db50000, 0x00007fa31c5d2000, 0x00007facd8600000)
   the space 3910152K,  99% used [0x00007fa22db50000, 0x00007fa31b718660, 0x00007fa31b718800, 0x00007fa31c5d2000)
 Metaspace       used 24212K, capacity 24629K, committed 24832K, reserved 26624K
}
Event: 2377.400 GC heap before
{Heap before GC invocations=2056 (full 5):
 def new generation   total 1759680K, used 1649035K [0x00007f9cd8600000, 0x00007f9d4fb50000, 0x00007fa22db50000)
  eden space 1564224K, 100% used [0x00007f9cd8600000, 0x00007f9d37d90000, 0x00007f9d37d90000)
  from space 195456K,  43% used [0x00007f9d37d90000, 0x00007f9d3d062ec0, 0x00007f9d43c70000)
  to   space 195456K,   0% used [0x00007f9d43c70000, 0x00007f9d43c70000, 0x00007f9d4fb50000)
 tenured generation   total 3910152K, used 3895073K [0x00007fa22db50000, 0x00007fa31c5d2000, 0x00007facd8600000)
   the space 3910152K,  99% used [0x00007fa22db50000, 0x00007fa31b718660, 0x00007fa31b718800, 0x00007fa31c5d2000)
 Metaspace       used 24212K, capacity 24629K, committed 24832K, reserved 26624K
}
Event: 2377.514 GC heap after
{Heap after GC invocations=2057 (full 5):
 def new generation   total 1759680K, used 67854K [0x00007f9cd8600000, 0x00007f9d4fb50000, 0x00007fa22db50000)
  eden space 1564224K,   0% used [0x00007f9cd8600000, 0x00007f9cd8600000, 0x00007f9d37d90000)
  from space 195456K,  34% used [0x00007f9d43c70000, 0x00007f9d47eb3a18, 0x00007f9d4fb50000)
  to   space 195456K,   0% used [0x00007f9d37d90000, 0x00007f9d37d90000, 0x00007f9d43c70000)
 tenured generation   total 3926540K, used 3912033K [0x00007fa22db50000, 0x00007fa31d5d3000, 0x00007facd8600000)
   the space 3926540K,  99% used [0x00007fa22db50000, 0x00007fa31c7a8658, 0x00007fa31c7a8800, 0x00007fa31d5d3000)
 Metaspace       used 24212K, capacity 24629K, committed 24832K, reserved 26624K
}
Event: 2377.514 GC heap before
{Heap before GC invocations=2057 (full 5):
 def new generation   total 1759680K, used 67854K [0x00007f9cd8600000, 0x00007f9d4fb50000, 0x00007fa22db50000)
  eden space 1564224K,   0% used [0x00007f9cd8600000, 0x00007f9cd8600000, 0x00007f9d37d90000)
  from space 195456K,  34% used [0x00007f9d43c70000, 0x00007f9d47eb3a18, 0x00007f9d4fb50000)
  to   space 195456K,   0% used [0x00007f9d37d90000, 0x00007f9d37d90000, 0x00007f9d43c70000)
 tenured generation   total 3926540K, used 3912033K [0x00007fa22db50000, 0x00007fa31d5d3000, 0x00007facd8600000)
   the space 3926540K,  99% used [0x00007fa22db50000, 0x00007fa31c7a8658, 0x00007fa31c7a8800, 0x00007fa31d5d3000)
 Metaspace       used 24212K, capacity 24629K, committed 24832K, reserved 26624K
}

