# JRE version: OpenJDK Runtime Environment (13.0.7+5) (build 13.0.7+5-Ubuntu-0ubuntu120.04)
# Java VM: OpenJDK 64-Bit Server VM (13.0.7+5-Ubuntu-0ubuntu120.04, mixed mode, tiered, serial gc, linux-amd64)
Heap:
 def new generation   total 6742464K, used 0K [0x00007f813c600000, 0x00007f8305a00000, 0x00007f8691b50000)
  eden space 5993344K,   0% used [0x00007f813c600000, 0x00007f813c600000, 0x00007f82aa2e0000)
  from space 749120K,   0% used [0x00007f82aa2e0000, 0x00007f82aa2e0000, 0x00007f82d7e70000)
  to   space 749120K,   0% used [0x00007f82d7e70000, 0x00007f82d7e70000, 0x00007f8305a00000)
 tenured generation   total 15948624K, used 15211713K [0x00007f8691b50000, 0x00007f8a5f224000, 0x00007f913c600000)
   the space 15948624K,  95% used [0x00007f8691b50000, 0x00007f8a32280798, 0x00007f8a32280800, 0x00007f8a5f224000)
 Metaspace       used 30564K, capacity 30977K, committed 31232K, reserved 32768K
GC Heap History (20 events):
Event: 228.799 GC heap after
{Heap after GC invocations=101 (full 5):
 def new generation   total 4278080K, used 294798K [0x00007f813c600000, 0x00007f825e800000, 0x00007f8691b50000)
  eden space 3802752K,   0% used [0x00007f813c600000, 0x00007f813c600000, 0x00007f82247a0000)
  from space 475328K,  62% used [0x00007f82247a0000, 0x00007f8236783bb0, 0x00007f82417d0000)
  to   space 475328K,   0% used [0x00007f82417d0000, 0x00007f82417d0000, 0x00007f825e800000)
 tenured generation   total 9506760K, used 8934839K [0x00007f8691b50000, 0x00007f88d5f42000, 0x00007f913c600000)
   the space 9506760K,  93% used [0x00007f8691b50000, 0x00007f88b30bdec0, 0x00007f88b30be000, 0x00007f88d5f42000)
 Metaspace       used 30564K, capacity 30977K, committed 31232K, reserved 32768K
}
Event: 229.790 GC heap before
{Heap before GC invocations=101 (full 5):
 def new generation   total 4278080K, used 4097550K [0x00007f813c600000, 0x00007f825e800000, 0x00007f8691b50000)
  eden space 3802752K, 100% used [0x00007f813c600000, 0x00007f82247a0000, 0x00007f82247a0000)
  from space 475328K,  62% used [0x00007f82247a0000, 0x00007f8236783bb0, 0x00007f82417d0000)
  to   space 475328K,   0% used [0x00007f82417d0000, 0x00007f82417d0000, 0x00007f825e800000)
 tenured generation   total 9506760K, used 8934839K [0x00007f8691b50000, 0x00007f88d5f42000, 0x00007f913c600000)
   the space 9506760K,  93% used [0x00007f8691b50000, 0x00007f88b30bdec0, 0x00007f88b30be000, 0x00007f88d5f42000)
 Metaspace       used 30564K, capacity 30977K, committed 31232K, reserved 32768K
}
Event: 230.544 GC heap after
{Heap after GC invocations=102 (full 5):
 def new generation   total 4278080K, used 285651K [0x00007f813c600000, 0x00007f825e800000, 0x00007f8691b50000)
  eden space 3802752K,   0% used [0x00007f813c600000, 0x00007f813c600000, 0x00007f82247a0000)
  from space 475328K,  60% used [0x00007f82417d0000, 0x00007f8252ec4f10, 0x00007f825e800000)
  to   space 475328K,   0% used [0x00007f82247a0000, 0x00007f82247a0000, 0x00007f82417d0000)
 tenured generation   total 9506760K, used 9229638K [0x00007f8691b50000, 0x00007f88d5f42000, 0x00007f913c600000)
   the space 9506760K,  97% used [0x00007f8691b50000, 0x00007f88c50a1830, 0x00007f88c50a1a00, 0x00007f88d5f42000)
 Metaspace       used 30564K, capacity 30977K, committed 31232K, reserved 32768K
}
Event: 231.533 GC heap before
{Heap before GC invocations=102 (full 5):
 def new generation   total 4278080K, used 4088403K [0x00007f813c600000, 0x00007f825e800000, 0x00007f8691b50000)
  eden space 3802752K, 100% used [0x00007f813c600000, 0x00007f82247a0000, 0x00007f82247a0000)
  from space 475328K,  60% used [0x00007f82417d0000, 0x00007f8252ec4f10, 0x00007f825e800000)
  to   space 475328K,   0% used [0x00007f82247a0000, 0x00007f82247a0000, 0x00007f82417d0000)
 tenured generation   total 9506760K, used 9229638K [0x00007f8691b50000, 0x00007f88d5f42000, 0x00007f913c600000)
   the space 9506760K,  97% used [0x00007f8691b50000, 0x00007f88c50a1830, 0x00007f88c50a1a00, 0x00007f88d5f42000)
 Metaspace       used 30564K, capacity 30977K, committed 31232K, reserved 32768K
}
Event: 232.287 GC heap after
{Heap after GC invocations=103 (full 5):
 def new generation   total 4278080K, used 288902K [0x00007f813c600000, 0x00007f825e800000, 0x00007f8691b50000)
  eden space 3802752K,   0% used [0x00007f813c600000, 0x00007f813c600000, 0x00007f82247a0000)
  from space 475328K,  60% used [0x00007f82247a0000, 0x00007f82361c1910, 0x00007f82417d0000)
  to   space 475328K,   0% used [0x00007f82417d0000, 0x00007f82417d0000, 0x00007f825e800000)
 tenured generation   total 9515400K, used 9515289K [0x00007f8691b50000, 0x00007f88d67b2000, 0x00007f913c600000)
   the space 9515400K,  99% used [0x00007f8691b50000, 0x00007f88d6796500, 0x00007f88d6796600, 0x00007f88d67b2000)
 Metaspace       used 30564K, capacity 30977K, committed 31232K, reserved 32768K
}
Event: 232.287 GC heap before
{Heap before GC invocations=103 (full 5):
 def new generation   total 4278080K, used 288902K [0x00007f813c600000, 0x00007f825e800000, 0x00007f8691b50000)
  eden space 3802752K,   0% used [0x00007f813c600000, 0x00007f813c600000, 0x00007f82247a0000)
  from space 475328K,  60% used [0x00007f82247a0000, 0x00007f82361c1910, 0x00007f82417d0000)
  to   space 475328K,   0% used [0x00007f82417d0000, 0x00007f82417d0000, 0x00007f825e800000)
 tenured generation   total 9515400K, used 9515289K [0x00007f8691b50000, 0x00007f88d67b2000, 0x00007f913c600000)
   the space 9515400K,  99% used [0x00007f8691b50000, 0x00007f88d6796500, 0x00007f88d6796600, 0x00007f88d67b2000)
 Metaspace       used 30564K, capacity 30977K, committed 31232K, reserved 32768K
}
Event: 243.941 GC heap after
{Heap after GC invocations=103 (full 6):
 def new generation   total 6742464K, used 0K [0x00007f813c600000, 0x00007f8305a00000, 0x00007f8691b50000)
  eden space 5993344K,   0% used [0x00007f813c600000, 0x00007f813c600000, 0x00007f82aa2e0000)
  from space 749120K,   0% used [0x00007f82aa2e0000, 0x00007f82aa2e0000, 0x00007f82d7e70000)
  to   space 749120K,   0% used [0x00007f82d7e70000, 0x00007f82d7e70000, 0x00007f8305a00000)
 tenured generation   total 14983056K, used 8989832K [0x00007f8691b50000, 0x00007f8a24334000, 0x00007f913c600000)
   the space 14983056K,  59% used [0x00007f8691b50000, 0x00007f88b6672180, 0x00007f88b6672200, 0x00007f8a24334000)
 Metaspace       used 30564K, capacity 30977K, committed 31232K, reserved 32768K
}
Event: 245.521 GC heap before
{Heap before GC invocations=103 (full 6):
 def new generation   total 6742464K, used 5993344K [0x00007f813c600000, 0x00007f8305a00000, 0x00007f8691b50000)
  eden space 5993344K, 100% used [0x00007f813c600000, 0x00007f82aa2e0000, 0x00007f82aa2e0000)
  from space 749120K,   0% used [0x00007f82aa2e0000, 0x00007f82aa2e0000, 0x00007f82d7e70000)
  to   space 749120K,   0% used [0x00007f82d7e70000, 0x00007f82d7e70000, 0x00007f8305a00000)
 tenured generation   total 14983056K, used 8989832K [0x00007f8691b50000, 0x00007f8a24334000, 0x00007f913c600000)
   the space 14983056K,  59% used [0x00007f8691b50000, 0x00007f88b6672180, 0x00007f88b6672200, 0x00007f8a24334000)
 Metaspace       used 30564K, capacity 30977K, committed 31232K, reserved 32768K
}
Event: 246.421 GC heap after
{Heap after GC invocations=104 (full 6):
 def new generation   total 6742464K, used 434590K [0x00007f813c600000, 0x00007f8305a00000, 0x00007f8691b50000)
  eden space 5993344K,   0% used [0x00007f813c600000, 0x00007f813c600000, 0x00007f82aa2e0000)
  from space 749120K,  58% used [0x00007f82d7e70000, 0x00007f82f26d7ac8, 0x00007f8305a00000)
  to   space 749120K,   0% used [0x00007f82aa2e0000, 0x00007f82aa2e0000, 0x00007f82d7e70000)
 tenured generation   total 14983056K, used 8989832K [0x00007f8691b50000, 0x00007f8a24334000, 0x00007f913c600000)
   the space 14983056K,  59% used [0x00007f8691b50000, 0x00007f88b6672180, 0x00007f88b6672200, 0x00007f8a24334000)
 Metaspace       used 30564K, capacity 30977K, committed 31232K, reserved 32768K
}
Event: 247.902 GC heap before
{Heap before GC invocations=104 (full 6):
 def new generation   total 6742464K, used 6427934K [0x00007f813c600000, 0x00007f8305a00000, 0x00007f8691b50000)
  eden space 5993344K, 100% used [0x00007f813c600000, 0x00007f82aa2e0000, 0x00007f82aa2e0000)
  from space 749120K,  58% used [0x00007f82d7e70000, 0x00007f82f26d7ac8, 0x00007f8305a00000)
  to   space 749120K,   0% used [0x00007f82aa2e0000, 0x00007f82aa2e0000, 0x00007f82d7e70000)
 tenured generation   total 14983056K, used 8989832K [0x00007f8691b50000, 0x00007f8a24334000, 0x00007f913c600000)
   the space 14983056K,  59% used [0x00007f8691b50000, 0x00007f88b6672180, 0x00007f88b6672200, 0x00007f8a24334000)
 Metaspace       used 30564K, capacity 30977K, committed 31232K, reserved 32768K
}
Event: 249.090 GC heap after
{Heap after GC invocations=105 (full 6):
 def new generation   total 6742464K, used 453231K [0x00007f813c600000, 0x00007f8305a00000, 0x00007f8691b50000)
  eden space 5993344K,   0% used [0x00007f813c600000, 0x00007f813c600000, 0x00007f82aa2e0000)
  from space 749120K,  60% used [0x00007f82aa2e0000, 0x00007f82c5d7bca0, 0x00007f82d7e70000)
  to   space 749120K,   0% used [0x00007f82d7e70000, 0x00007f82d7e70000, 0x00007f8305a00000)
 tenured generation   total 14983056K, used 9424423K [0x00007f8691b50000, 0x00007f8a24334000, 0x00007f913c600000)
   the space 14983056K,  62% used [0x00007f8691b50000, 0x00007f88d0ed9c48, 0x00007f88d0ed9e00, 0x00007f8a24334000)
 Metaspace       used 30564K, capacity 30977K, committed 31232K, reserved 32768K
}
Event: 250.586 GC heap before
{Heap before GC invocations=105 (full 6):
 def new generation   total 6742464K, used 6446575K [0x00007f813c600000, 0x00007f8305a00000, 0x00007f8691b50000)
  eden space 5993344K, 100% used [0x00007f813c600000, 0x00007f82aa2e0000, 0x00007f82aa2e0000)
  from space 749120K,  60% used [0x00007f82aa2e0000, 0x00007f82c5d7bca0, 0x00007f82d7e70000)
  to   space 749120K,   0% used [0x00007f82d7e70000, 0x00007f82d7e70000, 0x00007f8305a00000)
 tenured generation   total 14983056K, used 9424423K [0x00007f8691b50000, 0x00007f8a24334000, 0x00007f913c600000)
   the space 14983056K,  62% used [0x00007f8691b50000, 0x00007f88d0ed9c48, 0x00007f88d0ed9e00, 0x00007f8a24334000)
 Metaspace       used 30564K, capacity 30977K, committed 31232K, reserved 32768K
}
Event: 251.783 GC heap after
{Heap after GC invocations=106 (full 6):
 def new generation   total 6742464K, used 456213K [0x00007f813c600000, 0x00007f8305a00000, 0x00007f8691b50000)
  eden space 5993344K,   0% used [0x00007f813c600000, 0x00007f813c600000, 0x00007f82aa2e0000)
  from space 749120K,  60% used [0x00007f82d7e70000, 0x00007f82f3bf5758, 0x00007f8305a00000)
  to   space 749120K,   0% used [0x00007f82aa2e0000, 0x00007f82aa2e0000, 0x00007f82d7e70000)
 tenured generation   total 14983056K, used 9877654K [0x00007f8691b50000, 0x00007f8a24334000, 0x00007f913c600000)
   the space 14983056K,  65% used [0x00007f8691b50000, 0x00007f88ec9758e8, 0x00007f88ec975a00, 0x00007f8a24334000)
 Metaspace       used 30564K, capacity 30977K, committed 31232K, reserved 32768K
}
Event: 416.631 GC heap before
{Heap before GC invocations=106 (full 6):
 def new generation   total 6742464K, used 6449557K [0x00007f813c600000, 0x00007f8305a00000, 0x00007f8691b50000)
  eden space 5993344K, 100% used [0x00007f813c600000, 0x00007f82aa2e0000, 0x00007f82aa2e0000)
  from space 749120K,  60% used [0x00007f82d7e70000, 0x00007f82f3bf5758, 0x00007f8305a00000)
  to   space 749120K,   0% used [0x00007f82aa2e0000, 0x00007f82aa2e0000, 0x00007f82d7e70000)
 tenured generation   total 14983056K, used 9877654K [0x00007f8691b50000, 0x00007f8a24334000, 0x00007f913c600000)
   the space 14983056K,  65% used [0x00007f8691b50000, 0x00007f88ec9758e8, 0x00007f88ec975a00, 0x00007f8a24334000)
 Metaspace       used 30564K, capacity 30977K, committed 31232K, reserved 32768K
}
Event: 425.118 GC heap after
{Heap after GC invocations=107 (full 6):
 def new generation   total 6742464K, used 749120K [0x00007f813c600000, 0x00007f8305a00000, 0x00007f8691b50000)
  eden space 5993344K,   0% used [0x00007f813c600000, 0x00007f813c600000, 0x00007f82aa2e0000)
  from space 749120K, 100% used [0x00007f82aa2e0000, 0x00007f82d7e70000, 0x00007f82d7e70000)
  to   space 749120K,   0% used [0x00007f82d7e70000, 0x00007f82d7e70000, 0x00007f8305a00000)
 tenured generation   total 14983056K, used 13425023K [0x00007f8691b50000, 0x00007f8a24334000, 0x00007f913c600000)
   the space 14983056K,  89% used [0x00007f8691b50000, 0x00007f89c51affd0, 0x00007f89c51b0000, 0x00007f8a24334000)
 Metaspace       used 30564K, capacity 30977K, committed 31232K, reserved 32768K
}
Event: 830.978 GC heap before
{Heap before GC invocations=107 (full 6):
 def new generation   total 6742464K, used 6742464K [0x00007f813c600000, 0x00007f8305a00000, 0x00007f8691b50000)
  eden space 5993344K, 100% used [0x00007f813c600000, 0x00007f82aa2e0000, 0x00007f82aa2e0000)
  from space 749120K, 100% used [0x00007f82aa2e0000, 0x00007f82d7e70000, 0x00007f82d7e70000)
  to   space 749120K,   0% used [0x00007f82d7e70000, 0x00007f82d7e70000, 0x00007f8305a00000)
 tenured generation   total 14983056K, used 13425023K [0x00007f8691b50000, 0x00007f8a24334000, 0x00007f913c600000)
   the space 14983056K,  89% used [0x00007f8691b50000, 0x00007f89c51affd0, 0x00007f89c51b0000, 0x00007f8a24334000)
 Metaspace       used 30564K, capacity 30977K, committed 31232K, reserved 32768K
}
Event: 833.528 GC heap after
{Heap after GC invocations=108 (full 6):
 def new generation   total 6742464K, used 749119K [0x00007f813c600000, 0x00007f8305a00000, 0x00007f8691b50000)
  eden space 5993344K,   0% used [0x00007f813c600000, 0x00007f813c600000, 0x00007f82aa2e0000)
  from space 749120K,  99% used [0x00007f82d7e70000, 0x00007f83059ffff0, 0x00007f8305a00000)
  to   space 749120K,   0% used [0x00007f82aa2e0000, 0x00007f82aa2e0000, 0x00007f82d7e70000)
 tenured generation   total 14983056K, used 14686774K [0x00007f8691b50000, 0x00007f8a24334000, 0x00007f913c600000)
   the space 14983056K,  98% used [0x00007f8691b50000, 0x00007f8a121dda20, 0x00007f8a121ddc00, 0x00007f8a24334000)
 Metaspace       used 30564K, capacity 30977K, committed 31232K, reserved 32768K
}
Event: 1147.246 GC heap before
{Heap before GC invocations=108 (full 6):
 def new generation   total 6742464K, used 6742463K [0x00007f813c600000, 0x00007f8305a00000, 0x00007f8691b50000)
  eden space 5993344K, 100% used [0x00007f813c600000, 0x00007f82aa2e0000, 0x00007f82aa2e0000)
  from space 749120K,  99% used [0x00007f82d7e70000, 0x00007f83059ffff0, 0x00007f8305a00000)
  to   space 749120K,   0% used [0x00007f82aa2e0000, 0x00007f82aa2e0000, 0x00007f82d7e70000)
 tenured generation   total 14983056K, used 14686774K [0x00007f8691b50000, 0x00007f8a24334000, 0x00007f913c600000)
   the space 14983056K,  98% used [0x00007f8691b50000, 0x00007f8a121dda20, 0x00007f8a121ddc00, 0x00007f8a24334000)
 Metaspace       used 30564K, capacity 30977K, committed 31232K, reserved 32768K
}
Event: 1150.037 GC heap after
{Heap after GC invocations=109 (full 6):
 def new generation   total 6742464K, used 749119K [0x00007f813c600000, 0x00007f8305a00000, 0x00007f8691b50000)
  eden space 5993344K,   0% used [0x00007f813c600000, 0x00007f813c600000, 0x00007f82aa2e0000)
  from space 749120K,  99% used [0x00007f82aa2e0000, 0x00007f82d7e6fff0, 0x00007f82d7e70000)
  to   space 749120K,   0% used [0x00007f82d7e70000, 0x00007f82d7e70000, 0x00007f8305a00000)
 tenured generation   total 15948624K, used 15948524K [0x00007f8691b50000, 0x00007f8a5f224000, 0x00007f913c600000)
   the space 15948624K,  99% used [0x00007f8691b50000, 0x00007f8a5f20b3c0, 0x00007f8a5f20b400, 0x00007f8a5f224000)
 Metaspace       used 30564K, capacity 30977K, committed 31232K, reserved 32768K
}
Event: 1150.037 GC heap before
{Heap before GC invocations=109 (full 6):
 def new generation   total 6742464K, used 749119K [0x00007f813c600000, 0x00007f8305a00000, 0x00007f8691b50000)
  eden space 5993344K,   0% used [0x00007f813c600000, 0x00007f813c600000, 0x00007f82aa2e0000)
  from space 749120K,  99% used [0x00007f82aa2e0000, 0x00007f82d7e6fff0, 0x00007f82d7e70000)
  to   space 749120K,   0% used [0x00007f82d7e70000, 0x00007f82d7e70000, 0x00007f8305a00000)
 tenured generation   total 15948624K, used 15948524K [0x00007f8691b50000, 0x00007f8a5f224000, 0x00007f913c600000)
   the space 15948624K,  99% used [0x00007f8691b50000, 0x00007f8a5f20b3c0, 0x00007f8a5f20b400, 0x00007f8a5f224000)
 Metaspace       used 30564K, capacity 30977K, committed 31232K, reserved 32768K
}

