# JRE version: OpenJDK Runtime Environment (13.0.7+5) (build 13.0.7+5-Ubuntu-0ubuntu120.04)
# Java VM: OpenJDK 64-Bit Server VM (13.0.7+5-Ubuntu-0ubuntu120.04, mixed mode, tiered, serial gc, linux-amd64)
Heap:
 def new generation   total 8554432K, used 950326K [0x00007f1528600000, 0x00007f176c820000, 0x00007f1a7db50000)
  eden space 7603968K,  12% used [0x00007f1528600000, 0x00007f156260db40, 0x00007f16f87c0000)
  from space 950464K,   0% used [0x00007f16f87c0000, 0x00007f16f87c0000, 0x00007f17327f0000)
  to   space 950464K,   0% used [0x00007f17327f0000, 0x00007f17327f0000, 0x00007f176c820000)
 tenured generation   total 20502156K, used 20502155K [0x00007f1a7db50000, 0x00007f1f610f3000, 0x00007f2528600000)
   the space 20502156K,  99% used [0x00007f1a7db50000, 0x00007f1f610f2fe8, 0x00007f1f610f3000, 0x00007f1f610f3000)
 Metaspace       used 30558K, capacity 30971K, committed 31232K, reserved 32768K
GC Heap History (20 events):
Event: 596.443 GC heap after
{Heap after GC invocations=74 (full 5):
 def new generation   total 5036096K, used 559551K [0x00007f1528600000, 0x00007f167de80000, 0x00007f1a7db50000)
  eden space 4476544K,   0% used [0x00007f1528600000, 0x00007f1528600000, 0x00007f16399a0000)
  from space 559552K,  99% used [0x00007f165bc10000, 0x00007f167de7fff0, 0x00007f167de80000)
  to   space 559552K,   0% used [0x00007f16399a0000, 0x00007f16399a0000, 0x00007f165bc10000)
 tenured generation   total 11191188K, used 9520883K [0x00007f1a7db50000, 0x00007f1d28c35000, 0x00007f2528600000)
   the space 11191188K,  85% used [0x00007f1a7db50000, 0x00007f1cc2d0cc08, 0x00007f1cc2d0ce00, 0x00007f1d28c35000)
 Metaspace       used 30558K, capacity 30971K, committed 31232K, reserved 32768K
}
Event: 887.946 GC heap before
{Heap before GC invocations=74 (full 5):
 def new generation   total 5036096K, used 5036095K [0x00007f1528600000, 0x00007f167de80000, 0x00007f1a7db50000)
  eden space 4476544K, 100% used [0x00007f1528600000, 0x00007f16399a0000, 0x00007f16399a0000)
  from space 559552K,  99% used [0x00007f165bc10000, 0x00007f167de7fff0, 0x00007f167de80000)
  to   space 559552K,   0% used [0x00007f16399a0000, 0x00007f16399a0000, 0x00007f165bc10000)
 tenured generation   total 11191188K, used 9520883K [0x00007f1a7db50000, 0x00007f1d28c35000, 0x00007f2528600000)
   the space 11191188K,  85% used [0x00007f1a7db50000, 0x00007f1cc2d0cc08, 0x00007f1cc2d0ce00, 0x00007f1d28c35000)
 Metaspace       used 30558K, capacity 30971K, committed 31232K, reserved 32768K
}
Event: 889.763 GC heap after
{Heap after GC invocations=75 (full 5):
 def new generation   total 5036096K, used 559551K [0x00007f1528600000, 0x00007f167de80000, 0x00007f1a7db50000)
  eden space 4476544K,   0% used [0x00007f1528600000, 0x00007f1528600000, 0x00007f16399a0000)
  from space 559552K,  99% used [0x00007f16399a0000, 0x00007f165bc0fff0, 0x00007f165bc10000)
  to   space 559552K,   0% used [0x00007f165bc10000, 0x00007f165bc10000, 0x00007f167de80000)
 tenured generation   total 11191188K, used 10463307K [0x00007f1a7db50000, 0x00007f1d28c35000, 0x00007f2528600000)
   the space 11191188K,  93% used [0x00007f1a7db50000, 0x00007f1cfc562c88, 0x00007f1cfc562e00, 0x00007f1d28c35000)
 Metaspace       used 30558K, capacity 30971K, committed 31232K, reserved 32768K
}
Event: 1176.868 GC heap before
{Heap before GC invocations=75 (full 5):
 def new generation   total 5036096K, used 5036095K [0x00007f1528600000, 0x00007f167de80000, 0x00007f1a7db50000)
  eden space 4476544K, 100% used [0x00007f1528600000, 0x00007f16399a0000, 0x00007f16399a0000)
  from space 559552K,  99% used [0x00007f16399a0000, 0x00007f165bc0fff0, 0x00007f165bc10000)
  to   space 559552K,   0% used [0x00007f165bc10000, 0x00007f165bc10000, 0x00007f167de80000)
 tenured generation   total 11191188K, used 10463307K [0x00007f1a7db50000, 0x00007f1d28c35000, 0x00007f2528600000)
   the space 11191188K,  93% used [0x00007f1a7db50000, 0x00007f1cfc562c88, 0x00007f1cfc562e00, 0x00007f1d28c35000)
 Metaspace       used 30558K, capacity 30971K, committed 31232K, reserved 32768K
}
Event: 1178.450 GC heap after
{Heap after GC invocations=76 (full 5):
 def new generation   total 5036096K, used 559551K [0x00007f1528600000, 0x00007f167de80000, 0x00007f1a7db50000)
  eden space 4476544K,   0% used [0x00007f1528600000, 0x00007f1528600000, 0x00007f16399a0000)
  from space 559552K,  99% used [0x00007f165bc10000, 0x00007f167de7fff0, 0x00007f167de80000)
  to   space 559552K,   0% used [0x00007f16399a0000, 0x00007f16399a0000, 0x00007f165bc10000)
 tenured generation   total 11405844K, used 11405731K [0x00007f1a7db50000, 0x00007f1d35dd5000, 0x00007f2528600000)
   the space 11405844K,  99% used [0x00007f1a7db50000, 0x00007f1d35db8d68, 0x00007f1d35db8e00, 0x00007f1d35dd5000)
 Metaspace       used 30558K, capacity 30971K, committed 31232K, reserved 32768K
}
Event: 1178.450 GC heap before
{Heap before GC invocations=76 (full 5):
 def new generation   total 5036096K, used 559551K [0x00007f1528600000, 0x00007f167de80000, 0x00007f1a7db50000)
  eden space 4476544K,   0% used [0x00007f1528600000, 0x00007f1528600000, 0x00007f16399a0000)
  from space 559552K,  99% used [0x00007f165bc10000, 0x00007f167de7fff0, 0x00007f167de80000)
  to   space 559552K,   0% used [0x00007f16399a0000, 0x00007f16399a0000, 0x00007f165bc10000)
 tenured generation   total 11405844K, used 11405731K [0x00007f1a7db50000, 0x00007f1d35dd5000, 0x00007f2528600000)
   the space 11405844K,  99% used [0x00007f1a7db50000, 0x00007f1d35db8d68, 0x00007f1d35db8e00, 0x00007f1d35dd5000)
 Metaspace       used 30558K, capacity 30971K, committed 31232K, reserved 32768K
}
Event: 1196.695 GC heap after
{Heap after GC invocations=76 (full 6):
 def new generation   total 8554432K, used 559439K [0x00007f1528600000, 0x00007f176c820000, 0x00007f1a7db50000)
  eden space 7603968K,   7% used [0x00007f1528600000, 0x00007f154a853d60, 0x00007f16f87c0000)
  from space 950464K,   0% used [0x00007f16f87c0000, 0x00007f16f87c0000, 0x00007f17327f0000)
  to   space 950464K,   0% used [0x00007f17327f0000, 0x00007f17327f0000, 0x00007f176c820000)
 tenured generation   total 19009740K, used 11405843K [0x00007f1a7db50000, 0x00007f1f05f83000, 0x00007f2528600000)
   the space 19009740K,  59% used [0x00007f1a7db50000, 0x00007f1d35dd4ff8, 0x00007f1d35dd5000, 0x00007f1f05f83000)
 Metaspace       used 30558K, capacity 30971K, committed 31232K, reserved 32768K
}
Event: 1607.006 GC heap before
{Heap before GC invocations=76 (full 6):
 def new generation   total 8554432K, used 7603968K [0x00007f1528600000, 0x00007f176c820000, 0x00007f1a7db50000)
  eden space 7603968K, 100% used [0x00007f1528600000, 0x00007f16f87c0000, 0x00007f16f87c0000)
  from space 950464K,   0% used [0x00007f16f87c0000, 0x00007f16f87c0000, 0x00007f17327f0000)
  to   space 950464K,   0% used [0x00007f17327f0000, 0x00007f17327f0000, 0x00007f176c820000)
 tenured generation   total 19009740K, used 11405843K [0x00007f1a7db50000, 0x00007f1f05f83000, 0x00007f2528600000)
   the space 19009740K,  59% used [0x00007f1a7db50000, 0x00007f1d35dd4ff8, 0x00007f1d35dd5000, 0x00007f1f05f83000)
 Metaspace       used 30558K, capacity 30971K, committed 31232K, reserved 32768K
}
Event: 1612.273 GC heap after
{Heap after GC invocations=77 (full 6):
 def new generation   total 8554432K, used 950464K [0x00007f1528600000, 0x00007f176c820000, 0x00007f1a7db50000)
  eden space 7603968K,   0% used [0x00007f1528600000, 0x00007f1528600000, 0x00007f16f87c0000)
  from space 950464K, 100% used [0x00007f17327f0000, 0x00007f176c820000, 0x00007f176c820000)
  to   space 950464K,   0% used [0x00007f16f87c0000, 0x00007f16f87c0000, 0x00007f17327f0000)
 tenured generation   total 19009740K, used 12497872K [0x00007f1a7db50000, 0x00007f1f05f83000, 0x00007f2528600000)
   the space 19009740K,  65% used [0x00007f1a7db50000, 0x00007f1d78844218, 0x00007f1d78844400, 0x00007f1f05f83000)
 Metaspace       used 30558K, capacity 30971K, committed 31232K, reserved 32768K
}
Event: 1971.041 GC heap before
{Heap before GC invocations=77 (full 6):
 def new generation   total 8554432K, used 8554432K [0x00007f1528600000, 0x00007f176c820000, 0x00007f1a7db50000)
  eden space 7603968K, 100% used [0x00007f1528600000, 0x00007f16f87c0000, 0x00007f16f87c0000)
  from space 950464K, 100% used [0x00007f17327f0000, 0x00007f176c820000, 0x00007f176c820000)
  to   space 950464K,   0% used [0x00007f16f87c0000, 0x00007f16f87c0000, 0x00007f17327f0000)
 tenured generation   total 19009740K, used 12497872K [0x00007f1a7db50000, 0x00007f1f05f83000, 0x00007f2528600000)
   the space 19009740K,  65% used [0x00007f1a7db50000, 0x00007f1d78844218, 0x00007f1d78844400, 0x00007f1f05f83000)
 Metaspace       used 30558K, capacity 30971K, committed 31232K, reserved 32768K
}
Event: 1974.518 GC heap after
{Heap after GC invocations=78 (full 6):
 def new generation   total 8554432K, used 950464K [0x00007f1528600000, 0x00007f176c820000, 0x00007f1a7db50000)
  eden space 7603968K,   0% used [0x00007f1528600000, 0x00007f1528600000, 0x00007f16f87c0000)
  from space 950464K, 100% used [0x00007f16f87c0000, 0x00007f17327f0000, 0x00007f17327f0000)
  to   space 950464K,   0% used [0x00007f17327f0000, 0x00007f17327f0000, 0x00007f176c820000)
 tenured generation   total 19009740K, used 14098701K [0x00007f1a7db50000, 0x00007f1f05f83000, 0x00007f2528600000)
   the space 19009740K,  74% used [0x00007f1a7db50000, 0x00007f1dda393658, 0x00007f1dda393800, 0x00007f1f05f83000)
 Metaspace       used 30558K, capacity 30971K, committed 31232K, reserved 32768K
}
Event: 2262.977 GC heap before
{Heap before GC invocations=78 (full 6):
 def new generation   total 8554432K, used 8554432K [0x00007f1528600000, 0x00007f176c820000, 0x00007f1a7db50000)
  eden space 7603968K, 100% used [0x00007f1528600000, 0x00007f16f87c0000, 0x00007f16f87c0000)
  from space 950464K, 100% used [0x00007f16f87c0000, 0x00007f17327f0000, 0x00007f17327f0000)
  to   space 950464K,   0% used [0x00007f17327f0000, 0x00007f17327f0000, 0x00007f176c820000)
 tenured generation   total 19009740K, used 14098701K [0x00007f1a7db50000, 0x00007f1f05f83000, 0x00007f2528600000)
   the space 19009740K,  74% used [0x00007f1a7db50000, 0x00007f1dda393658, 0x00007f1dda393800, 0x00007f1f05f83000)
 Metaspace       used 30558K, capacity 30971K, committed 31232K, reserved 32768K
}
Event: 2266.124 GC heap after
{Heap after GC invocations=79 (full 6):
 def new generation   total 8554432K, used 950463K [0x00007f1528600000, 0x00007f176c820000, 0x00007f1a7db50000)
  eden space 7603968K,   0% used [0x00007f1528600000, 0x00007f1528600000, 0x00007f16f87c0000)
  from space 950464K,  99% used [0x00007f17327f0000, 0x00007f176c81fff0, 0x00007f176c820000)
  to   space 950464K,   0% used [0x00007f16f87c0000, 0x00007f16f87c0000, 0x00007f17327f0000)
 tenured generation   total 19009740K, used 15699530K [0x00007f1a7db50000, 0x00007f1f05f83000, 0x00007f2528600000)
   the space 19009740K,  82% used [0x00007f1a7db50000, 0x00007f1e3bee2bf8, 0x00007f1e3bee2c00, 0x00007f1f05f83000)
 Metaspace       used 30558K, capacity 30971K, committed 31232K, reserved 32768K
}
Event: 2531.380 GC heap before
{Heap before GC invocations=79 (full 6):
 def new generation   total 8554432K, used 8554431K [0x00007f1528600000, 0x00007f176c820000, 0x00007f1a7db50000)
  eden space 7603968K, 100% used [0x00007f1528600000, 0x00007f16f87c0000, 0x00007f16f87c0000)
  from space 950464K,  99% used [0x00007f17327f0000, 0x00007f176c81fff0, 0x00007f176c820000)
  to   space 950464K,   0% used [0x00007f16f87c0000, 0x00007f16f87c0000, 0x00007f17327f0000)
 tenured generation   total 19009740K, used 15699530K [0x00007f1a7db50000, 0x00007f1f05f83000, 0x00007f2528600000)
   the space 19009740K,  82% used [0x00007f1a7db50000, 0x00007f1e3bee2bf8, 0x00007f1e3bee2c00, 0x00007f1f05f83000)
 Metaspace       used 30558K, capacity 30971K, committed 31232K, reserved 32768K
}
Event: 2534.969 GC heap after
{Heap after GC invocations=80 (full 6):
 def new generation   total 8554432K, used 950463K [0x00007f1528600000, 0x00007f176c820000, 0x00007f1a7db50000)
  eden space 7603968K,   0% used [0x00007f1528600000, 0x00007f1528600000, 0x00007f16f87c0000)
  from space 950464K,  99% used [0x00007f16f87c0000, 0x00007f17327efff0, 0x00007f17327f0000)
  to   space 950464K,   0% used [0x00007f17327f0000, 0x00007f17327f0000, 0x00007f176c820000)
 tenured generation   total 19009740K, used 17300360K [0x00007f1a7db50000, 0x00007f1f05f83000, 0x00007f2528600000)
   the space 19009740K,  91% used [0x00007f1a7db50000, 0x00007f1e9da320d8, 0x00007f1e9da32200, 0x00007f1f05f83000)
 Metaspace       used 30558K, capacity 30971K, committed 31232K, reserved 32768K
}
Event: 2655.320 GC heap before
{Heap before GC invocations=80 (full 6):
 def new generation   total 8554432K, used 8554431K [0x00007f1528600000, 0x00007f176c820000, 0x00007f1a7db50000)
  eden space 7603968K, 100% used [0x00007f1528600000, 0x00007f16f87c0000, 0x00007f16f87c0000)
  from space 950464K,  99% used [0x00007f16f87c0000, 0x00007f17327efff0, 0x00007f17327f0000)
  to   space 950464K,   0% used [0x00007f17327f0000, 0x00007f17327f0000, 0x00007f176c820000)
 tenured generation   total 19009740K, used 17300360K [0x00007f1a7db50000, 0x00007f1f05f83000, 0x00007f2528600000)
   the space 19009740K,  91% used [0x00007f1a7db50000, 0x00007f1e9da320d8, 0x00007f1e9da32200, 0x00007f1f05f83000)
 Metaspace       used 30558K, capacity 30971K, committed 31232K, reserved 32768K
}
Event: 2658.441 GC heap after
{Heap after GC invocations=81 (full 6):
 def new generation   total 8554432K, used 950463K [0x00007f1528600000, 0x00007f176c820000, 0x00007f1a7db50000)
  eden space 7603968K,   0% used [0x00007f1528600000, 0x00007f1528600000, 0x00007f16f87c0000)
  from space 950464K,  99% used [0x00007f17327f0000, 0x00007f176c81fff0, 0x00007f176c820000)
  to   space 950464K,   0% used [0x00007f16f87c0000, 0x00007f16f87c0000, 0x00007f17327f0000)
 tenured generation   total 19009740K, used 18901189K [0x00007f1a7db50000, 0x00007f1f05f83000, 0x00007f2528600000)
   the space 19009740K,  99% used [0x00007f1a7db50000, 0x00007f1eff581638, 0x00007f1eff581800, 0x00007f1f05f83000)
 Metaspace       used 30558K, capacity 30971K, committed 31232K, reserved 32768K
}
Event: 2730.001 GC heap before
{Heap before GC invocations=81 (full 6):
 def new generation   total 8554432K, used 8554431K [0x00007f1528600000, 0x00007f176c820000, 0x00007f1a7db50000)
  eden space 7603968K, 100% used [0x00007f1528600000, 0x00007f16f87c0000, 0x00007f16f87c0000)
  from space 950464K,  99% used [0x00007f17327f0000, 0x00007f176c81fff0, 0x00007f176c820000)
  to   space 950464K,   0% used [0x00007f16f87c0000, 0x00007f16f87c0000, 0x00007f17327f0000)
 tenured generation   total 19009740K, used 18901189K [0x00007f1a7db50000, 0x00007f1f05f83000, 0x00007f2528600000)
   the space 19009740K,  99% used [0x00007f1a7db50000, 0x00007f1eff581638, 0x00007f1eff581800, 0x00007f1f05f83000)
 Metaspace       used 30558K, capacity 30971K, committed 31232K, reserved 32768K
}
Event: 2733.556 GC heap after
{Heap after GC invocations=82 (full 6):
 def new generation   total 8554432K, used 950463K [0x00007f1528600000, 0x00007f176c820000, 0x00007f1a7db50000)
  eden space 7603968K,   0% used [0x00007f1528600000, 0x00007f1528600000, 0x00007f16f87c0000)
  from space 950464K,  99% used [0x00007f16f87c0000, 0x00007f17327efff0, 0x00007f17327f0000)
  to   space 950464K,   0% used [0x00007f17327f0000, 0x00007f17327f0000, 0x00007f176c820000)
 tenured generation   total 20502156K, used 20502018K [0x00007f1a7db50000, 0x00007f1f610f3000, 0x00007f2528600000)
   the space 20502156K,  99% used [0x00007f1a7db50000, 0x00007f1f610d0b38, 0x00007f1f610d0c00, 0x00007f1f610f3000)
 Metaspace       used 30558K, capacity 30971K, committed 31232K, reserved 32768K
}
Event: 2733.556 GC heap before
{Heap before GC invocations=82 (full 6):
 def new generation   total 8554432K, used 950463K [0x00007f1528600000, 0x00007f176c820000, 0x00007f1a7db50000)
  eden space 7603968K,   0% used [0x00007f1528600000, 0x00007f1528600000, 0x00007f16f87c0000)
  from space 950464K,  99% used [0x00007f16f87c0000, 0x00007f17327efff0, 0x00007f17327f0000)
  to   space 950464K,   0% used [0x00007f17327f0000, 0x00007f17327f0000, 0x00007f176c820000)
 tenured generation   total 20502156K, used 20502018K [0x00007f1a7db50000, 0x00007f1f610f3000, 0x00007f2528600000)
   the space 20502156K,  99% used [0x00007f1a7db50000, 0x00007f1f610d0b38, 0x00007f1f610d0c00, 0x00007f1f610f3000)
 Metaspace       used 30558K, capacity 30971K, committed 31232K, reserved 32768K
}

