# JRE version: OpenJDK Runtime Environment (13.0.7+5) (build 13.0.7+5-Ubuntu-0ubuntu120.04)
# Java VM: OpenJDK 64-Bit Server VM (13.0.7+5-Ubuntu-0ubuntu120.04, mixed mode, tiered, serial gc, linux-amd64)
Heap:
 def new generation   total 4355904K, used 0K [0x00007fd9f8600000, 0x00007fdb1fc70000, 0x00007fe4a30a0000)
  eden space 3871936K,   0% used [0x00007fd9f8600000, 0x00007fd9f8600000, 0x00007fdae4b30000)
  from space 483968K,   0% used [0x00007fdae4b30000, 0x00007fdae4b30000, 0x00007fdb023d0000)
  to   space 483968K,   0% used [0x00007fdb023d0000, 0x00007fdb023d0000, 0x00007fdb1fc70000)
 tenured generation   total 9696100K, used 9651023K [0x00007fe4a30a0000, 0x00007fe6f2d79000, 0x00007ff9f8600000)
   the space 9696100K,  99% used [0x00007fe4a30a0000, 0x00007fe6f0173f08, 0x00007fe6f0174000, 0x00007fe6f2d79000)
 Metaspace       used 24224K, capacity 24635K, committed 24832K, reserved 26624K
GC Heap History (20 events):
Event: 2590.320 GC heap after
{Heap after GC invocations=1695 (full 7):
 def new generation   total 4355904K, used 220469K [0x00007fd9f8600000, 0x00007fdb1fc70000, 0x00007fe4a30a0000)
  eden space 3871936K,   0% used [0x00007fd9f8600000, 0x00007fd9f8600000, 0x00007fdae4b30000)
  from space 483968K,  45% used [0x00007fdb023d0000, 0x00007fdb0fb1d530, 0x00007fdb1fc70000)
  to   space 483968K,   0% used [0x00007fdae4b30000, 0x00007fdae4b30000, 0x00007fdb023d0000)
 tenured generation   total 9679712K, used 9571581K [0x00007fe4a30a0000, 0x00007fe6f1d78000, 0x00007ff9f8600000)
   the space 9679712K,  98% used [0x00007fe4a30a0000, 0x00007fe6eb3df7b8, 0x00007fe6eb3df800, 0x00007fe6f1d78000)
 Metaspace       used 24224K, capacity 24635K, committed 24832K, reserved 26624K
}
Event: 2594.165 GC heap before
{Heap before GC invocations=1695 (full 7):
 def new generation   total 4355904K, used 4092405K [0x00007fd9f8600000, 0x00007fdb1fc70000, 0x00007fe4a30a0000)
  eden space 3871936K, 100% used [0x00007fd9f8600000, 0x00007fdae4b30000, 0x00007fdae4b30000)
  from space 483968K,  45% used [0x00007fdb023d0000, 0x00007fdb0fb1d530, 0x00007fdb1fc70000)
  to   space 483968K,   0% used [0x00007fdae4b30000, 0x00007fdae4b30000, 0x00007fdb023d0000)
 tenured generation   total 9679712K, used 9571581K [0x00007fe4a30a0000, 0x00007fe6f1d78000, 0x00007ff9f8600000)
   the space 9679712K,  98% used [0x00007fe4a30a0000, 0x00007fe6eb3df7b8, 0x00007fe6eb3df800, 0x00007fe6f1d78000)
 Metaspace       used 24224K, capacity 24635K, committed 24832K, reserved 26624K
}
Event: 2594.327 GC heap after
{Heap after GC invocations=1696 (full 7):
 def new generation   total 4355904K, used 213799K [0x00007fd9f8600000, 0x00007fdb1fc70000, 0x00007fe4a30a0000)
  eden space 3871936K,   0% used [0x00007fd9f8600000, 0x00007fd9f8600000, 0x00007fdae4b30000)
  from space 483968K,  44% used [0x00007fdae4b30000, 0x00007fdaf1bf9f60, 0x00007fdb023d0000)
  to   space 483968K,   0% used [0x00007fdb023d0000, 0x00007fdb023d0000, 0x00007fdb1fc70000)
 tenured generation   total 9679712K, used 9588540K [0x00007fe4a30a0000, 0x00007fe6f1d78000, 0x00007ff9f8600000)
   the space 9679712K,  99% used [0x00007fe4a30a0000, 0x00007fe6ec46f3c0, 0x00007fe6ec46f400, 0x00007fe6f1d78000)
 Metaspace       used 24224K, capacity 24635K, committed 24832K, reserved 26624K
}
Event: 2598.071 GC heap before
{Heap before GC invocations=1696 (full 7):
 def new generation   total 4355904K, used 4085735K [0x00007fd9f8600000, 0x00007fdb1fc70000, 0x00007fe4a30a0000)
  eden space 3871936K, 100% used [0x00007fd9f8600000, 0x00007fdae4b30000, 0x00007fdae4b30000)
  from space 483968K,  44% used [0x00007fdae4b30000, 0x00007fdaf1bf9f60, 0x00007fdb023d0000)
  to   space 483968K,   0% used [0x00007fdb023d0000, 0x00007fdb023d0000, 0x00007fdb1fc70000)
 tenured generation   total 9679712K, used 9588540K [0x00007fe4a30a0000, 0x00007fe6f1d78000, 0x00007ff9f8600000)
   the space 9679712K,  99% used [0x00007fe4a30a0000, 0x00007fe6ec46f3c0, 0x00007fe6ec46f400, 0x00007fe6f1d78000)
 Metaspace       used 24224K, capacity 24635K, committed 24832K, reserved 26624K
}
Event: 2598.214 GC heap after
{Heap after GC invocations=1697 (full 7):
 def new generation   total 4355904K, used 207630K [0x00007fd9f8600000, 0x00007fdb1fc70000, 0x00007fe4a30a0000)
  eden space 3871936K,   0% used [0x00007fd9f8600000, 0x00007fd9f8600000, 0x00007fdae4b30000)
  from space 483968K,  42% used [0x00007fdb023d0000, 0x00007fdb0ee93ac8, 0x00007fdb1fc70000)
  to   space 483968K,   0% used [0x00007fdae4b30000, 0x00007fdae4b30000, 0x00007fdb023d0000)
 tenured generation   total 9679712K, used 9605499K [0x00007fe4a30a0000, 0x00007fe6f1d78000, 0x00007ff9f8600000)
   the space 9679712K,  99% used [0x00007fe4a30a0000, 0x00007fe6ed4fefc8, 0x00007fe6ed4ff000, 0x00007fe6f1d78000)
 Metaspace       used 24224K, capacity 24635K, committed 24832K, reserved 26624K
}
Event: 2602.039 GC heap before
{Heap before GC invocations=1697 (full 7):
 def new generation   total 4355904K, used 4079566K [0x00007fd9f8600000, 0x00007fdb1fc70000, 0x00007fe4a30a0000)
  eden space 3871936K, 100% used [0x00007fd9f8600000, 0x00007fdae4b30000, 0x00007fdae4b30000)
  from space 483968K,  42% used [0x00007fdb023d0000, 0x00007fdb0ee93ac8, 0x00007fdb1fc70000)
  to   space 483968K,   0% used [0x00007fdae4b30000, 0x00007fdae4b30000, 0x00007fdb023d0000)
 tenured generation   total 9679712K, used 9605499K [0x00007fe4a30a0000, 0x00007fe6f1d78000, 0x00007ff9f8600000)
   the space 9679712K,  99% used [0x00007fe4a30a0000, 0x00007fe6ed4fefc8, 0x00007fe6ed4ff000, 0x00007fe6f1d78000)
 Metaspace       used 24224K, capacity 24635K, committed 24832K, reserved 26624K
}
Event: 2602.190 GC heap after
{Heap after GC invocations=1698 (full 7):
 def new generation   total 4355904K, used 220463K [0x00007fd9f8600000, 0x00007fdb1fc70000, 0x00007fe4a30a0000)
  eden space 3871936K,   0% used [0x00007fd9f8600000, 0x00007fd9f8600000, 0x00007fdae4b30000)
  from space 483968K,  45% used [0x00007fdae4b30000, 0x00007fdaf227bec0, 0x00007fdb023d0000)
  to   space 483968K,   0% used [0x00007fdb023d0000, 0x00007fdb023d0000, 0x00007fdb1fc70000)
 tenured generation   total 9679712K, used 9605499K [0x00007fe4a30a0000, 0x00007fe6f1d78000, 0x00007ff9f8600000)
   the space 9679712K,  99% used [0x00007fe4a30a0000, 0x00007fe6ed4fefc8, 0x00007fe6ed4ff000, 0x00007fe6f1d78000)
 Metaspace       used 24224K, capacity 24635K, committed 24832K, reserved 26624K
}
Event: 2606.199 GC heap before
{Heap before GC invocations=1698 (full 7):
 def new generation   total 4355904K, used 4092399K [0x00007fd9f8600000, 0x00007fdb1fc70000, 0x00007fe4a30a0000)
  eden space 3871936K, 100% used [0x00007fd9f8600000, 0x00007fdae4b30000, 0x00007fdae4b30000)
  from space 483968K,  45% used [0x00007fdae4b30000, 0x00007fdaf227bec0, 0x00007fdb023d0000)
  to   space 483968K,   0% used [0x00007fdb023d0000, 0x00007fdb023d0000, 0x00007fdb1fc70000)
 tenured generation   total 9679712K, used 9605499K [0x00007fe4a30a0000, 0x00007fe6f1d78000, 0x00007ff9f8600000)
   the space 9679712K,  99% used [0x00007fe4a30a0000, 0x00007fe6ed4fefc8, 0x00007fe6ed4ff000, 0x00007fe6f1d78000)
 Metaspace       used 24224K, capacity 24635K, committed 24832K, reserved 26624K
}
Event: 2606.356 GC heap after
{Heap after GC invocations=1699 (full 7):
 def new generation   total 4355904K, used 220450K [0x00007fd9f8600000, 0x00007fdb1fc70000, 0x00007fe4a30a0000)
  eden space 3871936K,   0% used [0x00007fd9f8600000, 0x00007fd9f8600000, 0x00007fdae4b30000)
  from space 483968K,  45% used [0x00007fdb023d0000, 0x00007fdb0fb18888, 0x00007fdb1fc70000)
  to   space 483968K,   0% used [0x00007fdae4b30000, 0x00007fdae4b30000, 0x00007fdb023d0000)
 tenured generation   total 9679712K, used 9622458K [0x00007fe4a30a0000, 0x00007fe6f1d78000, 0x00007ff9f8600000)
   the space 9679712K,  99% used [0x00007fe4a30a0000, 0x00007fe6ee58ebd0, 0x00007fe6ee58ec00, 0x00007fe6f1d78000)
 Metaspace       used 24224K, capacity 24635K, committed 24832K, reserved 26624K
}
Event: 2610.209 GC heap before
{Heap before GC invocations=1699 (full 7):
 def new generation   total 4355904K, used 4092386K [0x00007fd9f8600000, 0x00007fdb1fc70000, 0x00007fe4a30a0000)
  eden space 3871936K, 100% used [0x00007fd9f8600000, 0x00007fdae4b30000, 0x00007fdae4b30000)
  from space 483968K,  45% used [0x00007fdb023d0000, 0x00007fdb0fb18888, 0x00007fdb1fc70000)
  to   space 483968K,   0% used [0x00007fdae4b30000, 0x00007fdae4b30000, 0x00007fdb023d0000)
 tenured generation   total 9679712K, used 9622458K [0x00007fe4a30a0000, 0x00007fe6f1d78000, 0x00007ff9f8600000)
   the space 9679712K,  99% used [0x00007fe4a30a0000, 0x00007fe6ee58ebd0, 0x00007fe6ee58ec00, 0x00007fe6f1d78000)
 Metaspace       used 24224K, capacity 24635K, committed 24832K, reserved 26624K
}
Event: 2610.374 GC heap after
{Heap after GC invocations=1700 (full 7):
 def new generation   total 4355904K, used 213796K [0x00007fd9f8600000, 0x00007fdb1fc70000, 0x00007fe4a30a0000)
  eden space 3871936K,   0% used [0x00007fd9f8600000, 0x00007fd9f8600000, 0x00007fdae4b30000)
  from space 483968K,  44% used [0x00007fdae4b30000, 0x00007fdaf1bf9068, 0x00007fdb023d0000)
  to   space 483968K,   0% used [0x00007fdb023d0000, 0x00007fdb023d0000, 0x00007fdb1fc70000)
 tenured generation   total 9679712K, used 9639417K [0x00007fe4a30a0000, 0x00007fe6f1d78000, 0x00007ff9f8600000)
   the space 9679712K,  99% used [0x00007fe4a30a0000, 0x00007fe6ef61e7d8, 0x00007fe6ef61e800, 0x00007fe6f1d78000)
 Metaspace       used 24224K, capacity 24635K, committed 24832K, reserved 26624K
}
Event: 2614.274 GC heap before
{Heap before GC invocations=1700 (full 7):
 def new generation   total 4355904K, used 4078271K [0x00007fd9f8600000, 0x00007fdb1fc70000, 0x00007fe4a30a0000)
  eden space 3871936K,  99% used [0x00007fd9f8600000, 0x00007fdae43e6bb8, 0x00007fdae4b30000)
  from space 483968K,  44% used [0x00007fdae4b30000, 0x00007fdaf1bf9068, 0x00007fdb023d0000)
  to   space 483968K,   0% used [0x00007fdb023d0000, 0x00007fdb023d0000, 0x00007fdb1fc70000)
 tenured generation   total 9679712K, used 9639417K [0x00007fe4a30a0000, 0x00007fe6f1d78000, 0x00007ff9f8600000)
   the space 9679712K,  99% used [0x00007fe4a30a0000, 0x00007fe6ef61e7d8, 0x00007fe6ef61e800, 0x00007fe6f1d78000)
 Metaspace       used 24224K, capacity 24635K, committed 24832K, reserved 26624K
}
Event: 2614.440 GC heap after
{Heap after GC invocations=1701 (full 7):
 def new generation   total 4355904K, used 224046K [0x00007fd9f8600000, 0x00007fdb1fc70000, 0x00007fe4a30a0000)
  eden space 3871936K,   0% used [0x00007fd9f8600000, 0x00007fd9f8600000, 0x00007fdae4b30000)
  from space 483968K,  46% used [0x00007fdb023d0000, 0x00007fdb0fe9b850, 0x00007fdb1fc70000)
  to   space 483968K,   0% used [0x00007fdae4b30000, 0x00007fdae4b30000, 0x00007fdb023d0000)
 tenured generation   total 9679712K, used 9656376K [0x00007fe4a30a0000, 0x00007fe6f1d78000, 0x00007ff9f8600000)
   the space 9679712K,  99% used [0x00007fe4a30a0000, 0x00007fe6f06ae3e0, 0x00007fe6f06ae400, 0x00007fe6f1d78000)
 Metaspace       used 24224K, capacity 24635K, committed 24832K, reserved 26624K
}
Event: 2618.568 GC heap before
{Heap before GC invocations=1701 (full 7):
 def new generation   total 4355904K, used 4095982K [0x00007fd9f8600000, 0x00007fdb1fc70000, 0x00007fe4a30a0000)
  eden space 3871936K, 100% used [0x00007fd9f8600000, 0x00007fdae4b30000, 0x00007fdae4b30000)
  from space 483968K,  46% used [0x00007fdb023d0000, 0x00007fdb0fe9b850, 0x00007fdb1fc70000)
  to   space 483968K,   0% used [0x00007fdae4b30000, 0x00007fdae4b30000, 0x00007fdb023d0000)
 tenured generation   total 9679712K, used 9656376K [0x00007fe4a30a0000, 0x00007fe6f1d78000, 0x00007ff9f8600000)
   the space 9679712K,  99% used [0x00007fe4a30a0000, 0x00007fe6f06ae3e0, 0x00007fe6f06ae400, 0x00007fe6f1d78000)
 Metaspace       used 24224K, capacity 24635K, committed 24832K, reserved 26624K
}
Event: 2618.725 GC heap after
{Heap after GC invocations=1702 (full 7):
 def new generation   total 4355904K, used 220467K [0x00007fd9f8600000, 0x00007fdb1fc70000, 0x00007fe4a30a0000)
  eden space 3871936K,   0% used [0x00007fd9f8600000, 0x00007fd9f8600000, 0x00007fdae4b30000)
  from space 483968K,  45% used [0x00007fdae4b30000, 0x00007fdaf227ce08, 0x00007fdb023d0000)
  to   space 483968K,   0% used [0x00007fdb023d0000, 0x00007fdb023d0000, 0x00007fdb1fc70000)
 tenured generation   total 9679712K, used 9656376K [0x00007fe4a30a0000, 0x00007fe6f1d78000, 0x00007ff9f8600000)
   the space 9679712K,  99% used [0x00007fe4a30a0000, 0x00007fe6f06ae3e0, 0x00007fe6f06ae400, 0x00007fe6f1d78000)
 Metaspace       used 24224K, capacity 24635K, committed 24832K, reserved 26624K
}
Event: 2623.126 GC heap before
{Heap before GC invocations=1702 (full 7):
 def new generation   total 4355904K, used 4092403K [0x00007fd9f8600000, 0x00007fdb1fc70000, 0x00007fe4a30a0000)
  eden space 3871936K, 100% used [0x00007fd9f8600000, 0x00007fdae4b30000, 0x00007fdae4b30000)
  from space 483968K,  45% used [0x00007fdae4b30000, 0x00007fdaf227ce08, 0x00007fdb023d0000)
  to   space 483968K,   0% used [0x00007fdb023d0000, 0x00007fdb023d0000, 0x00007fdb1fc70000)
 tenured generation   total 9679712K, used 9656376K [0x00007fe4a30a0000, 0x00007fe6f1d78000, 0x00007ff9f8600000)
   the space 9679712K,  99% used [0x00007fe4a30a0000, 0x00007fe6f06ae3e0, 0x00007fe6f06ae400, 0x00007fe6f1d78000)
 Metaspace       used 24224K, capacity 24635K, committed 24832K, reserved 26624K
}
Event: 2623.301 GC heap after
{Heap after GC invocations=1703 (full 7):
 def new generation   total 4355904K, used 219437K [0x00007fd9f8600000, 0x00007fdb1fc70000, 0x00007fe4a30a0000)
  eden space 3871936K,   0% used [0x00007fd9f8600000, 0x00007fd9f8600000, 0x00007fdae4b30000)
  from space 483968K,  45% used [0x00007fdb023d0000, 0x00007fdb0fa1b718, 0x00007fdb1fc70000)
  to   space 483968K,   0% used [0x00007fdae4b30000, 0x00007fdae4b30000, 0x00007fdb023d0000)
 tenured generation   total 9679712K, used 9673335K [0x00007fe4a30a0000, 0x00007fe6f1d78000, 0x00007ff9f8600000)
   the space 9679712K,  99% used [0x00007fe4a30a0000, 0x00007fe6f173dfe8, 0x00007fe6f173e000, 0x00007fe6f1d78000)
 Metaspace       used 24224K, capacity 24635K, committed 24832K, reserved 26624K
}
Event: 2627.177 GC heap before
{Heap before GC invocations=1703 (full 7):
 def new generation   total 4355904K, used 4083256K [0x00007fd9f8600000, 0x00007fdb1fc70000, 0x00007fe4a30a0000)
  eden space 3871936K,  99% used [0x00007fd9f8600000, 0x00007fdae4342bd8, 0x00007fdae4b30000)
  from space 483968K,  45% used [0x00007fdb023d0000, 0x00007fdb0fa1b718, 0x00007fdb1fc70000)
  to   space 483968K,   0% used [0x00007fdae4b30000, 0x00007fdae4b30000, 0x00007fdb023d0000)
 tenured generation   total 9679712K, used 9673335K [0x00007fe4a30a0000, 0x00007fe6f1d78000, 0x00007ff9f8600000)
   the space 9679712K,  99% used [0x00007fe4a30a0000, 0x00007fe6f173dfe8, 0x00007fe6f173e000, 0x00007fe6f1d78000)
 Metaspace       used 24224K, capacity 24635K, committed 24832K, reserved 26624K
}
Event: 2627.418 GC heap after
{Heap after GC invocations=1704 (full 7):
 def new generation   total 4355904K, used 230228K [0x00007fd9f8600000, 0x00007fdb1fc70000, 0x00007fe4a30a0000)
  eden space 3871936K,   0% used [0x00007fd9f8600000, 0x00007fd9f8600000, 0x00007fdae4b30000)
  from space 483968K,  47% used [0x00007fdae4b30000, 0x00007fdaf2c05048, 0x00007fdb023d0000)
  to   space 483968K,   0% used [0x00007fdb023d0000, 0x00007fdb023d0000, 0x00007fdb1fc70000)
 tenured generation   total 9696100K, used 9690295K [0x00007fe4a30a0000, 0x00007fe6f2d79000, 0x00007ff9f8600000)
   the space 9696100K,  99% used [0x00007fe4a30a0000, 0x00007fe6f27cde50, 0x00007fe6f27ce000, 0x00007fe6f2d79000)
 Metaspace       used 24224K, capacity 24635K, committed 24832K, reserved 26624K
}
Event: 2627.418 GC heap before
{Heap before GC invocations=1704 (full 7):
 def new generation   total 4355904K, used 230228K [0x00007fd9f8600000, 0x00007fdb1fc70000, 0x00007fe4a30a0000)
  eden space 3871936K,   0% used [0x00007fd9f8600000, 0x00007fd9f8600000, 0x00007fdae4b30000)
  from space 483968K,  47% used [0x00007fdae4b30000, 0x00007fdaf2c05048, 0x00007fdb023d0000)
  to   space 483968K,   0% used [0x00007fdb023d0000, 0x00007fdb023d0000, 0x00007fdb1fc70000)
 tenured generation   total 9696100K, used 9690295K [0x00007fe4a30a0000, 0x00007fe6f2d79000, 0x00007ff9f8600000)
   the space 9696100K,  99% used [0x00007fe4a30a0000, 0x00007fe6f27cde50, 0x00007fe6f27ce000, 0x00007fe6f2d79000)
 Metaspace       used 24224K, capacity 24635K, committed 24832K, reserved 26624K
}

