# JRE version: OpenJDK Runtime Environment (13.0.7+5) (build 13.0.7+5-Ubuntu-0ubuntu120.04)
# Java VM: OpenJDK 64-Bit Server VM (13.0.7+5-Ubuntu-0ubuntu120.04, mixed mode, tiered, serial gc, linux-amd64)
Heap:
 def new generation   total 2903040K, used 12164K [0x00007f0d2c600000, 0x00007f0df13f0000, 0x00007f1281b50000)
  eden space 2580544K,   0% used [0x00007f0d2c600000, 0x00007f0d2d1e13b0, 0x00007f0dc9e10000)
  from space 322496K,   0% used [0x00007f0ddd900000, 0x00007f0ddd900000, 0x00007f0df13f0000)
  to   space 322496K,   0% used [0x00007f0dc9e10000, 0x00007f0dc9e10000, 0x00007f0ddd900000)
 tenured generation   total 6451344K, used 6451343K [0x00007f1281b50000, 0x00007f140b774000, 0x00007f1d2c600000)
   the space 6451344K,  99% used [0x00007f1281b50000, 0x00007f140b773f90, 0x00007f140b774000, 0x00007f140b774000)
 Metaspace       used 24297K, capacity 24692K, committed 24832K, reserved 26624K
GC Heap History (20 events):
Event: 19648.805 GC heap after
{Heap after GC invocations=17780 (full 4):
 def new generation   total 2903040K, used 13432K [0x00007f0d2c600000, 0x00007f0df13f0000, 0x00007f1281b50000)
  eden space 2580544K,   0% used [0x00007f0d2c600000, 0x00007f0d2c600000, 0x00007f0dc9e10000)
  from space 322496K,   4% used [0x00007f0dc9e10000, 0x00007f0dcab2e3b0, 0x00007f0ddd900000)
  to   space 322496K,   0% used [0x00007f0ddd900000, 0x00007f0ddd900000, 0x00007f0df13f0000)
 tenured generation   total 6450960K, used 6443402K [0x00007f1281b50000, 0x00007f140b714000, 0x00007f1d2c600000)
   the space 6450960K,  99% used [0x00007f1281b50000, 0x00007f140afb2b10, 0x00007f140afb2c00, 0x00007f140b714000)
 Metaspace       used 24297K, capacity 24692K, committed 24832K, reserved 26624K
}
Event: 19651.181 GC heap before
{Heap before GC invocations=17780 (full 4):
 def new generation   total 2903040K, used 2593976K [0x00007f0d2c600000, 0x00007f0df13f0000, 0x00007f1281b50000)
  eden space 2580544K, 100% used [0x00007f0d2c600000, 0x00007f0dc9e10000, 0x00007f0dc9e10000)
  from space 322496K,   4% used [0x00007f0dc9e10000, 0x00007f0dcab2e3b0, 0x00007f0ddd900000)
  to   space 322496K,   0% used [0x00007f0ddd900000, 0x00007f0ddd900000, 0x00007f0df13f0000)
 tenured generation   total 6450960K, used 6443402K [0x00007f1281b50000, 0x00007f140b714000, 0x00007f1d2c600000)
   the space 6450960K,  99% used [0x00007f1281b50000, 0x00007f140afb2b10, 0x00007f140afb2c00, 0x00007f140b714000)
 Metaspace       used 24297K, capacity 24692K, committed 24832K, reserved 26624K
}
Event: 19651.214 GC heap after
{Heap after GC invocations=17781 (full 4):
 def new generation   total 2903040K, used 13036K [0x00007f0d2c600000, 0x00007f0df13f0000, 0x00007f1281b50000)
  eden space 2580544K,   0% used [0x00007f0d2c600000, 0x00007f0d2c600000, 0x00007f0dc9e10000)
  from space 322496K,   4% used [0x00007f0ddd900000, 0x00007f0dde5bb3d8, 0x00007f0df13f0000)
  to   space 322496K,   0% used [0x00007f0dc9e10000, 0x00007f0dc9e10000, 0x00007f0ddd900000)
 tenured generation   total 6450960K, used 6444365K [0x00007f1281b50000, 0x00007f140b714000, 0x00007f1d2c600000)
   the space 6450960K,  99% used [0x00007f1281b50000, 0x00007f140b0a3510, 0x00007f140b0a3600, 0x00007f140b714000)
 Metaspace       used 24297K, capacity 24692K, committed 24832K, reserved 26624K
}
Event: 19653.513 GC heap before
{Heap before GC invocations=17781 (full 4):
 def new generation   total 2903040K, used 2593580K [0x00007f0d2c600000, 0x00007f0df13f0000, 0x00007f1281b50000)
  eden space 2580544K, 100% used [0x00007f0d2c600000, 0x00007f0dc9e10000, 0x00007f0dc9e10000)
  from space 322496K,   4% used [0x00007f0ddd900000, 0x00007f0dde5bb3d8, 0x00007f0df13f0000)
  to   space 322496K,   0% used [0x00007f0dc9e10000, 0x00007f0dc9e10000, 0x00007f0ddd900000)
 tenured generation   total 6450960K, used 6444365K [0x00007f1281b50000, 0x00007f140b714000, 0x00007f1d2c600000)
   the space 6450960K,  99% used [0x00007f1281b50000, 0x00007f140b0a3510, 0x00007f140b0a3600, 0x00007f140b714000)
 Metaspace       used 24297K, capacity 24692K, committed 24832K, reserved 26624K
}
Event: 19653.546 GC heap after
{Heap after GC invocations=17782 (full 4):
 def new generation   total 2903040K, used 12667K [0x00007f0d2c600000, 0x00007f0df13f0000, 0x00007f1281b50000)
  eden space 2580544K,   0% used [0x00007f0d2c600000, 0x00007f0d2c600000, 0x00007f0dc9e10000)
  from space 322496K,   3% used [0x00007f0dc9e10000, 0x00007f0dcaa6ec30, 0x00007f0ddd900000)
  to   space 322496K,   0% used [0x00007f0ddd900000, 0x00007f0ddd900000, 0x00007f0df13f0000)
 tenured generation   total 6450960K, used 6445327K [0x00007f1281b50000, 0x00007f140b714000, 0x00007f1d2c600000)
   the space 6450960K,  99% used [0x00007f1281b50000, 0x00007f140b193f10, 0x00007f140b194000, 0x00007f140b714000)
 Metaspace       used 24297K, capacity 24692K, committed 24832K, reserved 26624K
}
Event: 19655.790 GC heap before
{Heap before GC invocations=17782 (full 4):
 def new generation   total 2903040K, used 2593211K [0x00007f0d2c600000, 0x00007f0df13f0000, 0x00007f1281b50000)
  eden space 2580544K, 100% used [0x00007f0d2c600000, 0x00007f0dc9e10000, 0x00007f0dc9e10000)
  from space 322496K,   3% used [0x00007f0dc9e10000, 0x00007f0dcaa6ec30, 0x00007f0ddd900000)
  to   space 322496K,   0% used [0x00007f0ddd900000, 0x00007f0ddd900000, 0x00007f0df13f0000)
 tenured generation   total 6450960K, used 6445327K [0x00007f1281b50000, 0x00007f140b714000, 0x00007f1d2c600000)
   the space 6450960K,  99% used [0x00007f1281b50000, 0x00007f140b193f10, 0x00007f140b194000, 0x00007f140b714000)
 Metaspace       used 24297K, capacity 24692K, committed 24832K, reserved 26624K
}
Event: 19655.825 GC heap after
{Heap after GC invocations=17783 (full 4):
 def new generation   total 2903040K, used 12287K [0x00007f0d2c600000, 0x00007f0df13f0000, 0x00007f1281b50000)
  eden space 2580544K,   0% used [0x00007f0d2c600000, 0x00007f0d2c600000, 0x00007f0dc9e10000)
  from space 322496K,   3% used [0x00007f0ddd900000, 0x00007f0dde4ffee0, 0x00007f0df13f0000)
  to   space 322496K,   0% used [0x00007f0dc9e10000, 0x00007f0dc9e10000, 0x00007f0ddd900000)
 tenured generation   total 6450960K, used 6446295K [0x00007f1281b50000, 0x00007f140b714000, 0x00007f1d2c600000)
   the space 6450960K,  99% used [0x00007f1281b50000, 0x00007f140b285c00, 0x00007f140b285c00, 0x00007f140b714000)
 Metaspace       used 24297K, capacity 24692K, committed 24832K, reserved 26624K
}
Event: 19658.083 GC heap before
{Heap before GC invocations=17783 (full 4):
 def new generation   total 2903040K, used 2592831K [0x00007f0d2c600000, 0x00007f0df13f0000, 0x00007f1281b50000)
  eden space 2580544K, 100% used [0x00007f0d2c600000, 0x00007f0dc9e10000, 0x00007f0dc9e10000)
  from space 322496K,   3% used [0x00007f0ddd900000, 0x00007f0dde4ffee0, 0x00007f0df13f0000)
  to   space 322496K,   0% used [0x00007f0dc9e10000, 0x00007f0dc9e10000, 0x00007f0ddd900000)
 tenured generation   total 6450960K, used 6446295K [0x00007f1281b50000, 0x00007f140b714000, 0x00007f1d2c600000)
   the space 6450960K,  99% used [0x00007f1281b50000, 0x00007f140b285c00, 0x00007f140b285c00, 0x00007f140b714000)
 Metaspace       used 24297K, capacity 24692K, committed 24832K, reserved 26624K
}
Event: 19658.110 GC heap after
{Heap after GC invocations=17784 (full 4):
 def new generation   total 2903040K, used 11526K [0x00007f0d2c600000, 0x00007f0df13f0000, 0x00007f1281b50000)
  eden space 2580544K,   0% used [0x00007f0d2c600000, 0x00007f0d2c600000, 0x00007f0dc9e10000)
  from space 322496K,   3% used [0x00007f0dc9e10000, 0x00007f0dca951b10, 0x00007f0ddd900000)
  to   space 322496K,   0% used [0x00007f0ddd900000, 0x00007f0ddd900000, 0x00007f0df13f0000)
 tenured generation   total 6450960K, used 6447627K [0x00007f1281b50000, 0x00007f140b714000, 0x00007f1d2c600000)
   the space 6450960K,  99% used [0x00007f1281b50000, 0x00007f140b3d2c30, 0x00007f140b3d2e00, 0x00007f140b714000)
 Metaspace       used 24297K, capacity 24692K, committed 24832K, reserved 26624K
}
Event: 19660.316 GC heap before
{Heap before GC invocations=17784 (full 4):
 def new generation   total 2903040K, used 2592070K [0x00007f0d2c600000, 0x00007f0df13f0000, 0x00007f1281b50000)
  eden space 2580544K, 100% used [0x00007f0d2c600000, 0x00007f0dc9e10000, 0x00007f0dc9e10000)
  from space 322496K,   3% used [0x00007f0dc9e10000, 0x00007f0dca951b10, 0x00007f0ddd900000)
  to   space 322496K,   0% used [0x00007f0ddd900000, 0x00007f0ddd900000, 0x00007f0df13f0000)
 tenured generation   total 6450960K, used 6447627K [0x00007f1281b50000, 0x00007f140b714000, 0x00007f1d2c600000)
   the space 6450960K,  99% used [0x00007f1281b50000, 0x00007f140b3d2c30, 0x00007f140b3d2e00, 0x00007f140b714000)
 Metaspace       used 24297K, capacity 24692K, committed 24832K, reserved 26624K
}
Event: 19660.341 GC heap after
{Heap after GC invocations=17785 (full 4):
 def new generation   total 2903040K, used 11605K [0x00007f0d2c600000, 0x00007f0df13f0000, 0x00007f1281b50000)
  eden space 2580544K,   0% used [0x00007f0d2c600000, 0x00007f0d2c600000, 0x00007f0dc9e10000)
  from space 322496K,   3% used [0x00007f0ddd900000, 0x00007f0dde4556e0, 0x00007f0df13f0000)
  to   space 322496K,   0% used [0x00007f0dc9e10000, 0x00007f0dc9e10000, 0x00007f0ddd900000)
 tenured generation   total 6450960K, used 6448236K [0x00007f1281b50000, 0x00007f140b714000, 0x00007f1d2c600000)
   the space 6450960K,  99% used [0x00007f1281b50000, 0x00007f140b46b1b8, 0x00007f140b46b200, 0x00007f140b714000)
 Metaspace       used 24297K, capacity 24692K, committed 24832K, reserved 26624K
}
Event: 19662.656 GC heap before
{Heap before GC invocations=17785 (full 4):
 def new generation   total 2903040K, used 2592149K [0x00007f0d2c600000, 0x00007f0df13f0000, 0x00007f1281b50000)
  eden space 2580544K, 100% used [0x00007f0d2c600000, 0x00007f0dc9e10000, 0x00007f0dc9e10000)
  from space 322496K,   3% used [0x00007f0ddd900000, 0x00007f0dde4556e0, 0x00007f0df13f0000)
  to   space 322496K,   0% used [0x00007f0dc9e10000, 0x00007f0dc9e10000, 0x00007f0ddd900000)
 tenured generation   total 6450960K, used 6448236K [0x00007f1281b50000, 0x00007f140b714000, 0x00007f1d2c600000)
   the space 6450960K,  99% used [0x00007f1281b50000, 0x00007f140b46b1b8, 0x00007f140b46b200, 0x00007f140b714000)
 Metaspace       used 24297K, capacity 24692K, committed 24832K, reserved 26624K
}
Event: 19662.687 GC heap after
{Heap after GC invocations=17786 (full 4):
 def new generation   total 2903040K, used 11741K [0x00007f0d2c600000, 0x00007f0df13f0000, 0x00007f1281b50000)
  eden space 2580544K,   0% used [0x00007f0d2c600000, 0x00007f0d2c600000, 0x00007f0dc9e10000)
  from space 322496K,   3% used [0x00007f0dc9e10000, 0x00007f0dca987458, 0x00007f0ddd900000)
  to   space 322496K,   0% used [0x00007f0ddd900000, 0x00007f0ddd900000, 0x00007f0df13f0000)
 tenured generation   total 6450960K, used 6448863K [0x00007f1281b50000, 0x00007f140b714000, 0x00007f1d2c600000)
   the space 6450960K,  99% used [0x00007f1281b50000, 0x00007f140b507e78, 0x00007f140b508000, 0x00007f140b714000)
 Metaspace       used 24297K, capacity 24692K, committed 24832K, reserved 26624K
}
Event: 19664.907 GC heap before
{Heap before GC invocations=17786 (full 4):
 def new generation   total 2903040K, used 2592285K [0x00007f0d2c600000, 0x00007f0df13f0000, 0x00007f1281b50000)
  eden space 2580544K, 100% used [0x00007f0d2c600000, 0x00007f0dc9e10000, 0x00007f0dc9e10000)
  from space 322496K,   3% used [0x00007f0dc9e10000, 0x00007f0dca987458, 0x00007f0ddd900000)
  to   space 322496K,   0% used [0x00007f0ddd900000, 0x00007f0ddd900000, 0x00007f0df13f0000)
 tenured generation   total 6450960K, used 6448863K [0x00007f1281b50000, 0x00007f140b714000, 0x00007f1d2c600000)
   the space 6450960K,  99% used [0x00007f1281b50000, 0x00007f140b507e78, 0x00007f140b508000, 0x00007f140b714000)
 Metaspace       used 24297K, capacity 24692K, committed 24832K, reserved 26624K
}
Event: 19664.939 GC heap after
{Heap after GC invocations=17787 (full 4):
 def new generation   total 2903040K, used 11976K [0x00007f0d2c600000, 0x00007f0df13f0000, 0x00007f1281b50000)
  eden space 2580544K,   0% used [0x00007f0d2c600000, 0x00007f0d2c600000, 0x00007f0dc9e10000)
  from space 322496K,   3% used [0x00007f0ddd900000, 0x00007f0dde4b2330, 0x00007f0df13f0000)
  to   space 322496K,   0% used [0x00007f0dc9e10000, 0x00007f0dc9e10000, 0x00007f0ddd900000)
 tenured generation   total 6450960K, used 6449590K [0x00007f1281b50000, 0x00007f140b714000, 0x00007f1d2c600000)
   the space 6450960K,  99% used [0x00007f1281b50000, 0x00007f140b5bdb58, 0x00007f140b5bdc00, 0x00007f140b714000)
 Metaspace       used 24297K, capacity 24692K, committed 24832K, reserved 26624K
}
Event: 19667.222 GC heap before
{Heap before GC invocations=17787 (full 4):
 def new generation   total 2903040K, used 2592520K [0x00007f0d2c600000, 0x00007f0df13f0000, 0x00007f1281b50000)
  eden space 2580544K, 100% used [0x00007f0d2c600000, 0x00007f0dc9e10000, 0x00007f0dc9e10000)
  from space 322496K,   3% used [0x00007f0ddd900000, 0x00007f0dde4b2330, 0x00007f0df13f0000)
  to   space 322496K,   0% used [0x00007f0dc9e10000, 0x00007f0dc9e10000, 0x00007f0ddd900000)
 tenured generation   total 6450960K, used 6449590K [0x00007f1281b50000, 0x00007f140b714000, 0x00007f1d2c600000)
   the space 6450960K,  99% used [0x00007f1281b50000, 0x00007f140b5bdb58, 0x00007f140b5bdc00, 0x00007f140b714000)
 Metaspace       used 24297K, capacity 24692K, committed 24832K, reserved 26624K
}
Event: 19667.254 GC heap after
{Heap after GC invocations=17788 (full 4):
 def new generation   total 2903040K, used 12225K [0x00007f0d2c600000, 0x00007f0df13f0000, 0x00007f1281b50000)
  eden space 2580544K,   0% used [0x00007f0d2c600000, 0x00007f0d2c600000, 0x00007f0dc9e10000)
  from space 322496K,   3% used [0x00007f0dc9e10000, 0x00007f0dcaa00448, 0x00007f0ddd900000)
  to   space 322496K,   0% used [0x00007f0ddd900000, 0x00007f0ddd900000, 0x00007f0df13f0000)
 tenured generation   total 6450960K, used 6450318K [0x00007f1281b50000, 0x00007f140b714000, 0x00007f1d2c600000)
   the space 6450960K,  99% used [0x00007f1281b50000, 0x00007f140b6739e8, 0x00007f140b673a00, 0x00007f140b714000)
 Metaspace       used 24297K, capacity 24692K, committed 24832K, reserved 26624K
}
Event: 19669.466 GC heap before
{Heap before GC invocations=17788 (full 4):
 def new generation   total 2903040K, used 2592769K [0x00007f0d2c600000, 0x00007f0df13f0000, 0x00007f1281b50000)
  eden space 2580544K, 100% used [0x00007f0d2c600000, 0x00007f0dc9e10000, 0x00007f0dc9e10000)
  from space 322496K,   3% used [0x00007f0dc9e10000, 0x00007f0dcaa00448, 0x00007f0ddd900000)
  to   space 322496K,   0% used [0x00007f0ddd900000, 0x00007f0ddd900000, 0x00007f0df13f0000)
 tenured generation   total 6450960K, used 6450318K [0x00007f1281b50000, 0x00007f140b714000, 0x00007f1d2c600000)
   the space 6450960K,  99% used [0x00007f1281b50000, 0x00007f140b6739e8, 0x00007f140b673a00, 0x00007f140b714000)
 Metaspace       used 24297K, capacity 24692K, committed 24832K, reserved 26624K
}
Event: 19669.500 GC heap after
{Heap after GC invocations=17789 (full 4):
 def new generation   total 2903040K, used 12227K [0x00007f0d2c600000, 0x00007f0df13f0000, 0x00007f1281b50000)
  eden space 2580544K,   0% used [0x00007f0d2c600000, 0x00007f0d2c600000, 0x00007f0dc9e10000)
  from space 322496K,   3% used [0x00007f0ddd900000, 0x00007f0dde4f0f58, 0x00007f0df13f0000)
  to   space 322496K,   0% used [0x00007f0dc9e10000, 0x00007f0dc9e10000, 0x00007f0ddd900000)
 tenured generation   total 6451344K, used 6451280K [0x00007f1281b50000, 0x00007f140b774000, 0x00007f1d2c600000)
   the space 6451344K,  99% used [0x00007f1281b50000, 0x00007f140b7643e8, 0x00007f140b764400, 0x00007f140b774000)
 Metaspace       used 24297K, capacity 24692K, committed 24832K, reserved 26624K
}
Event: 19669.500 GC heap before
{Heap before GC invocations=17789 (full 4):
 def new generation   total 2903040K, used 12227K [0x00007f0d2c600000, 0x00007f0df13f0000, 0x00007f1281b50000)
  eden space 2580544K,   0% used [0x00007f0d2c600000, 0x00007f0d2c600000, 0x00007f0dc9e10000)
  from space 322496K,   3% used [0x00007f0ddd900000, 0x00007f0dde4f0f58, 0x00007f0df13f0000)
  to   space 322496K,   0% used [0x00007f0dc9e10000, 0x00007f0dc9e10000, 0x00007f0ddd900000)
 tenured generation   total 6451344K, used 6451280K [0x00007f1281b50000, 0x00007f140b774000, 0x00007f1d2c600000)
   the space 6451344K,  99% used [0x00007f1281b50000, 0x00007f140b7643e8, 0x00007f140b764400, 0x00007f140b774000)
 Metaspace       used 24297K, capacity 24692K, committed 24832K, reserved 26624K
}

