# JRE version: OpenJDK Runtime Environment (13.0.7+5) (build 13.0.7+5-Ubuntu-0ubuntu120.04)
# Java VM: OpenJDK 64-Bit Server VM (13.0.7+5-Ubuntu-0ubuntu120.04, mixed mode, tiered, serial gc, linux-amd64)
Heap:
 def new generation   total 2899712K, used 11037K [0x00007f9c8c600000, 0x00007f9d51060000, 0x00007fa1e1b50000)
  eden space 2577536K,   0% used [0x00007f9c8c600000, 0x00007f9c8d0c7418, 0x00007f9d29b20000)
  from space 322176K,   0% used [0x00007f9d29b20000, 0x00007f9d29b20000, 0x00007f9d3d5c0000)
  to   space 322176K,   0% used [0x00007f9d3d5c0000, 0x00007f9d3d5c0000, 0x00007f9d51060000)
 tenured generation   total 6444248K, used 6444247K [0x00007fa1e1b50000, 0x00007fa36b086000, 0x00007fac8c600000)
   the space 6444248K,  99% used [0x00007fa1e1b50000, 0x00007fa36b085fb8, 0x00007fa36b086000, 0x00007fa36b086000)
 Metaspace       used 24221K, capacity 24653K, committed 24832K, reserved 26624K
GC Heap History (20 events):
Event: 21536.434 GC heap after
{Heap after GC invocations=19015 (full 4):
 def new generation   total 2899712K, used 11176K [0x00007f9c8c600000, 0x00007f9d51060000, 0x00007fa1e1b50000)
  eden space 2577536K,   0% used [0x00007f9c8c600000, 0x00007f9c8c600000, 0x00007f9d29b20000)
  from space 322176K,   3% used [0x00007f9d3d5c0000, 0x00007f9d3e0aa2b8, 0x00007f9d51060000)
  to   space 322176K,   0% used [0x00007f9d29b20000, 0x00007f9d29b20000, 0x00007f9d3d5c0000)
 tenured generation   total 6443672K, used 6437452K [0x00007fa1e1b50000, 0x00007fa36aff6000, 0x00007fac8c600000)
   the space 6443672K,  99% used [0x00007fa1e1b50000, 0x00007fa36a9e3010, 0x00007fa36a9e3200, 0x00007fa36aff6000)
 Metaspace       used 24221K, capacity 24653K, committed 24832K, reserved 26624K
}
Event: 21538.620 GC heap before
{Heap before GC invocations=19015 (full 4):
 def new generation   total 2899712K, used 2588712K [0x00007f9c8c600000, 0x00007f9d51060000, 0x00007fa1e1b50000)
  eden space 2577536K, 100% used [0x00007f9c8c600000, 0x00007f9d29b20000, 0x00007f9d29b20000)
  from space 322176K,   3% used [0x00007f9d3d5c0000, 0x00007f9d3e0aa2b8, 0x00007f9d51060000)
  to   space 322176K,   0% used [0x00007f9d29b20000, 0x00007f9d29b20000, 0x00007f9d3d5c0000)
 tenured generation   total 6443672K, used 6437452K [0x00007fa1e1b50000, 0x00007fa36aff6000, 0x00007fac8c600000)
   the space 6443672K,  99% used [0x00007fa1e1b50000, 0x00007fa36a9e3010, 0x00007fa36a9e3200, 0x00007fa36aff6000)
 Metaspace       used 24221K, capacity 24653K, committed 24832K, reserved 26624K
}
Event: 21538.643 GC heap after
{Heap after GC invocations=19016 (full 4):
 def new generation   total 2899712K, used 11135K [0x00007f9c8c600000, 0x00007f9d51060000, 0x00007fa1e1b50000)
  eden space 2577536K,   0% used [0x00007f9c8c600000, 0x00007f9c8c600000, 0x00007f9d29b20000)
  from space 322176K,   3% used [0x00007f9d29b20000, 0x00007f9d2a5ffeb0, 0x00007f9d3d5c0000)
  to   space 322176K,   0% used [0x00007f9d3d5c0000, 0x00007f9d3d5c0000, 0x00007f9d51060000)
 tenured generation   total 6443672K, used 6438207K [0x00007fa1e1b50000, 0x00007fa36aff6000, 0x00007fac8c600000)
   the space 6443672K,  99% used [0x00007fa1e1b50000, 0x00007fa36aa9fdf0, 0x00007fa36aa9fe00, 0x00007fa36aff6000)
 Metaspace       used 24221K, capacity 24653K, committed 24832K, reserved 26624K
}
Event: 21540.867 GC heap before
{Heap before GC invocations=19016 (full 4):
 def new generation   total 2899712K, used 2588671K [0x00007f9c8c600000, 0x00007f9d51060000, 0x00007fa1e1b50000)
  eden space 2577536K, 100% used [0x00007f9c8c600000, 0x00007f9d29b20000, 0x00007f9d29b20000)
  from space 322176K,   3% used [0x00007f9d29b20000, 0x00007f9d2a5ffeb0, 0x00007f9d3d5c0000)
  to   space 322176K,   0% used [0x00007f9d3d5c0000, 0x00007f9d3d5c0000, 0x00007f9d51060000)
 tenured generation   total 6443672K, used 6438207K [0x00007fa1e1b50000, 0x00007fa36aff6000, 0x00007fac8c600000)
   the space 6443672K,  99% used [0x00007fa1e1b50000, 0x00007fa36aa9fdf0, 0x00007fa36aa9fe00, 0x00007fa36aff6000)
 Metaspace       used 24221K, capacity 24653K, committed 24832K, reserved 26624K
}
Event: 21540.897 GC heap after
{Heap after GC invocations=19017 (full 4):
 def new generation   total 2899712K, used 11140K [0x00007f9c8c600000, 0x00007f9d51060000, 0x00007fa1e1b50000)
  eden space 2577536K,   0% used [0x00007f9c8c600000, 0x00007f9c8c600000, 0x00007f9d29b20000)
  from space 322176K,   3% used [0x00007f9d3d5c0000, 0x00007f9d3e0a1128, 0x00007f9d51060000)
  to   space 322176K,   0% used [0x00007f9d29b20000, 0x00007f9d29b20000, 0x00007f9d3d5c0000)
 tenured generation   total 6443672K, used 6438941K [0x00007fa1e1b50000, 0x00007fa36aff6000, 0x00007fac8c600000)
   the space 6443672K,  99% used [0x00007fa1e1b50000, 0x00007fa36ab574b0, 0x00007fa36ab57600, 0x00007fa36aff6000)
 Metaspace       used 24221K, capacity 24653K, committed 24832K, reserved 26624K
}
Event: 21543.181 GC heap before
{Heap before GC invocations=19017 (full 4):
 def new generation   total 2899712K, used 2588676K [0x00007f9c8c600000, 0x00007f9d51060000, 0x00007fa1e1b50000)
  eden space 2577536K, 100% used [0x00007f9c8c600000, 0x00007f9d29b20000, 0x00007f9d29b20000)
  from space 322176K,   3% used [0x00007f9d3d5c0000, 0x00007f9d3e0a1128, 0x00007f9d51060000)
  to   space 322176K,   0% used [0x00007f9d29b20000, 0x00007f9d29b20000, 0x00007f9d3d5c0000)
 tenured generation   total 6443672K, used 6438941K [0x00007fa1e1b50000, 0x00007fa36aff6000, 0x00007fac8c600000)
   the space 6443672K,  99% used [0x00007fa1e1b50000, 0x00007fa36ab574b0, 0x00007fa36ab57600, 0x00007fa36aff6000)
 Metaspace       used 24221K, capacity 24653K, committed 24832K, reserved 26624K
}
Event: 21543.209 GC heap after
{Heap after GC invocations=19018 (full 4):
 def new generation   total 2899712K, used 11131K [0x00007f9c8c600000, 0x00007f9d51060000, 0x00007fa1e1b50000)
  eden space 2577536K,   0% used [0x00007f9c8c600000, 0x00007f9c8c600000, 0x00007f9d29b20000)
  from space 322176K,   3% used [0x00007f9d29b20000, 0x00007f9d2a5fef90, 0x00007f9d3d5c0000)
  to   space 322176K,   0% used [0x00007f9d3d5c0000, 0x00007f9d3d5c0000, 0x00007f9d51060000)
 tenured generation   total 6443672K, used 6439692K [0x00007fa1e1b50000, 0x00007fa36aff6000, 0x00007fac8c600000)
   the space 6443672K,  99% used [0x00007fa1e1b50000, 0x00007fa36ac13150, 0x00007fa36ac13200, 0x00007fa36aff6000)
 Metaspace       used 24221K, capacity 24653K, committed 24832K, reserved 26624K
}
Event: 21545.482 GC heap before
{Heap before GC invocations=19018 (full 4):
 def new generation   total 2899712K, used 2588667K [0x00007f9c8c600000, 0x00007f9d51060000, 0x00007fa1e1b50000)
  eden space 2577536K, 100% used [0x00007f9c8c600000, 0x00007f9d29b20000, 0x00007f9d29b20000)
  from space 322176K,   3% used [0x00007f9d29b20000, 0x00007f9d2a5fef90, 0x00007f9d3d5c0000)
  to   space 322176K,   0% used [0x00007f9d3d5c0000, 0x00007f9d3d5c0000, 0x00007f9d51060000)
 tenured generation   total 6443672K, used 6439692K [0x00007fa1e1b50000, 0x00007fa36aff6000, 0x00007fac8c600000)
   the space 6443672K,  99% used [0x00007fa1e1b50000, 0x00007fa36ac13150, 0x00007fa36ac13200, 0x00007fa36aff6000)
 Metaspace       used 24221K, capacity 24653K, committed 24832K, reserved 26624K
}
Event: 21545.512 GC heap after
{Heap after GC invocations=19019 (full 4):
 def new generation   total 2899712K, used 11154K [0x00007f9c8c600000, 0x00007f9d51060000, 0x00007fa1e1b50000)
  eden space 2577536K,   0% used [0x00007f9c8c600000, 0x00007f9c8c600000, 0x00007f9d29b20000)
  from space 322176K,   3% used [0x00007f9d3d5c0000, 0x00007f9d3e0a48f0, 0x00007f9d51060000)
  to   space 322176K,   0% used [0x00007f9d29b20000, 0x00007f9d29b20000, 0x00007f9d3d5c0000)
 tenured generation   total 6443672K, used 6440407K [0x00007fa1e1b50000, 0x00007fa36aff6000, 0x00007fac8c600000)
   the space 6443672K,  99% used [0x00007fa1e1b50000, 0x00007fa36acc5fe8, 0x00007fa36acc6000, 0x00007fa36aff6000)
 Metaspace       used 24221K, capacity 24653K, committed 24832K, reserved 26624K
}
Event: 21547.745 GC heap before
{Heap before GC invocations=19019 (full 4):
 def new generation   total 2899712K, used 2588690K [0x00007f9c8c600000, 0x00007f9d51060000, 0x00007fa1e1b50000)
  eden space 2577536K, 100% used [0x00007f9c8c600000, 0x00007f9d29b20000, 0x00007f9d29b20000)
  from space 322176K,   3% used [0x00007f9d3d5c0000, 0x00007f9d3e0a48f0, 0x00007f9d51060000)
  to   space 322176K,   0% used [0x00007f9d29b20000, 0x00007f9d29b20000, 0x00007f9d3d5c0000)
 tenured generation   total 6443672K, used 6440407K [0x00007fa1e1b50000, 0x00007fa36aff6000, 0x00007fac8c600000)
   the space 6443672K,  99% used [0x00007fa1e1b50000, 0x00007fa36acc5fe8, 0x00007fa36acc6000, 0x00007fa36aff6000)
 Metaspace       used 24221K, capacity 24653K, committed 24832K, reserved 26624K
}
Event: 21547.776 GC heap after
{Heap after GC invocations=19020 (full 4):
 def new generation   total 2899712K, used 11173K [0x00007f9c8c600000, 0x00007f9d51060000, 0x00007fa1e1b50000)
  eden space 2577536K,   0% used [0x00007f9c8c600000, 0x00007f9c8c600000, 0x00007f9d29b20000)
  from space 322176K,   3% used [0x00007f9d29b20000, 0x00007f9d2a6094f8, 0x00007f9d3d5c0000)
  to   space 322176K,   0% used [0x00007f9d3d5c0000, 0x00007f9d3d5c0000, 0x00007f9d51060000)
 tenured generation   total 6443672K, used 6441141K [0x00007fa1e1b50000, 0x00007fa36aff6000, 0x00007fac8c600000)
   the space 6443672K,  99% used [0x00007fa1e1b50000, 0x00007fa36ad7d6a8, 0x00007fa36ad7d800, 0x00007fa36aff6000)
 Metaspace       used 24221K, capacity 24653K, committed 24832K, reserved 26624K
}
Event: 21550.034 GC heap before
{Heap before GC invocations=19020 (full 4):
 def new generation   total 2899712K, used 2588709K [0x00007f9c8c600000, 0x00007f9d51060000, 0x00007fa1e1b50000)
  eden space 2577536K, 100% used [0x00007f9c8c600000, 0x00007f9d29b20000, 0x00007f9d29b20000)
  from space 322176K,   3% used [0x00007f9d29b20000, 0x00007f9d2a6094f8, 0x00007f9d3d5c0000)
  to   space 322176K,   0% used [0x00007f9d3d5c0000, 0x00007f9d3d5c0000, 0x00007f9d51060000)
 tenured generation   total 6443672K, used 6441141K [0x00007fa1e1b50000, 0x00007fa36aff6000, 0x00007fac8c600000)
   the space 6443672K,  99% used [0x00007fa1e1b50000, 0x00007fa36ad7d6a8, 0x00007fa36ad7d800, 0x00007fa36aff6000)
 Metaspace       used 24221K, capacity 24653K, committed 24832K, reserved 26624K
}
Event: 21550.066 GC heap after
{Heap after GC invocations=19021 (full 4):
 def new generation   total 2899712K, used 11160K [0x00007f9c8c600000, 0x00007f9d51060000, 0x00007fa1e1b50000)
  eden space 2577536K,   0% used [0x00007f9c8c600000, 0x00007f9c8c600000, 0x00007f9d29b20000)
  from space 322176K,   3% used [0x00007f9d3d5c0000, 0x00007f9d3e0a60f0, 0x00007f9d51060000)
  to   space 322176K,   0% used [0x00007f9d29b20000, 0x00007f9d29b20000, 0x00007f9d3d5c0000)
 tenured generation   total 6443672K, used 6441892K [0x00007fa1e1b50000, 0x00007fa36aff6000, 0x00007fac8c600000)
   the space 6443672K,  99% used [0x00007fa1e1b50000, 0x00007fa36ae39348, 0x00007fa36ae39400, 0x00007fa36aff6000)
 Metaspace       used 24221K, capacity 24653K, committed 24832K, reserved 26624K
}
Event: 21552.274 GC heap before
{Heap before GC invocations=19021 (full 4):
 def new generation   total 2899712K, used 2588696K [0x00007f9c8c600000, 0x00007f9d51060000, 0x00007fa1e1b50000)
  eden space 2577536K, 100% used [0x00007f9c8c600000, 0x00007f9d29b20000, 0x00007f9d29b20000)
  from space 322176K,   3% used [0x00007f9d3d5c0000, 0x00007f9d3e0a60f0, 0x00007f9d51060000)
  to   space 322176K,   0% used [0x00007f9d29b20000, 0x00007f9d29b20000, 0x00007f9d3d5c0000)
 tenured generation   total 6443672K, used 6441892K [0x00007fa1e1b50000, 0x00007fa36aff6000, 0x00007fac8c600000)
   the space 6443672K,  99% used [0x00007fa1e1b50000, 0x00007fa36ae39348, 0x00007fa36ae39400, 0x00007fa36aff6000)
 Metaspace       used 24221K, capacity 24653K, committed 24832K, reserved 26624K
}
Event: 21552.302 GC heap after
{Heap after GC invocations=19022 (full 4):
 def new generation   total 2899712K, used 11169K [0x00007f9c8c600000, 0x00007f9d51060000, 0x00007fa1e1b50000)
  eden space 2577536K,   0% used [0x00007f9c8c600000, 0x00007f9c8c600000, 0x00007f9d29b20000)
  from space 322176K,   3% used [0x00007f9d29b20000, 0x00007f9d2a6086d8, 0x00007f9d3d5c0000)
  to   space 322176K,   0% used [0x00007f9d3d5c0000, 0x00007f9d3d5c0000, 0x00007f9d51060000)
 tenured generation   total 6443672K, used 6442626K [0x00007fa1e1b50000, 0x00007fa36aff6000, 0x00007fac8c600000)
   the space 6443672K,  99% used [0x00007fa1e1b50000, 0x00007fa36aef0a08, 0x00007fa36aef0c00, 0x00007fa36aff6000)
 Metaspace       used 24221K, capacity 24653K, committed 24832K, reserved 26624K
}
Event: 21554.661 GC heap before
{Heap before GC invocations=19022 (full 4):
 def new generation   total 2899712K, used 2588705K [0x00007f9c8c600000, 0x00007f9d51060000, 0x00007fa1e1b50000)
  eden space 2577536K, 100% used [0x00007f9c8c600000, 0x00007f9d29b20000, 0x00007f9d29b20000)
  from space 322176K,   3% used [0x00007f9d29b20000, 0x00007f9d2a6086d8, 0x00007f9d3d5c0000)
  to   space 322176K,   0% used [0x00007f9d3d5c0000, 0x00007f9d3d5c0000, 0x00007f9d51060000)
 tenured generation   total 6443672K, used 6442626K [0x00007fa1e1b50000, 0x00007fa36aff6000, 0x00007fac8c600000)
   the space 6443672K,  99% used [0x00007fa1e1b50000, 0x00007fa36aef0a08, 0x00007fa36aef0c00, 0x00007fa36aff6000)
 Metaspace       used 24221K, capacity 24653K, committed 24832K, reserved 26624K
}
Event: 21554.688 GC heap after
{Heap after GC invocations=19023 (full 4):
 def new generation   total 2899712K, used 11156K [0x00007f9c8c600000, 0x00007f9d51060000, 0x00007fa1e1b50000)
  eden space 2577536K,   0% used [0x00007f9c8c600000, 0x00007f9c8c600000, 0x00007f9d29b20000)
  from space 322176K,   3% used [0x00007f9d3d5c0000, 0x00007f9d3e0a5340, 0x00007f9d51060000)
  to   space 322176K,   0% used [0x00007f9d29b20000, 0x00007f9d29b20000, 0x00007f9d3d5c0000)
 tenured generation   total 6443672K, used 6443377K [0x00007fa1e1b50000, 0x00007fa36aff6000, 0x00007fac8c600000)
   the space 6443672K,  99% used [0x00007fa1e1b50000, 0x00007fa36afac6a8, 0x00007fa36afac800, 0x00007fa36aff6000)
 Metaspace       used 24221K, capacity 24653K, committed 24832K, reserved 26624K
}
Event: 21557.070 GC heap before
{Heap before GC invocations=19023 (full 4):
 def new generation   total 2899712K, used 2588692K [0x00007f9c8c600000, 0x00007f9d51060000, 0x00007fa1e1b50000)
  eden space 2577536K, 100% used [0x00007f9c8c600000, 0x00007f9d29b20000, 0x00007f9d29b20000)
  from space 322176K,   3% used [0x00007f9d3d5c0000, 0x00007f9d3e0a5340, 0x00007f9d51060000)
  to   space 322176K,   0% used [0x00007f9d29b20000, 0x00007f9d29b20000, 0x00007f9d3d5c0000)
 tenured generation   total 6443672K, used 6443377K [0x00007fa1e1b50000, 0x00007fa36aff6000, 0x00007fac8c600000)
   the space 6443672K,  99% used [0x00007fa1e1b50000, 0x00007fa36afac6a8, 0x00007fa36afac800, 0x00007fa36aff6000)
 Metaspace       used 24221K, capacity 24653K, committed 24832K, reserved 26624K
}
Event: 21557.103 GC heap after
{Heap after GC invocations=19024 (full 4):
 def new generation   total 2899712K, used 11173K [0x00007f9c8c600000, 0x00007f9d51060000, 0x00007fa1e1b50000)
  eden space 2577536K,   0% used [0x00007f9c8c600000, 0x00007f9c8c600000, 0x00007f9d29b20000)
  from space 322176K,   3% used [0x00007f9d29b20000, 0x00007f9d2a609668, 0x00007f9d3d5c0000)
  to   space 322176K,   0% used [0x00007f9d3d5c0000, 0x00007f9d3d5c0000, 0x00007f9d51060000)
 tenured generation   total 6444248K, used 6444111K [0x00007fa1e1b50000, 0x00007fa36b086000, 0x00007fac8c600000)
   the space 6444248K,  99% used [0x00007fa1e1b50000, 0x00007fa36b063d68, 0x00007fa36b063e00, 0x00007fa36b086000)
 Metaspace       used 24221K, capacity 24653K, committed 24832K, reserved 26624K
}
Event: 21557.103 GC heap before
{Heap before GC invocations=19024 (full 4):
 def new generation   total 2899712K, used 11173K [0x00007f9c8c600000, 0x00007f9d51060000, 0x00007fa1e1b50000)
  eden space 2577536K,   0% used [0x00007f9c8c600000, 0x00007f9c8c600000, 0x00007f9d29b20000)
  from space 322176K,   3% used [0x00007f9d29b20000, 0x00007f9d2a609668, 0x00007f9d3d5c0000)
  to   space 322176K,   0% used [0x00007f9d3d5c0000, 0x00007f9d3d5c0000, 0x00007f9d51060000)
 tenured generation   total 6444248K, used 6444111K [0x00007fa1e1b50000, 0x00007fa36b086000, 0x00007fac8c600000)
   the space 6444248K,  99% used [0x00007fa1e1b50000, 0x00007fa36b063d68, 0x00007fa36b063e00, 0x00007fa36b086000)
 Metaspace       used 24221K, capacity 24653K, committed 24832K, reserved 26624K
}

