# JRE version: OpenJDK Runtime Environment (13.0.7+5) (build 13.0.7+5-Ubuntu-0ubuntu120.04)
# Java VM: OpenJDK 64-Bit Server VM (13.0.7+5-Ubuntu-0ubuntu120.04, mixed mode, tiered, serial gc, linux-amd64)
Heap:
 def new generation   total 9654464K, used 0K [0x00007f03f8600000, 0x00007f06871c0000, 0x00007f094db50000)
  eden space 8581760K,   0% used [0x00007f03f8600000, 0x00007f03f8600000, 0x00007f06042a0000)
  from space 1072704K,   0% used [0x00007f0645a30000, 0x00007f0645a30000, 0x00007f06871c0000)
  to   space 1072704K,   0% used [0x00007f06042a0000, 0x00007f06042a0000, 0x00007f0645a30000)
 tenured generation   total 22297940K, used 20835828K [0x00007f094db50000, 0x00007f0e9eaa5000, 0x00007f13f8600000)
   the space 22297940K,  93% used [0x00007f094db50000, 0x00007f0e456cd0e0, 0x00007f0e456cd200, 0x00007f0e9eaa5000)
 Metaspace       used 30497K, capacity 30862K, committed 31232K, reserved 32768K
GC Heap History (20 events):
Event: 762.237 GC heap after
{Heap after GC invocations=35 (full 8):
 def new generation   total 9654464K, used 948091K [0x00007f03f8600000, 0x00007f06871c0000, 0x00007f094db50000)
  eden space 8581760K,   0% used [0x00007f03f8600000, 0x00007f03f8600000, 0x00007f06042a0000)
  from space 1072704K,  88% used [0x00007f06042a0000, 0x00007f063e07ec48, 0x00007f0645a30000)
  to   space 1072704K,   0% used [0x00007f0645a30000, 0x00007f0645a30000, 0x00007f06871c0000)
 tenured generation   total 21454292K, used 13835758K [0x00007f094db50000, 0x00007f0e6b2c5000, 0x00007f13f8600000)
   the space 21454292K,  64% used [0x00007f094db50000, 0x00007f0c9a2cbaf0, 0x00007f0c9a2cbc00, 0x00007f0e6b2c5000)
 Metaspace       used 30497K, capacity 30862K, committed 31232K, reserved 32768K
}
Event: 764.641 GC heap before
{Heap before GC invocations=35 (full 8):
 def new generation   total 9654464K, used 9529851K [0x00007f03f8600000, 0x00007f06871c0000, 0x00007f094db50000)
  eden space 8581760K, 100% used [0x00007f03f8600000, 0x00007f06042a0000, 0x00007f06042a0000)
  from space 1072704K,  88% used [0x00007f06042a0000, 0x00007f063e07ec48, 0x00007f0645a30000)
  to   space 1072704K,   0% used [0x00007f0645a30000, 0x00007f0645a30000, 0x00007f06871c0000)
 tenured generation   total 21454292K, used 13835758K [0x00007f094db50000, 0x00007f0e6b2c5000, 0x00007f13f8600000)
   the space 21454292K,  64% used [0x00007f094db50000, 0x00007f0c9a2cbaf0, 0x00007f0c9a2cbc00, 0x00007f0e6b2c5000)
 Metaspace       used 30497K, capacity 30862K, committed 31232K, reserved 32768K
}
Event: 767.391 GC heap after
{Heap after GC invocations=36 (full 8):
 def new generation   total 9654464K, used 922073K [0x00007f03f8600000, 0x00007f06871c0000, 0x00007f094db50000)
  eden space 8581760K,   0% used [0x00007f03f8600000, 0x00007f03f8600000, 0x00007f06042a0000)
  from space 1072704K,  85% used [0x00007f0645a30000, 0x00007f067dea67c8, 0x00007f06871c0000)
  to   space 1072704K,   0% used [0x00007f06042a0000, 0x00007f06042a0000, 0x00007f0645a30000)
 tenured generation   total 21454292K, used 14783849K [0x00007f094db50000, 0x00007f0e6b2c5000, 0x00007f13f8600000)
   the space 21454292K,  68% used [0x00007f094db50000, 0x00007f0cd40aa608, 0x00007f0cd40aa800, 0x00007f0e6b2c5000)
 Metaspace       used 30497K, capacity 30862K, committed 31232K, reserved 32768K
}
Event: 769.947 GC heap before
{Heap before GC invocations=36 (full 8):
 def new generation   total 9654464K, used 9503833K [0x00007f03f8600000, 0x00007f06871c0000, 0x00007f094db50000)
  eden space 8581760K, 100% used [0x00007f03f8600000, 0x00007f06042a0000, 0x00007f06042a0000)
  from space 1072704K,  85% used [0x00007f0645a30000, 0x00007f067dea67c8, 0x00007f06871c0000)
  to   space 1072704K,   0% used [0x00007f06042a0000, 0x00007f06042a0000, 0x00007f0645a30000)
 tenured generation   total 21454292K, used 14783849K [0x00007f094db50000, 0x00007f0e6b2c5000, 0x00007f13f8600000)
   the space 21454292K,  68% used [0x00007f094db50000, 0x00007f0cd40aa608, 0x00007f0cd40aa800, 0x00007f0e6b2c5000)
 Metaspace       used 30497K, capacity 30862K, committed 31232K, reserved 32768K
}
Event: 773.118 GC heap after
{Heap after GC invocations=37 (full 8):
 def new generation   total 9654464K, used 954499K [0x00007f03f8600000, 0x00007f06871c0000, 0x00007f094db50000)
  eden space 8581760K,   0% used [0x00007f03f8600000, 0x00007f03f8600000, 0x00007f06042a0000)
  from space 1072704K,  88% used [0x00007f06042a0000, 0x00007f063e6c0d48, 0x00007f0645a30000)
  to   space 1072704K,   0% used [0x00007f0645a30000, 0x00007f0645a30000, 0x00007f06871c0000)
 tenured generation   total 21454292K, used 15705923K [0x00007f094db50000, 0x00007f0e6b2c5000, 0x00007f13f8600000)
   the space 21454292K,  73% used [0x00007f094db50000, 0x00007f0d0c520c20, 0x00007f0d0c520e00, 0x00007f0e6b2c5000)
 Metaspace       used 30497K, capacity 30862K, committed 31232K, reserved 32768K
}
Event: 775.914 GC heap before
{Heap before GC invocations=37 (full 8):
 def new generation   total 9654464K, used 9536259K [0x00007f03f8600000, 0x00007f06871c0000, 0x00007f094db50000)
  eden space 8581760K, 100% used [0x00007f03f8600000, 0x00007f06042a0000, 0x00007f06042a0000)
  from space 1072704K,  88% used [0x00007f06042a0000, 0x00007f063e6c0d48, 0x00007f0645a30000)
  to   space 1072704K,   0% used [0x00007f0645a30000, 0x00007f0645a30000, 0x00007f06871c0000)
 tenured generation   total 21454292K, used 15705923K [0x00007f094db50000, 0x00007f0e6b2c5000, 0x00007f13f8600000)
   the space 21454292K,  73% used [0x00007f094db50000, 0x00007f0d0c520c20, 0x00007f0d0c520e00, 0x00007f0e6b2c5000)
 Metaspace       used 30497K, capacity 30862K, committed 31232K, reserved 32768K
}
Event: 779.283 GC heap after
{Heap after GC invocations=38 (full 8):
 def new generation   total 9654464K, used 939549K [0x00007f03f8600000, 0x00007f06871c0000, 0x00007f094db50000)
  eden space 8581760K,   0% used [0x00007f03f8600000, 0x00007f03f8600000, 0x00007f06042a0000)
  from space 1072704K,  87% used [0x00007f0645a30000, 0x00007f067efb77f8, 0x00007f06871c0000)
  to   space 1072704K,   0% used [0x00007f06042a0000, 0x00007f06042a0000, 0x00007f0645a30000)
 tenured generation   total 21454292K, used 16660422K [0x00007f094db50000, 0x00007f0e6b2c5000, 0x00007f13f8600000)
   the space 21454292K,  77% used [0x00007f094db50000, 0x00007f0d46941808, 0x00007f0d46941a00, 0x00007f0e6b2c5000)
 Metaspace       used 30497K, capacity 30862K, committed 31232K, reserved 32768K
}
Event: 782.151 GC heap before
{Heap before GC invocations=38 (full 8):
 def new generation   total 9654464K, used 9521309K [0x00007f03f8600000, 0x00007f06871c0000, 0x00007f094db50000)
  eden space 8581760K, 100% used [0x00007f03f8600000, 0x00007f06042a0000, 0x00007f06042a0000)
  from space 1072704K,  87% used [0x00007f0645a30000, 0x00007f067efb77f8, 0x00007f06871c0000)
  to   space 1072704K,   0% used [0x00007f06042a0000, 0x00007f06042a0000, 0x00007f0645a30000)
 tenured generation   total 21454292K, used 16660422K [0x00007f094db50000, 0x00007f0e6b2c5000, 0x00007f13f8600000)
   the space 21454292K,  77% used [0x00007f094db50000, 0x00007f0d46941808, 0x00007f0d46941a00, 0x00007f0e6b2c5000)
 Metaspace       used 30497K, capacity 30862K, committed 31232K, reserved 32768K
}
Event: 785.265 GC heap after
{Heap after GC invocations=39 (full 8):
 def new generation   total 9654464K, used 951445K [0x00007f03f8600000, 0x00007f06871c0000, 0x00007f094db50000)
  eden space 8581760K,   0% used [0x00007f03f8600000, 0x00007f03f8600000, 0x00007f06042a0000)
  from space 1072704K,  88% used [0x00007f06042a0000, 0x00007f063e3c57d8, 0x00007f0645a30000)
  to   space 1072704K,   0% used [0x00007f0645a30000, 0x00007f0645a30000, 0x00007f06871c0000)
 tenured generation   total 21454292K, used 17599971K [0x00007f094db50000, 0x00007f0e6b2c5000, 0x00007f13f8600000)
   the space 21454292K,  82% used [0x00007f094db50000, 0x00007f0d7fec8e50, 0x00007f0d7fec9000, 0x00007f0e6b2c5000)
 Metaspace       used 30497K, capacity 30862K, committed 31232K, reserved 32768K
}
Event: 787.728 GC heap before
{Heap before GC invocations=39 (full 8):
 def new generation   total 9654464K, used 9533205K [0x00007f03f8600000, 0x00007f06871c0000, 0x00007f094db50000)
  eden space 8581760K, 100% used [0x00007f03f8600000, 0x00007f06042a0000, 0x00007f06042a0000)
  from space 1072704K,  88% used [0x00007f06042a0000, 0x00007f063e3c57d8, 0x00007f0645a30000)
  to   space 1072704K,   0% used [0x00007f0645a30000, 0x00007f0645a30000, 0x00007f06871c0000)
 tenured generation   total 21454292K, used 17599971K [0x00007f094db50000, 0x00007f0e6b2c5000, 0x00007f13f8600000)
   the space 21454292K,  82% used [0x00007f094db50000, 0x00007f0d7fec8e50, 0x00007f0d7fec9000, 0x00007f0e6b2c5000)
 Metaspace       used 30497K, capacity 30862K, committed 31232K, reserved 32768K
}
Event: 791.365 GC heap after
{Heap after GC invocations=40 (full 8):
 def new generation   total 9654464K, used 945553K [0x00007f03f8600000, 0x00007f06871c0000, 0x00007f094db50000)
  eden space 8581760K,   0% used [0x00007f03f8600000, 0x00007f03f8600000, 0x00007f06042a0000)
  from space 1072704K,  88% used [0x00007f0645a30000, 0x00007f067f5947a8, 0x00007f06871c0000)
  to   space 1072704K,   0% used [0x00007f06042a0000, 0x00007f06042a0000, 0x00007f0645a30000)
 tenured generation   total 21454292K, used 18551417K [0x00007f094db50000, 0x00007f0e6b2c5000, 0x00007f13f8600000)
   the space 21454292K,  86% used [0x00007f094db50000, 0x00007f0db9fee4d8, 0x00007f0db9fee600, 0x00007f0e6b2c5000)
 Metaspace       used 30497K, capacity 30862K, committed 31232K, reserved 32768K
}
Event: 793.901 GC heap before
{Heap before GC invocations=40 (full 8):
 def new generation   total 9654464K, used 9527313K [0x00007f03f8600000, 0x00007f06871c0000, 0x00007f094db50000)
  eden space 8581760K, 100% used [0x00007f03f8600000, 0x00007f06042a0000, 0x00007f06042a0000)
  from space 1072704K,  88% used [0x00007f0645a30000, 0x00007f067f5947a8, 0x00007f06871c0000)
  to   space 1072704K,   0% used [0x00007f06042a0000, 0x00007f06042a0000, 0x00007f0645a30000)
 tenured generation   total 21454292K, used 18551417K [0x00007f094db50000, 0x00007f0e6b2c5000, 0x00007f13f8600000)
   the space 21454292K,  86% used [0x00007f094db50000, 0x00007f0db9fee4d8, 0x00007f0db9fee600, 0x00007f0e6b2c5000)
 Metaspace       used 30497K, capacity 30862K, committed 31232K, reserved 32768K
}
Event: 796.950 GC heap after
{Heap after GC invocations=41 (full 8):
 def new generation   total 9654464K, used 940529K [0x00007f03f8600000, 0x00007f06871c0000, 0x00007f094db50000)
  eden space 8581760K,   0% used [0x00007f03f8600000, 0x00007f03f8600000, 0x00007f06042a0000)
  from space 1072704K,  87% used [0x00007f06042a0000, 0x00007f063d91c440, 0x00007f0645a30000)
  to   space 1072704K,   0% used [0x00007f0645a30000, 0x00007f0645a30000, 0x00007f06871c0000)
 tenured generation   total 21454292K, used 19496970K [0x00007f094db50000, 0x00007f0e6b2c5000, 0x00007f13f8600000)
   the space 21454292K,  90% used [0x00007f094db50000, 0x00007f0df3b52b20, 0x00007f0df3b52c00, 0x00007f0e6b2c5000)
 Metaspace       used 30497K, capacity 30862K, committed 31232K, reserved 32768K
}
Event: 799.505 GC heap before
{Heap before GC invocations=41 (full 8):
 def new generation   total 9654464K, used 9522289K [0x00007f03f8600000, 0x00007f06871c0000, 0x00007f094db50000)
  eden space 8581760K, 100% used [0x00007f03f8600000, 0x00007f06042a0000, 0x00007f06042a0000)
  from space 1072704K,  87% used [0x00007f06042a0000, 0x00007f063d91c440, 0x00007f0645a30000)
  to   space 1072704K,   0% used [0x00007f0645a30000, 0x00007f0645a30000, 0x00007f06871c0000)
 tenured generation   total 21454292K, used 19496970K [0x00007f094db50000, 0x00007f0e6b2c5000, 0x00007f13f8600000)
   the space 21454292K,  90% used [0x00007f094db50000, 0x00007f0df3b52b20, 0x00007f0df3b52c00, 0x00007f0e6b2c5000)
 Metaspace       used 30497K, capacity 30862K, committed 31232K, reserved 32768K
}
Event: 802.590 GC heap after
{Heap after GC invocations=42 (full 8):
 def new generation   total 9654464K, used 932178K [0x00007f03f8600000, 0x00007f06871c0000, 0x00007f094db50000)
  eden space 8581760K,   0% used [0x00007f03f8600000, 0x00007f03f8600000, 0x00007f06042a0000)
  from space 1072704K,  86% used [0x00007f0645a30000, 0x00007f067e884a40, 0x00007f06871c0000)
  to   space 1072704K,   0% used [0x00007f06042a0000, 0x00007f06042a0000, 0x00007f0645a30000)
 tenured generation   total 21454292K, used 20437499K [0x00007f094db50000, 0x00007f0e6b2c5000, 0x00007f13f8600000)
   the space 21454292K,  95% used [0x00007f094db50000, 0x00007f0e2d1cef20, 0x00007f0e2d1cf000, 0x00007f0e6b2c5000)
 Metaspace       used 30497K, capacity 30862K, committed 31232K, reserved 32768K
}
Event: 805.108 GC heap before
{Heap before GC invocations=42 (full 8):
 def new generation   total 9654464K, used 9513938K [0x00007f03f8600000, 0x00007f06871c0000, 0x00007f094db50000)
  eden space 8581760K, 100% used [0x00007f03f8600000, 0x00007f06042a0000, 0x00007f06042a0000)
  from space 1072704K,  86% used [0x00007f0645a30000, 0x00007f067e884a40, 0x00007f06871c0000)
  to   space 1072704K,   0% used [0x00007f06042a0000, 0x00007f06042a0000, 0x00007f0645a30000)
 tenured generation   total 21454292K, used 20437499K [0x00007f094db50000, 0x00007f0e6b2c5000, 0x00007f13f8600000)
   the space 21454292K,  95% used [0x00007f094db50000, 0x00007f0e2d1cef20, 0x00007f0e2d1cf000, 0x00007f0e6b2c5000)
 Metaspace       used 30497K, capacity 30862K, committed 31232K, reserved 32768K
}
Event: 808.107 GC heap after
{Heap after GC invocations=43 (full 8):
 def new generation   total 9654464K, used 928196K [0x00007f03f8600000, 0x00007f06871c0000, 0x00007f094db50000)
  eden space 8581760K,   0% used [0x00007f03f8600000, 0x00007f03f8600000, 0x00007f06042a0000)
  from space 1072704K,  86% used [0x00007f06042a0000, 0x00007f063cd11110, 0x00007f0645a30000)
  to   space 1072704K,   0% used [0x00007f0645a30000, 0x00007f0645a30000, 0x00007f06871c0000)
 tenured generation   total 21454292K, used 21369678K [0x00007f094db50000, 0x00007f0e6b2c5000, 0x00007f13f8600000)
   the space 21454292K,  99% used [0x00007f094db50000, 0x00007f0e66023850, 0x00007f0e66023a00, 0x00007f0e6b2c5000)
 Metaspace       used 30497K, capacity 30862K, committed 31232K, reserved 32768K
}
Event: 810.598 GC heap before
{Heap before GC invocations=43 (full 8):
 def new generation   total 9654464K, used 9509956K [0x00007f03f8600000, 0x00007f06871c0000, 0x00007f094db50000)
  eden space 8581760K, 100% used [0x00007f03f8600000, 0x00007f06042a0000, 0x00007f06042a0000)
  from space 1072704K,  86% used [0x00007f06042a0000, 0x00007f063cd11110, 0x00007f0645a30000)
  to   space 1072704K,   0% used [0x00007f0645a30000, 0x00007f0645a30000, 0x00007f06871c0000)
 tenured generation   total 21454292K, used 21369678K [0x00007f094db50000, 0x00007f0e6b2c5000, 0x00007f13f8600000)
   the space 21454292K,  99% used [0x00007f094db50000, 0x00007f0e66023850, 0x00007f0e66023a00, 0x00007f0e6b2c5000)
 Metaspace       used 30497K, capacity 30862K, committed 31232K, reserved 32768K
}
Event: 813.649 GC heap after
{Heap after GC invocations=44 (full 8):
 def new generation   total 9654464K, used 916448K [0x00007f03f8600000, 0x00007f06871c0000, 0x00007f094db50000)
  eden space 8581760K,   0% used [0x00007f03f8600000, 0x00007f03f8600000, 0x00007f06042a0000)
  from space 1072704K,  85% used [0x00007f0645a30000, 0x00007f067d928160, 0x00007f06871c0000)
  to   space 1072704K,   0% used [0x00007f06042a0000, 0x00007f06042a0000, 0x00007f0645a30000)
 tenured generation   total 22297940K, used 22297873K [0x00007f094db50000, 0x00007f0e9eaa5000, 0x00007f13f8600000)
   the space 22297940K,  99% used [0x00007f094db50000, 0x00007f0e9ea94790, 0x00007f0e9ea94800, 0x00007f0e9eaa5000)
 Metaspace       used 30497K, capacity 30862K, committed 31232K, reserved 32768K
}
Event: 813.649 GC heap before
{Heap before GC invocations=44 (full 8):
 def new generation   total 9654464K, used 916448K [0x00007f03f8600000, 0x00007f06871c0000, 0x00007f094db50000)
  eden space 8581760K,   0% used [0x00007f03f8600000, 0x00007f03f8600000, 0x00007f06042a0000)
  from space 1072704K,  85% used [0x00007f0645a30000, 0x00007f067d928160, 0x00007f06871c0000)
  to   space 1072704K,   0% used [0x00007f06042a0000, 0x00007f06042a0000, 0x00007f0645a30000)
 tenured generation   total 22297940K, used 22297873K [0x00007f094db50000, 0x00007f0e9eaa5000, 0x00007f13f8600000)
   the space 22297940K,  99% used [0x00007f094db50000, 0x00007f0e9ea94790, 0x00007f0e9ea94800, 0x00007f0e9eaa5000)
 Metaspace       used 30497K, capacity 30862K, committed 31232K, reserved 32768K
}

