# JRE version: OpenJDK Runtime Environment (13.0.7+5) (build 13.0.7+5-Ubuntu-0ubuntu120.04)
# Java VM: OpenJDK 64-Bit Server VM (13.0.7+5-Ubuntu-0ubuntu120.04, mixed mode, tiered, serial gc, linux-amd64)
Heap:
 def new generation   total 1048704K, used 5972K [0x00007fe7ec600000, 0x00007fe8337e0000, 0x00007fed41b50000)
  eden space 932224K,   0% used [0x00007fe7ec600000, 0x00007fe7ecbd5218, 0x00007fe825460000)
  from space 116480K,   0% used [0x00007fe825460000, 0x00007fe825460000, 0x00007fe82c620000)
  to   space 116480K,   0% used [0x00007fe82c620000, 0x00007fe82c620000, 0x00007fe8337e0000)
 tenured generation   total 2330428K, used 2330427K [0x00007fed41b50000, 0x00007fedcff1f000, 0x00007ff7ec600000)
   the space 2330428K,  99% used [0x00007fed41b50000, 0x00007fedcff1efc0, 0x00007fedcff1f000, 0x00007fedcff1f000)
 Metaspace       used 24286K, capacity 24691K, committed 24832K, reserved 26624K
GC Heap History (20 events):
Event: 4811.356 GC heap after
{Heap after GC invocations=7370 (full 2):
 def new generation   total 1048704K, used 6664K [0x00007fe7ec600000, 0x00007fe8337e0000, 0x00007fed41b50000)
  eden space 932224K,   0% used [0x00007fe7ec600000, 0x00007fe7ec600000, 0x00007fe825460000)
  from space 116480K,   5% used [0x00007fe82c620000, 0x00007fe82cca2260, 0x00007fe8337e0000)
  to   space 116480K,   0% used [0x00007fe825460000, 0x00007fe825460000, 0x00007fe82c620000)
 tenured generation   total 2330236K, used 2325961K [0x00007fed41b50000, 0x00007fedcfeef000, 0x00007ff7ec600000)
   the space 2330236K,  99% used [0x00007fed41b50000, 0x00007fedcfac2670, 0x00007fedcfac2800, 0x00007fedcfeef000)
 Metaspace       used 24286K, capacity 24691K, committed 24832K, reserved 26624K
}
Event: 4812.257 GC heap before
{Heap before GC invocations=7370 (full 2):
 def new generation   total 1048704K, used 938888K [0x00007fe7ec600000, 0x00007fe8337e0000, 0x00007fed41b50000)
  eden space 932224K, 100% used [0x00007fe7ec600000, 0x00007fe825460000, 0x00007fe825460000)
  from space 116480K,   5% used [0x00007fe82c620000, 0x00007fe82cca2260, 0x00007fe8337e0000)
  to   space 116480K,   0% used [0x00007fe825460000, 0x00007fe825460000, 0x00007fe82c620000)
 tenured generation   total 2330236K, used 2325961K [0x00007fed41b50000, 0x00007fedcfeef000, 0x00007ff7ec600000)
   the space 2330236K,  99% used [0x00007fed41b50000, 0x00007fedcfac2670, 0x00007fedcfac2800, 0x00007fedcfeef000)
 Metaspace       used 24286K, capacity 24691K, committed 24832K, reserved 26624K
}
Event: 4812.275 GC heap after
{Heap after GC invocations=7371 (full 2):
 def new generation   total 1048704K, used 6649K [0x00007fe7ec600000, 0x00007fe8337e0000, 0x00007fed41b50000)
  eden space 932224K,   0% used [0x00007fe7ec600000, 0x00007fe7ec600000, 0x00007fe825460000)
  from space 116480K,   5% used [0x00007fe825460000, 0x00007fe825ade480, 0x00007fe82c620000)
  to   space 116480K,   0% used [0x00007fe82c620000, 0x00007fe82c620000, 0x00007fe8337e0000)
 tenured generation   total 2330236K, used 2326356K [0x00007fed41b50000, 0x00007fedcfeef000, 0x00007ff7ec600000)
   the space 2330236K,  99% used [0x00007fed41b50000, 0x00007fedcfb253c8, 0x00007fedcfb25400, 0x00007fedcfeef000)
 Metaspace       used 24286K, capacity 24691K, committed 24832K, reserved 26624K
}
Event: 4813.184 GC heap before
{Heap before GC invocations=7371 (full 2):
 def new generation   total 1048704K, used 938873K [0x00007fe7ec600000, 0x00007fe8337e0000, 0x00007fed41b50000)
  eden space 932224K, 100% used [0x00007fe7ec600000, 0x00007fe825460000, 0x00007fe825460000)
  from space 116480K,   5% used [0x00007fe825460000, 0x00007fe825ade480, 0x00007fe82c620000)
  to   space 116480K,   0% used [0x00007fe82c620000, 0x00007fe82c620000, 0x00007fe8337e0000)
 tenured generation   total 2330236K, used 2326356K [0x00007fed41b50000, 0x00007fedcfeef000, 0x00007ff7ec600000)
   the space 2330236K,  99% used [0x00007fed41b50000, 0x00007fedcfb253c8, 0x00007fedcfb25400, 0x00007fedcfeef000)
 Metaspace       used 24286K, capacity 24691K, committed 24832K, reserved 26624K
}
Event: 4813.202 GC heap after
{Heap after GC invocations=7372 (full 2):
 def new generation   total 1048704K, used 6665K [0x00007fe7ec600000, 0x00007fe8337e0000, 0x00007fed41b50000)
  eden space 932224K,   0% used [0x00007fe7ec600000, 0x00007fe7ec600000, 0x00007fe825460000)
  from space 116480K,   5% used [0x00007fe82c620000, 0x00007fe82cca2400, 0x00007fe8337e0000)
  to   space 116480K,   0% used [0x00007fe825460000, 0x00007fe825460000, 0x00007fe82c620000)
 tenured generation   total 2330236K, used 2326737K [0x00007fed41b50000, 0x00007fedcfeef000, 0x00007ff7ec600000)
   the space 2330236K,  99% used [0x00007fed41b50000, 0x00007fedcfb84648, 0x00007fedcfb84800, 0x00007fedcfeef000)
 Metaspace       used 24286K, capacity 24691K, committed 24832K, reserved 26624K
}
Event: 4814.105 GC heap before
{Heap before GC invocations=7372 (full 2):
 def new generation   total 1048704K, used 938889K [0x00007fe7ec600000, 0x00007fe8337e0000, 0x00007fed41b50000)
  eden space 932224K, 100% used [0x00007fe7ec600000, 0x00007fe825460000, 0x00007fe825460000)
  from space 116480K,   5% used [0x00007fe82c620000, 0x00007fe82cca2400, 0x00007fe8337e0000)
  to   space 116480K,   0% used [0x00007fe825460000, 0x00007fe825460000, 0x00007fe82c620000)
 tenured generation   total 2330236K, used 2326737K [0x00007fed41b50000, 0x00007fedcfeef000, 0x00007ff7ec600000)
   the space 2330236K,  99% used [0x00007fed41b50000, 0x00007fedcfb84648, 0x00007fedcfb84800, 0x00007fedcfeef000)
 Metaspace       used 24286K, capacity 24691K, committed 24832K, reserved 26624K
}
Event: 4814.122 GC heap after
{Heap after GC invocations=7373 (full 2):
 def new generation   total 1048704K, used 6649K [0x00007fe7ec600000, 0x00007fe8337e0000, 0x00007fed41b50000)
  eden space 932224K,   0% used [0x00007fe7ec600000, 0x00007fe7ec600000, 0x00007fe825460000)
  from space 116480K,   5% used [0x00007fe825460000, 0x00007fe825ade6b0, 0x00007fe82c620000)
  to   space 116480K,   0% used [0x00007fe82c620000, 0x00007fe82c620000, 0x00007fe8337e0000)
 tenured generation   total 2330236K, used 2327132K [0x00007fed41b50000, 0x00007fedcfeef000, 0x00007ff7ec600000)
   the space 2330236K,  99% used [0x00007fed41b50000, 0x00007fedcfbe73a0, 0x00007fedcfbe7400, 0x00007fedcfeef000)
 Metaspace       used 24286K, capacity 24691K, committed 24832K, reserved 26624K
}
Event: 4815.020 GC heap before
{Heap before GC invocations=7373 (full 2):
 def new generation   total 1048704K, used 938873K [0x00007fe7ec600000, 0x00007fe8337e0000, 0x00007fed41b50000)
  eden space 932224K, 100% used [0x00007fe7ec600000, 0x00007fe825460000, 0x00007fe825460000)
  from space 116480K,   5% used [0x00007fe825460000, 0x00007fe825ade6b0, 0x00007fe82c620000)
  to   space 116480K,   0% used [0x00007fe82c620000, 0x00007fe82c620000, 0x00007fe8337e0000)
 tenured generation   total 2330236K, used 2327132K [0x00007fed41b50000, 0x00007fedcfeef000, 0x00007ff7ec600000)
   the space 2330236K,  99% used [0x00007fed41b50000, 0x00007fedcfbe73a0, 0x00007fedcfbe7400, 0x00007fedcfeef000)
 Metaspace       used 24286K, capacity 24691K, committed 24832K, reserved 26624K
}
Event: 4815.039 GC heap after
{Heap after GC invocations=7374 (full 2):
 def new generation   total 1048704K, used 6635K [0x00007fe7ec600000, 0x00007fe8337e0000, 0x00007fed41b50000)
  eden space 932224K,   0% used [0x00007fe7ec600000, 0x00007fe7ec600000, 0x00007fe825460000)
  from space 116480K,   5% used [0x00007fe82c620000, 0x00007fe82cc9ad40, 0x00007fe8337e0000)
  to   space 116480K,   0% used [0x00007fe825460000, 0x00007fe825460000, 0x00007fe82c620000)
 tenured generation   total 2330236K, used 2327544K [0x00007fed41b50000, 0x00007fedcfeef000, 0x00007ff7ec600000)
   the space 2330236K,  99% used [0x00007fed41b50000, 0x00007fedcfc4e110, 0x00007fedcfc4e200, 0x00007fedcfeef000)
 Metaspace       used 24286K, capacity 24691K, committed 24832K, reserved 26624K
}
Event: 4815.945 GC heap before
{Heap before GC invocations=7374 (full 2):
 def new generation   total 1048704K, used 938859K [0x00007fe7ec600000, 0x00007fe8337e0000, 0x00007fed41b50000)
  eden space 932224K, 100% used [0x00007fe7ec600000, 0x00007fe825460000, 0x00007fe825460000)
  from space 116480K,   5% used [0x00007fe82c620000, 0x00007fe82cc9ad40, 0x00007fe8337e0000)
  to   space 116480K,   0% used [0x00007fe825460000, 0x00007fe825460000, 0x00007fe82c620000)
 tenured generation   total 2330236K, used 2327544K [0x00007fed41b50000, 0x00007fedcfeef000, 0x00007ff7ec600000)
   the space 2330236K,  99% used [0x00007fed41b50000, 0x00007fedcfc4e110, 0x00007fedcfc4e200, 0x00007fedcfeef000)
 Metaspace       used 24286K, capacity 24691K, committed 24832K, reserved 26624K
}
Event: 4815.961 GC heap after
{Heap after GC invocations=7375 (full 2):
 def new generation   total 1048704K, used 6396K [0x00007fe7ec600000, 0x00007fe8337e0000, 0x00007fed41b50000)
  eden space 932224K,   0% used [0x00007fe7ec600000, 0x00007fe7ec600000, 0x00007fe825460000)
  from space 116480K,   5% used [0x00007fe825460000, 0x00007fe825a9f160, 0x00007fe82c620000)
  to   space 116480K,   0% used [0x00007fe82c620000, 0x00007fe82c620000, 0x00007fe8337e0000)
 tenured generation   total 2330236K, used 2328172K [0x00007fed41b50000, 0x00007fedcfeef000, 0x00007ff7ec600000)
   the space 2330236K,  99% used [0x00007fed41b50000, 0x00007fedcfceb1e0, 0x00007fedcfceb200, 0x00007fedcfeef000)
 Metaspace       used 24286K, capacity 24691K, committed 24832K, reserved 26624K
}
Event: 4816.842 GC heap before
{Heap before GC invocations=7375 (full 2):
 def new generation   total 1048704K, used 938620K [0x00007fe7ec600000, 0x00007fe8337e0000, 0x00007fed41b50000)
  eden space 932224K, 100% used [0x00007fe7ec600000, 0x00007fe825460000, 0x00007fe825460000)
  from space 116480K,   5% used [0x00007fe825460000, 0x00007fe825a9f160, 0x00007fe82c620000)
  to   space 116480K,   0% used [0x00007fe82c620000, 0x00007fe82c620000, 0x00007fe8337e0000)
 tenured generation   total 2330236K, used 2328172K [0x00007fed41b50000, 0x00007fedcfeef000, 0x00007ff7ec600000)
   the space 2330236K,  99% used [0x00007fed41b50000, 0x00007fedcfceb1e0, 0x00007fedcfceb200, 0x00007fedcfeef000)
 Metaspace       used 24286K, capacity 24691K, committed 24832K, reserved 26624K
}
Event: 4816.859 GC heap after
{Heap after GC invocations=7376 (full 2):
 def new generation   total 1048704K, used 6077K [0x00007fe7ec600000, 0x00007fe8337e0000, 0x00007fed41b50000)
  eden space 932224K,   0% used [0x00007fe7ec600000, 0x00007fe7ec600000, 0x00007fe825460000)
  from space 116480K,   5% used [0x00007fe82c620000, 0x00007fe82cc0f7d8, 0x00007fe8337e0000)
  to   space 116480K,   0% used [0x00007fe825460000, 0x00007fe825460000, 0x00007fe82c620000)
 tenured generation   total 2330236K, used 2328872K [0x00007fed41b50000, 0x00007fedcfeef000, 0x00007ff7ec600000)
   the space 2330236K,  99% used [0x00007fed41b50000, 0x00007fedcfd9a2d8, 0x00007fedcfd9a400, 0x00007fedcfeef000)
 Metaspace       used 24286K, capacity 24691K, committed 24832K, reserved 26624K
}
Event: 4817.773 GC heap before
{Heap before GC invocations=7376 (full 2):
 def new generation   total 1048704K, used 938301K [0x00007fe7ec600000, 0x00007fe8337e0000, 0x00007fed41b50000)
  eden space 932224K, 100% used [0x00007fe7ec600000, 0x00007fe825460000, 0x00007fe825460000)
  from space 116480K,   5% used [0x00007fe82c620000, 0x00007fe82cc0f7d8, 0x00007fe8337e0000)
  to   space 116480K,   0% used [0x00007fe825460000, 0x00007fe825460000, 0x00007fe82c620000)
 tenured generation   total 2330236K, used 2328872K [0x00007fed41b50000, 0x00007fedcfeef000, 0x00007ff7ec600000)
   the space 2330236K,  99% used [0x00007fed41b50000, 0x00007fedcfd9a2d8, 0x00007fedcfd9a400, 0x00007fedcfeef000)
 Metaspace       used 24286K, capacity 24691K, committed 24832K, reserved 26624K
}
Event: 4817.791 GC heap after
{Heap after GC invocations=7377 (full 2):
 def new generation   total 1048704K, used 5813K [0x00007fe7ec600000, 0x00007fe8337e0000, 0x00007fed41b50000)
  eden space 932224K,   0% used [0x00007fe7ec600000, 0x00007fe7ec600000, 0x00007fe825460000)
  from space 116480K,   4% used [0x00007fe825460000, 0x00007fe825a0d638, 0x00007fe82c620000)
  to   space 116480K,   0% used [0x00007fe82c620000, 0x00007fe82c620000, 0x00007fe8337e0000)
 tenured generation   total 2330236K, used 2329587K [0x00007fed41b50000, 0x00007fedcfeef000, 0x00007ff7ec600000)
   the space 2330236K,  99% used [0x00007fed41b50000, 0x00007fedcfe4cfc8, 0x00007fedcfe4d000, 0x00007fedcfeef000)
 Metaspace       used 24286K, capacity 24691K, committed 24832K, reserved 26624K
}
Event: 4818.712 GC heap before
{Heap before GC invocations=7377 (full 2):
 def new generation   total 1048704K, used 938037K [0x00007fe7ec600000, 0x00007fe8337e0000, 0x00007fed41b50000)
  eden space 932224K, 100% used [0x00007fe7ec600000, 0x00007fe825460000, 0x00007fe825460000)
  from space 116480K,   4% used [0x00007fe825460000, 0x00007fe825a0d638, 0x00007fe82c620000)
  to   space 116480K,   0% used [0x00007fe82c620000, 0x00007fe82c620000, 0x00007fe8337e0000)
 tenured generation   total 2330236K, used 2329587K [0x00007fed41b50000, 0x00007fedcfeef000, 0x00007ff7ec600000)
   the space 2330236K,  99% used [0x00007fed41b50000, 0x00007fedcfe4cfc8, 0x00007fedcfe4d000, 0x00007fedcfeef000)
 Metaspace       used 24286K, capacity 24691K, committed 24832K, reserved 26624K
}
Event: 4818.727 GC heap after
{Heap after GC invocations=7378 (full 2):
 def new generation   total 1048704K, used 5901K [0x00007fe7ec600000, 0x00007fe8337e0000, 0x00007fed41b50000)
  eden space 932224K,   0% used [0x00007fe7ec600000, 0x00007fe7ec600000, 0x00007fe825460000)
  from space 116480K,   5% used [0x00007fe82c620000, 0x00007fe82cbe3480, 0x00007fe8337e0000)
  to   space 116480K,   0% used [0x00007fe825460000, 0x00007fe825460000, 0x00007fe82c620000)
 tenured generation   total 2330236K, used 2330001K [0x00007fed41b50000, 0x00007fedcfeef000, 0x00007ff7ec600000)
   the space 2330236K,  99% used [0x00007fed41b50000, 0x00007fedcfeb45f8, 0x00007fedcfeb4600, 0x00007fedcfeef000)
 Metaspace       used 24286K, capacity 24691K, committed 24832K, reserved 26624K
}
Event: 4819.649 GC heap before
{Heap before GC invocations=7378 (full 2):
 def new generation   total 1048704K, used 938125K [0x00007fe7ec600000, 0x00007fe8337e0000, 0x00007fed41b50000)
  eden space 932224K, 100% used [0x00007fe7ec600000, 0x00007fe825460000, 0x00007fe825460000)
  from space 116480K,   5% used [0x00007fe82c620000, 0x00007fe82cbe3480, 0x00007fe8337e0000)
  to   space 116480K,   0% used [0x00007fe825460000, 0x00007fe825460000, 0x00007fe82c620000)
 tenured generation   total 2330236K, used 2330001K [0x00007fed41b50000, 0x00007fedcfeef000, 0x00007ff7ec600000)
   the space 2330236K,  99% used [0x00007fed41b50000, 0x00007fedcfeb45f8, 0x00007fedcfeb4600, 0x00007fedcfeef000)
 Metaspace       used 24286K, capacity 24691K, committed 24832K, reserved 26624K
}
Event: 4819.667 GC heap after
{Heap after GC invocations=7379 (full 2):
 def new generation   total 1048704K, used 6063K [0x00007fe7ec600000, 0x00007fe8337e0000, 0x00007fed41b50000)
  eden space 932224K,   0% used [0x00007fe7ec600000, 0x00007fe7ec600000, 0x00007fe825460000)
  from space 116480K,   5% used [0x00007fe825460000, 0x00007fe825a4bdd8, 0x00007fe82c620000)
  to   space 116480K,   0% used [0x00007fe82c620000, 0x00007fe82c620000, 0x00007fe8337e0000)
 tenured generation   total 2330428K, used 2330337K [0x00007fed41b50000, 0x00007fedcff1f000, 0x00007ff7ec600000)
   the space 2330428K,  99% used [0x00007fed41b50000, 0x00007fedcff08400, 0x00007fedcff08400, 0x00007fedcff1f000)
 Metaspace       used 24286K, capacity 24691K, committed 24832K, reserved 26624K
}
Event: 4819.667 GC heap before
{Heap before GC invocations=7379 (full 2):
 def new generation   total 1048704K, used 6063K [0x00007fe7ec600000, 0x00007fe8337e0000, 0x00007fed41b50000)
  eden space 932224K,   0% used [0x00007fe7ec600000, 0x00007fe7ec600000, 0x00007fe825460000)
  from space 116480K,   5% used [0x00007fe825460000, 0x00007fe825a4bdd8, 0x00007fe82c620000)
  to   space 116480K,   0% used [0x00007fe82c620000, 0x00007fe82c620000, 0x00007fe8337e0000)
 tenured generation   total 2330428K, used 2330337K [0x00007fed41b50000, 0x00007fedcff1f000, 0x00007ff7ec600000)
   the space 2330428K,  99% used [0x00007fed41b50000, 0x00007fedcff08400, 0x00007fedcff08400, 0x00007fedcff1f000)
 Metaspace       used 24286K, capacity 24691K, committed 24832K, reserved 26624K
}

