# JRE version: OpenJDK Runtime Environment (13.0.7+5) (build 13.0.7+5-Ubuntu-0ubuntu120.04)
# Java VM: OpenJDK 64-Bit Server VM (13.0.7+5-Ubuntu-0ubuntu120.04, mixed mode, tiered, serial gc, linux-amd64)
Heap:
 def new generation   total 4578112K, used 0K [0x00007f1b88600000, 0x00007f1cbed90000, 0x00007f26330a0000)
  eden space 4069440K,   0% used [0x00007f1b88600000, 0x00007f1b88600000, 0x00007f1c80c10000)
  from space 508672K,   0% used [0x00007f1c80c10000, 0x00007f1c80c10000, 0x00007f1c9fcd0000)
  to   space 508672K,   0% used [0x00007f1c9fcd0000, 0x00007f1c9fcd0000, 0x00007f1cbed90000)
 tenured generation   total 10189824K, used 10170058K [0x00007f26330a0000, 0x00007f28a0fa0000, 0x00007f3b88600000)
   the space 10189824K,  99% used [0x00007f26330a0000, 0x00007f289fc52ba8, 0x00007f289fc52c00, 0x00007f28a0fa0000)
 Metaspace       used 24321K, capacity 24778K, committed 24832K, reserved 26624K
GC Heap History (20 events):
Event: 3001.993 GC heap after
{Heap after GC invocations=1723 (full 7):
 def new generation   total 4578112K, used 258985K [0x00007f1b88600000, 0x00007f1cbed90000, 0x00007f26330a0000)
  eden space 4069440K,   0% used [0x00007f1b88600000, 0x00007f1b88600000, 0x00007f1c80c10000)
  from space 508672K,  50% used [0x00007f1c9fcd0000, 0x00007f1caf9ba7a8, 0x00007f1cbed90000)
  to   space 508672K,   0% used [0x00007f1c80c10000, 0x00007f1c80c10000, 0x00007f1c9fcd0000)
 tenured generation   total 10173436K, used 10049270K [0x00007f26330a0000, 0x00007f289ff9f000, 0x00007f3b88600000)
   the space 10173436K,  98% used [0x00007f26330a0000, 0x00007f289865dbc0, 0x00007f289865dc00, 0x00007f289ff9f000)
 Metaspace       used 24321K, capacity 24778K, committed 24832K, reserved 26624K
}
Event: 3006.759 GC heap before
{Heap before GC invocations=1723 (full 7):
 def new generation   total 4578112K, used 4328425K [0x00007f1b88600000, 0x00007f1cbed90000, 0x00007f26330a0000)
  eden space 4069440K, 100% used [0x00007f1b88600000, 0x00007f1c80c10000, 0x00007f1c80c10000)
  from space 508672K,  50% used [0x00007f1c9fcd0000, 0x00007f1caf9ba7a8, 0x00007f1cbed90000)
  to   space 508672K,   0% used [0x00007f1c80c10000, 0x00007f1c80c10000, 0x00007f1c9fcd0000)
 tenured generation   total 10173436K, used 10049270K [0x00007f26330a0000, 0x00007f289ff9f000, 0x00007f3b88600000)
   the space 10173436K,  98% used [0x00007f26330a0000, 0x00007f289865dbc0, 0x00007f289865dc00, 0x00007f289ff9f000)
 Metaspace       used 24321K, capacity 24778K, committed 24832K, reserved 26624K
}
Event: 3006.978 GC heap after
{Heap after GC invocations=1724 (full 7):
 def new generation   total 4578112K, used 239487K [0x00007f1b88600000, 0x00007f1cbed90000, 0x00007f26330a0000)
  eden space 4069440K,   0% used [0x00007f1b88600000, 0x00007f1b88600000, 0x00007f1c80c10000)
  from space 508672K,  47% used [0x00007f1c80c10000, 0x00007f1c8f5efca8, 0x00007f1c9fcd0000)
  to   space 508672K,   0% used [0x00007f1c9fcd0000, 0x00007f1c9fcd0000, 0x00007f1cbed90000)
 tenured generation   total 10173436K, used 10066229K [0x00007f26330a0000, 0x00007f289ff9f000, 0x00007f3b88600000)
   the space 10173436K,  98% used [0x00007f26330a0000, 0x00007f28996ed7c8, 0x00007f28996ed800, 0x00007f289ff9f000)
 Metaspace       used 24321K, capacity 24778K, committed 24832K, reserved 26624K
}
Event: 3011.744 GC heap before
{Heap before GC invocations=1724 (full 7):
 def new generation   total 4578112K, used 4308927K [0x00007f1b88600000, 0x00007f1cbed90000, 0x00007f26330a0000)
  eden space 4069440K, 100% used [0x00007f1b88600000, 0x00007f1c80c10000, 0x00007f1c80c10000)
  from space 508672K,  47% used [0x00007f1c80c10000, 0x00007f1c8f5efca8, 0x00007f1c9fcd0000)
  to   space 508672K,   0% used [0x00007f1c9fcd0000, 0x00007f1c9fcd0000, 0x00007f1cbed90000)
 tenured generation   total 10173436K, used 10066229K [0x00007f26330a0000, 0x00007f289ff9f000, 0x00007f3b88600000)
   the space 10173436K,  98% used [0x00007f26330a0000, 0x00007f28996ed7c8, 0x00007f28996ed800, 0x00007f289ff9f000)
 Metaspace       used 24321K, capacity 24778K, committed 24832K, reserved 26624K
}
Event: 3011.951 GC heap after
{Heap after GC invocations=1725 (full 7):
 def new generation   total 4578112K, used 237406K [0x00007f1b88600000, 0x00007f1cbed90000, 0x00007f26330a0000)
  eden space 4069440K,   0% used [0x00007f1b88600000, 0x00007f1b88600000, 0x00007f1c80c10000)
  from space 508672K,  46% used [0x00007f1c9fcd0000, 0x00007f1cae4a78d8, 0x00007f1cbed90000)
  to   space 508672K,   0% used [0x00007f1c80c10000, 0x00007f1c80c10000, 0x00007f1c9fcd0000)
 tenured generation   total 10173436K, used 10083189K [0x00007f26330a0000, 0x00007f289ff9f000, 0x00007f3b88600000)
   the space 10173436K,  99% used [0x00007f26330a0000, 0x00007f289a77d750, 0x00007f289a77d800, 0x00007f289ff9f000)
 Metaspace       used 24321K, capacity 24778K, committed 24832K, reserved 26624K
}
Event: 3017.216 GC heap before
{Heap before GC invocations=1725 (full 7):
 def new generation   total 4578112K, used 4306846K [0x00007f1b88600000, 0x00007f1cbed90000, 0x00007f26330a0000)
  eden space 4069440K, 100% used [0x00007f1b88600000, 0x00007f1c80c10000, 0x00007f1c80c10000)
  from space 508672K,  46% used [0x00007f1c9fcd0000, 0x00007f1cae4a78d8, 0x00007f1cbed90000)
  to   space 508672K,   0% used [0x00007f1c80c10000, 0x00007f1c80c10000, 0x00007f1c9fcd0000)
 tenured generation   total 10173436K, used 10083189K [0x00007f26330a0000, 0x00007f289ff9f000, 0x00007f3b88600000)
   the space 10173436K,  99% used [0x00007f26330a0000, 0x00007f289a77d750, 0x00007f289a77d800, 0x00007f289ff9f000)
 Metaspace       used 24321K, capacity 24778K, committed 24832K, reserved 26624K
}
Event: 3017.410 GC heap after
{Heap after GC invocations=1726 (full 7):
 def new generation   total 4578112K, used 237403K [0x00007f1b88600000, 0x00007f1cbed90000, 0x00007f26330a0000)
  eden space 4069440K,   0% used [0x00007f1b88600000, 0x00007f1b88600000, 0x00007f1c80c10000)
  from space 508672K,  46% used [0x00007f1c80c10000, 0x00007f1c8f3e6ee8, 0x00007f1c9fcd0000)
  to   space 508672K,   0% used [0x00007f1c9fcd0000, 0x00007f1c9fcd0000, 0x00007f1cbed90000)
 tenured generation   total 10173436K, used 10100148K [0x00007f26330a0000, 0x00007f289ff9f000, 0x00007f3b88600000)
   the space 10173436K,  99% used [0x00007f26330a0000, 0x00007f289b80d358, 0x00007f289b80d400, 0x00007f289ff9f000)
 Metaspace       used 24321K, capacity 24778K, committed 24832K, reserved 26624K
}
Event: 3022.753 GC heap before
{Heap before GC invocations=1726 (full 7):
 def new generation   total 4578112K, used 4306843K [0x00007f1b88600000, 0x00007f1cbed90000, 0x00007f26330a0000)
  eden space 4069440K, 100% used [0x00007f1b88600000, 0x00007f1c80c10000, 0x00007f1c80c10000)
  from space 508672K,  46% used [0x00007f1c80c10000, 0x00007f1c8f3e6ee8, 0x00007f1c9fcd0000)
  to   space 508672K,   0% used [0x00007f1c9fcd0000, 0x00007f1c9fcd0000, 0x00007f1cbed90000)
 tenured generation   total 10173436K, used 10100148K [0x00007f26330a0000, 0x00007f289ff9f000, 0x00007f3b88600000)
   the space 10173436K,  99% used [0x00007f26330a0000, 0x00007f289b80d358, 0x00007f289b80d400, 0x00007f289ff9f000)
 Metaspace       used 24321K, capacity 24778K, committed 24832K, reserved 26624K
}
Event: 3022.958 GC heap after
{Heap after GC invocations=1727 (full 7):
 def new generation   total 4578112K, used 254362K [0x00007f1b88600000, 0x00007f1cbed90000, 0x00007f26330a0000)
  eden space 4069440K,   0% used [0x00007f1b88600000, 0x00007f1b88600000, 0x00007f1c80c10000)
  from space 508672K,  50% used [0x00007f1c9fcd0000, 0x00007f1caf536a60, 0x00007f1cbed90000)
  to   space 508672K,   0% used [0x00007f1c80c10000, 0x00007f1c80c10000, 0x00007f1c9fcd0000)
 tenured generation   total 10173436K, used 10100148K [0x00007f26330a0000, 0x00007f289ff9f000, 0x00007f3b88600000)
   the space 10173436K,  99% used [0x00007f26330a0000, 0x00007f289b80d358, 0x00007f289b80d400, 0x00007f289ff9f000)
 Metaspace       used 24321K, capacity 24778K, committed 24832K, reserved 26624K
}
Event: 3027.888 GC heap before
{Heap before GC invocations=1727 (full 7):
 def new generation   total 4578112K, used 4323802K [0x00007f1b88600000, 0x00007f1cbed90000, 0x00007f26330a0000)
  eden space 4069440K, 100% used [0x00007f1b88600000, 0x00007f1c80c10000, 0x00007f1c80c10000)
  from space 508672K,  50% used [0x00007f1c9fcd0000, 0x00007f1caf536a60, 0x00007f1cbed90000)
  to   space 508672K,   0% used [0x00007f1c80c10000, 0x00007f1c80c10000, 0x00007f1c9fcd0000)
 tenured generation   total 10173436K, used 10100148K [0x00007f26330a0000, 0x00007f289ff9f000, 0x00007f3b88600000)
   the space 10173436K,  99% used [0x00007f26330a0000, 0x00007f289b80d358, 0x00007f289b80d400, 0x00007f289ff9f000)
 Metaspace       used 24321K, capacity 24778K, committed 24832K, reserved 26624K
}
Event: 3028.182 GC heap after
{Heap after GC invocations=1728 (full 7):
 def new generation   total 4578112K, used 252313K [0x00007f1b88600000, 0x00007f1cbed90000, 0x00007f26330a0000)
  eden space 4069440K,   0% used [0x00007f1b88600000, 0x00007f1b88600000, 0x00007f1c80c10000)
  from space 508672K,  49% used [0x00007f1c80c10000, 0x00007f1c90276450, 0x00007f1c9fcd0000)
  to   space 508672K,   0% used [0x00007f1c9fcd0000, 0x00007f1c9fcd0000, 0x00007f1cbed90000)
 tenured generation   total 10173436K, used 10117107K [0x00007f26330a0000, 0x00007f289ff9f000, 0x00007f3b88600000)
   the space 10173436K,  99% used [0x00007f26330a0000, 0x00007f289c89cf60, 0x00007f289c89d000, 0x00007f289ff9f000)
 Metaspace       used 24321K, capacity 24778K, committed 24832K, reserved 26624K
}
Event: 3033.105 GC heap before
{Heap before GC invocations=1728 (full 7):
 def new generation   total 4578112K, used 4321753K [0x00007f1b88600000, 0x00007f1cbed90000, 0x00007f26330a0000)
  eden space 4069440K, 100% used [0x00007f1b88600000, 0x00007f1c80c10000, 0x00007f1c80c10000)
  from space 508672K,  49% used [0x00007f1c80c10000, 0x00007f1c90276450, 0x00007f1c9fcd0000)
  to   space 508672K,   0% used [0x00007f1c9fcd0000, 0x00007f1c9fcd0000, 0x00007f1cbed90000)
 tenured generation   total 10173436K, used 10117107K [0x00007f26330a0000, 0x00007f289ff9f000, 0x00007f3b88600000)
   the space 10173436K,  99% used [0x00007f26330a0000, 0x00007f289c89cf60, 0x00007f289c89d000, 0x00007f289ff9f000)
 Metaspace       used 24321K, capacity 24778K, committed 24832K, reserved 26624K
}
Event: 3033.329 GC heap after
{Heap after GC invocations=1729 (full 7):
 def new generation   total 4578112K, used 250258K [0x00007f1b88600000, 0x00007f1cbed90000, 0x00007f26330a0000)
  eden space 4069440K,   0% used [0x00007f1b88600000, 0x00007f1b88600000, 0x00007f1c80c10000)
  from space 508672K,  49% used [0x00007f1c9fcd0000, 0x00007f1caf134b80, 0x00007f1cbed90000)
  to   space 508672K,   0% used [0x00007f1c80c10000, 0x00007f1c80c10000, 0x00007f1c9fcd0000)
 tenured generation   total 10173436K, used 10134066K [0x00007f26330a0000, 0x00007f289ff9f000, 0x00007f3b88600000)
   the space 10173436K,  99% used [0x00007f26330a0000, 0x00007f289d92cb68, 0x00007f289d92cc00, 0x00007f289ff9f000)
 Metaspace       used 24321K, capacity 24778K, committed 24832K, reserved 26624K
}
Event: 3037.858 GC heap before
{Heap before GC invocations=1729 (full 7):
 def new generation   total 4578112K, used 4319698K [0x00007f1b88600000, 0x00007f1cbed90000, 0x00007f26330a0000)
  eden space 4069440K, 100% used [0x00007f1b88600000, 0x00007f1c80c10000, 0x00007f1c80c10000)
  from space 508672K,  49% used [0x00007f1c9fcd0000, 0x00007f1caf134b80, 0x00007f1cbed90000)
  to   space 508672K,   0% used [0x00007f1c80c10000, 0x00007f1c80c10000, 0x00007f1c9fcd0000)
 tenured generation   total 10173436K, used 10134066K [0x00007f26330a0000, 0x00007f289ff9f000, 0x00007f3b88600000)
   the space 10173436K,  99% used [0x00007f26330a0000, 0x00007f289d92cb68, 0x00007f289d92cc00, 0x00007f289ff9f000)
 Metaspace       used 24321K, capacity 24778K, committed 24832K, reserved 26624K
}
Event: 3038.075 GC heap after
{Heap after GC invocations=1730 (full 7):
 def new generation   total 4578112K, used 251339K [0x00007f1b88600000, 0x00007f1cbed90000, 0x00007f26330a0000)
  eden space 4069440K,   0% used [0x00007f1b88600000, 0x00007f1b88600000, 0x00007f1c80c10000)
  from space 508672K,  49% used [0x00007f1c80c10000, 0x00007f1c90182e58, 0x00007f1c9fcd0000)
  to   space 508672K,   0% used [0x00007f1c9fcd0000, 0x00007f1c9fcd0000, 0x00007f1cbed90000)
 tenured generation   total 10173436K, used 10151025K [0x00007f26330a0000, 0x00007f289ff9f000, 0x00007f3b88600000)
   the space 10173436K,  99% used [0x00007f26330a0000, 0x00007f289e9bc770, 0x00007f289e9bc800, 0x00007f289ff9f000)
 Metaspace       used 24321K, capacity 24778K, committed 24832K, reserved 26624K
}
Event: 3042.798 GC heap before
{Heap before GC invocations=1730 (full 7):
 def new generation   total 4578112K, used 4313157K [0x00007f1b88600000, 0x00007f1cbed90000, 0x00007f26330a0000)
  eden space 4069440K,  99% used [0x00007f1b88600000, 0x00007f1c8049e678, 0x00007f1c80c10000)
  from space 508672K,  49% used [0x00007f1c80c10000, 0x00007f1c90182e58, 0x00007f1c9fcd0000)
  to   space 508672K,   0% used [0x00007f1c9fcd0000, 0x00007f1c9fcd0000, 0x00007f1cbed90000)
 tenured generation   total 10173436K, used 10151025K [0x00007f26330a0000, 0x00007f289ff9f000, 0x00007f3b88600000)
   the space 10173436K,  99% used [0x00007f26330a0000, 0x00007f289e9bc770, 0x00007f289e9bc800, 0x00007f289ff9f000)
 Metaspace       used 24321K, capacity 24778K, committed 24832K, reserved 26624K
}
Event: 3043.000 GC heap after
{Heap after GC invocations=1731 (full 7):
 def new generation   total 4578112K, used 260031K [0x00007f1b88600000, 0x00007f1cbed90000, 0x00007f26330a0000)
  eden space 4069440K,   0% used [0x00007f1b88600000, 0x00007f1b88600000, 0x00007f1c80c10000)
  from space 508672K,  51% used [0x00007f1c9fcd0000, 0x00007f1cafabfde0, 0x00007f1cbed90000)
  to   space 508672K,   0% used [0x00007f1c80c10000, 0x00007f1c80c10000, 0x00007f1c9fcd0000)
 tenured generation   total 10173436K, used 10167985K [0x00007f26330a0000, 0x00007f289ff9f000, 0x00007f3b88600000)
   the space 10173436K,  99% used [0x00007f26330a0000, 0x00007f289fa4c460, 0x00007f289fa4c600, 0x00007f289ff9f000)
 Metaspace       used 24321K, capacity 24778K, committed 24832K, reserved 26624K
}
Event: 3047.502 GC heap before
{Heap before GC invocations=1731 (full 7):
 def new generation   total 4578112K, used 4327340K [0x00007f1b88600000, 0x00007f1cbed90000, 0x00007f26330a0000)
  eden space 4069440K,  99% used [0x00007f1b88600000, 0x00007f1c809fb348, 0x00007f1c80c10000)
  from space 508672K,  51% used [0x00007f1c9fcd0000, 0x00007f1cafabfde0, 0x00007f1cbed90000)
  to   space 508672K,   0% used [0x00007f1c80c10000, 0x00007f1c80c10000, 0x00007f1c9fcd0000)
 tenured generation   total 10173436K, used 10167985K [0x00007f26330a0000, 0x00007f289ff9f000, 0x00007f3b88600000)
   the space 10173436K,  99% used [0x00007f26330a0000, 0x00007f289fa4c460, 0x00007f289fa4c600, 0x00007f289ff9f000)
 Metaspace       used 24321K, capacity 24778K, committed 24832K, reserved 26624K
}
Event: 3047.673 GC heap after
{Heap after GC invocations=1732 (full 7):
 def new generation   total 4578112K, used 240513K [0x00007f1b88600000, 0x00007f1cbed90000, 0x00007f26330a0000)
  eden space 4069440K,   0% used [0x00007f1b88600000, 0x00007f1b88600000, 0x00007f1c80c10000)
  from space 508672K,  47% used [0x00007f1c80c10000, 0x00007f1c8f6f0690, 0x00007f1c9fcd0000)
  to   space 508672K,   0% used [0x00007f1c9fcd0000, 0x00007f1c9fcd0000, 0x00007f1cbed90000)
 tenured generation   total 10189824K, used 10184943K [0x00007f26330a0000, 0x00007f28a0fa0000, 0x00007f3b88600000)
   the space 10189824K,  99% used [0x00007f26330a0000, 0x00007f28a0adbfd8, 0x00007f28a0adc000, 0x00007f28a0fa0000)
 Metaspace       used 24321K, capacity 24778K, committed 24832K, reserved 26624K
}
Event: 3047.673 GC heap before
{Heap before GC invocations=1732 (full 7):
 def new generation   total 4578112K, used 240513K [0x00007f1b88600000, 0x00007f1cbed90000, 0x00007f26330a0000)
  eden space 4069440K,   0% used [0x00007f1b88600000, 0x00007f1b88600000, 0x00007f1c80c10000)
  from space 508672K,  47% used [0x00007f1c80c10000, 0x00007f1c8f6f0690, 0x00007f1c9fcd0000)
  to   space 508672K,   0% used [0x00007f1c9fcd0000, 0x00007f1c9fcd0000, 0x00007f1cbed90000)
 tenured generation   total 10189824K, used 10184943K [0x00007f26330a0000, 0x00007f28a0fa0000, 0x00007f3b88600000)
   the space 10189824K,  99% used [0x00007f26330a0000, 0x00007f28a0adbfd8, 0x00007f28a0adc000, 0x00007f28a0fa0000)
 Metaspace       used 24321K, capacity 24778K, committed 24832K, reserved 26624K
}

