# JRE version: OpenJDK Runtime Environment (13.0.7+5) (build 13.0.7+5-Ubuntu-0ubuntu120.04)
# Java VM: OpenJDK 64-Bit Server VM (13.0.7+5-Ubuntu-0ubuntu120.04, mixed mode, tiered, serial gc, linux-amd64)
Heap:
 def new generation   total 3189888K, used 354431K [0x00007f59f4400000, 0x00007f5acc940000, 0x00007f5f49950000)
  eden space 2835456K,  12% used [0x00007f59f4400000, 0x00007f5a09e1ffe0, 0x00007f5aa1500000)
  from space 354432K,   0% used [0x00007f5aa1500000, 0x00007f5aa1500000, 0x00007f5ab6f20000)
  to   space 354432K,   0% used [0x00007f5ab6f20000, 0x00007f5ab6f20000, 0x00007f5acc940000)
 tenured generation   total 7260184K, used 7254622K [0x00007f5f49950000, 0x00007f6104b56000, 0x00007f69f4400000)
   the space 7260184K,  99% used [0x00007f5f49950000, 0x00007f61045e7be0, 0x00007f61045e7c00, 0x00007f6104b56000)
 Metaspace       used 30562K, capacity 30945K, committed 31232K, reserved 32768K
GC Heap History (20 events):
Event: 6.291 GC heap after
{Heap after GC invocations=2 (full 1):
 def new generation   total 629248K, used 69888K [0x00007f59f4400000, 0x00007f5a1eec0000, 0x00007f5f49950000)
  eden space 559360K,   0% used [0x00007f59f4400000, 0x00007f59f4400000, 0x00007f5a16640000)
  from space 69888K, 100% used [0x00007f5a1aa80000, 0x00007f5a1eec0000, 0x00007f5a1eec0000)
  to   space 69888K,   0% used [0x00007f5a16640000, 0x00007f5a16640000, 0x00007f5a1aa80000)
 tenured generation   total 1398144K, used 217891K [0x00007f5f49950000, 0x00007f5f9eeb0000, 0x00007f69f4400000)
   the space 1398144K,  15% used [0x00007f5f49950000, 0x00007f5f56e18c88, 0x00007f5f56e18e00, 0x00007f5f9eeb0000)
 Metaspace       used 30560K, capacity 30945K, committed 31232K, reserved 32768K
}
Event: 6.402 GC heap before
{Heap before GC invocations=2 (full 1):
 def new generation   total 629248K, used 629248K [0x00007f59f4400000, 0x00007f5a1eec0000, 0x00007f5f49950000)
  eden space 559360K, 100% used [0x00007f59f4400000, 0x00007f5a16640000, 0x00007f5a16640000)
  from space 69888K, 100% used [0x00007f5a1aa80000, 0x00007f5a1eec0000, 0x00007f5a1eec0000)
  to   space 69888K,   0% used [0x00007f5a16640000, 0x00007f5a16640000, 0x00007f5a1aa80000)
 tenured generation   total 1398144K, used 217891K [0x00007f5f49950000, 0x00007f5f9eeb0000, 0x00007f69f4400000)
   the space 1398144K,  15% used [0x00007f5f49950000, 0x00007f5f56e18c88, 0x00007f5f56e18e00, 0x00007f5f9eeb0000)
 Metaspace       used 30560K, capacity 30945K, committed 31232K, reserved 32768K
}
Event: 6.681 GC heap after
{Heap after GC invocations=3 (full 1):
 def new generation   total 629248K, used 69887K [0x00007f59f4400000, 0x00007f5a1eec0000, 0x00007f5f49950000)
  eden space 559360K,   0% used [0x00007f59f4400000, 0x00007f59f4400000, 0x00007f5a16640000)
  from space 69888K,  99% used [0x00007f5a16640000, 0x00007f5a1aa7fec0, 0x00007f5a1aa80000)
  to   space 69888K,   0% used [0x00007f5a1aa80000, 0x00007f5a1aa80000, 0x00007f5a1eec0000)
 tenured generation   total 1398144K, used 777183K [0x00007f5f49950000, 0x00007f5f9eeb0000, 0x00007f69f4400000)
   the space 1398144K,  55% used [0x00007f5f49950000, 0x00007f5f79047e00, 0x00007f5f79047e00, 0x00007f5f9eeb0000)
 Metaspace       used 30560K, capacity 30945K, committed 31232K, reserved 32768K
}
Event: 6.784 GC heap before
{Heap before GC invocations=3 (full 1):
 def new generation   total 629248K, used 629247K [0x00007f59f4400000, 0x00007f5a1eec0000, 0x00007f5f49950000)
  eden space 559360K, 100% used [0x00007f59f4400000, 0x00007f5a16640000, 0x00007f5a16640000)
  from space 69888K,  99% used [0x00007f5a16640000, 0x00007f5a1aa7fec0, 0x00007f5a1aa80000)
  to   space 69888K,   0% used [0x00007f5a1aa80000, 0x00007f5a1aa80000, 0x00007f5a1eec0000)
 tenured generation   total 1398144K, used 777183K [0x00007f5f49950000, 0x00007f5f9eeb0000, 0x00007f69f4400000)
   the space 1398144K,  55% used [0x00007f5f49950000, 0x00007f5f79047e00, 0x00007f5f79047e00, 0x00007f5f9eeb0000)
 Metaspace       used 30560K, capacity 30945K, committed 31232K, reserved 32768K
}
Event: 7.070 GC heap after
{Heap after GC invocations=4 (full 1):
 def new generation   total 629248K, used 69887K [0x00007f59f4400000, 0x00007f5a1eec0000, 0x00007f5f49950000)
  eden space 559360K,   0% used [0x00007f59f4400000, 0x00007f59f4400000, 0x00007f5a16640000)
  from space 69888K,  99% used [0x00007f5a1aa80000, 0x00007f5a1eebfde8, 0x00007f5a1eec0000)
  to   space 69888K,   0% used [0x00007f5a16640000, 0x00007f5a16640000, 0x00007f5a1aa80000)
 tenured generation   total 1398144K, used 1336464K [0x00007f5f49950000, 0x00007f5f9eeb0000, 0x00007f69f4400000)
   the space 1398144K,  95% used [0x00007f5f49950000, 0x00007f5f9b2742b0, 0x00007f5f9b274400, 0x00007f5f9eeb0000)
 Metaspace       used 30560K, capacity 30945K, committed 31232K, reserved 32768K
}
Event: 7.184 GC heap before
{Heap before GC invocations=4 (full 1):
 def new generation   total 629248K, used 629247K [0x00007f59f4400000, 0x00007f5a1eec0000, 0x00007f5f49950000)
  eden space 559360K, 100% used [0x00007f59f4400000, 0x00007f5a16640000, 0x00007f5a16640000)
  from space 69888K,  99% used [0x00007f5a1aa80000, 0x00007f5a1eebfde8, 0x00007f5a1eec0000)
  to   space 69888K,   0% used [0x00007f5a16640000, 0x00007f5a16640000, 0x00007f5a1aa80000)
 tenured generation   total 1398144K, used 1336464K [0x00007f5f49950000, 0x00007f5f9eeb0000, 0x00007f69f4400000)
   the space 1398144K,  95% used [0x00007f5f49950000, 0x00007f5f9b2742b0, 0x00007f5f9b274400, 0x00007f5f9eeb0000)
 Metaspace       used 30560K, capacity 30945K, committed 31232K, reserved 32768K
}
Event: 7.584 GC heap after
{Heap after GC invocations=5 (full 1):
 def new generation   total 629248K, used 69887K [0x00007f59f4400000, 0x00007f5a1eec0000, 0x00007f5f49950000)
  eden space 559360K,   0% used [0x00007f59f4400000, 0x00007f59f4400000, 0x00007f5a16640000)
  from space 69888K,  99% used [0x00007f5a16640000, 0x00007f5a1aa7fde8, 0x00007f5a1aa80000)
  to   space 69888K,   0% used [0x00007f5a1aa80000, 0x00007f5a1aa80000, 0x00007f5a1eec0000)
 tenured generation   total 1895808K, used 1895786K [0x00007f5f49950000, 0x00007f5fbd4b0000, 0x00007f69f4400000)
   the space 1895808K,  99% used [0x00007f5f49950000, 0x00007f5fbd4aaa48, 0x00007f5fbd4aac00, 0x00007f5fbd4b0000)
 Metaspace       used 30560K, capacity 30945K, committed 31232K, reserved 32768K
}
Event: 7.584 GC heap before
{Heap before GC invocations=5 (full 1):
 def new generation   total 629248K, used 69887K [0x00007f59f4400000, 0x00007f5a1eec0000, 0x00007f5f49950000)
  eden space 559360K,   0% used [0x00007f59f4400000, 0x00007f59f4400000, 0x00007f5a16640000)
  from space 69888K,  99% used [0x00007f5a16640000, 0x00007f5a1aa7fde8, 0x00007f5a1aa80000)
  to   space 69888K,   0% used [0x00007f5a1aa80000, 0x00007f5a1aa80000, 0x00007f5a1eec0000)
 tenured generation   total 1895808K, used 1895786K [0x00007f5f49950000, 0x00007f5fbd4b0000, 0x00007f69f4400000)
   the space 1895808K,  99% used [0x00007f5f49950000, 0x00007f5fbd4aaa48, 0x00007f5fbd4aac00, 0x00007f5fbd4b0000)
 Metaspace       used 30560K, capacity 30945K, committed 31232K, reserved 32768K
}
Event: 7.888 GC heap after
{Heap after GC invocations=5 (full 2):
 def new generation   total 1421952K, used 69867K [0x00007f59f4400000, 0x00007f5a54ae0000, 0x00007f5f49950000)
  eden space 1264000K,   5% used [0x00007f59f4400000, 0x00007f59f883ac08, 0x00007f5a41660000)
  from space 157952K,   0% used [0x00007f5a41660000, 0x00007f5a41660000, 0x00007f5a4b0a0000)
  to   space 157952K,   0% used [0x00007f5a4b0a0000, 0x00007f5a4b0a0000, 0x00007f5a54ae0000)
 tenured generation   total 3159680K, used 1895807K [0x00007f5f49950000, 0x00007f600a6f0000, 0x00007f69f4400000)
   the space 3159680K,  59% used [0x00007f5f49950000, 0x00007f5fbd4afc28, 0x00007f5fbd4afe00, 0x00007f600a6f0000)
 Metaspace       used 30560K, capacity 30945K, committed 31232K, reserved 32768K
}
Event: 8.109 GC heap before
{Heap before GC invocations=5 (full 2):
 def new generation   total 1421952K, used 1264000K [0x00007f59f4400000, 0x00007f5a54ae0000, 0x00007f5f49950000)
  eden space 1264000K, 100% used [0x00007f59f4400000, 0x00007f5a41660000, 0x00007f5a41660000)
  from space 157952K,   0% used [0x00007f5a41660000, 0x00007f5a41660000, 0x00007f5a4b0a0000)
  to   space 157952K,   0% used [0x00007f5a4b0a0000, 0x00007f5a4b0a0000, 0x00007f5a54ae0000)
 tenured generation   total 3159680K, used 1895807K [0x00007f5f49950000, 0x00007f600a6f0000, 0x00007f69f4400000)
   the space 3159680K,  59% used [0x00007f5f49950000, 0x00007f5fbd4afc28, 0x00007f5fbd4afe00, 0x00007f600a6f0000)
 Metaspace       used 30562K, capacity 30945K, committed 31232K, reserved 32768K
}
Event: 8.734 GC heap after
{Heap after GC invocations=6 (full 2):
 def new generation   total 1421952K, used 157951K [0x00007f59f4400000, 0x00007f5a54ae0000, 0x00007f5f49950000)
  eden space 1264000K,   0% used [0x00007f59f4400000, 0x00007f59f4400000, 0x00007f5a41660000)
  from space 157952K,  99% used [0x00007f5a4b0a0000, 0x00007f5a54adfd20, 0x00007f5a54ae0000)
  to   space 157952K,   0% used [0x00007f5a41660000, 0x00007f5a41660000, 0x00007f5a4b0a0000)
 tenured generation   total 3159680K, used 2989177K [0x00007f5f49950000, 0x00007f600a6f0000, 0x00007f69f4400000)
   the space 3159680K,  94% used [0x00007f5f49950000, 0x00007f600006e430, 0x00007f600006e600, 0x00007f600a6f0000)
 Metaspace       used 30562K, capacity 30945K, committed 31232K, reserved 32768K
}
Event: 8.960 GC heap before
{Heap before GC invocations=6 (full 2):
 def new generation   total 1421952K, used 1421951K [0x00007f59f4400000, 0x00007f5a54ae0000, 0x00007f5f49950000)
  eden space 1264000K, 100% used [0x00007f59f4400000, 0x00007f5a41660000, 0x00007f5a41660000)
  from space 157952K,  99% used [0x00007f5a4b0a0000, 0x00007f5a54adfd20, 0x00007f5a54ae0000)
  to   space 157952K,   0% used [0x00007f5a41660000, 0x00007f5a41660000, 0x00007f5a4b0a0000)
 tenured generation   total 3159680K, used 2989177K [0x00007f5f49950000, 0x00007f600a6f0000, 0x00007f69f4400000)
   the space 3159680K,  94% used [0x00007f5f49950000, 0x00007f600006e430, 0x00007f600006e600, 0x00007f600a6f0000)
 Metaspace       used 30562K, capacity 30945K, committed 31232K, reserved 32768K
}
Event: 9.944 GC heap after
{Heap after GC invocations=7 (full 2):
 def new generation   total 1421952K, used 157951K [0x00007f59f4400000, 0x00007f5a54ae0000, 0x00007f5f49950000)
  eden space 1264000K,   0% used [0x00007f59f4400000, 0x00007f59f4400000, 0x00007f5a41660000)
  from space 157952K,  99% used [0x00007f5a41660000, 0x00007f5a4b09fcd0, 0x00007f5a4b0a0000)
  to   space 157952K,   0% used [0x00007f5a4b0a0000, 0x00007f5a4b0a0000, 0x00007f5a54ae0000)
 tenured generation   total 4253120K, used 4253102K [0x00007f5f49950000, 0x00007f604d2c0000, 0x00007f69f4400000)
   the space 4253120K,  99% used [0x00007f5f49950000, 0x00007f604d2bbbf8, 0x00007f604d2bbc00, 0x00007f604d2c0000)
 Metaspace       used 30562K, capacity 30945K, committed 31232K, reserved 32768K
}
Event: 9.944 GC heap before
{Heap before GC invocations=7 (full 2):
 def new generation   total 1421952K, used 157951K [0x00007f59f4400000, 0x00007f5a54ae0000, 0x00007f5f49950000)
  eden space 1264000K,   0% used [0x00007f59f4400000, 0x00007f59f4400000, 0x00007f5a41660000)
  from space 157952K,  99% used [0x00007f5a41660000, 0x00007f5a4b09fcd0, 0x00007f5a4b0a0000)
  to   space 157952K,   0% used [0x00007f5a4b0a0000, 0x00007f5a4b0a0000, 0x00007f5a54ae0000)
 tenured generation   total 4253120K, used 4253102K [0x00007f5f49950000, 0x00007f604d2c0000, 0x00007f69f4400000)
   the space 4253120K,  99% used [0x00007f5f49950000, 0x00007f604d2bbbf8, 0x00007f604d2bbc00, 0x00007f604d2c0000)
 Metaspace       used 30562K, capacity 30945K, committed 31232K, reserved 32768K
}
Event: 10.967 GC heap after
{Heap after GC invocations=7 (full 3):
 def new generation   total 3189888K, used 157934K [0x00007f59f4400000, 0x00007f5acc940000, 0x00007f5f49950000)
  eden space 2835456K,   5% used [0x00007f59f4400000, 0x00007f59fde3bb50, 0x00007f5aa1500000)
  from space 354432K,   0% used [0x00007f5aa1500000, 0x00007f5aa1500000, 0x00007f5ab6f20000)
  to   space 354432K,   0% used [0x00007f5ab6f20000, 0x00007f5ab6f20000, 0x00007f5acc940000)
 tenured generation   total 7088536K, used 4253119K [0x00007f5f49950000, 0x00007f60fa3b6000, 0x00007f69f4400000)
   the space 7088536K,  59% used [0x00007f5f49950000, 0x00007f604d2bfd78, 0x00007f604d2bfe00, 0x00007f60fa3b6000)
 Metaspace       used 30562K, capacity 30945K, committed 31232K, reserved 32768K
}
Event: 14.521 GC heap before
{Heap before GC invocations=7 (full 3):
 def new generation   total 3189888K, used 2835456K [0x00007f59f4400000, 0x00007f5acc940000, 0x00007f5f49950000)
  eden space 2835456K, 100% used [0x00007f59f4400000, 0x00007f5aa1500000, 0x00007f5aa1500000)
  from space 354432K,   0% used [0x00007f5aa1500000, 0x00007f5aa1500000, 0x00007f5ab6f20000)
  to   space 354432K,   0% used [0x00007f5ab6f20000, 0x00007f5ab6f20000, 0x00007f5acc940000)
 tenured generation   total 7088536K, used 4253119K [0x00007f5f49950000, 0x00007f60fa3b6000, 0x00007f69f4400000)
   the space 7088536K,  59% used [0x00007f5f49950000, 0x00007f604d2bfd78, 0x00007f604d2bfe00, 0x00007f60fa3b6000)
 Metaspace       used 30562K, capacity 30945K, committed 31232K, reserved 32768K
}
Event: 15.805 GC heap after
{Heap after GC invocations=8 (full 3):
 def new generation   total 3189888K, used 354431K [0x00007f59f4400000, 0x00007f5acc940000, 0x00007f5f49950000)
  eden space 2835456K,   0% used [0x00007f59f4400000, 0x00007f59f4400000, 0x00007f5aa1500000)
  from space 354432K,  99% used [0x00007f5ab6f20000, 0x00007f5acc93fff8, 0x00007f5acc940000)
  to   space 354432K,   0% used [0x00007f5aa1500000, 0x00007f5aa1500000, 0x00007f5ab6f20000)
 tenured generation   total 7088536K, used 5880739K [0x00007f5f49950000, 0x00007f60fa3b6000, 0x00007f69f4400000)
   the space 7088536K,  82% used [0x00007f5f49950000, 0x00007f60b0838c90, 0x00007f60b0838e00, 0x00007f60fa3b6000)
 Metaspace       used 30562K, capacity 30945K, committed 31232K, reserved 32768K
}
Event: 21.573 GC heap before
{Heap before GC invocations=8 (full 3):
 def new generation   total 3189888K, used 3189887K [0x00007f59f4400000, 0x00007f5acc940000, 0x00007f5f49950000)
  eden space 2835456K, 100% used [0x00007f59f4400000, 0x00007f5aa1500000, 0x00007f5aa1500000)
  from space 354432K,  99% used [0x00007f5ab6f20000, 0x00007f5acc93fff8, 0x00007f5acc940000)
  to   space 354432K,   0% used [0x00007f5aa1500000, 0x00007f5aa1500000, 0x00007f5ab6f20000)
 tenured generation   total 7088536K, used 5880739K [0x00007f5f49950000, 0x00007f60fa3b6000, 0x00007f69f4400000)
   the space 7088536K,  82% used [0x00007f5f49950000, 0x00007f60b0838c90, 0x00007f60b0838e00, 0x00007f60fa3b6000)
 Metaspace       used 30562K, capacity 30945K, committed 31232K, reserved 32768K
}
Event: 24.739 GC heap after
{Heap after GC invocations=9 (full 3):
 def new generation   total 3189888K, used 354431K [0x00007f59f4400000, 0x00007f5acc940000, 0x00007f5f49950000)
  eden space 2835456K,   0% used [0x00007f59f4400000, 0x00007f59f4400000, 0x00007f5aa1500000)
  from space 354432K,  99% used [0x00007f5aa1500000, 0x00007f5ab6f1ffe0, 0x00007f5ab6f20000)
  to   space 354432K,   0% used [0x00007f5ab6f20000, 0x00007f5ab6f20000, 0x00007f5acc940000)
 tenured generation   total 7260184K, used 7260028K [0x00007f5f49950000, 0x00007f6104b56000, 0x00007f69f4400000)
   the space 7260184K,  99% used [0x00007f5f49950000, 0x00007f6104b2f3f8, 0x00007f6104b2f400, 0x00007f6104b56000)
 Metaspace       used 30562K, capacity 30945K, committed 31232K, reserved 32768K
}
Event: 24.739 GC heap before
{Heap before GC invocations=9 (full 3):
 def new generation   total 3189888K, used 354431K [0x00007f59f4400000, 0x00007f5acc940000, 0x00007f5f49950000)
  eden space 2835456K,   0% used [0x00007f59f4400000, 0x00007f59f4400000, 0x00007f5aa1500000)
  from space 354432K,  99% used [0x00007f5aa1500000, 0x00007f5ab6f1ffe0, 0x00007f5ab6f20000)
  to   space 354432K,   0% used [0x00007f5ab6f20000, 0x00007f5ab6f20000, 0x00007f5acc940000)
 tenured generation   total 7260184K, used 7260028K [0x00007f5f49950000, 0x00007f6104b56000, 0x00007f69f4400000)
   the space 7260184K,  99% used [0x00007f5f49950000, 0x00007f6104b2f3f8, 0x00007f6104b2f400, 0x00007f6104b56000)
 Metaspace       used 30562K, capacity 30945K, committed 31232K, reserved 32768K
}

