# JRE version: OpenJDK Runtime Environment (13.0.7+5) (build 13.0.7+5-Ubuntu-0ubuntu120.04)
# Java VM: OpenJDK 64-Bit Server VM (13.0.7+5-Ubuntu-0ubuntu120.04, mixed mode, tiered, serial gc, linux-amd64)
Heap:
 def new generation   total 2609856K, used 6064K [0x00007f4920600000, 0x00007f49d15e0000, 0x00007f4e75b50000)
  eden space 2319872K,   0% used [0x00007f4920600000, 0x00007f4920bec2c0, 0x00007f49adf80000)
  from space 289984K,   0% used [0x00007f49bfab0000, 0x00007f49bfab0000, 0x00007f49d15e0000)
  to   space 289984K,   0% used [0x00007f49adf80000, 0x00007f49adf80000, 0x00007f49bfab0000)
 tenured generation   total 5873492K, used 5873492K [0x00007f4e75b50000, 0x00007f4fdc325000, 0x00007f5920600000)
   the space 5873492K, 100% used [0x00007f4e75b50000, 0x00007f4fdc325000, 0x00007f4fdc325000, 0x00007f4fdc325000)
 Metaspace       used 30470K, capacity 30888K, committed 31232K, reserved 32768K
GC Heap History (20 events):
Event: 238.065 GC heap after
{Heap after GC invocations=55 (full 4):
 def new generation   total 2609856K, used 195017K [0x00007f4920600000, 0x00007f49d15e0000, 0x00007f4e75b50000)
  eden space 2319872K,   0% used [0x00007f4920600000, 0x00007f4920600000, 0x00007f49adf80000)
  from space 289984K,  67% used [0x00007f49adf80000, 0x00007f49b9df2568, 0x00007f49bfab0000)
  to   space 289984K,   0% used [0x00007f49bfab0000, 0x00007f49bfab0000, 0x00007f49d15e0000)
 tenured generation   total 5799572K, used 4065944K [0x00007f4e75b50000, 0x00007f4fd7af5000, 0x00007f5920600000)
   the space 5799572K,  70% used [0x00007f4e75b50000, 0x00007f4f6ddf6038, 0x00007f4f6ddf6200, 0x00007f4fd7af5000)
 Metaspace       used 30470K, capacity 30888K, committed 31232K, reserved 32768K
}
Event: 238.790 GC heap before
{Heap before GC invocations=55 (full 4):
 def new generation   total 2609856K, used 2514889K [0x00007f4920600000, 0x00007f49d15e0000, 0x00007f4e75b50000)
  eden space 2319872K, 100% used [0x00007f4920600000, 0x00007f49adf80000, 0x00007f49adf80000)
  from space 289984K,  67% used [0x00007f49adf80000, 0x00007f49b9df2568, 0x00007f49bfab0000)
  to   space 289984K,   0% used [0x00007f49bfab0000, 0x00007f49bfab0000, 0x00007f49d15e0000)
 tenured generation   total 5799572K, used 4065944K [0x00007f4e75b50000, 0x00007f4fd7af5000, 0x00007f5920600000)
   the space 5799572K,  70% used [0x00007f4e75b50000, 0x00007f4f6ddf6038, 0x00007f4f6ddf6200, 0x00007f4fd7af5000)
 Metaspace       used 30470K, capacity 30888K, committed 31232K, reserved 32768K
}
Event: 239.383 GC heap after
{Heap after GC invocations=56 (full 4):
 def new generation   total 2609856K, used 201808K [0x00007f4920600000, 0x00007f49d15e0000, 0x00007f4e75b50000)
  eden space 2319872K,   0% used [0x00007f4920600000, 0x00007f4920600000, 0x00007f49adf80000)
  from space 289984K,  69% used [0x00007f49bfab0000, 0x00007f49cbfc4180, 0x00007f49d15e0000)
  to   space 289984K,   0% used [0x00007f49adf80000, 0x00007f49adf80000, 0x00007f49bfab0000)
 tenured generation   total 5799572K, used 4260961K [0x00007f4e75b50000, 0x00007f4fd7af5000, 0x00007f5920600000)
   the space 5799572K,  73% used [0x00007f4e75b50000, 0x00007f4f79c68450, 0x00007f4f79c68600, 0x00007f4fd7af5000)
 Metaspace       used 30470K, capacity 30888K, committed 31232K, reserved 32768K
}
Event: 240.115 GC heap before
{Heap before GC invocations=56 (full 4):
 def new generation   total 2609856K, used 2521680K [0x00007f4920600000, 0x00007f49d15e0000, 0x00007f4e75b50000)
  eden space 2319872K, 100% used [0x00007f4920600000, 0x00007f49adf80000, 0x00007f49adf80000)
  from space 289984K,  69% used [0x00007f49bfab0000, 0x00007f49cbfc4180, 0x00007f49d15e0000)
  to   space 289984K,   0% used [0x00007f49adf80000, 0x00007f49adf80000, 0x00007f49bfab0000)
 tenured generation   total 5799572K, used 4260961K [0x00007f4e75b50000, 0x00007f4fd7af5000, 0x00007f5920600000)
   the space 5799572K,  73% used [0x00007f4e75b50000, 0x00007f4f79c68450, 0x00007f4f79c68600, 0x00007f4fd7af5000)
 Metaspace       used 30470K, capacity 30888K, committed 31232K, reserved 32768K
}
Event: 240.803 GC heap after
{Heap after GC invocations=57 (full 4):
 def new generation   total 2609856K, used 214938K [0x00007f4920600000, 0x00007f49d15e0000, 0x00007f4e75b50000)
  eden space 2319872K,   0% used [0x00007f4920600000, 0x00007f4920600000, 0x00007f49adf80000)
  from space 289984K,  74% used [0x00007f49adf80000, 0x00007f49bb1669e0, 0x00007f49bfab0000)
  to   space 289984K,   0% used [0x00007f49bfab0000, 0x00007f49bfab0000, 0x00007f49d15e0000)
 tenured generation   total 5799572K, used 4462769K [0x00007f4e75b50000, 0x00007f4fd7af5000, 0x00007f5920600000)
   the space 5799572K,  76% used [0x00007f4e75b50000, 0x00007f4f8617c410, 0x00007f4f8617c600, 0x00007f4fd7af5000)
 Metaspace       used 30470K, capacity 30888K, committed 31232K, reserved 32768K
}
Event: 241.508 GC heap before
{Heap before GC invocations=57 (full 4):
 def new generation   total 2609856K, used 2534810K [0x00007f4920600000, 0x00007f49d15e0000, 0x00007f4e75b50000)
  eden space 2319872K, 100% used [0x00007f4920600000, 0x00007f49adf80000, 0x00007f49adf80000)
  from space 289984K,  74% used [0x00007f49adf80000, 0x00007f49bb1669e0, 0x00007f49bfab0000)
  to   space 289984K,   0% used [0x00007f49bfab0000, 0x00007f49bfab0000, 0x00007f49d15e0000)
 tenured generation   total 5799572K, used 4462769K [0x00007f4e75b50000, 0x00007f4fd7af5000, 0x00007f5920600000)
   the space 5799572K,  76% used [0x00007f4e75b50000, 0x00007f4f8617c410, 0x00007f4f8617c600, 0x00007f4fd7af5000)
 Metaspace       used 30470K, capacity 30888K, committed 31232K, reserved 32768K
}
Event: 242.105 GC heap after
{Heap after GC invocations=58 (full 4):
 def new generation   total 2609856K, used 194567K [0x00007f4920600000, 0x00007f49d15e0000, 0x00007f4e75b50000)
  eden space 2319872K,   0% used [0x00007f4920600000, 0x00007f4920600000, 0x00007f49adf80000)
  from space 289984K,  67% used [0x00007f49bfab0000, 0x00007f49cb8b1fe0, 0x00007f49d15e0000)
  to   space 289984K,   0% used [0x00007f49adf80000, 0x00007f49adf80000, 0x00007f49bfab0000)
 tenured generation   total 5799572K, used 4677707K [0x00007f4e75b50000, 0x00007f4fd7af5000, 0x00007f5920600000)
   the space 5799572K,  80% used [0x00007f4e75b50000, 0x00007f4f93362cc0, 0x00007f4f93362e00, 0x00007f4fd7af5000)
 Metaspace       used 30470K, capacity 30888K, committed 31232K, reserved 32768K
}
Event: 242.797 GC heap before
{Heap before GC invocations=58 (full 4):
 def new generation   total 2609856K, used 2514439K [0x00007f4920600000, 0x00007f49d15e0000, 0x00007f4e75b50000)
  eden space 2319872K, 100% used [0x00007f4920600000, 0x00007f49adf80000, 0x00007f49adf80000)
  from space 289984K,  67% used [0x00007f49bfab0000, 0x00007f49cb8b1fe0, 0x00007f49d15e0000)
  to   space 289984K,   0% used [0x00007f49adf80000, 0x00007f49adf80000, 0x00007f49bfab0000)
 tenured generation   total 5799572K, used 4677707K [0x00007f4e75b50000, 0x00007f4fd7af5000, 0x00007f5920600000)
   the space 5799572K,  80% used [0x00007f4e75b50000, 0x00007f4f93362cc0, 0x00007f4f93362e00, 0x00007f4fd7af5000)
 Metaspace       used 30470K, capacity 30888K, committed 31232K, reserved 32768K
}
Event: 243.420 GC heap after
{Heap after GC invocations=59 (full 4):
 def new generation   total 2609856K, used 196291K [0x00007f4920600000, 0x00007f49d15e0000, 0x00007f4e75b50000)
  eden space 2319872K,   0% used [0x00007f4920600000, 0x00007f4920600000, 0x00007f49adf80000)
  from space 289984K,  67% used [0x00007f49adf80000, 0x00007f49b9f30f20, 0x00007f49bfab0000)
  to   space 289984K,   0% used [0x00007f49bfab0000, 0x00007f49bfab0000, 0x00007f49d15e0000)
 tenured generation   total 5799572K, used 4872274K [0x00007f4e75b50000, 0x00007f4fd7af5000, 0x00007f5920600000)
   the space 5799572K,  84% used [0x00007f4e75b50000, 0x00007f4f9f164ba0, 0x00007f4f9f164c00, 0x00007f4fd7af5000)
 Metaspace       used 30470K, capacity 30888K, committed 31232K, reserved 32768K
}
Event: 244.162 GC heap before
{Heap before GC invocations=59 (full 4):
 def new generation   total 2609856K, used 2516163K [0x00007f4920600000, 0x00007f49d15e0000, 0x00007f4e75b50000)
  eden space 2319872K, 100% used [0x00007f4920600000, 0x00007f49adf80000, 0x00007f49adf80000)
  from space 289984K,  67% used [0x00007f49adf80000, 0x00007f49b9f30f20, 0x00007f49bfab0000)
  to   space 289984K,   0% used [0x00007f49bfab0000, 0x00007f49bfab0000, 0x00007f49d15e0000)
 tenured generation   total 5799572K, used 4872274K [0x00007f4e75b50000, 0x00007f4fd7af5000, 0x00007f5920600000)
   the space 5799572K,  84% used [0x00007f4e75b50000, 0x00007f4f9f164ba0, 0x00007f4f9f164c00, 0x00007f4fd7af5000)
 Metaspace       used 30470K, capacity 30888K, committed 31232K, reserved 32768K
}
Event: 244.764 GC heap after
{Heap after GC invocations=60 (full 4):
 def new generation   total 2609856K, used 197492K [0x00007f4920600000, 0x00007f49d15e0000, 0x00007f4e75b50000)
  eden space 2319872K,   0% used [0x00007f4920600000, 0x00007f4920600000, 0x00007f49adf80000)
  from space 289984K,  68% used [0x00007f49bfab0000, 0x00007f49cbb8d2e0, 0x00007f49d15e0000)
  to   space 289984K,   0% used [0x00007f49adf80000, 0x00007f49adf80000, 0x00007f49bfab0000)
 tenured generation   total 5799572K, used 5068566K [0x00007f4e75b50000, 0x00007f4fd7af5000, 0x00007f5920600000)
   the space 5799572K,  87% used [0x00007f4e75b50000, 0x00007f4fab1159c0, 0x00007f4fab115a00, 0x00007f4fd7af5000)
 Metaspace       used 30470K, capacity 30888K, committed 31232K, reserved 32768K
}
Event: 245.432 GC heap before
{Heap before GC invocations=60 (full 4):
 def new generation   total 2609856K, used 2517364K [0x00007f4920600000, 0x00007f49d15e0000, 0x00007f4e75b50000)
  eden space 2319872K, 100% used [0x00007f4920600000, 0x00007f49adf80000, 0x00007f49adf80000)
  from space 289984K,  68% used [0x00007f49bfab0000, 0x00007f49cbb8d2e0, 0x00007f49d15e0000)
  to   space 289984K,   0% used [0x00007f49adf80000, 0x00007f49adf80000, 0x00007f49bfab0000)
 tenured generation   total 5799572K, used 5068566K [0x00007f4e75b50000, 0x00007f4fd7af5000, 0x00007f5920600000)
   the space 5799572K,  87% used [0x00007f4e75b50000, 0x00007f4fab1159c0, 0x00007f4fab115a00, 0x00007f4fd7af5000)
 Metaspace       used 30470K, capacity 30888K, committed 31232K, reserved 32768K
}
Event: 246.013 GC heap after
{Heap after GC invocations=61 (full 4):
 def new generation   total 2609856K, used 195184K [0x00007f4920600000, 0x00007f49d15e0000, 0x00007f4e75b50000)
  eden space 2319872K,   0% used [0x00007f4920600000, 0x00007f4920600000, 0x00007f49adf80000)
  from space 289984K,  67% used [0x00007f49adf80000, 0x00007f49b9e1c310, 0x00007f49bfab0000)
  to   space 289984K,   0% used [0x00007f49bfab0000, 0x00007f49bfab0000, 0x00007f49d15e0000)
 tenured generation   total 5799572K, used 5266058K [0x00007f4e75b50000, 0x00007f4fd7af5000, 0x00007f5920600000)
   the space 5799572K,  90% used [0x00007f4e75b50000, 0x00007f4fb71f2ad0, 0x00007f4fb71f2c00, 0x00007f4fd7af5000)
 Metaspace       used 30470K, capacity 30888K, committed 31232K, reserved 32768K
}
Event: 246.745 GC heap before
{Heap before GC invocations=61 (full 4):
 def new generation   total 2609856K, used 2515056K [0x00007f4920600000, 0x00007f49d15e0000, 0x00007f4e75b50000)
  eden space 2319872K, 100% used [0x00007f4920600000, 0x00007f49adf80000, 0x00007f49adf80000)
  from space 289984K,  67% used [0x00007f49adf80000, 0x00007f49b9e1c310, 0x00007f49bfab0000)
  to   space 289984K,   0% used [0x00007f49bfab0000, 0x00007f49bfab0000, 0x00007f49d15e0000)
 tenured generation   total 5799572K, used 5266058K [0x00007f4e75b50000, 0x00007f4fd7af5000, 0x00007f5920600000)
   the space 5799572K,  90% used [0x00007f4e75b50000, 0x00007f4fb71f2ad0, 0x00007f4fb71f2c00, 0x00007f4fd7af5000)
 Metaspace       used 30470K, capacity 30888K, committed 31232K, reserved 32768K
}
Event: 247.366 GC heap after
{Heap after GC invocations=62 (full 4):
 def new generation   total 2609856K, used 205189K [0x00007f4920600000, 0x00007f49d15e0000, 0x00007f4e75b50000)
  eden space 2319872K,   0% used [0x00007f4920600000, 0x00007f4920600000, 0x00007f49adf80000)
  from space 289984K,  70% used [0x00007f49bfab0000, 0x00007f49cc311580, 0x00007f49d15e0000)
  to   space 289984K,   0% used [0x00007f49adf80000, 0x00007f49adf80000, 0x00007f49bfab0000)
 tenured generation   total 5799572K, used 5461242K [0x00007f4e75b50000, 0x00007f4fd7af5000, 0x00007f5920600000)
   the space 5799572K,  94% used [0x00007f4e75b50000, 0x00007f4fc308eb10, 0x00007f4fc308ec00, 0x00007f4fd7af5000)
 Metaspace       used 30470K, capacity 30888K, committed 31232K, reserved 32768K
}
Event: 248.086 GC heap before
{Heap before GC invocations=62 (full 4):
 def new generation   total 2609856K, used 2525061K [0x00007f4920600000, 0x00007f49d15e0000, 0x00007f4e75b50000)
  eden space 2319872K, 100% used [0x00007f4920600000, 0x00007f49adf80000, 0x00007f49adf80000)
  from space 289984K,  70% used [0x00007f49bfab0000, 0x00007f49cc311580, 0x00007f49d15e0000)
  to   space 289984K,   0% used [0x00007f49adf80000, 0x00007f49adf80000, 0x00007f49bfab0000)
 tenured generation   total 5799572K, used 5461242K [0x00007f4e75b50000, 0x00007f4fd7af5000, 0x00007f5920600000)
   the space 5799572K,  94% used [0x00007f4e75b50000, 0x00007f4fc308eb10, 0x00007f4fc308ec00, 0x00007f4fd7af5000)
 Metaspace       used 30470K, capacity 30888K, committed 31232K, reserved 32768K
}
Event: 248.704 GC heap after
{Heap after GC invocations=63 (full 4):
 def new generation   total 2609856K, used 206979K [0x00007f4920600000, 0x00007f49d15e0000, 0x00007f4e75b50000)
  eden space 2319872K,   0% used [0x00007f4920600000, 0x00007f4920600000, 0x00007f49adf80000)
  from space 289984K,  71% used [0x00007f49adf80000, 0x00007f49ba9a0e60, 0x00007f49bfab0000)
  to   space 289984K,   0% used [0x00007f49bfab0000, 0x00007f49bfab0000, 0x00007f49d15e0000)
 tenured generation   total 5799572K, used 5666431K [0x00007f4e75b50000, 0x00007f4fd7af5000, 0x00007f5920600000)
   the space 5799572K,  97% used [0x00007f4e75b50000, 0x00007f4fcf8eff20, 0x00007f4fcf8f0000, 0x00007f4fd7af5000)
 Metaspace       used 30470K, capacity 30888K, committed 31232K, reserved 32768K
}
Event: 249.387 GC heap before
{Heap before GC invocations=63 (full 4):
 def new generation   total 2609856K, used 2526851K [0x00007f4920600000, 0x00007f49d15e0000, 0x00007f4e75b50000)
  eden space 2319872K, 100% used [0x00007f4920600000, 0x00007f49adf80000, 0x00007f49adf80000)
  from space 289984K,  71% used [0x00007f49adf80000, 0x00007f49ba9a0e60, 0x00007f49bfab0000)
  to   space 289984K,   0% used [0x00007f49bfab0000, 0x00007f49bfab0000, 0x00007f49d15e0000)
 tenured generation   total 5799572K, used 5666431K [0x00007f4e75b50000, 0x00007f4fd7af5000, 0x00007f5920600000)
   the space 5799572K,  97% used [0x00007f4e75b50000, 0x00007f4fcf8eff20, 0x00007f4fcf8f0000, 0x00007f4fd7af5000)
 Metaspace       used 30470K, capacity 30888K, committed 31232K, reserved 32768K
}
Event: 249.967 GC heap after
{Heap after GC invocations=64 (full 4):
 def new generation   total 2609856K, used 191277K [0x00007f4920600000, 0x00007f49d15e0000, 0x00007f4e75b50000)
  eden space 2319872K,   0% used [0x00007f4920600000, 0x00007f4920600000, 0x00007f49adf80000)
  from space 289984K,  65% used [0x00007f49bfab0000, 0x00007f49cb57b450, 0x00007f49d15e0000)
  to   space 289984K,   0% used [0x00007f49adf80000, 0x00007f49adf80000, 0x00007f49bfab0000)
 tenured generation   total 5873492K, used 5873410K [0x00007f4e75b50000, 0x00007f4fdc325000, 0x00007f5920600000)
   the space 5873492K,  99% used [0x00007f4e75b50000, 0x00007f4fdc310b70, 0x00007f4fdc310c00, 0x00007f4fdc325000)
 Metaspace       used 30470K, capacity 30888K, committed 31232K, reserved 32768K
}
Event: 249.967 GC heap before
{Heap before GC invocations=64 (full 4):
 def new generation   total 2609856K, used 191277K [0x00007f4920600000, 0x00007f49d15e0000, 0x00007f4e75b50000)
  eden space 2319872K,   0% used [0x00007f4920600000, 0x00007f4920600000, 0x00007f49adf80000)
  from space 289984K,  65% used [0x00007f49bfab0000, 0x00007f49cb57b450, 0x00007f49d15e0000)
  to   space 289984K,   0% used [0x00007f49adf80000, 0x00007f49adf80000, 0x00007f49bfab0000)
 tenured generation   total 5873492K, used 5873410K [0x00007f4e75b50000, 0x00007f4fdc325000, 0x00007f5920600000)
   the space 5873492K,  99% used [0x00007f4e75b50000, 0x00007f4fdc310b70, 0x00007f4fdc310c00, 0x00007f4fdc325000)
 Metaspace       used 30470K, capacity 30888K, committed 31232K, reserved 32768K
}

