# JRE version: OpenJDK Runtime Environment (13.0.7+5) (build 13.0.7+5-Ubuntu-0ubuntu120.04)
# Java VM: OpenJDK 64-Bit Server VM (13.0.7+5-Ubuntu-0ubuntu120.04, mixed mode, tiered, serial gc, linux-amd64)
Heap:
 def new generation   total 629248K, used 0K [0x00007fd080600000, 0x00007fd0ab0c0000, 0x00007fd5d5b50000)
  eden space 559360K,   0% used [0x00007fd080600000, 0x00007fd080600000, 0x00007fd0a2840000)
  from space 69888K,   0% used [0x00007fd0a6c80000, 0x00007fd0a6c80000, 0x00007fd0ab0c0000)
  to   space 69888K,   0% used [0x00007fd0a2840000, 0x00007fd0a2840000, 0x00007fd0a6c80000)
 tenured generation   total 1398144K, used 14836K [0x00007fd5d5b50000, 0x00007fd62b0b0000, 0x00007fe080600000)
   the space 1398144K,   1% used [0x00007fd5d5b50000, 0x00007fd5d69cd2a8, 0x00007fd5d69cd400, 0x00007fd62b0b0000)
 Metaspace       used 23215K, capacity 23589K, committed 23808K, reserved 24576K
GC Heap History (10 events):
Event: 5.913 GC heap before
{Heap before GC invocations=0 (full 0):
 def new generation   total 629120K, used 100677K [0x00007fd080600000, 0x00007fd0ab0a0000, 0x00007fd5d5b50000)
  eden space 559232K,  18% used [0x00007fd080600000, 0x00007fd086851680, 0x00007fd0a2820000)
  from space 69888K,   0% used [0x00007fd0a2820000, 0x00007fd0a2820000, 0x00007fd0a6c60000)
  to   space 69888K,   0% used [0x00007fd0a6c60000, 0x00007fd0a6c60000, 0x00007fd0ab0a0000)
 tenured generation   total 1398144K, used 0K [0x00007fd5d5b50000, 0x00007fd62b0b0000, 0x00007fe080600000)
   the space 1398144K,   0% used [0x00007fd5d5b50000, 0x00007fd5d5b50000, 0x00007fd5d5b50200, 0x00007fd62b0b0000)
 Metaspace       used 20898K, capacity 21207K, committed 21248K, reserved 22528K
}
Event: 6.101 GC heap after
{Heap after GC invocations=1 (full 1):
 def new generation   total 629248K, used 0K [0x00007fd080600000, 0x00007fd0ab0c0000, 0x00007fd5d5b50000)
  eden space 559360K,   0% used [0x00007fd080600000, 0x00007fd080600000, 0x00007fd0a2840000)
  from space 69888K,   0% used [0x00007fd0a2840000, 0x00007fd0a2840000, 0x00007fd0a6c80000)
  to   space 69888K,   0% used [0x00007fd0a6c80000, 0x00007fd0a6c80000, 0x00007fd0ab0c0000)
 tenured generation   total 1398144K, used 13605K [0x00007fd5d5b50000, 0x00007fd62b0b0000, 0x00007fe080600000)
   the space 1398144K,   0% used [0x00007fd5d5b50000, 0x00007fd5d6899498, 0x00007fd5d6899600, 0x00007fd62b0b0000)
 Metaspace       used 20898K, capacity 21207K, committed 21248K, reserved 22528K
}
Event: 16.484 GC heap before
{Heap before GC invocations=1 (full 1):
 def new generation   total 629248K, used 559360K [0x00007fd080600000, 0x00007fd0ab0c0000, 0x00007fd5d5b50000)
  eden space 559360K, 100% used [0x00007fd080600000, 0x00007fd0a2840000, 0x00007fd0a2840000)
  from space 69888K,   0% used [0x00007fd0a2840000, 0x00007fd0a2840000, 0x00007fd0a6c80000)
  to   space 69888K,   0% used [0x00007fd0a6c80000, 0x00007fd0a6c80000, 0x00007fd0ab0c0000)
 tenured generation   total 1398144K, used 13605K [0x00007fd5d5b50000, 0x00007fd62b0b0000, 0x00007fe080600000)
   the space 1398144K,   0% used [0x00007fd5d5b50000, 0x00007fd5d6899498, 0x00007fd5d6899600, 0x00007fd62b0b0000)
 Metaspace       used 23016K, capacity 23383K, committed 23552K, reserved 24576K
}
Event: 16.514 GC heap after
{Heap after GC invocations=2 (full 1):
 def new generation   total 629248K, used 683K [0x00007fd080600000, 0x00007fd0ab0c0000, 0x00007fd5d5b50000)
  eden space 559360K,   0% used [0x00007fd080600000, 0x00007fd080600000, 0x00007fd0a2840000)
  from space 69888K,   0% used [0x00007fd0a6c80000, 0x00007fd0a6d2afd8, 0x00007fd0ab0c0000)
  to   space 69888K,   0% used [0x00007fd0a2840000, 0x00007fd0a2840000, 0x00007fd0a6c80000)
 tenured generation   total 1398144K, used 13605K [0x00007fd5d5b50000, 0x00007fd62b0b0000, 0x00007fe080600000)
   the space 1398144K,   0% used [0x00007fd5d5b50000, 0x00007fd5d6899498, 0x00007fd5d6899600, 0x00007fd62b0b0000)
 Metaspace       used 23016K, capacity 23383K, committed 23552K, reserved 24576K
}
Event: 17.491 GC heap before
{Heap before GC invocations=2 (full 1):
 def new generation   total 629248K, used 560043K [0x00007fd080600000, 0x00007fd0ab0c0000, 0x00007fd5d5b50000)
  eden space 559360K, 100% used [0x00007fd080600000, 0x00007fd0a2840000, 0x00007fd0a2840000)
  from space 69888K,   0% used [0x00007fd0a6c80000, 0x00007fd0a6d2afd8, 0x00007fd0ab0c0000)
  to   space 69888K,   0% used [0x00007fd0a2840000, 0x00007fd0a2840000, 0x00007fd0a6c80000)
 tenured generation   total 1398144K, used 13605K [0x00007fd5d5b50000, 0x00007fd62b0b0000, 0x00007fe080600000)
   the space 1398144K,   0% used [0x00007fd5d5b50000, 0x00007fd5d6899498, 0x00007fd5d6899600, 0x00007fd62b0b0000)
 Metaspace       used 23036K, capacity 23384K, committed 23552K, reserved 24576K
}
Event: 17.493 GC heap after
{Heap after GC invocations=3 (full 1):
 def new generation   total 629248K, used 923K [0x00007fd080600000, 0x00007fd0ab0c0000, 0x00007fd5d5b50000)
  eden space 559360K,   0% used [0x00007fd080600000, 0x00007fd080600000, 0x00007fd0a2840000)
  from space 69888K,   1% used [0x00007fd0a2840000, 0x00007fd0a2926c40, 0x00007fd0a6c80000)
  to   space 69888K,   0% used [0x00007fd0a6c80000, 0x00007fd0a6c80000, 0x00007fd0ab0c0000)
 tenured generation   total 1398144K, used 13605K [0x00007fd5d5b50000, 0x00007fd62b0b0000, 0x00007fe080600000)
   the space 1398144K,   0% used [0x00007fd5d5b50000, 0x00007fd5d6899498, 0x00007fd5d6899600, 0x00007fd62b0b0000)
 Metaspace       used 23036K, capacity 23384K, committed 23552K, reserved 24576K
}
Event: 20.803 GC heap before
{Heap before GC invocations=3 (full 1):
 def new generation   total 629248K, used 411949K [0x00007fd080600000, 0x00007fd0ab0c0000, 0x00007fd5d5b50000)
  eden space 559360K,  73% used [0x00007fd080600000, 0x00007fd099764830, 0x00007fd0a2840000)
  from space 69888K,   1% used [0x00007fd0a2840000, 0x00007fd0a2926c40, 0x00007fd0a6c80000)
  to   space 69888K,   0% used [0x00007fd0a6c80000, 0x00007fd0a6c80000, 0x00007fd0ab0c0000)
 tenured generation   total 1398144K, used 1062181K [0x00007fd5d5b50000, 0x00007fd62b0b0000, 0x00007fe080600000)
   the space 1398144K,  75% used [0x00007fd5d5b50000, 0x00007fd6168994b0, 0x00007fd616899600, 0x00007fd62b0b0000)
 Metaspace       used 23215K, capacity 23589K, committed 23808K, reserved 24576K
}
Event: 20.806 GC heap after
{Heap after GC invocations=4 (full 1):
 def new generation   total 629248K, used 1240K [0x00007fd080600000, 0x00007fd0ab0c0000, 0x00007fd5d5b50000)
  eden space 559360K,   0% used [0x00007fd080600000, 0x00007fd080600000, 0x00007fd0a2840000)
  from space 69888K,   1% used [0x00007fd0a6c80000, 0x00007fd0a6db63c0, 0x00007fd0ab0c0000)
  to   space 69888K,   0% used [0x00007fd0a2840000, 0x00007fd0a2840000, 0x00007fd0a6c80000)
 tenured generation   total 1398144K, used 1062181K [0x00007fd5d5b50000, 0x00007fd62b0b0000, 0x00007fe080600000)
   the space 1398144K,  75% used [0x00007fd5d5b50000, 0x00007fd6168994b0, 0x00007fd616899600, 0x00007fd62b0b0000)
 Metaspace       used 23215K, capacity 23589K, committed 23808K, reserved 24576K
}
Event: 20.806 GC heap before
{Heap before GC invocations=4 (full 1):
 def new generation   total 629248K, used 1240K [0x00007fd080600000, 0x00007fd0ab0c0000, 0x00007fd5d5b50000)
  eden space 559360K,   0% used [0x00007fd080600000, 0x00007fd080600000, 0x00007fd0a2840000)
  from space 69888K,   1% used [0x00007fd0a6c80000, 0x00007fd0a6db63c0, 0x00007fd0ab0c0000)
  to   space 69888K,   0% used [0x00007fd0a2840000, 0x00007fd0a2840000, 0x00007fd0a6c80000)
 tenured generation   total 1398144K, used 1062181K [0x00007fd5d5b50000, 0x00007fd62b0b0000, 0x00007fe080600000)
   the space 1398144K,  75% used [0x00007fd5d5b50000, 0x00007fd6168994b0, 0x00007fd616899600, 0x00007fd62b0b0000)
 Metaspace       used 23215K, capacity 23589K, committed 23808K, reserved 24576K
}
Event: 20.820 GC heap after
{Heap after GC invocations=4 (full 2):
 def new generation   total 629248K, used 0K [0x00007fd080600000, 0x00007fd0ab0c0000, 0x00007fd5d5b50000)
  eden space 559360K,   0% used [0x00007fd080600000, 0x00007fd080600000, 0x00007fd0a2840000)
  from space 69888K,   0% used [0x00007fd0a6c80000, 0x00007fd0a6c80000, 0x00007fd0ab0c0000)
  to   space 69888K,   0% used [0x00007fd0a2840000, 0x00007fd0a2840000, 0x00007fd0a6c80000)
 tenured generation   total 1398144K, used 14836K [0x00007fd5d5b50000, 0x00007fd62b0b0000, 0x00007fe080600000)
   the space 1398144K,   1% used [0x00007fd5d5b50000, 0x00007fd5d69cd2a8, 0x00007fd5d69cd400, 0x00007fd62b0b0000)
 Metaspace       used 23215K, capacity 23589K, committed 23808K, reserved 24576K
}

