# JRE version: OpenJDK Runtime Environment (13.0.7+5) (build 13.0.7+5-Ubuntu-0ubuntu120.04)
# Java VM: OpenJDK 64-Bit Server VM (13.0.7+5-Ubuntu-0ubuntu120.04, mixed mode, tiered, compressed oops, serial gc, linux-amd64)
Heap:
 def new generation   total 1610304K, used 0K [0x0000000080200000, 0x00000000ed540000, 0x0000000300150000)
  eden space 1431424K,   0% used [0x0000000080200000, 0x0000000080200000, 0x00000000d77e0000)
  from space 178880K,   0% used [0x00000000e2690000, 0x00000000e2690000, 0x00000000ed540000)
  to   space 178880K,   0% used [0x00000000d77e0000, 0x00000000d77e0000, 0x00000000e2690000)
 tenured generation   total 3659848K, used 2519232K [0x0000000300150000, 0x00000003df762000, 0x0000000800000000)
   the space 3659848K,  68% used [0x0000000300150000, 0x0000000399d803c8, 0x0000000399d80400, 0x00000003df762000)
 Metaspace       used 22717K, capacity 23232K, committed 23424K, reserved 1071104K
  class space    used 2351K, capacity 2568K, committed 2688K, reserved 1048576K
GC Heap History (20 events):
Event: 630.285 GC heap after
{Heap after GC invocations=587 (full 21):
 def new generation   total 1610304K, used 83083K [0x0000000080200000, 0x00000000ed540000, 0x0000000300150000)
  eden space 1431424K,   0% used [0x0000000080200000, 0x0000000080200000, 0x00000000d77e0000)
  from space 178880K,  46% used [0x00000000d77e0000, 0x00000000dc902ee8, 0x00000000e2690000)
  to   space 178880K,   0% used [0x00000000e2690000, 0x00000000e2690000, 0x00000000ed540000)
 tenured generation   total 3578320K, used 3375820K [0x0000000300150000, 0x00000003da7c4000, 0x0000000800000000)
   the space 3578320K,  94% used [0x0000000300150000, 0x00000003ce2030f0, 0x00000003ce203200, 0x00000003da7c4000)
 Metaspace       used 22717K, capacity 23232K, committed 23424K, reserved 1071104K
  class space    used 2351K, capacity 2568K, committed 2688K, reserved 1048576K
}
Event: 631.707 GC heap before
{Heap before GC invocations=587 (full 21):
 def new generation   total 1610304K, used 1514507K [0x0000000080200000, 0x00000000ed540000, 0x0000000300150000)
  eden space 1431424K, 100% used [0x0000000080200000, 0x00000000d77e0000, 0x00000000d77e0000)
  from space 178880K,  46% used [0x00000000d77e0000, 0x00000000dc902ee8, 0x00000000e2690000)
  to   space 178880K,   0% used [0x00000000e2690000, 0x00000000e2690000, 0x00000000ed540000)
 tenured generation   total 3578320K, used 3375820K [0x0000000300150000, 0x00000003da7c4000, 0x0000000800000000)
   the space 3578320K,  94% used [0x0000000300150000, 0x00000003ce2030f0, 0x00000003ce203200, 0x00000003da7c4000)
 Metaspace       used 22717K, capacity 23232K, committed 23424K, reserved 1071104K
  class space    used 2351K, capacity 2568K, committed 2688K, reserved 1048576K
}
Event: 631.884 GC heap after
{Heap after GC invocations=588 (full 21):
 def new generation   total 1610304K, used 168565K [0x0000000080200000, 0x00000000ed540000, 0x0000000300150000)
  eden space 1431424K,   0% used [0x0000000080200000, 0x0000000080200000, 0x00000000d77e0000)
  from space 178880K,  94% used [0x00000000e2690000, 0x00000000ecb2d680, 0x00000000ed540000)
  to   space 178880K,   0% used [0x00000000d77e0000, 0x00000000d77e0000, 0x00000000e2690000)
 tenured generation   total 3578320K, used 3375820K [0x0000000300150000, 0x00000003da7c4000, 0x0000000800000000)
   the space 3578320K,  94% used [0x0000000300150000, 0x00000003ce2030f0, 0x00000003ce203200, 0x00000003da7c4000)
 Metaspace       used 22717K, capacity 23232K, committed 23424K, reserved 1071104K
  class space    used 2351K, capacity 2568K, committed 2688K, reserved 1048576K
}
Event: 633.274 GC heap before
{Heap before GC invocations=588 (full 21):
 def new generation   total 1610304K, used 1599989K [0x0000000080200000, 0x00000000ed540000, 0x0000000300150000)
  eden space 1431424K, 100% used [0x0000000080200000, 0x00000000d77e0000, 0x00000000d77e0000)
  from space 178880K,  94% used [0x00000000e2690000, 0x00000000ecb2d680, 0x00000000ed540000)
  to   space 178880K,   0% used [0x00000000d77e0000, 0x00000000d77e0000, 0x00000000e2690000)
 tenured generation   total 3578320K, used 3375820K [0x0000000300150000, 0x00000003da7c4000, 0x0000000800000000)
   the space 3578320K,  94% used [0x0000000300150000, 0x00000003ce2030f0, 0x00000003ce203200, 0x00000003da7c4000)
 Metaspace       used 22717K, capacity 23232K, committed 23424K, reserved 1071104K
  class space    used 2351K, capacity 2568K, committed 2688K, reserved 1048576K
}
Event: 633.569 GC heap after
{Heap after GC invocations=589 (full 21):
 def new generation   total 1610304K, used 171503K [0x0000000080200000, 0x00000000ed540000, 0x0000000300150000)
  eden space 1431424K,   0% used [0x0000000080200000, 0x0000000080200000, 0x00000000d77e0000)
  from space 178880K,  95% used [0x00000000d77e0000, 0x00000000e1f5be68, 0x00000000e2690000)
  to   space 178880K,   0% used [0x00000000e2690000, 0x00000000e2690000, 0x00000000ed540000)
 tenured generation   total 3578320K, used 3458374K [0x0000000300150000, 0x00000003da7c4000, 0x0000000800000000)
   the space 3578320K,  96% used [0x0000000300150000, 0x00000003d32a1ac8, 0x00000003d32a1c00, 0x00000003da7c4000)
 Metaspace       used 22717K, capacity 23232K, committed 23424K, reserved 1071104K
  class space    used 2351K, capacity 2568K, committed 2688K, reserved 1048576K
}
Event: 634.972 GC heap before
{Heap before GC invocations=589 (full 21):
 def new generation   total 1610304K, used 1602927K [0x0000000080200000, 0x00000000ed540000, 0x0000000300150000)
  eden space 1431424K, 100% used [0x0000000080200000, 0x00000000d77e0000, 0x00000000d77e0000)
  from space 178880K,  95% used [0x00000000d77e0000, 0x00000000e1f5be68, 0x00000000e2690000)
  to   space 178880K,   0% used [0x00000000e2690000, 0x00000000e2690000, 0x00000000ed540000)
 tenured generation   total 3578320K, used 3458374K [0x0000000300150000, 0x00000003da7c4000, 0x0000000800000000)
   the space 3578320K,  96% used [0x0000000300150000, 0x00000003d32a1ac8, 0x00000003d32a1c00, 0x00000003da7c4000)
 Metaspace       used 22717K, capacity 23232K, committed 23424K, reserved 1071104K
  class space    used 2351K, capacity 2568K, committed 2688K, reserved 1048576K
}
Event: 635.035 GC heap after
{Heap after GC invocations=590 (full 21):
 def new generation   total 1610304K, used 63933K [0x0000000080200000, 0x00000000ed540000, 0x0000000300150000)
  eden space 1431424K,   0% used [0x0000000080200000, 0x0000000080200000, 0x00000000d77e0000)
  from space 178880K,  35% used [0x00000000e2690000, 0x00000000e64ff410, 0x00000000ed540000)
  to   space 178880K,   0% used [0x00000000d77e0000, 0x00000000d77e0000, 0x00000000e2690000)
 tenured generation   total 3578320K, used 3463531K [0x0000000300150000, 0x00000003da7c4000, 0x0000000800000000)
   the space 3578320K,  96% used [0x0000000300150000, 0x00000003d37aaf08, 0x00000003d37ab000, 0x00000003da7c4000)
 Metaspace       used 22717K, capacity 23232K, committed 23424K, reserved 1071104K
  class space    used 2351K, capacity 2568K, committed 2688K, reserved 1048576K
}
Event: 636.460 GC heap before
{Heap before GC invocations=590 (full 21):
 def new generation   total 1610304K, used 1495357K [0x0000000080200000, 0x00000000ed540000, 0x0000000300150000)
  eden space 1431424K, 100% used [0x0000000080200000, 0x00000000d77e0000, 0x00000000d77e0000)
  from space 178880K,  35% used [0x00000000e2690000, 0x00000000e64ff410, 0x00000000ed540000)
  to   space 178880K,   0% used [0x00000000d77e0000, 0x00000000d77e0000, 0x00000000e2690000)
 tenured generation   total 3578320K, used 3463531K [0x0000000300150000, 0x00000003da7c4000, 0x0000000800000000)
   the space 3578320K,  96% used [0x0000000300150000, 0x00000003d37aaf08, 0x00000003d37ab000, 0x00000003da7c4000)
 Metaspace       used 22717K, capacity 23232K, committed 23424K, reserved 1071104K
  class space    used 2351K, capacity 2568K, committed 2688K, reserved 1048576K
}
Event: 636.604 GC heap after
{Heap after GC invocations=591 (full 21):
 def new generation   total 1610304K, used 149433K [0x0000000080200000, 0x00000000ed540000, 0x0000000300150000)
  eden space 1431424K,   0% used [0x0000000080200000, 0x0000000080200000, 0x00000000d77e0000)
  from space 178880K,  83% used [0x00000000d77e0000, 0x00000000e09ce7a0, 0x00000000e2690000)
  to   space 178880K,   0% used [0x00000000e2690000, 0x00000000e2690000, 0x00000000ed540000)
 tenured generation   total 3578320K, used 3463531K [0x0000000300150000, 0x00000003da7c4000, 0x0000000800000000)
   the space 3578320K,  96% used [0x0000000300150000, 0x00000003d37aaf08, 0x00000003d37ab000, 0x00000003da7c4000)
 Metaspace       used 22717K, capacity 23232K, committed 23424K, reserved 1071104K
  class space    used 2351K, capacity 2568K, committed 2688K, reserved 1048576K
}
Event: 638.012 GC heap before
{Heap before GC invocations=591 (full 21):
 def new generation   total 1610304K, used 1580857K [0x0000000080200000, 0x00000000ed540000, 0x0000000300150000)
  eden space 1431424K, 100% used [0x0000000080200000, 0x00000000d77e0000, 0x00000000d77e0000)
  from space 178880K,  83% used [0x00000000d77e0000, 0x00000000e09ce7a0, 0x00000000e2690000)
  to   space 178880K,   0% used [0x00000000e2690000, 0x00000000e2690000, 0x00000000ed540000)
 tenured generation   total 3578320K, used 3463531K [0x0000000300150000, 0x00000003da7c4000, 0x0000000800000000)
   the space 3578320K,  96% used [0x0000000300150000, 0x00000003d37aaf08, 0x00000003d37ab000, 0x00000003da7c4000)
 Metaspace       used 22717K, capacity 23232K, committed 23424K, reserved 1071104K
  class space    used 2351K, capacity 2568K, committed 2688K, reserved 1048576K
}
Event: 638.287 GC heap after
{Heap after GC invocations=592 (full 21):
 def new generation   total 1610304K, used 171501K [0x0000000080200000, 0x00000000ed540000, 0x0000000300150000)
  eden space 1431424K,   0% used [0x0000000080200000, 0x0000000080200000, 0x00000000d77e0000)
  from space 178880K,  95% used [0x00000000e2690000, 0x00000000ece0b798, 0x00000000ed540000)
  to   space 178880K,   0% used [0x00000000d77e0000, 0x00000000d77e0000, 0x00000000e2690000)
 tenured generation   total 3578320K, used 3526946K [0x0000000300150000, 0x00000003da7c4000, 0x0000000800000000)
   the space 3578320K,  98% used [0x0000000300150000, 0x00000003d7598860, 0x00000003d7598a00, 0x00000003da7c4000)
 Metaspace       used 22717K, capacity 23232K, committed 23424K, reserved 1071104K
  class space    used 2351K, capacity 2568K, committed 2688K, reserved 1048576K
}
Event: 639.828 GC heap before
{Heap before GC invocations=592 (full 21):
 def new generation   total 1610304K, used 1602925K [0x0000000080200000, 0x00000000ed540000, 0x0000000300150000)
  eden space 1431424K, 100% used [0x0000000080200000, 0x00000000d77e0000, 0x00000000d77e0000)
  from space 178880K,  95% used [0x00000000e2690000, 0x00000000ece0b798, 0x00000000ed540000)
  to   space 178880K,   0% used [0x00000000d77e0000, 0x00000000d77e0000, 0x00000000e2690000)
 tenured generation   total 3578320K, used 3526946K [0x0000000300150000, 0x00000003da7c4000, 0x0000000800000000)
   the space 3578320K,  98% used [0x0000000300150000, 0x00000003d7598860, 0x00000003d7598a00, 0x00000003da7c4000)
 Metaspace       used 22717K, capacity 23232K, committed 23424K, reserved 1071104K
  class space    used 2351K, capacity 2568K, committed 2688K, reserved 1048576K
}
Event: 639.863 GC heap after
{Heap after GC invocations=593 (full 21):
 def new generation   total 1610304K, used 46832K [0x0000000080200000, 0x00000000ed540000, 0x0000000300150000)
  eden space 1431424K,   0% used [0x0000000080200000, 0x0000000080200000, 0x00000000d77e0000)
  from space 178880K,  26% used [0x00000000d77e0000, 0x00000000da59c3c8, 0x00000000e2690000)
  to   space 178880K,   0% used [0x00000000e2690000, 0x00000000e2690000, 0x00000000ed540000)
 tenured generation   total 3578320K, used 3528509K [0x0000000300150000, 0x00000003da7c4000, 0x0000000800000000)
   the space 3578320K,  98% used [0x0000000300150000, 0x00000003d771f4a0, 0x00000003d771f600, 0x00000003da7c4000)
 Metaspace       used 22717K, capacity 23232K, committed 23424K, reserved 1071104K
  class space    used 2351K, capacity 2568K, committed 2688K, reserved 1048576K
}
Event: 641.254 GC heap before
{Heap before GC invocations=593 (full 21):
 def new generation   total 1610304K, used 1478256K [0x0000000080200000, 0x00000000ed540000, 0x0000000300150000)
  eden space 1431424K, 100% used [0x0000000080200000, 0x00000000d77e0000, 0x00000000d77e0000)
  from space 178880K,  26% used [0x00000000d77e0000, 0x00000000da59c3c8, 0x00000000e2690000)
  to   space 178880K,   0% used [0x00000000e2690000, 0x00000000e2690000, 0x00000000ed540000)
 tenured generation   total 3578320K, used 3528509K [0x0000000300150000, 0x00000003da7c4000, 0x0000000800000000)
   the space 3578320K,  98% used [0x0000000300150000, 0x00000003d771f4a0, 0x00000003d771f600, 0x00000003da7c4000)
 Metaspace       used 22717K, capacity 23232K, committed 23424K, reserved 1071104K
  class space    used 2351K, capacity 2568K, committed 2688K, reserved 1048576K
}
Event: 641.377 GC heap after
{Heap after GC invocations=594 (full 21):
 def new generation   total 1610304K, used 131811K [0x0000000080200000, 0x00000000ed540000, 0x0000000300150000)
  eden space 1431424K,   0% used [0x0000000080200000, 0x0000000080200000, 0x00000000d77e0000)
  from space 178880K,  73% used [0x00000000e2690000, 0x00000000ea748d70, 0x00000000ed540000)
  to   space 178880K,   0% used [0x00000000d77e0000, 0x00000000d77e0000, 0x00000000e2690000)
 tenured generation   total 3578320K, used 3528509K [0x0000000300150000, 0x00000003da7c4000, 0x0000000800000000)
   the space 3578320K,  98% used [0x0000000300150000, 0x00000003d771f4a0, 0x00000003d771f600, 0x00000003da7c4000)
 Metaspace       used 22717K, capacity 23232K, committed 23424K, reserved 1071104K
  class space    used 2351K, capacity 2568K, committed 2688K, reserved 1048576K
}
Event: 642.695 GC heap before
{Heap before GC invocations=594 (full 21):
 def new generation   total 1610304K, used 1563235K [0x0000000080200000, 0x00000000ed540000, 0x0000000300150000)
  eden space 1431424K, 100% used [0x0000000080200000, 0x00000000d77e0000, 0x00000000d77e0000)
  from space 178880K,  73% used [0x00000000e2690000, 0x00000000ea748d70, 0x00000000ed540000)
  to   space 178880K,   0% used [0x00000000d77e0000, 0x00000000d77e0000, 0x00000000e2690000)
 tenured generation   total 3578320K, used 3528509K [0x0000000300150000, 0x00000003da7c4000, 0x0000000800000000)
   the space 3578320K,  98% used [0x0000000300150000, 0x00000003d771f4a0, 0x00000003d771f600, 0x00000003da7c4000)
 Metaspace       used 22717K, capacity 23232K, committed 23424K, reserved 1071104K
  class space    used 2351K, capacity 2568K, committed 2688K, reserved 1048576K
}
Event: 642.930 GC heap after
{Heap after GC invocations=595 (full 21):
 def new generation   total 1610304K, used 170997K [0x0000000080200000, 0x00000000ed540000, 0x0000000300150000)
  eden space 1431424K,   0% used [0x0000000080200000, 0x0000000080200000, 0x00000000d77e0000)
  from space 178880K,  95% used [0x00000000d77e0000, 0x00000000e1edd6a0, 0x00000000e2690000)
  to   space 178880K,   0% used [0x00000000e2690000, 0x00000000e2690000, 0x00000000ed540000)
 tenured generation   total 3578320K, used 3574313K [0x0000000300150000, 0x00000003da7c4000, 0x0000000800000000)
   the space 3578320K,  99% used [0x0000000300150000, 0x00000003da3da678, 0x00000003da3da800, 0x00000003da7c4000)
 Metaspace       used 22717K, capacity 23232K, committed 23424K, reserved 1071104K
  class space    used 2351K, capacity 2568K, committed 2688K, reserved 1048576K
}
Event: 644.330 GC heap before
{Heap before GC invocations=595 (full 21):
 def new generation   total 1610304K, used 1602421K [0x0000000080200000, 0x00000000ed540000, 0x0000000300150000)
  eden space 1431424K, 100% used [0x0000000080200000, 0x00000000d77e0000, 0x00000000d77e0000)
  from space 178880K,  95% used [0x00000000d77e0000, 0x00000000e1edd6a0, 0x00000000e2690000)
  to   space 178880K,   0% used [0x00000000e2690000, 0x00000000e2690000, 0x00000000ed540000)
 tenured generation   total 3578320K, used 3574313K [0x0000000300150000, 0x00000003da7c4000, 0x0000000800000000)
   the space 3578320K,  99% used [0x0000000300150000, 0x00000003da3da678, 0x00000003da3da800, 0x00000003da7c4000)
 Metaspace       used 22717K, capacity 23232K, committed 23424K, reserved 1071104K
  class space    used 2351K, capacity 2568K, committed 2688K, reserved 1048576K
}
Event: 644.638 GC heap after
{Heap after GC invocations=596 (full 21):
 def new generation   total 1610304K, used 170990K [0x0000000080200000, 0x00000000ed540000, 0x0000000300150000)
  eden space 1431424K,   0% used [0x0000000080200000, 0x0000000080200000, 0x00000000d77e0000)
  from space 178880K,  95% used [0x00000000e2690000, 0x00000000ecd8ba68, 0x00000000ed540000)
  to   space 178880K,   0% used [0x00000000d77e0000, 0x00000000d77e0000, 0x00000000e2690000)
 tenured generation   total 3659848K, used 3659804K [0x0000000300150000, 0x00000003df762000, 0x0000000800000000)
   the space 3659848K,  99% used [0x0000000300150000, 0x00000003df7570f8, 0x00000003df757200, 0x00000003df762000)
 Metaspace       used 22717K, capacity 23232K, committed 23424K, reserved 1071104K
  class space    used 2351K, capacity 2568K, committed 2688K, reserved 1048576K
}
Event: 644.638 GC heap before
{Heap before GC invocations=596 (full 21):
 def new generation   total 1610304K, used 170990K [0x0000000080200000, 0x00000000ed540000, 0x0000000300150000)
  eden space 1431424K,   0% used [0x0000000080200000, 0x0000000080200000, 0x00000000d77e0000)
  from space 178880K,  95% used [0x00000000e2690000, 0x00000000ecd8ba68, 0x00000000ed540000)
  to   space 178880K,   0% used [0x00000000d77e0000, 0x00000000d77e0000, 0x00000000e2690000)
 tenured generation   total 3659848K, used 3659804K [0x0000000300150000, 0x00000003df762000, 0x0000000800000000)
   the space 3659848K,  99% used [0x0000000300150000, 0x00000003df7570f8, 0x00000003df757200, 0x00000003df762000)
 Metaspace       used 22717K, capacity 23232K, committed 23424K, reserved 1071104K
  class space    used 2351K, capacity 2568K, committed 2688K, reserved 1048576K
}

