# JRE version: OpenJDK Runtime Environment (13.0.7+5) (build 13.0.7+5-Ubuntu-0ubuntu120.04)
# Java VM: OpenJDK 64-Bit Server VM (13.0.7+5-Ubuntu-0ubuntu120.04, mixed mode, tiered, serial gc, linux-amd64)
Heap:
 def new generation   total 10046016K, used 1116159K [0x00007f8fc4600000, 0x00007f926da90000, 0x00007f9519b50000)
  eden space 8929856K,  12% used [0x00007f8fc4600000, 0x00007f90087fff00, 0x00007f91e5690000)
  from space 1116160K,   0% used [0x00007f91e5690000, 0x00007f91e5690000, 0x00007f9229890000)
  to   space 1116160K,   0% used [0x00007f9229890000, 0x00007f9229890000, 0x00007f926da90000)
 tenured generation   total 23099616K, used 23099460K [0x00007f9519b50000, 0x00007f9a9b988000, 0x00007f9fc4600000)
   the space 23099616K,  99% used [0x00007f9519b50000, 0x00007f9a9b961200, 0x00007f9a9b961200, 0x00007f9a9b988000)
 Metaspace       used 31053K, capacity 31458K, committed 31744K, reserved 32768K
GC Heap History (20 events):
Event: 22.340 GC heap after
{Heap after GC invocations=10 (full 3):
 def new generation   total 2441664K, used 271231K [0x00007f8fc4600000, 0x00007f9069f50000, 0x00007f9519b50000)
  eden space 2170432K,   0% used [0x00007f8fc4600000, 0x00007f8fc4600000, 0x00007f9048d90000)
  from space 271232K,  99% used [0x00007f9059670000, 0x00007f9069f4fed0, 0x00007f9069f50000)
  to   space 271232K,   0% used [0x00007f9048d90000, 0x00007f9048d90000, 0x00007f9059670000)
 tenured generation   total 5425708K, used 3451218K [0x00007f9519b50000, 0x00007f9664ddb000, 0x00007f9fc4600000)
   the space 5425708K,  63% used [0x00007f9519b50000, 0x00007f95ec5a49b8, 0x00007f95ec5a4a00, 0x00007f9664ddb000)
 Metaspace       used 31053K, capacity 31458K, committed 31744K, reserved 32768K
}
Event: 24.567 GC heap before
{Heap before GC invocations=10 (full 3):
 def new generation   total 2441664K, used 2441663K [0x00007f8fc4600000, 0x00007f9069f50000, 0x00007f9519b50000)
  eden space 2170432K, 100% used [0x00007f8fc4600000, 0x00007f9048d90000, 0x00007f9048d90000)
  from space 271232K,  99% used [0x00007f9059670000, 0x00007f9069f4fed0, 0x00007f9069f50000)
  to   space 271232K,   0% used [0x00007f9048d90000, 0x00007f9048d90000, 0x00007f9059670000)
 tenured generation   total 5425708K, used 3451218K [0x00007f9519b50000, 0x00007f9664ddb000, 0x00007f9fc4600000)
   the space 5425708K,  63% used [0x00007f9519b50000, 0x00007f95ec5a49b8, 0x00007f95ec5a4a00, 0x00007f9664ddb000)
 Metaspace       used 31053K, capacity 31458K, committed 31744K, reserved 32768K
}
Event: 26.037 GC heap after
{Heap after GC invocations=11 (full 3):
 def new generation   total 2441664K, used 271231K [0x00007f8fc4600000, 0x00007f9069f50000, 0x00007f9519b50000)
  eden space 2170432K,   0% used [0x00007f8fc4600000, 0x00007f8fc4600000, 0x00007f9048d90000)
  from space 271232K,  99% used [0x00007f9048d90000, 0x00007f905966fe20, 0x00007f9059670000)
  to   space 271232K,   0% used [0x00007f9059670000, 0x00007f9059670000, 0x00007f9069f50000)
 tenured generation   total 5425708K, used 4816194K [0x00007f9519b50000, 0x00007f9664ddb000, 0x00007f9fc4600000)
   the space 5425708K,  88% used [0x00007f9519b50000, 0x00007f963faa0b18, 0x00007f963faa0c00, 0x00007f9664ddb000)
 Metaspace       used 31053K, capacity 31458K, committed 31744K, reserved 32768K
}
Event: 27.010 GC heap before
{Heap before GC invocations=11 (full 3):
 def new generation   total 2441664K, used 2441663K [0x00007f8fc4600000, 0x00007f9069f50000, 0x00007f9519b50000)
  eden space 2170432K, 100% used [0x00007f8fc4600000, 0x00007f9048d90000, 0x00007f9048d90000)
  from space 271232K,  99% used [0x00007f9048d90000, 0x00007f905966fe20, 0x00007f9059670000)
  to   space 271232K,   0% used [0x00007f9059670000, 0x00007f9059670000, 0x00007f9069f50000)
 tenured generation   total 5425708K, used 4816194K [0x00007f9519b50000, 0x00007f9664ddb000, 0x00007f9fc4600000)
   the space 5425708K,  88% used [0x00007f9519b50000, 0x00007f963faa0b18, 0x00007f963faa0c00, 0x00007f9664ddb000)
 Metaspace       used 31053K, capacity 31458K, committed 31744K, reserved 32768K
}
Event: 29.040 GC heap after
{Heap after GC invocations=12 (full 3):
 def new generation   total 2441664K, used 271231K [0x00007f8fc4600000, 0x00007f9069f50000, 0x00007f9519b50000)
  eden space 2170432K,   0% used [0x00007f8fc4600000, 0x00007f8fc4600000, 0x00007f9048d90000)
  from space 271232K,  99% used [0x00007f9059670000, 0x00007f9069f4ffa8, 0x00007f9069f50000)
  to   space 271232K,   0% used [0x00007f9048d90000, 0x00007f9048d90000, 0x00007f9059670000)
 tenured generation   total 6863212K, used 6863186K [0x00007f9519b50000, 0x00007f96bc9ab000, 0x00007f9fc4600000)
   the space 6863212K,  99% used [0x00007f9519b50000, 0x00007f96bc9a49d0, 0x00007f96bc9a4a00, 0x00007f96bc9ab000)
 Metaspace       used 31053K, capacity 31458K, committed 31744K, reserved 32768K
}
Event: 29.040 GC heap before
{Heap before GC invocations=12 (full 3):
 def new generation   total 2441664K, used 271231K [0x00007f8fc4600000, 0x00007f9069f50000, 0x00007f9519b50000)
  eden space 2170432K,   0% used [0x00007f8fc4600000, 0x00007f8fc4600000, 0x00007f9048d90000)
  from space 271232K,  99% used [0x00007f9059670000, 0x00007f9069f4ffa8, 0x00007f9069f50000)
  to   space 271232K,   0% used [0x00007f9048d90000, 0x00007f9048d90000, 0x00007f9059670000)
 tenured generation   total 6863212K, used 6863186K [0x00007f9519b50000, 0x00007f96bc9ab000, 0x00007f9fc4600000)
   the space 6863212K,  99% used [0x00007f9519b50000, 0x00007f96bc9a49d0, 0x00007f96bc9a4a00, 0x00007f96bc9ab000)
 Metaspace       used 31053K, capacity 31458K, committed 31744K, reserved 32768K
}
Event: 33.374 GC heap after
{Heap after GC invocations=12 (full 4):
 def new generation   total 5147456K, used 265807K [0x00007f8fc4600000, 0x00007f9121750000, 0x00007f9519b50000)
  eden space 4575552K,   5% used [0x00007f8fc4600000, 0x00007f8fd4993f60, 0x00007f90dba50000)
  from space 571904K,   0% used [0x00007f90dba50000, 0x00007f90dba50000, 0x00007f90fe8d0000)
  to   space 571904K,   0% used [0x00007f90fe8d0000, 0x00007f90fe8d0000, 0x00007f9121750000)
 tenured generation   total 11438688K, used 6863211K [0x00007f9519b50000, 0x00007f97d3de8000, 0x00007f9fc4600000)
   the space 11438688K,  59% used [0x00007f9519b50000, 0x00007f96bc9aaf48, 0x00007f96bc9ab000, 0x00007f97d3de8000)
 Metaspace       used 31053K, capacity 31458K, committed 31744K, reserved 32768K
}
Event: 42.658 GC heap before
{Heap before GC invocations=12 (full 4):
 def new generation   total 5147456K, used 4575552K [0x00007f8fc4600000, 0x00007f9121750000, 0x00007f9519b50000)
  eden space 4575552K, 100% used [0x00007f8fc4600000, 0x00007f90dba50000, 0x00007f90dba50000)
  from space 571904K,   0% used [0x00007f90dba50000, 0x00007f90dba50000, 0x00007f90fe8d0000)
  to   space 571904K,   0% used [0x00007f90fe8d0000, 0x00007f90fe8d0000, 0x00007f9121750000)
 tenured generation   total 11438688K, used 6863211K [0x00007f9519b50000, 0x00007f97d3de8000, 0x00007f9fc4600000)
   the space 11438688K,  59% used [0x00007f9519b50000, 0x00007f96bc9aaf48, 0x00007f96bc9ab000, 0x00007f97d3de8000)
 Metaspace       used 31053K, capacity 31458K, committed 31744K, reserved 32768K
}
Event: 45.728 GC heap after
{Heap after GC invocations=13 (full 4):
 def new generation   total 5147456K, used 571903K [0x00007f8fc4600000, 0x00007f9121750000, 0x00007f9519b50000)
  eden space 4575552K,   0% used [0x00007f8fc4600000, 0x00007f8fc4600000, 0x00007f90dba50000)
  from space 571904K,  99% used [0x00007f90fe8d0000, 0x00007f912174ffe8, 0x00007f9121750000)
  to   space 571904K,   0% used [0x00007f90dba50000, 0x00007f90dba50000, 0x00007f90fe8d0000)
 tenured generation   total 11438688K, used 8471596K [0x00007f9519b50000, 0x00007f97d3de8000, 0x00007f9fc4600000)
   the space 11438688K,  74% used [0x00007f9519b50000, 0x00007f971ec5b230, 0x00007f971ec5b400, 0x00007f97d3de8000)
 Metaspace       used 31053K, capacity 31458K, committed 31744K, reserved 32768K
}
Event: 52.720 GC heap before
{Heap before GC invocations=13 (full 4):
 def new generation   total 5147456K, used 5147455K [0x00007f8fc4600000, 0x00007f9121750000, 0x00007f9519b50000)
  eden space 4575552K, 100% used [0x00007f8fc4600000, 0x00007f90dba50000, 0x00007f90dba50000)
  from space 571904K,  99% used [0x00007f90fe8d0000, 0x00007f912174ffe8, 0x00007f9121750000)
  to   space 571904K,   0% used [0x00007f90dba50000, 0x00007f90dba50000, 0x00007f90fe8d0000)
 tenured generation   total 11438688K, used 8471596K [0x00007f9519b50000, 0x00007f97d3de8000, 0x00007f9fc4600000)
   the space 11438688K,  74% used [0x00007f9519b50000, 0x00007f971ec5b230, 0x00007f971ec5b400, 0x00007f97d3de8000)
 Metaspace       used 31053K, capacity 31458K, committed 31744K, reserved 32768K
}
Event: 56.132 GC heap after
{Heap after GC invocations=14 (full 4):
 def new generation   total 5147456K, used 571903K [0x00007f8fc4600000, 0x00007f9121750000, 0x00007f9519b50000)
  eden space 4575552K,   0% used [0x00007f8fc4600000, 0x00007f8fc4600000, 0x00007f90dba50000)
  from space 571904K,  99% used [0x00007f90dba50000, 0x00007f90fe8cffe8, 0x00007f90fe8d0000)
  to   space 571904K,   0% used [0x00007f90fe8d0000, 0x00007f90fe8d0000, 0x00007f9121750000)
 tenured generation   total 11438688K, used 10538312K [0x00007f9519b50000, 0x00007f97d3de8000, 0x00007f9fc4600000)
   the space 11438688K,  92% used [0x00007f9519b50000, 0x00007f979cea2198, 0x00007f979cea2200, 0x00007f97d3de8000)
 Metaspace       used 31053K, capacity 31458K, committed 31744K, reserved 32768K
}
Event: 61.414 GC heap before
{Heap before GC invocations=14 (full 4):
 def new generation   total 5147456K, used 5147455K [0x00007f8fc4600000, 0x00007f9121750000, 0x00007f9519b50000)
  eden space 4575552K, 100% used [0x00007f8fc4600000, 0x00007f90dba50000, 0x00007f90dba50000)
  from space 571904K,  99% used [0x00007f90dba50000, 0x00007f90fe8cffe8, 0x00007f90fe8d0000)
  to   space 571904K,   0% used [0x00007f90fe8d0000, 0x00007f90fe8d0000, 0x00007f9121750000)
 tenured generation   total 11438688K, used 10538312K [0x00007f9519b50000, 0x00007f97d3de8000, 0x00007f9fc4600000)
   the space 11438688K,  92% used [0x00007f9519b50000, 0x00007f979cea2198, 0x00007f979cea2200, 0x00007f97d3de8000)
 Metaspace       used 31053K, capacity 31458K, committed 31744K, reserved 32768K
}
Event: 67.926 GC heap after
{Heap after GC invocations=15 (full 4):
 def new generation   total 5147456K, used 571903K [0x00007f8fc4600000, 0x00007f9121750000, 0x00007f9519b50000)
  eden space 4575552K,   0% used [0x00007f8fc4600000, 0x00007f8fc4600000, 0x00007f90dba50000)
  from space 571904K,  99% used [0x00007f90fe8d0000, 0x00007f912174fea8, 0x00007f9121750000)
  to   space 571904K,   0% used [0x00007f90dba50000, 0x00007f90dba50000, 0x00007f90fe8d0000)
 tenured generation   total 13394592K, used 13394432K [0x00007f9519b50000, 0x00007f984b3f8000, 0x00007f9fc4600000)
   the space 13394592K,  99% used [0x00007f9519b50000, 0x00007f984b3d00c8, 0x00007f984b3d0200, 0x00007f984b3f8000)
 Metaspace       used 31053K, capacity 31458K, committed 31744K, reserved 32768K
}
Event: 67.926 GC heap before
{Heap before GC invocations=15 (full 4):
 def new generation   total 5147456K, used 571903K [0x00007f8fc4600000, 0x00007f9121750000, 0x00007f9519b50000)
  eden space 4575552K,   0% used [0x00007f8fc4600000, 0x00007f8fc4600000, 0x00007f90dba50000)
  from space 571904K,  99% used [0x00007f90fe8d0000, 0x00007f912174fea8, 0x00007f9121750000)
  to   space 571904K,   0% used [0x00007f90dba50000, 0x00007f90dba50000, 0x00007f90fe8d0000)
 tenured generation   total 13394592K, used 13394432K [0x00007f9519b50000, 0x00007f984b3f8000, 0x00007f9fc4600000)
   the space 13394592K,  99% used [0x00007f9519b50000, 0x00007f984b3d00c8, 0x00007f984b3d0200, 0x00007f984b3f8000)
 Metaspace       used 31053K, capacity 31458K, committed 31744K, reserved 32768K
}
Event: 78.607 GC heap after
{Heap after GC invocations=15 (full 5):
 def new generation   total 10046016K, used 571743K [0x00007f8fc4600000, 0x00007f926da90000, 0x00007f9519b50000)
  eden space 8929856K,   6% used [0x00007f8fc4600000, 0x00007f8fe7457fe8, 0x00007f91e5690000)
  from space 1116160K,   0% used [0x00007f91e5690000, 0x00007f91e5690000, 0x00007f9229890000)
  to   space 1116160K,   0% used [0x00007f9229890000, 0x00007f9229890000, 0x00007f926da90000)
 tenured generation   total 22324320K, used 13394591K [0x00007f9519b50000, 0x00007f9a6c468000, 0x00007f9fc4600000)
   the space 22324320K,  59% used [0x00007f9519b50000, 0x00007f984b3f7f88, 0x00007f984b3f8000, 0x00007f9a6c468000)
 Metaspace       used 31053K, capacity 31458K, committed 31744K, reserved 32768K
}
Event: 92.930 GC heap before
{Heap before GC invocations=15 (full 5):
 def new generation   total 10046016K, used 8929856K [0x00007f8fc4600000, 0x00007f926da90000, 0x00007f9519b50000)
  eden space 8929856K, 100% used [0x00007f8fc4600000, 0x00007f91e5690000, 0x00007f91e5690000)
  from space 1116160K,   0% used [0x00007f91e5690000, 0x00007f91e5690000, 0x00007f9229890000)
  to   space 1116160K,   0% used [0x00007f9229890000, 0x00007f9229890000, 0x00007f926da90000)
 tenured generation   total 22324320K, used 13394591K [0x00007f9519b50000, 0x00007f9a6c468000, 0x00007f9fc4600000)
   the space 22324320K,  59% used [0x00007f9519b50000, 0x00007f984b3f7f88, 0x00007f984b3f8000, 0x00007f9a6c468000)
 Metaspace       used 31053K, capacity 31458K, committed 31744K, reserved 32768K
}
Event: 103.304 GC heap after
{Heap after GC invocations=16 (full 5):
 def new generation   total 10046016K, used 1116159K [0x00007f8fc4600000, 0x00007f926da90000, 0x00007f9519b50000)
  eden space 8929856K,   0% used [0x00007f8fc4600000, 0x00007f8fc4600000, 0x00007f91e5690000)
  from space 1116160K,  99% used [0x00007f9229890000, 0x00007f926da8fff0, 0x00007f926da90000)
  to   space 1116160K,   0% used [0x00007f91e5690000, 0x00007f91e5690000, 0x00007f9229890000)
 tenured generation   total 22324320K, used 17910046K [0x00007f9519b50000, 0x00007f9a6c468000, 0x00007f9fc4600000)
   the space 22324320K,  80% used [0x00007f9519b50000, 0x00007f995ed979a8, 0x00007f995ed97a00, 0x00007f9a6c468000)
 Metaspace       used 31053K, capacity 31458K, committed 31744K, reserved 32768K
}
Event: 118.756 GC heap before
{Heap before GC invocations=16 (full 5):
 def new generation   total 10046016K, used 10046015K [0x00007f8fc4600000, 0x00007f926da90000, 0x00007f9519b50000)
  eden space 8929856K, 100% used [0x00007f8fc4600000, 0x00007f91e5690000, 0x00007f91e5690000)
  from space 1116160K,  99% used [0x00007f9229890000, 0x00007f926da8fff0, 0x00007f926da90000)
  to   space 1116160K,   0% used [0x00007f91e5690000, 0x00007f91e5690000, 0x00007f9229890000)
 tenured generation   total 22324320K, used 17910046K [0x00007f9519b50000, 0x00007f9a6c468000, 0x00007f9fc4600000)
   the space 22324320K,  80% used [0x00007f9519b50000, 0x00007f995ed979a8, 0x00007f995ed97a00, 0x00007f9a6c468000)
 Metaspace       used 31053K, capacity 31458K, committed 31744K, reserved 32768K
}
Event: 126.149 GC heap after
{Heap after GC invocations=17 (full 5):
 def new generation   total 10046016K, used 1116159K [0x00007f8fc4600000, 0x00007f926da90000, 0x00007f9519b50000)
  eden space 8929856K,   0% used [0x00007f8fc4600000, 0x00007f8fc4600000, 0x00007f91e5690000)
  from space 1116160K,  99% used [0x00007f91e5690000, 0x00007f922988ff60, 0x00007f9229890000)
  to   space 1116160K,   0% used [0x00007f9229890000, 0x00007f9229890000, 0x00007f926da90000)
 tenured generation   total 23099616K, used 23099460K [0x00007f9519b50000, 0x00007f9a9b988000, 0x00007f9fc4600000)
   the space 23099616K,  99% used [0x00007f9519b50000, 0x00007f9a9b9611a0, 0x00007f9a9b961200, 0x00007f9a9b988000)
 Metaspace       used 31053K, capacity 31458K, committed 31744K, reserved 32768K
}
Event: 126.149 GC heap before
{Heap before GC invocations=17 (full 5):
 def new generation   total 10046016K, used 1116159K [0x00007f8fc4600000, 0x00007f926da90000, 0x00007f9519b50000)
  eden space 8929856K,   0% used [0x00007f8fc4600000, 0x00007f8fc4600000, 0x00007f91e5690000)
  from space 1116160K,  99% used [0x00007f91e5690000, 0x00007f922988ff60, 0x00007f9229890000)
  to   space 1116160K,   0% used [0x00007f9229890000, 0x00007f9229890000, 0x00007f926da90000)
 tenured generation   total 23099616K, used 23099460K [0x00007f9519b50000, 0x00007f9a9b988000, 0x00007f9fc4600000)
   the space 23099616K,  99% used [0x00007f9519b50000, 0x00007f9a9b9611a0, 0x00007f9a9b961200, 0x00007f9a9b988000)
 Metaspace       used 31053K, capacity 31458K, committed 31744K, reserved 32768K
}

