# JRE version: OpenJDK Runtime Environment (13.0.7+5) (build 13.0.7+5-Ubuntu-0ubuntu120.04)
# Java VM: OpenJDK 64-Bit Server VM (13.0.7+5-Ubuntu-0ubuntu120.04, mixed mode, tiered, serial gc, linux-amd64)
Heap:
 def new generation   total 1048832K, used 3587K [0x00007ef608600000, 0x00007ef64f800000, 0x00007efb5db50000)
  eden space 932352K,   0% used [0x00007ef608600000, 0x00007ef608980f80, 0x00007ef641480000)
  from space 116480K,   0% used [0x00007ef648640000, 0x00007ef648640000, 0x00007ef64f800000)
  to   space 116480K,   0% used [0x00007ef641480000, 0x00007ef641480000, 0x00007ef648640000)
 tenured generation   total 2330944K, used 2330943K [0x00007efb5db50000, 0x00007efbebfa0000, 0x00007f0608600000)
   the space 2330944K,  99% used [0x00007efb5db50000, 0x00007efbebf9fea0, 0x00007efbebfa0000, 0x00007efbebfa0000)
 Metaspace       used 24341K, capacity 24763K, committed 24832K, reserved 26624K
GC Heap History (20 events):
Event: 5112.150 GC heap after
{Heap after GC invocations=16309 (full 2):
 def new generation   total 1048832K, used 3170K [0x00007ef608600000, 0x00007ef64f800000, 0x00007efb5db50000)
  eden space 932352K,   0% used [0x00007ef608600000, 0x00007ef608600000, 0x00007ef641480000)
  from space 116480K,   2% used [0x00007ef641480000, 0x00007ef641798b18, 0x00007ef648640000)
  to   space 116480K,   0% used [0x00007ef648640000, 0x00007ef648640000, 0x00007ef64f800000)
 tenured generation   total 2330560K, used 2329114K [0x00007efb5db50000, 0x00007efbebf40000, 0x00007f0608600000)
   the space 2330560K,  99% used [0x00007efb5db50000, 0x00007efbebdd6bf8, 0x00007efbebdd6c00, 0x00007efbebf40000)
 Metaspace       used 24341K, capacity 24763K, committed 24832K, reserved 26624K
}
Event: 5112.581 GC heap before
{Heap before GC invocations=16309 (full 2):
 def new generation   total 1048832K, used 935522K [0x00007ef608600000, 0x00007ef64f800000, 0x00007efb5db50000)
  eden space 932352K, 100% used [0x00007ef608600000, 0x00007ef641480000, 0x00007ef641480000)
  from space 116480K,   2% used [0x00007ef641480000, 0x00007ef641798b18, 0x00007ef648640000)
  to   space 116480K,   0% used [0x00007ef648640000, 0x00007ef648640000, 0x00007ef64f800000)
 tenured generation   total 2330560K, used 2329114K [0x00007efb5db50000, 0x00007efbebf40000, 0x00007f0608600000)
   the space 2330560K,  99% used [0x00007efb5db50000, 0x00007efbebdd6bf8, 0x00007efbebdd6c00, 0x00007efbebf40000)
 Metaspace       used 24341K, capacity 24763K, committed 24832K, reserved 26624K
}
Event: 5112.583 GC heap after
{Heap after GC invocations=16310 (full 2):
 def new generation   total 1048832K, used 3265K [0x00007ef608600000, 0x00007ef64f800000, 0x00007efb5db50000)
  eden space 932352K,   0% used [0x00007ef608600000, 0x00007ef608600000, 0x00007ef641480000)
  from space 116480K,   2% used [0x00007ef648640000, 0x00007ef648970448, 0x00007ef64f800000)
  to   space 116480K,   0% used [0x00007ef641480000, 0x00007ef641480000, 0x00007ef648640000)
 tenured generation   total 2330560K, used 2329283K [0x00007efb5db50000, 0x00007efbebf40000, 0x00007f0608600000)
   the space 2330560K,  99% used [0x00007efb5db50000, 0x00007efbebe00eb8, 0x00007efbebe01000, 0x00007efbebf40000)
 Metaspace       used 24341K, capacity 24763K, committed 24832K, reserved 26624K
}
Event: 5113.014 GC heap before
{Heap before GC invocations=16310 (full 2):
 def new generation   total 1048832K, used 935617K [0x00007ef608600000, 0x00007ef64f800000, 0x00007efb5db50000)
  eden space 932352K, 100% used [0x00007ef608600000, 0x00007ef641480000, 0x00007ef641480000)
  from space 116480K,   2% used [0x00007ef648640000, 0x00007ef648970448, 0x00007ef64f800000)
  to   space 116480K,   0% used [0x00007ef641480000, 0x00007ef641480000, 0x00007ef648640000)
 tenured generation   total 2330560K, used 2329283K [0x00007efb5db50000, 0x00007efbebf40000, 0x00007f0608600000)
   the space 2330560K,  99% used [0x00007efb5db50000, 0x00007efbebe00eb8, 0x00007efbebe01000, 0x00007efbebf40000)
 Metaspace       used 24341K, capacity 24763K, committed 24832K, reserved 26624K
}
Event: 5113.016 GC heap after
{Heap after GC invocations=16311 (full 2):
 def new generation   total 1048832K, used 3345K [0x00007ef608600000, 0x00007ef64f800000, 0x00007efb5db50000)
  eden space 932352K,   0% used [0x00007ef608600000, 0x00007ef608600000, 0x00007ef641480000)
  from space 116480K,   2% used [0x00007ef641480000, 0x00007ef6417c4618, 0x00007ef648640000)
  to   space 116480K,   0% used [0x00007ef648640000, 0x00007ef648640000, 0x00007ef64f800000)
 tenured generation   total 2330560K, used 2329452K [0x00007efb5db50000, 0x00007efbebf40000, 0x00007f0608600000)
   the space 2330560K,  99% used [0x00007efb5db50000, 0x00007efbebe2b178, 0x00007efbebe2b200, 0x00007efbebf40000)
 Metaspace       used 24341K, capacity 24763K, committed 24832K, reserved 26624K
}
Event: 5113.446 GC heap before
{Heap before GC invocations=16311 (full 2):
 def new generation   total 1048832K, used 935697K [0x00007ef608600000, 0x00007ef64f800000, 0x00007efb5db50000)
  eden space 932352K, 100% used [0x00007ef608600000, 0x00007ef641480000, 0x00007ef641480000)
  from space 116480K,   2% used [0x00007ef641480000, 0x00007ef6417c4618, 0x00007ef648640000)
  to   space 116480K,   0% used [0x00007ef648640000, 0x00007ef648640000, 0x00007ef64f800000)
 tenured generation   total 2330560K, used 2329452K [0x00007efb5db50000, 0x00007efbebf40000, 0x00007f0608600000)
   the space 2330560K,  99% used [0x00007efb5db50000, 0x00007efbebe2b178, 0x00007efbebe2b200, 0x00007efbebf40000)
 Metaspace       used 24341K, capacity 24763K, committed 24832K, reserved 26624K
}
Event: 5113.449 GC heap after
{Heap after GC invocations=16312 (full 2):
 def new generation   total 1048832K, used 3421K [0x00007ef608600000, 0x00007ef64f800000, 0x00007efb5db50000)
  eden space 932352K,   0% used [0x00007ef608600000, 0x00007ef608600000, 0x00007ef641480000)
  from space 116480K,   2% used [0x00007ef648640000, 0x00007ef6489974f0, 0x00007ef64f800000)
  to   space 116480K,   0% used [0x00007ef641480000, 0x00007ef641480000, 0x00007ef648640000)
 tenured generation   total 2330560K, used 2329621K [0x00007efb5db50000, 0x00007efbebf40000, 0x00007f0608600000)
   the space 2330560K,  99% used [0x00007efb5db50000, 0x00007efbebe55438, 0x00007efbebe55600, 0x00007efbebf40000)
 Metaspace       used 24341K, capacity 24763K, committed 24832K, reserved 26624K
}
Event: 5113.879 GC heap before
{Heap before GC invocations=16312 (full 2):
 def new generation   total 1048832K, used 935773K [0x00007ef608600000, 0x00007ef64f800000, 0x00007efb5db50000)
  eden space 932352K, 100% used [0x00007ef608600000, 0x00007ef641480000, 0x00007ef641480000)
  from space 116480K,   2% used [0x00007ef648640000, 0x00007ef6489974f0, 0x00007ef64f800000)
  to   space 116480K,   0% used [0x00007ef641480000, 0x00007ef641480000, 0x00007ef648640000)
 tenured generation   total 2330560K, used 2329621K [0x00007efb5db50000, 0x00007efbebf40000, 0x00007f0608600000)
   the space 2330560K,  99% used [0x00007efb5db50000, 0x00007efbebe55438, 0x00007efbebe55600, 0x00007efbebf40000)
 Metaspace       used 24341K, capacity 24763K, committed 24832K, reserved 26624K
}
Event: 5113.882 GC heap after
{Heap after GC invocations=16313 (full 2):
 def new generation   total 1048832K, used 3514K [0x00007ef608600000, 0x00007ef64f800000, 0x00007efb5db50000)
  eden space 932352K,   0% used [0x00007ef608600000, 0x00007ef608600000, 0x00007ef641480000)
  from space 116480K,   3% used [0x00007ef641480000, 0x00007ef6417ee9a8, 0x00007ef648640000)
  to   space 116480K,   0% used [0x00007ef648640000, 0x00007ef648640000, 0x00007ef64f800000)
 tenured generation   total 2330560K, used 2329790K [0x00007efb5db50000, 0x00007efbebf40000, 0x00007f0608600000)
   the space 2330560K,  99% used [0x00007efb5db50000, 0x00007efbebe7f8a8, 0x00007efbebe7fa00, 0x00007efbebf40000)
 Metaspace       used 24341K, capacity 24763K, committed 24832K, reserved 26624K
}
Event: 5114.312 GC heap before
{Heap before GC invocations=16313 (full 2):
 def new generation   total 1048832K, used 935866K [0x00007ef608600000, 0x00007ef64f800000, 0x00007efb5db50000)
  eden space 932352K, 100% used [0x00007ef608600000, 0x00007ef641480000, 0x00007ef641480000)
  from space 116480K,   3% used [0x00007ef641480000, 0x00007ef6417ee9a8, 0x00007ef648640000)
  to   space 116480K,   0% used [0x00007ef648640000, 0x00007ef648640000, 0x00007ef64f800000)
 tenured generation   total 2330560K, used 2329790K [0x00007efb5db50000, 0x00007efbebf40000, 0x00007f0608600000)
   the space 2330560K,  99% used [0x00007efb5db50000, 0x00007efbebe7f8a8, 0x00007efbebe7fa00, 0x00007efbebf40000)
 Metaspace       used 24341K, capacity 24763K, committed 24832K, reserved 26624K
}
Event: 5114.315 GC heap after
{Heap after GC invocations=16314 (full 2):
 def new generation   total 1048832K, used 3563K [0x00007ef608600000, 0x00007ef64f800000, 0x00007efb5db50000)
  eden space 932352K,   0% used [0x00007ef608600000, 0x00007ef608600000, 0x00007ef641480000)
  from space 116480K,   3% used [0x00007ef648640000, 0x00007ef6489bacf8, 0x00007ef64f800000)
  to   space 116480K,   0% used [0x00007ef641480000, 0x00007ef641480000, 0x00007ef648640000)
 tenured generation   total 2330560K, used 2329979K [0x00007efb5db50000, 0x00007efbebf40000, 0x00007f0608600000)
   the space 2330560K,  99% used [0x00007efb5db50000, 0x00007efbebeaee10, 0x00007efbebeaf000, 0x00007efbebf40000)
 Metaspace       used 24341K, capacity 24763K, committed 24832K, reserved 26624K
}
Event: 5114.746 GC heap before
{Heap before GC invocations=16314 (full 2):
 def new generation   total 1048832K, used 935915K [0x00007ef608600000, 0x00007ef64f800000, 0x00007efb5db50000)
  eden space 932352K, 100% used [0x00007ef608600000, 0x00007ef641480000, 0x00007ef641480000)
  from space 116480K,   3% used [0x00007ef648640000, 0x00007ef6489bacf8, 0x00007ef64f800000)
  to   space 116480K,   0% used [0x00007ef641480000, 0x00007ef641480000, 0x00007ef648640000)
 tenured generation   total 2330560K, used 2329979K [0x00007efb5db50000, 0x00007efbebf40000, 0x00007f0608600000)
   the space 2330560K,  99% used [0x00007efb5db50000, 0x00007efbebeaee10, 0x00007efbebeaf000, 0x00007efbebf40000)
 Metaspace       used 24341K, capacity 24763K, committed 24832K, reserved 26624K
}
Event: 5114.749 GC heap after
{Heap after GC invocations=16315 (full 2):
 def new generation   total 1048832K, used 3621K [0x00007ef608600000, 0x00007ef64f800000, 0x00007efb5db50000)
  eden space 932352K,   0% used [0x00007ef608600000, 0x00007ef608600000, 0x00007ef641480000)
  from space 116480K,   3% used [0x00007ef641480000, 0x00007ef641809430, 0x00007ef648640000)
  to   space 116480K,   0% used [0x00007ef648640000, 0x00007ef648640000, 0x00007ef64f800000)
 tenured generation   total 2330560K, used 2330148K [0x00007efb5db50000, 0x00007efbebf40000, 0x00007f0608600000)
   the space 2330560K,  99% used [0x00007efb5db50000, 0x00007efbebed90d0, 0x00007efbebed9200, 0x00007efbebf40000)
 Metaspace       used 24341K, capacity 24763K, committed 24832K, reserved 26624K
}
Event: 5115.178 GC heap before
{Heap before GC invocations=16315 (full 2):
 def new generation   total 1048832K, used 935973K [0x00007ef608600000, 0x00007ef64f800000, 0x00007efb5db50000)
  eden space 932352K, 100% used [0x00007ef608600000, 0x00007ef641480000, 0x00007ef641480000)
  from space 116480K,   3% used [0x00007ef641480000, 0x00007ef641809430, 0x00007ef648640000)
  to   space 116480K,   0% used [0x00007ef648640000, 0x00007ef648640000, 0x00007ef64f800000)
 tenured generation   total 2330560K, used 2330148K [0x00007efb5db50000, 0x00007efbebf40000, 0x00007f0608600000)
   the space 2330560K,  99% used [0x00007efb5db50000, 0x00007efbebed90d0, 0x00007efbebed9200, 0x00007efbebf40000)
 Metaspace       used 24341K, capacity 24763K, committed 24832K, reserved 26624K
}
Event: 5115.181 GC heap after
{Heap after GC invocations=16316 (full 2):
 def new generation   total 1048832K, used 3703K [0x00007ef608600000, 0x00007ef64f800000, 0x00007efb5db50000)
  eden space 932352K,   0% used [0x00007ef608600000, 0x00007ef608600000, 0x00007ef641480000)
  from space 116480K,   3% used [0x00007ef648640000, 0x00007ef6489ddfe8, 0x00007ef64f800000)
  to   space 116480K,   0% used [0x00007ef641480000, 0x00007ef641480000, 0x00007ef648640000)
 tenured generation   total 2330560K, used 2330316K [0x00007efb5db50000, 0x00007efbebf40000, 0x00007f0608600000)
   the space 2330560K,  99% used [0x00007efb5db50000, 0x00007efbebf03390, 0x00007efbebf03400, 0x00007efbebf40000)
 Metaspace       used 24341K, capacity 24763K, committed 24832K, reserved 26624K
}
Event: 5115.614 GC heap before
{Heap before GC invocations=16316 (full 2):
 def new generation   total 1048832K, used 936055K [0x00007ef608600000, 0x00007ef64f800000, 0x00007efb5db50000)
  eden space 932352K, 100% used [0x00007ef608600000, 0x00007ef641480000, 0x00007ef641480000)
  from space 116480K,   3% used [0x00007ef648640000, 0x00007ef6489ddfe8, 0x00007ef64f800000)
  to   space 116480K,   0% used [0x00007ef641480000, 0x00007ef641480000, 0x00007ef648640000)
 tenured generation   total 2330560K, used 2330316K [0x00007efb5db50000, 0x00007efbebf40000, 0x00007f0608600000)
   the space 2330560K,  99% used [0x00007efb5db50000, 0x00007efbebf03390, 0x00007efbebf03400, 0x00007efbebf40000)
 Metaspace       used 24341K, capacity 24763K, committed 24832K, reserved 26624K
}
Event: 5115.617 GC heap after
{Heap after GC invocations=16317 (full 2):
 def new generation   total 1048832K, used 3765K [0x00007ef608600000, 0x00007ef64f800000, 0x00007efb5db50000)
  eden space 932352K,   0% used [0x00007ef608600000, 0x00007ef608600000, 0x00007ef641480000)
  from space 116480K,   3% used [0x00007ef641480000, 0x00007ef64182d608, 0x00007ef648640000)
  to   space 116480K,   0% used [0x00007ef648640000, 0x00007ef648640000, 0x00007ef64f800000)
 tenured generation   total 2330560K, used 2330506K [0x00007efb5db50000, 0x00007efbebf40000, 0x00007f0608600000)
   the space 2330560K,  99% used [0x00007efb5db50000, 0x00007efbebf32a08, 0x00007efbebf32c00, 0x00007efbebf40000)
 Metaspace       used 24341K, capacity 24763K, committed 24832K, reserved 26624K
}
Event: 5116.073 GC heap before
{Heap before GC invocations=16317 (full 2):
 def new generation   total 1048832K, used 936117K [0x00007ef608600000, 0x00007ef64f800000, 0x00007efb5db50000)
  eden space 932352K, 100% used [0x00007ef608600000, 0x00007ef641480000, 0x00007ef641480000)
  from space 116480K,   3% used [0x00007ef641480000, 0x00007ef64182d608, 0x00007ef648640000)
  to   space 116480K,   0% used [0x00007ef648640000, 0x00007ef648640000, 0x00007ef64f800000)
 tenured generation   total 2330560K, used 2330506K [0x00007efb5db50000, 0x00007efbebf40000, 0x00007f0608600000)
   the space 2330560K,  99% used [0x00007efb5db50000, 0x00007efbebf32a08, 0x00007efbebf32c00, 0x00007efbebf40000)
 Metaspace       used 24341K, capacity 24763K, committed 24832K, reserved 26624K
}
Event: 5116.078 GC heap after
{Heap after GC invocations=16318 (full 2):
 def new generation   total 1048832K, used 3773K [0x00007ef608600000, 0x00007ef64f800000, 0x00007efb5db50000)
  eden space 932352K,   0% used [0x00007ef608600000, 0x00007ef608600000, 0x00007ef641480000)
  from space 116480K,   3% used [0x00007ef648640000, 0x00007ef6489ef6b8, 0x00007ef64f800000)
  to   space 116480K,   0% used [0x00007ef641480000, 0x00007ef641480000, 0x00007ef648640000)
 tenured generation   total 2330944K, used 2330757K [0x00007efb5db50000, 0x00007efbebfa0000, 0x00007f0608600000)
   the space 2330944K,  99% used [0x00007efb5db50000, 0x00007efbebf71768, 0x00007efbebf71800, 0x00007efbebfa0000)
 Metaspace       used 24341K, capacity 24763K, committed 24832K, reserved 26624K
}
Event: 5116.078 GC heap before
{Heap before GC invocations=16318 (full 2):
 def new generation   total 1048832K, used 3773K [0x00007ef608600000, 0x00007ef64f800000, 0x00007efb5db50000)
  eden space 932352K,   0% used [0x00007ef608600000, 0x00007ef608600000, 0x00007ef641480000)
  from space 116480K,   3% used [0x00007ef648640000, 0x00007ef6489ef6b8, 0x00007ef64f800000)
  to   space 116480K,   0% used [0x00007ef641480000, 0x00007ef641480000, 0x00007ef648640000)
 tenured generation   total 2330944K, used 2330757K [0x00007efb5db50000, 0x00007efbebfa0000, 0x00007f0608600000)
   the space 2330944K,  99% used [0x00007efb5db50000, 0x00007efbebf71768, 0x00007efbebf71800, 0x00007efbebfa0000)
 Metaspace       used 24341K, capacity 24763K, committed 24832K, reserved 26624K
}

