# JRE version: OpenJDK Runtime Environment (13.0.7+5) (build 13.0.7+5-Ubuntu-0ubuntu120.04)
# Java VM: OpenJDK 64-Bit Server VM (13.0.7+5-Ubuntu-0ubuntu120.04, mixed mode, tiered, compressed oops, serial gc, linux-amd64)
Heap:
 def new generation   total 2293120K, used 0K [0x0000000080200000, 0x000000011ba30000, 0x0000000300150000)
  eden space 2038336K,   0% used [0x0000000080200000, 0x0000000080200000, 0x00000000fc890000)
  from space 254784K,   0% used [0x00000000fc890000, 0x00000000fc890000, 0x000000010c160000)
  to   space 254784K,   0% used [0x000000010c160000, 0x000000010c160000, 0x000000011ba30000)
 tenured generation   total 5096216K, used 3537344K [0x0000000300150000, 0x0000000437216000, 0x0000000800000000)
   the space 5096216K,  69% used [0x0000000300150000, 0x00000003d7fc01a0, 0x00000003d7fc0200, 0x0000000437216000)
 Metaspace       used 23316K, capacity 23886K, committed 24112K, reserved 1071104K
  class space    used 2411K, capacity 2631K, committed 2688K, reserved 1048576K
GC Heap History (20 events):
Event: 16809.799 GC heap after
{Heap after GC invocations=14316 (full 18):
 def new generation   total 2293120K, used 61884K [0x0000000080200000, 0x000000011ba30000, 0x0000000300150000)
  eden space 2038336K,   0% used [0x0000000080200000, 0x0000000080200000, 0x00000000fc890000)
  from space 254784K,  24% used [0x000000010c160000, 0x000000010fdcf298, 0x000000011ba30000)
  to   space 254784K,   0% used [0x00000000fc890000, 0x00000000fc890000, 0x000000010c160000)
 tenured generation   total 5095700K, used 5049656K [0x0000000300150000, 0x0000000437195000, 0x0000000800000000)
   the space 5095700K,  99% used [0x0000000300150000, 0x000000043449e0e8, 0x000000043449e200, 0x0000000437195000)
 Metaspace       used 23316K, capacity 23886K, committed 24112K, reserved 1071104K
  class space    used 2411K, capacity 2631K, committed 2688K, reserved 1048576K
}
Event: 16812.005 GC heap before
{Heap before GC invocations=14316 (full 18):
 def new generation   total 2293120K, used 2100220K [0x0000000080200000, 0x000000011ba30000, 0x0000000300150000)
  eden space 2038336K, 100% used [0x0000000080200000, 0x00000000fc890000, 0x00000000fc890000)
  from space 254784K,  24% used [0x000000010c160000, 0x000000010fdcf298, 0x000000011ba30000)
  to   space 254784K,   0% used [0x00000000fc890000, 0x00000000fc890000, 0x000000010c160000)
 tenured generation   total 5095700K, used 5049656K [0x0000000300150000, 0x0000000437195000, 0x0000000800000000)
   the space 5095700K,  99% used [0x0000000300150000, 0x000000043449e0e8, 0x000000043449e200, 0x0000000437195000)
 Metaspace       used 23316K, capacity 23886K, committed 24112K, reserved 1071104K
  class space    used 2411K, capacity 2631K, committed 2688K, reserved 1048576K
}
Event: 16812.046 GC heap after
{Heap after GC invocations=14317 (full 18):
 def new generation   total 2293120K, used 68588K [0x0000000080200000, 0x000000011ba30000, 0x0000000300150000)
  eden space 2038336K,   0% used [0x0000000080200000, 0x0000000080200000, 0x00000000fc890000)
  from space 254784K,  26% used [0x00000000fc890000, 0x0000000100b8b138, 0x000000010c160000)
  to   space 254784K,   0% used [0x000000010c160000, 0x000000010c160000, 0x000000011ba30000)
 tenured generation   total 5095700K, used 5050177K [0x0000000300150000, 0x0000000437195000, 0x0000000800000000)
   the space 5095700K,  99% used [0x0000000300150000, 0x00000004345204b8, 0x0000000434520600, 0x0000000437195000)
 Metaspace       used 23316K, capacity 23886K, committed 24112K, reserved 1071104K
  class space    used 2411K, capacity 2631K, committed 2688K, reserved 1048576K
}
Event: 16814.269 GC heap before
{Heap before GC invocations=14317 (full 18):
 def new generation   total 2293120K, used 2106924K [0x0000000080200000, 0x000000011ba30000, 0x0000000300150000)
  eden space 2038336K, 100% used [0x0000000080200000, 0x00000000fc890000, 0x00000000fc890000)
  from space 254784K,  26% used [0x00000000fc890000, 0x0000000100b8b138, 0x000000010c160000)
  to   space 254784K,   0% used [0x000000010c160000, 0x000000010c160000, 0x000000011ba30000)
 tenured generation   total 5095700K, used 5050177K [0x0000000300150000, 0x0000000437195000, 0x0000000800000000)
   the space 5095700K,  99% used [0x0000000300150000, 0x00000004345204b8, 0x0000000434520600, 0x0000000437195000)
 Metaspace       used 23316K, capacity 23886K, committed 24112K, reserved 1071104K
  class space    used 2411K, capacity 2631K, committed 2688K, reserved 1048576K
}
Event: 16814.310 GC heap after
{Heap after GC invocations=14318 (full 18):
 def new generation   total 2293120K, used 74753K [0x0000000080200000, 0x000000011ba30000, 0x0000000300150000)
  eden space 2038336K,   0% used [0x0000000080200000, 0x0000000080200000, 0x00000000fc890000)
  from space 254784K,  29% used [0x000000010c160000, 0x0000000110a60748, 0x000000011ba30000)
  to   space 254784K,   0% used [0x00000000fc890000, 0x00000000fc890000, 0x000000010c160000)
 tenured generation   total 5095700K, used 5050698K [0x0000000300150000, 0x0000000437195000, 0x0000000800000000)
   the space 5095700K,  99% used [0x0000000300150000, 0x00000004345a2990, 0x00000004345a2a00, 0x0000000437195000)
 Metaspace       used 23316K, capacity 23886K, committed 24112K, reserved 1071104K
  class space    used 2411K, capacity 2631K, committed 2688K, reserved 1048576K
}
Event: 16816.525 GC heap before
{Heap before GC invocations=14318 (full 18):
 def new generation   total 2293120K, used 2113089K [0x0000000080200000, 0x000000011ba30000, 0x0000000300150000)
  eden space 2038336K, 100% used [0x0000000080200000, 0x00000000fc890000, 0x00000000fc890000)
  from space 254784K,  29% used [0x000000010c160000, 0x0000000110a60748, 0x000000011ba30000)
  to   space 254784K,   0% used [0x00000000fc890000, 0x00000000fc890000, 0x000000010c160000)
 tenured generation   total 5095700K, used 5050698K [0x0000000300150000, 0x0000000437195000, 0x0000000800000000)
   the space 5095700K,  99% used [0x0000000300150000, 0x00000004345a2990, 0x00000004345a2a00, 0x0000000437195000)
 Metaspace       used 23316K, capacity 23886K, committed 24112K, reserved 1071104K
  class space    used 2411K, capacity 2631K, committed 2688K, reserved 1048576K
}
Event: 16816.570 GC heap after
{Heap after GC invocations=14319 (full 18):
 def new generation   total 2293120K, used 75801K [0x0000000080200000, 0x000000011ba30000, 0x0000000300150000)
  eden space 2038336K,   0% used [0x0000000080200000, 0x0000000080200000, 0x00000000fc890000)
  from space 254784K,  29% used [0x00000000fc890000, 0x0000000101296530, 0x000000010c160000)
  to   space 254784K,   0% used [0x000000010c160000, 0x000000010c160000, 0x000000011ba30000)
 tenured generation   total 5095700K, used 5051729K [0x0000000300150000, 0x0000000437195000, 0x0000000800000000)
   the space 5095700K,  99% used [0x0000000300150000, 0x00000004346a4588, 0x00000004346a4600, 0x0000000437195000)
 Metaspace       used 23316K, capacity 23886K, committed 24112K, reserved 1071104K
  class space    used 2411K, capacity 2631K, committed 2688K, reserved 1048576K
}
Event: 16818.709 GC heap before
{Heap before GC invocations=14319 (full 18):
 def new generation   total 2293120K, used 2114137K [0x0000000080200000, 0x000000011ba30000, 0x0000000300150000)
  eden space 2038336K, 100% used [0x0000000080200000, 0x00000000fc890000, 0x00000000fc890000)
  from space 254784K,  29% used [0x00000000fc890000, 0x0000000101296530, 0x000000010c160000)
  to   space 254784K,   0% used [0x000000010c160000, 0x000000010c160000, 0x000000011ba30000)
 tenured generation   total 5095700K, used 5051729K [0x0000000300150000, 0x0000000437195000, 0x0000000800000000)
   the space 5095700K,  99% used [0x0000000300150000, 0x00000004346a4588, 0x00000004346a4600, 0x0000000437195000)
 Metaspace       used 23316K, capacity 23886K, committed 24112K, reserved 1071104K
  class space    used 2411K, capacity 2631K, committed 2688K, reserved 1048576K
}
Event: 16818.751 GC heap after
{Heap after GC invocations=14320 (full 18):
 def new generation   total 2293120K, used 86596K [0x0000000080200000, 0x000000011ba30000, 0x0000000300150000)
  eden space 2038336K,   0% used [0x0000000080200000, 0x0000000080200000, 0x00000000fc890000)
  from space 254784K,  33% used [0x000000010c160000, 0x00000001115f10b0, 0x000000011ba30000)
  to   space 254784K,   0% used [0x00000000fc890000, 0x00000000fc890000, 0x000000010c160000)
 tenured generation   total 5095700K, used 5051733K [0x0000000300150000, 0x0000000437195000, 0x0000000800000000)
   the space 5095700K,  99% used [0x0000000300150000, 0x00000004346a5680, 0x00000004346a5800, 0x0000000437195000)
 Metaspace       used 23316K, capacity 23886K, committed 24112K, reserved 1071104K
  class space    used 2411K, capacity 2631K, committed 2688K, reserved 1048576K
}
Event: 16820.999 GC heap before
{Heap before GC invocations=14320 (full 18):
 def new generation   total 2293120K, used 2115113K [0x0000000080200000, 0x000000011ba30000, 0x0000000300150000)
  eden space 2038336K,  99% used [0x0000000080200000, 0x00000000fbef9390, 0x00000000fc890000)
  from space 254784K,  33% used [0x000000010c160000, 0x00000001115f10b0, 0x000000011ba30000)
  to   space 254784K,   0% used [0x00000000fc890000, 0x00000000fc890000, 0x000000010c160000)
 tenured generation   total 5095700K, used 5051733K [0x0000000300150000, 0x0000000437195000, 0x0000000800000000)
   the space 5095700K,  99% used [0x0000000300150000, 0x00000004346a5680, 0x00000004346a5800, 0x0000000437195000)
 Metaspace       used 23316K, capacity 23886K, committed 24112K, reserved 1071104K
  class space    used 2411K, capacity 2631K, committed 2688K, reserved 1048576K
}
Event: 16821.055 GC heap after
{Heap after GC invocations=14321 (full 18):
 def new generation   total 2293120K, used 71725K [0x0000000080200000, 0x000000011ba30000, 0x0000000300150000)
  eden space 2038336K,   0% used [0x0000000080200000, 0x0000000080200000, 0x00000000fc890000)
  from space 254784K,  28% used [0x00000000fc890000, 0x0000000100e9b528, 0x000000010c160000)
  to   space 254784K,   0% used [0x000000010c160000, 0x000000010c160000, 0x000000011ba30000)
 tenured generation   total 5095700K, used 5052253K [0x0000000300150000, 0x0000000437195000, 0x0000000800000000)
   the space 5095700K,  99% used [0x0000000300150000, 0x0000000434727510, 0x0000000434727600, 0x0000000437195000)
 Metaspace       used 23316K, capacity 23886K, committed 24112K, reserved 1071104K
  class space    used 2411K, capacity 2631K, committed 2688K, reserved 1048576K
}
Event: 16823.310 GC heap before
{Heap before GC invocations=14321 (full 18):
 def new generation   total 2293120K, used 2110061K [0x0000000080200000, 0x000000011ba30000, 0x0000000300150000)
  eden space 2038336K, 100% used [0x0000000080200000, 0x00000000fc890000, 0x00000000fc890000)
  from space 254784K,  28% used [0x00000000fc890000, 0x0000000100e9b528, 0x000000010c160000)
  to   space 254784K,   0% used [0x000000010c160000, 0x000000010c160000, 0x000000011ba30000)
 tenured generation   total 5095700K, used 5052253K [0x0000000300150000, 0x0000000437195000, 0x0000000800000000)
   the space 5095700K,  99% used [0x0000000300150000, 0x0000000434727510, 0x0000000434727600, 0x0000000437195000)
 Metaspace       used 23316K, capacity 23886K, committed 24112K, reserved 1071104K
  class space    used 2411K, capacity 2631K, committed 2688K, reserved 1048576K
}
Event: 16823.419 GC heap after
{Heap after GC invocations=14322 (full 18):
 def new generation   total 2293120K, used 42475K [0x0000000080200000, 0x000000011ba30000, 0x0000000300150000)
  eden space 2038336K,   0% used [0x0000000080200000, 0x0000000080200000, 0x00000000fc890000)
  from space 254784K,  16% used [0x000000010c160000, 0x000000010eadaea0, 0x000000011ba30000)
  to   space 254784K,   0% used [0x00000000fc890000, 0x00000000fc890000, 0x000000010c160000)
 tenured generation   total 5095700K, used 5088727K [0x0000000300150000, 0x0000000437195000, 0x0000000800000000)
   the space 5095700K,  99% used [0x0000000300150000, 0x0000000436ac5d98, 0x0000000436ac5e00, 0x0000000437195000)
 Metaspace       used 23316K, capacity 23886K, committed 24112K, reserved 1071104K
  class space    used 2411K, capacity 2631K, committed 2688K, reserved 1048576K
}
Event: 16825.683 GC heap before
{Heap before GC invocations=14322 (full 18):
 def new generation   total 2293120K, used 2080811K [0x0000000080200000, 0x000000011ba30000, 0x0000000300150000)
  eden space 2038336K, 100% used [0x0000000080200000, 0x00000000fc890000, 0x00000000fc890000)
  from space 254784K,  16% used [0x000000010c160000, 0x000000010eadaea0, 0x000000011ba30000)
  to   space 254784K,   0% used [0x00000000fc890000, 0x00000000fc890000, 0x000000010c160000)
 tenured generation   total 5095700K, used 5088727K [0x0000000300150000, 0x0000000437195000, 0x0000000800000000)
   the space 5095700K,  99% used [0x0000000300150000, 0x0000000436ac5d98, 0x0000000436ac5e00, 0x0000000437195000)
 Metaspace       used 23316K, capacity 23886K, committed 24112K, reserved 1071104K
  class space    used 2411K, capacity 2631K, committed 2688K, reserved 1048576K
}
Event: 16825.734 GC heap after
{Heap after GC invocations=14323 (full 18):
 def new generation   total 2293120K, used 54780K [0x0000000080200000, 0x000000011ba30000, 0x0000000300150000)
  eden space 2038336K,   0% used [0x0000000080200000, 0x0000000080200000, 0x00000000fc890000)
  from space 254784K,  21% used [0x00000000fc890000, 0x00000000ffe0f300, 0x000000010c160000)
  to   space 254784K,   0% used [0x000000010c160000, 0x000000010c160000, 0x000000011ba30000)
 tenured generation   total 5095700K, used 5091317K [0x0000000300150000, 0x0000000437195000, 0x0000000800000000)
   the space 5095700K,  99% used [0x0000000300150000, 0x0000000436d4d758, 0x0000000436d4d800, 0x0000000437195000)
 Metaspace       used 23316K, capacity 23886K, committed 24112K, reserved 1071104K
  class space    used 2411K, capacity 2631K, committed 2688K, reserved 1048576K
}
Event: 16827.920 GC heap before
{Heap before GC invocations=14323 (full 18):
 def new generation   total 2293120K, used 2093116K [0x0000000080200000, 0x000000011ba30000, 0x0000000300150000)
  eden space 2038336K, 100% used [0x0000000080200000, 0x00000000fc890000, 0x00000000fc890000)
  from space 254784K,  21% used [0x00000000fc890000, 0x00000000ffe0f300, 0x000000010c160000)
  to   space 254784K,   0% used [0x000000010c160000, 0x000000010c160000, 0x000000011ba30000)
 tenured generation   total 5095700K, used 5091317K [0x0000000300150000, 0x0000000437195000, 0x0000000800000000)
   the space 5095700K,  99% used [0x0000000300150000, 0x0000000436d4d758, 0x0000000436d4d800, 0x0000000437195000)
 Metaspace       used 23316K, capacity 23886K, committed 24112K, reserved 1071104K
  class space    used 2411K, capacity 2631K, committed 2688K, reserved 1048576K
}
Event: 16827.957 GC heap after
{Heap after GC invocations=14324 (full 18):
 def new generation   total 2293120K, used 38351K [0x0000000080200000, 0x000000011ba30000, 0x0000000300150000)
  eden space 2038336K,   0% used [0x0000000080200000, 0x0000000080200000, 0x00000000fc890000)
  from space 254784K,  15% used [0x000000010c160000, 0x000000010e6d3ca8, 0x000000011ba30000)
  to   space 254784K,   0% used [0x00000000fc890000, 0x00000000fc890000, 0x000000010c160000)
 tenured generation   total 5095700K, used 5093396K [0x0000000300150000, 0x0000000437195000, 0x0000000800000000)
   the space 5095700K,  99% used [0x0000000300150000, 0x0000000436f55128, 0x0000000436f55200, 0x0000000437195000)
 Metaspace       used 23316K, capacity 23886K, committed 24112K, reserved 1071104K
  class space    used 2411K, capacity 2631K, committed 2688K, reserved 1048576K
}
Event: 16830.139 GC heap before
{Heap before GC invocations=14324 (full 18):
 def new generation   total 2293120K, used 2076687K [0x0000000080200000, 0x000000011ba30000, 0x0000000300150000)
  eden space 2038336K, 100% used [0x0000000080200000, 0x00000000fc890000, 0x00000000fc890000)
  from space 254784K,  15% used [0x000000010c160000, 0x000000010e6d3ca8, 0x000000011ba30000)
  to   space 254784K,   0% used [0x00000000fc890000, 0x00000000fc890000, 0x000000010c160000)
 tenured generation   total 5095700K, used 5093396K [0x0000000300150000, 0x0000000437195000, 0x0000000800000000)
   the space 5095700K,  99% used [0x0000000300150000, 0x0000000436f55128, 0x0000000436f55200, 0x0000000437195000)
 Metaspace       used 23316K, capacity 23886K, committed 24112K, reserved 1071104K
  class space    used 2411K, capacity 2631K, committed 2688K, reserved 1048576K
}
Event: 16830.171 GC heap after
{Heap after GC invocations=14325 (full 18):
 def new generation   total 2293120K, used 37839K [0x0000000080200000, 0x000000011ba30000, 0x0000000300150000)
  eden space 2038336K,   0% used [0x0000000080200000, 0x0000000080200000, 0x00000000fc890000)
  from space 254784K,  14% used [0x00000000fc890000, 0x00000000fed83fe8, 0x000000010c160000)
  to   space 254784K,   0% used [0x000000010c160000, 0x000000010c160000, 0x000000011ba30000)
 tenured generation   total 5096216K, used 5095986K [0x0000000300150000, 0x0000000437216000, 0x0000000800000000)
   the space 5096216K,  99% used [0x0000000300150000, 0x00000004371dca78, 0x00000004371dcc00, 0x0000000437216000)
 Metaspace       used 23316K, capacity 23886K, committed 24112K, reserved 1071104K
  class space    used 2411K, capacity 2631K, committed 2688K, reserved 1048576K
}
Event: 16830.171 GC heap before
{Heap before GC invocations=14325 (full 18):
 def new generation   total 2293120K, used 37839K [0x0000000080200000, 0x000000011ba30000, 0x0000000300150000)
  eden space 2038336K,   0% used [0x0000000080200000, 0x0000000080200000, 0x00000000fc890000)
  from space 254784K,  14% used [0x00000000fc890000, 0x00000000fed83fe8, 0x000000010c160000)
  to   space 254784K,   0% used [0x000000010c160000, 0x000000010c160000, 0x000000011ba30000)
 tenured generation   total 5096216K, used 5095986K [0x0000000300150000, 0x0000000437216000, 0x0000000800000000)
   the space 5096216K,  99% used [0x0000000300150000, 0x00000004371dca78, 0x00000004371dcc00, 0x0000000437216000)
 Metaspace       used 23316K, capacity 23886K, committed 24112K, reserved 1071104K
  class space    used 2411K, capacity 2631K, committed 2688K, reserved 1048576K
}

