# JRE version: OpenJDK Runtime Environment (13.0.7+5) (build 13.0.7+5-Ubuntu-0ubuntu120.04)
# Java VM: OpenJDK 64-Bit Server VM (13.0.7+5-Ubuntu-0ubuntu120.04, mixed mode, tiered, serial gc, linux-amd64)
Heap:
 def new generation   total 1789056K, used 0K [0x00007f2658600000, 0x00007f26d1b40000, 0x00007f2badb50000)
  eden space 1590272K,   0% used [0x00007f2658600000, 0x00007f2658600000, 0x00007f26b9700000)
  from space 198784K,   0% used [0x00007f26c5920000, 0x00007f26c5920000, 0x00007f26d1b40000)
  to   space 198784K,   0% used [0x00007f26b9700000, 0x00007f26b9700000, 0x00007f26c5920000)
 tenured generation   total 4017048K, used 3891600K [0x00007f2badb50000, 0x00007f2ca2e36000, 0x00007f3658600000)
   the space 4017048K,  96% used [0x00007f2badb50000, 0x00007f2c9b3b43f0, 0x00007f2c9b3b4400, 0x00007f2ca2e36000)
 Metaspace       used 31291K, capacity 31726K, committed 32000K, reserved 32768K
GC Heap History (20 events):
Event: 202.753 GC heap after
{Heap after GC invocations=260 (full 34):
 def new generation   total 1789056K, used 132118K [0x00007f2658600000, 0x00007f26d1b40000, 0x00007f2badb50000)
  eden space 1590272K,   0% used [0x00007f2658600000, 0x00007f2658600000, 0x00007f26b9700000)
  from space 198784K,  66% used [0x00007f26b9700000, 0x00007f26c18058e0, 0x00007f26c5920000)
  to   space 198784K,   0% used [0x00007f26c5920000, 0x00007f26c5920000, 0x00007f26d1b40000)
 tenured generation   total 3975576K, used 2786102K [0x00007f2badb50000, 0x00007f2ca05b6000, 0x00007f3658600000)
   the space 3975576K,  70% used [0x00007f2badb50000, 0x00007f2c57c1db80, 0x00007f2c57c1dc00, 0x00007f2ca05b6000)
 Metaspace       used 31291K, capacity 31726K, committed 32000K, reserved 32768K
}
Event: 203.182 GC heap before
{Heap before GC invocations=260 (full 34):
 def new generation   total 1789056K, used 1722390K [0x00007f2658600000, 0x00007f26d1b40000, 0x00007f2badb50000)
  eden space 1590272K, 100% used [0x00007f2658600000, 0x00007f26b9700000, 0x00007f26b9700000)
  from space 198784K,  66% used [0x00007f26b9700000, 0x00007f26c18058e0, 0x00007f26c5920000)
  to   space 198784K,   0% used [0x00007f26c5920000, 0x00007f26c5920000, 0x00007f26d1b40000)
 tenured generation   total 3975576K, used 2786102K [0x00007f2badb50000, 0x00007f2ca05b6000, 0x00007f3658600000)
   the space 3975576K,  70% used [0x00007f2badb50000, 0x00007f2c57c1db80, 0x00007f2c57c1dc00, 0x00007f2ca05b6000)
 Metaspace       used 31291K, capacity 31726K, committed 32000K, reserved 32768K
}
Event: 203.629 GC heap after
{Heap after GC invocations=261 (full 34):
 def new generation   total 1789056K, used 132420K [0x00007f2658600000, 0x00007f26d1b40000, 0x00007f2badb50000)
  eden space 1590272K,   0% used [0x00007f2658600000, 0x00007f2658600000, 0x00007f26b9700000)
  from space 198784K,  66% used [0x00007f26c5920000, 0x00007f26cda71100, 0x00007f26d1b40000)
  to   space 198784K,   0% used [0x00007f26b9700000, 0x00007f26b9700000, 0x00007f26c5920000)
 tenured generation   total 3975576K, used 2918220K [0x00007f2badb50000, 0x00007f2ca05b6000, 0x00007f3658600000)
   the space 3975576K,  73% used [0x00007f2badb50000, 0x00007f2c5fd23130, 0x00007f2c5fd23200, 0x00007f2ca05b6000)
 Metaspace       used 31291K, capacity 31726K, committed 32000K, reserved 32768K
}
Event: 204.029 GC heap before
{Heap before GC invocations=261 (full 34):
 def new generation   total 1789056K, used 1722692K [0x00007f2658600000, 0x00007f26d1b40000, 0x00007f2badb50000)
  eden space 1590272K, 100% used [0x00007f2658600000, 0x00007f26b9700000, 0x00007f26b9700000)
  from space 198784K,  66% used [0x00007f26c5920000, 0x00007f26cda71100, 0x00007f26d1b40000)
  to   space 198784K,   0% used [0x00007f26b9700000, 0x00007f26b9700000, 0x00007f26c5920000)
 tenured generation   total 3975576K, used 2918220K [0x00007f2badb50000, 0x00007f2ca05b6000, 0x00007f3658600000)
   the space 3975576K,  73% used [0x00007f2badb50000, 0x00007f2c5fd23130, 0x00007f2c5fd23200, 0x00007f2ca05b6000)
 Metaspace       used 31291K, capacity 31726K, committed 32000K, reserved 32768K
}
Event: 204.521 GC heap after
{Heap after GC invocations=262 (full 34):
 def new generation   total 1789056K, used 134917K [0x00007f2658600000, 0x00007f26d1b40000, 0x00007f2badb50000)
  eden space 1590272K,   0% used [0x00007f2658600000, 0x00007f2658600000, 0x00007f26b9700000)
  from space 198784K,  67% used [0x00007f26b9700000, 0x00007f26c1ac1440, 0x00007f26c5920000)
  to   space 198784K,   0% used [0x00007f26c5920000, 0x00007f26c5920000, 0x00007f26d1b40000)
 tenured generation   total 3975576K, used 3050640K [0x00007f2badb50000, 0x00007f2ca05b6000, 0x00007f3658600000)
   the space 3975576K,  76% used [0x00007f2badb50000, 0x00007f2c67e74090, 0x00007f2c67e74200, 0x00007f2ca05b6000)
 Metaspace       used 31291K, capacity 31726K, committed 32000K, reserved 32768K
}
Event: 204.937 GC heap before
{Heap before GC invocations=262 (full 34):
 def new generation   total 1789056K, used 1725189K [0x00007f2658600000, 0x00007f26d1b40000, 0x00007f2badb50000)
  eden space 1590272K, 100% used [0x00007f2658600000, 0x00007f26b9700000, 0x00007f26b9700000)
  from space 198784K,  67% used [0x00007f26b9700000, 0x00007f26c1ac1440, 0x00007f26c5920000)
  to   space 198784K,   0% used [0x00007f26c5920000, 0x00007f26c5920000, 0x00007f26d1b40000)
 tenured generation   total 3975576K, used 3050640K [0x00007f2badb50000, 0x00007f2ca05b6000, 0x00007f3658600000)
   the space 3975576K,  76% used [0x00007f2badb50000, 0x00007f2c67e74090, 0x00007f2c67e74200, 0x00007f2ca05b6000)
 Metaspace       used 31291K, capacity 31726K, committed 32000K, reserved 32768K
}
Event: 205.389 GC heap after
{Heap after GC invocations=263 (full 34):
 def new generation   total 1789056K, used 133493K [0x00007f2658600000, 0x00007f26d1b40000, 0x00007f2badb50000)
  eden space 1590272K,   0% used [0x00007f2658600000, 0x00007f2658600000, 0x00007f26b9700000)
  from space 198784K,  67% used [0x00007f26c5920000, 0x00007f26cdb7d730, 0x00007f26d1b40000)
  to   space 198784K,   0% used [0x00007f26b9700000, 0x00007f26b9700000, 0x00007f26c5920000)
 tenured generation   total 3975576K, used 3185556K [0x00007f2badb50000, 0x00007f2ca05b6000, 0x00007f3658600000)
   the space 3975576K,  80% used [0x00007f2badb50000, 0x00007f2c70235310, 0x00007f2c70235400, 0x00007f2ca05b6000)
 Metaspace       used 31291K, capacity 31726K, committed 32000K, reserved 32768K
}
Event: 205.794 GC heap before
{Heap before GC invocations=263 (full 34):
 def new generation   total 1789056K, used 1723765K [0x00007f2658600000, 0x00007f26d1b40000, 0x00007f2badb50000)
  eden space 1590272K, 100% used [0x00007f2658600000, 0x00007f26b9700000, 0x00007f26b9700000)
  from space 198784K,  67% used [0x00007f26c5920000, 0x00007f26cdb7d730, 0x00007f26d1b40000)
  to   space 198784K,   0% used [0x00007f26b9700000, 0x00007f26b9700000, 0x00007f26c5920000)
 tenured generation   total 3975576K, used 3185556K [0x00007f2badb50000, 0x00007f2ca05b6000, 0x00007f3658600000)
   the space 3975576K,  80% used [0x00007f2badb50000, 0x00007f2c70235310, 0x00007f2c70235400, 0x00007f2ca05b6000)
 Metaspace       used 31291K, capacity 31726K, committed 32000K, reserved 32768K
}
Event: 206.281 GC heap after
{Heap after GC invocations=264 (full 34):
 def new generation   total 1789056K, used 133827K [0x00007f2658600000, 0x00007f26d1b40000, 0x00007f2badb50000)
  eden space 1590272K,   0% used [0x00007f2658600000, 0x00007f2658600000, 0x00007f26b9700000)
  from space 198784K,  67% used [0x00007f26b9700000, 0x00007f26c19b0e60, 0x00007f26c5920000)
  to   space 198784K,   0% used [0x00007f26c5920000, 0x00007f26c5920000, 0x00007f26d1b40000)
 tenured generation   total 3975576K, used 3319049K [0x00007f2badb50000, 0x00007f2ca05b6000, 0x00007f3658600000)
   the space 3975576K,  83% used [0x00007f2badb50000, 0x00007f2c784927b0, 0x00007f2c78492800, 0x00007f2ca05b6000)
 Metaspace       used 31291K, capacity 31726K, committed 32000K, reserved 32768K
}
Event: 206.694 GC heap before
{Heap before GC invocations=264 (full 34):
 def new generation   total 1789056K, used 1724099K [0x00007f2658600000, 0x00007f26d1b40000, 0x00007f2badb50000)
  eden space 1590272K, 100% used [0x00007f2658600000, 0x00007f26b9700000, 0x00007f26b9700000)
  from space 198784K,  67% used [0x00007f26b9700000, 0x00007f26c19b0e60, 0x00007f26c5920000)
  to   space 198784K,   0% used [0x00007f26c5920000, 0x00007f26c5920000, 0x00007f26d1b40000)
 tenured generation   total 3975576K, used 3319049K [0x00007f2badb50000, 0x00007f2ca05b6000, 0x00007f3658600000)
   the space 3975576K,  83% used [0x00007f2badb50000, 0x00007f2c784927b0, 0x00007f2c78492800, 0x00007f2ca05b6000)
 Metaspace       used 31291K, capacity 31726K, committed 32000K, reserved 32768K
}
Event: 207.176 GC heap after
{Heap after GC invocations=265 (full 34):
 def new generation   total 1789056K, used 134193K [0x00007f2658600000, 0x00007f26d1b40000, 0x00007f2badb50000)
  eden space 1590272K,   0% used [0x00007f2658600000, 0x00007f2658600000, 0x00007f26b9700000)
  from space 198784K,  67% used [0x00007f26c5920000, 0x00007f26cdc2c520, 0x00007f26d1b40000)
  to   space 198784K,   0% used [0x00007f26b9700000, 0x00007f26b9700000, 0x00007f26c5920000)
 tenured generation   total 3975576K, used 3452876K [0x00007f2badb50000, 0x00007f2ca05b6000, 0x00007f3658600000)
   the space 3975576K,  86% used [0x00007f2badb50000, 0x00007f2c807432b0, 0x00007f2c80743400, 0x00007f2ca05b6000)
 Metaspace       used 31291K, capacity 31726K, committed 32000K, reserved 32768K
}
Event: 207.692 GC heap before
{Heap before GC invocations=265 (full 34):
 def new generation   total 1789056K, used 1724465K [0x00007f2658600000, 0x00007f26d1b40000, 0x00007f2badb50000)
  eden space 1590272K, 100% used [0x00007f2658600000, 0x00007f26b9700000, 0x00007f26b9700000)
  from space 198784K,  67% used [0x00007f26c5920000, 0x00007f26cdc2c520, 0x00007f26d1b40000)
  to   space 198784K,   0% used [0x00007f26b9700000, 0x00007f26b9700000, 0x00007f26c5920000)
 tenured generation   total 3975576K, used 3452876K [0x00007f2badb50000, 0x00007f2ca05b6000, 0x00007f3658600000)
   the space 3975576K,  86% used [0x00007f2badb50000, 0x00007f2c807432b0, 0x00007f2c80743400, 0x00007f2ca05b6000)
 Metaspace       used 31291K, capacity 31726K, committed 32000K, reserved 32768K
}
Event: 208.229 GC heap after
{Heap after GC invocations=266 (full 34):
 def new generation   total 1789056K, used 168482K [0x00007f2658600000, 0x00007f26d1b40000, 0x00007f2badb50000)
  eden space 1590272K,   0% used [0x00007f2658600000, 0x00007f2658600000, 0x00007f26b9700000)
  from space 198784K,  84% used [0x00007f26b9700000, 0x00007f26c3b889e8, 0x00007f26c5920000)
  to   space 198784K,   0% used [0x00007f26c5920000, 0x00007f26c5920000, 0x00007f26d1b40000)
 tenured generation   total 3975576K, used 3587069K [0x00007f2badb50000, 0x00007f2ca05b6000, 0x00007f3658600000)
   the space 3975576K,  90% used [0x00007f2badb50000, 0x00007f2c88a4f660, 0x00007f2c88a4f800, 0x00007f2ca05b6000)
 Metaspace       used 31291K, capacity 31726K, committed 32000K, reserved 32768K
}
Event: 208.717 GC heap before
{Heap before GC invocations=266 (full 34):
 def new generation   total 1789056K, used 1758754K [0x00007f2658600000, 0x00007f26d1b40000, 0x00007f2badb50000)
  eden space 1590272K, 100% used [0x00007f2658600000, 0x00007f26b9700000, 0x00007f26b9700000)
  from space 198784K,  84% used [0x00007f26b9700000, 0x00007f26c3b889e8, 0x00007f26c5920000)
  to   space 198784K,   0% used [0x00007f26c5920000, 0x00007f26c5920000, 0x00007f26d1b40000)
 tenured generation   total 3975576K, used 3587069K [0x00007f2badb50000, 0x00007f2ca05b6000, 0x00007f3658600000)
   the space 3975576K,  90% used [0x00007f2badb50000, 0x00007f2c88a4f660, 0x00007f2c88a4f800, 0x00007f2ca05b6000)
 Metaspace       used 31291K, capacity 31726K, committed 32000K, reserved 32768K
}
Event: 209.152 GC heap after
{Heap after GC invocations=267 (full 34):
 def new generation   total 1789056K, used 132253K [0x00007f2658600000, 0x00007f26d1b40000, 0x00007f2badb50000)
  eden space 1590272K,   0% used [0x00007f2658600000, 0x00007f2658600000, 0x00007f26b9700000)
  from space 198784K,  66% used [0x00007f26c5920000, 0x00007f26cda47598, 0x00007f26d1b40000)
  to   space 198784K,   0% used [0x00007f26b9700000, 0x00007f26b9700000, 0x00007f26c5920000)
 tenured generation   total 3975576K, used 3755552K [0x00007f2badb50000, 0x00007f2ca05b6000, 0x00007f3658600000)
   the space 3975576K,  94% used [0x00007f2badb50000, 0x00007f2c92ed8048, 0x00007f2c92ed8200, 0x00007f2ca05b6000)
 Metaspace       used 31291K, capacity 31726K, committed 32000K, reserved 32768K
}
Event: 209.586 GC heap before
{Heap before GC invocations=267 (full 34):
 def new generation   total 1789056K, used 1722525K [0x00007f2658600000, 0x00007f26d1b40000, 0x00007f2badb50000)
  eden space 1590272K, 100% used [0x00007f2658600000, 0x00007f26b9700000, 0x00007f26b9700000)
  from space 198784K,  66% used [0x00007f26c5920000, 0x00007f26cda47598, 0x00007f26d1b40000)
  to   space 198784K,   0% used [0x00007f26b9700000, 0x00007f26b9700000, 0x00007f26c5920000)
 tenured generation   total 3975576K, used 3755552K [0x00007f2badb50000, 0x00007f2ca05b6000, 0x00007f3658600000)
   the space 3975576K,  94% used [0x00007f2badb50000, 0x00007f2c92ed8048, 0x00007f2c92ed8200, 0x00007f2ca05b6000)
 Metaspace       used 31291K, capacity 31726K, committed 32000K, reserved 32768K
}
Event: 210.034 GC heap after
{Heap after GC invocations=268 (full 34):
 def new generation   total 1789056K, used 129185K [0x00007f2658600000, 0x00007f26d1b40000, 0x00007f2badb50000)
  eden space 1590272K,   0% used [0x00007f2658600000, 0x00007f2658600000, 0x00007f26b9700000)
  from space 198784K,  64% used [0x00007f26b9700000, 0x00007f26c15284c0, 0x00007f26c5920000)
  to   space 198784K,   0% used [0x00007f26c5920000, 0x00007f26c5920000, 0x00007f26d1b40000)
 tenured generation   total 3975576K, used 3887804K [0x00007f2badb50000, 0x00007f2ca05b6000, 0x00007f3658600000)
   the space 3975576K,  97% used [0x00007f2badb50000, 0x00007f2c9afff270, 0x00007f2c9afff400, 0x00007f2ca05b6000)
 Metaspace       used 31291K, capacity 31726K, committed 32000K, reserved 32768K
}
Event: 210.436 GC heap before
{Heap before GC invocations=268 (full 34):
 def new generation   total 1789056K, used 1719457K [0x00007f2658600000, 0x00007f26d1b40000, 0x00007f2badb50000)
  eden space 1590272K, 100% used [0x00007f2658600000, 0x00007f26b9700000, 0x00007f26b9700000)
  from space 198784K,  64% used [0x00007f26b9700000, 0x00007f26c15284c0, 0x00007f26c5920000)
  to   space 198784K,   0% used [0x00007f26c5920000, 0x00007f26c5920000, 0x00007f26d1b40000)
 tenured generation   total 3975576K, used 3887804K [0x00007f2badb50000, 0x00007f2ca05b6000, 0x00007f3658600000)
   the space 3975576K,  97% used [0x00007f2badb50000, 0x00007f2c9afff270, 0x00007f2c9afff400, 0x00007f2ca05b6000)
 Metaspace       used 31291K, capacity 31726K, committed 32000K, reserved 32768K
}
Event: 210.890 GC heap after
{Heap after GC invocations=269 (full 34):
 def new generation   total 1789056K, used 127619K [0x00007f2658600000, 0x00007f26d1b40000, 0x00007f2badb50000)
  eden space 1590272K,   0% used [0x00007f2658600000, 0x00007f2658600000, 0x00007f26b9700000)
  from space 198784K,  64% used [0x00007f26c5920000, 0x00007f26cd5c0f90, 0x00007f26d1b40000)
  to   space 198784K,   0% used [0x00007f26b9700000, 0x00007f26b9700000, 0x00007f26c5920000)
 tenured generation   total 4017048K, used 4016989K [0x00007f2badb50000, 0x00007f2ca2e36000, 0x00007f3658600000)
   the space 4017048K,  99% used [0x00007f2badb50000, 0x00007f2ca2e27510, 0x00007f2ca2e27600, 0x00007f2ca2e36000)
 Metaspace       used 31291K, capacity 31726K, committed 32000K, reserved 32768K
}
Event: 210.890 GC heap before
{Heap before GC invocations=269 (full 34):
 def new generation   total 1789056K, used 127619K [0x00007f2658600000, 0x00007f26d1b40000, 0x00007f2badb50000)
  eden space 1590272K,   0% used [0x00007f2658600000, 0x00007f2658600000, 0x00007f26b9700000)
  from space 198784K,  64% used [0x00007f26c5920000, 0x00007f26cd5c0f90, 0x00007f26d1b40000)
  to   space 198784K,   0% used [0x00007f26b9700000, 0x00007f26b9700000, 0x00007f26c5920000)
 tenured generation   total 4017048K, used 4016989K [0x00007f2badb50000, 0x00007f2ca2e36000, 0x00007f3658600000)
   the space 4017048K,  99% used [0x00007f2badb50000, 0x00007f2ca2e27510, 0x00007f2ca2e27600, 0x00007f2ca2e36000)
 Metaspace       used 31291K, capacity 31726K, committed 32000K, reserved 32768K
}

