# JRE version: OpenJDK Runtime Environment (13.0.7+5) (build 13.0.7+5-Ubuntu-0ubuntu120.04)
# Java VM: OpenJDK 64-Bit Server VM (13.0.7+5-Ubuntu-0ubuntu120.04, mixed mode, tiered, serial gc, linux-amd64)
Heap:
 def new generation   total 6300864K, used 0K [0x00007f72e8600000, 0x00007f7493ad0000, 0x00007f783db50000)
  eden space 5600832K,   0% used [0x00007f72e8600000, 0x00007f72e8600000, 0x00007f743e390000)
  from space 700032K,   0% used [0x00007f743e390000, 0x00007f743e390000, 0x00007f7468f30000)
  to   space 700032K,   0% used [0x00007f7468f30000, 0x00007f7468f30000, 0x00007f7493ad0000)
 tenured generation   total 14001724K, used 8401034K [0x00007f783db50000, 0x00007f7b944df000, 0x00007f82e8600000)
   the space 14001724K,  59% used [0x00007f783db50000, 0x00007f7a3e772950, 0x00007f7a3e772a00, 0x00007f7b944df000)
 Metaspace       used 31648K, capacity 32144K, committed 32256K, reserved 32768K
GC Heap History (20 events):
Event: 392.027 GC heap before
{Heap before GC invocations=1270 (full 121):
 def new generation   total 629248K, used 620825K [0x00007f72e8600000, 0x00007f73130c0000, 0x00007f783db50000)
  eden space 559360K, 100% used [0x00007f72e8600000, 0x00007f730a840000, 0x00007f730a840000)
  from space 69888K,  87% used [0x00007f730ec80000, 0x00007f7312886400, 0x00007f73130c0000)
  to   space 69888K,   0% used [0x00007f730a840000, 0x00007f730a840000, 0x00007f730ec80000)
 tenured generation   total 1398144K, used 604601K [0x00007f783db50000, 0x00007f78930b0000, 0x00007f82e8600000)
   the space 1398144K,  43% used [0x00007f783db50000, 0x00007f78629be660, 0x00007f78629be800, 0x00007f78930b0000)
 Metaspace       used 31648K, capacity 32144K, committed 32256K, reserved 32768K
}
Event: 392.033 GC heap after
{Heap after GC invocations=1271 (full 121):
 def new generation   total 629248K, used 674K [0x00007f72e8600000, 0x00007f73130c0000, 0x00007f783db50000)
  eden space 559360K,   0% used [0x00007f72e8600000, 0x00007f72e8600000, 0x00007f730a840000)
  from space 69888K,   0% used [0x00007f730a840000, 0x00007f730a8e89b0, 0x00007f730ec80000)
  to   space 69888K,   0% used [0x00007f730ec80000, 0x00007f730ec80000, 0x00007f73130c0000)
 tenured generation   total 1398144K, used 666062K [0x00007f783db50000, 0x00007f78930b0000, 0x00007f82e8600000)
   the space 1398144K,  47% used [0x00007f783db50000, 0x00007f78665c3b20, 0x00007f78665c3c00, 0x00007f78930b0000)
 Metaspace       used 31648K, capacity 32144K, committed 32256K, reserved 32768K
}
Event: 392.243 GC heap before
{Heap before GC invocations=1271 (full 121):
 def new generation   total 629248K, used 560034K [0x00007f72e8600000, 0x00007f73130c0000, 0x00007f783db50000)
  eden space 559360K, 100% used [0x00007f72e8600000, 0x00007f730a840000, 0x00007f730a840000)
  from space 69888K,   0% used [0x00007f730a840000, 0x00007f730a8e89b0, 0x00007f730ec80000)
  to   space 69888K,   0% used [0x00007f730ec80000, 0x00007f730ec80000, 0x00007f73130c0000)
 tenured generation   total 1398144K, used 666062K [0x00007f783db50000, 0x00007f78930b0000, 0x00007f82e8600000)
   the space 1398144K,  47% used [0x00007f783db50000, 0x00007f78665c3b20, 0x00007f78665c3c00, 0x00007f78930b0000)
 Metaspace       used 31648K, capacity 32144K, committed 32256K, reserved 32768K
}
Event: 392.244 GC heap after
{Heap after GC invocations=1272 (full 121):
 def new generation   total 629248K, used 691K [0x00007f72e8600000, 0x00007f73130c0000, 0x00007f783db50000)
  eden space 559360K,   0% used [0x00007f72e8600000, 0x00007f72e8600000, 0x00007f730a840000)
  from space 69888K,   0% used [0x00007f730ec80000, 0x00007f730ed2ce30, 0x00007f73130c0000)
  to   space 69888K,   0% used [0x00007f730a840000, 0x00007f730a840000, 0x00007f730ec80000)
 tenured generation   total 1398144K, used 666062K [0x00007f783db50000, 0x00007f78930b0000, 0x00007f82e8600000)
   the space 1398144K,  47% used [0x00007f783db50000, 0x00007f78665c3b20, 0x00007f78665c3c00, 0x00007f78930b0000)
 Metaspace       used 31648K, capacity 32144K, committed 32256K, reserved 32768K
}
Event: 392.561 GC heap before
{Heap before GC invocations=1272 (full 121):
 def new generation   total 629248K, used 512461K [0x00007f72e8600000, 0x00007f73130c0000, 0x00007f783db50000)
  eden space 559360K,  91% used [0x00007f72e8600000, 0x00007f73079c6948, 0x00007f730a840000)
  from space 69888K,   0% used [0x00007f730ec80000, 0x00007f730ed2ce30, 0x00007f73130c0000)
  to   space 69888K,   0% used [0x00007f730a840000, 0x00007f730a840000, 0x00007f730ec80000)
 tenured generation   total 1398144K, used 666062K [0x00007f783db50000, 0x00007f78930b0000, 0x00007f82e8600000)
   the space 1398144K,  47% used [0x00007f783db50000, 0x00007f78665c3b20, 0x00007f78665c3c00, 0x00007f78930b0000)
 Metaspace       used 31648K, capacity 32144K, committed 32256K, reserved 32768K
}
Event: 392.562 GC heap after
{Heap after GC invocations=1273 (full 121):
 def new generation   total 629248K, used 2026K [0x00007f72e8600000, 0x00007f73130c0000, 0x00007f783db50000)
  eden space 559360K,   0% used [0x00007f72e8600000, 0x00007f72e8600000, 0x00007f730a840000)
  from space 69888K,   2% used [0x00007f730a840000, 0x00007f730aa3ab98, 0x00007f730ec80000)
  to   space 69888K,   0% used [0x00007f730ec80000, 0x00007f730ec80000, 0x00007f73130c0000)
 tenured generation   total 1398144K, used 666062K [0x00007f783db50000, 0x00007f78930b0000, 0x00007f82e8600000)
   the space 1398144K,  47% used [0x00007f783db50000, 0x00007f78665c3b20, 0x00007f78665c3c00, 0x00007f78930b0000)
 Metaspace       used 31648K, capacity 32144K, committed 32256K, reserved 32768K
}
Event: 392.741 GC heap before
{Heap before GC invocations=1273 (full 121):
 def new generation   total 629248K, used 537372K [0x00007f72e8600000, 0x00007f73130c0000, 0x00007f783db50000)
  eden space 559360K,  95% used [0x00007f72e8600000, 0x00007f73090cc7d0, 0x00007f730a840000)
  from space 69888K,   2% used [0x00007f730a840000, 0x00007f730aa3ab98, 0x00007f730ec80000)
  to   space 69888K,   0% used [0x00007f730ec80000, 0x00007f730ec80000, 0x00007f73130c0000)
 tenured generation   total 1398144K, used 666062K [0x00007f783db50000, 0x00007f78930b0000, 0x00007f82e8600000)
   the space 1398144K,  47% used [0x00007f783db50000, 0x00007f78665c3b20, 0x00007f78665c3c00, 0x00007f78930b0000)
 Metaspace       used 31648K, capacity 32144K, committed 32256K, reserved 32768K
}
Event: 392.782 GC heap after
{Heap after GC invocations=1274 (full 121):
 def new generation   total 629248K, used 1002K [0x00007f72e8600000, 0x00007f73130c0000, 0x00007f783db50000)
  eden space 559360K,   0% used [0x00007f72e8600000, 0x00007f72e8600000, 0x00007f730a840000)
  from space 69888K,   1% used [0x00007f730ec80000, 0x00007f730ed7ab18, 0x00007f73130c0000)
  to   space 69888K,   0% used [0x00007f730a840000, 0x00007f730a840000, 0x00007f730ec80000)
 tenured generation   total 1398144K, used 1190350K [0x00007f783db50000, 0x00007f78930b0000, 0x00007f82e8600000)
   the space 1398144K,  85% used [0x00007f783db50000, 0x00007f78865c3b50, 0x00007f78865c3c00, 0x00007f78930b0000)
 Metaspace       used 31648K, capacity 32144K, committed 32256K, reserved 32768K
}
Event: 392.782 GC heap before
{Heap before GC invocations=1274 (full 121):
 def new generation   total 629248K, used 1002K [0x00007f72e8600000, 0x00007f73130c0000, 0x00007f783db50000)
  eden space 559360K,   0% used [0x00007f72e8600000, 0x00007f72e8600000, 0x00007f730a840000)
  from space 69888K,   1% used [0x00007f730ec80000, 0x00007f730ed7ab18, 0x00007f73130c0000)
  to   space 69888K,   0% used [0x00007f730a840000, 0x00007f730a840000, 0x00007f730ec80000)
 tenured generation   total 1398144K, used 1190350K [0x00007f783db50000, 0x00007f78930b0000, 0x00007f82e8600000)
   the space 1398144K,  85% used [0x00007f783db50000, 0x00007f78865c3b50, 0x00007f78865c3c00, 0x00007f78930b0000)
 Metaspace       used 31648K, capacity 32144K, committed 32256K, reserved 32768K
}
Event: 392.844 GC heap after
{Heap after GC invocations=1274 (full 122):
 def new generation   total 629248K, used 0K [0x00007f72e8600000, 0x00007f73130c0000, 0x00007f783db50000)
  eden space 559360K,   0% used [0x00007f72e8600000, 0x00007f72e8600000, 0x00007f730a840000)
  from space 69888K,   0% used [0x00007f730ec80000, 0x00007f730ec80000, 0x00007f73130c0000)
  to   space 69888K,   0% used [0x00007f730a840000, 0x00007f730a840000, 0x00007f730ec80000)
 tenured generation   total 1398144K, used 536734K [0x00007f783db50000, 0x00007f78930b0000, 0x00007f82e8600000)
   the space 1398144K,  38% used [0x00007f783db50000, 0x00007f785e777b78, 0x00007f785e777c00, 0x00007f78930b0000)
 Metaspace       used 31648K, capacity 32144K, committed 32256K, reserved 32768K
}
Event: 393.783 GC heap before
{Heap before GC invocations=1274 (full 122):
 def new generation   total 629248K, used 535342K [0x00007f72e8600000, 0x00007f73130c0000, 0x00007f783db50000)
  eden space 559360K,  95% used [0x00007f72e8600000, 0x00007f73090cba18, 0x00007f730a840000)
  from space 69888K,   0% used [0x00007f730ec80000, 0x00007f730ec80000, 0x00007f73130c0000)
  to   space 69888K,   0% used [0x00007f730a840000, 0x00007f730a840000, 0x00007f730ec80000)
 tenured generation   total 2446724K, used 1585310K [0x00007f783db50000, 0x00007f78d30b1000, 0x00007f82e8600000)
   the space 2446724K,  64% used [0x00007f783db50000, 0x00007f789e777b90, 0x00007f789e777c00, 0x00007f78d30b1000)
 Metaspace       used 31648K, capacity 32144K, committed 32256K, reserved 32768K
}
Event: 393.861 GC heap after
{Heap after GC invocations=1275 (full 122):
 def new generation   total 629248K, used 0K [0x00007f72e8600000, 0x00007f73130c0000, 0x00007f783db50000)
  eden space 559360K,   0% used [0x00007f72e8600000, 0x00007f72e8600000, 0x00007f730a840000)
  from space 69888K,   0% used [0x00007f730a840000, 0x00007f730a840168, 0x00007f730ec80000)
  to   space 69888K,   0% used [0x00007f730ec80000, 0x00007f730ec80000, 0x00007f73130c0000)
 tenured generation   total 2446724K, used 2109598K [0x00007f783db50000, 0x00007f78d30b1000, 0x00007f82e8600000)
   the space 2446724K,  86% used [0x00007f783db50000, 0x00007f78be777ba8, 0x00007f78be777c00, 0x00007f78d30b1000)
 Metaspace       used 31648K, capacity 32144K, committed 32256K, reserved 32768K
}
Event: 393.922 GC heap before
{Heap before GC invocations=1275 (full 122):
 def new generation   total 629248K, used 535389K [0x00007f72e8600000, 0x00007f73130c0000, 0x00007f783db50000)
  eden space 559360K,  95% used [0x00007f72e8600000, 0x00007f73090d7408, 0x00007f730a840000)
  from space 69888K,   0% used [0x00007f730a840000, 0x00007f730a840168, 0x00007f730ec80000)
  to   space 69888K,   0% used [0x00007f730ec80000, 0x00007f730ec80000, 0x00007f73130c0000)
 tenured generation   total 2446724K, used 2109598K [0x00007f783db50000, 0x00007f78d30b1000, 0x00007f82e8600000)
   the space 2446724K,  86% used [0x00007f783db50000, 0x00007f78be777ba8, 0x00007f78be777c00, 0x00007f78d30b1000)
 Metaspace       used 31648K, capacity 32144K, committed 32256K, reserved 32768K
}
Event: 393.998 GC heap after
{Heap after GC invocations=1276 (full 122):
 def new generation   total 629248K, used 0K [0x00007f72e8600000, 0x00007f73130c0000, 0x00007f783db50000)
  eden space 559360K,   0% used [0x00007f72e8600000, 0x00007f72e8600000, 0x00007f730a840000)
  from space 69888K,   0% used [0x00007f730ec80000, 0x00007f730ec803b0, 0x00007f73130c0000)
  to   space 69888K,   0% used [0x00007f730a840000, 0x00007f730a840000, 0x00007f730ec80000)
 tenured generation   total 2971016K, used 2633886K [0x00007f783db50000, 0x00007f78f30b2000, 0x00007f82e8600000)
   the space 2971016K,  88% used [0x00007f783db50000, 0x00007f78de777bc0, 0x00007f78de777c00, 0x00007f78f30b2000)
 Metaspace       used 31648K, capacity 32144K, committed 32256K, reserved 32768K
}
Event: 393.998 GC heap before
{Heap before GC invocations=1276 (full 122):
 def new generation   total 629248K, used 0K [0x00007f72e8600000, 0x00007f73130c0000, 0x00007f783db50000)
  eden space 559360K,   0% used [0x00007f72e8600000, 0x00007f72e8600000, 0x00007f730a840000)
  from space 69888K,   0% used [0x00007f730ec80000, 0x00007f730ec803b0, 0x00007f73130c0000)
  to   space 69888K,   0% used [0x00007f730a840000, 0x00007f730a840000, 0x00007f730ec80000)
 tenured generation   total 2971016K, used 2633886K [0x00007f783db50000, 0x00007f78f30b2000, 0x00007f82e8600000)
   the space 2971016K,  88% used [0x00007f783db50000, 0x00007f78de777bc0, 0x00007f78de777c00, 0x00007f78f30b2000)
 Metaspace       used 31648K, capacity 32144K, committed 32256K, reserved 32768K
}
Event: 394.097 GC heap after
{Heap after GC invocations=1276 (full 123):
 def new generation   total 1101120K, used 0K [0x00007f72e8600000, 0x00007f73330c0000, 0x00007f783db50000)
  eden space 978816K,   0% used [0x00007f72e8600000, 0x00007f72e8600000, 0x00007f73241e0000)
  from space 122304K,   0% used [0x00007f73241e0000, 0x00007f73241e0000, 0x00007f732b950000)
  to   space 122304K,   0% used [0x00007f732b950000, 0x00007f732b950000, 0x00007f73330c0000)
 tenured generation   total 2446724K, used 1061022K [0x00007f783db50000, 0x00007f78d30b1000, 0x00007f82e8600000)
   the space 2446724K,  43% used [0x00007f783db50000, 0x00007f787e777b00, 0x00007f787e777c00, 0x00007f78d30b1000)
 Metaspace       used 31648K, capacity 32144K, committed 32256K, reserved 32768K
}
Event: 398.840 GC heap before
{Heap before GC invocations=1276 (full 123):
 def new generation   total 1101120K, used 19336K [0x00007f72e8600000, 0x00007f73330c0000, 0x00007f783db50000)
  eden space 978816K,   1% used [0x00007f72e8600000, 0x00007f72e98e20a0, 0x00007f73241e0000)
  from space 122304K,   0% used [0x00007f73241e0000, 0x00007f73241e0000, 0x00007f732b950000)
  to   space 122304K,   0% used [0x00007f732b950000, 0x00007f732b950000, 0x00007f73330c0000)
 tenured generation   total 10835336K, used 9449630K [0x00007f783db50000, 0x00007f7ad30b2000, 0x00007f82e8600000)
   the space 10835336K,  87% used [0x00007f783db50000, 0x00007f7a7e777b18, 0x00007f7a7e777c00, 0x00007f7ad30b2000)
 Metaspace       used 31648K, capacity 32144K, committed 32256K, reserved 32768K
}
Event: 398.843 GC heap after
{Heap after GC invocations=1277 (full 123):
 def new generation   total 1101120K, used 0K [0x00007f72e8600000, 0x00007f73330c0000, 0x00007f783db50000)
  eden space 978816K,   0% used [0x00007f72e8600000, 0x00007f72e8600000, 0x00007f73241e0000)
  from space 122304K,   0% used [0x00007f732b950000, 0x00007f732b9500e8, 0x00007f73330c0000)
  to   space 122304K,   0% used [0x00007f73241e0000, 0x00007f73241e0000, 0x00007f732b950000)
 tenured generation   total 10835336K, used 9449630K [0x00007f783db50000, 0x00007f7ad30b2000, 0x00007f82e8600000)
   the space 10835336K,  87% used [0x00007f783db50000, 0x00007f7a7e777b18, 0x00007f7a7e777c00, 0x00007f7ad30b2000)
 Metaspace       used 31648K, capacity 32144K, committed 32256K, reserved 32768K
}
Event: 398.843 GC heap before
{Heap before GC invocations=1277 (full 123):
 def new generation   total 1101120K, used 0K [0x00007f72e8600000, 0x00007f73330c0000, 0x00007f783db50000)
  eden space 978816K,   0% used [0x00007f72e8600000, 0x00007f72e8600000, 0x00007f73241e0000)
  from space 122304K,   0% used [0x00007f732b950000, 0x00007f732b9500e8, 0x00007f73330c0000)
  to   space 122304K,   0% used [0x00007f73241e0000, 0x00007f73241e0000, 0x00007f732b950000)
 tenured generation   total 10835336K, used 9449630K [0x00007f783db50000, 0x00007f7ad30b2000, 0x00007f82e8600000)
   the space 10835336K,  87% used [0x00007f783db50000, 0x00007f7a7e777b18, 0x00007f7a7e777c00, 0x00007f7ad30b2000)
 Metaspace       used 31648K, capacity 32144K, committed 32256K, reserved 32768K
}
Event: 399.952 GC heap after
{Heap after GC invocations=1277 (full 124):
 def new generation   total 6300864K, used 0K [0x00007f72e8600000, 0x00007f7493ad0000, 0x00007f783db50000)
  eden space 5600832K,   0% used [0x00007f72e8600000, 0x00007f72e8600000, 0x00007f743e390000)
  from space 700032K,   0% used [0x00007f743e390000, 0x00007f743e390000, 0x00007f7468f30000)
  to   space 700032K,   0% used [0x00007f7468f30000, 0x00007f7468f30000, 0x00007f7493ad0000)
 tenured generation   total 14001724K, used 8401034K [0x00007f783db50000, 0x00007f7b944df000, 0x00007f82e8600000)
   the space 14001724K,  59% used [0x00007f783db50000, 0x00007f7a3e772950, 0x00007f7a3e772a00, 0x00007f7b944df000)
 Metaspace       used 31648K, capacity 32144K, committed 32256K, reserved 32768K
}

