# JRE version: OpenJDK Runtime Environment (13.0.7+5) (build 13.0.7+5-Ubuntu-0ubuntu120.04)
# Java VM: OpenJDK 64-Bit Server VM (13.0.7+5-Ubuntu-0ubuntu120.04, mixed mode, tiered, serial gc, linux-amd64)
Heap:
 def new generation   total 3153024K, used 0K [0x00007f270c600000, 0x00007f27e2330000, 0x00007f2c61b50000)
  eden space 2802752K,   0% used [0x00007f270c600000, 0x00007f270c600000, 0x00007f27b7710000)
  from space 350272K,   0% used [0x00007f27b7710000, 0x00007f27b7710000, 0x00007f27ccd20000)
  to   space 350272K,   0% used [0x00007f27ccd20000, 0x00007f27ccd20000, 0x00007f27e2330000)
 tenured generation   total 7006520K, used 4203909K [0x00007f2c61b50000, 0x00007f2e0d59e000, 0x00007f370c600000)
   the space 7006520K,  59% used [0x00007f2c61b50000, 0x00007f2d624b16d8, 0x00007f2d624b1800, 0x00007f2e0d59e000)
 Metaspace       used 23289K, capacity 23683K, committed 23808K, reserved 24576K
GC Heap History (20 events):
Event: 3.674 GC heap before
{Heap before GC invocations=1 (full 1):
 def new generation   total 629248K, used 559360K [0x00007f270c600000, 0x00007f27370c0000, 0x00007f2c61b50000)
  eden space 559360K, 100% used [0x00007f270c600000, 0x00007f272e840000, 0x00007f272e840000)
  from space 69888K,   0% used [0x00007f272e840000, 0x00007f272e840000, 0x00007f2732c80000)
  to   space 69888K,   0% used [0x00007f2732c80000, 0x00007f2732c80000, 0x00007f27370c0000)
 tenured generation   total 1398144K, used 13609K [0x00007f2c61b50000, 0x00007f2cb70b0000, 0x00007f370c600000)
   the space 1398144K,   0% used [0x00007f2c61b50000, 0x00007f2c6289a420, 0x00007f2c6289a600, 0x00007f2cb70b0000)
 Metaspace       used 23060K, capacity 23399K, committed 23552K, reserved 24576K
}
Event: 3.679 GC heap after
{Heap after GC invocations=2 (full 1):
 def new generation   total 629248K, used 709K [0x00007f270c600000, 0x00007f27370c0000, 0x00007f2c61b50000)
  eden space 559360K,   0% used [0x00007f270c600000, 0x00007f270c600000, 0x00007f272e840000)
  from space 69888K,   1% used [0x00007f2732c80000, 0x00007f2732d317a8, 0x00007f27370c0000)
  to   space 69888K,   0% used [0x00007f272e840000, 0x00007f272e840000, 0x00007f2732c80000)
 tenured generation   total 1398144K, used 13609K [0x00007f2c61b50000, 0x00007f2cb70b0000, 0x00007f370c600000)
   the space 1398144K,   0% used [0x00007f2c61b50000, 0x00007f2c6289a420, 0x00007f2c6289a600, 0x00007f2cb70b0000)
 Metaspace       used 23060K, capacity 23399K, committed 23552K, reserved 24576K
}
Event: 4.522 GC heap before
{Heap before GC invocations=2 (full 1):
 def new generation   total 629248K, used 560069K [0x00007f270c600000, 0x00007f27370c0000, 0x00007f2c61b50000)
  eden space 559360K, 100% used [0x00007f270c600000, 0x00007f272e840000, 0x00007f272e840000)
  from space 69888K,   1% used [0x00007f2732c80000, 0x00007f2732d317a8, 0x00007f27370c0000)
  to   space 69888K,   0% used [0x00007f272e840000, 0x00007f272e840000, 0x00007f2732c80000)
 tenured generation   total 1398144K, used 13609K [0x00007f2c61b50000, 0x00007f2cb70b0000, 0x00007f370c600000)
   the space 1398144K,   0% used [0x00007f2c61b50000, 0x00007f2c6289a420, 0x00007f2c6289a600, 0x00007f2cb70b0000)
 Metaspace       used 23071K, capacity 23464K, committed 23552K, reserved 24576K
}
Event: 4.524 GC heap after
{Heap after GC invocations=3 (full 1):
 def new generation   total 629248K, used 996K [0x00007f270c600000, 0x00007f27370c0000, 0x00007f2c61b50000)
  eden space 559360K,   0% used [0x00007f270c600000, 0x00007f270c600000, 0x00007f272e840000)
  from space 69888K,   1% used [0x00007f272e840000, 0x00007f272e939138, 0x00007f2732c80000)
  to   space 69888K,   0% used [0x00007f2732c80000, 0x00007f2732c80000, 0x00007f27370c0000)
 tenured generation   total 1398144K, used 13609K [0x00007f2c61b50000, 0x00007f2cb70b0000, 0x00007f370c600000)
   the space 1398144K,   0% used [0x00007f2c61b50000, 0x00007f2c6289a420, 0x00007f2c6289a600, 0x00007f2cb70b0000)
 Metaspace       used 23071K, capacity 23464K, committed 23552K, reserved 24576K
}
Event: 4.880 GC heap before
{Heap before GC invocations=3 (full 1):
 def new generation   total 629248K, used 126255K [0x00007f270c600000, 0x00007f27370c0000, 0x00007f2c61b50000)
  eden space 559360K,  22% used [0x00007f270c600000, 0x00007f2714052d00, 0x00007f272e840000)
  from space 69888K,   1% used [0x00007f272e840000, 0x00007f272e939138, 0x00007f2732c80000)
  to   space 69888K,   0% used [0x00007f2732c80000, 0x00007f2732c80000, 0x00007f27370c0000)
 tenured generation   total 1398144K, used 13609K [0x00007f2c61b50000, 0x00007f2cb70b0000, 0x00007f370c600000)
   the space 1398144K,   0% used [0x00007f2c61b50000, 0x00007f2c6289a420, 0x00007f2c6289a600, 0x00007f2cb70b0000)
 Metaspace       used 23223K, capacity 23604K, committed 23808K, reserved 24576K
}
Event: 4.884 GC heap after
{Heap after GC invocations=4 (full 1):
 def new generation   total 629248K, used 1121K [0x00007f270c600000, 0x00007f27370c0000, 0x00007f2c61b50000)
  eden space 559360K,   0% used [0x00007f270c600000, 0x00007f270c600000, 0x00007f272e840000)
  from space 69888K,   1% used [0x00007f2732c80000, 0x00007f2732d984e8, 0x00007f27370c0000)
  to   space 69888K,   0% used [0x00007f272e840000, 0x00007f272e840000, 0x00007f2732c80000)
 tenured generation   total 1398144K, used 13609K [0x00007f2c61b50000, 0x00007f2cb70b0000, 0x00007f370c600000)
   the space 1398144K,   0% used [0x00007f2c61b50000, 0x00007f2c6289a420, 0x00007f2c6289a600, 0x00007f2cb70b0000)
 Metaspace       used 23223K, capacity 23604K, committed 23808K, reserved 24576K
}
Event: 4.884 GC heap before
{Heap before GC invocations=4 (full 1):
 def new generation   total 629248K, used 1121K [0x00007f270c600000, 0x00007f27370c0000, 0x00007f2c61b50000)
  eden space 559360K,   0% used [0x00007f270c600000, 0x00007f270c600000, 0x00007f272e840000)
  from space 69888K,   1% used [0x00007f2732c80000, 0x00007f2732d984e8, 0x00007f27370c0000)
  to   space 69888K,   0% used [0x00007f272e840000, 0x00007f272e840000, 0x00007f2732c80000)
 tenured generation   total 1398144K, used 13609K [0x00007f2c61b50000, 0x00007f2cb70b0000, 0x00007f370c600000)
   the space 1398144K,   0% used [0x00007f2c61b50000, 0x00007f2c6289a420, 0x00007f2c6289a600, 0x00007f2cb70b0000)
 Metaspace       used 23223K, capacity 23604K, committed 23808K, reserved 24576K
}
Event: 4.939 GC heap after
{Heap after GC invocations=4 (full 2):
 def new generation   total 629248K, used 0K [0x00007f270c600000, 0x00007f27370c0000, 0x00007f2c61b50000)
  eden space 559360K,   0% used [0x00007f270c600000, 0x00007f270c600000, 0x00007f272e840000)
  from space 69888K,   0% used [0x00007f2732c80000, 0x00007f2732c80000, 0x00007f27370c0000)
  to   space 69888K,   0% used [0x00007f272e840000, 0x00007f272e840000, 0x00007f2732c80000)
 tenured generation   total 1398144K, used 14721K [0x00007f2c61b50000, 0x00007f2cb70b0000, 0x00007f370c600000)
   the space 1398144K,   1% used [0x00007f2c61b50000, 0x00007f2c629b0428, 0x00007f2c629b0600, 0x00007f2cb70b0000)
 Metaspace       used 23223K, capacity 23604K, committed 23808K, reserved 24576K
}
Event: 9.657 GC heap before
{Heap before GC invocations=4 (full 2):
 def new generation   total 629248K, used 559360K [0x00007f270c600000, 0x00007f27370c0000, 0x00007f2c61b50000)
  eden space 559360K, 100% used [0x00007f270c600000, 0x00007f272e840000, 0x00007f272e840000)
  from space 69888K,   0% used [0x00007f2732c80000, 0x00007f2732c80000, 0x00007f27370c0000)
  to   space 69888K,   0% used [0x00007f272e840000, 0x00007f272e840000, 0x00007f2732c80000)
 tenured generation   total 5592452K, used 4209025K [0x00007f2c61b50000, 0x00007f2db70b1000, 0x00007f370c600000)
   the space 5592452K,  75% used [0x00007f2c61b50000, 0x00007f2d629b0440, 0x00007f2d629b0600, 0x00007f2db70b1000)
 Metaspace       used 23269K, capacity 23613K, committed 23808K, reserved 24576K
}
Event: 9.665 GC heap after
{Heap after GC invocations=5 (full 2):
 def new generation   total 629248K, used 376K [0x00007f270c600000, 0x00007f27370c0000, 0x00007f2c61b50000)
  eden space 559360K,   0% used [0x00007f270c600000, 0x00007f270c600000, 0x00007f272e840000)
  from space 69888K,   0% used [0x00007f272e840000, 0x00007f272e89e058, 0x00007f2732c80000)
  to   space 69888K,   0% used [0x00007f2732c80000, 0x00007f2732c80000, 0x00007f27370c0000)
 tenured generation   total 5592452K, used 4209025K [0x00007f2c61b50000, 0x00007f2db70b1000, 0x00007f370c600000)
   the space 5592452K,  75% used [0x00007f2c61b50000, 0x00007f2d629b0440, 0x00007f2d629b0600, 0x00007f2db70b1000)
 Metaspace       used 23269K, capacity 23613K, committed 23808K, reserved 24576K
}
Event: 10.780 GC heap before
{Heap before GC invocations=5 (full 2):
 def new generation   total 629248K, used 559736K [0x00007f270c600000, 0x00007f27370c0000, 0x00007f2c61b50000)
  eden space 559360K, 100% used [0x00007f270c600000, 0x00007f272e840000, 0x00007f272e840000)
  from space 69888K,   0% used [0x00007f272e840000, 0x00007f272e89e058, 0x00007f2732c80000)
  to   space 69888K,   0% used [0x00007f2732c80000, 0x00007f2732c80000, 0x00007f27370c0000)
 tenured generation   total 5592452K, used 4209025K [0x00007f2c61b50000, 0x00007f2db70b1000, 0x00007f370c600000)
   the space 5592452K,  75% used [0x00007f2c61b50000, 0x00007f2d629b0440, 0x00007f2d629b0600, 0x00007f2db70b1000)
 Metaspace       used 23269K, capacity 23613K, committed 23808K, reserved 24576K
}
Event: 10.790 GC heap after
{Heap after GC invocations=6 (full 2):
 def new generation   total 629248K, used 592K [0x00007f270c600000, 0x00007f27370c0000, 0x00007f2c61b50000)
  eden space 559360K,   0% used [0x00007f270c600000, 0x00007f270c600000, 0x00007f272e840000)
  from space 69888K,   0% used [0x00007f2732c80000, 0x00007f2732d14120, 0x00007f27370c0000)
  to   space 69888K,   0% used [0x00007f272e840000, 0x00007f272e840000, 0x00007f2732c80000)
 tenured generation   total 5592452K, used 4209025K [0x00007f2c61b50000, 0x00007f2db70b1000, 0x00007f370c600000)
   the space 5592452K,  75% used [0x00007f2c61b50000, 0x00007f2d629b0440, 0x00007f2d629b0600, 0x00007f2db70b1000)
 Metaspace       used 23269K, capacity 23613K, committed 23808K, reserved 24576K
}
Event: 11.467 GC heap before
{Heap before GC invocations=6 (full 2):
 def new generation   total 629248K, used 517114K [0x00007f270c600000, 0x00007f27370c0000, 0x00007f2c61b50000)
  eden space 559360K,  92% used [0x00007f270c600000, 0x00007f272be6a8e0, 0x00007f272e840000)
  from space 69888K,   0% used [0x00007f2732c80000, 0x00007f2732d14120, 0x00007f27370c0000)
  to   space 69888K,   0% used [0x00007f272e840000, 0x00007f272e840000, 0x00007f2732c80000)
 tenured generation   total 5592452K, used 4209025K [0x00007f2c61b50000, 0x00007f2db70b1000, 0x00007f370c600000)
   the space 5592452K,  75% used [0x00007f2c61b50000, 0x00007f2d629b0440, 0x00007f2d629b0600, 0x00007f2db70b1000)
 Metaspace       used 23289K, capacity 23683K, committed 23808K, reserved 24576K
}
Event: 11.489 GC heap after
{Heap after GC invocations=7 (full 2):
 def new generation   total 629248K, used 9114K [0x00007f270c600000, 0x00007f27370c0000, 0x00007f2c61b50000)
  eden space 559360K,   0% used [0x00007f270c600000, 0x00007f270c600000, 0x00007f272e840000)
  from space 69888K,  13% used [0x00007f272e840000, 0x00007f272f126b60, 0x00007f2732c80000)
  to   space 69888K,   0% used [0x00007f2732c80000, 0x00007f2732c80000, 0x00007f27370c0000)
 tenured generation   total 5592452K, used 4209025K [0x00007f2c61b50000, 0x00007f2db70b1000, 0x00007f370c600000)
   the space 5592452K,  75% used [0x00007f2c61b50000, 0x00007f2d629b0440, 0x00007f2d629b0600, 0x00007f2db70b1000)
 Metaspace       used 23289K, capacity 23683K, committed 23808K, reserved 24576K
}
Event: 11.489 GC heap before
{Heap before GC invocations=7 (full 2):
 def new generation   total 629248K, used 9114K [0x00007f270c600000, 0x00007f27370c0000, 0x00007f2c61b50000)
  eden space 559360K,   0% used [0x00007f270c600000, 0x00007f270c600000, 0x00007f272e840000)
  from space 69888K,  13% used [0x00007f272e840000, 0x00007f272f126b60, 0x00007f2732c80000)
  to   space 69888K,   0% used [0x00007f2732c80000, 0x00007f2732c80000, 0x00007f27370c0000)
 tenured generation   total 5592452K, used 4209025K [0x00007f2c61b50000, 0x00007f2db70b1000, 0x00007f370c600000)
   the space 5592452K,  75% used [0x00007f2c61b50000, 0x00007f2d629b0440, 0x00007f2d629b0600, 0x00007f2db70b1000)
 Metaspace       used 23289K, capacity 23683K, committed 23808K, reserved 24576K
}
Event: 11.553 GC heap after
{Heap after GC invocations=7 (full 3):
 def new generation   total 2516672K, used 0K [0x00007f270c600000, 0x00007f27b70c0000, 0x00007f2c61b50000)
  eden space 2237056K,   0% used [0x00007f270c600000, 0x00007f270c600000, 0x00007f2794ea0000)
  from space 279616K,   0% used [0x00007f2794ea0000, 0x00007f2794ea0000, 0x00007f27a5fb0000)
  to   space 279616K,   0% used [0x00007f27a5fb0000, 0x00007f27a5fb0000, 0x00007f27b70c0000)
 tenured generation   total 5592452K, used 23835K [0x00007f2c61b50000, 0x00007f2db70b1000, 0x00007f370c600000)
   the space 5592452K,   0% used [0x00007f2c61b50000, 0x00007f2c63296f88, 0x00007f2c63297000, 0x00007f2db70b1000)
 Metaspace       used 23289K, capacity 23683K, committed 23808K, reserved 24576K
}
Event: 16.627 GC heap before
{Heap before GC invocations=7 (full 3):
 def new generation   total 2516672K, used 44189K [0x00007f270c600000, 0x00007f27b70c0000, 0x00007f2c61b50000)
  eden space 2237056K,   1% used [0x00007f270c600000, 0x00007f270f1277f8, 0x00007f2794ea0000)
  from space 279616K,   0% used [0x00007f2794ea0000, 0x00007f2794ea0000, 0x00007f27a5fb0000)
  to   space 279616K,   0% used [0x00007f27a5fb0000, 0x00007f27a5fb0000, 0x00007f27b70c0000)
 tenured generation   total 5592452K, used 4218139K [0x00007f2c61b50000, 0x00007f2db70b1000, 0x00007f370c600000)
   the space 5592452K,  75% used [0x00007f2c61b50000, 0x00007f2d63296fa0, 0x00007f2d63297000, 0x00007f2db70b1000)
 Metaspace       used 23289K, capacity 23683K, committed 23808K, reserved 24576K
}
Event: 16.636 GC heap after
{Heap after GC invocations=8 (full 3):
 def new generation   total 2516672K, used 8K [0x00007f270c600000, 0x00007f27b70c0000, 0x00007f2c61b50000)
  eden space 2237056K,   0% used [0x00007f270c600000, 0x00007f270c600000, 0x00007f2794ea0000)
  from space 279616K,   0% used [0x00007f27a5fb0000, 0x00007f27a5fb2300, 0x00007f27b70c0000)
  to   space 279616K,   0% used [0x00007f2794ea0000, 0x00007f2794ea0000, 0x00007f27a5fb0000)
 tenured generation   total 5592452K, used 4218139K [0x00007f2c61b50000, 0x00007f2db70b1000, 0x00007f370c600000)
   the space 5592452K,  75% used [0x00007f2c61b50000, 0x00007f2d63296fa0, 0x00007f2d63297000, 0x00007f2db70b1000)
 Metaspace       used 23289K, capacity 23683K, committed 23808K, reserved 24576K
}
Event: 16.636 GC heap before
{Heap before GC invocations=8 (full 3):
 def new generation   total 2516672K, used 8K [0x00007f270c600000, 0x00007f27b70c0000, 0x00007f2c61b50000)
  eden space 2237056K,   0% used [0x00007f270c600000, 0x00007f270c600000, 0x00007f2794ea0000)
  from space 279616K,   0% used [0x00007f27a5fb0000, 0x00007f27a5fb2300, 0x00007f27b70c0000)
  to   space 279616K,   0% used [0x00007f2794ea0000, 0x00007f2794ea0000, 0x00007f27a5fb0000)
 tenured generation   total 5592452K, used 4218139K [0x00007f2c61b50000, 0x00007f2db70b1000, 0x00007f370c600000)
   the space 5592452K,  75% used [0x00007f2c61b50000, 0x00007f2d63296fa0, 0x00007f2d63297000, 0x00007f2db70b1000)
 Metaspace       used 23289K, capacity 23683K, committed 23808K, reserved 24576K
}
Event: 18.089 GC heap after
{Heap after GC invocations=8 (full 4):
 def new generation   total 3153024K, used 0K [0x00007f270c600000, 0x00007f27e2330000, 0x00007f2c61b50000)
  eden space 2802752K,   0% used [0x00007f270c600000, 0x00007f270c600000, 0x00007f27b7710000)
  from space 350272K,   0% used [0x00007f27b7710000, 0x00007f27b7710000, 0x00007f27ccd20000)
  to   space 350272K,   0% used [0x00007f27ccd20000, 0x00007f27ccd20000, 0x00007f27e2330000)
 tenured generation   total 7006520K, used 4203909K [0x00007f2c61b50000, 0x00007f2e0d59e000, 0x00007f370c600000)
   the space 7006520K,  59% used [0x00007f2c61b50000, 0x00007f2d624b16d8, 0x00007f2d624b1800, 0x00007f2e0d59e000)
 Metaspace       used 23289K, capacity 23683K, committed 23808K, reserved 24576K
}

