# JRE version: OpenJDK Runtime Environment (13.0.7+5) (build 13.0.7+5-Ubuntu-0ubuntu120.04)
# Java VM: OpenJDK 64-Bit Server VM (13.0.7+5-Ubuntu-0ubuntu120.04, mixed mode, tiered, serial gc, linux-amd64)
Heap:
 def new generation   total 2283264K, used 69090K [0x00007ef530600000, 0x00007ef5cb370000, 0x00007efa85b50000)
  eden space 2029632K,   3% used [0x00007ef530600000, 0x00007ef534978b80, 0x00007ef5ac410000)
  from space 253632K,   0% used [0x00007ef5ac410000, 0x00007ef5ac410000, 0x00007ef5bbbc0000)
  to   space 253632K,   0% used [0x00007ef5bbbc0000, 0x00007ef5bbbc0000, 0x00007ef5cb370000)
 tenured generation   total 5231372K, used 5231372K [0x00007efa85b50000, 0x00007efbc5013000, 0x00007f0530600000)
   the space 5231372K, 100% used [0x00007efa85b50000, 0x00007efbc5013000, 0x00007efbc5013000, 0x00007efbc5013000)
 Metaspace       used 30380K, capacity 30795K, committed 30976K, reserved 32768K
GC Heap History (20 events):
Event: 144.668 GC heap after
{Heap after GC invocations=64 (full 10):
 def new generation   total 2283264K, used 162178K [0x00007ef530600000, 0x00007ef5cb370000, 0x00007efa85b50000)
  eden space 2029632K,   0% used [0x00007ef530600000, 0x00007ef530600000, 0x00007ef5ac410000)
  from space 253632K,  63% used [0x00007ef5bbbc0000, 0x00007ef5c5a208a8, 0x00007ef5cb370000)
  to   space 253632K,   0% used [0x00007ef5ac410000, 0x00007ef5ac410000, 0x00007ef5bbbc0000)
 tenured generation   total 5073740K, used 3775913K [0x00007efa85b50000, 0x00007efbbb623000, 0x00007f0530600000)
   the space 5073740K,  74% used [0x00007efa85b50000, 0x00007efb6c2ba6e8, 0x00007efb6c2ba800, 0x00007efbbb623000)
 Metaspace       used 30380K, capacity 30795K, committed 30976K, reserved 32768K
}
Event: 146.220 GC heap before
{Heap before GC invocations=64 (full 10):
 def new generation   total 2283264K, used 2191810K [0x00007ef530600000, 0x00007ef5cb370000, 0x00007efa85b50000)
  eden space 2029632K, 100% used [0x00007ef530600000, 0x00007ef5ac410000, 0x00007ef5ac410000)
  from space 253632K,  63% used [0x00007ef5bbbc0000, 0x00007ef5c5a208a8, 0x00007ef5cb370000)
  to   space 253632K,   0% used [0x00007ef5ac410000, 0x00007ef5ac410000, 0x00007ef5bbbc0000)
 tenured generation   total 5073740K, used 3775913K [0x00007efa85b50000, 0x00007efbbb623000, 0x00007f0530600000)
   the space 5073740K,  74% used [0x00007efa85b50000, 0x00007efb6c2ba6e8, 0x00007efb6c2ba800, 0x00007efbbb623000)
 Metaspace       used 30380K, capacity 30795K, committed 30976K, reserved 32768K
}
Event: 146.810 GC heap after
{Heap after GC invocations=65 (full 10):
 def new generation   total 2283264K, used 160225K [0x00007ef530600000, 0x00007ef5cb370000, 0x00007efa85b50000)
  eden space 2029632K,   0% used [0x00007ef530600000, 0x00007ef530600000, 0x00007ef5ac410000)
  from space 253632K,  63% used [0x00007ef5ac410000, 0x00007ef5b6088460, 0x00007ef5bbbc0000)
  to   space 253632K,   0% used [0x00007ef5bbbc0000, 0x00007ef5bbbc0000, 0x00007ef5cb370000)
 tenured generation   total 5073740K, used 3938091K [0x00007efa85b50000, 0x00007efbbb623000, 0x00007f0530600000)
   the space 5073740K,  77% used [0x00007efa85b50000, 0x00007efb7611ad80, 0x00007efb7611ae00, 0x00007efbbb623000)
 Metaspace       used 30380K, capacity 30795K, committed 30976K, reserved 32768K
}
Event: 147.376 GC heap before
{Heap before GC invocations=65 (full 10):
 def new generation   total 2283264K, used 2189857K [0x00007ef530600000, 0x00007ef5cb370000, 0x00007efa85b50000)
  eden space 2029632K, 100% used [0x00007ef530600000, 0x00007ef5ac410000, 0x00007ef5ac410000)
  from space 253632K,  63% used [0x00007ef5ac410000, 0x00007ef5b6088460, 0x00007ef5bbbc0000)
  to   space 253632K,   0% used [0x00007ef5bbbc0000, 0x00007ef5bbbc0000, 0x00007ef5cb370000)
 tenured generation   total 5073740K, used 3938091K [0x00007efa85b50000, 0x00007efbbb623000, 0x00007f0530600000)
   the space 5073740K,  77% used [0x00007efa85b50000, 0x00007efb7611ad80, 0x00007efb7611ae00, 0x00007efbbb623000)
 Metaspace       used 30380K, capacity 30795K, committed 30976K, reserved 32768K
}
Event: 147.950 GC heap after
{Heap after GC invocations=66 (full 10):
 def new generation   total 2283264K, used 160299K [0x00007ef530600000, 0x00007ef5cb370000, 0x00007efa85b50000)
  eden space 2029632K,   0% used [0x00007ef530600000, 0x00007ef530600000, 0x00007ef5ac410000)
  from space 253632K,  63% used [0x00007ef5bbbc0000, 0x00007ef5c584ad40, 0x00007ef5cb370000)
  to   space 253632K,   0% used [0x00007ef5ac410000, 0x00007ef5ac410000, 0x00007ef5bbbc0000)
 tenured generation   total 5073740K, used 4098315K [0x00007efa85b50000, 0x00007efbbb623000, 0x00007f0530600000)
   the space 5073740K,  80% used [0x00007efa85b50000, 0x00007efb7fd92e70, 0x00007efb7fd93000, 0x00007efbbb623000)
 Metaspace       used 30380K, capacity 30795K, committed 30976K, reserved 32768K
}
Event: 148.476 GC heap before
{Heap before GC invocations=66 (full 10):
 def new generation   total 2283264K, used 2189931K [0x00007ef530600000, 0x00007ef5cb370000, 0x00007efa85b50000)
  eden space 2029632K, 100% used [0x00007ef530600000, 0x00007ef5ac410000, 0x00007ef5ac410000)
  from space 253632K,  63% used [0x00007ef5bbbc0000, 0x00007ef5c584ad40, 0x00007ef5cb370000)
  to   space 253632K,   0% used [0x00007ef5ac410000, 0x00007ef5ac410000, 0x00007ef5bbbc0000)
 tenured generation   total 5073740K, used 4098315K [0x00007efa85b50000, 0x00007efbbb623000, 0x00007f0530600000)
   the space 5073740K,  80% used [0x00007efa85b50000, 0x00007efb7fd92e70, 0x00007efb7fd93000, 0x00007efbbb623000)
 Metaspace       used 30380K, capacity 30795K, committed 30976K, reserved 32768K
}
Event: 149.087 GC heap after
{Heap after GC invocations=67 (full 10):
 def new generation   total 2283264K, used 160900K [0x00007ef530600000, 0x00007ef5cb370000, 0x00007efa85b50000)
  eden space 2029632K,   0% used [0x00007ef530600000, 0x00007ef530600000, 0x00007ef5ac410000)
  from space 253632K,  63% used [0x00007ef5ac410000, 0x00007ef5b61313c8, 0x00007ef5bbbc0000)
  to   space 253632K,   0% used [0x00007ef5bbbc0000, 0x00007ef5bbbc0000, 0x00007ef5cb370000)
 tenured generation   total 5073740K, used 4258614K [0x00007efa85b50000, 0x00007efbbb623000, 0x00007f0530600000)
   the space 5073740K,  83% used [0x00007efa85b50000, 0x00007efb89a1d9a0, 0x00007efb89a1da00, 0x00007efbbb623000)
 Metaspace       used 30380K, capacity 30795K, committed 30976K, reserved 32768K
}
Event: 149.616 GC heap before
{Heap before GC invocations=67 (full 10):
 def new generation   total 2283264K, used 2190532K [0x00007ef530600000, 0x00007ef5cb370000, 0x00007efa85b50000)
  eden space 2029632K, 100% used [0x00007ef530600000, 0x00007ef5ac410000, 0x00007ef5ac410000)
  from space 253632K,  63% used [0x00007ef5ac410000, 0x00007ef5b61313c8, 0x00007ef5bbbc0000)
  to   space 253632K,   0% used [0x00007ef5bbbc0000, 0x00007ef5bbbc0000, 0x00007ef5cb370000)
 tenured generation   total 5073740K, used 4258614K [0x00007efa85b50000, 0x00007efbbb623000, 0x00007f0530600000)
   the space 5073740K,  83% used [0x00007efa85b50000, 0x00007efb89a1d9a0, 0x00007efb89a1da00, 0x00007efbbb623000)
 Metaspace       used 30380K, capacity 30795K, committed 30976K, reserved 32768K
}
Event: 150.181 GC heap after
{Heap after GC invocations=68 (full 10):
 def new generation   total 2283264K, used 162536K [0x00007ef530600000, 0x00007ef5cb370000, 0x00007efa85b50000)
  eden space 2029632K,   0% used [0x00007ef530600000, 0x00007ef530600000, 0x00007ef5ac410000)
  from space 253632K,  64% used [0x00007ef5bbbc0000, 0x00007ef5c5a7a108, 0x00007ef5cb370000)
  to   space 253632K,   0% used [0x00007ef5ac410000, 0x00007ef5ac410000, 0x00007ef5bbbc0000)
 tenured generation   total 5073740K, used 4419514K [0x00007efa85b50000, 0x00007efbbb623000, 0x00007f0530600000)
   the space 5073740K,  87% used [0x00007efa85b50000, 0x00007efb9373e948, 0x00007efb9373ea00, 0x00007efbbb623000)
 Metaspace       used 30380K, capacity 30795K, committed 30976K, reserved 32768K
}
Event: 150.733 GC heap before
{Heap before GC invocations=68 (full 10):
 def new generation   total 2283264K, used 2192168K [0x00007ef530600000, 0x00007ef5cb370000, 0x00007efa85b50000)
  eden space 2029632K, 100% used [0x00007ef530600000, 0x00007ef5ac410000, 0x00007ef5ac410000)
  from space 253632K,  64% used [0x00007ef5bbbc0000, 0x00007ef5c5a7a108, 0x00007ef5cb370000)
  to   space 253632K,   0% used [0x00007ef5ac410000, 0x00007ef5ac410000, 0x00007ef5bbbc0000)
 tenured generation   total 5073740K, used 4419514K [0x00007efa85b50000, 0x00007efbbb623000, 0x00007f0530600000)
   the space 5073740K,  87% used [0x00007efa85b50000, 0x00007efb9373e948, 0x00007efb9373ea00, 0x00007efbbb623000)
 Metaspace       used 30380K, capacity 30795K, committed 30976K, reserved 32768K
}
Event: 151.338 GC heap after
{Heap after GC invocations=69 (full 10):
 def new generation   total 2283264K, used 167833K [0x00007ef530600000, 0x00007ef5cb370000, 0x00007efa85b50000)
  eden space 2029632K,   0% used [0x00007ef530600000, 0x00007ef530600000, 0x00007ef5ac410000)
  from space 253632K,  66% used [0x00007ef5ac410000, 0x00007ef5b67f64f0, 0x00007ef5bbbc0000)
  to   space 253632K,   0% used [0x00007ef5bbbc0000, 0x00007ef5bbbc0000, 0x00007ef5cb370000)
 tenured generation   total 5073740K, used 4582049K [0x00007efa85b50000, 0x00007efbbb623000, 0x00007f0530600000)
   the space 5073740K,  90% used [0x00007efa85b50000, 0x00007efb9d5f8590, 0x00007efb9d5f8600, 0x00007efbbb623000)
 Metaspace       used 30380K, capacity 30795K, committed 30976K, reserved 32768K
}
Event: 151.959 GC heap before
{Heap before GC invocations=69 (full 10):
 def new generation   total 2283264K, used 2197465K [0x00007ef530600000, 0x00007ef5cb370000, 0x00007efa85b50000)
  eden space 2029632K, 100% used [0x00007ef530600000, 0x00007ef5ac410000, 0x00007ef5ac410000)
  from space 253632K,  66% used [0x00007ef5ac410000, 0x00007ef5b67f64f0, 0x00007ef5bbbc0000)
  to   space 253632K,   0% used [0x00007ef5bbbc0000, 0x00007ef5bbbc0000, 0x00007ef5cb370000)
 tenured generation   total 5073740K, used 4582049K [0x00007efa85b50000, 0x00007efbbb623000, 0x00007f0530600000)
   the space 5073740K,  90% used [0x00007efa85b50000, 0x00007efb9d5f8590, 0x00007efb9d5f8600, 0x00007efbbb623000)
 Metaspace       used 30380K, capacity 30795K, committed 30976K, reserved 32768K
}
Event: 152.559 GC heap after
{Heap after GC invocations=70 (full 10):
 def new generation   total 2283264K, used 159541K [0x00007ef530600000, 0x00007ef5cb370000, 0x00007efa85b50000)
  eden space 2029632K,   0% used [0x00007ef530600000, 0x00007ef530600000, 0x00007ef5ac410000)
  from space 253632K,  62% used [0x00007ef5bbbc0000, 0x00007ef5c578d738, 0x00007ef5cb370000)
  to   space 253632K,   0% used [0x00007ef5ac410000, 0x00007ef5ac410000, 0x00007ef5bbbc0000)
 tenured generation   total 5073740K, used 4749882K [0x00007efa85b50000, 0x00007efbbb623000, 0x00007f0530600000)
   the space 5073740K,  93% used [0x00007efa85b50000, 0x00007efba79de870, 0x00007efba79dea00, 0x00007efbbb623000)
 Metaspace       used 30380K, capacity 30795K, committed 30976K, reserved 32768K
}
Event: 153.092 GC heap before
{Heap before GC invocations=70 (full 10):
 def new generation   total 2283264K, used 2189173K [0x00007ef530600000, 0x00007ef5cb370000, 0x00007efa85b50000)
  eden space 2029632K, 100% used [0x00007ef530600000, 0x00007ef5ac410000, 0x00007ef5ac410000)
  from space 253632K,  62% used [0x00007ef5bbbc0000, 0x00007ef5c578d738, 0x00007ef5cb370000)
  to   space 253632K,   0% used [0x00007ef5ac410000, 0x00007ef5ac410000, 0x00007ef5bbbc0000)
 tenured generation   total 5073740K, used 4749882K [0x00007efa85b50000, 0x00007efbbb623000, 0x00007f0530600000)
   the space 5073740K,  93% used [0x00007efa85b50000, 0x00007efba79de870, 0x00007efba79dea00, 0x00007efbbb623000)
 Metaspace       used 30380K, capacity 30795K, committed 30976K, reserved 32768K
}
Event: 153.767 GC heap after
{Heap after GC invocations=71 (full 10):
 def new generation   total 2283264K, used 160337K [0x00007ef530600000, 0x00007ef5cb370000, 0x00007efa85b50000)
  eden space 2029632K,   0% used [0x00007ef530600000, 0x00007ef530600000, 0x00007ef5ac410000)
  from space 253632K,  63% used [0x00007ef5ac410000, 0x00007ef5b60a4410, 0x00007ef5bbbc0000)
  to   space 253632K,   0% used [0x00007ef5bbbc0000, 0x00007ef5bbbc0000, 0x00007ef5cb370000)
 tenured generation   total 5073740K, used 4909422K [0x00007efa85b50000, 0x00007efbbb623000, 0x00007f0530600000)
   the space 5073740K,  96% used [0x00007efa85b50000, 0x00007efbb15abbd8, 0x00007efbb15abc00, 0x00007efbbb623000)
 Metaspace       used 30380K, capacity 30795K, committed 30976K, reserved 32768K
}
Event: 154.331 GC heap before
{Heap before GC invocations=71 (full 10):
 def new generation   total 2283264K, used 2189969K [0x00007ef530600000, 0x00007ef5cb370000, 0x00007efa85b50000)
  eden space 2029632K, 100% used [0x00007ef530600000, 0x00007ef5ac410000, 0x00007ef5ac410000)
  from space 253632K,  63% used [0x00007ef5ac410000, 0x00007ef5b60a4410, 0x00007ef5bbbc0000)
  to   space 253632K,   0% used [0x00007ef5bbbc0000, 0x00007ef5bbbc0000, 0x00007ef5cb370000)
 tenured generation   total 5073740K, used 4909422K [0x00007efa85b50000, 0x00007efbbb623000, 0x00007f0530600000)
   the space 5073740K,  96% used [0x00007efa85b50000, 0x00007efbb15abbd8, 0x00007efbb15abc00, 0x00007efbbb623000)
 Metaspace       used 30380K, capacity 30795K, committed 30976K, reserved 32768K
}
Event: 154.895 GC heap after
{Heap after GC invocations=72 (full 10):
 def new generation   total 2283264K, used 161546K [0x00007ef530600000, 0x00007ef5cb370000, 0x00007efa85b50000)
  eden space 2029632K,   0% used [0x00007ef530600000, 0x00007ef530600000, 0x00007ef5ac410000)
  from space 253632K,  63% used [0x00007ef5bbbc0000, 0x00007ef5c59829a0, 0x00007ef5cb370000)
  to   space 253632K,   0% used [0x00007ef5ac410000, 0x00007ef5ac410000, 0x00007ef5bbbc0000)
 tenured generation   total 5073740K, used 5069759K [0x00007efa85b50000, 0x00007efbbb623000, 0x00007f0530600000)
   the space 5073740K,  99% used [0x00007efa85b50000, 0x00007efbbb23fc28, 0x00007efbbb23fe00, 0x00007efbbb623000)
 Metaspace       used 30380K, capacity 30795K, committed 30976K, reserved 32768K
}
Event: 155.445 GC heap before
{Heap before GC invocations=72 (full 10):
 def new generation   total 2283264K, used 2191178K [0x00007ef530600000, 0x00007ef5cb370000, 0x00007efa85b50000)
  eden space 2029632K, 100% used [0x00007ef530600000, 0x00007ef5ac410000, 0x00007ef5ac410000)
  from space 253632K,  63% used [0x00007ef5bbbc0000, 0x00007ef5c59829a0, 0x00007ef5cb370000)
  to   space 253632K,   0% used [0x00007ef5ac410000, 0x00007ef5ac410000, 0x00007ef5bbbc0000)
 tenured generation   total 5073740K, used 5069759K [0x00007efa85b50000, 0x00007efbbb623000, 0x00007f0530600000)
   the space 5073740K,  99% used [0x00007efa85b50000, 0x00007efbbb23fc28, 0x00007efbbb23fe00, 0x00007efbbb623000)
 Metaspace       used 30380K, capacity 30795K, committed 30976K, reserved 32768K
}
Event: 156.023 GC heap after
{Heap after GC invocations=73 (full 10):
 def new generation   total 2283264K, used 158182K [0x00007ef530600000, 0x00007ef5cb370000, 0x00007efa85b50000)
  eden space 2029632K,   0% used [0x00007ef530600000, 0x00007ef530600000, 0x00007ef5ac410000)
  from space 253632K,  62% used [0x00007ef5ac410000, 0x00007ef5b5e89918, 0x00007ef5bbbc0000)
  to   space 253632K,   0% used [0x00007ef5bbbc0000, 0x00007ef5bbbc0000, 0x00007ef5cb370000)
 tenured generation   total 5231372K, used 5231304K [0x00007efa85b50000, 0x00007efbc5013000, 0x00007f0530600000)
   the space 5231372K,  99% used [0x00007efa85b50000, 0x00007efbc5002318, 0x00007efbc5002400, 0x00007efbc5013000)
 Metaspace       used 30380K, capacity 30795K, committed 30976K, reserved 32768K
}
Event: 156.023 GC heap before
{Heap before GC invocations=73 (full 10):
 def new generation   total 2283264K, used 158182K [0x00007ef530600000, 0x00007ef5cb370000, 0x00007efa85b50000)
  eden space 2029632K,   0% used [0x00007ef530600000, 0x00007ef530600000, 0x00007ef5ac410000)
  from space 253632K,  62% used [0x00007ef5ac410000, 0x00007ef5b5e89918, 0x00007ef5bbbc0000)
  to   space 253632K,   0% used [0x00007ef5bbbc0000, 0x00007ef5bbbc0000, 0x00007ef5cb370000)
 tenured generation   total 5231372K, used 5231304K [0x00007efa85b50000, 0x00007efbc5013000, 0x00007f0530600000)
   the space 5231372K,  99% used [0x00007efa85b50000, 0x00007efbc5002318, 0x00007efbc5002400, 0x00007efbc5013000)
 Metaspace       used 30380K, capacity 30795K, committed 30976K, reserved 32768K
}

