# JRE version: OpenJDK Runtime Environment (13.0.7+5) (build 13.0.7+5-Ubuntu-0ubuntu120.04)
# Java VM: OpenJDK 64-Bit Server VM (13.0.7+5-Ubuntu-0ubuntu120.04, mixed mode, tiered, serial gc, linux-amd64)
Heap:
 def new generation   total 2908864K, used 80K [0x00007fd684600000, 0x00007fd749a50000, 0x00007fdbd9b50000)
  eden space 2585664K,   0% used [0x00007fd684600000, 0x00007fd6846141b8, 0x00007fd722310000)
  from space 323200K,   0% used [0x00007fd735eb0000, 0x00007fd735eb0000, 0x00007fd749a50000)
  to   space 323200K,   0% used [0x00007fd722310000, 0x00007fd722310000, 0x00007fd735eb0000)
 tenured generation   total 6466692K, used 6466692K [0x00007fdbd9b50000, 0x00007fdd64671000, 0x00007fe684600000)
   the space 6466692K, 100% used [0x00007fdbd9b50000, 0x00007fdd64671000, 0x00007fdd64671000, 0x00007fdd64671000)
 Metaspace       used 24648K, capacity 25015K, committed 25088K, reserved 26624K
GC Heap History (20 events):
Event: 11404.221 GC heap after
{Heap after GC invocations=12967 (full 4):
 def new generation   total 2908864K, used 48499K [0x00007fd684600000, 0x00007fd749a50000, 0x00007fdbd9b50000)
  eden space 2585664K,   0% used [0x00007fd684600000, 0x00007fd684600000, 0x00007fd722310000)
  from space 323200K,  15% used [0x00007fd722310000, 0x00007fd72526ce10, 0x00007fd735eb0000)
  to   space 323200K,   0% used [0x00007fd735eb0000, 0x00007fd735eb0000, 0x00007fd749a50000)
 tenured generation   total 6464004K, used 6418171K [0x00007fdbd9b50000, 0x00007fdd643d1000, 0x00007fe684600000)
   the space 6464004K,  99% used [0x00007fdbd9b50000, 0x00007fdd6170ed48, 0x00007fdd6170ee00, 0x00007fdd643d1000)
 Metaspace       used 24647K, capacity 25015K, committed 25088K, reserved 26624K
}
Event: 11405.763 GC heap before
{Heap before GC invocations=12967 (full 4):
 def new generation   total 2908864K, used 2634163K [0x00007fd684600000, 0x00007fd749a50000, 0x00007fdbd9b50000)
  eden space 2585664K, 100% used [0x00007fd684600000, 0x00007fd722310000, 0x00007fd722310000)
  from space 323200K,  15% used [0x00007fd722310000, 0x00007fd72526ce10, 0x00007fd735eb0000)
  to   space 323200K,   0% used [0x00007fd735eb0000, 0x00007fd735eb0000, 0x00007fd749a50000)
 tenured generation   total 6464004K, used 6418171K [0x00007fdbd9b50000, 0x00007fdd643d1000, 0x00007fe684600000)
   the space 6464004K,  99% used [0x00007fdbd9b50000, 0x00007fdd6170ed48, 0x00007fdd6170ee00, 0x00007fdd643d1000)
 Metaspace       used 24648K, capacity 25015K, committed 25088K, reserved 26624K
}
Event: 11405.867 GC heap after
{Heap after GC invocations=12968 (full 4):
 def new generation   total 2908864K, used 47105K [0x00007fd684600000, 0x00007fd749a50000, 0x00007fdbd9b50000)
  eden space 2585664K,   0% used [0x00007fd684600000, 0x00007fd684600000, 0x00007fd722310000)
  from space 323200K,  14% used [0x00007fd735eb0000, 0x00007fd738cb0548, 0x00007fd749a50000)
  to   space 323200K,   0% used [0x00007fd722310000, 0x00007fd722310000, 0x00007fd735eb0000)
 tenured generation   total 6464004K, used 6419577K [0x00007fdbd9b50000, 0x00007fdd643d1000, 0x00007fe684600000)
   the space 6464004K,  99% used [0x00007fdbd9b50000, 0x00007fdd6186e580, 0x00007fdd6186e600, 0x00007fdd643d1000)
 Metaspace       used 24648K, capacity 25015K, committed 25088K, reserved 26624K
}
Event: 11407.518 GC heap before
{Heap before GC invocations=12968 (full 4):
 def new generation   total 2908864K, used 2632769K [0x00007fd684600000, 0x00007fd749a50000, 0x00007fdbd9b50000)
  eden space 2585664K, 100% used [0x00007fd684600000, 0x00007fd722310000, 0x00007fd722310000)
  from space 323200K,  14% used [0x00007fd735eb0000, 0x00007fd738cb0548, 0x00007fd749a50000)
  to   space 323200K,   0% used [0x00007fd722310000, 0x00007fd722310000, 0x00007fd735eb0000)
 tenured generation   total 6464004K, used 6419577K [0x00007fdbd9b50000, 0x00007fdd643d1000, 0x00007fe684600000)
   the space 6464004K,  99% used [0x00007fdbd9b50000, 0x00007fdd6186e580, 0x00007fdd6186e600, 0x00007fdd643d1000)
 Metaspace       used 24648K, capacity 25015K, committed 25088K, reserved 26624K
}
Event: 11407.611 GC heap after
{Heap after GC invocations=12969 (full 4):
 def new generation   total 2908864K, used 45869K [0x00007fd684600000, 0x00007fd749a50000, 0x00007fdbd9b50000)
  eden space 2585664K,   0% used [0x00007fd684600000, 0x00007fd684600000, 0x00007fd722310000)
  from space 323200K,  14% used [0x00007fd722310000, 0x00007fd724fdb548, 0x00007fd735eb0000)
  to   space 323200K,   0% used [0x00007fd735eb0000, 0x00007fd735eb0000, 0x00007fd749a50000)
 tenured generation   total 6464004K, used 6420824K [0x00007fdbd9b50000, 0x00007fdd643d1000, 0x00007fe684600000)
   the space 6464004K,  99% used [0x00007fdbd9b50000, 0x00007fdd619a6278, 0x00007fdd619a6400, 0x00007fdd643d1000)
 Metaspace       used 24648K, capacity 25015K, committed 25088K, reserved 26624K
}
Event: 11409.245 GC heap before
{Heap before GC invocations=12969 (full 4):
 def new generation   total 2908864K, used 2631533K [0x00007fd684600000, 0x00007fd749a50000, 0x00007fdbd9b50000)
  eden space 2585664K, 100% used [0x00007fd684600000, 0x00007fd722310000, 0x00007fd722310000)
  from space 323200K,  14% used [0x00007fd722310000, 0x00007fd724fdb548, 0x00007fd735eb0000)
  to   space 323200K,   0% used [0x00007fd735eb0000, 0x00007fd735eb0000, 0x00007fd749a50000)
 tenured generation   total 6464004K, used 6420824K [0x00007fdbd9b50000, 0x00007fdd643d1000, 0x00007fe684600000)
   the space 6464004K,  99% used [0x00007fdbd9b50000, 0x00007fdd619a6278, 0x00007fdd619a6400, 0x00007fdd643d1000)
 Metaspace       used 24648K, capacity 25015K, committed 25088K, reserved 26624K
}
Event: 11409.337 GC heap after
{Heap after GC invocations=12970 (full 4):
 def new generation   total 2908864K, used 45247K [0x00007fd684600000, 0x00007fd749a50000, 0x00007fdbd9b50000)
  eden space 2585664K,   0% used [0x00007fd684600000, 0x00007fd684600000, 0x00007fd722310000)
  from space 323200K,  13% used [0x00007fd735eb0000, 0x00007fd738adfdb8, 0x00007fd749a50000)
  to   space 323200K,   0% used [0x00007fd722310000, 0x00007fd722310000, 0x00007fd735eb0000)
 tenured generation   total 6464004K, used 6421456K [0x00007fdbd9b50000, 0x00007fdd643d1000, 0x00007fe684600000)
   the space 6464004K,  99% used [0x00007fdbd9b50000, 0x00007fdd61a44058, 0x00007fdd61a44200, 0x00007fdd643d1000)
 Metaspace       used 24648K, capacity 25015K, committed 25088K, reserved 26624K
}
Event: 11410.949 GC heap before
{Heap before GC invocations=12970 (full 4):
 def new generation   total 2908864K, used 2630911K [0x00007fd684600000, 0x00007fd749a50000, 0x00007fdbd9b50000)
  eden space 2585664K, 100% used [0x00007fd684600000, 0x00007fd722310000, 0x00007fd722310000)
  from space 323200K,  13% used [0x00007fd735eb0000, 0x00007fd738adfdb8, 0x00007fd749a50000)
  to   space 323200K,   0% used [0x00007fd722310000, 0x00007fd722310000, 0x00007fd735eb0000)
 tenured generation   total 6464004K, used 6421456K [0x00007fdbd9b50000, 0x00007fdd643d1000, 0x00007fe684600000)
   the space 6464004K,  99% used [0x00007fdbd9b50000, 0x00007fdd61a44058, 0x00007fdd61a44200, 0x00007fdd643d1000)
 Metaspace       used 24648K, capacity 25015K, committed 25088K, reserved 26624K
}
Event: 11411.042 GC heap after
{Heap after GC invocations=12971 (full 4):
 def new generation   total 2908864K, used 44676K [0x00007fd684600000, 0x00007fd749a50000, 0x00007fdbd9b50000)
  eden space 2585664K,   0% used [0x00007fd684600000, 0x00007fd684600000, 0x00007fd722310000)
  from space 323200K,  13% used [0x00007fd722310000, 0x00007fd724eb11c0, 0x00007fd735eb0000)
  to   space 323200K,   0% used [0x00007fd735eb0000, 0x00007fd735eb0000, 0x00007fd749a50000)
 tenured generation   total 6464004K, used 6422170K [0x00007fdbd9b50000, 0x00007fdd643d1000, 0x00007fe684600000)
   the space 6464004K,  99% used [0x00007fdbd9b50000, 0x00007fdd61af69b8, 0x00007fdd61af6a00, 0x00007fdd643d1000)
 Metaspace       used 24648K, capacity 25015K, committed 25088K, reserved 26624K
}
Event: 11412.748 GC heap before
{Heap before GC invocations=12971 (full 4):
 def new generation   total 2908864K, used 2630340K [0x00007fd684600000, 0x00007fd749a50000, 0x00007fdbd9b50000)
  eden space 2585664K, 100% used [0x00007fd684600000, 0x00007fd722310000, 0x00007fd722310000)
  from space 323200K,  13% used [0x00007fd722310000, 0x00007fd724eb11c0, 0x00007fd735eb0000)
  to   space 323200K,   0% used [0x00007fd735eb0000, 0x00007fd735eb0000, 0x00007fd749a50000)
 tenured generation   total 6464004K, used 6422170K [0x00007fdbd9b50000, 0x00007fdd643d1000, 0x00007fe684600000)
   the space 6464004K,  99% used [0x00007fdbd9b50000, 0x00007fdd61af69b8, 0x00007fdd61af6a00, 0x00007fdd643d1000)
 Metaspace       used 24648K, capacity 25015K, committed 25088K, reserved 26624K
}
Event: 11412.844 GC heap after
{Heap after GC invocations=12972 (full 4):
 def new generation   total 2908864K, used 43719K [0x00007fd684600000, 0x00007fd749a50000, 0x00007fdbd9b50000)
  eden space 2585664K,   0% used [0x00007fd684600000, 0x00007fd684600000, 0x00007fd722310000)
  from space 323200K,  13% used [0x00007fd735eb0000, 0x00007fd738961d88, 0x00007fd749a50000)
  to   space 323200K,   0% used [0x00007fd722310000, 0x00007fd722310000, 0x00007fd735eb0000)
 tenured generation   total 6464004K, used 6423008K [0x00007fdbd9b50000, 0x00007fdd643d1000, 0x00007fe684600000)
   the space 6464004K,  99% used [0x00007fdbd9b50000, 0x00007fdd61bc8140, 0x00007fdd61bc8200, 0x00007fdd643d1000)
 Metaspace       used 24648K, capacity 25015K, committed 25088K, reserved 26624K
}
Event: 11414.499 GC heap before
{Heap before GC invocations=12972 (full 4):
 def new generation   total 2908864K, used 2629383K [0x00007fd684600000, 0x00007fd749a50000, 0x00007fdbd9b50000)
  eden space 2585664K, 100% used [0x00007fd684600000, 0x00007fd722310000, 0x00007fd722310000)
  from space 323200K,  13% used [0x00007fd735eb0000, 0x00007fd738961d88, 0x00007fd749a50000)
  to   space 323200K,   0% used [0x00007fd722310000, 0x00007fd722310000, 0x00007fd735eb0000)
 tenured generation   total 6464004K, used 6423008K [0x00007fdbd9b50000, 0x00007fdd643d1000, 0x00007fe684600000)
   the space 6464004K,  99% used [0x00007fdbd9b50000, 0x00007fdd61bc8140, 0x00007fdd61bc8200, 0x00007fdd643d1000)
 Metaspace       used 24648K, capacity 25015K, committed 25088K, reserved 26624K
}
Event: 11414.587 GC heap after
{Heap after GC invocations=12973 (full 4):
 def new generation   total 2908864K, used 42444K [0x00007fd684600000, 0x00007fd749a50000, 0x00007fdbd9b50000)
  eden space 2585664K,   0% used [0x00007fd684600000, 0x00007fd684600000, 0x00007fd722310000)
  from space 323200K,  13% used [0x00007fd722310000, 0x00007fd724c83358, 0x00007fd735eb0000)
  to   space 323200K,   0% used [0x00007fd735eb0000, 0x00007fd735eb0000, 0x00007fd749a50000)
 tenured generation   total 6464004K, used 6424292K [0x00007fdbd9b50000, 0x00007fdd643d1000, 0x00007fe684600000)
   the space 6464004K,  99% used [0x00007fdbd9b50000, 0x00007fdd61d09210, 0x00007fdd61d09400, 0x00007fdd643d1000)
 Metaspace       used 24648K, capacity 25015K, committed 25088K, reserved 26624K
}
Event: 11416.181 GC heap before
{Heap before GC invocations=12973 (full 4):
 def new generation   total 2908864K, used 2628108K [0x00007fd684600000, 0x00007fd749a50000, 0x00007fdbd9b50000)
  eden space 2585664K, 100% used [0x00007fd684600000, 0x00007fd722310000, 0x00007fd722310000)
  from space 323200K,  13% used [0x00007fd722310000, 0x00007fd724c83358, 0x00007fd735eb0000)
  to   space 323200K,   0% used [0x00007fd735eb0000, 0x00007fd735eb0000, 0x00007fd749a50000)
 tenured generation   total 6464004K, used 6424292K [0x00007fdbd9b50000, 0x00007fdd643d1000, 0x00007fe684600000)
   the space 6464004K,  99% used [0x00007fdbd9b50000, 0x00007fdd61d09210, 0x00007fdd61d09400, 0x00007fdd643d1000)
 Metaspace       used 24648K, capacity 25015K, committed 25088K, reserved 26624K
}
Event: 11416.268 GC heap after
{Heap after GC invocations=12974 (full 4):
 def new generation   total 2908864K, used 41086K [0x00007fd684600000, 0x00007fd749a50000, 0x00007fdbd9b50000)
  eden space 2585664K,   0% used [0x00007fd684600000, 0x00007fd684600000, 0x00007fd722310000)
  from space 323200K,  12% used [0x00007fd735eb0000, 0x00007fd7386cfb18, 0x00007fd749a50000)
  to   space 323200K,   0% used [0x00007fd722310000, 0x00007fd722310000, 0x00007fd735eb0000)
 tenured generation   total 6464004K, used 6425661K [0x00007fdbd9b50000, 0x00007fdd643d1000, 0x00007fe684600000)
   the space 6464004K,  99% used [0x00007fdbd9b50000, 0x00007fdd61e5f7c0, 0x00007fdd61e5f800, 0x00007fdd643d1000)
 Metaspace       used 24648K, capacity 25015K, committed 25088K, reserved 26624K
}
Event: 11417.926 GC heap before
{Heap before GC invocations=12974 (full 4):
 def new generation   total 2908864K, used 2626750K [0x00007fd684600000, 0x00007fd749a50000, 0x00007fdbd9b50000)
  eden space 2585664K, 100% used [0x00007fd684600000, 0x00007fd722310000, 0x00007fd722310000)
  from space 323200K,  12% used [0x00007fd735eb0000, 0x00007fd7386cfb18, 0x00007fd749a50000)
  to   space 323200K,   0% used [0x00007fd722310000, 0x00007fd722310000, 0x00007fd735eb0000)
 tenured generation   total 6464004K, used 6425661K [0x00007fdbd9b50000, 0x00007fdd643d1000, 0x00007fe684600000)
   the space 6464004K,  99% used [0x00007fdbd9b50000, 0x00007fdd61e5f7c0, 0x00007fdd61e5f800, 0x00007fdd643d1000)
 Metaspace       used 24648K, capacity 25015K, committed 25088K, reserved 26624K
}
Event: 11417.998 GC heap after
{Heap after GC invocations=12975 (full 4):
 def new generation   total 2908864K, used 25390K [0x00007fd684600000, 0x00007fd749a50000, 0x00007fdbd9b50000)
  eden space 2585664K,   0% used [0x00007fd684600000, 0x00007fd684600000, 0x00007fd722310000)
  from space 323200K,   7% used [0x00007fd722310000, 0x00007fd723bdba60, 0x00007fd735eb0000)
  to   space 323200K,   0% used [0x00007fd735eb0000, 0x00007fd735eb0000, 0x00007fd749a50000)
 tenured generation   total 6464004K, used 6441367K [0x00007fdbd9b50000, 0x00007fdd643d1000, 0x00007fe684600000)
   the space 6464004K,  99% used [0x00007fdbd9b50000, 0x00007fdd62db5f78, 0x00007fdd62db6000, 0x00007fdd643d1000)
 Metaspace       used 24648K, capacity 25015K, committed 25088K, reserved 26624K
}
Event: 11419.576 GC heap before
{Heap before GC invocations=12975 (full 4):
 def new generation   total 2908864K, used 2611054K [0x00007fd684600000, 0x00007fd749a50000, 0x00007fdbd9b50000)
  eden space 2585664K, 100% used [0x00007fd684600000, 0x00007fd722310000, 0x00007fd722310000)
  from space 323200K,   7% used [0x00007fd722310000, 0x00007fd723bdba60, 0x00007fd735eb0000)
  to   space 323200K,   0% used [0x00007fd735eb0000, 0x00007fd735eb0000, 0x00007fd749a50000)
 tenured generation   total 6464004K, used 6441367K [0x00007fdbd9b50000, 0x00007fdd643d1000, 0x00007fe684600000)
   the space 6464004K,  99% used [0x00007fdbd9b50000, 0x00007fdd62db5f78, 0x00007fdd62db6000, 0x00007fdd643d1000)
 Metaspace       used 24648K, capacity 25015K, committed 25088K, reserved 26624K
}
Event: 11419.640 GC heap after
{Heap after GC invocations=12976 (full 4):
 def new generation   total 2908864K, used 174K [0x00007fd684600000, 0x00007fd749a50000, 0x00007fdbd9b50000)
  eden space 2585664K,   0% used [0x00007fd684600000, 0x00007fd684600000, 0x00007fd722310000)
  from space 323200K,   0% used [0x00007fd735eb0000, 0x00007fd735edb8a8, 0x00007fd749a50000)
  to   space 323200K,   0% used [0x00007fd722310000, 0x00007fd722310000, 0x00007fd735eb0000)
 tenured generation   total 6466692K, used 6466598K [0x00007fdbd9b50000, 0x00007fdd64671000, 0x00007fe684600000)
   the space 6466692K,  99% used [0x00007fdbd9b50000, 0x00007fdd64659910, 0x00007fdd64659a00, 0x00007fdd64671000)
 Metaspace       used 24648K, capacity 25015K, committed 25088K, reserved 26624K
}
Event: 11419.640 GC heap before
{Heap before GC invocations=12976 (full 4):
 def new generation   total 2908864K, used 174K [0x00007fd684600000, 0x00007fd749a50000, 0x00007fdbd9b50000)
  eden space 2585664K,   0% used [0x00007fd684600000, 0x00007fd684600000, 0x00007fd722310000)
  from space 323200K,   0% used [0x00007fd735eb0000, 0x00007fd735edb8a8, 0x00007fd749a50000)
  to   space 323200K,   0% used [0x00007fd722310000, 0x00007fd722310000, 0x00007fd735eb0000)
 tenured generation   total 6466692K, used 6466598K [0x00007fdbd9b50000, 0x00007fdd64671000, 0x00007fe684600000)
   the space 6466692K,  99% used [0x00007fdbd9b50000, 0x00007fdd64659910, 0x00007fdd64659a00, 0x00007fdd64671000)
 Metaspace       used 24648K, capacity 25015K, committed 25088K, reserved 26624K
}

