# JRE version: OpenJDK Runtime Environment (13.0.7+5) (build 13.0.7+5-Ubuntu-0ubuntu120.04)
# Java VM: OpenJDK 64-Bit Server VM (13.0.7+5-Ubuntu-0ubuntu120.04, mixed mode, tiered, serial gc, linux-amd64)
Heap:
 def new generation   total 2870080K, used 0K [0x00007f6a10600000, 0x00007f6ad3030000, 0x00007f6f65b50000)
  eden space 2551232K,   0% used [0x00007f6a10600000, 0x00007f6a10600000, 0x00007f6aac170000)
  from space 318848K,   0% used [0x00007f6abf8d0000, 0x00007f6abf8d0000, 0x00007f6ad3030000)
  to   space 318848K,   0% used [0x00007f6aac170000, 0x00007f6aac170000, 0x00007f6abf8d0000)
 tenured generation   total 6526632K, used 6229588K [0x00007f6f65b50000, 0x00007f70f40fa000, 0x00007f7a10600000)
   the space 6526632K,  95% used [0x00007f6f65b50000, 0x00007f70e1ee5078, 0x00007f70e1ee5200, 0x00007f70f40fa000)
 Metaspace       used 30518K, capacity 30925K, committed 31232K, reserved 32768K
GC Heap History (20 events):
Event: 150.120 GC heap after
{Heap after GC invocations=53 (full 4):
 def new generation   total 2870080K, used 0K [0x00007f6a10600000, 0x00007f6ad3030000, 0x00007f6f65b50000)
  eden space 2551232K,   0% used [0x00007f6a10600000, 0x00007f6a10600000, 0x00007f6aac170000)
  from space 318848K,   0% used [0x00007f6aac170000, 0x00007f6aac170000, 0x00007f6abf8d0000)
  to   space 318848K,   0% used [0x00007f6abf8d0000, 0x00007f6abf8d0000, 0x00007f6ad3030000)
 tenured generation   total 6377832K, used 3826697K [0x00007f6f65b50000, 0x00007f70eafaa000, 0x00007f7a10600000)
   the space 6377832K,  59% used [0x00007f6f65b50000, 0x00007f704f452690, 0x00007f704f452800, 0x00007f70eafaa000)
 Metaspace       used 30518K, capacity 30925K, committed 31232K, reserved 32768K
}
Event: 286.857 GC heap before
{Heap before GC invocations=53 (full 4):
 def new generation   total 2870080K, used 2551232K [0x00007f6a10600000, 0x00007f6ad3030000, 0x00007f6f65b50000)
  eden space 2551232K, 100% used [0x00007f6a10600000, 0x00007f6aac170000, 0x00007f6aac170000)
  from space 318848K,   0% used [0x00007f6aac170000, 0x00007f6aac170000, 0x00007f6abf8d0000)
  to   space 318848K,   0% used [0x00007f6abf8d0000, 0x00007f6abf8d0000, 0x00007f6ad3030000)
 tenured generation   total 6377832K, used 3826697K [0x00007f6f65b50000, 0x00007f70eafaa000, 0x00007f7a10600000)
   the space 6377832K,  59% used [0x00007f6f65b50000, 0x00007f704f452690, 0x00007f704f452800, 0x00007f70eafaa000)
 Metaspace       used 30518K, capacity 30925K, committed 31232K, reserved 32768K
}
Event: 287.898 GC heap after
{Heap after GC invocations=54 (full 4):
 def new generation   total 2870080K, used 318847K [0x00007f6a10600000, 0x00007f6ad3030000, 0x00007f6f65b50000)
  eden space 2551232K,   0% used [0x00007f6a10600000, 0x00007f6a10600000, 0x00007f6aac170000)
  from space 318848K,  99% used [0x00007f6abf8d0000, 0x00007f6ad302fff0, 0x00007f6ad3030000)
  to   space 318848K,   0% used [0x00007f6aac170000, 0x00007f6aac170000, 0x00007f6abf8d0000)
 tenured generation   total 6377832K, used 4044944K [0x00007f6f65b50000, 0x00007f70eafaa000, 0x00007f7a10600000)
   the space 6377832K,  63% used [0x00007f6f65b50000, 0x00007f705c9743d0, 0x00007f705c974400, 0x00007f70eafaa000)
 Metaspace       used 30518K, capacity 30925K, committed 31232K, reserved 32768K
}
Event: 398.227 GC heap before
{Heap before GC invocations=54 (full 4):
 def new generation   total 2870080K, used 2870079K [0x00007f6a10600000, 0x00007f6ad3030000, 0x00007f6f65b50000)
  eden space 2551232K, 100% used [0x00007f6a10600000, 0x00007f6aac170000, 0x00007f6aac170000)
  from space 318848K,  99% used [0x00007f6abf8d0000, 0x00007f6ad302fff0, 0x00007f6ad3030000)
  to   space 318848K,   0% used [0x00007f6aac170000, 0x00007f6aac170000, 0x00007f6abf8d0000)
 tenured generation   total 6377832K, used 4044944K [0x00007f6f65b50000, 0x00007f70eafaa000, 0x00007f7a10600000)
   the space 6377832K,  63% used [0x00007f6f65b50000, 0x00007f705c9743d0, 0x00007f705c974400, 0x00007f70eafaa000)
 Metaspace       used 30518K, capacity 30925K, committed 31232K, reserved 32768K
}
Event: 399.496 GC heap after
{Heap after GC invocations=55 (full 4):
 def new generation   total 2870080K, used 318847K [0x00007f6a10600000, 0x00007f6ad3030000, 0x00007f6f65b50000)
  eden space 2551232K,   0% used [0x00007f6a10600000, 0x00007f6a10600000, 0x00007f6aac170000)
  from space 318848K,  99% used [0x00007f6aac170000, 0x00007f6abf8cfff0, 0x00007f6abf8d0000)
  to   space 318848K,   0% used [0x00007f6abf8d0000, 0x00007f6abf8d0000, 0x00007f6ad3030000)
 tenured generation   total 6377832K, used 4582038K [0x00007f6f65b50000, 0x00007f70eafaa000, 0x00007f7a10600000)
   the space 6377832K,  71% used [0x00007f6f65b50000, 0x00007f707d5f5810, 0x00007f707d5f5a00, 0x00007f70eafaa000)
 Metaspace       used 30518K, capacity 30925K, committed 31232K, reserved 32768K
}
Event: 469.703 GC heap before
{Heap before GC invocations=55 (full 4):
 def new generation   total 2870080K, used 2870079K [0x00007f6a10600000, 0x00007f6ad3030000, 0x00007f6f65b50000)
  eden space 2551232K, 100% used [0x00007f6a10600000, 0x00007f6aac170000, 0x00007f6aac170000)
  from space 318848K,  99% used [0x00007f6aac170000, 0x00007f6abf8cfff0, 0x00007f6abf8d0000)
  to   space 318848K,   0% used [0x00007f6abf8d0000, 0x00007f6abf8d0000, 0x00007f6ad3030000)
 tenured generation   total 6377832K, used 4582038K [0x00007f6f65b50000, 0x00007f70eafaa000, 0x00007f7a10600000)
   the space 6377832K,  71% used [0x00007f6f65b50000, 0x00007f707d5f5810, 0x00007f707d5f5a00, 0x00007f70eafaa000)
 Metaspace       used 30518K, capacity 30925K, committed 31232K, reserved 32768K
}
Event: 470.862 GC heap after
{Heap after GC invocations=56 (full 4):
 def new generation   total 2870080K, used 318847K [0x00007f6a10600000, 0x00007f6ad3030000, 0x00007f6f65b50000)
  eden space 2551232K,   0% used [0x00007f6a10600000, 0x00007f6a10600000, 0x00007f6aac170000)
  from space 318848K,  99% used [0x00007f6abf8d0000, 0x00007f6ad302fff0, 0x00007f6ad3030000)
  to   space 318848K,   0% used [0x00007f6aac170000, 0x00007f6aac170000, 0x00007f6abf8d0000)
 tenured generation   total 6377832K, used 5119131K [0x00007f6f65b50000, 0x00007f70eafaa000, 0x00007f7a10600000)
   the space 6377832K,  80% used [0x00007f6f65b50000, 0x00007f709e276d50, 0x00007f709e276e00, 0x00007f70eafaa000)
 Metaspace       used 30518K, capacity 30925K, committed 31232K, reserved 32768K
}
Event: 479.052 GC heap before
{Heap before GC invocations=56 (full 4):
 def new generation   total 2870080K, used 2870079K [0x00007f6a10600000, 0x00007f6ad3030000, 0x00007f6f65b50000)
  eden space 2551232K, 100% used [0x00007f6a10600000, 0x00007f6aac170000, 0x00007f6aac170000)
  from space 318848K,  99% used [0x00007f6abf8d0000, 0x00007f6ad302fff0, 0x00007f6ad3030000)
  to   space 318848K,   0% used [0x00007f6aac170000, 0x00007f6aac170000, 0x00007f6abf8d0000)
 tenured generation   total 6377832K, used 5119131K [0x00007f6f65b50000, 0x00007f70eafaa000, 0x00007f7a10600000)
   the space 6377832K,  80% used [0x00007f6f65b50000, 0x00007f709e276d50, 0x00007f709e276e00, 0x00007f70eafaa000)
 Metaspace       used 30518K, capacity 30925K, committed 31232K, reserved 32768K
}
Event: 479.838 GC heap after
{Heap after GC invocations=57 (full 4):
 def new generation   total 2870080K, used 266726K [0x00007f6a10600000, 0x00007f6ad3030000, 0x00007f6f65b50000)
  eden space 2551232K,   0% used [0x00007f6a10600000, 0x00007f6a10600000, 0x00007f6aac170000)
  from space 318848K,  83% used [0x00007f6aac170000, 0x00007f6abc5e9a08, 0x00007f6abf8d0000)
  to   space 318848K,   0% used [0x00007f6abf8d0000, 0x00007f6abf8d0000, 0x00007f6ad3030000)
 tenured generation   total 6377832K, used 5437979K [0x00007f6f65b50000, 0x00007f70eafaa000, 0x00007f7a10600000)
   the space 6377832K,  85% used [0x00007f6f65b50000, 0x00007f70b19d6c90, 0x00007f70b19d6e00, 0x00007f70eafaa000)
 Metaspace       used 30518K, capacity 30925K, committed 31232K, reserved 32768K
}
Event: 480.740 GC heap before
{Heap before GC invocations=57 (full 4):
 def new generation   total 2870080K, used 2817958K [0x00007f6a10600000, 0x00007f6ad3030000, 0x00007f6f65b50000)
  eden space 2551232K, 100% used [0x00007f6a10600000, 0x00007f6aac170000, 0x00007f6aac170000)
  from space 318848K,  83% used [0x00007f6aac170000, 0x00007f6abc5e9a08, 0x00007f6abf8d0000)
  to   space 318848K,   0% used [0x00007f6abf8d0000, 0x00007f6abf8d0000, 0x00007f6ad3030000)
 tenured generation   total 6377832K, used 5437979K [0x00007f6f65b50000, 0x00007f70eafaa000, 0x00007f7a10600000)
   the space 6377832K,  85% used [0x00007f6f65b50000, 0x00007f70b19d6c90, 0x00007f70b19d6e00, 0x00007f70eafaa000)
 Metaspace       used 30518K, capacity 30925K, committed 31232K, reserved 32768K
}
Event: 481.427 GC heap after
{Heap after GC invocations=58 (full 4):
 def new generation   total 2870080K, used 205637K [0x00007f6a10600000, 0x00007f6ad3030000, 0x00007f6f65b50000)
  eden space 2551232K,   0% used [0x00007f6a10600000, 0x00007f6a10600000, 0x00007f6aac170000)
  from space 318848K,  64% used [0x00007f6abf8d0000, 0x00007f6acc1a1640, 0x00007f6ad3030000)
  to   space 318848K,   0% used [0x00007f6aac170000, 0x00007f6aac170000, 0x00007f6abf8d0000)
 tenured generation   total 6377832K, used 5704704K [0x00007f6f65b50000, 0x00007f70eafaa000, 0x00007f7a10600000)
   the space 6377832K,  89% used [0x00007f6f65b50000, 0x00007f70c1e503f8, 0x00007f70c1e50400, 0x00007f70eafaa000)
 Metaspace       used 30518K, capacity 30925K, committed 31232K, reserved 32768K
}
Event: 482.213 GC heap before
{Heap before GC invocations=58 (full 4):
 def new generation   total 2870080K, used 2756869K [0x00007f6a10600000, 0x00007f6ad3030000, 0x00007f6f65b50000)
  eden space 2551232K, 100% used [0x00007f6a10600000, 0x00007f6aac170000, 0x00007f6aac170000)
  from space 318848K,  64% used [0x00007f6abf8d0000, 0x00007f6acc1a1640, 0x00007f6ad3030000)
  to   space 318848K,   0% used [0x00007f6aac170000, 0x00007f6aac170000, 0x00007f6abf8d0000)
 tenured generation   total 6377832K, used 5704704K [0x00007f6f65b50000, 0x00007f70eafaa000, 0x00007f7a10600000)
   the space 6377832K,  89% used [0x00007f6f65b50000, 0x00007f70c1e503f8, 0x00007f70c1e50400, 0x00007f70eafaa000)
 Metaspace       used 30518K, capacity 30925K, committed 31232K, reserved 32768K
}
Event: 482.828 GC heap after
{Heap after GC invocations=59 (full 4):
 def new generation   total 2870080K, used 204001K [0x00007f6a10600000, 0x00007f6ad3030000, 0x00007f6f65b50000)
  eden space 2551232K,   0% used [0x00007f6a10600000, 0x00007f6a10600000, 0x00007f6aac170000)
  from space 318848K,  63% used [0x00007f6aac170000, 0x00007f6ab88a8778, 0x00007f6abf8d0000)
  to   space 318848K,   0% used [0x00007f6abf8d0000, 0x00007f6abf8d0000, 0x00007f6ad3030000)
 tenured generation   total 6377832K, used 5910341K [0x00007f6f65b50000, 0x00007f70eafaa000, 0x00007f7a10600000)
   the space 6377832K,  92% used [0x00007f6f65b50000, 0x00007f70ce7217f8, 0x00007f70ce721800, 0x00007f70eafaa000)
 Metaspace       used 30518K, capacity 30925K, committed 31232K, reserved 32768K
}
Event: 483.583 GC heap before
{Heap before GC invocations=59 (full 4):
 def new generation   total 2870080K, used 2755233K [0x00007f6a10600000, 0x00007f6ad3030000, 0x00007f6f65b50000)
  eden space 2551232K, 100% used [0x00007f6a10600000, 0x00007f6aac170000, 0x00007f6aac170000)
  from space 318848K,  63% used [0x00007f6aac170000, 0x00007f6ab88a8778, 0x00007f6abf8d0000)
  to   space 318848K,   0% used [0x00007f6abf8d0000, 0x00007f6abf8d0000, 0x00007f6ad3030000)
 tenured generation   total 6377832K, used 5910341K [0x00007f6f65b50000, 0x00007f70eafaa000, 0x00007f7a10600000)
   the space 6377832K,  92% used [0x00007f6f65b50000, 0x00007f70ce7217f8, 0x00007f70ce721800, 0x00007f70eafaa000)
 Metaspace       used 30518K, capacity 30925K, committed 31232K, reserved 32768K
}
Event: 484.196 GC heap after
{Heap after GC invocations=60 (full 4):
 def new generation   total 2870080K, used 206379K [0x00007f6a10600000, 0x00007f6ad3030000, 0x00007f6f65b50000)
  eden space 2551232K,   0% used [0x00007f6a10600000, 0x00007f6a10600000, 0x00007f6aac170000)
  from space 318848K,  64% used [0x00007f6abf8d0000, 0x00007f6acc25acd8, 0x00007f6ad3030000)
  to   space 318848K,   0% used [0x00007f6aac170000, 0x00007f6aac170000, 0x00007f6abf8d0000)
 tenured generation   total 6377832K, used 6114343K [0x00007f6f65b50000, 0x00007f70eafaa000, 0x00007f7a10600000)
   the space 6377832K,  95% used [0x00007f6f65b50000, 0x00007f70dae59ed0, 0x00007f70dae5a000, 0x00007f70eafaa000)
 Metaspace       used 30518K, capacity 30925K, committed 31232K, reserved 32768K
}
Event: 484.948 GC heap before
{Heap before GC invocations=60 (full 4):
 def new generation   total 2870080K, used 2757611K [0x00007f6a10600000, 0x00007f6ad3030000, 0x00007f6f65b50000)
  eden space 2551232K, 100% used [0x00007f6a10600000, 0x00007f6aac170000, 0x00007f6aac170000)
  from space 318848K,  64% used [0x00007f6abf8d0000, 0x00007f6acc25acd8, 0x00007f6ad3030000)
  to   space 318848K,   0% used [0x00007f6aac170000, 0x00007f6aac170000, 0x00007f6abf8d0000)
 tenured generation   total 6377832K, used 6114343K [0x00007f6f65b50000, 0x00007f70eafaa000, 0x00007f7a10600000)
   the space 6377832K,  95% used [0x00007f6f65b50000, 0x00007f70dae59ed0, 0x00007f70dae5a000, 0x00007f70eafaa000)
 Metaspace       used 30518K, capacity 30925K, committed 31232K, reserved 32768K
}
Event: 485.568 GC heap after
{Heap after GC invocations=61 (full 4):
 def new generation   total 2870080K, used 205849K [0x00007f6a10600000, 0x00007f6ad3030000, 0x00007f6f65b50000)
  eden space 2551232K,   0% used [0x00007f6a10600000, 0x00007f6a10600000, 0x00007f6aac170000)
  from space 318848K,  64% used [0x00007f6aac170000, 0x00007f6ab8a766f0, 0x00007f6abf8d0000)
  to   space 318848K,   0% used [0x00007f6abf8d0000, 0x00007f6abf8d0000, 0x00007f6ad3030000)
 tenured generation   total 6377832K, used 6320722K [0x00007f6f65b50000, 0x00007f70eafaa000, 0x00007f7a10600000)
   the space 6377832K,  99% used [0x00007f6f65b50000, 0x00007f70e77e4998, 0x00007f70e77e4a00, 0x00007f70eafaa000)
 Metaspace       used 30518K, capacity 30925K, committed 31232K, reserved 32768K
}
Event: 486.307 GC heap before
{Heap before GC invocations=61 (full 4):
 def new generation   total 2870080K, used 2757081K [0x00007f6a10600000, 0x00007f6ad3030000, 0x00007f6f65b50000)
  eden space 2551232K, 100% used [0x00007f6a10600000, 0x00007f6aac170000, 0x00007f6aac170000)
  from space 318848K,  64% used [0x00007f6aac170000, 0x00007f6ab8a766f0, 0x00007f6abf8d0000)
  to   space 318848K,   0% used [0x00007f6abf8d0000, 0x00007f6abf8d0000, 0x00007f6ad3030000)
 tenured generation   total 6377832K, used 6320722K [0x00007f6f65b50000, 0x00007f70eafaa000, 0x00007f7a10600000)
   the space 6377832K,  99% used [0x00007f6f65b50000, 0x00007f70e77e4998, 0x00007f70e77e4a00, 0x00007f70eafaa000)
 Metaspace       used 30518K, capacity 30925K, committed 31232K, reserved 32768K
}
Event: 486.902 GC heap after
{Heap after GC invocations=62 (full 4):
 def new generation   total 2870080K, used 205390K [0x00007f6a10600000, 0x00007f6ad3030000, 0x00007f6f65b50000)
  eden space 2551232K,   0% used [0x00007f6a10600000, 0x00007f6a10600000, 0x00007f6aac170000)
  from space 318848K,  64% used [0x00007f6abf8d0000, 0x00007f6acc163b28, 0x00007f6ad3030000)
  to   space 318848K,   0% used [0x00007f6aac170000, 0x00007f6aac170000, 0x00007f6abf8d0000)
 tenured generation   total 6526632K, used 6526571K [0x00007f6f65b50000, 0x00007f70f40fa000, 0x00007f7a10600000)
   the space 6526632K,  99% used [0x00007f6f65b50000, 0x00007f70f40eadb8, 0x00007f70f40eae00, 0x00007f70f40fa000)
 Metaspace       used 30518K, capacity 30925K, committed 31232K, reserved 32768K
}
Event: 486.902 GC heap before
{Heap before GC invocations=62 (full 4):
 def new generation   total 2870080K, used 205390K [0x00007f6a10600000, 0x00007f6ad3030000, 0x00007f6f65b50000)
  eden space 2551232K,   0% used [0x00007f6a10600000, 0x00007f6a10600000, 0x00007f6aac170000)
  from space 318848K,  64% used [0x00007f6abf8d0000, 0x00007f6acc163b28, 0x00007f6ad3030000)
  to   space 318848K,   0% used [0x00007f6aac170000, 0x00007f6aac170000, 0x00007f6abf8d0000)
 tenured generation   total 6526632K, used 6526571K [0x00007f6f65b50000, 0x00007f70f40fa000, 0x00007f7a10600000)
   the space 6526632K,  99% used [0x00007f6f65b50000, 0x00007f70f40eadb8, 0x00007f70f40eae00, 0x00007f70f40fa000)
 Metaspace       used 30518K, capacity 30925K, committed 31232K, reserved 32768K
}

