# JRE version: OpenJDK Runtime Environment (13.0.7+5) (build 13.0.7+5-Ubuntu-0ubuntu120.04)
# Java VM: OpenJDK 64-Bit Server VM (13.0.7+5-Ubuntu-0ubuntu120.04, mixed mode, tiered, serial gc, linux-amd64)
Heap:
 def new generation   total 5461568K, used 606783K [0x00007fc590600000, 0x00007fc702c20000, 0x00007fcae5b50000)
  eden space 4854784K,  12% used [0x00007fc590600000, 0x00007fc5b568fc00, 0x00007fc6b8b00000)
  from space 606784K,   0% used [0x00007fc6b8b00000, 0x00007fc6b8b00000, 0x00007fc6ddb90000)
  to   space 606784K,   0% used [0x00007fc6ddb90000, 0x00007fc6ddb90000, 0x00007fc702c20000)
 tenured generation   total 14131876K, used 14131861K [0x00007fcae5b50000, 0x00007fce443f9000, 0x00007fd590600000)
   the space 14131876K,  99% used [0x00007fcae5b50000, 0x00007fce443f5448, 0x00007fce443f5600, 0x00007fce443f9000)
 Metaspace       used 30567K, capacity 31054K, committed 31232K, reserved 32768K
GC Heap History (20 events):
Event: 7.327 GC heap after
{Heap after GC invocations=5 (full 1):
 def new generation   total 629248K, used 69887K [0x00007fc590600000, 0x00007fc5bb0c0000, 0x00007fcae5b50000)
  eden space 559360K,   0% used [0x00007fc590600000, 0x00007fc590600000, 0x00007fc5b2840000)
  from space 69888K,  99% used [0x00007fc5b2840000, 0x00007fc5b6c7fde8, 0x00007fc5b6c80000)
  to   space 69888K,   0% used [0x00007fc5b6c80000, 0x00007fc5b6c80000, 0x00007fc5bb0c0000)
 tenured generation   total 1895616K, used 1895568K [0x00007fcae5b50000, 0x00007fcb59680000, 0x00007fd590600000)
   the space 1895616K,  99% used [0x00007fcae5b50000, 0x00007fcb596740c8, 0x00007fcb59674200, 0x00007fcb59680000)
 Metaspace       used 30565K, capacity 31054K, committed 31232K, reserved 32768K
}
Event: 7.327 GC heap before
{Heap before GC invocations=5 (full 1):
 def new generation   total 629248K, used 69887K [0x00007fc590600000, 0x00007fc5bb0c0000, 0x00007fcae5b50000)
  eden space 559360K,   0% used [0x00007fc590600000, 0x00007fc590600000, 0x00007fc5b2840000)
  from space 69888K,  99% used [0x00007fc5b2840000, 0x00007fc5b6c7fde8, 0x00007fc5b6c80000)
  to   space 69888K,   0% used [0x00007fc5b6c80000, 0x00007fc5b6c80000, 0x00007fc5bb0c0000)
 tenured generation   total 1895616K, used 1895568K [0x00007fcae5b50000, 0x00007fcb59680000, 0x00007fd590600000)
   the space 1895616K,  99% used [0x00007fcae5b50000, 0x00007fcb596740c8, 0x00007fcb59674200, 0x00007fcb59680000)
 Metaspace       used 30565K, capacity 31054K, committed 31232K, reserved 32768K
}
Event: 7.722 GC heap after
{Heap after GC invocations=5 (full 2):
 def new generation   total 1421760K, used 69840K [0x00007fc590600000, 0x00007fc5f0cb0000, 0x00007fcae5b50000)
  eden space 1263808K,   5% used [0x00007fc590600000, 0x00007fc594a34198, 0x00007fc5dd830000)
  from space 157952K,   0% used [0x00007fc5dd830000, 0x00007fc5dd830000, 0x00007fc5e7270000)
  to   space 157952K,   0% used [0x00007fc5e7270000, 0x00007fc5e7270000, 0x00007fc5f0cb0000)
 tenured generation   total 3159360K, used 1895615K [0x00007fcae5b50000, 0x00007fcba68a0000, 0x00007fd590600000)
   the space 3159360K,  59% used [0x00007fcae5b50000, 0x00007fcb5967fd18, 0x00007fcb5967fe00, 0x00007fcba68a0000)
 Metaspace       used 30565K, capacity 31054K, committed 31232K, reserved 32768K
}
Event: 8.046 GC heap before
{Heap before GC invocations=5 (full 2):
 def new generation   total 1421760K, used 1263808K [0x00007fc590600000, 0x00007fc5f0cb0000, 0x00007fcae5b50000)
  eden space 1263808K, 100% used [0x00007fc590600000, 0x00007fc5dd830000, 0x00007fc5dd830000)
  from space 157952K,   0% used [0x00007fc5dd830000, 0x00007fc5dd830000, 0x00007fc5e7270000)
  to   space 157952K,   0% used [0x00007fc5e7270000, 0x00007fc5e7270000, 0x00007fc5f0cb0000)
 tenured generation   total 3159360K, used 1895615K [0x00007fcae5b50000, 0x00007fcba68a0000, 0x00007fd590600000)
   the space 3159360K,  59% used [0x00007fcae5b50000, 0x00007fcb5967fd18, 0x00007fcb5967fe00, 0x00007fcba68a0000)
 Metaspace       used 30567K, capacity 31054K, committed 31232K, reserved 32768K
}
Event: 9.109 GC heap after
{Heap after GC invocations=6 (full 2):
 def new generation   total 1421760K, used 157951K [0x00007fc590600000, 0x00007fc5f0cb0000, 0x00007fcae5b50000)
  eden space 1263808K,   0% used [0x00007fc590600000, 0x00007fc590600000, 0x00007fc5dd830000)
  from space 157952K,  99% used [0x00007fc5e7270000, 0x00007fc5f0cafcd0, 0x00007fc5f0cb0000)
  to   space 157952K,   0% used [0x00007fc5dd830000, 0x00007fc5dd830000, 0x00007fc5e7270000)
 tenured generation   total 3159360K, used 3001422K [0x00007fcae5b50000, 0x00007fcba68a0000, 0x00007fd590600000)
   the space 3159360K,  95% used [0x00007fcae5b50000, 0x00007fcb9ce63860, 0x00007fcb9ce63a00, 0x00007fcba68a0000)
 Metaspace       used 30567K, capacity 31054K, committed 31232K, reserved 32768K
}
Event: 9.522 GC heap before
{Heap before GC invocations=6 (full 2):
 def new generation   total 1421760K, used 1421759K [0x00007fc590600000, 0x00007fc5f0cb0000, 0x00007fcae5b50000)
  eden space 1263808K, 100% used [0x00007fc590600000, 0x00007fc5dd830000, 0x00007fc5dd830000)
  from space 157952K,  99% used [0x00007fc5e7270000, 0x00007fc5f0cafcd0, 0x00007fc5f0cb0000)
  to   space 157952K,   0% used [0x00007fc5dd830000, 0x00007fc5dd830000, 0x00007fc5e7270000)
 tenured generation   total 3159360K, used 3001422K [0x00007fcae5b50000, 0x00007fcba68a0000, 0x00007fd590600000)
   the space 3159360K,  95% used [0x00007fcae5b50000, 0x00007fcb9ce63860, 0x00007fcb9ce63a00, 0x00007fcba68a0000)
 Metaspace       used 30567K, capacity 31054K, committed 31232K, reserved 32768K
}
Event: 11.511 GC heap after
{Heap after GC invocations=7 (full 2):
 def new generation   total 1421760K, used 157951K [0x00007fc590600000, 0x00007fc5f0cb0000, 0x00007fcae5b50000)
  eden space 1263808K,   0% used [0x00007fc590600000, 0x00007fc590600000, 0x00007fc5dd830000)
  from space 157952K,  99% used [0x00007fc5dd830000, 0x00007fc5e726fcd0, 0x00007fc5e7270000)
  to   space 157952K,   0% used [0x00007fc5e7270000, 0x00007fc5e7270000, 0x00007fc5f0cb0000)
 tenured generation   total 4265280K, used 4265161K [0x00007fcae5b50000, 0x00007fcbea0a0000, 0x00007fd590600000)
   the space 4265280K,  99% used [0x00007fcae5b50000, 0x00007fcbea0826c8, 0x00007fcbea082800, 0x00007fcbea0a0000)
 Metaspace       used 30567K, capacity 31054K, committed 31232K, reserved 32768K
}
Event: 11.511 GC heap before
{Heap before GC invocations=7 (full 2):
 def new generation   total 1421760K, used 157951K [0x00007fc590600000, 0x00007fc5f0cb0000, 0x00007fcae5b50000)
  eden space 1263808K,   0% used [0x00007fc590600000, 0x00007fc590600000, 0x00007fc5dd830000)
  from space 157952K,  99% used [0x00007fc5dd830000, 0x00007fc5e726fcd0, 0x00007fc5e7270000)
  to   space 157952K,   0% used [0x00007fc5e7270000, 0x00007fc5e7270000, 0x00007fc5f0cb0000)
 tenured generation   total 4265280K, used 4265161K [0x00007fcae5b50000, 0x00007fcbea0a0000, 0x00007fd590600000)
   the space 4265280K,  99% used [0x00007fcae5b50000, 0x00007fcbea0826c8, 0x00007fcbea082800, 0x00007fcbea0a0000)
 Metaspace       used 30567K, capacity 31054K, committed 31232K, reserved 32768K
}
Event: 12.734 GC heap after
{Heap after GC invocations=7 (full 3):
 def new generation   total 3199040K, used 157833K [0x00007fc590600000, 0x00007fc669520000, 0x00007fcae5b50000)
  eden space 2843648K,   5% used [0x00007fc590600000, 0x00007fc59a022608, 0x00007fc63df00000)
  from space 355392K,   0% used [0x00007fc63df00000, 0x00007fc63df00000, 0x00007fc653a10000)
  to   space 355392K,   0% used [0x00007fc653a10000, 0x00007fc653a10000, 0x00007fc669520000)
 tenured generation   total 7108800K, used 4265279K [0x00007fcae5b50000, 0x00007fcc97980000, 0x00007fd590600000)
   the space 7108800K,  59% used [0x00007fcae5b50000, 0x00007fcbea09fd90, 0x00007fcbea09fe00, 0x00007fcc97980000)
 Metaspace       used 30567K, capacity 31054K, committed 31232K, reserved 32768K
}
Event: 17.675 GC heap before
{Heap before GC invocations=7 (full 3):
 def new generation   total 3199040K, used 2843648K [0x00007fc590600000, 0x00007fc669520000, 0x00007fcae5b50000)
  eden space 2843648K, 100% used [0x00007fc590600000, 0x00007fc63df00000, 0x00007fc63df00000)
  from space 355392K,   0% used [0x00007fc63df00000, 0x00007fc63df00000, 0x00007fc653a10000)
  to   space 355392K,   0% used [0x00007fc653a10000, 0x00007fc653a10000, 0x00007fc669520000)
 tenured generation   total 7108800K, used 4265279K [0x00007fcae5b50000, 0x00007fcc97980000, 0x00007fd590600000)
   the space 7108800K,  59% used [0x00007fcae5b50000, 0x00007fcbea09fd90, 0x00007fcbea09fe00, 0x00007fcc97980000)
 Metaspace       used 30567K, capacity 31054K, committed 31232K, reserved 32768K
}
Event: 20.220 GC heap after
{Heap after GC invocations=8 (full 3):
 def new generation   total 3199040K, used 355392K [0x00007fc590600000, 0x00007fc669520000, 0x00007fcae5b50000)
  eden space 2843648K,   0% used [0x00007fc590600000, 0x00007fc590600000, 0x00007fc63df00000)
  from space 355392K, 100% used [0x00007fc653a10000, 0x00007fc669520000, 0x00007fc669520000)
  to   space 355392K,   0% used [0x00007fc63df00000, 0x00007fc63df00000, 0x00007fc653a10000)
 tenured generation   total 7108800K, used 5879519K [0x00007fcae5b50000, 0x00007fcc97980000, 0x00007fd590600000)
   the space 7108800K,  82% used [0x00007fcae5b50000, 0x00007fcc4c907ee8, 0x00007fcc4c908000, 0x00007fcc97980000)
 Metaspace       used 30567K, capacity 31054K, committed 31232K, reserved 32768K
}
Event: 29.649 GC heap before
{Heap before GC invocations=8 (full 3):
 def new generation   total 3199040K, used 3199040K [0x00007fc590600000, 0x00007fc669520000, 0x00007fcae5b50000)
  eden space 2843648K, 100% used [0x00007fc590600000, 0x00007fc63df00000, 0x00007fc63df00000)
  from space 355392K, 100% used [0x00007fc653a10000, 0x00007fc669520000, 0x00007fc669520000)
  to   space 355392K,   0% used [0x00007fc63df00000, 0x00007fc63df00000, 0x00007fc653a10000)
 tenured generation   total 7108800K, used 5879519K [0x00007fcae5b50000, 0x00007fcc97980000, 0x00007fd590600000)
   the space 7108800K,  82% used [0x00007fcae5b50000, 0x00007fcc4c907ee8, 0x00007fcc4c908000, 0x00007fcc97980000)
 Metaspace       used 30567K, capacity 31054K, committed 31232K, reserved 32768K
}
Event: 32.133 GC heap after
{Heap after GC invocations=9 (full 3):
 def new generation   total 3199040K, used 355391K [0x00007fc590600000, 0x00007fc669520000, 0x00007fcae5b50000)
  eden space 2843648K,   0% used [0x00007fc590600000, 0x00007fc590600000, 0x00007fc63df00000)
  from space 355392K,  99% used [0x00007fc63df00000, 0x00007fc653a0ffd0, 0x00007fc653a10000)
  to   space 355392K,   0% used [0x00007fc653a10000, 0x00007fc653a10000, 0x00007fc669520000)
 tenured generation   total 7287552K, used 7287403K [0x00007fcae5b50000, 0x00007fcca2810000, 0x00007fd590600000)
   the space 7287552K,  99% used [0x00007fcae5b50000, 0x00007fcca27ead98, 0x00007fcca27eae00, 0x00007fcca2810000)
 Metaspace       used 30567K, capacity 31054K, committed 31232K, reserved 32768K
}
Event: 32.133 GC heap before
{Heap before GC invocations=9 (full 3):
 def new generation   total 3199040K, used 355391K [0x00007fc590600000, 0x00007fc669520000, 0x00007fcae5b50000)
  eden space 2843648K,   0% used [0x00007fc590600000, 0x00007fc590600000, 0x00007fc63df00000)
  from space 355392K,  99% used [0x00007fc63df00000, 0x00007fc653a0ffd0, 0x00007fc653a10000)
  to   space 355392K,   0% used [0x00007fc653a10000, 0x00007fc653a10000, 0x00007fc669520000)
 tenured generation   total 7287552K, used 7287403K [0x00007fcae5b50000, 0x00007fcca2810000, 0x00007fd590600000)
   the space 7287552K,  99% used [0x00007fcae5b50000, 0x00007fcca27ead98, 0x00007fcca27eae00, 0x00007fcca2810000)
 Metaspace       used 30567K, capacity 31054K, committed 31232K, reserved 32768K
}
Event: 40.573 GC heap after
{Heap after GC invocations=9 (full 4):
 def new generation   total 5461568K, used 355391K [0x00007fc590600000, 0x00007fc702c20000, 0x00007fcae5b50000)
  eden space 4854784K,   7% used [0x00007fc590600000, 0x00007fc5a610ffd0, 0x00007fc6b8b00000)
  from space 606784K,   0% used [0x00007fc6b8b00000, 0x00007fc6b8b00000, 0x00007fc6ddb90000)
  to   space 606784K,   0% used [0x00007fc6ddb90000, 0x00007fc6ddb90000, 0x00007fc702c20000)
 tenured generation   total 12136612K, used 7281966K [0x00007fcae5b50000, 0x00007fcdca779000, 0x00007fd590600000)
   the space 12136612K,  59% used [0x00007fcae5b50000, 0x00007fcca229b828, 0x00007fcca229ba00, 0x00007fcdca779000)
 Metaspace       used 30567K, capacity 31054K, committed 31232K, reserved 32768K
}
Event: 43.579 GC heap before
{Heap before GC invocations=9 (full 4):
 def new generation   total 5461568K, used 4854784K [0x00007fc590600000, 0x00007fc702c20000, 0x00007fcae5b50000)
  eden space 4854784K, 100% used [0x00007fc590600000, 0x00007fc6b8b00000, 0x00007fc6b8b00000)
  from space 606784K,   0% used [0x00007fc6b8b00000, 0x00007fc6b8b00000, 0x00007fc6ddb90000)
  to   space 606784K,   0% used [0x00007fc6ddb90000, 0x00007fc6ddb90000, 0x00007fc702c20000)
 tenured generation   total 12136612K, used 7281966K [0x00007fcae5b50000, 0x00007fcdca779000, 0x00007fd590600000)
   the space 12136612K,  59% used [0x00007fcae5b50000, 0x00007fcca229b828, 0x00007fcca229ba00, 0x00007fcdca779000)
 Metaspace       used 30567K, capacity 31054K, committed 31232K, reserved 32768K
}
Event: 51.178 GC heap after
{Heap after GC invocations=10 (full 4):
 def new generation   total 5461568K, used 606783K [0x00007fc590600000, 0x00007fc702c20000, 0x00007fcae5b50000)
  eden space 4854784K,   0% used [0x00007fc590600000, 0x00007fc590600000, 0x00007fc6b8b00000)
  from space 606784K,  99% used [0x00007fc6ddb90000, 0x00007fc702c1fc00, 0x00007fc702c20000)
  to   space 606784K,   0% used [0x00007fc6b8b00000, 0x00007fc6b8b00000, 0x00007fc6ddb90000)
 tenured generation   total 12136612K, used 11529925K [0x00007fcae5b50000, 0x00007fcdca779000, 0x00007fd590600000)
   the space 12136612K,  95% used [0x00007fcae5b50000, 0x00007fcda5701638, 0x00007fcda5701800, 0x00007fcdca779000)
 Metaspace       used 30567K, capacity 31054K, committed 31232K, reserved 32768K
}
Event: 65.989 GC heap before
{Heap before GC invocations=10 (full 4):
 def new generation   total 5461568K, used 5461567K [0x00007fc590600000, 0x00007fc702c20000, 0x00007fcae5b50000)
  eden space 4854784K, 100% used [0x00007fc590600000, 0x00007fc6b8b00000, 0x00007fc6b8b00000)
  from space 606784K,  99% used [0x00007fc6ddb90000, 0x00007fc702c1fc00, 0x00007fc702c20000)
  to   space 606784K,   0% used [0x00007fc6b8b00000, 0x00007fc6b8b00000, 0x00007fc6ddb90000)
 tenured generation   total 12136612K, used 11529925K [0x00007fcae5b50000, 0x00007fcdca779000, 0x00007fd590600000)
   the space 12136612K,  95% used [0x00007fcae5b50000, 0x00007fcda5701638, 0x00007fcda5701800, 0x00007fcdca779000)
 Metaspace       used 30567K, capacity 31054K, committed 31232K, reserved 32768K
}
Event: 71.495 GC heap after
{Heap after GC invocations=11 (full 4):
 def new generation   total 5461568K, used 606783K [0x00007fc590600000, 0x00007fc702c20000, 0x00007fcae5b50000)
  eden space 4854784K,   0% used [0x00007fc590600000, 0x00007fc590600000, 0x00007fc6b8b00000)
  from space 606784K,  99% used [0x00007fc6b8b00000, 0x00007fc6ddb8fc00, 0x00007fc6ddb90000)
  to   space 606784K,   0% used [0x00007fc6ddb90000, 0x00007fc6ddb90000, 0x00007fc702c20000)
 tenured generation   total 14131876K, used 14131861K [0x00007fcae5b50000, 0x00007fce443f9000, 0x00007fd590600000)
   the space 14131876K,  99% used [0x00007fcae5b50000, 0x00007fce443f5448, 0x00007fce443f5600, 0x00007fce443f9000)
 Metaspace       used 30567K, capacity 31054K, committed 31232K, reserved 32768K
}
Event: 71.495 GC heap before
{Heap before GC invocations=11 (full 4):
 def new generation   total 5461568K, used 606783K [0x00007fc590600000, 0x00007fc702c20000, 0x00007fcae5b50000)
  eden space 4854784K,   0% used [0x00007fc590600000, 0x00007fc590600000, 0x00007fc6b8b00000)
  from space 606784K,  99% used [0x00007fc6b8b00000, 0x00007fc6ddb8fc00, 0x00007fc6ddb90000)
  to   space 606784K,   0% used [0x00007fc6ddb90000, 0x00007fc6ddb90000, 0x00007fc702c20000)
 tenured generation   total 14131876K, used 14131861K [0x00007fcae5b50000, 0x00007fce443f9000, 0x00007fd590600000)
   the space 14131876K,  99% used [0x00007fcae5b50000, 0x00007fce443f5448, 0x00007fce443f5600, 0x00007fce443f9000)
 Metaspace       used 30567K, capacity 31054K, committed 31232K, reserved 32768K
}

