# JRE version: OpenJDK Runtime Environment (13.0.7+5) (build 13.0.7+5-Ubuntu-0ubuntu120.04)
# Java VM: OpenJDK 64-Bit Server VM (13.0.7+5-Ubuntu-0ubuntu120.04, mixed mode, tiered, serial gc, linux-amd64)
Heap:
 def new generation   total 1540544K, used 58051K [0x00007f7078600000, 0x00007f70e0d90000, 0x00007f7b230a0000)
  eden space 1369408K,   4% used [0x00007f7078600000, 0x00007f707beb0cf0, 0x00007f70cbf50000)
  from space 171136K,   0% used [0x00007f70d6670000, 0x00007f70d6670000, 0x00007f70e0d90000)
  to   space 171136K,   0% used [0x00007f70cbf50000, 0x00007f70cbf50000, 0x00007f70d6670000)
 tenured generation   total 3439672K, used 3439467K [0x00007f7b230a0000, 0x00007f7bf4fae000, 0x00007f9078600000)
   the space 3439672K,  99% used [0x00007f7b230a0000, 0x00007f7bf4f7ae80, 0x00007f7bf4f7b000, 0x00007f7bf4fae000)
 Metaspace       used 24255K, capacity 24631K, committed 24832K, reserved 26624K
GC Heap History (20 events):
Event: 1195.323 GC heap after
{Heap after GC invocations=1265 (full 5):
 def new generation   total 1540544K, used 90996K [0x00007f7078600000, 0x00007f70e0d90000, 0x00007f7b230a0000)
  eden space 1369408K,   0% used [0x00007f7078600000, 0x00007f7078600000, 0x00007f70cbf50000)
  from space 171136K,  53% used [0x00007f70cbf50000, 0x00007f70d182d0d8, 0x00007f70d6670000)
  to   space 171136K,   0% used [0x00007f70d6670000, 0x00007f70d6670000, 0x00007f70e0d90000)
 tenured generation   total 3423284K, used 3361856K [0x00007f7b230a0000, 0x00007f7bf3fad000, 0x00007f9078600000)
   the space 3423284K,  98% used [0x00007f7b230a0000, 0x00007f7bf03b0078, 0x00007f7bf03b0200, 0x00007f7bf3fad000)
 Metaspace       used 24255K, capacity 24631K, committed 24832K, reserved 26624K
}
Event: 1197.133 GC heap before
{Heap before GC invocations=1265 (full 5):
 def new generation   total 1540544K, used 1455158K [0x00007f7078600000, 0x00007f70e0d90000, 0x00007f7b230a0000)
  eden space 1369408K,  99% used [0x00007f7078600000, 0x00007f70cba30a50, 0x00007f70cbf50000)
  from space 171136K,  53% used [0x00007f70cbf50000, 0x00007f70d182d0d8, 0x00007f70d6670000)
  to   space 171136K,   0% used [0x00007f70d6670000, 0x00007f70d6670000, 0x00007f70e0d90000)
 tenured generation   total 3423284K, used 3361856K [0x00007f7b230a0000, 0x00007f7bf3fad000, 0x00007f9078600000)
   the space 3423284K,  98% used [0x00007f7b230a0000, 0x00007f7bf03b0078, 0x00007f7bf03b0200, 0x00007f7bf3fad000)
 Metaspace       used 24255K, capacity 24631K, committed 24832K, reserved 26624K
}
Event: 1197.222 GC heap after
{Heap after GC invocations=1266 (full 5):
 def new generation   total 1540544K, used 94019K [0x00007f7078600000, 0x00007f70e0d90000, 0x00007f7b230a0000)
  eden space 1369408K,   0% used [0x00007f7078600000, 0x00007f7078600000, 0x00007f70cbf50000)
  from space 171136K,  54% used [0x00007f70d6670000, 0x00007f70dc240d68, 0x00007f70e0d90000)
  to   space 171136K,   0% used [0x00007f70cbf50000, 0x00007f70cbf50000, 0x00007f70d6670000)
 tenured generation   total 3423284K, used 3378814K [0x00007f7b230a0000, 0x00007f7bf3fad000, 0x00007f9078600000)
   the space 3423284K,  98% used [0x00007f7b230a0000, 0x00007f7bf143fbf0, 0x00007f7bf143fc00, 0x00007f7bf3fad000)
 Metaspace       used 24255K, capacity 24631K, committed 24832K, reserved 26624K
}
Event: 1198.805 GC heap before
{Heap before GC invocations=1266 (full 5):
 def new generation   total 1540544K, used 1463427K [0x00007f7078600000, 0x00007f70e0d90000, 0x00007f7b230a0000)
  eden space 1369408K, 100% used [0x00007f7078600000, 0x00007f70cbf50000, 0x00007f70cbf50000)
  from space 171136K,  54% used [0x00007f70d6670000, 0x00007f70dc240d68, 0x00007f70e0d90000)
  to   space 171136K,   0% used [0x00007f70cbf50000, 0x00007f70cbf50000, 0x00007f70d6670000)
 tenured generation   total 3423284K, used 3378814K [0x00007f7b230a0000, 0x00007f7bf3fad000, 0x00007f9078600000)
   the space 3423284K,  98% used [0x00007f7b230a0000, 0x00007f7bf143fbf0, 0x00007f7bf143fc00, 0x00007f7bf3fad000)
 Metaspace       used 24255K, capacity 24631K, committed 24832K, reserved 26624K
}
Event: 1198.879 GC heap after
{Heap after GC invocations=1267 (full 5):
 def new generation   total 1540544K, used 67301K [0x00007f7078600000, 0x00007f70e0d90000, 0x00007f7b230a0000)
  eden space 1369408K,   0% used [0x00007f7078600000, 0x00007f7078600000, 0x00007f70cbf50000)
  from space 171136K,  39% used [0x00007f70cbf50000, 0x00007f70d0109690, 0x00007f70d6670000)
  to   space 171136K,   0% used [0x00007f70d6670000, 0x00007f70d6670000, 0x00007f70e0d90000)
 tenured generation   total 3423284K, used 3395773K [0x00007f7b230a0000, 0x00007f7bf3fad000, 0x00007f9078600000)
   the space 3423284K,  99% used [0x00007f7b230a0000, 0x00007f7bf24cf768, 0x00007f7bf24cf800, 0x00007f7bf3fad000)
 Metaspace       used 24255K, capacity 24631K, committed 24832K, reserved 26624K
}
Event: 1200.061 GC heap before
{Heap before GC invocations=1267 (full 5):
 def new generation   total 1540544K, used 1436709K [0x00007f7078600000, 0x00007f70e0d90000, 0x00007f7b230a0000)
  eden space 1369408K, 100% used [0x00007f7078600000, 0x00007f70cbf50000, 0x00007f70cbf50000)
  from space 171136K,  39% used [0x00007f70cbf50000, 0x00007f70d0109690, 0x00007f70d6670000)
  to   space 171136K,   0% used [0x00007f70d6670000, 0x00007f70d6670000, 0x00007f70e0d90000)
 tenured generation   total 3423284K, used 3395773K [0x00007f7b230a0000, 0x00007f7bf3fad000, 0x00007f9078600000)
   the space 3423284K,  99% used [0x00007f7b230a0000, 0x00007f7bf24cf768, 0x00007f7bf24cf800, 0x00007f7bf3fad000)
 Metaspace       used 24255K, capacity 24631K, committed 24832K, reserved 26624K
}
Event: 1200.111 GC heap after
{Heap after GC invocations=1268 (full 5):
 def new generation   total 1540544K, used 67832K [0x00007f7078600000, 0x00007f70e0d90000, 0x00007f7b230a0000)
  eden space 1369408K,   0% used [0x00007f7078600000, 0x00007f7078600000, 0x00007f70cbf50000)
  from space 171136K,  39% used [0x00007f70d6670000, 0x00007f70da8ae2c8, 0x00007f70e0d90000)
  to   space 171136K,   0% used [0x00007f70cbf50000, 0x00007f70cbf50000, 0x00007f70d6670000)
 tenured generation   total 3423284K, used 3395773K [0x00007f7b230a0000, 0x00007f7bf3fad000, 0x00007f9078600000)
   the space 3423284K,  99% used [0x00007f7b230a0000, 0x00007f7bf24cf768, 0x00007f7bf24cf800, 0x00007f7bf3fad000)
 Metaspace       used 24255K, capacity 24631K, committed 24832K, reserved 26624K
}
Event: 1201.746 GC heap before
{Heap before GC invocations=1268 (full 5):
 def new generation   total 1540544K, used 1437240K [0x00007f7078600000, 0x00007f70e0d90000, 0x00007f7b230a0000)
  eden space 1369408K, 100% used [0x00007f7078600000, 0x00007f70cbf50000, 0x00007f70cbf50000)
  from space 171136K,  39% used [0x00007f70d6670000, 0x00007f70da8ae2c8, 0x00007f70e0d90000)
  to   space 171136K,   0% used [0x00007f70cbf50000, 0x00007f70cbf50000, 0x00007f70d6670000)
 tenured generation   total 3423284K, used 3395773K [0x00007f7b230a0000, 0x00007f7bf3fad000, 0x00007f9078600000)
   the space 3423284K,  99% used [0x00007f7b230a0000, 0x00007f7bf24cf768, 0x00007f7bf24cf800, 0x00007f7bf3fad000)
 Metaspace       used 24255K, capacity 24631K, committed 24832K, reserved 26624K
}
Event: 1201.802 GC heap after
{Heap after GC invocations=1269 (full 5):
 def new generation   total 1540544K, used 74013K [0x00007f7078600000, 0x00007f70e0d90000, 0x00007f7b230a0000)
  eden space 1369408K,   0% used [0x00007f7078600000, 0x00007f7078600000, 0x00007f70cbf50000)
  from space 171136K,  43% used [0x00007f70cbf50000, 0x00007f70d07975e0, 0x00007f70d6670000)
  to   space 171136K,   0% used [0x00007f70d6670000, 0x00007f70d6670000, 0x00007f70e0d90000)
 tenured generation   total 3423284K, used 3395773K [0x00007f7b230a0000, 0x00007f7bf3fad000, 0x00007f9078600000)
   the space 3423284K,  99% used [0x00007f7b230a0000, 0x00007f7bf24cf768, 0x00007f7bf24cf800, 0x00007f7bf3fad000)
 Metaspace       used 24255K, capacity 24631K, committed 24832K, reserved 26624K
}
Event: 1203.456 GC heap before
{Heap before GC invocations=1269 (full 5):
 def new generation   total 1540544K, used 1433198K [0x00007f7078600000, 0x00007f70e0d90000, 0x00007f7b230a0000)
  eden space 1369408K,  99% used [0x00007f7078600000, 0x00007f70cb5543c8, 0x00007f70cbf50000)
  from space 171136K,  43% used [0x00007f70cbf50000, 0x00007f70d07975e0, 0x00007f70d6670000)
  to   space 171136K,   0% used [0x00007f70d6670000, 0x00007f70d6670000, 0x00007f70e0d90000)
 tenured generation   total 3423284K, used 3395773K [0x00007f7b230a0000, 0x00007f7bf3fad000, 0x00007f9078600000)
   the space 3423284K,  99% used [0x00007f7b230a0000, 0x00007f7bf24cf768, 0x00007f7bf24cf800, 0x00007f7bf3fad000)
 Metaspace       used 24255K, capacity 24631K, committed 24832K, reserved 26624K
}
Event: 1203.530 GC heap after
{Heap after GC invocations=1270 (full 5):
 def new generation   total 1540544K, used 81711K [0x00007f7078600000, 0x00007f70e0d90000, 0x00007f7b230a0000)
  eden space 1369408K,   0% used [0x00007f7078600000, 0x00007f7078600000, 0x00007f70cbf50000)
  from space 171136K,  47% used [0x00007f70d6670000, 0x00007f70db63bd40, 0x00007f70e0d90000)
  to   space 171136K,   0% used [0x00007f70cbf50000, 0x00007f70cbf50000, 0x00007f70d6670000)
 tenured generation   total 3423284K, used 3395773K [0x00007f7b230a0000, 0x00007f7bf3fad000, 0x00007f9078600000)
   the space 3423284K,  99% used [0x00007f7b230a0000, 0x00007f7bf24cf768, 0x00007f7bf24cf800, 0x00007f7bf3fad000)
 Metaspace       used 24255K, capacity 24631K, committed 24832K, reserved 26624K
}
Event: 1204.857 GC heap before
{Heap before GC invocations=1270 (full 5):
 def new generation   total 1540544K, used 1451119K [0x00007f7078600000, 0x00007f70e0d90000, 0x00007f7b230a0000)
  eden space 1369408K, 100% used [0x00007f7078600000, 0x00007f70cbf50000, 0x00007f70cbf50000)
  from space 171136K,  47% used [0x00007f70d6670000, 0x00007f70db63bd40, 0x00007f70e0d90000)
  to   space 171136K,   0% used [0x00007f70cbf50000, 0x00007f70cbf50000, 0x00007f70d6670000)
 tenured generation   total 3423284K, used 3395773K [0x00007f7b230a0000, 0x00007f7bf3fad000, 0x00007f9078600000)
   the space 3423284K,  99% used [0x00007f7b230a0000, 0x00007f7bf24cf768, 0x00007f7bf24cf800, 0x00007f7bf3fad000)
 Metaspace       used 24255K, capacity 24631K, committed 24832K, reserved 26624K
}
Event: 1204.921 GC heap after
{Heap after GC invocations=1271 (full 5):
 def new generation   total 1540544K, used 85285K [0x00007f7078600000, 0x00007f70e0d90000, 0x00007f7b230a0000)
  eden space 1369408K,   0% used [0x00007f7078600000, 0x00007f7078600000, 0x00007f70cbf50000)
  from space 171136K,  49% used [0x00007f70cbf50000, 0x00007f70d12995b0, 0x00007f70d6670000)
  to   space 171136K,   0% used [0x00007f70d6670000, 0x00007f70d6670000, 0x00007f70e0d90000)
 tenured generation   total 3423284K, used 3395773K [0x00007f7b230a0000, 0x00007f7bf3fad000, 0x00007f9078600000)
   the space 3423284K,  99% used [0x00007f7b230a0000, 0x00007f7bf24cf768, 0x00007f7bf24cf800, 0x00007f7bf3fad000)
 Metaspace       used 24255K, capacity 24631K, committed 24832K, reserved 26624K
}
Event: 1206.323 GC heap before
{Heap before GC invocations=1271 (full 5):
 def new generation   total 1540544K, used 1454693K [0x00007f7078600000, 0x00007f70e0d90000, 0x00007f7b230a0000)
  eden space 1369408K, 100% used [0x00007f7078600000, 0x00007f70cbf50000, 0x00007f70cbf50000)
  from space 171136K,  49% used [0x00007f70cbf50000, 0x00007f70d12995b0, 0x00007f70d6670000)
  to   space 171136K,   0% used [0x00007f70d6670000, 0x00007f70d6670000, 0x00007f70e0d90000)
 tenured generation   total 3423284K, used 3395773K [0x00007f7b230a0000, 0x00007f7bf3fad000, 0x00007f9078600000)
   the space 3423284K,  99% used [0x00007f7b230a0000, 0x00007f7bf24cf768, 0x00007f7bf24cf800, 0x00007f7bf3fad000)
 Metaspace       used 24255K, capacity 24631K, committed 24832K, reserved 26624K
}
Event: 1206.391 GC heap after
{Heap after GC invocations=1272 (full 5):
 def new generation   total 1540544K, used 88398K [0x00007f7078600000, 0x00007f70e0d90000, 0x00007f7b230a0000)
  eden space 1369408K,   0% used [0x00007f7078600000, 0x00007f7078600000, 0x00007f70cbf50000)
  from space 171136K,  51% used [0x00007f70d6670000, 0x00007f70dbcc3a10, 0x00007f70e0d90000)
  to   space 171136K,   0% used [0x00007f70cbf50000, 0x00007f70cbf50000, 0x00007f70d6670000)
 tenured generation   total 3423284K, used 3395773K [0x00007f7b230a0000, 0x00007f7bf3fad000, 0x00007f9078600000)
   the space 3423284K,  99% used [0x00007f7b230a0000, 0x00007f7bf24cf768, 0x00007f7bf24cf800, 0x00007f7bf3fad000)
 Metaspace       used 24255K, capacity 24631K, committed 24832K, reserved 26624K
}
Event: 1207.901 GC heap before
{Heap before GC invocations=1272 (full 5):
 def new generation   total 1540544K, used 1457806K [0x00007f7078600000, 0x00007f70e0d90000, 0x00007f7b230a0000)
  eden space 1369408K, 100% used [0x00007f7078600000, 0x00007f70cbf50000, 0x00007f70cbf50000)
  from space 171136K,  51% used [0x00007f70d6670000, 0x00007f70dbcc3a10, 0x00007f70e0d90000)
  to   space 171136K,   0% used [0x00007f70cbf50000, 0x00007f70cbf50000, 0x00007f70d6670000)
 tenured generation   total 3423284K, used 3395773K [0x00007f7b230a0000, 0x00007f7bf3fad000, 0x00007f9078600000)
   the space 3423284K,  99% used [0x00007f7b230a0000, 0x00007f7bf24cf768, 0x00007f7bf24cf800, 0x00007f7bf3fad000)
 Metaspace       used 24255K, capacity 24631K, committed 24832K, reserved 26624K
}
Event: 1207.990 GC heap after
{Heap after GC invocations=1273 (full 5):
 def new generation   total 1540544K, used 95579K [0x00007f7078600000, 0x00007f70e0d90000, 0x00007f7b230a0000)
  eden space 1369408K,   0% used [0x00007f7078600000, 0x00007f7078600000, 0x00007f70cbf50000)
  from space 171136K,  55% used [0x00007f70cbf50000, 0x00007f70d1ca6d58, 0x00007f70d6670000)
  to   space 171136K,   0% used [0x00007f70d6670000, 0x00007f70d6670000, 0x00007f70e0d90000)
 tenured generation   total 3423284K, used 3412732K [0x00007f7b230a0000, 0x00007f7bf3fad000, 0x00007f9078600000)
   the space 3423284K,  99% used [0x00007f7b230a0000, 0x00007f7bf355f2e0, 0x00007f7bf355f400, 0x00007f7bf3fad000)
 Metaspace       used 24255K, capacity 24631K, committed 24832K, reserved 26624K
}
Event: 1209.465 GC heap before
{Heap before GC invocations=1273 (full 5):
 def new generation   total 1540544K, used 1464987K [0x00007f7078600000, 0x00007f70e0d90000, 0x00007f7b230a0000)
  eden space 1369408K, 100% used [0x00007f7078600000, 0x00007f70cbf50000, 0x00007f70cbf50000)
  from space 171136K,  55% used [0x00007f70cbf50000, 0x00007f70d1ca6d58, 0x00007f70d6670000)
  to   space 171136K,   0% used [0x00007f70d6670000, 0x00007f70d6670000, 0x00007f70e0d90000)
 tenured generation   total 3423284K, used 3412732K [0x00007f7b230a0000, 0x00007f7bf3fad000, 0x00007f9078600000)
   the space 3423284K,  99% used [0x00007f7b230a0000, 0x00007f7bf355f2e0, 0x00007f7bf355f400, 0x00007f7bf3fad000)
 Metaspace       used 24255K, capacity 24631K, committed 24832K, reserved 26624K
}
Event: 1209.537 GC heap after
{Heap after GC invocations=1274 (full 5):
 def new generation   total 1540544K, used 67827K [0x00007f7078600000, 0x00007f70e0d90000, 0x00007f7b230a0000)
  eden space 1369408K,   0% used [0x00007f7078600000, 0x00007f7078600000, 0x00007f70cbf50000)
  from space 171136K,  39% used [0x00007f70d6670000, 0x00007f70da8acd18, 0x00007f70e0d90000)
  to   space 171136K,   0% used [0x00007f70cbf50000, 0x00007f70cbf50000, 0x00007f70d6670000)
 tenured generation   total 3439672K, used 3429691K [0x00007f7b230a0000, 0x00007f7bf4fae000, 0x00007f9078600000)
   the space 3439672K,  99% used [0x00007f7b230a0000, 0x00007f7bf45eee58, 0x00007f7bf45ef000, 0x00007f7bf4fae000)
 Metaspace       used 24255K, capacity 24631K, committed 24832K, reserved 26624K
}
Event: 1209.537 GC heap before
{Heap before GC invocations=1274 (full 5):
 def new generation   total 1540544K, used 67827K [0x00007f7078600000, 0x00007f70e0d90000, 0x00007f7b230a0000)
  eden space 1369408K,   0% used [0x00007f7078600000, 0x00007f7078600000, 0x00007f70cbf50000)
  from space 171136K,  39% used [0x00007f70d6670000, 0x00007f70da8acd18, 0x00007f70e0d90000)
  to   space 171136K,   0% used [0x00007f70cbf50000, 0x00007f70cbf50000, 0x00007f70d6670000)
 tenured generation   total 3439672K, used 3429691K [0x00007f7b230a0000, 0x00007f7bf4fae000, 0x00007f9078600000)
   the space 3439672K,  99% used [0x00007f7b230a0000, 0x00007f7bf45eee58, 0x00007f7bf45ef000, 0x00007f7bf4fae000)
 Metaspace       used 24255K, capacity 24631K, committed 24832K, reserved 26624K
}

