# JRE version: OpenJDK Runtime Environment (13.0.7+5) (build 13.0.7+5-Ubuntu-0ubuntu120.04)
# Java VM: OpenJDK 64-Bit Server VM (13.0.7+5-Ubuntu-0ubuntu120.04, mixed mode, tiered, serial gc, linux-amd64)
Heap:
 def new generation   total 5026304K, used 359891K [0x00007ef4d8600000, 0x00007ef62d3e0000, 0x00007efa2db50000)
  eden space 4467840K,   8% used [0x00007ef4d8600000, 0x00007ef4ee574ff8, 0x00007ef5e9120000)
  from space 558464K,   0% used [0x00007ef60b280000, 0x00007ef60b280000, 0x00007ef62d3e0000)
  to   space 558464K,   0% used [0x00007ef5e9120000, 0x00007ef5e9120000, 0x00007ef60b280000)
 tenured generation   total 11188032K, used 11188032K [0x00007efa2db50000, 0x00007efcd8920000, 0x00007f04d8600000)
   the space 11188032K, 100% used [0x00007efa2db50000, 0x00007efcd8920000, 0x00007efcd8920000, 0x00007efcd8920000)
 Metaspace       used 30470K, capacity 30900K, committed 31232K, reserved 32768K
GC Heap History (20 events):
Event: 177.594 GC heap after
{Heap after GC invocations=67 (full 5):
 def new generation   total 5026304K, used 367962K [0x00007ef4d8600000, 0x00007ef62d3e0000, 0x00007efa2db50000)
  eden space 4467840K,   0% used [0x00007ef4d8600000, 0x00007ef4d8600000, 0x00007ef5e9120000)
  from space 558464K,  65% used [0x00007ef5e9120000, 0x00007ef5ff876a70, 0x00007ef60b280000)
  to   space 558464K,   0% used [0x00007ef60b280000, 0x00007ef60b280000, 0x00007ef62d3e0000)
 tenured generation   total 11169408K, used 7966751K [0x00007efa2db50000, 0x00007efcd76f0000, 0x00007f04d8600000)
   the space 11169408K,  71% used [0x00007efa2db50000, 0x00007efc13f57f18, 0x00007efc13f58000, 0x00007efcd76f0000)
 Metaspace       used 30470K, capacity 30900K, committed 31232K, reserved 32768K
}
Event: 178.855 GC heap before
{Heap before GC invocations=67 (full 5):
 def new generation   total 5026304K, used 4835802K [0x00007ef4d8600000, 0x00007ef62d3e0000, 0x00007efa2db50000)
  eden space 4467840K, 100% used [0x00007ef4d8600000, 0x00007ef5e9120000, 0x00007ef5e9120000)
  from space 558464K,  65% used [0x00007ef5e9120000, 0x00007ef5ff876a70, 0x00007ef60b280000)
  to   space 558464K,   0% used [0x00007ef60b280000, 0x00007ef60b280000, 0x00007ef62d3e0000)
 tenured generation   total 11169408K, used 7966751K [0x00007efa2db50000, 0x00007efcd76f0000, 0x00007f04d8600000)
   the space 11169408K,  71% used [0x00007efa2db50000, 0x00007efc13f57f18, 0x00007efc13f58000, 0x00007efcd76f0000)
 Metaspace       used 30470K, capacity 30900K, committed 31232K, reserved 32768K
}
Event: 179.882 GC heap after
{Heap after GC invocations=68 (full 5):
 def new generation   total 5026304K, used 349791K [0x00007ef4d8600000, 0x00007ef62d3e0000, 0x00007efa2db50000)
  eden space 4467840K,   0% used [0x00007ef4d8600000, 0x00007ef4d8600000, 0x00007ef5e9120000)
  from space 558464K,  62% used [0x00007ef60b280000, 0x00007ef620817fd0, 0x00007ef62d3e0000)
  to   space 558464K,   0% used [0x00007ef5e9120000, 0x00007ef5e9120000, 0x00007ef60b280000)
 tenured generation   total 11169408K, used 8334713K [0x00007efa2db50000, 0x00007efcd76f0000, 0x00007f04d8600000)
   the space 11169408K,  74% used [0x00007efa2db50000, 0x00007efc2a6ae5a8, 0x00007efc2a6ae600, 0x00007efcd76f0000)
 Metaspace       used 30470K, capacity 30900K, committed 31232K, reserved 32768K
}
Event: 181.169 GC heap before
{Heap before GC invocations=68 (full 5):
 def new generation   total 5026304K, used 4817631K [0x00007ef4d8600000, 0x00007ef62d3e0000, 0x00007efa2db50000)
  eden space 4467840K, 100% used [0x00007ef4d8600000, 0x00007ef5e9120000, 0x00007ef5e9120000)
  from space 558464K,  62% used [0x00007ef60b280000, 0x00007ef620817fd0, 0x00007ef62d3e0000)
  to   space 558464K,   0% used [0x00007ef5e9120000, 0x00007ef5e9120000, 0x00007ef60b280000)
 tenured generation   total 11169408K, used 8334713K [0x00007efa2db50000, 0x00007efcd76f0000, 0x00007f04d8600000)
   the space 11169408K,  74% used [0x00007efa2db50000, 0x00007efc2a6ae5a8, 0x00007efc2a6ae600, 0x00007efcd76f0000)
 Metaspace       used 30470K, capacity 30900K, committed 31232K, reserved 32768K
}
Event: 182.198 GC heap after
{Heap after GC invocations=69 (full 5):
 def new generation   total 5026304K, used 349365K [0x00007ef4d8600000, 0x00007ef62d3e0000, 0x00007efa2db50000)
  eden space 4467840K,   0% used [0x00007ef4d8600000, 0x00007ef4d8600000, 0x00007ef5e9120000)
  from space 558464K,  62% used [0x00007ef5e9120000, 0x00007ef5fe64d5d8, 0x00007ef60b280000)
  to   space 558464K,   0% used [0x00007ef60b280000, 0x00007ef60b280000, 0x00007ef62d3e0000)
 tenured generation   total 11169408K, used 8684505K [0x00007efa2db50000, 0x00007efcd76f0000, 0x00007f04d8600000)
   the space 11169408K,  77% used [0x00007efa2db50000, 0x00007efc3fc46538, 0x00007efc3fc46600, 0x00007efcd76f0000)
 Metaspace       used 30470K, capacity 30900K, committed 31232K, reserved 32768K
}
Event: 183.570 GC heap before
{Heap before GC invocations=69 (full 5):
 def new generation   total 5026304K, used 4817205K [0x00007ef4d8600000, 0x00007ef62d3e0000, 0x00007efa2db50000)
  eden space 4467840K, 100% used [0x00007ef4d8600000, 0x00007ef5e9120000, 0x00007ef5e9120000)
  from space 558464K,  62% used [0x00007ef5e9120000, 0x00007ef5fe64d5d8, 0x00007ef60b280000)
  to   space 558464K,   0% used [0x00007ef60b280000, 0x00007ef60b280000, 0x00007ef62d3e0000)
 tenured generation   total 11169408K, used 8684505K [0x00007efa2db50000, 0x00007efcd76f0000, 0x00007f04d8600000)
   the space 11169408K,  77% used [0x00007efa2db50000, 0x00007efc3fc46538, 0x00007efc3fc46600, 0x00007efcd76f0000)
 Metaspace       used 30470K, capacity 30900K, committed 31232K, reserved 32768K
}
Event: 184.627 GC heap after
{Heap after GC invocations=70 (full 5):
 def new generation   total 5026304K, used 355869K [0x00007ef4d8600000, 0x00007ef62d3e0000, 0x00007efa2db50000)
  eden space 4467840K,   0% used [0x00007ef4d8600000, 0x00007ef4d8600000, 0x00007ef5e9120000)
  from space 558464K,  63% used [0x00007ef60b280000, 0x00007ef620e075a8, 0x00007ef62d3e0000)
  to   space 558464K,   0% used [0x00007ef5e9120000, 0x00007ef5e9120000, 0x00007ef60b280000)
 tenured generation   total 11169408K, used 9033870K [0x00007efa2db50000, 0x00007efcd76f0000, 0x00007f04d8600000)
   the space 11169408K,  80% used [0x00007efa2db50000, 0x00007efc55173af0, 0x00007efc55173c00, 0x00007efcd76f0000)
 Metaspace       used 30470K, capacity 30900K, committed 31232K, reserved 32768K
}
Event: 185.918 GC heap before
{Heap before GC invocations=70 (full 5):
 def new generation   total 5026304K, used 4823709K [0x00007ef4d8600000, 0x00007ef62d3e0000, 0x00007efa2db50000)
  eden space 4467840K, 100% used [0x00007ef4d8600000, 0x00007ef5e9120000, 0x00007ef5e9120000)
  from space 558464K,  63% used [0x00007ef60b280000, 0x00007ef620e075a8, 0x00007ef62d3e0000)
  to   space 558464K,   0% used [0x00007ef5e9120000, 0x00007ef5e9120000, 0x00007ef60b280000)
 tenured generation   total 11169408K, used 9033870K [0x00007efa2db50000, 0x00007efcd76f0000, 0x00007f04d8600000)
   the space 11169408K,  80% used [0x00007efa2db50000, 0x00007efc55173af0, 0x00007efc55173c00, 0x00007efcd76f0000)
 Metaspace       used 30470K, capacity 30900K, committed 31232K, reserved 32768K
}
Event: 186.975 GC heap after
{Heap after GC invocations=71 (full 5):
 def new generation   total 5026304K, used 349587K [0x00007ef4d8600000, 0x00007ef62d3e0000, 0x00007efa2db50000)
  eden space 4467840K,   0% used [0x00007ef4d8600000, 0x00007ef4d8600000, 0x00007ef5e9120000)
  from space 558464K,  62% used [0x00007ef5e9120000, 0x00007ef5fe684d88, 0x00007ef60b280000)
  to   space 558464K,   0% used [0x00007ef60b280000, 0x00007ef60b280000, 0x00007ef62d3e0000)
 tenured generation   total 11169408K, used 9389739K [0x00007efa2db50000, 0x00007efcd76f0000, 0x00007f04d8600000)
   the space 11169408K,  84% used [0x00007efa2db50000, 0x00007efc6acfad98, 0x00007efc6acfae00, 0x00007efcd76f0000)
 Metaspace       used 30470K, capacity 30900K, committed 31232K, reserved 32768K
}
Event: 188.251 GC heap before
{Heap before GC invocations=71 (full 5):
 def new generation   total 5026304K, used 4817427K [0x00007ef4d8600000, 0x00007ef62d3e0000, 0x00007efa2db50000)
  eden space 4467840K, 100% used [0x00007ef4d8600000, 0x00007ef5e9120000, 0x00007ef5e9120000)
  from space 558464K,  62% used [0x00007ef5e9120000, 0x00007ef5fe684d88, 0x00007ef60b280000)
  to   space 558464K,   0% used [0x00007ef60b280000, 0x00007ef60b280000, 0x00007ef62d3e0000)
 tenured generation   total 11169408K, used 9389739K [0x00007efa2db50000, 0x00007efcd76f0000, 0x00007f04d8600000)
   the space 11169408K,  84% used [0x00007efa2db50000, 0x00007efc6acfad98, 0x00007efc6acfae00, 0x00007efcd76f0000)
 Metaspace       used 30470K, capacity 30900K, committed 31232K, reserved 32768K
}
Event: 189.385 GC heap after
{Heap after GC invocations=72 (full 5):
 def new generation   total 5026304K, used 366195K [0x00007ef4d8600000, 0x00007ef62d3e0000, 0x00007efa2db50000)
  eden space 4467840K,   0% used [0x00007ef4d8600000, 0x00007ef4d8600000, 0x00007ef5e9120000)
  from space 558464K,  65% used [0x00007ef60b280000, 0x00007ef62181cdb0, 0x00007ef62d3e0000)
  to   space 558464K,   0% used [0x00007ef5e9120000, 0x00007ef5e9120000, 0x00007ef60b280000)
 tenured generation   total 11169408K, used 9739325K [0x00007efa2db50000, 0x00007efcd76f0000, 0x00007f04d8600000)
   the space 11169408K,  87% used [0x00007efa2db50000, 0x00007efc8025f6d0, 0x00007efc8025f800, 0x00007efcd76f0000)
 Metaspace       used 30470K, capacity 30900K, committed 31232K, reserved 32768K
}
Event: 190.682 GC heap before
{Heap before GC invocations=72 (full 5):
 def new generation   total 5026304K, used 4834035K [0x00007ef4d8600000, 0x00007ef62d3e0000, 0x00007efa2db50000)
  eden space 4467840K, 100% used [0x00007ef4d8600000, 0x00007ef5e9120000, 0x00007ef5e9120000)
  from space 558464K,  65% used [0x00007ef60b280000, 0x00007ef62181cdb0, 0x00007ef62d3e0000)
  to   space 558464K,   0% used [0x00007ef5e9120000, 0x00007ef5e9120000, 0x00007ef60b280000)
 tenured generation   total 11169408K, used 9739325K [0x00007efa2db50000, 0x00007efcd76f0000, 0x00007f04d8600000)
   the space 11169408K,  87% used [0x00007efa2db50000, 0x00007efc8025f6d0, 0x00007efc8025f800, 0x00007efcd76f0000)
 Metaspace       used 30470K, capacity 30900K, committed 31232K, reserved 32768K
}
Event: 191.853 GC heap after
{Heap after GC invocations=73 (full 5):
 def new generation   total 5026304K, used 359811K [0x00007ef4d8600000, 0x00007ef62d3e0000, 0x00007efa2db50000)
  eden space 4467840K,   0% used [0x00007ef4d8600000, 0x00007ef4d8600000, 0x00007ef5e9120000)
  from space 558464K,  64% used [0x00007ef5e9120000, 0x00007ef5ff080ee8, 0x00007ef60b280000)
  to   space 558464K,   0% used [0x00007ef60b280000, 0x00007ef60b280000, 0x00007ef62d3e0000)
 tenured generation   total 11169408K, used 10105520K [0x00007efa2db50000, 0x00007efcd76f0000, 0x00007f04d8600000)
   the space 11169408K,  90% used [0x00007efa2db50000, 0x00007efc967fc0b0, 0x00007efc967fc200, 0x00007efcd76f0000)
 Metaspace       used 30470K, capacity 30900K, committed 31232K, reserved 32768K
}
Event: 193.103 GC heap before
{Heap before GC invocations=73 (full 5):
 def new generation   total 5026304K, used 4827651K [0x00007ef4d8600000, 0x00007ef62d3e0000, 0x00007efa2db50000)
  eden space 4467840K, 100% used [0x00007ef4d8600000, 0x00007ef5e9120000, 0x00007ef5e9120000)
  from space 558464K,  64% used [0x00007ef5e9120000, 0x00007ef5ff080ee8, 0x00007ef60b280000)
  to   space 558464K,   0% used [0x00007ef60b280000, 0x00007ef60b280000, 0x00007ef62d3e0000)
 tenured generation   total 11169408K, used 10105520K [0x00007efa2db50000, 0x00007efcd76f0000, 0x00007f04d8600000)
   the space 11169408K,  90% used [0x00007efa2db50000, 0x00007efc967fc0b0, 0x00007efc967fc200, 0x00007efcd76f0000)
 Metaspace       used 30470K, capacity 30900K, committed 31232K, reserved 32768K
}
Event: 194.234 GC heap after
{Heap after GC invocations=74 (full 5):
 def new generation   total 5026304K, used 357377K [0x00007ef4d8600000, 0x00007ef62d3e0000, 0x00007efa2db50000)
  eden space 4467840K,   0% used [0x00007ef4d8600000, 0x00007ef4d8600000, 0x00007ef5e9120000)
  from space 558464K,  63% used [0x00007ef60b280000, 0x00007ef620f80458, 0x00007ef62d3e0000)
  to   space 558464K,   0% used [0x00007ef5e9120000, 0x00007ef5e9120000, 0x00007ef60b280000)
 tenured generation   total 11169408K, used 10465330K [0x00007efa2db50000, 0x00007efcd76f0000, 0x00007f04d8600000)
   the space 11169408K,  93% used [0x00007efa2db50000, 0x00007efcac75ca38, 0x00007efcac75cc00, 0x00007efcd76f0000)
 Metaspace       used 30470K, capacity 30900K, committed 31232K, reserved 32768K
}
Event: 195.515 GC heap before
{Heap before GC invocations=74 (full 5):
 def new generation   total 5026304K, used 4825217K [0x00007ef4d8600000, 0x00007ef62d3e0000, 0x00007efa2db50000)
  eden space 4467840K, 100% used [0x00007ef4d8600000, 0x00007ef5e9120000, 0x00007ef5e9120000)
  from space 558464K,  63% used [0x00007ef60b280000, 0x00007ef620f80458, 0x00007ef62d3e0000)
  to   space 558464K,   0% used [0x00007ef5e9120000, 0x00007ef5e9120000, 0x00007ef60b280000)
 tenured generation   total 11169408K, used 10465330K [0x00007efa2db50000, 0x00007efcd76f0000, 0x00007f04d8600000)
   the space 11169408K,  93% used [0x00007efa2db50000, 0x00007efcac75ca38, 0x00007efcac75cc00, 0x00007efcd76f0000)
 Metaspace       used 30470K, capacity 30900K, committed 31232K, reserved 32768K
}
Event: 196.677 GC heap after
{Heap after GC invocations=75 (full 5):
 def new generation   total 5026304K, used 365167K [0x00007ef4d8600000, 0x00007ef62d3e0000, 0x00007efa2db50000)
  eden space 4467840K,   0% used [0x00007ef4d8600000, 0x00007ef4d8600000, 0x00007ef5e9120000)
  from space 558464K,  65% used [0x00007ef5e9120000, 0x00007ef5ff5bbe50, 0x00007ef60b280000)
  to   space 558464K,   0% used [0x00007ef60b280000, 0x00007ef60b280000, 0x00007ef62d3e0000)
 tenured generation   total 11169408K, used 10822707K [0x00007efa2db50000, 0x00007efcd76f0000, 0x00007f04d8600000)
   the space 11169408K,  96% used [0x00007efa2db50000, 0x00007efcc245cd40, 0x00007efcc245ce00, 0x00007efcd76f0000)
 Metaspace       used 30470K, capacity 30900K, committed 31232K, reserved 32768K
}
Event: 197.931 GC heap before
{Heap before GC invocations=75 (full 5):
 def new generation   total 5026304K, used 4833007K [0x00007ef4d8600000, 0x00007ef62d3e0000, 0x00007efa2db50000)
  eden space 4467840K, 100% used [0x00007ef4d8600000, 0x00007ef5e9120000, 0x00007ef5e9120000)
  from space 558464K,  65% used [0x00007ef5e9120000, 0x00007ef5ff5bbe50, 0x00007ef60b280000)
  to   space 558464K,   0% used [0x00007ef60b280000, 0x00007ef60b280000, 0x00007ef62d3e0000)
 tenured generation   total 11169408K, used 10822707K [0x00007efa2db50000, 0x00007efcd76f0000, 0x00007f04d8600000)
   the space 11169408K,  96% used [0x00007efa2db50000, 0x00007efcc245cd40, 0x00007efcc245ce00, 0x00007efcd76f0000)
 Metaspace       used 30470K, capacity 30900K, committed 31232K, reserved 32768K
}
Event: 199.103 GC heap after
{Heap after GC invocations=76 (full 5):
 def new generation   total 5026304K, used 360050K [0x00007ef4d8600000, 0x00007ef62d3e0000, 0x00007efa2db50000)
  eden space 4467840K,   0% used [0x00007ef4d8600000, 0x00007ef4d8600000, 0x00007ef5e9120000)
  from space 558464K,  64% used [0x00007ef60b280000, 0x00007ef62121c918, 0x00007ef62d3e0000)
  to   space 558464K,   0% used [0x00007ef5e9120000, 0x00007ef5e9120000, 0x00007ef60b280000)
 tenured generation   total 11188032K, used 11187873K [0x00007efa2db50000, 0x00007efcd8920000, 0x00007f04d8600000)
   the space 11188032K,  99% used [0x00007efa2db50000, 0x00007efcd88f86e0, 0x00007efcd88f8800, 0x00007efcd8920000)
 Metaspace       used 30470K, capacity 30900K, committed 31232K, reserved 32768K
}
Event: 199.103 GC heap before
{Heap before GC invocations=76 (full 5):
 def new generation   total 5026304K, used 360050K [0x00007ef4d8600000, 0x00007ef62d3e0000, 0x00007efa2db50000)
  eden space 4467840K,   0% used [0x00007ef4d8600000, 0x00007ef4d8600000, 0x00007ef5e9120000)
  from space 558464K,  64% used [0x00007ef60b280000, 0x00007ef62121c918, 0x00007ef62d3e0000)
  to   space 558464K,   0% used [0x00007ef5e9120000, 0x00007ef5e9120000, 0x00007ef60b280000)
 tenured generation   total 11188032K, used 11187873K [0x00007efa2db50000, 0x00007efcd8920000, 0x00007f04d8600000)
   the space 11188032K,  99% used [0x00007efa2db50000, 0x00007efcd88f86e0, 0x00007efcd88f8800, 0x00007efcd8920000)
 Metaspace       used 30470K, capacity 30900K, committed 31232K, reserved 32768K
}

