# JRE version: OpenJDK Runtime Environment (13.0.7+5) (build 13.0.7+5-Ubuntu-0ubuntu120.04)
# Java VM: OpenJDK 64-Bit Server VM (13.0.7+5-Ubuntu-0ubuntu120.04, mixed mode, tiered, serial gc, linux-amd64)
Heap:
 def new generation   total 2940800K, used 169336K [0x00007efc84600000, 0x00007efd4bcf0000, 0x00007f01d9b50000)
  eden space 2614080K,   6% used [0x00007efc84600000, 0x00007efc8eb5e120, 0x00007efd23ed0000)
  from space 326720K,   0% used [0x00007efd37de0000, 0x00007efd37de0000, 0x00007efd4bcf0000)
  to   space 326720K,   0% used [0x00007efd23ed0000, 0x00007efd23ed0000, 0x00007efd37de0000)
 tenured generation   total 6536500K, used 6536499K [0x00007f01d9b50000, 0x00007f0368a9d000, 0x00007f0c84600000)
   the space 6536500K,  99% used [0x00007f01d9b50000, 0x00007f0368a9cfb8, 0x00007f0368a9d000, 0x00007f0368a9d000)
 Metaspace       used 24222K, capacity 24605K, committed 24832K, reserved 26624K
GC Heap History (20 events):
Event: 619.650 GC heap after
{Heap after GC invocations=767 (full 4):
 def new generation   total 2940800K, used 167734K [0x00007efc84600000, 0x00007efd4bcf0000, 0x00007f01d9b50000)
  eden space 2614080K,   0% used [0x00007efc84600000, 0x00007efc84600000, 0x00007efd23ed0000)
  from space 326720K,  51% used [0x00007efd23ed0000, 0x00007efd2e29d808, 0x00007efd37de0000)
  to   space 326720K,   0% used [0x00007efd37de0000, 0x00007efd37de0000, 0x00007efd4bcf0000)
 tenured generation   total 6534964K, used 6368802K [0x00007f01d9b50000, 0x00007f036891d000, 0x00007f0c84600000)
   the space 6534964K,  97% used [0x00007f01d9b50000, 0x00007f035e6d89a8, 0x00007f035e6d8a00, 0x00007f036891d000)
 Metaspace       used 24222K, capacity 24605K, committed 24832K, reserved 26624K
}
Event: 621.230 GC heap before
{Heap before GC invocations=767 (full 4):
 def new generation   total 2940800K, used 2781814K [0x00007efc84600000, 0x00007efd4bcf0000, 0x00007f01d9b50000)
  eden space 2614080K, 100% used [0x00007efc84600000, 0x00007efd23ed0000, 0x00007efd23ed0000)
  from space 326720K,  51% used [0x00007efd23ed0000, 0x00007efd2e29d808, 0x00007efd37de0000)
  to   space 326720K,   0% used [0x00007efd37de0000, 0x00007efd37de0000, 0x00007efd4bcf0000)
 tenured generation   total 6534964K, used 6368802K [0x00007f01d9b50000, 0x00007f036891d000, 0x00007f0c84600000)
   the space 6534964K,  97% used [0x00007f01d9b50000, 0x00007f035e6d89a8, 0x00007f035e6d8a00, 0x00007f036891d000)
 Metaspace       used 24222K, capacity 24605K, committed 24832K, reserved 26624K
}
Event: 621.427 GC heap after
{Heap after GC invocations=768 (full 4):
 def new generation   total 2940800K, used 173419K [0x00007efc84600000, 0x00007efd4bcf0000, 0x00007f01d9b50000)
  eden space 2614080K,   0% used [0x00007efc84600000, 0x00007efc84600000, 0x00007efd23ed0000)
  from space 326720K,  53% used [0x00007efd37de0000, 0x00007efd4273ae78, 0x00007efd4bcf0000)
  to   space 326720K,   0% used [0x00007efd23ed0000, 0x00007efd23ed0000, 0x00007efd37de0000)
 tenured generation   total 6534964K, used 6383316K [0x00007f01d9b50000, 0x00007f036891d000, 0x00007f0c84600000)
   the space 6534964K,  97% used [0x00007f01d9b50000, 0x00007f035f505230, 0x00007f035f505400, 0x00007f036891d000)
 Metaspace       used 24222K, capacity 24605K, committed 24832K, reserved 26624K
}
Event: 623.006 GC heap before
{Heap before GC invocations=768 (full 4):
 def new generation   total 2940800K, used 2787499K [0x00007efc84600000, 0x00007efd4bcf0000, 0x00007f01d9b50000)
  eden space 2614080K, 100% used [0x00007efc84600000, 0x00007efd23ed0000, 0x00007efd23ed0000)
  from space 326720K,  53% used [0x00007efd37de0000, 0x00007efd4273ae78, 0x00007efd4bcf0000)
  to   space 326720K,   0% used [0x00007efd23ed0000, 0x00007efd23ed0000, 0x00007efd37de0000)
 tenured generation   total 6534964K, used 6383316K [0x00007f01d9b50000, 0x00007f036891d000, 0x00007f0c84600000)
   the space 6534964K,  97% used [0x00007f01d9b50000, 0x00007f035f505230, 0x00007f035f505400, 0x00007f036891d000)
 Metaspace       used 24222K, capacity 24605K, committed 24832K, reserved 26624K
}
Event: 623.191 GC heap after
{Heap after GC invocations=769 (full 4):
 def new generation   total 2940800K, used 172862K [0x00007efc84600000, 0x00007efd4bcf0000, 0x00007f01d9b50000)
  eden space 2614080K,   0% used [0x00007efc84600000, 0x00007efc84600000, 0x00007efd23ed0000)
  from space 326720K,  52% used [0x00007efd23ed0000, 0x00007efd2e79f938, 0x00007efd37de0000)
  to   space 326720K,   0% used [0x00007efd37de0000, 0x00007efd37de0000, 0x00007efd4bcf0000)
 tenured generation   total 6534964K, used 6400493K [0x00007f01d9b50000, 0x00007f036891d000, 0x00007f0c84600000)
   the space 6534964K,  97% used [0x00007f01d9b50000, 0x00007f03605cb788, 0x00007f03605cb800, 0x00007f036891d000)
 Metaspace       used 24222K, capacity 24605K, committed 24832K, reserved 26624K
}
Event: 624.762 GC heap before
{Heap before GC invocations=769 (full 4):
 def new generation   total 2940800K, used 2786942K [0x00007efc84600000, 0x00007efd4bcf0000, 0x00007f01d9b50000)
  eden space 2614080K, 100% used [0x00007efc84600000, 0x00007efd23ed0000, 0x00007efd23ed0000)
  from space 326720K,  52% used [0x00007efd23ed0000, 0x00007efd2e79f938, 0x00007efd37de0000)
  to   space 326720K,   0% used [0x00007efd37de0000, 0x00007efd37de0000, 0x00007efd4bcf0000)
 tenured generation   total 6534964K, used 6400493K [0x00007f01d9b50000, 0x00007f036891d000, 0x00007f0c84600000)
   the space 6534964K,  97% used [0x00007f01d9b50000, 0x00007f03605cb788, 0x00007f03605cb800, 0x00007f036891d000)
 Metaspace       used 24222K, capacity 24605K, committed 24832K, reserved 26624K
}
Event: 624.957 GC heap after
{Heap after GC invocations=770 (full 4):
 def new generation   total 2940800K, used 170922K [0x00007efc84600000, 0x00007efd4bcf0000, 0x00007f01d9b50000)
  eden space 2614080K,   0% used [0x00007efc84600000, 0x00007efc84600000, 0x00007efd23ed0000)
  from space 326720K,  52% used [0x00007efd37de0000, 0x00007efd424ca968, 0x00007efd4bcf0000)
  to   space 326720K,   0% used [0x00007efd23ed0000, 0x00007efd23ed0000, 0x00007efd37de0000)
 tenured generation   total 6534964K, used 6421013K [0x00007f01d9b50000, 0x00007f036891d000, 0x00007f0c84600000)
   the space 6534964K,  98% used [0x00007f01d9b50000, 0x00007f03619d54b8, 0x00007f03619d5600, 0x00007f036891d000)
 Metaspace       used 24222K, capacity 24605K, committed 24832K, reserved 26624K
}
Event: 626.491 GC heap before
{Heap before GC invocations=770 (full 4):
 def new generation   total 2940800K, used 2784993K [0x00007efc84600000, 0x00007efd4bcf0000, 0x00007f01d9b50000)
  eden space 2614080K,  99% used [0x00007efc84600000, 0x00007efd23ecdd38, 0x00007efd23ed0000)
  from space 326720K,  52% used [0x00007efd37de0000, 0x00007efd424ca968, 0x00007efd4bcf0000)
  to   space 326720K,   0% used [0x00007efd23ed0000, 0x00007efd23ed0000, 0x00007efd37de0000)
 tenured generation   total 6534964K, used 6421013K [0x00007f01d9b50000, 0x00007f036891d000, 0x00007f0c84600000)
   the space 6534964K,  98% used [0x00007f01d9b50000, 0x00007f03619d54b8, 0x00007f03619d5600, 0x00007f036891d000)
 Metaspace       used 24222K, capacity 24605K, committed 24832K, reserved 26624K
}
Event: 626.674 GC heap after
{Heap after GC invocations=771 (full 4):
 def new generation   total 2940800K, used 171810K [0x00007efc84600000, 0x00007efd4bcf0000, 0x00007f01d9b50000)
  eden space 2614080K,   0% used [0x00007efc84600000, 0x00007efc84600000, 0x00007efd23ed0000)
  from space 326720K,  52% used [0x00007efd23ed0000, 0x00007efd2e698958, 0x00007efd37de0000)
  to   space 326720K,   0% used [0x00007efd37de0000, 0x00007efd37de0000, 0x00007efd4bcf0000)
 tenured generation   total 6534964K, used 6438505K [0x00007f01d9b50000, 0x00007f036891d000, 0x00007f0c84600000)
   the space 6534964K,  98% used [0x00007f01d9b50000, 0x00007f0362aea458, 0x00007f0362aea600, 0x00007f036891d000)
 Metaspace       used 24222K, capacity 24605K, committed 24832K, reserved 26624K
}
Event: 628.387 GC heap before
{Heap before GC invocations=771 (full 4):
 def new generation   total 2940800K, used 2785890K [0x00007efc84600000, 0x00007efd4bcf0000, 0x00007f01d9b50000)
  eden space 2614080K, 100% used [0x00007efc84600000, 0x00007efd23ed0000, 0x00007efd23ed0000)
  from space 326720K,  52% used [0x00007efd23ed0000, 0x00007efd2e698958, 0x00007efd37de0000)
  to   space 326720K,   0% used [0x00007efd37de0000, 0x00007efd37de0000, 0x00007efd4bcf0000)
 tenured generation   total 6534964K, used 6438505K [0x00007f01d9b50000, 0x00007f036891d000, 0x00007f0c84600000)
   the space 6534964K,  98% used [0x00007f01d9b50000, 0x00007f0362aea458, 0x00007f0362aea600, 0x00007f036891d000)
 Metaspace       used 24222K, capacity 24605K, committed 24832K, reserved 26624K
}
Event: 628.579 GC heap after
{Heap after GC invocations=772 (full 4):
 def new generation   total 2940800K, used 172639K [0x00007efc84600000, 0x00007efd4bcf0000, 0x00007f01d9b50000)
  eden space 2614080K,   0% used [0x00007efc84600000, 0x00007efc84600000, 0x00007efd23ed0000)
  from space 326720K,  52% used [0x00007efd37de0000, 0x00007efd42677f48, 0x00007efd4bcf0000)
  to   space 326720K,   0% used [0x00007efd23ed0000, 0x00007efd23ed0000, 0x00007efd37de0000)
 tenured generation   total 6534964K, used 6458708K [0x00007f01d9b50000, 0x00007f036891d000, 0x00007f0c84600000)
   the space 6534964K,  98% used [0x00007f01d9b50000, 0x00007f0363ea5050, 0x00007f0363ea5200, 0x00007f036891d000)
 Metaspace       used 24222K, capacity 24605K, committed 24832K, reserved 26624K
}
Event: 630.257 GC heap before
{Heap before GC invocations=772 (full 4):
 def new generation   total 2940800K, used 2786719K [0x00007efc84600000, 0x00007efd4bcf0000, 0x00007f01d9b50000)
  eden space 2614080K, 100% used [0x00007efc84600000, 0x00007efd23ed0000, 0x00007efd23ed0000)
  from space 326720K,  52% used [0x00007efd37de0000, 0x00007efd42677f48, 0x00007efd4bcf0000)
  to   space 326720K,   0% used [0x00007efd23ed0000, 0x00007efd23ed0000, 0x00007efd37de0000)
 tenured generation   total 6534964K, used 6458708K [0x00007f01d9b50000, 0x00007f036891d000, 0x00007f0c84600000)
   the space 6534964K,  98% used [0x00007f01d9b50000, 0x00007f0363ea5050, 0x00007f0363ea5200, 0x00007f036891d000)
 Metaspace       used 24222K, capacity 24605K, committed 24832K, reserved 26624K
}
Event: 630.435 GC heap after
{Heap after GC invocations=773 (full 4):
 def new generation   total 2940800K, used 174430K [0x00007efc84600000, 0x00007efd4bcf0000, 0x00007f01d9b50000)
  eden space 2614080K,   0% used [0x00007efc84600000, 0x00007efc84600000, 0x00007efd23ed0000)
  from space 326720K,  53% used [0x00007efd23ed0000, 0x00007efd2e927808, 0x00007efd37de0000)
  to   space 326720K,   0% used [0x00007efd37de0000, 0x00007efd37de0000, 0x00007efd4bcf0000)
 tenured generation   total 6534964K, used 6475704K [0x00007f01d9b50000, 0x00007f036891d000, 0x00007f0c84600000)
   the space 6534964K,  99% used [0x00007f01d9b50000, 0x00007f0364f3e1f0, 0x00007f0364f3e200, 0x00007f036891d000)
 Metaspace       used 24222K, capacity 24605K, committed 24832K, reserved 26624K
}
Event: 632.071 GC heap before
{Heap before GC invocations=773 (full 4):
 def new generation   total 2940800K, used 2788510K [0x00007efc84600000, 0x00007efd4bcf0000, 0x00007f01d9b50000)
  eden space 2614080K, 100% used [0x00007efc84600000, 0x00007efd23ed0000, 0x00007efd23ed0000)
  from space 326720K,  53% used [0x00007efd23ed0000, 0x00007efd2e927808, 0x00007efd37de0000)
  to   space 326720K,   0% used [0x00007efd37de0000, 0x00007efd37de0000, 0x00007efd4bcf0000)
 tenured generation   total 6534964K, used 6475704K [0x00007f01d9b50000, 0x00007f036891d000, 0x00007f0c84600000)
   the space 6534964K,  99% used [0x00007f01d9b50000, 0x00007f0364f3e1f0, 0x00007f0364f3e200, 0x00007f036891d000)
 Metaspace       used 24222K, capacity 24605K, committed 24832K, reserved 26624K
}
Event: 632.250 GC heap after
{Heap after GC invocations=774 (full 4):
 def new generation   total 2940800K, used 176231K [0x00007efc84600000, 0x00007efd4bcf0000, 0x00007f01d9b50000)
  eden space 2614080K,   0% used [0x00007efc84600000, 0x00007efc84600000, 0x00007efd23ed0000)
  from space 326720K,  53% used [0x00007efd37de0000, 0x00007efd429f9fd0, 0x00007efd4bcf0000)
  to   space 326720K,   0% used [0x00007efd23ed0000, 0x00007efd23ed0000, 0x00007efd37de0000)
 tenured generation   total 6534964K, used 6494870K [0x00007f01d9b50000, 0x00007f036891d000, 0x00007f0c84600000)
   the space 6534964K,  99% used [0x00007f01d9b50000, 0x00007f03661f5b10, 0x00007f03661f5c00, 0x00007f036891d000)
 Metaspace       used 24222K, capacity 24605K, committed 24832K, reserved 26624K
}
Event: 633.802 GC heap before
{Heap before GC invocations=774 (full 4):
 def new generation   total 2940800K, used 2790311K [0x00007efc84600000, 0x00007efd4bcf0000, 0x00007f01d9b50000)
  eden space 2614080K, 100% used [0x00007efc84600000, 0x00007efd23ed0000, 0x00007efd23ed0000)
  from space 326720K,  53% used [0x00007efd37de0000, 0x00007efd429f9fd0, 0x00007efd4bcf0000)
  to   space 326720K,   0% used [0x00007efd23ed0000, 0x00007efd23ed0000, 0x00007efd37de0000)
 tenured generation   total 6534964K, used 6494870K [0x00007f01d9b50000, 0x00007f036891d000, 0x00007f0c84600000)
   the space 6534964K,  99% used [0x00007f01d9b50000, 0x00007f03661f5b10, 0x00007f03661f5c00, 0x00007f036891d000)
 Metaspace       used 24222K, capacity 24605K, committed 24832K, reserved 26624K
}
Event: 633.986 GC heap after
{Heap after GC invocations=775 (full 4):
 def new generation   total 2940800K, used 171870K [0x00007efc84600000, 0x00007efd4bcf0000, 0x00007f01d9b50000)
  eden space 2614080K,   0% used [0x00007efc84600000, 0x00007efc84600000, 0x00007efd23ed0000)
  from space 326720K,  52% used [0x00007efd23ed0000, 0x00007efd2e6a7850, 0x00007efd37de0000)
  to   space 326720K,   0% used [0x00007efd37de0000, 0x00007efd37de0000, 0x00007efd4bcf0000)
 tenured generation   total 6534964K, used 6515525K [0x00007f01d9b50000, 0x00007f036891d000, 0x00007f0c84600000)
   the space 6534964K,  99% used [0x00007f01d9b50000, 0x00007f0367621668, 0x00007f0367621800, 0x00007f036891d000)
 Metaspace       used 24222K, capacity 24605K, committed 24832K, reserved 26624K
}
Event: 635.494 GC heap before
{Heap before GC invocations=775 (full 4):
 def new generation   total 2940800K, used 2785950K [0x00007efc84600000, 0x00007efd4bcf0000, 0x00007f01d9b50000)
  eden space 2614080K, 100% used [0x00007efc84600000, 0x00007efd23ed0000, 0x00007efd23ed0000)
  from space 326720K,  52% used [0x00007efd23ed0000, 0x00007efd2e6a7850, 0x00007efd37de0000)
  to   space 326720K,   0% used [0x00007efd37de0000, 0x00007efd37de0000, 0x00007efd4bcf0000)
 tenured generation   total 6534964K, used 6515525K [0x00007f01d9b50000, 0x00007f036891d000, 0x00007f0c84600000)
   the space 6534964K,  99% used [0x00007f01d9b50000, 0x00007f0367621668, 0x00007f0367621800, 0x00007f036891d000)
 Metaspace       used 24222K, capacity 24605K, committed 24832K, reserved 26624K
}
Event: 635.670 GC heap after
{Heap after GC invocations=776 (full 4):
 def new generation   total 2940800K, used 169430K [0x00007efc84600000, 0x00007efd4bcf0000, 0x00007f01d9b50000)
  eden space 2614080K,   0% used [0x00007efc84600000, 0x00007efc84600000, 0x00007efd23ed0000)
  from space 326720K,  51% used [0x00007efd37de0000, 0x00007efd42355840, 0x00007efd4bcf0000)
  to   space 326720K,   0% used [0x00007efd23ed0000, 0x00007efd23ed0000, 0x00007efd37de0000)
 tenured generation   total 6536500K, used 6536406K [0x00007f01d9b50000, 0x00007f0368a9d000, 0x00007f0c84600000)
   the space 6536500K,  99% used [0x00007f01d9b50000, 0x00007f0368a85898, 0x00007f0368a85a00, 0x00007f0368a9d000)
 Metaspace       used 24222K, capacity 24605K, committed 24832K, reserved 26624K
}
Event: 635.670 GC heap before
{Heap before GC invocations=776 (full 4):
 def new generation   total 2940800K, used 169430K [0x00007efc84600000, 0x00007efd4bcf0000, 0x00007f01d9b50000)
  eden space 2614080K,   0% used [0x00007efc84600000, 0x00007efc84600000, 0x00007efd23ed0000)
  from space 326720K,  51% used [0x00007efd37de0000, 0x00007efd42355840, 0x00007efd4bcf0000)
  to   space 326720K,   0% used [0x00007efd23ed0000, 0x00007efd23ed0000, 0x00007efd37de0000)
 tenured generation   total 6536500K, used 6536406K [0x00007f01d9b50000, 0x00007f0368a9d000, 0x00007f0c84600000)
   the space 6536500K,  99% used [0x00007f01d9b50000, 0x00007f0368a85898, 0x00007f0368a85a00, 0x00007f0368a9d000)
 Metaspace       used 24222K, capacity 24605K, committed 24832K, reserved 26624K
}

