# JRE version: OpenJDK Runtime Environment (13.0.7+5) (build 13.0.7+5-Ubuntu-0ubuntu120.04)
# Java VM: OpenJDK 64-Bit Server VM (13.0.7+5-Ubuntu-0ubuntu120.04, mixed mode, tiered, serial gc, linux-amd64)
Heap:
 def new generation   total 629248K, used 0K [0x00007f0998600000, 0x00007f09c30c0000, 0x00007f14430a0000)
  eden space 559360K,   0% used [0x00007f0998600000, 0x00007f0998600000, 0x00007f09ba840000)
  from space 69888K,   0% used [0x00007f09bec80000, 0x00007f09bec80000, 0x00007f09c30c0000)
  to   space 69888K,   0% used [0x00007f09ba840000, 0x00007f09ba840000, 0x00007f09bec80000)
 tenured generation   total 1414532K, used 1060822K [0x00007f14430a0000, 0x00007f1499601000, 0x00007f2998600000)
   the space 1414532K,  74% used [0x00007f14430a0000, 0x00007f1483c959e0, 0x00007f1483c95a00, 0x00007f1499601000)
 Metaspace       used 24259K, capacity 24636K, committed 24832K, reserved 26624K
GC Heap History (20 events):
Event: 155.011 GC heap after
{Heap after GC invocations=535 (full 2):
 def new generation   total 629248K, used 14383K [0x00007f0998600000, 0x00007f09c30c0000, 0x00007f14430a0000)
  eden space 559360K,   0% used [0x00007f0998600000, 0x00007f0998600000, 0x00007f09ba840000)
  from space 69888K,  20% used [0x00007f09ba840000, 0x00007f09bb64bca8, 0x00007f09bec80000)
  to   space 69888K,   0% used [0x00007f09bec80000, 0x00007f09bec80000, 0x00007f09c30c0000)
 tenured generation   total 1398144K, used 1337020K [0x00007f14430a0000, 0x00007f1498600000, 0x00007f2998600000)
   the space 1398144K,  95% used [0x00007f14430a0000, 0x00007f1494a4f260, 0x00007f1494a4f400, 0x00007f1498600000)
 Metaspace       used 24259K, capacity 24636K, committed 24832K, reserved 26624K
}
Event: 155.257 GC heap before
{Heap before GC invocations=535 (full 2):
 def new generation   total 629248K, used 572739K [0x00007f0998600000, 0x00007f09c30c0000, 0x00007f14430a0000)
  eden space 559360K,  99% used [0x00007f0998600000, 0x00007f09ba744f68, 0x00007f09ba840000)
  from space 69888K,  20% used [0x00007f09ba840000, 0x00007f09bb64bca8, 0x00007f09bec80000)
  to   space 69888K,   0% used [0x00007f09bec80000, 0x00007f09bec80000, 0x00007f09c30c0000)
 tenured generation   total 1398144K, used 1337020K [0x00007f14430a0000, 0x00007f1498600000, 0x00007f2998600000)
   the space 1398144K,  95% used [0x00007f14430a0000, 0x00007f1494a4f260, 0x00007f1494a4f400, 0x00007f1498600000)
 Metaspace       used 24259K, capacity 24636K, committed 24832K, reserved 26624K
}
Event: 155.263 GC heap after
{Heap after GC invocations=536 (full 2):
 def new generation   total 629248K, used 14388K [0x00007f0998600000, 0x00007f09c30c0000, 0x00007f14430a0000)
  eden space 559360K,   0% used [0x00007f0998600000, 0x00007f0998600000, 0x00007f09ba840000)
  from space 69888K,  20% used [0x00007f09bec80000, 0x00007f09bfa8d000, 0x00007f09c30c0000)
  to   space 69888K,   0% used [0x00007f09ba840000, 0x00007f09ba840000, 0x00007f09bec80000)
 tenured generation   total 1398144K, used 1337020K [0x00007f14430a0000, 0x00007f1498600000, 0x00007f2998600000)
   the space 1398144K,  95% used [0x00007f14430a0000, 0x00007f1494a4f260, 0x00007f1494a4f400, 0x00007f1498600000)
 Metaspace       used 24259K, capacity 24636K, committed 24832K, reserved 26624K
}
Event: 155.515 GC heap before
{Heap before GC invocations=536 (full 2):
 def new generation   total 629248K, used 573748K [0x00007f0998600000, 0x00007f09c30c0000, 0x00007f14430a0000)
  eden space 559360K, 100% used [0x00007f0998600000, 0x00007f09ba840000, 0x00007f09ba840000)
  from space 69888K,  20% used [0x00007f09bec80000, 0x00007f09bfa8d000, 0x00007f09c30c0000)
  to   space 69888K,   0% used [0x00007f09ba840000, 0x00007f09ba840000, 0x00007f09bec80000)
 tenured generation   total 1398144K, used 1337020K [0x00007f14430a0000, 0x00007f1498600000, 0x00007f2998600000)
   the space 1398144K,  95% used [0x00007f14430a0000, 0x00007f1494a4f260, 0x00007f1494a4f400, 0x00007f1498600000)
 Metaspace       used 24259K, capacity 24636K, committed 24832K, reserved 26624K
}
Event: 155.526 GC heap after
{Heap after GC invocations=537 (full 2):
 def new generation   total 629248K, used 41146K [0x00007f0998600000, 0x00007f09c30c0000, 0x00007f14430a0000)
  eden space 559360K,   0% used [0x00007f0998600000, 0x00007f0998600000, 0x00007f09ba840000)
  from space 69888K,  58% used [0x00007f09ba840000, 0x00007f09bd06ebc0, 0x00007f09bec80000)
  to   space 69888K,   0% used [0x00007f09bec80000, 0x00007f09bec80000, 0x00007f09c30c0000)
 tenured generation   total 1398144K, used 1337020K [0x00007f14430a0000, 0x00007f1498600000, 0x00007f2998600000)
   the space 1398144K,  95% used [0x00007f14430a0000, 0x00007f1494a4f260, 0x00007f1494a4f400, 0x00007f1498600000)
 Metaspace       used 24259K, capacity 24636K, committed 24832K, reserved 26624K
}
Event: 155.785 GC heap before
{Heap before GC invocations=537 (full 2):
 def new generation   total 629248K, used 592233K [0x00007f0998600000, 0x00007f09c30c0000, 0x00007f14430a0000)
  eden space 559360K,  98% used [0x00007f0998600000, 0x00007f09ba02bb20, 0x00007f09ba840000)
  from space 69888K,  58% used [0x00007f09ba840000, 0x00007f09bd06ebc0, 0x00007f09bec80000)
  to   space 69888K,   0% used [0x00007f09bec80000, 0x00007f09bec80000, 0x00007f09c30c0000)
 tenured generation   total 1398144K, used 1337020K [0x00007f14430a0000, 0x00007f1498600000, 0x00007f2998600000)
   the space 1398144K,  95% used [0x00007f14430a0000, 0x00007f1494a4f260, 0x00007f1494a4f400, 0x00007f1498600000)
 Metaspace       used 24259K, capacity 24636K, committed 24832K, reserved 26624K
}
Event: 155.796 GC heap after
{Heap after GC invocations=538 (full 2):
 def new generation   total 629248K, used 5151K [0x00007f0998600000, 0x00007f09c30c0000, 0x00007f14430a0000)
  eden space 559360K,   0% used [0x00007f0998600000, 0x00007f0998600000, 0x00007f09ba840000)
  from space 69888K,   7% used [0x00007f09bec80000, 0x00007f09bf187f00, 0x00007f09c30c0000)
  to   space 69888K,   0% used [0x00007f09ba840000, 0x00007f09ba840000, 0x00007f09bec80000)
 tenured generation   total 1398144K, used 1375030K [0x00007f14430a0000, 0x00007f1498600000, 0x00007f2998600000)
   the space 1398144K,  98% used [0x00007f14430a0000, 0x00007f1496f6dbb0, 0x00007f1496f6dc00, 0x00007f1498600000)
 Metaspace       used 24259K, capacity 24636K, committed 24832K, reserved 26624K
}
Event: 156.056 GC heap before
{Heap before GC invocations=538 (full 2):
 def new generation   total 629248K, used 550011K [0x00007f0998600000, 0x00007f09c30c0000, 0x00007f14430a0000)
  eden space 559360K,  97% used [0x00007f0998600000, 0x00007f09b9a170f0, 0x00007f09ba840000)
  from space 69888K,   7% used [0x00007f09bec80000, 0x00007f09bf187f00, 0x00007f09c30c0000)
  to   space 69888K,   0% used [0x00007f09ba840000, 0x00007f09ba840000, 0x00007f09bec80000)
 tenured generation   total 1398144K, used 1375030K [0x00007f14430a0000, 0x00007f1498600000, 0x00007f2998600000)
   the space 1398144K,  98% used [0x00007f14430a0000, 0x00007f1496f6dbb0, 0x00007f1496f6dc00, 0x00007f1498600000)
 Metaspace       used 24259K, capacity 24636K, committed 24832K, reserved 26624K
}
Event: 156.060 GC heap after
{Heap after GC invocations=539 (full 2):
 def new generation   total 629248K, used 8747K [0x00007f0998600000, 0x00007f09c30c0000, 0x00007f14430a0000)
  eden space 559360K,   0% used [0x00007f0998600000, 0x00007f0998600000, 0x00007f09ba840000)
  from space 69888K,  12% used [0x00007f09ba840000, 0x00007f09bb0cae20, 0x00007f09bec80000)
  to   space 69888K,   0% used [0x00007f09bec80000, 0x00007f09bec80000, 0x00007f09c30c0000)
 tenured generation   total 1398144K, used 1375030K [0x00007f14430a0000, 0x00007f1498600000, 0x00007f2998600000)
   the space 1398144K,  98% used [0x00007f14430a0000, 0x00007f1496f6dbb0, 0x00007f1496f6dc00, 0x00007f1498600000)
 Metaspace       used 24259K, capacity 24636K, committed 24832K, reserved 26624K
}
Event: 156.319 GC heap before
{Heap before GC invocations=539 (full 2):
 def new generation   total 629248K, used 568107K [0x00007f0998600000, 0x00007f09c30c0000, 0x00007f14430a0000)
  eden space 559360K, 100% used [0x00007f0998600000, 0x00007f09ba840000, 0x00007f09ba840000)
  from space 69888K,  12% used [0x00007f09ba840000, 0x00007f09bb0cae20, 0x00007f09bec80000)
  to   space 69888K,   0% used [0x00007f09bec80000, 0x00007f09bec80000, 0x00007f09c30c0000)
 tenured generation   total 1398144K, used 1375030K [0x00007f14430a0000, 0x00007f1498600000, 0x00007f2998600000)
   the space 1398144K,  98% used [0x00007f14430a0000, 0x00007f1496f6dbb0, 0x00007f1496f6dc00, 0x00007f1498600000)
 Metaspace       used 24259K, capacity 24636K, committed 24832K, reserved 26624K
}
Event: 156.324 GC heap after
{Heap after GC invocations=540 (full 2):
 def new generation   total 629248K, used 12331K [0x00007f0998600000, 0x00007f09c30c0000, 0x00007f14430a0000)
  eden space 559360K,   0% used [0x00007f0998600000, 0x00007f0998600000, 0x00007f09ba840000)
  from space 69888K,  17% used [0x00007f09bec80000, 0x00007f09bf88af70, 0x00007f09c30c0000)
  to   space 69888K,   0% used [0x00007f09ba840000, 0x00007f09ba840000, 0x00007f09bec80000)
 tenured generation   total 1398144K, used 1375030K [0x00007f14430a0000, 0x00007f1498600000, 0x00007f2998600000)
   the space 1398144K,  98% used [0x00007f14430a0000, 0x00007f1496f6dbb0, 0x00007f1496f6dc00, 0x00007f1498600000)
 Metaspace       used 24259K, capacity 24636K, committed 24832K, reserved 26624K
}
Event: 156.590 GC heap before
{Heap before GC invocations=540 (full 2):
 def new generation   total 629248K, used 571691K [0x00007f0998600000, 0x00007f09c30c0000, 0x00007f14430a0000)
  eden space 559360K, 100% used [0x00007f0998600000, 0x00007f09ba840000, 0x00007f09ba840000)
  from space 69888K,  17% used [0x00007f09bec80000, 0x00007f09bf88af70, 0x00007f09c30c0000)
  to   space 69888K,   0% used [0x00007f09ba840000, 0x00007f09ba840000, 0x00007f09bec80000)
 tenured generation   total 1398144K, used 1375030K [0x00007f14430a0000, 0x00007f1498600000, 0x00007f2998600000)
   the space 1398144K,  98% used [0x00007f14430a0000, 0x00007f1496f6dbb0, 0x00007f1496f6dc00, 0x00007f1498600000)
 Metaspace       used 24259K, capacity 24636K, committed 24832K, reserved 26624K
}
Event: 156.596 GC heap after
{Heap after GC invocations=541 (full 2):
 def new generation   total 629248K, used 14373K [0x00007f0998600000, 0x00007f09c30c0000, 0x00007f14430a0000)
  eden space 559360K,   0% used [0x00007f0998600000, 0x00007f0998600000, 0x00007f09ba840000)
  from space 69888K,  20% used [0x00007f09ba840000, 0x00007f09bb6495a8, 0x00007f09bec80000)
  to   space 69888K,   0% used [0x00007f09bec80000, 0x00007f09bec80000, 0x00007f09c30c0000)
 tenured generation   total 1398144K, used 1375030K [0x00007f14430a0000, 0x00007f1498600000, 0x00007f2998600000)
   the space 1398144K,  98% used [0x00007f14430a0000, 0x00007f1496f6dbb0, 0x00007f1496f6dc00, 0x00007f1498600000)
 Metaspace       used 24259K, capacity 24636K, committed 24832K, reserved 26624K
}
Event: 156.842 GC heap before
{Heap before GC invocations=541 (full 2):
 def new generation   total 629248K, used 559401K [0x00007f0998600000, 0x00007f09c30c0000, 0x00007f14430a0000)
  eden space 559360K,  97% used [0x00007f0998600000, 0x00007f09b9a40f50, 0x00007f09ba840000)
  from space 69888K,  20% used [0x00007f09ba840000, 0x00007f09bb6495a8, 0x00007f09bec80000)
  to   space 69888K,   0% used [0x00007f09bec80000, 0x00007f09bec80000, 0x00007f09c30c0000)
 tenured generation   total 1398144K, used 1375030K [0x00007f14430a0000, 0x00007f1498600000, 0x00007f2998600000)
   the space 1398144K,  98% used [0x00007f14430a0000, 0x00007f1496f6dbb0, 0x00007f1496f6dc00, 0x00007f1498600000)
 Metaspace       used 24259K, capacity 24636K, committed 24832K, reserved 26624K
}
Event: 156.847 GC heap after
{Heap after GC invocations=542 (full 2):
 def new generation   total 629248K, used 14388K [0x00007f0998600000, 0x00007f09c30c0000, 0x00007f14430a0000)
  eden space 559360K,   0% used [0x00007f0998600000, 0x00007f0998600000, 0x00007f09ba840000)
  from space 69888K,  20% used [0x00007f09bec80000, 0x00007f09bfa8d000, 0x00007f09c30c0000)
  to   space 69888K,   0% used [0x00007f09ba840000, 0x00007f09ba840000, 0x00007f09bec80000)
 tenured generation   total 1398144K, used 1375030K [0x00007f14430a0000, 0x00007f1498600000, 0x00007f2998600000)
   the space 1398144K,  98% used [0x00007f14430a0000, 0x00007f1496f6dbb0, 0x00007f1496f6dc00, 0x00007f1498600000)
 Metaspace       used 24259K, capacity 24636K, committed 24832K, reserved 26624K
}
Event: 157.094 GC heap before
{Heap before GC invocations=542 (full 2):
 def new generation   total 629248K, used 573748K [0x00007f0998600000, 0x00007f09c30c0000, 0x00007f14430a0000)
  eden space 559360K, 100% used [0x00007f0998600000, 0x00007f09ba840000, 0x00007f09ba840000)
  from space 69888K,  20% used [0x00007f09bec80000, 0x00007f09bfa8d000, 0x00007f09c30c0000)
  to   space 69888K,   0% used [0x00007f09ba840000, 0x00007f09ba840000, 0x00007f09bec80000)
 tenured generation   total 1398144K, used 1375030K [0x00007f14430a0000, 0x00007f1498600000, 0x00007f2998600000)
   the space 1398144K,  98% used [0x00007f14430a0000, 0x00007f1496f6dbb0, 0x00007f1496f6dc00, 0x00007f1498600000)
 Metaspace       used 24259K, capacity 24636K, committed 24832K, reserved 26624K
}
Event: 157.105 GC heap after
{Heap after GC invocations=543 (full 2):
 def new generation   total 629248K, used 40135K [0x00007f0998600000, 0x00007f09c30c0000, 0x00007f14430a0000)
  eden space 559360K,   0% used [0x00007f0998600000, 0x00007f0998600000, 0x00007f09ba840000)
  from space 69888K,  57% used [0x00007f09ba840000, 0x00007f09bcf71e48, 0x00007f09bec80000)
  to   space 69888K,   0% used [0x00007f09bec80000, 0x00007f09bec80000, 0x00007f09c30c0000)
 tenured generation   total 1398144K, used 1375030K [0x00007f14430a0000, 0x00007f1498600000, 0x00007f2998600000)
   the space 1398144K,  98% used [0x00007f14430a0000, 0x00007f1496f6dbb0, 0x00007f1496f6dc00, 0x00007f1498600000)
 Metaspace       used 24259K, capacity 24636K, committed 24832K, reserved 26624K
}
Event: 157.370 GC heap before
{Heap before GC invocations=543 (full 2):
 def new generation   total 629248K, used 596551K [0x00007f0998600000, 0x00007f09c30c0000, 0x00007f14430a0000)
  eden space 559360K,  99% used [0x00007f0998600000, 0x00007f09ba55fff8, 0x00007f09ba840000)
  from space 69888K,  57% used [0x00007f09ba840000, 0x00007f09bcf71e48, 0x00007f09bec80000)
  to   space 69888K,   0% used [0x00007f09bec80000, 0x00007f09bec80000, 0x00007f09c30c0000)
 tenured generation   total 1398144K, used 1375030K [0x00007f14430a0000, 0x00007f1498600000, 0x00007f2998600000)
   the space 1398144K,  98% used [0x00007f14430a0000, 0x00007f1496f6dbb0, 0x00007f1496f6dc00, 0x00007f1498600000)
 Metaspace       used 24259K, capacity 24636K, committed 24832K, reserved 26624K
}
Event: 157.390 GC heap after
{Heap after GC invocations=544 (full 2):
 def new generation   total 629248K, used 5151K [0x00007f0998600000, 0x00007f09c30c0000, 0x00007f14430a0000)
  eden space 559360K,   0% used [0x00007f0998600000, 0x00007f0998600000, 0x00007f09ba840000)
  from space 69888K,   7% used [0x00007f09bec80000, 0x00007f09bf187f00, 0x00007f09c30c0000)
  to   space 69888K,   0% used [0x00007f09ba840000, 0x00007f09ba840000, 0x00007f09bec80000)
 tenured generation   total 1414532K, used 1413041K [0x00007f14430a0000, 0x00007f1499601000, 0x00007f2998600000)
   the space 1414532K,  99% used [0x00007f14430a0000, 0x00007f149948c500, 0x00007f149948c600, 0x00007f1499601000)
 Metaspace       used 24259K, capacity 24636K, committed 24832K, reserved 26624K
}
Event: 157.390 GC heap before
{Heap before GC invocations=544 (full 2):
 def new generation   total 629248K, used 5151K [0x00007f0998600000, 0x00007f09c30c0000, 0x00007f14430a0000)
  eden space 559360K,   0% used [0x00007f0998600000, 0x00007f0998600000, 0x00007f09ba840000)
  from space 69888K,   7% used [0x00007f09bec80000, 0x00007f09bf187f00, 0x00007f09c30c0000)
  to   space 69888K,   0% used [0x00007f09ba840000, 0x00007f09ba840000, 0x00007f09bec80000)
 tenured generation   total 1414532K, used 1413041K [0x00007f14430a0000, 0x00007f1499601000, 0x00007f2998600000)
   the space 1414532K,  99% used [0x00007f14430a0000, 0x00007f149948c500, 0x00007f149948c600, 0x00007f1499601000)
 Metaspace       used 24259K, capacity 24636K, committed 24832K, reserved 26624K
}

