# JRE version: OpenJDK Runtime Environment (13.0.7+5) (build 13.0.7+5-Ubuntu-0ubuntu120.04)
# Java VM: OpenJDK 64-Bit Server VM (13.0.7+5-Ubuntu-0ubuntu120.04, mixed mode, tiered, serial gc, linux-amd64)
Heap:
 def new generation   total 1956608K, used 1118468K [0x00007f0498600000, 0x00007f051d100000, 0x00007f09edb50000)
  eden space 1739264K,  62% used [0x00007f0498600000, 0x00007f04da769900, 0x00007f0502880000)
  from space 217344K,  16% used [0x00007f0502880000, 0x00007f0504b57930, 0x00007f050fcc0000)
  to   space 217344K,   0% used [0x00007f050fcc0000, 0x00007f050fcc2000, 0x00007f051d100000)
 tenured generation   total 4347848K, used 3657283K [0x00007f09edb50000, 0x00007f0af7142000, 0x00007f1498600000)
   the space 4347848K,  84% used [0x00007f09edb50000, 0x00007f0accee0ca0, 0x00007f0accee0e00, 0x00007f0af7142000)
 Metaspace       used 24206K, capacity 24622K, committed 24832K, reserved 26624K
GC Heap History (20 events):
Event: 67056.022 GC heap after
{Heap after GC invocations=20038 (full 6615):
 def new generation   total 1956480K, used 39807K [0x00007f0498600000, 0x00007f051d0e0000, 0x00007f09edb50000)
  eden space 1739136K,   0% used [0x00007f0498600000, 0x00007f0498600000, 0x00007f0502860000)
  from space 217344K,  18% used [0x00007f050fca0000, 0x00007f051237fd50, 0x00007f051d0e0000)
  to   space 217344K,   0% used [0x00007f0502860000, 0x00007f0502860000, 0x00007f050fca0000)
 tenured generation   total 4347604K, used 2608562K [0x00007f09edb50000, 0x00007f0af7105000, 0x00007f1498600000)
   the space 4347604K,  59% used [0x00007f09edb50000, 0x00007f0a8cebc828, 0x00007f0a8cebca00, 0x00007f0af7105000)
 Metaspace       used 24206K, capacity 24622K, committed 24832K, reserved 26624K
}
Event: 67057.435 GC heap before
{Heap before GC invocations=20038 (full 6615):
 def new generation   total 1956480K, used 1122429K [0x00007f0498600000, 0x00007f051d0e0000, 0x00007f09edb50000)
  eden space 1739136K,  62% used [0x00007f0498600000, 0x00007f04da73f8a0, 0x00007f0502860000)
  from space 217344K,  18% used [0x00007f050fca0000, 0x00007f051237fd50, 0x00007f051d0e0000)
  to   space 217344K,   0% used [0x00007f0502860000, 0x00007f0502860000, 0x00007f050fca0000)
 tenured generation   total 4347604K, used 2608562K [0x00007f09edb50000, 0x00007f0af7105000, 0x00007f1498600000)
   the space 4347604K,  59% used [0x00007f09edb50000, 0x00007f0a8cebc828, 0x00007f0a8cebca00, 0x00007f0af7105000)
 Metaspace       used 24206K, capacity 24622K, committed 24832K, reserved 26624K
}
Event: 67058.173 GC heap after
{Heap after GC invocations=20039 (full 6615):
 def new generation   total 1956480K, used 35678K [0x00007f0498600000, 0x00007f051d0e0000, 0x00007f09edb50000)
  eden space 1739136K,   0% used [0x00007f0498600000, 0x00007f0498600000, 0x00007f0502860000)
  from space 217344K,  16% used [0x00007f0502860000, 0x00007f0504b37930, 0x00007f050fca0000)
  to   space 217344K,   0% used [0x00007f050fca0000, 0x00007f050fca0000, 0x00007f051d0e0000)
 tenured generation   total 4347604K, used 3657138K [0x00007f09edb50000, 0x00007f0af7105000, 0x00007f1498600000)
   the space 4347604K,  84% used [0x00007f09edb50000, 0x00007f0accebc840, 0x00007f0accebca00, 0x00007f0af7105000)
 Metaspace       used 24206K, capacity 24622K, committed 24832K, reserved 26624K
}
Event: 67059.431 GC heap before
{Heap before GC invocations=20039 (full 6615):
 def new generation   total 1956480K, used 1118466K [0x00007f0498600000, 0x00007f051d0e0000, 0x00007f09edb50000)
  eden space 1739136K,  62% used [0x00007f0498600000, 0x00007f04da769108, 0x00007f0502860000)
  from space 217344K,  16% used [0x00007f0502860000, 0x00007f0504b37930, 0x00007f050fca0000)
  to   space 217344K,   0% used [0x00007f050fca0000, 0x00007f050fca0000, 0x00007f051d0e0000)
 tenured generation   total 4347604K, used 3657138K [0x00007f09edb50000, 0x00007f0af7105000, 0x00007f1498600000)
   the space 4347604K,  84% used [0x00007f09edb50000, 0x00007f0accebc840, 0x00007f0accebca00, 0x00007f0af7105000)
 Metaspace       used 24206K, capacity 24622K, committed 24832K, reserved 26624K
}
Event: 67060.499 GC heap after
{Heap after GC invocations=20040 (full 6615):
 def new generation   total 1956480K, used 35678K [0x00007f0498600000, 0x00007f051d0e0000, 0x00007f09edb50000)
  eden space 1739136K,   0% used [0x00007f0498600000, 0x00007f0498600000, 0x00007f0502860000)
  from space 217344K,  16% used [0x00007f050fca0000, 0x00007f0511f77ba8, 0x00007f051d0e0000)
  to   space 217344K,   0% used [0x00007f0502860000, 0x00007f0502860000, 0x00007f050fca0000)
 tenured generation   total 5396184K, used 4705714K [0x00007f09edb50000, 0x00007f0b37106000, 0x00007f1498600000)
   the space 5396184K,  87% used [0x00007f09edb50000, 0x00007f0b0cebc858, 0x00007f0b0cebca00, 0x00007f0b37106000)
 Metaspace       used 24206K, capacity 24622K, committed 24832K, reserved 26624K
}
Event: 67060.499 GC heap before
{Heap before GC invocations=20040 (full 6615):
 def new generation   total 1956480K, used 35678K [0x00007f0498600000, 0x00007f051d0e0000, 0x00007f09edb50000)
  eden space 1739136K,   0% used [0x00007f0498600000, 0x00007f0498600000, 0x00007f0502860000)
  from space 217344K,  16% used [0x00007f050fca0000, 0x00007f0511f77ba8, 0x00007f051d0e0000)
  to   space 217344K,   0% used [0x00007f0502860000, 0x00007f0502860000, 0x00007f050fca0000)
 tenured generation   total 5396184K, used 4705714K [0x00007f09edb50000, 0x00007f0b37106000, 0x00007f1498600000)
   the space 5396184K,  87% used [0x00007f09edb50000, 0x00007f0b0cebc858, 0x00007f0b0cebca00, 0x00007f0b37106000)
 Metaspace       used 24206K, capacity 24622K, committed 24832K, reserved 26624K
}
Event: 67062.470 GC heap after
{Heap after GC invocations=20040 (full 6616):
 def new generation   total 1956544K, used 0K [0x00007f0498600000, 0x00007f051d0f0000, 0x00007f09edb50000)
  eden space 1739200K,   0% used [0x00007f0498600000, 0x00007f0498600000, 0x00007f0502870000)
  from space 217344K,   0% used [0x00007f0502870000, 0x00007f0502870000, 0x00007f050fcb0000)
  to   space 217344K,   0% used [0x00007f050fcb0000, 0x00007f050fcb0000, 0x00007f051d0f0000)
 tenured generation   total 4347716K, used 2608628K [0x00007f09edb50000, 0x00007f0af7121000, 0x00007f1498600000)
   the space 4347716K,  59% used [0x00007f09edb50000, 0x00007f0a8cecd1d8, 0x00007f0a8cecd200, 0x00007f0af7121000)
 Metaspace       used 24206K, capacity 24622K, committed 24832K, reserved 26624K
}
Event: 67065.697 GC heap before
{Heap before GC invocations=20040 (full 6616):
 def new generation   total 1956544K, used 1697992K [0x00007f0498600000, 0x00007f051d0f0000, 0x00007f09edb50000)
  eden space 1739200K,  97% used [0x00007f0498600000, 0x00007f05000320f8, 0x00007f0502870000)
  from space 217344K,   0% used [0x00007f0502870000, 0x00007f0502870000, 0x00007f050fcb0000)
  to   space 217344K,   0% used [0x00007f050fcb0000, 0x00007f050fcb0000, 0x00007f051d0f0000)
 tenured generation   total 4347716K, used 2608628K [0x00007f09edb50000, 0x00007f0af7121000, 0x00007f1498600000)
   the space 4347716K,  59% used [0x00007f09edb50000, 0x00007f0a8cecd1d8, 0x00007f0a8cecd200, 0x00007f0af7121000)
 Metaspace       used 24206K, capacity 24622K, committed 24832K, reserved 26624K
}
Event: 67065.728 GC heap after
{Heap after GC invocations=20041 (full 6616):
 def new generation   total 1956544K, used 39807K [0x00007f0498600000, 0x00007f051d0f0000, 0x00007f09edb50000)
  eden space 1739200K,   0% used [0x00007f0498600000, 0x00007f0498600000, 0x00007f0502870000)
  from space 217344K,  18% used [0x00007f050fcb0000, 0x00007f051238fd50, 0x00007f051d0f0000)
  to   space 217344K,   0% used [0x00007f0502870000, 0x00007f0502870000, 0x00007f050fcb0000)
 tenured generation   total 4347716K, used 2608628K [0x00007f09edb50000, 0x00007f0af7121000, 0x00007f1498600000)
   the space 4347716K,  59% used [0x00007f09edb50000, 0x00007f0a8cecd1d8, 0x00007f0a8cecd200, 0x00007f0af7121000)
 Metaspace       used 24206K, capacity 24622K, committed 24832K, reserved 26624K
}
Event: 67067.189 GC heap before
{Heap before GC invocations=20041 (full 6616):
 def new generation   total 1956544K, used 1122430K [0x00007f0498600000, 0x00007f051d0f0000, 0x00007f09edb50000)
  eden space 1739200K,  62% used [0x00007f0498600000, 0x00007f04da73fd20, 0x00007f0502870000)
  from space 217344K,  18% used [0x00007f050fcb0000, 0x00007f051238fd50, 0x00007f051d0f0000)
  to   space 217344K,   0% used [0x00007f0502870000, 0x00007f0502870000, 0x00007f050fcb0000)
 tenured generation   total 4347716K, used 2608628K [0x00007f09edb50000, 0x00007f0af7121000, 0x00007f1498600000)
   the space 4347716K,  59% used [0x00007f09edb50000, 0x00007f0a8cecd1d8, 0x00007f0a8cecd200, 0x00007f0af7121000)
 Metaspace       used 24206K, capacity 24622K, committed 24832K, reserved 26624K
}
Event: 67067.913 GC heap after
{Heap after GC invocations=20042 (full 6616):
 def new generation   total 1956544K, used 35678K [0x00007f0498600000, 0x00007f051d0f0000, 0x00007f09edb50000)
  eden space 1739200K,   0% used [0x00007f0498600000, 0x00007f0498600000, 0x00007f0502870000)
  from space 217344K,  16% used [0x00007f0502870000, 0x00007f0504b47930, 0x00007f050fcb0000)
  to   space 217344K,   0% used [0x00007f050fcb0000, 0x00007f050fcb0000, 0x00007f051d0f0000)
 tenured generation   total 4347716K, used 3657204K [0x00007f09edb50000, 0x00007f0af7121000, 0x00007f1498600000)
   the space 4347716K,  84% used [0x00007f09edb50000, 0x00007f0accecd1f0, 0x00007f0accecd200, 0x00007f0af7121000)
 Metaspace       used 24206K, capacity 24622K, committed 24832K, reserved 26624K
}
Event: 67069.140 GC heap before
{Heap before GC invocations=20042 (full 6616):
 def new generation   total 1956544K, used 1118467K [0x00007f0498600000, 0x00007f051d0f0000, 0x00007f09edb50000)
  eden space 1739200K,  62% used [0x00007f0498600000, 0x00007f04da769508, 0x00007f0502870000)
  from space 217344K,  16% used [0x00007f0502870000, 0x00007f0504b47930, 0x00007f050fcb0000)
  to   space 217344K,   0% used [0x00007f050fcb0000, 0x00007f050fcb0000, 0x00007f051d0f0000)
 tenured generation   total 4347716K, used 3657204K [0x00007f09edb50000, 0x00007f0af7121000, 0x00007f1498600000)
   the space 4347716K,  84% used [0x00007f09edb50000, 0x00007f0accecd1f0, 0x00007f0accecd200, 0x00007f0af7121000)
 Metaspace       used 24206K, capacity 24622K, committed 24832K, reserved 26624K
}
Event: 67069.909 GC heap after
{Heap after GC invocations=20043 (full 6616):
 def new generation   total 1956544K, used 35678K [0x00007f0498600000, 0x00007f051d0f0000, 0x00007f09edb50000)
  eden space 1739200K,   0% used [0x00007f0498600000, 0x00007f0498600000, 0x00007f0502870000)
  from space 217344K,  16% used [0x00007f050fcb0000, 0x00007f0511f87ba8, 0x00007f051d0f0000)
  to   space 217344K,   0% used [0x00007f0502870000, 0x00007f0502870000, 0x00007f050fcb0000)
 tenured generation   total 5396296K, used 4705780K [0x00007f09edb50000, 0x00007f0b37122000, 0x00007f1498600000)
   the space 5396296K,  87% used [0x00007f09edb50000, 0x00007f0b0cecd208, 0x00007f0b0cecd400, 0x00007f0b37122000)
 Metaspace       used 24206K, capacity 24622K, committed 24832K, reserved 26624K
}
Event: 67069.909 GC heap before
{Heap before GC invocations=20043 (full 6616):
 def new generation   total 1956544K, used 35678K [0x00007f0498600000, 0x00007f051d0f0000, 0x00007f09edb50000)
  eden space 1739200K,   0% used [0x00007f0498600000, 0x00007f0498600000, 0x00007f0502870000)
  from space 217344K,  16% used [0x00007f050fcb0000, 0x00007f0511f87ba8, 0x00007f051d0f0000)
  to   space 217344K,   0% used [0x00007f0502870000, 0x00007f0502870000, 0x00007f050fcb0000)
 tenured generation   total 5396296K, used 4705780K [0x00007f09edb50000, 0x00007f0b37122000, 0x00007f1498600000)
   the space 5396296K,  87% used [0x00007f09edb50000, 0x00007f0b0cecd208, 0x00007f0b0cecd400, 0x00007f0b37122000)
 Metaspace       used 24206K, capacity 24622K, committed 24832K, reserved 26624K
}
Event: 67071.939 GC heap after
{Heap after GC invocations=20043 (full 6617):
 def new generation   total 1956608K, used 0K [0x00007f0498600000, 0x00007f051d100000, 0x00007f09edb50000)
  eden space 1739264K,   0% used [0x00007f0498600000, 0x00007f0498600000, 0x00007f0502880000)
  from space 217344K,   0% used [0x00007f0502880000, 0x00007f0502880000, 0x00007f050fcc0000)
  to   space 217344K,   0% used [0x00007f050fcc0000, 0x00007f050fcc0000, 0x00007f051d100000)
 tenured generation   total 4347848K, used 2608707K [0x00007f09edb50000, 0x00007f0af7142000, 0x00007f1498600000)
   the space 4347848K,  59% used [0x00007f09edb50000, 0x00007f0a8cee0c88, 0x00007f0a8cee0e00, 0x00007f0af7142000)
 Metaspace       used 24206K, capacity 24622K, committed 24832K, reserved 26624K
}
Event: 67075.220 GC heap before
{Heap before GC invocations=20043 (full 6617):
 def new generation   total 1956608K, used 1698009K [0x00007f0498600000, 0x00007f051d100000, 0x00007f09edb50000)
  eden space 1739264K,  97% used [0x00007f0498600000, 0x00007f0500036588, 0x00007f0502880000)
  from space 217344K,   0% used [0x00007f0502880000, 0x00007f0502880000, 0x00007f050fcc0000)
  to   space 217344K,   0% used [0x00007f050fcc0000, 0x00007f050fcc0000, 0x00007f051d100000)
 tenured generation   total 4347848K, used 2608707K [0x00007f09edb50000, 0x00007f0af7142000, 0x00007f1498600000)
   the space 4347848K,  59% used [0x00007f09edb50000, 0x00007f0a8cee0c88, 0x00007f0a8cee0e00, 0x00007f0af7142000)
 Metaspace       used 24206K, capacity 24622K, committed 24832K, reserved 26624K
}
Event: 67075.257 GC heap after
{Heap after GC invocations=20044 (full 6617):
 def new generation   total 1956608K, used 39807K [0x00007f0498600000, 0x00007f051d100000, 0x00007f09edb50000)
  eden space 1739264K,   0% used [0x00007f0498600000, 0x00007f0498600000, 0x00007f0502880000)
  from space 217344K,  18% used [0x00007f050fcc0000, 0x00007f051239fd50, 0x00007f051d100000)
  to   space 217344K,   0% used [0x00007f0502880000, 0x00007f0502880000, 0x00007f050fcc0000)
 tenured generation   total 4347848K, used 2608707K [0x00007f09edb50000, 0x00007f0af7142000, 0x00007f1498600000)
   the space 4347848K,  59% used [0x00007f09edb50000, 0x00007f0a8cee0c88, 0x00007f0a8cee0e00, 0x00007f0af7142000)
 Metaspace       used 24206K, capacity 24622K, committed 24832K, reserved 26624K
}
Event: 67076.731 GC heap before
{Heap before GC invocations=20044 (full 6617):
 def new generation   total 1956608K, used 1122431K [0x00007f0498600000, 0x00007f051d100000, 0x00007f09edb50000)
  eden space 1739264K,  62% used [0x00007f0498600000, 0x00007f04da7401a0, 0x00007f0502880000)
  from space 217344K,  18% used [0x00007f050fcc0000, 0x00007f051239fd50, 0x00007f051d100000)
  to   space 217344K,   0% used [0x00007f0502880000, 0x00007f0502880000, 0x00007f050fcc0000)
 tenured generation   total 4347848K, used 2608707K [0x00007f09edb50000, 0x00007f0af7142000, 0x00007f1498600000)
   the space 4347848K,  59% used [0x00007f09edb50000, 0x00007f0a8cee0c88, 0x00007f0a8cee0e00, 0x00007f0af7142000)
 Metaspace       used 24206K, capacity 24622K, committed 24832K, reserved 26624K
}
Event: 67077.385 GC heap after
{Heap after GC invocations=20045 (full 6617):
 def new generation   total 1956608K, used 35678K [0x00007f0498600000, 0x00007f051d100000, 0x00007f09edb50000)
  eden space 1739264K,   0% used [0x00007f0498600000, 0x00007f0498600000, 0x00007f0502880000)
  from space 217344K,  16% used [0x00007f0502880000, 0x00007f0504b57930, 0x00007f050fcc0000)
  to   space 217344K,   0% used [0x00007f050fcc0000, 0x00007f050fcc0000, 0x00007f051d100000)
 tenured generation   total 4347848K, used 3657283K [0x00007f09edb50000, 0x00007f0af7142000, 0x00007f1498600000)
   the space 4347848K,  84% used [0x00007f09edb50000, 0x00007f0accee0ca0, 0x00007f0accee0e00, 0x00007f0af7142000)
 Metaspace       used 24206K, capacity 24622K, committed 24832K, reserved 26624K
}
Event: 67078.639 GC heap before
{Heap before GC invocations=20045 (full 6617):
 def new generation   total 1956608K, used 1118468K [0x00007f0498600000, 0x00007f051d100000, 0x00007f09edb50000)
  eden space 1739264K,  62% used [0x00007f0498600000, 0x00007f04da769900, 0x00007f0502880000)
  from space 217344K,  16% used [0x00007f0502880000, 0x00007f0504b57930, 0x00007f050fcc0000)
  to   space 217344K,   0% used [0x00007f050fcc0000, 0x00007f050fcc0000, 0x00007f051d100000)
 tenured generation   total 4347848K, used 3657283K [0x00007f09edb50000, 0x00007f0af7142000, 0x00007f1498600000)
   the space 4347848K,  84% used [0x00007f09edb50000, 0x00007f0accee0ca0, 0x00007f0accee0e00, 0x00007f0af7142000)
 Metaspace       used 24206K, capacity 24622K, committed 24832K, reserved 26624K
}

