# JRE version: OpenJDK Runtime Environment (13.0.7+5) (build 13.0.7+5-Ubuntu-0ubuntu120.04)
# Java VM: OpenJDK 64-Bit Server VM (13.0.7+5-Ubuntu-0ubuntu120.04, mixed mode, tiered, serial gc, linux-amd64)
Heap:
 def new generation   total 1049408K, used 18210K [0x00007f5ed4600000, 0x00007f5f1b8a0000, 0x00007f6429b50000)
  eden space 932864K,   1% used [0x00007f5ed4600000, 0x00007f5ed57c89a8, 0x00007f5f0d500000)
  from space 116544K,   0% used [0x00007f5f146d0000, 0x00007f5f146d0000, 0x00007f5f1b8a0000)
  to   space 116544K,   0% used [0x00007f5f0d500000, 0x00007f5f0d500000, 0x00007f5f146d0000)
 tenured generation   total 2332608K, used 2332607K [0x00007f6429b50000, 0x00007f64b8140000, 0x00007f6ed4600000)
   the space 2332608K,  99% used [0x00007f6429b50000, 0x00007f64b813fff8, 0x00007f64b8140000, 0x00007f64b8140000)
 Metaspace       used 24300K, capacity 24747K, committed 24832K, reserved 26624K
GC Heap History (20 events):
Event: 691.175 GC heap after
{Heap after GC invocations=2765 (full 2):
 def new generation   total 1049408K, used 17587K [0x00007f5ed4600000, 0x00007f5f1b8a0000, 0x00007f6429b50000)
  eden space 932864K,   0% used [0x00007f5ed4600000, 0x00007f5ed4600000, 0x00007f5f0d500000)
  from space 116544K,  15% used [0x00007f5f0d500000, 0x00007f5f0e62cf28, 0x00007f5f146d0000)
  to   space 116544K,   0% used [0x00007f5f146d0000, 0x00007f5f146d0000, 0x00007f5f1b8a0000)
 tenured generation   total 2331840K, used 2321627K [0x00007f6429b50000, 0x00007f64b8080000, 0x00007f6ed4600000)
   the space 2331840K,  99% used [0x00007f6429b50000, 0x00007f64b7686c10, 0x00007f64b7686e00, 0x00007f64b8080000)
 Metaspace       used 24300K, capacity 24747K, committed 24832K, reserved 26624K
}
Event: 691.499 GC heap before
{Heap before GC invocations=2765 (full 2):
 def new generation   total 1049408K, used 950451K [0x00007f5ed4600000, 0x00007f5f1b8a0000, 0x00007f6429b50000)
  eden space 932864K, 100% used [0x00007f5ed4600000, 0x00007f5f0d500000, 0x00007f5f0d500000)
  from space 116544K,  15% used [0x00007f5f0d500000, 0x00007f5f0e62cf28, 0x00007f5f146d0000)
  to   space 116544K,   0% used [0x00007f5f146d0000, 0x00007f5f146d0000, 0x00007f5f1b8a0000)
 tenured generation   total 2331840K, used 2321627K [0x00007f6429b50000, 0x00007f64b8080000, 0x00007f6ed4600000)
   the space 2331840K,  99% used [0x00007f6429b50000, 0x00007f64b7686c10, 0x00007f64b7686e00, 0x00007f64b8080000)
 Metaspace       used 24300K, capacity 24747K, committed 24832K, reserved 26624K
}
Event: 691.518 GC heap after
{Heap after GC invocations=2766 (full 2):
 def new generation   total 1049408K, used 17315K [0x00007f5ed4600000, 0x00007f5f1b8a0000, 0x00007f6429b50000)
  eden space 932864K,   0% used [0x00007f5ed4600000, 0x00007f5ed4600000, 0x00007f5f0d500000)
  from space 116544K,  14% used [0x00007f5f146d0000, 0x00007f5f157b8e48, 0x00007f5f1b8a0000)
  to   space 116544K,   0% used [0x00007f5f0d500000, 0x00007f5f0d500000, 0x00007f5f146d0000)
 tenured generation   total 2331840K, used 2322963K [0x00007f6429b50000, 0x00007f64b8080000, 0x00007f6ed4600000)
   the space 2331840K,  99% used [0x00007f6429b50000, 0x00007f64b77d4fd0, 0x00007f64b77d5000, 0x00007f64b8080000)
 Metaspace       used 24300K, capacity 24747K, committed 24832K, reserved 26624K
}
Event: 691.855 GC heap before
{Heap before GC invocations=2766 (full 2):
 def new generation   total 1049408K, used 950179K [0x00007f5ed4600000, 0x00007f5f1b8a0000, 0x00007f6429b50000)
  eden space 932864K, 100% used [0x00007f5ed4600000, 0x00007f5f0d500000, 0x00007f5f0d500000)
  from space 116544K,  14% used [0x00007f5f146d0000, 0x00007f5f157b8e48, 0x00007f5f1b8a0000)
  to   space 116544K,   0% used [0x00007f5f0d500000, 0x00007f5f0d500000, 0x00007f5f146d0000)
 tenured generation   total 2331840K, used 2322963K [0x00007f6429b50000, 0x00007f64b8080000, 0x00007f6ed4600000)
   the space 2331840K,  99% used [0x00007f6429b50000, 0x00007f64b77d4fd0, 0x00007f64b77d5000, 0x00007f64b8080000)
 Metaspace       used 24300K, capacity 24747K, committed 24832K, reserved 26624K
}
Event: 691.873 GC heap after
{Heap after GC invocations=2767 (full 2):
 def new generation   total 1049408K, used 17306K [0x00007f5ed4600000, 0x00007f5f1b8a0000, 0x00007f6429b50000)
  eden space 932864K,   0% used [0x00007f5ed4600000, 0x00007f5ed4600000, 0x00007f5f0d500000)
  from space 116544K,  14% used [0x00007f5f0d500000, 0x00007f5f0e5e6820, 0x00007f5f146d0000)
  to   space 116544K,   0% used [0x00007f5f146d0000, 0x00007f5f146d0000, 0x00007f5f1b8a0000)
 tenured generation   total 2331840K, used 2324026K [0x00007f6429b50000, 0x00007f64b8080000, 0x00007f6ed4600000)
   the space 2331840K,  99% used [0x00007f6429b50000, 0x00007f64b78de970, 0x00007f64b78dea00, 0x00007f64b8080000)
 Metaspace       used 24300K, capacity 24747K, committed 24832K, reserved 26624K
}
Event: 692.214 GC heap before
{Heap before GC invocations=2767 (full 2):
 def new generation   total 1049408K, used 950170K [0x00007f5ed4600000, 0x00007f5f1b8a0000, 0x00007f6429b50000)
  eden space 932864K, 100% used [0x00007f5ed4600000, 0x00007f5f0d500000, 0x00007f5f0d500000)
  from space 116544K,  14% used [0x00007f5f0d500000, 0x00007f5f0e5e6820, 0x00007f5f146d0000)
  to   space 116544K,   0% used [0x00007f5f146d0000, 0x00007f5f146d0000, 0x00007f5f1b8a0000)
 tenured generation   total 2331840K, used 2324026K [0x00007f6429b50000, 0x00007f64b8080000, 0x00007f6ed4600000)
   the space 2331840K,  99% used [0x00007f6429b50000, 0x00007f64b78de970, 0x00007f64b78dea00, 0x00007f64b8080000)
 Metaspace       used 24300K, capacity 24747K, committed 24832K, reserved 26624K
}
Event: 692.238 GC heap after
{Heap after GC invocations=2768 (full 2):
 def new generation   total 1049408K, used 18266K [0x00007f5ed4600000, 0x00007f5f1b8a0000, 0x00007f6429b50000)
  eden space 932864K,   0% used [0x00007f5ed4600000, 0x00007f5ed4600000, 0x00007f5f0d500000)
  from space 116544K,  15% used [0x00007f5f146d0000, 0x00007f5f158a6a90, 0x00007f5f1b8a0000)
  to   space 116544K,   0% used [0x00007f5f0d500000, 0x00007f5f0d500000, 0x00007f5f146d0000)
 tenured generation   total 2331840K, used 2325078K [0x00007f6429b50000, 0x00007f64b8080000, 0x00007f6ed4600000)
   the space 2331840K,  99% used [0x00007f6429b50000, 0x00007f64b79e59f0, 0x00007f64b79e5a00, 0x00007f64b8080000)
 Metaspace       used 24300K, capacity 24747K, committed 24832K, reserved 26624K
}
Event: 692.568 GC heap before
{Heap before GC invocations=2768 (full 2):
 def new generation   total 1049408K, used 951130K [0x00007f5ed4600000, 0x00007f5f1b8a0000, 0x00007f6429b50000)
  eden space 932864K, 100% used [0x00007f5ed4600000, 0x00007f5f0d500000, 0x00007f5f0d500000)
  from space 116544K,  15% used [0x00007f5f146d0000, 0x00007f5f158a6a90, 0x00007f5f1b8a0000)
  to   space 116544K,   0% used [0x00007f5f0d500000, 0x00007f5f0d500000, 0x00007f5f146d0000)
 tenured generation   total 2331840K, used 2325078K [0x00007f6429b50000, 0x00007f64b8080000, 0x00007f6ed4600000)
   the space 2331840K,  99% used [0x00007f6429b50000, 0x00007f64b79e59f0, 0x00007f64b79e5a00, 0x00007f64b8080000)
 Metaspace       used 24300K, capacity 24747K, committed 24832K, reserved 26624K
}
Event: 692.586 GC heap after
{Heap after GC invocations=2769 (full 2):
 def new generation   total 1049408K, used 17517K [0x00007f5ed4600000, 0x00007f5f1b8a0000, 0x00007f6429b50000)
  eden space 932864K,   0% used [0x00007f5ed4600000, 0x00007f5ed4600000, 0x00007f5f0d500000)
  from space 116544K,  15% used [0x00007f5f0d500000, 0x00007f5f0e61b510, 0x00007f5f146d0000)
  to   space 116544K,   0% used [0x00007f5f146d0000, 0x00007f5f146d0000, 0x00007f5f1b8a0000)
 tenured generation   total 2331840K, used 2326874K [0x00007f6429b50000, 0x00007f64b8080000, 0x00007f6ed4600000)
   the space 2331840K,  99% used [0x00007f6429b50000, 0x00007f64b7ba6810, 0x00007f64b7ba6a00, 0x00007f64b8080000)
 Metaspace       used 24300K, capacity 24747K, committed 24832K, reserved 26624K
}
Event: 692.916 GC heap before
{Heap before GC invocations=2769 (full 2):
 def new generation   total 1049408K, used 950381K [0x00007f5ed4600000, 0x00007f5f1b8a0000, 0x00007f6429b50000)
  eden space 932864K, 100% used [0x00007f5ed4600000, 0x00007f5f0d500000, 0x00007f5f0d500000)
  from space 116544K,  15% used [0x00007f5f0d500000, 0x00007f5f0e61b510, 0x00007f5f146d0000)
  to   space 116544K,   0% used [0x00007f5f146d0000, 0x00007f5f146d0000, 0x00007f5f1b8a0000)
 tenured generation   total 2331840K, used 2326874K [0x00007f6429b50000, 0x00007f64b8080000, 0x00007f6ed4600000)
   the space 2331840K,  99% used [0x00007f6429b50000, 0x00007f64b7ba6810, 0x00007f64b7ba6a00, 0x00007f64b8080000)
 Metaspace       used 24300K, capacity 24747K, committed 24832K, reserved 26624K
}
Event: 692.935 GC heap after
{Heap after GC invocations=2770 (full 2):
 def new generation   total 1049408K, used 17209K [0x00007f5ed4600000, 0x00007f5f1b8a0000, 0x00007f6429b50000)
  eden space 932864K,   0% used [0x00007f5ed4600000, 0x00007f5ed4600000, 0x00007f5f0d500000)
  from space 116544K,  14% used [0x00007f5f146d0000, 0x00007f5f1579e4e8, 0x00007f5f1b8a0000)
  to   space 116544K,   0% used [0x00007f5f0d500000, 0x00007f5f0d500000, 0x00007f5f146d0000)
 tenured generation   total 2331840K, used 2328231K [0x00007f6429b50000, 0x00007f64b8080000, 0x00007f6ed4600000)
   the space 2331840K,  99% used [0x00007f6429b50000, 0x00007f64b7cf9f30, 0x00007f64b7cfa000, 0x00007f64b8080000)
 Metaspace       used 24300K, capacity 24747K, committed 24832K, reserved 26624K
}
Event: 693.273 GC heap before
{Heap before GC invocations=2770 (full 2):
 def new generation   total 1049408K, used 950073K [0x00007f5ed4600000, 0x00007f5f1b8a0000, 0x00007f6429b50000)
  eden space 932864K, 100% used [0x00007f5ed4600000, 0x00007f5f0d500000, 0x00007f5f0d500000)
  from space 116544K,  14% used [0x00007f5f146d0000, 0x00007f5f1579e4e8, 0x00007f5f1b8a0000)
  to   space 116544K,   0% used [0x00007f5f0d500000, 0x00007f5f0d500000, 0x00007f5f146d0000)
 tenured generation   total 2331840K, used 2328231K [0x00007f6429b50000, 0x00007f64b8080000, 0x00007f6ed4600000)
   the space 2331840K,  99% used [0x00007f6429b50000, 0x00007f64b7cf9f30, 0x00007f64b7cfa000, 0x00007f64b8080000)
 Metaspace       used 24300K, capacity 24747K, committed 24832K, reserved 26624K
}
Event: 693.290 GC heap after
{Heap after GC invocations=2771 (full 2):
 def new generation   total 1049408K, used 17298K [0x00007f5ed4600000, 0x00007f5f1b8a0000, 0x00007f6429b50000)
  eden space 932864K,   0% used [0x00007f5ed4600000, 0x00007f5ed4600000, 0x00007f5f0d500000)
  from space 116544K,  14% used [0x00007f5f0d500000, 0x00007f5f0e5e48a0, 0x00007f5f146d0000)
  to   space 116544K,   0% used [0x00007f5f146d0000, 0x00007f5f146d0000, 0x00007f5f1b8a0000)
 tenured generation   total 2331840K, used 2329283K [0x00007f6429b50000, 0x00007f64b8080000, 0x00007f6ed4600000)
   the space 2331840K,  99% used [0x00007f6429b50000, 0x00007f64b7e00fb0, 0x00007f64b7e01000, 0x00007f64b8080000)
 Metaspace       used 24300K, capacity 24747K, committed 24832K, reserved 26624K
}
Event: 693.621 GC heap before
{Heap before GC invocations=2771 (full 2):
 def new generation   total 1049408K, used 950162K [0x00007f5ed4600000, 0x00007f5f1b8a0000, 0x00007f6429b50000)
  eden space 932864K, 100% used [0x00007f5ed4600000, 0x00007f5f0d500000, 0x00007f5f0d500000)
  from space 116544K,  14% used [0x00007f5f0d500000, 0x00007f5f0e5e48a0, 0x00007f5f146d0000)
  to   space 116544K,   0% used [0x00007f5f146d0000, 0x00007f5f146d0000, 0x00007f5f1b8a0000)
 tenured generation   total 2331840K, used 2329283K [0x00007f6429b50000, 0x00007f64b8080000, 0x00007f6ed4600000)
   the space 2331840K,  99% used [0x00007f6429b50000, 0x00007f64b7e00fb0, 0x00007f64b7e01000, 0x00007f64b8080000)
 Metaspace       used 24300K, capacity 24747K, committed 24832K, reserved 26624K
}
Event: 693.643 GC heap after
{Heap after GC invocations=2772 (full 2):
 def new generation   total 1049408K, used 18295K [0x00007f5ed4600000, 0x00007f5f1b8a0000, 0x00007f6429b50000)
  eden space 932864K,   0% used [0x00007f5ed4600000, 0x00007f5ed4600000, 0x00007f5f0d500000)
  from space 116544K,  15% used [0x00007f5f146d0000, 0x00007f5f158add50, 0x00007f5f1b8a0000)
  to   space 116544K,   0% used [0x00007f5f0d500000, 0x00007f5f0d500000, 0x00007f5f146d0000)
 tenured generation   total 2331840K, used 2330346K [0x00007f6429b50000, 0x00007f64b8080000, 0x00007f6ed4600000)
   the space 2331840K,  99% used [0x00007f6429b50000, 0x00007f64b7f0aa70, 0x00007f64b7f0ac00, 0x00007f64b8080000)
 Metaspace       used 24300K, capacity 24747K, committed 24832K, reserved 26624K
}
Event: 693.972 GC heap before
{Heap before GC invocations=2772 (full 2):
 def new generation   total 1049408K, used 951159K [0x00007f5ed4600000, 0x00007f5f1b8a0000, 0x00007f6429b50000)
  eden space 932864K, 100% used [0x00007f5ed4600000, 0x00007f5f0d500000, 0x00007f5f0d500000)
  from space 116544K,  15% used [0x00007f5f146d0000, 0x00007f5f158add50, 0x00007f5f1b8a0000)
  to   space 116544K,   0% used [0x00007f5f0d500000, 0x00007f5f0d500000, 0x00007f5f146d0000)
 tenured generation   total 2331840K, used 2330346K [0x00007f6429b50000, 0x00007f64b8080000, 0x00007f6ed4600000)
   the space 2331840K,  99% used [0x00007f6429b50000, 0x00007f64b7f0aa70, 0x00007f64b7f0ac00, 0x00007f64b8080000)
 Metaspace       used 24300K, capacity 24747K, committed 24832K, reserved 26624K
}
Event: 693.992 GC heap after
{Heap after GC invocations=2773 (full 2):
 def new generation   total 1049408K, used 18331K [0x00007f5ed4600000, 0x00007f5f1b8a0000, 0x00007f6429b50000)
  eden space 932864K,   0% used [0x00007f5ed4600000, 0x00007f5ed4600000, 0x00007f5f0d500000)
  from space 116544K,  15% used [0x00007f5f0d500000, 0x00007f5f0e6e6e60, 0x00007f5f146d0000)
  to   space 116544K,   0% used [0x00007f5f146d0000, 0x00007f5f146d0000, 0x00007f5f1b8a0000)
 tenured generation   total 2331840K, used 2331409K [0x00007f6429b50000, 0x00007f64b8080000, 0x00007f6ed4600000)
   the space 2331840K,  99% used [0x00007f6429b50000, 0x00007f64b8014410, 0x00007f64b8014600, 0x00007f64b8080000)
 Metaspace       used 24300K, capacity 24747K, committed 24832K, reserved 26624K
}
Event: 694.324 GC heap before
{Heap before GC invocations=2773 (full 2):
 def new generation   total 1049408K, used 951195K [0x00007f5ed4600000, 0x00007f5f1b8a0000, 0x00007f6429b50000)
  eden space 932864K, 100% used [0x00007f5ed4600000, 0x00007f5f0d500000, 0x00007f5f0d500000)
  from space 116544K,  15% used [0x00007f5f0d500000, 0x00007f5f0e6e6e60, 0x00007f5f146d0000)
  to   space 116544K,   0% used [0x00007f5f146d0000, 0x00007f5f146d0000, 0x00007f5f1b8a0000)
 tenured generation   total 2331840K, used 2331409K [0x00007f6429b50000, 0x00007f64b8080000, 0x00007f6ed4600000)
   the space 2331840K,  99% used [0x00007f6429b50000, 0x00007f64b8014410, 0x00007f64b8014600, 0x00007f64b8080000)
 Metaspace       used 24300K, capacity 24747K, committed 24832K, reserved 26624K
}
Event: 694.349 GC heap after
{Heap after GC invocations=2774 (full 2):
 def new generation   total 1049408K, used 18352K [0x00007f5ed4600000, 0x00007f5f1b8a0000, 0x00007f6429b50000)
  eden space 932864K,   0% used [0x00007f5ed4600000, 0x00007f5ed4600000, 0x00007f5f0d500000)
  from space 116544K,  15% used [0x00007f5f146d0000, 0x00007f5f158bc3d0, 0x00007f5f1b8a0000)
  to   space 116544K,   0% used [0x00007f5f0d500000, 0x00007f5f0d500000, 0x00007f5f146d0000)
 tenured generation   total 2332608K, used 2332465K [0x00007f6429b50000, 0x00007f64b8140000, 0x00007f6ed4600000)
   the space 2332608K,  99% used [0x00007f6429b50000, 0x00007f64b811c5d0, 0x00007f64b811c600, 0x00007f64b8140000)
 Metaspace       used 24300K, capacity 24747K, committed 24832K, reserved 26624K
}
Event: 694.349 GC heap before
{Heap before GC invocations=2774 (full 2):
 def new generation   total 1049408K, used 18352K [0x00007f5ed4600000, 0x00007f5f1b8a0000, 0x00007f6429b50000)
  eden space 932864K,   0% used [0x00007f5ed4600000, 0x00007f5ed4600000, 0x00007f5f0d500000)
  from space 116544K,  15% used [0x00007f5f146d0000, 0x00007f5f158bc3d0, 0x00007f5f1b8a0000)
  to   space 116544K,   0% used [0x00007f5f0d500000, 0x00007f5f0d500000, 0x00007f5f146d0000)
 tenured generation   total 2332608K, used 2332465K [0x00007f6429b50000, 0x00007f64b8140000, 0x00007f6ed4600000)
   the space 2332608K,  99% used [0x00007f6429b50000, 0x00007f64b811c5d0, 0x00007f64b811c600, 0x00007f64b8140000)
 Metaspace       used 24300K, capacity 24747K, committed 24832K, reserved 26624K
}

