# JRE version: OpenJDK Runtime Environment (13.0.7+5) (build 13.0.7+5-Ubuntu-0ubuntu120.04)
# Java VM: OpenJDK 64-Bit Server VM (13.0.7+5-Ubuntu-0ubuntu120.04, mixed mode, tiered, serial gc, linux-amd64)
Heap:
 def new generation   total 3095424K, used 303629K [0x00007f12b8600000, 0x00007f138a4b0000, 0x00007f180db50000)
  eden space 2751552K,  11% used [0x00007f12b8600000, 0x00007f12cae83558, 0x00007f1360510000)
  from space 343872K,   0% used [0x00007f13754e0000, 0x00007f13754e0000, 0x00007f138a4b0000)
  to   space 343872K,   0% used [0x00007f1360510000, 0x00007f1360510000, 0x00007f13754e0000)
 tenured generation   total 7154992K, used 7154991K [0x00007f180db50000, 0x00007f19c269c000, 0x00007f22b8600000)
   the space 7154992K,  99% used [0x00007f180db50000, 0x00007f19c269bfe0, 0x00007f19c269c000, 0x00007f19c269c000)
 Metaspace       used 30492K, capacity 30928K, committed 31232K, reserved 32768K
GC Heap History (20 events):
Event: 89.482 GC heap after
{Heap after GC invocations=90 (full 4):
 def new generation   total 3095424K, used 283695K [0x00007f12b8600000, 0x00007f138a4b0000, 0x00007f180db50000)
  eden space 2751552K,   0% used [0x00007f12b8600000, 0x00007f12b8600000, 0x00007f1360510000)
  from space 343872K,  82% used [0x00007f1360510000, 0x00007f1371a1be70, 0x00007f13754e0000)
  to   space 343872K,   0% used [0x00007f13754e0000, 0x00007f13754e0000, 0x00007f138a4b0000)
 tenured generation   total 6878512K, used 4380538K [0x00007f180db50000, 0x00007f19b189c000, 0x00007f22b8600000)
   the space 6878512K,  63% used [0x00007f180db50000, 0x00007f191912e988, 0x00007f191912ea00, 0x00007f19b189c000)
 Metaspace       used 30492K, capacity 30928K, committed 31232K, reserved 32768K
}
Event: 90.148 GC heap before
{Heap before GC invocations=90 (full 4):
 def new generation   total 3095424K, used 3035247K [0x00007f12b8600000, 0x00007f138a4b0000, 0x00007f180db50000)
  eden space 2751552K, 100% used [0x00007f12b8600000, 0x00007f1360510000, 0x00007f1360510000)
  from space 343872K,  82% used [0x00007f1360510000, 0x00007f1371a1be70, 0x00007f13754e0000)
  to   space 343872K,   0% used [0x00007f13754e0000, 0x00007f13754e0000, 0x00007f138a4b0000)
 tenured generation   total 6878512K, used 4380538K [0x00007f180db50000, 0x00007f19b189c000, 0x00007f22b8600000)
   the space 6878512K,  63% used [0x00007f180db50000, 0x00007f191912e988, 0x00007f191912ea00, 0x00007f19b189c000)
 Metaspace       used 30492K, capacity 30928K, committed 31232K, reserved 32768K
}
Event: 90.945 GC heap after
{Heap after GC invocations=91 (full 4):
 def new generation   total 3095424K, used 302872K [0x00007f12b8600000, 0x00007f138a4b0000, 0x00007f180db50000)
  eden space 2751552K,   0% used [0x00007f12b8600000, 0x00007f12b8600000, 0x00007f1360510000)
  from space 343872K,  88% used [0x00007f13754e0000, 0x00007f1387ca6280, 0x00007f138a4b0000)
  to   space 343872K,   0% used [0x00007f1360510000, 0x00007f1360510000, 0x00007f13754e0000)
 tenured generation   total 6878512K, used 4664233K [0x00007f180db50000, 0x00007f19b189c000, 0x00007f22b8600000)
   the space 6878512K,  67% used [0x00007f180db50000, 0x00007f192a63a4f8, 0x00007f192a63a600, 0x00007f19b189c000)
 Metaspace       used 30492K, capacity 30928K, committed 31232K, reserved 32768K
}
Event: 91.651 GC heap before
{Heap before GC invocations=91 (full 4):
 def new generation   total 3095424K, used 3054424K [0x00007f12b8600000, 0x00007f138a4b0000, 0x00007f180db50000)
  eden space 2751552K, 100% used [0x00007f12b8600000, 0x00007f1360510000, 0x00007f1360510000)
  from space 343872K,  88% used [0x00007f13754e0000, 0x00007f1387ca6280, 0x00007f138a4b0000)
  to   space 343872K,   0% used [0x00007f1360510000, 0x00007f1360510000, 0x00007f13754e0000)
 tenured generation   total 6878512K, used 4664233K [0x00007f180db50000, 0x00007f19b189c000, 0x00007f22b8600000)
   the space 6878512K,  67% used [0x00007f180db50000, 0x00007f192a63a4f8, 0x00007f192a63a600, 0x00007f19b189c000)
 Metaspace       used 30492K, capacity 30928K, committed 31232K, reserved 32768K
}
Event: 92.424 GC heap after
{Heap after GC invocations=92 (full 4):
 def new generation   total 3095424K, used 284625K [0x00007f12b8600000, 0x00007f138a4b0000, 0x00007f180db50000)
  eden space 2751552K,   0% used [0x00007f12b8600000, 0x00007f12b8600000, 0x00007f1360510000)
  from space 343872K,  82% used [0x00007f1360510000, 0x00007f1371b044b0, 0x00007f13754e0000)
  to   space 343872K,   0% used [0x00007f13754e0000, 0x00007f13754e0000, 0x00007f138a4b0000)
 tenured generation   total 6878512K, used 4967105K [0x00007f180db50000, 0x00007f19b189c000, 0x00007f22b8600000)
   the space 6878512K,  72% used [0x00007f180db50000, 0x00007f193ce006e8, 0x00007f193ce00800, 0x00007f19b189c000)
 Metaspace       used 30492K, capacity 30928K, committed 31232K, reserved 32768K
}
Event: 93.133 GC heap before
{Heap before GC invocations=92 (full 4):
 def new generation   total 3095424K, used 3036177K [0x00007f12b8600000, 0x00007f138a4b0000, 0x00007f180db50000)
  eden space 2751552K, 100% used [0x00007f12b8600000, 0x00007f1360510000, 0x00007f1360510000)
  from space 343872K,  82% used [0x00007f1360510000, 0x00007f1371b044b0, 0x00007f13754e0000)
  to   space 343872K,   0% used [0x00007f13754e0000, 0x00007f13754e0000, 0x00007f138a4b0000)
 tenured generation   total 6878512K, used 4967105K [0x00007f180db50000, 0x00007f19b189c000, 0x00007f22b8600000)
   the space 6878512K,  72% used [0x00007f180db50000, 0x00007f193ce006e8, 0x00007f193ce00800, 0x00007f19b189c000)
 Metaspace       used 30492K, capacity 30928K, committed 31232K, reserved 32768K
}
Event: 93.887 GC heap after
{Heap after GC invocations=93 (full 4):
 def new generation   total 3095424K, used 314318K [0x00007f12b8600000, 0x00007f138a4b0000, 0x00007f180db50000)
  eden space 2751552K,   0% used [0x00007f12b8600000, 0x00007f12b8600000, 0x00007f1360510000)
  from space 343872K,  91% used [0x00007f13754e0000, 0x00007f13887d39f8, 0x00007f138a4b0000)
  to   space 343872K,   0% used [0x00007f1360510000, 0x00007f1360510000, 0x00007f13754e0000)
 tenured generation   total 6878512K, used 5251729K [0x00007f180db50000, 0x00007f19b189c000, 0x00007f22b8600000)
   the space 6878512K,  76% used [0x00007f180db50000, 0x00007f194e3f4688, 0x00007f194e3f4800, 0x00007f19b189c000)
 Metaspace       used 30492K, capacity 30928K, committed 31232K, reserved 32768K
}
Event: 94.605 GC heap before
{Heap before GC invocations=93 (full 4):
 def new generation   total 3095424K, used 3065870K [0x00007f12b8600000, 0x00007f138a4b0000, 0x00007f180db50000)
  eden space 2751552K, 100% used [0x00007f12b8600000, 0x00007f1360510000, 0x00007f1360510000)
  from space 343872K,  91% used [0x00007f13754e0000, 0x00007f13887d39f8, 0x00007f138a4b0000)
  to   space 343872K,   0% used [0x00007f1360510000, 0x00007f1360510000, 0x00007f13754e0000)
 tenured generation   total 6878512K, used 5251729K [0x00007f180db50000, 0x00007f19b189c000, 0x00007f22b8600000)
   the space 6878512K,  76% used [0x00007f180db50000, 0x00007f194e3f4688, 0x00007f194e3f4800, 0x00007f19b189c000)
 Metaspace       used 30492K, capacity 30928K, committed 31232K, reserved 32768K
}
Event: 95.392 GC heap after
{Heap after GC invocations=94 (full 4):
 def new generation   total 3095424K, used 303736K [0x00007f12b8600000, 0x00007f138a4b0000, 0x00007f180db50000)
  eden space 2751552K,   0% used [0x00007f12b8600000, 0x00007f12b8600000, 0x00007f1360510000)
  from space 343872K,  88% used [0x00007f1360510000, 0x00007f1372dae308, 0x00007f13754e0000)
  to   space 343872K,   0% used [0x00007f13754e0000, 0x00007f13754e0000, 0x00007f138a4b0000)
 tenured generation   total 6878512K, used 5566046K [0x00007f180db50000, 0x00007f19b189c000, 0x00007f22b8600000)
   the space 6878512K,  80% used [0x00007f180db50000, 0x00007f19616e7bf0, 0x00007f19616e7c00, 0x00007f19b189c000)
 Metaspace       used 30492K, capacity 30928K, committed 31232K, reserved 32768K
}
Event: 96.100 GC heap before
{Heap before GC invocations=94 (full 4):
 def new generation   total 3095424K, used 3055288K [0x00007f12b8600000, 0x00007f138a4b0000, 0x00007f180db50000)
  eden space 2751552K, 100% used [0x00007f12b8600000, 0x00007f1360510000, 0x00007f1360510000)
  from space 343872K,  88% used [0x00007f1360510000, 0x00007f1372dae308, 0x00007f13754e0000)
  to   space 343872K,   0% used [0x00007f13754e0000, 0x00007f13754e0000, 0x00007f138a4b0000)
 tenured generation   total 6878512K, used 5566046K [0x00007f180db50000, 0x00007f19b189c000, 0x00007f22b8600000)
   the space 6878512K,  80% used [0x00007f180db50000, 0x00007f19616e7bf0, 0x00007f19616e7c00, 0x00007f19b189c000)
 Metaspace       used 30492K, capacity 30928K, committed 31232K, reserved 32768K
}
Event: 96.871 GC heap after
{Heap after GC invocations=95 (full 4):
 def new generation   total 3095424K, used 295726K [0x00007f12b8600000, 0x00007f138a4b0000, 0x00007f180db50000)
  eden space 2751552K,   0% used [0x00007f12b8600000, 0x00007f12b8600000, 0x00007f1360510000)
  from space 343872K,  85% used [0x00007f13754e0000, 0x00007f13875abbd8, 0x00007f138a4b0000)
  to   space 343872K,   0% used [0x00007f1360510000, 0x00007f1360510000, 0x00007f13754e0000)
 tenured generation   total 6878512K, used 5869783K [0x00007f180db50000, 0x00007f19b189c000, 0x00007f22b8600000)
   the space 6878512K,  85% used [0x00007f180db50000, 0x00007f1973f85c68, 0x00007f1973f85e00, 0x00007f19b189c000)
 Metaspace       used 30492K, capacity 30928K, committed 31232K, reserved 32768K
}
Event: 97.582 GC heap before
{Heap before GC invocations=95 (full 4):
 def new generation   total 3095424K, used 3047278K [0x00007f12b8600000, 0x00007f138a4b0000, 0x00007f180db50000)
  eden space 2751552K, 100% used [0x00007f12b8600000, 0x00007f1360510000, 0x00007f1360510000)
  from space 343872K,  85% used [0x00007f13754e0000, 0x00007f13875abbd8, 0x00007f138a4b0000)
  to   space 343872K,   0% used [0x00007f1360510000, 0x00007f1360510000, 0x00007f13754e0000)
 tenured generation   total 6878512K, used 5869783K [0x00007f180db50000, 0x00007f19b189c000, 0x00007f22b8600000)
   the space 6878512K,  85% used [0x00007f180db50000, 0x00007f1973f85c68, 0x00007f1973f85e00, 0x00007f19b189c000)
 Metaspace       used 30492K, capacity 30928K, committed 31232K, reserved 32768K
}
Event: 98.349 GC heap after
{Heap after GC invocations=96 (full 4):
 def new generation   total 3095424K, used 315138K [0x00007f12b8600000, 0x00007f138a4b0000, 0x00007f180db50000)
  eden space 2751552K,   0% used [0x00007f12b8600000, 0x00007f12b8600000, 0x00007f1360510000)
  from space 343872K,  91% used [0x00007f1360510000, 0x00007f13738d0a10, 0x00007f13754e0000)
  to   space 343872K,   0% used [0x00007f13754e0000, 0x00007f13754e0000, 0x00007f138a4b0000)
 tenured generation   total 6878512K, used 6165508K [0x00007f180db50000, 0x00007f19b189c000, 0x00007f22b8600000)
   the space 6878512K,  89% used [0x00007f180db50000, 0x00007f19860513b0, 0x00007f1986051400, 0x00007f19b189c000)
 Metaspace       used 30492K, capacity 30928K, committed 31232K, reserved 32768K
}
Event: 99.084 GC heap before
{Heap before GC invocations=96 (full 4):
 def new generation   total 3095424K, used 3066690K [0x00007f12b8600000, 0x00007f138a4b0000, 0x00007f180db50000)
  eden space 2751552K, 100% used [0x00007f12b8600000, 0x00007f1360510000, 0x00007f1360510000)
  from space 343872K,  91% used [0x00007f1360510000, 0x00007f13738d0a10, 0x00007f13754e0000)
  to   space 343872K,   0% used [0x00007f13754e0000, 0x00007f13754e0000, 0x00007f138a4b0000)
 tenured generation   total 6878512K, used 6165508K [0x00007f180db50000, 0x00007f19b189c000, 0x00007f22b8600000)
   the space 6878512K,  89% used [0x00007f180db50000, 0x00007f19860513b0, 0x00007f1986051400, 0x00007f19b189c000)
 Metaspace       used 30492K, capacity 30928K, committed 31232K, reserved 32768K
}
Event: 99.973 GC heap after
{Heap after GC invocations=97 (full 4):
 def new generation   total 3095424K, used 343872K [0x00007f12b8600000, 0x00007f138a4b0000, 0x00007f180db50000)
  eden space 2751552K,   0% used [0x00007f12b8600000, 0x00007f12b8600000, 0x00007f1360510000)
  from space 343872K, 100% used [0x00007f13754e0000, 0x00007f138a4b0000, 0x00007f138a4b0000)
  to   space 343872K,   0% used [0x00007f1360510000, 0x00007f1360510000, 0x00007f13754e0000)
 tenured generation   total 6878512K, used 6528079K [0x00007f180db50000, 0x00007f19b189c000, 0x00007f22b8600000)
   the space 6878512K,  94% used [0x00007f180db50000, 0x00007f199c263e78, 0x00007f199c264000, 0x00007f19b189c000)
 Metaspace       used 30492K, capacity 30928K, committed 31232K, reserved 32768K
}
Event: 100.682 GC heap before
{Heap before GC invocations=97 (full 4):
 def new generation   total 3095424K, used 3095424K [0x00007f12b8600000, 0x00007f138a4b0000, 0x00007f180db50000)
  eden space 2751552K, 100% used [0x00007f12b8600000, 0x00007f1360510000, 0x00007f1360510000)
  from space 343872K, 100% used [0x00007f13754e0000, 0x00007f138a4b0000, 0x00007f138a4b0000)
  to   space 343872K,   0% used [0x00007f1360510000, 0x00007f1360510000, 0x00007f13754e0000)
 tenured generation   total 6878512K, used 6528079K [0x00007f180db50000, 0x00007f19b189c000, 0x00007f22b8600000)
   the space 6878512K,  94% used [0x00007f180db50000, 0x00007f199c263e78, 0x00007f199c264000, 0x00007f19b189c000)
 Metaspace       used 30492K, capacity 30928K, committed 31232K, reserved 32768K
}
Event: 101.449 GC heap after
{Heap after GC invocations=98 (full 4):
 def new generation   total 3095424K, used 283015K [0x00007f12b8600000, 0x00007f138a4b0000, 0x00007f180db50000)
  eden space 2751552K,   0% used [0x00007f12b8600000, 0x00007f12b8600000, 0x00007f1360510000)
  from space 343872K,  82% used [0x00007f1360510000, 0x00007f1371971d88, 0x00007f13754e0000)
  to   space 343872K,   0% used [0x00007f13754e0000, 0x00007f13754e0000, 0x00007f138a4b0000)
 tenured generation   total 6878512K, used 6871950K [0x00007f180db50000, 0x00007f19b189c000, 0x00007f22b8600000)
   the space 6878512K,  99% used [0x00007f180db50000, 0x00007f19b1233ba8, 0x00007f19b1233c00, 0x00007f19b189c000)
 Metaspace       used 30492K, capacity 30928K, committed 31232K, reserved 32768K
}
Event: 102.162 GC heap before
{Heap before GC invocations=98 (full 4):
 def new generation   total 3095424K, used 3034567K [0x00007f12b8600000, 0x00007f138a4b0000, 0x00007f180db50000)
  eden space 2751552K, 100% used [0x00007f12b8600000, 0x00007f1360510000, 0x00007f1360510000)
  from space 343872K,  82% used [0x00007f1360510000, 0x00007f1371971d88, 0x00007f13754e0000)
  to   space 343872K,   0% used [0x00007f13754e0000, 0x00007f13754e0000, 0x00007f138a4b0000)
 tenured generation   total 6878512K, used 6871950K [0x00007f180db50000, 0x00007f19b189c000, 0x00007f22b8600000)
   the space 6878512K,  99% used [0x00007f180db50000, 0x00007f19b1233ba8, 0x00007f19b1233c00, 0x00007f19b189c000)
 Metaspace       used 30492K, capacity 30928K, committed 31232K, reserved 32768K
}
Event: 102.967 GC heap after
{Heap after GC invocations=99 (full 4):
 def new generation   total 3095424K, used 303655K [0x00007f12b8600000, 0x00007f138a4b0000, 0x00007f180db50000)
  eden space 2751552K,   0% used [0x00007f12b8600000, 0x00007f12b8600000, 0x00007f1360510000)
  from space 343872K,  88% used [0x00007f13754e0000, 0x00007f1387d69c28, 0x00007f138a4b0000)
  to   space 343872K,   0% used [0x00007f1360510000, 0x00007f1360510000, 0x00007f13754e0000)
 tenured generation   total 7154992K, used 7154966K [0x00007f180db50000, 0x00007f19c269c000, 0x00007f22b8600000)
   the space 7154992K,  99% used [0x00007f180db50000, 0x00007f19c2695910, 0x00007f19c2695a00, 0x00007f19c269c000)
 Metaspace       used 30492K, capacity 30928K, committed 31232K, reserved 32768K
}
Event: 102.967 GC heap before
{Heap before GC invocations=99 (full 4):
 def new generation   total 3095424K, used 303655K [0x00007f12b8600000, 0x00007f138a4b0000, 0x00007f180db50000)
  eden space 2751552K,   0% used [0x00007f12b8600000, 0x00007f12b8600000, 0x00007f1360510000)
  from space 343872K,  88% used [0x00007f13754e0000, 0x00007f1387d69c28, 0x00007f138a4b0000)
  to   space 343872K,   0% used [0x00007f1360510000, 0x00007f1360510000, 0x00007f13754e0000)
 tenured generation   total 7154992K, used 7154966K [0x00007f180db50000, 0x00007f19c269c000, 0x00007f22b8600000)
   the space 7154992K,  99% used [0x00007f180db50000, 0x00007f19c2695910, 0x00007f19c2695a00, 0x00007f19c269c000)
 Metaspace       used 30492K, capacity 30928K, committed 31232K, reserved 32768K
}

