# JRE version: OpenJDK Runtime Environment (13.0.7+5) (build 13.0.7+5-Ubuntu-0ubuntu120.04)
# Java VM: OpenJDK 64-Bit Server VM (13.0.7+5-Ubuntu-0ubuntu120.04, mixed mode, tiered, compressed oops, serial gc, linux-amd64)
Heap:
 def new generation   total 2374144K, used 0K [0x0000000080200000, 0x0000000121210000, 0x0000000300150000)
  eden space 2110400K,   0% used [0x0000000080200000, 0x0000000080200000, 0x0000000100ef0000)
  from space 263744K,   0% used [0x0000000111080000, 0x0000000111080000, 0x0000000121210000)
  to   space 263744K,   0% used [0x0000000100ef0000, 0x0000000100ef0000, 0x0000000111080000)
 tenured generation   total 5373728K, used 3986206K [0x0000000300150000, 0x0000000448118000, 0x0000000800000000)
   the space 5373728K,  74% used [0x0000000300150000, 0x00000003f3617a08, 0x00000003f3617c00, 0x0000000448118000)
 Metaspace       used 22730K, capacity 23231K, committed 23424K, reserved 1071104K
  class space    used 2354K, capacity 2568K, committed 2688K, reserved 1048576K
GC Heap History (20 events):
Event: 702.254 GC heap after
{Heap after GC invocations=769 (full 24):
 def new generation   total 2374144K, used 217302K [0x0000000080200000, 0x0000000121210000, 0x0000000300150000)
  eden space 2110400K,   0% used [0x0000000080200000, 0x0000000080200000, 0x0000000100ef0000)
  from space 263744K,  82% used [0x0000000100ef0000, 0x000000010e325930, 0x0000000111080000)
  to   space 263744K,   0% used [0x0000000111080000, 0x0000000111080000, 0x0000000121210000)
 tenured generation   total 5275744K, used 4971074K [0x0000000300150000, 0x0000000442168000, 0x0000000800000000)
   the space 5275744K,  94% used [0x0000000300150000, 0x000000042f7e0bc8, 0x000000042f7e0c00, 0x0000000442168000)
 Metaspace       used 22730K, capacity 23231K, committed 23424K, reserved 1071104K
  class space    used 2354K, capacity 2568K, committed 2688K, reserved 1048576K
}
Event: 703.525 GC heap before
{Heap before GC invocations=769 (full 24):
 def new generation   total 2374144K, used 2327702K [0x0000000080200000, 0x0000000121210000, 0x0000000300150000)
  eden space 2110400K, 100% used [0x0000000080200000, 0x0000000100ef0000, 0x0000000100ef0000)
  from space 263744K,  82% used [0x0000000100ef0000, 0x000000010e325930, 0x0000000111080000)
  to   space 263744K,   0% used [0x0000000111080000, 0x0000000111080000, 0x0000000121210000)
 tenured generation   total 5275744K, used 4971074K [0x0000000300150000, 0x0000000442168000, 0x0000000800000000)
   the space 5275744K,  94% used [0x0000000300150000, 0x000000042f7e0bc8, 0x000000042f7e0c00, 0x0000000442168000)
 Metaspace       used 22730K, capacity 23231K, committed 23424K, reserved 1071104K
  class space    used 2354K, capacity 2568K, committed 2688K, reserved 1048576K
}
Event: 703.545 GC heap after
{Heap after GC invocations=770 (full 24):
 def new generation   total 2374144K, used 72227K [0x0000000080200000, 0x0000000121210000, 0x0000000300150000)
  eden space 2110400K,   0% used [0x0000000080200000, 0x0000000080200000, 0x0000000100ef0000)
  from space 263744K,  27% used [0x0000000111080000, 0x0000000115708c80, 0x0000000121210000)
  to   space 263744K,   0% used [0x0000000100ef0000, 0x0000000100ef0000, 0x0000000111080000)
 tenured generation   total 5275744K, used 4988025K [0x0000000300150000, 0x0000000442168000, 0x0000000800000000)
   the space 5275744K,  94% used [0x0000000300150000, 0x000000043086e730, 0x000000043086e800, 0x0000000442168000)
 Metaspace       used 22730K, capacity 23231K, committed 23424K, reserved 1071104K
  class space    used 2354K, capacity 2568K, committed 2688K, reserved 1048576K
}
Event: 704.837 GC heap before
{Heap before GC invocations=770 (full 24):
 def new generation   total 2374144K, used 2182627K [0x0000000080200000, 0x0000000121210000, 0x0000000300150000)
  eden space 2110400K, 100% used [0x0000000080200000, 0x0000000100ef0000, 0x0000000100ef0000)
  from space 263744K,  27% used [0x0000000111080000, 0x0000000115708c80, 0x0000000121210000)
  to   space 263744K,   0% used [0x0000000100ef0000, 0x0000000100ef0000, 0x0000000111080000)
 tenured generation   total 5275744K, used 4988025K [0x0000000300150000, 0x0000000442168000, 0x0000000800000000)
   the space 5275744K,  94% used [0x0000000300150000, 0x000000043086e730, 0x000000043086e800, 0x0000000442168000)
 Metaspace       used 22730K, capacity 23231K, committed 23424K, reserved 1071104K
  class space    used 2354K, capacity 2568K, committed 2688K, reserved 1048576K
}
Event: 704.877 GC heap after
{Heap after GC invocations=771 (full 24):
 def new generation   total 2374144K, used 198131K [0x0000000080200000, 0x0000000121210000, 0x0000000300150000)
  eden space 2110400K,   0% used [0x0000000080200000, 0x0000000080200000, 0x0000000100ef0000)
  from space 263744K,  75% used [0x0000000100ef0000, 0x000000010d06ce28, 0x0000000111080000)
  to   space 263744K,   0% used [0x0000000111080000, 0x0000000111080000, 0x0000000121210000)
 tenured generation   total 5275744K, used 4988025K [0x0000000300150000, 0x0000000442168000, 0x0000000800000000)
   the space 5275744K,  94% used [0x0000000300150000, 0x000000043086e730, 0x000000043086e800, 0x0000000442168000)
 Metaspace       used 22730K, capacity 23231K, committed 23424K, reserved 1071104K
  class space    used 2354K, capacity 2568K, committed 2688K, reserved 1048576K
}
Event: 706.147 GC heap before
{Heap before GC invocations=771 (full 24):
 def new generation   total 2374144K, used 2308531K [0x0000000080200000, 0x0000000121210000, 0x0000000300150000)
  eden space 2110400K, 100% used [0x0000000080200000, 0x0000000100ef0000, 0x0000000100ef0000)
  from space 263744K,  75% used [0x0000000100ef0000, 0x000000010d06ce28, 0x0000000111080000)
  to   space 263744K,   0% used [0x0000000111080000, 0x0000000111080000, 0x0000000121210000)
 tenured generation   total 5275744K, used 4988025K [0x0000000300150000, 0x0000000442168000, 0x0000000800000000)
   the space 5275744K,  94% used [0x0000000300150000, 0x000000043086e730, 0x000000043086e800, 0x0000000442168000)
 Metaspace       used 22730K, capacity 23231K, committed 23424K, reserved 1071104K
  class space    used 2354K, capacity 2568K, committed 2688K, reserved 1048576K
}
Event: 706.161 GC heap after
{Heap after GC invocations=772 (full 24):
 def new generation   total 2374144K, used 53056K [0x0000000080200000, 0x0000000121210000, 0x0000000300150000)
  eden space 2110400K,   0% used [0x0000000080200000, 0x0000000080200000, 0x0000000100ef0000)
  from space 263744K,  20% used [0x0000000111080000, 0x00000001144502b0, 0x0000000121210000)
  to   space 263744K,   0% used [0x0000000100ef0000, 0x0000000100ef0000, 0x0000000111080000)
 tenured generation   total 5275744K, used 5004976K [0x0000000300150000, 0x0000000442168000, 0x0000000800000000)
   the space 5275744K,  94% used [0x0000000300150000, 0x00000004318fc298, 0x00000004318fc400, 0x0000000442168000)
 Metaspace       used 22730K, capacity 23231K, committed 23424K, reserved 1071104K
  class space    used 2354K, capacity 2568K, committed 2688K, reserved 1048576K
}
Event: 707.452 GC heap before
{Heap before GC invocations=772 (full 24):
 def new generation   total 2374144K, used 2163456K [0x0000000080200000, 0x0000000121210000, 0x0000000300150000)
  eden space 2110400K, 100% used [0x0000000080200000, 0x0000000100ef0000, 0x0000000100ef0000)
  from space 263744K,  20% used [0x0000000111080000, 0x00000001144502b0, 0x0000000121210000)
  to   space 263744K,   0% used [0x0000000100ef0000, 0x0000000100ef0000, 0x0000000111080000)
 tenured generation   total 5275744K, used 5004976K [0x0000000300150000, 0x0000000442168000, 0x0000000800000000)
   the space 5275744K,  94% used [0x0000000300150000, 0x00000004318fc298, 0x00000004318fc400, 0x0000000442168000)
 Metaspace       used 22730K, capacity 23231K, committed 23424K, reserved 1071104K
  class space    used 2354K, capacity 2568K, committed 2688K, reserved 1048576K
}
Event: 707.491 GC heap after
{Heap after GC invocations=773 (full 24):
 def new generation   total 2374144K, used 178960K [0x0000000080200000, 0x0000000121210000, 0x0000000300150000)
  eden space 2110400K,   0% used [0x0000000080200000, 0x0000000080200000, 0x0000000100ef0000)
  from space 263744K,  67% used [0x0000000100ef0000, 0x000000010bdb4380, 0x0000000111080000)
  to   space 263744K,   0% used [0x0000000111080000, 0x0000000111080000, 0x0000000121210000)
 tenured generation   total 5275744K, used 5004976K [0x0000000300150000, 0x0000000442168000, 0x0000000800000000)
   the space 5275744K,  94% used [0x0000000300150000, 0x00000004318fc298, 0x00000004318fc400, 0x0000000442168000)
 Metaspace       used 22730K, capacity 23231K, committed 23424K, reserved 1071104K
  class space    used 2354K, capacity 2568K, committed 2688K, reserved 1048576K
}
Event: 708.787 GC heap before
{Heap before GC invocations=773 (full 24):
 def new generation   total 2374144K, used 2289360K [0x0000000080200000, 0x0000000121210000, 0x0000000300150000)
  eden space 2110400K, 100% used [0x0000000080200000, 0x0000000100ef0000, 0x0000000100ef0000)
  from space 263744K,  67% used [0x0000000100ef0000, 0x000000010bdb4380, 0x0000000111080000)
  to   space 263744K,   0% used [0x0000000111080000, 0x0000000111080000, 0x0000000121210000)
 tenured generation   total 5275744K, used 5004976K [0x0000000300150000, 0x0000000442168000, 0x0000000800000000)
   the space 5275744K,  94% used [0x0000000300150000, 0x00000004318fc298, 0x00000004318fc400, 0x0000000442168000)
 Metaspace       used 22730K, capacity 23231K, committed 23424K, reserved 1071104K
  class space    used 2354K, capacity 2568K, committed 2688K, reserved 1048576K
}
Event: 708.860 GC heap after
{Heap after GC invocations=774 (full 24):
 def new generation   total 2374144K, used 263627K [0x0000000080200000, 0x0000000121210000, 0x0000000300150000)
  eden space 2110400K,   0% used [0x0000000080200000, 0x0000000080200000, 0x0000000100ef0000)
  from space 263744K,  99% used [0x0000000111080000, 0x00000001211f2d28, 0x0000000121210000)
  to   space 263744K,   0% used [0x0000000100ef0000, 0x0000000100ef0000, 0x0000000111080000)
 tenured generation   total 5275744K, used 5044675K [0x0000000300150000, 0x0000000442168000, 0x0000000800000000)
   the space 5275744K,  95% used [0x0000000300150000, 0x0000000433fc0c68, 0x0000000433fc0e00, 0x0000000442168000)
 Metaspace       used 22730K, capacity 23231K, committed 23424K, reserved 1071104K
  class space    used 2354K, capacity 2568K, committed 2688K, reserved 1048576K
}
Event: 710.154 GC heap before
{Heap before GC invocations=774 (full 24):
 def new generation   total 2374144K, used 2374027K [0x0000000080200000, 0x0000000121210000, 0x0000000300150000)
  eden space 2110400K, 100% used [0x0000000080200000, 0x0000000100ef0000, 0x0000000100ef0000)
  from space 263744K,  99% used [0x0000000111080000, 0x00000001211f2d28, 0x0000000121210000)
  to   space 263744K,   0% used [0x0000000100ef0000, 0x0000000100ef0000, 0x0000000111080000)
 tenured generation   total 5275744K, used 5044675K [0x0000000300150000, 0x0000000442168000, 0x0000000800000000)
   the space 5275744K,  95% used [0x0000000300150000, 0x0000000433fc0c68, 0x0000000433fc0e00, 0x0000000442168000)
 Metaspace       used 22730K, capacity 23231K, committed 23424K, reserved 1071104K
  class space    used 2354K, capacity 2568K, committed 2688K, reserved 1048576K
}
Event: 710.194 GC heap after
{Heap after GC invocations=775 (full 24):
 def new generation   total 2374144K, used 141817K [0x0000000080200000, 0x0000000121210000, 0x0000000300150000)
  eden space 2110400K,   0% used [0x0000000080200000, 0x0000000080200000, 0x0000000100ef0000)
  from space 263744K,  53% used [0x0000000100ef0000, 0x000000010996e6d0, 0x0000000111080000)
  to   space 263744K,   0% used [0x0000000111080000, 0x0000000111080000, 0x0000000121210000)
 tenured generation   total 5275744K, used 5063766K [0x0000000300150000, 0x0000000442168000, 0x0000000800000000)
   the space 5275744K,  95% used [0x0000000300150000, 0x0000000435265860, 0x0000000435265a00, 0x0000000442168000)
 Metaspace       used 22730K, capacity 23231K, committed 23424K, reserved 1071104K
  class space    used 2354K, capacity 2568K, committed 2688K, reserved 1048576K
}
Event: 711.478 GC heap before
{Heap before GC invocations=775 (full 24):
 def new generation   total 2374144K, used 2252040K [0x0000000080200000, 0x0000000121210000, 0x0000000300150000)
  eden space 2110400K,  99% used [0x0000000080200000, 0x0000000100ec3ac0, 0x0000000100ef0000)
  from space 263744K,  53% used [0x0000000100ef0000, 0x000000010996e6d0, 0x0000000111080000)
  to   space 263744K,   0% used [0x0000000111080000, 0x0000000111080000, 0x0000000121210000)
 tenured generation   total 5275744K, used 5063766K [0x0000000300150000, 0x0000000442168000, 0x0000000800000000)
   the space 5275744K,  95% used [0x0000000300150000, 0x0000000435265860, 0x0000000435265a00, 0x0000000442168000)
 Metaspace       used 22730K, capacity 23231K, committed 23424K, reserved 1071104K
  class space    used 2354K, capacity 2568K, committed 2688K, reserved 1048576K
}
Event: 711.547 GC heap after
{Heap after GC invocations=776 (full 24):
 def new generation   total 2374144K, used 126931K [0x0000000080200000, 0x0000000121210000, 0x0000000300150000)
  eden space 2110400K,   0% used [0x0000000080200000, 0x0000000080200000, 0x0000000100ef0000)
  from space 263744K,  48% used [0x0000000111080000, 0x0000000118c74f90, 0x0000000121210000)
  to   space 263744K,   0% used [0x0000000100ef0000, 0x0000000100ef0000, 0x0000000111080000)
 tenured generation   total 5275744K, used 5205055K [0x0000000300150000, 0x0000000442168000, 0x0000000800000000)
   the space 5275744K,  98% used [0x0000000300150000, 0x000000043dc5fd10, 0x000000043dc5fe00, 0x0000000442168000)
 Metaspace       used 22730K, capacity 23231K, committed 23424K, reserved 1071104K
  class space    used 2354K, capacity 2568K, committed 2688K, reserved 1048576K
}
Event: 712.823 GC heap before
{Heap before GC invocations=776 (full 24):
 def new generation   total 2374144K, used 2237331K [0x0000000080200000, 0x0000000121210000, 0x0000000300150000)
  eden space 2110400K, 100% used [0x0000000080200000, 0x0000000100ef0000, 0x0000000100ef0000)
  from space 263744K,  48% used [0x0000000111080000, 0x0000000118c74f90, 0x0000000121210000)
  to   space 263744K,   0% used [0x0000000100ef0000, 0x0000000100ef0000, 0x0000000111080000)
 tenured generation   total 5275744K, used 5205055K [0x0000000300150000, 0x0000000442168000, 0x0000000800000000)
   the space 5275744K,  98% used [0x0000000300150000, 0x000000043dc5fd10, 0x000000043dc5fe00, 0x0000000442168000)
 Metaspace       used 22730K, capacity 23231K, committed 23424K, reserved 1071104K
  class space    used 2354K, capacity 2568K, committed 2688K, reserved 1048576K
}
Event: 712.868 GC heap after
{Heap after GC invocations=777 (full 24):
 def new generation   total 2374144K, used 169048K [0x0000000080200000, 0x0000000121210000, 0x0000000300150000)
  eden space 2110400K,   0% used [0x0000000080200000, 0x0000000080200000, 0x0000000100ef0000)
  from space 263744K,  64% used [0x0000000100ef0000, 0x000000010b406030, 0x0000000111080000)
  to   space 263744K,   0% used [0x0000000111080000, 0x0000000111080000, 0x0000000121210000)
 tenured generation   total 5275744K, used 5205055K [0x0000000300150000, 0x0000000442168000, 0x0000000800000000)
   the space 5275744K,  98% used [0x0000000300150000, 0x000000043dc5fd10, 0x000000043dc5fe00, 0x0000000442168000)
 Metaspace       used 22730K, capacity 23231K, committed 23424K, reserved 1071104K
  class space    used 2354K, capacity 2568K, committed 2688K, reserved 1048576K
}
Event: 714.158 GC heap before
{Heap before GC invocations=777 (full 24):
 def new generation   total 2374144K, used 2279448K [0x0000000080200000, 0x0000000121210000, 0x0000000300150000)
  eden space 2110400K, 100% used [0x0000000080200000, 0x0000000100ef0000, 0x0000000100ef0000)
  from space 263744K,  64% used [0x0000000100ef0000, 0x000000010b406030, 0x0000000111080000)
  to   space 263744K,   0% used [0x0000000111080000, 0x0000000111080000, 0x0000000121210000)
 tenured generation   total 5275744K, used 5205055K [0x0000000300150000, 0x0000000442168000, 0x0000000800000000)
   the space 5275744K,  98% used [0x0000000300150000, 0x000000043dc5fd10, 0x000000043dc5fe00, 0x0000000442168000)
 Metaspace       used 22730K, capacity 23231K, committed 23424K, reserved 1071104K
  class space    used 2354K, capacity 2568K, committed 2688K, reserved 1048576K
}
Event: 714.280 GC heap after
{Heap after GC invocations=778 (full 24):
 def new generation   total 2374144K, used 126424K [0x0000000080200000, 0x0000000121210000, 0x0000000300150000)
  eden space 2110400K,   0% used [0x0000000080200000, 0x0000000080200000, 0x0000000100ef0000)
  from space 263744K,  47% used [0x0000000111080000, 0x0000000118bf6368, 0x0000000121210000)
  to   space 263744K,   0% used [0x0000000100ef0000, 0x0000000100ef0000, 0x0000000111080000)
 tenured generation   total 5373728K, used 5373587K [0x0000000300150000, 0x0000000448118000, 0x0000000800000000)
   the space 5373728K,  99% used [0x0000000300150000, 0x00000004480f4c28, 0x00000004480f4e00, 0x0000000448118000)
 Metaspace       used 22730K, capacity 23231K, committed 23424K, reserved 1071104K
  class space    used 2354K, capacity 2568K, committed 2688K, reserved 1048576K
}
Event: 714.280 GC heap before
{Heap before GC invocations=778 (full 24):
 def new generation   total 2374144K, used 126424K [0x0000000080200000, 0x0000000121210000, 0x0000000300150000)
  eden space 2110400K,   0% used [0x0000000080200000, 0x0000000080200000, 0x0000000100ef0000)
  from space 263744K,  47% used [0x0000000111080000, 0x0000000118bf6368, 0x0000000121210000)
  to   space 263744K,   0% used [0x0000000100ef0000, 0x0000000100ef0000, 0x0000000111080000)
 tenured generation   total 5373728K, used 5373587K [0x0000000300150000, 0x0000000448118000, 0x0000000800000000)
   the space 5373728K,  99% used [0x0000000300150000, 0x00000004480f4c28, 0x00000004480f4e00, 0x0000000448118000)
 Metaspace       used 22730K, capacity 23231K, committed 23424K, reserved 1071104K
  class space    used 2354K, capacity 2568K, committed 2688K, reserved 1048576K
}

