# JRE version: OpenJDK Runtime Environment (13.0.7+5) (build 13.0.7+5-Ubuntu-0ubuntu120.04)
# Java VM: OpenJDK 64-Bit Server VM (13.0.7+5-Ubuntu-0ubuntu120.04, mixed mode, tiered, serial gc, linux-amd64)
Heap:
 def new generation   total 12401984K, used 563846K [0x00007f9d84600000, 0x00007fa0cd700000, 0x00007fa2d9b50000)
  eden space 11024000K,   5% used [0x00007f9d84600000, 0x00007f9da6ca1930, 0x00007fa0253a0000)
  from space 1377984K,   0% used [0x00007fa079550000, 0x00007fa079550000, 0x00007fa0cd700000)
  to   space 1377984K,   0% used [0x00007fa0253a0000, 0x00007fa0253a0000, 0x00007fa079550000)
 tenured generation   total 28186496K, used 28186495K [0x00007fa2d9b50000, 0x00007fa992130000, 0x00007fad84600000)
   the space 28186496K,  99% used [0x00007fa2d9b50000, 0x00007fa99212fff0, 0x00007fa992130000, 0x00007fa992130000)
 Metaspace       used 30667K, capacity 31042K, committed 31232K, reserved 32768K
GC Heap History (20 events):
Event: 381.159 GC heap after
{Heap after GC invocations=70 (full 9):
 def new generation   total 12401984K, used 1030987K [0x00007f9d84600000, 0x00007fa0cd700000, 0x00007fa2d9b50000)
  eden space 11024000K,   0% used [0x00007f9d84600000, 0x00007f9d84600000, 0x00007fa0253a0000)
  from space 1377984K,  74% used [0x00007fa0253a0000, 0x00007fa064272f80, 0x00007fa079550000)
  to   space 1377984K,   0% used [0x00007fa079550000, 0x00007fa079550000, 0x00007fa0cd700000)
 tenured generation   total 27559808K, used 17642626K [0x00007fa2d9b50000, 0x00007fa96bd30000, 0x00007fad84600000)
   the space 27559808K,  64% used [0x00007fa2d9b50000, 0x00007fa70e870800, 0x00007fa70e870800, 0x00007fa96bd30000)
 Metaspace       used 30667K, capacity 31042K, committed 31232K, reserved 32768K
}
Event: 384.129 GC heap before
{Heap before GC invocations=70 (full 9):
 def new generation   total 12401984K, used 12054987K [0x00007f9d84600000, 0x00007fa0cd700000, 0x00007fa2d9b50000)
  eden space 11024000K, 100% used [0x00007f9d84600000, 0x00007fa0253a0000, 0x00007fa0253a0000)
  from space 1377984K,  74% used [0x00007fa0253a0000, 0x00007fa064272f80, 0x00007fa079550000)
  to   space 1377984K,   0% used [0x00007fa079550000, 0x00007fa079550000, 0x00007fa0cd700000)
 tenured generation   total 27559808K, used 17642626K [0x00007fa2d9b50000, 0x00007fa96bd30000, 0x00007fad84600000)
   the space 27559808K,  64% used [0x00007fa2d9b50000, 0x00007fa70e870800, 0x00007fa70e870800, 0x00007fa96bd30000)
 Metaspace       used 30667K, capacity 31042K, committed 31232K, reserved 32768K
}
Event: 387.852 GC heap after
{Heap after GC invocations=71 (full 9):
 def new generation   total 12401984K, used 1070013K [0x00007f9d84600000, 0x00007fa0cd700000, 0x00007fa2d9b50000)
  eden space 11024000K,   0% used [0x00007f9d84600000, 0x00007f9d84600000, 0x00007fa0253a0000)
  from space 1377984K,  77% used [0x00007fa079550000, 0x00007fa0baa3f7d0, 0x00007fa0cd700000)
  to   space 1377984K,   0% used [0x00007fa0253a0000, 0x00007fa0253a0000, 0x00007fa079550000)
 tenured generation   total 27559808K, used 18673613K [0x00007fa2d9b50000, 0x00007fa96bd30000, 0x00007fad84600000)
   the space 27559808K,  67% used [0x00007fa2d9b50000, 0x00007fa74d7436f0, 0x00007fa74d743800, 0x00007fa96bd30000)
 Metaspace       used 30667K, capacity 31042K, committed 31232K, reserved 32768K
}
Event: 391.400 GC heap before
{Heap before GC invocations=71 (full 9):
 def new generation   total 12401984K, used 12094013K [0x00007f9d84600000, 0x00007fa0cd700000, 0x00007fa2d9b50000)
  eden space 11024000K, 100% used [0x00007f9d84600000, 0x00007fa0253a0000, 0x00007fa0253a0000)
  from space 1377984K,  77% used [0x00007fa079550000, 0x00007fa0baa3f7d0, 0x00007fa0cd700000)
  to   space 1377984K,   0% used [0x00007fa0253a0000, 0x00007fa0253a0000, 0x00007fa079550000)
 tenured generation   total 27559808K, used 18673613K [0x00007fa2d9b50000, 0x00007fa96bd30000, 0x00007fad84600000)
   the space 27559808K,  67% used [0x00007fa2d9b50000, 0x00007fa74d7436f0, 0x00007fa74d743800, 0x00007fa96bd30000)
 Metaspace       used 30667K, capacity 31042K, committed 31232K, reserved 32768K
}
Event: 395.489 GC heap after
{Heap after GC invocations=72 (full 9):
 def new generation   total 12401984K, used 1122616K [0x00007f9d84600000, 0x00007fa0cd700000, 0x00007fa2d9b50000)
  eden space 11024000K,   0% used [0x00007f9d84600000, 0x00007f9d84600000, 0x00007fa0253a0000)
  from space 1377984K,  81% used [0x00007fa0253a0000, 0x00007fa069bee250, 0x00007fa079550000)
  to   space 1377984K,   0% used [0x00007fa079550000, 0x00007fa079550000, 0x00007fa0cd700000)
 tenured generation   total 27559808K, used 19743627K [0x00007fa2d9b50000, 0x00007fa96bd30000, 0x00007fad84600000)
   the space 27559808K,  71% used [0x00007fa2d9b50000, 0x00007fa78ec32db0, 0x00007fa78ec32e00, 0x00007fa96bd30000)
 Metaspace       used 30667K, capacity 31042K, committed 31232K, reserved 32768K
}
Event: 399.258 GC heap before
{Heap before GC invocations=72 (full 9):
 def new generation   total 12401984K, used 12146616K [0x00007f9d84600000, 0x00007fa0cd700000, 0x00007fa2d9b50000)
  eden space 11024000K, 100% used [0x00007f9d84600000, 0x00007fa0253a0000, 0x00007fa0253a0000)
  from space 1377984K,  81% used [0x00007fa0253a0000, 0x00007fa069bee250, 0x00007fa079550000)
  to   space 1377984K,   0% used [0x00007fa079550000, 0x00007fa079550000, 0x00007fa0cd700000)
 tenured generation   total 27559808K, used 19743627K [0x00007fa2d9b50000, 0x00007fa96bd30000, 0x00007fad84600000)
   the space 27559808K,  71% used [0x00007fa2d9b50000, 0x00007fa78ec32db0, 0x00007fa78ec32e00, 0x00007fa96bd30000)
 Metaspace       used 30667K, capacity 31042K, committed 31232K, reserved 32768K
}
Event: 403.254 GC heap after
{Heap after GC invocations=73 (full 9):
 def new generation   total 12401984K, used 1093180K [0x00007f9d84600000, 0x00007fa0cd700000, 0x00007fa2d9b50000)
  eden space 11024000K,   0% used [0x00007f9d84600000, 0x00007f9d84600000, 0x00007fa0253a0000)
  from space 1377984K,  79% used [0x00007fa079550000, 0x00007fa0bc0df360, 0x00007fa0cd700000)
  to   space 1377984K,   0% used [0x00007fa0253a0000, 0x00007fa0253a0000, 0x00007fa079550000)
 tenured generation   total 27559808K, used 20866243K [0x00007fa2d9b50000, 0x00007fa96bd30000, 0x00007fad84600000)
   the space 27559808K,  75% used [0x00007fa2d9b50000, 0x00007fa7d3480c10, 0x00007fa7d3480e00, 0x00007fa96bd30000)
 Metaspace       used 30667K, capacity 31042K, committed 31232K, reserved 32768K
}
Event: 406.709 GC heap before
{Heap before GC invocations=73 (full 9):
 def new generation   total 12401984K, used 12117180K [0x00007f9d84600000, 0x00007fa0cd700000, 0x00007fa2d9b50000)
  eden space 11024000K, 100% used [0x00007f9d84600000, 0x00007fa0253a0000, 0x00007fa0253a0000)
  from space 1377984K,  79% used [0x00007fa079550000, 0x00007fa0bc0df360, 0x00007fa0cd700000)
  to   space 1377984K,   0% used [0x00007fa0253a0000, 0x00007fa0253a0000, 0x00007fa079550000)
 tenured generation   total 27559808K, used 20866243K [0x00007fa2d9b50000, 0x00007fa96bd30000, 0x00007fad84600000)
   the space 27559808K,  75% used [0x00007fa2d9b50000, 0x00007fa7d3480c10, 0x00007fa7d3480e00, 0x00007fa96bd30000)
 Metaspace       used 30667K, capacity 31042K, committed 31232K, reserved 32768K
}
Event: 410.623 GC heap after
{Heap after GC invocations=74 (full 9):
 def new generation   total 12401984K, used 1056567K [0x00007f9d84600000, 0x00007fa0cd700000, 0x00007fa2d9b50000)
  eden space 11024000K,   0% used [0x00007f9d84600000, 0x00007f9d84600000, 0x00007fa0253a0000)
  from space 1377984K,  76% used [0x00007fa0253a0000, 0x00007fa065b6dda0, 0x00007fa079550000)
  to   space 1377984K,   0% used [0x00007fa079550000, 0x00007fa079550000, 0x00007fa0cd700000)
 tenured generation   total 27559808K, used 21959423K [0x00007fa2d9b50000, 0x00007fa96bd30000, 0x00007fad84600000)
   the space 27559808K,  79% used [0x00007fa2d9b50000, 0x00007fa81600fc50, 0x00007fa81600fe00, 0x00007fa96bd30000)
 Metaspace       used 30667K, capacity 31042K, committed 31232K, reserved 32768K
}
Event: 413.614 GC heap before
{Heap before GC invocations=74 (full 9):
 def new generation   total 12401984K, used 12080567K [0x00007f9d84600000, 0x00007fa0cd700000, 0x00007fa2d9b50000)
  eden space 11024000K, 100% used [0x00007f9d84600000, 0x00007fa0253a0000, 0x00007fa0253a0000)
  from space 1377984K,  76% used [0x00007fa0253a0000, 0x00007fa065b6dda0, 0x00007fa079550000)
  to   space 1377984K,   0% used [0x00007fa079550000, 0x00007fa079550000, 0x00007fa0cd700000)
 tenured generation   total 27559808K, used 21959423K [0x00007fa2d9b50000, 0x00007fa96bd30000, 0x00007fad84600000)
   the space 27559808K,  79% used [0x00007fa2d9b50000, 0x00007fa81600fc50, 0x00007fa81600fe00, 0x00007fa96bd30000)
 Metaspace       used 30667K, capacity 31042K, committed 31232K, reserved 32768K
}
Event: 417.482 GC heap after
{Heap after GC invocations=75 (full 9):
 def new generation   total 12401984K, used 1081355K [0x00007f9d84600000, 0x00007fa0cd700000, 0x00007fa2d9b50000)
  eden space 11024000K,   0% used [0x00007f9d84600000, 0x00007f9d84600000, 0x00007fa0253a0000)
  from space 1377984K,  78% used [0x00007fa079550000, 0x00007fa0bb552ee0, 0x00007fa0cd700000)
  to   space 1377984K,   0% used [0x00007fa0253a0000, 0x00007fa0253a0000, 0x00007fa079550000)
 tenured generation   total 27559808K, used 23015989K [0x00007fa2d9b50000, 0x00007fa96bd30000, 0x00007fad84600000)
   the space 27559808K,  83% used [0x00007fa2d9b50000, 0x00007fa8567dd710, 0x00007fa8567dd800, 0x00007fa96bd30000)
 Metaspace       used 30667K, capacity 31042K, committed 31232K, reserved 32768K
}
Event: 420.808 GC heap before
{Heap before GC invocations=75 (full 9):
 def new generation   total 12401984K, used 12105355K [0x00007f9d84600000, 0x00007fa0cd700000, 0x00007fa2d9b50000)
  eden space 11024000K, 100% used [0x00007f9d84600000, 0x00007fa0253a0000, 0x00007fa0253a0000)
  from space 1377984K,  78% used [0x00007fa079550000, 0x00007fa0bb552ee0, 0x00007fa0cd700000)
  to   space 1377984K,   0% used [0x00007fa0253a0000, 0x00007fa0253a0000, 0x00007fa079550000)
 tenured generation   total 27559808K, used 23015989K [0x00007fa2d9b50000, 0x00007fa96bd30000, 0x00007fad84600000)
   the space 27559808K,  83% used [0x00007fa2d9b50000, 0x00007fa8567dd710, 0x00007fa8567dd800, 0x00007fa96bd30000)
 Metaspace       used 30667K, capacity 31042K, committed 31232K, reserved 32768K
}
Event: 424.878 GC heap after
{Heap after GC invocations=76 (full 9):
 def new generation   total 12401984K, used 1269168K [0x00007f9d84600000, 0x00007fa0cd700000, 0x00007fa2d9b50000)
  eden space 11024000K,   0% used [0x00007f9d84600000, 0x00007f9d84600000, 0x00007fa0253a0000)
  from space 1377984K,  92% used [0x00007fa0253a0000, 0x00007fa072b0c310, 0x00007fa079550000)
  to   space 1377984K,   0% used [0x00007fa079550000, 0x00007fa079550000, 0x00007fa0cd700000)
 tenured generation   total 27559808K, used 24097344K [0x00007fa2d9b50000, 0x00007fa96bd30000, 0x00007fad84600000)
   the space 27559808K,  87% used [0x00007fa2d9b50000, 0x00007fa8987e03d0, 0x00007fa8987e0400, 0x00007fa96bd30000)
 Metaspace       used 30667K, capacity 31042K, committed 31232K, reserved 32768K
}
Event: 428.613 GC heap before
{Heap before GC invocations=76 (full 9):
 def new generation   total 12401984K, used 12293168K [0x00007f9d84600000, 0x00007fa0cd700000, 0x00007fa2d9b50000)
  eden space 11024000K, 100% used [0x00007f9d84600000, 0x00007fa0253a0000, 0x00007fa0253a0000)
  from space 1377984K,  92% used [0x00007fa0253a0000, 0x00007fa072b0c310, 0x00007fa079550000)
  to   space 1377984K,   0% used [0x00007fa079550000, 0x00007fa079550000, 0x00007fa0cd700000)
 tenured generation   total 27559808K, used 24097344K [0x00007fa2d9b50000, 0x00007fa96bd30000, 0x00007fad84600000)
   the space 27559808K,  87% used [0x00007fa2d9b50000, 0x00007fa8987e03d0, 0x00007fa8987e0400, 0x00007fa96bd30000)
 Metaspace       used 30667K, capacity 31042K, committed 31232K, reserved 32768K
}
Event: 432.912 GC heap after
{Heap after GC invocations=77 (full 9):
 def new generation   total 12401984K, used 1295075K [0x00007f9d84600000, 0x00007fa0cd700000, 0x00007fa2d9b50000)
  eden space 11024000K,   0% used [0x00007f9d84600000, 0x00007f9d84600000, 0x00007fa0253a0000)
  from space 1377984K,  93% used [0x00007fa079550000, 0x00007fa0c8608e60, 0x00007fa0cd700000)
  to   space 1377984K,   0% used [0x00007fa0253a0000, 0x00007fa0253a0000, 0x00007fa079550000)
 tenured generation   total 27559808K, used 25366513K [0x00007fa2d9b50000, 0x00007fa96bd30000, 0x00007fad84600000)
   the space 27559808K,  92% used [0x00007fa2d9b50000, 0x00007fa8e5f4c520, 0x00007fa8e5f4c600, 0x00007fa96bd30000)
 Metaspace       used 30667K, capacity 31042K, committed 31232K, reserved 32768K
}
Event: 436.600 GC heap before
{Heap before GC invocations=77 (full 9):
 def new generation   total 12401984K, used 12319075K [0x00007f9d84600000, 0x00007fa0cd700000, 0x00007fa2d9b50000)
  eden space 11024000K, 100% used [0x00007f9d84600000, 0x00007fa0253a0000, 0x00007fa0253a0000)
  from space 1377984K,  93% used [0x00007fa079550000, 0x00007fa0c8608e60, 0x00007fa0cd700000)
  to   space 1377984K,   0% used [0x00007fa0253a0000, 0x00007fa0253a0000, 0x00007fa079550000)
 tenured generation   total 27559808K, used 25366513K [0x00007fa2d9b50000, 0x00007fa96bd30000, 0x00007fad84600000)
   the space 27559808K,  92% used [0x00007fa2d9b50000, 0x00007fa8e5f4c520, 0x00007fa8e5f4c600, 0x00007fa96bd30000)
 Metaspace       used 30667K, capacity 31042K, committed 31232K, reserved 32768K
}
Event: 441.245 GC heap after
{Heap after GC invocations=78 (full 9):
 def new generation   total 12401984K, used 1377984K [0x00007f9d84600000, 0x00007fa0cd700000, 0x00007fa2d9b50000)
  eden space 11024000K,   0% used [0x00007f9d84600000, 0x00007f9d84600000, 0x00007fa0253a0000)
  from space 1377984K, 100% used [0x00007fa0253a0000, 0x00007fa079550000, 0x00007fa079550000)
  to   space 1377984K,   0% used [0x00007fa079550000, 0x00007fa079550000, 0x00007fa0cd700000)
 tenured generation   total 27559808K, used 26703305K [0x00007fa2d9b50000, 0x00007fa96bd30000, 0x00007fad84600000)
   the space 27559808K,  96% used [0x00007fa2d9b50000, 0x00007fa9378c2460, 0x00007fa9378c2600, 0x00007fa96bd30000)
 Metaspace       used 30667K, capacity 31042K, committed 31232K, reserved 32768K
}
Event: 444.656 GC heap before
{Heap before GC invocations=78 (full 9):
 def new generation   total 12401984K, used 12401984K [0x00007f9d84600000, 0x00007fa0cd700000, 0x00007fa2d9b50000)
  eden space 11024000K, 100% used [0x00007f9d84600000, 0x00007fa0253a0000, 0x00007fa0253a0000)
  from space 1377984K, 100% used [0x00007fa0253a0000, 0x00007fa079550000, 0x00007fa079550000)
  to   space 1377984K,   0% used [0x00007fa079550000, 0x00007fa079550000, 0x00007fa0cd700000)
 tenured generation   total 27559808K, used 26703305K [0x00007fa2d9b50000, 0x00007fa96bd30000, 0x00007fad84600000)
   the space 27559808K,  96% used [0x00007fa2d9b50000, 0x00007fa9378c2460, 0x00007fa9378c2600, 0x00007fa96bd30000)
 Metaspace       used 30667K, capacity 31042K, committed 31232K, reserved 32768K
}
Event: 449.333 GC heap after
{Heap after GC invocations=79 (full 9):
 def new generation   total 12401984K, used 1377984K [0x00007f9d84600000, 0x00007fa0cd700000, 0x00007fa2d9b50000)
  eden space 11024000K,   0% used [0x00007f9d84600000, 0x00007f9d84600000, 0x00007fa0253a0000)
  from space 1377984K, 100% used [0x00007fa079550000, 0x00007fa0cd700000, 0x00007fa0cd700000)
  to   space 1377984K,   0% used [0x00007fa0253a0000, 0x00007fa0253a0000, 0x00007fa079550000)
 tenured generation   total 28186496K, used 28186310K [0x00007fa2d9b50000, 0x00007fa992130000, 0x00007fad84600000)
   the space 28186496K,  99% used [0x00007fa2d9b50000, 0x00007fa992101900, 0x00007fa992101a00, 0x00007fa992130000)
 Metaspace       used 30667K, capacity 31042K, committed 31232K, reserved 32768K
}
Event: 449.333 GC heap before
{Heap before GC invocations=79 (full 9):
 def new generation   total 12401984K, used 1377984K [0x00007f9d84600000, 0x00007fa0cd700000, 0x00007fa2d9b50000)
  eden space 11024000K,   0% used [0x00007f9d84600000, 0x00007f9d84600000, 0x00007fa0253a0000)
  from space 1377984K, 100% used [0x00007fa079550000, 0x00007fa0cd700000, 0x00007fa0cd700000)
  to   space 1377984K,   0% used [0x00007fa0253a0000, 0x00007fa0253a0000, 0x00007fa079550000)
 tenured generation   total 28186496K, used 28186310K [0x00007fa2d9b50000, 0x00007fa992130000, 0x00007fad84600000)
   the space 28186496K,  99% used [0x00007fa2d9b50000, 0x00007fa992101900, 0x00007fa992101a00, 0x00007fa992130000)
 Metaspace       used 30667K, capacity 31042K, committed 31232K, reserved 32768K
}

