# JRE version: OpenJDK Runtime Environment (13.0.7+5) (build 13.0.7+5-Ubuntu-0ubuntu120.04)
# Java VM: OpenJDK 64-Bit Server VM (13.0.7+5-Ubuntu-0ubuntu120.04, mixed mode, tiered, serial gc, linux-amd64)
Heap:
 def new generation   total 8101568K, used 135491K [0x00007f0858600000, 0x00007f0a7dcc0000, 0x00007f0dadb50000)
  eden space 7201408K,   1% used [0x00007f0858600000, 0x00007f0860a50c60, 0x00007f0a0fea0000)
  from space 900160K,   0% used [0x00007f0a0fea0000, 0x00007f0a0fea0000, 0x00007f0a46db0000)
  to   space 900160K,   0% used [0x00007f0a46db0000, 0x00007f0a46db0000, 0x00007f0a7dcc0000)
 tenured generation   total 18007828K, used 18007827K [0x00007f0dadb50000, 0x00007f11f8d15000, 0x00007f1858600000)
   the space 18007828K,  99% used [0x00007f0dadb50000, 0x00007f11f8d14f90, 0x00007f11f8d15000, 0x00007f11f8d15000)
 Metaspace       used 24345K, capacity 24776K, committed 24832K, reserved 26624K
GC Heap History (20 events):
Event: 8986.184 GC heap after
{Heap after GC invocations=5897 (full 6):
 def new generation   total 8101568K, used 138493K [0x00007f0858600000, 0x00007f0a7dcc0000, 0x00007f0dadb50000)
  eden space 7201408K,   0% used [0x00007f0858600000, 0x00007f0858600000, 0x00007f0a0fea0000)
  from space 900160K,  15% used [0x00007f0a46db0000, 0x00007f0a4f4ef6b8, 0x00007f0a7dcc0000)
  to   space 900160K,   0% used [0x00007f0a0fea0000, 0x00007f0a0fea0000, 0x00007f0a46db0000)
 tenured generation   total 18003412K, used 17924132K [0x00007f0dadb50000, 0x00007f11f88c5000, 0x00007f1858600000)
   the space 18003412K,  99% used [0x00007f0dadb50000, 0x00007f11f3b59180, 0x00007f11f3b59200, 0x00007f11f88c5000)
 Metaspace       used 24345K, capacity 24776K, committed 24832K, reserved 26624K
}
Event: 8990.664 GC heap before
{Heap before GC invocations=5897 (full 6):
 def new generation   total 8101568K, used 7339901K [0x00007f0858600000, 0x00007f0a7dcc0000, 0x00007f0dadb50000)
  eden space 7201408K, 100% used [0x00007f0858600000, 0x00007f0a0fea0000, 0x00007f0a0fea0000)
  from space 900160K,  15% used [0x00007f0a46db0000, 0x00007f0a4f4ef6b8, 0x00007f0a7dcc0000)
  to   space 900160K,   0% used [0x00007f0a0fea0000, 0x00007f0a0fea0000, 0x00007f0a46db0000)
 tenured generation   total 18003412K, used 17924132K [0x00007f0dadb50000, 0x00007f11f88c5000, 0x00007f1858600000)
   the space 18003412K,  99% used [0x00007f0dadb50000, 0x00007f11f3b59180, 0x00007f11f3b59200, 0x00007f11f88c5000)
 Metaspace       used 24345K, capacity 24776K, committed 24832K, reserved 26624K
}
Event: 8990.841 GC heap after
{Heap after GC invocations=5898 (full 6):
 def new generation   total 8101568K, used 137260K [0x00007f0858600000, 0x00007f0a7dcc0000, 0x00007f0dadb50000)
  eden space 7201408K,   0% used [0x00007f0858600000, 0x00007f0858600000, 0x00007f0a0fea0000)
  from space 900160K,  15% used [0x00007f0a0fea0000, 0x00007f0a184ab3e8, 0x00007f0a46db0000)
  to   space 900160K,   0% used [0x00007f0a46db0000, 0x00007f0a46db0000, 0x00007f0a7dcc0000)
 tenured generation   total 18003412K, used 17932686K [0x00007f0dadb50000, 0x00007f11f88c5000, 0x00007f1858600000)
   the space 18003412K,  99% used [0x00007f0dadb50000, 0x00007f11f43b3be8, 0x00007f11f43b3c00, 0x00007f11f88c5000)
 Metaspace       used 24345K, capacity 24776K, committed 24832K, reserved 26624K
}
Event: 8995.517 GC heap before
{Heap before GC invocations=5898 (full 6):
 def new generation   total 8101568K, used 7338668K [0x00007f0858600000, 0x00007f0a7dcc0000, 0x00007f0dadb50000)
  eden space 7201408K, 100% used [0x00007f0858600000, 0x00007f0a0fea0000, 0x00007f0a0fea0000)
  from space 900160K,  15% used [0x00007f0a0fea0000, 0x00007f0a184ab3e8, 0x00007f0a46db0000)
  to   space 900160K,   0% used [0x00007f0a46db0000, 0x00007f0a46db0000, 0x00007f0a7dcc0000)
 tenured generation   total 18003412K, used 17932686K [0x00007f0dadb50000, 0x00007f11f88c5000, 0x00007f1858600000)
   the space 18003412K,  99% used [0x00007f0dadb50000, 0x00007f11f43b3be8, 0x00007f11f43b3c00, 0x00007f11f88c5000)
 Metaspace       used 24345K, capacity 24776K, committed 24832K, reserved 26624K
}
Event: 8995.700 GC heap after
{Heap after GC invocations=5899 (full 6):
 def new generation   total 8101568K, used 137259K [0x00007f0858600000, 0x00007f0a7dcc0000, 0x00007f0dadb50000)
  eden space 7201408K,   0% used [0x00007f0858600000, 0x00007f0858600000, 0x00007f0a0fea0000)
  from space 900160K,  15% used [0x00007f0a46db0000, 0x00007f0a4f3bac90, 0x00007f0a7dcc0000)
  to   space 900160K,   0% used [0x00007f0a0fea0000, 0x00007f0a0fea0000, 0x00007f0a46db0000)
 tenured generation   total 18003412K, used 17943187K [0x00007f0dadb50000, 0x00007f11f88c5000, 0x00007f1858600000)
   the space 18003412K,  99% used [0x00007f0dadb50000, 0x00007f11f4df4ec8, 0x00007f11f4df5000, 0x00007f11f88c5000)
 Metaspace       used 24345K, capacity 24776K, committed 24832K, reserved 26624K
}
Event: 9000.479 GC heap before
{Heap before GC invocations=5899 (full 6):
 def new generation   total 8101568K, used 7338667K [0x00007f0858600000, 0x00007f0a7dcc0000, 0x00007f0dadb50000)
  eden space 7201408K, 100% used [0x00007f0858600000, 0x00007f0a0fea0000, 0x00007f0a0fea0000)
  from space 900160K,  15% used [0x00007f0a46db0000, 0x00007f0a4f3bac90, 0x00007f0a7dcc0000)
  to   space 900160K,   0% used [0x00007f0a0fea0000, 0x00007f0a0fea0000, 0x00007f0a46db0000)
 tenured generation   total 18003412K, used 17943187K [0x00007f0dadb50000, 0x00007f11f88c5000, 0x00007f1858600000)
   the space 18003412K,  99% used [0x00007f0dadb50000, 0x00007f11f4df4ec8, 0x00007f11f4df5000, 0x00007f11f88c5000)
 Metaspace       used 24345K, capacity 24776K, committed 24832K, reserved 26624K
}
Event: 9000.643 GC heap after
{Heap after GC invocations=5900 (full 6):
 def new generation   total 8101568K, used 140387K [0x00007f0858600000, 0x00007f0a7dcc0000, 0x00007f0dadb50000)
  eden space 7201408K,   0% used [0x00007f0858600000, 0x00007f0858600000, 0x00007f0a0fea0000)
  from space 900160K,  15% used [0x00007f0a0fea0000, 0x00007f0a187b8fc8, 0x00007f0a46db0000)
  to   space 900160K,   0% used [0x00007f0a46db0000, 0x00007f0a46db0000, 0x00007f0a7dcc0000)
 tenured generation   total 18003412K, used 17950556K [0x00007f0dadb50000, 0x00007f11f88c5000, 0x00007f1858600000)
   the space 18003412K,  99% used [0x00007f0dadb50000, 0x00007f11f5527278, 0x00007f11f5527400, 0x00007f11f88c5000)
 Metaspace       used 24345K, capacity 24776K, committed 24832K, reserved 26624K
}
Event: 9005.265 GC heap before
{Heap before GC invocations=5900 (full 6):
 def new generation   total 8101568K, used 7341795K [0x00007f0858600000, 0x00007f0a7dcc0000, 0x00007f0dadb50000)
  eden space 7201408K, 100% used [0x00007f0858600000, 0x00007f0a0fea0000, 0x00007f0a0fea0000)
  from space 900160K,  15% used [0x00007f0a0fea0000, 0x00007f0a187b8fc8, 0x00007f0a46db0000)
  to   space 900160K,   0% used [0x00007f0a46db0000, 0x00007f0a46db0000, 0x00007f0a7dcc0000)
 tenured generation   total 18003412K, used 17950556K [0x00007f0dadb50000, 0x00007f11f88c5000, 0x00007f1858600000)
   the space 18003412K,  99% used [0x00007f0dadb50000, 0x00007f11f5527278, 0x00007f11f5527400, 0x00007f11f88c5000)
 Metaspace       used 24345K, capacity 24776K, committed 24832K, reserved 26624K
}
Event: 9005.513 GC heap after
{Heap after GC invocations=5901 (full 6):
 def new generation   total 8101568K, used 136125K [0x00007f0858600000, 0x00007f0a7dcc0000, 0x00007f0dadb50000)
  eden space 7201408K,   0% used [0x00007f0858600000, 0x00007f0858600000, 0x00007f0a0fea0000)
  from space 900160K,  15% used [0x00007f0a46db0000, 0x00007f0a4f29f568, 0x00007f0a7dcc0000)
  to   space 900160K,   0% used [0x00007f0a0fea0000, 0x00007f0a0fea0000, 0x00007f0a46db0000)
 tenured generation   total 18003412K, used 17961053K [0x00007f0dadb50000, 0x00007f11f88c5000, 0x00007f1858600000)
   the space 18003412K,  99% used [0x00007f0dadb50000, 0x00007f11f5f67418, 0x00007f11f5f67600, 0x00007f11f88c5000)
 Metaspace       used 24345K, capacity 24776K, committed 24832K, reserved 26624K
}
Event: 9009.683 GC heap before
{Heap before GC invocations=5901 (full 6):
 def new generation   total 8101568K, used 7337533K [0x00007f0858600000, 0x00007f0a7dcc0000, 0x00007f0dadb50000)
  eden space 7201408K, 100% used [0x00007f0858600000, 0x00007f0a0fea0000, 0x00007f0a0fea0000)
  from space 900160K,  15% used [0x00007f0a46db0000, 0x00007f0a4f29f568, 0x00007f0a7dcc0000)
  to   space 900160K,   0% used [0x00007f0a0fea0000, 0x00007f0a0fea0000, 0x00007f0a46db0000)
 tenured generation   total 18003412K, used 17961053K [0x00007f0dadb50000, 0x00007f11f88c5000, 0x00007f1858600000)
   the space 18003412K,  99% used [0x00007f0dadb50000, 0x00007f11f5f67418, 0x00007f11f5f67600, 0x00007f11f88c5000)
 Metaspace       used 24345K, capacity 24776K, committed 24832K, reserved 26624K
}
Event: 9009.851 GC heap after
{Heap after GC invocations=5902 (full 6):
 def new generation   total 8101568K, used 136122K [0x00007f0858600000, 0x00007f0a7dcc0000, 0x00007f0dadb50000)
  eden space 7201408K,   0% used [0x00007f0858600000, 0x00007f0858600000, 0x00007f0a0fea0000)
  from space 900160K,  15% used [0x00007f0a0fea0000, 0x00007f0a1838eab0, 0x00007f0a46db0000)
  to   space 900160K,   0% used [0x00007f0a46db0000, 0x00007f0a46db0000, 0x00007f0a7dcc0000)
 tenured generation   total 18003412K, used 17971553K [0x00007f0dadb50000, 0x00007f11f88c5000, 0x00007f1858600000)
   the space 18003412K,  99% used [0x00007f0dadb50000, 0x00007f11f69a86f8, 0x00007f11f69a8800, 0x00007f11f88c5000)
 Metaspace       used 24345K, capacity 24776K, committed 24832K, reserved 26624K
}
Event: 9014.021 GC heap before
{Heap before GC invocations=5902 (full 6):
 def new generation   total 8101568K, used 7337530K [0x00007f0858600000, 0x00007f0a7dcc0000, 0x00007f0dadb50000)
  eden space 7201408K, 100% used [0x00007f0858600000, 0x00007f0a0fea0000, 0x00007f0a0fea0000)
  from space 900160K,  15% used [0x00007f0a0fea0000, 0x00007f0a1838eab0, 0x00007f0a46db0000)
  to   space 900160K,   0% used [0x00007f0a46db0000, 0x00007f0a46db0000, 0x00007f0a7dcc0000)
 tenured generation   total 18003412K, used 17971553K [0x00007f0dadb50000, 0x00007f11f88c5000, 0x00007f1858600000)
   the space 18003412K,  99% used [0x00007f0dadb50000, 0x00007f11f69a86f8, 0x00007f11f69a8800, 0x00007f11f88c5000)
 Metaspace       used 24345K, capacity 24776K, committed 24832K, reserved 26624K
}
Event: 9014.210 GC heap after
{Heap after GC invocations=5903 (full 6):
 def new generation   total 8101568K, used 137721K [0x00007f0858600000, 0x00007f0a7dcc0000, 0x00007f0dadb50000)
  eden space 7201408K,   0% used [0x00007f0858600000, 0x00007f0858600000, 0x00007f0a0fea0000)
  from space 900160K,  15% used [0x00007f0a46db0000, 0x00007f0a4f42e668, 0x00007f0a7dcc0000)
  to   space 900160K,   0% used [0x00007f0a0fea0000, 0x00007f0a0fea0000, 0x00007f0a46db0000)
 tenured generation   total 18003412K, used 17978780K [0x00007f0dadb50000, 0x00007f11f88c5000, 0x00007f1858600000)
   the space 18003412K,  99% used [0x00007f0dadb50000, 0x00007f11f70b72a0, 0x00007f11f70b7400, 0x00007f11f88c5000)
 Metaspace       used 24345K, capacity 24776K, committed 24832K, reserved 26624K
}
Event: 9018.386 GC heap before
{Heap before GC invocations=5903 (full 6):
 def new generation   total 8101568K, used 7339129K [0x00007f0858600000, 0x00007f0a7dcc0000, 0x00007f0dadb50000)
  eden space 7201408K, 100% used [0x00007f0858600000, 0x00007f0a0fea0000, 0x00007f0a0fea0000)
  from space 900160K,  15% used [0x00007f0a46db0000, 0x00007f0a4f42e668, 0x00007f0a7dcc0000)
  to   space 900160K,   0% used [0x00007f0a0fea0000, 0x00007f0a0fea0000, 0x00007f0a46db0000)
 tenured generation   total 18003412K, used 17978780K [0x00007f0dadb50000, 0x00007f11f88c5000, 0x00007f1858600000)
   the space 18003412K,  99% used [0x00007f0dadb50000, 0x00007f11f70b72a0, 0x00007f11f70b7400, 0x00007f11f88c5000)
 Metaspace       used 24345K, capacity 24776K, committed 24832K, reserved 26624K
}
Event: 9018.598 GC heap after
{Heap after GC invocations=5904 (full 6):
 def new generation   total 8101568K, used 136121K [0x00007f0858600000, 0x00007f0a7dcc0000, 0x00007f0dadb50000)
  eden space 7201408K,   0% used [0x00007f0858600000, 0x00007f0858600000, 0x00007f0a0fea0000)
  from space 900160K,  15% used [0x00007f0a0fea0000, 0x00007f0a1838e6c8, 0x00007f0a46db0000)
  to   space 900160K,   0% used [0x00007f0a46db0000, 0x00007f0a46db0000, 0x00007f0a7dcc0000)
 tenured generation   total 18003412K, used 17989281K [0x00007f0dadb50000, 0x00007f11f88c5000, 0x00007f1858600000)
   the space 18003412K,  99% used [0x00007f0dadb50000, 0x00007f11f7af8580, 0x00007f11f7af8600, 0x00007f11f88c5000)
 Metaspace       used 24345K, capacity 24776K, committed 24832K, reserved 26624K
}
Event: 9022.755 GC heap before
{Heap before GC invocations=5904 (full 6):
 def new generation   total 8101568K, used 7337529K [0x00007f0858600000, 0x00007f0a7dcc0000, 0x00007f0dadb50000)
  eden space 7201408K, 100% used [0x00007f0858600000, 0x00007f0a0fea0000, 0x00007f0a0fea0000)
  from space 900160K,  15% used [0x00007f0a0fea0000, 0x00007f0a1838e6c8, 0x00007f0a46db0000)
  to   space 900160K,   0% used [0x00007f0a46db0000, 0x00007f0a46db0000, 0x00007f0a7dcc0000)
 tenured generation   total 18003412K, used 17989281K [0x00007f0dadb50000, 0x00007f11f88c5000, 0x00007f1858600000)
   the space 18003412K,  99% used [0x00007f0dadb50000, 0x00007f11f7af8580, 0x00007f11f7af8600, 0x00007f11f88c5000)
 Metaspace       used 24345K, capacity 24776K, committed 24832K, reserved 26624K
}
Event: 9022.952 GC heap after
{Heap after GC invocations=5905 (full 6):
 def new generation   total 8101568K, used 138803K [0x00007f0858600000, 0x00007f0a7dcc0000, 0x00007f0dadb50000)
  eden space 7201408K,   0% used [0x00007f0858600000, 0x00007f0858600000, 0x00007f0a0fea0000)
  from space 900160K,  15% used [0x00007f0a46db0000, 0x00007f0a4f53cec8, 0x00007f0a7dcc0000)
  to   space 900160K,   0% used [0x00007f0a0fea0000, 0x00007f0a0fea0000, 0x00007f0a46db0000)
 tenured generation   total 18003412K, used 17997171K [0x00007f0dadb50000, 0x00007f11f88c5000, 0x00007f1858600000)
   the space 18003412K,  99% used [0x00007f0dadb50000, 0x00007f11f82acd48, 0x00007f11f82ace00, 0x00007f11f88c5000)
 Metaspace       used 24345K, capacity 24776K, committed 24832K, reserved 26624K
}
Event: 9027.086 GC heap before
{Heap before GC invocations=5905 (full 6):
 def new generation   total 8101568K, used 7340211K [0x00007f0858600000, 0x00007f0a7dcc0000, 0x00007f0dadb50000)
  eden space 7201408K, 100% used [0x00007f0858600000, 0x00007f0a0fea0000, 0x00007f0a0fea0000)
  from space 900160K,  15% used [0x00007f0a46db0000, 0x00007f0a4f53cec8, 0x00007f0a7dcc0000)
  to   space 900160K,   0% used [0x00007f0a0fea0000, 0x00007f0a0fea0000, 0x00007f0a46db0000)
 tenured generation   total 18003412K, used 17997171K [0x00007f0dadb50000, 0x00007f11f88c5000, 0x00007f1858600000)
   the space 18003412K,  99% used [0x00007f0dadb50000, 0x00007f11f82acd48, 0x00007f11f82ace00, 0x00007f11f88c5000)
 Metaspace       used 24345K, capacity 24776K, committed 24832K, reserved 26624K
}
Event: 9027.257 GC heap after
{Heap after GC invocations=5906 (full 6):
 def new generation   total 8101568K, used 135651K [0x00007f0858600000, 0x00007f0a7dcc0000, 0x00007f0dadb50000)
  eden space 7201408K,   0% used [0x00007f0858600000, 0x00007f0858600000, 0x00007f0a0fea0000)
  from space 900160K,  15% used [0x00007f0a0fea0000, 0x00007f0a18318d08, 0x00007f0a46db0000)
  to   space 900160K,   0% used [0x00007f0a46db0000, 0x00007f0a46db0000, 0x00007f0a7dcc0000)
 tenured generation   total 18007828K, used 18007667K [0x00007f0dadb50000, 0x00007f11f8d15000, 0x00007f1858600000)
   the space 18007828K,  99% used [0x00007f0dadb50000, 0x00007f11f8cecee8, 0x00007f11f8ced000, 0x00007f11f8d15000)
 Metaspace       used 24345K, capacity 24776K, committed 24832K, reserved 26624K
}
Event: 9027.257 GC heap before
{Heap before GC invocations=5906 (full 6):
 def new generation   total 8101568K, used 135651K [0x00007f0858600000, 0x00007f0a7dcc0000, 0x00007f0dadb50000)
  eden space 7201408K,   0% used [0x00007f0858600000, 0x00007f0858600000, 0x00007f0a0fea0000)
  from space 900160K,  15% used [0x00007f0a0fea0000, 0x00007f0a18318d08, 0x00007f0a46db0000)
  to   space 900160K,   0% used [0x00007f0a46db0000, 0x00007f0a46db0000, 0x00007f0a7dcc0000)
 tenured generation   total 18007828K, used 18007667K [0x00007f0dadb50000, 0x00007f11f8d15000, 0x00007f1858600000)
   the space 18007828K,  99% used [0x00007f0dadb50000, 0x00007f11f8cecee8, 0x00007f11f8ced000, 0x00007f11f8d15000)
 Metaspace       used 24345K, capacity 24776K, committed 24832K, reserved 26624K
}

