# JRE version: OpenJDK Runtime Environment (13.0.7+5) (build 13.0.7+5-Ubuntu-0ubuntu120.04)
# Java VM: OpenJDK 64-Bit Server VM (13.0.7+5-Ubuntu-0ubuntu120.04, mixed mode, tiered, serial gc, linux-amd64)
Heap:
 def new generation   total 818496K, used 0K [0x00007fb554600000, 0x00007fb58be20000, 0x00007fbaa9b50000)
  eden space 727552K,   0% used [0x00007fb554600000, 0x00007fb554600000, 0x00007fb580c80000)
  from space 90944K,   0% used [0x00007fb580c80000, 0x00007fb580c80000, 0x00007fb586550000)
  to   space 90944K,   0% used [0x00007fb586550000, 0x00007fb586550000, 0x00007fb58be20000)
 tenured generation   total 1818836K, used 1091299K [0x00007fbaa9b50000, 0x00007fbb18b85000, 0x00007fc554600000)
   the space 1818836K,  59% used [0x00007fbaa9b50000, 0x00007fbaec508f80, 0x00007fbaec509000, 0x00007fbb18b85000)
 Metaspace       used 23186K, capacity 23526K, committed 23552K, reserved 24576K
GC Heap History (20 events):
Event: 8.581 GC heap before
{Heap before GC invocations=4 (full 1):
 def new generation   total 629248K, used 540231K [0x00007fb554600000, 0x00007fb57f0c0000, 0x00007fbaa9b50000)
  eden space 559360K,  96% used [0x00007fb554600000, 0x00007fb57546bf60, 0x00007fb576840000)
  from space 69888K,   1% used [0x00007fb57ac80000, 0x00007fb57ada5d08, 0x00007fb57f0c0000)
  to   space 69888K,   0% used [0x00007fb576840000, 0x00007fb576840000, 0x00007fb57ac80000)
 tenured generation   total 1398144K, used 1062539K [0x00007fbaa9b50000, 0x00007fbaff0b0000, 0x00007fc554600000)
   the space 1398144K,  75% used [0x00007fbaa9b50000, 0x00007fbaea8f2d98, 0x00007fbaea8f2e00, 0x00007fbaff0b0000)
 Metaspace       used 23184K, capacity 23525K, committed 23552K, reserved 24576K
}
Event: 9.430 GC heap after
{Heap after GC invocations=5 (full 1):
 def new generation   total 629248K, used 1174K [0x00007fb554600000, 0x00007fb57f0c0000, 0x00007fbaa9b50000)
  eden space 559360K,   0% used [0x00007fb554600000, 0x00007fb554600000, 0x00007fb576840000)
  from space 69888K,   1% used [0x00007fb576840000, 0x00007fb576965ab8, 0x00007fb57ac80000)
  to   space 69888K,   0% used [0x00007fb57ac80000, 0x00007fb57ac80000, 0x00007fb57f0c0000)
 tenured generation   total 1922436K, used 1586827K [0x00007fbaa9b50000, 0x00007fbb1f0b1000, 0x00007fc554600000)
   the space 1922436K,  82% used [0x00007fbaa9b50000, 0x00007fbb0a8f2db0, 0x00007fbb0a8f2e00, 0x00007fbb1f0b1000)
 Metaspace       used 23184K, capacity 23525K, committed 23552K, reserved 24576K
}
Event: 9.430 GC heap before
{Heap before GC invocations=5 (full 1):
 def new generation   total 629248K, used 1174K [0x00007fb554600000, 0x00007fb57f0c0000, 0x00007fbaa9b50000)
  eden space 559360K,   0% used [0x00007fb554600000, 0x00007fb554600000, 0x00007fb576840000)
  from space 69888K,   1% used [0x00007fb576840000, 0x00007fb576965ab8, 0x00007fb57ac80000)
  to   space 69888K,   0% used [0x00007fb57ac80000, 0x00007fb57ac80000, 0x00007fb57f0c0000)
 tenured generation   total 1922436K, used 1586827K [0x00007fbaa9b50000, 0x00007fbb1f0b1000, 0x00007fc554600000)
   the space 1922436K,  82% used [0x00007fbaa9b50000, 0x00007fbb0a8f2db0, 0x00007fbb0a8f2e00, 0x00007fbb1f0b1000)
 Metaspace       used 23184K, capacity 23525K, committed 23552K, reserved 24576K
}
Event: 9.840 GC heap after
{Heap after GC invocations=5 (full 2):
 def new generation   total 629248K, used 0K [0x00007fb554600000, 0x00007fb57f0c0000, 0x00007fbaa9b50000)
  eden space 559360K,   0% used [0x00007fb554600000, 0x00007fb554600000, 0x00007fb576840000)
  from space 69888K,   0% used [0x00007fb576840000, 0x00007fb576840000, 0x00007fb57ac80000)
  to   space 69888K,   0% used [0x00007fb57ac80000, 0x00007fb57ac80000, 0x00007fb57f0c0000)
 tenured generation   total 1398144K, used 539034K [0x00007fbaa9b50000, 0x00007fbaff0b0000, 0x00007fc554600000)
   the space 1398144K,  38% used [0x00007fbaa9b50000, 0x00007fbaca9b6b98, 0x00007fbaca9b6c00, 0x00007fbaff0b0000)
 Metaspace       used 23184K, capacity 23525K, committed 23552K, reserved 24576K
}
Event: 10.534 GC heap before
{Heap before GC invocations=5 (full 2):
 def new generation   total 629248K, used 535385K [0x00007fb554600000, 0x00007fb57f0c0000, 0x00007fbaa9b50000)
  eden space 559360K,  95% used [0x00007fb554600000, 0x00007fb5750d6480, 0x00007fb576840000)
  from space 69888K,   0% used [0x00007fb576840000, 0x00007fb576840000, 0x00007fb57ac80000)
  to   space 69888K,   0% used [0x00007fb57ac80000, 0x00007fb57ac80000, 0x00007fb57f0c0000)
 tenured generation   total 1398144K, used 539034K [0x00007fbaa9b50000, 0x00007fbaff0b0000, 0x00007fc554600000)
   the space 1398144K,  38% used [0x00007fbaa9b50000, 0x00007fbaca9b6b98, 0x00007fbaca9b6c00, 0x00007fbaff0b0000)
 Metaspace       used 23184K, capacity 23525K, committed 23552K, reserved 24576K
}
Event: 10.927 GC heap after
{Heap after GC invocations=6 (full 2):
 def new generation   total 629248K, used 0K [0x00007fb554600000, 0x00007fb57f0c0000, 0x00007fbaa9b50000)
  eden space 559360K,   0% used [0x00007fb554600000, 0x00007fb554600000, 0x00007fb576840000)
  from space 69888K,   0% used [0x00007fb57ac80000, 0x00007fb57ac80230, 0x00007fb57f0c0000)
  to   space 69888K,   0% used [0x00007fb576840000, 0x00007fb576840000, 0x00007fb57ac80000)
 tenured generation   total 1398144K, used 1063322K [0x00007fbaa9b50000, 0x00007fbaff0b0000, 0x00007fc554600000)
   the space 1398144K,  76% used [0x00007fbaa9b50000, 0x00007fbaea9b6bb0, 0x00007fbaea9b6c00, 0x00007fbaff0b0000)
 Metaspace       used 23184K, capacity 23525K, committed 23552K, reserved 24576K
}
Event: 11.999 GC heap before
{Heap before GC invocations=6 (full 2):
 def new generation   total 629248K, used 535336K [0x00007fb554600000, 0x00007fb57f0c0000, 0x00007fbaa9b50000)
  eden space 559360K,  95% used [0x00007fb554600000, 0x00007fb5750c9e20, 0x00007fb576840000)
  from space 69888K,   0% used [0x00007fb57ac80000, 0x00007fb57ac80230, 0x00007fb57f0c0000)
  to   space 69888K,   0% used [0x00007fb576840000, 0x00007fb576840000, 0x00007fb57ac80000)
 tenured generation   total 1398144K, used 1063322K [0x00007fbaa9b50000, 0x00007fbaff0b0000, 0x00007fc554600000)
   the space 1398144K,  76% used [0x00007fbaa9b50000, 0x00007fbaea9b6bb0, 0x00007fbaea9b6c00, 0x00007fbaff0b0000)
 Metaspace       used 23184K, capacity 23525K, committed 23552K, reserved 24576K
}
Event: 12.580 GC heap after
{Heap after GC invocations=7 (full 2):
 def new generation   total 629248K, used 0K [0x00007fb554600000, 0x00007fb57f0c0000, 0x00007fbaa9b50000)
  eden space 559360K,   0% used [0x00007fb554600000, 0x00007fb554600000, 0x00007fb576840000)
  from space 69888K,   0% used [0x00007fb576840000, 0x00007fb576840238, 0x00007fb57ac80000)
  to   space 69888K,   0% used [0x00007fb57ac80000, 0x00007fb57ac80000, 0x00007fb57f0c0000)
 tenured generation   total 1922436K, used 1587610K [0x00007fbaa9b50000, 0x00007fbb1f0b1000, 0x00007fc554600000)
   the space 1922436K,  82% used [0x00007fbaa9b50000, 0x00007fbb0a9b6bc8, 0x00007fbb0a9b6c00, 0x00007fbb1f0b1000)
 Metaspace       used 23184K, capacity 23525K, committed 23552K, reserved 24576K
}
Event: 12.580 GC heap before
{Heap before GC invocations=7 (full 2):
 def new generation   total 629248K, used 0K [0x00007fb554600000, 0x00007fb57f0c0000, 0x00007fbaa9b50000)
  eden space 559360K,   0% used [0x00007fb554600000, 0x00007fb554600000, 0x00007fb576840000)
  from space 69888K,   0% used [0x00007fb576840000, 0x00007fb576840238, 0x00007fb57ac80000)
  to   space 69888K,   0% used [0x00007fb57ac80000, 0x00007fb57ac80000, 0x00007fb57f0c0000)
 tenured generation   total 1922436K, used 1587610K [0x00007fbaa9b50000, 0x00007fbb1f0b1000, 0x00007fc554600000)
   the space 1922436K,  82% used [0x00007fbaa9b50000, 0x00007fbb0a9b6bc8, 0x00007fbb0a9b6c00, 0x00007fbb1f0b1000)
 Metaspace       used 23184K, capacity 23525K, committed 23552K, reserved 24576K
}
Event: 12.813 GC heap after
{Heap after GC invocations=7 (full 3):
 def new generation   total 797568K, used 0K [0x00007fb554600000, 0x00007fb58a760000, 0x00007fbaa9b50000)
  eden space 708992K,   0% used [0x00007fb554600000, 0x00007fb554600000, 0x00007fb57fa60000)
  from space 88576K,   0% used [0x00007fb57fa60000, 0x00007fb57fa60000, 0x00007fb5850e0000)
  to   space 88576K,   0% used [0x00007fb5850e0000, 0x00007fb5850e0000, 0x00007fb58a760000)
 tenured generation   total 1772208K, used 1063323K [0x00007fbaa9b50000, 0x00007fbb15dfc000, 0x00007fc554600000)
   the space 1772208K,  59% used [0x00007fbaa9b50000, 0x00007fbaea9b6de8, 0x00007fbaea9b6e00, 0x00007fbb15dfc000)
 Metaspace       used 23184K, capacity 23525K, committed 23552K, reserved 24576K
}
Event: 13.274 GC heap before
{Heap before GC invocations=7 (full 3):
 def new generation   total 797568K, used 538250K [0x00007fb554600000, 0x00007fb58a760000, 0x00007fbaa9b50000)
  eden space 708992K,  75% used [0x00007fb554600000, 0x00007fb5753a2990, 0x00007fb57fa60000)
  from space 88576K,   0% used [0x00007fb57fa60000, 0x00007fb57fa60000, 0x00007fb5850e0000)
  to   space 88576K,   0% used [0x00007fb5850e0000, 0x00007fb5850e0000, 0x00007fb58a760000)
 tenured generation   total 1772208K, used 1063323K [0x00007fbaa9b50000, 0x00007fbb15dfc000, 0x00007fc554600000)
   the space 1772208K,  59% used [0x00007fbaa9b50000, 0x00007fbaea9b6de8, 0x00007fbaea9b6e00, 0x00007fbb15dfc000)
 Metaspace       used 23184K, capacity 23525K, committed 23552K, reserved 24576K
}
Event: 13.523 GC heap after
{Heap after GC invocations=8 (full 3):
 def new generation   total 797568K, used 0K [0x00007fb554600000, 0x00007fb58a760000, 0x00007fbaa9b50000)
  eden space 708992K,   0% used [0x00007fb554600000, 0x00007fb554600000, 0x00007fb57fa60000)
  from space 88576K,   0% used [0x00007fb5850e0000, 0x00007fb5850e02a0, 0x00007fb58a760000)
  to   space 88576K,   0% used [0x00007fb57fa60000, 0x00007fb57fa60000, 0x00007fb5850e0000)
 tenured generation   total 1772208K, used 1587611K [0x00007fbaa9b50000, 0x00007fbb15dfc000, 0x00007fc554600000)
   the space 1772208K,  89% used [0x00007fbaa9b50000, 0x00007fbb0a9b6e18, 0x00007fbb0a9b7000, 0x00007fbb15dfc000)
 Metaspace       used 23184K, capacity 23525K, committed 23552K, reserved 24576K
}
Event: 14.341 GC heap before
{Heap before GC invocations=8 (full 3):
 def new generation   total 797568K, used 519404K [0x00007fb554600000, 0x00007fb58a760000, 0x00007fbaa9b50000)
  eden space 708992K,  73% used [0x00007fb554600000, 0x00007fb57413ae58, 0x00007fb57fa60000)
  from space 88576K,   0% used [0x00007fb5850e0000, 0x00007fb5850e02a0, 0x00007fb58a760000)
  to   space 88576K,   0% used [0x00007fb57fa60000, 0x00007fb57fa60000, 0x00007fb5850e0000)
 tenured generation   total 1772208K, used 1587611K [0x00007fbaa9b50000, 0x00007fbb15dfc000, 0x00007fc554600000)
   the space 1772208K,  89% used [0x00007fbaa9b50000, 0x00007fbb0a9b6e18, 0x00007fbb0a9b7000, 0x00007fbb15dfc000)
 Metaspace       used 23186K, capacity 23526K, committed 23552K, reserved 24576K
}
Event: 14.730 GC heap after
{Heap after GC invocations=9 (full 3):
 def new generation   total 797568K, used 37731K [0x00007fb554600000, 0x00007fb58a760000, 0x00007fbaa9b50000)
  eden space 708992K,   0% used [0x00007fb554600000, 0x00007fb554600000, 0x00007fb57fa60000)
  from space 88576K,  42% used [0x00007fb57fa60000, 0x00007fb581f38d68, 0x00007fb5850e0000)
  to   space 88576K,   0% used [0x00007fb5850e0000, 0x00007fb5850e0000, 0x00007fb58a760000)
 tenured generation   total 1772208K, used 1653147K [0x00007fbaa9b50000, 0x00007fbb15dfc000, 0x00007fc554600000)
   the space 1772208K,  93% used [0x00007fbaa9b50000, 0x00007fbb0e9b6e30, 0x00007fbb0e9b7000, 0x00007fbb15dfc000)
 Metaspace       used 23186K, capacity 23526K, committed 23552K, reserved 24576K
}
Event: 14.730 GC heap before
{Heap before GC invocations=9 (full 3):
 def new generation   total 797568K, used 37731K [0x00007fb554600000, 0x00007fb58a760000, 0x00007fbaa9b50000)
  eden space 708992K,   0% used [0x00007fb554600000, 0x00007fb554600000, 0x00007fb57fa60000)
  from space 88576K,  42% used [0x00007fb57fa60000, 0x00007fb581f38d68, 0x00007fb5850e0000)
  to   space 88576K,   0% used [0x00007fb5850e0000, 0x00007fb5850e0000, 0x00007fb58a760000)
 tenured generation   total 1772208K, used 1653147K [0x00007fbaa9b50000, 0x00007fbb15dfc000, 0x00007fc554600000)
   the space 1772208K,  93% used [0x00007fbaa9b50000, 0x00007fbb0e9b6e30, 0x00007fbb0e9b7000, 0x00007fbb15dfc000)
 Metaspace       used 23186K, capacity 23526K, committed 23552K, reserved 24576K
}
Event: 14.801 GC heap after
{Heap after GC invocations=9 (full 4):
 def new generation   total 797568K, used 0K [0x00007fb554600000, 0x00007fb58a760000, 0x00007fbaa9b50000)
  eden space 708992K,   0% used [0x00007fb554600000, 0x00007fb554600000, 0x00007fb57fa60000)
  from space 88576K,   0% used [0x00007fb57fa60000, 0x00007fb57fa60000, 0x00007fb5850e0000)
  to   space 88576K,   0% used [0x00007fb5850e0000, 0x00007fb5850e0000, 0x00007fb58a760000)
 tenured generation   total 1772208K, used 42723K [0x00007fbaa9b50000, 0x00007fbb15dfc000, 0x00007fc554600000)
   the space 1772208K,   2% used [0x00007fbaa9b50000, 0x00007fbaac508c30, 0x00007fbaac508e00, 0x00007fbb15dfc000)
 Metaspace       used 23186K, capacity 23526K, committed 23552K, reserved 24576K
}
Event: 15.613 GC heap before
{Heap before GC invocations=9 (full 4):
 def new generation   total 797568K, used 13870K [0x00007fb554600000, 0x00007fb58a760000, 0x00007fbaa9b50000)
  eden space 708992K,   1% used [0x00007fb554600000, 0x00007fb55538b930, 0x00007fb57fa60000)
  from space 88576K,   0% used [0x00007fb57fa60000, 0x00007fb57fa60000, 0x00007fb5850e0000)
  to   space 88576K,   0% used [0x00007fb5850e0000, 0x00007fb5850e0000, 0x00007fb58a760000)
 tenured generation   total 1772208K, used 1091299K [0x00007fbaa9b50000, 0x00007fbb15dfc000, 0x00007fc554600000)
   the space 1772208K,  61% used [0x00007fbaa9b50000, 0x00007fbaec508c48, 0x00007fbaec508e00, 0x00007fbb15dfc000)
 Metaspace       used 23186K, capacity 23526K, committed 23552K, reserved 24576K
}
Event: 15.619 GC heap after
{Heap after GC invocations=10 (full 4):
 def new generation   total 797568K, used 0K [0x00007fb554600000, 0x00007fb58a760000, 0x00007fbaa9b50000)
  eden space 708992K,   0% used [0x00007fb554600000, 0x00007fb554600000, 0x00007fb57fa60000)
  from space 88576K,   0% used [0x00007fb5850e0000, 0x00007fb5850e0338, 0x00007fb58a760000)
  to   space 88576K,   0% used [0x00007fb57fa60000, 0x00007fb57fa60000, 0x00007fb5850e0000)
 tenured generation   total 1772208K, used 1091299K [0x00007fbaa9b50000, 0x00007fbb15dfc000, 0x00007fc554600000)
   the space 1772208K,  61% used [0x00007fbaa9b50000, 0x00007fbaec508c48, 0x00007fbaec508e00, 0x00007fbb15dfc000)
 Metaspace       used 23186K, capacity 23526K, committed 23552K, reserved 24576K
}
Event: 15.619 GC heap before
{Heap before GC invocations=10 (full 4):
 def new generation   total 797568K, used 0K [0x00007fb554600000, 0x00007fb58a760000, 0x00007fbaa9b50000)
  eden space 708992K,   0% used [0x00007fb554600000, 0x00007fb554600000, 0x00007fb57fa60000)
  from space 88576K,   0% used [0x00007fb5850e0000, 0x00007fb5850e0338, 0x00007fb58a760000)
  to   space 88576K,   0% used [0x00007fb57fa60000, 0x00007fb57fa60000, 0x00007fb5850e0000)
 tenured generation   total 1772208K, used 1091299K [0x00007fbaa9b50000, 0x00007fbb15dfc000, 0x00007fc554600000)
   the space 1772208K,  61% used [0x00007fbaa9b50000, 0x00007fbaec508c48, 0x00007fbaec508e00, 0x00007fbb15dfc000)
 Metaspace       used 23186K, capacity 23526K, committed 23552K, reserved 24576K
}
Event: 15.653 GC heap after
{Heap after GC invocations=10 (full 5):
 def new generation   total 818496K, used 0K [0x00007fb554600000, 0x00007fb58be20000, 0x00007fbaa9b50000)
  eden space 727552K,   0% used [0x00007fb554600000, 0x00007fb554600000, 0x00007fb580c80000)
  from space 90944K,   0% used [0x00007fb580c80000, 0x00007fb580c80000, 0x00007fb586550000)
  to   space 90944K,   0% used [0x00007fb586550000, 0x00007fb586550000, 0x00007fb58be20000)
 tenured generation   total 1818836K, used 1091299K [0x00007fbaa9b50000, 0x00007fbb18b85000, 0x00007fc554600000)
   the space 1818836K,  59% used [0x00007fbaa9b50000, 0x00007fbaec508f80, 0x00007fbaec509000, 0x00007fbb18b85000)
 Metaspace       used 23186K, capacity 23526K, committed 23552K, reserved 24576K
}

