# JRE version: OpenJDK Runtime Environment (13.0.7+5) (build 13.0.7+5-Ubuntu-0ubuntu120.04)
# Java VM: OpenJDK 64-Bit Server VM (13.0.7+5-Ubuntu-0ubuntu120.04, mixed mode, tiered, serial gc, linux-amd64)
Heap:
 def new generation   total 4573056K, used 0K [0x00007ee880600000, 0x00007ee9b6810000, 0x00007ef32b0a0000)
  eden space 4064960K,   0% used [0x00007ee880600000, 0x00007ee880600000, 0x00007ee9787b0000)
  from space 508096K,   0% used [0x00007ee9787b0000, 0x00007ee9787b0000, 0x00007ee9977e0000)
  to   space 508096K,   0% used [0x00007ee9977e0000, 0x00007ee9977e0000, 0x00007ee9b6810000)
 tenured generation   total 10178620K, used 10143351K [0x00007ef32b0a0000, 0x00007ef5984af000, 0x00007f0880600000)
   the space 10178620K,  99% used [0x00007ef32b0a0000, 0x00007ef59623ddd0, 0x00007ef59623de00, 0x00007ef5984af000)
 Metaspace       used 24240K, capacity 24650K, committed 24832K, reserved 26624K
GC Heap History (20 events):
Event: 2647.004 GC heap after
{Heap after GC invocations=1700 (full 7):
 def new generation   total 4573056K, used 229213K [0x00007ee880600000, 0x00007ee9b6810000, 0x00007ef32b0a0000)
  eden space 4064960K,   0% used [0x00007ee880600000, 0x00007ee880600000, 0x00007ee9787b0000)
  from space 508096K,  45% used [0x00007ee9977e0000, 0x00007ee9a57b76b8, 0x00007ee9b6810000)
  to   space 508096K,   0% used [0x00007ee9787b0000, 0x00007ee9787b0000, 0x00007ee9977e0000)
 tenured generation   total 10162232K, used 10049747K [0x00007ef32b0a0000, 0x00007ef5974ae000, 0x00007f0880600000)
   the space 10162232K,  98% used [0x00007ef32b0a0000, 0x00007ef5906d4ef0, 0x00007ef5906d5000, 0x00007ef5974ae000)
 Metaspace       used 24240K, capacity 24650K, committed 24832K, reserved 26624K
}
Event: 2650.776 GC heap before
{Heap before GC invocations=1700 (full 7):
 def new generation   total 4573056K, used 4294173K [0x00007ee880600000, 0x00007ee9b6810000, 0x00007ef32b0a0000)
  eden space 4064960K, 100% used [0x00007ee880600000, 0x00007ee9787b0000, 0x00007ee9787b0000)
  from space 508096K,  45% used [0x00007ee9977e0000, 0x00007ee9a57b76b8, 0x00007ee9b6810000)
  to   space 508096K,   0% used [0x00007ee9787b0000, 0x00007ee9787b0000, 0x00007ee9977e0000)
 tenured generation   total 10162232K, used 10049747K [0x00007ef32b0a0000, 0x00007ef5974ae000, 0x00007f0880600000)
   the space 10162232K,  98% used [0x00007ef32b0a0000, 0x00007ef5906d4ef0, 0x00007ef5906d5000, 0x00007ef5974ae000)
 Metaspace       used 24240K, capacity 24650K, committed 24832K, reserved 26624K
}
Event: 2650.940 GC heap after
{Heap after GC invocations=1701 (full 7):
 def new generation   total 4573056K, used 223559K [0x00007ee880600000, 0x00007ee9b6810000, 0x00007ef32b0a0000)
  eden space 4064960K,   0% used [0x00007ee880600000, 0x00007ee880600000, 0x00007ee9787b0000)
  from space 508096K,  43% used [0x00007ee9787b0000, 0x00007ee986201ce8, 0x00007ee9977e0000)
  to   space 508096K,   0% used [0x00007ee9977e0000, 0x00007ee9977e0000, 0x00007ee9b6810000)
 tenured generation   total 10162232K, used 10066706K [0x00007ef32b0a0000, 0x00007ef5974ae000, 0x00007f0880600000)
   the space 10162232K,  99% used [0x00007ef32b0a0000, 0x00007ef591764af8, 0x00007ef591764c00, 0x00007ef5974ae000)
 Metaspace       used 24240K, capacity 24650K, committed 24832K, reserved 26624K
}
Event: 2654.894 GC heap before
{Heap before GC invocations=1701 (full 7):
 def new generation   total 4573056K, used 4288519K [0x00007ee880600000, 0x00007ee9b6810000, 0x00007ef32b0a0000)
  eden space 4064960K, 100% used [0x00007ee880600000, 0x00007ee9787b0000, 0x00007ee9787b0000)
  from space 508096K,  43% used [0x00007ee9787b0000, 0x00007ee986201ce8, 0x00007ee9977e0000)
  to   space 508096K,   0% used [0x00007ee9977e0000, 0x00007ee9977e0000, 0x00007ee9b6810000)
 tenured generation   total 10162232K, used 10066706K [0x00007ef32b0a0000, 0x00007ef5974ae000, 0x00007f0880600000)
   the space 10162232K,  99% used [0x00007ef32b0a0000, 0x00007ef591764af8, 0x00007ef591764c00, 0x00007ef5974ae000)
 Metaspace       used 24240K, capacity 24650K, committed 24832K, reserved 26624K
}
Event: 2655.053 GC heap after
{Heap after GC invocations=1702 (full 7):
 def new generation   total 4573056K, used 220460K [0x00007ee880600000, 0x00007ee9b6810000, 0x00007ef32b0a0000)
  eden space 4064960K,   0% used [0x00007ee880600000, 0x00007ee880600000, 0x00007ee9787b0000)
  from space 508096K,  43% used [0x00007ee9977e0000, 0x00007ee9a4f2b340, 0x00007ee9b6810000)
  to   space 508096K,   0% used [0x00007ee9787b0000, 0x00007ee9787b0000, 0x00007ee9977e0000)
 tenured generation   total 10162232K, used 10083666K [0x00007ef32b0a0000, 0x00007ef5974ae000, 0x00007f0880600000)
   the space 10162232K,  99% used [0x00007ef32b0a0000, 0x00007ef5927f4a80, 0x00007ef5927f4c00, 0x00007ef5974ae000)
 Metaspace       used 24240K, capacity 24650K, committed 24832K, reserved 26624K
}
Event: 2659.045 GC heap before
{Heap before GC invocations=1702 (full 7):
 def new generation   total 4573056K, used 4285420K [0x00007ee880600000, 0x00007ee9b6810000, 0x00007ef32b0a0000)
  eden space 4064960K, 100% used [0x00007ee880600000, 0x00007ee9787b0000, 0x00007ee9787b0000)
  from space 508096K,  43% used [0x00007ee9977e0000, 0x00007ee9a4f2b340, 0x00007ee9b6810000)
  to   space 508096K,   0% used [0x00007ee9787b0000, 0x00007ee9787b0000, 0x00007ee9977e0000)
 tenured generation   total 10162232K, used 10083666K [0x00007ef32b0a0000, 0x00007ef5974ae000, 0x00007f0880600000)
   the space 10162232K,  99% used [0x00007ef32b0a0000, 0x00007ef5927f4a80, 0x00007ef5927f4c00, 0x00007ef5974ae000)
 Metaspace       used 24240K, capacity 24650K, committed 24832K, reserved 26624K
}
Event: 2659.197 GC heap after
{Heap after GC invocations=1703 (full 7):
 def new generation   total 4573056K, used 237921K [0x00007ee880600000, 0x00007ee9b6810000, 0x00007ef32b0a0000)
  eden space 4064960K,   0% used [0x00007ee880600000, 0x00007ee880600000, 0x00007ee9787b0000)
  from space 508096K,  46% used [0x00007ee9787b0000, 0x00007ee987008478, 0x00007ee9977e0000)
  to   space 508096K,   0% used [0x00007ee9977e0000, 0x00007ee9977e0000, 0x00007ee9b6810000)
 tenured generation   total 10162232K, used 10083666K [0x00007ef32b0a0000, 0x00007ef5974ae000, 0x00007f0880600000)
   the space 10162232K,  99% used [0x00007ef32b0a0000, 0x00007ef5927f4a80, 0x00007ef5927f4c00, 0x00007ef5974ae000)
 Metaspace       used 24240K, capacity 24650K, committed 24832K, reserved 26624K
}
Event: 2663.106 GC heap before
{Heap before GC invocations=1703 (full 7):
 def new generation   total 4573056K, used 4302881K [0x00007ee880600000, 0x00007ee9b6810000, 0x00007ef32b0a0000)
  eden space 4064960K, 100% used [0x00007ee880600000, 0x00007ee9787b0000, 0x00007ee9787b0000)
  from space 508096K,  46% used [0x00007ee9787b0000, 0x00007ee987008478, 0x00007ee9977e0000)
  to   space 508096K,   0% used [0x00007ee9977e0000, 0x00007ee9977e0000, 0x00007ee9b6810000)
 tenured generation   total 10162232K, used 10083666K [0x00007ef32b0a0000, 0x00007ef5974ae000, 0x00007f0880600000)
   the space 10162232K,  99% used [0x00007ef32b0a0000, 0x00007ef5927f4a80, 0x00007ef5927f4c00, 0x00007ef5974ae000)
 Metaspace       used 24240K, capacity 24650K, committed 24832K, reserved 26624K
}
Event: 2663.281 GC heap after
{Heap after GC invocations=1704 (full 7):
 def new generation   total 4573056K, used 250264K [0x00007ee880600000, 0x00007ee9b6810000, 0x00007ef32b0a0000)
  eden space 4064960K,   0% used [0x00007ee880600000, 0x00007ee880600000, 0x00007ee9787b0000)
  from space 508096K,  49% used [0x00007ee9977e0000, 0x00007ee9a6c461a0, 0x00007ee9b6810000)
  to   space 508096K,   0% used [0x00007ee9787b0000, 0x00007ee9787b0000, 0x00007ee9977e0000)
 tenured generation   total 10162232K, used 10100625K [0x00007ef32b0a0000, 0x00007ef5974ae000, 0x00007f0880600000)
   the space 10162232K,  99% used [0x00007ef32b0a0000, 0x00007ef593884688, 0x00007ef593884800, 0x00007ef5974ae000)
 Metaspace       used 24240K, capacity 24650K, committed 24832K, reserved 26624K
}
Event: 2667.108 GC heap before
{Heap before GC invocations=1704 (full 7):
 def new generation   total 4573056K, used 4314434K [0x00007ee880600000, 0x00007ee9b6810000, 0x00007ef32b0a0000)
  eden space 4064960K,  99% used [0x00007ee880600000, 0x00007ee9786ea758, 0x00007ee9787b0000)
  from space 508096K,  49% used [0x00007ee9977e0000, 0x00007ee9a6c461a0, 0x00007ee9b6810000)
  to   space 508096K,   0% used [0x00007ee9787b0000, 0x00007ee9787b0000, 0x00007ee9977e0000)
 tenured generation   total 10162232K, used 10100625K [0x00007ef32b0a0000, 0x00007ef5974ae000, 0x00007f0880600000)
   the space 10162232K,  99% used [0x00007ef32b0a0000, 0x00007ef593884688, 0x00007ef593884800, 0x00007ef5974ae000)
 Metaspace       used 24240K, capacity 24650K, committed 24832K, reserved 26624K
}
Event: 2667.277 GC heap after
{Heap after GC invocations=1705 (full 7):
 def new generation   total 4573056K, used 244102K [0x00007ee880600000, 0x00007ee9b6810000, 0x00007ef32b0a0000)
  eden space 4064960K,   0% used [0x00007ee880600000, 0x00007ee880600000, 0x00007ee9787b0000)
  from space 508096K,  48% used [0x00007ee9787b0000, 0x00007ee987611ae0, 0x00007ee9977e0000)
  to   space 508096K,   0% used [0x00007ee9977e0000, 0x00007ee9977e0000, 0x00007ee9b6810000)
 tenured generation   total 10162232K, used 10117584K [0x00007ef32b0a0000, 0x00007ef5974ae000, 0x00007f0880600000)
   the space 10162232K,  99% used [0x00007ef32b0a0000, 0x00007ef594914290, 0x00007ef594914400, 0x00007ef5974ae000)
 Metaspace       used 24240K, capacity 24650K, committed 24832K, reserved 26624K
}
Event: 2671.264 GC heap before
{Heap before GC invocations=1705 (full 7):
 def new generation   total 4573056K, used 4309062K [0x00007ee880600000, 0x00007ee9b6810000, 0x00007ef32b0a0000)
  eden space 4064960K, 100% used [0x00007ee880600000, 0x00007ee9787b0000, 0x00007ee9787b0000)
  from space 508096K,  48% used [0x00007ee9787b0000, 0x00007ee987611ae0, 0x00007ee9977e0000)
  to   space 508096K,   0% used [0x00007ee9977e0000, 0x00007ee9977e0000, 0x00007ee9b6810000)
 tenured generation   total 10162232K, used 10117584K [0x00007ef32b0a0000, 0x00007ef5974ae000, 0x00007f0880600000)
   the space 10162232K,  99% used [0x00007ef32b0a0000, 0x00007ef594914290, 0x00007ef594914400, 0x00007ef5974ae000)
 Metaspace       used 24240K, capacity 24650K, committed 24832K, reserved 26624K
}
Event: 2671.409 GC heap after
{Heap after GC invocations=1706 (full 7):
 def new generation   total 4573056K, used 222529K [0x00007ee880600000, 0x00007ee9b6810000, 0x00007ef32b0a0000)
  eden space 4064960K,   0% used [0x00007ee880600000, 0x00007ee880600000, 0x00007ee9787b0000)
  from space 508096K,  43% used [0x00007ee9977e0000, 0x00007ee9a5130410, 0x00007ee9b6810000)
  to   space 508096K,   0% used [0x00007ee9787b0000, 0x00007ee9787b0000, 0x00007ee9977e0000)
 tenured generation   total 10162232K, used 10134543K [0x00007ef32b0a0000, 0x00007ef5974ae000, 0x00007f0880600000)
   the space 10162232K,  99% used [0x00007ef32b0a0000, 0x00007ef5959a3e98, 0x00007ef5959a4000, 0x00007ef5974ae000)
 Metaspace       used 24240K, capacity 24650K, committed 24832K, reserved 26624K
}
Event: 2675.659 GC heap before
{Heap before GC invocations=1706 (full 7):
 def new generation   total 4573056K, used 4287489K [0x00007ee880600000, 0x00007ee9b6810000, 0x00007ef32b0a0000)
  eden space 4064960K, 100% used [0x00007ee880600000, 0x00007ee9787b0000, 0x00007ee9787b0000)
  from space 508096K,  43% used [0x00007ee9977e0000, 0x00007ee9a5130410, 0x00007ee9b6810000)
  to   space 508096K,   0% used [0x00007ee9787b0000, 0x00007ee9787b0000, 0x00007ee9977e0000)
 tenured generation   total 10162232K, used 10134543K [0x00007ef32b0a0000, 0x00007ef5974ae000, 0x00007f0880600000)
   the space 10162232K,  99% used [0x00007ef32b0a0000, 0x00007ef5959a3e98, 0x00007ef5959a4000, 0x00007ef5974ae000)
 Metaspace       used 24240K, capacity 24650K, committed 24832K, reserved 26624K
}
Event: 2675.823 GC heap after
{Heap after GC invocations=1707 (full 7):
 def new generation   total 4573056K, used 220452K [0x00007ee880600000, 0x00007ee9b6810000, 0x00007ef32b0a0000)
  eden space 4064960K,   0% used [0x00007ee880600000, 0x00007ee880600000, 0x00007ee9787b0000)
  from space 508096K,  43% used [0x00007ee9787b0000, 0x00007ee985ef9150, 0x00007ee9977e0000)
  to   space 508096K,   0% used [0x00007ee9977e0000, 0x00007ee9977e0000, 0x00007ee9b6810000)
 tenured generation   total 10162232K, used 10151502K [0x00007ef32b0a0000, 0x00007ef5974ae000, 0x00007f0880600000)
   the space 10162232K,  99% used [0x00007ef32b0a0000, 0x00007ef596a33aa0, 0x00007ef596a33c00, 0x00007ef5974ae000)
 Metaspace       used 24240K, capacity 24650K, committed 24832K, reserved 26624K
}
Event: 2680.028 GC heap before
{Heap before GC invocations=1707 (full 7):
 def new generation   total 4573056K, used 4285412K [0x00007ee880600000, 0x00007ee9b6810000, 0x00007ef32b0a0000)
  eden space 4064960K, 100% used [0x00007ee880600000, 0x00007ee9787b0000, 0x00007ee9787b0000)
  from space 508096K,  43% used [0x00007ee9787b0000, 0x00007ee985ef9150, 0x00007ee9977e0000)
  to   space 508096K,   0% used [0x00007ee9977e0000, 0x00007ee9977e0000, 0x00007ee9b6810000)
 tenured generation   total 10162232K, used 10151502K [0x00007ef32b0a0000, 0x00007ef5974ae000, 0x00007f0880600000)
   the space 10162232K,  99% used [0x00007ef32b0a0000, 0x00007ef596a33aa0, 0x00007ef596a33c00, 0x00007ef5974ae000)
 Metaspace       used 24240K, capacity 24650K, committed 24832K, reserved 26624K
}
Event: 2680.155 GC heap after
{Heap after GC invocations=1708 (full 7):
 def new generation   total 4573056K, used 236384K [0x00007ee880600000, 0x00007ee9b6810000, 0x00007ef32b0a0000)
  eden space 4064960K,   0% used [0x00007ee880600000, 0x00007ee880600000, 0x00007ee9787b0000)
  from space 508096K,  46% used [0x00007ee9977e0000, 0x00007ee9a5eb8090, 0x00007ee9b6810000)
  to   space 508096K,   0% used [0x00007ee9787b0000, 0x00007ee9787b0000, 0x00007ee9977e0000)
 tenured generation   total 10162232K, used 10151502K [0x00007ef32b0a0000, 0x00007ef5974ae000, 0x00007f0880600000)
   the space 10162232K,  99% used [0x00007ef32b0a0000, 0x00007ef596a33aa0, 0x00007ef596a33c00, 0x00007ef5974ae000)
 Metaspace       used 24240K, capacity 24650K, committed 24832K, reserved 26624K
}
Event: 2683.952 GC heap before
{Heap before GC invocations=1708 (full 7):
 def new generation   total 4573056K, used 4301344K [0x00007ee880600000, 0x00007ee9b6810000, 0x00007ef32b0a0000)
  eden space 4064960K, 100% used [0x00007ee880600000, 0x00007ee9787b0000, 0x00007ee9787b0000)
  from space 508096K,  46% used [0x00007ee9977e0000, 0x00007ee9a5eb8090, 0x00007ee9b6810000)
  to   space 508096K,   0% used [0x00007ee9787b0000, 0x00007ee9787b0000, 0x00007ee9977e0000)
 tenured generation   total 10162232K, used 10151502K [0x00007ef32b0a0000, 0x00007ef5974ae000, 0x00007f0880600000)
   the space 10162232K,  99% used [0x00007ef32b0a0000, 0x00007ef596a33aa0, 0x00007ef596a33c00, 0x00007ef5974ae000)
 Metaspace       used 24240K, capacity 24650K, committed 24832K, reserved 26624K
}
Event: 2684.208 GC heap after
{Heap after GC invocations=1709 (full 7):
 def new generation   total 4573056K, used 230758K [0x00007ee880600000, 0x00007ee9b6810000, 0x00007ef32b0a0000)
  eden space 4064960K,   0% used [0x00007ee880600000, 0x00007ee880600000, 0x00007ee9787b0000)
  from space 508096K,  45% used [0x00007ee9787b0000, 0x00007ee986909908, 0x00007ee9977e0000)
  to   space 508096K,   0% used [0x00007ee9977e0000, 0x00007ee9977e0000, 0x00007ee9b6810000)
 tenured generation   total 10178620K, used 10168461K [0x00007ef32b0a0000, 0x00007ef5984af000, 0x00007f0880600000)
   the space 10178620K,  99% used [0x00007ef32b0a0000, 0x00007ef597ac36a8, 0x00007ef597ac3800, 0x00007ef5984af000)
 Metaspace       used 24240K, capacity 24650K, committed 24832K, reserved 26624K
}
Event: 2684.208 GC heap before
{Heap before GC invocations=1709 (full 7):
 def new generation   total 4573056K, used 230758K [0x00007ee880600000, 0x00007ee9b6810000, 0x00007ef32b0a0000)
  eden space 4064960K,   0% used [0x00007ee880600000, 0x00007ee880600000, 0x00007ee9787b0000)
  from space 508096K,  45% used [0x00007ee9787b0000, 0x00007ee986909908, 0x00007ee9977e0000)
  to   space 508096K,   0% used [0x00007ee9977e0000, 0x00007ee9977e0000, 0x00007ee9b6810000)
 tenured generation   total 10178620K, used 10168461K [0x00007ef32b0a0000, 0x00007ef5984af000, 0x00007f0880600000)
   the space 10178620K,  99% used [0x00007ef32b0a0000, 0x00007ef597ac36a8, 0x00007ef597ac3800, 0x00007ef5984af000)
 Metaspace       used 24240K, capacity 24650K, committed 24832K, reserved 26624K
}

