# JRE version: OpenJDK Runtime Environment (13.0.7+5) (build 13.0.7+5-Ubuntu-0ubuntu120.04)
# Java VM: OpenJDK 64-Bit Server VM (13.0.7+5-Ubuntu-0ubuntu120.04, mixed mode, tiered, serial gc, linux-amd64)
Heap:
 def new generation   total 8367296K, used 0K [0x00007f81d0600000, 0x00007f8407d10000, 0x00007f8725b50000)
  eden space 7437632K,   0% used [0x00007f81d0600000, 0x00007f81d0600000, 0x00007f8396550000)
  from space 929664K,   0% used [0x00007f83cf130000, 0x00007f83cf130000, 0x00007f8407d10000)
  to   space 929664K,   0% used [0x00007f8396550000, 0x00007f8396550000, 0x00007f83cf130000)
 tenured generation   total 18690244K, used 17761136K [0x00007f8725b50000, 0x00007f8b9a781000, 0x00007f91d0600000)
   the space 18690244K,  95% used [0x00007f8725b50000, 0x00007f8b61c2c2e8, 0x00007f8b61c2c400, 0x00007f8b9a781000)
 Metaspace       used 30422K, capacity 30821K, committed 31232K, reserved 32768K
GC Heap History (20 events):
Event: 892.636 GC heap after
{Heap after GC invocations=74 (full 11):
 def new generation   total 8367296K, used 565588K [0x00007f81d0600000, 0x00007f8407d10000, 0x00007f8725b50000)
  eden space 7437632K,   0% used [0x00007f81d0600000, 0x00007f81d0600000, 0x00007f8396550000)
  from space 929664K,  60% used [0x00007f8396550000, 0x00007f83b8da5340, 0x00007f83cf130000)
  to   space 929664K,   0% used [0x00007f83cf130000, 0x00007f83cf130000, 0x00007f8407d10000)
 tenured generation   total 18593860K, used 12913739K [0x00007f8725b50000, 0x00007f8b94961000, 0x00007f91d0600000)
   the space 18593860K,  69% used [0x00007f8725b50000, 0x00007f8a39e62dd8, 0x00007f8a39e62e00, 0x00007f8b94961000)
 Metaspace       used 30422K, capacity 30821K, committed 31232K, reserved 32768K
}
Event: 895.115 GC heap before
{Heap before GC invocations=74 (full 11):
 def new generation   total 8367296K, used 8003220K [0x00007f81d0600000, 0x00007f8407d10000, 0x00007f8725b50000)
  eden space 7437632K, 100% used [0x00007f81d0600000, 0x00007f8396550000, 0x00007f8396550000)
  from space 929664K,  60% used [0x00007f8396550000, 0x00007f83b8da5340, 0x00007f83cf130000)
  to   space 929664K,   0% used [0x00007f83cf130000, 0x00007f83cf130000, 0x00007f8407d10000)
 tenured generation   total 18593860K, used 12913739K [0x00007f8725b50000, 0x00007f8b94961000, 0x00007f91d0600000)
   the space 18593860K,  69% used [0x00007f8725b50000, 0x00007f8a39e62dd8, 0x00007f8a39e62e00, 0x00007f8b94961000)
 Metaspace       used 30422K, capacity 30821K, committed 31232K, reserved 32768K
}
Event: 896.618 GC heap after
{Heap after GC invocations=75 (full 11):
 def new generation   total 8367296K, used 566456K [0x00007f81d0600000, 0x00007f8407d10000, 0x00007f8725b50000)
  eden space 7437632K,   0% used [0x00007f81d0600000, 0x00007f81d0600000, 0x00007f8396550000)
  from space 929664K,  60% used [0x00007f83cf130000, 0x00007f83f1a5e2c0, 0x00007f8407d10000)
  to   space 929664K,   0% used [0x00007f8396550000, 0x00007f8396550000, 0x00007f83cf130000)
 tenured generation   total 18593860K, used 13479327K [0x00007f8725b50000, 0x00007f8b94961000, 0x00007f91d0600000)
   the space 18593860K,  72% used [0x00007f8725b50000, 0x00007f8a5c6b7e68, 0x00007f8a5c6b8000, 0x00007f8b94961000)
 Metaspace       used 30422K, capacity 30821K, committed 31232K, reserved 32768K
}
Event: 898.798 GC heap before
{Heap before GC invocations=75 (full 11):
 def new generation   total 8367296K, used 8004088K [0x00007f81d0600000, 0x00007f8407d10000, 0x00007f8725b50000)
  eden space 7437632K, 100% used [0x00007f81d0600000, 0x00007f8396550000, 0x00007f8396550000)
  from space 929664K,  60% used [0x00007f83cf130000, 0x00007f83f1a5e2c0, 0x00007f8407d10000)
  to   space 929664K,   0% used [0x00007f8396550000, 0x00007f8396550000, 0x00007f83cf130000)
 tenured generation   total 18593860K, used 13479327K [0x00007f8725b50000, 0x00007f8b94961000, 0x00007f91d0600000)
   the space 18593860K,  72% used [0x00007f8725b50000, 0x00007f8a5c6b7e68, 0x00007f8a5c6b8000, 0x00007f8b94961000)
 Metaspace       used 30422K, capacity 30821K, committed 31232K, reserved 32768K
}
Event: 900.263 GC heap after
{Heap after GC invocations=76 (full 11):
 def new generation   total 8367296K, used 567946K [0x00007f81d0600000, 0x00007f8407d10000, 0x00007f8725b50000)
  eden space 7437632K,   0% used [0x00007f81d0600000, 0x00007f81d0600000, 0x00007f8396550000)
  from space 929664K,  61% used [0x00007f8396550000, 0x00007f83b8ff28f0, 0x00007f83cf130000)
  to   space 929664K,   0% used [0x00007f83cf130000, 0x00007f83cf130000, 0x00007f8407d10000)
 tenured generation   total 18593860K, used 14045783K [0x00007f8725b50000, 0x00007f8b94961000, 0x00007f91d0600000)
   the space 18593860K,  75% used [0x00007f8725b50000, 0x00007f8a7efe5d48, 0x00007f8a7efe5e00, 0x00007f8b94961000)
 Metaspace       used 30422K, capacity 30821K, committed 31232K, reserved 32768K
}
Event: 902.344 GC heap before
{Heap before GC invocations=76 (full 11):
 def new generation   total 8367296K, used 8005578K [0x00007f81d0600000, 0x00007f8407d10000, 0x00007f8725b50000)
  eden space 7437632K, 100% used [0x00007f81d0600000, 0x00007f8396550000, 0x00007f8396550000)
  from space 929664K,  61% used [0x00007f8396550000, 0x00007f83b8ff28f0, 0x00007f83cf130000)
  to   space 929664K,   0% used [0x00007f83cf130000, 0x00007f83cf130000, 0x00007f8407d10000)
 tenured generation   total 18593860K, used 14045783K [0x00007f8725b50000, 0x00007f8b94961000, 0x00007f91d0600000)
   the space 18593860K,  75% used [0x00007f8725b50000, 0x00007f8a7efe5d48, 0x00007f8a7efe5e00, 0x00007f8b94961000)
 Metaspace       used 30422K, capacity 30821K, committed 31232K, reserved 32768K
}
Event: 903.747 GC heap after
{Heap after GC invocations=77 (full 11):
 def new generation   total 8367296K, used 565068K [0x00007f81d0600000, 0x00007f8407d10000, 0x00007f8725b50000)
  eden space 7437632K,   0% used [0x00007f81d0600000, 0x00007f81d0600000, 0x00007f8396550000)
  from space 929664K,  60% used [0x00007f83cf130000, 0x00007f83f1903110, 0x00007f8407d10000)
  to   space 929664K,   0% used [0x00007f8396550000, 0x00007f8396550000, 0x00007f83cf130000)
 tenured generation   total 18593860K, used 14613728K [0x00007f8725b50000, 0x00007f8b94961000, 0x00007f91d0600000)
   the space 18593860K,  78% used [0x00007f8725b50000, 0x00007f8aa1a88298, 0x00007f8aa1a88400, 0x00007f8b94961000)
 Metaspace       used 30422K, capacity 30821K, committed 31232K, reserved 32768K
}
Event: 905.635 GC heap before
{Heap before GC invocations=77 (full 11):
 def new generation   total 8367296K, used 8002700K [0x00007f81d0600000, 0x00007f8407d10000, 0x00007f8725b50000)
  eden space 7437632K, 100% used [0x00007f81d0600000, 0x00007f8396550000, 0x00007f8396550000)
  from space 929664K,  60% used [0x00007f83cf130000, 0x00007f83f1903110, 0x00007f8407d10000)
  to   space 929664K,   0% used [0x00007f8396550000, 0x00007f8396550000, 0x00007f83cf130000)
 tenured generation   total 18593860K, used 14613728K [0x00007f8725b50000, 0x00007f8b94961000, 0x00007f91d0600000)
   the space 18593860K,  78% used [0x00007f8725b50000, 0x00007f8aa1a88298, 0x00007f8aa1a88400, 0x00007f8b94961000)
 Metaspace       used 30422K, capacity 30821K, committed 31232K, reserved 32768K
}
Event: 907.307 GC heap after
{Heap after GC invocations=78 (full 11):
 def new generation   total 8367296K, used 568421K [0x00007f81d0600000, 0x00007f8407d10000, 0x00007f8725b50000)
  eden space 7437632K,   0% used [0x00007f81d0600000, 0x00007f81d0600000, 0x00007f8396550000)
  from space 929664K,  61% used [0x00007f8396550000, 0x00007f83b9069560, 0x00007f83cf130000)
  to   space 929664K,   0% used [0x00007f83cf130000, 0x00007f83cf130000, 0x00007f8407d10000)
 tenured generation   total 18593860K, used 15178796K [0x00007f8725b50000, 0x00007f8b94961000, 0x00007f91d0600000)
   the space 18593860K,  81% used [0x00007f8725b50000, 0x00007f8ac425b018, 0x00007f8ac425b200, 0x00007f8b94961000)
 Metaspace       used 30422K, capacity 30821K, committed 31232K, reserved 32768K
}
Event: 909.543 GC heap before
{Heap before GC invocations=78 (full 11):
 def new generation   total 8367296K, used 8006053K [0x00007f81d0600000, 0x00007f8407d10000, 0x00007f8725b50000)
  eden space 7437632K, 100% used [0x00007f81d0600000, 0x00007f8396550000, 0x00007f8396550000)
  from space 929664K,  61% used [0x00007f8396550000, 0x00007f83b9069560, 0x00007f83cf130000)
  to   space 929664K,   0% used [0x00007f83cf130000, 0x00007f83cf130000, 0x00007f8407d10000)
 tenured generation   total 18593860K, used 15178796K [0x00007f8725b50000, 0x00007f8b94961000, 0x00007f91d0600000)
   the space 18593860K,  81% used [0x00007f8725b50000, 0x00007f8ac425b018, 0x00007f8ac425b200, 0x00007f8b94961000)
 Metaspace       used 30422K, capacity 30821K, committed 31232K, reserved 32768K
}
Event: 911.282 GC heap after
{Heap after GC invocations=79 (full 11):
 def new generation   total 8367296K, used 725938K [0x00007f81d0600000, 0x00007f8407d10000, 0x00007f8725b50000)
  eden space 7437632K,   0% used [0x00007f81d0600000, 0x00007f81d0600000, 0x00007f8396550000)
  from space 929664K,  78% used [0x00007f83cf130000, 0x00007f83fb61ca80, 0x00007f8407d10000)
  to   space 929664K,   0% used [0x00007f8396550000, 0x00007f8396550000, 0x00007f83cf130000)
 tenured generation   total 18593860K, used 15747216K [0x00007f8725b50000, 0x00007f8b94961000, 0x00007f91d0600000)
   the space 18593860K,  84% used [0x00007f8725b50000, 0x00007f8ae6d74188, 0x00007f8ae6d74200, 0x00007f8b94961000)
 Metaspace       used 30422K, capacity 30821K, committed 31232K, reserved 32768K
}
Event: 913.477 GC heap before
{Heap before GC invocations=79 (full 11):
 def new generation   total 8367296K, used 8163570K [0x00007f81d0600000, 0x00007f8407d10000, 0x00007f8725b50000)
  eden space 7437632K, 100% used [0x00007f81d0600000, 0x00007f8396550000, 0x00007f8396550000)
  from space 929664K,  78% used [0x00007f83cf130000, 0x00007f83fb61ca80, 0x00007f8407d10000)
  to   space 929664K,   0% used [0x00007f8396550000, 0x00007f8396550000, 0x00007f83cf130000)
 tenured generation   total 18593860K, used 15747216K [0x00007f8725b50000, 0x00007f8b94961000, 0x00007f91d0600000)
   the space 18593860K,  84% used [0x00007f8725b50000, 0x00007f8ae6d74188, 0x00007f8ae6d74200, 0x00007f8b94961000)
 Metaspace       used 30422K, capacity 30821K, committed 31232K, reserved 32768K
}
Event: 915.337 GC heap after
{Heap after GC invocations=80 (full 11):
 def new generation   total 8367296K, used 766609K [0x00007f81d0600000, 0x00007f8407d10000, 0x00007f8725b50000)
  eden space 7437632K,   0% used [0x00007f81d0600000, 0x00007f81d0600000, 0x00007f8396550000)
  from space 929664K,  82% used [0x00007f8396550000, 0x00007f83c51f4770, 0x00007f83cf130000)
  to   space 929664K,   0% used [0x00007f83cf130000, 0x00007f83cf130000, 0x00007f8407d10000)
 tenured generation   total 18593860K, used 16473154K [0x00007f8725b50000, 0x00007f8b94961000, 0x00007f91d0600000)
   the space 18593860K,  88% used [0x00007f8725b50000, 0x00007f8b13260878, 0x00007f8b13260a00, 0x00007f8b94961000)
 Metaspace       used 30422K, capacity 30821K, committed 31232K, reserved 32768K
}
Event: 917.368 GC heap before
{Heap before GC invocations=80 (full 11):
 def new generation   total 8367296K, used 8204241K [0x00007f81d0600000, 0x00007f8407d10000, 0x00007f8725b50000)
  eden space 7437632K, 100% used [0x00007f81d0600000, 0x00007f8396550000, 0x00007f8396550000)
  from space 929664K,  82% used [0x00007f8396550000, 0x00007f83c51f4770, 0x00007f83cf130000)
  to   space 929664K,   0% used [0x00007f83cf130000, 0x00007f83cf130000, 0x00007f8407d10000)
 tenured generation   total 18593860K, used 16473154K [0x00007f8725b50000, 0x00007f8b94961000, 0x00007f91d0600000)
   the space 18593860K,  88% used [0x00007f8725b50000, 0x00007f8b13260878, 0x00007f8b13260a00, 0x00007f8b94961000)
 Metaspace       used 30422K, capacity 30821K, committed 31232K, reserved 32768K
}
Event: 919.537 GC heap after
{Heap after GC invocations=81 (full 11):
 def new generation   total 8367296K, used 881457K [0x00007f81d0600000, 0x00007f8407d10000, 0x00007f8725b50000)
  eden space 7437632K,   0% used [0x00007f81d0600000, 0x00007f81d0600000, 0x00007f8396550000)
  from space 929664K,  94% used [0x00007f83cf130000, 0x00007f8404dfc7f0, 0x00007f8407d10000)
  to   space 929664K,   0% used [0x00007f8396550000, 0x00007f8396550000, 0x00007f83cf130000)
 tenured generation   total 18593860K, used 17239763K [0x00007f8725b50000, 0x00007f8b94961000, 0x00007f91d0600000)
   the space 18593860K,  92% used [0x00007f8725b50000, 0x00007f8b41f04eb8, 0x00007f8b41f05000, 0x00007f8b94961000)
 Metaspace       used 30422K, capacity 30821K, committed 31232K, reserved 32768K
}
Event: 921.464 GC heap before
{Heap before GC invocations=81 (full 11):
 def new generation   total 8367296K, used 8319089K [0x00007f81d0600000, 0x00007f8407d10000, 0x00007f8725b50000)
  eden space 7437632K, 100% used [0x00007f81d0600000, 0x00007f8396550000, 0x00007f8396550000)
  from space 929664K,  94% used [0x00007f83cf130000, 0x00007f8404dfc7f0, 0x00007f8407d10000)
  to   space 929664K,   0% used [0x00007f8396550000, 0x00007f8396550000, 0x00007f83cf130000)
 tenured generation   total 18593860K, used 17239763K [0x00007f8725b50000, 0x00007f8b94961000, 0x00007f91d0600000)
   the space 18593860K,  92% used [0x00007f8725b50000, 0x00007f8b41f04eb8, 0x00007f8b41f05000, 0x00007f8b94961000)
 Metaspace       used 30422K, capacity 30821K, committed 31232K, reserved 32768K
}
Event: 923.096 GC heap after
{Heap after GC invocations=82 (full 11):
 def new generation   total 8367296K, used 568914K [0x00007f81d0600000, 0x00007f8407d10000, 0x00007f8725b50000)
  eden space 7437632K,   0% used [0x00007f81d0600000, 0x00007f81d0600000, 0x00007f8396550000)
  from space 929664K,  61% used [0x00007f8396550000, 0x00007f83b90e49d0, 0x00007f83cf130000)
  to   space 929664K,   0% used [0x00007f83cf130000, 0x00007f83cf130000, 0x00007f8407d10000)
 tenured generation   total 18593860K, used 18121220K [0x00007f8725b50000, 0x00007f8b94961000, 0x00007f91d0600000)
   the space 18593860K,  97% used [0x00007f8725b50000, 0x00007f8b77bd1388, 0x00007f8b77bd1400, 0x00007f8b94961000)
 Metaspace       used 30422K, capacity 30821K, committed 31232K, reserved 32768K
}
Event: 925.078 GC heap before
{Heap before GC invocations=82 (full 11):
 def new generation   total 8367296K, used 8006546K [0x00007f81d0600000, 0x00007f8407d10000, 0x00007f8725b50000)
  eden space 7437632K, 100% used [0x00007f81d0600000, 0x00007f8396550000, 0x00007f8396550000)
  from space 929664K,  61% used [0x00007f8396550000, 0x00007f83b90e49d0, 0x00007f83cf130000)
  to   space 929664K,   0% used [0x00007f83cf130000, 0x00007f83cf130000, 0x00007f8407d10000)
 tenured generation   total 18593860K, used 18121220K [0x00007f8725b50000, 0x00007f8b94961000, 0x00007f91d0600000)
   the space 18593860K,  97% used [0x00007f8725b50000, 0x00007f8b77bd1388, 0x00007f8b77bd1400, 0x00007f8b94961000)
 Metaspace       used 30422K, capacity 30821K, committed 31232K, reserved 32768K
}
Event: 926.536 GC heap after
{Heap after GC invocations=83 (full 11):
 def new generation   total 8367296K, used 568892K [0x00007f81d0600000, 0x00007f8407d10000, 0x00007f8725b50000)
  eden space 7437632K,   0% used [0x00007f81d0600000, 0x00007f81d0600000, 0x00007f8396550000)
  from space 929664K,  61% used [0x00007f83cf130000, 0x00007f83f1cbf350, 0x00007f8407d10000)
  to   space 929664K,   0% used [0x00007f8396550000, 0x00007f8396550000, 0x00007f83cf130000)
 tenured generation   total 18690244K, used 18690135K [0x00007f8725b50000, 0x00007f8b9a781000, 0x00007f91d0600000)
   the space 18690244K,  99% used [0x00007f8725b50000, 0x00007f8b9a765cb8, 0x00007f8b9a765e00, 0x00007f8b9a781000)
 Metaspace       used 30422K, capacity 30821K, committed 31232K, reserved 32768K
}
Event: 926.536 GC heap before
{Heap before GC invocations=83 (full 11):
 def new generation   total 8367296K, used 568892K [0x00007f81d0600000, 0x00007f8407d10000, 0x00007f8725b50000)
  eden space 7437632K,   0% used [0x00007f81d0600000, 0x00007f81d0600000, 0x00007f8396550000)
  from space 929664K,  61% used [0x00007f83cf130000, 0x00007f83f1cbf350, 0x00007f8407d10000)
  to   space 929664K,   0% used [0x00007f8396550000, 0x00007f8396550000, 0x00007f83cf130000)
 tenured generation   total 18690244K, used 18690135K [0x00007f8725b50000, 0x00007f8b9a781000, 0x00007f91d0600000)
   the space 18690244K,  99% used [0x00007f8725b50000, 0x00007f8b9a765cb8, 0x00007f8b9a765e00, 0x00007f8b9a781000)
 Metaspace       used 30422K, capacity 30821K, committed 31232K, reserved 32768K
}

