# JRE version: OpenJDK Runtime Environment (13.0.7+5) (build 13.0.7+5-Ubuntu-0ubuntu120.04)
# Java VM: OpenJDK 64-Bit Server VM (13.0.7+5-Ubuntu-0ubuntu120.04, mixed mode, tiered, serial gc, linux-amd64)
Heap:
 def new generation   total 9318144K, used 0K [0x00007f4fa0600000, 0x00007f52184d0000, 0x00007f54f5b50000)
  eden space 8282816K,   0% used [0x00007f4fa0600000, 0x00007f4fa0600000, 0x00007f5199eb0000)
  from space 1035328K,   0% used [0x00007f5199eb0000, 0x00007f5199eb0000, 0x00007f51d91c0000)
  to   space 1035328K,   0% used [0x00007f51d91c0000, 0x00007f51d91c0000, 0x00007f52184d0000)
 tenured generation   total 21355064K, used 20605550K [0x00007f54f5b50000, 0x00007f5a0d1de000, 0x00007f5fa0600000)
   the space 21355064K,  96% used [0x00007f54f5b50000, 0x00007f59df5eba28, 0x00007f59df5ebc00, 0x00007f5a0d1de000)
 Metaspace       used 30547K, capacity 31016K, committed 31232K, reserved 32768K
GC Heap History (20 events):
Event: 1006.486 GC heap after
{Heap after GC invocations=67 (full 7):
 def new generation   total 9318144K, used 607085K [0x00007f4fa0600000, 0x00007f52184d0000, 0x00007f54f5b50000)
  eden space 8282816K,   0% used [0x00007f4fa0600000, 0x00007f4fa0600000, 0x00007f5199eb0000)
  from space 1035328K,  58% used [0x00007f51d91c0000, 0x00007f51fe29b4c0, 0x00007f52184d0000)
  to   space 1035328K,   0% used [0x00007f5199eb0000, 0x00007f5199eb0000, 0x00007f51d91c0000)
 tenured generation   total 20706872K, used 14894701K [0x00007f54f5b50000, 0x00007f59e58de000, 0x00007f5fa0600000)
   the space 20706872K,  71% used [0x00007f54f5b50000, 0x00007f5882ceb500, 0x00007f5882ceb600, 0x00007f59e58de000)
 Metaspace       used 30547K, capacity 31016K, committed 31232K, reserved 32768K
}
Event: 1008.447 GC heap before
{Heap before GC invocations=67 (full 7):
 def new generation   total 9318144K, used 8889901K [0x00007f4fa0600000, 0x00007f52184d0000, 0x00007f54f5b50000)
  eden space 8282816K, 100% used [0x00007f4fa0600000, 0x00007f5199eb0000, 0x00007f5199eb0000)
  from space 1035328K,  58% used [0x00007f51d91c0000, 0x00007f51fe29b4c0, 0x00007f52184d0000)
  to   space 1035328K,   0% used [0x00007f5199eb0000, 0x00007f5199eb0000, 0x00007f51d91c0000)
 tenured generation   total 20706872K, used 14894701K [0x00007f54f5b50000, 0x00007f59e58de000, 0x00007f5fa0600000)
   the space 20706872K,  71% used [0x00007f54f5b50000, 0x00007f5882ceb500, 0x00007f5882ceb600, 0x00007f59e58de000)
 Metaspace       used 30547K, capacity 31016K, committed 31232K, reserved 32768K
}
Event: 1010.106 GC heap after
{Heap after GC invocations=68 (full 7):
 def new generation   total 9318144K, used 616782K [0x00007f4fa0600000, 0x00007f52184d0000, 0x00007f54f5b50000)
  eden space 8282816K,   0% used [0x00007f4fa0600000, 0x00007f4fa0600000, 0x00007f5199eb0000)
  from space 1035328K,  59% used [0x00007f5199eb0000, 0x00007f51bf9038a0, 0x00007f51d91c0000)
  to   space 1035328K,   0% used [0x00007f51d91c0000, 0x00007f51d91c0000, 0x00007f52184d0000)
 tenured generation   total 20706872K, used 15501785K [0x00007f54f5b50000, 0x00007f59e58de000, 0x00007f5fa0600000)
   the space 20706872K,  74% used [0x00007f54f5b50000, 0x00007f58a7dc66d0, 0x00007f58a7dc6800, 0x00007f59e58de000)
 Metaspace       used 30547K, capacity 31016K, committed 31232K, reserved 32768K
}
Event: 1012.296 GC heap before
{Heap before GC invocations=68 (full 7):
 def new generation   total 9318144K, used 8899598K [0x00007f4fa0600000, 0x00007f52184d0000, 0x00007f54f5b50000)
  eden space 8282816K, 100% used [0x00007f4fa0600000, 0x00007f5199eb0000, 0x00007f5199eb0000)
  from space 1035328K,  59% used [0x00007f5199eb0000, 0x00007f51bf9038a0, 0x00007f51d91c0000)
  to   space 1035328K,   0% used [0x00007f51d91c0000, 0x00007f51d91c0000, 0x00007f52184d0000)
 tenured generation   total 20706872K, used 15501785K [0x00007f54f5b50000, 0x00007f59e58de000, 0x00007f5fa0600000)
   the space 20706872K,  74% used [0x00007f54f5b50000, 0x00007f58a7dc66d0, 0x00007f58a7dc6800, 0x00007f59e58de000)
 Metaspace       used 30547K, capacity 31016K, committed 31232K, reserved 32768K
}
Event: 1016.739 GC heap after
{Heap after GC invocations=69 (full 7):
 def new generation   total 9318144K, used 949631K [0x00007f4fa0600000, 0x00007f52184d0000, 0x00007f54f5b50000)
  eden space 8282816K,   0% used [0x00007f4fa0600000, 0x00007f4fa0600000, 0x00007f5199eb0000)
  from space 1035328K,  91% used [0x00007f51d91c0000, 0x00007f521311ff50, 0x00007f52184d0000)
  to   space 1035328K,   0% used [0x00007f5199eb0000, 0x00007f5199eb0000, 0x00007f51d91c0000)
 tenured generation   total 20706872K, used 16118566K [0x00007f54f5b50000, 0x00007f59e58de000, 0x00007f5fa0600000)
   the space 20706872K,  77% used [0x00007f54f5b50000, 0x00007f58cd819bb0, 0x00007f58cd819c00, 0x00007f59e58de000)
 Metaspace       used 30547K, capacity 31016K, committed 31232K, reserved 32768K
}
Event: 1019.269 GC heap before
{Heap before GC invocations=69 (full 7):
 def new generation   total 9318144K, used 9232447K [0x00007f4fa0600000, 0x00007f52184d0000, 0x00007f54f5b50000)
  eden space 8282816K, 100% used [0x00007f4fa0600000, 0x00007f5199eb0000, 0x00007f5199eb0000)
  from space 1035328K,  91% used [0x00007f51d91c0000, 0x00007f521311ff50, 0x00007f52184d0000)
  to   space 1035328K,   0% used [0x00007f5199eb0000, 0x00007f5199eb0000, 0x00007f51d91c0000)
 tenured generation   total 20706872K, used 16118566K [0x00007f54f5b50000, 0x00007f59e58de000, 0x00007f5fa0600000)
   the space 20706872K,  77% used [0x00007f54f5b50000, 0x00007f58cd819bb0, 0x00007f58cd819c00, 0x00007f59e58de000)
 Metaspace       used 30547K, capacity 31016K, committed 31232K, reserved 32768K
}
Event: 1021.664 GC heap after
{Heap after GC invocations=70 (full 7):
 def new generation   total 9318144K, used 679981K [0x00007f4fa0600000, 0x00007f52184d0000, 0x00007f54f5b50000)
  eden space 8282816K,   0% used [0x00007f4fa0600000, 0x00007f4fa0600000, 0x00007f5199eb0000)
  from space 1035328K,  65% used [0x00007f5199eb0000, 0x00007f51c36bb450, 0x00007f51d91c0000)
  to   space 1035328K,   0% used [0x00007f51d91c0000, 0x00007f51d91c0000, 0x00007f52184d0000)
 tenured generation   total 20706872K, used 17068197K [0x00007f54f5b50000, 0x00007f59e58de000, 0x00007f5fa0600000)
   the space 20706872K,  82% used [0x00007f54f5b50000, 0x00007f5907779660, 0x00007f5907779800, 0x00007f59e58de000)
 Metaspace       used 30547K, capacity 31016K, committed 31232K, reserved 32768K
}
Event: 1024.200 GC heap before
{Heap before GC invocations=70 (full 7):
 def new generation   total 9318144K, used 8962797K [0x00007f4fa0600000, 0x00007f52184d0000, 0x00007f54f5b50000)
  eden space 8282816K, 100% used [0x00007f4fa0600000, 0x00007f5199eb0000, 0x00007f5199eb0000)
  from space 1035328K,  65% used [0x00007f5199eb0000, 0x00007f51c36bb450, 0x00007f51d91c0000)
  to   space 1035328K,   0% used [0x00007f51d91c0000, 0x00007f51d91c0000, 0x00007f52184d0000)
 tenured generation   total 20706872K, used 17068197K [0x00007f54f5b50000, 0x00007f59e58de000, 0x00007f5fa0600000)
   the space 20706872K,  82% used [0x00007f54f5b50000, 0x00007f5907779660, 0x00007f5907779800, 0x00007f59e58de000)
 Metaspace       used 30547K, capacity 31016K, committed 31232K, reserved 32768K
}
Event: 1026.186 GC heap after
{Heap after GC invocations=71 (full 7):
 def new generation   total 9318144K, used 658340K [0x00007f4fa0600000, 0x00007f52184d0000, 0x00007f54f5b50000)
  eden space 8282816K,   0% used [0x00007f4fa0600000, 0x00007f4fa0600000, 0x00007f5199eb0000)
  from space 1035328K,  63% used [0x00007f51d91c0000, 0x00007f52014a93b0, 0x00007f52184d0000)
  to   space 1035328K,   0% used [0x00007f5199eb0000, 0x00007f5199eb0000, 0x00007f51d91c0000)
 tenured generation   total 20706872K, used 17748177K [0x00007f54f5b50000, 0x00007f59e58de000, 0x00007f5fa0600000)
   the space 20706872K,  85% used [0x00007f54f5b50000, 0x00007f5930f846f0, 0x00007f5930f84800, 0x00007f59e58de000)
 Metaspace       used 30547K, capacity 31016K, committed 31232K, reserved 32768K
}
Event: 1028.581 GC heap before
{Heap before GC invocations=71 (full 7):
 def new generation   total 9318144K, used 8941156K [0x00007f4fa0600000, 0x00007f52184d0000, 0x00007f54f5b50000)
  eden space 8282816K, 100% used [0x00007f4fa0600000, 0x00007f5199eb0000, 0x00007f5199eb0000)
  from space 1035328K,  63% used [0x00007f51d91c0000, 0x00007f52014a93b0, 0x00007f52184d0000)
  to   space 1035328K,   0% used [0x00007f5199eb0000, 0x00007f5199eb0000, 0x00007f51d91c0000)
 tenured generation   total 20706872K, used 17748177K [0x00007f54f5b50000, 0x00007f59e58de000, 0x00007f5fa0600000)
   the space 20706872K,  85% used [0x00007f54f5b50000, 0x00007f5930f846f0, 0x00007f5930f84800, 0x00007f59e58de000)
 Metaspace       used 30547K, capacity 31016K, committed 31232K, reserved 32768K
}
Event: 1030.330 GC heap after
{Heap after GC invocations=72 (full 7):
 def new generation   total 9318144K, used 641280K [0x00007f4fa0600000, 0x00007f52184d0000, 0x00007f54f5b50000)
  eden space 8282816K,   0% used [0x00007f4fa0600000, 0x00007f4fa0600000, 0x00007f5199eb0000)
  from space 1035328K,  61% used [0x00007f5199eb0000, 0x00007f51c10f0160, 0x00007f51d91c0000)
  to   space 1035328K,   0% used [0x00007f51d91c0000, 0x00007f51d91c0000, 0x00007f52184d0000)
 tenured generation   total 20706872K, used 18406518K [0x00007f54f5b50000, 0x00007f59e58de000, 0x00007f5fa0600000)
   the space 20706872K,  88% used [0x00007f54f5b50000, 0x00007f595926d970, 0x00007f595926da00, 0x00007f59e58de000)
 Metaspace       used 30547K, capacity 31016K, committed 31232K, reserved 32768K
}
Event: 1032.794 GC heap before
{Heap before GC invocations=72 (full 7):
 def new generation   total 9318144K, used 8924096K [0x00007f4fa0600000, 0x00007f52184d0000, 0x00007f54f5b50000)
  eden space 8282816K, 100% used [0x00007f4fa0600000, 0x00007f5199eb0000, 0x00007f5199eb0000)
  from space 1035328K,  61% used [0x00007f5199eb0000, 0x00007f51c10f0160, 0x00007f51d91c0000)
  to   space 1035328K,   0% used [0x00007f51d91c0000, 0x00007f51d91c0000, 0x00007f52184d0000)
 tenured generation   total 20706872K, used 18406518K [0x00007f54f5b50000, 0x00007f59e58de000, 0x00007f5fa0600000)
   the space 20706872K,  88% used [0x00007f54f5b50000, 0x00007f595926d970, 0x00007f595926da00, 0x00007f59e58de000)
 Metaspace       used 30547K, capacity 31016K, committed 31232K, reserved 32768K
}
Event: 1034.499 GC heap after
{Heap after GC invocations=73 (full 7):
 def new generation   total 9318144K, used 657779K [0x00007f4fa0600000, 0x00007f52184d0000, 0x00007f54f5b50000)
  eden space 8282816K,   0% used [0x00007f4fa0600000, 0x00007f4fa0600000, 0x00007f5199eb0000)
  from space 1035328K,  63% used [0x00007f51d91c0000, 0x00007f520141cd10, 0x00007f52184d0000)
  to   space 1035328K,   0% used [0x00007f5199eb0000, 0x00007f5199eb0000, 0x00007f51d91c0000)
 tenured generation   total 20706872K, used 19047797K [0x00007f54f5b50000, 0x00007f59e58de000, 0x00007f5fa0600000)
   the space 20706872K,  91% used [0x00007f54f5b50000, 0x00007f59804ad750, 0x00007f59804ad800, 0x00007f59e58de000)
 Metaspace       used 30547K, capacity 31016K, committed 31232K, reserved 32768K
}
Event: 1036.953 GC heap before
{Heap before GC invocations=73 (full 7):
 def new generation   total 9318144K, used 8940595K [0x00007f4fa0600000, 0x00007f52184d0000, 0x00007f54f5b50000)
  eden space 8282816K, 100% used [0x00007f4fa0600000, 0x00007f5199eb0000, 0x00007f5199eb0000)
  from space 1035328K,  63% used [0x00007f51d91c0000, 0x00007f520141cd10, 0x00007f52184d0000)
  to   space 1035328K,   0% used [0x00007f5199eb0000, 0x00007f5199eb0000, 0x00007f51d91c0000)
 tenured generation   total 20706872K, used 19047797K [0x00007f54f5b50000, 0x00007f59e58de000, 0x00007f5fa0600000)
   the space 20706872K,  91% used [0x00007f54f5b50000, 0x00007f59804ad750, 0x00007f59804ad800, 0x00007f59e58de000)
 Metaspace       used 30547K, capacity 31016K, committed 31232K, reserved 32768K
}
Event: 1038.887 GC heap after
{Heap after GC invocations=74 (full 7):
 def new generation   total 9318144K, used 760386K [0x00007f4fa0600000, 0x00007f52184d0000, 0x00007f54f5b50000)
  eden space 8282816K,   0% used [0x00007f4fa0600000, 0x00007f4fa0600000, 0x00007f5199eb0000)
  from space 1035328K,  73% used [0x00007f5199eb0000, 0x00007f51c8540a30, 0x00007f51d91c0000)
  to   space 1035328K,   0% used [0x00007f51d91c0000, 0x00007f51d91c0000, 0x00007f52184d0000)
 tenured generation   total 20706872K, used 19705576K [0x00007f54f5b50000, 0x00007f59e58de000, 0x00007f5fa0600000)
   the space 20706872K,  95% used [0x00007f54f5b50000, 0x00007f59a870a2e0, 0x00007f59a870a400, 0x00007f59e58de000)
 Metaspace       used 30547K, capacity 31016K, committed 31232K, reserved 32768K
}
Event: 1041.331 GC heap before
{Heap before GC invocations=74 (full 7):
 def new generation   total 9318144K, used 9043202K [0x00007f4fa0600000, 0x00007f52184d0000, 0x00007f54f5b50000)
  eden space 8282816K, 100% used [0x00007f4fa0600000, 0x00007f5199eb0000, 0x00007f5199eb0000)
  from space 1035328K,  73% used [0x00007f5199eb0000, 0x00007f51c8540a30, 0x00007f51d91c0000)
  to   space 1035328K,   0% used [0x00007f51d91c0000, 0x00007f51d91c0000, 0x00007f52184d0000)
 tenured generation   total 20706872K, used 19705576K [0x00007f54f5b50000, 0x00007f59e58de000, 0x00007f5fa0600000)
   the space 20706872K,  95% used [0x00007f54f5b50000, 0x00007f59a870a2e0, 0x00007f59a870a400, 0x00007f59e58de000)
 Metaspace       used 30547K, capacity 31016K, committed 31232K, reserved 32768K
}
Event: 1043.530 GC heap after
{Heap after GC invocations=75 (full 7):
 def new generation   total 9318144K, used 888982K [0x00007f4fa0600000, 0x00007f52184d0000, 0x00007f54f5b50000)
  eden space 8282816K,   0% used [0x00007f4fa0600000, 0x00007f4fa0600000, 0x00007f5199eb0000)
  from space 1035328K,  85% used [0x00007f51d91c0000, 0x00007f520f5e5800, 0x00007f52184d0000)
  to   space 1035328K,   0% used [0x00007f5199eb0000, 0x00007f5199eb0000, 0x00007f51d91c0000)
 tenured generation   total 20706872K, used 20465962K [0x00007f54f5b50000, 0x00007f59e58de000, 0x00007f5fa0600000)
   the space 20706872K,  98% used [0x00007f54f5b50000, 0x00007f59d6d9a9c0, 0x00007f59d6d9aa00, 0x00007f59e58de000)
 Metaspace       used 30547K, capacity 31016K, committed 31232K, reserved 32768K
}
Event: 1045.768 GC heap before
{Heap before GC invocations=75 (full 7):
 def new generation   total 9318144K, used 9171798K [0x00007f4fa0600000, 0x00007f52184d0000, 0x00007f54f5b50000)
  eden space 8282816K, 100% used [0x00007f4fa0600000, 0x00007f5199eb0000, 0x00007f5199eb0000)
  from space 1035328K,  85% used [0x00007f51d91c0000, 0x00007f520f5e5800, 0x00007f52184d0000)
  to   space 1035328K,   0% used [0x00007f5199eb0000, 0x00007f5199eb0000, 0x00007f51d91c0000)
 tenured generation   total 20706872K, used 20465962K [0x00007f54f5b50000, 0x00007f59e58de000, 0x00007f5fa0600000)
   the space 20706872K,  98% used [0x00007f54f5b50000, 0x00007f59d6d9a9c0, 0x00007f59d6d9aa00, 0x00007f59e58de000)
 Metaspace       used 30547K, capacity 31016K, committed 31232K, reserved 32768K
}
Event: 1047.723 GC heap after
{Heap after GC invocations=76 (full 7):
 def new generation   total 9318144K, used 645212K [0x00007f4fa0600000, 0x00007f52184d0000, 0x00007f54f5b50000)
  eden space 8282816K,   0% used [0x00007f4fa0600000, 0x00007f4fa0600000, 0x00007f5199eb0000)
  from space 1035328K,  62% used [0x00007f5199eb0000, 0x00007f51c14c71c0, 0x00007f51d91c0000)
  to   space 1035328K,   0% used [0x00007f51d91c0000, 0x00007f51d91c0000, 0x00007f52184d0000)
 tenured generation   total 21355064K, used 21354943K [0x00007f54f5b50000, 0x00007f5a0d1de000, 0x00007f5fa0600000)
   the space 21355064K,  99% used [0x00007f54f5b50000, 0x00007f5a0d1bff40, 0x00007f5a0d1c0000, 0x00007f5a0d1de000)
 Metaspace       used 30547K, capacity 31016K, committed 31232K, reserved 32768K
}
Event: 1047.723 GC heap before
{Heap before GC invocations=76 (full 7):
 def new generation   total 9318144K, used 645212K [0x00007f4fa0600000, 0x00007f52184d0000, 0x00007f54f5b50000)
  eden space 8282816K,   0% used [0x00007f4fa0600000, 0x00007f4fa0600000, 0x00007f5199eb0000)
  from space 1035328K,  62% used [0x00007f5199eb0000, 0x00007f51c14c71c0, 0x00007f51d91c0000)
  to   space 1035328K,   0% used [0x00007f51d91c0000, 0x00007f51d91c0000, 0x00007f52184d0000)
 tenured generation   total 21355064K, used 21354943K [0x00007f54f5b50000, 0x00007f5a0d1de000, 0x00007f5fa0600000)
   the space 21355064K,  99% used [0x00007f54f5b50000, 0x00007f5a0d1bff40, 0x00007f5a0d1c0000, 0x00007f5a0d1de000)
 Metaspace       used 30547K, capacity 31016K, committed 31232K, reserved 32768K
}

