# JRE version: OpenJDK Runtime Environment (13.0.7+5) (build 13.0.7+5-Ubuntu-0ubuntu120.04)
# Java VM: OpenJDK 64-Bit Server VM (13.0.7+5-Ubuntu-0ubuntu120.04, mixed mode, tiered, serial gc, linux-amd64)
Heap:
 def new generation   total 1748288K, used 18267K [0x00007f9420600000, 0x00007f9496f00000, 0x00007f9975b50000)
  eden space 1554048K,   1% used [0x00007f9420600000, 0x00007f94217d6fa8, 0x00007f947f3a0000)
  from space 194240K,   0% used [0x00007f948b150000, 0x00007f948b150000, 0x00007f9496f00000)
  to   space 194240K,   0% used [0x00007f947f3a0000, 0x00007f947f3a0000, 0x00007f948b150000)
 tenured generation   total 3885784K, used 3885784K [0x00007f9975b50000, 0x00007f9a62e06000, 0x00007fa420600000)
   the space 3885784K, 100% used [0x00007f9975b50000, 0x00007f9a62e06000, 0x00007f9a62e06000, 0x00007f9a62e06000)
 Metaspace       used 24196K, capacity 24576K, committed 24832K, reserved 26624K
GC Heap History (20 events):
Event: 3953.803 GC heap after
{Heap after GC invocations=4406 (full 3):
 def new generation   total 1748288K, used 23824K [0x00007f9420600000, 0x00007f9496f00000, 0x00007f9975b50000)
  eden space 1554048K,   0% used [0x00007f9420600000, 0x00007f9420600000, 0x00007f947f3a0000)
  from space 194240K,  12% used [0x00007f947f3a0000, 0x00007f9480ae4370, 0x00007f948b150000)
  to   space 194240K,   0% used [0x00007f948b150000, 0x00007f948b150000, 0x00007f9496f00000)
 tenured generation   total 3885016K, used 3871460K [0x00007f9975b50000, 0x00007f9a62d46000, 0x00007fa420600000)
   the space 3885016K,  99% used [0x00007f9975b50000, 0x00007f9a620093e0, 0x00007f9a62009400, 0x00007f9a62d46000)
 Metaspace       used 24196K, capacity 24576K, committed 24832K, reserved 26624K
}
Event: 3955.280 GC heap before
{Heap before GC invocations=4406 (full 3):
 def new generation   total 1748288K, used 1577872K [0x00007f9420600000, 0x00007f9496f00000, 0x00007f9975b50000)
  eden space 1554048K, 100% used [0x00007f9420600000, 0x00007f947f3a0000, 0x00007f947f3a0000)
  from space 194240K,  12% used [0x00007f947f3a0000, 0x00007f9480ae4370, 0x00007f948b150000)
  to   space 194240K,   0% used [0x00007f948b150000, 0x00007f948b150000, 0x00007f9496f00000)
 tenured generation   total 3885016K, used 3871460K [0x00007f9975b50000, 0x00007f9a62d46000, 0x00007fa420600000)
   the space 3885016K,  99% used [0x00007f9975b50000, 0x00007f9a620093e0, 0x00007f9a62009400, 0x00007f9a62d46000)
 Metaspace       used 24196K, capacity 24576K, committed 24832K, reserved 26624K
}
Event: 3955.360 GC heap after
{Heap after GC invocations=4407 (full 3):
 def new generation   total 1748288K, used 23805K [0x00007f9420600000, 0x00007f9496f00000, 0x00007f9975b50000)
  eden space 1554048K,   0% used [0x00007f9420600000, 0x00007f9420600000, 0x00007f947f3a0000)
  from space 194240K,  12% used [0x00007f948b150000, 0x00007f948c88f7b0, 0x00007f9496f00000)
  to   space 194240K,   0% used [0x00007f947f3a0000, 0x00007f947f3a0000, 0x00007f948b150000)
 tenured generation   total 3885016K, used 3873060K [0x00007f9975b50000, 0x00007f9a62d46000, 0x00007fa420600000)
   the space 3885016K,  99% used [0x00007f9975b50000, 0x00007f9a621993e0, 0x00007f9a62199400, 0x00007f9a62d46000)
 Metaspace       used 24196K, capacity 24576K, committed 24832K, reserved 26624K
}
Event: 3956.899 GC heap before
{Heap before GC invocations=4407 (full 3):
 def new generation   total 1748288K, used 1577853K [0x00007f9420600000, 0x00007f9496f00000, 0x00007f9975b50000)
  eden space 1554048K, 100% used [0x00007f9420600000, 0x00007f947f3a0000, 0x00007f947f3a0000)
  from space 194240K,  12% used [0x00007f948b150000, 0x00007f948c88f7b0, 0x00007f9496f00000)
  to   space 194240K,   0% used [0x00007f947f3a0000, 0x00007f947f3a0000, 0x00007f948b150000)
 tenured generation   total 3885016K, used 3873060K [0x00007f9975b50000, 0x00007f9a62d46000, 0x00007fa420600000)
   the space 3885016K,  99% used [0x00007f9975b50000, 0x00007f9a621993e0, 0x00007f9a62199400, 0x00007f9a62d46000)
 Metaspace       used 24196K, capacity 24576K, committed 24832K, reserved 26624K
}
Event: 3956.976 GC heap after
{Heap after GC invocations=4408 (full 3):
 def new generation   total 1748288K, used 23808K [0x00007f9420600000, 0x00007f9496f00000, 0x00007f9975b50000)
  eden space 1554048K,   0% used [0x00007f9420600000, 0x00007f9420600000, 0x00007f947f3a0000)
  from space 194240K,  12% used [0x00007f947f3a0000, 0x00007f9480ae03d0, 0x00007f948b150000)
  to   space 194240K,   0% used [0x00007f948b150000, 0x00007f948b150000, 0x00007f9496f00000)
 tenured generation   total 3885016K, used 3874648K [0x00007f9975b50000, 0x00007f9a62d46000, 0x00007fa420600000)
   the space 3885016K,  99% used [0x00007f9975b50000, 0x00007f9a623261e0, 0x00007f9a62326200, 0x00007f9a62d46000)
 Metaspace       used 24196K, capacity 24576K, committed 24832K, reserved 26624K
}
Event: 3958.540 GC heap before
{Heap before GC invocations=4408 (full 3):
 def new generation   total 1748288K, used 1577856K [0x00007f9420600000, 0x00007f9496f00000, 0x00007f9975b50000)
  eden space 1554048K, 100% used [0x00007f9420600000, 0x00007f947f3a0000, 0x00007f947f3a0000)
  from space 194240K,  12% used [0x00007f947f3a0000, 0x00007f9480ae03d0, 0x00007f948b150000)
  to   space 194240K,   0% used [0x00007f948b150000, 0x00007f948b150000, 0x00007f9496f00000)
 tenured generation   total 3885016K, used 3874648K [0x00007f9975b50000, 0x00007f9a62d46000, 0x00007fa420600000)
   the space 3885016K,  99% used [0x00007f9975b50000, 0x00007f9a623261e0, 0x00007f9a62326200, 0x00007f9a62d46000)
 Metaspace       used 24196K, capacity 24576K, committed 24832K, reserved 26624K
}
Event: 3958.614 GC heap after
{Heap after GC invocations=4409 (full 3):
 def new generation   total 1748288K, used 23810K [0x00007f9420600000, 0x00007f9496f00000, 0x00007f9975b50000)
  eden space 1554048K,   0% used [0x00007f9420600000, 0x00007f9420600000, 0x00007f947f3a0000)
  from space 194240K,  12% used [0x00007f948b150000, 0x00007f948c890af0, 0x00007f9496f00000)
  to   space 194240K,   0% used [0x00007f947f3a0000, 0x00007f947f3a0000, 0x00007f948b150000)
 tenured generation   total 3885016K, used 3876240K [0x00007f9975b50000, 0x00007f9a62d46000, 0x00007fa420600000)
   the space 3885016K,  99% used [0x00007f9975b50000, 0x00007f9a624b4120, 0x00007f9a624b4200, 0x00007f9a62d46000)
 Metaspace       used 24196K, capacity 24576K, committed 24832K, reserved 26624K
}
Event: 3960.124 GC heap before
{Heap before GC invocations=4409 (full 3):
 def new generation   total 1748288K, used 1577858K [0x00007f9420600000, 0x00007f9496f00000, 0x00007f9975b50000)
  eden space 1554048K, 100% used [0x00007f9420600000, 0x00007f947f3a0000, 0x00007f947f3a0000)
  from space 194240K,  12% used [0x00007f948b150000, 0x00007f948c890af0, 0x00007f9496f00000)
  to   space 194240K,   0% used [0x00007f947f3a0000, 0x00007f947f3a0000, 0x00007f948b150000)
 tenured generation   total 3885016K, used 3876240K [0x00007f9975b50000, 0x00007f9a62d46000, 0x00007fa420600000)
   the space 3885016K,  99% used [0x00007f9975b50000, 0x00007f9a624b4120, 0x00007f9a624b4200, 0x00007f9a62d46000)
 Metaspace       used 24196K, capacity 24576K, committed 24832K, reserved 26624K
}
Event: 3960.191 GC heap after
{Heap after GC invocations=4410 (full 3):
 def new generation   total 1748288K, used 23805K [0x00007f9420600000, 0x00007f9496f00000, 0x00007f9975b50000)
  eden space 1554048K,   0% used [0x00007f9420600000, 0x00007f9420600000, 0x00007f947f3a0000)
  from space 194240K,  12% used [0x00007f947f3a0000, 0x00007f9480adf490, 0x00007f948b150000)
  to   space 194240K,   0% used [0x00007f948b150000, 0x00007f948b150000, 0x00007f9496f00000)
 tenured generation   total 3885016K, used 3877802K [0x00007f9975b50000, 0x00007f9a62d46000, 0x00007fa420600000)
   the space 3885016K,  99% used [0x00007f9975b50000, 0x00007f9a6263a8d8, 0x00007f9a6263aa00, 0x00007f9a62d46000)
 Metaspace       used 24196K, capacity 24576K, committed 24832K, reserved 26624K
}
Event: 3961.765 GC heap before
{Heap before GC invocations=4410 (full 3):
 def new generation   total 1748288K, used 1577853K [0x00007f9420600000, 0x00007f9496f00000, 0x00007f9975b50000)
  eden space 1554048K, 100% used [0x00007f9420600000, 0x00007f947f3a0000, 0x00007f947f3a0000)
  from space 194240K,  12% used [0x00007f947f3a0000, 0x00007f9480adf490, 0x00007f948b150000)
  to   space 194240K,   0% used [0x00007f948b150000, 0x00007f948b150000, 0x00007f9496f00000)
 tenured generation   total 3885016K, used 3877802K [0x00007f9975b50000, 0x00007f9a62d46000, 0x00007fa420600000)
   the space 3885016K,  99% used [0x00007f9975b50000, 0x00007f9a6263a8d8, 0x00007f9a6263aa00, 0x00007f9a62d46000)
 Metaspace       used 24196K, capacity 24576K, committed 24832K, reserved 26624K
}
Event: 3961.840 GC heap after
{Heap after GC invocations=4411 (full 3):
 def new generation   total 1748288K, used 23802K [0x00007f9420600000, 0x00007f9496f00000, 0x00007f9975b50000)
  eden space 1554048K,   0% used [0x00007f9420600000, 0x00007f9420600000, 0x00007f947f3a0000)
  from space 194240K,  12% used [0x00007f948b150000, 0x00007f948c88e838, 0x00007f9496f00000)
  to   space 194240K,   0% used [0x00007f947f3a0000, 0x00007f947f3a0000, 0x00007f948b150000)
 tenured generation   total 3885016K, used 3879402K [0x00007f9975b50000, 0x00007f9a62d46000, 0x00007fa420600000)
   the space 3885016K,  99% used [0x00007f9975b50000, 0x00007f9a627ca8d8, 0x00007f9a627caa00, 0x00007f9a62d46000)
 Metaspace       used 24196K, capacity 24576K, committed 24832K, reserved 26624K
}
Event: 3963.366 GC heap before
{Heap before GC invocations=4411 (full 3):
 def new generation   total 1748288K, used 1577850K [0x00007f9420600000, 0x00007f9496f00000, 0x00007f9975b50000)
  eden space 1554048K, 100% used [0x00007f9420600000, 0x00007f947f3a0000, 0x00007f947f3a0000)
  from space 194240K,  12% used [0x00007f948b150000, 0x00007f948c88e838, 0x00007f9496f00000)
  to   space 194240K,   0% used [0x00007f947f3a0000, 0x00007f947f3a0000, 0x00007f948b150000)
 tenured generation   total 3885016K, used 3879402K [0x00007f9975b50000, 0x00007f9a62d46000, 0x00007fa420600000)
   the space 3885016K,  99% used [0x00007f9975b50000, 0x00007f9a627ca8d8, 0x00007f9a627caa00, 0x00007f9a62d46000)
 Metaspace       used 24196K, capacity 24576K, committed 24832K, reserved 26624K
}
Event: 3963.438 GC heap after
{Heap after GC invocations=4412 (full 3):
 def new generation   total 1748288K, used 23807K [0x00007f9420600000, 0x00007f9496f00000, 0x00007f9975b50000)
  eden space 1554048K,   0% used [0x00007f9420600000, 0x00007f9420600000, 0x00007f947f3a0000)
  from space 194240K,  12% used [0x00007f947f3a0000, 0x00007f9480adfd70, 0x00007f948b150000)
  to   space 194240K,   0% used [0x00007f948b150000, 0x00007f948b150000, 0x00007f9496f00000)
 tenured generation   total 3885016K, used 3880989K [0x00007f9975b50000, 0x00007f9a62d46000, 0x00007fa420600000)
   the space 3885016K,  99% used [0x00007f9975b50000, 0x00007f9a629576d8, 0x00007f9a62957800, 0x00007f9a62d46000)
 Metaspace       used 24196K, capacity 24576K, committed 24832K, reserved 26624K
}
Event: 3964.970 GC heap before
{Heap before GC invocations=4412 (full 3):
 def new generation   total 1748288K, used 1577855K [0x00007f9420600000, 0x00007f9496f00000, 0x00007f9975b50000)
  eden space 1554048K, 100% used [0x00007f9420600000, 0x00007f947f3a0000, 0x00007f947f3a0000)
  from space 194240K,  12% used [0x00007f947f3a0000, 0x00007f9480adfd70, 0x00007f948b150000)
  to   space 194240K,   0% used [0x00007f948b150000, 0x00007f948b150000, 0x00007f9496f00000)
 tenured generation   total 3885016K, used 3880989K [0x00007f9975b50000, 0x00007f9a62d46000, 0x00007fa420600000)
   the space 3885016K,  99% used [0x00007f9975b50000, 0x00007f9a629576d8, 0x00007f9a62957800, 0x00007f9a62d46000)
 Metaspace       used 24196K, capacity 24576K, committed 24832K, reserved 26624K
}
Event: 3965.045 GC heap after
{Heap after GC invocations=4413 (full 3):
 def new generation   total 1748288K, used 23808K [0x00007f9420600000, 0x00007f9496f00000, 0x00007f9975b50000)
  eden space 1554048K,   0% used [0x00007f9420600000, 0x00007f9420600000, 0x00007f947f3a0000)
  from space 194240K,  12% used [0x00007f948b150000, 0x00007f948c8901f8, 0x00007f9496f00000)
  to   space 194240K,   0% used [0x00007f947f3a0000, 0x00007f947f3a0000, 0x00007f948b150000)
 tenured generation   total 3885016K, used 3882581K [0x00007f9975b50000, 0x00007f9a62d46000, 0x00007fa420600000)
   the space 3885016K,  99% used [0x00007f9975b50000, 0x00007f9a62ae5618, 0x00007f9a62ae5800, 0x00007f9a62d46000)
 Metaspace       used 24196K, capacity 24576K, committed 24832K, reserved 26624K
}
Event: 3966.595 GC heap before
{Heap before GC invocations=4413 (full 3):
 def new generation   total 1748288K, used 1577856K [0x00007f9420600000, 0x00007f9496f00000, 0x00007f9975b50000)
  eden space 1554048K, 100% used [0x00007f9420600000, 0x00007f947f3a0000, 0x00007f947f3a0000)
  from space 194240K,  12% used [0x00007f948b150000, 0x00007f948c8901f8, 0x00007f9496f00000)
  to   space 194240K,   0% used [0x00007f947f3a0000, 0x00007f947f3a0000, 0x00007f948b150000)
 tenured generation   total 3885016K, used 3882581K [0x00007f9975b50000, 0x00007f9a62d46000, 0x00007fa420600000)
   the space 3885016K,  99% used [0x00007f9975b50000, 0x00007f9a62ae5618, 0x00007f9a62ae5800, 0x00007f9a62d46000)
 Metaspace       used 24196K, capacity 24576K, committed 24832K, reserved 26624K
}
Event: 3966.660 GC heap after
{Heap after GC invocations=4414 (full 3):
 def new generation   total 1748288K, used 23803K [0x00007f9420600000, 0x00007f9496f00000, 0x00007f9975b50000)
  eden space 1554048K,   0% used [0x00007f9420600000, 0x00007f9420600000, 0x00007f947f3a0000)
  from space 194240K,  12% used [0x00007f947f3a0000, 0x00007f9480adee38, 0x00007f948b150000)
  to   space 194240K,   0% used [0x00007f948b150000, 0x00007f948b150000, 0x00007f9496f00000)
 tenured generation   total 3885016K, used 3884143K [0x00007f9975b50000, 0x00007f9a62d46000, 0x00007fa420600000)
   the space 3885016K,  99% used [0x00007f9975b50000, 0x00007f9a62c6bdd0, 0x00007f9a62c6be00, 0x00007f9a62d46000)
 Metaspace       used 24196K, capacity 24576K, committed 24832K, reserved 26624K
}
Event: 3968.189 GC heap before
{Heap before GC invocations=4414 (full 3):
 def new generation   total 1748288K, used 1577851K [0x00007f9420600000, 0x00007f9496f00000, 0x00007f9975b50000)
  eden space 1554048K, 100% used [0x00007f9420600000, 0x00007f947f3a0000, 0x00007f947f3a0000)
  from space 194240K,  12% used [0x00007f947f3a0000, 0x00007f9480adee38, 0x00007f948b150000)
  to   space 194240K,   0% used [0x00007f948b150000, 0x00007f948b150000, 0x00007f9496f00000)
 tenured generation   total 3885016K, used 3884143K [0x00007f9975b50000, 0x00007f9a62d46000, 0x00007fa420600000)
   the space 3885016K,  99% used [0x00007f9975b50000, 0x00007f9a62c6bdd0, 0x00007f9a62c6be00, 0x00007f9a62d46000)
 Metaspace       used 24196K, capacity 24576K, committed 24832K, reserved 26624K
}
Event: 3968.258 GC heap after
{Heap after GC invocations=4415 (full 3):
 def new generation   total 1748288K, used 23816K [0x00007f9420600000, 0x00007f9496f00000, 0x00007f9975b50000)
  eden space 1554048K,   0% used [0x00007f9420600000, 0x00007f9420600000, 0x00007f947f3a0000)
  from space 194240K,  12% used [0x00007f948b150000, 0x00007f948c8921c8, 0x00007f9496f00000)
  to   space 194240K,   0% used [0x00007f947f3a0000, 0x00007f947f3a0000, 0x00007f948b150000)
 tenured generation   total 3885784K, used 3885730K [0x00007f9975b50000, 0x00007f9a62e06000, 0x00007fa420600000)
   the space 3885784K,  99% used [0x00007f9975b50000, 0x00007f9a62df8bd0, 0x00007f9a62df8c00, 0x00007f9a62e06000)
 Metaspace       used 24196K, capacity 24576K, committed 24832K, reserved 26624K
}
Event: 3968.258 GC heap before
{Heap before GC invocations=4415 (full 3):
 def new generation   total 1748288K, used 23816K [0x00007f9420600000, 0x00007f9496f00000, 0x00007f9975b50000)
  eden space 1554048K,   0% used [0x00007f9420600000, 0x00007f9420600000, 0x00007f947f3a0000)
  from space 194240K,  12% used [0x00007f948b150000, 0x00007f948c8921c8, 0x00007f9496f00000)
  to   space 194240K,   0% used [0x00007f947f3a0000, 0x00007f947f3a0000, 0x00007f948b150000)
 tenured generation   total 3885784K, used 3885730K [0x00007f9975b50000, 0x00007f9a62e06000, 0x00007fa420600000)
   the space 3885784K,  99% used [0x00007f9975b50000, 0x00007f9a62df8bd0, 0x00007f9a62df8c00, 0x00007f9a62e06000)
 Metaspace       used 24196K, capacity 24576K, committed 24832K, reserved 26624K
}

