# JRE version: OpenJDK Runtime Environment (13.0.7+5) (build 13.0.7+5-Ubuntu-0ubuntu120.04)
# Java VM: OpenJDK 64-Bit Server VM (13.0.7+5-Ubuntu-0ubuntu120.04, mixed mode, tiered, serial gc, linux-amd64)
Heap:
 def new generation   total 9136256K, used 1014932K [0x00007ef588600000, 0x00007ef7f3f70000, 0x00007efaddb50000)
  eden space 8121152K,  12% used [0x00007ef588600000, 0x00007ef5c6525160, 0x00007ef7780d0000)
  from space 1015104K,   0% used [0x00007ef7780d0000, 0x00007ef7780d0000, 0x00007ef7b6020000)
  to   space 1015104K,   0% used [0x00007ef7b6020000, 0x00007ef7b6020000, 0x00007ef7f3f70000)
 tenured generation   total 27408700K, used 27408699K [0x00007efaddb50000, 0x00007f016699f000, 0x00007f0588600000)
   the space 27408700K,  99% used [0x00007efaddb50000, 0x00007f016699eed0, 0x00007f016699f000, 0x00007f016699f000)
 Metaspace       used 30440K, capacity 30863K, committed 31232K, reserved 32768K
GC Heap History (20 events):
Event: 363.150 GC heap after
{Heap after GC invocations=31 (full 7):
 def new generation   total 4329472K, used 0K [0x00007ef588600000, 0x00007ef6adfc0000, 0x00007efaddb50000)
  eden space 3848448K,   0% used [0x00007ef588600000, 0x00007ef588600000, 0x00007ef673440000)
  from space 481024K,   0% used [0x00007ef673440000, 0x00007ef673440000, 0x00007ef690a00000)
  to   space 481024K,   0% used [0x00007ef690a00000, 0x00007ef690a00000, 0x00007ef6adfc0000)
 tenured generation   total 9620944K, used 5772564K [0x00007efaddb50000, 0x00007efd28ec4000, 0x00007f0588600000)
   the space 9620944K,  59% used [0x00007efaddb50000, 0x00007efc3e095218, 0x00007efc3e095400, 0x00007efd28ec4000)
 Metaspace       used 30426K, capacity 30799K, committed 30976K, reserved 32768K
}
Event: 444.829 GC heap before
{Heap before GC invocations=31 (full 7):
 def new generation   total 4329472K, used 3848448K [0x00007ef588600000, 0x00007ef6adfc0000, 0x00007efaddb50000)
  eden space 3848448K, 100% used [0x00007ef588600000, 0x00007ef673440000, 0x00007ef673440000)
  from space 481024K,   0% used [0x00007ef673440000, 0x00007ef673440000, 0x00007ef690a00000)
  to   space 481024K,   0% used [0x00007ef690a00000, 0x00007ef690a00000, 0x00007ef6adfc0000)
 tenured generation   total 9620944K, used 5772564K [0x00007efaddb50000, 0x00007efd28ec4000, 0x00007f0588600000)
   the space 9620944K,  59% used [0x00007efaddb50000, 0x00007efc3e095218, 0x00007efc3e095400, 0x00007efd28ec4000)
 Metaspace       used 30426K, capacity 30799K, committed 30976K, reserved 32768K
}
Event: 445.914 GC heap after
{Heap after GC invocations=32 (full 7):
 def new generation   total 4329472K, used 481023K [0x00007ef588600000, 0x00007ef6adfc0000, 0x00007efaddb50000)
  eden space 3848448K,   0% used [0x00007ef588600000, 0x00007ef588600000, 0x00007ef673440000)
  from space 481024K,  99% used [0x00007ef690a00000, 0x00007ef6adfbfff0, 0x00007ef6adfc0000)
  to   space 481024K,   0% used [0x00007ef673440000, 0x00007ef673440000, 0x00007ef690a00000)
 tenured generation   total 9620944K, used 6101734K [0x00007efaddb50000, 0x00007efd28ec4000, 0x00007f0588600000)
   the space 9620944K,  63% used [0x00007efaddb50000, 0x00007efc522098b8, 0x00007efc52209a00, 0x00007efd28ec4000)
 Metaspace       used 30426K, capacity 30799K, committed 30976K, reserved 32768K
}
Event: 453.191 GC heap before
{Heap before GC invocations=32 (full 7):
 def new generation   total 4329472K, used 4329471K [0x00007ef588600000, 0x00007ef6adfc0000, 0x00007efaddb50000)
  eden space 3848448K, 100% used [0x00007ef588600000, 0x00007ef673440000, 0x00007ef673440000)
  from space 481024K,  99% used [0x00007ef690a00000, 0x00007ef6adfbfff0, 0x00007ef6adfc0000)
  to   space 481024K,   0% used [0x00007ef673440000, 0x00007ef673440000, 0x00007ef690a00000)
 tenured generation   total 9620944K, used 6101734K [0x00007efaddb50000, 0x00007efd28ec4000, 0x00007f0588600000)
   the space 9620944K,  63% used [0x00007efaddb50000, 0x00007efc522098b8, 0x00007efc52209a00, 0x00007efd28ec4000)
 Metaspace       used 30426K, capacity 30799K, committed 30976K, reserved 32768K
}
Event: 455.612 GC heap after
{Heap after GC invocations=33 (full 7):
 def new generation   total 4329472K, used 481024K [0x00007ef588600000, 0x00007ef6adfc0000, 0x00007efaddb50000)
  eden space 3848448K,   0% used [0x00007ef588600000, 0x00007ef588600000, 0x00007ef673440000)
  from space 481024K, 100% used [0x00007ef673440000, 0x00007ef690a00000, 0x00007ef690a00000)
  to   space 481024K,   0% used [0x00007ef690a00000, 0x00007ef690a00000, 0x00007ef6adfc0000)
 tenured generation   total 9620944K, used 8116582K [0x00007efaddb50000, 0x00007efd28ec4000, 0x00007f0588600000)
   the space 9620944K,  84% used [0x00007efaddb50000, 0x00007efccd1a9b18, 0x00007efccd1a9c00, 0x00007efd28ec4000)
 Metaspace       used 30426K, capacity 30799K, committed 30976K, reserved 32768K
}
Event: 457.728 GC heap before
{Heap before GC invocations=33 (full 7):
 def new generation   total 4329472K, used 4329472K [0x00007ef588600000, 0x00007ef6adfc0000, 0x00007efaddb50000)
  eden space 3848448K, 100% used [0x00007ef588600000, 0x00007ef673440000, 0x00007ef673440000)
  from space 481024K, 100% used [0x00007ef673440000, 0x00007ef690a00000, 0x00007ef690a00000)
  to   space 481024K,   0% used [0x00007ef690a00000, 0x00007ef690a00000, 0x00007ef6adfc0000)
 tenured generation   total 9620944K, used 8116582K [0x00007efaddb50000, 0x00007efd28ec4000, 0x00007f0588600000)
   the space 9620944K,  84% used [0x00007efaddb50000, 0x00007efccd1a9b18, 0x00007efccd1a9c00, 0x00007efd28ec4000)
 Metaspace       used 30426K, capacity 30799K, committed 30976K, reserved 32768K
}
Event: 460.726 GC heap after
{Heap after GC invocations=34 (full 7):
 def new generation   total 4329472K, used 481023K [0x00007ef588600000, 0x00007ef6adfc0000, 0x00007efaddb50000)
  eden space 3848448K,   0% used [0x00007ef588600000, 0x00007ef588600000, 0x00007ef673440000)
  from space 481024K,  99% used [0x00007ef690a00000, 0x00007ef6adfbfff8, 0x00007ef6adfc0000)
  to   space 481024K,   0% used [0x00007ef673440000, 0x00007ef673440000, 0x00007ef690a00000)
 tenured generation   total 10275664K, used 10275593K [0x00007efaddb50000, 0x00007efd50e24000, 0x00007f0588600000)
   the space 10275664K,  99% used [0x00007efaddb50000, 0x00007efd50e125e0, 0x00007efd50e12600, 0x00007efd50e24000)
 Metaspace       used 30426K, capacity 30799K, committed 30976K, reserved 32768K
}
Event: 460.726 GC heap before
{Heap before GC invocations=34 (full 7):
 def new generation   total 4329472K, used 481023K [0x00007ef588600000, 0x00007ef6adfc0000, 0x00007efaddb50000)
  eden space 3848448K,   0% used [0x00007ef588600000, 0x00007ef588600000, 0x00007ef673440000)
  from space 481024K,  99% used [0x00007ef690a00000, 0x00007ef6adfbfff8, 0x00007ef6adfc0000)
  to   space 481024K,   0% used [0x00007ef673440000, 0x00007ef673440000, 0x00007ef690a00000)
 tenured generation   total 10275664K, used 10275593K [0x00007efaddb50000, 0x00007efd50e24000, 0x00007f0588600000)
   the space 10275664K,  99% used [0x00007efaddb50000, 0x00007efd50e125e0, 0x00007efd50e12600, 0x00007efd50e24000)
 Metaspace       used 30426K, capacity 30799K, committed 30976K, reserved 32768K
}
Event: 469.988 GC heap after
{Heap after GC invocations=34 (full 8):
 def new generation   total 5289792K, used 0K [0x00007ef588600000, 0x00007ef6ef1c0000, 0x00007efaddb50000)
  eden space 4702080K,   0% used [0x00007ef588600000, 0x00007ef588600000, 0x00007ef6a75e0000)
  from space 587712K,   0% used [0x00007ef6a75e0000, 0x00007ef6a75e0000, 0x00007ef6cb3d0000)
  to   space 587712K,   0% used [0x00007ef6cb3d0000, 0x00007ef6cb3d0000, 0x00007ef6ef1c0000)
 tenured generation   total 11754888K, used 7052932K [0x00007efaddb50000, 0x00007efdab2b2000, 0x00007f0588600000)
   the space 11754888K,  59% used [0x00007efaddb50000, 0x00007efc8c2f1088, 0x00007efc8c2f1200, 0x00007efdab2b2000)
 Metaspace       used 30426K, capacity 30799K, committed 30976K, reserved 32768K
}
Event: 473.855 GC heap before
{Heap before GC invocations=34 (full 8):
 def new generation   total 5289792K, used 4702080K [0x00007ef588600000, 0x00007ef6ef1c0000, 0x00007efaddb50000)
  eden space 4702080K, 100% used [0x00007ef588600000, 0x00007ef6a75e0000, 0x00007ef6a75e0000)
  from space 587712K,   0% used [0x00007ef6a75e0000, 0x00007ef6a75e0000, 0x00007ef6cb3d0000)
  to   space 587712K,   0% used [0x00007ef6cb3d0000, 0x00007ef6cb3d0000, 0x00007ef6ef1c0000)
 tenured generation   total 11754888K, used 7052932K [0x00007efaddb50000, 0x00007efdab2b2000, 0x00007f0588600000)
   the space 11754888K,  59% used [0x00007efaddb50000, 0x00007efc8c2f1088, 0x00007efc8c2f1200, 0x00007efdab2b2000)
 Metaspace       used 30434K, capacity 30863K, committed 31232K, reserved 32768K
}
Event: 476.874 GC heap after
{Heap after GC invocations=35 (full 8):
 def new generation   total 5289792K, used 587711K [0x00007ef588600000, 0x00007ef6ef1c0000, 0x00007efaddb50000)
  eden space 4702080K,   0% used [0x00007ef588600000, 0x00007ef588600000, 0x00007ef6a75e0000)
  from space 587712K,  99% used [0x00007ef6cb3d0000, 0x00007ef6ef1bfff8, 0x00007ef6ef1c0000)
  to   space 587712K,   0% used [0x00007ef6a75e0000, 0x00007ef6a75e0000, 0x00007ef6cb3d0000)
 tenured generation   total 11754888K, used 8453323K [0x00007efaddb50000, 0x00007efdab2b2000, 0x00007f0588600000)
   the space 11754888K,  71% used [0x00007efaddb50000, 0x00007efce1a82e68, 0x00007efce1a83000, 0x00007efdab2b2000)
 Metaspace       used 30434K, capacity 30863K, committed 31232K, reserved 32768K
}
Event: 477.746 GC heap before
{Heap before GC invocations=35 (full 8):
 def new generation   total 5289792K, used 5289791K [0x00007ef588600000, 0x00007ef6ef1c0000, 0x00007efaddb50000)
  eden space 4702080K, 100% used [0x00007ef588600000, 0x00007ef6a75e0000, 0x00007ef6a75e0000)
  from space 587712K,  99% used [0x00007ef6cb3d0000, 0x00007ef6ef1bfff8, 0x00007ef6ef1c0000)
  to   space 587712K,   0% used [0x00007ef6a75e0000, 0x00007ef6a75e0000, 0x00007ef6cb3d0000)
 tenured generation   total 11754888K, used 8453323K [0x00007efaddb50000, 0x00007efdab2b2000, 0x00007f0588600000)
   the space 11754888K,  71% used [0x00007efaddb50000, 0x00007efce1a82e68, 0x00007efce1a83000, 0x00007efdab2b2000)
 Metaspace       used 30440K, capacity 30863K, committed 31232K, reserved 32768K
}
Event: 484.112 GC heap after
{Heap after GC invocations=36 (full 8):
 def new generation   total 5289792K, used 587711K [0x00007ef588600000, 0x00007ef6ef1c0000, 0x00007efaddb50000)
  eden space 4702080K,   0% used [0x00007ef588600000, 0x00007ef588600000, 0x00007ef6a75e0000)
  from space 587712K,  99% used [0x00007ef6a75e0000, 0x00007ef6cb3cfff0, 0x00007ef6cb3d0000)
  to   space 587712K,   0% used [0x00007ef6cb3d0000, 0x00007ef6cb3d0000, 0x00007ef6ef1c0000)
 tenured generation   total 12983688K, used 12983652K [0x00007efaddb50000, 0x00007efdf62b2000, 0x00007f0588600000)
   the space 12983688K,  99% used [0x00007efaddb50000, 0x00007efdf62a90b0, 0x00007efdf62a9200, 0x00007efdf62b2000)
 Metaspace       used 30440K, capacity 30863K, committed 31232K, reserved 32768K
}
Event: 484.112 GC heap before
{Heap before GC invocations=36 (full 8):
 def new generation   total 5289792K, used 587711K [0x00007ef588600000, 0x00007ef6ef1c0000, 0x00007efaddb50000)
  eden space 4702080K,   0% used [0x00007ef588600000, 0x00007ef588600000, 0x00007ef6a75e0000)
  from space 587712K,  99% used [0x00007ef6a75e0000, 0x00007ef6cb3cfff0, 0x00007ef6cb3d0000)
  to   space 587712K,   0% used [0x00007ef6cb3d0000, 0x00007ef6cb3d0000, 0x00007ef6ef1c0000)
 tenured generation   total 12983688K, used 12983652K [0x00007efaddb50000, 0x00007efdf62b2000, 0x00007f0588600000)
   the space 12983688K,  99% used [0x00007efaddb50000, 0x00007efdf62a90b0, 0x00007efdf62a9200, 0x00007efdf62b2000)
 Metaspace       used 30440K, capacity 30863K, committed 31232K, reserved 32768K
}
Event: 493.298 GC heap after
{Heap after GC invocations=36 (full 9):
 def new generation   total 9136256K, used 0K [0x00007ef588600000, 0x00007ef7f3f70000, 0x00007efaddb50000)
  eden space 8121152K,   0% used [0x00007ef588600000, 0x00007ef588600000, 0x00007ef7780d0000)
  from space 1015104K,   0% used [0x00007ef7780d0000, 0x00007ef7780d0000, 0x00007ef7b6020000)
  to   space 1015104K,   0% used [0x00007ef7b6020000, 0x00007ef7b6020000, 0x00007ef7f3f70000)
 tenured generation   total 20302588K, used 12181551K [0x00007efaddb50000, 0x00007effb4e0f000, 0x00007f0588600000)
   the space 20302588K,  59% used [0x00007efaddb50000, 0x00007efdc535bf90, 0x00007efdc535c000, 0x00007effb4e0f000)
 Metaspace       used 30440K, capacity 30863K, committed 31232K, reserved 32768K
}
Event: 494.648 GC heap before
{Heap before GC invocations=36 (full 9):
 def new generation   total 9136256K, used 8121152K [0x00007ef588600000, 0x00007ef7f3f70000, 0x00007efaddb50000)
  eden space 8121152K, 100% used [0x00007ef588600000, 0x00007ef7780d0000, 0x00007ef7780d0000)
  from space 1015104K,   0% used [0x00007ef7780d0000, 0x00007ef7780d0000, 0x00007ef7b6020000)
  to   space 1015104K,   0% used [0x00007ef7b6020000, 0x00007ef7b6020000, 0x00007ef7f3f70000)
 tenured generation   total 20302588K, used 12181551K [0x00007efaddb50000, 0x00007effb4e0f000, 0x00007f0588600000)
   the space 20302588K,  59% used [0x00007efaddb50000, 0x00007efdc535bf90, 0x00007efdc535c000, 0x00007effb4e0f000)
 Metaspace       used 30440K, capacity 30863K, committed 31232K, reserved 32768K
}
Event: 498.235 GC heap after
{Heap after GC invocations=37 (full 9):
 def new generation   total 9136256K, used 1015102K [0x00007ef588600000, 0x00007ef7f3f70000, 0x00007efaddb50000)
  eden space 8121152K,   0% used [0x00007ef588600000, 0x00007ef588600000, 0x00007ef7780d0000)
  from space 1015104K,  99% used [0x00007ef7b6020000, 0x00007ef7f3f6fbe0, 0x00007ef7f3f70000)
  to   space 1015104K,   0% used [0x00007ef7780d0000, 0x00007ef7780d0000, 0x00007ef7b6020000)
 tenured generation   total 20302588K, used 19287487K [0x00007efaddb50000, 0x00007effb4e0f000, 0x00007f0588600000)
   the space 20302588K,  95% used [0x00007efaddb50000, 0x00007eff76ebfff0, 0x00007eff76ec0000, 0x00007effb4e0f000)
 Metaspace       used 30440K, capacity 30863K, committed 31232K, reserved 32768K
}
Event: 499.245 GC heap before
{Heap before GC invocations=37 (full 9):
 def new generation   total 9136256K, used 9136253K [0x00007ef588600000, 0x00007ef7f3f70000, 0x00007efaddb50000)
  eden space 8121152K,  99% used [0x00007ef588600000, 0x00007ef7780cfb70, 0x00007ef7780d0000)
  from space 1015104K,  99% used [0x00007ef7b6020000, 0x00007ef7f3f6fbe0, 0x00007ef7f3f70000)
  to   space 1015104K,   0% used [0x00007ef7780d0000, 0x00007ef7780d0000, 0x00007ef7b6020000)
 tenured generation   total 20302588K, used 19287487K [0x00007efaddb50000, 0x00007effb4e0f000, 0x00007f0588600000)
   the space 20302588K,  95% used [0x00007efaddb50000, 0x00007eff76ebfff0, 0x00007eff76ec0000, 0x00007effb4e0f000)
 Metaspace       used 30440K, capacity 30863K, committed 31232K, reserved 32768K
}
Event: 503.404 GC heap after
{Heap after GC invocations=38 (full 9):
 def new generation   total 9136256K, used 1015102K [0x00007ef588600000, 0x00007ef7f3f70000, 0x00007efaddb50000)
  eden space 8121152K,   0% used [0x00007ef588600000, 0x00007ef588600000, 0x00007ef7780d0000)
  from space 1015104K,  99% used [0x00007ef7780d0000, 0x00007ef7b601fbe0, 0x00007ef7b6020000)
  to   space 1015104K,   0% used [0x00007ef7b6020000, 0x00007ef7b6020000, 0x00007ef7f3f70000)
 tenured generation   total 27408700K, used 27408529K [0x00007efaddb50000, 0x00007f016699f000, 0x00007f0588600000)
   the space 27408700K,  99% used [0x00007efaddb50000, 0x00007f0166974450, 0x00007f0166974600, 0x00007f016699f000)
 Metaspace       used 30440K, capacity 30863K, committed 31232K, reserved 32768K
}
Event: 503.404 GC heap before
{Heap before GC invocations=38 (full 9):
 def new generation   total 9136256K, used 1015102K [0x00007ef588600000, 0x00007ef7f3f70000, 0x00007efaddb50000)
  eden space 8121152K,   0% used [0x00007ef588600000, 0x00007ef588600000, 0x00007ef7780d0000)
  from space 1015104K,  99% used [0x00007ef7780d0000, 0x00007ef7b601fbe0, 0x00007ef7b6020000)
  to   space 1015104K,   0% used [0x00007ef7b6020000, 0x00007ef7b6020000, 0x00007ef7f3f70000)
 tenured generation   total 27408700K, used 27408529K [0x00007efaddb50000, 0x00007f016699f000, 0x00007f0588600000)
   the space 27408700K,  99% used [0x00007efaddb50000, 0x00007f0166974450, 0x00007f0166974600, 0x00007f016699f000)
 Metaspace       used 30440K, capacity 30863K, committed 31232K, reserved 32768K
}

