# JRE version: OpenJDK Runtime Environment (13.0.7+5) (build 13.0.7+5-Ubuntu-0ubuntu120.04)
# Java VM: OpenJDK 64-Bit Server VM (13.0.7+5-Ubuntu-0ubuntu120.04, mixed mode, tiered, compressed oops, serial gc, linux-amd64)
Heap:
 def new generation   total 2075328K, used 0K [0x0000000080200000, 0x000000010cde0000, 0x0000000300150000)
  eden space 1844736K,   0% used [0x0000000080200000, 0x0000000080200000, 0x00000000f0b80000)
  from space 230592K,   0% used [0x00000000fecb0000, 0x00000000fecb0000, 0x000000010cde0000)
  to   space 230592K,   0% used [0x00000000f0b80000, 0x00000000f0b80000, 0x00000000fecb0000)
 tenured generation   total 4700412K, used 3034648K [0x0000000300150000, 0x000000041ef8f000, 0x0000000800000000)
   the space 4700412K,  64% used [0x0000000300150000, 0x00000003b94d6020, 0x00000003b94d6200, 0x000000041ef8f000)
 Metaspace       used 22749K, capacity 23295K, committed 23680K, reserved 1071104K
  class space    used 2354K, capacity 2568K, committed 2688K, reserved 1048576K
GC Heap History (20 events):
Event: 599.908 GC heap after
{Heap after GC invocations=691 (full 23):
 def new generation   total 2075328K, used 55137K [0x0000000080200000, 0x000000010cde0000, 0x0000000300150000)
  eden space 1844736K,   0% used [0x0000000080200000, 0x0000000080200000, 0x00000000f0b80000)
  from space 230592K,  23% used [0x00000000f0b80000, 0x00000000f41585a0, 0x00000000fecb0000)
  to   space 230592K,   0% used [0x00000000fecb0000, 0x00000000fecb0000, 0x000000010cde0000)
 tenured generation   total 4611716K, used 4300088K [0x0000000300150000, 0x00000004198f1000, 0x0000000800000000)
   the space 4611716K,  93% used [0x0000000300150000, 0x000000040689e1d0, 0x000000040689e200, 0x00000004198f1000)
 Metaspace       used 22749K, capacity 23295K, committed 23680K, reserved 1071104K
  class space    used 2354K, capacity 2568K, committed 2688K, reserved 1048576K
}
Event: 601.327 GC heap before
{Heap before GC invocations=691 (full 23):
 def new generation   total 2075328K, used 1899781K [0x0000000080200000, 0x000000010cde0000, 0x0000000300150000)
  eden space 1844736K,  99% used [0x0000000080200000, 0x00000000f0b68ea8, 0x00000000f0b80000)
  from space 230592K,  23% used [0x00000000f0b80000, 0x00000000f41585a0, 0x00000000fecb0000)
  to   space 230592K,   0% used [0x00000000fecb0000, 0x00000000fecb0000, 0x000000010cde0000)
 tenured generation   total 4611716K, used 4300088K [0x0000000300150000, 0x00000004198f1000, 0x0000000800000000)
   the space 4611716K,  93% used [0x0000000300150000, 0x000000040689e1d0, 0x000000040689e200, 0x00000004198f1000)
 Metaspace       used 22749K, capacity 23295K, committed 23680K, reserved 1071104K
  class space    used 2354K, capacity 2568K, committed 2688K, reserved 1048576K
}
Event: 601.390 GC heap after
{Heap after GC invocations=692 (full 23):
 def new generation   total 2075328K, used 165489K [0x0000000080200000, 0x000000010cde0000, 0x0000000300150000)
  eden space 1844736K,   0% used [0x0000000080200000, 0x0000000080200000, 0x00000000f0b80000)
  from space 230592K,  71% used [0x00000000fecb0000, 0x0000000108e4c710, 0x000000010cde0000)
  to   space 230592K,   0% used [0x00000000f0b80000, 0x00000000f0b80000, 0x00000000fecb0000)
 tenured generation   total 4611716K, used 4300088K [0x0000000300150000, 0x00000004198f1000, 0x0000000800000000)
   the space 4611716K,  93% used [0x0000000300150000, 0x000000040689e1d0, 0x000000040689e200, 0x00000004198f1000)
 Metaspace       used 22749K, capacity 23295K, committed 23680K, reserved 1071104K
  class space    used 2354K, capacity 2568K, committed 2688K, reserved 1048576K
}
Event: 602.798 GC heap before
{Heap before GC invocations=692 (full 23):
 def new generation   total 2075328K, used 2010225K [0x0000000080200000, 0x000000010cde0000, 0x0000000300150000)
  eden space 1844736K, 100% used [0x0000000080200000, 0x00000000f0b80000, 0x00000000f0b80000)
  from space 230592K,  71% used [0x00000000fecb0000, 0x0000000108e4c710, 0x000000010cde0000)
  to   space 230592K,   0% used [0x00000000f0b80000, 0x00000000f0b80000, 0x00000000fecb0000)
 tenured generation   total 4611716K, used 4300088K [0x0000000300150000, 0x00000004198f1000, 0x0000000800000000)
   the space 4611716K,  93% used [0x0000000300150000, 0x000000040689e1d0, 0x000000040689e200, 0x00000004198f1000)
 Metaspace       used 22749K, capacity 23295K, committed 23680K, reserved 1071104K
  class space    used 2354K, capacity 2568K, committed 2688K, reserved 1048576K
}
Event: 602.932 GC heap after
{Heap after GC invocations=693 (full 23):
 def new generation   total 2075328K, used 220728K [0x0000000080200000, 0x000000010cde0000, 0x0000000300150000)
  eden space 1844736K,   0% used [0x0000000080200000, 0x0000000080200000, 0x00000000f0b80000)
  from space 230592K,  95% used [0x00000000f0b80000, 0x00000000fe30e100, 0x00000000fecb0000)
  to   space 230592K,   0% used [0x00000000fecb0000, 0x00000000fecb0000, 0x000000010cde0000)
 tenured generation   total 4611716K, used 4354702K [0x0000000300150000, 0x00000004198f1000, 0x0000000800000000)
   the space 4611716K,  94% used [0x0000000300150000, 0x0000000409df3948, 0x0000000409df3a00, 0x00000004198f1000)
 Metaspace       used 22749K, capacity 23295K, committed 23680K, reserved 1071104K
  class space    used 2354K, capacity 2568K, committed 2688K, reserved 1048576K
}
Event: 604.400 GC heap before
{Heap before GC invocations=693 (full 23):
 def new generation   total 2075328K, used 2065464K [0x0000000080200000, 0x000000010cde0000, 0x0000000300150000)
  eden space 1844736K, 100% used [0x0000000080200000, 0x00000000f0b80000, 0x00000000f0b80000)
  from space 230592K,  95% used [0x00000000f0b80000, 0x00000000fe30e100, 0x00000000fecb0000)
  to   space 230592K,   0% used [0x00000000fecb0000, 0x00000000fecb0000, 0x000000010cde0000)
 tenured generation   total 4611716K, used 4354702K [0x0000000300150000, 0x00000004198f1000, 0x0000000800000000)
   the space 4611716K,  94% used [0x0000000300150000, 0x0000000409df3948, 0x0000000409df3a00, 0x00000004198f1000)
 Metaspace       used 22749K, capacity 23295K, committed 23680K, reserved 1071104K
  class space    used 2354K, capacity 2568K, committed 2688K, reserved 1048576K
}
Event: 604.445 GC heap after
{Heap after GC invocations=694 (full 23):
 def new generation   total 2075328K, used 119902K [0x0000000080200000, 0x000000010cde0000, 0x0000000300150000)
  eden space 1844736K,   0% used [0x0000000080200000, 0x0000000080200000, 0x00000000f0b80000)
  from space 230592K,  51% used [0x00000000fecb0000, 0x00000001061c7928, 0x000000010cde0000)
  to   space 230592K,   0% used [0x00000000f0b80000, 0x00000000f0b80000, 0x00000000fecb0000)
 tenured generation   total 4611716K, used 4356785K [0x0000000300150000, 0x00000004198f1000, 0x0000000800000000)
   the space 4611716K,  94% used [0x0000000300150000, 0x0000000409ffc488, 0x0000000409ffc600, 0x00000004198f1000)
 Metaspace       used 22749K, capacity 23295K, committed 23680K, reserved 1071104K
  class space    used 2354K, capacity 2568K, committed 2688K, reserved 1048576K
}
Event: 605.904 GC heap before
{Heap before GC invocations=694 (full 23):
 def new generation   total 2075328K, used 1964638K [0x0000000080200000, 0x000000010cde0000, 0x0000000300150000)
  eden space 1844736K, 100% used [0x0000000080200000, 0x00000000f0b80000, 0x00000000f0b80000)
  from space 230592K,  51% used [0x00000000fecb0000, 0x00000001061c7928, 0x000000010cde0000)
  to   space 230592K,   0% used [0x00000000f0b80000, 0x00000000f0b80000, 0x00000000fecb0000)
 tenured generation   total 4611716K, used 4356785K [0x0000000300150000, 0x00000004198f1000, 0x0000000800000000)
   the space 4611716K,  94% used [0x0000000300150000, 0x0000000409ffc488, 0x0000000409ffc600, 0x00000004198f1000)
 Metaspace       used 22749K, capacity 23295K, committed 23680K, reserved 1071104K
  class space    used 2354K, capacity 2568K, committed 2688K, reserved 1048576K
}
Event: 606.028 GC heap after
{Heap after GC invocations=695 (full 23):
 def new generation   total 2075328K, used 110878K [0x0000000080200000, 0x000000010cde0000, 0x0000000300150000)
  eden space 1844736K,   0% used [0x0000000080200000, 0x0000000080200000, 0x00000000f0b80000)
  from space 230592K,  48% used [0x00000000f0b80000, 0x00000000f77c7be0, 0x00000000fecb0000)
  to   space 230592K,   0% used [0x00000000fecb0000, 0x00000000fecb0000, 0x000000010cde0000)
 tenured generation   total 4611716K, used 4476165K [0x0000000300150000, 0x00000004198f1000, 0x0000000800000000)
   the space 4611716K,  97% used [0x0000000300150000, 0x00000004114914b8, 0x0000000411491600, 0x00000004198f1000)
 Metaspace       used 22749K, capacity 23295K, committed 23680K, reserved 1071104K
  class space    used 2354K, capacity 2568K, committed 2688K, reserved 1048576K
}
Event: 607.442 GC heap before
{Heap before GC invocations=695 (full 23):
 def new generation   total 2075328K, used 1955614K [0x0000000080200000, 0x000000010cde0000, 0x0000000300150000)
  eden space 1844736K, 100% used [0x0000000080200000, 0x00000000f0b80000, 0x00000000f0b80000)
  from space 230592K,  48% used [0x00000000f0b80000, 0x00000000f77c7be0, 0x00000000fecb0000)
  to   space 230592K,   0% used [0x00000000fecb0000, 0x00000000fecb0000, 0x000000010cde0000)
 tenured generation   total 4611716K, used 4476165K [0x0000000300150000, 0x00000004198f1000, 0x0000000800000000)
   the space 4611716K,  97% used [0x0000000300150000, 0x00000004114914b8, 0x0000000411491600, 0x00000004198f1000)
 Metaspace       used 22749K, capacity 23295K, committed 23680K, reserved 1071104K
  class space    used 2354K, capacity 2568K, committed 2688K, reserved 1048576K
}
Event: 607.509 GC heap after
{Heap after GC invocations=696 (full 23):
 def new generation   total 2075328K, used 90299K [0x0000000080200000, 0x000000010cde0000, 0x0000000300150000)
  eden space 1844736K,   0% used [0x0000000080200000, 0x0000000080200000, 0x00000000f0b80000)
  from space 230592K,  39% used [0x00000000fecb0000, 0x00000001044dee08, 0x000000010cde0000)
  to   space 230592K,   0% used [0x00000000f0b80000, 0x00000000f0b80000, 0x00000000fecb0000)
 tenured generation   total 4611716K, used 4476165K [0x0000000300150000, 0x00000004198f1000, 0x0000000800000000)
   the space 4611716K,  97% used [0x0000000300150000, 0x00000004114914b8, 0x0000000411491600, 0x00000004198f1000)
 Metaspace       used 22749K, capacity 23295K, committed 23680K, reserved 1071104K
  class space    used 2354K, capacity 2568K, committed 2688K, reserved 1048576K
}
Event: 608.945 GC heap before
{Heap before GC invocations=696 (full 23):
 def new generation   total 2075328K, used 1935035K [0x0000000080200000, 0x000000010cde0000, 0x0000000300150000)
  eden space 1844736K, 100% used [0x0000000080200000, 0x00000000f0b80000, 0x00000000f0b80000)
  from space 230592K,  39% used [0x00000000fecb0000, 0x00000001044dee08, 0x000000010cde0000)
  to   space 230592K,   0% used [0x00000000f0b80000, 0x00000000f0b80000, 0x00000000fecb0000)
 tenured generation   total 4611716K, used 4476165K [0x0000000300150000, 0x00000004198f1000, 0x0000000800000000)
   the space 4611716K,  97% used [0x0000000300150000, 0x00000004114914b8, 0x0000000411491600, 0x00000004198f1000)
 Metaspace       used 22749K, capacity 23295K, committed 23680K, reserved 1071104K
  class space    used 2354K, capacity 2568K, committed 2688K, reserved 1048576K
}
Event: 609.083 GC heap after
{Heap after GC invocations=697 (full 23):
 def new generation   total 2075328K, used 200646K [0x0000000080200000, 0x000000010cde0000, 0x0000000300150000)
  eden space 1844736K,   0% used [0x0000000080200000, 0x0000000080200000, 0x00000000f0b80000)
  from space 230592K,  87% used [0x00000000f0b80000, 0x00000000fcf71978, 0x00000000fecb0000)
  to   space 230592K,   0% used [0x00000000fecb0000, 0x00000000fecb0000, 0x000000010cde0000)
 tenured generation   total 4611716K, used 4476165K [0x0000000300150000, 0x00000004198f1000, 0x0000000800000000)
   the space 4611716K,  97% used [0x0000000300150000, 0x00000004114914b8, 0x0000000411491600, 0x00000004198f1000)
 Metaspace       used 22749K, capacity 23295K, committed 23680K, reserved 1071104K
  class space    used 2354K, capacity 2568K, committed 2688K, reserved 1048576K
}
Event: 610.502 GC heap before
{Heap before GC invocations=697 (full 23):
 def new generation   total 2075328K, used 2045382K [0x0000000080200000, 0x000000010cde0000, 0x0000000300150000)
  eden space 1844736K, 100% used [0x0000000080200000, 0x00000000f0b80000, 0x00000000f0b80000)
  from space 230592K,  87% used [0x00000000f0b80000, 0x00000000fcf71978, 0x00000000fecb0000)
  to   space 230592K,   0% used [0x00000000fecb0000, 0x00000000fecb0000, 0x000000010cde0000)
 tenured generation   total 4611716K, used 4476165K [0x0000000300150000, 0x00000004198f1000, 0x0000000800000000)
   the space 4611716K,  97% used [0x0000000300150000, 0x00000004114914b8, 0x0000000411491600, 0x00000004198f1000)
 Metaspace       used 22749K, capacity 23295K, committed 23680K, reserved 1071104K
  class space    used 2354K, capacity 2568K, committed 2688K, reserved 1048576K
}
Event: 610.739 GC heap after
{Heap after GC invocations=698 (full 23):
 def new generation   total 2075328K, used 220726K [0x0000000080200000, 0x000000010cde0000, 0x0000000300150000)
  eden space 1844736K,   0% used [0x0000000080200000, 0x0000000080200000, 0x00000000f0b80000)
  from space 230592K,  95% used [0x00000000fecb0000, 0x000000010c43d970, 0x000000010cde0000)
  to   space 230592K,   0% used [0x00000000f0b80000, 0x00000000f0b80000, 0x00000000fecb0000)
 tenured generation   total 4611716K, used 4565935K [0x0000000300150000, 0x00000004198f1000, 0x0000000800000000)
   the space 4611716K,  99% used [0x0000000300150000, 0x0000000416c3bfd8, 0x0000000416c3c000, 0x00000004198f1000)
 Metaspace       used 22749K, capacity 23295K, committed 23680K, reserved 1071104K
  class space    used 2354K, capacity 2568K, committed 2688K, reserved 1048576K
}
Event: 612.157 GC heap before
{Heap before GC invocations=698 (full 23):
 def new generation   total 2075328K, used 2065462K [0x0000000080200000, 0x000000010cde0000, 0x0000000300150000)
  eden space 1844736K, 100% used [0x0000000080200000, 0x00000000f0b80000, 0x00000000f0b80000)
  from space 230592K,  95% used [0x00000000fecb0000, 0x000000010c43d970, 0x000000010cde0000)
  to   space 230592K,   0% used [0x00000000f0b80000, 0x00000000f0b80000, 0x00000000fecb0000)
 tenured generation   total 4611716K, used 4565935K [0x0000000300150000, 0x00000004198f1000, 0x0000000800000000)
   the space 4611716K,  99% used [0x0000000300150000, 0x0000000416c3bfd8, 0x0000000416c3c000, 0x00000004198f1000)
 Metaspace       used 22749K, capacity 23295K, committed 23680K, reserved 1071104K
  class space    used 2354K, capacity 2568K, committed 2688K, reserved 1048576K
}
Event: 612.247 GC heap after
{Heap after GC invocations=699 (full 23):
 def new generation   total 2075328K, used 129744K [0x0000000080200000, 0x000000010cde0000, 0x0000000300150000)
  eden space 1844736K,   0% used [0x0000000080200000, 0x0000000080200000, 0x00000000f0b80000)
  from space 230592K,  56% used [0x00000000f0b80000, 0x00000000f8a343d0, 0x00000000fecb0000)
  to   space 230592K,   0% used [0x00000000fecb0000, 0x00000000fecb0000, 0x000000010cde0000)
 tenured generation   total 4611716K, used 4571102K [0x0000000300150000, 0x00000004198f1000, 0x0000000800000000)
   the space 4611716K,  99% used [0x0000000300150000, 0x0000000417147a68, 0x0000000417147c00, 0x00000004198f1000)
 Metaspace       used 22749K, capacity 23295K, committed 23680K, reserved 1071104K
  class space    used 2354K, capacity 2568K, committed 2688K, reserved 1048576K
}
Event: 613.666 GC heap before
{Heap before GC invocations=699 (full 23):
 def new generation   total 2075328K, used 1974480K [0x0000000080200000, 0x000000010cde0000, 0x0000000300150000)
  eden space 1844736K, 100% used [0x0000000080200000, 0x00000000f0b80000, 0x00000000f0b80000)
  from space 230592K,  56% used [0x00000000f0b80000, 0x00000000f8a343d0, 0x00000000fecb0000)
  to   space 230592K,   0% used [0x00000000fecb0000, 0x00000000fecb0000, 0x000000010cde0000)
 tenured generation   total 4611716K, used 4571102K [0x0000000300150000, 0x00000004198f1000, 0x0000000800000000)
   the space 4611716K,  99% used [0x0000000300150000, 0x0000000417147a68, 0x0000000417147c00, 0x00000004198f1000)
 Metaspace       used 22749K, capacity 23295K, committed 23680K, reserved 1071104K
  class space    used 2354K, capacity 2568K, committed 2688K, reserved 1048576K
}
Event: 613.814 GC heap after
{Heap after GC invocations=700 (full 23):
 def new generation   total 2075328K, used 111384K [0x0000000080200000, 0x000000010cde0000, 0x0000000300150000)
  eden space 1844736K,   0% used [0x0000000080200000, 0x0000000080200000, 0x00000000f0b80000)
  from space 230592K,  48% used [0x00000000fecb0000, 0x0000000105976020, 0x000000010cde0000)
  to   space 230592K,   0% used [0x00000000f0b80000, 0x00000000f0b80000, 0x00000000fecb0000)
 tenured generation   total 4700412K, used 4700322K [0x0000000300150000, 0x000000041ef8f000, 0x0000000800000000)
   the space 4700412K,  99% used [0x0000000300150000, 0x000000041ef788d8, 0x000000041ef78a00, 0x000000041ef8f000)
 Metaspace       used 22749K, capacity 23295K, committed 23680K, reserved 1071104K
  class space    used 2354K, capacity 2568K, committed 2688K, reserved 1048576K
}
Event: 613.814 GC heap before
{Heap before GC invocations=700 (full 23):
 def new generation   total 2075328K, used 111384K [0x0000000080200000, 0x000000010cde0000, 0x0000000300150000)
  eden space 1844736K,   0% used [0x0000000080200000, 0x0000000080200000, 0x00000000f0b80000)
  from space 230592K,  48% used [0x00000000fecb0000, 0x0000000105976020, 0x000000010cde0000)
  to   space 230592K,   0% used [0x00000000f0b80000, 0x00000000f0b80000, 0x00000000fecb0000)
 tenured generation   total 4700412K, used 4700322K [0x0000000300150000, 0x000000041ef8f000, 0x0000000800000000)
   the space 4700412K,  99% used [0x0000000300150000, 0x000000041ef788d8, 0x000000041ef78a00, 0x000000041ef8f000)
 Metaspace       used 22749K, capacity 23295K, committed 23680K, reserved 1071104K
  class space    used 2354K, capacity 2568K, committed 2688K, reserved 1048576K
}

