# JRE version: OpenJDK Runtime Environment (13.0.7+5) (build 13.0.7+5-Ubuntu-0ubuntu120.04)
# Java VM: OpenJDK 64-Bit Server VM (13.0.7+5-Ubuntu-0ubuntu120.04, mixed mode, tiered, serial gc, linux-amd64)
Heap:
 def new generation   total 1748416K, used 0K [0x00007f6e7c600000, 0x00007f6ef2f20000, 0x00007f73d1b50000)
  eden space 1554176K,   0% used [0x00007f6e7c600000, 0x00007f6e7c600000, 0x00007f6edb3c0000)
  from space 194240K,   0% used [0x00007f6ee7170000, 0x00007f6ee7170000, 0x00007f6ef2f20000)
  to   space 194240K,   0% used [0x00007f6edb3c0000, 0x00007f6edb3c0000, 0x00007f6ee7170000)
 tenured generation   total 3885612K, used 3879338K [0x00007f73d1b50000, 0x00007f74beddb000, 0x00007f7e7c600000)
   the space 3885612K,  99% used [0x00007f73d1b50000, 0x00007f74be7bab90, 0x00007f74be7bac00, 0x00007f74beddb000)
 Metaspace       used 24220K, capacity 24581K, committed 24832K, reserved 26624K
GC Heap History (20 events):
Event: 6183.987 GC heap after
{Heap after GC invocations=11329 (full 3):
 def new generation   total 1748416K, used 7361K [0x00007f6e7c600000, 0x00007f6ef2f20000, 0x00007f73d1b50000)
  eden space 1554176K,   0% used [0x00007f6e7c600000, 0x00007f6e7c600000, 0x00007f6edb3c0000)
  from space 194240K,   3% used [0x00007f6edb3c0000, 0x00007f6edbaf0688, 0x00007f6ee7170000)
  to   space 194240K,   0% used [0x00007f6ee7170000, 0x00007f6ee7170000, 0x00007f6ef2f20000)
 tenured generation   total 3885228K, used 3880248K [0x00007f73d1b50000, 0x00007f74bed7b000, 0x00007f7e7c600000)
   the space 3885228K,  99% used [0x00007f73d1b50000, 0x00007f74be89e240, 0x00007f74be89e400, 0x00007f74bed7b000)
 Metaspace       used 24220K, capacity 24581K, committed 24832K, reserved 26624K
}
Event: 6184.938 GC heap before
{Heap before GC invocations=11329 (full 3):
 def new generation   total 1748416K, used 1561537K [0x00007f6e7c600000, 0x00007f6ef2f20000, 0x00007f73d1b50000)
  eden space 1554176K, 100% used [0x00007f6e7c600000, 0x00007f6edb3c0000, 0x00007f6edb3c0000)
  from space 194240K,   3% used [0x00007f6edb3c0000, 0x00007f6edbaf0688, 0x00007f6ee7170000)
  to   space 194240K,   0% used [0x00007f6ee7170000, 0x00007f6ee7170000, 0x00007f6ef2f20000)
 tenured generation   total 3885228K, used 3880248K [0x00007f73d1b50000, 0x00007f74bed7b000, 0x00007f7e7c600000)
   the space 3885228K,  99% used [0x00007f73d1b50000, 0x00007f74be89e240, 0x00007f74be89e400, 0x00007f74bed7b000)
 Metaspace       used 24220K, capacity 24581K, committed 24832K, reserved 26624K
}
Event: 6184.948 GC heap after
{Heap after GC invocations=11330 (full 3):
 def new generation   total 1748416K, used 7320K [0x00007f6e7c600000, 0x00007f6ef2f20000, 0x00007f73d1b50000)
  eden space 1554176K,   0% used [0x00007f6e7c600000, 0x00007f6e7c600000, 0x00007f6edb3c0000)
  from space 194240K,   3% used [0x00007f6ee7170000, 0x00007f6ee78961c0, 0x00007f6ef2f20000)
  to   space 194240K,   0% used [0x00007f6edb3c0000, 0x00007f6edb3c0000, 0x00007f6ee7170000)
 tenured generation   total 3885228K, used 3880777K [0x00007f73d1b50000, 0x00007f74bed7b000, 0x00007f7e7c600000)
   the space 3885228K,  99% used [0x00007f73d1b50000, 0x00007f74be922500, 0x00007f74be922600, 0x00007f74bed7b000)
 Metaspace       used 24220K, capacity 24581K, committed 24832K, reserved 26624K
}
Event: 6185.897 GC heap before
{Heap before GC invocations=11330 (full 3):
 def new generation   total 1748416K, used 1561496K [0x00007f6e7c600000, 0x00007f6ef2f20000, 0x00007f73d1b50000)
  eden space 1554176K, 100% used [0x00007f6e7c600000, 0x00007f6edb3c0000, 0x00007f6edb3c0000)
  from space 194240K,   3% used [0x00007f6ee7170000, 0x00007f6ee78961c0, 0x00007f6ef2f20000)
  to   space 194240K,   0% used [0x00007f6edb3c0000, 0x00007f6edb3c0000, 0x00007f6ee7170000)
 tenured generation   total 3885228K, used 3880777K [0x00007f73d1b50000, 0x00007f74bed7b000, 0x00007f7e7c600000)
   the space 3885228K,  99% used [0x00007f73d1b50000, 0x00007f74be922500, 0x00007f74be922600, 0x00007f74bed7b000)
 Metaspace       used 24220K, capacity 24581K, committed 24832K, reserved 26624K
}
Event: 6185.908 GC heap after
{Heap after GC invocations=11331 (full 3):
 def new generation   total 1748416K, used 7060K [0x00007f6e7c600000, 0x00007f6ef2f20000, 0x00007f73d1b50000)
  eden space 1554176K,   0% used [0x00007f6e7c600000, 0x00007f6e7c600000, 0x00007f6edb3c0000)
  from space 194240K,   3% used [0x00007f6edb3c0000, 0x00007f6edbaa53f0, 0x00007f6ee7170000)
  to   space 194240K,   0% used [0x00007f6ee7170000, 0x00007f6ee7170000, 0x00007f6ef2f20000)
 tenured generation   total 3885228K, used 3881576K [0x00007f73d1b50000, 0x00007f74bed7b000, 0x00007f7e7c600000)
   the space 3885228K,  99% used [0x00007f73d1b50000, 0x00007f74be9ea258, 0x00007f74be9ea400, 0x00007f74bed7b000)
 Metaspace       used 24220K, capacity 24581K, committed 24832K, reserved 26624K
}
Event: 6186.856 GC heap before
{Heap before GC invocations=11331 (full 3):
 def new generation   total 1748416K, used 1561236K [0x00007f6e7c600000, 0x00007f6ef2f20000, 0x00007f73d1b50000)
  eden space 1554176K, 100% used [0x00007f6e7c600000, 0x00007f6edb3c0000, 0x00007f6edb3c0000)
  from space 194240K,   3% used [0x00007f6edb3c0000, 0x00007f6edbaa53f0, 0x00007f6ee7170000)
  to   space 194240K,   0% used [0x00007f6ee7170000, 0x00007f6ee7170000, 0x00007f6ef2f20000)
 tenured generation   total 3885228K, used 3881576K [0x00007f73d1b50000, 0x00007f74bed7b000, 0x00007f7e7c600000)
   the space 3885228K,  99% used [0x00007f73d1b50000, 0x00007f74be9ea258, 0x00007f74be9ea400, 0x00007f74bed7b000)
 Metaspace       used 24220K, capacity 24581K, committed 24832K, reserved 26624K
}
Event: 6186.869 GC heap after
{Heap after GC invocations=11332 (full 3):
 def new generation   total 1748416K, used 6989K [0x00007f6e7c600000, 0x00007f6ef2f20000, 0x00007f73d1b50000)
  eden space 1554176K,   0% used [0x00007f6e7c600000, 0x00007f6e7c600000, 0x00007f6edb3c0000)
  from space 194240K,   3% used [0x00007f6ee7170000, 0x00007f6ee78436e0, 0x00007f6ef2f20000)
  to   space 194240K,   0% used [0x00007f6edb3c0000, 0x00007f6edb3c0000, 0x00007f6ee7170000)
 tenured generation   total 3885228K, used 3882373K [0x00007f73d1b50000, 0x00007f74bed7b000, 0x00007f7e7c600000)
   the space 3885228K,  99% used [0x00007f73d1b50000, 0x00007f74beab1658, 0x00007f74beab1800, 0x00007f74bed7b000)
 Metaspace       used 24220K, capacity 24581K, committed 24832K, reserved 26624K
}
Event: 6187.811 GC heap before
{Heap before GC invocations=11332 (full 3):
 def new generation   total 1748416K, used 1561165K [0x00007f6e7c600000, 0x00007f6ef2f20000, 0x00007f73d1b50000)
  eden space 1554176K, 100% used [0x00007f6e7c600000, 0x00007f6edb3c0000, 0x00007f6edb3c0000)
  from space 194240K,   3% used [0x00007f6ee7170000, 0x00007f6ee78436e0, 0x00007f6ef2f20000)
  to   space 194240K,   0% used [0x00007f6edb3c0000, 0x00007f6edb3c0000, 0x00007f6ee7170000)
 tenured generation   total 3885228K, used 3882373K [0x00007f73d1b50000, 0x00007f74bed7b000, 0x00007f7e7c600000)
   the space 3885228K,  99% used [0x00007f73d1b50000, 0x00007f74beab1658, 0x00007f74beab1800, 0x00007f74bed7b000)
 Metaspace       used 24220K, capacity 24581K, committed 24832K, reserved 26624K
}
Event: 6187.824 GC heap after
{Heap after GC invocations=11333 (full 3):
 def new generation   total 1748416K, used 8314K [0x00007f6e7c600000, 0x00007f6ef2f20000, 0x00007f73d1b50000)
  eden space 1554176K,   0% used [0x00007f6e7c600000, 0x00007f6e7c600000, 0x00007f6edb3c0000)
  from space 194240K,   4% used [0x00007f6edb3c0000, 0x00007f6edbbde978, 0x00007f6ee7170000)
  to   space 194240K,   0% used [0x00007f6ee7170000, 0x00007f6ee7170000, 0x00007f6ef2f20000)
 tenured generation   total 3885228K, used 3882653K [0x00007f73d1b50000, 0x00007f74bed7b000, 0x00007f7e7c600000)
   the space 3885228K,  99% used [0x00007f73d1b50000, 0x00007f74beaf75a8, 0x00007f74beaf7600, 0x00007f74bed7b000)
 Metaspace       used 24220K, capacity 24581K, committed 24832K, reserved 26624K
}
Event: 6188.783 GC heap before
{Heap before GC invocations=11333 (full 3):
 def new generation   total 1748416K, used 1562490K [0x00007f6e7c600000, 0x00007f6ef2f20000, 0x00007f73d1b50000)
  eden space 1554176K, 100% used [0x00007f6e7c600000, 0x00007f6edb3c0000, 0x00007f6edb3c0000)
  from space 194240K,   4% used [0x00007f6edb3c0000, 0x00007f6edbbde978, 0x00007f6ee7170000)
  to   space 194240K,   0% used [0x00007f6ee7170000, 0x00007f6ee7170000, 0x00007f6ef2f20000)
 tenured generation   total 3885228K, used 3882653K [0x00007f73d1b50000, 0x00007f74bed7b000, 0x00007f7e7c600000)
   the space 3885228K,  99% used [0x00007f73d1b50000, 0x00007f74beaf75a8, 0x00007f74beaf7600, 0x00007f74bed7b000)
 Metaspace       used 24220K, capacity 24581K, committed 24832K, reserved 26624K
}
Event: 6188.797 GC heap after
{Heap after GC invocations=11334 (full 3):
 def new generation   total 1748416K, used 9555K [0x00007f6e7c600000, 0x00007f6ef2f20000, 0x00007f73d1b50000)
  eden space 1554176K,   0% used [0x00007f6e7c600000, 0x00007f6e7c600000, 0x00007f6edb3c0000)
  from space 194240K,   4% used [0x00007f6ee7170000, 0x00007f6ee7ac4e40, 0x00007f6ef2f20000)
  to   space 194240K,   0% used [0x00007f6edb3c0000, 0x00007f6edb3c0000, 0x00007f6ee7170000)
 tenured generation   total 3885228K, used 3882995K [0x00007f73d1b50000, 0x00007f74bed7b000, 0x00007f7e7c600000)
   the space 3885228K,  99% used [0x00007f73d1b50000, 0x00007f74beb4cfa8, 0x00007f74beb4d000, 0x00007f74bed7b000)
 Metaspace       used 24220K, capacity 24581K, committed 24832K, reserved 26624K
}
Event: 6189.725 GC heap before
{Heap before GC invocations=11334 (full 3):
 def new generation   total 1748416K, used 1563731K [0x00007f6e7c600000, 0x00007f6ef2f20000, 0x00007f73d1b50000)
  eden space 1554176K, 100% used [0x00007f6e7c600000, 0x00007f6edb3c0000, 0x00007f6edb3c0000)
  from space 194240K,   4% used [0x00007f6ee7170000, 0x00007f6ee7ac4e40, 0x00007f6ef2f20000)
  to   space 194240K,   0% used [0x00007f6edb3c0000, 0x00007f6edb3c0000, 0x00007f6ee7170000)
 tenured generation   total 3885228K, used 3882995K [0x00007f73d1b50000, 0x00007f74bed7b000, 0x00007f7e7c600000)
   the space 3885228K,  99% used [0x00007f73d1b50000, 0x00007f74beb4cfa8, 0x00007f74beb4d000, 0x00007f74bed7b000)
 Metaspace       used 24220K, capacity 24581K, committed 24832K, reserved 26624K
}
Event: 6189.741 GC heap after
{Heap after GC invocations=11335 (full 3):
 def new generation   total 1748416K, used 10806K [0x00007f6e7c600000, 0x00007f6ef2f20000, 0x00007f73d1b50000)
  eden space 1554176K,   0% used [0x00007f6e7c600000, 0x00007f6e7c600000, 0x00007f6edb3c0000)
  from space 194240K,   5% used [0x00007f6edb3c0000, 0x00007f6edbe4d938, 0x00007f6ee7170000)
  to   space 194240K,   0% used [0x00007f6ee7170000, 0x00007f6ee7170000, 0x00007f6ef2f20000)
 tenured generation   total 3885228K, used 3883338K [0x00007f73d1b50000, 0x00007f74bed7b000, 0x00007f7e7c600000)
   the space 3885228K,  99% used [0x00007f73d1b50000, 0x00007f74beba29a8, 0x00007f74beba2a00, 0x00007f74bed7b000)
 Metaspace       used 24220K, capacity 24581K, committed 24832K, reserved 26624K
}
Event: 6190.686 GC heap before
{Heap before GC invocations=11335 (full 3):
 def new generation   total 1748416K, used 1564982K [0x00007f6e7c600000, 0x00007f6ef2f20000, 0x00007f73d1b50000)
  eden space 1554176K, 100% used [0x00007f6e7c600000, 0x00007f6edb3c0000, 0x00007f6edb3c0000)
  from space 194240K,   5% used [0x00007f6edb3c0000, 0x00007f6edbe4d938, 0x00007f6ee7170000)
  to   space 194240K,   0% used [0x00007f6ee7170000, 0x00007f6ee7170000, 0x00007f6ef2f20000)
 tenured generation   total 3885228K, used 3883338K [0x00007f73d1b50000, 0x00007f74bed7b000, 0x00007f7e7c600000)
   the space 3885228K,  99% used [0x00007f73d1b50000, 0x00007f74beba29a8, 0x00007f74beba2a00, 0x00007f74bed7b000)
 Metaspace       used 24220K, capacity 24581K, committed 24832K, reserved 26624K
}
Event: 6190.705 GC heap after
{Heap after GC invocations=11336 (full 3):
 def new generation   total 1748416K, used 12000K [0x00007f6e7c600000, 0x00007f6ef2f20000, 0x00007f73d1b50000)
  eden space 1554176K,   0% used [0x00007f6e7c600000, 0x00007f6e7c600000, 0x00007f6edb3c0000)
  from space 194240K,   6% used [0x00007f6ee7170000, 0x00007f6ee7d28220, 0x00007f6ef2f20000)
  to   space 194240K,   0% used [0x00007f6edb3c0000, 0x00007f6edb3c0000, 0x00007f6ee7170000)
 tenured generation   total 3885228K, used 3883721K [0x00007f73d1b50000, 0x00007f74bed7b000, 0x00007f7e7c600000)
   the space 3885228K,  99% used [0x00007f73d1b50000, 0x00007f74bec02708, 0x00007f74bec02800, 0x00007f74bed7b000)
 Metaspace       used 24220K, capacity 24581K, committed 24832K, reserved 26624K
}
Event: 6191.689 GC heap before
{Heap before GC invocations=11336 (full 3):
 def new generation   total 1748416K, used 1566176K [0x00007f6e7c600000, 0x00007f6ef2f20000, 0x00007f73d1b50000)
  eden space 1554176K, 100% used [0x00007f6e7c600000, 0x00007f6edb3c0000, 0x00007f6edb3c0000)
  from space 194240K,   6% used [0x00007f6ee7170000, 0x00007f6ee7d28220, 0x00007f6ef2f20000)
  to   space 194240K,   0% used [0x00007f6edb3c0000, 0x00007f6edb3c0000, 0x00007f6ee7170000)
 tenured generation   total 3885228K, used 3883721K [0x00007f73d1b50000, 0x00007f74bed7b000, 0x00007f7e7c600000)
   the space 3885228K,  99% used [0x00007f73d1b50000, 0x00007f74bec02708, 0x00007f74bec02800, 0x00007f74bed7b000)
 Metaspace       used 24220K, capacity 24581K, committed 24832K, reserved 26624K
}
Event: 6191.702 GC heap after
{Heap after GC invocations=11337 (full 3):
 def new generation   total 1748416K, used 11759K [0x00007f6e7c600000, 0x00007f6ef2f20000, 0x00007f73d1b50000)
  eden space 1554176K,   0% used [0x00007f6e7c600000, 0x00007f6e7c600000, 0x00007f6edb3c0000)
  from space 194240K,   6% used [0x00007f6edb3c0000, 0x00007f6edbf3bf48, 0x00007f6ee7170000)
  to   space 194240K,   0% used [0x00007f6ee7170000, 0x00007f6ee7170000, 0x00007f6ef2f20000)
 tenured generation   total 3885228K, used 3884271K [0x00007f73d1b50000, 0x00007f74bed7b000, 0x00007f7e7c600000)
   the space 3885228K,  99% used [0x00007f73d1b50000, 0x00007f74bec8bdb8, 0x00007f74bec8be00, 0x00007f74bed7b000)
 Metaspace       used 24220K, capacity 24581K, committed 24832K, reserved 26624K
}
Event: 6192.678 GC heap before
{Heap before GC invocations=11337 (full 3):
 def new generation   total 1748416K, used 1565935K [0x00007f6e7c600000, 0x00007f6ef2f20000, 0x00007f73d1b50000)
  eden space 1554176K, 100% used [0x00007f6e7c600000, 0x00007f6edb3c0000, 0x00007f6edb3c0000)
  from space 194240K,   6% used [0x00007f6edb3c0000, 0x00007f6edbf3bf48, 0x00007f6ee7170000)
  to   space 194240K,   0% used [0x00007f6ee7170000, 0x00007f6ee7170000, 0x00007f6ef2f20000)
 tenured generation   total 3885228K, used 3884271K [0x00007f73d1b50000, 0x00007f74bed7b000, 0x00007f7e7c600000)
   the space 3885228K,  99% used [0x00007f73d1b50000, 0x00007f74bec8bdb8, 0x00007f74bec8be00, 0x00007f74bed7b000)
 Metaspace       used 24220K, capacity 24581K, committed 24832K, reserved 26624K
}
Event: 6192.693 GC heap after
{Heap after GC invocations=11338 (full 3):
 def new generation   total 1748416K, used 10799K [0x00007f6e7c600000, 0x00007f6ef2f20000, 0x00007f73d1b50000)
  eden space 1554176K,   0% used [0x00007f6e7c600000, 0x00007f6e7c600000, 0x00007f6edb3c0000)
  from space 194240K,   5% used [0x00007f6ee7170000, 0x00007f6ee7bfbd20, 0x00007f6ef2f20000)
  to   space 194240K,   0% used [0x00007f6edb3c0000, 0x00007f6edb3c0000, 0x00007f6ee7170000)
 tenured generation   total 3885612K, used 3885565K [0x00007f73d1b50000, 0x00007f74beddb000, 0x00007f7e7c600000)
   the space 3885612K,  99% used [0x00007f73d1b50000, 0x00007f74bedcf798, 0x00007f74bedcf800, 0x00007f74beddb000)
 Metaspace       used 24220K, capacity 24581K, committed 24832K, reserved 26624K
}
Event: 6192.693 GC heap before
{Heap before GC invocations=11338 (full 3):
 def new generation   total 1748416K, used 10799K [0x00007f6e7c600000, 0x00007f6ef2f20000, 0x00007f73d1b50000)
  eden space 1554176K,   0% used [0x00007f6e7c600000, 0x00007f6e7c600000, 0x00007f6edb3c0000)
  from space 194240K,   5% used [0x00007f6ee7170000, 0x00007f6ee7bfbd20, 0x00007f6ef2f20000)
  to   space 194240K,   0% used [0x00007f6edb3c0000, 0x00007f6edb3c0000, 0x00007f6ee7170000)
 tenured generation   total 3885612K, used 3885565K [0x00007f73d1b50000, 0x00007f74beddb000, 0x00007f7e7c600000)
   the space 3885612K,  99% used [0x00007f73d1b50000, 0x00007f74bedcf798, 0x00007f74bedcf800, 0x00007f74beddb000)
 Metaspace       used 24220K, capacity 24581K, committed 24832K, reserved 26624K
}

