# JRE version: OpenJDK Runtime Environment (13.0.7+5) (build 13.0.7+5-Ubuntu-0ubuntu120.04)
# Java VM: OpenJDK 64-Bit Server VM (13.0.7+5-Ubuntu-0ubuntu120.04, mixed mode, tiered, serial gc, linux-amd64)
Heap:
 def new generation   total 2822464K, used 134071K [0x00007ee828600000, 0x00007ee8e7c90000, 0x00007ef2d30a0000)
  eden space 2508864K,   5% used [0x00007ee828600000, 0x00007ee8308ede48, 0x00007ee8c1810000)
  from space 313600K,   0% used [0x00007ee8d4a50000, 0x00007ee8d4a50000, 0x00007ee8e7c90000)
  to   space 313600K,   0% used [0x00007ee8c1810000, 0x00007ee8c1810000, 0x00007ee8d4a50000)
 tenured generation   total 6304836K, used 6304448K [0x00007ef2d30a0000, 0x00007ef453db1000, 0x00007f0828600000)
   the space 6304836K,  99% used [0x00007ef2d30a0000, 0x00007ef453d50098, 0x00007ef453d50200, 0x00007ef453db1000)
 Metaspace       used 24275K, capacity 24703K, committed 24832K, reserved 26624K
GC Heap History (20 events):
Event: 1811.893 GC heap after
{Heap after GC invocations=1440 (full 6):
 def new generation   total 2822464K, used 138751K [0x00007ee828600000, 0x00007ee8e7c90000, 0x00007ef2d30a0000)
  eden space 2508864K,   0% used [0x00007ee828600000, 0x00007ee828600000, 0x00007ee8c1810000)
  from space 313600K,  44% used [0x00007ee8c1810000, 0x00007ee8c9f8fda0, 0x00007ee8d4a50000)
  to   space 313600K,   0% used [0x00007ee8d4a50000, 0x00007ee8d4a50000, 0x00007ee8e7c90000)
 tenured generation   total 6272060K, used 6184169K [0x00007ef2d30a0000, 0x00007ef451daf000, 0x00007f0828600000)
   the space 6272060K,  98% used [0x00007ef2d30a0000, 0x00007ef44c7da7e8, 0x00007ef44c7da800, 0x00007ef451daf000)
 Metaspace       used 24275K, capacity 24703K, committed 24832K, reserved 26624K
}
Event: 1814.856 GC heap before
{Heap before GC invocations=1440 (full 6):
 def new generation   total 2822464K, used 2647615K [0x00007ee828600000, 0x00007ee8e7c90000, 0x00007ef2d30a0000)
  eden space 2508864K, 100% used [0x00007ee828600000, 0x00007ee8c1810000, 0x00007ee8c1810000)
  from space 313600K,  44% used [0x00007ee8c1810000, 0x00007ee8c9f8fda0, 0x00007ee8d4a50000)
  to   space 313600K,   0% used [0x00007ee8d4a50000, 0x00007ee8d4a50000, 0x00007ee8e7c90000)
 tenured generation   total 6272060K, used 6184169K [0x00007ef2d30a0000, 0x00007ef451daf000, 0x00007f0828600000)
   the space 6272060K,  98% used [0x00007ef2d30a0000, 0x00007ef44c7da7e8, 0x00007ef44c7da800, 0x00007ef451daf000)
 Metaspace       used 24275K, capacity 24703K, committed 24832K, reserved 26624K
}
Event: 1814.956 GC heap after
{Heap after GC invocations=1441 (full 6):
 def new generation   total 2822464K, used 153110K [0x00007ee828600000, 0x00007ee8e7c90000, 0x00007ef2d30a0000)
  eden space 2508864K,   0% used [0x00007ee828600000, 0x00007ee828600000, 0x00007ee8c1810000)
  from space 313600K,  48% used [0x00007ee8d4a50000, 0x00007ee8ddfd5928, 0x00007ee8e7c90000)
  to   space 313600K,   0% used [0x00007ee8c1810000, 0x00007ee8c1810000, 0x00007ee8d4a50000)
 tenured generation   total 6272060K, used 6184169K [0x00007ef2d30a0000, 0x00007ef451daf000, 0x00007f0828600000)
   the space 6272060K,  98% used [0x00007ef2d30a0000, 0x00007ef44c7da7e8, 0x00007ef44c7da800, 0x00007ef451daf000)
 Metaspace       used 24275K, capacity 24703K, committed 24832K, reserved 26624K
}
Event: 1818.225 GC heap before
{Heap before GC invocations=1441 (full 6):
 def new generation   total 2822464K, used 2661974K [0x00007ee828600000, 0x00007ee8e7c90000, 0x00007ef2d30a0000)
  eden space 2508864K, 100% used [0x00007ee828600000, 0x00007ee8c1810000, 0x00007ee8c1810000)
  from space 313600K,  48% used [0x00007ee8d4a50000, 0x00007ee8ddfd5928, 0x00007ee8e7c90000)
  to   space 313600K,   0% used [0x00007ee8c1810000, 0x00007ee8c1810000, 0x00007ee8d4a50000)
 tenured generation   total 6272060K, used 6184169K [0x00007ef2d30a0000, 0x00007ef451daf000, 0x00007f0828600000)
   the space 6272060K,  98% used [0x00007ef2d30a0000, 0x00007ef44c7da7e8, 0x00007ef44c7da800, 0x00007ef451daf000)
 Metaspace       used 24275K, capacity 24703K, committed 24832K, reserved 26624K
}
Event: 1818.353 GC heap after
{Heap after GC invocations=1442 (full 6):
 def new generation   total 2822464K, used 167520K [0x00007ee828600000, 0x00007ee8e7c90000, 0x00007ef2d30a0000)
  eden space 2508864K,   0% used [0x00007ee828600000, 0x00007ee828600000, 0x00007ee8c1810000)
  from space 313600K,  53% used [0x00007ee8c1810000, 0x00007ee8cbba8100, 0x00007ee8d4a50000)
  to   space 313600K,   0% used [0x00007ee8d4a50000, 0x00007ee8d4a50000, 0x00007ee8e7c90000)
 tenured generation   total 6272060K, used 6184169K [0x00007ef2d30a0000, 0x00007ef451daf000, 0x00007f0828600000)
   the space 6272060K,  98% used [0x00007ef2d30a0000, 0x00007ef44c7da7e8, 0x00007ef44c7da800, 0x00007ef451daf000)
 Metaspace       used 24275K, capacity 24703K, committed 24832K, reserved 26624K
}
Event: 1821.304 GC heap before
{Heap before GC invocations=1442 (full 6):
 def new generation   total 2822464K, used 2676384K [0x00007ee828600000, 0x00007ee8e7c90000, 0x00007ef2d30a0000)
  eden space 2508864K, 100% used [0x00007ee828600000, 0x00007ee8c1810000, 0x00007ee8c1810000)
  from space 313600K,  53% used [0x00007ee8c1810000, 0x00007ee8cbba8100, 0x00007ee8d4a50000)
  to   space 313600K,   0% used [0x00007ee8d4a50000, 0x00007ee8d4a50000, 0x00007ee8e7c90000)
 tenured generation   total 6272060K, used 6184169K [0x00007ef2d30a0000, 0x00007ef451daf000, 0x00007f0828600000)
   the space 6272060K,  98% used [0x00007ef2d30a0000, 0x00007ef44c7da7e8, 0x00007ef44c7da800, 0x00007ef451daf000)
 Metaspace       used 24275K, capacity 24703K, committed 24832K, reserved 26624K
}
Event: 1821.442 GC heap after
{Heap after GC invocations=1443 (full 6):
 def new generation   total 2822464K, used 162391K [0x00007ee828600000, 0x00007ee8e7c90000, 0x00007ef2d30a0000)
  eden space 2508864K,   0% used [0x00007ee828600000, 0x00007ee828600000, 0x00007ee8c1810000)
  from space 313600K,  51% used [0x00007ee8d4a50000, 0x00007ee8de8e5e38, 0x00007ee8e7c90000)
  to   space 313600K,   0% used [0x00007ee8c1810000, 0x00007ee8c1810000, 0x00007ee8d4a50000)
 tenured generation   total 6272060K, used 6201128K [0x00007ef2d30a0000, 0x00007ef451daf000, 0x00007f0828600000)
   the space 6272060K,  98% used [0x00007ef2d30a0000, 0x00007ef44d86a240, 0x00007ef44d86a400, 0x00007ef451daf000)
 Metaspace       used 24275K, capacity 24703K, committed 24832K, reserved 26624K
}
Event: 1824.250 GC heap before
{Heap before GC invocations=1443 (full 6):
 def new generation   total 2822464K, used 2670333K [0x00007ee828600000, 0x00007ee8e7c90000, 0x00007ef2d30a0000)
  eden space 2508864K,  99% used [0x00007ee828600000, 0x00007ee8c17296e0, 0x00007ee8c1810000)
  from space 313600K,  51% used [0x00007ee8d4a50000, 0x00007ee8de8e5e38, 0x00007ee8e7c90000)
  to   space 313600K,   0% used [0x00007ee8c1810000, 0x00007ee8c1810000, 0x00007ee8d4a50000)
 tenured generation   total 6272060K, used 6201128K [0x00007ef2d30a0000, 0x00007ef451daf000, 0x00007f0828600000)
   the space 6272060K,  98% used [0x00007ef2d30a0000, 0x00007ef44d86a240, 0x00007ef44d86a400, 0x00007ef451daf000)
 Metaspace       used 24275K, capacity 24703K, committed 24832K, reserved 26624K
}
Event: 1824.395 GC heap after
{Heap after GC invocations=1444 (full 6):
 def new generation   total 2822464K, used 156227K [0x00007ee828600000, 0x00007ee8e7c90000, 0x00007ef2d30a0000)
  eden space 2508864K,   0% used [0x00007ee828600000, 0x00007ee828600000, 0x00007ee8c1810000)
  from space 313600K,  49% used [0x00007ee8c1810000, 0x00007ee8cb0a0c18, 0x00007ee8d4a50000)
  to   space 313600K,   0% used [0x00007ee8d4a50000, 0x00007ee8d4a50000, 0x00007ee8e7c90000)
 tenured generation   total 6272060K, used 6218087K [0x00007ef2d30a0000, 0x00007ef451daf000, 0x00007f0828600000)
   the space 6272060K,  99% used [0x00007ef2d30a0000, 0x00007ef44e8f9c98, 0x00007ef44e8f9e00, 0x00007ef451daf000)
 Metaspace       used 24275K, capacity 24703K, committed 24832K, reserved 26624K
}
Event: 1827.446 GC heap before
{Heap before GC invocations=1444 (full 6):
 def new generation   total 2822464K, used 2665091K [0x00007ee828600000, 0x00007ee8e7c90000, 0x00007ef2d30a0000)
  eden space 2508864K, 100% used [0x00007ee828600000, 0x00007ee8c1810000, 0x00007ee8c1810000)
  from space 313600K,  49% used [0x00007ee8c1810000, 0x00007ee8cb0a0c18, 0x00007ee8d4a50000)
  to   space 313600K,   0% used [0x00007ee8d4a50000, 0x00007ee8d4a50000, 0x00007ee8e7c90000)
 tenured generation   total 6272060K, used 6218087K [0x00007ef2d30a0000, 0x00007ef451daf000, 0x00007f0828600000)
   the space 6272060K,  99% used [0x00007ef2d30a0000, 0x00007ef44e8f9c98, 0x00007ef44e8f9e00, 0x00007ef451daf000)
 Metaspace       used 24275K, capacity 24703K, committed 24832K, reserved 26624K
}
Event: 1827.563 GC heap after
{Heap after GC invocations=1445 (full 6):
 def new generation   total 2822464K, used 170069K [0x00007ee828600000, 0x00007ee8e7c90000, 0x00007ef2d30a0000)
  eden space 2508864K,   0% used [0x00007ee828600000, 0x00007ee828600000, 0x00007ee8c1810000)
  from space 313600K,  54% used [0x00007ee8d4a50000, 0x00007ee8df065468, 0x00007ee8e7c90000)
  to   space 313600K,   0% used [0x00007ee8c1810000, 0x00007ee8c1810000, 0x00007ee8d4a50000)
 tenured generation   total 6272060K, used 6218087K [0x00007ef2d30a0000, 0x00007ef451daf000, 0x00007f0828600000)
   the space 6272060K,  99% used [0x00007ef2d30a0000, 0x00007ef44e8f9c98, 0x00007ef44e8f9e00, 0x00007ef451daf000)
 Metaspace       used 24275K, capacity 24703K, committed 24832K, reserved 26624K
}
Event: 1830.893 GC heap before
{Heap before GC invocations=1445 (full 6):
 def new generation   total 2822464K, used 2678933K [0x00007ee828600000, 0x00007ee8e7c90000, 0x00007ef2d30a0000)
  eden space 2508864K, 100% used [0x00007ee828600000, 0x00007ee8c1810000, 0x00007ee8c1810000)
  from space 313600K,  54% used [0x00007ee8d4a50000, 0x00007ee8df065468, 0x00007ee8e7c90000)
  to   space 313600K,   0% used [0x00007ee8c1810000, 0x00007ee8c1810000, 0x00007ee8d4a50000)
 tenured generation   total 6272060K, used 6218087K [0x00007ef2d30a0000, 0x00007ef451daf000, 0x00007f0828600000)
   the space 6272060K,  99% used [0x00007ef2d30a0000, 0x00007ef44e8f9c98, 0x00007ef44e8f9e00, 0x00007ef451daf000)
 Metaspace       used 24275K, capacity 24703K, committed 24832K, reserved 26624K
}
Event: 1831.036 GC heap after
{Heap after GC invocations=1446 (full 6):
 def new generation   total 2822464K, used 168531K [0x00007ee828600000, 0x00007ee8e7c90000, 0x00007ef2d30a0000)
  eden space 2508864K,   0% used [0x00007ee828600000, 0x00007ee828600000, 0x00007ee8c1810000)
  from space 313600K,  53% used [0x00007ee8c1810000, 0x00007ee8cbca4f60, 0x00007ee8d4a50000)
  to   space 313600K,   0% used [0x00007ee8d4a50000, 0x00007ee8d4a50000, 0x00007ee8e7c90000)
 tenured generation   total 6272060K, used 6235045K [0x00007ef2d30a0000, 0x00007ef451daf000, 0x00007f0828600000)
   the space 6272060K,  99% used [0x00007ef2d30a0000, 0x00007ef44f9896f0, 0x00007ef44f989800, 0x00007ef451daf000)
 Metaspace       used 24275K, capacity 24703K, committed 24832K, reserved 26624K
}
Event: 1834.143 GC heap before
{Heap before GC invocations=1446 (full 6):
 def new generation   total 2822464K, used 2677395K [0x00007ee828600000, 0x00007ee8e7c90000, 0x00007ef2d30a0000)
  eden space 2508864K, 100% used [0x00007ee828600000, 0x00007ee8c1810000, 0x00007ee8c1810000)
  from space 313600K,  53% used [0x00007ee8c1810000, 0x00007ee8cbca4f60, 0x00007ee8d4a50000)
  to   space 313600K,   0% used [0x00007ee8d4a50000, 0x00007ee8d4a50000, 0x00007ee8e7c90000)
 tenured generation   total 6272060K, used 6235045K [0x00007ef2d30a0000, 0x00007ef451daf000, 0x00007f0828600000)
   the space 6272060K,  99% used [0x00007ef2d30a0000, 0x00007ef44f9896f0, 0x00007ef44f989800, 0x00007ef451daf000)
 Metaspace       used 24275K, capacity 24703K, committed 24832K, reserved 26624K
}
Event: 1834.295 GC heap after
{Heap after GC invocations=1447 (full 6):
 def new generation   total 2822464K, used 163403K [0x00007ee828600000, 0x00007ee8e7c90000, 0x00007ef2d30a0000)
  eden space 2508864K,   0% used [0x00007ee828600000, 0x00007ee828600000, 0x00007ee8c1810000)
  from space 313600K,  52% used [0x00007ee8d4a50000, 0x00007ee8de9e2fc8, 0x00007ee8e7c90000)
  to   space 313600K,   0% used [0x00007ee8c1810000, 0x00007ee8c1810000, 0x00007ee8d4a50000)
 tenured generation   total 6272060K, used 6252004K [0x00007ef2d30a0000, 0x00007ef451daf000, 0x00007f0828600000)
   the space 6272060K,  99% used [0x00007ef2d30a0000, 0x00007ef450a19148, 0x00007ef450a19200, 0x00007ef451daf000)
 Metaspace       used 24275K, capacity 24703K, committed 24832K, reserved 26624K
}
Event: 1837.161 GC heap before
{Heap before GC invocations=1447 (full 6):
 def new generation   total 2822464K, used 2672267K [0x00007ee828600000, 0x00007ee8e7c90000, 0x00007ef2d30a0000)
  eden space 2508864K, 100% used [0x00007ee828600000, 0x00007ee8c1810000, 0x00007ee8c1810000)
  from space 313600K,  52% used [0x00007ee8d4a50000, 0x00007ee8de9e2fc8, 0x00007ee8e7c90000)
  to   space 313600K,   0% used [0x00007ee8c1810000, 0x00007ee8c1810000, 0x00007ee8d4a50000)
 tenured generation   total 6272060K, used 6252004K [0x00007ef2d30a0000, 0x00007ef451daf000, 0x00007f0828600000)
   the space 6272060K,  99% used [0x00007ef2d30a0000, 0x00007ef450a19148, 0x00007ef450a19200, 0x00007ef451daf000)
 Metaspace       used 24275K, capacity 24703K, committed 24832K, reserved 26624K
}
Event: 1837.379 GC heap after
{Heap after GC invocations=1448 (full 6):
 def new generation   total 2822464K, used 174181K [0x00007ee828600000, 0x00007ee8e7c90000, 0x00007ef2d30a0000)
  eden space 2508864K,   0% used [0x00007ee828600000, 0x00007ee828600000, 0x00007ee8c1810000)
  from space 313600K,  55% used [0x00007ee8c1810000, 0x00007ee8cc229490, 0x00007ee8d4a50000)
  to   space 313600K,   0% used [0x00007ee8d4a50000, 0x00007ee8d4a50000, 0x00007ee8e7c90000)
 tenured generation   total 6272060K, used 6268962K [0x00007ef2d30a0000, 0x00007ef451daf000, 0x00007f0828600000)
   the space 6272060K,  99% used [0x00007ef2d30a0000, 0x00007ef451aa8ba0, 0x00007ef451aa8c00, 0x00007ef451daf000)
 Metaspace       used 24275K, capacity 24703K, committed 24832K, reserved 26624K
}
Event: 1840.285 GC heap before
{Heap before GC invocations=1448 (full 6):
 def new generation   total 2822464K, used 2683045K [0x00007ee828600000, 0x00007ee8e7c90000, 0x00007ef2d30a0000)
  eden space 2508864K, 100% used [0x00007ee828600000, 0x00007ee8c1810000, 0x00007ee8c1810000)
  from space 313600K,  55% used [0x00007ee8c1810000, 0x00007ee8cc229490, 0x00007ee8d4a50000)
  to   space 313600K,   0% used [0x00007ee8d4a50000, 0x00007ee8d4a50000, 0x00007ee8e7c90000)
 tenured generation   total 6272060K, used 6268962K [0x00007ef2d30a0000, 0x00007ef451daf000, 0x00007f0828600000)
   the space 6272060K,  99% used [0x00007ef2d30a0000, 0x00007ef451aa8ba0, 0x00007ef451aa8c00, 0x00007ef451daf000)
 Metaspace       used 24275K, capacity 24703K, committed 24832K, reserved 26624K
}
Event: 1840.451 GC heap after
{Heap after GC invocations=1449 (full 6):
 def new generation   total 2822464K, used 135639K [0x00007ee828600000, 0x00007ee8e7c90000, 0x00007ef2d30a0000)
  eden space 2508864K,   0% used [0x00007ee828600000, 0x00007ee828600000, 0x00007ee8c1810000)
  from space 313600K,  43% used [0x00007ee8d4a50000, 0x00007ee8dcec5e90, 0x00007ee8e7c90000)
  to   space 313600K,   0% used [0x00007ee8c1810000, 0x00007ee8c1810000, 0x00007ee8d4a50000)
 tenured generation   total 6304836K, used 6302880K [0x00007ef2d30a0000, 0x00007ef453db1000, 0x00007f0828600000)
   the space 6304836K,  99% used [0x00007ef2d30a0000, 0x00007ef453bc8050, 0x00007ef453bc8200, 0x00007ef453db1000)
 Metaspace       used 24275K, capacity 24703K, committed 24832K, reserved 26624K
}
Event: 1840.451 GC heap before
{Heap before GC invocations=1449 (full 6):
 def new generation   total 2822464K, used 135639K [0x00007ee828600000, 0x00007ee8e7c90000, 0x00007ef2d30a0000)
  eden space 2508864K,   0% used [0x00007ee828600000, 0x00007ee828600000, 0x00007ee8c1810000)
  from space 313600K,  43% used [0x00007ee8d4a50000, 0x00007ee8dcec5e90, 0x00007ee8e7c90000)
  to   space 313600K,   0% used [0x00007ee8c1810000, 0x00007ee8c1810000, 0x00007ee8d4a50000)
 tenured generation   total 6304836K, used 6302880K [0x00007ef2d30a0000, 0x00007ef453db1000, 0x00007f0828600000)
   the space 6304836K,  99% used [0x00007ef2d30a0000, 0x00007ef453bc8050, 0x00007ef453bc8200, 0x00007ef453db1000)
 Metaspace       used 24275K, capacity 24703K, committed 24832K, reserved 26624K
}

