# JRE version: OpenJDK Runtime Environment (13.0.7+5) (build 13.0.7+5-Ubuntu-0ubuntu120.04)
# Java VM: OpenJDK 64-Bit Server VM (13.0.7+5-Ubuntu-0ubuntu120.04, mixed mode, tiered, serial gc, linux-amd64)
Heap:
 def new generation   total 4239552K, used 0K [0x00007f7334600000, 0x00007f7453e30000, 0x00007f7889b50000)
  eden space 3768512K,   0% used [0x00007f7334600000, 0x00007f7334600000, 0x00007f741a630000)
  from space 471040K,   0% used [0x00007f7437230000, 0x00007f7437230000, 0x00007f7453e30000)
  to   space 471040K,   0% used [0x00007f741a630000, 0x00007f741a630000, 0x00007f7437230000)
 tenured generation   total 9421076K, used 8922404K [0x00007f7889b50000, 0x00007f7ac8b95000, 0x00007f8334600000)
   the space 9421076K,  94% used [0x00007f7889b50000, 0x00007f7aaa499120, 0x00007f7aaa499200, 0x00007f7ac8b95000)
 Metaspace       used 23271K, capacity 23661K, committed 23808K, reserved 24576K
GC Heap History (20 events):
Event: 12.980 GC heap after
{Heap after GC invocations=8 (full 1):
 def new generation   total 629248K, used 85K [0x00007f7334600000, 0x00007f735f0c0000, 0x00007f7889b50000)
  eden space 559360K,   0% used [0x00007f7334600000, 0x00007f7334600000, 0x00007f7356840000)
  from space 69888K,   0% used [0x00007f735ac80000, 0x00007f735ac957c0, 0x00007f735f0c0000)
  to   space 69888K,   0% used [0x00007f7356840000, 0x00007f7356840000, 0x00007f735ac80000)
 tenured generation   total 1922436K, used 1915272K [0x00007f7889b50000, 0x00007f78ff0b1000, 0x00007f8334600000)
   the space 1922436K,  99% used [0x00007f7889b50000, 0x00007f78fe9b2190, 0x00007f78fe9b2200, 0x00007f78ff0b1000)
 Metaspace       used 23196K, capacity 23588K, committed 23808K, reserved 24576K
}
Event: 12.980 GC heap before
{Heap before GC invocations=8 (full 1):
 def new generation   total 629248K, used 85K [0x00007f7334600000, 0x00007f735f0c0000, 0x00007f7889b50000)
  eden space 559360K,   0% used [0x00007f7334600000, 0x00007f7334600000, 0x00007f7356840000)
  from space 69888K,   0% used [0x00007f735ac80000, 0x00007f735ac957c0, 0x00007f735f0c0000)
  to   space 69888K,   0% used [0x00007f7356840000, 0x00007f7356840000, 0x00007f735ac80000)
 tenured generation   total 1922436K, used 1915272K [0x00007f7889b50000, 0x00007f78ff0b1000, 0x00007f8334600000)
   the space 1922436K,  99% used [0x00007f7889b50000, 0x00007f78fe9b2190, 0x00007f78fe9b2200, 0x00007f78ff0b1000)
 Metaspace       used 23196K, capacity 23588K, committed 23808K, reserved 24576K
}
Event: 14.010 GC heap after
{Heap after GC invocations=8 (full 2):
 def new generation   total 846720K, used 0K [0x00007f7334600000, 0x00007f736dcc0000, 0x00007f7889b50000)
  eden space 752640K,   0% used [0x00007f7334600000, 0x00007f7334600000, 0x00007f7362500000)
  from space 94080K,   0% used [0x00007f7362500000, 0x00007f7362500000, 0x00007f73680e0000)
  to   space 94080K,   0% used [0x00007f73680e0000, 0x00007f73680e0000, 0x00007f736dcc0000)
 tenured generation   total 1881544K, used 1128924K [0x00007f7889b50000, 0x00007f78fc8c2000, 0x00007f8334600000)
   the space 1881544K,  59% used [0x00007f7889b50000, 0x00007f78ce9c73b0, 0x00007f78ce9c7400, 0x00007f78fc8c2000)
 Metaspace       used 23196K, capacity 23588K, committed 23808K, reserved 24576K
}
Event: 15.627 GC heap before
{Heap before GC invocations=8 (full 2):
 def new generation   total 846720K, used 735675K [0x00007f7334600000, 0x00007f736dcc0000, 0x00007f7889b50000)
  eden space 752640K,  97% used [0x00007f7334600000, 0x00007f736146efd8, 0x00007f7362500000)
  from space 94080K,   0% used [0x00007f7362500000, 0x00007f7362500000, 0x00007f73680e0000)
  to   space 94080K,   0% used [0x00007f73680e0000, 0x00007f73680e0000, 0x00007f736dcc0000)
 tenured generation   total 1881544K, used 1128924K [0x00007f7889b50000, 0x00007f78fc8c2000, 0x00007f8334600000)
   the space 1881544K,  59% used [0x00007f7889b50000, 0x00007f78ce9c73b0, 0x00007f78ce9c7400, 0x00007f78fc8c2000)
 Metaspace       used 23196K, capacity 23588K, committed 23808K, reserved 24576K
}
Event: 16.031 GC heap after
{Heap after GC invocations=9 (full 2):
 def new generation   total 846720K, used 65537K [0x00007f7334600000, 0x00007f736dcc0000, 0x00007f7889b50000)
  eden space 752640K,   0% used [0x00007f7334600000, 0x00007f7334600000, 0x00007f7362500000)
  from space 94080K,  69% used [0x00007f73680e0000, 0x00007f736c0e05f0, 0x00007f736dcc0000)
  to   space 94080K,   0% used [0x00007f7362500000, 0x00007f7362500000, 0x00007f73680e0000)
 tenured generation   total 1881544K, used 1522140K [0x00007f7889b50000, 0x00007f78fc8c2000, 0x00007f8334600000)
   the space 1881544K,  80% used [0x00007f7889b50000, 0x00007f78e69c73e0, 0x00007f78e69c7400, 0x00007f78fc8c2000)
 Metaspace       used 23196K, capacity 23588K, committed 23808K, reserved 24576K
}
Event: 16.623 GC heap before
{Heap before GC invocations=9 (full 2):
 def new generation   total 846720K, used 407987K [0x00007f7334600000, 0x00007f736dcc0000, 0x00007f7889b50000)
  eden space 752640K,  45% used [0x00007f7334600000, 0x00007f734946c698, 0x00007f7362500000)
  from space 94080K,  69% used [0x00007f73680e0000, 0x00007f736c0e05f0, 0x00007f736dcc0000)
  to   space 94080K,   0% used [0x00007f7362500000, 0x00007f7362500000, 0x00007f73680e0000)
 tenured generation   total 1881544K, used 1522140K [0x00007f7889b50000, 0x00007f78fc8c2000, 0x00007f8334600000)
   the space 1881544K,  80% used [0x00007f7889b50000, 0x00007f78e69c73e0, 0x00007f78e69c7400, 0x00007f78fc8c2000)
 Metaspace       used 23196K, capacity 23588K, committed 23808K, reserved 24576K
}
Event: 16.653 GC heap after
{Heap after GC invocations=10 (full 2):
 def new generation   total 846720K, used 250K [0x00007f7334600000, 0x00007f736dcc0000, 0x00007f7889b50000)
  eden space 752640K,   0% used [0x00007f7334600000, 0x00007f7334600000, 0x00007f7362500000)
  from space 94080K,   0% used [0x00007f7362500000, 0x00007f736253eae8, 0x00007f73680e0000)
  to   space 94080K,   0% used [0x00007f73680e0000, 0x00007f73680e0000, 0x00007f736dcc0000)
 tenured generation   total 1881544K, used 1554909K [0x00007f7889b50000, 0x00007f78fc8c2000, 0x00007f8334600000)
   the space 1881544K,  82% used [0x00007f7889b50000, 0x00007f78e89c7760, 0x00007f78e89c7800, 0x00007f78fc8c2000)
 Metaspace       used 23196K, capacity 23588K, committed 23808K, reserved 24576K
}
Event: 16.653 GC heap before
{Heap before GC invocations=10 (full 2):
 def new generation   total 846720K, used 250K [0x00007f7334600000, 0x00007f736dcc0000, 0x00007f7889b50000)
  eden space 752640K,   0% used [0x00007f7334600000, 0x00007f7334600000, 0x00007f7362500000)
  from space 94080K,   0% used [0x00007f7362500000, 0x00007f736253eae8, 0x00007f73680e0000)
  to   space 94080K,   0% used [0x00007f73680e0000, 0x00007f73680e0000, 0x00007f736dcc0000)
 tenured generation   total 1881544K, used 1554909K [0x00007f7889b50000, 0x00007f78fc8c2000, 0x00007f8334600000)
   the space 1881544K,  82% used [0x00007f7889b50000, 0x00007f78e89c7760, 0x00007f78e89c7800, 0x00007f78fc8c2000)
 Metaspace       used 23196K, capacity 23588K, committed 23808K, reserved 24576K
}
Event: 16.700 GC heap after
{Heap after GC invocations=10 (full 3):
 def new generation   total 846720K, used 0K [0x00007f7334600000, 0x00007f736dcc0000, 0x00007f7889b50000)
  eden space 752640K,   0% used [0x00007f7334600000, 0x00007f7334600000, 0x00007f7362500000)
  from space 94080K,   0% used [0x00007f7362500000, 0x00007f7362500000, 0x00007f73680e0000)
  to   space 94080K,   0% used [0x00007f73680e0000, 0x00007f73680e0000, 0x00007f736dcc0000)
 tenured generation   total 1881544K, used 80385K [0x00007f7889b50000, 0x00007f78fc8c2000, 0x00007f8334600000)
   the space 1881544K,   4% used [0x00007f7889b50000, 0x00007f788e9d04f8, 0x00007f788e9d0600, 0x00007f78fc8c2000)
 Metaspace       used 23196K, capacity 23588K, committed 23808K, reserved 24576K
}
Event: 25.224 GC heap before
{Heap before GC invocations=10 (full 3):
 def new generation   total 846720K, used 752640K [0x00007f7334600000, 0x00007f736dcc0000, 0x00007f7889b50000)
  eden space 752640K, 100% used [0x00007f7334600000, 0x00007f7362500000, 0x00007f7362500000)
  from space 94080K,   0% used [0x00007f7362500000, 0x00007f7362500000, 0x00007f73680e0000)
  to   space 94080K,   0% used [0x00007f73680e0000, 0x00007f73680e0000, 0x00007f736dcc0000)
 tenured generation   total 10270156K, used 8468993K [0x00007f7889b50000, 0x00007f7afc8c3000, 0x00007f8334600000)
   the space 10270156K,  82% used [0x00007f7889b50000, 0x00007f7a8e9d0510, 0x00007f7a8e9d0600, 0x00007f7afc8c3000)
 Metaspace       used 23244K, capacity 23661K, committed 23808K, reserved 24576K
}
Event: 25.248 GC heap after
{Heap after GC invocations=11 (full 3):
 def new generation   total 846720K, used 624K [0x00007f7334600000, 0x00007f736dcc0000, 0x00007f7889b50000)
  eden space 752640K,   0% used [0x00007f7334600000, 0x00007f7334600000, 0x00007f7362500000)
  from space 94080K,   0% used [0x00007f73680e0000, 0x00007f736817c3a8, 0x00007f736dcc0000)
  to   space 94080K,   0% used [0x00007f7362500000, 0x00007f7362500000, 0x00007f73680e0000)
 tenured generation   total 10270156K, used 8468993K [0x00007f7889b50000, 0x00007f7afc8c3000, 0x00007f8334600000)
   the space 10270156K,  82% used [0x00007f7889b50000, 0x00007f7a8e9d0510, 0x00007f7a8e9d0600, 0x00007f7afc8c3000)
 Metaspace       used 23244K, capacity 23661K, committed 23808K, reserved 24576K
}
Event: 26.398 GC heap before
{Heap before GC invocations=11 (full 3):
 def new generation   total 846720K, used 744281K [0x00007f7334600000, 0x00007f736dcc0000, 0x00007f7889b50000)
  eden space 752640K,  98% used [0x00007f7334600000, 0x00007f7361c3a3f0, 0x00007f7362500000)
  from space 94080K,   0% used [0x00007f73680e0000, 0x00007f736817c3a8, 0x00007f736dcc0000)
  to   space 94080K,   0% used [0x00007f7362500000, 0x00007f7362500000, 0x00007f73680e0000)
 tenured generation   total 10270156K, used 8468993K [0x00007f7889b50000, 0x00007f7afc8c3000, 0x00007f8334600000)
   the space 10270156K,  82% used [0x00007f7889b50000, 0x00007f7a8e9d0510, 0x00007f7a8e9d0600, 0x00007f7afc8c3000)
 Metaspace       used 23270K, capacity 23661K, committed 23808K, reserved 24576K
}
Event: 26.453 GC heap after
{Heap after GC invocations=12 (full 3):
 def new generation   total 846720K, used 66307K [0x00007f7334600000, 0x00007f736dcc0000, 0x00007f7889b50000)
  eden space 752640K,   0% used [0x00007f7334600000, 0x00007f7334600000, 0x00007f7362500000)
  from space 94080K,  70% used [0x00007f7362500000, 0x00007f73665c0c38, 0x00007f73680e0000)
  to   space 94080K,   0% used [0x00007f73680e0000, 0x00007f73680e0000, 0x00007f736dcc0000)
 tenured generation   total 10270156K, used 8468993K [0x00007f7889b50000, 0x00007f7afc8c3000, 0x00007f8334600000)
   the space 10270156K,  82% used [0x00007f7889b50000, 0x00007f7a8e9d0510, 0x00007f7a8e9d0600, 0x00007f7afc8c3000)
 Metaspace       used 23270K, capacity 23661K, committed 23808K, reserved 24576K
}
Event: 26.964 GC heap before
{Heap before GC invocations=12 (full 3):
 def new generation   total 846720K, used 638175K [0x00007f7334600000, 0x00007f736dcc0000, 0x00007f7889b50000)
  eden space 752640K,  75% used [0x00007f7334600000, 0x00007f7357477310, 0x00007f7362500000)
  from space 94080K,  70% used [0x00007f7362500000, 0x00007f73665c0c38, 0x00007f73680e0000)
  to   space 94080K,   0% used [0x00007f73680e0000, 0x00007f73680e0000, 0x00007f736dcc0000)
 tenured generation   total 10270156K, used 8468993K [0x00007f7889b50000, 0x00007f7afc8c3000, 0x00007f8334600000)
   the space 10270156K,  82% used [0x00007f7889b50000, 0x00007f7a8e9d0510, 0x00007f7a8e9d0600, 0x00007f7afc8c3000)
 Metaspace       used 23271K, capacity 23661K, committed 23808K, reserved 24576K
}
Event: 27.336 GC heap after
{Heap after GC invocations=13 (full 3):
 def new generation   total 846720K, used 92K [0x00007f7334600000, 0x00007f736dcc0000, 0x00007f7889b50000)
  eden space 752640K,   0% used [0x00007f7334600000, 0x00007f7334600000, 0x00007f7362500000)
  from space 94080K,   0% used [0x00007f73680e0000, 0x00007f73680f7150, 0x00007f736dcc0000)
  to   space 94080K,   0% used [0x00007f7362500000, 0x00007f7362500000, 0x00007f73680e0000)
 tenured generation   total 10270156K, used 8994001K [0x00007f7889b50000, 0x00007f7afc8c3000, 0x00007f8334600000)
   the space 10270156K,  87% used [0x00007f7889b50000, 0x00007f7aaea844d8, 0x00007f7aaea84600, 0x00007f7afc8c3000)
 Metaspace       used 23271K, capacity 23661K, committed 23808K, reserved 24576K
}
Event: 27.336 GC heap before
{Heap before GC invocations=13 (full 3):
 def new generation   total 846720K, used 92K [0x00007f7334600000, 0x00007f736dcc0000, 0x00007f7889b50000)
  eden space 752640K,   0% used [0x00007f7334600000, 0x00007f7334600000, 0x00007f7362500000)
  from space 94080K,   0% used [0x00007f73680e0000, 0x00007f73680f7150, 0x00007f736dcc0000)
  to   space 94080K,   0% used [0x00007f7362500000, 0x00007f7362500000, 0x00007f73680e0000)
 tenured generation   total 10270156K, used 8994001K [0x00007f7889b50000, 0x00007f7afc8c3000, 0x00007f8334600000)
   the space 10270156K,  87% used [0x00007f7889b50000, 0x00007f7aaea844d8, 0x00007f7aaea84600, 0x00007f7afc8c3000)
 Metaspace       used 23271K, capacity 23661K, committed 23808K, reserved 24576K
}
Event: 27.679 GC heap after
{Heap after GC invocations=13 (full 4):
 def new generation   total 4239552K, used 0K [0x00007f7334600000, 0x00007f7453e30000, 0x00007f7889b50000)
  eden space 3768512K,   0% used [0x00007f7334600000, 0x00007f7334600000, 0x00007f741a630000)
  from space 471040K,   0% used [0x00007f741a630000, 0x00007f741a630000, 0x00007f7437230000)
  to   space 471040K,   0% used [0x00007f7437230000, 0x00007f7437230000, 0x00007f7453e30000)
 tenured generation   total 9421076K, used 533795K [0x00007f7889b50000, 0x00007f7ac8b95000, 0x00007f8334600000)
   the space 9421076K,   5% used [0x00007f7889b50000, 0x00007f78aa498f98, 0x00007f78aa499000, 0x00007f7ac8b95000)
 Metaspace       used 23271K, capacity 23661K, committed 23808K, reserved 24576K
}
Event: 36.761 GC heap before
{Heap before GC invocations=13 (full 4):
 def new generation   total 4239552K, used 74078K [0x00007f7334600000, 0x00007f7453e30000, 0x00007f7889b50000)
  eden space 3768512K,   1% used [0x00007f7334600000, 0x00007f7338e57908, 0x00007f741a630000)
  from space 471040K,   0% used [0x00007f741a630000, 0x00007f741a630000, 0x00007f7437230000)
  to   space 471040K,   0% used [0x00007f7437230000, 0x00007f7437230000, 0x00007f7453e30000)
 tenured generation   total 9421076K, used 8922403K [0x00007f7889b50000, 0x00007f7ac8b95000, 0x00007f8334600000)
   the space 9421076K,  94% used [0x00007f7889b50000, 0x00007f7aaa498fb0, 0x00007f7aaa499000, 0x00007f7ac8b95000)
 Metaspace       used 23271K, capacity 23661K, committed 23808K, reserved 24576K
}
Event: 36.838 GC heap after
{Heap after GC invocations=14 (full 4):
 def new generation   total 4239552K, used 0K [0x00007f7334600000, 0x00007f7453e30000, 0x00007f7889b50000)
  eden space 3768512K,   0% used [0x00007f7334600000, 0x00007f7334600000, 0x00007f741a630000)
  from space 471040K,   0% used [0x00007f7437230000, 0x00007f7437230170, 0x00007f7453e30000)
  to   space 471040K,   0% used [0x00007f741a630000, 0x00007f741a630000, 0x00007f7437230000)
 tenured generation   total 9421076K, used 8922403K [0x00007f7889b50000, 0x00007f7ac8b95000, 0x00007f8334600000)
   the space 9421076K,  94% used [0x00007f7889b50000, 0x00007f7aaa498fb0, 0x00007f7aaa499000, 0x00007f7ac8b95000)
 Metaspace       used 23271K, capacity 23661K, committed 23808K, reserved 24576K
}
Event: 36.838 GC heap before
{Heap before GC invocations=14 (full 4):
 def new generation   total 4239552K, used 0K [0x00007f7334600000, 0x00007f7453e30000, 0x00007f7889b50000)
  eden space 3768512K,   0% used [0x00007f7334600000, 0x00007f7334600000, 0x00007f741a630000)
  from space 471040K,   0% used [0x00007f7437230000, 0x00007f7437230170, 0x00007f7453e30000)
  to   space 471040K,   0% used [0x00007f741a630000, 0x00007f741a630000, 0x00007f7437230000)
 tenured generation   total 9421076K, used 8922403K [0x00007f7889b50000, 0x00007f7ac8b95000, 0x00007f8334600000)
   the space 9421076K,  94% used [0x00007f7889b50000, 0x00007f7aaa498fb0, 0x00007f7aaa499000, 0x00007f7ac8b95000)
 Metaspace       used 23271K, capacity 23661K, committed 23808K, reserved 24576K
}

