# JRE version: OpenJDK Runtime Environment (13.0.7+5) (build 13.0.7+5-Ubuntu-0ubuntu120.04)
# Java VM: OpenJDK 64-Bit Server VM (13.0.7+5-Ubuntu-0ubuntu120.04, mixed mode, tiered, serial gc, linux-amd64)
Heap:
 def new generation   total 1337024K, used 0K [0x00007f24dc600000, 0x00007f25370c0000, 0x00007f2a31b50000)
  eden space 1188480K,   0% used [0x00007f24dc600000, 0x00007f24dc600000, 0x00007f2524ea0000)
  from space 148544K,   0% used [0x00007f2524ea0000, 0x00007f2524ea0000, 0x00007f252dfb0000)
  to   space 148544K,   0% used [0x00007f252dfb0000, 0x00007f252dfb0000, 0x00007f25370c0000)
 tenured generation   total 2971012K, used 1058288K [0x00007f2a31b50000, 0x00007f2ae70b1000, 0x00007f34dc600000)
   the space 2971012K,  35% used [0x00007f2a31b50000, 0x00007f2a724cc280, 0x00007f2a724cc400, 0x00007f2ae70b1000)
 Metaspace       used 23263K, capacity 23627K, committed 23808K, reserved 24576K
GC Heap History (20 events):
Event: 10.972 GC heap before
{Heap before GC invocations=9 (full 1):
 def new generation   total 629248K, used 560868K [0x00007f24dc600000, 0x00007f25070c0000, 0x00007f2a31b50000)
  eden space 559360K, 100% used [0x00007f24dc600000, 0x00007f24fe840000, 0x00007f24fe840000)
  from space 69888K,   2% used [0x00007f24fe840000, 0x00007f24fe9b93d8, 0x00007f2502c80000)
  to   space 69888K,   0% used [0x00007f2502c80000, 0x00007f2502c80000, 0x00007f25070c0000)
 tenured generation   total 1398144K, used 13606K [0x00007f2a31b50000, 0x00007f2a870b0000, 0x00007f34dc600000)
   the space 1398144K,   0% used [0x00007f2a31b50000, 0x00007f2a32899940, 0x00007f2a32899a00, 0x00007f2a870b0000)
 Metaspace       used 23256K, capacity 23627K, committed 23808K, reserved 24576K
}
Event: 10.976 GC heap after
{Heap after GC invocations=10 (full 1):
 def new generation   total 629248K, used 1823K [0x00007f24dc600000, 0x00007f25070c0000, 0x00007f2a31b50000)
  eden space 559360K,   0% used [0x00007f24dc600000, 0x00007f24dc600000, 0x00007f24fe840000)
  from space 69888K,   2% used [0x00007f2502c80000, 0x00007f2502e47ca8, 0x00007f25070c0000)
  to   space 69888K,   0% used [0x00007f24fe840000, 0x00007f24fe840000, 0x00007f2502c80000)
 tenured generation   total 1398144K, used 13606K [0x00007f2a31b50000, 0x00007f2a870b0000, 0x00007f34dc600000)
   the space 1398144K,   0% used [0x00007f2a31b50000, 0x00007f2a32899940, 0x00007f2a32899a00, 0x00007f2a870b0000)
 Metaspace       used 23256K, capacity 23627K, committed 23808K, reserved 24576K
}
Event: 11.912 GC heap before
{Heap before GC invocations=10 (full 1):
 def new generation   total 629248K, used 515640K [0x00007f24dc600000, 0x00007f25070c0000, 0x00007f2a31b50000)
  eden space 559360K,  91% used [0x00007f24dc600000, 0x00007f24fbbc63f0, 0x00007f24fe840000)
  from space 69888K,   2% used [0x00007f2502c80000, 0x00007f2502e47ca8, 0x00007f25070c0000)
  to   space 69888K,   0% used [0x00007f24fe840000, 0x00007f24fe840000, 0x00007f2502c80000)
 tenured generation   total 1398144K, used 13606K [0x00007f2a31b50000, 0x00007f2a870b0000, 0x00007f34dc600000)
   the space 1398144K,   0% used [0x00007f2a31b50000, 0x00007f2a32899940, 0x00007f2a32899a00, 0x00007f2a870b0000)
 Metaspace       used 23263K, capacity 23627K, committed 23808K, reserved 24576K
}
Event: 12.175 GC heap after
{Heap after GC invocations=11 (full 1):
 def new generation   total 629248K, used 1447K [0x00007f24dc600000, 0x00007f25070c0000, 0x00007f2a31b50000)
  eden space 559360K,   0% used [0x00007f24dc600000, 0x00007f24dc600000, 0x00007f24fe840000)
  from space 69888K,   2% used [0x00007f24fe840000, 0x00007f24fe9a9c10, 0x00007f2502c80000)
  to   space 69888K,   0% used [0x00007f2502c80000, 0x00007f2502c80000, 0x00007f25070c0000)
 tenured generation   total 1398144K, used 210214K [0x00007f2a31b50000, 0x00007f2a870b0000, 0x00007f34dc600000)
   the space 1398144K,  15% used [0x00007f2a31b50000, 0x00007f2a3e899970, 0x00007f2a3e899a00, 0x00007f2a870b0000)
 Metaspace       used 23263K, capacity 23627K, committed 23808K, reserved 24576K
}
Event: 12.175 GC heap before
{Heap before GC invocations=11 (full 1):
 def new generation   total 629248K, used 1447K [0x00007f24dc600000, 0x00007f25070c0000, 0x00007f2a31b50000)
  eden space 559360K,   0% used [0x00007f24dc600000, 0x00007f24dc600000, 0x00007f24fe840000)
  from space 69888K,   2% used [0x00007f24fe840000, 0x00007f24fe9a9c10, 0x00007f2502c80000)
  to   space 69888K,   0% used [0x00007f2502c80000, 0x00007f2502c80000, 0x00007f25070c0000)
 tenured generation   total 1398144K, used 210214K [0x00007f2a31b50000, 0x00007f2a870b0000, 0x00007f34dc600000)
   the space 1398144K,  15% used [0x00007f2a31b50000, 0x00007f2a3e899970, 0x00007f2a3e899a00, 0x00007f2a870b0000)
 Metaspace       used 23263K, capacity 23627K, committed 23808K, reserved 24576K
}
Event: 12.222 GC heap after
{Heap after GC invocations=11 (full 2):
 def new generation   total 629248K, used 0K [0x00007f24dc600000, 0x00007f25070c0000, 0x00007f2a31b50000)
  eden space 559360K,   0% used [0x00007f24dc600000, 0x00007f24dc600000, 0x00007f24fe840000)
  from space 69888K,   0% used [0x00007f24fe840000, 0x00007f24fe840000, 0x00007f2502c80000)
  to   space 69888K,   0% used [0x00007f2502c80000, 0x00007f2502c80000, 0x00007f25070c0000)
 tenured generation   total 1398144K, used 211661K [0x00007f2a31b50000, 0x00007f2a870b0000, 0x00007f34dc600000)
   the space 1398144K,  15% used [0x00007f2a31b50000, 0x00007f2a3ea03488, 0x00007f2a3ea03600, 0x00007f2a870b0000)
 Metaspace       used 23263K, capacity 23627K, committed 23808K, reserved 24576K
}
Event: 16.008 GC heap before
{Heap before GC invocations=11 (full 2):
 def new generation   total 629248K, used 11077K [0x00007f24dc600000, 0x00007f25070c0000, 0x00007f2a31b50000)
  eden space 559360K,   1% used [0x00007f24dc600000, 0x00007f24dd0d1410, 0x00007f24fe840000)
  from space 69888K,   0% used [0x00007f24fe840000, 0x00007f24fe840000, 0x00007f2502c80000)
  to   space 69888K,   0% used [0x00007f2502c80000, 0x00007f2502c80000, 0x00007f25070c0000)
 tenured generation   total 2971012K, used 2570957K [0x00007f2a31b50000, 0x00007f2ae70b1000, 0x00007f34dc600000)
   the space 2971012K,  86% used [0x00007f2a31b50000, 0x00007f2acea034b8, 0x00007f2acea03600, 0x00007f2ae70b1000)
 Metaspace       used 23263K, capacity 23627K, committed 23808K, reserved 24576K
}
Event: 16.010 GC heap after
{Heap after GC invocations=12 (full 2):
 def new generation   total 629248K, used 0K [0x00007f24dc600000, 0x00007f25070c0000, 0x00007f2a31b50000)
  eden space 559360K,   0% used [0x00007f24dc600000, 0x00007f24dc600000, 0x00007f24fe840000)
  from space 69888K,   0% used [0x00007f2502c80000, 0x00007f2502c801b8, 0x00007f25070c0000)
  to   space 69888K,   0% used [0x00007f24fe840000, 0x00007f24fe840000, 0x00007f2502c80000)
 tenured generation   total 2971012K, used 2570957K [0x00007f2a31b50000, 0x00007f2ae70b1000, 0x00007f34dc600000)
   the space 2971012K,  86% used [0x00007f2a31b50000, 0x00007f2acea034b8, 0x00007f2acea03600, 0x00007f2ae70b1000)
 Metaspace       used 23263K, capacity 23627K, committed 23808K, reserved 24576K
}
Event: 16.010 GC heap before
{Heap before GC invocations=12 (full 2):
 def new generation   total 629248K, used 0K [0x00007f24dc600000, 0x00007f25070c0000, 0x00007f2a31b50000)
  eden space 559360K,   0% used [0x00007f24dc600000, 0x00007f24dc600000, 0x00007f24fe840000)
  from space 69888K,   0% used [0x00007f2502c80000, 0x00007f2502c801b8, 0x00007f25070c0000)
  to   space 69888K,   0% used [0x00007f24fe840000, 0x00007f24fe840000, 0x00007f2502c80000)
 tenured generation   total 2971012K, used 2570957K [0x00007f2a31b50000, 0x00007f2ae70b1000, 0x00007f34dc600000)
   the space 2971012K,  86% used [0x00007f2a31b50000, 0x00007f2acea034b8, 0x00007f2acea03600, 0x00007f2ae70b1000)
 Metaspace       used 23263K, capacity 23627K, committed 23808K, reserved 24576K
}
Event: 16.180 GC heap after
{Heap after GC invocations=12 (full 3):
 def new generation   total 1337024K, used 0K [0x00007f24dc600000, 0x00007f25370c0000, 0x00007f2a31b50000)
  eden space 1188480K,   0% used [0x00007f24dc600000, 0x00007f24dc600000, 0x00007f2524ea0000)
  from space 148544K,   0% used [0x00007f2524ea0000, 0x00007f2524ea0000, 0x00007f252dfb0000)
  to   space 148544K,   0% used [0x00007f252dfb0000, 0x00007f252dfb0000, 0x00007f25370c0000)
 tenured generation   total 2971012K, used 801466K [0x00007f2a31b50000, 0x00007f2ae70b1000, 0x00007f34dc600000)
   the space 2971012K,  26% used [0x00007f2a31b50000, 0x00007f2a629feb38, 0x00007f2a629fec00, 0x00007f2ae70b1000)
 Metaspace       used 23263K, capacity 23627K, committed 23808K, reserved 24576K
}
Event: 16.833 GC heap before
{Heap before GC invocations=12 (full 3):
 def new generation   total 1337024K, used 809967K [0x00007f24dc600000, 0x00007f25370c0000, 0x00007f2a31b50000)
  eden space 1188480K,  68% used [0x00007f24dc600000, 0x00007f250dcfbe08, 0x00007f2524ea0000)
  from space 148544K,   0% used [0x00007f2524ea0000, 0x00007f2524ea0000, 0x00007f252dfb0000)
  to   space 148544K,   0% used [0x00007f252dfb0000, 0x00007f252dfb0000, 0x00007f25370c0000)
 tenured generation   total 2971012K, used 801466K [0x00007f2a31b50000, 0x00007f2ae70b1000, 0x00007f34dc600000)
   the space 2971012K,  26% used [0x00007f2a31b50000, 0x00007f2a629feb38, 0x00007f2a629fec00, 0x00007f2ae70b1000)
 Metaspace       used 23263K, capacity 23627K, committed 23808K, reserved 24576K
}
Event: 17.039 GC heap after
{Heap after GC invocations=13 (full 3):
 def new generation   total 1337024K, used 0K [0x00007f24dc600000, 0x00007f25370c0000, 0x00007f2a31b50000)
  eden space 1188480K,   0% used [0x00007f24dc600000, 0x00007f24dc600000, 0x00007f2524ea0000)
  from space 148544K,   0% used [0x00007f252dfb0000, 0x00007f252dfb0278, 0x00007f25370c0000)
  to   space 148544K,   0% used [0x00007f2524ea0000, 0x00007f2524ea0000, 0x00007f252dfb0000)
 tenured generation   total 2971012K, used 1587898K [0x00007f2a31b50000, 0x00007f2ae70b1000, 0x00007f34dc600000)
   the space 2971012K,  53% used [0x00007f2a31b50000, 0x00007f2a929feb50, 0x00007f2a929fec00, 0x00007f2ae70b1000)
 Metaspace       used 23263K, capacity 23627K, committed 23808K, reserved 24576K
}
Event: 25.282 GC heap before
{Heap before GC invocations=13 (full 3):
 def new generation   total 1337024K, used 1071952K [0x00007f24dc600000, 0x00007f25370c0000, 0x00007f2a31b50000)
  eden space 1188480K,  90% used [0x00007f24dc600000, 0x00007f251dcd3f08, 0x00007f2524ea0000)
  from space 148544K,   0% used [0x00007f252dfb0000, 0x00007f252dfb0278, 0x00007f25370c0000)
  to   space 148544K,   0% used [0x00007f2524ea0000, 0x00007f2524ea0000, 0x00007f252dfb0000)
 tenured generation   total 2971012K, used 1587898K [0x00007f2a31b50000, 0x00007f2ae70b1000, 0x00007f34dc600000)
   the space 2971012K,  53% used [0x00007f2a31b50000, 0x00007f2a929feb50, 0x00007f2a929fec00, 0x00007f2ae70b1000)
 Metaspace       used 23263K, capacity 23627K, committed 23808K, reserved 24576K
}
Event: 25.548 GC heap after
{Heap after GC invocations=14 (full 3):
 def new generation   total 1337024K, used 131073K [0x00007f24dc600000, 0x00007f25370c0000, 0x00007f2a31b50000)
  eden space 1188480K,   0% used [0x00007f24dc600000, 0x00007f24dc600000, 0x00007f2524ea0000)
  from space 148544K,  88% used [0x00007f2524ea0000, 0x00007f252cea0548, 0x00007f252dfb0000)
  to   space 148544K,   0% used [0x00007f252dfb0000, 0x00007f252dfb0000, 0x00007f25370c0000)
 tenured generation   total 2971012K, used 1718970K [0x00007f2a31b50000, 0x00007f2ae70b1000, 0x00007f34dc600000)
   the space 2971012K,  57% used [0x00007f2a31b50000, 0x00007f2a9a9feb68, 0x00007f2a9a9fec00, 0x00007f2ae70b1000)
 Metaspace       used 23263K, capacity 23627K, committed 23808K, reserved 24576K
}
Event: 26.106 GC heap before
{Heap before GC invocations=14 (full 3):
 def new generation   total 1337024K, used 908069K [0x00007f24dc600000, 0x00007f25370c0000, 0x00007f2a31b50000)
  eden space 1188480K,  65% used [0x00007f24dc600000, 0x00007f250bcc9118, 0x00007f2524ea0000)
  from space 148544K,  88% used [0x00007f2524ea0000, 0x00007f252cea0548, 0x00007f252dfb0000)
  to   space 148544K,   0% used [0x00007f252dfb0000, 0x00007f252dfb0000, 0x00007f25370c0000)
 tenured generation   total 2971012K, used 1718970K [0x00007f2a31b50000, 0x00007f2ae70b1000, 0x00007f34dc600000)
   the space 2971012K,  57% used [0x00007f2a31b50000, 0x00007f2a9a9feb68, 0x00007f2a9a9fec00, 0x00007f2ae70b1000)
 Metaspace       used 23263K, capacity 23627K, committed 23808K, reserved 24576K
}
Event: 26.278 GC heap after
{Heap after GC invocations=15 (full 3):
 def new generation   total 1337024K, used 32970K [0x00007f24dc600000, 0x00007f25370c0000, 0x00007f2a31b50000)
  eden space 1188480K,   0% used [0x00007f24dc600000, 0x00007f24dc600000, 0x00007f2524ea0000)
  from space 148544K,  22% used [0x00007f252dfb0000, 0x00007f252ffe2958, 0x00007f25370c0000)
  to   space 148544K,   0% used [0x00007f2524ea0000, 0x00007f2524ea0000, 0x00007f252dfb0000)
 tenured generation   total 2971012K, used 2243259K [0x00007f2a31b50000, 0x00007f2ae70b1000, 0x00007f34dc600000)
   the space 2971012K,  75% used [0x00007f2a31b50000, 0x00007f2aba9fed08, 0x00007f2aba9fee00, 0x00007f2ae70b1000)
 Metaspace       used 23263K, capacity 23627K, committed 23808K, reserved 24576K
}
Event: 26.419 GC heap before
{Heap before GC invocations=15 (full 3):
 def new generation   total 1337024K, used 580493K [0x00007f24dc600000, 0x00007f25370c0000, 0x00007f2a31b50000)
  eden space 1188480K,  46% used [0x00007f24dc600000, 0x00007f24fdcb0e30, 0x00007f2524ea0000)
  from space 148544K,  22% used [0x00007f252dfb0000, 0x00007f252ffe2958, 0x00007f25370c0000)
  to   space 148544K,   0% used [0x00007f2524ea0000, 0x00007f2524ea0000, 0x00007f252dfb0000)
 tenured generation   total 2971012K, used 2243259K [0x00007f2a31b50000, 0x00007f2ae70b1000, 0x00007f34dc600000)
   the space 2971012K,  75% used [0x00007f2a31b50000, 0x00007f2aba9fed08, 0x00007f2aba9fee00, 0x00007f2ae70b1000)
 Metaspace       used 23263K, capacity 23627K, committed 23808K, reserved 24576K
}
Event: 26.942 GC heap after
{Heap after GC invocations=16 (full 3):
 def new generation   total 1337024K, used 32971K [0x00007f24dc600000, 0x00007f25370c0000, 0x00007f2a31b50000)
  eden space 1188480K,   0% used [0x00007f24dc600000, 0x00007f24dc600000, 0x00007f2524ea0000)
  from space 148544K,  22% used [0x00007f2524ea0000, 0x00007f2526ed2c18, 0x00007f252dfb0000)
  to   space 148544K,   0% used [0x00007f252dfb0000, 0x00007f252dfb0000, 0x00007f25370c0000)
 tenured generation   total 2971012K, used 2767547K [0x00007f2a31b50000, 0x00007f2ae70b1000, 0x00007f34dc600000)
   the space 2971012K,  93% used [0x00007f2a31b50000, 0x00007f2ada9fed20, 0x00007f2ada9fee00, 0x00007f2ae70b1000)
 Metaspace       used 23263K, capacity 23627K, committed 23808K, reserved 24576K
}
Event: 26.942 GC heap before
{Heap before GC invocations=16 (full 3):
 def new generation   total 1337024K, used 32971K [0x00007f24dc600000, 0x00007f25370c0000, 0x00007f2a31b50000)
  eden space 1188480K,   0% used [0x00007f24dc600000, 0x00007f24dc600000, 0x00007f2524ea0000)
  from space 148544K,  22% used [0x00007f2524ea0000, 0x00007f2526ed2c18, 0x00007f252dfb0000)
  to   space 148544K,   0% used [0x00007f252dfb0000, 0x00007f252dfb0000, 0x00007f25370c0000)
 tenured generation   total 2971012K, used 2767547K [0x00007f2a31b50000, 0x00007f2ae70b1000, 0x00007f34dc600000)
   the space 2971012K,  93% used [0x00007f2a31b50000, 0x00007f2ada9fed20, 0x00007f2ada9fee00, 0x00007f2ae70b1000)
 Metaspace       used 23263K, capacity 23627K, committed 23808K, reserved 24576K
}
Event: 27.233 GC heap after
{Heap after GC invocations=16 (full 4):
 def new generation   total 1337024K, used 0K [0x00007f24dc600000, 0x00007f25370c0000, 0x00007f2a31b50000)
  eden space 1188480K,   0% used [0x00007f24dc600000, 0x00007f24dc600000, 0x00007f2524ea0000)
  from space 148544K,   0% used [0x00007f2524ea0000, 0x00007f2524ea0000, 0x00007f252dfb0000)
  to   space 148544K,   0% used [0x00007f252dfb0000, 0x00007f252dfb0000, 0x00007f25370c0000)
 tenured generation   total 2971012K, used 1058288K [0x00007f2a31b50000, 0x00007f2ae70b1000, 0x00007f34dc600000)
   the space 2971012K,  35% used [0x00007f2a31b50000, 0x00007f2a724cc280, 0x00007f2a724cc400, 0x00007f2ae70b1000)
 Metaspace       used 23263K, capacity 23627K, committed 23808K, reserved 24576K
}

