# JRE version: OpenJDK Runtime Environment (13.0.7+5) (build 13.0.7+5-Ubuntu-0ubuntu120.04)
# Java VM: OpenJDK 64-Bit Server VM (13.0.7+5-Ubuntu-0ubuntu120.04, mixed mode, tiered, serial gc, linux-amd64)
Heap:
 def new generation   total 7571520K, used 0K [0x00007f3eb4600000, 0x00007f40b5da0000, 0x00007f4409b50000)
  eden space 6730240K,   0% used [0x00007f3eb4600000, 0x00007f3eb4600000, 0x00007f404f280000)
  from space 841280K,   0% used [0x00007f4082810000, 0x00007f4082810000, 0x00007f40b5da0000)
  to   space 841280K,   0% used [0x00007f404f280000, 0x00007f404f280000, 0x00007f4082810000)
 tenured generation   total 17149592K, used 15751296K [0x00007f4409b50000, 0x00007f48206f6000, 0x00007f4eb4600000)
   the space 17149592K,  91% used [0x00007f4409b50000, 0x00007f47cb170048, 0x00007f47cb170200, 0x00007f48206f6000)
 Metaspace       used 30419K, capacity 30793K, committed 30976K, reserved 32768K
GC Heap History (20 events):
Event: 411.268 GC heap after
{Heap after GC invocations=36 (full 7):
 def new generation   total 7571520K, used 291604K [0x00007f3eb4600000, 0x00007f40b5da0000, 0x00007f4409b50000)
  eden space 6730240K,   4% used [0x00007f3eb4600000, 0x00007f3ec62c5228, 0x00007f404f280000)
  from space 841280K,   0% used [0x00007f404f280000, 0x00007f404f280000, 0x00007f4082810000)
  to   space 841280K,   0% used [0x00007f4082810000, 0x00007f4082810000, 0x00007f40b5da0000)
 tenured generation   total 16825496K, used 10095296K [0x00007f4409b50000, 0x00007f480ca76000, 0x00007f4eb4600000)
   the space 16825496K,  59% used [0x00007f4409b50000, 0x00007f4671e00000, 0x00007f4671e00000, 0x00007f480ca76000)
 Metaspace       used 30419K, capacity 30793K, committed 30976K, reserved 32768K
}
Event: 841.029 GC heap before
{Heap before GC invocations=36 (full 7):
 def new generation   total 7571520K, used 6730240K [0x00007f3eb4600000, 0x00007f40b5da0000, 0x00007f4409b50000)
  eden space 6730240K, 100% used [0x00007f3eb4600000, 0x00007f404f280000, 0x00007f404f280000)
  from space 841280K,   0% used [0x00007f404f280000, 0x00007f404f280000, 0x00007f4082810000)
  to   space 841280K,   0% used [0x00007f4082810000, 0x00007f4082810000, 0x00007f40b5da0000)
 tenured generation   total 16825496K, used 10095296K [0x00007f4409b50000, 0x00007f480ca76000, 0x00007f4eb4600000)
   the space 16825496K,  59% used [0x00007f4409b50000, 0x00007f4671e00000, 0x00007f4671e00000, 0x00007f480ca76000)
 Metaspace       used 30419K, capacity 30793K, committed 30976K, reserved 32768K
}
Event: 845.051 GC heap after
{Heap after GC invocations=37 (full 7):
 def new generation   total 7571520K, used 841279K [0x00007f3eb4600000, 0x00007f40b5da0000, 0x00007f4409b50000)
  eden space 6730240K,   0% used [0x00007f3eb4600000, 0x00007f3eb4600000, 0x00007f404f280000)
  from space 841280K,  99% used [0x00007f4082810000, 0x00007f40b5d9fff8, 0x00007f40b5da0000)
  to   space 841280K,   0% used [0x00007f404f280000, 0x00007f404f280000, 0x00007f4082810000)
 tenured generation   total 16825496K, used 10901117K [0x00007f4409b50000, 0x00007f480ca76000, 0x00007f4eb4600000)
   the space 16825496K,  64% used [0x00007f4409b50000, 0x00007f46a30ef500, 0x00007f46a30ef600, 0x00007f480ca76000)
 Metaspace       used 30419K, capacity 30793K, committed 30976K, reserved 32768K
}
Event: 1194.314 GC heap before
{Heap before GC invocations=37 (full 7):
 def new generation   total 7571520K, used 7571519K [0x00007f3eb4600000, 0x00007f40b5da0000, 0x00007f4409b50000)
  eden space 6730240K, 100% used [0x00007f3eb4600000, 0x00007f404f280000, 0x00007f404f280000)
  from space 841280K,  99% used [0x00007f4082810000, 0x00007f40b5d9fff8, 0x00007f40b5da0000)
  to   space 841280K,   0% used [0x00007f404f280000, 0x00007f404f280000, 0x00007f4082810000)
 tenured generation   total 16825496K, used 10901117K [0x00007f4409b50000, 0x00007f480ca76000, 0x00007f4eb4600000)
   the space 16825496K,  64% used [0x00007f4409b50000, 0x00007f46a30ef500, 0x00007f46a30ef600, 0x00007f480ca76000)
 Metaspace       used 30419K, capacity 30793K, committed 30976K, reserved 32768K
}
Event: 1196.894 GC heap after
{Heap after GC invocations=38 (full 7):
 def new generation   total 7571520K, used 841279K [0x00007f3eb4600000, 0x00007f40b5da0000, 0x00007f4409b50000)
  eden space 6730240K,   0% used [0x00007f3eb4600000, 0x00007f3eb4600000, 0x00007f404f280000)
  from space 841280K,  99% used [0x00007f404f280000, 0x00007f408280fff0, 0x00007f4082810000)
  to   space 841280K,   0% used [0x00007f4082810000, 0x00007f4082810000, 0x00007f40b5da0000)
 tenured generation   total 16825496K, used 12318003K [0x00007f4409b50000, 0x00007f480ca76000, 0x00007f4eb4600000)
   the space 16825496K,  73% used [0x00007f4409b50000, 0x00007f46f989cf28, 0x00007f46f989d000, 0x00007f480ca76000)
 Metaspace       used 30419K, capacity 30793K, committed 30976K, reserved 32768K
}
Event: 1453.290 GC heap before
{Heap before GC invocations=38 (full 7):
 def new generation   total 7571520K, used 7571519K [0x00007f3eb4600000, 0x00007f40b5da0000, 0x00007f4409b50000)
  eden space 6730240K, 100% used [0x00007f3eb4600000, 0x00007f404f280000, 0x00007f404f280000)
  from space 841280K,  99% used [0x00007f404f280000, 0x00007f408280fff0, 0x00007f4082810000)
  to   space 841280K,   0% used [0x00007f4082810000, 0x00007f4082810000, 0x00007f40b5da0000)
 tenured generation   total 16825496K, used 12318003K [0x00007f4409b50000, 0x00007f480ca76000, 0x00007f4eb4600000)
   the space 16825496K,  73% used [0x00007f4409b50000, 0x00007f46f989cf28, 0x00007f46f989d000, 0x00007f480ca76000)
 Metaspace       used 30419K, capacity 30793K, committed 30976K, reserved 32768K
}
Event: 1455.546 GC heap after
{Heap after GC invocations=39 (full 7):
 def new generation   total 7571520K, used 841279K [0x00007f3eb4600000, 0x00007f40b5da0000, 0x00007f4409b50000)
  eden space 6730240K,   0% used [0x00007f3eb4600000, 0x00007f3eb4600000, 0x00007f404f280000)
  from space 841280K,  99% used [0x00007f4082810000, 0x00007f40b5d9ffe8, 0x00007f40b5da0000)
  to   space 841280K,   0% used [0x00007f404f280000, 0x00007f404f280000, 0x00007f4082810000)
 tenured generation   total 16825496K, used 13608251K [0x00007f4409b50000, 0x00007f480ca76000, 0x00007f4eb4600000)
   the space 16825496K,  80% used [0x00007f4409b50000, 0x00007f474849ef88, 0x00007f474849f000, 0x00007f480ca76000)
 Metaspace       used 30419K, capacity 30793K, committed 30976K, reserved 32768K
}
Event: 1457.157 GC heap before
{Heap before GC invocations=39 (full 7):
 def new generation   total 7571520K, used 7571519K [0x00007f3eb4600000, 0x00007f40b5da0000, 0x00007f4409b50000)
  eden space 6730240K, 100% used [0x00007f3eb4600000, 0x00007f404f280000, 0x00007f404f280000)
  from space 841280K,  99% used [0x00007f4082810000, 0x00007f40b5d9ffe8, 0x00007f40b5da0000)
  to   space 841280K,   0% used [0x00007f404f280000, 0x00007f404f280000, 0x00007f4082810000)
 tenured generation   total 16825496K, used 13608251K [0x00007f4409b50000, 0x00007f480ca76000, 0x00007f4eb4600000)
   the space 16825496K,  80% used [0x00007f4409b50000, 0x00007f474849ef88, 0x00007f474849f000, 0x00007f480ca76000)
 Metaspace       used 30419K, capacity 30793K, committed 30976K, reserved 32768K
}
Event: 1458.518 GC heap after
{Heap after GC invocations=40 (full 7):
 def new generation   total 7571520K, used 518421K [0x00007f3eb4600000, 0x00007f40b5da0000, 0x00007f4409b50000)
  eden space 6730240K,   0% used [0x00007f3eb4600000, 0x00007f3eb4600000, 0x00007f404f280000)
  from space 841280K,  61% used [0x00007f404f280000, 0x00007f406ecc56c0, 0x00007f4082810000)
  to   space 841280K,   0% used [0x00007f4082810000, 0x00007f4082810000, 0x00007f40b5da0000)
 tenured generation   total 16825496K, used 14449530K [0x00007f4409b50000, 0x00007f480ca76000, 0x00007f4eb4600000)
   the space 16825496K,  85% used [0x00007f4409b50000, 0x00007f477ba2eb20, 0x00007f477ba2ec00, 0x00007f480ca76000)
 Metaspace       used 30419K, capacity 30793K, committed 30976K, reserved 32768K
}
Event: 1460.113 GC heap before
{Heap before GC invocations=40 (full 7):
 def new generation   total 7571520K, used 7248661K [0x00007f3eb4600000, 0x00007f40b5da0000, 0x00007f4409b50000)
  eden space 6730240K, 100% used [0x00007f3eb4600000, 0x00007f404f280000, 0x00007f404f280000)
  from space 841280K,  61% used [0x00007f404f280000, 0x00007f406ecc56c0, 0x00007f4082810000)
  to   space 841280K,   0% used [0x00007f4082810000, 0x00007f4082810000, 0x00007f40b5da0000)
 tenured generation   total 16825496K, used 14449530K [0x00007f4409b50000, 0x00007f480ca76000, 0x00007f4eb4600000)
   the space 16825496K,  85% used [0x00007f4409b50000, 0x00007f477ba2eb20, 0x00007f477ba2ec00, 0x00007f480ca76000)
 Metaspace       used 30419K, capacity 30793K, committed 30976K, reserved 32768K
}
Event: 1461.267 GC heap after
{Heap after GC invocations=41 (full 7):
 def new generation   total 7571520K, used 518604K [0x00007f3eb4600000, 0x00007f40b5da0000, 0x00007f4409b50000)
  eden space 6730240K,   0% used [0x00007f3eb4600000, 0x00007f3eb4600000, 0x00007f404f280000)
  from space 841280K,  61% used [0x00007f4082810000, 0x00007f40a22831c8, 0x00007f40b5da0000)
  to   space 841280K,   0% used [0x00007f404f280000, 0x00007f404f280000, 0x00007f4082810000)
 tenured generation   total 16825496K, used 14967951K [0x00007f4409b50000, 0x00007f480ca76000, 0x00007f4eb4600000)
   the space 16825496K,  88% used [0x00007f4409b50000, 0x00007f479b473ec0, 0x00007f479b474000, 0x00007f480ca76000)
 Metaspace       used 30419K, capacity 30793K, committed 30976K, reserved 32768K
}
Event: 1462.879 GC heap before
{Heap before GC invocations=41 (full 7):
 def new generation   total 7571520K, used 7248844K [0x00007f3eb4600000, 0x00007f40b5da0000, 0x00007f4409b50000)
  eden space 6730240K, 100% used [0x00007f3eb4600000, 0x00007f404f280000, 0x00007f404f280000)
  from space 841280K,  61% used [0x00007f4082810000, 0x00007f40a22831c8, 0x00007f40b5da0000)
  to   space 841280K,   0% used [0x00007f404f280000, 0x00007f404f280000, 0x00007f4082810000)
 tenured generation   total 16825496K, used 14967951K [0x00007f4409b50000, 0x00007f480ca76000, 0x00007f4eb4600000)
   the space 16825496K,  88% used [0x00007f4409b50000, 0x00007f479b473ec0, 0x00007f479b474000, 0x00007f480ca76000)
 Metaspace       used 30419K, capacity 30793K, committed 30976K, reserved 32768K
}
Event: 1464.031 GC heap after
{Heap after GC invocations=42 (full 7):
 def new generation   total 7571520K, used 512895K [0x00007f3eb4600000, 0x00007f40b5da0000, 0x00007f4409b50000)
  eden space 6730240K,   0% used [0x00007f3eb4600000, 0x00007f3eb4600000, 0x00007f404f280000)
  from space 841280K,  60% used [0x00007f404f280000, 0x00007f406e75fc98, 0x00007f4082810000)
  to   space 841280K,   0% used [0x00007f4082810000, 0x00007f4082810000, 0x00007f40b5da0000)
 tenured generation   total 16825496K, used 15486556K [0x00007f4409b50000, 0x00007f480ca76000, 0x00007f4eb4600000)
   the space 16825496K,  92% used [0x00007f4409b50000, 0x00007f47baee7088, 0x00007f47baee7200, 0x00007f480ca76000)
 Metaspace       used 30419K, capacity 30793K, committed 30976K, reserved 32768K
}
Event: 1465.594 GC heap before
{Heap before GC invocations=42 (full 7):
 def new generation   total 7571520K, used 7243135K [0x00007f3eb4600000, 0x00007f40b5da0000, 0x00007f4409b50000)
  eden space 6730240K, 100% used [0x00007f3eb4600000, 0x00007f404f280000, 0x00007f404f280000)
  from space 841280K,  60% used [0x00007f404f280000, 0x00007f406e75fc98, 0x00007f4082810000)
  to   space 841280K,   0% used [0x00007f4082810000, 0x00007f4082810000, 0x00007f40b5da0000)
 tenured generation   total 16825496K, used 15486556K [0x00007f4409b50000, 0x00007f480ca76000, 0x00007f4eb4600000)
   the space 16825496K,  92% used [0x00007f4409b50000, 0x00007f47baee7088, 0x00007f47baee7200, 0x00007f480ca76000)
 Metaspace       used 30419K, capacity 30793K, committed 30976K, reserved 32768K
}
Event: 1466.755 GC heap after
{Heap after GC invocations=43 (full 7):
 def new generation   total 7571520K, used 523372K [0x00007f3eb4600000, 0x00007f40b5da0000, 0x00007f4409b50000)
  eden space 6730240K,   0% used [0x00007f3eb4600000, 0x00007f3eb4600000, 0x00007f404f280000)
  from space 841280K,  62% used [0x00007f4082810000, 0x00007f40a272b2b0, 0x00007f40b5da0000)
  to   space 841280K,   0% used [0x00007f404f280000, 0x00007f404f280000, 0x00007f4082810000)
 tenured generation   total 16825496K, used 15999450K [0x00007f4409b50000, 0x00007f480ca76000, 0x00007f4eb4600000)
   the space 16825496K,  95% used [0x00007f4409b50000, 0x00007f47da3c6ac0, 0x00007f47da3c6c00, 0x00007f480ca76000)
 Metaspace       used 30419K, capacity 30793K, committed 30976K, reserved 32768K
}
Event: 1468.509 GC heap before
{Heap before GC invocations=43 (full 7):
 def new generation   total 7571520K, used 7253612K [0x00007f3eb4600000, 0x00007f40b5da0000, 0x00007f4409b50000)
  eden space 6730240K, 100% used [0x00007f3eb4600000, 0x00007f404f280000, 0x00007f404f280000)
  from space 841280K,  62% used [0x00007f4082810000, 0x00007f40a272b2b0, 0x00007f40b5da0000)
  to   space 841280K,   0% used [0x00007f404f280000, 0x00007f404f280000, 0x00007f4082810000)
 tenured generation   total 16825496K, used 15999450K [0x00007f4409b50000, 0x00007f480ca76000, 0x00007f4eb4600000)
   the space 16825496K,  95% used [0x00007f4409b50000, 0x00007f47da3c6ac0, 0x00007f47da3c6c00, 0x00007f480ca76000)
 Metaspace       used 30419K, capacity 30793K, committed 30976K, reserved 32768K
}
Event: 1469.831 GC heap after
{Heap after GC invocations=44 (full 7):
 def new generation   total 7571520K, used 626631K [0x00007f3eb4600000, 0x00007f40b5da0000, 0x00007f4409b50000)
  eden space 6730240K,   0% used [0x00007f3eb4600000, 0x00007f3eb4600000, 0x00007f404f280000)
  from space 841280K,  74% used [0x00007f404f280000, 0x00007f4075671cb0, 0x00007f4082810000)
  to   space 841280K,   0% used [0x00007f4082810000, 0x00007f4082810000, 0x00007f40b5da0000)
 tenured generation   total 16825496K, used 16522822K [0x00007f4409b50000, 0x00007f480ca76000, 0x00007f4eb4600000)
   the space 16825496K,  98% used [0x00007f4409b50000, 0x00007f47fa2e19c0, 0x00007f47fa2e1a00, 0x00007f480ca76000)
 Metaspace       used 30419K, capacity 30793K, committed 30976K, reserved 32768K
}
Event: 1471.572 GC heap before
{Heap before GC invocations=44 (full 7):
 def new generation   total 7571520K, used 7356871K [0x00007f3eb4600000, 0x00007f40b5da0000, 0x00007f4409b50000)
  eden space 6730240K, 100% used [0x00007f3eb4600000, 0x00007f404f280000, 0x00007f404f280000)
  from space 841280K,  74% used [0x00007f404f280000, 0x00007f4075671cb0, 0x00007f4082810000)
  to   space 841280K,   0% used [0x00007f4082810000, 0x00007f4082810000, 0x00007f40b5da0000)
 tenured generation   total 16825496K, used 16522822K [0x00007f4409b50000, 0x00007f480ca76000, 0x00007f4eb4600000)
   the space 16825496K,  98% used [0x00007f4409b50000, 0x00007f47fa2e19c0, 0x00007f47fa2e1a00, 0x00007f480ca76000)
 Metaspace       used 30419K, capacity 30793K, committed 30976K, reserved 32768K
}
Event: 1473.007 GC heap after
{Heap after GC invocations=45 (full 7):
 def new generation   total 7571520K, used 615672K [0x00007f3eb4600000, 0x00007f40b5da0000, 0x00007f4409b50000)
  eden space 6730240K,   0% used [0x00007f3eb4600000, 0x00007f3eb4600000, 0x00007f404f280000)
  from space 841280K,  73% used [0x00007f4082810000, 0x00007f40a814e188, 0x00007f40b5da0000)
  to   space 841280K,   0% used [0x00007f404f280000, 0x00007f404f280000, 0x00007f4082810000)
 tenured generation   total 17149592K, used 17149453K [0x00007f4409b50000, 0x00007f48206f6000, 0x00007f4eb4600000)
   the space 17149592K,  99% used [0x00007f4409b50000, 0x00007f48206d35b0, 0x00007f48206d3600, 0x00007f48206f6000)
 Metaspace       used 30419K, capacity 30793K, committed 30976K, reserved 32768K
}
Event: 1473.007 GC heap before
{Heap before GC invocations=45 (full 7):
 def new generation   total 7571520K, used 615672K [0x00007f3eb4600000, 0x00007f40b5da0000, 0x00007f4409b50000)
  eden space 6730240K,   0% used [0x00007f3eb4600000, 0x00007f3eb4600000, 0x00007f404f280000)
  from space 841280K,  73% used [0x00007f4082810000, 0x00007f40a814e188, 0x00007f40b5da0000)
  to   space 841280K,   0% used [0x00007f404f280000, 0x00007f404f280000, 0x00007f4082810000)
 tenured generation   total 17149592K, used 17149453K [0x00007f4409b50000, 0x00007f48206f6000, 0x00007f4eb4600000)
   the space 17149592K,  99% used [0x00007f4409b50000, 0x00007f48206d35b0, 0x00007f48206d3600, 0x00007f48206f6000)
 Metaspace       used 30419K, capacity 30793K, committed 30976K, reserved 32768K
}

