# JRE version: OpenJDK Runtime Environment (13.0.7+5) (build 13.0.7+5-Ubuntu-0ubuntu120.04)
# Java VM: OpenJDK 64-Bit Server VM (13.0.7+5-Ubuntu-0ubuntu120.04, mixed mode, tiered, serial gc, linux-amd64)
Heap:
 def new generation   total 3153536K, used 0K [0x00007f72c0600000, 0x00007f73963c0000, 0x00007f7815b50000)
  eden space 2803200K,   0% used [0x00007f72c0600000, 0x00007f72c0600000, 0x00007f736b780000)
  from space 350336K,   0% used [0x00007f7380da0000, 0x00007f7380da0000, 0x00007f73963c0000)
  to   space 350336K,   0% used [0x00007f736b780000, 0x00007f736b780000, 0x00007f7380da0000)
 tenured generation   total 15396332K, used 10496087K [0x00007f7815b50000, 0x00007f7bc16cb000, 0x00007f82c0600000)
   the space 15396332K,  68% used [0x00007f7815b50000, 0x00007f7a96565e08, 0x00007f7a96566000, 0x00007f7bc16cb000)
 Metaspace       used 23201K, capacity 23602K, committed 23808K, reserved 24576K
GC Heap History (20 events):
Event: 7.609 GC heap after
{Heap after GC invocations=5 (full 2):
 def new generation   total 797568K, used 0K [0x00007f72c0600000, 0x00007f72f6760000, 0x00007f7815b50000)
  eden space 708992K,   0% used [0x00007f72c0600000, 0x00007f72c0600000, 0x00007f72eba60000)
  from space 88576K,   0% used [0x00007f72eba60000, 0x00007f72eba60000, 0x00007f72f10e0000)
  to   space 88576K,   0% used [0x00007f72f10e0000, 0x00007f72f10e0000, 0x00007f72f6760000)
 tenured generation   total 1772224K, used 1063334K [0x00007f7815b50000, 0x00007f7881e00000, 0x00007f82c0600000)
   the space 1772224K,  59% used [0x00007f7815b50000, 0x00007f78569b9838, 0x00007f78569b9a00, 0x00007f7881e00000)
 Metaspace       used 23111K, capacity 23459K, committed 23552K, reserved 24576K
}
Event: 10.007 GC heap before
{Heap before GC invocations=5 (full 2):
 def new generation   total 797568K, used 13896K [0x00007f72c0600000, 0x00007f72f6760000, 0x00007f7815b50000)
  eden space 708992K,   1% used [0x00007f72c0600000, 0x00007f72c13923f8, 0x00007f72eba60000)
  from space 88576K,   0% used [0x00007f72eba60000, 0x00007f72eba60000, 0x00007f72f10e0000)
  to   space 88576K,   0% used [0x00007f72f10e0000, 0x00007f72f10e0000, 0x00007f72f6760000)
 tenured generation   total 3869380K, used 3160486K [0x00007f7815b50000, 0x00007f7901e01000, 0x00007f82c0600000)
   the space 3869380K,  81% used [0x00007f7815b50000, 0x00007f78d69b9850, 0x00007f78d69b9a00, 0x00007f7901e01000)
 Metaspace       used 23111K, capacity 23459K, committed 23552K, reserved 24576K
}
Event: 10.016 GC heap after
{Heap after GC invocations=6 (full 2):
 def new generation   total 797568K, used 0K [0x00007f72c0600000, 0x00007f72f6760000, 0x00007f7815b50000)
  eden space 708992K,   0% used [0x00007f72c0600000, 0x00007f72c0600000, 0x00007f72eba60000)
  from space 88576K,   0% used [0x00007f72f10e0000, 0x00007f72f10e0158, 0x00007f72f6760000)
  to   space 88576K,   0% used [0x00007f72eba60000, 0x00007f72eba60000, 0x00007f72f10e0000)
 tenured generation   total 3869380K, used 3160486K [0x00007f7815b50000, 0x00007f7901e01000, 0x00007f82c0600000)
   the space 3869380K,  81% used [0x00007f7815b50000, 0x00007f78d69b9850, 0x00007f78d69b9a00, 0x00007f7901e01000)
 Metaspace       used 23111K, capacity 23459K, committed 23552K, reserved 24576K
}
Event: 10.016 GC heap before
{Heap before GC invocations=6 (full 2):
 def new generation   total 797568K, used 0K [0x00007f72c0600000, 0x00007f72f6760000, 0x00007f7815b50000)
  eden space 708992K,   0% used [0x00007f72c0600000, 0x00007f72c0600000, 0x00007f72eba60000)
  from space 88576K,   0% used [0x00007f72f10e0000, 0x00007f72f10e0158, 0x00007f72f6760000)
  to   space 88576K,   0% used [0x00007f72eba60000, 0x00007f72eba60000, 0x00007f72f10e0000)
 tenured generation   total 3869380K, used 3160486K [0x00007f7815b50000, 0x00007f7901e01000, 0x00007f82c0600000)
   the space 3869380K,  81% used [0x00007f7815b50000, 0x00007f78d69b9850, 0x00007f78d69b9a00, 0x00007f7901e01000)
 Metaspace       used 23111K, capacity 23459K, committed 23552K, reserved 24576K
}
Event: 11.449 GC heap after
{Heap after GC invocations=6 (full 3):
 def new generation   total 1977216K, used 0K [0x00007f72c0600000, 0x00007f7346760000, 0x00007f7815b50000)
  eden space 1757568K,   0% used [0x00007f72c0600000, 0x00007f72c0600000, 0x00007f732ba60000)
  from space 219648K,   0% used [0x00007f732ba60000, 0x00007f732ba60000, 0x00007f73390e0000)
  to   space 219648K,   0% used [0x00007f73390e0000, 0x00007f73390e0000, 0x00007f7346760000)
 tenured generation   total 4393664K, used 2636197K [0x00007f7815b50000, 0x00007f7921e00000, 0x00007f82c0600000)
   the space 4393664K,  59% used [0x00007f7815b50000, 0x00007f78b69b97f0, 0x00007f78b69b9800, 0x00007f7921e00000)
 Metaspace       used 23111K, capacity 23459K, committed 23552K, reserved 24576K
}
Event: 13.816 GC heap before
{Heap before GC invocations=6 (full 3):
 def new generation   total 1977216K, used 1083026K [0x00007f72c0600000, 0x00007f7346760000, 0x00007f7815b50000)
  eden space 1757568K,  61% used [0x00007f72c0600000, 0x00007f73027a48b0, 0x00007f732ba60000)
  from space 219648K,   0% used [0x00007f732ba60000, 0x00007f732ba60000, 0x00007f73390e0000)
  to   space 219648K,   0% used [0x00007f73390e0000, 0x00007f73390e0000, 0x00007f7346760000)
 tenured generation   total 4393664K, used 2636197K [0x00007f7815b50000, 0x00007f7921e00000, 0x00007f82c0600000)
   the space 4393664K,  59% used [0x00007f7815b50000, 0x00007f78b69b97f0, 0x00007f78b69b9800, 0x00007f7921e00000)
 Metaspace       used 23111K, capacity 23459K, committed 23552K, reserved 24576K
}
Event: 14.551 GC heap after
{Heap after GC invocations=7 (full 3):
 def new generation   total 1977216K, used 3K [0x00007f72c0600000, 0x00007f7346760000, 0x00007f7815b50000)
  eden space 1757568K,   0% used [0x00007f72c0600000, 0x00007f72c0600000, 0x00007f732ba60000)
  from space 219648K,   0% used [0x00007f73390e0000, 0x00007f73390e0f38, 0x00007f7346760000)
  to   space 219648K,   0% used [0x00007f732ba60000, 0x00007f732ba60000, 0x00007f73390e0000)
 tenured generation   total 4393664K, used 3684774K [0x00007f7815b50000, 0x00007f7921e00000, 0x00007f82c0600000)
   the space 4393664K,  83% used [0x00007f7815b50000, 0x00007f78f69b9808, 0x00007f78f69b9a00, 0x00007f7921e00000)
 Metaspace       used 23111K, capacity 23459K, committed 23552K, reserved 24576K
}
Event: 14.551 GC heap before
{Heap before GC invocations=7 (full 3):
 def new generation   total 1977216K, used 3K [0x00007f72c0600000, 0x00007f7346760000, 0x00007f7815b50000)
  eden space 1757568K,   0% used [0x00007f72c0600000, 0x00007f72c0600000, 0x00007f732ba60000)
  from space 219648K,   0% used [0x00007f73390e0000, 0x00007f73390e0f38, 0x00007f7346760000)
  to   space 219648K,   0% used [0x00007f732ba60000, 0x00007f732ba60000, 0x00007f73390e0000)
 tenured generation   total 4393664K, used 3684774K [0x00007f7815b50000, 0x00007f7921e00000, 0x00007f82c0600000)
   the space 4393664K,  83% used [0x00007f7815b50000, 0x00007f78f69b9808, 0x00007f78f69b9a00, 0x00007f7921e00000)
 Metaspace       used 23111K, capacity 23459K, committed 23552K, reserved 24576K
}
Event: 14.594 GC heap after
{Heap after GC invocations=7 (full 4):
 def new generation   total 1977216K, used 0K [0x00007f72c0600000, 0x00007f7346760000, 0x00007f7815b50000)
  eden space 1757568K,   0% used [0x00007f72c0600000, 0x00007f72c0600000, 0x00007f732ba60000)
  from space 219648K,   0% used [0x00007f73390e0000, 0x00007f73390e0000, 0x00007f7346760000)
  to   space 219648K,   0% used [0x00007f732ba60000, 0x00007f732ba60000, 0x00007f73390e0000)
 tenured generation   total 4393664K, used 9407K [0x00007f7815b50000, 0x00007f7921e00000, 0x00007f82c0600000)
   the space 4393664K,   0% used [0x00007f7815b50000, 0x00007f781647ffa0, 0x00007f7816480000, 0x00007f7921e00000)
 Metaspace       used 23111K, capacity 23459K, committed 23552K, reserved 24576K
}
Event: 18.998 GC heap before
{Heap before GC invocations=7 (full 4):
 def new generation   total 1977216K, used 1243509K [0x00007f72c0600000, 0x00007f7346760000, 0x00007f7815b50000)
  eden space 1757568K,  70% used [0x00007f72c0600000, 0x00007f730c45d7a0, 0x00007f732ba60000)
  from space 219648K,   0% used [0x00007f73390e0000, 0x00007f73390e0000, 0x00007f7346760000)
  to   space 219648K,   0% used [0x00007f732ba60000, 0x00007f732ba60000, 0x00007f73390e0000)
 tenured generation   total 4393664K, used 4203711K [0x00007f7815b50000, 0x00007f7921e00000, 0x00007f82c0600000)
   the space 4393664K,  95% used [0x00007f7815b50000, 0x00007f791647ffd0, 0x00007f7916480000, 0x00007f7921e00000)
 Metaspace       used 23200K, capacity 23602K, committed 23808K, reserved 24576K
}
Event: 19.003 GC heap after
{Heap after GC invocations=8 (full 4):
 def new generation   total 1977216K, used 920K [0x00007f72c0600000, 0x00007f7346760000, 0x00007f7815b50000)
  eden space 1757568K,   0% used [0x00007f72c0600000, 0x00007f72c0600000, 0x00007f732ba60000)
  from space 219648K,   0% used [0x00007f732ba60000, 0x00007f732bb460b8, 0x00007f73390e0000)
  to   space 219648K,   0% used [0x00007f73390e0000, 0x00007f73390e0000, 0x00007f7346760000)
 tenured generation   total 4393664K, used 4203711K [0x00007f7815b50000, 0x00007f7921e00000, 0x00007f82c0600000)
   the space 4393664K,  95% used [0x00007f7815b50000, 0x00007f791647ffd0, 0x00007f7916480000, 0x00007f7921e00000)
 Metaspace       used 23200K, capacity 23602K, committed 23808K, reserved 24576K
}
Event: 19.003 GC heap before
{Heap before GC invocations=8 (full 4):
 def new generation   total 1977216K, used 920K [0x00007f72c0600000, 0x00007f7346760000, 0x00007f7815b50000)
  eden space 1757568K,   0% used [0x00007f72c0600000, 0x00007f72c0600000, 0x00007f732ba60000)
  from space 219648K,   0% used [0x00007f732ba60000, 0x00007f732bb460b8, 0x00007f73390e0000)
  to   space 219648K,   0% used [0x00007f73390e0000, 0x00007f73390e0000, 0x00007f7346760000)
 tenured generation   total 4393664K, used 4203711K [0x00007f7815b50000, 0x00007f7921e00000, 0x00007f82c0600000)
   the space 4393664K,  95% used [0x00007f7815b50000, 0x00007f791647ffd0, 0x00007f7916480000, 0x00007f7921e00000)
 Metaspace       used 23200K, capacity 23602K, committed 23808K, reserved 24576K
}
Event: 20.108 GC heap after
{Heap after GC invocations=8 (full 5):
 def new generation   total 1977216K, used 0K [0x00007f72c0600000, 0x00007f7346760000, 0x00007f7815b50000)
  eden space 1757568K,   0% used [0x00007f72c0600000, 0x00007f72c0600000, 0x00007f732ba60000)
  from space 219648K,   0% used [0x00007f732ba60000, 0x00007f732ba60000, 0x00007f73390e0000)
  to   space 219648K,   0% used [0x00007f73390e0000, 0x00007f73390e0000, 0x00007f7346760000)
 tenured generation   total 4393664K, used 2107478K [0x00007f7815b50000, 0x00007f7921e00000, 0x00007f82c0600000)
   the space 4393664K,  47% used [0x00007f7815b50000, 0x00007f7896565b88, 0x00007f7896565c00, 0x00007f7921e00000)
 Metaspace       used 23200K, capacity 23602K, committed 23808K, reserved 24576K
}
Event: 21.437 GC heap before
{Heap before GC invocations=8 (full 5):
 def new generation   total 1977216K, used 34600K [0x00007f72c0600000, 0x00007f7346760000, 0x00007f7815b50000)
  eden space 1757568K,   1% used [0x00007f72c0600000, 0x00007f72c27ca320, 0x00007f732ba60000)
  from space 219648K,   0% used [0x00007f732ba60000, 0x00007f732ba60000, 0x00007f73390e0000)
  to   space 219648K,   0% used [0x00007f73390e0000, 0x00007f73390e0000, 0x00007f7346760000)
 tenured generation   total 4393664K, used 4204630K [0x00007f7815b50000, 0x00007f7921e00000, 0x00007f82c0600000)
   the space 4393664K,  95% used [0x00007f7815b50000, 0x00007f7916565ba0, 0x00007f7916565c00, 0x00007f7921e00000)
 Metaspace       used 23201K, capacity 23602K, committed 23808K, reserved 24576K
}
Event: 21.441 GC heap after
{Heap after GC invocations=9 (full 5):
 def new generation   total 1977216K, used 0K [0x00007f72c0600000, 0x00007f7346760000, 0x00007f7815b50000)
  eden space 1757568K,   0% used [0x00007f72c0600000, 0x00007f72c0600000, 0x00007f732ba60000)
  from space 219648K,   0% used [0x00007f73390e0000, 0x00007f73390e0278, 0x00007f7346760000)
  to   space 219648K,   0% used [0x00007f732ba60000, 0x00007f732ba60000, 0x00007f73390e0000)
 tenured generation   total 4393664K, used 4204630K [0x00007f7815b50000, 0x00007f7921e00000, 0x00007f82c0600000)
   the space 4393664K,  95% used [0x00007f7815b50000, 0x00007f7916565ba0, 0x00007f7916565c00, 0x00007f7921e00000)
 Metaspace       used 23201K, capacity 23602K, committed 23808K, reserved 24576K
}
Event: 21.441 GC heap before
{Heap before GC invocations=9 (full 5):
 def new generation   total 1977216K, used 0K [0x00007f72c0600000, 0x00007f7346760000, 0x00007f7815b50000)
  eden space 1757568K,   0% used [0x00007f72c0600000, 0x00007f72c0600000, 0x00007f732ba60000)
  from space 219648K,   0% used [0x00007f73390e0000, 0x00007f73390e0278, 0x00007f7346760000)
  to   space 219648K,   0% used [0x00007f732ba60000, 0x00007f732ba60000, 0x00007f73390e0000)
 tenured generation   total 4393664K, used 4204630K [0x00007f7815b50000, 0x00007f7921e00000, 0x00007f82c0600000)
   the space 4393664K,  95% used [0x00007f7815b50000, 0x00007f7916565ba0, 0x00007f7916565c00, 0x00007f7921e00000)
 Metaspace       used 23201K, capacity 23602K, committed 23808K, reserved 24576K
}
Event: 21.483 GC heap after
{Heap after GC invocations=9 (full 6):
 def new generation   total 3153536K, used 0K [0x00007f72c0600000, 0x00007f73963c0000, 0x00007f7815b50000)
  eden space 2803200K,   0% used [0x00007f72c0600000, 0x00007f72c0600000, 0x00007f736b780000)
  from space 350336K,   0% used [0x00007f736b780000, 0x00007f736b780000, 0x00007f7380da0000)
  to   space 350336K,   0% used [0x00007f7380da0000, 0x00007f7380da0000, 0x00007f73963c0000)
 tenured generation   total 7007720K, used 4204631K [0x00007f7815b50000, 0x00007f79c16ca000, 0x00007f82c0600000)
   the space 7007720K,  59% used [0x00007f7815b50000, 0x00007f7916565e18, 0x00007f7916566000, 0x00007f79c16ca000)
 Metaspace       used 23201K, capacity 23602K, committed 23808K, reserved 24576K
}
Event: 32.352 GC heap before
{Heap before GC invocations=9 (full 6):
 def new generation   total 3153536K, used 55185K [0x00007f72c0600000, 0x00007f73963c0000, 0x00007f7815b50000)
  eden space 2803200K,   1% used [0x00007f72c0600000, 0x00007f72c3be4728, 0x00007f736b780000)
  from space 350336K,   0% used [0x00007f736b780000, 0x00007f736b780000, 0x00007f7380da0000)
  to   space 350336K,   0% used [0x00007f7380da0000, 0x00007f7380da0000, 0x00007f73963c0000)
 tenured generation   total 15396332K, used 12593239K [0x00007f7815b50000, 0x00007f7bc16cb000, 0x00007f82c0600000)
   the space 15396332K,  81% used [0x00007f7815b50000, 0x00007f7b16565e30, 0x00007f7b16566000, 0x00007f7bc16cb000)
 Metaspace       used 23201K, capacity 23602K, committed 23808K, reserved 24576K
}
Event: 32.359 GC heap after
{Heap after GC invocations=10 (full 6):
 def new generation   total 3153536K, used 0K [0x00007f72c0600000, 0x00007f73963c0000, 0x00007f7815b50000)
  eden space 2803200K,   0% used [0x00007f72c0600000, 0x00007f72c0600000, 0x00007f736b780000)
  from space 350336K,   0% used [0x00007f7380da0000, 0x00007f7380da0160, 0x00007f73963c0000)
  to   space 350336K,   0% used [0x00007f736b780000, 0x00007f736b780000, 0x00007f7380da0000)
 tenured generation   total 15396332K, used 12593239K [0x00007f7815b50000, 0x00007f7bc16cb000, 0x00007f82c0600000)
   the space 15396332K,  81% used [0x00007f7815b50000, 0x00007f7b16565e30, 0x00007f7b16566000, 0x00007f7bc16cb000)
 Metaspace       used 23201K, capacity 23602K, committed 23808K, reserved 24576K
}
Event: 32.359 GC heap before
{Heap before GC invocations=10 (full 6):
 def new generation   total 3153536K, used 0K [0x00007f72c0600000, 0x00007f73963c0000, 0x00007f7815b50000)
  eden space 2803200K,   0% used [0x00007f72c0600000, 0x00007f72c0600000, 0x00007f736b780000)
  from space 350336K,   0% used [0x00007f7380da0000, 0x00007f7380da0160, 0x00007f73963c0000)
  to   space 350336K,   0% used [0x00007f736b780000, 0x00007f736b780000, 0x00007f7380da0000)
 tenured generation   total 15396332K, used 12593239K [0x00007f7815b50000, 0x00007f7bc16cb000, 0x00007f82c0600000)
   the space 15396332K,  81% used [0x00007f7815b50000, 0x00007f7b16565e30, 0x00007f7b16566000, 0x00007f7bc16cb000)
 Metaspace       used 23201K, capacity 23602K, committed 23808K, reserved 24576K
}

