# JRE version: OpenJDK Runtime Environment (13.0.7+5) (build 13.0.7+5-Ubuntu-0ubuntu120.04)
# Java VM: OpenJDK 64-Bit Server VM (13.0.7+5-Ubuntu-0ubuntu120.04, mixed mode, tiered, serial gc, linux-amd64)
Heap:
 def new generation   total 4660160K, used 34089K [0x00007eedc8600000, 0x00007eef04690000, 0x00007ef8730a0000)
  eden space 4142400K,   0% used [0x00007eedc8600000, 0x00007eedca74a7b8, 0x00007eeec5350000)
  from space 517760K,   0% used [0x00007eeee4cf0000, 0x00007eeee4cf0000, 0x00007eef04690000)
  to   space 517760K,   0% used [0x00007eeec5350000, 0x00007eeec5350000, 0x00007eeee4cf0000)
 tenured generation   total 10372152K, used 10363613K [0x00007ef8730a0000, 0x00007efaec1ae000, 0x00007f0dc8600000)
   the space 10372152K,  99% used [0x00007ef8730a0000, 0x00007efaeb957480, 0x00007efaeb957600, 0x00007efaec1ae000)
 Metaspace       used 24207K, capacity 24645K, committed 24832K, reserved 26624K
GC Heap History (20 events):
Event: 2617.051 GC heap after
{Heap after GC invocations=1636 (full 7):
 def new generation   total 4660160K, used 259017K [0x00007eedc8600000, 0x00007eef04690000, 0x00007ef8730a0000)
  eden space 4142400K,   0% used [0x00007eedc8600000, 0x00007eedc8600000, 0x00007eeec5350000)
  from space 517760K,  50% used [0x00007eeec5350000, 0x00007eeed50427c8, 0x00007eeee4cf0000)
  to   space 517760K,   0% used [0x00007eeee4cf0000, 0x00007eeee4cf0000, 0x00007eef04690000)
 tenured generation   total 10355764K, used 10218307K [0x00007ef8730a0000, 0x00007efaeb1ad000, 0x00007f0dc8600000)
   the space 10355764K,  98% used [0x00007ef8730a0000, 0x00007efae2b70ec8, 0x00007efae2b71000, 0x00007efaeb1ad000)
 Metaspace       used 24207K, capacity 24645K, committed 24832K, reserved 26624K
}
Event: 2621.810 GC heap before
{Heap before GC invocations=1636 (full 7):
 def new generation   total 4660160K, used 4401417K [0x00007eedc8600000, 0x00007eef04690000, 0x00007ef8730a0000)
  eden space 4142400K, 100% used [0x00007eedc8600000, 0x00007eeec5350000, 0x00007eeec5350000)
  from space 517760K,  50% used [0x00007eeec5350000, 0x00007eeed50427c8, 0x00007eeee4cf0000)
  to   space 517760K,   0% used [0x00007eeee4cf0000, 0x00007eeee4cf0000, 0x00007eef04690000)
 tenured generation   total 10355764K, used 10218307K [0x00007ef8730a0000, 0x00007efaeb1ad000, 0x00007f0dc8600000)
   the space 10355764K,  98% used [0x00007ef8730a0000, 0x00007efae2b70ec8, 0x00007efae2b71000, 0x00007efaeb1ad000)
 Metaspace       used 24207K, capacity 24645K, committed 24832K, reserved 26624K
}
Event: 2622.040 GC heap after
{Heap after GC invocations=1637 (full 7):
 def new generation   total 4660160K, used 274396K [0x00007eedc8600000, 0x00007eef04690000, 0x00007ef8730a0000)
  eden space 4142400K,   0% used [0x00007eedc8600000, 0x00007eedc8600000, 0x00007eeec5350000)
  from space 517760K,  52% used [0x00007eeee4cf0000, 0x00007eeef58e7328, 0x00007eef04690000)
  to   space 517760K,   0% used [0x00007eeec5350000, 0x00007eeec5350000, 0x00007eeee4cf0000)
 tenured generation   total 10355764K, used 10235266K [0x00007ef8730a0000, 0x00007efaeb1ad000, 0x00007f0dc8600000)
   the space 10355764K,  98% used [0x00007ef8730a0000, 0x00007efae3c00a40, 0x00007efae3c00c00, 0x00007efaeb1ad000)
 Metaspace       used 24207K, capacity 24645K, committed 24832K, reserved 26624K
}
Event: 2626.740 GC heap before
{Heap before GC invocations=1637 (full 7):
 def new generation   total 4660160K, used 4416796K [0x00007eedc8600000, 0x00007eef04690000, 0x00007ef8730a0000)
  eden space 4142400K, 100% used [0x00007eedc8600000, 0x00007eeec5350000, 0x00007eeec5350000)
  from space 517760K,  52% used [0x00007eeee4cf0000, 0x00007eeef58e7328, 0x00007eef04690000)
  to   space 517760K,   0% used [0x00007eeec5350000, 0x00007eeec5350000, 0x00007eeee4cf0000)
 tenured generation   total 10355764K, used 10235266K [0x00007ef8730a0000, 0x00007efaeb1ad000, 0x00007f0dc8600000)
   the space 10355764K,  98% used [0x00007ef8730a0000, 0x00007efae3c00a40, 0x00007efae3c00c00, 0x00007efaeb1ad000)
 Metaspace       used 24207K, capacity 24645K, committed 24832K, reserved 26624K
}
Event: 2626.950 GC heap after
{Heap after GC invocations=1638 (full 7):
 def new generation   total 4660160K, used 255925K [0x00007eedc8600000, 0x00007eef04690000, 0x00007ef8730a0000)
  eden space 4142400K,   0% used [0x00007eedc8600000, 0x00007eedc8600000, 0x00007eeec5350000)
  from space 517760K,  49% used [0x00007eeec5350000, 0x00007eeed4d3d6b0, 0x00007eeee4cf0000)
  to   space 517760K,   0% used [0x00007eeee4cf0000, 0x00007eeee4cf0000, 0x00007eef04690000)
 tenured generation   total 10355764K, used 10252225K [0x00007ef8730a0000, 0x00007efaeb1ad000, 0x00007f0dc8600000)
   the space 10355764K,  99% used [0x00007ef8730a0000, 0x00007efae4c905b8, 0x00007efae4c90600, 0x00007efaeb1ad000)
 Metaspace       used 24207K, capacity 24645K, committed 24832K, reserved 26624K
}
Event: 2631.941 GC heap before
{Heap before GC invocations=1638 (full 7):
 def new generation   total 4660160K, used 4398325K [0x00007eedc8600000, 0x00007eef04690000, 0x00007ef8730a0000)
  eden space 4142400K, 100% used [0x00007eedc8600000, 0x00007eeec5350000, 0x00007eeec5350000)
  from space 517760K,  49% used [0x00007eeec5350000, 0x00007eeed4d3d6b0, 0x00007eeee4cf0000)
  to   space 517760K,   0% used [0x00007eeee4cf0000, 0x00007eeee4cf0000, 0x00007eef04690000)
 tenured generation   total 10355764K, used 10252225K [0x00007ef8730a0000, 0x00007efaeb1ad000, 0x00007f0dc8600000)
   the space 10355764K,  99% used [0x00007ef8730a0000, 0x00007efae4c905b8, 0x00007efae4c90600, 0x00007efaeb1ad000)
 Metaspace       used 24207K, capacity 24645K, committed 24832K, reserved 26624K
}
Event: 2632.164 GC heap after
{Heap after GC invocations=1639 (full 7):
 def new generation   total 4660160K, used 254386K [0x00007eedc8600000, 0x00007eef04690000, 0x00007ef8730a0000)
  eden space 4142400K,   0% used [0x00007eedc8600000, 0x00007eedc8600000, 0x00007eeec5350000)
  from space 517760K,  49% used [0x00007eeee4cf0000, 0x00007eeef455ca18, 0x00007eef04690000)
  to   space 517760K,   0% used [0x00007eeec5350000, 0x00007eeec5350000, 0x00007eeee4cf0000)
 tenured generation   total 10355764K, used 10269184K [0x00007ef8730a0000, 0x00007efaeb1ad000, 0x00007f0dc8600000)
   the space 10355764K,  99% used [0x00007ef8730a0000, 0x00007efae5d20130, 0x00007efae5d20200, 0x00007efaeb1ad000)
 Metaspace       used 24207K, capacity 24645K, committed 24832K, reserved 26624K
}
Event: 2637.248 GC heap before
{Heap before GC invocations=1639 (full 7):
 def new generation   total 4660160K, used 4396786K [0x00007eedc8600000, 0x00007eef04690000, 0x00007ef8730a0000)
  eden space 4142400K, 100% used [0x00007eedc8600000, 0x00007eeec5350000, 0x00007eeec5350000)
  from space 517760K,  49% used [0x00007eeee4cf0000, 0x00007eeef455ca18, 0x00007eef04690000)
  to   space 517760K,   0% used [0x00007eeec5350000, 0x00007eeec5350000, 0x00007eeee4cf0000)
 tenured generation   total 10355764K, used 10269184K [0x00007ef8730a0000, 0x00007efaeb1ad000, 0x00007f0dc8600000)
   the space 10355764K,  99% used [0x00007ef8730a0000, 0x00007efae5d20130, 0x00007efae5d20200, 0x00007efaeb1ad000)
 Metaspace       used 24207K, capacity 24645K, committed 24832K, reserved 26624K
}
Event: 2637.452 GC heap after
{Heap after GC invocations=1640 (full 7):
 def new generation   total 4660160K, used 254873K [0x00007eedc8600000, 0x00007eef04690000, 0x00007ef8730a0000)
  eden space 4142400K,   0% used [0x00007eedc8600000, 0x00007eedc8600000, 0x00007eeec5350000)
  from space 517760K,  49% used [0x00007eeec5350000, 0x00007eeed4c36778, 0x00007eeee4cf0000)
  to   space 517760K,   0% used [0x00007eeee4cf0000, 0x00007eeee4cf0000, 0x00007eef04690000)
 tenured generation   total 10355764K, used 10286143K [0x00007ef8730a0000, 0x00007efaeb1ad000, 0x00007f0dc8600000)
   the space 10355764K,  99% used [0x00007ef8730a0000, 0x00007efae6dafca8, 0x00007efae6dafe00, 0x00007efaeb1ad000)
 Metaspace       used 24207K, capacity 24645K, committed 24832K, reserved 26624K
}
Event: 2642.317 GC heap before
{Heap before GC invocations=1640 (full 7):
 def new generation   total 4660160K, used 4397273K [0x00007eedc8600000, 0x00007eef04690000, 0x00007ef8730a0000)
  eden space 4142400K, 100% used [0x00007eedc8600000, 0x00007eeec5350000, 0x00007eeec5350000)
  from space 517760K,  49% used [0x00007eeec5350000, 0x00007eeed4c36778, 0x00007eeee4cf0000)
  to   space 517760K,   0% used [0x00007eeee4cf0000, 0x00007eeee4cf0000, 0x00007eef04690000)
 tenured generation   total 10355764K, used 10286143K [0x00007ef8730a0000, 0x00007efaeb1ad000, 0x00007f0dc8600000)
   the space 10355764K,  99% used [0x00007ef8730a0000, 0x00007efae6dafca8, 0x00007efae6dafe00, 0x00007efaeb1ad000)
 Metaspace       used 24207K, capacity 24645K, committed 24832K, reserved 26624K
}
Event: 2642.573 GC heap after
{Heap after GC invocations=1641 (full 7):
 def new generation   total 4660160K, used 254372K [0x00007eedc8600000, 0x00007eef04690000, 0x00007ef8730a0000)
  eden space 4142400K,   0% used [0x00007eedc8600000, 0x00007eedc8600000, 0x00007eeec5350000)
  from space 517760K,  49% used [0x00007eeee4cf0000, 0x00007eeef4559060, 0x00007eef04690000)
  to   space 517760K,   0% used [0x00007eeec5350000, 0x00007eeec5350000, 0x00007eeee4cf0000)
 tenured generation   total 10355764K, used 10303102K [0x00007ef8730a0000, 0x00007efaeb1ad000, 0x00007f0dc8600000)
   the space 10355764K,  99% used [0x00007ef8730a0000, 0x00007efae7e3f820, 0x00007efae7e3fa00, 0x00007efaeb1ad000)
 Metaspace       used 24207K, capacity 24645K, committed 24832K, reserved 26624K
}
Event: 2647.400 GC heap before
{Heap before GC invocations=1641 (full 7):
 def new generation   total 4660160K, used 4396772K [0x00007eedc8600000, 0x00007eef04690000, 0x00007ef8730a0000)
  eden space 4142400K, 100% used [0x00007eedc8600000, 0x00007eeec5350000, 0x00007eeec5350000)
  from space 517760K,  49% used [0x00007eeee4cf0000, 0x00007eeef4559060, 0x00007eef04690000)
  to   space 517760K,   0% used [0x00007eeec5350000, 0x00007eeec5350000, 0x00007eeee4cf0000)
 tenured generation   total 10355764K, used 10303102K [0x00007ef8730a0000, 0x00007efaeb1ad000, 0x00007f0dc8600000)
   the space 10355764K,  99% used [0x00007ef8730a0000, 0x00007efae7e3f820, 0x00007efae7e3fa00, 0x00007efaeb1ad000)
 Metaspace       used 24207K, capacity 24645K, committed 24832K, reserved 26624K
}
Event: 2647.643 GC heap after
{Heap after GC invocations=1642 (full 7):
 def new generation   total 4660160K, used 270822K [0x00007eedc8600000, 0x00007eef04690000, 0x00007ef8730a0000)
  eden space 4142400K,   0% used [0x00007eedc8600000, 0x00007eedc8600000, 0x00007eeec5350000)
  from space 517760K,  52% used [0x00007eeec5350000, 0x00007eeed5bc9ba8, 0x00007eeee4cf0000)
  to   space 517760K,   0% used [0x00007eeee4cf0000, 0x00007eeee4cf0000, 0x00007eef04690000)
 tenured generation   total 10355764K, used 10303102K [0x00007ef8730a0000, 0x00007efaeb1ad000, 0x00007f0dc8600000)
   the space 10355764K,  99% used [0x00007ef8730a0000, 0x00007efae7e3f820, 0x00007efae7e3fa00, 0x00007efaeb1ad000)
 Metaspace       used 24207K, capacity 24645K, committed 24832K, reserved 26624K
}
Event: 2652.425 GC heap before
{Heap before GC invocations=1642 (full 7):
 def new generation   total 4660160K, used 4413222K [0x00007eedc8600000, 0x00007eef04690000, 0x00007ef8730a0000)
  eden space 4142400K, 100% used [0x00007eedc8600000, 0x00007eeec5350000, 0x00007eeec5350000)
  from space 517760K,  52% used [0x00007eeec5350000, 0x00007eeed5bc9ba8, 0x00007eeee4cf0000)
  to   space 517760K,   0% used [0x00007eeee4cf0000, 0x00007eeee4cf0000, 0x00007eef04690000)
 tenured generation   total 10355764K, used 10303102K [0x00007ef8730a0000, 0x00007efaeb1ad000, 0x00007f0dc8600000)
   the space 10355764K,  99% used [0x00007ef8730a0000, 0x00007efae7e3f820, 0x00007efae7e3fa00, 0x00007efaeb1ad000)
 Metaspace       used 24207K, capacity 24645K, committed 24832K, reserved 26624K
}
Event: 2652.612 GC heap after
{Heap after GC invocations=1643 (full 7):
 def new generation   total 4660160K, used 269293K [0x00007eedc8600000, 0x00007eef04690000, 0x00007ef8730a0000)
  eden space 4142400K,   0% used [0x00007eedc8600000, 0x00007eedc8600000, 0x00007eeec5350000)
  from space 517760K,  52% used [0x00007eeee4cf0000, 0x00007eeef53eb628, 0x00007eef04690000)
  to   space 517760K,   0% used [0x00007eeec5350000, 0x00007eeec5350000, 0x00007eeee4cf0000)
 tenured generation   total 10355764K, used 10320060K [0x00007ef8730a0000, 0x00007efaeb1ad000, 0x00007f0dc8600000)
   the space 10355764K,  99% used [0x00007ef8730a0000, 0x00007efae8ecf398, 0x00007efae8ecf400, 0x00007efaeb1ad000)
 Metaspace       used 24207K, capacity 24645K, committed 24832K, reserved 26624K
}
Event: 2657.276 GC heap before
{Heap before GC invocations=1643 (full 7):
 def new generation   total 4660160K, used 4411693K [0x00007eedc8600000, 0x00007eef04690000, 0x00007ef8730a0000)
  eden space 4142400K, 100% used [0x00007eedc8600000, 0x00007eeec5350000, 0x00007eeec5350000)
  from space 517760K,  52% used [0x00007eeee4cf0000, 0x00007eeef53eb628, 0x00007eef04690000)
  to   space 517760K,   0% used [0x00007eeec5350000, 0x00007eeec5350000, 0x00007eeee4cf0000)
 tenured generation   total 10355764K, used 10320060K [0x00007ef8730a0000, 0x00007efaeb1ad000, 0x00007f0dc8600000)
   the space 10355764K,  99% used [0x00007ef8730a0000, 0x00007efae8ecf398, 0x00007efae8ecf400, 0x00007efaeb1ad000)
 Metaspace       used 24207K, capacity 24645K, committed 24832K, reserved 26624K
}
Event: 2657.508 GC heap after
{Heap after GC invocations=1644 (full 7):
 def new generation   total 4660160K, used 284690K [0x00007eedc8600000, 0x00007eef04690000, 0x00007ef8730a0000)
  eden space 4142400K,   0% used [0x00007eedc8600000, 0x00007eedc8600000, 0x00007eeec5350000)
  from space 517760K,  54% used [0x00007eeec5350000, 0x00007eeed6954bc0, 0x00007eeee4cf0000)
  to   space 517760K,   0% used [0x00007eeee4cf0000, 0x00007eeee4cf0000, 0x00007eef04690000)
 tenured generation   total 10355764K, used 10337019K [0x00007ef8730a0000, 0x00007efaeb1ad000, 0x00007f0dc8600000)
   the space 10355764K,  99% used [0x00007ef8730a0000, 0x00007efae9f5ef10, 0x00007efae9f5f000, 0x00007efaeb1ad000)
 Metaspace       used 24207K, capacity 24645K, committed 24832K, reserved 26624K
}
Event: 2662.172 GC heap before
{Heap before GC invocations=1644 (full 7):
 def new generation   total 4660160K, used 4427090K [0x00007eedc8600000, 0x00007eef04690000, 0x00007ef8730a0000)
  eden space 4142400K, 100% used [0x00007eedc8600000, 0x00007eeec5350000, 0x00007eeec5350000)
  from space 517760K,  54% used [0x00007eeec5350000, 0x00007eeed6954bc0, 0x00007eeee4cf0000)
  to   space 517760K,   0% used [0x00007eeee4cf0000, 0x00007eeee4cf0000, 0x00007eef04690000)
 tenured generation   total 10355764K, used 10337019K [0x00007ef8730a0000, 0x00007efaeb1ad000, 0x00007f0dc8600000)
   the space 10355764K,  99% used [0x00007ef8730a0000, 0x00007efae9f5ef10, 0x00007efae9f5f000, 0x00007efaeb1ad000)
 Metaspace       used 24207K, capacity 24645K, committed 24832K, reserved 26624K
}
Event: 2662.398 GC heap after
{Heap after GC invocations=1645 (full 7):
 def new generation   total 4660160K, used 247696K [0x00007eedc8600000, 0x00007eef04690000, 0x00007ef8730a0000)
  eden space 4142400K,   0% used [0x00007eedc8600000, 0x00007eedc8600000, 0x00007eeec5350000)
  from space 517760K,  47% used [0x00007eeee4cf0000, 0x00007eeef3ed4298, 0x00007eef04690000)
  to   space 517760K,   0% used [0x00007eeec5350000, 0x00007eeec5350000, 0x00007eeee4cf0000)
 tenured generation   total 10372152K, used 10370937K [0x00007ef8730a0000, 0x00007efaec1ae000, 0x00007f0dc8600000)
   the space 10372152K,  99% used [0x00007ef8730a0000, 0x00007efaec07e600, 0x00007efaec07e600, 0x00007efaec1ae000)
 Metaspace       used 24207K, capacity 24645K, committed 24832K, reserved 26624K
}
Event: 2662.398 GC heap before
{Heap before GC invocations=1645 (full 7):
 def new generation   total 4660160K, used 247696K [0x00007eedc8600000, 0x00007eef04690000, 0x00007ef8730a0000)
  eden space 4142400K,   0% used [0x00007eedc8600000, 0x00007eedc8600000, 0x00007eeec5350000)
  from space 517760K,  47% used [0x00007eeee4cf0000, 0x00007eeef3ed4298, 0x00007eef04690000)
  to   space 517760K,   0% used [0x00007eeec5350000, 0x00007eeec5350000, 0x00007eeee4cf0000)
 tenured generation   total 10372152K, used 10370937K [0x00007ef8730a0000, 0x00007efaec1ae000, 0x00007f0dc8600000)
   the space 10372152K,  99% used [0x00007ef8730a0000, 0x00007efaec07e600, 0x00007efaec07e600, 0x00007efaec1ae000)
 Metaspace       used 24207K, capacity 24645K, committed 24832K, reserved 26624K
}

