# JRE version: OpenJDK Runtime Environment (13.0.7+5) (build 13.0.7+5-Ubuntu-0ubuntu120.04)
# Java VM: OpenJDK 64-Bit Server VM (13.0.7+5-Ubuntu-0ubuntu120.04, mixed mode, tiered, serial gc, linux-amd64)
Heap:
 def new generation   total 797696K, used 0K [0x00007f077c600000, 0x00007f07b2780000, 0x00007f0cd1b50000)
  eden space 709120K,   0% used [0x00007f077c600000, 0x00007f077c600000, 0x00007f07a7a80000)
  from space 88576K,   0% used [0x00007f07ad100000, 0x00007f07ad100000, 0x00007f07b2780000)
  to   space 88576K,   0% used [0x00007f07a7a80000, 0x00007f07a7a80000, 0x00007f07ad100000)
 tenured generation   total 3869680K, used 2631033K [0x00007f0cd1b50000, 0x00007f0dbde4c000, 0x00007f177c600000)
   the space 3869680K,  67% used [0x00007f0cd1b50000, 0x00007f0d724ae798, 0x00007f0d724ae800, 0x00007f0dbde4c000)
 Metaspace       used 23221K, capacity 23541K, committed 23808K, reserved 24576K
GC Heap History (20 events):
Event: 9.602 GC heap after
{Heap after GC invocations=5 (full 1):
 def new generation   total 629248K, used 1527K [0x00007f077c600000, 0x00007f07a70c0000, 0x00007f0cd1b50000)
  eden space 559360K,   0% used [0x00007f077c600000, 0x00007f077c600000, 0x00007f079e840000)
  from space 69888K,   2% used [0x00007f079e840000, 0x00007f079e9bdd78, 0x00007f07a2c80000)
  to   space 69888K,   0% used [0x00007f07a2c80000, 0x00007f07a2c80000, 0x00007f07a70c0000)
 tenured generation   total 1398144K, used 13604K [0x00007f0cd1b50000, 0x00007f0d270b0000, 0x00007f177c600000)
   the space 1398144K,   0% used [0x00007f0cd1b50000, 0x00007f0cd2899078, 0x00007f0cd2899200, 0x00007f0d270b0000)
 Metaspace       used 23144K, capacity 23530K, committed 23808K, reserved 24576K
}
Event: 10.398 GC heap before
{Heap before GC invocations=5 (full 1):
 def new generation   total 629248K, used 557729K [0x00007f077c600000, 0x00007f07a70c0000, 0x00007f0cd1b50000)
  eden space 559360K,  99% used [0x00007f077c600000, 0x00007f079e52a840, 0x00007f079e840000)
  from space 69888K,   2% used [0x00007f079e840000, 0x00007f079e9bdd78, 0x00007f07a2c80000)
  to   space 69888K,   0% used [0x00007f07a2c80000, 0x00007f07a2c80000, 0x00007f07a70c0000)
 tenured generation   total 1398144K, used 13604K [0x00007f0cd1b50000, 0x00007f0d270b0000, 0x00007f177c600000)
   the space 1398144K,   0% used [0x00007f0cd1b50000, 0x00007f0cd2899078, 0x00007f0cd2899200, 0x00007f0d270b0000)
 Metaspace       used 23175K, capacity 23535K, committed 23808K, reserved 24576K
}
Event: 10.403 GC heap after
{Heap after GC invocations=6 (full 1):
 def new generation   total 629248K, used 5218K [0x00007f077c600000, 0x00007f07a70c0000, 0x00007f0cd1b50000)
  eden space 559360K,   0% used [0x00007f077c600000, 0x00007f077c600000, 0x00007f079e840000)
  from space 69888K,   7% used [0x00007f07a2c80000, 0x00007f07a3198a30, 0x00007f07a70c0000)
  to   space 69888K,   0% used [0x00007f079e840000, 0x00007f079e840000, 0x00007f07a2c80000)
 tenured generation   total 1398144K, used 13604K [0x00007f0cd1b50000, 0x00007f0d270b0000, 0x00007f177c600000)
   the space 1398144K,   0% used [0x00007f0cd1b50000, 0x00007f0cd2899078, 0x00007f0cd2899200, 0x00007f0d270b0000)
 Metaspace       used 23175K, capacity 23535K, committed 23808K, reserved 24576K
}
Event: 10.977 GC heap before
{Heap before GC invocations=6 (full 1):
 def new generation   total 629248K, used 564578K [0x00007f077c600000, 0x00007f07a70c0000, 0x00007f0cd1b50000)
  eden space 559360K, 100% used [0x00007f077c600000, 0x00007f079e840000, 0x00007f079e840000)
  from space 69888K,   7% used [0x00007f07a2c80000, 0x00007f07a3198a30, 0x00007f07a70c0000)
  to   space 69888K,   0% used [0x00007f079e840000, 0x00007f079e840000, 0x00007f07a2c80000)
 tenured generation   total 1398144K, used 13604K [0x00007f0cd1b50000, 0x00007f0d270b0000, 0x00007f177c600000)
   the space 1398144K,   0% used [0x00007f0cd1b50000, 0x00007f0cd2899078, 0x00007f0cd2899200, 0x00007f0d270b0000)
 Metaspace       used 23212K, capacity 23540K, committed 23808K, reserved 24576K
}
Event: 10.980 GC heap after
{Heap after GC invocations=7 (full 1):
 def new generation   total 629248K, used 1216K [0x00007f077c600000, 0x00007f07a70c0000, 0x00007f0cd1b50000)
  eden space 559360K,   0% used [0x00007f077c600000, 0x00007f077c600000, 0x00007f079e840000)
  from space 69888K,   1% used [0x00007f079e840000, 0x00007f079e970180, 0x00007f07a2c80000)
  to   space 69888K,   0% used [0x00007f07a2c80000, 0x00007f07a2c80000, 0x00007f07a70c0000)
 tenured generation   total 1398144K, used 13604K [0x00007f0cd1b50000, 0x00007f0d270b0000, 0x00007f177c600000)
   the space 1398144K,   0% used [0x00007f0cd1b50000, 0x00007f0cd2899078, 0x00007f0cd2899200, 0x00007f0d270b0000)
 Metaspace       used 23212K, capacity 23540K, committed 23808K, reserved 24576K
}
Event: 11.555 GC heap before
{Heap before GC invocations=7 (full 1):
 def new generation   total 629248K, used 560576K [0x00007f077c600000, 0x00007f07a70c0000, 0x00007f0cd1b50000)
  eden space 559360K, 100% used [0x00007f077c600000, 0x00007f079e840000, 0x00007f079e840000)
  from space 69888K,   1% used [0x00007f079e840000, 0x00007f079e970180, 0x00007f07a2c80000)
  to   space 69888K,   0% used [0x00007f07a2c80000, 0x00007f07a2c80000, 0x00007f07a70c0000)
 tenured generation   total 1398144K, used 13604K [0x00007f0cd1b50000, 0x00007f0d270b0000, 0x00007f177c600000)
   the space 1398144K,   0% used [0x00007f0cd1b50000, 0x00007f0cd2899078, 0x00007f0cd2899200, 0x00007f0d270b0000)
 Metaspace       used 23212K, capacity 23540K, committed 23808K, reserved 24576K
}
Event: 11.559 GC heap after
{Heap after GC invocations=8 (full 1):
 def new generation   total 629248K, used 1749K [0x00007f077c600000, 0x00007f07a70c0000, 0x00007f0cd1b50000)
  eden space 559360K,   0% used [0x00007f077c600000, 0x00007f077c600000, 0x00007f079e840000)
  from space 69888K,   2% used [0x00007f07a2c80000, 0x00007f07a2e355a8, 0x00007f07a70c0000)
  to   space 69888K,   0% used [0x00007f079e840000, 0x00007f079e840000, 0x00007f07a2c80000)
 tenured generation   total 1398144K, used 13604K [0x00007f0cd1b50000, 0x00007f0d270b0000, 0x00007f177c600000)
   the space 1398144K,   0% used [0x00007f0cd1b50000, 0x00007f0cd2899078, 0x00007f0cd2899200, 0x00007f0d270b0000)
 Metaspace       used 23212K, capacity 23540K, committed 23808K, reserved 24576K
}
Event: 13.038 GC heap before
{Heap before GC invocations=8 (full 1):
 def new generation   total 629248K, used 49042K [0x00007f077c600000, 0x00007f07a70c0000, 0x00007f0cd1b50000)
  eden space 559360K,   8% used [0x00007f077c600000, 0x00007f077f42f470, 0x00007f079e840000)
  from space 69888K,   2% used [0x00007f07a2c80000, 0x00007f07a2e355a8, 0x00007f07a70c0000)
  to   space 69888K,   0% used [0x00007f079e840000, 0x00007f079e840000, 0x00007f07a2c80000)
 tenured generation   total 1398144K, used 1062180K [0x00007f0cd1b50000, 0x00007f0d270b0000, 0x00007f177c600000)
   the space 1398144K,  75% used [0x00007f0cd1b50000, 0x00007f0d12899090, 0x00007f0d12899200, 0x00007f0d270b0000)
 Metaspace       used 23221K, capacity 23541K, committed 23808K, reserved 24576K
}
Event: 13.042 GC heap after
{Heap after GC invocations=9 (full 1):
 def new generation   total 629248K, used 1341K [0x00007f077c600000, 0x00007f07a70c0000, 0x00007f0cd1b50000)
  eden space 559360K,   0% used [0x00007f077c600000, 0x00007f077c600000, 0x00007f079e840000)
  from space 69888K,   1% used [0x00007f079e840000, 0x00007f079e98f468, 0x00007f07a2c80000)
  to   space 69888K,   0% used [0x00007f07a2c80000, 0x00007f07a2c80000, 0x00007f07a70c0000)
 tenured generation   total 1398144K, used 1062180K [0x00007f0cd1b50000, 0x00007f0d270b0000, 0x00007f177c600000)
   the space 1398144K,  75% used [0x00007f0cd1b50000, 0x00007f0d12899090, 0x00007f0d12899200, 0x00007f0d270b0000)
 Metaspace       used 23221K, capacity 23541K, committed 23808K, reserved 24576K
}
Event: 13.565 GC heap before
{Heap before GC invocations=9 (full 1):
 def new generation   total 629248K, used 536731K [0x00007f077c600000, 0x00007f07a70c0000, 0x00007f0cd1b50000)
  eden space 559360K,  95% used [0x00007f077c600000, 0x00007f079d0d79e8, 0x00007f079e840000)
  from space 69888K,   1% used [0x00007f079e840000, 0x00007f079e98f468, 0x00007f07a2c80000)
  to   space 69888K,   0% used [0x00007f07a2c80000, 0x00007f07a2c80000, 0x00007f07a70c0000)
 tenured generation   total 1398144K, used 1062180K [0x00007f0cd1b50000, 0x00007f0d270b0000, 0x00007f177c600000)
   the space 1398144K,  75% used [0x00007f0cd1b50000, 0x00007f0d12899090, 0x00007f0d12899200, 0x00007f0d270b0000)
 Metaspace       used 23221K, capacity 23541K, committed 23808K, reserved 24576K
}
Event: 14.098 GC heap after
{Heap after GC invocations=10 (full 1):
 def new generation   total 629248K, used 1340K [0x00007f077c600000, 0x00007f07a70c0000, 0x00007f0cd1b50000)
  eden space 559360K,   0% used [0x00007f077c600000, 0x00007f077c600000, 0x00007f079e840000)
  from space 69888K,   1% used [0x00007f07a2c80000, 0x00007f07a2dcf2f0, 0x00007f07a70c0000)
  to   space 69888K,   0% used [0x00007f079e840000, 0x00007f079e840000, 0x00007f07a2c80000)
 tenured generation   total 1922436K, used 1586468K [0x00007f0cd1b50000, 0x00007f0d470b1000, 0x00007f177c600000)
   the space 1922436K,  82% used [0x00007f0cd1b50000, 0x00007f0d328990a8, 0x00007f0d32899200, 0x00007f0d470b1000)
 Metaspace       used 23221K, capacity 23541K, committed 23808K, reserved 24576K
}
Event: 14.098 GC heap before
{Heap before GC invocations=10 (full 1):
 def new generation   total 629248K, used 1340K [0x00007f077c600000, 0x00007f07a70c0000, 0x00007f0cd1b50000)
  eden space 559360K,   0% used [0x00007f077c600000, 0x00007f077c600000, 0x00007f079e840000)
  from space 69888K,   1% used [0x00007f07a2c80000, 0x00007f07a2dcf2f0, 0x00007f07a70c0000)
  to   space 69888K,   0% used [0x00007f079e840000, 0x00007f079e840000, 0x00007f07a2c80000)
 tenured generation   total 1922436K, used 1586468K [0x00007f0cd1b50000, 0x00007f0d470b1000, 0x00007f177c600000)
   the space 1922436K,  82% used [0x00007f0cd1b50000, 0x00007f0d328990a8, 0x00007f0d32899200, 0x00007f0d470b1000)
 Metaspace       used 23221K, capacity 23541K, committed 23808K, reserved 24576K
}
Event: 14.377 GC heap after
{Heap after GC invocations=10 (full 2):
 def new generation   total 629248K, used 0K [0x00007f077c600000, 0x00007f07a70c0000, 0x00007f0cd1b50000)
  eden space 559360K,   0% used [0x00007f077c600000, 0x00007f077c600000, 0x00007f079e840000)
  from space 69888K,   0% used [0x00007f07a2c80000, 0x00007f07a2c80000, 0x00007f07a70c0000)
  to   space 69888K,   0% used [0x00007f079e840000, 0x00007f079e840000, 0x00007f07a2c80000)
 tenured generation   total 1398144K, used 539223K [0x00007f0cd1b50000, 0x00007f0d270b0000, 0x00007f177c600000)
   the space 1398144K,  38% used [0x00007f0cd1b50000, 0x00007f0cf29e5ea8, 0x00007f0cf29e6000, 0x00007f0d270b0000)
 Metaspace       used 23221K, capacity 23541K, committed 23808K, reserved 24576K
}
Event: 14.573 GC heap before
{Heap before GC invocations=10 (full 2):
 def new generation   total 629248K, used 535381K [0x00007f077c600000, 0x00007f07a70c0000, 0x00007f0cd1b50000)
  eden space 559360K,  95% used [0x00007f077c600000, 0x00007f079d0d5550, 0x00007f079e840000)
  from space 69888K,   0% used [0x00007f07a2c80000, 0x00007f07a2c80000, 0x00007f07a70c0000)
  to   space 69888K,   0% used [0x00007f079e840000, 0x00007f079e840000, 0x00007f07a2c80000)
 tenured generation   total 1398144K, used 539223K [0x00007f0cd1b50000, 0x00007f0d270b0000, 0x00007f177c600000)
   the space 1398144K,  38% used [0x00007f0cd1b50000, 0x00007f0cf29e5ea8, 0x00007f0cf29e6000, 0x00007f0d270b0000)
 Metaspace       used 23221K, capacity 23541K, committed 23808K, reserved 24576K
}
Event: 14.714 GC heap after
{Heap after GC invocations=11 (full 2):
 def new generation   total 629248K, used 0K [0x00007f077c600000, 0x00007f07a70c0000, 0x00007f0cd1b50000)
  eden space 559360K,   0% used [0x00007f077c600000, 0x00007f077c600000, 0x00007f079e840000)
  from space 69888K,   0% used [0x00007f079e840000, 0x00007f079e840248, 0x00007f07a2c80000)
  to   space 69888K,   0% used [0x00007f07a2c80000, 0x00007f07a2c80000, 0x00007f07a70c0000)
 tenured generation   total 1398144K, used 1063511K [0x00007f0cd1b50000, 0x00007f0d270b0000, 0x00007f177c600000)
   the space 1398144K,  76% used [0x00007f0cd1b50000, 0x00007f0d129e5ec0, 0x00007f0d129e6000, 0x00007f0d270b0000)
 Metaspace       used 23221K, capacity 23541K, committed 23808K, reserved 24576K
}
Event: 14.714 GC heap before
{Heap before GC invocations=11 (full 2):
 def new generation   total 629248K, used 0K [0x00007f077c600000, 0x00007f07a70c0000, 0x00007f0cd1b50000)
  eden space 559360K,   0% used [0x00007f077c600000, 0x00007f077c600000, 0x00007f079e840000)
  from space 69888K,   0% used [0x00007f079e840000, 0x00007f079e840248, 0x00007f07a2c80000)
  to   space 69888K,   0% used [0x00007f07a2c80000, 0x00007f07a2c80000, 0x00007f07a70c0000)
 tenured generation   total 1398144K, used 1063511K [0x00007f0cd1b50000, 0x00007f0d270b0000, 0x00007f177c600000)
   the space 1398144K,  76% used [0x00007f0cd1b50000, 0x00007f0d129e5ec0, 0x00007f0d129e6000, 0x00007f0d270b0000)
 Metaspace       used 23221K, capacity 23541K, committed 23808K, reserved 24576K
}
Event: 14.751 GC heap after
{Heap after GC invocations=11 (full 3):
 def new generation   total 797696K, used 0K [0x00007f077c600000, 0x00007f07b2780000, 0x00007f0cd1b50000)
  eden space 709120K,   0% used [0x00007f077c600000, 0x00007f077c600000, 0x00007f07a7a80000)
  from space 88576K,   0% used [0x00007f07a7a80000, 0x00007f07a7a80000, 0x00007f07ad100000)
  to   space 88576K,   0% used [0x00007f07ad100000, 0x00007f07ad100000, 0x00007f07b2780000)
 tenured generation   total 1772524K, used 1063512K [0x00007f0cd1b50000, 0x00007f0d3de4b000, 0x00007f177c600000)
   the space 1772524K,  59% used [0x00007f0cd1b50000, 0x00007f0d129e6108, 0x00007f0d129e6200, 0x00007f0d3de4b000)
 Metaspace       used 23221K, capacity 23541K, committed 23808K, reserved 24576K
}
Event: 17.935 GC heap before
{Heap before GC invocations=11 (full 3):
 def new generation   total 797696K, used 14002K [0x00007f077c600000, 0x00007f07b2780000, 0x00007f0cd1b50000)
  eden space 709120K,   1% used [0x00007f077c600000, 0x00007f077d3ac8a0, 0x00007f07a7a80000)
  from space 88576K,   0% used [0x00007f07a7a80000, 0x00007f07a7a80000, 0x00007f07ad100000)
  to   space 88576K,   0% used [0x00007f07ad100000, 0x00007f07ad100000, 0x00007f07b2780000)
 tenured generation   total 3869680K, used 3160664K [0x00007f0cd1b50000, 0x00007f0dbde4c000, 0x00007f177c600000)
   the space 3869680K,  81% used [0x00007f0cd1b50000, 0x00007f0d929e6120, 0x00007f0d929e6200, 0x00007f0dbde4c000)
 Metaspace       used 23221K, capacity 23541K, committed 23808K, reserved 24576K
}
Event: 17.938 GC heap after
{Heap after GC invocations=12 (full 3):
 def new generation   total 797696K, used 0K [0x00007f077c600000, 0x00007f07b2780000, 0x00007f0cd1b50000)
  eden space 709120K,   0% used [0x00007f077c600000, 0x00007f077c600000, 0x00007f07a7a80000)
  from space 88576K,   0% used [0x00007f07ad100000, 0x00007f07ad100158, 0x00007f07b2780000)
  to   space 88576K,   0% used [0x00007f07a7a80000, 0x00007f07a7a80000, 0x00007f07ad100000)
 tenured generation   total 3869680K, used 3160664K [0x00007f0cd1b50000, 0x00007f0dbde4c000, 0x00007f177c600000)
   the space 3869680K,  81% used [0x00007f0cd1b50000, 0x00007f0d929e6120, 0x00007f0d929e6200, 0x00007f0dbde4c000)
 Metaspace       used 23221K, capacity 23541K, committed 23808K, reserved 24576K
}
Event: 17.938 GC heap before
{Heap before GC invocations=12 (full 3):
 def new generation   total 797696K, used 0K [0x00007f077c600000, 0x00007f07b2780000, 0x00007f0cd1b50000)
  eden space 709120K,   0% used [0x00007f077c600000, 0x00007f077c600000, 0x00007f07a7a80000)
  from space 88576K,   0% used [0x00007f07ad100000, 0x00007f07ad100158, 0x00007f07b2780000)
  to   space 88576K,   0% used [0x00007f07a7a80000, 0x00007f07a7a80000, 0x00007f07ad100000)
 tenured generation   total 3869680K, used 3160664K [0x00007f0cd1b50000, 0x00007f0dbde4c000, 0x00007f177c600000)
   the space 3869680K,  81% used [0x00007f0cd1b50000, 0x00007f0d929e6120, 0x00007f0d929e6200, 0x00007f0dbde4c000)
 Metaspace       used 23221K, capacity 23541K, committed 23808K, reserved 24576K
}

