# JRE version: OpenJDK Runtime Environment (13.0.7+5) (build 13.0.7+5-Ubuntu-0ubuntu120.04)
# Java VM: OpenJDK 64-Bit Server VM (13.0.7+5-Ubuntu-0ubuntu120.04, mixed mode, tiered, serial gc, linux-amd64)
Heap:
 def new generation   total 5099840K, used 502466K [0x00007faa74600000, 0x00007fabce3a0000, 0x00007fafc9b50000)
  eden space 4533248K,  11% used [0x00007faa74600000, 0x00007faa930b0af0, 0x00007fab89100000)
  from space 566592K,   0% used [0x00007fababa50000, 0x00007fababa50000, 0x00007fabce3a0000)
  to   space 566592K,   0% used [0x00007fab89100000, 0x00007fab89100000, 0x00007fababa50000)
 tenured generation   total 11677800K, used 11677799K [0x00007fafc9b50000, 0x00007fb29276a000, 0x00007fba74600000)
   the space 11677800K,  99% used [0x00007fafc9b50000, 0x00007fb292769fe8, 0x00007fb29276a000, 0x00007fb29276a000)
 Metaspace       used 30298K, capacity 30705K, committed 30720K, reserved 30720K
GC Heap History (20 events):
Event: 180.024 GC heap after
{Heap after GC invocations=71 (full 5):
 def new generation   total 5099840K, used 369731K [0x00007faa74600000, 0x00007fabce3a0000, 0x00007fafc9b50000)
  eden space 4533248K,   0% used [0x00007faa74600000, 0x00007faa74600000, 0x00007fab89100000)
  from space 566592K,  65% used [0x00007fab89100000, 0x00007fab9fa10fe0, 0x00007fababa50000)
  to   space 566592K,   0% used [0x00007fababa50000, 0x00007fababa50000, 0x00007fabce3a0000)
 tenured generation   total 11332776K, used 8098929K [0x00007fafc9b50000, 0x00007fb27d67a000, 0x00007fba74600000)
   the space 11332776K,  71% used [0x00007fafc9b50000, 0x00007fb1b806c788, 0x00007fb1b806c800, 0x00007fb27d67a000)
 Metaspace       used 30298K, capacity 30705K, committed 30720K, reserved 30720K
}
Event: 181.814 GC heap before
{Heap before GC invocations=71 (full 5):
 def new generation   total 5099840K, used 4902979K [0x00007faa74600000, 0x00007fabce3a0000, 0x00007fafc9b50000)
  eden space 4533248K, 100% used [0x00007faa74600000, 0x00007fab89100000, 0x00007fab89100000)
  from space 566592K,  65% used [0x00007fab89100000, 0x00007fab9fa10fe0, 0x00007fababa50000)
  to   space 566592K,   0% used [0x00007fababa50000, 0x00007fababa50000, 0x00007fabce3a0000)
 tenured generation   total 11332776K, used 8098929K [0x00007fafc9b50000, 0x00007fb27d67a000, 0x00007fba74600000)
   the space 11332776K,  71% used [0x00007fafc9b50000, 0x00007fb1b806c788, 0x00007fb1b806c800, 0x00007fb27d67a000)
 Metaspace       used 30298K, capacity 30705K, committed 30720K, reserved 30720K
}
Event: 183.782 GC heap after
{Heap after GC invocations=72 (full 5):
 def new generation   total 5099840K, used 405020K [0x00007faa74600000, 0x00007fabce3a0000, 0x00007fafc9b50000)
  eden space 4533248K,   0% used [0x00007faa74600000, 0x00007faa74600000, 0x00007fab89100000)
  from space 566592K,  71% used [0x00007fababa50000, 0x00007fabc45d7180, 0x00007fabce3a0000)
  to   space 566592K,   0% used [0x00007fab89100000, 0x00007fab89100000, 0x00007fababa50000)
 tenured generation   total 11332776K, used 8468660K [0x00007fafc9b50000, 0x00007fb27d67a000, 0x00007fba74600000)
   the space 11332776K,  74% used [0x00007fafc9b50000, 0x00007fb1ce97d2e8, 0x00007fb1ce97d400, 0x00007fb27d67a000)
 Metaspace       used 30298K, capacity 30705K, committed 30720K, reserved 30720K
}
Event: 185.099 GC heap before
{Heap before GC invocations=72 (full 5):
 def new generation   total 5099840K, used 4938268K [0x00007faa74600000, 0x00007fabce3a0000, 0x00007fafc9b50000)
  eden space 4533248K, 100% used [0x00007faa74600000, 0x00007fab89100000, 0x00007fab89100000)
  from space 566592K,  71% used [0x00007fababa50000, 0x00007fabc45d7180, 0x00007fabce3a0000)
  to   space 566592K,   0% used [0x00007fab89100000, 0x00007fab89100000, 0x00007fababa50000)
 tenured generation   total 11332776K, used 8468660K [0x00007fafc9b50000, 0x00007fb27d67a000, 0x00007fba74600000)
   the space 11332776K,  74% used [0x00007fafc9b50000, 0x00007fb1ce97d2e8, 0x00007fb1ce97d400, 0x00007fb27d67a000)
 Metaspace       used 30298K, capacity 30705K, committed 30720K, reserved 30720K
}
Event: 186.442 GC heap after
{Heap after GC invocations=73 (full 5):
 def new generation   total 5099840K, used 388973K [0x00007faa74600000, 0x00007fabce3a0000, 0x00007fafc9b50000)
  eden space 4533248K,   0% used [0x00007faa74600000, 0x00007faa74600000, 0x00007fab89100000)
  from space 566592K,  68% used [0x00007fab89100000, 0x00007faba0cdb710, 0x00007fababa50000)
  to   space 566592K,   0% used [0x00007fababa50000, 0x00007fababa50000, 0x00007fabce3a0000)
 tenured generation   total 11332776K, used 8873679K [0x00007fafc9b50000, 0x00007fb27d67a000, 0x00007fba74600000)
   the space 11332776K,  78% used [0x00007fafc9b50000, 0x00007fb1e7503f08, 0x00007fb1e7504000, 0x00007fb27d67a000)
 Metaspace       used 30298K, capacity 30705K, committed 30720K, reserved 30720K
}
Event: 187.703 GC heap before
{Heap before GC invocations=73 (full 5):
 def new generation   total 5099840K, used 4922221K [0x00007faa74600000, 0x00007fabce3a0000, 0x00007fafc9b50000)
  eden space 4533248K, 100% used [0x00007faa74600000, 0x00007fab89100000, 0x00007fab89100000)
  from space 566592K,  68% used [0x00007fab89100000, 0x00007faba0cdb710, 0x00007fababa50000)
  to   space 566592K,   0% used [0x00007fababa50000, 0x00007fababa50000, 0x00007fabce3a0000)
 tenured generation   total 11332776K, used 8873679K [0x00007fafc9b50000, 0x00007fb27d67a000, 0x00007fba74600000)
   the space 11332776K,  78% used [0x00007fafc9b50000, 0x00007fb1e7503f08, 0x00007fb1e7504000, 0x00007fb27d67a000)
 Metaspace       used 30298K, capacity 30705K, committed 30720K, reserved 30720K
}
Event: 189.139 GC heap after
{Heap after GC invocations=74 (full 5):
 def new generation   total 5099840K, used 389722K [0x00007faa74600000, 0x00007fabce3a0000, 0x00007fafc9b50000)
  eden space 4533248K,   0% used [0x00007faa74600000, 0x00007faa74600000, 0x00007fab89100000)
  from space 566592K,  68% used [0x00007fababa50000, 0x00007fabc36e68e8, 0x00007fabce3a0000)
  to   space 566592K,   0% used [0x00007fab89100000, 0x00007fab89100000, 0x00007fababa50000)
 tenured generation   total 11332776K, used 9262652K [0x00007fafc9b50000, 0x00007fb27d67a000, 0x00007fba74600000)
   the space 11332776K,  81% used [0x00007fafc9b50000, 0x00007fb1ff0df278, 0x00007fb1ff0df400, 0x00007fb27d67a000)
 Metaspace       used 30298K, capacity 30705K, committed 30720K, reserved 30720K
}
Event: 190.337 GC heap before
{Heap before GC invocations=74 (full 5):
 def new generation   total 5099840K, used 4922970K [0x00007faa74600000, 0x00007fabce3a0000, 0x00007fafc9b50000)
  eden space 4533248K, 100% used [0x00007faa74600000, 0x00007fab89100000, 0x00007fab89100000)
  from space 566592K,  68% used [0x00007fababa50000, 0x00007fabc36e68e8, 0x00007fabce3a0000)
  to   space 566592K,   0% used [0x00007fab89100000, 0x00007fab89100000, 0x00007fababa50000)
 tenured generation   total 11332776K, used 9262652K [0x00007fafc9b50000, 0x00007fb27d67a000, 0x00007fba74600000)
   the space 11332776K,  81% used [0x00007fafc9b50000, 0x00007fb1ff0df278, 0x00007fb1ff0df400, 0x00007fb27d67a000)
 Metaspace       used 30298K, capacity 30705K, committed 30720K, reserved 30720K
}
Event: 191.666 GC heap after
{Heap after GC invocations=75 (full 5):
 def new generation   total 5099840K, used 368512K [0x00007faa74600000, 0x00007fabce3a0000, 0x00007fafc9b50000)
  eden space 4533248K,   0% used [0x00007faa74600000, 0x00007faa74600000, 0x00007fab89100000)
  from space 566592K,  65% used [0x00007fab89100000, 0x00007fab9f8e0098, 0x00007fababa50000)
  to   space 566592K,   0% used [0x00007fababa50000, 0x00007fababa50000, 0x00007fabce3a0000)
 tenured generation   total 11332776K, used 9652374K [0x00007fafc9b50000, 0x00007fb27d67a000, 0x00007fba74600000)
   the space 11332776K,  85% used [0x00007fafc9b50000, 0x00007fb216d75960, 0x00007fb216d75a00, 0x00007fb27d67a000)
 Metaspace       used 30298K, capacity 30705K, committed 30720K, reserved 30720K
}
Event: 192.863 GC heap before
{Heap before GC invocations=75 (full 5):
 def new generation   total 5099840K, used 4901760K [0x00007faa74600000, 0x00007fabce3a0000, 0x00007fafc9b50000)
  eden space 4533248K, 100% used [0x00007faa74600000, 0x00007fab89100000, 0x00007fab89100000)
  from space 566592K,  65% used [0x00007fab89100000, 0x00007fab9f8e0098, 0x00007fababa50000)
  to   space 566592K,   0% used [0x00007fababa50000, 0x00007fababa50000, 0x00007fabce3a0000)
 tenured generation   total 11332776K, used 9652374K [0x00007fafc9b50000, 0x00007fb27d67a000, 0x00007fba74600000)
   the space 11332776K,  85% used [0x00007fafc9b50000, 0x00007fb216d75960, 0x00007fb216d75a00, 0x00007fb27d67a000)
 Metaspace       used 30298K, capacity 30705K, committed 30720K, reserved 30720K
}
Event: 194.364 GC heap after
{Heap after GC invocations=76 (full 5):
 def new generation   total 5099840K, used 407956K [0x00007faa74600000, 0x00007fabce3a0000, 0x00007fafc9b50000)
  eden space 4533248K,   0% used [0x00007faa74600000, 0x00007faa74600000, 0x00007fab89100000)
  from space 566592K,  72% used [0x00007fababa50000, 0x00007fabc48b5358, 0x00007fabce3a0000)
  to   space 566592K,   0% used [0x00007fab89100000, 0x00007fab89100000, 0x00007fababa50000)
 tenured generation   total 11332776K, used 10020885K [0x00007fafc9b50000, 0x00007fb27d67a000, 0x00007fba74600000)
   the space 11332776K,  88% used [0x00007fafc9b50000, 0x00007fb22d5555a8, 0x00007fb22d555600, 0x00007fb27d67a000)
 Metaspace       used 30298K, capacity 30705K, committed 30720K, reserved 30720K
}
Event: 195.671 GC heap before
{Heap before GC invocations=76 (full 5):
 def new generation   total 5099840K, used 4941204K [0x00007faa74600000, 0x00007fabce3a0000, 0x00007fafc9b50000)
  eden space 4533248K, 100% used [0x00007faa74600000, 0x00007fab89100000, 0x00007fab89100000)
  from space 566592K,  72% used [0x00007fababa50000, 0x00007fabc48b5358, 0x00007fabce3a0000)
  to   space 566592K,   0% used [0x00007fab89100000, 0x00007fab89100000, 0x00007fababa50000)
 tenured generation   total 11332776K, used 10020885K [0x00007fafc9b50000, 0x00007fb27d67a000, 0x00007fba74600000)
   the space 11332776K,  88% used [0x00007fafc9b50000, 0x00007fb22d5555a8, 0x00007fb22d555600, 0x00007fb27d67a000)
 Metaspace       used 30298K, capacity 30705K, committed 30720K, reserved 30720K
}
Event: 197.123 GC heap after
{Heap after GC invocations=77 (full 5):
 def new generation   total 5099840K, used 382747K [0x00007faa74600000, 0x00007fabce3a0000, 0x00007fafc9b50000)
  eden space 4533248K,   0% used [0x00007faa74600000, 0x00007faa74600000, 0x00007fab89100000)
  from space 566592K,  67% used [0x00007fab89100000, 0x00007faba06c6e40, 0x00007fababa50000)
  to   space 566592K,   0% used [0x00007fababa50000, 0x00007fababa50000, 0x00007fabce3a0000)
 tenured generation   total 11332776K, used 10428842K [0x00007fafc9b50000, 0x00007fb27d67a000, 0x00007fba74600000)
   the space 11332776K,  92% used [0x00007fafc9b50000, 0x00007fb2463ba900, 0x00007fb2463baa00, 0x00007fb27d67a000)
 Metaspace       used 30298K, capacity 30705K, committed 30720K, reserved 30720K
}
Event: 198.376 GC heap before
{Heap before GC invocations=77 (full 5):
 def new generation   total 5099840K, used 4915995K [0x00007faa74600000, 0x00007fabce3a0000, 0x00007fafc9b50000)
  eden space 4533248K, 100% used [0x00007faa74600000, 0x00007fab89100000, 0x00007fab89100000)
  from space 566592K,  67% used [0x00007fab89100000, 0x00007faba06c6e40, 0x00007fababa50000)
  to   space 566592K,   0% used [0x00007fababa50000, 0x00007fababa50000, 0x00007fabce3a0000)
 tenured generation   total 11332776K, used 10428842K [0x00007fafc9b50000, 0x00007fb27d67a000, 0x00007fba74600000)
   the space 11332776K,  92% used [0x00007fafc9b50000, 0x00007fb2463ba900, 0x00007fb2463baa00, 0x00007fb27d67a000)
 Metaspace       used 30298K, capacity 30705K, committed 30720K, reserved 30720K
}
Event: 199.963 GC heap after
{Heap after GC invocations=78 (full 5):
 def new generation   total 5099840K, used 435462K [0x00007faa74600000, 0x00007fabce3a0000, 0x00007fafc9b50000)
  eden space 4533248K,   0% used [0x00007faa74600000, 0x00007faa74600000, 0x00007fab89100000)
  from space 566592K,  76% used [0x00007fababa50000, 0x00007fabc6391858, 0x00007fabce3a0000)
  to   space 566592K,   0% used [0x00007fab89100000, 0x00007fab89100000, 0x00007fababa50000)
 tenured generation   total 11332776K, used 10811588K [0x00007fafc9b50000, 0x00007fb27d67a000, 0x00007fba74600000)
   the space 11332776K,  95% used [0x00007fafc9b50000, 0x00007fb25d9812c0, 0x00007fb25d981400, 0x00007fb27d67a000)
 Metaspace       used 30298K, capacity 30705K, committed 30720K, reserved 30720K
}
Event: 201.185 GC heap before
{Heap before GC invocations=78 (full 5):
 def new generation   total 5099840K, used 4968710K [0x00007faa74600000, 0x00007fabce3a0000, 0x00007fafc9b50000)
  eden space 4533248K, 100% used [0x00007faa74600000, 0x00007fab89100000, 0x00007fab89100000)
  from space 566592K,  76% used [0x00007fababa50000, 0x00007fabc6391858, 0x00007fabce3a0000)
  to   space 566592K,   0% used [0x00007fab89100000, 0x00007fab89100000, 0x00007fababa50000)
 tenured generation   total 11332776K, used 10811588K [0x00007fafc9b50000, 0x00007fb27d67a000, 0x00007fba74600000)
   the space 11332776K,  95% used [0x00007fafc9b50000, 0x00007fb25d9812c0, 0x00007fb25d981400, 0x00007fb27d67a000)
 Metaspace       used 30298K, capacity 30705K, committed 30720K, reserved 30720K
}
Event: 202.802 GC heap after
{Heap after GC invocations=79 (full 5):
 def new generation   total 5099840K, used 430696K [0x00007faa74600000, 0x00007fabce3a0000, 0x00007fafc9b50000)
  eden space 4533248K,   0% used [0x00007faa74600000, 0x00007faa74600000, 0x00007fab89100000)
  from space 566592K,  76% used [0x00007fab89100000, 0x00007faba359a1a0, 0x00007fababa50000)
  to   space 566592K,   0% used [0x00007fababa50000, 0x00007fababa50000, 0x00007fabce3a0000)
 tenured generation   total 11332776K, used 11247049K [0x00007fafc9b50000, 0x00007fb27d67a000, 0x00007fba74600000)
   the space 11332776K,  99% used [0x00007fafc9b50000, 0x00007fb2782c2658, 0x00007fb2782c2800, 0x00007fb27d67a000)
 Metaspace       used 30298K, capacity 30705K, committed 30720K, reserved 30720K
}
Event: 204.083 GC heap before
{Heap before GC invocations=79 (full 5):
 def new generation   total 5099840K, used 4963944K [0x00007faa74600000, 0x00007fabce3a0000, 0x00007fafc9b50000)
  eden space 4533248K, 100% used [0x00007faa74600000, 0x00007fab89100000, 0x00007fab89100000)
  from space 566592K,  76% used [0x00007fab89100000, 0x00007faba359a1a0, 0x00007fababa50000)
  to   space 566592K,   0% used [0x00007fababa50000, 0x00007fababa50000, 0x00007fabce3a0000)
 tenured generation   total 11332776K, used 11247049K [0x00007fafc9b50000, 0x00007fb27d67a000, 0x00007fba74600000)
   the space 11332776K,  99% used [0x00007fafc9b50000, 0x00007fb2782c2658, 0x00007fb2782c2800, 0x00007fb27d67a000)
 Metaspace       used 30298K, capacity 30705K, committed 30720K, reserved 30720K
}
Event: 205.816 GC heap after
{Heap after GC invocations=80 (full 5):
 def new generation   total 5099840K, used 502520K [0x00007faa74600000, 0x00007fabce3a0000, 0x00007fafc9b50000)
  eden space 4533248K,   0% used [0x00007faa74600000, 0x00007faa74600000, 0x00007fab89100000)
  from space 566592K,  88% used [0x00007fababa50000, 0x00007fabca50e370, 0x00007fabce3a0000)
  to   space 566592K,   0% used [0x00007fab89100000, 0x00007fab89100000, 0x00007fababa50000)
 tenured generation   total 11677800K, used 11677745K [0x00007fafc9b50000, 0x00007fb29276a000, 0x00007fba74600000)
   the space 11677800K,  99% used [0x00007fafc9b50000, 0x00007fb29275c768, 0x00007fb29275c800, 0x00007fb29276a000)
 Metaspace       used 30298K, capacity 30705K, committed 30720K, reserved 30720K
}
Event: 205.816 GC heap before
{Heap before GC invocations=80 (full 5):
 def new generation   total 5099840K, used 502520K [0x00007faa74600000, 0x00007fabce3a0000, 0x00007fafc9b50000)
  eden space 4533248K,   0% used [0x00007faa74600000, 0x00007faa74600000, 0x00007fab89100000)
  from space 566592K,  88% used [0x00007fababa50000, 0x00007fabca50e370, 0x00007fabce3a0000)
  to   space 566592K,   0% used [0x00007fab89100000, 0x00007fab89100000, 0x00007fababa50000)
 tenured generation   total 11677800K, used 11677745K [0x00007fafc9b50000, 0x00007fb29276a000, 0x00007fba74600000)
   the space 11677800K,  99% used [0x00007fafc9b50000, 0x00007fb29275c768, 0x00007fb29275c800, 0x00007fb29276a000)
 Metaspace       used 30298K, capacity 30705K, committed 30720K, reserved 30720K
}

