# JRE version: OpenJDK Runtime Environment (13.0.7+5) (build 13.0.7+5-Ubuntu-0ubuntu120.04)
# Java VM: OpenJDK 64-Bit Server VM (13.0.7+5-Ubuntu-0ubuntu120.04, mixed mode, tiered, serial gc, linux-amd64)
Heap:
 def new generation   total 1481920K, used 0K [0x00007f67c0600000, 0x00007f6824df0000, 0x00007f6d15b50000)
  eden space 1317312K,   0% used [0x00007f67c0600000, 0x00007f67c0600000, 0x00007f6810c70000)
  from space 164608K,   0% used [0x00007f6810c70000, 0x00007f6810c70000, 0x00007f681ad30000)
  to   space 164608K,   0% used [0x00007f681ad30000, 0x00007f681ad30000, 0x00007f6824df0000)
 tenured generation   total 3362288K, used 3323749K [0x00007f6d15b50000, 0x00007f6de2ecc000, 0x00007f77c0600000)
   the space 3362288K,  98% used [0x00007f6d15b50000, 0x00007f6de0929488, 0x00007f6de0929600, 0x00007f6de2ecc000)
 Metaspace       used 30376K, capacity 30782K, committed 30976K, reserved 32768K
GC Heap History (20 events):
Event: 102.129 GC heap after
{Heap after GC invocations=69 (full 3):
 def new generation   total 1481920K, used 110710K [0x00007f67c0600000, 0x00007f6824df0000, 0x00007f6d15b50000)
  eden space 1317312K,   0% used [0x00007f67c0600000, 0x00007f67c0600000, 0x00007f6810c70000)
  from space 164608K,  67% used [0x00007f681ad30000, 0x00007f682194d810, 0x00007f6824df0000)
  to   space 164608K,   0% used [0x00007f6810c70000, 0x00007f6810c70000, 0x00007f681ad30000)
 tenured generation   total 3292976K, used 2433889K [0x00007f6d15b50000, 0x00007f6ddeb1c000, 0x00007f77c0600000)
   the space 3292976K,  73% used [0x00007f6d15b50000, 0x00007f6daa4285f0, 0x00007f6daa428600, 0x00007f6ddeb1c000)
 Metaspace       used 30376K, capacity 30782K, committed 30976K, reserved 32768K
}
Event: 102.512 GC heap before
{Heap before GC invocations=69 (full 3):
 def new generation   total 1481920K, used 1428022K [0x00007f67c0600000, 0x00007f6824df0000, 0x00007f6d15b50000)
  eden space 1317312K, 100% used [0x00007f67c0600000, 0x00007f6810c70000, 0x00007f6810c70000)
  from space 164608K,  67% used [0x00007f681ad30000, 0x00007f682194d810, 0x00007f6824df0000)
  to   space 164608K,   0% used [0x00007f6810c70000, 0x00007f6810c70000, 0x00007f681ad30000)
 tenured generation   total 3292976K, used 2433889K [0x00007f6d15b50000, 0x00007f6ddeb1c000, 0x00007f77c0600000)
   the space 3292976K,  73% used [0x00007f6d15b50000, 0x00007f6daa4285f0, 0x00007f6daa428600, 0x00007f6ddeb1c000)
 Metaspace       used 30376K, capacity 30782K, committed 30976K, reserved 32768K
}
Event: 102.836 GC heap after
{Heap after GC invocations=70 (full 3):
 def new generation   total 1481920K, used 97120K [0x00007f67c0600000, 0x00007f6824df0000, 0x00007f6d15b50000)
  eden space 1317312K,   0% used [0x00007f67c0600000, 0x00007f67c0600000, 0x00007f6810c70000)
  from space 164608K,  59% used [0x00007f6810c70000, 0x00007f6816b48228, 0x00007f681ad30000)
  to   space 164608K,   0% used [0x00007f681ad30000, 0x00007f681ad30000, 0x00007f6824df0000)
 tenured generation   total 3292976K, used 2544598K [0x00007f6d15b50000, 0x00007f6ddeb1c000, 0x00007f77c0600000)
   the space 3292976K,  77% used [0x00007f6d15b50000, 0x00007f6db1045bf0, 0x00007f6db1045c00, 0x00007f6ddeb1c000)
 Metaspace       used 30376K, capacity 30782K, committed 30976K, reserved 32768K
}
Event: 103.187 GC heap before
{Heap before GC invocations=70 (full 3):
 def new generation   total 1481920K, used 1414432K [0x00007f67c0600000, 0x00007f6824df0000, 0x00007f6d15b50000)
  eden space 1317312K, 100% used [0x00007f67c0600000, 0x00007f6810c70000, 0x00007f6810c70000)
  from space 164608K,  59% used [0x00007f6810c70000, 0x00007f6816b48228, 0x00007f681ad30000)
  to   space 164608K,   0% used [0x00007f681ad30000, 0x00007f681ad30000, 0x00007f6824df0000)
 tenured generation   total 3292976K, used 2544598K [0x00007f6d15b50000, 0x00007f6ddeb1c000, 0x00007f77c0600000)
   the space 3292976K,  77% used [0x00007f6d15b50000, 0x00007f6db1045bf0, 0x00007f6db1045c00, 0x00007f6ddeb1c000)
 Metaspace       used 30376K, capacity 30782K, committed 30976K, reserved 32768K
}
Event: 103.499 GC heap after
{Heap after GC invocations=71 (full 3):
 def new generation   total 1481920K, used 97966K [0x00007f67c0600000, 0x00007f6824df0000, 0x00007f6d15b50000)
  eden space 1317312K,   0% used [0x00007f67c0600000, 0x00007f67c0600000, 0x00007f6810c70000)
  from space 164608K,  59% used [0x00007f681ad30000, 0x00007f6820cdbb88, 0x00007f6824df0000)
  to   space 164608K,   0% used [0x00007f6810c70000, 0x00007f6810c70000, 0x00007f681ad30000)
 tenured generation   total 3292976K, used 2641718K [0x00007f6d15b50000, 0x00007f6ddeb1c000, 0x00007f77c0600000)
   the space 3292976K,  80% used [0x00007f6d15b50000, 0x00007f6db6f1dac8, 0x00007f6db6f1dc00, 0x00007f6ddeb1c000)
 Metaspace       used 30376K, capacity 30782K, committed 30976K, reserved 32768K
}
Event: 103.852 GC heap before
{Heap before GC invocations=71 (full 3):
 def new generation   total 1481920K, used 1415278K [0x00007f67c0600000, 0x00007f6824df0000, 0x00007f6d15b50000)
  eden space 1317312K, 100% used [0x00007f67c0600000, 0x00007f6810c70000, 0x00007f6810c70000)
  from space 164608K,  59% used [0x00007f681ad30000, 0x00007f6820cdbb88, 0x00007f6824df0000)
  to   space 164608K,   0% used [0x00007f6810c70000, 0x00007f6810c70000, 0x00007f681ad30000)
 tenured generation   total 3292976K, used 2641718K [0x00007f6d15b50000, 0x00007f6ddeb1c000, 0x00007f77c0600000)
   the space 3292976K,  80% used [0x00007f6d15b50000, 0x00007f6db6f1dac8, 0x00007f6db6f1dc00, 0x00007f6ddeb1c000)
 Metaspace       used 30376K, capacity 30782K, committed 30976K, reserved 32768K
}
Event: 104.191 GC heap after
{Heap after GC invocations=72 (full 3):
 def new generation   total 1481920K, used 110029K [0x00007f67c0600000, 0x00007f6824df0000, 0x00007f6d15b50000)
  eden space 1317312K,   0% used [0x00007f67c0600000, 0x00007f67c0600000, 0x00007f6810c70000)
  from space 164608K,  66% used [0x00007f6810c70000, 0x00007f68177e3470, 0x00007f681ad30000)
  to   space 164608K,   0% used [0x00007f681ad30000, 0x00007f681ad30000, 0x00007f6824df0000)
 tenured generation   total 3292976K, used 2739685K [0x00007f6d15b50000, 0x00007f6ddeb1c000, 0x00007f77c0600000)
   the space 3292976K,  83% used [0x00007f6d15b50000, 0x00007f6dbcec9430, 0x00007f6dbcec9600, 0x00007f6ddeb1c000)
 Metaspace       used 30376K, capacity 30782K, committed 30976K, reserved 32768K
}
Event: 104.530 GC heap before
{Heap before GC invocations=72 (full 3):
 def new generation   total 1481920K, used 1427341K [0x00007f67c0600000, 0x00007f6824df0000, 0x00007f6d15b50000)
  eden space 1317312K, 100% used [0x00007f67c0600000, 0x00007f6810c70000, 0x00007f6810c70000)
  from space 164608K,  66% used [0x00007f6810c70000, 0x00007f68177e3470, 0x00007f681ad30000)
  to   space 164608K,   0% used [0x00007f681ad30000, 0x00007f681ad30000, 0x00007f6824df0000)
 tenured generation   total 3292976K, used 2739685K [0x00007f6d15b50000, 0x00007f6ddeb1c000, 0x00007f77c0600000)
   the space 3292976K,  83% used [0x00007f6d15b50000, 0x00007f6dbcec9430, 0x00007f6dbcec9600, 0x00007f6ddeb1c000)
 Metaspace       used 30376K, capacity 30782K, committed 30976K, reserved 32768K
}
Event: 104.853 GC heap after
{Heap after GC invocations=73 (full 3):
 def new generation   total 1481920K, used 96818K [0x00007f67c0600000, 0x00007f6824df0000, 0x00007f6d15b50000)
  eden space 1317312K,   0% used [0x00007f67c0600000, 0x00007f67c0600000, 0x00007f6810c70000)
  from space 164608K,  58% used [0x00007f681ad30000, 0x00007f6820bbc960, 0x00007f6824df0000)
  to   space 164608K,   0% used [0x00007f6810c70000, 0x00007f6810c70000, 0x00007f681ad30000)
 tenured generation   total 3292976K, used 2849713K [0x00007f6d15b50000, 0x00007f6ddeb1c000, 0x00007f77c0600000)
   the space 3292976K,  86% used [0x00007f6d15b50000, 0x00007f6dc3a3c6b0, 0x00007f6dc3a3c800, 0x00007f6ddeb1c000)
 Metaspace       used 30376K, capacity 30782K, committed 30976K, reserved 32768K
}
Event: 105.201 GC heap before
{Heap before GC invocations=73 (full 3):
 def new generation   total 1481920K, used 1414130K [0x00007f67c0600000, 0x00007f6824df0000, 0x00007f6d15b50000)
  eden space 1317312K, 100% used [0x00007f67c0600000, 0x00007f6810c70000, 0x00007f6810c70000)
  from space 164608K,  58% used [0x00007f681ad30000, 0x00007f6820bbc960, 0x00007f6824df0000)
  to   space 164608K,   0% used [0x00007f6810c70000, 0x00007f6810c70000, 0x00007f681ad30000)
 tenured generation   total 3292976K, used 2849713K [0x00007f6d15b50000, 0x00007f6ddeb1c000, 0x00007f77c0600000)
   the space 3292976K,  86% used [0x00007f6d15b50000, 0x00007f6dc3a3c6b0, 0x00007f6dc3a3c800, 0x00007f6ddeb1c000)
 Metaspace       used 30376K, capacity 30782K, committed 30976K, reserved 32768K
}
Event: 105.528 GC heap after
{Heap after GC invocations=74 (full 3):
 def new generation   total 1481920K, used 108029K [0x00007f67c0600000, 0x00007f6824df0000, 0x00007f6d15b50000)
  eden space 1317312K,   0% used [0x00007f67c0600000, 0x00007f67c0600000, 0x00007f6810c70000)
  from space 164608K,  65% used [0x00007f6810c70000, 0x00007f68175ef5f8, 0x00007f681ad30000)
  to   space 164608K,   0% used [0x00007f681ad30000, 0x00007f681ad30000, 0x00007f6824df0000)
 tenured generation   total 3292976K, used 2946530K [0x00007f6d15b50000, 0x00007f6ddeb1c000, 0x00007f77c0600000)
   the space 3292976K,  89% used [0x00007f6d15b50000, 0x00007f6dc98c8b80, 0x00007f6dc98c8c00, 0x00007f6ddeb1c000)
 Metaspace       used 30376K, capacity 30782K, committed 30976K, reserved 32768K
}
Event: 105.874 GC heap before
{Heap before GC invocations=74 (full 3):
 def new generation   total 1481920K, used 1425341K [0x00007f67c0600000, 0x00007f6824df0000, 0x00007f6d15b50000)
  eden space 1317312K, 100% used [0x00007f67c0600000, 0x00007f6810c70000, 0x00007f6810c70000)
  from space 164608K,  65% used [0x00007f6810c70000, 0x00007f68175ef5f8, 0x00007f681ad30000)
  to   space 164608K,   0% used [0x00007f681ad30000, 0x00007f681ad30000, 0x00007f6824df0000)
 tenured generation   total 3292976K, used 2946530K [0x00007f6d15b50000, 0x00007f6ddeb1c000, 0x00007f77c0600000)
   the space 3292976K,  89% used [0x00007f6d15b50000, 0x00007f6dc98c8b80, 0x00007f6dc98c8c00, 0x00007f6ddeb1c000)
 Metaspace       used 30376K, capacity 30782K, committed 30976K, reserved 32768K
}
Event: 106.174 GC heap after
{Heap after GC invocations=75 (full 3):
 def new generation   total 1481920K, used 99602K [0x00007f67c0600000, 0x00007f6824df0000, 0x00007f6d15b50000)
  eden space 1317312K,   0% used [0x00007f67c0600000, 0x00007f67c0600000, 0x00007f6810c70000)
  from space 164608K,  60% used [0x00007f681ad30000, 0x00007f6820e74878, 0x00007f6824df0000)
  to   space 164608K,   0% used [0x00007f6810c70000, 0x00007f6810c70000, 0x00007f681ad30000)
 tenured generation   total 3292976K, used 3054560K [0x00007f6d15b50000, 0x00007f6ddeb1c000, 0x00007f77c0600000)
   the space 3292976K,  92% used [0x00007f6d15b50000, 0x00007f6dd02480e8, 0x00007f6dd0248200, 0x00007f6ddeb1c000)
 Metaspace       used 30376K, capacity 30782K, committed 30976K, reserved 32768K
}
Event: 106.513 GC heap before
{Heap before GC invocations=75 (full 3):
 def new generation   total 1481920K, used 1416914K [0x00007f67c0600000, 0x00007f6824df0000, 0x00007f6d15b50000)
  eden space 1317312K, 100% used [0x00007f67c0600000, 0x00007f6810c70000, 0x00007f6810c70000)
  from space 164608K,  60% used [0x00007f681ad30000, 0x00007f6820e74878, 0x00007f6824df0000)
  to   space 164608K,   0% used [0x00007f6810c70000, 0x00007f6810c70000, 0x00007f681ad30000)
 tenured generation   total 3292976K, used 3054560K [0x00007f6d15b50000, 0x00007f6ddeb1c000, 0x00007f77c0600000)
   the space 3292976K,  92% used [0x00007f6d15b50000, 0x00007f6dd02480e8, 0x00007f6dd0248200, 0x00007f6ddeb1c000)
 Metaspace       used 30376K, capacity 30782K, committed 30976K, reserved 32768K
}
Event: 106.807 GC heap after
{Heap after GC invocations=76 (full 3):
 def new generation   total 1481920K, used 97702K [0x00007f67c0600000, 0x00007f6824df0000, 0x00007f6d15b50000)
  eden space 1317312K,   0% used [0x00007f67c0600000, 0x00007f67c0600000, 0x00007f6810c70000)
  from space 164608K,  59% used [0x00007f6810c70000, 0x00007f6816bd9a68, 0x00007f681ad30000)
  to   space 164608K,   0% used [0x00007f681ad30000, 0x00007f681ad30000, 0x00007f6824df0000)
 tenured generation   total 3292976K, used 3154161K [0x00007f6d15b50000, 0x00007f6ddeb1c000, 0x00007f77c0600000)
   the space 3292976K,  95% used [0x00007f6d15b50000, 0x00007f6dd638c510, 0x00007f6dd638c600, 0x00007f6ddeb1c000)
 Metaspace       used 30376K, capacity 30782K, committed 30976K, reserved 32768K
}
Event: 107.151 GC heap before
{Heap before GC invocations=76 (full 3):
 def new generation   total 1481920K, used 1415014K [0x00007f67c0600000, 0x00007f6824df0000, 0x00007f6d15b50000)
  eden space 1317312K, 100% used [0x00007f67c0600000, 0x00007f6810c70000, 0x00007f6810c70000)
  from space 164608K,  59% used [0x00007f6810c70000, 0x00007f6816bd9a68, 0x00007f681ad30000)
  to   space 164608K,   0% used [0x00007f681ad30000, 0x00007f681ad30000, 0x00007f6824df0000)
 tenured generation   total 3292976K, used 3154161K [0x00007f6d15b50000, 0x00007f6ddeb1c000, 0x00007f77c0600000)
   the space 3292976K,  95% used [0x00007f6d15b50000, 0x00007f6dd638c510, 0x00007f6dd638c600, 0x00007f6ddeb1c000)
 Metaspace       used 30376K, capacity 30782K, committed 30976K, reserved 32768K
}
Event: 107.467 GC heap after
{Heap after GC invocations=77 (full 3):
 def new generation   total 1481920K, used 110391K [0x00007f67c0600000, 0x00007f6824df0000, 0x00007f6d15b50000)
  eden space 1317312K,   0% used [0x00007f67c0600000, 0x00007f67c0600000, 0x00007f6810c70000)
  from space 164608K,  67% used [0x00007f681ad30000, 0x00007f68218fdf78, 0x00007f6824df0000)
  to   space 164608K,   0% used [0x00007f6810c70000, 0x00007f6810c70000, 0x00007f681ad30000)
 tenured generation   total 3292976K, used 3251863K [0x00007f6d15b50000, 0x00007f6ddeb1c000, 0x00007f77c0600000)
   the space 3292976K,  98% used [0x00007f6d15b50000, 0x00007f6ddc2f5ee8, 0x00007f6ddc2f6000, 0x00007f6ddeb1c000)
 Metaspace       used 30376K, capacity 30782K, committed 30976K, reserved 32768K
}
Event: 107.814 GC heap before
{Heap before GC invocations=77 (full 3):
 def new generation   total 1481920K, used 1427703K [0x00007f67c0600000, 0x00007f6824df0000, 0x00007f6d15b50000)
  eden space 1317312K, 100% used [0x00007f67c0600000, 0x00007f6810c70000, 0x00007f6810c70000)
  from space 164608K,  67% used [0x00007f681ad30000, 0x00007f68218fdf78, 0x00007f6824df0000)
  to   space 164608K,   0% used [0x00007f6810c70000, 0x00007f6810c70000, 0x00007f681ad30000)
 tenured generation   total 3292976K, used 3251863K [0x00007f6d15b50000, 0x00007f6ddeb1c000, 0x00007f77c0600000)
   the space 3292976K,  98% used [0x00007f6d15b50000, 0x00007f6ddc2f5ee8, 0x00007f6ddc2f6000, 0x00007f6ddeb1c000)
 Metaspace       used 30376K, capacity 30782K, committed 30976K, reserved 32768K
}
Event: 108.124 GC heap after
{Heap after GC invocations=78 (full 3):
 def new generation   total 1481920K, used 97433K [0x00007f67c0600000, 0x00007f6824df0000, 0x00007f6d15b50000)
  eden space 1317312K,   0% used [0x00007f67c0600000, 0x00007f67c0600000, 0x00007f6810c70000)
  from space 164608K,  59% used [0x00007f6810c70000, 0x00007f6816b964b0, 0x00007f681ad30000)
  to   space 164608K,   0% used [0x00007f681ad30000, 0x00007f681ad30000, 0x00007f6824df0000)
 tenured generation   total 3362288K, used 3362254K [0x00007f6d15b50000, 0x00007f6de2ecc000, 0x00007f77c0600000)
   the space 3362288K,  99% used [0x00007f6d15b50000, 0x00007f6de2ec3aa0, 0x00007f6de2ec3c00, 0x00007f6de2ecc000)
 Metaspace       used 30376K, capacity 30782K, committed 30976K, reserved 32768K
}
Event: 108.124 GC heap before
{Heap before GC invocations=78 (full 3):
 def new generation   total 1481920K, used 97433K [0x00007f67c0600000, 0x00007f6824df0000, 0x00007f6d15b50000)
  eden space 1317312K,   0% used [0x00007f67c0600000, 0x00007f67c0600000, 0x00007f6810c70000)
  from space 164608K,  59% used [0x00007f6810c70000, 0x00007f6816b964b0, 0x00007f681ad30000)
  to   space 164608K,   0% used [0x00007f681ad30000, 0x00007f681ad30000, 0x00007f6824df0000)
 tenured generation   total 3362288K, used 3362254K [0x00007f6d15b50000, 0x00007f6de2ecc000, 0x00007f77c0600000)
   the space 3362288K,  99% used [0x00007f6d15b50000, 0x00007f6de2ec3aa0, 0x00007f6de2ec3c00, 0x00007f6de2ecc000)
 Metaspace       used 30376K, capacity 30782K, committed 30976K, reserved 32768K
}

