# JRE version: OpenJDK Runtime Environment (13.0.7+5) (build 13.0.7+5-Ubuntu-0ubuntu120.04)
# Java VM: OpenJDK 64-Bit Server VM (13.0.7+5-Ubuntu-0ubuntu120.04, mixed mode, tiered, serial gc, linux-amd64)
Heap:
 def new generation   total 3201984K, used 2353169K [0x00007fd298600000, 0x00007fd371860000, 0x00007fd7edb50000)
  eden space 2846208K,  75% used [0x00007fd298600000, 0x00007fd31bc40350, 0x00007fd346180000)
  from space 355776K,  56% used [0x00007fd35bcf0000, 0x00007fd3680b4248, 0x00007fd371860000)
  to   space 355776K,   0% used [0x00007fd346180000, 0x00007fd3461800a8, 0x00007fd35bcf0000)
 tenured generation   total 7115388K, used 5779108K [0x00007fd7edb50000, 0x00007fd99ffef000, 0x00007fe298600000)
   the space 7115388K,  81% used [0x00007fd7edb50000, 0x00007fd94e6f91b8, 0x00007fd94e6f9200, 0x00007fd99ffef000)
 Metaspace       used 30114K, capacity 30536K, committed 30720K, reserved 30720K
GC Heap History (20 events):
Event: 163.291 GC heap after
{Heap after GC invocations=88 (full 23):
 def new generation   total 3201984K, used 1984K [0x00007fd298600000, 0x00007fd371860000, 0x00007fd7edb50000)
  eden space 2846208K,   0% used [0x00007fd298600000, 0x00007fd298600000, 0x00007fd346180000)
  from space 355776K,   0% used [0x00007fd346180000, 0x00007fd346370240, 0x00007fd35bcf0000)
  to   space 355776K,   0% used [0x00007fd35bcf0000, 0x00007fd35bcf0000, 0x00007fd371860000)
 tenured generation   total 9212544K, used 8008614K [0x00007fd7edb50000, 0x00007fda1fff0000, 0x00007fe298600000)
   the space 9212544K,  86% used [0x00007fd7edb50000, 0x00007fd9d6839810, 0x00007fd9d6839a00, 0x00007fda1fff0000)
 Metaspace       used 23385K, capacity 23750K, committed 23808K, reserved 24576K
}
Event: 163.291 GC heap before
{Heap before GC invocations=88 (full 23):
 def new generation   total 3201984K, used 1984K [0x00007fd298600000, 0x00007fd371860000, 0x00007fd7edb50000)
  eden space 2846208K,   0% used [0x00007fd298600000, 0x00007fd298600000, 0x00007fd346180000)
  from space 355776K,   0% used [0x00007fd346180000, 0x00007fd346370240, 0x00007fd35bcf0000)
  to   space 355776K,   0% used [0x00007fd35bcf0000, 0x00007fd35bcf0000, 0x00007fd371860000)
 tenured generation   total 9212544K, used 8008614K [0x00007fd7edb50000, 0x00007fda1fff0000, 0x00007fe298600000)
   the space 9212544K,  86% used [0x00007fd7edb50000, 0x00007fd9d6839810, 0x00007fd9d6839a00, 0x00007fda1fff0000)
 Metaspace       used 23385K, capacity 23750K, committed 23808K, reserved 24576K
}
Event: 163.612 GC heap after
{Heap after GC invocations=88 (full 24):
 def new generation   total 3201984K, used 0K [0x00007fd298600000, 0x00007fd371860000, 0x00007fd7edb50000)
  eden space 2846208K,   0% used [0x00007fd298600000, 0x00007fd298600000, 0x00007fd346180000)
  from space 355776K,   0% used [0x00007fd346180000, 0x00007fd346180000, 0x00007fd35bcf0000)
  to   space 355776K,   0% used [0x00007fd35bcf0000, 0x00007fd35bcf0000, 0x00007fd371860000)
 tenured generation   total 7115388K, used 2108797K [0x00007fd7edb50000, 0x00007fd99ffef000, 0x00007fe298600000)
   the space 7115388K,  29% used [0x00007fd7edb50000, 0x00007fd86e6af7c0, 0x00007fd86e6af800, 0x00007fd99ffef000)
 Metaspace       used 23385K, capacity 23750K, committed 23808K, reserved 24576K
}
Event: 164.055 GC heap before
{Heap before GC invocations=88 (full 24):
 def new generation   total 3201984K, used 2153449K [0x00007fd298600000, 0x00007fd371860000, 0x00007fd7edb50000)
  eden space 2846208K,  75% used [0x00007fd298600000, 0x00007fd31bcfa7f8, 0x00007fd346180000)
  from space 355776K,   0% used [0x00007fd346180000, 0x00007fd346180000, 0x00007fd35bcf0000)
  to   space 355776K,   0% used [0x00007fd35bcf0000, 0x00007fd35bcf0000, 0x00007fd371860000)
 tenured generation   total 7115388K, used 2108797K [0x00007fd7edb50000, 0x00007fd99ffef000, 0x00007fe298600000)
   the space 7115388K,  29% used [0x00007fd7edb50000, 0x00007fd86e6af7c0, 0x00007fd86e6af800, 0x00007fd99ffef000)
 Metaspace       used 23385K, capacity 23750K, committed 23808K, reserved 24576K
}
Event: 164.334 GC heap after
{Heap after GC invocations=89 (full 24):
 def new generation   total 3201984K, used 0K [0x00007fd298600000, 0x00007fd371860000, 0x00007fd7edb50000)
  eden space 2846208K,   0% used [0x00007fd298600000, 0x00007fd298600000, 0x00007fd346180000)
  from space 355776K,   0% used [0x00007fd35bcf0000, 0x00007fd35bcf0230, 0x00007fd371860000)
  to   space 355776K,   0% used [0x00007fd346180000, 0x00007fd346180000, 0x00007fd35bcf0000)
 tenured generation   total 7115388K, used 4205949K [0x00007fd7edb50000, 0x00007fd99ffef000, 0x00007fe298600000)
   the space 7115388K,  59% used [0x00007fd7edb50000, 0x00007fd8ee6af7d8, 0x00007fd8ee6af800, 0x00007fd99ffef000)
 Metaspace       used 23385K, capacity 23750K, committed 23808K, reserved 24576K
}
Event: 165.581 GC heap before
{Heap before GC invocations=89 (full 24):
 def new generation   total 3201984K, used 2153148K [0x00007fd298600000, 0x00007fd371860000, 0x00007fd7edb50000)
  eden space 2846208K,  75% used [0x00007fd298600000, 0x00007fd31bcaf160, 0x00007fd346180000)
  from space 355776K,   0% used [0x00007fd35bcf0000, 0x00007fd35bcf0230, 0x00007fd371860000)
  to   space 355776K,   0% used [0x00007fd346180000, 0x00007fd346180000, 0x00007fd35bcf0000)
 tenured generation   total 7115388K, used 4205949K [0x00007fd7edb50000, 0x00007fd99ffef000, 0x00007fe298600000)
   the space 7115388K,  59% used [0x00007fd7edb50000, 0x00007fd8ee6af7d8, 0x00007fd8ee6af800, 0x00007fd99ffef000)
 Metaspace       used 23385K, capacity 23750K, committed 23808K, reserved 24576K
}
Event: 165.856 GC heap after
{Heap after GC invocations=90 (full 24):
 def new generation   total 3201984K, used 0K [0x00007fd298600000, 0x00007fd371860000, 0x00007fd7edb50000)
  eden space 2846208K,   0% used [0x00007fd298600000, 0x00007fd298600000, 0x00007fd346180000)
  from space 355776K,   0% used [0x00007fd346180000, 0x00007fd346180198, 0x00007fd35bcf0000)
  to   space 355776K,   0% used [0x00007fd35bcf0000, 0x00007fd35bcf0000, 0x00007fd371860000)
 tenured generation   total 7115388K, used 6303101K [0x00007fd7edb50000, 0x00007fd99ffef000, 0x00007fe298600000)
   the space 7115388K,  88% used [0x00007fd7edb50000, 0x00007fd96e6af7f0, 0x00007fd96e6af800, 0x00007fd99ffef000)
 Metaspace       used 23385K, capacity 23750K, committed 23808K, reserved 24576K
}
Event: 166.215 GC heap before
{Heap before GC invocations=90 (full 24):
 def new generation   total 3201984K, used 2152955K [0x00007fd298600000, 0x00007fd371860000, 0x00007fd7edb50000)
  eden space 2846208K,  75% used [0x00007fd298600000, 0x00007fd31bc7ebf0, 0x00007fd346180000)
  from space 355776K,   0% used [0x00007fd346180000, 0x00007fd346180198, 0x00007fd35bcf0000)
  to   space 355776K,   0% used [0x00007fd35bcf0000, 0x00007fd35bcf0000, 0x00007fd371860000)
 tenured generation   total 7115388K, used 6303101K [0x00007fd7edb50000, 0x00007fd99ffef000, 0x00007fe298600000)
   the space 7115388K,  88% used [0x00007fd7edb50000, 0x00007fd96e6af7f0, 0x00007fd96e6af800, 0x00007fd99ffef000)
 Metaspace       used 23385K, capacity 23750K, committed 23808K, reserved 24576K
}
Event: 166.868 GC heap after
{Heap after GC invocations=91 (full 24):
 def new generation   total 3201984K, used 0K [0x00007fd298600000, 0x00007fd371860000, 0x00007fd7edb50000)
  eden space 2846208K,   0% used [0x00007fd298600000, 0x00007fd298600000, 0x00007fd346180000)
  from space 355776K,   0% used [0x00007fd35bcf0000, 0x00007fd35bcf03c8, 0x00007fd371860000)
  to   space 355776K,   0% used [0x00007fd346180000, 0x00007fd346180000, 0x00007fd35bcf0000)
 tenured generation   total 9212544K, used 8400254K [0x00007fd7edb50000, 0x00007fda1fff0000, 0x00007fe298600000)
   the space 9212544K,  91% used [0x00007fd7edb50000, 0x00007fd9ee6af808, 0x00007fd9ee6afa00, 0x00007fda1fff0000)
 Metaspace       used 23385K, capacity 23750K, committed 23808K, reserved 24576K
}
Event: 166.868 GC heap before
{Heap before GC invocations=91 (full 24):
 def new generation   total 3201984K, used 0K [0x00007fd298600000, 0x00007fd371860000, 0x00007fd7edb50000)
  eden space 2846208K,   0% used [0x00007fd298600000, 0x00007fd298600000, 0x00007fd346180000)
  from space 355776K,   0% used [0x00007fd35bcf0000, 0x00007fd35bcf03c8, 0x00007fd371860000)
  to   space 355776K,   0% used [0x00007fd346180000, 0x00007fd346180000, 0x00007fd35bcf0000)
 tenured generation   total 9212544K, used 8400254K [0x00007fd7edb50000, 0x00007fda1fff0000, 0x00007fe298600000)
   the space 9212544K,  91% used [0x00007fd7edb50000, 0x00007fd9ee6af808, 0x00007fd9ee6afa00, 0x00007fda1fff0000)
 Metaspace       used 23385K, capacity 23750K, committed 23808K, reserved 24576K
}
Event: 167.515 GC heap after
{Heap after GC invocations=91 (full 25):
 def new generation   total 3201984K, used 0K [0x00007fd298600000, 0x00007fd371860000, 0x00007fd7edb50000)
  eden space 2846208K,   0% used [0x00007fd298600000, 0x00007fd298600000, 0x00007fd346180000)
  from space 355776K,   0% used [0x00007fd35bcf0000, 0x00007fd35bcf0000, 0x00007fd371860000)
  to   space 355776K,   0% used [0x00007fd346180000, 0x00007fd346180000, 0x00007fd35bcf0000)
 tenured generation   total 7115388K, used 4205950K [0x00007fd7edb50000, 0x00007fd99ffef000, 0x00007fe298600000)
   the space 7115388K,  59% used [0x00007fd7edb50000, 0x00007fd8ee6af978, 0x00007fd8ee6afa00, 0x00007fd99ffef000)
 Metaspace       used 23385K, capacity 23750K, committed 23808K, reserved 24576K
}
Event: 169.358 GC heap before
{Heap before GC invocations=91 (full 25):
 def new generation   total 3201984K, used 2677119K [0x00007fd298600000, 0x00007fd371860000, 0x00007fd7edb50000)
  eden space 2846208K,  94% used [0x00007fd298600000, 0x00007fd33bc5fc18, 0x00007fd346180000)
  from space 355776K,   0% used [0x00007fd35bcf0000, 0x00007fd35bcf0000, 0x00007fd371860000)
  to   space 355776K,   0% used [0x00007fd346180000, 0x00007fd346180000, 0x00007fd35bcf0000)
 tenured generation   total 7115388K, used 4205950K [0x00007fd7edb50000, 0x00007fd99ffef000, 0x00007fe298600000)
   the space 7115388K,  59% used [0x00007fd7edb50000, 0x00007fd8ee6af978, 0x00007fd8ee6afa00, 0x00007fd99ffef000)
 Metaspace       used 23385K, capacity 23750K, committed 23808K, reserved 24576K
}
Event: 169.440 GC heap after
{Heap after GC invocations=92 (full 25):
 def new generation   total 3201984K, used 0K [0x00007fd298600000, 0x00007fd371860000, 0x00007fd7edb50000)
  eden space 2846208K,   0% used [0x00007fd298600000, 0x00007fd298600000, 0x00007fd346180000)
  from space 355776K,   0% used [0x00007fd346180000, 0x00007fd3461801e8, 0x00007fd35bcf0000)
  to   space 355776K,   0% used [0x00007fd35bcf0000, 0x00007fd35bcf0000, 0x00007fd371860000)
 tenured generation   total 7115388K, used 4730238K [0x00007fd7edb50000, 0x00007fd99ffef000, 0x00007fe298600000)
   the space 7115388K,  66% used [0x00007fd7edb50000, 0x00007fd90e6af990, 0x00007fd90e6afa00, 0x00007fd99ffef000)
 Metaspace       used 23385K, capacity 23750K, committed 23808K, reserved 24576K
}
Event: 172.204 GC heap before
{Heap before GC invocations=92 (full 25):
 def new generation   total 3201984K, used 2846208K [0x00007fd298600000, 0x00007fd371860000, 0x00007fd7edb50000)
  eden space 2846208K, 100% used [0x00007fd298600000, 0x00007fd346180000, 0x00007fd346180000)
  from space 355776K,   0% used [0x00007fd346180000, 0x00007fd3461801e8, 0x00007fd35bcf0000)
  to   space 355776K,   0% used [0x00007fd35bcf0000, 0x00007fd35bcf0000, 0x00007fd371860000)
 tenured generation   total 7115388K, used 4730238K [0x00007fd7edb50000, 0x00007fd99ffef000, 0x00007fe298600000)
   the space 7115388K,  66% used [0x00007fd7edb50000, 0x00007fd90e6af990, 0x00007fd90e6afa00, 0x00007fd99ffef000)
 Metaspace       used 30114K, capacity 30536K, committed 30720K, reserved 30720K
}
Event: 172.244 GC heap after
{Heap after GC invocations=93 (full 25):
 def new generation   total 3201984K, used 167670K [0x00007fd298600000, 0x00007fd371860000, 0x00007fd7edb50000)
  eden space 2846208K,   0% used [0x00007fd298600000, 0x00007fd298600000, 0x00007fd346180000)
  from space 355776K,  47% used [0x00007fd35bcf0000, 0x00007fd3660adad8, 0x00007fd371860000)
  to   space 355776K,   0% used [0x00007fd346180000, 0x00007fd346180000, 0x00007fd35bcf0000)
 tenured generation   total 7115388K, used 4730238K [0x00007fd7edb50000, 0x00007fd99ffef000, 0x00007fe298600000)
   the space 7115388K,  66% used [0x00007fd7edb50000, 0x00007fd90e6af990, 0x00007fd90e6afa00, 0x00007fd99ffef000)
 Metaspace       used 30114K, capacity 30536K, committed 30720K, reserved 30720K
}
Event: 173.242 GC heap before
{Heap before GC invocations=93 (full 25):
 def new generation   total 3201984K, used 2582401K [0x00007fd298600000, 0x00007fd371860000, 0x00007fd7edb50000)
  eden space 2846208K,  84% used [0x00007fd298600000, 0x00007fd32bc229d8, 0x00007fd346180000)
  from space 355776K,  47% used [0x00007fd35bcf0000, 0x00007fd3660adad8, 0x00007fd371860000)
  to   space 355776K,   0% used [0x00007fd346180000, 0x00007fd346180000, 0x00007fd35bcf0000)
 tenured generation   total 7115388K, used 4730238K [0x00007fd7edb50000, 0x00007fd99ffef000, 0x00007fe298600000)
   the space 7115388K,  66% used [0x00007fd7edb50000, 0x00007fd90e6af990, 0x00007fd90e6afa00, 0x00007fd99ffef000)
 Metaspace       used 30114K, capacity 30536K, committed 30720K, reserved 30720K
}
Event: 173.363 GC heap after
{Heap after GC invocations=94 (full 25):
 def new generation   total 3201984K, used 134893K [0x00007fd298600000, 0x00007fd371860000, 0x00007fd7edb50000)
  eden space 2846208K,   0% used [0x00007fd298600000, 0x00007fd298600000, 0x00007fd346180000)
  from space 355776K,  37% used [0x00007fd346180000, 0x00007fd34e53b640, 0x00007fd35bcf0000)
  to   space 355776K,   0% used [0x00007fd35bcf0000, 0x00007fd35bcf0000, 0x00007fd371860000)
 tenured generation   total 7115388K, used 5778814K [0x00007fd7edb50000, 0x00007fd99ffef000, 0x00007fe298600000)
   the space 7115388K,  81% used [0x00007fd7edb50000, 0x00007fd94e6af9c0, 0x00007fd94e6afa00, 0x00007fd99ffef000)
 Metaspace       used 30114K, capacity 30536K, committed 30720K, reserved 30720K
}
Event: 174.195 GC heap before
{Heap before GC invocations=94 (full 25):
 def new generation   total 3201984K, used 1730861K [0x00007fd298600000, 0x00007fd371860000, 0x00007fd7edb50000)
  eden space 2846208K,  56% used [0x00007fd298600000, 0x00007fd2f9c90150, 0x00007fd346180000)
  from space 355776K,  37% used [0x00007fd346180000, 0x00007fd34e53b640, 0x00007fd35bcf0000)
  to   space 355776K,   0% used [0x00007fd35bcf0000, 0x00007fd35bcf0000, 0x00007fd371860000)
 tenured generation   total 7115388K, used 5778814K [0x00007fd7edb50000, 0x00007fd99ffef000, 0x00007fe298600000)
   the space 7115388K,  81% used [0x00007fd7edb50000, 0x00007fd94e6af9c0, 0x00007fd94e6afa00, 0x00007fd99ffef000)
 Metaspace       used 30114K, capacity 30536K, committed 30720K, reserved 30720K
}
Event: 174.214 GC heap after
{Heap after GC invocations=95 (full 25):
 def new generation   total 3201984K, used 200464K [0x00007fd298600000, 0x00007fd371860000, 0x00007fd7edb50000)
  eden space 2846208K,   0% used [0x00007fd298600000, 0x00007fd298600000, 0x00007fd346180000)
  from space 355776K,  56% used [0x00007fd35bcf0000, 0x00007fd3680b4248, 0x00007fd371860000)
  to   space 355776K,   0% used [0x00007fd346180000, 0x00007fd346180000, 0x00007fd35bcf0000)
 tenured generation   total 7115388K, used 5778814K [0x00007fd7edb50000, 0x00007fd99ffef000, 0x00007fe298600000)
   the space 7115388K,  81% used [0x00007fd7edb50000, 0x00007fd94e6af9c0, 0x00007fd94e6afa00, 0x00007fd99ffef000)
 Metaspace       used 30114K, capacity 30536K, committed 30720K, reserved 30720K
}
Event: 175.324 GC heap before
{Heap before GC invocations=95 (full 25):
 def new generation   total 3201984K, used 2353169K [0x00007fd298600000, 0x00007fd371860000, 0x00007fd7edb50000)
  eden space 2846208K,  75% used [0x00007fd298600000, 0x00007fd31bc40350, 0x00007fd346180000)
  from space 355776K,  56% used [0x00007fd35bcf0000, 0x00007fd3680b4248, 0x00007fd371860000)
  to   space 355776K,   0% used [0x00007fd346180000, 0x00007fd346180000, 0x00007fd35bcf0000)
 tenured generation   total 7115388K, used 5778814K [0x00007fd7edb50000, 0x00007fd99ffef000, 0x00007fe298600000)
   the space 7115388K,  81% used [0x00007fd7edb50000, 0x00007fd94e6af9c0, 0x00007fd94e6afa00, 0x00007fd99ffef000)
 Metaspace       used 30114K, capacity 30536K, committed 30720K, reserved 30720K
}

