# JRE version: OpenJDK Runtime Environment (13.0.7+5) (build 13.0.7+5-Ubuntu-0ubuntu120.04)
# Java VM: OpenJDK 64-Bit Server VM (13.0.7+5-Ubuntu-0ubuntu120.04, mixed mode, tiered, compressed oops, serial gc, linux-amd64)
Heap:
 def new generation   total 2223360K, used 0K [0x0000000080200000, 0x0000000116e80000, 0x0000000300150000)
  eden space 1976320K,   0% used [0x0000000080200000, 0x0000000080200000, 0x00000000f8c00000)
  from space 247040K,   0% used [0x00000000f8c00000, 0x00000000f8c00000, 0x0000000107d40000)
  to   space 247040K,   0% used [0x0000000107d40000, 0x0000000107d40000, 0x0000000116e80000)
 tenured generation   total 4973996K, used 3787828K [0x0000000300150000, 0x000000042fabb000, 0x0000000800000000)
   the space 4973996K,  76% used [0x0000000300150000, 0x00000003e745d318, 0x00000003e745d400, 0x000000042fabb000)
 Metaspace       used 22785K, capacity 23360K, committed 23680K, reserved 1071104K
  class space    used 2354K, capacity 2568K, committed 2688K, reserved 1048576K
GC Heap History (20 events):
Event: 944.552 GC heap after
{Heap after GC invocations=753 (full 24):
 def new generation   total 2223360K, used 236276K [0x0000000080200000, 0x0000000116e80000, 0x0000000300150000)
  eden space 1976320K,   0% used [0x0000000080200000, 0x0000000080200000, 0x00000000f8c00000)
  from space 247040K,  95% used [0x0000000107d40000, 0x00000001163fd1b0, 0x0000000116e80000)
  to   space 247040K,   0% used [0x00000000f8c00000, 0x00000000f8c00000, 0x0000000107d40000)
 tenured generation   total 4940704K, used 4568811K [0x0000000300150000, 0x000000042da38000, 0x0000000800000000)
   the space 4940704K,  92% used [0x0000000300150000, 0x0000000416f0af30, 0x0000000416f0b000, 0x000000042da38000)
 Metaspace       used 22783K, capacity 23360K, committed 23680K, reserved 1071104K
  class space    used 2354K, capacity 2568K, committed 2688K, reserved 1048576K
}
Event: 945.932 GC heap before
{Heap before GC invocations=753 (full 24):
 def new generation   total 2223360K, used 2212596K [0x0000000080200000, 0x0000000116e80000, 0x0000000300150000)
  eden space 1976320K, 100% used [0x0000000080200000, 0x00000000f8c00000, 0x00000000f8c00000)
  from space 247040K,  95% used [0x0000000107d40000, 0x00000001163fd1b0, 0x0000000116e80000)
  to   space 247040K,   0% used [0x00000000f8c00000, 0x00000000f8c00000, 0x0000000107d40000)
 tenured generation   total 4940704K, used 4568811K [0x0000000300150000, 0x000000042da38000, 0x0000000800000000)
   the space 4940704K,  92% used [0x0000000300150000, 0x0000000416f0af30, 0x0000000416f0b000, 0x000000042da38000)
 Metaspace       used 22784K, capacity 23360K, committed 23680K, reserved 1071104K
  class space    used 2354K, capacity 2568K, committed 2688K, reserved 1048576K
}
Event: 945.998 GC heap after
{Heap after GC invocations=754 (full 24):
 def new generation   total 2223360K, used 138538K [0x0000000080200000, 0x0000000116e80000, 0x0000000300150000)
  eden space 1976320K,   0% used [0x0000000080200000, 0x0000000080200000, 0x00000000f8c00000)
  from space 247040K,  56% used [0x00000000f8c00000, 0x000000010134ab88, 0x0000000107d40000)
  to   space 247040K,   0% used [0x0000000107d40000, 0x0000000107d40000, 0x0000000116e80000)
 tenured generation   total 4940704K, used 4570377K [0x0000000300150000, 0x000000042da38000, 0x0000000800000000)
   the space 4940704K,  92% used [0x0000000300150000, 0x0000000417092690, 0x0000000417092800, 0x000000042da38000)
 Metaspace       used 22784K, capacity 23360K, committed 23680K, reserved 1071104K
  class space    used 2354K, capacity 2568K, committed 2688K, reserved 1048576K
}
Event: 947.386 GC heap before
{Heap before GC invocations=754 (full 24):
 def new generation   total 2223360K, used 2114858K [0x0000000080200000, 0x0000000116e80000, 0x0000000300150000)
  eden space 1976320K, 100% used [0x0000000080200000, 0x00000000f8c00000, 0x00000000f8c00000)
  from space 247040K,  56% used [0x00000000f8c00000, 0x000000010134ab88, 0x0000000107d40000)
  to   space 247040K,   0% used [0x0000000107d40000, 0x0000000107d40000, 0x0000000116e80000)
 tenured generation   total 4940704K, used 4570377K [0x0000000300150000, 0x000000042da38000, 0x0000000800000000)
   the space 4940704K,  92% used [0x0000000300150000, 0x0000000417092690, 0x0000000417092800, 0x000000042da38000)
 Metaspace       used 22784K, capacity 23360K, committed 23680K, reserved 1071104K
  class space    used 2354K, capacity 2568K, committed 2688K, reserved 1048576K
}
Event: 947.533 GC heap after
{Heap after GC invocations=755 (full 24):
 def new generation   total 2223360K, used 118136K [0x0000000080200000, 0x0000000116e80000, 0x0000000300150000)
  eden space 1976320K,   0% used [0x0000000080200000, 0x0000000080200000, 0x00000000f8c00000)
  from space 247040K,  47% used [0x0000000107d40000, 0x000000010f09e128, 0x0000000116e80000)
  to   space 247040K,   0% used [0x00000000f8c00000, 0x00000000f8c00000, 0x0000000107d40000)
 tenured generation   total 4940704K, used 4707888K [0x0000000300150000, 0x000000042da38000, 0x0000000800000000)
   the space 4940704K,  95% used [0x0000000300150000, 0x000000041f6dc028, 0x000000041f6dc200, 0x000000042da38000)
 Metaspace       used 22784K, capacity 23360K, committed 23680K, reserved 1071104K
  class space    used 2354K, capacity 2568K, committed 2688K, reserved 1048576K
}
Event: 948.926 GC heap before
{Heap before GC invocations=755 (full 24):
 def new generation   total 2223360K, used 2094456K [0x0000000080200000, 0x0000000116e80000, 0x0000000300150000)
  eden space 1976320K, 100% used [0x0000000080200000, 0x00000000f8c00000, 0x00000000f8c00000)
  from space 247040K,  47% used [0x0000000107d40000, 0x000000010f09e128, 0x0000000116e80000)
  to   space 247040K,   0% used [0x00000000f8c00000, 0x00000000f8c00000, 0x0000000107d40000)
 tenured generation   total 4940704K, used 4707888K [0x0000000300150000, 0x000000042da38000, 0x0000000800000000)
   the space 4940704K,  95% used [0x0000000300150000, 0x000000041f6dc028, 0x000000041f6dc200, 0x000000042da38000)
 Metaspace       used 22784K, capacity 23360K, committed 23680K, reserved 1071104K
  class space    used 2354K, capacity 2568K, committed 2688K, reserved 1048576K
}
Event: 948.979 GC heap after
{Heap after GC invocations=756 (full 24):
 def new generation   total 2223360K, used 127084K [0x0000000080200000, 0x0000000116e80000, 0x0000000300150000)
  eden space 1976320K,   0% used [0x0000000080200000, 0x0000000080200000, 0x00000000f8c00000)
  from space 247040K,  51% used [0x00000000f8c00000, 0x000000010081b150, 0x0000000107d40000)
  to   space 247040K,   0% used [0x0000000107d40000, 0x0000000107d40000, 0x0000000116e80000)
 tenured generation   total 4940704K, used 4707888K [0x0000000300150000, 0x000000042da38000, 0x0000000800000000)
   the space 4940704K,  95% used [0x0000000300150000, 0x000000041f6dc028, 0x000000041f6dc200, 0x000000042da38000)
 Metaspace       used 22784K, capacity 23360K, committed 23680K, reserved 1071104K
  class space    used 2354K, capacity 2568K, committed 2688K, reserved 1048576K
}
Event: 950.382 GC heap before
{Heap before GC invocations=756 (full 24):
 def new generation   total 2223360K, used 2103404K [0x0000000080200000, 0x0000000116e80000, 0x0000000300150000)
  eden space 1976320K, 100% used [0x0000000080200000, 0x00000000f8c00000, 0x00000000f8c00000)
  from space 247040K,  51% used [0x00000000f8c00000, 0x000000010081b150, 0x0000000107d40000)
  to   space 247040K,   0% used [0x0000000107d40000, 0x0000000107d40000, 0x0000000116e80000)
 tenured generation   total 4940704K, used 4707888K [0x0000000300150000, 0x000000042da38000, 0x0000000800000000)
   the space 4940704K,  95% used [0x0000000300150000, 0x000000041f6dc028, 0x000000041f6dc200, 0x000000042da38000)
 Metaspace       used 22784K, capacity 23360K, committed 23680K, reserved 1071104K
  class space    used 2354K, capacity 2568K, committed 2688K, reserved 1048576K
}
Event: 950.500 GC heap after
{Heap after GC invocations=757 (full 24):
 def new generation   total 2223360K, used 229163K [0x0000000080200000, 0x0000000116e80000, 0x0000000300150000)
  eden space 1976320K,   0% used [0x0000000080200000, 0x0000000080200000, 0x00000000f8c00000)
  from space 247040K,  92% used [0x0000000107d40000, 0x0000000115d0ad08, 0x0000000116e80000)
  to   space 247040K,   0% used [0x00000000f8c00000, 0x00000000f8c00000, 0x0000000107d40000)
 tenured generation   total 4940704K, used 4723426K [0x0000000300150000, 0x000000042da38000, 0x0000000800000000)
   the space 4940704K,  95% used [0x0000000300150000, 0x0000000420608898, 0x0000000420608a00, 0x000000042da38000)
 Metaspace       used 22784K, capacity 23360K, committed 23680K, reserved 1071104K
  class space    used 2354K, capacity 2568K, committed 2688K, reserved 1048576K
}
Event: 951.919 GC heap before
{Heap before GC invocations=757 (full 24):
 def new generation   total 2223360K, used 2205483K [0x0000000080200000, 0x0000000116e80000, 0x0000000300150000)
  eden space 1976320K, 100% used [0x0000000080200000, 0x00000000f8c00000, 0x00000000f8c00000)
  from space 247040K,  92% used [0x0000000107d40000, 0x0000000115d0ad08, 0x0000000116e80000)
  to   space 247040K,   0% used [0x00000000f8c00000, 0x00000000f8c00000, 0x0000000107d40000)
 tenured generation   total 4940704K, used 4723426K [0x0000000300150000, 0x000000042da38000, 0x0000000800000000)
   the space 4940704K,  95% used [0x0000000300150000, 0x0000000420608898, 0x0000000420608a00, 0x000000042da38000)
 Metaspace       used 22784K, capacity 23360K, committed 23680K, reserved 1071104K
  class space    used 2354K, capacity 2568K, committed 2688K, reserved 1048576K
}
Event: 951.964 GC heap after
{Heap after GC invocations=758 (full 24):
 def new generation   total 2223360K, used 63931K [0x0000000080200000, 0x0000000116e80000, 0x0000000300150000)
  eden space 1976320K,   0% used [0x0000000080200000, 0x0000000080200000, 0x00000000f8c00000)
  from space 247040K,  25% used [0x00000000f8c00000, 0x00000000fca6ecd8, 0x0000000107d40000)
  to   space 247040K,   0% used [0x0000000107d40000, 0x0000000107d40000, 0x0000000116e80000)
 tenured generation   total 4940704K, used 4753263K [0x0000000300150000, 0x000000042da38000, 0x0000000800000000)
   the space 4940704K,  96% used [0x0000000300150000, 0x000000042232bee0, 0x000000042232c000, 0x000000042da38000)
 Metaspace       used 22784K, capacity 23360K, committed 23680K, reserved 1071104K
  class space    used 2354K, capacity 2568K, committed 2688K, reserved 1048576K
}
Event: 953.481 GC heap before
{Heap before GC invocations=758 (full 24):
 def new generation   total 2223360K, used 2040251K [0x0000000080200000, 0x0000000116e80000, 0x0000000300150000)
  eden space 1976320K, 100% used [0x0000000080200000, 0x00000000f8c00000, 0x00000000f8c00000)
  from space 247040K,  25% used [0x00000000f8c00000, 0x00000000fca6ecd8, 0x0000000107d40000)
  to   space 247040K,   0% used [0x0000000107d40000, 0x0000000107d40000, 0x0000000116e80000)
 tenured generation   total 4940704K, used 4753263K [0x0000000300150000, 0x000000042da38000, 0x0000000800000000)
   the space 4940704K,  96% used [0x0000000300150000, 0x000000042232bee0, 0x000000042232c000, 0x000000042da38000)
 Metaspace       used 22784K, capacity 23360K, committed 23680K, reserved 1071104K
  class space    used 2354K, capacity 2568K, committed 2688K, reserved 1048576K
}
Event: 953.566 GC heap after
{Heap after GC invocations=759 (full 24):
 def new generation   total 2223360K, used 181045K [0x0000000080200000, 0x0000000116e80000, 0x0000000300150000)
  eden space 1976320K,   0% used [0x0000000080200000, 0x0000000080200000, 0x00000000f8c00000)
  from space 247040K,  73% used [0x0000000107d40000, 0x0000000112e0d478, 0x0000000116e80000)
  to   space 247040K,   0% used [0x00000000f8c00000, 0x00000000f8c00000, 0x0000000107d40000)
 tenured generation   total 4940704K, used 4753263K [0x0000000300150000, 0x000000042da38000, 0x0000000800000000)
   the space 4940704K,  96% used [0x0000000300150000, 0x000000042232bee0, 0x000000042232c000, 0x000000042da38000)
 Metaspace       used 22784K, capacity 23360K, committed 23680K, reserved 1071104K
  class space    used 2354K, capacity 2568K, committed 2688K, reserved 1048576K
}
Event: 954.964 GC heap before
{Heap before GC invocations=759 (full 24):
 def new generation   total 2223360K, used 2157365K [0x0000000080200000, 0x0000000116e80000, 0x0000000300150000)
  eden space 1976320K, 100% used [0x0000000080200000, 0x00000000f8c00000, 0x00000000f8c00000)
  from space 247040K,  73% used [0x0000000107d40000, 0x0000000112e0d478, 0x0000000116e80000)
  to   space 247040K,   0% used [0x00000000f8c00000, 0x00000000f8c00000, 0x0000000107d40000)
 tenured generation   total 4940704K, used 4753263K [0x0000000300150000, 0x000000042da38000, 0x0000000800000000)
   the space 4940704K,  96% used [0x0000000300150000, 0x000000042232bee0, 0x000000042232c000, 0x000000042da38000)
 Metaspace       used 22785K, capacity 23360K, committed 23680K, reserved 1071104K
  class space    used 2354K, capacity 2568K, committed 2688K, reserved 1048576K
}
Event: 955.172 GC heap after
{Heap after GC invocations=760 (full 24):
 def new generation   total 2223360K, used 236775K [0x0000000080200000, 0x0000000116e80000, 0x0000000300150000)
  eden space 1976320K,   0% used [0x0000000080200000, 0x0000000080200000, 0x00000000f8c00000)
  from space 247040K,  95% used [0x00000000f8c00000, 0x0000000107339d70, 0x0000000107d40000)
  to   space 247040K,   0% used [0x0000000107d40000, 0x0000000107d40000, 0x0000000116e80000)
 tenured generation   total 4940704K, used 4816166K [0x0000000300150000, 0x000000042da38000, 0x0000000800000000)
   the space 4940704K,  97% used [0x0000000300150000, 0x00000004260999c8, 0x0000000426099a00, 0x000000042da38000)
 Metaspace       used 22785K, capacity 23360K, committed 23680K, reserved 1071104K
  class space    used 2354K, capacity 2568K, committed 2688K, reserved 1048576K
}
Event: 956.556 GC heap before
{Heap before GC invocations=760 (full 24):
 def new generation   total 2223360K, used 2213095K [0x0000000080200000, 0x0000000116e80000, 0x0000000300150000)
  eden space 1976320K, 100% used [0x0000000080200000, 0x00000000f8c00000, 0x00000000f8c00000)
  from space 247040K,  95% used [0x00000000f8c00000, 0x0000000107339d70, 0x0000000107d40000)
  to   space 247040K,   0% used [0x0000000107d40000, 0x0000000107d40000, 0x0000000116e80000)
 tenured generation   total 4940704K, used 4816166K [0x0000000300150000, 0x000000042da38000, 0x0000000800000000)
   the space 4940704K,  97% used [0x0000000300150000, 0x00000004260999c8, 0x0000000426099a00, 0x000000042da38000)
 Metaspace       used 22785K, capacity 23360K, committed 23680K, reserved 1071104K
  class space    used 2354K, capacity 2568K, committed 2688K, reserved 1048576K
}
Event: 956.616 GC heap after
{Heap after GC invocations=761 (full 24):
 def new generation   total 2223360K, used 152536K [0x0000000080200000, 0x0000000116e80000, 0x0000000300150000)
  eden space 1976320K,   0% used [0x0000000080200000, 0x0000000080200000, 0x00000000f8c00000)
  from space 247040K,  61% used [0x0000000107d40000, 0x0000000111236380, 0x0000000116e80000)
  to   space 247040K,   0% used [0x00000000f8c00000, 0x00000000f8c00000, 0x0000000107d40000)
 tenured generation   total 4940704K, used 4821847K [0x0000000300150000, 0x000000042da38000, 0x0000000800000000)
   the space 4940704K,  97% used [0x0000000300150000, 0x0000000426625e08, 0x0000000426626000, 0x000000042da38000)
 Metaspace       used 22785K, capacity 23360K, committed 23680K, reserved 1071104K
  class space    used 2354K, capacity 2568K, committed 2688K, reserved 1048576K
}
Event: 957.999 GC heap before
{Heap before GC invocations=761 (full 24):
 def new generation   total 2223360K, used 2128856K [0x0000000080200000, 0x0000000116e80000, 0x0000000300150000)
  eden space 1976320K, 100% used [0x0000000080200000, 0x00000000f8c00000, 0x00000000f8c00000)
  from space 247040K,  61% used [0x0000000107d40000, 0x0000000111236380, 0x0000000116e80000)
  to   space 247040K,   0% used [0x00000000f8c00000, 0x00000000f8c00000, 0x0000000107d40000)
 tenured generation   total 4940704K, used 4821847K [0x0000000300150000, 0x000000042da38000, 0x0000000800000000)
   the space 4940704K,  97% used [0x0000000300150000, 0x0000000426625e08, 0x0000000426626000, 0x000000042da38000)
 Metaspace       used 22785K, capacity 23360K, committed 23680K, reserved 1071104K
  class space    used 2354K, capacity 2568K, committed 2688K, reserved 1048576K
}
Event: 958.157 GC heap after
{Heap after GC invocations=762 (full 24):
 def new generation   total 2223360K, used 119156K [0x0000000080200000, 0x0000000116e80000, 0x0000000300150000)
  eden space 1976320K,   0% used [0x0000000080200000, 0x0000000080200000, 0x00000000f8c00000)
  from space 247040K,  48% used [0x00000000f8c00000, 0x000000010005d040, 0x0000000107d40000)
  to   space 247040K,   0% used [0x0000000107d40000, 0x0000000107d40000, 0x0000000116e80000)
 tenured generation   total 4973996K, used 4973867K [0x0000000300150000, 0x000000042fabb000, 0x0000000800000000)
   the space 4973996K,  99% used [0x0000000300150000, 0x000000042fa9afb0, 0x000000042fa9b000, 0x000000042fabb000)
 Metaspace       used 22785K, capacity 23360K, committed 23680K, reserved 1071104K
  class space    used 2354K, capacity 2568K, committed 2688K, reserved 1048576K
}
Event: 958.157 GC heap before
{Heap before GC invocations=762 (full 24):
 def new generation   total 2223360K, used 119156K [0x0000000080200000, 0x0000000116e80000, 0x0000000300150000)
  eden space 1976320K,   0% used [0x0000000080200000, 0x0000000080200000, 0x00000000f8c00000)
  from space 247040K,  48% used [0x00000000f8c00000, 0x000000010005d040, 0x0000000107d40000)
  to   space 247040K,   0% used [0x0000000107d40000, 0x0000000107d40000, 0x0000000116e80000)
 tenured generation   total 4973996K, used 4973867K [0x0000000300150000, 0x000000042fabb000, 0x0000000800000000)
   the space 4973996K,  99% used [0x0000000300150000, 0x000000042fa9afb0, 0x000000042fa9b000, 0x000000042fabb000)
 Metaspace       used 22785K, capacity 23360K, committed 23680K, reserved 1071104K
  class space    used 2354K, capacity 2568K, committed 2688K, reserved 1048576K
}

