# JRE version: OpenJDK Runtime Environment (13.0.7+5) (build 13.0.7+5-Ubuntu-0ubuntu120.04)
# Java VM: OpenJDK 64-Bit Server VM (13.0.7+5-Ubuntu-0ubuntu120.04, mixed mode, tiered, serial gc, linux-amd64)
Heap:
 def new generation   total 1572992K, used 0K [0x00007fe53c600000, 0x00007fe5a70c0000, 0x00007fea91b50000)
  eden space 1398272K,   0% used [0x00007fe53c600000, 0x00007fe53c600000, 0x00007fe591b80000)
  from space 174720K,   0% used [0x00007fe59c620000, 0x00007fe59c620000, 0x00007fe5a70c0000)
  to   space 174720K,   0% used [0x00007fe591b80000, 0x00007fe591b80000, 0x00007fe59c620000)
 tenured generation   total 7689608K, used 4203794K [0x00007fea91b50000, 0x00007fec670b2000, 0x00007ff53c600000)
   the space 7689608K,  54% used [0x00007fea91b50000, 0x00007feb92494870, 0x00007feb92494a00, 0x00007fec670b2000)
 Metaspace       used 23272K, capacity 23605K, committed 23808K, reserved 24576K
GC Heap History (20 events):
Event: 5.934 GC heap after
{Heap after GC invocations=2 (full 1):
 def new generation   total 629248K, used 735K [0x00007fe53c600000, 0x00007fe5670c0000, 0x00007fea91b50000)
  eden space 559360K,   0% used [0x00007fe53c600000, 0x00007fe53c600000, 0x00007fe55e840000)
  from space 69888K,   1% used [0x00007fe562c80000, 0x00007fe562d37ef0, 0x00007fe5670c0000)
  to   space 69888K,   0% used [0x00007fe55e840000, 0x00007fe55e840000, 0x00007fe562c80000)
 tenured generation   total 1398144K, used 13585K [0x00007fea91b50000, 0x00007feae70b0000, 0x00007ff53c600000)
   the space 1398144K,   0% used [0x00007fea91b50000, 0x00007fea92894408, 0x00007fea92894600, 0x00007feae70b0000)
 Metaspace       used 23101K, capacity 23518K, committed 23552K, reserved 24576K
}
Event: 7.191 GC heap before
{Heap before GC invocations=2 (full 1):
 def new generation   total 629248K, used 560095K [0x00007fe53c600000, 0x00007fe5670c0000, 0x00007fea91b50000)
  eden space 559360K, 100% used [0x00007fe53c600000, 0x00007fe55e840000, 0x00007fe55e840000)
  from space 69888K,   1% used [0x00007fe562c80000, 0x00007fe562d37ef0, 0x00007fe5670c0000)
  to   space 69888K,   0% used [0x00007fe55e840000, 0x00007fe55e840000, 0x00007fe562c80000)
 tenured generation   total 1398144K, used 13585K [0x00007fea91b50000, 0x00007feae70b0000, 0x00007ff53c600000)
   the space 1398144K,   0% used [0x00007fea91b50000, 0x00007fea92894408, 0x00007fea92894600, 0x00007feae70b0000)
 Metaspace       used 23109K, capacity 23519K, committed 23552K, reserved 24576K
}
Event: 7.195 GC heap after
{Heap after GC invocations=3 (full 1):
 def new generation   total 629248K, used 1120K [0x00007fe53c600000, 0x00007fe5670c0000, 0x00007fea91b50000)
  eden space 559360K,   0% used [0x00007fe53c600000, 0x00007fe53c600000, 0x00007fe55e840000)
  from space 69888K,   1% used [0x00007fe55e840000, 0x00007fe55e9581e8, 0x00007fe562c80000)
  to   space 69888K,   0% used [0x00007fe562c80000, 0x00007fe562c80000, 0x00007fe5670c0000)
 tenured generation   total 1398144K, used 13585K [0x00007fea91b50000, 0x00007feae70b0000, 0x00007ff53c600000)
   the space 1398144K,   0% used [0x00007fea91b50000, 0x00007fea92894408, 0x00007fea92894600, 0x00007feae70b0000)
 Metaspace       used 23109K, capacity 23519K, committed 23552K, reserved 24576K
}
Event: 7.455 GC heap before
{Heap before GC invocations=3 (full 1):
 def new generation   total 629248K, used 62259K [0x00007fe53c600000, 0x00007fe5670c0000, 0x00007fea91b50000)
  eden space 559360K,  10% used [0x00007fe53c600000, 0x00007fe5401b4a40, 0x00007fe55e840000)
  from space 69888K,   1% used [0x00007fe55e840000, 0x00007fe55e9581e8, 0x00007fe562c80000)
  to   space 69888K,   0% used [0x00007fe562c80000, 0x00007fe562c80000, 0x00007fe5670c0000)
 tenured generation   total 1398144K, used 13585K [0x00007fea91b50000, 0x00007feae70b0000, 0x00007ff53c600000)
   the space 1398144K,   0% used [0x00007fea91b50000, 0x00007fea92894408, 0x00007fea92894600, 0x00007feae70b0000)
 Metaspace       used 23269K, capacity 23605K, committed 23808K, reserved 24576K
}
Event: 7.462 GC heap after
{Heap after GC invocations=4 (full 1):
 def new generation   total 629248K, used 2540K [0x00007fe53c600000, 0x00007fe5670c0000, 0x00007fea91b50000)
  eden space 559360K,   0% used [0x00007fe53c600000, 0x00007fe53c600000, 0x00007fe55e840000)
  from space 69888K,   3% used [0x00007fe562c80000, 0x00007fe562efb1b0, 0x00007fe5670c0000)
  to   space 69888K,   0% used [0x00007fe55e840000, 0x00007fe55e840000, 0x00007fe562c80000)
 tenured generation   total 1398144K, used 13585K [0x00007fea91b50000, 0x00007feae70b0000, 0x00007ff53c600000)
   the space 1398144K,   0% used [0x00007fea91b50000, 0x00007fea92894408, 0x00007fea92894600, 0x00007feae70b0000)
 Metaspace       used 23269K, capacity 23605K, committed 23808K, reserved 24576K
}
Event: 7.462 GC heap before
{Heap before GC invocations=4 (full 1):
 def new generation   total 629248K, used 2540K [0x00007fe53c600000, 0x00007fe5670c0000, 0x00007fea91b50000)
  eden space 559360K,   0% used [0x00007fe53c600000, 0x00007fe53c600000, 0x00007fe55e840000)
  from space 69888K,   3% used [0x00007fe562c80000, 0x00007fe562efb1b0, 0x00007fe5670c0000)
  to   space 69888K,   0% used [0x00007fe55e840000, 0x00007fe55e840000, 0x00007fe562c80000)
 tenured generation   total 1398144K, used 13585K [0x00007fea91b50000, 0x00007feae70b0000, 0x00007ff53c600000)
   the space 1398144K,   0% used [0x00007fea91b50000, 0x00007fea92894408, 0x00007fea92894600, 0x00007feae70b0000)
 Metaspace       used 23269K, capacity 23605K, committed 23808K, reserved 24576K
}
Event: 7.515 GC heap after
{Heap after GC invocations=4 (full 2):
 def new generation   total 629248K, used 0K [0x00007fe53c600000, 0x00007fe5670c0000, 0x00007fea91b50000)
  eden space 559360K,   0% used [0x00007fe53c600000, 0x00007fe53c600000, 0x00007fe55e840000)
  from space 69888K,   0% used [0x00007fe562c80000, 0x00007fe562c80000, 0x00007fe5670c0000)
  to   space 69888K,   0% used [0x00007fe55e840000, 0x00007fe55e840000, 0x00007fe562c80000)
 tenured generation   total 1398144K, used 16119K [0x00007fea91b50000, 0x00007feae70b0000, 0x00007ff53c600000)
   the space 1398144K,   1% used [0x00007fea91b50000, 0x00007fea92b0dd38, 0x00007fea92b0de00, 0x00007feae70b0000)
 Metaspace       used 23269K, capacity 23605K, committed 23808K, reserved 24576K
}
Event: 13.615 GC heap before
{Heap before GC invocations=4 (full 2):
 def new generation   total 629248K, used 16683K [0x00007fe53c600000, 0x00007fe5670c0000, 0x00007fea91b50000)
  eden space 559360K,   2% used [0x00007fe53c600000, 0x00007fe53d64adf8, 0x00007fe55e840000)
  from space 69888K,   0% used [0x00007fe562c80000, 0x00007fe562c80000, 0x00007fe5670c0000)
  to   space 69888K,   0% used [0x00007fe55e840000, 0x00007fe55e840000, 0x00007fe562c80000)
 tenured generation   total 3495300K, used 3161847K [0x00007fea91b50000, 0x00007feb670b1000, 0x00007ff53c600000)
   the space 3495300K,  90% used [0x00007fea91b50000, 0x00007feb52b0dd68, 0x00007feb52b0de00, 0x00007feb670b1000)
 Metaspace       used 23272K, capacity 23605K, committed 23808K, reserved 24576K
}
Event: 13.624 GC heap after
{Heap after GC invocations=5 (full 2):
 def new generation   total 629248K, used 1K [0x00007fe53c600000, 0x00007fe5670c0000, 0x00007fea91b50000)
  eden space 559360K,   0% used [0x00007fe53c600000, 0x00007fe53c600000, 0x00007fe55e840000)
  from space 69888K,   0% used [0x00007fe55e840000, 0x00007fe55e840610, 0x00007fe562c80000)
  to   space 69888K,   0% used [0x00007fe562c80000, 0x00007fe562c80000, 0x00007fe5670c0000)
 tenured generation   total 3495300K, used 3161847K [0x00007fea91b50000, 0x00007feb670b1000, 0x00007ff53c600000)
   the space 3495300K,  90% used [0x00007fea91b50000, 0x00007feb52b0dd68, 0x00007feb52b0de00, 0x00007feb670b1000)
 Metaspace       used 23272K, capacity 23605K, committed 23808K, reserved 24576K
}
Event: 13.624 GC heap before
{Heap before GC invocations=5 (full 2):
 def new generation   total 629248K, used 1K [0x00007fe53c600000, 0x00007fe5670c0000, 0x00007fea91b50000)
  eden space 559360K,   0% used [0x00007fe53c600000, 0x00007fe53c600000, 0x00007fe55e840000)
  from space 69888K,   0% used [0x00007fe55e840000, 0x00007fe55e840610, 0x00007fe562c80000)
  to   space 69888K,   0% used [0x00007fe562c80000, 0x00007fe562c80000, 0x00007fe5670c0000)
 tenured generation   total 3495300K, used 3161847K [0x00007fea91b50000, 0x00007feb670b1000, 0x00007ff53c600000)
   the space 3495300K,  90% used [0x00007fea91b50000, 0x00007feb52b0dd68, 0x00007feb52b0de00, 0x00007feb670b1000)
 Metaspace       used 23272K, capacity 23605K, committed 23808K, reserved 24576K
}
Event: 14.405 GC heap after
{Heap after GC invocations=5 (full 3):
 def new generation   total 1572992K, used 0K [0x00007fe53c600000, 0x00007fe5a70c0000, 0x00007fea91b50000)
  eden space 1398272K,   0% used [0x00007fe53c600000, 0x00007fe53c600000, 0x00007fe591b80000)
  from space 174720K,   0% used [0x00007fe591b80000, 0x00007fe591b80000, 0x00007fe59c620000)
  to   space 174720K,   0% used [0x00007fe59c620000, 0x00007fe59c620000, 0x00007fe5a70c0000)
 tenured generation   total 3495300K, used 1064696K [0x00007fea91b50000, 0x00007feb670b1000, 0x00007ff53c600000)
   the space 3495300K,  30% used [0x00007fea91b50000, 0x00007fead2b0e360, 0x00007fead2b0e400, 0x00007feb670b1000)
 Metaspace       used 23272K, capacity 23605K, committed 23808K, reserved 24576K
}
Event: 16.516 GC heap before
{Heap before GC invocations=5 (full 3):
 def new generation   total 1572992K, used 1076297K [0x00007fe53c600000, 0x00007fe5a70c0000, 0x00007fea91b50000)
  eden space 1398272K,  76% used [0x00007fe53c600000, 0x00007fe57e112728, 0x00007fe591b80000)
  from space 174720K,   0% used [0x00007fe591b80000, 0x00007fe591b80000, 0x00007fe59c620000)
  to   space 174720K,   0% used [0x00007fe59c620000, 0x00007fe59c620000, 0x00007fe5a70c0000)
 tenured generation   total 3495300K, used 1064696K [0x00007fea91b50000, 0x00007feb670b1000, 0x00007ff53c600000)
   the space 3495300K,  30% used [0x00007fea91b50000, 0x00007fead2b0e360, 0x00007fead2b0e400, 0x00007feb670b1000)
 Metaspace       used 23272K, capacity 23605K, committed 23808K, reserved 24576K
}
Event: 17.212 GC heap after
{Heap after GC invocations=6 (full 3):
 def new generation   total 1572992K, used 0K [0x00007fe53c600000, 0x00007fe5a70c0000, 0x00007fea91b50000)
  eden space 1398272K,   0% used [0x00007fe53c600000, 0x00007fe53c600000, 0x00007fe591b80000)
  from space 174720K,   0% used [0x00007fe59c620000, 0x00007fe59c620148, 0x00007fe5a70c0000)
  to   space 174720K,   0% used [0x00007fe591b80000, 0x00007fe591b80000, 0x00007fe59c620000)
 tenured generation   total 3495300K, used 2113272K [0x00007fea91b50000, 0x00007feb670b1000, 0x00007ff53c600000)
   the space 3495300K,  60% used [0x00007fea91b50000, 0x00007feb12b0e378, 0x00007feb12b0e400, 0x00007feb670b1000)
 Metaspace       used 23272K, capacity 23605K, committed 23808K, reserved 24576K
}
Event: 18.554 GC heap before
{Heap before GC invocations=6 (full 3):
 def new generation   total 1572992K, used 1076131K [0x00007fe53c600000, 0x00007fe5a70c0000, 0x00007fea91b50000)
  eden space 1398272K,  76% used [0x00007fe53c600000, 0x00007fe57e0e8c30, 0x00007fe591b80000)
  from space 174720K,   0% used [0x00007fe59c620000, 0x00007fe59c620148, 0x00007fe5a70c0000)
  to   space 174720K,   0% used [0x00007fe591b80000, 0x00007fe591b80000, 0x00007fe59c620000)
 tenured generation   total 3495300K, used 2113272K [0x00007fea91b50000, 0x00007feb670b1000, 0x00007ff53c600000)
   the space 3495300K,  60% used [0x00007fea91b50000, 0x00007feb12b0e378, 0x00007feb12b0e400, 0x00007feb670b1000)
 Metaspace       used 23272K, capacity 23605K, committed 23808K, reserved 24576K
}
Event: 19.211 GC heap after
{Heap after GC invocations=7 (full 3):
 def new generation   total 1572992K, used 0K [0x00007fe53c600000, 0x00007fe5a70c0000, 0x00007fea91b50000)
  eden space 1398272K,   0% used [0x00007fe53c600000, 0x00007fe53c600000, 0x00007fe591b80000)
  from space 174720K,   0% used [0x00007fe591b80000, 0x00007fe591b803e0, 0x00007fe59c620000)
  to   space 174720K,   0% used [0x00007fe59c620000, 0x00007fe59c620000, 0x00007fe5a70c0000)
 tenured generation   total 3495300K, used 3161848K [0x00007fea91b50000, 0x00007feb670b1000, 0x00007ff53c600000)
   the space 3495300K,  90% used [0x00007fea91b50000, 0x00007feb52b0e3a8, 0x00007feb52b0e400, 0x00007feb670b1000)
 Metaspace       used 23272K, capacity 23605K, committed 23808K, reserved 24576K
}
Event: 19.211 GC heap before
{Heap before GC invocations=7 (full 3):
 def new generation   total 1572992K, used 0K [0x00007fe53c600000, 0x00007fe5a70c0000, 0x00007fea91b50000)
  eden space 1398272K,   0% used [0x00007fe53c600000, 0x00007fe53c600000, 0x00007fe591b80000)
  from space 174720K,   0% used [0x00007fe591b80000, 0x00007fe591b803e0, 0x00007fe59c620000)
  to   space 174720K,   0% used [0x00007fe59c620000, 0x00007fe59c620000, 0x00007fe5a70c0000)
 tenured generation   total 3495300K, used 3161848K [0x00007fea91b50000, 0x00007feb670b1000, 0x00007ff53c600000)
   the space 3495300K,  90% used [0x00007fea91b50000, 0x00007feb52b0e3a8, 0x00007feb52b0e400, 0x00007feb670b1000)
 Metaspace       used 23272K, capacity 23605K, committed 23808K, reserved 24576K
}
Event: 19.883 GC heap after
{Heap after GC invocations=7 (full 4):
 def new generation   total 1572992K, used 0K [0x00007fe53c600000, 0x00007fe5a70c0000, 0x00007fea91b50000)
  eden space 1398272K,   0% used [0x00007fe53c600000, 0x00007fe53c600000, 0x00007fe591b80000)
  from space 174720K,   0% used [0x00007fe591b80000, 0x00007fe591b80000, 0x00007fe59c620000)
  to   space 174720K,   0% used [0x00007fe59c620000, 0x00007fe59c620000, 0x00007fe5a70c0000)
 tenured generation   total 3495300K, used 1058066K [0x00007fea91b50000, 0x00007feb670b1000, 0x00007ff53c600000)
   the space 3495300K,  30% used [0x00007fea91b50000, 0x00007fead2494980, 0x00007fead2494a00, 0x00007feb670b1000)
 Metaspace       used 23272K, capacity 23605K, committed 23808K, reserved 24576K
}
Event: 37.773 GC heap before
{Heap before GC invocations=7 (full 4):
 def new generation   total 1572992K, used 27448K [0x00007fe53c600000, 0x00007fe5a70c0000, 0x00007fea91b50000)
  eden space 1398272K,   1% used [0x00007fe53c600000, 0x00007fe53e0ce030, 0x00007fe591b80000)
  from space 174720K,   0% used [0x00007fe591b80000, 0x00007fe591b80000, 0x00007fe59c620000)
  to   space 174720K,   0% used [0x00007fe59c620000, 0x00007fe59c620000, 0x00007fe5a70c0000)
 tenured generation   total 7689608K, used 5252370K [0x00007fea91b50000, 0x00007fec670b2000, 0x00007ff53c600000)
   the space 7689608K,  68% used [0x00007fea91b50000, 0x00007febd2494998, 0x00007febd2494a00, 0x00007fec670b2000)
 Metaspace       used 23272K, capacity 23605K, committed 23808K, reserved 24576K
}
Event: 37.802 GC heap after
{Heap after GC invocations=8 (full 4):
 def new generation   total 1572992K, used 0K [0x00007fe53c600000, 0x00007fe5a70c0000, 0x00007fea91b50000)
  eden space 1398272K,   0% used [0x00007fe53c600000, 0x00007fe53c600000, 0x00007fe591b80000)
  from space 174720K,   0% used [0x00007fe59c620000, 0x00007fe59c6201f0, 0x00007fe5a70c0000)
  to   space 174720K,   0% used [0x00007fe591b80000, 0x00007fe591b80000, 0x00007fe59c620000)
 tenured generation   total 7689608K, used 5252370K [0x00007fea91b50000, 0x00007fec670b2000, 0x00007ff53c600000)
   the space 7689608K,  68% used [0x00007fea91b50000, 0x00007febd2494998, 0x00007febd2494a00, 0x00007fec670b2000)
 Metaspace       used 23272K, capacity 23605K, committed 23808K, reserved 24576K
}
Event: 37.802 GC heap before
{Heap before GC invocations=8 (full 4):
 def new generation   total 1572992K, used 0K [0x00007fe53c600000, 0x00007fe5a70c0000, 0x00007fea91b50000)
  eden space 1398272K,   0% used [0x00007fe53c600000, 0x00007fe53c600000, 0x00007fe591b80000)
  from space 174720K,   0% used [0x00007fe59c620000, 0x00007fe59c6201f0, 0x00007fe5a70c0000)
  to   space 174720K,   0% used [0x00007fe591b80000, 0x00007fe591b80000, 0x00007fe59c620000)
 tenured generation   total 7689608K, used 5252370K [0x00007fea91b50000, 0x00007fec670b2000, 0x00007ff53c600000)
   the space 7689608K,  68% used [0x00007fea91b50000, 0x00007febd2494998, 0x00007febd2494a00, 0x00007fec670b2000)
 Metaspace       used 23272K, capacity 23605K, committed 23808K, reserved 24576K
}

