# JRE version: OpenJDK Runtime Environment (13.0.7+5) (build 13.0.7+5-Ubuntu-0ubuntu120.04)
# Java VM: OpenJDK 64-Bit Server VM (13.0.7+5-Ubuntu-0ubuntu120.04, mixed mode, tiered, serial gc, linux-amd64)
Heap:
 def new generation   total 1048832K, used 4529K [0x00007f74c8600000, 0x00007f750f800000, 0x00007f7a1db50000)
  eden space 932352K,   0% used [0x00007f74c8600000, 0x00007f74c8a6c750, 0x00007f7501480000)
  from space 116480K,   0% used [0x00007f7508640000, 0x00007f7508640000, 0x00007f750f800000)
  to   space 116480K,   0% used [0x00007f7501480000, 0x00007f7501480000, 0x00007f7508640000)
 tenured generation   total 2330752K, used 2330751K [0x00007f7a1db50000, 0x00007f7aabf70000, 0x00007f84c8600000)
   the space 2330752K,  99% used [0x00007f7a1db50000, 0x00007f7aabf6ffe8, 0x00007f7aabf70000, 0x00007f7aabf70000)
 Metaspace       used 24341K, capacity 24757K, committed 24832K, reserved 26624K
GC Heap History (20 events):
Event: 3469.549 GC heap after
{Heap after GC invocations=13740 (full 2):
 def new generation   total 1048832K, used 4824K [0x00007f74c8600000, 0x00007f750f800000, 0x00007f7a1db50000)
  eden space 932352K,   0% used [0x00007f74c8600000, 0x00007f74c8600000, 0x00007f7501480000)
  from space 116480K,   4% used [0x00007f7501480000, 0x00007f75019362c0, 0x00007f7508640000)
  to   space 116480K,   0% used [0x00007f7508640000, 0x00007f7508640000, 0x00007f750f800000)
 tenured generation   total 2330560K, used 2327966K [0x00007f7a1db50000, 0x00007f7aabf40000, 0x00007f84c8600000)
   the space 2330560K,  99% used [0x00007f7a1db50000, 0x00007f7aabcb7ab0, 0x00007f7aabcb7c00, 0x00007f7aabf40000)
 Metaspace       used 24341K, capacity 24757K, committed 24832K, reserved 26624K
}
Event: 3469.896 GC heap before
{Heap before GC invocations=13740 (full 2):
 def new generation   total 1048832K, used 937176K [0x00007f74c8600000, 0x00007f750f800000, 0x00007f7a1db50000)
  eden space 932352K, 100% used [0x00007f74c8600000, 0x00007f7501480000, 0x00007f7501480000)
  from space 116480K,   4% used [0x00007f7501480000, 0x00007f75019362c0, 0x00007f7508640000)
  to   space 116480K,   0% used [0x00007f7508640000, 0x00007f7508640000, 0x00007f750f800000)
 tenured generation   total 2330560K, used 2327966K [0x00007f7a1db50000, 0x00007f7aabf40000, 0x00007f84c8600000)
   the space 2330560K,  99% used [0x00007f7a1db50000, 0x00007f7aabcb7ab0, 0x00007f7aabcb7c00, 0x00007f7aabf40000)
 Metaspace       used 24341K, capacity 24757K, committed 24832K, reserved 26624K
}
Event: 3469.899 GC heap after
{Heap after GC invocations=13741 (full 2):
 def new generation   total 1048832K, used 4949K [0x00007f74c8600000, 0x00007f750f800000, 0x00007f7a1db50000)
  eden space 932352K,   0% used [0x00007f74c8600000, 0x00007f74c8600000, 0x00007f7501480000)
  from space 116480K,   4% used [0x00007f7508640000, 0x00007f7508b157e8, 0x00007f750f800000)
  to   space 116480K,   0% used [0x00007f7501480000, 0x00007f7501480000, 0x00007f7508640000)
 tenured generation   total 2330560K, used 2328169K [0x00007f7a1db50000, 0x00007f7aabf40000, 0x00007f84c8600000)
   the space 2330560K,  99% used [0x00007f7a1db50000, 0x00007f7aabcea6e0, 0x00007f7aabcea800, 0x00007f7aabf40000)
 Metaspace       used 24341K, capacity 24757K, committed 24832K, reserved 26624K
}
Event: 3470.247 GC heap before
{Heap before GC invocations=13741 (full 2):
 def new generation   total 1048832K, used 937301K [0x00007f74c8600000, 0x00007f750f800000, 0x00007f7a1db50000)
  eden space 932352K, 100% used [0x00007f74c8600000, 0x00007f7501480000, 0x00007f7501480000)
  from space 116480K,   4% used [0x00007f7508640000, 0x00007f7508b157e8, 0x00007f750f800000)
  to   space 116480K,   0% used [0x00007f7501480000, 0x00007f7501480000, 0x00007f7508640000)
 tenured generation   total 2330560K, used 2328169K [0x00007f7a1db50000, 0x00007f7aabf40000, 0x00007f84c8600000)
   the space 2330560K,  99% used [0x00007f7a1db50000, 0x00007f7aabcea6e0, 0x00007f7aabcea800, 0x00007f7aabf40000)
 Metaspace       used 24341K, capacity 24757K, committed 24832K, reserved 26624K
}
Event: 3470.251 GC heap after
{Heap after GC invocations=13742 (full 2):
 def new generation   total 1048832K, used 5067K [0x00007f74c8600000, 0x00007f750f800000, 0x00007f7a1db50000)
  eden space 932352K,   0% used [0x00007f74c8600000, 0x00007f74c8600000, 0x00007f7501480000)
  from space 116480K,   4% used [0x00007f7501480000, 0x00007f7501972eb8, 0x00007f7508640000)
  to   space 116480K,   0% used [0x00007f7508640000, 0x00007f7508640000, 0x00007f750f800000)
 tenured generation   total 2330560K, used 2328412K [0x00007f7a1db50000, 0x00007f7aabf40000, 0x00007f84c8600000)
   the space 2330560K,  99% used [0x00007f7a1db50000, 0x00007f7aabd271c0, 0x00007f7aabd27200, 0x00007f7aabf40000)
 Metaspace       used 24341K, capacity 24757K, committed 24832K, reserved 26624K
}
Event: 3470.599 GC heap before
{Heap before GC invocations=13742 (full 2):
 def new generation   total 1048832K, used 937419K [0x00007f74c8600000, 0x00007f750f800000, 0x00007f7a1db50000)
  eden space 932352K, 100% used [0x00007f74c8600000, 0x00007f7501480000, 0x00007f7501480000)
  from space 116480K,   4% used [0x00007f7501480000, 0x00007f7501972eb8, 0x00007f7508640000)
  to   space 116480K,   0% used [0x00007f7508640000, 0x00007f7508640000, 0x00007f750f800000)
 tenured generation   total 2330560K, used 2328412K [0x00007f7a1db50000, 0x00007f7aabf40000, 0x00007f84c8600000)
   the space 2330560K,  99% used [0x00007f7a1db50000, 0x00007f7aabd271c0, 0x00007f7aabd27200, 0x00007f7aabf40000)
 Metaspace       used 24341K, capacity 24757K, committed 24832K, reserved 26624K
}
Event: 3470.603 GC heap after
{Heap after GC invocations=13743 (full 2):
 def new generation   total 1048832K, used 5180K [0x00007f74c8600000, 0x00007f750f800000, 0x00007f7a1db50000)
  eden space 932352K,   0% used [0x00007f74c8600000, 0x00007f74c8600000, 0x00007f7501480000)
  from space 116480K,   4% used [0x00007f7508640000, 0x00007f7508b4f3b8, 0x00007f750f800000)
  to   space 116480K,   0% used [0x00007f7501480000, 0x00007f7501480000, 0x00007f7508640000)
 tenured generation   total 2330560K, used 2328674K [0x00007f7a1db50000, 0x00007f7aabf40000, 0x00007f84c8600000)
   the space 2330560K,  99% used [0x00007f7a1db50000, 0x00007f7aabd68a48, 0x00007f7aabd68c00, 0x00007f7aabf40000)
 Metaspace       used 24341K, capacity 24757K, committed 24832K, reserved 26624K
}
Event: 3470.948 GC heap before
{Heap before GC invocations=13743 (full 2):
 def new generation   total 1048832K, used 937532K [0x00007f74c8600000, 0x00007f750f800000, 0x00007f7a1db50000)
  eden space 932352K, 100% used [0x00007f74c8600000, 0x00007f7501480000, 0x00007f7501480000)
  from space 116480K,   4% used [0x00007f7508640000, 0x00007f7508b4f3b8, 0x00007f750f800000)
  to   space 116480K,   0% used [0x00007f7501480000, 0x00007f7501480000, 0x00007f7508640000)
 tenured generation   total 2330560K, used 2328674K [0x00007f7a1db50000, 0x00007f7aabf40000, 0x00007f84c8600000)
   the space 2330560K,  99% used [0x00007f7a1db50000, 0x00007f7aabd68a48, 0x00007f7aabd68c00, 0x00007f7aabf40000)
 Metaspace       used 24341K, capacity 24757K, committed 24832K, reserved 26624K
}
Event: 3470.952 GC heap after
{Heap after GC invocations=13744 (full 2):
 def new generation   total 1048832K, used 5276K [0x00007f74c8600000, 0x00007f750f800000, 0x00007f7a1db50000)
  eden space 932352K,   0% used [0x00007f74c8600000, 0x00007f74c8600000, 0x00007f7501480000)
  from space 116480K,   4% used [0x00007f7501480000, 0x00007f75019a7390, 0x00007f7508640000)
  to   space 116480K,   0% used [0x00007f7508640000, 0x00007f7508640000, 0x00007f750f800000)
 tenured generation   total 2330560K, used 2328936K [0x00007f7a1db50000, 0x00007f7aabf40000, 0x00007f84c8600000)
   the space 2330560K,  99% used [0x00007f7a1db50000, 0x00007f7aabdaa2d0, 0x00007f7aabdaa400, 0x00007f7aabf40000)
 Metaspace       used 24341K, capacity 24757K, committed 24832K, reserved 26624K
}
Event: 3471.299 GC heap before
{Heap before GC invocations=13744 (full 2):
 def new generation   total 1048832K, used 937628K [0x00007f74c8600000, 0x00007f750f800000, 0x00007f7a1db50000)
  eden space 932352K, 100% used [0x00007f74c8600000, 0x00007f7501480000, 0x00007f7501480000)
  from space 116480K,   4% used [0x00007f7501480000, 0x00007f75019a7390, 0x00007f7508640000)
  to   space 116480K,   0% used [0x00007f7508640000, 0x00007f7508640000, 0x00007f750f800000)
 tenured generation   total 2330560K, used 2328936K [0x00007f7a1db50000, 0x00007f7aabf40000, 0x00007f84c8600000)
   the space 2330560K,  99% used [0x00007f7a1db50000, 0x00007f7aabdaa2d0, 0x00007f7aabdaa400, 0x00007f7aabf40000)
 Metaspace       used 24341K, capacity 24757K, committed 24832K, reserved 26624K
}
Event: 3471.303 GC heap after
{Heap after GC invocations=13745 (full 2):
 def new generation   total 1048832K, used 5330K [0x00007f74c8600000, 0x00007f750f800000, 0x00007f7a1db50000)
  eden space 932352K,   0% used [0x00007f74c8600000, 0x00007f74c8600000, 0x00007f7501480000)
  from space 116480K,   4% used [0x00007f7508640000, 0x00007f7508b749a8, 0x00007f750f800000)
  to   space 116480K,   0% used [0x00007f7501480000, 0x00007f7501480000, 0x00007f7508640000)
 tenured generation   total 2330560K, used 2329210K [0x00007f7a1db50000, 0x00007f7aabf40000, 0x00007f84c8600000)
   the space 2330560K,  99% used [0x00007f7a1db50000, 0x00007f7aabdeeb70, 0x00007f7aabdeec00, 0x00007f7aabf40000)
 Metaspace       used 24341K, capacity 24757K, committed 24832K, reserved 26624K
}
Event: 3471.647 GC heap before
{Heap before GC invocations=13745 (full 2):
 def new generation   total 1048832K, used 937682K [0x00007f74c8600000, 0x00007f750f800000, 0x00007f7a1db50000)
  eden space 932352K, 100% used [0x00007f74c8600000, 0x00007f7501480000, 0x00007f7501480000)
  from space 116480K,   4% used [0x00007f7508640000, 0x00007f7508b749a8, 0x00007f750f800000)
  to   space 116480K,   0% used [0x00007f7501480000, 0x00007f7501480000, 0x00007f7508640000)
 tenured generation   total 2330560K, used 2329210K [0x00007f7a1db50000, 0x00007f7aabf40000, 0x00007f84c8600000)
   the space 2330560K,  99% used [0x00007f7a1db50000, 0x00007f7aabdeeb70, 0x00007f7aabdeec00, 0x00007f7aabf40000)
 Metaspace       used 24341K, capacity 24757K, committed 24832K, reserved 26624K
}
Event: 3471.651 GC heap after
{Heap after GC invocations=13746 (full 2):
 def new generation   total 1048832K, used 5376K [0x00007f74c8600000, 0x00007f750f800000, 0x00007f7a1db50000)
  eden space 932352K,   0% used [0x00007f74c8600000, 0x00007f74c8600000, 0x00007f7501480000)
  from space 116480K,   4% used [0x00007f7501480000, 0x00007f75019c01e8, 0x00007f7508640000)
  to   space 116480K,   0% used [0x00007f7508640000, 0x00007f7508640000, 0x00007f750f800000)
 tenured generation   total 2330560K, used 2329559K [0x00007f7a1db50000, 0x00007f7aabf40000, 0x00007f84c8600000)
   the space 2330560K,  99% used [0x00007f7a1db50000, 0x00007f7aabe45d80, 0x00007f7aabe45e00, 0x00007f7aabf40000)
 Metaspace       used 24341K, capacity 24757K, committed 24832K, reserved 26624K
}
Event: 3472.005 GC heap before
{Heap before GC invocations=13746 (full 2):
 def new generation   total 1048832K, used 937728K [0x00007f74c8600000, 0x00007f750f800000, 0x00007f7a1db50000)
  eden space 932352K, 100% used [0x00007f74c8600000, 0x00007f7501480000, 0x00007f7501480000)
  from space 116480K,   4% used [0x00007f7501480000, 0x00007f75019c01e8, 0x00007f7508640000)
  to   space 116480K,   0% used [0x00007f7508640000, 0x00007f7508640000, 0x00007f750f800000)
 tenured generation   total 2330560K, used 2329559K [0x00007f7a1db50000, 0x00007f7aabf40000, 0x00007f84c8600000)
   the space 2330560K,  99% used [0x00007f7a1db50000, 0x00007f7aabe45d80, 0x00007f7aabe45e00, 0x00007f7aabf40000)
 Metaspace       used 24341K, capacity 24757K, committed 24832K, reserved 26624K
}
Event: 3472.009 GC heap after
{Heap after GC invocations=13747 (full 2):
 def new generation   total 1048832K, used 5132K [0x00007f74c8600000, 0x00007f750f800000, 0x00007f7a1db50000)
  eden space 932352K,   0% used [0x00007f74c8600000, 0x00007f74c8600000, 0x00007f7501480000)
  from space 116480K,   4% used [0x00007f7508640000, 0x00007f7508b43110, 0x00007f750f800000)
  to   space 116480K,   0% used [0x00007f7501480000, 0x00007f7501480000, 0x00007f7508640000)
 tenured generation   total 2330560K, used 2329919K [0x00007f7a1db50000, 0x00007f7aabf40000, 0x00007f84c8600000)
   the space 2330560K,  99% used [0x00007f7a1db50000, 0x00007f7aabe9fe10, 0x00007f7aabea0000, 0x00007f7aabf40000)
 Metaspace       used 24341K, capacity 24757K, committed 24832K, reserved 26624K
}
Event: 3472.360 GC heap before
{Heap before GC invocations=13747 (full 2):
 def new generation   total 1048832K, used 937484K [0x00007f74c8600000, 0x00007f750f800000, 0x00007f7a1db50000)
  eden space 932352K, 100% used [0x00007f74c8600000, 0x00007f7501480000, 0x00007f7501480000)
  from space 116480K,   4% used [0x00007f7508640000, 0x00007f7508b43110, 0x00007f750f800000)
  to   space 116480K,   0% used [0x00007f7501480000, 0x00007f7501480000, 0x00007f7508640000)
 tenured generation   total 2330560K, used 2329919K [0x00007f7a1db50000, 0x00007f7aabf40000, 0x00007f84c8600000)
   the space 2330560K,  99% used [0x00007f7a1db50000, 0x00007f7aabe9fe10, 0x00007f7aabea0000, 0x00007f7aabf40000)
 Metaspace       used 24341K, capacity 24757K, committed 24832K, reserved 26624K
}
Event: 3472.364 GC heap after
{Heap after GC invocations=13748 (full 2):
 def new generation   total 1048832K, used 4886K [0x00007f74c8600000, 0x00007f750f800000, 0x00007f7a1db50000)
  eden space 932352K,   0% used [0x00007f74c8600000, 0x00007f74c8600000, 0x00007f7501480000)
  from space 116480K,   4% used [0x00007f7501480000, 0x00007f7501945b40, 0x00007f7508640000)
  to   space 116480K,   0% used [0x00007f7508640000, 0x00007f7508640000, 0x00007f750f800000)
 tenured generation   total 2330560K, used 2330279K [0x00007f7a1db50000, 0x00007f7aabf40000, 0x00007f84c8600000)
   the space 2330560K,  99% used [0x00007f7a1db50000, 0x00007f7aabef9fc0, 0x00007f7aabefa000, 0x00007f7aabf40000)
 Metaspace       used 24341K, capacity 24757K, committed 24832K, reserved 26624K
}
Event: 3472.712 GC heap before
{Heap before GC invocations=13748 (full 2):
 def new generation   total 1048832K, used 937238K [0x00007f74c8600000, 0x00007f750f800000, 0x00007f7a1db50000)
  eden space 932352K, 100% used [0x00007f74c8600000, 0x00007f7501480000, 0x00007f7501480000)
  from space 116480K,   4% used [0x00007f7501480000, 0x00007f7501945b40, 0x00007f7508640000)
  to   space 116480K,   0% used [0x00007f7508640000, 0x00007f7508640000, 0x00007f750f800000)
 tenured generation   total 2330560K, used 2330279K [0x00007f7a1db50000, 0x00007f7aabf40000, 0x00007f84c8600000)
   the space 2330560K,  99% used [0x00007f7a1db50000, 0x00007f7aabef9fc0, 0x00007f7aabefa000, 0x00007f7aabf40000)
 Metaspace       used 24341K, capacity 24757K, committed 24832K, reserved 26624K
}
Event: 3472.716 GC heap after
{Heap after GC invocations=13749 (full 2):
 def new generation   total 1048832K, used 4669K [0x00007f74c8600000, 0x00007f750f800000, 0x00007f7a1db50000)
  eden space 932352K,   0% used [0x00007f74c8600000, 0x00007f74c8600000, 0x00007f7501480000)
  from space 116480K,   4% used [0x00007f7508640000, 0x00007f7508acf730, 0x00007f750f800000)
  to   space 116480K,   0% used [0x00007f7501480000, 0x00007f7501480000, 0x00007f7508640000)
 tenured generation   total 2330752K, used 2330620K [0x00007f7a1db50000, 0x00007f7aabf70000, 0x00007f84c8600000)
   the space 2330752K,  99% used [0x00007f7a1db50000, 0x00007f7aabf4f278, 0x00007f7aabf4f400, 0x00007f7aabf70000)
 Metaspace       used 24341K, capacity 24757K, committed 24832K, reserved 26624K
}
Event: 3472.716 GC heap before
{Heap before GC invocations=13749 (full 2):
 def new generation   total 1048832K, used 4669K [0x00007f74c8600000, 0x00007f750f800000, 0x00007f7a1db50000)
  eden space 932352K,   0% used [0x00007f74c8600000, 0x00007f74c8600000, 0x00007f7501480000)
  from space 116480K,   4% used [0x00007f7508640000, 0x00007f7508acf730, 0x00007f750f800000)
  to   space 116480K,   0% used [0x00007f7501480000, 0x00007f7501480000, 0x00007f7508640000)
 tenured generation   total 2330752K, used 2330620K [0x00007f7a1db50000, 0x00007f7aabf70000, 0x00007f84c8600000)
   the space 2330752K,  99% used [0x00007f7a1db50000, 0x00007f7aabf4f278, 0x00007f7aabf4f400, 0x00007f7aabf70000)
 Metaspace       used 24341K, capacity 24757K, committed 24832K, reserved 26624K
}

