# JRE version: OpenJDK Runtime Environment (13.0.7+5) (build 13.0.7+5-Ubuntu-0ubuntu120.04)
# Java VM: OpenJDK 64-Bit Server VM (13.0.7+5-Ubuntu-0ubuntu120.04, mixed mode, tiered, serial gc, linux-amd64)
Heap:
 def new generation   total 9983168K, used 0K [0x00007f34f0600000, 0x00007f3795660000, 0x00007f3a45b50000)
  eden space 8873984K,   0% used [0x00007f34f0600000, 0x00007f34f0600000, 0x00007f370e000000)
  from space 1109184K,   0% used [0x00007f370e000000, 0x00007f370e000000, 0x00007f3751b30000)
  to   space 1109184K,   0% used [0x00007f3751b30000, 0x00007f3751b30000, 0x00007f3795660000)
 tenured generation   total 22328580K, used 21278948K [0x00007f3a45b50000, 0x00007f3f98891000, 0x00007f44f0600000)
   the space 22328580K,  95% used [0x00007f3a45b50000, 0x00007f3f58789288, 0x00007f3f58789400, 0x00007f3f98891000)
 Metaspace       used 30532K, capacity 30914K, committed 31232K, reserved 32768K
GC Heap History (20 events):
Event: 1362.656 GC heap after
{Heap after GC invocations=33 (full 7):
 def new generation   total 9983168K, used 665947K [0x00007f34f0600000, 0x00007f3795660000, 0x00007f3a45b50000)
  eden space 8873984K,   0% used [0x00007f34f0600000, 0x00007f34f0600000, 0x00007f370e000000)
  from space 1109184K,  60% used [0x00007f3751b30000, 0x00007f377a586f20, 0x00007f3795660000)
  to   space 1109184K,   0% used [0x00007f370e000000, 0x00007f370e000000, 0x00007f3751b30000)
 tenured generation   total 22184580K, used 16079520K [0x00007f3a45b50000, 0x00007f3f8fbf1000, 0x00007f44f0600000)
   the space 22184580K,  72% used [0x00007f3a45b50000, 0x00007f3e1b1f80c0, 0x00007f3e1b1f8200, 0x00007f3f8fbf1000)
 Metaspace       used 30532K, capacity 30914K, committed 31232K, reserved 32768K
}
Event: 1365.416 GC heap before
{Heap before GC invocations=33 (full 7):
 def new generation   total 9983168K, used 9539931K [0x00007f34f0600000, 0x00007f3795660000, 0x00007f3a45b50000)
  eden space 8873984K, 100% used [0x00007f34f0600000, 0x00007f370e000000, 0x00007f370e000000)
  from space 1109184K,  60% used [0x00007f3751b30000, 0x00007f377a586f20, 0x00007f3795660000)
  to   space 1109184K,   0% used [0x00007f370e000000, 0x00007f370e000000, 0x00007f3751b30000)
 tenured generation   total 22184580K, used 16079520K [0x00007f3a45b50000, 0x00007f3f8fbf1000, 0x00007f44f0600000)
   the space 22184580K,  72% used [0x00007f3a45b50000, 0x00007f3e1b1f80c0, 0x00007f3e1b1f8200, 0x00007f3f8fbf1000)
 Metaspace       used 30532K, capacity 30914K, committed 31232K, reserved 32768K
}
Event: 1367.580 GC heap after
{Heap after GC invocations=34 (full 7):
 def new generation   total 9983168K, used 680508K [0x00007f34f0600000, 0x00007f3795660000, 0x00007f3a45b50000)
  eden space 8873984K,   0% used [0x00007f34f0600000, 0x00007f34f0600000, 0x00007f370e000000)
  from space 1109184K,  61% used [0x00007f370e000000, 0x00007f373788f370, 0x00007f3751b30000)
  to   space 1109184K,   0% used [0x00007f3751b30000, 0x00007f3751b30000, 0x00007f3795660000)
 tenured generation   total 22184580K, used 16745467K [0x00007f3a45b50000, 0x00007f3f8fbf1000, 0x00007f44f0600000)
   the space 22184580K,  75% used [0x00007f3a45b50000, 0x00007f3e43c4ef00, 0x00007f3e43c4f000, 0x00007f3f8fbf1000)
 Metaspace       used 30532K, capacity 30914K, committed 31232K, reserved 32768K
}
Event: 1370.569 GC heap before
{Heap before GC invocations=34 (full 7):
 def new generation   total 9983168K, used 9554492K [0x00007f34f0600000, 0x00007f3795660000, 0x00007f3a45b50000)
  eden space 8873984K, 100% used [0x00007f34f0600000, 0x00007f370e000000, 0x00007f370e000000)
  from space 1109184K,  61% used [0x00007f370e000000, 0x00007f373788f370, 0x00007f3751b30000)
  to   space 1109184K,   0% used [0x00007f3751b30000, 0x00007f3751b30000, 0x00007f3795660000)
 tenured generation   total 22184580K, used 16745467K [0x00007f3a45b50000, 0x00007f3f8fbf1000, 0x00007f44f0600000)
   the space 22184580K,  75% used [0x00007f3a45b50000, 0x00007f3e43c4ef00, 0x00007f3e43c4f000, 0x00007f3f8fbf1000)
 Metaspace       used 30532K, capacity 30914K, committed 31232K, reserved 32768K
}
Event: 1372.867 GC heap after
{Heap after GC invocations=35 (full 7):
 def new generation   total 9983168K, used 693736K [0x00007f34f0600000, 0x00007f3795660000, 0x00007f3a45b50000)
  eden space 8873984K,   0% used [0x00007f34f0600000, 0x00007f34f0600000, 0x00007f370e000000)
  from space 1109184K,  62% used [0x00007f3751b30000, 0x00007f377c0aa1e0, 0x00007f3795660000)
  to   space 1109184K,   0% used [0x00007f370e000000, 0x00007f370e000000, 0x00007f3751b30000)
 tenured generation   total 22184580K, used 17425976K [0x00007f3a45b50000, 0x00007f3f8fbf1000, 0x00007f44f0600000)
   the space 22184580K,  78% used [0x00007f3a45b50000, 0x00007f3e6d4de1d0, 0x00007f3e6d4de200, 0x00007f3f8fbf1000)
 Metaspace       used 30532K, capacity 30914K, committed 31232K, reserved 32768K
}
Event: 1375.887 GC heap before
{Heap before GC invocations=35 (full 7):
 def new generation   total 9983168K, used 9567720K [0x00007f34f0600000, 0x00007f3795660000, 0x00007f3a45b50000)
  eden space 8873984K, 100% used [0x00007f34f0600000, 0x00007f370e000000, 0x00007f370e000000)
  from space 1109184K,  62% used [0x00007f3751b30000, 0x00007f377c0aa1e0, 0x00007f3795660000)
  to   space 1109184K,   0% used [0x00007f370e000000, 0x00007f370e000000, 0x00007f3751b30000)
 tenured generation   total 22184580K, used 17425976K [0x00007f3a45b50000, 0x00007f3f8fbf1000, 0x00007f44f0600000)
   the space 22184580K,  78% used [0x00007f3a45b50000, 0x00007f3e6d4de1d0, 0x00007f3e6d4de200, 0x00007f3f8fbf1000)
 Metaspace       used 30532K, capacity 30914K, committed 31232K, reserved 32768K
}
Event: 1378.311 GC heap after
{Heap after GC invocations=36 (full 7):
 def new generation   total 9983168K, used 712927K [0x00007f34f0600000, 0x00007f3795660000, 0x00007f3a45b50000)
  eden space 8873984K,   0% used [0x00007f34f0600000, 0x00007f34f0600000, 0x00007f370e000000)
  from space 1109184K,  64% used [0x00007f370e000000, 0x00007f3739837c90, 0x00007f3751b30000)
  to   space 1109184K,   0% used [0x00007f3751b30000, 0x00007f3751b30000, 0x00007f3795660000)
 tenured generation   total 22184580K, used 18119712K [0x00007f3a45b50000, 0x00007f3f8fbf1000, 0x00007f44f0600000)
   the space 22184580K,  81% used [0x00007f3a45b50000, 0x00007f3e97a580e0, 0x00007f3e97a58200, 0x00007f3f8fbf1000)
 Metaspace       used 30532K, capacity 30914K, committed 31232K, reserved 32768K
}
Event: 1381.081 GC heap before
{Heap before GC invocations=36 (full 7):
 def new generation   total 9983168K, used 9586911K [0x00007f34f0600000, 0x00007f3795660000, 0x00007f3a45b50000)
  eden space 8873984K, 100% used [0x00007f34f0600000, 0x00007f370e000000, 0x00007f370e000000)
  from space 1109184K,  64% used [0x00007f370e000000, 0x00007f3739837c90, 0x00007f3751b30000)
  to   space 1109184K,   0% used [0x00007f3751b30000, 0x00007f3751b30000, 0x00007f3795660000)
 tenured generation   total 22184580K, used 18119712K [0x00007f3a45b50000, 0x00007f3f8fbf1000, 0x00007f44f0600000)
   the space 22184580K,  81% used [0x00007f3a45b50000, 0x00007f3e97a580e0, 0x00007f3e97a58200, 0x00007f3f8fbf1000)
 Metaspace       used 30532K, capacity 30914K, committed 31232K, reserved 32768K
}
Event: 1383.652 GC heap after
{Heap after GC invocations=37 (full 7):
 def new generation   total 9983168K, used 754635K [0x00007f34f0600000, 0x00007f3795660000, 0x00007f3a45b50000)
  eden space 8873984K,   0% used [0x00007f34f0600000, 0x00007f34f0600000, 0x00007f370e000000)
  from space 1109184K,  68% used [0x00007f3751b30000, 0x00007f377fc22e40, 0x00007f3795660000)
  to   space 1109184K,   0% used [0x00007f370e000000, 0x00007f370e000000, 0x00007f3751b30000)
 tenured generation   total 22184580K, used 18832638K [0x00007f3a45b50000, 0x00007f3f8fbf1000, 0x00007f44f0600000)
   the space 22184580K,  84% used [0x00007f3a45b50000, 0x00007f3ec328fb70, 0x00007f3ec328fc00, 0x00007f3f8fbf1000)
 Metaspace       used 30532K, capacity 30914K, committed 31232K, reserved 32768K
}
Event: 1386.372 GC heap before
{Heap before GC invocations=37 (full 7):
 def new generation   total 9983168K, used 9628619K [0x00007f34f0600000, 0x00007f3795660000, 0x00007f3a45b50000)
  eden space 8873984K, 100% used [0x00007f34f0600000, 0x00007f370e000000, 0x00007f370e000000)
  from space 1109184K,  68% used [0x00007f3751b30000, 0x00007f377fc22e40, 0x00007f3795660000)
  to   space 1109184K,   0% used [0x00007f370e000000, 0x00007f370e000000, 0x00007f3751b30000)
 tenured generation   total 22184580K, used 18832638K [0x00007f3a45b50000, 0x00007f3f8fbf1000, 0x00007f44f0600000)
   the space 22184580K,  84% used [0x00007f3a45b50000, 0x00007f3ec328fb70, 0x00007f3ec328fc00, 0x00007f3f8fbf1000)
 Metaspace       used 30532K, capacity 30914K, committed 31232K, reserved 32768K
}
Event: 1388.734 GC heap after
{Heap after GC invocations=38 (full 7):
 def new generation   total 9983168K, used 703285K [0x00007f34f0600000, 0x00007f3795660000, 0x00007f3a45b50000)
  eden space 8873984K,   0% used [0x00007f34f0600000, 0x00007f34f0600000, 0x00007f370e000000)
  from space 1109184K,  63% used [0x00007f370e000000, 0x00007f3738ecd6c0, 0x00007f3751b30000)
  to   space 1109184K,   0% used [0x00007f3751b30000, 0x00007f3751b30000, 0x00007f3795660000)
 tenured generation   total 22184580K, used 19587273K [0x00007f3a45b50000, 0x00007f3f8fbf1000, 0x00007f44f0600000)
   the space 22184580K,  88% used [0x00007f3a45b50000, 0x00007f3ef13825b0, 0x00007f3ef1382600, 0x00007f3f8fbf1000)
 Metaspace       used 30532K, capacity 30914K, committed 31232K, reserved 32768K
}
Event: 1391.382 GC heap before
{Heap before GC invocations=38 (full 7):
 def new generation   total 9983168K, used 9577269K [0x00007f34f0600000, 0x00007f3795660000, 0x00007f3a45b50000)
  eden space 8873984K, 100% used [0x00007f34f0600000, 0x00007f370e000000, 0x00007f370e000000)
  from space 1109184K,  63% used [0x00007f370e000000, 0x00007f3738ecd6c0, 0x00007f3751b30000)
  to   space 1109184K,   0% used [0x00007f3751b30000, 0x00007f3751b30000, 0x00007f3795660000)
 tenured generation   total 22184580K, used 19587273K [0x00007f3a45b50000, 0x00007f3f8fbf1000, 0x00007f44f0600000)
   the space 22184580K,  88% used [0x00007f3a45b50000, 0x00007f3ef13825b0, 0x00007f3ef1382600, 0x00007f3f8fbf1000)
 Metaspace       used 30532K, capacity 30914K, committed 31232K, reserved 32768K
}
Event: 1393.613 GC heap after
{Heap after GC invocations=39 (full 7):
 def new generation   total 9983168K, used 667501K [0x00007f34f0600000, 0x00007f3795660000, 0x00007f3a45b50000)
  eden space 8873984K,   0% used [0x00007f34f0600000, 0x00007f34f0600000, 0x00007f370e000000)
  from space 1109184K,  60% used [0x00007f3751b30000, 0x00007f377a70b5e0, 0x00007f3795660000)
  to   space 1109184K,   0% used [0x00007f370e000000, 0x00007f370e000000, 0x00007f3751b30000)
 tenured generation   total 22184580K, used 20290558K [0x00007f3a45b50000, 0x00007f3f8fbf1000, 0x00007f44f0600000)
   the space 22184580K,  91% used [0x00007f3a45b50000, 0x00007f3f1c24fad0, 0x00007f3f1c24fc00, 0x00007f3f8fbf1000)
 Metaspace       used 30532K, capacity 30914K, committed 31232K, reserved 32768K
}
Event: 1396.171 GC heap before
{Heap before GC invocations=39 (full 7):
 def new generation   total 9983168K, used 9541485K [0x00007f34f0600000, 0x00007f3795660000, 0x00007f3a45b50000)
  eden space 8873984K, 100% used [0x00007f34f0600000, 0x00007f370e000000, 0x00007f370e000000)
  from space 1109184K,  60% used [0x00007f3751b30000, 0x00007f377a70b5e0, 0x00007f3795660000)
  to   space 1109184K,   0% used [0x00007f370e000000, 0x00007f370e000000, 0x00007f3751b30000)
 tenured generation   total 22184580K, used 20290558K [0x00007f3a45b50000, 0x00007f3f8fbf1000, 0x00007f44f0600000)
   the space 22184580K,  91% used [0x00007f3a45b50000, 0x00007f3f1c24fad0, 0x00007f3f1c24fc00, 0x00007f3f8fbf1000)
 Metaspace       used 30532K, capacity 30914K, committed 31232K, reserved 32768K
}
Event: 1398.377 GC heap after
{Heap after GC invocations=40 (full 7):
 def new generation   total 9983168K, used 672056K [0x00007f34f0600000, 0x00007f3795660000, 0x00007f3a45b50000)
  eden space 8873984K,   0% used [0x00007f34f0600000, 0x00007f34f0600000, 0x00007f370e000000)
  from space 1109184K,  60% used [0x00007f370e000000, 0x00007f373704e270, 0x00007f3751b30000)
  to   space 1109184K,   0% used [0x00007f3751b30000, 0x00007f3751b30000, 0x00007f3795660000)
 tenured generation   total 22184580K, used 20958059K [0x00007f3a45b50000, 0x00007f3f8fbf1000, 0x00007f44f0600000)
   the space 22184580K,  94% used [0x00007f3a45b50000, 0x00007f3f44e2aef0, 0x00007f3f44e2b000, 0x00007f3f8fbf1000)
 Metaspace       used 30532K, capacity 30914K, committed 31232K, reserved 32768K
}
Event: 1401.231 GC heap before
{Heap before GC invocations=40 (full 7):
 def new generation   total 9983168K, used 9546040K [0x00007f34f0600000, 0x00007f3795660000, 0x00007f3a45b50000)
  eden space 8873984K, 100% used [0x00007f34f0600000, 0x00007f370e000000, 0x00007f370e000000)
  from space 1109184K,  60% used [0x00007f370e000000, 0x00007f373704e270, 0x00007f3751b30000)
  to   space 1109184K,   0% used [0x00007f3751b30000, 0x00007f3751b30000, 0x00007f3795660000)
 tenured generation   total 22184580K, used 20958059K [0x00007f3a45b50000, 0x00007f3f8fbf1000, 0x00007f44f0600000)
   the space 22184580K,  94% used [0x00007f3a45b50000, 0x00007f3f44e2aef0, 0x00007f3f44e2b000, 0x00007f3f8fbf1000)
 Metaspace       used 30532K, capacity 30914K, committed 31232K, reserved 32768K
}
Event: 1403.600 GC heap after
{Heap after GC invocations=41 (full 7):
 def new generation   total 9983168K, used 698438K [0x00007f34f0600000, 0x00007f3795660000, 0x00007f3a45b50000)
  eden space 8873984K,   0% used [0x00007f34f0600000, 0x00007f34f0600000, 0x00007f370e000000)
  from space 1109184K,  62% used [0x00007f3751b30000, 0x00007f377c541b90, 0x00007f3795660000)
  to   space 1109184K,   0% used [0x00007f370e000000, 0x00007f370e000000, 0x00007f3751b30000)
 tenured generation   total 22184580K, used 21630115K [0x00007f3a45b50000, 0x00007f3f8fbf1000, 0x00007f44f0600000)
   the space 22184580K,  97% used [0x00007f3a45b50000, 0x00007f3f6de78c80, 0x00007f3f6de78e00, 0x00007f3f8fbf1000)
 Metaspace       used 30532K, capacity 30914K, committed 31232K, reserved 32768K
}
Event: 1406.412 GC heap before
{Heap before GC invocations=41 (full 7):
 def new generation   total 9983168K, used 9572422K [0x00007f34f0600000, 0x00007f3795660000, 0x00007f3a45b50000)
  eden space 8873984K, 100% used [0x00007f34f0600000, 0x00007f370e000000, 0x00007f370e000000)
  from space 1109184K,  62% used [0x00007f3751b30000, 0x00007f377c541b90, 0x00007f3795660000)
  to   space 1109184K,   0% used [0x00007f370e000000, 0x00007f370e000000, 0x00007f3751b30000)
 tenured generation   total 22184580K, used 21630115K [0x00007f3a45b50000, 0x00007f3f8fbf1000, 0x00007f44f0600000)
   the space 22184580K,  97% used [0x00007f3a45b50000, 0x00007f3f6de78c80, 0x00007f3f6de78e00, 0x00007f3f8fbf1000)
 Metaspace       used 30532K, capacity 30914K, committed 31232K, reserved 32768K
}
Event: 1408.799 GC heap after
{Heap after GC invocations=42 (full 7):
 def new generation   total 9983168K, used 703577K [0x00007f34f0600000, 0x00007f3795660000, 0x00007f3a45b50000)
  eden space 8873984K,   0% used [0x00007f34f0600000, 0x00007f34f0600000, 0x00007f370e000000)
  from space 1109184K,  63% used [0x00007f370e000000, 0x00007f3738f16750, 0x00007f3751b30000)
  to   space 1109184K,   0% used [0x00007f3751b30000, 0x00007f3751b30000, 0x00007f3795660000)
 tenured generation   total 22328580K, used 22328553K [0x00007f3a45b50000, 0x00007f3f98891000, 0x00007f44f0600000)
   the space 22328580K,  99% used [0x00007f3a45b50000, 0x00007f3f9888a470, 0x00007f3f9888a600, 0x00007f3f98891000)
 Metaspace       used 30532K, capacity 30914K, committed 31232K, reserved 32768K
}
Event: 1408.799 GC heap before
{Heap before GC invocations=42 (full 7):
 def new generation   total 9983168K, used 703577K [0x00007f34f0600000, 0x00007f3795660000, 0x00007f3a45b50000)
  eden space 8873984K,   0% used [0x00007f34f0600000, 0x00007f34f0600000, 0x00007f370e000000)
  from space 1109184K,  63% used [0x00007f370e000000, 0x00007f3738f16750, 0x00007f3751b30000)
  to   space 1109184K,   0% used [0x00007f3751b30000, 0x00007f3751b30000, 0x00007f3795660000)
 tenured generation   total 22328580K, used 22328553K [0x00007f3a45b50000, 0x00007f3f98891000, 0x00007f44f0600000)
   the space 22328580K,  99% used [0x00007f3a45b50000, 0x00007f3f9888a470, 0x00007f3f9888a600, 0x00007f3f98891000)
 Metaspace       used 30532K, capacity 30914K, committed 31232K, reserved 32768K
}

