# JRE version: OpenJDK Runtime Environment (13.0.7+5) (build 13.0.7+5-Ubuntu-0ubuntu120.04)
# Java VM: OpenJDK 64-Bit Server VM (13.0.7+5-Ubuntu-0ubuntu120.04, mixed mode, tiered, serial gc, linux-amd64)
Heap:
 def new generation   total 629248K, used 4494K [0x00007f7fc0600000, 0x00007f7feb0c0000, 0x00007f8515b50000)
  eden space 559360K,   0% used [0x00007f7fc0600000, 0x00007f7fc0a63a78, 0x00007f7fe2840000)
  from space 69888K,   0% used [0x00007f7fe6c80000, 0x00007f7fe6c80000, 0x00007f7feb0c0000)
  to   space 69888K,   0% used [0x00007f7fe2840000, 0x00007f7fe2840000, 0x00007f7fe6c80000)
 tenured generation   total 1398336K, used 1398335K [0x00007f8515b50000, 0x00007f856b0e0000, 0x00007f8fc0600000)
   the space 1398336K,  99% used [0x00007f8515b50000, 0x00007f856b0dffd0, 0x00007f856b0e0000, 0x00007f856b0e0000)
 Metaspace       used 24384K, capacity 24834K, committed 25088K, reserved 26624K
GC Heap History (20 events):
Event: 1555.179 GC heap after
{Heap after GC invocations=4783 (full 1):
 def new generation   total 629248K, used 4941K [0x00007f7fc0600000, 0x00007f7feb0c0000, 0x00007f8515b50000)
  eden space 559360K,   0% used [0x00007f7fc0600000, 0x00007f7fc0600000, 0x00007f7fe2840000)
  from space 69888K,   7% used [0x00007f7fe2840000, 0x00007f7fe2d13648, 0x00007f7fe6c80000)
  to   space 69888K,   0% used [0x00007f7fe6c80000, 0x00007f7fe6c80000, 0x00007f7feb0c0000)
 tenured generation   total 1398144K, used 1395466K [0x00007f8515b50000, 0x00007f856b0b0000, 0x00007f8fc0600000)
   the space 1398144K,  99% used [0x00007f8515b50000, 0x00007f856ae12b80, 0x00007f856ae12c00, 0x00007f856b0b0000)
 Metaspace       used 24384K, capacity 24834K, committed 25088K, reserved 26624K
}
Event: 1555.489 GC heap before
{Heap before GC invocations=4783 (full 1):
 def new generation   total 629248K, used 564301K [0x00007f7fc0600000, 0x00007f7feb0c0000, 0x00007f8515b50000)
  eden space 559360K, 100% used [0x00007f7fc0600000, 0x00007f7fe2840000, 0x00007f7fe2840000)
  from space 69888K,   7% used [0x00007f7fe2840000, 0x00007f7fe2d13648, 0x00007f7fe6c80000)
  to   space 69888K,   0% used [0x00007f7fe6c80000, 0x00007f7fe6c80000, 0x00007f7feb0c0000)
 tenured generation   total 1398144K, used 1395466K [0x00007f8515b50000, 0x00007f856b0b0000, 0x00007f8fc0600000)
   the space 1398144K,  99% used [0x00007f8515b50000, 0x00007f856ae12b80, 0x00007f856ae12c00, 0x00007f856b0b0000)
 Metaspace       used 24384K, capacity 24834K, committed 25088K, reserved 26624K
}
Event: 1555.497 GC heap after
{Heap after GC invocations=4784 (full 1):
 def new generation   total 629248K, used 4556K [0x00007f7fc0600000, 0x00007f7feb0c0000, 0x00007f8515b50000)
  eden space 559360K,   0% used [0x00007f7fc0600000, 0x00007f7fc0600000, 0x00007f7fe2840000)
  from space 69888K,   6% used [0x00007f7fe6c80000, 0x00007f7fe70f3218, 0x00007f7feb0c0000)
  to   space 69888K,   0% used [0x00007f7fe2840000, 0x00007f7fe2840000, 0x00007f7fe6c80000)
 tenured generation   total 1398144K, used 1396082K [0x00007f8515b50000, 0x00007f856b0b0000, 0x00007f8fc0600000)
   the space 1398144K,  99% used [0x00007f8515b50000, 0x00007f856aeacb28, 0x00007f856aeacc00, 0x00007f856b0b0000)
 Metaspace       used 24384K, capacity 24834K, committed 25088K, reserved 26624K
}
Event: 1555.805 GC heap before
{Heap before GC invocations=4784 (full 1):
 def new generation   total 629248K, used 563916K [0x00007f7fc0600000, 0x00007f7feb0c0000, 0x00007f8515b50000)
  eden space 559360K, 100% used [0x00007f7fc0600000, 0x00007f7fe2840000, 0x00007f7fe2840000)
  from space 69888K,   6% used [0x00007f7fe6c80000, 0x00007f7fe70f3218, 0x00007f7feb0c0000)
  to   space 69888K,   0% used [0x00007f7fe2840000, 0x00007f7fe2840000, 0x00007f7fe6c80000)
 tenured generation   total 1398144K, used 1396082K [0x00007f8515b50000, 0x00007f856b0b0000, 0x00007f8fc0600000)
   the space 1398144K,  99% used [0x00007f8515b50000, 0x00007f856aeacb28, 0x00007f856aeacc00, 0x00007f856b0b0000)
 Metaspace       used 24384K, capacity 24834K, committed 25088K, reserved 26624K
}
Event: 1555.814 GC heap after
{Heap after GC invocations=4785 (full 1):
 def new generation   total 629248K, used 4697K [0x00007f7fc0600000, 0x00007f7feb0c0000, 0x00007f8515b50000)
  eden space 559360K,   0% used [0x00007f7fc0600000, 0x00007f7fc0600000, 0x00007f7fe2840000)
  from space 69888K,   6% used [0x00007f7fe2840000, 0x00007f7fe2cd6498, 0x00007f7fe6c80000)
  to   space 69888K,   0% used [0x00007f7fe6c80000, 0x00007f7fe6c80000, 0x00007f7feb0c0000)
 tenured generation   total 1398144K, used 1396231K [0x00007f8515b50000, 0x00007f856b0b0000, 0x00007f8fc0600000)
   the space 1398144K,  99% used [0x00007f8515b50000, 0x00007f856aed1f30, 0x00007f856aed2000, 0x00007f856b0b0000)
 Metaspace       used 24384K, capacity 24834K, committed 25088K, reserved 26624K
}
Event: 1556.113 GC heap before
{Heap before GC invocations=4785 (full 1):
 def new generation   total 629248K, used 564057K [0x00007f7fc0600000, 0x00007f7feb0c0000, 0x00007f8515b50000)
  eden space 559360K, 100% used [0x00007f7fc0600000, 0x00007f7fe2840000, 0x00007f7fe2840000)
  from space 69888K,   6% used [0x00007f7fe2840000, 0x00007f7fe2cd6498, 0x00007f7fe6c80000)
  to   space 69888K,   0% used [0x00007f7fe6c80000, 0x00007f7fe6c80000, 0x00007f7feb0c0000)
 tenured generation   total 1398144K, used 1396231K [0x00007f8515b50000, 0x00007f856b0b0000, 0x00007f8fc0600000)
   the space 1398144K,  99% used [0x00007f8515b50000, 0x00007f856aed1f30, 0x00007f856aed2000, 0x00007f856b0b0000)
 Metaspace       used 24384K, capacity 24834K, committed 25088K, reserved 26624K
}
Event: 1556.122 GC heap after
{Heap after GC invocations=4786 (full 1):
 def new generation   total 629248K, used 4807K [0x00007f7fc0600000, 0x00007f7feb0c0000, 0x00007f8515b50000)
  eden space 559360K,   0% used [0x00007f7fc0600000, 0x00007f7fc0600000, 0x00007f7fe2840000)
  from space 69888K,   6% used [0x00007f7fe6c80000, 0x00007f7fe7131cd8, 0x00007f7feb0c0000)
  to   space 69888K,   0% used [0x00007f7fe2840000, 0x00007f7fe2840000, 0x00007f7fe6c80000)
 tenured generation   total 1398144K, used 1396493K [0x00007f8515b50000, 0x00007f856b0b0000, 0x00007f8fc0600000)
   the space 1398144K,  99% used [0x00007f8515b50000, 0x00007f856af13470, 0x00007f856af13600, 0x00007f856b0b0000)
 Metaspace       used 24384K, capacity 24834K, committed 25088K, reserved 26624K
}
Event: 1556.415 GC heap before
{Heap before GC invocations=4786 (full 1):
 def new generation   total 629248K, used 564167K [0x00007f7fc0600000, 0x00007f7feb0c0000, 0x00007f8515b50000)
  eden space 559360K, 100% used [0x00007f7fc0600000, 0x00007f7fe2840000, 0x00007f7fe2840000)
  from space 69888K,   6% used [0x00007f7fe6c80000, 0x00007f7fe7131cd8, 0x00007f7feb0c0000)
  to   space 69888K,   0% used [0x00007f7fe2840000, 0x00007f7fe2840000, 0x00007f7fe6c80000)
 tenured generation   total 1398144K, used 1396493K [0x00007f8515b50000, 0x00007f856b0b0000, 0x00007f8fc0600000)
   the space 1398144K,  99% used [0x00007f8515b50000, 0x00007f856af13470, 0x00007f856af13600, 0x00007f856b0b0000)
 Metaspace       used 24384K, capacity 24834K, committed 25088K, reserved 26624K
}
Event: 1556.423 GC heap after
{Heap after GC invocations=4787 (full 1):
 def new generation   total 629248K, used 4682K [0x00007f7fc0600000, 0x00007f7feb0c0000, 0x00007f8515b50000)
  eden space 559360K,   0% used [0x00007f7fc0600000, 0x00007f7fc0600000, 0x00007f7fe2840000)
  from space 69888K,   6% used [0x00007f7fe2840000, 0x00007f7fe2cd2bc8, 0x00007f7fe6c80000)
  to   space 69888K,   0% used [0x00007f7fe6c80000, 0x00007f7fe6c80000, 0x00007f7feb0c0000)
 tenured generation   total 1398144K, used 1396786K [0x00007f8515b50000, 0x00007f856b0b0000, 0x00007f8fc0600000)
   the space 1398144K,  99% used [0x00007f8515b50000, 0x00007f856af5caf0, 0x00007f856af5cc00, 0x00007f856b0b0000)
 Metaspace       used 24384K, capacity 24834K, committed 25088K, reserved 26624K
}
Event: 1556.745 GC heap before
{Heap before GC invocations=4787 (full 1):
 def new generation   total 629248K, used 564042K [0x00007f7fc0600000, 0x00007f7feb0c0000, 0x00007f8515b50000)
  eden space 559360K, 100% used [0x00007f7fc0600000, 0x00007f7fe2840000, 0x00007f7fe2840000)
  from space 69888K,   6% used [0x00007f7fe2840000, 0x00007f7fe2cd2bc8, 0x00007f7fe6c80000)
  to   space 69888K,   0% used [0x00007f7fe6c80000, 0x00007f7fe6c80000, 0x00007f7feb0c0000)
 tenured generation   total 1398144K, used 1396786K [0x00007f8515b50000, 0x00007f856b0b0000, 0x00007f8fc0600000)
   the space 1398144K,  99% used [0x00007f8515b50000, 0x00007f856af5caf0, 0x00007f856af5cc00, 0x00007f856b0b0000)
 Metaspace       used 24384K, capacity 24834K, committed 25088K, reserved 26624K
}
Event: 1556.752 GC heap after
{Heap after GC invocations=4788 (full 1):
 def new generation   total 629248K, used 4451K [0x00007f7fc0600000, 0x00007f7feb0c0000, 0x00007f8515b50000)
  eden space 559360K,   0% used [0x00007f7fc0600000, 0x00007f7fc0600000, 0x00007f7fe2840000)
  from space 69888K,   6% used [0x00007f7fe6c80000, 0x00007f7fe70d8cf8, 0x00007f7feb0c0000)
  to   space 69888K,   0% used [0x00007f7fe2840000, 0x00007f7fe2840000, 0x00007f7fe6c80000)
 tenured generation   total 1398144K, used 1397224K [0x00007f8515b50000, 0x00007f856b0b0000, 0x00007f8fc0600000)
   the space 1398144K,  99% used [0x00007f8515b50000, 0x00007f856afca200, 0x00007f856afca200, 0x00007f856b0b0000)
 Metaspace       used 24384K, capacity 24834K, committed 25088K, reserved 26624K
}
Event: 1557.063 GC heap before
{Heap before GC invocations=4788 (full 1):
 def new generation   total 629248K, used 563811K [0x00007f7fc0600000, 0x00007f7feb0c0000, 0x00007f8515b50000)
  eden space 559360K, 100% used [0x00007f7fc0600000, 0x00007f7fe2840000, 0x00007f7fe2840000)
  from space 69888K,   6% used [0x00007f7fe6c80000, 0x00007f7fe70d8cf8, 0x00007f7feb0c0000)
  to   space 69888K,   0% used [0x00007f7fe2840000, 0x00007f7fe2840000, 0x00007f7fe6c80000)
 tenured generation   total 1398144K, used 1397224K [0x00007f8515b50000, 0x00007f856b0b0000, 0x00007f8fc0600000)
   the space 1398144K,  99% used [0x00007f8515b50000, 0x00007f856afca200, 0x00007f856afca200, 0x00007f856b0b0000)
 Metaspace       used 24384K, capacity 24834K, committed 25088K, reserved 26624K
}
Event: 1557.070 GC heap after
{Heap after GC invocations=4789 (full 1):
 def new generation   total 629248K, used 4293K [0x00007f7fc0600000, 0x00007f7feb0c0000, 0x00007f8515b50000)
  eden space 559360K,   0% used [0x00007f7fc0600000, 0x00007f7fc0600000, 0x00007f7fe2840000)
  from space 69888K,   6% used [0x00007f7fe2840000, 0x00007f7fe2c71720, 0x00007f7fe6c80000)
  to   space 69888K,   0% used [0x00007f7fe6c80000, 0x00007f7fe6c80000, 0x00007f7feb0c0000)
 tenured generation   total 1398144K, used 1397598K [0x00007f8515b50000, 0x00007f856b0b0000, 0x00007f8fc0600000)
   the space 1398144K,  99% used [0x00007f8515b50000, 0x00007f856b027930, 0x00007f856b027a00, 0x00007f856b0b0000)
 Metaspace       used 24384K, capacity 24834K, committed 25088K, reserved 26624K
}
Event: 1557.387 GC heap before
{Heap before GC invocations=4789 (full 1):
 def new generation   total 629248K, used 563653K [0x00007f7fc0600000, 0x00007f7feb0c0000, 0x00007f8515b50000)
  eden space 559360K, 100% used [0x00007f7fc0600000, 0x00007f7fe2840000, 0x00007f7fe2840000)
  from space 69888K,   6% used [0x00007f7fe2840000, 0x00007f7fe2c71720, 0x00007f7fe6c80000)
  to   space 69888K,   0% used [0x00007f7fe6c80000, 0x00007f7fe6c80000, 0x00007f7feb0c0000)
 tenured generation   total 1398144K, used 1397598K [0x00007f8515b50000, 0x00007f856b0b0000, 0x00007f8fc0600000)
   the space 1398144K,  99% used [0x00007f8515b50000, 0x00007f856b027930, 0x00007f856b027a00, 0x00007f856b0b0000)
 Metaspace       used 24384K, capacity 24834K, committed 25088K, reserved 26624K
}
Event: 1557.398 GC heap after
{Heap after GC invocations=4790 (full 1):
 def new generation   total 629248K, used 4413K [0x00007f7fc0600000, 0x00007f7feb0c0000, 0x00007f8515b50000)
  eden space 559360K,   0% used [0x00007f7fc0600000, 0x00007f7fc0600000, 0x00007f7fe2840000)
  from space 69888K,   6% used [0x00007f7fe6c80000, 0x00007f7fe70cf540, 0x00007f7feb0c0000)
  to   space 69888K,   0% used [0x00007f7fe2840000, 0x00007f7fe2840000, 0x00007f7fe6c80000)
 tenured generation   total 1398144K, used 1397748K [0x00007f8515b50000, 0x00007f856b0b0000, 0x00007f8fc0600000)
   the space 1398144K,  99% used [0x00007f8515b50000, 0x00007f856b04d310, 0x00007f856b04d400, 0x00007f856b0b0000)
 Metaspace       used 24384K, capacity 24834K, committed 25088K, reserved 26624K
}
Event: 1557.711 GC heap before
{Heap before GC invocations=4790 (full 1):
 def new generation   total 629248K, used 563773K [0x00007f7fc0600000, 0x00007f7feb0c0000, 0x00007f8515b50000)
  eden space 559360K, 100% used [0x00007f7fc0600000, 0x00007f7fe2840000, 0x00007f7fe2840000)
  from space 69888K,   6% used [0x00007f7fe6c80000, 0x00007f7fe70cf540, 0x00007f7feb0c0000)
  to   space 69888K,   0% used [0x00007f7fe2840000, 0x00007f7fe2840000, 0x00007f7fe6c80000)
 tenured generation   total 1398144K, used 1397748K [0x00007f8515b50000, 0x00007f856b0b0000, 0x00007f8fc0600000)
   the space 1398144K,  99% used [0x00007f8515b50000, 0x00007f856b04d310, 0x00007f856b04d400, 0x00007f856b0b0000)
 Metaspace       used 24384K, capacity 24834K, committed 25088K, reserved 26624K
}
Event: 1557.724 GC heap after
{Heap after GC invocations=4791 (full 1):
 def new generation   total 629248K, used 4643K [0x00007f7fc0600000, 0x00007f7feb0c0000, 0x00007f8515b50000)
  eden space 559360K,   0% used [0x00007f7fc0600000, 0x00007f7fc0600000, 0x00007f7fe2840000)
  from space 69888K,   6% used [0x00007f7fe2840000, 0x00007f7fe2cc8d70, 0x00007f7fe6c80000)
  to   space 69888K,   0% used [0x00007f7fe6c80000, 0x00007f7fe6c80000, 0x00007f7feb0c0000)
 tenured generation   total 1398144K, used 1397930K [0x00007f8515b50000, 0x00007f856b0b0000, 0x00007f8fc0600000)
   the space 1398144K,  99% used [0x00007f8515b50000, 0x00007f856b07aad0, 0x00007f856b07ac00, 0x00007f856b0b0000)
 Metaspace       used 24384K, capacity 24834K, committed 25088K, reserved 26624K
}
Event: 1558.012 GC heap before
{Heap before GC invocations=4791 (full 1):
 def new generation   total 629248K, used 564003K [0x00007f7fc0600000, 0x00007f7feb0c0000, 0x00007f8515b50000)
  eden space 559360K, 100% used [0x00007f7fc0600000, 0x00007f7fe2840000, 0x00007f7fe2840000)
  from space 69888K,   6% used [0x00007f7fe2840000, 0x00007f7fe2cc8d70, 0x00007f7fe6c80000)
  to   space 69888K,   0% used [0x00007f7fe6c80000, 0x00007f7fe6c80000, 0x00007f7feb0c0000)
 tenured generation   total 1398144K, used 1397930K [0x00007f8515b50000, 0x00007f856b0b0000, 0x00007f8fc0600000)
   the space 1398144K,  99% used [0x00007f8515b50000, 0x00007f856b07aad0, 0x00007f856b07ac00, 0x00007f856b0b0000)
 Metaspace       used 24384K, capacity 24834K, committed 25088K, reserved 26624K
}
Event: 1558.021 GC heap after
{Heap after GC invocations=4792 (full 1):
 def new generation   total 629248K, used 4686K [0x00007f7fc0600000, 0x00007f7feb0c0000, 0x00007f8515b50000)
  eden space 559360K,   0% used [0x00007f7fc0600000, 0x00007f7fc0600000, 0x00007f7fe2840000)
  from space 69888K,   6% used [0x00007f7fe6c80000, 0x00007f7fe71138b8, 0x00007f7feb0c0000)
  to   space 69888K,   0% used [0x00007f7fe2840000, 0x00007f7fe2840000, 0x00007f7fe6c80000)
 tenured generation   total 1398336K, used 1398144K [0x00007f8515b50000, 0x00007f856b0e0000, 0x00007f8fc0600000)
   the space 1398336K,  99% used [0x00007f8515b50000, 0x00007f856b0b0190, 0x00007f856b0b0200, 0x00007f856b0e0000)
 Metaspace       used 24384K, capacity 24834K, committed 25088K, reserved 26624K
}
Event: 1558.021 GC heap before
{Heap before GC invocations=4792 (full 1):
 def new generation   total 629248K, used 4686K [0x00007f7fc0600000, 0x00007f7feb0c0000, 0x00007f8515b50000)
  eden space 559360K,   0% used [0x00007f7fc0600000, 0x00007f7fc0600000, 0x00007f7fe2840000)
  from space 69888K,   6% used [0x00007f7fe6c80000, 0x00007f7fe71138b8, 0x00007f7feb0c0000)
  to   space 69888K,   0% used [0x00007f7fe2840000, 0x00007f7fe2840000, 0x00007f7fe6c80000)
 tenured generation   total 1398336K, used 1398144K [0x00007f8515b50000, 0x00007f856b0e0000, 0x00007f8fc0600000)
   the space 1398336K,  99% used [0x00007f8515b50000, 0x00007f856b0b0190, 0x00007f856b0b0200, 0x00007f856b0e0000)
 Metaspace       used 24384K, capacity 24834K, committed 25088K, reserved 26624K
}

