# JRE version: OpenJDK Runtime Environment (13.0.7+5) (build 13.0.7+5-Ubuntu-0ubuntu120.04)
# Java VM: OpenJDK 64-Bit Server VM (13.0.7+5-Ubuntu-0ubuntu120.04, mixed mode, tiered, serial gc, linux-amd64)
Heap:
 def new generation   total 3156800K, used 0K [0x00007fcee8600000, 0x00007fcfbe750000, 0x00007fd43db50000)
  eden space 2806080K,   0% used [0x00007fcee8600000, 0x00007fcee8600000, 0x00007fcf93a50000)
  from space 350720K,   0% used [0x00007fcfa90d0000, 0x00007fcfa90d0000, 0x00007fcfbe750000)
  to   space 350720K,   0% used [0x00007fcf93a50000, 0x00007fcf93a50000, 0x00007fcfa90d0000)
 tenured generation   total 11209300K, used 8397933K [0x00007fd43db50000, 0x00007fd6e9de5000, 0x00007fdee8600000)
   the space 11209300K,  74% used [0x00007fd43db50000, 0x00007fd63e46b780, 0x00007fd63e46b800, 0x00007fd6e9de5000)
 Metaspace       used 22990K, capacity 23378K, committed 23552K, reserved 24576K
GC Heap History (19 events):
Event: 11.514 GC heap before
{Heap before GC invocations=0 (full 0):
 def new generation   total 629120K, used 100664K [0x00007fcee8600000, 0x00007fcf130a0000, 0x00007fd43db50000)
  eden space 559232K,  18% used [0x00007fcee8600000, 0x00007fceee84e120, 0x00007fcf0a820000)
  from space 69888K,   0% used [0x00007fcf0a820000, 0x00007fcf0a820000, 0x00007fcf0ec60000)
  to   space 69888K,   0% used [0x00007fcf0ec60000, 0x00007fcf0ec60000, 0x00007fcf130a0000)
 tenured generation   total 1398144K, used 0K [0x00007fd43db50000, 0x00007fd4930b0000, 0x00007fdee8600000)
   the space 1398144K,   0% used [0x00007fd43db50000, 0x00007fd43db50000, 0x00007fd43db50200, 0x00007fd4930b0000)
 Metaspace       used 20965K, capacity 21223K, committed 21248K, reserved 22528K
}
Event: 11.605 GC heap after
{Heap after GC invocations=1 (full 1):
 def new generation   total 629248K, used 0K [0x00007fcee8600000, 0x00007fcf130c0000, 0x00007fd43db50000)
  eden space 559360K,   0% used [0x00007fcee8600000, 0x00007fcee8600000, 0x00007fcf0a840000)
  from space 69888K,   0% used [0x00007fcf0a840000, 0x00007fcf0a840000, 0x00007fcf0ec80000)
  to   space 69888K,   0% used [0x00007fcf0ec80000, 0x00007fcf0ec80000, 0x00007fcf130c0000)
 tenured generation   total 1398144K, used 13631K [0x00007fd43db50000, 0x00007fd4930b0000, 0x00007fdee8600000)
   the space 1398144K,   0% used [0x00007fd43db50000, 0x00007fd43e89ffd8, 0x00007fd43e8a0000, 0x00007fd4930b0000)
 Metaspace       used 20965K, capacity 21223K, committed 21248K, reserved 22528K
}
Event: 13.716 GC heap before
{Heap before GC invocations=1 (full 1):
 def new generation   total 629248K, used 559360K [0x00007fcee8600000, 0x00007fcf130c0000, 0x00007fd43db50000)
  eden space 559360K, 100% used [0x00007fcee8600000, 0x00007fcf0a840000, 0x00007fcf0a840000)
  from space 69888K,   0% used [0x00007fcf0a840000, 0x00007fcf0a840000, 0x00007fcf0ec80000)
  to   space 69888K,   0% used [0x00007fcf0ec80000, 0x00007fcf0ec80000, 0x00007fcf130c0000)
 tenured generation   total 1398144K, used 13631K [0x00007fd43db50000, 0x00007fd4930b0000, 0x00007fdee8600000)
   the space 1398144K,   0% used [0x00007fd43db50000, 0x00007fd43e89ffd8, 0x00007fd43e8a0000, 0x00007fd4930b0000)
 Metaspace       used 22849K, capacity 23174K, committed 23296K, reserved 24576K
}
Event: 13.725 GC heap after
{Heap after GC invocations=2 (full 1):
 def new generation   total 629248K, used 638K [0x00007fcee8600000, 0x00007fcf130c0000, 0x00007fd43db50000)
  eden space 559360K,   0% used [0x00007fcee8600000, 0x00007fcee8600000, 0x00007fcf0a840000)
  from space 69888K,   0% used [0x00007fcf0ec80000, 0x00007fcf0ed1f9e8, 0x00007fcf130c0000)
  to   space 69888K,   0% used [0x00007fcf0a840000, 0x00007fcf0a840000, 0x00007fcf0ec80000)
 tenured generation   total 1398144K, used 13631K [0x00007fd43db50000, 0x00007fd4930b0000, 0x00007fdee8600000)
   the space 1398144K,   0% used [0x00007fd43db50000, 0x00007fd43e89ffd8, 0x00007fd43e8a0000, 0x00007fd4930b0000)
 Metaspace       used 22849K, capacity 23174K, committed 23296K, reserved 24576K
}
Event: 14.856 GC heap before
{Heap before GC invocations=2 (full 1):
 def new generation   total 629248K, used 549940K [0x00007fcee8600000, 0x00007fcf130c0000, 0x00007fd43db50000)
  eden space 559360K,  98% used [0x00007fcee8600000, 0x00007fcf09e6d6f0, 0x00007fcf0a840000)
  from space 69888K,   0% used [0x00007fcf0ec80000, 0x00007fcf0ed1f9e8, 0x00007fcf130c0000)
  to   space 69888K,   0% used [0x00007fcf0a840000, 0x00007fcf0a840000, 0x00007fcf0ec80000)
 tenured generation   total 1398144K, used 13631K [0x00007fd43db50000, 0x00007fd4930b0000, 0x00007fdee8600000)
   the space 1398144K,   0% used [0x00007fd43db50000, 0x00007fd43e89ffd8, 0x00007fd43e8a0000, 0x00007fd4930b0000)
 Metaspace       used 22979K, capacity 23378K, committed 23552K, reserved 24576K
}
Event: 14.871 GC heap after
{Heap after GC invocations=3 (full 1):
 def new generation   total 629248K, used 3070K [0x00007fcee8600000, 0x00007fcf130c0000, 0x00007fd43db50000)
  eden space 559360K,   0% used [0x00007fcee8600000, 0x00007fcee8600000, 0x00007fcf0a840000)
  from space 69888K,   4% used [0x00007fcf0a840000, 0x00007fcf0ab3f958, 0x00007fcf0ec80000)
  to   space 69888K,   0% used [0x00007fcf0ec80000, 0x00007fcf0ec80000, 0x00007fcf130c0000)
 tenured generation   total 1398144K, used 13631K [0x00007fd43db50000, 0x00007fd4930b0000, 0x00007fdee8600000)
   the space 1398144K,   0% used [0x00007fd43db50000, 0x00007fd43e89ffd8, 0x00007fd43e8a0000, 0x00007fd4930b0000)
 Metaspace       used 22979K, capacity 23378K, committed 23552K, reserved 24576K
}
Event: 15.441 GC heap before
{Heap before GC invocations=3 (full 1):
 def new generation   total 629248K, used 336338K [0x00007fcee8600000, 0x00007fcf130c0000, 0x00007fd43db50000)
  eden space 559360K,  59% used [0x00007fcee8600000, 0x00007fcefcb751d8, 0x00007fcf0a840000)
  from space 69888K,   4% used [0x00007fcf0a840000, 0x00007fcf0ab3f958, 0x00007fcf0ec80000)
  to   space 69888K,   0% used [0x00007fcf0ec80000, 0x00007fcf0ec80000, 0x00007fcf130c0000)
 tenured generation   total 1398144K, used 13631K [0x00007fd43db50000, 0x00007fd4930b0000, 0x00007fdee8600000)
   the space 1398144K,   0% used [0x00007fd43db50000, 0x00007fd43e89ffd8, 0x00007fd43e8a0000, 0x00007fd4930b0000)
 Metaspace       used 22990K, capacity 23378K, committed 23552K, reserved 24576K
}
Event: 17.298 GC heap after
{Heap after GC invocations=4 (full 1):
 def new generation   total 629248K, used 1059K [0x00007fcee8600000, 0x00007fcf130c0000, 0x00007fd43db50000)
  eden space 559360K,   0% used [0x00007fcee8600000, 0x00007fcee8600000, 0x00007fcf0a840000)
  from space 69888K,   1% used [0x00007fcf0ec80000, 0x00007fcf0ed88d10, 0x00007fcf130c0000)
  to   space 69888K,   0% used [0x00007fcf0a840000, 0x00007fcf0a840000, 0x00007fcf0ec80000)
 tenured generation   total 1398144K, used 275775K [0x00007fd43db50000, 0x00007fd4930b0000, 0x00007fdee8600000)
   the space 1398144K,  19% used [0x00007fd43db50000, 0x00007fd44e89fff0, 0x00007fd44e8a0000, 0x00007fd4930b0000)
 Metaspace       used 22990K, capacity 23378K, committed 23552K, reserved 24576K
}
Event: 17.401 GC heap before
{Heap before GC invocations=4 (full 1):
 def new generation   total 629248K, used 274250K [0x00007fcee8600000, 0x00007fcf130c0000, 0x00007fd43db50000)
  eden space 559360K,  48% used [0x00007fcee8600000, 0x00007fcef90c9c38, 0x00007fcf0a840000)
  from space 69888K,   1% used [0x00007fcf0ec80000, 0x00007fcf0ed88d10, 0x00007fcf130c0000)
  to   space 69888K,   0% used [0x00007fcf0a840000, 0x00007fcf0a840000, 0x00007fcf0ec80000)
 tenured generation   total 1398144K, used 275775K [0x00007fd43db50000, 0x00007fd4930b0000, 0x00007fdee8600000)
   the space 1398144K,  19% used [0x00007fd43db50000, 0x00007fd44e89fff0, 0x00007fd44e8a0000, 0x00007fd4930b0000)
 Metaspace       used 22990K, capacity 23378K, committed 23552K, reserved 24576K
}
Event: 17.719 GC heap after
{Heap after GC invocations=5 (full 1):
 def new generation   total 629248K, used 1059K [0x00007fcee8600000, 0x00007fcf130c0000, 0x00007fd43db50000)
  eden space 559360K,   0% used [0x00007fcee8600000, 0x00007fcee8600000, 0x00007fcf0a840000)
  from space 69888K,   1% used [0x00007fcf0a840000, 0x00007fcf0a948f58, 0x00007fcf0ec80000)
  to   space 69888K,   0% used [0x00007fcf0ec80000, 0x00007fcf0ec80000, 0x00007fcf130c0000)
 tenured generation   total 1398144K, used 537920K [0x00007fd43db50000, 0x00007fd4930b0000, 0x00007fdee8600000)
   the space 1398144K,  38% used [0x00007fd43db50000, 0x00007fd45e8a0008, 0x00007fd45e8a0200, 0x00007fd4930b0000)
 Metaspace       used 22990K, capacity 23378K, committed 23552K, reserved 24576K
}
Event: 17.719 GC heap before
{Heap before GC invocations=5 (full 1):
 def new generation   total 629248K, used 1059K [0x00007fcee8600000, 0x00007fcf130c0000, 0x00007fd43db50000)
  eden space 559360K,   0% used [0x00007fcee8600000, 0x00007fcee8600000, 0x00007fcf0a840000)
  from space 69888K,   1% used [0x00007fcf0a840000, 0x00007fcf0a948f58, 0x00007fcf0ec80000)
  to   space 69888K,   0% used [0x00007fcf0ec80000, 0x00007fcf0ec80000, 0x00007fcf130c0000)
 tenured generation   total 1398144K, used 537920K [0x00007fd43db50000, 0x00007fd4930b0000, 0x00007fdee8600000)
   the space 1398144K,  38% used [0x00007fd43db50000, 0x00007fd45e8a0008, 0x00007fd45e8a0200, 0x00007fd4930b0000)
 Metaspace       used 22990K, capacity 23378K, committed 23552K, reserved 24576K
}
Event: 17.780 GC heap after
{Heap after GC invocations=5 (full 2):
 def new generation   total 629248K, used 0K [0x00007fcee8600000, 0x00007fcf130c0000, 0x00007fd43db50000)
  eden space 559360K,   0% used [0x00007fcee8600000, 0x00007fcee8600000, 0x00007fcf0a840000)
  from space 69888K,   0% used [0x00007fcf0a840000, 0x00007fcf0a840000, 0x00007fcf0ec80000)
  to   space 69888K,   0% used [0x00007fcf0ec80000, 0x00007fcf0ec80000, 0x00007fcf130c0000)
 tenured generation   total 1398144K, used 538979K [0x00007fd43db50000, 0x00007fd4930b0000, 0x00007fdee8600000)
   the space 1398144K,  38% used [0x00007fd43db50000, 0x00007fd45e9a8f10, 0x00007fd45e9a9000, 0x00007fd4930b0000)
 Metaspace       used 22990K, capacity 23378K, committed 23552K, reserved 24576K
}
Event: 24.277 GC heap before
{Heap before GC invocations=5 (full 2):
 def new generation   total 629248K, used 11047K [0x00007fcee8600000, 0x00007fcf130c0000, 0x00007fd43db50000)
  eden space 559360K,   1% used [0x00007fcee8600000, 0x00007fcee90c9c00, 0x00007fcf0a840000)
  from space 69888K,   0% used [0x00007fcf0a840000, 0x00007fcf0a840000, 0x00007fcf0ec80000)
  to   space 69888K,   0% used [0x00007fcf0ec80000, 0x00007fcf0ec80000, 0x00007fcf130c0000)
 tenured generation   total 5592452K, used 4733283K [0x00007fd43db50000, 0x00007fd5930b1000, 0x00007fdee8600000)
   the space 5592452K,  84% used [0x00007fd43db50000, 0x00007fd55e9a8f28, 0x00007fd55e9a9000, 0x00007fd5930b1000)
 Metaspace       used 22990K, capacity 23378K, committed 23552K, reserved 24576K
}
Event: 24.280 GC heap after
{Heap after GC invocations=6 (full 2):
 def new generation   total 629248K, used 0K [0x00007fcee8600000, 0x00007fcf130c0000, 0x00007fd43db50000)
  eden space 559360K,   0% used [0x00007fcee8600000, 0x00007fcee8600000, 0x00007fcf0a840000)
  from space 69888K,   0% used [0x00007fcf0ec80000, 0x00007fcf0ec80268, 0x00007fcf130c0000)
  to   space 69888K,   0% used [0x00007fcf0a840000, 0x00007fcf0a840000, 0x00007fcf0ec80000)
 tenured generation   total 5592452K, used 4733283K [0x00007fd43db50000, 0x00007fd5930b1000, 0x00007fdee8600000)
   the space 5592452K,  84% used [0x00007fd43db50000, 0x00007fd55e9a8f28, 0x00007fd55e9a9000, 0x00007fd5930b1000)
 Metaspace       used 22990K, capacity 23378K, committed 23552K, reserved 24576K
}
Event: 24.280 GC heap before
{Heap before GC invocations=6 (full 2):
 def new generation   total 629248K, used 0K [0x00007fcee8600000, 0x00007fcf130c0000, 0x00007fd43db50000)
  eden space 559360K,   0% used [0x00007fcee8600000, 0x00007fcee8600000, 0x00007fcf0a840000)
  from space 69888K,   0% used [0x00007fcf0ec80000, 0x00007fcf0ec80268, 0x00007fcf130c0000)
  to   space 69888K,   0% used [0x00007fcf0a840000, 0x00007fcf0a840000, 0x00007fcf0ec80000)
 tenured generation   total 5592452K, used 4733283K [0x00007fd43db50000, 0x00007fd5930b1000, 0x00007fdee8600000)
   the space 5592452K,  84% used [0x00007fd43db50000, 0x00007fd55e9a8f28, 0x00007fd55e9a9000, 0x00007fd5930b1000)
 Metaspace       used 22990K, capacity 23378K, committed 23552K, reserved 24576K
}
Event: 28.839 GC heap after
{Heap after GC invocations=6 (full 3):
 def new generation   total 3156800K, used 0K [0x00007fcee8600000, 0x00007fcfbe750000, 0x00007fd43db50000)
  eden space 2806080K,   0% used [0x00007fcee8600000, 0x00007fcee8600000, 0x00007fcf93a50000)
  from space 350720K,   0% used [0x00007fcf93a50000, 0x00007fcf93a50000, 0x00007fcfa90d0000)
  to   space 350720K,   0% used [0x00007fcfa90d0000, 0x00007fcfa90d0000, 0x00007fcfbe750000)
 tenured generation   total 7014992K, used 4208994K [0x00007fd43db50000, 0x00007fd5e9de4000, 0x00007fdee8600000)
   the space 7014992K,  59% used [0x00007fd43db50000, 0x00007fd53e9a8a18, 0x00007fd53e9a8c00, 0x00007fd5e9de4000)
 Metaspace       used 22990K, capacity 23378K, committed 23552K, reserved 24576K
}
Event: 33.410 GC heap before
{Heap before GC invocations=6 (full 3):
 def new generation   total 3156800K, used 55418K [0x00007fcee8600000, 0x00007fcfbe750000, 0x00007fd43db50000)
  eden space 2806080K,   1% used [0x00007fcee8600000, 0x00007fceebc1e898, 0x00007fcf93a50000)
  from space 350720K,   0% used [0x00007fcf93a50000, 0x00007fcf93a50000, 0x00007fcfa90d0000)
  to   space 350720K,   0% used [0x00007fcfa90d0000, 0x00007fcfa90d0000, 0x00007fcfbe750000)
 tenured generation   total 11209300K, used 8403298K [0x00007fd43db50000, 0x00007fd6e9de5000, 0x00007fdee8600000)
   the space 11209300K,  74% used [0x00007fd43db50000, 0x00007fd63e9a8a30, 0x00007fd63e9a8c00, 0x00007fd6e9de5000)
 Metaspace       used 22990K, capacity 23378K, committed 23552K, reserved 24576K
}
Event: 33.439 GC heap after
{Heap after GC invocations=7 (full 3):
 def new generation   total 3156800K, used 0K [0x00007fcee8600000, 0x00007fcfbe750000, 0x00007fd43db50000)
  eden space 2806080K,   0% used [0x00007fcee8600000, 0x00007fcee8600000, 0x00007fcf93a50000)
  from space 350720K,   0% used [0x00007fcfa90d0000, 0x00007fcfa90d0248, 0x00007fcfbe750000)
  to   space 350720K,   0% used [0x00007fcf93a50000, 0x00007fcf93a50000, 0x00007fcfa90d0000)
 tenured generation   total 11209300K, used 8403298K [0x00007fd43db50000, 0x00007fd6e9de5000, 0x00007fdee8600000)
   the space 11209300K,  74% used [0x00007fd43db50000, 0x00007fd63e9a8a30, 0x00007fd63e9a8c00, 0x00007fd6e9de5000)
 Metaspace       used 22990K, capacity 23378K, committed 23552K, reserved 24576K
}
Event: 33.439 GC heap before
{Heap before GC invocations=7 (full 3):
 def new generation   total 3156800K, used 0K [0x00007fcee8600000, 0x00007fcfbe750000, 0x00007fd43db50000)
  eden space 2806080K,   0% used [0x00007fcee8600000, 0x00007fcee8600000, 0x00007fcf93a50000)
  from space 350720K,   0% used [0x00007fcfa90d0000, 0x00007fcfa90d0248, 0x00007fcfbe750000)
  to   space 350720K,   0% used [0x00007fcf93a50000, 0x00007fcf93a50000, 0x00007fcfa90d0000)
 tenured generation   total 11209300K, used 8403298K [0x00007fd43db50000, 0x00007fd6e9de5000, 0x00007fdee8600000)
   the space 11209300K,  74% used [0x00007fd43db50000, 0x00007fd63e9a8a30, 0x00007fd63e9a8c00, 0x00007fd6e9de5000)
 Metaspace       used 22990K, capacity 23378K, committed 23552K, reserved 24576K
}

