# JRE version: OpenJDK Runtime Environment (13.0.7+5) (build 13.0.7+5-Ubuntu-0ubuntu120.04)
# Java VM: OpenJDK 64-Bit Server VM (13.0.7+5-Ubuntu-0ubuntu120.04, mixed mode, tiered, serial gc, linux-amd64)
Heap:
 def new generation   total 1048832K, used 2039K [0x00007f0d44600000, 0x00007f0d8b800000, 0x00007f1299b50000)
  eden space 932352K,   0% used [0x00007f0d44600000, 0x00007f0d447fdc48, 0x00007f0d7d480000)
  from space 116480K,   0% used [0x00007f0d7d480000, 0x00007f0d7d480000, 0x00007f0d84640000)
  to   space 116480K,   0% used [0x00007f0d84640000, 0x00007f0d84640000, 0x00007f0d8b800000)
 tenured generation   total 2330752K, used 2330751K [0x00007f1299b50000, 0x00007f1327f70000, 0x00007f1d44600000)
   the space 2330752K,  99% used [0x00007f1299b50000, 0x00007f1327f6fe98, 0x00007f1327f70000, 0x00007f1327f70000)
 Metaspace       used 24232K, capacity 24655K, committed 24832K, reserved 26624K
GC Heap History (20 events):
Event: 14437.877 GC heap after
{Heap after GC invocations=22331 (full 2):
 def new generation   total 1048832K, used 2229K [0x00007f0d44600000, 0x00007f0d8b800000, 0x00007f1299b50000)
  eden space 932352K,   0% used [0x00007f0d44600000, 0x00007f0d44600000, 0x00007f0d7d480000)
  from space 116480K,   1% used [0x00007f0d84640000, 0x00007f0d8486d650, 0x00007f0d8b800000)
  to   space 116480K,   0% used [0x00007f0d7d480000, 0x00007f0d7d480000, 0x00007f0d84640000)
 tenured generation   total 2330560K, used 2329269K [0x00007f1299b50000, 0x00007f1327f40000, 0x00007f1d44600000)
   the space 2330560K,  99% used [0x00007f1299b50000, 0x00007f1327dfd630, 0x00007f1327dfd800, 0x00007f1327f40000)
 Metaspace       used 24232K, capacity 24655K, committed 24832K, reserved 26624K
}
Event: 14438.741 GC heap before
{Heap before GC invocations=22331 (full 2):
 def new generation   total 1048832K, used 934581K [0x00007f0d44600000, 0x00007f0d8b800000, 0x00007f1299b50000)
  eden space 932352K, 100% used [0x00007f0d44600000, 0x00007f0d7d480000, 0x00007f0d7d480000)
  from space 116480K,   1% used [0x00007f0d84640000, 0x00007f0d8486d650, 0x00007f0d8b800000)
  to   space 116480K,   0% used [0x00007f0d7d480000, 0x00007f0d7d480000, 0x00007f0d84640000)
 tenured generation   total 2330560K, used 2329269K [0x00007f1299b50000, 0x00007f1327f40000, 0x00007f1d44600000)
   the space 2330560K,  99% used [0x00007f1299b50000, 0x00007f1327dfd630, 0x00007f1327dfd800, 0x00007f1327f40000)
 Metaspace       used 24232K, capacity 24655K, committed 24832K, reserved 26624K
}
Event: 14438.749 GC heap after
{Heap after GC invocations=22332 (full 2):
 def new generation   total 1048832K, used 2236K [0x00007f0d44600000, 0x00007f0d8b800000, 0x00007f1299b50000)
  eden space 932352K,   0% used [0x00007f0d44600000, 0x00007f0d44600000, 0x00007f0d7d480000)
  from space 116480K,   1% used [0x00007f0d7d480000, 0x00007f0d7d6af108, 0x00007f0d84640000)
  to   space 116480K,   0% used [0x00007f0d84640000, 0x00007f0d84640000, 0x00007f0d8b800000)
 tenured generation   total 2330560K, used 2329412K [0x00007f1299b50000, 0x00007f1327f40000, 0x00007f1d44600000)
   the space 2330560K,  99% used [0x00007f1299b50000, 0x00007f1327e21328, 0x00007f1327e21400, 0x00007f1327f40000)
 Metaspace       used 24232K, capacity 24655K, committed 24832K, reserved 26624K
}
Event: 14439.571 GC heap before
{Heap before GC invocations=22332 (full 2):
 def new generation   total 1048832K, used 934588K [0x00007f0d44600000, 0x00007f0d8b800000, 0x00007f1299b50000)
  eden space 932352K, 100% used [0x00007f0d44600000, 0x00007f0d7d480000, 0x00007f0d7d480000)
  from space 116480K,   1% used [0x00007f0d7d480000, 0x00007f0d7d6af108, 0x00007f0d84640000)
  to   space 116480K,   0% used [0x00007f0d84640000, 0x00007f0d84640000, 0x00007f0d8b800000)
 tenured generation   total 2330560K, used 2329412K [0x00007f1299b50000, 0x00007f1327f40000, 0x00007f1d44600000)
   the space 2330560K,  99% used [0x00007f1299b50000, 0x00007f1327e21328, 0x00007f1327e21400, 0x00007f1327f40000)
 Metaspace       used 24232K, capacity 24655K, committed 24832K, reserved 26624K
}
Event: 14439.578 GC heap after
{Heap after GC invocations=22333 (full 2):
 def new generation   total 1048832K, used 2227K [0x00007f0d44600000, 0x00007f0d8b800000, 0x00007f1299b50000)
  eden space 932352K,   0% used [0x00007f0d44600000, 0x00007f0d44600000, 0x00007f0d7d480000)
  from space 116480K,   1% used [0x00007f0d84640000, 0x00007f0d8486cc40, 0x00007f0d8b800000)
  to   space 116480K,   0% used [0x00007f0d7d480000, 0x00007f0d7d480000, 0x00007f0d84640000)
 tenured generation   total 2330560K, used 2329556K [0x00007f1299b50000, 0x00007f1327f40000, 0x00007f1d44600000)
   the space 2330560K,  99% used [0x00007f1299b50000, 0x00007f1327e45020, 0x00007f1327e45200, 0x00007f1327f40000)
 Metaspace       used 24232K, capacity 24655K, committed 24832K, reserved 26624K
}
Event: 14440.475 GC heap before
{Heap before GC invocations=22333 (full 2):
 def new generation   total 1048832K, used 934579K [0x00007f0d44600000, 0x00007f0d8b800000, 0x00007f1299b50000)
  eden space 932352K, 100% used [0x00007f0d44600000, 0x00007f0d7d480000, 0x00007f0d7d480000)
  from space 116480K,   1% used [0x00007f0d84640000, 0x00007f0d8486cc40, 0x00007f0d8b800000)
  to   space 116480K,   0% used [0x00007f0d7d480000, 0x00007f0d7d480000, 0x00007f0d84640000)
 tenured generation   total 2330560K, used 2329556K [0x00007f1299b50000, 0x00007f1327f40000, 0x00007f1d44600000)
   the space 2330560K,  99% used [0x00007f1299b50000, 0x00007f1327e45020, 0x00007f1327e45200, 0x00007f1327f40000)
 Metaspace       used 24232K, capacity 24655K, committed 24832K, reserved 26624K
}
Event: 14440.483 GC heap after
{Heap after GC invocations=22334 (full 2):
 def new generation   total 1048832K, used 2232K [0x00007f0d44600000, 0x00007f0d8b800000, 0x00007f1299b50000)
  eden space 932352K,   0% used [0x00007f0d44600000, 0x00007f0d44600000, 0x00007f0d7d480000)
  from space 116480K,   1% used [0x00007f0d7d480000, 0x00007f0d7d6ae208, 0x00007f0d84640000)
  to   space 116480K,   0% used [0x00007f0d84640000, 0x00007f0d84640000, 0x00007f0d8b800000)
 tenured generation   total 2330560K, used 2329699K [0x00007f1299b50000, 0x00007f1327f40000, 0x00007f1d44600000)
   the space 2330560K,  99% used [0x00007f1299b50000, 0x00007f1327e68d18, 0x00007f1327e68e00, 0x00007f1327f40000)
 Metaspace       used 24232K, capacity 24655K, committed 24832K, reserved 26624K
}
Event: 14441.317 GC heap before
{Heap before GC invocations=22334 (full 2):
 def new generation   total 1048832K, used 934584K [0x00007f0d44600000, 0x00007f0d8b800000, 0x00007f1299b50000)
  eden space 932352K, 100% used [0x00007f0d44600000, 0x00007f0d7d480000, 0x00007f0d7d480000)
  from space 116480K,   1% used [0x00007f0d7d480000, 0x00007f0d7d6ae208, 0x00007f0d84640000)
  to   space 116480K,   0% used [0x00007f0d84640000, 0x00007f0d84640000, 0x00007f0d8b800000)
 tenured generation   total 2330560K, used 2329699K [0x00007f1299b50000, 0x00007f1327f40000, 0x00007f1d44600000)
   the space 2330560K,  99% used [0x00007f1299b50000, 0x00007f1327e68d18, 0x00007f1327e68e00, 0x00007f1327f40000)
 Metaspace       used 24232K, capacity 24655K, committed 24832K, reserved 26624K
}
Event: 14441.323 GC heap after
{Heap after GC invocations=22335 (full 2):
 def new generation   total 1048832K, used 2208K [0x00007f0d44600000, 0x00007f0d8b800000, 0x00007f1299b50000)
  eden space 932352K,   0% used [0x00007f0d44600000, 0x00007f0d44600000, 0x00007f0d7d480000)
  from space 116480K,   1% used [0x00007f0d84640000, 0x00007f0d84868158, 0x00007f0d8b800000)
  to   space 116480K,   0% used [0x00007f0d7d480000, 0x00007f0d7d480000, 0x00007f0d84640000)
 tenured generation   total 2330560K, used 2329871K [0x00007f1299b50000, 0x00007f1327f40000, 0x00007f1d44600000)
   the space 2330560K,  99% used [0x00007f1299b50000, 0x00007f1327e93ca8, 0x00007f1327e93e00, 0x00007f1327f40000)
 Metaspace       used 24232K, capacity 24655K, committed 24832K, reserved 26624K
}
Event: 14442.123 GC heap before
{Heap before GC invocations=22335 (full 2):
 def new generation   total 1048832K, used 934560K [0x00007f0d44600000, 0x00007f0d8b800000, 0x00007f1299b50000)
  eden space 932352K, 100% used [0x00007f0d44600000, 0x00007f0d7d480000, 0x00007f0d7d480000)
  from space 116480K,   1% used [0x00007f0d84640000, 0x00007f0d84868158, 0x00007f0d8b800000)
  to   space 116480K,   0% used [0x00007f0d7d480000, 0x00007f0d7d480000, 0x00007f0d84640000)
 tenured generation   total 2330560K, used 2329871K [0x00007f1299b50000, 0x00007f1327f40000, 0x00007f1d44600000)
   the space 2330560K,  99% used [0x00007f1299b50000, 0x00007f1327e93ca8, 0x00007f1327e93e00, 0x00007f1327f40000)
 Metaspace       used 24232K, capacity 24655K, committed 24832K, reserved 26624K
}
Event: 14442.129 GC heap after
{Heap after GC invocations=22336 (full 2):
 def new generation   total 1048832K, used 2198K [0x00007f0d44600000, 0x00007f0d8b800000, 0x00007f1299b50000)
  eden space 932352K,   0% used [0x00007f0d44600000, 0x00007f0d44600000, 0x00007f0d7d480000)
  from space 116480K,   1% used [0x00007f0d7d480000, 0x00007f0d7d6a5928, 0x00007f0d84640000)
  to   space 116480K,   0% used [0x00007f0d84640000, 0x00007f0d84640000, 0x00007f0d8b800000)
 tenured generation   total 2330560K, used 2330014K [0x00007f1299b50000, 0x00007f1327f40000, 0x00007f1d44600000)
   the space 2330560K,  99% used [0x00007f1299b50000, 0x00007f1327eb79a0, 0x00007f1327eb7a00, 0x00007f1327f40000)
 Metaspace       used 24232K, capacity 24655K, committed 24832K, reserved 26624K
}
Event: 14442.982 GC heap before
{Heap before GC invocations=22336 (full 2):
 def new generation   total 1048832K, used 934550K [0x00007f0d44600000, 0x00007f0d8b800000, 0x00007f1299b50000)
  eden space 932352K, 100% used [0x00007f0d44600000, 0x00007f0d7d480000, 0x00007f0d7d480000)
  from space 116480K,   1% used [0x00007f0d7d480000, 0x00007f0d7d6a5928, 0x00007f0d84640000)
  to   space 116480K,   0% used [0x00007f0d84640000, 0x00007f0d84640000, 0x00007f0d8b800000)
 tenured generation   total 2330560K, used 2330014K [0x00007f1299b50000, 0x00007f1327f40000, 0x00007f1d44600000)
   the space 2330560K,  99% used [0x00007f1299b50000, 0x00007f1327eb79a0, 0x00007f1327eb7a00, 0x00007f1327f40000)
 Metaspace       used 24232K, capacity 24655K, committed 24832K, reserved 26624K
}
Event: 14442.990 GC heap after
{Heap after GC invocations=22337 (full 2):
 def new generation   total 1048832K, used 2205K [0x00007f0d44600000, 0x00007f0d8b800000, 0x00007f1299b50000)
  eden space 932352K,   0% used [0x00007f0d44600000, 0x00007f0d44600000, 0x00007f0d7d480000)
  from space 116480K,   1% used [0x00007f0d84640000, 0x00007f0d84867438, 0x00007f0d8b800000)
  to   space 116480K,   0% used [0x00007f0d7d480000, 0x00007f0d7d480000, 0x00007f0d84640000)
 tenured generation   total 2330560K, used 2330157K [0x00007f1299b50000, 0x00007f1327f40000, 0x00007f1d44600000)
   the space 2330560K,  99% used [0x00007f1299b50000, 0x00007f1327edb698, 0x00007f1327edb800, 0x00007f1327f40000)
 Metaspace       used 24232K, capacity 24655K, committed 24832K, reserved 26624K
}
Event: 14443.836 GC heap before
{Heap before GC invocations=22337 (full 2):
 def new generation   total 1048832K, used 934557K [0x00007f0d44600000, 0x00007f0d8b800000, 0x00007f1299b50000)
  eden space 932352K, 100% used [0x00007f0d44600000, 0x00007f0d7d480000, 0x00007f0d7d480000)
  from space 116480K,   1% used [0x00007f0d84640000, 0x00007f0d84867438, 0x00007f0d8b800000)
  to   space 116480K,   0% used [0x00007f0d7d480000, 0x00007f0d7d480000, 0x00007f0d84640000)
 tenured generation   total 2330560K, used 2330157K [0x00007f1299b50000, 0x00007f1327f40000, 0x00007f1d44600000)
   the space 2330560K,  99% used [0x00007f1299b50000, 0x00007f1327edb698, 0x00007f1327edb800, 0x00007f1327f40000)
 Metaspace       used 24232K, capacity 24655K, committed 24832K, reserved 26624K
}
Event: 14443.842 GC heap after
{Heap after GC invocations=22338 (full 2):
 def new generation   total 1048832K, used 2208K [0x00007f0d44600000, 0x00007f0d8b800000, 0x00007f1299b50000)
  eden space 932352K,   0% used [0x00007f0d44600000, 0x00007f0d44600000, 0x00007f0d7d480000)
  from space 116480K,   1% used [0x00007f0d7d480000, 0x00007f0d7d6a8110, 0x00007f0d84640000)
  to   space 116480K,   0% used [0x00007f0d84640000, 0x00007f0d84640000, 0x00007f0d8b800000)
 tenured generation   total 2330560K, used 2330300K [0x00007f1299b50000, 0x00007f1327f40000, 0x00007f1d44600000)
   the space 2330560K,  99% used [0x00007f1299b50000, 0x00007f1327eff390, 0x00007f1327eff400, 0x00007f1327f40000)
 Metaspace       used 24232K, capacity 24655K, committed 24832K, reserved 26624K
}
Event: 14444.722 GC heap before
{Heap before GC invocations=22338 (full 2):
 def new generation   total 1048832K, used 934560K [0x00007f0d44600000, 0x00007f0d8b800000, 0x00007f1299b50000)
  eden space 932352K, 100% used [0x00007f0d44600000, 0x00007f0d7d480000, 0x00007f0d7d480000)
  from space 116480K,   1% used [0x00007f0d7d480000, 0x00007f0d7d6a8110, 0x00007f0d84640000)
  to   space 116480K,   0% used [0x00007f0d84640000, 0x00007f0d84640000, 0x00007f0d8b800000)
 tenured generation   total 2330560K, used 2330300K [0x00007f1299b50000, 0x00007f1327f40000, 0x00007f1d44600000)
   the space 2330560K,  99% used [0x00007f1299b50000, 0x00007f1327eff390, 0x00007f1327eff400, 0x00007f1327f40000)
 Metaspace       used 24232K, capacity 24655K, committed 24832K, reserved 26624K
}
Event: 14444.729 GC heap after
{Heap after GC invocations=22339 (full 2):
 def new generation   total 1048832K, used 2199K [0x00007f0d44600000, 0x00007f0d8b800000, 0x00007f1299b50000)
  eden space 932352K,   0% used [0x00007f0d44600000, 0x00007f0d44600000, 0x00007f0d7d480000)
  from space 116480K,   1% used [0x00007f0d84640000, 0x00007f0d84865d88, 0x00007f0d8b800000)
  to   space 116480K,   0% used [0x00007f0d7d480000, 0x00007f0d7d480000, 0x00007f0d84640000)
 tenured generation   total 2330560K, used 2330444K [0x00007f1299b50000, 0x00007f1327f40000, 0x00007f1d44600000)
   the space 2330560K,  99% used [0x00007f1299b50000, 0x00007f1327f23088, 0x00007f1327f23200, 0x00007f1327f40000)
 Metaspace       used 24232K, capacity 24655K, committed 24832K, reserved 26624K
}
Event: 14445.595 GC heap before
{Heap before GC invocations=22339 (full 2):
 def new generation   total 1048832K, used 934551K [0x00007f0d44600000, 0x00007f0d8b800000, 0x00007f1299b50000)
  eden space 932352K, 100% used [0x00007f0d44600000, 0x00007f0d7d480000, 0x00007f0d7d480000)
  from space 116480K,   1% used [0x00007f0d84640000, 0x00007f0d84865d88, 0x00007f0d8b800000)
  to   space 116480K,   0% used [0x00007f0d7d480000, 0x00007f0d7d480000, 0x00007f0d84640000)
 tenured generation   total 2330560K, used 2330444K [0x00007f1299b50000, 0x00007f1327f40000, 0x00007f1d44600000)
   the space 2330560K,  99% used [0x00007f1299b50000, 0x00007f1327f23088, 0x00007f1327f23200, 0x00007f1327f40000)
 Metaspace       used 24232K, capacity 24655K, committed 24832K, reserved 26624K
}
Event: 14445.607 GC heap after
{Heap after GC invocations=22340 (full 2):
 def new generation   total 1048832K, used 2203K [0x00007f0d44600000, 0x00007f0d8b800000, 0x00007f1299b50000)
  eden space 932352K,   0% used [0x00007f0d44600000, 0x00007f0d44600000, 0x00007f0d7d480000)
  from space 116480K,   1% used [0x00007f0d7d480000, 0x00007f0d7d6a6d60, 0x00007f0d84640000)
  to   space 116480K,   0% used [0x00007f0d84640000, 0x00007f0d84640000, 0x00007f0d8b800000)
 tenured generation   total 2330752K, used 2330587K [0x00007f1299b50000, 0x00007f1327f70000, 0x00007f1d44600000)
   the space 2330752K,  99% used [0x00007f1299b50000, 0x00007f1327f46d80, 0x00007f1327f46e00, 0x00007f1327f70000)
 Metaspace       used 24232K, capacity 24655K, committed 24832K, reserved 26624K
}
Event: 14445.607 GC heap before
{Heap before GC invocations=22340 (full 2):
 def new generation   total 1048832K, used 2203K [0x00007f0d44600000, 0x00007f0d8b800000, 0x00007f1299b50000)
  eden space 932352K,   0% used [0x00007f0d44600000, 0x00007f0d44600000, 0x00007f0d7d480000)
  from space 116480K,   1% used [0x00007f0d7d480000, 0x00007f0d7d6a6d60, 0x00007f0d84640000)
  to   space 116480K,   0% used [0x00007f0d84640000, 0x00007f0d84640000, 0x00007f0d8b800000)
 tenured generation   total 2330752K, used 2330587K [0x00007f1299b50000, 0x00007f1327f70000, 0x00007f1d44600000)
   the space 2330752K,  99% used [0x00007f1299b50000, 0x00007f1327f46d80, 0x00007f1327f46e00, 0x00007f1327f70000)
 Metaspace       used 24232K, capacity 24655K, committed 24832K, reserved 26624K
}

