# JRE version: OpenJDK Runtime Environment (13.0.7+5) (build 13.0.7+5-Ubuntu-0ubuntu120.04)
# Java VM: OpenJDK 64-Bit Server VM (13.0.7+5-Ubuntu-0ubuntu120.04, mixed mode, tiered, serial gc, linux-amd64)
Heap:
 def new generation   total 3158400K, used 0K [0x00007fc93c600000, 0x00007fca12910000, 0x00007fce91b50000)
  eden space 2807488K,   0% used [0x00007fc93c600000, 0x00007fc93c600000, 0x00007fc9e7bb0000)
  from space 350912K,   0% used [0x00007fc9e7bb0000, 0x00007fc9e7bb0000, 0x00007fc9fd260000)
  to   space 350912K,   0% used [0x00007fc9fd260000, 0x00007fc9fd260000, 0x00007fca12910000)
 tenured generation   total 7018540K, used 4203657K [0x00007fce91b50000, 0x00007fd03e15b000, 0x00007fd93c600000)
   the space 7018540K,  59% used [0x00007fce91b50000, 0x00007fcf92472408, 0x00007fcf92472600, 0x00007fd03e15b000)
 Metaspace       used 23202K, capacity 23588K, committed 23808K, reserved 24576K
GC Heap History (20 events):
Event: 2.535 GC heap before
{Heap before GC invocations=0 (full 0):
 def new generation   total 629120K, used 111847K [0x00007fc93c600000, 0x00007fc9670a0000, 0x00007fce91b50000)
  eden space 559232K,  20% used [0x00007fc93c600000, 0x00007fc943339c88, 0x00007fc95e820000)
  from space 69888K,   0% used [0x00007fc95e820000, 0x00007fc95e820000, 0x00007fc962c60000)
  to   space 69888K,   0% used [0x00007fc962c60000, 0x00007fc962c60000, 0x00007fc9670a0000)
 tenured generation   total 1398144K, used 0K [0x00007fce91b50000, 0x00007fcee70b0000, 0x00007fd93c600000)
   the space 1398144K,   0% used [0x00007fce91b50000, 0x00007fce91b50000, 0x00007fce91b50200, 0x00007fcee70b0000)
 Metaspace       used 20920K, capacity 21208K, committed 21248K, reserved 22528K
}
Event: 2.591 GC heap after
{Heap after GC invocations=1 (full 1):
 def new generation   total 629248K, used 0K [0x00007fc93c600000, 0x00007fc9670c0000, 0x00007fce91b50000)
  eden space 559360K,   0% used [0x00007fc93c600000, 0x00007fc93c600000, 0x00007fc95e840000)
  from space 69888K,   0% used [0x00007fc95e840000, 0x00007fc95e840000, 0x00007fc962c80000)
  to   space 69888K,   0% used [0x00007fc962c80000, 0x00007fc962c80000, 0x00007fc9670c0000)
 tenured generation   total 1398144K, used 13606K [0x00007fce91b50000, 0x00007fcee70b0000, 0x00007fd93c600000)
   the space 1398144K,   0% used [0x00007fce91b50000, 0x00007fce92899bf0, 0x00007fce92899c00, 0x00007fcee70b0000)
 Metaspace       used 20920K, capacity 21208K, committed 21248K, reserved 22528K
}
Event: 4.211 GC heap before
{Heap before GC invocations=1 (full 1):
 def new generation   total 629248K, used 559360K [0x00007fc93c600000, 0x00007fc9670c0000, 0x00007fce91b50000)
  eden space 559360K, 100% used [0x00007fc93c600000, 0x00007fc95e840000, 0x00007fc95e840000)
  from space 69888K,   0% used [0x00007fc95e840000, 0x00007fc95e840000, 0x00007fc962c80000)
  to   space 69888K,   0% used [0x00007fc962c80000, 0x00007fc962c80000, 0x00007fc9670c0000)
 tenured generation   total 1398144K, used 13606K [0x00007fce91b50000, 0x00007fcee70b0000, 0x00007fd93c600000)
   the space 1398144K,   0% used [0x00007fce91b50000, 0x00007fce92899bf0, 0x00007fce92899c00, 0x00007fcee70b0000)
 Metaspace       used 23026K, capacity 23374K, committed 23552K, reserved 24576K
}
Event: 4.217 GC heap after
{Heap after GC invocations=2 (full 1):
 def new generation   total 629248K, used 685K [0x00007fc93c600000, 0x00007fc9670c0000, 0x00007fce91b50000)
  eden space 559360K,   0% used [0x00007fc93c600000, 0x00007fc93c600000, 0x00007fc95e840000)
  from space 69888K,   0% used [0x00007fc962c80000, 0x00007fc962d2b408, 0x00007fc9670c0000)
  to   space 69888K,   0% used [0x00007fc95e840000, 0x00007fc95e840000, 0x00007fc962c80000)
 tenured generation   total 1398144K, used 13606K [0x00007fce91b50000, 0x00007fcee70b0000, 0x00007fd93c600000)
   the space 1398144K,   0% used [0x00007fce91b50000, 0x00007fce92899bf0, 0x00007fce92899c00, 0x00007fcee70b0000)
 Metaspace       used 23026K, capacity 23374K, committed 23552K, reserved 24576K
}
Event: 5.150 GC heap before
{Heap before GC invocations=2 (full 1):
 def new generation   total 629248K, used 560045K [0x00007fc93c600000, 0x00007fc9670c0000, 0x00007fce91b50000)
  eden space 559360K, 100% used [0x00007fc93c600000, 0x00007fc95e840000, 0x00007fc95e840000)
  from space 69888K,   0% used [0x00007fc962c80000, 0x00007fc962d2b408, 0x00007fc9670c0000)
  to   space 69888K,   0% used [0x00007fc95e840000, 0x00007fc95e840000, 0x00007fc962c80000)
 tenured generation   total 1398144K, used 13606K [0x00007fce91b50000, 0x00007fcee70b0000, 0x00007fd93c600000)
   the space 1398144K,   0% used [0x00007fce91b50000, 0x00007fce92899bf0, 0x00007fce92899c00, 0x00007fcee70b0000)
 Metaspace       used 23034K, capacity 23375K, committed 23552K, reserved 24576K
}
Event: 5.153 GC heap after
{Heap after GC invocations=3 (full 1):
 def new generation   total 629248K, used 982K [0x00007fc93c600000, 0x00007fc9670c0000, 0x00007fce91b50000)
  eden space 559360K,   0% used [0x00007fc93c600000, 0x00007fc93c600000, 0x00007fc95e840000)
  from space 69888K,   1% used [0x00007fc95e840000, 0x00007fc95e935898, 0x00007fc962c80000)
  to   space 69888K,   0% used [0x00007fc962c80000, 0x00007fc962c80000, 0x00007fc9670c0000)
 tenured generation   total 1398144K, used 13606K [0x00007fce91b50000, 0x00007fcee70b0000, 0x00007fd93c600000)
   the space 1398144K,   0% used [0x00007fce91b50000, 0x00007fce92899bf0, 0x00007fce92899c00, 0x00007fcee70b0000)
 Metaspace       used 23034K, capacity 23375K, committed 23552K, reserved 24576K
}
Event: 5.303 GC heap before
{Heap before GC invocations=3 (full 1):
 def new generation   total 629248K, used 84000K [0x00007fc93c600000, 0x00007fc9670c0000, 0x00007fce91b50000)
  eden space 559360K,  14% used [0x00007fc93c600000, 0x00007fc941712aa0, 0x00007fc95e840000)
  from space 69888K,   1% used [0x00007fc95e840000, 0x00007fc95e935898, 0x00007fc962c80000)
  to   space 69888K,   0% used [0x00007fc962c80000, 0x00007fc962c80000, 0x00007fc9670c0000)
 tenured generation   total 1398144K, used 13606K [0x00007fce91b50000, 0x00007fcee70b0000, 0x00007fd93c600000)
   the space 1398144K,   0% used [0x00007fce91b50000, 0x00007fce92899bf0, 0x00007fce92899c00, 0x00007fcee70b0000)
 Metaspace       used 23200K, capacity 23524K, committed 23552K, reserved 24576K
}
Event: 5.307 GC heap after
{Heap after GC invocations=4 (full 1):
 def new generation   total 629248K, used 3212K [0x00007fc93c600000, 0x00007fc9670c0000, 0x00007fce91b50000)
  eden space 559360K,   0% used [0x00007fc93c600000, 0x00007fc93c600000, 0x00007fc95e840000)
  from space 69888K,   4% used [0x00007fc962c80000, 0x00007fc962fa3248, 0x00007fc9670c0000)
  to   space 69888K,   0% used [0x00007fc95e840000, 0x00007fc95e840000, 0x00007fc962c80000)
 tenured generation   total 1398144K, used 13606K [0x00007fce91b50000, 0x00007fcee70b0000, 0x00007fd93c600000)
   the space 1398144K,   0% used [0x00007fce91b50000, 0x00007fce92899bf0, 0x00007fce92899c00, 0x00007fcee70b0000)
 Metaspace       used 23200K, capacity 23524K, committed 23552K, reserved 24576K
}
Event: 5.307 GC heap before
{Heap before GC invocations=4 (full 1):
 def new generation   total 629248K, used 3212K [0x00007fc93c600000, 0x00007fc9670c0000, 0x00007fce91b50000)
  eden space 559360K,   0% used [0x00007fc93c600000, 0x00007fc93c600000, 0x00007fc95e840000)
  from space 69888K,   4% used [0x00007fc962c80000, 0x00007fc962fa3248, 0x00007fc9670c0000)
  to   space 69888K,   0% used [0x00007fc95e840000, 0x00007fc95e840000, 0x00007fc962c80000)
 tenured generation   total 1398144K, used 13606K [0x00007fce91b50000, 0x00007fcee70b0000, 0x00007fd93c600000)
   the space 1398144K,   0% used [0x00007fce91b50000, 0x00007fce92899bf0, 0x00007fce92899c00, 0x00007fcee70b0000)
 Metaspace       used 23200K, capacity 23524K, committed 23552K, reserved 24576K
}
Event: 5.337 GC heap after
{Heap after GC invocations=4 (full 2):
 def new generation   total 629248K, used 0K [0x00007fc93c600000, 0x00007fc9670c0000, 0x00007fce91b50000)
  eden space 559360K,   0% used [0x00007fc93c600000, 0x00007fc93c600000, 0x00007fc95e840000)
  from space 69888K,   0% used [0x00007fc962c80000, 0x00007fc962c80000, 0x00007fc9670c0000)
  to   space 69888K,   0% used [0x00007fc95e840000, 0x00007fc95e840000, 0x00007fc962c80000)
 tenured generation   total 1398144K, used 16818K [0x00007fce91b50000, 0x00007fcee70b0000, 0x00007fd93c600000)
   the space 1398144K,   1% used [0x00007fce91b50000, 0x00007fce92bbcb98, 0x00007fce92bbcc00, 0x00007fcee70b0000)
 Metaspace       used 23200K, capacity 23524K, committed 23552K, reserved 24576K
}
Event: 9.470 GC heap before
{Heap before GC invocations=4 (full 2):
 def new generation   total 629248K, used 16654K [0x00007fc93c600000, 0x00007fc9670c0000, 0x00007fce91b50000)
  eden space 559360K,   2% used [0x00007fc93c600000, 0x00007fc93d6439b0, 0x00007fc95e840000)
  from space 69888K,   0% used [0x00007fc962c80000, 0x00007fc962c80000, 0x00007fc9670c0000)
  to   space 69888K,   0% used [0x00007fc95e840000, 0x00007fc95e840000, 0x00007fc962c80000)
 tenured generation   total 5592452K, used 4211122K [0x00007fce91b50000, 0x00007fcfe70b1000, 0x00007fd93c600000)
   the space 5592452K,  75% used [0x00007fce91b50000, 0x00007fcf92bbcbb0, 0x00007fcf92bbcc00, 0x00007fcfe70b1000)
 Metaspace       used 23202K, capacity 23588K, committed 23808K, reserved 24576K
}
Event: 9.472 GC heap after
{Heap after GC invocations=5 (full 2):
 def new generation   total 629248K, used 0K [0x00007fc93c600000, 0x00007fc9670c0000, 0x00007fce91b50000)
  eden space 559360K,   0% used [0x00007fc93c600000, 0x00007fc93c600000, 0x00007fc95e840000)
  from space 69888K,   0% used [0x00007fc95e840000, 0x00007fc95e8401c0, 0x00007fc962c80000)
  to   space 69888K,   0% used [0x00007fc962c80000, 0x00007fc962c80000, 0x00007fc9670c0000)
 tenured generation   total 5592452K, used 4211122K [0x00007fce91b50000, 0x00007fcfe70b1000, 0x00007fd93c600000)
   the space 5592452K,  75% used [0x00007fce91b50000, 0x00007fcf92bbcbb0, 0x00007fcf92bbcc00, 0x00007fcfe70b1000)
 Metaspace       used 23202K, capacity 23588K, committed 23808K, reserved 24576K
}
Event: 9.472 GC heap before
{Heap before GC invocations=5 (full 2):
 def new generation   total 629248K, used 0K [0x00007fc93c600000, 0x00007fc9670c0000, 0x00007fce91b50000)
  eden space 559360K,   0% used [0x00007fc93c600000, 0x00007fc93c600000, 0x00007fc95e840000)
  from space 69888K,   0% used [0x00007fc95e840000, 0x00007fc95e8401c0, 0x00007fc962c80000)
  to   space 69888K,   0% used [0x00007fc962c80000, 0x00007fc962c80000, 0x00007fc9670c0000)
 tenured generation   total 5592452K, used 4211122K [0x00007fce91b50000, 0x00007fcfe70b1000, 0x00007fd93c600000)
   the space 5592452K,  75% used [0x00007fce91b50000, 0x00007fcf92bbcbb0, 0x00007fcf92bbcc00, 0x00007fcfe70b1000)
 Metaspace       used 23202K, capacity 23588K, committed 23808K, reserved 24576K
}
Event: 9.517 GC heap after
{Heap after GC invocations=5 (full 3):
 def new generation   total 3158400K, used 0K [0x00007fc93c600000, 0x00007fca12910000, 0x00007fce91b50000)
  eden space 2807488K,   0% used [0x00007fc93c600000, 0x00007fc93c600000, 0x00007fc9e7bb0000)
  from space 350912K,   0% used [0x00007fc9e7bb0000, 0x00007fc9e7bb0000, 0x00007fc9fd260000)
  to   space 350912K,   0% used [0x00007fc9fd260000, 0x00007fc9fd260000, 0x00007fca12910000)
 tenured generation   total 7018540K, used 4211123K [0x00007fce91b50000, 0x00007fd03e15b000, 0x00007fd93c600000)
   the space 7018540K,  59% used [0x00007fce91b50000, 0x00007fcf92bbcd70, 0x00007fcf92bbce00, 0x00007fd03e15b000)
 Metaspace       used 23202K, capacity 23588K, committed 23808K, reserved 24576K
}
Event: 12.170 GC heap before
{Heap before GC invocations=5 (full 3):
 def new generation   total 3158400K, used 2152666K [0x00007fc93c600000, 0x00007fca12910000, 0x00007fce91b50000)
  eden space 2807488K,  76% used [0x00007fc93c600000, 0x00007fc9bfc36a78, 0x00007fc9e7bb0000)
  from space 350912K,   0% used [0x00007fc9e7bb0000, 0x00007fc9e7bb0000, 0x00007fc9fd260000)
  to   space 350912K,   0% used [0x00007fc9fd260000, 0x00007fc9fd260000, 0x00007fca12910000)
 tenured generation   total 7018540K, used 4211123K [0x00007fce91b50000, 0x00007fd03e15b000, 0x00007fd93c600000)
   the space 7018540K,  59% used [0x00007fce91b50000, 0x00007fcf92bbcd70, 0x00007fcf92bbce00, 0x00007fd03e15b000)
 Metaspace       used 23202K, capacity 23588K, committed 23808K, reserved 24576K
}
Event: 13.671 GC heap after
{Heap after GC invocations=6 (full 3):
 def new generation   total 3158400K, used 0K [0x00007fc93c600000, 0x00007fca12910000, 0x00007fce91b50000)
  eden space 2807488K,   0% used [0x00007fc93c600000, 0x00007fc93c600000, 0x00007fc9e7bb0000)
  from space 350912K,   0% used [0x00007fc9fd260000, 0x00007fc9fd260320, 0x00007fca12910000)
  to   space 350912K,   0% used [0x00007fc9e7bb0000, 0x00007fc9e7bb0000, 0x00007fc9fd260000)
 tenured generation   total 7018540K, used 6308275K [0x00007fce91b50000, 0x00007fd03e15b000, 0x00007fd93c600000)
   the space 7018540K,  89% used [0x00007fce91b50000, 0x00007fd012bbcd88, 0x00007fd012bbce00, 0x00007fd03e15b000)
 Metaspace       used 23202K, capacity 23588K, committed 23808K, reserved 24576K
}
Event: 14.218 GC heap before
{Heap before GC invocations=6 (full 3):
 def new generation   total 3158400K, used 2152382K [0x00007fc93c600000, 0x00007fca12910000, 0x00007fce91b50000)
  eden space 2807488K,  76% used [0x00007fc93c600000, 0x00007fc9bfbef8b0, 0x00007fc9e7bb0000)
  from space 350912K,   0% used [0x00007fc9fd260000, 0x00007fc9fd260320, 0x00007fca12910000)
  to   space 350912K,   0% used [0x00007fc9e7bb0000, 0x00007fc9e7bb0000, 0x00007fc9fd260000)
 tenured generation   total 7018540K, used 6308275K [0x00007fce91b50000, 0x00007fd03e15b000, 0x00007fd93c600000)
   the space 7018540K,  89% used [0x00007fce91b50000, 0x00007fd012bbcd88, 0x00007fd012bbce00, 0x00007fd03e15b000)
 Metaspace       used 23202K, capacity 23588K, committed 23808K, reserved 24576K
}
Event: 15.710 GC heap after
{Heap after GC invocations=7 (full 3):
 def new generation   total 3158400K, used 1K [0x00007fc93c600000, 0x00007fca12910000, 0x00007fce91b50000)
  eden space 2807488K,   0% used [0x00007fc93c600000, 0x00007fc93c600000, 0x00007fc9e7bb0000)
  from space 350912K,   0% used [0x00007fc9e7bb0000, 0x00007fc9e7bb05b0, 0x00007fc9fd260000)
  to   space 350912K,   0% used [0x00007fc9fd260000, 0x00007fc9fd260000, 0x00007fca12910000)
 tenured generation   total 9115696K, used 8405427K [0x00007fce91b50000, 0x00007fd0be15c000, 0x00007fd93c600000)
   the space 9115696K,  92% used [0x00007fce91b50000, 0x00007fd092bbcda0, 0x00007fd092bbce00, 0x00007fd0be15c000)
 Metaspace       used 23202K, capacity 23588K, committed 23808K, reserved 24576K
}
Event: 15.710 GC heap before
{Heap before GC invocations=7 (full 3):
 def new generation   total 3158400K, used 1K [0x00007fc93c600000, 0x00007fca12910000, 0x00007fce91b50000)
  eden space 2807488K,   0% used [0x00007fc93c600000, 0x00007fc93c600000, 0x00007fc9e7bb0000)
  from space 350912K,   0% used [0x00007fc9e7bb0000, 0x00007fc9e7bb05b0, 0x00007fc9fd260000)
  to   space 350912K,   0% used [0x00007fc9fd260000, 0x00007fc9fd260000, 0x00007fca12910000)
 tenured generation   total 9115696K, used 8405427K [0x00007fce91b50000, 0x00007fd0be15c000, 0x00007fd93c600000)
   the space 9115696K,  92% used [0x00007fce91b50000, 0x00007fd092bbcda0, 0x00007fd092bbce00, 0x00007fd0be15c000)
 Metaspace       used 23202K, capacity 23588K, committed 23808K, reserved 24576K
}
Event: 16.947 GC heap after
{Heap after GC invocations=7 (full 4):
 def new generation   total 3158400K, used 0K [0x00007fc93c600000, 0x00007fca12910000, 0x00007fce91b50000)
  eden space 2807488K,   0% used [0x00007fc93c600000, 0x00007fc93c600000, 0x00007fc9e7bb0000)
  from space 350912K,   0% used [0x00007fc9e7bb0000, 0x00007fc9e7bb0000, 0x00007fc9fd260000)
  to   space 350912K,   0% used [0x00007fc9fd260000, 0x00007fc9fd260000, 0x00007fca12910000)
 tenured generation   total 7018540K, used 4203657K [0x00007fce91b50000, 0x00007fd03e15b000, 0x00007fd93c600000)
   the space 7018540K,  59% used [0x00007fce91b50000, 0x00007fcf92472408, 0x00007fcf92472600, 0x00007fd03e15b000)
 Metaspace       used 23202K, capacity 23588K, committed 23808K, reserved 24576K
}

