# JRE version: OpenJDK Runtime Environment (13.0.7+5) (build 13.0.7+5-Ubuntu-0ubuntu120.04)
# Java VM: OpenJDK 64-Bit Server VM (13.0.7+5-Ubuntu-0ubuntu120.04, mixed mode, tiered, serial gc, linux-amd64)
Heap:
 def new generation   total 1616832K, used 74998K [0x00007f8580400000, 0x00007f85ede60000, 0x00007f902aea0000)
  eden space 1437184K,   5% used [0x00007f8580400000, 0x00007f8584d3dbf8, 0x00007f85d7f80000)
  from space 179648K,   0% used [0x00007f85e2ef0000, 0x00007f85e2ef0000, 0x00007f85ede60000)
  to   space 179648K,   0% used [0x00007f85d7f80000, 0x00007f85d7f80000, 0x00007f85e2ef0000)
 tenured generation   total 3609268K, used 3609017K [0x00007f902aea0000, 0x00007f910734d000, 0x00007fa580400000)
   the space 3609268K,  99% used [0x00007f902aea0000, 0x00007f910730e790, 0x00007f910730e800, 0x00007f910734d000)
 Metaspace       used 24216K, capacity 24634K, committed 24832K, reserved 26624K
GC Heap History (20 events):
Event: 1069.225 GC heap after
{Heap after GC invocations=1139 (full 5):
 def new generation   total 1616832K, used 84782K [0x00007f8580400000, 0x00007f85ede60000, 0x00007f902aea0000)
  eden space 1437184K,   0% used [0x00007f8580400000, 0x00007f8580400000, 0x00007f85d7f80000)
  from space 179648K,  47% used [0x00007f85d7f80000, 0x00007f85dd24bb10, 0x00007f85e2ef0000)
  to   space 179648K,   0% used [0x00007f85e2ef0000, 0x00007f85e2ef0000, 0x00007f85ede60000)
 tenured generation   total 3592880K, used 3531411K [0x00007f902aea0000, 0x00007f910634c000, 0x00007fa580400000)
   the space 3592880K,  98% used [0x00007f902aea0000, 0x00007f9102744c10, 0x00007f9102744e00, 0x00007f910634c000)
 Metaspace       used 24216K, capacity 24634K, committed 24832K, reserved 26624K
}
Event: 1071.099 GC heap before
{Heap before GC invocations=1139 (full 5):
 def new generation   total 1616832K, used 1521966K [0x00007f8580400000, 0x00007f85ede60000, 0x00007f902aea0000)
  eden space 1437184K, 100% used [0x00007f8580400000, 0x00007f85d7f80000, 0x00007f85d7f80000)
  from space 179648K,  47% used [0x00007f85d7f80000, 0x00007f85dd24bb10, 0x00007f85e2ef0000)
  to   space 179648K,   0% used [0x00007f85e2ef0000, 0x00007f85e2ef0000, 0x00007f85ede60000)
 tenured generation   total 3592880K, used 3531411K [0x00007f902aea0000, 0x00007f910634c000, 0x00007fa580400000)
   the space 3592880K,  98% used [0x00007f902aea0000, 0x00007f9102744c10, 0x00007f9102744e00, 0x00007f910634c000)
 Metaspace       used 24216K, capacity 24634K, committed 24832K, reserved 26624K
}
Event: 1071.172 GC heap after
{Heap after GC invocations=1140 (full 5):
 def new generation   total 1616832K, used 94044K [0x00007f8580400000, 0x00007f85ede60000, 0x00007f902aea0000)
  eden space 1437184K,   0% used [0x00007f8580400000, 0x00007f8580400000, 0x00007f85d7f80000)
  from space 179648K,  52% used [0x00007f85e2ef0000, 0x00007f85e8ac7378, 0x00007f85ede60000)
  to   space 179648K,   0% used [0x00007f85d7f80000, 0x00007f85d7f80000, 0x00007f85e2ef0000)
 tenured generation   total 3592880K, used 3531411K [0x00007f902aea0000, 0x00007f910634c000, 0x00007fa580400000)
   the space 3592880K,  98% used [0x00007f902aea0000, 0x00007f9102744c10, 0x00007f9102744e00, 0x00007f910634c000)
 Metaspace       used 24216K, capacity 24634K, committed 24832K, reserved 26624K
}
Event: 1072.882 GC heap before
{Heap before GC invocations=1140 (full 5):
 def new generation   total 1616832K, used 1531228K [0x00007f8580400000, 0x00007f85ede60000, 0x00007f902aea0000)
  eden space 1437184K, 100% used [0x00007f8580400000, 0x00007f85d7f80000, 0x00007f85d7f80000)
  from space 179648K,  52% used [0x00007f85e2ef0000, 0x00007f85e8ac7378, 0x00007f85ede60000)
  to   space 179648K,   0% used [0x00007f85d7f80000, 0x00007f85d7f80000, 0x00007f85e2ef0000)
 tenured generation   total 3592880K, used 3531411K [0x00007f902aea0000, 0x00007f910634c000, 0x00007fa580400000)
   the space 3592880K,  98% used [0x00007f902aea0000, 0x00007f9102744c10, 0x00007f9102744e00, 0x00007f910634c000)
 Metaspace       used 24216K, capacity 24634K, committed 24832K, reserved 26624K
}
Event: 1072.974 GC heap after
{Heap after GC invocations=1141 (full 5):
 def new generation   total 1616832K, used 84784K [0x00007f8580400000, 0x00007f85ede60000, 0x00007f902aea0000)
  eden space 1437184K,   0% used [0x00007f8580400000, 0x00007f8580400000, 0x00007f85d7f80000)
  from space 179648K,  47% used [0x00007f85d7f80000, 0x00007f85dd24c0e8, 0x00007f85e2ef0000)
  to   space 179648K,   0% used [0x00007f85e2ef0000, 0x00007f85e2ef0000, 0x00007f85ede60000)
 tenured generation   total 3592880K, used 3548369K [0x00007f902aea0000, 0x00007f910634c000, 0x00007fa580400000)
   the space 3592880K,  98% used [0x00007f902aea0000, 0x00007f91037d4668, 0x00007f91037d4800, 0x00007f910634c000)
 Metaspace       used 24216K, capacity 24634K, committed 24832K, reserved 26624K
}
Event: 1074.664 GC heap before
{Heap before GC invocations=1141 (full 5):
 def new generation   total 1616832K, used 1521968K [0x00007f8580400000, 0x00007f85ede60000, 0x00007f902aea0000)
  eden space 1437184K, 100% used [0x00007f8580400000, 0x00007f85d7f80000, 0x00007f85d7f80000)
  from space 179648K,  47% used [0x00007f85d7f80000, 0x00007f85dd24c0e8, 0x00007f85e2ef0000)
  to   space 179648K,   0% used [0x00007f85e2ef0000, 0x00007f85e2ef0000, 0x00007f85ede60000)
 tenured generation   total 3592880K, used 3548369K [0x00007f902aea0000, 0x00007f910634c000, 0x00007fa580400000)
   the space 3592880K,  98% used [0x00007f902aea0000, 0x00007f91037d4668, 0x00007f91037d4800, 0x00007f910634c000)
 Metaspace       used 24216K, capacity 24634K, committed 24832K, reserved 26624K
}
Event: 1074.735 GC heap after
{Heap after GC invocations=1142 (full 5):
 def new generation   total 1616832K, used 90967K [0x00007f8580400000, 0x00007f85ede60000, 0x00007f902aea0000)
  eden space 1437184K,   0% used [0x00007f8580400000, 0x00007f8580400000, 0x00007f85d7f80000)
  from space 179648K,  50% used [0x00007f85e2ef0000, 0x00007f85e87c5e30, 0x00007f85ede60000)
  to   space 179648K,   0% used [0x00007f85d7f80000, 0x00007f85d7f80000, 0x00007f85e2ef0000)
 tenured generation   total 3592880K, used 3548369K [0x00007f902aea0000, 0x00007f910634c000, 0x00007fa580400000)
   the space 3592880K,  98% used [0x00007f902aea0000, 0x00007f91037d4668, 0x00007f91037d4800, 0x00007f910634c000)
 Metaspace       used 24216K, capacity 24634K, committed 24832K, reserved 26624K
}
Event: 1076.584 GC heap before
{Heap before GC invocations=1142 (full 5):
 def new generation   total 1616832K, used 1528151K [0x00007f8580400000, 0x00007f85ede60000, 0x00007f902aea0000)
  eden space 1437184K, 100% used [0x00007f8580400000, 0x00007f85d7f80000, 0x00007f85d7f80000)
  from space 179648K,  50% used [0x00007f85e2ef0000, 0x00007f85e87c5e30, 0x00007f85ede60000)
  to   space 179648K,   0% used [0x00007f85d7f80000, 0x00007f85d7f80000, 0x00007f85e2ef0000)
 tenured generation   total 3592880K, used 3548369K [0x00007f902aea0000, 0x00007f910634c000, 0x00007fa580400000)
   the space 3592880K,  98% used [0x00007f902aea0000, 0x00007f91037d4668, 0x00007f91037d4800, 0x00007f910634c000)
 Metaspace       used 24216K, capacity 24634K, committed 24832K, reserved 26624K
}
Event: 1076.694 GC heap after
{Heap after GC invocations=1143 (full 5):
 def new generation   total 1616832K, used 100185K [0x00007f8580400000, 0x00007f85ede60000, 0x00007f902aea0000)
  eden space 1437184K,   0% used [0x00007f8580400000, 0x00007f8580400000, 0x00007f85d7f80000)
  from space 179648K,  55% used [0x00007f85d7f80000, 0x00007f85de156778, 0x00007f85e2ef0000)
  to   space 179648K,   0% used [0x00007f85e2ef0000, 0x00007f85e2ef0000, 0x00007f85ede60000)
 tenured generation   total 3592880K, used 3565328K [0x00007f902aea0000, 0x00007f910634c000, 0x00007fa580400000)
   the space 3592880K,  99% used [0x00007f902aea0000, 0x00007f91048640c0, 0x00007f9104864200, 0x00007f910634c000)
 Metaspace       used 24216K, capacity 24634K, committed 24832K, reserved 26624K
}
Event: 1078.208 GC heap before
{Heap before GC invocations=1143 (full 5):
 def new generation   total 1616832K, used 1537369K [0x00007f8580400000, 0x00007f85ede60000, 0x00007f902aea0000)
  eden space 1437184K, 100% used [0x00007f8580400000, 0x00007f85d7f80000, 0x00007f85d7f80000)
  from space 179648K,  55% used [0x00007f85d7f80000, 0x00007f85de156778, 0x00007f85e2ef0000)
  to   space 179648K,   0% used [0x00007f85e2ef0000, 0x00007f85e2ef0000, 0x00007f85ede60000)
 tenured generation   total 3592880K, used 3565328K [0x00007f902aea0000, 0x00007f910634c000, 0x00007fa580400000)
   the space 3592880K,  99% used [0x00007f902aea0000, 0x00007f91048640c0, 0x00007f9104864200, 0x00007f910634c000)
 Metaspace       used 24216K, capacity 24634K, committed 24832K, reserved 26624K
}
Event: 1078.283 GC heap after
{Heap after GC invocations=1144 (full 5):
 def new generation   total 1616832K, used 70917K [0x00007f8580400000, 0x00007f85ede60000, 0x00007f902aea0000)
  eden space 1437184K,   0% used [0x00007f8580400000, 0x00007f8580400000, 0x00007f85d7f80000)
  from space 179648K,  39% used [0x00007f85e2ef0000, 0x00007f85e7431440, 0x00007f85ede60000)
  to   space 179648K,   0% used [0x00007f85d7f80000, 0x00007f85d7f80000, 0x00007f85e2ef0000)
 tenured generation   total 3592880K, used 3582286K [0x00007f902aea0000, 0x00007f910634c000, 0x00007fa580400000)
   the space 3592880K,  99% used [0x00007f902aea0000, 0x00007f91058f3b18, 0x00007f91058f3c00, 0x00007f910634c000)
 Metaspace       used 24216K, capacity 24634K, committed 24832K, reserved 26624K
}
Event: 1080.287 GC heap before
{Heap before GC invocations=1144 (full 5):
 def new generation   total 1616832K, used 1508101K [0x00007f8580400000, 0x00007f85ede60000, 0x00007f902aea0000)
  eden space 1437184K, 100% used [0x00007f8580400000, 0x00007f85d7f80000, 0x00007f85d7f80000)
  from space 179648K,  39% used [0x00007f85e2ef0000, 0x00007f85e7431440, 0x00007f85ede60000)
  to   space 179648K,   0% used [0x00007f85d7f80000, 0x00007f85d7f80000, 0x00007f85e2ef0000)
 tenured generation   total 3592880K, used 3582286K [0x00007f902aea0000, 0x00007f910634c000, 0x00007fa580400000)
   the space 3592880K,  99% used [0x00007f902aea0000, 0x00007f91058f3b18, 0x00007f91058f3c00, 0x00007f910634c000)
 Metaspace       used 24216K, capacity 24634K, committed 24832K, reserved 26624K
}
Event: 1080.348 GC heap after
{Heap after GC invocations=1145 (full 5):
 def new generation   total 1616832K, used 82199K [0x00007f8580400000, 0x00007f85ede60000, 0x00007f902aea0000)
  eden space 1437184K,   0% used [0x00007f8580400000, 0x00007f8580400000, 0x00007f85d7f80000)
  from space 179648K,  45% used [0x00007f85d7f80000, 0x00007f85dcfc5f10, 0x00007f85e2ef0000)
  to   space 179648K,   0% used [0x00007f85e2ef0000, 0x00007f85e2ef0000, 0x00007f85ede60000)
 tenured generation   total 3592880K, used 3582286K [0x00007f902aea0000, 0x00007f910634c000, 0x00007fa580400000)
   the space 3592880K,  99% used [0x00007f902aea0000, 0x00007f91058f3b18, 0x00007f91058f3c00, 0x00007f910634c000)
 Metaspace       used 24216K, capacity 24634K, committed 24832K, reserved 26624K
}
Event: 1081.899 GC heap before
{Heap before GC invocations=1145 (full 5):
 def new generation   total 1616832K, used 1519383K [0x00007f8580400000, 0x00007f85ede60000, 0x00007f902aea0000)
  eden space 1437184K, 100% used [0x00007f8580400000, 0x00007f85d7f80000, 0x00007f85d7f80000)
  from space 179648K,  45% used [0x00007f85d7f80000, 0x00007f85dcfc5f10, 0x00007f85e2ef0000)
  to   space 179648K,   0% used [0x00007f85e2ef0000, 0x00007f85e2ef0000, 0x00007f85ede60000)
 tenured generation   total 3592880K, used 3582286K [0x00007f902aea0000, 0x00007f910634c000, 0x00007fa580400000)
   the space 3592880K,  99% used [0x00007f902aea0000, 0x00007f91058f3b18, 0x00007f91058f3c00, 0x00007f910634c000)
 Metaspace       used 24216K, capacity 24634K, committed 24832K, reserved 26624K
}
Event: 1081.973 GC heap after
{Heap after GC invocations=1146 (full 5):
 def new generation   total 1616832K, used 85278K [0x00007f8580400000, 0x00007f85ede60000, 0x00007f902aea0000)
  eden space 1437184K,   0% used [0x00007f8580400000, 0x00007f8580400000, 0x00007f85d7f80000)
  from space 179648K,  47% used [0x00007f85e2ef0000, 0x00007f85e8237a10, 0x00007f85ede60000)
  to   space 179648K,   0% used [0x00007f85d7f80000, 0x00007f85d7f80000, 0x00007f85e2ef0000)
 tenured generation   total 3592880K, used 3582286K [0x00007f902aea0000, 0x00007f910634c000, 0x00007fa580400000)
   the space 3592880K,  99% used [0x00007f902aea0000, 0x00007f91058f3b18, 0x00007f91058f3c00, 0x00007f910634c000)
 Metaspace       used 24216K, capacity 24634K, committed 24832K, reserved 26624K
}
Event: 1083.899 GC heap before
{Heap before GC invocations=1146 (full 5):
 def new generation   total 1616832K, used 1522462K [0x00007f8580400000, 0x00007f85ede60000, 0x00007f902aea0000)
  eden space 1437184K, 100% used [0x00007f8580400000, 0x00007f85d7f80000, 0x00007f85d7f80000)
  from space 179648K,  47% used [0x00007f85e2ef0000, 0x00007f85e8237a10, 0x00007f85ede60000)
  to   space 179648K,   0% used [0x00007f85d7f80000, 0x00007f85d7f80000, 0x00007f85e2ef0000)
 tenured generation   total 3592880K, used 3582286K [0x00007f902aea0000, 0x00007f910634c000, 0x00007fa580400000)
   the space 3592880K,  99% used [0x00007f902aea0000, 0x00007f91058f3b18, 0x00007f91058f3c00, 0x00007f910634c000)
 Metaspace       used 24216K, capacity 24634K, committed 24832K, reserved 26624K
}
Event: 1083.979 GC heap after
{Heap after GC invocations=1147 (full 5):
 def new generation   total 1616832K, used 95076K [0x00007f8580400000, 0x00007f85ede60000, 0x00007f902aea0000)
  eden space 1437184K,   0% used [0x00007f8580400000, 0x00007f8580400000, 0x00007f85d7f80000)
  from space 179648K,  52% used [0x00007f85d7f80000, 0x00007f85ddc592c8, 0x00007f85e2ef0000)
  to   space 179648K,   0% used [0x00007f85e2ef0000, 0x00007f85e2ef0000, 0x00007f85ede60000)
 tenured generation   total 3592880K, used 3582286K [0x00007f902aea0000, 0x00007f910634c000, 0x00007fa580400000)
   the space 3592880K,  99% used [0x00007f902aea0000, 0x00007f91058f3b18, 0x00007f91058f3c00, 0x00007f910634c000)
 Metaspace       used 24216K, capacity 24634K, committed 24832K, reserved 26624K
}
Event: 1085.744 GC heap before
{Heap before GC invocations=1147 (full 5):
 def new generation   total 1616832K, used 1532260K [0x00007f8580400000, 0x00007f85ede60000, 0x00007f902aea0000)
  eden space 1437184K, 100% used [0x00007f8580400000, 0x00007f85d7f80000, 0x00007f85d7f80000)
  from space 179648K,  52% used [0x00007f85d7f80000, 0x00007f85ddc592c8, 0x00007f85e2ef0000)
  to   space 179648K,   0% used [0x00007f85e2ef0000, 0x00007f85e2ef0000, 0x00007f85ede60000)
 tenured generation   total 3592880K, used 3582286K [0x00007f902aea0000, 0x00007f910634c000, 0x00007fa580400000)
   the space 3592880K,  99% used [0x00007f902aea0000, 0x00007f91058f3b18, 0x00007f91058f3c00, 0x00007f910634c000)
 Metaspace       used 24216K, capacity 24634K, committed 24832K, reserved 26624K
}
Event: 1085.830 GC heap after
{Heap after GC invocations=1148 (full 5):
 def new generation   total 1616832K, used 84771K [0x00007f8580400000, 0x00007f85ede60000, 0x00007f902aea0000)
  eden space 1437184K,   0% used [0x00007f8580400000, 0x00007f8580400000, 0x00007f85d7f80000)
  from space 179648K,  47% used [0x00007f85e2ef0000, 0x00007f85e81b8e18, 0x00007f85ede60000)
  to   space 179648K,   0% used [0x00007f85d7f80000, 0x00007f85d7f80000, 0x00007f85e2ef0000)
 tenured generation   total 3609268K, used 3599245K [0x00007f902aea0000, 0x00007f910734d000, 0x00007fa580400000)
   the space 3609268K,  99% used [0x00007f902aea0000, 0x00007f9106983570, 0x00007f9106983600, 0x00007f910734d000)
 Metaspace       used 24216K, capacity 24634K, committed 24832K, reserved 26624K
}
Event: 1085.830 GC heap before
{Heap before GC invocations=1148 (full 5):
 def new generation   total 1616832K, used 84771K [0x00007f8580400000, 0x00007f85ede60000, 0x00007f902aea0000)
  eden space 1437184K,   0% used [0x00007f8580400000, 0x00007f8580400000, 0x00007f85d7f80000)
  from space 179648K,  47% used [0x00007f85e2ef0000, 0x00007f85e81b8e18, 0x00007f85ede60000)
  to   space 179648K,   0% used [0x00007f85d7f80000, 0x00007f85d7f80000, 0x00007f85e2ef0000)
 tenured generation   total 3609268K, used 3599245K [0x00007f902aea0000, 0x00007f910734d000, 0x00007fa580400000)
   the space 3609268K,  99% used [0x00007f902aea0000, 0x00007f9106983570, 0x00007f9106983600, 0x00007f910734d000)
 Metaspace       used 24216K, capacity 24634K, committed 24832K, reserved 26624K
}

