# JRE version: OpenJDK Runtime Environment (13.0.7+5) (build 13.0.7+5-Ubuntu-0ubuntu120.04)
# Java VM: OpenJDK 64-Bit Server VM (13.0.7+5-Ubuntu-0ubuntu120.04, mixed mode, tiered, serial gc, linux-amd64)
Heap:
 def new generation   total 6300800K, used 5600768K [0x00007f65a8600000, 0x00007f6753ac0000, 0x00007f6afdb50000)
  eden space 5600768K, 100% used [0x00007f65a8600000, 0x00007f66fe380000, 0x00007f66fe380000)
  from space 700032K,   0% used [0x00007f66fe380000, 0x00007f66fe380000, 0x00007f6728f20000)
  to   space 700032K,   0% used [0x00007f6728f20000, 0x00007f6728f20b50, 0x00007f6753ac0000)
 tenured generation   total 14001540K, used 12595498K [0x00007f6afdb50000, 0x00007f6e544b1000, 0x00007f75a8600000)
   the space 14001540K,  89% used [0x00007f6afdb50000, 0x00007f6dfe79aa00, 0x00007f6dfe79aa00, 0x00007f6e544b1000)
 Metaspace       used 30645K, capacity 31037K, committed 31232K, reserved 32768K
GC Heap History (20 events):
Event: 488.141 GC heap after
{Heap after GC invocations=326 (full 106):
 def new generation   total 6300800K, used 1K [0x00007f65a8600000, 0x00007f6753ac0000, 0x00007f6afdb50000)
  eden space 5600768K,   0% used [0x00007f65a8600000, 0x00007f65a8600000, 0x00007f66fe380000)
  from space 700032K,   0% used [0x00007f66fe380000, 0x00007f66fe380490, 0x00007f6728f20000)
  to   space 700032K,   0% used [0x00007f6728f20000, 0x00007f6728f20000, 0x00007f6753ac0000)
 tenured generation   total 14001540K, used 12596117K [0x00007f6afdb50000, 0x00007f6e544b1000, 0x00007f75a8600000)
   the space 14001540K,  89% used [0x00007f6afdb50000, 0x00007f6dfe835678, 0x00007f6dfe835800, 0x00007f6e544b1000)
 Metaspace       used 30553K, capacity 30963K, committed 31232K, reserved 32768K
}
Event: 491.998 GC heap before
{Heap before GC invocations=326 (full 106):
 def new generation   total 6300800K, used 4304126K [0x00007f65a8600000, 0x00007f6753ac0000, 0x00007f6afdb50000)
  eden space 5600768K,  76% used [0x00007f65a8600000, 0x00007f66af13f5f8, 0x00007f66fe380000)
  from space 700032K,   0% used [0x00007f66fe380000, 0x00007f66fe380490, 0x00007f6728f20000)
  to   space 700032K,   0% used [0x00007f6728f20000, 0x00007f6728f20000, 0x00007f6753ac0000)
 tenured generation   total 14001540K, used 12596117K [0x00007f6afdb50000, 0x00007f6e544b1000, 0x00007f75a8600000)
   the space 14001540K,  89% used [0x00007f6afdb50000, 0x00007f6dfe835678, 0x00007f6dfe835800, 0x00007f6e544b1000)
 Metaspace       used 30553K, capacity 30963K, committed 31232K, reserved 32768K
}
Event: 492.971 GC heap after
{Heap after GC invocations=327 (full 106):
 def new generation   total 6300800K, used 10847K [0x00007f65a8600000, 0x00007f6753ac0000, 0x00007f6afdb50000)
  eden space 5600768K,   0% used [0x00007f65a8600000, 0x00007f65a8600000, 0x00007f66fe380000)
  from space 700032K,   1% used [0x00007f6728f20000, 0x00007f67299b7d00, 0x00007f6753ac0000)
  to   space 700032K,   0% used [0x00007f66fe380000, 0x00007f66fe380000, 0x00007f6728f20000)
 tenured generation   total 15050120K, used 14693269K [0x00007f6afdb50000, 0x00007f6e944b2000, 0x00007f75a8600000)
   the space 15050120K,  97% used [0x00007f6afdb50000, 0x00007f6e7e8356a8, 0x00007f6e7e835800, 0x00007f6e944b2000)
 Metaspace       used 30553K, capacity 30963K, committed 31232K, reserved 32768K
}
Event: 492.971 GC heap before
{Heap before GC invocations=327 (full 106):
 def new generation   total 6300800K, used 10847K [0x00007f65a8600000, 0x00007f6753ac0000, 0x00007f6afdb50000)
  eden space 5600768K,   0% used [0x00007f65a8600000, 0x00007f65a8600000, 0x00007f66fe380000)
  from space 700032K,   1% used [0x00007f6728f20000, 0x00007f67299b7d00, 0x00007f6753ac0000)
  to   space 700032K,   0% used [0x00007f66fe380000, 0x00007f66fe380000, 0x00007f6728f20000)
 tenured generation   total 15050120K, used 14693269K [0x00007f6afdb50000, 0x00007f6e944b2000, 0x00007f75a8600000)
   the space 15050120K,  97% used [0x00007f6afdb50000, 0x00007f6e7e8356a8, 0x00007f6e7e835800, 0x00007f6e944b2000)
 Metaspace       used 30553K, capacity 30963K, committed 31232K, reserved 32768K
}
Event: 493.595 GC heap after
{Heap after GC invocations=327 (full 107):
 def new generation   total 6300800K, used 0K [0x00007f65a8600000, 0x00007f6753ac0000, 0x00007f6afdb50000)
  eden space 5600768K,   0% used [0x00007f65a8600000, 0x00007f65a8600000, 0x00007f66fe380000)
  from space 700032K,   0% used [0x00007f6728f20000, 0x00007f6728f20000, 0x00007f6753ac0000)
  to   space 700032K,   0% used [0x00007f66fe380000, 0x00007f66fe380000, 0x00007f6728f20000)
 tenured generation   total 14001540K, used 2110361K [0x00007f6afdb50000, 0x00007f6e544b1000, 0x00007f75a8600000)
   the space 14001540K,  15% used [0x00007f6afdb50000, 0x00007f6b7e8364d8, 0x00007f6b7e836600, 0x00007f6e544b1000)
 Metaspace       used 30553K, capacity 30963K, committed 31232K, reserved 32768K
}
Event: 496.908 GC heap before
{Heap before GC invocations=327 (full 107):
 def new generation   total 6300800K, used 4303893K [0x00007f65a8600000, 0x00007f6753ac0000, 0x00007f6afdb50000)
  eden space 5600768K,  76% used [0x00007f65a8600000, 0x00007f66af105408, 0x00007f66fe380000)
  from space 700032K,   0% used [0x00007f6728f20000, 0x00007f6728f20000, 0x00007f6753ac0000)
  to   space 700032K,   0% used [0x00007f66fe380000, 0x00007f66fe380000, 0x00007f6728f20000)
 tenured generation   total 14001540K, used 2110361K [0x00007f6afdb50000, 0x00007f6e544b1000, 0x00007f75a8600000)
   the space 14001540K,  15% used [0x00007f6afdb50000, 0x00007f6b7e8364d8, 0x00007f6b7e836600, 0x00007f6e544b1000)
 Metaspace       used 30553K, capacity 30963K, committed 31232K, reserved 32768K
}
Event: 497.792 GC heap after
{Heap after GC invocations=328 (full 107):
 def new generation   total 6300800K, used 0K [0x00007f65a8600000, 0x00007f6753ac0000, 0x00007f6afdb50000)
  eden space 5600768K,   0% used [0x00007f65a8600000, 0x00007f65a8600000, 0x00007f66fe380000)
  from space 700032K,   0% used [0x00007f66fe380000, 0x00007f66fe380160, 0x00007f6728f20000)
  to   space 700032K,   0% used [0x00007f6728f20000, 0x00007f6728f20000, 0x00007f6753ac0000)
 tenured generation   total 14001540K, used 6304665K [0x00007f6afdb50000, 0x00007f6e544b1000, 0x00007f75a8600000)
   the space 14001540K,  45% used [0x00007f6afdb50000, 0x00007f6c7e8364f0, 0x00007f6c7e836600, 0x00007f6e544b1000)
 Metaspace       used 30553K, capacity 30963K, committed 31232K, reserved 32768K
}
Event: 500.938 GC heap before
{Heap before GC invocations=328 (full 107):
 def new generation   total 6300800K, used 5577377K [0x00007f65a8600000, 0x00007f6753ac0000, 0x00007f6afdb50000)
  eden space 5600768K,  99% used [0x00007f65a8600000, 0x00007f66fcca84c8, 0x00007f66fe380000)
  from space 700032K,   0% used [0x00007f66fe380000, 0x00007f66fe380160, 0x00007f6728f20000)
  to   space 700032K,   0% used [0x00007f6728f20000, 0x00007f6728f20000, 0x00007f6753ac0000)
 tenured generation   total 14001540K, used 6304665K [0x00007f6afdb50000, 0x00007f6e544b1000, 0x00007f75a8600000)
   the space 14001540K,  45% used [0x00007f6afdb50000, 0x00007f6c7e8364f0, 0x00007f6c7e836600, 0x00007f6e544b1000)
 Metaspace       used 30625K, capacity 31033K, committed 31232K, reserved 32768K
}
Event: 501.250 GC heap after
{Heap after GC invocations=329 (full 107):
 def new generation   total 6300800K, used 66349K [0x00007f65a8600000, 0x00007f6753ac0000, 0x00007f6afdb50000)
  eden space 5600768K,   0% used [0x00007f65a8600000, 0x00007f65a8600000, 0x00007f66fe380000)
  from space 700032K,   9% used [0x00007f6728f20000, 0x00007f672cfeb4f8, 0x00007f6753ac0000)
  to   space 700032K,   0% used [0x00007f66fe380000, 0x00007f66fe380000, 0x00007f6728f20000)
 tenured generation   total 14001540K, used 8401817K [0x00007f6afdb50000, 0x00007f6e544b1000, 0x00007f75a8600000)
   the space 14001540K,  60% used [0x00007f6afdb50000, 0x00007f6cfe836508, 0x00007f6cfe836600, 0x00007f6e544b1000)
 Metaspace       used 30625K, capacity 31033K, committed 31232K, reserved 32768K
}
Event: 504.046 GC heap before
{Heap before GC invocations=329 (full 107):
 def new generation   total 6300800K, used 4403197K [0x00007f65a8600000, 0x00007f6753ac0000, 0x00007f6afdb50000)
  eden space 5600768K,  77% used [0x00007f65a8600000, 0x00007f66b1134198, 0x00007f66fe380000)
  from space 700032K,   9% used [0x00007f6728f20000, 0x00007f672cfeb4f8, 0x00007f6753ac0000)
  to   space 700032K,   0% used [0x00007f66fe380000, 0x00007f66fe380000, 0x00007f6728f20000)
 tenured generation   total 14001540K, used 8401817K [0x00007f6afdb50000, 0x00007f6e544b1000, 0x00007f75a8600000)
   the space 14001540K,  60% used [0x00007f6afdb50000, 0x00007f6cfe836508, 0x00007f6cfe836600, 0x00007f6e544b1000)
 Metaspace       used 30625K, capacity 31033K, committed 31232K, reserved 32768K
}
Event: 504.635 GC heap after
{Heap after GC invocations=330 (full 107):
 def new generation   total 6300800K, used 813K [0x00007f65a8600000, 0x00007f6753ac0000, 0x00007f6afdb50000)
  eden space 5600768K,   0% used [0x00007f65a8600000, 0x00007f65a8600000, 0x00007f66fe380000)
  from space 700032K,   0% used [0x00007f66fe380000, 0x00007f66fe44b4d0, 0x00007f6728f20000)
  to   space 700032K,   0% used [0x00007f6728f20000, 0x00007f6728f20000, 0x00007f6753ac0000)
 tenured generation   total 14001540K, used 12596121K [0x00007f6afdb50000, 0x00007f6e544b1000, 0x00007f75a8600000)
   the space 14001540K,  89% used [0x00007f6afdb50000, 0x00007f6dfe836520, 0x00007f6dfe836600, 0x00007f6e544b1000)
 Metaspace       used 30625K, capacity 31033K, committed 31232K, reserved 32768K
}
Event: 506.619 GC heap before
{Heap before GC invocations=330 (full 107):
 def new generation   total 6300800K, used 4305562K [0x00007f65a8600000, 0x00007f6753ac0000, 0x00007f6afdb50000)
  eden space 5600768K,  76% used [0x00007f65a8600000, 0x00007f66af1db4a8, 0x00007f66fe380000)
  from space 700032K,   0% used [0x00007f66fe380000, 0x00007f66fe44b4d0, 0x00007f6728f20000)
  to   space 700032K,   0% used [0x00007f6728f20000, 0x00007f6728f20000, 0x00007f6753ac0000)
 tenured generation   total 14001540K, used 12596121K [0x00007f6afdb50000, 0x00007f6e544b1000, 0x00007f75a8600000)
   the space 14001540K,  89% used [0x00007f6afdb50000, 0x00007f6dfe836520, 0x00007f6dfe836600, 0x00007f6e544b1000)
 Metaspace       used 30625K, capacity 31033K, committed 31232K, reserved 32768K
}
Event: 508.967 GC heap after
{Heap after GC invocations=331 (full 107):
 def new generation   total 6300800K, used 813K [0x00007f65a8600000, 0x00007f6753ac0000, 0x00007f6afdb50000)
  eden space 5600768K,   0% used [0x00007f65a8600000, 0x00007f65a8600000, 0x00007f66fe380000)
  from space 700032K,   0% used [0x00007f6728f20000, 0x00007f6728feb710, 0x00007f6753ac0000)
  to   space 700032K,   0% used [0x00007f66fe380000, 0x00007f66fe380000, 0x00007f6728f20000)
 tenured generation   total 18195852K, used 16790425K [0x00007f6afdb50000, 0x00007f6f544b3000, 0x00007f75a8600000)
   the space 18195852K,  92% used [0x00007f6afdb50000, 0x00007f6efe836550, 0x00007f6efe836600, 0x00007f6f544b3000)
 Metaspace       used 30625K, capacity 31033K, committed 31232K, reserved 32768K
}
Event: 508.967 GC heap before
{Heap before GC invocations=331 (full 107):
 def new generation   total 6300800K, used 813K [0x00007f65a8600000, 0x00007f6753ac0000, 0x00007f6afdb50000)
  eden space 5600768K,   0% used [0x00007f65a8600000, 0x00007f65a8600000, 0x00007f66fe380000)
  from space 700032K,   0% used [0x00007f6728f20000, 0x00007f6728feb710, 0x00007f6753ac0000)
  to   space 700032K,   0% used [0x00007f66fe380000, 0x00007f66fe380000, 0x00007f6728f20000)
 tenured generation   total 18195852K, used 16790425K [0x00007f6afdb50000, 0x00007f6f544b3000, 0x00007f75a8600000)
   the space 18195852K,  92% used [0x00007f6afdb50000, 0x00007f6efe836550, 0x00007f6efe836600, 0x00007f6f544b3000)
 Metaspace       used 30625K, capacity 31033K, committed 31232K, reserved 32768K
}
Event: 509.911 GC heap after
{Heap after GC invocations=331 (full 108):
 def new generation   total 6300800K, used 0K [0x00007f65a8600000, 0x00007f6753ac0000, 0x00007f6afdb50000)
  eden space 5600768K,   0% used [0x00007f65a8600000, 0x00007f65a8600000, 0x00007f66fe380000)
  from space 700032K,   0% used [0x00007f6728f20000, 0x00007f6728f20000, 0x00007f6753ac0000)
  to   space 700032K,   0% used [0x00007f66fe380000, 0x00007f66fe380000, 0x00007f6728f20000)
 tenured generation   total 14001540K, used 4206891K [0x00007f6afdb50000, 0x00007f6e544b1000, 0x00007f75a8600000)
   the space 14001540K,  30% used [0x00007f6afdb50000, 0x00007f6bfe79acb0, 0x00007f6bfe79ae00, 0x00007f6e544b1000)
 Metaspace       used 30625K, capacity 31033K, committed 31232K, reserved 32768K
}
Event: 518.677 GC heap before
{Heap before GC invocations=331 (full 108):
 def new generation   total 6300800K, used 4304591K [0x00007f65a8600000, 0x00007f6753ac0000, 0x00007f6afdb50000)
  eden space 5600768K,  76% used [0x00007f65a8600000, 0x00007f66af1b3fc8, 0x00007f66fe380000)
  from space 700032K,   0% used [0x00007f6728f20000, 0x00007f6728f20000, 0x00007f6753ac0000)
  to   space 700032K,   0% used [0x00007f66fe380000, 0x00007f66fe380000, 0x00007f6728f20000)
 tenured generation   total 14001540K, used 12595499K [0x00007f6afdb50000, 0x00007f6e544b1000, 0x00007f75a8600000)
   the space 14001540K,  89% used [0x00007f6afdb50000, 0x00007f6dfe79acc8, 0x00007f6dfe79ae00, 0x00007f6e544b1000)
 Metaspace       used 30625K, capacity 31033K, committed 31232K, reserved 32768K
}
Event: 520.814 GC heap after
{Heap after GC invocations=332 (full 108):
 def new generation   total 6300800K, used 32K [0x00007f65a8600000, 0x00007f6753ac0000, 0x00007f6afdb50000)
  eden space 5600768K,   0% used [0x00007f65a8600000, 0x00007f65a8600000, 0x00007f66fe380000)
  from space 700032K,   0% used [0x00007f66fe380000, 0x00007f66fe3882a0, 0x00007f6728f20000)
  to   space 700032K,   0% used [0x00007f6728f20000, 0x00007f6728f20000, 0x00007f6753ac0000)
 tenured generation   total 18195848K, used 16789803K [0x00007f6afdb50000, 0x00007f6f544b2000, 0x00007f75a8600000)
   the space 18195848K,  92% used [0x00007f6afdb50000, 0x00007f6efe79ace0, 0x00007f6efe79ae00, 0x00007f6f544b2000)
 Metaspace       used 30625K, capacity 31033K, committed 31232K, reserved 32768K
}
Event: 520.814 GC heap before
{Heap before GC invocations=332 (full 108):
 def new generation   total 6300800K, used 32K [0x00007f65a8600000, 0x00007f6753ac0000, 0x00007f6afdb50000)
  eden space 5600768K,   0% used [0x00007f65a8600000, 0x00007f65a8600000, 0x00007f66fe380000)
  from space 700032K,   0% used [0x00007f66fe380000, 0x00007f66fe3882a0, 0x00007f6728f20000)
  to   space 700032K,   0% used [0x00007f6728f20000, 0x00007f6728f20000, 0x00007f6753ac0000)
 tenured generation   total 18195848K, used 16789803K [0x00007f6afdb50000, 0x00007f6f544b2000, 0x00007f75a8600000)
   the space 18195848K,  92% used [0x00007f6afdb50000, 0x00007f6efe79ace0, 0x00007f6efe79ae00, 0x00007f6f544b2000)
 Metaspace       used 30625K, capacity 31033K, committed 31232K, reserved 32768K
}
Event: 521.681 GC heap after
{Heap after GC invocations=332 (full 109):
 def new generation   total 6300800K, used 0K [0x00007f65a8600000, 0x00007f6753ac0000, 0x00007f6afdb50000)
  eden space 5600768K,   0% used [0x00007f65a8600000, 0x00007f65a8600000, 0x00007f66fe380000)
  from space 700032K,   0% used [0x00007f66fe380000, 0x00007f66fe380000, 0x00007f6728f20000)
  to   space 700032K,   0% used [0x00007f6728f20000, 0x00007f6728f20000, 0x00007f6753ac0000)
 tenured generation   total 14001540K, used 4206890K [0x00007f6afdb50000, 0x00007f6e544b1000, 0x00007f75a8600000)
   the space 14001540K,  30% used [0x00007f6afdb50000, 0x00007f6bfe79a9e8, 0x00007f6bfe79aa00, 0x00007f6e544b1000)
 Metaspace       used 30625K, capacity 31033K, committed 31232K, reserved 32768K
}
Event: 525.140 GC heap before
{Heap before GC invocations=332 (full 109):
 def new generation   total 6300800K, used 5600768K [0x00007f65a8600000, 0x00007f6753ac0000, 0x00007f6afdb50000)
  eden space 5600768K, 100% used [0x00007f65a8600000, 0x00007f66fe380000, 0x00007f66fe380000)
  from space 700032K,   0% used [0x00007f66fe380000, 0x00007f66fe380000, 0x00007f6728f20000)
  to   space 700032K,   0% used [0x00007f6728f20000, 0x00007f6728f20000, 0x00007f6753ac0000)
 tenured generation   total 14001540K, used 12595498K [0x00007f6afdb50000, 0x00007f6e544b1000, 0x00007f75a8600000)
   the space 14001540K,  89% used [0x00007f6afdb50000, 0x00007f6dfe79aa00, 0x00007f6dfe79aa00, 0x00007f6e544b1000)
 Metaspace       used 30645K, capacity 31037K, committed 31232K, reserved 32768K
}

