# JRE version: OpenJDK Runtime Environment (13.0.7+5) (build 13.0.7+5-Ubuntu-0ubuntu120.04)
# Java VM: OpenJDK 64-Bit Server VM (13.0.7+5-Ubuntu-0ubuntu120.04, mixed mode, tiered, serial gc, linux-amd64)
Heap:
 def new generation   total 4766592K, used 0K [0x00007f9bfc600000, 0x00007f9d3fa10000, 0x00007fa6a70a0000)
  eden space 4236992K,   0% used [0x00007f9bfc600000, 0x00007f9bfc600000, 0x00007f9cfefb0000)
  from space 529600K,   0% used [0x00007f9d1f4e0000, 0x00007f9d1f4e0000, 0x00007f9d3fa10000)
  to   space 529600K,   0% used [0x00007f9cfefb0000, 0x00007f9cfefb0000, 0x00007f9d1f4e0000)
 tenured generation   total 10608668K, used 10573997K [0x00007fa6a70a0000, 0x00007fa92e8a7000, 0x00007fbbfc600000)
   the space 10608668K,  99% used [0x00007fa6a70a0000, 0x00007fa92c6cb700, 0x00007fa92c6cb800, 0x00007fa92e8a7000)
 Metaspace       used 24232K, capacity 24650K, committed 24832K, reserved 26624K
GC Heap History (20 events):
Event: 2324.302 GC heap after
{Heap after GC invocations=1753 (full 7):
 def new generation   total 4766592K, used 245143K [0x00007f9bfc600000, 0x00007f9d3fa10000, 0x00007fa6a70a0000)
  eden space 4236992K,   0% used [0x00007f9bfc600000, 0x00007f9bfc600000, 0x00007f9cfefb0000)
  from space 529600K,  46% used [0x00007f9cfefb0000, 0x00007f9d0df15dc0, 0x00007f9d1f4e0000)
  to   space 529600K,   0% used [0x00007f9d1f4e0000, 0x00007f9d1f4e0000, 0x00007f9d3fa10000)
 tenured generation   total 10592280K, used 10463530K [0x00007fa6a70a0000, 0x00007fa92d8a6000, 0x00007fbbfc600000)
   the space 10592280K,  98% used [0x00007fa6a70a0000, 0x00007fa925aea8b8, 0x00007fa925aeaa00, 0x00007fa92d8a6000)
 Metaspace       used 24232K, capacity 24650K, committed 24832K, reserved 26624K
}
Event: 2327.795 GC heap before
{Heap before GC invocations=1753 (full 7):
 def new generation   total 4766592K, used 4482135K [0x00007f9bfc600000, 0x00007f9d3fa10000, 0x00007fa6a70a0000)
  eden space 4236992K, 100% used [0x00007f9bfc600000, 0x00007f9cfefb0000, 0x00007f9cfefb0000)
  from space 529600K,  46% used [0x00007f9cfefb0000, 0x00007f9d0df15dc0, 0x00007f9d1f4e0000)
  to   space 529600K,   0% used [0x00007f9d1f4e0000, 0x00007f9d1f4e0000, 0x00007f9d3fa10000)
 tenured generation   total 10592280K, used 10463530K [0x00007fa6a70a0000, 0x00007fa92d8a6000, 0x00007fbbfc600000)
   the space 10592280K,  98% used [0x00007fa6a70a0000, 0x00007fa925aea8b8, 0x00007fa925aeaa00, 0x00007fa92d8a6000)
 Metaspace       used 24232K, capacity 24650K, committed 24832K, reserved 26624K
}
Event: 2327.957 GC heap after
{Heap after GC invocations=1754 (full 7):
 def new generation   total 4766592K, used 240516K [0x00007f9bfc600000, 0x00007f9d3fa10000, 0x00007fa6a70a0000)
  eden space 4236992K,   0% used [0x00007f9bfc600000, 0x00007f9bfc600000, 0x00007f9cfefb0000)
  from space 529600K,  45% used [0x00007f9d1f4e0000, 0x00007f9d2dfc1148, 0x00007f9d3fa10000)
  to   space 529600K,   0% used [0x00007f9cfefb0000, 0x00007f9cfefb0000, 0x00007f9d1f4e0000)
 tenured generation   total 10592280K, used 10480489K [0x00007fa6a70a0000, 0x00007fa92d8a6000, 0x00007fbbfc600000)
   the space 10592280K,  98% used [0x00007fa6a70a0000, 0x00007fa926b7a4c0, 0x00007fa926b7a600, 0x00007fa92d8a6000)
 Metaspace       used 24232K, capacity 24650K, committed 24832K, reserved 26624K
}
Event: 2331.401 GC heap before
{Heap before GC invocations=1754 (full 7):
 def new generation   total 4766592K, used 4477508K [0x00007f9bfc600000, 0x00007f9d3fa10000, 0x00007fa6a70a0000)
  eden space 4236992K, 100% used [0x00007f9bfc600000, 0x00007f9cfefb0000, 0x00007f9cfefb0000)
  from space 529600K,  45% used [0x00007f9d1f4e0000, 0x00007f9d2dfc1148, 0x00007f9d3fa10000)
  to   space 529600K,   0% used [0x00007f9cfefb0000, 0x00007f9cfefb0000, 0x00007f9d1f4e0000)
 tenured generation   total 10592280K, used 10480489K [0x00007fa6a70a0000, 0x00007fa92d8a6000, 0x00007fbbfc600000)
   the space 10592280K,  98% used [0x00007fa6a70a0000, 0x00007fa926b7a4c0, 0x00007fa926b7a600, 0x00007fa92d8a6000)
 Metaspace       used 24232K, capacity 24650K, committed 24832K, reserved 26624K
}
Event: 2331.550 GC heap after
{Heap after GC invocations=1755 (full 7):
 def new generation   total 4766592K, used 237434K [0x00007f9bfc600000, 0x00007f9d3fa10000, 0x00007fa6a70a0000)
  eden space 4236992K,   0% used [0x00007f9bfc600000, 0x00007f9bfc600000, 0x00007f9cfefb0000)
  from space 529600K,  44% used [0x00007f9cfefb0000, 0x00007f9d0d78ea78, 0x00007f9d1f4e0000)
  to   space 529600K,   0% used [0x00007f9d1f4e0000, 0x00007f9d1f4e0000, 0x00007f9d3fa10000)
 tenured generation   total 10592280K, used 10497448K [0x00007fa6a70a0000, 0x00007fa92d8a6000, 0x00007fbbfc600000)
   the space 10592280K,  99% used [0x00007fa6a70a0000, 0x00007fa927c0a0c8, 0x00007fa927c0a200, 0x00007fa92d8a6000)
 Metaspace       used 24232K, capacity 24650K, committed 24832K, reserved 26624K
}
Event: 2335.341 GC heap before
{Heap before GC invocations=1755 (full 7):
 def new generation   total 4766592K, used 4474426K [0x00007f9bfc600000, 0x00007f9d3fa10000, 0x00007fa6a70a0000)
  eden space 4236992K, 100% used [0x00007f9bfc600000, 0x00007f9cfefb0000, 0x00007f9cfefb0000)
  from space 529600K,  44% used [0x00007f9cfefb0000, 0x00007f9d0d78ea78, 0x00007f9d1f4e0000)
  to   space 529600K,   0% used [0x00007f9d1f4e0000, 0x00007f9d1f4e0000, 0x00007f9d3fa10000)
 tenured generation   total 10592280K, used 10497448K [0x00007fa6a70a0000, 0x00007fa92d8a6000, 0x00007fbbfc600000)
   the space 10592280K,  99% used [0x00007fa6a70a0000, 0x00007fa927c0a0c8, 0x00007fa927c0a200, 0x00007fa92d8a6000)
 Metaspace       used 24232K, capacity 24650K, committed 24832K, reserved 26624K
}
Event: 2335.500 GC heap after
{Heap after GC invocations=1756 (full 7):
 def new generation   total 4766592K, used 237922K [0x00007f9bfc600000, 0x00007f9d3fa10000, 0x00007fa6a70a0000)
  eden space 4236992K,   0% used [0x00007f9bfc600000, 0x00007f9bfc600000, 0x00007f9cfefb0000)
  from space 529600K,  44% used [0x00007f9d1f4e0000, 0x00007f9d2dd388c0, 0x00007f9d3fa10000)
  to   space 529600K,   0% used [0x00007f9cfefb0000, 0x00007f9cfefb0000, 0x00007f9d1f4e0000)
 tenured generation   total 10592280K, used 10514407K [0x00007fa6a70a0000, 0x00007fa92d8a6000, 0x00007fbbfc600000)
   the space 10592280K,  99% used [0x00007fa6a70a0000, 0x00007fa928c99cd0, 0x00007fa928c99e00, 0x00007fa92d8a6000)
 Metaspace       used 24232K, capacity 24650K, committed 24832K, reserved 26624K
}
Event: 2339.212 GC heap before
{Heap before GC invocations=1756 (full 7):
 def new generation   total 4766592K, used 4474914K [0x00007f9bfc600000, 0x00007f9d3fa10000, 0x00007fa6a70a0000)
  eden space 4236992K, 100% used [0x00007f9bfc600000, 0x00007f9cfefb0000, 0x00007f9cfefb0000)
  from space 529600K,  44% used [0x00007f9d1f4e0000, 0x00007f9d2dd388c0, 0x00007f9d3fa10000)
  to   space 529600K,   0% used [0x00007f9cfefb0000, 0x00007f9cfefb0000, 0x00007f9d1f4e0000)
 tenured generation   total 10592280K, used 10514407K [0x00007fa6a70a0000, 0x00007fa92d8a6000, 0x00007fbbfc600000)
   the space 10592280K,  99% used [0x00007fa6a70a0000, 0x00007fa928c99cd0, 0x00007fa928c99e00, 0x00007fa92d8a6000)
 Metaspace       used 24232K, capacity 24650K, committed 24832K, reserved 26624K
}
Event: 2339.364 GC heap after
{Heap after GC invocations=1757 (full 7):
 def new generation   total 4766592K, used 235373K [0x00007f9bfc600000, 0x00007f9d3fa10000, 0x00007fa6a70a0000)
  eden space 4236992K,   0% used [0x00007f9bfc600000, 0x00007f9bfc600000, 0x00007f9cfefb0000)
  from space 529600K,  44% used [0x00007f9cfefb0000, 0x00007f9d0d58b540, 0x00007f9d1f4e0000)
  to   space 529600K,   0% used [0x00007f9d1f4e0000, 0x00007f9d1f4e0000, 0x00007f9d3fa10000)
 tenured generation   total 10592280K, used 10531366K [0x00007fa6a70a0000, 0x00007fa92d8a6000, 0x00007fbbfc600000)
   the space 10592280K,  99% used [0x00007fa6a70a0000, 0x00007fa929d298d8, 0x00007fa929d29a00, 0x00007fa92d8a6000)
 Metaspace       used 24232K, capacity 24650K, committed 24832K, reserved 26624K
}
Event: 2343.132 GC heap before
{Heap before GC invocations=1757 (full 7):
 def new generation   total 4766592K, used 4472365K [0x00007f9bfc600000, 0x00007f9d3fa10000, 0x00007fa6a70a0000)
  eden space 4236992K, 100% used [0x00007f9bfc600000, 0x00007f9cfefb0000, 0x00007f9cfefb0000)
  from space 529600K,  44% used [0x00007f9cfefb0000, 0x00007f9d0d58b540, 0x00007f9d1f4e0000)
  to   space 529600K,   0% used [0x00007f9d1f4e0000, 0x00007f9d1f4e0000, 0x00007f9d3fa10000)
 tenured generation   total 10592280K, used 10531366K [0x00007fa6a70a0000, 0x00007fa92d8a6000, 0x00007fbbfc600000)
   the space 10592280K,  99% used [0x00007fa6a70a0000, 0x00007fa929d298d8, 0x00007fa929d29a00, 0x00007fa92d8a6000)
 Metaspace       used 24232K, capacity 24650K, committed 24832K, reserved 26624K
}
Event: 2343.263 GC heap after
{Heap after GC invocations=1758 (full 7):
 def new generation   total 4766592K, used 231256K [0x00007f9bfc600000, 0x00007f9d3fa10000, 0x00007fa6a70a0000)
  eden space 4236992K,   0% used [0x00007f9bfc600000, 0x00007f9bfc600000, 0x00007f9cfefb0000)
  from space 529600K,  43% used [0x00007f9d1f4e0000, 0x00007f9d2d6b6070, 0x00007f9d3fa10000)
  to   space 529600K,   0% used [0x00007f9cfefb0000, 0x00007f9cfefb0000, 0x00007f9d1f4e0000)
 tenured generation   total 10592280K, used 10548325K [0x00007fa6a70a0000, 0x00007fa92d8a6000, 0x00007fbbfc600000)
   the space 10592280K,  99% used [0x00007fa6a70a0000, 0x00007fa92adb94e0, 0x00007fa92adb9600, 0x00007fa92d8a6000)
 Metaspace       used 24232K, capacity 24650K, committed 24832K, reserved 26624K
}
Event: 2346.848 GC heap before
{Heap before GC invocations=1758 (full 7):
 def new generation   total 4766592K, used 4468248K [0x00007f9bfc600000, 0x00007f9d3fa10000, 0x00007fa6a70a0000)
  eden space 4236992K, 100% used [0x00007f9bfc600000, 0x00007f9cfefb0000, 0x00007f9cfefb0000)
  from space 529600K,  43% used [0x00007f9d1f4e0000, 0x00007f9d2d6b6070, 0x00007f9d3fa10000)
  to   space 529600K,   0% used [0x00007f9cfefb0000, 0x00007f9cfefb0000, 0x00007f9d1f4e0000)
 tenured generation   total 10592280K, used 10548325K [0x00007fa6a70a0000, 0x00007fa92d8a6000, 0x00007fbbfc600000)
   the space 10592280K,  99% used [0x00007fa6a70a0000, 0x00007fa92adb94e0, 0x00007fa92adb9600, 0x00007fa92d8a6000)
 Metaspace       used 24232K, capacity 24650K, committed 24832K, reserved 26624K
}
Event: 2347.053 GC heap after
{Heap after GC invocations=1759 (full 7):
 def new generation   total 4766592K, used 242578K [0x00007f9bfc600000, 0x00007f9d3fa10000, 0x00007fa6a70a0000)
  eden space 4236992K,   0% used [0x00007f9bfc600000, 0x00007f9bfc600000, 0x00007f9cfefb0000)
  from space 529600K,  45% used [0x00007f9cfefb0000, 0x00007f9d0dc94b00, 0x00007f9d1f4e0000)
  to   space 529600K,   0% used [0x00007f9d1f4e0000, 0x00007f9d1f4e0000, 0x00007f9d3fa10000)
 tenured generation   total 10592280K, used 10548325K [0x00007fa6a70a0000, 0x00007fa92d8a6000, 0x00007fbbfc600000)
   the space 10592280K,  99% used [0x00007fa6a70a0000, 0x00007fa92adb94e0, 0x00007fa92adb9600, 0x00007fa92d8a6000)
 Metaspace       used 24232K, capacity 24650K, committed 24832K, reserved 26624K
}
Event: 2350.628 GC heap before
{Heap before GC invocations=1759 (full 7):
 def new generation   total 4766592K, used 4475553K [0x00007f9bfc600000, 0x00007f9d3fa10000, 0x00007fa6a70a0000)
  eden space 4236992K,  99% used [0x00007f9bfc600000, 0x00007f9cfebc39a0, 0x00007f9cfefb0000)
  from space 529600K,  45% used [0x00007f9cfefb0000, 0x00007f9d0dc94b00, 0x00007f9d1f4e0000)
  to   space 529600K,   0% used [0x00007f9d1f4e0000, 0x00007f9d1f4e0000, 0x00007f9d3fa10000)
 tenured generation   total 10592280K, used 10548325K [0x00007fa6a70a0000, 0x00007fa92d8a6000, 0x00007fbbfc600000)
   the space 10592280K,  99% used [0x00007fa6a70a0000, 0x00007fa92adb94e0, 0x00007fa92adb9600, 0x00007fa92d8a6000)
 Metaspace       used 24232K, capacity 24650K, committed 24832K, reserved 26624K
}
Event: 2350.797 GC heap after
{Heap after GC invocations=1760 (full 7):
 def new generation   total 4766592K, used 255919K [0x00007f9bfc600000, 0x00007f9d3fa10000, 0x00007fa6a70a0000)
  eden space 4236992K,   0% used [0x00007f9bfc600000, 0x00007f9bfc600000, 0x00007f9cfefb0000)
  from space 529600K,  48% used [0x00007f9d1f4e0000, 0x00007f9d2eecbc48, 0x00007f9d3fa10000)
  to   space 529600K,   0% used [0x00007f9cfefb0000, 0x00007f9cfefb0000, 0x00007f9d1f4e0000)
 tenured generation   total 10592280K, used 10565284K [0x00007fa6a70a0000, 0x00007fa92d8a6000, 0x00007fbbfc600000)
   the space 10592280K,  99% used [0x00007fa6a70a0000, 0x00007fa92be490e8, 0x00007fa92be49200, 0x00007fa92d8a6000)
 Metaspace       used 24232K, capacity 24650K, committed 24832K, reserved 26624K
}
Event: 2354.384 GC heap before
{Heap before GC invocations=1760 (full 7):
 def new generation   total 4766592K, used 4492911K [0x00007f9bfc600000, 0x00007f9d3fa10000, 0x00007fa6a70a0000)
  eden space 4236992K, 100% used [0x00007f9bfc600000, 0x00007f9cfefb0000, 0x00007f9cfefb0000)
  from space 529600K,  48% used [0x00007f9d1f4e0000, 0x00007f9d2eecbc48, 0x00007f9d3fa10000)
  to   space 529600K,   0% used [0x00007f9cfefb0000, 0x00007f9cfefb0000, 0x00007f9d1f4e0000)
 tenured generation   total 10592280K, used 10565284K [0x00007fa6a70a0000, 0x00007fa92d8a6000, 0x00007fbbfc600000)
   the space 10592280K,  99% used [0x00007fa6a70a0000, 0x00007fa92be490e8, 0x00007fa92be49200, 0x00007fa92d8a6000)
 Metaspace       used 24232K, capacity 24650K, committed 24832K, reserved 26624K
}
Event: 2354.540 GC heap after
{Heap after GC invocations=1761 (full 7):
 def new generation   total 4766592K, used 237922K [0x00007f9bfc600000, 0x00007f9d3fa10000, 0x00007fa6a70a0000)
  eden space 4236992K,   0% used [0x00007f9bfc600000, 0x00007f9bfc600000, 0x00007f9cfefb0000)
  from space 529600K,  44% used [0x00007f9cfefb0000, 0x00007f9d0d8089a8, 0x00007f9d1f4e0000)
  to   space 529600K,   0% used [0x00007f9d1f4e0000, 0x00007f9d1f4e0000, 0x00007f9d3fa10000)
 tenured generation   total 10592280K, used 10582243K [0x00007fa6a70a0000, 0x00007fa92d8a6000, 0x00007fbbfc600000)
   the space 10592280K,  99% used [0x00007fa6a70a0000, 0x00007fa92ced8cf0, 0x00007fa92ced8e00, 0x00007fa92d8a6000)
 Metaspace       used 24232K, capacity 24650K, committed 24832K, reserved 26624K
}
Event: 2358.371 GC heap before
{Heap before GC invocations=1761 (full 7):
 def new generation   total 4766592K, used 4474914K [0x00007f9bfc600000, 0x00007f9d3fa10000, 0x00007fa6a70a0000)
  eden space 4236992K, 100% used [0x00007f9bfc600000, 0x00007f9cfefb0000, 0x00007f9cfefb0000)
  from space 529600K,  44% used [0x00007f9cfefb0000, 0x00007f9d0d8089a8, 0x00007f9d1f4e0000)
  to   space 529600K,   0% used [0x00007f9d1f4e0000, 0x00007f9d1f4e0000, 0x00007f9d3fa10000)
 tenured generation   total 10592280K, used 10582243K [0x00007fa6a70a0000, 0x00007fa92d8a6000, 0x00007fbbfc600000)
   the space 10592280K,  99% used [0x00007fa6a70a0000, 0x00007fa92ced8cf0, 0x00007fa92ced8e00, 0x00007fa92d8a6000)
 Metaspace       used 24232K, capacity 24650K, committed 24832K, reserved 26624K
}
Event: 2358.547 GC heap after
{Heap after GC invocations=1762 (full 7):
 def new generation   total 4766592K, used 237410K [0x00007f9bfc600000, 0x00007f9d3fa10000, 0x00007fa6a70a0000)
  eden space 4236992K,   0% used [0x00007f9bfc600000, 0x00007f9bfc600000, 0x00007f9cfefb0000)
  from space 529600K,  44% used [0x00007f9d1f4e0000, 0x00007f9d2dcb8880, 0x00007f9d3fa10000)
  to   space 529600K,   0% used [0x00007f9cfefb0000, 0x00007f9cfefb0000, 0x00007f9d1f4e0000)
 tenured generation   total 10608668K, used 10599202K [0x00007fa6a70a0000, 0x00007fa92e8a7000, 0x00007fbbfc600000)
   the space 10608668K,  99% used [0x00007fa6a70a0000, 0x00007fa92df688f8, 0x00007fa92df68a00, 0x00007fa92e8a7000)
 Metaspace       used 24232K, capacity 24650K, committed 24832K, reserved 26624K
}
Event: 2358.547 GC heap before
{Heap before GC invocations=1762 (full 7):
 def new generation   total 4766592K, used 237410K [0x00007f9bfc600000, 0x00007f9d3fa10000, 0x00007fa6a70a0000)
  eden space 4236992K,   0% used [0x00007f9bfc600000, 0x00007f9bfc600000, 0x00007f9cfefb0000)
  from space 529600K,  44% used [0x00007f9d1f4e0000, 0x00007f9d2dcb8880, 0x00007f9d3fa10000)
  to   space 529600K,   0% used [0x00007f9cfefb0000, 0x00007f9cfefb0000, 0x00007f9d1f4e0000)
 tenured generation   total 10608668K, used 10599202K [0x00007fa6a70a0000, 0x00007fa92e8a7000, 0x00007fbbfc600000)
   the space 10608668K,  99% used [0x00007fa6a70a0000, 0x00007fa92df688f8, 0x00007fa92df68a00, 0x00007fa92e8a7000)
 Metaspace       used 24232K, capacity 24650K, committed 24832K, reserved 26624K
}

