# JRE version: OpenJDK Runtime Environment (13.0.7+5) (build 13.0.7+5-Ubuntu-0ubuntu120.04)
# Java VM: OpenJDK 64-Bit Server VM (13.0.7+5-Ubuntu-0ubuntu120.04, mixed mode, tiered, serial gc, linux-amd64)
Heap:
 def new generation   total 3169088K, used 2152403K [0x00007eeee0600000, 0x00007eefb74a0000, 0x00007ef435b50000)
  eden space 2817024K,  76% used [0x00007eeee0600000, 0x00007eef63bf4b20, 0x00007eef8c500000)
  from space 352064K,   0% used [0x00007eef8c500000, 0x00007eef8c500108, 0x00007eefa1cd0000)
  to   space 352064K,   0% used [0x00007eefa1cd0000, 0x00007eefa1cd0258, 0x00007eefb74a0000)
 tenured generation   total 7042280K, used 6301660K [0x00007ef435b50000, 0x00007ef5e388a000, 0x00007efee0600000)
   the space 7042280K,  89% used [0x00007ef435b50000, 0x00007ef5b65473b0, 0x00007ef5b6547400, 0x00007ef5e388a000)
 Metaspace       used 23363K, capacity 23754K, committed 23808K, reserved 24576K
GC Heap History (20 events):
Event: 80.671 GC heap after
{Heap after GC invocations=33 (full 13):
 def new generation   total 3169088K, used 0K [0x00007eeee0600000, 0x00007eefb74a0000, 0x00007ef435b50000)
  eden space 2817024K,   0% used [0x00007eeee0600000, 0x00007eeee0600000, 0x00007eef8c500000)
  from space 352064K,   0% used [0x00007eef8c500000, 0x00007eef8c500308, 0x00007eefa1cd0000)
  to   space 352064K,   0% used [0x00007eefa1cd0000, 0x00007eefa1cd0000, 0x00007eefb74a0000)
 tenured generation   total 9139436K, used 8415007K [0x00007ef435b50000, 0x00007ef66388b000, 0x00007efee0600000)
   the space 9139436K,  92% used [0x00007ef435b50000, 0x00007ef637517f50, 0x00007ef637518000, 0x00007ef66388b000)
 Metaspace       used 23356K, capacity 23754K, committed 23808K, reserved 24576K
}
Event: 80.671 GC heap before
{Heap before GC invocations=33 (full 13):
 def new generation   total 3169088K, used 0K [0x00007eeee0600000, 0x00007eefb74a0000, 0x00007ef435b50000)
  eden space 2817024K,   0% used [0x00007eeee0600000, 0x00007eeee0600000, 0x00007eef8c500000)
  from space 352064K,   0% used [0x00007eef8c500000, 0x00007eef8c500308, 0x00007eefa1cd0000)
  to   space 352064K,   0% used [0x00007eefa1cd0000, 0x00007eefa1cd0000, 0x00007eefb74a0000)
 tenured generation   total 9139436K, used 8415007K [0x00007ef435b50000, 0x00007ef66388b000, 0x00007efee0600000)
   the space 9139436K,  92% used [0x00007ef435b50000, 0x00007ef637517f50, 0x00007ef637518000, 0x00007ef66388b000)
 Metaspace       used 23356K, capacity 23754K, committed 23808K, reserved 24576K
}
Event: 81.324 GC heap after
{Heap after GC invocations=33 (full 14):
 def new generation   total 3169088K, used 0K [0x00007eeee0600000, 0x00007eefb74a0000, 0x00007ef435b50000)
  eden space 2817024K,   0% used [0x00007eeee0600000, 0x00007eeee0600000, 0x00007eef8c500000)
  from space 352064K,   0% used [0x00007eef8c500000, 0x00007eef8c500000, 0x00007eefa1cd0000)
  to   space 352064K,   0% used [0x00007eefa1cd0000, 0x00007eefa1cd0000, 0x00007eefb74a0000)
 tenured generation   total 7042280K, used 4220703K [0x00007ef435b50000, 0x00007ef5e388a000, 0x00007efee0600000)
   the space 7042280K,  59% used [0x00007ef435b50000, 0x00007ef537517f18, 0x00007ef537518000, 0x00007ef5e388a000)
 Metaspace       used 23356K, capacity 23754K, committed 23808K, reserved 24576K
}
Event: 83.453 GC heap before
{Heap before GC invocations=33 (full 14):
 def new generation   total 3169088K, used 2817024K [0x00007eeee0600000, 0x00007eefb74a0000, 0x00007ef435b50000)
  eden space 2817024K, 100% used [0x00007eeee0600000, 0x00007eef8c500000, 0x00007eef8c500000)
  from space 352064K,   0% used [0x00007eef8c500000, 0x00007eef8c500000, 0x00007eefa1cd0000)
  to   space 352064K,   0% used [0x00007eefa1cd0000, 0x00007eefa1cd0000, 0x00007eefb74a0000)
 tenured generation   total 7042280K, used 4220703K [0x00007ef435b50000, 0x00007ef5e388a000, 0x00007efee0600000)
   the space 7042280K,  59% used [0x00007ef435b50000, 0x00007ef537517f18, 0x00007ef537518000, 0x00007ef5e388a000)
 Metaspace       used 23357K, capacity 23754K, committed 23808K, reserved 24576K
}
Event: 83.471 GC heap after
{Heap after GC invocations=34 (full 14):
 def new generation   total 3169088K, used 139512K [0x00007eeee0600000, 0x00007eefb74a0000, 0x00007ef435b50000)
  eden space 2817024K,   0% used [0x00007eeee0600000, 0x00007eeee0600000, 0x00007eef8c500000)
  from space 352064K,  39% used [0x00007eefa1cd0000, 0x00007eefaa50e240, 0x00007eefb74a0000)
  to   space 352064K,   0% used [0x00007eef8c500000, 0x00007eef8c500000, 0x00007eefa1cd0000)
 tenured generation   total 7042280K, used 4220703K [0x00007ef435b50000, 0x00007ef5e388a000, 0x00007efee0600000)
   the space 7042280K,  59% used [0x00007ef435b50000, 0x00007ef537517f18, 0x00007ef537518000, 0x00007ef5e388a000)
 Metaspace       used 23357K, capacity 23754K, committed 23808K, reserved 24576K
}
Event: 84.849 GC heap before
{Heap before GC invocations=34 (full 14):
 def new generation   total 3169088K, used 2904690K [0x00007eeee0600000, 0x00007eefb74a0000, 0x00007ef435b50000)
  eden space 2817024K,  98% used [0x00007eeee0600000, 0x00007eef8925e718, 0x00007eef8c500000)
  from space 352064K,  39% used [0x00007eefa1cd0000, 0x00007eefaa50e240, 0x00007eefb74a0000)
  to   space 352064K,   0% used [0x00007eef8c500000, 0x00007eef8c500000, 0x00007eefa1cd0000)
 tenured generation   total 7042280K, used 4220703K [0x00007ef435b50000, 0x00007ef5e388a000, 0x00007efee0600000)
   the space 7042280K,  59% used [0x00007ef435b50000, 0x00007ef537517f18, 0x00007ef537518000, 0x00007ef5e388a000)
 Metaspace       used 23359K, capacity 23754K, committed 23808K, reserved 24576K
}
Event: 84.955 GC heap after
{Heap after GC invocations=35 (full 14):
 def new generation   total 3169088K, used 140694K [0x00007eeee0600000, 0x00007eefb74a0000, 0x00007ef435b50000)
  eden space 2817024K,   0% used [0x00007eeee0600000, 0x00007eeee0600000, 0x00007eef8c500000)
  from space 352064K,  39% used [0x00007eef8c500000, 0x00007eef94e65820, 0x00007eefa1cd0000)
  to   space 352064K,   0% used [0x00007eefa1cd0000, 0x00007eefa1cd0000, 0x00007eefb74a0000)
 tenured generation   total 7042280K, used 4744991K [0x00007ef435b50000, 0x00007ef5e388a000, 0x00007efee0600000)
   the space 7042280K,  67% used [0x00007ef435b50000, 0x00007ef557517f30, 0x00007ef557518000, 0x00007ef5e388a000)
 Metaspace       used 23359K, capacity 23754K, committed 23808K, reserved 24576K
}
Event: 85.437 GC heap before
{Heap before GC invocations=35 (full 14):
 def new generation   total 3169088K, used 923298K [0x00007eeee0600000, 0x00007eefb74a0000, 0x00007ef435b50000)
  eden space 2817024K,  27% used [0x00007eeee0600000, 0x00007eef102432e8, 0x00007eef8c500000)
  from space 352064K,  39% used [0x00007eef8c500000, 0x00007eef94e65820, 0x00007eefa1cd0000)
  to   space 352064K,   0% used [0x00007eefa1cd0000, 0x00007eefa1cd0000, 0x00007eefb74a0000)
 tenured generation   total 7042280K, used 4744991K [0x00007ef435b50000, 0x00007ef5e388a000, 0x00007efee0600000)
   the space 7042280K,  67% used [0x00007ef435b50000, 0x00007ef557517f30, 0x00007ef557518000, 0x00007ef5e388a000)
 Metaspace       used 23363K, capacity 23754K, committed 23808K, reserved 24576K
}
Event: 85.455 GC heap after
{Heap after GC invocations=36 (full 14):
 def new generation   total 3169088K, used 157143K [0x00007eeee0600000, 0x00007eefb74a0000, 0x00007ef435b50000)
  eden space 2817024K,   0% used [0x00007eeee0600000, 0x00007eeee0600000, 0x00007eef8c500000)
  from space 352064K,  44% used [0x00007eefa1cd0000, 0x00007eefab645ea8, 0x00007eefb74a0000)
  to   space 352064K,   0% used [0x00007eef8c500000, 0x00007eef8c500000, 0x00007eefa1cd0000)
 tenured generation   total 7042280K, used 4744991K [0x00007ef435b50000, 0x00007ef5e388a000, 0x00007efee0600000)
   the space 7042280K,  67% used [0x00007ef435b50000, 0x00007ef557517f30, 0x00007ef557518000, 0x00007ef5e388a000)
 Metaspace       used 23363K, capacity 23754K, committed 23808K, reserved 24576K
}
Event: 85.455 GC heap before
{Heap before GC invocations=36 (full 14):
 def new generation   total 3169088K, used 157143K [0x00007eeee0600000, 0x00007eefb74a0000, 0x00007ef435b50000)
  eden space 2817024K,   0% used [0x00007eeee0600000, 0x00007eeee0600000, 0x00007eef8c500000)
  from space 352064K,  44% used [0x00007eefa1cd0000, 0x00007eefab645ea8, 0x00007eefb74a0000)
  to   space 352064K,   0% used [0x00007eef8c500000, 0x00007eef8c500000, 0x00007eefa1cd0000)
 tenured generation   total 7042280K, used 4744991K [0x00007ef435b50000, 0x00007ef5e388a000, 0x00007efee0600000)
   the space 7042280K,  67% used [0x00007ef435b50000, 0x00007ef557517f30, 0x00007ef557518000, 0x00007ef5e388a000)
 Metaspace       used 23363K, capacity 23754K, committed 23808K, reserved 24576K
}
Event: 85.480 GC heap after
{Heap after GC invocations=36 (full 15):
 def new generation   total 3169088K, used 0K [0x00007eeee0600000, 0x00007eefb74a0000, 0x00007ef435b50000)
  eden space 2817024K,   0% used [0x00007eeee0600000, 0x00007eeee0600000, 0x00007eef8c500000)
  from space 352064K,   0% used [0x00007eefa1cd0000, 0x00007eefa1cd0000, 0x00007eefb74a0000)
  to   space 352064K,   0% used [0x00007eef8c500000, 0x00007eef8c500000, 0x00007eefa1cd0000)
 tenured generation   total 7042280K, used 44157K [0x00007ef435b50000, 0x00007ef5e388a000, 0x00007efee0600000)
   the space 7042280K,   0% used [0x00007ef435b50000, 0x00007ef43866f520, 0x00007ef43866f600, 0x00007ef5e388a000)
 Metaspace       used 23363K, capacity 23754K, committed 23808K, reserved 24576K
}
Event: 89.503 GC heap before
{Heap before GC invocations=36 (full 15):
 def new generation   total 3169088K, used 2152582K [0x00007eeee0600000, 0x00007eefb74a0000, 0x00007ef435b50000)
  eden space 2817024K,  76% used [0x00007eeee0600000, 0x00007eef63c21930, 0x00007eef8c500000)
  from space 352064K,   0% used [0x00007eefa1cd0000, 0x00007eefa1cd0000, 0x00007eefb74a0000)
  to   space 352064K,   0% used [0x00007eef8c500000, 0x00007eef8c500000, 0x00007eefa1cd0000)
 tenured generation   total 7042280K, used 4238461K [0x00007ef435b50000, 0x00007ef5e388a000, 0x00007efee0600000)
   the space 7042280K,  60% used [0x00007ef435b50000, 0x00007ef53866f538, 0x00007ef53866f600, 0x00007ef5e388a000)
 Metaspace       used 23363K, capacity 23754K, committed 23808K, reserved 24576K
}
Event: 89.818 GC heap after
{Heap after GC invocations=37 (full 15):
 def new generation   total 3169088K, used 0K [0x00007eeee0600000, 0x00007eefb74a0000, 0x00007ef435b50000)
  eden space 2817024K,   0% used [0x00007eeee0600000, 0x00007eeee0600000, 0x00007eef8c500000)
  from space 352064K,   0% used [0x00007eef8c500000, 0x00007eef8c500280, 0x00007eefa1cd0000)
  to   space 352064K,   0% used [0x00007eefa1cd0000, 0x00007eefa1cd0000, 0x00007eefb74a0000)
 tenured generation   total 7042280K, used 6335613K [0x00007ef435b50000, 0x00007ef5e388a000, 0x00007efee0600000)
   the space 7042280K,  89% used [0x00007ef435b50000, 0x00007ef5b866f550, 0x00007ef5b866f600, 0x00007ef5e388a000)
 Metaspace       used 23363K, capacity 23754K, committed 23808K, reserved 24576K
}
Event: 90.304 GC heap before
{Heap before GC invocations=37 (full 15):
 def new generation   total 3169088K, used 2152901K [0x00007eeee0600000, 0x00007eefb74a0000, 0x00007ef435b50000)
  eden space 2817024K,  76% used [0x00007eeee0600000, 0x00007eef63c71398, 0x00007eef8c500000)
  from space 352064K,   0% used [0x00007eef8c500000, 0x00007eef8c500280, 0x00007eefa1cd0000)
  to   space 352064K,   0% used [0x00007eefa1cd0000, 0x00007eefa1cd0000, 0x00007eefb74a0000)
 tenured generation   total 7042280K, used 6335613K [0x00007ef435b50000, 0x00007ef5e388a000, 0x00007efee0600000)
   the space 7042280K,  89% used [0x00007ef435b50000, 0x00007ef5b866f550, 0x00007ef5b866f600, 0x00007ef5e388a000)
 Metaspace       used 23363K, capacity 23754K, committed 23808K, reserved 24576K
}
Event: 91.170 GC heap after
{Heap after GC invocations=38 (full 15):
 def new generation   total 3169088K, used 1K [0x00007eeee0600000, 0x00007eefb74a0000, 0x00007ef435b50000)
  eden space 2817024K,   0% used [0x00007eeee0600000, 0x00007eeee0600000, 0x00007eef8c500000)
  from space 352064K,   0% used [0x00007eefa1cd0000, 0x00007eefa1cd0480, 0x00007eefb74a0000)
  to   space 352064K,   0% used [0x00007eef8c500000, 0x00007eef8c500000, 0x00007eefa1cd0000)
 tenured generation   total 9139436K, used 8432765K [0x00007ef435b50000, 0x00007ef66388b000, 0x00007efee0600000)
   the space 9139436K,  92% used [0x00007ef435b50000, 0x00007ef63866f568, 0x00007ef63866f600, 0x00007ef66388b000)
 Metaspace       used 23363K, capacity 23754K, committed 23808K, reserved 24576K
}
Event: 91.170 GC heap before
{Heap before GC invocations=38 (full 15):
 def new generation   total 3169088K, used 1K [0x00007eeee0600000, 0x00007eefb74a0000, 0x00007ef435b50000)
  eden space 2817024K,   0% used [0x00007eeee0600000, 0x00007eeee0600000, 0x00007eef8c500000)
  from space 352064K,   0% used [0x00007eefa1cd0000, 0x00007eefa1cd0480, 0x00007eefb74a0000)
  to   space 352064K,   0% used [0x00007eef8c500000, 0x00007eef8c500000, 0x00007eefa1cd0000)
 tenured generation   total 9139436K, used 8432765K [0x00007ef435b50000, 0x00007ef66388b000, 0x00007efee0600000)
   the space 9139436K,  92% used [0x00007ef435b50000, 0x00007ef63866f568, 0x00007ef63866f600, 0x00007ef66388b000)
 Metaspace       used 23363K, capacity 23754K, committed 23808K, reserved 24576K
}
Event: 92.042 GC heap after
{Heap after GC invocations=38 (full 16):
 def new generation   total 3169088K, used 0K [0x00007eeee0600000, 0x00007eefb74a0000, 0x00007ef435b50000)
  eden space 2817024K,   0% used [0x00007eeee0600000, 0x00007eeee0600000, 0x00007eef8c500000)
  from space 352064K,   0% used [0x00007eefa1cd0000, 0x00007eefa1cd0000, 0x00007eefb74a0000)
  to   space 352064K,   0% used [0x00007eef8c500000, 0x00007eef8c500000, 0x00007eefa1cd0000)
 tenured generation   total 7042280K, used 4204508K [0x00007ef435b50000, 0x00007ef5e388a000, 0x00007efee0600000)
   the space 7042280K,  59% used [0x00007ef435b50000, 0x00007ef536547398, 0x00007ef536547400, 0x00007ef5e388a000)
 Metaspace       used 23363K, capacity 23754K, committed 23808K, reserved 24576K
}
Event: 93.391 GC heap before
{Heap before GC invocations=38 (full 16):
 def new generation   total 3169088K, used 2152597K [0x00007eeee0600000, 0x00007eefb74a0000, 0x00007ef435b50000)
  eden space 2817024K,  76% used [0x00007eeee0600000, 0x00007eef63c25560, 0x00007eef8c500000)
  from space 352064K,   0% used [0x00007eefa1cd0000, 0x00007eefa1cd0000, 0x00007eefb74a0000)
  to   space 352064K,   0% used [0x00007eef8c500000, 0x00007eef8c500000, 0x00007eefa1cd0000)
 tenured generation   total 7042280K, used 4204508K [0x00007ef435b50000, 0x00007ef5e388a000, 0x00007efee0600000)
   the space 7042280K,  59% used [0x00007ef435b50000, 0x00007ef536547398, 0x00007ef536547400, 0x00007ef5e388a000)
 Metaspace       used 23363K, capacity 23754K, committed 23808K, reserved 24576K
}
Event: 93.770 GC heap after
{Heap after GC invocations=39 (full 16):
 def new generation   total 3169088K, used 0K [0x00007eeee0600000, 0x00007eefb74a0000, 0x00007ef435b50000)
  eden space 2817024K,   0% used [0x00007eeee0600000, 0x00007eeee0600000, 0x00007eef8c500000)
  from space 352064K,   0% used [0x00007eef8c500000, 0x00007eef8c500108, 0x00007eefa1cd0000)
  to   space 352064K,   0% used [0x00007eefa1cd0000, 0x00007eefa1cd0000, 0x00007eefb74a0000)
 tenured generation   total 7042280K, used 6301660K [0x00007ef435b50000, 0x00007ef5e388a000, 0x00007efee0600000)
   the space 7042280K,  89% used [0x00007ef435b50000, 0x00007ef5b65473b0, 0x00007ef5b6547400, 0x00007ef5e388a000)
 Metaspace       used 23363K, capacity 23754K, committed 23808K, reserved 24576K
}
Event: 94.168 GC heap before
{Heap before GC invocations=39 (full 16):
 def new generation   total 3169088K, used 2152403K [0x00007eeee0600000, 0x00007eefb74a0000, 0x00007ef435b50000)
  eden space 2817024K,  76% used [0x00007eeee0600000, 0x00007eef63bf4b20, 0x00007eef8c500000)
  from space 352064K,   0% used [0x00007eef8c500000, 0x00007eef8c500108, 0x00007eefa1cd0000)
  to   space 352064K,   0% used [0x00007eefa1cd0000, 0x00007eefa1cd0000, 0x00007eefb74a0000)
 tenured generation   total 7042280K, used 6301660K [0x00007ef435b50000, 0x00007ef5e388a000, 0x00007efee0600000)
   the space 7042280K,  89% used [0x00007ef435b50000, 0x00007ef5b65473b0, 0x00007ef5b6547400, 0x00007ef5e388a000)
 Metaspace       used 23363K, capacity 23754K, committed 23808K, reserved 24576K
}

