# JRE version: OpenJDK Runtime Environment (13.0.7+5) (build 13.0.7+5-Ubuntu-0ubuntu120.04)
# Java VM: OpenJDK 64-Bit Server VM (13.0.7+5-Ubuntu-0ubuntu120.04, mixed mode, tiered, serial gc, linux-amd64)
Heap:
 def new generation   total 1650560K, used 55996K [0x00007f60d4600000, 0x00007f61444f0000, 0x00007f6629b50000)
  eden space 1467200K,   3% used [0x00007f60d4600000, 0x00007f60d7caf348, 0x00007f612ded0000)
  from space 183360K,   0% used [0x00007f612ded0000, 0x00007f612ded0000, 0x00007f61391e0000)
  to   space 183360K,   0% used [0x00007f61391e0000, 0x00007f61391e0000, 0x00007f61444f0000)
 tenured generation   total 3684116K, used 3681784K [0x00007f6629b50000, 0x00007f670a915000, 0x00007f70d4600000)
   the space 3684116K,  99% used [0x00007f6629b50000, 0x00007f670a6ce120, 0x00007f670a6ce200, 0x00007f670a915000)
 Metaspace       used 24221K, capacity 24635K, committed 24832K, reserved 26624K
GC Heap History (20 events):
Event: 2193.912 GC heap after
{Heap after GC invocations=1950 (full 5):
 def new generation   total 1650560K, used 86314K [0x00007f60d4600000, 0x00007f61444f0000, 0x00007f6629b50000)
  eden space 1467200K,   0% used [0x00007f60d4600000, 0x00007f60d4600000, 0x00007f612ded0000)
  from space 183360K,  47% used [0x00007f61391e0000, 0x00007f613e62abb0, 0x00007f61444f0000)
  to   space 183360K,   0% used [0x00007f612ded0000, 0x00007f612ded0000, 0x00007f61391e0000)
 tenured generation   total 3667728K, used 3636536K [0x00007f6629b50000, 0x00007f6709914000, 0x00007f70d4600000)
   the space 3667728K,  99% used [0x00007f6629b50000, 0x00007f6707a9e140, 0x00007f6707a9e200, 0x00007f6709914000)
 Metaspace       used 24221K, capacity 24635K, committed 24832K, reserved 26624K
}
Event: 2195.933 GC heap before
{Heap before GC invocations=1950 (full 5):
 def new generation   total 1650560K, used 1539442K [0x00007f60d4600000, 0x00007f61444f0000, 0x00007f6629b50000)
  eden space 1467200K,  99% used [0x00007f60d4600000, 0x00007f612d111c90, 0x00007f612ded0000)
  from space 183360K,  47% used [0x00007f61391e0000, 0x00007f613e62abb0, 0x00007f61444f0000)
  to   space 183360K,   0% used [0x00007f612ded0000, 0x00007f612ded0000, 0x00007f61391e0000)
 tenured generation   total 3667728K, used 3636536K [0x00007f6629b50000, 0x00007f6709914000, 0x00007f70d4600000)
   the space 3667728K,  99% used [0x00007f6629b50000, 0x00007f6707a9e140, 0x00007f6707a9e200, 0x00007f6709914000)
 Metaspace       used 24221K, capacity 24635K, committed 24832K, reserved 26624K
}
Event: 2195.995 GC heap after
{Heap after GC invocations=1951 (full 5):
 def new generation   total 1650560K, used 72487K [0x00007f60d4600000, 0x00007f61444f0000, 0x00007f6629b50000)
  eden space 1467200K,   0% used [0x00007f60d4600000, 0x00007f60d4600000, 0x00007f612ded0000)
  from space 183360K,  39% used [0x00007f612ded0000, 0x00007f6132599da8, 0x00007f61391e0000)
  to   space 183360K,   0% used [0x00007f61391e0000, 0x00007f61391e0000, 0x00007f61444f0000)
 tenured generation   total 3667728K, used 3636536K [0x00007f6629b50000, 0x00007f6709914000, 0x00007f70d4600000)
   the space 3667728K,  99% used [0x00007f6629b50000, 0x00007f6707a9e140, 0x00007f6707a9e200, 0x00007f6709914000)
 Metaspace       used 24221K, capacity 24635K, committed 24832K, reserved 26624K
}
Event: 2197.853 GC heap before
{Heap before GC invocations=1951 (full 5):
 def new generation   total 1650560K, used 1535556K [0x00007f60d4600000, 0x00007f61444f0000, 0x00007f6629b50000)
  eden space 1467200K,  99% used [0x00007f60d4600000, 0x00007f612dac7408, 0x00007f612ded0000)
  from space 183360K,  39% used [0x00007f612ded0000, 0x00007f6132599da8, 0x00007f61391e0000)
  to   space 183360K,   0% used [0x00007f61391e0000, 0x00007f61391e0000, 0x00007f61444f0000)
 tenured generation   total 3667728K, used 3636536K [0x00007f6629b50000, 0x00007f6709914000, 0x00007f70d4600000)
   the space 3667728K,  99% used [0x00007f6629b50000, 0x00007f6707a9e140, 0x00007f6707a9e200, 0x00007f6709914000)
 Metaspace       used 24221K, capacity 24635K, committed 24832K, reserved 26624K
}
Event: 2197.925 GC heap after
{Heap after GC invocations=1952 (full 5):
 def new generation   total 1650560K, used 78141K [0x00007f60d4600000, 0x00007f61444f0000, 0x00007f6629b50000)
  eden space 1467200K,   0% used [0x00007f60d4600000, 0x00007f60d4600000, 0x00007f612ded0000)
  from space 183360K,  42% used [0x00007f61391e0000, 0x00007f613de2f4d8, 0x00007f61444f0000)
  to   space 183360K,   0% used [0x00007f612ded0000, 0x00007f612ded0000, 0x00007f61391e0000)
 tenured generation   total 3667728K, used 3636536K [0x00007f6629b50000, 0x00007f6709914000, 0x00007f70d4600000)
   the space 3667728K,  99% used [0x00007f6629b50000, 0x00007f6707a9e140, 0x00007f6707a9e200, 0x00007f6709914000)
 Metaspace       used 24221K, capacity 24635K, committed 24832K, reserved 26624K
}
Event: 2199.537 GC heap before
{Heap before GC invocations=1952 (full 5):
 def new generation   total 1650560K, used 1545341K [0x00007f60d4600000, 0x00007f61444f0000, 0x00007f6629b50000)
  eden space 1467200K, 100% used [0x00007f60d4600000, 0x00007f612ded0000, 0x00007f612ded0000)
  from space 183360K,  42% used [0x00007f61391e0000, 0x00007f613de2f4d8, 0x00007f61444f0000)
  to   space 183360K,   0% used [0x00007f612ded0000, 0x00007f612ded0000, 0x00007f61391e0000)
 tenured generation   total 3667728K, used 3636536K [0x00007f6629b50000, 0x00007f6709914000, 0x00007f70d4600000)
   the space 3667728K,  99% used [0x00007f6629b50000, 0x00007f6707a9e140, 0x00007f6707a9e200, 0x00007f6709914000)
 Metaspace       used 24221K, capacity 24635K, committed 24832K, reserved 26624K
}
Event: 2199.608 GC heap after
{Heap after GC invocations=1953 (full 5):
 def new generation   total 1650560K, used 83256K [0x00007f60d4600000, 0x00007f61444f0000, 0x00007f6629b50000)
  eden space 1467200K,   0% used [0x00007f60d4600000, 0x00007f60d4600000, 0x00007f612ded0000)
  from space 183360K,  45% used [0x00007f612ded0000, 0x00007f613301e118, 0x00007f61391e0000)
  to   space 183360K,   0% used [0x00007f61391e0000, 0x00007f61391e0000, 0x00007f61444f0000)
 tenured generation   total 3667728K, used 3636536K [0x00007f6629b50000, 0x00007f6709914000, 0x00007f70d4600000)
   the space 3667728K,  99% used [0x00007f6629b50000, 0x00007f6707a9e140, 0x00007f6707a9e200, 0x00007f6709914000)
 Metaspace       used 24221K, capacity 24635K, committed 24832K, reserved 26624K
}
Event: 2200.986 GC heap before
{Heap before GC invocations=1953 (full 5):
 def new generation   total 1650560K, used 1550456K [0x00007f60d4600000, 0x00007f61444f0000, 0x00007f6629b50000)
  eden space 1467200K, 100% used [0x00007f60d4600000, 0x00007f612ded0000, 0x00007f612ded0000)
  from space 183360K,  45% used [0x00007f612ded0000, 0x00007f613301e118, 0x00007f61391e0000)
  to   space 183360K,   0% used [0x00007f61391e0000, 0x00007f61391e0000, 0x00007f61444f0000)
 tenured generation   total 3667728K, used 3636536K [0x00007f6629b50000, 0x00007f6709914000, 0x00007f70d4600000)
   the space 3667728K,  99% used [0x00007f6629b50000, 0x00007f6707a9e140, 0x00007f6707a9e200, 0x00007f6709914000)
 Metaspace       used 24221K, capacity 24635K, committed 24832K, reserved 26624K
}
Event: 2201.091 GC heap after
{Heap after GC invocations=1954 (full 5):
 def new generation   total 1650560K, used 67849K [0x00007f60d4600000, 0x00007f61444f0000, 0x00007f6629b50000)
  eden space 1467200K,   0% used [0x00007f60d4600000, 0x00007f60d4600000, 0x00007f612ded0000)
  from space 183360K,  37% used [0x00007f61391e0000, 0x00007f613d4227b0, 0x00007f61444f0000)
  to   space 183360K,   0% used [0x00007f612ded0000, 0x00007f612ded0000, 0x00007f61391e0000)
 tenured generation   total 3667728K, used 3653496K [0x00007f6629b50000, 0x00007f6709914000, 0x00007f70d4600000)
   the space 3667728K,  99% used [0x00007f6629b50000, 0x00007f6708b2e138, 0x00007f6708b2e200, 0x00007f6709914000)
 Metaspace       used 24221K, capacity 24635K, committed 24832K, reserved 26624K
}
Event: 2202.398 GC heap before
{Heap before GC invocations=1954 (full 5):
 def new generation   total 1650560K, used 1535049K [0x00007f60d4600000, 0x00007f61444f0000, 0x00007f6629b50000)
  eden space 1467200K, 100% used [0x00007f60d4600000, 0x00007f612ded0000, 0x00007f612ded0000)
  from space 183360K,  37% used [0x00007f61391e0000, 0x00007f613d4227b0, 0x00007f61444f0000)
  to   space 183360K,   0% used [0x00007f612ded0000, 0x00007f612ded0000, 0x00007f61391e0000)
 tenured generation   total 3667728K, used 3653496K [0x00007f6629b50000, 0x00007f6709914000, 0x00007f70d4600000)
   the space 3667728K,  99% used [0x00007f6629b50000, 0x00007f6708b2e138, 0x00007f6708b2e200, 0x00007f6709914000)
 Metaspace       used 24221K, capacity 24635K, committed 24832K, reserved 26624K
}
Event: 2202.457 GC heap after
{Heap after GC invocations=1955 (full 5):
 def new generation   total 1650560K, used 67853K [0x00007f60d4600000, 0x00007f61444f0000, 0x00007f6629b50000)
  eden space 1467200K,   0% used [0x00007f60d4600000, 0x00007f60d4600000, 0x00007f612ded0000)
  from space 183360K,  37% used [0x00007f612ded0000, 0x00007f6132113400, 0x00007f61391e0000)
  to   space 183360K,   0% used [0x00007f61391e0000, 0x00007f61391e0000, 0x00007f61444f0000)
 tenured generation   total 3667728K, used 3653496K [0x00007f6629b50000, 0x00007f6709914000, 0x00007f70d4600000)
   the space 3667728K,  99% used [0x00007f6629b50000, 0x00007f6708b2e138, 0x00007f6708b2e200, 0x00007f6709914000)
 Metaspace       used 24221K, capacity 24635K, committed 24832K, reserved 26624K
}
Event: 2204.229 GC heap before
{Heap before GC invocations=1955 (full 5):
 def new generation   total 1650560K, used 1534839K [0x00007f60d4600000, 0x00007f61444f0000, 0x00007f6629b50000)
  eden space 1467200K,  99% used [0x00007f60d4600000, 0x00007f612de9aa00, 0x00007f612ded0000)
  from space 183360K,  37% used [0x00007f612ded0000, 0x00007f6132113400, 0x00007f61391e0000)
  to   space 183360K,   0% used [0x00007f61391e0000, 0x00007f61391e0000, 0x00007f61444f0000)
 tenured generation   total 3667728K, used 3653496K [0x00007f6629b50000, 0x00007f6709914000, 0x00007f70d4600000)
   the space 3667728K,  99% used [0x00007f6629b50000, 0x00007f6708b2e138, 0x00007f6708b2e200, 0x00007f6709914000)
 Metaspace       used 24221K, capacity 24635K, committed 24832K, reserved 26624K
}
Event: 2204.306 GC heap after
{Heap after GC invocations=1956 (full 5):
 def new generation   total 1650560K, used 86836K [0x00007f60d4600000, 0x00007f61444f0000, 0x00007f6629b50000)
  eden space 1467200K,   0% used [0x00007f60d4600000, 0x00007f60d4600000, 0x00007f612ded0000)
  from space 183360K,  47% used [0x00007f61391e0000, 0x00007f613e6ad108, 0x00007f61444f0000)
  to   space 183360K,   0% used [0x00007f612ded0000, 0x00007f612ded0000, 0x00007f61391e0000)
 tenured generation   total 3667728K, used 3653496K [0x00007f6629b50000, 0x00007f6709914000, 0x00007f70d4600000)
   the space 3667728K,  99% used [0x00007f6629b50000, 0x00007f6708b2e138, 0x00007f6708b2e200, 0x00007f6709914000)
 Metaspace       used 24221K, capacity 24635K, committed 24832K, reserved 26624K
}
Event: 2206.336 GC heap before
{Heap before GC invocations=1956 (full 5):
 def new generation   total 1650560K, used 1548210K [0x00007f60d4600000, 0x00007f61444f0000, 0x00007f6629b50000)
  eden space 1467200K,  99% used [0x00007f60d4600000, 0x00007f612d91fa28, 0x00007f612ded0000)
  from space 183360K,  47% used [0x00007f61391e0000, 0x00007f613e6ad108, 0x00007f61444f0000)
  to   space 183360K,   0% used [0x00007f612ded0000, 0x00007f612ded0000, 0x00007f61391e0000)
 tenured generation   total 3667728K, used 3653496K [0x00007f6629b50000, 0x00007f6709914000, 0x00007f70d4600000)
   the space 3667728K,  99% used [0x00007f6629b50000, 0x00007f6708b2e138, 0x00007f6708b2e200, 0x00007f6709914000)
 Metaspace       used 24221K, capacity 24635K, committed 24832K, reserved 26624K
}
Event: 2206.405 GC heap after
{Heap after GC invocations=1957 (full 5):
 def new generation   total 1650560K, used 75052K [0x00007f60d4600000, 0x00007f61444f0000, 0x00007f6629b50000)
  eden space 1467200K,   0% used [0x00007f60d4600000, 0x00007f60d4600000, 0x00007f612ded0000)
  from space 183360K,  40% used [0x00007f612ded0000, 0x00007f613281b378, 0x00007f61391e0000)
  to   space 183360K,   0% used [0x00007f61391e0000, 0x00007f61391e0000, 0x00007f61444f0000)
 tenured generation   total 3667728K, used 3653496K [0x00007f6629b50000, 0x00007f6709914000, 0x00007f70d4600000)
   the space 3667728K,  99% used [0x00007f6629b50000, 0x00007f6708b2e138, 0x00007f6708b2e200, 0x00007f6709914000)
 Metaspace       used 24221K, capacity 24635K, committed 24832K, reserved 26624K
}
Event: 2208.149 GC heap before
{Heap before GC invocations=1957 (full 5):
 def new generation   total 1650560K, used 1526777K [0x00007f60d4600000, 0x00007f61444f0000, 0x00007f6629b50000)
  eden space 1467200K,  98% used [0x00007f60d4600000, 0x00007f612cfb31e8, 0x00007f612ded0000)
  from space 183360K,  40% used [0x00007f612ded0000, 0x00007f613281b378, 0x00007f61391e0000)
  to   space 183360K,   0% used [0x00007f61391e0000, 0x00007f61391e0000, 0x00007f61444f0000)
 tenured generation   total 3667728K, used 3653496K [0x00007f6629b50000, 0x00007f6709914000, 0x00007f70d4600000)
   the space 3667728K,  99% used [0x00007f6629b50000, 0x00007f6708b2e138, 0x00007f6708b2e200, 0x00007f6709914000)
 Metaspace       used 24221K, capacity 24635K, committed 24832K, reserved 26624K
}
Event: 2208.218 GC heap after
{Heap after GC invocations=1958 (full 5):
 def new generation   total 1650560K, used 81215K [0x00007f60d4600000, 0x00007f61444f0000, 0x00007f6629b50000)
  eden space 1467200K,   0% used [0x00007f60d4600000, 0x00007f60d4600000, 0x00007f612ded0000)
  from space 183360K,  44% used [0x00007f61391e0000, 0x00007f613e12fd18, 0x00007f61444f0000)
  to   space 183360K,   0% used [0x00007f612ded0000, 0x00007f612ded0000, 0x00007f61391e0000)
 tenured generation   total 3667728K, used 3653496K [0x00007f6629b50000, 0x00007f6709914000, 0x00007f70d4600000)
   the space 3667728K,  99% used [0x00007f6629b50000, 0x00007f6708b2e138, 0x00007f6708b2e200, 0x00007f6709914000)
 Metaspace       used 24221K, capacity 24635K, committed 24832K, reserved 26624K
}
Event: 2209.755 GC heap before
{Heap before GC invocations=1958 (full 5):
 def new generation   total 1650560K, used 1548415K [0x00007f60d4600000, 0x00007f61444f0000, 0x00007f6629b50000)
  eden space 1467200K, 100% used [0x00007f60d4600000, 0x00007f612ded0000, 0x00007f612ded0000)
  from space 183360K,  44% used [0x00007f61391e0000, 0x00007f613e12fd18, 0x00007f61444f0000)
  to   space 183360K,   0% used [0x00007f612ded0000, 0x00007f612ded0000, 0x00007f61391e0000)
 tenured generation   total 3667728K, used 3653496K [0x00007f6629b50000, 0x00007f6709914000, 0x00007f70d4600000)
   the space 3667728K,  99% used [0x00007f6629b50000, 0x00007f6708b2e138, 0x00007f6708b2e200, 0x00007f6709914000)
 Metaspace       used 24221K, capacity 24635K, committed 24832K, reserved 26624K
}
Event: 2209.845 GC heap after
{Heap after GC invocations=1959 (full 5):
 def new generation   total 1650560K, used 67324K [0x00007f60d4600000, 0x00007f61444f0000, 0x00007f6629b50000)
  eden space 1467200K,   0% used [0x00007f60d4600000, 0x00007f60d4600000, 0x00007f612ded0000)
  from space 183360K,  36% used [0x00007f612ded0000, 0x00007f613208f338, 0x00007f61391e0000)
  to   space 183360K,   0% used [0x00007f61391e0000, 0x00007f61391e0000, 0x00007f61444f0000)
 tenured generation   total 3684116K, used 3670456K [0x00007f6629b50000, 0x00007f670a915000, 0x00007f70d4600000)
   the space 3684116K,  99% used [0x00007f6629b50000, 0x00007f6709bbe130, 0x00007f6709bbe200, 0x00007f670a915000)
 Metaspace       used 24221K, capacity 24635K, committed 24832K, reserved 26624K
}
Event: 2209.845 GC heap before
{Heap before GC invocations=1959 (full 5):
 def new generation   total 1650560K, used 67324K [0x00007f60d4600000, 0x00007f61444f0000, 0x00007f6629b50000)
  eden space 1467200K,   0% used [0x00007f60d4600000, 0x00007f60d4600000, 0x00007f612ded0000)
  from space 183360K,  36% used [0x00007f612ded0000, 0x00007f613208f338, 0x00007f61391e0000)
  to   space 183360K,   0% used [0x00007f61391e0000, 0x00007f61391e0000, 0x00007f61444f0000)
 tenured generation   total 3684116K, used 3670456K [0x00007f6629b50000, 0x00007f670a915000, 0x00007f70d4600000)
   the space 3684116K,  99% used [0x00007f6629b50000, 0x00007f6709bbe130, 0x00007f6709bbe200, 0x00007f670a915000)
 Metaspace       used 24221K, capacity 24635K, committed 24832K, reserved 26624K
}

