# JRE version: OpenJDK Runtime Environment (13.0.7+5) (build 13.0.7+5-Ubuntu-0ubuntu120.04)
# Java VM: OpenJDK 64-Bit Server VM (13.0.7+5-Ubuntu-0ubuntu120.04, mixed mode, tiered, serial gc, linux-amd64)
Heap:
 def new generation   total 1748800K, used 20216K [0x00007efcd0600000, 0x00007efd46f90000, 0x00007f0225b50000)
  eden space 1554496K,   1% used [0x00007efcd0600000, 0x00007efcd19be270, 0x00007efd2f410000)
  from space 194304K,   0% used [0x00007efd3b1d0000, 0x00007efd3b1d0000, 0x00007efd46f90000)
  to   space 194304K,   0% used [0x00007efd2f410000, 0x00007efd2f410000, 0x00007efd3b1d0000)
 tenured generation   total 3886272K, used 3886271K [0x00007f0225b50000, 0x00007f0312e80000, 0x00007f0cd0600000)
   the space 3886272K,  99% used [0x00007f0225b50000, 0x00007f0312e7ffe8, 0x00007f0312e80000, 0x00007f0312e80000)
 Metaspace       used 24340K, capacity 24713K, committed 24832K, reserved 26624K
GC Heap History (20 events):
Event: 3168.637 GC heap after
{Heap after GC invocations=4083 (full 3):
 def new generation   total 1748800K, used 25728K [0x00007efcd0600000, 0x00007efd46f90000, 0x00007f0225b50000)
  eden space 1554496K,   0% used [0x00007efcd0600000, 0x00007efcd0600000, 0x00007efd2f410000)
  from space 194304K,  13% used [0x00007efd2f410000, 0x00007efd30d30150, 0x00007efd3b1d0000)
  to   space 194304K,   0% used [0x00007efd3b1d0000, 0x00007efd3b1d0000, 0x00007efd46f90000)
 tenured generation   total 3886080K, used 3870906K [0x00007f0225b50000, 0x00007f0312e50000, 0x00007f0cd0600000)
   the space 3886080K,  99% used [0x00007f0225b50000, 0x00007f0311f7e928, 0x00007f0311f7ea00, 0x00007f0312e50000)
 Metaspace       used 24340K, capacity 24713K, committed 24832K, reserved 26624K
}
Event: 3169.992 GC heap before
{Heap before GC invocations=4083 (full 3):
 def new generation   total 1748800K, used 1580224K [0x00007efcd0600000, 0x00007efd46f90000, 0x00007f0225b50000)
  eden space 1554496K, 100% used [0x00007efcd0600000, 0x00007efd2f410000, 0x00007efd2f410000)
  from space 194304K,  13% used [0x00007efd2f410000, 0x00007efd30d30150, 0x00007efd3b1d0000)
  to   space 194304K,   0% used [0x00007efd3b1d0000, 0x00007efd3b1d0000, 0x00007efd46f90000)
 tenured generation   total 3886080K, used 3870906K [0x00007f0225b50000, 0x00007f0312e50000, 0x00007f0cd0600000)
   the space 3886080K,  99% used [0x00007f0225b50000, 0x00007f0311f7e928, 0x00007f0311f7ea00, 0x00007f0312e50000)
 Metaspace       used 24340K, capacity 24713K, committed 24832K, reserved 26624K
}
Event: 3170.058 GC heap after
{Heap after GC invocations=4084 (full 3):
 def new generation   total 1748800K, used 25809K [0x00007efcd0600000, 0x00007efd46f90000, 0x00007f0225b50000)
  eden space 1554496K,   0% used [0x00007efcd0600000, 0x00007efcd0600000, 0x00007efd2f410000)
  from space 194304K,  13% used [0x00007efd3b1d0000, 0x00007efd3cb04588, 0x00007efd46f90000)
  to   space 194304K,   0% used [0x00007efd2f410000, 0x00007efd2f410000, 0x00007efd3b1d0000)
 tenured generation   total 3886080K, used 3872473K [0x00007f0225b50000, 0x00007f0312e50000, 0x00007f0cd0600000)
   the space 3886080K,  99% used [0x00007f0225b50000, 0x00007f03121064a0, 0x00007f0312106600, 0x00007f0312e50000)
 Metaspace       used 24340K, capacity 24713K, committed 24832K, reserved 26624K
}
Event: 3171.320 GC heap before
{Heap before GC invocations=4084 (full 3):
 def new generation   total 1748800K, used 1580305K [0x00007efcd0600000, 0x00007efd46f90000, 0x00007f0225b50000)
  eden space 1554496K, 100% used [0x00007efcd0600000, 0x00007efd2f410000, 0x00007efd2f410000)
  from space 194304K,  13% used [0x00007efd3b1d0000, 0x00007efd3cb04588, 0x00007efd46f90000)
  to   space 194304K,   0% used [0x00007efd2f410000, 0x00007efd2f410000, 0x00007efd3b1d0000)
 tenured generation   total 3886080K, used 3872473K [0x00007f0225b50000, 0x00007f0312e50000, 0x00007f0cd0600000)
   the space 3886080K,  99% used [0x00007f0225b50000, 0x00007f03121064a0, 0x00007f0312106600, 0x00007f0312e50000)
 Metaspace       used 24340K, capacity 24713K, committed 24832K, reserved 26624K
}
Event: 3171.389 GC heap after
{Heap after GC invocations=4085 (full 3):
 def new generation   total 1748800K, used 25781K [0x00007efcd0600000, 0x00007efd46f90000, 0x00007f0225b50000)
  eden space 1554496K,   0% used [0x00007efcd0600000, 0x00007efcd0600000, 0x00007efd2f410000)
  from space 194304K,  13% used [0x00007efd2f410000, 0x00007efd30d3d548, 0x00007efd3b1d0000)
  to   space 194304K,   0% used [0x00007efd3b1d0000, 0x00007efd3b1d0000, 0x00007efd46f90000)
 tenured generation   total 3886080K, used 3874246K [0x00007f0225b50000, 0x00007f0312e50000, 0x00007f0cd0600000)
   the space 3886080K,  99% used [0x00007f0225b50000, 0x00007f03122c1be0, 0x00007f03122c1c00, 0x00007f0312e50000)
 Metaspace       used 24340K, capacity 24713K, committed 24832K, reserved 26624K
}
Event: 3172.699 GC heap before
{Heap before GC invocations=4085 (full 3):
 def new generation   total 1748800K, used 1580277K [0x00007efcd0600000, 0x00007efd46f90000, 0x00007f0225b50000)
  eden space 1554496K, 100% used [0x00007efcd0600000, 0x00007efd2f410000, 0x00007efd2f410000)
  from space 194304K,  13% used [0x00007efd2f410000, 0x00007efd30d3d548, 0x00007efd3b1d0000)
  to   space 194304K,   0% used [0x00007efd3b1d0000, 0x00007efd3b1d0000, 0x00007efd46f90000)
 tenured generation   total 3886080K, used 3874246K [0x00007f0225b50000, 0x00007f0312e50000, 0x00007f0cd0600000)
   the space 3886080K,  99% used [0x00007f0225b50000, 0x00007f03122c1be0, 0x00007f03122c1c00, 0x00007f0312e50000)
 Metaspace       used 24340K, capacity 24713K, committed 24832K, reserved 26624K
}
Event: 3172.771 GC heap after
{Heap after GC invocations=4086 (full 3):
 def new generation   total 1748800K, used 25779K [0x00007efcd0600000, 0x00007efd46f90000, 0x00007f0225b50000)
  eden space 1554496K,   0% used [0x00007efcd0600000, 0x00007efcd0600000, 0x00007efd2f410000)
  from space 194304K,  13% used [0x00007efd3b1d0000, 0x00007efd3cafcd88, 0x00007efd46f90000)
  to   space 194304K,   0% used [0x00007efd2f410000, 0x00007efd2f410000, 0x00007efd3b1d0000)
 tenured generation   total 3886080K, used 3876033K [0x00007f0225b50000, 0x00007f0312e50000, 0x00007f0cd0600000)
   the space 3886080K,  99% used [0x00007f0225b50000, 0x00007f03124805b0, 0x00007f0312480600, 0x00007f0312e50000)
 Metaspace       used 24340K, capacity 24713K, committed 24832K, reserved 26624K
}
Event: 3173.971 GC heap before
{Heap before GC invocations=4086 (full 3):
 def new generation   total 1748800K, used 1580275K [0x00007efcd0600000, 0x00007efd46f90000, 0x00007f0225b50000)
  eden space 1554496K, 100% used [0x00007efcd0600000, 0x00007efd2f410000, 0x00007efd2f410000)
  from space 194304K,  13% used [0x00007efd3b1d0000, 0x00007efd3cafcd88, 0x00007efd46f90000)
  to   space 194304K,   0% used [0x00007efd2f410000, 0x00007efd2f410000, 0x00007efd3b1d0000)
 tenured generation   total 3886080K, used 3876033K [0x00007f0225b50000, 0x00007f0312e50000, 0x00007f0cd0600000)
   the space 3886080K,  99% used [0x00007f0225b50000, 0x00007f03124805b0, 0x00007f0312480600, 0x00007f0312e50000)
 Metaspace       used 24340K, capacity 24713K, committed 24832K, reserved 26624K
}
Event: 3174.033 GC heap after
{Heap after GC invocations=4087 (full 3):
 def new generation   total 1748800K, used 25764K [0x00007efcd0600000, 0x00007efd46f90000, 0x00007f0225b50000)
  eden space 1554496K,   0% used [0x00007efcd0600000, 0x00007efcd0600000, 0x00007efd2f410000)
  from space 194304K,  13% used [0x00007efd2f410000, 0x00007efd30d39158, 0x00007efd3b1d0000)
  to   space 194304K,   0% used [0x00007efd3b1d0000, 0x00007efd3b1d0000, 0x00007efd46f90000)
 tenured generation   total 3886080K, used 3877641K [0x00007f0225b50000, 0x00007f0312e50000, 0x00007f0cd0600000)
   the space 3886080K,  99% used [0x00007f0225b50000, 0x00007f0312612698, 0x00007f0312612800, 0x00007f0312e50000)
 Metaspace       used 24340K, capacity 24713K, committed 24832K, reserved 26624K
}
Event: 3175.386 GC heap before
{Heap before GC invocations=4087 (full 3):
 def new generation   total 1748800K, used 1580260K [0x00007efcd0600000, 0x00007efd46f90000, 0x00007f0225b50000)
  eden space 1554496K, 100% used [0x00007efcd0600000, 0x00007efd2f410000, 0x00007efd2f410000)
  from space 194304K,  13% used [0x00007efd2f410000, 0x00007efd30d39158, 0x00007efd3b1d0000)
  to   space 194304K,   0% used [0x00007efd3b1d0000, 0x00007efd3b1d0000, 0x00007efd46f90000)
 tenured generation   total 3886080K, used 3877641K [0x00007f0225b50000, 0x00007f0312e50000, 0x00007f0cd0600000)
   the space 3886080K,  99% used [0x00007f0225b50000, 0x00007f0312612698, 0x00007f0312612800, 0x00007f0312e50000)
 Metaspace       used 24340K, capacity 24713K, committed 24832K, reserved 26624K
}
Event: 3175.448 GC heap after
{Heap after GC invocations=4088 (full 3):
 def new generation   total 1748800K, used 25761K [0x00007efcd0600000, 0x00007efd46f90000, 0x00007f0225b50000)
  eden space 1554496K,   0% used [0x00007efcd0600000, 0x00007efcd0600000, 0x00007efd2f410000)
  from space 194304K,  13% used [0x00007efd3b1d0000, 0x00007efd3caf84b0, 0x00007efd46f90000)
  to   space 194304K,   0% used [0x00007efd2f410000, 0x00007efd2f410000, 0x00007efd3b1d0000)
 tenured generation   total 3886080K, used 3879428K [0x00007f0225b50000, 0x00007f0312e50000, 0x00007f0cd0600000)
   the space 3886080K,  99% used [0x00007f0225b50000, 0x00007f03127d1068, 0x00007f03127d1200, 0x00007f0312e50000)
 Metaspace       used 24340K, capacity 24713K, committed 24832K, reserved 26624K
}
Event: 3176.686 GC heap before
{Heap before GC invocations=4088 (full 3):
 def new generation   total 1748800K, used 1580257K [0x00007efcd0600000, 0x00007efd46f90000, 0x00007f0225b50000)
  eden space 1554496K, 100% used [0x00007efcd0600000, 0x00007efd2f410000, 0x00007efd2f410000)
  from space 194304K,  13% used [0x00007efd3b1d0000, 0x00007efd3caf84b0, 0x00007efd46f90000)
  to   space 194304K,   0% used [0x00007efd2f410000, 0x00007efd2f410000, 0x00007efd3b1d0000)
 tenured generation   total 3886080K, used 3879428K [0x00007f0225b50000, 0x00007f0312e50000, 0x00007f0cd0600000)
   the space 3886080K,  99% used [0x00007f0225b50000, 0x00007f03127d1068, 0x00007f03127d1200, 0x00007f0312e50000)
 Metaspace       used 24340K, capacity 24713K, committed 24832K, reserved 26624K
}
Event: 3176.746 GC heap after
{Heap after GC invocations=4089 (full 3):
 def new generation   total 1748800K, used 25806K [0x00007efcd0600000, 0x00007efd46f90000, 0x00007f0225b50000)
  eden space 1554496K,   0% used [0x00007efcd0600000, 0x00007efcd0600000, 0x00007efd2f410000)
  from space 194304K,  13% used [0x00007efd2f410000, 0x00007efd30d43838, 0x00007efd3b1d0000)
  to   space 194304K,   0% used [0x00007efd3b1d0000, 0x00007efd3b1d0000, 0x00007efd46f90000)
 tenured generation   total 3886080K, used 3881052K [0x00007f0225b50000, 0x00007f0312e50000, 0x00007f0cd0600000)
   the space 3886080K,  99% used [0x00007f0225b50000, 0x00007f0312967360, 0x00007f0312967400, 0x00007f0312e50000)
 Metaspace       used 24340K, capacity 24713K, committed 24832K, reserved 26624K
}
Event: 3178.025 GC heap before
{Heap before GC invocations=4089 (full 3):
 def new generation   total 1748800K, used 1580302K [0x00007efcd0600000, 0x00007efd46f90000, 0x00007f0225b50000)
  eden space 1554496K, 100% used [0x00007efcd0600000, 0x00007efd2f410000, 0x00007efd2f410000)
  from space 194304K,  13% used [0x00007efd2f410000, 0x00007efd30d43838, 0x00007efd3b1d0000)
  to   space 194304K,   0% used [0x00007efd3b1d0000, 0x00007efd3b1d0000, 0x00007efd46f90000)
 tenured generation   total 3886080K, used 3881052K [0x00007f0225b50000, 0x00007f0312e50000, 0x00007f0cd0600000)
   the space 3886080K,  99% used [0x00007f0225b50000, 0x00007f0312967360, 0x00007f0312967400, 0x00007f0312e50000)
 Metaspace       used 24340K, capacity 24713K, committed 24832K, reserved 26624K
}
Event: 3178.097 GC heap after
{Heap after GC invocations=4090 (full 3):
 def new generation   total 1748800K, used 25756K [0x00007efcd0600000, 0x00007efd46f90000, 0x00007f0225b50000)
  eden space 1554496K,   0% used [0x00007efcd0600000, 0x00007efcd0600000, 0x00007efd2f410000)
  from space 194304K,  13% used [0x00007efd3b1d0000, 0x00007efd3caf7220, 0x00007efd46f90000)
  to   space 194304K,   0% used [0x00007efd2f410000, 0x00007efd2f410000, 0x00007efd3b1d0000)
 tenured generation   total 3886080K, used 3882834K [0x00007f0225b50000, 0x00007f0312e50000, 0x00007f0cd0600000)
   the space 3886080K,  99% used [0x00007f0225b50000, 0x00007f0312b24bf0, 0x00007f0312b24c00, 0x00007f0312e50000)
 Metaspace       used 24340K, capacity 24713K, committed 24832K, reserved 26624K
}
Event: 3179.296 GC heap before
{Heap before GC invocations=4090 (full 3):
 def new generation   total 1748800K, used 1580252K [0x00007efcd0600000, 0x00007efd46f90000, 0x00007f0225b50000)
  eden space 1554496K, 100% used [0x00007efcd0600000, 0x00007efd2f410000, 0x00007efd2f410000)
  from space 194304K,  13% used [0x00007efd3b1d0000, 0x00007efd3caf7220, 0x00007efd46f90000)
  to   space 194304K,   0% used [0x00007efd2f410000, 0x00007efd2f410000, 0x00007efd3b1d0000)
 tenured generation   total 3886080K, used 3882834K [0x00007f0225b50000, 0x00007f0312e50000, 0x00007f0cd0600000)
   the space 3886080K,  99% used [0x00007f0225b50000, 0x00007f0312b24bf0, 0x00007f0312b24c00, 0x00007f0312e50000)
 Metaspace       used 24340K, capacity 24713K, committed 24832K, reserved 26624K
}
Event: 3179.368 GC heap after
{Heap after GC invocations=4091 (full 3):
 def new generation   total 1748800K, used 25757K [0x00007efcd0600000, 0x00007efd46f90000, 0x00007f0225b50000)
  eden space 1554496K,   0% used [0x00007efcd0600000, 0x00007efcd0600000, 0x00007efd2f410000)
  from space 194304K,  13% used [0x00007efd2f410000, 0x00007efd30d374f0, 0x00007efd3b1d0000)
  to   space 194304K,   0% used [0x00007efd3b1d0000, 0x00007efd3b1d0000, 0x00007efd46f90000)
 tenured generation   total 3886080K, used 3884621K [0x00007f0225b50000, 0x00007f0312e50000, 0x00007f0cd0600000)
   the space 3886080K,  99% used [0x00007f0225b50000, 0x00007f0312ce35c0, 0x00007f0312ce3600, 0x00007f0312e50000)
 Metaspace       used 24340K, capacity 24713K, committed 24832K, reserved 26624K
}
Event: 3180.604 GC heap before
{Heap before GC invocations=4091 (full 3):
 def new generation   total 1748800K, used 1580253K [0x00007efcd0600000, 0x00007efd46f90000, 0x00007f0225b50000)
  eden space 1554496K, 100% used [0x00007efcd0600000, 0x00007efd2f410000, 0x00007efd2f410000)
  from space 194304K,  13% used [0x00007efd2f410000, 0x00007efd30d374f0, 0x00007efd3b1d0000)
  to   space 194304K,   0% used [0x00007efd3b1d0000, 0x00007efd3b1d0000, 0x00007efd46f90000)
 tenured generation   total 3886080K, used 3884621K [0x00007f0225b50000, 0x00007f0312e50000, 0x00007f0cd0600000)
   the space 3886080K,  99% used [0x00007f0225b50000, 0x00007f0312ce35c0, 0x00007f0312ce3600, 0x00007f0312e50000)
 Metaspace       used 24340K, capacity 24713K, committed 24832K, reserved 26624K
}
Event: 3180.672 GC heap after
{Heap after GC invocations=4092 (full 3):
 def new generation   total 1748800K, used 25747K [0x00007efcd0600000, 0x00007efd46f90000, 0x00007f0225b50000)
  eden space 1554496K,   0% used [0x00007efcd0600000, 0x00007efcd0600000, 0x00007efd2f410000)
  from space 194304K,  13% used [0x00007efd3b1d0000, 0x00007efd3caf4ed8, 0x00007efd46f90000)
  to   space 194304K,   0% used [0x00007efd2f410000, 0x00007efd2f410000, 0x00007efd3b1d0000)
 tenured generation   total 3886272K, used 3886237K [0x00007f0225b50000, 0x00007f0312e80000, 0x00007f0cd0600000)
   the space 3886272K,  99% used [0x00007f0225b50000, 0x00007f0312e776d8, 0x00007f0312e77800, 0x00007f0312e80000)
 Metaspace       used 24340K, capacity 24713K, committed 24832K, reserved 26624K
}
Event: 3180.672 GC heap before
{Heap before GC invocations=4092 (full 3):
 def new generation   total 1748800K, used 25747K [0x00007efcd0600000, 0x00007efd46f90000, 0x00007f0225b50000)
  eden space 1554496K,   0% used [0x00007efcd0600000, 0x00007efcd0600000, 0x00007efd2f410000)
  from space 194304K,  13% used [0x00007efd3b1d0000, 0x00007efd3caf4ed8, 0x00007efd46f90000)
  to   space 194304K,   0% used [0x00007efd2f410000, 0x00007efd2f410000, 0x00007efd3b1d0000)
 tenured generation   total 3886272K, used 3886237K [0x00007f0225b50000, 0x00007f0312e80000, 0x00007f0cd0600000)
   the space 3886272K,  99% used [0x00007f0225b50000, 0x00007f0312e776d8, 0x00007f0312e77800, 0x00007f0312e80000)
 Metaspace       used 24340K, capacity 24713K, committed 24832K, reserved 26624K
}

