# JRE version: OpenJDK Runtime Environment (13.0.7+5) (build 13.0.7+5-Ubuntu-0ubuntu120.04)
# Java VM: OpenJDK 64-Bit Server VM (13.0.7+5-Ubuntu-0ubuntu120.04, mixed mode, tiered, serial gc, linux-amd64)
Heap:
 def new generation   total 1270976K, used 0K [0x00007f4b9c600000, 0x00007f4bf2910000, 0x00007f50f1b50000)
  eden space 1129792K,   0% used [0x00007f4b9c600000, 0x00007f4b9c600000, 0x00007f4be1550000)
  from space 141184K,   0% used [0x00007f4be9f30000, 0x00007f4be9f30000, 0x00007f4bf2910000)
  to   space 141184K,   0% used [0x00007f4be1550000, 0x00007f4be1550000, 0x00007f4be9f30000)
 tenured generation   total 2824240K, used 141626K [0x00007f50f1b50000, 0x00007f519e15c000, 0x00007f5b9c600000)
   the space 2824240K,   5% used [0x00007f50f1b50000, 0x00007f50fa59ea60, 0x00007f50fa59ec00, 0x00007f519e15c000)
 Metaspace       used 23388K, capacity 23759K, committed 23808K, reserved 24576K
GC Heap History (20 events):
Event: 15.453 GC heap before
{Heap before GC invocations=13 (full 3):
 def new generation   total 799104K, used 955K [0x00007f4b9c600000, 0x00007f4bd2910000, 0x00007f50f1b50000)
  eden space 710336K,   0% used [0x00007f4b9c600000, 0x00007f4b9c600000, 0x00007f4bc7bb0000)
  from space 88768K,   1% used [0x00007f4bc7bb0000, 0x00007f4bc7c9ef90, 0x00007f4bcd260000)
  to   space 88768K,   0% used [0x00007f4bcd260000, 0x00007f4bcd260000, 0x00007f4bd2910000)
 tenured generation   total 2824240K, used 2245043K [0x00007f50f1b50000, 0x00007f519e15c000, 0x00007f5b9c600000)
   the space 2824240K,  79% used [0x00007f50f1b50000, 0x00007f517abbcf00, 0x00007f517abbd000, 0x00007f519e15c000)
 Metaspace       used 23320K, capacity 23686K, committed 23808K, reserved 24576K
}
Event: 15.499 GC heap after
{Heap after GC invocations=13 (full 4):
 def new generation   total 1270976K, used 0K [0x00007f4b9c600000, 0x00007f4bf2910000, 0x00007f50f1b50000)
  eden space 1129792K,   0% used [0x00007f4b9c600000, 0x00007f4b9c600000, 0x00007f4be1550000)
  from space 141184K,   0% used [0x00007f4be1550000, 0x00007f4be1550000, 0x00007f4be9f30000)
  to   space 141184K,   0% used [0x00007f4be9f30000, 0x00007f4be9f30000, 0x00007f4bf2910000)
 tenured generation   total 2824240K, used 9696K [0x00007f50f1b50000, 0x00007f519e15c000, 0x00007f5b9c600000)
   the space 2824240K,   0% used [0x00007f50f1b50000, 0x00007f50f24c8340, 0x00007f50f24c8400, 0x00007f519e15c000)
 Metaspace       used 23320K, capacity 23686K, committed 23808K, reserved 24576K
}
Event: 17.955 GC heap before
{Heap before GC invocations=13 (full 4):
 def new generation   total 1270976K, used 1005812K [0x00007f4b9c600000, 0x00007f4bf2910000, 0x00007f50f1b50000)
  eden space 1129792K,  89% used [0x00007f4b9c600000, 0x00007f4bd9c3d020, 0x00007f4be1550000)
  from space 141184K,   0% used [0x00007f4be1550000, 0x00007f4be1550000, 0x00007f4be9f30000)
  to   space 141184K,   0% used [0x00007f4be9f30000, 0x00007f4be9f30000, 0x00007f4bf2910000)
 tenured generation   total 2824240K, used 2106848K [0x00007f50f1b50000, 0x00007f519e15c000, 0x00007f5b9c600000)
   the space 2824240K,  74% used [0x00007f50f1b50000, 0x00007f51724c8358, 0x00007f51724c8400, 0x00007f519e15c000)
 Metaspace       used 23375K, capacity 23759K, committed 23808K, reserved 24576K
}
Event: 17.984 GC heap after
{Heap after GC invocations=14 (full 4):
 def new generation   total 1270976K, used 4914K [0x00007f4b9c600000, 0x00007f4bf2910000, 0x00007f50f1b50000)
  eden space 1129792K,   0% used [0x00007f4b9c600000, 0x00007f4b9c600000, 0x00007f4be1550000)
  from space 141184K,   3% used [0x00007f4be9f30000, 0x00007f4bea3fcab0, 0x00007f4bf2910000)
  to   space 141184K,   0% used [0x00007f4be1550000, 0x00007f4be1550000, 0x00007f4be9f30000)
 tenured generation   total 2824240K, used 2106848K [0x00007f50f1b50000, 0x00007f519e15c000, 0x00007f5b9c600000)
   the space 2824240K,  74% used [0x00007f50f1b50000, 0x00007f51724c8358, 0x00007f51724c8400, 0x00007f519e15c000)
 Metaspace       used 23375K, capacity 23759K, committed 23808K, reserved 24576K
}
Event: 18.172 GC heap before
{Heap before GC invocations=14 (full 4):
 def new generation   total 1270976K, used 289485K [0x00007f4b9c600000, 0x00007f4bf2910000, 0x00007f50f1b50000)
  eden space 1129792K,  25% used [0x00007f4b9c600000, 0x00007f4badbe6980, 0x00007f4be1550000)
  from space 141184K,   3% used [0x00007f4be9f30000, 0x00007f4bea3fcab0, 0x00007f4bf2910000)
  to   space 141184K,   0% used [0x00007f4be1550000, 0x00007f4be1550000, 0x00007f4be9f30000)
 tenured generation   total 2824240K, used 2106848K [0x00007f50f1b50000, 0x00007f519e15c000, 0x00007f5b9c600000)
   the space 2824240K,  74% used [0x00007f50f1b50000, 0x00007f51724c8358, 0x00007f51724c8400, 0x00007f519e15c000)
 Metaspace       used 23375K, capacity 23759K, committed 23808K, reserved 24576K
}
Event: 19.356 GC heap after
{Heap after GC invocations=15 (full 4):
 def new generation   total 1270976K, used 131890K [0x00007f4b9c600000, 0x00007f4bf2910000, 0x00007f50f1b50000)
  eden space 1129792K,   0% used [0x00007f4b9c600000, 0x00007f4b9c600000, 0x00007f4be1550000)
  from space 141184K,  93% used [0x00007f4be1550000, 0x00007f4be961caf8, 0x00007f4be9f30000)
  to   space 141184K,   0% used [0x00007f4be9f30000, 0x00007f4be9f30000, 0x00007f4bf2910000)
 tenured generation   total 2824240K, used 2237920K [0x00007f50f1b50000, 0x00007f519e15c000, 0x00007f5b9c600000)
   the space 2824240K,  79% used [0x00007f50f1b50000, 0x00007f517a4c8370, 0x00007f517a4c8400, 0x00007f519e15c000)
 Metaspace       used 23375K, capacity 23759K, committed 23808K, reserved 24576K
}
Event: 20.305 GC heap before
{Heap before GC invocations=15 (full 4):
 def new generation   total 1270976K, used 1202893K [0x00007f4b9c600000, 0x00007f4bf2910000, 0x00007f50f1b50000)
  eden space 1129792K,  94% used [0x00007f4b9c600000, 0x00007f4bddbe6968, 0x00007f4be1550000)
  from space 141184K,  93% used [0x00007f4be1550000, 0x00007f4be961caf8, 0x00007f4be9f30000)
  to   space 141184K,   0% used [0x00007f4be9f30000, 0x00007f4be9f30000, 0x00007f4bf2910000)
 tenured generation   total 2824240K, used 2237920K [0x00007f50f1b50000, 0x00007f519e15c000, 0x00007f5b9c600000)
   the space 2824240K,  79% used [0x00007f50f1b50000, 0x00007f517a4c8370, 0x00007f517a4c8400, 0x00007f519e15c000)
 Metaspace       used 23375K, capacity 23759K, committed 23808K, reserved 24576K
}
Event: 23.792 GC heap after
{Heap after GC invocations=16 (full 4):
 def new generation   total 1270976K, used 0K [0x00007f4b9c600000, 0x00007f4bf2910000, 0x00007f50f1b50000)
  eden space 1129792K,   0% used [0x00007f4b9c600000, 0x00007f4b9c600000, 0x00007f4be1550000)
  from space 141184K,   0% used [0x00007f4be9f30000, 0x00007f4be9f30170, 0x00007f4bf2910000)
  to   space 141184K,   0% used [0x00007f4be1550000, 0x00007f4be1550000, 0x00007f4be9f30000)
 tenured generation   total 3872820K, used 3287315K [0x00007f50f1b50000, 0x00007f51de15d000, 0x00007f5b9c600000)
   the space 3872820K,  84% used [0x00007f50f1b50000, 0x00007f51ba594c98, 0x00007f51ba594e00, 0x00007f51de15d000)
 Metaspace       used 23375K, capacity 23759K, committed 23808K, reserved 24576K
}
Event: 23.792 GC heap before
{Heap before GC invocations=16 (full 4):
 def new generation   total 1270976K, used 0K [0x00007f4b9c600000, 0x00007f4bf2910000, 0x00007f50f1b50000)
  eden space 1129792K,   0% used [0x00007f4b9c600000, 0x00007f4b9c600000, 0x00007f4be1550000)
  from space 141184K,   0% used [0x00007f4be9f30000, 0x00007f4be9f30170, 0x00007f4bf2910000)
  to   space 141184K,   0% used [0x00007f4be1550000, 0x00007f4be1550000, 0x00007f4be9f30000)
 tenured generation   total 3872820K, used 3287315K [0x00007f50f1b50000, 0x00007f51de15d000, 0x00007f5b9c600000)
   the space 3872820K,  84% used [0x00007f50f1b50000, 0x00007f51ba594c98, 0x00007f51ba594e00, 0x00007f51de15d000)
 Metaspace       used 23375K, capacity 23759K, committed 23808K, reserved 24576K
}
Event: 25.205 GC heap after
{Heap after GC invocations=16 (full 5):
 def new generation   total 1270976K, used 0K [0x00007f4b9c600000, 0x00007f4bf2910000, 0x00007f50f1b50000)
  eden space 1129792K,   0% used [0x00007f4b9c600000, 0x00007f4b9c600000, 0x00007f4be1550000)
  from space 141184K,   0% used [0x00007f4be9f30000, 0x00007f4be9f30000, 0x00007f4bf2910000)
  to   space 141184K,   0% used [0x00007f4be1550000, 0x00007f4be1550000, 0x00007f4be9f30000)
 tenured generation   total 2824240K, used 1190163K [0x00007f50f1b50000, 0x00007f519e15c000, 0x00007f5b9c600000)
   the space 2824240K,  42% used [0x00007f50f1b50000, 0x00007f513a594df0, 0x00007f513a594e00, 0x00007f519e15c000)
 Metaspace       used 23375K, capacity 23759K, committed 23808K, reserved 24576K
}
Event: 26.511 GC heap before
{Heap before GC invocations=16 (full 5):
 def new generation   total 1270976K, used 1070896K [0x00007f4b9c600000, 0x00007f4bf2910000, 0x00007f50f1b50000)
  eden space 1129792K,  94% used [0x00007f4b9c600000, 0x00007f4bddbcc148, 0x00007f4be1550000)
  from space 141184K,   0% used [0x00007f4be9f30000, 0x00007f4be9f30000, 0x00007f4bf2910000)
  to   space 141184K,   0% used [0x00007f4be1550000, 0x00007f4be1550000, 0x00007f4be9f30000)
 tenured generation   total 2824240K, used 1190163K [0x00007f50f1b50000, 0x00007f519e15c000, 0x00007f5b9c600000)
   the space 2824240K,  42% used [0x00007f50f1b50000, 0x00007f513a594df0, 0x00007f513a594e00, 0x00007f519e15c000)
 Metaspace       used 23375K, capacity 23759K, committed 23808K, reserved 24576K
}
Event: 26.787 GC heap after
{Heap after GC invocations=17 (full 5):
 def new generation   total 1270976K, used 0K [0x00007f4b9c600000, 0x00007f4bf2910000, 0x00007f50f1b50000)
  eden space 1129792K,   0% used [0x00007f4b9c600000, 0x00007f4b9c600000, 0x00007f4be1550000)
  from space 141184K,   0% used [0x00007f4be1550000, 0x00007f4be1550328, 0x00007f4be9f30000)
  to   space 141184K,   0% used [0x00007f4be9f30000, 0x00007f4be9f30000, 0x00007f4bf2910000)
 tenured generation   total 2824240K, used 2238739K [0x00007f50f1b50000, 0x00007f519e15c000, 0x00007f5b9c600000)
   the space 2824240K,  79% used [0x00007f50f1b50000, 0x00007f517a594e20, 0x00007f517a595000, 0x00007f519e15c000)
 Metaspace       used 23375K, capacity 23759K, committed 23808K, reserved 24576K
}
Event: 27.369 GC heap before
{Heap before GC invocations=17 (full 5):
 def new generation   total 1270976K, used 1070828K [0x00007f4b9c600000, 0x00007f4bf2910000, 0x00007f50f1b50000)
  eden space 1129792K,  94% used [0x00007f4b9c600000, 0x00007f4bddbbaff8, 0x00007f4be1550000)
  from space 141184K,   0% used [0x00007f4be1550000, 0x00007f4be1550328, 0x00007f4be9f30000)
  to   space 141184K,   0% used [0x00007f4be9f30000, 0x00007f4be9f30000, 0x00007f4bf2910000)
 tenured generation   total 2824240K, used 2238739K [0x00007f50f1b50000, 0x00007f519e15c000, 0x00007f5b9c600000)
   the space 2824240K,  79% used [0x00007f50f1b50000, 0x00007f517a594e20, 0x00007f517a595000, 0x00007f519e15c000)
 Metaspace       used 23375K, capacity 23759K, committed 23808K, reserved 24576K
}
Event: 27.469 GC heap after
{Heap after GC invocations=18 (full 5):
 def new generation   total 1270976K, used 131073K [0x00007f4b9c600000, 0x00007f4bf2910000, 0x00007f50f1b50000)
  eden space 1129792K,   0% used [0x00007f4b9c600000, 0x00007f4b9c600000, 0x00007f4be1550000)
  from space 141184K,  92% used [0x00007f4be9f30000, 0x00007f4bf1f305f8, 0x00007f4bf2910000)
  to   space 141184K,   0% used [0x00007f4be1550000, 0x00007f4be1550000, 0x00007f4be9f30000)
 tenured generation   total 2824240K, used 2631955K [0x00007f50f1b50000, 0x00007f519e15c000, 0x00007f5b9c600000)
   the space 2824240K,  93% used [0x00007f50f1b50000, 0x00007f5192594e50, 0x00007f5192595000, 0x00007f519e15c000)
 Metaspace       used 23375K, capacity 23759K, committed 23808K, reserved 24576K
}
Event: 35.381 GC heap before
{Heap before GC invocations=18 (full 5):
 def new generation   total 1270976K, used 1246593K [0x00007f4b9c600000, 0x00007f4bf2910000, 0x00007f50f1b50000)
  eden space 1129792K,  98% used [0x00007f4b9c600000, 0x00007f4be0760188, 0x00007f4be1550000)
  from space 141184K,  92% used [0x00007f4be9f30000, 0x00007f4bf1f305f8, 0x00007f4bf2910000)
  to   space 141184K,   0% used [0x00007f4be1550000, 0x00007f4be1550000, 0x00007f4be9f30000)
 tenured generation   total 2824240K, used 2631955K [0x00007f50f1b50000, 0x00007f519e15c000, 0x00007f5b9c600000)
   the space 2824240K,  93% used [0x00007f50f1b50000, 0x00007f5192594e50, 0x00007f5192595000, 0x00007f519e15c000)
 Metaspace       used 23382K, capacity 23759K, committed 23808K, reserved 24576K
}
Event: 35.419 GC heap after
{Heap after GC invocations=19 (full 5):
 def new generation   total 1270976K, used 50489K [0x00007f4b9c600000, 0x00007f4bf2910000, 0x00007f50f1b50000)
  eden space 1129792K,   0% used [0x00007f4b9c600000, 0x00007f4b9c600000, 0x00007f4be1550000)
  from space 141184K,  35% used [0x00007f4be1550000, 0x00007f4be469e530, 0x00007f4be9f30000)
  to   space 141184K,   0% used [0x00007f4be9f30000, 0x00007f4be9f30000, 0x00007f4bf2910000)
 tenured generation   total 2824240K, used 2631956K [0x00007f50f1b50000, 0x00007f519e15c000, 0x00007f5b9c600000)
   the space 2824240K,  93% used [0x00007f50f1b50000, 0x00007f5192595180, 0x00007f5192595200, 0x00007f519e15c000)
 Metaspace       used 23382K, capacity 23759K, committed 23808K, reserved 24576K
}
Event: 35.521 GC heap before
{Heap before GC invocations=19 (full 5):
 def new generation   total 1270976K, used 93155K [0x00007f4b9c600000, 0x00007f4bf2910000, 0x00007f50f1b50000)
  eden space 1129792K,   3% used [0x00007f4b9c600000, 0x00007f4b9efaa978, 0x00007f4be1550000)
  from space 141184K,  35% used [0x00007f4be1550000, 0x00007f4be469e530, 0x00007f4be9f30000)
  to   space 141184K,   0% used [0x00007f4be9f30000, 0x00007f4be9f30000, 0x00007f4bf2910000)
 tenured generation   total 2824240K, used 2631956K [0x00007f50f1b50000, 0x00007f519e15c000, 0x00007f5b9c600000)
   the space 2824240K,  93% used [0x00007f50f1b50000, 0x00007f5192595180, 0x00007f5192595200, 0x00007f519e15c000)
 Metaspace       used 23388K, capacity 23759K, committed 23808K, reserved 24576K
}
Event: 35.527 GC heap after
{Heap after GC invocations=20 (full 5):
 def new generation   total 1270976K, used 17760K [0x00007f4b9c600000, 0x00007f4bf2910000, 0x00007f50f1b50000)
  eden space 1129792K,   0% used [0x00007f4b9c600000, 0x00007f4b9c600000, 0x00007f4be1550000)
  from space 141184K,  12% used [0x00007f4be9f30000, 0x00007f4beb088290, 0x00007f4bf2910000)
  to   space 141184K,   0% used [0x00007f4be1550000, 0x00007f4be1550000, 0x00007f4be9f30000)
 tenured generation   total 2824240K, used 2631956K [0x00007f50f1b50000, 0x00007f519e15c000, 0x00007f5b9c600000)
   the space 2824240K,  93% used [0x00007f50f1b50000, 0x00007f5192595180, 0x00007f5192595200, 0x00007f519e15c000)
 Metaspace       used 23388K, capacity 23759K, committed 23808K, reserved 24576K
}
Event: 35.527 GC heap before
{Heap before GC invocations=20 (full 5):
 def new generation   total 1270976K, used 17760K [0x00007f4b9c600000, 0x00007f4bf2910000, 0x00007f50f1b50000)
  eden space 1129792K,   0% used [0x00007f4b9c600000, 0x00007f4b9c600000, 0x00007f4be1550000)
  from space 141184K,  12% used [0x00007f4be9f30000, 0x00007f4beb088290, 0x00007f4bf2910000)
  to   space 141184K,   0% used [0x00007f4be1550000, 0x00007f4be1550000, 0x00007f4be9f30000)
 tenured generation   total 2824240K, used 2631956K [0x00007f50f1b50000, 0x00007f519e15c000, 0x00007f5b9c600000)
   the space 2824240K,  93% used [0x00007f50f1b50000, 0x00007f5192595180, 0x00007f5192595200, 0x00007f519e15c000)
 Metaspace       used 23388K, capacity 23759K, committed 23808K, reserved 24576K
}
Event: 35.559 GC heap after
{Heap after GC invocations=20 (full 6):
 def new generation   total 1270976K, used 0K [0x00007f4b9c600000, 0x00007f4bf2910000, 0x00007f50f1b50000)
  eden space 1129792K,   0% used [0x00007f4b9c600000, 0x00007f4b9c600000, 0x00007f4be1550000)
  from space 141184K,   0% used [0x00007f4be9f30000, 0x00007f4be9f30000, 0x00007f4bf2910000)
  to   space 141184K,   0% used [0x00007f4be1550000, 0x00007f4be1550000, 0x00007f4be9f30000)
 tenured generation   total 2824240K, used 141626K [0x00007f50f1b50000, 0x00007f519e15c000, 0x00007f5b9c600000)
   the space 2824240K,   5% used [0x00007f50f1b50000, 0x00007f50fa59ea60, 0x00007f50fa59ec00, 0x00007f519e15c000)
 Metaspace       used 23388K, capacity 23759K, committed 23808K, reserved 24576K
}

