# JRE version: OpenJDK Runtime Environment (13.0.7+5) (build 13.0.7+5-Ubuntu-0ubuntu120.04)
# Java VM: OpenJDK 64-Bit Server VM (13.0.7+5-Ubuntu-0ubuntu120.04, mixed mode, tiered, serial gc, linux-amd64)
Heap:
 def new generation   total 2917376K, used 166276K [0x00007fd620600000, 0x00007fd6e6380000, 0x00007fdb75b50000)
  eden space 2593280K,   6% used [0x00007fd620600000, 0x00007fd62a8613d0, 0x00007fd6bea80000)
  from space 324096K,   0% used [0x00007fd6d2700000, 0x00007fd6d2700000, 0x00007fd6e6380000)
  to   space 324096K,   0% used [0x00007fd6bea80000, 0x00007fd6bea80000, 0x00007fd6d2700000)
 tenured generation   total 6493032K, used 6493031K [0x00007fdb75b50000, 0x00007fdd0202a000, 0x00007fe620600000)
   the space 6493032K,  99% used [0x00007fdb75b50000, 0x00007fdd02029fe0, 0x00007fdd0202a000, 0x00007fdd0202a000)
 Metaspace       used 24269K, capacity 24710K, committed 24832K, reserved 26624K
GC Heap History (20 events):
Event: 607.352 GC heap after
{Heap after GC invocations=957 (full 4):
 def new generation   total 2917376K, used 166427K [0x00007fd620600000, 0x00007fd6e6380000, 0x00007fdb75b50000)
  eden space 2593280K,   0% used [0x00007fd620600000, 0x00007fd620600000, 0x00007fd6bea80000)
  from space 324096K,  51% used [0x00007fd6bea80000, 0x00007fd6c8d06f48, 0x00007fd6d2700000)
  to   space 324096K,   0% used [0x00007fd6d2700000, 0x00007fd6d2700000, 0x00007fd6e6380000)
 tenured generation   total 6482856K, used 6356616K [0x00007fdb75b50000, 0x00007fdd0163a000, 0x00007fe620600000)
   the space 6482856K,  98% used [0x00007fdb75b50000, 0x00007fdcf9af2290, 0x00007fdcf9af2400, 0x00007fdd0163a000)
 Metaspace       used 24269K, capacity 24710K, committed 24832K, reserved 26624K
}
Event: 608.647 GC heap before
{Heap before GC invocations=957 (full 4):
 def new generation   total 2917376K, used 2759707K [0x00007fd620600000, 0x00007fd6e6380000, 0x00007fdb75b50000)
  eden space 2593280K, 100% used [0x00007fd620600000, 0x00007fd6bea80000, 0x00007fd6bea80000)
  from space 324096K,  51% used [0x00007fd6bea80000, 0x00007fd6c8d06f48, 0x00007fd6d2700000)
  to   space 324096K,   0% used [0x00007fd6d2700000, 0x00007fd6d2700000, 0x00007fd6e6380000)
 tenured generation   total 6482856K, used 6356616K [0x00007fdb75b50000, 0x00007fdd0163a000, 0x00007fe620600000)
   the space 6482856K,  98% used [0x00007fdb75b50000, 0x00007fdcf9af2290, 0x00007fdcf9af2400, 0x00007fdd0163a000)
 Metaspace       used 24269K, capacity 24710K, committed 24832K, reserved 26624K
}
Event: 608.783 GC heap after
{Heap after GC invocations=958 (full 4):
 def new generation   total 2917376K, used 166439K [0x00007fd620600000, 0x00007fd6e6380000, 0x00007fdb75b50000)
  eden space 2593280K,   0% used [0x00007fd620600000, 0x00007fd620600000, 0x00007fd6bea80000)
  from space 324096K,  51% used [0x00007fd6d2700000, 0x00007fd6dc989ce8, 0x00007fd6e6380000)
  to   space 324096K,   0% used [0x00007fd6bea80000, 0x00007fd6bea80000, 0x00007fd6d2700000)
 tenured generation   total 6482856K, used 6371918K [0x00007fdb75b50000, 0x00007fdd0163a000, 0x00007fe620600000)
   the space 6482856K,  98% used [0x00007fdb75b50000, 0x00007fdcfa9e3a70, 0x00007fdcfa9e3c00, 0x00007fdd0163a000)
 Metaspace       used 24269K, capacity 24710K, committed 24832K, reserved 26624K
}
Event: 610.019 GC heap before
{Heap before GC invocations=958 (full 4):
 def new generation   total 2917376K, used 2759719K [0x00007fd620600000, 0x00007fd6e6380000, 0x00007fdb75b50000)
  eden space 2593280K, 100% used [0x00007fd620600000, 0x00007fd6bea80000, 0x00007fd6bea80000)
  from space 324096K,  51% used [0x00007fd6d2700000, 0x00007fd6dc989ce8, 0x00007fd6e6380000)
  to   space 324096K,   0% used [0x00007fd6bea80000, 0x00007fd6bea80000, 0x00007fd6d2700000)
 tenured generation   total 6482856K, used 6371918K [0x00007fdb75b50000, 0x00007fdd0163a000, 0x00007fe620600000)
   the space 6482856K,  98% used [0x00007fdb75b50000, 0x00007fdcfa9e3a70, 0x00007fdcfa9e3c00, 0x00007fdd0163a000)
 Metaspace       used 24269K, capacity 24710K, committed 24832K, reserved 26624K
}
Event: 610.147 GC heap after
{Heap after GC invocations=959 (full 4):
 def new generation   total 2917376K, used 166435K [0x00007fd620600000, 0x00007fd6e6380000, 0x00007fdb75b50000)
  eden space 2593280K,   0% used [0x00007fd620600000, 0x00007fd620600000, 0x00007fd6bea80000)
  from space 324096K,  51% used [0x00007fd6bea80000, 0x00007fd6c8d08dd8, 0x00007fd6d2700000)
  to   space 324096K,   0% used [0x00007fd6d2700000, 0x00007fd6d2700000, 0x00007fd6e6380000)
 tenured generation   total 6482856K, used 6386930K [0x00007fdb75b50000, 0x00007fdd0163a000, 0x00007fe620600000)
   the space 6482856K,  98% used [0x00007fdb75b50000, 0x00007fdcfb88c810, 0x00007fdcfb88ca00, 0x00007fdd0163a000)
 Metaspace       used 24269K, capacity 24710K, committed 24832K, reserved 26624K
}
Event: 611.362 GC heap before
{Heap before GC invocations=959 (full 4):
 def new generation   total 2917376K, used 2759715K [0x00007fd620600000, 0x00007fd6e6380000, 0x00007fdb75b50000)
  eden space 2593280K, 100% used [0x00007fd620600000, 0x00007fd6bea80000, 0x00007fd6bea80000)
  from space 324096K,  51% used [0x00007fd6bea80000, 0x00007fd6c8d08dd8, 0x00007fd6d2700000)
  to   space 324096K,   0% used [0x00007fd6d2700000, 0x00007fd6d2700000, 0x00007fd6e6380000)
 tenured generation   total 6482856K, used 6386930K [0x00007fdb75b50000, 0x00007fdd0163a000, 0x00007fe620600000)
   the space 6482856K,  98% used [0x00007fdb75b50000, 0x00007fdcfb88c810, 0x00007fdcfb88ca00, 0x00007fdd0163a000)
 Metaspace       used 24269K, capacity 24710K, committed 24832K, reserved 26624K
}
Event: 611.489 GC heap after
{Heap after GC invocations=960 (full 4):
 def new generation   total 2917376K, used 166428K [0x00007fd620600000, 0x00007fd6e6380000, 0x00007fdb75b50000)
  eden space 2593280K,   0% used [0x00007fd620600000, 0x00007fd620600000, 0x00007fd6bea80000)
  from space 324096K,  51% used [0x00007fd6d2700000, 0x00007fd6dc9870d8, 0x00007fd6e6380000)
  to   space 324096K,   0% used [0x00007fd6bea80000, 0x00007fd6bea80000, 0x00007fd6d2700000)
 tenured generation   total 6482856K, used 6401945K [0x00007fdb75b50000, 0x00007fdd0163a000, 0x00007fe620600000)
   the space 6482856K,  98% used [0x00007fdb75b50000, 0x00007fdcfc7366f0, 0x00007fdcfc736800, 0x00007fdd0163a000)
 Metaspace       used 24269K, capacity 24710K, committed 24832K, reserved 26624K
}
Event: 612.717 GC heap before
{Heap before GC invocations=960 (full 4):
 def new generation   total 2917376K, used 2759708K [0x00007fd620600000, 0x00007fd6e6380000, 0x00007fdb75b50000)
  eden space 2593280K, 100% used [0x00007fd620600000, 0x00007fd6bea80000, 0x00007fd6bea80000)
  from space 324096K,  51% used [0x00007fd6d2700000, 0x00007fd6dc9870d8, 0x00007fd6e6380000)
  to   space 324096K,   0% used [0x00007fd6bea80000, 0x00007fd6bea80000, 0x00007fd6d2700000)
 tenured generation   total 6482856K, used 6401945K [0x00007fdb75b50000, 0x00007fdd0163a000, 0x00007fe620600000)
   the space 6482856K,  98% used [0x00007fdb75b50000, 0x00007fdcfc7366f0, 0x00007fdcfc736800, 0x00007fdd0163a000)
 Metaspace       used 24269K, capacity 24710K, committed 24832K, reserved 26624K
}
Event: 612.882 GC heap after
{Heap after GC invocations=961 (full 4):
 def new generation   total 2917376K, used 166434K [0x00007fd620600000, 0x00007fd6e6380000, 0x00007fdb75b50000)
  eden space 2593280K,   0% used [0x00007fd620600000, 0x00007fd620600000, 0x00007fd6bea80000)
  from space 324096K,  51% used [0x00007fd6bea80000, 0x00007fd6c8d08838, 0x00007fd6d2700000)
  to   space 324096K,   0% used [0x00007fd6d2700000, 0x00007fd6d2700000, 0x00007fd6e6380000)
 tenured generation   total 6482856K, used 6417247K [0x00007fdb75b50000, 0x00007fdd0163a000, 0x00007fe620600000)
   the space 6482856K,  98% used [0x00007fdb75b50000, 0x00007fdcfd627ed0, 0x00007fdcfd628000, 0x00007fdd0163a000)
 Metaspace       used 24269K, capacity 24710K, committed 24832K, reserved 26624K
}
Event: 614.125 GC heap before
{Heap before GC invocations=961 (full 4):
 def new generation   total 2917376K, used 2759714K [0x00007fd620600000, 0x00007fd6e6380000, 0x00007fdb75b50000)
  eden space 2593280K, 100% used [0x00007fd620600000, 0x00007fd6bea80000, 0x00007fd6bea80000)
  from space 324096K,  51% used [0x00007fd6bea80000, 0x00007fd6c8d08838, 0x00007fd6d2700000)
  to   space 324096K,   0% used [0x00007fd6d2700000, 0x00007fd6d2700000, 0x00007fd6e6380000)
 tenured generation   total 6482856K, used 6417247K [0x00007fdb75b50000, 0x00007fdd0163a000, 0x00007fe620600000)
   the space 6482856K,  98% used [0x00007fdb75b50000, 0x00007fdcfd627ed0, 0x00007fdcfd628000, 0x00007fdd0163a000)
 Metaspace       used 24269K, capacity 24710K, committed 24832K, reserved 26624K
}
Event: 614.255 GC heap after
{Heap after GC invocations=962 (full 4):
 def new generation   total 2917376K, used 166428K [0x00007fd620600000, 0x00007fd6e6380000, 0x00007fdb75b50000)
  eden space 2593280K,   0% used [0x00007fd620600000, 0x00007fd620600000, 0x00007fd6bea80000)
  from space 324096K,  51% used [0x00007fd6d2700000, 0x00007fd6dc9873d8, 0x00007fd6e6380000)
  to   space 324096K,   0% used [0x00007fd6bea80000, 0x00007fd6bea80000, 0x00007fd6d2700000)
 tenured generation   total 6482856K, used 6432259K [0x00007fdb75b50000, 0x00007fdd0163a000, 0x00007fe620600000)
   the space 6482856K,  99% used [0x00007fdb75b50000, 0x00007fdcfe4d0c70, 0x00007fdcfe4d0e00, 0x00007fdd0163a000)
 Metaspace       used 24269K, capacity 24710K, committed 24832K, reserved 26624K
}
Event: 615.538 GC heap before
{Heap before GC invocations=962 (full 4):
 def new generation   total 2917376K, used 2759708K [0x00007fd620600000, 0x00007fd6e6380000, 0x00007fdb75b50000)
  eden space 2593280K, 100% used [0x00007fd620600000, 0x00007fd6bea80000, 0x00007fd6bea80000)
  from space 324096K,  51% used [0x00007fd6d2700000, 0x00007fd6dc9873d8, 0x00007fd6e6380000)
  to   space 324096K,   0% used [0x00007fd6bea80000, 0x00007fd6bea80000, 0x00007fd6d2700000)
 tenured generation   total 6482856K, used 6432259K [0x00007fdb75b50000, 0x00007fdd0163a000, 0x00007fe620600000)
   the space 6482856K,  99% used [0x00007fdb75b50000, 0x00007fdcfe4d0c70, 0x00007fdcfe4d0e00, 0x00007fdd0163a000)
 Metaspace       used 24269K, capacity 24710K, committed 24832K, reserved 26624K
}
Event: 615.667 GC heap after
{Heap after GC invocations=963 (full 4):
 def new generation   total 2917376K, used 166708K [0x00007fd620600000, 0x00007fd6e6380000, 0x00007fdb75b50000)
  eden space 2593280K,   0% used [0x00007fd620600000, 0x00007fd620600000, 0x00007fd6bea80000)
  from space 324096K,  51% used [0x00007fd6bea80000, 0x00007fd6c8d4d0c8, 0x00007fd6d2700000)
  to   space 324096K,   0% used [0x00007fd6d2700000, 0x00007fd6d2700000, 0x00007fd6e6380000)
 tenured generation   total 6482856K, used 6447274K [0x00007fdb75b50000, 0x00007fdd0163a000, 0x00007fe620600000)
   the space 6482856K,  99% used [0x00007fdb75b50000, 0x00007fdcff37ab50, 0x00007fdcff37ac00, 0x00007fdd0163a000)
 Metaspace       used 24269K, capacity 24710K, committed 24832K, reserved 26624K
}
Event: 616.905 GC heap before
{Heap before GC invocations=963 (full 4):
 def new generation   total 2917376K, used 2759988K [0x00007fd620600000, 0x00007fd6e6380000, 0x00007fdb75b50000)
  eden space 2593280K, 100% used [0x00007fd620600000, 0x00007fd6bea80000, 0x00007fd6bea80000)
  from space 324096K,  51% used [0x00007fd6bea80000, 0x00007fd6c8d4d0c8, 0x00007fd6d2700000)
  to   space 324096K,   0% used [0x00007fd6d2700000, 0x00007fd6d2700000, 0x00007fd6e6380000)
 tenured generation   total 6482856K, used 6447274K [0x00007fdb75b50000, 0x00007fdd0163a000, 0x00007fe620600000)
   the space 6482856K,  99% used [0x00007fdb75b50000, 0x00007fdcff37ab50, 0x00007fdcff37ac00, 0x00007fdd0163a000)
 Metaspace       used 24269K, capacity 24710K, committed 24832K, reserved 26624K
}
Event: 617.039 GC heap after
{Heap after GC invocations=964 (full 4):
 def new generation   total 2917376K, used 166465K [0x00007fd620600000, 0x00007fd6e6380000, 0x00007fdb75b50000)
  eden space 2593280K,   0% used [0x00007fd620600000, 0x00007fd620600000, 0x00007fd6bea80000)
  from space 324096K,  51% used [0x00007fd6d2700000, 0x00007fd6dc990740, 0x00007fd6e6380000)
  to   space 324096K,   0% used [0x00007fd6bea80000, 0x00007fd6bea80000, 0x00007fd6d2700000)
 tenured generation   total 6482856K, used 6462572K [0x00007fdb75b50000, 0x00007fdd0163a000, 0x00007fe620600000)
   the space 6482856K,  99% used [0x00007fdb75b50000, 0x00007fdd0026b1f0, 0x00007fdd0026b200, 0x00007fdd0163a000)
 Metaspace       used 24269K, capacity 24710K, committed 24832K, reserved 26624K
}
Event: 618.259 GC heap before
{Heap before GC invocations=964 (full 4):
 def new generation   total 2917376K, used 2759745K [0x00007fd620600000, 0x00007fd6e6380000, 0x00007fdb75b50000)
  eden space 2593280K, 100% used [0x00007fd620600000, 0x00007fd6bea80000, 0x00007fd6bea80000)
  from space 324096K,  51% used [0x00007fd6d2700000, 0x00007fd6dc990740, 0x00007fd6e6380000)
  to   space 324096K,   0% used [0x00007fd6bea80000, 0x00007fd6bea80000, 0x00007fd6d2700000)
 tenured generation   total 6482856K, used 6462572K [0x00007fdb75b50000, 0x00007fdd0163a000, 0x00007fe620600000)
   the space 6482856K,  99% used [0x00007fdb75b50000, 0x00007fdd0026b1f0, 0x00007fdd0026b200, 0x00007fdd0163a000)
 Metaspace       used 24269K, capacity 24710K, committed 24832K, reserved 26624K
}
Event: 618.390 GC heap after
{Heap after GC invocations=965 (full 4):
 def new generation   total 2917376K, used 166434K [0x00007fd620600000, 0x00007fd6e6380000, 0x00007fdb75b50000)
  eden space 2593280K,   0% used [0x00007fd620600000, 0x00007fd620600000, 0x00007fd6bea80000)
  from space 324096K,  51% used [0x00007fd6bea80000, 0x00007fd6c8d08808, 0x00007fd6d2700000)
  to   space 324096K,   0% used [0x00007fd6d2700000, 0x00007fd6d2700000, 0x00007fd6e6380000)
 tenured generation   total 6482856K, used 6477588K [0x00007fdb75b50000, 0x00007fdd0163a000, 0x00007fe620600000)
   the space 6482856K,  99% used [0x00007fdb75b50000, 0x00007fdd011150d0, 0x00007fdd01115200, 0x00007fdd0163a000)
 Metaspace       used 24269K, capacity 24710K, committed 24832K, reserved 26624K
}
Event: 619.638 GC heap before
{Heap before GC invocations=965 (full 4):
 def new generation   total 2917376K, used 2759714K [0x00007fd620600000, 0x00007fd6e6380000, 0x00007fdb75b50000)
  eden space 2593280K, 100% used [0x00007fd620600000, 0x00007fd6bea80000, 0x00007fd6bea80000)
  from space 324096K,  51% used [0x00007fd6bea80000, 0x00007fd6c8d08808, 0x00007fd6d2700000)
  to   space 324096K,   0% used [0x00007fd6d2700000, 0x00007fd6d2700000, 0x00007fd6e6380000)
 tenured generation   total 6482856K, used 6477588K [0x00007fdb75b50000, 0x00007fdd0163a000, 0x00007fe620600000)
   the space 6482856K,  99% used [0x00007fdb75b50000, 0x00007fdd011150d0, 0x00007fdd01115200, 0x00007fdd0163a000)
 Metaspace       used 24269K, capacity 24710K, committed 24832K, reserved 26624K
}
Event: 619.781 GC heap after
{Heap after GC invocations=966 (full 4):
 def new generation   total 2917376K, used 166418K [0x00007fd620600000, 0x00007fd6e6380000, 0x00007fdb75b50000)
  eden space 2593280K,   0% used [0x00007fd620600000, 0x00007fd620600000, 0x00007fd6bea80000)
  from space 324096K,  51% used [0x00007fd6d2700000, 0x00007fd6dc984b00, 0x00007fd6e6380000)
  to   space 324096K,   0% used [0x00007fd6bea80000, 0x00007fd6bea80000, 0x00007fd6d2700000)
 tenured generation   total 6493032K, used 6492890K [0x00007fdb75b50000, 0x00007fdd0202a000, 0x00007fe620600000)
   the space 6493032K,  99% used [0x00007fdb75b50000, 0x00007fdd020068b0, 0x00007fdd02006a00, 0x00007fdd0202a000)
 Metaspace       used 24269K, capacity 24710K, committed 24832K, reserved 26624K
}
Event: 619.781 GC heap before
{Heap before GC invocations=966 (full 4):
 def new generation   total 2917376K, used 166418K [0x00007fd620600000, 0x00007fd6e6380000, 0x00007fdb75b50000)
  eden space 2593280K,   0% used [0x00007fd620600000, 0x00007fd620600000, 0x00007fd6bea80000)
  from space 324096K,  51% used [0x00007fd6d2700000, 0x00007fd6dc984b00, 0x00007fd6e6380000)
  to   space 324096K,   0% used [0x00007fd6bea80000, 0x00007fd6bea80000, 0x00007fd6d2700000)
 tenured generation   total 6493032K, used 6492890K [0x00007fdb75b50000, 0x00007fdd0202a000, 0x00007fe620600000)
   the space 6493032K,  99% used [0x00007fdb75b50000, 0x00007fdd020068b0, 0x00007fdd02006a00, 0x00007fdd0202a000)
 Metaspace       used 24269K, capacity 24710K, committed 24832K, reserved 26624K
}

