# JRE version: OpenJDK Runtime Environment (13.0.7+5) (build 13.0.7+5-Ubuntu-0ubuntu120.04)
# Java VM: OpenJDK 64-Bit Server VM (13.0.7+5-Ubuntu-0ubuntu120.04, mixed mode, tiered, compressed oops, serial gc, linux-amd64)
Heap:
 def new generation   total 2578496K, used 0K [0x0000000080200000, 0x000000012efd0000, 0x0000000300150000)
  eden space 2292032K,   0% used [0x0000000080200000, 0x0000000080200000, 0x000000010c050000)
  from space 286464K,   0% used [0x000000010c050000, 0x000000010c050000, 0x000000011d810000)
  to   space 286464K,   0% used [0x000000011d810000, 0x000000011d810000, 0x000000012efd0000)
 tenured generation   total 5746276K, used 3884990K [0x0000000300150000, 0x000000045ece9000, 0x0000000800000000)
   the space 5746276K,  67% used [0x0000000300150000, 0x00000003ed33f8c8, 0x00000003ed33fa00, 0x000000045ece9000)
 Metaspace       used 22758K, capacity 23296K, committed 23680K, reserved 1071104K
  class space    used 2354K, capacity 2568K, committed 2688K, reserved 1048576K
GC Heap History (20 events):
Event: 1027.416 GC heap after
{Heap after GC invocations=785 (full 25):
 def new generation   total 2578496K, used 193994K [0x0000000080200000, 0x000000012efd0000, 0x0000000300150000)
  eden space 2292032K,   0% used [0x0000000080200000, 0x0000000080200000, 0x000000010c050000)
  from space 286464K,  67% used [0x000000011d810000, 0x0000000129582bc8, 0x000000012efd0000)
  to   space 286464K,   0% used [0x000000010c050000, 0x000000010c050000, 0x000000011d810000)
 tenured generation   total 5729888K, used 5654285K [0x0000000300150000, 0x000000045dce8000, 0x0000000800000000)
   the space 5729888K,  98% used [0x0000000300150000, 0x0000000459313578, 0x0000000459313600, 0x000000045dce8000)
 Metaspace       used 22758K, capacity 23296K, committed 23680K, reserved 1071104K
  class space    used 2354K, capacity 2568K, committed 2688K, reserved 1048576K
}
Event: 1029.245 GC heap before
{Heap before GC invocations=785 (full 25):
 def new generation   total 2578496K, used 2486026K [0x0000000080200000, 0x000000012efd0000, 0x0000000300150000)
  eden space 2292032K, 100% used [0x0000000080200000, 0x000000010c050000, 0x000000010c050000)
  from space 286464K,  67% used [0x000000011d810000, 0x0000000129582bc8, 0x000000012efd0000)
  to   space 286464K,   0% used [0x000000010c050000, 0x000000010c050000, 0x000000011d810000)
 tenured generation   total 5729888K, used 5654285K [0x0000000300150000, 0x000000045dce8000, 0x0000000800000000)
   the space 5729888K,  98% used [0x0000000300150000, 0x0000000459313578, 0x0000000459313600, 0x000000045dce8000)
 Metaspace       used 22758K, capacity 23296K, committed 23680K, reserved 1071104K
  class space    used 2354K, capacity 2568K, committed 2688K, reserved 1048576K
}
Event: 1029.287 GC heap after
{Heap after GC invocations=786 (full 25):
 def new generation   total 2578496K, used 59804K [0x0000000080200000, 0x000000012efd0000, 0x0000000300150000)
  eden space 2292032K,   0% used [0x0000000080200000, 0x0000000080200000, 0x000000010c050000)
  from space 286464K,  20% used [0x000000010c050000, 0x000000010fab7330, 0x000000011d810000)
  to   space 286464K,   0% used [0x000000011d810000, 0x000000011d810000, 0x000000012efd0000)
 tenured generation   total 5729888K, used 5671236K [0x0000000300150000, 0x000000045dce8000, 0x0000000800000000)
   the space 5729888K,  98% used [0x0000000300150000, 0x000000045a3a10e0, 0x000000045a3a1200, 0x000000045dce8000)
 Metaspace       used 22758K, capacity 23296K, committed 23680K, reserved 1071104K
  class space    used 2354K, capacity 2568K, committed 2688K, reserved 1048576K
}
Event: 1031.097 GC heap before
{Heap before GC invocations=786 (full 25):
 def new generation   total 2578496K, used 2351836K [0x0000000080200000, 0x000000012efd0000, 0x0000000300150000)
  eden space 2292032K, 100% used [0x0000000080200000, 0x000000010c050000, 0x000000010c050000)
  from space 286464K,  20% used [0x000000010c050000, 0x000000010fab7330, 0x000000011d810000)
  to   space 286464K,   0% used [0x000000011d810000, 0x000000011d810000, 0x000000012efd0000)
 tenured generation   total 5729888K, used 5671236K [0x0000000300150000, 0x000000045dce8000, 0x0000000800000000)
   the space 5729888K,  98% used [0x0000000300150000, 0x000000045a3a10e0, 0x000000045a3a1200, 0x000000045dce8000)
 Metaspace       used 22758K, capacity 23296K, committed 23680K, reserved 1071104K
  class space    used 2354K, capacity 2568K, committed 2688K, reserved 1048576K
}
Event: 1031.204 GC heap after
{Heap after GC invocations=787 (full 25):
 def new generation   total 2578496K, used 196585K [0x0000000080200000, 0x000000012efd0000, 0x0000000300150000)
  eden space 2292032K,   0% used [0x0000000080200000, 0x0000000080200000, 0x000000010c050000)
  from space 286464K,  68% used [0x000000011d810000, 0x000000012980a728, 0x000000012efd0000)
  to   space 286464K,   0% used [0x000000010c050000, 0x000000010c050000, 0x000000011d810000)
 tenured generation   total 5729888K, used 5671236K [0x0000000300150000, 0x000000045dce8000, 0x0000000800000000)
   the space 5729888K,  98% used [0x0000000300150000, 0x000000045a3a10e0, 0x000000045a3a1200, 0x000000045dce8000)
 Metaspace       used 22758K, capacity 23296K, committed 23680K, reserved 1071104K
  class space    used 2354K, capacity 2568K, committed 2688K, reserved 1048576K
}
Event: 1033.046 GC heap before
{Heap before GC invocations=787 (full 25):
 def new generation   total 2578496K, used 2488617K [0x0000000080200000, 0x000000012efd0000, 0x0000000300150000)
  eden space 2292032K, 100% used [0x0000000080200000, 0x000000010c050000, 0x000000010c050000)
  from space 286464K,  68% used [0x000000011d810000, 0x000000012980a728, 0x000000012efd0000)
  to   space 286464K,   0% used [0x000000010c050000, 0x000000010c050000, 0x000000011d810000)
 tenured generation   total 5729888K, used 5671236K [0x0000000300150000, 0x000000045dce8000, 0x0000000800000000)
   the space 5729888K,  98% used [0x0000000300150000, 0x000000045a3a10e0, 0x000000045a3a1200, 0x000000045dce8000)
 Metaspace       used 22758K, capacity 23296K, committed 23680K, reserved 1071104K
  class space    used 2354K, capacity 2568K, committed 2688K, reserved 1048576K
}
Event: 1033.109 GC heap after
{Heap after GC invocations=788 (full 25):
 def new generation   total 2578496K, used 62391K [0x0000000080200000, 0x000000012efd0000, 0x0000000300150000)
  eden space 2292032K,   0% used [0x0000000080200000, 0x0000000080200000, 0x000000010c050000)
  from space 286464K,  21% used [0x000000010c050000, 0x000000010fd3df80, 0x000000011d810000)
  to   space 286464K,   0% used [0x000000011d810000, 0x000000011d810000, 0x000000012efd0000)
 tenured generation   total 5729888K, used 5688187K [0x0000000300150000, 0x000000045dce8000, 0x0000000800000000)
   the space 5729888K,  99% used [0x0000000300150000, 0x000000045b42ec48, 0x000000045b42ee00, 0x000000045dce8000)
 Metaspace       used 22758K, capacity 23296K, committed 23680K, reserved 1071104K
  class space    used 2354K, capacity 2568K, committed 2688K, reserved 1048576K
}
Event: 1034.926 GC heap before
{Heap before GC invocations=788 (full 25):
 def new generation   total 2578496K, used 2354423K [0x0000000080200000, 0x000000012efd0000, 0x0000000300150000)
  eden space 2292032K, 100% used [0x0000000080200000, 0x000000010c050000, 0x000000010c050000)
  from space 286464K,  21% used [0x000000010c050000, 0x000000010fd3df80, 0x000000011d810000)
  to   space 286464K,   0% used [0x000000011d810000, 0x000000011d810000, 0x000000012efd0000)
 tenured generation   total 5729888K, used 5688187K [0x0000000300150000, 0x000000045dce8000, 0x0000000800000000)
   the space 5729888K,  99% used [0x0000000300150000, 0x000000045b42ec48, 0x000000045b42ee00, 0x000000045dce8000)
 Metaspace       used 22758K, capacity 23296K, committed 23680K, reserved 1071104K
  class space    used 2354K, capacity 2568K, committed 2688K, reserved 1048576K
}
Event: 1035.041 GC heap after
{Heap after GC invocations=789 (full 25):
 def new generation   total 2578496K, used 199679K [0x0000000080200000, 0x000000012efd0000, 0x0000000300150000)
  eden space 2292032K,   0% used [0x0000000080200000, 0x0000000080200000, 0x000000010c050000)
  from space 286464K,  69% used [0x000000011d810000, 0x0000000129b0ff28, 0x000000012efd0000)
  to   space 286464K,   0% used [0x000000010c050000, 0x000000010c050000, 0x000000011d810000)
 tenured generation   total 5729888K, used 5688187K [0x0000000300150000, 0x000000045dce8000, 0x0000000800000000)
   the space 5729888K,  99% used [0x0000000300150000, 0x000000045b42ec48, 0x000000045b42ee00, 0x000000045dce8000)
 Metaspace       used 22758K, capacity 23296K, committed 23680K, reserved 1071104K
  class space    used 2354K, capacity 2568K, committed 2688K, reserved 1048576K
}
Event: 1036.888 GC heap before
{Heap before GC invocations=789 (full 25):
 def new generation   total 2578496K, used 2491711K [0x0000000080200000, 0x000000012efd0000, 0x0000000300150000)
  eden space 2292032K, 100% used [0x0000000080200000, 0x000000010c050000, 0x000000010c050000)
  from space 286464K,  69% used [0x000000011d810000, 0x0000000129b0ff28, 0x000000012efd0000)
  to   space 286464K,   0% used [0x000000010c050000, 0x000000010c050000, 0x000000011d810000)
 tenured generation   total 5729888K, used 5688187K [0x0000000300150000, 0x000000045dce8000, 0x0000000800000000)
   the space 5729888K,  99% used [0x0000000300150000, 0x000000045b42ec48, 0x000000045b42ee00, 0x000000045dce8000)
 Metaspace       used 22758K, capacity 23296K, committed 23680K, reserved 1071104K
  class space    used 2354K, capacity 2568K, committed 2688K, reserved 1048576K
}
Event: 1036.941 GC heap after
{Heap after GC invocations=790 (full 25):
 def new generation   total 2578496K, used 64973K [0x0000000080200000, 0x000000012efd0000, 0x0000000300150000)
  eden space 2292032K,   0% used [0x0000000080200000, 0x0000000080200000, 0x000000010c050000)
  from space 286464K,  22% used [0x000000010c050000, 0x000000010ffc3580, 0x000000011d810000)
  to   space 286464K,   0% used [0x000000011d810000, 0x000000011d810000, 0x000000012efd0000)
 tenured generation   total 5729888K, used 5705137K [0x0000000300150000, 0x000000045dce8000, 0x0000000800000000)
   the space 5729888K,  99% used [0x0000000300150000, 0x000000045c4bc7b0, 0x000000045c4bc800, 0x000000045dce8000)
 Metaspace       used 22758K, capacity 23296K, committed 23680K, reserved 1071104K
  class space    used 2354K, capacity 2568K, committed 2688K, reserved 1048576K
}
Event: 1038.792 GC heap before
{Heap before GC invocations=790 (full 25):
 def new generation   total 2578496K, used 2357005K [0x0000000080200000, 0x000000012efd0000, 0x0000000300150000)
  eden space 2292032K, 100% used [0x0000000080200000, 0x000000010c050000, 0x000000010c050000)
  from space 286464K,  22% used [0x000000010c050000, 0x000000010ffc3580, 0x000000011d810000)
  to   space 286464K,   0% used [0x000000011d810000, 0x000000011d810000, 0x000000012efd0000)
 tenured generation   total 5729888K, used 5705137K [0x0000000300150000, 0x000000045dce8000, 0x0000000800000000)
   the space 5729888K,  99% used [0x0000000300150000, 0x000000045c4bc7b0, 0x000000045c4bc800, 0x000000045dce8000)
 Metaspace       used 22758K, capacity 23296K, committed 23680K, reserved 1071104K
  class space    used 2354K, capacity 2568K, committed 2688K, reserved 1048576K
}
Event: 1038.941 GC heap after
{Heap after GC invocations=791 (full 25):
 def new generation   total 2578496K, used 201758K [0x0000000080200000, 0x000000012efd0000, 0x0000000300150000)
  eden space 2292032K,   0% used [0x0000000080200000, 0x0000000080200000, 0x000000010c050000)
  from space 286464K,  70% used [0x000000011d810000, 0x0000000129d17960, 0x000000012efd0000)
  to   space 286464K,   0% used [0x000000010c050000, 0x000000010c050000, 0x000000011d810000)
 tenured generation   total 5729888K, used 5705137K [0x0000000300150000, 0x000000045dce8000, 0x0000000800000000)
   the space 5729888K,  99% used [0x0000000300150000, 0x000000045c4bc7b0, 0x000000045c4bc800, 0x000000045dce8000)
 Metaspace       used 22758K, capacity 23296K, committed 23680K, reserved 1071104K
  class space    used 2354K, capacity 2568K, committed 2688K, reserved 1048576K
}
Event: 1040.912 GC heap before
{Heap before GC invocations=791 (full 25):
 def new generation   total 2578496K, used 2493790K [0x0000000080200000, 0x000000012efd0000, 0x0000000300150000)
  eden space 2292032K, 100% used [0x0000000080200000, 0x000000010c050000, 0x000000010c050000)
  from space 286464K,  70% used [0x000000011d810000, 0x0000000129d17960, 0x000000012efd0000)
  to   space 286464K,   0% used [0x000000010c050000, 0x000000010c050000, 0x000000011d810000)
 tenured generation   total 5729888K, used 5705137K [0x0000000300150000, 0x000000045dce8000, 0x0000000800000000)
   the space 5729888K,  99% used [0x0000000300150000, 0x000000045c4bc7b0, 0x000000045c4bc800, 0x000000045dce8000)
 Metaspace       used 22758K, capacity 23296K, committed 23680K, reserved 1071104K
  class space    used 2354K, capacity 2568K, committed 2688K, reserved 1048576K
}
Event: 1040.991 GC heap after
{Heap after GC invocations=792 (full 25):
 def new generation   total 2578496K, used 67051K [0x0000000080200000, 0x000000012efd0000, 0x0000000300150000)
  eden space 2292032K,   0% used [0x0000000080200000, 0x0000000080200000, 0x000000010c050000)
  from space 286464K,  23% used [0x000000010c050000, 0x00000001101caf50, 0x000000011d810000)
  to   space 286464K,   0% used [0x000000011d810000, 0x000000011d810000, 0x000000012efd0000)
 tenured generation   total 5729888K, used 5722088K [0x0000000300150000, 0x000000045dce8000, 0x0000000800000000)
   the space 5729888K,  99% used [0x0000000300150000, 0x000000045d54a318, 0x000000045d54a400, 0x000000045dce8000)
 Metaspace       used 22758K, capacity 23296K, committed 23680K, reserved 1071104K
  class space    used 2354K, capacity 2568K, committed 2688K, reserved 1048576K
}
Event: 1042.960 GC heap before
{Heap before GC invocations=792 (full 25):
 def new generation   total 2578496K, used 2359083K [0x0000000080200000, 0x000000012efd0000, 0x0000000300150000)
  eden space 2292032K, 100% used [0x0000000080200000, 0x000000010c050000, 0x000000010c050000)
  from space 286464K,  23% used [0x000000010c050000, 0x00000001101caf50, 0x000000011d810000)
  to   space 286464K,   0% used [0x000000011d810000, 0x000000011d810000, 0x000000012efd0000)
 tenured generation   total 5729888K, used 5722088K [0x0000000300150000, 0x000000045dce8000, 0x0000000800000000)
   the space 5729888K,  99% used [0x0000000300150000, 0x000000045d54a318, 0x000000045d54a400, 0x000000045dce8000)
 Metaspace       used 22758K, capacity 23296K, committed 23680K, reserved 1071104K
  class space    used 2354K, capacity 2568K, committed 2688K, reserved 1048576K
}
Event: 1043.106 GC heap after
{Heap after GC invocations=793 (full 25):
 def new generation   total 2578496K, used 203844K [0x0000000080200000, 0x000000012efd0000, 0x0000000300150000)
  eden space 2292032K,   0% used [0x0000000080200000, 0x0000000080200000, 0x000000010c050000)
  from space 286464K,  71% used [0x000000011d810000, 0x0000000129f211c8, 0x000000012efd0000)
  to   space 286464K,   0% used [0x000000010c050000, 0x000000010c050000, 0x000000011d810000)
 tenured generation   total 5729888K, used 5722088K [0x0000000300150000, 0x000000045dce8000, 0x0000000800000000)
   the space 5729888K,  99% used [0x0000000300150000, 0x000000045d54a318, 0x000000045d54a400, 0x000000045dce8000)
 Metaspace       used 22758K, capacity 23296K, committed 23680K, reserved 1071104K
  class space    used 2354K, capacity 2568K, committed 2688K, reserved 1048576K
}
Event: 1045.002 GC heap before
{Heap before GC invocations=793 (full 25):
 def new generation   total 2578496K, used 2495876K [0x0000000080200000, 0x000000012efd0000, 0x0000000300150000)
  eden space 2292032K, 100% used [0x0000000080200000, 0x000000010c050000, 0x000000010c050000)
  from space 286464K,  71% used [0x000000011d810000, 0x0000000129f211c8, 0x000000012efd0000)
  to   space 286464K,   0% used [0x000000010c050000, 0x000000010c050000, 0x000000011d810000)
 tenured generation   total 5729888K, used 5722088K [0x0000000300150000, 0x000000045dce8000, 0x0000000800000000)
   the space 5729888K,  99% used [0x0000000300150000, 0x000000045d54a318, 0x000000045d54a400, 0x000000045dce8000)
 Metaspace       used 22758K, capacity 23296K, committed 23680K, reserved 1071104K
  class space    used 2354K, capacity 2568K, committed 2688K, reserved 1048576K
}
Event: 1045.081 GC heap after
{Heap after GC invocations=794 (full 25):
 def new generation   total 2578496K, used 69653K [0x0000000080200000, 0x000000012efd0000, 0x0000000300150000)
  eden space 2292032K,   0% used [0x0000000080200000, 0x0000000080200000, 0x000000010c050000)
  from space 286464K,  24% used [0x000000010c050000, 0x0000000110455748, 0x000000011d810000)
  to   space 286464K,   0% used [0x000000011d810000, 0x000000011d810000, 0x000000012efd0000)
 tenured generation   total 5746276K, used 5739039K [0x0000000300150000, 0x000000045ece9000, 0x0000000800000000)
   the space 5746276K,  99% used [0x0000000300150000, 0x000000045e5d7e80, 0x000000045e5d8000, 0x000000045ece9000)
 Metaspace       used 22758K, capacity 23296K, committed 23680K, reserved 1071104K
  class space    used 2354K, capacity 2568K, committed 2688K, reserved 1048576K
}
Event: 1045.081 GC heap before
{Heap before GC invocations=794 (full 25):
 def new generation   total 2578496K, used 69653K [0x0000000080200000, 0x000000012efd0000, 0x0000000300150000)
  eden space 2292032K,   0% used [0x0000000080200000, 0x0000000080200000, 0x000000010c050000)
  from space 286464K,  24% used [0x000000010c050000, 0x0000000110455748, 0x000000011d810000)
  to   space 286464K,   0% used [0x000000011d810000, 0x000000011d810000, 0x000000012efd0000)
 tenured generation   total 5746276K, used 5739039K [0x0000000300150000, 0x000000045ece9000, 0x0000000800000000)
   the space 5746276K,  99% used [0x0000000300150000, 0x000000045e5d7e80, 0x000000045e5d8000, 0x000000045ece9000)
 Metaspace       used 22758K, capacity 23296K, committed 23680K, reserved 1071104K
  class space    used 2354K, capacity 2568K, committed 2688K, reserved 1048576K
}

