# JRE version: OpenJDK Runtime Environment (13.0.7+5) (build 13.0.7+5-Ubuntu-0ubuntu120.04)
# Java VM: OpenJDK 64-Bit Server VM (13.0.7+5-Ubuntu-0ubuntu120.04, mixed mode, tiered, serial gc, linux-amd64)
Heap:
 def new generation   total 4860864K, used 91591K [0x00007f3ba0600000, 0x00007f3cea050000, 0x00007f40f5b50000)
  eden space 4320832K,   2% used [0x00007f3ba0600000, 0x00007f3ba5f71ca0, 0x00007f3ca8190000)
  from space 540032K,   0% used [0x00007f3cc90f0000, 0x00007f3cc90f0000, 0x00007f3cea050000)
  to   space 540032K,   0% used [0x00007f3ca8190000, 0x00007f3ca8190000, 0x00007f3cc90f0000)
 tenured generation   total 10811548K, used 10811547K [0x00007f40f5b50000, 0x00007f4389977000, 0x00007f4ba0600000)
   the space 10811548K,  99% used [0x00007f40f5b50000, 0x00007f4389976ff8, 0x00007f4389977000, 0x00007f4389977000)
 Metaspace       used 24314K, capacity 24712K, committed 24832K, reserved 26624K
GC Heap History (20 events):
Event: 7860.572 GC heap after
{Heap after GC invocations=4433 (full 5):
 def new generation   total 4860864K, used 104586K [0x00007f3ba0600000, 0x00007f3cea050000, 0x00007f40f5b50000)
  eden space 4320832K,   0% used [0x00007f3ba0600000, 0x00007f3ba0600000, 0x00007f3ca8190000)
  from space 540032K,  19% used [0x00007f3ca8190000, 0x00007f3cae7b2940, 0x00007f3cc90f0000)
  to   space 540032K,   0% used [0x00007f3cc90f0000, 0x00007f3cc90f0000, 0x00007f3cea050000)
 tenured generation   total 10801756K, used 10746785K [0x00007f40f5b50000, 0x00007f4388fe7000, 0x00007f4ba0600000)
   the space 10801756K,  99% used [0x00007f40f5b50000, 0x00007f4385a385a8, 0x00007f4385a38600, 0x00007f4388fe7000)
 Metaspace       used 24314K, capacity 24712K, committed 24832K, reserved 26624K
}
Event: 7864.463 GC heap before
{Heap before GC invocations=4433 (full 5):
 def new generation   total 4860864K, used 4425418K [0x00007f3ba0600000, 0x00007f3cea050000, 0x00007f40f5b50000)
  eden space 4320832K, 100% used [0x00007f3ba0600000, 0x00007f3ca8190000, 0x00007f3ca8190000)
  from space 540032K,  19% used [0x00007f3ca8190000, 0x00007f3cae7b2940, 0x00007f3cc90f0000)
  to   space 540032K,   0% used [0x00007f3cc90f0000, 0x00007f3cc90f0000, 0x00007f3cea050000)
 tenured generation   total 10801756K, used 10746785K [0x00007f40f5b50000, 0x00007f4388fe7000, 0x00007f4ba0600000)
   the space 10801756K,  99% used [0x00007f40f5b50000, 0x00007f4385a385a8, 0x00007f4385a38600, 0x00007f4388fe7000)
 Metaspace       used 24314K, capacity 24712K, committed 24832K, reserved 26624K
}
Event: 7864.678 GC heap after
{Heap after GC invocations=4434 (full 5):
 def new generation   total 4860864K, used 103060K [0x00007f3ba0600000, 0x00007f3cea050000, 0x00007f40f5b50000)
  eden space 4320832K,   0% used [0x00007f3ba0600000, 0x00007f3ba0600000, 0x00007f3ca8190000)
  from space 540032K,  19% used [0x00007f3cc90f0000, 0x00007f3ccf595110, 0x00007f3cea050000)
  to   space 540032K,   0% used [0x00007f3ca8190000, 0x00007f3ca8190000, 0x00007f3cc90f0000)
 tenured generation   total 10801756K, used 10754027K [0x00007f40f5b50000, 0x00007f4388fe7000, 0x00007f4ba0600000)
   the space 10801756K,  99% used [0x00007f40f5b50000, 0x00007f438614acf8, 0x00007f438614ae00, 0x00007f4388fe7000)
 Metaspace       used 24314K, capacity 24712K, committed 24832K, reserved 26624K
}
Event: 7868.567 GC heap before
{Heap before GC invocations=4434 (full 5):
 def new generation   total 4860864K, used 4423892K [0x00007f3ba0600000, 0x00007f3cea050000, 0x00007f40f5b50000)
  eden space 4320832K, 100% used [0x00007f3ba0600000, 0x00007f3ca8190000, 0x00007f3ca8190000)
  from space 540032K,  19% used [0x00007f3cc90f0000, 0x00007f3ccf595110, 0x00007f3cea050000)
  to   space 540032K,   0% used [0x00007f3ca8190000, 0x00007f3ca8190000, 0x00007f3cc90f0000)
 tenured generation   total 10801756K, used 10754027K [0x00007f40f5b50000, 0x00007f4388fe7000, 0x00007f4ba0600000)
   the space 10801756K,  99% used [0x00007f40f5b50000, 0x00007f438614acf8, 0x00007f438614ae00, 0x00007f4388fe7000)
 Metaspace       used 24314K, capacity 24712K, committed 24832K, reserved 26624K
}
Event: 7868.777 GC heap after
{Heap after GC invocations=4435 (full 5):
 def new generation   total 4860864K, used 98627K [0x00007f3ba0600000, 0x00007f3cea050000, 0x00007f40f5b50000)
  eden space 4320832K,   0% used [0x00007f3ba0600000, 0x00007f3ba0600000, 0x00007f3ca8190000)
  from space 540032K,  18% used [0x00007f3ca8190000, 0x00007f3cae1e0d30, 0x00007f3cc90f0000)
  to   space 540032K,   0% used [0x00007f3cc90f0000, 0x00007f3cc90f0000, 0x00007f3cea050000)
 tenured generation   total 10801756K, used 10764240K [0x00007f40f5b50000, 0x00007f4388fe7000, 0x00007f4ba0600000)
   the space 10801756K,  99% used [0x00007f40f5b50000, 0x00007f4386b44068, 0x00007f4386b44200, 0x00007f4388fe7000)
 Metaspace       used 24314K, capacity 24712K, committed 24832K, reserved 26624K
}
Event: 7872.725 GC heap before
{Heap before GC invocations=4435 (full 5):
 def new generation   total 4860864K, used 4419459K [0x00007f3ba0600000, 0x00007f3cea050000, 0x00007f40f5b50000)
  eden space 4320832K, 100% used [0x00007f3ba0600000, 0x00007f3ca8190000, 0x00007f3ca8190000)
  from space 540032K,  18% used [0x00007f3ca8190000, 0x00007f3cae1e0d30, 0x00007f3cc90f0000)
  to   space 540032K,   0% used [0x00007f3cc90f0000, 0x00007f3cc90f0000, 0x00007f3cea050000)
 tenured generation   total 10801756K, used 10764240K [0x00007f40f5b50000, 0x00007f4388fe7000, 0x00007f4ba0600000)
   the space 10801756K,  99% used [0x00007f40f5b50000, 0x00007f4386b44068, 0x00007f4386b44200, 0x00007f4388fe7000)
 Metaspace       used 24314K, capacity 24712K, committed 24832K, reserved 26624K
}
Event: 7872.920 GC heap after
{Heap after GC invocations=4436 (full 5):
 def new generation   total 4860864K, used 98673K [0x00007f3ba0600000, 0x00007f3cea050000, 0x00007f40f5b50000)
  eden space 4320832K,   0% used [0x00007f3ba0600000, 0x00007f3ba0600000, 0x00007f3ca8190000)
  from space 540032K,  18% used [0x00007f3cc90f0000, 0x00007f3ccf14c710, 0x00007f3cea050000)
  to   space 540032K,   0% used [0x00007f3ca8190000, 0x00007f3ca8190000, 0x00007f3cc90f0000)
 tenured generation   total 10801756K, used 10769968K [0x00007f40f5b50000, 0x00007f4388fe7000, 0x00007f4ba0600000)
   the space 10801756K,  99% used [0x00007f40f5b50000, 0x00007f43870dc370, 0x00007f43870dc400, 0x00007f4388fe7000)
 Metaspace       used 24314K, capacity 24712K, committed 24832K, reserved 26624K
}
Event: 7876.899 GC heap before
{Heap before GC invocations=4436 (full 5):
 def new generation   total 4860864K, used 4419505K [0x00007f3ba0600000, 0x00007f3cea050000, 0x00007f40f5b50000)
  eden space 4320832K, 100% used [0x00007f3ba0600000, 0x00007f3ca8190000, 0x00007f3ca8190000)
  from space 540032K,  18% used [0x00007f3cc90f0000, 0x00007f3ccf14c710, 0x00007f3cea050000)
  to   space 540032K,   0% used [0x00007f3ca8190000, 0x00007f3ca8190000, 0x00007f3cc90f0000)
 tenured generation   total 10801756K, used 10769968K [0x00007f40f5b50000, 0x00007f4388fe7000, 0x00007f4ba0600000)
   the space 10801756K,  99% used [0x00007f40f5b50000, 0x00007f43870dc370, 0x00007f43870dc400, 0x00007f4388fe7000)
 Metaspace       used 24314K, capacity 24712K, committed 24832K, reserved 26624K
}
Event: 7877.089 GC heap after
{Heap after GC invocations=4437 (full 5):
 def new generation   total 4860864K, used 98679K [0x00007f3ba0600000, 0x00007f3cea050000, 0x00007f40f5b50000)
  eden space 4320832K,   0% used [0x00007f3ba0600000, 0x00007f3ba0600000, 0x00007f3ca8190000)
  from space 540032K,  18% used [0x00007f3ca8190000, 0x00007f3cae1edda8, 0x00007f3cc90f0000)
  to   space 540032K,   0% used [0x00007f3cc90f0000, 0x00007f3cc90f0000, 0x00007f3cea050000)
 tenured generation   total 10801756K, used 10775731K [0x00007f40f5b50000, 0x00007f4388fe7000, 0x00007f4ba0600000)
   the space 10801756K,  99% used [0x00007f40f5b50000, 0x00007f438767cee0, 0x00007f438767d000, 0x00007f4388fe7000)
 Metaspace       used 24314K, capacity 24712K, committed 24832K, reserved 26624K
}
Event: 7881.036 GC heap before
{Heap before GC invocations=4437 (full 5):
 def new generation   total 4860864K, used 4419511K [0x00007f3ba0600000, 0x00007f3cea050000, 0x00007f40f5b50000)
  eden space 4320832K, 100% used [0x00007f3ba0600000, 0x00007f3ca8190000, 0x00007f3ca8190000)
  from space 540032K,  18% used [0x00007f3ca8190000, 0x00007f3cae1edda8, 0x00007f3cc90f0000)
  to   space 540032K,   0% used [0x00007f3cc90f0000, 0x00007f3cc90f0000, 0x00007f3cea050000)
 tenured generation   total 10801756K, used 10775731K [0x00007f40f5b50000, 0x00007f4388fe7000, 0x00007f4ba0600000)
   the space 10801756K,  99% used [0x00007f40f5b50000, 0x00007f438767cee0, 0x00007f438767d000, 0x00007f4388fe7000)
 Metaspace       used 24314K, capacity 24712K, committed 24832K, reserved 26624K
}
Event: 7881.228 GC heap after
{Heap after GC invocations=4438 (full 5):
 def new generation   total 4860864K, used 98607K [0x00007f3ba0600000, 0x00007f3cea050000, 0x00007f40f5b50000)
  eden space 4320832K,   0% used [0x00007f3ba0600000, 0x00007f3ba0600000, 0x00007f3ca8190000)
  from space 540032K,  18% used [0x00007f3cc90f0000, 0x00007f3ccf13bc88, 0x00007f3cea050000)
  to   space 540032K,   0% used [0x00007f3ca8190000, 0x00007f3ca8190000, 0x00007f3cc90f0000)
 tenured generation   total 10801756K, used 10781490K [0x00007f40f5b50000, 0x00007f4388fe7000, 0x00007f4ba0600000)
   the space 10801756K,  99% used [0x00007f40f5b50000, 0x00007f4387c1cb48, 0x00007f4387c1cc00, 0x00007f4388fe7000)
 Metaspace       used 24314K, capacity 24712K, committed 24832K, reserved 26624K
}
Event: 7885.129 GC heap before
{Heap before GC invocations=4438 (full 5):
 def new generation   total 4860864K, used 4419439K [0x00007f3ba0600000, 0x00007f3cea050000, 0x00007f40f5b50000)
  eden space 4320832K, 100% used [0x00007f3ba0600000, 0x00007f3ca8190000, 0x00007f3ca8190000)
  from space 540032K,  18% used [0x00007f3cc90f0000, 0x00007f3ccf13bc88, 0x00007f3cea050000)
  to   space 540032K,   0% used [0x00007f3ca8190000, 0x00007f3ca8190000, 0x00007f3cc90f0000)
 tenured generation   total 10801756K, used 10781490K [0x00007f40f5b50000, 0x00007f4388fe7000, 0x00007f4ba0600000)
   the space 10801756K,  99% used [0x00007f40f5b50000, 0x00007f4387c1cb48, 0x00007f4387c1cc00, 0x00007f4388fe7000)
 Metaspace       used 24314K, capacity 24712K, committed 24832K, reserved 26624K
}
Event: 7885.359 GC heap after
{Heap after GC invocations=4439 (full 5):
 def new generation   total 4860864K, used 98643K [0x00007f3ba0600000, 0x00007f3cea050000, 0x00007f40f5b50000)
  eden space 4320832K,   0% used [0x00007f3ba0600000, 0x00007f3ba0600000, 0x00007f3ca8190000)
  from space 540032K,  18% used [0x00007f3ca8190000, 0x00007f3cae1e4ca0, 0x00007f3cc90f0000)
  to   space 540032K,   0% used [0x00007f3cc90f0000, 0x00007f3cc90f0000, 0x00007f3cea050000)
 tenured generation   total 10801756K, used 10787249K [0x00007f40f5b50000, 0x00007f4388fe7000, 0x00007f4ba0600000)
   the space 10801756K,  99% used [0x00007f40f5b50000, 0x00007f43881bc578, 0x00007f43881bc600, 0x00007f4388fe7000)
 Metaspace       used 24314K, capacity 24712K, committed 24832K, reserved 26624K
}
Event: 7889.268 GC heap before
{Heap before GC invocations=4439 (full 5):
 def new generation   total 4860864K, used 4419475K [0x00007f3ba0600000, 0x00007f3cea050000, 0x00007f40f5b50000)
  eden space 4320832K, 100% used [0x00007f3ba0600000, 0x00007f3ca8190000, 0x00007f3ca8190000)
  from space 540032K,  18% used [0x00007f3ca8190000, 0x00007f3cae1e4ca0, 0x00007f3cc90f0000)
  to   space 540032K,   0% used [0x00007f3cc90f0000, 0x00007f3cc90f0000, 0x00007f3cea050000)
 tenured generation   total 10801756K, used 10787249K [0x00007f40f5b50000, 0x00007f4388fe7000, 0x00007f4ba0600000)
   the space 10801756K,  99% used [0x00007f40f5b50000, 0x00007f43881bc578, 0x00007f43881bc600, 0x00007f4388fe7000)
 Metaspace       used 24314K, capacity 24712K, committed 24832K, reserved 26624K
}
Event: 7889.447 GC heap after
{Heap after GC invocations=4440 (full 5):
 def new generation   total 4860864K, used 96123K [0x00007f3ba0600000, 0x00007f3cea050000, 0x00007f40f5b50000)
  eden space 4320832K,   0% used [0x00007f3ba0600000, 0x00007f3ba0600000, 0x00007f3ca8190000)
  from space 540032K,  17% used [0x00007f3cc90f0000, 0x00007f3cceecedf0, 0x00007f3cea050000)
  to   space 540032K,   0% used [0x00007f3ca8190000, 0x00007f3ca8190000, 0x00007f3cc90f0000)
 tenured generation   total 10801756K, used 10795494K [0x00007f40f5b50000, 0x00007f4388fe7000, 0x00007f4ba0600000)
   the space 10801756K,  99% used [0x00007f40f5b50000, 0x00007f43889c9ae0, 0x00007f43889c9c00, 0x00007f4388fe7000)
 Metaspace       used 24314K, capacity 24712K, committed 24832K, reserved 26624K
}
Event: 7893.430 GC heap before
{Heap before GC invocations=4440 (full 5):
 def new generation   total 4860864K, used 4416955K [0x00007f3ba0600000, 0x00007f3cea050000, 0x00007f40f5b50000)
  eden space 4320832K, 100% used [0x00007f3ba0600000, 0x00007f3ca8190000, 0x00007f3ca8190000)
  from space 540032K,  17% used [0x00007f3cc90f0000, 0x00007f3cceecedf0, 0x00007f3cea050000)
  to   space 540032K,   0% used [0x00007f3ca8190000, 0x00007f3ca8190000, 0x00007f3cc90f0000)
 tenured generation   total 10801756K, used 10795494K [0x00007f40f5b50000, 0x00007f4388fe7000, 0x00007f4ba0600000)
   the space 10801756K,  99% used [0x00007f40f5b50000, 0x00007f43889c9ae0, 0x00007f43889c9c00, 0x00007f4388fe7000)
 Metaspace       used 24314K, capacity 24712K, committed 24832K, reserved 26624K
}
Event: 7893.624 GC heap after
{Heap after GC invocations=4441 (full 5):
 def new generation   total 4860864K, used 96195K [0x00007f3ba0600000, 0x00007f3cea050000, 0x00007f40f5b50000)
  eden space 4320832K,   0% used [0x00007f3ba0600000, 0x00007f3ba0600000, 0x00007f3ca8190000)
  from space 540032K,  17% used [0x00007f3ca8190000, 0x00007f3cadf80e80, 0x00007f3cc90f0000)
  to   space 540032K,   0% used [0x00007f3cc90f0000, 0x00007f3cc90f0000, 0x00007f3cea050000)
 tenured generation   total 10801756K, used 10801223K [0x00007f40f5b50000, 0x00007f4388fe7000, 0x00007f4ba0600000)
   the space 10801756K,  99% used [0x00007f40f5b50000, 0x00007f4388f61de8, 0x00007f4388f61e00, 0x00007f4388fe7000)
 Metaspace       used 24314K, capacity 24712K, committed 24832K, reserved 26624K
}
Event: 7897.459 GC heap before
{Heap before GC invocations=4441 (full 5):
 def new generation   total 4860864K, used 4417027K [0x00007f3ba0600000, 0x00007f3cea050000, 0x00007f40f5b50000)
  eden space 4320832K, 100% used [0x00007f3ba0600000, 0x00007f3ca8190000, 0x00007f3ca8190000)
  from space 540032K,  17% used [0x00007f3ca8190000, 0x00007f3cadf80e80, 0x00007f3cc90f0000)
  to   space 540032K,   0% used [0x00007f3cc90f0000, 0x00007f3cc90f0000, 0x00007f3cea050000)
 tenured generation   total 10801756K, used 10801223K [0x00007f40f5b50000, 0x00007f4388fe7000, 0x00007f4ba0600000)
   the space 10801756K,  99% used [0x00007f40f5b50000, 0x00007f4388f61de8, 0x00007f4388f61e00, 0x00007f4388fe7000)
 Metaspace       used 24314K, capacity 24712K, committed 24832K, reserved 26624K
}
Event: 7897.687 GC heap after
{Heap after GC invocations=4442 (full 5):
 def new generation   total 4860864K, used 91702K [0x00007f3ba0600000, 0x00007f3cea050000, 0x00007f40f5b50000)
  eden space 4320832K,   0% used [0x00007f3ba0600000, 0x00007f3ba0600000, 0x00007f3ca8190000)
  from space 540032K,  16% used [0x00007f3cc90f0000, 0x00007f3ccea7dbd0, 0x00007f3cea050000)
  to   space 540032K,   0% used [0x00007f3ca8190000, 0x00007f3ca8190000, 0x00007f3cc90f0000)
 tenured generation   total 10811548K, used 10811436K [0x00007f40f5b50000, 0x00007f4389977000, 0x00007f4ba0600000)
   the space 10811548K,  99% used [0x00007f40f5b50000, 0x00007f438995b0c8, 0x00007f438995b200, 0x00007f4389977000)
 Metaspace       used 24314K, capacity 24712K, committed 24832K, reserved 26624K
}
Event: 7897.687 GC heap before
{Heap before GC invocations=4442 (full 5):
 def new generation   total 4860864K, used 91702K [0x00007f3ba0600000, 0x00007f3cea050000, 0x00007f40f5b50000)
  eden space 4320832K,   0% used [0x00007f3ba0600000, 0x00007f3ba0600000, 0x00007f3ca8190000)
  from space 540032K,  16% used [0x00007f3cc90f0000, 0x00007f3ccea7dbd0, 0x00007f3cea050000)
  to   space 540032K,   0% used [0x00007f3ca8190000, 0x00007f3ca8190000, 0x00007f3cc90f0000)
 tenured generation   total 10811548K, used 10811436K [0x00007f40f5b50000, 0x00007f4389977000, 0x00007f4ba0600000)
   the space 10811548K,  99% used [0x00007f40f5b50000, 0x00007f438995b0c8, 0x00007f438995b200, 0x00007f4389977000)
 Metaspace       used 24314K, capacity 24712K, committed 24832K, reserved 26624K
}

