# JRE version: OpenJDK Runtime Environment (13.0.7+5) (build 13.0.7+5-Ubuntu-0ubuntu120.04)
# Java VM: OpenJDK 64-Bit Server VM (13.0.7+5-Ubuntu-0ubuntu120.04, mixed mode, tiered, serial gc, linux-amd64)
Heap:
 def new generation   total 4119424K, used 313636K [0x00007fdf38600000, 0x00007fe04fbd0000, 0x00007fe48db50000)
  eden space 3661760K,   8% used [0x00007fdf38600000, 0x00007fdf4b8491f8, 0x00007fe017df0000)
  from space 457664K,   0% used [0x00007fe017df0000, 0x00007fe017df0000, 0x00007fe033ce0000)
  to   space 457664K,   0% used [0x00007fe033ce0000, 0x00007fe033ce0000, 0x00007fe04fbd0000)
 tenured generation   total 9475544K, used 9475543K [0x00007fe48db50000, 0x00007fe6d00c6000, 0x00007fef38600000)
   the space 9475544K,  99% used [0x00007fe48db50000, 0x00007fe6d00c5ff0, 0x00007fe6d00c6000, 0x00007fe6d00c6000)
 Metaspace       used 30497K, capacity 30908K, committed 31232K, reserved 32768K
GC Heap History (20 events):
Event: 206.054 GC heap after
{Heap after GC invocations=100 (full 18):
 def new generation   total 4119424K, used 270825K [0x00007fdf38600000, 0x00007fe04fbd0000, 0x00007fe48db50000)
  eden space 3661760K,   0% used [0x00007fdf38600000, 0x00007fdf38600000, 0x00007fe017df0000)
  from space 457664K,  59% used [0x00007fe033ce0000, 0x00007fe04455a650, 0x00007fe04fbd0000)
  to   space 457664K,   0% used [0x00007fe017df0000, 0x00007fe017df0000, 0x00007fe033ce0000)
 tenured generation   total 9154136K, used 6778688K [0x00007fe48db50000, 0x00007fe6bc6e6000, 0x00007fef38600000)
   the space 9154136K,  74% used [0x00007fe48db50000, 0x00007fe62b7200c8, 0x00007fe62b720200, 0x00007fe6bc6e6000)
 Metaspace       used 30497K, capacity 30908K, committed 31232K, reserved 32768K
}
Event: 207.244 GC heap before
{Heap before GC invocations=100 (full 18):
 def new generation   total 4119424K, used 3932585K [0x00007fdf38600000, 0x00007fe04fbd0000, 0x00007fe48db50000)
  eden space 3661760K, 100% used [0x00007fdf38600000, 0x00007fe017df0000, 0x00007fe017df0000)
  from space 457664K,  59% used [0x00007fe033ce0000, 0x00007fe04455a650, 0x00007fe04fbd0000)
  to   space 457664K,   0% used [0x00007fe017df0000, 0x00007fe017df0000, 0x00007fe033ce0000)
 tenured generation   total 9154136K, used 6778688K [0x00007fe48db50000, 0x00007fe6bc6e6000, 0x00007fef38600000)
   the space 9154136K,  74% used [0x00007fe48db50000, 0x00007fe62b7200c8, 0x00007fe62b720200, 0x00007fe6bc6e6000)
 Metaspace       used 30497K, capacity 30908K, committed 31232K, reserved 32768K
}
Event: 208.187 GC heap after
{Heap after GC invocations=101 (full 18):
 def new generation   total 4119424K, used 267985K [0x00007fdf38600000, 0x00007fe04fbd0000, 0x00007fe48db50000)
  eden space 3661760K,   0% used [0x00007fdf38600000, 0x00007fdf38600000, 0x00007fe017df0000)
  from space 457664K,  58% used [0x00007fe017df0000, 0x00007fe0283a47b0, 0x00007fe033ce0000)
  to   space 457664K,   0% used [0x00007fe033ce0000, 0x00007fe033ce0000, 0x00007fe04fbd0000)
 tenured generation   total 9154136K, used 7049513K [0x00007fe48db50000, 0x00007fe6bc6e6000, 0x00007fef38600000)
   the space 9154136K,  77% used [0x00007fe48db50000, 0x00007fe63bf9a4c8, 0x00007fe63bf9a600, 0x00007fe6bc6e6000)
 Metaspace       used 30497K, capacity 30908K, committed 31232K, reserved 32768K
}
Event: 209.355 GC heap before
{Heap before GC invocations=101 (full 18):
 def new generation   total 4119424K, used 3929745K [0x00007fdf38600000, 0x00007fe04fbd0000, 0x00007fe48db50000)
  eden space 3661760K, 100% used [0x00007fdf38600000, 0x00007fe017df0000, 0x00007fe017df0000)
  from space 457664K,  58% used [0x00007fe017df0000, 0x00007fe0283a47b0, 0x00007fe033ce0000)
  to   space 457664K,   0% used [0x00007fe033ce0000, 0x00007fe033ce0000, 0x00007fe04fbd0000)
 tenured generation   total 9154136K, used 7049513K [0x00007fe48db50000, 0x00007fe6bc6e6000, 0x00007fef38600000)
   the space 9154136K,  77% used [0x00007fe48db50000, 0x00007fe63bf9a4c8, 0x00007fe63bf9a600, 0x00007fe6bc6e6000)
 Metaspace       used 30497K, capacity 30908K, committed 31232K, reserved 32768K
}
Event: 210.369 GC heap after
{Heap after GC invocations=102 (full 18):
 def new generation   total 4119424K, used 297257K [0x00007fdf38600000, 0x00007fe04fbd0000, 0x00007fe48db50000)
  eden space 3661760K,   0% used [0x00007fdf38600000, 0x00007fdf38600000, 0x00007fe017df0000)
  from space 457664K,  64% used [0x00007fe033ce0000, 0x00007fe045f2a578, 0x00007fe04fbd0000)
  to   space 457664K,   0% used [0x00007fe017df0000, 0x00007fe017df0000, 0x00007fe033ce0000)
 tenured generation   total 9154136K, used 7317498K [0x00007fe48db50000, 0x00007fe6bc6e6000, 0x00007fef38600000)
   the space 9154136K,  79% used [0x00007fe48db50000, 0x00007fe64c54eb18, 0x00007fe64c54ec00, 0x00007fe6bc6e6000)
 Metaspace       used 30497K, capacity 30908K, committed 31232K, reserved 32768K
}
Event: 211.503 GC heap before
{Heap before GC invocations=102 (full 18):
 def new generation   total 4119424K, used 3959017K [0x00007fdf38600000, 0x00007fe04fbd0000, 0x00007fe48db50000)
  eden space 3661760K, 100% used [0x00007fdf38600000, 0x00007fe017df0000, 0x00007fe017df0000)
  from space 457664K,  64% used [0x00007fe033ce0000, 0x00007fe045f2a578, 0x00007fe04fbd0000)
  to   space 457664K,   0% used [0x00007fe017df0000, 0x00007fe017df0000, 0x00007fe033ce0000)
 tenured generation   total 9154136K, used 7317498K [0x00007fe48db50000, 0x00007fe6bc6e6000, 0x00007fef38600000)
   the space 9154136K,  79% used [0x00007fe48db50000, 0x00007fe64c54eb18, 0x00007fe64c54ec00, 0x00007fe6bc6e6000)
 Metaspace       used 30497K, capacity 30908K, committed 31232K, reserved 32768K
}
Event: 212.469 GC heap after
{Heap after GC invocations=103 (full 18):
 def new generation   total 4119424K, used 261924K [0x00007fdf38600000, 0x00007fe04fbd0000, 0x00007fe48db50000)
  eden space 3661760K,   0% used [0x00007fdf38600000, 0x00007fdf38600000, 0x00007fe017df0000)
  from space 457664K,  57% used [0x00007fe017df0000, 0x00007fe027db9038, 0x00007fe033ce0000)
  to   space 457664K,   0% used [0x00007fe033ce0000, 0x00007fe033ce0000, 0x00007fe04fbd0000)
 tenured generation   total 9154136K, used 7614755K [0x00007fe48db50000, 0x00007fe6bc6e6000, 0x00007fef38600000)
   the space 9154136K,  83% used [0x00007fe48db50000, 0x00007fe65e798f60, 0x00007fe65e799000, 0x00007fe6bc6e6000)
 Metaspace       used 30497K, capacity 30908K, committed 31232K, reserved 32768K
}
Event: 213.675 GC heap before
{Heap before GC invocations=103 (full 18):
 def new generation   total 4119424K, used 3923684K [0x00007fdf38600000, 0x00007fe04fbd0000, 0x00007fe48db50000)
  eden space 3661760K, 100% used [0x00007fdf38600000, 0x00007fe017df0000, 0x00007fe017df0000)
  from space 457664K,  57% used [0x00007fe017df0000, 0x00007fe027db9038, 0x00007fe033ce0000)
  to   space 457664K,   0% used [0x00007fe033ce0000, 0x00007fe033ce0000, 0x00007fe04fbd0000)
 tenured generation   total 9154136K, used 7614755K [0x00007fe48db50000, 0x00007fe6bc6e6000, 0x00007fef38600000)
   the space 9154136K,  83% used [0x00007fe48db50000, 0x00007fe65e798f60, 0x00007fe65e799000, 0x00007fe6bc6e6000)
 Metaspace       used 30497K, capacity 30908K, committed 31232K, reserved 32768K
}
Event: 215.562 GC heap after
{Heap after GC invocations=104 (full 18):
 def new generation   total 4119424K, used 270118K [0x00007fdf38600000, 0x00007fe04fbd0000, 0x00007fe48db50000)
  eden space 3661760K,   0% used [0x00007fdf38600000, 0x00007fdf38600000, 0x00007fe017df0000)
  from space 457664K,  59% used [0x00007fe033ce0000, 0x00007fe0444a99d8, 0x00007fe04fbd0000)
  to   space 457664K,   0% used [0x00007fe017df0000, 0x00007fe017df0000, 0x00007fe033ce0000)
 tenured generation   total 9154136K, used 7876679K [0x00007fe48db50000, 0x00007fe6bc6e6000, 0x00007fef38600000)
   the space 9154136K,  86% used [0x00007fe48db50000, 0x00007fe66e761d88, 0x00007fe66e761e00, 0x00007fe6bc6e6000)
 Metaspace       used 30497K, capacity 30908K, committed 31232K, reserved 32768K
}
Event: 218.075 GC heap before
{Heap before GC invocations=104 (full 18):
 def new generation   total 4119424K, used 3931878K [0x00007fdf38600000, 0x00007fe04fbd0000, 0x00007fe48db50000)
  eden space 3661760K, 100% used [0x00007fdf38600000, 0x00007fe017df0000, 0x00007fe017df0000)
  from space 457664K,  59% used [0x00007fe033ce0000, 0x00007fe0444a99d8, 0x00007fe04fbd0000)
  to   space 457664K,   0% used [0x00007fe017df0000, 0x00007fe017df0000, 0x00007fe033ce0000)
 tenured generation   total 9154136K, used 7876679K [0x00007fe48db50000, 0x00007fe6bc6e6000, 0x00007fef38600000)
   the space 9154136K,  86% used [0x00007fe48db50000, 0x00007fe66e761d88, 0x00007fe66e761e00, 0x00007fe6bc6e6000)
 Metaspace       used 30497K, capacity 30908K, committed 31232K, reserved 32768K
}
Event: 218.982 GC heap after
{Heap after GC invocations=105 (full 18):
 def new generation   total 4119424K, used 315320K [0x00007fdf38600000, 0x00007fe04fbd0000, 0x00007fe48db50000)
  eden space 3661760K,   0% used [0x00007fdf38600000, 0x00007fdf38600000, 0x00007fe017df0000)
  from space 457664K,  68% used [0x00007fe017df0000, 0x00007fe02b1de2f8, 0x00007fe033ce0000)
  to   space 457664K,   0% used [0x00007fe033ce0000, 0x00007fe033ce0000, 0x00007fe04fbd0000)
 tenured generation   total 9154136K, used 8146796K [0x00007fe48db50000, 0x00007fe6bc6e6000, 0x00007fef38600000)
   the space 9154136K,  88% used [0x00007fe48db50000, 0x00007fe67ef2b2e0, 0x00007fe67ef2b400, 0x00007fe6bc6e6000)
 Metaspace       used 30497K, capacity 30908K, committed 31232K, reserved 32768K
}
Event: 220.043 GC heap before
{Heap before GC invocations=105 (full 18):
 def new generation   total 4119424K, used 3977080K [0x00007fdf38600000, 0x00007fe04fbd0000, 0x00007fe48db50000)
  eden space 3661760K, 100% used [0x00007fdf38600000, 0x00007fe017df0000, 0x00007fe017df0000)
  from space 457664K,  68% used [0x00007fe017df0000, 0x00007fe02b1de2f8, 0x00007fe033ce0000)
  to   space 457664K,   0% used [0x00007fe033ce0000, 0x00007fe033ce0000, 0x00007fe04fbd0000)
 tenured generation   total 9154136K, used 8146796K [0x00007fe48db50000, 0x00007fe6bc6e6000, 0x00007fef38600000)
   the space 9154136K,  88% used [0x00007fe48db50000, 0x00007fe67ef2b2e0, 0x00007fe67ef2b400, 0x00007fe6bc6e6000)
 Metaspace       used 30497K, capacity 30908K, committed 31232K, reserved 32768K
}
Event: 221.084 GC heap after
{Heap after GC invocations=106 (full 18):
 def new generation   total 4119424K, used 347539K [0x00007fdf38600000, 0x00007fe04fbd0000, 0x00007fe48db50000)
  eden space 3661760K,   0% used [0x00007fdf38600000, 0x00007fdf38600000, 0x00007fe017df0000)
  from space 457664K,  75% used [0x00007fe033ce0000, 0x00007fe049044f68, 0x00007fe04fbd0000)
  to   space 457664K,   0% used [0x00007fe017df0000, 0x00007fe017df0000, 0x00007fe033ce0000)
 tenured generation   total 9154136K, used 8462116K [0x00007fe48db50000, 0x00007fe6bc6e6000, 0x00007fef38600000)
   the space 9154136K,  92% used [0x00007fe48db50000, 0x00007fe6923192c8, 0x00007fe692319400, 0x00007fe6bc6e6000)
 Metaspace       used 30497K, capacity 30908K, committed 31232K, reserved 32768K
}
Event: 222.159 GC heap before
{Heap before GC invocations=106 (full 18):
 def new generation   total 4119424K, used 4009299K [0x00007fdf38600000, 0x00007fe04fbd0000, 0x00007fe48db50000)
  eden space 3661760K, 100% used [0x00007fdf38600000, 0x00007fe017df0000, 0x00007fe017df0000)
  from space 457664K,  75% used [0x00007fe033ce0000, 0x00007fe049044f68, 0x00007fe04fbd0000)
  to   space 457664K,   0% used [0x00007fe017df0000, 0x00007fe017df0000, 0x00007fe033ce0000)
 tenured generation   total 9154136K, used 8462116K [0x00007fe48db50000, 0x00007fe6bc6e6000, 0x00007fef38600000)
   the space 9154136K,  92% used [0x00007fe48db50000, 0x00007fe6923192c8, 0x00007fe692319400, 0x00007fe6bc6e6000)
 Metaspace       used 30497K, capacity 30908K, committed 31232K, reserved 32768K
}
Event: 223.093 GC heap after
{Heap after GC invocations=107 (full 18):
 def new generation   total 4119424K, used 331875K [0x00007fdf38600000, 0x00007fe04fbd0000, 0x00007fe48db50000)
  eden space 3661760K,   0% used [0x00007fdf38600000, 0x00007fdf38600000, 0x00007fe017df0000)
  from space 457664K,  72% used [0x00007fe017df0000, 0x00007fe02c208c98, 0x00007fe033ce0000)
  to   space 457664K,   0% used [0x00007fe033ce0000, 0x00007fe033ce0000, 0x00007fe04fbd0000)
 tenured generation   total 9154136K, used 8809656K [0x00007fe48db50000, 0x00007fe6bc6e6000, 0x00007fef38600000)
   the space 9154136K,  96% used [0x00007fe48db50000, 0x00007fe6a767e230, 0x00007fe6a767e400, 0x00007fe6bc6e6000)
 Metaspace       used 30497K, capacity 30908K, committed 31232K, reserved 32768K
}
Event: 224.109 GC heap before
{Heap before GC invocations=107 (full 18):
 def new generation   total 4119424K, used 3993635K [0x00007fdf38600000, 0x00007fe04fbd0000, 0x00007fe48db50000)
  eden space 3661760K, 100% used [0x00007fdf38600000, 0x00007fe017df0000, 0x00007fe017df0000)
  from space 457664K,  72% used [0x00007fe017df0000, 0x00007fe02c208c98, 0x00007fe033ce0000)
  to   space 457664K,   0% used [0x00007fe033ce0000, 0x00007fe033ce0000, 0x00007fe04fbd0000)
 tenured generation   total 9154136K, used 8809656K [0x00007fe48db50000, 0x00007fe6bc6e6000, 0x00007fef38600000)
   the space 9154136K,  96% used [0x00007fe48db50000, 0x00007fe6a767e230, 0x00007fe6a767e400, 0x00007fe6bc6e6000)
 Metaspace       used 30497K, capacity 30908K, committed 31232K, reserved 32768K
}
Event: 225.165 GC heap after
{Heap after GC invocations=108 (full 18):
 def new generation   total 4119424K, used 333934K [0x00007fdf38600000, 0x00007fe04fbd0000, 0x00007fe48db50000)
  eden space 3661760K,   0% used [0x00007fdf38600000, 0x00007fdf38600000, 0x00007fe017df0000)
  from space 457664K,  72% used [0x00007fe033ce0000, 0x00007fe0482fbba0, 0x00007fe04fbd0000)
  to   space 457664K,   0% used [0x00007fe017df0000, 0x00007fe017df0000, 0x00007fe033ce0000)
 tenured generation   total 9154136K, used 9141530K [0x00007fe48db50000, 0x00007fe6bc6e6000, 0x00007fef38600000)
   the space 9154136K,  99% used [0x00007fe48db50000, 0x00007fe6bba96bc8, 0x00007fe6bba96c00, 0x00007fe6bc6e6000)
 Metaspace       used 30497K, capacity 30908K, committed 31232K, reserved 32768K
}
Event: 226.253 GC heap before
{Heap before GC invocations=108 (full 18):
 def new generation   total 4119424K, used 3995694K [0x00007fdf38600000, 0x00007fe04fbd0000, 0x00007fe48db50000)
  eden space 3661760K, 100% used [0x00007fdf38600000, 0x00007fe017df0000, 0x00007fe017df0000)
  from space 457664K,  72% used [0x00007fe033ce0000, 0x00007fe0482fbba0, 0x00007fe04fbd0000)
  to   space 457664K,   0% used [0x00007fe017df0000, 0x00007fe017df0000, 0x00007fe033ce0000)
 tenured generation   total 9154136K, used 9141530K [0x00007fe48db50000, 0x00007fe6bc6e6000, 0x00007fef38600000)
   the space 9154136K,  99% used [0x00007fe48db50000, 0x00007fe6bba96bc8, 0x00007fe6bba96c00, 0x00007fe6bc6e6000)
 Metaspace       used 30497K, capacity 30908K, committed 31232K, reserved 32768K
}
Event: 227.175 GC heap after
{Heap after GC invocations=109 (full 18):
 def new generation   total 4119424K, used 329011K [0x00007fdf38600000, 0x00007fe04fbd0000, 0x00007fe48db50000)
  eden space 3661760K,   0% used [0x00007fdf38600000, 0x00007fdf38600000, 0x00007fe017df0000)
  from space 457664K,  71% used [0x00007fe017df0000, 0x00007fe02bf3ce80, 0x00007fe033ce0000)
  to   space 457664K,   0% used [0x00007fe033ce0000, 0x00007fe033ce0000, 0x00007fe04fbd0000)
 tenured generation   total 9475544K, used 9475465K [0x00007fe48db50000, 0x00007fe6d00c6000, 0x00007fef38600000)
   the space 9475544K,  99% used [0x00007fe48db50000, 0x00007fe6d00b25a8, 0x00007fe6d00b2600, 0x00007fe6d00c6000)
 Metaspace       used 30497K, capacity 30908K, committed 31232K, reserved 32768K
}
Event: 227.175 GC heap before
{Heap before GC invocations=109 (full 18):
 def new generation   total 4119424K, used 329011K [0x00007fdf38600000, 0x00007fe04fbd0000, 0x00007fe48db50000)
  eden space 3661760K,   0% used [0x00007fdf38600000, 0x00007fdf38600000, 0x00007fe017df0000)
  from space 457664K,  71% used [0x00007fe017df0000, 0x00007fe02bf3ce80, 0x00007fe033ce0000)
  to   space 457664K,   0% used [0x00007fe033ce0000, 0x00007fe033ce0000, 0x00007fe04fbd0000)
 tenured generation   total 9475544K, used 9475465K [0x00007fe48db50000, 0x00007fe6d00c6000, 0x00007fef38600000)
   the space 9475544K,  99% used [0x00007fe48db50000, 0x00007fe6d00b25a8, 0x00007fe6d00b2600, 0x00007fe6d00c6000)
 Metaspace       used 30497K, capacity 30908K, committed 31232K, reserved 32768K
}

