# JRE version: OpenJDK Runtime Environment (13.0.7+5) (build 13.0.7+5-Ubuntu-0ubuntu120.04)
# Java VM: OpenJDK 64-Bit Server VM (13.0.7+5-Ubuntu-0ubuntu120.04, mixed mode, tiered, serial gc, linux-amd64)
Heap:
 def new generation   total 13500224K, used 207922K [0x00007fa160600000, 0x00007fa4f3ea0000, 0x00007fa6b5b50000)
  eden space 12000256K,   1% used [0x00007fa160600000, 0x00007fa16d10c888, 0x00007fa43cd00000)
  from space 1499968K,   0% used [0x00007fa4985d0000, 0x00007fa4985d0000, 0x00007fa4f3ea0000)
  to   space 1499968K,   0% used [0x00007fa43cd00000, 0x00007fa43cd00000, 0x00007fa4985d0000)
 tenured generation   total 30003544K, used 30003543K [0x00007fa6b5b50000, 0x00007faddcfa6000, 0x00007fb160600000)
   the space 30003544K,  99% used [0x00007fa6b5b50000, 0x00007faddcfa5ff8, 0x00007faddcfa6000, 0x00007faddcfa6000)
 Metaspace       used 24253K, capacity 24647K, committed 24832K, reserved 26624K
GC Heap History (20 events):
Event: 15743.332 GC heap after
{Heap after GC invocations=7568 (full 7):
 def new generation   total 13500224K, used 182637K [0x00007fa160600000, 0x00007fa4f3ea0000, 0x00007fa6b5b50000)
  eden space 12000256K,   0% used [0x00007fa160600000, 0x00007fa160600000, 0x00007fa43cd00000)
  from space 1499968K,  12% used [0x00007fa43cd00000, 0x00007fa447f5b498, 0x00007fa4985d0000)
  to   space 1499968K,   0% used [0x00007fa4985d0000, 0x00007fa4985d0000, 0x00007fa4f3ea0000)
 tenured generation   total 30000280K, used 29895910K [0x00007fa6b5b50000, 0x00007faddcc76000, 0x00007fb160600000)
   the space 30000280K,  99% used [0x00007fa6b5b50000, 0x00007fadd6689848, 0x00007fadd6689a00, 0x00007faddcc76000)
 Metaspace       used 24253K, capacity 24647K, committed 24832K, reserved 26624K
}
Event: 15750.333 GC heap before
{Heap before GC invocations=7568 (full 7):
 def new generation   total 13500224K, used 12182893K [0x00007fa160600000, 0x00007fa4f3ea0000, 0x00007fa6b5b50000)
  eden space 12000256K, 100% used [0x00007fa160600000, 0x00007fa43cd00000, 0x00007fa43cd00000)
  from space 1499968K,  12% used [0x00007fa43cd00000, 0x00007fa447f5b498, 0x00007fa4985d0000)
  to   space 1499968K,   0% used [0x00007fa4985d0000, 0x00007fa4985d0000, 0x00007fa4f3ea0000)
 tenured generation   total 30000280K, used 29895910K [0x00007fa6b5b50000, 0x00007faddcc76000, 0x00007fb160600000)
   the space 30000280K,  99% used [0x00007fa6b5b50000, 0x00007fadd6689848, 0x00007fadd6689a00, 0x00007faddcc76000)
 Metaspace       used 24253K, capacity 24647K, committed 24832K, reserved 26624K
}
Event: 15750.441 GC heap after
{Heap after GC invocations=7569 (full 7):
 def new generation   total 13500224K, used 185588K [0x00007fa160600000, 0x00007fa4f3ea0000, 0x00007fa6b5b50000)
  eden space 12000256K,   0% used [0x00007fa160600000, 0x00007fa160600000, 0x00007fa43cd00000)
  from space 1499968K,  12% used [0x00007fa4985d0000, 0x00007fa4a3b0d130, 0x00007fa4f3ea0000)
  to   space 1499968K,   0% used [0x00007fa43cd00000, 0x00007fa43cd00000, 0x00007fa4985d0000)
 tenured generation   total 30000280K, used 29914874K [0x00007fa6b5b50000, 0x00007faddcc76000, 0x00007fb160600000)
   the space 30000280K,  99% used [0x00007fa6b5b50000, 0x00007fadd790ea48, 0x00007fadd790ec00, 0x00007faddcc76000)
 Metaspace       used 24253K, capacity 24647K, committed 24832K, reserved 26624K
}
Event: 15757.309 GC heap before
{Heap before GC invocations=7569 (full 7):
 def new generation   total 13500224K, used 12185844K [0x00007fa160600000, 0x00007fa4f3ea0000, 0x00007fa6b5b50000)
  eden space 12000256K, 100% used [0x00007fa160600000, 0x00007fa43cd00000, 0x00007fa43cd00000)
  from space 1499968K,  12% used [0x00007fa4985d0000, 0x00007fa4a3b0d130, 0x00007fa4f3ea0000)
  to   space 1499968K,   0% used [0x00007fa43cd00000, 0x00007fa43cd00000, 0x00007fa4985d0000)
 tenured generation   total 30000280K, used 29914874K [0x00007fa6b5b50000, 0x00007faddcc76000, 0x00007fb160600000)
   the space 30000280K,  99% used [0x00007fa6b5b50000, 0x00007fadd790ea48, 0x00007fadd790ec00, 0x00007faddcc76000)
 Metaspace       used 24253K, capacity 24647K, committed 24832K, reserved 26624K
}
Event: 15757.411 GC heap after
{Heap after GC invocations=7570 (full 7):
 def new generation   total 13500224K, used 179502K [0x00007fa160600000, 0x00007fa4f3ea0000, 0x00007fa6b5b50000)
  eden space 12000256K,   0% used [0x00007fa160600000, 0x00007fa160600000, 0x00007fa43cd00000)
  from space 1499968K,  11% used [0x00007fa43cd00000, 0x00007fa447c4b880, 0x00007fa4985d0000)
  to   space 1499968K,   0% used [0x00007fa4985d0000, 0x00007fa4985d0000, 0x00007fa4f3ea0000)
 tenured generation   total 30000280K, used 29930357K [0x00007fa6b5b50000, 0x00007faddcc76000, 0x00007fb160600000)
   the space 30000280K,  99% used [0x00007fa6b5b50000, 0x00007fadd882d680, 0x00007fadd882d800, 0x00007faddcc76000)
 Metaspace       used 24253K, capacity 24647K, committed 24832K, reserved 26624K
}
Event: 15763.366 GC heap before
{Heap before GC invocations=7570 (full 7):
 def new generation   total 13500224K, used 12179758K [0x00007fa160600000, 0x00007fa4f3ea0000, 0x00007fa6b5b50000)
  eden space 12000256K, 100% used [0x00007fa160600000, 0x00007fa43cd00000, 0x00007fa43cd00000)
  from space 1499968K,  11% used [0x00007fa43cd00000, 0x00007fa447c4b880, 0x00007fa4985d0000)
  to   space 1499968K,   0% used [0x00007fa4985d0000, 0x00007fa4985d0000, 0x00007fa4f3ea0000)
 tenured generation   total 30000280K, used 29930357K [0x00007fa6b5b50000, 0x00007faddcc76000, 0x00007fb160600000)
   the space 30000280K,  99% used [0x00007fa6b5b50000, 0x00007fadd882d680, 0x00007fadd882d800, 0x00007faddcc76000)
 Metaspace       used 24253K, capacity 24647K, committed 24832K, reserved 26624K
}
Event: 15763.470 GC heap after
{Heap after GC invocations=7571 (full 7):
 def new generation   total 13500224K, used 188058K [0x00007fa160600000, 0x00007fa4f3ea0000, 0x00007fa6b5b50000)
  eden space 12000256K,   0% used [0x00007fa160600000, 0x00007fa160600000, 0x00007fa43cd00000)
  from space 1499968K,  12% used [0x00007fa4985d0000, 0x00007fa4a3d76ba8, 0x00007fa4f3ea0000)
  to   space 1499968K,   0% used [0x00007fa43cd00000, 0x00007fa43cd00000, 0x00007fa4985d0000)
 tenured generation   total 30000280K, used 29940226K [0x00007fa6b5b50000, 0x00007faddcc76000, 0x00007fb160600000)
   the space 30000280K,  99% used [0x00007fa6b5b50000, 0x00007fadd91d0ba8, 0x00007fadd91d0c00, 0x00007faddcc76000)
 Metaspace       used 24253K, capacity 24647K, committed 24832K, reserved 26624K
}
Event: 15769.496 GC heap before
{Heap before GC invocations=7571 (full 7):
 def new generation   total 13500224K, used 12188314K [0x00007fa160600000, 0x00007fa4f3ea0000, 0x00007fa6b5b50000)
  eden space 12000256K, 100% used [0x00007fa160600000, 0x00007fa43cd00000, 0x00007fa43cd00000)
  from space 1499968K,  12% used [0x00007fa4985d0000, 0x00007fa4a3d76ba8, 0x00007fa4f3ea0000)
  to   space 1499968K,   0% used [0x00007fa43cd00000, 0x00007fa43cd00000, 0x00007fa4985d0000)
 tenured generation   total 30000280K, used 29940226K [0x00007fa6b5b50000, 0x00007faddcc76000, 0x00007fb160600000)
   the space 30000280K,  99% used [0x00007fa6b5b50000, 0x00007fadd91d0ba8, 0x00007fadd91d0c00, 0x00007faddcc76000)
 Metaspace       used 24253K, capacity 24647K, committed 24832K, reserved 26624K
}
Event: 15769.579 GC heap after
{Heap after GC invocations=7572 (full 7):
 def new generation   total 13500224K, used 192456K [0x00007fa160600000, 0x00007fa4f3ea0000, 0x00007fa6b5b50000)
  eden space 12000256K,   0% used [0x00007fa160600000, 0x00007fa160600000, 0x00007fa43cd00000)
  from space 1499968K,  12% used [0x00007fa43cd00000, 0x00007fa4488f22f0, 0x00007fa4985d0000)
  to   space 1499968K,   0% used [0x00007fa4985d0000, 0x00007fa4985d0000, 0x00007fa4f3ea0000)
 tenured generation   total 30000280K, used 29952731K [0x00007fa6b5b50000, 0x00007faddcc76000, 0x00007fb160600000)
   the space 30000280K,  99% used [0x00007fa6b5b50000, 0x00007fadd9e06da8, 0x00007fadd9e06e00, 0x00007faddcc76000)
 Metaspace       used 24253K, capacity 24647K, committed 24832K, reserved 26624K
}
Event: 15775.615 GC heap before
{Heap before GC invocations=7572 (full 7):
 def new generation   total 13500224K, used 12192712K [0x00007fa160600000, 0x00007fa4f3ea0000, 0x00007fa6b5b50000)
  eden space 12000256K, 100% used [0x00007fa160600000, 0x00007fa43cd00000, 0x00007fa43cd00000)
  from space 1499968K,  12% used [0x00007fa43cd00000, 0x00007fa4488f22f0, 0x00007fa4985d0000)
  to   space 1499968K,   0% used [0x00007fa4985d0000, 0x00007fa4985d0000, 0x00007fa4f3ea0000)
 tenured generation   total 30000280K, used 29952731K [0x00007fa6b5b50000, 0x00007faddcc76000, 0x00007fb160600000)
   the space 30000280K,  99% used [0x00007fa6b5b50000, 0x00007fadd9e06da8, 0x00007fadd9e06e00, 0x00007faddcc76000)
 Metaspace       used 24253K, capacity 24647K, committed 24832K, reserved 26624K
}
Event: 15775.712 GC heap after
{Heap after GC invocations=7573 (full 7):
 def new generation   total 13500224K, used 194454K [0x00007fa160600000, 0x00007fa4f3ea0000, 0x00007fa6b5b50000)
  eden space 12000256K,   0% used [0x00007fa160600000, 0x00007fa160600000, 0x00007fa43cd00000)
  from space 1499968K,  12% used [0x00007fa4985d0000, 0x00007fa4a43b5ac0, 0x00007fa4f3ea0000)
  to   space 1499968K,   0% used [0x00007fa43cd00000, 0x00007fa43cd00000, 0x00007fa4985d0000)
 tenured generation   total 30000280K, used 29965666K [0x00007fa6b5b50000, 0x00007faddcc76000, 0x00007fb160600000)
   the space 30000280K,  99% used [0x00007fa6b5b50000, 0x00007faddaaa8920, 0x00007faddaaa8a00, 0x00007faddcc76000)
 Metaspace       used 24253K, capacity 24647K, committed 24832K, reserved 26624K
}
Event: 15781.593 GC heap before
{Heap before GC invocations=7573 (full 7):
 def new generation   total 13500224K, used 12194710K [0x00007fa160600000, 0x00007fa4f3ea0000, 0x00007fa6b5b50000)
  eden space 12000256K, 100% used [0x00007fa160600000, 0x00007fa43cd00000, 0x00007fa43cd00000)
  from space 1499968K,  12% used [0x00007fa4985d0000, 0x00007fa4a43b5ac0, 0x00007fa4f3ea0000)
  to   space 1499968K,   0% used [0x00007fa43cd00000, 0x00007fa43cd00000, 0x00007fa4985d0000)
 tenured generation   total 30000280K, used 29965666K [0x00007fa6b5b50000, 0x00007faddcc76000, 0x00007fb160600000)
   the space 30000280K,  99% used [0x00007fa6b5b50000, 0x00007faddaaa8920, 0x00007faddaaa8a00, 0x00007faddcc76000)
 Metaspace       used 24253K, capacity 24647K, committed 24832K, reserved 26624K
}
Event: 15781.741 GC heap after
{Heap after GC invocations=7574 (full 7):
 def new generation   total 13500224K, used 201342K [0x00007fa160600000, 0x00007fa4f3ea0000, 0x00007fa6b5b50000)
  eden space 12000256K,   0% used [0x00007fa160600000, 0x00007fa160600000, 0x00007fa43cd00000)
  from space 1499968K,  13% used [0x00007fa43cd00000, 0x00007fa44919faa0, 0x00007fa4985d0000)
  to   space 1499968K,   0% used [0x00007fa4985d0000, 0x00007fa4985d0000, 0x00007fa4f3ea0000)
 tenured generation   total 30000280K, used 29975024K [0x00007fa6b5b50000, 0x00007faddcc76000, 0x00007fb160600000)
   the space 30000280K,  99% used [0x00007fa6b5b50000, 0x00007faddb3cc388, 0x00007faddb3cc400, 0x00007faddcc76000)
 Metaspace       used 24253K, capacity 24647K, committed 24832K, reserved 26624K
}
Event: 15788.470 GC heap before
{Heap before GC invocations=7574 (full 7):
 def new generation   total 13500224K, used 12201598K [0x00007fa160600000, 0x00007fa4f3ea0000, 0x00007fa6b5b50000)
  eden space 12000256K, 100% used [0x00007fa160600000, 0x00007fa43cd00000, 0x00007fa43cd00000)
  from space 1499968K,  13% used [0x00007fa43cd00000, 0x00007fa44919faa0, 0x00007fa4985d0000)
  to   space 1499968K,   0% used [0x00007fa4985d0000, 0x00007fa4985d0000, 0x00007fa4f3ea0000)
 tenured generation   total 30000280K, used 29975024K [0x00007fa6b5b50000, 0x00007faddcc76000, 0x00007fb160600000)
   the space 30000280K,  99% used [0x00007fa6b5b50000, 0x00007faddb3cc388, 0x00007faddb3cc400, 0x00007faddcc76000)
 Metaspace       used 24253K, capacity 24647K, committed 24832K, reserved 26624K
}
Event: 15788.598 GC heap after
{Heap after GC invocations=7575 (full 7):
 def new generation   total 13500224K, used 205131K [0x00007fa160600000, 0x00007fa4f3ea0000, 0x00007fa6b5b50000)
  eden space 12000256K,   0% used [0x00007fa160600000, 0x00007fa160600000, 0x00007fa43cd00000)
  from space 1499968K,  13% used [0x00007fa4985d0000, 0x00007fa4a4e22f48, 0x00007fa4f3ea0000)
  to   space 1499968K,   0% used [0x00007fa43cd00000, 0x00007fa43cd00000, 0x00007fa4985d0000)
 tenured generation   total 30000280K, used 29983874K [0x00007fa6b5b50000, 0x00007faddcc76000, 0x00007fb160600000)
   the space 30000280K,  99% used [0x00007fa6b5b50000, 0x00007faddbc70820, 0x00007faddbc70a00, 0x00007faddcc76000)
 Metaspace       used 24253K, capacity 24647K, committed 24832K, reserved 26624K
}
Event: 15795.542 GC heap before
{Heap before GC invocations=7575 (full 7):
 def new generation   total 13500224K, used 12205387K [0x00007fa160600000, 0x00007fa4f3ea0000, 0x00007fa6b5b50000)
  eden space 12000256K, 100% used [0x00007fa160600000, 0x00007fa43cd00000, 0x00007fa43cd00000)
  from space 1499968K,  13% used [0x00007fa4985d0000, 0x00007fa4a4e22f48, 0x00007fa4f3ea0000)
  to   space 1499968K,   0% used [0x00007fa43cd00000, 0x00007fa43cd00000, 0x00007fa4985d0000)
 tenured generation   total 30000280K, used 29983874K [0x00007fa6b5b50000, 0x00007faddcc76000, 0x00007fb160600000)
   the space 30000280K,  99% used [0x00007fa6b5b50000, 0x00007faddbc70820, 0x00007faddbc70a00, 0x00007faddcc76000)
 Metaspace       used 24253K, capacity 24647K, committed 24832K, reserved 26624K
}
Event: 15795.652 GC heap after
{Heap after GC invocations=7576 (full 7):
 def new generation   total 13500224K, used 205948K [0x00007fa160600000, 0x00007fa4f3ea0000, 0x00007fa6b5b50000)
  eden space 12000256K,   0% used [0x00007fa160600000, 0x00007fa160600000, 0x00007fa43cd00000)
  from space 1499968K,  13% used [0x00007fa43cd00000, 0x00007fa44961f360, 0x00007fa4985d0000)
  to   space 1499968K,   0% used [0x00007fa4985d0000, 0x00007fa4985d0000, 0x00007fa4f3ea0000)
 tenured generation   total 30000280K, used 29993062K [0x00007fa6b5b50000, 0x00007faddcc76000, 0x00007fb160600000)
   the space 30000280K,  99% used [0x00007fa6b5b50000, 0x00007faddc5699e8, 0x00007faddc569a00, 0x00007faddcc76000)
 Metaspace       used 24253K, capacity 24647K, committed 24832K, reserved 26624K
}
Event: 15801.951 GC heap before
{Heap before GC invocations=7576 (full 7):
 def new generation   total 13500224K, used 12206204K [0x00007fa160600000, 0x00007fa4f3ea0000, 0x00007fa6b5b50000)
  eden space 12000256K, 100% used [0x00007fa160600000, 0x00007fa43cd00000, 0x00007fa43cd00000)
  from space 1499968K,  13% used [0x00007fa43cd00000, 0x00007fa44961f360, 0x00007fa4985d0000)
  to   space 1499968K,   0% used [0x00007fa4985d0000, 0x00007fa4985d0000, 0x00007fa4f3ea0000)
 tenured generation   total 30000280K, used 29993062K [0x00007fa6b5b50000, 0x00007faddcc76000, 0x00007fb160600000)
   the space 30000280K,  99% used [0x00007fa6b5b50000, 0x00007faddc5699e8, 0x00007faddc569a00, 0x00007faddcc76000)
 Metaspace       used 24253K, capacity 24647K, committed 24832K, reserved 26624K
}
Event: 15802.125 GC heap after
{Heap after GC invocations=7577 (full 7):
 def new generation   total 13500224K, used 212737K [0x00007fa160600000, 0x00007fa4f3ea0000, 0x00007fa6b5b50000)
  eden space 12000256K,   0% used [0x00007fa160600000, 0x00007fa160600000, 0x00007fa43cd00000)
  from space 1499968K,  14% used [0x00007fa4985d0000, 0x00007fa4a5590740, 0x00007fa4f3ea0000)
  to   space 1499968K,   0% used [0x00007fa43cd00000, 0x00007fa43cd00000, 0x00007fa4985d0000)
 tenured generation   total 30003544K, used 30003531K [0x00007fa6b5b50000, 0x00007faddcfa6000, 0x00007fb160600000)
   the space 30003544K,  99% used [0x00007fa6b5b50000, 0x00007faddcfa2c98, 0x00007faddcfa2e00, 0x00007faddcfa6000)
 Metaspace       used 24253K, capacity 24647K, committed 24832K, reserved 26624K
}
Event: 15802.125 GC heap before
{Heap before GC invocations=7577 (full 7):
 def new generation   total 13500224K, used 212737K [0x00007fa160600000, 0x00007fa4f3ea0000, 0x00007fa6b5b50000)
  eden space 12000256K,   0% used [0x00007fa160600000, 0x00007fa160600000, 0x00007fa43cd00000)
  from space 1499968K,  14% used [0x00007fa4985d0000, 0x00007fa4a5590740, 0x00007fa4f3ea0000)
  to   space 1499968K,   0% used [0x00007fa43cd00000, 0x00007fa43cd00000, 0x00007fa4985d0000)
 tenured generation   total 30003544K, used 30003531K [0x00007fa6b5b50000, 0x00007faddcfa6000, 0x00007fb160600000)
   the space 30003544K,  99% used [0x00007fa6b5b50000, 0x00007faddcfa2c98, 0x00007faddcfa2e00, 0x00007faddcfa6000)
 Metaspace       used 24253K, capacity 24647K, committed 24832K, reserved 26624K
}

