# JRE version: OpenJDK Runtime Environment (13.0.7+5) (build 13.0.7+5-Ubuntu-0ubuntu120.04)
# Java VM: OpenJDK 64-Bit Server VM (13.0.7+5-Ubuntu-0ubuntu120.04, mixed mode, tiered, serial gc, linux-amd64)
Heap:
 def new generation   total 1707904K, used 85787K [0x00007f64a4600000, 0x00007f6518330000, 0x00007f69f9b50000)
  eden space 1518144K,   5% used [0x00007f64a4600000, 0x00007f64a99c6e30, 0x00007f6501090000)
  from space 189760K,   0% used [0x00007f650c9e0000, 0x00007f650c9e0000, 0x00007f6518330000)
  to   space 189760K,   0% used [0x00007f6501090000, 0x00007f6501090000, 0x00007f650c9e0000)
 tenured generation   total 3811584K, used 3811115K [0x00007f69f9b50000, 0x00007f6ae2590000, 0x00007f74a4600000)
   the space 3811584K,  99% used [0x00007f69f9b50000, 0x00007f6ae251ace8, 0x00007f6ae251ae00, 0x00007f6ae2590000)
 Metaspace       used 24198K, capacity 24580K, committed 24832K, reserved 26624K
GC Heap History (20 events):
Event: 902.533 GC heap after
{Heap after GC invocations=1334 (full 5):
 def new generation   total 1707904K, used 84788K [0x00007f64a4600000, 0x00007f6518330000, 0x00007f69f9b50000)
  eden space 1518144K,   0% used [0x00007f64a4600000, 0x00007f64a4600000, 0x00007f6501090000)
  from space 189760K,  44% used [0x00007f6501090000, 0x00007f650635d120, 0x00007f650c9e0000)
  to   space 189760K,   0% used [0x00007f650c9e0000, 0x00007f650c9e0000, 0x00007f6518330000)
 tenured generation   total 3795196K, used 3740687K [0x00007f69f9b50000, 0x00007f6ae158f000, 0x00007f74a4600000)
   the space 3795196K,  98% used [0x00007f69f9b50000, 0x00007f6ade053d68, 0x00007f6ade053e00, 0x00007f6ae158f000)
 Metaspace       used 24198K, capacity 24580K, committed 24832K, reserved 26624K
}
Event: 903.788 GC heap before
{Heap before GC invocations=1334 (full 5):
 def new generation   total 1707904K, used 1602932K [0x00007f64a4600000, 0x00007f6518330000, 0x00007f69f9b50000)
  eden space 1518144K, 100% used [0x00007f64a4600000, 0x00007f6501090000, 0x00007f6501090000)
  from space 189760K,  44% used [0x00007f6501090000, 0x00007f650635d120, 0x00007f650c9e0000)
  to   space 189760K,   0% used [0x00007f650c9e0000, 0x00007f650c9e0000, 0x00007f6518330000)
 tenured generation   total 3795196K, used 3740687K [0x00007f69f9b50000, 0x00007f6ae158f000, 0x00007f74a4600000)
   the space 3795196K,  98% used [0x00007f69f9b50000, 0x00007f6ade053d68, 0x00007f6ade053e00, 0x00007f6ae158f000)
 Metaspace       used 24198K, capacity 24580K, committed 24832K, reserved 26624K
}
Event: 903.835 GC heap after
{Heap after GC invocations=1335 (full 5):
 def new generation   total 1707904K, used 96609K [0x00007f64a4600000, 0x00007f6518330000, 0x00007f69f9b50000)
  eden space 1518144K,   0% used [0x00007f64a4600000, 0x00007f64a4600000, 0x00007f6501090000)
  from space 189760K,  50% used [0x00007f650c9e0000, 0x00007f6512838508, 0x00007f6518330000)
  to   space 189760K,   0% used [0x00007f6501090000, 0x00007f6501090000, 0x00007f650c9e0000)
 tenured generation   total 3795196K, used 3740687K [0x00007f69f9b50000, 0x00007f6ae158f000, 0x00007f74a4600000)
   the space 3795196K,  98% used [0x00007f69f9b50000, 0x00007f6ade053d68, 0x00007f6ade053e00, 0x00007f6ae158f000)
 Metaspace       used 24198K, capacity 24580K, committed 24832K, reserved 26624K
}
Event: 904.892 GC heap before
{Heap before GC invocations=1335 (full 5):
 def new generation   total 1707904K, used 1614753K [0x00007f64a4600000, 0x00007f6518330000, 0x00007f69f9b50000)
  eden space 1518144K, 100% used [0x00007f64a4600000, 0x00007f6501090000, 0x00007f6501090000)
  from space 189760K,  50% used [0x00007f650c9e0000, 0x00007f6512838508, 0x00007f6518330000)
  to   space 189760K,   0% used [0x00007f6501090000, 0x00007f6501090000, 0x00007f650c9e0000)
 tenured generation   total 3795196K, used 3740687K [0x00007f69f9b50000, 0x00007f6ae158f000, 0x00007f74a4600000)
   the space 3795196K,  98% used [0x00007f69f9b50000, 0x00007f6ade053d68, 0x00007f6ade053e00, 0x00007f6ae158f000)
 Metaspace       used 24198K, capacity 24580K, committed 24832K, reserved 26624K
}
Event: 904.951 GC heap after
{Heap after GC invocations=1336 (full 5):
 def new generation   total 1707904K, used 85276K [0x00007f64a4600000, 0x00007f6518330000, 0x00007f69f9b50000)
  eden space 1518144K,   0% used [0x00007f64a4600000, 0x00007f64a4600000, 0x00007f6501090000)
  from space 189760K,  44% used [0x00007f6501090000, 0x00007f65063d7118, 0x00007f650c9e0000)
  to   space 189760K,   0% used [0x00007f650c9e0000, 0x00007f650c9e0000, 0x00007f6518330000)
 tenured generation   total 3795196K, used 3757645K [0x00007f69f9b50000, 0x00007f6ae158f000, 0x00007f74a4600000)
   the space 3795196K,  99% used [0x00007f69f9b50000, 0x00007f6adf0e37c0, 0x00007f6adf0e3800, 0x00007f6ae158f000)
 Metaspace       used 24198K, capacity 24580K, committed 24832K, reserved 26624K
}
Event: 906.115 GC heap before
{Heap before GC invocations=1336 (full 5):
 def new generation   total 1707904K, used 1603420K [0x00007f64a4600000, 0x00007f6518330000, 0x00007f69f9b50000)
  eden space 1518144K, 100% used [0x00007f64a4600000, 0x00007f6501090000, 0x00007f6501090000)
  from space 189760K,  44% used [0x00007f6501090000, 0x00007f65063d7118, 0x00007f650c9e0000)
  to   space 189760K,   0% used [0x00007f650c9e0000, 0x00007f650c9e0000, 0x00007f6518330000)
 tenured generation   total 3795196K, used 3757645K [0x00007f69f9b50000, 0x00007f6ae158f000, 0x00007f74a4600000)
   the space 3795196K,  99% used [0x00007f69f9b50000, 0x00007f6adf0e37c0, 0x00007f6adf0e3800, 0x00007f6ae158f000)
 Metaspace       used 24198K, capacity 24580K, committed 24832K, reserved 26624K
}
Event: 906.153 GC heap after
{Heap after GC invocations=1337 (full 5):
 def new generation   total 1707904K, used 94557K [0x00007f64a4600000, 0x00007f6518330000, 0x00007f69f9b50000)
  eden space 1518144K,   0% used [0x00007f64a4600000, 0x00007f64a4600000, 0x00007f6501090000)
  from space 189760K,  49% used [0x00007f650c9e0000, 0x00007f6512637628, 0x00007f6518330000)
  to   space 189760K,   0% used [0x00007f6501090000, 0x00007f6501090000, 0x00007f650c9e0000)
 tenured generation   total 3795196K, used 3757645K [0x00007f69f9b50000, 0x00007f6ae158f000, 0x00007f74a4600000)
   the space 3795196K,  99% used [0x00007f69f9b50000, 0x00007f6adf0e37c0, 0x00007f6adf0e3800, 0x00007f6ae158f000)
 Metaspace       used 24198K, capacity 24580K, committed 24832K, reserved 26624K
}
Event: 907.264 GC heap before
{Heap before GC invocations=1337 (full 5):
 def new generation   total 1707904K, used 1612701K [0x00007f64a4600000, 0x00007f6518330000, 0x00007f69f9b50000)
  eden space 1518144K, 100% used [0x00007f64a4600000, 0x00007f6501090000, 0x00007f6501090000)
  from space 189760K,  49% used [0x00007f650c9e0000, 0x00007f6512637628, 0x00007f6518330000)
  to   space 189760K,   0% used [0x00007f6501090000, 0x00007f6501090000, 0x00007f650c9e0000)
 tenured generation   total 3795196K, used 3757645K [0x00007f69f9b50000, 0x00007f6ae158f000, 0x00007f74a4600000)
   the space 3795196K,  99% used [0x00007f69f9b50000, 0x00007f6adf0e37c0, 0x00007f6adf0e3800, 0x00007f6ae158f000)
 Metaspace       used 24198K, capacity 24580K, committed 24832K, reserved 26624K
}
Event: 907.312 GC heap after
{Heap after GC invocations=1338 (full 5):
 def new generation   total 1707904K, used 101722K [0x00007f64a4600000, 0x00007f6518330000, 0x00007f69f9b50000)
  eden space 1518144K,   0% used [0x00007f64a4600000, 0x00007f64a4600000, 0x00007f6501090000)
  from space 189760K,  53% used [0x00007f6501090000, 0x00007f65073e6b30, 0x00007f650c9e0000)
  to   space 189760K,   0% used [0x00007f650c9e0000, 0x00007f650c9e0000, 0x00007f6518330000)
 tenured generation   total 3795196K, used 3757645K [0x00007f69f9b50000, 0x00007f6ae158f000, 0x00007f74a4600000)
   the space 3795196K,  99% used [0x00007f69f9b50000, 0x00007f6adf0e37c0, 0x00007f6adf0e3800, 0x00007f6ae158f000)
 Metaspace       used 24198K, capacity 24580K, committed 24832K, reserved 26624K
}
Event: 908.427 GC heap before
{Heap before GC invocations=1338 (full 5):
 def new generation   total 1707904K, used 1608524K [0x00007f64a4600000, 0x00007f6518330000, 0x00007f69f9b50000)
  eden space 1518144K,  99% used [0x00007f64a4600000, 0x00007f650057c8b8, 0x00007f6501090000)
  from space 189760K,  53% used [0x00007f6501090000, 0x00007f65073e6b30, 0x00007f650c9e0000)
  to   space 189760K,   0% used [0x00007f650c9e0000, 0x00007f650c9e0000, 0x00007f6518330000)
 tenured generation   total 3795196K, used 3757645K [0x00007f69f9b50000, 0x00007f6ae158f000, 0x00007f74a4600000)
   the space 3795196K,  99% used [0x00007f69f9b50000, 0x00007f6adf0e37c0, 0x00007f6adf0e3800, 0x00007f6ae158f000)
 Metaspace       used 24198K, capacity 24580K, committed 24832K, reserved 26624K
}
Event: 908.474 GC heap after
{Heap after GC invocations=1339 (full 5):
 def new generation   total 1707904K, used 92498K [0x00007f64a4600000, 0x00007f6518330000, 0x00007f69f9b50000)
  eden space 1518144K,   0% used [0x00007f64a4600000, 0x00007f64a4600000, 0x00007f6501090000)
  from space 189760K,  48% used [0x00007f650c9e0000, 0x00007f6512434b28, 0x00007f6518330000)
  to   space 189760K,   0% used [0x00007f6501090000, 0x00007f6501090000, 0x00007f650c9e0000)
 tenured generation   total 3795196K, used 3774604K [0x00007f69f9b50000, 0x00007f6ae158f000, 0x00007f74a4600000)
   the space 3795196K,  99% used [0x00007f69f9b50000, 0x00007f6ae0173218, 0x00007f6ae0173400, 0x00007f6ae158f000)
 Metaspace       used 24198K, capacity 24580K, committed 24832K, reserved 26624K
}
Event: 909.704 GC heap before
{Heap before GC invocations=1339 (full 5):
 def new generation   total 1707904K, used 1610642K [0x00007f64a4600000, 0x00007f6518330000, 0x00007f69f9b50000)
  eden space 1518144K, 100% used [0x00007f64a4600000, 0x00007f6501090000, 0x00007f6501090000)
  from space 189760K,  48% used [0x00007f650c9e0000, 0x00007f6512434b28, 0x00007f6518330000)
  to   space 189760K,   0% used [0x00007f6501090000, 0x00007f6501090000, 0x00007f650c9e0000)
 tenured generation   total 3795196K, used 3774604K [0x00007f69f9b50000, 0x00007f6ae158f000, 0x00007f74a4600000)
   the space 3795196K,  99% used [0x00007f69f9b50000, 0x00007f6ae0173218, 0x00007f6ae0173400, 0x00007f6ae158f000)
 Metaspace       used 24198K, capacity 24580K, committed 24832K, reserved 26624K
}
Event: 909.751 GC heap after
{Heap after GC invocations=1340 (full 5):
 def new generation   total 1707904K, used 102234K [0x00007f64a4600000, 0x00007f6518330000, 0x00007f69f9b50000)
  eden space 1518144K,   0% used [0x00007f64a4600000, 0x00007f64a4600000, 0x00007f6501090000)
  from space 189760K,  53% used [0x00007f6501090000, 0x00007f6507466b70, 0x00007f650c9e0000)
  to   space 189760K,   0% used [0x00007f650c9e0000, 0x00007f650c9e0000, 0x00007f6518330000)
 tenured generation   total 3795196K, used 3774604K [0x00007f69f9b50000, 0x00007f6ae158f000, 0x00007f74a4600000)
   the space 3795196K,  99% used [0x00007f69f9b50000, 0x00007f6ae0173218, 0x00007f6ae0173400, 0x00007f6ae158f000)
 Metaspace       used 24198K, capacity 24580K, committed 24832K, reserved 26624K
}
Event: 910.738 GC heap before
{Heap before GC invocations=1340 (full 5):
 def new generation   total 1707904K, used 1615365K [0x00007f64a4600000, 0x00007f6518330000, 0x00007f69f9b50000)
  eden space 1518144K,  99% used [0x00007f64a4600000, 0x00007f6500baa9e0, 0x00007f6501090000)
  from space 189760K,  53% used [0x00007f6501090000, 0x00007f6507466b70, 0x00007f650c9e0000)
  to   space 189760K,   0% used [0x00007f650c9e0000, 0x00007f650c9e0000, 0x00007f6518330000)
 tenured generation   total 3795196K, used 3774604K [0x00007f69f9b50000, 0x00007f6ae158f000, 0x00007f74a4600000)
   the space 3795196K,  99% used [0x00007f69f9b50000, 0x00007f6ae0173218, 0x00007f6ae0173400, 0x00007f6ae158f000)
 Metaspace       used 24198K, capacity 24580K, committed 24832K, reserved 26624K
}
Event: 910.788 GC heap after
{Heap after GC invocations=1341 (full 5):
 def new generation   total 1707904K, used 89422K [0x00007f64a4600000, 0x00007f6518330000, 0x00007f69f9b50000)
  eden space 1518144K,   0% used [0x00007f64a4600000, 0x00007f64a4600000, 0x00007f6501090000)
  from space 189760K,  47% used [0x00007f650c9e0000, 0x00007f6512133838, 0x00007f6518330000)
  to   space 189760K,   0% used [0x00007f6501090000, 0x00007f6501090000, 0x00007f650c9e0000)
 tenured generation   total 3795196K, used 3791563K [0x00007f69f9b50000, 0x00007f6ae158f000, 0x00007f74a4600000)
   the space 3795196K,  99% used [0x00007f69f9b50000, 0x00007f6ae1202dc0, 0x00007f6ae1202e00, 0x00007f6ae158f000)
 Metaspace       used 24198K, capacity 24580K, committed 24832K, reserved 26624K
}
Event: 912.005 GC heap before
{Heap before GC invocations=1341 (full 5):
 def new generation   total 1707904K, used 1607566K [0x00007f64a4600000, 0x00007f6518330000, 0x00007f69f9b50000)
  eden space 1518144K, 100% used [0x00007f64a4600000, 0x00007f6501090000, 0x00007f6501090000)
  from space 189760K,  47% used [0x00007f650c9e0000, 0x00007f6512133838, 0x00007f6518330000)
  to   space 189760K,   0% used [0x00007f6501090000, 0x00007f6501090000, 0x00007f650c9e0000)
 tenured generation   total 3795196K, used 3791563K [0x00007f69f9b50000, 0x00007f6ae158f000, 0x00007f74a4600000)
   the space 3795196K,  99% used [0x00007f69f9b50000, 0x00007f6ae1202dc0, 0x00007f6ae1202e00, 0x00007f6ae158f000)
 Metaspace       used 24198K, capacity 24580K, committed 24832K, reserved 26624K
}
Event: 912.046 GC heap after
{Heap after GC invocations=1342 (full 5):
 def new generation   total 1707904K, used 99687K [0x00007f64a4600000, 0x00007f6518330000, 0x00007f69f9b50000)
  eden space 1518144K,   0% used [0x00007f64a4600000, 0x00007f64a4600000, 0x00007f6501090000)
  from space 189760K,  52% used [0x00007f6501090000, 0x00007f65071e9eb8, 0x00007f650c9e0000)
  to   space 189760K,   0% used [0x00007f650c9e0000, 0x00007f650c9e0000, 0x00007f6518330000)
 tenured generation   total 3795196K, used 3791563K [0x00007f69f9b50000, 0x00007f6ae158f000, 0x00007f74a4600000)
   the space 3795196K,  99% used [0x00007f69f9b50000, 0x00007f6ae1202dc0, 0x00007f6ae1202e00, 0x00007f6ae158f000)
 Metaspace       used 24198K, capacity 24580K, committed 24832K, reserved 26624K
}
Event: 913.070 GC heap before
{Heap before GC invocations=1342 (full 5):
 def new generation   total 1707904K, used 1617831K [0x00007f64a4600000, 0x00007f6518330000, 0x00007f69f9b50000)
  eden space 1518144K, 100% used [0x00007f64a4600000, 0x00007f6501090000, 0x00007f6501090000)
  from space 189760K,  52% used [0x00007f6501090000, 0x00007f65071e9eb8, 0x00007f650c9e0000)
  to   space 189760K,   0% used [0x00007f650c9e0000, 0x00007f650c9e0000, 0x00007f6518330000)
 tenured generation   total 3795196K, used 3791563K [0x00007f69f9b50000, 0x00007f6ae158f000, 0x00007f74a4600000)
   the space 3795196K,  99% used [0x00007f69f9b50000, 0x00007f6ae1202dc0, 0x00007f6ae1202e00, 0x00007f6ae158f000)
 Metaspace       used 24198K, capacity 24580K, committed 24832K, reserved 26624K
}
Event: 913.116 GC heap after
{Heap after GC invocations=1343 (full 5):
 def new generation   total 1707904K, used 88380K [0x00007f64a4600000, 0x00007f6518330000, 0x00007f69f9b50000)
  eden space 1518144K,   0% used [0x00007f64a4600000, 0x00007f64a4600000, 0x00007f6501090000)
  from space 189760K,  46% used [0x00007f650c9e0000, 0x00007f651202f300, 0x00007f6518330000)
  to   space 189760K,   0% used [0x00007f6501090000, 0x00007f6501090000, 0x00007f650c9e0000)
 tenured generation   total 3811584K, used 3808522K [0x00007f69f9b50000, 0x00007f6ae2590000, 0x00007f74a4600000)
   the space 3811584K,  99% used [0x00007f69f9b50000, 0x00007f6ae2292818, 0x00007f6ae2292a00, 0x00007f6ae2590000)
 Metaspace       used 24198K, capacity 24580K, committed 24832K, reserved 26624K
}
Event: 913.116 GC heap before
{Heap before GC invocations=1343 (full 5):
 def new generation   total 1707904K, used 88380K [0x00007f64a4600000, 0x00007f6518330000, 0x00007f69f9b50000)
  eden space 1518144K,   0% used [0x00007f64a4600000, 0x00007f64a4600000, 0x00007f6501090000)
  from space 189760K,  46% used [0x00007f650c9e0000, 0x00007f651202f300, 0x00007f6518330000)
  to   space 189760K,   0% used [0x00007f6501090000, 0x00007f6501090000, 0x00007f650c9e0000)
 tenured generation   total 3811584K, used 3808522K [0x00007f69f9b50000, 0x00007f6ae2590000, 0x00007f74a4600000)
   the space 3811584K,  99% used [0x00007f69f9b50000, 0x00007f6ae2292818, 0x00007f6ae2292a00, 0x00007f6ae2590000)
 Metaspace       used 24198K, capacity 24580K, committed 24832K, reserved 26624K
}

