# JRE version: OpenJDK Runtime Environment (13.0.7+5) (build 13.0.7+5-Ubuntu-0ubuntu120.04)
# Java VM: OpenJDK 64-Bit Server VM (13.0.7+5-Ubuntu-0ubuntu120.04, mixed mode, tiered, serial gc, linux-amd64)
Heap:
 def new generation   total 3823040K, used 3212415K [0x00007f80bc600000, 0x00007f81bfa40000, 0x00007f8611b50000)
  eden space 3398272K,  94% used [0x00007f80bc600000, 0x00007f818071f9f8, 0x00007f818bca0000)
  from space 424768K,   0% used [0x00007f81a5b70000, 0x00007f81a5b70290, 0x00007f81bfa40000)
  to   space 424768K,   0% used [0x00007f818bca0000, 0x00007f818bca00a8, 0x00007f81a5b70000)
 tenured generation   total 8495596K, used 6300612K [0x00007f8611b50000, 0x00007f88183cb000, 0x00007f90bc600000)
   the space 8495596K,  74% used [0x00007f8611b50000, 0x00007f87924411d0, 0x00007f8792441200, 0x00007f88183cb000)
 Metaspace       used 23222K, capacity 23597K, committed 23808K, reserved 24576K
GC Heap History (20 events):
Event: 5.970 GC heap after
{Heap after GC invocations=2 (full 1):
 def new generation   total 629248K, used 50606K [0x00007f80bc600000, 0x00007f80e70c0000, 0x00007f8611b50000)
  eden space 559360K,   0% used [0x00007f80bc600000, 0x00007f80bc600000, 0x00007f80de840000)
  from space 69888K,  72% used [0x00007f80e2c80000, 0x00007f80e5debaf0, 0x00007f80e70c0000)
  to   space 69888K,   0% used [0x00007f80de840000, 0x00007f80de840000, 0x00007f80e2c80000)
 tenured generation   total 1398144K, used 13585K [0x00007f8611b50000, 0x00007f86670b0000, 0x00007f90bc600000)
   the space 1398144K,   0% used [0x00007f8611b50000, 0x00007f8612894798, 0x00007f8612894800, 0x00007f86670b0000)
 Metaspace       used 23219K, capacity 23597K, committed 23808K, reserved 24576K
}
Event: 5.970 GC heap before
{Heap before GC invocations=2 (full 1):
 def new generation   total 629248K, used 50606K [0x00007f80bc600000, 0x00007f80e70c0000, 0x00007f8611b50000)
  eden space 559360K,   0% used [0x00007f80bc600000, 0x00007f80bc600000, 0x00007f80de840000)
  from space 69888K,  72% used [0x00007f80e2c80000, 0x00007f80e5debaf0, 0x00007f80e70c0000)
  to   space 69888K,   0% used [0x00007f80de840000, 0x00007f80de840000, 0x00007f80e2c80000)
 tenured generation   total 1398144K, used 13585K [0x00007f8611b50000, 0x00007f86670b0000, 0x00007f90bc600000)
   the space 1398144K,   0% used [0x00007f8611b50000, 0x00007f8612894798, 0x00007f8612894800, 0x00007f86670b0000)
 Metaspace       used 23219K, capacity 23597K, committed 23808K, reserved 24576K
}
Event: 6.028 GC heap after
{Heap after GC invocations=2 (full 2):
 def new generation   total 629248K, used 0K [0x00007f80bc600000, 0x00007f80e70c0000, 0x00007f8611b50000)
  eden space 559360K,   0% used [0x00007f80bc600000, 0x00007f80bc600000, 0x00007f80de840000)
  from space 69888K,   0% used [0x00007f80e2c80000, 0x00007f80e2c80000, 0x00007f80e70c0000)
  to   space 69888K,   0% used [0x00007f80de840000, 0x00007f80de840000, 0x00007f80e2c80000)
 tenured generation   total 1398144K, used 64187K [0x00007f8611b50000, 0x00007f86670b0000, 0x00007f90bc600000)
   the space 1398144K,   4% used [0x00007f8611b50000, 0x00007f86159fedd8, 0x00007f86159fee00, 0x00007f86670b0000)
 Metaspace       used 23219K, capacity 23597K, committed 23808K, reserved 24576K
}
Event: 9.996 GC heap before
{Heap before GC invocations=2 (full 2):
 def new generation   total 629248K, used 22374K [0x00007f80bc600000, 0x00007f80e70c0000, 0x00007f8611b50000)
  eden space 559360K,   4% used [0x00007f80bc600000, 0x00007f80bdbd99c8, 0x00007f80de840000)
  from space 69888K,   0% used [0x00007f80e2c80000, 0x00007f80e2c80000, 0x00007f80e70c0000)
  to   space 69888K,   0% used [0x00007f80de840000, 0x00007f80de840000, 0x00007f80e2c80000)
 tenured generation   total 4543876K, used 3209915K [0x00007f8611b50000, 0x00007f87270b1000, 0x00007f90bc600000)
   the space 4543876K,  70% used [0x00007f8611b50000, 0x00007f86d59fedf0, 0x00007f86d59fee00, 0x00007f87270b1000)
 Metaspace       used 23222K, capacity 23597K, committed 23808K, reserved 24576K
}
Event: 10.002 GC heap after
{Heap after GC invocations=3 (full 2):
 def new generation   total 629248K, used 0K [0x00007f80bc600000, 0x00007f80e70c0000, 0x00007f8611b50000)
  eden space 559360K,   0% used [0x00007f80bc600000, 0x00007f80bc600000, 0x00007f80de840000)
  from space 69888K,   0% used [0x00007f80de840000, 0x00007f80de840268, 0x00007f80e2c80000)
  to   space 69888K,   0% used [0x00007f80e2c80000, 0x00007f80e2c80000, 0x00007f80e70c0000)
 tenured generation   total 4543876K, used 3209915K [0x00007f8611b50000, 0x00007f87270b1000, 0x00007f90bc600000)
   the space 4543876K,  70% used [0x00007f8611b50000, 0x00007f86d59fedf0, 0x00007f86d59fee00, 0x00007f87270b1000)
 Metaspace       used 23222K, capacity 23597K, committed 23808K, reserved 24576K
}
Event: 10.002 GC heap before
{Heap before GC invocations=3 (full 2):
 def new generation   total 629248K, used 0K [0x00007f80bc600000, 0x00007f80e70c0000, 0x00007f8611b50000)
  eden space 559360K,   0% used [0x00007f80bc600000, 0x00007f80bc600000, 0x00007f80de840000)
  from space 69888K,   0% used [0x00007f80de840000, 0x00007f80de840268, 0x00007f80e2c80000)
  to   space 69888K,   0% used [0x00007f80e2c80000, 0x00007f80e2c80000, 0x00007f80e70c0000)
 tenured generation   total 4543876K, used 3209915K [0x00007f8611b50000, 0x00007f87270b1000, 0x00007f90bc600000)
   the space 4543876K,  70% used [0x00007f8611b50000, 0x00007f86d59fedf0, 0x00007f86d59fee00, 0x00007f87270b1000)
 Metaspace       used 23222K, capacity 23597K, committed 23808K, reserved 24576K
}
Event: 10.052 GC heap after
{Heap after GC invocations=3 (full 3):
 def new generation   total 2407488K, used 0K [0x00007f80bc600000, 0x00007f815fa40000, 0x00007f8611b50000)
  eden space 2140032K,   0% used [0x00007f80bc600000, 0x00007f80bc600000, 0x00007f813efe0000)
  from space 267456K,   0% used [0x00007f813efe0000, 0x00007f813efe0000, 0x00007f814f510000)
  to   space 267456K,   0% used [0x00007f814f510000, 0x00007f814f510000, 0x00007f815fa40000)
 tenured generation   total 5349864K, used 3209916K [0x00007f8611b50000, 0x00007f87583ca000, 0x00007f90bc600000)
   the space 5349864K,  59% used [0x00007f8611b50000, 0x00007f86d59ff058, 0x00007f86d59ff200, 0x00007f87583ca000)
 Metaspace       used 23222K, capacity 23597K, committed 23808K, reserved 24576K
}
Event: 13.851 GC heap before
{Heap before GC invocations=3 (full 3):
 def new generation   total 2407488K, used 1615664K [0x00007f80bc600000, 0x00007f815fa40000, 0x00007f8611b50000)
  eden space 2140032K,  75% used [0x00007f80bc600000, 0x00007f811efcc2b0, 0x00007f813efe0000)
  from space 267456K,   0% used [0x00007f813efe0000, 0x00007f813efe0000, 0x00007f814f510000)
  to   space 267456K,   0% used [0x00007f814f510000, 0x00007f814f510000, 0x00007f815fa40000)
 tenured generation   total 5349864K, used 3209916K [0x00007f8611b50000, 0x00007f87583ca000, 0x00007f90bc600000)
   the space 5349864K,  59% used [0x00007f8611b50000, 0x00007f86d59ff058, 0x00007f86d59ff200, 0x00007f87583ca000)
 Metaspace       used 23222K, capacity 23597K, committed 23808K, reserved 24576K
}
Event: 15.669 GC heap after
{Heap after GC invocations=4 (full 3):
 def new generation   total 2407488K, used 0K [0x00007f80bc600000, 0x00007f815fa40000, 0x00007f8611b50000)
  eden space 2140032K,   0% used [0x00007f80bc600000, 0x00007f80bc600000, 0x00007f813efe0000)
  from space 267456K,   0% used [0x00007f814f510000, 0x00007f814f5100b8, 0x00007f815fa40000)
  to   space 267456K,   0% used [0x00007f813efe0000, 0x00007f813efe0000, 0x00007f814f510000)
 tenured generation   total 5349864K, used 4782780K [0x00007f8611b50000, 0x00007f87583ca000, 0x00007f90bc600000)
   the space 5349864K,  89% used [0x00007f8611b50000, 0x00007f87359ff070, 0x00007f87359ff200, 0x00007f87583ca000)
 Metaspace       used 23222K, capacity 23597K, committed 23808K, reserved 24576K
}
Event: 16.986 GC heap before
{Heap before GC invocations=4 (full 3):
 def new generation   total 2407488K, used 1615098K [0x00007f80bc600000, 0x00007f815fa40000, 0x00007f8611b50000)
  eden space 2140032K,  75% used [0x00007f80bc600000, 0x00007f811ef3e748, 0x00007f813efe0000)
  from space 267456K,   0% used [0x00007f814f510000, 0x00007f814f5100b8, 0x00007f815fa40000)
  to   space 267456K,   0% used [0x00007f813efe0000, 0x00007f813efe0000, 0x00007f814f510000)
 tenured generation   total 5349864K, used 4782780K [0x00007f8611b50000, 0x00007f87583ca000, 0x00007f90bc600000)
   the space 5349864K,  89% used [0x00007f8611b50000, 0x00007f87359ff070, 0x00007f87359ff200, 0x00007f87583ca000)
 Metaspace       used 23222K, capacity 23597K, committed 23808K, reserved 24576K
}
Event: 18.676 GC heap after
{Heap after GC invocations=5 (full 3):
 def new generation   total 2407488K, used 0K [0x00007f80bc600000, 0x00007f815fa40000, 0x00007f8611b50000)
  eden space 2140032K,   0% used [0x00007f80bc600000, 0x00007f80bc600000, 0x00007f813efe0000)
  from space 267456K,   0% used [0x00007f813efe0000, 0x00007f813efe0348, 0x00007f814f510000)
  to   space 267456K,   0% used [0x00007f814f510000, 0x00007f814f510000, 0x00007f815fa40000)
 tenured generation   total 6922732K, used 6355644K [0x00007f8611b50000, 0x00007f87b83cb000, 0x00007f90bc600000)
   the space 6922732K,  91% used [0x00007f8611b50000, 0x00007f87959ff088, 0x00007f87959ff200, 0x00007f87b83cb000)
 Metaspace       used 23222K, capacity 23597K, committed 23808K, reserved 24576K
}
Event: 18.676 GC heap before
{Heap before GC invocations=5 (full 3):
 def new generation   total 2407488K, used 0K [0x00007f80bc600000, 0x00007f815fa40000, 0x00007f8611b50000)
  eden space 2140032K,   0% used [0x00007f80bc600000, 0x00007f80bc600000, 0x00007f813efe0000)
  from space 267456K,   0% used [0x00007f813efe0000, 0x00007f813efe0348, 0x00007f814f510000)
  to   space 267456K,   0% used [0x00007f814f510000, 0x00007f814f510000, 0x00007f815fa40000)
 tenured generation   total 6922732K, used 6355644K [0x00007f8611b50000, 0x00007f87b83cb000, 0x00007f90bc600000)
   the space 6922732K,  91% used [0x00007f8611b50000, 0x00007f87959ff088, 0x00007f87959ff200, 0x00007f87b83cb000)
 Metaspace       used 23222K, capacity 23597K, committed 23808K, reserved 24576K
}
Event: 20.461 GC heap after
{Heap after GC invocations=5 (full 4):
 def new generation   total 2407488K, used 0K [0x00007f80bc600000, 0x00007f815fa40000, 0x00007f8611b50000)
  eden space 2140032K,   0% used [0x00007f80bc600000, 0x00007f80bc600000, 0x00007f813efe0000)
  from space 267456K,   0% used [0x00007f813efe0000, 0x00007f813efe0000, 0x00007f814f510000)
  to   space 267456K,   0% used [0x00007f814f510000, 0x00007f814f510000, 0x00007f815fa40000)
 tenured generation   total 5349864K, used 3154884K [0x00007f8611b50000, 0x00007f87583ca000, 0x00007f90bc600000)
   the space 5349864K,  58% used [0x00007f8611b50000, 0x00007f86d2441358, 0x00007f86d2441400, 0x00007f87583ca000)
 Metaspace       used 23222K, capacity 23597K, committed 23808K, reserved 24576K
}
Event: 24.791 GC heap before
{Heap before GC invocations=5 (full 4):
 def new generation   total 2407488K, used 42040K [0x00007f80bc600000, 0x00007f815fa40000, 0x00007f8611b50000)
  eden space 2140032K,   1% used [0x00007f80bc600000, 0x00007f80bef0e1d0, 0x00007f813efe0000)
  from space 267456K,   0% used [0x00007f813efe0000, 0x00007f813efe0000, 0x00007f814f510000)
  to   space 267456K,   0% used [0x00007f814f510000, 0x00007f814f510000, 0x00007f815fa40000)
 tenured generation   total 8495596K, used 6300612K [0x00007f8611b50000, 0x00007f88183cb000, 0x00007f90bc600000)
   the space 8495596K,  74% used [0x00007f8611b50000, 0x00007f8792441370, 0x00007f8792441400, 0x00007f88183cb000)
 Metaspace       used 23222K, capacity 23597K, committed 23808K, reserved 24576K
}
Event: 24.800 GC heap after
{Heap after GC invocations=6 (full 4):
 def new generation   total 2407488K, used 0K [0x00007f80bc600000, 0x00007f815fa40000, 0x00007f8611b50000)
  eden space 2140032K,   0% used [0x00007f80bc600000, 0x00007f80bc600000, 0x00007f813efe0000)
  from space 267456K,   0% used [0x00007f814f510000, 0x00007f814f5100b0, 0x00007f815fa40000)
  to   space 267456K,   0% used [0x00007f813efe0000, 0x00007f813efe0000, 0x00007f814f510000)
 tenured generation   total 8495596K, used 6300612K [0x00007f8611b50000, 0x00007f88183cb000, 0x00007f90bc600000)
   the space 8495596K,  74% used [0x00007f8611b50000, 0x00007f8792441370, 0x00007f8792441400, 0x00007f88183cb000)
 Metaspace       used 23222K, capacity 23597K, committed 23808K, reserved 24576K
}
Event: 24.800 GC heap before
{Heap before GC invocations=6 (full 4):
 def new generation   total 2407488K, used 0K [0x00007f80bc600000, 0x00007f815fa40000, 0x00007f8611b50000)
  eden space 2140032K,   0% used [0x00007f80bc600000, 0x00007f80bc600000, 0x00007f813efe0000)
  from space 267456K,   0% used [0x00007f814f510000, 0x00007f814f5100b0, 0x00007f815fa40000)
  to   space 267456K,   0% used [0x00007f813efe0000, 0x00007f813efe0000, 0x00007f814f510000)
 tenured generation   total 8495596K, used 6300612K [0x00007f8611b50000, 0x00007f88183cb000, 0x00007f90bc600000)
   the space 8495596K,  74% used [0x00007f8611b50000, 0x00007f8792441370, 0x00007f8792441400, 0x00007f88183cb000)
 Metaspace       used 23222K, capacity 23597K, committed 23808K, reserved 24576K
}
Event: 26.595 GC heap after
{Heap after GC invocations=6 (full 5):
 def new generation   total 3823040K, used 0K [0x00007f80bc600000, 0x00007f81bfa40000, 0x00007f8611b50000)
  eden space 3398272K,   0% used [0x00007f80bc600000, 0x00007f80bc600000, 0x00007f818bca0000)
  from space 424768K,   0% used [0x00007f818bca0000, 0x00007f818bca0000, 0x00007f81a5b70000)
  to   space 424768K,   0% used [0x00007f81a5b70000, 0x00007f81a5b70000, 0x00007f81bfa40000)
 tenured generation   total 8495596K, used 3154884K [0x00007f8611b50000, 0x00007f88183cb000, 0x00007f90bc600000)
   the space 8495596K,  37% used [0x00007f8611b50000, 0x00007f86d24411b8, 0x00007f86d2441200, 0x00007f88183cb000)
 Metaspace       used 23222K, capacity 23597K, committed 23808K, reserved 24576K
}
Event: 29.497 GC heap before
{Heap before GC invocations=6 (full 5):
 def new generation   total 3823040K, used 3212486K [0x00007f80bc600000, 0x00007f81bfa40000, 0x00007f8611b50000)
  eden space 3398272K,  94% used [0x00007f80bc600000, 0x00007f8180731958, 0x00007f818bca0000)
  from space 424768K,   0% used [0x00007f818bca0000, 0x00007f818bca0000, 0x00007f81a5b70000)
  to   space 424768K,   0% used [0x00007f81a5b70000, 0x00007f81a5b70000, 0x00007f81bfa40000)
 tenured generation   total 8495596K, used 3154884K [0x00007f8611b50000, 0x00007f88183cb000, 0x00007f90bc600000)
   the space 8495596K,  37% used [0x00007f8611b50000, 0x00007f86d24411b8, 0x00007f86d2441200, 0x00007f88183cb000)
 Metaspace       used 23222K, capacity 23597K, committed 23808K, reserved 24576K
}
Event: 30.581 GC heap after
{Heap after GC invocations=7 (full 5):
 def new generation   total 3823040K, used 0K [0x00007f80bc600000, 0x00007f81bfa40000, 0x00007f8611b50000)
  eden space 3398272K,   0% used [0x00007f80bc600000, 0x00007f80bc600000, 0x00007f818bca0000)
  from space 424768K,   0% used [0x00007f81a5b70000, 0x00007f81a5b70290, 0x00007f81bfa40000)
  to   space 424768K,   0% used [0x00007f818bca0000, 0x00007f818bca0000, 0x00007f81a5b70000)
 tenured generation   total 8495596K, used 6300612K [0x00007f8611b50000, 0x00007f88183cb000, 0x00007f90bc600000)
   the space 8495596K,  74% used [0x00007f8611b50000, 0x00007f87924411d0, 0x00007f8792441200, 0x00007f88183cb000)
 Metaspace       used 23222K, capacity 23597K, committed 23808K, reserved 24576K
}
Event: 33.387 GC heap before
{Heap before GC invocations=7 (full 5):
 def new generation   total 3823040K, used 3212415K [0x00007f80bc600000, 0x00007f81bfa40000, 0x00007f8611b50000)
  eden space 3398272K,  94% used [0x00007f80bc600000, 0x00007f818071f9f8, 0x00007f818bca0000)
  from space 424768K,   0% used [0x00007f81a5b70000, 0x00007f81a5b70290, 0x00007f81bfa40000)
  to   space 424768K,   0% used [0x00007f818bca0000, 0x00007f818bca0000, 0x00007f81a5b70000)
 tenured generation   total 8495596K, used 6300612K [0x00007f8611b50000, 0x00007f88183cb000, 0x00007f90bc600000)
   the space 8495596K,  74% used [0x00007f8611b50000, 0x00007f87924411d0, 0x00007f8792441200, 0x00007f88183cb000)
 Metaspace       used 23222K, capacity 23597K, committed 23808K, reserved 24576K
}

