# JRE version: OpenJDK Runtime Environment (13.0.7+5) (build 13.0.7+5-Ubuntu-0ubuntu120.04)
# Java VM: OpenJDK 64-Bit Server VM (13.0.7+5-Ubuntu-0ubuntu120.04, mixed mode, tiered, serial gc, linux-amd64)
Heap:
 def new generation   total 629248K, used 0K [0x00007f28dc600000, 0x00007f29070c0000, 0x00007f2e31b50000)
  eden space 559360K,   0% used [0x00007f28dc600000, 0x00007f28dc600000, 0x00007f28fe840000)
  from space 69888K,   0% used [0x00007f28fe840000, 0x00007f28fe840000, 0x00007f2902c80000)
  to   space 69888K,   0% used [0x00007f2902c80000, 0x00007f2902c80000, 0x00007f29070c0000)
 tenured generation   total 14024312K, used 8414585K [0x00007f2e31b50000, 0x00007f3189aee000, 0x00007f38dc600000)
   the space 14024312K,  59% used [0x00007f2e31b50000, 0x00007f30334ae4d0, 0x00007f30334ae600, 0x00007f3189aee000)
 Metaspace       used 23535K, capacity 23909K, committed 24064K, reserved 24576K
GC Heap History (20 events):
Event: 83.243 GC heap after
{Heap after GC invocations=223 (full 3):
 def new generation   total 629248K, used 3908K [0x00007f28dc600000, 0x00007f29070c0000, 0x00007f2e31b50000)
  eden space 559360K,   0% used [0x00007f28dc600000, 0x00007f28dc600000, 0x00007f28fe840000)
  from space 69888K,   5% used [0x00007f28fe840000, 0x00007f28fec11138, 0x00007f2902c80000)
  to   space 69888K,   0% used [0x00007f2902c80000, 0x00007f2902c80000, 0x00007f29070c0000)
 tenured generation   total 1398144K, used 309555K [0x00007f2e31b50000, 0x00007f2e870b0000, 0x00007f38dc600000)
   the space 1398144K,  22% used [0x00007f2e31b50000, 0x00007f2e4499cef0, 0x00007f2e4499d000, 0x00007f2e870b0000)
 Metaspace       used 23512K, capacity 23904K, committed 24064K, reserved 24576K
}
Event: 83.452 GC heap before
{Heap before GC invocations=223 (full 3):
 def new generation   total 629248K, used 563268K [0x00007f28dc600000, 0x00007f29070c0000, 0x00007f2e31b50000)
  eden space 559360K, 100% used [0x00007f28dc600000, 0x00007f28fe840000, 0x00007f28fe840000)
  from space 69888K,   5% used [0x00007f28fe840000, 0x00007f28fec11138, 0x00007f2902c80000)
  to   space 69888K,   0% used [0x00007f2902c80000, 0x00007f2902c80000, 0x00007f29070c0000)
 tenured generation   total 1398144K, used 309555K [0x00007f2e31b50000, 0x00007f2e870b0000, 0x00007f38dc600000)
   the space 1398144K,  22% used [0x00007f2e31b50000, 0x00007f2e4499cef0, 0x00007f2e4499d000, 0x00007f2e870b0000)
 Metaspace       used 23512K, capacity 23904K, committed 24064K, reserved 24576K
}
Event: 83.454 GC heap after
{Heap after GC invocations=224 (full 3):
 def new generation   total 629248K, used 4417K [0x00007f28dc600000, 0x00007f29070c0000, 0x00007f2e31b50000)
  eden space 559360K,   0% used [0x00007f28dc600000, 0x00007f28dc600000, 0x00007f28fe840000)
  from space 69888K,   6% used [0x00007f2902c80000, 0x00007f29030d0778, 0x00007f29070c0000)
  to   space 69888K,   0% used [0x00007f28fe840000, 0x00007f28fe840000, 0x00007f2902c80000)
 tenured generation   total 1398144K, used 309555K [0x00007f2e31b50000, 0x00007f2e870b0000, 0x00007f38dc600000)
   the space 1398144K,  22% used [0x00007f2e31b50000, 0x00007f2e4499cef0, 0x00007f2e4499d000, 0x00007f2e870b0000)
 Metaspace       used 23512K, capacity 23904K, committed 24064K, reserved 24576K
}
Event: 83.651 GC heap before
{Heap before GC invocations=224 (full 3):
 def new generation   total 629248K, used 563777K [0x00007f28dc600000, 0x00007f29070c0000, 0x00007f2e31b50000)
  eden space 559360K, 100% used [0x00007f28dc600000, 0x00007f28fe840000, 0x00007f28fe840000)
  from space 69888K,   6% used [0x00007f2902c80000, 0x00007f29030d0778, 0x00007f29070c0000)
  to   space 69888K,   0% used [0x00007f28fe840000, 0x00007f28fe840000, 0x00007f2902c80000)
 tenured generation   total 1398144K, used 309555K [0x00007f2e31b50000, 0x00007f2e870b0000, 0x00007f38dc600000)
   the space 1398144K,  22% used [0x00007f2e31b50000, 0x00007f2e4499cef0, 0x00007f2e4499d000, 0x00007f2e870b0000)
 Metaspace       used 23512K, capacity 23904K, committed 24064K, reserved 24576K
}
Event: 83.653 GC heap after
{Heap after GC invocations=225 (full 3):
 def new generation   total 629248K, used 4932K [0x00007f28dc600000, 0x00007f29070c0000, 0x00007f2e31b50000)
  eden space 559360K,   0% used [0x00007f28dc600000, 0x00007f28dc600000, 0x00007f28fe840000)
  from space 69888K,   7% used [0x00007f28fe840000, 0x00007f28fed11230, 0x00007f2902c80000)
  to   space 69888K,   0% used [0x00007f2902c80000, 0x00007f2902c80000, 0x00007f29070c0000)
 tenured generation   total 1398144K, used 309555K [0x00007f2e31b50000, 0x00007f2e870b0000, 0x00007f38dc600000)
   the space 1398144K,  22% used [0x00007f2e31b50000, 0x00007f2e4499cef0, 0x00007f2e4499d000, 0x00007f2e870b0000)
 Metaspace       used 23512K, capacity 23904K, committed 24064K, reserved 24576K
}
Event: 83.919 GC heap before
{Heap before GC invocations=225 (full 3):
 def new generation   total 629248K, used 518608K [0x00007f28dc600000, 0x00007f29070c0000, 0x00007f2e31b50000)
  eden space 559360K,  91% used [0x00007f28dc600000, 0x00007f28fbba2df8, 0x00007f28fe840000)
  from space 69888K,   7% used [0x00007f28fe840000, 0x00007f28fed11230, 0x00007f2902c80000)
  to   space 69888K,   0% used [0x00007f2902c80000, 0x00007f2902c80000, 0x00007f29070c0000)
 tenured generation   total 1398144K, used 309555K [0x00007f2e31b50000, 0x00007f2e870b0000, 0x00007f38dc600000)
   the space 1398144K,  22% used [0x00007f2e31b50000, 0x00007f2e4499cef0, 0x00007f2e4499d000, 0x00007f2e870b0000)
 Metaspace       used 23512K, capacity 23904K, committed 24064K, reserved 24576K
}
Event: 83.947 GC heap after
{Heap after GC invocations=226 (full 3):
 def new generation   total 629248K, used 5187K [0x00007f28dc600000, 0x00007f29070c0000, 0x00007f2e31b50000)
  eden space 559360K,   0% used [0x00007f28dc600000, 0x00007f28dc600000, 0x00007f28fe840000)
  from space 69888K,   7% used [0x00007f2902c80000, 0x00007f2903190e98, 0x00007f29070c0000)
  to   space 69888K,   0% used [0x00007f28fe840000, 0x00007f28fe840000, 0x00007f2902c80000)
 tenured generation   total 1398144K, used 440627K [0x00007f2e31b50000, 0x00007f2e870b0000, 0x00007f38dc600000)
   the space 1398144K,  31% used [0x00007f2e31b50000, 0x00007f2e4c99cf08, 0x00007f2e4c99d000, 0x00007f2e870b0000)
 Metaspace       used 23512K, capacity 23904K, committed 24064K, reserved 24576K
}
Event: 84.247 GC heap before
{Heap before GC invocations=226 (full 3):
 def new generation   total 629248K, used 564547K [0x00007f28dc600000, 0x00007f29070c0000, 0x00007f2e31b50000)
  eden space 559360K, 100% used [0x00007f28dc600000, 0x00007f28fe840000, 0x00007f28fe840000)
  from space 69888K,   7% used [0x00007f2902c80000, 0x00007f2903190e98, 0x00007f29070c0000)
  to   space 69888K,   0% used [0x00007f28fe840000, 0x00007f28fe840000, 0x00007f2902c80000)
 tenured generation   total 1398144K, used 440627K [0x00007f2e31b50000, 0x00007f2e870b0000, 0x00007f38dc600000)
   the space 1398144K,  31% used [0x00007f2e31b50000, 0x00007f2e4c99cf08, 0x00007f2e4c99d000, 0x00007f2e870b0000)
 Metaspace       used 23519K, capacity 23905K, committed 24064K, reserved 24576K
}
Event: 84.250 GC heap after
{Heap after GC invocations=227 (full 3):
 def new generation   total 629248K, used 5547K [0x00007f28dc600000, 0x00007f29070c0000, 0x00007f2e31b50000)
  eden space 559360K,   0% used [0x00007f28dc600000, 0x00007f28dc600000, 0x00007f28fe840000)
  from space 69888K,   7% used [0x00007f28fe840000, 0x00007f28fedaaee8, 0x00007f2902c80000)
  to   space 69888K,   0% used [0x00007f2902c80000, 0x00007f2902c80000, 0x00007f29070c0000)
 tenured generation   total 1398144K, used 440627K [0x00007f2e31b50000, 0x00007f2e870b0000, 0x00007f38dc600000)
   the space 1398144K,  31% used [0x00007f2e31b50000, 0x00007f2e4c99cf08, 0x00007f2e4c99d000, 0x00007f2e870b0000)
 Metaspace       used 23519K, capacity 23905K, committed 24064K, reserved 24576K
}
Event: 84.728 GC heap before
{Heap before GC invocations=227 (full 3):
 def new generation   total 629248K, used 564907K [0x00007f28dc600000, 0x00007f29070c0000, 0x00007f2e31b50000)
  eden space 559360K, 100% used [0x00007f28dc600000, 0x00007f28fe840000, 0x00007f28fe840000)
  from space 69888K,   7% used [0x00007f28fe840000, 0x00007f28fedaaee8, 0x00007f2902c80000)
  to   space 69888K,   0% used [0x00007f2902c80000, 0x00007f2902c80000, 0x00007f29070c0000)
 tenured generation   total 1398144K, used 440627K [0x00007f2e31b50000, 0x00007f2e870b0000, 0x00007f38dc600000)
   the space 1398144K,  31% used [0x00007f2e31b50000, 0x00007f2e4c99cf08, 0x00007f2e4c99d000, 0x00007f2e870b0000)
 Metaspace       used 23535K, capacity 23909K, committed 24064K, reserved 24576K
}
Event: 84.731 GC heap after
{Heap after GC invocations=228 (full 3):
 def new generation   total 629248K, used 5564K [0x00007f28dc600000, 0x00007f29070c0000, 0x00007f2e31b50000)
  eden space 559360K,   0% used [0x00007f28dc600000, 0x00007f28dc600000, 0x00007f28fe840000)
  from space 69888K,   7% used [0x00007f2902c80000, 0x00007f29031ef2a8, 0x00007f29070c0000)
  to   space 69888K,   0% used [0x00007f28fe840000, 0x00007f28fe840000, 0x00007f2902c80000)
 tenured generation   total 1398144K, used 440627K [0x00007f2e31b50000, 0x00007f2e870b0000, 0x00007f38dc600000)
   the space 1398144K,  31% used [0x00007f2e31b50000, 0x00007f2e4c99cf08, 0x00007f2e4c99d000, 0x00007f2e870b0000)
 Metaspace       used 23535K, capacity 23909K, committed 24064K, reserved 24576K
}
Event: 84.959 GC heap before
{Heap before GC invocations=228 (full 3):
 def new generation   total 629248K, used 561207K [0x00007f28dc600000, 0x00007f29070c0000, 0x00007f2e31b50000)
  eden space 559360K,  99% used [0x00007f28dc600000, 0x00007f28fe49e9f8, 0x00007f28fe840000)
  from space 69888K,   7% used [0x00007f2902c80000, 0x00007f29031ef2a8, 0x00007f29070c0000)
  to   space 69888K,   0% used [0x00007f28fe840000, 0x00007f28fe840000, 0x00007f2902c80000)
 tenured generation   total 1398144K, used 440627K [0x00007f2e31b50000, 0x00007f2e870b0000, 0x00007f38dc600000)
   the space 1398144K,  31% used [0x00007f2e31b50000, 0x00007f2e4c99cf08, 0x00007f2e4c99d000, 0x00007f2e870b0000)
 Metaspace       used 23535K, capacity 23909K, committed 24064K, reserved 24576K
}
Event: 84.964 GC heap after
{Heap after GC invocations=229 (full 3):
 def new generation   total 629248K, used 19604K [0x00007f28dc600000, 0x00007f29070c0000, 0x00007f2e31b50000)
  eden space 559360K,   0% used [0x00007f28dc600000, 0x00007f28dc600000, 0x00007f28fe840000)
  from space 69888K,  28% used [0x00007f28fe840000, 0x00007f28ffb652a0, 0x00007f2902c80000)
  to   space 69888K,   0% used [0x00007f2902c80000, 0x00007f2902c80000, 0x00007f29070c0000)
 tenured generation   total 1398144K, used 440627K [0x00007f2e31b50000, 0x00007f2e870b0000, 0x00007f38dc600000)
   the space 1398144K,  31% used [0x00007f2e31b50000, 0x00007f2e4c99cf08, 0x00007f2e4c99d000, 0x00007f2e870b0000)
 Metaspace       used 23535K, capacity 23909K, committed 24064K, reserved 24576K
}
Event: 85.036 GC heap before
{Heap before GC invocations=229 (full 3):
 def new generation   total 629248K, used 145365K [0x00007f28dc600000, 0x00007f29070c0000, 0x00007f2e31b50000)
  eden space 559360K,  22% used [0x00007f28dc600000, 0x00007f28e40d01e0, 0x00007f28fe840000)
  from space 69888K,  28% used [0x00007f28fe840000, 0x00007f28ffb652a0, 0x00007f2902c80000)
  to   space 69888K,   0% used [0x00007f2902c80000, 0x00007f2902c80000, 0x00007f29070c0000)
 tenured generation   total 1398144K, used 440627K [0x00007f2e31b50000, 0x00007f2e870b0000, 0x00007f38dc600000)
   the space 1398144K,  31% used [0x00007f2e31b50000, 0x00007f2e4c99cf08, 0x00007f2e4c99d000, 0x00007f2e870b0000)
 Metaspace       used 23535K, capacity 23909K, committed 24064K, reserved 24576K
}
Event: 85.040 GC heap after
{Heap after GC invocations=230 (full 3):
 def new generation   total 629248K, used 19163K [0x00007f28dc600000, 0x00007f29070c0000, 0x00007f2e31b50000)
  eden space 559360K,   0% used [0x00007f28dc600000, 0x00007f28dc600000, 0x00007f28fe840000)
  from space 69888K,  27% used [0x00007f2902c80000, 0x00007f2903f36f38, 0x00007f29070c0000)
  to   space 69888K,   0% used [0x00007f28fe840000, 0x00007f28fe840000, 0x00007f2902c80000)
 tenured generation   total 1398144K, used 441139K [0x00007f2e31b50000, 0x00007f2e870b0000, 0x00007f38dc600000)
   the space 1398144K,  31% used [0x00007f2e31b50000, 0x00007f2e4ca1ce88, 0x00007f2e4ca1d000, 0x00007f2e870b0000)
 Metaspace       used 23535K, capacity 23909K, committed 24064K, reserved 24576K
}
Event: 85.040 GC heap before
{Heap before GC invocations=230 (full 3):
 def new generation   total 629248K, used 19163K [0x00007f28dc600000, 0x00007f29070c0000, 0x00007f2e31b50000)
  eden space 559360K,   0% used [0x00007f28dc600000, 0x00007f28dc600000, 0x00007f28fe840000)
  from space 69888K,  27% used [0x00007f2902c80000, 0x00007f2903f36f38, 0x00007f29070c0000)
  to   space 69888K,   0% used [0x00007f28fe840000, 0x00007f28fe840000, 0x00007f2902c80000)
 tenured generation   total 1398144K, used 441139K [0x00007f2e31b50000, 0x00007f2e870b0000, 0x00007f38dc600000)
   the space 1398144K,  31% used [0x00007f2e31b50000, 0x00007f2e4ca1ce88, 0x00007f2e4ca1d000, 0x00007f2e870b0000)
 Metaspace       used 23535K, capacity 23909K, committed 24064K, reserved 24576K
}
Event: 85.070 GC heap after
{Heap after GC invocations=230 (full 4):
 def new generation   total 629248K, used 0K [0x00007f28dc600000, 0x00007f29070c0000, 0x00007f2e31b50000)
  eden space 559360K,   0% used [0x00007f28dc600000, 0x00007f28dc600000, 0x00007f28fe840000)
  from space 69888K,   0% used [0x00007f2902c80000, 0x00007f2902c80000, 0x00007f29070c0000)
  to   space 69888K,   0% used [0x00007f28fe840000, 0x00007f28fe840000, 0x00007f2902c80000)
 tenured generation   total 1398144K, used 25976K [0x00007f2e31b50000, 0x00007f2e870b0000, 0x00007f38dc600000)
   the space 1398144K,   1% used [0x00007f2e31b50000, 0x00007f2e334ae370, 0x00007f2e334ae400, 0x00007f2e870b0000)
 Metaspace       used 23535K, capacity 23909K, committed 24064K, reserved 24576K
}
Event: 90.863 GC heap before
{Heap before GC invocations=230 (full 4):
 def new generation   total 629248K, used 11072K [0x00007f28dc600000, 0x00007f29070c0000, 0x00007f2e31b50000)
  eden space 559360K,   1% used [0x00007f28dc600000, 0x00007f28dd0d0180, 0x00007f28fe840000)
  from space 69888K,   0% used [0x00007f2902c80000, 0x00007f2902c80000, 0x00007f29070c0000)
  to   space 69888K,   0% used [0x00007f28fe840000, 0x00007f28fe840000, 0x00007f2902c80000)
 tenured generation   total 9786756K, used 8414584K [0x00007f2e31b50000, 0x00007f30870b1000, 0x00007f38dc600000)
   the space 9786756K,  85% used [0x00007f2e31b50000, 0x00007f30334ae388, 0x00007f30334ae400, 0x00007f30870b1000)
 Metaspace       used 23535K, capacity 23909K, committed 24064K, reserved 24576K
}
Event: 90.873 GC heap after
{Heap after GC invocations=231 (full 4):
 def new generation   total 629248K, used 0K [0x00007f28dc600000, 0x00007f29070c0000, 0x00007f2e31b50000)
  eden space 559360K,   0% used [0x00007f28dc600000, 0x00007f28dc600000, 0x00007f28fe840000)
  from space 69888K,   0% used [0x00007f28fe840000, 0x00007f28fe840148, 0x00007f2902c80000)
  to   space 69888K,   0% used [0x00007f2902c80000, 0x00007f2902c80000, 0x00007f29070c0000)
 tenured generation   total 9786756K, used 8414584K [0x00007f2e31b50000, 0x00007f30870b1000, 0x00007f38dc600000)
   the space 9786756K,  85% used [0x00007f2e31b50000, 0x00007f30334ae388, 0x00007f30334ae400, 0x00007f30870b1000)
 Metaspace       used 23535K, capacity 23909K, committed 24064K, reserved 24576K
}
Event: 90.873 GC heap before
{Heap before GC invocations=231 (full 4):
 def new generation   total 629248K, used 0K [0x00007f28dc600000, 0x00007f29070c0000, 0x00007f2e31b50000)
  eden space 559360K,   0% used [0x00007f28dc600000, 0x00007f28dc600000, 0x00007f28fe840000)
  from space 69888K,   0% used [0x00007f28fe840000, 0x00007f28fe840148, 0x00007f2902c80000)
  to   space 69888K,   0% used [0x00007f2902c80000, 0x00007f2902c80000, 0x00007f29070c0000)
 tenured generation   total 9786756K, used 8414584K [0x00007f2e31b50000, 0x00007f30870b1000, 0x00007f38dc600000)
   the space 9786756K,  85% used [0x00007f2e31b50000, 0x00007f30334ae388, 0x00007f30334ae400, 0x00007f30870b1000)
 Metaspace       used 23535K, capacity 23909K, committed 24064K, reserved 24576K
}

