# JRE version: OpenJDK Runtime Environment (13.0.7+5) (build 13.0.7+5-Ubuntu-0ubuntu120.04)
# Java VM: OpenJDK 64-Bit Server VM (13.0.7+5-Ubuntu-0ubuntu120.04, mixed mode, tiered, serial gc, linux-amd64)
Heap:
 def new generation   total 9398016K, used 0K [0x00007fa280600000, 0x00007fa4fdb80000, 0x00007fa7d5b50000)
  eden space 8353792K,   0% used [0x00007fa280600000, 0x00007fa280600000, 0x00007fa47e400000)
  from space 1044224K,   0% used [0x00007fa4bdfc0000, 0x00007fa4bdfc0000, 0x00007fa4fdb80000)
  to   space 1044224K,   0% used [0x00007fa47e400000, 0x00007fa47e400000, 0x00007fa4bdfc0000)
 tenured generation   total 21057564K, used 20384584K [0x00007fa7d5b50000, 0x00007facdaf57000, 0x00007fb280600000)
   the space 21057564K,  96% used [0x00007fa7d5b50000, 0x00007facb1e22118, 0x00007facb1e22200, 0x00007facdaf57000)
 Metaspace       used 31463K, capacity 31902K, committed 32000K, reserved 32768K
GC Heap History (20 events):
Event: 1788.790 GC heap after
{Heap after GC invocations=334 (full 14):
 def new generation   total 9398016K, used 703635K [0x00007fa280600000, 0x00007fa4fdb80000, 0x00007fa7d5b50000)
  eden space 8353792K,   0% used [0x00007fa280600000, 0x00007fa280600000, 0x00007fa47e400000)
  from space 1044224K,  67% used [0x00007fa47e400000, 0x00007fa4a9324c48, 0x00007fa4bdfc0000)
  to   space 1044224K,   0% used [0x00007fa4bdfc0000, 0x00007fa4bdfc0000, 0x00007fa4fdb80000)
 tenured generation   total 20884380K, used 14658787K [0x00007fa7d5b50000, 0x00007facd0637000, 0x00007fb280600000)
   the space 20884380K,  70% used [0x00007fa7d5b50000, 0x00007fab54688c30, 0x00007fab54688e00, 0x00007facd0637000)
 Metaspace       used 31463K, capacity 31902K, committed 32000K, reserved 32768K
}
Event: 1791.304 GC heap before
{Heap before GC invocations=334 (full 14):
 def new generation   total 9398016K, used 9057427K [0x00007fa280600000, 0x00007fa4fdb80000, 0x00007fa7d5b50000)
  eden space 8353792K, 100% used [0x00007fa280600000, 0x00007fa47e400000, 0x00007fa47e400000)
  from space 1044224K,  67% used [0x00007fa47e400000, 0x00007fa4a9324c48, 0x00007fa4bdfc0000)
  to   space 1044224K,   0% used [0x00007fa4bdfc0000, 0x00007fa4bdfc0000, 0x00007fa4fdb80000)
 tenured generation   total 20884380K, used 14658787K [0x00007fa7d5b50000, 0x00007facd0637000, 0x00007fb280600000)
   the space 20884380K,  70% used [0x00007fa7d5b50000, 0x00007fab54688c30, 0x00007fab54688e00, 0x00007facd0637000)
 Metaspace       used 31463K, capacity 31902K, committed 32000K, reserved 32768K
}
Event: 1793.233 GC heap after
{Heap after GC invocations=335 (full 14):
 def new generation   total 9398016K, used 719695K [0x00007fa280600000, 0x00007fa4fdb80000, 0x00007fa7d5b50000)
  eden space 8353792K,   0% used [0x00007fa280600000, 0x00007fa280600000, 0x00007fa47e400000)
  from space 1044224K,  68% used [0x00007fa4bdfc0000, 0x00007fa4e9e93f30, 0x00007fa4fdb80000)
  to   space 1044224K,   0% used [0x00007fa47e400000, 0x00007fa47e400000, 0x00007fa4bdfc0000)
 tenured generation   total 20884380K, used 15362421K [0x00007fa7d5b50000, 0x00007facd0637000, 0x00007fb280600000)
   the space 20884380K,  73% used [0x00007fa7d5b50000, 0x00007fab7f5ad5d8, 0x00007fab7f5ad600, 0x00007facd0637000)
 Metaspace       used 31463K, capacity 31902K, committed 32000K, reserved 32768K
}
Event: 1795.572 GC heap before
{Heap before GC invocations=335 (full 14):
 def new generation   total 9398016K, used 9073487K [0x00007fa280600000, 0x00007fa4fdb80000, 0x00007fa7d5b50000)
  eden space 8353792K, 100% used [0x00007fa280600000, 0x00007fa47e400000, 0x00007fa47e400000)
  from space 1044224K,  68% used [0x00007fa4bdfc0000, 0x00007fa4e9e93f30, 0x00007fa4fdb80000)
  to   space 1044224K,   0% used [0x00007fa47e400000, 0x00007fa47e400000, 0x00007fa4bdfc0000)
 tenured generation   total 20884380K, used 15362421K [0x00007fa7d5b50000, 0x00007facd0637000, 0x00007fb280600000)
   the space 20884380K,  73% used [0x00007fa7d5b50000, 0x00007fab7f5ad5d8, 0x00007fab7f5ad600, 0x00007facd0637000)
 Metaspace       used 31463K, capacity 31902K, committed 32000K, reserved 32768K
}
Event: 1797.502 GC heap after
{Heap after GC invocations=336 (full 14):
 def new generation   total 9398016K, used 697134K [0x00007fa280600000, 0x00007fa4fdb80000, 0x00007fa7d5b50000)
  eden space 8353792K,   0% used [0x00007fa280600000, 0x00007fa280600000, 0x00007fa47e400000)
  from space 1044224K,  66% used [0x00007fa47e400000, 0x00007fa4a8ccb9f0, 0x00007fa4bdfc0000)
  to   space 1044224K,   0% used [0x00007fa4bdfc0000, 0x00007fa4bdfc0000, 0x00007fa4fdb80000)
 tenured generation   total 20884380K, used 16082116K [0x00007fa7d5b50000, 0x00007facd0637000, 0x00007fb280600000)
   the space 20884380K,  77% used [0x00007fa7d5b50000, 0x00007fabab481388, 0x00007fabab481400, 0x00007facd0637000)
 Metaspace       used 31463K, capacity 31902K, committed 32000K, reserved 32768K
}
Event: 1800.026 GC heap before
{Heap before GC invocations=336 (full 14):
 def new generation   total 9398016K, used 9050926K [0x00007fa280600000, 0x00007fa4fdb80000, 0x00007fa7d5b50000)
  eden space 8353792K, 100% used [0x00007fa280600000, 0x00007fa47e400000, 0x00007fa47e400000)
  from space 1044224K,  66% used [0x00007fa47e400000, 0x00007fa4a8ccb9f0, 0x00007fa4bdfc0000)
  to   space 1044224K,   0% used [0x00007fa4bdfc0000, 0x00007fa4bdfc0000, 0x00007fa4fdb80000)
 tenured generation   total 20884380K, used 16082116K [0x00007fa7d5b50000, 0x00007facd0637000, 0x00007fb280600000)
   the space 20884380K,  77% used [0x00007fa7d5b50000, 0x00007fabab481388, 0x00007fabab481400, 0x00007facd0637000)
 Metaspace       used 31463K, capacity 31902K, committed 32000K, reserved 32768K
}
Event: 1801.993 GC heap after
{Heap after GC invocations=337 (full 14):
 def new generation   total 9398016K, used 730116K [0x00007fa280600000, 0x00007fa4fdb80000, 0x00007fa7d5b50000)
  eden space 8353792K,   0% used [0x00007fa280600000, 0x00007fa280600000, 0x00007fa47e400000)
  from space 1044224K,  69% used [0x00007fa4bdfc0000, 0x00007fa4ea8c1250, 0x00007fa4fdb80000)
  to   space 1044224K,   0% used [0x00007fa47e400000, 0x00007fa47e400000, 0x00007fa4bdfc0000)
 tenured generation   total 20884380K, used 16779250K [0x00007fa7d5b50000, 0x00007facd0637000, 0x00007fb280600000)
   the space 20884380K,  80% used [0x00007fa7d5b50000, 0x00007fabd5d4ca38, 0x00007fabd5d4cc00, 0x00007facd0637000)
 Metaspace       used 31463K, capacity 31902K, committed 32000K, reserved 32768K
}
Event: 1804.502 GC heap before
{Heap before GC invocations=337 (full 14):
 def new generation   total 9398016K, used 9083908K [0x00007fa280600000, 0x00007fa4fdb80000, 0x00007fa7d5b50000)
  eden space 8353792K, 100% used [0x00007fa280600000, 0x00007fa47e400000, 0x00007fa47e400000)
  from space 1044224K,  69% used [0x00007fa4bdfc0000, 0x00007fa4ea8c1250, 0x00007fa4fdb80000)
  to   space 1044224K,   0% used [0x00007fa47e400000, 0x00007fa47e400000, 0x00007fa4bdfc0000)
 tenured generation   total 20884380K, used 16779250K [0x00007fa7d5b50000, 0x00007facd0637000, 0x00007fb280600000)
   the space 20884380K,  80% used [0x00007fa7d5b50000, 0x00007fabd5d4ca38, 0x00007fabd5d4cc00, 0x00007facd0637000)
 Metaspace       used 31463K, capacity 31902K, committed 32000K, reserved 32768K
}
Event: 1806.390 GC heap after
{Heap after GC invocations=338 (full 14):
 def new generation   total 9398016K, used 685709K [0x00007fa280600000, 0x00007fa4fdb80000, 0x00007fa7d5b50000)
  eden space 8353792K,   0% used [0x00007fa280600000, 0x00007fa280600000, 0x00007fa47e400000)
  from space 1044224K,  65% used [0x00007fa47e400000, 0x00007fa4a81a3690, 0x00007fa4bdfc0000)
  to   space 1044224K,   0% used [0x00007fa4bdfc0000, 0x00007fa4bdfc0000, 0x00007fa4fdb80000)
 tenured generation   total 20884380K, used 17509366K [0x00007fa7d5b50000, 0x00007facd0637000, 0x00007fb280600000)
   the space 20884380K,  83% used [0x00007fa7d5b50000, 0x00007fac0264dba8, 0x00007fac0264dc00, 0x00007facd0637000)
 Metaspace       used 31463K, capacity 31902K, committed 32000K, reserved 32768K
}
Event: 1808.865 GC heap before
{Heap before GC invocations=338 (full 14):
 def new generation   total 9398016K, used 9039501K [0x00007fa280600000, 0x00007fa4fdb80000, 0x00007fa7d5b50000)
  eden space 8353792K, 100% used [0x00007fa280600000, 0x00007fa47e400000, 0x00007fa47e400000)
  from space 1044224K,  65% used [0x00007fa47e400000, 0x00007fa4a81a3690, 0x00007fa4bdfc0000)
  to   space 1044224K,   0% used [0x00007fa4bdfc0000, 0x00007fa4bdfc0000, 0x00007fa4fdb80000)
 tenured generation   total 20884380K, used 17509366K [0x00007fa7d5b50000, 0x00007facd0637000, 0x00007fb280600000)
   the space 20884380K,  83% used [0x00007fa7d5b50000, 0x00007fac0264dba8, 0x00007fac0264dc00, 0x00007facd0637000)
 Metaspace       used 31463K, capacity 31902K, committed 32000K, reserved 32768K
}
Event: 1810.769 GC heap after
{Heap after GC invocations=339 (full 14):
 def new generation   total 9398016K, used 709289K [0x00007fa280600000, 0x00007fa4fdb80000, 0x00007fa7d5b50000)
  eden space 8353792K,   0% used [0x00007fa280600000, 0x00007fa280600000, 0x00007fa47e400000)
  from space 1044224K,  67% used [0x00007fa4bdfc0000, 0x00007fa4e946a4f0, 0x00007fa4fdb80000)
  to   space 1044224K,   0% used [0x00007fa47e400000, 0x00007fa47e400000, 0x00007fa4bdfc0000)
 tenured generation   total 20884380K, used 18195076K [0x00007fa7d5b50000, 0x00007facd0637000, 0x00007fb280600000)
   the space 20884380K,  87% used [0x00007fa7d5b50000, 0x00007fac2c3f1138, 0x00007fac2c3f1200, 0x00007facd0637000)
 Metaspace       used 31463K, capacity 31902K, committed 32000K, reserved 32768K
}
Event: 1813.215 GC heap before
{Heap before GC invocations=339 (full 14):
 def new generation   total 9398016K, used 9063081K [0x00007fa280600000, 0x00007fa4fdb80000, 0x00007fa7d5b50000)
  eden space 8353792K, 100% used [0x00007fa280600000, 0x00007fa47e400000, 0x00007fa47e400000)
  from space 1044224K,  67% used [0x00007fa4bdfc0000, 0x00007fa4e946a4f0, 0x00007fa4fdb80000)
  to   space 1044224K,   0% used [0x00007fa47e400000, 0x00007fa47e400000, 0x00007fa4bdfc0000)
 tenured generation   total 20884380K, used 18195076K [0x00007fa7d5b50000, 0x00007facd0637000, 0x00007fb280600000)
   the space 20884380K,  87% used [0x00007fa7d5b50000, 0x00007fac2c3f1138, 0x00007fac2c3f1200, 0x00007facd0637000)
 Metaspace       used 31463K, capacity 31902K, committed 32000K, reserved 32768K
}
Event: 1815.258 GC heap after
{Heap after GC invocations=340 (full 14):
 def new generation   total 9398016K, used 726036K [0x00007fa280600000, 0x00007fa4fdb80000, 0x00007fa7d5b50000)
  eden space 8353792K,   0% used [0x00007fa280600000, 0x00007fa280600000, 0x00007fa47e400000)
  from space 1044224K,  69% used [0x00007fa47e400000, 0x00007fa4aa905010, 0x00007fa4bdfc0000)
  to   space 1044224K,   0% used [0x00007fa4bdfc0000, 0x00007fa4bdfc0000, 0x00007fa4fdb80000)
 tenured generation   total 20884380K, used 18904365K [0x00007fa7d5b50000, 0x00007facd0637000, 0x00007fb280600000)
   the space 20884380K,  90% used [0x00007fa7d5b50000, 0x00007fac5789b528, 0x00007fac5789b600, 0x00007facd0637000)
 Metaspace       used 31463K, capacity 31902K, committed 32000K, reserved 32768K
}
Event: 1817.711 GC heap before
{Heap before GC invocations=340 (full 14):
 def new generation   total 9398016K, used 9079828K [0x00007fa280600000, 0x00007fa4fdb80000, 0x00007fa7d5b50000)
  eden space 8353792K, 100% used [0x00007fa280600000, 0x00007fa47e400000, 0x00007fa47e400000)
  from space 1044224K,  69% used [0x00007fa47e400000, 0x00007fa4aa905010, 0x00007fa4bdfc0000)
  to   space 1044224K,   0% used [0x00007fa4bdfc0000, 0x00007fa4bdfc0000, 0x00007fa4fdb80000)
 tenured generation   total 20884380K, used 18904365K [0x00007fa7d5b50000, 0x00007facd0637000, 0x00007fb280600000)
   the space 20884380K,  90% used [0x00007fa7d5b50000, 0x00007fac5789b528, 0x00007fac5789b600, 0x00007facd0637000)
 Metaspace       used 31463K, capacity 31902K, committed 32000K, reserved 32768K
}
Event: 1819.708 GC heap after
{Heap after GC invocations=341 (full 14):
 def new generation   total 9398016K, used 697136K [0x00007fa280600000, 0x00007fa4fdb80000, 0x00007fa7d5b50000)
  eden space 8353792K,   0% used [0x00007fa280600000, 0x00007fa280600000, 0x00007fa47e400000)
  from space 1044224K,  66% used [0x00007fa4bdfc0000, 0x00007fa4e888c340, 0x00007fa4fdb80000)
  to   space 1044224K,   0% used [0x00007fa47e400000, 0x00007fa47e400000, 0x00007fa4bdfc0000)
 tenured generation   total 20884380K, used 19630401K [0x00007fa7d5b50000, 0x00007facd0637000, 0x00007fb280600000)
   the space 20884380K,  93% used [0x00007fa7d5b50000, 0x00007fac83da04a8, 0x00007fac83da0600, 0x00007facd0637000)
 Metaspace       used 31463K, capacity 31902K, committed 32000K, reserved 32768K
}
Event: 1822.199 GC heap before
{Heap before GC invocations=341 (full 14):
 def new generation   total 9398016K, used 9050928K [0x00007fa280600000, 0x00007fa4fdb80000, 0x00007fa7d5b50000)
  eden space 8353792K, 100% used [0x00007fa280600000, 0x00007fa47e400000, 0x00007fa47e400000)
  from space 1044224K,  66% used [0x00007fa4bdfc0000, 0x00007fa4e888c340, 0x00007fa4fdb80000)
  to   space 1044224K,   0% used [0x00007fa47e400000, 0x00007fa47e400000, 0x00007fa4bdfc0000)
 tenured generation   total 20884380K, used 19630401K [0x00007fa7d5b50000, 0x00007facd0637000, 0x00007fb280600000)
   the space 20884380K,  93% used [0x00007fa7d5b50000, 0x00007fac83da04a8, 0x00007fac83da0600, 0x00007facd0637000)
 Metaspace       used 31463K, capacity 31902K, committed 32000K, reserved 32768K
}
Event: 1824.242 GC heap after
{Heap after GC invocations=342 (full 14):
 def new generation   total 9398016K, used 729972K [0x00007fa280600000, 0x00007fa4fdb80000, 0x00007fa7d5b50000)
  eden space 8353792K,   0% used [0x00007fa280600000, 0x00007fa280600000, 0x00007fa47e400000)
  from space 1044224K,  69% used [0x00007fa47e400000, 0x00007fa4aacdd090, 0x00007fa4bdfc0000)
  to   space 1044224K,   0% used [0x00007fa4bdfc0000, 0x00007fa4bdfc0000, 0x00007fa4fdb80000)
 tenured generation   total 20884380K, used 20327537K [0x00007fa7d5b50000, 0x00007facd0637000, 0x00007fb280600000)
   the space 20884380K,  97% used [0x00007fa7d5b50000, 0x00007facae66c698, 0x00007facae66c800, 0x00007facd0637000)
 Metaspace       used 31463K, capacity 31902K, committed 32000K, reserved 32768K
}
Event: 1826.608 GC heap before
{Heap before GC invocations=342 (full 14):
 def new generation   total 9398016K, used 9083764K [0x00007fa280600000, 0x00007fa4fdb80000, 0x00007fa7d5b50000)
  eden space 8353792K, 100% used [0x00007fa280600000, 0x00007fa47e400000, 0x00007fa47e400000)
  from space 1044224K,  69% used [0x00007fa47e400000, 0x00007fa4aacdd090, 0x00007fa4bdfc0000)
  to   space 1044224K,   0% used [0x00007fa4bdfc0000, 0x00007fa4bdfc0000, 0x00007fa4fdb80000)
 tenured generation   total 20884380K, used 20327537K [0x00007fa7d5b50000, 0x00007facd0637000, 0x00007fb280600000)
   the space 20884380K,  97% used [0x00007fa7d5b50000, 0x00007facae66c698, 0x00007facae66c800, 0x00007facd0637000)
 Metaspace       used 31463K, capacity 31902K, committed 32000K, reserved 32768K
}
Event: 1828.607 GC heap after
{Heap after GC invocations=343 (full 14):
 def new generation   total 9398016K, used 692773K [0x00007fa280600000, 0x00007fa4fdb80000, 0x00007fa7d5b50000)
  eden space 8353792K,   0% used [0x00007fa280600000, 0x00007fa280600000, 0x00007fa47e400000)
  from space 1044224K,  66% used [0x00007fa4bdfc0000, 0x00007fa4e8449530, 0x00007fa4fdb80000)
  to   space 1044224K,   0% used [0x00007fa47e400000, 0x00007fa47e400000, 0x00007fa4bdfc0000)
 tenured generation   total 21057564K, used 21057509K [0x00007fa7d5b50000, 0x00007facdaf57000, 0x00007fb280600000)
   the space 21057564K,  99% used [0x00007fa7d5b50000, 0x00007facdaf49628, 0x00007facdaf49800, 0x00007facdaf57000)
 Metaspace       used 31463K, capacity 31902K, committed 32000K, reserved 32768K
}
Event: 1828.607 GC heap before
{Heap before GC invocations=343 (full 14):
 def new generation   total 9398016K, used 692773K [0x00007fa280600000, 0x00007fa4fdb80000, 0x00007fa7d5b50000)
  eden space 8353792K,   0% used [0x00007fa280600000, 0x00007fa280600000, 0x00007fa47e400000)
  from space 1044224K,  66% used [0x00007fa4bdfc0000, 0x00007fa4e8449530, 0x00007fa4fdb80000)
  to   space 1044224K,   0% used [0x00007fa47e400000, 0x00007fa47e400000, 0x00007fa4bdfc0000)
 tenured generation   total 21057564K, used 21057509K [0x00007fa7d5b50000, 0x00007facdaf57000, 0x00007fb280600000)
   the space 21057564K,  99% used [0x00007fa7d5b50000, 0x00007facdaf49628, 0x00007facdaf49800, 0x00007facdaf57000)
 Metaspace       used 31463K, capacity 31902K, committed 32000K, reserved 32768K
}

