# JRE version: OpenJDK Runtime Environment (13.0.7+5) (build 13.0.7+5-Ubuntu-0ubuntu120.04)
# Java VM: OpenJDK 64-Bit Server VM (13.0.7+5-Ubuntu-0ubuntu120.04, mixed mode, tiered, serial gc, linux-amd64)
Heap:
 def new generation   total 1549760K, used 137861K [0x00007f947c600000, 0x00007f94e5790000, 0x00007f99d1b50000)
  eden space 1377600K,  10% used [0x00007f947c600000, 0x00007f9484ca1480, 0x00007f94d0750000)
  from space 172160K,   0% used [0x00007f94d0750000, 0x00007f94d0750000, 0x00007f94daf70000)
  to   space 172160K,   0% used [0x00007f94daf70000, 0x00007f94daf70000, 0x00007f94e5790000)
 tenured generation   total 11538772K, used 11538771K [0x00007f99d1b50000, 0x00007f9c91fa5000, 0x00007fa47c600000)
   the space 11538772K,  99% used [0x00007f99d1b50000, 0x00007f9c91fa4d68, 0x00007f9c91fa4e00, 0x00007f9c91fa5000)
 Metaspace       used 30988K, capacity 31397K, committed 31488K, reserved 32768K
GC Heap History (20 events):
Event: 26.928 GC heap after
{Heap after GC invocations=19 (full 1):
 def new generation   total 629248K, used 69887K [0x00007f947c600000, 0x00007f94a70c0000, 0x00007f99d1b50000)
  eden space 559360K,   0% used [0x00007f947c600000, 0x00007f947c600000, 0x00007f949e840000)
  from space 69888K,  99% used [0x00007f949e840000, 0x00007f94a2c7fff0, 0x00007f94a2c80000)
  to   space 69888K,   0% used [0x00007f94a2c80000, 0x00007f94a2c80000, 0x00007f94a70c0000)
 tenured generation   total 1398144K, used 260982K [0x00007f99d1b50000, 0x00007f9a270b0000, 0x00007fa47c600000)
   the space 1398144K,  18% used [0x00007f99d1b50000, 0x00007f99e1a2d9e8, 0x00007f99e1a2da00, 0x00007f9a270b0000)
 Metaspace       used 30988K, capacity 31397K, committed 31488K, reserved 32768K
}
Event: 27.374 GC heap before
{Heap before GC invocations=19 (full 1):
 def new generation   total 629248K, used 629247K [0x00007f947c600000, 0x00007f94a70c0000, 0x00007f99d1b50000)
  eden space 559360K, 100% used [0x00007f947c600000, 0x00007f949e840000, 0x00007f949e840000)
  from space 69888K,  99% used [0x00007f949e840000, 0x00007f94a2c7fff0, 0x00007f94a2c80000)
  to   space 69888K,   0% used [0x00007f94a2c80000, 0x00007f94a2c80000, 0x00007f94a70c0000)
 tenured generation   total 1398144K, used 260982K [0x00007f99d1b50000, 0x00007f9a270b0000, 0x00007fa47c600000)
   the space 1398144K,  18% used [0x00007f99d1b50000, 0x00007f99e1a2d9e8, 0x00007f99e1a2da00, 0x00007f9a270b0000)
 Metaspace       used 30988K, capacity 31397K, committed 31488K, reserved 32768K
}
Event: 28.343 GC heap after
{Heap after GC invocations=20 (full 1):
 def new generation   total 629248K, used 69887K [0x00007f947c600000, 0x00007f94a70c0000, 0x00007f99d1b50000)
  eden space 559360K,   0% used [0x00007f947c600000, 0x00007f947c600000, 0x00007f949e840000)
  from space 69888K,  99% used [0x00007f94a2c80000, 0x00007f94a70bfe78, 0x00007f94a70c0000)
  to   space 69888K,   0% used [0x00007f949e840000, 0x00007f949e840000, 0x00007f94a2c80000)
 tenured generation   total 1398144K, used 580549K [0x00007f99d1b50000, 0x00007f9a270b0000, 0x00007fa47c600000)
   the space 1398144K,  41% used [0x00007f99d1b50000, 0x00007f99f5241440, 0x00007f99f5241600, 0x00007f9a270b0000)
 Metaspace       used 30988K, capacity 31397K, committed 31488K, reserved 32768K
}
Event: 28.852 GC heap before
{Heap before GC invocations=20 (full 1):
 def new generation   total 629248K, used 629247K [0x00007f947c600000, 0x00007f94a70c0000, 0x00007f99d1b50000)
  eden space 559360K, 100% used [0x00007f947c600000, 0x00007f949e840000, 0x00007f949e840000)
  from space 69888K,  99% used [0x00007f94a2c80000, 0x00007f94a70bfe78, 0x00007f94a70c0000)
  to   space 69888K,   0% used [0x00007f949e840000, 0x00007f949e840000, 0x00007f94a2c80000)
 tenured generation   total 1398144K, used 580549K [0x00007f99d1b50000, 0x00007f9a270b0000, 0x00007fa47c600000)
   the space 1398144K,  41% used [0x00007f99d1b50000, 0x00007f99f5241440, 0x00007f99f5241600, 0x00007f9a270b0000)
 Metaspace       used 30988K, capacity 31397K, committed 31488K, reserved 32768K
}
Event: 30.240 GC heap after
{Heap after GC invocations=21 (full 1):
 def new generation   total 629248K, used 69888K [0x00007f947c600000, 0x00007f94a70c0000, 0x00007f99d1b50000)
  eden space 559360K,   0% used [0x00007f947c600000, 0x00007f947c600000, 0x00007f949e840000)
  from space 69888K, 100% used [0x00007f949e840000, 0x00007f94a2c80000, 0x00007f94a2c80000)
  to   space 69888K,   0% used [0x00007f94a2c80000, 0x00007f94a2c80000, 0x00007f94a70c0000)
 tenured generation   total 1398144K, used 907760K [0x00007f99d1b50000, 0x00007f9a270b0000, 0x00007fa47c600000)
   the space 1398144K,  64% used [0x00007f99d1b50000, 0x00007f9a091cc080, 0x00007f9a091cc200, 0x00007f9a270b0000)
 Metaspace       used 30988K, capacity 31397K, committed 31488K, reserved 32768K
}
Event: 30.637 GC heap before
{Heap before GC invocations=21 (full 1):
 def new generation   total 629248K, used 629133K [0x00007f947c600000, 0x00007f94a70c0000, 0x00007f99d1b50000)
  eden space 559360K,  99% used [0x00007f947c600000, 0x00007f949e8235f8, 0x00007f949e840000)
  from space 69888K, 100% used [0x00007f949e840000, 0x00007f94a2c80000, 0x00007f94a2c80000)
  to   space 69888K,   0% used [0x00007f94a2c80000, 0x00007f94a2c80000, 0x00007f94a70c0000)
 tenured generation   total 1398144K, used 907760K [0x00007f99d1b50000, 0x00007f9a270b0000, 0x00007fa47c600000)
   the space 1398144K,  64% used [0x00007f99d1b50000, 0x00007f9a091cc080, 0x00007f9a091cc200, 0x00007f9a270b0000)
 Metaspace       used 30988K, capacity 31397K, committed 31488K, reserved 32768K
}
Event: 31.202 GC heap after
{Heap after GC invocations=22 (full 1):
 def new generation   total 629248K, used 69888K [0x00007f947c600000, 0x00007f94a70c0000, 0x00007f99d1b50000)
  eden space 559360K,   0% used [0x00007f947c600000, 0x00007f947c600000, 0x00007f949e840000)
  from space 69888K, 100% used [0x00007f94a2c80000, 0x00007f94a70c0000, 0x00007f94a70c0000)
  to   space 69888K,   0% used [0x00007f949e840000, 0x00007f949e840000, 0x00007f94a2c80000)
 tenured generation   total 1398144K, used 1223319K [0x00007f99d1b50000, 0x00007f9a270b0000, 0x00007fa47c600000)
   the space 1398144K,  87% used [0x00007f99d1b50000, 0x00007f9a1c5f5f68, 0x00007f9a1c5f6000, 0x00007f9a270b0000)
 Metaspace       used 30988K, capacity 31397K, committed 31488K, reserved 32768K
}
Event: 31.577 GC heap before
{Heap before GC invocations=22 (full 1):
 def new generation   total 629248K, used 629248K [0x00007f947c600000, 0x00007f94a70c0000, 0x00007f99d1b50000)
  eden space 559360K, 100% used [0x00007f947c600000, 0x00007f949e840000, 0x00007f949e840000)
  from space 69888K, 100% used [0x00007f94a2c80000, 0x00007f94a70c0000, 0x00007f94a70c0000)
  to   space 69888K,   0% used [0x00007f949e840000, 0x00007f949e840000, 0x00007f94a2c80000)
 tenured generation   total 1398144K, used 1223319K [0x00007f99d1b50000, 0x00007f9a270b0000, 0x00007fa47c600000)
   the space 1398144K,  87% used [0x00007f99d1b50000, 0x00007f9a1c5f5f68, 0x00007f9a1c5f6000, 0x00007f9a270b0000)
 Metaspace       used 30988K, capacity 31397K, committed 31488K, reserved 32768K
}
Event: 32.134 GC heap after
{Heap after GC invocations=23 (full 1):
 def new generation   total 629248K, used 69887K [0x00007f947c600000, 0x00007f94a70c0000, 0x00007f99d1b50000)
  eden space 559360K,   0% used [0x00007f947c600000, 0x00007f947c600000, 0x00007f949e840000)
  from space 69888K,  99% used [0x00007f949e840000, 0x00007f94a2c7fe78, 0x00007f94a2c80000)
  to   space 69888K,   0% used [0x00007f94a2c80000, 0x00007f94a2c80000, 0x00007f94a70c0000)
 tenured generation   total 1550784K, used 1550643K [0x00007f99d1b50000, 0x00007f9a305c0000, 0x00007fa47c600000)
   the space 1550784K,  99% used [0x00007f99d1b50000, 0x00007f9a3059cd40, 0x00007f9a3059ce00, 0x00007f9a305c0000)
 Metaspace       used 30988K, capacity 31397K, committed 31488K, reserved 32768K
}
Event: 32.134 GC heap before
{Heap before GC invocations=23 (full 1):
 def new generation   total 629248K, used 69887K [0x00007f947c600000, 0x00007f94a70c0000, 0x00007f99d1b50000)
  eden space 559360K,   0% used [0x00007f947c600000, 0x00007f947c600000, 0x00007f949e840000)
  from space 69888K,  99% used [0x00007f949e840000, 0x00007f94a2c7fe78, 0x00007f94a2c80000)
  to   space 69888K,   0% used [0x00007f94a2c80000, 0x00007f94a2c80000, 0x00007f94a70c0000)
 tenured generation   total 1550784K, used 1550643K [0x00007f99d1b50000, 0x00007f9a305c0000, 0x00007fa47c600000)
   the space 1550784K,  99% used [0x00007f99d1b50000, 0x00007f9a3059cd40, 0x00007f9a3059ce00, 0x00007f9a305c0000)
 Metaspace       used 30988K, capacity 31397K, committed 31488K, reserved 32768K
}
Event: 33.204 GC heap after
{Heap after GC invocations=23 (full 2):
 def new generation   total 1163008K, used 69887K [0x00007f947c600000, 0x00007f94cb3f0000, 0x00007f99d1b50000)
  eden space 1033792K,   6% used [0x00007f947c600000, 0x00007f9480a3fe78, 0x00007f94bb790000)
  from space 129216K,   0% used [0x00007f94bb790000, 0x00007f94bb790000, 0x00007f94c35c0000)
  to   space 129216K,   0% used [0x00007f94c35c0000, 0x00007f94c35c0000, 0x00007f94cb3f0000)
 tenured generation   total 2584408K, used 1550643K [0x00007f99d1b50000, 0x00007f9a6f726000, 0x00007fa47c600000)
   the space 2584408K,  59% used [0x00007f99d1b50000, 0x00007f9a3059cd40, 0x00007f9a3059ce00, 0x00007f9a6f726000)
 Metaspace       used 30988K, capacity 31397K, committed 31488K, reserved 32768K
}
Event: 33.882 GC heap before
{Heap before GC invocations=23 (full 2):
 def new generation   total 1163008K, used 855690K [0x00007f947c600000, 0x00007f94cb3f0000, 0x00007f99d1b50000)
  eden space 1033792K,  82% used [0x00007f947c600000, 0x00007f94b09a2bc0, 0x00007f94bb790000)
  from space 129216K,   0% used [0x00007f94bb790000, 0x00007f94bb790000, 0x00007f94c35c0000)
  to   space 129216K,   0% used [0x00007f94c35c0000, 0x00007f94c35c0000, 0x00007f94cb3f0000)
 tenured generation   total 2584408K, used 1550643K [0x00007f99d1b50000, 0x00007f9a6f726000, 0x00007fa47c600000)
   the space 2584408K,  59% used [0x00007f99d1b50000, 0x00007f9a3059cd40, 0x00007f9a3059ce00, 0x00007f9a6f726000)
 Metaspace       used 30988K, capacity 31397K, committed 31488K, reserved 32768K
}
Event: 34.937 GC heap after
{Heap after GC invocations=24 (full 2):
 def new generation   total 1163008K, used 129215K [0x00007f947c600000, 0x00007f94cb3f0000, 0x00007f99d1b50000)
  eden space 1033792K,   0% used [0x00007f947c600000, 0x00007f947c600000, 0x00007f94bb790000)
  from space 129216K,  99% used [0x00007f94c35c0000, 0x00007f94cb3efdf8, 0x00007f94cb3f0000)
  to   space 129216K,   0% used [0x00007f94bb790000, 0x00007f94bb790000, 0x00007f94c35c0000)
 tenured generation   total 2584408K, used 1937019K [0x00007f99d1b50000, 0x00007f9a6f726000, 0x00007fa47c600000)
   the space 2584408K,  74% used [0x00007f99d1b50000, 0x00007f9a47eeece8, 0x00007f9a47eeee00, 0x00007f9a6f726000)
 Metaspace       used 30988K, capacity 31397K, committed 31488K, reserved 32768K
}
Event: 34.937 GC heap before
{Heap before GC invocations=24 (full 2):
 def new generation   total 1163008K, used 129215K [0x00007f947c600000, 0x00007f94cb3f0000, 0x00007f99d1b50000)
  eden space 1033792K,   0% used [0x00007f947c600000, 0x00007f947c600000, 0x00007f94bb790000)
  from space 129216K,  99% used [0x00007f94c35c0000, 0x00007f94cb3efdf8, 0x00007f94cb3f0000)
  to   space 129216K,   0% used [0x00007f94bb790000, 0x00007f94bb790000, 0x00007f94c35c0000)
 tenured generation   total 2584408K, used 1937019K [0x00007f99d1b50000, 0x00007f9a6f726000, 0x00007fa47c600000)
   the space 2584408K,  74% used [0x00007f99d1b50000, 0x00007f9a47eeece8, 0x00007f9a47eeee00, 0x00007f9a6f726000)
 Metaspace       used 30988K, capacity 31397K, committed 31488K, reserved 32768K
}
Event: 36.664 GC heap after
{Heap after GC invocations=24 (full 3):
 def new generation   total 1549760K, used 0K [0x00007f947c600000, 0x00007f94e5790000, 0x00007f99d1b50000)
  eden space 1377600K,   0% used [0x00007f947c600000, 0x00007f947c600000, 0x00007f94d0750000)
  from space 172160K,   0% used [0x00007f94d0750000, 0x00007f94d0750000, 0x00007f94daf70000)
  to   space 172160K,   0% used [0x00007f94daf70000, 0x00007f94daf70000, 0x00007f94e5790000)
 tenured generation   total 3443728K, used 2066234K [0x00007f99d1b50000, 0x00007f9aa3e54000, 0x00007fa47c600000)
   the space 3443728K,  59% used [0x00007f99d1b50000, 0x00007f9a4fd1eae0, 0x00007f9a4fd1ec00, 0x00007f9aa3e54000)
 Metaspace       used 30988K, capacity 31397K, committed 31488K, reserved 32768K
}
Event: 44.019 GC heap before
{Heap before GC invocations=24 (full 3):
 def new generation   total 1549760K, used 1377600K [0x00007f947c600000, 0x00007f94e5790000, 0x00007f99d1b50000)
  eden space 1377600K, 100% used [0x00007f947c600000, 0x00007f94d0750000, 0x00007f94d0750000)
  from space 172160K,   0% used [0x00007f94d0750000, 0x00007f94d0750000, 0x00007f94daf70000)
  to   space 172160K,   0% used [0x00007f94daf70000, 0x00007f94daf70000, 0x00007f94e5790000)
 tenured generation   total 10333204K, used 8955706K [0x00007f99d1b50000, 0x00007f9c48655000, 0x00007fa47c600000)
   the space 10333204K,  86% used [0x00007f99d1b50000, 0x00007f9bf451eaf8, 0x00007f9bf451ec00, 0x00007f9c48655000)
 Metaspace       used 30988K, capacity 31397K, committed 31488K, reserved 32768K
}
Event: 46.118 GC heap after
{Heap after GC invocations=25 (full 3):
 def new generation   total 1549760K, used 172159K [0x00007f947c600000, 0x00007f94e5790000, 0x00007f99d1b50000)
  eden space 1377600K,   0% used [0x00007f947c600000, 0x00007f947c600000, 0x00007f94d0750000)
  from space 172160K,  99% used [0x00007f94daf70000, 0x00007f94e578fe58, 0x00007f94e5790000)
  to   space 172160K,   0% used [0x00007f94d0750000, 0x00007f94d0750000, 0x00007f94daf70000)
 tenured generation   total 10333204K, used 10161097K [0x00007f99d1b50000, 0x00007f9c48655000, 0x00007fa47c600000)
   the space 10333204K,  98% used [0x00007f99d1b50000, 0x00007f9c3de42468, 0x00007f9c3de42600, 0x00007f9c48655000)
 Metaspace       used 30988K, capacity 31397K, committed 31488K, reserved 32768K
}
Event: 46.529 GC heap before
{Heap before GC invocations=25 (full 3):
 def new generation   total 1549760K, used 1549759K [0x00007f947c600000, 0x00007f94e5790000, 0x00007f99d1b50000)
  eden space 1377600K, 100% used [0x00007f947c600000, 0x00007f94d0750000, 0x00007f94d0750000)
  from space 172160K,  99% used [0x00007f94daf70000, 0x00007f94e578fe58, 0x00007f94e5790000)
  to   space 172160K,   0% used [0x00007f94d0750000, 0x00007f94d0750000, 0x00007f94daf70000)
 tenured generation   total 10333204K, used 10161097K [0x00007f99d1b50000, 0x00007f9c48655000, 0x00007fa47c600000)
   the space 10333204K,  98% used [0x00007f99d1b50000, 0x00007f9c3de42468, 0x00007f9c3de42600, 0x00007f9c48655000)
 Metaspace       used 30988K, capacity 31397K, committed 31488K, reserved 32768K
}
Event: 47.748 GC heap after
{Heap after GC invocations=26 (full 3):
 def new generation   total 1549760K, used 172159K [0x00007f947c600000, 0x00007f94e5790000, 0x00007f99d1b50000)
  eden space 1377600K,   0% used [0x00007f947c600000, 0x00007f947c600000, 0x00007f94d0750000)
  from space 172160K,  99% used [0x00007f94d0750000, 0x00007f94daf6fe58, 0x00007f94daf70000)
  to   space 172160K,   0% used [0x00007f94daf70000, 0x00007f94daf70000, 0x00007f94e5790000)
 tenured generation   total 11538772K, used 11538626K [0x00007f99d1b50000, 0x00007f9c91fa5000, 0x00007fa47c600000)
   the space 11538772K,  99% used [0x00007f99d1b50000, 0x00007f9c91f80a50, 0x00007f9c91f80c00, 0x00007f9c91fa5000)
 Metaspace       used 30988K, capacity 31397K, committed 31488K, reserved 32768K
}
Event: 47.748 GC heap before
{Heap before GC invocations=26 (full 3):
 def new generation   total 1549760K, used 172159K [0x00007f947c600000, 0x00007f94e5790000, 0x00007f99d1b50000)
  eden space 1377600K,   0% used [0x00007f947c600000, 0x00007f947c600000, 0x00007f94d0750000)
  from space 172160K,  99% used [0x00007f94d0750000, 0x00007f94daf6fe58, 0x00007f94daf70000)
  to   space 172160K,   0% used [0x00007f94daf70000, 0x00007f94daf70000, 0x00007f94e5790000)
 tenured generation   total 11538772K, used 11538626K [0x00007f99d1b50000, 0x00007f9c91fa5000, 0x00007fa47c600000)
   the space 11538772K,  99% used [0x00007f99d1b50000, 0x00007f9c91f80a50, 0x00007f9c91f80c00, 0x00007f9c91fa5000)
 Metaspace       used 30988K, capacity 31397K, committed 31488K, reserved 32768K
}

