# JRE version: OpenJDK Runtime Environment (13.0.7+5) (build 13.0.7+5-Ubuntu-0ubuntu120.04)
# Java VM: OpenJDK 64-Bit Server VM (13.0.7+5-Ubuntu-0ubuntu120.04, mixed mode, tiered, serial gc, linux-amd64)
Heap:
 def new generation   total 629248K, used 36733K [0x00007f5c98600000, 0x00007f5cc30c0000, 0x00007f61edb50000)
  eden space 559360K,   6% used [0x00007f5c98600000, 0x00007f5c9a9df4d8, 0x00007f5cba840000)
  from space 69888K,   0% used [0x00007f5cba840000, 0x00007f5cba840000, 0x00007f5cbec80000)
  to   space 69888K,   0% used [0x00007f5cbec80000, 0x00007f5cbec80000, 0x00007f5cc30c0000)
 tenured generation   total 1398912K, used 1398911K [0x00007f61edb50000, 0x00007f6243170000, 0x00007f6c98600000)
   the space 1398912K,  99% used [0x00007f61edb50000, 0x00007f624316ffb8, 0x00007f6243170000, 0x00007f6243170000)
 Metaspace       used 24179K, capacity 24589K, committed 24832K, reserved 26624K
GC Heap History (20 events):
Event: 310.825 GC heap after
{Heap after GC invocations=570 (full 1):
 def new generation   total 629248K, used 37036K [0x00007f5c98600000, 0x00007f5cc30c0000, 0x00007f61edb50000)
  eden space 559360K,   0% used [0x00007f5c98600000, 0x00007f5c98600000, 0x00007f5cba840000)
  from space 69888K,  52% used [0x00007f5cbec80000, 0x00007f5cc10ab128, 0x00007f5cc30c0000)
  to   space 69888K,   0% used [0x00007f5cba840000, 0x00007f5cba840000, 0x00007f5cbec80000)
 tenured generation   total 1398144K, used 1376628K [0x00007f61edb50000, 0x00007f62430b0000, 0x00007f6c98600000)
   the space 1398144K,  98% used [0x00007f61edb50000, 0x00007f6241bad148, 0x00007f6241bad200, 0x00007f62430b0000)
 Metaspace       used 24179K, capacity 24589K, committed 24832K, reserved 26624K
}
Event: 311.255 GC heap before
{Heap before GC invocations=570 (full 1):
 def new generation   total 629248K, used 596396K [0x00007f5c98600000, 0x00007f5cc30c0000, 0x00007f61edb50000)
  eden space 559360K, 100% used [0x00007f5c98600000, 0x00007f5cba840000, 0x00007f5cba840000)
  from space 69888K,  52% used [0x00007f5cbec80000, 0x00007f5cc10ab128, 0x00007f5cc30c0000)
  to   space 69888K,   0% used [0x00007f5cba840000, 0x00007f5cba840000, 0x00007f5cbec80000)
 tenured generation   total 1398144K, used 1376628K [0x00007f61edb50000, 0x00007f62430b0000, 0x00007f6c98600000)
   the space 1398144K,  98% used [0x00007f61edb50000, 0x00007f6241bad148, 0x00007f6241bad200, 0x00007f62430b0000)
 Metaspace       used 24179K, capacity 24589K, committed 24832K, reserved 26624K
}
Event: 311.328 GC heap after
{Heap after GC invocations=571 (full 1):
 def new generation   total 629248K, used 37022K [0x00007f5c98600000, 0x00007f5cc30c0000, 0x00007f61edb50000)
  eden space 559360K,   0% used [0x00007f5c98600000, 0x00007f5c98600000, 0x00007f5cba840000)
  from space 69888K,  52% used [0x00007f5cba840000, 0x00007f5cbcc67830, 0x00007f5cbec80000)
  to   space 69888K,   0% used [0x00007f5cbec80000, 0x00007f5cbec80000, 0x00007f5cc30c0000)
 tenured generation   total 1398144K, used 1379055K [0x00007f61edb50000, 0x00007f62430b0000, 0x00007f6c98600000)
   the space 1398144K,  98% used [0x00007f61edb50000, 0x00007f6241e0be48, 0x00007f6241e0c000, 0x00007f62430b0000)
 Metaspace       used 24179K, capacity 24589K, committed 24832K, reserved 26624K
}
Event: 311.786 GC heap before
{Heap before GC invocations=571 (full 1):
 def new generation   total 629248K, used 596382K [0x00007f5c98600000, 0x00007f5cc30c0000, 0x00007f61edb50000)
  eden space 559360K,  99% used [0x00007f5c98600000, 0x00007f5cba83ffe8, 0x00007f5cba840000)
  from space 69888K,  52% used [0x00007f5cba840000, 0x00007f5cbcc67830, 0x00007f5cbec80000)
  to   space 69888K,   0% used [0x00007f5cbec80000, 0x00007f5cbec80000, 0x00007f5cc30c0000)
 tenured generation   total 1398144K, used 1379055K [0x00007f61edb50000, 0x00007f62430b0000, 0x00007f6c98600000)
   the space 1398144K,  98% used [0x00007f61edb50000, 0x00007f6241e0be48, 0x00007f6241e0c000, 0x00007f62430b0000)
 Metaspace       used 24179K, capacity 24589K, committed 24832K, reserved 26624K
}
Event: 311.873 GC heap after
{Heap after GC invocations=572 (full 1):
 def new generation   total 629248K, used 36955K [0x00007f5c98600000, 0x00007f5cc30c0000, 0x00007f61edb50000)
  eden space 559360K,   0% used [0x00007f5c98600000, 0x00007f5c98600000, 0x00007f5cba840000)
  from space 69888K,  52% used [0x00007f5cbec80000, 0x00007f5cc1096ce8, 0x00007f5cc30c0000)
  to   space 69888K,   0% used [0x00007f5cba840000, 0x00007f5cba840000, 0x00007f5cbec80000)
 tenured generation   total 1398144K, used 1381551K [0x00007f61edb50000, 0x00007f62430b0000, 0x00007f6c98600000)
   the space 1398144K,  98% used [0x00007f61edb50000, 0x00007f624207bf20, 0x00007f624207c000, 0x00007f62430b0000)
 Metaspace       used 24179K, capacity 24589K, committed 24832K, reserved 26624K
}
Event: 312.324 GC heap before
{Heap before GC invocations=572 (full 1):
 def new generation   total 629248K, used 596315K [0x00007f5c98600000, 0x00007f5cc30c0000, 0x00007f61edb50000)
  eden space 559360K, 100% used [0x00007f5c98600000, 0x00007f5cba840000, 0x00007f5cba840000)
  from space 69888K,  52% used [0x00007f5cbec80000, 0x00007f5cc1096ce8, 0x00007f5cc30c0000)
  to   space 69888K,   0% used [0x00007f5cba840000, 0x00007f5cba840000, 0x00007f5cbec80000)
 tenured generation   total 1398144K, used 1381551K [0x00007f61edb50000, 0x00007f62430b0000, 0x00007f6c98600000)
   the space 1398144K,  98% used [0x00007f61edb50000, 0x00007f624207bf20, 0x00007f624207c000, 0x00007f62430b0000)
 Metaspace       used 24179K, capacity 24589K, committed 24832K, reserved 26624K
}
Event: 312.409 GC heap after
{Heap after GC invocations=573 (full 1):
 def new generation   total 629248K, used 36957K [0x00007f5c98600000, 0x00007f5cc30c0000, 0x00007f61edb50000)
  eden space 559360K,   0% used [0x00007f5c98600000, 0x00007f5c98600000, 0x00007f5cba840000)
  from space 69888K,  52% used [0x00007f5cba840000, 0x00007f5cbcc576a0, 0x00007f5cbec80000)
  to   space 69888K,   0% used [0x00007f5cbec80000, 0x00007f5cbec80000, 0x00007f5cc30c0000)
 tenured generation   total 1398144K, used 1384008K [0x00007f61edb50000, 0x00007f62430b0000, 0x00007f6c98600000)
   the space 1398144K,  98% used [0x00007f61edb50000, 0x00007f62422e2318, 0x00007f62422e2400, 0x00007f62430b0000)
 Metaspace       used 24179K, capacity 24589K, committed 24832K, reserved 26624K
}
Event: 312.848 GC heap before
{Heap before GC invocations=573 (full 1):
 def new generation   total 629248K, used 596317K [0x00007f5c98600000, 0x00007f5cc30c0000, 0x00007f61edb50000)
  eden space 559360K, 100% used [0x00007f5c98600000, 0x00007f5cba840000, 0x00007f5cba840000)
  from space 69888K,  52% used [0x00007f5cba840000, 0x00007f5cbcc576a0, 0x00007f5cbec80000)
  to   space 69888K,   0% used [0x00007f5cbec80000, 0x00007f5cbec80000, 0x00007f5cc30c0000)
 tenured generation   total 1398144K, used 1384008K [0x00007f61edb50000, 0x00007f62430b0000, 0x00007f6c98600000)
   the space 1398144K,  98% used [0x00007f61edb50000, 0x00007f62422e2318, 0x00007f62422e2400, 0x00007f62430b0000)
 Metaspace       used 24179K, capacity 24589K, committed 24832K, reserved 26624K
}
Event: 312.920 GC heap after
{Heap after GC invocations=574 (full 1):
 def new generation   total 629248K, used 36859K [0x00007f5c98600000, 0x00007f5cc30c0000, 0x00007f61edb50000)
  eden space 559360K,   0% used [0x00007f5c98600000, 0x00007f5c98600000, 0x00007f5cba840000)
  from space 69888K,  52% used [0x00007f5cbec80000, 0x00007f5cc107ed78, 0x00007f5cc30c0000)
  to   space 69888K,   0% used [0x00007f5cba840000, 0x00007f5cba840000, 0x00007f5cbec80000)
 tenured generation   total 1398144K, used 1386508K [0x00007f61edb50000, 0x00007f62430b0000, 0x00007f6c98600000)
   the space 1398144K,  99% used [0x00007f61edb50000, 0x00007f6242553098, 0x00007f6242553200, 0x00007f62430b0000)
 Metaspace       used 24179K, capacity 24589K, committed 24832K, reserved 26624K
}
Event: 313.349 GC heap before
{Heap before GC invocations=574 (full 1):
 def new generation   total 629248K, used 596219K [0x00007f5c98600000, 0x00007f5cc30c0000, 0x00007f61edb50000)
  eden space 559360K, 100% used [0x00007f5c98600000, 0x00007f5cba840000, 0x00007f5cba840000)
  from space 69888K,  52% used [0x00007f5cbec80000, 0x00007f5cc107ed78, 0x00007f5cc30c0000)
  to   space 69888K,   0% used [0x00007f5cba840000, 0x00007f5cba840000, 0x00007f5cbec80000)
 tenured generation   total 1398144K, used 1386508K [0x00007f61edb50000, 0x00007f62430b0000, 0x00007f6c98600000)
   the space 1398144K,  99% used [0x00007f61edb50000, 0x00007f6242553098, 0x00007f6242553200, 0x00007f62430b0000)
 Metaspace       used 24179K, capacity 24589K, committed 24832K, reserved 26624K
}
Event: 313.425 GC heap after
{Heap after GC invocations=575 (full 1):
 def new generation   total 629248K, used 36835K [0x00007f5c98600000, 0x00007f5cc30c0000, 0x00007f61edb50000)
  eden space 559360K,   0% used [0x00007f5c98600000, 0x00007f5c98600000, 0x00007f5cba840000)
  from space 69888K,  52% used [0x00007f5cba840000, 0x00007f5cbcc38ec0, 0x00007f5cbec80000)
  to   space 69888K,   0% used [0x00007f5cbec80000, 0x00007f5cbec80000, 0x00007f5cc30c0000)
 tenured generation   total 1398144K, used 1388975K [0x00007f61edb50000, 0x00007f62430b0000, 0x00007f6c98600000)
   the space 1398144K,  99% used [0x00007f61edb50000, 0x00007f62427bbfb0, 0x00007f62427bc000, 0x00007f62430b0000)
 Metaspace       used 24179K, capacity 24589K, committed 24832K, reserved 26624K
}
Event: 313.856 GC heap before
{Heap before GC invocations=575 (full 1):
 def new generation   total 629248K, used 596194K [0x00007f5c98600000, 0x00007f5cc30c0000, 0x00007f61edb50000)
  eden space 559360K,  99% used [0x00007f5c98600000, 0x00007f5cba83fa60, 0x00007f5cba840000)
  from space 69888K,  52% used [0x00007f5cba840000, 0x00007f5cbcc38ec0, 0x00007f5cbec80000)
  to   space 69888K,   0% used [0x00007f5cbec80000, 0x00007f5cbec80000, 0x00007f5cc30c0000)
 tenured generation   total 1398144K, used 1388975K [0x00007f61edb50000, 0x00007f62430b0000, 0x00007f6c98600000)
   the space 1398144K,  99% used [0x00007f61edb50000, 0x00007f62427bbfb0, 0x00007f62427bc000, 0x00007f62430b0000)
 Metaspace       used 24179K, capacity 24589K, committed 24832K, reserved 26624K
}
Event: 313.949 GC heap after
{Heap after GC invocations=576 (full 1):
 def new generation   total 629248K, used 36798K [0x00007f5c98600000, 0x00007f5cc30c0000, 0x00007f61edb50000)
  eden space 559360K,   0% used [0x00007f5c98600000, 0x00007f5c98600000, 0x00007f5cba840000)
  from space 69888K,  52% used [0x00007f5cbec80000, 0x00007f5cc106f9a0, 0x00007f5cc30c0000)
  to   space 69888K,   0% used [0x00007f5cba840000, 0x00007f5cba840000, 0x00007f5cbec80000)
 tenured generation   total 1398144K, used 1391472K [0x00007f61edb50000, 0x00007f62430b0000, 0x00007f6c98600000)
   the space 1398144K,  99% used [0x00007f61edb50000, 0x00007f6242a2c088, 0x00007f6242a2c200, 0x00007f62430b0000)
 Metaspace       used 24179K, capacity 24589K, committed 24832K, reserved 26624K
}
Event: 314.387 GC heap before
{Heap before GC invocations=576 (full 1):
 def new generation   total 629248K, used 596158K [0x00007f5c98600000, 0x00007f5cc30c0000, 0x00007f61edb50000)
  eden space 559360K, 100% used [0x00007f5c98600000, 0x00007f5cba840000, 0x00007f5cba840000)
  from space 69888K,  52% used [0x00007f5cbec80000, 0x00007f5cc106f9a0, 0x00007f5cc30c0000)
  to   space 69888K,   0% used [0x00007f5cba840000, 0x00007f5cba840000, 0x00007f5cbec80000)
 tenured generation   total 1398144K, used 1391472K [0x00007f61edb50000, 0x00007f62430b0000, 0x00007f6c98600000)
   the space 1398144K,  99% used [0x00007f61edb50000, 0x00007f6242a2c088, 0x00007f6242a2c200, 0x00007f62430b0000)
 Metaspace       used 24179K, capacity 24589K, committed 24832K, reserved 26624K
}
Event: 314.460 GC heap after
{Heap after GC invocations=577 (full 1):
 def new generation   total 629248K, used 36827K [0x00007f5c98600000, 0x00007f5cc30c0000, 0x00007f61edb50000)
  eden space 559360K,   0% used [0x00007f5c98600000, 0x00007f5c98600000, 0x00007f5cba840000)
  from space 69888K,  52% used [0x00007f5cba840000, 0x00007f5cbcc36d70, 0x00007f5cbec80000)
  to   space 69888K,   0% used [0x00007f5cbec80000, 0x00007f5cbec80000, 0x00007f5cc30c0000)
 tenured generation   total 1398144K, used 1393930K [0x00007f61edb50000, 0x00007f62430b0000, 0x00007f6c98600000)
   the space 1398144K,  99% used [0x00007f61edb50000, 0x00007f6242c92a38, 0x00007f6242c92c00, 0x00007f62430b0000)
 Metaspace       used 24179K, capacity 24589K, committed 24832K, reserved 26624K
}
Event: 314.925 GC heap before
{Heap before GC invocations=577 (full 1):
 def new generation   total 629248K, used 596187K [0x00007f5c98600000, 0x00007f5cc30c0000, 0x00007f61edb50000)
  eden space 559360K,  99% used [0x00007f5c98600000, 0x00007f5cba83ffb0, 0x00007f5cba840000)
  from space 69888K,  52% used [0x00007f5cba840000, 0x00007f5cbcc36d70, 0x00007f5cbec80000)
  to   space 69888K,   0% used [0x00007f5cbec80000, 0x00007f5cbec80000, 0x00007f5cc30c0000)
 tenured generation   total 1398144K, used 1393930K [0x00007f61edb50000, 0x00007f62430b0000, 0x00007f6c98600000)
   the space 1398144K,  99% used [0x00007f61edb50000, 0x00007f6242c92a38, 0x00007f6242c92c00, 0x00007f62430b0000)
 Metaspace       used 24179K, capacity 24589K, committed 24832K, reserved 26624K
}
Event: 315.006 GC heap after
{Heap after GC invocations=578 (full 1):
 def new generation   total 629248K, used 36787K [0x00007f5c98600000, 0x00007f5cc30c0000, 0x00007f61edb50000)
  eden space 559360K,   0% used [0x00007f5c98600000, 0x00007f5c98600000, 0x00007f5cba840000)
  from space 69888K,  52% used [0x00007f5cbec80000, 0x00007f5cc106cd80, 0x00007f5cc30c0000)
  to   space 69888K,   0% used [0x00007f5cba840000, 0x00007f5cba840000, 0x00007f5cbec80000)
 tenured generation   total 1398144K, used 1396400K [0x00007f61edb50000, 0x00007f62430b0000, 0x00007f6c98600000)
   the space 1398144K,  99% used [0x00007f61edb50000, 0x00007f6242efc140, 0x00007f6242efc200, 0x00007f62430b0000)
 Metaspace       used 24179K, capacity 24589K, committed 24832K, reserved 26624K
}
Event: 315.456 GC heap before
{Heap before GC invocations=578 (full 1):
 def new generation   total 629248K, used 596147K [0x00007f5c98600000, 0x00007f5cc30c0000, 0x00007f61edb50000)
  eden space 559360K, 100% used [0x00007f5c98600000, 0x00007f5cba840000, 0x00007f5cba840000)
  from space 69888K,  52% used [0x00007f5cbec80000, 0x00007f5cc106cd80, 0x00007f5cc30c0000)
  to   space 69888K,   0% used [0x00007f5cba840000, 0x00007f5cba840000, 0x00007f5cbec80000)
 tenured generation   total 1398144K, used 1396400K [0x00007f61edb50000, 0x00007f62430b0000, 0x00007f6c98600000)
   the space 1398144K,  99% used [0x00007f61edb50000, 0x00007f6242efc140, 0x00007f6242efc200, 0x00007f62430b0000)
 Metaspace       used 24179K, capacity 24589K, committed 24832K, reserved 26624K
}
Event: 315.539 GC heap after
{Heap after GC invocations=579 (full 1):
 def new generation   total 629248K, used 36790K [0x00007f5c98600000, 0x00007f5cc30c0000, 0x00007f61edb50000)
  eden space 559360K,   0% used [0x00007f5c98600000, 0x00007f5c98600000, 0x00007f5cba840000)
  from space 69888K,  52% used [0x00007f5cba840000, 0x00007f5cbcc2dae0, 0x00007f5cbec80000)
  to   space 69888K,   0% used [0x00007f5cbec80000, 0x00007f5cbec80000, 0x00007f5cc30c0000)
 tenured generation   total 1398912K, used 1398854K [0x00007f61edb50000, 0x00007f6243170000, 0x00007f6c98600000)
   the space 1398912K,  99% used [0x00007f61edb50000, 0x00007f62431619b0, 0x00007f6243161a00, 0x00007f6243170000)
 Metaspace       used 24179K, capacity 24589K, committed 24832K, reserved 26624K
}
Event: 315.539 GC heap before
{Heap before GC invocations=579 (full 1):
 def new generation   total 629248K, used 36790K [0x00007f5c98600000, 0x00007f5cc30c0000, 0x00007f61edb50000)
  eden space 559360K,   0% used [0x00007f5c98600000, 0x00007f5c98600000, 0x00007f5cba840000)
  from space 69888K,  52% used [0x00007f5cba840000, 0x00007f5cbcc2dae0, 0x00007f5cbec80000)
  to   space 69888K,   0% used [0x00007f5cbec80000, 0x00007f5cbec80000, 0x00007f5cc30c0000)
 tenured generation   total 1398912K, used 1398854K [0x00007f61edb50000, 0x00007f6243170000, 0x00007f6c98600000)
   the space 1398912K,  99% used [0x00007f61edb50000, 0x00007f62431619b0, 0x00007f6243161a00, 0x00007f6243170000)
 Metaspace       used 24179K, capacity 24589K, committed 24832K, reserved 26624K
}

