# JRE version: OpenJDK Runtime Environment (13.0.7+5) (build 13.0.7+5-Ubuntu-0ubuntu120.04)
# Java VM: OpenJDK 64-Bit Server VM (13.0.7+5-Ubuntu-0ubuntu120.04, mixed mode, tiered, serial gc, linux-amd64)
Heap:
 def new generation   total 4484800K, used 0K [0x00007fc818600000, 0x00007fc948850000, 0x00007fcd6db50000)
  eden space 3986496K,   0% used [0x00007fc818600000, 0x00007fc818600000, 0x00007fc90bb10000)
  from space 498304K,   0% used [0x00007fc90bb10000, 0x00007fc90bb10000, 0x00007fc92a1b0000)
  to   space 498304K,   0% used [0x00007fc92a1b0000, 0x00007fc92a1b0000, 0x00007fc948850000)
 tenured generation   total 10303048K, used 9071669K [0x00007fcd6db50000, 0x00007fcfe28e2000, 0x00007fd818600000)
   the space 10303048K,  88% used [0x00007fcd6db50000, 0x00007fcf9765d6a0, 0x00007fcf9765d800, 0x00007fcfe28e2000)
 Metaspace       used 30444K, capacity 30887K, committed 31232K, reserved 32768K
GC Heap History (20 events):
Event: 200.495 GC heap after
{Heap after GC invocations=63 (full 4):
 def new generation   total 2552576K, used 283584K [0x00007fc818600000, 0x00007fc8c57b0000, 0x00007fcd6db50000)
  eden space 2268992K,   0% used [0x00007fc818600000, 0x00007fc818600000, 0x00007fc8a2dd0000)
  from space 283584K, 100% used [0x00007fc8b42c0000, 0x00007fc8c57b0000, 0x00007fc8c57b0000)
  to   space 283584K,   0% used [0x00007fc8a2dd0000, 0x00007fc8a2dd0000, 0x00007fc8b42c0000)
 tenured generation   total 6501312K, used 6501199K [0x00007fcd6db50000, 0x00007fcefa840000, 0x00007fd818600000)
   the space 6501312K,  99% used [0x00007fcd6db50000, 0x00007fcefa823df8, 0x00007fcefa823e00, 0x00007fcefa840000)
 Metaspace       used 30444K, capacity 30887K, committed 31232K, reserved 32768K
}
Event: 200.495 GC heap before
{Heap before GC invocations=63 (full 4):
 def new generation   total 2552576K, used 283584K [0x00007fc818600000, 0x00007fc8c57b0000, 0x00007fcd6db50000)
  eden space 2268992K,   0% used [0x00007fc818600000, 0x00007fc818600000, 0x00007fc8a2dd0000)
  from space 283584K, 100% used [0x00007fc8b42c0000, 0x00007fc8c57b0000, 0x00007fc8c57b0000)
  to   space 283584K,   0% used [0x00007fc8a2dd0000, 0x00007fc8a2dd0000, 0x00007fc8b42c0000)
 tenured generation   total 6501312K, used 6501199K [0x00007fcd6db50000, 0x00007fcefa840000, 0x00007fd818600000)
   the space 6501312K,  99% used [0x00007fcd6db50000, 0x00007fcefa823df8, 0x00007fcefa823e00, 0x00007fcefa840000)
 Metaspace       used 30444K, capacity 30887K, committed 31232K, reserved 32768K
}
Event: 215.655 GC heap after
{Heap after GC invocations=63 (full 5):
 def new generation   total 4484800K, used 0K [0x00007fc818600000, 0x00007fc948850000, 0x00007fcd6db50000)
  eden space 3986496K,   0% used [0x00007fc818600000, 0x00007fc818600000, 0x00007fc90bb10000)
  from space 498304K,   0% used [0x00007fc90bb10000, 0x00007fc90bb10000, 0x00007fc92a1b0000)
  to   space 498304K,   0% used [0x00007fc92a1b0000, 0x00007fc92a1b0000, 0x00007fc948850000)
 tenured generation   total 9966088K, used 5979650K [0x00007fcd6db50000, 0x00007fcfcdfd2000, 0x00007fd818600000)
   the space 9966088K,  59% used [0x00007fcd6db50000, 0x00007fcedaad09a0, 0x00007fcedaad0a00, 0x00007fcfcdfd2000)
 Metaspace       used 30444K, capacity 30887K, committed 31232K, reserved 32768K
}
Event: 363.493 GC heap before
{Heap before GC invocations=63 (full 5):
 def new generation   total 4484800K, used 3986496K [0x00007fc818600000, 0x00007fc948850000, 0x00007fcd6db50000)
  eden space 3986496K, 100% used [0x00007fc818600000, 0x00007fc90bb10000, 0x00007fc90bb10000)
  from space 498304K,   0% used [0x00007fc90bb10000, 0x00007fc90bb10000, 0x00007fc92a1b0000)
  to   space 498304K,   0% used [0x00007fc92a1b0000, 0x00007fc92a1b0000, 0x00007fc948850000)
 tenured generation   total 9966088K, used 5979650K [0x00007fcd6db50000, 0x00007fcfcdfd2000, 0x00007fd818600000)
   the space 9966088K,  59% used [0x00007fcd6db50000, 0x00007fcedaad09a0, 0x00007fcedaad0a00, 0x00007fcfcdfd2000)
 Metaspace       used 30444K, capacity 30887K, committed 31232K, reserved 32768K
}
Event: 365.146 GC heap after
{Heap after GC invocations=64 (full 5):
 def new generation   total 4484800K, used 498304K [0x00007fc818600000, 0x00007fc948850000, 0x00007fcd6db50000)
  eden space 3986496K,   0% used [0x00007fc818600000, 0x00007fc818600000, 0x00007fc90bb10000)
  from space 498304K, 100% used [0x00007fc92a1b0000, 0x00007fc948850000, 0x00007fc948850000)
  to   space 498304K,   0% used [0x00007fc90bb10000, 0x00007fc90bb10000, 0x00007fc92a1b0000)
 tenured generation   total 9966088K, used 6320602K [0x00007fcd6db50000, 0x00007fcfcdfd2000, 0x00007fd818600000)
   the space 9966088K,  63% used [0x00007fcd6db50000, 0x00007fceef7c6a60, 0x00007fceef7c6c00, 0x00007fcfcdfd2000)
 Metaspace       used 30444K, capacity 30887K, committed 31232K, reserved 32768K
}
Event: 541.505 GC heap before
{Heap before GC invocations=64 (full 5):
 def new generation   total 4484800K, used 4484800K [0x00007fc818600000, 0x00007fc948850000, 0x00007fcd6db50000)
  eden space 3986496K, 100% used [0x00007fc818600000, 0x00007fc90bb10000, 0x00007fc90bb10000)
  from space 498304K, 100% used [0x00007fc92a1b0000, 0x00007fc948850000, 0x00007fc948850000)
  to   space 498304K,   0% used [0x00007fc90bb10000, 0x00007fc90bb10000, 0x00007fc92a1b0000)
 tenured generation   total 9966088K, used 6320602K [0x00007fcd6db50000, 0x00007fcfcdfd2000, 0x00007fd818600000)
   the space 9966088K,  63% used [0x00007fcd6db50000, 0x00007fceef7c6a60, 0x00007fceef7c6c00, 0x00007fcfcdfd2000)
 Metaspace       used 30444K, capacity 30887K, committed 31232K, reserved 32768K
}
Event: 543.566 GC heap after
{Heap after GC invocations=65 (full 5):
 def new generation   total 4484800K, used 498303K [0x00007fc818600000, 0x00007fc948850000, 0x00007fcd6db50000)
  eden space 3986496K,   0% used [0x00007fc818600000, 0x00007fc818600000, 0x00007fc90bb10000)
  from space 498304K,  99% used [0x00007fc90bb10000, 0x00007fc92a1afff0, 0x00007fc92a1b0000)
  to   space 498304K,   0% used [0x00007fc92a1b0000, 0x00007fc92a1b0000, 0x00007fc948850000)
 tenured generation   total 9966088K, used 7159858K [0x00007fcd6db50000, 0x00007fcfcdfd2000, 0x00007fd818600000)
   the space 9966088K,  71% used [0x00007fcd6db50000, 0x00007fcf22b5cb20, 0x00007fcf22b5cc00, 0x00007fcfcdfd2000)
 Metaspace       used 30444K, capacity 30887K, committed 31232K, reserved 32768K
}
Event: 626.101 GC heap before
{Heap before GC invocations=65 (full 5):
 def new generation   total 4484800K, used 4484799K [0x00007fc818600000, 0x00007fc948850000, 0x00007fcd6db50000)
  eden space 3986496K, 100% used [0x00007fc818600000, 0x00007fc90bb10000, 0x00007fc90bb10000)
  from space 498304K,  99% used [0x00007fc90bb10000, 0x00007fc92a1afff0, 0x00007fc92a1b0000)
  to   space 498304K,   0% used [0x00007fc92a1b0000, 0x00007fc92a1b0000, 0x00007fc948850000)
 tenured generation   total 9966088K, used 7159858K [0x00007fcd6db50000, 0x00007fcfcdfd2000, 0x00007fd818600000)
   the space 9966088K,  71% used [0x00007fcd6db50000, 0x00007fcf22b5cb20, 0x00007fcf22b5cc00, 0x00007fcfcdfd2000)
 Metaspace       used 30444K, capacity 30887K, committed 31232K, reserved 32768K
}
Event: 629.635 GC heap after
{Heap after GC invocations=66 (full 5):
 def new generation   total 4484800K, used 498303K [0x00007fc818600000, 0x00007fc948850000, 0x00007fcd6db50000)
  eden space 3986496K,   0% used [0x00007fc818600000, 0x00007fc818600000, 0x00007fc90bb10000)
  from space 498304K,  99% used [0x00007fc92a1b0000, 0x00007fc94884fff0, 0x00007fc948850000)
  to   space 498304K,   0% used [0x00007fc90bb10000, 0x00007fc90bb10000, 0x00007fc92a1b0000)
 tenured generation   total 9966088K, used 7936924K [0x00007fcd6db50000, 0x00007fcfcdfd2000, 0x00007fd818600000)
   the space 9966088K,  79% used [0x00007fcd6db50000, 0x00007fcf522373c0, 0x00007fcf52237400, 0x00007fcfcdfd2000)
 Metaspace       used 30444K, capacity 30887K, committed 31232K, reserved 32768K
}
Event: 631.405 GC heap before
{Heap before GC invocations=66 (full 5):
 def new generation   total 4484800K, used 4484799K [0x00007fc818600000, 0x00007fc948850000, 0x00007fcd6db50000)
  eden space 3986496K, 100% used [0x00007fc818600000, 0x00007fc90bb10000, 0x00007fc90bb10000)
  from space 498304K,  99% used [0x00007fc92a1b0000, 0x00007fc94884fff0, 0x00007fc948850000)
  to   space 498304K,   0% used [0x00007fc90bb10000, 0x00007fc90bb10000, 0x00007fc92a1b0000)
 tenured generation   total 9966088K, used 7936924K [0x00007fcd6db50000, 0x00007fcfcdfd2000, 0x00007fd818600000)
   the space 9966088K,  79% used [0x00007fcd6db50000, 0x00007fcf522373c0, 0x00007fcf52237400, 0x00007fcfcdfd2000)
 Metaspace       used 30444K, capacity 30887K, committed 31232K, reserved 32768K
}
Event: 632.839 GC heap after
{Heap after GC invocations=67 (full 5):
 def new generation   total 4484800K, used 462736K [0x00007fc818600000, 0x00007fc948850000, 0x00007fcd6db50000)
  eden space 3986496K,   0% used [0x00007fc818600000, 0x00007fc818600000, 0x00007fc90bb10000)
  from space 498304K,  92% used [0x00007fc90bb10000, 0x00007fc927ef43a8, 0x00007fc92a1b0000)
  to   space 498304K,   0% used [0x00007fc92a1b0000, 0x00007fc92a1b0000, 0x00007fc948850000)
 tenured generation   total 9966088K, used 8435228K [0x00007fcd6db50000, 0x00007fcfcdfd2000, 0x00007fd818600000)
   the space 9966088K,  84% used [0x00007fcd6db50000, 0x00007fcf708d71a0, 0x00007fcf708d7200, 0x00007fcfcdfd2000)
 Metaspace       used 30444K, capacity 30887K, committed 31232K, reserved 32768K
}
Event: 634.819 GC heap before
{Heap before GC invocations=67 (full 5):
 def new generation   total 4484800K, used 4449232K [0x00007fc818600000, 0x00007fc948850000, 0x00007fcd6db50000)
  eden space 3986496K, 100% used [0x00007fc818600000, 0x00007fc90bb10000, 0x00007fc90bb10000)
  from space 498304K,  92% used [0x00007fc90bb10000, 0x00007fc927ef43a8, 0x00007fc92a1b0000)
  to   space 498304K,   0% used [0x00007fc92a1b0000, 0x00007fc92a1b0000, 0x00007fc948850000)
 tenured generation   total 9966088K, used 8435228K [0x00007fcd6db50000, 0x00007fcfcdfd2000, 0x00007fd818600000)
   the space 9966088K,  84% used [0x00007fcd6db50000, 0x00007fcf708d71a0, 0x00007fcf708d7200, 0x00007fcfcdfd2000)
 Metaspace       used 30444K, capacity 30887K, committed 31232K, reserved 32768K
}
Event: 636.179 GC heap after
{Heap after GC invocations=68 (full 5):
 def new generation   total 4484800K, used 473177K [0x00007fc818600000, 0x00007fc948850000, 0x00007fcd6db50000)
  eden space 3986496K,   0% used [0x00007fc818600000, 0x00007fc818600000, 0x00007fc90bb10000)
  from space 498304K,  94% used [0x00007fc92a1b0000, 0x00007fc946fc67b8, 0x00007fc948850000)
  to   space 498304K,   0% used [0x00007fc90bb10000, 0x00007fc90bb10000, 0x00007fc92a1b0000)
 tenured generation   total 9966088K, used 8897965K [0x00007fcd6db50000, 0x00007fcfcdfd2000, 0x00007fd818600000)
   the space 9966088K,  89% used [0x00007fcd6db50000, 0x00007fcf8ccbb468, 0x00007fcf8ccbb600, 0x00007fcfcdfd2000)
 Metaspace       used 30444K, capacity 30887K, committed 31232K, reserved 32768K
}
Event: 637.381 GC heap before
{Heap before GC invocations=68 (full 5):
 def new generation   total 4484800K, used 4459673K [0x00007fc818600000, 0x00007fc948850000, 0x00007fcd6db50000)
  eden space 3986496K, 100% used [0x00007fc818600000, 0x00007fc90bb10000, 0x00007fc90bb10000)
  from space 498304K,  94% used [0x00007fc92a1b0000, 0x00007fc946fc67b8, 0x00007fc948850000)
  to   space 498304K,   0% used [0x00007fc90bb10000, 0x00007fc90bb10000, 0x00007fc92a1b0000)
 tenured generation   total 9966088K, used 8897965K [0x00007fcd6db50000, 0x00007fcfcdfd2000, 0x00007fd818600000)
   the space 9966088K,  89% used [0x00007fcd6db50000, 0x00007fcf8ccbb468, 0x00007fcf8ccbb600, 0x00007fcfcdfd2000)
 Metaspace       used 30444K, capacity 30887K, committed 31232K, reserved 32768K
}
Event: 638.741 GC heap after
{Heap after GC invocations=69 (full 5):
 def new generation   total 4484800K, used 464236K [0x00007fc818600000, 0x00007fc948850000, 0x00007fcd6db50000)
  eden space 3986496K,   0% used [0x00007fc818600000, 0x00007fc818600000, 0x00007fc90bb10000)
  from space 498304K,  93% used [0x00007fc90bb10000, 0x00007fc92806b368, 0x00007fc92a1b0000)
  to   space 498304K,   0% used [0x00007fc92a1b0000, 0x00007fc92a1b0000, 0x00007fc948850000)
 tenured generation   total 9966088K, used 9371143K [0x00007fcd6db50000, 0x00007fcfcdfd2000, 0x00007fd818600000)
   the space 9966088K,  94% used [0x00007fcd6db50000, 0x00007fcfa9ad1c20, 0x00007fcfa9ad1e00, 0x00007fcfcdfd2000)
 Metaspace       used 30444K, capacity 30887K, committed 31232K, reserved 32768K
}
Event: 639.918 GC heap before
{Heap before GC invocations=69 (full 5):
 def new generation   total 4484800K, used 4450732K [0x00007fc818600000, 0x00007fc948850000, 0x00007fcd6db50000)
  eden space 3986496K, 100% used [0x00007fc818600000, 0x00007fc90bb10000, 0x00007fc90bb10000)
  from space 498304K,  93% used [0x00007fc90bb10000, 0x00007fc92806b368, 0x00007fc92a1b0000)
  to   space 498304K,   0% used [0x00007fc92a1b0000, 0x00007fc92a1b0000, 0x00007fc948850000)
 tenured generation   total 9966088K, used 9371143K [0x00007fcd6db50000, 0x00007fcfcdfd2000, 0x00007fd818600000)
   the space 9966088K,  94% used [0x00007fcd6db50000, 0x00007fcfa9ad1c20, 0x00007fcfa9ad1e00, 0x00007fcfcdfd2000)
 Metaspace       used 30444K, capacity 30887K, committed 31232K, reserved 32768K
}
Event: 641.284 GC heap after
{Heap after GC invocations=70 (full 5):
 def new generation   total 4484800K, used 467529K [0x00007fc818600000, 0x00007fc948850000, 0x00007fcd6db50000)
  eden space 3986496K,   0% used [0x00007fc818600000, 0x00007fc818600000, 0x00007fc90bb10000)
  from space 498304K,  93% used [0x00007fc92a1b0000, 0x00007fc946a42608, 0x00007fc948850000)
  to   space 498304K,   0% used [0x00007fc90bb10000, 0x00007fc90bb10000, 0x00007fc92a1b0000)
 tenured generation   total 9966088K, used 9835379K [0x00007fcd6db50000, 0x00007fcfcdfd2000, 0x00007fd818600000)
   the space 9966088K,  98% used [0x00007fcd6db50000, 0x00007fcfc602cd98, 0x00007fcfc602ce00, 0x00007fcfcdfd2000)
 Metaspace       used 30444K, capacity 30887K, committed 31232K, reserved 32768K
}
Event: 642.463 GC heap before
{Heap before GC invocations=70 (full 5):
 def new generation   total 4484800K, used 4454025K [0x00007fc818600000, 0x00007fc948850000, 0x00007fcd6db50000)
  eden space 3986496K, 100% used [0x00007fc818600000, 0x00007fc90bb10000, 0x00007fc90bb10000)
  from space 498304K,  93% used [0x00007fc92a1b0000, 0x00007fc946a42608, 0x00007fc948850000)
  to   space 498304K,   0% used [0x00007fc90bb10000, 0x00007fc90bb10000, 0x00007fc92a1b0000)
 tenured generation   total 9966088K, used 9835379K [0x00007fcd6db50000, 0x00007fcfcdfd2000, 0x00007fd818600000)
   the space 9966088K,  98% used [0x00007fcd6db50000, 0x00007fcfc602cd98, 0x00007fcfc602ce00, 0x00007fcfcdfd2000)
 Metaspace       used 30444K, capacity 30887K, committed 31232K, reserved 32768K
}
Event: 643.859 GC heap after
{Heap after GC invocations=71 (full 5):
 def new generation   total 4484800K, used 474689K [0x00007fc818600000, 0x00007fc948850000, 0x00007fcd6db50000)
  eden space 3986496K,   0% used [0x00007fc818600000, 0x00007fc818600000, 0x00007fc90bb10000)
  from space 498304K,  95% used [0x00007fc90bb10000, 0x00007fc928aa07d8, 0x00007fc92a1b0000)
  to   space 498304K,   0% used [0x00007fc92a1b0000, 0x00007fc92a1b0000, 0x00007fc948850000)
 tenured generation   total 10303048K, used 10302908K [0x00007fcd6db50000, 0x00007fcfe28e2000, 0x00007fd818600000)
   the space 10303048K,  99% used [0x00007fcd6db50000, 0x00007fcfe28bf170, 0x00007fcfe28bf200, 0x00007fcfe28e2000)
 Metaspace       used 30444K, capacity 30887K, committed 31232K, reserved 32768K
}
Event: 643.859 GC heap before
{Heap before GC invocations=71 (full 5):
 def new generation   total 4484800K, used 474689K [0x00007fc818600000, 0x00007fc948850000, 0x00007fcd6db50000)
  eden space 3986496K,   0% used [0x00007fc818600000, 0x00007fc818600000, 0x00007fc90bb10000)
  from space 498304K,  95% used [0x00007fc90bb10000, 0x00007fc928aa07d8, 0x00007fc92a1b0000)
  to   space 498304K,   0% used [0x00007fc92a1b0000, 0x00007fc92a1b0000, 0x00007fc948850000)
 tenured generation   total 10303048K, used 10302908K [0x00007fcd6db50000, 0x00007fcfe28e2000, 0x00007fd818600000)
   the space 10303048K,  99% used [0x00007fcd6db50000, 0x00007fcfe28bf170, 0x00007fcfe28bf200, 0x00007fcfe28e2000)
 Metaspace       used 30444K, capacity 30887K, committed 31232K, reserved 32768K
}

