# JRE version: OpenJDK Runtime Environment (13.0.7+5) (build 13.0.7+5-Ubuntu-0ubuntu120.04)
# Java VM: OpenJDK 64-Bit Server VM (13.0.7+5-Ubuntu-0ubuntu120.04, mixed mode, tiered, serial gc, linux-amd64)
Heap:
 def new generation   total 8127360K, used 324128K [0x00007ef974600000, 0x00007efb9b8b0000, 0x00007efec9b50000)
  eden space 7224384K,   4% used [0x00007ef974600000, 0x00007ef988288368, 0x00007efb2d510000)
  from space 902976K,   0% used [0x00007efb2d510000, 0x00007efb2d510000, 0x00007efb646e0000)
  to   space 902976K,   0% used [0x00007efb646e0000, 0x00007efb646e0000, 0x00007efb9b8b0000)
 tenured generation   total 18065420K, used 18065419K [0x00007efec9b50000, 0x00007f0318553000, 0x00007f0974600000)
   the space 18065420K,  99% used [0x00007efec9b50000, 0x00007f0318552dd0, 0x00007f0318552e00, 0x00007f0318553000)
 Metaspace       used 24218K, capacity 24646K, committed 24832K, reserved 26624K
GC Heap History (20 events):
Event: 6590.639 GC heap after
{Heap after GC invocations=2796 (full 6):
 def new generation   total 8127360K, used 298750K [0x00007ef974600000, 0x00007efb9b8b0000, 0x00007efec9b50000)
  eden space 7224384K,   0% used [0x00007ef974600000, 0x00007ef974600000, 0x00007efb2d510000)
  from space 902976K,  33% used [0x00007efb646e0000, 0x00007efb76a9f8e8, 0x00007efb9b8b0000)
  to   space 902976K,   0% used [0x00007efb2d510000, 0x00007efb2d510000, 0x00007efb646e0000)
 tenured generation   total 18060620K, used 17892542K [0x00007efec9b50000, 0x00007f03180a3000, 0x00007f0974600000)
   the space 18060620K,  99% used [0x00007efec9b50000, 0x00007f030dc7fb88, 0x00007f030dc7fc00, 0x00007f03180a3000)
 Metaspace       used 24218K, capacity 24646K, committed 24832K, reserved 26624K
}
Event: 6597.500 GC heap before
{Heap before GC invocations=2796 (full 6):
 def new generation   total 8127360K, used 7523134K [0x00007ef974600000, 0x00007efb9b8b0000, 0x00007efec9b50000)
  eden space 7224384K, 100% used [0x00007ef974600000, 0x00007efb2d510000, 0x00007efb2d510000)
  from space 902976K,  33% used [0x00007efb646e0000, 0x00007efb76a9f8e8, 0x00007efb9b8b0000)
  to   space 902976K,   0% used [0x00007efb2d510000, 0x00007efb2d510000, 0x00007efb646e0000)
 tenured generation   total 18060620K, used 17892542K [0x00007efec9b50000, 0x00007f03180a3000, 0x00007f0974600000)
   the space 18060620K,  99% used [0x00007efec9b50000, 0x00007f030dc7fb88, 0x00007f030dc7fc00, 0x00007f03180a3000)
 Metaspace       used 24218K, capacity 24646K, committed 24832K, reserved 26624K
}
Event: 6598.102 GC heap after
{Heap after GC invocations=2797 (full 6):
 def new generation   total 8127360K, used 300469K [0x00007ef974600000, 0x00007efb9b8b0000, 0x00007efec9b50000)
  eden space 7224384K,   0% used [0x00007ef974600000, 0x00007ef974600000, 0x00007efb2d510000)
  from space 902976K,  33% used [0x00007efb2d510000, 0x00007efb3fa7d668, 0x00007efb646e0000)
  to   space 902976K,   0% used [0x00007efb646e0000, 0x00007efb646e0000, 0x00007efb9b8b0000)
 tenured generation   total 18060620K, used 17914521K [0x00007efec9b50000, 0x00007f03180a3000, 0x00007f0974600000)
   the space 18060620K,  99% used [0x00007efec9b50000, 0x00007f030f1f67c8, 0x00007f030f1f6800, 0x00007f03180a3000)
 Metaspace       used 24218K, capacity 24646K, committed 24832K, reserved 26624K
}
Event: 6604.764 GC heap before
{Heap before GC invocations=2797 (full 6):
 def new generation   total 8127360K, used 7524853K [0x00007ef974600000, 0x00007efb9b8b0000, 0x00007efec9b50000)
  eden space 7224384K, 100% used [0x00007ef974600000, 0x00007efb2d510000, 0x00007efb2d510000)
  from space 902976K,  33% used [0x00007efb2d510000, 0x00007efb3fa7d668, 0x00007efb646e0000)
  to   space 902976K,   0% used [0x00007efb646e0000, 0x00007efb646e0000, 0x00007efb9b8b0000)
 tenured generation   total 18060620K, used 17914521K [0x00007efec9b50000, 0x00007f03180a3000, 0x00007f0974600000)
   the space 18060620K,  99% used [0x00007efec9b50000, 0x00007f030f1f67c8, 0x00007f030f1f6800, 0x00007f03180a3000)
 Metaspace       used 24218K, capacity 24646K, committed 24832K, reserved 26624K
}
Event: 6605.380 GC heap after
{Heap after GC invocations=2798 (full 6):
 def new generation   total 8127360K, used 309423K [0x00007ef974600000, 0x00007efb9b8b0000, 0x00007efec9b50000)
  eden space 7224384K,   0% used [0x00007ef974600000, 0x00007ef974600000, 0x00007efb2d510000)
  from space 902976K,  34% used [0x00007efb646e0000, 0x00007efb7750bed0, 0x00007efb9b8b0000)
  to   space 902976K,   0% used [0x00007efb2d510000, 0x00007efb2d510000, 0x00007efb646e0000)
 tenured generation   total 18060620K, used 17927871K [0x00007efec9b50000, 0x00007f03180a3000, 0x00007f0974600000)
   the space 18060620K,  99% used [0x00007efec9b50000, 0x00007f030feffdc8, 0x00007f030feffe00, 0x00007f03180a3000)
 Metaspace       used 24218K, capacity 24646K, committed 24832K, reserved 26624K
}
Event: 6612.207 GC heap before
{Heap before GC invocations=2798 (full 6):
 def new generation   total 8127360K, used 7533807K [0x00007ef974600000, 0x00007efb9b8b0000, 0x00007efec9b50000)
  eden space 7224384K, 100% used [0x00007ef974600000, 0x00007efb2d510000, 0x00007efb2d510000)
  from space 902976K,  34% used [0x00007efb646e0000, 0x00007efb7750bed0, 0x00007efb9b8b0000)
  to   space 902976K,   0% used [0x00007efb2d510000, 0x00007efb2d510000, 0x00007efb646e0000)
 tenured generation   total 18060620K, used 17927871K [0x00007efec9b50000, 0x00007f03180a3000, 0x00007f0974600000)
   the space 18060620K,  99% used [0x00007efec9b50000, 0x00007f030feffdc8, 0x00007f030feffe00, 0x00007f03180a3000)
 Metaspace       used 24218K, capacity 24646K, committed 24832K, reserved 26624K
}
Event: 6612.821 GC heap after
{Heap after GC invocations=2799 (full 6):
 def new generation   total 8127360K, used 307837K [0x00007ef974600000, 0x00007efb9b8b0000, 0x00007efec9b50000)
  eden space 7224384K,   0% used [0x00007ef974600000, 0x00007ef974600000, 0x00007efb2d510000)
  from space 902976K,  34% used [0x00007efb2d510000, 0x00007efb401af5f8, 0x00007efb646e0000)
  to   space 902976K,   0% used [0x00007efb646e0000, 0x00007efb646e0000, 0x00007efb9b8b0000)
 tenured generation   total 18060620K, used 17951517K [0x00007efec9b50000, 0x00007f03180a3000, 0x00007f0974600000)
   the space 18060620K,  99% used [0x00007efec9b50000, 0x00007f0311617660, 0x00007f0311617800, 0x00007f03180a3000)
 Metaspace       used 24218K, capacity 24646K, committed 24832K, reserved 26624K
}
Event: 6620.840 GC heap before
{Heap before GC invocations=2799 (full 6):
 def new generation   total 8127360K, used 7532221K [0x00007ef974600000, 0x00007efb9b8b0000, 0x00007efec9b50000)
  eden space 7224384K, 100% used [0x00007ef974600000, 0x00007efb2d510000, 0x00007efb2d510000)
  from space 902976K,  34% used [0x00007efb2d510000, 0x00007efb401af5f8, 0x00007efb646e0000)
  to   space 902976K,   0% used [0x00007efb646e0000, 0x00007efb646e0000, 0x00007efb9b8b0000)
 tenured generation   total 18060620K, used 17951517K [0x00007efec9b50000, 0x00007f03180a3000, 0x00007f0974600000)
   the space 18060620K,  99% used [0x00007efec9b50000, 0x00007f0311617660, 0x00007f0311617800, 0x00007f03180a3000)
 Metaspace       used 24218K, capacity 24646K, committed 24832K, reserved 26624K
}
Event: 6621.456 GC heap after
{Heap after GC invocations=2800 (full 6):
 def new generation   total 8127360K, used 307851K [0x00007ef974600000, 0x00007efb9b8b0000, 0x00007efec9b50000)
  eden space 7224384K,   0% used [0x00007ef974600000, 0x00007ef974600000, 0x00007efb2d510000)
  from space 902976K,  34% used [0x00007efb646e0000, 0x00007efb77382e90, 0x00007efb9b8b0000)
  to   space 902976K,   0% used [0x00007efb2d510000, 0x00007efb2d510000, 0x00007efb646e0000)
 tenured generation   total 18060620K, used 17967591K [0x00007efec9b50000, 0x00007f03180a3000, 0x00007f0974600000)
   the space 18060620K,  99% used [0x00007efec9b50000, 0x00007f03125c9f40, 0x00007f03125ca000, 0x00007f03180a3000)
 Metaspace       used 24218K, capacity 24646K, committed 24832K, reserved 26624K
}
Event: 6628.884 GC heap before
{Heap before GC invocations=2800 (full 6):
 def new generation   total 8127360K, used 7532235K [0x00007ef974600000, 0x00007efb9b8b0000, 0x00007efec9b50000)
  eden space 7224384K, 100% used [0x00007ef974600000, 0x00007efb2d510000, 0x00007efb2d510000)
  from space 902976K,  34% used [0x00007efb646e0000, 0x00007efb77382e90, 0x00007efb9b8b0000)
  to   space 902976K,   0% used [0x00007efb2d510000, 0x00007efb2d510000, 0x00007efb646e0000)
 tenured generation   total 18060620K, used 17967591K [0x00007efec9b50000, 0x00007f03180a3000, 0x00007f0974600000)
   the space 18060620K,  99% used [0x00007efec9b50000, 0x00007f03125c9f40, 0x00007f03125ca000, 0x00007f03180a3000)
 Metaspace       used 24218K, capacity 24646K, committed 24832K, reserved 26624K
}
Event: 6629.603 GC heap after
{Heap after GC invocations=2801 (full 6):
 def new generation   total 8127360K, used 306513K [0x00007ef974600000, 0x00007efb9b8b0000, 0x00007efec9b50000)
  eden space 7224384K,   0% used [0x00007ef974600000, 0x00007ef974600000, 0x00007efb2d510000)
  from space 902976K,  33% used [0x00007efb2d510000, 0x00007efb40064470, 0x00007efb646e0000)
  to   space 902976K,   0% used [0x00007efb646e0000, 0x00007efb646e0000, 0x00007efb9b8b0000)
 tenured generation   total 18060620K, used 17993054K [0x00007efec9b50000, 0x00007f03180a3000, 0x00007f0974600000)
   the space 18060620K,  99% used [0x00007efec9b50000, 0x00007f0313ea79a8, 0x00007f0313ea7a00, 0x00007f03180a3000)
 Metaspace       used 24218K, capacity 24646K, committed 24832K, reserved 26624K
}
Event: 6636.431 GC heap before
{Heap before GC invocations=2801 (full 6):
 def new generation   total 8127360K, used 7530897K [0x00007ef974600000, 0x00007efb9b8b0000, 0x00007efec9b50000)
  eden space 7224384K, 100% used [0x00007ef974600000, 0x00007efb2d510000, 0x00007efb2d510000)
  from space 902976K,  33% used [0x00007efb2d510000, 0x00007efb40064470, 0x00007efb646e0000)
  to   space 902976K,   0% used [0x00007efb646e0000, 0x00007efb646e0000, 0x00007efb9b8b0000)
 tenured generation   total 18060620K, used 17993054K [0x00007efec9b50000, 0x00007f03180a3000, 0x00007f0974600000)
   the space 18060620K,  99% used [0x00007efec9b50000, 0x00007f0313ea79a8, 0x00007f0313ea7a00, 0x00007f03180a3000)
 Metaspace       used 24218K, capacity 24646K, committed 24832K, reserved 26624K
}
Event: 6637.054 GC heap after
{Heap after GC invocations=2802 (full 6):
 def new generation   total 8127360K, used 310223K [0x00007ef974600000, 0x00007efb9b8b0000, 0x00007efec9b50000)
  eden space 7224384K,   0% used [0x00007ef974600000, 0x00007ef974600000, 0x00007efb2d510000)
  from space 902976K,  34% used [0x00007efb646e0000, 0x00007efb775d3db0, 0x00007efb9b8b0000)
  to   space 902976K,   0% used [0x00007efb2d510000, 0x00007efb2d510000, 0x00007efb646e0000)
 tenured generation   total 18060620K, used 18012863K [0x00007efec9b50000, 0x00007f03180a3000, 0x00007f0974600000)
   the space 18060620K,  99% used [0x00007efec9b50000, 0x00007f03151fffc0, 0x00007f0315200000, 0x00007f03180a3000)
 Metaspace       used 24218K, capacity 24646K, committed 24832K, reserved 26624K
}
Event: 6643.755 GC heap before
{Heap before GC invocations=2802 (full 6):
 def new generation   total 8127360K, used 7534607K [0x00007ef974600000, 0x00007efb9b8b0000, 0x00007efec9b50000)
  eden space 7224384K, 100% used [0x00007ef974600000, 0x00007efb2d510000, 0x00007efb2d510000)
  from space 902976K,  34% used [0x00007efb646e0000, 0x00007efb775d3db0, 0x00007efb9b8b0000)
  to   space 902976K,   0% used [0x00007efb2d510000, 0x00007efb2d510000, 0x00007efb646e0000)
 tenured generation   total 18060620K, used 18012863K [0x00007efec9b50000, 0x00007f03180a3000, 0x00007f0974600000)
   the space 18060620K,  99% used [0x00007efec9b50000, 0x00007f03151fffc0, 0x00007f0315200000, 0x00007f03180a3000)
 Metaspace       used 24218K, capacity 24646K, committed 24832K, reserved 26624K
}
Event: 6644.399 GC heap after
{Heap after GC invocations=2803 (full 6):
 def new generation   total 8127360K, used 309154K [0x00007ef974600000, 0x00007efb9b8b0000, 0x00007efec9b50000)
  eden space 7224384K,   0% used [0x00007ef974600000, 0x00007ef974600000, 0x00007efb2d510000)
  from space 902976K,  34% used [0x00007efb2d510000, 0x00007efb402f8ae0, 0x00007efb646e0000)
  to   space 902976K,   0% used [0x00007efb646e0000, 0x00007efb646e0000, 0x00007efb9b8b0000)
 tenured generation   total 18060620K, used 18037620K [0x00007efec9b50000, 0x00007f03180a3000, 0x00007f0974600000)
   the space 18060620K,  99% used [0x00007efec9b50000, 0x00007f0316a2d0f8, 0x00007f0316a2d200, 0x00007f03180a3000)
 Metaspace       used 24218K, capacity 24646K, committed 24832K, reserved 26624K
}
Event: 6650.992 GC heap before
{Heap before GC invocations=2803 (full 6):
 def new generation   total 8127360K, used 7533538K [0x00007ef974600000, 0x00007efb9b8b0000, 0x00007efec9b50000)
  eden space 7224384K, 100% used [0x00007ef974600000, 0x00007efb2d510000, 0x00007efb2d510000)
  from space 902976K,  34% used [0x00007efb2d510000, 0x00007efb402f8ae0, 0x00007efb646e0000)
  to   space 902976K,   0% used [0x00007efb646e0000, 0x00007efb646e0000, 0x00007efb9b8b0000)
 tenured generation   total 18060620K, used 18037620K [0x00007efec9b50000, 0x00007f03180a3000, 0x00007f0974600000)
   the space 18060620K,  99% used [0x00007efec9b50000, 0x00007f0316a2d0f8, 0x00007f0316a2d200, 0x00007f03180a3000)
 Metaspace       used 24218K, capacity 24646K, committed 24832K, reserved 26624K
}
Event: 6651.629 GC heap after
{Heap after GC invocations=2804 (full 6):
 def new generation   total 8127360K, used 318422K [0x00007ef974600000, 0x00007efb9b8b0000, 0x00007efec9b50000)
  eden space 7224384K,   0% used [0x00007ef974600000, 0x00007ef974600000, 0x00007efb2d510000)
  from space 902976K,  35% used [0x00007efb646e0000, 0x00007efb77dd58a0, 0x00007efb9b8b0000)
  to   space 902976K,   0% used [0x00007efb2d510000, 0x00007efb2d510000, 0x00007efb646e0000)
 tenured generation   total 18060620K, used 18051120K [0x00007efec9b50000, 0x00007f03180a3000, 0x00007f0974600000)
   the space 18060620K,  99% used [0x00007efec9b50000, 0x00007f031775c2a0, 0x00007f031775c400, 0x00007f03180a3000)
 Metaspace       used 24218K, capacity 24646K, committed 24832K, reserved 26624K
}
Event: 6658.577 GC heap before
{Heap before GC invocations=2804 (full 6):
 def new generation   total 8127360K, used 7542806K [0x00007ef974600000, 0x00007efb9b8b0000, 0x00007efec9b50000)
  eden space 7224384K, 100% used [0x00007ef974600000, 0x00007efb2d510000, 0x00007efb2d510000)
  from space 902976K,  35% used [0x00007efb646e0000, 0x00007efb77dd58a0, 0x00007efb9b8b0000)
  to   space 902976K,   0% used [0x00007efb2d510000, 0x00007efb2d510000, 0x00007efb646e0000)
 tenured generation   total 18060620K, used 18051120K [0x00007efec9b50000, 0x00007f03180a3000, 0x00007f0974600000)
   the space 18060620K,  99% used [0x00007efec9b50000, 0x00007f031775c2a0, 0x00007f031775c400, 0x00007f03180a3000)
 Metaspace       used 24218K, capacity 24646K, committed 24832K, reserved 26624K
}
Event: 6659.189 GC heap after
{Heap after GC invocations=2805 (full 6):
 def new generation   total 8127360K, used 324172K [0x00007ef974600000, 0x00007efb9b8b0000, 0x00007efec9b50000)
  eden space 7224384K,   0% used [0x00007ef974600000, 0x00007ef974600000, 0x00007efb2d510000)
  from space 902976K,  35% used [0x00007efb2d510000, 0x00007efb411a3280, 0x00007efb646e0000)
  to   space 902976K,   0% used [0x00007efb646e0000, 0x00007efb646e0000, 0x00007efb9b8b0000)
 tenured generation   total 18065420K, used 18065375K [0x00007efec9b50000, 0x00007f0318553000, 0x00007f0974600000)
   the space 18065420K,  99% used [0x00007efec9b50000, 0x00007f0318547eb8, 0x00007f0318548000, 0x00007f0318553000)
 Metaspace       used 24218K, capacity 24646K, committed 24832K, reserved 26624K
}
Event: 6659.189 GC heap before
{Heap before GC invocations=2805 (full 6):
 def new generation   total 8127360K, used 324172K [0x00007ef974600000, 0x00007efb9b8b0000, 0x00007efec9b50000)
  eden space 7224384K,   0% used [0x00007ef974600000, 0x00007ef974600000, 0x00007efb2d510000)
  from space 902976K,  35% used [0x00007efb2d510000, 0x00007efb411a3280, 0x00007efb646e0000)
  to   space 902976K,   0% used [0x00007efb646e0000, 0x00007efb646e0000, 0x00007efb9b8b0000)
 tenured generation   total 18065420K, used 18065375K [0x00007efec9b50000, 0x00007f0318553000, 0x00007f0974600000)
   the space 18065420K,  99% used [0x00007efec9b50000, 0x00007f0318547eb8, 0x00007f0318548000, 0x00007f0318553000)
 Metaspace       used 24218K, capacity 24646K, committed 24832K, reserved 26624K
}

