# JRE version: OpenJDK Runtime Environment (13.0.7+5) (build 13.0.7+5-Ubuntu-0ubuntu120.04)
# Java VM: OpenJDK 64-Bit Server VM (13.0.7+5-Ubuntu-0ubuntu120.04, mixed mode, tiered, serial gc, linux-amd64)
Heap:
 def new generation   total 2629952K, used 85293K [0x00007f9414600000, 0x00007f94c6ba0000, 0x00007f9ebf0a0000)
  eden space 2337792K,   3% used [0x00007f9414600000, 0x00007f941994b7e8, 0x00007f94a3100000)
  from space 292160K,   0% used [0x00007f94a3100000, 0x00007f94a3100000, 0x00007f94b4e50000)
  to   space 292160K,   0% used [0x00007f94b4e50000, 0x00007f94b4e50000, 0x00007f94c6ba0000)
 tenured generation   total 5860484K, used 5848498K [0x00007f9ebf0a0000, 0x00007fa024bc1000, 0x00007fb414600000)
   the space 5860484K,  99% used [0x00007f9ebf0a0000, 0x00007fa02400c8b0, 0x00007fa02400ca00, 0x00007fa024bc1000)
 Metaspace       used 24276K, capacity 24641K, committed 24832K, reserved 26624K
GC Heap History (20 events):
Event: 2968.078 GC heap after
{Heap after GC invocations=2426 (full 6):
 def new generation   total 2629952K, used 101771K [0x00007f9414600000, 0x00007f94c6ba0000, 0x00007f9ebf0a0000)
  eden space 2337792K,   0% used [0x00007f9414600000, 0x00007f9414600000, 0x00007f94a3100000)
  from space 292160K,  34% used [0x00007f94b4e50000, 0x00007f94bb1b2fd0, 0x00007f94c6ba0000)
  to   space 292160K,   0% used [0x00007f94a3100000, 0x00007f94a3100000, 0x00007f94b4e50000)
 tenured generation   total 5844096K, used 5795012K [0x00007f9ebf0a0000, 0x00007fa023bc0000, 0x00007fb414600000)
   the space 5844096K,  99% used [0x00007f9ebf0a0000, 0x00007fa020bd13c0, 0x00007fa020bd1400, 0x00007fa023bc0000)
 Metaspace       used 24276K, capacity 24641K, committed 24832K, reserved 26624K
}
Event: 2969.804 GC heap before
{Heap before GC invocations=2426 (full 6):
 def new generation   total 2629952K, used 2439563K [0x00007f9414600000, 0x00007f94c6ba0000, 0x00007f9ebf0a0000)
  eden space 2337792K, 100% used [0x00007f9414600000, 0x00007f94a3100000, 0x00007f94a3100000)
  from space 292160K,  34% used [0x00007f94b4e50000, 0x00007f94bb1b2fd0, 0x00007f94c6ba0000)
  to   space 292160K,   0% used [0x00007f94a3100000, 0x00007f94a3100000, 0x00007f94b4e50000)
 tenured generation   total 5844096K, used 5795012K [0x00007f9ebf0a0000, 0x00007fa023bc0000, 0x00007fb414600000)
   the space 5844096K,  99% used [0x00007f9ebf0a0000, 0x00007fa020bd13c0, 0x00007fa020bd1400, 0x00007fa023bc0000)
 Metaspace       used 24276K, capacity 24641K, committed 24832K, reserved 26624K
}
Event: 2969.861 GC heap after
{Heap after GC invocations=2427 (full 6):
 def new generation   total 2629952K, used 101760K [0x00007f9414600000, 0x00007f94c6ba0000, 0x00007f9ebf0a0000)
  eden space 2337792K,   0% used [0x00007f9414600000, 0x00007f9414600000, 0x00007f94a3100000)
  from space 292160K,  34% used [0x00007f94a3100000, 0x00007f94a94601d8, 0x00007f94b4e50000)
  to   space 292160K,   0% used [0x00007f94b4e50000, 0x00007f94b4e50000, 0x00007f94c6ba0000)
 tenured generation   total 5844096K, used 5795012K [0x00007f9ebf0a0000, 0x00007fa023bc0000, 0x00007fb414600000)
   the space 5844096K,  99% used [0x00007f9ebf0a0000, 0x00007fa020bd13c0, 0x00007fa020bd1400, 0x00007fa023bc0000)
 Metaspace       used 24276K, capacity 24641K, committed 24832K, reserved 26624K
}
Event: 2971.707 GC heap before
{Heap before GC invocations=2427 (full 6):
 def new generation   total 2629952K, used 2439552K [0x00007f9414600000, 0x00007f94c6ba0000, 0x00007f9ebf0a0000)
  eden space 2337792K, 100% used [0x00007f9414600000, 0x00007f94a3100000, 0x00007f94a3100000)
  from space 292160K,  34% used [0x00007f94a3100000, 0x00007f94a94601d8, 0x00007f94b4e50000)
  to   space 292160K,   0% used [0x00007f94b4e50000, 0x00007f94b4e50000, 0x00007f94c6ba0000)
 tenured generation   total 5844096K, used 5795012K [0x00007f9ebf0a0000, 0x00007fa023bc0000, 0x00007fb414600000)
   the space 5844096K,  99% used [0x00007f9ebf0a0000, 0x00007fa020bd13c0, 0x00007fa020bd1400, 0x00007fa023bc0000)
 Metaspace       used 24276K, capacity 24641K, committed 24832K, reserved 26624K
}
Event: 2971.821 GC heap after
{Heap after GC invocations=2428 (full 6):
 def new generation   total 2629952K, used 89447K [0x00007f9414600000, 0x00007f94c6ba0000, 0x00007f9ebf0a0000)
  eden space 2337792K,   0% used [0x00007f9414600000, 0x00007f9414600000, 0x00007f94a3100000)
  from space 292160K,  30% used [0x00007f94b4e50000, 0x00007f94ba5a9f78, 0x00007f94c6ba0000)
  to   space 292160K,   0% used [0x00007f94a3100000, 0x00007f94a3100000, 0x00007f94b4e50000)
 tenured generation   total 5844096K, used 5811972K [0x00007f9ebf0a0000, 0x00007fa023bc0000, 0x00007fb414600000)
   the space 5844096K,  99% used [0x00007f9ebf0a0000, 0x00007fa021c613b8, 0x00007fa021c61400, 0x00007fa023bc0000)
 Metaspace       used 24276K, capacity 24641K, committed 24832K, reserved 26624K
}
Event: 2973.954 GC heap before
{Heap before GC invocations=2428 (full 6):
 def new generation   total 2629952K, used 2427239K [0x00007f9414600000, 0x00007f94c6ba0000, 0x00007f9ebf0a0000)
  eden space 2337792K, 100% used [0x00007f9414600000, 0x00007f94a3100000, 0x00007f94a3100000)
  from space 292160K,  30% used [0x00007f94b4e50000, 0x00007f94ba5a9f78, 0x00007f94c6ba0000)
  to   space 292160K,   0% used [0x00007f94a3100000, 0x00007f94a3100000, 0x00007f94b4e50000)
 tenured generation   total 5844096K, used 5811972K [0x00007f9ebf0a0000, 0x00007fa023bc0000, 0x00007fb414600000)
   the space 5844096K,  99% used [0x00007f9ebf0a0000, 0x00007fa021c613b8, 0x00007fa021c61400, 0x00007fa023bc0000)
 Metaspace       used 24276K, capacity 24641K, committed 24832K, reserved 26624K
}
Event: 2974.063 GC heap after
{Heap after GC invocations=2429 (full 6):
 def new generation   total 2629952K, used 99202K [0x00007f9414600000, 0x00007f94c6ba0000, 0x00007f9ebf0a0000)
  eden space 2337792K,   0% used [0x00007f9414600000, 0x00007f9414600000, 0x00007f94a3100000)
  from space 292160K,  33% used [0x00007f94a3100000, 0x00007f94a91e08e0, 0x00007f94b4e50000)
  to   space 292160K,   0% used [0x00007f94b4e50000, 0x00007f94b4e50000, 0x00007f94c6ba0000)
 tenured generation   total 5844096K, used 5811972K [0x00007f9ebf0a0000, 0x00007fa023bc0000, 0x00007fb414600000)
   the space 5844096K,  99% used [0x00007f9ebf0a0000, 0x00007fa021c613b8, 0x00007fa021c61400, 0x00007fa023bc0000)
 Metaspace       used 24276K, capacity 24641K, committed 24832K, reserved 26624K
}
Event: 2975.642 GC heap before
{Heap before GC invocations=2429 (full 6):
 def new generation   total 2629952K, used 2436994K [0x00007f9414600000, 0x00007f94c6ba0000, 0x00007f9ebf0a0000)
  eden space 2337792K, 100% used [0x00007f9414600000, 0x00007f94a3100000, 0x00007f94a3100000)
  from space 292160K,  33% used [0x00007f94a3100000, 0x00007f94a91e08e0, 0x00007f94b4e50000)
  to   space 292160K,   0% used [0x00007f94b4e50000, 0x00007f94b4e50000, 0x00007f94c6ba0000)
 tenured generation   total 5844096K, used 5811972K [0x00007f9ebf0a0000, 0x00007fa023bc0000, 0x00007fb414600000)
   the space 5844096K,  99% used [0x00007f9ebf0a0000, 0x00007fa021c613b8, 0x00007fa021c61400, 0x00007fa023bc0000)
 Metaspace       used 24276K, capacity 24641K, committed 24832K, reserved 26624K
}
Event: 2975.713 GC heap after
{Heap after GC invocations=2430 (full 6):
 def new generation   total 2629952K, used 102263K [0x00007f9414600000, 0x00007f94c6ba0000, 0x00007f9ebf0a0000)
  eden space 2337792K,   0% used [0x00007f9414600000, 0x00007f9414600000, 0x00007f94a3100000)
  from space 292160K,  35% used [0x00007f94b4e50000, 0x00007f94bb22df58, 0x00007f94c6ba0000)
  to   space 292160K,   0% used [0x00007f94a3100000, 0x00007f94a3100000, 0x00007f94b4e50000)
 tenured generation   total 5844096K, used 5811972K [0x00007f9ebf0a0000, 0x00007fa023bc0000, 0x00007fb414600000)
   the space 5844096K,  99% used [0x00007f9ebf0a0000, 0x00007fa021c613b8, 0x00007fa021c61400, 0x00007fa023bc0000)
 Metaspace       used 24276K, capacity 24641K, committed 24832K, reserved 26624K
}
Event: 2977.293 GC heap before
{Heap before GC invocations=2430 (full 6):
 def new generation   total 2629952K, used 2425712K [0x00007f9414600000, 0x00007f94c6ba0000, 0x00007f9ebf0a0000)
  eden space 2337792K,  99% used [0x00007f9414600000, 0x00007f94a22fe240, 0x00007f94a3100000)
  from space 292160K,  35% used [0x00007f94b4e50000, 0x00007f94bb22df58, 0x00007f94c6ba0000)
  to   space 292160K,   0% used [0x00007f94a3100000, 0x00007f94a3100000, 0x00007f94b4e50000)
 tenured generation   total 5844096K, used 5811972K [0x00007f9ebf0a0000, 0x00007fa023bc0000, 0x00007fb414600000)
   the space 5844096K,  99% used [0x00007f9ebf0a0000, 0x00007fa021c613b8, 0x00007fa021c61400, 0x00007fa023bc0000)
 Metaspace       used 24276K, capacity 24641K, committed 24832K, reserved 26624K
}
Event: 2977.358 GC heap after
{Heap after GC invocations=2431 (full 6):
 def new generation   total 2629952K, used 120234K [0x00007f9414600000, 0x00007f94c6ba0000, 0x00007f9ebf0a0000)
  eden space 2337792K,   0% used [0x00007f9414600000, 0x00007f9414600000, 0x00007f94a3100000)
  from space 292160K,  41% used [0x00007f94a3100000, 0x00007f94aa66aba0, 0x00007f94b4e50000)
  to   space 292160K,   0% used [0x00007f94b4e50000, 0x00007f94b4e50000, 0x00007f94c6ba0000)
 tenured generation   total 5844096K, used 5811972K [0x00007f9ebf0a0000, 0x00007fa023bc0000, 0x00007fb414600000)
   the space 5844096K,  99% used [0x00007f9ebf0a0000, 0x00007fa021c613b8, 0x00007fa021c61400, 0x00007fa023bc0000)
 Metaspace       used 24276K, capacity 24641K, committed 24832K, reserved 26624K
}
Event: 2979.288 GC heap before
{Heap before GC invocations=2431 (full 6):
 def new generation   total 2629952K, used 2458026K [0x00007f9414600000, 0x00007f94c6ba0000, 0x00007f9ebf0a0000)
  eden space 2337792K, 100% used [0x00007f9414600000, 0x00007f94a3100000, 0x00007f94a3100000)
  from space 292160K,  41% used [0x00007f94a3100000, 0x00007f94aa66aba0, 0x00007f94b4e50000)
  to   space 292160K,   0% used [0x00007f94b4e50000, 0x00007f94b4e50000, 0x00007f94c6ba0000)
 tenured generation   total 5844096K, used 5811972K [0x00007f9ebf0a0000, 0x00007fa023bc0000, 0x00007fb414600000)
   the space 5844096K,  99% used [0x00007f9ebf0a0000, 0x00007fa021c613b8, 0x00007fa021c61400, 0x00007fa023bc0000)
 Metaspace       used 24276K, capacity 24641K, committed 24832K, reserved 26624K
}
Event: 2979.386 GC heap after
{Heap after GC invocations=2432 (full 6):
 def new generation   total 2629952K, used 94070K [0x00007f9414600000, 0x00007f94c6ba0000, 0x00007f9ebf0a0000)
  eden space 2337792K,   0% used [0x00007f9414600000, 0x00007f9414600000, 0x00007f94a3100000)
  from space 292160K,  32% used [0x00007f94b4e50000, 0x00007f94baa2d8b0, 0x00007f94c6ba0000)
  to   space 292160K,   0% used [0x00007f94a3100000, 0x00007f94a3100000, 0x00007f94b4e50000)
 tenured generation   total 5844096K, used 5828932K [0x00007f9ebf0a0000, 0x00007fa023bc0000, 0x00007fb414600000)
   the space 5844096K,  99% used [0x00007f9ebf0a0000, 0x00007fa022cf13b0, 0x00007fa022cf1400, 0x00007fa023bc0000)
 Metaspace       used 24276K, capacity 24641K, committed 24832K, reserved 26624K
}
Event: 2981.282 GC heap before
{Heap before GC invocations=2432 (full 6):
 def new generation   total 2629952K, used 2431862K [0x00007f9414600000, 0x00007f94c6ba0000, 0x00007f9ebf0a0000)
  eden space 2337792K, 100% used [0x00007f9414600000, 0x00007f94a3100000, 0x00007f94a3100000)
  from space 292160K,  32% used [0x00007f94b4e50000, 0x00007f94baa2d8b0, 0x00007f94c6ba0000)
  to   space 292160K,   0% used [0x00007f94a3100000, 0x00007f94a3100000, 0x00007f94b4e50000)
 tenured generation   total 5844096K, used 5828932K [0x00007f9ebf0a0000, 0x00007fa023bc0000, 0x00007fb414600000)
   the space 5844096K,  99% used [0x00007f9ebf0a0000, 0x00007fa022cf13b0, 0x00007fa022cf1400, 0x00007fa023bc0000)
 Metaspace       used 24276K, capacity 24641K, committed 24832K, reserved 26624K
}
Event: 2981.335 GC heap after
{Heap after GC invocations=2433 (full 6):
 def new generation   total 2629952K, used 109494K [0x00007f9414600000, 0x00007f94c6ba0000, 0x00007f9ebf0a0000)
  eden space 2337792K,   0% used [0x00007f9414600000, 0x00007f9414600000, 0x00007f94a3100000)
  from space 292160K,  37% used [0x00007f94a3100000, 0x00007f94a9bed820, 0x00007f94b4e50000)
  to   space 292160K,   0% used [0x00007f94b4e50000, 0x00007f94b4e50000, 0x00007f94c6ba0000)
 tenured generation   total 5844096K, used 5828932K [0x00007f9ebf0a0000, 0x00007fa023bc0000, 0x00007fb414600000)
   the space 5844096K,  99% used [0x00007f9ebf0a0000, 0x00007fa022cf13b0, 0x00007fa022cf1400, 0x00007fa023bc0000)
 Metaspace       used 24276K, capacity 24641K, committed 24832K, reserved 26624K
}
Event: 2982.923 GC heap before
{Heap before GC invocations=2433 (full 6):
 def new generation   total 2629952K, used 2447286K [0x00007f9414600000, 0x00007f94c6ba0000, 0x00007f9ebf0a0000)
  eden space 2337792K, 100% used [0x00007f9414600000, 0x00007f94a3100000, 0x00007f94a3100000)
  from space 292160K,  37% used [0x00007f94a3100000, 0x00007f94a9bed820, 0x00007f94b4e50000)
  to   space 292160K,   0% used [0x00007f94b4e50000, 0x00007f94b4e50000, 0x00007f94c6ba0000)
 tenured generation   total 5844096K, used 5828932K [0x00007f9ebf0a0000, 0x00007fa023bc0000, 0x00007fb414600000)
   the space 5844096K,  99% used [0x00007f9ebf0a0000, 0x00007fa022cf13b0, 0x00007fa022cf1400, 0x00007fa023bc0000)
 Metaspace       used 24276K, capacity 24641K, committed 24832K, reserved 26624K
}
Event: 2982.978 GC heap after
{Heap after GC invocations=2434 (full 6):
 def new generation   total 2629952K, used 101762K [0x00007f9414600000, 0x00007f94c6ba0000, 0x00007f9ebf0a0000)
  eden space 2337792K,   0% used [0x00007f9414600000, 0x00007f9414600000, 0x00007f94a3100000)
  from space 292160K,  34% used [0x00007f94b4e50000, 0x00007f94bb1b0a30, 0x00007f94c6ba0000)
  to   space 292160K,   0% used [0x00007f94a3100000, 0x00007f94a3100000, 0x00007f94b4e50000)
 tenured generation   total 5844096K, used 5828932K [0x00007f9ebf0a0000, 0x00007fa023bc0000, 0x00007fb414600000)
   the space 5844096K,  99% used [0x00007f9ebf0a0000, 0x00007fa022cf13b0, 0x00007fa022cf1400, 0x00007fa023bc0000)
 Metaspace       used 24276K, capacity 24641K, committed 24832K, reserved 26624K
}
Event: 2984.523 GC heap before
{Heap before GC invocations=2434 (full 6):
 def new generation   total 2629952K, used 2435881K [0x00007f9414600000, 0x00007f94c6ba0000, 0x00007f9ebf0a0000)
  eden space 2337792K,  99% used [0x00007f9414600000, 0x00007f94a2d69d90, 0x00007f94a3100000)
  from space 292160K,  34% used [0x00007f94b4e50000, 0x00007f94bb1b0a30, 0x00007f94c6ba0000)
  to   space 292160K,   0% used [0x00007f94a3100000, 0x00007f94a3100000, 0x00007f94b4e50000)
 tenured generation   total 5844096K, used 5828932K [0x00007f9ebf0a0000, 0x00007fa023bc0000, 0x00007fb414600000)
   the space 5844096K,  99% used [0x00007f9ebf0a0000, 0x00007fa022cf13b0, 0x00007fa022cf1400, 0x00007fa023bc0000)
 Metaspace       used 24276K, capacity 24641K, committed 24832K, reserved 26624K
}
Event: 2984.606 GC heap after
{Heap after GC invocations=2435 (full 6):
 def new generation   total 2629952K, used 87899K [0x00007f9414600000, 0x00007f94c6ba0000, 0x00007f9ebf0a0000)
  eden space 2337792K,   0% used [0x00007f9414600000, 0x00007f9414600000, 0x00007f94a3100000)
  from space 292160K,  30% used [0x00007f94a3100000, 0x00007f94a86d6cf0, 0x00007f94b4e50000)
  to   space 292160K,   0% used [0x00007f94b4e50000, 0x00007f94b4e50000, 0x00007f94c6ba0000)
 tenured generation   total 5860484K, used 5845892K [0x00007f9ebf0a0000, 0x00007fa024bc1000, 0x00007fb414600000)
   the space 5860484K,  99% used [0x00007f9ebf0a0000, 0x00007fa023d813a8, 0x00007fa023d81400, 0x00007fa024bc1000)
 Metaspace       used 24276K, capacity 24641K, committed 24832K, reserved 26624K
}
Event: 2984.606 GC heap before
{Heap before GC invocations=2435 (full 6):
 def new generation   total 2629952K, used 87899K [0x00007f9414600000, 0x00007f94c6ba0000, 0x00007f9ebf0a0000)
  eden space 2337792K,   0% used [0x00007f9414600000, 0x00007f9414600000, 0x00007f94a3100000)
  from space 292160K,  30% used [0x00007f94a3100000, 0x00007f94a86d6cf0, 0x00007f94b4e50000)
  to   space 292160K,   0% used [0x00007f94b4e50000, 0x00007f94b4e50000, 0x00007f94c6ba0000)
 tenured generation   total 5860484K, used 5845892K [0x00007f9ebf0a0000, 0x00007fa024bc1000, 0x00007fb414600000)
   the space 5860484K,  99% used [0x00007f9ebf0a0000, 0x00007fa023d813a8, 0x00007fa023d81400, 0x00007fa024bc1000)
 Metaspace       used 24276K, capacity 24641K, committed 24832K, reserved 26624K
}

