# JRE version: OpenJDK Runtime Environment (13.0.7+5) (build 13.0.7+5-Ubuntu-0ubuntu120.04)
# Java VM: OpenJDK 64-Bit Server VM (13.0.7+5-Ubuntu-0ubuntu120.04, mixed mode, tiered, serial gc, linux-amd64)
Heap:
 def new generation   total 1656512K, used 0K [0x00007fe918600000, 0x00007fe988b60000, 0x00007fee6db50000)
  eden space 1472512K,   0% used [0x00007fe918600000, 0x00007fe918600000, 0x00007fe972400000)
  from space 184000K,   0% used [0x00007fe972400000, 0x00007fe972400000, 0x00007fe97d7b0000)
  to   space 184000K,   0% used [0x00007fe97d7b0000, 0x00007fe97d7b0000, 0x00007fe988b60000)
 tenured generation   total 3787860K, used 3303828K [0x00007fee6db50000, 0x00007fef54e65000, 0x00007ff918600000)
   the space 3787860K,  87% used [0x00007fee6db50000, 0x00007fef375b5320, 0x00007fef375b5400, 0x00007fef54e65000)
 Metaspace       used 30967K, capacity 31410K, committed 31744K, reserved 32768K
GC Heap History (20 events):
Event: 207.369 GC heap after
{Heap after GC invocations=83 (full 3):
 def new generation   total 1656512K, used 126386K [0x00007fe918600000, 0x00007fe988b60000, 0x00007fee6db50000)
  eden space 1472512K,   0% used [0x00007fe918600000, 0x00007fe918600000, 0x00007fe972400000)
  from space 184000K,  68% used [0x00007fe97d7b0000, 0x00007fe98531c858, 0x00007fe988b60000)
  to   space 184000K,   0% used [0x00007fe972400000, 0x00007fe972400000, 0x00007fe97d7b0000)
 tenured generation   total 3680916K, used 2714051K [0x00007fee6db50000, 0x00007fef4e5f5000, 0x00007ff918600000)
   the space 3680916K,  73% used [0x00007fee6db50000, 0x00007fef135c0fc8, 0x00007fef135c1000, 0x00007fef4e5f5000)
 Metaspace       used 30967K, capacity 31410K, committed 31744K, reserved 32768K
}
Event: 207.830 GC heap before
{Heap before GC invocations=83 (full 3):
 def new generation   total 1656512K, used 1598898K [0x00007fe918600000, 0x00007fe988b60000, 0x00007fee6db50000)
  eden space 1472512K, 100% used [0x00007fe918600000, 0x00007fe972400000, 0x00007fe972400000)
  from space 184000K,  68% used [0x00007fe97d7b0000, 0x00007fe98531c858, 0x00007fe988b60000)
  to   space 184000K,   0% used [0x00007fe972400000, 0x00007fe972400000, 0x00007fe97d7b0000)
 tenured generation   total 3680916K, used 2714051K [0x00007fee6db50000, 0x00007fef4e5f5000, 0x00007ff918600000)
   the space 3680916K,  73% used [0x00007fee6db50000, 0x00007fef135c0fc8, 0x00007fef135c1000, 0x00007fef4e5f5000)
 Metaspace       used 30967K, capacity 31410K, committed 31744K, reserved 32768K
}
Event: 208.228 GC heap after
{Heap after GC invocations=84 (full 3):
 def new generation   total 1656512K, used 122476K [0x00007fe918600000, 0x00007fe988b60000, 0x00007fee6db50000)
  eden space 1472512K,   0% used [0x00007fe918600000, 0x00007fe918600000, 0x00007fe972400000)
  from space 184000K,  66% used [0x00007fe972400000, 0x00007fe979b9b220, 0x00007fe97d7b0000)
  to   space 184000K,   0% used [0x00007fe97d7b0000, 0x00007fe97d7b0000, 0x00007fe988b60000)
 tenured generation   total 3680916K, used 2840437K [0x00007fee6db50000, 0x00007fef4e5f5000, 0x00007ff918600000)
   the space 3680916K,  77% used [0x00007fee6db50000, 0x00007fef1b12d570, 0x00007fef1b12d600, 0x00007fef4e5f5000)
 Metaspace       used 30967K, capacity 31410K, committed 31744K, reserved 32768K
}
Event: 208.663 GC heap before
{Heap before GC invocations=84 (full 3):
 def new generation   total 1656512K, used 1594988K [0x00007fe918600000, 0x00007fe988b60000, 0x00007fee6db50000)
  eden space 1472512K, 100% used [0x00007fe918600000, 0x00007fe972400000, 0x00007fe972400000)
  from space 184000K,  66% used [0x00007fe972400000, 0x00007fe979b9b220, 0x00007fe97d7b0000)
  to   space 184000K,   0% used [0x00007fe97d7b0000, 0x00007fe97d7b0000, 0x00007fe988b60000)
 tenured generation   total 3680916K, used 2840437K [0x00007fee6db50000, 0x00007fef4e5f5000, 0x00007ff918600000)
   the space 3680916K,  77% used [0x00007fee6db50000, 0x00007fef1b12d570, 0x00007fef1b12d600, 0x00007fef4e5f5000)
 Metaspace       used 30967K, capacity 31410K, committed 31744K, reserved 32768K
}
Event: 209.064 GC heap after
{Heap after GC invocations=85 (full 3):
 def new generation   total 1656512K, used 121551K [0x00007fe918600000, 0x00007fe988b60000, 0x00007fee6db50000)
  eden space 1472512K,   0% used [0x00007fe918600000, 0x00007fe918600000, 0x00007fe972400000)
  from space 184000K,  66% used [0x00007fe97d7b0000, 0x00007fe984e63f50, 0x00007fe988b60000)
  to   space 184000K,   0% used [0x00007fe972400000, 0x00007fe972400000, 0x00007fe97d7b0000)
 tenured generation   total 3680916K, used 2962913K [0x00007fee6db50000, 0x00007fef4e5f5000, 0x00007ff918600000)
   the space 3680916K,  80% used [0x00007fee6db50000, 0x00007fef228c8560, 0x00007fef228c8600, 0x00007fef4e5f5000)
 Metaspace       used 30967K, capacity 31410K, committed 31744K, reserved 32768K
}
Event: 209.528 GC heap before
{Heap before GC invocations=85 (full 3):
 def new generation   total 1656512K, used 1594063K [0x00007fe918600000, 0x00007fe988b60000, 0x00007fee6db50000)
  eden space 1472512K, 100% used [0x00007fe918600000, 0x00007fe972400000, 0x00007fe972400000)
  from space 184000K,  66% used [0x00007fe97d7b0000, 0x00007fe984e63f50, 0x00007fe988b60000)
  to   space 184000K,   0% used [0x00007fe972400000, 0x00007fe972400000, 0x00007fe97d7b0000)
 tenured generation   total 3680916K, used 2962913K [0x00007fee6db50000, 0x00007fef4e5f5000, 0x00007ff918600000)
   the space 3680916K,  80% used [0x00007fee6db50000, 0x00007fef228c8560, 0x00007fef228c8600, 0x00007fef4e5f5000)
 Metaspace       used 30967K, capacity 31410K, committed 31744K, reserved 32768K
}
Event: 210.059 GC heap after
{Heap after GC invocations=86 (full 3):
 def new generation   total 1656512K, used 118245K [0x00007fe918600000, 0x00007fe988b60000, 0x00007fee6db50000)
  eden space 1472512K,   0% used [0x00007fe918600000, 0x00007fe918600000, 0x00007fe972400000)
  from space 184000K,  64% used [0x00007fe972400000, 0x00007fe979779740, 0x00007fe97d7b0000)
  to   space 184000K,   0% used [0x00007fe97d7b0000, 0x00007fe97d7b0000, 0x00007fe988b60000)
 tenured generation   total 3680916K, used 3084464K [0x00007fee6db50000, 0x00007fef4e5f5000, 0x00007ff918600000)
   the space 3680916K,  83% used [0x00007fee6db50000, 0x00007fef29f7c3b0, 0x00007fef29f7c400, 0x00007fef4e5f5000)
 Metaspace       used 30967K, capacity 31410K, committed 31744K, reserved 32768K
}
Event: 210.490 GC heap before
{Heap before GC invocations=86 (full 3):
 def new generation   total 1656512K, used 1590757K [0x00007fe918600000, 0x00007fe988b60000, 0x00007fee6db50000)
  eden space 1472512K, 100% used [0x00007fe918600000, 0x00007fe972400000, 0x00007fe972400000)
  from space 184000K,  64% used [0x00007fe972400000, 0x00007fe979779740, 0x00007fe97d7b0000)
  to   space 184000K,   0% used [0x00007fe97d7b0000, 0x00007fe97d7b0000, 0x00007fe988b60000)
 tenured generation   total 3680916K, used 3084464K [0x00007fee6db50000, 0x00007fef4e5f5000, 0x00007ff918600000)
   the space 3680916K,  83% used [0x00007fee6db50000, 0x00007fef29f7c3b0, 0x00007fef29f7c400, 0x00007fef4e5f5000)
 Metaspace       used 30967K, capacity 31410K, committed 31744K, reserved 32768K
}
Event: 210.862 GC heap after
{Heap after GC invocations=87 (full 3):
 def new generation   total 1656512K, used 114123K [0x00007fe918600000, 0x00007fe988b60000, 0x00007fee6db50000)
  eden space 1472512K,   0% used [0x00007fe918600000, 0x00007fe918600000, 0x00007fe972400000)
  from space 184000K,  62% used [0x00007fe97d7b0000, 0x00007fe984722c10, 0x00007fe988b60000)
  to   space 184000K,   0% used [0x00007fe972400000, 0x00007fe972400000, 0x00007fe97d7b0000)
 tenured generation   total 3680916K, used 3202710K [0x00007fee6db50000, 0x00007fef4e5f5000, 0x00007ff918600000)
   the space 3680916K,  87% used [0x00007fee6db50000, 0x00007fef312f5930, 0x00007fef312f5a00, 0x00007fef4e5f5000)
 Metaspace       used 30967K, capacity 31410K, committed 31744K, reserved 32768K
}
Event: 211.283 GC heap before
{Heap before GC invocations=87 (full 3):
 def new generation   total 1656512K, used 1586635K [0x00007fe918600000, 0x00007fe988b60000, 0x00007fee6db50000)
  eden space 1472512K, 100% used [0x00007fe918600000, 0x00007fe972400000, 0x00007fe972400000)
  from space 184000K,  62% used [0x00007fe97d7b0000, 0x00007fe984722c10, 0x00007fe988b60000)
  to   space 184000K,   0% used [0x00007fe972400000, 0x00007fe972400000, 0x00007fe97d7b0000)
 tenured generation   total 3680916K, used 3202710K [0x00007fee6db50000, 0x00007fef4e5f5000, 0x00007ff918600000)
   the space 3680916K,  87% used [0x00007fee6db50000, 0x00007fef312f5930, 0x00007fef312f5a00, 0x00007fef4e5f5000)
 Metaspace       used 30967K, capacity 31410K, committed 31744K, reserved 32768K
}
Event: 211.688 GC heap after
{Heap after GC invocations=88 (full 3):
 def new generation   total 1656512K, used 118011K [0x00007fe918600000, 0x00007fe988b60000, 0x00007fee6db50000)
  eden space 1472512K,   0% used [0x00007fe918600000, 0x00007fe918600000, 0x00007fe972400000)
  from space 184000K,  64% used [0x00007fe972400000, 0x00007fe97973ecc8, 0x00007fe97d7b0000)
  to   space 184000K,   0% used [0x00007fe97d7b0000, 0x00007fe97d7b0000, 0x00007fe988b60000)
 tenured generation   total 3680916K, used 3316832K [0x00007fee6db50000, 0x00007fef4e5f5000, 0x00007ff918600000)
   the space 3680916K,  90% used [0x00007fee6db50000, 0x00007fef382683c0, 0x00007fef38268400, 0x00007fef4e5f5000)
 Metaspace       used 30967K, capacity 31410K, committed 31744K, reserved 32768K
}
Event: 212.135 GC heap before
{Heap before GC invocations=88 (full 3):
 def new generation   total 1656512K, used 1590523K [0x00007fe918600000, 0x00007fe988b60000, 0x00007fee6db50000)
  eden space 1472512K, 100% used [0x00007fe918600000, 0x00007fe972400000, 0x00007fe972400000)
  from space 184000K,  64% used [0x00007fe972400000, 0x00007fe97973ecc8, 0x00007fe97d7b0000)
  to   space 184000K,   0% used [0x00007fe97d7b0000, 0x00007fe97d7b0000, 0x00007fe988b60000)
 tenured generation   total 3680916K, used 3316832K [0x00007fee6db50000, 0x00007fef4e5f5000, 0x00007ff918600000)
   the space 3680916K,  90% used [0x00007fee6db50000, 0x00007fef382683c0, 0x00007fef38268400, 0x00007fef4e5f5000)
 Metaspace       used 30967K, capacity 31410K, committed 31744K, reserved 32768K
}
Event: 212.514 GC heap after
{Heap after GC invocations=89 (full 3):
 def new generation   total 1656512K, used 117132K [0x00007fe918600000, 0x00007fe988b60000, 0x00007fee6db50000)
  eden space 1472512K,   0% used [0x00007fe918600000, 0x00007fe918600000, 0x00007fe972400000)
  from space 184000K,  63% used [0x00007fe97d7b0000, 0x00007fe984a133a8, 0x00007fe988b60000)
  to   space 184000K,   0% used [0x00007fe972400000, 0x00007fe972400000, 0x00007fe97d7b0000)
 tenured generation   total 3680916K, used 3434844K [0x00007fee6db50000, 0x00007fef4e5f5000, 0x00007ff918600000)
   the space 3680916K,  93% used [0x00007fee6db50000, 0x00007fef3f5a7018, 0x00007fef3f5a7200, 0x00007fef4e5f5000)
 Metaspace       used 30967K, capacity 31410K, committed 31744K, reserved 32768K
}
Event: 212.923 GC heap before
{Heap before GC invocations=89 (full 3):
 def new generation   total 1656512K, used 1589644K [0x00007fe918600000, 0x00007fe988b60000, 0x00007fee6db50000)
  eden space 1472512K, 100% used [0x00007fe918600000, 0x00007fe972400000, 0x00007fe972400000)
  from space 184000K,  63% used [0x00007fe97d7b0000, 0x00007fe984a133a8, 0x00007fe988b60000)
  to   space 184000K,   0% used [0x00007fe972400000, 0x00007fe972400000, 0x00007fe97d7b0000)
 tenured generation   total 3680916K, used 3434844K [0x00007fee6db50000, 0x00007fef4e5f5000, 0x00007ff918600000)
   the space 3680916K,  93% used [0x00007fee6db50000, 0x00007fef3f5a7018, 0x00007fef3f5a7200, 0x00007fef4e5f5000)
 Metaspace       used 30967K, capacity 31410K, committed 31744K, reserved 32768K
}
Event: 213.368 GC heap after
{Heap after GC invocations=90 (full 3):
 def new generation   total 1656512K, used 118329K [0x00007fe918600000, 0x00007fe988b60000, 0x00007fee6db50000)
  eden space 1472512K,   0% used [0x00007fe918600000, 0x00007fe918600000, 0x00007fe972400000)
  from space 184000K,  64% used [0x00007fe972400000, 0x00007fe97978e660, 0x00007fe97d7b0000)
  to   space 184000K,   0% used [0x00007fe97d7b0000, 0x00007fe97d7b0000, 0x00007fe988b60000)
 tenured generation   total 3680916K, used 3551976K [0x00007fee6db50000, 0x00007fef4e5f5000, 0x00007ff918600000)
   the space 3680916K,  96% used [0x00007fee6db50000, 0x00007fef4680a150, 0x00007fef4680a200, 0x00007fef4e5f5000)
 Metaspace       used 30967K, capacity 31410K, committed 31744K, reserved 32768K
}
Event: 213.766 GC heap before
{Heap before GC invocations=90 (full 3):
 def new generation   total 1656512K, used 1590841K [0x00007fe918600000, 0x00007fe988b60000, 0x00007fee6db50000)
  eden space 1472512K, 100% used [0x00007fe918600000, 0x00007fe972400000, 0x00007fe972400000)
  from space 184000K,  64% used [0x00007fe972400000, 0x00007fe97978e660, 0x00007fe97d7b0000)
  to   space 184000K,   0% used [0x00007fe97d7b0000, 0x00007fe97d7b0000, 0x00007fe988b60000)
 tenured generation   total 3680916K, used 3551976K [0x00007fee6db50000, 0x00007fef4e5f5000, 0x00007ff918600000)
   the space 3680916K,  96% used [0x00007fee6db50000, 0x00007fef4680a150, 0x00007fef4680a200, 0x00007fef4e5f5000)
 Metaspace       used 30967K, capacity 31410K, committed 31744K, reserved 32768K
}
Event: 214.175 GC heap after
{Heap after GC invocations=91 (full 3):
 def new generation   total 1656512K, used 117492K [0x00007fe918600000, 0x00007fe988b60000, 0x00007fee6db50000)
  eden space 1472512K,   0% used [0x00007fe918600000, 0x00007fe918600000, 0x00007fe972400000)
  from space 184000K,  63% used [0x00007fe97d7b0000, 0x00007fe984a6d200, 0x00007fe988b60000)
  to   space 184000K,   0% used [0x00007fe972400000, 0x00007fe972400000, 0x00007fe97d7b0000)
 tenured generation   total 3680916K, used 3670305K [0x00007fee6db50000, 0x00007fef4e5f5000, 0x00007ff918600000)
   the space 3680916K,  99% used [0x00007fee6db50000, 0x00007fef4db986f0, 0x00007fef4db98800, 0x00007fef4e5f5000)
 Metaspace       used 30967K, capacity 31410K, committed 31744K, reserved 32768K
}
Event: 214.621 GC heap before
{Heap before GC invocations=91 (full 3):
 def new generation   total 1656512K, used 1590004K [0x00007fe918600000, 0x00007fe988b60000, 0x00007fee6db50000)
  eden space 1472512K, 100% used [0x00007fe918600000, 0x00007fe972400000, 0x00007fe972400000)
  from space 184000K,  63% used [0x00007fe97d7b0000, 0x00007fe984a6d200, 0x00007fe988b60000)
  to   space 184000K,   0% used [0x00007fe972400000, 0x00007fe972400000, 0x00007fe97d7b0000)
 tenured generation   total 3680916K, used 3670305K [0x00007fee6db50000, 0x00007fef4e5f5000, 0x00007ff918600000)
   the space 3680916K,  99% used [0x00007fee6db50000, 0x00007fef4db986f0, 0x00007fef4db98800, 0x00007fef4e5f5000)
 Metaspace       used 30967K, capacity 31410K, committed 31744K, reserved 32768K
}
Event: 215.021 GC heap after
{Heap after GC invocations=92 (full 3):
 def new generation   total 1656512K, used 118119K [0x00007fe918600000, 0x00007fe988b60000, 0x00007fee6db50000)
  eden space 1472512K,   0% used [0x00007fe918600000, 0x00007fe918600000, 0x00007fe972400000)
  from space 184000K,  64% used [0x00007fe972400000, 0x00007fe979759db0, 0x00007fe97d7b0000)
  to   space 184000K,   0% used [0x00007fe97d7b0000, 0x00007fe97d7b0000, 0x00007fe988b60000)
 tenured generation   total 3787860K, used 3787797K [0x00007fee6db50000, 0x00007fef54e65000, 0x00007ff918600000)
   the space 3787860K,  99% used [0x00007fee6db50000, 0x00007fef54e555b0, 0x00007fef54e55600, 0x00007fef54e65000)
 Metaspace       used 30967K, capacity 31410K, committed 31744K, reserved 32768K
}
Event: 215.021 GC heap before
{Heap before GC invocations=92 (full 3):
 def new generation   total 1656512K, used 118119K [0x00007fe918600000, 0x00007fe988b60000, 0x00007fee6db50000)
  eden space 1472512K,   0% used [0x00007fe918600000, 0x00007fe918600000, 0x00007fe972400000)
  from space 184000K,  64% used [0x00007fe972400000, 0x00007fe979759db0, 0x00007fe97d7b0000)
  to   space 184000K,   0% used [0x00007fe97d7b0000, 0x00007fe97d7b0000, 0x00007fe988b60000)
 tenured generation   total 3787860K, used 3787797K [0x00007fee6db50000, 0x00007fef54e65000, 0x00007ff918600000)
   the space 3787860K,  99% used [0x00007fee6db50000, 0x00007fef54e555b0, 0x00007fef54e55600, 0x00007fef54e65000)
 Metaspace       used 30967K, capacity 31410K, committed 31744K, reserved 32768K
}

