# JRE version: OpenJDK Runtime Environment (13.0.7+5) (build 13.0.7+5-Ubuntu-0ubuntu120.04)
# Java VM: OpenJDK 64-Bit Server VM (13.0.7+5-Ubuntu-0ubuntu120.04, mixed mode, tiered, serial gc, linux-amd64)
Heap:
 def new generation   total 3160192K, used 0K [0x00007fa5f0600000, 0x00007fa6c6b00000, 0x00007fab45b50000)
  eden space 2809088K,   0% used [0x00007fa5f0600000, 0x00007fa5f0600000, 0x00007fa69bd40000)
  from space 351104K,   0% used [0x00007fa69bd40000, 0x00007fa69bd40000, 0x00007fa6b1420000)
  to   space 351104K,   0% used [0x00007fa6b1420000, 0x00007fa6b1420000, 0x00007fa6c6b00000)
 tenured generation   total 7022500K, used 9623K [0x00007fab45b50000, 0x00007facf2539000, 0x00007fb5f0600000)
   the space 7022500K,   0% used [0x00007fab45b50000, 0x00007fab464b5dd8, 0x00007fab464b5e00, 0x00007facf2539000)
 Metaspace       used 23235K, capacity 23610K, committed 23808K, reserved 24576K
GC Heap History (20 events):
Event: 5.222 GC heap before
{Heap before GC invocations=4 (full 1):
 def new generation   total 629248K, used 263515K [0x00007fa5f0600000, 0x00007fa61b0c0000, 0x00007fab45b50000)
  eden space 559360K,  46% used [0x00007fa5f0600000, 0x00007fa600648de8, 0x00007fa612840000)
  from space 69888K,   1% used [0x00007fa616c80000, 0x00007fa616d8e1a0, 0x00007fa61b0c0000)
  to   space 69888K,   0% used [0x00007fa612840000, 0x00007fa612840000, 0x00007fa616c80000)
 tenured generation   total 1398144K, used 13603K [0x00007fab45b50000, 0x00007fab9b0b0000, 0x00007fb5f0600000)
   the space 1398144K,   0% used [0x00007fab45b50000, 0x00007fab46898c40, 0x00007fab46898e00, 0x00007fab9b0b0000)
 Metaspace       used 23235K, capacity 23610K, committed 23808K, reserved 24576K
}
Event: 5.229 GC heap after
{Heap after GC invocations=5 (full 1):
 def new generation   total 629248K, used 5592K [0x00007fa5f0600000, 0x00007fa61b0c0000, 0x00007fab45b50000)
  eden space 559360K,   0% used [0x00007fa5f0600000, 0x00007fa5f0600000, 0x00007fa612840000)
  from space 69888K,   8% used [0x00007fa612840000, 0x00007fa612db6098, 0x00007fa616c80000)
  to   space 69888K,   0% used [0x00007fa616c80000, 0x00007fa616c80000, 0x00007fa61b0c0000)
 tenured generation   total 1398144K, used 13603K [0x00007fab45b50000, 0x00007fab9b0b0000, 0x00007fb5f0600000)
   the space 1398144K,   0% used [0x00007fab45b50000, 0x00007fab46898c40, 0x00007fab46898e00, 0x00007fab9b0b0000)
 Metaspace       used 23235K, capacity 23610K, committed 23808K, reserved 24576K
}
Event: 5.229 GC heap before
{Heap before GC invocations=5 (full 1):
 def new generation   total 629248K, used 5592K [0x00007fa5f0600000, 0x00007fa61b0c0000, 0x00007fab45b50000)
  eden space 559360K,   0% used [0x00007fa5f0600000, 0x00007fa5f0600000, 0x00007fa612840000)
  from space 69888K,   8% used [0x00007fa612840000, 0x00007fa612db6098, 0x00007fa616c80000)
  to   space 69888K,   0% used [0x00007fa616c80000, 0x00007fa616c80000, 0x00007fa61b0c0000)
 tenured generation   total 1398144K, used 13603K [0x00007fab45b50000, 0x00007fab9b0b0000, 0x00007fb5f0600000)
   the space 1398144K,   0% used [0x00007fab45b50000, 0x00007fab46898c40, 0x00007fab46898e00, 0x00007fab9b0b0000)
 Metaspace       used 23235K, capacity 23610K, committed 23808K, reserved 24576K
}
Event: 5.331 GC heap after
{Heap after GC invocations=5 (full 2):
 def new generation   total 629248K, used 0K [0x00007fa5f0600000, 0x00007fa61b0c0000, 0x00007fab45b50000)
  eden space 559360K,   0% used [0x00007fa5f0600000, 0x00007fa5f0600000, 0x00007fa612840000)
  from space 69888K,   0% used [0x00007fa612840000, 0x00007fa612840000, 0x00007fa616c80000)
  to   space 69888K,   0% used [0x00007fa616c80000, 0x00007fa616c80000, 0x00007fa61b0c0000)
 tenured generation   total 1398144K, used 19194K [0x00007fab45b50000, 0x00007fab9b0b0000, 0x00007fb5f0600000)
   the space 1398144K,   1% used [0x00007fab45b50000, 0x00007fab46e0eba8, 0x00007fab46e0ec00, 0x00007fab9b0b0000)
 Metaspace       used 23235K, capacity 23610K, committed 23808K, reserved 24576K
}
Event: 11.111 GC heap before
{Heap before GC invocations=5 (full 2):
 def new generation   total 629248K, used 11040K [0x00007fa5f0600000, 0x00007fa61b0c0000, 0x00007fab45b50000)
  eden space 559360K,   1% used [0x00007fa5f0600000, 0x00007fa5f10c8100, 0x00007fa612840000)
  from space 69888K,   0% used [0x00007fa612840000, 0x00007fa612840000, 0x00007fa616c80000)
  to   space 69888K,   0% used [0x00007fa616c80000, 0x00007fa616c80000, 0x00007fa61b0c0000)
 tenured generation   total 5592452K, used 4213498K [0x00007fab45b50000, 0x00007fac9b0b1000, 0x00007fb5f0600000)
   the space 5592452K,  75% used [0x00007fab45b50000, 0x00007fac46e0ebc0, 0x00007fac46e0ec00, 0x00007fac9b0b1000)
 Metaspace       used 23235K, capacity 23610K, committed 23808K, reserved 24576K
}
Event: 11.117 GC heap after
{Heap after GC invocations=6 (full 2):
 def new generation   total 629248K, used 0K [0x00007fa5f0600000, 0x00007fa61b0c0000, 0x00007fab45b50000)
  eden space 559360K,   0% used [0x00007fa5f0600000, 0x00007fa5f0600000, 0x00007fa612840000)
  from space 69888K,   0% used [0x00007fa616c80000, 0x00007fa616c80268, 0x00007fa61b0c0000)
  to   space 69888K,   0% used [0x00007fa612840000, 0x00007fa612840000, 0x00007fa616c80000)
 tenured generation   total 5592452K, used 4213498K [0x00007fab45b50000, 0x00007fac9b0b1000, 0x00007fb5f0600000)
   the space 5592452K,  75% used [0x00007fab45b50000, 0x00007fac46e0ebc0, 0x00007fac46e0ec00, 0x00007fac9b0b1000)
 Metaspace       used 23235K, capacity 23610K, committed 23808K, reserved 24576K
}
Event: 11.118 GC heap before
{Heap before GC invocations=6 (full 2):
 def new generation   total 629248K, used 0K [0x00007fa5f0600000, 0x00007fa61b0c0000, 0x00007fab45b50000)
  eden space 559360K,   0% used [0x00007fa5f0600000, 0x00007fa5f0600000, 0x00007fa612840000)
  from space 69888K,   0% used [0x00007fa616c80000, 0x00007fa616c80268, 0x00007fa61b0c0000)
  to   space 69888K,   0% used [0x00007fa612840000, 0x00007fa612840000, 0x00007fa616c80000)
 tenured generation   total 5592452K, used 4213498K [0x00007fab45b50000, 0x00007fac9b0b1000, 0x00007fb5f0600000)
   the space 5592452K,  75% used [0x00007fab45b50000, 0x00007fac46e0ebc0, 0x00007fac46e0ec00, 0x00007fac9b0b1000)
 Metaspace       used 23235K, capacity 23610K, committed 23808K, reserved 24576K
}
Event: 11.174 GC heap after
{Heap after GC invocations=6 (full 3):
 def new generation   total 3160192K, used 0K [0x00007fa5f0600000, 0x00007fa6c6b00000, 0x00007fab45b50000)
  eden space 2809088K,   0% used [0x00007fa5f0600000, 0x00007fa5f0600000, 0x00007fa69bd40000)
  from space 351104K,   0% used [0x00007fa69bd40000, 0x00007fa69bd40000, 0x00007fa6b1420000)
  to   space 351104K,   0% used [0x00007fa6b1420000, 0x00007fa6b1420000, 0x00007fa6c6b00000)
 tenured generation   total 7022500K, used 4213499K [0x00007fab45b50000, 0x00007facf2539000, 0x00007fb5f0600000)
   the space 7022500K,  59% used [0x00007fab45b50000, 0x00007fac46e0edc0, 0x00007fac46e0ee00, 0x00007facf2539000)
 Metaspace       used 23235K, capacity 23610K, committed 23808K, reserved 24576K
}
Event: 15.806 GC heap before
{Heap before GC invocations=6 (full 3):
 def new generation   total 3160192K, used 2152595K [0x00007fa5f0600000, 0x00007fa6c6b00000, 0x00007fab45b50000)
  eden space 2809088K,  76% used [0x00007fa5f0600000, 0x00007fa673c24ea8, 0x00007fa69bd40000)
  from space 351104K,   0% used [0x00007fa69bd40000, 0x00007fa69bd40000, 0x00007fa6b1420000)
  to   space 351104K,   0% used [0x00007fa6b1420000, 0x00007fa6b1420000, 0x00007fa6c6b00000)
 tenured generation   total 7022500K, used 4213499K [0x00007fab45b50000, 0x00007facf2539000, 0x00007fb5f0600000)
   the space 7022500K,  59% used [0x00007fab45b50000, 0x00007fac46e0edc0, 0x00007fac46e0ee00, 0x00007facf2539000)
 Metaspace       used 23235K, capacity 23610K, committed 23808K, reserved 24576K
}
Event: 21.208 GC heap after
{Heap after GC invocations=7 (full 3):
 def new generation   total 3160192K, used 0K [0x00007fa5f0600000, 0x00007fa6c6b00000, 0x00007fab45b50000)
  eden space 2809088K,   0% used [0x00007fa5f0600000, 0x00007fa5f0600000, 0x00007fa69bd40000)
  from space 351104K,   0% used [0x00007fa6b1420000, 0x00007fa6b14201c0, 0x00007fa6c6b00000)
  to   space 351104K,   0% used [0x00007fa69bd40000, 0x00007fa69bd40000, 0x00007fa6b1420000)
 tenured generation   total 7022500K, used 6310651K [0x00007fab45b50000, 0x00007facf2539000, 0x00007fb5f0600000)
   the space 7022500K,  89% used [0x00007fab45b50000, 0x00007facc6e0edd8, 0x00007facc6e0ee00, 0x00007facf2539000)
 Metaspace       used 23235K, capacity 23610K, committed 23808K, reserved 24576K
}
Event: 22.302 GC heap before
{Heap before GC invocations=7 (full 3):
 def new generation   total 3160192K, used 2152348K [0x00007fa5f0600000, 0x00007fa6c6b00000, 0x00007fab45b50000)
  eden space 2809088K,  76% used [0x00007fa5f0600000, 0x00007fa673be6e58, 0x00007fa69bd40000)
  from space 351104K,   0% used [0x00007fa6b1420000, 0x00007fa6b14201c0, 0x00007fa6c6b00000)
  to   space 351104K,   0% used [0x00007fa69bd40000, 0x00007fa69bd40000, 0x00007fa6b1420000)
 tenured generation   total 7022500K, used 6310651K [0x00007fab45b50000, 0x00007facf2539000, 0x00007fb5f0600000)
   the space 7022500K,  89% used [0x00007fab45b50000, 0x00007facc6e0edd8, 0x00007facc6e0ee00, 0x00007facf2539000)
 Metaspace       used 23235K, capacity 23610K, committed 23808K, reserved 24576K
}
Event: 28.231 GC heap after
{Heap after GC invocations=8 (full 3):
 def new generation   total 3160192K, used 1K [0x00007fa5f0600000, 0x00007fa6c6b00000, 0x00007fab45b50000)
  eden space 2809088K,   0% used [0x00007fa5f0600000, 0x00007fa5f0600000, 0x00007fa69bd40000)
  from space 351104K,   0% used [0x00007fa69bd40000, 0x00007fa69bd40408, 0x00007fa6b1420000)
  to   space 351104K,   0% used [0x00007fa6b1420000, 0x00007fa6b1420000, 0x00007fa6c6b00000)
 tenured generation   total 9119656K, used 8407803K [0x00007fab45b50000, 0x00007fad7253a000, 0x00007fb5f0600000)
   the space 9119656K,  92% used [0x00007fab45b50000, 0x00007fad46e0edf0, 0x00007fad46e0ee00, 0x00007fad7253a000)
 Metaspace       used 23235K, capacity 23610K, committed 23808K, reserved 24576K
}
Event: 28.231 GC heap before
{Heap before GC invocations=8 (full 3):
 def new generation   total 3160192K, used 1K [0x00007fa5f0600000, 0x00007fa6c6b00000, 0x00007fab45b50000)
  eden space 2809088K,   0% used [0x00007fa5f0600000, 0x00007fa5f0600000, 0x00007fa69bd40000)
  from space 351104K,   0% used [0x00007fa69bd40000, 0x00007fa69bd40408, 0x00007fa6b1420000)
  to   space 351104K,   0% used [0x00007fa6b1420000, 0x00007fa6b1420000, 0x00007fa6c6b00000)
 tenured generation   total 9119656K, used 8407803K [0x00007fab45b50000, 0x00007fad7253a000, 0x00007fb5f0600000)
   the space 9119656K,  92% used [0x00007fab45b50000, 0x00007fad46e0edf0, 0x00007fad46e0ee00, 0x00007fad7253a000)
 Metaspace       used 23235K, capacity 23610K, committed 23808K, reserved 24576K
}
Event: 39.629 GC heap after
{Heap after GC invocations=8 (full 4):
 def new generation   total 3160192K, used 0K [0x00007fa5f0600000, 0x00007fa6c6b00000, 0x00007fab45b50000)
  eden space 2809088K,   0% used [0x00007fa5f0600000, 0x00007fa5f0600000, 0x00007fa69bd40000)
  from space 351104K,   0% used [0x00007fa69bd40000, 0x00007fa69bd40000, 0x00007fa6b1420000)
  to   space 351104K,   0% used [0x00007fa6b1420000, 0x00007fa6b1420000, 0x00007fa6c6b00000)
 tenured generation   total 7022500K, used 4203802K [0x00007fab45b50000, 0x00007facf2539000, 0x00007fb5f0600000)
   the space 7022500K,  59% used [0x00007fab45b50000, 0x00007fac46496b60, 0x00007fac46496c00, 0x00007facf2539000)
 Metaspace       used 23235K, capacity 23610K, committed 23808K, reserved 24576K
}
Event: 45.328 GC heap before
{Heap before GC invocations=8 (full 4):
 def new generation   total 3160192K, used 2676476K [0x00007fa5f0600000, 0x00007fa6c6b00000, 0x00007fab45b50000)
  eden space 2809088K,  95% used [0x00007fa5f0600000, 0x00007fa693bbf210, 0x00007fa69bd40000)
  from space 351104K,   0% used [0x00007fa69bd40000, 0x00007fa69bd40000, 0x00007fa6b1420000)
  to   space 351104K,   0% used [0x00007fa6b1420000, 0x00007fa6b1420000, 0x00007fa6c6b00000)
 tenured generation   total 7022500K, used 4203802K [0x00007fab45b50000, 0x00007facf2539000, 0x00007fb5f0600000)
   the space 7022500K,  59% used [0x00007fab45b50000, 0x00007fac46496b60, 0x00007fac46496c00, 0x00007facf2539000)
 Metaspace       used 23235K, capacity 23610K, committed 23808K, reserved 24576K
}
Event: 45.607 GC heap after
{Heap after GC invocations=9 (full 4):
 def new generation   total 3160192K, used 0K [0x00007fa5f0600000, 0x00007fa6c6b00000, 0x00007fab45b50000)
  eden space 2809088K,   0% used [0x00007fa5f0600000, 0x00007fa5f0600000, 0x00007fa69bd40000)
  from space 351104K,   0% used [0x00007fa6b1420000, 0x00007fa6b14202d0, 0x00007fa6c6b00000)
  to   space 351104K,   0% used [0x00007fa69bd40000, 0x00007fa69bd40000, 0x00007fa6b1420000)
 tenured generation   total 7022500K, used 4728090K [0x00007fab45b50000, 0x00007facf2539000, 0x00007fb5f0600000)
   the space 7022500K,  67% used [0x00007fab45b50000, 0x00007fac66496b78, 0x00007fac66496c00, 0x00007facf2539000)
 Metaspace       used 23235K, capacity 23610K, committed 23808K, reserved 24576K
}
Event: 47.434 GC heap before
{Heap before GC invocations=9 (full 4):
 def new generation   total 3160192K, used 1890041K [0x00007fa5f0600000, 0x00007fa6c6b00000, 0x00007fab45b50000)
  eden space 2809088K,  67% used [0x00007fa5f0600000, 0x00007fa663bbe470, 0x00007fa69bd40000)
  from space 351104K,   0% used [0x00007fa6b1420000, 0x00007fa6b14202d0, 0x00007fa6c6b00000)
  to   space 351104K,   0% used [0x00007fa69bd40000, 0x00007fa69bd40000, 0x00007fa6b1420000)
 tenured generation   total 7022500K, used 4728090K [0x00007fab45b50000, 0x00007facf2539000, 0x00007fb5f0600000)
   the space 7022500K,  67% used [0x00007fab45b50000, 0x00007fac66496b78, 0x00007fac66496c00, 0x00007facf2539000)
 Metaspace       used 23235K, capacity 23610K, committed 23808K, reserved 24576K
}
Event: 47.645 GC heap after
{Heap after GC invocations=10 (full 4):
 def new generation   total 3160192K, used 278736K [0x00007fa5f0600000, 0x00007fa6c6b00000, 0x00007fab45b50000)
  eden space 2809088K,   0% used [0x00007fa5f0600000, 0x00007fa5f0600000, 0x00007fa69bd40000)
  from space 351104K,  79% used [0x00007fa69bd40000, 0x00007fa6acd742e8, 0x00007fa6b1420000)
  to   space 351104K,   0% used [0x00007fa6b1420000, 0x00007fa6b1420000, 0x00007fa6c6b00000)
 tenured generation   total 7022500K, used 4728090K [0x00007fab45b50000, 0x00007facf2539000, 0x00007fb5f0600000)
   the space 7022500K,  67% used [0x00007fab45b50000, 0x00007fac66496b78, 0x00007fac66496c00, 0x00007facf2539000)
 Metaspace       used 23235K, capacity 23610K, committed 23808K, reserved 24576K
}
Event: 47.645 GC heap before
{Heap before GC invocations=10 (full 4):
 def new generation   total 3160192K, used 278736K [0x00007fa5f0600000, 0x00007fa6c6b00000, 0x00007fab45b50000)
  eden space 2809088K,   0% used [0x00007fa5f0600000, 0x00007fa5f0600000, 0x00007fa69bd40000)
  from space 351104K,  79% used [0x00007fa69bd40000, 0x00007fa6acd742e8, 0x00007fa6b1420000)
  to   space 351104K,   0% used [0x00007fa6b1420000, 0x00007fa6b1420000, 0x00007fa6c6b00000)
 tenured generation   total 7022500K, used 4728090K [0x00007fab45b50000, 0x00007facf2539000, 0x00007fb5f0600000)
   the space 7022500K,  67% used [0x00007fab45b50000, 0x00007fac66496b78, 0x00007fac66496c00, 0x00007facf2539000)
 Metaspace       used 23235K, capacity 23610K, committed 23808K, reserved 24576K
}
Event: 47.683 GC heap after
{Heap after GC invocations=10 (full 5):
 def new generation   total 3160192K, used 0K [0x00007fa5f0600000, 0x00007fa6c6b00000, 0x00007fab45b50000)
  eden space 2809088K,   0% used [0x00007fa5f0600000, 0x00007fa5f0600000, 0x00007fa69bd40000)
  from space 351104K,   0% used [0x00007fa69bd40000, 0x00007fa69bd40000, 0x00007fa6b1420000)
  to   space 351104K,   0% used [0x00007fa6b1420000, 0x00007fa6b1420000, 0x00007fa6c6b00000)
 tenured generation   total 7022500K, used 9623K [0x00007fab45b50000, 0x00007facf2539000, 0x00007fb5f0600000)
   the space 7022500K,   0% used [0x00007fab45b50000, 0x00007fab464b5dd8, 0x00007fab464b5e00, 0x00007facf2539000)
 Metaspace       used 23235K, capacity 23610K, committed 23808K, reserved 24576K
}

