# JRE version: OpenJDK Runtime Environment (13.0.7+5) (build 13.0.7+5-Ubuntu-0ubuntu120.04)
# Java VM: OpenJDK 64-Bit Server VM (13.0.7+5-Ubuntu-0ubuntu120.04, mixed mode, tiered, serial gc, linux-amd64)
Heap:
 def new generation   total 7454016K, used 0K [0x00007f7450600000, 0x00007f7649e20000, 0x00007f79a5b50000)
  eden space 6625792K,   0% used [0x00007f7450600000, 0x00007f7450600000, 0x00007f75e4c80000)
  from space 828224K,   0% used [0x00007f7617550000, 0x00007f7617550000, 0x00007f7649e20000)
  to   space 828224K,   0% used [0x00007f75e4c80000, 0x00007f75e4c80000, 0x00007f7617550000)
 tenured generation   total 16829224K, used 16541451K [0x00007f79a5b50000, 0x00007f7da8e1a000, 0x00007f8450600000)
   the space 16829224K,  98% used [0x00007f79a5b50000, 0x00007f7d97512e20, 0x00007f7d97513000, 0x00007f7da8e1a000)
 Metaspace       used 31177K, capacity 31591K, committed 31744K, reserved 32768K
GC Heap History (20 events):
Event: 250.272 GC heap after
{Heap after GC invocations=95 (full 4):
 def new generation   total 4074048K, used 452607K [0x00007f7450600000, 0x00007f7564a90000, 0x00007f79a5b50000)
  eden space 3621440K,   0% used [0x00007f7450600000, 0x00007f7450600000, 0x00007f752d690000)
  from space 452608K,  99% used [0x00007f752d690000, 0x00007f754908fff8, 0x00007f7549090000)
  to   space 452608K,   0% used [0x00007f7549090000, 0x00007f7549090000, 0x00007f7564a90000)
 tenured generation   total 9053244K, used 9034940K [0x00007f79a5b50000, 0x00007f7bce45f000, 0x00007f8450600000)
   the space 9053244K,  99% used [0x00007f79a5b50000, 0x00007f7bcd27f2d0, 0x00007f7bcd27f400, 0x00007f7bce45f000)
 Metaspace       used 31177K, capacity 31591K, committed 31744K, reserved 32768K
}
Event: 485.520 GC heap before
{Heap before GC invocations=95 (full 4):
 def new generation   total 4074048K, used 4074047K [0x00007f7450600000, 0x00007f7564a90000, 0x00007f79a5b50000)
  eden space 3621440K, 100% used [0x00007f7450600000, 0x00007f752d690000, 0x00007f752d690000)
  from space 452608K,  99% used [0x00007f752d690000, 0x00007f754908fff8, 0x00007f7549090000)
  to   space 452608K,   0% used [0x00007f7549090000, 0x00007f7549090000, 0x00007f7564a90000)
 tenured generation   total 9053244K, used 9034940K [0x00007f79a5b50000, 0x00007f7bce45f000, 0x00007f8450600000)
   the space 9053244K,  99% used [0x00007f79a5b50000, 0x00007f7bcd27f2d0, 0x00007f7bcd27f400, 0x00007f7bce45f000)
 Metaspace       used 31177K, capacity 31591K, committed 31744K, reserved 32768K
}
Event: 488.530 GC heap after
{Heap after GC invocations=96 (full 4):
 def new generation   total 4074048K, used 452608K [0x00007f7450600000, 0x00007f7564a90000, 0x00007f79a5b50000)
  eden space 3621440K,   0% used [0x00007f7450600000, 0x00007f7450600000, 0x00007f752d690000)
  from space 452608K, 100% used [0x00007f7549090000, 0x00007f7564a90000, 0x00007f7564a90000)
  to   space 452608K,   0% used [0x00007f752d690000, 0x00007f752d690000, 0x00007f7549090000)
 tenured generation   total 9938672K, used 9938547K [0x00007f79a5b50000, 0x00007f7c0450c000, 0x00007f8450600000)
   the space 9938672K,  99% used [0x00007f79a5b50000, 0x00007f7c044ece48, 0x00007f7c044ed000, 0x00007f7c0450c000)
 Metaspace       used 31177K, capacity 31591K, committed 31744K, reserved 32768K
}
Event: 488.530 GC heap before
{Heap before GC invocations=96 (full 4):
 def new generation   total 4074048K, used 452608K [0x00007f7450600000, 0x00007f7564a90000, 0x00007f79a5b50000)
  eden space 3621440K,   0% used [0x00007f7450600000, 0x00007f7450600000, 0x00007f752d690000)
  from space 452608K, 100% used [0x00007f7549090000, 0x00007f7564a90000, 0x00007f7564a90000)
  to   space 452608K,   0% used [0x00007f752d690000, 0x00007f752d690000, 0x00007f7549090000)
 tenured generation   total 9938672K, used 9938547K [0x00007f79a5b50000, 0x00007f7c0450c000, 0x00007f8450600000)
   the space 9938672K,  99% used [0x00007f79a5b50000, 0x00007f7c044ece48, 0x00007f7c044ed000, 0x00007f7c0450c000)
 Metaspace       used 31177K, capacity 31591K, committed 31744K, reserved 32768K
}
Event: 511.100 GC heap after
{Heap after GC invocations=96 (full 5):
 def new generation   total 7454016K, used 64708K [0x00007f7450600000, 0x00007f7649e20000, 0x00007f79a5b50000)
  eden space 6625792K,   0% used [0x00007f7450600000, 0x00007f7454531140, 0x00007f75e4c80000)
  from space 828224K,   0% used [0x00007f75e4c80000, 0x00007f75e4c80000, 0x00007f7617550000)
  to   space 828224K,   0% used [0x00007f7617550000, 0x00007f7617550000, 0x00007f7649e20000)
 tenured generation   total 16564456K, used 9938671K [0x00007f79a5b50000, 0x00007f7d98b8a000, 0x00007f8450600000)
   the space 16564456K,  59% used [0x00007f79a5b50000, 0x00007f7c0450bff8, 0x00007f7c0450c000, 0x00007f7d98b8a000)
 Metaspace       used 31177K, capacity 31591K, committed 31744K, reserved 32768K
}
Event: 937.372 GC heap before
{Heap before GC invocations=96 (full 5):
 def new generation   total 7454016K, used 6625792K [0x00007f7450600000, 0x00007f7649e20000, 0x00007f79a5b50000)
  eden space 6625792K, 100% used [0x00007f7450600000, 0x00007f75e4c80000, 0x00007f75e4c80000)
  from space 828224K,   0% used [0x00007f75e4c80000, 0x00007f75e4c80000, 0x00007f7617550000)
  to   space 828224K,   0% used [0x00007f7617550000, 0x00007f7617550000, 0x00007f7649e20000)
 tenured generation   total 16564456K, used 9938671K [0x00007f79a5b50000, 0x00007f7d98b8a000, 0x00007f8450600000)
   the space 16564456K,  59% used [0x00007f79a5b50000, 0x00007f7c0450bff8, 0x00007f7c0450c000, 0x00007f7d98b8a000)
 Metaspace       used 31177K, capacity 31591K, committed 31744K, reserved 32768K
}
Event: 944.363 GC heap after
{Heap after GC invocations=97 (full 5):
 def new generation   total 7454016K, used 828224K [0x00007f7450600000, 0x00007f7649e20000, 0x00007f79a5b50000)
  eden space 6625792K,   0% used [0x00007f7450600000, 0x00007f7450600000, 0x00007f75e4c80000)
  from space 828224K, 100% used [0x00007f7617550000, 0x00007f7649e20000, 0x00007f7649e20000)
  to   space 828224K,   0% used [0x00007f75e4c80000, 0x00007f75e4c80000, 0x00007f7617550000)
 tenured generation   total 16564456K, used 10812091K [0x00007f79a5b50000, 0x00007f7d98b8a000, 0x00007f8450600000)
   the space 16564456K,  65% used [0x00007f79a5b50000, 0x00007f7c399fedd8, 0x00007f7c399fee00, 0x00007f7d98b8a000)
 Metaspace       used 31177K, capacity 31591K, committed 31744K, reserved 32768K
}
Event: 1313.414 GC heap before
{Heap before GC invocations=97 (full 5):
 def new generation   total 7454016K, used 7454016K [0x00007f7450600000, 0x00007f7649e20000, 0x00007f79a5b50000)
  eden space 6625792K, 100% used [0x00007f7450600000, 0x00007f75e4c80000, 0x00007f75e4c80000)
  from space 828224K, 100% used [0x00007f7617550000, 0x00007f7649e20000, 0x00007f7649e20000)
  to   space 828224K,   0% used [0x00007f75e4c80000, 0x00007f75e4c80000, 0x00007f7617550000)
 tenured generation   total 16564456K, used 10812091K [0x00007f79a5b50000, 0x00007f7d98b8a000, 0x00007f8450600000)
   the space 16564456K,  65% used [0x00007f79a5b50000, 0x00007f7c399fedd8, 0x00007f7c399fee00, 0x00007f7d98b8a000)
 Metaspace       used 31177K, capacity 31591K, committed 31744K, reserved 32768K
}
Event: 1317.907 GC heap after
{Heap after GC invocations=98 (full 5):
 def new generation   total 7454016K, used 828224K [0x00007f7450600000, 0x00007f7649e20000, 0x00007f79a5b50000)
  eden space 6625792K,   0% used [0x00007f7450600000, 0x00007f7450600000, 0x00007f75e4c80000)
  from space 828224K, 100% used [0x00007f75e4c80000, 0x00007f7617550000, 0x00007f7617550000)
  to   space 828224K,   0% used [0x00007f7617550000, 0x00007f7617550000, 0x00007f7649e20000)
 tenured generation   total 16564456K, used 12465162K [0x00007f79a5b50000, 0x00007f7d98b8a000, 0x00007f8450600000)
   the space 16564456K,  75% used [0x00007f79a5b50000, 0x00007f7c9e8528f8, 0x00007f7c9e852a00, 0x00007f7d98b8a000)
 Metaspace       used 31177K, capacity 31591K, committed 31744K, reserved 32768K
}
Event: 1499.738 GC heap before
{Heap before GC invocations=98 (full 5):
 def new generation   total 7454016K, used 7454016K [0x00007f7450600000, 0x00007f7649e20000, 0x00007f79a5b50000)
  eden space 6625792K, 100% used [0x00007f7450600000, 0x00007f75e4c80000, 0x00007f75e4c80000)
  from space 828224K, 100% used [0x00007f75e4c80000, 0x00007f7617550000, 0x00007f7617550000)
  to   space 828224K,   0% used [0x00007f7617550000, 0x00007f7617550000, 0x00007f7649e20000)
 tenured generation   total 16564456K, used 12465162K [0x00007f79a5b50000, 0x00007f7d98b8a000, 0x00007f8450600000)
   the space 16564456K,  75% used [0x00007f79a5b50000, 0x00007f7c9e8528f8, 0x00007f7c9e852a00, 0x00007f7d98b8a000)
 Metaspace       used 31177K, capacity 31591K, committed 31744K, reserved 32768K
}
Event: 1505.689 GC heap after
{Heap after GC invocations=99 (full 5):
 def new generation   total 7454016K, used 828224K [0x00007f7450600000, 0x00007f7649e20000, 0x00007f79a5b50000)
  eden space 6625792K,   0% used [0x00007f7450600000, 0x00007f7450600000, 0x00007f75e4c80000)
  from space 828224K, 100% used [0x00007f7617550000, 0x00007f7649e20000, 0x00007f7649e20000)
  to   space 828224K,   0% used [0x00007f75e4c80000, 0x00007f75e4c80000, 0x00007f7617550000)
 tenured generation   total 16564456K, used 14119840K [0x00007f79a5b50000, 0x00007f7d98b8a000, 0x00007f8450600000)
   the space 16564456K,  85% used [0x00007f79a5b50000, 0x00007f7d03838218, 0x00007f7d03838400, 0x00007f7d98b8a000)
 Metaspace       used 31177K, capacity 31591K, committed 31744K, reserved 32768K
}
Event: 1512.787 GC heap before
{Heap before GC invocations=99 (full 5):
 def new generation   total 7454016K, used 7454016K [0x00007f7450600000, 0x00007f7649e20000, 0x00007f79a5b50000)
  eden space 6625792K, 100% used [0x00007f7450600000, 0x00007f75e4c80000, 0x00007f75e4c80000)
  from space 828224K, 100% used [0x00007f7617550000, 0x00007f7649e20000, 0x00007f7649e20000)
  to   space 828224K,   0% used [0x00007f75e4c80000, 0x00007f75e4c80000, 0x00007f7617550000)
 tenured generation   total 16564456K, used 14119840K [0x00007f79a5b50000, 0x00007f7d98b8a000, 0x00007f8450600000)
   the space 16564456K,  85% used [0x00007f79a5b50000, 0x00007f7d03838218, 0x00007f7d03838400, 0x00007f7d98b8a000)
 Metaspace       used 31177K, capacity 31591K, committed 31744K, reserved 32768K
}
Event: 1516.125 GC heap after
{Heap after GC invocations=100 (full 5):
 def new generation   total 7454016K, used 828223K [0x00007f7450600000, 0x00007f7649e20000, 0x00007f79a5b50000)
  eden space 6625792K,   0% used [0x00007f7450600000, 0x00007f7450600000, 0x00007f75e4c80000)
  from space 828224K,  99% used [0x00007f75e4c80000, 0x00007f761754fff8, 0x00007f7617550000)
  to   space 828224K,   0% used [0x00007f7617550000, 0x00007f7617550000, 0x00007f7649e20000)
 tenured generation   total 16564456K, used 15018052K [0x00007f79a5b50000, 0x00007f7d98b8a000, 0x00007f8450600000)
   the space 16564456K,  90% used [0x00007f79a5b50000, 0x00007f7d3a5611d8, 0x00007f7d3a561200, 0x00007f7d98b8a000)
 Metaspace       used 31177K, capacity 31591K, committed 31744K, reserved 32768K
}
Event: 1518.239 GC heap before
{Heap before GC invocations=100 (full 5):
 def new generation   total 7454016K, used 7454015K [0x00007f7450600000, 0x00007f7649e20000, 0x00007f79a5b50000)
  eden space 6625792K, 100% used [0x00007f7450600000, 0x00007f75e4c80000, 0x00007f75e4c80000)
  from space 828224K,  99% used [0x00007f75e4c80000, 0x00007f761754fff8, 0x00007f7617550000)
  to   space 828224K,   0% used [0x00007f7617550000, 0x00007f7617550000, 0x00007f7649e20000)
 tenured generation   total 16564456K, used 15018052K [0x00007f79a5b50000, 0x00007f7d98b8a000, 0x00007f8450600000)
   the space 16564456K,  90% used [0x00007f79a5b50000, 0x00007f7d3a5611d8, 0x00007f7d3a561200, 0x00007f7d98b8a000)
 Metaspace       used 31177K, capacity 31591K, committed 31744K, reserved 32768K
}
Event: 1520.374 GC heap after
{Heap after GC invocations=101 (full 5):
 def new generation   total 7454016K, used 490434K [0x00007f7450600000, 0x00007f7649e20000, 0x00007f79a5b50000)
  eden space 6625792K,   0% used [0x00007f7450600000, 0x00007f7450600000, 0x00007f75e4c80000)
  from space 828224K,  59% used [0x00007f7617550000, 0x00007f76354408d0, 0x00007f7649e20000)
  to   space 828224K,   0% used [0x00007f75e4c80000, 0x00007f75e4c80000, 0x00007f7617550000)
 tenured generation   total 16564456K, used 15846275K [0x00007f79a5b50000, 0x00007f7d98b8a000, 0x00007f8450600000)
   the space 16564456K,  95% used [0x00007f79a5b50000, 0x00007f7d6ce30ee0, 0x00007f7d6ce31000, 0x00007f7d98b8a000)
 Metaspace       used 31177K, capacity 31591K, committed 31744K, reserved 32768K
}
Event: 1522.408 GC heap before
{Heap before GC invocations=101 (full 5):
 def new generation   total 7454016K, used 7116226K [0x00007f7450600000, 0x00007f7649e20000, 0x00007f79a5b50000)
  eden space 6625792K, 100% used [0x00007f7450600000, 0x00007f75e4c80000, 0x00007f75e4c80000)
  from space 828224K,  59% used [0x00007f7617550000, 0x00007f76354408d0, 0x00007f7649e20000)
  to   space 828224K,   0% used [0x00007f75e4c80000, 0x00007f75e4c80000, 0x00007f7617550000)
 tenured generation   total 16564456K, used 15846275K [0x00007f79a5b50000, 0x00007f7d98b8a000, 0x00007f8450600000)
   the space 16564456K,  95% used [0x00007f79a5b50000, 0x00007f7d6ce30ee0, 0x00007f7d6ce31000, 0x00007f7d98b8a000)
 Metaspace       used 31177K, capacity 31591K, committed 31744K, reserved 32768K
}
Event: 1524.280 GC heap after
{Heap after GC invocations=102 (full 5):
 def new generation   total 7454016K, used 492401K [0x00007f7450600000, 0x00007f7649e20000, 0x00007f79a5b50000)
  eden space 6625792K,   0% used [0x00007f7450600000, 0x00007f7450600000, 0x00007f75e4c80000)
  from space 828224K,  59% used [0x00007f75e4c80000, 0x00007f7602d5c6f0, 0x00007f7617550000)
  to   space 828224K,   0% used [0x00007f7617550000, 0x00007f7617550000, 0x00007f7649e20000)
 tenured generation   total 16564456K, used 16336709K [0x00007f79a5b50000, 0x00007f7d98b8a000, 0x00007f8450600000)
   the space 16564456K,  98% used [0x00007f79a5b50000, 0x00007f7d8ad215e0, 0x00007f7d8ad21600, 0x00007f7d98b8a000)
 Metaspace       used 31177K, capacity 31591K, committed 31744K, reserved 32768K
}
Event: 1526.234 GC heap before
{Heap before GC invocations=102 (full 5):
 def new generation   total 7454016K, used 7118193K [0x00007f7450600000, 0x00007f7649e20000, 0x00007f79a5b50000)
  eden space 6625792K, 100% used [0x00007f7450600000, 0x00007f75e4c80000, 0x00007f75e4c80000)
  from space 828224K,  59% used [0x00007f75e4c80000, 0x00007f7602d5c6f0, 0x00007f7617550000)
  to   space 828224K,   0% used [0x00007f7617550000, 0x00007f7617550000, 0x00007f7649e20000)
 tenured generation   total 16564456K, used 16336709K [0x00007f79a5b50000, 0x00007f7d98b8a000, 0x00007f8450600000)
   the space 16564456K,  98% used [0x00007f79a5b50000, 0x00007f7d8ad215e0, 0x00007f7d8ad21600, 0x00007f7d98b8a000)
 Metaspace       used 31177K, capacity 31591K, committed 31744K, reserved 32768K
}
Event: 1528.024 GC heap after
{Heap after GC invocations=103 (full 5):
 def new generation   total 7454016K, used 489774K [0x00007f7450600000, 0x00007f7649e20000, 0x00007f79a5b50000)
  eden space 6625792K,   0% used [0x00007f7450600000, 0x00007f7450600000, 0x00007f75e4c80000)
  from space 828224K,  59% used [0x00007f7617550000, 0x00007f763539bba0, 0x00007f7649e20000)
  to   space 828224K,   0% used [0x00007f75e4c80000, 0x00007f75e4c80000, 0x00007f7617550000)
 tenured generation   total 16829224K, used 16829110K [0x00007f79a5b50000, 0x00007f7da8e1a000, 0x00007f8450600000)
   the space 16829224K,  99% used [0x00007f79a5b50000, 0x00007f7da8dfd9d0, 0x00007f7da8dfda00, 0x00007f7da8e1a000)
 Metaspace       used 31177K, capacity 31591K, committed 31744K, reserved 32768K
}
Event: 1528.024 GC heap before
{Heap before GC invocations=103 (full 5):
 def new generation   total 7454016K, used 489774K [0x00007f7450600000, 0x00007f7649e20000, 0x00007f79a5b50000)
  eden space 6625792K,   0% used [0x00007f7450600000, 0x00007f7450600000, 0x00007f75e4c80000)
  from space 828224K,  59% used [0x00007f7617550000, 0x00007f763539bba0, 0x00007f7649e20000)
  to   space 828224K,   0% used [0x00007f75e4c80000, 0x00007f75e4c80000, 0x00007f7617550000)
 tenured generation   total 16829224K, used 16829110K [0x00007f79a5b50000, 0x00007f7da8e1a000, 0x00007f8450600000)
   the space 16829224K,  99% used [0x00007f79a5b50000, 0x00007f7da8dfd9d0, 0x00007f7da8dfda00, 0x00007f7da8e1a000)
 Metaspace       used 31177K, capacity 31591K, committed 31744K, reserved 32768K
}

