# JRE version: OpenJDK Runtime Environment (13.0.7+5) (build 13.0.7+5-Ubuntu-0ubuntu120.04)
# Java VM: OpenJDK 64-Bit Server VM (13.0.7+5-Ubuntu-0ubuntu120.04, mixed mode, tiered, serial gc, linux-amd64)
Heap:
 def new generation   total 1973184K, used 1345116K [0x00007f8a78600000, 0x00007f8afe300000, 0x00007f8fcdb50000)
  eden space 1753984K,  76% used [0x00007f8a78600000, 0x00007f8aca7971a0, 0x00007f8ae36e0000)
  from space 219200K,   0% used [0x00007f8ae36e0000, 0x00007f8ae36e0000, 0x00007f8af0cf0000)
  to   space 219200K,   0% used [0x00007f8af0cf0000, 0x00007f8af0cf0080, 0x00007f8afe300000)
 tenured generation   total 4384656K, used 3943906K [0x00007f8fcdb50000, 0x00007f90d9534000, 0x00007f9a78600000)
   the space 4384656K,  89% used [0x00007f8fcdb50000, 0x00007f90be6c8990, 0x00007f90be6c8a00, 0x00007f90d9534000)
 Metaspace       used 29688K, capacity 30094K, committed 30208K, reserved 30720K
GC Heap History (20 events):
Event: 42.332 GC heap after
{Heap after GC invocations=12 (full 7):
 def new generation   total 1973184K, used 0K [0x00007f8a78600000, 0x00007f8afe300000, 0x00007f8fcdb50000)
  eden space 1753984K,   0% used [0x00007f8a78600000, 0x00007f8a78600000, 0x00007f8ae36e0000)
  from space 219200K,   0% used [0x00007f8af0cf0000, 0x00007f8af0cf0000, 0x00007f8afe300000)
  to   space 219200K,   0% used [0x00007f8ae36e0000, 0x00007f8ae36e0000, 0x00007f8af0cf0000)
 tenured generation   total 4384656K, used 1320100K [0x00007f8fcdb50000, 0x00007f90d9534000, 0x00007f9a78600000)
   the space 4384656K,  30% used [0x00007f8fcdb50000, 0x00007f901e479078, 0x00007f901e479200, 0x00007f90d9534000)
 Metaspace       used 23326K, capacity 23687K, committed 23808K, reserved 24576K
}
Event: 42.614 GC heap before
{Heap before GC invocations=12 (full 7):
 def new generation   total 1973184K, used 1345362K [0x00007f8a78600000, 0x00007f8afe300000, 0x00007f8fcdb50000)
  eden space 1753984K,  76% used [0x00007f8a78600000, 0x00007f8aca7d4b68, 0x00007f8ae36e0000)
  from space 219200K,   0% used [0x00007f8af0cf0000, 0x00007f8af0cf0000, 0x00007f8afe300000)
  to   space 219200K,   0% used [0x00007f8ae36e0000, 0x00007f8ae36e0000, 0x00007f8af0cf0000)
 tenured generation   total 4384656K, used 1320100K [0x00007f8fcdb50000, 0x00007f90d9534000, 0x00007f9a78600000)
   the space 4384656K,  30% used [0x00007f8fcdb50000, 0x00007f901e479078, 0x00007f901e479200, 0x00007f90d9534000)
 Metaspace       used 23326K, capacity 23687K, committed 23808K, reserved 24576K
}
Event: 42.790 GC heap after
{Heap after GC invocations=13 (full 7):
 def new generation   total 1973184K, used 0K [0x00007f8a78600000, 0x00007f8afe300000, 0x00007f8fcdb50000)
  eden space 1753984K,   0% used [0x00007f8a78600000, 0x00007f8a78600000, 0x00007f8ae36e0000)
  from space 219200K,   0% used [0x00007f8ae36e0000, 0x00007f8ae36e0290, 0x00007f8af0cf0000)
  to   space 219200K,   0% used [0x00007f8af0cf0000, 0x00007f8af0cf0000, 0x00007f8afe300000)
 tenured generation   total 4384656K, used 2630820K [0x00007f8fcdb50000, 0x00007f90d9534000, 0x00007f9a78600000)
   the space 4384656K,  60% used [0x00007f8fcdb50000, 0x00007f906e479090, 0x00007f906e479200, 0x00007f90d9534000)
 Metaspace       used 23326K, capacity 23687K, committed 23808K, reserved 24576K
}
Event: 43.841 GC heap before
{Heap before GC invocations=13 (full 7):
 def new generation   total 1973184K, used 1738416K [0x00007f8a78600000, 0x00007f8afe300000, 0x00007f8fcdb50000)
  eden space 1753984K,  99% used [0x00007f8a78600000, 0x00007f8ae27abe88, 0x00007f8ae36e0000)
  from space 219200K,   0% used [0x00007f8ae36e0000, 0x00007f8ae36e0290, 0x00007f8af0cf0000)
  to   space 219200K,   0% used [0x00007f8af0cf0000, 0x00007f8af0cf0000, 0x00007f8afe300000)
 tenured generation   total 4384656K, used 2630820K [0x00007f8fcdb50000, 0x00007f90d9534000, 0x00007f9a78600000)
   the space 4384656K,  60% used [0x00007f8fcdb50000, 0x00007f906e479090, 0x00007f906e479200, 0x00007f90d9534000)
 Metaspace       used 23326K, capacity 23687K, committed 23808K, reserved 24576K
}
Event: 43.886 GC heap after
{Heap after GC invocations=14 (full 7):
 def new generation   total 1973184K, used 131073K [0x00007f8a78600000, 0x00007f8afe300000, 0x00007f8fcdb50000)
  eden space 1753984K,   0% used [0x00007f8a78600000, 0x00007f8a78600000, 0x00007f8ae36e0000)
  from space 219200K,  59% used [0x00007f8af0cf0000, 0x00007f8af8cf04a0, 0x00007f8afe300000)
  to   space 219200K,   0% used [0x00007f8ae36e0000, 0x00007f8ae36e0000, 0x00007f8af0cf0000)
 tenured generation   total 4384656K, used 2892964K [0x00007f8fcdb50000, 0x00007f90d9534000, 0x00007f9a78600000)
   the space 4384656K,  65% used [0x00007f8fcdb50000, 0x00007f907e4790a8, 0x00007f907e479200, 0x00007f90d9534000)
 Metaspace       used 23326K, capacity 23687K, committed 23808K, reserved 24576K
}
Event: 51.201 GC heap before
{Heap before GC invocations=14 (full 7):
 def new generation   total 1973184K, used 1776645K [0x00007f8a78600000, 0x00007f8afe300000, 0x00007f8fcdb50000)
  eden space 1753984K,  93% used [0x00007f8a78600000, 0x00007f8adcd00f78, 0x00007f8ae36e0000)
  from space 219200K,  59% used [0x00007f8af0cf0000, 0x00007f8af8cf04a0, 0x00007f8afe300000)
  to   space 219200K,   0% used [0x00007f8ae36e0000, 0x00007f8ae36e0000, 0x00007f8af0cf0000)
 tenured generation   total 4384656K, used 2892964K [0x00007f8fcdb50000, 0x00007f90d9534000, 0x00007f9a78600000)
   the space 4384656K,  65% used [0x00007f8fcdb50000, 0x00007f907e4790a8, 0x00007f907e479200, 0x00007f90d9534000)
 Metaspace       used 29688K, capacity 30094K, committed 30208K, reserved 30720K
}
Event: 51.429 GC heap after
{Heap after GC invocations=15 (full 7):
 def new generation   total 1973184K, used 124068K [0x00007f8a78600000, 0x00007f8afe300000, 0x00007f8fcdb50000)
  eden space 1753984K,   0% used [0x00007f8a78600000, 0x00007f8a78600000, 0x00007f8ae36e0000)
  from space 219200K,  56% used [0x00007f8ae36e0000, 0x00007f8aeb0090e8, 0x00007f8af0cf0000)
  to   space 219200K,   0% used [0x00007f8af0cf0000, 0x00007f8af0cf0000, 0x00007f8afe300000)
 tenured generation   total 4384656K, used 3024037K [0x00007f8fcdb50000, 0x00007f90d9534000, 0x00007f9a78600000)
   the space 4384656K,  68% used [0x00007f8fcdb50000, 0x00007f90864794d0, 0x00007f9086479600, 0x00007f90d9534000)
 Metaspace       used 29688K, capacity 30094K, committed 30208K, reserved 30720K
}
Event: 52.928 GC heap before
{Heap before GC invocations=15 (full 7):
 def new generation   total 1973184K, used 1469113K [0x00007f8a78600000, 0x00007f8afe300000, 0x00007f8fcdb50000)
  eden space 1753984K,  76% used [0x00007f8a78600000, 0x00007f8aca785408, 0x00007f8ae36e0000)
  from space 219200K,  56% used [0x00007f8ae36e0000, 0x00007f8aeb0090e8, 0x00007f8af0cf0000)
  to   space 219200K,   0% used [0x00007f8af0cf0000, 0x00007f8af0cf0000, 0x00007f8afe300000)
 tenured generation   total 4384656K, used 3024037K [0x00007f8fcdb50000, 0x00007f90d9534000, 0x00007f9a78600000)
   the space 4384656K,  68% used [0x00007f8fcdb50000, 0x00007f90864794d0, 0x00007f9086479600, 0x00007f90d9534000)
 Metaspace       used 29688K, capacity 30094K, committed 30208K, reserved 30720K
}
Event: 53.838 GC heap after
{Heap after GC invocations=16 (full 7):
 def new generation   total 1973184K, used 0K [0x00007f8a78600000, 0x00007f8afe300000, 0x00007f8fcdb50000)
  eden space 1753984K,   0% used [0x00007f8a78600000, 0x00007f8a78600000, 0x00007f8ae36e0000)
  from space 219200K,   0% used [0x00007f8af0cf0000, 0x00007f8af0cf00b8, 0x00007f8afe300000)
  to   space 219200K,   0% used [0x00007f8ae36e0000, 0x00007f8ae36e0000, 0x00007f8af0cf0000)
 tenured generation   total 4450196K, used 4407614K [0x00007f8fcdb50000, 0x00007f90dd535000, 0x00007f9a78600000)
   the space 4450196K,  99% used [0x00007f8fcdb50000, 0x00007f90dab9f860, 0x00007f90dab9fa00, 0x00007f90dd535000)
 Metaspace       used 29688K, capacity 30094K, committed 30208K, reserved 30720K
}
Event: 53.838 GC heap before
{Heap before GC invocations=16 (full 7):
 def new generation   total 1973184K, used 0K [0x00007f8a78600000, 0x00007f8afe300000, 0x00007f8fcdb50000)
  eden space 1753984K,   0% used [0x00007f8a78600000, 0x00007f8a78600000, 0x00007f8ae36e0000)
  from space 219200K,   0% used [0x00007f8af0cf0000, 0x00007f8af0cf00b8, 0x00007f8afe300000)
  to   space 219200K,   0% used [0x00007f8ae36e0000, 0x00007f8ae36e0000, 0x00007f8af0cf0000)
 tenured generation   total 4450196K, used 4407614K [0x00007f8fcdb50000, 0x00007f90dd535000, 0x00007f9a78600000)
   the space 4450196K,  99% used [0x00007f8fcdb50000, 0x00007f90dab9f860, 0x00007f90dab9fa00, 0x00007f90dd535000)
 Metaspace       used 29688K, capacity 30094K, committed 30208K, reserved 30720K
}
Event: 54.740 GC heap after
{Heap after GC invocations=16 (full 8):
 def new generation   total 1973184K, used 0K [0x00007f8a78600000, 0x00007f8afe300000, 0x00007f8fcdb50000)
  eden space 1753984K,   0% used [0x00007f8a78600000, 0x00007f8a78600000, 0x00007f8ae36e0000)
  from space 219200K,   0% used [0x00007f8af0cf0000, 0x00007f8af0cf0000, 0x00007f8afe300000)
  to   space 219200K,   0% used [0x00007f8ae36e0000, 0x00007f8ae36e0000, 0x00007f8af0cf0000)
 tenured generation   total 4384656K, used 1322463K [0x00007f8fcdb50000, 0x00007f90d9534000, 0x00007f9a78600000)
   the space 4384656K,  30% used [0x00007f8fcdb50000, 0x00007f901e6c7ea0, 0x00007f901e6c8000, 0x00007f90d9534000)
 Metaspace       used 29688K, capacity 30094K, committed 30208K, reserved 30720K
}
Event: 56.626 GC heap before
{Heap before GC invocations=16 (full 8):
 def new generation   total 1973184K, used 1345279K [0x00007f8a78600000, 0x00007f8afe300000, 0x00007f8fcdb50000)
  eden space 1753984K,  76% used [0x00007f8a78600000, 0x00007f8aca7bfee8, 0x00007f8ae36e0000)
  from space 219200K,   0% used [0x00007f8af0cf0000, 0x00007f8af0cf0000, 0x00007f8afe300000)
  to   space 219200K,   0% used [0x00007f8ae36e0000, 0x00007f8ae36e0000, 0x00007f8af0cf0000)
 tenured generation   total 4384656K, used 1322463K [0x00007f8fcdb50000, 0x00007f90d9534000, 0x00007f9a78600000)
   the space 4384656K,  30% used [0x00007f8fcdb50000, 0x00007f901e6c7ea0, 0x00007f901e6c8000, 0x00007f90d9534000)
 Metaspace       used 29688K, capacity 30094K, committed 30208K, reserved 30720K
}
Event: 57.559 GC heap after
{Heap after GC invocations=17 (full 8):
 def new generation   total 1973184K, used 0K [0x00007f8a78600000, 0x00007f8afe300000, 0x00007f8fcdb50000)
  eden space 1753984K,   0% used [0x00007f8a78600000, 0x00007f8a78600000, 0x00007f8ae36e0000)
  from space 219200K,   0% used [0x00007f8ae36e0000, 0x00007f8ae36e02c0, 0x00007f8af0cf0000)
  to   space 219200K,   0% used [0x00007f8af0cf0000, 0x00007f8af0cf0000, 0x00007f8afe300000)
 tenured generation   total 4384656K, used 2633183K [0x00007f8fcdb50000, 0x00007f90d9534000, 0x00007f9a78600000)
   the space 4384656K,  60% used [0x00007f8fcdb50000, 0x00007f906e6c7eb8, 0x00007f906e6c8000, 0x00007f90d9534000)
 Metaspace       used 29688K, capacity 30094K, committed 30208K, reserved 30720K
}
Event: 61.304 GC heap before
{Heap before GC invocations=17 (full 8):
 def new generation   total 1973184K, used 1738363K [0x00007f8a78600000, 0x00007f8afe300000, 0x00007f8fcdb50000)
  eden space 1753984K,  99% used [0x00007f8a78600000, 0x00007f8ae279e958, 0x00007f8ae36e0000)
  from space 219200K,   0% used [0x00007f8ae36e0000, 0x00007f8ae36e02c0, 0x00007f8af0cf0000)
  to   space 219200K,   0% used [0x00007f8af0cf0000, 0x00007f8af0cf0000, 0x00007f8afe300000)
 tenured generation   total 4384656K, used 2633183K [0x00007f8fcdb50000, 0x00007f90d9534000, 0x00007f9a78600000)
   the space 4384656K,  60% used [0x00007f8fcdb50000, 0x00007f906e6c7eb8, 0x00007f906e6c8000, 0x00007f90d9534000)
 Metaspace       used 29688K, capacity 30094K, committed 30208K, reserved 30720K
}
Event: 61.417 GC heap after
{Heap after GC invocations=18 (full 8):
 def new generation   total 1973184K, used 131073K [0x00007f8a78600000, 0x00007f8afe300000, 0x00007f8fcdb50000)
  eden space 1753984K,   0% used [0x00007f8a78600000, 0x00007f8a78600000, 0x00007f8ae36e0000)
  from space 219200K,  59% used [0x00007f8af0cf0000, 0x00007f8af8cf04c0, 0x00007f8afe300000)
  to   space 219200K,   0% used [0x00007f8ae36e0000, 0x00007f8ae36e0000, 0x00007f8af0cf0000)
 tenured generation   total 4384656K, used 2895327K [0x00007f8fcdb50000, 0x00007f90d9534000, 0x00007f9a78600000)
   the space 4384656K,  66% used [0x00007f8fcdb50000, 0x00007f907e6c7ed0, 0x00007f907e6c8000, 0x00007f90d9534000)
 Metaspace       used 29688K, capacity 30094K, committed 30208K, reserved 30720K
}
Event: 62.240 GC heap before
{Heap before GC invocations=18 (full 8):
 def new generation   total 1973184K, used 1826413K [0x00007f8a78600000, 0x00007f8afe300000, 0x00007f8fcdb50000)
  eden space 1753984K,  96% used [0x00007f8a78600000, 0x00007f8adfd9b090, 0x00007f8ae36e0000)
  from space 219200K,  59% used [0x00007f8af0cf0000, 0x00007f8af8cf04c0, 0x00007f8afe300000)
  to   space 219200K,   0% used [0x00007f8ae36e0000, 0x00007f8ae36e0000, 0x00007f8af0cf0000)
 tenured generation   total 4384656K, used 2895327K [0x00007f8fcdb50000, 0x00007f90d9534000, 0x00007f9a78600000)
   the space 4384656K,  66% used [0x00007f8fcdb50000, 0x00007f907e6c7ed0, 0x00007f907e6c8000, 0x00007f90d9534000)
 Metaspace       used 29688K, capacity 30094K, committed 30208K, reserved 30720K
}
Event: 62.394 GC heap after
{Heap after GC invocations=19 (full 8):
 def new generation   total 1973184K, used 70964K [0x00007f8a78600000, 0x00007f8afe300000, 0x00007f8fcdb50000)
  eden space 1753984K,   0% used [0x00007f8a78600000, 0x00007f8a78600000, 0x00007f8ae36e0000)
  from space 219200K,  32% used [0x00007f8ae36e0000, 0x00007f8ae7c2d340, 0x00007f8af0cf0000)
  to   space 219200K,   0% used [0x00007f8af0cf0000, 0x00007f8af0cf0000, 0x00007f8afe300000)
 tenured generation   total 4384656K, used 4337120K [0x00007f8fcdb50000, 0x00007f90d9534000, 0x00007f9a78600000)
   the space 4384656K,  98% used [0x00007f8fcdb50000, 0x00007f90d66c8348, 0x00007f90d66c8400, 0x00007f90d9534000)
 Metaspace       used 29688K, capacity 30094K, committed 30208K, reserved 30720K
}
Event: 62.394 GC heap before
{Heap before GC invocations=19 (full 8):
 def new generation   total 1973184K, used 70964K [0x00007f8a78600000, 0x00007f8afe300000, 0x00007f8fcdb50000)
  eden space 1753984K,   0% used [0x00007f8a78600000, 0x00007f8a78600000, 0x00007f8ae36e0000)
  from space 219200K,  32% used [0x00007f8ae36e0000, 0x00007f8ae7c2d340, 0x00007f8af0cf0000)
  to   space 219200K,   0% used [0x00007f8af0cf0000, 0x00007f8af0cf0000, 0x00007f8afe300000)
 tenured generation   total 4384656K, used 4337120K [0x00007f8fcdb50000, 0x00007f90d9534000, 0x00007f9a78600000)
   the space 4384656K,  98% used [0x00007f8fcdb50000, 0x00007f90d66c8348, 0x00007f90d66c8400, 0x00007f90d9534000)
 Metaspace       used 29688K, capacity 30094K, committed 30208K, reserved 30720K
}
Event: 62.542 GC heap after
{Heap after GC invocations=19 (full 9):
 def new generation   total 1973184K, used 0K [0x00007f8a78600000, 0x00007f8afe300000, 0x00007f8fcdb50000)
  eden space 1753984K,   0% used [0x00007f8a78600000, 0x00007f8a78600000, 0x00007f8ae36e0000)
  from space 219200K,   0% used [0x00007f8ae36e0000, 0x00007f8ae36e0000, 0x00007f8af0cf0000)
  to   space 219200K,   0% used [0x00007f8af0cf0000, 0x00007f8af0cf0000, 0x00007f8afe300000)
 tenured generation   total 4384656K, used 1322466K [0x00007f8fcdb50000, 0x00007f90d9534000, 0x00007f9a78600000)
   the space 4384656K,  30% used [0x00007f8fcdb50000, 0x00007f901e6c8978, 0x00007f901e6c8a00, 0x00007f90d9534000)
 Metaspace       used 29688K, capacity 30094K, committed 30208K, reserved 30720K
}
Event: 68.690 GC heap before
{Heap before GC invocations=19 (full 9):
 def new generation   total 1973184K, used 1345116K [0x00007f8a78600000, 0x00007f8afe300000, 0x00007f8fcdb50000)
  eden space 1753984K,  76% used [0x00007f8a78600000, 0x00007f8aca7971a0, 0x00007f8ae36e0000)
  from space 219200K,   0% used [0x00007f8ae36e0000, 0x00007f8ae36e0000, 0x00007f8af0cf0000)
  to   space 219200K,   0% used [0x00007f8af0cf0000, 0x00007f8af0cf0000, 0x00007f8afe300000)
 tenured generation   total 4384656K, used 3943906K [0x00007f8fcdb50000, 0x00007f90d9534000, 0x00007f9a78600000)
   the space 4384656K,  89% used [0x00007f8fcdb50000, 0x00007f90be6c8990, 0x00007f90be6c8a00, 0x00007f90d9534000)
 Metaspace       used 29688K, capacity 30094K, committed 30208K, reserved 30720K
}

