# JRE version: OpenJDK Runtime Environment (13.0.7+5) (build 13.0.7+5-Ubuntu-0ubuntu120.04)
# Java VM: OpenJDK 64-Bit Server VM (13.0.7+5-Ubuntu-0ubuntu120.04, mixed mode, tiered, serial gc, linux-amd64)
Heap:
 def new generation   total 2902528K, used 13918K [0x00007fb068600000, 0x00007fb12d370000, 0x00007fb5bdb50000)
  eden space 2580032K,   0% used [0x00007fb068600000, 0x00007fb069397968, 0x00007fb105d90000)
  from space 322496K,   0% used [0x00007fb105d90000, 0x00007fb105d90000, 0x00007fb119880000)
  to   space 322496K,   0% used [0x00007fb119880000, 0x00007fb119880000, 0x00007fb12d370000)
 tenured generation   total 6450956K, used 6450955K [0x00007fb5bdb50000, 0x00007fb747713000, 0x00007fc068600000)
   the space 6450956K,  99% used [0x00007fb5bdb50000, 0x00007fb747712fc0, 0x00007fb747713000, 0x00007fb747713000)
 Metaspace       used 24380K, capacity 24788K, committed 25088K, reserved 26624K
GC Heap History (20 events):
Event: 15066.154 GC heap after
{Heap after GC invocations=15038 (full 4):
 def new generation   total 2902528K, used 14453K [0x00007fb068600000, 0x00007fb12d370000, 0x00007fb5bdb50000)
  eden space 2580032K,   0% used [0x00007fb068600000, 0x00007fb068600000, 0x00007fb105d90000)
  from space 322496K,   4% used [0x00007fb119880000, 0x00007fb11a69d6f0, 0x00007fb12d370000)
  to   space 322496K,   0% used [0x00007fb105d90000, 0x00007fb105d90000, 0x00007fb119880000)
 tenured generation   total 6449996K, used 6441695K [0x00007fb5bdb50000, 0x00007fb747623000, 0x00007fc068600000)
   the space 6449996K,  99% used [0x00007fb5bdb50000, 0x00007fb746e07ee0, 0x00007fb746e08000, 0x00007fb747623000)
 Metaspace       used 24380K, capacity 24788K, committed 25088K, reserved 26624K
}
Event: 15068.331 GC heap before
{Heap before GC invocations=15038 (full 4):
 def new generation   total 2902528K, used 2594485K [0x00007fb068600000, 0x00007fb12d370000, 0x00007fb5bdb50000)
  eden space 2580032K, 100% used [0x00007fb068600000, 0x00007fb105d90000, 0x00007fb105d90000)
  from space 322496K,   4% used [0x00007fb119880000, 0x00007fb11a69d6f0, 0x00007fb12d370000)
  to   space 322496K,   0% used [0x00007fb105d90000, 0x00007fb105d90000, 0x00007fb119880000)
 tenured generation   total 6449996K, used 6441695K [0x00007fb5bdb50000, 0x00007fb747623000, 0x00007fc068600000)
   the space 6449996K,  99% used [0x00007fb5bdb50000, 0x00007fb746e07ee0, 0x00007fb746e08000, 0x00007fb747623000)
 Metaspace       used 24380K, capacity 24788K, committed 25088K, reserved 26624K
}
Event: 15068.367 GC heap after
{Heap after GC invocations=15039 (full 4):
 def new generation   total 2902528K, used 14886K [0x00007fb068600000, 0x00007fb12d370000, 0x00007fb5bdb50000)
  eden space 2580032K,   0% used [0x00007fb068600000, 0x00007fb068600000, 0x00007fb105d90000)
  from space 322496K,   4% used [0x00007fb105d90000, 0x00007fb106c199e8, 0x00007fb119880000)
  to   space 322496K,   0% used [0x00007fb119880000, 0x00007fb119880000, 0x00007fb12d370000)
 tenured generation   total 6449996K, used 6442662K [0x00007fb5bdb50000, 0x00007fb747623000, 0x00007fc068600000)
   the space 6449996K,  99% used [0x00007fb5bdb50000, 0x00007fb746ef9930, 0x00007fb746ef9a00, 0x00007fb747623000)
 Metaspace       used 24380K, capacity 24788K, committed 25088K, reserved 26624K
}
Event: 15070.534 GC heap before
{Heap before GC invocations=15039 (full 4):
 def new generation   total 2902528K, used 2594918K [0x00007fb068600000, 0x00007fb12d370000, 0x00007fb5bdb50000)
  eden space 2580032K, 100% used [0x00007fb068600000, 0x00007fb105d90000, 0x00007fb105d90000)
  from space 322496K,   4% used [0x00007fb105d90000, 0x00007fb106c199e8, 0x00007fb119880000)
  to   space 322496K,   0% used [0x00007fb119880000, 0x00007fb119880000, 0x00007fb12d370000)
 tenured generation   total 6449996K, used 6442662K [0x00007fb5bdb50000, 0x00007fb747623000, 0x00007fc068600000)
   the space 6449996K,  99% used [0x00007fb5bdb50000, 0x00007fb746ef9930, 0x00007fb746ef9a00, 0x00007fb747623000)
 Metaspace       used 24380K, capacity 24788K, committed 25088K, reserved 26624K
}
Event: 15070.570 GC heap after
{Heap after GC invocations=15040 (full 4):
 def new generation   total 2902528K, used 15772K [0x00007fb068600000, 0x00007fb12d370000, 0x00007fb5bdb50000)
  eden space 2580032K,   0% used [0x00007fb068600000, 0x00007fb068600000, 0x00007fb105d90000)
  from space 322496K,   4% used [0x00007fb119880000, 0x00007fb11a7e70c8, 0x00007fb12d370000)
  to   space 322496K,   0% used [0x00007fb105d90000, 0x00007fb105d90000, 0x00007fb119880000)
 tenured generation   total 6449996K, used 6443209K [0x00007fb5bdb50000, 0x00007fb747623000, 0x00007fc068600000)
   the space 6449996K,  99% used [0x00007fb5bdb50000, 0x00007fb746f82700, 0x00007fb746f82800, 0x00007fb747623000)
 Metaspace       used 24380K, capacity 24788K, committed 25088K, reserved 26624K
}
Event: 15072.751 GC heap before
{Heap before GC invocations=15040 (full 4):
 def new generation   total 2902528K, used 2595804K [0x00007fb068600000, 0x00007fb12d370000, 0x00007fb5bdb50000)
  eden space 2580032K, 100% used [0x00007fb068600000, 0x00007fb105d90000, 0x00007fb105d90000)
  from space 322496K,   4% used [0x00007fb119880000, 0x00007fb11a7e70c8, 0x00007fb12d370000)
  to   space 322496K,   0% used [0x00007fb105d90000, 0x00007fb105d90000, 0x00007fb119880000)
 tenured generation   total 6449996K, used 6443209K [0x00007fb5bdb50000, 0x00007fb747623000, 0x00007fc068600000)
   the space 6449996K,  99% used [0x00007fb5bdb50000, 0x00007fb746f82700, 0x00007fb746f82800, 0x00007fb747623000)
 Metaspace       used 24380K, capacity 24788K, committed 25088K, reserved 26624K
}
Event: 15072.799 GC heap after
{Heap after GC invocations=15041 (full 4):
 def new generation   total 2902528K, used 16535K [0x00007fb068600000, 0x00007fb12d370000, 0x00007fb5bdb50000)
  eden space 2580032K,   0% used [0x00007fb068600000, 0x00007fb068600000, 0x00007fb105d90000)
  from space 322496K,   5% used [0x00007fb105d90000, 0x00007fb106db5f28, 0x00007fb119880000)
  to   space 322496K,   0% used [0x00007fb119880000, 0x00007fb119880000, 0x00007fb12d370000)
 tenured generation   total 6449996K, used 6443842K [0x00007fb5bdb50000, 0x00007fb747623000, 0x00007fc068600000)
   the space 6449996K,  99% used [0x00007fb5bdb50000, 0x00007fb747020b18, 0x00007fb747020c00, 0x00007fb747623000)
 Metaspace       used 24380K, capacity 24788K, committed 25088K, reserved 26624K
}
Event: 15074.993 GC heap before
{Heap before GC invocations=15041 (full 4):
 def new generation   total 2902528K, used 2596567K [0x00007fb068600000, 0x00007fb12d370000, 0x00007fb5bdb50000)
  eden space 2580032K, 100% used [0x00007fb068600000, 0x00007fb105d90000, 0x00007fb105d90000)
  from space 322496K,   5% used [0x00007fb105d90000, 0x00007fb106db5f28, 0x00007fb119880000)
  to   space 322496K,   0% used [0x00007fb119880000, 0x00007fb119880000, 0x00007fb12d370000)
 tenured generation   total 6449996K, used 6443842K [0x00007fb5bdb50000, 0x00007fb747623000, 0x00007fc068600000)
   the space 6449996K,  99% used [0x00007fb5bdb50000, 0x00007fb747020b18, 0x00007fb747020c00, 0x00007fb747623000)
 Metaspace       used 24380K, capacity 24788K, committed 25088K, reserved 26624K
}
Event: 15075.040 GC heap after
{Heap after GC invocations=15042 (full 4):
 def new generation   total 2902528K, used 16443K [0x00007fb068600000, 0x00007fb12d370000, 0x00007fb5bdb50000)
  eden space 2580032K,   0% used [0x00007fb068600000, 0x00007fb068600000, 0x00007fb105d90000)
  from space 322496K,   5% used [0x00007fb119880000, 0x00007fb11a88ef68, 0x00007fb12d370000)
  to   space 322496K,   0% used [0x00007fb105d90000, 0x00007fb105d90000, 0x00007fb119880000)
 tenured generation   total 6449996K, used 6444492K [0x00007fb5bdb50000, 0x00007fb747623000, 0x00007fc068600000)
   the space 6449996K,  99% used [0x00007fb5bdb50000, 0x00007fb7470c32f8, 0x00007fb7470c3400, 0x00007fb747623000)
 Metaspace       used 24380K, capacity 24788K, committed 25088K, reserved 26624K
}
Event: 15077.201 GC heap before
{Heap before GC invocations=15042 (full 4):
 def new generation   total 2902528K, used 2596475K [0x00007fb068600000, 0x00007fb12d370000, 0x00007fb5bdb50000)
  eden space 2580032K, 100% used [0x00007fb068600000, 0x00007fb105d90000, 0x00007fb105d90000)
  from space 322496K,   5% used [0x00007fb119880000, 0x00007fb11a88ef68, 0x00007fb12d370000)
  to   space 322496K,   0% used [0x00007fb105d90000, 0x00007fb105d90000, 0x00007fb119880000)
 tenured generation   total 6449996K, used 6444492K [0x00007fb5bdb50000, 0x00007fb747623000, 0x00007fc068600000)
   the space 6449996K,  99% used [0x00007fb5bdb50000, 0x00007fb7470c32f8, 0x00007fb7470c3400, 0x00007fb747623000)
 Metaspace       used 24380K, capacity 24788K, committed 25088K, reserved 26624K
}
Event: 15077.241 GC heap after
{Heap after GC invocations=15043 (full 4):
 def new generation   total 2902528K, used 16160K [0x00007fb068600000, 0x00007fb12d370000, 0x00007fb5bdb50000)
  eden space 2580032K,   0% used [0x00007fb068600000, 0x00007fb068600000, 0x00007fb105d90000)
  from space 322496K,   5% used [0x00007fb105d90000, 0x00007fb106d58080, 0x00007fb119880000)
  to   space 322496K,   0% used [0x00007fb119880000, 0x00007fb119880000, 0x00007fb12d370000)
 tenured generation   total 6449996K, used 6445301K [0x00007fb5bdb50000, 0x00007fb747623000, 0x00007fc068600000)
   the space 6449996K,  99% used [0x00007fb5bdb50000, 0x00007fb74718d480, 0x00007fb74718d600, 0x00007fb747623000)
 Metaspace       used 24380K, capacity 24788K, committed 25088K, reserved 26624K
}
Event: 15079.475 GC heap before
{Heap before GC invocations=15043 (full 4):
 def new generation   total 2902528K, used 2596192K [0x00007fb068600000, 0x00007fb12d370000, 0x00007fb5bdb50000)
  eden space 2580032K, 100% used [0x00007fb068600000, 0x00007fb105d90000, 0x00007fb105d90000)
  from space 322496K,   5% used [0x00007fb105d90000, 0x00007fb106d58080, 0x00007fb119880000)
  to   space 322496K,   0% used [0x00007fb119880000, 0x00007fb119880000, 0x00007fb12d370000)
 tenured generation   total 6449996K, used 6445301K [0x00007fb5bdb50000, 0x00007fb747623000, 0x00007fc068600000)
   the space 6449996K,  99% used [0x00007fb5bdb50000, 0x00007fb74718d480, 0x00007fb74718d600, 0x00007fb747623000)
 Metaspace       used 24380K, capacity 24788K, committed 25088K, reserved 26624K
}
Event: 15079.515 GC heap after
{Heap after GC invocations=15044 (full 4):
 def new generation   total 2902528K, used 15496K [0x00007fb068600000, 0x00007fb12d370000, 0x00007fb5bdb50000)
  eden space 2580032K,   0% used [0x00007fb068600000, 0x00007fb068600000, 0x00007fb105d90000)
  from space 322496K,   4% used [0x00007fb119880000, 0x00007fb11a7a2388, 0x00007fb12d370000)
  to   space 322496K,   0% used [0x00007fb105d90000, 0x00007fb105d90000, 0x00007fb119880000)
 tenured generation   total 6449996K, used 6446583K [0x00007fb5bdb50000, 0x00007fb747623000, 0x00007fc068600000)
   the space 6449996K,  99% used [0x00007fb5bdb50000, 0x00007fb7472cdfa0, 0x00007fb7472ce000, 0x00007fb747623000)
 Metaspace       used 24380K, capacity 24788K, committed 25088K, reserved 26624K
}
Event: 15081.710 GC heap before
{Heap before GC invocations=15044 (full 4):
 def new generation   total 2902528K, used 2595528K [0x00007fb068600000, 0x00007fb12d370000, 0x00007fb5bdb50000)
  eden space 2580032K, 100% used [0x00007fb068600000, 0x00007fb105d90000, 0x00007fb105d90000)
  from space 322496K,   4% used [0x00007fb119880000, 0x00007fb11a7a2388, 0x00007fb12d370000)
  to   space 322496K,   0% used [0x00007fb105d90000, 0x00007fb105d90000, 0x00007fb119880000)
 tenured generation   total 6449996K, used 6446583K [0x00007fb5bdb50000, 0x00007fb747623000, 0x00007fc068600000)
   the space 6449996K,  99% used [0x00007fb5bdb50000, 0x00007fb7472cdfa0, 0x00007fb7472ce000, 0x00007fb747623000)
 Metaspace       used 24380K, capacity 24788K, committed 25088K, reserved 26624K
}
Event: 15081.749 GC heap after
{Heap after GC invocations=15045 (full 4):
 def new generation   total 2902528K, used 14896K [0x00007fb068600000, 0x00007fb12d370000, 0x00007fb5bdb50000)
  eden space 2580032K,   0% used [0x00007fb068600000, 0x00007fb068600000, 0x00007fb105d90000)
  from space 322496K,   4% used [0x00007fb105d90000, 0x00007fb106c1c100, 0x00007fb119880000)
  to   space 322496K,   0% used [0x00007fb119880000, 0x00007fb119880000, 0x00007fb12d370000)
 tenured generation   total 6449996K, used 6447989K [0x00007fb5bdb50000, 0x00007fb747623000, 0x00007fc068600000)
   the space 6449996K,  99% used [0x00007fb5bdb50000, 0x00007fb74742d4f8, 0x00007fb74742d600, 0x00007fb747623000)
 Metaspace       used 24380K, capacity 24788K, committed 25088K, reserved 26624K
}
Event: 15083.953 GC heap before
{Heap before GC invocations=15045 (full 4):
 def new generation   total 2902528K, used 2594928K [0x00007fb068600000, 0x00007fb12d370000, 0x00007fb5bdb50000)
  eden space 2580032K, 100% used [0x00007fb068600000, 0x00007fb105d90000, 0x00007fb105d90000)
  from space 322496K,   4% used [0x00007fb105d90000, 0x00007fb106c1c100, 0x00007fb119880000)
  to   space 322496K,   0% used [0x00007fb119880000, 0x00007fb119880000, 0x00007fb12d370000)
 tenured generation   total 6449996K, used 6447989K [0x00007fb5bdb50000, 0x00007fb747623000, 0x00007fc068600000)
   the space 6449996K,  99% used [0x00007fb5bdb50000, 0x00007fb74742d4f8, 0x00007fb74742d600, 0x00007fb747623000)
 Metaspace       used 24380K, capacity 24788K, committed 25088K, reserved 26624K
}
Event: 15083.987 GC heap after
{Heap after GC invocations=15046 (full 4):
 def new generation   total 2902528K, used 14376K [0x00007fb068600000, 0x00007fb12d370000, 0x00007fb5bdb50000)
  eden space 2580032K,   0% used [0x00007fb068600000, 0x00007fb068600000, 0x00007fb105d90000)
  from space 322496K,   4% used [0x00007fb119880000, 0x00007fb11a68a0a0, 0x00007fb12d370000)
  to   space 322496K,   0% used [0x00007fb105d90000, 0x00007fb105d90000, 0x00007fb119880000)
 tenured generation   total 6449996K, used 6449416K [0x00007fb5bdb50000, 0x00007fb747623000, 0x00007fc068600000)
   the space 6449996K,  99% used [0x00007fb5bdb50000, 0x00007fb7475922b8, 0x00007fb747592400, 0x00007fb747623000)
 Metaspace       used 24380K, capacity 24788K, committed 25088K, reserved 26624K
}
Event: 15086.214 GC heap before
{Heap before GC invocations=15046 (full 4):
 def new generation   total 2902528K, used 2594408K [0x00007fb068600000, 0x00007fb12d370000, 0x00007fb5bdb50000)
  eden space 2580032K, 100% used [0x00007fb068600000, 0x00007fb105d90000, 0x00007fb105d90000)
  from space 322496K,   4% used [0x00007fb119880000, 0x00007fb11a68a0a0, 0x00007fb12d370000)
  to   space 322496K,   0% used [0x00007fb105d90000, 0x00007fb105d90000, 0x00007fb119880000)
 tenured generation   total 6449996K, used 6449416K [0x00007fb5bdb50000, 0x00007fb747623000, 0x00007fc068600000)
   the space 6449996K,  99% used [0x00007fb5bdb50000, 0x00007fb7475922b8, 0x00007fb747592400, 0x00007fb747623000)
 Metaspace       used 24380K, capacity 24788K, committed 25088K, reserved 26624K
}
Event: 15086.249 GC heap after
{Heap after GC invocations=15047 (full 4):
 def new generation   total 2902528K, used 14052K [0x00007fb068600000, 0x00007fb12d370000, 0x00007fb5bdb50000)
  eden space 2580032K,   0% used [0x00007fb068600000, 0x00007fb068600000, 0x00007fb105d90000)
  from space 322496K,   4% used [0x00007fb105d90000, 0x00007fb106b49118, 0x00007fb119880000)
  to   space 322496K,   0% used [0x00007fb119880000, 0x00007fb119880000, 0x00007fb12d370000)
 tenured generation   total 6450956K, used 6450822K [0x00007fb5bdb50000, 0x00007fb747713000, 0x00007fc068600000)
   the space 6450956K,  99% used [0x00007fb5bdb50000, 0x00007fb7476f1810, 0x00007fb7476f1a00, 0x00007fb747713000)
 Metaspace       used 24380K, capacity 24788K, committed 25088K, reserved 26624K
}
Event: 15086.249 GC heap before
{Heap before GC invocations=15047 (full 4):
 def new generation   total 2902528K, used 14052K [0x00007fb068600000, 0x00007fb12d370000, 0x00007fb5bdb50000)
  eden space 2580032K,   0% used [0x00007fb068600000, 0x00007fb068600000, 0x00007fb105d90000)
  from space 322496K,   4% used [0x00007fb105d90000, 0x00007fb106b49118, 0x00007fb119880000)
  to   space 322496K,   0% used [0x00007fb119880000, 0x00007fb119880000, 0x00007fb12d370000)
 tenured generation   total 6450956K, used 6450822K [0x00007fb5bdb50000, 0x00007fb747713000, 0x00007fc068600000)
   the space 6450956K,  99% used [0x00007fb5bdb50000, 0x00007fb7476f1810, 0x00007fb7476f1a00, 0x00007fb747713000)
 Metaspace       used 24380K, capacity 24788K, committed 25088K, reserved 26624K
}

