# JRE version: OpenJDK Runtime Environment (13.0.7+5) (build 13.0.7+5-Ubuntu-0ubuntu120.04)
# Java VM: OpenJDK 64-Bit Server VM (13.0.7+5-Ubuntu-0ubuntu120.04, mixed mode, tiered, serial gc, linux-amd64)
Heap:
 def new generation   total 629248K, used 0K [0x00007f093c600000, 0x00007f09670c0000, 0x00007f0e91b50000)
  eden space 559360K,   0% used [0x00007f093c600000, 0x00007f093c600000, 0x00007f095e840000)
  from space 69888K,   0% used [0x00007f0962c80000, 0x00007f0962c80000, 0x00007f09670c0000)
  to   space 69888K,   0% used [0x00007f095e840000, 0x00007f095e840000, 0x00007f0962c80000)
 tenured generation   total 5592452K, used 277150K [0x00007f0e91b50000, 0x00007f0fe70b1000, 0x00007f193c600000)
   the space 5592452K,   4% used [0x00007f0e91b50000, 0x00007f0ea29f7bd0, 0x00007f0ea29f7c00, 0x00007f0fe70b1000)
 Metaspace       used 23310K, capacity 23687K, committed 23808K, reserved 24576K
GC Heap History (20 events):
Event: 5.085 GC heap after
{Heap after GC invocations=4 (full 1):
 def new generation   total 629248K, used 1059K [0x00007f093c600000, 0x00007f09670c0000, 0x00007f0e91b50000)
  eden space 559360K,   0% used [0x00007f093c600000, 0x00007f093c600000, 0x00007f095e840000)
  from space 69888K,   1% used [0x00007f0962c80000, 0x00007f0962d88d30, 0x00007f09670c0000)
  to   space 69888K,   0% used [0x00007f095e840000, 0x00007f095e840000, 0x00007f0962c80000)
 tenured generation   total 1398144K, used 13605K [0x00007f0e91b50000, 0x00007f0ee70b0000, 0x00007f193c600000)
   the space 1398144K,   0% used [0x00007f0e91b50000, 0x00007f0e92899690, 0x00007f0e92899800, 0x00007f0ee70b0000)
 Metaspace       used 22961K, capacity 23292K, committed 23552K, reserved 24576K
}
Event: 5.541 GC heap before
{Heap before GC invocations=4 (full 1):
 def new generation   total 629248K, used 560419K [0x00007f093c600000, 0x00007f09670c0000, 0x00007f0e91b50000)
  eden space 559360K, 100% used [0x00007f093c600000, 0x00007f095e840000, 0x00007f095e840000)
  from space 69888K,   1% used [0x00007f0962c80000, 0x00007f0962d88d30, 0x00007f09670c0000)
  to   space 69888K,   0% used [0x00007f095e840000, 0x00007f095e840000, 0x00007f0962c80000)
 tenured generation   total 1398144K, used 13605K [0x00007f0e91b50000, 0x00007f0ee70b0000, 0x00007f193c600000)
   the space 1398144K,   0% used [0x00007f0e91b50000, 0x00007f0e92899690, 0x00007f0e92899800, 0x00007f0ee70b0000)
 Metaspace       used 22962K, capacity 23292K, committed 23552K, reserved 24576K
}
Event: 5.543 GC heap after
{Heap after GC invocations=5 (full 1):
 def new generation   total 629248K, used 1282K [0x00007f093c600000, 0x00007f09670c0000, 0x00007f0e91b50000)
  eden space 559360K,   0% used [0x00007f093c600000, 0x00007f093c600000, 0x00007f095e840000)
  from space 69888K,   1% used [0x00007f095e840000, 0x00007f095e980838, 0x00007f0962c80000)
  to   space 69888K,   0% used [0x00007f0962c80000, 0x00007f0962c80000, 0x00007f09670c0000)
 tenured generation   total 1398144K, used 13605K [0x00007f0e91b50000, 0x00007f0ee70b0000, 0x00007f193c600000)
   the space 1398144K,   0% used [0x00007f0e91b50000, 0x00007f0e92899690, 0x00007f0e92899800, 0x00007f0ee70b0000)
 Metaspace       used 22962K, capacity 23292K, committed 23552K, reserved 24576K
}
Event: 5.818 GC heap before
{Heap before GC invocations=5 (full 1):
 def new generation   total 629248K, used 226166K [0x00007f093c600000, 0x00007f09670c0000, 0x00007f0e91b50000)
  eden space 559360K,  40% used [0x00007f093c600000, 0x00007f094a19d220, 0x00007f095e840000)
  from space 69888K,   1% used [0x00007f095e840000, 0x00007f095e980838, 0x00007f0962c80000)
  to   space 69888K,   0% used [0x00007f0962c80000, 0x00007f0962c80000, 0x00007f09670c0000)
 tenured generation   total 1398144K, used 13605K [0x00007f0e91b50000, 0x00007f0ee70b0000, 0x00007f193c600000)
   the space 1398144K,   0% used [0x00007f0e91b50000, 0x00007f0e92899690, 0x00007f0e92899800, 0x00007f0ee70b0000)
 Metaspace       used 23168K, capacity 23581K, committed 23808K, reserved 24576K
}
Event: 5.820 GC heap after
{Heap after GC invocations=6 (full 1):
 def new generation   total 629248K, used 1455K [0x00007f093c600000, 0x00007f09670c0000, 0x00007f0e91b50000)
  eden space 559360K,   0% used [0x00007f093c600000, 0x00007f093c600000, 0x00007f095e840000)
  from space 69888K,   2% used [0x00007f0962c80000, 0x00007f0962debdb8, 0x00007f09670c0000)
  to   space 69888K,   0% used [0x00007f095e840000, 0x00007f095e840000, 0x00007f0962c80000)
 tenured generation   total 1398144K, used 13605K [0x00007f0e91b50000, 0x00007f0ee70b0000, 0x00007f193c600000)
   the space 1398144K,   0% used [0x00007f0e91b50000, 0x00007f0e92899690, 0x00007f0e92899800, 0x00007f0ee70b0000)
 Metaspace       used 23168K, capacity 23581K, committed 23808K, reserved 24576K
}
Event: 5.995 GC heap before
{Heap before GC invocations=6 (full 1):
 def new generation   total 629248K, used 560815K [0x00007f093c600000, 0x00007f09670c0000, 0x00007f0e91b50000)
  eden space 559360K, 100% used [0x00007f093c600000, 0x00007f095e840000, 0x00007f095e840000)
  from space 69888K,   2% used [0x00007f0962c80000, 0x00007f0962debdb8, 0x00007f09670c0000)
  to   space 69888K,   0% used [0x00007f095e840000, 0x00007f095e840000, 0x00007f0962c80000)
 tenured generation   total 1398144K, used 13605K [0x00007f0e91b50000, 0x00007f0ee70b0000, 0x00007f193c600000)
   the space 1398144K,   0% used [0x00007f0e91b50000, 0x00007f0e92899690, 0x00007f0e92899800, 0x00007f0ee70b0000)
 Metaspace       used 23251K, capacity 23597K, committed 23808K, reserved 24576K
}
Event: 5.997 GC heap after
{Heap after GC invocations=7 (full 1):
 def new generation   total 629248K, used 1374K [0x00007f093c600000, 0x00007f09670c0000, 0x00007f0e91b50000)
  eden space 559360K,   0% used [0x00007f093c600000, 0x00007f093c600000, 0x00007f095e840000)
  from space 69888K,   1% used [0x00007f095e840000, 0x00007f095e997820, 0x00007f0962c80000)
  to   space 69888K,   0% used [0x00007f0962c80000, 0x00007f0962c80000, 0x00007f09670c0000)
 tenured generation   total 1398144K, used 13605K [0x00007f0e91b50000, 0x00007f0ee70b0000, 0x00007f193c600000)
   the space 1398144K,   0% used [0x00007f0e91b50000, 0x00007f0e92899690, 0x00007f0e92899800, 0x00007f0ee70b0000)
 Metaspace       used 23251K, capacity 23597K, committed 23808K, reserved 24576K
}
Event: 6.442 GC heap before
{Heap before GC invocations=7 (full 1):
 def new generation   total 629248K, used 560734K [0x00007f093c600000, 0x00007f09670c0000, 0x00007f0e91b50000)
  eden space 559360K, 100% used [0x00007f093c600000, 0x00007f095e840000, 0x00007f095e840000)
  from space 69888K,   1% used [0x00007f095e840000, 0x00007f095e997820, 0x00007f0962c80000)
  to   space 69888K,   0% used [0x00007f0962c80000, 0x00007f0962c80000, 0x00007f09670c0000)
 tenured generation   total 1398144K, used 13605K [0x00007f0e91b50000, 0x00007f0ee70b0000, 0x00007f193c600000)
   the space 1398144K,   0% used [0x00007f0e91b50000, 0x00007f0e92899690, 0x00007f0e92899800, 0x00007f0ee70b0000)
 Metaspace       used 23283K, capacity 23685K, committed 23808K, reserved 24576K
}
Event: 6.443 GC heap after
{Heap after GC invocations=8 (full 1):
 def new generation   total 629248K, used 1488K [0x00007f093c600000, 0x00007f09670c0000, 0x00007f0e91b50000)
  eden space 559360K,   0% used [0x00007f093c600000, 0x00007f093c600000, 0x00007f095e840000)
  from space 69888K,   2% used [0x00007f0962c80000, 0x00007f0962df4010, 0x00007f09670c0000)
  to   space 69888K,   0% used [0x00007f095e840000, 0x00007f095e840000, 0x00007f0962c80000)
 tenured generation   total 1398144K, used 13605K [0x00007f0e91b50000, 0x00007f0ee70b0000, 0x00007f193c600000)
   the space 1398144K,   0% used [0x00007f0e91b50000, 0x00007f0e92899690, 0x00007f0e92899800, 0x00007f0ee70b0000)
 Metaspace       used 23283K, capacity 23685K, committed 23808K, reserved 24576K
}
Event: 6.923 GC heap before
{Heap before GC invocations=8 (full 1):
 def new generation   total 629248K, used 560848K [0x00007f093c600000, 0x00007f09670c0000, 0x00007f0e91b50000)
  eden space 559360K, 100% used [0x00007f093c600000, 0x00007f095e840000, 0x00007f095e840000)
  from space 69888K,   2% used [0x00007f0962c80000, 0x00007f0962df4010, 0x00007f09670c0000)
  to   space 69888K,   0% used [0x00007f095e840000, 0x00007f095e840000, 0x00007f0962c80000)
 tenured generation   total 1398144K, used 13605K [0x00007f0e91b50000, 0x00007f0ee70b0000, 0x00007f193c600000)
   the space 1398144K,   0% used [0x00007f0e91b50000, 0x00007f0e92899690, 0x00007f0e92899800, 0x00007f0ee70b0000)
 Metaspace       used 23283K, capacity 23685K, committed 23808K, reserved 24576K
}
Event: 6.925 GC heap after
{Heap after GC invocations=9 (full 1):
 def new generation   total 629248K, used 1781K [0x00007f093c600000, 0x00007f09670c0000, 0x00007f0e91b50000)
  eden space 559360K,   0% used [0x00007f093c600000, 0x00007f093c600000, 0x00007f095e840000)
  from space 69888K,   2% used [0x00007f095e840000, 0x00007f095e9fd7c8, 0x00007f0962c80000)
  to   space 69888K,   0% used [0x00007f0962c80000, 0x00007f0962c80000, 0x00007f09670c0000)
 tenured generation   total 1398144K, used 13605K [0x00007f0e91b50000, 0x00007f0ee70b0000, 0x00007f193c600000)
   the space 1398144K,   0% used [0x00007f0e91b50000, 0x00007f0e92899690, 0x00007f0e92899800, 0x00007f0ee70b0000)
 Metaspace       used 23283K, capacity 23685K, committed 23808K, reserved 24576K
}
Event: 7.253 GC heap before
{Heap before GC invocations=9 (full 1):
 def new generation   total 629248K, used 380039K [0x00007f093c600000, 0x00007f09670c0000, 0x00007f0e91b50000)
  eden space 559360K,  67% used [0x00007f093c600000, 0x00007f0953764768, 0x00007f095e840000)
  from space 69888K,   2% used [0x00007f095e840000, 0x00007f095e9fd7c8, 0x00007f0962c80000)
  to   space 69888K,   0% used [0x00007f0962c80000, 0x00007f0962c80000, 0x00007f09670c0000)
 tenured generation   total 1398144K, used 13605K [0x00007f0e91b50000, 0x00007f0ee70b0000, 0x00007f193c600000)
   the space 1398144K,   0% used [0x00007f0e91b50000, 0x00007f0e92899690, 0x00007f0e92899800, 0x00007f0ee70b0000)
 Metaspace       used 23310K, capacity 23687K, committed 23808K, reserved 24576K
}
Event: 7.255 GC heap after
{Heap after GC invocations=10 (full 1):
 def new generation   total 629248K, used 1952K [0x00007f093c600000, 0x00007f09670c0000, 0x00007f0e91b50000)
  eden space 559360K,   0% used [0x00007f093c600000, 0x00007f093c600000, 0x00007f095e840000)
  from space 69888K,   2% used [0x00007f0962c80000, 0x00007f0962e68178, 0x00007f09670c0000)
  to   space 69888K,   0% used [0x00007f095e840000, 0x00007f095e840000, 0x00007f0962c80000)
 tenured generation   total 1398144K, used 13605K [0x00007f0e91b50000, 0x00007f0ee70b0000, 0x00007f193c600000)
   the space 1398144K,   0% used [0x00007f0e91b50000, 0x00007f0e92899690, 0x00007f0e92899800, 0x00007f0ee70b0000)
 Metaspace       used 23310K, capacity 23687K, committed 23808K, reserved 24576K
}
Event: 7.526 GC heap before
{Heap before GC invocations=10 (full 1):
 def new generation   total 629248K, used 275111K [0x00007f093c600000, 0x00007f09670c0000, 0x00007f0e91b50000)
  eden space 559360K,  48% used [0x00007f093c600000, 0x00007f094d0c1b70, 0x00007f095e840000)
  from space 69888K,   2% used [0x00007f0962c80000, 0x00007f0962e68178, 0x00007f09670c0000)
  to   space 69888K,   0% used [0x00007f095e840000, 0x00007f095e840000, 0x00007f0962c80000)
 tenured generation   total 1398144K, used 13605K [0x00007f0e91b50000, 0x00007f0ee70b0000, 0x00007f193c600000)
   the space 1398144K,   0% used [0x00007f0e91b50000, 0x00007f0e92899690, 0x00007f0e92899800, 0x00007f0ee70b0000)
 Metaspace       used 23310K, capacity 23687K, committed 23808K, reserved 24576K
}
Event: 7.734 GC heap after
{Heap after GC invocations=11 (full 1):
 def new generation   total 629248K, used 1409K [0x00007f093c600000, 0x00007f09670c0000, 0x00007f0e91b50000)
  eden space 559360K,   0% used [0x00007f093c600000, 0x00007f093c600000, 0x00007f095e840000)
  from space 69888K,   2% used [0x00007f095e840000, 0x00007f095e9a0580, 0x00007f0962c80000)
  to   space 69888K,   0% used [0x00007f0962c80000, 0x00007f0962c80000, 0x00007f09670c0000)
 tenured generation   total 1398144K, used 275749K [0x00007f0e91b50000, 0x00007f0ee70b0000, 0x00007f193c600000)
   the space 1398144K,  19% used [0x00007f0e91b50000, 0x00007f0ea28996a8, 0x00007f0ea2899800, 0x00007f0ee70b0000)
 Metaspace       used 23310K, capacity 23687K, committed 23808K, reserved 24576K
}
Event: 7.734 GC heap before
{Heap before GC invocations=11 (full 1):
 def new generation   total 629248K, used 1409K [0x00007f093c600000, 0x00007f09670c0000, 0x00007f0e91b50000)
  eden space 559360K,   0% used [0x00007f093c600000, 0x00007f093c600000, 0x00007f095e840000)
  from space 69888K,   2% used [0x00007f095e840000, 0x00007f095e9a0580, 0x00007f0962c80000)
  to   space 69888K,   0% used [0x00007f0962c80000, 0x00007f0962c80000, 0x00007f09670c0000)
 tenured generation   total 1398144K, used 275749K [0x00007f0e91b50000, 0x00007f0ee70b0000, 0x00007f193c600000)
   the space 1398144K,  19% used [0x00007f0e91b50000, 0x00007f0ea28996a8, 0x00007f0ea2899800, 0x00007f0ee70b0000)
 Metaspace       used 23310K, capacity 23687K, committed 23808K, reserved 24576K
}
Event: 7.766 GC heap after
{Heap after GC invocations=11 (full 2):
 def new generation   total 629248K, used 0K [0x00007f093c600000, 0x00007f09670c0000, 0x00007f0e91b50000)
  eden space 559360K,   0% used [0x00007f093c600000, 0x00007f093c600000, 0x00007f095e840000)
  from space 69888K,   0% used [0x00007f095e840000, 0x00007f095e840000, 0x00007f0962c80000)
  to   space 69888K,   0% used [0x00007f0962c80000, 0x00007f0962c80000, 0x00007f09670c0000)
 tenured generation   total 1398144K, used 277149K [0x00007f0e91b50000, 0x00007f0ee70b0000, 0x00007f193c600000)
   the space 1398144K,  19% used [0x00007f0e91b50000, 0x00007f0ea29f7790, 0x00007f0ea29f7800, 0x00007f0ee70b0000)
 Metaspace       used 23310K, capacity 23687K, committed 23808K, reserved 24576K
}
Event: 11.981 GC heap before
{Heap before GC invocations=11 (full 2):
 def new generation   total 629248K, used 11014K [0x00007f093c600000, 0x00007f09670c0000, 0x00007f0e91b50000)
  eden space 559360K,   1% used [0x00007f093c600000, 0x00007f093d0c1b58, 0x00007f095e840000)
  from space 69888K,   0% used [0x00007f095e840000, 0x00007f095e840000, 0x00007f0962c80000)
  to   space 69888K,   0% used [0x00007f0962c80000, 0x00007f0962c80000, 0x00007f09670c0000)
 tenured generation   total 5592452K, used 4471453K [0x00007f0e91b50000, 0x00007f0fe70b1000, 0x00007f193c600000)
   the space 5592452K,  79% used [0x00007f0e91b50000, 0x00007f0fa29f77a8, 0x00007f0fa29f7800, 0x00007f0fe70b1000)
 Metaspace       used 23310K, capacity 23687K, committed 23808K, reserved 24576K
}
Event: 11.985 GC heap after
{Heap after GC invocations=12 (full 2):
 def new generation   total 629248K, used 1K [0x00007f093c600000, 0x00007f09670c0000, 0x00007f0e91b50000)
  eden space 559360K,   0% used [0x00007f093c600000, 0x00007f093c600000, 0x00007f095e840000)
  from space 69888K,   0% used [0x00007f0962c80000, 0x00007f0962c80590, 0x00007f09670c0000)
  to   space 69888K,   0% used [0x00007f095e840000, 0x00007f095e840000, 0x00007f0962c80000)
 tenured generation   total 5592452K, used 4471453K [0x00007f0e91b50000, 0x00007f0fe70b1000, 0x00007f193c600000)
   the space 5592452K,  79% used [0x00007f0e91b50000, 0x00007f0fa29f77a8, 0x00007f0fa29f7800, 0x00007f0fe70b1000)
 Metaspace       used 23310K, capacity 23687K, committed 23808K, reserved 24576K
}
Event: 11.985 GC heap before
{Heap before GC invocations=12 (full 2):
 def new generation   total 629248K, used 1K [0x00007f093c600000, 0x00007f09670c0000, 0x00007f0e91b50000)
  eden space 559360K,   0% used [0x00007f093c600000, 0x00007f093c600000, 0x00007f095e840000)
  from space 69888K,   0% used [0x00007f0962c80000, 0x00007f0962c80590, 0x00007f09670c0000)
  to   space 69888K,   0% used [0x00007f095e840000, 0x00007f095e840000, 0x00007f0962c80000)
 tenured generation   total 5592452K, used 4471453K [0x00007f0e91b50000, 0x00007f0fe70b1000, 0x00007f193c600000)
   the space 5592452K,  79% used [0x00007f0e91b50000, 0x00007f0fa29f77a8, 0x00007f0fa29f7800, 0x00007f0fe70b1000)
 Metaspace       used 23310K, capacity 23687K, committed 23808K, reserved 24576K
}

