# JRE version: OpenJDK Runtime Environment (13.0.7+5) (build 13.0.7+5-Ubuntu-0ubuntu120.04)
# Java VM: OpenJDK 64-Bit Server VM (13.0.7+5-Ubuntu-0ubuntu120.04, mixed mode, tiered, serial gc, linux-amd64)
Heap:
 def new generation   total 1584000K, used 0K [0x00007f27d8600000, 0x00007f2843cc0000, 0x00007f2d2db50000)
  eden space 1408000K,   0% used [0x00007f27d8600000, 0x00007f27d8600000, 0x00007f282e500000)
  from space 176000K,   0% used [0x00007f28390e0000, 0x00007f28390e0000, 0x00007f2843cc0000)
  to   space 176000K,   0% used [0x00007f282e500000, 0x00007f282e500000, 0x00007f28390e0000)
 tenured generation   total 7714280K, used 4236569K [0x00007f2d2db50000, 0x00007f2f048ca000, 0x00007f37d8600000)
   the space 7714280K,  54% used [0x00007f2d2db50000, 0x00007f2e304964e0, 0x00007f2e30496600, 0x00007f2f048ca000)
 Metaspace       used 23302K, capacity 23683K, committed 23808K, reserved 24576K
GC Heap History (20 events):
Event: 7.402 GC heap after
{Heap after GC invocations=6 (full 1):
 def new generation   total 629248K, used 9383K [0x00007f27d8600000, 0x00007f28030c0000, 0x00007f2d2db50000)
  eden space 559360K,   0% used [0x00007f27d8600000, 0x00007f27d8600000, 0x00007f27fa840000)
  from space 69888K,  13% used [0x00007f27fec80000, 0x00007f27ff5a9fe8, 0x00007f28030c0000)
  to   space 69888K,   0% used [0x00007f27fa840000, 0x00007f27fa840000, 0x00007f27fec80000)
 tenured generation   total 1398144K, used 13612K [0x00007f2d2db50000, 0x00007f2d830b0000, 0x00007f37d8600000)
   the space 1398144K,   0% used [0x00007f2d2db50000, 0x00007f2d2e89b0e8, 0x00007f2d2e89b200, 0x00007f2d830b0000)
 Metaspace       used 23299K, capacity 23683K, committed 23808K, reserved 24576K
}
Event: 8.207 GC heap before
{Heap before GC invocations=6 (full 1):
 def new generation   total 629248K, used 450444K [0x00007f27d8600000, 0x00007f28030c0000, 0x00007f2d2db50000)
  eden space 559360K,  78% used [0x00007f27d8600000, 0x00007f27f34b9328, 0x00007f27fa840000)
  from space 69888K,  13% used [0x00007f27fec80000, 0x00007f27ff5a9fe8, 0x00007f28030c0000)
  to   space 69888K,   0% used [0x00007f27fa840000, 0x00007f27fa840000, 0x00007f27fec80000)
 tenured generation   total 1398144K, used 13612K [0x00007f2d2db50000, 0x00007f2d830b0000, 0x00007f37d8600000)
   the space 1398144K,   0% used [0x00007f2d2db50000, 0x00007f2d2e89b0e8, 0x00007f2d2e89b200, 0x00007f2d830b0000)
 Metaspace       used 23302K, capacity 23683K, committed 23808K, reserved 24576K
}
Event: 8.392 GC heap after
{Heap after GC invocations=7 (full 1):
 def new generation   total 629248K, used 1193K [0x00007f27d8600000, 0x00007f28030c0000, 0x00007f2d2db50000)
  eden space 559360K,   0% used [0x00007f27d8600000, 0x00007f27d8600000, 0x00007f27fa840000)
  from space 69888K,   1% used [0x00007f27fa840000, 0x00007f27fa96a570, 0x00007f27fec80000)
  to   space 69888K,   0% used [0x00007f27fec80000, 0x00007f27fec80000, 0x00007f28030c0000)
 tenured generation   total 1398144K, used 144684K [0x00007f2d2db50000, 0x00007f2d830b0000, 0x00007f37d8600000)
   the space 1398144K,  10% used [0x00007f2d2db50000, 0x00007f2d3689b100, 0x00007f2d3689b200, 0x00007f2d830b0000)
 Metaspace       used 23302K, capacity 23683K, committed 23808K, reserved 24576K
}
Event: 10.682 GC heap before
{Heap before GC invocations=7 (full 1):
 def new generation   total 629248K, used 371446K [0x00007f27d8600000, 0x00007f28030c0000, 0x00007f2d2db50000)
  eden space 559360K,  66% used [0x00007f27d8600000, 0x00007f27eef93440, 0x00007f27fa840000)
  from space 69888K,   1% used [0x00007f27fa840000, 0x00007f27fa96a570, 0x00007f27fec80000)
  to   space 69888K,   0% used [0x00007f27fec80000, 0x00007f27fec80000, 0x00007f28030c0000)
 tenured generation   total 1398144K, used 1193260K [0x00007f2d2db50000, 0x00007f2d830b0000, 0x00007f37d8600000)
   the space 1398144K,  85% used [0x00007f2d2db50000, 0x00007f2d7689b118, 0x00007f2d7689b200, 0x00007f2d830b0000)
 Metaspace       used 23302K, capacity 23683K, committed 23808K, reserved 24576K
}
Event: 10.688 GC heap after
{Heap after GC invocations=8 (full 1):
 def new generation   total 629248K, used 1225K [0x00007f27d8600000, 0x00007f28030c0000, 0x00007f2d2db50000)
  eden space 559360K,   0% used [0x00007f27d8600000, 0x00007f27d8600000, 0x00007f27fa840000)
  from space 69888K,   1% used [0x00007f27fec80000, 0x00007f27fedb2718, 0x00007f28030c0000)
  to   space 69888K,   0% used [0x00007f27fa840000, 0x00007f27fa840000, 0x00007f27fec80000)
 tenured generation   total 1398144K, used 1193260K [0x00007f2d2db50000, 0x00007f2d830b0000, 0x00007f37d8600000)
   the space 1398144K,  85% used [0x00007f2d2db50000, 0x00007f2d7689b118, 0x00007f2d7689b200, 0x00007f2d830b0000)
 Metaspace       used 23302K, capacity 23683K, committed 23808K, reserved 24576K
}
Event: 10.688 GC heap before
{Heap before GC invocations=8 (full 1):
 def new generation   total 629248K, used 1225K [0x00007f27d8600000, 0x00007f28030c0000, 0x00007f2d2db50000)
  eden space 559360K,   0% used [0x00007f27d8600000, 0x00007f27d8600000, 0x00007f27fa840000)
  from space 69888K,   1% used [0x00007f27fec80000, 0x00007f27fedb2718, 0x00007f28030c0000)
  to   space 69888K,   0% used [0x00007f27fa840000, 0x00007f27fa840000, 0x00007f27fec80000)
 tenured generation   total 1398144K, used 1193260K [0x00007f2d2db50000, 0x00007f2d830b0000, 0x00007f37d8600000)
   the space 1398144K,  85% used [0x00007f2d2db50000, 0x00007f2d7689b118, 0x00007f2d7689b200, 0x00007f2d830b0000)
 Metaspace       used 23302K, capacity 23683K, committed 23808K, reserved 24576K
}
Event: 12.053 GC heap after
{Heap after GC invocations=8 (full 2):
 def new generation   total 797632K, used 0K [0x00007f27d8600000, 0x00007f280e770000, 0x00007f2d2db50000)
  eden space 709056K,   0% used [0x00007f27d8600000, 0x00007f27d8600000, 0x00007f2803a70000)
  from space 88576K,   0% used [0x00007f2803a70000, 0x00007f2803a70000, 0x00007f28090f0000)
  to   space 88576K,   0% used [0x00007f28090f0000, 0x00007f28090f0000, 0x00007f280e770000)
 tenured generation   total 1772344K, used 1063404K [0x00007f2d2db50000, 0x00007f2d99e1e000, 0x00007f37d8600000)
   the space 1772344K,  59% used [0x00007f2d2db50000, 0x00007f2d6e9cb2c8, 0x00007f2d6e9cb400, 0x00007f2d99e1e000)
 Metaspace       used 23302K, capacity 23683K, committed 23808K, reserved 24576K
}
Event: 13.503 GC heap before
{Heap before GC invocations=8 (full 2):
 def new generation   total 797632K, used 14065K [0x00007f27d8600000, 0x00007f280e770000, 0x00007f2d2db50000)
  eden space 709056K,   1% used [0x00007f27d8600000, 0x00007f27d93bc4b0, 0x00007f2803a70000)
  from space 88576K,   0% used [0x00007f2803a70000, 0x00007f2803a70000, 0x00007f28090f0000)
  to   space 88576K,   0% used [0x00007f28090f0000, 0x00007f28090f0000, 0x00007f280e770000)
 tenured generation   total 2820924K, used 2111980K [0x00007f2d2db50000, 0x00007f2dd9e1f000, 0x00007f37d8600000)
   the space 2820924K,  74% used [0x00007f2d2db50000, 0x00007f2dae9cb2e0, 0x00007f2dae9cb400, 0x00007f2dd9e1f000)
 Metaspace       used 23302K, capacity 23683K, committed 23808K, reserved 24576K
}
Event: 13.508 GC heap after
{Heap after GC invocations=9 (full 2):
 def new generation   total 797632K, used 0K [0x00007f27d8600000, 0x00007f280e770000, 0x00007f2d2db50000)
  eden space 709056K,   0% used [0x00007f27d8600000, 0x00007f27d8600000, 0x00007f2803a70000)
  from space 88576K,   0% used [0x00007f28090f0000, 0x00007f28090f0278, 0x00007f280e770000)
  to   space 88576K,   0% used [0x00007f2803a70000, 0x00007f2803a70000, 0x00007f28090f0000)
 tenured generation   total 2820924K, used 2111980K [0x00007f2d2db50000, 0x00007f2dd9e1f000, 0x00007f37d8600000)
   the space 2820924K,  74% used [0x00007f2d2db50000, 0x00007f2dae9cb2e0, 0x00007f2dae9cb400, 0x00007f2dd9e1f000)
 Metaspace       used 23302K, capacity 23683K, committed 23808K, reserved 24576K
}
Event: 13.508 GC heap before
{Heap before GC invocations=9 (full 2):
 def new generation   total 797632K, used 0K [0x00007f27d8600000, 0x00007f280e770000, 0x00007f2d2db50000)
  eden space 709056K,   0% used [0x00007f27d8600000, 0x00007f27d8600000, 0x00007f2803a70000)
  from space 88576K,   0% used [0x00007f28090f0000, 0x00007f28090f0278, 0x00007f280e770000)
  to   space 88576K,   0% used [0x00007f2803a70000, 0x00007f2803a70000, 0x00007f28090f0000)
 tenured generation   total 2820924K, used 2111980K [0x00007f2d2db50000, 0x00007f2dd9e1f000, 0x00007f37d8600000)
   the space 2820924K,  74% used [0x00007f2d2db50000, 0x00007f2dae9cb2e0, 0x00007f2dae9cb400, 0x00007f2dd9e1f000)
 Metaspace       used 23302K, capacity 23683K, committed 23808K, reserved 24576K
}
Event: 13.563 GC heap after
{Heap after GC invocations=9 (full 3):
 def new generation   total 1584000K, used 0K [0x00007f27d8600000, 0x00007f2843cc0000, 0x00007f2d2db50000)
  eden space 1408000K,   0% used [0x00007f27d8600000, 0x00007f27d8600000, 0x00007f282e500000)
  from space 176000K,   0% used [0x00007f282e500000, 0x00007f282e500000, 0x00007f28390e0000)
  to   space 176000K,   0% used [0x00007f28390e0000, 0x00007f28390e0000, 0x00007f2843cc0000)
 tenured generation   total 3519972K, used 2111981K [0x00007f2d2db50000, 0x00007f2e048c9000, 0x00007f37d8600000)
   the space 3519972K,  59% used [0x00007f2d2db50000, 0x00007f2dae9cb558, 0x00007f2dae9cb600, 0x00007f2e048c9000)
 Metaspace       used 23302K, capacity 23683K, committed 23808K, reserved 24576K
}
Event: 17.140 GC heap before
{Heap before GC invocations=9 (full 3):
 def new generation   total 1584000K, used 1338649K [0x00007f27d8600000, 0x00007f2843cc0000, 0x00007f2d2db50000)
  eden space 1408000K,  95% used [0x00007f27d8600000, 0x00007f282a1466c8, 0x00007f282e500000)
  from space 176000K,   0% used [0x00007f282e500000, 0x00007f282e500000, 0x00007f28390e0000)
  to   space 176000K,   0% used [0x00007f28390e0000, 0x00007f28390e0000, 0x00007f2843cc0000)
 tenured generation   total 3519972K, used 2111981K [0x00007f2d2db50000, 0x00007f2e048c9000, 0x00007f37d8600000)
   the space 3519972K,  59% used [0x00007f2d2db50000, 0x00007f2dae9cb558, 0x00007f2dae9cb600, 0x00007f2e048c9000)
 Metaspace       used 23302K, capacity 23683K, committed 23808K, reserved 24576K
}
Event: 17.409 GC heap after
{Heap after GC invocations=10 (full 3):
 def new generation   total 1584000K, used 0K [0x00007f27d8600000, 0x00007f2843cc0000, 0x00007f2d2db50000)
  eden space 1408000K,   0% used [0x00007f27d8600000, 0x00007f27d8600000, 0x00007f282e500000)
  from space 176000K,   0% used [0x00007f28390e0000, 0x00007f28390e03b8, 0x00007f2843cc0000)
  to   space 176000K,   0% used [0x00007f282e500000, 0x00007f282e500000, 0x00007f28390e0000)
 tenured generation   total 3519972K, used 2374125K [0x00007f2d2db50000, 0x00007f2e048c9000, 0x00007f37d8600000)
   the space 3519972K,  67% used [0x00007f2d2db50000, 0x00007f2dbe9cb570, 0x00007f2dbe9cb600, 0x00007f2e048c9000)
 Metaspace       used 23302K, capacity 23683K, committed 23808K, reserved 24576K
}
Event: 18.316 GC heap before
{Heap before GC invocations=10 (full 3):
 def new generation   total 1584000K, used 552093K [0x00007f27d8600000, 0x00007f2843cc0000, 0x00007f2d2db50000)
  eden space 1408000K,  39% used [0x00007f27d8600000, 0x00007f27fa127348, 0x00007f282e500000)
  from space 176000K,   0% used [0x00007f28390e0000, 0x00007f28390e03b8, 0x00007f2843cc0000)
  to   space 176000K,   0% used [0x00007f282e500000, 0x00007f282e500000, 0x00007f28390e0000)
 tenured generation   total 3519972K, used 2374125K [0x00007f2d2db50000, 0x00007f2e048c9000, 0x00007f37d8600000)
   the space 3519972K,  67% used [0x00007f2d2db50000, 0x00007f2dbe9cb570, 0x00007f2dbe9cb600, 0x00007f2e048c9000)
 Metaspace       used 23302K, capacity 23683K, committed 23808K, reserved 24576K
}
Event: 25.266 GC heap after
{Heap after GC invocations=11 (full 3):
 def new generation   total 1584000K, used 165971K [0x00007f27d8600000, 0x00007f2843cc0000, 0x00007f2d2db50000)
  eden space 1408000K,   0% used [0x00007f27d8600000, 0x00007f27d8600000, 0x00007f282e500000)
  from space 176000K,  94% used [0x00007f282e500000, 0x00007f2838714e00, 0x00007f28390e0000)
  to   space 176000K,   0% used [0x00007f28390e0000, 0x00007f28390e0000, 0x00007f2843cc0000)
 tenured generation   total 3519972K, used 2406893K [0x00007f2d2db50000, 0x00007f2e048c9000, 0x00007f37d8600000)
   the space 3519972K,  68% used [0x00007f2d2db50000, 0x00007f2dc09cb588, 0x00007f2dc09cb600, 0x00007f2e048c9000)
 Metaspace       used 23302K, capacity 23683K, committed 23808K, reserved 24576K
}
Event: 25.266 GC heap before
{Heap before GC invocations=11 (full 3):
 def new generation   total 1584000K, used 165971K [0x00007f27d8600000, 0x00007f2843cc0000, 0x00007f2d2db50000)
  eden space 1408000K,   0% used [0x00007f27d8600000, 0x00007f27d8600000, 0x00007f282e500000)
  from space 176000K,  94% used [0x00007f282e500000, 0x00007f2838714e00, 0x00007f28390e0000)
  to   space 176000K,   0% used [0x00007f28390e0000, 0x00007f28390e0000, 0x00007f2843cc0000)
 tenured generation   total 3519972K, used 2406893K [0x00007f2d2db50000, 0x00007f2e048c9000, 0x00007f37d8600000)
   the space 3519972K,  68% used [0x00007f2d2db50000, 0x00007f2dc09cb588, 0x00007f2dc09cb600, 0x00007f2e048c9000)
 Metaspace       used 23302K, capacity 23683K, committed 23808K, reserved 24576K
}
Event: 25.400 GC heap after
{Heap after GC invocations=11 (full 4):
 def new generation   total 1584000K, used 0K [0x00007f27d8600000, 0x00007f2843cc0000, 0x00007f2d2db50000)
  eden space 1408000K,   0% used [0x00007f27d8600000, 0x00007f27d8600000, 0x00007f282e500000)
  from space 176000K,   0% used [0x00007f282e500000, 0x00007f282e500000, 0x00007f28390e0000)
  to   space 176000K,   0% used [0x00007f28390e0000, 0x00007f28390e0000, 0x00007f2843cc0000)
 tenured generation   total 3519972K, used 42263K [0x00007f2d2db50000, 0x00007f2e048c9000, 0x00007f37d8600000)
   the space 3519972K,   1% used [0x00007f2d2db50000, 0x00007f2d30495fd0, 0x00007f2d30496000, 0x00007f2e048c9000)
 Metaspace       used 23302K, capacity 23683K, committed 23808K, reserved 24576K
}
Event: 32.186 GC heap before
{Heap before GC invocations=11 (full 4):
 def new generation   total 1584000K, used 27804K [0x00007f27d8600000, 0x00007f2843cc0000, 0x00007f2d2db50000)
  eden space 1408000K,   1% used [0x00007f27d8600000, 0x00007f27da1272a0, 0x00007f282e500000)
  from space 176000K,   0% used [0x00007f282e500000, 0x00007f282e500000, 0x00007f28390e0000)
  to   space 176000K,   0% used [0x00007f28390e0000, 0x00007f28390e0000, 0x00007f2843cc0000)
 tenured generation   total 7714280K, used 4236567K [0x00007f2d2db50000, 0x00007f2f048ca000, 0x00007f37d8600000)
   the space 7714280K,  54% used [0x00007f2d2db50000, 0x00007f2e30495fe8, 0x00007f2e30496000, 0x00007f2f048ca000)
 Metaspace       used 23302K, capacity 23683K, committed 23808K, reserved 24576K
}
Event: 32.204 GC heap after
{Heap after GC invocations=12 (full 4):
 def new generation   total 1584000K, used 1K [0x00007f27d8600000, 0x00007f2843cc0000, 0x00007f2d2db50000)
  eden space 1408000K,   0% used [0x00007f27d8600000, 0x00007f27d8600000, 0x00007f282e500000)
  from space 176000K,   0% used [0x00007f28390e0000, 0x00007f28390e04f8, 0x00007f2843cc0000)
  to   space 176000K,   0% used [0x00007f282e500000, 0x00007f282e500000, 0x00007f28390e0000)
 tenured generation   total 7714280K, used 4236567K [0x00007f2d2db50000, 0x00007f2f048ca000, 0x00007f37d8600000)
   the space 7714280K,  54% used [0x00007f2d2db50000, 0x00007f2e30495fe8, 0x00007f2e30496000, 0x00007f2f048ca000)
 Metaspace       used 23302K, capacity 23683K, committed 23808K, reserved 24576K
}
Event: 32.204 GC heap before
{Heap before GC invocations=12 (full 4):
 def new generation   total 1584000K, used 1K [0x00007f27d8600000, 0x00007f2843cc0000, 0x00007f2d2db50000)
  eden space 1408000K,   0% used [0x00007f27d8600000, 0x00007f27d8600000, 0x00007f282e500000)
  from space 176000K,   0% used [0x00007f28390e0000, 0x00007f28390e04f8, 0x00007f2843cc0000)
  to   space 176000K,   0% used [0x00007f282e500000, 0x00007f282e500000, 0x00007f28390e0000)
 tenured generation   total 7714280K, used 4236567K [0x00007f2d2db50000, 0x00007f2f048ca000, 0x00007f37d8600000)
   the space 7714280K,  54% used [0x00007f2d2db50000, 0x00007f2e30495fe8, 0x00007f2e30496000, 0x00007f2f048ca000)
 Metaspace       used 23302K, capacity 23683K, committed 23808K, reserved 24576K
}

