# JRE version: OpenJDK Runtime Environment (13.0.7+5) (build 13.0.7+5-Ubuntu-0ubuntu120.04)
# Java VM: OpenJDK 64-Bit Server VM (13.0.7+5-Ubuntu-0ubuntu120.04, mixed mode, tiered, serial gc, linux-amd64)
Heap:
 def new generation   total 1996992K, used 0K [0x00007fb318600000, 0x00007fb39fcd0000, 0x00007fb86db50000)
  eden space 1775168K,   0% used [0x00007fb318600000, 0x00007fb318600000, 0x00007fb384b90000)
  from space 221824K,   0% used [0x00007fb392430000, 0x00007fb392430000, 0x00007fb39fcd0000)
  to   space 221824K,   0% used [0x00007fb384b90000, 0x00007fb384b90000, 0x00007fb392430000)
 tenured generation   total 4749152K, used 4255306K [0x00007fb86db50000, 0x00007fb98f928000, 0x00007fc318600000)
   the space 4749152K,  89% used [0x00007fb86db50000, 0x00007fb9716e2b38, 0x00007fb9716e2c00, 0x00007fb98f928000)
 Metaspace       used 30465K, capacity 30846K, committed 30976K, reserved 32768K
GC Heap History (20 events):
Event: 107.702 GC heap after
{Heap after GC invocations=49 (full 7):
 def new generation   total 1317952K, used 146431K [0x00007fb318600000, 0x00007fb371c10000, 0x00007fb86db50000)
  eden space 1171520K,   0% used [0x00007fb318600000, 0x00007fb318600000, 0x00007fb35fe10000)
  from space 146432K,  99% used [0x00007fb35fe10000, 0x00007fb368d0fff0, 0x00007fb368d10000)
  to   space 146432K,   0% used [0x00007fb368d10000, 0x00007fb368d10000, 0x00007fb371c10000)
 tenured generation   total 2928700K, used 2522551K [0x00007fb86db50000, 0x00007fb92075f000, 0x00007fc318600000)
   the space 2928700K,  86% used [0x00007fb86db50000, 0x00007fb907abde98, 0x00007fb907abe000, 0x00007fb92075f000)
 Metaspace       used 30465K, capacity 30846K, committed 30976K, reserved 32768K
}
Event: 108.160 GC heap before
{Heap before GC invocations=49 (full 7):
 def new generation   total 1317952K, used 1317951K [0x00007fb318600000, 0x00007fb371c10000, 0x00007fb86db50000)
  eden space 1171520K, 100% used [0x00007fb318600000, 0x00007fb35fe10000, 0x00007fb35fe10000)
  from space 146432K,  99% used [0x00007fb35fe10000, 0x00007fb368d0fff0, 0x00007fb368d10000)
  to   space 146432K,   0% used [0x00007fb368d10000, 0x00007fb368d10000, 0x00007fb371c10000)
 tenured generation   total 2928700K, used 2522551K [0x00007fb86db50000, 0x00007fb92075f000, 0x00007fc318600000)
   the space 2928700K,  86% used [0x00007fb86db50000, 0x00007fb907abde98, 0x00007fb907abe000, 0x00007fb92075f000)
 Metaspace       used 30465K, capacity 30846K, committed 30976K, reserved 32768K
}
Event: 109.063 GC heap after
{Heap after GC invocations=50 (full 7):
 def new generation   total 1317952K, used 146431K [0x00007fb318600000, 0x00007fb371c10000, 0x00007fb86db50000)
  eden space 1171520K,   0% used [0x00007fb318600000, 0x00007fb318600000, 0x00007fb35fe10000)
  from space 146432K,  99% used [0x00007fb368d10000, 0x00007fb371c0fff8, 0x00007fb371c10000)
  to   space 146432K,   0% used [0x00007fb35fe10000, 0x00007fb35fe10000, 0x00007fb368d10000)
 tenured generation   total 2928700K, used 2681789K [0x00007fb86db50000, 0x00007fb92075f000, 0x00007fc318600000)
   the space 2928700K,  91% used [0x00007fb86db50000, 0x00007fb91163f518, 0x00007fb91163f600, 0x00007fb92075f000)
 Metaspace       used 30465K, capacity 30846K, committed 30976K, reserved 32768K
}
Event: 110.853 GC heap before
{Heap before GC invocations=50 (full 7):
 def new generation   total 1317952K, used 1317951K [0x00007fb318600000, 0x00007fb371c10000, 0x00007fb86db50000)
  eden space 1171520K, 100% used [0x00007fb318600000, 0x00007fb35fe10000, 0x00007fb35fe10000)
  from space 146432K,  99% used [0x00007fb368d10000, 0x00007fb371c0fff8, 0x00007fb371c10000)
  to   space 146432K,   0% used [0x00007fb35fe10000, 0x00007fb35fe10000, 0x00007fb368d10000)
 tenured generation   total 2928700K, used 2681789K [0x00007fb86db50000, 0x00007fb92075f000, 0x00007fc318600000)
   the space 2928700K,  91% used [0x00007fb86db50000, 0x00007fb91163f518, 0x00007fb91163f600, 0x00007fb92075f000)
 Metaspace       used 30465K, capacity 30846K, committed 30976K, reserved 32768K
}
Event: 111.502 GC heap after
{Heap after GC invocations=51 (full 7):
 def new generation   total 1317952K, used 146432K [0x00007fb318600000, 0x00007fb371c10000, 0x00007fb86db50000)
  eden space 1171520K,   0% used [0x00007fb318600000, 0x00007fb318600000, 0x00007fb35fe10000)
  from space 146432K, 100% used [0x00007fb35fe10000, 0x00007fb368d10000, 0x00007fb368d10000)
  to   space 146432K,   0% used [0x00007fb368d10000, 0x00007fb368d10000, 0x00007fb371c10000)
 tenured generation   total 2928700K, used 2839984K [0x00007fb86db50000, 0x00007fb92075f000, 0x00007fc318600000)
   the space 2928700K,  96% used [0x00007fb86db50000, 0x00007fb91b0bc1b8, 0x00007fb91b0bc200, 0x00007fb92075f000)
 Metaspace       used 30465K, capacity 30846K, committed 30976K, reserved 32768K
}
Event: 111.925 GC heap before
{Heap before GC invocations=51 (full 7):
 def new generation   total 1317952K, used 1317952K [0x00007fb318600000, 0x00007fb371c10000, 0x00007fb86db50000)
  eden space 1171520K, 100% used [0x00007fb318600000, 0x00007fb35fe10000, 0x00007fb35fe10000)
  from space 146432K, 100% used [0x00007fb35fe10000, 0x00007fb368d10000, 0x00007fb368d10000)
  to   space 146432K,   0% used [0x00007fb368d10000, 0x00007fb368d10000, 0x00007fb371c10000)
 tenured generation   total 2928700K, used 2839984K [0x00007fb86db50000, 0x00007fb92075f000, 0x00007fc318600000)
   the space 2928700K,  96% used [0x00007fb86db50000, 0x00007fb91b0bc1b8, 0x00007fb91b0bc200, 0x00007fb92075f000)
 Metaspace       used 30465K, capacity 30846K, committed 30976K, reserved 32768K
}
Event: 112.489 GC heap after
{Heap after GC invocations=52 (full 7):
 def new generation   total 1317952K, used 146432K [0x00007fb318600000, 0x00007fb371c10000, 0x00007fb86db50000)
  eden space 1171520K,   0% used [0x00007fb318600000, 0x00007fb318600000, 0x00007fb35fe10000)
  from space 146432K, 100% used [0x00007fb368d10000, 0x00007fb371c10000, 0x00007fb371c10000)
  to   space 146432K,   0% used [0x00007fb35fe10000, 0x00007fb35fe10000, 0x00007fb368d10000)
 tenured generation   total 2998972K, used 2998883K [0x00007fb86db50000, 0x00007fb924bff000, 0x00007fc318600000)
   the space 2998972K,  99% used [0x00007fb86db50000, 0x00007fb924be8f38, 0x00007fb924be9000, 0x00007fb924bff000)
 Metaspace       used 30465K, capacity 30846K, committed 30976K, reserved 32768K
}
Event: 112.489 GC heap before
{Heap before GC invocations=52 (full 7):
 def new generation   total 1317952K, used 146432K [0x00007fb318600000, 0x00007fb371c10000, 0x00007fb86db50000)
  eden space 1171520K,   0% used [0x00007fb318600000, 0x00007fb318600000, 0x00007fb35fe10000)
  from space 146432K, 100% used [0x00007fb368d10000, 0x00007fb371c10000, 0x00007fb371c10000)
  to   space 146432K,   0% used [0x00007fb35fe10000, 0x00007fb35fe10000, 0x00007fb368d10000)
 tenured generation   total 2998972K, used 2998883K [0x00007fb86db50000, 0x00007fb924bff000, 0x00007fc318600000)
   the space 2998972K,  99% used [0x00007fb86db50000, 0x00007fb924be8f38, 0x00007fb924be9000, 0x00007fb924bff000)
 Metaspace       used 30465K, capacity 30846K, committed 30976K, reserved 32768K
}
Event: 119.538 GC heap after
{Heap after GC invocations=52 (full 8):
 def new generation   total 1996992K, used 0K [0x00007fb318600000, 0x00007fb39fcd0000, 0x00007fb86db50000)
  eden space 1775168K,   0% used [0x00007fb318600000, 0x00007fb318600000, 0x00007fb384b90000)
  from space 221824K,   0% used [0x00007fb384b90000, 0x00007fb384b90000, 0x00007fb392430000)
  to   space 221824K,   0% used [0x00007fb392430000, 0x00007fb392430000, 0x00007fb39fcd0000)
 tenured generation   total 4437560K, used 2662535K [0x00007fb86db50000, 0x00007fb97c8de000, 0x00007fc318600000)
   the space 4437560K,  59% used [0x00007fb86db50000, 0x00007fb910371c30, 0x00007fb910371e00, 0x00007fb97c8de000)
 Metaspace       used 30465K, capacity 30846K, committed 30976K, reserved 32768K
}
Event: 120.389 GC heap before
{Heap before GC invocations=52 (full 8):
 def new generation   total 1996992K, used 1775168K [0x00007fb318600000, 0x00007fb39fcd0000, 0x00007fb86db50000)
  eden space 1775168K, 100% used [0x00007fb318600000, 0x00007fb384b90000, 0x00007fb384b90000)
  from space 221824K,   0% used [0x00007fb384b90000, 0x00007fb384b90000, 0x00007fb392430000)
  to   space 221824K,   0% used [0x00007fb392430000, 0x00007fb392430000, 0x00007fb39fcd0000)
 tenured generation   total 4437560K, used 2662535K [0x00007fb86db50000, 0x00007fb97c8de000, 0x00007fc318600000)
   the space 4437560K,  59% used [0x00007fb86db50000, 0x00007fb910371c30, 0x00007fb910371e00, 0x00007fb97c8de000)
 Metaspace       used 30465K, capacity 30846K, committed 30976K, reserved 32768K
}
Event: 121.225 GC heap after
{Heap after GC invocations=53 (full 8):
 def new generation   total 1996992K, used 221823K [0x00007fb318600000, 0x00007fb39fcd0000, 0x00007fb86db50000)
  eden space 1775168K,   0% used [0x00007fb318600000, 0x00007fb318600000, 0x00007fb384b90000)
  from space 221824K,  99% used [0x00007fb392430000, 0x00007fb39fccfff8, 0x00007fb39fcd0000)
  to   space 221824K,   0% used [0x00007fb384b90000, 0x00007fb384b90000, 0x00007fb392430000)
 tenured generation   total 4437560K, used 2681788K [0x00007fb86db50000, 0x00007fb97c8de000, 0x00007fc318600000)
   the space 4437560K,  60% used [0x00007fb86db50000, 0x00007fb91163f298, 0x00007fb91163f400, 0x00007fb97c8de000)
 Metaspace       used 30465K, capacity 30846K, committed 30976K, reserved 32768K
}
Event: 122.060 GC heap before
{Heap before GC invocations=53 (full 8):
 def new generation   total 1996992K, used 1996991K [0x00007fb318600000, 0x00007fb39fcd0000, 0x00007fb86db50000)
  eden space 1775168K, 100% used [0x00007fb318600000, 0x00007fb384b90000, 0x00007fb384b90000)
  from space 221824K,  99% used [0x00007fb392430000, 0x00007fb39fccfff8, 0x00007fb39fcd0000)
  to   space 221824K,   0% used [0x00007fb384b90000, 0x00007fb384b90000, 0x00007fb392430000)
 tenured generation   total 4437560K, used 2681788K [0x00007fb86db50000, 0x00007fb97c8de000, 0x00007fc318600000)
   the space 4437560K,  60% used [0x00007fb86db50000, 0x00007fb91163f298, 0x00007fb91163f400, 0x00007fb97c8de000)
 Metaspace       used 30465K, capacity 30846K, committed 30976K, reserved 32768K
}
Event: 123.067 GC heap after
{Heap after GC invocations=54 (full 8):
 def new generation   total 1996992K, used 221823K [0x00007fb318600000, 0x00007fb39fcd0000, 0x00007fb86db50000)
  eden space 1775168K,   0% used [0x00007fb318600000, 0x00007fb318600000, 0x00007fb384b90000)
  from space 221824K,  99% used [0x00007fb384b90000, 0x00007fb39242fff0, 0x00007fb392430000)
  to   space 221824K,   0% used [0x00007fb392430000, 0x00007fb392430000, 0x00007fb39fcd0000)
 tenured generation   total 4437560K, used 2919542K [0x00007fb86db50000, 0x00007fb97c8de000, 0x00007fc318600000)
   the space 4437560K,  65% used [0x00007fb86db50000, 0x00007fb91fe6db10, 0x00007fb91fe6dc00, 0x00007fb97c8de000)
 Metaspace       used 30465K, capacity 30846K, committed 30976K, reserved 32768K
}
Event: 123.809 GC heap before
{Heap before GC invocations=54 (full 8):
 def new generation   total 1996992K, used 1996991K [0x00007fb318600000, 0x00007fb39fcd0000, 0x00007fb86db50000)
  eden space 1775168K, 100% used [0x00007fb318600000, 0x00007fb384b90000, 0x00007fb384b90000)
  from space 221824K,  99% used [0x00007fb384b90000, 0x00007fb39242fff0, 0x00007fb392430000)
  to   space 221824K,   0% used [0x00007fb392430000, 0x00007fb392430000, 0x00007fb39fcd0000)
 tenured generation   total 4437560K, used 2919542K [0x00007fb86db50000, 0x00007fb97c8de000, 0x00007fc318600000)
   the space 4437560K,  65% used [0x00007fb86db50000, 0x00007fb91fe6db10, 0x00007fb91fe6dc00, 0x00007fb97c8de000)
 Metaspace       used 30465K, capacity 30846K, committed 30976K, reserved 32768K
}
Event: 124.813 GC heap after
{Heap after GC invocations=55 (full 8):
 def new generation   total 1996992K, used 221823K [0x00007fb318600000, 0x00007fb39fcd0000, 0x00007fb86db50000)
  eden space 1775168K,   0% used [0x00007fb318600000, 0x00007fb318600000, 0x00007fb384b90000)
  from space 221824K,  99% used [0x00007fb392430000, 0x00007fb39fccfff0, 0x00007fb39fcd0000)
  to   space 221824K,   0% used [0x00007fb384b90000, 0x00007fb384b90000, 0x00007fb392430000)
 tenured generation   total 4437560K, used 3142713K [0x00007fb86db50000, 0x00007fb97c8de000, 0x00007fc318600000)
   the space 4437560K,  70% used [0x00007fb86db50000, 0x00007fb92d85e550, 0x00007fb92d85e600, 0x00007fb97c8de000)
 Metaspace       used 30465K, capacity 30846K, committed 30976K, reserved 32768K
}
Event: 158.031 GC heap before
{Heap before GC invocations=55 (full 8):
 def new generation   total 1996992K, used 1996991K [0x00007fb318600000, 0x00007fb39fcd0000, 0x00007fb86db50000)
  eden space 1775168K, 100% used [0x00007fb318600000, 0x00007fb384b90000, 0x00007fb384b90000)
  from space 221824K,  99% used [0x00007fb392430000, 0x00007fb39fccfff0, 0x00007fb39fcd0000)
  to   space 221824K,   0% used [0x00007fb384b90000, 0x00007fb384b90000, 0x00007fb392430000)
 tenured generation   total 4437560K, used 3142713K [0x00007fb86db50000, 0x00007fb97c8de000, 0x00007fc318600000)
   the space 4437560K,  70% used [0x00007fb86db50000, 0x00007fb92d85e550, 0x00007fb92d85e600, 0x00007fb97c8de000)
 Metaspace       used 30465K, capacity 30846K, committed 30976K, reserved 32768K
}
Event: 164.804 GC heap after
{Heap after GC invocations=56 (full 8):
 def new generation   total 1996992K, used 221823K [0x00007fb318600000, 0x00007fb39fcd0000, 0x00007fb86db50000)
  eden space 1775168K,   0% used [0x00007fb318600000, 0x00007fb318600000, 0x00007fb384b90000)
  from space 221824K,  99% used [0x00007fb384b90000, 0x00007fb39242fff0, 0x00007fb392430000)
  to   space 221824K,   0% used [0x00007fb392430000, 0x00007fb392430000, 0x00007fb39fcd0000)
 tenured generation   total 4437560K, used 4375288K [0x00007fb86db50000, 0x00007fb97c8de000, 0x00007fc318600000)
   the space 4437560K,  98% used [0x00007fb86db50000, 0x00007fb978c0e378, 0x00007fb978c0e400, 0x00007fb97c8de000)
 Metaspace       used 30465K, capacity 30846K, committed 30976K, reserved 32768K
}
Event: 253.548 GC heap before
{Heap before GC invocations=56 (full 8):
 def new generation   total 1996992K, used 1996991K [0x00007fb318600000, 0x00007fb39fcd0000, 0x00007fb86db50000)
  eden space 1775168K, 100% used [0x00007fb318600000, 0x00007fb384b90000, 0x00007fb384b90000)
  from space 221824K,  99% used [0x00007fb384b90000, 0x00007fb39242fff0, 0x00007fb392430000)
  to   space 221824K,   0% used [0x00007fb392430000, 0x00007fb392430000, 0x00007fb39fcd0000)
 tenured generation   total 4437560K, used 4375288K [0x00007fb86db50000, 0x00007fb97c8de000, 0x00007fc318600000)
   the space 4437560K,  98% used [0x00007fb86db50000, 0x00007fb978c0e378, 0x00007fb978c0e400, 0x00007fb97c8de000)
 Metaspace       used 30465K, capacity 30846K, committed 30976K, reserved 32768K
}
Event: 255.963 GC heap after
{Heap after GC invocations=57 (full 8):
 def new generation   total 1996992K, used 221823K [0x00007fb318600000, 0x00007fb39fcd0000, 0x00007fb86db50000)
  eden space 1775168K,   0% used [0x00007fb318600000, 0x00007fb318600000, 0x00007fb384b90000)
  from space 221824K,  99% used [0x00007fb392430000, 0x00007fb39fccfff0, 0x00007fb39fcd0000)
  to   space 221824K,   0% used [0x00007fb384b90000, 0x00007fb384b90000, 0x00007fb392430000)
 tenured generation   total 4749152K, used 4749002K [0x00007fb86db50000, 0x00007fb98f928000, 0x00007fc318600000)
   the space 4749152K,  99% used [0x00007fb86db50000, 0x00007fb98f9028b8, 0x00007fb98f902a00, 0x00007fb98f928000)
 Metaspace       used 30465K, capacity 30846K, committed 30976K, reserved 32768K
}
Event: 255.963 GC heap before
{Heap before GC invocations=57 (full 8):
 def new generation   total 1996992K, used 221823K [0x00007fb318600000, 0x00007fb39fcd0000, 0x00007fb86db50000)
  eden space 1775168K,   0% used [0x00007fb318600000, 0x00007fb318600000, 0x00007fb384b90000)
  from space 221824K,  99% used [0x00007fb392430000, 0x00007fb39fccfff0, 0x00007fb39fcd0000)
  to   space 221824K,   0% used [0x00007fb384b90000, 0x00007fb384b90000, 0x00007fb392430000)
 tenured generation   total 4749152K, used 4749002K [0x00007fb86db50000, 0x00007fb98f928000, 0x00007fc318600000)
   the space 4749152K,  99% used [0x00007fb86db50000, 0x00007fb98f9028b8, 0x00007fb98f902a00, 0x00007fb98f928000)
 Metaspace       used 30465K, capacity 30846K, committed 30976K, reserved 32768K
}

