# JRE version: OpenJDK Runtime Environment (13.0.7+5) (build 13.0.7+5-Ubuntu-0ubuntu120.04)
# Java VM: OpenJDK 64-Bit Server VM (13.0.7+5-Ubuntu-0ubuntu120.04, mixed mode, tiered, serial gc, linux-amd64)
Heap:
 def new generation   total 2915328K, used 28158K [0x00007f2648600000, 0x00007f270e150000, 0x00007f2b9db50000)
  eden space 2591424K,   1% used [0x00007f2648600000, 0x00007f264a17f988, 0x00007f26e68b0000)
  from space 323904K,   0% used [0x00007f26e68b0000, 0x00007f26e68b0000, 0x00007f26fa500000)
  to   space 323904K,   0% used [0x00007f26fa500000, 0x00007f26fa500000, 0x00007f270e150000)
 tenured generation   total 6480128K, used 6480127K [0x00007f2b9db50000, 0x00007f2d29390000, 0x00007f3648600000)
   the space 6480128K,  99% used [0x00007f2b9db50000, 0x00007f2d2938ffb0, 0x00007f2d29390000, 0x00007f2d29390000)
 Metaspace       used 24352K, capacity 24764K, committed 25088K, reserved 26624K
GC Heap History (20 events):
Event: 7636.745 GC heap after
{Heap after GC invocations=7350 (full 4):
 def new generation   total 2915328K, used 29431K [0x00007f2648600000, 0x00007f270e150000, 0x00007f2b9db50000)
  eden space 2591424K,   0% used [0x00007f2648600000, 0x00007f2648600000, 0x00007f26e68b0000)
  from space 323904K,   9% used [0x00007f26fa500000, 0x00007f26fc1bdf30, 0x00007f270e150000)
  to   space 323904K,   0% used [0x00007f26e68b0000, 0x00007f26e68b0000, 0x00007f26fa500000)
 tenured generation   total 6478400K, used 6462379K [0x00007f2b9db50000, 0x00007f2d291e0000, 0x00007f3648600000)
   the space 6478400K,  99% used [0x00007f2b9db50000, 0x00007f2d2823af10, 0x00007f2d2823b000, 0x00007f2d291e0000)
 Metaspace       used 24352K, capacity 24764K, committed 25088K, reserved 26624K
}
Event: 7638.549 GC heap before
{Heap before GC invocations=7350 (full 4):
 def new generation   total 2915328K, used 2620855K [0x00007f2648600000, 0x00007f270e150000, 0x00007f2b9db50000)
  eden space 2591424K, 100% used [0x00007f2648600000, 0x00007f26e68b0000, 0x00007f26e68b0000)
  from space 323904K,   9% used [0x00007f26fa500000, 0x00007f26fc1bdf30, 0x00007f270e150000)
  to   space 323904K,   0% used [0x00007f26e68b0000, 0x00007f26e68b0000, 0x00007f26fa500000)
 tenured generation   total 6478400K, used 6462379K [0x00007f2b9db50000, 0x00007f2d291e0000, 0x00007f3648600000)
   the space 6478400K,  99% used [0x00007f2b9db50000, 0x00007f2d2823af10, 0x00007f2d2823b000, 0x00007f2d291e0000)
 Metaspace       used 24352K, capacity 24764K, committed 25088K, reserved 26624K
}
Event: 7638.611 GC heap after
{Heap after GC invocations=7351 (full 4):
 def new generation   total 2915328K, used 28437K [0x00007f2648600000, 0x00007f270e150000, 0x00007f2b9db50000)
  eden space 2591424K,   0% used [0x00007f2648600000, 0x00007f2648600000, 0x00007f26e68b0000)
  from space 323904K,   8% used [0x00007f26e68b0000, 0x00007f26e84757b0, 0x00007f26fa500000)
  to   space 323904K,   0% used [0x00007f26fa500000, 0x00007f26fa500000, 0x00007f270e150000)
 tenured generation   total 6478400K, used 6464519K [0x00007f2b9db50000, 0x00007f2d291e0000, 0x00007f3648600000)
   the space 6478400K,  99% used [0x00007f2b9db50000, 0x00007f2d28451e40, 0x00007f2d28452000, 0x00007f2d291e0000)
 Metaspace       used 24352K, capacity 24764K, committed 25088K, reserved 26624K
}
Event: 7640.486 GC heap before
{Heap before GC invocations=7351 (full 4):
 def new generation   total 2915328K, used 2619861K [0x00007f2648600000, 0x00007f270e150000, 0x00007f2b9db50000)
  eden space 2591424K, 100% used [0x00007f2648600000, 0x00007f26e68b0000, 0x00007f26e68b0000)
  from space 323904K,   8% used [0x00007f26e68b0000, 0x00007f26e84757b0, 0x00007f26fa500000)
  to   space 323904K,   0% used [0x00007f26fa500000, 0x00007f26fa500000, 0x00007f270e150000)
 tenured generation   total 6478400K, used 6464519K [0x00007f2b9db50000, 0x00007f2d291e0000, 0x00007f3648600000)
   the space 6478400K,  99% used [0x00007f2b9db50000, 0x00007f2d28451e40, 0x00007f2d28452000, 0x00007f2d291e0000)
 Metaspace       used 24352K, capacity 24764K, committed 25088K, reserved 26624K
}
Event: 7640.559 GC heap after
{Heap after GC invocations=7352 (full 4):
 def new generation   total 2915328K, used 28137K [0x00007f2648600000, 0x00007f270e150000, 0x00007f2b9db50000)
  eden space 2591424K,   0% used [0x00007f2648600000, 0x00007f2648600000, 0x00007f26e68b0000)
  from space 323904K,   8% used [0x00007f26fa500000, 0x00007f26fc07a4a8, 0x00007f270e150000)
  to   space 323904K,   0% used [0x00007f26e68b0000, 0x00007f26e68b0000, 0x00007f26fa500000)
 tenured generation   total 6478400K, used 6466648K [0x00007f2b9db50000, 0x00007f2d291e0000, 0x00007f3648600000)
   the space 6478400K,  99% used [0x00007f2b9db50000, 0x00007f2d286661c8, 0x00007f2d28666200, 0x00007f2d291e0000)
 Metaspace       used 24352K, capacity 24764K, committed 25088K, reserved 26624K
}
Event: 7642.537 GC heap before
{Heap before GC invocations=7352 (full 4):
 def new generation   total 2915328K, used 2619561K [0x00007f2648600000, 0x00007f270e150000, 0x00007f2b9db50000)
  eden space 2591424K, 100% used [0x00007f2648600000, 0x00007f26e68b0000, 0x00007f26e68b0000)
  from space 323904K,   8% used [0x00007f26fa500000, 0x00007f26fc07a4a8, 0x00007f270e150000)
  to   space 323904K,   0% used [0x00007f26e68b0000, 0x00007f26e68b0000, 0x00007f26fa500000)
 tenured generation   total 6478400K, used 6466648K [0x00007f2b9db50000, 0x00007f2d291e0000, 0x00007f3648600000)
   the space 6478400K,  99% used [0x00007f2b9db50000, 0x00007f2d286661c8, 0x00007f2d28666200, 0x00007f2d291e0000)
 Metaspace       used 24352K, capacity 24764K, committed 25088K, reserved 26624K
}
Event: 7642.613 GC heap after
{Heap after GC invocations=7353 (full 4):
 def new generation   total 2915328K, used 28466K [0x00007f2648600000, 0x00007f270e150000, 0x00007f2b9db50000)
  eden space 2591424K,   0% used [0x00007f2648600000, 0x00007f2648600000, 0x00007f26e68b0000)
  from space 323904K,   8% used [0x00007f26e68b0000, 0x00007f26e847c990, 0x00007f26fa500000)
  to   space 323904K,   0% used [0x00007f26fa500000, 0x00007f26fa500000, 0x00007f270e150000)
 tenured generation   total 6478400K, used 6468452K [0x00007f2b9db50000, 0x00007f2d291e0000, 0x00007f3648600000)
   the space 6478400K,  99% used [0x00007f2b9db50000, 0x00007f2d28829218, 0x00007f2d28829400, 0x00007f2d291e0000)
 Metaspace       used 24352K, capacity 24764K, committed 25088K, reserved 26624K
}
Event: 7644.691 GC heap before
{Heap before GC invocations=7353 (full 4):
 def new generation   total 2915328K, used 2619890K [0x00007f2648600000, 0x00007f270e150000, 0x00007f2b9db50000)
  eden space 2591424K, 100% used [0x00007f2648600000, 0x00007f26e68b0000, 0x00007f26e68b0000)
  from space 323904K,   8% used [0x00007f26e68b0000, 0x00007f26e847c990, 0x00007f26fa500000)
  to   space 323904K,   0% used [0x00007f26fa500000, 0x00007f26fa500000, 0x00007f270e150000)
 tenured generation   total 6478400K, used 6468452K [0x00007f2b9db50000, 0x00007f2d291e0000, 0x00007f3648600000)
   the space 6478400K,  99% used [0x00007f2b9db50000, 0x00007f2d28829218, 0x00007f2d28829400, 0x00007f2d291e0000)
 Metaspace       used 24352K, capacity 24764K, committed 25088K, reserved 26624K
}
Event: 7644.776 GC heap after
{Heap after GC invocations=7354 (full 4):
 def new generation   total 2915328K, used 28962K [0x00007f2648600000, 0x00007f270e150000, 0x00007f2b9db50000)
  eden space 2591424K,   0% used [0x00007f2648600000, 0x00007f2648600000, 0x00007f26e68b0000)
  from space 323904K,   8% used [0x00007f26fa500000, 0x00007f26fc148a30, 0x00007f270e150000)
  to   space 323904K,   0% used [0x00007f26e68b0000, 0x00007f26e68b0000, 0x00007f26fa500000)
 tenured generation   total 6478400K, used 6470072K [0x00007f2b9db50000, 0x00007f2d291e0000, 0x00007f3648600000)
   the space 6478400K,  99% used [0x00007f2b9db50000, 0x00007f2d289be058, 0x00007f2d289be200, 0x00007f2d291e0000)
 Metaspace       used 24352K, capacity 24764K, committed 25088K, reserved 26624K
}
Event: 7646.773 GC heap before
{Heap before GC invocations=7354 (full 4):
 def new generation   total 2915328K, used 2620386K [0x00007f2648600000, 0x00007f270e150000, 0x00007f2b9db50000)
  eden space 2591424K, 100% used [0x00007f2648600000, 0x00007f26e68b0000, 0x00007f26e68b0000)
  from space 323904K,   8% used [0x00007f26fa500000, 0x00007f26fc148a30, 0x00007f270e150000)
  to   space 323904K,   0% used [0x00007f26e68b0000, 0x00007f26e68b0000, 0x00007f26fa500000)
 tenured generation   total 6478400K, used 6470072K [0x00007f2b9db50000, 0x00007f2d291e0000, 0x00007f3648600000)
   the space 6478400K,  99% used [0x00007f2b9db50000, 0x00007f2d289be058, 0x00007f2d289be200, 0x00007f2d291e0000)
 Metaspace       used 24352K, capacity 24764K, committed 25088K, reserved 26624K
}
Event: 7646.859 GC heap after
{Heap after GC invocations=7355 (full 4):
 def new generation   total 2915328K, used 28145K [0x00007f2648600000, 0x00007f270e150000, 0x00007f2b9db50000)
  eden space 2591424K,   0% used [0x00007f2648600000, 0x00007f2648600000, 0x00007f26e68b0000)
  from space 323904K,   8% used [0x00007f26e68b0000, 0x00007f26e842c568, 0x00007f26fa500000)
  to   space 323904K,   0% used [0x00007f26fa500000, 0x00007f26fa500000, 0x00007f270e150000)
 tenured generation   total 6478400K, used 6472196K [0x00007f2b9db50000, 0x00007f2d291e0000, 0x00007f3648600000)
   the space 6478400K,  99% used [0x00007f2b9db50000, 0x00007f2d28bd12a0, 0x00007f2d28bd1400, 0x00007f2d291e0000)
 Metaspace       used 24352K, capacity 24764K, committed 25088K, reserved 26624K
}
Event: 7648.871 GC heap before
{Heap before GC invocations=7355 (full 4):
 def new generation   total 2915328K, used 2619569K [0x00007f2648600000, 0x00007f270e150000, 0x00007f2b9db50000)
  eden space 2591424K, 100% used [0x00007f2648600000, 0x00007f26e68b0000, 0x00007f26e68b0000)
  from space 323904K,   8% used [0x00007f26e68b0000, 0x00007f26e842c568, 0x00007f26fa500000)
  to   space 323904K,   0% used [0x00007f26fa500000, 0x00007f26fa500000, 0x00007f270e150000)
 tenured generation   total 6478400K, used 6472196K [0x00007f2b9db50000, 0x00007f2d291e0000, 0x00007f3648600000)
   the space 6478400K,  99% used [0x00007f2b9db50000, 0x00007f2d28bd12a0, 0x00007f2d28bd1400, 0x00007f2d291e0000)
 Metaspace       used 24352K, capacity 24764K, committed 25088K, reserved 26624K
}
Event: 7648.953 GC heap after
{Heap after GC invocations=7356 (full 4):
 def new generation   total 2915328K, used 28134K [0x00007f2648600000, 0x00007f270e150000, 0x00007f2b9db50000)
  eden space 2591424K,   0% used [0x00007f2648600000, 0x00007f2648600000, 0x00007f26e68b0000)
  from space 323904K,   8% used [0x00007f26fa500000, 0x00007f26fc079818, 0x00007f270e150000)
  to   space 323904K,   0% used [0x00007f26e68b0000, 0x00007f26e68b0000, 0x00007f26fa500000)
 tenured generation   total 6478400K, used 6474325K [0x00007f2b9db50000, 0x00007f2d291e0000, 0x00007f3648600000)
   the space 6478400K,  99% used [0x00007f2b9db50000, 0x00007f2d28de5748, 0x00007f2d28de5800, 0x00007f2d291e0000)
 Metaspace       used 24352K, capacity 24764K, committed 25088K, reserved 26624K
}
Event: 7650.967 GC heap before
{Heap before GC invocations=7356 (full 4):
 def new generation   total 2915328K, used 2619558K [0x00007f2648600000, 0x00007f270e150000, 0x00007f2b9db50000)
  eden space 2591424K, 100% used [0x00007f2648600000, 0x00007f26e68b0000, 0x00007f26e68b0000)
  from space 323904K,   8% used [0x00007f26fa500000, 0x00007f26fc079818, 0x00007f270e150000)
  to   space 323904K,   0% used [0x00007f26e68b0000, 0x00007f26e68b0000, 0x00007f26fa500000)
 tenured generation   total 6478400K, used 6474325K [0x00007f2b9db50000, 0x00007f2d291e0000, 0x00007f3648600000)
   the space 6478400K,  99% used [0x00007f2b9db50000, 0x00007f2d28de5748, 0x00007f2d28de5800, 0x00007f2d291e0000)
 Metaspace       used 24352K, capacity 24764K, committed 25088K, reserved 26624K
}
Event: 7651.037 GC heap after
{Heap after GC invocations=7357 (full 4):
 def new generation   total 2915328K, used 28416K [0x00007f2648600000, 0x00007f270e150000, 0x00007f2b9db50000)
  eden space 2591424K,   0% used [0x00007f2648600000, 0x00007f2648600000, 0x00007f26e68b0000)
  from space 323904K,   8% used [0x00007f26e68b0000, 0x00007f26e8470040, 0x00007f26fa500000)
  to   space 323904K,   0% used [0x00007f26fa500000, 0x00007f26fa500000, 0x00007f270e150000)
 tenured generation   total 6478400K, used 6476191K [0x00007f2b9db50000, 0x00007f2d291e0000, 0x00007f3648600000)
   the space 6478400K,  99% used [0x00007f2b9db50000, 0x00007f2d28fb7c58, 0x00007f2d28fb7e00, 0x00007f2d291e0000)
 Metaspace       used 24352K, capacity 24764K, committed 25088K, reserved 26624K
}
Event: 7653.132 GC heap before
{Heap before GC invocations=7357 (full 4):
 def new generation   total 2915328K, used 2619840K [0x00007f2648600000, 0x00007f270e150000, 0x00007f2b9db50000)
  eden space 2591424K, 100% used [0x00007f2648600000, 0x00007f26e68b0000, 0x00007f26e68b0000)
  from space 323904K,   8% used [0x00007f26e68b0000, 0x00007f26e8470040, 0x00007f26fa500000)
  to   space 323904K,   0% used [0x00007f26fa500000, 0x00007f26fa500000, 0x00007f270e150000)
 tenured generation   total 6478400K, used 6476191K [0x00007f2b9db50000, 0x00007f2d291e0000, 0x00007f3648600000)
   the space 6478400K,  99% used [0x00007f2b9db50000, 0x00007f2d28fb7c58, 0x00007f2d28fb7e00, 0x00007f2d291e0000)
 Metaspace       used 24352K, capacity 24764K, committed 25088K, reserved 26624K
}
Event: 7653.215 GC heap after
{Heap after GC invocations=7358 (full 4):
 def new generation   total 2915328K, used 29232K [0x00007f2648600000, 0x00007f270e150000, 0x00007f2b9db50000)
  eden space 2591424K,   0% used [0x00007f2648600000, 0x00007f2648600000, 0x00007f26e68b0000)
  from space 323904K,   9% used [0x00007f26fa500000, 0x00007f26fc18c380, 0x00007f270e150000)
  to   space 323904K,   0% used [0x00007f26e68b0000, 0x00007f26e68b0000, 0x00007f26fa500000)
 tenured generation   total 6478400K, used 6477871K [0x00007f2b9db50000, 0x00007f2d291e0000, 0x00007f3648600000)
   the space 6478400K,  99% used [0x00007f2b9db50000, 0x00007f2d2915bec8, 0x00007f2d2915c000, 0x00007f2d291e0000)
 Metaspace       used 24352K, capacity 24764K, committed 25088K, reserved 26624K
}
Event: 7655.261 GC heap before
{Heap before GC invocations=7358 (full 4):
 def new generation   total 2915328K, used 2620656K [0x00007f2648600000, 0x00007f270e150000, 0x00007f2b9db50000)
  eden space 2591424K, 100% used [0x00007f2648600000, 0x00007f26e68b0000, 0x00007f26e68b0000)
  from space 323904K,   9% used [0x00007f26fa500000, 0x00007f26fc18c380, 0x00007f270e150000)
  to   space 323904K,   0% used [0x00007f26e68b0000, 0x00007f26e68b0000, 0x00007f26fa500000)
 tenured generation   total 6478400K, used 6477871K [0x00007f2b9db50000, 0x00007f2d291e0000, 0x00007f3648600000)
   the space 6478400K,  99% used [0x00007f2b9db50000, 0x00007f2d2915bec8, 0x00007f2d2915c000, 0x00007f2d291e0000)
 Metaspace       used 24352K, capacity 24764K, committed 25088K, reserved 26624K
}
Event: 7655.340 GC heap after
{Heap after GC invocations=7359 (full 4):
 def new generation   total 2915328K, used 28290K [0x00007f2648600000, 0x00007f270e150000, 0x00007f2b9db50000)
  eden space 2591424K,   0% used [0x00007f2648600000, 0x00007f2648600000, 0x00007f26e68b0000)
  from space 323904K,   8% used [0x00007f26e68b0000, 0x00007f26e8450828, 0x00007f26fa500000)
  to   space 323904K,   0% used [0x00007f26fa500000, 0x00007f26fa500000, 0x00007f270e150000)
 tenured generation   total 6480128K, used 6479996K [0x00007f2b9db50000, 0x00007f2d29390000, 0x00007f3648600000)
   the space 6480128K,  99% used [0x00007f2b9db50000, 0x00007f2d2936f110, 0x00007f2d2936f200, 0x00007f2d29390000)
 Metaspace       used 24352K, capacity 24764K, committed 25088K, reserved 26624K
}
Event: 7655.340 GC heap before
{Heap before GC invocations=7359 (full 4):
 def new generation   total 2915328K, used 28290K [0x00007f2648600000, 0x00007f270e150000, 0x00007f2b9db50000)
  eden space 2591424K,   0% used [0x00007f2648600000, 0x00007f2648600000, 0x00007f26e68b0000)
  from space 323904K,   8% used [0x00007f26e68b0000, 0x00007f26e8450828, 0x00007f26fa500000)
  to   space 323904K,   0% used [0x00007f26fa500000, 0x00007f26fa500000, 0x00007f270e150000)
 tenured generation   total 6480128K, used 6479996K [0x00007f2b9db50000, 0x00007f2d29390000, 0x00007f3648600000)
   the space 6480128K,  99% used [0x00007f2b9db50000, 0x00007f2d2936f110, 0x00007f2d2936f200, 0x00007f2d29390000)
 Metaspace       used 24352K, capacity 24764K, committed 25088K, reserved 26624K
}

