# JRE version: OpenJDK Runtime Environment (13.0.7+5) (build 13.0.7+5-Ubuntu-0ubuntu120.04)
# Java VM: OpenJDK 64-Bit Server VM (13.0.7+5-Ubuntu-0ubuntu120.04, mixed mode, tiered, serial gc, linux-amd64)
Heap:
 def new generation   total 3161984K, used 2175320K [0x00007f3348600000, 0x00007f341ecf0000, 0x00007f389db50000)
  eden space 2810688K,  76% used [0x00007f3348600000, 0x00007f33cbbd8f90, 0x00007f33f3ed0000)
  from space 351296K,   6% used [0x00007f33f3ed0000, 0x00007f33f554d3f0, 0x00007f34095e0000)
  to   space 351296K,   0% used [0x00007f34095e0000, 0x00007f34095e1890, 0x00007f341ecf0000)
 tenured generation   total 7026548K, used 6324120K [0x00007f389db50000, 0x00007f3a4a92d000, 0x00007f4348600000)
   the space 7026548K,  90% used [0x00007f389db50000, 0x00007f3a1fb36090, 0x00007f3a1fb36200, 0x00007f3a4a92d000)
 Metaspace       used 24293K, capacity 24699K, committed 24832K, reserved 26624K
GC Heap History (20 events):
Event: 7492.049 GC heap after
{Heap after GC invocations=988 (full 393):
 def new generation   total 3161984K, used 0K [0x00007f3348600000, 0x00007f341ecf0000, 0x00007f389db50000)
  eden space 2810688K,   0% used [0x00007f3348600000, 0x00007f3348600000, 0x00007f33f3ed0000)
  from space 351296K,   0% used [0x00007f34095e0000, 0x00007f34095e02f8, 0x00007f341ecf0000)
  to   space 351296K,   0% used [0x00007f33f3ed0000, 0x00007f33f3ed0000, 0x00007f34095e0000)
 tenured generation   total 7026548K, used 4226633K [0x00007f389db50000, 0x00007f3a4a92d000, 0x00007f4348600000)
   the space 7026548K,  60% used [0x00007f389db50000, 0x00007f399fae2400, 0x00007f399fae2400, 0x00007f3a4a92d000)
 Metaspace       used 24293K, capacity 24699K, committed 24832K, reserved 26624K
}
Event: 7496.217 GC heap before
{Heap before GC invocations=988 (full 393):
 def new generation   total 3161984K, used 2710699K [0x00007f3348600000, 0x00007f341ecf0000, 0x00007f389db50000)
  eden space 2810688K,  96% used [0x00007f3348600000, 0x00007f33edd2aaa0, 0x00007f33f3ed0000)
  from space 351296K,   0% used [0x00007f34095e0000, 0x00007f34095e02f8, 0x00007f341ecf0000)
  to   space 351296K,   0% used [0x00007f33f3ed0000, 0x00007f33f3ed0000, 0x00007f34095e0000)
 tenured generation   total 7026548K, used 4226633K [0x00007f389db50000, 0x00007f3a4a92d000, 0x00007f4348600000)
   the space 7026548K,  60% used [0x00007f389db50000, 0x00007f399fae2400, 0x00007f399fae2400, 0x00007f3a4a92d000)
 Metaspace       used 24293K, capacity 24699K, committed 24832K, reserved 26624K
}
Event: 7496.243 GC heap after
{Heap after GC invocations=989 (full 393):
 def new generation   total 3161984K, used 27132K [0x00007f3348600000, 0x00007f341ecf0000, 0x00007f389db50000)
  eden space 2810688K,   0% used [0x00007f3348600000, 0x00007f3348600000, 0x00007f33f3ed0000)
  from space 351296K,   7% used [0x00007f33f3ed0000, 0x00007f33f594f3d8, 0x00007f34095e0000)
  to   space 351296K,   0% used [0x00007f34095e0000, 0x00007f34095e0000, 0x00007f341ecf0000)
 tenured generation   total 7026548K, used 4226633K [0x00007f389db50000, 0x00007f3a4a92d000, 0x00007f4348600000)
   the space 7026548K,  60% used [0x00007f389db50000, 0x00007f399fae2400, 0x00007f399fae2400, 0x00007f3a4a92d000)
 Metaspace       used 24293K, capacity 24699K, committed 24832K, reserved 26624K
}
Event: 7498.847 GC heap before
{Heap before GC invocations=989 (full 393):
 def new generation   total 3161984K, used 2179438K [0x00007f3348600000, 0x00007f341ecf0000, 0x00007f389db50000)
  eden space 2810688K,  76% used [0x00007f3348600000, 0x00007f33cbbdc670, 0x00007f33f3ed0000)
  from space 351296K,   7% used [0x00007f33f3ed0000, 0x00007f33f594f3d8, 0x00007f34095e0000)
  to   space 351296K,   0% used [0x00007f34095e0000, 0x00007f34095e0000, 0x00007f341ecf0000)
 tenured generation   total 7026548K, used 4226633K [0x00007f389db50000, 0x00007f3a4a92d000, 0x00007f4348600000)
   the space 7026548K,  60% used [0x00007f389db50000, 0x00007f399fae2400, 0x00007f399fae2400, 0x00007f3a4a92d000)
 Metaspace       used 24293K, capacity 24699K, committed 24832K, reserved 26624K
}
Event: 7500.241 GC heap after
{Heap after GC invocations=990 (full 393):
 def new generation   total 3161984K, used 23028K [0x00007f3348600000, 0x00007f341ecf0000, 0x00007f389db50000)
  eden space 2810688K,   0% used [0x00007f3348600000, 0x00007f3348600000, 0x00007f33f3ed0000)
  from space 351296K,   6% used [0x00007f34095e0000, 0x00007f340ac5d3f0, 0x00007f341ecf0000)
  to   space 351296K,   0% used [0x00007f33f3ed0000, 0x00007f33f3ed0000, 0x00007f34095e0000)
 tenured generation   total 7026548K, used 6323785K [0x00007f389db50000, 0x00007f3a4a92d000, 0x00007f4348600000)
   the space 7026548K,  89% used [0x00007f389db50000, 0x00007f3a1fae2418, 0x00007f3a1fae2600, 0x00007f3a4a92d000)
 Metaspace       used 24293K, capacity 24699K, committed 24832K, reserved 26624K
}
Event: 7503.961 GC heap before
{Heap before GC invocations=990 (full 393):
 def new generation   total 3161984K, used 2175320K [0x00007f3348600000, 0x00007f341ecf0000, 0x00007f389db50000)
  eden space 2810688K,  76% used [0x00007f3348600000, 0x00007f33cbbd8f98, 0x00007f33f3ed0000)
  from space 351296K,   6% used [0x00007f34095e0000, 0x00007f340ac5d3f0, 0x00007f341ecf0000)
  to   space 351296K,   0% used [0x00007f33f3ed0000, 0x00007f33f3ed0000, 0x00007f34095e0000)
 tenured generation   total 7026548K, used 6323785K [0x00007f389db50000, 0x00007f3a4a92d000, 0x00007f4348600000)
   the space 7026548K,  89% used [0x00007f389db50000, 0x00007f3a1fae2418, 0x00007f3a1fae2600, 0x00007f3a4a92d000)
 Metaspace       used 24293K, capacity 24699K, committed 24832K, reserved 26624K
}
Event: 7506.662 GC heap after
{Heap after GC invocations=991 (full 393):
 def new generation   total 3161984K, used 23033K [0x00007f3348600000, 0x00007f341ecf0000, 0x00007f389db50000)
  eden space 2810688K,   0% used [0x00007f3348600000, 0x00007f3348600000, 0x00007f33f3ed0000)
  from space 351296K,   6% used [0x00007f33f3ed0000, 0x00007f33f554e410, 0x00007f34095e0000)
  to   space 351296K,   0% used [0x00007f34095e0000, 0x00007f34095e0000, 0x00007f341ecf0000)
 tenured generation   total 9123704K, used 8420937K [0x00007f389db50000, 0x00007f3aca92e000, 0x00007f4348600000)
   the space 9123704K,  92% used [0x00007f389db50000, 0x00007f3a9fae2430, 0x00007f3a9fae2600, 0x00007f3aca92e000)
 Metaspace       used 24293K, capacity 24699K, committed 24832K, reserved 26624K
}
Event: 7506.662 GC heap before
{Heap before GC invocations=991 (full 393):
 def new generation   total 3161984K, used 23033K [0x00007f3348600000, 0x00007f341ecf0000, 0x00007f389db50000)
  eden space 2810688K,   0% used [0x00007f3348600000, 0x00007f3348600000, 0x00007f33f3ed0000)
  from space 351296K,   6% used [0x00007f33f3ed0000, 0x00007f33f554e410, 0x00007f34095e0000)
  to   space 351296K,   0% used [0x00007f34095e0000, 0x00007f34095e0000, 0x00007f341ecf0000)
 tenured generation   total 9123704K, used 8420937K [0x00007f389db50000, 0x00007f3aca92e000, 0x00007f4348600000)
   the space 9123704K,  92% used [0x00007f389db50000, 0x00007f3a9fae2430, 0x00007f3a9fae2600, 0x00007f3aca92e000)
 Metaspace       used 24293K, capacity 24699K, committed 24832K, reserved 26624K
}
Event: 7508.118 GC heap after
{Heap after GC invocations=991 (full 394):
 def new generation   total 3161984K, used 0K [0x00007f3348600000, 0x00007f341ecf0000, 0x00007f389db50000)
  eden space 2810688K,   0% used [0x00007f3348600000, 0x00007f3348600000, 0x00007f33f3ed0000)
  from space 351296K,   0% used [0x00007f33f3ed0000, 0x00007f33f3ed0000, 0x00007f34095e0000)
  to   space 351296K,   0% used [0x00007f34095e0000, 0x00007f34095e0000, 0x00007f341ecf0000)
 tenured generation   total 7026548K, used 2129820K [0x00007f389db50000, 0x00007f3a4a92d000, 0x00007f4348600000)
   the space 7026548K,  30% used [0x00007f389db50000, 0x00007f391fb373f0, 0x00007f391fb37400, 0x00007f3a4a92d000)
 Metaspace       used 24293K, capacity 24699K, committed 24832K, reserved 26624K
}
Event: 7519.622 GC heap before
{Heap before GC invocations=991 (full 394):
 def new generation   total 3161984K, used 2152163K [0x00007f3348600000, 0x00007f341ecf0000, 0x00007f389db50000)
  eden space 2810688K,  76% used [0x00007f3348600000, 0x00007f33cbbb8ee8, 0x00007f33f3ed0000)
  from space 351296K,   0% used [0x00007f33f3ed0000, 0x00007f33f3ed0000, 0x00007f34095e0000)
  to   space 351296K,   0% used [0x00007f34095e0000, 0x00007f34095e0000, 0x00007f341ecf0000)
 tenured generation   total 7026548K, used 6324125K [0x00007f389db50000, 0x00007f3a4a92d000, 0x00007f4348600000)
   the space 7026548K,  90% used [0x00007f389db50000, 0x00007f3a1fb37408, 0x00007f3a1fb37600, 0x00007f3a4a92d000)
 Metaspace       used 24293K, capacity 24699K, committed 24832K, reserved 26624K
}
Event: 7522.265 GC heap after
{Heap after GC invocations=992 (full 394):
 def new generation   total 3161984K, used 1K [0x00007f3348600000, 0x00007f341ecf0000, 0x00007f389db50000)
  eden space 2810688K,   0% used [0x00007f3348600000, 0x00007f3348600000, 0x00007f33f3ed0000)
  from space 351296K,   0% used [0x00007f34095e0000, 0x00007f34095e0418, 0x00007f341ecf0000)
  to   space 351296K,   0% used [0x00007f33f3ed0000, 0x00007f33f3ed0000, 0x00007f34095e0000)
 tenured generation   total 9123704K, used 8421277K [0x00007f389db50000, 0x00007f3aca92e000, 0x00007f4348600000)
   the space 9123704K,  92% used [0x00007f389db50000, 0x00007f3a9fb37420, 0x00007f3a9fb37600, 0x00007f3aca92e000)
 Metaspace       used 24293K, capacity 24699K, committed 24832K, reserved 26624K
}
Event: 7522.265 GC heap before
{Heap before GC invocations=992 (full 394):
 def new generation   total 3161984K, used 1K [0x00007f3348600000, 0x00007f341ecf0000, 0x00007f389db50000)
  eden space 2810688K,   0% used [0x00007f3348600000, 0x00007f3348600000, 0x00007f33f3ed0000)
  from space 351296K,   0% used [0x00007f34095e0000, 0x00007f34095e0418, 0x00007f341ecf0000)
  to   space 351296K,   0% used [0x00007f33f3ed0000, 0x00007f33f3ed0000, 0x00007f34095e0000)
 tenured generation   total 9123704K, used 8421277K [0x00007f389db50000, 0x00007f3aca92e000, 0x00007f4348600000)
   the space 9123704K,  92% used [0x00007f389db50000, 0x00007f3a9fb37420, 0x00007f3a9fb37600, 0x00007f3aca92e000)
 Metaspace       used 24293K, capacity 24699K, committed 24832K, reserved 26624K
}
Event: 7523.842 GC heap after
{Heap after GC invocations=992 (full 395):
 def new generation   total 3161984K, used 0K [0x00007f3348600000, 0x00007f341ecf0000, 0x00007f389db50000)
  eden space 2810688K,   0% used [0x00007f3348600000, 0x00007f3348600000, 0x00007f33f3ed0000)
  from space 351296K,   0% used [0x00007f34095e0000, 0x00007f34095e0000, 0x00007f341ecf0000)
  to   space 351296K,   0% used [0x00007f33f3ed0000, 0x00007f33f3ed0000, 0x00007f34095e0000)
 tenured generation   total 7026548K, used 2129816K [0x00007f389db50000, 0x00007f3a4a92d000, 0x00007f4348600000)
   the space 7026548K,  30% used [0x00007f389db50000, 0x00007f391fb36048, 0x00007f391fb36200, 0x00007f3a4a92d000)
 Metaspace       used 24293K, capacity 24699K, committed 24832K, reserved 26624K
}
Event: 7527.496 GC heap before
{Heap before GC invocations=992 (full 395):
 def new generation   total 3161984K, used 2152584K [0x00007f3348600000, 0x00007f341ecf0000, 0x00007f389db50000)
  eden space 2810688K,  76% used [0x00007f3348600000, 0x00007f33cbc221f0, 0x00007f33f3ed0000)
  from space 351296K,   0% used [0x00007f34095e0000, 0x00007f34095e0000, 0x00007f341ecf0000)
  to   space 351296K,   0% used [0x00007f33f3ed0000, 0x00007f33f3ed0000, 0x00007f34095e0000)
 tenured generation   total 7026548K, used 2129816K [0x00007f389db50000, 0x00007f3a4a92d000, 0x00007f4348600000)
   the space 7026548K,  30% used [0x00007f389db50000, 0x00007f391fb36048, 0x00007f391fb36200, 0x00007f3a4a92d000)
 Metaspace       used 24293K, capacity 24699K, committed 24832K, reserved 26624K
}
Event: 7529.006 GC heap after
{Heap after GC invocations=993 (full 395):
 def new generation   total 3161984K, used 0K [0x00007f3348600000, 0x00007f341ecf0000, 0x00007f389db50000)
  eden space 2810688K,   0% used [0x00007f3348600000, 0x00007f3348600000, 0x00007f33f3ed0000)
  from space 351296K,   0% used [0x00007f33f3ed0000, 0x00007f33f3ed02f8, 0x00007f34095e0000)
  to   space 351296K,   0% used [0x00007f34095e0000, 0x00007f34095e0000, 0x00007f341ecf0000)
 tenured generation   total 7026548K, used 4226968K [0x00007f389db50000, 0x00007f3a4a92d000, 0x00007f4348600000)
   the space 7026548K,  60% used [0x00007f389db50000, 0x00007f399fb36078, 0x00007f399fb36200, 0x00007f3a4a92d000)
 Metaspace       used 24293K, capacity 24699K, committed 24832K, reserved 26624K
}
Event: 7533.021 GC heap before
{Heap before GC invocations=993 (full 395):
 def new generation   total 3161984K, used 2710699K [0x00007f3348600000, 0x00007f341ecf0000, 0x00007f389db50000)
  eden space 2810688K,  96% used [0x00007f3348600000, 0x00007f33edd2aa08, 0x00007f33f3ed0000)
  from space 351296K,   0% used [0x00007f33f3ed0000, 0x00007f33f3ed02f8, 0x00007f34095e0000)
  to   space 351296K,   0% used [0x00007f34095e0000, 0x00007f34095e0000, 0x00007f341ecf0000)
 tenured generation   total 7026548K, used 4226968K [0x00007f389db50000, 0x00007f3a4a92d000, 0x00007f4348600000)
   the space 7026548K,  60% used [0x00007f389db50000, 0x00007f399fb36078, 0x00007f399fb36200, 0x00007f3a4a92d000)
 Metaspace       used 24293K, capacity 24699K, committed 24832K, reserved 26624K
}
Event: 7533.045 GC heap after
{Heap after GC invocations=994 (full 395):
 def new generation   total 3161984K, used 27132K [0x00007f3348600000, 0x00007f341ecf0000, 0x00007f389db50000)
  eden space 2810688K,   0% used [0x00007f3348600000, 0x00007f3348600000, 0x00007f33f3ed0000)
  from space 351296K,   7% used [0x00007f34095e0000, 0x00007f340b05f3d8, 0x00007f341ecf0000)
  to   space 351296K,   0% used [0x00007f33f3ed0000, 0x00007f33f3ed0000, 0x00007f34095e0000)
 tenured generation   total 7026548K, used 4226968K [0x00007f389db50000, 0x00007f3a4a92d000, 0x00007f4348600000)
   the space 7026548K,  60% used [0x00007f389db50000, 0x00007f399fb36078, 0x00007f399fb36200, 0x00007f3a4a92d000)
 Metaspace       used 24293K, capacity 24699K, committed 24832K, reserved 26624K
}
Event: 7535.606 GC heap before
{Heap before GC invocations=994 (full 395):
 def new generation   total 3161984K, used 2179438K [0x00007f3348600000, 0x00007f341ecf0000, 0x00007f389db50000)
  eden space 2810688K,  76% used [0x00007f3348600000, 0x00007f33cbbdc678, 0x00007f33f3ed0000)
  from space 351296K,   7% used [0x00007f34095e0000, 0x00007f340b05f3d8, 0x00007f341ecf0000)
  to   space 351296K,   0% used [0x00007f33f3ed0000, 0x00007f33f3ed0000, 0x00007f34095e0000)
 tenured generation   total 7026548K, used 4226968K [0x00007f389db50000, 0x00007f3a4a92d000, 0x00007f4348600000)
   the space 7026548K,  60% used [0x00007f389db50000, 0x00007f399fb36078, 0x00007f399fb36200, 0x00007f3a4a92d000)
 Metaspace       used 24293K, capacity 24699K, committed 24832K, reserved 26624K
}
Event: 7537.175 GC heap after
{Heap after GC invocations=995 (full 395):
 def new generation   total 3161984K, used 23028K [0x00007f3348600000, 0x00007f341ecf0000, 0x00007f389db50000)
  eden space 2810688K,   0% used [0x00007f3348600000, 0x00007f3348600000, 0x00007f33f3ed0000)
  from space 351296K,   6% used [0x00007f33f3ed0000, 0x00007f33f554d3f0, 0x00007f34095e0000)
  to   space 351296K,   0% used [0x00007f34095e0000, 0x00007f34095e0000, 0x00007f341ecf0000)
 tenured generation   total 7026548K, used 6324120K [0x00007f389db50000, 0x00007f3a4a92d000, 0x00007f4348600000)
   the space 7026548K,  90% used [0x00007f389db50000, 0x00007f3a1fb36090, 0x00007f3a1fb36200, 0x00007f3a4a92d000)
 Metaspace       used 24293K, capacity 24699K, committed 24832K, reserved 26624K
}
Event: 7541.131 GC heap before
{Heap before GC invocations=995 (full 395):
 def new generation   total 3161984K, used 2175320K [0x00007f3348600000, 0x00007f341ecf0000, 0x00007f389db50000)
  eden space 2810688K,  76% used [0x00007f3348600000, 0x00007f33cbbd8f90, 0x00007f33f3ed0000)
  from space 351296K,   6% used [0x00007f33f3ed0000, 0x00007f33f554d3f0, 0x00007f34095e0000)
  to   space 351296K,   0% used [0x00007f34095e0000, 0x00007f34095e0000, 0x00007f341ecf0000)
 tenured generation   total 7026548K, used 6324120K [0x00007f389db50000, 0x00007f3a4a92d000, 0x00007f4348600000)
   the space 7026548K,  90% used [0x00007f389db50000, 0x00007f3a1fb36090, 0x00007f3a1fb36200, 0x00007f3a4a92d000)
 Metaspace       used 24293K, capacity 24699K, committed 24832K, reserved 26624K
}

