# JRE version: OpenJDK Runtime Environment (13.0.7+5) (build 13.0.7+5-Ubuntu-0ubuntu120.04)
# Java VM: OpenJDK 64-Bit Server VM (13.0.7+5-Ubuntu-0ubuntu120.04, mixed mode, tiered, serial gc, linux-amd64)
Heap:
 def new generation   total 1748672K, used 5686K [0x00007f7340600000, 0x00007f73b6f60000, 0x00007f7895b50000)
  eden space 1554432K,   0% used [0x00007f7340600000, 0x00007f7340b8dbb0, 0x00007f739f400000)
  from space 194240K,   0% used [0x00007f739f400000, 0x00007f739f400000, 0x00007f73ab1b0000)
  to   space 194240K,   0% used [0x00007f73ab1b0000, 0x00007f73ab1b0000, 0x00007f73b6f60000)
 tenured generation   total 3886144K, used 3886143K [0x00007f7895b50000, 0x00007f7982e60000, 0x00007f8340600000)
   the space 3886144K,  99% used [0x00007f7895b50000, 0x00007f7982e5ffe8, 0x00007f7982e60000, 0x00007f7982e60000)
 Metaspace       used 24346K, capacity 24786K, committed 24832K, reserved 26624K
GC Heap History (20 events):
Event: 3502.213 GC heap after
{Heap after GC invocations=4244 (full 3):
 def new generation   total 1748672K, used 25740K [0x00007f7340600000, 0x00007f73b6f60000, 0x00007f7895b50000)
  eden space 1554432K,   0% used [0x00007f7340600000, 0x00007f7340600000, 0x00007f739f400000)
  from space 194240K,  13% used [0x00007f73ab1b0000, 0x00007f73acad3020, 0x00007f73b6f60000)
  to   space 194240K,   0% used [0x00007f739f400000, 0x00007f739f400000, 0x00007f73ab1b0000)
 tenured generation   total 3885760K, used 3871063K [0x00007f7895b50000, 0x00007f7982e00000, 0x00007f8340600000)
   the space 3885760K,  99% used [0x00007f7895b50000, 0x00007f7981fa5d50, 0x00007f7981fa5e00, 0x00007f7982e00000)
 Metaspace       used 24346K, capacity 24786K, committed 24832K, reserved 26624K
}
Event: 3503.654 GC heap before
{Heap before GC invocations=4244 (full 3):
 def new generation   total 1748672K, used 1580172K [0x00007f7340600000, 0x00007f73b6f60000, 0x00007f7895b50000)
  eden space 1554432K, 100% used [0x00007f7340600000, 0x00007f739f400000, 0x00007f739f400000)
  from space 194240K,  13% used [0x00007f73ab1b0000, 0x00007f73acad3020, 0x00007f73b6f60000)
  to   space 194240K,   0% used [0x00007f739f400000, 0x00007f739f400000, 0x00007f73ab1b0000)
 tenured generation   total 3885760K, used 3871063K [0x00007f7895b50000, 0x00007f7982e00000, 0x00007f8340600000)
   the space 3885760K,  99% used [0x00007f7895b50000, 0x00007f7981fa5d50, 0x00007f7981fa5e00, 0x00007f7982e00000)
 Metaspace       used 24346K, capacity 24786K, committed 24832K, reserved 26624K
}
Event: 3503.709 GC heap after
{Heap after GC invocations=4245 (full 3):
 def new generation   total 1748672K, used 25749K [0x00007f7340600000, 0x00007f73b6f60000, 0x00007f7895b50000)
  eden space 1554432K,   0% used [0x00007f7340600000, 0x00007f7340600000, 0x00007f739f400000)
  from space 194240K,  13% used [0x00007f739f400000, 0x00007f73a0d254b8, 0x00007f73ab1b0000)
  to   space 194240K,   0% used [0x00007f73ab1b0000, 0x00007f73ab1b0000, 0x00007f73b6f60000)
 tenured generation   total 3885760K, used 3872530K [0x00007f7895b50000, 0x00007f7982e00000, 0x00007f8340600000)
   the space 3885760K,  99% used [0x00007f7895b50000, 0x00007f7982114bb0, 0x00007f7982114c00, 0x00007f7982e00000)
 Metaspace       used 24346K, capacity 24786K, committed 24832K, reserved 26624K
}
Event: 3505.134 GC heap before
{Heap before GC invocations=4245 (full 3):
 def new generation   total 1748672K, used 1580181K [0x00007f7340600000, 0x00007f73b6f60000, 0x00007f7895b50000)
  eden space 1554432K, 100% used [0x00007f7340600000, 0x00007f739f400000, 0x00007f739f400000)
  from space 194240K,  13% used [0x00007f739f400000, 0x00007f73a0d254b8, 0x00007f73ab1b0000)
  to   space 194240K,   0% used [0x00007f73ab1b0000, 0x00007f73ab1b0000, 0x00007f73b6f60000)
 tenured generation   total 3885760K, used 3872530K [0x00007f7895b50000, 0x00007f7982e00000, 0x00007f8340600000)
   the space 3885760K,  99% used [0x00007f7895b50000, 0x00007f7982114bb0, 0x00007f7982114c00, 0x00007f7982e00000)
 Metaspace       used 24346K, capacity 24786K, committed 24832K, reserved 26624K
}
Event: 3505.182 GC heap after
{Heap after GC invocations=4246 (full 3):
 def new generation   total 1748672K, used 25703K [0x00007f7340600000, 0x00007f73b6f60000, 0x00007f7895b50000)
  eden space 1554432K,   0% used [0x00007f7340600000, 0x00007f7340600000, 0x00007f739f400000)
  from space 194240K,  13% used [0x00007f73ab1b0000, 0x00007f73acac9cb8, 0x00007f73b6f60000)
  to   space 194240K,   0% used [0x00007f739f400000, 0x00007f739f400000, 0x00007f73ab1b0000)
 tenured generation   total 3885760K, used 3874050K [0x00007f7895b50000, 0x00007f7982e00000, 0x00007f8340600000)
   the space 3885760K,  99% used [0x00007f7895b50000, 0x00007f7982290978, 0x00007f7982290a00, 0x00007f7982e00000)
 Metaspace       used 24346K, capacity 24786K, committed 24832K, reserved 26624K
}
Event: 3506.631 GC heap before
{Heap before GC invocations=4246 (full 3):
 def new generation   total 1748672K, used 1580135K [0x00007f7340600000, 0x00007f73b6f60000, 0x00007f7895b50000)
  eden space 1554432K, 100% used [0x00007f7340600000, 0x00007f739f400000, 0x00007f739f400000)
  from space 194240K,  13% used [0x00007f73ab1b0000, 0x00007f73acac9cb8, 0x00007f73b6f60000)
  to   space 194240K,   0% used [0x00007f739f400000, 0x00007f739f400000, 0x00007f73ab1b0000)
 tenured generation   total 3885760K, used 3874050K [0x00007f7895b50000, 0x00007f7982e00000, 0x00007f8340600000)
   the space 3885760K,  99% used [0x00007f7895b50000, 0x00007f7982290978, 0x00007f7982290a00, 0x00007f7982e00000)
 Metaspace       used 24346K, capacity 24786K, committed 24832K, reserved 26624K
}
Event: 3506.684 GC heap after
{Heap after GC invocations=4247 (full 3):
 def new generation   total 1748672K, used 25660K [0x00007f7340600000, 0x00007f73b6f60000, 0x00007f7895b50000)
  eden space 1554432K,   0% used [0x00007f7340600000, 0x00007f7340600000, 0x00007f739f400000)
  from space 194240K,  13% used [0x00007f739f400000, 0x00007f73a0d0f110, 0x00007f73ab1b0000)
  to   space 194240K,   0% used [0x00007f73ab1b0000, 0x00007f73ab1b0000, 0x00007f73b6f60000)
 tenured generation   total 3885760K, used 3875517K [0x00007f7895b50000, 0x00007f7982e00000, 0x00007f8340600000)
   the space 3885760K,  99% used [0x00007f7895b50000, 0x00007f79823ff7d8, 0x00007f79823ff800, 0x00007f7982e00000)
 Metaspace       used 24346K, capacity 24786K, committed 24832K, reserved 26624K
}
Event: 3508.123 GC heap before
{Heap before GC invocations=4247 (full 3):
 def new generation   total 1748672K, used 1580092K [0x00007f7340600000, 0x00007f73b6f60000, 0x00007f7895b50000)
  eden space 1554432K, 100% used [0x00007f7340600000, 0x00007f739f400000, 0x00007f739f400000)
  from space 194240K,  13% used [0x00007f739f400000, 0x00007f73a0d0f110, 0x00007f73ab1b0000)
  to   space 194240K,   0% used [0x00007f73ab1b0000, 0x00007f73ab1b0000, 0x00007f73b6f60000)
 tenured generation   total 3885760K, used 3875517K [0x00007f7895b50000, 0x00007f7982e00000, 0x00007f8340600000)
   the space 3885760K,  99% used [0x00007f7895b50000, 0x00007f79823ff7d8, 0x00007f79823ff800, 0x00007f7982e00000)
 Metaspace       used 24346K, capacity 24786K, committed 24832K, reserved 26624K
}
Event: 3508.174 GC heap after
{Heap after GC invocations=4248 (full 3):
 def new generation   total 1748672K, used 25658K [0x00007f7340600000, 0x00007f73b6f60000, 0x00007f7895b50000)
  eden space 1554432K,   0% used [0x00007f7340600000, 0x00007f7340600000, 0x00007f739f400000)
  from space 194240K,  13% used [0x00007f73ab1b0000, 0x00007f73acabeaa0, 0x00007f73b6f60000)
  to   space 194240K,   0% used [0x00007f739f400000, 0x00007f739f400000, 0x00007f73ab1b0000)
 tenured generation   total 3885760K, used 3876985K [0x00007f7895b50000, 0x00007f7982e00000, 0x00007f8340600000)
   the space 3885760K,  99% used [0x00007f7895b50000, 0x00007f798256e638, 0x00007f798256e800, 0x00007f7982e00000)
 Metaspace       used 24346K, capacity 24786K, committed 24832K, reserved 26624K
}
Event: 3509.641 GC heap before
{Heap before GC invocations=4248 (full 3):
 def new generation   total 1748672K, used 1580090K [0x00007f7340600000, 0x00007f73b6f60000, 0x00007f7895b50000)
  eden space 1554432K, 100% used [0x00007f7340600000, 0x00007f739f400000, 0x00007f739f400000)
  from space 194240K,  13% used [0x00007f73ab1b0000, 0x00007f73acabeaa0, 0x00007f73b6f60000)
  to   space 194240K,   0% used [0x00007f739f400000, 0x00007f739f400000, 0x00007f73ab1b0000)
 tenured generation   total 3885760K, used 3876985K [0x00007f7895b50000, 0x00007f7982e00000, 0x00007f8340600000)
   the space 3885760K,  99% used [0x00007f7895b50000, 0x00007f798256e638, 0x00007f798256e800, 0x00007f7982e00000)
 Metaspace       used 24346K, capacity 24786K, committed 24832K, reserved 26624K
}
Event: 3509.692 GC heap after
{Heap after GC invocations=4249 (full 3):
 def new generation   total 1748672K, used 25659K [0x00007f7340600000, 0x00007f73b6f60000, 0x00007f7895b50000)
  eden space 1554432K,   0% used [0x00007f7340600000, 0x00007f7340600000, 0x00007f739f400000)
  from space 194240K,  13% used [0x00007f739f400000, 0x00007f73a0d0eeb8, 0x00007f73ab1b0000)
  to   space 194240K,   0% used [0x00007f73ab1b0000, 0x00007f73ab1b0000, 0x00007f73b6f60000)
 tenured generation   total 3885760K, used 3878453K [0x00007f7895b50000, 0x00007f7982e00000, 0x00007f8340600000)
   the space 3885760K,  99% used [0x00007f7895b50000, 0x00007f79826dd498, 0x00007f79826dd600, 0x00007f7982e00000)
 Metaspace       used 24346K, capacity 24786K, committed 24832K, reserved 26624K
}
Event: 3511.121 GC heap before
{Heap before GC invocations=4249 (full 3):
 def new generation   total 1748672K, used 1580091K [0x00007f7340600000, 0x00007f73b6f60000, 0x00007f7895b50000)
  eden space 1554432K, 100% used [0x00007f7340600000, 0x00007f739f400000, 0x00007f739f400000)
  from space 194240K,  13% used [0x00007f739f400000, 0x00007f73a0d0eeb8, 0x00007f73ab1b0000)
  to   space 194240K,   0% used [0x00007f73ab1b0000, 0x00007f73ab1b0000, 0x00007f73b6f60000)
 tenured generation   total 3885760K, used 3878453K [0x00007f7895b50000, 0x00007f7982e00000, 0x00007f8340600000)
   the space 3885760K,  99% used [0x00007f7895b50000, 0x00007f79826dd498, 0x00007f79826dd600, 0x00007f7982e00000)
 Metaspace       used 24346K, capacity 24786K, committed 24832K, reserved 26624K
}
Event: 3511.181 GC heap after
{Heap after GC invocations=4250 (full 3):
 def new generation   total 1748672K, used 25720K [0x00007f7340600000, 0x00007f73b6f60000, 0x00007f7895b50000)
  eden space 1554432K,   0% used [0x00007f7340600000, 0x00007f7340600000, 0x00007f739f400000)
  from space 194240K,  13% used [0x00007f73ab1b0000, 0x00007f73acace2a8, 0x00007f73b6f60000)
  to   space 194240K,   0% used [0x00007f739f400000, 0x00007f739f400000, 0x00007f73ab1b0000)
 tenured generation   total 3885760K, used 3879920K [0x00007f7895b50000, 0x00007f7982e00000, 0x00007f8340600000)
   the space 3885760K,  99% used [0x00007f7895b50000, 0x00007f798284c2f8, 0x00007f798284c400, 0x00007f7982e00000)
 Metaspace       used 24346K, capacity 24786K, committed 24832K, reserved 26624K
}
Event: 3512.616 GC heap before
{Heap before GC invocations=4250 (full 3):
 def new generation   total 1748672K, used 1580152K [0x00007f7340600000, 0x00007f73b6f60000, 0x00007f7895b50000)
  eden space 1554432K, 100% used [0x00007f7340600000, 0x00007f739f400000, 0x00007f739f400000)
  from space 194240K,  13% used [0x00007f73ab1b0000, 0x00007f73acace2a8, 0x00007f73b6f60000)
  to   space 194240K,   0% used [0x00007f739f400000, 0x00007f739f400000, 0x00007f73ab1b0000)
 tenured generation   total 3885760K, used 3879920K [0x00007f7895b50000, 0x00007f7982e00000, 0x00007f8340600000)
   the space 3885760K,  99% used [0x00007f7895b50000, 0x00007f798284c2f8, 0x00007f798284c400, 0x00007f7982e00000)
 Metaspace       used 24346K, capacity 24786K, committed 24832K, reserved 26624K
}
Event: 3512.676 GC heap after
{Heap after GC invocations=4251 (full 3):
 def new generation   total 1748672K, used 25727K [0x00007f7340600000, 0x00007f73b6f60000, 0x00007f7895b50000)
  eden space 1554432K,   0% used [0x00007f7340600000, 0x00007f7340600000, 0x00007f739f400000)
  from space 194240K,  13% used [0x00007f739f400000, 0x00007f73a0d1fe98, 0x00007f73ab1b0000)
  to   space 194240K,   0% used [0x00007f73ab1b0000, 0x00007f73ab1b0000, 0x00007f73b6f60000)
 tenured generation   total 3885760K, used 3881388K [0x00007f7895b50000, 0x00007f7982e00000, 0x00007f8340600000)
   the space 3885760K,  99% used [0x00007f7895b50000, 0x00007f79829bb398, 0x00007f79829bb400, 0x00007f7982e00000)
 Metaspace       used 24346K, capacity 24786K, committed 24832K, reserved 26624K
}
Event: 3514.118 GC heap before
{Heap before GC invocations=4251 (full 3):
 def new generation   total 1748672K, used 1580159K [0x00007f7340600000, 0x00007f73b6f60000, 0x00007f7895b50000)
  eden space 1554432K, 100% used [0x00007f7340600000, 0x00007f739f400000, 0x00007f739f400000)
  from space 194240K,  13% used [0x00007f739f400000, 0x00007f73a0d1fe98, 0x00007f73ab1b0000)
  to   space 194240K,   0% used [0x00007f73ab1b0000, 0x00007f73ab1b0000, 0x00007f73b6f60000)
 tenured generation   total 3885760K, used 3881388K [0x00007f7895b50000, 0x00007f7982e00000, 0x00007f8340600000)
   the space 3885760K,  99% used [0x00007f7895b50000, 0x00007f79829bb398, 0x00007f79829bb400, 0x00007f7982e00000)
 Metaspace       used 24346K, capacity 24786K, committed 24832K, reserved 26624K
}
Event: 3514.171 GC heap after
{Heap after GC invocations=4252 (full 3):
 def new generation   total 1748672K, used 24955K [0x00007f7340600000, 0x00007f73b6f60000, 0x00007f7895b50000)
  eden space 1554432K,   0% used [0x00007f7340600000, 0x00007f7340600000, 0x00007f739f400000)
  from space 194240K,  12% used [0x00007f73ab1b0000, 0x00007f73aca0ece8, 0x00007f73b6f60000)
  to   space 194240K,   0% used [0x00007f739f400000, 0x00007f739f400000, 0x00007f73ab1b0000)
 tenured generation   total 3885760K, used 3883683K [0x00007f7895b50000, 0x00007f7982e00000, 0x00007f8340600000)
   the space 3885760K,  99% used [0x00007f7895b50000, 0x00007f7982bf8f78, 0x00007f7982bf9000, 0x00007f7982e00000)
 Metaspace       used 24346K, capacity 24786K, committed 24832K, reserved 26624K
}
Event: 3515.623 GC heap before
{Heap before GC invocations=4252 (full 3):
 def new generation   total 1748672K, used 1579387K [0x00007f7340600000, 0x00007f73b6f60000, 0x00007f7895b50000)
  eden space 1554432K, 100% used [0x00007f7340600000, 0x00007f739f400000, 0x00007f739f400000)
  from space 194240K,  12% used [0x00007f73ab1b0000, 0x00007f73aca0ece8, 0x00007f73b6f60000)
  to   space 194240K,   0% used [0x00007f739f400000, 0x00007f739f400000, 0x00007f73ab1b0000)
 tenured generation   total 3885760K, used 3883683K [0x00007f7895b50000, 0x00007f7982e00000, 0x00007f8340600000)
   the space 3885760K,  99% used [0x00007f7895b50000, 0x00007f7982bf8f78, 0x00007f7982bf9000, 0x00007f7982e00000)
 Metaspace       used 24346K, capacity 24786K, committed 24832K, reserved 26624K
}
Event: 3515.674 GC heap after
{Heap after GC invocations=4253 (full 3):
 def new generation   total 1748672K, used 23971K [0x00007f7340600000, 0x00007f73b6f60000, 0x00007f7895b50000)
  eden space 1554432K,   0% used [0x00007f7340600000, 0x00007f7340600000, 0x00007f739f400000)
  from space 194240K,  12% used [0x00007f739f400000, 0x00007f73a0b68f30, 0x00007f73ab1b0000)
  to   space 194240K,   0% used [0x00007f73ab1b0000, 0x00007f73ab1b0000, 0x00007f73b6f60000)
 tenured generation   total 3886144K, used 3886138K [0x00007f7895b50000, 0x00007f7982e60000, 0x00007f8340600000)
   the space 3886144K,  99% used [0x00007f7895b50000, 0x00007f7982e5ead0, 0x00007f7982e5ec00, 0x00007f7982e60000)
 Metaspace       used 24346K, capacity 24786K, committed 24832K, reserved 26624K
}
Event: 3515.674 GC heap before
{Heap before GC invocations=4253 (full 3):
 def new generation   total 1748672K, used 23971K [0x00007f7340600000, 0x00007f73b6f60000, 0x00007f7895b50000)
  eden space 1554432K,   0% used [0x00007f7340600000, 0x00007f7340600000, 0x00007f739f400000)
  from space 194240K,  12% used [0x00007f739f400000, 0x00007f73a0b68f30, 0x00007f73ab1b0000)
  to   space 194240K,   0% used [0x00007f73ab1b0000, 0x00007f73ab1b0000, 0x00007f73b6f60000)
 tenured generation   total 3886144K, used 3886138K [0x00007f7895b50000, 0x00007f7982e60000, 0x00007f8340600000)
   the space 3886144K,  99% used [0x00007f7895b50000, 0x00007f7982e5ead0, 0x00007f7982e5ec00, 0x00007f7982e60000)
 Metaspace       used 24346K, capacity 24786K, committed 24832K, reserved 26624K
}

