# JRE version: OpenJDK Runtime Environment (13.0.7+5) (build 13.0.7+5-Ubuntu-0ubuntu120.04)
# Java VM: OpenJDK 64-Bit Server VM (13.0.7+5-Ubuntu-0ubuntu120.04, mixed mode, tiered, serial gc, linux-amd64)
Heap:
 def new generation   total 1748160K, used 0K [0x00007f3508600000, 0x00007f357eed0000, 0x00007f3a5db50000)
  eden space 1553984K,   0% used [0x00007f3508600000, 0x00007f3508600000, 0x00007f3567390000)
  from space 194176K,   0% used [0x00007f3573130000, 0x00007f3573130000, 0x00007f357eed0000)
  to   space 194176K,   0% used [0x00007f3567390000, 0x00007f3567390000, 0x00007f3573130000)
 tenured generation   total 3884972K, used 3865884K [0x00007f3a5db50000, 0x00007f3b4ad3b000, 0x00007f4508600000)
   the space 3884972K,  99% used [0x00007f3a5db50000, 0x00007f3b49a970e8, 0x00007f3b49a97200, 0x00007f3b4ad3b000)
 Metaspace       used 24288K, capacity 24702K, committed 24832K, reserved 26624K
GC Heap History (20 events):
Event: 29919.431 GC heap after
{Heap after GC invocations=33447 (full 3):
 def new generation   total 1748160K, used 3409K [0x00007f3508600000, 0x00007f357eed0000, 0x00007f3a5db50000)
  eden space 1553984K,   0% used [0x00007f3508600000, 0x00007f3508600000, 0x00007f3567390000)
  from space 194176K,   1% used [0x00007f3567390000, 0x00007f35676e4700, 0x00007f3573130000)
  to   space 194176K,   0% used [0x00007f3573130000, 0x00007f3573130000, 0x00007f357eed0000)
 tenured generation   total 3884588K, used 3882262K [0x00007f3a5db50000, 0x00007f3b4acdb000, 0x00007f4508600000)
   the space 3884588K,  99% used [0x00007f3a5db50000, 0x00007f3b4aa95b00, 0x00007f3b4aa95c00, 0x00007f3b4acdb000)
 Metaspace       used 24288K, capacity 24702K, committed 24832K, reserved 26624K
}
Event: 29921.305 GC heap before
{Heap before GC invocations=33447 (full 3):
 def new generation   total 1748160K, used 1557393K [0x00007f3508600000, 0x00007f357eed0000, 0x00007f3a5db50000)
  eden space 1553984K, 100% used [0x00007f3508600000, 0x00007f3567390000, 0x00007f3567390000)
  from space 194176K,   1% used [0x00007f3567390000, 0x00007f35676e4700, 0x00007f3573130000)
  to   space 194176K,   0% used [0x00007f3573130000, 0x00007f3573130000, 0x00007f357eed0000)
 tenured generation   total 3884588K, used 3882262K [0x00007f3a5db50000, 0x00007f3b4acdb000, 0x00007f4508600000)
   the space 3884588K,  99% used [0x00007f3a5db50000, 0x00007f3b4aa95b00, 0x00007f3b4aa95c00, 0x00007f3b4acdb000)
 Metaspace       used 24288K, capacity 24702K, committed 24832K, reserved 26624K
}
Event: 29921.319 GC heap after
{Heap after GC invocations=33448 (full 3):
 def new generation   total 1748160K, used 3236K [0x00007f3508600000, 0x00007f357eed0000, 0x00007f3a5db50000)
  eden space 1553984K,   0% used [0x00007f3508600000, 0x00007f3508600000, 0x00007f3567390000)
  from space 194176K,   1% used [0x00007f3573130000, 0x00007f3573459178, 0x00007f357eed0000)
  to   space 194176K,   0% used [0x00007f3567390000, 0x00007f3567390000, 0x00007f3573130000)
 tenured generation   total 3884588K, used 3882549K [0x00007f3a5db50000, 0x00007f3b4acdb000, 0x00007f4508600000)
   the space 3884588K,  99% used [0x00007f3a5db50000, 0x00007f3b4aadd6b0, 0x00007f3b4aadd800, 0x00007f3b4acdb000)
 Metaspace       used 24288K, capacity 24702K, committed 24832K, reserved 26624K
}
Event: 29923.108 GC heap before
{Heap before GC invocations=33448 (full 3):
 def new generation   total 1748160K, used 1557220K [0x00007f3508600000, 0x00007f357eed0000, 0x00007f3a5db50000)
  eden space 1553984K, 100% used [0x00007f3508600000, 0x00007f3567390000, 0x00007f3567390000)
  from space 194176K,   1% used [0x00007f3573130000, 0x00007f3573459178, 0x00007f357eed0000)
  to   space 194176K,   0% used [0x00007f3567390000, 0x00007f3567390000, 0x00007f3573130000)
 tenured generation   total 3884588K, used 3882549K [0x00007f3a5db50000, 0x00007f3b4acdb000, 0x00007f4508600000)
   the space 3884588K,  99% used [0x00007f3a5db50000, 0x00007f3b4aadd6b0, 0x00007f3b4aadd800, 0x00007f3b4acdb000)
 Metaspace       used 24288K, capacity 24702K, committed 24832K, reserved 26624K
}
Event: 29923.125 GC heap after
{Heap after GC invocations=33449 (full 3):
 def new generation   total 1748160K, used 3103K [0x00007f3508600000, 0x00007f357eed0000, 0x00007f3a5db50000)
  eden space 1553984K,   0% used [0x00007f3508600000, 0x00007f3508600000, 0x00007f3567390000)
  from space 194176K,   1% used [0x00007f3567390000, 0x00007f3567697c50, 0x00007f3573130000)
  to   space 194176K,   0% used [0x00007f3573130000, 0x00007f3573130000, 0x00007f357eed0000)
 tenured generation   total 3884588K, used 3882813K [0x00007f3a5db50000, 0x00007f3b4acdb000, 0x00007f4508600000)
   the space 3884588K,  99% used [0x00007f3a5db50000, 0x00007f3b4ab1f448, 0x00007f3b4ab1f600, 0x00007f3b4acdb000)
 Metaspace       used 24288K, capacity 24702K, committed 24832K, reserved 26624K
}
Event: 29924.925 GC heap before
{Heap before GC invocations=33449 (full 3):
 def new generation   total 1748160K, used 1557087K [0x00007f3508600000, 0x00007f357eed0000, 0x00007f3a5db50000)
  eden space 1553984K, 100% used [0x00007f3508600000, 0x00007f3567390000, 0x00007f3567390000)
  from space 194176K,   1% used [0x00007f3567390000, 0x00007f3567697c50, 0x00007f3573130000)
  to   space 194176K,   0% used [0x00007f3573130000, 0x00007f3573130000, 0x00007f357eed0000)
 tenured generation   total 3884588K, used 3882813K [0x00007f3a5db50000, 0x00007f3b4acdb000, 0x00007f4508600000)
   the space 3884588K,  99% used [0x00007f3a5db50000, 0x00007f3b4ab1f448, 0x00007f3b4ab1f600, 0x00007f3b4acdb000)
 Metaspace       used 24288K, capacity 24702K, committed 24832K, reserved 26624K
}
Event: 29924.941 GC heap after
{Heap after GC invocations=33450 (full 3):
 def new generation   total 1748160K, used 2974K [0x00007f3508600000, 0x00007f357eed0000, 0x00007f3a5db50000)
  eden space 1553984K,   0% used [0x00007f3508600000, 0x00007f3508600000, 0x00007f3567390000)
  from space 194176K,   1% used [0x00007f3573130000, 0x00007f3573417940, 0x00007f357eed0000)
  to   space 194176K,   0% used [0x00007f3567390000, 0x00007f3567390000, 0x00007f3573130000)
 tenured generation   total 3884588K, used 3883076K [0x00007f3a5db50000, 0x00007f3b4acdb000, 0x00007f4508600000)
   the space 3884588K,  99% used [0x00007f3a5db50000, 0x00007f3b4ab611e0, 0x00007f3b4ab61200, 0x00007f3b4acdb000)
 Metaspace       used 24288K, capacity 24702K, committed 24832K, reserved 26624K
}
Event: 29926.712 GC heap before
{Heap before GC invocations=33450 (full 3):
 def new generation   total 1748160K, used 1556958K [0x00007f3508600000, 0x00007f357eed0000, 0x00007f3a5db50000)
  eden space 1553984K, 100% used [0x00007f3508600000, 0x00007f3567390000, 0x00007f3567390000)
  from space 194176K,   1% used [0x00007f3573130000, 0x00007f3573417940, 0x00007f357eed0000)
  to   space 194176K,   0% used [0x00007f3567390000, 0x00007f3567390000, 0x00007f3573130000)
 tenured generation   total 3884588K, used 3883076K [0x00007f3a5db50000, 0x00007f3b4acdb000, 0x00007f4508600000)
   the space 3884588K,  99% used [0x00007f3a5db50000, 0x00007f3b4ab611e0, 0x00007f3b4ab61200, 0x00007f3b4acdb000)
 Metaspace       used 24288K, capacity 24702K, committed 24832K, reserved 26624K
}
Event: 29926.725 GC heap after
{Heap after GC invocations=33451 (full 3):
 def new generation   total 1748160K, used 2814K [0x00007f3508600000, 0x00007f357eed0000, 0x00007f3a5db50000)
  eden space 1553984K,   0% used [0x00007f3508600000, 0x00007f3508600000, 0x00007f3567390000)
  from space 194176K,   1% used [0x00007f3567390000, 0x00007f356764fb98, 0x00007f3573130000)
  to   space 194176K,   0% used [0x00007f3573130000, 0x00007f3573130000, 0x00007f357eed0000)
 tenured generation   total 3884588K, used 3883363K [0x00007f3a5db50000, 0x00007f3b4acdb000, 0x00007f4508600000)
   the space 3884588K,  99% used [0x00007f3a5db50000, 0x00007f3b4aba8f40, 0x00007f3b4aba9000, 0x00007f3b4acdb000)
 Metaspace       used 24288K, capacity 24702K, committed 24832K, reserved 26624K
}
Event: 29928.509 GC heap before
{Heap before GC invocations=33451 (full 3):
 def new generation   total 1748160K, used 1556798K [0x00007f3508600000, 0x00007f357eed0000, 0x00007f3a5db50000)
  eden space 1553984K, 100% used [0x00007f3508600000, 0x00007f3567390000, 0x00007f3567390000)
  from space 194176K,   1% used [0x00007f3567390000, 0x00007f356764fb98, 0x00007f3573130000)
  to   space 194176K,   0% used [0x00007f3573130000, 0x00007f3573130000, 0x00007f357eed0000)
 tenured generation   total 3884588K, used 3883363K [0x00007f3a5db50000, 0x00007f3b4acdb000, 0x00007f4508600000)
   the space 3884588K,  99% used [0x00007f3a5db50000, 0x00007f3b4aba8f40, 0x00007f3b4aba9000, 0x00007f3b4acdb000)
 Metaspace       used 24288K, capacity 24702K, committed 24832K, reserved 26624K
}
Event: 29928.525 GC heap after
{Heap after GC invocations=33452 (full 3):
 def new generation   total 1748160K, used 2704K [0x00007f3508600000, 0x00007f357eed0000, 0x00007f3a5db50000)
  eden space 1553984K,   0% used [0x00007f3508600000, 0x00007f3508600000, 0x00007f3567390000)
  from space 194176K,   1% used [0x00007f3573130000, 0x00007f35733d43f8, 0x00007f357eed0000)
  to   space 194176K,   0% used [0x00007f3567390000, 0x00007f3567390000, 0x00007f3573130000)
 tenured generation   total 3884588K, used 3883627K [0x00007f3a5db50000, 0x00007f3b4acdb000, 0x00007f4508600000)
   the space 3884588K,  99% used [0x00007f3a5db50000, 0x00007f3b4abeacd8, 0x00007f3b4abeae00, 0x00007f3b4acdb000)
 Metaspace       used 24288K, capacity 24702K, committed 24832K, reserved 26624K
}
Event: 29930.307 GC heap before
{Heap before GC invocations=33452 (full 3):
 def new generation   total 1748160K, used 1556688K [0x00007f3508600000, 0x00007f357eed0000, 0x00007f3a5db50000)
  eden space 1553984K, 100% used [0x00007f3508600000, 0x00007f3567390000, 0x00007f3567390000)
  from space 194176K,   1% used [0x00007f3573130000, 0x00007f35733d43f8, 0x00007f357eed0000)
  to   space 194176K,   0% used [0x00007f3567390000, 0x00007f3567390000, 0x00007f3573130000)
 tenured generation   total 3884588K, used 3883627K [0x00007f3a5db50000, 0x00007f3b4acdb000, 0x00007f4508600000)
   the space 3884588K,  99% used [0x00007f3a5db50000, 0x00007f3b4abeacd8, 0x00007f3b4abeae00, 0x00007f3b4acdb000)
 Metaspace       used 24288K, capacity 24702K, committed 24832K, reserved 26624K
}
Event: 29930.320 GC heap after
{Heap after GC invocations=33453 (full 3):
 def new generation   total 1748160K, used 2545K [0x00007f3508600000, 0x00007f357eed0000, 0x00007f3a5db50000)
  eden space 1553984K,   0% used [0x00007f3508600000, 0x00007f3508600000, 0x00007f3567390000)
  from space 194176K,   1% used [0x00007f3567390000, 0x00007f356760c538, 0x00007f3573130000)
  to   space 194176K,   0% used [0x00007f3573130000, 0x00007f3573130000, 0x00007f357eed0000)
 tenured generation   total 3884588K, used 3883890K [0x00007f3a5db50000, 0x00007f3b4acdb000, 0x00007f4508600000)
   the space 3884588K,  99% used [0x00007f3a5db50000, 0x00007f3b4ac2ca70, 0x00007f3b4ac2cc00, 0x00007f3b4acdb000)
 Metaspace       used 24288K, capacity 24702K, committed 24832K, reserved 26624K
}
Event: 29932.123 GC heap before
{Heap before GC invocations=33453 (full 3):
 def new generation   total 1748160K, used 1556529K [0x00007f3508600000, 0x00007f357eed0000, 0x00007f3a5db50000)
  eden space 1553984K, 100% used [0x00007f3508600000, 0x00007f3567390000, 0x00007f3567390000)
  from space 194176K,   1% used [0x00007f3567390000, 0x00007f356760c538, 0x00007f3573130000)
  to   space 194176K,   0% used [0x00007f3573130000, 0x00007f3573130000, 0x00007f357eed0000)
 tenured generation   total 3884588K, used 3883890K [0x00007f3a5db50000, 0x00007f3b4acdb000, 0x00007f4508600000)
   the space 3884588K,  99% used [0x00007f3a5db50000, 0x00007f3b4ac2ca70, 0x00007f3b4ac2cc00, 0x00007f3b4acdb000)
 Metaspace       used 24288K, capacity 24702K, committed 24832K, reserved 26624K
}
Event: 29932.138 GC heap after
{Heap after GC invocations=33454 (full 3):
 def new generation   total 1748160K, used 2420K [0x00007f3508600000, 0x00007f357eed0000, 0x00007f3a5db50000)
  eden space 1553984K,   0% used [0x00007f3508600000, 0x00007f3508600000, 0x00007f3567390000)
  from space 194176K,   1% used [0x00007f3573130000, 0x00007f357338d130, 0x00007f357eed0000)
  to   space 194176K,   0% used [0x00007f3567390000, 0x00007f3567390000, 0x00007f3573130000)
 tenured generation   total 3884588K, used 3884177K [0x00007f3a5db50000, 0x00007f3b4acdb000, 0x00007f4508600000)
   the space 3884588K,  99% used [0x00007f3a5db50000, 0x00007f3b4ac747d0, 0x00007f3b4ac74800, 0x00007f3b4acdb000)
 Metaspace       used 24288K, capacity 24702K, committed 24832K, reserved 26624K
}
Event: 29933.889 GC heap before
{Heap before GC invocations=33454 (full 3):
 def new generation   total 1748160K, used 1556404K [0x00007f3508600000, 0x00007f357eed0000, 0x00007f3a5db50000)
  eden space 1553984K, 100% used [0x00007f3508600000, 0x00007f3567390000, 0x00007f3567390000)
  from space 194176K,   1% used [0x00007f3573130000, 0x00007f357338d130, 0x00007f357eed0000)
  to   space 194176K,   0% used [0x00007f3567390000, 0x00007f3567390000, 0x00007f3573130000)
 tenured generation   total 3884588K, used 3884177K [0x00007f3a5db50000, 0x00007f3b4acdb000, 0x00007f4508600000)
   the space 3884588K,  99% used [0x00007f3a5db50000, 0x00007f3b4ac747d0, 0x00007f3b4ac74800, 0x00007f3b4acdb000)
 Metaspace       used 24288K, capacity 24702K, committed 24832K, reserved 26624K
}
Event: 29933.903 GC heap after
{Heap after GC invocations=33455 (full 3):
 def new generation   total 1748160K, used 2195K [0x00007f3508600000, 0x00007f357eed0000, 0x00007f3a5db50000)
  eden space 1553984K,   0% used [0x00007f3508600000, 0x00007f3508600000, 0x00007f3567390000)
  from space 194176K,   1% used [0x00007f3567390000, 0x00007f35675b4d60, 0x00007f3573130000)
  to   space 194176K,   0% used [0x00007f3573130000, 0x00007f3573130000, 0x00007f357eed0000)
 tenured generation   total 3884588K, used 3884535K [0x00007f3a5db50000, 0x00007f3b4acdb000, 0x00007f4508600000)
   the space 3884588K,  99% used [0x00007f3a5db50000, 0x00007f3b4accdea8, 0x00007f3b4acce000, 0x00007f3b4acdb000)
 Metaspace       used 24288K, capacity 24702K, committed 24832K, reserved 26624K
}
Event: 29935.681 GC heap before
{Heap before GC invocations=33455 (full 3):
 def new generation   total 1748160K, used 1556179K [0x00007f3508600000, 0x00007f357eed0000, 0x00007f3a5db50000)
  eden space 1553984K, 100% used [0x00007f3508600000, 0x00007f3567390000, 0x00007f3567390000)
  from space 194176K,   1% used [0x00007f3567390000, 0x00007f35675b4d60, 0x00007f3573130000)
  to   space 194176K,   0% used [0x00007f3573130000, 0x00007f3573130000, 0x00007f357eed0000)
 tenured generation   total 3884588K, used 3884535K [0x00007f3a5db50000, 0x00007f3b4acdb000, 0x00007f4508600000)
   the space 3884588K,  99% used [0x00007f3a5db50000, 0x00007f3b4accdea8, 0x00007f3b4acce000, 0x00007f3b4acdb000)
 Metaspace       used 24288K, capacity 24702K, committed 24832K, reserved 26624K
}
Event: 29935.694 GC heap after
{Heap after GC invocations=33456 (full 3):
 def new generation   total 1748160K, used 1951K [0x00007f3508600000, 0x00007f357eed0000, 0x00007f3a5db50000)
  eden space 1553984K,   0% used [0x00007f3508600000, 0x00007f3508600000, 0x00007f3567390000)
  from space 194176K,   1% used [0x00007f3573130000, 0x00007f3573317ea8, 0x00007f357eed0000)
  to   space 194176K,   0% used [0x00007f3567390000, 0x00007f3567390000, 0x00007f3573130000)
 tenured generation   total 3884972K, used 3884909K [0x00007f3a5db50000, 0x00007f3b4ad3b000, 0x00007f4508600000)
   the space 3884972K,  99% used [0x00007f3a5db50000, 0x00007f3b4ad2b6a8, 0x00007f3b4ad2b800, 0x00007f3b4ad3b000)
 Metaspace       used 24288K, capacity 24702K, committed 24832K, reserved 26624K
}
Event: 29935.694 GC heap before
{Heap before GC invocations=33456 (full 3):
 def new generation   total 1748160K, used 1951K [0x00007f3508600000, 0x00007f357eed0000, 0x00007f3a5db50000)
  eden space 1553984K,   0% used [0x00007f3508600000, 0x00007f3508600000, 0x00007f3567390000)
  from space 194176K,   1% used [0x00007f3573130000, 0x00007f3573317ea8, 0x00007f357eed0000)
  to   space 194176K,   0% used [0x00007f3567390000, 0x00007f3567390000, 0x00007f3573130000)
 tenured generation   total 3884972K, used 3884909K [0x00007f3a5db50000, 0x00007f3b4ad3b000, 0x00007f4508600000)
   the space 3884972K,  99% used [0x00007f3a5db50000, 0x00007f3b4ad2b6a8, 0x00007f3b4ad2b800, 0x00007f3b4ad3b000)
 Metaspace       used 24288K, capacity 24702K, committed 24832K, reserved 26624K
}

