# JRE version: OpenJDK Runtime Environment (13.0.7+5) (build 13.0.7+5-Ubuntu-0ubuntu120.04)
# Java VM: OpenJDK 64-Bit Server VM (13.0.7+5-Ubuntu-0ubuntu120.04, mixed mode, tiered, serial gc, linux-amd64)
Heap:
 def new generation   total 1572992K, used 0K [0x00007f07bc600000, 0x00007f08270c0000, 0x00007f0d11b50000)
  eden space 1398272K,   0% used [0x00007f07bc600000, 0x00007f07bc600000, 0x00007f0811b80000)
  from space 174720K,   0% used [0x00007f0811b80000, 0x00007f0811b80000, 0x00007f081c620000)
  to   space 174720K,   0% used [0x00007f081c620000, 0x00007f081c620000, 0x00007f08270c0000)
 tenured generation   total 3495300K, used 1058047K [0x00007f0d11b50000, 0x00007f0de70b1000, 0x00007f17bc600000)
   the space 3495300K,  30% used [0x00007f0d11b50000, 0x00007f0d5248fef0, 0x00007f0d52490000, 0x00007f0de70b1000)
 Metaspace       used 23121K, capacity 23523K, committed 23552K, reserved 24576K
GC Heap History (20 events):
Event: 3.367 GC heap before
{Heap before GC invocations=0 (full 0):
 def new generation   total 629120K, used 100662K [0x00007f07bc600000, 0x00007f07e70a0000, 0x00007f0d11b50000)
  eden space 559232K,  18% used [0x00007f07bc600000, 0x00007f07c284db70, 0x00007f07de820000)
  from space 69888K,   0% used [0x00007f07de820000, 0x00007f07de820000, 0x00007f07e2c60000)
  to   space 69888K,   0% used [0x00007f07e2c60000, 0x00007f07e2c60000, 0x00007f07e70a0000)
 tenured generation   total 1398144K, used 0K [0x00007f0d11b50000, 0x00007f0d670b0000, 0x00007f17bc600000)
   the space 1398144K,   0% used [0x00007f0d11b50000, 0x00007f0d11b50000, 0x00007f0d11b50200, 0x00007f0d670b0000)
 Metaspace       used 20939K, capacity 21223K, committed 21248K, reserved 22528K
}
Event: 3.487 GC heap after
{Heap after GC invocations=1 (full 1):
 def new generation   total 629248K, used 0K [0x00007f07bc600000, 0x00007f07e70c0000, 0x00007f0d11b50000)
  eden space 559360K,   0% used [0x00007f07bc600000, 0x00007f07bc600000, 0x00007f07de840000)
  from space 69888K,   0% used [0x00007f07de840000, 0x00007f07de840000, 0x00007f07e2c80000)
  to   space 69888K,   0% used [0x00007f07e2c80000, 0x00007f07e2c80000, 0x00007f07e70c0000)
 tenured generation   total 1398144K, used 13983K [0x00007f0d11b50000, 0x00007f0d670b0000, 0x00007f17bc600000)
   the space 1398144K,   1% used [0x00007f0d11b50000, 0x00007f0d128f7f10, 0x00007f0d128f8000, 0x00007f0d670b0000)
 Metaspace       used 20939K, capacity 21223K, committed 21248K, reserved 22528K
}
Event: 7.001 GC heap before
{Heap before GC invocations=1 (full 1):
 def new generation   total 629248K, used 559360K [0x00007f07bc600000, 0x00007f07e70c0000, 0x00007f0d11b50000)
  eden space 559360K, 100% used [0x00007f07bc600000, 0x00007f07de840000, 0x00007f07de840000)
  from space 69888K,   0% used [0x00007f07de840000, 0x00007f07de840000, 0x00007f07e2c80000)
  to   space 69888K,   0% used [0x00007f07e2c80000, 0x00007f07e2c80000, 0x00007f07e70c0000)
 tenured generation   total 1398144K, used 13983K [0x00007f0d11b50000, 0x00007f0d670b0000, 0x00007f17bc600000)
   the space 1398144K,   1% used [0x00007f0d11b50000, 0x00007f0d128f7f10, 0x00007f0d128f8000, 0x00007f0d670b0000)
 Metaspace       used 22945K, capacity 23309K, committed 23552K, reserved 24576K
}
Event: 7.047 GC heap after
{Heap after GC invocations=2 (full 1):
 def new generation   total 629248K, used 696K [0x00007f07bc600000, 0x00007f07e70c0000, 0x00007f0d11b50000)
  eden space 559360K,   0% used [0x00007f07bc600000, 0x00007f07bc600000, 0x00007f07de840000)
  from space 69888K,   0% used [0x00007f07e2c80000, 0x00007f07e2d2e110, 0x00007f07e70c0000)
  to   space 69888K,   0% used [0x00007f07de840000, 0x00007f07de840000, 0x00007f07e2c80000)
 tenured generation   total 1398144K, used 13983K [0x00007f0d11b50000, 0x00007f0d670b0000, 0x00007f17bc600000)
   the space 1398144K,   1% used [0x00007f0d11b50000, 0x00007f0d128f7f10, 0x00007f0d128f8000, 0x00007f0d670b0000)
 Metaspace       used 22945K, capacity 23309K, committed 23552K, reserved 24576K
}
Event: 8.000 GC heap before
{Heap before GC invocations=2 (full 1):
 def new generation   total 629248K, used 560056K [0x00007f07bc600000, 0x00007f07e70c0000, 0x00007f0d11b50000)
  eden space 559360K, 100% used [0x00007f07bc600000, 0x00007f07de840000, 0x00007f07de840000)
  from space 69888K,   0% used [0x00007f07e2c80000, 0x00007f07e2d2e110, 0x00007f07e70c0000)
  to   space 69888K,   0% used [0x00007f07de840000, 0x00007f07de840000, 0x00007f07e2c80000)
 tenured generation   total 1398144K, used 13983K [0x00007f0d11b50000, 0x00007f0d670b0000, 0x00007f17bc600000)
   the space 1398144K,   1% used [0x00007f0d11b50000, 0x00007f0d128f7f10, 0x00007f0d128f8000, 0x00007f0d670b0000)
 Metaspace       used 22952K, capacity 23310K, committed 23552K, reserved 24576K
}
Event: 8.003 GC heap after
{Heap after GC invocations=3 (full 1):
 def new generation   total 629248K, used 1090K [0x00007f07bc600000, 0x00007f07e70c0000, 0x00007f0d11b50000)
  eden space 559360K,   0% used [0x00007f07bc600000, 0x00007f07bc600000, 0x00007f07de840000)
  from space 69888K,   1% used [0x00007f07de840000, 0x00007f07de9509f8, 0x00007f07e2c80000)
  to   space 69888K,   0% used [0x00007f07e2c80000, 0x00007f07e2c80000, 0x00007f07e70c0000)
 tenured generation   total 1398144K, used 13983K [0x00007f0d11b50000, 0x00007f0d670b0000, 0x00007f17bc600000)
   the space 1398144K,   1% used [0x00007f0d11b50000, 0x00007f0d128f7f10, 0x00007f0d128f8000, 0x00007f0d670b0000)
 Metaspace       used 22952K, capacity 23310K, committed 23552K, reserved 24576K
}
Event: 8.152 GC heap before
{Heap before GC invocations=3 (full 1):
 def new generation   total 629248K, used 50932K [0x00007f07bc600000, 0x00007f07e70c0000, 0x00007f0d11b50000)
  eden space 559360K,   8% used [0x00007f07bc600000, 0x00007f07bf6ac8c8, 0x00007f07de840000)
  from space 69888K,   1% used [0x00007f07de840000, 0x00007f07de9509f8, 0x00007f07e2c80000)
  to   space 69888K,   0% used [0x00007f07e2c80000, 0x00007f07e2c80000, 0x00007f07e70c0000)
 tenured generation   total 1398144K, used 13983K [0x00007f0d11b50000, 0x00007f0d670b0000, 0x00007f17bc600000)
   the space 1398144K,   1% used [0x00007f0d11b50000, 0x00007f0d128f7f10, 0x00007f0d128f8000, 0x00007f0d670b0000)
 Metaspace       used 23119K, capacity 23523K, committed 23552K, reserved 24576K
}
Event: 8.158 GC heap after
{Heap after GC invocations=4 (full 1):
 def new generation   total 629248K, used 2500K [0x00007f07bc600000, 0x00007f07e70c0000, 0x00007f0d11b50000)
  eden space 559360K,   0% used [0x00007f07bc600000, 0x00007f07bc600000, 0x00007f07de840000)
  from space 69888K,   3% used [0x00007f07e2c80000, 0x00007f07e2ef1260, 0x00007f07e70c0000)
  to   space 69888K,   0% used [0x00007f07de840000, 0x00007f07de840000, 0x00007f07e2c80000)
 tenured generation   total 1398144K, used 13983K [0x00007f0d11b50000, 0x00007f0d670b0000, 0x00007f17bc600000)
   the space 1398144K,   1% used [0x00007f0d11b50000, 0x00007f0d128f7f10, 0x00007f0d128f8000, 0x00007f0d670b0000)
 Metaspace       used 23119K, capacity 23523K, committed 23552K, reserved 24576K
}
Event: 8.158 GC heap before
{Heap before GC invocations=4 (full 1):
 def new generation   total 629248K, used 2500K [0x00007f07bc600000, 0x00007f07e70c0000, 0x00007f0d11b50000)
  eden space 559360K,   0% used [0x00007f07bc600000, 0x00007f07bc600000, 0x00007f07de840000)
  from space 69888K,   3% used [0x00007f07e2c80000, 0x00007f07e2ef1260, 0x00007f07e70c0000)
  to   space 69888K,   0% used [0x00007f07de840000, 0x00007f07de840000, 0x00007f07e2c80000)
 tenured generation   total 1398144K, used 13983K [0x00007f0d11b50000, 0x00007f0d670b0000, 0x00007f17bc600000)
   the space 1398144K,   1% used [0x00007f0d11b50000, 0x00007f0d128f7f10, 0x00007f0d128f8000, 0x00007f0d670b0000)
 Metaspace       used 23119K, capacity 23523K, committed 23552K, reserved 24576K
}
Event: 8.206 GC heap after
{Heap after GC invocations=4 (full 2):
 def new generation   total 629248K, used 0K [0x00007f07bc600000, 0x00007f07e70c0000, 0x00007f0d11b50000)
  eden space 559360K,   0% used [0x00007f07bc600000, 0x00007f07bc600000, 0x00007f07de840000)
  from space 69888K,   0% used [0x00007f07e2c80000, 0x00007f07e2c80000, 0x00007f07e70c0000)
  to   space 69888K,   0% used [0x00007f07de840000, 0x00007f07de840000, 0x00007f07e2c80000)
 tenured generation   total 1398144K, used 16473K [0x00007f0d11b50000, 0x00007f0d670b0000, 0x00007f17bc600000)
   the space 1398144K,   1% used [0x00007f0d11b50000, 0x00007f0d12b666f0, 0x00007f0d12b66800, 0x00007f0d670b0000)
 Metaspace       used 23119K, capacity 23523K, committed 23552K, reserved 24576K
}
Event: 13.228 GC heap before
{Heap before GC invocations=4 (full 2):
 def new generation   total 629248K, used 16648K [0x00007f07bc600000, 0x00007f07e70c0000, 0x00007f0d11b50000)
  eden space 559360K,   2% used [0x00007f07bc600000, 0x00007f07bd6420c8, 0x00007f07de840000)
  from space 69888K,   0% used [0x00007f07e2c80000, 0x00007f07e2c80000, 0x00007f07e70c0000)
  to   space 69888K,   0% used [0x00007f07de840000, 0x00007f07de840000, 0x00007f07e2c80000)
 tenured generation   total 3495300K, used 3162201K [0x00007f0d11b50000, 0x00007f0de70b1000, 0x00007f17bc600000)
   the space 3495300K,  90% used [0x00007f0d11b50000, 0x00007f0dd2b66720, 0x00007f0dd2b66800, 0x00007f0de70b1000)
 Metaspace       used 23121K, capacity 23523K, committed 23552K, reserved 24576K
}
Event: 13.232 GC heap after
{Heap after GC invocations=5 (full 2):
 def new generation   total 629248K, used 1K [0x00007f07bc600000, 0x00007f07e70c0000, 0x00007f0d11b50000)
  eden space 559360K,   0% used [0x00007f07bc600000, 0x00007f07bc600000, 0x00007f07de840000)
  from space 69888K,   0% used [0x00007f07de840000, 0x00007f07de840610, 0x00007f07e2c80000)
  to   space 69888K,   0% used [0x00007f07e2c80000, 0x00007f07e2c80000, 0x00007f07e70c0000)
 tenured generation   total 3495300K, used 3162201K [0x00007f0d11b50000, 0x00007f0de70b1000, 0x00007f17bc600000)
   the space 3495300K,  90% used [0x00007f0d11b50000, 0x00007f0dd2b66720, 0x00007f0dd2b66800, 0x00007f0de70b1000)
 Metaspace       used 23121K, capacity 23523K, committed 23552K, reserved 24576K
}
Event: 13.232 GC heap before
{Heap before GC invocations=5 (full 2):
 def new generation   total 629248K, used 1K [0x00007f07bc600000, 0x00007f07e70c0000, 0x00007f0d11b50000)
  eden space 559360K,   0% used [0x00007f07bc600000, 0x00007f07bc600000, 0x00007f07de840000)
  from space 69888K,   0% used [0x00007f07de840000, 0x00007f07de840610, 0x00007f07e2c80000)
  to   space 69888K,   0% used [0x00007f07e2c80000, 0x00007f07e2c80000, 0x00007f07e70c0000)
 tenured generation   total 3495300K, used 3162201K [0x00007f0d11b50000, 0x00007f0de70b1000, 0x00007f17bc600000)
   the space 3495300K,  90% used [0x00007f0d11b50000, 0x00007f0dd2b66720, 0x00007f0dd2b66800, 0x00007f0de70b1000)
 Metaspace       used 23121K, capacity 23523K, committed 23552K, reserved 24576K
}
Event: 13.897 GC heap after
{Heap after GC invocations=5 (full 3):
 def new generation   total 1572992K, used 0K [0x00007f07bc600000, 0x00007f08270c0000, 0x00007f0d11b50000)
  eden space 1398272K,   0% used [0x00007f07bc600000, 0x00007f07bc600000, 0x00007f0811b80000)
  from space 174720K,   0% used [0x00007f0811b80000, 0x00007f0811b80000, 0x00007f081c620000)
  to   space 174720K,   0% used [0x00007f081c620000, 0x00007f081c620000, 0x00007f08270c0000)
 tenured generation   total 3495300K, used 1065051K [0x00007f0d11b50000, 0x00007f0de70b1000, 0x00007f17bc600000)
   the space 3495300K,  30% used [0x00007f0d11b50000, 0x00007f0d52b66d18, 0x00007f0d52b66e00, 0x00007f0de70b1000)
 Metaspace       used 23121K, capacity 23523K, committed 23552K, reserved 24576K
}
Event: 15.662 GC heap before
{Heap before GC invocations=5 (full 3):
 def new generation   total 1572992K, used 1076209K [0x00007f07bc600000, 0x00007f08270c0000, 0x00007f0d11b50000)
  eden space 1398272K,  76% used [0x00007f07bc600000, 0x00007f07fe0fc638, 0x00007f0811b80000)
  from space 174720K,   0% used [0x00007f0811b80000, 0x00007f0811b80000, 0x00007f081c620000)
  to   space 174720K,   0% used [0x00007f081c620000, 0x00007f081c620000, 0x00007f08270c0000)
 tenured generation   total 3495300K, used 1065051K [0x00007f0d11b50000, 0x00007f0de70b1000, 0x00007f17bc600000)
   the space 3495300K,  30% used [0x00007f0d11b50000, 0x00007f0d52b66d18, 0x00007f0d52b66e00, 0x00007f0de70b1000)
 Metaspace       used 23121K, capacity 23523K, committed 23552K, reserved 24576K
}
Event: 16.190 GC heap after
{Heap after GC invocations=6 (full 3):
 def new generation   total 1572992K, used 0K [0x00007f07bc600000, 0x00007f08270c0000, 0x00007f0d11b50000)
  eden space 1398272K,   0% used [0x00007f07bc600000, 0x00007f07bc600000, 0x00007f0811b80000)
  from space 174720K,   0% used [0x00007f081c620000, 0x00007f081c620148, 0x00007f08270c0000)
  to   space 174720K,   0% used [0x00007f0811b80000, 0x00007f0811b80000, 0x00007f081c620000)
 tenured generation   total 3495300K, used 2113627K [0x00007f0d11b50000, 0x00007f0de70b1000, 0x00007f17bc600000)
   the space 3495300K,  60% used [0x00007f0d11b50000, 0x00007f0d92b66d30, 0x00007f0d92b66e00, 0x00007f0de70b1000)
 Metaspace       used 23121K, capacity 23523K, committed 23552K, reserved 24576K
}
Event: 17.144 GC heap before
{Heap before GC invocations=6 (full 3):
 def new generation   total 1572992K, used 1076074K [0x00007f07bc600000, 0x00007f08270c0000, 0x00007f0d11b50000)
  eden space 1398272K,  76% used [0x00007f07bc600000, 0x00007f07fe0da9e8, 0x00007f0811b80000)
  from space 174720K,   0% used [0x00007f081c620000, 0x00007f081c620148, 0x00007f08270c0000)
  to   space 174720K,   0% used [0x00007f0811b80000, 0x00007f0811b80000, 0x00007f081c620000)
 tenured generation   total 3495300K, used 2113627K [0x00007f0d11b50000, 0x00007f0de70b1000, 0x00007f17bc600000)
   the space 3495300K,  60% used [0x00007f0d11b50000, 0x00007f0d92b66d30, 0x00007f0d92b66e00, 0x00007f0de70b1000)
 Metaspace       used 23121K, capacity 23523K, committed 23552K, reserved 24576K
}
Event: 17.677 GC heap after
{Heap after GC invocations=7 (full 3):
 def new generation   total 1572992K, used 0K [0x00007f07bc600000, 0x00007f08270c0000, 0x00007f0d11b50000)
  eden space 1398272K,   0% used [0x00007f07bc600000, 0x00007f07bc600000, 0x00007f0811b80000)
  from space 174720K,   0% used [0x00007f0811b80000, 0x00007f0811b803e0, 0x00007f081c620000)
  to   space 174720K,   0% used [0x00007f081c620000, 0x00007f081c620000, 0x00007f08270c0000)
 tenured generation   total 3495300K, used 3162203K [0x00007f0d11b50000, 0x00007f0de70b1000, 0x00007f17bc600000)
   the space 3495300K,  90% used [0x00007f0d11b50000, 0x00007f0dd2b66d60, 0x00007f0dd2b66e00, 0x00007f0de70b1000)
 Metaspace       used 23121K, capacity 23523K, committed 23552K, reserved 24576K
}
Event: 17.677 GC heap before
{Heap before GC invocations=7 (full 3):
 def new generation   total 1572992K, used 0K [0x00007f07bc600000, 0x00007f08270c0000, 0x00007f0d11b50000)
  eden space 1398272K,   0% used [0x00007f07bc600000, 0x00007f07bc600000, 0x00007f0811b80000)
  from space 174720K,   0% used [0x00007f0811b80000, 0x00007f0811b803e0, 0x00007f081c620000)
  to   space 174720K,   0% used [0x00007f081c620000, 0x00007f081c620000, 0x00007f08270c0000)
 tenured generation   total 3495300K, used 3162203K [0x00007f0d11b50000, 0x00007f0de70b1000, 0x00007f17bc600000)
   the space 3495300K,  90% used [0x00007f0d11b50000, 0x00007f0dd2b66d60, 0x00007f0dd2b66e00, 0x00007f0de70b1000)
 Metaspace       used 23121K, capacity 23523K, committed 23552K, reserved 24576K
}
Event: 18.098 GC heap after
{Heap after GC invocations=7 (full 4):
 def new generation   total 1572992K, used 0K [0x00007f07bc600000, 0x00007f08270c0000, 0x00007f0d11b50000)
  eden space 1398272K,   0% used [0x00007f07bc600000, 0x00007f07bc600000, 0x00007f0811b80000)
  from space 174720K,   0% used [0x00007f0811b80000, 0x00007f0811b80000, 0x00007f081c620000)
  to   space 174720K,   0% used [0x00007f081c620000, 0x00007f081c620000, 0x00007f08270c0000)
 tenured generation   total 3495300K, used 1058047K [0x00007f0d11b50000, 0x00007f0de70b1000, 0x00007f17bc600000)
   the space 3495300K,  30% used [0x00007f0d11b50000, 0x00007f0d5248fef0, 0x00007f0d52490000, 0x00007f0de70b1000)
 Metaspace       used 23121K, capacity 23523K, committed 23552K, reserved 24576K
}

