# JRE version: OpenJDK Runtime Environment (13.0.7+5) (build 13.0.7+5-Ubuntu-0ubuntu120.04)
# Java VM: OpenJDK 64-Bit Server VM (13.0.7+5-Ubuntu-0ubuntu120.04, mixed mode, tiered, serial gc, linux-amd64)
Heap:
 def new generation   total 629248K, used 0K [0x00007f728c600000, 0x00007f72b70c0000, 0x00007f77e1b50000)
  eden space 559360K,   0% used [0x00007f728c600000, 0x00007f728c600000, 0x00007f72ae840000)
  from space 69888K,   0% used [0x00007f72b2c80000, 0x00007f72b2c80000, 0x00007f72b70c0000)
  to   space 69888K,   0% used [0x00007f72ae840000, 0x00007f72ae840000, 0x00007f72b2c80000)
 tenured generation   total 1398144K, used 19448K [0x00007f77e1b50000, 0x00007f78370b0000, 0x00007f828c600000)
   the space 1398144K,   1% used [0x00007f77e1b50000, 0x00007f77e2e4e2e0, 0x00007f77e2e4e400, 0x00007f78370b0000)
 Metaspace       used 23102K, capacity 23452K, committed 23552K, reserved 24576K
GC Heap History (10 events):
Event: 16.563 GC heap before
{Heap before GC invocations=0 (full 0):
 def new generation   total 629120K, used 123051K [0x00007f728c600000, 0x00007f72b70a0000, 0x00007f77e1b50000)
  eden space 559232K,  22% used [0x00007f728c600000, 0x00007f7293e2add8, 0x00007f72ae820000)
  from space 69888K,   0% used [0x00007f72ae820000, 0x00007f72ae820000, 0x00007f72b2c60000)
  to   space 69888K,   0% used [0x00007f72b2c60000, 0x00007f72b2c60000, 0x00007f72b70a0000)
 tenured generation   total 1398144K, used 0K [0x00007f77e1b50000, 0x00007f78370b0000, 0x00007f828c600000)
   the space 1398144K,   0% used [0x00007f77e1b50000, 0x00007f77e1b50000, 0x00007f77e1b50200, 0x00007f78370b0000)
 Metaspace       used 20943K, capacity 21223K, committed 21248K, reserved 22528K
}
Event: 16.986 GC heap after
{Heap after GC invocations=1 (full 1):
 def new generation   total 629248K, used 0K [0x00007f728c600000, 0x00007f72b70c0000, 0x00007f77e1b50000)
  eden space 559360K,   0% used [0x00007f728c600000, 0x00007f728c600000, 0x00007f72ae840000)
  from space 69888K,   0% used [0x00007f72ae840000, 0x00007f72ae840000, 0x00007f72b2c80000)
  to   space 69888K,   0% used [0x00007f72b2c80000, 0x00007f72b2c80000, 0x00007f72b70c0000)
 tenured generation   total 1398144K, used 14002K [0x00007f77e1b50000, 0x00007f78370b0000, 0x00007f828c600000)
   the space 1398144K,   1% used [0x00007f77e1b50000, 0x00007f77e28fcbf8, 0x00007f77e28fcc00, 0x00007f78370b0000)
 Metaspace       used 20943K, capacity 21223K, committed 21248K, reserved 22528K
}
Event: 19.016 GC heap before
{Heap before GC invocations=1 (full 1):
 def new generation   total 629248K, used 559360K [0x00007f728c600000, 0x00007f72b70c0000, 0x00007f77e1b50000)
  eden space 559360K, 100% used [0x00007f728c600000, 0x00007f72ae840000, 0x00007f72ae840000)
  from space 69888K,   0% used [0x00007f72ae840000, 0x00007f72ae840000, 0x00007f72b2c80000)
  to   space 69888K,   0% used [0x00007f72b2c80000, 0x00007f72b2c80000, 0x00007f72b70c0000)
 tenured generation   total 1398144K, used 14002K [0x00007f77e1b50000, 0x00007f78370b0000, 0x00007f828c600000)
   the space 1398144K,   1% used [0x00007f77e1b50000, 0x00007f77e28fcbf8, 0x00007f77e28fcc00, 0x00007f78370b0000)
 Metaspace       used 22920K, capacity 23290K, committed 23552K, reserved 24576K
}
Event: 19.025 GC heap after
{Heap after GC invocations=2 (full 1):
 def new generation   total 629248K, used 686K [0x00007f728c600000, 0x00007f72b70c0000, 0x00007f77e1b50000)
  eden space 559360K,   0% used [0x00007f728c600000, 0x00007f728c600000, 0x00007f72ae840000)
  from space 69888K,   0% used [0x00007f72b2c80000, 0x00007f72b2d2b8b0, 0x00007f72b70c0000)
  to   space 69888K,   0% used [0x00007f72ae840000, 0x00007f72ae840000, 0x00007f72b2c80000)
 tenured generation   total 1398144K, used 14002K [0x00007f77e1b50000, 0x00007f78370b0000, 0x00007f828c600000)
   the space 1398144K,   1% used [0x00007f77e1b50000, 0x00007f77e28fcbf8, 0x00007f77e28fcc00, 0x00007f78370b0000)
 Metaspace       used 22920K, capacity 23290K, committed 23552K, reserved 24576K
}
Event: 20.471 GC heap before
{Heap before GC invocations=2 (full 1):
 def new generation   total 629248K, used 560046K [0x00007f728c600000, 0x00007f72b70c0000, 0x00007f77e1b50000)
  eden space 559360K, 100% used [0x00007f728c600000, 0x00007f72ae840000, 0x00007f72ae840000)
  from space 69888K,   0% used [0x00007f72b2c80000, 0x00007f72b2d2b8b0, 0x00007f72b70c0000)
  to   space 69888K,   0% used [0x00007f72ae840000, 0x00007f72ae840000, 0x00007f72b2c80000)
 tenured generation   total 1398144K, used 14002K [0x00007f77e1b50000, 0x00007f78370b0000, 0x00007f828c600000)
   the space 1398144K,   1% used [0x00007f77e1b50000, 0x00007f77e28fcbf8, 0x00007f77e28fcc00, 0x00007f78370b0000)
 Metaspace       used 22927K, capacity 23291K, committed 23552K, reserved 24576K
}
Event: 20.474 GC heap after
{Heap after GC invocations=3 (full 1):
 def new generation   total 629248K, used 986K [0x00007f728c600000, 0x00007f72b70c0000, 0x00007f77e1b50000)
  eden space 559360K,   0% used [0x00007f728c600000, 0x00007f728c600000, 0x00007f72ae840000)
  from space 69888K,   1% used [0x00007f72ae840000, 0x00007f72ae936990, 0x00007f72b2c80000)
  to   space 69888K,   0% used [0x00007f72b2c80000, 0x00007f72b2c80000, 0x00007f72b70c0000)
 tenured generation   total 1398144K, used 14002K [0x00007f77e1b50000, 0x00007f78370b0000, 0x00007f828c600000)
   the space 1398144K,   1% used [0x00007f77e1b50000, 0x00007f77e28fcbf8, 0x00007f77e28fcc00, 0x00007f78370b0000)
 Metaspace       used 22927K, capacity 23291K, committed 23552K, reserved 24576K
}
Event: 23.680 GC heap before
{Heap before GC invocations=3 (full 1):
 def new generation   total 629248K, used 85306K [0x00007f728c600000, 0x00007f72b70c0000, 0x00007f77e1b50000)
  eden space 559360K,  15% used [0x00007f728c600000, 0x00007f7291858018, 0x00007f72ae840000)
  from space 69888K,   1% used [0x00007f72ae840000, 0x00007f72ae936990, 0x00007f72b2c80000)
  to   space 69888K,   0% used [0x00007f72b2c80000, 0x00007f72b2c80000, 0x00007f72b70c0000)
 tenured generation   total 1398144K, used 14002K [0x00007f77e1b50000, 0x00007f78370b0000, 0x00007f828c600000)
   the space 1398144K,   1% used [0x00007f77e1b50000, 0x00007f77e28fcbf8, 0x00007f77e28fcc00, 0x00007f78370b0000)
 Metaspace       used 23102K, capacity 23452K, committed 23552K, reserved 24576K
}
Event: 24.133 GC heap after
{Heap after GC invocations=4 (full 1):
 def new generation   total 629248K, used 5452K [0x00007f728c600000, 0x00007f72b70c0000, 0x00007f77e1b50000)
  eden space 559360K,   0% used [0x00007f728c600000, 0x00007f728c600000, 0x00007f72ae840000)
  from space 69888K,   7% used [0x00007f72b2c80000, 0x00007f72b31d3160, 0x00007f72b70c0000)
  to   space 69888K,   0% used [0x00007f72ae840000, 0x00007f72ae840000, 0x00007f72b2c80000)
 tenured generation   total 1398144K, used 14002K [0x00007f77e1b50000, 0x00007f78370b0000, 0x00007f828c600000)
   the space 1398144K,   1% used [0x00007f77e1b50000, 0x00007f77e28fcbf8, 0x00007f77e28fcc00, 0x00007f78370b0000)
 Metaspace       used 23102K, capacity 23452K, committed 23552K, reserved 24576K
}
Event: 24.135 GC heap before
{Heap before GC invocations=4 (full 1):
 def new generation   total 629248K, used 5452K [0x00007f728c600000, 0x00007f72b70c0000, 0x00007f77e1b50000)
  eden space 559360K,   0% used [0x00007f728c600000, 0x00007f728c600000, 0x00007f72ae840000)
  from space 69888K,   7% used [0x00007f72b2c80000, 0x00007f72b31d3160, 0x00007f72b70c0000)
  to   space 69888K,   0% used [0x00007f72ae840000, 0x00007f72ae840000, 0x00007f72b2c80000)
 tenured generation   total 1398144K, used 14002K [0x00007f77e1b50000, 0x00007f78370b0000, 0x00007f828c600000)
   the space 1398144K,   1% used [0x00007f77e1b50000, 0x00007f77e28fcbf8, 0x00007f77e28fcc00, 0x00007f78370b0000)
 Metaspace       used 23102K, capacity 23452K, committed 23552K, reserved 24576K
}
Event: 24.558 GC heap after
{Heap after GC invocations=4 (full 2):
 def new generation   total 629248K, used 0K [0x00007f728c600000, 0x00007f72b70c0000, 0x00007f77e1b50000)
  eden space 559360K,   0% used [0x00007f728c600000, 0x00007f728c600000, 0x00007f72ae840000)
  from space 69888K,   0% used [0x00007f72b2c80000, 0x00007f72b2c80000, 0x00007f72b70c0000)
  to   space 69888K,   0% used [0x00007f72ae840000, 0x00007f72ae840000, 0x00007f72b2c80000)
 tenured generation   total 1398144K, used 19448K [0x00007f77e1b50000, 0x00007f78370b0000, 0x00007f828c600000)
   the space 1398144K,   1% used [0x00007f77e1b50000, 0x00007f77e2e4e2e0, 0x00007f77e2e4e400, 0x00007f78370b0000)
 Metaspace       used 23102K, capacity 23452K, committed 23552K, reserved 24576K
}

