# JRE version: OpenJDK Runtime Environment (13.0.7+5) (build 13.0.7+5-Ubuntu-0ubuntu120.04)
# Java VM: OpenJDK 64-Bit Server VM (13.0.7+5-Ubuntu-0ubuntu120.04, mixed mode, tiered, serial gc, linux-amd64)
Heap:
 def new generation   total 4830208K, used 5182K [0x00007fa49c600000, 0x00007fa5e3f10000, 0x00007fa9f1b50000)
  eden space 4293568K,   0% used [0x00007fa49c600000, 0x00007fa49cb0fa80, 0x00007fa5a26f0000)
  from space 536640K,   0% used [0x00007fa5a26f0000, 0x00007fa5a26f0000, 0x00007fa5c3300000)
  to   space 536640K,   0% used [0x00007fa5c3300000, 0x00007fa5c3300000, 0x00007fa5e3f10000)
 tenured generation   total 10733984K, used 10733983K [0x00007fa9f1b50000, 0x00007fac80db8000, 0x00007fb49c600000)
   the space 10733984K,  99% used [0x00007fa9f1b50000, 0x00007fac80db7d70, 0x00007fac80db7e00, 0x00007fac80db8000)
 Metaspace       used 24309K, capacity 24689K, committed 25088K, reserved 26624K
GC Heap History (20 events):
Event: 127514.193 GC heap after
{Heap after GC invocations=83568 (full 5):
 def new generation   total 4830208K, used 5391K [0x00007fa49c600000, 0x00007fa5e3f10000, 0x00007fa9f1b50000)
  eden space 4293568K,   0% used [0x00007fa49c600000, 0x00007fa49c600000, 0x00007fa5a26f0000)
  from space 536640K,   1% used [0x00007fa5c3300000, 0x00007fa5c3843d10, 0x00007fa5e3f10000)
  to   space 536640K,   0% used [0x00007fa5a26f0000, 0x00007fa5a26f0000, 0x00007fa5c3300000)
 tenured generation   total 10733600K, used 10730788K [0x00007fa9f1b50000, 0x00007fac80d58000, 0x00007fb49c600000)
   the space 10733600K,  99% used [0x00007fa9f1b50000, 0x00007fac80a990b0, 0x00007fac80a99200, 0x00007fac80d58000)
 Metaspace       used 24309K, capacity 24689K, committed 25088K, reserved 26624K
}
Event: 127517.834 GC heap before
{Heap before GC invocations=83568 (full 5):
 def new generation   total 4830208K, used 4298959K [0x00007fa49c600000, 0x00007fa5e3f10000, 0x00007fa9f1b50000)
  eden space 4293568K, 100% used [0x00007fa49c600000, 0x00007fa5a26f0000, 0x00007fa5a26f0000)
  from space 536640K,   1% used [0x00007fa5c3300000, 0x00007fa5c3843d10, 0x00007fa5e3f10000)
  to   space 536640K,   0% used [0x00007fa5a26f0000, 0x00007fa5a26f0000, 0x00007fa5c3300000)
 tenured generation   total 10733600K, used 10730788K [0x00007fa9f1b50000, 0x00007fac80d58000, 0x00007fb49c600000)
   the space 10733600K,  99% used [0x00007fa9f1b50000, 0x00007fac80a990b0, 0x00007fac80a99200, 0x00007fac80d58000)
 Metaspace       used 24309K, capacity 24689K, committed 25088K, reserved 26624K
}
Event: 127517.853 GC heap after
{Heap after GC invocations=83569 (full 5):
 def new generation   total 4830208K, used 5272K [0x00007fa49c600000, 0x00007fa5e3f10000, 0x00007fa9f1b50000)
  eden space 4293568K,   0% used [0x00007fa49c600000, 0x00007fa49c600000, 0x00007fa5a26f0000)
  from space 536640K,   0% used [0x00007fa5a26f0000, 0x00007fa5a2c16280, 0x00007fa5c3300000)
  to   space 536640K,   0% used [0x00007fa5c3300000, 0x00007fa5c3300000, 0x00007fa5e3f10000)
 tenured generation   total 10733600K, used 10731193K [0x00007fa9f1b50000, 0x00007fac80d58000, 0x00007fb49c600000)
   the space 10733600K,  99% used [0x00007fa9f1b50000, 0x00007fac80afe558, 0x00007fac80afe600, 0x00007fac80d58000)
 Metaspace       used 24309K, capacity 24689K, committed 25088K, reserved 26624K
}
Event: 127521.429 GC heap before
{Heap before GC invocations=83569 (full 5):
 def new generation   total 4830208K, used 4298840K [0x00007fa49c600000, 0x00007fa5e3f10000, 0x00007fa9f1b50000)
  eden space 4293568K, 100% used [0x00007fa49c600000, 0x00007fa5a26f0000, 0x00007fa5a26f0000)
  from space 536640K,   0% used [0x00007fa5a26f0000, 0x00007fa5a2c16280, 0x00007fa5c3300000)
  to   space 536640K,   0% used [0x00007fa5c3300000, 0x00007fa5c3300000, 0x00007fa5e3f10000)
 tenured generation   total 10733600K, used 10731193K [0x00007fa9f1b50000, 0x00007fac80d58000, 0x00007fb49c600000)
   the space 10733600K,  99% used [0x00007fa9f1b50000, 0x00007fac80afe558, 0x00007fac80afe600, 0x00007fac80d58000)
 Metaspace       used 24309K, capacity 24689K, committed 25088K, reserved 26624K
}
Event: 127521.453 GC heap after
{Heap after GC invocations=83570 (full 5):
 def new generation   total 4830208K, used 5383K [0x00007fa49c600000, 0x00007fa5e3f10000, 0x00007fa9f1b50000)
  eden space 4293568K,   0% used [0x00007fa49c600000, 0x00007fa49c600000, 0x00007fa5a26f0000)
  from space 536640K,   1% used [0x00007fa5c3300000, 0x00007fa5c3841e58, 0x00007fa5e3f10000)
  to   space 536640K,   0% used [0x00007fa5a26f0000, 0x00007fa5a26f0000, 0x00007fa5c3300000)
 tenured generation   total 10733600K, used 10731463K [0x00007fa9f1b50000, 0x00007fac80d58000, 0x00007fb49c600000)
   the space 10733600K,  99% used [0x00007fa9f1b50000, 0x00007fac80b41dc8, 0x00007fac80b41e00, 0x00007fac80d58000)
 Metaspace       used 24309K, capacity 24689K, committed 25088K, reserved 26624K
}
Event: 127525.089 GC heap before
{Heap before GC invocations=83570 (full 5):
 def new generation   total 4830208K, used 4298951K [0x00007fa49c600000, 0x00007fa5e3f10000, 0x00007fa9f1b50000)
  eden space 4293568K, 100% used [0x00007fa49c600000, 0x00007fa5a26f0000, 0x00007fa5a26f0000)
  from space 536640K,   1% used [0x00007fa5c3300000, 0x00007fa5c3841e58, 0x00007fa5e3f10000)
  to   space 536640K,   0% used [0x00007fa5a26f0000, 0x00007fa5a26f0000, 0x00007fa5c3300000)
 tenured generation   total 10733600K, used 10731463K [0x00007fa9f1b50000, 0x00007fac80d58000, 0x00007fb49c600000)
   the space 10733600K,  99% used [0x00007fa9f1b50000, 0x00007fac80b41dc8, 0x00007fac80b41e00, 0x00007fac80d58000)
 Metaspace       used 24309K, capacity 24689K, committed 25088K, reserved 26624K
}
Event: 127525.105 GC heap after
{Heap after GC invocations=83571 (full 5):
 def new generation   total 4830208K, used 5258K [0x00007fa49c600000, 0x00007fa5e3f10000, 0x00007fa9f1b50000)
  eden space 4293568K,   0% used [0x00007fa49c600000, 0x00007fa49c600000, 0x00007fa5a26f0000)
  from space 536640K,   0% used [0x00007fa5a26f0000, 0x00007fa5a2c12998, 0x00007fa5c3300000)
  to   space 536640K,   0% used [0x00007fa5c3300000, 0x00007fa5c3300000, 0x00007fa5e3f10000)
 tenured generation   total 10733600K, used 10731868K [0x00007fa9f1b50000, 0x00007fac80d58000, 0x00007fb49c600000)
   the space 10733600K,  99% used [0x00007fa9f1b50000, 0x00007fac80ba7270, 0x00007fac80ba7400, 0x00007fac80d58000)
 Metaspace       used 24309K, capacity 24689K, committed 25088K, reserved 26624K
}
Event: 127528.714 GC heap before
{Heap before GC invocations=83571 (full 5):
 def new generation   total 4830208K, used 4298826K [0x00007fa49c600000, 0x00007fa5e3f10000, 0x00007fa9f1b50000)
  eden space 4293568K, 100% used [0x00007fa49c600000, 0x00007fa5a26f0000, 0x00007fa5a26f0000)
  from space 536640K,   0% used [0x00007fa5a26f0000, 0x00007fa5a2c12998, 0x00007fa5c3300000)
  to   space 536640K,   0% used [0x00007fa5c3300000, 0x00007fa5c3300000, 0x00007fa5e3f10000)
 tenured generation   total 10733600K, used 10731868K [0x00007fa9f1b50000, 0x00007fac80d58000, 0x00007fb49c600000)
   the space 10733600K,  99% used [0x00007fa9f1b50000, 0x00007fac80ba7270, 0x00007fac80ba7400, 0x00007fac80d58000)
 Metaspace       used 24309K, capacity 24689K, committed 25088K, reserved 26624K
}
Event: 127528.733 GC heap after
{Heap after GC invocations=83572 (full 5):
 def new generation   total 4830208K, used 5389K [0x00007fa49c600000, 0x00007fa5e3f10000, 0x00007fa9f1b50000)
  eden space 4293568K,   0% used [0x00007fa49c600000, 0x00007fa49c600000, 0x00007fa5a26f0000)
  from space 536640K,   1% used [0x00007fa5c3300000, 0x00007fa5c38435e8, 0x00007fa5e3f10000)
  to   space 536640K,   0% used [0x00007fa5a26f0000, 0x00007fa5a26f0000, 0x00007fa5c3300000)
 tenured generation   total 10733600K, used 10732138K [0x00007fa9f1b50000, 0x00007fac80d58000, 0x00007fb49c600000)
   the space 10733600K,  99% used [0x00007fa9f1b50000, 0x00007fac80beaae0, 0x00007fac80beac00, 0x00007fac80d58000)
 Metaspace       used 24309K, capacity 24689K, committed 25088K, reserved 26624K
}
Event: 127532.369 GC heap before
{Heap before GC invocations=83572 (full 5):
 def new generation   total 4830208K, used 4298957K [0x00007fa49c600000, 0x00007fa5e3f10000, 0x00007fa9f1b50000)
  eden space 4293568K, 100% used [0x00007fa49c600000, 0x00007fa5a26f0000, 0x00007fa5a26f0000)
  from space 536640K,   1% used [0x00007fa5c3300000, 0x00007fa5c38435e8, 0x00007fa5e3f10000)
  to   space 536640K,   0% used [0x00007fa5a26f0000, 0x00007fa5a26f0000, 0x00007fa5c3300000)
 tenured generation   total 10733600K, used 10732138K [0x00007fa9f1b50000, 0x00007fac80d58000, 0x00007fb49c600000)
   the space 10733600K,  99% used [0x00007fa9f1b50000, 0x00007fac80beaae0, 0x00007fac80beac00, 0x00007fac80d58000)
 Metaspace       used 24309K, capacity 24689K, committed 25088K, reserved 26624K
}
Event: 127532.391 GC heap after
{Heap after GC invocations=83573 (full 5):
 def new generation   total 4830208K, used 5270K [0x00007fa49c600000, 0x00007fa5e3f10000, 0x00007fa9f1b50000)
  eden space 4293568K,   0% used [0x00007fa49c600000, 0x00007fa49c600000, 0x00007fa5a26f0000)
  from space 536640K,   0% used [0x00007fa5a26f0000, 0x00007fa5a2c159f8, 0x00007fa5c3300000)
  to   space 536640K,   0% used [0x00007fa5c3300000, 0x00007fa5c3300000, 0x00007fa5e3f10000)
 tenured generation   total 10733600K, used 10732543K [0x00007fa9f1b50000, 0x00007fac80d58000, 0x00007fb49c600000)
   the space 10733600K,  99% used [0x00007fa9f1b50000, 0x00007fac80c4ff88, 0x00007fac80c50000, 0x00007fac80d58000)
 Metaspace       used 24309K, capacity 24689K, committed 25088K, reserved 26624K
}
Event: 127536.398 GC heap before
{Heap before GC invocations=83573 (full 5):
 def new generation   total 4830208K, used 4298838K [0x00007fa49c600000, 0x00007fa5e3f10000, 0x00007fa9f1b50000)
  eden space 4293568K, 100% used [0x00007fa49c600000, 0x00007fa5a26f0000, 0x00007fa5a26f0000)
  from space 536640K,   0% used [0x00007fa5a26f0000, 0x00007fa5a2c159f8, 0x00007fa5c3300000)
  to   space 536640K,   0% used [0x00007fa5c3300000, 0x00007fa5c3300000, 0x00007fa5e3f10000)
 tenured generation   total 10733600K, used 10732543K [0x00007fa9f1b50000, 0x00007fac80d58000, 0x00007fb49c600000)
   the space 10733600K,  99% used [0x00007fa9f1b50000, 0x00007fac80c4ff88, 0x00007fac80c50000, 0x00007fac80d58000)
 Metaspace       used 24309K, capacity 24689K, committed 25088K, reserved 26624K
}
Event: 127536.418 GC heap after
{Heap after GC invocations=83574 (full 5):
 def new generation   total 4830208K, used 5378K [0x00007fa49c600000, 0x00007fa5e3f10000, 0x00007fa9f1b50000)
  eden space 4293568K,   0% used [0x00007fa49c600000, 0x00007fa49c600000, 0x00007fa5a26f0000)
  from space 536640K,   1% used [0x00007fa5c3300000, 0x00007fa5c38408c0, 0x00007fa5e3f10000)
  to   space 536640K,   0% used [0x00007fa5a26f0000, 0x00007fa5a26f0000, 0x00007fa5c3300000)
 tenured generation   total 10733600K, used 10732813K [0x00007fa9f1b50000, 0x00007fac80d58000, 0x00007fb49c600000)
   the space 10733600K,  99% used [0x00007fa9f1b50000, 0x00007fac80c937f8, 0x00007fac80c93800, 0x00007fac80d58000)
 Metaspace       used 24309K, capacity 24689K, committed 25088K, reserved 26624K
}
Event: 127540.208 GC heap before
{Heap before GC invocations=83574 (full 5):
 def new generation   total 4830208K, used 4298946K [0x00007fa49c600000, 0x00007fa5e3f10000, 0x00007fa9f1b50000)
  eden space 4293568K, 100% used [0x00007fa49c600000, 0x00007fa5a26f0000, 0x00007fa5a26f0000)
  from space 536640K,   1% used [0x00007fa5c3300000, 0x00007fa5c38408c0, 0x00007fa5e3f10000)
  to   space 536640K,   0% used [0x00007fa5a26f0000, 0x00007fa5a26f0000, 0x00007fa5c3300000)
 tenured generation   total 10733600K, used 10732813K [0x00007fa9f1b50000, 0x00007fac80d58000, 0x00007fb49c600000)
   the space 10733600K,  99% used [0x00007fa9f1b50000, 0x00007fac80c937f8, 0x00007fac80c93800, 0x00007fac80d58000)
 Metaspace       used 24309K, capacity 24689K, committed 25088K, reserved 26624K
}
Event: 127540.230 GC heap after
{Heap after GC invocations=83575 (full 5):
 def new generation   total 4830208K, used 5261K [0x00007fa49c600000, 0x00007fa5e3f10000, 0x00007fa9f1b50000)
  eden space 4293568K,   0% used [0x00007fa49c600000, 0x00007fa49c600000, 0x00007fa5a26f0000)
  from space 536640K,   0% used [0x00007fa5a26f0000, 0x00007fa5a2c137a0, 0x00007fa5c3300000)
  to   space 536640K,   0% used [0x00007fa5c3300000, 0x00007fa5c3300000, 0x00007fa5e3f10000)
 tenured generation   total 10733600K, used 10733219K [0x00007fa9f1b50000, 0x00007fac80d58000, 0x00007fb49c600000)
   the space 10733600K,  99% used [0x00007fa9f1b50000, 0x00007fac80cf8ca0, 0x00007fac80cf8e00, 0x00007fac80d58000)
 Metaspace       used 24309K, capacity 24689K, committed 25088K, reserved 26624K
}
Event: 127543.871 GC heap before
{Heap before GC invocations=83575 (full 5):
 def new generation   total 4830208K, used 4298829K [0x00007fa49c600000, 0x00007fa5e3f10000, 0x00007fa9f1b50000)
  eden space 4293568K, 100% used [0x00007fa49c600000, 0x00007fa5a26f0000, 0x00007fa5a26f0000)
  from space 536640K,   0% used [0x00007fa5a26f0000, 0x00007fa5a2c137a0, 0x00007fa5c3300000)
  to   space 536640K,   0% used [0x00007fa5c3300000, 0x00007fa5c3300000, 0x00007fa5e3f10000)
 tenured generation   total 10733600K, used 10733219K [0x00007fa9f1b50000, 0x00007fac80d58000, 0x00007fb49c600000)
   the space 10733600K,  99% used [0x00007fa9f1b50000, 0x00007fac80cf8ca0, 0x00007fac80cf8e00, 0x00007fac80d58000)
 Metaspace       used 24309K, capacity 24689K, committed 25088K, reserved 26624K
}
Event: 127543.889 GC heap after
{Heap after GC invocations=83576 (full 5):
 def new generation   total 4830208K, used 5388K [0x00007fa49c600000, 0x00007fa5e3f10000, 0x00007fa9f1b50000)
  eden space 4293568K,   0% used [0x00007fa49c600000, 0x00007fa49c600000, 0x00007fa5a26f0000)
  from space 536640K,   1% used [0x00007fa5c3300000, 0x00007fa5c38432f0, 0x00007fa5e3f10000)
  to   space 536640K,   0% used [0x00007fa5a26f0000, 0x00007fa5a26f0000, 0x00007fa5c3300000)
 tenured generation   total 10733600K, used 10733489K [0x00007fa9f1b50000, 0x00007fac80d58000, 0x00007fb49c600000)
   the space 10733600K,  99% used [0x00007fa9f1b50000, 0x00007fac80d3c510, 0x00007fac80d3c600, 0x00007fac80d58000)
 Metaspace       used 24309K, capacity 24689K, committed 25088K, reserved 26624K
}
Event: 127547.573 GC heap before
{Heap before GC invocations=83576 (full 5):
 def new generation   total 4830208K, used 4298956K [0x00007fa49c600000, 0x00007fa5e3f10000, 0x00007fa9f1b50000)
  eden space 4293568K, 100% used [0x00007fa49c600000, 0x00007fa5a26f0000, 0x00007fa5a26f0000)
  from space 536640K,   1% used [0x00007fa5c3300000, 0x00007fa5c38432f0, 0x00007fa5e3f10000)
  to   space 536640K,   0% used [0x00007fa5a26f0000, 0x00007fa5a26f0000, 0x00007fa5c3300000)
 tenured generation   total 10733600K, used 10733489K [0x00007fa9f1b50000, 0x00007fac80d58000, 0x00007fb49c600000)
   the space 10733600K,  99% used [0x00007fa9f1b50000, 0x00007fac80d3c510, 0x00007fac80d3c600, 0x00007fac80d58000)
 Metaspace       used 24309K, capacity 24689K, committed 25088K, reserved 26624K
}
Event: 127547.587 GC heap after
{Heap after GC invocations=83577 (full 5):
 def new generation   total 4830208K, used 5271K [0x00007fa49c600000, 0x00007fa5e3f10000, 0x00007fa9f1b50000)
  eden space 4293568K,   0% used [0x00007fa49c600000, 0x00007fa49c600000, 0x00007fa5a26f0000)
  from space 536640K,   0% used [0x00007fa5a26f0000, 0x00007fa5a2c15e38, 0x00007fa5c3300000)
  to   space 536640K,   0% used [0x00007fa5c3300000, 0x00007fa5c3300000, 0x00007fa5e3f10000)
 tenured generation   total 10733984K, used 10733894K [0x00007fa9f1b50000, 0x00007fac80db8000, 0x00007fb49c600000)
   the space 10733984K,  99% used [0x00007fa9f1b50000, 0x00007fac80da19b8, 0x00007fac80da1a00, 0x00007fac80db8000)
 Metaspace       used 24309K, capacity 24689K, committed 25088K, reserved 26624K
}
Event: 127547.587 GC heap before
{Heap before GC invocations=83577 (full 5):
 def new generation   total 4830208K, used 5271K [0x00007fa49c600000, 0x00007fa5e3f10000, 0x00007fa9f1b50000)
  eden space 4293568K,   0% used [0x00007fa49c600000, 0x00007fa49c600000, 0x00007fa5a26f0000)
  from space 536640K,   0% used [0x00007fa5a26f0000, 0x00007fa5a2c15e38, 0x00007fa5c3300000)
  to   space 536640K,   0% used [0x00007fa5c3300000, 0x00007fa5c3300000, 0x00007fa5e3f10000)
 tenured generation   total 10733984K, used 10733894K [0x00007fa9f1b50000, 0x00007fac80db8000, 0x00007fb49c600000)
   the space 10733984K,  99% used [0x00007fa9f1b50000, 0x00007fac80da19b8, 0x00007fac80da1a00, 0x00007fac80db8000)
 Metaspace       used 24309K, capacity 24689K, committed 25088K, reserved 26624K
}

