# JRE version: OpenJDK Runtime Environment (13.0.7+5) (build 13.0.7+5-Ubuntu-0ubuntu120.04)
# Java VM: OpenJDK 64-Bit Server VM (13.0.7+5-Ubuntu-0ubuntu120.04, mixed mode, tiered, serial gc, linux-amd64)
Heap:
 def new generation   total 629248K, used 8600K [0x00007fd8b8600000, 0x00007fd8e30c0000, 0x00007fde0db50000)
  eden space 559360K,   1% used [0x00007fd8b8600000, 0x00007fd8b8e66240, 0x00007fd8da840000)
  from space 69888K,   0% used [0x00007fd8da840000, 0x00007fd8da840000, 0x00007fd8dec80000)
  to   space 69888K,   0% used [0x00007fd8dec80000, 0x00007fd8dec80000, 0x00007fd8e30c0000)
 tenured generation   total 1398528K, used 1398519K [0x00007fde0db50000, 0x00007fde63110000, 0x00007fe8b8600000)
   the space 1398528K,  99% used [0x00007fde0db50000, 0x00007fde6310dd78, 0x00007fde6310de00, 0x00007fde63110000)
 Metaspace       used 24368K, capacity 24785K, committed 24832K, reserved 26624K
GC Heap History (20 events):
Event: 1318.633 GC heap after
{Heap after GC invocations=2432 (full 1):
 def new generation   total 629248K, used 8612K [0x00007fd8b8600000, 0x00007fd8e30c0000, 0x00007fde0db50000)
  eden space 559360K,   0% used [0x00007fd8b8600000, 0x00007fd8b8600000, 0x00007fd8da840000)
  from space 69888K,  12% used [0x00007fd8dec80000, 0x00007fd8df4e9068, 0x00007fd8e30c0000)
  to   space 69888K,   0% used [0x00007fd8da840000, 0x00007fd8da840000, 0x00007fd8dec80000)
 tenured generation   total 1398144K, used 1391784K [0x00007fde0db50000, 0x00007fde630b0000, 0x00007fe8b8600000)
   the space 1398144K,  99% used [0x00007fde0db50000, 0x00007fde62a7a218, 0x00007fde62a7a400, 0x00007fde630b0000)
 Metaspace       used 24368K, capacity 24785K, committed 24832K, reserved 26624K
}
Event: 1319.142 GC heap before
{Heap before GC invocations=2432 (full 1):
 def new generation   total 629248K, used 567972K [0x00007fd8b8600000, 0x00007fd8e30c0000, 0x00007fde0db50000)
  eden space 559360K, 100% used [0x00007fd8b8600000, 0x00007fd8da840000, 0x00007fd8da840000)
  from space 69888K,  12% used [0x00007fd8dec80000, 0x00007fd8df4e9068, 0x00007fd8e30c0000)
  to   space 69888K,   0% used [0x00007fd8da840000, 0x00007fd8da840000, 0x00007fd8dec80000)
 tenured generation   total 1398144K, used 1391784K [0x00007fde0db50000, 0x00007fde630b0000, 0x00007fe8b8600000)
   the space 1398144K,  99% used [0x00007fde0db50000, 0x00007fde62a7a218, 0x00007fde62a7a400, 0x00007fde630b0000)
 Metaspace       used 24368K, capacity 24785K, committed 24832K, reserved 26624K
}
Event: 1319.159 GC heap after
{Heap after GC invocations=2433 (full 1):
 def new generation   total 629248K, used 8601K [0x00007fd8b8600000, 0x00007fd8e30c0000, 0x00007fde0db50000)
  eden space 559360K,   0% used [0x00007fd8b8600000, 0x00007fd8b8600000, 0x00007fd8da840000)
  from space 69888K,  12% used [0x00007fd8da840000, 0x00007fd8db0a6648, 0x00007fd8dec80000)
  to   space 69888K,   0% used [0x00007fd8dec80000, 0x00007fd8dec80000, 0x00007fd8e30c0000)
 tenured generation   total 1398144K, used 1392535K [0x00007fde0db50000, 0x00007fde630b0000, 0x00007fe8b8600000)
   the space 1398144K,  99% used [0x00007fde0db50000, 0x00007fde62b35f18, 0x00007fde62b36000, 0x00007fde630b0000)
 Metaspace       used 24368K, capacity 24785K, committed 24832K, reserved 26624K
}
Event: 1319.665 GC heap before
{Heap before GC invocations=2433 (full 1):
 def new generation   total 629248K, used 567961K [0x00007fd8b8600000, 0x00007fd8e30c0000, 0x00007fde0db50000)
  eden space 559360K, 100% used [0x00007fd8b8600000, 0x00007fd8da840000, 0x00007fd8da840000)
  from space 69888K,  12% used [0x00007fd8da840000, 0x00007fd8db0a6648, 0x00007fd8dec80000)
  to   space 69888K,   0% used [0x00007fd8dec80000, 0x00007fd8dec80000, 0x00007fd8e30c0000)
 tenured generation   total 1398144K, used 1392535K [0x00007fde0db50000, 0x00007fde630b0000, 0x00007fe8b8600000)
   the space 1398144K,  99% used [0x00007fde0db50000, 0x00007fde62b35f18, 0x00007fde62b36000, 0x00007fde630b0000)
 Metaspace       used 24368K, capacity 24785K, committed 24832K, reserved 26624K
}
Event: 1319.700 GC heap after
{Heap after GC invocations=2434 (full 1):
 def new generation   total 629248K, used 8577K [0x00007fd8b8600000, 0x00007fd8e30c0000, 0x00007fde0db50000)
  eden space 559360K,   0% used [0x00007fd8b8600000, 0x00007fd8b8600000, 0x00007fd8da840000)
  from space 69888K,  12% used [0x00007fd8dec80000, 0x00007fd8df4e0718, 0x00007fd8e30c0000)
  to   space 69888K,   0% used [0x00007fd8da840000, 0x00007fd8da840000, 0x00007fd8dec80000)
 tenured generation   total 1398144K, used 1393287K [0x00007fde0db50000, 0x00007fde630b0000, 0x00007fe8b8600000)
   the space 1398144K,  99% used [0x00007fde0db50000, 0x00007fde62bf1ca8, 0x00007fde62bf1e00, 0x00007fde630b0000)
 Metaspace       used 24368K, capacity 24785K, committed 24832K, reserved 26624K
}
Event: 1320.195 GC heap before
{Heap before GC invocations=2434 (full 1):
 def new generation   total 629248K, used 567937K [0x00007fd8b8600000, 0x00007fd8e30c0000, 0x00007fde0db50000)
  eden space 559360K, 100% used [0x00007fd8b8600000, 0x00007fd8da840000, 0x00007fd8da840000)
  from space 69888K,  12% used [0x00007fd8dec80000, 0x00007fd8df4e0718, 0x00007fd8e30c0000)
  to   space 69888K,   0% used [0x00007fd8da840000, 0x00007fd8da840000, 0x00007fd8dec80000)
 tenured generation   total 1398144K, used 1393287K [0x00007fde0db50000, 0x00007fde630b0000, 0x00007fe8b8600000)
   the space 1398144K,  99% used [0x00007fde0db50000, 0x00007fde62bf1ca8, 0x00007fde62bf1e00, 0x00007fde630b0000)
 Metaspace       used 24368K, capacity 24785K, committed 24832K, reserved 26624K
}
Event: 1320.211 GC heap after
{Heap after GC invocations=2435 (full 1):
 def new generation   total 629248K, used 8578K [0x00007fd8b8600000, 0x00007fd8e30c0000, 0x00007fde0db50000)
  eden space 559360K,   0% used [0x00007fd8b8600000, 0x00007fd8b8600000, 0x00007fd8da840000)
  from space 69888K,  12% used [0x00007fd8da840000, 0x00007fd8db0a0888, 0x00007fd8dec80000)
  to   space 69888K,   0% used [0x00007fd8dec80000, 0x00007fd8dec80000, 0x00007fd8e30c0000)
 tenured generation   total 1398144K, used 1394038K [0x00007fde0db50000, 0x00007fde630b0000, 0x00007fe8b8600000)
   the space 1398144K,  99% used [0x00007fde0db50000, 0x00007fde62cada38, 0x00007fde62cadc00, 0x00007fde630b0000)
 Metaspace       used 24368K, capacity 24785K, committed 24832K, reserved 26624K
}
Event: 1320.695 GC heap before
{Heap before GC invocations=2435 (full 1):
 def new generation   total 629248K, used 567938K [0x00007fd8b8600000, 0x00007fd8e30c0000, 0x00007fde0db50000)
  eden space 559360K, 100% used [0x00007fd8b8600000, 0x00007fd8da840000, 0x00007fd8da840000)
  from space 69888K,  12% used [0x00007fd8da840000, 0x00007fd8db0a0888, 0x00007fd8dec80000)
  to   space 69888K,   0% used [0x00007fd8dec80000, 0x00007fd8dec80000, 0x00007fd8e30c0000)
 tenured generation   total 1398144K, used 1394038K [0x00007fde0db50000, 0x00007fde630b0000, 0x00007fe8b8600000)
   the space 1398144K,  99% used [0x00007fde0db50000, 0x00007fde62cada38, 0x00007fde62cadc00, 0x00007fde630b0000)
 Metaspace       used 24368K, capacity 24785K, committed 24832K, reserved 26624K
}
Event: 1320.713 GC heap after
{Heap after GC invocations=2436 (full 1):
 def new generation   total 629248K, used 8606K [0x00007fd8b8600000, 0x00007fd8e30c0000, 0x00007fde0db50000)
  eden space 559360K,   0% used [0x00007fd8b8600000, 0x00007fd8b8600000, 0x00007fd8da840000)
  from space 69888K,  12% used [0x00007fd8dec80000, 0x00007fd8df4e7ad8, 0x00007fd8e30c0000)
  to   space 69888K,   0% used [0x00007fd8da840000, 0x00007fd8da840000, 0x00007fd8dec80000)
 tenured generation   total 1398144K, used 1394770K [0x00007fde0db50000, 0x00007fde630b0000, 0x00007fe8b8600000)
   the space 1398144K,  99% used [0x00007fde0db50000, 0x00007fde62d64940, 0x00007fde62d64a00, 0x00007fde630b0000)
 Metaspace       used 24368K, capacity 24785K, committed 24832K, reserved 26624K
}
Event: 1321.182 GC heap before
{Heap before GC invocations=2436 (full 1):
 def new generation   total 629248K, used 567966K [0x00007fd8b8600000, 0x00007fd8e30c0000, 0x00007fde0db50000)
  eden space 559360K, 100% used [0x00007fd8b8600000, 0x00007fd8da840000, 0x00007fd8da840000)
  from space 69888K,  12% used [0x00007fd8dec80000, 0x00007fd8df4e7ad8, 0x00007fd8e30c0000)
  to   space 69888K,   0% used [0x00007fd8da840000, 0x00007fd8da840000, 0x00007fd8dec80000)
 tenured generation   total 1398144K, used 1394770K [0x00007fde0db50000, 0x00007fde630b0000, 0x00007fe8b8600000)
   the space 1398144K,  99% used [0x00007fde0db50000, 0x00007fde62d64940, 0x00007fde62d64a00, 0x00007fde630b0000)
 Metaspace       used 24368K, capacity 24785K, committed 24832K, reserved 26624K
}
Event: 1321.196 GC heap after
{Heap after GC invocations=2437 (full 1):
 def new generation   total 629248K, used 8608K [0x00007fd8b8600000, 0x00007fd8e30c0000, 0x00007fde0db50000)
  eden space 559360K,   0% used [0x00007fd8b8600000, 0x00007fd8b8600000, 0x00007fd8da840000)
  from space 69888K,  12% used [0x00007fd8da840000, 0x00007fd8db0a8360, 0x00007fd8dec80000)
  to   space 69888K,   0% used [0x00007fd8dec80000, 0x00007fd8dec80000, 0x00007fd8e30c0000)
 tenured generation   total 1398144K, used 1395521K [0x00007fde0db50000, 0x00007fde630b0000, 0x00007fe8b8600000)
   the space 1398144K,  99% used [0x00007fde0db50000, 0x00007fde62e206d0, 0x00007fde62e20800, 0x00007fde630b0000)
 Metaspace       used 24368K, capacity 24785K, committed 24832K, reserved 26624K
}
Event: 1321.682 GC heap before
{Heap before GC invocations=2437 (full 1):
 def new generation   total 629248K, used 567968K [0x00007fd8b8600000, 0x00007fd8e30c0000, 0x00007fde0db50000)
  eden space 559360K, 100% used [0x00007fd8b8600000, 0x00007fd8da840000, 0x00007fd8da840000)
  from space 69888K,  12% used [0x00007fd8da840000, 0x00007fd8db0a8360, 0x00007fd8dec80000)
  to   space 69888K,   0% used [0x00007fd8dec80000, 0x00007fd8dec80000, 0x00007fd8e30c0000)
 tenured generation   total 1398144K, used 1395521K [0x00007fde0db50000, 0x00007fde630b0000, 0x00007fe8b8600000)
   the space 1398144K,  99% used [0x00007fde0db50000, 0x00007fde62e206d0, 0x00007fde62e20800, 0x00007fde630b0000)
 Metaspace       used 24368K, capacity 24785K, committed 24832K, reserved 26624K
}
Event: 1321.701 GC heap after
{Heap after GC invocations=2438 (full 1):
 def new generation   total 629248K, used 8614K [0x00007fd8b8600000, 0x00007fd8e30c0000, 0x00007fde0db50000)
  eden space 559360K,   0% used [0x00007fd8b8600000, 0x00007fd8b8600000, 0x00007fd8da840000)
  from space 69888K,  12% used [0x00007fd8dec80000, 0x00007fd8df4e99d8, 0x00007fd8e30c0000)
  to   space 69888K,   0% used [0x00007fd8da840000, 0x00007fd8da840000, 0x00007fd8dec80000)
 tenured generation   total 1398144K, used 1396277K [0x00007fde0db50000, 0x00007fde630b0000, 0x00007fe8b8600000)
   the space 1398144K,  99% used [0x00007fde0db50000, 0x00007fde62edd510, 0x00007fde62edd600, 0x00007fde630b0000)
 Metaspace       used 24368K, capacity 24785K, committed 24832K, reserved 26624K
}
Event: 1322.194 GC heap before
{Heap before GC invocations=2438 (full 1):
 def new generation   total 629248K, used 567974K [0x00007fd8b8600000, 0x00007fd8e30c0000, 0x00007fde0db50000)
  eden space 559360K, 100% used [0x00007fd8b8600000, 0x00007fd8da840000, 0x00007fd8da840000)
  from space 69888K,  12% used [0x00007fd8dec80000, 0x00007fd8df4e99d8, 0x00007fd8e30c0000)
  to   space 69888K,   0% used [0x00007fd8da840000, 0x00007fd8da840000, 0x00007fd8dec80000)
 tenured generation   total 1398144K, used 1396277K [0x00007fde0db50000, 0x00007fde630b0000, 0x00007fe8b8600000)
   the space 1398144K,  99% used [0x00007fde0db50000, 0x00007fde62edd510, 0x00007fde62edd600, 0x00007fde630b0000)
 Metaspace       used 24368K, capacity 24785K, committed 24832K, reserved 26624K
}
Event: 1322.212 GC heap after
{Heap after GC invocations=2439 (full 1):
 def new generation   total 629248K, used 8574K [0x00007fd8b8600000, 0x00007fd8e30c0000, 0x00007fde0db50000)
  eden space 559360K,   0% used [0x00007fd8b8600000, 0x00007fd8b8600000, 0x00007fd8da840000)
  from space 69888K,  12% used [0x00007fd8da840000, 0x00007fd8db09fb70, 0x00007fd8dec80000)
  to   space 69888K,   0% used [0x00007fd8dec80000, 0x00007fd8dec80000, 0x00007fd8e30c0000)
 tenured generation   total 1398144K, used 1397028K [0x00007fde0db50000, 0x00007fde630b0000, 0x00007fe8b8600000)
   the space 1398144K,  99% used [0x00007fde0db50000, 0x00007fde62f992a0, 0x00007fde62f99400, 0x00007fde630b0000)
 Metaspace       used 24368K, capacity 24785K, committed 24832K, reserved 26624K
}
Event: 1322.706 GC heap before
{Heap before GC invocations=2439 (full 1):
 def new generation   total 629248K, used 567934K [0x00007fd8b8600000, 0x00007fd8e30c0000, 0x00007fde0db50000)
  eden space 559360K, 100% used [0x00007fd8b8600000, 0x00007fd8da840000, 0x00007fd8da840000)
  from space 69888K,  12% used [0x00007fd8da840000, 0x00007fd8db09fb70, 0x00007fd8dec80000)
  to   space 69888K,   0% used [0x00007fd8dec80000, 0x00007fd8dec80000, 0x00007fd8e30c0000)
 tenured generation   total 1398144K, used 1397028K [0x00007fde0db50000, 0x00007fde630b0000, 0x00007fe8b8600000)
   the space 1398144K,  99% used [0x00007fde0db50000, 0x00007fde62f992a0, 0x00007fde62f99400, 0x00007fde630b0000)
 Metaspace       used 24368K, capacity 24785K, committed 24832K, reserved 26624K
}
Event: 1322.726 GC heap after
{Heap after GC invocations=2440 (full 1):
 def new generation   total 629248K, used 8574K [0x00007fd8b8600000, 0x00007fd8e30c0000, 0x00007fde0db50000)
  eden space 559360K,   0% used [0x00007fd8b8600000, 0x00007fd8b8600000, 0x00007fd8da840000)
  from space 69888K,  12% used [0x00007fd8dec80000, 0x00007fd8df4dfbb0, 0x00007fd8e30c0000)
  to   space 69888K,   0% used [0x00007fd8da840000, 0x00007fd8da840000, 0x00007fd8dec80000)
 tenured generation   total 1398144K, used 1397780K [0x00007fde0db50000, 0x00007fde630b0000, 0x00007fe8b8600000)
   the space 1398144K,  99% used [0x00007fde0db50000, 0x00007fde63055030, 0x00007fde63055200, 0x00007fde630b0000)
 Metaspace       used 24368K, capacity 24785K, committed 24832K, reserved 26624K
}
Event: 1323.227 GC heap before
{Heap before GC invocations=2440 (full 1):
 def new generation   total 629248K, used 567934K [0x00007fd8b8600000, 0x00007fd8e30c0000, 0x00007fde0db50000)
  eden space 559360K, 100% used [0x00007fd8b8600000, 0x00007fd8da840000, 0x00007fd8da840000)
  from space 69888K,  12% used [0x00007fd8dec80000, 0x00007fd8df4dfbb0, 0x00007fd8e30c0000)
  to   space 69888K,   0% used [0x00007fd8da840000, 0x00007fd8da840000, 0x00007fd8dec80000)
 tenured generation   total 1398144K, used 1397780K [0x00007fde0db50000, 0x00007fde630b0000, 0x00007fe8b8600000)
   the space 1398144K,  99% used [0x00007fde0db50000, 0x00007fde63055030, 0x00007fde63055200, 0x00007fde630b0000)
 Metaspace       used 24368K, capacity 24785K, committed 24832K, reserved 26624K
}
Event: 1323.244 GC heap after
{Heap after GC invocations=2441 (full 1):
 def new generation   total 629248K, used 8603K [0x00007fd8b8600000, 0x00007fd8e30c0000, 0x00007fde0db50000)
  eden space 559360K,   0% used [0x00007fd8b8600000, 0x00007fd8b8600000, 0x00007fd8da840000)
  from space 69888K,  12% used [0x00007fd8da840000, 0x00007fd8db0a6e50, 0x00007fd8dec80000)
  to   space 69888K,   0% used [0x00007fd8dec80000, 0x00007fd8dec80000, 0x00007fd8e30c0000)
 tenured generation   total 1398528K, used 1398516K [0x00007fde0db50000, 0x00007fde63110000, 0x00007fe8b8600000)
   the space 1398528K,  99% used [0x00007fde0db50000, 0x00007fde6310d168, 0x00007fde6310d200, 0x00007fde63110000)
 Metaspace       used 24368K, capacity 24785K, committed 24832K, reserved 26624K
}
Event: 1323.244 GC heap before
{Heap before GC invocations=2441 (full 1):
 def new generation   total 629248K, used 8603K [0x00007fd8b8600000, 0x00007fd8e30c0000, 0x00007fde0db50000)
  eden space 559360K,   0% used [0x00007fd8b8600000, 0x00007fd8b8600000, 0x00007fd8da840000)
  from space 69888K,  12% used [0x00007fd8da840000, 0x00007fd8db0a6e50, 0x00007fd8dec80000)
  to   space 69888K,   0% used [0x00007fd8dec80000, 0x00007fd8dec80000, 0x00007fd8e30c0000)
 tenured generation   total 1398528K, used 1398516K [0x00007fde0db50000, 0x00007fde63110000, 0x00007fe8b8600000)
   the space 1398528K,  99% used [0x00007fde0db50000, 0x00007fde6310d168, 0x00007fde6310d200, 0x00007fde63110000)
 Metaspace       used 24368K, capacity 24785K, committed 24832K, reserved 26624K
}

