# JRE version: OpenJDK Runtime Environment (13.0.7+5) (build 13.0.7+5-Ubuntu-0ubuntu120.04)
# Java VM: OpenJDK 64-Bit Server VM (13.0.7+5-Ubuntu-0ubuntu120.04, mixed mode, tiered, serial gc, linux-amd64)
Heap:
 def new generation   total 629248K, used 2827K [0x00007f71cc600000, 0x00007f71f70c0000, 0x00007f7721b50000)
  eden space 559360K,   0% used [0x00007f71cc600000, 0x00007f71cc8c2c38, 0x00007f71ee840000)
  from space 69888K,   0% used [0x00007f71ee840000, 0x00007f71ee840000, 0x00007f71f2c80000)
  to   space 69888K,   0% used [0x00007f71f2c80000, 0x00007f71f2c80000, 0x00007f71f70c0000)
 tenured generation   total 1398336K, used 1398335K [0x00007f7721b50000, 0x00007f77770e0000, 0x00007f81cc600000)
   the space 1398336K,  99% used [0x00007f7721b50000, 0x00007f77770dffe0, 0x00007f77770e0000, 0x00007f77770e0000)
 Metaspace       used 24321K, capacity 24754K, committed 24832K, reserved 26624K
GC Heap History (20 events):
Event: 1572.821 GC heap after
{Heap after GC invocations=6950 (full 1):
 def new generation   total 629248K, used 4262K [0x00007f71cc600000, 0x00007f71f70c0000, 0x00007f7721b50000)
  eden space 559360K,   0% used [0x00007f71cc600000, 0x00007f71cc600000, 0x00007f71ee840000)
  from space 69888K,   6% used [0x00007f71f2c80000, 0x00007f71f30a9888, 0x00007f71f70c0000)
  to   space 69888K,   0% used [0x00007f71ee840000, 0x00007f71ee840000, 0x00007f71f2c80000)
 tenured generation   total 1398144K, used 1395817K [0x00007f7721b50000, 0x00007f77770b0000, 0x00007f81cc600000)
   the space 1398144K,  99% used [0x00007f7721b50000, 0x00007f7776e6a430, 0x00007f7776e6a600, 0x00007f77770b0000)
 Metaspace       used 24321K, capacity 24754K, committed 24832K, reserved 26624K
}
Event: 1573.046 GC heap before
{Heap before GC invocations=6950 (full 1):
 def new generation   total 629248K, used 563622K [0x00007f71cc600000, 0x00007f71f70c0000, 0x00007f7721b50000)
  eden space 559360K, 100% used [0x00007f71cc600000, 0x00007f71ee840000, 0x00007f71ee840000)
  from space 69888K,   6% used [0x00007f71f2c80000, 0x00007f71f30a9888, 0x00007f71f70c0000)
  to   space 69888K,   0% used [0x00007f71ee840000, 0x00007f71ee840000, 0x00007f71f2c80000)
 tenured generation   total 1398144K, used 1395817K [0x00007f7721b50000, 0x00007f77770b0000, 0x00007f81cc600000)
   the space 1398144K,  99% used [0x00007f7721b50000, 0x00007f7776e6a430, 0x00007f7776e6a600, 0x00007f77770b0000)
 Metaspace       used 24321K, capacity 24754K, committed 24832K, reserved 26624K
}
Event: 1573.049 GC heap after
{Heap after GC invocations=6951 (full 1):
 def new generation   total 629248K, used 4103K [0x00007f71cc600000, 0x00007f71f70c0000, 0x00007f7721b50000)
  eden space 559360K,   0% used [0x00007f71cc600000, 0x00007f71cc600000, 0x00007f71ee840000)
  from space 69888K,   5% used [0x00007f71ee840000, 0x00007f71eec41f80, 0x00007f71f2c80000)
  to   space 69888K,   0% used [0x00007f71f2c80000, 0x00007f71f2c80000, 0x00007f71f70c0000)
 tenured generation   total 1398144K, used 1396066K [0x00007f7721b50000, 0x00007f77770b0000, 0x00007f81cc600000)
   the space 1398144K,  99% used [0x00007f7721b50000, 0x00007f7776ea8830, 0x00007f7776ea8a00, 0x00007f77770b0000)
 Metaspace       used 24321K, capacity 24754K, committed 24832K, reserved 26624K
}
Event: 1573.277 GC heap before
{Heap before GC invocations=6951 (full 1):
 def new generation   total 629248K, used 563463K [0x00007f71cc600000, 0x00007f71f70c0000, 0x00007f7721b50000)
  eden space 559360K, 100% used [0x00007f71cc600000, 0x00007f71ee840000, 0x00007f71ee840000)
  from space 69888K,   5% used [0x00007f71ee840000, 0x00007f71eec41f80, 0x00007f71f2c80000)
  to   space 69888K,   0% used [0x00007f71f2c80000, 0x00007f71f2c80000, 0x00007f71f70c0000)
 tenured generation   total 1398144K, used 1396066K [0x00007f7721b50000, 0x00007f77770b0000, 0x00007f81cc600000)
   the space 1398144K,  99% used [0x00007f7721b50000, 0x00007f7776ea8830, 0x00007f7776ea8a00, 0x00007f77770b0000)
 Metaspace       used 24321K, capacity 24754K, committed 24832K, reserved 26624K
}
Event: 1573.280 GC heap after
{Heap after GC invocations=6952 (full 1):
 def new generation   total 629248K, used 3941K [0x00007f71cc600000, 0x00007f71f70c0000, 0x00007f7721b50000)
  eden space 559360K,   0% used [0x00007f71cc600000, 0x00007f71cc600000, 0x00007f71ee840000)
  from space 69888K,   5% used [0x00007f71f2c80000, 0x00007f71f30595e8, 0x00007f71f70c0000)
  to   space 69888K,   0% used [0x00007f71ee840000, 0x00007f71ee840000, 0x00007f71f2c80000)
 tenured generation   total 1398144K, used 1396315K [0x00007f7721b50000, 0x00007f77770b0000, 0x00007f81cc600000)
   the space 1398144K,  99% used [0x00007f7721b50000, 0x00007f7776ee6c30, 0x00007f7776ee6e00, 0x00007f77770b0000)
 Metaspace       used 24321K, capacity 24754K, committed 24832K, reserved 26624K
}
Event: 1573.504 GC heap before
{Heap before GC invocations=6952 (full 1):
 def new generation   total 629248K, used 563301K [0x00007f71cc600000, 0x00007f71f70c0000, 0x00007f7721b50000)
  eden space 559360K, 100% used [0x00007f71cc600000, 0x00007f71ee840000, 0x00007f71ee840000)
  from space 69888K,   5% used [0x00007f71f2c80000, 0x00007f71f30595e8, 0x00007f71f70c0000)
  to   space 69888K,   0% used [0x00007f71ee840000, 0x00007f71ee840000, 0x00007f71f2c80000)
 tenured generation   total 1398144K, used 1396315K [0x00007f7721b50000, 0x00007f77770b0000, 0x00007f81cc600000)
   the space 1398144K,  99% used [0x00007f7721b50000, 0x00007f7776ee6c30, 0x00007f7776ee6e00, 0x00007f77770b0000)
 Metaspace       used 24321K, capacity 24754K, committed 24832K, reserved 26624K
}
Event: 1573.507 GC heap after
{Heap after GC invocations=6953 (full 1):
 def new generation   total 629248K, used 3797K [0x00007f71cc600000, 0x00007f71f70c0000, 0x00007f7721b50000)
  eden space 559360K,   0% used [0x00007f71cc600000, 0x00007f71cc600000, 0x00007f71ee840000)
  from space 69888K,   5% used [0x00007f71ee840000, 0x00007f71eebf5640, 0x00007f71f2c80000)
  to   space 69888K,   0% used [0x00007f71f2c80000, 0x00007f71f2c80000, 0x00007f71f70c0000)
 tenured generation   total 1398144K, used 1396564K [0x00007f7721b50000, 0x00007f77770b0000, 0x00007f81cc600000)
   the space 1398144K,  99% used [0x00007f7721b50000, 0x00007f7776f250c0, 0x00007f7776f25200, 0x00007f77770b0000)
 Metaspace       used 24321K, capacity 24754K, committed 24832K, reserved 26624K
}
Event: 1573.730 GC heap before
{Heap before GC invocations=6953 (full 1):
 def new generation   total 629248K, used 563157K [0x00007f71cc600000, 0x00007f71f70c0000, 0x00007f7721b50000)
  eden space 559360K, 100% used [0x00007f71cc600000, 0x00007f71ee840000, 0x00007f71ee840000)
  from space 69888K,   5% used [0x00007f71ee840000, 0x00007f71eebf5640, 0x00007f71f2c80000)
  to   space 69888K,   0% used [0x00007f71f2c80000, 0x00007f71f2c80000, 0x00007f71f70c0000)
 tenured generation   total 1398144K, used 1396564K [0x00007f7721b50000, 0x00007f77770b0000, 0x00007f81cc600000)
   the space 1398144K,  99% used [0x00007f7721b50000, 0x00007f7776f250c0, 0x00007f7776f25200, 0x00007f77770b0000)
 Metaspace       used 24321K, capacity 24754K, committed 24832K, reserved 26624K
}
Event: 1573.733 GC heap after
{Heap after GC invocations=6954 (full 1):
 def new generation   total 629248K, used 3673K [0x00007f71cc600000, 0x00007f71f70c0000, 0x00007f7721b50000)
  eden space 559360K,   0% used [0x00007f71cc600000, 0x00007f71cc600000, 0x00007f71ee840000)
  from space 69888K,   5% used [0x00007f71f2c80000, 0x00007f71f30164a8, 0x00007f71f70c0000)
  to   space 69888K,   0% used [0x00007f71ee840000, 0x00007f71ee840000, 0x00007f71f2c80000)
 tenured generation   total 1398144K, used 1396797K [0x00007f7721b50000, 0x00007f77770b0000, 0x00007f81cc600000)
   the space 1398144K,  99% used [0x00007f7721b50000, 0x00007f7776f5f400, 0x00007f7776f5f400, 0x00007f77770b0000)
 Metaspace       used 24321K, capacity 24754K, committed 24832K, reserved 26624K
}
Event: 1573.958 GC heap before
{Heap before GC invocations=6954 (full 1):
 def new generation   total 629248K, used 563033K [0x00007f71cc600000, 0x00007f71f70c0000, 0x00007f7721b50000)
  eden space 559360K, 100% used [0x00007f71cc600000, 0x00007f71ee840000, 0x00007f71ee840000)
  from space 69888K,   5% used [0x00007f71f2c80000, 0x00007f71f30164a8, 0x00007f71f70c0000)
  to   space 69888K,   0% used [0x00007f71ee840000, 0x00007f71ee840000, 0x00007f71f2c80000)
 tenured generation   total 1398144K, used 1396797K [0x00007f7721b50000, 0x00007f77770b0000, 0x00007f81cc600000)
   the space 1398144K,  99% used [0x00007f7721b50000, 0x00007f7776f5f400, 0x00007f7776f5f400, 0x00007f77770b0000)
 Metaspace       used 24321K, capacity 24754K, committed 24832K, reserved 26624K
}
Event: 1573.961 GC heap after
{Heap after GC invocations=6955 (full 1):
 def new generation   total 629248K, used 3534K [0x00007f71cc600000, 0x00007f71f70c0000, 0x00007f7721b50000)
  eden space 559360K,   0% used [0x00007f71cc600000, 0x00007f71cc600000, 0x00007f71ee840000)
  from space 69888K,   5% used [0x00007f71ee840000, 0x00007f71eebb3a68, 0x00007f71f2c80000)
  to   space 69888K,   0% used [0x00007f71f2c80000, 0x00007f71f2c80000, 0x00007f71f70c0000)
 tenured generation   total 1398144K, used 1397045K [0x00007f7721b50000, 0x00007f77770b0000, 0x00007f81cc600000)
   the space 1398144K,  99% used [0x00007f7721b50000, 0x00007f7776f9d770, 0x00007f7776f9d800, 0x00007f77770b0000)
 Metaspace       used 24321K, capacity 24754K, committed 24832K, reserved 26624K
}
Event: 1574.188 GC heap before
{Heap before GC invocations=6955 (full 1):
 def new generation   total 629248K, used 562894K [0x00007f71cc600000, 0x00007f71f70c0000, 0x00007f7721b50000)
  eden space 559360K, 100% used [0x00007f71cc600000, 0x00007f71ee840000, 0x00007f71ee840000)
  from space 69888K,   5% used [0x00007f71ee840000, 0x00007f71eebb3a68, 0x00007f71f2c80000)
  to   space 69888K,   0% used [0x00007f71f2c80000, 0x00007f71f2c80000, 0x00007f71f70c0000)
 tenured generation   total 1398144K, used 1397045K [0x00007f7721b50000, 0x00007f77770b0000, 0x00007f81cc600000)
   the space 1398144K,  99% used [0x00007f7721b50000, 0x00007f7776f9d770, 0x00007f7776f9d800, 0x00007f77770b0000)
 Metaspace       used 24321K, capacity 24754K, committed 24832K, reserved 26624K
}
Event: 1574.190 GC heap after
{Heap after GC invocations=6956 (full 1):
 def new generation   total 629248K, used 3409K [0x00007f71cc600000, 0x00007f71f70c0000, 0x00007f7721b50000)
  eden space 559360K,   0% used [0x00007f71cc600000, 0x00007f71cc600000, 0x00007f71ee840000)
  from space 69888K,   4% used [0x00007f71f2c80000, 0x00007f71f2fd4408, 0x00007f71f70c0000)
  to   space 69888K,   0% used [0x00007f71ee840000, 0x00007f71ee840000, 0x00007f71f2c80000)
 tenured generation   total 1398144K, used 1397295K [0x00007f7721b50000, 0x00007f77770b0000, 0x00007f81cc600000)
   the space 1398144K,  99% used [0x00007f7721b50000, 0x00007f7776fdbc00, 0x00007f7776fdbc00, 0x00007f77770b0000)
 Metaspace       used 24321K, capacity 24754K, committed 24832K, reserved 26624K
}
Event: 1574.416 GC heap before
{Heap before GC invocations=6956 (full 1):
 def new generation   total 629248K, used 562769K [0x00007f71cc600000, 0x00007f71f70c0000, 0x00007f7721b50000)
  eden space 559360K, 100% used [0x00007f71cc600000, 0x00007f71ee840000, 0x00007f71ee840000)
  from space 69888K,   4% used [0x00007f71f2c80000, 0x00007f71f2fd4408, 0x00007f71f70c0000)
  to   space 69888K,   0% used [0x00007f71ee840000, 0x00007f71ee840000, 0x00007f71f2c80000)
 tenured generation   total 1398144K, used 1397295K [0x00007f7721b50000, 0x00007f77770b0000, 0x00007f81cc600000)
   the space 1398144K,  99% used [0x00007f7721b50000, 0x00007f7776fdbc00, 0x00007f7776fdbc00, 0x00007f77770b0000)
 Metaspace       used 24321K, capacity 24754K, committed 24832K, reserved 26624K
}
Event: 1574.419 GC heap after
{Heap after GC invocations=6957 (full 1):
 def new generation   total 629248K, used 3301K [0x00007f71cc600000, 0x00007f71f70c0000, 0x00007f7721b50000)
  eden space 559360K,   0% used [0x00007f71cc600000, 0x00007f71cc600000, 0x00007f71ee840000)
  from space 69888K,   4% used [0x00007f71ee840000, 0x00007f71eeb79790, 0x00007f71f2c80000)
  to   space 69888K,   0% used [0x00007f71f2c80000, 0x00007f71f2c80000, 0x00007f71f70c0000)
 tenured generation   total 1398144K, used 1397544K [0x00007f7721b50000, 0x00007f77770b0000, 0x00007f81cc600000)
   the space 1398144K,  99% used [0x00007f7721b50000, 0x00007f777701a090, 0x00007f777701a200, 0x00007f77770b0000)
 Metaspace       used 24321K, capacity 24754K, committed 24832K, reserved 26624K
}
Event: 1574.642 GC heap before
{Heap before GC invocations=6957 (full 1):
 def new generation   total 629248K, used 562661K [0x00007f71cc600000, 0x00007f71f70c0000, 0x00007f7721b50000)
  eden space 559360K, 100% used [0x00007f71cc600000, 0x00007f71ee840000, 0x00007f71ee840000)
  from space 69888K,   4% used [0x00007f71ee840000, 0x00007f71eeb79790, 0x00007f71f2c80000)
  to   space 69888K,   0% used [0x00007f71f2c80000, 0x00007f71f2c80000, 0x00007f71f70c0000)
 tenured generation   total 1398144K, used 1397544K [0x00007f7721b50000, 0x00007f77770b0000, 0x00007f81cc600000)
   the space 1398144K,  99% used [0x00007f7721b50000, 0x00007f777701a090, 0x00007f777701a200, 0x00007f77770b0000)
 Metaspace       used 24321K, capacity 24754K, committed 24832K, reserved 26624K
}
Event: 1574.645 GC heap after
{Heap after GC invocations=6958 (full 1):
 def new generation   total 629248K, used 3150K [0x00007f71cc600000, 0x00007f71f70c0000, 0x00007f7721b50000)
  eden space 559360K,   0% used [0x00007f71cc600000, 0x00007f71cc600000, 0x00007f71ee840000)
  from space 69888K,   4% used [0x00007f71f2c80000, 0x00007f71f2f93bb0, 0x00007f71f70c0000)
  to   space 69888K,   0% used [0x00007f71ee840000, 0x00007f71ee840000, 0x00007f71f2c80000)
 tenured generation   total 1398144K, used 1397842K [0x00007f7721b50000, 0x00007f77770b0000, 0x00007f81cc600000)
   the space 1398144K,  99% used [0x00007f7721b50000, 0x00007f77770648e0, 0x00007f7777064a00, 0x00007f77770b0000)
 Metaspace       used 24321K, capacity 24754K, committed 24832K, reserved 26624K
}
Event: 1574.868 GC heap before
{Heap before GC invocations=6958 (full 1):
 def new generation   total 629248K, used 562510K [0x00007f71cc600000, 0x00007f71f70c0000, 0x00007f7721b50000)
  eden space 559360K, 100% used [0x00007f71cc600000, 0x00007f71ee840000, 0x00007f71ee840000)
  from space 69888K,   4% used [0x00007f71f2c80000, 0x00007f71f2f93bb0, 0x00007f71f70c0000)
  to   space 69888K,   0% used [0x00007f71ee840000, 0x00007f71ee840000, 0x00007f71f2c80000)
 tenured generation   total 1398144K, used 1397842K [0x00007f7721b50000, 0x00007f77770b0000, 0x00007f81cc600000)
   the space 1398144K,  99% used [0x00007f7721b50000, 0x00007f77770648e0, 0x00007f7777064a00, 0x00007f77770b0000)
 Metaspace       used 24321K, capacity 24754K, committed 24832K, reserved 26624K
}
Event: 1574.870 GC heap after
{Heap after GC invocations=6959 (full 1):
 def new generation   total 629248K, used 2880K [0x00007f71cc600000, 0x00007f71f70c0000, 0x00007f7721b50000)
  eden space 559360K,   0% used [0x00007f71cc600000, 0x00007f71cc600000, 0x00007f71ee840000)
  from space 69888K,   4% used [0x00007f71ee840000, 0x00007f71eeb10060, 0x00007f71f2c80000)
  to   space 69888K,   0% used [0x00007f71f2c80000, 0x00007f71f2c80000, 0x00007f71f70c0000)
 tenured generation   total 1398336K, used 1398286K [0x00007f7721b50000, 0x00007f77770e0000, 0x00007f81cc600000)
   the space 1398336K,  99% used [0x00007f7721b50000, 0x00007f77770d3b80, 0x00007f77770d3c00, 0x00007f77770e0000)
 Metaspace       used 24321K, capacity 24754K, committed 24832K, reserved 26624K
}
Event: 1574.870 GC heap before
{Heap before GC invocations=6959 (full 1):
 def new generation   total 629248K, used 2880K [0x00007f71cc600000, 0x00007f71f70c0000, 0x00007f7721b50000)
  eden space 559360K,   0% used [0x00007f71cc600000, 0x00007f71cc600000, 0x00007f71ee840000)
  from space 69888K,   4% used [0x00007f71ee840000, 0x00007f71eeb10060, 0x00007f71f2c80000)
  to   space 69888K,   0% used [0x00007f71f2c80000, 0x00007f71f2c80000, 0x00007f71f70c0000)
 tenured generation   total 1398336K, used 1398286K [0x00007f7721b50000, 0x00007f77770e0000, 0x00007f81cc600000)
   the space 1398336K,  99% used [0x00007f7721b50000, 0x00007f77770d3b80, 0x00007f77770d3c00, 0x00007f77770e0000)
 Metaspace       used 24321K, capacity 24754K, committed 24832K, reserved 26624K
}

