# JRE version: OpenJDK Runtime Environment (13.0.7+5) (build 13.0.7+5-Ubuntu-0ubuntu120.04)
# Java VM: OpenJDK 64-Bit Server VM (13.0.7+5-Ubuntu-0ubuntu120.04, mixed mode, tiered, serial gc, linux-amd64)
Heap:
 def new generation   total 4209408K, used 0K [0x00007f2be8600000, 0x00007f2d05d80000, 0x00007f36930a0000)
  eden space 3741696K,   0% used [0x00007f2be8600000, 0x00007f2be8600000, 0x00007f2cccc00000)
  from space 467712K,   0% used [0x00007f2ce94c0000, 0x00007f2ce94c0000, 0x00007f2d05d80000)
  to   space 467712K,   0% used [0x00007f2cccc00000, 0x00007f2cccc00000, 0x00007f2ce94c0000)
 tenured generation   total 9370576K, used 9235373K [0x00007f36930a0000, 0x00007f38cef94000, 0x00007f4be8600000)
   the space 9370576K,  98% used [0x00007f36930a0000, 0x00007f38c6b8b728, 0x00007f38c6b8b800, 0x00007f38cef94000)
 Metaspace       used 24261K, capacity 24692K, committed 24832K, reserved 26624K
GC Heap History (20 events):
Event: 4353.299 GC heap after
{Heap after GC invocations=2834 (full 7):
 def new generation   total 4209408K, used 136183K [0x00007f2be8600000, 0x00007f2d05d80000, 0x00007f36930a0000)
  eden space 3741696K,   0% used [0x00007f2be8600000, 0x00007f2be8600000, 0x00007f2cccc00000)
  from space 467712K,  29% used [0x00007f2cccc00000, 0x00007f2cd50fdf48, 0x00007f2ce94c0000)
  to   space 467712K,   0% used [0x00007f2ce94c0000, 0x00007f2ce94c0000, 0x00007f2d05d80000)
 tenured generation   total 9354188K, used 9291262K [0x00007f36930a0000, 0x00007f38cdf93000, 0x00007f4be8600000)
   the space 9354188K,  99% used [0x00007f36930a0000, 0x00007f38ca21fbc8, 0x00007f38ca21fc00, 0x00007f38cdf93000)
 Metaspace       used 24261K, capacity 24692K, committed 24832K, reserved 26624K
}
Event: 4356.898 GC heap before
{Heap before GC invocations=2834 (full 7):
 def new generation   total 4209408K, used 3877879K [0x00007f2be8600000, 0x00007f2d05d80000, 0x00007f36930a0000)
  eden space 3741696K, 100% used [0x00007f2be8600000, 0x00007f2cccc00000, 0x00007f2cccc00000)
  from space 467712K,  29% used [0x00007f2cccc00000, 0x00007f2cd50fdf48, 0x00007f2ce94c0000)
  to   space 467712K,   0% used [0x00007f2ce94c0000, 0x00007f2ce94c0000, 0x00007f2d05d80000)
 tenured generation   total 9354188K, used 9291262K [0x00007f36930a0000, 0x00007f38cdf93000, 0x00007f4be8600000)
   the space 9354188K,  99% used [0x00007f36930a0000, 0x00007f38ca21fbc8, 0x00007f38ca21fc00, 0x00007f38cdf93000)
 Metaspace       used 24261K, capacity 24692K, committed 24832K, reserved 26624K
}
Event: 4356.998 GC heap after
{Heap after GC invocations=2835 (full 7):
 def new generation   total 4209408K, used 157259K [0x00007f2be8600000, 0x00007f2d05d80000, 0x00007f36930a0000)
  eden space 3741696K,   0% used [0x00007f2be8600000, 0x00007f2be8600000, 0x00007f2cccc00000)
  from space 467712K,  33% used [0x00007f2ce94c0000, 0x00007f2cf2e52cf8, 0x00007f2d05d80000)
  to   space 467712K,   0% used [0x00007f2cccc00000, 0x00007f2cccc00000, 0x00007f2ce94c0000)
 tenured generation   total 9354188K, used 9291262K [0x00007f36930a0000, 0x00007f38cdf93000, 0x00007f4be8600000)
   the space 9354188K,  99% used [0x00007f36930a0000, 0x00007f38ca21fbc8, 0x00007f38ca21fc00, 0x00007f38cdf93000)
 Metaspace       used 24261K, capacity 24692K, committed 24832K, reserved 26624K
}
Event: 4360.590 GC heap before
{Heap before GC invocations=2835 (full 7):
 def new generation   total 4209408K, used 3898955K [0x00007f2be8600000, 0x00007f2d05d80000, 0x00007f36930a0000)
  eden space 3741696K, 100% used [0x00007f2be8600000, 0x00007f2cccc00000, 0x00007f2cccc00000)
  from space 467712K,  33% used [0x00007f2ce94c0000, 0x00007f2cf2e52cf8, 0x00007f2d05d80000)
  to   space 467712K,   0% used [0x00007f2cccc00000, 0x00007f2cccc00000, 0x00007f2ce94c0000)
 tenured generation   total 9354188K, used 9291262K [0x00007f36930a0000, 0x00007f38cdf93000, 0x00007f4be8600000)
   the space 9354188K,  99% used [0x00007f36930a0000, 0x00007f38ca21fbc8, 0x00007f38ca21fc00, 0x00007f38cdf93000)
 Metaspace       used 24261K, capacity 24692K, committed 24832K, reserved 26624K
}
Event: 4360.715 GC heap after
{Heap after GC invocations=2836 (full 7):
 def new generation   total 4209408K, used 152642K [0x00007f2be8600000, 0x00007f2d05d80000, 0x00007f36930a0000)
  eden space 3741696K,   0% used [0x00007f2be8600000, 0x00007f2be8600000, 0x00007f2cccc00000)
  from space 467712K,  32% used [0x00007f2cccc00000, 0x00007f2cd61108b0, 0x00007f2ce94c0000)
  to   space 467712K,   0% used [0x00007f2ce94c0000, 0x00007f2ce94c0000, 0x00007f2d05d80000)
 tenured generation   total 9354188K, used 9291262K [0x00007f36930a0000, 0x00007f38cdf93000, 0x00007f4be8600000)
   the space 9354188K,  99% used [0x00007f36930a0000, 0x00007f38ca21fbc8, 0x00007f38ca21fc00, 0x00007f38cdf93000)
 Metaspace       used 24261K, capacity 24692K, committed 24832K, reserved 26624K
}
Event: 4363.869 GC heap before
{Heap before GC invocations=2836 (full 7):
 def new generation   total 4209408K, used 3894338K [0x00007f2be8600000, 0x00007f2d05d80000, 0x00007f36930a0000)
  eden space 3741696K, 100% used [0x00007f2be8600000, 0x00007f2cccc00000, 0x00007f2cccc00000)
  from space 467712K,  32% used [0x00007f2cccc00000, 0x00007f2cd61108b0, 0x00007f2ce94c0000)
  to   space 467712K,   0% used [0x00007f2ce94c0000, 0x00007f2ce94c0000, 0x00007f2d05d80000)
 tenured generation   total 9354188K, used 9291262K [0x00007f36930a0000, 0x00007f38cdf93000, 0x00007f4be8600000)
   the space 9354188K,  99% used [0x00007f36930a0000, 0x00007f38ca21fbc8, 0x00007f38ca21fc00, 0x00007f38cdf93000)
 Metaspace       used 24261K, capacity 24692K, committed 24832K, reserved 26624K
}
Event: 4364.027 GC heap after
{Heap after GC invocations=2837 (full 7):
 def new generation   total 4209408K, used 138263K [0x00007f2be8600000, 0x00007f2d05d80000, 0x00007f36930a0000)
  eden space 3741696K,   0% used [0x00007f2be8600000, 0x00007f2be8600000, 0x00007f2cccc00000)
  from space 467712K,  29% used [0x00007f2ce94c0000, 0x00007f2cf1bc5cc8, 0x00007f2d05d80000)
  to   space 467712K,   0% used [0x00007f2cccc00000, 0x00007f2cccc00000, 0x00007f2ce94c0000)
 tenured generation   total 9354188K, used 9308222K [0x00007f36930a0000, 0x00007f38cdf93000, 0x00007f4be8600000)
   the space 9354188K,  99% used [0x00007f36930a0000, 0x00007f38cb2afbc0, 0x00007f38cb2afc00, 0x00007f38cdf93000)
 Metaspace       used 24261K, capacity 24692K, committed 24832K, reserved 26624K
}
Event: 4367.757 GC heap before
{Heap before GC invocations=2837 (full 7):
 def new generation   total 4209408K, used 3879959K [0x00007f2be8600000, 0x00007f2d05d80000, 0x00007f36930a0000)
  eden space 3741696K, 100% used [0x00007f2be8600000, 0x00007f2cccc00000, 0x00007f2cccc00000)
  from space 467712K,  29% used [0x00007f2ce94c0000, 0x00007f2cf1bc5cc8, 0x00007f2d05d80000)
  to   space 467712K,   0% used [0x00007f2cccc00000, 0x00007f2cccc00000, 0x00007f2ce94c0000)
 tenured generation   total 9354188K, used 9308222K [0x00007f36930a0000, 0x00007f38cdf93000, 0x00007f4be8600000)
   the space 9354188K,  99% used [0x00007f36930a0000, 0x00007f38cb2afbc0, 0x00007f38cb2afc00, 0x00007f38cdf93000)
 Metaspace       used 24261K, capacity 24692K, committed 24832K, reserved 26624K
}
Event: 4367.860 GC heap after
{Heap after GC invocations=2838 (full 7):
 def new generation   total 4209408K, used 151101K [0x00007f2be8600000, 0x00007f2d05d80000, 0x00007f36930a0000)
  eden space 3741696K,   0% used [0x00007f2be8600000, 0x00007f2be8600000, 0x00007f2cccc00000)
  from space 467712K,  32% used [0x00007f2cccc00000, 0x00007f2cd5f8f630, 0x00007f2ce94c0000)
  to   space 467712K,   0% used [0x00007f2ce94c0000, 0x00007f2ce94c0000, 0x00007f2d05d80000)
 tenured generation   total 9354188K, used 9308222K [0x00007f36930a0000, 0x00007f38cdf93000, 0x00007f4be8600000)
   the space 9354188K,  99% used [0x00007f36930a0000, 0x00007f38cb2afbc0, 0x00007f38cb2afc00, 0x00007f38cdf93000)
 Metaspace       used 24261K, capacity 24692K, committed 24832K, reserved 26624K
}
Event: 4370.852 GC heap before
{Heap before GC invocations=2838 (full 7):
 def new generation   total 4209408K, used 3888154K [0x00007f2be8600000, 0x00007f2d05d80000, 0x00007f36930a0000)
  eden space 3741696K,  99% used [0x00007f2be8600000, 0x00007f2ccc777210, 0x00007f2cccc00000)
  from space 467712K,  32% used [0x00007f2cccc00000, 0x00007f2cd5f8f630, 0x00007f2ce94c0000)
  to   space 467712K,   0% used [0x00007f2ce94c0000, 0x00007f2ce94c0000, 0x00007f2d05d80000)
 tenured generation   total 9354188K, used 9308222K [0x00007f36930a0000, 0x00007f38cdf93000, 0x00007f4be8600000)
   the space 9354188K,  99% used [0x00007f36930a0000, 0x00007f38cb2afbc0, 0x00007f38cb2afc00, 0x00007f38cdf93000)
 Metaspace       used 24261K, capacity 24692K, committed 24832K, reserved 26624K
}
Event: 4370.973 GC heap after
{Heap after GC invocations=2839 (full 7):
 def new generation   total 4209408K, used 153643K [0x00007f2be8600000, 0x00007f2d05d80000, 0x00007f36930a0000)
  eden space 3741696K,   0% used [0x00007f2be8600000, 0x00007f2be8600000, 0x00007f2cccc00000)
  from space 467712K,  32% used [0x00007f2ce94c0000, 0x00007f2cf2acaf30, 0x00007f2d05d80000)
  to   space 467712K,   0% used [0x00007f2cccc00000, 0x00007f2cccc00000, 0x00007f2ce94c0000)
 tenured generation   total 9354188K, used 9325182K [0x00007f36930a0000, 0x00007f38cdf93000, 0x00007f4be8600000)
   the space 9354188K,  99% used [0x00007f36930a0000, 0x00007f38cc33fbb8, 0x00007f38cc33fc00, 0x00007f38cdf93000)
 Metaspace       used 24261K, capacity 24692K, committed 24832K, reserved 26624K
}
Event: 4374.910 GC heap before
{Heap before GC invocations=2839 (full 7):
 def new generation   total 4209408K, used 3895339K [0x00007f2be8600000, 0x00007f2d05d80000, 0x00007f36930a0000)
  eden space 3741696K, 100% used [0x00007f2be8600000, 0x00007f2cccc00000, 0x00007f2cccc00000)
  from space 467712K,  32% used [0x00007f2ce94c0000, 0x00007f2cf2acaf30, 0x00007f2d05d80000)
  to   space 467712K,   0% used [0x00007f2cccc00000, 0x00007f2cccc00000, 0x00007f2ce94c0000)
 tenured generation   total 9354188K, used 9325182K [0x00007f36930a0000, 0x00007f38cdf93000, 0x00007f4be8600000)
   the space 9354188K,  99% used [0x00007f36930a0000, 0x00007f38cc33fbb8, 0x00007f38cc33fc00, 0x00007f38cdf93000)
 Metaspace       used 24261K, capacity 24692K, committed 24832K, reserved 26624K
}
Event: 4375.013 GC heap after
{Heap after GC invocations=2840 (full 7):
 def new generation   total 4209408K, used 149568K [0x00007f2be8600000, 0x00007f2d05d80000, 0x00007f36930a0000)
  eden space 3741696K,   0% used [0x00007f2be8600000, 0x00007f2be8600000, 0x00007f2cccc00000)
  from space 467712K,  31% used [0x00007f2cccc00000, 0x00007f2cd5e10000, 0x00007f2ce94c0000)
  to   space 467712K,   0% used [0x00007f2ce94c0000, 0x00007f2ce94c0000, 0x00007f2d05d80000)
 tenured generation   total 9354188K, used 9325182K [0x00007f36930a0000, 0x00007f38cdf93000, 0x00007f4be8600000)
   the space 9354188K,  99% used [0x00007f36930a0000, 0x00007f38cc33fbb8, 0x00007f38cc33fc00, 0x00007f38cdf93000)
 Metaspace       used 24261K, capacity 24692K, committed 24832K, reserved 26624K
}
Event: 4377.996 GC heap before
{Heap before GC invocations=2840 (full 7):
 def new generation   total 4209408K, used 3891264K [0x00007f2be8600000, 0x00007f2d05d80000, 0x00007f36930a0000)
  eden space 3741696K, 100% used [0x00007f2be8600000, 0x00007f2cccc00000, 0x00007f2cccc00000)
  from space 467712K,  31% used [0x00007f2cccc00000, 0x00007f2cd5e10000, 0x00007f2ce94c0000)
  to   space 467712K,   0% used [0x00007f2ce94c0000, 0x00007f2ce94c0000, 0x00007f2d05d80000)
 tenured generation   total 9354188K, used 9325182K [0x00007f36930a0000, 0x00007f38cdf93000, 0x00007f4be8600000)
   the space 9354188K,  99% used [0x00007f36930a0000, 0x00007f38cc33fbb8, 0x00007f38cc33fc00, 0x00007f38cdf93000)
 Metaspace       used 24261K, capacity 24692K, committed 24832K, reserved 26624K
}
Event: 4378.125 GC heap after
{Heap after GC invocations=2841 (full 7):
 def new generation   total 4209408K, used 135673K [0x00007f2be8600000, 0x00007f2d05d80000, 0x00007f36930a0000)
  eden space 3741696K,   0% used [0x00007f2be8600000, 0x00007f2be8600000, 0x00007f2cccc00000)
  from space 467712K,  29% used [0x00007f2ce94c0000, 0x00007f2cf193e488, 0x00007f2d05d80000)
  to   space 467712K,   0% used [0x00007f2cccc00000, 0x00007f2cccc00000, 0x00007f2ce94c0000)
 tenured generation   total 9354188K, used 9342142K [0x00007f36930a0000, 0x00007f38cdf93000, 0x00007f4be8600000)
   the space 9354188K,  99% used [0x00007f36930a0000, 0x00007f38cd3cfbb0, 0x00007f38cd3cfc00, 0x00007f38cdf93000)
 Metaspace       used 24261K, capacity 24692K, committed 24832K, reserved 26624K
}
Event: 4381.921 GC heap before
{Heap before GC invocations=2841 (full 7):
 def new generation   total 4209408K, used 3877369K [0x00007f2be8600000, 0x00007f2d05d80000, 0x00007f36930a0000)
  eden space 3741696K, 100% used [0x00007f2be8600000, 0x00007f2cccc00000, 0x00007f2cccc00000)
  from space 467712K,  29% used [0x00007f2ce94c0000, 0x00007f2cf193e488, 0x00007f2d05d80000)
  to   space 467712K,   0% used [0x00007f2cccc00000, 0x00007f2cccc00000, 0x00007f2ce94c0000)
 tenured generation   total 9354188K, used 9342142K [0x00007f36930a0000, 0x00007f38cdf93000, 0x00007f4be8600000)
   the space 9354188K,  99% used [0x00007f36930a0000, 0x00007f38cd3cfbb0, 0x00007f38cd3cfc00, 0x00007f38cdf93000)
 Metaspace       used 24261K, capacity 24692K, committed 24832K, reserved 26624K
}
Event: 4382.023 GC heap after
{Heap after GC invocations=2842 (full 7):
 def new generation   total 4209408K, used 145971K [0x00007f2be8600000, 0x00007f2d05d80000, 0x00007f36930a0000)
  eden space 3741696K,   0% used [0x00007f2be8600000, 0x00007f2be8600000, 0x00007f2cccc00000)
  from space 467712K,  31% used [0x00007f2cccc00000, 0x00007f2cd5a8ccb0, 0x00007f2ce94c0000)
  to   space 467712K,   0% used [0x00007f2ce94c0000, 0x00007f2ce94c0000, 0x00007f2d05d80000)
 tenured generation   total 9354188K, used 9342142K [0x00007f36930a0000, 0x00007f38cdf93000, 0x00007f4be8600000)
   the space 9354188K,  99% used [0x00007f36930a0000, 0x00007f38cd3cfbb0, 0x00007f38cd3cfc00, 0x00007f38cdf93000)
 Metaspace       used 24261K, capacity 24692K, committed 24832K, reserved 26624K
}
Event: 4385.099 GC heap before
{Heap before GC invocations=2842 (full 7):
 def new generation   total 4209408K, used 3887667K [0x00007f2be8600000, 0x00007f2d05d80000, 0x00007f36930a0000)
  eden space 3741696K, 100% used [0x00007f2be8600000, 0x00007f2cccc00000, 0x00007f2cccc00000)
  from space 467712K,  31% used [0x00007f2cccc00000, 0x00007f2cd5a8ccb0, 0x00007f2ce94c0000)
  to   space 467712K,   0% used [0x00007f2ce94c0000, 0x00007f2ce94c0000, 0x00007f2d05d80000)
 tenured generation   total 9354188K, used 9342142K [0x00007f36930a0000, 0x00007f38cdf93000, 0x00007f4be8600000)
   the space 9354188K,  99% used [0x00007f36930a0000, 0x00007f38cd3cfbb0, 0x00007f38cd3cfc00, 0x00007f38cdf93000)
 Metaspace       used 24261K, capacity 24692K, committed 24832K, reserved 26624K
}
Event: 4385.212 GC heap after
{Heap after GC invocations=2843 (full 7):
 def new generation   total 4209408K, used 136184K [0x00007f2be8600000, 0x00007f2d05d80000, 0x00007f36930a0000)
  eden space 3741696K,   0% used [0x00007f2be8600000, 0x00007f2be8600000, 0x00007f2cccc00000)
  from space 467712K,  29% used [0x00007f2ce94c0000, 0x00007f2cf19be0e8, 0x00007f2d05d80000)
  to   space 467712K,   0% used [0x00007f2cccc00000, 0x00007f2cccc00000, 0x00007f2ce94c0000)
 tenured generation   total 9370576K, used 9359102K [0x00007f36930a0000, 0x00007f38cef94000, 0x00007f4be8600000)
   the space 9370576K,  99% used [0x00007f36930a0000, 0x00007f38ce45fba8, 0x00007f38ce45fc00, 0x00007f38cef94000)
 Metaspace       used 24261K, capacity 24692K, committed 24832K, reserved 26624K
}
Event: 4385.212 GC heap before
{Heap before GC invocations=2843 (full 7):
 def new generation   total 4209408K, used 136184K [0x00007f2be8600000, 0x00007f2d05d80000, 0x00007f36930a0000)
  eden space 3741696K,   0% used [0x00007f2be8600000, 0x00007f2be8600000, 0x00007f2cccc00000)
  from space 467712K,  29% used [0x00007f2ce94c0000, 0x00007f2cf19be0e8, 0x00007f2d05d80000)
  to   space 467712K,   0% used [0x00007f2cccc00000, 0x00007f2cccc00000, 0x00007f2ce94c0000)
 tenured generation   total 9370576K, used 9359102K [0x00007f36930a0000, 0x00007f38cef94000, 0x00007f4be8600000)
   the space 9370576K,  99% used [0x00007f36930a0000, 0x00007f38ce45fba8, 0x00007f38ce45fc00, 0x00007f38cef94000)
 Metaspace       used 24261K, capacity 24692K, committed 24832K, reserved 26624K
}

