# JRE version: OpenJDK Runtime Environment (13.0.7+5) (build 13.0.7+5-Ubuntu-0ubuntu120.04)
# Java VM: OpenJDK 64-Bit Server VM (13.0.7+5-Ubuntu-0ubuntu120.04, mixed mode, tiered, serial gc, linux-amd64)
Heap:
 def new generation   total 629248K, used 0K [0x00007f36b0600000, 0x00007f36db0c0000, 0x00007f3c05b50000)
  eden space 559360K,   0% used [0x00007f36b0600000, 0x00007f36b0600000, 0x00007f36d2840000)
  from space 69888K,   0% used [0x00007f36d2840000, 0x00007f36d2840000, 0x00007f36d6c80000)
  to   space 69888K,   0% used [0x00007f36d6c80000, 0x00007f36d6c80000, 0x00007f36db0c0000)
 tenured generation   total 1398144K, used 22975K [0x00007f3c05b50000, 0x00007f3c5b0b0000, 0x00007f46b0600000)
   the space 1398144K,   1% used [0x00007f3c05b50000, 0x00007f3c071bfe18, 0x00007f3c071c0000, 0x00007f3c5b0b0000)
 Metaspace       used 23085K, capacity 23457K, committed 23552K, reserved 24576K
GC Heap History (8 events):
Event: 2.782 GC heap before
{Heap before GC invocations=0 (full 0):
 def new generation   total 629120K, used 89478K [0x00007f36b0600000, 0x00007f36db0a0000, 0x00007f3c05b50000)
  eden space 559232K,  16% used [0x00007f36b0600000, 0x00007f36b5d61890, 0x00007f36d2820000)
  from space 69888K,   0% used [0x00007f36d2820000, 0x00007f36d2820000, 0x00007f36d6c60000)
  to   space 69888K,   0% used [0x00007f36d6c60000, 0x00007f36d6c60000, 0x00007f36db0a0000)
 tenured generation   total 1398144K, used 0K [0x00007f3c05b50000, 0x00007f3c5b0b0000, 0x00007f46b0600000)
   the space 1398144K,   0% used [0x00007f3c05b50000, 0x00007f3c05b50000, 0x00007f3c05b50200, 0x00007f3c5b0b0000)
 Metaspace       used 20908K, capacity 21220K, committed 21248K, reserved 22528K
}
Event: 2.874 GC heap after
{Heap after GC invocations=1 (full 1):
 def new generation   total 629248K, used 0K [0x00007f36b0600000, 0x00007f36db0c0000, 0x00007f3c05b50000)
  eden space 559360K,   0% used [0x00007f36b0600000, 0x00007f36b0600000, 0x00007f36d2840000)
  from space 69888K,   0% used [0x00007f36d2840000, 0x00007f36d2840000, 0x00007f36d6c80000)
  to   space 69888K,   0% used [0x00007f36d6c80000, 0x00007f36d6c80000, 0x00007f36db0c0000)
 tenured generation   total 1398144K, used 13579K [0x00007f3c05b50000, 0x00007f3c5b0b0000, 0x00007f46b0600000)
   the space 1398144K,   0% used [0x00007f3c05b50000, 0x00007f3c06892e50, 0x00007f3c06893000, 0x00007f3c5b0b0000)
 Metaspace       used 20908K, capacity 21220K, committed 21248K, reserved 22528K
}
Event: 4.931 GC heap before
{Heap before GC invocations=1 (full 1):
 def new generation   total 629248K, used 559360K [0x00007f36b0600000, 0x00007f36db0c0000, 0x00007f3c05b50000)
  eden space 559360K, 100% used [0x00007f36b0600000, 0x00007f36d2840000, 0x00007f36d2840000)
  from space 69888K,   0% used [0x00007f36d2840000, 0x00007f36d2840000, 0x00007f36d6c80000)
  to   space 69888K,   0% used [0x00007f36d6c80000, 0x00007f36d6c80000, 0x00007f36db0c0000)
 tenured generation   total 1398144K, used 13579K [0x00007f3c05b50000, 0x00007f3c5b0b0000, 0x00007f46b0600000)
   the space 1398144K,   0% used [0x00007f3c05b50000, 0x00007f3c06892e50, 0x00007f3c06893000, 0x00007f3c5b0b0000)
 Metaspace       used 22926K, capacity 23307K, committed 23552K, reserved 24576K
}
Event: 4.939 GC heap after
{Heap after GC invocations=2 (full 1):
 def new generation   total 629248K, used 781K [0x00007f36b0600000, 0x00007f36db0c0000, 0x00007f3c05b50000)
  eden space 559360K,   0% used [0x00007f36b0600000, 0x00007f36b0600000, 0x00007f36d2840000)
  from space 69888K,   1% used [0x00007f36d6c80000, 0x00007f36d6d436a8, 0x00007f36db0c0000)
  to   space 69888K,   0% used [0x00007f36d2840000, 0x00007f36d2840000, 0x00007f36d6c80000)
 tenured generation   total 1398144K, used 13579K [0x00007f3c05b50000, 0x00007f3c5b0b0000, 0x00007f46b0600000)
   the space 1398144K,   0% used [0x00007f3c05b50000, 0x00007f3c06892e50, 0x00007f3c06893000, 0x00007f3c5b0b0000)
 Metaspace       used 22926K, capacity 23307K, committed 23552K, reserved 24576K
}
Event: 6.905 GC heap before
{Heap before GC invocations=2 (full 1):
 def new generation   total 629248K, used 505704K [0x00007f36b0600000, 0x00007f36db0c0000, 0x00007f3c05b50000)
  eden space 559360K,  90% used [0x00007f36b0600000, 0x00007f36cf316b70, 0x00007f36d2840000)
  from space 69888K,   1% used [0x00007f36d6c80000, 0x00007f36d6d436a8, 0x00007f36db0c0000)
  to   space 69888K,   0% used [0x00007f36d2840000, 0x00007f36d2840000, 0x00007f36d6c80000)
 tenured generation   total 1398144K, used 13579K [0x00007f3c05b50000, 0x00007f3c5b0b0000, 0x00007f46b0600000)
   the space 1398144K,   0% used [0x00007f3c05b50000, 0x00007f3c06892e50, 0x00007f3c06893000, 0x00007f3c5b0b0000)
 Metaspace       used 23085K, capacity 23457K, committed 23552K, reserved 24576K
}
Event: 6.944 GC heap after
{Heap after GC invocations=3 (full 1):
 def new generation   total 629248K, used 9396K [0x00007f36b0600000, 0x00007f36db0c0000, 0x00007f3c05b50000)
  eden space 559360K,   0% used [0x00007f36b0600000, 0x00007f36b0600000, 0x00007f36d2840000)
  from space 69888K,  13% used [0x00007f36d2840000, 0x00007f36d316d348, 0x00007f36d6c80000)
  to   space 69888K,   0% used [0x00007f36d6c80000, 0x00007f36d6c80000, 0x00007f36db0c0000)
 tenured generation   total 1398144K, used 13579K [0x00007f3c05b50000, 0x00007f3c5b0b0000, 0x00007f46b0600000)
   the space 1398144K,   0% used [0x00007f3c05b50000, 0x00007f3c06892e50, 0x00007f3c06893000, 0x00007f3c5b0b0000)
 Metaspace       used 23085K, capacity 23457K, committed 23552K, reserved 24576K
}
Event: 6.944 GC heap before
{Heap before GC invocations=3 (full 1):
 def new generation   total 629248K, used 9396K [0x00007f36b0600000, 0x00007f36db0c0000, 0x00007f3c05b50000)
  eden space 559360K,   0% used [0x00007f36b0600000, 0x00007f36b0600000, 0x00007f36d2840000)
  from space 69888K,  13% used [0x00007f36d2840000, 0x00007f36d316d348, 0x00007f36d6c80000)
  to   space 69888K,   0% used [0x00007f36d6c80000, 0x00007f36d6c80000, 0x00007f36db0c0000)
 tenured generation   total 1398144K, used 13579K [0x00007f3c05b50000, 0x00007f3c5b0b0000, 0x00007f46b0600000)
   the space 1398144K,   0% used [0x00007f3c05b50000, 0x00007f3c06892e50, 0x00007f3c06893000, 0x00007f3c5b0b0000)
 Metaspace       used 23085K, capacity 23457K, committed 23552K, reserved 24576K
}
Event: 7.004 GC heap after
{Heap after GC invocations=3 (full 2):
 def new generation   total 629248K, used 0K [0x00007f36b0600000, 0x00007f36db0c0000, 0x00007f3c05b50000)
  eden space 559360K,   0% used [0x00007f36b0600000, 0x00007f36b0600000, 0x00007f36d2840000)
  from space 69888K,   0% used [0x00007f36d2840000, 0x00007f36d2840000, 0x00007f36d6c80000)
  to   space 69888K,   0% used [0x00007f36d6c80000, 0x00007f36d6c80000, 0x00007f36db0c0000)
 tenured generation   total 1398144K, used 22975K [0x00007f3c05b50000, 0x00007f3c5b0b0000, 0x00007f46b0600000)
   the space 1398144K,   1% used [0x00007f3c05b50000, 0x00007f3c071bfe18, 0x00007f3c071c0000, 0x00007f3c5b0b0000)
 Metaspace       used 23085K, capacity 23457K, committed 23552K, reserved 24576K
}

