# JRE version: OpenJDK Runtime Environment (13.0.7+5) (build 13.0.7+5-Ubuntu-0ubuntu120.04)
# Java VM: OpenJDK 64-Bit Server VM (13.0.7+5-Ubuntu-0ubuntu120.04, mixed mode, tiered, serial gc, linux-amd64)
Heap:
 def new generation   total 2647872K, used 123312K [0x00007eea48600000, 0x00007eeafbf20000, 0x00007ef4f30a0000)
  eden space 2353664K,   5% used [0x00007eea48600000, 0x00007eea4fe6c048, 0x00007eead8080000)
  from space 294208K,   0% used [0x00007eead8080000, 0x00007eead8080000, 0x00007eeae9fd0000)
  to   space 294208K,   0% used [0x00007eeae9fd0000, 0x00007eeae9fd0000, 0x00007eeafbf20000)
 tenured generation   total 5900516K, used 5898657K [0x00007ef4f30a0000, 0x00007ef65b2d9000, 0x00007f0a48600000)
   the space 5900516K,  99% used [0x00007ef4f30a0000, 0x00007ef65b1087c0, 0x00007ef65b108800, 0x00007ef65b2d9000)
 Metaspace       used 24226K, capacity 24648K, committed 24832K, reserved 26624K
GC Heap History (20 events):
Event: 1673.122 GC heap after
{Heap after GC invocations=1303 (full 6):
 def new generation   total 2647872K, used 152616K [0x00007eea48600000, 0x00007eeafbf20000, 0x00007ef4f30a0000)
  eden space 2353664K,   0% used [0x00007eea48600000, 0x00007eea48600000, 0x00007eead8080000)
  from space 294208K,  51% used [0x00007eeae9fd0000, 0x00007eeaf34da380, 0x00007eeafbf20000)
  to   space 294208K,   0% used [0x00007eead8080000, 0x00007eead8080000, 0x00007eeae9fd0000)
 tenured generation   total 5884128K, used 5785586K [0x00007ef4f30a0000, 0x00007ef65a2d8000, 0x00007f0a48600000)
   the space 5884128K,  98% used [0x00007ef4f30a0000, 0x00007ef65429c9e0, 0x00007ef65429ca00, 0x00007ef65a2d8000)
 Metaspace       used 24225K, capacity 24648K, committed 24832K, reserved 26624K
}
Event: 1676.145 GC heap before
{Heap before GC invocations=1303 (full 6):
 def new generation   total 2647872K, used 2506280K [0x00007eea48600000, 0x00007eeafbf20000, 0x00007ef4f30a0000)
  eden space 2353664K, 100% used [0x00007eea48600000, 0x00007eead8080000, 0x00007eead8080000)
  from space 294208K,  51% used [0x00007eeae9fd0000, 0x00007eeaf34da380, 0x00007eeafbf20000)
  to   space 294208K,   0% used [0x00007eead8080000, 0x00007eead8080000, 0x00007eeae9fd0000)
 tenured generation   total 5884128K, used 5785586K [0x00007ef4f30a0000, 0x00007ef65a2d8000, 0x00007f0a48600000)
   the space 5884128K,  98% used [0x00007ef4f30a0000, 0x00007ef65429c9e0, 0x00007ef65429ca00, 0x00007ef65a2d8000)
 Metaspace       used 24225K, capacity 24648K, committed 24832K, reserved 26624K
}
Event: 1676.295 GC heap after
{Heap after GC invocations=1304 (full 6):
 def new generation   total 2647872K, used 162883K [0x00007eea48600000, 0x00007eeafbf20000, 0x00007ef4f30a0000)
  eden space 2353664K,   0% used [0x00007eea48600000, 0x00007eea48600000, 0x00007eead8080000)
  from space 294208K,  55% used [0x00007eead8080000, 0x00007eeae1f90e30, 0x00007eeae9fd0000)
  to   space 294208K,   0% used [0x00007eeae9fd0000, 0x00007eeae9fd0000, 0x00007eeafbf20000)
 tenured generation   total 5884128K, used 5802545K [0x00007ef4f30a0000, 0x00007ef65a2d8000, 0x00007f0a48600000)
   the space 5884128K,  98% used [0x00007ef4f30a0000, 0x00007ef65532c5e8, 0x00007ef65532c600, 0x00007ef65a2d8000)
 Metaspace       used 24225K, capacity 24648K, committed 24832K, reserved 26624K
}
Event: 1678.735 GC heap before
{Heap before GC invocations=1304 (full 6):
 def new generation   total 2647872K, used 2516547K [0x00007eea48600000, 0x00007eeafbf20000, 0x00007ef4f30a0000)
  eden space 2353664K, 100% used [0x00007eea48600000, 0x00007eead8080000, 0x00007eead8080000)
  from space 294208K,  55% used [0x00007eead8080000, 0x00007eeae1f90e30, 0x00007eeae9fd0000)
  to   space 294208K,   0% used [0x00007eeae9fd0000, 0x00007eeae9fd0000, 0x00007eeafbf20000)
 tenured generation   total 5884128K, used 5802545K [0x00007ef4f30a0000, 0x00007ef65a2d8000, 0x00007f0a48600000)
   the space 5884128K,  98% used [0x00007ef4f30a0000, 0x00007ef65532c5e8, 0x00007ef65532c600, 0x00007ef65a2d8000)
 Metaspace       used 24225K, capacity 24648K, committed 24832K, reserved 26624K
}
Event: 1678.878 GC heap after
{Heap after GC invocations=1305 (full 6):
 def new generation   total 2647872K, used 136162K [0x00007eea48600000, 0x00007eeafbf20000, 0x00007ef4f30a0000)
  eden space 2353664K,   0% used [0x00007eea48600000, 0x00007eea48600000, 0x00007eead8080000)
  from space 294208K,  46% used [0x00007eeae9fd0000, 0x00007eeaf24c88d0, 0x00007eeafbf20000)
  to   space 294208K,   0% used [0x00007eead8080000, 0x00007eead8080000, 0x00007eeae9fd0000)
 tenured generation   total 5884128K, used 5819504K [0x00007ef4f30a0000, 0x00007ef65a2d8000, 0x00007f0a48600000)
   the space 5884128K,  98% used [0x00007ef4f30a0000, 0x00007ef6563bc2d8, 0x00007ef6563bc400, 0x00007ef65a2d8000)
 Metaspace       used 24225K, capacity 24648K, committed 24832K, reserved 26624K
}
Event: 1681.787 GC heap before
{Heap before GC invocations=1305 (full 6):
 def new generation   total 2647872K, used 2489826K [0x00007eea48600000, 0x00007eeafbf20000, 0x00007ef4f30a0000)
  eden space 2353664K, 100% used [0x00007eea48600000, 0x00007eead8080000, 0x00007eead8080000)
  from space 294208K,  46% used [0x00007eeae9fd0000, 0x00007eeaf24c88d0, 0x00007eeafbf20000)
  to   space 294208K,   0% used [0x00007eead8080000, 0x00007eead8080000, 0x00007eeae9fd0000)
 tenured generation   total 5884128K, used 5819504K [0x00007ef4f30a0000, 0x00007ef65a2d8000, 0x00007f0a48600000)
   the space 5884128K,  98% used [0x00007ef4f30a0000, 0x00007ef6563bc2d8, 0x00007ef6563bc400, 0x00007ef65a2d8000)
 Metaspace       used 24225K, capacity 24648K, committed 24832K, reserved 26624K
}
Event: 1681.890 GC heap after
{Heap after GC invocations=1306 (full 6):
 def new generation   total 2647872K, used 145958K [0x00007eea48600000, 0x00007eeafbf20000, 0x00007ef4f30a0000)
  eden space 2353664K,   0% used [0x00007eea48600000, 0x00007eea48600000, 0x00007eead8080000)
  from space 294208K,  49% used [0x00007eead8080000, 0x00007eeae0f099c0, 0x00007eeae9fd0000)
  to   space 294208K,   0% used [0x00007eeae9fd0000, 0x00007eeae9fd0000, 0x00007eeafbf20000)
 tenured generation   total 5884128K, used 5819504K [0x00007ef4f30a0000, 0x00007ef65a2d8000, 0x00007f0a48600000)
   the space 5884128K,  98% used [0x00007ef4f30a0000, 0x00007ef6563bc2d8, 0x00007ef6563bc400, 0x00007ef65a2d8000)
 Metaspace       used 24225K, capacity 24648K, committed 24832K, reserved 26624K
}
Event: 1684.498 GC heap before
{Heap before GC invocations=1306 (full 6):
 def new generation   total 2647872K, used 2499622K [0x00007eea48600000, 0x00007eeafbf20000, 0x00007ef4f30a0000)
  eden space 2353664K, 100% used [0x00007eea48600000, 0x00007eead8080000, 0x00007eead8080000)
  from space 294208K,  49% used [0x00007eead8080000, 0x00007eeae0f099c0, 0x00007eeae9fd0000)
  to   space 294208K,   0% used [0x00007eeae9fd0000, 0x00007eeae9fd0000, 0x00007eeafbf20000)
 tenured generation   total 5884128K, used 5819504K [0x00007ef4f30a0000, 0x00007ef65a2d8000, 0x00007f0a48600000)
   the space 5884128K,  98% used [0x00007ef4f30a0000, 0x00007ef6563bc2d8, 0x00007ef6563bc400, 0x00007ef65a2d8000)
 Metaspace       used 24225K, capacity 24648K, committed 24832K, reserved 26624K
}
Event: 1684.618 GC heap after
{Heap after GC invocations=1307 (full 6):
 def new generation   total 2647872K, used 152611K [0x00007eea48600000, 0x00007eeafbf20000, 0x00007ef4f30a0000)
  eden space 2353664K,   0% used [0x00007eea48600000, 0x00007eea48600000, 0x00007eead8080000)
  from space 294208K,  51% used [0x00007eeae9fd0000, 0x00007eeaf34d8d68, 0x00007eeafbf20000)
  to   space 294208K,   0% used [0x00007eead8080000, 0x00007eead8080000, 0x00007eeae9fd0000)
 tenured generation   total 5884128K, used 5819504K [0x00007ef4f30a0000, 0x00007ef65a2d8000, 0x00007f0a48600000)
   the space 5884128K,  98% used [0x00007ef4f30a0000, 0x00007ef6563bc2d8, 0x00007ef6563bc400, 0x00007ef65a2d8000)
 Metaspace       used 24225K, capacity 24648K, committed 24832K, reserved 26624K
}
Event: 1687.680 GC heap before
{Heap before GC invocations=1307 (full 6):
 def new generation   total 2647872K, used 2506275K [0x00007eea48600000, 0x00007eeafbf20000, 0x00007ef4f30a0000)
  eden space 2353664K, 100% used [0x00007eea48600000, 0x00007eead8080000, 0x00007eead8080000)
  from space 294208K,  51% used [0x00007eeae9fd0000, 0x00007eeaf34d8d68, 0x00007eeafbf20000)
  to   space 294208K,   0% used [0x00007eead8080000, 0x00007eead8080000, 0x00007eeae9fd0000)
 tenured generation   total 5884128K, used 5819504K [0x00007ef4f30a0000, 0x00007ef65a2d8000, 0x00007f0a48600000)
   the space 5884128K,  98% used [0x00007ef4f30a0000, 0x00007ef6563bc2d8, 0x00007ef6563bc400, 0x00007ef65a2d8000)
 Metaspace       used 24225K, capacity 24648K, committed 24832K, reserved 26624K
}
Event: 1687.822 GC heap after
{Heap after GC invocations=1308 (full 6):
 def new generation   total 2647872K, used 148513K [0x00007eea48600000, 0x00007eeafbf20000, 0x00007ef4f30a0000)
  eden space 2353664K,   0% used [0x00007eea48600000, 0x00007eea48600000, 0x00007eead8080000)
  from space 294208K,  50% used [0x00007eead8080000, 0x00007eeae11886b8, 0x00007eeae9fd0000)
  to   space 294208K,   0% used [0x00007eeae9fd0000, 0x00007eeae9fd0000, 0x00007eeafbf20000)
 tenured generation   total 5884128K, used 5836463K [0x00007ef4f30a0000, 0x00007ef65a2d8000, 0x00007f0a48600000)
   the space 5884128K,  99% used [0x00007ef4f30a0000, 0x00007ef65744be50, 0x00007ef65744c000, 0x00007ef65a2d8000)
 Metaspace       used 24225K, capacity 24648K, committed 24832K, reserved 26624K
}
Event: 1690.270 GC heap before
{Heap before GC invocations=1308 (full 6):
 def new generation   total 2647872K, used 2502177K [0x00007eea48600000, 0x00007eeafbf20000, 0x00007ef4f30a0000)
  eden space 2353664K, 100% used [0x00007eea48600000, 0x00007eead8080000, 0x00007eead8080000)
  from space 294208K,  50% used [0x00007eead8080000, 0x00007eeae11886b8, 0x00007eeae9fd0000)
  to   space 294208K,   0% used [0x00007eeae9fd0000, 0x00007eeae9fd0000, 0x00007eeafbf20000)
 tenured generation   total 5884128K, used 5836463K [0x00007ef4f30a0000, 0x00007ef65a2d8000, 0x00007f0a48600000)
   the space 5884128K,  99% used [0x00007ef4f30a0000, 0x00007ef65744be50, 0x00007ef65744c000, 0x00007ef65a2d8000)
 Metaspace       used 24225K, capacity 24648K, committed 24832K, reserved 26624K
}
Event: 1690.395 GC heap after
{Heap after GC invocations=1309 (full 6):
 def new generation   total 2647872K, used 135660K [0x00007eea48600000, 0x00007eeafbf20000, 0x00007ef4f30a0000)
  eden space 2353664K,   0% used [0x00007eea48600000, 0x00007eea48600000, 0x00007eead8080000)
  from space 294208K,  46% used [0x00007eeae9fd0000, 0x00007eeaf244b328, 0x00007eeafbf20000)
  to   space 294208K,   0% used [0x00007eead8080000, 0x00007eead8080000, 0x00007eeae9fd0000)
 tenured generation   total 5884128K, used 5853422K [0x00007ef4f30a0000, 0x00007ef65a2d8000, 0x00007f0a48600000)
   the space 5884128K,  99% used [0x00007ef4f30a0000, 0x00007ef6584db9c8, 0x00007ef6584dba00, 0x00007ef65a2d8000)
 Metaspace       used 24225K, capacity 24648K, committed 24832K, reserved 26624K
}
Event: 1693.685 GC heap before
{Heap before GC invocations=1309 (full 6):
 def new generation   total 2647872K, used 2489324K [0x00007eea48600000, 0x00007eeafbf20000, 0x00007ef4f30a0000)
  eden space 2353664K, 100% used [0x00007eea48600000, 0x00007eead8080000, 0x00007eead8080000)
  from space 294208K,  46% used [0x00007eeae9fd0000, 0x00007eeaf244b328, 0x00007eeafbf20000)
  to   space 294208K,   0% used [0x00007eead8080000, 0x00007eead8080000, 0x00007eeae9fd0000)
 tenured generation   total 5884128K, used 5853422K [0x00007ef4f30a0000, 0x00007ef65a2d8000, 0x00007f0a48600000)
   the space 5884128K,  99% used [0x00007ef4f30a0000, 0x00007ef6584db9c8, 0x00007ef6584dba00, 0x00007ef65a2d8000)
 Metaspace       used 24225K, capacity 24648K, committed 24832K, reserved 26624K
}
Event: 1693.780 GC heap after
{Heap after GC invocations=1310 (full 6):
 def new generation   total 2647872K, used 148520K [0x00007eea48600000, 0x00007eeafbf20000, 0x00007ef4f30a0000)
  eden space 2353664K,   0% used [0x00007eea48600000, 0x00007eea48600000, 0x00007eead8080000)
  from space 294208K,  50% used [0x00007eead8080000, 0x00007eeae118a0a0, 0x00007eeae9fd0000)
  to   space 294208K,   0% used [0x00007eeae9fd0000, 0x00007eeae9fd0000, 0x00007eeafbf20000)
 tenured generation   total 5884128K, used 5853422K [0x00007ef4f30a0000, 0x00007ef65a2d8000, 0x00007f0a48600000)
   the space 5884128K,  99% used [0x00007ef4f30a0000, 0x00007ef6584db9c8, 0x00007ef6584dba00, 0x00007ef65a2d8000)
 Metaspace       used 24225K, capacity 24648K, committed 24832K, reserved 26624K
}
Event: 1695.989 GC heap before
{Heap before GC invocations=1310 (full 6):
 def new generation   total 2647872K, used 2502184K [0x00007eea48600000, 0x00007eeafbf20000, 0x00007ef4f30a0000)
  eden space 2353664K, 100% used [0x00007eea48600000, 0x00007eead8080000, 0x00007eead8080000)
  from space 294208K,  50% used [0x00007eead8080000, 0x00007eeae118a0a0, 0x00007eeae9fd0000)
  to   space 294208K,   0% used [0x00007eeae9fd0000, 0x00007eeae9fd0000, 0x00007eeafbf20000)
 tenured generation   total 5884128K, used 5853422K [0x00007ef4f30a0000, 0x00007ef65a2d8000, 0x00007f0a48600000)
   the space 5884128K,  99% used [0x00007ef4f30a0000, 0x00007ef6584db9c8, 0x00007ef6584dba00, 0x00007ef65a2d8000)
 Metaspace       used 24226K, capacity 24648K, committed 24832K, reserved 26624K
}
Event: 1696.164 GC heap after
{Heap after GC invocations=1311 (full 6):
 def new generation   total 2647872K, used 153624K [0x00007eea48600000, 0x00007eeafbf20000, 0x00007ef4f30a0000)
  eden space 2353664K,   0% used [0x00007eea48600000, 0x00007eea48600000, 0x00007eead8080000)
  from space 294208K,  52% used [0x00007eeae9fd0000, 0x00007eeaf35d63b8, 0x00007eeafbf20000)
  to   space 294208K,   0% used [0x00007eead8080000, 0x00007eead8080000, 0x00007eeae9fd0000)
 tenured generation   total 5884128K, used 5870381K [0x00007ef4f30a0000, 0x00007ef65a2d8000, 0x00007f0a48600000)
   the space 5884128K,  99% used [0x00007ef4f30a0000, 0x00007ef65956b540, 0x00007ef65956b600, 0x00007ef65a2d8000)
 Metaspace       used 24226K, capacity 24648K, committed 24832K, reserved 26624K
}
Event: 1699.467 GC heap before
{Heap before GC invocations=1311 (full 6):
 def new generation   total 2647872K, used 2507288K [0x00007eea48600000, 0x00007eeafbf20000, 0x00007ef4f30a0000)
  eden space 2353664K, 100% used [0x00007eea48600000, 0x00007eead8080000, 0x00007eead8080000)
  from space 294208K,  52% used [0x00007eeae9fd0000, 0x00007eeaf35d63b8, 0x00007eeafbf20000)
  to   space 294208K,   0% used [0x00007eead8080000, 0x00007eead8080000, 0x00007eeae9fd0000)
 tenured generation   total 5884128K, used 5870381K [0x00007ef4f30a0000, 0x00007ef65a2d8000, 0x00007f0a48600000)
   the space 5884128K,  99% used [0x00007ef4f30a0000, 0x00007ef65956b540, 0x00007ef65956b600, 0x00007ef65a2d8000)
 Metaspace       used 24226K, capacity 24648K, committed 24832K, reserved 26624K
}
Event: 1699.641 GC heap after
{Heap after GC invocations=1312 (full 6):
 def new generation   total 2647872K, used 134629K [0x00007eea48600000, 0x00007eeafbf20000, 0x00007ef4f30a0000)
  eden space 2353664K,   0% used [0x00007eea48600000, 0x00007eea48600000, 0x00007eead8080000)
  from space 294208K,  45% used [0x00007eead8080000, 0x00007eeae03f9750, 0x00007eeae9fd0000)
  to   space 294208K,   0% used [0x00007eeae9fd0000, 0x00007eeae9fd0000, 0x00007eeafbf20000)
 tenured generation   total 5900516K, used 5887340K [0x00007ef4f30a0000, 0x00007ef65b2d9000, 0x00007f0a48600000)
   the space 5900516K,  99% used [0x00007ef4f30a0000, 0x00007ef65a5fb0b8, 0x00007ef65a5fb200, 0x00007ef65b2d9000)
 Metaspace       used 24226K, capacity 24648K, committed 24832K, reserved 26624K
}
Event: 1699.641 GC heap before
{Heap before GC invocations=1312 (full 6):
 def new generation   total 2647872K, used 134629K [0x00007eea48600000, 0x00007eeafbf20000, 0x00007ef4f30a0000)
  eden space 2353664K,   0% used [0x00007eea48600000, 0x00007eea48600000, 0x00007eead8080000)
  from space 294208K,  45% used [0x00007eead8080000, 0x00007eeae03f9750, 0x00007eeae9fd0000)
  to   space 294208K,   0% used [0x00007eeae9fd0000, 0x00007eeae9fd0000, 0x00007eeafbf20000)
 tenured generation   total 5900516K, used 5887340K [0x00007ef4f30a0000, 0x00007ef65b2d9000, 0x00007f0a48600000)
   the space 5900516K,  99% used [0x00007ef4f30a0000, 0x00007ef65a5fb0b8, 0x00007ef65a5fb200, 0x00007ef65b2d9000)
 Metaspace       used 24226K, capacity 24648K, committed 24832K, reserved 26624K
}

