# JRE version: OpenJDK Runtime Environment (13.0.7+5) (build 13.0.7+5-Ubuntu-0ubuntu120.04)
# Java VM: OpenJDK 64-Bit Server VM (13.0.7+5-Ubuntu-0ubuntu120.04, mixed mode, tiered, serial gc, linux-amd64)
Heap:
 def new generation   total 1748224K, used 14456K [0x00007f6628600000, 0x00007f669eef0000, 0x00007f6b7db50000)
  eden space 1553984K,   0% used [0x00007f6628600000, 0x00007f662941e030, 0x00007f6687390000)
  from space 194240K,   0% used [0x00007f6687390000, 0x00007f6687390000, 0x00007f6693140000)
  to   space 194240K,   0% used [0x00007f6693140000, 0x00007f6693140000, 0x00007f669eef0000)
 tenured generation   total 3886060K, used 3886059K [0x00007f6b7db50000, 0x00007f6c6ae4b000, 0x00007f7628600000)
   the space 3886060K,  99% used [0x00007f6b7db50000, 0x00007f6c6ae4afd8, 0x00007f6c6ae4b000, 0x00007f6c6ae4b000)
 Metaspace       used 24218K, capacity 24577K, committed 24832K, reserved 26624K
GC Heap History (20 events):
Event: 3962.741 GC heap after
{Heap after GC invocations=4388 (full 3):
 def new generation   total 1748224K, used 24564K [0x00007f6628600000, 0x00007f669eef0000, 0x00007f6b7db50000)
  eden space 1553984K,   0% used [0x00007f6628600000, 0x00007f6628600000, 0x00007f6687390000)
  from space 194240K,  12% used [0x00007f6693140000, 0x00007f669493d2c8, 0x00007f669eef0000)
  to   space 194240K,   0% used [0x00007f6687390000, 0x00007f6687390000, 0x00007f6693140000)
 tenured generation   total 3884908K, used 3872171K [0x00007f6b7db50000, 0x00007f6c6ad2b000, 0x00007f7628600000)
   the space 3884908K,  99% used [0x00007f6b7db50000, 0x00007f6c6a0bacd0, 0x00007f6c6a0bae00, 0x00007f6c6ad2b000)
 Metaspace       used 24218K, capacity 24577K, committed 24832K, reserved 26624K
}
Event: 3964.145 GC heap before
{Heap before GC invocations=4388 (full 3):
 def new generation   total 1748224K, used 1578548K [0x00007f6628600000, 0x00007f669eef0000, 0x00007f6b7db50000)
  eden space 1553984K, 100% used [0x00007f6628600000, 0x00007f6687390000, 0x00007f6687390000)
  from space 194240K,  12% used [0x00007f6693140000, 0x00007f669493d2c8, 0x00007f669eef0000)
  to   space 194240K,   0% used [0x00007f6687390000, 0x00007f6687390000, 0x00007f6693140000)
 tenured generation   total 3884908K, used 3872171K [0x00007f6b7db50000, 0x00007f6c6ad2b000, 0x00007f7628600000)
   the space 3884908K,  99% used [0x00007f6b7db50000, 0x00007f6c6a0bacd0, 0x00007f6c6a0bae00, 0x00007f6c6ad2b000)
 Metaspace       used 24218K, capacity 24577K, committed 24832K, reserved 26624K
}
Event: 3964.208 GC heap after
{Heap after GC invocations=4389 (full 3):
 def new generation   total 1748224K, used 24833K [0x00007f6628600000, 0x00007f669eef0000, 0x00007f6b7db50000)
  eden space 1553984K,   0% used [0x00007f6628600000, 0x00007f6628600000, 0x00007f6687390000)
  from space 194240K,  12% used [0x00007f6687390000, 0x00007f6688bd0780, 0x00007f6693140000)
  to   space 194240K,   0% used [0x00007f6693140000, 0x00007f6693140000, 0x00007f669eef0000)
 tenured generation   total 3884908K, used 3873767K [0x00007f6b7db50000, 0x00007f6c6ad2b000, 0x00007f7628600000)
   the space 3884908K,  99% used [0x00007f6b7db50000, 0x00007f6c6a249e90, 0x00007f6c6a24a000, 0x00007f6c6ad2b000)
 Metaspace       used 24218K, capacity 24577K, committed 24832K, reserved 26624K
}
Event: 3965.633 GC heap before
{Heap before GC invocations=4389 (full 3):
 def new generation   total 1748224K, used 1578817K [0x00007f6628600000, 0x00007f669eef0000, 0x00007f6b7db50000)
  eden space 1553984K, 100% used [0x00007f6628600000, 0x00007f6687390000, 0x00007f6687390000)
  from space 194240K,  12% used [0x00007f6687390000, 0x00007f6688bd0780, 0x00007f6693140000)
  to   space 194240K,   0% used [0x00007f6693140000, 0x00007f6693140000, 0x00007f669eef0000)
 tenured generation   total 3884908K, used 3873767K [0x00007f6b7db50000, 0x00007f6c6ad2b000, 0x00007f7628600000)
   the space 3884908K,  99% used [0x00007f6b7db50000, 0x00007f6c6a249e90, 0x00007f6c6a24a000, 0x00007f6c6ad2b000)
 Metaspace       used 24218K, capacity 24577K, committed 24832K, reserved 26624K
}
Event: 3965.694 GC heap after
{Heap after GC invocations=4390 (full 3):
 def new generation   total 1748224K, used 25582K [0x00007f6628600000, 0x00007f669eef0000, 0x00007f6b7db50000)
  eden space 1553984K,   0% used [0x00007f6628600000, 0x00007f6628600000, 0x00007f6687390000)
  from space 194240K,  13% used [0x00007f6693140000, 0x00007f6694a3bbe8, 0x00007f669eef0000)
  to   space 194240K,   0% used [0x00007f6687390000, 0x00007f6687390000, 0x00007f6693140000)
 tenured generation   total 3884908K, used 3875386K [0x00007f6b7db50000, 0x00007f6c6ad2b000, 0x00007f7628600000)
   the space 3884908K,  99% used [0x00007f6b7db50000, 0x00007f6c6a3de950, 0x00007f6c6a3dea00, 0x00007f6c6ad2b000)
 Metaspace       used 24218K, capacity 24577K, committed 24832K, reserved 26624K
}
Event: 3967.105 GC heap before
{Heap before GC invocations=4390 (full 3):
 def new generation   total 1748224K, used 1579566K [0x00007f6628600000, 0x00007f669eef0000, 0x00007f6b7db50000)
  eden space 1553984K, 100% used [0x00007f6628600000, 0x00007f6687390000, 0x00007f6687390000)
  from space 194240K,  13% used [0x00007f6693140000, 0x00007f6694a3bbe8, 0x00007f669eef0000)
  to   space 194240K,   0% used [0x00007f6687390000, 0x00007f6687390000, 0x00007f6693140000)
 tenured generation   total 3884908K, used 3875386K [0x00007f6b7db50000, 0x00007f6c6ad2b000, 0x00007f7628600000)
   the space 3884908K,  99% used [0x00007f6b7db50000, 0x00007f6c6a3de950, 0x00007f6c6a3dea00, 0x00007f6c6ad2b000)
 Metaspace       used 24218K, capacity 24577K, committed 24832K, reserved 26624K
}
Event: 3967.174 GC heap after
{Heap after GC invocations=4391 (full 3):
 def new generation   total 1748224K, used 26434K [0x00007f6628600000, 0x00007f669eef0000, 0x00007f6b7db50000)
  eden space 1553984K,   0% used [0x00007f6628600000, 0x00007f6628600000, 0x00007f6687390000)
  from space 194240K,  13% used [0x00007f6687390000, 0x00007f6688d60938, 0x00007f6693140000)
  to   space 194240K,   0% used [0x00007f6693140000, 0x00007f6693140000, 0x00007f669eef0000)
 tenured generation   total 3884908K, used 3876870K [0x00007f6b7db50000, 0x00007f6c6ad2b000, 0x00007f7628600000)
   the space 3884908K,  99% used [0x00007f6b7db50000, 0x00007f6c6a5518d8, 0x00007f6c6a551a00, 0x00007f6c6ad2b000)
 Metaspace       used 24218K, capacity 24577K, committed 24832K, reserved 26624K
}
Event: 3968.599 GC heap before
{Heap before GC invocations=4391 (full 3):
 def new generation   total 1748224K, used 1580418K [0x00007f6628600000, 0x00007f669eef0000, 0x00007f6b7db50000)
  eden space 1553984K, 100% used [0x00007f6628600000, 0x00007f6687390000, 0x00007f6687390000)
  from space 194240K,  13% used [0x00007f6687390000, 0x00007f6688d60938, 0x00007f6693140000)
  to   space 194240K,   0% used [0x00007f6693140000, 0x00007f6693140000, 0x00007f669eef0000)
 tenured generation   total 3884908K, used 3876870K [0x00007f6b7db50000, 0x00007f6c6ad2b000, 0x00007f7628600000)
   the space 3884908K,  99% used [0x00007f6b7db50000, 0x00007f6c6a5518d8, 0x00007f6c6a551a00, 0x00007f6c6ad2b000)
 Metaspace       used 24218K, capacity 24577K, committed 24832K, reserved 26624K
}
Event: 3968.673 GC heap after
{Heap after GC invocations=4392 (full 3):
 def new generation   total 1748224K, used 26129K [0x00007f6628600000, 0x00007f669eef0000, 0x00007f6b7db50000)
  eden space 1553984K,   0% used [0x00007f6628600000, 0x00007f6628600000, 0x00007f6687390000)
  from space 194240K,  13% used [0x00007f6693140000, 0x00007f6694ac44a0, 0x00007f669eef0000)
  to   space 194240K,   0% used [0x00007f6687390000, 0x00007f6687390000, 0x00007f6693140000)
 tenured generation   total 3884908K, used 3878344K [0x00007f6b7db50000, 0x00007f6c6ad2b000, 0x00007f7628600000)
   the space 3884908K,  99% used [0x00007f6b7db50000, 0x00007f6c6a6c2148, 0x00007f6c6a6c2200, 0x00007f6c6ad2b000)
 Metaspace       used 24218K, capacity 24577K, committed 24832K, reserved 26624K
}
Event: 3970.116 GC heap before
{Heap before GC invocations=4392 (full 3):
 def new generation   total 1748224K, used 1580113K [0x00007f6628600000, 0x00007f669eef0000, 0x00007f6b7db50000)
  eden space 1553984K, 100% used [0x00007f6628600000, 0x00007f6687390000, 0x00007f6687390000)
  from space 194240K,  13% used [0x00007f6693140000, 0x00007f6694ac44a0, 0x00007f669eef0000)
  to   space 194240K,   0% used [0x00007f6687390000, 0x00007f6687390000, 0x00007f6693140000)
 tenured generation   total 3884908K, used 3878344K [0x00007f6b7db50000, 0x00007f6c6ad2b000, 0x00007f7628600000)
   the space 3884908K,  99% used [0x00007f6b7db50000, 0x00007f6c6a6c2148, 0x00007f6c6a6c2200, 0x00007f6c6ad2b000)
 Metaspace       used 24218K, capacity 24577K, committed 24832K, reserved 26624K
}
Event: 3970.191 GC heap after
{Heap after GC invocations=4393 (full 3):
 def new generation   total 1748224K, used 26128K [0x00007f6628600000, 0x00007f669eef0000, 0x00007f6b7db50000)
  eden space 1553984K,   0% used [0x00007f6628600000, 0x00007f6628600000, 0x00007f6687390000)
  from space 194240K,  13% used [0x00007f6687390000, 0x00007f6688d142f8, 0x00007f6693140000)
  to   space 194240K,   0% used [0x00007f6693140000, 0x00007f6693140000, 0x00007f669eef0000)
 tenured generation   total 3884908K, used 3879940K [0x00007f6b7db50000, 0x00007f6c6ad2b000, 0x00007f7628600000)
   the space 3884908K,  99% used [0x00007f6b7db50000, 0x00007f6c6a851308, 0x00007f6c6a851400, 0x00007f6c6ad2b000)
 Metaspace       used 24218K, capacity 24577K, committed 24832K, reserved 26624K
}
Event: 3971.647 GC heap before
{Heap before GC invocations=4393 (full 3):
 def new generation   total 1748224K, used 1580112K [0x00007f6628600000, 0x00007f669eef0000, 0x00007f6b7db50000)
  eden space 1553984K, 100% used [0x00007f6628600000, 0x00007f6687390000, 0x00007f6687390000)
  from space 194240K,  13% used [0x00007f6687390000, 0x00007f6688d142f8, 0x00007f6693140000)
  to   space 194240K,   0% used [0x00007f6693140000, 0x00007f6693140000, 0x00007f669eef0000)
 tenured generation   total 3884908K, used 3879940K [0x00007f6b7db50000, 0x00007f6c6ad2b000, 0x00007f7628600000)
   the space 3884908K,  99% used [0x00007f6b7db50000, 0x00007f6c6a851308, 0x00007f6c6a851400, 0x00007f6c6ad2b000)
 Metaspace       used 24218K, capacity 24577K, committed 24832K, reserved 26624K
}
Event: 3971.714 GC heap after
{Heap after GC invocations=4394 (full 3):
 def new generation   total 1748224K, used 26130K [0x00007f6628600000, 0x00007f669eef0000, 0x00007f6b7db50000)
  eden space 1553984K,   0% used [0x00007f6628600000, 0x00007f6628600000, 0x00007f6687390000)
  from space 194240K,  13% used [0x00007f6693140000, 0x00007f6694ac4908, 0x00007f669eef0000)
  to   space 194240K,   0% used [0x00007f6687390000, 0x00007f6687390000, 0x00007f6693140000)
 tenured generation   total 3884908K, used 3881537K [0x00007f6b7db50000, 0x00007f6c6ad2b000, 0x00007f7628600000)
   the space 3884908K,  99% used [0x00007f6b7db50000, 0x00007f6c6a9e04c8, 0x00007f6c6a9e0600, 0x00007f6c6ad2b000)
 Metaspace       used 24218K, capacity 24577K, committed 24832K, reserved 26624K
}
Event: 3973.163 GC heap before
{Heap before GC invocations=4394 (full 3):
 def new generation   total 1748224K, used 1580114K [0x00007f6628600000, 0x00007f669eef0000, 0x00007f6b7db50000)
  eden space 1553984K, 100% used [0x00007f6628600000, 0x00007f6687390000, 0x00007f6687390000)
  from space 194240K,  13% used [0x00007f6693140000, 0x00007f6694ac4908, 0x00007f669eef0000)
  to   space 194240K,   0% used [0x00007f6687390000, 0x00007f6687390000, 0x00007f6693140000)
 tenured generation   total 3884908K, used 3881537K [0x00007f6b7db50000, 0x00007f6c6ad2b000, 0x00007f7628600000)
   the space 3884908K,  99% used [0x00007f6b7db50000, 0x00007f6c6a9e04c8, 0x00007f6c6a9e0600, 0x00007f6c6ad2b000)
 Metaspace       used 24218K, capacity 24577K, committed 24832K, reserved 26624K
}
Event: 3973.234 GC heap after
{Heap after GC invocations=4395 (full 3):
 def new generation   total 1748224K, used 26132K [0x00007f6628600000, 0x00007f669eef0000, 0x00007f6b7db50000)
  eden space 1553984K,   0% used [0x00007f6628600000, 0x00007f6628600000, 0x00007f6687390000)
  from space 194240K,  13% used [0x00007f6687390000, 0x00007f6688d15378, 0x00007f6693140000)
  to   space 194240K,   0% used [0x00007f6693140000, 0x00007f6693140000, 0x00007f669eef0000)
 tenured generation   total 3884908K, used 3883133K [0x00007f6b7db50000, 0x00007f6c6ad2b000, 0x00007f7628600000)
   the space 3884908K,  99% used [0x00007f6b7db50000, 0x00007f6c6ab6f688, 0x00007f6c6ab6f800, 0x00007f6c6ad2b000)
 Metaspace       used 24218K, capacity 24577K, committed 24832K, reserved 26624K
}
Event: 3974.747 GC heap before
{Heap before GC invocations=4395 (full 3):
 def new generation   total 1748224K, used 1580116K [0x00007f6628600000, 0x00007f669eef0000, 0x00007f6b7db50000)
  eden space 1553984K, 100% used [0x00007f6628600000, 0x00007f6687390000, 0x00007f6687390000)
  from space 194240K,  13% used [0x00007f6687390000, 0x00007f6688d15378, 0x00007f6693140000)
  to   space 194240K,   0% used [0x00007f6693140000, 0x00007f6693140000, 0x00007f669eef0000)
 tenured generation   total 3884908K, used 3883133K [0x00007f6b7db50000, 0x00007f6c6ad2b000, 0x00007f7628600000)
   the space 3884908K,  99% used [0x00007f6b7db50000, 0x00007f6c6ab6f688, 0x00007f6c6ab6f800, 0x00007f6c6ad2b000)
 Metaspace       used 24218K, capacity 24577K, committed 24832K, reserved 26624K
}
Event: 3974.812 GC heap after
{Heap after GC invocations=4396 (full 3):
 def new generation   total 1748224K, used 26114K [0x00007f6628600000, 0x00007f669eef0000, 0x00007f6b7db50000)
  eden space 1553984K,   0% used [0x00007f6628600000, 0x00007f6628600000, 0x00007f6687390000)
  from space 194240K,  13% used [0x00007f6693140000, 0x00007f6694ac0950, 0x00007f669eef0000)
  to   space 194240K,   0% used [0x00007f6687390000, 0x00007f6687390000, 0x00007f6693140000)
 tenured generation   total 3884908K, used 3884752K [0x00007f6b7db50000, 0x00007f6c6ad2b000, 0x00007f7628600000)
   the space 3884908K,  99% used [0x00007f6b7db50000, 0x00007f6c6ad04148, 0x00007f6c6ad04200, 0x00007f6c6ad2b000)
 Metaspace       used 24218K, capacity 24577K, committed 24832K, reserved 26624K
}
Event: 3976.350 GC heap before
{Heap before GC invocations=4396 (full 3):
 def new generation   total 1748224K, used 1580098K [0x00007f6628600000, 0x00007f669eef0000, 0x00007f6b7db50000)
  eden space 1553984K, 100% used [0x00007f6628600000, 0x00007f6687390000, 0x00007f6687390000)
  from space 194240K,  13% used [0x00007f6693140000, 0x00007f6694ac0950, 0x00007f669eef0000)
  to   space 194240K,   0% used [0x00007f6687390000, 0x00007f6687390000, 0x00007f6693140000)
 tenured generation   total 3884908K, used 3884752K [0x00007f6b7db50000, 0x00007f6c6ad2b000, 0x00007f7628600000)
   the space 3884908K,  99% used [0x00007f6b7db50000, 0x00007f6c6ad04148, 0x00007f6c6ad04200, 0x00007f6c6ad2b000)
 Metaspace       used 24218K, capacity 24577K, committed 24832K, reserved 26624K
}
Event: 3976.415 GC heap after
{Heap after GC invocations=4397 (full 3):
 def new generation   total 1748224K, used 26547K [0x00007f6628600000, 0x00007f669eef0000, 0x00007f6b7db50000)
  eden space 1553984K,   0% used [0x00007f6628600000, 0x00007f6628600000, 0x00007f6687390000)
  from space 194240K,  13% used [0x00007f6687390000, 0x00007f6688d7cd88, 0x00007f6693140000)
  to   space 194240K,   0% used [0x00007f6693140000, 0x00007f6693140000, 0x00007f669eef0000)
 tenured generation   total 3886060K, used 3885920K [0x00007f6b7db50000, 0x00007f6c6ae4b000, 0x00007f7628600000)
   the space 3886060K,  99% used [0x00007f6b7db50000, 0x00007f6c6ae28200, 0x00007f6c6ae28200, 0x00007f6c6ae4b000)
 Metaspace       used 24218K, capacity 24577K, committed 24832K, reserved 26624K
}
Event: 3976.415 GC heap before
{Heap before GC invocations=4397 (full 3):
 def new generation   total 1748224K, used 26547K [0x00007f6628600000, 0x00007f669eef0000, 0x00007f6b7db50000)
  eden space 1553984K,   0% used [0x00007f6628600000, 0x00007f6628600000, 0x00007f6687390000)
  from space 194240K,  13% used [0x00007f6687390000, 0x00007f6688d7cd88, 0x00007f6693140000)
  to   space 194240K,   0% used [0x00007f6693140000, 0x00007f6693140000, 0x00007f669eef0000)
 tenured generation   total 3886060K, used 3885920K [0x00007f6b7db50000, 0x00007f6c6ae4b000, 0x00007f7628600000)
   the space 3886060K,  99% used [0x00007f6b7db50000, 0x00007f6c6ae28200, 0x00007f6c6ae28200, 0x00007f6c6ae4b000)
 Metaspace       used 24218K, capacity 24577K, committed 24832K, reserved 26624K
}

