# JRE version: OpenJDK Runtime Environment (13.0.7+5) (build 13.0.7+5-Ubuntu-0ubuntu120.04)
# Java VM: OpenJDK 64-Bit Server VM (13.0.7+5-Ubuntu-0ubuntu120.04, mixed mode, tiered, serial gc, linux-amd64)
Heap:
 def new generation   total 1048960K, used 7898K [0x00007f274c600000, 0x00007f2793830000, 0x00007f2ca1b50000)
  eden space 932416K,   0% used [0x00007f274c600000, 0x00007f274cdb6ae8, 0x00007f2785490000)
  from space 116544K,   0% used [0x00007f2785490000, 0x00007f2785490000, 0x00007f278c660000)
  to   space 116544K,   0% used [0x00007f278c660000, 0x00007f278c660000, 0x00007f2793830000)
 tenured generation   total 2331264K, used 2331263K [0x00007f2ca1b50000, 0x00007f2d2fff0000, 0x00007f374c600000)
   the space 2331264K,  99% used [0x00007f2ca1b50000, 0x00007f2d2ffeffd8, 0x00007f2d2fff0000, 0x00007f2d2fff0000)
 Metaspace       used 24351K, capacity 24764K, committed 24832K, reserved 26624K
GC Heap History (20 events):
Event: 3654.925 GC heap after
{Heap after GC invocations=6256 (full 2):
 def new generation   total 1048960K, used 7512K [0x00007f274c600000, 0x00007f2793830000, 0x00007f2ca1b50000)
  eden space 932416K,   0% used [0x00007f274c600000, 0x00007f274c600000, 0x00007f2785490000)
  from space 116544K,   6% used [0x00007f278c660000, 0x00007f278cdb6230, 0x00007f2793830000)
  to   space 116544K,   0% used [0x00007f2785490000, 0x00007f2785490000, 0x00007f278c660000)
 tenured generation   total 2330880K, used 2327390K [0x00007f2ca1b50000, 0x00007f2d2ff90000, 0x00007f374c600000)
   the space 2330880K,  99% used [0x00007f2ca1b50000, 0x00007f2d2fc27b40, 0x00007f2d2fc27c00, 0x00007f2d2ff90000)
 Metaspace       used 24351K, capacity 24764K, committed 24832K, reserved 26624K
}
Event: 3655.659 GC heap before
{Heap before GC invocations=6256 (full 2):
 def new generation   total 1048960K, used 939928K [0x00007f274c600000, 0x00007f2793830000, 0x00007f2ca1b50000)
  eden space 932416K, 100% used [0x00007f274c600000, 0x00007f2785490000, 0x00007f2785490000)
  from space 116544K,   6% used [0x00007f278c660000, 0x00007f278cdb6230, 0x00007f2793830000)
  to   space 116544K,   0% used [0x00007f2785490000, 0x00007f2785490000, 0x00007f278c660000)
 tenured generation   total 2330880K, used 2327390K [0x00007f2ca1b50000, 0x00007f2d2ff90000, 0x00007f374c600000)
   the space 2330880K,  99% used [0x00007f2ca1b50000, 0x00007f2d2fc27b40, 0x00007f2d2fc27c00, 0x00007f2d2ff90000)
 Metaspace       used 24351K, capacity 24764K, committed 24832K, reserved 26624K
}
Event: 3655.672 GC heap after
{Heap after GC invocations=6257 (full 2):
 def new generation   total 1048960K, used 7499K [0x00007f274c600000, 0x00007f2793830000, 0x00007f2ca1b50000)
  eden space 932416K,   0% used [0x00007f274c600000, 0x00007f274c600000, 0x00007f2785490000)
  from space 116544K,   6% used [0x00007f2785490000, 0x00007f2785be2ef8, 0x00007f278c660000)
  to   space 116544K,   0% used [0x00007f278c660000, 0x00007f278c660000, 0x00007f2793830000)
 tenured generation   total 2330880K, used 2327707K [0x00007f2ca1b50000, 0x00007f2d2ff90000, 0x00007f374c600000)
   the space 2330880K,  99% used [0x00007f2ca1b50000, 0x00007f2d2fc76c40, 0x00007f2d2fc76e00, 0x00007f2d2ff90000)
 Metaspace       used 24351K, capacity 24764K, committed 24832K, reserved 26624K
}
Event: 3656.393 GC heap before
{Heap before GC invocations=6257 (full 2):
 def new generation   total 1048960K, used 939915K [0x00007f274c600000, 0x00007f2793830000, 0x00007f2ca1b50000)
  eden space 932416K, 100% used [0x00007f274c600000, 0x00007f2785490000, 0x00007f2785490000)
  from space 116544K,   6% used [0x00007f2785490000, 0x00007f2785be2ef8, 0x00007f278c660000)
  to   space 116544K,   0% used [0x00007f278c660000, 0x00007f278c660000, 0x00007f2793830000)
 tenured generation   total 2330880K, used 2327707K [0x00007f2ca1b50000, 0x00007f2d2ff90000, 0x00007f374c600000)
   the space 2330880K,  99% used [0x00007f2ca1b50000, 0x00007f2d2fc76c40, 0x00007f2d2fc76e00, 0x00007f2d2ff90000)
 Metaspace       used 24351K, capacity 24764K, committed 24832K, reserved 26624K
}
Event: 3656.412 GC heap after
{Heap after GC invocations=6258 (full 2):
 def new generation   total 1048960K, used 7550K [0x00007f274c600000, 0x00007f2793830000, 0x00007f2ca1b50000)
  eden space 932416K,   0% used [0x00007f274c600000, 0x00007f274c600000, 0x00007f2785490000)
  from space 116544K,   6% used [0x00007f278c660000, 0x00007f278cdbf878, 0x00007f2793830000)
  to   space 116544K,   0% used [0x00007f2785490000, 0x00007f2785490000, 0x00007f278c660000)
 tenured generation   total 2330880K, used 2328022K [0x00007f2ca1b50000, 0x00007f2d2ff90000, 0x00007f374c600000)
   the space 2330880K,  99% used [0x00007f2ca1b50000, 0x00007f2d2fcc5b00, 0x00007f2d2fcc5c00, 0x00007f2d2ff90000)
 Metaspace       used 24351K, capacity 24764K, committed 24832K, reserved 26624K
}
Event: 3657.156 GC heap before
{Heap before GC invocations=6258 (full 2):
 def new generation   total 1048960K, used 939966K [0x00007f274c600000, 0x00007f2793830000, 0x00007f2ca1b50000)
  eden space 932416K, 100% used [0x00007f274c600000, 0x00007f2785490000, 0x00007f2785490000)
  from space 116544K,   6% used [0x00007f278c660000, 0x00007f278cdbf878, 0x00007f2793830000)
  to   space 116544K,   0% used [0x00007f2785490000, 0x00007f2785490000, 0x00007f278c660000)
 tenured generation   total 2330880K, used 2328022K [0x00007f2ca1b50000, 0x00007f2d2ff90000, 0x00007f374c600000)
   the space 2330880K,  99% used [0x00007f2ca1b50000, 0x00007f2d2fcc5b00, 0x00007f2d2fcc5c00, 0x00007f2d2ff90000)
 Metaspace       used 24351K, capacity 24764K, committed 24832K, reserved 26624K
}
Event: 3657.169 GC heap after
{Heap after GC invocations=6259 (full 2):
 def new generation   total 1048960K, used 7664K [0x00007f274c600000, 0x00007f2793830000, 0x00007f2ca1b50000)
  eden space 932416K,   0% used [0x00007f274c600000, 0x00007f274c600000, 0x00007f2785490000)
  from space 116544K,   6% used [0x00007f2785490000, 0x00007f2785c0c3e0, 0x00007f278c660000)
  to   space 116544K,   0% used [0x00007f278c660000, 0x00007f278c660000, 0x00007f2793830000)
 tenured generation   total 2330880K, used 2328339K [0x00007f2ca1b50000, 0x00007f2d2ff90000, 0x00007f374c600000)
   the space 2330880K,  99% used [0x00007f2ca1b50000, 0x00007f2d2fd14c00, 0x00007f2d2fd14c00, 0x00007f2d2ff90000)
 Metaspace       used 24351K, capacity 24764K, committed 24832K, reserved 26624K
}
Event: 3657.906 GC heap before
{Heap before GC invocations=6259 (full 2):
 def new generation   total 1048960K, used 940080K [0x00007f274c600000, 0x00007f2793830000, 0x00007f2ca1b50000)
  eden space 932416K, 100% used [0x00007f274c600000, 0x00007f2785490000, 0x00007f2785490000)
  from space 116544K,   6% used [0x00007f2785490000, 0x00007f2785c0c3e0, 0x00007f278c660000)
  to   space 116544K,   0% used [0x00007f278c660000, 0x00007f278c660000, 0x00007f2793830000)
 tenured generation   total 2330880K, used 2328339K [0x00007f2ca1b50000, 0x00007f2d2ff90000, 0x00007f374c600000)
   the space 2330880K,  99% used [0x00007f2ca1b50000, 0x00007f2d2fd14c00, 0x00007f2d2fd14c00, 0x00007f2d2ff90000)
 Metaspace       used 24351K, capacity 24764K, committed 24832K, reserved 26624K
}
Event: 3657.921 GC heap after
{Heap after GC invocations=6260 (full 2):
 def new generation   total 1048960K, used 7887K [0x00007f274c600000, 0x00007f2793830000, 0x00007f2ca1b50000)
  eden space 932416K,   0% used [0x00007f274c600000, 0x00007f274c600000, 0x00007f2785490000)
  from space 116544K,   6% used [0x00007f278c660000, 0x00007f278ce13d80, 0x00007f2793830000)
  to   space 116544K,   0% used [0x00007f2785490000, 0x00007f2785490000, 0x00007f278c660000)
 tenured generation   total 2330880K, used 2328642K [0x00007f2ca1b50000, 0x00007f2d2ff90000, 0x00007f374c600000)
   the space 2330880K,  99% used [0x00007f2ca1b50000, 0x00007f2d2fd60840, 0x00007f2d2fd60a00, 0x00007f2d2ff90000)
 Metaspace       used 24351K, capacity 24764K, committed 24832K, reserved 26624K
}
Event: 3658.671 GC heap before
{Heap before GC invocations=6260 (full 2):
 def new generation   total 1048960K, used 940303K [0x00007f274c600000, 0x00007f2793830000, 0x00007f2ca1b50000)
  eden space 932416K, 100% used [0x00007f274c600000, 0x00007f2785490000, 0x00007f2785490000)
  from space 116544K,   6% used [0x00007f278c660000, 0x00007f278ce13d80, 0x00007f2793830000)
  to   space 116544K,   0% used [0x00007f2785490000, 0x00007f2785490000, 0x00007f278c660000)
 tenured generation   total 2330880K, used 2328642K [0x00007f2ca1b50000, 0x00007f2d2ff90000, 0x00007f374c600000)
   the space 2330880K,  99% used [0x00007f2ca1b50000, 0x00007f2d2fd60840, 0x00007f2d2fd60a00, 0x00007f2d2ff90000)
 Metaspace       used 24351K, capacity 24764K, committed 24832K, reserved 26624K
}
Event: 3658.688 GC heap after
{Heap after GC invocations=6261 (full 2):
 def new generation   total 1048960K, used 8096K [0x00007f274c600000, 0x00007f2793830000, 0x00007f2ca1b50000)
  eden space 932416K,   0% used [0x00007f274c600000, 0x00007f274c600000, 0x00007f2785490000)
  from space 116544K,   6% used [0x00007f2785490000, 0x00007f2785c78300, 0x00007f278c660000)
  to   space 116544K,   0% used [0x00007f278c660000, 0x00007f278c660000, 0x00007f2793830000)
 tenured generation   total 2330880K, used 2328971K [0x00007f2ca1b50000, 0x00007f2d2ff90000, 0x00007f374c600000)
   the space 2330880K,  99% used [0x00007f2ca1b50000, 0x00007f2d2fdb2ce0, 0x00007f2d2fdb2e00, 0x00007f2d2ff90000)
 Metaspace       used 24351K, capacity 24764K, committed 24832K, reserved 26624K
}
Event: 3659.423 GC heap before
{Heap before GC invocations=6261 (full 2):
 def new generation   total 1048960K, used 940512K [0x00007f274c600000, 0x00007f2793830000, 0x00007f2ca1b50000)
  eden space 932416K, 100% used [0x00007f274c600000, 0x00007f2785490000, 0x00007f2785490000)
  from space 116544K,   6% used [0x00007f2785490000, 0x00007f2785c78300, 0x00007f278c660000)
  to   space 116544K,   0% used [0x00007f278c660000, 0x00007f278c660000, 0x00007f2793830000)
 tenured generation   total 2330880K, used 2328971K [0x00007f2ca1b50000, 0x00007f2d2ff90000, 0x00007f374c600000)
   the space 2330880K,  99% used [0x00007f2ca1b50000, 0x00007f2d2fdb2ce0, 0x00007f2d2fdb2e00, 0x00007f2d2ff90000)
 Metaspace       used 24351K, capacity 24764K, committed 24832K, reserved 26624K
}
Event: 3659.439 GC heap after
{Heap after GC invocations=6262 (full 2):
 def new generation   total 1048960K, used 8116K [0x00007f274c600000, 0x00007f2793830000, 0x00007f2ca1b50000)
  eden space 932416K,   0% used [0x00007f274c600000, 0x00007f274c600000, 0x00007f2785490000)
  from space 116544K,   6% used [0x00007f278c660000, 0x00007f278ce4d150, 0x00007f2793830000)
  to   space 116544K,   0% used [0x00007f2785490000, 0x00007f2785490000, 0x00007f278c660000)
 tenured generation   total 2330880K, used 2329470K [0x00007f2ca1b50000, 0x00007f2d2ff90000, 0x00007f374c600000)
   the space 2330880K,  99% used [0x00007f2ca1b50000, 0x00007f2d2fe2fb50, 0x00007f2d2fe2fc00, 0x00007f2d2ff90000)
 Metaspace       used 24351K, capacity 24764K, committed 24832K, reserved 26624K
}
Event: 3660.177 GC heap before
{Heap before GC invocations=6262 (full 2):
 def new generation   total 1048960K, used 940532K [0x00007f274c600000, 0x00007f2793830000, 0x00007f2ca1b50000)
  eden space 932416K, 100% used [0x00007f274c600000, 0x00007f2785490000, 0x00007f2785490000)
  from space 116544K,   6% used [0x00007f278c660000, 0x00007f278ce4d150, 0x00007f2793830000)
  to   space 116544K,   0% used [0x00007f2785490000, 0x00007f2785490000, 0x00007f278c660000)
 tenured generation   total 2330880K, used 2329470K [0x00007f2ca1b50000, 0x00007f2d2ff90000, 0x00007f374c600000)
   the space 2330880K,  99% used [0x00007f2ca1b50000, 0x00007f2d2fe2fb50, 0x00007f2d2fe2fc00, 0x00007f2d2ff90000)
 Metaspace       used 24351K, capacity 24764K, committed 24832K, reserved 26624K
}
Event: 3660.194 GC heap after
{Heap after GC invocations=6263 (full 2):
 def new generation   total 1048960K, used 8109K [0x00007f274c600000, 0x00007f2793830000, 0x00007f2ca1b50000)
  eden space 932416K,   0% used [0x00007f274c600000, 0x00007f274c600000, 0x00007f2785490000)
  from space 116544K,   6% used [0x00007f2785490000, 0x00007f2785c7b508, 0x00007f278c660000)
  to   space 116544K,   0% used [0x00007f278c660000, 0x00007f278c660000, 0x00007f2793830000)
 tenured generation   total 2330880K, used 2329996K [0x00007f2ca1b50000, 0x00007f2d2ff90000, 0x00007f374c600000)
   the space 2330880K,  99% used [0x00007f2ca1b50000, 0x00007f2d2feb3070, 0x00007f2d2feb3200, 0x00007f2d2ff90000)
 Metaspace       used 24351K, capacity 24764K, committed 24832K, reserved 26624K
}
Event: 3660.946 GC heap before
{Heap before GC invocations=6263 (full 2):
 def new generation   total 1048960K, used 940525K [0x00007f274c600000, 0x00007f2793830000, 0x00007f2ca1b50000)
  eden space 932416K, 100% used [0x00007f274c600000, 0x00007f2785490000, 0x00007f2785490000)
  from space 116544K,   6% used [0x00007f2785490000, 0x00007f2785c7b508, 0x00007f278c660000)
  to   space 116544K,   0% used [0x00007f278c660000, 0x00007f278c660000, 0x00007f2793830000)
 tenured generation   total 2330880K, used 2329996K [0x00007f2ca1b50000, 0x00007f2d2ff90000, 0x00007f374c600000)
   the space 2330880K,  99% used [0x00007f2ca1b50000, 0x00007f2d2feb3070, 0x00007f2d2feb3200, 0x00007f2d2ff90000)
 Metaspace       used 24351K, capacity 24764K, committed 24832K, reserved 26624K
}
Event: 3660.962 GC heap after
{Heap after GC invocations=6264 (full 2):
 def new generation   total 1048960K, used 8114K [0x00007f274c600000, 0x00007f2793830000, 0x00007f2ca1b50000)
  eden space 932416K,   0% used [0x00007f274c600000, 0x00007f274c600000, 0x00007f2785490000)
  from space 116544K,   6% used [0x00007f278c660000, 0x00007f278ce4c878, 0x00007f2793830000)
  to   space 116544K,   0% used [0x00007f2785490000, 0x00007f2785490000, 0x00007f278c660000)
 tenured generation   total 2330880K, used 2330521K [0x00007f2ca1b50000, 0x00007f2d2ff90000, 0x00007f374c600000)
   the space 2330880K,  99% used [0x00007f2ca1b50000, 0x00007f2d2ff36590, 0x00007f2d2ff36600, 0x00007f2d2ff90000)
 Metaspace       used 24351K, capacity 24764K, committed 24832K, reserved 26624K
}
Event: 3661.738 GC heap before
{Heap before GC invocations=6264 (full 2):
 def new generation   total 1048960K, used 940530K [0x00007f274c600000, 0x00007f2793830000, 0x00007f2ca1b50000)
  eden space 932416K, 100% used [0x00007f274c600000, 0x00007f2785490000, 0x00007f2785490000)
  from space 116544K,   6% used [0x00007f278c660000, 0x00007f278ce4c878, 0x00007f2793830000)
  to   space 116544K,   0% used [0x00007f2785490000, 0x00007f2785490000, 0x00007f278c660000)
 tenured generation   total 2330880K, used 2330521K [0x00007f2ca1b50000, 0x00007f2d2ff90000, 0x00007f374c600000)
   the space 2330880K,  99% used [0x00007f2ca1b50000, 0x00007f2d2ff36590, 0x00007f2d2ff36600, 0x00007f2d2ff90000)
 Metaspace       used 24351K, capacity 24764K, committed 24832K, reserved 26624K
}
Event: 3661.755 GC heap after
{Heap after GC invocations=6265 (full 2):
 def new generation   total 1048960K, used 7998K [0x00007f274c600000, 0x00007f2793830000, 0x00007f2ca1b50000)
  eden space 932416K,   0% used [0x00007f274c600000, 0x00007f274c600000, 0x00007f2785490000)
  from space 116544K,   6% used [0x00007f2785490000, 0x00007f2785c5f940, 0x00007f278c660000)
  to   space 116544K,   0% used [0x00007f278c660000, 0x00007f278c660000, 0x00007f2793830000)
 tenured generation   total 2331264K, used 2331164K [0x00007f2ca1b50000, 0x00007f2d2fff0000, 0x00007f374c600000)
   the space 2331264K,  99% used [0x00007f2ca1b50000, 0x00007f2d2ffd7180, 0x00007f2d2ffd7200, 0x00007f2d2fff0000)
 Metaspace       used 24351K, capacity 24764K, committed 24832K, reserved 26624K
}
Event: 3661.755 GC heap before
{Heap before GC invocations=6265 (full 2):
 def new generation   total 1048960K, used 7998K [0x00007f274c600000, 0x00007f2793830000, 0x00007f2ca1b50000)
  eden space 932416K,   0% used [0x00007f274c600000, 0x00007f274c600000, 0x00007f2785490000)
  from space 116544K,   6% used [0x00007f2785490000, 0x00007f2785c5f940, 0x00007f278c660000)
  to   space 116544K,   0% used [0x00007f278c660000, 0x00007f278c660000, 0x00007f2793830000)
 tenured generation   total 2331264K, used 2331164K [0x00007f2ca1b50000, 0x00007f2d2fff0000, 0x00007f374c600000)
   the space 2331264K,  99% used [0x00007f2ca1b50000, 0x00007f2d2ffd7180, 0x00007f2d2ffd7200, 0x00007f2d2fff0000)
 Metaspace       used 24351K, capacity 24764K, committed 24832K, reserved 26624K
}

