# JRE version: OpenJDK Runtime Environment (13.0.7+5) (build 13.0.7+5-Ubuntu-0ubuntu120.04)
# Java VM: OpenJDK 64-Bit Server VM (13.0.7+5-Ubuntu-0ubuntu120.04, mixed mode, tiered, compressed oops, serial gc, linux-amd64)
Heap:
 def new generation   total 2223360K, used 0K [0x0000000080200000, 0x0000000116e80000, 0x0000000300150000)
  eden space 1976320K,   0% used [0x0000000080200000, 0x0000000080200000, 0x00000000f8c00000)
  from space 247040K,   0% used [0x00000000f8c00000, 0x00000000f8c00000, 0x0000000107d40000)
  to   space 247040K,   0% used [0x0000000107d40000, 0x0000000107d40000, 0x0000000116e80000)
 tenured generation   total 4973984K, used 3771832K [0x0000000300150000, 0x000000042fab8000, 0x0000000800000000)
   the space 4973984K,  75% used [0x0000000300150000, 0x00000003e64be0b8, 0x00000003e64be200, 0x000000042fab8000)
 Metaspace       used 22720K, capacity 23233K, committed 23424K, reserved 1071104K
  class space    used 2354K, capacity 2568K, committed 2688K, reserved 1048576K
GC Heap History (20 events):
Event: 967.384 GC heap after
{Heap after GC invocations=753 (full 24):
 def new generation   total 2223360K, used 236276K [0x0000000080200000, 0x0000000116e80000, 0x0000000300150000)
  eden space 1976320K,   0% used [0x0000000080200000, 0x0000000080200000, 0x00000000f8c00000)
  from space 247040K,  95% used [0x0000000107d40000, 0x00000001163fd1b0, 0x0000000116e80000)
  to   space 247040K,   0% used [0x00000000f8c00000, 0x00000000f8c00000, 0x0000000107d40000)
 tenured generation   total 4940692K, used 4568803K [0x0000000300150000, 0x000000042da35000, 0x0000000800000000)
   the space 4940692K,  92% used [0x0000000300150000, 0x0000000416f08f18, 0x0000000416f09000, 0x000000042da35000)
 Metaspace       used 22718K, capacity 23233K, committed 23424K, reserved 1071104K
  class space    used 2354K, capacity 2568K, committed 2688K, reserved 1048576K
}
Event: 968.962 GC heap before
{Heap before GC invocations=753 (full 24):
 def new generation   total 2223360K, used 2212596K [0x0000000080200000, 0x0000000116e80000, 0x0000000300150000)
  eden space 1976320K, 100% used [0x0000000080200000, 0x00000000f8c00000, 0x00000000f8c00000)
  from space 247040K,  95% used [0x0000000107d40000, 0x00000001163fd1b0, 0x0000000116e80000)
  to   space 247040K,   0% used [0x00000000f8c00000, 0x00000000f8c00000, 0x0000000107d40000)
 tenured generation   total 4940692K, used 4568803K [0x0000000300150000, 0x000000042da35000, 0x0000000800000000)
   the space 4940692K,  92% used [0x0000000300150000, 0x0000000416f08f18, 0x0000000416f09000, 0x000000042da35000)
 Metaspace       used 22719K, capacity 23233K, committed 23424K, reserved 1071104K
  class space    used 2354K, capacity 2568K, committed 2688K, reserved 1048576K
}
Event: 969.042 GC heap after
{Heap after GC invocations=754 (full 24):
 def new generation   total 2223360K, used 138538K [0x0000000080200000, 0x0000000116e80000, 0x0000000300150000)
  eden space 1976320K,   0% used [0x0000000080200000, 0x0000000080200000, 0x00000000f8c00000)
  from space 247040K,  56% used [0x00000000f8c00000, 0x000000010134ab88, 0x0000000107d40000)
  to   space 247040K,   0% used [0x0000000107d40000, 0x0000000107d40000, 0x0000000116e80000)
 tenured generation   total 4940692K, used 4570369K [0x0000000300150000, 0x000000042da35000, 0x0000000800000000)
   the space 4940692K,  92% used [0x0000000300150000, 0x0000000417090678, 0x0000000417090800, 0x000000042da35000)
 Metaspace       used 22719K, capacity 23233K, committed 23424K, reserved 1071104K
  class space    used 2354K, capacity 2568K, committed 2688K, reserved 1048576K
}
Event: 970.690 GC heap before
{Heap before GC invocations=754 (full 24):
 def new generation   total 2223360K, used 2114858K [0x0000000080200000, 0x0000000116e80000, 0x0000000300150000)
  eden space 1976320K, 100% used [0x0000000080200000, 0x00000000f8c00000, 0x00000000f8c00000)
  from space 247040K,  56% used [0x00000000f8c00000, 0x000000010134ab88, 0x0000000107d40000)
  to   space 247040K,   0% used [0x0000000107d40000, 0x0000000107d40000, 0x0000000116e80000)
 tenured generation   total 4940692K, used 4570369K [0x0000000300150000, 0x000000042da35000, 0x0000000800000000)
   the space 4940692K,  92% used [0x0000000300150000, 0x0000000417090678, 0x0000000417090800, 0x000000042da35000)
 Metaspace       used 22719K, capacity 23233K, committed 23424K, reserved 1071104K
  class space    used 2354K, capacity 2568K, committed 2688K, reserved 1048576K
}
Event: 970.880 GC heap after
{Heap after GC invocations=755 (full 24):
 def new generation   total 2223360K, used 118136K [0x0000000080200000, 0x0000000116e80000, 0x0000000300150000)
  eden space 1976320K,   0% used [0x0000000080200000, 0x0000000080200000, 0x00000000f8c00000)
  from space 247040K,  47% used [0x0000000107d40000, 0x000000010f09e128, 0x0000000116e80000)
  to   space 247040K,   0% used [0x00000000f8c00000, 0x00000000f8c00000, 0x0000000107d40000)
 tenured generation   total 4940692K, used 4707880K [0x0000000300150000, 0x000000042da35000, 0x0000000800000000)
   the space 4940692K,  95% used [0x0000000300150000, 0x000000041f6da010, 0x000000041f6da200, 0x000000042da35000)
 Metaspace       used 22719K, capacity 23233K, committed 23424K, reserved 1071104K
  class space    used 2354K, capacity 2568K, committed 2688K, reserved 1048576K
}
Event: 972.531 GC heap before
{Heap before GC invocations=755 (full 24):
 def new generation   total 2223360K, used 2094456K [0x0000000080200000, 0x0000000116e80000, 0x0000000300150000)
  eden space 1976320K, 100% used [0x0000000080200000, 0x00000000f8c00000, 0x00000000f8c00000)
  from space 247040K,  47% used [0x0000000107d40000, 0x000000010f09e128, 0x0000000116e80000)
  to   space 247040K,   0% used [0x00000000f8c00000, 0x00000000f8c00000, 0x0000000107d40000)
 tenured generation   total 4940692K, used 4707880K [0x0000000300150000, 0x000000042da35000, 0x0000000800000000)
   the space 4940692K,  95% used [0x0000000300150000, 0x000000041f6da010, 0x000000041f6da200, 0x000000042da35000)
 Metaspace       used 22719K, capacity 23233K, committed 23424K, reserved 1071104K
  class space    used 2354K, capacity 2568K, committed 2688K, reserved 1048576K
}
Event: 972.607 GC heap after
{Heap after GC invocations=756 (full 24):
 def new generation   total 2223360K, used 127084K [0x0000000080200000, 0x0000000116e80000, 0x0000000300150000)
  eden space 1976320K,   0% used [0x0000000080200000, 0x0000000080200000, 0x00000000f8c00000)
  from space 247040K,  51% used [0x00000000f8c00000, 0x000000010081b150, 0x0000000107d40000)
  to   space 247040K,   0% used [0x0000000107d40000, 0x0000000107d40000, 0x0000000116e80000)
 tenured generation   total 4940692K, used 4707880K [0x0000000300150000, 0x000000042da35000, 0x0000000800000000)
   the space 4940692K,  95% used [0x0000000300150000, 0x000000041f6da010, 0x000000041f6da200, 0x000000042da35000)
 Metaspace       used 22719K, capacity 23233K, committed 23424K, reserved 1071104K
  class space    used 2354K, capacity 2568K, committed 2688K, reserved 1048576K
}
Event: 974.251 GC heap before
{Heap before GC invocations=756 (full 24):
 def new generation   total 2223360K, used 2103404K [0x0000000080200000, 0x0000000116e80000, 0x0000000300150000)
  eden space 1976320K, 100% used [0x0000000080200000, 0x00000000f8c00000, 0x00000000f8c00000)
  from space 247040K,  51% used [0x00000000f8c00000, 0x000000010081b150, 0x0000000107d40000)
  to   space 247040K,   0% used [0x0000000107d40000, 0x0000000107d40000, 0x0000000116e80000)
 tenured generation   total 4940692K, used 4707880K [0x0000000300150000, 0x000000042da35000, 0x0000000800000000)
   the space 4940692K,  95% used [0x0000000300150000, 0x000000041f6da010, 0x000000041f6da200, 0x000000042da35000)
 Metaspace       used 22719K, capacity 23233K, committed 23424K, reserved 1071104K
  class space    used 2354K, capacity 2568K, committed 2688K, reserved 1048576K
}
Event: 974.415 GC heap after
{Heap after GC invocations=757 (full 24):
 def new generation   total 2223360K, used 229163K [0x0000000080200000, 0x0000000116e80000, 0x0000000300150000)
  eden space 1976320K,   0% used [0x0000000080200000, 0x0000000080200000, 0x00000000f8c00000)
  from space 247040K,  92% used [0x0000000107d40000, 0x0000000115d0ad08, 0x0000000116e80000)
  to   space 247040K,   0% used [0x00000000f8c00000, 0x00000000f8c00000, 0x0000000107d40000)
 tenured generation   total 4940692K, used 4723418K [0x0000000300150000, 0x000000042da35000, 0x0000000800000000)
   the space 4940692K,  95% used [0x0000000300150000, 0x0000000420606880, 0x0000000420606a00, 0x000000042da35000)
 Metaspace       used 22719K, capacity 23233K, committed 23424K, reserved 1071104K
  class space    used 2354K, capacity 2568K, committed 2688K, reserved 1048576K
}
Event: 976.081 GC heap before
{Heap before GC invocations=757 (full 24):
 def new generation   total 2223360K, used 2205483K [0x0000000080200000, 0x0000000116e80000, 0x0000000300150000)
  eden space 1976320K, 100% used [0x0000000080200000, 0x00000000f8c00000, 0x00000000f8c00000)
  from space 247040K,  92% used [0x0000000107d40000, 0x0000000115d0ad08, 0x0000000116e80000)
  to   space 247040K,   0% used [0x00000000f8c00000, 0x00000000f8c00000, 0x0000000107d40000)
 tenured generation   total 4940692K, used 4723418K [0x0000000300150000, 0x000000042da35000, 0x0000000800000000)
   the space 4940692K,  95% used [0x0000000300150000, 0x0000000420606880, 0x0000000420606a00, 0x000000042da35000)
 Metaspace       used 22719K, capacity 23233K, committed 23424K, reserved 1071104K
  class space    used 2354K, capacity 2568K, committed 2688K, reserved 1048576K
}
Event: 976.175 GC heap after
{Heap after GC invocations=758 (full 24):
 def new generation   total 2223360K, used 63931K [0x0000000080200000, 0x0000000116e80000, 0x0000000300150000)
  eden space 1976320K,   0% used [0x0000000080200000, 0x0000000080200000, 0x00000000f8c00000)
  from space 247040K,  25% used [0x00000000f8c00000, 0x00000000fca6ecd8, 0x0000000107d40000)
  to   space 247040K,   0% used [0x0000000107d40000, 0x0000000107d40000, 0x0000000116e80000)
 tenured generation   total 4940692K, used 4753255K [0x0000000300150000, 0x000000042da35000, 0x0000000800000000)
   the space 4940692K,  96% used [0x0000000300150000, 0x0000000422329ec8, 0x000000042232a000, 0x000000042da35000)
 Metaspace       used 22719K, capacity 23233K, committed 23424K, reserved 1071104K
  class space    used 2354K, capacity 2568K, committed 2688K, reserved 1048576K
}
Event: 977.850 GC heap before
{Heap before GC invocations=758 (full 24):
 def new generation   total 2223360K, used 2040251K [0x0000000080200000, 0x0000000116e80000, 0x0000000300150000)
  eden space 1976320K, 100% used [0x0000000080200000, 0x00000000f8c00000, 0x00000000f8c00000)
  from space 247040K,  25% used [0x00000000f8c00000, 0x00000000fca6ecd8, 0x0000000107d40000)
  to   space 247040K,   0% used [0x0000000107d40000, 0x0000000107d40000, 0x0000000116e80000)
 tenured generation   total 4940692K, used 4753255K [0x0000000300150000, 0x000000042da35000, 0x0000000800000000)
   the space 4940692K,  96% used [0x0000000300150000, 0x0000000422329ec8, 0x000000042232a000, 0x000000042da35000)
 Metaspace       used 22719K, capacity 23233K, committed 23424K, reserved 1071104K
  class space    used 2354K, capacity 2568K, committed 2688K, reserved 1048576K
}
Event: 977.956 GC heap after
{Heap after GC invocations=759 (full 24):
 def new generation   total 2223360K, used 181045K [0x0000000080200000, 0x0000000116e80000, 0x0000000300150000)
  eden space 1976320K,   0% used [0x0000000080200000, 0x0000000080200000, 0x00000000f8c00000)
  from space 247040K,  73% used [0x0000000107d40000, 0x0000000112e0d478, 0x0000000116e80000)
  to   space 247040K,   0% used [0x00000000f8c00000, 0x00000000f8c00000, 0x0000000107d40000)
 tenured generation   total 4940692K, used 4753255K [0x0000000300150000, 0x000000042da35000, 0x0000000800000000)
   the space 4940692K,  96% used [0x0000000300150000, 0x0000000422329ec8, 0x000000042232a000, 0x000000042da35000)
 Metaspace       used 22719K, capacity 23233K, committed 23424K, reserved 1071104K
  class space    used 2354K, capacity 2568K, committed 2688K, reserved 1048576K
}
Event: 979.650 GC heap before
{Heap before GC invocations=759 (full 24):
 def new generation   total 2223360K, used 2157365K [0x0000000080200000, 0x0000000116e80000, 0x0000000300150000)
  eden space 1976320K, 100% used [0x0000000080200000, 0x00000000f8c00000, 0x00000000f8c00000)
  from space 247040K,  73% used [0x0000000107d40000, 0x0000000112e0d478, 0x0000000116e80000)
  to   space 247040K,   0% used [0x00000000f8c00000, 0x00000000f8c00000, 0x0000000107d40000)
 tenured generation   total 4940692K, used 4753255K [0x0000000300150000, 0x000000042da35000, 0x0000000800000000)
   the space 4940692K,  96% used [0x0000000300150000, 0x0000000422329ec8, 0x000000042232a000, 0x000000042da35000)
 Metaspace       used 22720K, capacity 23233K, committed 23424K, reserved 1071104K
  class space    used 2354K, capacity 2568K, committed 2688K, reserved 1048576K
}
Event: 979.909 GC heap after
{Heap after GC invocations=760 (full 24):
 def new generation   total 2223360K, used 236775K [0x0000000080200000, 0x0000000116e80000, 0x0000000300150000)
  eden space 1976320K,   0% used [0x0000000080200000, 0x0000000080200000, 0x00000000f8c00000)
  from space 247040K,  95% used [0x00000000f8c00000, 0x0000000107339d70, 0x0000000107d40000)
  to   space 247040K,   0% used [0x0000000107d40000, 0x0000000107d40000, 0x0000000116e80000)
 tenured generation   total 4940692K, used 4816158K [0x0000000300150000, 0x000000042da35000, 0x0000000800000000)
   the space 4940692K,  97% used [0x0000000300150000, 0x00000004260979b0, 0x0000000426097a00, 0x000000042da35000)
 Metaspace       used 22720K, capacity 23233K, committed 23424K, reserved 1071104K
  class space    used 2354K, capacity 2568K, committed 2688K, reserved 1048576K
}
Event: 981.533 GC heap before
{Heap before GC invocations=760 (full 24):
 def new generation   total 2223360K, used 2213095K [0x0000000080200000, 0x0000000116e80000, 0x0000000300150000)
  eden space 1976320K, 100% used [0x0000000080200000, 0x00000000f8c00000, 0x00000000f8c00000)
  from space 247040K,  95% used [0x00000000f8c00000, 0x0000000107339d70, 0x0000000107d40000)
  to   space 247040K,   0% used [0x0000000107d40000, 0x0000000107d40000, 0x0000000116e80000)
 tenured generation   total 4940692K, used 4816158K [0x0000000300150000, 0x000000042da35000, 0x0000000800000000)
   the space 4940692K,  97% used [0x0000000300150000, 0x00000004260979b0, 0x0000000426097a00, 0x000000042da35000)
 Metaspace       used 22720K, capacity 23233K, committed 23424K, reserved 1071104K
  class space    used 2354K, capacity 2568K, committed 2688K, reserved 1048576K
}
Event: 981.631 GC heap after
{Heap after GC invocations=761 (full 24):
 def new generation   total 2223360K, used 152536K [0x0000000080200000, 0x0000000116e80000, 0x0000000300150000)
  eden space 1976320K,   0% used [0x0000000080200000, 0x0000000080200000, 0x00000000f8c00000)
  from space 247040K,  61% used [0x0000000107d40000, 0x0000000111236380, 0x0000000116e80000)
  to   space 247040K,   0% used [0x00000000f8c00000, 0x00000000f8c00000, 0x0000000107d40000)
 tenured generation   total 4940692K, used 4821839K [0x0000000300150000, 0x000000042da35000, 0x0000000800000000)
   the space 4940692K,  97% used [0x0000000300150000, 0x0000000426623df0, 0x0000000426623e00, 0x000000042da35000)
 Metaspace       used 22720K, capacity 23233K, committed 23424K, reserved 1071104K
  class space    used 2354K, capacity 2568K, committed 2688K, reserved 1048576K
}
Event: 983.263 GC heap before
{Heap before GC invocations=761 (full 24):
 def new generation   total 2223360K, used 2128856K [0x0000000080200000, 0x0000000116e80000, 0x0000000300150000)
  eden space 1976320K, 100% used [0x0000000080200000, 0x00000000f8c00000, 0x00000000f8c00000)
  from space 247040K,  61% used [0x0000000107d40000, 0x0000000111236380, 0x0000000116e80000)
  to   space 247040K,   0% used [0x00000000f8c00000, 0x00000000f8c00000, 0x0000000107d40000)
 tenured generation   total 4940692K, used 4821839K [0x0000000300150000, 0x000000042da35000, 0x0000000800000000)
   the space 4940692K,  97% used [0x0000000300150000, 0x0000000426623df0, 0x0000000426623e00, 0x000000042da35000)
 Metaspace       used 22720K, capacity 23233K, committed 23424K, reserved 1071104K
  class space    used 2354K, capacity 2568K, committed 2688K, reserved 1048576K
}
Event: 983.554 GC heap after
{Heap after GC invocations=762 (full 24):
 def new generation   total 2223360K, used 119156K [0x0000000080200000, 0x0000000116e80000, 0x0000000300150000)
  eden space 1976320K,   0% used [0x0000000080200000, 0x0000000080200000, 0x00000000f8c00000)
  from space 247040K,  48% used [0x00000000f8c00000, 0x000000010005d040, 0x0000000107d40000)
  to   space 247040K,   0% used [0x0000000107d40000, 0x0000000107d40000, 0x0000000116e80000)
 tenured generation   total 4973984K, used 4973859K [0x0000000300150000, 0x000000042fab8000, 0x0000000800000000)
   the space 4973984K,  99% used [0x0000000300150000, 0x000000042fa98f98, 0x000000042fa99000, 0x000000042fab8000)
 Metaspace       used 22720K, capacity 23233K, committed 23424K, reserved 1071104K
  class space    used 2354K, capacity 2568K, committed 2688K, reserved 1048576K
}
Event: 983.554 GC heap before
{Heap before GC invocations=762 (full 24):
 def new generation   total 2223360K, used 119156K [0x0000000080200000, 0x0000000116e80000, 0x0000000300150000)
  eden space 1976320K,   0% used [0x0000000080200000, 0x0000000080200000, 0x00000000f8c00000)
  from space 247040K,  48% used [0x00000000f8c00000, 0x000000010005d040, 0x0000000107d40000)
  to   space 247040K,   0% used [0x0000000107d40000, 0x0000000107d40000, 0x0000000116e80000)
 tenured generation   total 4973984K, used 4973859K [0x0000000300150000, 0x000000042fab8000, 0x0000000800000000)
   the space 4973984K,  99% used [0x0000000300150000, 0x000000042fa98f98, 0x000000042fa99000, 0x000000042fab8000)
 Metaspace       used 22720K, capacity 23233K, committed 23424K, reserved 1071104K
  class space    used 2354K, capacity 2568K, committed 2688K, reserved 1048576K
}

