# JRE version: OpenJDK Runtime Environment (13.0.7+5) (build 13.0.7+5-Ubuntu-0ubuntu120.04)
# Java VM: OpenJDK 64-Bit Server VM (13.0.7+5-Ubuntu-0ubuntu120.04, mixed mode, tiered, serial gc, linux-amd64)
Heap:
 def new generation   total 1748864K, used 5138K [0x00007f081c600000, 0x00007f0892fa0000, 0x00007f0d71b50000)
  eden space 1554560K,   0% used [0x00007f081c600000, 0x00007f081cb04a20, 0x00007f087b420000)
  from space 194304K,   0% used [0x00007f08871e0000, 0x00007f08871e0000, 0x00007f0892fa0000)
  to   space 194304K,   0% used [0x00007f087b420000, 0x00007f087b420000, 0x00007f08871e0000)
 tenured generation   total 3888024K, used 3888023K [0x00007f0d71b50000, 0x00007f0e5f036000, 0x00007f181c600000)
   the space 3888024K,  99% used [0x00007f0d71b50000, 0x00007f0e5f035fe8, 0x00007f0e5f036000, 0x00007f0e5f036000)
 Metaspace       used 24317K, capacity 24703K, committed 24832K, reserved 26624K
GC Heap History (20 events):
Event: 5016.820 GC heap after
{Heap after GC invocations=6315 (full 3):
 def new generation   total 1748864K, used 19869K [0x00007f081c600000, 0x00007f0892fa0000, 0x00007f0d71b50000)
  eden space 1554560K,   0% used [0x00007f081c600000, 0x00007f081c600000, 0x00007f087b420000)
  from space 194304K,  10% used [0x00007f087b420000, 0x00007f087c787600, 0x00007f08871e0000)
  to   space 194304K,   0% used [0x00007f08871e0000, 0x00007f08871e0000, 0x00007f0892fa0000)
 tenured generation   total 3886296K, used 3875207K [0x00007f0d71b50000, 0x00007f0e5ee86000, 0x00007f181c600000)
   the space 3886296K,  99% used [0x00007f0d71b50000, 0x00007f0e5e3b1f40, 0x00007f0e5e3b2000, 0x00007f0e5ee86000)
 Metaspace       used 24317K, capacity 24703K, committed 24832K, reserved 26624K
}
Event: 5018.211 GC heap before
{Heap before GC invocations=6315 (full 3):
 def new generation   total 1748864K, used 1574429K [0x00007f081c600000, 0x00007f0892fa0000, 0x00007f0d71b50000)
  eden space 1554560K, 100% used [0x00007f081c600000, 0x00007f087b420000, 0x00007f087b420000)
  from space 194304K,  10% used [0x00007f087b420000, 0x00007f087c787600, 0x00007f08871e0000)
  to   space 194304K,   0% used [0x00007f08871e0000, 0x00007f08871e0000, 0x00007f0892fa0000)
 tenured generation   total 3886296K, used 3875207K [0x00007f0d71b50000, 0x00007f0e5ee86000, 0x00007f181c600000)
   the space 3886296K,  99% used [0x00007f0d71b50000, 0x00007f0e5e3b1f40, 0x00007f0e5e3b2000, 0x00007f0e5ee86000)
 Metaspace       used 24317K, capacity 24703K, committed 24832K, reserved 26624K
}
Event: 5018.268 GC heap after
{Heap after GC invocations=6316 (full 3):
 def new generation   total 1748864K, used 19899K [0x00007f081c600000, 0x00007f0892fa0000, 0x00007f0d71b50000)
  eden space 1554560K,   0% used [0x00007f081c600000, 0x00007f081c600000, 0x00007f087b420000)
  from space 194304K,  10% used [0x00007f08871e0000, 0x00007f088854ee50, 0x00007f0892fa0000)
  to   space 194304K,   0% used [0x00007f087b420000, 0x00007f087b420000, 0x00007f08871e0000)
 tenured generation   total 3886296K, used 3876924K [0x00007f0d71b50000, 0x00007f0e5ee86000, 0x00007f181c600000)
   the space 3886296K,  99% used [0x00007f0d71b50000, 0x00007f0e5e55f150, 0x00007f0e5e55f200, 0x00007f0e5ee86000)
 Metaspace       used 24317K, capacity 24703K, committed 24832K, reserved 26624K
}
Event: 5019.594 GC heap before
{Heap before GC invocations=6316 (full 3):
 def new generation   total 1748864K, used 1574459K [0x00007f081c600000, 0x00007f0892fa0000, 0x00007f0d71b50000)
  eden space 1554560K, 100% used [0x00007f081c600000, 0x00007f087b420000, 0x00007f087b420000)
  from space 194304K,  10% used [0x00007f08871e0000, 0x00007f088854ee50, 0x00007f0892fa0000)
  to   space 194304K,   0% used [0x00007f087b420000, 0x00007f087b420000, 0x00007f08871e0000)
 tenured generation   total 3886296K, used 3876924K [0x00007f0d71b50000, 0x00007f0e5ee86000, 0x00007f181c600000)
   the space 3886296K,  99% used [0x00007f0d71b50000, 0x00007f0e5e55f150, 0x00007f0e5e55f200, 0x00007f0e5ee86000)
 Metaspace       used 24317K, capacity 24703K, committed 24832K, reserved 26624K
}
Event: 5019.654 GC heap after
{Heap after GC invocations=6317 (full 3):
 def new generation   total 1748864K, used 19901K [0x00007f081c600000, 0x00007f0892fa0000, 0x00007f0d71b50000)
  eden space 1554560K,   0% used [0x00007f081c600000, 0x00007f081c600000, 0x00007f087b420000)
  from space 194304K,  10% used [0x00007f087b420000, 0x00007f087c78f6b0, 0x00007f08871e0000)
  to   space 194304K,   0% used [0x00007f08871e0000, 0x00007f08871e0000, 0x00007f0892fa0000)
 tenured generation   total 3886296K, used 3878659K [0x00007f0d71b50000, 0x00007f0e5ee86000, 0x00007f181c600000)
   the space 3886296K,  99% used [0x00007f0d71b50000, 0x00007f0e5e710ce0, 0x00007f0e5e710e00, 0x00007f0e5ee86000)
 Metaspace       used 24317K, capacity 24703K, committed 24832K, reserved 26624K
}
Event: 5021.113 GC heap before
{Heap before GC invocations=6317 (full 3):
 def new generation   total 1748864K, used 1574461K [0x00007f081c600000, 0x00007f0892fa0000, 0x00007f0d71b50000)
  eden space 1554560K, 100% used [0x00007f081c600000, 0x00007f087b420000, 0x00007f087b420000)
  from space 194304K,  10% used [0x00007f087b420000, 0x00007f087c78f6b0, 0x00007f08871e0000)
  to   space 194304K,   0% used [0x00007f08871e0000, 0x00007f08871e0000, 0x00007f0892fa0000)
 tenured generation   total 3886296K, used 3878659K [0x00007f0d71b50000, 0x00007f0e5ee86000, 0x00007f181c600000)
   the space 3886296K,  99% used [0x00007f0d71b50000, 0x00007f0e5e710ce0, 0x00007f0e5e710e00, 0x00007f0e5ee86000)
 Metaspace       used 24317K, capacity 24703K, committed 24832K, reserved 26624K
}
Event: 5021.161 GC heap after
{Heap after GC invocations=6318 (full 3):
 def new generation   total 1748864K, used 18948K [0x00007f081c600000, 0x00007f0892fa0000, 0x00007f0d71b50000)
  eden space 1554560K,   0% used [0x00007f081c600000, 0x00007f081c600000, 0x00007f087b420000)
  from space 194304K,   9% used [0x00007f08871e0000, 0x00007f0888461248, 0x00007f0892fa0000)
  to   space 194304K,   0% used [0x00007f087b420000, 0x00007f087b420000, 0x00007f08871e0000)
 tenured generation   total 3886296K, used 3880398K [0x00007f0d71b50000, 0x00007f0e5ee86000, 0x00007f181c600000)
   the space 3886296K,  99% used [0x00007f0d71b50000, 0x00007f0e5e8c3a40, 0x00007f0e5e8c3c00, 0x00007f0e5ee86000)
 Metaspace       used 24317K, capacity 24703K, committed 24832K, reserved 26624K
}
Event: 5022.551 GC heap before
{Heap before GC invocations=6318 (full 3):
 def new generation   total 1748864K, used 1573508K [0x00007f081c600000, 0x00007f0892fa0000, 0x00007f0d71b50000)
  eden space 1554560K, 100% used [0x00007f081c600000, 0x00007f087b420000, 0x00007f087b420000)
  from space 194304K,   9% used [0x00007f08871e0000, 0x00007f0888461248, 0x00007f0892fa0000)
  to   space 194304K,   0% used [0x00007f087b420000, 0x00007f087b420000, 0x00007f08871e0000)
 tenured generation   total 3886296K, used 3880398K [0x00007f0d71b50000, 0x00007f0e5ee86000, 0x00007f181c600000)
   the space 3886296K,  99% used [0x00007f0d71b50000, 0x00007f0e5e8c3a40, 0x00007f0e5e8c3c00, 0x00007f0e5ee86000)
 Metaspace       used 24317K, capacity 24703K, committed 24832K, reserved 26624K
}
Event: 5022.591 GC heap after
{Heap after GC invocations=6319 (full 3):
 def new generation   total 1748864K, used 18404K [0x00007f081c600000, 0x00007f0892fa0000, 0x00007f0d71b50000)
  eden space 1554560K,   0% used [0x00007f081c600000, 0x00007f081c600000, 0x00007f087b420000)
  from space 194304K,   9% used [0x00007f087b420000, 0x00007f087c6191f0, 0x00007f08871e0000)
  to   space 194304K,   0% used [0x00007f08871e0000, 0x00007f08871e0000, 0x00007f0892fa0000)
 tenured generation   total 3886296K, used 3881579K [0x00007f0d71b50000, 0x00007f0e5ee86000, 0x00007f181c600000)
   the space 3886296K,  99% used [0x00007f0d71b50000, 0x00007f0e5e9eaf28, 0x00007f0e5e9eb000, 0x00007f0e5ee86000)
 Metaspace       used 24317K, capacity 24703K, committed 24832K, reserved 26624K
}
Event: 5024.004 GC heap before
{Heap before GC invocations=6319 (full 3):
 def new generation   total 1748864K, used 1572964K [0x00007f081c600000, 0x00007f0892fa0000, 0x00007f0d71b50000)
  eden space 1554560K, 100% used [0x00007f081c600000, 0x00007f087b420000, 0x00007f087b420000)
  from space 194304K,   9% used [0x00007f087b420000, 0x00007f087c6191f0, 0x00007f08871e0000)
  to   space 194304K,   0% used [0x00007f08871e0000, 0x00007f08871e0000, 0x00007f0892fa0000)
 tenured generation   total 3886296K, used 3881579K [0x00007f0d71b50000, 0x00007f0e5ee86000, 0x00007f181c600000)
   the space 3886296K,  99% used [0x00007f0d71b50000, 0x00007f0e5e9eaf28, 0x00007f0e5e9eb000, 0x00007f0e5ee86000)
 Metaspace       used 24317K, capacity 24703K, committed 24832K, reserved 26624K
}
Event: 5024.042 GC heap after
{Heap after GC invocations=6320 (full 3):
 def new generation   total 1748864K, used 18564K [0x00007f081c600000, 0x00007f0892fa0000, 0x00007f0d71b50000)
  eden space 1554560K,   0% used [0x00007f081c600000, 0x00007f081c600000, 0x00007f087b420000)
  from space 194304K,   9% used [0x00007f08871e0000, 0x00007f08884011a8, 0x00007f0892fa0000)
  to   space 194304K,   0% used [0x00007f087b420000, 0x00007f087b420000, 0x00007f08871e0000)
 tenured generation   total 3886296K, used 3882096K [0x00007f0d71b50000, 0x00007f0e5ee86000, 0x00007f181c600000)
   the space 3886296K,  99% used [0x00007f0d71b50000, 0x00007f0e5ea6c018, 0x00007f0e5ea6c200, 0x00007f0e5ee86000)
 Metaspace       used 24317K, capacity 24703K, committed 24832K, reserved 26624K
}
Event: 5025.400 GC heap before
{Heap before GC invocations=6320 (full 3):
 def new generation   total 1748864K, used 1573124K [0x00007f081c600000, 0x00007f0892fa0000, 0x00007f0d71b50000)
  eden space 1554560K, 100% used [0x00007f081c600000, 0x00007f087b420000, 0x00007f087b420000)
  from space 194304K,   9% used [0x00007f08871e0000, 0x00007f08884011a8, 0x00007f0892fa0000)
  to   space 194304K,   0% used [0x00007f087b420000, 0x00007f087b420000, 0x00007f08871e0000)
 tenured generation   total 3886296K, used 3882096K [0x00007f0d71b50000, 0x00007f0e5ee86000, 0x00007f181c600000)
   the space 3886296K,  99% used [0x00007f0d71b50000, 0x00007f0e5ea6c018, 0x00007f0e5ea6c200, 0x00007f0e5ee86000)
 Metaspace       used 24317K, capacity 24703K, committed 24832K, reserved 26624K
}
Event: 5025.439 GC heap after
{Heap after GC invocations=6321 (full 3):
 def new generation   total 1748864K, used 18782K [0x00007f081c600000, 0x00007f0892fa0000, 0x00007f0d71b50000)
  eden space 1554560K,   0% used [0x00007f081c600000, 0x00007f081c600000, 0x00007f087b420000)
  from space 194304K,   9% used [0x00007f087b420000, 0x00007f087c6778a0, 0x00007f08871e0000)
  to   space 194304K,   0% used [0x00007f08871e0000, 0x00007f08871e0000, 0x00007f0892fa0000)
 tenured generation   total 3886296K, used 3882815K [0x00007f0d71b50000, 0x00007f0e5ee86000, 0x00007f181c600000)
   the space 3886296K,  99% used [0x00007f0d71b50000, 0x00007f0e5eb1fd78, 0x00007f0e5eb1fe00, 0x00007f0e5ee86000)
 Metaspace       used 24317K, capacity 24703K, committed 24832K, reserved 26624K
}
Event: 5026.836 GC heap before
{Heap before GC invocations=6321 (full 3):
 def new generation   total 1748864K, used 1573342K [0x00007f081c600000, 0x00007f0892fa0000, 0x00007f0d71b50000)
  eden space 1554560K, 100% used [0x00007f081c600000, 0x00007f087b420000, 0x00007f087b420000)
  from space 194304K,   9% used [0x00007f087b420000, 0x00007f087c6778a0, 0x00007f08871e0000)
  to   space 194304K,   0% used [0x00007f08871e0000, 0x00007f08871e0000, 0x00007f0892fa0000)
 tenured generation   total 3886296K, used 3882815K [0x00007f0d71b50000, 0x00007f0e5ee86000, 0x00007f181c600000)
   the space 3886296K,  99% used [0x00007f0d71b50000, 0x00007f0e5eb1fd78, 0x00007f0e5eb1fe00, 0x00007f0e5ee86000)
 Metaspace       used 24317K, capacity 24703K, committed 24832K, reserved 26624K
}
Event: 5026.877 GC heap after
{Heap after GC invocations=6322 (full 3):
 def new generation   total 1748864K, used 18136K [0x00007f081c600000, 0x00007f0892fa0000, 0x00007f0d71b50000)
  eden space 1554560K,   0% used [0x00007f081c600000, 0x00007f081c600000, 0x00007f087b420000)
  from space 194304K,   9% used [0x00007f08871e0000, 0x00007f0888396058, 0x00007f0892fa0000)
  to   space 194304K,   0% used [0x00007f087b420000, 0x00007f087b420000, 0x00007f08871e0000)
 tenured generation   total 3886296K, used 3884439K [0x00007f0d71b50000, 0x00007f0e5ee86000, 0x00007f181c600000)
   the space 3886296K,  99% used [0x00007f0d71b50000, 0x00007f0e5ecb5dc8, 0x00007f0e5ecb5e00, 0x00007f0e5ee86000)
 Metaspace       used 24317K, capacity 24703K, committed 24832K, reserved 26624K
}
Event: 5028.256 GC heap before
{Heap before GC invocations=6322 (full 3):
 def new generation   total 1748864K, used 1572696K [0x00007f081c600000, 0x00007f0892fa0000, 0x00007f0d71b50000)
  eden space 1554560K, 100% used [0x00007f081c600000, 0x00007f087b420000, 0x00007f087b420000)
  from space 194304K,   9% used [0x00007f08871e0000, 0x00007f0888396058, 0x00007f0892fa0000)
  to   space 194304K,   0% used [0x00007f087b420000, 0x00007f087b420000, 0x00007f08871e0000)
 tenured generation   total 3886296K, used 3884439K [0x00007f0d71b50000, 0x00007f0e5ee86000, 0x00007f181c600000)
   the space 3886296K,  99% used [0x00007f0d71b50000, 0x00007f0e5ecb5dc8, 0x00007f0e5ecb5e00, 0x00007f0e5ee86000)
 Metaspace       used 24317K, capacity 24703K, committed 24832K, reserved 26624K
}
Event: 5028.302 GC heap after
{Heap after GC invocations=6323 (full 3):
 def new generation   total 1748864K, used 17441K [0x00007f081c600000, 0x00007f0892fa0000, 0x00007f0d71b50000)
  eden space 1554560K,   0% used [0x00007f081c600000, 0x00007f081c600000, 0x00007f087b420000)
  from space 194304K,   8% used [0x00007f087b420000, 0x00007f087c528538, 0x00007f08871e0000)
  to   space 194304K,   0% used [0x00007f08871e0000, 0x00007f08871e0000, 0x00007f0892fa0000)
 tenured generation   total 3886296K, used 3886155K [0x00007f0d71b50000, 0x00007f0e5ee86000, 0x00007f181c600000)
   the space 3886296K,  99% used [0x00007f0d71b50000, 0x00007f0e5ee62fd8, 0x00007f0e5ee63000, 0x00007f0e5ee86000)
 Metaspace       used 24317K, capacity 24703K, committed 24832K, reserved 26624K
}
Event: 5029.670 GC heap before
{Heap before GC invocations=6323 (full 3):
 def new generation   total 1748864K, used 1572001K [0x00007f081c600000, 0x00007f0892fa0000, 0x00007f0d71b50000)
  eden space 1554560K, 100% used [0x00007f081c600000, 0x00007f087b420000, 0x00007f087b420000)
  from space 194304K,   8% used [0x00007f087b420000, 0x00007f087c528538, 0x00007f08871e0000)
  to   space 194304K,   0% used [0x00007f08871e0000, 0x00007f08871e0000, 0x00007f0892fa0000)
 tenured generation   total 3886296K, used 3886155K [0x00007f0d71b50000, 0x00007f0e5ee86000, 0x00007f181c600000)
   the space 3886296K,  99% used [0x00007f0d71b50000, 0x00007f0e5ee62fd8, 0x00007f0e5ee63000, 0x00007f0e5ee86000)
 Metaspace       used 24317K, capacity 24703K, committed 24832K, reserved 26624K
}
Event: 5029.711 GC heap after
{Heap after GC invocations=6324 (full 3):
 def new generation   total 1748864K, used 16668K [0x00007f081c600000, 0x00007f0892fa0000, 0x00007f0d71b50000)
  eden space 1554560K,   0% used [0x00007f081c600000, 0x00007f081c600000, 0x00007f087b420000)
  from space 194304K,   8% used [0x00007f08871e0000, 0x00007f08882271b0, 0x00007f0892fa0000)
  to   space 194304K,   0% used [0x00007f087b420000, 0x00007f087b420000, 0x00007f08871e0000)
 tenured generation   total 3888024K, used 3887890K [0x00007f0d71b50000, 0x00007f0e5f036000, 0x00007f181c600000)
   the space 3888024K,  99% used [0x00007f0d71b50000, 0x00007f0e5f014b68, 0x00007f0e5f014c00, 0x00007f0e5f036000)
 Metaspace       used 24317K, capacity 24703K, committed 24832K, reserved 26624K
}
Event: 5029.711 GC heap before
{Heap before GC invocations=6324 (full 3):
 def new generation   total 1748864K, used 16668K [0x00007f081c600000, 0x00007f0892fa0000, 0x00007f0d71b50000)
  eden space 1554560K,   0% used [0x00007f081c600000, 0x00007f081c600000, 0x00007f087b420000)
  from space 194304K,   8% used [0x00007f08871e0000, 0x00007f08882271b0, 0x00007f0892fa0000)
  to   space 194304K,   0% used [0x00007f087b420000, 0x00007f087b420000, 0x00007f08871e0000)
 tenured generation   total 3888024K, used 3887890K [0x00007f0d71b50000, 0x00007f0e5f036000, 0x00007f181c600000)
   the space 3888024K,  99% used [0x00007f0d71b50000, 0x00007f0e5f014b68, 0x00007f0e5f014c00, 0x00007f0e5f036000)
 Metaspace       used 24317K, capacity 24703K, committed 24832K, reserved 26624K
}

