# JRE version: OpenJDK Runtime Environment (13.0.7+5) (build 13.0.7+5-Ubuntu-0ubuntu120.04)
# Java VM: OpenJDK 64-Bit Server VM (13.0.7+5-Ubuntu-0ubuntu120.04, mixed mode, tiered, serial gc, linux-amd64)
Heap:
 def new generation   total 1048960K, used 7760K [0x00007fd728600000, 0x00007fd76f830000, 0x00007fdc7db50000)
  eden space 932416K,   0% used [0x00007fd728600000, 0x00007fd728d942d0, 0x00007fd761490000)
  from space 116544K,   0% used [0x00007fd768660000, 0x00007fd768660000, 0x00007fd76f830000)
  to   space 116544K,   0% used [0x00007fd761490000, 0x00007fd761490000, 0x00007fd768660000)
 tenured generation   total 2331072K, used 2331071K [0x00007fdc7db50000, 0x00007fdd0bfc0000, 0x00007fe728600000)
   the space 2331072K,  99% used [0x00007fdc7db50000, 0x00007fdd0bfbffc8, 0x00007fdd0bfc0000, 0x00007fdd0bfc0000)
 Metaspace       used 24259K, capacity 24689K, committed 24832K, reserved 26624K
GC Heap History (20 events):
Event: 2391.880 GC heap after
{Heap after GC invocations=6197 (full 2):
 def new generation   total 1048960K, used 5650K [0x00007fd728600000, 0x00007fd76f830000, 0x00007fdc7db50000)
  eden space 932416K,   0% used [0x00007fd728600000, 0x00007fd728600000, 0x00007fd761490000)
  from space 116544K,   4% used [0x00007fd761490000, 0x00007fd761a148e8, 0x00007fd768660000)
  to   space 116544K,   0% used [0x00007fd768660000, 0x00007fd768660000, 0x00007fd76f830000)
 tenured generation   total 2330880K, used 2327917K [0x00007fdc7db50000, 0x00007fdd0bf90000, 0x00007fe728600000)
   the space 2330880K,  99% used [0x00007fdc7db50000, 0x00007fdd0bcab730, 0x00007fdd0bcab800, 0x00007fdd0bf90000)
 Metaspace       used 24259K, capacity 24689K, committed 24832K, reserved 26624K
}
Event: 2392.392 GC heap before
{Heap before GC invocations=6197 (full 2):
 def new generation   total 1048960K, used 938066K [0x00007fd728600000, 0x00007fd76f830000, 0x00007fdc7db50000)
  eden space 932416K, 100% used [0x00007fd728600000, 0x00007fd761490000, 0x00007fd761490000)
  from space 116544K,   4% used [0x00007fd761490000, 0x00007fd761a148e8, 0x00007fd768660000)
  to   space 116544K,   0% used [0x00007fd768660000, 0x00007fd768660000, 0x00007fd76f830000)
 tenured generation   total 2330880K, used 2327917K [0x00007fdc7db50000, 0x00007fdd0bf90000, 0x00007fe728600000)
   the space 2330880K,  99% used [0x00007fdc7db50000, 0x00007fdd0bcab730, 0x00007fdd0bcab800, 0x00007fdd0bf90000)
 Metaspace       used 24259K, capacity 24689K, committed 24832K, reserved 26624K
}
Event: 2392.403 GC heap after
{Heap after GC invocations=6198 (full 2):
 def new generation   total 1048960K, used 5920K [0x00007fd728600000, 0x00007fd76f830000, 0x00007fdc7db50000)
  eden space 932416K,   0% used [0x00007fd728600000, 0x00007fd728600000, 0x00007fd761490000)
  from space 116544K,   5% used [0x00007fd768660000, 0x00007fd768c280f0, 0x00007fd76f830000)
  to   space 116544K,   0% used [0x00007fd761490000, 0x00007fd761490000, 0x00007fd768660000)
 tenured generation   total 2330880K, used 2328168K [0x00007fdc7db50000, 0x00007fdd0bf90000, 0x00007fe728600000)
   the space 2330880K,  99% used [0x00007fdc7db50000, 0x00007fdd0bcea250, 0x00007fdd0bcea400, 0x00007fdd0bf90000)
 Metaspace       used 24259K, capacity 24689K, committed 24832K, reserved 26624K
}
Event: 2392.936 GC heap before
{Heap before GC invocations=6198 (full 2):
 def new generation   total 1048960K, used 938336K [0x00007fd728600000, 0x00007fd76f830000, 0x00007fdc7db50000)
  eden space 932416K, 100% used [0x00007fd728600000, 0x00007fd761490000, 0x00007fd761490000)
  from space 116544K,   5% used [0x00007fd768660000, 0x00007fd768c280f0, 0x00007fd76f830000)
  to   space 116544K,   0% used [0x00007fd761490000, 0x00007fd761490000, 0x00007fd768660000)
 tenured generation   total 2330880K, used 2328168K [0x00007fdc7db50000, 0x00007fdd0bf90000, 0x00007fe728600000)
   the space 2330880K,  99% used [0x00007fdc7db50000, 0x00007fdd0bcea250, 0x00007fdd0bcea400, 0x00007fdd0bf90000)
 Metaspace       used 24259K, capacity 24689K, committed 24832K, reserved 26624K
}
Event: 2392.945 GC heap after
{Heap after GC invocations=6199 (full 2):
 def new generation   total 1048960K, used 6080K [0x00007fd728600000, 0x00007fd76f830000, 0x00007fdc7db50000)
  eden space 932416K,   0% used [0x00007fd728600000, 0x00007fd728600000, 0x00007fd761490000)
  from space 116544K,   5% used [0x00007fd761490000, 0x00007fd761a801d0, 0x00007fd768660000)
  to   space 116544K,   0% used [0x00007fd768660000, 0x00007fd768660000, 0x00007fd76f830000)
 tenured generation   total 2330880K, used 2328482K [0x00007fdc7db50000, 0x00007fdd0bf90000, 0x00007fe728600000)
   the space 2330880K,  99% used [0x00007fdc7db50000, 0x00007fdd0bd38ae0, 0x00007fdd0bd38c00, 0x00007fdd0bf90000)
 Metaspace       used 24259K, capacity 24689K, committed 24832K, reserved 26624K
}
Event: 2393.491 GC heap before
{Heap before GC invocations=6199 (full 2):
 def new generation   total 1048960K, used 938496K [0x00007fd728600000, 0x00007fd76f830000, 0x00007fdc7db50000)
  eden space 932416K, 100% used [0x00007fd728600000, 0x00007fd761490000, 0x00007fd761490000)
  from space 116544K,   5% used [0x00007fd761490000, 0x00007fd761a801d0, 0x00007fd768660000)
  to   space 116544K,   0% used [0x00007fd768660000, 0x00007fd768660000, 0x00007fd76f830000)
 tenured generation   total 2330880K, used 2328482K [0x00007fdc7db50000, 0x00007fdd0bf90000, 0x00007fe728600000)
   the space 2330880K,  99% used [0x00007fdc7db50000, 0x00007fdd0bd38ae0, 0x00007fdd0bd38c00, 0x00007fdd0bf90000)
 Metaspace       used 24259K, capacity 24689K, committed 24832K, reserved 26624K
}
Event: 2393.503 GC heap after
{Heap after GC invocations=6200 (full 2):
 def new generation   total 1048960K, used 6232K [0x00007fd728600000, 0x00007fd76f830000, 0x00007fdc7db50000)
  eden space 932416K,   0% used [0x00007fd728600000, 0x00007fd728600000, 0x00007fd761490000)
  from space 116544K,   5% used [0x00007fd768660000, 0x00007fd768c76220, 0x00007fd76f830000)
  to   space 116544K,   0% used [0x00007fd761490000, 0x00007fd761490000, 0x00007fd768660000)
 tenured generation   total 2330880K, used 2328843K [0x00007fdc7db50000, 0x00007fdd0bf90000, 0x00007fe728600000)
   the space 2330880K,  99% used [0x00007fdc7db50000, 0x00007fdd0bd92fb0, 0x00007fdd0bd93000, 0x00007fdd0bf90000)
 Metaspace       used 24259K, capacity 24689K, committed 24832K, reserved 26624K
}
Event: 2394.049 GC heap before
{Heap before GC invocations=6200 (full 2):
 def new generation   total 1048960K, used 938648K [0x00007fd728600000, 0x00007fd76f830000, 0x00007fdc7db50000)
  eden space 932416K, 100% used [0x00007fd728600000, 0x00007fd761490000, 0x00007fd761490000)
  from space 116544K,   5% used [0x00007fd768660000, 0x00007fd768c76220, 0x00007fd76f830000)
  to   space 116544K,   0% used [0x00007fd761490000, 0x00007fd761490000, 0x00007fd768660000)
 tenured generation   total 2330880K, used 2328843K [0x00007fdc7db50000, 0x00007fdd0bf90000, 0x00007fe728600000)
   the space 2330880K,  99% used [0x00007fdc7db50000, 0x00007fdd0bd92fb0, 0x00007fdd0bd93000, 0x00007fdd0bf90000)
 Metaspace       used 24259K, capacity 24689K, committed 24832K, reserved 26624K
}
Event: 2394.060 GC heap after
{Heap after GC invocations=6201 (full 2):
 def new generation   total 1048960K, used 6366K [0x00007fd728600000, 0x00007fd76f830000, 0x00007fdc7db50000)
  eden space 932416K,   0% used [0x00007fd728600000, 0x00007fd728600000, 0x00007fd761490000)
  from space 116544K,   5% used [0x00007fd761490000, 0x00007fd761ac7b98, 0x00007fd768660000)
  to   space 116544K,   0% used [0x00007fd768660000, 0x00007fd768660000, 0x00007fd76f830000)
 tenured generation   total 2330880K, used 2329189K [0x00007fdc7db50000, 0x00007fdd0bf90000, 0x00007fe728600000)
   the space 2330880K,  99% used [0x00007fdc7db50000, 0x00007fdd0bde9620, 0x00007fdd0bde9800, 0x00007fdd0bf90000)
 Metaspace       used 24259K, capacity 24689K, committed 24832K, reserved 26624K
}
Event: 2394.590 GC heap before
{Heap before GC invocations=6201 (full 2):
 def new generation   total 1048960K, used 938782K [0x00007fd728600000, 0x00007fd76f830000, 0x00007fdc7db50000)
  eden space 932416K, 100% used [0x00007fd728600000, 0x00007fd761490000, 0x00007fd761490000)
  from space 116544K,   5% used [0x00007fd761490000, 0x00007fd761ac7b98, 0x00007fd768660000)
  to   space 116544K,   0% used [0x00007fd768660000, 0x00007fd768660000, 0x00007fd76f830000)
 tenured generation   total 2330880K, used 2329189K [0x00007fdc7db50000, 0x00007fdd0bf90000, 0x00007fe728600000)
   the space 2330880K,  99% used [0x00007fdc7db50000, 0x00007fdd0bde9620, 0x00007fdd0bde9800, 0x00007fdd0bf90000)
 Metaspace       used 24259K, capacity 24689K, committed 24832K, reserved 26624K
}
Event: 2394.601 GC heap after
{Heap after GC invocations=6202 (full 2):
 def new generation   total 1048960K, used 6688K [0x00007fd728600000, 0x00007fd76f830000, 0x00007fdc7db50000)
  eden space 932416K,   0% used [0x00007fd728600000, 0x00007fd728600000, 0x00007fd761490000)
  from space 116544K,   5% used [0x00007fd768660000, 0x00007fd768ce83c8, 0x00007fd76f830000)
  to   space 116544K,   0% used [0x00007fd761490000, 0x00007fd761490000, 0x00007fd768660000)
 tenured generation   total 2330880K, used 2329566K [0x00007fdc7db50000, 0x00007fdd0bf90000, 0x00007fe728600000)
   the space 2330880K,  99% used [0x00007fdc7db50000, 0x00007fdd0be47b00, 0x00007fdd0be47c00, 0x00007fdd0bf90000)
 Metaspace       used 24259K, capacity 24689K, committed 24832K, reserved 26624K
}
Event: 2395.110 GC heap before
{Heap before GC invocations=6202 (full 2):
 def new generation   total 1048960K, used 939104K [0x00007fd728600000, 0x00007fd76f830000, 0x00007fdc7db50000)
  eden space 932416K, 100% used [0x00007fd728600000, 0x00007fd761490000, 0x00007fd761490000)
  from space 116544K,   5% used [0x00007fd768660000, 0x00007fd768ce83c8, 0x00007fd76f830000)
  to   space 116544K,   0% used [0x00007fd761490000, 0x00007fd761490000, 0x00007fd768660000)
 tenured generation   total 2330880K, used 2329566K [0x00007fdc7db50000, 0x00007fdd0bf90000, 0x00007fe728600000)
   the space 2330880K,  99% used [0x00007fdc7db50000, 0x00007fdd0be47b00, 0x00007fdd0be47c00, 0x00007fdd0bf90000)
 Metaspace       used 24259K, capacity 24689K, committed 24832K, reserved 26624K
}
Event: 2395.122 GC heap after
{Heap after GC invocations=6203 (full 2):
 def new generation   total 1048960K, used 6954K [0x00007fd728600000, 0x00007fd76f830000, 0x00007fdc7db50000)
  eden space 932416K,   0% used [0x00007fd728600000, 0x00007fd728600000, 0x00007fd761490000)
  from space 116544K,   5% used [0x00007fd761490000, 0x00007fd761b5aa00, 0x00007fd768660000)
  to   space 116544K,   0% used [0x00007fd768660000, 0x00007fd768660000, 0x00007fd76f830000)
 tenured generation   total 2330880K, used 2330137K [0x00007fdc7db50000, 0x00007fdd0bf90000, 0x00007fe728600000)
   the space 2330880K,  99% used [0x00007fdc7db50000, 0x00007fdd0bed6420, 0x00007fdd0bed6600, 0x00007fdd0bf90000)
 Metaspace       used 24259K, capacity 24689K, committed 24832K, reserved 26624K
}
Event: 2395.638 GC heap before
{Heap before GC invocations=6203 (full 2):
 def new generation   total 1048960K, used 939370K [0x00007fd728600000, 0x00007fd76f830000, 0x00007fdc7db50000)
  eden space 932416K, 100% used [0x00007fd728600000, 0x00007fd761490000, 0x00007fd761490000)
  from space 116544K,   5% used [0x00007fd761490000, 0x00007fd761b5aa00, 0x00007fd768660000)
  to   space 116544K,   0% used [0x00007fd768660000, 0x00007fd768660000, 0x00007fd76f830000)
 tenured generation   total 2330880K, used 2330137K [0x00007fdc7db50000, 0x00007fdd0bf90000, 0x00007fe728600000)
   the space 2330880K,  99% used [0x00007fdc7db50000, 0x00007fdd0bed6420, 0x00007fdd0bed6600, 0x00007fdd0bf90000)
 Metaspace       used 24259K, capacity 24689K, committed 24832K, reserved 26624K
}
Event: 2395.653 GC heap after
{Heap after GC invocations=6204 (full 2):
 def new generation   total 1048960K, used 7483K [0x00007fd728600000, 0x00007fd76f830000, 0x00007fdc7db50000)
  eden space 932416K,   0% used [0x00007fd728600000, 0x00007fd728600000, 0x00007fd761490000)
  from space 116544K,   6% used [0x00007fd768660000, 0x00007fd768daec60, 0x00007fd76f830000)
  to   space 116544K,   0% used [0x00007fd761490000, 0x00007fd761490000, 0x00007fd768660000)
 tenured generation   total 2330880K, used 2330448K [0x00007fdc7db50000, 0x00007fdd0bf90000, 0x00007fe728600000)
   the space 2330880K,  99% used [0x00007fdc7db50000, 0x00007fdd0bf24240, 0x00007fdd0bf24400, 0x00007fdd0bf90000)
 Metaspace       used 24259K, capacity 24689K, committed 24832K, reserved 26624K
}
Event: 2396.168 GC heap before
{Heap before GC invocations=6204 (full 2):
 def new generation   total 1048960K, used 939899K [0x00007fd728600000, 0x00007fd76f830000, 0x00007fdc7db50000)
  eden space 932416K, 100% used [0x00007fd728600000, 0x00007fd761490000, 0x00007fd761490000)
  from space 116544K,   6% used [0x00007fd768660000, 0x00007fd768daec60, 0x00007fd76f830000)
  to   space 116544K,   0% used [0x00007fd761490000, 0x00007fd761490000, 0x00007fd768660000)
 tenured generation   total 2330880K, used 2330448K [0x00007fdc7db50000, 0x00007fdd0bf90000, 0x00007fe728600000)
   the space 2330880K,  99% used [0x00007fdc7db50000, 0x00007fdd0bf24240, 0x00007fdd0bf24400, 0x00007fdd0bf90000)
 Metaspace       used 24259K, capacity 24689K, committed 24832K, reserved 26624K
}
Event: 2396.180 GC heap after
{Heap after GC invocations=6205 (full 2):
 def new generation   total 1048960K, used 7840K [0x00007fd728600000, 0x00007fd76f830000, 0x00007fdc7db50000)
  eden space 932416K,   0% used [0x00007fd728600000, 0x00007fd728600000, 0x00007fd761490000)
  from space 116544K,   6% used [0x00007fd761490000, 0x00007fd761c383a0, 0x00007fd768660000)
  to   space 116544K,   0% used [0x00007fd768660000, 0x00007fd768660000, 0x00007fd76f830000)
 tenured generation   total 2330880K, used 2330746K [0x00007fdc7db50000, 0x00007fdd0bf90000, 0x00007fe728600000)
   the space 2330880K,  99% used [0x00007fdc7db50000, 0x00007fdd0bf6ea90, 0x00007fdd0bf6ec00, 0x00007fdd0bf90000)
 Metaspace       used 24259K, capacity 24689K, committed 24832K, reserved 26624K
}
Event: 2396.725 GC heap before
{Heap before GC invocations=6205 (full 2):
 def new generation   total 1048960K, used 940256K [0x00007fd728600000, 0x00007fd76f830000, 0x00007fdc7db50000)
  eden space 932416K, 100% used [0x00007fd728600000, 0x00007fd761490000, 0x00007fd761490000)
  from space 116544K,   6% used [0x00007fd761490000, 0x00007fd761c383a0, 0x00007fd768660000)
  to   space 116544K,   0% used [0x00007fd768660000, 0x00007fd768660000, 0x00007fd76f830000)
 tenured generation   total 2330880K, used 2330746K [0x00007fdc7db50000, 0x00007fdd0bf90000, 0x00007fe728600000)
   the space 2330880K,  99% used [0x00007fdc7db50000, 0x00007fdd0bf6ea90, 0x00007fdd0bf6ec00, 0x00007fdd0bf90000)
 Metaspace       used 24259K, capacity 24689K, committed 24832K, reserved 26624K
}
Event: 2396.742 GC heap after
{Heap after GC invocations=6206 (full 2):
 def new generation   total 1048960K, used 7812K [0x00007fd728600000, 0x00007fd76f830000, 0x00007fdc7db50000)
  eden space 932416K,   0% used [0x00007fd728600000, 0x00007fd728600000, 0x00007fd761490000)
  from space 116544K,   6% used [0x00007fd768660000, 0x00007fd768e013c8, 0x00007fd76f830000)
  to   space 116544K,   0% used [0x00007fd761490000, 0x00007fd761490000, 0x00007fd768660000)
 tenured generation   total 2331072K, used 2331029K [0x00007fdc7db50000, 0x00007fdd0bfc0000, 0x00007fe728600000)
   the space 2331072K,  99% used [0x00007fdc7db50000, 0x00007fdd0bfb5420, 0x00007fdd0bfb5600, 0x00007fdd0bfc0000)
 Metaspace       used 24259K, capacity 24689K, committed 24832K, reserved 26624K
}
Event: 2396.742 GC heap before
{Heap before GC invocations=6206 (full 2):
 def new generation   total 1048960K, used 7812K [0x00007fd728600000, 0x00007fd76f830000, 0x00007fdc7db50000)
  eden space 932416K,   0% used [0x00007fd728600000, 0x00007fd728600000, 0x00007fd761490000)
  from space 116544K,   6% used [0x00007fd768660000, 0x00007fd768e013c8, 0x00007fd76f830000)
  to   space 116544K,   0% used [0x00007fd761490000, 0x00007fd761490000, 0x00007fd768660000)
 tenured generation   total 2331072K, used 2331029K [0x00007fdc7db50000, 0x00007fdd0bfc0000, 0x00007fe728600000)
   the space 2331072K,  99% used [0x00007fdc7db50000, 0x00007fdd0bfb5420, 0x00007fdd0bfb5600, 0x00007fdd0bfc0000)
 Metaspace       used 24259K, capacity 24689K, committed 24832K, reserved 26624K
}

