# JRE version: OpenJDK Runtime Environment (13.0.7+5) (build 13.0.7+5-Ubuntu-0ubuntu120.04)
# Java VM: OpenJDK 64-Bit Server VM (13.0.7+5-Ubuntu-0ubuntu120.04, mixed mode, tiered, serial gc, linux-amd64)
Heap:
 def new generation   total 1022976K, used 0K [0x00007fb4c0600000, 0x00007fb505bf0000, 0x00007fba15b50000)
  eden space 909376K,   0% used [0x00007fb4c0600000, 0x00007fb4c0600000, 0x00007fb4f7e10000)
  from space 113600K,   0% used [0x00007fb4f7e10000, 0x00007fb4f7e10000, 0x00007fb4fed00000)
  to   space 113600K,   0% used [0x00007fb4fed00000, 0x00007fb4fed00000, 0x00007fb505bf0000)
 tenured generation   total 2289452K, used 2107949K [0x00007fba15b50000, 0x00007fbaa171b000, 0x00007fc4c0600000)
   the space 2289452K,  92% used [0x00007fba15b50000, 0x00007fba965db6a8, 0x00007fba965db800, 0x00007fbaa171b000)
 Metaspace       used 24294K, capacity 24709K, committed 24832K, reserved 26624K
GC Heap History (20 events):
Event: 911.832 GC heap after
{Heap after GC invocations=1007 (full 4):
 def new generation   total 1022976K, used 50351K [0x00007fb4c0600000, 0x00007fb505bf0000, 0x00007fba15b50000)
  eden space 909376K,   0% used [0x00007fb4c0600000, 0x00007fb4c0600000, 0x00007fb4f7e10000)
  from space 113600K,  44% used [0x00007fb4fed00000, 0x00007fb501e2bf10, 0x00007fb505bf0000)
  to   space 113600K,   0% used [0x00007fb4f7e10000, 0x00007fb4f7e10000, 0x00007fb4fed00000)
 tenured generation   total 2273064K, used 2208595K [0x00007fba15b50000, 0x00007fbaa071a000, 0x00007fc4c0600000)
   the space 2273064K,  97% used [0x00007fba15b50000, 0x00007fba9c824eb8, 0x00007fba9c825000, 0x00007fbaa071a000)
 Metaspace       used 24294K, capacity 24709K, committed 24832K, reserved 26624K
}
Event: 913.209 GC heap before
{Heap before GC invocations=1007 (full 4):
 def new generation   total 1022976K, used 946498K [0x00007fb4c0600000, 0x00007fb505bf0000, 0x00007fba15b50000)
  eden space 909376K,  98% used [0x00007fb4c0600000, 0x00007fb4f71249e8, 0x00007fb4f7e10000)
  from space 113600K,  44% used [0x00007fb4fed00000, 0x00007fb501e2bf10, 0x00007fb505bf0000)
  to   space 113600K,   0% used [0x00007fb4f7e10000, 0x00007fb4f7e10000, 0x00007fb4fed00000)
 tenured generation   total 2273064K, used 2208595K [0x00007fba15b50000, 0x00007fbaa071a000, 0x00007fc4c0600000)
   the space 2273064K,  97% used [0x00007fba15b50000, 0x00007fba9c824eb8, 0x00007fba9c825000, 0x00007fbaa071a000)
 Metaspace       used 24294K, capacity 24709K, committed 24832K, reserved 26624K
}
Event: 913.257 GC heap after
{Heap after GC invocations=1008 (full 4):
 def new generation   total 1022976K, used 54483K [0x00007fb4c0600000, 0x00007fb505bf0000, 0x00007fba15b50000)
  eden space 909376K,   0% used [0x00007fb4c0600000, 0x00007fb4c0600000, 0x00007fb4f7e10000)
  from space 113600K,  47% used [0x00007fb4f7e10000, 0x00007fb4fb344db0, 0x00007fb4fed00000)
  to   space 113600K,   0% used [0x00007fb4fed00000, 0x00007fb4fed00000, 0x00007fb505bf0000)
 tenured generation   total 2273064K, used 2208595K [0x00007fba15b50000, 0x00007fbaa071a000, 0x00007fc4c0600000)
   the space 2273064K,  97% used [0x00007fba15b50000, 0x00007fba9c824eb8, 0x00007fba9c825000, 0x00007fbaa071a000)
 Metaspace       used 24294K, capacity 24709K, committed 24832K, reserved 26624K
}
Event: 914.688 GC heap before
{Heap before GC invocations=1008 (full 4):
 def new generation   total 1022976K, used 963859K [0x00007fb4c0600000, 0x00007fb505bf0000, 0x00007fba15b50000)
  eden space 909376K, 100% used [0x00007fb4c0600000, 0x00007fb4f7e10000, 0x00007fb4f7e10000)
  from space 113600K,  47% used [0x00007fb4f7e10000, 0x00007fb4fb344db0, 0x00007fb4fed00000)
  to   space 113600K,   0% used [0x00007fb4fed00000, 0x00007fb4fed00000, 0x00007fb505bf0000)
 tenured generation   total 2273064K, used 2208595K [0x00007fba15b50000, 0x00007fbaa071a000, 0x00007fc4c0600000)
   the space 2273064K,  97% used [0x00007fba15b50000, 0x00007fba9c824eb8, 0x00007fba9c825000, 0x00007fbaa071a000)
 Metaspace       used 24294K, capacity 24709K, committed 24832K, reserved 26624K
}
Event: 914.736 GC heap after
{Heap after GC invocations=1009 (full 4):
 def new generation   total 1022976K, used 59108K [0x00007fb4c0600000, 0x00007fb505bf0000, 0x00007fba15b50000)
  eden space 909376K,   0% used [0x00007fb4c0600000, 0x00007fb4c0600000, 0x00007fb4f7e10000)
  from space 113600K,  52% used [0x00007fb4fed00000, 0x00007fb5026b9030, 0x00007fb505bf0000)
  to   space 113600K,   0% used [0x00007fb4f7e10000, 0x00007fb4f7e10000, 0x00007fb4fed00000)
 tenured generation   total 2273064K, used 2208595K [0x00007fba15b50000, 0x00007fbaa071a000, 0x00007fc4c0600000)
   the space 2273064K,  97% used [0x00007fba15b50000, 0x00007fba9c824eb8, 0x00007fba9c825000, 0x00007fbaa071a000)
 Metaspace       used 24294K, capacity 24709K, committed 24832K, reserved 26624K
}
Event: 916.034 GC heap before
{Heap before GC invocations=1009 (full 4):
 def new generation   total 1022976K, used 968484K [0x00007fb4c0600000, 0x00007fb505bf0000, 0x00007fba15b50000)
  eden space 909376K, 100% used [0x00007fb4c0600000, 0x00007fb4f7e10000, 0x00007fb4f7e10000)
  from space 113600K,  52% used [0x00007fb4fed00000, 0x00007fb5026b9030, 0x00007fb505bf0000)
  to   space 113600K,   0% used [0x00007fb4f7e10000, 0x00007fb4f7e10000, 0x00007fb4fed00000)
 tenured generation   total 2273064K, used 2208595K [0x00007fba15b50000, 0x00007fbaa071a000, 0x00007fc4c0600000)
   the space 2273064K,  97% used [0x00007fba15b50000, 0x00007fba9c824eb8, 0x00007fba9c825000, 0x00007fbaa071a000)
 Metaspace       used 24294K, capacity 24709K, committed 24832K, reserved 26624K
}
Event: 916.113 GC heap after
{Heap after GC invocations=1010 (full 4):
 def new generation   total 1022976K, used 46775K [0x00007fb4c0600000, 0x00007fb505bf0000, 0x00007fba15b50000)
  eden space 909376K,   0% used [0x00007fb4c0600000, 0x00007fb4c0600000, 0x00007fb4f7e10000)
  from space 113600K,  41% used [0x00007fb4f7e10000, 0x00007fb4fabbdee0, 0x00007fb4fed00000)
  to   space 113600K,   0% used [0x00007fb4fed00000, 0x00007fb4fed00000, 0x00007fb505bf0000)
 tenured generation   total 2273064K, used 2226069K [0x00007fba15b50000, 0x00007fbaa071a000, 0x00007fc4c0600000)
   the space 2273064K,  97% used [0x00007fba15b50000, 0x00007fba9d935580, 0x00007fba9d935600, 0x00007fbaa071a000)
 Metaspace       used 24294K, capacity 24709K, committed 24832K, reserved 26624K
}
Event: 917.215 GC heap before
{Heap before GC invocations=1010 (full 4):
 def new generation   total 1022976K, used 956151K [0x00007fb4c0600000, 0x00007fb505bf0000, 0x00007fba15b50000)
  eden space 909376K, 100% used [0x00007fb4c0600000, 0x00007fb4f7e10000, 0x00007fb4f7e10000)
  from space 113600K,  41% used [0x00007fb4f7e10000, 0x00007fb4fabbdee0, 0x00007fb4fed00000)
  to   space 113600K,   0% used [0x00007fb4fed00000, 0x00007fb4fed00000, 0x00007fb505bf0000)
 tenured generation   total 2273064K, used 2226069K [0x00007fba15b50000, 0x00007fbaa071a000, 0x00007fc4c0600000)
   the space 2273064K,  97% used [0x00007fba15b50000, 0x00007fba9d935580, 0x00007fba9d935600, 0x00007fbaa071a000)
 Metaspace       used 24294K, capacity 24709K, committed 24832K, reserved 26624K
}
Event: 917.285 GC heap after
{Heap after GC invocations=1011 (full 4):
 def new generation   total 1022976K, used 49846K [0x00007fb4c0600000, 0x00007fb505bf0000, 0x00007fba15b50000)
  eden space 909376K,   0% used [0x00007fb4c0600000, 0x00007fb4c0600000, 0x00007fb4f7e10000)
  from space 113600K,  43% used [0x00007fb4fed00000, 0x00007fb501dad8f8, 0x00007fb505bf0000)
  to   space 113600K,   0% used [0x00007fb4f7e10000, 0x00007fb4f7e10000, 0x00007fb4fed00000)
 tenured generation   total 2273064K, used 2226069K [0x00007fba15b50000, 0x00007fbaa071a000, 0x00007fc4c0600000)
   the space 2273064K,  97% used [0x00007fba15b50000, 0x00007fba9d935580, 0x00007fba9d935600, 0x00007fbaa071a000)
 Metaspace       used 24294K, capacity 24709K, committed 24832K, reserved 26624K
}
Event: 918.190 GC heap before
{Heap before GC invocations=1011 (full 4):
 def new generation   total 1022976K, used 959222K [0x00007fb4c0600000, 0x00007fb505bf0000, 0x00007fba15b50000)
  eden space 909376K, 100% used [0x00007fb4c0600000, 0x00007fb4f7e10000, 0x00007fb4f7e10000)
  from space 113600K,  43% used [0x00007fb4fed00000, 0x00007fb501dad8f8, 0x00007fb505bf0000)
  to   space 113600K,   0% used [0x00007fb4f7e10000, 0x00007fb4f7e10000, 0x00007fb4fed00000)
 tenured generation   total 2273064K, used 2226069K [0x00007fba15b50000, 0x00007fbaa071a000, 0x00007fc4c0600000)
   the space 2273064K,  97% used [0x00007fba15b50000, 0x00007fba9d935580, 0x00007fba9d935600, 0x00007fbaa071a000)
 Metaspace       used 24294K, capacity 24709K, committed 24832K, reserved 26624K
}
Event: 918.245 GC heap after
{Heap after GC invocations=1012 (full 4):
 def new generation   total 1022976K, used 50857K [0x00007fb4c0600000, 0x00007fb505bf0000, 0x00007fba15b50000)
  eden space 909376K,   0% used [0x00007fb4c0600000, 0x00007fb4c0600000, 0x00007fb4f7e10000)
  from space 113600K,  44% used [0x00007fb4f7e10000, 0x00007fb4fafba560, 0x00007fb4fed00000)
  to   space 113600K,   0% used [0x00007fb4fed00000, 0x00007fb4fed00000, 0x00007fb505bf0000)
 tenured generation   total 2273064K, used 2226069K [0x00007fba15b50000, 0x00007fbaa071a000, 0x00007fc4c0600000)
   the space 2273064K,  97% used [0x00007fba15b50000, 0x00007fba9d935580, 0x00007fba9d935600, 0x00007fbaa071a000)
 Metaspace       used 24294K, capacity 24709K, committed 24832K, reserved 26624K
}
Event: 919.210 GC heap before
{Heap before GC invocations=1012 (full 4):
 def new generation   total 1022976K, used 960233K [0x00007fb4c0600000, 0x00007fb505bf0000, 0x00007fba15b50000)
  eden space 909376K, 100% used [0x00007fb4c0600000, 0x00007fb4f7e10000, 0x00007fb4f7e10000)
  from space 113600K,  44% used [0x00007fb4f7e10000, 0x00007fb4fafba560, 0x00007fb4fed00000)
  to   space 113600K,   0% used [0x00007fb4fed00000, 0x00007fb4fed00000, 0x00007fb505bf0000)
 tenured generation   total 2273064K, used 2226069K [0x00007fba15b50000, 0x00007fbaa071a000, 0x00007fc4c0600000)
   the space 2273064K,  97% used [0x00007fba15b50000, 0x00007fba9d935580, 0x00007fba9d935600, 0x00007fbaa071a000)
 Metaspace       used 24294K, capacity 24709K, committed 24832K, reserved 26624K
}
Event: 919.262 GC heap after
{Heap after GC invocations=1013 (full 4):
 def new generation   total 1022976K, used 51908K [0x00007fb4c0600000, 0x00007fb505bf0000, 0x00007fba15b50000)
  eden space 909376K,   0% used [0x00007fb4c0600000, 0x00007fb4c0600000, 0x00007fb4f7e10000)
  from space 113600K,  45% used [0x00007fb4fed00000, 0x00007fb501fb1030, 0x00007fb505bf0000)
  to   space 113600K,   0% used [0x00007fb4f7e10000, 0x00007fb4f7e10000, 0x00007fb4fed00000)
 tenured generation   total 2273064K, used 2226069K [0x00007fba15b50000, 0x00007fbaa071a000, 0x00007fc4c0600000)
   the space 2273064K,  97% used [0x00007fba15b50000, 0x00007fba9d935580, 0x00007fba9d935600, 0x00007fbaa071a000)
 Metaspace       used 24294K, capacity 24709K, committed 24832K, reserved 26624K
}
Event: 920.692 GC heap before
{Heap before GC invocations=1013 (full 4):
 def new generation   total 1022976K, used 959514K [0x00007fb4c0600000, 0x00007fb505bf0000, 0x00007fba15b50000)
  eden space 909376K,  99% used [0x00007fb4c0600000, 0x00007fb4f7c55b58, 0x00007fb4f7e10000)
  from space 113600K,  45% used [0x00007fb4fed00000, 0x00007fb501fb1030, 0x00007fb505bf0000)
  to   space 113600K,   0% used [0x00007fb4f7e10000, 0x00007fb4f7e10000, 0x00007fb4fed00000)
 tenured generation   total 2273064K, used 2226069K [0x00007fba15b50000, 0x00007fbaa071a000, 0x00007fc4c0600000)
   the space 2273064K,  97% used [0x00007fba15b50000, 0x00007fba9d935580, 0x00007fba9d935600, 0x00007fbaa071a000)
 Metaspace       used 24294K, capacity 24709K, committed 24832K, reserved 26624K
}
Event: 920.759 GC heap after
{Heap after GC invocations=1014 (full 4):
 def new generation   total 1022976K, used 71944K [0x00007fb4c0600000, 0x00007fb505bf0000, 0x00007fba15b50000)
  eden space 909376K,   0% used [0x00007fb4c0600000, 0x00007fb4c0600000, 0x00007fb4f7e10000)
  from space 113600K,  63% used [0x00007fb4f7e10000, 0x00007fb4fc452190, 0x00007fb4fed00000)
  to   space 113600K,   0% used [0x00007fb4fed00000, 0x00007fb4fed00000, 0x00007fb505bf0000)
 tenured generation   total 2273064K, used 2226069K [0x00007fba15b50000, 0x00007fbaa071a000, 0x00007fc4c0600000)
   the space 2273064K,  97% used [0x00007fba15b50000, 0x00007fba9d935580, 0x00007fba9d935600, 0x00007fbaa071a000)
 Metaspace       used 24294K, capacity 24709K, committed 24832K, reserved 26624K
}
Event: 922.156 GC heap before
{Heap before GC invocations=1014 (full 4):
 def new generation   total 1022976K, used 971762K [0x00007fb4c0600000, 0x00007fb505bf0000, 0x00007fba15b50000)
  eden space 909376K,  98% used [0x00007fb4c0600000, 0x00007fb4f74ba828, 0x00007fb4f7e10000)
  from space 113600K,  63% used [0x00007fb4f7e10000, 0x00007fb4fc452190, 0x00007fb4fed00000)
  to   space 113600K,   0% used [0x00007fb4fed00000, 0x00007fb4fed00000, 0x00007fb505bf0000)
 tenured generation   total 2273064K, used 2226069K [0x00007fba15b50000, 0x00007fbaa071a000, 0x00007fc4c0600000)
   the space 2273064K,  97% used [0x00007fba15b50000, 0x00007fba9d935580, 0x00007fba9d935600, 0x00007fbaa071a000)
 Metaspace       used 24294K, capacity 24709K, committed 24832K, reserved 26624K
}
Event: 922.250 GC heap after
{Heap after GC invocations=1015 (full 4):
 def new generation   total 1022976K, used 59591K [0x00007fb4c0600000, 0x00007fb505bf0000, 0x00007fba15b50000)
  eden space 909376K,   0% used [0x00007fb4c0600000, 0x00007fb4c0600000, 0x00007fb4f7e10000)
  from space 113600K,  52% used [0x00007fb4fed00000, 0x00007fb502731d18, 0x00007fb505bf0000)
  to   space 113600K,   0% used [0x00007fb4f7e10000, 0x00007fb4f7e10000, 0x00007fb4fed00000)
 tenured generation   total 2273064K, used 2243543K [0x00007fba15b50000, 0x00007fbaa071a000, 0x00007fc4c0600000)
   the space 2273064K,  98% used [0x00007fba15b50000, 0x00007fba9ea45c48, 0x00007fba9ea45e00, 0x00007fbaa071a000)
 Metaspace       used 24294K, capacity 24709K, committed 24832K, reserved 26624K
}
Event: 923.507 GC heap before
{Heap before GC invocations=1015 (full 4):
 def new generation   total 1022976K, used 968967K [0x00007fb4c0600000, 0x00007fb505bf0000, 0x00007fba15b50000)
  eden space 909376K, 100% used [0x00007fb4c0600000, 0x00007fb4f7e10000, 0x00007fb4f7e10000)
  from space 113600K,  52% used [0x00007fb4fed00000, 0x00007fb502731d18, 0x00007fb505bf0000)
  to   space 113600K,   0% used [0x00007fb4f7e10000, 0x00007fb4f7e10000, 0x00007fb4fed00000)
 tenured generation   total 2273064K, used 2243543K [0x00007fba15b50000, 0x00007fbaa071a000, 0x00007fc4c0600000)
   the space 2273064K,  98% used [0x00007fba15b50000, 0x00007fba9ea45c48, 0x00007fba9ea45e00, 0x00007fbaa071a000)
 Metaspace       used 24294K, capacity 24709K, committed 24832K, reserved 26624K
}
Event: 923.599 GC heap after
{Heap after GC invocations=1016 (full 4):
 def new generation   total 1022976K, used 13876K [0x00007fb4c0600000, 0x00007fb505bf0000, 0x00007fba15b50000)
  eden space 909376K,   0% used [0x00007fb4c0600000, 0x00007fb4c0600000, 0x00007fb4f7e10000)
  from space 113600K,  12% used [0x00007fb4f7e10000, 0x00007fb4f8b9d090, 0x00007fb4fed00000)
  to   space 113600K,   0% used [0x00007fb4fed00000, 0x00007fb4fed00000, 0x00007fb505bf0000)
 tenured generation   total 2289452K, used 2277447K [0x00007fba15b50000, 0x00007fbaa171b000, 0x00007fc4c0600000)
   the space 2289452K,  99% used [0x00007fba15b50000, 0x00007fbaa0b61e90, 0x00007fbaa0b62000, 0x00007fbaa171b000)
 Metaspace       used 24294K, capacity 24709K, committed 24832K, reserved 26624K
}
Event: 923.599 GC heap before
{Heap before GC invocations=1016 (full 4):
 def new generation   total 1022976K, used 13876K [0x00007fb4c0600000, 0x00007fb505bf0000, 0x00007fba15b50000)
  eden space 909376K,   0% used [0x00007fb4c0600000, 0x00007fb4c0600000, 0x00007fb4f7e10000)
  from space 113600K,  12% used [0x00007fb4f7e10000, 0x00007fb4f8b9d090, 0x00007fb4fed00000)
  to   space 113600K,   0% used [0x00007fb4fed00000, 0x00007fb4fed00000, 0x00007fb505bf0000)
 tenured generation   total 2289452K, used 2277447K [0x00007fba15b50000, 0x00007fbaa171b000, 0x00007fc4c0600000)
   the space 2289452K,  99% used [0x00007fba15b50000, 0x00007fbaa0b61e90, 0x00007fbaa0b62000, 0x00007fbaa171b000)
 Metaspace       used 24294K, capacity 24709K, committed 24832K, reserved 26624K
}

