# JRE version: OpenJDK Runtime Environment (13.0.7+5) (build 13.0.7+5-Ubuntu-0ubuntu120.04)
# Java VM: OpenJDK 64-Bit Server VM (13.0.7+5-Ubuntu-0ubuntu120.04, mixed mode, tiered, compressed oops, serial gc, linux-amd64)
Heap:
 def new generation   total 1749312K, used 0K [0x0000000080200000, 0x00000000f6c10000, 0x0000000300150000)
  eden space 1555008K,   0% used [0x0000000080200000, 0x0000000080200000, 0x00000000df090000)
  from space 194304K,   0% used [0x00000000eae50000, 0x00000000eae50000, 0x00000000f6c10000)
  to   space 194304K,   0% used [0x00000000df090000, 0x00000000df090000, 0x00000000eae50000)
 tenured generation   total 3987716K, used 2622282K [0x0000000300150000, 0x00000003f3791000, 0x0000000800000000)
   the space 3987716K,  65% used [0x0000000300150000, 0x00000003a0222808, 0x00000003a0222a00, 0x00000003f3791000)
 Metaspace       used 22737K, capacity 23296K, committed 23680K, reserved 1071104K
  class space    used 2354K, capacity 2568K, committed 2688K, reserved 1048576K
GC Heap History (20 events):
Event: 699.106 GC heap after
{Heap after GC invocations=615 (full 22):
 def new generation   total 1749312K, used 185670K [0x0000000080200000, 0x00000000f6c10000, 0x0000000300150000)
  eden space 1555008K,   0% used [0x0000000080200000, 0x0000000080200000, 0x00000000df090000)
  from space 194304K,  95% used [0x00000000df090000, 0x00000000ea5e1948, 0x00000000eae50000)
  to   space 194304K,   0% used [0x00000000eae50000, 0x00000000eae50000, 0x00000000f6c10000)
 tenured generation   total 3887152K, used 3546096K [0x0000000300150000, 0x00000003ed55c000, 0x0000000800000000)
   the space 3887152K,  91% used [0x0000000300150000, 0x00000003d884c2c8, 0x00000003d884c400, 0x00000003ed55c000)
 Metaspace       used 22737K, capacity 23296K, committed 23680K, reserved 1071104K
  class space    used 2354K, capacity 2568K, committed 2688K, reserved 1048576K
}
Event: 700.460 GC heap before
{Heap before GC invocations=615 (full 22):
 def new generation   total 1749312K, used 1740678K [0x0000000080200000, 0x00000000f6c10000, 0x0000000300150000)
  eden space 1555008K, 100% used [0x0000000080200000, 0x00000000df090000, 0x00000000df090000)
  from space 194304K,  95% used [0x00000000df090000, 0x00000000ea5e1948, 0x00000000eae50000)
  to   space 194304K,   0% used [0x00000000eae50000, 0x00000000eae50000, 0x00000000f6c10000)
 tenured generation   total 3887152K, used 3546096K [0x0000000300150000, 0x00000003ed55c000, 0x0000000800000000)
   the space 3887152K,  91% used [0x0000000300150000, 0x00000003d884c2c8, 0x00000003d884c400, 0x00000003ed55c000)
 Metaspace       used 22737K, capacity 23296K, committed 23680K, reserved 1071104K
  class space    used 2354K, capacity 2568K, committed 2688K, reserved 1048576K
}
Event: 700.713 GC heap after
{Heap after GC invocations=616 (full 22):
 def new generation   total 1749312K, used 186006K [0x0000000080200000, 0x00000000f6c10000, 0x0000000300150000)
  eden space 1555008K,   0% used [0x0000000080200000, 0x0000000080200000, 0x00000000df090000)
  from space 194304K,  95% used [0x00000000eae50000, 0x00000000f63f5900, 0x00000000f6c10000)
  to   space 194304K,   0% used [0x00000000df090000, 0x00000000df090000, 0x00000000eae50000)
 tenured generation   total 3887152K, used 3638500K [0x0000000300150000, 0x00000003ed55c000, 0x0000000800000000)
   the space 3887152K,  93% used [0x0000000300150000, 0x00000003de289278, 0x00000003de289400, 0x00000003ed55c000)
 Metaspace       used 22737K, capacity 23296K, committed 23680K, reserved 1071104K
  class space    used 2354K, capacity 2568K, committed 2688K, reserved 1048576K
}
Event: 702.099 GC heap before
{Heap before GC invocations=616 (full 22):
 def new generation   total 1749312K, used 1741014K [0x0000000080200000, 0x00000000f6c10000, 0x0000000300150000)
  eden space 1555008K, 100% used [0x0000000080200000, 0x00000000df090000, 0x00000000df090000)
  from space 194304K,  95% used [0x00000000eae50000, 0x00000000f63f5900, 0x00000000f6c10000)
  to   space 194304K,   0% used [0x00000000df090000, 0x00000000df090000, 0x00000000eae50000)
 tenured generation   total 3887152K, used 3638500K [0x0000000300150000, 0x00000003ed55c000, 0x0000000800000000)
   the space 3887152K,  93% used [0x0000000300150000, 0x00000003de289278, 0x00000003de289400, 0x00000003ed55c000)
 Metaspace       used 22737K, capacity 23296K, committed 23680K, reserved 1071104K
  class space    used 2354K, capacity 2568K, committed 2688K, reserved 1048576K
}
Event: 702.179 GC heap after
{Heap after GC invocations=617 (full 22):
 def new generation   total 1749312K, used 100704K [0x0000000080200000, 0x00000000f6c10000, 0x0000000300150000)
  eden space 1555008K,   0% used [0x0000000080200000, 0x0000000080200000, 0x00000000df090000)
  from space 194304K,  51% used [0x00000000df090000, 0x00000000e52e8090, 0x00000000eae50000)
  to   space 194304K,   0% used [0x00000000eae50000, 0x00000000eae50000, 0x00000000f6c10000)
 tenured generation   total 3887152K, used 3646241K [0x0000000300150000, 0x00000003ed55c000, 0x0000000800000000)
   the space 3887152K,  93% used [0x0000000300150000, 0x00000003dea184d8, 0x00000003dea18600, 0x00000003ed55c000)
 Metaspace       used 22737K, capacity 23296K, committed 23680K, reserved 1071104K
  class space    used 2354K, capacity 2568K, committed 2688K, reserved 1048576K
}
Event: 703.536 GC heap before
{Heap before GC invocations=617 (full 22):
 def new generation   total 1749312K, used 1655712K [0x0000000080200000, 0x00000000f6c10000, 0x0000000300150000)
  eden space 1555008K, 100% used [0x0000000080200000, 0x00000000df090000, 0x00000000df090000)
  from space 194304K,  51% used [0x00000000df090000, 0x00000000e52e8090, 0x00000000eae50000)
  to   space 194304K,   0% used [0x00000000eae50000, 0x00000000eae50000, 0x00000000f6c10000)
 tenured generation   total 3887152K, used 3646241K [0x0000000300150000, 0x00000003ed55c000, 0x0000000800000000)
   the space 3887152K,  93% used [0x0000000300150000, 0x00000003dea184d8, 0x00000003dea18600, 0x00000003ed55c000)
 Metaspace       used 22737K, capacity 23296K, committed 23680K, reserved 1071104K
  class space    used 2354K, capacity 2568K, committed 2688K, reserved 1048576K
}
Event: 703.682 GC heap after
{Heap after GC invocations=618 (full 22):
 def new generation   total 1749312K, used 186191K [0x0000000080200000, 0x00000000f6c10000, 0x0000000300150000)
  eden space 1555008K,   0% used [0x0000000080200000, 0x0000000080200000, 0x00000000df090000)
  from space 194304K,  95% used [0x00000000eae50000, 0x00000000f6423f80, 0x00000000f6c10000)
  to   space 194304K,   0% used [0x00000000df090000, 0x00000000df090000, 0x00000000eae50000)
 tenured generation   total 3887152K, used 3653995K [0x0000000300150000, 0x00000003ed55c000, 0x0000000800000000)
   the space 3887152K,  94% used [0x0000000300150000, 0x00000003df1aaf48, 0x00000003df1ab000, 0x00000003ed55c000)
 Metaspace       used 22737K, capacity 23296K, committed 23680K, reserved 1071104K
  class space    used 2354K, capacity 2568K, committed 2688K, reserved 1048576K
}
Event: 705.054 GC heap before
{Heap before GC invocations=618 (full 22):
 def new generation   total 1749312K, used 1741199K [0x0000000080200000, 0x00000000f6c10000, 0x0000000300150000)
  eden space 1555008K, 100% used [0x0000000080200000, 0x00000000df090000, 0x00000000df090000)
  from space 194304K,  95% used [0x00000000eae50000, 0x00000000f6423f80, 0x00000000f6c10000)
  to   space 194304K,   0% used [0x00000000df090000, 0x00000000df090000, 0x00000000eae50000)
 tenured generation   total 3887152K, used 3653995K [0x0000000300150000, 0x00000003ed55c000, 0x0000000800000000)
   the space 3887152K,  94% used [0x0000000300150000, 0x00000003df1aaf48, 0x00000003df1ab000, 0x00000003ed55c000)
 Metaspace       used 22737K, capacity 23296K, committed 23680K, reserved 1071104K
  class space    used 2354K, capacity 2568K, committed 2688K, reserved 1048576K
}
Event: 705.304 GC heap after
{Heap after GC invocations=619 (full 22):
 def new generation   total 1749312K, used 186004K [0x0000000080200000, 0x00000000f6c10000, 0x0000000300150000)
  eden space 1555008K,   0% used [0x0000000080200000, 0x0000000080200000, 0x00000000df090000)
  from space 194304K,  95% used [0x00000000df090000, 0x00000000ea6352d8, 0x00000000eae50000)
  to   space 194304K,   0% used [0x00000000eae50000, 0x00000000eae50000, 0x00000000f6c10000)
 tenured generation   total 3887152K, used 3746415K [0x0000000300150000, 0x00000003ed55c000, 0x0000000800000000)
   the space 3887152K,  96% used [0x0000000300150000, 0x00000003e4bebc98, 0x00000003e4bebe00, 0x00000003ed55c000)
 Metaspace       used 22737K, capacity 23296K, committed 23680K, reserved 1071104K
  class space    used 2354K, capacity 2568K, committed 2688K, reserved 1048576K
}
Event: 706.666 GC heap before
{Heap before GC invocations=619 (full 22):
 def new generation   total 1749312K, used 1741012K [0x0000000080200000, 0x00000000f6c10000, 0x0000000300150000)
  eden space 1555008K, 100% used [0x0000000080200000, 0x00000000df090000, 0x00000000df090000)
  from space 194304K,  95% used [0x00000000df090000, 0x00000000ea6352d8, 0x00000000eae50000)
  to   space 194304K,   0% used [0x00000000eae50000, 0x00000000eae50000, 0x00000000f6c10000)
 tenured generation   total 3887152K, used 3746415K [0x0000000300150000, 0x00000003ed55c000, 0x0000000800000000)
   the space 3887152K,  96% used [0x0000000300150000, 0x00000003e4bebc98, 0x00000003e4bebe00, 0x00000003ed55c000)
 Metaspace       used 22737K, capacity 23296K, committed 23680K, reserved 1071104K
  class space    used 2354K, capacity 2568K, committed 2688K, reserved 1048576K
}
Event: 706.754 GC heap after
{Heap after GC invocations=620 (full 22):
 def new generation   total 1749312K, used 108977K [0x0000000080200000, 0x00000000f6c10000, 0x0000000300150000)
  eden space 1555008K,   0% used [0x0000000080200000, 0x0000000080200000, 0x00000000df090000)
  from space 194304K,  56% used [0x00000000eae50000, 0x00000000f18bc648, 0x00000000f6c10000)
  to   space 194304K,   0% used [0x00000000df090000, 0x00000000df090000, 0x00000000eae50000)
 tenured generation   total 3887152K, used 3754158K [0x0000000300150000, 0x00000003ed55c000, 0x0000000800000000)
   the space 3887152K,  96% used [0x0000000300150000, 0x00000003e537b8b8, 0x00000003e537ba00, 0x00000003ed55c000)
 Metaspace       used 22737K, capacity 23296K, committed 23680K, reserved 1071104K
  class space    used 2354K, capacity 2568K, committed 2688K, reserved 1048576K
}
Event: 708.145 GC heap before
{Heap before GC invocations=620 (full 22):
 def new generation   total 1749312K, used 1663985K [0x0000000080200000, 0x00000000f6c10000, 0x0000000300150000)
  eden space 1555008K, 100% used [0x0000000080200000, 0x00000000df090000, 0x00000000df090000)
  from space 194304K,  56% used [0x00000000eae50000, 0x00000000f18bc648, 0x00000000f6c10000)
  to   space 194304K,   0% used [0x00000000df090000, 0x00000000df090000, 0x00000000eae50000)
 tenured generation   total 3887152K, used 3754158K [0x0000000300150000, 0x00000003ed55c000, 0x0000000800000000)
   the space 3887152K,  96% used [0x0000000300150000, 0x00000003e537b8b8, 0x00000003e537ba00, 0x00000003ed55c000)
 Metaspace       used 22737K, capacity 23296K, committed 23680K, reserved 1071104K
  class space    used 2354K, capacity 2568K, committed 2688K, reserved 1048576K
}
Event: 708.340 GC heap after
{Heap after GC invocations=621 (full 22):
 def new generation   total 1749312K, used 93270K [0x0000000080200000, 0x00000000f6c10000, 0x0000000300150000)
  eden space 1555008K,   0% used [0x0000000080200000, 0x0000000080200000, 0x00000000df090000)
  from space 194304K,  48% used [0x00000000df090000, 0x00000000e4ba5ac0, 0x00000000eae50000)
  to   space 194304K,   0% used [0x00000000eae50000, 0x00000000eae50000, 0x00000000f6c10000)
 tenured generation   total 3887152K, used 3862619K [0x0000000300150000, 0x00000003ed55c000, 0x0000000800000000)
   the space 3887152K,  99% used [0x0000000300150000, 0x00000003ebd66de8, 0x00000003ebd66e00, 0x00000003ed55c000)
 Metaspace       used 22737K, capacity 23296K, committed 23680K, reserved 1071104K
  class space    used 2354K, capacity 2568K, committed 2688K, reserved 1048576K
}
Event: 709.733 GC heap before
{Heap before GC invocations=621 (full 22):
 def new generation   total 1749312K, used 1648278K [0x0000000080200000, 0x00000000f6c10000, 0x0000000300150000)
  eden space 1555008K, 100% used [0x0000000080200000, 0x00000000df090000, 0x00000000df090000)
  from space 194304K,  48% used [0x00000000df090000, 0x00000000e4ba5ac0, 0x00000000eae50000)
  to   space 194304K,   0% used [0x00000000eae50000, 0x00000000eae50000, 0x00000000f6c10000)
 tenured generation   total 3887152K, used 3862619K [0x0000000300150000, 0x00000003ed55c000, 0x0000000800000000)
   the space 3887152K,  99% used [0x0000000300150000, 0x00000003ebd66de8, 0x00000003ebd66e00, 0x00000003ed55c000)
 Metaspace       used 22737K, capacity 23296K, committed 23680K, reserved 1071104K
  class space    used 2354K, capacity 2568K, committed 2688K, reserved 1048576K
}
Event: 709.916 GC heap after
{Heap after GC invocations=622 (full 22):
 def new generation   total 1749312K, used 186013K [0x0000000080200000, 0x00000000f6c10000, 0x0000000300150000)
  eden space 1555008K,   0% used [0x0000000080200000, 0x0000000080200000, 0x00000000df090000)
  from space 194304K,  95% used [0x00000000eae50000, 0x00000000f63f7488, 0x00000000f6c10000)
  to   space 194304K,   0% used [0x00000000df090000, 0x00000000df090000, 0x00000000eae50000)
 tenured generation   total 3887152K, used 3862619K [0x0000000300150000, 0x00000003ed55c000, 0x0000000800000000)
   the space 3887152K,  99% used [0x0000000300150000, 0x00000003ebd66de8, 0x00000003ebd66e00, 0x00000003ed55c000)
 Metaspace       used 22737K, capacity 23296K, committed 23680K, reserved 1071104K
  class space    used 2354K, capacity 2568K, committed 2688K, reserved 1048576K
}
Event: 711.302 GC heap before
{Heap before GC invocations=622 (full 22):
 def new generation   total 1749312K, used 1741021K [0x0000000080200000, 0x00000000f6c10000, 0x0000000300150000)
  eden space 1555008K, 100% used [0x0000000080200000, 0x00000000df090000, 0x00000000df090000)
  from space 194304K,  95% used [0x00000000eae50000, 0x00000000f63f7488, 0x00000000f6c10000)
  to   space 194304K,   0% used [0x00000000df090000, 0x00000000df090000, 0x00000000eae50000)
 tenured generation   total 3887152K, used 3862619K [0x0000000300150000, 0x00000003ed55c000, 0x0000000800000000)
   the space 3887152K,  99% used [0x0000000300150000, 0x00000003ebd66de8, 0x00000003ebd66e00, 0x00000003ed55c000)
 Metaspace       used 22737K, capacity 23296K, committed 23680K, reserved 1071104K
  class space    used 2354K, capacity 2568K, committed 2688K, reserved 1048576K
}
Event: 711.405 GC heap after
{Heap after GC invocations=623 (full 22):
 def new generation   total 1749312K, used 116748K [0x0000000080200000, 0x00000000f6c10000, 0x0000000300150000)
  eden space 1555008K,   0% used [0x0000000080200000, 0x0000000080200000, 0x00000000df090000)
  from space 194304K,  60% used [0x00000000df090000, 0x00000000e6293110, 0x00000000eae50000)
  to   space 194304K,   0% used [0x00000000eae50000, 0x00000000eae50000, 0x00000000f6c10000)
 tenured generation   total 3887152K, used 3871401K [0x0000000300150000, 0x00000003ed55c000, 0x0000000800000000)
   the space 3887152K,  99% used [0x0000000300150000, 0x00000003ec5fa448, 0x00000003ec5fa600, 0x00000003ed55c000)
 Metaspace       used 22737K, capacity 23296K, committed 23680K, reserved 1071104K
  class space    used 2354K, capacity 2568K, committed 2688K, reserved 1048576K
}
Event: 712.778 GC heap before
{Heap before GC invocations=623 (full 22):
 def new generation   total 1749312K, used 1671756K [0x0000000080200000, 0x00000000f6c10000, 0x0000000300150000)
  eden space 1555008K, 100% used [0x0000000080200000, 0x00000000df090000, 0x00000000df090000)
  from space 194304K,  60% used [0x00000000df090000, 0x00000000e6293110, 0x00000000eae50000)
  to   space 194304K,   0% used [0x00000000eae50000, 0x00000000eae50000, 0x00000000f6c10000)
 tenured generation   total 3887152K, used 3871401K [0x0000000300150000, 0x00000003ed55c000, 0x0000000800000000)
   the space 3887152K,  99% used [0x0000000300150000, 0x00000003ec5fa448, 0x00000003ec5fa600, 0x00000003ed55c000)
 Metaspace       used 22737K, capacity 23296K, committed 23680K, reserved 1071104K
  class space    used 2354K, capacity 2568K, committed 2688K, reserved 1048576K
}
Event: 713.022 GC heap after
{Heap after GC invocations=624 (full 22):
 def new generation   total 1749312K, used 93269K [0x0000000080200000, 0x00000000f6c10000, 0x0000000300150000)
  eden space 1555008K,   0% used [0x0000000080200000, 0x0000000080200000, 0x00000000df090000)
  from space 194304K,  48% used [0x00000000eae50000, 0x00000000f09657e0, 0x00000000f6c10000)
  to   space 194304K,   0% used [0x00000000df090000, 0x00000000df090000, 0x00000000eae50000)
 tenured generation   total 3987716K, used 3987626K [0x0000000300150000, 0x00000003f3791000, 0x0000000800000000)
   the space 3987716K,  99% used [0x0000000300150000, 0x00000003f377aa58, 0x00000003f377ac00, 0x00000003f3791000)
 Metaspace       used 22737K, capacity 23296K, committed 23680K, reserved 1071104K
  class space    used 2354K, capacity 2568K, committed 2688K, reserved 1048576K
}
Event: 713.022 GC heap before
{Heap before GC invocations=624 (full 22):
 def new generation   total 1749312K, used 93269K [0x0000000080200000, 0x00000000f6c10000, 0x0000000300150000)
  eden space 1555008K,   0% used [0x0000000080200000, 0x0000000080200000, 0x00000000df090000)
  from space 194304K,  48% used [0x00000000eae50000, 0x00000000f09657e0, 0x00000000f6c10000)
  to   space 194304K,   0% used [0x00000000df090000, 0x00000000df090000, 0x00000000eae50000)
 tenured generation   total 3987716K, used 3987626K [0x0000000300150000, 0x00000003f3791000, 0x0000000800000000)
   the space 3987716K,  99% used [0x0000000300150000, 0x00000003f377aa58, 0x00000003f377ac00, 0x00000003f3791000)
 Metaspace       used 22737K, capacity 23296K, committed 23680K, reserved 1071104K
  class space    used 2354K, capacity 2568K, committed 2688K, reserved 1048576K
}

