# JRE version: OpenJDK Runtime Environment (13.0.7+5) (build 13.0.7+5-Ubuntu-0ubuntu120.04)
# Java VM: OpenJDK 64-Bit Server VM (13.0.7+5-Ubuntu-0ubuntu120.04, mixed mode, tiered, serial gc, linux-amd64)
Heap:
 def new generation   total 1536704K, used 61118K [0x00007f3748600000, 0x00007f37b0960000, 0x00007f3c9db50000)
  eden space 1366016K,   4% used [0x00007f3748600000, 0x00007f374c1af8e0, 0x00007f379bc00000)
  from space 170688K,   0% used [0x00007f37a62b0000, 0x00007f37a62b0000, 0x00007f37b0960000)
  to   space 170688K,   0% used [0x00007f379bc00000, 0x00007f379bc00000, 0x00007f37a62b0000)
 tenured generation   total 3447536K, used 3447180K [0x00007f3c9db50000, 0x00007f3d7020c000, 0x00007f4748600000)
   the space 3447536K,  99% used [0x00007f3c9db50000, 0x00007f3d701b3368, 0x00007f3d701b3400, 0x00007f3d7020c000)
 Metaspace       used 24271K, capacity 24693K, committed 24832K, reserved 26624K
GC Heap History (20 events):
Event: 648.861 GC heap after
{Heap after GC invocations=1231 (full 5):
 def new generation   total 1536704K, used 85276K [0x00007f3748600000, 0x00007f37b0960000, 0x00007f3c9db50000)
  eden space 1366016K,   0% used [0x00007f3748600000, 0x00007f3748600000, 0x00007f379bc00000)
  from space 170688K,  49% used [0x00007f379bc00000, 0x00007f37a0f471c8, 0x00007f37a62b0000)
  to   space 170688K,   0% used [0x00007f37a62b0000, 0x00007f37a62b0000, 0x00007f37b0960000)
 tenured generation   total 3414760K, used 3358264K [0x00007f3c9db50000, 0x00007f3d6e20a000, 0x00007f4748600000)
   the space 3414760K,  98% used [0x00007f3c9db50000, 0x00007f3d6aade2c0, 0x00007f3d6aade400, 0x00007f3d6e20a000)
 Metaspace       used 24271K, capacity 24693K, committed 24832K, reserved 26624K
}
Event: 649.700 GC heap before
{Heap before GC invocations=1231 (full 5):
 def new generation   total 1536704K, used 1451292K [0x00007f3748600000, 0x00007f37b0960000, 0x00007f3c9db50000)
  eden space 1366016K, 100% used [0x00007f3748600000, 0x00007f379bc00000, 0x00007f379bc00000)
  from space 170688K,  49% used [0x00007f379bc00000, 0x00007f37a0f471c8, 0x00007f37a62b0000)
  to   space 170688K,   0% used [0x00007f37a62b0000, 0x00007f37a62b0000, 0x00007f37b0960000)
 tenured generation   total 3414760K, used 3358264K [0x00007f3c9db50000, 0x00007f3d6e20a000, 0x00007f4748600000)
   the space 3414760K,  98% used [0x00007f3c9db50000, 0x00007f3d6aade2c0, 0x00007f3d6aade400, 0x00007f3d6e20a000)
 Metaspace       used 24271K, capacity 24693K, committed 24832K, reserved 26624K
}
Event: 649.745 GC heap after
{Heap after GC invocations=1232 (full 5):
 def new generation   total 1536704K, used 90961K [0x00007f3748600000, 0x00007f37b0960000, 0x00007f3c9db50000)
  eden space 1366016K,   0% used [0x00007f3748600000, 0x00007f3748600000, 0x00007f379bc00000)
  from space 170688K,  53% used [0x00007f37a62b0000, 0x00007f37abb847b8, 0x00007f37b0960000)
  to   space 170688K,   0% used [0x00007f379bc00000, 0x00007f379bc00000, 0x00007f37a62b0000)
 tenured generation   total 3414760K, used 3358264K [0x00007f3c9db50000, 0x00007f3d6e20a000, 0x00007f4748600000)
   the space 3414760K,  98% used [0x00007f3c9db50000, 0x00007f3d6aade2c0, 0x00007f3d6aade400, 0x00007f3d6e20a000)
 Metaspace       used 24271K, capacity 24693K, committed 24832K, reserved 26624K
}
Event: 650.785 GC heap before
{Heap before GC invocations=1232 (full 5):
 def new generation   total 1536704K, used 1456977K [0x00007f3748600000, 0x00007f37b0960000, 0x00007f3c9db50000)
  eden space 1366016K, 100% used [0x00007f3748600000, 0x00007f379bc00000, 0x00007f379bc00000)
  from space 170688K,  53% used [0x00007f37a62b0000, 0x00007f37abb847b8, 0x00007f37b0960000)
  to   space 170688K,   0% used [0x00007f379bc00000, 0x00007f379bc00000, 0x00007f37a62b0000)
 tenured generation   total 3414760K, used 3358264K [0x00007f3c9db50000, 0x00007f3d6e20a000, 0x00007f4748600000)
   the space 3414760K,  98% used [0x00007f3c9db50000, 0x00007f3d6aade2c0, 0x00007f3d6aade400, 0x00007f3d6e20a000)
 Metaspace       used 24271K, capacity 24693K, committed 24832K, reserved 26624K
}
Event: 650.842 GC heap after
{Heap after GC invocations=1233 (full 5):
 def new generation   total 1536704K, used 83227K [0x00007f3748600000, 0x00007f37b0960000, 0x00007f3c9db50000)
  eden space 1366016K,   0% used [0x00007f3748600000, 0x00007f3748600000, 0x00007f379bc00000)
  from space 170688K,  48% used [0x00007f379bc00000, 0x00007f37a0d46cd8, 0x00007f37a62b0000)
  to   space 170688K,   0% used [0x00007f37a62b0000, 0x00007f37a62b0000, 0x00007f37b0960000)
 tenured generation   total 3414760K, used 3375223K [0x00007f3c9db50000, 0x00007f3d6e20a000, 0x00007f4748600000)
   the space 3414760K,  98% used [0x00007f3c9db50000, 0x00007f3d6bb6dda8, 0x00007f3d6bb6de00, 0x00007f3d6e20a000)
 Metaspace       used 24271K, capacity 24693K, committed 24832K, reserved 26624K
}
Event: 651.808 GC heap before
{Heap before GC invocations=1233 (full 5):
 def new generation   total 1536704K, used 1449243K [0x00007f3748600000, 0x00007f37b0960000, 0x00007f3c9db50000)
  eden space 1366016K, 100% used [0x00007f3748600000, 0x00007f379bc00000, 0x00007f379bc00000)
  from space 170688K,  48% used [0x00007f379bc00000, 0x00007f37a0d46cd8, 0x00007f37a62b0000)
  to   space 170688K,   0% used [0x00007f37a62b0000, 0x00007f37a62b0000, 0x00007f37b0960000)
 tenured generation   total 3414760K, used 3375223K [0x00007f3c9db50000, 0x00007f3d6e20a000, 0x00007f4748600000)
   the space 3414760K,  98% used [0x00007f3c9db50000, 0x00007f3d6bb6dda8, 0x00007f3d6bb6de00, 0x00007f3d6e20a000)
 Metaspace       used 24271K, capacity 24693K, committed 24832K, reserved 26624K
}
Event: 651.852 GC heap after
{Heap after GC invocations=1234 (full 5):
 def new generation   total 1536704K, used 88891K [0x00007f3748600000, 0x00007f37b0960000, 0x00007f3c9db50000)
  eden space 1366016K,   0% used [0x00007f3748600000, 0x00007f3748600000, 0x00007f379bc00000)
  from space 170688K,  52% used [0x00007f37a62b0000, 0x00007f37ab97ed00, 0x00007f37b0960000)
  to   space 170688K,   0% used [0x00007f379bc00000, 0x00007f379bc00000, 0x00007f37a62b0000)
 tenured generation   total 3414760K, used 3375223K [0x00007f3c9db50000, 0x00007f3d6e20a000, 0x00007f4748600000)
   the space 3414760K,  98% used [0x00007f3c9db50000, 0x00007f3d6bb6dda8, 0x00007f3d6bb6de00, 0x00007f3d6e20a000)
 Metaspace       used 24271K, capacity 24693K, committed 24832K, reserved 26624K
}
Event: 652.956 GC heap before
{Heap before GC invocations=1234 (full 5):
 def new generation   total 1536704K, used 1450456K [0x00007f3748600000, 0x00007f37b0960000, 0x00007f3c9db50000)
  eden space 1366016K,  99% used [0x00007f3748600000, 0x00007f379b7a7430, 0x00007f379bc00000)
  from space 170688K,  52% used [0x00007f37a62b0000, 0x00007f37ab97ed00, 0x00007f37b0960000)
  to   space 170688K,   0% used [0x00007f379bc00000, 0x00007f379bc00000, 0x00007f37a62b0000)
 tenured generation   total 3414760K, used 3375223K [0x00007f3c9db50000, 0x00007f3d6e20a000, 0x00007f4748600000)
   the space 3414760K,  98% used [0x00007f3c9db50000, 0x00007f3d6bb6dda8, 0x00007f3d6bb6de00, 0x00007f3d6e20a000)
 Metaspace       used 24271K, capacity 24693K, committed 24832K, reserved 26624K
}
Event: 653.005 GC heap after
{Heap after GC invocations=1235 (full 5):
 def new generation   total 1536704K, used 96594K [0x00007f3748600000, 0x00007f37b0960000, 0x00007f3c9db50000)
  eden space 1366016K,   0% used [0x00007f3748600000, 0x00007f3748600000, 0x00007f379bc00000)
  from space 170688K,  56% used [0x00007f379bc00000, 0x00007f37a1a54b18, 0x00007f37a62b0000)
  to   space 170688K,   0% used [0x00007f37a62b0000, 0x00007f37a62b0000, 0x00007f37b0960000)
 tenured generation   total 3414760K, used 3392182K [0x00007f3c9db50000, 0x00007f3d6e20a000, 0x00007f4748600000)
   the space 3414760K,  99% used [0x00007f3c9db50000, 0x00007f3d6cbfd970, 0x00007f3d6cbfda00, 0x00007f3d6e20a000)
 Metaspace       used 24271K, capacity 24693K, committed 24832K, reserved 26624K
}
Event: 653.946 GC heap before
{Heap before GC invocations=1235 (full 5):
 def new generation   total 1536704K, used 1462610K [0x00007f3748600000, 0x00007f37b0960000, 0x00007f3c9db50000)
  eden space 1366016K, 100% used [0x00007f3748600000, 0x00007f379bc00000, 0x00007f379bc00000)
  from space 170688K,  56% used [0x00007f379bc00000, 0x00007f37a1a54b18, 0x00007f37a62b0000)
  to   space 170688K,   0% used [0x00007f37a62b0000, 0x00007f37a62b0000, 0x00007f37b0960000)
 tenured generation   total 3414760K, used 3392182K [0x00007f3c9db50000, 0x00007f3d6e20a000, 0x00007f4748600000)
   the space 3414760K,  99% used [0x00007f3c9db50000, 0x00007f3d6cbfd970, 0x00007f3d6cbfda00, 0x00007f3d6e20a000)
 Metaspace       used 24271K, capacity 24693K, committed 24832K, reserved 26624K
}
Event: 653.995 GC heap after
{Heap after GC invocations=1236 (full 5):
 def new generation   total 1536704K, used 68317K [0x00007f3748600000, 0x00007f37b0960000, 0x00007f3c9db50000)
  eden space 1366016K,   0% used [0x00007f3748600000, 0x00007f3748600000, 0x00007f379bc00000)
  from space 170688K,  40% used [0x00007f37a62b0000, 0x00007f37aa567658, 0x00007f37b0960000)
  to   space 170688K,   0% used [0x00007f379bc00000, 0x00007f379bc00000, 0x00007f37a62b0000)
 tenured generation   total 3414760K, used 3409140K [0x00007f3c9db50000, 0x00007f3d6e20a000, 0x00007f4748600000)
   the space 3414760K,  99% used [0x00007f3c9db50000, 0x00007f3d6dc8d3c8, 0x00007f3d6dc8d400, 0x00007f3d6e20a000)
 Metaspace       used 24271K, capacity 24693K, committed 24832K, reserved 26624K
}
Event: 654.949 GC heap before
{Heap before GC invocations=1236 (full 5):
 def new generation   total 1536704K, used 1434333K [0x00007f3748600000, 0x00007f37b0960000, 0x00007f3c9db50000)
  eden space 1366016K, 100% used [0x00007f3748600000, 0x00007f379bc00000, 0x00007f379bc00000)
  from space 170688K,  40% used [0x00007f37a62b0000, 0x00007f37aa567658, 0x00007f37b0960000)
  to   space 170688K,   0% used [0x00007f379bc00000, 0x00007f379bc00000, 0x00007f37a62b0000)
 tenured generation   total 3414760K, used 3409140K [0x00007f3c9db50000, 0x00007f3d6e20a000, 0x00007f4748600000)
   the space 3414760K,  99% used [0x00007f3c9db50000, 0x00007f3d6dc8d3c8, 0x00007f3d6dc8d400, 0x00007f3d6e20a000)
 Metaspace       used 24271K, capacity 24693K, committed 24832K, reserved 26624K
}
Event: 654.984 GC heap after
{Heap after GC invocations=1237 (full 5):
 def new generation   total 1536704K, used 76054K [0x00007f3748600000, 0x00007f37b0960000, 0x00007f3c9db50000)
  eden space 1366016K,   0% used [0x00007f3748600000, 0x00007f3748600000, 0x00007f379bc00000)
  from space 170688K,  44% used [0x00007f379bc00000, 0x00007f37a0645a40, 0x00007f37a62b0000)
  to   space 170688K,   0% used [0x00007f37a62b0000, 0x00007f37a62b0000, 0x00007f37b0960000)
 tenured generation   total 3414760K, used 3409140K [0x00007f3c9db50000, 0x00007f3d6e20a000, 0x00007f4748600000)
   the space 3414760K,  99% used [0x00007f3c9db50000, 0x00007f3d6dc8d3c8, 0x00007f3d6dc8d400, 0x00007f3d6e20a000)
 Metaspace       used 24271K, capacity 24693K, committed 24832K, reserved 26624K
}
Event: 655.973 GC heap before
{Heap before GC invocations=1237 (full 5):
 def new generation   total 1536704K, used 1442070K [0x00007f3748600000, 0x00007f37b0960000, 0x00007f3c9db50000)
  eden space 1366016K, 100% used [0x00007f3748600000, 0x00007f379bc00000, 0x00007f379bc00000)
  from space 170688K,  44% used [0x00007f379bc00000, 0x00007f37a0645a40, 0x00007f37a62b0000)
  to   space 170688K,   0% used [0x00007f37a62b0000, 0x00007f37a62b0000, 0x00007f37b0960000)
 tenured generation   total 3414760K, used 3409140K [0x00007f3c9db50000, 0x00007f3d6e20a000, 0x00007f4748600000)
   the space 3414760K,  99% used [0x00007f3c9db50000, 0x00007f3d6dc8d3c8, 0x00007f3d6dc8d400, 0x00007f3d6e20a000)
 Metaspace       used 24271K, capacity 24693K, committed 24832K, reserved 26624K
}
Event: 656.011 GC heap after
{Heap after GC invocations=1238 (full 5):
 def new generation   total 1536704K, used 84254K [0x00007f3748600000, 0x00007f37b0960000, 0x00007f3c9db50000)
  eden space 1366016K,   0% used [0x00007f3748600000, 0x00007f3748600000, 0x00007f379bc00000)
  from space 170688K,  49% used [0x00007f37a62b0000, 0x00007f37ab4f78d8, 0x00007f37b0960000)
  to   space 170688K,   0% used [0x00007f379bc00000, 0x00007f379bc00000, 0x00007f37a62b0000)
 tenured generation   total 3414760K, used 3409140K [0x00007f3c9db50000, 0x00007f3d6e20a000, 0x00007f4748600000)
   the space 3414760K,  99% used [0x00007f3c9db50000, 0x00007f3d6dc8d3c8, 0x00007f3d6dc8d400, 0x00007f3d6e20a000)
 Metaspace       used 24271K, capacity 24693K, committed 24832K, reserved 26624K
}
Event: 656.844 GC heap before
{Heap before GC invocations=1238 (full 5):
 def new generation   total 1536704K, used 1450270K [0x00007f3748600000, 0x00007f37b0960000, 0x00007f3c9db50000)
  eden space 1366016K, 100% used [0x00007f3748600000, 0x00007f379bc00000, 0x00007f379bc00000)
  from space 170688K,  49% used [0x00007f37a62b0000, 0x00007f37ab4f78d8, 0x00007f37b0960000)
  to   space 170688K,   0% used [0x00007f379bc00000, 0x00007f379bc00000, 0x00007f37a62b0000)
 tenured generation   total 3414760K, used 3409140K [0x00007f3c9db50000, 0x00007f3d6e20a000, 0x00007f4748600000)
   the space 3414760K,  99% used [0x00007f3c9db50000, 0x00007f3d6dc8d3c8, 0x00007f3d6dc8d400, 0x00007f3d6e20a000)
 Metaspace       used 24271K, capacity 24693K, committed 24832K, reserved 26624K
}
Event: 656.885 GC heap after
{Heap after GC invocations=1239 (full 5):
 def new generation   total 1536704K, used 105317K [0x00007f3748600000, 0x00007f37b0960000, 0x00007f3c9db50000)
  eden space 1366016K,   0% used [0x00007f3748600000, 0x00007f3748600000, 0x00007f379bc00000)
  from space 170688K,  61% used [0x00007f379bc00000, 0x00007f37a22d95b0, 0x00007f37a62b0000)
  to   space 170688K,   0% used [0x00007f37a62b0000, 0x00007f37a62b0000, 0x00007f37b0960000)
 tenured generation   total 3414760K, used 3409140K [0x00007f3c9db50000, 0x00007f3d6e20a000, 0x00007f4748600000)
   the space 3414760K,  99% used [0x00007f3c9db50000, 0x00007f3d6dc8d3c8, 0x00007f3d6dc8d400, 0x00007f3d6e20a000)
 Metaspace       used 24271K, capacity 24693K, committed 24832K, reserved 26624K
}
Event: 658.126 GC heap before
{Heap before GC invocations=1239 (full 5):
 def new generation   total 1536704K, used 1471333K [0x00007f3748600000, 0x00007f37b0960000, 0x00007f3c9db50000)
  eden space 1366016K, 100% used [0x00007f3748600000, 0x00007f379bc00000, 0x00007f379bc00000)
  from space 170688K,  61% used [0x00007f379bc00000, 0x00007f37a22d95b0, 0x00007f37a62b0000)
  to   space 170688K,   0% used [0x00007f37a62b0000, 0x00007f37a62b0000, 0x00007f37b0960000)
 tenured generation   total 3414760K, used 3409140K [0x00007f3c9db50000, 0x00007f3d6e20a000, 0x00007f4748600000)
   the space 3414760K,  99% used [0x00007f3c9db50000, 0x00007f3d6dc8d3c8, 0x00007f3d6dc8d400, 0x00007f3d6e20a000)
 Metaspace       used 24271K, capacity 24693K, committed 24832K, reserved 26624K
}
Event: 658.196 GC heap after
{Heap after GC invocations=1240 (full 5):
 def new generation   total 1536704K, used 65240K [0x00007f3748600000, 0x00007f37b0960000, 0x00007f3c9db50000)
  eden space 1366016K,   0% used [0x00007f3748600000, 0x00007f3748600000, 0x00007f379bc00000)
  from space 170688K,  38% used [0x00007f37a62b0000, 0x00007f37aa2663d0, 0x00007f37b0960000)
  to   space 170688K,   0% used [0x00007f379bc00000, 0x00007f379bc00000, 0x00007f37a62b0000)
 tenured generation   total 3447536K, used 3443058K [0x00007f3c9db50000, 0x00007f3d7020c000, 0x00007f4748600000)
   the space 3447536K,  99% used [0x00007f3c9db50000, 0x00007f3d6fdac878, 0x00007f3d6fdaca00, 0x00007f3d7020c000)
 Metaspace       used 24271K, capacity 24693K, committed 24832K, reserved 26624K
}
Event: 658.196 GC heap before
{Heap before GC invocations=1240 (full 5):
 def new generation   total 1536704K, used 65240K [0x00007f3748600000, 0x00007f37b0960000, 0x00007f3c9db50000)
  eden space 1366016K,   0% used [0x00007f3748600000, 0x00007f3748600000, 0x00007f379bc00000)
  from space 170688K,  38% used [0x00007f37a62b0000, 0x00007f37aa2663d0, 0x00007f37b0960000)
  to   space 170688K,   0% used [0x00007f379bc00000, 0x00007f379bc00000, 0x00007f37a62b0000)
 tenured generation   total 3447536K, used 3443058K [0x00007f3c9db50000, 0x00007f3d7020c000, 0x00007f4748600000)
   the space 3447536K,  99% used [0x00007f3c9db50000, 0x00007f3d6fdac878, 0x00007f3d6fdaca00, 0x00007f3d7020c000)
 Metaspace       used 24271K, capacity 24693K, committed 24832K, reserved 26624K
}

