# JRE version: OpenJDK Runtime Environment (13.0.7+5) (build 13.0.7+5-Ubuntu-0ubuntu120.04)
# Java VM: OpenJDK 64-Bit Server VM (13.0.7+5-Ubuntu-0ubuntu120.04, mixed mode, tiered, serial gc, linux-amd64)
Heap:
 def new generation   total 3863936K, used 429238K [0x00007fc5b8600000, 0x00007fc6be6a0000, 0x00007fcb0db50000)
  eden space 3434624K,  12% used [0x00007fc5b8600000, 0x00007fc5d292db20, 0x00007fc68a020000)
  from space 429312K,   0% used [0x00007fc6a4360000, 0x00007fc6a4360000, 0x00007fc6be6a0000)
  to   space 429312K,   0% used [0x00007fc68a020000, 0x00007fc68a020000, 0x00007fc6a4360000)
 tenured generation   total 8599644K, used 8599643K [0x00007fcb0db50000, 0x00007fcd1a967000, 0x00007fd5b8600000)
   the space 8599644K,  99% used [0x00007fcb0db50000, 0x00007fcd1a966ff0, 0x00007fcd1a967000, 0x00007fcd1a967000)
 Metaspace       used 30709K, capacity 31177K, committed 31488K, reserved 32768K
GC Heap History (20 events):
Event: 71.925 GC heap after
{Heap after GC invocations=57 (full 5):
 def new generation   total 2311552K, used 221711K [0x00007fc5b8600000, 0x00007fc655230000, 0x00007fcb0db50000)
  eden space 2054720K,   0% used [0x00007fc5b8600000, 0x00007fc5b8600000, 0x00007fc635c90000)
  from space 256832K,  86% used [0x00007fc645760000, 0x00007fc652fe3e68, 0x00007fc655230000)
  to   space 256832K,   0% used [0x00007fc635c90000, 0x00007fc635c90000, 0x00007fc645760000)
 tenured generation   total 5136668K, used 3994055K [0x00007fcb0db50000, 0x00007fcc47397000, 0x00007fd5b8600000)
   the space 5136668K,  77% used [0x00007fcb0db50000, 0x00007fcc017c1ca0, 0x00007fcc017c1e00, 0x00007fcc47397000)
 Metaspace       used 30709K, capacity 31177K, committed 31488K, reserved 32768K
}
Event: 72.527 GC heap before
{Heap before GC invocations=57 (full 5):
 def new generation   total 2311552K, used 2276431K [0x00007fc5b8600000, 0x00007fc655230000, 0x00007fcb0db50000)
  eden space 2054720K, 100% used [0x00007fc5b8600000, 0x00007fc635c90000, 0x00007fc635c90000)
  from space 256832K,  86% used [0x00007fc645760000, 0x00007fc652fe3e68, 0x00007fc655230000)
  to   space 256832K,   0% used [0x00007fc635c90000, 0x00007fc635c90000, 0x00007fc645760000)
 tenured generation   total 5136668K, used 3994055K [0x00007fcb0db50000, 0x00007fcc47397000, 0x00007fd5b8600000)
   the space 5136668K,  77% used [0x00007fcb0db50000, 0x00007fcc017c1ca0, 0x00007fcc017c1e00, 0x00007fcc47397000)
 Metaspace       used 30709K, capacity 31177K, committed 31488K, reserved 32768K
}
Event: 73.339 GC heap after
{Heap after GC invocations=58 (full 5):
 def new generation   total 2311552K, used 254125K [0x00007fc5b8600000, 0x00007fc655230000, 0x00007fcb0db50000)
  eden space 2054720K,   0% used [0x00007fc5b8600000, 0x00007fc5b8600000, 0x00007fc635c90000)
  from space 256832K,  98% used [0x00007fc635c90000, 0x00007fc6454bb730, 0x00007fc645760000)
  to   space 256832K,   0% used [0x00007fc645760000, 0x00007fc645760000, 0x00007fc655230000)
 tenured generation   total 5136668K, used 4215766K [0x00007fcb0db50000, 0x00007fcc47397000, 0x00007fd5b8600000)
   the space 5136668K,  82% used [0x00007fcb0db50000, 0x00007fcc0f045a78, 0x00007fcc0f045c00, 0x00007fcc47397000)
 Metaspace       used 30709K, capacity 31177K, committed 31488K, reserved 32768K
}
Event: 73.886 GC heap before
{Heap before GC invocations=58 (full 5):
 def new generation   total 2311552K, used 2308845K [0x00007fc5b8600000, 0x00007fc655230000, 0x00007fcb0db50000)
  eden space 2054720K, 100% used [0x00007fc5b8600000, 0x00007fc635c90000, 0x00007fc635c90000)
  from space 256832K,  98% used [0x00007fc635c90000, 0x00007fc6454bb730, 0x00007fc645760000)
  to   space 256832K,   0% used [0x00007fc645760000, 0x00007fc645760000, 0x00007fc655230000)
 tenured generation   total 5136668K, used 4215766K [0x00007fcb0db50000, 0x00007fcc47397000, 0x00007fd5b8600000)
   the space 5136668K,  82% used [0x00007fcb0db50000, 0x00007fcc0f045a78, 0x00007fcc0f045c00, 0x00007fcc47397000)
 Metaspace       used 30709K, capacity 31177K, committed 31488K, reserved 32768K
}
Event: 74.612 GC heap after
{Heap after GC invocations=59 (full 5):
 def new generation   total 2311552K, used 192990K [0x00007fc5b8600000, 0x00007fc655230000, 0x00007fcb0db50000)
  eden space 2054720K,   0% used [0x00007fc5b8600000, 0x00007fc5b8600000, 0x00007fc635c90000)
  from space 256832K,  75% used [0x00007fc645760000, 0x00007fc6513d7a20, 0x00007fc655230000)
  to   space 256832K,   0% used [0x00007fc635c90000, 0x00007fc635c90000, 0x00007fc645760000)
 tenured generation   total 5136668K, used 4469892K [0x00007fcb0db50000, 0x00007fcc47397000, 0x00007fd5b8600000)
   the space 5136668K,  87% used [0x00007fcb0db50000, 0x00007fcc1e871048, 0x00007fcc1e871200, 0x00007fcc47397000)
 Metaspace       used 30709K, capacity 31177K, committed 31488K, reserved 32768K
}
Event: 103.491 GC heap before
{Heap before GC invocations=59 (full 5):
 def new generation   total 2311552K, used 2247710K [0x00007fc5b8600000, 0x00007fc655230000, 0x00007fcb0db50000)
  eden space 2054720K, 100% used [0x00007fc5b8600000, 0x00007fc635c90000, 0x00007fc635c90000)
  from space 256832K,  75% used [0x00007fc645760000, 0x00007fc6513d7a20, 0x00007fc655230000)
  to   space 256832K,   0% used [0x00007fc635c90000, 0x00007fc635c90000, 0x00007fc645760000)
 tenured generation   total 5136668K, used 4469892K [0x00007fcb0db50000, 0x00007fcc47397000, 0x00007fd5b8600000)
   the space 5136668K,  87% used [0x00007fcb0db50000, 0x00007fcc1e871048, 0x00007fcc1e871200, 0x00007fcc47397000)
 Metaspace       used 30709K, capacity 31177K, committed 31488K, reserved 32768K
}
Event: 105.503 GC heap after
{Heap after GC invocations=60 (full 5):
 def new generation   total 2311552K, used 256831K [0x00007fc5b8600000, 0x00007fc655230000, 0x00007fcb0db50000)
  eden space 2054720K,   0% used [0x00007fc5b8600000, 0x00007fc5b8600000, 0x00007fc635c90000)
  from space 256832K,  99% used [0x00007fc635c90000, 0x00007fc64575fff0, 0x00007fc645760000)
  to   space 256832K,   0% used [0x00007fc645760000, 0x00007fc645760000, 0x00007fc655230000)
 tenured generation   total 5151836K, used 5151788K [0x00007fcb0db50000, 0x00007fcc48267000, 0x00007fd5b8600000)
   the space 5151836K,  99% used [0x00007fcb0db50000, 0x00007fcc4825b220, 0x00007fcc4825b400, 0x00007fcc48267000)
 Metaspace       used 30709K, capacity 31177K, committed 31488K, reserved 32768K
}
Event: 105.503 GC heap before
{Heap before GC invocations=60 (full 5):
 def new generation   total 2311552K, used 256831K [0x00007fc5b8600000, 0x00007fc655230000, 0x00007fcb0db50000)
  eden space 2054720K,   0% used [0x00007fc5b8600000, 0x00007fc5b8600000, 0x00007fc635c90000)
  from space 256832K,  99% used [0x00007fc635c90000, 0x00007fc64575fff0, 0x00007fc645760000)
  to   space 256832K,   0% used [0x00007fc645760000, 0x00007fc645760000, 0x00007fc655230000)
 tenured generation   total 5151836K, used 5151788K [0x00007fcb0db50000, 0x00007fcc48267000, 0x00007fd5b8600000)
   the space 5151836K,  99% used [0x00007fcb0db50000, 0x00007fcc4825b220, 0x00007fcc4825b400, 0x00007fcc48267000)
 Metaspace       used 30709K, capacity 31177K, committed 31488K, reserved 32768K
}
Event: 115.583 GC heap after
{Heap after GC invocations=60 (full 6):
 def new generation   total 3863936K, used 142291K [0x00007fc5b8600000, 0x00007fc6be6a0000, 0x00007fcb0db50000)
  eden space 3434624K,   4% used [0x00007fc5b8600000, 0x00007fc5c10f4f00, 0x00007fc68a020000)
  from space 429312K,   0% used [0x00007fc68a020000, 0x00007fc68a020000, 0x00007fc6a4360000)
  to   space 429312K,   0% used [0x00007fc6a4360000, 0x00007fc6a4360000, 0x00007fc6be6a0000)
 tenured generation   total 8586396K, used 5151835K [0x00007fcb0db50000, 0x00007fcd19c77000, 0x00007fd5b8600000)
   the space 8586396K,  59% used [0x00007fcb0db50000, 0x00007fcc48266ff0, 0x00007fcc48267000, 0x00007fcd19c77000)
 Metaspace       used 30709K, capacity 31177K, committed 31488K, reserved 32768K
}
Event: 188.007 GC heap before
{Heap before GC invocations=60 (full 6):
 def new generation   total 3863936K, used 3434624K [0x00007fc5b8600000, 0x00007fc6be6a0000, 0x00007fcb0db50000)
  eden space 3434624K, 100% used [0x00007fc5b8600000, 0x00007fc68a020000, 0x00007fc68a020000)
  from space 429312K,   0% used [0x00007fc68a020000, 0x00007fc68a020000, 0x00007fc6a4360000)
  to   space 429312K,   0% used [0x00007fc6a4360000, 0x00007fc6a4360000, 0x00007fc6be6a0000)
 tenured generation   total 8586396K, used 5151835K [0x00007fcb0db50000, 0x00007fcd19c77000, 0x00007fd5b8600000)
   the space 8586396K,  59% used [0x00007fcb0db50000, 0x00007fcc48266ff0, 0x00007fcc48267000, 0x00007fcd19c77000)
 Metaspace       used 30709K, capacity 31177K, committed 31488K, reserved 32768K
}
Event: 190.893 GC heap after
{Heap after GC invocations=61 (full 6):
 def new generation   total 3863936K, used 429312K [0x00007fc5b8600000, 0x00007fc6be6a0000, 0x00007fcb0db50000)
  eden space 3434624K,   0% used [0x00007fc5b8600000, 0x00007fc5b8600000, 0x00007fc68a020000)
  from space 429312K, 100% used [0x00007fc6a4360000, 0x00007fc6be6a0000, 0x00007fc6be6a0000)
  to   space 429312K,   0% used [0x00007fc68a020000, 0x00007fc68a020000, 0x00007fc6a4360000)
 tenured generation   total 8586396K, used 5707280K [0x00007fcb0db50000, 0x00007fcd19c77000, 0x00007fd5b8600000)
   the space 8586396K,  66% used [0x00007fcb0db50000, 0x00007fcc6a0d40b0, 0x00007fcc6a0d4200, 0x00007fcd19c77000)
 Metaspace       used 30709K, capacity 31177K, committed 31488K, reserved 32768K
}
Event: 271.078 GC heap before
{Heap before GC invocations=61 (full 6):
 def new generation   total 3863936K, used 3863936K [0x00007fc5b8600000, 0x00007fc6be6a0000, 0x00007fcb0db50000)
  eden space 3434624K, 100% used [0x00007fc5b8600000, 0x00007fc68a020000, 0x00007fc68a020000)
  from space 429312K, 100% used [0x00007fc6a4360000, 0x00007fc6be6a0000, 0x00007fc6be6a0000)
  to   space 429312K,   0% used [0x00007fc68a020000, 0x00007fc68a020000, 0x00007fc6a4360000)
 tenured generation   total 8586396K, used 5707280K [0x00007fcb0db50000, 0x00007fcd19c77000, 0x00007fd5b8600000)
   the space 8586396K,  66% used [0x00007fcb0db50000, 0x00007fcc6a0d40b0, 0x00007fcc6a0d4200, 0x00007fcd19c77000)
 Metaspace       used 30709K, capacity 31177K, committed 31488K, reserved 32768K
}
Event: 272.846 GC heap after
{Heap after GC invocations=62 (full 6):
 def new generation   total 3863936K, used 429311K [0x00007fc5b8600000, 0x00007fc6be6a0000, 0x00007fcb0db50000)
  eden space 3434624K,   0% used [0x00007fc5b8600000, 0x00007fc5b8600000, 0x00007fc68a020000)
  from space 429312K,  99% used [0x00007fc68a020000, 0x00007fc6a435fff0, 0x00007fc6a4360000)
  to   space 429312K,   0% used [0x00007fc6a4360000, 0x00007fc6a4360000, 0x00007fc6be6a0000)
 tenured generation   total 8586396K, used 6430352K [0x00007fcb0db50000, 0x00007fcd19c77000, 0x00007fd5b8600000)
   the space 8586396K,  74% used [0x00007fcb0db50000, 0x00007fcc962f4360, 0x00007fcc962f4400, 0x00007fcd19c77000)
 Metaspace       used 30709K, capacity 31177K, committed 31488K, reserved 32768K
}
Event: 340.735 GC heap before
{Heap before GC invocations=62 (full 6):
 def new generation   total 3863936K, used 3863935K [0x00007fc5b8600000, 0x00007fc6be6a0000, 0x00007fcb0db50000)
  eden space 3434624K, 100% used [0x00007fc5b8600000, 0x00007fc68a020000, 0x00007fc68a020000)
  from space 429312K,  99% used [0x00007fc68a020000, 0x00007fc6a435fff0, 0x00007fc6a4360000)
  to   space 429312K,   0% used [0x00007fc6a4360000, 0x00007fc6a4360000, 0x00007fc6be6a0000)
 tenured generation   total 8586396K, used 6430352K [0x00007fcb0db50000, 0x00007fcd19c77000, 0x00007fd5b8600000)
   the space 8586396K,  74% used [0x00007fcb0db50000, 0x00007fcc962f4360, 0x00007fcc962f4400, 0x00007fcd19c77000)
 Metaspace       used 30709K, capacity 31177K, committed 31488K, reserved 32768K
}
Event: 342.396 GC heap after
{Heap after GC invocations=63 (full 6):
 def new generation   total 3863936K, used 429311K [0x00007fc5b8600000, 0x00007fc6be6a0000, 0x00007fcb0db50000)
  eden space 3434624K,   0% used [0x00007fc5b8600000, 0x00007fc5b8600000, 0x00007fc68a020000)
  from space 429312K,  99% used [0x00007fc6a4360000, 0x00007fc6be69fff0, 0x00007fc6be6a0000)
  to   space 429312K,   0% used [0x00007fc68a020000, 0x00007fc68a020000, 0x00007fc6a4360000)
 tenured generation   total 8586396K, used 7153425K [0x00007fcb0db50000, 0x00007fcd19c77000, 0x00007fd5b8600000)
   the space 8586396K,  83% used [0x00007fcb0db50000, 0x00007fccc2514620, 0x00007fccc2514800, 0x00007fcd19c77000)
 Metaspace       used 30709K, capacity 31177K, committed 31488K, reserved 32768K
}
Event: 407.949 GC heap before
{Heap before GC invocations=63 (full 6):
 def new generation   total 3863936K, used 3863935K [0x00007fc5b8600000, 0x00007fc6be6a0000, 0x00007fcb0db50000)
  eden space 3434624K, 100% used [0x00007fc5b8600000, 0x00007fc68a020000, 0x00007fc68a020000)
  from space 429312K,  99% used [0x00007fc6a4360000, 0x00007fc6be69fff0, 0x00007fc6be6a0000)
  to   space 429312K,   0% used [0x00007fc68a020000, 0x00007fc68a020000, 0x00007fc6a4360000)
 tenured generation   total 8586396K, used 7153425K [0x00007fcb0db50000, 0x00007fcd19c77000, 0x00007fd5b8600000)
   the space 8586396K,  83% used [0x00007fcb0db50000, 0x00007fccc2514620, 0x00007fccc2514800, 0x00007fcd19c77000)
 Metaspace       used 30709K, capacity 31177K, committed 31488K, reserved 32768K
}
Event: 409.385 GC heap after
{Heap after GC invocations=64 (full 6):
 def new generation   total 3863936K, used 429311K [0x00007fc5b8600000, 0x00007fc6be6a0000, 0x00007fcb0db50000)
  eden space 3434624K,   0% used [0x00007fc5b8600000, 0x00007fc5b8600000, 0x00007fc68a020000)
  from space 429312K,  99% used [0x00007fc68a020000, 0x00007fc6a435fff0, 0x00007fc6a4360000)
  to   space 429312K,   0% used [0x00007fc6a4360000, 0x00007fc6a4360000, 0x00007fc6be6a0000)
 tenured generation   total 8586396K, used 7876498K [0x00007fcb0db50000, 0x00007fcd19c77000, 0x00007fd5b8600000)
   the space 8586396K,  91% used [0x00007fcb0db50000, 0x00007fccee7348e0, 0x00007fccee734a00, 0x00007fcd19c77000)
 Metaspace       used 30709K, capacity 31177K, committed 31488K, reserved 32768K
}
Event: 431.140 GC heap before
{Heap before GC invocations=64 (full 6):
 def new generation   total 3863936K, used 3863935K [0x00007fc5b8600000, 0x00007fc6be6a0000, 0x00007fcb0db50000)
  eden space 3434624K, 100% used [0x00007fc5b8600000, 0x00007fc68a020000, 0x00007fc68a020000)
  from space 429312K,  99% used [0x00007fc68a020000, 0x00007fc6a435fff0, 0x00007fc6a4360000)
  to   space 429312K,   0% used [0x00007fc6a4360000, 0x00007fc6a4360000, 0x00007fc6be6a0000)
 tenured generation   total 8586396K, used 7876498K [0x00007fcb0db50000, 0x00007fcd19c77000, 0x00007fd5b8600000)
   the space 8586396K,  91% used [0x00007fcb0db50000, 0x00007fccee7348e0, 0x00007fccee734a00, 0x00007fcd19c77000)
 Metaspace       used 30709K, capacity 31177K, committed 31488K, reserved 32768K
}
Event: 432.511 GC heap after
{Heap after GC invocations=65 (full 6):
 def new generation   total 3863936K, used 429311K [0x00007fc5b8600000, 0x00007fc6be6a0000, 0x00007fcb0db50000)
  eden space 3434624K,   0% used [0x00007fc5b8600000, 0x00007fc5b8600000, 0x00007fc68a020000)
  from space 429312K,  99% used [0x00007fc6a4360000, 0x00007fc6be69fff0, 0x00007fc6be6a0000)
  to   space 429312K,   0% used [0x00007fc68a020000, 0x00007fc68a020000, 0x00007fc6a4360000)
 tenured generation   total 8599644K, used 8599570K [0x00007fcb0db50000, 0x00007fcd1a967000, 0x00007fd5b8600000)
   the space 8599644K,  99% used [0x00007fcb0db50000, 0x00007fcd1a954b20, 0x00007fcd1a954c00, 0x00007fcd1a967000)
 Metaspace       used 30709K, capacity 31177K, committed 31488K, reserved 32768K
}
Event: 432.511 GC heap before
{Heap before GC invocations=65 (full 6):
 def new generation   total 3863936K, used 429311K [0x00007fc5b8600000, 0x00007fc6be6a0000, 0x00007fcb0db50000)
  eden space 3434624K,   0% used [0x00007fc5b8600000, 0x00007fc5b8600000, 0x00007fc68a020000)
  from space 429312K,  99% used [0x00007fc6a4360000, 0x00007fc6be69fff0, 0x00007fc6be6a0000)
  to   space 429312K,   0% used [0x00007fc68a020000, 0x00007fc68a020000, 0x00007fc6a4360000)
 tenured generation   total 8599644K, used 8599570K [0x00007fcb0db50000, 0x00007fcd1a967000, 0x00007fd5b8600000)
   the space 8599644K,  99% used [0x00007fcb0db50000, 0x00007fcd1a954b20, 0x00007fcd1a954c00, 0x00007fcd1a967000)
 Metaspace       used 30709K, capacity 31177K, committed 31488K, reserved 32768K
}

