# JRE version: OpenJDK Runtime Environment (13.0.7+5) (build 13.0.7+5-Ubuntu-0ubuntu120.04)
# Java VM: OpenJDK 64-Bit Server VM (13.0.7+5-Ubuntu-0ubuntu120.04, mixed mode, tiered, serial gc, linux-amd64)
Heap:
 def new generation   total 1053824K, used 0K [0x00007f7b74600000, 0x00007f7bbbd70000, 0x00007f80c9b50000)
  eden space 936768K,   0% used [0x00007f7b74600000, 0x00007f7b74600000, 0x00007f7bad8d0000)
  from space 117056K,   0% used [0x00007f7bad8d0000, 0x00007f7bad8d0000, 0x00007f7bb4b20000)
  to   space 117056K,   0% used [0x00007f7bb4b20000, 0x00007f7bb4b20000, 0x00007f7bbbd70000)
 tenured generation   total 2357384K, used 2314927K [0x00007f80c9b50000, 0x00007f8159972000, 0x00007f8b74600000)
   the space 2357384K,  98% used [0x00007f80c9b50000, 0x00007f8156ffbeb0, 0x00007f8156ffc000, 0x00007f8159972000)
 Metaspace       used 30323K, capacity 30716K, committed 30976K, reserved 32768K
GC Heap History (20 events):
Event: 113.447 GC heap after
{Heap after GC invocations=36 (full 3):
 def new generation   total 1053824K, used 77119K [0x00007f7b74600000, 0x00007f7bbbd70000, 0x00007f80c9b50000)
  eden space 936768K,   0% used [0x00007f7b74600000, 0x00007f7b74600000, 0x00007f7bad8d0000)
  from space 117056K,  65% used [0x00007f7bb4b20000, 0x00007f7bb966fc48, 0x00007f7bbbd70000)
  to   space 117056K,   0% used [0x00007f7bad8d0000, 0x00007f7bad8d0000, 0x00007f7bb4b20000)
 tenured generation   total 2341640K, used 1697488K [0x00007f80c9b50000, 0x00007f8158a12000, 0x00007f8b74600000)
   the space 2341640K,  72% used [0x00007f80c9b50000, 0x00007f8131504300, 0x00007f8131504400, 0x00007f8158a12000)
 Metaspace       used 30323K, capacity 30716K, committed 30976K, reserved 32768K
}
Event: 113.761 GC heap before
{Heap before GC invocations=36 (full 3):
 def new generation   total 1053824K, used 1013887K [0x00007f7b74600000, 0x00007f7bbbd70000, 0x00007f80c9b50000)
  eden space 936768K, 100% used [0x00007f7b74600000, 0x00007f7bad8d0000, 0x00007f7bad8d0000)
  from space 117056K,  65% used [0x00007f7bb4b20000, 0x00007f7bb966fc48, 0x00007f7bbbd70000)
  to   space 117056K,   0% used [0x00007f7bad8d0000, 0x00007f7bad8d0000, 0x00007f7bb4b20000)
 tenured generation   total 2341640K, used 1697488K [0x00007f80c9b50000, 0x00007f8158a12000, 0x00007f8b74600000)
   the space 2341640K,  72% used [0x00007f80c9b50000, 0x00007f8131504300, 0x00007f8131504400, 0x00007f8158a12000)
 Metaspace       used 30323K, capacity 30716K, committed 30976K, reserved 32768K
}
Event: 114.043 GC heap after
{Heap after GC invocations=37 (full 3):
 def new generation   total 1053824K, used 76763K [0x00007f7b74600000, 0x00007f7bbbd70000, 0x00007f80c9b50000)
  eden space 936768K,   0% used [0x00007f7b74600000, 0x00007f7b74600000, 0x00007f7bad8d0000)
  from space 117056K,  65% used [0x00007f7bad8d0000, 0x00007f7bb23c6d60, 0x00007f7bb4b20000)
  to   space 117056K,   0% used [0x00007f7bb4b20000, 0x00007f7bb4b20000, 0x00007f7bbbd70000)
 tenured generation   total 2341640K, used 1774607K [0x00007f80c9b50000, 0x00007f8158a12000, 0x00007f8b74600000)
   the space 2341640K,  75% used [0x00007f80c9b50000, 0x00007f8136053ed8, 0x00007f8136054000, 0x00007f8158a12000)
 Metaspace       used 30323K, capacity 30716K, committed 30976K, reserved 32768K
}
Event: 114.324 GC heap before
{Heap before GC invocations=37 (full 3):
 def new generation   total 1053824K, used 1013531K [0x00007f7b74600000, 0x00007f7bbbd70000, 0x00007f80c9b50000)
  eden space 936768K, 100% used [0x00007f7b74600000, 0x00007f7bad8d0000, 0x00007f7bad8d0000)
  from space 117056K,  65% used [0x00007f7bad8d0000, 0x00007f7bb23c6d60, 0x00007f7bb4b20000)
  to   space 117056K,   0% used [0x00007f7bb4b20000, 0x00007f7bb4b20000, 0x00007f7bbbd70000)
 tenured generation   total 2341640K, used 1774607K [0x00007f80c9b50000, 0x00007f8158a12000, 0x00007f8b74600000)
   the space 2341640K,  75% used [0x00007f80c9b50000, 0x00007f8136053ed8, 0x00007f8136054000, 0x00007f8158a12000)
 Metaspace       used 30323K, capacity 30716K, committed 30976K, reserved 32768K
}
Event: 114.596 GC heap after
{Heap after GC invocations=38 (full 3):
 def new generation   total 1053824K, used 65351K [0x00007f7b74600000, 0x00007f7bbbd70000, 0x00007f80c9b50000)
  eden space 936768K,   0% used [0x00007f7b74600000, 0x00007f7b74600000, 0x00007f7bad8d0000)
  from space 117056K,  55% used [0x00007f7bb4b20000, 0x00007f7bb8af1e48, 0x00007f7bbbd70000)
  to   space 117056K,   0% used [0x00007f7bad8d0000, 0x00007f7bad8d0000, 0x00007f7bb4b20000)
 tenured generation   total 2341640K, used 1851370K [0x00007f80c9b50000, 0x00007f8158a12000, 0x00007f8b74600000)
   the space 2341640K,  79% used [0x00007f80c9b50000, 0x00007f813ab4a8f8, 0x00007f813ab4aa00, 0x00007f8158a12000)
 Metaspace       used 30323K, capacity 30716K, committed 30976K, reserved 32768K
}
Event: 114.903 GC heap before
{Heap before GC invocations=38 (full 3):
 def new generation   total 1053824K, used 1002119K [0x00007f7b74600000, 0x00007f7bbbd70000, 0x00007f80c9b50000)
  eden space 936768K, 100% used [0x00007f7b74600000, 0x00007f7bad8d0000, 0x00007f7bad8d0000)
  from space 117056K,  55% used [0x00007f7bb4b20000, 0x00007f7bb8af1e48, 0x00007f7bbbd70000)
  to   space 117056K,   0% used [0x00007f7bad8d0000, 0x00007f7bad8d0000, 0x00007f7bb4b20000)
 tenured generation   total 2341640K, used 1851370K [0x00007f80c9b50000, 0x00007f8158a12000, 0x00007f8b74600000)
   the space 2341640K,  79% used [0x00007f80c9b50000, 0x00007f813ab4a8f8, 0x00007f813ab4aa00, 0x00007f8158a12000)
 Metaspace       used 30323K, capacity 30716K, committed 30976K, reserved 32768K
}
Event: 115.172 GC heap after
{Heap after GC invocations=39 (full 3):
 def new generation   total 1053824K, used 68786K [0x00007f7b74600000, 0x00007f7bbbd70000, 0x00007f80c9b50000)
  eden space 936768K,   0% used [0x00007f7b74600000, 0x00007f7b74600000, 0x00007f7bad8d0000)
  from space 117056K,  58% used [0x00007f7bad8d0000, 0x00007f7bb1bfcb38, 0x00007f7bb4b20000)
  to   space 117056K,   0% used [0x00007f7bb4b20000, 0x00007f7bb4b20000, 0x00007f7bbbd70000)
 tenured generation   total 2341640K, used 1916721K [0x00007f80c9b50000, 0x00007f8158a12000, 0x00007f8b74600000)
   the space 2341640K,  81% used [0x00007f80c9b50000, 0x00007f813eb1c500, 0x00007f813eb1c600, 0x00007f8158a12000)
 Metaspace       used 30323K, capacity 30716K, committed 30976K, reserved 32768K
}
Event: 115.463 GC heap before
{Heap before GC invocations=39 (full 3):
 def new generation   total 1053824K, used 1005554K [0x00007f7b74600000, 0x00007f7bbbd70000, 0x00007f80c9b50000)
  eden space 936768K, 100% used [0x00007f7b74600000, 0x00007f7bad8d0000, 0x00007f7bad8d0000)
  from space 117056K,  58% used [0x00007f7bad8d0000, 0x00007f7bb1bfcb38, 0x00007f7bb4b20000)
  to   space 117056K,   0% used [0x00007f7bb4b20000, 0x00007f7bb4b20000, 0x00007f7bbbd70000)
 tenured generation   total 2341640K, used 1916721K [0x00007f80c9b50000, 0x00007f8158a12000, 0x00007f8b74600000)
   the space 2341640K,  81% used [0x00007f80c9b50000, 0x00007f813eb1c500, 0x00007f813eb1c600, 0x00007f8158a12000)
 Metaspace       used 30323K, capacity 30716K, committed 30976K, reserved 32768K
}
Event: 115.715 GC heap after
{Heap after GC invocations=40 (full 3):
 def new generation   total 1053824K, used 75492K [0x00007f7b74600000, 0x00007f7bbbd70000, 0x00007f80c9b50000)
  eden space 936768K,   0% used [0x00007f7b74600000, 0x00007f7b74600000, 0x00007f7bad8d0000)
  from space 117056K,  64% used [0x00007f7bb4b20000, 0x00007f7bb94d9258, 0x00007f7bbbd70000)
  to   space 117056K,   0% used [0x00007f7bad8d0000, 0x00007f7bad8d0000, 0x00007f7bb4b20000)
 tenured generation   total 2341640K, used 1985507K [0x00007f80c9b50000, 0x00007f8158a12000, 0x00007f8b74600000)
   the space 2341640K,  84% used [0x00007f80c9b50000, 0x00007f8142e48f58, 0x00007f8142e49000, 0x00007f8158a12000)
 Metaspace       used 30323K, capacity 30716K, committed 30976K, reserved 32768K
}
Event: 115.997 GC heap before
{Heap before GC invocations=40 (full 3):
 def new generation   total 1053824K, used 1012260K [0x00007f7b74600000, 0x00007f7bbbd70000, 0x00007f80c9b50000)
  eden space 936768K, 100% used [0x00007f7b74600000, 0x00007f7bad8d0000, 0x00007f7bad8d0000)
  from space 117056K,  64% used [0x00007f7bb4b20000, 0x00007f7bb94d9258, 0x00007f7bbbd70000)
  to   space 117056K,   0% used [0x00007f7bad8d0000, 0x00007f7bad8d0000, 0x00007f7bb4b20000)
 tenured generation   total 2341640K, used 1985507K [0x00007f80c9b50000, 0x00007f8158a12000, 0x00007f8b74600000)
   the space 2341640K,  84% used [0x00007f80c9b50000, 0x00007f8142e48f58, 0x00007f8142e49000, 0x00007f8158a12000)
 Metaspace       used 30323K, capacity 30716K, committed 30976K, reserved 32768K
}
Event: 116.256 GC heap after
{Heap after GC invocations=41 (full 3):
 def new generation   total 1053824K, used 75553K [0x00007f7b74600000, 0x00007f7bbbd70000, 0x00007f80c9b50000)
  eden space 936768K,   0% used [0x00007f7b74600000, 0x00007f7b74600000, 0x00007f7bad8d0000)
  from space 117056K,  64% used [0x00007f7bad8d0000, 0x00007f7bb22984a0, 0x00007f7bb4b20000)
  to   space 117056K,   0% used [0x00007f7bb4b20000, 0x00007f7bb4b20000, 0x00007f7bbbd70000)
 tenured generation   total 2341640K, used 2060999K [0x00007f80c9b50000, 0x00007f8158a12000, 0x00007f8b74600000)
   the space 2341640K,  88% used [0x00007f80c9b50000, 0x00007f8147801d50, 0x00007f8147801e00, 0x00007f8158a12000)
 Metaspace       used 30323K, capacity 30716K, committed 30976K, reserved 32768K
}
Event: 116.555 GC heap before
{Heap before GC invocations=41 (full 3):
 def new generation   total 1053824K, used 1012321K [0x00007f7b74600000, 0x00007f7bbbd70000, 0x00007f80c9b50000)
  eden space 936768K, 100% used [0x00007f7b74600000, 0x00007f7bad8d0000, 0x00007f7bad8d0000)
  from space 117056K,  64% used [0x00007f7bad8d0000, 0x00007f7bb22984a0, 0x00007f7bb4b20000)
  to   space 117056K,   0% used [0x00007f7bb4b20000, 0x00007f7bb4b20000, 0x00007f7bbbd70000)
 tenured generation   total 2341640K, used 2060999K [0x00007f80c9b50000, 0x00007f8158a12000, 0x00007f8b74600000)
   the space 2341640K,  88% used [0x00007f80c9b50000, 0x00007f8147801d50, 0x00007f8147801e00, 0x00007f8158a12000)
 Metaspace       used 30323K, capacity 30716K, committed 30976K, reserved 32768K
}
Event: 116.855 GC heap after
{Heap after GC invocations=42 (full 3):
 def new generation   total 1053824K, used 75289K [0x00007f7b74600000, 0x00007f7bbbd70000, 0x00007f80c9b50000)
  eden space 936768K,   0% used [0x00007f7b74600000, 0x00007f7b74600000, 0x00007f7bad8d0000)
  from space 117056K,  64% used [0x00007f7bb4b20000, 0x00007f7bb94a6620, 0x00007f7bbbd70000)
  to   space 117056K,   0% used [0x00007f7bad8d0000, 0x00007f7bad8d0000, 0x00007f7bb4b20000)
 tenured generation   total 2341640K, used 2136551K [0x00007f80c9b50000, 0x00007f8158a12000, 0x00007f8b74600000)
   the space 2341640K,  91% used [0x00007f80c9b50000, 0x00007f814c1c9ed0, 0x00007f814c1ca000, 0x00007f8158a12000)
 Metaspace       used 30323K, capacity 30716K, committed 30976K, reserved 32768K
}
Event: 117.162 GC heap before
{Heap before GC invocations=42 (full 3):
 def new generation   total 1053824K, used 1012057K [0x00007f7b74600000, 0x00007f7bbbd70000, 0x00007f80c9b50000)
  eden space 936768K, 100% used [0x00007f7b74600000, 0x00007f7bad8d0000, 0x00007f7bad8d0000)
  from space 117056K,  64% used [0x00007f7bb4b20000, 0x00007f7bb94a6620, 0x00007f7bbbd70000)
  to   space 117056K,   0% used [0x00007f7bad8d0000, 0x00007f7bad8d0000, 0x00007f7bb4b20000)
 tenured generation   total 2341640K, used 2136551K [0x00007f80c9b50000, 0x00007f8158a12000, 0x00007f8b74600000)
   the space 2341640K,  91% used [0x00007f80c9b50000, 0x00007f814c1c9ed0, 0x00007f814c1ca000, 0x00007f8158a12000)
 Metaspace       used 30323K, capacity 30716K, committed 30976K, reserved 32768K
}
Event: 117.413 GC heap after
{Heap after GC invocations=43 (full 3):
 def new generation   total 1053824K, used 77052K [0x00007f7b74600000, 0x00007f7bbbd70000, 0x00007f80c9b50000)
  eden space 936768K,   0% used [0x00007f7b74600000, 0x00007f7b74600000, 0x00007f7bad8d0000)
  from space 117056K,  65% used [0x00007f7bad8d0000, 0x00007f7bb240f2a8, 0x00007f7bb4b20000)
  to   space 117056K,   0% used [0x00007f7bb4b20000, 0x00007f7bb4b20000, 0x00007f7bbbd70000)
 tenured generation   total 2341640K, used 2211840K [0x00007f80c9b50000, 0x00007f8158a12000, 0x00007f8b74600000)
   the space 2341640K,  94% used [0x00007f80c9b50000, 0x00007f8150b50090, 0x00007f8150b50200, 0x00007f8158a12000)
 Metaspace       used 30323K, capacity 30716K, committed 30976K, reserved 32768K
}
Event: 117.687 GC heap before
{Heap before GC invocations=43 (full 3):
 def new generation   total 1053824K, used 1013820K [0x00007f7b74600000, 0x00007f7bbbd70000, 0x00007f80c9b50000)
  eden space 936768K, 100% used [0x00007f7b74600000, 0x00007f7bad8d0000, 0x00007f7bad8d0000)
  from space 117056K,  65% used [0x00007f7bad8d0000, 0x00007f7bb240f2a8, 0x00007f7bb4b20000)
  to   space 117056K,   0% used [0x00007f7bb4b20000, 0x00007f7bb4b20000, 0x00007f7bbbd70000)
 tenured generation   total 2341640K, used 2211840K [0x00007f80c9b50000, 0x00007f8158a12000, 0x00007f8b74600000)
   the space 2341640K,  94% used [0x00007f80c9b50000, 0x00007f8150b50090, 0x00007f8150b50200, 0x00007f8158a12000)
 Metaspace       used 30323K, capacity 30716K, committed 30976K, reserved 32768K
}
Event: 117.944 GC heap after
{Heap after GC invocations=44 (full 3):
 def new generation   total 1053824K, used 68489K [0x00007f7b74600000, 0x00007f7bbbd70000, 0x00007f80c9b50000)
  eden space 936768K,   0% used [0x00007f7b74600000, 0x00007f7b74600000, 0x00007f7bad8d0000)
  from space 117056K,  58% used [0x00007f7bb4b20000, 0x00007f7bb8e02668, 0x00007f7bbbd70000)
  to   space 117056K,   0% used [0x00007f7bad8d0000, 0x00007f7bad8d0000, 0x00007f7bb4b20000)
 tenured generation   total 2341640K, used 2288891K [0x00007f80c9b50000, 0x00007f8158a12000, 0x00007f8b74600000)
   the space 2341640K,  97% used [0x00007f80c9b50000, 0x00007f815568ef18, 0x00007f815568f000, 0x00007f8158a12000)
 Metaspace       used 30323K, capacity 30716K, committed 30976K, reserved 32768K
}
Event: 118.245 GC heap before
{Heap before GC invocations=44 (full 3):
 def new generation   total 1053824K, used 1005257K [0x00007f7b74600000, 0x00007f7bbbd70000, 0x00007f80c9b50000)
  eden space 936768K, 100% used [0x00007f7b74600000, 0x00007f7bad8d0000, 0x00007f7bad8d0000)
  from space 117056K,  58% used [0x00007f7bb4b20000, 0x00007f7bb8e02668, 0x00007f7bbbd70000)
  to   space 117056K,   0% used [0x00007f7bad8d0000, 0x00007f7bad8d0000, 0x00007f7bb4b20000)
 tenured generation   total 2341640K, used 2288891K [0x00007f80c9b50000, 0x00007f8158a12000, 0x00007f8b74600000)
   the space 2341640K,  97% used [0x00007f80c9b50000, 0x00007f815568ef18, 0x00007f815568f000, 0x00007f8158a12000)
 Metaspace       used 30323K, capacity 30716K, committed 30976K, reserved 32768K
}
Event: 118.537 GC heap after
{Heap after GC invocations=45 (full 3):
 def new generation   total 1053824K, used 72345K [0x00007f7b74600000, 0x00007f7bbbd70000, 0x00007f80c9b50000)
  eden space 936768K,   0% used [0x00007f7b74600000, 0x00007f7b74600000, 0x00007f7bad8d0000)
  from space 117056K,  61% used [0x00007f7bad8d0000, 0x00007f7bb1f76418, 0x00007f7bb4b20000)
  to   space 117056K,   0% used [0x00007f7bb4b20000, 0x00007f7bb4b20000, 0x00007f7bbbd70000)
 tenured generation   total 2357384K, used 2357380K [0x00007f80c9b50000, 0x00007f8159972000, 0x00007f8b74600000)
   the space 2357384K,  99% used [0x00007f80c9b50000, 0x00007f8159971170, 0x00007f8159971200, 0x00007f8159972000)
 Metaspace       used 30323K, capacity 30716K, committed 30976K, reserved 32768K
}
Event: 118.537 GC heap before
{Heap before GC invocations=45 (full 3):
 def new generation   total 1053824K, used 72345K [0x00007f7b74600000, 0x00007f7bbbd70000, 0x00007f80c9b50000)
  eden space 936768K,   0% used [0x00007f7b74600000, 0x00007f7b74600000, 0x00007f7bad8d0000)
  from space 117056K,  61% used [0x00007f7bad8d0000, 0x00007f7bb1f76418, 0x00007f7bb4b20000)
  to   space 117056K,   0% used [0x00007f7bb4b20000, 0x00007f7bb4b20000, 0x00007f7bbbd70000)
 tenured generation   total 2357384K, used 2357380K [0x00007f80c9b50000, 0x00007f8159972000, 0x00007f8b74600000)
   the space 2357384K,  99% used [0x00007f80c9b50000, 0x00007f8159971170, 0x00007f8159971200, 0x00007f8159972000)
 Metaspace       used 30323K, capacity 30716K, committed 30976K, reserved 32768K
}

