# JRE version: OpenJDK Runtime Environment (13.0.7+5) (build 13.0.7+5-Ubuntu-0ubuntu120.04)
# Java VM: OpenJDK 64-Bit Server VM (13.0.7+5-Ubuntu-0ubuntu120.04, mixed mode, tiered, serial gc, linux-amd64)
Heap:
 def new generation   total 6348352K, used 0K [0x00007f8ed4600000, 0x00007f9082e60000, 0x00007f9429b50000)
  eden space 5643008K,   0% used [0x00007f8ed4600000, 0x00007f8ed4600000, 0x00007f902ccc0000)
  from space 705344K,   0% used [0x00007f902ccc0000, 0x00007f902ccc0000, 0x00007f9057d90000)
  to   space 705344K,   0% used [0x00007f9057d90000, 0x00007f9057d90000, 0x00007f9082e60000)
 tenured generation   total 14107352K, used 8464409K [0x00007f9429b50000, 0x00007f9786c06000, 0x00007f9ed4600000)
   the space 14107352K,  59% used [0x00007f9429b50000, 0x00007f962e556650, 0x00007f962e556800, 0x00007f9786c06000)
 Metaspace       used 23277K, capacity 23670K, committed 23808K, reserved 24576K
GC Heap History (20 events):
Event: 14.041 GC heap before
{Heap before GC invocations=10 (full 2):
 def new generation   total 629248K, used 553868K [0x00007f8ed4600000, 0x00007f8eff0c0000, 0x00007f9429b50000)
  eden space 559360K,  95% used [0x00007f8ed4600000, 0x00007f8ef50b60a0, 0x00007f8ef6840000)
  from space 69888K,  26% used [0x00007f8efac80000, 0x00007f8efbead1f0, 0x00007f8eff0c0000)
  to   space 69888K,   0% used [0x00007f8ef6840000, 0x00007f8ef6840000, 0x00007f8efac80000)
 tenured generation   total 1398144K, used 1194496K [0x00007f9429b50000, 0x00007f947f0b0000, 0x00007f9ed4600000)
   the space 1398144K,  85% used [0x00007f9429b50000, 0x00007f94729d0188, 0x00007f94729d0200, 0x00007f947f0b0000)
 Metaspace       used 23201K, capacity 23526K, committed 23552K, reserved 24576K
}
Event: 14.803 GC heap after
{Heap after GC invocations=11 (full 2):
 def new generation   total 629248K, used 17588K [0x00007f8ed4600000, 0x00007f8eff0c0000, 0x00007f9429b50000)
  eden space 559360K,   0% used [0x00007f8ed4600000, 0x00007f8ed4600000, 0x00007f8ef6840000)
  from space 69888K,  25% used [0x00007f8ef6840000, 0x00007f8ef796d190, 0x00007f8efac80000)
  to   space 69888K,   0% used [0x00007f8efac80000, 0x00007f8efac80000, 0x00007f8eff0c0000)
 tenured generation   total 1922436K, used 1718784K [0x00007f9429b50000, 0x00007f949f0b1000, 0x00007f9ed4600000)
   the space 1922436K,  89% used [0x00007f9429b50000, 0x00007f94929d01a0, 0x00007f94929d0200, 0x00007f949f0b1000)
 Metaspace       used 23201K, capacity 23526K, committed 23552K, reserved 24576K
}
Event: 14.803 GC heap before
{Heap before GC invocations=11 (full 2):
 def new generation   total 629248K, used 17588K [0x00007f8ed4600000, 0x00007f8eff0c0000, 0x00007f9429b50000)
  eden space 559360K,   0% used [0x00007f8ed4600000, 0x00007f8ed4600000, 0x00007f8ef6840000)
  from space 69888K,  25% used [0x00007f8ef6840000, 0x00007f8ef796d190, 0x00007f8efac80000)
  to   space 69888K,   0% used [0x00007f8efac80000, 0x00007f8efac80000, 0x00007f8eff0c0000)
 tenured generation   total 1922436K, used 1718784K [0x00007f9429b50000, 0x00007f949f0b1000, 0x00007f9ed4600000)
   the space 1922436K,  89% used [0x00007f9429b50000, 0x00007f94929d01a0, 0x00007f94929d0200, 0x00007f949f0b1000)
 Metaspace       used 23201K, capacity 23526K, committed 23552K, reserved 24576K
}
Event: 15.307 GC heap after
{Heap after GC invocations=11 (full 3):
 def new generation   total 629248K, used 0K [0x00007f8ed4600000, 0x00007f8eff0c0000, 0x00007f9429b50000)
  eden space 559360K,   0% used [0x00007f8ed4600000, 0x00007f8ed4600000, 0x00007f8ef6840000)
  from space 69888K,   0% used [0x00007f8ef6840000, 0x00007f8ef6840000, 0x00007f8efac80000)
  to   space 69888K,   0% used [0x00007f8efac80000, 0x00007f8efac80000, 0x00007f8eff0c0000)
 tenured generation   total 1398144K, used 540198K [0x00007f9429b50000, 0x00007f947f0b0000, 0x00007f9ed4600000)
   the space 1398144K,  38% used [0x00007f9429b50000, 0x00007f944aad9840, 0x00007f944aad9a00, 0x00007f947f0b0000)
 Metaspace       used 23201K, capacity 23526K, committed 23552K, reserved 24576K
}
Event: 15.890 GC heap before
{Heap before GC invocations=11 (full 3):
 def new generation   total 629248K, used 273149K [0x00007f8ed4600000, 0x00007f8eff0c0000, 0x00007f9429b50000)
  eden space 559360K,  48% used [0x00007f8ed4600000, 0x00007f8ee50bf518, 0x00007f8ef6840000)
  from space 69888K,   0% used [0x00007f8ef6840000, 0x00007f8ef6840000, 0x00007f8efac80000)
  to   space 69888K,   0% used [0x00007f8efac80000, 0x00007f8efac80000, 0x00007f8eff0c0000)
 tenured generation   total 1398144K, used 540198K [0x00007f9429b50000, 0x00007f947f0b0000, 0x00007f9ed4600000)
   the space 1398144K,  38% used [0x00007f9429b50000, 0x00007f944aad9840, 0x00007f944aad9a00, 0x00007f947f0b0000)
 Metaspace       used 23201K, capacity 23526K, committed 23552K, reserved 24576K
}
Event: 16.016 GC heap after
{Heap after GC invocations=12 (full 3):
 def new generation   total 629248K, used 20K [0x00007f8ed4600000, 0x00007f8eff0c0000, 0x00007f9429b50000)
  eden space 559360K,   0% used [0x00007f8ed4600000, 0x00007f8ed4600000, 0x00007f8ef6840000)
  from space 69888K,   0% used [0x00007f8efac80000, 0x00007f8efac85280, 0x00007f8eff0c0000)
  to   space 69888K,   0% used [0x00007f8ef6840000, 0x00007f8ef6840000, 0x00007f8efac80000)
 tenured generation   total 1398144K, used 802342K [0x00007f9429b50000, 0x00007f947f0b0000, 0x00007f9ed4600000)
   the space 1398144K,  57% used [0x00007f9429b50000, 0x00007f945aad9858, 0x00007f945aad9a00, 0x00007f947f0b0000)
 Metaspace       used 23201K, capacity 23526K, committed 23552K, reserved 24576K
}
Event: 16.016 GC heap before
{Heap before GC invocations=12 (full 3):
 def new generation   total 629248K, used 20K [0x00007f8ed4600000, 0x00007f8eff0c0000, 0x00007f9429b50000)
  eden space 559360K,   0% used [0x00007f8ed4600000, 0x00007f8ed4600000, 0x00007f8ef6840000)
  from space 69888K,   0% used [0x00007f8efac80000, 0x00007f8efac85280, 0x00007f8eff0c0000)
  to   space 69888K,   0% used [0x00007f8ef6840000, 0x00007f8ef6840000, 0x00007f8efac80000)
 tenured generation   total 1398144K, used 802342K [0x00007f9429b50000, 0x00007f947f0b0000, 0x00007f9ed4600000)
   the space 1398144K,  57% used [0x00007f9429b50000, 0x00007f945aad9858, 0x00007f945aad9a00, 0x00007f947f0b0000)
 Metaspace       used 23201K, capacity 23526K, committed 23552K, reserved 24576K
}
Event: 16.064 GC heap after
{Heap after GC invocations=12 (full 4):
 def new generation   total 629248K, used 0K [0x00007f8ed4600000, 0x00007f8eff0c0000, 0x00007f9429b50000)
  eden space 559360K,   0% used [0x00007f8ed4600000, 0x00007f8ed4600000, 0x00007f8ef6840000)
  from space 69888K,   0% used [0x00007f8efac80000, 0x00007f8efac80000, 0x00007f8eff0c0000)
  to   space 69888K,   0% used [0x00007f8ef6840000, 0x00007f8ef6840000, 0x00007f8efac80000)
 tenured generation   total 1398144K, used 9534K [0x00007f9429b50000, 0x00007f947f0b0000, 0x00007f9ed4600000)
   the space 1398144K,   0% used [0x00007f9429b50000, 0x00007f942a49f800, 0x00007f942a49f800, 0x00007f947f0b0000)
 Metaspace       used 23201K, capacity 23526K, committed 23552K, reserved 24576K
}
Event: 36.788 GC heap before
{Heap before GC invocations=12 (full 4):
 def new generation   total 629248K, used 559360K [0x00007f8ed4600000, 0x00007f8eff0c0000, 0x00007f9429b50000)
  eden space 559360K, 100% used [0x00007f8ed4600000, 0x00007f8ef6840000, 0x00007f8ef6840000)
  from space 69888K,   0% used [0x00007f8efac80000, 0x00007f8efac80000, 0x00007f8eff0c0000)
  to   space 69888K,   0% used [0x00007f8ef6840000, 0x00007f8ef6840000, 0x00007f8efac80000)
 tenured generation   total 9786756K, used 8398142K [0x00007f9429b50000, 0x00007f967f0b1000, 0x00007f9ed4600000)
   the space 9786756K,  85% used [0x00007f9429b50000, 0x00007f962a49f818, 0x00007f962a49fa00, 0x00007f967f0b1000)
 Metaspace       used 23270K, capacity 23669K, committed 23808K, reserved 24576K
}
Event: 36.829 GC heap after
{Heap after GC invocations=13 (full 4):
 def new generation   total 629248K, used 335K [0x00007f8ed4600000, 0x00007f8eff0c0000, 0x00007f9429b50000)
  eden space 559360K,   0% used [0x00007f8ed4600000, 0x00007f8ed4600000, 0x00007f8ef6840000)
  from space 69888K,   0% used [0x00007f8ef6840000, 0x00007f8ef6893c38, 0x00007f8efac80000)
  to   space 69888K,   0% used [0x00007f8efac80000, 0x00007f8efac80000, 0x00007f8eff0c0000)
 tenured generation   total 9786756K, used 8398142K [0x00007f9429b50000, 0x00007f967f0b1000, 0x00007f9ed4600000)
   the space 9786756K,  85% used [0x00007f9429b50000, 0x00007f962a49f818, 0x00007f962a49fa00, 0x00007f967f0b1000)
 Metaspace       used 23270K, capacity 23669K, committed 23808K, reserved 24576K
}
Event: 37.503 GC heap before
{Heap before GC invocations=13 (full 4):
 def new generation   total 629248K, used 559695K [0x00007f8ed4600000, 0x00007f8eff0c0000, 0x00007f9429b50000)
  eden space 559360K, 100% used [0x00007f8ed4600000, 0x00007f8ef6840000, 0x00007f8ef6840000)
  from space 69888K,   0% used [0x00007f8ef6840000, 0x00007f8ef6893c38, 0x00007f8efac80000)
  to   space 69888K,   0% used [0x00007f8efac80000, 0x00007f8efac80000, 0x00007f8eff0c0000)
 tenured generation   total 9786756K, used 8398142K [0x00007f9429b50000, 0x00007f967f0b1000, 0x00007f9ed4600000)
   the space 9786756K,  85% used [0x00007f9429b50000, 0x00007f962a49f818, 0x00007f962a49fa00, 0x00007f967f0b1000)
 Metaspace       used 23271K, capacity 23669K, committed 23808K, reserved 24576K
}
Event: 37.511 GC heap after
{Heap after GC invocations=14 (full 4):
 def new generation   total 629248K, used 625K [0x00007f8ed4600000, 0x00007f8eff0c0000, 0x00007f9429b50000)
  eden space 559360K,   0% used [0x00007f8ed4600000, 0x00007f8ed4600000, 0x00007f8ef6840000)
  from space 69888K,   0% used [0x00007f8efac80000, 0x00007f8efad1c5b8, 0x00007f8eff0c0000)
  to   space 69888K,   0% used [0x00007f8ef6840000, 0x00007f8ef6840000, 0x00007f8efac80000)
 tenured generation   total 9786756K, used 8398142K [0x00007f9429b50000, 0x00007f967f0b1000, 0x00007f9ed4600000)
   the space 9786756K,  85% used [0x00007f9429b50000, 0x00007f962a49f818, 0x00007f962a49fa00, 0x00007f967f0b1000)
 Metaspace       used 23271K, capacity 23669K, committed 23808K, reserved 24576K
}
Event: 37.887 GC heap before
{Heap before GC invocations=14 (full 4):
 def new generation   total 629248K, used 310624K [0x00007f8ed4600000, 0x00007f8eff0c0000, 0x00007f9429b50000)
  eden space 559360K,  55% used [0x00007f8ed4600000, 0x00007f8ee74bbb88, 0x00007f8ef6840000)
  from space 69888K,   0% used [0x00007f8efac80000, 0x00007f8efad1c5b8, 0x00007f8eff0c0000)
  to   space 69888K,   0% used [0x00007f8ef6840000, 0x00007f8ef6840000, 0x00007f8efac80000)
 tenured generation   total 9786756K, used 8398142K [0x00007f9429b50000, 0x00007f967f0b1000, 0x00007f9ed4600000)
   the space 9786756K,  85% used [0x00007f9429b50000, 0x00007f962a49f818, 0x00007f962a49fa00, 0x00007f967f0b1000)
 Metaspace       used 23277K, capacity 23670K, committed 23808K, reserved 24576K
}
Event: 37.981 GC heap after
{Heap after GC invocations=15 (full 4):
 def new generation   total 629248K, used 66359K [0x00007f8ed4600000, 0x00007f8eff0c0000, 0x00007f9429b50000)
  eden space 559360K,   0% used [0x00007f8ed4600000, 0x00007f8ed4600000, 0x00007f8ef6840000)
  from space 69888K,  94% used [0x00007f8ef6840000, 0x00007f8efa90dcd0, 0x00007f8efac80000)
  to   space 69888K,   0% used [0x00007f8efac80000, 0x00007f8efac80000, 0x00007f8eff0c0000)
 tenured generation   total 9786756K, used 8398142K [0x00007f9429b50000, 0x00007f967f0b1000, 0x00007f9ed4600000)
   the space 9786756K,  85% used [0x00007f9429b50000, 0x00007f962a49f818, 0x00007f962a49fa00, 0x00007f967f0b1000)
 Metaspace       used 23277K, capacity 23670K, committed 23808K, reserved 24576K
}
Event: 37.981 GC heap before
{Heap before GC invocations=15 (full 4):
 def new generation   total 629248K, used 66359K [0x00007f8ed4600000, 0x00007f8eff0c0000, 0x00007f9429b50000)
  eden space 559360K,   0% used [0x00007f8ed4600000, 0x00007f8ed4600000, 0x00007f8ef6840000)
  from space 69888K,  94% used [0x00007f8ef6840000, 0x00007f8efa90dcd0, 0x00007f8efac80000)
  to   space 69888K,   0% used [0x00007f8efac80000, 0x00007f8efac80000, 0x00007f8eff0c0000)
 tenured generation   total 9786756K, used 8398142K [0x00007f9429b50000, 0x00007f967f0b1000, 0x00007f9ed4600000)
   the space 9786756K,  85% used [0x00007f9429b50000, 0x00007f962a49f818, 0x00007f962a49fa00, 0x00007f967f0b1000)
 Metaspace       used 23277K, capacity 23670K, committed 23808K, reserved 24576K
}
Event: 38.164 GC heap after
{Heap after GC invocations=15 (full 5):
 def new generation   total 4404096K, used 0K [0x00007f8ed4600000, 0x00007f8fff0c0000, 0x00007f9429b50000)
  eden space 3914752K,   0% used [0x00007f8ed4600000, 0x00007f8ed4600000, 0x00007f8fc3500000)
  from space 489344K,   0% used [0x00007f8fc3500000, 0x00007f8fc3500000, 0x00007f8fe12e0000)
  to   space 489344K,   0% used [0x00007f8fe12e0000, 0x00007f8fe12e0000, 0x00007f8fff0c0000)
 tenured generation   total 9786756K, used 75801K [0x00007f9429b50000, 0x00007f967f0b1000, 0x00007f9ed4600000)
   the space 9786756K,   0% used [0x00007f9429b50000, 0x00007f942e556580, 0x00007f942e556600, 0x00007f967f0b1000)
 Metaspace       used 23277K, capacity 23670K, committed 23808K, reserved 24576K
}
Event: 45.794 GC heap before
{Heap before GC invocations=15 (full 5):
 def new generation   total 4404096K, used 76951K [0x00007f8ed4600000, 0x00007f8fff0c0000, 0x00007f9429b50000)
  eden space 3914752K,   1% used [0x00007f8ed4600000, 0x00007f8ed9125c88, 0x00007f8fc3500000)
  from space 489344K,   0% used [0x00007f8fc3500000, 0x00007f8fc3500000, 0x00007f8fe12e0000)
  to   space 489344K,   0% used [0x00007f8fe12e0000, 0x00007f8fe12e0000, 0x00007f8fff0c0000)
 tenured generation   total 9786756K, used 8464409K [0x00007f9429b50000, 0x00007f967f0b1000, 0x00007f9ed4600000)
   the space 9786756K,  86% used [0x00007f9429b50000, 0x00007f962e556598, 0x00007f962e556600, 0x00007f967f0b1000)
 Metaspace       used 23277K, capacity 23670K, committed 23808K, reserved 24576K
}
Event: 45.832 GC heap after
{Heap after GC invocations=16 (full 5):
 def new generation   total 4404096K, used 0K [0x00007f8ed4600000, 0x00007f8fff0c0000, 0x00007f9429b50000)
  eden space 3914752K,   0% used [0x00007f8ed4600000, 0x00007f8ed4600000, 0x00007f8fc3500000)
  from space 489344K,   0% used [0x00007f8fe12e0000, 0x00007f8fe12e00b8, 0x00007f8fff0c0000)
  to   space 489344K,   0% used [0x00007f8fc3500000, 0x00007f8fc3500000, 0x00007f8fe12e0000)
 tenured generation   total 9786756K, used 8464409K [0x00007f9429b50000, 0x00007f967f0b1000, 0x00007f9ed4600000)
   the space 9786756K,  86% used [0x00007f9429b50000, 0x00007f962e556598, 0x00007f962e556600, 0x00007f967f0b1000)
 Metaspace       used 23277K, capacity 23670K, committed 23808K, reserved 24576K
}
Event: 45.832 GC heap before
{Heap before GC invocations=16 (full 5):
 def new generation   total 4404096K, used 0K [0x00007f8ed4600000, 0x00007f8fff0c0000, 0x00007f9429b50000)
  eden space 3914752K,   0% used [0x00007f8ed4600000, 0x00007f8ed4600000, 0x00007f8fc3500000)
  from space 489344K,   0% used [0x00007f8fe12e0000, 0x00007f8fe12e00b8, 0x00007f8fff0c0000)
  to   space 489344K,   0% used [0x00007f8fc3500000, 0x00007f8fc3500000, 0x00007f8fe12e0000)
 tenured generation   total 9786756K, used 8464409K [0x00007f9429b50000, 0x00007f967f0b1000, 0x00007f9ed4600000)
   the space 9786756K,  86% used [0x00007f9429b50000, 0x00007f962e556598, 0x00007f962e556600, 0x00007f967f0b1000)
 Metaspace       used 23277K, capacity 23670K, committed 23808K, reserved 24576K
}
Event: 45.887 GC heap after
{Heap after GC invocations=16 (full 6):
 def new generation   total 6348352K, used 0K [0x00007f8ed4600000, 0x00007f9082e60000, 0x00007f9429b50000)
  eden space 5643008K,   0% used [0x00007f8ed4600000, 0x00007f8ed4600000, 0x00007f902ccc0000)
  from space 705344K,   0% used [0x00007f902ccc0000, 0x00007f902ccc0000, 0x00007f9057d90000)
  to   space 705344K,   0% used [0x00007f9057d90000, 0x00007f9057d90000, 0x00007f9082e60000)
 tenured generation   total 14107352K, used 8464409K [0x00007f9429b50000, 0x00007f9786c06000, 0x00007f9ed4600000)
   the space 14107352K,  59% used [0x00007f9429b50000, 0x00007f962e556650, 0x00007f962e556800, 0x00007f9786c06000)
 Metaspace       used 23277K, capacity 23670K, committed 23808K, reserved 24576K
}

