# JRE version: OpenJDK Runtime Environment (13.0.7+5) (build 13.0.7+5-Ubuntu-0ubuntu120.04)
# Java VM: OpenJDK 64-Bit Server VM (13.0.7+5-Ubuntu-0ubuntu120.04, mixed mode, tiered, serial gc, linux-amd64)
Heap:
 def new generation   total 4366528K, used 51525K [0x00007f8390600000, 0x00007f84b87f0000, 0x00007f8e3b0a0000)
  eden space 3881408K,   1% used [0x00007f8390600000, 0x00007f8393851788, 0x00007f847d470000)
  from space 485120K,   0% used [0x00007f847d470000, 0x00007f847d470000, 0x00007f849ae30000)
  to   space 485120K,   0% used [0x00007f849ae30000, 0x00007f849ae30000, 0x00007f84b87f0000)
 tenured generation   total 9719576K, used 9708354K [0x00007f8e3b0a0000, 0x00007f908c466000, 0x00007fa390600000)
   the space 9719576K,  99% used [0x00007f8e3b0a0000, 0x00007f908b970b48, 0x00007f908b970c00, 0x00007f908c466000)
 Metaspace       used 24274K, capacity 24649K, committed 24832K, reserved 26624K
GC Heap History (20 events):
Event: 1890.034 GC heap after
{Heap after GC invocations=1389 (full 7):
 def new generation   total 4366528K, used 263091K [0x00007f8390600000, 0x00007f84b87f0000, 0x00007f8e3b0a0000)
  eden space 3881408K,   0% used [0x00007f8390600000, 0x00007f8390600000, 0x00007f847d470000)
  from space 485120K,  54% used [0x00007f849ae30000, 0x00007f84aaf1cdf8, 0x00007f84b87f0000)
  to   space 485120K,   0% used [0x00007f847d470000, 0x00007f847d470000, 0x00007f849ae30000)
 tenured generation   total 9703188K, used 9569297K [0x00007f8e3b0a0000, 0x00007f908b465000, 0x00007fa390600000)
   the space 9703188K,  98% used [0x00007f8e3b0a0000, 0x00007f90831a47e8, 0x00007f90831a4800, 0x00007f908b465000)
 Metaspace       used 24274K, capacity 24649K, committed 24832K, reserved 26624K
}
Event: 1894.304 GC heap before
{Heap before GC invocations=1389 (full 7):
 def new generation   total 4366528K, used 4144499K [0x00007f8390600000, 0x00007f84b87f0000, 0x00007f8e3b0a0000)
  eden space 3881408K, 100% used [0x00007f8390600000, 0x00007f847d470000, 0x00007f847d470000)
  from space 485120K,  54% used [0x00007f849ae30000, 0x00007f84aaf1cdf8, 0x00007f84b87f0000)
  to   space 485120K,   0% used [0x00007f847d470000, 0x00007f847d470000, 0x00007f849ae30000)
 tenured generation   total 9703188K, used 9569297K [0x00007f8e3b0a0000, 0x00007f908b465000, 0x00007fa390600000)
   the space 9703188K,  98% used [0x00007f8e3b0a0000, 0x00007f90831a47e8, 0x00007f90831a4800, 0x00007f908b465000)
 Metaspace       used 24274K, capacity 24649K, committed 24832K, reserved 26624K
}
Event: 1894.492 GC heap after
{Heap after GC invocations=1390 (full 7):
 def new generation   total 4366528K, used 224584K [0x00007f8390600000, 0x00007f84b87f0000, 0x00007f8e3b0a0000)
  eden space 3881408K,   0% used [0x00007f8390600000, 0x00007f8390600000, 0x00007f847d470000)
  from space 485120K,  46% used [0x00007f847d470000, 0x00007f848afc2268, 0x00007f849ae30000)
  to   space 485120K,   0% used [0x00007f849ae30000, 0x00007f849ae30000, 0x00007f84b87f0000)
 tenured generation   total 9703188K, used 9603216K [0x00007f8e3b0a0000, 0x00007f908b465000, 0x00007fa390600000)
   the space 9703188K,  98% used [0x00007f8e3b0a0000, 0x00007f90852c42b0, 0x00007f90852c4400, 0x00007f908b465000)
 Metaspace       used 24274K, capacity 24649K, committed 24832K, reserved 26624K
}
Event: 1898.530 GC heap before
{Heap before GC invocations=1390 (full 7):
 def new generation   total 4366528K, used 4091935K [0x00007f8390600000, 0x00007f84b87f0000, 0x00007f8e3b0a0000)
  eden space 3881408K,  99% used [0x00007f8390600000, 0x00007f847c6b5a08, 0x00007f847d470000)
  from space 485120K,  46% used [0x00007f847d470000, 0x00007f848afc2268, 0x00007f849ae30000)
  to   space 485120K,   0% used [0x00007f849ae30000, 0x00007f849ae30000, 0x00007f84b87f0000)
 tenured generation   total 9703188K, used 9603216K [0x00007f8e3b0a0000, 0x00007f908b465000, 0x00007fa390600000)
   the space 9703188K,  98% used [0x00007f8e3b0a0000, 0x00007f90852c42b0, 0x00007f90852c4400, 0x00007f908b465000)
 Metaspace       used 24274K, capacity 24649K, committed 24832K, reserved 26624K
}
Event: 1898.730 GC heap after
{Heap after GC invocations=1391 (full 7):
 def new generation   total 4366528K, used 238453K [0x00007f8390600000, 0x00007f84b87f0000, 0x00007f8e3b0a0000)
  eden space 3881408K,   0% used [0x00007f8390600000, 0x00007f8390600000, 0x00007f847d470000)
  from space 485120K,  49% used [0x00007f849ae30000, 0x00007f84a970d6e0, 0x00007f84b87f0000)
  to   space 485120K,   0% used [0x00007f847d470000, 0x00007f847d470000, 0x00007f849ae30000)
 tenured generation   total 9703188K, used 9603216K [0x00007f8e3b0a0000, 0x00007f908b465000, 0x00007fa390600000)
   the space 9703188K,  98% used [0x00007f8e3b0a0000, 0x00007f90852c42b0, 0x00007f90852c4400, 0x00007f908b465000)
 Metaspace       used 24274K, capacity 24649K, committed 24832K, reserved 26624K
}
Event: 1902.727 GC heap before
{Heap before GC invocations=1391 (full 7):
 def new generation   total 4366528K, used 4119861K [0x00007f8390600000, 0x00007f84b87f0000, 0x00007f8e3b0a0000)
  eden space 3881408K, 100% used [0x00007f8390600000, 0x00007f847d470000, 0x00007f847d470000)
  from space 485120K,  49% used [0x00007f849ae30000, 0x00007f84a970d6e0, 0x00007f84b87f0000)
  to   space 485120K,   0% used [0x00007f847d470000, 0x00007f847d470000, 0x00007f849ae30000)
 tenured generation   total 9703188K, used 9603216K [0x00007f8e3b0a0000, 0x00007f908b465000, 0x00007fa390600000)
   the space 9703188K,  98% used [0x00007f8e3b0a0000, 0x00007f90852c42b0, 0x00007f90852c4400, 0x00007f908b465000)
 Metaspace       used 24274K, capacity 24649K, committed 24832K, reserved 26624K
}
Event: 1902.982 GC heap after
{Heap after GC invocations=1392 (full 7):
 def new generation   total 4366528K, used 237402K [0x00007f8390600000, 0x00007f84b87f0000, 0x00007f8e3b0a0000)
  eden space 3881408K,   0% used [0x00007f8390600000, 0x00007f8390600000, 0x00007f847d470000)
  from space 485120K,  48% used [0x00007f847d470000, 0x00007f848bc46bc0, 0x00007f849ae30000)
  to   space 485120K,   0% used [0x00007f849ae30000, 0x00007f849ae30000, 0x00007f84b87f0000)
 tenured generation   total 9703188K, used 9620175K [0x00007f8e3b0a0000, 0x00007f908b465000, 0x00007fa390600000)
   the space 9703188K,  99% used [0x00007f8e3b0a0000, 0x00007f9086353e28, 0x00007f9086354000, 0x00007f908b465000)
 Metaspace       used 24274K, capacity 24649K, committed 24832K, reserved 26624K
}
Event: 1907.160 GC heap before
{Heap before GC invocations=1392 (full 7):
 def new generation   total 4366528K, used 4118810K [0x00007f8390600000, 0x00007f84b87f0000, 0x00007f8e3b0a0000)
  eden space 3881408K, 100% used [0x00007f8390600000, 0x00007f847d470000, 0x00007f847d470000)
  from space 485120K,  48% used [0x00007f847d470000, 0x00007f848bc46bc0, 0x00007f849ae30000)
  to   space 485120K,   0% used [0x00007f849ae30000, 0x00007f849ae30000, 0x00007f84b87f0000)
 tenured generation   total 9703188K, used 9620175K [0x00007f8e3b0a0000, 0x00007f908b465000, 0x00007fa390600000)
   the space 9703188K,  99% used [0x00007f8e3b0a0000, 0x00007f9086353e28, 0x00007f9086354000, 0x00007f908b465000)
 Metaspace       used 24274K, capacity 24649K, committed 24832K, reserved 26624K
}
Event: 1907.357 GC heap after
{Heap after GC invocations=1393 (full 7):
 def new generation   total 4366528K, used 237915K [0x00007f8390600000, 0x00007f84b87f0000, 0x00007f8e3b0a0000)
  eden space 3881408K,   0% used [0x00007f8390600000, 0x00007f8390600000, 0x00007f847d470000)
  from space 485120K,  49% used [0x00007f849ae30000, 0x00007f84a9686ce8, 0x00007f84b87f0000)
  to   space 485120K,   0% used [0x00007f847d470000, 0x00007f847d470000, 0x00007f849ae30000)
 tenured generation   total 9703188K, used 9637134K [0x00007f8e3b0a0000, 0x00007f908b465000, 0x00007fa390600000)
   the space 9703188K,  99% used [0x00007f8e3b0a0000, 0x00007f90873e39a0, 0x00007f90873e3a00, 0x00007f908b465000)
 Metaspace       used 24274K, capacity 24649K, committed 24832K, reserved 26624K
}
Event: 1911.344 GC heap before
{Heap before GC invocations=1393 (full 7):
 def new generation   total 4366528K, used 4119323K [0x00007f8390600000, 0x00007f84b87f0000, 0x00007f8e3b0a0000)
  eden space 3881408K, 100% used [0x00007f8390600000, 0x00007f847d470000, 0x00007f847d470000)
  from space 485120K,  49% used [0x00007f849ae30000, 0x00007f84a9686ce8, 0x00007f84b87f0000)
  to   space 485120K,   0% used [0x00007f847d470000, 0x00007f847d470000, 0x00007f849ae30000)
 tenured generation   total 9703188K, used 9637134K [0x00007f8e3b0a0000, 0x00007f908b465000, 0x00007fa390600000)
   the space 9703188K,  99% used [0x00007f8e3b0a0000, 0x00007f90873e39a0, 0x00007f90873e3a00, 0x00007f908b465000)
 Metaspace       used 24274K, capacity 24649K, committed 24832K, reserved 26624K
}
Event: 1911.512 GC heap after
{Heap after GC invocations=1394 (full 7):
 def new generation   total 4366528K, used 251810K [0x00007f8390600000, 0x00007f84b87f0000, 0x00007f8e3b0a0000)
  eden space 3881408K,   0% used [0x00007f8390600000, 0x00007f8390600000, 0x00007f847d470000)
  from space 485120K,  51% used [0x00007f847d470000, 0x00007f848ca58b98, 0x00007f849ae30000)
  to   space 485120K,   0% used [0x00007f849ae30000, 0x00007f849ae30000, 0x00007f84b87f0000)
 tenured generation   total 9703188K, used 9637134K [0x00007f8e3b0a0000, 0x00007f908b465000, 0x00007fa390600000)
   the space 9703188K,  99% used [0x00007f8e3b0a0000, 0x00007f90873e39a0, 0x00007f90873e3a00, 0x00007f908b465000)
 Metaspace       used 24274K, capacity 24649K, committed 24832K, reserved 26624K
}
Event: 1915.443 GC heap before
{Heap before GC invocations=1394 (full 7):
 def new generation   total 4366528K, used 4133218K [0x00007f8390600000, 0x00007f84b87f0000, 0x00007f8e3b0a0000)
  eden space 3881408K, 100% used [0x00007f8390600000, 0x00007f847d470000, 0x00007f847d470000)
  from space 485120K,  51% used [0x00007f847d470000, 0x00007f848ca58b98, 0x00007f849ae30000)
  to   space 485120K,   0% used [0x00007f849ae30000, 0x00007f849ae30000, 0x00007f84b87f0000)
 tenured generation   total 9703188K, used 9637134K [0x00007f8e3b0a0000, 0x00007f908b465000, 0x00007fa390600000)
   the space 9703188K,  99% used [0x00007f8e3b0a0000, 0x00007f90873e39a0, 0x00007f90873e3a00, 0x00007f908b465000)
 Metaspace       used 24274K, capacity 24649K, committed 24832K, reserved 26624K
}
Event: 1915.638 GC heap after
{Heap after GC invocations=1395 (full 7):
 def new generation   total 4366528K, used 247710K [0x00007f8390600000, 0x00007f84b87f0000, 0x00007f8e3b0a0000)
  eden space 3881408K,   0% used [0x00007f8390600000, 0x00007f8390600000, 0x00007f847d470000)
  from space 485120K,  51% used [0x00007f849ae30000, 0x00007f84aa017938, 0x00007f84b87f0000)
  to   space 485120K,   0% used [0x00007f847d470000, 0x00007f847d470000, 0x00007f849ae30000)
 tenured generation   total 9703188K, used 9654093K [0x00007f8e3b0a0000, 0x00007f908b465000, 0x00007fa390600000)
   the space 9703188K,  99% used [0x00007f8e3b0a0000, 0x00007f9088473518, 0x00007f9088473600, 0x00007f908b465000)
 Metaspace       used 24274K, capacity 24649K, committed 24832K, reserved 26624K
}
Event: 1919.636 GC heap before
{Heap before GC invocations=1395 (full 7):
 def new generation   total 4366528K, used 4129118K [0x00007f8390600000, 0x00007f84b87f0000, 0x00007f8e3b0a0000)
  eden space 3881408K, 100% used [0x00007f8390600000, 0x00007f847d470000, 0x00007f847d470000)
  from space 485120K,  51% used [0x00007f849ae30000, 0x00007f84aa017938, 0x00007f84b87f0000)
  to   space 485120K,   0% used [0x00007f847d470000, 0x00007f847d470000, 0x00007f849ae30000)
 tenured generation   total 9703188K, used 9654093K [0x00007f8e3b0a0000, 0x00007f908b465000, 0x00007fa390600000)
   the space 9703188K,  99% used [0x00007f8e3b0a0000, 0x00007f9088473518, 0x00007f9088473600, 0x00007f908b465000)
 Metaspace       used 24274K, capacity 24649K, committed 24832K, reserved 26624K
}
Event: 1919.811 GC heap after
{Heap after GC invocations=1396 (full 7):
 def new generation   total 4366528K, used 243599K [0x00007f8390600000, 0x00007f84b87f0000, 0x00007f8e3b0a0000)
  eden space 3881408K,   0% used [0x00007f8390600000, 0x00007f8390600000, 0x00007f847d470000)
  from space 485120K,  50% used [0x00007f847d470000, 0x00007f848c253d88, 0x00007f849ae30000)
  to   space 485120K,   0% used [0x00007f849ae30000, 0x00007f849ae30000, 0x00007f84b87f0000)
 tenured generation   total 9703188K, used 9671052K [0x00007f8e3b0a0000, 0x00007f908b465000, 0x00007fa390600000)
   the space 9703188K,  99% used [0x00007f8e3b0a0000, 0x00007f9089503090, 0x00007f9089503200, 0x00007f908b465000)
 Metaspace       used 24274K, capacity 24649K, committed 24832K, reserved 26624K
}
Event: 1923.717 GC heap before
{Heap before GC invocations=1396 (full 7):
 def new generation   total 4366528K, used 4125007K [0x00007f8390600000, 0x00007f84b87f0000, 0x00007f8e3b0a0000)
  eden space 3881408K, 100% used [0x00007f8390600000, 0x00007f847d470000, 0x00007f847d470000)
  from space 485120K,  50% used [0x00007f847d470000, 0x00007f848c253d88, 0x00007f849ae30000)
  to   space 485120K,   0% used [0x00007f849ae30000, 0x00007f849ae30000, 0x00007f84b87f0000)
 tenured generation   total 9703188K, used 9671052K [0x00007f8e3b0a0000, 0x00007f908b465000, 0x00007fa390600000)
   the space 9703188K,  99% used [0x00007f8e3b0a0000, 0x00007f9089503090, 0x00007f9089503200, 0x00007f908b465000)
 Metaspace       used 24274K, capacity 24649K, committed 24832K, reserved 26624K
}
Event: 1923.902 GC heap after
{Heap after GC invocations=1397 (full 7):
 def new generation   total 4366528K, used 239998K [0x00007f8390600000, 0x00007f84b87f0000, 0x00007f8e3b0a0000)
  eden space 3881408K,   0% used [0x00007f8390600000, 0x00007f8390600000, 0x00007f847d470000)
  from space 485120K,  49% used [0x00007f849ae30000, 0x00007f84a988f9f8, 0x00007f84b87f0000)
  to   space 485120K,   0% used [0x00007f847d470000, 0x00007f847d470000, 0x00007f849ae30000)
 tenured generation   total 9703188K, used 9688011K [0x00007f8e3b0a0000, 0x00007f908b465000, 0x00007fa390600000)
   the space 9703188K,  99% used [0x00007f8e3b0a0000, 0x00007f908a592c08, 0x00007f908a592e00, 0x00007f908b465000)
 Metaspace       used 24274K, capacity 24649K, committed 24832K, reserved 26624K
}
Event: 1927.879 GC heap before
{Heap before GC invocations=1397 (full 7):
 def new generation   total 4366528K, used 4121406K [0x00007f8390600000, 0x00007f84b87f0000, 0x00007f8e3b0a0000)
  eden space 3881408K, 100% used [0x00007f8390600000, 0x00007f847d470000, 0x00007f847d470000)
  from space 485120K,  49% used [0x00007f849ae30000, 0x00007f84a988f9f8, 0x00007f84b87f0000)
  to   space 485120K,   0% used [0x00007f847d470000, 0x00007f847d470000, 0x00007f849ae30000)
 tenured generation   total 9703188K, used 9688011K [0x00007f8e3b0a0000, 0x00007f908b465000, 0x00007fa390600000)
   the space 9703188K,  99% used [0x00007f8e3b0a0000, 0x00007f908a592c08, 0x00007f908a592e00, 0x00007f908b465000)
 Metaspace       used 24274K, capacity 24649K, committed 24832K, reserved 26624K
}
Event: 1928.050 GC heap after
{Heap after GC invocations=1398 (full 7):
 def new generation   total 4366528K, used 237410K [0x00007f8390600000, 0x00007f84b87f0000, 0x00007f8e3b0a0000)
  eden space 3881408K,   0% used [0x00007f8390600000, 0x00007f8390600000, 0x00007f847d470000)
  from space 485120K,  48% used [0x00007f847d470000, 0x00007f848bc48af8, 0x00007f849ae30000)
  to   space 485120K,   0% used [0x00007f849ae30000, 0x00007f849ae30000, 0x00007f84b87f0000)
 tenured generation   total 9719576K, used 9704969K [0x00007f8e3b0a0000, 0x00007f908c466000, 0x00007fa390600000)
   the space 9719576K,  99% used [0x00007f8e3b0a0000, 0x00007f908b622780, 0x00007f908b622800, 0x00007f908c466000)
 Metaspace       used 24274K, capacity 24649K, committed 24832K, reserved 26624K
}
Event: 1928.050 GC heap before
{Heap before GC invocations=1398 (full 7):
 def new generation   total 4366528K, used 237410K [0x00007f8390600000, 0x00007f84b87f0000, 0x00007f8e3b0a0000)
  eden space 3881408K,   0% used [0x00007f8390600000, 0x00007f8390600000, 0x00007f847d470000)
  from space 485120K,  48% used [0x00007f847d470000, 0x00007f848bc48af8, 0x00007f849ae30000)
  to   space 485120K,   0% used [0x00007f849ae30000, 0x00007f849ae30000, 0x00007f84b87f0000)
 tenured generation   total 9719576K, used 9704969K [0x00007f8e3b0a0000, 0x00007f908c466000, 0x00007fa390600000)
   the space 9719576K,  99% used [0x00007f8e3b0a0000, 0x00007f908b622780, 0x00007f908b622800, 0x00007f908c466000)
 Metaspace       used 24274K, capacity 24649K, committed 24832K, reserved 26624K
}

