# JRE version: OpenJDK Runtime Environment (13.0.7+5) (build 13.0.7+5-Ubuntu-0ubuntu120.04)
# Java VM: OpenJDK 64-Bit Server VM (13.0.7+5-Ubuntu-0ubuntu120.04, mixed mode, tiered, serial gc, linux-amd64)
Heap:
 def new generation   total 2915712K, used 48934K [0x00007f8d30600000, 0x00007f8df61c0000, 0x00007f9285b50000)
  eden space 2591744K,   1% used [0x00007f8d30600000, 0x00007f8d335c9bf8, 0x00007f8dce900000)
  from space 323968K,   0% used [0x00007f8de2560000, 0x00007f8de2560000, 0x00007f8df61c0000)
  to   space 323968K,   0% used [0x00007f8dce900000, 0x00007f8dce900000, 0x00007f8de2560000)
 tenured generation   total 6481440K, used 6481439K [0x00007f9285b50000, 0x00007f94114d8000, 0x00007f9d30600000)
   the space 6481440K,  99% used [0x00007f9285b50000, 0x00007f94114d7fc8, 0x00007f94114d8000, 0x00007f94114d8000)
 Metaspace       used 24226K, capacity 24641K, committed 24832K, reserved 26624K
GC Heap History (20 events):
Event: 5225.215 GC heap after
{Heap after GC invocations=4377 (full 4):
 def new generation   total 2915712K, used 49075K [0x00007f8d30600000, 0x00007f8df61c0000, 0x00007f9285b50000)
  eden space 2591744K,   0% used [0x00007f8d30600000, 0x00007f8d30600000, 0x00007f8dce900000)
  from space 323968K,  15% used [0x00007f8dce900000, 0x00007f8dd18ecf60, 0x00007f8de2560000)
  to   space 323968K,   0% used [0x00007f8de2560000, 0x00007f8de2560000, 0x00007f8df61c0000)
 tenured generation   total 6479328K, used 6452005K [0x00007f9285b50000, 0x00007f94112c8000, 0x00007f9d30600000)
   the space 6479328K,  99% used [0x00007f9285b50000, 0x00007f940f8196e8, 0x00007f940f819800, 0x00007f94112c8000)
 Metaspace       used 24226K, capacity 24641K, committed 24832K, reserved 26624K
}
Event: 5227.624 GC heap before
{Heap before GC invocations=4377 (full 4):
 def new generation   total 2915712K, used 2640819K [0x00007f8d30600000, 0x00007f8df61c0000, 0x00007f9285b50000)
  eden space 2591744K, 100% used [0x00007f8d30600000, 0x00007f8dce900000, 0x00007f8dce900000)
  from space 323968K,  15% used [0x00007f8dce900000, 0x00007f8dd18ecf60, 0x00007f8de2560000)
  to   space 323968K,   0% used [0x00007f8de2560000, 0x00007f8de2560000, 0x00007f8df61c0000)
 tenured generation   total 6479328K, used 6452005K [0x00007f9285b50000, 0x00007f94112c8000, 0x00007f9d30600000)
   the space 6479328K,  99% used [0x00007f9285b50000, 0x00007f940f8196e8, 0x00007f940f819800, 0x00007f94112c8000)
 Metaspace       used 24226K, capacity 24641K, committed 24832K, reserved 26624K
}
Event: 5227.765 GC heap after
{Heap after GC invocations=4378 (full 4):
 def new generation   total 2915712K, used 49055K [0x00007f8d30600000, 0x00007f8df61c0000, 0x00007f9285b50000)
  eden space 2591744K,   0% used [0x00007f8d30600000, 0x00007f8d30600000, 0x00007f8dce900000)
  from space 323968K,  15% used [0x00007f8de2560000, 0x00007f8de5547f28, 0x00007f8df61c0000)
  to   space 323968K,   0% used [0x00007f8dce900000, 0x00007f8dce900000, 0x00007f8de2560000)
 tenured generation   total 6479328K, used 6455365K [0x00007f9285b50000, 0x00007f94112c8000, 0x00007f9d30600000)
   the space 6479328K,  99% used [0x00007f9285b50000, 0x00007f940fb61758, 0x00007f940fb61800, 0x00007f94112c8000)
 Metaspace       used 24226K, capacity 24641K, committed 24832K, reserved 26624K
}
Event: 5230.179 GC heap before
{Heap before GC invocations=4378 (full 4):
 def new generation   total 2915712K, used 2640799K [0x00007f8d30600000, 0x00007f8df61c0000, 0x00007f9285b50000)
  eden space 2591744K, 100% used [0x00007f8d30600000, 0x00007f8dce900000, 0x00007f8dce900000)
  from space 323968K,  15% used [0x00007f8de2560000, 0x00007f8de5547f28, 0x00007f8df61c0000)
  to   space 323968K,   0% used [0x00007f8dce900000, 0x00007f8dce900000, 0x00007f8de2560000)
 tenured generation   total 6479328K, used 6455365K [0x00007f9285b50000, 0x00007f94112c8000, 0x00007f9d30600000)
   the space 6479328K,  99% used [0x00007f9285b50000, 0x00007f940fb61758, 0x00007f940fb61800, 0x00007f94112c8000)
 Metaspace       used 24226K, capacity 24641K, committed 24832K, reserved 26624K
}
Event: 5230.317 GC heap after
{Heap after GC invocations=4379 (full 4):
 def new generation   total 2915712K, used 49063K [0x00007f8d30600000, 0x00007f8df61c0000, 0x00007f9285b50000)
  eden space 2591744K,   0% used [0x00007f8d30600000, 0x00007f8d30600000, 0x00007f8dce900000)
  from space 323968K,  15% used [0x00007f8dce900000, 0x00007f8dd18e9d50, 0x00007f8de2560000)
  to   space 323968K,   0% used [0x00007f8de2560000, 0x00007f8de2560000, 0x00007f8df61c0000)
 tenured generation   total 6479328K, used 6458497K [0x00007f9285b50000, 0x00007f94112c8000, 0x00007f9d30600000)
   the space 6479328K,  99% used [0x00007f9285b50000, 0x00007f940fe705c8, 0x00007f940fe70600, 0x00007f94112c8000)
 Metaspace       used 24226K, capacity 24641K, committed 24832K, reserved 26624K
}
Event: 5232.764 GC heap before
{Heap before GC invocations=4379 (full 4):
 def new generation   total 2915712K, used 2640807K [0x00007f8d30600000, 0x00007f8df61c0000, 0x00007f9285b50000)
  eden space 2591744K, 100% used [0x00007f8d30600000, 0x00007f8dce900000, 0x00007f8dce900000)
  from space 323968K,  15% used [0x00007f8dce900000, 0x00007f8dd18e9d50, 0x00007f8de2560000)
  to   space 323968K,   0% used [0x00007f8de2560000, 0x00007f8de2560000, 0x00007f8df61c0000)
 tenured generation   total 6479328K, used 6458497K [0x00007f9285b50000, 0x00007f94112c8000, 0x00007f9d30600000)
   the space 6479328K,  99% used [0x00007f9285b50000, 0x00007f940fe705c8, 0x00007f940fe70600, 0x00007f94112c8000)
 Metaspace       used 24226K, capacity 24641K, committed 24832K, reserved 26624K
}
Event: 5232.913 GC heap after
{Heap after GC invocations=4380 (full 4):
 def new generation   total 2915712K, used 49062K [0x00007f8d30600000, 0x00007f8df61c0000, 0x00007f9285b50000)
  eden space 2591744K,   0% used [0x00007f8d30600000, 0x00007f8d30600000, 0x00007f8dce900000)
  from space 323968K,  15% used [0x00007f8de2560000, 0x00007f8de5549a28, 0x00007f8df61c0000)
  to   space 323968K,   0% used [0x00007f8dce900000, 0x00007f8dce900000, 0x00007f8de2560000)
 tenured generation   total 6479328K, used 6461857K [0x00007f9285b50000, 0x00007f94112c8000, 0x00007f9d30600000)
   the space 6479328K,  99% used [0x00007f9285b50000, 0x00007f94101b8638, 0x00007f94101b8800, 0x00007f94112c8000)
 Metaspace       used 24226K, capacity 24641K, committed 24832K, reserved 26624K
}
Event: 5235.462 GC heap before
{Heap before GC invocations=4380 (full 4):
 def new generation   total 2915712K, used 2640806K [0x00007f8d30600000, 0x00007f8df61c0000, 0x00007f9285b50000)
  eden space 2591744K, 100% used [0x00007f8d30600000, 0x00007f8dce900000, 0x00007f8dce900000)
  from space 323968K,  15% used [0x00007f8de2560000, 0x00007f8de5549a28, 0x00007f8df61c0000)
  to   space 323968K,   0% used [0x00007f8dce900000, 0x00007f8dce900000, 0x00007f8de2560000)
 tenured generation   total 6479328K, used 6461857K [0x00007f9285b50000, 0x00007f94112c8000, 0x00007f9d30600000)
   the space 6479328K,  99% used [0x00007f9285b50000, 0x00007f94101b8638, 0x00007f94101b8800, 0x00007f94112c8000)
 Metaspace       used 24226K, capacity 24641K, committed 24832K, reserved 26624K
}
Event: 5235.603 GC heap after
{Heap after GC invocations=4381 (full 4):
 def new generation   total 2915712K, used 48824K [0x00007f8d30600000, 0x00007f8df61c0000, 0x00007f9285b50000)
  eden space 2591744K,   0% used [0x00007f8d30600000, 0x00007f8d30600000, 0x00007f8dce900000)
  from space 323968K,  15% used [0x00007f8dce900000, 0x00007f8dd18ae028, 0x00007f8de2560000)
  to   space 323968K,   0% used [0x00007f8de2560000, 0x00007f8de2560000, 0x00007f8df61c0000)
 tenured generation   total 6479328K, used 6465221K [0x00007f9285b50000, 0x00007f94112c8000, 0x00007f9d30600000)
   the space 6479328K,  99% used [0x00007f9285b50000, 0x00007f94105017e8, 0x00007f9410501800, 0x00007f94112c8000)
 Metaspace       used 24226K, capacity 24641K, committed 24832K, reserved 26624K
}
Event: 5238.088 GC heap before
{Heap before GC invocations=4381 (full 4):
 def new generation   total 2915712K, used 2640568K [0x00007f8d30600000, 0x00007f8df61c0000, 0x00007f9285b50000)
  eden space 2591744K, 100% used [0x00007f8d30600000, 0x00007f8dce900000, 0x00007f8dce900000)
  from space 323968K,  15% used [0x00007f8dce900000, 0x00007f8dd18ae028, 0x00007f8de2560000)
  to   space 323968K,   0% used [0x00007f8de2560000, 0x00007f8de2560000, 0x00007f8df61c0000)
 tenured generation   total 6479328K, used 6465221K [0x00007f9285b50000, 0x00007f94112c8000, 0x00007f9d30600000)
   the space 6479328K,  99% used [0x00007f9285b50000, 0x00007f94105017e8, 0x00007f9410501800, 0x00007f94112c8000)
 Metaspace       used 24226K, capacity 24641K, committed 24832K, reserved 26624K
}
Event: 5238.231 GC heap after
{Heap after GC invocations=4382 (full 4):
 def new generation   total 2915712K, used 49074K [0x00007f8d30600000, 0x00007f8df61c0000, 0x00007f9285b50000)
  eden space 2591744K,   0% used [0x00007f8d30600000, 0x00007f8d30600000, 0x00007f8dce900000)
  from space 323968K,  15% used [0x00007f8de2560000, 0x00007f8de554cb88, 0x00007f8df61c0000)
  to   space 323968K,   0% used [0x00007f8dce900000, 0x00007f8dce900000, 0x00007f8de2560000)
 tenured generation   total 6479328K, used 6468333K [0x00007f9285b50000, 0x00007f94112c8000, 0x00007f9d30600000)
   the space 6479328K,  99% used [0x00007f9285b50000, 0x00007f941080b728, 0x00007f941080b800, 0x00007f94112c8000)
 Metaspace       used 24226K, capacity 24641K, committed 24832K, reserved 26624K
}
Event: 5240.762 GC heap before
{Heap before GC invocations=4382 (full 4):
 def new generation   total 2915712K, used 2640818K [0x00007f8d30600000, 0x00007f8df61c0000, 0x00007f9285b50000)
  eden space 2591744K, 100% used [0x00007f8d30600000, 0x00007f8dce900000, 0x00007f8dce900000)
  from space 323968K,  15% used [0x00007f8de2560000, 0x00007f8de554cb88, 0x00007f8df61c0000)
  to   space 323968K,   0% used [0x00007f8dce900000, 0x00007f8dce900000, 0x00007f8de2560000)
 tenured generation   total 6479328K, used 6468333K [0x00007f9285b50000, 0x00007f94112c8000, 0x00007f9d30600000)
   the space 6479328K,  99% used [0x00007f9285b50000, 0x00007f941080b728, 0x00007f941080b800, 0x00007f94112c8000)
 Metaspace       used 24226K, capacity 24641K, committed 24832K, reserved 26624K
}
Event: 5240.906 GC heap after
{Heap after GC invocations=4383 (full 4):
 def new generation   total 2915712K, used 48825K [0x00007f8d30600000, 0x00007f8df61c0000, 0x00007f9285b50000)
  eden space 2591744K,   0% used [0x00007f8d30600000, 0x00007f8d30600000, 0x00007f8dce900000)
  from space 323968K,  15% used [0x00007f8dce900000, 0x00007f8dd18ae528, 0x00007f8de2560000)
  to   space 323968K,   0% used [0x00007f8de2560000, 0x00007f8de2560000, 0x00007f8df61c0000)
 tenured generation   total 6479328K, used 6471698K [0x00007f9285b50000, 0x00007f94112c8000, 0x00007f9d30600000)
   the space 6479328K,  99% used [0x00007f9285b50000, 0x00007f9410b548d8, 0x00007f9410b54a00, 0x00007f94112c8000)
 Metaspace       used 24226K, capacity 24641K, committed 24832K, reserved 26624K
}
Event: 5243.358 GC heap before
{Heap before GC invocations=4383 (full 4):
 def new generation   total 2915712K, used 2640569K [0x00007f8d30600000, 0x00007f8df61c0000, 0x00007f9285b50000)
  eden space 2591744K, 100% used [0x00007f8d30600000, 0x00007f8dce900000, 0x00007f8dce900000)
  from space 323968K,  15% used [0x00007f8dce900000, 0x00007f8dd18ae528, 0x00007f8de2560000)
  to   space 323968K,   0% used [0x00007f8de2560000, 0x00007f8de2560000, 0x00007f8df61c0000)
 tenured generation   total 6479328K, used 6471698K [0x00007f9285b50000, 0x00007f94112c8000, 0x00007f9d30600000)
   the space 6479328K,  99% used [0x00007f9285b50000, 0x00007f9410b548d8, 0x00007f9410b54a00, 0x00007f94112c8000)
 Metaspace       used 24226K, capacity 24641K, committed 24832K, reserved 26624K
}
Event: 5243.496 GC heap after
{Heap after GC invocations=4384 (full 4):
 def new generation   total 2915712K, used 49062K [0x00007f8d30600000, 0x00007f8df61c0000, 0x00007f9285b50000)
  eden space 2591744K,   0% used [0x00007f8d30600000, 0x00007f8d30600000, 0x00007f8dce900000)
  from space 323968K,  15% used [0x00007f8de2560000, 0x00007f8de5549968, 0x00007f8df61c0000)
  to   space 323968K,   0% used [0x00007f8dce900000, 0x00007f8dce900000, 0x00007f8de2560000)
 tenured generation   total 6479328K, used 6474825K [0x00007f9285b50000, 0x00007f94112c8000, 0x00007f9d30600000)
   the space 6479328K,  99% used [0x00007f9285b50000, 0x00007f9410e62608, 0x00007f9410e62800, 0x00007f94112c8000)
 Metaspace       used 24226K, capacity 24641K, committed 24832K, reserved 26624K
}
Event: 5245.968 GC heap before
{Heap before GC invocations=4384 (full 4):
 def new generation   total 2915712K, used 2640806K [0x00007f8d30600000, 0x00007f8df61c0000, 0x00007f9285b50000)
  eden space 2591744K, 100% used [0x00007f8d30600000, 0x00007f8dce900000, 0x00007f8dce900000)
  from space 323968K,  15% used [0x00007f8de2560000, 0x00007f8de5549968, 0x00007f8df61c0000)
  to   space 323968K,   0% used [0x00007f8dce900000, 0x00007f8dce900000, 0x00007f8de2560000)
 tenured generation   total 6479328K, used 6474825K [0x00007f9285b50000, 0x00007f94112c8000, 0x00007f9d30600000)
   the space 6479328K,  99% used [0x00007f9285b50000, 0x00007f9410e62608, 0x00007f9410e62800, 0x00007f94112c8000)
 Metaspace       used 24226K, capacity 24641K, committed 24832K, reserved 26624K
}
Event: 5246.112 GC heap after
{Heap after GC invocations=4385 (full 4):
 def new generation   total 2915712K, used 49068K [0x00007f8d30600000, 0x00007f8df61c0000, 0x00007f9285b50000)
  eden space 2591744K,   0% used [0x00007f8d30600000, 0x00007f8d30600000, 0x00007f8dce900000)
  from space 323968K,  15% used [0x00007f8dce900000, 0x00007f8dd18eb0a0, 0x00007f8de2560000)
  to   space 323968K,   0% used [0x00007f8de2560000, 0x00007f8de2560000, 0x00007f8df61c0000)
 tenured generation   total 6479328K, used 6478185K [0x00007f9285b50000, 0x00007f94112c8000, 0x00007f9d30600000)
   the space 6479328K,  99% used [0x00007f9285b50000, 0x00007f94111aa678, 0x00007f94111aa800, 0x00007f94112c8000)
 Metaspace       used 24226K, capacity 24641K, committed 24832K, reserved 26624K
}
Event: 5248.521 GC heap before
{Heap before GC invocations=4385 (full 4):
 def new generation   total 2915712K, used 2640812K [0x00007f8d30600000, 0x00007f8df61c0000, 0x00007f9285b50000)
  eden space 2591744K, 100% used [0x00007f8d30600000, 0x00007f8dce900000, 0x00007f8dce900000)
  from space 323968K,  15% used [0x00007f8dce900000, 0x00007f8dd18eb0a0, 0x00007f8de2560000)
  to   space 323968K,   0% used [0x00007f8de2560000, 0x00007f8de2560000, 0x00007f8df61c0000)
 tenured generation   total 6479328K, used 6478185K [0x00007f9285b50000, 0x00007f94112c8000, 0x00007f9d30600000)
   the space 6479328K,  99% used [0x00007f9285b50000, 0x00007f94111aa678, 0x00007f94111aa800, 0x00007f94112c8000)
 Metaspace       used 24226K, capacity 24641K, committed 24832K, reserved 26624K
}
Event: 5248.653 GC heap after
{Heap after GC invocations=4386 (full 4):
 def new generation   total 2915712K, used 49073K [0x00007f8d30600000, 0x00007f8df61c0000, 0x00007f9285b50000)
  eden space 2591744K,   0% used [0x00007f8d30600000, 0x00007f8d30600000, 0x00007f8dce900000)
  from space 323968K,  15% used [0x00007f8de2560000, 0x00007f8de554c4c8, 0x00007f8df61c0000)
  to   space 323968K,   0% used [0x00007f8dce900000, 0x00007f8dce900000, 0x00007f8de2560000)
 tenured generation   total 6481440K, used 6481301K [0x00007f9285b50000, 0x00007f94114d8000, 0x00007f9d30600000)
   the space 6481440K,  99% used [0x00007f9285b50000, 0x00007f94114b56f8, 0x00007f94114b5800, 0x00007f94114d8000)
 Metaspace       used 24226K, capacity 24641K, committed 24832K, reserved 26624K
}
Event: 5248.653 GC heap before
{Heap before GC invocations=4386 (full 4):
 def new generation   total 2915712K, used 49073K [0x00007f8d30600000, 0x00007f8df61c0000, 0x00007f9285b50000)
  eden space 2591744K,   0% used [0x00007f8d30600000, 0x00007f8d30600000, 0x00007f8dce900000)
  from space 323968K,  15% used [0x00007f8de2560000, 0x00007f8de554c4c8, 0x00007f8df61c0000)
  to   space 323968K,   0% used [0x00007f8dce900000, 0x00007f8dce900000, 0x00007f8de2560000)
 tenured generation   total 6481440K, used 6481301K [0x00007f9285b50000, 0x00007f94114d8000, 0x00007f9d30600000)
   the space 6481440K,  99% used [0x00007f9285b50000, 0x00007f94114b56f8, 0x00007f94114b5800, 0x00007f94114d8000)
 Metaspace       used 24226K, capacity 24641K, committed 24832K, reserved 26624K
}

