# JRE version: OpenJDK Runtime Environment (13.0.7+5) (build 13.0.7+5-Ubuntu-0ubuntu120.04)
# Java VM: OpenJDK 64-Bit Server VM (13.0.7+5-Ubuntu-0ubuntu120.04, mixed mode, tiered, serial gc, linux-amd64)
Heap:
 def new generation   total 2893760K, used 10823K [0x00007f0578600000, 0x00007f063c9e0000, 0x00007f0acdb50000)
  eden space 2572288K,   0% used [0x00007f0578600000, 0x00007f0579091d78, 0x00007f0615600000)
  from space 321472K,   0% used [0x00007f0615600000, 0x00007f0615600000, 0x00007f0628ff0000)
  to   space 321472K,   0% used [0x00007f0628ff0000, 0x00007f0628ff0000, 0x00007f063c9e0000)
 tenured generation   total 6430728K, used 6430727K [0x00007f0acdb50000, 0x00007f0c56352000, 0x00007f1578600000)
   the space 6430728K,  99% used [0x00007f0acdb50000, 0x00007f0c56351fd0, 0x00007f0c56352000, 0x00007f0c56352000)
 Metaspace       used 24342K, capacity 24758K, committed 24832K, reserved 26624K
GC Heap History (20 events):
Event: 6908.738 GC heap after
{Heap after GC invocations=18908 (full 4):
 def new generation   total 2893760K, used 11103K [0x00007f0578600000, 0x00007f063c9e0000, 0x00007f0acdb50000)
  eden space 2572288K,   0% used [0x00007f0578600000, 0x00007f0578600000, 0x00007f0615600000)
  from space 321472K,   3% used [0x00007f0628ff0000, 0x00007f0629ac7c70, 0x00007f063c9e0000)
  to   space 321472K,   0% used [0x00007f0615600000, 0x00007f0615600000, 0x00007f0628ff0000)
 tenured generation   total 6430344K, used 6423895K [0x00007f0acdb50000, 0x00007f0c562f2000, 0x00007f1578600000)
   the space 6430344K,  99% used [0x00007f0acdb50000, 0x00007f0c55ca5c08, 0x00007f0c55ca5e00, 0x00007f0c562f2000)
 Metaspace       used 24342K, capacity 24758K, committed 24832K, reserved 26624K
}
Event: 6909.490 GC heap before
{Heap before GC invocations=18908 (full 4):
 def new generation   total 2893760K, used 2583391K [0x00007f0578600000, 0x00007f063c9e0000, 0x00007f0acdb50000)
  eden space 2572288K, 100% used [0x00007f0578600000, 0x00007f0615600000, 0x00007f0615600000)
  from space 321472K,   3% used [0x00007f0628ff0000, 0x00007f0629ac7c70, 0x00007f063c9e0000)
  to   space 321472K,   0% used [0x00007f0615600000, 0x00007f0615600000, 0x00007f0628ff0000)
 tenured generation   total 6430344K, used 6423895K [0x00007f0acdb50000, 0x00007f0c562f2000, 0x00007f1578600000)
   the space 6430344K,  99% used [0x00007f0acdb50000, 0x00007f0c55ca5c08, 0x00007f0c55ca5e00, 0x00007f0c562f2000)
 Metaspace       used 24342K, capacity 24758K, committed 24832K, reserved 26624K
}
Event: 6909.499 GC heap after
{Heap after GC invocations=18909 (full 4):
 def new generation   total 2893760K, used 11224K [0x00007f0578600000, 0x00007f063c9e0000, 0x00007f0acdb50000)
  eden space 2572288K,   0% used [0x00007f0578600000, 0x00007f0578600000, 0x00007f0615600000)
  from space 321472K,   3% used [0x00007f0615600000, 0x00007f06160f6030, 0x00007f0628ff0000)
  to   space 321472K,   0% used [0x00007f0628ff0000, 0x00007f0628ff0000, 0x00007f063c9e0000)
 tenured generation   total 6430344K, used 6424570K [0x00007f0acdb50000, 0x00007f0c562f2000, 0x00007f1578600000)
   the space 6430344K,  99% used [0x00007f0acdb50000, 0x00007f0c55d4e9b8, 0x00007f0c55d4ea00, 0x00007f0c562f2000)
 Metaspace       used 24342K, capacity 24758K, committed 24832K, reserved 26624K
}
Event: 6910.249 GC heap before
{Heap before GC invocations=18909 (full 4):
 def new generation   total 2893760K, used 2583512K [0x00007f0578600000, 0x00007f063c9e0000, 0x00007f0acdb50000)
  eden space 2572288K, 100% used [0x00007f0578600000, 0x00007f0615600000, 0x00007f0615600000)
  from space 321472K,   3% used [0x00007f0615600000, 0x00007f06160f6030, 0x00007f0628ff0000)
  to   space 321472K,   0% used [0x00007f0628ff0000, 0x00007f0628ff0000, 0x00007f063c9e0000)
 tenured generation   total 6430344K, used 6424570K [0x00007f0acdb50000, 0x00007f0c562f2000, 0x00007f1578600000)
   the space 6430344K,  99% used [0x00007f0acdb50000, 0x00007f0c55d4e9b8, 0x00007f0c55d4ea00, 0x00007f0c562f2000)
 Metaspace       used 24342K, capacity 24758K, committed 24832K, reserved 26624K
}
Event: 6910.259 GC heap after
{Heap after GC invocations=18910 (full 4):
 def new generation   total 2893760K, used 11352K [0x00007f0578600000, 0x00007f063c9e0000, 0x00007f0acdb50000)
  eden space 2572288K,   0% used [0x00007f0578600000, 0x00007f0578600000, 0x00007f0615600000)
  from space 321472K,   3% used [0x00007f0628ff0000, 0x00007f0629b062a8, 0x00007f063c9e0000)
  to   space 321472K,   0% used [0x00007f0615600000, 0x00007f0615600000, 0x00007f0628ff0000)
 tenured generation   total 6430344K, used 6425245K [0x00007f0acdb50000, 0x00007f0c562f2000, 0x00007f1578600000)
   the space 6430344K,  99% used [0x00007f0acdb50000, 0x00007f0c55df75b8, 0x00007f0c55df7600, 0x00007f0c562f2000)
 Metaspace       used 24342K, capacity 24758K, committed 24832K, reserved 26624K
}
Event: 6911.001 GC heap before
{Heap before GC invocations=18910 (full 4):
 def new generation   total 2893760K, used 2583640K [0x00007f0578600000, 0x00007f063c9e0000, 0x00007f0acdb50000)
  eden space 2572288K, 100% used [0x00007f0578600000, 0x00007f0615600000, 0x00007f0615600000)
  from space 321472K,   3% used [0x00007f0628ff0000, 0x00007f0629b062a8, 0x00007f063c9e0000)
  to   space 321472K,   0% used [0x00007f0615600000, 0x00007f0615600000, 0x00007f0628ff0000)
 tenured generation   total 6430344K, used 6425245K [0x00007f0acdb50000, 0x00007f0c562f2000, 0x00007f1578600000)
   the space 6430344K,  99% used [0x00007f0acdb50000, 0x00007f0c55df75b8, 0x00007f0c55df7600, 0x00007f0c562f2000)
 Metaspace       used 24342K, capacity 24758K, committed 24832K, reserved 26624K
}
Event: 6911.011 GC heap after
{Heap after GC invocations=18911 (full 4):
 def new generation   total 2893760K, used 11514K [0x00007f0578600000, 0x00007f063c9e0000, 0x00007f0acdb50000)
  eden space 2572288K,   0% used [0x00007f0578600000, 0x00007f0578600000, 0x00007f0615600000)
  from space 321472K,   3% used [0x00007f0615600000, 0x00007f061613e960, 0x00007f0628ff0000)
  to   space 321472K,   0% used [0x00007f0628ff0000, 0x00007f0628ff0000, 0x00007f063c9e0000)
 tenured generation   total 6430344K, used 6425920K [0x00007f0acdb50000, 0x00007f0c562f2000, 0x00007f1578600000)
   the space 6430344K,  99% used [0x00007f0acdb50000, 0x00007f0c55ea01b8, 0x00007f0c55ea0200, 0x00007f0c562f2000)
 Metaspace       used 24342K, capacity 24758K, committed 24832K, reserved 26624K
}
Event: 6911.773 GC heap before
{Heap before GC invocations=18911 (full 4):
 def new generation   total 2893760K, used 2583802K [0x00007f0578600000, 0x00007f063c9e0000, 0x00007f0acdb50000)
  eden space 2572288K, 100% used [0x00007f0578600000, 0x00007f0615600000, 0x00007f0615600000)
  from space 321472K,   3% used [0x00007f0615600000, 0x00007f061613e960, 0x00007f0628ff0000)
  to   space 321472K,   0% used [0x00007f0628ff0000, 0x00007f0628ff0000, 0x00007f063c9e0000)
 tenured generation   total 6430344K, used 6425920K [0x00007f0acdb50000, 0x00007f0c562f2000, 0x00007f1578600000)
   the space 6430344K,  99% used [0x00007f0acdb50000, 0x00007f0c55ea01b8, 0x00007f0c55ea0200, 0x00007f0c562f2000)
 Metaspace       used 24342K, capacity 24758K, committed 24832K, reserved 26624K
}
Event: 6911.783 GC heap after
{Heap after GC invocations=18912 (full 4):
 def new generation   total 2893760K, used 11610K [0x00007f0578600000, 0x00007f063c9e0000, 0x00007f0acdb50000)
  eden space 2572288K,   0% used [0x00007f0578600000, 0x00007f0578600000, 0x00007f0615600000)
  from space 321472K,   3% used [0x00007f0628ff0000, 0x00007f0629b46990, 0x00007f063c9e0000)
  to   space 321472K,   0% used [0x00007f0615600000, 0x00007f0615600000, 0x00007f0628ff0000)
 tenured generation   total 6430344K, used 6426611K [0x00007f0acdb50000, 0x00007f0c562f2000, 0x00007f1578600000)
   the space 6430344K,  99% used [0x00007f0acdb50000, 0x00007f0c55f4cf88, 0x00007f0c55f4d000, 0x00007f0c562f2000)
 Metaspace       used 24342K, capacity 24758K, committed 24832K, reserved 26624K
}
Event: 6912.537 GC heap before
{Heap before GC invocations=18912 (full 4):
 def new generation   total 2893760K, used 2583898K [0x00007f0578600000, 0x00007f063c9e0000, 0x00007f0acdb50000)
  eden space 2572288K, 100% used [0x00007f0578600000, 0x00007f0615600000, 0x00007f0615600000)
  from space 321472K,   3% used [0x00007f0628ff0000, 0x00007f0629b46990, 0x00007f063c9e0000)
  to   space 321472K,   0% used [0x00007f0615600000, 0x00007f0615600000, 0x00007f0628ff0000)
 tenured generation   total 6430344K, used 6426611K [0x00007f0acdb50000, 0x00007f0c562f2000, 0x00007f1578600000)
   the space 6430344K,  99% used [0x00007f0acdb50000, 0x00007f0c55f4cf88, 0x00007f0c55f4d000, 0x00007f0c562f2000)
 Metaspace       used 24342K, capacity 24758K, committed 24832K, reserved 26624K
}
Event: 6912.546 GC heap after
{Heap after GC invocations=18913 (full 4):
 def new generation   total 2893760K, used 11643K [0x00007f0578600000, 0x00007f063c9e0000, 0x00007f0acdb50000)
  eden space 2572288K,   0% used [0x00007f0578600000, 0x00007f0578600000, 0x00007f0615600000)
  from space 321472K,   3% used [0x00007f0615600000, 0x00007f061615ed68, 0x00007f0628ff0000)
  to   space 321472K,   0% used [0x00007f0628ff0000, 0x00007f0628ff0000, 0x00007f063c9e0000)
 tenured generation   total 6430344K, used 6427367K [0x00007f0acdb50000, 0x00007f0c562f2000, 0x00007f1578600000)
   the space 6430344K,  99% used [0x00007f0acdb50000, 0x00007f0c56009cb8, 0x00007f0c56009e00, 0x00007f0c562f2000)
 Metaspace       used 24342K, capacity 24758K, committed 24832K, reserved 26624K
}
Event: 6913.339 GC heap before
{Heap before GC invocations=18913 (full 4):
 def new generation   total 2893760K, used 2583931K [0x00007f0578600000, 0x00007f063c9e0000, 0x00007f0acdb50000)
  eden space 2572288K, 100% used [0x00007f0578600000, 0x00007f0615600000, 0x00007f0615600000)
  from space 321472K,   3% used [0x00007f0615600000, 0x00007f061615ed68, 0x00007f0628ff0000)
  to   space 321472K,   0% used [0x00007f0628ff0000, 0x00007f0628ff0000, 0x00007f063c9e0000)
 tenured generation   total 6430344K, used 6427367K [0x00007f0acdb50000, 0x00007f0c562f2000, 0x00007f1578600000)
   the space 6430344K,  99% used [0x00007f0acdb50000, 0x00007f0c56009cb8, 0x00007f0c56009e00, 0x00007f0c562f2000)
 Metaspace       used 24342K, capacity 24758K, committed 24832K, reserved 26624K
}
Event: 6913.349 GC heap after
{Heap after GC invocations=18914 (full 4):
 def new generation   total 2893760K, used 11403K [0x00007f0578600000, 0x00007f063c9e0000, 0x00007f0acdb50000)
  eden space 2572288K,   0% used [0x00007f0578600000, 0x00007f0578600000, 0x00007f0615600000)
  from space 321472K,   3% used [0x00007f0628ff0000, 0x00007f0629b12de8, 0x00007f063c9e0000)
  to   space 321472K,   0% used [0x00007f0615600000, 0x00007f0615600000, 0x00007f0628ff0000)
 tenured generation   total 6430344K, used 6428170K [0x00007f0acdb50000, 0x00007f0c562f2000, 0x00007f1578600000)
   the space 6430344K,  99% used [0x00007f0acdb50000, 0x00007f0c560d2ad8, 0x00007f0c560d2c00, 0x00007f0c562f2000)
 Metaspace       used 24342K, capacity 24758K, committed 24832K, reserved 26624K
}
Event: 6914.125 GC heap before
{Heap before GC invocations=18914 (full 4):
 def new generation   total 2893760K, used 2583691K [0x00007f0578600000, 0x00007f063c9e0000, 0x00007f0acdb50000)
  eden space 2572288K, 100% used [0x00007f0578600000, 0x00007f0615600000, 0x00007f0615600000)
  from space 321472K,   3% used [0x00007f0628ff0000, 0x00007f0629b12de8, 0x00007f063c9e0000)
  to   space 321472K,   0% used [0x00007f0615600000, 0x00007f0615600000, 0x00007f0628ff0000)
 tenured generation   total 6430344K, used 6428170K [0x00007f0acdb50000, 0x00007f0c562f2000, 0x00007f1578600000)
   the space 6430344K,  99% used [0x00007f0acdb50000, 0x00007f0c560d2ad8, 0x00007f0c560d2c00, 0x00007f0c562f2000)
 Metaspace       used 24342K, capacity 24758K, committed 24832K, reserved 26624K
}
Event: 6914.136 GC heap after
{Heap after GC invocations=18915 (full 4):
 def new generation   total 2893760K, used 11221K [0x00007f0578600000, 0x00007f063c9e0000, 0x00007f0acdb50000)
  eden space 2572288K,   0% used [0x00007f0578600000, 0x00007f0578600000, 0x00007f0615600000)
  from space 321472K,   3% used [0x00007f0615600000, 0x00007f06160f5688, 0x00007f0628ff0000)
  to   space 321472K,   0% used [0x00007f0628ff0000, 0x00007f0628ff0000, 0x00007f063c9e0000)
 tenured generation   total 6430344K, used 6428978K [0x00007f0acdb50000, 0x00007f0c562f2000, 0x00007f1578600000)
   the space 6430344K,  99% used [0x00007f0acdb50000, 0x00007f0c5619c918, 0x00007f0c5619ca00, 0x00007f0c562f2000)
 Metaspace       used 24342K, capacity 24758K, committed 24832K, reserved 26624K
}
Event: 6914.901 GC heap before
{Heap before GC invocations=18915 (full 4):
 def new generation   total 2893760K, used 2583509K [0x00007f0578600000, 0x00007f063c9e0000, 0x00007f0acdb50000)
  eden space 2572288K, 100% used [0x00007f0578600000, 0x00007f0615600000, 0x00007f0615600000)
  from space 321472K,   3% used [0x00007f0615600000, 0x00007f06160f5688, 0x00007f0628ff0000)
  to   space 321472K,   0% used [0x00007f0628ff0000, 0x00007f0628ff0000, 0x00007f063c9e0000)
 tenured generation   total 6430344K, used 6428978K [0x00007f0acdb50000, 0x00007f0c562f2000, 0x00007f1578600000)
   the space 6430344K,  99% used [0x00007f0acdb50000, 0x00007f0c5619c918, 0x00007f0c5619ca00, 0x00007f0c562f2000)
 Metaspace       used 24342K, capacity 24758K, committed 24832K, reserved 26624K
}
Event: 6914.910 GC heap after
{Heap after GC invocations=18916 (full 4):
 def new generation   total 2893760K, used 11077K [0x00007f0578600000, 0x00007f063c9e0000, 0x00007f0acdb50000)
  eden space 2572288K,   0% used [0x00007f0578600000, 0x00007f0578600000, 0x00007f0615600000)
  from space 321472K,   3% used [0x00007f0628ff0000, 0x00007f0629ac15b8, 0x00007f063c9e0000)
  to   space 321472K,   0% used [0x00007f0615600000, 0x00007f0615600000, 0x00007f0628ff0000)
 tenured generation   total 6430344K, used 6429797K [0x00007f0acdb50000, 0x00007f0c562f2000, 0x00007f1578600000)
   the space 6430344K,  99% used [0x00007f0acdb50000, 0x00007f0c562697e8, 0x00007f0c56269800, 0x00007f0c562f2000)
 Metaspace       used 24342K, capacity 24758K, committed 24832K, reserved 26624K
}
Event: 6915.667 GC heap before
{Heap before GC invocations=18916 (full 4):
 def new generation   total 2893760K, used 2583365K [0x00007f0578600000, 0x00007f063c9e0000, 0x00007f0acdb50000)
  eden space 2572288K, 100% used [0x00007f0578600000, 0x00007f0615600000, 0x00007f0615600000)
  from space 321472K,   3% used [0x00007f0628ff0000, 0x00007f0629ac15b8, 0x00007f063c9e0000)
  to   space 321472K,   0% used [0x00007f0615600000, 0x00007f0615600000, 0x00007f0628ff0000)
 tenured generation   total 6430344K, used 6429797K [0x00007f0acdb50000, 0x00007f0c562f2000, 0x00007f1578600000)
   the space 6430344K,  99% used [0x00007f0acdb50000, 0x00007f0c562697e8, 0x00007f0c56269800, 0x00007f0c562f2000)
 Metaspace       used 24342K, capacity 24758K, committed 24832K, reserved 26624K
}
Event: 6915.676 GC heap after
{Heap after GC invocations=18917 (full 4):
 def new generation   total 2893760K, used 10999K [0x00007f0578600000, 0x00007f063c9e0000, 0x00007f0acdb50000)
  eden space 2572288K,   0% used [0x00007f0578600000, 0x00007f0578600000, 0x00007f0615600000)
  from space 321472K,   3% used [0x00007f0615600000, 0x00007f06160bdf20, 0x00007f0628ff0000)
  to   space 321472K,   0% used [0x00007f0628ff0000, 0x00007f0628ff0000, 0x00007f063c9e0000)
 tenured generation   total 6430728K, used 6430551K [0x00007f0acdb50000, 0x00007f0c56352000, 0x00007f1578600000)
   the space 6430728K,  99% used [0x00007f0acdb50000, 0x00007f0c56325e28, 0x00007f0c56326000, 0x00007f0c56352000)
 Metaspace       used 24342K, capacity 24758K, committed 24832K, reserved 26624K
}
Event: 6915.676 GC heap before
{Heap before GC invocations=18917 (full 4):
 def new generation   total 2893760K, used 10999K [0x00007f0578600000, 0x00007f063c9e0000, 0x00007f0acdb50000)
  eden space 2572288K,   0% used [0x00007f0578600000, 0x00007f0578600000, 0x00007f0615600000)
  from space 321472K,   3% used [0x00007f0615600000, 0x00007f06160bdf20, 0x00007f0628ff0000)
  to   space 321472K,   0% used [0x00007f0628ff0000, 0x00007f0628ff0000, 0x00007f063c9e0000)
 tenured generation   total 6430728K, used 6430551K [0x00007f0acdb50000, 0x00007f0c56352000, 0x00007f1578600000)
   the space 6430728K,  99% used [0x00007f0acdb50000, 0x00007f0c56325e28, 0x00007f0c56326000, 0x00007f0c56352000)
 Metaspace       used 24342K, capacity 24758K, committed 24832K, reserved 26624K
}

