# JRE version: OpenJDK Runtime Environment (13.0.7+5) (build 13.0.7+5-Ubuntu-0ubuntu120.04)
# Java VM: OpenJDK 64-Bit Server VM (13.0.7+5-Ubuntu-0ubuntu120.04, mixed mode, tiered, serial gc, linux-amd64)
Heap:
 def new generation   total 2916608K, used 73536K [0x00007f2634600000, 0x00007f26fa2b0000, 0x00007f2b89b50000)
  eden space 2592576K,   2% used [0x00007f2634600000, 0x00007f2638dd02b8, 0x00007f26d29d0000)
  from space 324032K,   0% used [0x00007f26d29d0000, 0x00007f26d29d0000, 0x00007f26e6640000)
  to   space 324032K,   0% used [0x00007f26e6640000, 0x00007f26e6640000, 0x00007f26fa2b0000)
 tenured generation   total 6486432K, used 6486431K [0x00007f2b89b50000, 0x00007f2d159b8000, 0x00007f3634600000)
   the space 6486432K,  99% used [0x00007f2b89b50000, 0x00007f2d159b7fe8, 0x00007f2d159b8000, 0x00007f2d159b8000)
 Metaspace       used 24164K, capacity 24594K, committed 24832K, reserved 26624K
GC Heap History (20 events):
Event: 2752.999 GC heap after
{Heap after GC invocations=2780 (full 4):
 def new generation   total 2916608K, used 76878K [0x00007f2634600000, 0x00007f26fa2b0000, 0x00007f2b89b50000)
  eden space 2592576K,   0% used [0x00007f2634600000, 0x00007f2634600000, 0x00007f26d29d0000)
  from space 324032K,  23% used [0x00007f26e6640000, 0x00007f26eb153820, 0x00007f26fa2b0000)
  to   space 324032K,   0% used [0x00007f26d29d0000, 0x00007f26d29d0000, 0x00007f26e6640000)
 tenured generation   total 6481248K, used 6442598K [0x00007f2b89b50000, 0x00007f2d154a8000, 0x00007f3634600000)
   the space 6481248K,  99% used [0x00007f2b89b50000, 0x00007f2d12ee9a18, 0x00007f2d12ee9c00, 0x00007f2d154a8000)
 Metaspace       used 24164K, capacity 24594K, committed 24832K, reserved 26624K
}
Event: 2754.785 GC heap before
{Heap before GC invocations=2780 (full 4):
 def new generation   total 2916608K, used 2669454K [0x00007f2634600000, 0x00007f26fa2b0000, 0x00007f2b89b50000)
  eden space 2592576K, 100% used [0x00007f2634600000, 0x00007f26d29d0000, 0x00007f26d29d0000)
  from space 324032K,  23% used [0x00007f26e6640000, 0x00007f26eb153820, 0x00007f26fa2b0000)
  to   space 324032K,   0% used [0x00007f26d29d0000, 0x00007f26d29d0000, 0x00007f26e6640000)
 tenured generation   total 6481248K, used 6442598K [0x00007f2b89b50000, 0x00007f2d154a8000, 0x00007f3634600000)
   the space 6481248K,  99% used [0x00007f2b89b50000, 0x00007f2d12ee9a18, 0x00007f2d12ee9c00, 0x00007f2d154a8000)
 Metaspace       used 24164K, capacity 24594K, committed 24832K, reserved 26624K
}
Event: 2754.920 GC heap after
{Heap after GC invocations=2781 (full 4):
 def new generation   total 2916608K, used 77116K [0x00007f2634600000, 0x00007f26fa2b0000, 0x00007f2b89b50000)
  eden space 2592576K,   0% used [0x00007f2634600000, 0x00007f2634600000, 0x00007f26d29d0000)
  from space 324032K,  23% used [0x00007f26d29d0000, 0x00007f26d751f018, 0x00007f26e6640000)
  to   space 324032K,   0% used [0x00007f26e6640000, 0x00007f26e6640000, 0x00007f26fa2b0000)
 tenured generation   total 6481248K, used 6446719K [0x00007f2b89b50000, 0x00007f2d154a8000, 0x00007f3634600000)
   the space 6481248K,  99% used [0x00007f2b89b50000, 0x00007f2d132effa0, 0x00007f2d132f0000, 0x00007f2d154a8000)
 Metaspace       used 24164K, capacity 24594K, committed 24832K, reserved 26624K
}
Event: 2756.832 GC heap before
{Heap before GC invocations=2781 (full 4):
 def new generation   total 2916608K, used 2669692K [0x00007f2634600000, 0x00007f26fa2b0000, 0x00007f2b89b50000)
  eden space 2592576K, 100% used [0x00007f2634600000, 0x00007f26d29d0000, 0x00007f26d29d0000)
  from space 324032K,  23% used [0x00007f26d29d0000, 0x00007f26d751f018, 0x00007f26e6640000)
  to   space 324032K,   0% used [0x00007f26e6640000, 0x00007f26e6640000, 0x00007f26fa2b0000)
 tenured generation   total 6481248K, used 6446719K [0x00007f2b89b50000, 0x00007f2d154a8000, 0x00007f3634600000)
   the space 6481248K,  99% used [0x00007f2b89b50000, 0x00007f2d132effa0, 0x00007f2d132f0000, 0x00007f2d154a8000)
 Metaspace       used 24164K, capacity 24594K, committed 24832K, reserved 26624K
}
Event: 2756.965 GC heap after
{Heap after GC invocations=2782 (full 4):
 def new generation   total 2916608K, used 77119K [0x00007f2634600000, 0x00007f26fa2b0000, 0x00007f2b89b50000)
  eden space 2592576K,   0% used [0x00007f2634600000, 0x00007f2634600000, 0x00007f26d29d0000)
  from space 324032K,  23% used [0x00007f26e6640000, 0x00007f26eb18feb8, 0x00007f26fa2b0000)
  to   space 324032K,   0% used [0x00007f26d29d0000, 0x00007f26d29d0000, 0x00007f26e6640000)
 tenured generation   total 6481248K, used 6450975K [0x00007f2b89b50000, 0x00007f2d154a8000, 0x00007f3634600000)
   the space 6481248K,  99% used [0x00007f2b89b50000, 0x00007f2d13717f10, 0x00007f2d13718000, 0x00007f2d154a8000)
 Metaspace       used 24164K, capacity 24594K, committed 24832K, reserved 26624K
}
Event: 2758.739 GC heap before
{Heap before GC invocations=2782 (full 4):
 def new generation   total 2916608K, used 2669695K [0x00007f2634600000, 0x00007f26fa2b0000, 0x00007f2b89b50000)
  eden space 2592576K, 100% used [0x00007f2634600000, 0x00007f26d29d0000, 0x00007f26d29d0000)
  from space 324032K,  23% used [0x00007f26e6640000, 0x00007f26eb18feb8, 0x00007f26fa2b0000)
  to   space 324032K,   0% used [0x00007f26d29d0000, 0x00007f26d29d0000, 0x00007f26e6640000)
 tenured generation   total 6481248K, used 6450975K [0x00007f2b89b50000, 0x00007f2d154a8000, 0x00007f3634600000)
   the space 6481248K,  99% used [0x00007f2b89b50000, 0x00007f2d13717f10, 0x00007f2d13718000, 0x00007f2d154a8000)
 Metaspace       used 24164K, capacity 24594K, committed 24832K, reserved 26624K
}
Event: 2758.871 GC heap after
{Heap after GC invocations=2783 (full 4):
 def new generation   total 2916608K, used 76237K [0x00007f2634600000, 0x00007f26fa2b0000, 0x00007f2b89b50000)
  eden space 2592576K,   0% used [0x00007f2634600000, 0x00007f2634600000, 0x00007f26d29d0000)
  from space 324032K,  23% used [0x00007f26d29d0000, 0x00007f26d7443588, 0x00007f26e6640000)
  to   space 324032K,   0% used [0x00007f26e6640000, 0x00007f26e6640000, 0x00007f26fa2b0000)
 tenured generation   total 6481248K, used 6456342K [0x00007f2b89b50000, 0x00007f2d154a8000, 0x00007f3634600000)
   the space 6481248K,  99% used [0x00007f2b89b50000, 0x00007f2d13c55ae0, 0x00007f2d13c55c00, 0x00007f2d154a8000)
 Metaspace       used 24164K, capacity 24594K, committed 24832K, reserved 26624K
}
Event: 2760.756 GC heap before
{Heap before GC invocations=2783 (full 4):
 def new generation   total 2916608K, used 2668813K [0x00007f2634600000, 0x00007f26fa2b0000, 0x00007f2b89b50000)
  eden space 2592576K, 100% used [0x00007f2634600000, 0x00007f26d29d0000, 0x00007f26d29d0000)
  from space 324032K,  23% used [0x00007f26d29d0000, 0x00007f26d7443588, 0x00007f26e6640000)
  to   space 324032K,   0% used [0x00007f26e6640000, 0x00007f26e6640000, 0x00007f26fa2b0000)
 tenured generation   total 6481248K, used 6456342K [0x00007f2b89b50000, 0x00007f2d154a8000, 0x00007f3634600000)
   the space 6481248K,  99% used [0x00007f2b89b50000, 0x00007f2d13c55ae0, 0x00007f2d13c55c00, 0x00007f2d154a8000)
 Metaspace       used 24164K, capacity 24594K, committed 24832K, reserved 26624K
}
Event: 2760.892 GC heap after
{Heap after GC invocations=2784 (full 4):
 def new generation   total 2916608K, used 76477K [0x00007f2634600000, 0x00007f26fa2b0000, 0x00007f2b89b50000)
  eden space 2592576K,   0% used [0x00007f2634600000, 0x00007f2634600000, 0x00007f26d29d0000)
  from space 324032K,  23% used [0x00007f26e6640000, 0x00007f26eb0ef570, 0x00007f26fa2b0000)
  to   space 324032K,   0% used [0x00007f26d29d0000, 0x00007f26d29d0000, 0x00007f26e6640000)
 tenured generation   total 6481248K, used 6460363K [0x00007f2b89b50000, 0x00007f2d154a8000, 0x00007f3634600000)
   the space 6481248K,  99% used [0x00007f2b89b50000, 0x00007f2d14042cd0, 0x00007f2d14042e00, 0x00007f2d154a8000)
 Metaspace       used 24164K, capacity 24594K, committed 24832K, reserved 26624K
}
Event: 2762.752 GC heap before
{Heap before GC invocations=2784 (full 4):
 def new generation   total 2916608K, used 2669053K [0x00007f2634600000, 0x00007f26fa2b0000, 0x00007f2b89b50000)
  eden space 2592576K, 100% used [0x00007f2634600000, 0x00007f26d29d0000, 0x00007f26d29d0000)
  from space 324032K,  23% used [0x00007f26e6640000, 0x00007f26eb0ef570, 0x00007f26fa2b0000)
  to   space 324032K,   0% used [0x00007f26d29d0000, 0x00007f26d29d0000, 0x00007f26e6640000)
 tenured generation   total 6481248K, used 6460363K [0x00007f2b89b50000, 0x00007f2d154a8000, 0x00007f3634600000)
   the space 6481248K,  99% used [0x00007f2b89b50000, 0x00007f2d14042cd0, 0x00007f2d14042e00, 0x00007f2d154a8000)
 Metaspace       used 24164K, capacity 24594K, committed 24832K, reserved 26624K
}
Event: 2762.889 GC heap after
{Heap after GC invocations=2785 (full 4):
 def new generation   total 2916608K, used 77524K [0x00007f2634600000, 0x00007f26fa2b0000, 0x00007f2b89b50000)
  eden space 2592576K,   0% used [0x00007f2634600000, 0x00007f2634600000, 0x00007f26d29d0000)
  from space 324032K,  23% used [0x00007f26d29d0000, 0x00007f26d7585008, 0x00007f26e6640000)
  to   space 324032K,   0% used [0x00007f26e6640000, 0x00007f26e6640000, 0x00007f26fa2b0000)
 tenured generation   total 6481248K, used 6465358K [0x00007f2b89b50000, 0x00007f2d154a8000, 0x00007f3634600000)
   the space 6481248K,  99% used [0x00007f2b89b50000, 0x00007f2d14523a20, 0x00007f2d14523c00, 0x00007f2d154a8000)
 Metaspace       used 24164K, capacity 24594K, committed 24832K, reserved 26624K
}
Event: 2764.613 GC heap before
{Heap before GC invocations=2785 (full 4):
 def new generation   total 2916608K, used 2670100K [0x00007f2634600000, 0x00007f26fa2b0000, 0x00007f2b89b50000)
  eden space 2592576K, 100% used [0x00007f2634600000, 0x00007f26d29d0000, 0x00007f26d29d0000)
  from space 324032K,  23% used [0x00007f26d29d0000, 0x00007f26d7585008, 0x00007f26e6640000)
  to   space 324032K,   0% used [0x00007f26e6640000, 0x00007f26e6640000, 0x00007f26fa2b0000)
 tenured generation   total 6481248K, used 6465358K [0x00007f2b89b50000, 0x00007f2d154a8000, 0x00007f3634600000)
   the space 6481248K,  99% used [0x00007f2b89b50000, 0x00007f2d14523a20, 0x00007f2d14523c00, 0x00007f2d154a8000)
 Metaspace       used 24164K, capacity 24594K, committed 24832K, reserved 26624K
}
Event: 2764.729 GC heap after
{Heap after GC invocations=2786 (full 4):
 def new generation   total 2916608K, used 75163K [0x00007f2634600000, 0x00007f26fa2b0000, 0x00007f2b89b50000)
  eden space 2592576K,   0% used [0x00007f2634600000, 0x00007f2634600000, 0x00007f26d29d0000)
  from space 324032K,  23% used [0x00007f26e6640000, 0x00007f26eafa6d80, 0x00007f26fa2b0000)
  to   space 324032K,   0% used [0x00007f26d29d0000, 0x00007f26d29d0000, 0x00007f26e6640000)
 tenured generation   total 6481248K, used 6471499K [0x00007f2b89b50000, 0x00007f2d154a8000, 0x00007f3634600000)
   the space 6481248K,  99% used [0x00007f2b89b50000, 0x00007f2d14b22d38, 0x00007f2d14b22e00, 0x00007f2d154a8000)
 Metaspace       used 24164K, capacity 24594K, committed 24832K, reserved 26624K
}
Event: 2766.621 GC heap before
{Heap before GC invocations=2786 (full 4):
 def new generation   total 2916608K, used 2667739K [0x00007f2634600000, 0x00007f26fa2b0000, 0x00007f2b89b50000)
  eden space 2592576K, 100% used [0x00007f2634600000, 0x00007f26d29d0000, 0x00007f26d29d0000)
  from space 324032K,  23% used [0x00007f26e6640000, 0x00007f26eafa6d80, 0x00007f26fa2b0000)
  to   space 324032K,   0% used [0x00007f26d29d0000, 0x00007f26d29d0000, 0x00007f26e6640000)
 tenured generation   total 6481248K, used 6471499K [0x00007f2b89b50000, 0x00007f2d154a8000, 0x00007f3634600000)
   the space 6481248K,  99% used [0x00007f2b89b50000, 0x00007f2d14b22d38, 0x00007f2d14b22e00, 0x00007f2d154a8000)
 Metaspace       used 24164K, capacity 24594K, committed 24832K, reserved 26624K
}
Event: 2766.764 GC heap after
{Heap after GC invocations=2787 (full 4):
 def new generation   total 2916608K, used 74641K [0x00007f2634600000, 0x00007f26fa2b0000, 0x00007f2b89b50000)
  eden space 2592576K,   0% used [0x00007f2634600000, 0x00007f2634600000, 0x00007f26d29d0000)
  from space 324032K,  23% used [0x00007f26d29d0000, 0x00007f26d72b4588, 0x00007f26e6640000)
  to   space 324032K,   0% used [0x00007f26e6640000, 0x00007f26e6640000, 0x00007f26fa2b0000)
 tenured generation   total 6481248K, used 6476293K [0x00007f2b89b50000, 0x00007f2d154a8000, 0x00007f3634600000)
   the space 6481248K,  99% used [0x00007f2b89b50000, 0x00007f2d14fd1538, 0x00007f2d14fd1600, 0x00007f2d154a8000)
 Metaspace       used 24164K, capacity 24594K, committed 24832K, reserved 26624K
}
Event: 2768.600 GC heap before
{Heap before GC invocations=2787 (full 4):
 def new generation   total 2916608K, used 2667217K [0x00007f2634600000, 0x00007f26fa2b0000, 0x00007f2b89b50000)
  eden space 2592576K, 100% used [0x00007f2634600000, 0x00007f26d29d0000, 0x00007f26d29d0000)
  from space 324032K,  23% used [0x00007f26d29d0000, 0x00007f26d72b4588, 0x00007f26e6640000)
  to   space 324032K,   0% used [0x00007f26e6640000, 0x00007f26e6640000, 0x00007f26fa2b0000)
 tenured generation   total 6481248K, used 6476293K [0x00007f2b89b50000, 0x00007f2d154a8000, 0x00007f3634600000)
   the space 6481248K,  99% used [0x00007f2b89b50000, 0x00007f2d14fd1538, 0x00007f2d14fd1600, 0x00007f2d154a8000)
 Metaspace       used 24164K, capacity 24594K, committed 24832K, reserved 26624K
}
Event: 2768.729 GC heap after
{Heap after GC invocations=2788 (full 4):
 def new generation   total 2916608K, used 74854K [0x00007f2634600000, 0x00007f26fa2b0000, 0x00007f2b89b50000)
  eden space 2592576K,   0% used [0x00007f2634600000, 0x00007f2634600000, 0x00007f26d29d0000)
  from space 324032K,  23% used [0x00007f26e6640000, 0x00007f26eaf59a58, 0x00007f26fa2b0000)
  to   space 324032K,   0% used [0x00007f26d29d0000, 0x00007f26d29d0000, 0x00007f26e6640000)
 tenured generation   total 6481248K, used 6481156K [0x00007f2b89b50000, 0x00007f2d154a8000, 0x00007f3634600000)
   the space 6481248K,  99% used [0x00007f2b89b50000, 0x00007f2d154910a8, 0x00007f2d15491200, 0x00007f2d154a8000)
 Metaspace       used 24164K, capacity 24594K, committed 24832K, reserved 26624K
}
Event: 2770.551 GC heap before
{Heap before GC invocations=2788 (full 4):
 def new generation   total 2916608K, used 2667430K [0x00007f2634600000, 0x00007f26fa2b0000, 0x00007f2b89b50000)
  eden space 2592576K, 100% used [0x00007f2634600000, 0x00007f26d29d0000, 0x00007f26d29d0000)
  from space 324032K,  23% used [0x00007f26e6640000, 0x00007f26eaf59a58, 0x00007f26fa2b0000)
  to   space 324032K,   0% used [0x00007f26d29d0000, 0x00007f26d29d0000, 0x00007f26e6640000)
 tenured generation   total 6481248K, used 6481156K [0x00007f2b89b50000, 0x00007f2d154a8000, 0x00007f3634600000)
   the space 6481248K,  99% used [0x00007f2b89b50000, 0x00007f2d154910a8, 0x00007f2d15491200, 0x00007f2d154a8000)
 Metaspace       used 24164K, capacity 24594K, committed 24832K, reserved 26624K
}
Event: 2770.682 GC heap after
{Heap after GC invocations=2789 (full 4):
 def new generation   total 2916608K, used 73682K [0x00007f2634600000, 0x00007f26fa2b0000, 0x00007f2b89b50000)
  eden space 2592576K,   0% used [0x00007f2634600000, 0x00007f2634600000, 0x00007f26d29d0000)
  from space 324032K,  22% used [0x00007f26d29d0000, 0x00007f26d71c4aa8, 0x00007f26e6640000)
  to   space 324032K,   0% used [0x00007f26e6640000, 0x00007f26e6640000, 0x00007f26fa2b0000)
 tenured generation   total 6486432K, used 6486285K [0x00007f2b89b50000, 0x00007f2d159b8000, 0x00007f3634600000)
   the space 6486432K,  99% used [0x00007f2b89b50000, 0x00007f2d159937f8, 0x00007f2d15993800, 0x00007f2d159b8000)
 Metaspace       used 24164K, capacity 24594K, committed 24832K, reserved 26624K
}
Event: 2770.682 GC heap before
{Heap before GC invocations=2789 (full 4):
 def new generation   total 2916608K, used 73682K [0x00007f2634600000, 0x00007f26fa2b0000, 0x00007f2b89b50000)
  eden space 2592576K,   0% used [0x00007f2634600000, 0x00007f2634600000, 0x00007f26d29d0000)
  from space 324032K,  22% used [0x00007f26d29d0000, 0x00007f26d71c4aa8, 0x00007f26e6640000)
  to   space 324032K,   0% used [0x00007f26e6640000, 0x00007f26e6640000, 0x00007f26fa2b0000)
 tenured generation   total 6486432K, used 6486285K [0x00007f2b89b50000, 0x00007f2d159b8000, 0x00007f3634600000)
   the space 6486432K,  99% used [0x00007f2b89b50000, 0x00007f2d159937f8, 0x00007f2d15993800, 0x00007f2d159b8000)
 Metaspace       used 24164K, capacity 24594K, committed 24832K, reserved 26624K
}

