# JRE version: OpenJDK Runtime Environment (13.0.7+5) (build 13.0.7+5-Ubuntu-0ubuntu120.04)
# Java VM: OpenJDK 64-Bit Server VM (13.0.7+5-Ubuntu-0ubuntu120.04, mixed mode, tiered, serial gc, linux-amd64)
Heap:
 def new generation   total 2914048K, used 25437K [0x00007f0100600000, 0x00007f01c5ff0000, 0x00007f0655b50000)
  eden space 2590272K,   0% used [0x00007f0100600000, 0x00007f0101ed7420, 0x00007f019e790000)
  from space 323776K,   0% used [0x00007f01b23c0000, 0x00007f01b23c0000, 0x00007f01c5ff0000)
  to   space 323776K,   0% used [0x00007f019e790000, 0x00007f019e790000, 0x00007f01b23c0000)
 tenured generation   total 6476864K, used 6476863K [0x00007f0655b50000, 0x00007f07e1060000, 0x00007f1100600000)
   the space 6476864K,  99% used [0x00007f0655b50000, 0x00007f07e105ff70, 0x00007f07e1060000, 0x00007f07e1060000)
 Metaspace       used 24239K, capacity 24642K, committed 24832K, reserved 26624K
GC Heap History (20 events):
Event: 10261.395 GC heap after
{Heap after GC invocations=8328 (full 4):
 def new generation   total 2914048K, used 25628K [0x00007f0100600000, 0x00007f01c5ff0000, 0x00007f0655b50000)
  eden space 2590272K,   0% used [0x00007f0100600000, 0x00007f0100600000, 0x00007f019e790000)
  from space 323776K,   7% used [0x00007f019e790000, 0x00007f01a0097138, 0x00007f01b23c0000)
  to   space 323776K,   0% used [0x00007f01b23c0000, 0x00007f01b23c0000, 0x00007f01c5ff0000)
 tenured generation   total 6475520K, used 6461327K [0x00007f0655b50000, 0x00007f07e0f10000, 0x00007f1100600000)
   the space 6475520K,  99% used [0x00007f0655b50000, 0x00007f07e0133c98, 0x00007f07e0133e00, 0x00007f07e0f10000)
 Metaspace       used 24239K, capacity 24642K, committed 24832K, reserved 26624K
}
Event: 10263.975 GC heap before
{Heap before GC invocations=8328 (full 4):
 def new generation   total 2914048K, used 2615900K [0x00007f0100600000, 0x00007f01c5ff0000, 0x00007f0655b50000)
  eden space 2590272K, 100% used [0x00007f0100600000, 0x00007f019e790000, 0x00007f019e790000)
  from space 323776K,   7% used [0x00007f019e790000, 0x00007f01a0097138, 0x00007f01b23c0000)
  to   space 323776K,   0% used [0x00007f01b23c0000, 0x00007f01b23c0000, 0x00007f01c5ff0000)
 tenured generation   total 6475520K, used 6461327K [0x00007f0655b50000, 0x00007f07e0f10000, 0x00007f1100600000)
   the space 6475520K,  99% used [0x00007f0655b50000, 0x00007f07e0133c98, 0x00007f07e0133e00, 0x00007f07e0f10000)
 Metaspace       used 24239K, capacity 24642K, committed 24832K, reserved 26624K
}
Event: 10264.041 GC heap after
{Heap after GC invocations=8329 (full 4):
 def new generation   total 2914048K, used 25630K [0x00007f0100600000, 0x00007f01c5ff0000, 0x00007f0655b50000)
  eden space 2590272K,   0% used [0x00007f0100600000, 0x00007f0100600000, 0x00007f019e790000)
  from space 323776K,   7% used [0x00007f01b23c0000, 0x00007f01b3cc7898, 0x00007f01c5ff0000)
  to   space 323776K,   0% used [0x00007f019e790000, 0x00007f019e790000, 0x00007f01b23c0000)
 tenured generation   total 6475520K, used 6463036K [0x00007f0655b50000, 0x00007f07e0f10000, 0x00007f1100600000)
   the space 6475520K,  99% used [0x00007f0655b50000, 0x00007f07e02df290, 0x00007f07e02df400, 0x00007f07e0f10000)
 Metaspace       used 24239K, capacity 24642K, committed 24832K, reserved 26624K
}
Event: 10266.504 GC heap before
{Heap before GC invocations=8329 (full 4):
 def new generation   total 2914048K, used 2615902K [0x00007f0100600000, 0x00007f01c5ff0000, 0x00007f0655b50000)
  eden space 2590272K, 100% used [0x00007f0100600000, 0x00007f019e790000, 0x00007f019e790000)
  from space 323776K,   7% used [0x00007f01b23c0000, 0x00007f01b3cc7898, 0x00007f01c5ff0000)
  to   space 323776K,   0% used [0x00007f019e790000, 0x00007f019e790000, 0x00007f01b23c0000)
 tenured generation   total 6475520K, used 6463036K [0x00007f0655b50000, 0x00007f07e0f10000, 0x00007f1100600000)
   the space 6475520K,  99% used [0x00007f0655b50000, 0x00007f07e02df290, 0x00007f07e02df400, 0x00007f07e0f10000)
 Metaspace       used 24239K, capacity 24642K, committed 24832K, reserved 26624K
}
Event: 10266.582 GC heap after
{Heap after GC invocations=8330 (full 4):
 def new generation   total 2914048K, used 25632K [0x00007f0100600000, 0x00007f01c5ff0000, 0x00007f0655b50000)
  eden space 2590272K,   0% used [0x00007f0100600000, 0x00007f0100600000, 0x00007f019e790000)
  from space 323776K,   7% used [0x00007f019e790000, 0x00007f01a0098158, 0x00007f01b23c0000)
  to   space 323776K,   0% used [0x00007f01b23c0000, 0x00007f01b23c0000, 0x00007f01c5ff0000)
 tenured generation   total 6475520K, used 6464746K [0x00007f0655b50000, 0x00007f07e0f10000, 0x00007f1100600000)
   the space 6475520K,  99% used [0x00007f0655b50000, 0x00007f07e048a888, 0x00007f07e048aa00, 0x00007f07e0f10000)
 Metaspace       used 24239K, capacity 24642K, committed 24832K, reserved 26624K
}
Event: 10269.218 GC heap before
{Heap before GC invocations=8330 (full 4):
 def new generation   total 2914048K, used 2615904K [0x00007f0100600000, 0x00007f01c5ff0000, 0x00007f0655b50000)
  eden space 2590272K, 100% used [0x00007f0100600000, 0x00007f019e790000, 0x00007f019e790000)
  from space 323776K,   7% used [0x00007f019e790000, 0x00007f01a0098158, 0x00007f01b23c0000)
  to   space 323776K,   0% used [0x00007f01b23c0000, 0x00007f01b23c0000, 0x00007f01c5ff0000)
 tenured generation   total 6475520K, used 6464746K [0x00007f0655b50000, 0x00007f07e0f10000, 0x00007f1100600000)
   the space 6475520K,  99% used [0x00007f0655b50000, 0x00007f07e048a888, 0x00007f07e048aa00, 0x00007f07e0f10000)
 Metaspace       used 24239K, capacity 24642K, committed 24832K, reserved 26624K
}
Event: 10269.296 GC heap after
{Heap after GC invocations=8331 (full 4):
 def new generation   total 2914048K, used 25634K [0x00007f0100600000, 0x00007f01c5ff0000, 0x00007f0655b50000)
  eden space 2590272K,   0% used [0x00007f0100600000, 0x00007f0100600000, 0x00007f019e790000)
  from space 323776K,   7% used [0x00007f01b23c0000, 0x00007f01b3cc8948, 0x00007f01c5ff0000)
  to   space 323776K,   0% used [0x00007f019e790000, 0x00007f019e790000, 0x00007f01b23c0000)
 tenured generation   total 6475520K, used 6466455K [0x00007f0655b50000, 0x00007f07e0f10000, 0x00007f1100600000)
   the space 6475520K,  99% used [0x00007f0655b50000, 0x00007f07e0635e80, 0x00007f07e0636000, 0x00007f07e0f10000)
 Metaspace       used 24239K, capacity 24642K, committed 24832K, reserved 26624K
}
Event: 10271.853 GC heap before
{Heap before GC invocations=8331 (full 4):
 def new generation   total 2914048K, used 2615906K [0x00007f0100600000, 0x00007f01c5ff0000, 0x00007f0655b50000)
  eden space 2590272K, 100% used [0x00007f0100600000, 0x00007f019e790000, 0x00007f019e790000)
  from space 323776K,   7% used [0x00007f01b23c0000, 0x00007f01b3cc8948, 0x00007f01c5ff0000)
  to   space 323776K,   0% used [0x00007f019e790000, 0x00007f019e790000, 0x00007f01b23c0000)
 tenured generation   total 6475520K, used 6466455K [0x00007f0655b50000, 0x00007f07e0f10000, 0x00007f1100600000)
   the space 6475520K,  99% used [0x00007f0655b50000, 0x00007f07e0635e80, 0x00007f07e0636000, 0x00007f07e0f10000)
 Metaspace       used 24239K, capacity 24642K, committed 24832K, reserved 26624K
}
Event: 10271.925 GC heap after
{Heap after GC invocations=8332 (full 4):
 def new generation   total 2914048K, used 25609K [0x00007f0100600000, 0x00007f01c5ff0000, 0x00007f0655b50000)
  eden space 2590272K,   0% used [0x00007f0100600000, 0x00007f0100600000, 0x00007f019e790000)
  from space 323776K,   7% used [0x00007f019e790000, 0x00007f01a0092568, 0x00007f01b23c0000)
  to   space 323776K,   0% used [0x00007f01b23c0000, 0x00007f01b23c0000, 0x00007f01c5ff0000)
 tenured generation   total 6475520K, used 6468169K [0x00007f0655b50000, 0x00007f07e0f10000, 0x00007f1100600000)
   the space 6475520K,  99% used [0x00007f0655b50000, 0x00007f07e07e25b8, 0x00007f07e07e2600, 0x00007f07e0f10000)
 Metaspace       used 24239K, capacity 24642K, committed 24832K, reserved 26624K
}
Event: 10274.347 GC heap before
{Heap before GC invocations=8332 (full 4):
 def new generation   total 2914048K, used 2615881K [0x00007f0100600000, 0x00007f01c5ff0000, 0x00007f0655b50000)
  eden space 2590272K, 100% used [0x00007f0100600000, 0x00007f019e790000, 0x00007f019e790000)
  from space 323776K,   7% used [0x00007f019e790000, 0x00007f01a0092568, 0x00007f01b23c0000)
  to   space 323776K,   0% used [0x00007f01b23c0000, 0x00007f01b23c0000, 0x00007f01c5ff0000)
 tenured generation   total 6475520K, used 6468169K [0x00007f0655b50000, 0x00007f07e0f10000, 0x00007f1100600000)
   the space 6475520K,  99% used [0x00007f0655b50000, 0x00007f07e07e25b8, 0x00007f07e07e2600, 0x00007f07e0f10000)
 Metaspace       used 24239K, capacity 24642K, committed 24832K, reserved 26624K
}
Event: 10274.421 GC heap after
{Heap after GC invocations=8333 (full 4):
 def new generation   total 2914048K, used 25635K [0x00007f0100600000, 0x00007f01c5ff0000, 0x00007f0655b50000)
  eden space 2590272K,   0% used [0x00007f0100600000, 0x00007f0100600000, 0x00007f019e790000)
  from space 323776K,   7% used [0x00007f01b23c0000, 0x00007f01b3cc8d98, 0x00007f01c5ff0000)
  to   space 323776K,   0% used [0x00007f019e790000, 0x00007f019e790000, 0x00007f01b23c0000)
 tenured generation   total 6475520K, used 6469846K [0x00007f0655b50000, 0x00007f07e0f10000, 0x00007f1100600000)
   the space 6475520K,  99% used [0x00007f0655b50000, 0x00007f07e0985998, 0x00007f07e0985a00, 0x00007f07e0f10000)
 Metaspace       used 24239K, capacity 24642K, committed 24832K, reserved 26624K
}
Event: 10276.926 GC heap before
{Heap before GC invocations=8333 (full 4):
 def new generation   total 2914048K, used 2615907K [0x00007f0100600000, 0x00007f01c5ff0000, 0x00007f0655b50000)
  eden space 2590272K, 100% used [0x00007f0100600000, 0x00007f019e790000, 0x00007f019e790000)
  from space 323776K,   7% used [0x00007f01b23c0000, 0x00007f01b3cc8d98, 0x00007f01c5ff0000)
  to   space 323776K,   0% used [0x00007f019e790000, 0x00007f019e790000, 0x00007f01b23c0000)
 tenured generation   total 6475520K, used 6469846K [0x00007f0655b50000, 0x00007f07e0f10000, 0x00007f1100600000)
   the space 6475520K,  99% used [0x00007f0655b50000, 0x00007f07e0985998, 0x00007f07e0985a00, 0x00007f07e0f10000)
 Metaspace       used 24239K, capacity 24642K, committed 24832K, reserved 26624K
}
Event: 10277.011 GC heap after
{Heap after GC invocations=8334 (full 4):
 def new generation   total 2914048K, used 25638K [0x00007f0100600000, 0x00007f01c5ff0000, 0x00007f0655b50000)
  eden space 2590272K,   0% used [0x00007f0100600000, 0x00007f0100600000, 0x00007f019e790000)
  from space 323776K,   7% used [0x00007f019e790000, 0x00007f01a0099a78, 0x00007f01b23c0000)
  to   space 323776K,   0% used [0x00007f01b23c0000, 0x00007f01b23c0000, 0x00007f01c5ff0000)
 tenured generation   total 6475520K, used 6471555K [0x00007f0655b50000, 0x00007f07e0f10000, 0x00007f1100600000)
   the space 6475520K,  99% used [0x00007f0655b50000, 0x00007f07e0b30f90, 0x00007f07e0b31000, 0x00007f07e0f10000)
 Metaspace       used 24239K, capacity 24642K, committed 24832K, reserved 26624K
}
Event: 10279.549 GC heap before
{Heap before GC invocations=8334 (full 4):
 def new generation   total 2914048K, used 2615910K [0x00007f0100600000, 0x00007f01c5ff0000, 0x00007f0655b50000)
  eden space 2590272K, 100% used [0x00007f0100600000, 0x00007f019e790000, 0x00007f019e790000)
  from space 323776K,   7% used [0x00007f019e790000, 0x00007f01a0099a78, 0x00007f01b23c0000)
  to   space 323776K,   0% used [0x00007f01b23c0000, 0x00007f01b23c0000, 0x00007f01c5ff0000)
 tenured generation   total 6475520K, used 6471555K [0x00007f0655b50000, 0x00007f07e0f10000, 0x00007f1100600000)
   the space 6475520K,  99% used [0x00007f0655b50000, 0x00007f07e0b30f90, 0x00007f07e0b31000, 0x00007f07e0f10000)
 Metaspace       used 24239K, capacity 24642K, committed 24832K, reserved 26624K
}
Event: 10279.626 GC heap after
{Heap after GC invocations=8335 (full 4):
 def new generation   total 2914048K, used 25640K [0x00007f0100600000, 0x00007f01c5ff0000, 0x00007f0655b50000)
  eden space 2590272K,   0% used [0x00007f0100600000, 0x00007f0100600000, 0x00007f019e790000)
  from space 323776K,   7% used [0x00007f01b23c0000, 0x00007f01b3cca198, 0x00007f01c5ff0000)
  to   space 323776K,   0% used [0x00007f019e790000, 0x00007f019e790000, 0x00007f01b23c0000)
 tenured generation   total 6475520K, used 6473265K [0x00007f0655b50000, 0x00007f07e0f10000, 0x00007f1100600000)
   the space 6475520K,  99% used [0x00007f0655b50000, 0x00007f07e0cdc588, 0x00007f07e0cdc600, 0x00007f07e0f10000)
 Metaspace       used 24239K, capacity 24642K, committed 24832K, reserved 26624K
}
Event: 10282.026 GC heap before
{Heap before GC invocations=8335 (full 4):
 def new generation   total 2914048K, used 2615912K [0x00007f0100600000, 0x00007f01c5ff0000, 0x00007f0655b50000)
  eden space 2590272K, 100% used [0x00007f0100600000, 0x00007f019e790000, 0x00007f019e790000)
  from space 323776K,   7% used [0x00007f01b23c0000, 0x00007f01b3cca198, 0x00007f01c5ff0000)
  to   space 323776K,   0% used [0x00007f019e790000, 0x00007f019e790000, 0x00007f01b23c0000)
 tenured generation   total 6475520K, used 6473265K [0x00007f0655b50000, 0x00007f07e0f10000, 0x00007f1100600000)
   the space 6475520K,  99% used [0x00007f0655b50000, 0x00007f07e0cdc588, 0x00007f07e0cdc600, 0x00007f07e0f10000)
 Metaspace       used 24239K, capacity 24642K, committed 24832K, reserved 26624K
}
Event: 10282.098 GC heap after
{Heap after GC invocations=8336 (full 4):
 def new generation   total 2914048K, used 25638K [0x00007f0100600000, 0x00007f01c5ff0000, 0x00007f0655b50000)
  eden space 2590272K,   0% used [0x00007f0100600000, 0x00007f0100600000, 0x00007f019e790000)
  from space 323776K,   7% used [0x00007f019e790000, 0x00007f01a0099840, 0x00007f01b23c0000)
  to   space 323776K,   0% used [0x00007f01b23c0000, 0x00007f01b23c0000, 0x00007f01c5ff0000)
 tenured generation   total 6475520K, used 6474979K [0x00007f0655b50000, 0x00007f07e0f10000, 0x00007f1100600000)
   the space 6475520K,  99% used [0x00007f0655b50000, 0x00007f07e0e88cc0, 0x00007f07e0e88e00, 0x00007f07e0f10000)
 Metaspace       used 24239K, capacity 24642K, committed 24832K, reserved 26624K
}
Event: 10284.691 GC heap before
{Heap before GC invocations=8336 (full 4):
 def new generation   total 2914048K, used 2615910K [0x00007f0100600000, 0x00007f01c5ff0000, 0x00007f0655b50000)
  eden space 2590272K, 100% used [0x00007f0100600000, 0x00007f019e790000, 0x00007f019e790000)
  from space 323776K,   7% used [0x00007f019e790000, 0x00007f01a0099840, 0x00007f01b23c0000)
  to   space 323776K,   0% used [0x00007f01b23c0000, 0x00007f01b23c0000, 0x00007f01c5ff0000)
 tenured generation   total 6475520K, used 6474979K [0x00007f0655b50000, 0x00007f07e0f10000, 0x00007f1100600000)
   the space 6475520K,  99% used [0x00007f0655b50000, 0x00007f07e0e88cc0, 0x00007f07e0e88e00, 0x00007f07e0f10000)
 Metaspace       used 24239K, capacity 24642K, committed 24832K, reserved 26624K
}
Event: 10284.769 GC heap after
{Heap after GC invocations=8337 (full 4):
 def new generation   total 2914048K, used 25612K [0x00007f0100600000, 0x00007f01c5ff0000, 0x00007f0655b50000)
  eden space 2590272K,   0% used [0x00007f0100600000, 0x00007f0100600000, 0x00007f019e790000)
  from space 323776K,   7% used [0x00007f01b23c0000, 0x00007f01b3cc30d8, 0x00007f01c5ff0000)
  to   space 323776K,   0% used [0x00007f019e790000, 0x00007f019e790000, 0x00007f01b23c0000)
 tenured generation   total 6476864K, used 6476688K [0x00007f0655b50000, 0x00007f07e1060000, 0x00007f1100600000)
   the space 6476864K,  99% used [0x00007f0655b50000, 0x00007f07e10342b8, 0x00007f07e1034400, 0x00007f07e1060000)
 Metaspace       used 24239K, capacity 24642K, committed 24832K, reserved 26624K
}
Event: 10284.769 GC heap before
{Heap before GC invocations=8337 (full 4):
 def new generation   total 2914048K, used 25612K [0x00007f0100600000, 0x00007f01c5ff0000, 0x00007f0655b50000)
  eden space 2590272K,   0% used [0x00007f0100600000, 0x00007f0100600000, 0x00007f019e790000)
  from space 323776K,   7% used [0x00007f01b23c0000, 0x00007f01b3cc30d8, 0x00007f01c5ff0000)
  to   space 323776K,   0% used [0x00007f019e790000, 0x00007f019e790000, 0x00007f01b23c0000)
 tenured generation   total 6476864K, used 6476688K [0x00007f0655b50000, 0x00007f07e1060000, 0x00007f1100600000)
   the space 6476864K,  99% used [0x00007f0655b50000, 0x00007f07e10342b8, 0x00007f07e1034400, 0x00007f07e1060000)
 Metaspace       used 24239K, capacity 24642K, committed 24832K, reserved 26624K
}

