# JRE version: OpenJDK Runtime Environment (13.0.7+5) (build 13.0.7+5-Ubuntu-0ubuntu120.04)
# Java VM: OpenJDK 64-Bit Server VM (13.0.7+5-Ubuntu-0ubuntu120.04, mixed mode, tiered, serial gc, linux-amd64)
Heap:
 def new generation   total 2917312K, used 50354K [0x00007f860c600000, 0x00007f86d2370000, 0x00007f8b61b50000)
  eden space 2593216K,   1% used [0x00007f860c600000, 0x00007f860f72ca50, 0x00007f86aaa70000)
  from space 324096K,   0% used [0x00007f86aaa70000, 0x00007f86aaa70000, 0x00007f86be6f0000)
  to   space 324096K,   0% used [0x00007f86be6f0000, 0x00007f86be6f0000, 0x00007f86d2370000)
 tenured generation   total 6489252K, used 6489251K [0x00007f8b61b50000, 0x00007f8cedc79000, 0x00007f960c600000)
   the space 6489252K,  99% used [0x00007f8b61b50000, 0x00007f8cedc78fd0, 0x00007f8cedc79000, 0x00007f8cedc79000)
 Metaspace       used 24298K, capacity 24725K, committed 24832K, reserved 26624K
GC Heap History (20 events):
Event: 2242.553 GC heap after
{Heap after GC invocations=3312 (full 4):
 def new generation   total 2917312K, used 79736K [0x00007f860c600000, 0x00007f86d2370000, 0x00007f8b61b50000)
  eden space 2593216K,   0% used [0x00007f860c600000, 0x00007f860c600000, 0x00007f86aaa70000)
  from space 324096K,  24% used [0x00007f86be6f0000, 0x00007f86c34ce148, 0x00007f86d2370000)
  to   space 324096K,   0% used [0x00007f86aaa70000, 0x00007f86aaa70000, 0x00007f86be6f0000)
 tenured generation   total 6482724K, used 6431742K [0x00007f8b61b50000, 0x00007f8ced619000, 0x00007f960c600000)
   the space 6482724K,  99% used [0x00007f8b61b50000, 0x00007f8cea44fa48, 0x00007f8cea44fc00, 0x00007f8ced619000)
 Metaspace       used 24298K, capacity 24725K, committed 24832K, reserved 26624K
}
Event: 2243.947 GC heap before
{Heap before GC invocations=3312 (full 4):
 def new generation   total 2917312K, used 2672952K [0x00007f860c600000, 0x00007f86d2370000, 0x00007f8b61b50000)
  eden space 2593216K, 100% used [0x00007f860c600000, 0x00007f86aaa70000, 0x00007f86aaa70000)
  from space 324096K,  24% used [0x00007f86be6f0000, 0x00007f86c34ce148, 0x00007f86d2370000)
  to   space 324096K,   0% used [0x00007f86aaa70000, 0x00007f86aaa70000, 0x00007f86be6f0000)
 tenured generation   total 6482724K, used 6431742K [0x00007f8b61b50000, 0x00007f8ced619000, 0x00007f960c600000)
   the space 6482724K,  99% used [0x00007f8b61b50000, 0x00007f8cea44fa48, 0x00007f8cea44fc00, 0x00007f8ced619000)
 Metaspace       used 24298K, capacity 24725K, committed 24832K, reserved 26624K
}
Event: 2244.041 GC heap after
{Heap after GC invocations=3313 (full 4):
 def new generation   total 2917312K, used 76570K [0x00007f860c600000, 0x00007f86d2370000, 0x00007f8b61b50000)
  eden space 2593216K,   0% used [0x00007f860c600000, 0x00007f860c600000, 0x00007f86aaa70000)
  from space 324096K,  23% used [0x00007f86aaa70000, 0x00007f86af536848, 0x00007f86be6f0000)
  to   space 324096K,   0% used [0x00007f86be6f0000, 0x00007f86be6f0000, 0x00007f86d2370000)
 tenured generation   total 6482724K, used 6438019K [0x00007f8b61b50000, 0x00007f8ced619000, 0x00007f960c600000)
   the space 6482724K,  99% used [0x00007f8b61b50000, 0x00007f8ceaa70c98, 0x00007f8ceaa70e00, 0x00007f8ced619000)
 Metaspace       used 24298K, capacity 24725K, committed 24832K, reserved 26624K
}
Event: 2245.458 GC heap before
{Heap before GC invocations=3313 (full 4):
 def new generation   total 2917312K, used 2669786K [0x00007f860c600000, 0x00007f86d2370000, 0x00007f8b61b50000)
  eden space 2593216K, 100% used [0x00007f860c600000, 0x00007f86aaa70000, 0x00007f86aaa70000)
  from space 324096K,  23% used [0x00007f86aaa70000, 0x00007f86af536848, 0x00007f86be6f0000)
  to   space 324096K,   0% used [0x00007f86be6f0000, 0x00007f86be6f0000, 0x00007f86d2370000)
 tenured generation   total 6482724K, used 6438019K [0x00007f8b61b50000, 0x00007f8ced619000, 0x00007f960c600000)
   the space 6482724K,  99% used [0x00007f8b61b50000, 0x00007f8ceaa70c98, 0x00007f8ceaa70e00, 0x00007f8ced619000)
 Metaspace       used 24298K, capacity 24725K, committed 24832K, reserved 26624K
}
Event: 2245.561 GC heap after
{Heap after GC invocations=3314 (full 4):
 def new generation   total 2917312K, used 71134K [0x00007f860c600000, 0x00007f86d2370000, 0x00007f8b61b50000)
  eden space 2593216K,   0% used [0x00007f860c600000, 0x00007f860c600000, 0x00007f86aaa70000)
  from space 324096K,  21% used [0x00007f86be6f0000, 0x00007f86c2c679b8, 0x00007f86d2370000)
  to   space 324096K,   0% used [0x00007f86aaa70000, 0x00007f86aaa70000, 0x00007f86be6f0000)
 tenured generation   total 6482724K, used 6446621K [0x00007f8b61b50000, 0x00007f8ced619000, 0x00007f960c600000)
   the space 6482724K,  99% used [0x00007f8b61b50000, 0x00007f8ceb2d7538, 0x00007f8ceb2d7600, 0x00007f8ced619000)
 Metaspace       used 24298K, capacity 24725K, committed 24832K, reserved 26624K
}
Event: 2246.986 GC heap before
{Heap before GC invocations=3314 (full 4):
 def new generation   total 2917312K, used 2664350K [0x00007f860c600000, 0x00007f86d2370000, 0x00007f8b61b50000)
  eden space 2593216K, 100% used [0x00007f860c600000, 0x00007f86aaa70000, 0x00007f86aaa70000)
  from space 324096K,  21% used [0x00007f86be6f0000, 0x00007f86c2c679b8, 0x00007f86d2370000)
  to   space 324096K,   0% used [0x00007f86aaa70000, 0x00007f86aaa70000, 0x00007f86be6f0000)
 tenured generation   total 6482724K, used 6446621K [0x00007f8b61b50000, 0x00007f8ced619000, 0x00007f960c600000)
   the space 6482724K,  99% used [0x00007f8b61b50000, 0x00007f8ceb2d7538, 0x00007f8ceb2d7600, 0x00007f8ced619000)
 Metaspace       used 24298K, capacity 24725K, committed 24832K, reserved 26624K
}
Event: 2247.063 GC heap after
{Heap after GC invocations=3315 (full 4):
 def new generation   total 2917312K, used 71377K [0x00007f860c600000, 0x00007f86d2370000, 0x00007f8b61b50000)
  eden space 2593216K,   0% used [0x00007f860c600000, 0x00007f860c600000, 0x00007f86aaa70000)
  from space 324096K,  22% used [0x00007f86aaa70000, 0x00007f86af024730, 0x00007f86be6f0000)
  to   space 324096K,   0% used [0x00007f86be6f0000, 0x00007f86be6f0000, 0x00007f86d2370000)
 tenured generation   total 6482724K, used 6449558K [0x00007f8b61b50000, 0x00007f8ced619000, 0x00007f960c600000)
   the space 6482724K,  99% used [0x00007f8b61b50000, 0x00007f8ceb5b5be8, 0x00007f8ceb5b5c00, 0x00007f8ced619000)
 Metaspace       used 24298K, capacity 24725K, committed 24832K, reserved 26624K
}
Event: 2248.442 GC heap before
{Heap before GC invocations=3315 (full 4):
 def new generation   total 2917312K, used 2664593K [0x00007f860c600000, 0x00007f86d2370000, 0x00007f8b61b50000)
  eden space 2593216K, 100% used [0x00007f860c600000, 0x00007f86aaa70000, 0x00007f86aaa70000)
  from space 324096K,  22% used [0x00007f86aaa70000, 0x00007f86af024730, 0x00007f86be6f0000)
  to   space 324096K,   0% used [0x00007f86be6f0000, 0x00007f86be6f0000, 0x00007f86d2370000)
 tenured generation   total 6482724K, used 6449558K [0x00007f8b61b50000, 0x00007f8ced619000, 0x00007f960c600000)
   the space 6482724K,  99% used [0x00007f8b61b50000, 0x00007f8ceb5b5be8, 0x00007f8ceb5b5c00, 0x00007f8ced619000)
 Metaspace       used 24298K, capacity 24725K, committed 24832K, reserved 26624K
}
Event: 2248.538 GC heap after
{Heap after GC invocations=3316 (full 4):
 def new generation   total 2917312K, used 67799K [0x00007f860c600000, 0x00007f86d2370000, 0x00007f8b61b50000)
  eden space 2593216K,   0% used [0x00007f860c600000, 0x00007f860c600000, 0x00007f86aaa70000)
  from space 324096K,  20% used [0x00007f86be6f0000, 0x00007f86c2925da0, 0x00007f86d2370000)
  to   space 324096K,   0% used [0x00007f86aaa70000, 0x00007f86aaa70000, 0x00007f86be6f0000)
 tenured generation   total 6482724K, used 6456280K [0x00007f8b61b50000, 0x00007f8ced619000, 0x00007f960c600000)
   the space 6482724K,  99% used [0x00007f8b61b50000, 0x00007f8cebc46278, 0x00007f8cebc46400, 0x00007f8ced619000)
 Metaspace       used 24298K, capacity 24725K, committed 24832K, reserved 26624K
}
Event: 2249.957 GC heap before
{Heap before GC invocations=3316 (full 4):
 def new generation   total 2917312K, used 2661015K [0x00007f860c600000, 0x00007f86d2370000, 0x00007f8b61b50000)
  eden space 2593216K, 100% used [0x00007f860c600000, 0x00007f86aaa70000, 0x00007f86aaa70000)
  from space 324096K,  20% used [0x00007f86be6f0000, 0x00007f86c2925da0, 0x00007f86d2370000)
  to   space 324096K,   0% used [0x00007f86aaa70000, 0x00007f86aaa70000, 0x00007f86be6f0000)
 tenured generation   total 6482724K, used 6456280K [0x00007f8b61b50000, 0x00007f8ced619000, 0x00007f960c600000)
   the space 6482724K,  99% used [0x00007f8b61b50000, 0x00007f8cebc46278, 0x00007f8cebc46400, 0x00007f8ced619000)
 Metaspace       used 24298K, capacity 24725K, committed 24832K, reserved 26624K
}
Event: 2250.033 GC heap after
{Heap after GC invocations=3317 (full 4):
 def new generation   total 2917312K, used 63892K [0x00007f860c600000, 0x00007f86d2370000, 0x00007f8b61b50000)
  eden space 2593216K,   0% used [0x00007f860c600000, 0x00007f860c600000, 0x00007f86aaa70000)
  from space 324096K,  19% used [0x00007f86aaa70000, 0x00007f86ae8d50f0, 0x00007f86be6f0000)
  to   space 324096K,   0% used [0x00007f86be6f0000, 0x00007f86be6f0000, 0x00007f86d2370000)
 tenured generation   total 6482724K, used 6463324K [0x00007f8b61b50000, 0x00007f8ced619000, 0x00007f960c600000)
   the space 6482724K,  99% used [0x00007f8b61b50000, 0x00007f8cec327228, 0x00007f8cec327400, 0x00007f8ced619000)
 Metaspace       used 24298K, capacity 24725K, committed 24832K, reserved 26624K
}
Event: 2251.438 GC heap before
{Heap before GC invocations=3317 (full 4):
 def new generation   total 2917312K, used 2657108K [0x00007f860c600000, 0x00007f86d2370000, 0x00007f8b61b50000)
  eden space 2593216K, 100% used [0x00007f860c600000, 0x00007f86aaa70000, 0x00007f86aaa70000)
  from space 324096K,  19% used [0x00007f86aaa70000, 0x00007f86ae8d50f0, 0x00007f86be6f0000)
  to   space 324096K,   0% used [0x00007f86be6f0000, 0x00007f86be6f0000, 0x00007f86d2370000)
 tenured generation   total 6482724K, used 6463324K [0x00007f8b61b50000, 0x00007f8ced619000, 0x00007f960c600000)
   the space 6482724K,  99% used [0x00007f8b61b50000, 0x00007f8cec327228, 0x00007f8cec327400, 0x00007f8ced619000)
 Metaspace       used 24298K, capacity 24725K, committed 24832K, reserved 26624K
}
Event: 2251.515 GC heap after
{Heap after GC invocations=3318 (full 4):
 def new generation   total 2917312K, used 62708K [0x00007f860c600000, 0x00007f86d2370000, 0x00007f8b61b50000)
  eden space 2593216K,   0% used [0x00007f860c600000, 0x00007f860c600000, 0x00007f86aaa70000)
  from space 324096K,  19% used [0x00007f86be6f0000, 0x00007f86c242d1f8, 0x00007f86d2370000)
  to   space 324096K,   0% used [0x00007f86aaa70000, 0x00007f86aaa70000, 0x00007f86be6f0000)
 tenured generation   total 6482724K, used 6467438K [0x00007f8b61b50000, 0x00007f8ced619000, 0x00007f960c600000)
   the space 6482724K,  99% used [0x00007f8b61b50000, 0x00007f8cec72ba68, 0x00007f8cec72bc00, 0x00007f8ced619000)
 Metaspace       used 24298K, capacity 24725K, committed 24832K, reserved 26624K
}
Event: 2252.876 GC heap before
{Heap before GC invocations=3318 (full 4):
 def new generation   total 2917312K, used 2655924K [0x00007f860c600000, 0x00007f86d2370000, 0x00007f8b61b50000)
  eden space 2593216K, 100% used [0x00007f860c600000, 0x00007f86aaa70000, 0x00007f86aaa70000)
  from space 324096K,  19% used [0x00007f86be6f0000, 0x00007f86c242d1f8, 0x00007f86d2370000)
  to   space 324096K,   0% used [0x00007f86aaa70000, 0x00007f86aaa70000, 0x00007f86be6f0000)
 tenured generation   total 6482724K, used 6467438K [0x00007f8b61b50000, 0x00007f8ced619000, 0x00007f960c600000)
   the space 6482724K,  99% used [0x00007f8b61b50000, 0x00007f8cec72ba68, 0x00007f8cec72bc00, 0x00007f8ced619000)
 Metaspace       used 24298K, capacity 24725K, committed 24832K, reserved 26624K
}
Event: 2252.944 GC heap after
{Heap after GC invocations=3319 (full 4):
 def new generation   total 2917312K, used 57113K [0x00007f860c600000, 0x00007f86d2370000, 0x00007f8b61b50000)
  eden space 2593216K,   0% used [0x00007f860c600000, 0x00007f860c600000, 0x00007f86aaa70000)
  from space 324096K,  17% used [0x00007f86aaa70000, 0x00007f86ae2365e8, 0x00007f86be6f0000)
  to   space 324096K,   0% used [0x00007f86be6f0000, 0x00007f86be6f0000, 0x00007f86d2370000)
 tenured generation   total 6482724K, used 6476168K [0x00007f8b61b50000, 0x00007f8ced619000, 0x00007f960c600000)
   the space 6482724K,  99% used [0x00007f8b61b50000, 0x00007f8cecfb2070, 0x00007f8cecfb2200, 0x00007f8ced619000)
 Metaspace       used 24298K, capacity 24725K, committed 24832K, reserved 26624K
}
Event: 2254.336 GC heap before
{Heap before GC invocations=3319 (full 4):
 def new generation   total 2917312K, used 2650329K [0x00007f860c600000, 0x00007f86d2370000, 0x00007f8b61b50000)
  eden space 2593216K, 100% used [0x00007f860c600000, 0x00007f86aaa70000, 0x00007f86aaa70000)
  from space 324096K,  17% used [0x00007f86aaa70000, 0x00007f86ae2365e8, 0x00007f86be6f0000)
  to   space 324096K,   0% used [0x00007f86be6f0000, 0x00007f86be6f0000, 0x00007f86d2370000)
 tenured generation   total 6482724K, used 6476168K [0x00007f8b61b50000, 0x00007f8ced619000, 0x00007f960c600000)
   the space 6482724K,  99% used [0x00007f8b61b50000, 0x00007f8cecfb2070, 0x00007f8cecfb2200, 0x00007f8ced619000)
 Metaspace       used 24298K, capacity 24725K, committed 24832K, reserved 26624K
}
Event: 2254.401 GC heap after
{Heap after GC invocations=3320 (full 4):
 def new generation   total 2917312K, used 55654K [0x00007f860c600000, 0x00007f86d2370000, 0x00007f8b61b50000)
  eden space 2593216K,   0% used [0x00007f860c600000, 0x00007f860c600000, 0x00007f86aaa70000)
  from space 324096K,  17% used [0x00007f86be6f0000, 0x00007f86c1d498a0, 0x00007f86d2370000)
  to   space 324096K,   0% used [0x00007f86aaa70000, 0x00007f86aaa70000, 0x00007f86be6f0000)
 tenured generation   total 6482724K, used 6480790K [0x00007f8b61b50000, 0x00007f8ced619000, 0x00007f960c600000)
   the space 6482724K,  99% used [0x00007f8b61b50000, 0x00007f8ced435b20, 0x00007f8ced435c00, 0x00007f8ced619000)
 Metaspace       used 24298K, capacity 24725K, committed 24832K, reserved 26624K
}
Event: 2255.796 GC heap before
{Heap before GC invocations=3320 (full 4):
 def new generation   total 2917312K, used 2648870K [0x00007f860c600000, 0x00007f86d2370000, 0x00007f8b61b50000)
  eden space 2593216K, 100% used [0x00007f860c600000, 0x00007f86aaa70000, 0x00007f86aaa70000)
  from space 324096K,  17% used [0x00007f86be6f0000, 0x00007f86c1d498a0, 0x00007f86d2370000)
  to   space 324096K,   0% used [0x00007f86aaa70000, 0x00007f86aaa70000, 0x00007f86be6f0000)
 tenured generation   total 6482724K, used 6480790K [0x00007f8b61b50000, 0x00007f8ced619000, 0x00007f960c600000)
   the space 6482724K,  99% used [0x00007f8b61b50000, 0x00007f8ced435b20, 0x00007f8ced435c00, 0x00007f8ced619000)
 Metaspace       used 24298K, capacity 24725K, committed 24832K, reserved 26624K
}
Event: 2255.868 GC heap after
{Heap after GC invocations=3321 (full 4):
 def new generation   total 2917312K, used 50376K [0x00007f860c600000, 0x00007f86d2370000, 0x00007f8b61b50000)
  eden space 2593216K,   0% used [0x00007f860c600000, 0x00007f860c600000, 0x00007f86aaa70000)
  from space 324096K,  15% used [0x00007f86aaa70000, 0x00007f86adba2330, 0x00007f86be6f0000)
  to   space 324096K,   0% used [0x00007f86be6f0000, 0x00007f86be6f0000, 0x00007f86d2370000)
 tenured generation   total 6489252K, used 6489229K [0x00007f8b61b50000, 0x00007f8cedc79000, 0x00007f960c600000)
   the space 6489252K,  99% used [0x00007f8b61b50000, 0x00007f8cedc736f0, 0x00007f8cedc73800, 0x00007f8cedc79000)
 Metaspace       used 24298K, capacity 24725K, committed 24832K, reserved 26624K
}
Event: 2255.868 GC heap before
{Heap before GC invocations=3321 (full 4):
 def new generation   total 2917312K, used 50376K [0x00007f860c600000, 0x00007f86d2370000, 0x00007f8b61b50000)
  eden space 2593216K,   0% used [0x00007f860c600000, 0x00007f860c600000, 0x00007f86aaa70000)
  from space 324096K,  15% used [0x00007f86aaa70000, 0x00007f86adba2330, 0x00007f86be6f0000)
  to   space 324096K,   0% used [0x00007f86be6f0000, 0x00007f86be6f0000, 0x00007f86d2370000)
 tenured generation   total 6489252K, used 6489229K [0x00007f8b61b50000, 0x00007f8cedc79000, 0x00007f960c600000)
   the space 6489252K,  99% used [0x00007f8b61b50000, 0x00007f8cedc736f0, 0x00007f8cedc73800, 0x00007f8cedc79000)
 Metaspace       used 24298K, capacity 24725K, committed 24832K, reserved 26624K
}

