# JRE version: OpenJDK Runtime Environment (13.0.7+5) (build 13.0.7+5-Ubuntu-0ubuntu120.04)
# Java VM: OpenJDK 64-Bit Server VM (13.0.7+5-Ubuntu-0ubuntu120.04, mixed mode, tiered, serial gc, linux-amd64)
Heap:
 def new generation   total 4859200K, used 72486K [0x00007fbc8c600000, 0x00007fbdd5e90000, 0x00007fc1e1b50000)
  eden space 4319296K,   1% used [0x00007fbc8c600000, 0x00007fbc90cc9ac8, 0x00007fbd94010000)
  from space 539904K,   0% used [0x00007fbdb4f50000, 0x00007fbdb4f50000, 0x00007fbdd5e90000)
  to   space 539904K,   0% used [0x00007fbd94010000, 0x00007fbd94010000, 0x00007fbdb4f50000)
 tenured generation   total 10799524K, used 10799523K [0x00007fc1e1b50000, 0x00007fc474db9000, 0x00007fcc8c600000)
   the space 10799524K,  99% used [0x00007fc1e1b50000, 0x00007fc474db8fd0, 0x00007fc474db9000, 0x00007fc474db9000)
 Metaspace       used 24296K, capacity 24710K, committed 24832K, reserved 26624K
GC Heap History (20 events):
Event: 7409.115 GC heap after
{Heap after GC invocations=5820 (full 5):
 def new generation   total 4859200K, used 72535K [0x00007fbc8c600000, 0x00007fbdd5e90000, 0x00007fc1e1b50000)
  eden space 4319296K,   0% used [0x00007fbc8c600000, 0x00007fbc8c600000, 0x00007fbd94010000)
  from space 539904K,  13% used [0x00007fbd94010000, 0x00007fbd986e5f28, 0x00007fbdb4f50000)
  to   space 539904K,   0% used [0x00007fbdb4f50000, 0x00007fbdb4f50000, 0x00007fbdd5e90000)
 tenured generation   total 10798180K, used 10755928K [0x00007fc1e1b50000, 0x00007fc474c69000, 0x00007fcc8c600000)
   the space 10798180K,  99% used [0x00007fc1e1b50000, 0x00007fc472326178, 0x00007fc472326200, 0x00007fc474c69000)
 Metaspace       used 24296K, capacity 24710K, committed 24832K, reserved 26624K
}
Event: 7412.482 GC heap before
{Heap before GC invocations=5820 (full 5):
 def new generation   total 4859200K, used 4391831K [0x00007fbc8c600000, 0x00007fbdd5e90000, 0x00007fc1e1b50000)
  eden space 4319296K, 100% used [0x00007fbc8c600000, 0x00007fbd94010000, 0x00007fbd94010000)
  from space 539904K,  13% used [0x00007fbd94010000, 0x00007fbd986e5f28, 0x00007fbdb4f50000)
  to   space 539904K,   0% used [0x00007fbdb4f50000, 0x00007fbdb4f50000, 0x00007fbdd5e90000)
 tenured generation   total 10798180K, used 10755928K [0x00007fc1e1b50000, 0x00007fc474c69000, 0x00007fcc8c600000)
   the space 10798180K,  99% used [0x00007fc1e1b50000, 0x00007fc472326178, 0x00007fc472326200, 0x00007fc474c69000)
 Metaspace       used 24296K, capacity 24710K, committed 24832K, reserved 26624K
}
Event: 7412.617 GC heap after
{Heap after GC invocations=5821 (full 5):
 def new generation   total 4859200K, used 72547K [0x00007fbc8c600000, 0x00007fbdd5e90000, 0x00007fc1e1b50000)
  eden space 4319296K,   0% used [0x00007fbc8c600000, 0x00007fbc8c600000, 0x00007fbd94010000)
  from space 539904K,  13% used [0x00007fbdb4f50000, 0x00007fbdb9628f78, 0x00007fbdd5e90000)
  to   space 539904K,   0% used [0x00007fbd94010000, 0x00007fbd94010000, 0x00007fbdb4f50000)
 tenured generation   total 10798180K, used 10760882K [0x00007fc1e1b50000, 0x00007fc474c69000, 0x00007fcc8c600000)
   the space 10798180K,  99% used [0x00007fc1e1b50000, 0x00007fc4727fc900, 0x00007fc4727fca00, 0x00007fc474c69000)
 Metaspace       used 24296K, capacity 24710K, committed 24832K, reserved 26624K
}
Event: 7415.911 GC heap before
{Heap before GC invocations=5821 (full 5):
 def new generation   total 4859200K, used 4391843K [0x00007fbc8c600000, 0x00007fbdd5e90000, 0x00007fc1e1b50000)
  eden space 4319296K, 100% used [0x00007fbc8c600000, 0x00007fbd94010000, 0x00007fbd94010000)
  from space 539904K,  13% used [0x00007fbdb4f50000, 0x00007fbdb9628f78, 0x00007fbdd5e90000)
  to   space 539904K,   0% used [0x00007fbd94010000, 0x00007fbd94010000, 0x00007fbdb4f50000)
 tenured generation   total 10798180K, used 10760882K [0x00007fc1e1b50000, 0x00007fc474c69000, 0x00007fcc8c600000)
   the space 10798180K,  99% used [0x00007fc1e1b50000, 0x00007fc4727fc900, 0x00007fc4727fca00, 0x00007fc474c69000)
 Metaspace       used 24296K, capacity 24710K, committed 24832K, reserved 26624K
}
Event: 7416.050 GC heap after
{Heap after GC invocations=5822 (full 5):
 def new generation   total 4859200K, used 72678K [0x00007fbc8c600000, 0x00007fbdd5e90000, 0x00007fc1e1b50000)
  eden space 4319296K,   0% used [0x00007fbc8c600000, 0x00007fbc8c600000, 0x00007fbd94010000)
  from space 539904K,  13% used [0x00007fbd94010000, 0x00007fbd98709948, 0x00007fbdb4f50000)
  to   space 539904K,   0% used [0x00007fbdb4f50000, 0x00007fbdb4f50000, 0x00007fbdd5e90000)
 tenured generation   total 10798180K, used 10765374K [0x00007fc1e1b50000, 0x00007fc474c69000, 0x00007fcc8c600000)
   the space 10798180K,  99% used [0x00007fc1e1b50000, 0x00007fc472c5fb88, 0x00007fc472c5fc00, 0x00007fc474c69000)
 Metaspace       used 24296K, capacity 24710K, committed 24832K, reserved 26624K
}
Event: 7419.282 GC heap before
{Heap before GC invocations=5822 (full 5):
 def new generation   total 4859200K, used 4391974K [0x00007fbc8c600000, 0x00007fbdd5e90000, 0x00007fc1e1b50000)
  eden space 4319296K, 100% used [0x00007fbc8c600000, 0x00007fbd94010000, 0x00007fbd94010000)
  from space 539904K,  13% used [0x00007fbd94010000, 0x00007fbd98709948, 0x00007fbdb4f50000)
  to   space 539904K,   0% used [0x00007fbdb4f50000, 0x00007fbdb4f50000, 0x00007fbdd5e90000)
 tenured generation   total 10798180K, used 10765374K [0x00007fc1e1b50000, 0x00007fc474c69000, 0x00007fcc8c600000)
   the space 10798180K,  99% used [0x00007fc1e1b50000, 0x00007fc472c5fb88, 0x00007fc472c5fc00, 0x00007fc474c69000)
 Metaspace       used 24296K, capacity 24710K, committed 24832K, reserved 26624K
}
Event: 7419.429 GC heap after
{Heap after GC invocations=5823 (full 5):
 def new generation   total 4859200K, used 72678K [0x00007fbc8c600000, 0x00007fbdd5e90000, 0x00007fc1e1b50000)
  eden space 4319296K,   0% used [0x00007fbc8c600000, 0x00007fbc8c600000, 0x00007fbd94010000)
  from space 539904K,  13% used [0x00007fbdb4f50000, 0x00007fbdb9649928, 0x00007fbdd5e90000)
  to   space 539904K,   0% used [0x00007fbd94010000, 0x00007fbd94010000, 0x00007fbdb4f50000)
 tenured generation   total 10798180K, used 10770295K [0x00007fc1e1b50000, 0x00007fc474c69000, 0x00007fcc8c600000)
   the space 10798180K,  99% used [0x00007fc1e1b50000, 0x00007fc47312ddc8, 0x00007fc47312de00, 0x00007fc474c69000)
 Metaspace       used 24296K, capacity 24710K, committed 24832K, reserved 26624K
}
Event: 7422.724 GC heap before
{Heap before GC invocations=5823 (full 5):
 def new generation   total 4859200K, used 4391974K [0x00007fbc8c600000, 0x00007fbdd5e90000, 0x00007fc1e1b50000)
  eden space 4319296K, 100% used [0x00007fbc8c600000, 0x00007fbd94010000, 0x00007fbd94010000)
  from space 539904K,  13% used [0x00007fbdb4f50000, 0x00007fbdb9649928, 0x00007fbdd5e90000)
  to   space 539904K,   0% used [0x00007fbd94010000, 0x00007fbd94010000, 0x00007fbdb4f50000)
 tenured generation   total 10798180K, used 10770295K [0x00007fc1e1b50000, 0x00007fc474c69000, 0x00007fcc8c600000)
   the space 10798180K,  99% used [0x00007fc1e1b50000, 0x00007fc47312ddc8, 0x00007fc47312de00, 0x00007fc474c69000)
 Metaspace       used 24296K, capacity 24710K, committed 24832K, reserved 26624K
}
Event: 7422.870 GC heap after
{Heap after GC invocations=5824 (full 5):
 def new generation   total 4859200K, used 72697K [0x00007fbc8c600000, 0x00007fbdd5e90000, 0x00007fc1e1b50000)
  eden space 4319296K,   0% used [0x00007fbc8c600000, 0x00007fbc8c600000, 0x00007fbd94010000)
  from space 539904K,  13% used [0x00007fbd94010000, 0x00007fbd9870e428, 0x00007fbdb4f50000)
  to   space 539904K,   0% used [0x00007fbdb4f50000, 0x00007fbdb4f50000, 0x00007fbdd5e90000)
 tenured generation   total 10798180K, used 10775249K [0x00007fc1e1b50000, 0x00007fc474c69000, 0x00007fcc8c600000)
   the space 10798180K,  99% used [0x00007fc1e1b50000, 0x00007fc473604550, 0x00007fc473604600, 0x00007fc474c69000)
 Metaspace       used 24296K, capacity 24710K, committed 24832K, reserved 26624K
}
Event: 7426.194 GC heap before
{Heap before GC invocations=5824 (full 5):
 def new generation   total 4859200K, used 4391993K [0x00007fbc8c600000, 0x00007fbdd5e90000, 0x00007fc1e1b50000)
  eden space 4319296K, 100% used [0x00007fbc8c600000, 0x00007fbd94010000, 0x00007fbd94010000)
  from space 539904K,  13% used [0x00007fbd94010000, 0x00007fbd9870e428, 0x00007fbdb4f50000)
  to   space 539904K,   0% used [0x00007fbdb4f50000, 0x00007fbdb4f50000, 0x00007fbdd5e90000)
 tenured generation   total 10798180K, used 10775249K [0x00007fc1e1b50000, 0x00007fc474c69000, 0x00007fcc8c600000)
   the space 10798180K,  99% used [0x00007fc1e1b50000, 0x00007fc473604550, 0x00007fc473604600, 0x00007fc474c69000)
 Metaspace       used 24296K, capacity 24710K, committed 24832K, reserved 26624K
}
Event: 7426.321 GC heap after
{Heap after GC invocations=5825 (full 5):
 def new generation   total 4859200K, used 72649K [0x00007fbc8c600000, 0x00007fbdd5e90000, 0x00007fc1e1b50000)
  eden space 4319296K,   0% used [0x00007fbc8c600000, 0x00007fbc8c600000, 0x00007fbd94010000)
  from space 539904K,  13% used [0x00007fbdb4f50000, 0x00007fbdb9642638, 0x00007fbdd5e90000)
  to   space 539904K,   0% used [0x00007fbd94010000, 0x00007fbd94010000, 0x00007fbdb4f50000)
 tenured generation   total 10798180K, used 10779941K [0x00007fc1e1b50000, 0x00007fc474c69000, 0x00007fcc8c600000)
   the space 10798180K,  99% used [0x00007fc1e1b50000, 0x00007fc473a99720, 0x00007fc473a99800, 0x00007fc474c69000)
 Metaspace       used 24296K, capacity 24710K, committed 24832K, reserved 26624K
}
Event: 7429.858 GC heap before
{Heap before GC invocations=5825 (full 5):
 def new generation   total 4859200K, used 4391945K [0x00007fbc8c600000, 0x00007fbdd5e90000, 0x00007fc1e1b50000)
  eden space 4319296K, 100% used [0x00007fbc8c600000, 0x00007fbd94010000, 0x00007fbd94010000)
  from space 539904K,  13% used [0x00007fbdb4f50000, 0x00007fbdb9642638, 0x00007fbdd5e90000)
  to   space 539904K,   0% used [0x00007fbd94010000, 0x00007fbd94010000, 0x00007fbdb4f50000)
 tenured generation   total 10798180K, used 10779941K [0x00007fc1e1b50000, 0x00007fc474c69000, 0x00007fcc8c600000)
   the space 10798180K,  99% used [0x00007fc1e1b50000, 0x00007fc473a99720, 0x00007fc473a99800, 0x00007fc474c69000)
 Metaspace       used 24296K, capacity 24710K, committed 24832K, reserved 26624K
}
Event: 7429.990 GC heap after
{Heap after GC invocations=5826 (full 5):
 def new generation   total 4859200K, used 72592K [0x00007fbc8c600000, 0x00007fbdd5e90000, 0x00007fc1e1b50000)
  eden space 4319296K,   0% used [0x00007fbc8c600000, 0x00007fbc8c600000, 0x00007fbd94010000)
  from space 539904K,  13% used [0x00007fbd94010000, 0x00007fbd986f4208, 0x00007fbdb4f50000)
  to   space 539904K,   0% used [0x00007fbdb4f50000, 0x00007fbdb4f50000, 0x00007fbdd5e90000)
 tenured generation   total 10798180K, used 10784862K [0x00007fc1e1b50000, 0x00007fc474c69000, 0x00007fcc8c600000)
   the space 10798180K,  99% used [0x00007fc1e1b50000, 0x00007fc473f67960, 0x00007fc473f67a00, 0x00007fc474c69000)
 Metaspace       used 24296K, capacity 24710K, committed 24832K, reserved 26624K
}
Event: 7433.438 GC heap before
{Heap before GC invocations=5826 (full 5):
 def new generation   total 4859200K, used 4391888K [0x00007fbc8c600000, 0x00007fbdd5e90000, 0x00007fc1e1b50000)
  eden space 4319296K, 100% used [0x00007fbc8c600000, 0x00007fbd94010000, 0x00007fbd94010000)
  from space 539904K,  13% used [0x00007fbd94010000, 0x00007fbd986f4208, 0x00007fbdb4f50000)
  to   space 539904K,   0% used [0x00007fbdb4f50000, 0x00007fbdb4f50000, 0x00007fbdd5e90000)
 tenured generation   total 10798180K, used 10784862K [0x00007fc1e1b50000, 0x00007fc474c69000, 0x00007fcc8c600000)
   the space 10798180K,  99% used [0x00007fc1e1b50000, 0x00007fc473f67960, 0x00007fc473f67a00, 0x00007fc474c69000)
 Metaspace       used 24296K, capacity 24710K, committed 24832K, reserved 26624K
}
Event: 7433.577 GC heap after
{Heap after GC invocations=5827 (full 5):
 def new generation   total 4859200K, used 72590K [0x00007fbc8c600000, 0x00007fbdd5e90000, 0x00007fc1e1b50000)
  eden space 4319296K,   0% used [0x00007fbc8c600000, 0x00007fbc8c600000, 0x00007fbd94010000)
  from space 539904K,  13% used [0x00007fbdb4f50000, 0x00007fbdb9633a28, 0x00007fbdd5e90000)
  to   space 539904K,   0% used [0x00007fbd94010000, 0x00007fbd94010000, 0x00007fbdb4f50000)
 tenured generation   total 10798180K, used 10789787K [0x00007fc1e1b50000, 0x00007fc474c69000, 0x00007fcc8c600000)
   the space 10798180K,  99% used [0x00007fc1e1b50000, 0x00007fc474436ce0, 0x00007fc474436e00, 0x00007fc474c69000)
 Metaspace       used 24296K, capacity 24710K, committed 24832K, reserved 26624K
}
Event: 7437.116 GC heap before
{Heap before GC invocations=5827 (full 5):
 def new generation   total 4859200K, used 4391886K [0x00007fbc8c600000, 0x00007fbdd5e90000, 0x00007fc1e1b50000)
  eden space 4319296K, 100% used [0x00007fbc8c600000, 0x00007fbd94010000, 0x00007fbd94010000)
  from space 539904K,  13% used [0x00007fbdb4f50000, 0x00007fbdb9633a28, 0x00007fbdd5e90000)
  to   space 539904K,   0% used [0x00007fbd94010000, 0x00007fbd94010000, 0x00007fbdb4f50000)
 tenured generation   total 10798180K, used 10789787K [0x00007fc1e1b50000, 0x00007fc474c69000, 0x00007fcc8c600000)
   the space 10798180K,  99% used [0x00007fc1e1b50000, 0x00007fc474436ce0, 0x00007fc474436e00, 0x00007fc474c69000)
 Metaspace       used 24296K, capacity 24710K, committed 24832K, reserved 26624K
}
Event: 7437.241 GC heap after
{Heap after GC invocations=5828 (full 5):
 def new generation   total 4859200K, used 72621K [0x00007fbc8c600000, 0x00007fbdd5e90000, 0x00007fc1e1b50000)
  eden space 4319296K,   0% used [0x00007fbc8c600000, 0x00007fbc8c600000, 0x00007fbd94010000)
  from space 539904K,  13% used [0x00007fbd94010000, 0x00007fbd986fb548, 0x00007fbdb4f50000)
  to   space 539904K,   0% used [0x00007fbdb4f50000, 0x00007fbdb4f50000, 0x00007fbdd5e90000)
 tenured generation   total 10798180K, used 10794479K [0x00007fc1e1b50000, 0x00007fc474c69000, 0x00007fcc8c600000)
   the space 10798180K,  99% used [0x00007fc1e1b50000, 0x00007fc4748cbe20, 0x00007fc4748cc000, 0x00007fc474c69000)
 Metaspace       used 24296K, capacity 24710K, committed 24832K, reserved 26624K
}
Event: 7440.755 GC heap before
{Heap before GC invocations=5828 (full 5):
 def new generation   total 4859200K, used 4391917K [0x00007fbc8c600000, 0x00007fbdd5e90000, 0x00007fc1e1b50000)
  eden space 4319296K, 100% used [0x00007fbc8c600000, 0x00007fbd94010000, 0x00007fbd94010000)
  from space 539904K,  13% used [0x00007fbd94010000, 0x00007fbd986fb548, 0x00007fbdb4f50000)
  to   space 539904K,   0% used [0x00007fbdb4f50000, 0x00007fbdb4f50000, 0x00007fbdd5e90000)
 tenured generation   total 10798180K, used 10794479K [0x00007fc1e1b50000, 0x00007fc474c69000, 0x00007fcc8c600000)
   the space 10798180K,  99% used [0x00007fc1e1b50000, 0x00007fc4748cbe20, 0x00007fc4748cc000, 0x00007fc474c69000)
 Metaspace       used 24296K, capacity 24710K, committed 24832K, reserved 26624K
}
Event: 7440.894 GC heap after
{Heap after GC invocations=5829 (full 5):
 def new generation   total 4859200K, used 72581K [0x00007fbc8c600000, 0x00007fbdd5e90000, 0x00007fc1e1b50000)
  eden space 4319296K,   0% used [0x00007fbc8c600000, 0x00007fbc8c600000, 0x00007fbd94010000)
  from space 539904K,  13% used [0x00007fbdb4f50000, 0x00007fbdb9631630, 0x00007fbdd5e90000)
  to   space 539904K,   0% used [0x00007fbd94010000, 0x00007fbd94010000, 0x00007fbdb4f50000)
 tenured generation   total 10799524K, used 10799429K [0x00007fc1e1b50000, 0x00007fc474db9000, 0x00007fcc8c600000)
   the space 10799524K,  99% used [0x00007fc1e1b50000, 0x00007fc474da1468, 0x00007fc474da1600, 0x00007fc474db9000)
 Metaspace       used 24296K, capacity 24710K, committed 24832K, reserved 26624K
}
Event: 7440.894 GC heap before
{Heap before GC invocations=5829 (full 5):
 def new generation   total 4859200K, used 72581K [0x00007fbc8c600000, 0x00007fbdd5e90000, 0x00007fc1e1b50000)
  eden space 4319296K,   0% used [0x00007fbc8c600000, 0x00007fbc8c600000, 0x00007fbd94010000)
  from space 539904K,  13% used [0x00007fbdb4f50000, 0x00007fbdb9631630, 0x00007fbdd5e90000)
  to   space 539904K,   0% used [0x00007fbd94010000, 0x00007fbd94010000, 0x00007fbdb4f50000)
 tenured generation   total 10799524K, used 10799429K [0x00007fc1e1b50000, 0x00007fc474db9000, 0x00007fcc8c600000)
   the space 10799524K,  99% used [0x00007fc1e1b50000, 0x00007fc474da1468, 0x00007fc474da1600, 0x00007fc474db9000)
 Metaspace       used 24296K, capacity 24710K, committed 24832K, reserved 26624K
}

