# JRE version: OpenJDK Runtime Environment (13.0.7+5) (build 13.0.7+5-Ubuntu-0ubuntu120.04)
# Java VM: OpenJDK 64-Bit Server VM (13.0.7+5-Ubuntu-0ubuntu120.04, mixed mode, tiered, serial gc, linux-amd64)
Heap:
 def new generation   total 2852544K, used 163386K [0x00007f9f8c600000, 0x00007fa04dd30000, 0x00007faa370a0000)
  eden space 2535616K,   6% used [0x00007f9f8c600000, 0x00007f9f9658eab8, 0x00007fa027230000)
  from space 316928K,   0% used [0x00007fa027230000, 0x00007fa027230000, 0x00007fa03a7b0000)
  to   space 316928K,   0% used [0x00007fa03a7b0000, 0x00007fa03a7b0000, 0x00007fa04dd30000)
 tenured generation   total 6355300K, used 6354836K [0x00007faa370a0000, 0x00007fabbaef9000, 0x00007fbf8c600000)
   the space 6355300K,  99% used [0x00007faa370a0000, 0x00007fabbae85018, 0x00007fabbae85200, 0x00007fabbaef9000)
 Metaspace       used 24263K, capacity 24701K, committed 24832K, reserved 26624K
GC Heap History (20 events):
Event: 699.209 GC heap after
{Heap after GC invocations=1468 (full 6):
 def new generation   total 2852544K, used 167522K [0x00007f9f8c600000, 0x00007fa04dd30000, 0x00007faa370a0000)
  eden space 2535616K,   0% used [0x00007f9f8c600000, 0x00007f9f8c600000, 0x00007fa027230000)
  from space 316928K,  52% used [0x00007fa03a7b0000, 0x00007fa044b48818, 0x00007fa04dd30000)
  to   space 316928K,   0% used [0x00007fa027230000, 0x00007fa027230000, 0x00007fa03a7b0000)
 tenured generation   total 6338912K, used 6234040K [0x00007faa370a0000, 0x00007fabb9ef8000, 0x00007fbf8c600000)
   the space 6338912K,  98% used [0x00007faa370a0000, 0x00007fabb388e318, 0x00007fabb388e400, 0x00007fabb9ef8000)
 Metaspace       used 24263K, capacity 24701K, committed 24832K, reserved 26624K
}
Event: 700.261 GC heap before
{Heap before GC invocations=1468 (full 6):
 def new generation   total 2852544K, used 2703138K [0x00007f9f8c600000, 0x00007fa04dd30000, 0x00007faa370a0000)
  eden space 2535616K, 100% used [0x00007f9f8c600000, 0x00007fa027230000, 0x00007fa027230000)
  from space 316928K,  52% used [0x00007fa03a7b0000, 0x00007fa044b48818, 0x00007fa04dd30000)
  to   space 316928K,   0% used [0x00007fa027230000, 0x00007fa027230000, 0x00007fa03a7b0000)
 tenured generation   total 6338912K, used 6234040K [0x00007faa370a0000, 0x00007fabb9ef8000, 0x00007fbf8c600000)
   the space 6338912K,  98% used [0x00007faa370a0000, 0x00007fabb388e318, 0x00007fabb388e400, 0x00007fabb9ef8000)
 Metaspace       used 24263K, capacity 24701K, committed 24832K, reserved 26624K
}
Event: 700.309 GC heap after
{Heap after GC invocations=1469 (full 6):
 def new generation   total 2852544K, used 179830K [0x00007f9f8c600000, 0x00007fa04dd30000, 0x00007faa370a0000)
  eden space 2535616K,   0% used [0x00007f9f8c600000, 0x00007f9f8c600000, 0x00007fa027230000)
  from space 316928K,  56% used [0x00007fa027230000, 0x00007fa0321cdbf0, 0x00007fa03a7b0000)
  to   space 316928K,   0% used [0x00007fa03a7b0000, 0x00007fa03a7b0000, 0x00007fa04dd30000)
 tenured generation   total 6338912K, used 6250999K [0x00007faa370a0000, 0x00007fabb9ef8000, 0x00007fbf8c600000)
   the space 6338912K,  98% used [0x00007faa370a0000, 0x00007fabb491dd70, 0x00007fabb491de00, 0x00007fabb9ef8000)
 Metaspace       used 24263K, capacity 24701K, committed 24832K, reserved 26624K
}
Event: 701.350 GC heap before
{Heap before GC invocations=1469 (full 6):
 def new generation   total 2852544K, used 2715446K [0x00007f9f8c600000, 0x00007fa04dd30000, 0x00007faa370a0000)
  eden space 2535616K, 100% used [0x00007f9f8c600000, 0x00007fa027230000, 0x00007fa027230000)
  from space 316928K,  56% used [0x00007fa027230000, 0x00007fa0321cdbf0, 0x00007fa03a7b0000)
  to   space 316928K,   0% used [0x00007fa03a7b0000, 0x00007fa03a7b0000, 0x00007fa04dd30000)
 tenured generation   total 6338912K, used 6250999K [0x00007faa370a0000, 0x00007fabb9ef8000, 0x00007fbf8c600000)
   the space 6338912K,  98% used [0x00007faa370a0000, 0x00007fabb491dd70, 0x00007fabb491de00, 0x00007fabb9ef8000)
 Metaspace       used 24263K, capacity 24701K, committed 24832K, reserved 26624K
}
Event: 701.405 GC heap after
{Heap after GC invocations=1470 (full 6):
 def new generation   total 2852544K, used 173103K [0x00007f9f8c600000, 0x00007fa04dd30000, 0x00007faa370a0000)
  eden space 2535616K,   0% used [0x00007f9f8c600000, 0x00007f9f8c600000, 0x00007fa027230000)
  from space 316928K,  54% used [0x00007fa03a7b0000, 0x00007fa0450bbdb8, 0x00007fa04dd30000)
  to   space 316928K,   0% used [0x00007fa027230000, 0x00007fa027230000, 0x00007fa03a7b0000)
 tenured generation   total 6338912K, used 6284916K [0x00007faa370a0000, 0x00007fabb9ef8000, 0x00007fbf8c600000)
   the space 6338912K,  99% used [0x00007faa370a0000, 0x00007fabb6a3d220, 0x00007fabb6a3d400, 0x00007fabb9ef8000)
 Metaspace       used 24263K, capacity 24701K, committed 24832K, reserved 26624K
}
Event: 702.499 GC heap before
{Heap before GC invocations=1470 (full 6):
 def new generation   total 2852544K, used 2708719K [0x00007f9f8c600000, 0x00007fa04dd30000, 0x00007faa370a0000)
  eden space 2535616K, 100% used [0x00007f9f8c600000, 0x00007fa027230000, 0x00007fa027230000)
  from space 316928K,  54% used [0x00007fa03a7b0000, 0x00007fa0450bbdb8, 0x00007fa04dd30000)
  to   space 316928K,   0% used [0x00007fa027230000, 0x00007fa027230000, 0x00007fa03a7b0000)
 tenured generation   total 6338912K, used 6284916K [0x00007faa370a0000, 0x00007fabb9ef8000, 0x00007fbf8c600000)
   the space 6338912K,  99% used [0x00007faa370a0000, 0x00007fabb6a3d220, 0x00007fabb6a3d400, 0x00007fabb9ef8000)
 Metaspace       used 24263K, capacity 24701K, committed 24832K, reserved 26624K
}
Event: 702.540 GC heap after
{Heap after GC invocations=1471 (full 6):
 def new generation   total 2852544K, used 135639K [0x00007f9f8c600000, 0x00007fa04dd30000, 0x00007faa370a0000)
  eden space 2535616K,   0% used [0x00007f9f8c600000, 0x00007f9f8c600000, 0x00007fa027230000)
  from space 316928K,  42% used [0x00007fa027230000, 0x00007fa02f6a5e90, 0x00007fa03a7b0000)
  to   space 316928K,   0% used [0x00007fa03a7b0000, 0x00007fa03a7b0000, 0x00007fa04dd30000)
 tenured generation   total 6338912K, used 6301875K [0x00007faa370a0000, 0x00007fabb9ef8000, 0x00007fbf8c600000)
   the space 6338912K,  99% used [0x00007faa370a0000, 0x00007fabb7accc78, 0x00007fabb7acce00, 0x00007fabb9ef8000)
 Metaspace       used 24263K, capacity 24701K, committed 24832K, reserved 26624K
}
Event: 703.524 GC heap before
{Heap before GC invocations=1471 (full 6):
 def new generation   total 2852544K, used 2671255K [0x00007f9f8c600000, 0x00007fa04dd30000, 0x00007faa370a0000)
  eden space 2535616K, 100% used [0x00007f9f8c600000, 0x00007fa027230000, 0x00007fa027230000)
  from space 316928K,  42% used [0x00007fa027230000, 0x00007fa02f6a5e90, 0x00007fa03a7b0000)
  to   space 316928K,   0% used [0x00007fa03a7b0000, 0x00007fa03a7b0000, 0x00007fa04dd30000)
 tenured generation   total 6338912K, used 6301875K [0x00007faa370a0000, 0x00007fabb9ef8000, 0x00007fbf8c600000)
   the space 6338912K,  99% used [0x00007faa370a0000, 0x00007fabb7accc78, 0x00007fabb7acce00, 0x00007fabb9ef8000)
 Metaspace       used 24263K, capacity 24701K, committed 24832K, reserved 26624K
}
Event: 703.551 GC heap after
{Heap after GC invocations=1472 (full 6):
 def new generation   total 2852544K, used 151588K [0x00007f9f8c600000, 0x00007fa04dd30000, 0x00007faa370a0000)
  eden space 2535616K,   0% used [0x00007f9f8c600000, 0x00007f9f8c600000, 0x00007fa027230000)
  from space 316928K,  47% used [0x00007fa03a7b0000, 0x00007fa043bb9080, 0x00007fa04dd30000)
  to   space 316928K,   0% used [0x00007fa027230000, 0x00007fa027230000, 0x00007fa03a7b0000)
 tenured generation   total 6338912K, used 6301875K [0x00007faa370a0000, 0x00007fabb9ef8000, 0x00007fbf8c600000)
   the space 6338912K,  99% used [0x00007faa370a0000, 0x00007fabb7accc78, 0x00007fabb7acce00, 0x00007fabb9ef8000)
 Metaspace       used 24263K, capacity 24701K, committed 24832K, reserved 26624K
}
Event: 704.587 GC heap before
{Heap before GC invocations=1472 (full 6):
 def new generation   total 2852544K, used 2687204K [0x00007f9f8c600000, 0x00007fa04dd30000, 0x00007faa370a0000)
  eden space 2535616K, 100% used [0x00007f9f8c600000, 0x00007fa027230000, 0x00007fa027230000)
  from space 316928K,  47% used [0x00007fa03a7b0000, 0x00007fa043bb9080, 0x00007fa04dd30000)
  to   space 316928K,   0% used [0x00007fa027230000, 0x00007fa027230000, 0x00007fa03a7b0000)
 tenured generation   total 6338912K, used 6301875K [0x00007faa370a0000, 0x00007fabb9ef8000, 0x00007fbf8c600000)
   the space 6338912K,  99% used [0x00007faa370a0000, 0x00007fabb7accc78, 0x00007fabb7acce00, 0x00007fabb9ef8000)
 Metaspace       used 24263K, capacity 24701K, committed 24832K, reserved 26624K
}
Event: 704.621 GC heap after
{Heap after GC invocations=1473 (full 6):
 def new generation   total 2852544K, used 163928K [0x00007f9f8c600000, 0x00007fa04dd30000, 0x00007faa370a0000)
  eden space 2535616K,   0% used [0x00007f9f8c600000, 0x00007f9f8c600000, 0x00007fa027230000)
  from space 316928K,  51% used [0x00007fa027230000, 0x00007fa0312460d0, 0x00007fa03a7b0000)
  to   space 316928K,   0% used [0x00007fa03a7b0000, 0x00007fa03a7b0000, 0x00007fa04dd30000)
 tenured generation   total 6338912K, used 6301875K [0x00007faa370a0000, 0x00007fabb9ef8000, 0x00007fbf8c600000)
   the space 6338912K,  99% used [0x00007faa370a0000, 0x00007fabb7accc78, 0x00007fabb7acce00, 0x00007fabb9ef8000)
 Metaspace       used 24263K, capacity 24701K, committed 24832K, reserved 26624K
}
Event: 705.658 GC heap before
{Heap before GC invocations=1473 (full 6):
 def new generation   total 2852544K, used 2699544K [0x00007f9f8c600000, 0x00007fa04dd30000, 0x00007faa370a0000)
  eden space 2535616K, 100% used [0x00007f9f8c600000, 0x00007fa027230000, 0x00007fa027230000)
  from space 316928K,  51% used [0x00007fa027230000, 0x00007fa0312460d0, 0x00007fa03a7b0000)
  to   space 316928K,   0% used [0x00007fa03a7b0000, 0x00007fa03a7b0000, 0x00007fa04dd30000)
 tenured generation   total 6338912K, used 6301875K [0x00007faa370a0000, 0x00007fabb9ef8000, 0x00007fbf8c600000)
   the space 6338912K,  99% used [0x00007faa370a0000, 0x00007fabb7accc78, 0x00007fabb7acce00, 0x00007fabb9ef8000)
 Metaspace       used 24263K, capacity 24701K, committed 24832K, reserved 26624K
}
Event: 705.697 GC heap after
{Heap after GC invocations=1474 (full 6):
 def new generation   total 2852544K, used 158285K [0x00007f9f8c600000, 0x00007fa04dd30000, 0x00007faa370a0000)
  eden space 2535616K,   0% used [0x00007f9f8c600000, 0x00007f9f8c600000, 0x00007fa027230000)
  from space 316928K,  49% used [0x00007fa03a7b0000, 0x00007fa044243598, 0x00007fa04dd30000)
  to   space 316928K,   0% used [0x00007fa027230000, 0x00007fa027230000, 0x00007fa03a7b0000)
 tenured generation   total 6338912K, used 6318833K [0x00007faa370a0000, 0x00007fabb9ef8000, 0x00007fbf8c600000)
   the space 6338912K,  99% used [0x00007faa370a0000, 0x00007fabb8b5c6d0, 0x00007fabb8b5c800, 0x00007fabb9ef8000)
 Metaspace       used 24263K, capacity 24701K, committed 24832K, reserved 26624K
}
Event: 706.771 GC heap before
{Heap before GC invocations=1474 (full 6):
 def new generation   total 2852544K, used 2693901K [0x00007f9f8c600000, 0x00007fa04dd30000, 0x00007faa370a0000)
  eden space 2535616K, 100% used [0x00007f9f8c600000, 0x00007fa027230000, 0x00007fa027230000)
  from space 316928K,  49% used [0x00007fa03a7b0000, 0x00007fa044243598, 0x00007fa04dd30000)
  to   space 316928K,   0% used [0x00007fa027230000, 0x00007fa027230000, 0x00007fa03a7b0000)
 tenured generation   total 6338912K, used 6318833K [0x00007faa370a0000, 0x00007fabb9ef8000, 0x00007fbf8c600000)
   the space 6338912K,  99% used [0x00007faa370a0000, 0x00007fabb8b5c6d0, 0x00007fabb8b5c800, 0x00007fabb9ef8000)
 Metaspace       used 24263K, capacity 24701K, committed 24832K, reserved 26624K
}
Event: 706.807 GC heap after
{Heap after GC invocations=1475 (full 6):
 def new generation   total 2852544K, used 170075K [0x00007f9f8c600000, 0x00007fa04dd30000, 0x00007faa370a0000)
  eden space 2535616K,   0% used [0x00007f9f8c600000, 0x00007f9f8c600000, 0x00007fa027230000)
  from space 316928K,  53% used [0x00007fa027230000, 0x00007fa031846f08, 0x00007fa03a7b0000)
  to   space 316928K,   0% used [0x00007fa03a7b0000, 0x00007fa03a7b0000, 0x00007fa04dd30000)
 tenured generation   total 6338912K, used 6318833K [0x00007faa370a0000, 0x00007fabb9ef8000, 0x00007fbf8c600000)
   the space 6338912K,  99% used [0x00007faa370a0000, 0x00007fabb8b5c6d0, 0x00007fabb8b5c800, 0x00007fabb9ef8000)
 Metaspace       used 24263K, capacity 24701K, committed 24832K, reserved 26624K
}
Event: 707.836 GC heap before
{Heap before GC invocations=1475 (full 6):
 def new generation   total 2852544K, used 2705691K [0x00007f9f8c600000, 0x00007fa04dd30000, 0x00007faa370a0000)
  eden space 2535616K, 100% used [0x00007f9f8c600000, 0x00007fa027230000, 0x00007fa027230000)
  from space 316928K,  53% used [0x00007fa027230000, 0x00007fa031846f08, 0x00007fa03a7b0000)
  to   space 316928K,   0% used [0x00007fa03a7b0000, 0x00007fa03a7b0000, 0x00007fa04dd30000)
 tenured generation   total 6338912K, used 6318833K [0x00007faa370a0000, 0x00007fabb9ef8000, 0x00007fbf8c600000)
   the space 6338912K,  99% used [0x00007faa370a0000, 0x00007fabb8b5c6d0, 0x00007fabb8b5c800, 0x00007fabb9ef8000)
 Metaspace       used 24263K, capacity 24701K, committed 24832K, reserved 26624K
}
Event: 707.887 GC heap after
{Heap after GC invocations=1476 (full 6):
 def new generation   total 2852544K, used 169561K [0x00007f9f8c600000, 0x00007fa04dd30000, 0x00007faa370a0000)
  eden space 2535616K,   0% used [0x00007f9f8c600000, 0x00007f9f8c600000, 0x00007fa027230000)
  from space 316928K,  53% used [0x00007fa03a7b0000, 0x00007fa044d46480, 0x00007fa04dd30000)
  to   space 316928K,   0% used [0x00007fa027230000, 0x00007fa027230000, 0x00007fa03a7b0000)
 tenured generation   total 6338912K, used 6335792K [0x00007faa370a0000, 0x00007fabb9ef8000, 0x00007fbf8c600000)
   the space 6338912K,  99% used [0x00007faa370a0000, 0x00007fabb9bec128, 0x00007fabb9bec200, 0x00007fabb9ef8000)
 Metaspace       used 24263K, capacity 24701K, committed 24832K, reserved 26624K
}
Event: 708.931 GC heap before
{Heap before GC invocations=1476 (full 6):
 def new generation   total 2852544K, used 2705177K [0x00007f9f8c600000, 0x00007fa04dd30000, 0x00007faa370a0000)
  eden space 2535616K, 100% used [0x00007f9f8c600000, 0x00007fa027230000, 0x00007fa027230000)
  from space 316928K,  53% used [0x00007fa03a7b0000, 0x00007fa044d46480, 0x00007fa04dd30000)
  to   space 316928K,   0% used [0x00007fa027230000, 0x00007fa027230000, 0x00007fa03a7b0000)
 tenured generation   total 6338912K, used 6335792K [0x00007faa370a0000, 0x00007fabb9ef8000, 0x00007fbf8c600000)
   the space 6338912K,  99% used [0x00007faa370a0000, 0x00007fabb9bec128, 0x00007fabb9bec200, 0x00007fabb9ef8000)
 Metaspace       used 24263K, capacity 24701K, committed 24832K, reserved 26624K
}
Event: 709.022 GC heap after
{Heap after GC invocations=1477 (full 6):
 def new generation   total 2852544K, used 165471K [0x00007f9f8c600000, 0x00007fa04dd30000, 0x00007faa370a0000)
  eden space 2535616K,   0% used [0x00007f9f8c600000, 0x00007f9f8c600000, 0x00007fa027230000)
  from space 316928K,  52% used [0x00007fa027230000, 0x00007fa0313c7f50, 0x00007fa03a7b0000)
  to   space 316928K,   0% used [0x00007fa03a7b0000, 0x00007fa03a7b0000, 0x00007fa04dd30000)
 tenured generation   total 6355300K, used 6352750K [0x00007faa370a0000, 0x00007fabbaef9000, 0x00007fbf8c600000)
   the space 6355300K,  99% used [0x00007faa370a0000, 0x00007fabbac7bb80, 0x00007fabbac7bc00, 0x00007fabbaef9000)
 Metaspace       used 24263K, capacity 24701K, committed 24832K, reserved 26624K
}
Event: 709.022 GC heap before
{Heap before GC invocations=1477 (full 6):
 def new generation   total 2852544K, used 165471K [0x00007f9f8c600000, 0x00007fa04dd30000, 0x00007faa370a0000)
  eden space 2535616K,   0% used [0x00007f9f8c600000, 0x00007f9f8c600000, 0x00007fa027230000)
  from space 316928K,  52% used [0x00007fa027230000, 0x00007fa0313c7f50, 0x00007fa03a7b0000)
  to   space 316928K,   0% used [0x00007fa03a7b0000, 0x00007fa03a7b0000, 0x00007fa04dd30000)
 tenured generation   total 6355300K, used 6352750K [0x00007faa370a0000, 0x00007fabbaef9000, 0x00007fbf8c600000)
   the space 6355300K,  99% used [0x00007faa370a0000, 0x00007fabbac7bb80, 0x00007fabbac7bc00, 0x00007fabbaef9000)
 Metaspace       used 24263K, capacity 24701K, committed 24832K, reserved 26624K
}

