# JRE version: OpenJDK Runtime Environment (13.0.7+5) (build 13.0.7+5-Ubuntu-0ubuntu120.04)
# Java VM: OpenJDK 64-Bit Server VM (13.0.7+5-Ubuntu-0ubuntu120.04, mixed mode, tiered, serial gc, linux-amd64)
Heap:
 def new generation   total 4210624K, used 0K [0x00007ef4f0600000, 0x00007ef60ded0000, 0x00007eff9b0a0000)
  eden space 3742784K,   0% used [0x00007ef4f0600000, 0x00007ef4f0600000, 0x00007ef5d4d10000)
  from space 467840K,   0% used [0x00007ef5d4d10000, 0x00007ef5d4d10000, 0x00007ef5f15f0000)
  to   space 467840K,   0% used [0x00007ef5f15f0000, 0x00007ef5f15f0000, 0x00007ef60ded0000)
 tenured generation   total 9373268K, used 9268788K [0x00007eff9b0a0000, 0x00007f01d7235000, 0x00007f14f0600000)
   the space 9373268K,  98% used [0x00007eff9b0a0000, 0x00007f01d0c2d258, 0x00007f01d0c2d400, 0x00007f01d7235000)
 Metaspace       used 24252K, capacity 24645K, committed 24832K, reserved 26624K
GC Heap History (20 events):
Event: 4397.985 GC heap after
{Heap after GC invocations=2839 (full 7):
 def new generation   total 4210624K, used 135680K [0x00007ef4f0600000, 0x00007ef60ded0000, 0x00007eff9b0a0000)
  eden space 3742784K,   0% used [0x00007ef4f0600000, 0x00007ef4f0600000, 0x00007ef5d4d10000)
  from space 467840K,  29% used [0x00007ef5f15f0000, 0x00007ef5f9a70368, 0x00007ef60ded0000)
  to   space 467840K,   0% used [0x00007ef5d4d10000, 0x00007ef5d4d10000, 0x00007ef5f15f0000)
 tenured generation   total 9356880K, used 9298617K [0x00007eff9b0a0000, 0x00007f01d6234000, 0x00007f14f0600000)
   the space 9356880K,  99% used [0x00007eff9b0a0000, 0x00007f01d294e7a0, 0x00007f01d294e800, 0x00007f01d6234000)
 Metaspace       used 24252K, capacity 24645K, committed 24832K, reserved 26624K
}
Event: 4402.066 GC heap before
{Heap before GC invocations=2839 (full 7):
 def new generation   total 4210624K, used 3878464K [0x00007ef4f0600000, 0x00007ef60ded0000, 0x00007eff9b0a0000)
  eden space 3742784K, 100% used [0x00007ef4f0600000, 0x00007ef5d4d10000, 0x00007ef5d4d10000)
  from space 467840K,  29% used [0x00007ef5f15f0000, 0x00007ef5f9a70368, 0x00007ef60ded0000)
  to   space 467840K,   0% used [0x00007ef5d4d10000, 0x00007ef5d4d10000, 0x00007ef5f15f0000)
 tenured generation   total 9356880K, used 9298617K [0x00007eff9b0a0000, 0x00007f01d6234000, 0x00007f14f0600000)
   the space 9356880K,  99% used [0x00007eff9b0a0000, 0x00007f01d294e7a0, 0x00007f01d294e800, 0x00007f01d6234000)
 Metaspace       used 24252K, capacity 24645K, committed 24832K, reserved 26624K
}
Event: 4402.163 GC heap after
{Heap after GC invocations=2840 (full 7):
 def new generation   total 4210624K, used 146493K [0x00007ef4f0600000, 0x00007ef60ded0000, 0x00007eff9b0a0000)
  eden space 3742784K,   0% used [0x00007ef4f0600000, 0x00007ef4f0600000, 0x00007ef5d4d10000)
  from space 467840K,  31% used [0x00007ef5d4d10000, 0x00007ef5ddc1f7b8, 0x00007ef5f15f0000)
  to   space 467840K,   0% used [0x00007ef5f15f0000, 0x00007ef5f15f0000, 0x00007ef60ded0000)
 tenured generation   total 9356880K, used 9298617K [0x00007eff9b0a0000, 0x00007f01d6234000, 0x00007f14f0600000)
   the space 9356880K,  99% used [0x00007eff9b0a0000, 0x00007f01d294e7a0, 0x00007f01d294e800, 0x00007f01d6234000)
 Metaspace       used 24252K, capacity 24645K, committed 24832K, reserved 26624K
}
Event: 4405.571 GC heap before
{Heap before GC invocations=2840 (full 7):
 def new generation   total 4210624K, used 3889277K [0x00007ef4f0600000, 0x00007ef60ded0000, 0x00007eff9b0a0000)
  eden space 3742784K, 100% used [0x00007ef4f0600000, 0x00007ef5d4d10000, 0x00007ef5d4d10000)
  from space 467840K,  31% used [0x00007ef5d4d10000, 0x00007ef5ddc1f7b8, 0x00007ef5f15f0000)
  to   space 467840K,   0% used [0x00007ef5f15f0000, 0x00007ef5f15f0000, 0x00007ef60ded0000)
 tenured generation   total 9356880K, used 9298617K [0x00007eff9b0a0000, 0x00007f01d6234000, 0x00007f14f0600000)
   the space 9356880K,  99% used [0x00007eff9b0a0000, 0x00007f01d294e7a0, 0x00007f01d294e800, 0x00007f01d6234000)
 Metaspace       used 24252K, capacity 24645K, committed 24832K, reserved 26624K
}
Event: 4405.706 GC heap after
{Heap after GC invocations=2841 (full 7):
 def new generation   total 4210624K, used 135681K [0x00007ef4f0600000, 0x00007ef60ded0000, 0x00007eff9b0a0000)
  eden space 3742784K,   0% used [0x00007ef4f0600000, 0x00007ef4f0600000, 0x00007ef5d4d10000)
  from space 467840K,  29% used [0x00007ef5f15f0000, 0x00007ef5f9a70788, 0x00007ef60ded0000)
  to   space 467840K,   0% used [0x00007ef5d4d10000, 0x00007ef5d4d10000, 0x00007ef5f15f0000)
 tenured generation   total 9356880K, used 9315577K [0x00007eff9b0a0000, 0x00007f01d6234000, 0x00007f14f0600000)
   the space 9356880K,  99% used [0x00007eff9b0a0000, 0x00007f01d39de798, 0x00007f01d39de800, 0x00007f01d6234000)
 Metaspace       used 24252K, capacity 24645K, committed 24832K, reserved 26624K
}
Event: 4409.475 GC heap before
{Heap before GC invocations=2841 (full 7):
 def new generation   total 4210624K, used 3878465K [0x00007ef4f0600000, 0x00007ef60ded0000, 0x00007eff9b0a0000)
  eden space 3742784K, 100% used [0x00007ef4f0600000, 0x00007ef5d4d10000, 0x00007ef5d4d10000)
  from space 467840K,  29% used [0x00007ef5f15f0000, 0x00007ef5f9a70788, 0x00007ef60ded0000)
  to   space 467840K,   0% used [0x00007ef5d4d10000, 0x00007ef5d4d10000, 0x00007ef5f15f0000)
 tenured generation   total 9356880K, used 9315577K [0x00007eff9b0a0000, 0x00007f01d6234000, 0x00007f14f0600000)
   the space 9356880K,  99% used [0x00007eff9b0a0000, 0x00007f01d39de798, 0x00007f01d39de800, 0x00007f01d6234000)
 Metaspace       used 24252K, capacity 24645K, committed 24832K, reserved 26624K
}
Event: 4409.599 GC heap after
{Heap after GC invocations=2842 (full 7):
 def new generation   total 4210624K, used 143928K [0x00007ef4f0600000, 0x00007ef60ded0000, 0x00007eff9b0a0000)
  eden space 3742784K,   0% used [0x00007ef4f0600000, 0x00007ef4f0600000, 0x00007ef5d4d10000)
  from space 467840K,  30% used [0x00007ef5d4d10000, 0x00007ef5dd99e028, 0x00007ef5f15f0000)
  to   space 467840K,   0% used [0x00007ef5f15f0000, 0x00007ef5f15f0000, 0x00007ef60ded0000)
 tenured generation   total 9356880K, used 9315577K [0x00007eff9b0a0000, 0x00007f01d6234000, 0x00007f14f0600000)
   the space 9356880K,  99% used [0x00007eff9b0a0000, 0x00007f01d39de798, 0x00007f01d39de800, 0x00007f01d6234000)
 Metaspace       used 24252K, capacity 24645K, committed 24832K, reserved 26624K
}
Event: 4413.019 GC heap before
{Heap before GC invocations=2842 (full 7):
 def new generation   total 4210624K, used 3886712K [0x00007ef4f0600000, 0x00007ef60ded0000, 0x00007eff9b0a0000)
  eden space 3742784K, 100% used [0x00007ef4f0600000, 0x00007ef5d4d10000, 0x00007ef5d4d10000)
  from space 467840K,  30% used [0x00007ef5d4d10000, 0x00007ef5dd99e028, 0x00007ef5f15f0000)
  to   space 467840K,   0% used [0x00007ef5f15f0000, 0x00007ef5f15f0000, 0x00007ef60ded0000)
 tenured generation   total 9356880K, used 9315577K [0x00007eff9b0a0000, 0x00007f01d6234000, 0x00007f14f0600000)
   the space 9356880K,  99% used [0x00007eff9b0a0000, 0x00007f01d39de798, 0x00007f01d39de800, 0x00007f01d6234000)
 Metaspace       used 24252K, capacity 24645K, committed 24832K, reserved 26624K
}
Event: 4413.150 GC heap after
{Heap after GC invocations=2843 (full 7):
 def new generation   total 4210624K, used 135677K [0x00007ef4f0600000, 0x00007ef60ded0000, 0x00007eff9b0a0000)
  eden space 3742784K,   0% used [0x00007ef4f0600000, 0x00007ef4f0600000, 0x00007ef5d4d10000)
  from space 467840K,  29% used [0x00007ef5f15f0000, 0x00007ef5f9a6f6e0, 0x00007ef60ded0000)
  to   space 467840K,   0% used [0x00007ef5d4d10000, 0x00007ef5d4d10000, 0x00007ef5f15f0000)
 tenured generation   total 9356880K, used 9332537K [0x00007eff9b0a0000, 0x00007f01d6234000, 0x00007f14f0600000)
   the space 9356880K,  99% used [0x00007eff9b0a0000, 0x00007f01d4a6e790, 0x00007f01d4a6e800, 0x00007f01d6234000)
 Metaspace       used 24252K, capacity 24645K, committed 24832K, reserved 26624K
}
Event: 4416.641 GC heap before
{Heap before GC invocations=2843 (full 7):
 def new generation   total 4210624K, used 3878461K [0x00007ef4f0600000, 0x00007ef60ded0000, 0x00007eff9b0a0000)
  eden space 3742784K, 100% used [0x00007ef4f0600000, 0x00007ef5d4d10000, 0x00007ef5d4d10000)
  from space 467840K,  29% used [0x00007ef5f15f0000, 0x00007ef5f9a6f6e0, 0x00007ef60ded0000)
  to   space 467840K,   0% used [0x00007ef5d4d10000, 0x00007ef5d4d10000, 0x00007ef5f15f0000)
 tenured generation   total 9356880K, used 9332537K [0x00007eff9b0a0000, 0x00007f01d6234000, 0x00007f14f0600000)
   the space 9356880K,  99% used [0x00007eff9b0a0000, 0x00007f01d4a6e790, 0x00007f01d4a6e800, 0x00007f01d6234000)
 Metaspace       used 24252K, capacity 24645K, committed 24832K, reserved 26624K
}
Event: 4416.736 GC heap after
{Heap after GC invocations=2844 (full 7):
 def new generation   total 4210624K, used 156736K [0x00007ef4f0600000, 0x00007ef60ded0000, 0x00007eff9b0a0000)
  eden space 3742784K,   0% used [0x00007ef4f0600000, 0x00007ef4f0600000, 0x00007ef5d4d10000)
  from space 467840K,  33% used [0x00007ef5d4d10000, 0x00007ef5de620070, 0x00007ef5f15f0000)
  to   space 467840K,   0% used [0x00007ef5f15f0000, 0x00007ef5f15f0000, 0x00007ef60ded0000)
 tenured generation   total 9356880K, used 9332537K [0x00007eff9b0a0000, 0x00007f01d6234000, 0x00007f14f0600000)
   the space 9356880K,  99% used [0x00007eff9b0a0000, 0x00007f01d4a6e790, 0x00007f01d4a6e800, 0x00007f01d6234000)
 Metaspace       used 24252K, capacity 24645K, committed 24832K, reserved 26624K
}
Event: 4420.399 GC heap before
{Heap before GC invocations=2844 (full 7):
 def new generation   total 4210624K, used 3899520K [0x00007ef4f0600000, 0x00007ef60ded0000, 0x00007eff9b0a0000)
  eden space 3742784K, 100% used [0x00007ef4f0600000, 0x00007ef5d4d10000, 0x00007ef5d4d10000)
  from space 467840K,  33% used [0x00007ef5d4d10000, 0x00007ef5de620070, 0x00007ef5f15f0000)
  to   space 467840K,   0% used [0x00007ef5f15f0000, 0x00007ef5f15f0000, 0x00007ef60ded0000)
 tenured generation   total 9356880K, used 9332537K [0x00007eff9b0a0000, 0x00007f01d6234000, 0x00007f14f0600000)
   the space 9356880K,  99% used [0x00007eff9b0a0000, 0x00007f01d4a6e790, 0x00007f01d4a6e800, 0x00007f01d6234000)
 Metaspace       used 24252K, capacity 24645K, committed 24832K, reserved 26624K
}
Event: 4420.517 GC heap after
{Heap after GC invocations=2845 (full 7):
 def new generation   total 4210624K, used 152650K [0x00007ef4f0600000, 0x00007ef60ded0000, 0x00007eff9b0a0000)
  eden space 3742784K,   0% used [0x00007ef4f0600000, 0x00007ef4f0600000, 0x00007ef5d4d10000)
  from space 467840K,  32% used [0x00007ef5f15f0000, 0x00007ef5fab02970, 0x00007ef60ded0000)
  to   space 467840K,   0% used [0x00007ef5d4d10000, 0x00007ef5d4d10000, 0x00007ef5f15f0000)
 tenured generation   total 9356880K, used 9332537K [0x00007eff9b0a0000, 0x00007f01d6234000, 0x00007f14f0600000)
   the space 9356880K,  99% used [0x00007eff9b0a0000, 0x00007f01d4a6e790, 0x00007f01d4a6e800, 0x00007f01d6234000)
 Metaspace       used 24252K, capacity 24645K, committed 24832K, reserved 26624K
}
Event: 4423.629 GC heap before
{Heap before GC invocations=2845 (full 7):
 def new generation   total 4210624K, used 3895434K [0x00007ef4f0600000, 0x00007ef60ded0000, 0x00007eff9b0a0000)
  eden space 3742784K, 100% used [0x00007ef4f0600000, 0x00007ef5d4d10000, 0x00007ef5d4d10000)
  from space 467840K,  32% used [0x00007ef5f15f0000, 0x00007ef5fab02970, 0x00007ef60ded0000)
  to   space 467840K,   0% used [0x00007ef5d4d10000, 0x00007ef5d4d10000, 0x00007ef5f15f0000)
 tenured generation   total 9356880K, used 9332537K [0x00007eff9b0a0000, 0x00007f01d6234000, 0x00007f14f0600000)
   the space 9356880K,  99% used [0x00007eff9b0a0000, 0x00007f01d4a6e790, 0x00007f01d4a6e800, 0x00007f01d6234000)
 Metaspace       used 24252K, capacity 24645K, committed 24832K, reserved 26624K
}
Event: 4423.735 GC heap after
{Heap after GC invocations=2846 (full 7):
 def new generation   total 4210624K, used 137746K [0x00007ef4f0600000, 0x00007ef60ded0000, 0x00007eff9b0a0000)
  eden space 3742784K,   0% used [0x00007ef4f0600000, 0x00007ef4f0600000, 0x00007ef5d4d10000)
  from space 467840K,  29% used [0x00007ef5d4d10000, 0x00007ef5dd394838, 0x00007ef5f15f0000)
  to   space 467840K,   0% used [0x00007ef5f15f0000, 0x00007ef5f15f0000, 0x00007ef60ded0000)
 tenured generation   total 9356880K, used 9349497K [0x00007eff9b0a0000, 0x00007f01d6234000, 0x00007f14f0600000)
   the space 9356880K,  99% used [0x00007eff9b0a0000, 0x00007f01d5afe788, 0x00007f01d5afe800, 0x00007f01d6234000)
 Metaspace       used 24252K, capacity 24645K, committed 24832K, reserved 26624K
}
Event: 4427.487 GC heap before
{Heap before GC invocations=2846 (full 7):
 def new generation   total 4210624K, used 3880530K [0x00007ef4f0600000, 0x00007ef60ded0000, 0x00007eff9b0a0000)
  eden space 3742784K, 100% used [0x00007ef4f0600000, 0x00007ef5d4d10000, 0x00007ef5d4d10000)
  from space 467840K,  29% used [0x00007ef5d4d10000, 0x00007ef5dd394838, 0x00007ef5f15f0000)
  to   space 467840K,   0% used [0x00007ef5f15f0000, 0x00007ef5f15f0000, 0x00007ef60ded0000)
 tenured generation   total 9356880K, used 9349497K [0x00007eff9b0a0000, 0x00007f01d6234000, 0x00007f14f0600000)
   the space 9356880K,  99% used [0x00007eff9b0a0000, 0x00007f01d5afe788, 0x00007f01d5afe800, 0x00007f01d6234000)
 Metaspace       used 24252K, capacity 24645K, committed 24832K, reserved 26624K
}
Event: 4427.598 GC heap after
{Heap after GC invocations=2847 (full 7):
 def new generation   total 4210624K, used 150590K [0x00007ef4f0600000, 0x00007ef60ded0000, 0x00007eff9b0a0000)
  eden space 3742784K,   0% used [0x00007ef4f0600000, 0x00007ef4f0600000, 0x00007ef5d4d10000)
  from space 467840K,  32% used [0x00007ef5f15f0000, 0x00007ef5fa8ff898, 0x00007ef60ded0000)
  to   space 467840K,   0% used [0x00007ef5d4d10000, 0x00007ef5d4d10000, 0x00007ef5f15f0000)
 tenured generation   total 9356880K, used 9349497K [0x00007eff9b0a0000, 0x00007f01d6234000, 0x00007f14f0600000)
   the space 9356880K,  99% used [0x00007eff9b0a0000, 0x00007f01d5afe788, 0x00007f01d5afe800, 0x00007f01d6234000)
 Metaspace       used 24252K, capacity 24645K, committed 24832K, reserved 26624K
}
Event: 4430.743 GC heap before
{Heap before GC invocations=2847 (full 7):
 def new generation   total 4210624K, used 3893374K [0x00007ef4f0600000, 0x00007ef60ded0000, 0x00007eff9b0a0000)
  eden space 3742784K, 100% used [0x00007ef4f0600000, 0x00007ef5d4d10000, 0x00007ef5d4d10000)
  from space 467840K,  32% used [0x00007ef5f15f0000, 0x00007ef5fa8ff898, 0x00007ef60ded0000)
  to   space 467840K,   0% used [0x00007ef5d4d10000, 0x00007ef5d4d10000, 0x00007ef5f15f0000)
 tenured generation   total 9356880K, used 9349497K [0x00007eff9b0a0000, 0x00007f01d6234000, 0x00007f14f0600000)
   the space 9356880K,  99% used [0x00007eff9b0a0000, 0x00007f01d5afe788, 0x00007f01d5afe800, 0x00007f01d6234000)
 Metaspace       used 24252K, capacity 24645K, committed 24832K, reserved 26624K
}
Event: 4430.859 GC heap after
{Heap after GC invocations=2848 (full 7):
 def new generation   total 4210624K, used 135680K [0x00007ef4f0600000, 0x00007ef60ded0000, 0x00007eff9b0a0000)
  eden space 3742784K,   0% used [0x00007ef4f0600000, 0x00007ef4f0600000, 0x00007ef5d4d10000)
  from space 467840K,  29% used [0x00007ef5d4d10000, 0x00007ef5dd190238, 0x00007ef5f15f0000)
  to   space 467840K,   0% used [0x00007ef5f15f0000, 0x00007ef5f15f0000, 0x00007ef60ded0000)
 tenured generation   total 9373268K, used 9366457K [0x00007eff9b0a0000, 0x00007f01d7235000, 0x00007f14f0600000)
   the space 9373268K,  99% used [0x00007eff9b0a0000, 0x00007f01d6b8e780, 0x00007f01d6b8e800, 0x00007f01d7235000)
 Metaspace       used 24252K, capacity 24645K, committed 24832K, reserved 26624K
}
Event: 4430.859 GC heap before
{Heap before GC invocations=2848 (full 7):
 def new generation   total 4210624K, used 135680K [0x00007ef4f0600000, 0x00007ef60ded0000, 0x00007eff9b0a0000)
  eden space 3742784K,   0% used [0x00007ef4f0600000, 0x00007ef4f0600000, 0x00007ef5d4d10000)
  from space 467840K,  29% used [0x00007ef5d4d10000, 0x00007ef5dd190238, 0x00007ef5f15f0000)
  to   space 467840K,   0% used [0x00007ef5f15f0000, 0x00007ef5f15f0000, 0x00007ef60ded0000)
 tenured generation   total 9373268K, used 9366457K [0x00007eff9b0a0000, 0x00007f01d7235000, 0x00007f14f0600000)
   the space 9373268K,  99% used [0x00007eff9b0a0000, 0x00007f01d6b8e780, 0x00007f01d6b8e800, 0x00007f01d7235000)
 Metaspace       used 24252K, capacity 24645K, committed 24832K, reserved 26624K
}

