# JRE version: OpenJDK Runtime Environment (13.0.7+5) (build 13.0.7+5-Ubuntu-0ubuntu120.04)
# Java VM: OpenJDK 64-Bit Server VM (13.0.7+5-Ubuntu-0ubuntu120.04, mixed mode, tiered, serial gc, linux-amd64)
Heap:
 def new generation   total 2634944K, used 0K [0x00007f8360600000, 0x00007f8413110000, 0x00007f88b5b50000)
  eden space 2342208K,   0% used [0x00007f8360600000, 0x00007f8360600000, 0x00007f83ef550000)
  from space 292736K,   0% used [0x00007f8401330000, 0x00007f8401330000, 0x00007f8413110000)
  to   space 292736K,   0% used [0x00007f83ef550000, 0x00007f83ef550000, 0x00007f8401330000)
 tenured generation   total 6081140K, used 5973461K [0x00007f88b5b50000, 0x00007f8a28ded000, 0x00007f9360600000)
   the space 6081140K,  98% used [0x00007f88b5b50000, 0x00007f8a224c5448, 0x00007f8a224c5600, 0x00007f8a28ded000)
 Metaspace       used 30362K, capacity 30752K, committed 30976K, reserved 32768K
GC Heap History (20 events):
Event: 76.148 GC heap after
{Heap after GC invocations=54 (full 3):
 def new generation   total 1627904K, used 120872K [0x00007f8360600000, 0x00007f83cec60000, 0x00007f88b5b50000)
  eden space 1447040K,   0% used [0x00007f8360600000, 0x00007f8360600000, 0x00007f83b8b20000)
  from space 180864K,  66% used [0x00007f83c3bc0000, 0x00007f83cb1ca220, 0x00007f83cec60000)
  to   space 180864K,   0% used [0x00007f83b8b20000, 0x00007f83b8b20000, 0x00007f83c3bc0000)
 tenured generation   total 3617504K, used 3333099K [0x00007f88b5b50000, 0x00007f8992808000, 0x00007f9360600000)
   the space 3617504K,  92% used [0x00007f88b5b50000, 0x00007f898124afd8, 0x00007f898124b000, 0x00007f8992808000)
 Metaspace       used 30362K, capacity 30752K, committed 30976K, reserved 32768K
}
Event: 76.545 GC heap before
{Heap before GC invocations=54 (full 3):
 def new generation   total 1627904K, used 1567912K [0x00007f8360600000, 0x00007f83cec60000, 0x00007f88b5b50000)
  eden space 1447040K, 100% used [0x00007f8360600000, 0x00007f83b8b20000, 0x00007f83b8b20000)
  from space 180864K,  66% used [0x00007f83c3bc0000, 0x00007f83cb1ca220, 0x00007f83cec60000)
  to   space 180864K,   0% used [0x00007f83b8b20000, 0x00007f83b8b20000, 0x00007f83c3bc0000)
 tenured generation   total 3617504K, used 3333099K [0x00007f88b5b50000, 0x00007f8992808000, 0x00007f9360600000)
   the space 3617504K,  92% used [0x00007f88b5b50000, 0x00007f898124afd8, 0x00007f898124b000, 0x00007f8992808000)
 Metaspace       used 30362K, capacity 30752K, committed 30976K, reserved 32768K
}
Event: 76.903 GC heap after
{Heap after GC invocations=55 (full 3):
 def new generation   total 1627904K, used 122101K [0x00007f8360600000, 0x00007f83cec60000, 0x00007f88b5b50000)
  eden space 1447040K,   0% used [0x00007f8360600000, 0x00007f8360600000, 0x00007f83b8b20000)
  from space 180864K,  67% used [0x00007f83b8b20000, 0x00007f83c025d400, 0x00007f83c3bc0000)
  to   space 180864K,   0% used [0x00007f83c3bc0000, 0x00007f83c3bc0000, 0x00007f83cec60000)
 tenured generation   total 3617504K, used 3453971K [0x00007f88b5b50000, 0x00007f8992808000, 0x00007f9360600000)
   the space 3617504K,  95% used [0x00007f88b5b50000, 0x00007f8988854e88, 0x00007f8988855000, 0x00007f8992808000)
 Metaspace       used 30362K, capacity 30752K, committed 30976K, reserved 32768K
}
Event: 77.284 GC heap before
{Heap before GC invocations=55 (full 3):
 def new generation   total 1627904K, used 1569141K [0x00007f8360600000, 0x00007f83cec60000, 0x00007f88b5b50000)
  eden space 1447040K, 100% used [0x00007f8360600000, 0x00007f83b8b20000, 0x00007f83b8b20000)
  from space 180864K,  67% used [0x00007f83b8b20000, 0x00007f83c025d400, 0x00007f83c3bc0000)
  to   space 180864K,   0% used [0x00007f83c3bc0000, 0x00007f83c3bc0000, 0x00007f83cec60000)
 tenured generation   total 3617504K, used 3453971K [0x00007f88b5b50000, 0x00007f8992808000, 0x00007f9360600000)
   the space 3617504K,  95% used [0x00007f88b5b50000, 0x00007f8988854e88, 0x00007f8988855000, 0x00007f8992808000)
 Metaspace       used 30362K, capacity 30752K, committed 30976K, reserved 32768K
}
Event: 77.613 GC heap after
{Heap after GC invocations=56 (full 3):
 def new generation   total 1627904K, used 105850K [0x00007f8360600000, 0x00007f83cec60000, 0x00007f88b5b50000)
  eden space 1447040K,   0% used [0x00007f8360600000, 0x00007f8360600000, 0x00007f83b8b20000)
  from space 180864K,  58% used [0x00007f83c3bc0000, 0x00007f83ca31e8e8, 0x00007f83cec60000)
  to   space 180864K,   0% used [0x00007f83b8b20000, 0x00007f83b8b20000, 0x00007f83c3bc0000)
 tenured generation   total 3617504K, used 3576071K [0x00007f88b5b50000, 0x00007f8992808000, 0x00007f9360600000)
   the space 3617504K,  98% used [0x00007f88b5b50000, 0x00007f898ff91e58, 0x00007f898ff92000, 0x00007f8992808000)
 Metaspace       used 30362K, capacity 30752K, committed 30976K, reserved 32768K
}
Event: 78.004 GC heap before
{Heap before GC invocations=56 (full 3):
 def new generation   total 1627904K, used 1552890K [0x00007f8360600000, 0x00007f83cec60000, 0x00007f88b5b50000)
  eden space 1447040K, 100% used [0x00007f8360600000, 0x00007f83b8b20000, 0x00007f83b8b20000)
  from space 180864K,  58% used [0x00007f83c3bc0000, 0x00007f83ca31e8e8, 0x00007f83cec60000)
  to   space 180864K,   0% used [0x00007f83b8b20000, 0x00007f83b8b20000, 0x00007f83c3bc0000)
 tenured generation   total 3617504K, used 3576071K [0x00007f88b5b50000, 0x00007f8992808000, 0x00007f9360600000)
   the space 3617504K,  98% used [0x00007f88b5b50000, 0x00007f898ff91e58, 0x00007f898ff92000, 0x00007f8992808000)
 Metaspace       used 30362K, capacity 30752K, committed 30976K, reserved 32768K
}
Event: 78.383 GC heap after
{Heap after GC invocations=57 (full 3):
 def new generation   total 1627904K, used 114392K [0x00007f8360600000, 0x00007f83cec60000, 0x00007f88b5b50000)
  eden space 1447040K,   0% used [0x00007f8360600000, 0x00007f8360600000, 0x00007f83b8b20000)
  from space 180864K,  63% used [0x00007f83b8b20000, 0x00007f83bfad60a8, 0x00007f83c3bc0000)
  to   space 180864K,   0% used [0x00007f83c3bc0000, 0x00007f83c3bc0000, 0x00007f83cec60000)
 tenured generation   total 3682016K, used 3681921K [0x00007f88b5b50000, 0x00007f8996708000, 0x00007f9360600000)
   the space 3682016K,  99% used [0x00007f88b5b50000, 0x00007f89966f06b0, 0x00007f89966f0800, 0x00007f8996708000)
 Metaspace       used 30362K, capacity 30752K, committed 30976K, reserved 32768K
}
Event: 78.383 GC heap before
{Heap before GC invocations=57 (full 3):
 def new generation   total 1627904K, used 114392K [0x00007f8360600000, 0x00007f83cec60000, 0x00007f88b5b50000)
  eden space 1447040K,   0% used [0x00007f8360600000, 0x00007f8360600000, 0x00007f83b8b20000)
  from space 180864K,  63% used [0x00007f83b8b20000, 0x00007f83bfad60a8, 0x00007f83c3bc0000)
  to   space 180864K,   0% used [0x00007f83c3bc0000, 0x00007f83c3bc0000, 0x00007f83cec60000)
 tenured generation   total 3682016K, used 3681921K [0x00007f88b5b50000, 0x00007f8996708000, 0x00007f9360600000)
   the space 3682016K,  99% used [0x00007f88b5b50000, 0x00007f89966f06b0, 0x00007f89966f0800, 0x00007f8996708000)
 Metaspace       used 30362K, capacity 30752K, committed 30976K, reserved 32768K
}
Event: 83.903 GC heap after
{Heap after GC invocations=57 (full 4):
 def new generation   total 2634944K, used 0K [0x00007f8360600000, 0x00007f8413110000, 0x00007f88b5b50000)
  eden space 2342208K,   0% used [0x00007f8360600000, 0x00007f8360600000, 0x00007f83ef550000)
  from space 292736K,   0% used [0x00007f83ef550000, 0x00007f83ef550000, 0x00007f8401330000)
  to   space 292736K,   0% used [0x00007f8401330000, 0x00007f8401330000, 0x00007f8413110000)
 tenured generation   total 5855348K, used 3513207K [0x00007f88b5b50000, 0x00007f8a1b16d000, 0x00007f9360600000)
   the space 5855348K,  59% used [0x00007f88b5b50000, 0x00007f898c22dd20, 0x00007f898c22de00, 0x00007f8a1b16d000)
 Metaspace       used 30362K, capacity 30752K, committed 30976K, reserved 32768K
}
Event: 84.584 GC heap before
{Heap before GC invocations=57 (full 4):
 def new generation   total 2634944K, used 2342208K [0x00007f8360600000, 0x00007f8413110000, 0x00007f88b5b50000)
  eden space 2342208K, 100% used [0x00007f8360600000, 0x00007f83ef550000, 0x00007f83ef550000)
  from space 292736K,   0% used [0x00007f83ef550000, 0x00007f83ef550000, 0x00007f8401330000)
  to   space 292736K,   0% used [0x00007f8401330000, 0x00007f8401330000, 0x00007f8413110000)
 tenured generation   total 5855348K, used 3513207K [0x00007f88b5b50000, 0x00007f8a1b16d000, 0x00007f9360600000)
   the space 5855348K,  59% used [0x00007f88b5b50000, 0x00007f898c22dd20, 0x00007f898c22de00, 0x00007f8a1b16d000)
 Metaspace       used 30362K, capacity 30752K, committed 30976K, reserved 32768K
}
Event: 84.978 GC heap after
{Heap after GC invocations=58 (full 4):
 def new generation   total 2634944K, used 174185K [0x00007f8360600000, 0x00007f8413110000, 0x00007f88b5b50000)
  eden space 2342208K,   0% used [0x00007f8360600000, 0x00007f8360600000, 0x00007f83ef550000)
  from space 292736K,  59% used [0x00007f8401330000, 0x00007f840bd4a488, 0x00007f8413110000)
  to   space 292736K,   0% used [0x00007f83ef550000, 0x00007f83ef550000, 0x00007f8401330000)
 tenured generation   total 5855348K, used 3513207K [0x00007f88b5b50000, 0x00007f8a1b16d000, 0x00007f9360600000)
   the space 5855348K,  59% used [0x00007f88b5b50000, 0x00007f898c22dd20, 0x00007f898c22de00, 0x00007f8a1b16d000)
 Metaspace       used 30362K, capacity 30752K, committed 30976K, reserved 32768K
}
Event: 133.262 GC heap before
{Heap before GC invocations=58 (full 4):
 def new generation   total 2634944K, used 2516393K [0x00007f8360600000, 0x00007f8413110000, 0x00007f88b5b50000)
  eden space 2342208K, 100% used [0x00007f8360600000, 0x00007f83ef550000, 0x00007f83ef550000)
  from space 292736K,  59% used [0x00007f8401330000, 0x00007f840bd4a488, 0x00007f8413110000)
  to   space 292736K,   0% used [0x00007f83ef550000, 0x00007f83ef550000, 0x00007f8401330000)
 tenured generation   total 5855348K, used 3513207K [0x00007f88b5b50000, 0x00007f8a1b16d000, 0x00007f9360600000)
   the space 5855348K,  59% used [0x00007f88b5b50000, 0x00007f898c22dd20, 0x00007f898c22de00, 0x00007f8a1b16d000)
 Metaspace       used 30362K, capacity 30752K, committed 30976K, reserved 32768K
}
Event: 135.784 GC heap after
{Heap after GC invocations=59 (full 4):
 def new generation   total 2634944K, used 292735K [0x00007f8360600000, 0x00007f8413110000, 0x00007f88b5b50000)
  eden space 2342208K,   0% used [0x00007f8360600000, 0x00007f8360600000, 0x00007f83ef550000)
  from space 292736K,  99% used [0x00007f83ef550000, 0x00007f840132fff8, 0x00007f8401330000)
  to   space 292736K,   0% used [0x00007f8401330000, 0x00007f8401330000, 0x00007f8413110000)
 tenured generation   total 5855348K, used 4601532K [0x00007f88b5b50000, 0x00007f8a1b16d000, 0x00007f9360600000)
   the space 5855348K,  78% used [0x00007f88b5b50000, 0x00007f89ce8ff1c8, 0x00007f89ce8ff200, 0x00007f8a1b16d000)
 Metaspace       used 30362K, capacity 30752K, committed 30976K, reserved 32768K
}
Event: 239.513 GC heap before
{Heap before GC invocations=59 (full 4):
 def new generation   total 2634944K, used 2634943K [0x00007f8360600000, 0x00007f8413110000, 0x00007f88b5b50000)
  eden space 2342208K, 100% used [0x00007f8360600000, 0x00007f83ef550000, 0x00007f83ef550000)
  from space 292736K,  99% used [0x00007f83ef550000, 0x00007f840132fff8, 0x00007f8401330000)
  to   space 292736K,   0% used [0x00007f8401330000, 0x00007f8401330000, 0x00007f8413110000)
 tenured generation   total 5855348K, used 4601532K [0x00007f88b5b50000, 0x00007f8a1b16d000, 0x00007f9360600000)
   the space 5855348K,  78% used [0x00007f88b5b50000, 0x00007f89ce8ff1c8, 0x00007f89ce8ff200, 0x00007f8a1b16d000)
 Metaspace       used 30362K, capacity 30752K, committed 30976K, reserved 32768K
}
Event: 240.480 GC heap after
{Heap after GC invocations=60 (full 4):
 def new generation   total 2634944K, used 292735K [0x00007f8360600000, 0x00007f8413110000, 0x00007f88b5b50000)
  eden space 2342208K,   0% used [0x00007f8360600000, 0x00007f8360600000, 0x00007f83ef550000)
  from space 292736K,  99% used [0x00007f8401330000, 0x00007f841310fff0, 0x00007f8413110000)
  to   space 292736K,   0% used [0x00007f83ef550000, 0x00007f83ef550000, 0x00007f8401330000)
 tenured generation   total 5855348K, used 5094743K [0x00007f88b5b50000, 0x00007f8a1b16d000, 0x00007f9360600000)
   the space 5855348K,  87% used [0x00007f88b5b50000, 0x00007f89ecaa5e10, 0x00007f89ecaa6000, 0x00007f8a1b16d000)
 Metaspace       used 30362K, capacity 30752K, committed 30976K, reserved 32768K
}
Event: 337.620 GC heap before
{Heap before GC invocations=60 (full 4):
 def new generation   total 2634944K, used 2634943K [0x00007f8360600000, 0x00007f8413110000, 0x00007f88b5b50000)
  eden space 2342208K, 100% used [0x00007f8360600000, 0x00007f83ef550000, 0x00007f83ef550000)
  from space 292736K,  99% used [0x00007f8401330000, 0x00007f841310fff0, 0x00007f8413110000)
  to   space 292736K,   0% used [0x00007f83ef550000, 0x00007f83ef550000, 0x00007f8401330000)
 tenured generation   total 5855348K, used 5094743K [0x00007f88b5b50000, 0x00007f8a1b16d000, 0x00007f9360600000)
   the space 5855348K,  87% used [0x00007f88b5b50000, 0x00007f89ecaa5e10, 0x00007f89ecaa6000, 0x00007f8a1b16d000)
 Metaspace       used 30362K, capacity 30752K, committed 30976K, reserved 32768K
}
Event: 338.619 GC heap after
{Heap after GC invocations=61 (full 4):
 def new generation   total 2634944K, used 292735K [0x00007f8360600000, 0x00007f8413110000, 0x00007f88b5b50000)
  eden space 2342208K,   0% used [0x00007f8360600000, 0x00007f8360600000, 0x00007f83ef550000)
  from space 292736K,  99% used [0x00007f83ef550000, 0x00007f840132fff0, 0x00007f8401330000)
  to   space 292736K,   0% used [0x00007f8401330000, 0x00007f8401330000, 0x00007f8413110000)
 tenured generation   total 5855348K, used 5587947K [0x00007f88b5b50000, 0x00007f8a1b16d000, 0x00007f9360600000)
   the space 5855348K,  95% used [0x00007f88b5b50000, 0x00007f8a0ac4ad30, 0x00007f8a0ac4ae00, 0x00007f8a1b16d000)
 Metaspace       used 30362K, capacity 30752K, committed 30976K, reserved 32768K
}
Event: 409.793 GC heap before
{Heap before GC invocations=61 (full 4):
 def new generation   total 2634944K, used 2634943K [0x00007f8360600000, 0x00007f8413110000, 0x00007f88b5b50000)
  eden space 2342208K, 100% used [0x00007f8360600000, 0x00007f83ef550000, 0x00007f83ef550000)
  from space 292736K,  99% used [0x00007f83ef550000, 0x00007f840132fff0, 0x00007f8401330000)
  to   space 292736K,   0% used [0x00007f8401330000, 0x00007f8401330000, 0x00007f8413110000)
 tenured generation   total 5855348K, used 5587947K [0x00007f88b5b50000, 0x00007f8a1b16d000, 0x00007f9360600000)
   the space 5855348K,  95% used [0x00007f88b5b50000, 0x00007f8a0ac4ad30, 0x00007f8a0ac4ae00, 0x00007f8a1b16d000)
 Metaspace       used 30362K, capacity 30752K, committed 30976K, reserved 32768K
}
Event: 410.641 GC heap after
{Heap after GC invocations=62 (full 4):
 def new generation   total 2634944K, used 292735K [0x00007f8360600000, 0x00007f8413110000, 0x00007f88b5b50000)
  eden space 2342208K,   0% used [0x00007f8360600000, 0x00007f8360600000, 0x00007f83ef550000)
  from space 292736K,  99% used [0x00007f8401330000, 0x00007f841310fff0, 0x00007f8413110000)
  to   space 292736K,   0% used [0x00007f83ef550000, 0x00007f83ef550000, 0x00007f8401330000)
 tenured generation   total 6081140K, used 6081130K [0x00007f88b5b50000, 0x00007f8a28ded000, 0x00007f9360600000)
   the space 6081140K,  99% used [0x00007f88b5b50000, 0x00007f8a28deaa70, 0x00007f8a28deac00, 0x00007f8a28ded000)
 Metaspace       used 30362K, capacity 30752K, committed 30976K, reserved 32768K
}
Event: 410.641 GC heap before
{Heap before GC invocations=62 (full 4):
 def new generation   total 2634944K, used 292735K [0x00007f8360600000, 0x00007f8413110000, 0x00007f88b5b50000)
  eden space 2342208K,   0% used [0x00007f8360600000, 0x00007f8360600000, 0x00007f83ef550000)
  from space 292736K,  99% used [0x00007f8401330000, 0x00007f841310fff0, 0x00007f8413110000)
  to   space 292736K,   0% used [0x00007f83ef550000, 0x00007f83ef550000, 0x00007f8401330000)
 tenured generation   total 6081140K, used 6081130K [0x00007f88b5b50000, 0x00007f8a28ded000, 0x00007f9360600000)
   the space 6081140K,  99% used [0x00007f88b5b50000, 0x00007f8a28deaa70, 0x00007f8a28deac00, 0x00007f8a28ded000)
 Metaspace       used 30362K, capacity 30752K, committed 30976K, reserved 32768K
}

