# JRE version: OpenJDK Runtime Environment (13.0.7+5) (build 13.0.7+5-Ubuntu-0ubuntu120.04)
# Java VM: OpenJDK 64-Bit Server VM (13.0.7+5-Ubuntu-0ubuntu120.04, mixed mode, tiered, serial gc, linux-amd64)
Heap:
 def new generation   total 10449856K, used 0K [0x00007f0aac600000, 0x00007f0d710d0000, 0x00007f1001b50000)
  eden space 9288768K,   0% used [0x00007f0aac600000, 0x00007f0aac600000, 0x00007f0ce3510000)
  from space 1161088K,   0% used [0x00007f0d2a2f0000, 0x00007f0d2a2f0000, 0x00007f0d710d0000)
  to   space 1161088K,   0% used [0x00007f0ce3510000, 0x00007f0ce3510000, 0x00007f0d2a2f0000)
 tenured generation   total 24004084K, used 23543766K [0x00007f1001b50000, 0x00007f15baccd000, 0x00007f1aac600000)
   the space 24004084K,  98% used [0x00007f1001b50000, 0x00007f159eb45900, 0x00007f159eb45a00, 0x00007f15baccd000)
 Metaspace       used 31386K, capacity 31864K, committed 32000K, reserved 32768K
GC Heap History (20 events):
Event: 1997.878 GC heap after
{Heap after GC invocations=202 (full 20):
 def new generation   total 10449856K, used 695000K [0x00007f0aac600000, 0x00007f0d710d0000, 0x00007f1001b50000)
  eden space 9288768K,   0% used [0x00007f0aac600000, 0x00007f0aac600000, 0x00007f0ce3510000)
  from space 1161088K,  59% used [0x00007f0ce3510000, 0x00007f0d0dbc62c0, 0x00007f0d2a2f0000)
  to   space 1161088K,   0% used [0x00007f0d2a2f0000, 0x00007f0d2a2f0000, 0x00007f0d710d0000)
 tenured generation   total 23221876K, used 17314164K [0x00007f1001b50000, 0x00007f158b0ed000, 0x00007f1aac600000)
   the space 23221876K,  74% used [0x00007f1001b50000, 0x00007f14227ad320, 0x00007f14227ad400, 0x00007f158b0ed000)
 Metaspace       used 31383K, capacity 31864K, committed 32000K, reserved 32768K
}
Event: 2000.328 GC heap before
{Heap before GC invocations=202 (full 20):
 def new generation   total 10449856K, used 9983768K [0x00007f0aac600000, 0x00007f0d710d0000, 0x00007f1001b50000)
  eden space 9288768K, 100% used [0x00007f0aac600000, 0x00007f0ce3510000, 0x00007f0ce3510000)
  from space 1161088K,  59% used [0x00007f0ce3510000, 0x00007f0d0dbc62c0, 0x00007f0d2a2f0000)
  to   space 1161088K,   0% used [0x00007f0d2a2f0000, 0x00007f0d2a2f0000, 0x00007f0d710d0000)
 tenured generation   total 23221876K, used 17314164K [0x00007f1001b50000, 0x00007f158b0ed000, 0x00007f1aac600000)
   the space 23221876K,  74% used [0x00007f1001b50000, 0x00007f14227ad320, 0x00007f14227ad400, 0x00007f158b0ed000)
 Metaspace       used 31383K, capacity 31864K, committed 32000K, reserved 32768K
}
Event: 2002.027 GC heap after
{Heap after GC invocations=203 (full 20):
 def new generation   total 10449856K, used 688193K [0x00007f0aac600000, 0x00007f0d710d0000, 0x00007f1001b50000)
  eden space 9288768K,   0% used [0x00007f0aac600000, 0x00007f0aac600000, 0x00007f0ce3510000)
  from space 1161088K,  59% used [0x00007f0d2a2f0000, 0x00007f0d54300480, 0x00007f0d710d0000)
  to   space 1161088K,   0% used [0x00007f0ce3510000, 0x00007f0ce3510000, 0x00007f0d2a2f0000)
 tenured generation   total 23221876K, used 18009164K [0x00007f1001b50000, 0x00007f158b0ed000, 0x00007f1aac600000)
   the space 23221876K,  77% used [0x00007f1001b50000, 0x00007f144ce632f0, 0x00007f144ce63400, 0x00007f158b0ed000)
 Metaspace       used 31383K, capacity 31864K, committed 32000K, reserved 32768K
}
Event: 2004.419 GC heap before
{Heap before GC invocations=203 (full 20):
 def new generation   total 10449856K, used 9976961K [0x00007f0aac600000, 0x00007f0d710d0000, 0x00007f1001b50000)
  eden space 9288768K, 100% used [0x00007f0aac600000, 0x00007f0ce3510000, 0x00007f0ce3510000)
  from space 1161088K,  59% used [0x00007f0d2a2f0000, 0x00007f0d54300480, 0x00007f0d710d0000)
  to   space 1161088K,   0% used [0x00007f0ce3510000, 0x00007f0ce3510000, 0x00007f0d2a2f0000)
 tenured generation   total 23221876K, used 18009164K [0x00007f1001b50000, 0x00007f158b0ed000, 0x00007f1aac600000)
   the space 23221876K,  77% used [0x00007f1001b50000, 0x00007f144ce632f0, 0x00007f144ce63400, 0x00007f158b0ed000)
 Metaspace       used 31383K, capacity 31864K, committed 32000K, reserved 32768K
}
Event: 2006.117 GC heap after
{Heap after GC invocations=204 (full 20):
 def new generation   total 10449856K, used 692597K [0x00007f0aac600000, 0x00007f0d710d0000, 0x00007f1001b50000)
  eden space 9288768K,   0% used [0x00007f0aac600000, 0x00007f0aac600000, 0x00007f0ce3510000)
  from space 1161088K,  59% used [0x00007f0ce3510000, 0x00007f0d0d96d760, 0x00007f0d2a2f0000)
  to   space 1161088K,   0% used [0x00007f0d2a2f0000, 0x00007f0d2a2f0000, 0x00007f0d710d0000)
 tenured generation   total 23221876K, used 18697357K [0x00007f1001b50000, 0x00007f158b0ed000, 0x00007f1aac600000)
   the space 23221876K,  80% used [0x00007f1001b50000, 0x00007f1476e735b0, 0x00007f1476e73600, 0x00007f158b0ed000)
 Metaspace       used 31383K, capacity 31864K, committed 32000K, reserved 32768K
}
Event: 2008.565 GC heap before
{Heap before GC invocations=204 (full 20):
 def new generation   total 10449856K, used 9981365K [0x00007f0aac600000, 0x00007f0d710d0000, 0x00007f1001b50000)
  eden space 9288768K, 100% used [0x00007f0aac600000, 0x00007f0ce3510000, 0x00007f0ce3510000)
  from space 1161088K,  59% used [0x00007f0ce3510000, 0x00007f0d0d96d760, 0x00007f0d2a2f0000)
  to   space 1161088K,   0% used [0x00007f0d2a2f0000, 0x00007f0d2a2f0000, 0x00007f0d710d0000)
 tenured generation   total 23221876K, used 18697357K [0x00007f1001b50000, 0x00007f158b0ed000, 0x00007f1aac600000)
   the space 23221876K,  80% used [0x00007f1001b50000, 0x00007f1476e735b0, 0x00007f1476e73600, 0x00007f158b0ed000)
 Metaspace       used 31383K, capacity 31864K, committed 32000K, reserved 32768K
}
Event: 2010.270 GC heap after
{Heap after GC invocations=205 (full 20):
 def new generation   total 10449856K, used 696379K [0x00007f0aac600000, 0x00007f0d710d0000, 0x00007f1001b50000)
  eden space 9288768K,   0% used [0x00007f0aac600000, 0x00007f0aac600000, 0x00007f0ce3510000)
  from space 1161088K,  59% used [0x00007f0d2a2f0000, 0x00007f0d54afecd8, 0x00007f0d710d0000)
  to   space 1161088K,   0% used [0x00007f0ce3510000, 0x00007f0ce3510000, 0x00007f0d2a2f0000)
 tenured generation   total 23221876K, used 19389954K [0x00007f1001b50000, 0x00007f158b0ed000, 0x00007f1aac600000)
   the space 23221876K,  83% used [0x00007f1001b50000, 0x00007f14a12d09d0, 0x00007f14a12d0a00, 0x00007f158b0ed000)
 Metaspace       used 31383K, capacity 31864K, committed 32000K, reserved 32768K
}
Event: 2012.614 GC heap before
{Heap before GC invocations=205 (full 20):
 def new generation   total 10449856K, used 9985147K [0x00007f0aac600000, 0x00007f0d710d0000, 0x00007f1001b50000)
  eden space 9288768K, 100% used [0x00007f0aac600000, 0x00007f0ce3510000, 0x00007f0ce3510000)
  from space 1161088K,  59% used [0x00007f0d2a2f0000, 0x00007f0d54afecd8, 0x00007f0d710d0000)
  to   space 1161088K,   0% used [0x00007f0ce3510000, 0x00007f0ce3510000, 0x00007f0d2a2f0000)
 tenured generation   total 23221876K, used 19389954K [0x00007f1001b50000, 0x00007f158b0ed000, 0x00007f1aac600000)
   the space 23221876K,  83% used [0x00007f1001b50000, 0x00007f14a12d09d0, 0x00007f14a12d0a00, 0x00007f158b0ed000)
 Metaspace       used 31383K, capacity 31864K, committed 32000K, reserved 32768K
}
Event: 2014.322 GC heap after
{Heap after GC invocations=206 (full 20):
 def new generation   total 10449856K, used 695477K [0x00007f0aac600000, 0x00007f0d710d0000, 0x00007f1001b50000)
  eden space 9288768K,   0% used [0x00007f0aac600000, 0x00007f0aac600000, 0x00007f0ce3510000)
  from space 1161088K,  59% used [0x00007f0ce3510000, 0x00007f0d0dc3d4b8, 0x00007f0d2a2f0000)
  to   space 1161088K,   0% used [0x00007f0d2a2f0000, 0x00007f0d2a2f0000, 0x00007f0d710d0000)
 tenured generation   total 23221876K, used 20086333K [0x00007f1001b50000, 0x00007f158b0ed000, 0x00007f1aac600000)
   the space 23221876K,  86% used [0x00007f1001b50000, 0x00007f14cbadf638, 0x00007f14cbadf800, 0x00007f158b0ed000)
 Metaspace       used 31383K, capacity 31864K, committed 32000K, reserved 32768K
}
Event: 2016.666 GC heap before
{Heap before GC invocations=206 (full 20):
 def new generation   total 10449856K, used 9984245K [0x00007f0aac600000, 0x00007f0d710d0000, 0x00007f1001b50000)
  eden space 9288768K, 100% used [0x00007f0aac600000, 0x00007f0ce3510000, 0x00007f0ce3510000)
  from space 1161088K,  59% used [0x00007f0ce3510000, 0x00007f0d0dc3d4b8, 0x00007f0d2a2f0000)
  to   space 1161088K,   0% used [0x00007f0d2a2f0000, 0x00007f0d2a2f0000, 0x00007f0d710d0000)
 tenured generation   total 23221876K, used 20086333K [0x00007f1001b50000, 0x00007f158b0ed000, 0x00007f1aac600000)
   the space 23221876K,  86% used [0x00007f1001b50000, 0x00007f14cbadf638, 0x00007f14cbadf800, 0x00007f158b0ed000)
 Metaspace       used 31383K, capacity 31864K, committed 32000K, reserved 32768K
}
Event: 2018.389 GC heap after
{Heap after GC invocations=207 (full 20):
 def new generation   total 10449856K, used 695761K [0x00007f0aac600000, 0x00007f0d710d0000, 0x00007f1001b50000)
  eden space 9288768K,   0% used [0x00007f0aac600000, 0x00007f0aac600000, 0x00007f0ce3510000)
  from space 1161088K,  59% used [0x00007f0d2a2f0000, 0x00007f0d54a646c0, 0x00007f0d710d0000)
  to   space 1161088K,   0% used [0x00007f0ce3510000, 0x00007f0ce3510000, 0x00007f0d2a2f0000)
 tenured generation   total 23221876K, used 20781809K [0x00007f1001b50000, 0x00007f158b0ed000, 0x00007f1aac600000)
   the space 23221876K,  89% used [0x00007f1001b50000, 0x00007f14f620c740, 0x00007f14f620c800, 0x00007f158b0ed000)
 Metaspace       used 31383K, capacity 31864K, committed 32000K, reserved 32768K
}
Event: 2020.975 GC heap before
{Heap before GC invocations=207 (full 20):
 def new generation   total 10449856K, used 9984529K [0x00007f0aac600000, 0x00007f0d710d0000, 0x00007f1001b50000)
  eden space 9288768K, 100% used [0x00007f0aac600000, 0x00007f0ce3510000, 0x00007f0ce3510000)
  from space 1161088K,  59% used [0x00007f0d2a2f0000, 0x00007f0d54a646c0, 0x00007f0d710d0000)
  to   space 1161088K,   0% used [0x00007f0ce3510000, 0x00007f0ce3510000, 0x00007f0d2a2f0000)
 tenured generation   total 23221876K, used 20781809K [0x00007f1001b50000, 0x00007f158b0ed000, 0x00007f1aac600000)
   the space 23221876K,  89% used [0x00007f1001b50000, 0x00007f14f620c740, 0x00007f14f620c800, 0x00007f158b0ed000)
 Metaspace       used 31383K, capacity 31864K, committed 32000K, reserved 32768K
}
Event: 2022.837 GC heap after
{Heap after GC invocations=208 (full 20):
 def new generation   total 10449856K, used 767190K [0x00007f0aac600000, 0x00007f0d710d0000, 0x00007f1001b50000)
  eden space 9288768K,   0% used [0x00007f0aac600000, 0x00007f0aac600000, 0x00007f0ce3510000)
  from space 1161088K,  66% used [0x00007f0ce3510000, 0x00007f0d12245820, 0x00007f0d2a2f0000)
  to   space 1161088K,   0% used [0x00007f0d2a2f0000, 0x00007f0d2a2f0000, 0x00007f0d710d0000)
 tenured generation   total 23221876K, used 21477570K [0x00007f1001b50000, 0x00007f158b0ed000, 0x00007f1aac600000)
   the space 23221876K,  92% used [0x00007f1001b50000, 0x00007f1520980b00, 0x00007f1520980c00, 0x00007f158b0ed000)
 Metaspace       used 31383K, capacity 31864K, committed 32000K, reserved 32768K
}
Event: 2025.587 GC heap before
{Heap before GC invocations=208 (full 20):
 def new generation   total 10449856K, used 10055958K [0x00007f0aac600000, 0x00007f0d710d0000, 0x00007f1001b50000)
  eden space 9288768K, 100% used [0x00007f0aac600000, 0x00007f0ce3510000, 0x00007f0ce3510000)
  from space 1161088K,  66% used [0x00007f0ce3510000, 0x00007f0d12245820, 0x00007f0d2a2f0000)
  to   space 1161088K,   0% used [0x00007f0d2a2f0000, 0x00007f0d2a2f0000, 0x00007f0d710d0000)
 tenured generation   total 23221876K, used 21477570K [0x00007f1001b50000, 0x00007f158b0ed000, 0x00007f1aac600000)
   the space 23221876K,  92% used [0x00007f1001b50000, 0x00007f1520980b00, 0x00007f1520980c00, 0x00007f158b0ed000)
 Metaspace       used 31386K, capacity 31864K, committed 32000K, reserved 32768K
}
Event: 2027.480 GC heap after
{Heap after GC invocations=209 (full 20):
 def new generation   total 10449856K, used 744154K [0x00007f0aac600000, 0x00007f0d710d0000, 0x00007f1001b50000)
  eden space 9288768K,   0% used [0x00007f0aac600000, 0x00007f0aac600000, 0x00007f0ce3510000)
  from space 1161088K,  64% used [0x00007f0d2a2f0000, 0x00007f0d579a6b80, 0x00007f0d710d0000)
  to   space 1161088K,   0% used [0x00007f0ce3510000, 0x00007f0ce3510000, 0x00007f0d2a2f0000)
 tenured generation   total 23221876K, used 22244760K [0x00007f1001b50000, 0x00007f158b0ed000, 0x00007f1aac600000)
   the space 23221876K,  95% used [0x00007f1001b50000, 0x00007f154f6b6110, 0x00007f154f6b6200, 0x00007f158b0ed000)
 Metaspace       used 31386K, capacity 31864K, committed 32000K, reserved 32768K
}
Event: 2030.069 GC heap before
{Heap before GC invocations=209 (full 20):
 def new generation   total 10449856K, used 10032922K [0x00007f0aac600000, 0x00007f0d710d0000, 0x00007f1001b50000)
  eden space 9288768K, 100% used [0x00007f0aac600000, 0x00007f0ce3510000, 0x00007f0ce3510000)
  from space 1161088K,  64% used [0x00007f0d2a2f0000, 0x00007f0d579a6b80, 0x00007f0d710d0000)
  to   space 1161088K,   0% used [0x00007f0ce3510000, 0x00007f0ce3510000, 0x00007f0d2a2f0000)
 tenured generation   total 23221876K, used 22244760K [0x00007f1001b50000, 0x00007f158b0ed000, 0x00007f1aac600000)
   the space 23221876K,  95% used [0x00007f1001b50000, 0x00007f154f6b6110, 0x00007f154f6b6200, 0x00007f158b0ed000)
 Metaspace       used 31386K, capacity 31864K, committed 32000K, reserved 32768K
}
Event: 2032.457 GC heap after
{Heap after GC invocations=210 (full 20):
 def new generation   total 10449856K, used 1015138K [0x00007f0aac600000, 0x00007f0d710d0000, 0x00007f1001b50000)
  eden space 9288768K,   0% used [0x00007f0aac600000, 0x00007f0aac600000, 0x00007f0ce3510000)
  from space 1161088K,  87% used [0x00007f0ce3510000, 0x00007f0d21468b60, 0x00007f0d2a2f0000)
  to   space 1161088K,   0% used [0x00007f0d2a2f0000, 0x00007f0d2a2f0000, 0x00007f0d710d0000)
 tenured generation   total 23221876K, used 22988914K [0x00007f1001b50000, 0x00007f158b0ed000, 0x00007f1aac600000)
   the space 23221876K,  98% used [0x00007f1001b50000, 0x00007f157cd6c8f0, 0x00007f157cd6ca00, 0x00007f158b0ed000)
 Metaspace       used 31386K, capacity 31864K, committed 32000K, reserved 32768K
}
Event: 2034.789 GC heap before
{Heap before GC invocations=210 (full 20):
 def new generation   total 10449856K, used 10303906K [0x00007f0aac600000, 0x00007f0d710d0000, 0x00007f1001b50000)
  eden space 9288768K, 100% used [0x00007f0aac600000, 0x00007f0ce3510000, 0x00007f0ce3510000)
  from space 1161088K,  87% used [0x00007f0ce3510000, 0x00007f0d21468b60, 0x00007f0d2a2f0000)
  to   space 1161088K,   0% used [0x00007f0d2a2f0000, 0x00007f0d2a2f0000, 0x00007f0d710d0000)
 tenured generation   total 23221876K, used 22988914K [0x00007f1001b50000, 0x00007f158b0ed000, 0x00007f1aac600000)
   the space 23221876K,  98% used [0x00007f1001b50000, 0x00007f157cd6c8f0, 0x00007f157cd6ca00, 0x00007f158b0ed000)
 Metaspace       used 31386K, capacity 31864K, committed 32000K, reserved 32768K
}
Event: 2036.960 GC heap after
{Heap after GC invocations=211 (full 20):
 def new generation   total 10449856K, used 726500K [0x00007f0aac600000, 0x00007f0d710d0000, 0x00007f1001b50000)
  eden space 9288768K,   0% used [0x00007f0aac600000, 0x00007f0aac600000, 0x00007f0ce3510000)
  from space 1161088K,  62% used [0x00007f0d2a2f0000, 0x00007f0d56869000, 0x00007f0d710d0000)
  to   space 1161088K,   0% used [0x00007f0ce3510000, 0x00007f0ce3510000, 0x00007f0d2a2f0000)
 tenured generation   total 24004084K, used 24004052K [0x00007f1001b50000, 0x00007f15baccd000, 0x00007f1aac600000)
   the space 24004084K,  99% used [0x00007f1001b50000, 0x00007f15bacc5080, 0x00007f15bacc5200, 0x00007f15baccd000)
 Metaspace       used 31386K, capacity 31864K, committed 32000K, reserved 32768K
}
Event: 2036.960 GC heap before
{Heap before GC invocations=211 (full 20):
 def new generation   total 10449856K, used 726500K [0x00007f0aac600000, 0x00007f0d710d0000, 0x00007f1001b50000)
  eden space 9288768K,   0% used [0x00007f0aac600000, 0x00007f0aac600000, 0x00007f0ce3510000)
  from space 1161088K,  62% used [0x00007f0d2a2f0000, 0x00007f0d56869000, 0x00007f0d710d0000)
  to   space 1161088K,   0% used [0x00007f0ce3510000, 0x00007f0ce3510000, 0x00007f0d2a2f0000)
 tenured generation   total 24004084K, used 24004052K [0x00007f1001b50000, 0x00007f15baccd000, 0x00007f1aac600000)
   the space 24004084K,  99% used [0x00007f1001b50000, 0x00007f15bacc5080, 0x00007f15bacc5200, 0x00007f15baccd000)
 Metaspace       used 31386K, capacity 31864K, committed 32000K, reserved 32768K
}

