# JRE version: OpenJDK Runtime Environment (13.0.7+5) (build 13.0.7+5-Ubuntu-0ubuntu120.04)
# Java VM: OpenJDK 64-Bit Server VM (13.0.7+5-Ubuntu-0ubuntu120.04, mixed mode, tiered, serial gc, linux-amd64)
Heap:
 def new generation   total 2516672K, used 0K [0x00007fa904600000, 0x00007fa9af0c0000, 0x00007fae59b50000)
  eden space 2237056K,   0% used [0x00007fa904600000, 0x00007fa904600000, 0x00007fa98cea0000)
  from space 279616K,   0% used [0x00007fa98cea0000, 0x00007fa98cea0000, 0x00007fa99dfb0000)
  to   space 279616K,   0% used [0x00007fa99dfb0000, 0x00007fa99dfb0000, 0x00007fa9af0c0000)
 tenured generation   total 5592452K, used 539696K [0x00007fae59b50000, 0x00007fafaf0b1000, 0x00007fb904600000)
   the space 5592452K,   9% used [0x00007fae59b50000, 0x00007fae7aa5c178, 0x00007fae7aa5c200, 0x00007fafaf0b1000)
 Metaspace       used 23278K, capacity 23682K, committed 23808K, reserved 24576K
GC Heap History (18 events):
Event: 3.076 GC heap before
{Heap before GC invocations=0 (full 0):
 def new generation   total 629120K, used 100662K [0x00007fa904600000, 0x00007fa92f0a0000, 0x00007fae59b50000)
  eden space 559232K,  18% used [0x00007fa904600000, 0x00007fa90a84d8c8, 0x00007fa926820000)
  from space 69888K,   0% used [0x00007fa926820000, 0x00007fa926820000, 0x00007fa92ac60000)
  to   space 69888K,   0% used [0x00007fa92ac60000, 0x00007fa92ac60000, 0x00007fa92f0a0000)
 tenured generation   total 1398144K, used 0K [0x00007fae59b50000, 0x00007faeaf0b0000, 0x00007fb904600000)
   the space 1398144K,   0% used [0x00007fae59b50000, 0x00007fae59b50000, 0x00007fae59b50200, 0x00007faeaf0b0000)
 Metaspace       used 20899K, capacity 21207K, committed 21248K, reserved 22528K
}
Event: 3.173 GC heap after
{Heap after GC invocations=1 (full 1):
 def new generation   total 629248K, used 0K [0x00007fa904600000, 0x00007fa92f0c0000, 0x00007fae59b50000)
  eden space 559360K,   0% used [0x00007fa904600000, 0x00007fa904600000, 0x00007fa926840000)
  from space 69888K,   0% used [0x00007fa926840000, 0x00007fa926840000, 0x00007fa92ac80000)
  to   space 69888K,   0% used [0x00007fa92ac80000, 0x00007fa92ac80000, 0x00007fa92f0c0000)
 tenured generation   total 1398144K, used 13608K [0x00007fae59b50000, 0x00007faeaf0b0000, 0x00007fb904600000)
   the space 1398144K,   0% used [0x00007fae59b50000, 0x00007fae5a89a2f0, 0x00007fae5a89a400, 0x00007faeaf0b0000)
 Metaspace       used 20899K, capacity 21207K, committed 21248K, reserved 22528K
}
Event: 5.056 GC heap before
{Heap before GC invocations=1 (full 1):
 def new generation   total 629248K, used 559360K [0x00007fa904600000, 0x00007fa92f0c0000, 0x00007fae59b50000)
  eden space 559360K, 100% used [0x00007fa904600000, 0x00007fa926840000, 0x00007fa926840000)
  from space 69888K,   0% used [0x00007fa926840000, 0x00007fa926840000, 0x00007fa92ac80000)
  to   space 69888K,   0% used [0x00007fa92ac80000, 0x00007fa92ac80000, 0x00007fa92f0c0000)
 tenured generation   total 1398144K, used 13608K [0x00007fae59b50000, 0x00007faeaf0b0000, 0x00007fb904600000)
   the space 1398144K,   0% used [0x00007fae59b50000, 0x00007fae5a89a2f0, 0x00007fae5a89a400, 0x00007faeaf0b0000)
 Metaspace       used 23051K, capacity 23404K, committed 23552K, reserved 24576K
}
Event: 5.061 GC heap after
{Heap after GC invocations=2 (full 1):
 def new generation   total 629248K, used 727K [0x00007fa904600000, 0x00007fa92f0c0000, 0x00007fae59b50000)
  eden space 559360K,   0% used [0x00007fa904600000, 0x00007fa904600000, 0x00007fa926840000)
  from space 69888K,   1% used [0x00007fa92ac80000, 0x00007fa92ad35de0, 0x00007fa92f0c0000)
  to   space 69888K,   0% used [0x00007fa926840000, 0x00007fa926840000, 0x00007fa92ac80000)
 tenured generation   total 1398144K, used 13608K [0x00007fae59b50000, 0x00007faeaf0b0000, 0x00007fb904600000)
   the space 1398144K,   0% used [0x00007fae59b50000, 0x00007fae5a89a2f0, 0x00007fae5a89a400, 0x00007faeaf0b0000)
 Metaspace       used 23051K, capacity 23404K, committed 23552K, reserved 24576K
}
Event: 6.014 GC heap before
{Heap before GC invocations=2 (full 1):
 def new generation   total 629248K, used 457042K [0x00007fa904600000, 0x00007fa92f0c0000, 0x00007fae59b50000)
  eden space 559360K,  81% used [0x00007fa904600000, 0x00007fa92039ed30, 0x00007fa926840000)
  from space 69888K,   1% used [0x00007fa92ac80000, 0x00007fa92ad35de0, 0x00007fa92f0c0000)
  to   space 69888K,   0% used [0x00007fa926840000, 0x00007fa926840000, 0x00007fa92ac80000)
 tenured generation   total 1398144K, used 13608K [0x00007fae59b50000, 0x00007faeaf0b0000, 0x00007fb904600000)
   the space 1398144K,   0% used [0x00007fae59b50000, 0x00007fae5a89a2f0, 0x00007fae5a89a400, 0x00007faeaf0b0000)
 Metaspace       used 23216K, capacity 23609K, committed 23808K, reserved 24576K
}
Event: 6.017 GC heap after
{Heap after GC invocations=3 (full 1):
 def new generation   total 629248K, used 1073K [0x00007fa904600000, 0x00007fa92f0c0000, 0x00007fae59b50000)
  eden space 559360K,   0% used [0x00007fa904600000, 0x00007fa904600000, 0x00007fa926840000)
  from space 69888K,   1% used [0x00007fa926840000, 0x00007fa92694c698, 0x00007fa92ac80000)
  to   space 69888K,   0% used [0x00007fa92ac80000, 0x00007fa92ac80000, 0x00007fa92f0c0000)
 tenured generation   total 1398144K, used 13608K [0x00007fae59b50000, 0x00007faeaf0b0000, 0x00007fb904600000)
   the space 1398144K,   0% used [0x00007fae59b50000, 0x00007fae5a89a2f0, 0x00007fae5a89a400, 0x00007faeaf0b0000)
 Metaspace       used 23216K, capacity 23609K, committed 23808K, reserved 24576K
}
Event: 6.017 GC heap before
{Heap before GC invocations=3 (full 1):
 def new generation   total 629248K, used 1073K [0x00007fa904600000, 0x00007fa92f0c0000, 0x00007fae59b50000)
  eden space 559360K,   0% used [0x00007fa904600000, 0x00007fa904600000, 0x00007fa926840000)
  from space 69888K,   1% used [0x00007fa926840000, 0x00007fa92694c698, 0x00007fa92ac80000)
  to   space 69888K,   0% used [0x00007fa92ac80000, 0x00007fa92ac80000, 0x00007fa92f0c0000)
 tenured generation   total 1398144K, used 13608K [0x00007fae59b50000, 0x00007faeaf0b0000, 0x00007fb904600000)
   the space 1398144K,   0% used [0x00007fae59b50000, 0x00007fae5a89a2f0, 0x00007fae5a89a400, 0x00007faeaf0b0000)
 Metaspace       used 23216K, capacity 23609K, committed 23808K, reserved 24576K
}
Event: 6.053 GC heap after
{Heap after GC invocations=3 (full 2):
 def new generation   total 629248K, used 0K [0x00007fa904600000, 0x00007fa92f0c0000, 0x00007fae59b50000)
  eden space 559360K,   0% used [0x00007fa904600000, 0x00007fa904600000, 0x00007fa926840000)
  from space 69888K,   0% used [0x00007fa926840000, 0x00007fa926840000, 0x00007fa92ac80000)
  to   space 69888K,   0% used [0x00007fa92ac80000, 0x00007fa92ac80000, 0x00007fa92f0c0000)
 tenured generation   total 1398144K, used 14673K [0x00007fae59b50000, 0x00007faeaf0b0000, 0x00007fb904600000)
   the space 1398144K,   1% used [0x00007fae59b50000, 0x00007fae5a9a44a8, 0x00007fae5a9a4600, 0x00007faeaf0b0000)
 Metaspace       used 23216K, capacity 23609K, committed 23808K, reserved 24576K
}
Event: 9.951 GC heap before
{Heap before GC invocations=3 (full 2):
 def new generation   total 629248K, used 559360K [0x00007fa904600000, 0x00007fa92f0c0000, 0x00007fae59b50000)
  eden space 559360K, 100% used [0x00007fa904600000, 0x00007fa926840000, 0x00007fa926840000)
  from space 69888K,   0% used [0x00007fa926840000, 0x00007fa926840000, 0x00007fa92ac80000)
  to   space 69888K,   0% used [0x00007fa92ac80000, 0x00007fa92ac80000, 0x00007fa92f0c0000)
 tenured generation   total 5592452K, used 4208977K [0x00007fae59b50000, 0x00007fafaf0b1000, 0x00007fb904600000)
   the space 5592452K,  75% used [0x00007fae59b50000, 0x00007faf5a9a44c0, 0x00007faf5a9a4600, 0x00007fafaf0b1000)
 Metaspace       used 23270K, capacity 23680K, committed 23808K, reserved 24576K
}
Event: 9.958 GC heap after
{Heap after GC invocations=4 (full 2):
 def new generation   total 629248K, used 450K [0x00007fa904600000, 0x00007fa92f0c0000, 0x00007fae59b50000)
  eden space 559360K,   0% used [0x00007fa904600000, 0x00007fa904600000, 0x00007fa926840000)
  from space 69888K,   0% used [0x00007fa92ac80000, 0x00007fa92acf0ac8, 0x00007fa92f0c0000)
  to   space 69888K,   0% used [0x00007fa926840000, 0x00007fa926840000, 0x00007fa92ac80000)
 tenured generation   total 5592452K, used 4208977K [0x00007fae59b50000, 0x00007fafaf0b1000, 0x00007fb904600000)
   the space 5592452K,  75% used [0x00007fae59b50000, 0x00007faf5a9a44c0, 0x00007faf5a9a4600, 0x00007fafaf0b1000)
 Metaspace       used 23270K, capacity 23680K, committed 23808K, reserved 24576K
}
Event: 10.451 GC heap before
{Heap before GC invocations=4 (full 2):
 def new generation   total 629248K, used 351455K [0x00007fa904600000, 0x00007fa92f0c0000, 0x00007fae59b50000)
  eden space 559360K,  62% used [0x00007fa904600000, 0x00007fa919cc71c8, 0x00007fa926840000)
  from space 69888K,   0% used [0x00007fa92ac80000, 0x00007fa92acf0ac8, 0x00007fa92f0c0000)
  to   space 69888K,   0% used [0x00007fa926840000, 0x00007fa926840000, 0x00007fa92ac80000)
 tenured generation   total 5592452K, used 4208977K [0x00007fae59b50000, 0x00007fafaf0b1000, 0x00007fb904600000)
   the space 5592452K,  75% used [0x00007fae59b50000, 0x00007faf5a9a44c0, 0x00007faf5a9a4600, 0x00007fafaf0b1000)
 Metaspace       used 23278K, capacity 23682K, committed 23808K, reserved 24576K
}
Event: 10.493 GC heap after
{Heap after GC invocations=5 (full 2):
 def new generation   total 629248K, used 33504K [0x00007fa904600000, 0x00007fa92f0c0000, 0x00007fae59b50000)
  eden space 559360K,   0% used [0x00007fa904600000, 0x00007fa904600000, 0x00007fa926840000)
  from space 69888K,  47% used [0x00007fa926840000, 0x00007fa9288f8210, 0x00007fa92ac80000)
  to   space 69888K,   0% used [0x00007fa92ac80000, 0x00007fa92ac80000, 0x00007fa92f0c0000)
 tenured generation   total 5592452K, used 4208977K [0x00007fae59b50000, 0x00007fafaf0b1000, 0x00007fb904600000)
   the space 5592452K,  75% used [0x00007fae59b50000, 0x00007faf5a9a44c0, 0x00007faf5a9a4600, 0x00007fafaf0b1000)
 Metaspace       used 23278K, capacity 23682K, committed 23808K, reserved 24576K
}
Event: 10.919 GC heap before
{Heap before GC invocations=5 (full 2):
 def new generation   total 629248K, used 568626K [0x00007fa904600000, 0x00007fa92f0c0000, 0x00007fae59b50000)
  eden space 559360K,  95% used [0x00007fa904600000, 0x00007fa9250948a0, 0x00007fa926840000)
  from space 69888K,  47% used [0x00007fa926840000, 0x00007fa9288f8210, 0x00007fa92ac80000)
  to   space 69888K,   0% used [0x00007fa92ac80000, 0x00007fa92ac80000, 0x00007fa92f0c0000)
 tenured generation   total 5592452K, used 4208977K [0x00007fae59b50000, 0x00007fafaf0b1000, 0x00007fb904600000)
   the space 5592452K,  75% used [0x00007fae59b50000, 0x00007faf5a9a44c0, 0x00007faf5a9a4600, 0x00007fafaf0b1000)
 Metaspace       used 23278K, capacity 23682K, committed 23808K, reserved 24576K
}
Event: 11.433 GC heap after
{Heap after GC invocations=6 (full 2):
 def new generation   total 629248K, used 735K [0x00007fa904600000, 0x00007fa92f0c0000, 0x00007fae59b50000)
  eden space 559360K,   0% used [0x00007fa904600000, 0x00007fa904600000, 0x00007fa926840000)
  from space 69888K,   1% used [0x00007fa92ac80000, 0x00007fa92ad37e60, 0x00007fa92f0c0000)
  to   space 69888K,   0% used [0x00007fa926840000, 0x00007fa926840000, 0x00007fa92ac80000)
 tenured generation   total 5592452K, used 4733265K [0x00007fae59b50000, 0x00007fafaf0b1000, 0x00007fb904600000)
   the space 5592452K,  84% used [0x00007fae59b50000, 0x00007faf7a9a44d8, 0x00007faf7a9a4600, 0x00007fafaf0b1000)
 Metaspace       used 23278K, capacity 23682K, committed 23808K, reserved 24576K
}
Event: 11.866 GC heap before
{Heap before GC invocations=6 (full 2):
 def new generation   total 629248K, used 535974K [0x00007fa904600000, 0x00007fa92f0c0000, 0x00007fae59b50000)
  eden space 559360K,  95% used [0x00007fa904600000, 0x00007fa9250b1cb0, 0x00007fa926840000)
  from space 69888K,   1% used [0x00007fa92ac80000, 0x00007fa92ad37e60, 0x00007fa92f0c0000)
  to   space 69888K,   0% used [0x00007fa926840000, 0x00007fa926840000, 0x00007fa92ac80000)
 tenured generation   total 5592452K, used 4733265K [0x00007fae59b50000, 0x00007fafaf0b1000, 0x00007fb904600000)
   the space 5592452K,  84% used [0x00007fae59b50000, 0x00007faf7a9a44d8, 0x00007faf7a9a4600, 0x00007fafaf0b1000)
 Metaspace       used 23278K, capacity 23682K, committed 23808K, reserved 24576K
}
Event: 12.433 GC heap after
{Heap after GC invocations=7 (full 2):
 def new generation   total 629248K, used 735K [0x00007fa904600000, 0x00007fa92f0c0000, 0x00007fae59b50000)
  eden space 559360K,   0% used [0x00007fa904600000, 0x00007fa904600000, 0x00007fa926840000)
  from space 69888K,   1% used [0x00007fa926840000, 0x00007fa9268f7ca0, 0x00007fa92ac80000)
  to   space 69888K,   0% used [0x00007fa92ac80000, 0x00007fa92ac80000, 0x00007fa92f0c0000)
 tenured generation   total 5592452K, used 5257553K [0x00007fae59b50000, 0x00007fafaf0b1000, 0x00007fb904600000)
   the space 5592452K,  94% used [0x00007fae59b50000, 0x00007faf9a9a4508, 0x00007faf9a9a4600, 0x00007fafaf0b1000)
 Metaspace       used 23278K, capacity 23682K, committed 23808K, reserved 24576K
}
Event: 12.434 GC heap before
{Heap before GC invocations=7 (full 2):
 def new generation   total 629248K, used 735K [0x00007fa904600000, 0x00007fa92f0c0000, 0x00007fae59b50000)
  eden space 559360K,   0% used [0x00007fa904600000, 0x00007fa904600000, 0x00007fa926840000)
  from space 69888K,   1% used [0x00007fa926840000, 0x00007fa9268f7ca0, 0x00007fa92ac80000)
  to   space 69888K,   0% used [0x00007fa92ac80000, 0x00007fa92ac80000, 0x00007fa92f0c0000)
 tenured generation   total 5592452K, used 5257553K [0x00007fae59b50000, 0x00007fafaf0b1000, 0x00007fb904600000)
   the space 5592452K,  94% used [0x00007fae59b50000, 0x00007faf9a9a4508, 0x00007faf9a9a4600, 0x00007fafaf0b1000)
 Metaspace       used 23278K, capacity 23682K, committed 23808K, reserved 24576K
}
Event: 12.685 GC heap after
{Heap after GC invocations=7 (full 3):
 def new generation   total 2516672K, used 0K [0x00007fa904600000, 0x00007fa9af0c0000, 0x00007fae59b50000)
  eden space 2237056K,   0% used [0x00007fa904600000, 0x00007fa904600000, 0x00007fa98cea0000)
  from space 279616K,   0% used [0x00007fa98cea0000, 0x00007fa98cea0000, 0x00007fa99dfb0000)
  to   space 279616K,   0% used [0x00007fa99dfb0000, 0x00007fa99dfb0000, 0x00007fa9af0c0000)
 tenured generation   total 5592452K, used 539696K [0x00007fae59b50000, 0x00007fafaf0b1000, 0x00007fb904600000)
   the space 5592452K,   9% used [0x00007fae59b50000, 0x00007fae7aa5c178, 0x00007fae7aa5c200, 0x00007fafaf0b1000)
 Metaspace       used 23278K, capacity 23682K, committed 23808K, reserved 24576K
}

