# JRE version: OpenJDK Runtime Environment (13.0.7+5) (build 13.0.7+5-Ubuntu-0ubuntu120.04)
# Java VM: OpenJDK 64-Bit Server VM (13.0.7+5-Ubuntu-0ubuntu120.04, mixed mode, tiered, serial gc, linux-amd64)
Heap:
 def new generation   total 10902784K, used 960255K [0x00007f80ec600000, 0x00007f83cfc40000, 0x00007f8641b50000)
  eden space 9691392K,   9% used [0x00007f80ec600000, 0x00007f8126fbfdf0, 0x00007f833be40000)
  from space 1211392K,   0% used [0x00007f833be40000, 0x00007f833be40000, 0x00007f8385d40000)
  to   space 1211392K,   0% used [0x00007f8385d40000, 0x00007f8385d40000, 0x00007f83cfc40000)
 tenured generation   total 25049892K, used 25049891K [0x00007f8641b50000, 0x00007f8c3aa19000, 0x00007f90ec600000)
   the space 25049892K,  99% used [0x00007f8641b50000, 0x00007f8c3aa18fd8, 0x00007f8c3aa19000, 0x00007f8c3aa19000)
 Metaspace       used 30459K, capacity 30855K, committed 31232K, reserved 32768K
GC Heap History (20 events):
Event: 1632.180 GC heap after
{Heap after GC invocations=89 (full 8):
 def new generation   total 10902784K, used 830692K [0x00007f80ec600000, 0x00007f83cfc40000, 0x00007f8641b50000)
  eden space 9691392K,   0% used [0x00007f80ec600000, 0x00007f80ec600000, 0x00007f833be40000)
  from space 1211392K,  68% used [0x00007f8385d40000, 0x00007f83b88790d0, 0x00007f83cfc40000)
  to   space 1211392K,   0% used [0x00007f833be40000, 0x00007f833be40000, 0x00007f8385d40000)
 tenured generation   total 24228324K, used 17446202K [0x00007f8641b50000, 0x00007f8c087c9000, 0x00007f90ec600000)
   the space 24228324K,  72% used [0x00007f8641b50000, 0x00007f8a6a89e818, 0x00007f8a6a89ea00, 0x00007f8c087c9000)
 Metaspace       used 30459K, capacity 30855K, committed 31232K, reserved 32768K
}
Event: 1634.806 GC heap before
{Heap before GC invocations=89 (full 8):
 def new generation   total 10902784K, used 10522084K [0x00007f80ec600000, 0x00007f83cfc40000, 0x00007f8641b50000)
  eden space 9691392K, 100% used [0x00007f80ec600000, 0x00007f833be40000, 0x00007f833be40000)
  from space 1211392K,  68% used [0x00007f8385d40000, 0x00007f83b88790d0, 0x00007f83cfc40000)
  to   space 1211392K,   0% used [0x00007f833be40000, 0x00007f833be40000, 0x00007f8385d40000)
 tenured generation   total 24228324K, used 17446202K [0x00007f8641b50000, 0x00007f8c087c9000, 0x00007f90ec600000)
   the space 24228324K,  72% used [0x00007f8641b50000, 0x00007f8a6a89e818, 0x00007f8a6a89ea00, 0x00007f8c087c9000)
 Metaspace       used 30459K, capacity 30855K, committed 31232K, reserved 32768K
}
Event: 1637.114 GC heap after
{Heap after GC invocations=90 (full 8):
 def new generation   total 10902784K, used 1045290K [0x00007f80ec600000, 0x00007f83cfc40000, 0x00007f8641b50000)
  eden space 9691392K,   0% used [0x00007f80ec600000, 0x00007f80ec600000, 0x00007f833be40000)
  from space 1211392K,  86% used [0x00007f833be40000, 0x00007f837bb0aa20, 0x00007f8385d40000)
  to   space 1211392K,   0% used [0x00007f8385d40000, 0x00007f8385d40000, 0x00007f83cfc40000)
 tenured generation   total 24228324K, used 18276893K [0x00007f8641b50000, 0x00007f8c087c9000, 0x00007f90ec600000)
   the space 24228324K,  75% used [0x00007f8641b50000, 0x00007f8a9d3d7668, 0x00007f8a9d3d7800, 0x00007f8c087c9000)
 Metaspace       used 30459K, capacity 30855K, committed 31232K, reserved 32768K
}
Event: 1640.040 GC heap before
{Heap before GC invocations=90 (full 8):
 def new generation   total 10902784K, used 10736682K [0x00007f80ec600000, 0x00007f83cfc40000, 0x00007f8641b50000)
  eden space 9691392K, 100% used [0x00007f80ec600000, 0x00007f833be40000, 0x00007f833be40000)
  from space 1211392K,  86% used [0x00007f833be40000, 0x00007f837bb0aa20, 0x00007f8385d40000)
  to   space 1211392K,   0% used [0x00007f8385d40000, 0x00007f8385d40000, 0x00007f83cfc40000)
 tenured generation   total 24228324K, used 18276893K [0x00007f8641b50000, 0x00007f8c087c9000, 0x00007f90ec600000)
   the space 24228324K,  75% used [0x00007f8641b50000, 0x00007f8a9d3d7668, 0x00007f8a9d3d7800, 0x00007f8c087c9000)
 Metaspace       used 30459K, capacity 30855K, committed 31232K, reserved 32768K
}
Event: 1642.335 GC heap after
{Heap after GC invocations=91 (full 8):
 def new generation   total 10902784K, used 945345K [0x00007f80ec600000, 0x00007f83cfc40000, 0x00007f8641b50000)
  eden space 9691392K,   0% used [0x00007f80ec600000, 0x00007f80ec600000, 0x00007f833be40000)
  from space 1211392K,  78% used [0x00007f8385d40000, 0x00007f83bf8706a0, 0x00007f83cfc40000)
  to   space 1211392K,   0% used [0x00007f833be40000, 0x00007f833be40000, 0x00007f8385d40000)
 tenured generation   total 24228324K, used 19322184K [0x00007f8641b50000, 0x00007f8c087c9000, 0x00007f90ec600000)
   the space 24228324K,  79% used [0x00007f8641b50000, 0x00007f8add0a2038, 0x00007f8add0a2200, 0x00007f8c087c9000)
 Metaspace       used 30459K, capacity 30855K, committed 31232K, reserved 32768K
}
Event: 1645.349 GC heap before
{Heap before GC invocations=91 (full 8):
 def new generation   total 10902784K, used 10636737K [0x00007f80ec600000, 0x00007f83cfc40000, 0x00007f8641b50000)
  eden space 9691392K, 100% used [0x00007f80ec600000, 0x00007f833be40000, 0x00007f833be40000)
  from space 1211392K,  78% used [0x00007f8385d40000, 0x00007f83bf8706a0, 0x00007f83cfc40000)
  to   space 1211392K,   0% used [0x00007f833be40000, 0x00007f833be40000, 0x00007f8385d40000)
 tenured generation   total 24228324K, used 19322184K [0x00007f8641b50000, 0x00007f8c087c9000, 0x00007f90ec600000)
   the space 24228324K,  79% used [0x00007f8641b50000, 0x00007f8add0a2038, 0x00007f8add0a2200, 0x00007f8c087c9000)
 Metaspace       used 30459K, capacity 30855K, committed 31232K, reserved 32768K
}
Event: 1647.189 GC heap after
{Heap after GC invocations=92 (full 8):
 def new generation   total 10902784K, used 724548K [0x00007f80ec600000, 0x00007f83cfc40000, 0x00007f8641b50000)
  eden space 9691392K,   0% used [0x00007f80ec600000, 0x00007f80ec600000, 0x00007f833be40000)
  from space 1211392K,  59% used [0x00007f833be40000, 0x00007f83681d11d0, 0x00007f8385d40000)
  to   space 1211392K,   0% used [0x00007f8385d40000, 0x00007f8385d40000, 0x00007f83cfc40000)
 tenured generation   total 24228324K, used 20267528K [0x00007f8641b50000, 0x00007f8c087c9000, 0x00007f90ec600000)
   the space 24228324K,  83% used [0x00007f8641b50000, 0x00007f8b16bd2368, 0x00007f8b16bd2400, 0x00007f8c087c9000)
 Metaspace       used 30459K, capacity 30855K, committed 31232K, reserved 32768K
}
Event: 1650.258 GC heap before
{Heap before GC invocations=92 (full 8):
 def new generation   total 10902784K, used 10415940K [0x00007f80ec600000, 0x00007f83cfc40000, 0x00007f8641b50000)
  eden space 9691392K, 100% used [0x00007f80ec600000, 0x00007f833be40000, 0x00007f833be40000)
  from space 1211392K,  59% used [0x00007f833be40000, 0x00007f83681d11d0, 0x00007f8385d40000)
  to   space 1211392K,   0% used [0x00007f8385d40000, 0x00007f8385d40000, 0x00007f83cfc40000)
 tenured generation   total 24228324K, used 20267528K [0x00007f8641b50000, 0x00007f8c087c9000, 0x00007f90ec600000)
   the space 24228324K,  83% used [0x00007f8641b50000, 0x00007f8b16bd2368, 0x00007f8b16bd2400, 0x00007f8c087c9000)
 Metaspace       used 30459K, capacity 30855K, committed 31232K, reserved 32768K
}
Event: 1651.928 GC heap after
{Heap after GC invocations=93 (full 8):
 def new generation   total 10902784K, used 726492K [0x00007f80ec600000, 0x00007f83cfc40000, 0x00007f8641b50000)
  eden space 9691392K,   0% used [0x00007f80ec600000, 0x00007f80ec600000, 0x00007f833be40000)
  from space 1211392K,  59% used [0x00007f8385d40000, 0x00007f83b22b7258, 0x00007f83cfc40000)
  to   space 1211392K,   0% used [0x00007f833be40000, 0x00007f833be40000, 0x00007f8385d40000)
 tenured generation   total 24228324K, used 20992076K [0x00007f8641b50000, 0x00007f8c087c9000, 0x00007f90ec600000)
   the space 24228324K,  86% used [0x00007f8641b50000, 0x00007f8b42f633e8, 0x00007f8b42f63400, 0x00007f8c087c9000)
 Metaspace       used 30459K, capacity 30855K, committed 31232K, reserved 32768K
}
Event: 1654.931 GC heap before
{Heap before GC invocations=93 (full 8):
 def new generation   total 10902784K, used 10417884K [0x00007f80ec600000, 0x00007f83cfc40000, 0x00007f8641b50000)
  eden space 9691392K, 100% used [0x00007f80ec600000, 0x00007f833be40000, 0x00007f833be40000)
  from space 1211392K,  59% used [0x00007f8385d40000, 0x00007f83b22b7258, 0x00007f83cfc40000)
  to   space 1211392K,   0% used [0x00007f833be40000, 0x00007f833be40000, 0x00007f8385d40000)
 tenured generation   total 24228324K, used 20992076K [0x00007f8641b50000, 0x00007f8c087c9000, 0x00007f90ec600000)
   the space 24228324K,  86% used [0x00007f8641b50000, 0x00007f8b42f633e8, 0x00007f8b42f63400, 0x00007f8c087c9000)
 Metaspace       used 30459K, capacity 30855K, committed 31232K, reserved 32768K
}
Event: 1656.610 GC heap after
{Heap after GC invocations=94 (full 8):
 def new generation   total 10902784K, used 716621K [0x00007f80ec600000, 0x00007f83cfc40000, 0x00007f8641b50000)
  eden space 9691392K,   0% used [0x00007f80ec600000, 0x00007f80ec600000, 0x00007f833be40000)
  from space 1211392K,  59% used [0x00007f833be40000, 0x00007f8367a135e8, 0x00007f8385d40000)
  to   space 1211392K,   0% used [0x00007f8385d40000, 0x00007f8385d40000, 0x00007f83cfc40000)
 tenured generation   total 24228324K, used 21718569K [0x00007f8641b50000, 0x00007f8c087c9000, 0x00007f90ec600000)
   the space 24228324K,  89% used [0x00007f8641b50000, 0x00007f8b6f4da640, 0x00007f8b6f4da800, 0x00007f8c087c9000)
 Metaspace       used 30459K, capacity 30855K, committed 31232K, reserved 32768K
}
Event: 1659.646 GC heap before
{Heap before GC invocations=94 (full 8):
 def new generation   total 10902784K, used 10408013K [0x00007f80ec600000, 0x00007f83cfc40000, 0x00007f8641b50000)
  eden space 9691392K, 100% used [0x00007f80ec600000, 0x00007f833be40000, 0x00007f833be40000)
  from space 1211392K,  59% used [0x00007f833be40000, 0x00007f8367a135e8, 0x00007f8385d40000)
  to   space 1211392K,   0% used [0x00007f8385d40000, 0x00007f8385d40000, 0x00007f83cfc40000)
 tenured generation   total 24228324K, used 21718569K [0x00007f8641b50000, 0x00007f8c087c9000, 0x00007f90ec600000)
   the space 24228324K,  89% used [0x00007f8641b50000, 0x00007f8b6f4da640, 0x00007f8b6f4da800, 0x00007f8c087c9000)
 Metaspace       used 30459K, capacity 30855K, committed 31232K, reserved 32768K
}
Event: 1661.315 GC heap after
{Heap after GC invocations=95 (full 8):
 def new generation   total 10902784K, used 737218K [0x00007f80ec600000, 0x00007f83cfc40000, 0x00007f8641b50000)
  eden space 9691392K,   0% used [0x00007f80ec600000, 0x00007f80ec600000, 0x00007f833be40000)
  from space 1211392K,  60% used [0x00007f8385d40000, 0x00007f83b2d30960, 0x00007f83cfc40000)
  to   space 1211392K,   0% used [0x00007f833be40000, 0x00007f833be40000, 0x00007f8385d40000)
 tenured generation   total 24228324K, used 22435190K [0x00007f8641b50000, 0x00007f8c087c9000, 0x00007f90ec600000)
   the space 24228324K,  92% used [0x00007f8641b50000, 0x00007f8b9b0ad898, 0x00007f8b9b0ada00, 0x00007f8c087c9000)
 Metaspace       used 30459K, capacity 30855K, committed 31232K, reserved 32768K
}
Event: 1664.189 GC heap before
{Heap before GC invocations=95 (full 8):
 def new generation   total 10902784K, used 10428610K [0x00007f80ec600000, 0x00007f83cfc40000, 0x00007f8641b50000)
  eden space 9691392K, 100% used [0x00007f80ec600000, 0x00007f833be40000, 0x00007f833be40000)
  from space 1211392K,  60% used [0x00007f8385d40000, 0x00007f83b2d30960, 0x00007f83cfc40000)
  to   space 1211392K,   0% used [0x00007f833be40000, 0x00007f833be40000, 0x00007f8385d40000)
 tenured generation   total 24228324K, used 22435190K [0x00007f8641b50000, 0x00007f8c087c9000, 0x00007f90ec600000)
   the space 24228324K,  92% used [0x00007f8641b50000, 0x00007f8b9b0ad898, 0x00007f8b9b0ada00, 0x00007f8c087c9000)
 Metaspace       used 30459K, capacity 30855K, committed 31232K, reserved 32768K
}
Event: 1666.113 GC heap after
{Heap after GC invocations=96 (full 8):
 def new generation   total 10902784K, used 833259K [0x00007f80ec600000, 0x00007f83cfc40000, 0x00007f8641b50000)
  eden space 9691392K,   0% used [0x00007f80ec600000, 0x00007f80ec600000, 0x00007f833be40000)
  from space 1211392K,  68% used [0x00007f833be40000, 0x00007f836ebfaef0, 0x00007f8385d40000)
  to   space 1211392K,   0% used [0x00007f8385d40000, 0x00007f8385d40000, 0x00007f83cfc40000)
 tenured generation   total 24228324K, used 23172407K [0x00007f8641b50000, 0x00007f8c087c9000, 0x00007f90ec600000)
   the space 24228324K,  95% used [0x00007f8641b50000, 0x00007f8bc809de28, 0x00007f8bc809e000, 0x00007f8c087c9000)
 Metaspace       used 30459K, capacity 30855K, committed 31232K, reserved 32768K
}
Event: 1668.754 GC heap before
{Heap before GC invocations=96 (full 8):
 def new generation   total 10902784K, used 10524651K [0x00007f80ec600000, 0x00007f83cfc40000, 0x00007f8641b50000)
  eden space 9691392K, 100% used [0x00007f80ec600000, 0x00007f833be40000, 0x00007f833be40000)
  from space 1211392K,  68% used [0x00007f833be40000, 0x00007f836ebfaef0, 0x00007f8385d40000)
  to   space 1211392K,   0% used [0x00007f8385d40000, 0x00007f8385d40000, 0x00007f83cfc40000)
 tenured generation   total 24228324K, used 23172407K [0x00007f8641b50000, 0x00007f8c087c9000, 0x00007f90ec600000)
   the space 24228324K,  95% used [0x00007f8641b50000, 0x00007f8bc809de28, 0x00007f8bc809e000, 0x00007f8c087c9000)
 Metaspace       used 30459K, capacity 30855K, committed 31232K, reserved 32768K
}
Event: 1671.200 GC heap after
{Heap after GC invocations=97 (full 8):
 def new generation   total 10902784K, used 1044123K [0x00007f80ec600000, 0x00007f83cfc40000, 0x00007f8641b50000)
  eden space 9691392K,   0% used [0x00007f80ec600000, 0x00007f80ec600000, 0x00007f833be40000)
  from space 1211392K,  86% used [0x00007f8385d40000, 0x00007f83c58e6ca0, 0x00007f83cfc40000)
  to   space 1211392K,   0% used [0x00007f833be40000, 0x00007f833be40000, 0x00007f8385d40000)
 tenured generation   total 24228324K, used 24005666K [0x00007f8641b50000, 0x00007f8c087c9000, 0x00007f90ec600000)
   the space 24228324K,  99% used [0x00007f8641b50000, 0x00007f8bfae588e8, 0x00007f8bfae58a00, 0x00007f8c087c9000)
 Metaspace       used 30459K, capacity 30855K, committed 31232K, reserved 32768K
}
Event: 1673.969 GC heap before
{Heap before GC invocations=97 (full 8):
 def new generation   total 10902784K, used 10735515K [0x00007f80ec600000, 0x00007f83cfc40000, 0x00007f8641b50000)
  eden space 9691392K, 100% used [0x00007f80ec600000, 0x00007f833be40000, 0x00007f833be40000)
  from space 1211392K,  86% used [0x00007f8385d40000, 0x00007f83c58e6ca0, 0x00007f83cfc40000)
  to   space 1211392K,   0% used [0x00007f833be40000, 0x00007f833be40000, 0x00007f8385d40000)
 tenured generation   total 24228324K, used 24005666K [0x00007f8641b50000, 0x00007f8c087c9000, 0x00007f90ec600000)
   the space 24228324K,  99% used [0x00007f8641b50000, 0x00007f8bfae588e8, 0x00007f8bfae58a00, 0x00007f8c087c9000)
 Metaspace       used 30459K, capacity 30855K, committed 31232K, reserved 32768K
}
Event: 1676.477 GC heap after
{Heap after GC invocations=98 (full 8):
 def new generation   total 10902784K, used 960358K [0x00007f80ec600000, 0x00007f83cfc40000, 0x00007f8641b50000)
  eden space 9691392K,   0% used [0x00007f80ec600000, 0x00007f80ec600000, 0x00007f833be40000)
  from space 1211392K,  79% used [0x00007f833be40000, 0x00007f8376819b60, 0x00007f8385d40000)
  to   space 1211392K,   0% used [0x00007f8385d40000, 0x00007f8385d40000, 0x00007f83cfc40000)
 tenured generation   total 25049892K, used 25049788K [0x00007f8641b50000, 0x00007f8c3aa19000, 0x00007f90ec600000)
   the space 25049892K,  99% used [0x00007f8641b50000, 0x00007f8c3a9ff268, 0x00007f8c3a9ff400, 0x00007f8c3aa19000)
 Metaspace       used 30459K, capacity 30855K, committed 31232K, reserved 32768K
}
Event: 1676.477 GC heap before
{Heap before GC invocations=98 (full 8):
 def new generation   total 10902784K, used 960358K [0x00007f80ec600000, 0x00007f83cfc40000, 0x00007f8641b50000)
  eden space 9691392K,   0% used [0x00007f80ec600000, 0x00007f80ec600000, 0x00007f833be40000)
  from space 1211392K,  79% used [0x00007f833be40000, 0x00007f8376819b60, 0x00007f8385d40000)
  to   space 1211392K,   0% used [0x00007f8385d40000, 0x00007f8385d40000, 0x00007f83cfc40000)
 tenured generation   total 25049892K, used 25049788K [0x00007f8641b50000, 0x00007f8c3aa19000, 0x00007f90ec600000)
   the space 25049892K,  99% used [0x00007f8641b50000, 0x00007f8c3a9ff268, 0x00007f8c3a9ff400, 0x00007f8c3aa19000)
 Metaspace       used 30459K, capacity 30855K, committed 31232K, reserved 32768K
}

