# JRE version: OpenJDK Runtime Environment (13.0.7+5) (build 13.0.7+5-Ubuntu-0ubuntu120.04)
# Java VM: OpenJDK 64-Bit Server VM (13.0.7+5-Ubuntu-0ubuntu120.04, mixed mode, tiered, serial gc, linux-amd64)
Heap:
 def new generation   total 7163072K, used 429094K [0x00007f3660600000, 0x00007f3846260000, 0x00007f3bb5b50000)
  eden space 6367232K,   6% used [0x00007f3660600000, 0x00007f367a9099a0, 0x00007f37e5000000)
  from space 795840K,   0% used [0x00007f37e5000000, 0x00007f37e5000000, 0x00007f3815930000)
  to   space 795840K,   0% used [0x00007f3815930000, 0x00007f3815930000, 0x00007f3846260000)
 tenured generation   total 15945432K, used 15945431K [0x00007f3bb5b50000, 0x00007f3f82f06000, 0x00007f4660600000)
   the space 15945432K,  99% used [0x00007f3bb5b50000, 0x00007f3f82f05fd0, 0x00007f3f82f06000, 0x00007f3f82f06000)
 Metaspace       used 30657K, capacity 31050K, committed 31232K, reserved 32768K
GC Heap History (20 events):
Event: 655.110 GC heap after
{Heap after GC invocations=72 (full 6):
 def new generation   total 7163072K, used 713408K [0x00007f3660600000, 0x00007f3846260000, 0x00007f3bb5b50000)
  eden space 6367232K,   0% used [0x00007f3660600000, 0x00007f3660600000, 0x00007f37e5000000)
  from space 795840K,  89% used [0x00007f3815930000, 0x00007f38411e02b0, 0x00007f3846260000)
  to   space 795840K,   0% used [0x00007f37e5000000, 0x00007f37e5000000, 0x00007f3815930000)
 tenured generation   total 15917784K, used 11441088K [0x00007f3bb5b50000, 0x00007f3f81406000, 0x00007f4660600000)
   the space 15917784K,  71% used [0x00007f3bb5b50000, 0x00007f3e700401f8, 0x00007f3e70040200, 0x00007f3f81406000)
 Metaspace       used 30657K, capacity 31050K, committed 31232K, reserved 32768K
}
Event: 657.336 GC heap before
{Heap before GC invocations=72 (full 6):
 def new generation   total 7163072K, used 7080640K [0x00007f3660600000, 0x00007f3846260000, 0x00007f3bb5b50000)
  eden space 6367232K, 100% used [0x00007f3660600000, 0x00007f37e5000000, 0x00007f37e5000000)
  from space 795840K,  89% used [0x00007f3815930000, 0x00007f38411e02b0, 0x00007f3846260000)
  to   space 795840K,   0% used [0x00007f37e5000000, 0x00007f37e5000000, 0x00007f3815930000)
 tenured generation   total 15917784K, used 11441088K [0x00007f3bb5b50000, 0x00007f3f81406000, 0x00007f4660600000)
   the space 15917784K,  71% used [0x00007f3bb5b50000, 0x00007f3e700401f8, 0x00007f3e70040200, 0x00007f3f81406000)
 Metaspace       used 30657K, capacity 31050K, committed 31232K, reserved 32768K
}
Event: 659.471 GC heap after
{Heap after GC invocations=73 (full 6):
 def new generation   total 7163072K, used 476617K [0x00007f3660600000, 0x00007f3846260000, 0x00007f3bb5b50000)
  eden space 6367232K,   0% used [0x00007f3660600000, 0x00007f3660600000, 0x00007f37e5000000)
  from space 795840K,  59% used [0x00007f37e5000000, 0x00007f3802172530, 0x00007f3815930000)
  to   space 795840K,   0% used [0x00007f3815930000, 0x00007f3815930000, 0x00007f3846260000)
 tenured generation   total 15917784K, used 12154496K [0x00007f3bb5b50000, 0x00007f3f81406000, 0x00007f4660600000)
   the space 15917784K,  76% used [0x00007f3bb5b50000, 0x00007f3e9b8f0118, 0x00007f3e9b8f0200, 0x00007f3f81406000)
 Metaspace       used 30657K, capacity 31050K, committed 31232K, reserved 32768K
}
Event: 661.711 GC heap before
{Heap before GC invocations=73 (full 6):
 def new generation   total 7163072K, used 6843849K [0x00007f3660600000, 0x00007f3846260000, 0x00007f3bb5b50000)
  eden space 6367232K, 100% used [0x00007f3660600000, 0x00007f37e5000000, 0x00007f37e5000000)
  from space 795840K,  59% used [0x00007f37e5000000, 0x00007f3802172530, 0x00007f3815930000)
  to   space 795840K,   0% used [0x00007f3815930000, 0x00007f3815930000, 0x00007f3846260000)
 tenured generation   total 15917784K, used 12154496K [0x00007f3bb5b50000, 0x00007f3f81406000, 0x00007f4660600000)
   the space 15917784K,  76% used [0x00007f3bb5b50000, 0x00007f3e9b8f0118, 0x00007f3e9b8f0200, 0x00007f3f81406000)
 Metaspace       used 30657K, capacity 31050K, committed 31232K, reserved 32768K
}
Event: 663.506 GC heap after
{Heap after GC invocations=74 (full 6):
 def new generation   total 7163072K, used 476746K [0x00007f3660600000, 0x00007f3846260000, 0x00007f3bb5b50000)
  eden space 6367232K,   0% used [0x00007f3660600000, 0x00007f3660600000, 0x00007f37e5000000)
  from space 795840K,  59% used [0x00007f3815930000, 0x00007f3832ac2900, 0x00007f3846260000)
  to   space 795840K,   0% used [0x00007f37e5000000, 0x00007f37e5000000, 0x00007f3815930000)
 tenured generation   total 15917784K, used 12631113K [0x00007f3bb5b50000, 0x00007f3f81406000, 0x00007f4660600000)
   the space 15917784K,  79% used [0x00007f3bb5b50000, 0x00007f3eb8a62458, 0x00007f3eb8a62600, 0x00007f3f81406000)
 Metaspace       used 30657K, capacity 31050K, committed 31232K, reserved 32768K
}
Event: 665.632 GC heap before
{Heap before GC invocations=74 (full 6):
 def new generation   total 7163072K, used 6843978K [0x00007f3660600000, 0x00007f3846260000, 0x00007f3bb5b50000)
  eden space 6367232K, 100% used [0x00007f3660600000, 0x00007f37e5000000, 0x00007f37e5000000)
  from space 795840K,  59% used [0x00007f3815930000, 0x00007f3832ac2900, 0x00007f3846260000)
  to   space 795840K,   0% used [0x00007f37e5000000, 0x00007f37e5000000, 0x00007f3815930000)
 tenured generation   total 15917784K, used 12631113K [0x00007f3bb5b50000, 0x00007f3f81406000, 0x00007f4660600000)
   the space 15917784K,  79% used [0x00007f3bb5b50000, 0x00007f3eb8a62458, 0x00007f3eb8a62600, 0x00007f3f81406000)
 Metaspace       used 30657K, capacity 31050K, committed 31232K, reserved 32768K
}
Event: 667.405 GC heap after
{Heap after GC invocations=75 (full 6):
 def new generation   total 7163072K, used 473247K [0x00007f3660600000, 0x00007f3846260000, 0x00007f3bb5b50000)
  eden space 6367232K,   0% used [0x00007f3660600000, 0x00007f3660600000, 0x00007f37e5000000)
  from space 795840K,  59% used [0x00007f37e5000000, 0x00007f3801e27ee0, 0x00007f3815930000)
  to   space 795840K,   0% used [0x00007f3815930000, 0x00007f3815930000, 0x00007f3846260000)
 tenured generation   total 15917784K, used 13107859K [0x00007f3bb5b50000, 0x00007f3f81406000, 0x00007f4660600000)
   the space 15917784K,  82% used [0x00007f3bb5b50000, 0x00007f3ed5bf4c58, 0x00007f3ed5bf4e00, 0x00007f3f81406000)
 Metaspace       used 30657K, capacity 31050K, committed 31232K, reserved 32768K
}
Event: 669.363 GC heap before
{Heap before GC invocations=75 (full 6):
 def new generation   total 7163072K, used 6840479K [0x00007f3660600000, 0x00007f3846260000, 0x00007f3bb5b50000)
  eden space 6367232K, 100% used [0x00007f3660600000, 0x00007f37e5000000, 0x00007f37e5000000)
  from space 795840K,  59% used [0x00007f37e5000000, 0x00007f3801e27ee0, 0x00007f3815930000)
  to   space 795840K,   0% used [0x00007f3815930000, 0x00007f3815930000, 0x00007f3846260000)
 tenured generation   total 15917784K, used 13107859K [0x00007f3bb5b50000, 0x00007f3f81406000, 0x00007f4660600000)
   the space 15917784K,  82% used [0x00007f3bb5b50000, 0x00007f3ed5bf4c58, 0x00007f3ed5bf4e00, 0x00007f3f81406000)
 Metaspace       used 30657K, capacity 31050K, committed 31232K, reserved 32768K
}
Event: 671.209 GC heap after
{Heap after GC invocations=76 (full 6):
 def new generation   total 7163072K, used 474353K [0x00007f3660600000, 0x00007f3846260000, 0x00007f3bb5b50000)
  eden space 6367232K,   0% used [0x00007f3660600000, 0x00007f3660600000, 0x00007f37e5000000)
  from space 795840K,  59% used [0x00007f3815930000, 0x00007f383286c500, 0x00007f3846260000)
  to   space 795840K,   0% used [0x00007f37e5000000, 0x00007f37e5000000, 0x00007f3815930000)
 tenured generation   total 15917784K, used 13581106K [0x00007f3bb5b50000, 0x00007f3f81406000, 0x00007f4660600000)
   the space 15917784K,  85% used [0x00007f3bb5b50000, 0x00007f3ef2a1c9e8, 0x00007f3ef2a1ca00, 0x00007f3f81406000)
 Metaspace       used 30657K, capacity 31050K, committed 31232K, reserved 32768K
}
Event: 673.097 GC heap before
{Heap before GC invocations=76 (full 6):
 def new generation   total 7163072K, used 6841585K [0x00007f3660600000, 0x00007f3846260000, 0x00007f3bb5b50000)
  eden space 6367232K, 100% used [0x00007f3660600000, 0x00007f37e5000000, 0x00007f37e5000000)
  from space 795840K,  59% used [0x00007f3815930000, 0x00007f383286c500, 0x00007f3846260000)
  to   space 795840K,   0% used [0x00007f37e5000000, 0x00007f37e5000000, 0x00007f3815930000)
 tenured generation   total 15917784K, used 13581106K [0x00007f3bb5b50000, 0x00007f3f81406000, 0x00007f4660600000)
   the space 15917784K,  85% used [0x00007f3bb5b50000, 0x00007f3ef2a1c9e8, 0x00007f3ef2a1ca00, 0x00007f3f81406000)
 Metaspace       used 30657K, capacity 31050K, committed 31232K, reserved 32768K
}
Event: 675.098 GC heap after
{Heap after GC invocations=77 (full 6):
 def new generation   total 7163072K, used 473893K [0x00007f3660600000, 0x00007f3846260000, 0x00007f3bb5b50000)
  eden space 6367232K,   0% used [0x00007f3660600000, 0x00007f3660600000, 0x00007f37e5000000)
  from space 795840K,  59% used [0x00007f37e5000000, 0x00007f3801ec9600, 0x00007f3815930000)
  to   space 795840K,   0% used [0x00007f3815930000, 0x00007f3815930000, 0x00007f3846260000)
 tenured generation   total 15917784K, used 14055459K [0x00007f3bb5b50000, 0x00007f3f81406000, 0x00007f4660600000)
   the space 15917784K,  88% used [0x00007f3bb5b50000, 0x00007f3f0f958cb8, 0x00007f3f0f958e00, 0x00007f3f81406000)
 Metaspace       used 30657K, capacity 31050K, committed 31232K, reserved 32768K
}
Event: 677.093 GC heap before
{Heap before GC invocations=77 (full 6):
 def new generation   total 7163072K, used 6841125K [0x00007f3660600000, 0x00007f3846260000, 0x00007f3bb5b50000)
  eden space 6367232K, 100% used [0x00007f3660600000, 0x00007f37e5000000, 0x00007f37e5000000)
  from space 795840K,  59% used [0x00007f37e5000000, 0x00007f3801ec9600, 0x00007f3815930000)
  to   space 795840K,   0% used [0x00007f3815930000, 0x00007f3815930000, 0x00007f3846260000)
 tenured generation   total 15917784K, used 14055459K [0x00007f3bb5b50000, 0x00007f3f81406000, 0x00007f4660600000)
   the space 15917784K,  88% used [0x00007f3bb5b50000, 0x00007f3f0f958cb8, 0x00007f3f0f958e00, 0x00007f3f81406000)
 Metaspace       used 30657K, capacity 31050K, committed 31232K, reserved 32768K
}
Event: 678.954 GC heap after
{Heap after GC invocations=78 (full 6):
 def new generation   total 7163072K, used 472261K [0x00007f3660600000, 0x00007f3846260000, 0x00007f3bb5b50000)
  eden space 6367232K,   0% used [0x00007f3660600000, 0x00007f3660600000, 0x00007f37e5000000)
  from space 795840K,  59% used [0x00007f3815930000, 0x00007f3832661430, 0x00007f3846260000)
  to   space 795840K,   0% used [0x00007f37e5000000, 0x00007f37e5000000, 0x00007f3815930000)
 tenured generation   total 15917784K, used 14529352K [0x00007f3bb5b50000, 0x00007f3f81406000, 0x00007f4660600000)
   the space 15917784K,  91% used [0x00007f3bb5b50000, 0x00007f3f2c822038, 0x00007f3f2c822200, 0x00007f3f81406000)
 Metaspace       used 30657K, capacity 31050K, committed 31232K, reserved 32768K
}
Event: 680.820 GC heap before
{Heap before GC invocations=78 (full 6):
 def new generation   total 7163072K, used 6839493K [0x00007f3660600000, 0x00007f3846260000, 0x00007f3bb5b50000)
  eden space 6367232K, 100% used [0x00007f3660600000, 0x00007f37e5000000, 0x00007f37e5000000)
  from space 795840K,  59% used [0x00007f3815930000, 0x00007f3832661430, 0x00007f3846260000)
  to   space 795840K,   0% used [0x00007f37e5000000, 0x00007f37e5000000, 0x00007f3815930000)
 tenured generation   total 15917784K, used 14529352K [0x00007f3bb5b50000, 0x00007f3f81406000, 0x00007f4660600000)
   the space 15917784K,  91% used [0x00007f3bb5b50000, 0x00007f3f2c822038, 0x00007f3f2c822200, 0x00007f3f81406000)
 Metaspace       used 30657K, capacity 31050K, committed 31232K, reserved 32768K
}
Event: 682.627 GC heap after
{Heap after GC invocations=79 (full 6):
 def new generation   total 7163072K, used 469748K [0x00007f3660600000, 0x00007f3846260000, 0x00007f3bb5b50000)
  eden space 6367232K,   0% used [0x00007f3660600000, 0x00007f3660600000, 0x00007f37e5000000)
  from space 795840K,  59% used [0x00007f37e5000000, 0x00007f3801abd2f0, 0x00007f3815930000)
  to   space 795840K,   0% used [0x00007f3815930000, 0x00007f3815930000, 0x00007f3846260000)
 tenured generation   total 15917784K, used 15001612K [0x00007f3bb5b50000, 0x00007f3f81406000, 0x00007f4660600000)
   the space 15917784K,  94% used [0x00007f3bb5b50000, 0x00007f3f49553128, 0x00007f3f49553200, 0x00007f3f81406000)
 Metaspace       used 30657K, capacity 31050K, committed 31232K, reserved 32768K
}
Event: 684.588 GC heap before
{Heap before GC invocations=79 (full 6):
 def new generation   total 7163072K, used 6836980K [0x00007f3660600000, 0x00007f3846260000, 0x00007f3bb5b50000)
  eden space 6367232K, 100% used [0x00007f3660600000, 0x00007f37e5000000, 0x00007f37e5000000)
  from space 795840K,  59% used [0x00007f37e5000000, 0x00007f3801abd2f0, 0x00007f3815930000)
  to   space 795840K,   0% used [0x00007f3815930000, 0x00007f3815930000, 0x00007f3846260000)
 tenured generation   total 15917784K, used 15001612K [0x00007f3bb5b50000, 0x00007f3f81406000, 0x00007f4660600000)
   the space 15917784K,  94% used [0x00007f3bb5b50000, 0x00007f3f49553128, 0x00007f3f49553200, 0x00007f3f81406000)
 Metaspace       used 30657K, capacity 31050K, committed 31232K, reserved 32768K
}
Event: 686.317 GC heap after
{Heap after GC invocations=80 (full 6):
 def new generation   total 7163072K, used 473987K [0x00007f3660600000, 0x00007f3846260000, 0x00007f3bb5b50000)
  eden space 6367232K,   0% used [0x00007f3660600000, 0x00007f3660600000, 0x00007f37e5000000)
  from space 795840K,  59% used [0x00007f3815930000, 0x00007f3832810ca0, 0x00007f3846260000)
  to   space 795840K,   0% used [0x00007f37e5000000, 0x00007f37e5000000, 0x00007f3815930000)
 tenured generation   total 15917784K, used 15471360K [0x00007f3bb5b50000, 0x00007f3f81406000, 0x00007f4660600000)
   the space 15917784K,  97% used [0x00007f3bb5b50000, 0x00007f3f66010178, 0x00007f3f66010200, 0x00007f3f81406000)
 Metaspace       used 30657K, capacity 31050K, committed 31232K, reserved 32768K
}
Event: 688.130 GC heap before
{Heap before GC invocations=80 (full 6):
 def new generation   total 7163072K, used 6841219K [0x00007f3660600000, 0x00007f3846260000, 0x00007f3bb5b50000)
  eden space 6367232K, 100% used [0x00007f3660600000, 0x00007f37e5000000, 0x00007f37e5000000)
  from space 795840K,  59% used [0x00007f3815930000, 0x00007f3832810ca0, 0x00007f3846260000)
  to   space 795840K,   0% used [0x00007f37e5000000, 0x00007f37e5000000, 0x00007f3815930000)
 tenured generation   total 15917784K, used 15471360K [0x00007f3bb5b50000, 0x00007f3f81406000, 0x00007f4660600000)
   the space 15917784K,  97% used [0x00007f3bb5b50000, 0x00007f3f66010178, 0x00007f3f66010200, 0x00007f3f81406000)
 Metaspace       used 30657K, capacity 31050K, committed 31232K, reserved 32768K
}
Event: 690.474 GC heap after
{Heap after GC invocations=81 (full 6):
 def new generation   total 7163072K, used 679037K [0x00007f3660600000, 0x00007f3846260000, 0x00007f3bb5b50000)
  eden space 6367232K,   0% used [0x00007f3660600000, 0x00007f3660600000, 0x00007f37e5000000)
  from space 795840K,  85% used [0x00007f37e5000000, 0x00007f380e71f4a8, 0x00007f3815930000)
  to   space 795840K,   0% used [0x00007f3815930000, 0x00007f3815930000, 0x00007f3846260000)
 tenured generation   total 15945432K, used 15945346K [0x00007f3bb5b50000, 0x00007f3f82f06000, 0x00007f4660600000)
   the space 15945432K,  99% used [0x00007f3bb5b50000, 0x00007f3f82ef0aa8, 0x00007f3f82ef0c00, 0x00007f3f82f06000)
 Metaspace       used 30657K, capacity 31050K, committed 31232K, reserved 32768K
}
Event: 690.474 GC heap before
{Heap before GC invocations=81 (full 6):
 def new generation   total 7163072K, used 679037K [0x00007f3660600000, 0x00007f3846260000, 0x00007f3bb5b50000)
  eden space 6367232K,   0% used [0x00007f3660600000, 0x00007f3660600000, 0x00007f37e5000000)
  from space 795840K,  85% used [0x00007f37e5000000, 0x00007f380e71f4a8, 0x00007f3815930000)
  to   space 795840K,   0% used [0x00007f3815930000, 0x00007f3815930000, 0x00007f3846260000)
 tenured generation   total 15945432K, used 15945346K [0x00007f3bb5b50000, 0x00007f3f82f06000, 0x00007f4660600000)
   the space 15945432K,  99% used [0x00007f3bb5b50000, 0x00007f3f82ef0aa8, 0x00007f3f82ef0c00, 0x00007f3f82f06000)
 Metaspace       used 30657K, capacity 31050K, committed 31232K, reserved 32768K
}

