# JRE version: OpenJDK Runtime Environment (13.0.7+5) (build 13.0.7+5-Ubuntu-0ubuntu120.04)
# Java VM: OpenJDK 64-Bit Server VM (13.0.7+5-Ubuntu-0ubuntu120.04, mixed mode, tiered, serial gc, linux-amd64)
Heap:
 def new generation   total 1478592K, used 0K [0x00007f2bf8600000, 0x00007f2c5ca50000, 0x00007f314db50000)
  eden space 1314368K,   0% used [0x00007f2bf8600000, 0x00007f2bf8600000, 0x00007f2c48990000)
  from space 164224K,   0% used [0x00007f2c48990000, 0x00007f2c48990000, 0x00007f2c529f0000)
  to   space 164224K,   0% used [0x00007f2c529f0000, 0x00007f2c529f0000, 0x00007f2c5ca50000)
 tenured generation   total 3285588K, used 11662K [0x00007f314db50000, 0x00007f32163e5000, 0x00007f3bf8600000)
   the space 3285588K,   0% used [0x00007f314db50000, 0x00007f314e6b3bd0, 0x00007f314e6b3c00, 0x00007f32163e5000)
 Metaspace       used 23125K, capacity 23457K, committed 23552K, reserved 24576K
GC Heap History (20 events):
Event: 3.411 GC heap before
{Heap before GC invocations=0 (full 0):
 def new generation   total 629120K, used 145401K [0x00007f2bf8600000, 0x00007f2c230a0000, 0x00007f314db50000)
  eden space 559232K,  26% used [0x00007f2bf8600000, 0x00007f2c013fe408, 0x00007f2c1a820000)
  from space 69888K,   0% used [0x00007f2c1a820000, 0x00007f2c1a820000, 0x00007f2c1ec60000)
  to   space 69888K,   0% used [0x00007f2c1ec60000, 0x00007f2c1ec60000, 0x00007f2c230a0000)
 tenured generation   total 1398144K, used 0K [0x00007f314db50000, 0x00007f31a30b0000, 0x00007f3bf8600000)
   the space 1398144K,   0% used [0x00007f314db50000, 0x00007f314db50000, 0x00007f314db50200, 0x00007f31a30b0000)
 Metaspace       used 20938K, capacity 21226K, committed 21248K, reserved 22528K
}
Event: 3.492 GC heap after
{Heap after GC invocations=1 (full 1):
 def new generation   total 629248K, used 0K [0x00007f2bf8600000, 0x00007f2c230c0000, 0x00007f314db50000)
  eden space 559360K,   0% used [0x00007f2bf8600000, 0x00007f2bf8600000, 0x00007f2c1a840000)
  from space 69888K,   0% used [0x00007f2c1a840000, 0x00007f2c1a840000, 0x00007f2c1ec80000)
  to   space 69888K,   0% used [0x00007f2c1ec80000, 0x00007f2c1ec80000, 0x00007f2c230c0000)
 tenured generation   total 1398144K, used 13608K [0x00007f314db50000, 0x00007f31a30b0000, 0x00007f3bf8600000)
   the space 1398144K,   0% used [0x00007f314db50000, 0x00007f314e89a300, 0x00007f314e89a400, 0x00007f31a30b0000)
 Metaspace       used 20938K, capacity 21226K, committed 21248K, reserved 22528K
}
Event: 4.489 GC heap before
{Heap before GC invocations=1 (full 1):
 def new generation   total 629248K, used 559360K [0x00007f2bf8600000, 0x00007f2c230c0000, 0x00007f314db50000)
  eden space 559360K, 100% used [0x00007f2bf8600000, 0x00007f2c1a840000, 0x00007f2c1a840000)
  from space 69888K,   0% used [0x00007f2c1a840000, 0x00007f2c1a840000, 0x00007f2c1ec80000)
  to   space 69888K,   0% used [0x00007f2c1ec80000, 0x00007f2c1ec80000, 0x00007f2c230c0000)
 tenured generation   total 1398144K, used 13608K [0x00007f314db50000, 0x00007f31a30b0000, 0x00007f3bf8600000)
   the space 1398144K,   0% used [0x00007f314db50000, 0x00007f314e89a300, 0x00007f314e89a400, 0x00007f31a30b0000)
 Metaspace       used 22884K, capacity 23231K, committed 23296K, reserved 24576K
}
Event: 4.494 GC heap after
{Heap after GC invocations=2 (full 1):
 def new generation   total 629248K, used 717K [0x00007f2bf8600000, 0x00007f2c230c0000, 0x00007f314db50000)
  eden space 559360K,   0% used [0x00007f2bf8600000, 0x00007f2bf8600000, 0x00007f2c1a840000)
  from space 69888K,   1% used [0x00007f2c1ec80000, 0x00007f2c1ed334f8, 0x00007f2c230c0000)
  to   space 69888K,   0% used [0x00007f2c1a840000, 0x00007f2c1a840000, 0x00007f2c1ec80000)
 tenured generation   total 1398144K, used 13608K [0x00007f314db50000, 0x00007f31a30b0000, 0x00007f3bf8600000)
   the space 1398144K,   0% used [0x00007f314db50000, 0x00007f314e89a300, 0x00007f314e89a400, 0x00007f31a30b0000)
 Metaspace       used 22884K, capacity 23231K, committed 23296K, reserved 24576K
}
Event: 5.131 GC heap before
{Heap before GC invocations=2 (full 1):
 def new generation   total 629248K, used 491223K [0x00007f2bf8600000, 0x00007f2c230c0000, 0x00007f314db50000)
  eden space 559360K,  87% used [0x00007f2bf8600000, 0x00007f2c16502870, 0x00007f2c1a840000)
  from space 69888K,   1% used [0x00007f2c1ec80000, 0x00007f2c1ed334f8, 0x00007f2c230c0000)
  to   space 69888K,   0% used [0x00007f2c1a840000, 0x00007f2c1a840000, 0x00007f2c1ec80000)
 tenured generation   total 1398144K, used 13608K [0x00007f314db50000, 0x00007f31a30b0000, 0x00007f3bf8600000)
   the space 1398144K,   0% used [0x00007f314db50000, 0x00007f314e89a300, 0x00007f314e89a400, 0x00007f31a30b0000)
 Metaspace       used 23123K, capacity 23457K, committed 23552K, reserved 24576K
}
Event: 5.161 GC heap after
{Heap after GC invocations=3 (full 1):
 def new generation   total 629248K, used 66598K [0x00007f2bf8600000, 0x00007f2c230c0000, 0x00007f314db50000)
  eden space 559360K,   0% used [0x00007f2bf8600000, 0x00007f2bf8600000, 0x00007f2c1a840000)
  from space 69888K,  95% used [0x00007f2c1a840000, 0x00007f2c1e9498c0, 0x00007f2c1ec80000)
  to   space 69888K,   0% used [0x00007f2c1ec80000, 0x00007f2c1ec80000, 0x00007f2c230c0000)
 tenured generation   total 1398144K, used 13608K [0x00007f314db50000, 0x00007f31a30b0000, 0x00007f3bf8600000)
   the space 1398144K,   0% used [0x00007f314db50000, 0x00007f314e89a300, 0x00007f314e89a400, 0x00007f31a30b0000)
 Metaspace       used 23123K, capacity 23457K, committed 23552K, reserved 24576K
}
Event: 5.484 GC heap before
{Heap before GC invocations=3 (full 1):
 def new generation   total 629248K, used 605449K [0x00007f2bf8600000, 0x00007f2c230c0000, 0x00007f314db50000)
  eden space 559360K,  96% used [0x00007f2bf8600000, 0x00007f2c19438c00, 0x00007f2c1a840000)
  from space 69888K,  95% used [0x00007f2c1a840000, 0x00007f2c1e9498c0, 0x00007f2c1ec80000)
  to   space 69888K,   0% used [0x00007f2c1ec80000, 0x00007f2c1ec80000, 0x00007f2c230c0000)
 tenured generation   total 1398144K, used 13608K [0x00007f314db50000, 0x00007f31a30b0000, 0x00007f3bf8600000)
   the space 1398144K,   0% used [0x00007f314db50000, 0x00007f314e89a300, 0x00007f314e89a400, 0x00007f31a30b0000)
 Metaspace       used 23124K, capacity 23457K, committed 23552K, reserved 24576K
}
Event: 5.546 GC heap after
{Heap after GC invocations=4 (full 1):
 def new generation   total 629248K, used 2K [0x00007f2bf8600000, 0x00007f2c230c0000, 0x00007f314db50000)
  eden space 559360K,   0% used [0x00007f2bf8600000, 0x00007f2bf8600000, 0x00007f2c1a840000)
  from space 69888K,   0% used [0x00007f2c1ec80000, 0x00007f2c1ec809c8, 0x00007f2c230c0000)
  to   space 69888K,   0% used [0x00007f2c1a840000, 0x00007f2c1a840000, 0x00007f2c1ec80000)
 tenured generation   total 1398144K, used 276811K [0x00007f314db50000, 0x00007f31a30b0000, 0x00007f3bf8600000)
   the space 1398144K,  19% used [0x00007f314db50000, 0x00007f315e9a2da0, 0x00007f315e9a2e00, 0x00007f31a30b0000)
 Metaspace       used 23124K, capacity 23457K, committed 23552K, reserved 24576K
}
Event: 5.546 GC heap before
{Heap before GC invocations=4 (full 1):
 def new generation   total 629248K, used 2K [0x00007f2bf8600000, 0x00007f2c230c0000, 0x00007f314db50000)
  eden space 559360K,   0% used [0x00007f2bf8600000, 0x00007f2bf8600000, 0x00007f2c1a840000)
  from space 69888K,   0% used [0x00007f2c1ec80000, 0x00007f2c1ec809c8, 0x00007f2c230c0000)
  to   space 69888K,   0% used [0x00007f2c1a840000, 0x00007f2c1a840000, 0x00007f2c1ec80000)
 tenured generation   total 1398144K, used 276811K [0x00007f314db50000, 0x00007f31a30b0000, 0x00007f3bf8600000)
   the space 1398144K,  19% used [0x00007f314db50000, 0x00007f315e9a2da0, 0x00007f315e9a2e00, 0x00007f31a30b0000)
 Metaspace       used 23124K, capacity 23457K, committed 23552K, reserved 24576K
}
Event: 5.566 GC heap after
{Heap after GC invocations=4 (full 2):
 def new generation   total 629248K, used 0K [0x00007f2bf8600000, 0x00007f2c230c0000, 0x00007f314db50000)
  eden space 559360K,   0% used [0x00007f2bf8600000, 0x00007f2bf8600000, 0x00007f2c1a840000)
  from space 69888K,   0% used [0x00007f2c1ec80000, 0x00007f2c1ec80000, 0x00007f2c230c0000)
  to   space 69888K,   0% used [0x00007f2c1a840000, 0x00007f2c1a840000, 0x00007f2c1ec80000)
 tenured generation   total 1398144K, used 276813K [0x00007f314db50000, 0x00007f31a30b0000, 0x00007f3bf8600000)
   the space 1398144K,  19% used [0x00007f314db50000, 0x00007f315e9a3768, 0x00007f315e9a3800, 0x00007f31a30b0000)
 Metaspace       used 23124K, capacity 23457K, committed 23552K, reserved 24576K
}
Event: 8.759 GC heap before
{Heap before GC invocations=4 (full 2):
 def new generation   total 629248K, used 535261K [0x00007f2bf8600000, 0x00007f2c230c0000, 0x00007f314db50000)
  eden space 559360K,  95% used [0x00007f2bf8600000, 0x00007f2c190b76a8, 0x00007f2c1a840000)
  from space 69888K,   0% used [0x00007f2c1ec80000, 0x00007f2c1ec80000, 0x00007f2c230c0000)
  to   space 69888K,   0% used [0x00007f2c1a840000, 0x00007f2c1a840000, 0x00007f2c1ec80000)
 tenured generation   total 3495300K, used 3422541K [0x00007f314db50000, 0x00007f32230b1000, 0x00007f3bf8600000)
   the space 3495300K,  97% used [0x00007f314db50000, 0x00007f321e9a3798, 0x00007f321e9a3800, 0x00007f32230b1000)
 Metaspace       used 23124K, capacity 23457K, committed 23552K, reserved 24576K
}
Event: 9.061 GC heap after
{Heap after GC invocations=5 (full 2):
 def new generation   total 629248K, used 1K [0x00007f2bf8600000, 0x00007f2c230c0000, 0x00007f314db50000)
  eden space 559360K,   0% used [0x00007f2bf8600000, 0x00007f2bf8600000, 0x00007f2c1a840000)
  from space 69888K,   0% used [0x00007f2c1a840000, 0x00007f2c1a840600, 0x00007f2c1ec80000)
  to   space 69888K,   0% used [0x00007f2c1ec80000, 0x00007f2c1ec80000, 0x00007f2c230c0000)
 tenured generation   total 4019592K, used 3946829K [0x00007f314db50000, 0x00007f32430b2000, 0x00007f3bf8600000)
   the space 4019592K,  98% used [0x00007f314db50000, 0x00007f323e9a37b0, 0x00007f323e9a3800, 0x00007f32430b2000)
 Metaspace       used 23124K, capacity 23457K, committed 23552K, reserved 24576K
}
Event: 9.061 GC heap before
{Heap before GC invocations=5 (full 2):
 def new generation   total 629248K, used 1K [0x00007f2bf8600000, 0x00007f2c230c0000, 0x00007f314db50000)
  eden space 559360K,   0% used [0x00007f2bf8600000, 0x00007f2bf8600000, 0x00007f2c1a840000)
  from space 69888K,   0% used [0x00007f2c1a840000, 0x00007f2c1a840600, 0x00007f2c1ec80000)
  to   space 69888K,   0% used [0x00007f2c1ec80000, 0x00007f2c1ec80000, 0x00007f2c230c0000)
 tenured generation   total 4019592K, used 3946829K [0x00007f314db50000, 0x00007f32430b2000, 0x00007f3bf8600000)
   the space 4019592K,  98% used [0x00007f314db50000, 0x00007f323e9a37b0, 0x00007f323e9a3800, 0x00007f32430b2000)
 Metaspace       used 23124K, capacity 23457K, committed 23552K, reserved 24576K
}
Event: 9.179 GC heap after
{Heap after GC invocations=5 (full 3):
 def new generation   total 1572992K, used 0K [0x00007f2bf8600000, 0x00007f2c630c0000, 0x00007f314db50000)
  eden space 1398272K,   0% used [0x00007f2bf8600000, 0x00007f2bf8600000, 0x00007f2c4db80000)
  from space 174720K,   0% used [0x00007f2c4db80000, 0x00007f2c4db80000, 0x00007f2c58620000)
  to   space 174720K,   0% used [0x00007f2c58620000, 0x00007f2c58620000, 0x00007f2c630c0000)
 tenured generation   total 3495300K, used 538956K [0x00007f314db50000, 0x00007f32230b1000, 0x00007f3bf8600000)
   the space 3495300K,  15% used [0x00007f314db50000, 0x00007f316e9a3228, 0x00007f316e9a3400, 0x00007f32230b1000)
 Metaspace       used 23124K, capacity 23457K, committed 23552K, reserved 24576K
}
Event: 10.026 GC heap before
{Heap before GC invocations=5 (full 3):
 def new generation   total 1572992K, used 1339365K [0x00007f2bf8600000, 0x00007f2c630c0000, 0x00007f314db50000)
  eden space 1398272K,  95% used [0x00007f2bf8600000, 0x00007f2c4a1f9488, 0x00007f2c4db80000)
  from space 174720K,   0% used [0x00007f2c4db80000, 0x00007f2c4db80000, 0x00007f2c58620000)
  to   space 174720K,   0% used [0x00007f2c58620000, 0x00007f2c58620000, 0x00007f2c630c0000)
 tenured generation   total 3495300K, used 538956K [0x00007f314db50000, 0x00007f32230b1000, 0x00007f3bf8600000)
   the space 3495300K,  15% used [0x00007f314db50000, 0x00007f316e9a3228, 0x00007f316e9a3400, 0x00007f32230b1000)
 Metaspace       used 23124K, capacity 23457K, committed 23552K, reserved 24576K
}
Event: 10.203 GC heap after
{Heap after GC invocations=6 (full 3):
 def new generation   total 1572992K, used 148863K [0x00007f2bf8600000, 0x00007f2c630c0000, 0x00007f314db50000)
  eden space 1398272K,   0% used [0x00007f2bf8600000, 0x00007f2bf8600000, 0x00007f2c4db80000)
  from space 174720K,  85% used [0x00007f2c58620000, 0x00007f2c6177fe08, 0x00007f2c630c0000)
  to   space 174720K,   0% used [0x00007f2c4db80000, 0x00007f2c4db80000, 0x00007f2c58620000)
 tenured generation   total 3495300K, used 997708K [0x00007f314db50000, 0x00007f32230b1000, 0x00007f3bf8600000)
   the space 3495300K,  28% used [0x00007f314db50000, 0x00007f318a9a3270, 0x00007f318a9a3400, 0x00007f32230b1000)
 Metaspace       used 23124K, capacity 23457K, committed 23552K, reserved 24576K
}
Event: 10.347 GC heap before
{Heap before GC invocations=6 (full 3):
 def new generation   total 1572992K, used 405777K [0x00007f2bf8600000, 0x00007f2c630c0000, 0x00007f314db50000)
  eden space 1398272K,  18% used [0x00007f2bf8600000, 0x00007f2c080e4718, 0x00007f2c4db80000)
  from space 174720K,  85% used [0x00007f2c58620000, 0x00007f2c6177fe08, 0x00007f2c630c0000)
  to   space 174720K,   0% used [0x00007f2c4db80000, 0x00007f2c4db80000, 0x00007f2c58620000)
 tenured generation   total 3495300K, used 997708K [0x00007f314db50000, 0x00007f32230b1000, 0x00007f3bf8600000)
   the space 3495300K,  28% used [0x00007f314db50000, 0x00007f318a9a3270, 0x00007f318a9a3400, 0x00007f32230b1000)
 Metaspace       used 23125K, capacity 23457K, committed 23552K, reserved 24576K
}
Event: 10.355 GC heap after
{Heap after GC invocations=7 (full 3):
 def new generation   total 1572992K, used 2372K [0x00007f2bf8600000, 0x00007f2c630c0000, 0x00007f314db50000)
  eden space 1398272K,   0% used [0x00007f2bf8600000, 0x00007f2bf8600000, 0x00007f2c4db80000)
  from space 174720K,   1% used [0x00007f2c4db80000, 0x00007f2c4ddd1048, 0x00007f2c58620000)
  to   space 174720K,   0% used [0x00007f2c58620000, 0x00007f2c58620000, 0x00007f2c630c0000)
 tenured generation   total 3495300K, used 1015445K [0x00007f314db50000, 0x00007f32230b1000, 0x00007f3bf8600000)
   the space 3495300K,  29% used [0x00007f314db50000, 0x00007f318baf5588, 0x00007f318baf5600, 0x00007f32230b1000)
 Metaspace       used 23125K, capacity 23457K, committed 23552K, reserved 24576K
}
Event: 10.355 GC heap before
{Heap before GC invocations=7 (full 3):
 def new generation   total 1572992K, used 2372K [0x00007f2bf8600000, 0x00007f2c630c0000, 0x00007f314db50000)
  eden space 1398272K,   0% used [0x00007f2bf8600000, 0x00007f2bf8600000, 0x00007f2c4db80000)
  from space 174720K,   1% used [0x00007f2c4db80000, 0x00007f2c4ddd1048, 0x00007f2c58620000)
  to   space 174720K,   0% used [0x00007f2c58620000, 0x00007f2c58620000, 0x00007f2c630c0000)
 tenured generation   total 3495300K, used 1015445K [0x00007f314db50000, 0x00007f32230b1000, 0x00007f3bf8600000)
   the space 3495300K,  29% used [0x00007f314db50000, 0x00007f318baf5588, 0x00007f318baf5600, 0x00007f32230b1000)
 Metaspace       used 23125K, capacity 23457K, committed 23552K, reserved 24576K
}
Event: 10.403 GC heap after
{Heap after GC invocations=7 (full 4):
 def new generation   total 1478592K, used 0K [0x00007f2bf8600000, 0x00007f2c5ca50000, 0x00007f314db50000)
  eden space 1314368K,   0% used [0x00007f2bf8600000, 0x00007f2bf8600000, 0x00007f2c48990000)
  from space 164224K,   0% used [0x00007f2c48990000, 0x00007f2c48990000, 0x00007f2c529f0000)
  to   space 164224K,   0% used [0x00007f2c529f0000, 0x00007f2c529f0000, 0x00007f2c5ca50000)
 tenured generation   total 3285588K, used 11662K [0x00007f314db50000, 0x00007f32163e5000, 0x00007f3bf8600000)
   the space 3285588K,   0% used [0x00007f314db50000, 0x00007f314e6b3bd0, 0x00007f314e6b3c00, 0x00007f32163e5000)
 Metaspace       used 23125K, capacity 23457K, committed 23552K, reserved 24576K
}

