# JRE version: OpenJDK Runtime Environment (13.0.7+5) (build 13.0.7+5-Ubuntu-0ubuntu120.04)
# Java VM: OpenJDK 64-Bit Server VM (13.0.7+5-Ubuntu-0ubuntu120.04, mixed mode, tiered, serial gc, linux-amd64)
Heap:
 def new generation   total 629248K, used 0K [0x00007f1b00600000, 0x00007f1b2b0c0000, 0x00007f2055b50000)
  eden space 559360K,   0% used [0x00007f1b00600000, 0x00007f1b00600000, 0x00007f1b22840000)
  from space 69888K,   0% used [0x00007f1b26c80000, 0x00007f1b26c80000, 0x00007f1b2b0c0000)
  to   space 69888K,   0% used [0x00007f1b22840000, 0x00007f1b22840000, 0x00007f1b26c80000)
 tenured generation   total 9786756K, used 8407602K [0x00007f2055b50000, 0x00007f22ab0b1000, 0x00007f2b00600000)
   the space 9786756K,  85% used [0x00007f2055b50000, 0x00007f2256ddc820, 0x00007f2256ddca00, 0x00007f22ab0b1000)
 Metaspace       used 23077K, capacity 23401K, committed 23552K, reserved 24576K
GC Heap History (11 events):
Event: 2.571 GC heap before
{Heap before GC invocations=0 (full 0):
 def new generation   total 629120K, used 89477K [0x00007f1b00600000, 0x00007f1b2b0a0000, 0x00007f2055b50000)
  eden space 559232K,  16% used [0x00007f1b00600000, 0x00007f1b05d616e0, 0x00007f1b22820000)
  from space 69888K,   0% used [0x00007f1b22820000, 0x00007f1b22820000, 0x00007f1b26c60000)
  to   space 69888K,   0% used [0x00007f1b26c60000, 0x00007f1b26c60000, 0x00007f1b2b0a0000)
 tenured generation   total 1398144K, used 0K [0x00007f2055b50000, 0x00007f20ab0b0000, 0x00007f2b00600000)
   the space 1398144K,   0% used [0x00007f2055b50000, 0x00007f2055b50000, 0x00007f2055b50200, 0x00007f20ab0b0000)
 Metaspace       used 20899K, capacity 21208K, committed 21248K, reserved 22528K
}
Event: 2.637 GC heap after
{Heap after GC invocations=1 (full 1):
 def new generation   total 629248K, used 0K [0x00007f1b00600000, 0x00007f1b2b0c0000, 0x00007f2055b50000)
  eden space 559360K,   0% used [0x00007f1b00600000, 0x00007f1b00600000, 0x00007f1b22840000)
  from space 69888K,   0% used [0x00007f1b22840000, 0x00007f1b22840000, 0x00007f1b26c80000)
  to   space 69888K,   0% used [0x00007f1b26c80000, 0x00007f1b26c80000, 0x00007f1b2b0c0000)
 tenured generation   total 1398144K, used 13578K [0x00007f2055b50000, 0x00007f20ab0b0000, 0x00007f2b00600000)
   the space 1398144K,   0% used [0x00007f2055b50000, 0x00007f2056892a10, 0x00007f2056892c00, 0x00007f20ab0b0000)
 Metaspace       used 20899K, capacity 21208K, committed 21248K, reserved 22528K
}
Event: 4.276 GC heap before
{Heap before GC invocations=1 (full 1):
 def new generation   total 629248K, used 559360K [0x00007f1b00600000, 0x00007f1b2b0c0000, 0x00007f2055b50000)
  eden space 559360K, 100% used [0x00007f1b00600000, 0x00007f1b22840000, 0x00007f1b22840000)
  from space 69888K,   0% used [0x00007f1b22840000, 0x00007f1b22840000, 0x00007f1b26c80000)
  to   space 69888K,   0% used [0x00007f1b26c80000, 0x00007f1b26c80000, 0x00007f1b2b0c0000)
 tenured generation   total 1398144K, used 13578K [0x00007f2055b50000, 0x00007f20ab0b0000, 0x00007f2b00600000)
   the space 1398144K,   0% used [0x00007f2055b50000, 0x00007f2056892a10, 0x00007f2056892c00, 0x00007f20ab0b0000)
 Metaspace       used 22901K, capacity 23313K, committed 23552K, reserved 24576K
}
Event: 4.281 GC heap after
{Heap after GC invocations=2 (full 1):
 def new generation   total 629248K, used 773K [0x00007f1b00600000, 0x00007f1b2b0c0000, 0x00007f2055b50000)
  eden space 559360K,   0% used [0x00007f1b00600000, 0x00007f1b00600000, 0x00007f1b22840000)
  from space 69888K,   1% used [0x00007f1b26c80000, 0x00007f1b26d417c8, 0x00007f1b2b0c0000)
  to   space 69888K,   0% used [0x00007f1b22840000, 0x00007f1b22840000, 0x00007f1b26c80000)
 tenured generation   total 1398144K, used 13578K [0x00007f2055b50000, 0x00007f20ab0b0000, 0x00007f2b00600000)
   the space 1398144K,   0% used [0x00007f2055b50000, 0x00007f2056892a10, 0x00007f2056892c00, 0x00007f20ab0b0000)
 Metaspace       used 22901K, capacity 23313K, committed 23552K, reserved 24576K
}
Event: 4.632 GC heap before
{Heap before GC invocations=2 (full 1):
 def new generation   total 629248K, used 260313K [0x00007f1b00600000, 0x00007f1b2b0c0000, 0x00007f2055b50000)
  eden space 559360K,  46% used [0x00007f1b00600000, 0x00007f1b10374f10, 0x00007f1b22840000)
  from space 69888K,   1% used [0x00007f1b26c80000, 0x00007f1b26d417c8, 0x00007f1b2b0c0000)
  to   space 69888K,   0% used [0x00007f1b22840000, 0x00007f1b22840000, 0x00007f1b26c80000)
 tenured generation   total 1398144K, used 13578K [0x00007f2055b50000, 0x00007f20ab0b0000, 0x00007f2b00600000)
   the space 1398144K,   0% used [0x00007f2055b50000, 0x00007f2056892a10, 0x00007f2056892c00, 0x00007f20ab0b0000)
 Metaspace       used 23075K, capacity 23401K, committed 23552K, reserved 24576K
}
Event: 4.638 GC heap after
{Heap after GC invocations=3 (full 1):
 def new generation   total 629248K, used 5421K [0x00007f1b00600000, 0x00007f1b2b0c0000, 0x00007f2055b50000)
  eden space 559360K,   0% used [0x00007f1b00600000, 0x00007f1b00600000, 0x00007f1b22840000)
  from space 69888K,   7% used [0x00007f1b22840000, 0x00007f1b22d8b700, 0x00007f1b26c80000)
  to   space 69888K,   0% used [0x00007f1b26c80000, 0x00007f1b26c80000, 0x00007f1b2b0c0000)
 tenured generation   total 1398144K, used 13578K [0x00007f2055b50000, 0x00007f20ab0b0000, 0x00007f2b00600000)
   the space 1398144K,   0% used [0x00007f2055b50000, 0x00007f2056892a10, 0x00007f2056892c00, 0x00007f20ab0b0000)
 Metaspace       used 23075K, capacity 23401K, committed 23552K, reserved 24576K
}
Event: 4.638 GC heap before
{Heap before GC invocations=3 (full 1):
 def new generation   total 629248K, used 5421K [0x00007f1b00600000, 0x00007f1b2b0c0000, 0x00007f2055b50000)
  eden space 559360K,   0% used [0x00007f1b00600000, 0x00007f1b00600000, 0x00007f1b22840000)
  from space 69888K,   7% used [0x00007f1b22840000, 0x00007f1b22d8b700, 0x00007f1b26c80000)
  to   space 69888K,   0% used [0x00007f1b26c80000, 0x00007f1b26c80000, 0x00007f1b2b0c0000)
 tenured generation   total 1398144K, used 13578K [0x00007f2055b50000, 0x00007f20ab0b0000, 0x00007f2b00600000)
   the space 1398144K,   0% used [0x00007f2055b50000, 0x00007f2056892a10, 0x00007f2056892c00, 0x00007f20ab0b0000)
 Metaspace       used 23075K, capacity 23401K, committed 23552K, reserved 24576K
}
Event: 4.666 GC heap after
{Heap after GC invocations=3 (full 2):
 def new generation   total 629248K, used 0K [0x00007f1b00600000, 0x00007f1b2b0c0000, 0x00007f2055b50000)
  eden space 559360K,   0% used [0x00007f1b00600000, 0x00007f1b00600000, 0x00007f1b22840000)
  from space 69888K,   0% used [0x00007f1b22840000, 0x00007f1b22840000, 0x00007f1b26c80000)
  to   space 69888K,   0% used [0x00007f1b26c80000, 0x00007f1b26c80000, 0x00007f1b2b0c0000)
 tenured generation   total 1398144K, used 18993K [0x00007f2055b50000, 0x00007f20ab0b0000, 0x00007f2b00600000)
   the space 1398144K,   1% used [0x00007f2055b50000, 0x00007f2056ddc700, 0x00007f2056ddc800, 0x00007f20ab0b0000)
 Metaspace       used 23075K, capacity 23401K, committed 23552K, reserved 24576K
}
Event: 13.824 GC heap before
{Heap before GC invocations=3 (full 2):
 def new generation   total 629248K, used 16627K [0x00007f1b00600000, 0x00007f1b2b0c0000, 0x00007f2055b50000)
  eden space 559360K,   2% used [0x00007f1b00600000, 0x00007f1b0163cce8, 0x00007f1b22840000)
  from space 69888K,   0% used [0x00007f1b22840000, 0x00007f1b22840000, 0x00007f1b26c80000)
  to   space 69888K,   0% used [0x00007f1b26c80000, 0x00007f1b26c80000, 0x00007f1b2b0c0000)
 tenured generation   total 9786756K, used 8407601K [0x00007f2055b50000, 0x00007f22ab0b1000, 0x00007f2b00600000)
   the space 9786756K,  85% used [0x00007f2055b50000, 0x00007f2256ddc718, 0x00007f2256ddc800, 0x00007f22ab0b1000)
 Metaspace       used 23077K, capacity 23401K, committed 23552K, reserved 24576K
}
Event: 13.856 GC heap after
{Heap after GC invocations=4 (full 2):
 def new generation   total 629248K, used 0K [0x00007f1b00600000, 0x00007f1b2b0c0000, 0x00007f2055b50000)
  eden space 559360K,   0% used [0x00007f1b00600000, 0x00007f1b00600000, 0x00007f1b22840000)
  from space 69888K,   0% used [0x00007f1b26c80000, 0x00007f1b26c80108, 0x00007f1b2b0c0000)
  to   space 69888K,   0% used [0x00007f1b22840000, 0x00007f1b22840000, 0x00007f1b26c80000)
 tenured generation   total 9786756K, used 8407601K [0x00007f2055b50000, 0x00007f22ab0b1000, 0x00007f2b00600000)
   the space 9786756K,  85% used [0x00007f2055b50000, 0x00007f2256ddc718, 0x00007f2256ddc800, 0x00007f22ab0b1000)
 Metaspace       used 23077K, capacity 23401K, committed 23552K, reserved 24576K
}
Event: 13.856 GC heap before
{Heap before GC invocations=4 (full 2):
 def new generation   total 629248K, used 0K [0x00007f1b00600000, 0x00007f1b2b0c0000, 0x00007f2055b50000)
  eden space 559360K,   0% used [0x00007f1b00600000, 0x00007f1b00600000, 0x00007f1b22840000)
  from space 69888K,   0% used [0x00007f1b26c80000, 0x00007f1b26c80108, 0x00007f1b2b0c0000)
  to   space 69888K,   0% used [0x00007f1b22840000, 0x00007f1b22840000, 0x00007f1b26c80000)
 tenured generation   total 9786756K, used 8407601K [0x00007f2055b50000, 0x00007f22ab0b1000, 0x00007f2b00600000)
   the space 9786756K,  85% used [0x00007f2055b50000, 0x00007f2256ddc718, 0x00007f2256ddc800, 0x00007f22ab0b1000)
 Metaspace       used 23077K, capacity 23401K, committed 23552K, reserved 24576K
}

