# JRE version: OpenJDK Runtime Environment (13.0.7+5) (build 13.0.7+5-Ubuntu-0ubuntu120.04)
# Java VM: OpenJDK 64-Bit Server VM (13.0.7+5-Ubuntu-0ubuntu120.04, mixed mode, tiered, serial gc, linux-amd64)
Heap:
 def new generation   total 11693056K, used 1299029K [0x00007fd4f4600000, 0x00007fd80d5c0000, 0x00007fda49b50000)
  eden space 10393856K,  12% used [0x00007fd4f4600000, 0x00007fd543a95470, 0x00007fd76ec40000)
  from space 1299200K,   0% used [0x00007fd7be100000, 0x00007fd7be100000, 0x00007fd80d5c0000)
  to   space 1299200K,   0% used [0x00007fd76ec40000, 0x00007fd76ec40000, 0x00007fd7be100000)
 tenured generation   total 31586596K, used 31586595K [0x00007fda49b50000, 0x00007fe1d1999000, 0x00007fe4f4600000)
   the space 31586596K,  99% used [0x00007fda49b50000, 0x00007fe1d1998d88, 0x00007fe1d1998e00, 0x00007fe1d1999000)
 Metaspace       used 31044K, capacity 31443K, committed 31744K, reserved 32768K
GC Heap History (20 events):
Event: 67.554 GC heap after
{Heap after GC invocations=97 (full 3):
 def new generation   total 3100288K, used 153054K [0x00007fd4f4600000, 0x00007fd5c6a00000, 0x00007fda49b50000)
  eden space 2755840K,   5% used [0x00007fd4f4600000, 0x00007fd4fdb77a60, 0x00007fd59c940000)
  from space 344448K,   0% used [0x00007fd59c940000, 0x00007fd59c940000, 0x00007fd5b19a0000)
  to   space 344448K,   0% used [0x00007fd5b19a0000, 0x00007fd5b19a0000, 0x00007fd5c6a00000)
 tenured generation   total 6889456K, used 4133671K [0x00007fda49b50000, 0x00007fdbee34c000, 0x00007fe4f4600000)
   the space 6889456K,  59% used [0x00007fda49b50000, 0x00007fdb46019f68, 0x00007fdb4601a000, 0x00007fdbee34c000)
 Metaspace       used 31044K, capacity 31443K, committed 31744K, reserved 32768K
}
Event: 69.284 GC heap before
{Heap before GC invocations=97 (full 3):
 def new generation   total 3100288K, used 2755840K [0x00007fd4f4600000, 0x00007fd5c6a00000, 0x00007fda49b50000)
  eden space 2755840K, 100% used [0x00007fd4f4600000, 0x00007fd59c940000, 0x00007fd59c940000)
  from space 344448K,   0% used [0x00007fd59c940000, 0x00007fd59c940000, 0x00007fd5b19a0000)
  to   space 344448K,   0% used [0x00007fd5b19a0000, 0x00007fd5b19a0000, 0x00007fd5c6a00000)
 tenured generation   total 6889456K, used 4133671K [0x00007fda49b50000, 0x00007fdbee34c000, 0x00007fe4f4600000)
   the space 6889456K,  59% used [0x00007fda49b50000, 0x00007fdb46019f68, 0x00007fdb4601a000, 0x00007fdbee34c000)
 Metaspace       used 31044K, capacity 31443K, committed 31744K, reserved 32768K
}
Event: 73.448 GC heap after
{Heap after GC invocations=98 (full 3):
 def new generation   total 3100288K, used 344447K [0x00007fd4f4600000, 0x00007fd5c6a00000, 0x00007fda49b50000)
  eden space 2755840K,   0% used [0x00007fd4f4600000, 0x00007fd4f4600000, 0x00007fd59c940000)
  from space 344448K,  99% used [0x00007fd5b19a0000, 0x00007fd5c69ffda0, 0x00007fd5c6a00000)
  to   space 344448K,   0% used [0x00007fd59c940000, 0x00007fd59c940000, 0x00007fd5b19a0000)
 tenured generation   total 6889456K, used 6545013K [0x00007fda49b50000, 0x00007fdbee34c000, 0x00007fe4f4600000)
   the space 6889456K,  95% used [0x00007fda49b50000, 0x00007fdbd92ed490, 0x00007fdbd92ed600, 0x00007fdbee34c000)
 Metaspace       used 31044K, capacity 31443K, committed 31744K, reserved 32768K
}
Event: 77.724 GC heap before
{Heap before GC invocations=98 (full 3):
 def new generation   total 3100288K, used 3100287K [0x00007fd4f4600000, 0x00007fd5c6a00000, 0x00007fda49b50000)
  eden space 2755840K, 100% used [0x00007fd4f4600000, 0x00007fd59c940000, 0x00007fd59c940000)
  from space 344448K,  99% used [0x00007fd5b19a0000, 0x00007fd5c69ffda0, 0x00007fd5c6a00000)
  to   space 344448K,   0% used [0x00007fd59c940000, 0x00007fd59c940000, 0x00007fd5b19a0000)
 tenured generation   total 6889456K, used 6545013K [0x00007fda49b50000, 0x00007fdbee34c000, 0x00007fe4f4600000)
   the space 6889456K,  95% used [0x00007fda49b50000, 0x00007fdbd92ed490, 0x00007fdbd92ed600, 0x00007fdbee34c000)
 Metaspace       used 31044K, capacity 31443K, committed 31744K, reserved 32768K
}
Event: 81.981 GC heap after
{Heap after GC invocations=99 (full 3):
 def new generation   total 3100288K, used 344447K [0x00007fd4f4600000, 0x00007fd5c6a00000, 0x00007fda49b50000)
  eden space 2755840K,   0% used [0x00007fd4f4600000, 0x00007fd4f4600000, 0x00007fd59c940000)
  from space 344448K,  99% used [0x00007fd59c940000, 0x00007fd5b199fed8, 0x00007fd5b19a0000)
  to   space 344448K,   0% used [0x00007fd5b19a0000, 0x00007fd5b19a0000, 0x00007fd5c6a00000)
 tenured generation   total 8760880K, used 8760835K [0x00007fda49b50000, 0x00007fdc606dc000, 0x00007fe4f4600000)
   the space 8760880K,  99% used [0x00007fda49b50000, 0x00007fdc606d0e70, 0x00007fdc606d1000, 0x00007fdc606dc000)
 Metaspace       used 31044K, capacity 31443K, committed 31744K, reserved 32768K
}
Event: 81.981 GC heap before
{Heap before GC invocations=99 (full 3):
 def new generation   total 3100288K, used 344447K [0x00007fd4f4600000, 0x00007fd5c6a00000, 0x00007fda49b50000)
  eden space 2755840K,   0% used [0x00007fd4f4600000, 0x00007fd4f4600000, 0x00007fd59c940000)
  from space 344448K,  99% used [0x00007fd59c940000, 0x00007fd5b199fed8, 0x00007fd5b19a0000)
  to   space 344448K,   0% used [0x00007fd5b19a0000, 0x00007fd5b19a0000, 0x00007fd5c6a00000)
 tenured generation   total 8760880K, used 8760835K [0x00007fda49b50000, 0x00007fdc606dc000, 0x00007fe4f4600000)
   the space 8760880K,  99% used [0x00007fda49b50000, 0x00007fdc606d0e70, 0x00007fdc606d1000, 0x00007fdc606dc000)
 Metaspace       used 31044K, capacity 31443K, committed 31744K, reserved 32768K
}
Event: 94.926 GC heap after
{Heap after GC invocations=99 (full 4):
 def new generation   total 6570752K, used 259935K [0x00007fd4f4600000, 0x00007fd6b1fb0000, 0x00007fda49b50000)
  eden space 5840704K,   4% used [0x00007fd4f4600000, 0x00007fd5043d7da0, 0x00007fd658dd0000)
  from space 730048K,   0% used [0x00007fd658dd0000, 0x00007fd658dd0000, 0x00007fd6856c0000)
  to   space 730048K,   0% used [0x00007fd6856c0000, 0x00007fd6856c0000, 0x00007fd6b1fb0000)
 tenured generation   total 14601468K, used 8760879K [0x00007fda49b50000, 0x00007fddc4e8f000, 0x00007fe4f4600000)
   the space 14601468K,  59% used [0x00007fda49b50000, 0x00007fdc606dbde8, 0x00007fdc606dbe00, 0x00007fddc4e8f000)
 Metaspace       used 31044K, capacity 31443K, committed 31744K, reserved 32768K
}
Event: 116.688 GC heap before
{Heap before GC invocations=99 (full 4):
 def new generation   total 6570752K, used 5840704K [0x00007fd4f4600000, 0x00007fd6b1fb0000, 0x00007fda49b50000)
  eden space 5840704K, 100% used [0x00007fd4f4600000, 0x00007fd658dd0000, 0x00007fd658dd0000)
  from space 730048K,   0% used [0x00007fd658dd0000, 0x00007fd658dd0000, 0x00007fd6856c0000)
  to   space 730048K,   0% used [0x00007fd6856c0000, 0x00007fd6856c0000, 0x00007fd6b1fb0000)
 tenured generation   total 14601468K, used 8760879K [0x00007fda49b50000, 0x00007fddc4e8f000, 0x00007fe4f4600000)
   the space 14601468K,  59% used [0x00007fda49b50000, 0x00007fdc606dbde8, 0x00007fdc606dbe00, 0x00007fddc4e8f000)
 Metaspace       used 31044K, capacity 31443K, committed 31744K, reserved 32768K
}
Event: 119.866 GC heap after
{Heap after GC invocations=100 (full 4):
 def new generation   total 6570752K, used 730047K [0x00007fd4f4600000, 0x00007fd6b1fb0000, 0x00007fda49b50000)
  eden space 5840704K,   0% used [0x00007fd4f4600000, 0x00007fd4f4600000, 0x00007fd658dd0000)
  from space 730048K,  99% used [0x00007fd6856c0000, 0x00007fd6b1faffa8, 0x00007fd6b1fb0000)
  to   space 730048K,   0% used [0x00007fd658dd0000, 0x00007fd658dd0000, 0x00007fd6856c0000)
 tenured generation   total 14601468K, used 9750001K [0x00007fda49b50000, 0x00007fddc4e8f000, 0x00007fe4f4600000)
   the space 14601468K,  66% used [0x00007fda49b50000, 0x00007fdc9cccc600, 0x00007fdc9cccc600, 0x00007fddc4e8f000)
 Metaspace       used 31044K, capacity 31443K, committed 31744K, reserved 32768K
}
Event: 124.544 GC heap before
{Heap before GC invocations=100 (full 4):
 def new generation   total 6570752K, used 6570751K [0x00007fd4f4600000, 0x00007fd6b1fb0000, 0x00007fda49b50000)
  eden space 5840704K, 100% used [0x00007fd4f4600000, 0x00007fd658dd0000, 0x00007fd658dd0000)
  from space 730048K,  99% used [0x00007fd6856c0000, 0x00007fd6b1faffa8, 0x00007fd6b1fb0000)
  to   space 730048K,   0% used [0x00007fd658dd0000, 0x00007fd658dd0000, 0x00007fd6856c0000)
 tenured generation   total 14601468K, used 9750001K [0x00007fda49b50000, 0x00007fddc4e8f000, 0x00007fe4f4600000)
   the space 14601468K,  66% used [0x00007fda49b50000, 0x00007fdc9cccc600, 0x00007fdc9cccc600, 0x00007fddc4e8f000)
 Metaspace       used 31044K, capacity 31443K, committed 31744K, reserved 32768K
}
Event: 134.111 GC heap after
{Heap after GC invocations=101 (full 4):
 def new generation   total 6570752K, used 730047K [0x00007fd4f4600000, 0x00007fd6b1fb0000, 0x00007fda49b50000)
  eden space 5840704K,   0% used [0x00007fd4f4600000, 0x00007fd4f4600000, 0x00007fd658dd0000)
  from space 730048K,  99% used [0x00007fd658dd0000, 0x00007fd6856bff98, 0x00007fd6856c0000)
  to   space 730048K,   0% used [0x00007fd6856c0000, 0x00007fd6856c0000, 0x00007fd6b1fb0000)
 tenured generation   total 15590652K, used 15590649K [0x00007fda49b50000, 0x00007fde0148f000, 0x00007fe4f4600000)
   the space 15590652K,  99% used [0x00007fda49b50000, 0x00007fde0148e510, 0x00007fde0148e600, 0x00007fde0148f000)
 Metaspace       used 31044K, capacity 31443K, committed 31744K, reserved 32768K
}
Event: 134.111 GC heap before
{Heap before GC invocations=101 (full 4):
 def new generation   total 6570752K, used 730047K [0x00007fd4f4600000, 0x00007fd6b1fb0000, 0x00007fda49b50000)
  eden space 5840704K,   0% used [0x00007fd4f4600000, 0x00007fd4f4600000, 0x00007fd658dd0000)
  from space 730048K,  99% used [0x00007fd658dd0000, 0x00007fd6856bff98, 0x00007fd6856c0000)
  to   space 730048K,   0% used [0x00007fd6856c0000, 0x00007fd6856c0000, 0x00007fd6b1fb0000)
 tenured generation   total 15590652K, used 15590649K [0x00007fda49b50000, 0x00007fde0148f000, 0x00007fe4f4600000)
   the space 15590652K,  99% used [0x00007fda49b50000, 0x00007fde0148e510, 0x00007fde0148e600, 0x00007fde0148f000)
 Metaspace       used 31044K, capacity 31443K, committed 31744K, reserved 32768K
}
Event: 141.727 GC heap after
{Heap after GC invocations=101 (full 5):
 def new generation   total 11693056K, used 730045K [0x00007fd4f4600000, 0x00007fd80d5c0000, 0x00007fda49b50000)
  eden space 10393856K,   7% used [0x00007fd4f4600000, 0x00007fd520eef538, 0x00007fd76ec40000)
  from space 1299200K,   0% used [0x00007fd76ec40000, 0x00007fd76ec40000, 0x00007fd7be100000)
  to   space 1299200K,   0% used [0x00007fd7be100000, 0x00007fd7be100000, 0x00007fd80d5c0000)
 tenured generation   total 25984420K, used 15590651K [0x00007fda49b50000, 0x00007fe07bab9000, 0x00007fe4f4600000)
   the space 25984420K,  59% used [0x00007fda49b50000, 0x00007fde0148ef70, 0x00007fde0148f000, 0x00007fe07bab9000)
 Metaspace       used 31044K, capacity 31443K, committed 31744K, reserved 32768K
}
Event: 167.424 GC heap before
{Heap before GC invocations=101 (full 5):
 def new generation   total 11693056K, used 10393856K [0x00007fd4f4600000, 0x00007fd80d5c0000, 0x00007fda49b50000)
  eden space 10393856K, 100% used [0x00007fd4f4600000, 0x00007fd76ec40000, 0x00007fd76ec40000)
  from space 1299200K,   0% used [0x00007fd76ec40000, 0x00007fd76ec40000, 0x00007fd7be100000)
  to   space 1299200K,   0% used [0x00007fd7be100000, 0x00007fd7be100000, 0x00007fd80d5c0000)
 tenured generation   total 25984420K, used 15590651K [0x00007fda49b50000, 0x00007fe07bab9000, 0x00007fe4f4600000)
   the space 25984420K,  59% used [0x00007fda49b50000, 0x00007fde0148ef70, 0x00007fde0148f000, 0x00007fe07bab9000)
 Metaspace       used 31044K, capacity 31443K, committed 31744K, reserved 32768K
}
Event: 176.513 GC heap after
{Heap after GC invocations=102 (full 5):
 def new generation   total 11693056K, used 1299199K [0x00007fd4f4600000, 0x00007fd80d5c0000, 0x00007fda49b50000)
  eden space 10393856K,   0% used [0x00007fd4f4600000, 0x00007fd4f4600000, 0x00007fd76ec40000)
  from space 1299200K,  99% used [0x00007fd7be100000, 0x00007fd80d5bff60, 0x00007fd80d5c0000)
  to   space 1299200K,   0% used [0x00007fd76ec40000, 0x00007fd76ec40000, 0x00007fd7be100000)
 tenured generation   total 25984420K, used 19802980K [0x00007fda49b50000, 0x00007fe07bab9000, 0x00007fe4f4600000)
   the space 25984420K,  76% used [0x00007fda49b50000, 0x00007fdf026293e0, 0x00007fdf02629400, 0x00007fe07bab9000)
 Metaspace       used 31044K, capacity 31443K, committed 31744K, reserved 32768K
}
Event: 202.251 GC heap before
{Heap before GC invocations=102 (full 5):
 def new generation   total 11693056K, used 11693055K [0x00007fd4f4600000, 0x00007fd80d5c0000, 0x00007fda49b50000)
  eden space 10393856K, 100% used [0x00007fd4f4600000, 0x00007fd76ec40000, 0x00007fd76ec40000)
  from space 1299200K,  99% used [0x00007fd7be100000, 0x00007fd80d5bff60, 0x00007fd80d5c0000)
  to   space 1299200K,   0% used [0x00007fd76ec40000, 0x00007fd76ec40000, 0x00007fd7be100000)
 tenured generation   total 25984420K, used 19802980K [0x00007fda49b50000, 0x00007fe07bab9000, 0x00007fe4f4600000)
   the space 25984420K,  76% used [0x00007fda49b50000, 0x00007fdf026293e0, 0x00007fdf02629400, 0x00007fe07bab9000)
 Metaspace       used 31044K, capacity 31443K, committed 31744K, reserved 32768K
}
Event: 213.251 GC heap after
{Heap after GC invocations=103 (full 5):
 def new generation   total 11693056K, used 1299199K [0x00007fd4f4600000, 0x00007fd80d5c0000, 0x00007fda49b50000)
  eden space 10393856K,   0% used [0x00007fd4f4600000, 0x00007fd4f4600000, 0x00007fd76ec40000)
  from space 1299200K,  99% used [0x00007fd76ec40000, 0x00007fd7be0ffde0, 0x00007fd7be100000)
  to   space 1299200K,   0% used [0x00007fd7be100000, 0x00007fd7be100000, 0x00007fd80d5c0000)
 tenured generation   total 25984420K, used 25535323K [0x00007fda49b50000, 0x00007fe07bab9000, 0x00007fe4f4600000)
   the space 25984420K,  98% used [0x00007fda49b50000, 0x00007fe060426e90, 0x00007fe060427000, 0x00007fe07bab9000)
 Metaspace       used 31044K, capacity 31443K, committed 31744K, reserved 32768K
}
Event: 237.597 GC heap before
{Heap before GC invocations=103 (full 5):
 def new generation   total 11693056K, used 11693055K [0x00007fd4f4600000, 0x00007fd80d5c0000, 0x00007fda49b50000)
  eden space 10393856K, 100% used [0x00007fd4f4600000, 0x00007fd76ec40000, 0x00007fd76ec40000)
  from space 1299200K,  99% used [0x00007fd76ec40000, 0x00007fd7be0ffde0, 0x00007fd7be100000)
  to   space 1299200K,   0% used [0x00007fd7be100000, 0x00007fd7be100000, 0x00007fd80d5c0000)
 tenured generation   total 25984420K, used 25535323K [0x00007fda49b50000, 0x00007fe07bab9000, 0x00007fe4f4600000)
   the space 25984420K,  98% used [0x00007fda49b50000, 0x00007fe060426e90, 0x00007fe060427000, 0x00007fe07bab9000)
 Metaspace       used 31044K, capacity 31443K, committed 31744K, reserved 32768K
}
Event: 248.967 GC heap after
{Heap after GC invocations=104 (full 5):
 def new generation   total 11693056K, used 1299199K [0x00007fd4f4600000, 0x00007fd80d5c0000, 0x00007fda49b50000)
  eden space 10393856K,   0% used [0x00007fd4f4600000, 0x00007fd4f4600000, 0x00007fd76ec40000)
  from space 1299200K,  99% used [0x00007fd7be100000, 0x00007fd80d5bfe98, 0x00007fd80d5c0000)
  to   space 1299200K,   0% used [0x00007fd76ec40000, 0x00007fd76ec40000, 0x00007fd7be100000)
 tenured generation   total 31586596K, used 31586424K [0x00007fda49b50000, 0x00007fe1d1999000, 0x00007fe4f4600000)
   the space 31586596K,  99% used [0x00007fda49b50000, 0x00007fe1d196e360, 0x00007fe1d196e400, 0x00007fe1d1999000)
 Metaspace       used 31044K, capacity 31443K, committed 31744K, reserved 32768K
}
Event: 248.967 GC heap before
{Heap before GC invocations=104 (full 5):
 def new generation   total 11693056K, used 1299199K [0x00007fd4f4600000, 0x00007fd80d5c0000, 0x00007fda49b50000)
  eden space 10393856K,   0% used [0x00007fd4f4600000, 0x00007fd4f4600000, 0x00007fd76ec40000)
  from space 1299200K,  99% used [0x00007fd7be100000, 0x00007fd80d5bfe98, 0x00007fd80d5c0000)
  to   space 1299200K,   0% used [0x00007fd76ec40000, 0x00007fd76ec40000, 0x00007fd7be100000)
 tenured generation   total 31586596K, used 31586424K [0x00007fda49b50000, 0x00007fe1d1999000, 0x00007fe4f4600000)
   the space 31586596K,  99% used [0x00007fda49b50000, 0x00007fe1d196e360, 0x00007fe1d196e400, 0x00007fe1d1999000)
 Metaspace       used 31044K, capacity 31443K, committed 31744K, reserved 32768K
}

