# JRE version: OpenJDK Runtime Environment (13.0.7+5) (build 13.0.7+5-Ubuntu-0ubuntu120.04)
# Java VM: OpenJDK 64-Bit Server VM (13.0.7+5-Ubuntu-0ubuntu120.04, mixed mode, tiered, serial gc, linux-amd64)
Heap:
 def new generation   total 1542208K, used 57547K [0x00007f6944600000, 0x00007f69acf60000, 0x00007f6e99b50000)
  eden space 1370880K,   4% used [0x00007f6944600000, 0x00007f6947e32fc0, 0x00007f69980c0000)
  from space 171328K,   0% used [0x00007f69980c0000, 0x00007f69980c0000, 0x00007f69a2810000)
  to   space 171328K,   0% used [0x00007f69a2810000, 0x00007f69a2810000, 0x00007f69acf60000)
 tenured generation   total 3443332K, used 3443281K [0x00007f6e99b50000, 0x00007f6f6bdf1000, 0x00007f7944600000)
   the space 3443332K,  99% used [0x00007f6e99b50000, 0x00007f6f6bde4578, 0x00007f6f6bde4600, 0x00007f6f6bdf1000)
 Metaspace       used 24227K, capacity 24622K, committed 24832K, reserved 26624K
GC Heap History (20 events):
Event: 2149.064 GC heap after
{Heap after GC invocations=1903 (full 5):
 def new generation   total 1542208K, used 68871K [0x00007f6944600000, 0x00007f69acf60000, 0x00007f6e99b50000)
  eden space 1370880K,   0% used [0x00007f6944600000, 0x00007f6944600000, 0x00007f69980c0000)
  from space 171328K,  40% used [0x00007f69a2810000, 0x00007f69a6b51fb0, 0x00007f69acf60000)
  to   space 171328K,   0% used [0x00007f69980c0000, 0x00007f69980c0000, 0x00007f69a2810000)
 tenured generation   total 3426944K, used 3402145K [0x00007f6e99b50000, 0x00007f6f6adf0000, 0x00007f7944600000)
   the space 3426944K,  99% used [0x00007f6e99b50000, 0x00007f6f695b8658, 0x00007f6f695b8800, 0x00007f6f6adf0000)
 Metaspace       used 24227K, capacity 24622K, committed 24832K, reserved 26624K
}
Event: 2151.249 GC heap before
{Heap before GC invocations=1903 (full 5):
 def new generation   total 1542208K, used 1438051K [0x00007f6944600000, 0x00007f69acf60000, 0x00007f6e99b50000)
  eden space 1370880K,  99% used [0x00007f6944600000, 0x00007f6997f16f98, 0x00007f69980c0000)
  from space 171328K,  40% used [0x00007f69a2810000, 0x00007f69a6b51fb0, 0x00007f69acf60000)
  to   space 171328K,   0% used [0x00007f69980c0000, 0x00007f69980c0000, 0x00007f69a2810000)
 tenured generation   total 3426944K, used 3402145K [0x00007f6e99b50000, 0x00007f6f6adf0000, 0x00007f7944600000)
   the space 3426944K,  99% used [0x00007f6e99b50000, 0x00007f6f695b8658, 0x00007f6f695b8800, 0x00007f6f6adf0000)
 Metaspace       used 24227K, capacity 24622K, committed 24832K, reserved 26624K
}
Event: 2151.315 GC heap after
{Heap after GC invocations=1904 (full 5):
 def new generation   total 1542208K, used 80220K [0x00007f6944600000, 0x00007f69acf60000, 0x00007f6e99b50000)
  eden space 1370880K,   0% used [0x00007f6944600000, 0x00007f6944600000, 0x00007f69980c0000)
  from space 171328K,  46% used [0x00007f69980c0000, 0x00007f699cf173f0, 0x00007f69a2810000)
  to   space 171328K,   0% used [0x00007f69a2810000, 0x00007f69a2810000, 0x00007f69acf60000)
 tenured generation   total 3426944K, used 3402145K [0x00007f6e99b50000, 0x00007f6f6adf0000, 0x00007f7944600000)
   the space 3426944K,  99% used [0x00007f6e99b50000, 0x00007f6f695b8658, 0x00007f6f695b8800, 0x00007f6f6adf0000)
 Metaspace       used 24227K, capacity 24622K, committed 24832K, reserved 26624K
}
Event: 2153.488 GC heap before
{Heap before GC invocations=1904 (full 5):
 def new generation   total 1542208K, used 1451100K [0x00007f6944600000, 0x00007f69acf60000, 0x00007f6e99b50000)
  eden space 1370880K, 100% used [0x00007f6944600000, 0x00007f69980c0000, 0x00007f69980c0000)
  from space 171328K,  46% used [0x00007f69980c0000, 0x00007f699cf173f0, 0x00007f69a2810000)
  to   space 171328K,   0% used [0x00007f69a2810000, 0x00007f69a2810000, 0x00007f69acf60000)
 tenured generation   total 3426944K, used 3402145K [0x00007f6e99b50000, 0x00007f6f6adf0000, 0x00007f7944600000)
   the space 3426944K,  99% used [0x00007f6e99b50000, 0x00007f6f695b8658, 0x00007f6f695b8800, 0x00007f6f6adf0000)
 Metaspace       used 24227K, capacity 24622K, committed 24832K, reserved 26624K
}
Event: 2153.570 GC heap after
{Heap after GC invocations=1905 (full 5):
 def new generation   total 1542208K, used 94044K [0x00007f6944600000, 0x00007f69acf60000, 0x00007f6e99b50000)
  eden space 1370880K,   0% used [0x00007f6944600000, 0x00007f6944600000, 0x00007f69980c0000)
  from space 171328K,  54% used [0x00007f69a2810000, 0x00007f69a83e7388, 0x00007f69acf60000)
  to   space 171328K,   0% used [0x00007f69980c0000, 0x00007f69980c0000, 0x00007f69a2810000)
 tenured generation   total 3426944K, used 3402145K [0x00007f6e99b50000, 0x00007f6f6adf0000, 0x00007f7944600000)
   the space 3426944K,  99% used [0x00007f6e99b50000, 0x00007f6f695b8658, 0x00007f6f695b8800, 0x00007f6f6adf0000)
 Metaspace       used 24227K, capacity 24622K, committed 24832K, reserved 26624K
}
Event: 2155.308 GC heap before
{Heap before GC invocations=1905 (full 5):
 def new generation   total 1542208K, used 1461083K [0x00007f6944600000, 0x00007f69acf60000, 0x00007f6e99b50000)
  eden space 1370880K,  99% used [0x00007f6944600000, 0x00007f6997cffa18, 0x00007f69980c0000)
  from space 171328K,  54% used [0x00007f69a2810000, 0x00007f69a83e7388, 0x00007f69acf60000)
  to   space 171328K,   0% used [0x00007f69980c0000, 0x00007f69980c0000, 0x00007f69a2810000)
 tenured generation   total 3426944K, used 3402145K [0x00007f6e99b50000, 0x00007f6f6adf0000, 0x00007f7944600000)
   the space 3426944K,  99% used [0x00007f6e99b50000, 0x00007f6f695b8658, 0x00007f6f695b8800, 0x00007f6f6adf0000)
 Metaspace       used 24227K, capacity 24622K, committed 24832K, reserved 26624K
}
Event: 2155.405 GC heap after
{Heap after GC invocations=1906 (full 5):
 def new generation   total 1542208K, used 73522K [0x00007f6944600000, 0x00007f69acf60000, 0x00007f6e99b50000)
  eden space 1370880K,   0% used [0x00007f6944600000, 0x00007f6944600000, 0x00007f69980c0000)
  from space 171328K,  42% used [0x00007f69980c0000, 0x00007f699c88c950, 0x00007f69a2810000)
  to   space 171328K,   0% used [0x00007f69a2810000, 0x00007f69a2810000, 0x00007f69acf60000)
 tenured generation   total 3426944K, used 3419105K [0x00007f6e99b50000, 0x00007f6f6adf0000, 0x00007f7944600000)
   the space 3426944K,  99% used [0x00007f6e99b50000, 0x00007f6f6a648650, 0x00007f6f6a648800, 0x00007f6f6adf0000)
 Metaspace       used 24227K, capacity 24622K, committed 24832K, reserved 26624K
}
Event: 2156.930 GC heap before
{Heap before GC invocations=1906 (full 5):
 def new generation   total 1542208K, used 1444402K [0x00007f6944600000, 0x00007f69acf60000, 0x00007f6e99b50000)
  eden space 1370880K, 100% used [0x00007f6944600000, 0x00007f69980c0000, 0x00007f69980c0000)
  from space 171328K,  42% used [0x00007f69980c0000, 0x00007f699c88c950, 0x00007f69a2810000)
  to   space 171328K,   0% used [0x00007f69a2810000, 0x00007f69a2810000, 0x00007f69acf60000)
 tenured generation   total 3426944K, used 3419105K [0x00007f6e99b50000, 0x00007f6f6adf0000, 0x00007f7944600000)
   the space 3426944K,  99% used [0x00007f6e99b50000, 0x00007f6f6a648650, 0x00007f6f6a648800, 0x00007f6f6adf0000)
 Metaspace       used 24227K, capacity 24622K, committed 24832K, reserved 26624K
}
Event: 2157.001 GC heap after
{Heap after GC invocations=1907 (full 5):
 def new generation   total 1542208K, used 68343K [0x00007f6944600000, 0x00007f69acf60000, 0x00007f6e99b50000)
  eden space 1370880K,   0% used [0x00007f6944600000, 0x00007f6944600000, 0x00007f69980c0000)
  from space 171328K,  39% used [0x00007f69a2810000, 0x00007f69a6acdf68, 0x00007f69acf60000)
  to   space 171328K,   0% used [0x00007f69980c0000, 0x00007f69980c0000, 0x00007f69a2810000)
 tenured generation   total 3426944K, used 3419105K [0x00007f6e99b50000, 0x00007f6f6adf0000, 0x00007f7944600000)
   the space 3426944K,  99% used [0x00007f6e99b50000, 0x00007f6f6a648650, 0x00007f6f6a648800, 0x00007f6f6adf0000)
 Metaspace       used 24227K, capacity 24622K, committed 24832K, reserved 26624K
}
Event: 2158.370 GC heap before
{Heap before GC invocations=1907 (full 5):
 def new generation   total 1542208K, used 1439223K [0x00007f6944600000, 0x00007f69acf60000, 0x00007f6e99b50000)
  eden space 1370880K, 100% used [0x00007f6944600000, 0x00007f69980c0000, 0x00007f69980c0000)
  from space 171328K,  39% used [0x00007f69a2810000, 0x00007f69a6acdf68, 0x00007f69acf60000)
  to   space 171328K,   0% used [0x00007f69980c0000, 0x00007f69980c0000, 0x00007f69a2810000)
 tenured generation   total 3426944K, used 3419105K [0x00007f6e99b50000, 0x00007f6f6adf0000, 0x00007f7944600000)
   the space 3426944K,  99% used [0x00007f6e99b50000, 0x00007f6f6a648650, 0x00007f6f6a648800, 0x00007f6f6adf0000)
 Metaspace       used 24227K, capacity 24622K, committed 24832K, reserved 26624K
}
Event: 2158.446 GC heap after
{Heap after GC invocations=1908 (full 5):
 def new generation   total 1542208K, used 67838K [0x00007f6944600000, 0x00007f69acf60000, 0x00007f6e99b50000)
  eden space 1370880K,   0% used [0x00007f6944600000, 0x00007f6944600000, 0x00007f69980c0000)
  from space 171328K,  39% used [0x00007f69980c0000, 0x00007f699c2ffae8, 0x00007f69a2810000)
  to   space 171328K,   0% used [0x00007f69a2810000, 0x00007f69a2810000, 0x00007f69acf60000)
 tenured generation   total 3426944K, used 3419105K [0x00007f6e99b50000, 0x00007f6f6adf0000, 0x00007f7944600000)
   the space 3426944K,  99% used [0x00007f6e99b50000, 0x00007f6f6a648650, 0x00007f6f6a648800, 0x00007f6f6adf0000)
 Metaspace       used 24227K, capacity 24622K, committed 24832K, reserved 26624K
}
Event: 2159.794 GC heap before
{Heap before GC invocations=1908 (full 5):
 def new generation   total 1542208K, used 1438718K [0x00007f6944600000, 0x00007f69acf60000, 0x00007f6e99b50000)
  eden space 1370880K, 100% used [0x00007f6944600000, 0x00007f69980c0000, 0x00007f69980c0000)
  from space 171328K,  39% used [0x00007f69980c0000, 0x00007f699c2ffae8, 0x00007f69a2810000)
  to   space 171328K,   0% used [0x00007f69a2810000, 0x00007f69a2810000, 0x00007f69acf60000)
 tenured generation   total 3426944K, used 3419105K [0x00007f6e99b50000, 0x00007f6f6adf0000, 0x00007f7944600000)
   the space 3426944K,  99% used [0x00007f6e99b50000, 0x00007f6f6a648650, 0x00007f6f6a648800, 0x00007f6f6adf0000)
 Metaspace       used 24227K, capacity 24622K, committed 24832K, reserved 26624K
}
Event: 2159.866 GC heap after
{Heap after GC invocations=1909 (full 5):
 def new generation   total 1542208K, used 67849K [0x00007f6944600000, 0x00007f69acf60000, 0x00007f6e99b50000)
  eden space 1370880K,   0% used [0x00007f6944600000, 0x00007f6944600000, 0x00007f69980c0000)
  from space 171328K,  39% used [0x00007f69a2810000, 0x00007f69a6a527a0, 0x00007f69acf60000)
  to   space 171328K,   0% used [0x00007f69980c0000, 0x00007f69980c0000, 0x00007f69a2810000)
 tenured generation   total 3426944K, used 3419105K [0x00007f6e99b50000, 0x00007f6f6adf0000, 0x00007f7944600000)
   the space 3426944K,  99% used [0x00007f6e99b50000, 0x00007f6f6a648650, 0x00007f6f6a648800, 0x00007f6f6adf0000)
 Metaspace       used 24227K, capacity 24622K, committed 24832K, reserved 26624K
}
Event: 2162.019 GC heap before
{Heap before GC invocations=1909 (full 5):
 def new generation   total 1542208K, used 1424767K [0x00007f6944600000, 0x00007f69acf60000, 0x00007f6e99b50000)
  eden space 1370880K,  98% used [0x00007f6944600000, 0x00007f699731d638, 0x00007f69980c0000)
  from space 171328K,  39% used [0x00007f69a2810000, 0x00007f69a6a527a0, 0x00007f69acf60000)
  to   space 171328K,   0% used [0x00007f69980c0000, 0x00007f69980c0000, 0x00007f69a2810000)
 tenured generation   total 3426944K, used 3419105K [0x00007f6e99b50000, 0x00007f6f6adf0000, 0x00007f7944600000)
   the space 3426944K,  99% used [0x00007f6e99b50000, 0x00007f6f6a648650, 0x00007f6f6a648800, 0x00007f6f6adf0000)
 Metaspace       used 24227K, capacity 24622K, committed 24832K, reserved 26624K
}
Event: 2162.080 GC heap after
{Heap after GC invocations=1910 (full 5):
 def new generation   total 1542208K, used 70936K [0x00007f6944600000, 0x00007f69acf60000, 0x00007f6e99b50000)
  eden space 1370880K,   0% used [0x00007f6944600000, 0x00007f6944600000, 0x00007f69980c0000)
  from space 171328K,  41% used [0x00007f69980c0000, 0x00007f699c6061d0, 0x00007f69a2810000)
  to   space 171328K,   0% used [0x00007f69a2810000, 0x00007f69a2810000, 0x00007f69acf60000)
 tenured generation   total 3426944K, used 3419105K [0x00007f6e99b50000, 0x00007f6f6adf0000, 0x00007f7944600000)
   the space 3426944K,  99% used [0x00007f6e99b50000, 0x00007f6f6a648650, 0x00007f6f6a648800, 0x00007f6f6adf0000)
 Metaspace       used 24227K, capacity 24622K, committed 24832K, reserved 26624K
}
Event: 2164.201 GC heap before
{Heap before GC invocations=1910 (full 5):
 def new generation   total 1542208K, used 1441816K [0x00007f6944600000, 0x00007f69acf60000, 0x00007f6e99b50000)
  eden space 1370880K, 100% used [0x00007f6944600000, 0x00007f69980c0000, 0x00007f69980c0000)
  from space 171328K,  41% used [0x00007f69980c0000, 0x00007f699c6061d0, 0x00007f69a2810000)
  to   space 171328K,   0% used [0x00007f69a2810000, 0x00007f69a2810000, 0x00007f69acf60000)
 tenured generation   total 3426944K, used 3419105K [0x00007f6e99b50000, 0x00007f6f6adf0000, 0x00007f7944600000)
   the space 3426944K,  99% used [0x00007f6e99b50000, 0x00007f6f6a648650, 0x00007f6f6a648800, 0x00007f6f6adf0000)
 Metaspace       used 24227K, capacity 24622K, committed 24832K, reserved 26624K
}
Event: 2164.277 GC heap after
{Heap after GC invocations=1911 (full 5):
 def new generation   total 1542208K, used 77090K [0x00007f6944600000, 0x00007f69acf60000, 0x00007f6e99b50000)
  eden space 1370880K,   0% used [0x00007f6944600000, 0x00007f6944600000, 0x00007f69980c0000)
  from space 171328K,  44% used [0x00007f69a2810000, 0x00007f69a73588b8, 0x00007f69acf60000)
  to   space 171328K,   0% used [0x00007f69980c0000, 0x00007f69980c0000, 0x00007f69a2810000)
 tenured generation   total 3426944K, used 3419105K [0x00007f6e99b50000, 0x00007f6f6adf0000, 0x00007f7944600000)
   the space 3426944K,  99% used [0x00007f6e99b50000, 0x00007f6f6a648650, 0x00007f6f6a648800, 0x00007f6f6adf0000)
 Metaspace       used 24227K, capacity 24622K, committed 24832K, reserved 26624K
}
Event: 2166.158 GC heap before
{Heap before GC invocations=1911 (full 5):
 def new generation   total 1542208K, used 1447970K [0x00007f6944600000, 0x00007f69acf60000, 0x00007f6e99b50000)
  eden space 1370880K, 100% used [0x00007f6944600000, 0x00007f69980c0000, 0x00007f69980c0000)
  from space 171328K,  44% used [0x00007f69a2810000, 0x00007f69a73588b8, 0x00007f69acf60000)
  to   space 171328K,   0% used [0x00007f69980c0000, 0x00007f69980c0000, 0x00007f69a2810000)
 tenured generation   total 3426944K, used 3419105K [0x00007f6e99b50000, 0x00007f6f6adf0000, 0x00007f7944600000)
   the space 3426944K,  99% used [0x00007f6e99b50000, 0x00007f6f6a648650, 0x00007f6f6a648800, 0x00007f6f6adf0000)
 Metaspace       used 24227K, capacity 24622K, committed 24832K, reserved 26624K
}
Event: 2166.299 GC heap after
{Heap after GC invocations=1912 (full 5):
 def new generation   total 1542208K, used 64763K [0x00007f6944600000, 0x00007f69acf60000, 0x00007f6e99b50000)
  eden space 1370880K,   0% used [0x00007f6944600000, 0x00007f6944600000, 0x00007f69980c0000)
  from space 171328K,  37% used [0x00007f69980c0000, 0x00007f699bffeef0, 0x00007f69a2810000)
  to   space 171328K,   0% used [0x00007f69a2810000, 0x00007f69a2810000, 0x00007f69acf60000)
 tenured generation   total 3443332K, used 3436065K [0x00007f6e99b50000, 0x00007f6f6bdf1000, 0x00007f7944600000)
   the space 3443332K,  99% used [0x00007f6e99b50000, 0x00007f6f6b6d8648, 0x00007f6f6b6d8800, 0x00007f6f6bdf1000)
 Metaspace       used 24227K, capacity 24622K, committed 24832K, reserved 26624K
}
Event: 2166.299 GC heap before
{Heap before GC invocations=1912 (full 5):
 def new generation   total 1542208K, used 64763K [0x00007f6944600000, 0x00007f69acf60000, 0x00007f6e99b50000)
  eden space 1370880K,   0% used [0x00007f6944600000, 0x00007f6944600000, 0x00007f69980c0000)
  from space 171328K,  37% used [0x00007f69980c0000, 0x00007f699bffeef0, 0x00007f69a2810000)
  to   space 171328K,   0% used [0x00007f69a2810000, 0x00007f69a2810000, 0x00007f69acf60000)
 tenured generation   total 3443332K, used 3436065K [0x00007f6e99b50000, 0x00007f6f6bdf1000, 0x00007f7944600000)
   the space 3443332K,  99% used [0x00007f6e99b50000, 0x00007f6f6b6d8648, 0x00007f6f6b6d8800, 0x00007f6f6bdf1000)
 Metaspace       used 24227K, capacity 24622K, committed 24832K, reserved 26624K
}

