# JRE version: OpenJDK Runtime Environment (13.0.7+5) (build 13.0.7+5-Ubuntu-0ubuntu120.04)
# Java VM: OpenJDK 64-Bit Server VM (13.0.7+5-Ubuntu-0ubuntu120.04, mixed mode, tiered, serial gc, linux-amd64)
Heap:
 def new generation   total 3097280K, used 262219K [0x00007fd39c600000, 0x00007fd46e6c0000, 0x00007fd8f1b50000)
  eden space 2753152K,   9% used [0x00007fd39c600000, 0x00007fd3ac612f30, 0x00007fd4446a0000)
  from space 344128K,   0% used [0x00007fd4596b0000, 0x00007fd4596b0000, 0x00007fd46e6c0000)
  to   space 344128K,   0% used [0x00007fd4446a0000, 0x00007fd4446a0000, 0x00007fd4596b0000)
 tenured generation   total 7098216K, used 7098215K [0x00007fd8f1b50000, 0x00007fdaa2f2a000, 0x00007fe39c600000)
   the space 7098216K,  99% used [0x00007fd8f1b50000, 0x00007fdaa2f29ff8, 0x00007fdaa2f2a000, 0x00007fdaa2f2a000)
 Metaspace       used 30438K, capacity 30886K, committed 31232K, reserved 32768K
GC Heap History (20 events):
Event: 98.166 GC heap after
{Heap after GC invocations=53 (full 4):
 def new generation   total 3097280K, used 248619K [0x00007fd39c600000, 0x00007fd46e6c0000, 0x00007fd8f1b50000)
  eden space 2753152K,   0% used [0x00007fd39c600000, 0x00007fd39c600000, 0x00007fd4446a0000)
  from space 344128K,  72% used [0x00007fd4446a0000, 0x00007fd45396afb0, 0x00007fd4596b0000)
  to   space 344128K,   0% used [0x00007fd4596b0000, 0x00007fd4596b0000, 0x00007fd46e6c0000)
 tenured generation   total 6882792K, used 4832090K [0x00007fd8f1b50000, 0x00007fda95cca000, 0x00007fe39c600000)
   the space 6882792K,  70% used [0x00007fd8f1b50000, 0x00007fda18a26b40, 0x00007fda18a26c00, 0x00007fda95cca000)
 Metaspace       used 30438K, capacity 30886K, committed 31232K, reserved 32768K
}
Event: 98.830 GC heap before
{Heap before GC invocations=53 (full 4):
 def new generation   total 3097280K, used 3001771K [0x00007fd39c600000, 0x00007fd46e6c0000, 0x00007fd8f1b50000)
  eden space 2753152K, 100% used [0x00007fd39c600000, 0x00007fd4446a0000, 0x00007fd4446a0000)
  from space 344128K,  72% used [0x00007fd4446a0000, 0x00007fd45396afb0, 0x00007fd4596b0000)
  to   space 344128K,   0% used [0x00007fd4596b0000, 0x00007fd4596b0000, 0x00007fd46e6c0000)
 tenured generation   total 6882792K, used 4832090K [0x00007fd8f1b50000, 0x00007fda95cca000, 0x00007fe39c600000)
   the space 6882792K,  70% used [0x00007fd8f1b50000, 0x00007fda18a26b40, 0x00007fda18a26c00, 0x00007fda95cca000)
 Metaspace       used 30438K, capacity 30886K, committed 31232K, reserved 32768K
}
Event: 99.546 GC heap after
{Heap after GC invocations=54 (full 4):
 def new generation   total 3097280K, used 279497K [0x00007fd39c600000, 0x00007fd46e6c0000, 0x00007fd8f1b50000)
  eden space 2753152K,   0% used [0x00007fd39c600000, 0x00007fd39c600000, 0x00007fd4446a0000)
  from space 344128K,  81% used [0x00007fd4596b0000, 0x00007fd46a7a2740, 0x00007fd46e6c0000)
  to   space 344128K,   0% used [0x00007fd4446a0000, 0x00007fd4446a0000, 0x00007fd4596b0000)
 tenured generation   total 6882792K, used 5080710K [0x00007fd8f1b50000, 0x00007fda95cca000, 0x00007fe39c600000)
   the space 6882792K,  73% used [0x00007fd8f1b50000, 0x00007fda27cf1aa0, 0x00007fda27cf1c00, 0x00007fda95cca000)
 Metaspace       used 30438K, capacity 30886K, committed 31232K, reserved 32768K
}
Event: 100.205 GC heap before
{Heap before GC invocations=54 (full 4):
 def new generation   total 3097280K, used 3032649K [0x00007fd39c600000, 0x00007fd46e6c0000, 0x00007fd8f1b50000)
  eden space 2753152K, 100% used [0x00007fd39c600000, 0x00007fd4446a0000, 0x00007fd4446a0000)
  from space 344128K,  81% used [0x00007fd4596b0000, 0x00007fd46a7a2740, 0x00007fd46e6c0000)
  to   space 344128K,   0% used [0x00007fd4446a0000, 0x00007fd4446a0000, 0x00007fd4596b0000)
 tenured generation   total 6882792K, used 5080710K [0x00007fd8f1b50000, 0x00007fda95cca000, 0x00007fe39c600000)
   the space 6882792K,  73% used [0x00007fd8f1b50000, 0x00007fda27cf1aa0, 0x00007fda27cf1c00, 0x00007fda95cca000)
 Metaspace       used 30438K, capacity 30886K, committed 31232K, reserved 32768K
}
Event: 100.857 GC heap after
{Heap after GC invocations=55 (full 4):
 def new generation   total 3097280K, used 237106K [0x00007fd39c600000, 0x00007fd46e6c0000, 0x00007fd8f1b50000)
  eden space 2753152K,   0% used [0x00007fd39c600000, 0x00007fd39c600000, 0x00007fd4446a0000)
  from space 344128K,  68% used [0x00007fd4446a0000, 0x00007fd452e2cab8, 0x00007fd4596b0000)
  to   space 344128K,   0% used [0x00007fd4596b0000, 0x00007fd4596b0000, 0x00007fd46e6c0000)
 tenured generation   total 6882792K, used 5360207K [0x00007fd8f1b50000, 0x00007fda95cca000, 0x00007fe39c600000)
   the space 6882792K,  77% used [0x00007fd8f1b50000, 0x00007fda38de3d30, 0x00007fda38de3e00, 0x00007fda95cca000)
 Metaspace       used 30438K, capacity 30886K, committed 31232K, reserved 32768K
}
Event: 101.570 GC heap before
{Heap before GC invocations=55 (full 4):
 def new generation   total 3097280K, used 2990258K [0x00007fd39c600000, 0x00007fd46e6c0000, 0x00007fd8f1b50000)
  eden space 2753152K, 100% used [0x00007fd39c600000, 0x00007fd4446a0000, 0x00007fd4446a0000)
  from space 344128K,  68% used [0x00007fd4446a0000, 0x00007fd452e2cab8, 0x00007fd4596b0000)
  to   space 344128K,   0% used [0x00007fd4596b0000, 0x00007fd4596b0000, 0x00007fd46e6c0000)
 tenured generation   total 6882792K, used 5360207K [0x00007fd8f1b50000, 0x00007fda95cca000, 0x00007fe39c600000)
   the space 6882792K,  77% used [0x00007fd8f1b50000, 0x00007fda38de3d30, 0x00007fda38de3e00, 0x00007fda95cca000)
 Metaspace       used 30438K, capacity 30886K, committed 31232K, reserved 32768K
}
Event: 102.193 GC heap after
{Heap after GC invocations=56 (full 4):
 def new generation   total 3097280K, used 206649K [0x00007fd39c600000, 0x00007fd46e6c0000, 0x00007fd8f1b50000)
  eden space 2753152K,   0% used [0x00007fd39c600000, 0x00007fd39c600000, 0x00007fd4446a0000)
  from space 344128K,  60% used [0x00007fd4596b0000, 0x00007fd46607e740, 0x00007fd46e6c0000)
  to   space 344128K,   0% used [0x00007fd4446a0000, 0x00007fd4446a0000, 0x00007fd4596b0000)
 tenured generation   total 6882792K, used 5597313K [0x00007fd8f1b50000, 0x00007fda95cca000, 0x00007fe39c600000)
   the space 6882792K,  81% used [0x00007fd8f1b50000, 0x00007fda47570508, 0x00007fda47570600, 0x00007fda95cca000)
 Metaspace       used 30438K, capacity 30886K, committed 31232K, reserved 32768K
}
Event: 102.868 GC heap before
{Heap before GC invocations=56 (full 4):
 def new generation   total 3097280K, used 2959801K [0x00007fd39c600000, 0x00007fd46e6c0000, 0x00007fd8f1b50000)
  eden space 2753152K, 100% used [0x00007fd39c600000, 0x00007fd4446a0000, 0x00007fd4446a0000)
  from space 344128K,  60% used [0x00007fd4596b0000, 0x00007fd46607e740, 0x00007fd46e6c0000)
  to   space 344128K,   0% used [0x00007fd4446a0000, 0x00007fd4446a0000, 0x00007fd4596b0000)
 tenured generation   total 6882792K, used 5597313K [0x00007fd8f1b50000, 0x00007fda95cca000, 0x00007fe39c600000)
   the space 6882792K,  81% used [0x00007fd8f1b50000, 0x00007fda47570508, 0x00007fda47570600, 0x00007fda95cca000)
 Metaspace       used 30438K, capacity 30886K, committed 31232K, reserved 32768K
}
Event: 103.610 GC heap after
{Heap after GC invocations=57 (full 4):
 def new generation   total 3097280K, used 267820K [0x00007fd39c600000, 0x00007fd46e6c0000, 0x00007fd8f1b50000)
  eden space 2753152K,   0% used [0x00007fd39c600000, 0x00007fd39c600000, 0x00007fd4446a0000)
  from space 344128K,  77% used [0x00007fd4446a0000, 0x00007fd454c2b370, 0x00007fd4596b0000)
  to   space 344128K,   0% used [0x00007fd4596b0000, 0x00007fd4596b0000, 0x00007fd46e6c0000)
 tenured generation   total 6882792K, used 5803962K [0x00007fd8f1b50000, 0x00007fda95cca000, 0x00007fe39c600000)
   the space 6882792K,  84% used [0x00007fd8f1b50000, 0x00007fda53f3eaf8, 0x00007fda53f3ec00, 0x00007fda95cca000)
 Metaspace       used 30438K, capacity 30886K, committed 31232K, reserved 32768K
}
Event: 104.304 GC heap before
{Heap before GC invocations=57 (full 4):
 def new generation   total 3097280K, used 3020972K [0x00007fd39c600000, 0x00007fd46e6c0000, 0x00007fd8f1b50000)
  eden space 2753152K, 100% used [0x00007fd39c600000, 0x00007fd4446a0000, 0x00007fd4446a0000)
  from space 344128K,  77% used [0x00007fd4446a0000, 0x00007fd454c2b370, 0x00007fd4596b0000)
  to   space 344128K,   0% used [0x00007fd4596b0000, 0x00007fd4596b0000, 0x00007fd46e6c0000)
 tenured generation   total 6882792K, used 5803962K [0x00007fd8f1b50000, 0x00007fda95cca000, 0x00007fe39c600000)
   the space 6882792K,  84% used [0x00007fd8f1b50000, 0x00007fda53f3eaf8, 0x00007fda53f3ec00, 0x00007fda95cca000)
 Metaspace       used 30438K, capacity 30886K, committed 31232K, reserved 32768K
}
Event: 104.988 GC heap after
{Heap after GC invocations=58 (full 4):
 def new generation   total 3097280K, used 253525K [0x00007fd39c600000, 0x00007fd46e6c0000, 0x00007fd8f1b50000)
  eden space 2753152K,   0% used [0x00007fd39c600000, 0x00007fd39c600000, 0x00007fd4446a0000)
  from space 344128K,  73% used [0x00007fd4596b0000, 0x00007fd468e45738, 0x00007fd46e6c0000)
  to   space 344128K,   0% used [0x00007fd4446a0000, 0x00007fd4446a0000, 0x00007fd4596b0000)
 tenured generation   total 6882792K, used 6071782K [0x00007fd8f1b50000, 0x00007fda95cca000, 0x00007fe39c600000)
   the space 6882792K,  88% used [0x00007fd8f1b50000, 0x00007fda644c9b28, 0x00007fda644c9c00, 0x00007fda95cca000)
 Metaspace       used 30438K, capacity 30886K, committed 31232K, reserved 32768K
}
Event: 105.673 GC heap before
{Heap before GC invocations=58 (full 4):
 def new generation   total 3097280K, used 3006677K [0x00007fd39c600000, 0x00007fd46e6c0000, 0x00007fd8f1b50000)
  eden space 2753152K, 100% used [0x00007fd39c600000, 0x00007fd4446a0000, 0x00007fd4446a0000)
  from space 344128K,  73% used [0x00007fd4596b0000, 0x00007fd468e45738, 0x00007fd46e6c0000)
  to   space 344128K,   0% used [0x00007fd4446a0000, 0x00007fd4446a0000, 0x00007fd4596b0000)
 tenured generation   total 6882792K, used 6071782K [0x00007fd8f1b50000, 0x00007fda95cca000, 0x00007fe39c600000)
   the space 6882792K,  88% used [0x00007fd8f1b50000, 0x00007fda644c9b28, 0x00007fda644c9c00, 0x00007fda95cca000)
 Metaspace       used 30438K, capacity 30886K, committed 31232K, reserved 32768K
}
Event: 106.406 GC heap after
{Heap after GC invocations=59 (full 4):
 def new generation   total 3097280K, used 258439K [0x00007fd39c600000, 0x00007fd46e6c0000, 0x00007fd8f1b50000)
  eden space 2753152K,   0% used [0x00007fd39c600000, 0x00007fd39c600000, 0x00007fd4446a0000)
  from space 344128K,  75% used [0x00007fd4446a0000, 0x00007fd454301d98, 0x00007fd4596b0000)
  to   space 344128K,   0% used [0x00007fd4596b0000, 0x00007fd4596b0000, 0x00007fd46e6c0000)
 tenured generation   total 6882792K, used 6325307K [0x00007fd8f1b50000, 0x00007fda95cca000, 0x00007fe39c600000)
   the space 6882792K,  91% used [0x00007fd8f1b50000, 0x00007fda73c5ef80, 0x00007fda73c5f000, 0x00007fda95cca000)
 Metaspace       used 30438K, capacity 30886K, committed 31232K, reserved 32768K
}
Event: 107.064 GC heap before
{Heap before GC invocations=59 (full 4):
 def new generation   total 3097280K, used 3011591K [0x00007fd39c600000, 0x00007fd46e6c0000, 0x00007fd8f1b50000)
  eden space 2753152K, 100% used [0x00007fd39c600000, 0x00007fd4446a0000, 0x00007fd4446a0000)
  from space 344128K,  75% used [0x00007fd4446a0000, 0x00007fd454301d98, 0x00007fd4596b0000)
  to   space 344128K,   0% used [0x00007fd4596b0000, 0x00007fd4596b0000, 0x00007fd46e6c0000)
 tenured generation   total 6882792K, used 6325307K [0x00007fd8f1b50000, 0x00007fda95cca000, 0x00007fe39c600000)
   the space 6882792K,  91% used [0x00007fd8f1b50000, 0x00007fda73c5ef80, 0x00007fda73c5f000, 0x00007fda95cca000)
 Metaspace       used 30438K, capacity 30886K, committed 31232K, reserved 32768K
}
Event: 107.744 GC heap after
{Heap after GC invocations=60 (full 4):
 def new generation   total 3097280K, used 250427K [0x00007fd39c600000, 0x00007fd46e6c0000, 0x00007fd8f1b50000)
  eden space 2753152K,   0% used [0x00007fd39c600000, 0x00007fd39c600000, 0x00007fd4446a0000)
  from space 344128K,  72% used [0x00007fd4596b0000, 0x00007fd468b3ed30, 0x00007fd46e6c0000)
  to   space 344128K,   0% used [0x00007fd4446a0000, 0x00007fd4446a0000, 0x00007fd4596b0000)
 tenured generation   total 6882792K, used 6583747K [0x00007fd8f1b50000, 0x00007fda95cca000, 0x00007fe39c600000)
   the space 6882792K,  95% used [0x00007fd8f1b50000, 0x00007fda838c0c38, 0x00007fda838c0e00, 0x00007fda95cca000)
 Metaspace       used 30438K, capacity 30886K, committed 31232K, reserved 32768K
}
Event: 108.453 GC heap before
{Heap before GC invocations=60 (full 4):
 def new generation   total 3097280K, used 3003579K [0x00007fd39c600000, 0x00007fd46e6c0000, 0x00007fd8f1b50000)
  eden space 2753152K, 100% used [0x00007fd39c600000, 0x00007fd4446a0000, 0x00007fd4446a0000)
  from space 344128K,  72% used [0x00007fd4596b0000, 0x00007fd468b3ed30, 0x00007fd46e6c0000)
  to   space 344128K,   0% used [0x00007fd4446a0000, 0x00007fd4446a0000, 0x00007fd4596b0000)
 tenured generation   total 6882792K, used 6583747K [0x00007fd8f1b50000, 0x00007fda95cca000, 0x00007fe39c600000)
   the space 6882792K,  95% used [0x00007fd8f1b50000, 0x00007fda838c0c38, 0x00007fda838c0e00, 0x00007fda95cca000)
 Metaspace       used 30438K, capacity 30886K, committed 31232K, reserved 32768K
}
Event: 109.188 GC heap after
{Heap after GC invocations=61 (full 4):
 def new generation   total 3097280K, used 263907K [0x00007fd39c600000, 0x00007fd46e6c0000, 0x00007fd8f1b50000)
  eden space 2753152K,   0% used [0x00007fd39c600000, 0x00007fd39c600000, 0x00007fd4446a0000)
  from space 344128K,  76% used [0x00007fd4446a0000, 0x00007fd454858c00, 0x00007fd4596b0000)
  to   space 344128K,   0% used [0x00007fd4596b0000, 0x00007fd4596b0000, 0x00007fd46e6c0000)
 tenured generation   total 6882792K, used 6834174K [0x00007fd8f1b50000, 0x00007fda95cca000, 0x00007fe39c600000)
   the space 6882792K,  99% used [0x00007fd8f1b50000, 0x00007fda92d4f968, 0x00007fda92d4fa00, 0x00007fda95cca000)
 Metaspace       used 30438K, capacity 30886K, committed 31232K, reserved 32768K
}
Event: 109.866 GC heap before
{Heap before GC invocations=61 (full 4):
 def new generation   total 3097280K, used 3017059K [0x00007fd39c600000, 0x00007fd46e6c0000, 0x00007fd8f1b50000)
  eden space 2753152K, 100% used [0x00007fd39c600000, 0x00007fd4446a0000, 0x00007fd4446a0000)
  from space 344128K,  76% used [0x00007fd4446a0000, 0x00007fd454858c00, 0x00007fd4596b0000)
  to   space 344128K,   0% used [0x00007fd4596b0000, 0x00007fd4596b0000, 0x00007fd46e6c0000)
 tenured generation   total 6882792K, used 6834174K [0x00007fd8f1b50000, 0x00007fda95cca000, 0x00007fe39c600000)
   the space 6882792K,  99% used [0x00007fd8f1b50000, 0x00007fda92d4f968, 0x00007fda92d4fa00, 0x00007fda95cca000)
 Metaspace       used 30438K, capacity 30886K, committed 31232K, reserved 32768K
}
Event: 110.697 GC heap after
{Heap after GC invocations=62 (full 4):
 def new generation   total 3097280K, used 262355K [0x00007fd39c600000, 0x00007fd46e6c0000, 0x00007fd8f1b50000)
  eden space 2753152K,   0% used [0x00007fd39c600000, 0x00007fd39c600000, 0x00007fd4446a0000)
  from space 344128K,  76% used [0x00007fd4596b0000, 0x00007fd4696e4dc0, 0x00007fd46e6c0000)
  to   space 344128K,   0% used [0x00007fd4446a0000, 0x00007fd4446a0000, 0x00007fd4596b0000)
 tenured generation   total 7098216K, used 7098080K [0x00007fd8f1b50000, 0x00007fdaa2f2a000, 0x00007fe39c600000)
   the space 7098216K,  99% used [0x00007fd8f1b50000, 0x00007fdaa2f08168, 0x00007fdaa2f08200, 0x00007fdaa2f2a000)
 Metaspace       used 30438K, capacity 30886K, committed 31232K, reserved 32768K
}
Event: 110.697 GC heap before
{Heap before GC invocations=62 (full 4):
 def new generation   total 3097280K, used 262355K [0x00007fd39c600000, 0x00007fd46e6c0000, 0x00007fd8f1b50000)
  eden space 2753152K,   0% used [0x00007fd39c600000, 0x00007fd39c600000, 0x00007fd4446a0000)
  from space 344128K,  76% used [0x00007fd4596b0000, 0x00007fd4696e4dc0, 0x00007fd46e6c0000)
  to   space 344128K,   0% used [0x00007fd4446a0000, 0x00007fd4446a0000, 0x00007fd4596b0000)
 tenured generation   total 7098216K, used 7098080K [0x00007fd8f1b50000, 0x00007fdaa2f2a000, 0x00007fe39c600000)
   the space 7098216K,  99% used [0x00007fd8f1b50000, 0x00007fdaa2f08168, 0x00007fdaa2f08200, 0x00007fdaa2f2a000)
 Metaspace       used 30438K, capacity 30886K, committed 31232K, reserved 32768K
}

