# JRE version: OpenJDK Runtime Environment (13.0.7+5) (build 13.0.7+5-Ubuntu-0ubuntu120.04)
# Java VM: OpenJDK 64-Bit Server VM (13.0.7+5-Ubuntu-0ubuntu120.04, mixed mode, tiered, serial gc, linux-amd64)
Heap:
 def new generation   total 6521280K, used 0K [0x00007f7198600000, 0x00007f7352a00000, 0x00007f76edb50000)
  eden space 5796736K,   0% used [0x00007f7198600000, 0x00007f7198600000, 0x00007f72fa2e0000)
  from space 724544K,   0% used [0x00007f72fa2e0000, 0x00007f72fa2e0000, 0x00007f7326670000)
  to   space 724544K,   0% used [0x00007f7326670000, 0x00007f7326670000, 0x00007f7352a00000)
 tenured generation   total 14551656K, used 14332107K [0x00007f76edb50000, 0x00007f7a65dea000, 0x00007f8198600000)
   the space 14551656K,  98% used [0x00007f76edb50000, 0x00007f7a58782cf8, 0x00007f7a58782e00, 0x00007f7a65dea000)
 Metaspace       used 31396K, capacity 31874K, committed 32000K, reserved 32768K
GC Heap History (20 events):
Event: 610.061 GC heap after
{Heap after GC invocations=354 (full 113):
 def new generation   total 3658112K, used 406399K [0x00007f7198600000, 0x00007f7290740000, 0x00007f76edb50000)
  eden space 3251712K,   0% used [0x00007f7198600000, 0x00007f7198600000, 0x00007f725ed80000)
  from space 406400K,  99% used [0x00007f725ed80000, 0x00007f7277a5fff8, 0x00007f7277a60000)
  to   space 406400K,   0% used [0x00007f7277a60000, 0x00007f7277a60000, 0x00007f7290740000)
 tenured generation   total 8128920K, used 7069081K [0x00007f76edb50000, 0x00007f78dddb6000, 0x00007f8198600000)
   the space 8128920K,  86% used [0x00007f76edb50000, 0x00007f789d2b6500, 0x00007f789d2b6600, 0x00007f78dddb6000)
 Metaspace       used 31396K, capacity 31874K, committed 32000K, reserved 32768K
}
Event: 748.679 GC heap before
{Heap before GC invocations=354 (full 113):
 def new generation   total 3658112K, used 3658111K [0x00007f7198600000, 0x00007f7290740000, 0x00007f76edb50000)
  eden space 3251712K, 100% used [0x00007f7198600000, 0x00007f725ed80000, 0x00007f725ed80000)
  from space 406400K,  99% used [0x00007f725ed80000, 0x00007f7277a5fff8, 0x00007f7277a60000)
  to   space 406400K,   0% used [0x00007f7277a60000, 0x00007f7277a60000, 0x00007f7290740000)
 tenured generation   total 8128920K, used 7069081K [0x00007f76edb50000, 0x00007f78dddb6000, 0x00007f8198600000)
   the space 8128920K,  86% used [0x00007f76edb50000, 0x00007f789d2b6500, 0x00007f789d2b6600, 0x00007f78dddb6000)
 Metaspace       used 31396K, capacity 31874K, committed 32000K, reserved 32768K
}
Event: 750.869 GC heap after
{Heap after GC invocations=355 (full 113):
 def new generation   total 3658112K, used 406400K [0x00007f7198600000, 0x00007f7290740000, 0x00007f76edb50000)
  eden space 3251712K,   0% used [0x00007f7198600000, 0x00007f7198600000, 0x00007f725ed80000)
  from space 406400K, 100% used [0x00007f7277a60000, 0x00007f7290740000, 0x00007f7290740000)
  to   space 406400K,   0% used [0x00007f725ed80000, 0x00007f725ed80000, 0x00007f7277a60000)
 tenured generation   total 8128920K, used 7882001K [0x00007f76edb50000, 0x00007f78dddb6000, 0x00007f8198600000)
   the space 8128920K,  96% used [0x00007f76edb50000, 0x00007f78cec94798, 0x00007f78cec94800, 0x00007f78dddb6000)
 Metaspace       used 31396K, capacity 31874K, committed 32000K, reserved 32768K
}
Event: 883.889 GC heap before
{Heap before GC invocations=355 (full 113):
 def new generation   total 3658112K, used 3658112K [0x00007f7198600000, 0x00007f7290740000, 0x00007f76edb50000)
  eden space 3251712K, 100% used [0x00007f7198600000, 0x00007f725ed80000, 0x00007f725ed80000)
  from space 406400K, 100% used [0x00007f7277a60000, 0x00007f7290740000, 0x00007f7290740000)
  to   space 406400K,   0% used [0x00007f725ed80000, 0x00007f725ed80000, 0x00007f7277a60000)
 tenured generation   total 8128920K, used 7882001K [0x00007f76edb50000, 0x00007f78dddb6000, 0x00007f8198600000)
   the space 8128920K,  96% used [0x00007f76edb50000, 0x00007f78cec94798, 0x00007f78cec94800, 0x00007f78dddb6000)
 Metaspace       used 31396K, capacity 31874K, committed 32000K, reserved 32768K
}
Event: 885.992 GC heap after
{Heap after GC invocations=356 (full 113):
 def new generation   total 3658112K, used 406400K [0x00007f7198600000, 0x00007f7290740000, 0x00007f76edb50000)
  eden space 3251712K,   0% used [0x00007f7198600000, 0x00007f7198600000, 0x00007f725ed80000)
  from space 406400K, 100% used [0x00007f725ed80000, 0x00007f7277a60000, 0x00007f7277a60000)
  to   space 406400K,   0% used [0x00007f7277a60000, 0x00007f7277a60000, 0x00007f7290740000)
 tenured generation   total 8694936K, used 8694922K [0x00007f76edb50000, 0x00007f7900676000, 0x00007f8198600000)
   the space 8694936K,  99% used [0x00007f76edb50000, 0x00007f7900672a38, 0x00007f7900672c00, 0x00007f7900676000)
 Metaspace       used 31396K, capacity 31874K, committed 32000K, reserved 32768K
}
Event: 885.992 GC heap before
{Heap before GC invocations=356 (full 113):
 def new generation   total 3658112K, used 406400K [0x00007f7198600000, 0x00007f7290740000, 0x00007f76edb50000)
  eden space 3251712K,   0% used [0x00007f7198600000, 0x00007f7198600000, 0x00007f725ed80000)
  from space 406400K, 100% used [0x00007f725ed80000, 0x00007f7277a60000, 0x00007f7277a60000)
  to   space 406400K,   0% used [0x00007f7277a60000, 0x00007f7277a60000, 0x00007f7290740000)
 tenured generation   total 8694936K, used 8694922K [0x00007f76edb50000, 0x00007f7900676000, 0x00007f8198600000)
   the space 8694936K,  99% used [0x00007f76edb50000, 0x00007f7900672a38, 0x00007f7900672c00, 0x00007f7900676000)
 Metaspace       used 31396K, capacity 31874K, committed 32000K, reserved 32768K
}
Event: 911.655 GC heap after
{Heap after GC invocations=356 (full 114):
 def new generation   total 6521280K, used 354253K [0x00007f7198600000, 0x00007f7352a00000, 0x00007f76edb50000)
  eden space 5796736K,   6% used [0x00007f7198600000, 0x00007f71adff37e0, 0x00007f72fa2e0000)
  from space 724544K,   0% used [0x00007f72fa2e0000, 0x00007f72fa2e0000, 0x00007f7326670000)
  to   space 724544K,   0% used [0x00007f7326670000, 0x00007f7326670000, 0x00007f7352a00000)
 tenured generation   total 14491560K, used 8694935K [0x00007f76edb50000, 0x00007f7a6233a000, 0x00007f8198600000)
   the space 14491560K,  59% used [0x00007f76edb50000, 0x00007f7900675ff8, 0x00007f7900676000, 0x00007f7a6233a000)
 Metaspace       used 31396K, capacity 31874K, committed 32000K, reserved 32768K
}
Event: 1144.140 GC heap before
{Heap before GC invocations=356 (full 114):
 def new generation   total 6521280K, used 5796736K [0x00007f7198600000, 0x00007f7352a00000, 0x00007f76edb50000)
  eden space 5796736K, 100% used [0x00007f7198600000, 0x00007f72fa2e0000, 0x00007f72fa2e0000)
  from space 724544K,   0% used [0x00007f72fa2e0000, 0x00007f72fa2e0000, 0x00007f7326670000)
  to   space 724544K,   0% used [0x00007f7326670000, 0x00007f7326670000, 0x00007f7352a00000)
 tenured generation   total 14491560K, used 8694935K [0x00007f76edb50000, 0x00007f7a6233a000, 0x00007f8198600000)
   the space 14491560K,  59% used [0x00007f76edb50000, 0x00007f7900675ff8, 0x00007f7900676000, 0x00007f7a6233a000)
 Metaspace       used 31396K, capacity 31874K, committed 32000K, reserved 32768K
}
Event: 1150.873 GC heap after
{Heap after GC invocations=357 (full 114):
 def new generation   total 6521280K, used 724544K [0x00007f7198600000, 0x00007f7352a00000, 0x00007f76edb50000)
  eden space 5796736K,   0% used [0x00007f7198600000, 0x00007f7198600000, 0x00007f72fa2e0000)
  from space 724544K, 100% used [0x00007f7326670000, 0x00007f7352a00000, 0x00007f7352a00000)
  to   space 724544K,   0% used [0x00007f72fa2e0000, 0x00007f72fa2e0000, 0x00007f7326670000)
 tenured generation   total 14491560K, used 9685259K [0x00007f76edb50000, 0x00007f7a6233a000, 0x00007f8198600000)
   the space 14491560K,  66% used [0x00007f76edb50000, 0x00007f793cd92f18, 0x00007f793cd93000, 0x00007f7a6233a000)
 Metaspace       used 31396K, capacity 31874K, committed 32000K, reserved 32768K
}
Event: 1378.021 GC heap before
{Heap before GC invocations=357 (full 114):
 def new generation   total 6521280K, used 6521280K [0x00007f7198600000, 0x00007f7352a00000, 0x00007f76edb50000)
  eden space 5796736K, 100% used [0x00007f7198600000, 0x00007f72fa2e0000, 0x00007f72fa2e0000)
  from space 724544K, 100% used [0x00007f7326670000, 0x00007f7352a00000, 0x00007f7352a00000)
  to   space 724544K,   0% used [0x00007f72fa2e0000, 0x00007f72fa2e0000, 0x00007f7326670000)
 tenured generation   total 14491560K, used 9685259K [0x00007f76edb50000, 0x00007f7a6233a000, 0x00007f8198600000)
   the space 14491560K,  66% used [0x00007f76edb50000, 0x00007f793cd92f18, 0x00007f793cd93000, 0x00007f7a6233a000)
 Metaspace       used 31396K, capacity 31874K, committed 32000K, reserved 32768K
}
Event: 1382.432 GC heap after
{Heap after GC invocations=358 (full 114):
 def new generation   total 6521280K, used 724544K [0x00007f7198600000, 0x00007f7352a00000, 0x00007f76edb50000)
  eden space 5796736K,   0% used [0x00007f7198600000, 0x00007f7198600000, 0x00007f72fa2e0000)
  from space 724544K, 100% used [0x00007f72fa2e0000, 0x00007f7326670000, 0x00007f7326670000)
  to   space 724544K,   0% used [0x00007f7326670000, 0x00007f7326670000, 0x00007f7352a00000)
 tenured generation   total 14491560K, used 11134436K [0x00007f76edb50000, 0x00007f7a6233a000, 0x00007f8198600000)
   the space 14491560K,  76% used [0x00007f76edb50000, 0x00007f79954c90d8, 0x00007f79954c9200, 0x00007f7a6233a000)
 Metaspace       used 31396K, capacity 31874K, committed 32000K, reserved 32768K
}
Event: 1498.213 GC heap before
{Heap before GC invocations=358 (full 114):
 def new generation   total 6521280K, used 6521280K [0x00007f7198600000, 0x00007f7352a00000, 0x00007f76edb50000)
  eden space 5796736K, 100% used [0x00007f7198600000, 0x00007f72fa2e0000, 0x00007f72fa2e0000)
  from space 724544K, 100% used [0x00007f72fa2e0000, 0x00007f7326670000, 0x00007f7326670000)
  to   space 724544K,   0% used [0x00007f7326670000, 0x00007f7326670000, 0x00007f7352a00000)
 tenured generation   total 14491560K, used 11134436K [0x00007f76edb50000, 0x00007f7a6233a000, 0x00007f8198600000)
   the space 14491560K,  76% used [0x00007f76edb50000, 0x00007f79954c90d8, 0x00007f79954c9200, 0x00007f7a6233a000)
 Metaspace       used 31396K, capacity 31874K, committed 32000K, reserved 32768K
}
Event: 1502.049 GC heap after
{Heap after GC invocations=359 (full 114):
 def new generation   total 6521280K, used 724544K [0x00007f7198600000, 0x00007f7352a00000, 0x00007f76edb50000)
  eden space 5796736K,   0% used [0x00007f7198600000, 0x00007f7198600000, 0x00007f72fa2e0000)
  from space 724544K, 100% used [0x00007f7326670000, 0x00007f7352a00000, 0x00007f7352a00000)
  to   space 724544K,   0% used [0x00007f72fa2e0000, 0x00007f72fa2e0000, 0x00007f7326670000)
 tenured generation   total 14491560K, used 12583613K [0x00007f76edb50000, 0x00007f7a6233a000, 0x00007f8198600000)
   the space 14491560K,  86% used [0x00007f76edb50000, 0x00007f79edbff458, 0x00007f79edbff600, 0x00007f7a6233a000)
 Metaspace       used 31396K, capacity 31874K, committed 32000K, reserved 32768K
}
Event: 1505.541 GC heap before
{Heap before GC invocations=359 (full 114):
 def new generation   total 6521280K, used 6521280K [0x00007f7198600000, 0x00007f7352a00000, 0x00007f76edb50000)
  eden space 5796736K, 100% used [0x00007f7198600000, 0x00007f72fa2e0000, 0x00007f72fa2e0000)
  from space 724544K, 100% used [0x00007f7326670000, 0x00007f7352a00000, 0x00007f7352a00000)
  to   space 724544K,   0% used [0x00007f72fa2e0000, 0x00007f72fa2e0000, 0x00007f7326670000)
 tenured generation   total 14491560K, used 12583613K [0x00007f76edb50000, 0x00007f7a6233a000, 0x00007f8198600000)
   the space 14491560K,  86% used [0x00007f76edb50000, 0x00007f79edbff458, 0x00007f79edbff600, 0x00007f7a6233a000)
 Metaspace       used 31396K, capacity 31874K, committed 32000K, reserved 32768K
}
Event: 1507.660 GC heap after
{Heap after GC invocations=360 (full 114):
 def new generation   total 6521280K, used 724543K [0x00007f7198600000, 0x00007f7352a00000, 0x00007f76edb50000)
  eden space 5796736K,   0% used [0x00007f7198600000, 0x00007f7198600000, 0x00007f72fa2e0000)
  from space 724544K,  99% used [0x00007f72fa2e0000, 0x00007f732666ffe8, 0x00007f7326670000)
  to   space 724544K,   0% used [0x00007f7326670000, 0x00007f7326670000, 0x00007f7352a00000)
 tenured generation   total 14491560K, used 13388158K [0x00007f76edb50000, 0x00007f7a6233a000, 0x00007f8198600000)
   the space 14491560K,  92% used [0x00007f76edb50000, 0x00007f7a1edaf818, 0x00007f7a1edafa00, 0x00007f7a6233a000)
 Metaspace       used 31396K, capacity 31874K, committed 32000K, reserved 32768K
}
Event: 1509.077 GC heap before
{Heap before GC invocations=360 (full 114):
 def new generation   total 6521280K, used 6521279K [0x00007f7198600000, 0x00007f7352a00000, 0x00007f76edb50000)
  eden space 5796736K, 100% used [0x00007f7198600000, 0x00007f72fa2e0000, 0x00007f72fa2e0000)
  from space 724544K,  99% used [0x00007f72fa2e0000, 0x00007f732666ffe8, 0x00007f7326670000)
  to   space 724544K,   0% used [0x00007f7326670000, 0x00007f7326670000, 0x00007f7352a00000)
 tenured generation   total 14491560K, used 13388158K [0x00007f76edb50000, 0x00007f7a6233a000, 0x00007f8198600000)
   the space 14491560K,  92% used [0x00007f76edb50000, 0x00007f7a1edaf818, 0x00007f7a1edafa00, 0x00007f7a6233a000)
 Metaspace       used 31396K, capacity 31874K, committed 32000K, reserved 32768K
}
Event: 1510.886 GC heap after
{Heap after GC invocations=361 (full 114):
 def new generation   total 6521280K, used 438801K [0x00007f7198600000, 0x00007f7352a00000, 0x00007f76edb50000)
  eden space 5796736K,   0% used [0x00007f7198600000, 0x00007f7198600000, 0x00007f72fa2e0000)
  from space 724544K,  60% used [0x00007f7326670000, 0x00007f73412f4520, 0x00007f7352a00000)
  to   space 724544K,   0% used [0x00007f72fa2e0000, 0x00007f72fa2e0000, 0x00007f7326670000)
 tenured generation   total 14491560K, used 14112700K [0x00007f76edb50000, 0x00007f7a6233a000, 0x00007f8198600000)
   the space 14491560K,  97% used [0x00007f76edb50000, 0x00007f7a4b13f370, 0x00007f7a4b13f400, 0x00007f7a6233a000)
 Metaspace       used 31396K, capacity 31874K, committed 32000K, reserved 32768K
}
Event: 1512.276 GC heap before
{Heap before GC invocations=361 (full 114):
 def new generation   total 6521280K, used 6235537K [0x00007f7198600000, 0x00007f7352a00000, 0x00007f76edb50000)
  eden space 5796736K, 100% used [0x00007f7198600000, 0x00007f72fa2e0000, 0x00007f72fa2e0000)
  from space 724544K,  60% used [0x00007f7326670000, 0x00007f73412f4520, 0x00007f7352a00000)
  to   space 724544K,   0% used [0x00007f72fa2e0000, 0x00007f72fa2e0000, 0x00007f7326670000)
 tenured generation   total 14491560K, used 14112700K [0x00007f76edb50000, 0x00007f7a6233a000, 0x00007f8198600000)
   the space 14491560K,  97% used [0x00007f76edb50000, 0x00007f7a4b13f370, 0x00007f7a4b13f400, 0x00007f7a6233a000)
 Metaspace       used 31396K, capacity 31874K, committed 32000K, reserved 32768K
}
Event: 1513.790 GC heap after
{Heap after GC invocations=362 (full 114):
 def new generation   total 6521280K, used 434930K [0x00007f7198600000, 0x00007f7352a00000, 0x00007f76edb50000)
  eden space 5796736K,   0% used [0x00007f7198600000, 0x00007f7198600000, 0x00007f72fa2e0000)
  from space 724544K,  60% used [0x00007f72fa2e0000, 0x00007f7314b9ca30, 0x00007f7326670000)
  to   space 724544K,   0% used [0x00007f7326670000, 0x00007f7326670000, 0x00007f7352a00000)
 tenured generation   total 14551656K, used 14551501K [0x00007f76edb50000, 0x00007f7a65dea000, 0x00007f8198600000)
   the space 14551656K,  99% used [0x00007f76edb50000, 0x00007f7a65dc35d0, 0x00007f7a65dc3600, 0x00007f7a65dea000)
 Metaspace       used 31396K, capacity 31874K, committed 32000K, reserved 32768K
}
Event: 1513.790 GC heap before
{Heap before GC invocations=362 (full 114):
 def new generation   total 6521280K, used 434930K [0x00007f7198600000, 0x00007f7352a00000, 0x00007f76edb50000)
  eden space 5796736K,   0% used [0x00007f7198600000, 0x00007f7198600000, 0x00007f72fa2e0000)
  from space 724544K,  60% used [0x00007f72fa2e0000, 0x00007f7314b9ca30, 0x00007f7326670000)
  to   space 724544K,   0% used [0x00007f7326670000, 0x00007f7326670000, 0x00007f7352a00000)
 tenured generation   total 14551656K, used 14551501K [0x00007f76edb50000, 0x00007f7a65dea000, 0x00007f8198600000)
   the space 14551656K,  99% used [0x00007f76edb50000, 0x00007f7a65dc35d0, 0x00007f7a65dc3600, 0x00007f7a65dea000)
 Metaspace       used 31396K, capacity 31874K, committed 32000K, reserved 32768K
}

