# JRE version: OpenJDK Runtime Environment (13.0.7+5) (build 13.0.7+5-Ubuntu-0ubuntu120.04)
# Java VM: OpenJDK 64-Bit Server VM (13.0.7+5-Ubuntu-0ubuntu120.04, mixed mode, tiered, serial gc, linux-amd64)
Heap:
 def new generation   total 1195008K, used 132698K [0x00007f7b48600000, 0x00007f7b996a0000, 0x00007f809db50000)
  eden space 1062272K,  12% used [0x00007f7b48600000, 0x00007f7b50796b60, 0x00007f7b89360000)
  from space 132736K,   0% used [0x00007f7b89360000, 0x00007f7b89360000, 0x00007f7b91500000)
  to   space 132736K,   0% used [0x00007f7b91500000, 0x00007f7b91500000, 0x00007f7b996a0000)
 tenured generation   total 2711808K, used 2711807K [0x00007f809db50000, 0x00007f8143390000, 0x00007f8b48600000)
   the space 2711808K,  99% used [0x00007f809db50000, 0x00007f814338fe08, 0x00007f8143390000, 0x00007f8143390000)
 Metaspace       used 30940K, capacity 31396K, committed 31488K, reserved 32768K
GC Heap History (20 events):
Event: 116.124 GC heap after
{Heap after GC invocations=33 (full 1):
 def new generation   total 629248K, used 473K [0x00007f7b48600000, 0x00007f7b730c0000, 0x00007f809db50000)
  eden space 559360K,   0% used [0x00007f7b48600000, 0x00007f7b48600000, 0x00007f7b6a840000)
  from space 69888K,   0% used [0x00007f7b6a840000, 0x00007f7b6a8b6738, 0x00007f7b6ec80000)
  to   space 69888K,   0% used [0x00007f7b6ec80000, 0x00007f7b6ec80000, 0x00007f7b730c0000)
 tenured generation   total 1398144K, used 24336K [0x00007f809db50000, 0x00007f80f30b0000, 0x00007f8b48600000)
   the space 1398144K,   1% used [0x00007f809db50000, 0x00007f809f3140e8, 0x00007f809f314200, 0x00007f80f30b0000)
 Metaspace       used 30939K, capacity 31396K, committed 31488K, reserved 32768K
}
Event: 118.014 GC heap before
{Heap before GC invocations=33 (full 1):
 def new generation   total 629248K, used 559833K [0x00007f7b48600000, 0x00007f7b730c0000, 0x00007f809db50000)
  eden space 559360K, 100% used [0x00007f7b48600000, 0x00007f7b6a840000, 0x00007f7b6a840000)
  from space 69888K,   0% used [0x00007f7b6a840000, 0x00007f7b6a8b6738, 0x00007f7b6ec80000)
  to   space 69888K,   0% used [0x00007f7b6ec80000, 0x00007f7b6ec80000, 0x00007f7b730c0000)
 tenured generation   total 1398144K, used 24336K [0x00007f809db50000, 0x00007f80f30b0000, 0x00007f8b48600000)
   the space 1398144K,   1% used [0x00007f809db50000, 0x00007f809f3140e8, 0x00007f809f314200, 0x00007f80f30b0000)
 Metaspace       used 30939K, capacity 31396K, committed 31488K, reserved 32768K
}
Event: 118.027 GC heap after
{Heap after GC invocations=34 (full 1):
 def new generation   total 629248K, used 153K [0x00007f7b48600000, 0x00007f7b730c0000, 0x00007f809db50000)
  eden space 559360K,   0% used [0x00007f7b48600000, 0x00007f7b48600000, 0x00007f7b6a840000)
  from space 69888K,   0% used [0x00007f7b6ec80000, 0x00007f7b6eca66e8, 0x00007f7b730c0000)
  to   space 69888K,   0% used [0x00007f7b6a840000, 0x00007f7b6a840000, 0x00007f7b6ec80000)
 tenured generation   total 1398144K, used 24377K [0x00007f809db50000, 0x00007f80f30b0000, 0x00007f8b48600000)
   the space 1398144K,   1% used [0x00007f809db50000, 0x00007f809f31e750, 0x00007f809f31e800, 0x00007f80f30b0000)
 Metaspace       used 30939K, capacity 31396K, committed 31488K, reserved 32768K
}
Event: 119.129 GC heap before
{Heap before GC invocations=34 (full 1):
 def new generation   total 629248K, used 559513K [0x00007f7b48600000, 0x00007f7b730c0000, 0x00007f809db50000)
  eden space 559360K, 100% used [0x00007f7b48600000, 0x00007f7b6a840000, 0x00007f7b6a840000)
  from space 69888K,   0% used [0x00007f7b6ec80000, 0x00007f7b6eca66e8, 0x00007f7b730c0000)
  to   space 69888K,   0% used [0x00007f7b6a840000, 0x00007f7b6a840000, 0x00007f7b6ec80000)
 tenured generation   total 1398144K, used 24377K [0x00007f809db50000, 0x00007f80f30b0000, 0x00007f8b48600000)
   the space 1398144K,   1% used [0x00007f809db50000, 0x00007f809f31e750, 0x00007f809f31e800, 0x00007f80f30b0000)
 Metaspace       used 30939K, capacity 31396K, committed 31488K, reserved 32768K
}
Event: 119.130 GC heap after
{Heap after GC invocations=35 (full 1):
 def new generation   total 629248K, used 47K [0x00007f7b48600000, 0x00007f7b730c0000, 0x00007f809db50000)
  eden space 559360K,   0% used [0x00007f7b48600000, 0x00007f7b48600000, 0x00007f7b6a840000)
  from space 69888K,   0% used [0x00007f7b6a840000, 0x00007f7b6a84be40, 0x00007f7b6ec80000)
  to   space 69888K,   0% used [0x00007f7b6ec80000, 0x00007f7b6ec80000, 0x00007f7b730c0000)
 tenured generation   total 1398144K, used 24377K [0x00007f809db50000, 0x00007f80f30b0000, 0x00007f8b48600000)
   the space 1398144K,   1% used [0x00007f809db50000, 0x00007f809f31e750, 0x00007f809f31e800, 0x00007f80f30b0000)
 Metaspace       used 30939K, capacity 31396K, committed 31488K, reserved 32768K
}
Event: 119.914 GC heap before
{Heap before GC invocations=35 (full 1):
 def new generation   total 629248K, used 559407K [0x00007f7b48600000, 0x00007f7b730c0000, 0x00007f809db50000)
  eden space 559360K, 100% used [0x00007f7b48600000, 0x00007f7b6a840000, 0x00007f7b6a840000)
  from space 69888K,   0% used [0x00007f7b6a840000, 0x00007f7b6a84be40, 0x00007f7b6ec80000)
  to   space 69888K,   0% used [0x00007f7b6ec80000, 0x00007f7b6ec80000, 0x00007f7b730c0000)
 tenured generation   total 1398144K, used 24377K [0x00007f809db50000, 0x00007f80f30b0000, 0x00007f8b48600000)
   the space 1398144K,   1% used [0x00007f809db50000, 0x00007f809f31e750, 0x00007f809f31e800, 0x00007f80f30b0000)
 Metaspace       used 30940K, capacity 31396K, committed 31488K, reserved 32768K
}
Event: 119.917 GC heap after
{Heap after GC invocations=36 (full 1):
 def new generation   total 629248K, used 2596K [0x00007f7b48600000, 0x00007f7b730c0000, 0x00007f809db50000)
  eden space 559360K,   0% used [0x00007f7b48600000, 0x00007f7b48600000, 0x00007f7b6a840000)
  from space 69888K,   3% used [0x00007f7b6ec80000, 0x00007f7b6ef09378, 0x00007f7b730c0000)
  to   space 69888K,   0% used [0x00007f7b6a840000, 0x00007f7b6a840000, 0x00007f7b6ec80000)
 tenured generation   total 1398144K, used 24377K [0x00007f809db50000, 0x00007f80f30b0000, 0x00007f8b48600000)
   the space 1398144K,   1% used [0x00007f809db50000, 0x00007f809f31e750, 0x00007f809f31e800, 0x00007f80f30b0000)
 Metaspace       used 30940K, capacity 31396K, committed 31488K, reserved 32768K
}
Event: 120.333 GC heap before
{Heap before GC invocations=36 (full 1):
 def new generation   total 629248K, used 561956K [0x00007f7b48600000, 0x00007f7b730c0000, 0x00007f809db50000)
  eden space 559360K, 100% used [0x00007f7b48600000, 0x00007f7b6a840000, 0x00007f7b6a840000)
  from space 69888K,   3% used [0x00007f7b6ec80000, 0x00007f7b6ef09378, 0x00007f7b730c0000)
  to   space 69888K,   0% used [0x00007f7b6a840000, 0x00007f7b6a840000, 0x00007f7b6ec80000)
 tenured generation   total 1398144K, used 24377K [0x00007f809db50000, 0x00007f80f30b0000, 0x00007f8b48600000)
   the space 1398144K,   1% used [0x00007f809db50000, 0x00007f809f31e750, 0x00007f809f31e800, 0x00007f80f30b0000)
 Metaspace       used 30940K, capacity 31396K, committed 31488K, reserved 32768K
}
Event: 121.013 GC heap after
{Heap after GC invocations=37 (full 1):
 def new generation   total 629248K, used 69888K [0x00007f7b48600000, 0x00007f7b730c0000, 0x00007f809db50000)
  eden space 559360K,   0% used [0x00007f7b48600000, 0x00007f7b48600000, 0x00007f7b6a840000)
  from space 69888K, 100% used [0x00007f7b6a840000, 0x00007f7b6ec80000, 0x00007f7b6ec80000)
  to   space 69888K,   0% used [0x00007f7b6ec80000, 0x00007f7b6ec80000, 0x00007f7b730c0000)
 tenured generation   total 1398144K, used 474459K [0x00007f809db50000, 0x00007f80f30b0000, 0x00007f8b48600000)
   the space 1398144K,  33% used [0x00007f809db50000, 0x00007f80baaa6fe8, 0x00007f80baaa7000, 0x00007f80f30b0000)
 Metaspace       used 30940K, capacity 31396K, committed 31488K, reserved 32768K
}
Event: 121.294 GC heap before
{Heap before GC invocations=37 (full 1):
 def new generation   total 629248K, used 629248K [0x00007f7b48600000, 0x00007f7b730c0000, 0x00007f809db50000)
  eden space 559360K, 100% used [0x00007f7b48600000, 0x00007f7b6a840000, 0x00007f7b6a840000)
  from space 69888K, 100% used [0x00007f7b6a840000, 0x00007f7b6ec80000, 0x00007f7b6ec80000)
  to   space 69888K,   0% used [0x00007f7b6ec80000, 0x00007f7b6ec80000, 0x00007f7b730c0000)
 tenured generation   total 1398144K, used 474459K [0x00007f809db50000, 0x00007f80f30b0000, 0x00007f8b48600000)
   the space 1398144K,  33% used [0x00007f809db50000, 0x00007f80baaa6fe8, 0x00007f80baaa7000, 0x00007f80f30b0000)
 Metaspace       used 30940K, capacity 31396K, committed 31488K, reserved 32768K
}
Event: 122.043 GC heap after
{Heap after GC invocations=38 (full 1):
 def new generation   total 629248K, used 69887K [0x00007f7b48600000, 0x00007f7b730c0000, 0x00007f809db50000)
  eden space 559360K,   0% used [0x00007f7b48600000, 0x00007f7b48600000, 0x00007f7b6a840000)
  from space 69888K,  99% used [0x00007f7b6ec80000, 0x00007f7b730bff38, 0x00007f7b730c0000)
  to   space 69888K,   0% used [0x00007f7b6a840000, 0x00007f7b6a840000, 0x00007f7b6ec80000)
 tenured generation   total 1398144K, used 1033780K [0x00007f809db50000, 0x00007f80f30b0000, 0x00007f8b48600000)
   the space 1398144K,  73% used [0x00007f809db50000, 0x00007f80dccdd388, 0x00007f80dccdd400, 0x00007f80f30b0000)
 Metaspace       used 30940K, capacity 31396K, committed 31488K, reserved 32768K
}
Event: 122.318 GC heap before
{Heap before GC invocations=38 (full 1):
 def new generation   total 629248K, used 629247K [0x00007f7b48600000, 0x00007f7b730c0000, 0x00007f809db50000)
  eden space 559360K, 100% used [0x00007f7b48600000, 0x00007f7b6a840000, 0x00007f7b6a840000)
  from space 69888K,  99% used [0x00007f7b6ec80000, 0x00007f7b730bff38, 0x00007f7b730c0000)
  to   space 69888K,   0% used [0x00007f7b6a840000, 0x00007f7b6a840000, 0x00007f7b6ec80000)
 tenured generation   total 1398144K, used 1033780K [0x00007f809db50000, 0x00007f80f30b0000, 0x00007f8b48600000)
   the space 1398144K,  73% used [0x00007f809db50000, 0x00007f80dccdd388, 0x00007f80dccdd400, 0x00007f80f30b0000)
 Metaspace       used 30940K, capacity 31396K, committed 31488K, reserved 32768K
}
Event: 123.095 GC heap after
{Heap after GC invocations=39 (full 1):
 def new generation   total 629248K, used 69887K [0x00007f7b48600000, 0x00007f7b730c0000, 0x00007f809db50000)
  eden space 559360K,   0% used [0x00007f7b48600000, 0x00007f7b48600000, 0x00007f7b6a840000)
  from space 69888K,  99% used [0x00007f7b6a840000, 0x00007f7b6ec7ff38, 0x00007f7b6ec80000)
  to   space 69888K,   0% used [0x00007f7b6ec80000, 0x00007f7b6ec80000, 0x00007f7b730c0000)
 tenured generation   total 1593216K, used 1593086K [0x00007f809db50000, 0x00007f80fef30000, 0x00007f8b48600000)
   the space 1593216K,  99% used [0x00007f809db50000, 0x00007f80fef0fbc0, 0x00007f80fef0fc00, 0x00007f80fef30000)
 Metaspace       used 30940K, capacity 31396K, committed 31488K, reserved 32768K
}
Event: 123.095 GC heap before
{Heap before GC invocations=39 (full 1):
 def new generation   total 629248K, used 69887K [0x00007f7b48600000, 0x00007f7b730c0000, 0x00007f809db50000)
  eden space 559360K,   0% used [0x00007f7b48600000, 0x00007f7b48600000, 0x00007f7b6a840000)
  from space 69888K,  99% used [0x00007f7b6a840000, 0x00007f7b6ec7ff38, 0x00007f7b6ec80000)
  to   space 69888K,   0% used [0x00007f7b6ec80000, 0x00007f7b6ec80000, 0x00007f7b730c0000)
 tenured generation   total 1593216K, used 1593086K [0x00007f809db50000, 0x00007f80fef30000, 0x00007f8b48600000)
   the space 1593216K,  99% used [0x00007f809db50000, 0x00007f80fef0fbc0, 0x00007f80fef0fc00, 0x00007f80fef30000)
 Metaspace       used 30940K, capacity 31396K, committed 31488K, reserved 32768K
}
Event: 123.873 GC heap after
{Heap after GC invocations=39 (full 2):
 def new generation   total 1195008K, used 69759K [0x00007f7b48600000, 0x00007f7b996a0000, 0x00007f809db50000)
  eden space 1062272K,   6% used [0x00007f7b48600000, 0x00007f7b4ca1fc28, 0x00007f7b89360000)
  from space 132736K,   0% used [0x00007f7b89360000, 0x00007f7b89360000, 0x00007f7b91500000)
  to   space 132736K,   0% used [0x00007f7b91500000, 0x00007f7b91500000, 0x00007f7b996a0000)
 tenured generation   total 2655360K, used 1593215K [0x00007f809db50000, 0x00007f813fc70000, 0x00007f8b48600000)
   the space 2655360K,  59% used [0x00007f809db50000, 0x00007f80fef2fed0, 0x00007f80fef30000, 0x00007f813fc70000)
 Metaspace       used 30940K, capacity 31396K, committed 31488K, reserved 32768K
}
Event: 124.437 GC heap before
{Heap before GC invocations=39 (full 2):
 def new generation   total 1195008K, used 1062272K [0x00007f7b48600000, 0x00007f7b996a0000, 0x00007f809db50000)
  eden space 1062272K, 100% used [0x00007f7b48600000, 0x00007f7b89360000, 0x00007f7b89360000)
  from space 132736K,   0% used [0x00007f7b89360000, 0x00007f7b89360000, 0x00007f7b91500000)
  to   space 132736K,   0% used [0x00007f7b91500000, 0x00007f7b91500000, 0x00007f7b996a0000)
 tenured generation   total 2655360K, used 1593215K [0x00007f809db50000, 0x00007f813fc70000, 0x00007f8b48600000)
   the space 2655360K,  59% used [0x00007f809db50000, 0x00007f80fef2fed0, 0x00007f80fef30000, 0x00007f813fc70000)
 Metaspace       used 30940K, capacity 31396K, committed 31488K, reserved 32768K
}
Event: 126.168 GC heap after
{Heap after GC invocations=40 (full 2):
 def new generation   total 1195008K, used 132735K [0x00007f7b48600000, 0x00007f7b996a0000, 0x00007f809db50000)
  eden space 1062272K,   0% used [0x00007f7b48600000, 0x00007f7b48600000, 0x00007f7b89360000)
  from space 132736K,  99% used [0x00007f7b91500000, 0x00007f7b9969ff98, 0x00007f7b996a0000)
  to   space 132736K,   0% used [0x00007f7b89360000, 0x00007f7b89360000, 0x00007f7b91500000)
 tenured generation   total 2655360K, used 2522713K [0x00007f809db50000, 0x00007f813fc70000, 0x00007f8b48600000)
   the space 2655360K,  95% used [0x00007f809db50000, 0x00007f8137ae6608, 0x00007f8137ae6800, 0x00007f813fc70000)
 Metaspace       used 30940K, capacity 31396K, committed 31488K, reserved 32768K
}
Event: 127.932 GC heap before
{Heap before GC invocations=40 (full 2):
 def new generation   total 1195008K, used 1195007K [0x00007f7b48600000, 0x00007f7b996a0000, 0x00007f809db50000)
  eden space 1062272K, 100% used [0x00007f7b48600000, 0x00007f7b89360000, 0x00007f7b89360000)
  from space 132736K,  99% used [0x00007f7b91500000, 0x00007f7b9969ff98, 0x00007f7b996a0000)
  to   space 132736K,   0% used [0x00007f7b89360000, 0x00007f7b89360000, 0x00007f7b91500000)
 tenured generation   total 2655360K, used 2522713K [0x00007f809db50000, 0x00007f813fc70000, 0x00007f8b48600000)
   the space 2655360K,  95% used [0x00007f809db50000, 0x00007f8137ae6608, 0x00007f8137ae6800, 0x00007f813fc70000)
 Metaspace       used 30940K, capacity 31396K, committed 31488K, reserved 32768K
}
Event: 128.378 GC heap after
{Heap after GC invocations=41 (full 2):
 def new generation   total 1195008K, used 132735K [0x00007f7b48600000, 0x00007f7b996a0000, 0x00007f809db50000)
  eden space 1062272K,   0% used [0x00007f7b48600000, 0x00007f7b48600000, 0x00007f7b89360000)
  from space 132736K,  99% used [0x00007f7b89360000, 0x00007f7b914ffe60, 0x00007f7b91500000)
  to   space 132736K,   0% used [0x00007f7b91500000, 0x00007f7b91500000, 0x00007f7b996a0000)
 tenured generation   total 2711808K, used 2711770K [0x00007f809db50000, 0x00007f8143390000, 0x00007f8b48600000)
   the space 2711808K,  99% used [0x00007f809db50000, 0x00007f8143386b08, 0x00007f8143386c00, 0x00007f8143390000)
 Metaspace       used 30940K, capacity 31396K, committed 31488K, reserved 32768K
}
Event: 128.378 GC heap before
{Heap before GC invocations=41 (full 2):
 def new generation   total 1195008K, used 132735K [0x00007f7b48600000, 0x00007f7b996a0000, 0x00007f809db50000)
  eden space 1062272K,   0% used [0x00007f7b48600000, 0x00007f7b48600000, 0x00007f7b89360000)
  from space 132736K,  99% used [0x00007f7b89360000, 0x00007f7b914ffe60, 0x00007f7b91500000)
  to   space 132736K,   0% used [0x00007f7b91500000, 0x00007f7b91500000, 0x00007f7b996a0000)
 tenured generation   total 2711808K, used 2711770K [0x00007f809db50000, 0x00007f8143390000, 0x00007f8b48600000)
   the space 2711808K,  99% used [0x00007f809db50000, 0x00007f8143386b08, 0x00007f8143386c00, 0x00007f8143390000)
 Metaspace       used 30940K, capacity 31396K, committed 31488K, reserved 32768K
}

