# JRE version: OpenJDK Runtime Environment (13.0.7+5) (build 13.0.7+5-Ubuntu-0ubuntu120.04)
# Java VM: OpenJDK 64-Bit Server VM (13.0.7+5-Ubuntu-0ubuntu120.04, mixed mode, tiered, serial gc, linux-amd64)
Heap:
 def new generation   total 7690432K, used 270830K [0x00007f5fac600000, 0x00007f61b5ea0000, 0x00007f6a570a0000)
  eden space 6835968K,   3% used [0x00007f5fac600000, 0x00007f5fbce7b9d8, 0x00007f614d9c0000)
  from space 854464K,   0% used [0x00007f614d9c0000, 0x00007f614d9c0000, 0x00007f6181c30000)
  to   space 854464K,   0% used [0x00007f6181c30000, 0x00007f6181c30000, 0x00007f61b5ea0000)
 tenured generation   total 17141004K, used 17140672K [0x00007f6a570a0000, 0x00007f6e6d3e3000, 0x00007f7fac600000)
   the space 17141004K,  99% used [0x00007f6a570a0000, 0x00007f6e6d3901f8, 0x00007f6e6d390200, 0x00007f6e6d3e3000)
 Metaspace       used 24252K, capacity 24627K, committed 24832K, reserved 26624K
GC Heap History (20 events):
Event: 5086.324 GC heap after
{Heap after GC invocations=2073 (full 8):
 def new generation   total 7690432K, used 406527K [0x00007f5fac600000, 0x00007f61b5ea0000, 0x00007f6a570a0000)
  eden space 6835968K,   0% used [0x00007f5fac600000, 0x00007f5fac600000, 0x00007f614d9c0000)
  from space 854464K,  47% used [0x00007f6181c30000, 0x00007f619a92fed8, 0x00007f61b5ea0000)
  to   space 854464K,   0% used [0x00007f614d9c0000, 0x00007f614d9c0000, 0x00007f6181c30000)
 tenured generation   total 17089776K, used 16869303K [0x00007f6a570a0000, 0x00007f6e6a1dc000, 0x00007f7fac600000)
   the space 17089776K,  98% used [0x00007f6a570a0000, 0x00007f6e5ca8de20, 0x00007f6e5ca8e000, 0x00007f6e6a1dc000)
 Metaspace       used 24252K, capacity 24627K, committed 24832K, reserved 26624K
}
Event: 5094.849 GC heap before
{Heap before GC invocations=2073 (full 8):
 def new generation   total 7690432K, used 7242495K [0x00007f5fac600000, 0x00007f61b5ea0000, 0x00007f6a570a0000)
  eden space 6835968K, 100% used [0x00007f5fac600000, 0x00007f614d9c0000, 0x00007f614d9c0000)
  from space 854464K,  47% used [0x00007f6181c30000, 0x00007f619a92fed8, 0x00007f61b5ea0000)
  to   space 854464K,   0% used [0x00007f614d9c0000, 0x00007f614d9c0000, 0x00007f6181c30000)
 tenured generation   total 17089776K, used 16869303K [0x00007f6a570a0000, 0x00007f6e6a1dc000, 0x00007f7fac600000)
   the space 17089776K,  98% used [0x00007f6a570a0000, 0x00007f6e5ca8de20, 0x00007f6e5ca8e000, 0x00007f6e6a1dc000)
 Metaspace       used 24252K, capacity 24627K, committed 24832K, reserved 26624K
}
Event: 5095.311 GC heap after
{Heap after GC invocations=2074 (full 8):
 def new generation   total 7690432K, used 423480K [0x00007f5fac600000, 0x00007f61b5ea0000, 0x00007f6a570a0000)
  eden space 6835968K,   0% used [0x00007f5fac600000, 0x00007f5fac600000, 0x00007f614d9c0000)
  from space 854464K,  49% used [0x00007f614d9c0000, 0x00007f616774e2c8, 0x00007f6181c30000)
  to   space 854464K,   0% used [0x00007f6181c30000, 0x00007f6181c30000, 0x00007f61b5ea0000)
 tenured generation   total 17089776K, used 16869303K [0x00007f6a570a0000, 0x00007f6e6a1dc000, 0x00007f7fac600000)
   the space 17089776K,  98% used [0x00007f6a570a0000, 0x00007f6e5ca8de20, 0x00007f6e5ca8e000, 0x00007f6e6a1dc000)
 Metaspace       used 24252K, capacity 24627K, committed 24832K, reserved 26624K
}
Event: 5103.241 GC heap before
{Heap before GC invocations=2074 (full 8):
 def new generation   total 7690432K, used 7259448K [0x00007f5fac600000, 0x00007f61b5ea0000, 0x00007f6a570a0000)
  eden space 6835968K, 100% used [0x00007f5fac600000, 0x00007f614d9c0000, 0x00007f614d9c0000)
  from space 854464K,  49% used [0x00007f614d9c0000, 0x00007f616774e2c8, 0x00007f6181c30000)
  to   space 854464K,   0% used [0x00007f6181c30000, 0x00007f6181c30000, 0x00007f61b5ea0000)
 tenured generation   total 17089776K, used 16869303K [0x00007f6a570a0000, 0x00007f6e6a1dc000, 0x00007f7fac600000)
   the space 17089776K,  98% used [0x00007f6a570a0000, 0x00007f6e5ca8de20, 0x00007f6e5ca8e000, 0x00007f6e6a1dc000)
 Metaspace       used 24252K, capacity 24627K, committed 24832K, reserved 26624K
}
Event: 5103.609 GC heap after
{Heap after GC invocations=2075 (full 8):
 def new generation   total 7690432K, used 440436K [0x00007f5fac600000, 0x00007f61b5ea0000, 0x00007f6a570a0000)
  eden space 6835968K,   0% used [0x00007f5fac600000, 0x00007f5fac600000, 0x00007f614d9c0000)
  from space 854464K,  51% used [0x00007f6181c30000, 0x00007f619ca4d0c8, 0x00007f61b5ea0000)
  to   space 854464K,   0% used [0x00007f614d9c0000, 0x00007f614d9c0000, 0x00007f6181c30000)
 tenured generation   total 17089776K, used 16869303K [0x00007f6a570a0000, 0x00007f6e6a1dc000, 0x00007f7fac600000)
   the space 17089776K,  98% used [0x00007f6a570a0000, 0x00007f6e5ca8de20, 0x00007f6e5ca8e000, 0x00007f6e6a1dc000)
 Metaspace       used 24252K, capacity 24627K, committed 24832K, reserved 26624K
}
Event: 5111.092 GC heap before
{Heap before GC invocations=2075 (full 8):
 def new generation   total 7690432K, used 7276404K [0x00007f5fac600000, 0x00007f61b5ea0000, 0x00007f6a570a0000)
  eden space 6835968K, 100% used [0x00007f5fac600000, 0x00007f614d9c0000, 0x00007f614d9c0000)
  from space 854464K,  51% used [0x00007f6181c30000, 0x00007f619ca4d0c8, 0x00007f61b5ea0000)
  to   space 854464K,   0% used [0x00007f614d9c0000, 0x00007f614d9c0000, 0x00007f6181c30000)
 tenured generation   total 17089776K, used 16869303K [0x00007f6a570a0000, 0x00007f6e6a1dc000, 0x00007f7fac600000)
   the space 17089776K,  98% used [0x00007f6a570a0000, 0x00007f6e5ca8de20, 0x00007f6e5ca8e000, 0x00007f6e6a1dc000)
 Metaspace       used 24252K, capacity 24627K, committed 24832K, reserved 26624K
}
Event: 5111.450 GC heap after
{Heap after GC invocations=2076 (full 8):
 def new generation   total 7690432K, used 421939K [0x00007f5fac600000, 0x00007f61b5ea0000, 0x00007f6a570a0000)
  eden space 6835968K,   0% used [0x00007f5fac600000, 0x00007f5fac600000, 0x00007f614d9c0000)
  from space 854464K,  49% used [0x00007f614d9c0000, 0x00007f61675ccfd0, 0x00007f6181c30000)
  to   space 854464K,   0% used [0x00007f6181c30000, 0x00007f6181c30000, 0x00007f61b5ea0000)
 tenured generation   total 17089776K, used 16903220K [0x00007f6a570a0000, 0x00007f6e6a1dc000, 0x00007f7fac600000)
   the space 17089776K,  98% used [0x00007f6a570a0000, 0x00007f6e5ebad2d0, 0x00007f6e5ebad400, 0x00007f6e6a1dc000)
 Metaspace       used 24252K, capacity 24627K, committed 24832K, reserved 26624K
}
Event: 5119.536 GC heap before
{Heap before GC invocations=2076 (full 8):
 def new generation   total 7690432K, used 7257907K [0x00007f5fac600000, 0x00007f61b5ea0000, 0x00007f6a570a0000)
  eden space 6835968K, 100% used [0x00007f5fac600000, 0x00007f614d9c0000, 0x00007f614d9c0000)
  from space 854464K,  49% used [0x00007f614d9c0000, 0x00007f61675ccfd0, 0x00007f6181c30000)
  to   space 854464K,   0% used [0x00007f6181c30000, 0x00007f6181c30000, 0x00007f61b5ea0000)
 tenured generation   total 17089776K, used 16903220K [0x00007f6a570a0000, 0x00007f6e6a1dc000, 0x00007f7fac600000)
   the space 17089776K,  98% used [0x00007f6a570a0000, 0x00007f6e5ebad2d0, 0x00007f6e5ebad400, 0x00007f6e6a1dc000)
 Metaspace       used 24252K, capacity 24627K, committed 24832K, reserved 26624K
}
Event: 5119.920 GC heap after
{Heap after GC invocations=2077 (full 8):
 def new generation   total 7690432K, used 419864K [0x00007f5fac600000, 0x00007f61b5ea0000, 0x00007f6a570a0000)
  eden space 6835968K,   0% used [0x00007f5fac600000, 0x00007f5fac600000, 0x00007f614d9c0000)
  from space 854464K,  49% used [0x00007f6181c30000, 0x00007f619b636398, 0x00007f61b5ea0000)
  to   space 854464K,   0% used [0x00007f614d9c0000, 0x00007f614d9c0000, 0x00007f6181c30000)
 tenured generation   total 17089776K, used 16937137K [0x00007f6a570a0000, 0x00007f6e6a1dc000, 0x00007f7fac600000)
   the space 17089776K,  99% used [0x00007f6a570a0000, 0x00007f6e60ccc780, 0x00007f6e60ccc800, 0x00007f6e6a1dc000)
 Metaspace       used 24252K, capacity 24627K, committed 24832K, reserved 26624K
}
Event: 5127.953 GC heap before
{Heap before GC invocations=2077 (full 8):
 def new generation   total 7690432K, used 7255832K [0x00007f5fac600000, 0x00007f61b5ea0000, 0x00007f6a570a0000)
  eden space 6835968K, 100% used [0x00007f5fac600000, 0x00007f614d9c0000, 0x00007f614d9c0000)
  from space 854464K,  49% used [0x00007f6181c30000, 0x00007f619b636398, 0x00007f61b5ea0000)
  to   space 854464K,   0% used [0x00007f614d9c0000, 0x00007f614d9c0000, 0x00007f6181c30000)
 tenured generation   total 17089776K, used 16937137K [0x00007f6a570a0000, 0x00007f6e6a1dc000, 0x00007f7fac600000)
   the space 17089776K,  99% used [0x00007f6a570a0000, 0x00007f6e60ccc780, 0x00007f6e60ccc800, 0x00007f6e6a1dc000)
 Metaspace       used 24252K, capacity 24627K, committed 24832K, reserved 26624K
}
Event: 5128.268 GC heap after
{Heap after GC invocations=2078 (full 8):
 def new generation   total 7690432K, used 398802K [0x00007f5fac600000, 0x00007f61b5ea0000, 0x00007f6a570a0000)
  eden space 6835968K,   0% used [0x00007f5fac600000, 0x00007f5fac600000, 0x00007f614d9c0000)
  from space 854464K,  46% used [0x00007f614d9c0000, 0x00007f6165f34ae0, 0x00007f6181c30000)
  to   space 854464K,   0% used [0x00007f6181c30000, 0x00007f6181c30000, 0x00007f61b5ea0000)
 tenured generation   total 17089776K, used 16971055K [0x00007f6a570a0000, 0x00007f6e6a1dc000, 0x00007f7fac600000)
   the space 17089776K,  99% used [0x00007f6a570a0000, 0x00007f6e62debc30, 0x00007f6e62debe00, 0x00007f6e6a1dc000)
 Metaspace       used 24252K, capacity 24627K, committed 24832K, reserved 26624K
}
Event: 5135.534 GC heap before
{Heap before GC invocations=2078 (full 8):
 def new generation   total 7690432K, used 7234770K [0x00007f5fac600000, 0x00007f61b5ea0000, 0x00007f6a570a0000)
  eden space 6835968K, 100% used [0x00007f5fac600000, 0x00007f614d9c0000, 0x00007f614d9c0000)
  from space 854464K,  46% used [0x00007f614d9c0000, 0x00007f6165f34ae0, 0x00007f6181c30000)
  to   space 854464K,   0% used [0x00007f6181c30000, 0x00007f6181c30000, 0x00007f61b5ea0000)
 tenured generation   total 17089776K, used 16971055K [0x00007f6a570a0000, 0x00007f6e6a1dc000, 0x00007f7fac600000)
   the space 17089776K,  99% used [0x00007f6a570a0000, 0x00007f6e62debc30, 0x00007f6e62debe00, 0x00007f6e6a1dc000)
 Metaspace       used 24252K, capacity 24627K, committed 24832K, reserved 26624K
}
Event: 5135.949 GC heap after
{Heap after GC invocations=2079 (full 8):
 def new generation   total 7690432K, used 369042K [0x00007f5fac600000, 0x00007f61b5ea0000, 0x00007f6a570a0000)
  eden space 6835968K,   0% used [0x00007f5fac600000, 0x00007f5fac600000, 0x00007f614d9c0000)
  from space 854464K,  43% used [0x00007f6181c30000, 0x00007f6198494818, 0x00007f61b5ea0000)
  to   space 854464K,   0% used [0x00007f614d9c0000, 0x00007f614d9c0000, 0x00007f6181c30000)
 tenured generation   total 17089776K, used 17004972K [0x00007f6a570a0000, 0x00007f6e6a1dc000, 0x00007f7fac600000)
   the space 17089776K,  99% used [0x00007f6a570a0000, 0x00007f6e64f0b0e0, 0x00007f6e64f0b200, 0x00007f6e6a1dc000)
 Metaspace       used 24252K, capacity 24627K, committed 24832K, reserved 26624K
}
Event: 5143.008 GC heap before
{Heap before GC invocations=2079 (full 8):
 def new generation   total 7690432K, used 7197473K [0x00007f5fac600000, 0x00007f61b5ea0000, 0x00007f6a570a0000)
  eden space 6835968K,  99% used [0x00007f5fac600000, 0x00007f614d263e48, 0x00007f614d9c0000)
  from space 854464K,  43% used [0x00007f6181c30000, 0x00007f6198494818, 0x00007f61b5ea0000)
  to   space 854464K,   0% used [0x00007f614d9c0000, 0x00007f614d9c0000, 0x00007f6181c30000)
 tenured generation   total 17089776K, used 17004972K [0x00007f6a570a0000, 0x00007f6e6a1dc000, 0x00007f7fac600000)
   the space 17089776K,  99% used [0x00007f6a570a0000, 0x00007f6e64f0b0e0, 0x00007f6e64f0b200, 0x00007f6e6a1dc000)
 Metaspace       used 24252K, capacity 24627K, committed 24832K, reserved 26624K
}
Event: 5143.295 GC heap after
{Heap after GC invocations=2080 (full 8):
 def new generation   total 7690432K, used 340759K [0x00007f5fac600000, 0x00007f61b5ea0000, 0x00007f6a570a0000)
  eden space 6835968K,   0% used [0x00007f5fac600000, 0x00007f5fac600000, 0x00007f614d9c0000)
  from space 854464K,  39% used [0x00007f614d9c0000, 0x00007f6162685fd8, 0x00007f6181c30000)
  to   space 854464K,   0% used [0x00007f6181c30000, 0x00007f6181c30000, 0x00007f61b5ea0000)
 tenured generation   total 17089776K, used 17038889K [0x00007f6a570a0000, 0x00007f6e6a1dc000, 0x00007f7fac600000)
   the space 17089776K,  99% used [0x00007f6a570a0000, 0x00007f6e6702a590, 0x00007f6e6702a600, 0x00007f6e6a1dc000)
 Metaspace       used 24252K, capacity 24627K, committed 24832K, reserved 26624K
}
Event: 5150.259 GC heap before
{Heap before GC invocations=2080 (full 8):
 def new generation   total 7690432K, used 7176727K [0x00007f5fac600000, 0x00007f61b5ea0000, 0x00007f6a570a0000)
  eden space 6835968K, 100% used [0x00007f5fac600000, 0x00007f614d9c0000, 0x00007f614d9c0000)
  from space 854464K,  39% used [0x00007f614d9c0000, 0x00007f6162685fd8, 0x00007f6181c30000)
  to   space 854464K,   0% used [0x00007f6181c30000, 0x00007f6181c30000, 0x00007f61b5ea0000)
 tenured generation   total 17089776K, used 17038889K [0x00007f6a570a0000, 0x00007f6e6a1dc000, 0x00007f7fac600000)
   the space 17089776K,  99% used [0x00007f6a570a0000, 0x00007f6e6702a590, 0x00007f6e6702a600, 0x00007f6e6a1dc000)
 Metaspace       used 24252K, capacity 24627K, committed 24832K, reserved 26624K
}
Event: 5150.514 GC heap after
{Heap after GC invocations=2081 (full 8):
 def new generation   total 7690432K, used 321740K [0x00007f5fac600000, 0x00007f61b5ea0000, 0x00007f6a570a0000)
  eden space 6835968K,   0% used [0x00007f5fac600000, 0x00007f5fac600000, 0x00007f614d9c0000)
  from space 854464K,  37% used [0x00007f6181c30000, 0x00007f61956631b0, 0x00007f61b5ea0000)
  to   space 854464K,   0% used [0x00007f614d9c0000, 0x00007f614d9c0000, 0x00007f6181c30000)
 tenured generation   total 17089776K, used 17072806K [0x00007f6a570a0000, 0x00007f6e6a1dc000, 0x00007f7fac600000)
   the space 17089776K,  99% used [0x00007f6a570a0000, 0x00007f6e69149a40, 0x00007f6e69149c00, 0x00007f6e6a1dc000)
 Metaspace       used 24252K, capacity 24627K, committed 24832K, reserved 26624K
}
Event: 5157.865 GC heap before
{Heap before GC invocations=2081 (full 8):
 def new generation   total 7690432K, used 7157708K [0x00007f5fac600000, 0x00007f61b5ea0000, 0x00007f6a570a0000)
  eden space 6835968K, 100% used [0x00007f5fac600000, 0x00007f614d9c0000, 0x00007f614d9c0000)
  from space 854464K,  37% used [0x00007f6181c30000, 0x00007f61956631b0, 0x00007f61b5ea0000)
  to   space 854464K,   0% used [0x00007f614d9c0000, 0x00007f614d9c0000, 0x00007f6181c30000)
 tenured generation   total 17089776K, used 17072806K [0x00007f6a570a0000, 0x00007f6e6a1dc000, 0x00007f7fac600000)
   the space 17089776K,  99% used [0x00007f6a570a0000, 0x00007f6e69149a40, 0x00007f6e69149c00, 0x00007f6e6a1dc000)
 Metaspace       used 24252K, capacity 24627K, committed 24832K, reserved 26624K
}
Event: 5158.148 GC heap after
{Heap after GC invocations=2082 (full 8):
 def new generation   total 7690432K, used 270853K [0x00007f5fac600000, 0x00007f61b5ea0000, 0x00007f6a570a0000)
  eden space 6835968K,   0% used [0x00007f5fac600000, 0x00007f5fac600000, 0x00007f614d9c0000)
  from space 854464K,  31% used [0x00007f614d9c0000, 0x00007f615e241488, 0x00007f6181c30000)
  to   space 854464K,   0% used [0x00007f6181c30000, 0x00007f6181c30000, 0x00007f61b5ea0000)
 tenured generation   total 17141004K, used 17140649K [0x00007f6a570a0000, 0x00007f6e6d3e3000, 0x00007f7fac600000)
   the space 17141004K,  99% used [0x00007f6a570a0000, 0x00007f6e6d38a748, 0x00007f6e6d38a800, 0x00007f6e6d3e3000)
 Metaspace       used 24252K, capacity 24627K, committed 24832K, reserved 26624K
}
Event: 5158.148 GC heap before
{Heap before GC invocations=2082 (full 8):
 def new generation   total 7690432K, used 270853K [0x00007f5fac600000, 0x00007f61b5ea0000, 0x00007f6a570a0000)
  eden space 6835968K,   0% used [0x00007f5fac600000, 0x00007f5fac600000, 0x00007f614d9c0000)
  from space 854464K,  31% used [0x00007f614d9c0000, 0x00007f615e241488, 0x00007f6181c30000)
  to   space 854464K,   0% used [0x00007f6181c30000, 0x00007f6181c30000, 0x00007f61b5ea0000)
 tenured generation   total 17141004K, used 17140649K [0x00007f6a570a0000, 0x00007f6e6d3e3000, 0x00007f7fac600000)
   the space 17141004K,  99% used [0x00007f6a570a0000, 0x00007f6e6d38a748, 0x00007f6e6d38a800, 0x00007f6e6d3e3000)
 Metaspace       used 24252K, capacity 24627K, committed 24832K, reserved 26624K
}

