# JRE version: OpenJDK Runtime Environment (13.0.7+5) (build 13.0.7+5-Ubuntu-0ubuntu120.04)
# Java VM: OpenJDK 64-Bit Server VM (13.0.7+5-Ubuntu-0ubuntu120.04, mixed mode, tiered, serial gc, linux-amd64)
Heap:
 def new generation   total 629248K, used 0K [0x00007f4380600000, 0x00007f43ab0c0000, 0x00007f48d5b50000)
  eden space 559360K,   0% used [0x00007f4380600000, 0x00007f4380600000, 0x00007f43a2840000)
  from space 69888K,   0% used [0x00007f43a2840000, 0x00007f43a2840000, 0x00007f43a6c80000)
  to   space 69888K,   0% used [0x00007f43a6c80000, 0x00007f43a6c80000, 0x00007f43ab0c0000)
 tenured generation   total 9786756K, used 8407582K [0x00007f48d5b50000, 0x00007f4b2b0b1000, 0x00007f5380600000)
   the space 9786756K,  85% used [0x00007f48d5b50000, 0x00007f4ad6dd7a68, 0x00007f4ad6dd7c00, 0x00007f4b2b0b1000)
 Metaspace       used 23248K, capacity 23600K, committed 23808K, reserved 24576K
GC Heap History (13 events):
Event: 2.402 GC heap before
{Heap before GC invocations=0 (full 0):
 def new generation   total 629120K, used 100663K [0x00007f4380600000, 0x00007f43ab0a0000, 0x00007f48d5b50000)
  eden space 559232K,  18% used [0x00007f4380600000, 0x00007f438684dd00, 0x00007f43a2820000)
  from space 69888K,   0% used [0x00007f43a2820000, 0x00007f43a2820000, 0x00007f43a6c60000)
  to   space 69888K,   0% used [0x00007f43a6c60000, 0x00007f43a6c60000, 0x00007f43ab0a0000)
 tenured generation   total 1398144K, used 0K [0x00007f48d5b50000, 0x00007f492b0b0000, 0x00007f5380600000)
   the space 1398144K,   0% used [0x00007f48d5b50000, 0x00007f48d5b50000, 0x00007f48d5b50200, 0x00007f492b0b0000)
 Metaspace       used 20903K, capacity 21207K, committed 21248K, reserved 22528K
}
Event: 2.460 GC heap after
{Heap after GC invocations=1 (full 1):
 def new generation   total 629248K, used 0K [0x00007f4380600000, 0x00007f43ab0c0000, 0x00007f48d5b50000)
  eden space 559360K,   0% used [0x00007f4380600000, 0x00007f4380600000, 0x00007f43a2840000)
  from space 69888K,   0% used [0x00007f43a2840000, 0x00007f43a2840000, 0x00007f43a6c80000)
  to   space 69888K,   0% used [0x00007f43a6c80000, 0x00007f43a6c80000, 0x00007f43ab0c0000)
 tenured generation   total 1398144K, used 13611K [0x00007f48d5b50000, 0x00007f492b0b0000, 0x00007f5380600000)
   the space 1398144K,   0% used [0x00007f48d5b50000, 0x00007f48d689aed0, 0x00007f48d689b000, 0x00007f492b0b0000)
 Metaspace       used 20903K, capacity 21207K, committed 21248K, reserved 22528K
}
Event: 3.490 GC heap before
{Heap before GC invocations=1 (full 1):
 def new generation   total 629248K, used 559360K [0x00007f4380600000, 0x00007f43ab0c0000, 0x00007f48d5b50000)
  eden space 559360K, 100% used [0x00007f4380600000, 0x00007f43a2840000, 0x00007f43a2840000)
  from space 69888K,   0% used [0x00007f43a2840000, 0x00007f43a2840000, 0x00007f43a6c80000)
  to   space 69888K,   0% used [0x00007f43a6c80000, 0x00007f43a6c80000, 0x00007f43ab0c0000)
 tenured generation   total 1398144K, used 13611K [0x00007f48d5b50000, 0x00007f492b0b0000, 0x00007f5380600000)
   the space 1398144K,   0% used [0x00007f48d5b50000, 0x00007f48d689aed0, 0x00007f48d689b000, 0x00007f492b0b0000)
 Metaspace       used 22785K, capacity 23159K, committed 23296K, reserved 24576K
}
Event: 3.495 GC heap after
{Heap after GC invocations=2 (full 1):
 def new generation   total 629248K, used 754K [0x00007f4380600000, 0x00007f43ab0c0000, 0x00007f48d5b50000)
  eden space 559360K,   0% used [0x00007f4380600000, 0x00007f4380600000, 0x00007f43a2840000)
  from space 69888K,   1% used [0x00007f43a6c80000, 0x00007f43a6d3ca18, 0x00007f43ab0c0000)
  to   space 69888K,   0% used [0x00007f43a2840000, 0x00007f43a2840000, 0x00007f43a6c80000)
 tenured generation   total 1398144K, used 13611K [0x00007f48d5b50000, 0x00007f492b0b0000, 0x00007f5380600000)
   the space 1398144K,   0% used [0x00007f48d5b50000, 0x00007f48d689aed0, 0x00007f48d689b000, 0x00007f492b0b0000)
 Metaspace       used 22785K, capacity 23159K, committed 23296K, reserved 24576K
}
Event: 4.576 GC heap before
{Heap before GC invocations=2 (full 1):
 def new generation   total 629248K, used 560114K [0x00007f4380600000, 0x00007f43ab0c0000, 0x00007f48d5b50000)
  eden space 559360K, 100% used [0x00007f4380600000, 0x00007f43a2840000, 0x00007f43a2840000)
  from space 69888K,   1% used [0x00007f43a6c80000, 0x00007f43a6d3ca18, 0x00007f43ab0c0000)
  to   space 69888K,   0% used [0x00007f43a2840000, 0x00007f43a2840000, 0x00007f43a6c80000)
 tenured generation   total 1398144K, used 13611K [0x00007f48d5b50000, 0x00007f492b0b0000, 0x00007f5380600000)
   the space 1398144K,   0% used [0x00007f48d5b50000, 0x00007f48d689aed0, 0x00007f48d689b000, 0x00007f492b0b0000)
 Metaspace       used 23055K, capacity 23449K, committed 23552K, reserved 24576K
}
Event: 4.580 GC heap after
{Heap after GC invocations=3 (full 1):
 def new generation   total 629248K, used 903K [0x00007f4380600000, 0x00007f43ab0c0000, 0x00007f48d5b50000)
  eden space 559360K,   0% used [0x00007f4380600000, 0x00007f4380600000, 0x00007f43a2840000)
  from space 69888K,   1% used [0x00007f43a2840000, 0x00007f43a2921d78, 0x00007f43a6c80000)
  to   space 69888K,   0% used [0x00007f43a6c80000, 0x00007f43a6c80000, 0x00007f43ab0c0000)
 tenured generation   total 1398144K, used 13611K [0x00007f48d5b50000, 0x00007f492b0b0000, 0x00007f5380600000)
   the space 1398144K,   0% used [0x00007f48d5b50000, 0x00007f48d689aed0, 0x00007f48d689b000, 0x00007f492b0b0000)
 Metaspace       used 23055K, capacity 23449K, committed 23552K, reserved 24576K
}
Event: 5.187 GC heap before
{Heap before GC invocations=3 (full 1):
 def new generation   total 629248K, used 338169K [0x00007f4380600000, 0x00007f43ab0c0000, 0x00007f48d5b50000)
  eden space 559360K,  60% used [0x00007f4380600000, 0x00007f4394f5c7f8, 0x00007f43a2840000)
  from space 69888K,   1% used [0x00007f43a2840000, 0x00007f43a2921d78, 0x00007f43a6c80000)
  to   space 69888K,   0% used [0x00007f43a6c80000, 0x00007f43a6c80000, 0x00007f43ab0c0000)
 tenured generation   total 1398144K, used 13611K [0x00007f48d5b50000, 0x00007f492b0b0000, 0x00007f5380600000)
   the space 1398144K,   0% used [0x00007f48d5b50000, 0x00007f48d689aed0, 0x00007f48d689b000, 0x00007f492b0b0000)
 Metaspace       used 23246K, capacity 23600K, committed 23808K, reserved 24576K
}
Event: 5.194 GC heap after
{Heap after GC invocations=4 (full 1):
 def new generation   total 629248K, used 5363K [0x00007f4380600000, 0x00007f43ab0c0000, 0x00007f48d5b50000)
  eden space 559360K,   0% used [0x00007f4380600000, 0x00007f4380600000, 0x00007f43a2840000)
  from space 69888K,   7% used [0x00007f43a6c80000, 0x00007f43a71bcd18, 0x00007f43ab0c0000)
  to   space 69888K,   0% used [0x00007f43a2840000, 0x00007f43a2840000, 0x00007f43a6c80000)
 tenured generation   total 1398144K, used 13611K [0x00007f48d5b50000, 0x00007f492b0b0000, 0x00007f5380600000)
   the space 1398144K,   0% used [0x00007f48d5b50000, 0x00007f48d689aed0, 0x00007f48d689b000, 0x00007f492b0b0000)
 Metaspace       used 23246K, capacity 23600K, committed 23808K, reserved 24576K
}
Event: 5.194 GC heap before
{Heap before GC invocations=4 (full 1):
 def new generation   total 629248K, used 5363K [0x00007f4380600000, 0x00007f43ab0c0000, 0x00007f48d5b50000)
  eden space 559360K,   0% used [0x00007f4380600000, 0x00007f4380600000, 0x00007f43a2840000)
  from space 69888K,   7% used [0x00007f43a6c80000, 0x00007f43a71bcd18, 0x00007f43ab0c0000)
  to   space 69888K,   0% used [0x00007f43a2840000, 0x00007f43a2840000, 0x00007f43a6c80000)
 tenured generation   total 1398144K, used 13611K [0x00007f48d5b50000, 0x00007f492b0b0000, 0x00007f5380600000)
   the space 1398144K,   0% used [0x00007f48d5b50000, 0x00007f48d689aed0, 0x00007f48d689b000, 0x00007f492b0b0000)
 Metaspace       used 23246K, capacity 23600K, committed 23808K, reserved 24576K
}
Event: 5.291 GC heap after
{Heap after GC invocations=4 (full 2):
 def new generation   total 629248K, used 0K [0x00007f4380600000, 0x00007f43ab0c0000, 0x00007f48d5b50000)
  eden space 559360K,   0% used [0x00007f4380600000, 0x00007f4380600000, 0x00007f43a2840000)
  from space 69888K,   0% used [0x00007f43a6c80000, 0x00007f43a6c80000, 0x00007f43ab0c0000)
  to   space 69888K,   0% used [0x00007f43a2840000, 0x00007f43a2840000, 0x00007f43a6c80000)
 tenured generation   total 1398144K, used 18974K [0x00007f48d5b50000, 0x00007f492b0b0000, 0x00007f5380600000)
   the space 1398144K,   1% used [0x00007f48d5b50000, 0x00007f48d6dd7960, 0x00007f48d6dd7a00, 0x00007f492b0b0000)
 Metaspace       used 23246K, capacity 23600K, committed 23808K, reserved 24576K
}
Event: 17.044 GC heap before
{Heap before GC invocations=4 (full 2):
 def new generation   total 629248K, used 13273K [0x00007f4380600000, 0x00007f43ab0c0000, 0x00007f48d5b50000)
  eden space 559360K,   2% used [0x00007f4380600000, 0x00007f43812f6568, 0x00007f43a2840000)
  from space 69888K,   0% used [0x00007f43a6c80000, 0x00007f43a6c80000, 0x00007f43ab0c0000)
  to   space 69888K,   0% used [0x00007f43a2840000, 0x00007f43a2840000, 0x00007f43a6c80000)
 tenured generation   total 9786756K, used 8407582K [0x00007f48d5b50000, 0x00007f4b2b0b1000, 0x00007f5380600000)
   the space 9786756K,  85% used [0x00007f48d5b50000, 0x00007f4ad6dd7978, 0x00007f4ad6dd7a00, 0x00007f4b2b0b1000)
 Metaspace       used 23248K, capacity 23600K, committed 23808K, reserved 24576K
}
Event: 17.053 GC heap after
{Heap after GC invocations=5 (full 2):
 def new generation   total 629248K, used 0K [0x00007f4380600000, 0x00007f43ab0c0000, 0x00007f48d5b50000)
  eden space 559360K,   0% used [0x00007f4380600000, 0x00007f4380600000, 0x00007f43a2840000)
  from space 69888K,   0% used [0x00007f43a2840000, 0x00007f43a2840158, 0x00007f43a6c80000)
  to   space 69888K,   0% used [0x00007f43a6c80000, 0x00007f43a6c80000, 0x00007f43ab0c0000)
 tenured generation   total 9786756K, used 8407582K [0x00007f48d5b50000, 0x00007f4b2b0b1000, 0x00007f5380600000)
   the space 9786756K,  85% used [0x00007f48d5b50000, 0x00007f4ad6dd7978, 0x00007f4ad6dd7a00, 0x00007f4b2b0b1000)
 Metaspace       used 23248K, capacity 23600K, committed 23808K, reserved 24576K
}
Event: 17.053 GC heap before
{Heap before GC invocations=5 (full 2):
 def new generation   total 629248K, used 0K [0x00007f4380600000, 0x00007f43ab0c0000, 0x00007f48d5b50000)
  eden space 559360K,   0% used [0x00007f4380600000, 0x00007f4380600000, 0x00007f43a2840000)
  from space 69888K,   0% used [0x00007f43a2840000, 0x00007f43a2840158, 0x00007f43a6c80000)
  to   space 69888K,   0% used [0x00007f43a6c80000, 0x00007f43a6c80000, 0x00007f43ab0c0000)
 tenured generation   total 9786756K, used 8407582K [0x00007f48d5b50000, 0x00007f4b2b0b1000, 0x00007f5380600000)
   the space 9786756K,  85% used [0x00007f48d5b50000, 0x00007f4ad6dd7978, 0x00007f4ad6dd7a00, 0x00007f4b2b0b1000)
 Metaspace       used 23248K, capacity 23600K, committed 23808K, reserved 24576K
}

