# JRE version: OpenJDK Runtime Environment (13.0.7+5) (build 13.0.7+5-Ubuntu-0ubuntu120.04)
# Java VM: OpenJDK 64-Bit Server VM (13.0.7+5-Ubuntu-0ubuntu120.04, mixed mode, tiered, compressed oops, serial gc, linux-amd64)
Heap:
 def new generation   total 2482752K, used 0K [0x0000000080200000, 0x00000001287f0000, 0x0000000300150000)
  eden space 2206912K,   0% used [0x0000000080200000, 0x0000000080200000, 0x0000000106d30000)
  from space 275840K,   0% used [0x0000000117a90000, 0x0000000117a90000, 0x00000001287f0000)
  to   space 275840K,   0% used [0x0000000106d30000, 0x0000000106d30000, 0x0000000117a90000)
 tenured generation   total 5533528K, used 3979220K [0x0000000300150000, 0x0000000451d26000, 0x0000000800000000)
   the space 5533528K,  71% used [0x0000000300150000, 0x00000003f2f45298, 0x00000003f2f45400, 0x0000000451d26000)
 Metaspace       used 22748K, capacity 23297K, committed 23680K, reserved 1071104K
  class space    used 2354K, capacity 2568K, committed 2688K, reserved 1048576K
GC Heap History (20 events):
Event: 1030.171 GC heap after
{Heap after GC invocations=790 (full 25):
 def new generation   total 2482752K, used 132632K [0x0000000080200000, 0x00000001287f0000, 0x0000000300150000)
  eden space 2206912K,   0% used [0x0000000080200000, 0x0000000080200000, 0x0000000106d30000)
  from space 275840K,  48% used [0x0000000106d30000, 0x000000010eeb6060, 0x0000000117a90000)
  to   space 275840K,   0% used [0x0000000117a90000, 0x0000000117a90000, 0x00000001287f0000)
 tenured generation   total 5517140K, used 5129686K [0x0000000300150000, 0x0000000450d25000, 0x0000000800000000)
   the space 5517140K,  92% used [0x0000000300150000, 0x00000004392c5b98, 0x00000004392c5c00, 0x0000000450d25000)
 Metaspace       used 22748K, capacity 23297K, committed 23680K, reserved 1071104K
  class space    used 2354K, capacity 2568K, committed 2688K, reserved 1048576K
}
Event: 1031.710 GC heap before
{Heap before GC invocations=790 (full 25):
 def new generation   total 2482752K, used 2339544K [0x0000000080200000, 0x00000001287f0000, 0x0000000300150000)
  eden space 2206912K, 100% used [0x0000000080200000, 0x0000000106d30000, 0x0000000106d30000)
  from space 275840K,  48% used [0x0000000106d30000, 0x000000010eeb6060, 0x0000000117a90000)
  to   space 275840K,   0% used [0x0000000117a90000, 0x0000000117a90000, 0x00000001287f0000)
 tenured generation   total 5517140K, used 5129686K [0x0000000300150000, 0x0000000450d25000, 0x0000000800000000)
   the space 5517140K,  92% used [0x0000000300150000, 0x00000004392c5b98, 0x00000004392c5c00, 0x0000000450d25000)
 Metaspace       used 22748K, capacity 23297K, committed 23680K, reserved 1071104K
  class space    used 2354K, capacity 2568K, committed 2688K, reserved 1048576K
}
Event: 1031.794 GC heap after
{Heap after GC invocations=791 (full 25):
 def new generation   total 2482752K, used 170070K [0x0000000080200000, 0x00000001287f0000, 0x0000000300150000)
  eden space 2206912K,   0% used [0x0000000080200000, 0x0000000080200000, 0x0000000106d30000)
  from space 275840K,  61% used [0x0000000117a90000, 0x00000001220a59e0, 0x00000001287f0000)
  to   space 275840K,   0% used [0x0000000106d30000, 0x0000000106d30000, 0x0000000117a90000)
 tenured generation   total 5517140K, used 5129686K [0x0000000300150000, 0x0000000450d25000, 0x0000000800000000)
   the space 5517140K,  92% used [0x0000000300150000, 0x00000004392c5b98, 0x00000004392c5c00, 0x0000000450d25000)
 Metaspace       used 22748K, capacity 23297K, committed 23680K, reserved 1071104K
  class space    used 2354K, capacity 2568K, committed 2688K, reserved 1048576K
}
Event: 1033.333 GC heap before
{Heap before GC invocations=791 (full 25):
 def new generation   total 2482752K, used 2376982K [0x0000000080200000, 0x00000001287f0000, 0x0000000300150000)
  eden space 2206912K, 100% used [0x0000000080200000, 0x0000000106d30000, 0x0000000106d30000)
  from space 275840K,  61% used [0x0000000117a90000, 0x00000001220a59e0, 0x00000001287f0000)
  to   space 275840K,   0% used [0x0000000106d30000, 0x0000000106d30000, 0x0000000117a90000)
 tenured generation   total 5517140K, used 5129686K [0x0000000300150000, 0x0000000450d25000, 0x0000000800000000)
   the space 5517140K,  92% used [0x0000000300150000, 0x00000004392c5b98, 0x00000004392c5c00, 0x0000000450d25000)
 Metaspace       used 22748K, capacity 23297K, committed 23680K, reserved 1071104K
  class space    used 2354K, capacity 2568K, committed 2688K, reserved 1048576K
}
Event: 1033.483 GC heap after
{Heap after GC invocations=792 (full 25):
 def new generation   total 2482752K, used 132130K [0x0000000080200000, 0x00000001287f0000, 0x0000000300150000)
  eden space 2206912K,   0% used [0x0000000080200000, 0x0000000080200000, 0x0000000106d30000)
  from space 275840K,  47% used [0x0000000106d30000, 0x000000010ee38818, 0x0000000117a90000)
  to   space 275840K,   0% used [0x0000000117a90000, 0x0000000117a90000, 0x00000001287f0000)
 tenured generation   total 5517140K, used 5298729K [0x0000000300150000, 0x0000000450d25000, 0x0000000800000000)
   the space 5517140K,  96% used [0x0000000300150000, 0x00000004437da438, 0x00000004437da600, 0x0000000450d25000)
 Metaspace       used 22748K, capacity 23297K, committed 23680K, reserved 1071104K
  class space    used 2354K, capacity 2568K, committed 2688K, reserved 1048576K
}
Event: 1035.007 GC heap before
{Heap before GC invocations=792 (full 25):
 def new generation   total 2482752K, used 2339042K [0x0000000080200000, 0x00000001287f0000, 0x0000000300150000)
  eden space 2206912K, 100% used [0x0000000080200000, 0x0000000106d30000, 0x0000000106d30000)
  from space 275840K,  47% used [0x0000000106d30000, 0x000000010ee38818, 0x0000000117a90000)
  to   space 275840K,   0% used [0x0000000117a90000, 0x0000000117a90000, 0x00000001287f0000)
 tenured generation   total 5517140K, used 5298729K [0x0000000300150000, 0x0000000450d25000, 0x0000000800000000)
   the space 5517140K,  96% used [0x0000000300150000, 0x00000004437da438, 0x00000004437da600, 0x0000000450d25000)
 Metaspace       used 22748K, capacity 23297K, committed 23680K, reserved 1071104K
  class space    used 2354K, capacity 2568K, committed 2688K, reserved 1048576K
}
Event: 1035.065 GC heap after
{Heap after GC invocations=793 (full 25):
 def new generation   total 2482752K, used 160769K [0x0000000080200000, 0x00000001287f0000, 0x0000000300150000)
  eden space 2206912K,   0% used [0x0000000080200000, 0x0000000080200000, 0x0000000106d30000)
  from space 275840K,  58% used [0x0000000117a90000, 0x0000000121790480, 0x00000001287f0000)
  to   space 275840K,   0% used [0x0000000106d30000, 0x0000000106d30000, 0x0000000117a90000)
 tenured generation   total 5517140K, used 5298729K [0x0000000300150000, 0x0000000450d25000, 0x0000000800000000)
   the space 5517140K,  96% used [0x0000000300150000, 0x00000004437da438, 0x00000004437da600, 0x0000000450d25000)
 Metaspace       used 22748K, capacity 23297K, committed 23680K, reserved 1071104K
  class space    used 2354K, capacity 2568K, committed 2688K, reserved 1048576K
}
Event: 1036.606 GC heap before
{Heap before GC invocations=793 (full 25):
 def new generation   total 2482752K, used 2367681K [0x0000000080200000, 0x00000001287f0000, 0x0000000300150000)
  eden space 2206912K, 100% used [0x0000000080200000, 0x0000000106d30000, 0x0000000106d30000)
  from space 275840K,  58% used [0x0000000117a90000, 0x0000000121790480, 0x00000001287f0000)
  to   space 275840K,   0% used [0x0000000106d30000, 0x0000000106d30000, 0x0000000117a90000)
 tenured generation   total 5517140K, used 5298729K [0x0000000300150000, 0x0000000450d25000, 0x0000000800000000)
   the space 5517140K,  96% used [0x0000000300150000, 0x00000004437da438, 0x00000004437da600, 0x0000000450d25000)
 Metaspace       used 22748K, capacity 23297K, committed 23680K, reserved 1071104K
  class space    used 2354K, capacity 2568K, committed 2688K, reserved 1048576K
}
Event: 1036.748 GC heap after
{Heap after GC invocations=794 (full 25):
 def new generation   total 2482752K, used 132135K [0x0000000080200000, 0x00000001287f0000, 0x0000000300150000)
  eden space 2206912K,   0% used [0x0000000080200000, 0x0000000080200000, 0x0000000106d30000)
  from space 275840K,  47% used [0x0000000106d30000, 0x000000010ee39e60, 0x0000000117a90000)
  to   space 275840K,   0% used [0x0000000117a90000, 0x0000000117a90000, 0x00000001287f0000)
 tenured generation   total 5517140K, used 5458970K [0x0000000300150000, 0x0000000450d25000, 0x0000000800000000)
   the space 5517140K,  98% used [0x0000000300150000, 0x000000044d456840, 0x000000044d456a00, 0x0000000450d25000)
 Metaspace       used 22748K, capacity 23297K, committed 23680K, reserved 1071104K
  class space    used 2354K, capacity 2568K, committed 2688K, reserved 1048576K
}
Event: 1038.293 GC heap before
{Heap before GC invocations=794 (full 25):
 def new generation   total 2482752K, used 2339047K [0x0000000080200000, 0x00000001287f0000, 0x0000000300150000)
  eden space 2206912K, 100% used [0x0000000080200000, 0x0000000106d30000, 0x0000000106d30000)
  from space 275840K,  47% used [0x0000000106d30000, 0x000000010ee39e60, 0x0000000117a90000)
  to   space 275840K,   0% used [0x0000000117a90000, 0x0000000117a90000, 0x00000001287f0000)
 tenured generation   total 5517140K, used 5458970K [0x0000000300150000, 0x0000000450d25000, 0x0000000800000000)
   the space 5517140K,  98% used [0x0000000300150000, 0x000000044d456840, 0x000000044d456a00, 0x0000000450d25000)
 Metaspace       used 22748K, capacity 23297K, committed 23680K, reserved 1071104K
  class space    used 2354K, capacity 2568K, committed 2688K, reserved 1048576K
}
Event: 1038.361 GC heap after
{Heap after GC invocations=795 (full 25):
 def new generation   total 2482752K, used 151964K [0x0000000080200000, 0x00000001287f0000, 0x0000000300150000)
  eden space 2206912K,   0% used [0x0000000080200000, 0x0000000080200000, 0x0000000106d30000)
  from space 275840K,  55% used [0x0000000117a90000, 0x0000000120ef7210, 0x00000001287f0000)
  to   space 275840K,   0% used [0x0000000106d30000, 0x0000000106d30000, 0x0000000117a90000)
 tenured generation   total 5517140K, used 5458970K [0x0000000300150000, 0x0000000450d25000, 0x0000000800000000)
   the space 5517140K,  98% used [0x0000000300150000, 0x000000044d456840, 0x000000044d456a00, 0x0000000450d25000)
 Metaspace       used 22748K, capacity 23297K, committed 23680K, reserved 1071104K
  class space    used 2354K, capacity 2568K, committed 2688K, reserved 1048576K
}
Event: 1039.935 GC heap before
{Heap before GC invocations=795 (full 25):
 def new generation   total 2482752K, used 2358876K [0x0000000080200000, 0x00000001287f0000, 0x0000000300150000)
  eden space 2206912K, 100% used [0x0000000080200000, 0x0000000106d30000, 0x0000000106d30000)
  from space 275840K,  55% used [0x0000000117a90000, 0x0000000120ef7210, 0x00000001287f0000)
  to   space 275840K,   0% used [0x0000000106d30000, 0x0000000106d30000, 0x0000000117a90000)
 tenured generation   total 5517140K, used 5458970K [0x0000000300150000, 0x0000000450d25000, 0x0000000800000000)
   the space 5517140K,  98% used [0x0000000300150000, 0x000000044d456840, 0x000000044d456a00, 0x0000000450d25000)
 Metaspace       used 22748K, capacity 23297K, committed 23680K, reserved 1071104K
  class space    used 2354K, capacity 2568K, committed 2688K, reserved 1048576K
}
Event: 1040.054 GC heap after
{Heap after GC invocations=796 (full 25):
 def new generation   total 2482752K, used 265966K [0x0000000080200000, 0x00000001287f0000, 0x0000000300150000)
  eden space 2206912K,   0% used [0x0000000080200000, 0x0000000080200000, 0x0000000106d30000)
  from space 275840K,  96% used [0x0000000106d30000, 0x00000001170ebbb0, 0x0000000117a90000)
  to   space 275840K,   0% used [0x0000000117a90000, 0x0000000117a90000, 0x00000001287f0000)
 tenured generation   total 5517140K, used 5476574K [0x0000000300150000, 0x0000000450d25000, 0x0000000800000000)
   the space 5517140K,  99% used [0x0000000300150000, 0x000000044e587bc0, 0x000000044e587c00, 0x0000000450d25000)
 Metaspace       used 22748K, capacity 23297K, committed 23680K, reserved 1071104K
  class space    used 2354K, capacity 2568K, committed 2688K, reserved 1048576K
}
Event: 1041.606 GC heap before
{Heap before GC invocations=796 (full 25):
 def new generation   total 2482752K, used 2472878K [0x0000000080200000, 0x00000001287f0000, 0x0000000300150000)
  eden space 2206912K, 100% used [0x0000000080200000, 0x0000000106d30000, 0x0000000106d30000)
  from space 275840K,  96% used [0x0000000106d30000, 0x00000001170ebbb0, 0x0000000117a90000)
  to   space 275840K,   0% used [0x0000000117a90000, 0x0000000117a90000, 0x00000001287f0000)
 tenured generation   total 5517140K, used 5476574K [0x0000000300150000, 0x0000000450d25000, 0x0000000800000000)
   the space 5517140K,  99% used [0x0000000300150000, 0x000000044e587bc0, 0x000000044e587c00, 0x0000000450d25000)
 Metaspace       used 22748K, capacity 23297K, committed 23680K, reserved 1071104K
  class space    used 2354K, capacity 2568K, committed 2688K, reserved 1048576K
}
Event: 1041.660 GC heap after
{Heap after GC invocations=797 (full 25):
 def new generation   total 2482752K, used 116280K [0x0000000080200000, 0x00000001287f0000, 0x0000000300150000)
  eden space 2206912K,   0% used [0x0000000080200000, 0x0000000080200000, 0x0000000106d30000)
  from space 275840K,  42% used [0x0000000117a90000, 0x000000011ec1e050, 0x00000001287f0000)
  to   space 275840K,   0% used [0x0000000106d30000, 0x0000000106d30000, 0x0000000117a90000)
 tenured generation   total 5517140K, used 5503831K [0x0000000300150000, 0x0000000450d25000, 0x0000000800000000)
   the space 5517140K,  99% used [0x0000000300150000, 0x0000000450025e38, 0x0000000450026000, 0x0000000450d25000)
 Metaspace       used 22748K, capacity 23297K, committed 23680K, reserved 1071104K
  class space    used 2354K, capacity 2568K, committed 2688K, reserved 1048576K
}
Event: 1043.197 GC heap before
{Heap before GC invocations=797 (full 25):
 def new generation   total 2482752K, used 2323192K [0x0000000080200000, 0x00000001287f0000, 0x0000000300150000)
  eden space 2206912K, 100% used [0x0000000080200000, 0x0000000106d30000, 0x0000000106d30000)
  from space 275840K,  42% used [0x0000000117a90000, 0x000000011ec1e050, 0x00000001287f0000)
  to   space 275840K,   0% used [0x0000000106d30000, 0x0000000106d30000, 0x0000000117a90000)
 tenured generation   total 5517140K, used 5503831K [0x0000000300150000, 0x0000000450d25000, 0x0000000800000000)
   the space 5517140K,  99% used [0x0000000300150000, 0x0000000450025e38, 0x0000000450026000, 0x0000000450d25000)
 Metaspace       used 22748K, capacity 23297K, committed 23680K, reserved 1071104K
  class space    used 2354K, capacity 2568K, committed 2688K, reserved 1048576K
}
Event: 1043.311 GC heap after
{Heap after GC invocations=798 (full 25):
 def new generation   total 2482752K, used 248389K [0x0000000080200000, 0x00000001287f0000, 0x0000000300150000)
  eden space 2206912K,   0% used [0x0000000080200000, 0x0000000080200000, 0x0000000106d30000)
  from space 275840K,  90% used [0x0000000106d30000, 0x0000000115fc16a8, 0x0000000117a90000)
  to   space 275840K,   0% used [0x0000000117a90000, 0x0000000117a90000, 0x00000001287f0000)
 tenured generation   total 5517140K, used 5503831K [0x0000000300150000, 0x0000000450d25000, 0x0000000800000000)
   the space 5517140K,  99% used [0x0000000300150000, 0x0000000450025e38, 0x0000000450026000, 0x0000000450d25000)
 Metaspace       used 22748K, capacity 23297K, committed 23680K, reserved 1071104K
  class space    used 2354K, capacity 2568K, committed 2688K, reserved 1048576K
}
Event: 1044.816 GC heap before
{Heap before GC invocations=798 (full 25):
 def new generation   total 2482752K, used 2455301K [0x0000000080200000, 0x00000001287f0000, 0x0000000300150000)
  eden space 2206912K, 100% used [0x0000000080200000, 0x0000000106d30000, 0x0000000106d30000)
  from space 275840K,  90% used [0x0000000106d30000, 0x0000000115fc16a8, 0x0000000117a90000)
  to   space 275840K,   0% used [0x0000000117a90000, 0x0000000117a90000, 0x00000001287f0000)
 tenured generation   total 5517140K, used 5503831K [0x0000000300150000, 0x0000000450d25000, 0x0000000800000000)
   the space 5517140K,  99% used [0x0000000300150000, 0x0000000450025e38, 0x0000000450026000, 0x0000000450d25000)
 Metaspace       used 22748K, capacity 23297K, committed 23680K, reserved 1071104K
  class space    used 2354K, capacity 2568K, committed 2688K, reserved 1048576K
}
Event: 1044.876 GC heap after
{Heap after GC invocations=799 (full 25):
 def new generation   total 2482752K, used 109014K [0x0000000080200000, 0x00000001287f0000, 0x0000000300150000)
  eden space 2206912K,   0% used [0x0000000080200000, 0x0000000080200000, 0x0000000106d30000)
  from space 275840K,  39% used [0x0000000117a90000, 0x000000011e5058b0, 0x00000001287f0000)
  to   space 275840K,   0% used [0x0000000106d30000, 0x0000000106d30000, 0x0000000117a90000)
 tenured generation   total 5533528K, used 5520782K [0x0000000300150000, 0x0000000451d26000, 0x0000000800000000)
   the space 5533528K,  99% used [0x0000000300150000, 0x00000004510b39a0, 0x00000004510b3a00, 0x0000000451d26000)
 Metaspace       used 22748K, capacity 23297K, committed 23680K, reserved 1071104K
  class space    used 2354K, capacity 2568K, committed 2688K, reserved 1048576K
}
Event: 1044.876 GC heap before
{Heap before GC invocations=799 (full 25):
 def new generation   total 2482752K, used 109014K [0x0000000080200000, 0x00000001287f0000, 0x0000000300150000)
  eden space 2206912K,   0% used [0x0000000080200000, 0x0000000080200000, 0x0000000106d30000)
  from space 275840K,  39% used [0x0000000117a90000, 0x000000011e5058b0, 0x00000001287f0000)
  to   space 275840K,   0% used [0x0000000106d30000, 0x0000000106d30000, 0x0000000117a90000)
 tenured generation   total 5533528K, used 5520782K [0x0000000300150000, 0x0000000451d26000, 0x0000000800000000)
   the space 5533528K,  99% used [0x0000000300150000, 0x00000004510b39a0, 0x00000004510b3a00, 0x0000000451d26000)
 Metaspace       used 22748K, capacity 23297K, committed 23680K, reserved 1071104K
  class space    used 2354K, capacity 2568K, committed 2688K, reserved 1048576K
}

