# JRE version: OpenJDK Runtime Environment (13.0.7+5) (build 13.0.7+5-Ubuntu-0ubuntu120.04)
# Java VM: OpenJDK 64-Bit Server VM (13.0.7+5-Ubuntu-0ubuntu120.04, mixed mode, tiered, serial gc, linux-amd64)
Heap:
 def new generation   total 5940480K, used 331834K [0x00007ef138600000, 0x00007ef2cb3d0000, 0x00007ef68db50000)
  eden space 5280448K,   6% used [0x00007ef138600000, 0x00007ef14ca0e820, 0x00007ef27aab0000)
  from space 660032K,   0% used [0x00007ef2a2f40000, 0x00007ef2a2f40000, 0x00007ef2cb3d0000)
  to   space 660032K,   0% used [0x00007ef27aab0000, 0x00007ef27aab0000, 0x00007ef2a2f40000)
 tenured generation   total 14199872K, used 14199872K [0x00007ef68db50000, 0x00007ef9f0660000, 0x00007f0138600000)
   the space 14199872K, 100% used [0x00007ef68db50000, 0x00007ef9f0660000, 0x00007ef9f0660000, 0x00007ef9f0660000)
 Metaspace       used 30461K, capacity 30847K, committed 31232K, reserved 32768K
GC Heap History (20 events):
Event: 159.381 GC heap after
{Heap after GC invocations=93 (full 13):
 def new generation   total 3542272K, used 275068K [0x00007ef138600000, 0x00007ef228990000, 0x00007ef68db50000)
  eden space 3148736K,   0% used [0x00007ef138600000, 0x00007ef138600000, 0x00007ef1f88f0000)
  from space 393536K,  69% used [0x00007ef210940000, 0x00007ef2215df1a8, 0x00007ef228990000)
  to   space 393536K,   0% used [0x00007ef1f88f0000, 0x00007ef1f88f0000, 0x00007ef210940000)
 tenured generation   total 7871576K, used 7645338K [0x00007ef68db50000, 0x00007ef86e266000, 0x00007f0138600000)
   the space 7871576K,  97% used [0x00007ef68db50000, 0x00007ef860576aa0, 0x00007ef860576c00, 0x00007ef86e266000)
 Metaspace       used 30461K, capacity 30847K, committed 31232K, reserved 32768K
}
Event: 160.195 GC heap before
{Heap before GC invocations=93 (full 13):
 def new generation   total 3542272K, used 3423804K [0x00007ef138600000, 0x00007ef228990000, 0x00007ef68db50000)
  eden space 3148736K, 100% used [0x00007ef138600000, 0x00007ef1f88f0000, 0x00007ef1f88f0000)
  from space 393536K,  69% used [0x00007ef210940000, 0x00007ef2215df1a8, 0x00007ef228990000)
  to   space 393536K,   0% used [0x00007ef1f88f0000, 0x00007ef1f88f0000, 0x00007ef210940000)
 tenured generation   total 7871576K, used 7645338K [0x00007ef68db50000, 0x00007ef86e266000, 0x00007f0138600000)
   the space 7871576K,  97% used [0x00007ef68db50000, 0x00007ef860576aa0, 0x00007ef860576c00, 0x00007ef86e266000)
 Metaspace       used 30461K, capacity 30847K, committed 31232K, reserved 32768K
}
Event: 161.169 GC heap after
{Heap after GC invocations=94 (full 13):
 def new generation   total 3542272K, used 287008K [0x00007ef138600000, 0x00007ef228990000, 0x00007ef68db50000)
  eden space 3148736K,   0% used [0x00007ef138600000, 0x00007ef138600000, 0x00007ef1f88f0000)
  from space 393536K,  72% used [0x00007ef1f88f0000, 0x00007ef20a138308, 0x00007ef210940000)
  to   space 393536K,   0% used [0x00007ef210940000, 0x00007ef210940000, 0x00007ef228990000)
 tenured generation   total 7920536K, used 7920406K [0x00007ef68db50000, 0x00007ef871236000, 0x00007f0138600000)
   the space 7920536K,  99% used [0x00007ef68db50000, 0x00007ef871215818, 0x00007ef871215a00, 0x00007ef871236000)
 Metaspace       used 30461K, capacity 30847K, committed 31232K, reserved 32768K
}
Event: 161.169 GC heap before
{Heap before GC invocations=94 (full 13):
 def new generation   total 3542272K, used 287008K [0x00007ef138600000, 0x00007ef228990000, 0x00007ef68db50000)
  eden space 3148736K,   0% used [0x00007ef138600000, 0x00007ef138600000, 0x00007ef1f88f0000)
  from space 393536K,  72% used [0x00007ef1f88f0000, 0x00007ef20a138308, 0x00007ef210940000)
  to   space 393536K,   0% used [0x00007ef210940000, 0x00007ef210940000, 0x00007ef228990000)
 tenured generation   total 7920536K, used 7920406K [0x00007ef68db50000, 0x00007ef871236000, 0x00007f0138600000)
   the space 7920536K,  99% used [0x00007ef68db50000, 0x00007ef871215818, 0x00007ef871215a00, 0x00007ef871236000)
 Metaspace       used 30461K, capacity 30847K, committed 31232K, reserved 32768K
}
Event: 179.557 GC heap after
{Heap after GC invocations=94 (full 14):
 def new generation   total 5940480K, used 286878K [0x00007ef138600000, 0x00007ef2cb3d0000, 0x00007ef68db50000)
  eden space 5280448K,   5% used [0x00007ef138600000, 0x00007ef149e27b20, 0x00007ef27aab0000)
  from space 660032K,   0% used [0x00007ef27aab0000, 0x00007ef27aab0000, 0x00007ef2a2f40000)
  to   space 660032K,   0% used [0x00007ef2a2f40000, 0x00007ef2a2f40000, 0x00007ef2cb3d0000)
 tenured generation   total 13200896K, used 7920536K [0x00007ef68db50000, 0x00007ef9b36d0000, 0x00007f0138600000)
   the space 13200896K,  59% used [0x00007ef68db50000, 0x00007ef871236000, 0x00007ef871236000, 0x00007ef9b36d0000)
 Metaspace       used 30461K, capacity 30847K, committed 31232K, reserved 32768K
}
Event: 181.428 GC heap before
{Heap before GC invocations=94 (full 14):
 def new generation   total 5940480K, used 5280448K [0x00007ef138600000, 0x00007ef2cb3d0000, 0x00007ef68db50000)
  eden space 5280448K, 100% used [0x00007ef138600000, 0x00007ef27aab0000, 0x00007ef27aab0000)
  from space 660032K,   0% used [0x00007ef27aab0000, 0x00007ef27aab0000, 0x00007ef2a2f40000)
  to   space 660032K,   0% used [0x00007ef2a2f40000, 0x00007ef2a2f40000, 0x00007ef2cb3d0000)
 tenured generation   total 13200896K, used 7920536K [0x00007ef68db50000, 0x00007ef9b36d0000, 0x00007f0138600000)
   the space 13200896K,  59% used [0x00007ef68db50000, 0x00007ef871236000, 0x00007ef871236000, 0x00007ef9b36d0000)
 Metaspace       used 30461K, capacity 30847K, committed 31232K, reserved 32768K
}
Event: 184.516 GC heap after
{Heap after GC invocations=95 (full 14):
 def new generation   total 5940480K, used 660032K [0x00007ef138600000, 0x00007ef2cb3d0000, 0x00007ef68db50000)
  eden space 5280448K,   0% used [0x00007ef138600000, 0x00007ef138600000, 0x00007ef27aab0000)
  from space 660032K, 100% used [0x00007ef2a2f40000, 0x00007ef2cb3d0000, 0x00007ef2cb3d0000)
  to   space 660032K,   0% used [0x00007ef27aab0000, 0x00007ef27aab0000, 0x00007ef2a2f40000)
 tenured generation   total 13200896K, used 8020910K [0x00007ef68db50000, 0x00007ef9b36d0000, 0x00007f0138600000)
   the space 13200896K,  60% used [0x00007ef68db50000, 0x00007ef87743b960, 0x00007ef87743ba00, 0x00007ef9b36d0000)
 Metaspace       used 30461K, capacity 30847K, committed 31232K, reserved 32768K
}
Event: 185.864 GC heap before
{Heap before GC invocations=95 (full 14):
 def new generation   total 5940480K, used 5940480K [0x00007ef138600000, 0x00007ef2cb3d0000, 0x00007ef68db50000)
  eden space 5280448K, 100% used [0x00007ef138600000, 0x00007ef27aab0000, 0x00007ef27aab0000)
  from space 660032K, 100% used [0x00007ef2a2f40000, 0x00007ef2cb3d0000, 0x00007ef2cb3d0000)
  to   space 660032K,   0% used [0x00007ef27aab0000, 0x00007ef27aab0000, 0x00007ef2a2f40000)
 tenured generation   total 13200896K, used 8020910K [0x00007ef68db50000, 0x00007ef9b36d0000, 0x00007f0138600000)
   the space 13200896K,  60% used [0x00007ef68db50000, 0x00007ef87743b960, 0x00007ef87743ba00, 0x00007ef9b36d0000)
 Metaspace       used 30461K, capacity 30847K, committed 31232K, reserved 32768K
}
Event: 187.922 GC heap after
{Heap after GC invocations=96 (full 14):
 def new generation   total 5940480K, used 552143K [0x00007ef138600000, 0x00007ef2cb3d0000, 0x00007ef68db50000)
  eden space 5280448K,   0% used [0x00007ef138600000, 0x00007ef138600000, 0x00007ef27aab0000)
  from space 660032K,  83% used [0x00007ef27aab0000, 0x00007ef29c5e3c18, 0x00007ef2a2f40000)
  to   space 660032K,   0% used [0x00007ef2a2f40000, 0x00007ef2a2f40000, 0x00007ef2cb3d0000)
 tenured generation   total 13200896K, used 8680942K [0x00007ef68db50000, 0x00007ef9b36d0000, 0x00007f0138600000)
   the space 13200896K,  65% used [0x00007ef68db50000, 0x00007ef89f8cb910, 0x00007ef89f8cba00, 0x00007ef9b36d0000)
 Metaspace       used 30461K, capacity 30847K, committed 31232K, reserved 32768K
}
Event: 189.239 GC heap before
{Heap before GC invocations=96 (full 14):
 def new generation   total 5940480K, used 5832591K [0x00007ef138600000, 0x00007ef2cb3d0000, 0x00007ef68db50000)
  eden space 5280448K, 100% used [0x00007ef138600000, 0x00007ef27aab0000, 0x00007ef27aab0000)
  from space 660032K,  83% used [0x00007ef27aab0000, 0x00007ef29c5e3c18, 0x00007ef2a2f40000)
  to   space 660032K,   0% used [0x00007ef2a2f40000, 0x00007ef2a2f40000, 0x00007ef2cb3d0000)
 tenured generation   total 13200896K, used 8680942K [0x00007ef68db50000, 0x00007ef9b36d0000, 0x00007f0138600000)
   the space 13200896K,  65% used [0x00007ef68db50000, 0x00007ef89f8cb910, 0x00007ef89f8cba00, 0x00007ef9b36d0000)
 Metaspace       used 30461K, capacity 30847K, committed 31232K, reserved 32768K
}
Event: 190.831 GC heap after
{Heap after GC invocations=97 (full 14):
 def new generation   total 5940480K, used 573460K [0x00007ef138600000, 0x00007ef2cb3d0000, 0x00007ef68db50000)
  eden space 5280448K,   0% used [0x00007ef138600000, 0x00007ef138600000, 0x00007ef27aab0000)
  from space 660032K,  86% used [0x00007ef2a2f40000, 0x00007ef2c5f45278, 0x00007ef2cb3d0000)
  to   space 660032K,   0% used [0x00007ef27aab0000, 0x00007ef27aab0000, 0x00007ef2a2f40000)
 tenured generation   total 13200896K, used 9233084K [0x00007ef68db50000, 0x00007ef9b36d0000, 0x00007f0138600000)
   the space 13200896K,  69% used [0x00007ef68db50000, 0x00007ef8c13ff1f8, 0x00007ef8c13ff200, 0x00007ef9b36d0000)
 Metaspace       used 30461K, capacity 30847K, committed 31232K, reserved 32768K
}
Event: 192.148 GC heap before
{Heap before GC invocations=97 (full 14):
 def new generation   total 5940480K, used 5853908K [0x00007ef138600000, 0x00007ef2cb3d0000, 0x00007ef68db50000)
  eden space 5280448K, 100% used [0x00007ef138600000, 0x00007ef27aab0000, 0x00007ef27aab0000)
  from space 660032K,  86% used [0x00007ef2a2f40000, 0x00007ef2c5f45278, 0x00007ef2cb3d0000)
  to   space 660032K,   0% used [0x00007ef27aab0000, 0x00007ef27aab0000, 0x00007ef2a2f40000)
 tenured generation   total 13200896K, used 9233084K [0x00007ef68db50000, 0x00007ef9b36d0000, 0x00007f0138600000)
   the space 13200896K,  69% used [0x00007ef68db50000, 0x00007ef8c13ff1f8, 0x00007ef8c13ff200, 0x00007ef9b36d0000)
 Metaspace       used 30461K, capacity 30847K, committed 31232K, reserved 32768K
}
Event: 194.036 GC heap after
{Heap after GC invocations=98 (full 14):
 def new generation   total 5940480K, used 660031K [0x00007ef138600000, 0x00007ef2cb3d0000, 0x00007ef68db50000)
  eden space 5280448K,   0% used [0x00007ef138600000, 0x00007ef138600000, 0x00007ef27aab0000)
  from space 660032K,  99% used [0x00007ef27aab0000, 0x00007ef2a2f3fff8, 0x00007ef2a2f40000)
  to   space 660032K,   0% used [0x00007ef2a2f40000, 0x00007ef2a2f40000, 0x00007ef2cb3d0000)
 tenured generation   total 13200896K, used 9814672K [0x00007ef68db50000, 0x00007ef9b36d0000, 0x00007f0138600000)
   the space 13200896K,  74% used [0x00007ef68db50000, 0x00007ef8e4bf4138, 0x00007ef8e4bf4200, 0x00007ef9b36d0000)
 Metaspace       used 30461K, capacity 30847K, committed 31232K, reserved 32768K
}
Event: 195.361 GC heap before
{Heap before GC invocations=98 (full 14):
 def new generation   total 5940480K, used 5940479K [0x00007ef138600000, 0x00007ef2cb3d0000, 0x00007ef68db50000)
  eden space 5280448K, 100% used [0x00007ef138600000, 0x00007ef27aab0000, 0x00007ef27aab0000)
  from space 660032K,  99% used [0x00007ef27aab0000, 0x00007ef2a2f3fff8, 0x00007ef2a2f40000)
  to   space 660032K,   0% used [0x00007ef2a2f40000, 0x00007ef2a2f40000, 0x00007ef2cb3d0000)
 tenured generation   total 13200896K, used 9814672K [0x00007ef68db50000, 0x00007ef9b36d0000, 0x00007f0138600000)
   the space 13200896K,  74% used [0x00007ef68db50000, 0x00007ef8e4bf4138, 0x00007ef8e4bf4200, 0x00007ef9b36d0000)
 Metaspace       used 30461K, capacity 30847K, committed 31232K, reserved 32768K
}
Event: 201.797 GC heap after
{Heap after GC invocations=99 (full 14):
 def new generation   total 5940480K, used 660031K [0x00007ef138600000, 0x00007ef2cb3d0000, 0x00007ef68db50000)
  eden space 5280448K,   0% used [0x00007ef138600000, 0x00007ef138600000, 0x00007ef27aab0000)
  from space 660032K,  99% used [0x00007ef2a2f40000, 0x00007ef2cb3cfff8, 0x00007ef2cb3d0000)
  to   space 660032K,   0% used [0x00007ef27aab0000, 0x00007ef27aab0000, 0x00007ef2a2f40000)
 tenured generation   total 13200896K, used 10562798K [0x00007ef68db50000, 0x00007ef9b36d0000, 0x00007f0138600000)
   the space 13200896K,  80% used [0x00007ef68db50000, 0x00007ef91268b928, 0x00007ef91268ba00, 0x00007ef9b36d0000)
 Metaspace       used 30461K, capacity 30847K, committed 31232K, reserved 32768K
}
Event: 313.173 GC heap before
{Heap before GC invocations=99 (full 14):
 def new generation   total 5940480K, used 5940479K [0x00007ef138600000, 0x00007ef2cb3d0000, 0x00007ef68db50000)
  eden space 5280448K, 100% used [0x00007ef138600000, 0x00007ef27aab0000, 0x00007ef27aab0000)
  from space 660032K,  99% used [0x00007ef2a2f40000, 0x00007ef2cb3cfff8, 0x00007ef2cb3d0000)
  to   space 660032K,   0% used [0x00007ef27aab0000, 0x00007ef27aab0000, 0x00007ef2a2f40000)
 tenured generation   total 13200896K, used 10562798K [0x00007ef68db50000, 0x00007ef9b36d0000, 0x00007f0138600000)
   the space 13200896K,  80% used [0x00007ef68db50000, 0x00007ef91268b928, 0x00007ef91268ba00, 0x00007ef9b36d0000)
 Metaspace       used 30461K, capacity 30847K, committed 31232K, reserved 32768K
}
Event: 318.604 GC heap after
{Heap after GC invocations=100 (full 14):
 def new generation   total 5940480K, used 660031K [0x00007ef138600000, 0x00007ef2cb3d0000, 0x00007ef68db50000)
  eden space 5280448K,   0% used [0x00007ef138600000, 0x00007ef138600000, 0x00007ef27aab0000)
  from space 660032K,  99% used [0x00007ef27aab0000, 0x00007ef2a2f3fff8, 0x00007ef2a2f40000)
  to   space 660032K,   0% used [0x00007ef2a2f40000, 0x00007ef2a2f40000, 0x00007ef2cb3d0000)
 tenured generation   total 13200896K, used 12983373K [0x00007ef68db50000, 0x00007ef9b36d0000, 0x00007f0138600000)
   the space 13200896K,  98% used [0x00007ef68db50000, 0x00007ef9a6263508, 0x00007ef9a6263600, 0x00007ef9b36d0000)
 Metaspace       used 30461K, capacity 30847K, committed 31232K, reserved 32768K
}
Event: 767.893 GC heap before
{Heap before GC invocations=100 (full 14):
 def new generation   total 5940480K, used 5940479K [0x00007ef138600000, 0x00007ef2cb3d0000, 0x00007ef68db50000)
  eden space 5280448K, 100% used [0x00007ef138600000, 0x00007ef27aab0000, 0x00007ef27aab0000)
  from space 660032K,  99% used [0x00007ef27aab0000, 0x00007ef2a2f3fff8, 0x00007ef2a2f40000)
  to   space 660032K,   0% used [0x00007ef2a2f40000, 0x00007ef2a2f40000, 0x00007ef2cb3d0000)
 tenured generation   total 13200896K, used 12983373K [0x00007ef68db50000, 0x00007ef9b36d0000, 0x00007f0138600000)
   the space 13200896K,  98% used [0x00007ef68db50000, 0x00007ef9a6263508, 0x00007ef9a6263600, 0x00007ef9b36d0000)
 Metaspace       used 30461K, capacity 30847K, committed 31232K, reserved 32768K
}
Event: 770.791 GC heap after
{Heap after GC invocations=101 (full 14):
 def new generation   total 5940480K, used 660032K [0x00007ef138600000, 0x00007ef2cb3d0000, 0x00007ef68db50000)
  eden space 5280448K,   0% used [0x00007ef138600000, 0x00007ef138600000, 0x00007ef27aab0000)
  from space 660032K, 100% used [0x00007ef2a2f40000, 0x00007ef2cb3d0000, 0x00007ef2cb3d0000)
  to   space 660032K,   0% used [0x00007ef27aab0000, 0x00007ef27aab0000, 0x00007ef2a2f40000)
 tenured generation   total 14199872K, used 14199721K [0x00007ef68db50000, 0x00007ef9f0660000, 0x00007f0138600000)
   the space 14199872K,  99% used [0x00007ef68db50000, 0x00007ef9f063a600, 0x00007ef9f063a600, 0x00007ef9f0660000)
 Metaspace       used 30461K, capacity 30847K, committed 31232K, reserved 32768K
}
Event: 770.791 GC heap before
{Heap before GC invocations=101 (full 14):
 def new generation   total 5940480K, used 660032K [0x00007ef138600000, 0x00007ef2cb3d0000, 0x00007ef68db50000)
  eden space 5280448K,   0% used [0x00007ef138600000, 0x00007ef138600000, 0x00007ef27aab0000)
  from space 660032K, 100% used [0x00007ef2a2f40000, 0x00007ef2cb3d0000, 0x00007ef2cb3d0000)
  to   space 660032K,   0% used [0x00007ef27aab0000, 0x00007ef27aab0000, 0x00007ef2a2f40000)
 tenured generation   total 14199872K, used 14199721K [0x00007ef68db50000, 0x00007ef9f0660000, 0x00007f0138600000)
   the space 14199872K,  99% used [0x00007ef68db50000, 0x00007ef9f063a600, 0x00007ef9f063a600, 0x00007ef9f0660000)
 Metaspace       used 30461K, capacity 30847K, committed 31232K, reserved 32768K
}

