# JRE version: OpenJDK Runtime Environment (13.0.7+5) (build 13.0.7+5-Ubuntu-0ubuntu120.04)
# Java VM: OpenJDK 64-Bit Server VM (13.0.7+5-Ubuntu-0ubuntu120.04, mixed mode, tiered, serial gc, linux-amd64)
Heap:
 def new generation   total 629248K, used 0K [0x00007fa760600000, 0x00007fa78b0c0000, 0x00007facb5b50000)
  eden space 559360K,   0% used [0x00007fa760600000, 0x00007fa760600000, 0x00007fa782840000)
  from space 69888K,   0% used [0x00007fa786c80000, 0x00007fa786c80000, 0x00007fa78b0c0000)
  to   space 69888K,   0% used [0x00007fa782840000, 0x00007fa782840000, 0x00007fa786c80000)
 tenured generation   total 9786756K, used 8400318K [0x00007facb5b50000, 0x00007faf0b0b1000, 0x00007fb760600000)
   the space 9786756K,  85% used [0x00007facb5b50000, 0x00007faeb66bf908, 0x00007faeb66bfa00, 0x00007faf0b0b1000)
 Metaspace       used 30600K, capacity 31090K, committed 31232K, reserved 32768K
GC Heap History (20 events):
Event: 87.475 GC heap after
{Heap after GC invocations=246 (full 10):
 def new generation   total 629248K, used 3649K [0x00007fa760600000, 0x00007fa78b0c0000, 0x00007facb5b50000)
  eden space 559360K,   0% used [0x00007fa760600000, 0x00007fa760600000, 0x00007fa782840000)
  from space 69888K,   5% used [0x00007fa786c80000, 0x00007fa787010578, 0x00007fa78b0c0000)
  to   space 69888K,   0% used [0x00007fa782840000, 0x00007fa782840000, 0x00007fa786c80000)
 tenured generation   total 1398144K, used 1095814K [0x00007facb5b50000, 0x00007fad0b0b0000, 0x00007fb760600000)
   the space 1398144K,  78% used [0x00007facb5b50000, 0x00007facf8971bf0, 0x00007facf8971c00, 0x00007fad0b0b0000)
 Metaspace       used 30580K, capacity 31024K, committed 31232K, reserved 32768K
}
Event: 87.683 GC heap before
{Heap before GC invocations=246 (full 10):
 def new generation   total 629248K, used 563009K [0x00007fa760600000, 0x00007fa78b0c0000, 0x00007facb5b50000)
  eden space 559360K, 100% used [0x00007fa760600000, 0x00007fa782840000, 0x00007fa782840000)
  from space 69888K,   5% used [0x00007fa786c80000, 0x00007fa787010578, 0x00007fa78b0c0000)
  to   space 69888K,   0% used [0x00007fa782840000, 0x00007fa782840000, 0x00007fa786c80000)
 tenured generation   total 1398144K, used 1095814K [0x00007facb5b50000, 0x00007fad0b0b0000, 0x00007fb760600000)
   the space 1398144K,  78% used [0x00007facb5b50000, 0x00007facf8971bf0, 0x00007facf8971c00, 0x00007fad0b0b0000)
 Metaspace       used 30580K, capacity 31024K, committed 31232K, reserved 32768K
}
Event: 87.684 GC heap after
{Heap after GC invocations=247 (full 10):
 def new generation   total 629248K, used 4165K [0x00007fa760600000, 0x00007fa78b0c0000, 0x00007facb5b50000)
  eden space 559360K,   0% used [0x00007fa760600000, 0x00007fa760600000, 0x00007fa782840000)
  from space 69888K,   5% used [0x00007fa782840000, 0x00007fa782c517b8, 0x00007fa786c80000)
  to   space 69888K,   0% used [0x00007fa786c80000, 0x00007fa786c80000, 0x00007fa78b0c0000)
 tenured generation   total 1398144K, used 1095814K [0x00007facb5b50000, 0x00007fad0b0b0000, 0x00007fb760600000)
   the space 1398144K,  78% used [0x00007facb5b50000, 0x00007facf8971bf0, 0x00007facf8971c00, 0x00007fad0b0b0000)
 Metaspace       used 30580K, capacity 31024K, committed 31232K, reserved 32768K
}
Event: 87.890 GC heap before
{Heap before GC invocations=247 (full 10):
 def new generation   total 629248K, used 563525K [0x00007fa760600000, 0x00007fa78b0c0000, 0x00007facb5b50000)
  eden space 559360K, 100% used [0x00007fa760600000, 0x00007fa782840000, 0x00007fa782840000)
  from space 69888K,   5% used [0x00007fa782840000, 0x00007fa782c517b8, 0x00007fa786c80000)
  to   space 69888K,   0% used [0x00007fa786c80000, 0x00007fa786c80000, 0x00007fa78b0c0000)
 tenured generation   total 1398144K, used 1095814K [0x00007facb5b50000, 0x00007fad0b0b0000, 0x00007fb760600000)
   the space 1398144K,  78% used [0x00007facb5b50000, 0x00007facf8971bf0, 0x00007facf8971c00, 0x00007fad0b0b0000)
 Metaspace       used 30580K, capacity 31024K, committed 31232K, reserved 32768K
}
Event: 87.892 GC heap after
{Heap after GC invocations=248 (full 10):
 def new generation   total 629248K, used 4680K [0x00007fa760600000, 0x00007fa78b0c0000, 0x00007facb5b50000)
  eden space 559360K,   0% used [0x00007fa760600000, 0x00007fa760600000, 0x00007fa782840000)
  from space 69888K,   6% used [0x00007fa786c80000, 0x00007fa787112168, 0x00007fa78b0c0000)
  to   space 69888K,   0% used [0x00007fa782840000, 0x00007fa782840000, 0x00007fa786c80000)
 tenured generation   total 1398144K, used 1095814K [0x00007facb5b50000, 0x00007fad0b0b0000, 0x00007fb760600000)
   the space 1398144K,  78% used [0x00007facb5b50000, 0x00007facf8971bf0, 0x00007facf8971c00, 0x00007fad0b0b0000)
 Metaspace       used 30580K, capacity 31024K, committed 31232K, reserved 32768K
}
Event: 88.100 GC heap before
{Heap before GC invocations=248 (full 10):
 def new generation   total 629248K, used 564040K [0x00007fa760600000, 0x00007fa78b0c0000, 0x00007facb5b50000)
  eden space 559360K, 100% used [0x00007fa760600000, 0x00007fa782840000, 0x00007fa782840000)
  from space 69888K,   6% used [0x00007fa786c80000, 0x00007fa787112168, 0x00007fa78b0c0000)
  to   space 69888K,   0% used [0x00007fa782840000, 0x00007fa782840000, 0x00007fa786c80000)
 tenured generation   total 1398144K, used 1095814K [0x00007facb5b50000, 0x00007fad0b0b0000, 0x00007fb760600000)
   the space 1398144K,  78% used [0x00007facb5b50000, 0x00007facf8971bf0, 0x00007facf8971c00, 0x00007fad0b0b0000)
 Metaspace       used 30580K, capacity 31024K, committed 31232K, reserved 32768K
}
Event: 88.104 GC heap after
{Heap after GC invocations=249 (full 10):
 def new generation   total 629248K, used 5194K [0x00007fa760600000, 0x00007fa78b0c0000, 0x00007facb5b50000)
  eden space 559360K,   0% used [0x00007fa760600000, 0x00007fa760600000, 0x00007fa782840000)
  from space 69888K,   7% used [0x00007fa782840000, 0x00007fa782d528c8, 0x00007fa786c80000)
  to   space 69888K,   0% used [0x00007fa786c80000, 0x00007fa786c80000, 0x00007fa78b0c0000)
 tenured generation   total 1398144K, used 1095814K [0x00007facb5b50000, 0x00007fad0b0b0000, 0x00007fb760600000)
   the space 1398144K,  78% used [0x00007facb5b50000, 0x00007facf8971bf0, 0x00007facf8971c00, 0x00007fad0b0b0000)
 Metaspace       used 30580K, capacity 31024K, committed 31232K, reserved 32768K
}
Event: 88.332 GC heap before
{Heap before GC invocations=249 (full 10):
 def new generation   total 629248K, used 446239K [0x00007fa760600000, 0x00007fa78b0c0000, 0x00007facb5b50000)
  eden space 559360K,  78% used [0x00007fa760600000, 0x00007fa77b4b56a0, 0x00007fa782840000)
  from space 69888K,   7% used [0x00007fa782840000, 0x00007fa782d528c8, 0x00007fa786c80000)
  to   space 69888K,   0% used [0x00007fa786c80000, 0x00007fa786c80000, 0x00007fa78b0c0000)
 tenured generation   total 1398144K, used 1095814K [0x00007facb5b50000, 0x00007fad0b0b0000, 0x00007fb760600000)
   the space 1398144K,  78% used [0x00007facb5b50000, 0x00007facf8971bf0, 0x00007facf8971c00, 0x00007fad0b0b0000)
 Metaspace       used 30580K, capacity 31024K, committed 31232K, reserved 32768K
}
Event: 88.366 GC heap after
{Heap after GC invocations=250 (full 10):
 def new generation   total 629248K, used 2905K [0x00007fa760600000, 0x00007fa78b0c0000, 0x00007facb5b50000)
  eden space 559360K,   0% used [0x00007fa760600000, 0x00007fa760600000, 0x00007fa782840000)
  from space 69888K,   4% used [0x00007fa786c80000, 0x00007fa786f565f8, 0x00007fa78b0c0000)
  to   space 69888K,   0% used [0x00007fa782840000, 0x00007fa782840000, 0x00007fa786c80000)
 tenured generation   total 1398144K, used 1357959K [0x00007facb5b50000, 0x00007fad0b0b0000, 0x00007fb760600000)
   the space 1398144K,  97% used [0x00007facb5b50000, 0x00007fad08971c08, 0x00007fad08971e00, 0x00007fad0b0b0000)
 Metaspace       used 30580K, capacity 31024K, committed 31232K, reserved 32768K
}
Event: 88.649 GC heap before
{Heap before GC invocations=250 (full 10):
 def new generation   total 629248K, used 562265K [0x00007fa760600000, 0x00007fa78b0c0000, 0x00007facb5b50000)
  eden space 559360K, 100% used [0x00007fa760600000, 0x00007fa782840000, 0x00007fa782840000)
  from space 69888K,   4% used [0x00007fa786c80000, 0x00007fa786f565f8, 0x00007fa78b0c0000)
  to   space 69888K,   0% used [0x00007fa782840000, 0x00007fa782840000, 0x00007fa786c80000)
 tenured generation   total 1398144K, used 1357959K [0x00007facb5b50000, 0x00007fad0b0b0000, 0x00007fb760600000)
   the space 1398144K,  97% used [0x00007facb5b50000, 0x00007fad08971c08, 0x00007fad08971e00, 0x00007fad0b0b0000)
 Metaspace       used 30580K, capacity 31024K, committed 31232K, reserved 32768K
}
Event: 88.650 GC heap after
{Heap after GC invocations=251 (full 10):
 def new generation   total 629248K, used 2856K [0x00007fa760600000, 0x00007fa78b0c0000, 0x00007facb5b50000)
  eden space 559360K,   0% used [0x00007fa760600000, 0x00007fa760600000, 0x00007fa782840000)
  from space 69888K,   4% used [0x00007fa782840000, 0x00007fa782b0a010, 0x00007fa786c80000)
  to   space 69888K,   0% used [0x00007fa786c80000, 0x00007fa786c80000, 0x00007fa78b0c0000)
 tenured generation   total 1398144K, used 1357959K [0x00007facb5b50000, 0x00007fad0b0b0000, 0x00007fb760600000)
   the space 1398144K,  97% used [0x00007facb5b50000, 0x00007fad08971c08, 0x00007fad08971e00, 0x00007fad0b0b0000)
 Metaspace       used 30580K, capacity 31024K, committed 31232K, reserved 32768K
}
Event: 89.032 GC heap before
{Heap before GC invocations=251 (full 10):
 def new generation   total 629248K, used 562216K [0x00007fa760600000, 0x00007fa78b0c0000, 0x00007facb5b50000)
  eden space 559360K, 100% used [0x00007fa760600000, 0x00007fa782840000, 0x00007fa782840000)
  from space 69888K,   4% used [0x00007fa782840000, 0x00007fa782b0a010, 0x00007fa786c80000)
  to   space 69888K,   0% used [0x00007fa786c80000, 0x00007fa786c80000, 0x00007fa78b0c0000)
 tenured generation   total 1398144K, used 1357959K [0x00007facb5b50000, 0x00007fad0b0b0000, 0x00007fb760600000)
   the space 1398144K,  97% used [0x00007facb5b50000, 0x00007fad08971c08, 0x00007fad08971e00, 0x00007fad0b0b0000)
 Metaspace       used 30600K, capacity 31090K, committed 31232K, reserved 32768K
}
Event: 89.034 GC heap after
{Heap after GC invocations=252 (full 10):
 def new generation   total 629248K, used 3184K [0x00007fa760600000, 0x00007fa78b0c0000, 0x00007facb5b50000)
  eden space 559360K,   0% used [0x00007fa760600000, 0x00007fa760600000, 0x00007fa782840000)
  from space 69888K,   4% used [0x00007fa786c80000, 0x00007fa786f9c158, 0x00007fa78b0c0000)
  to   space 69888K,   0% used [0x00007fa782840000, 0x00007fa782840000, 0x00007fa786c80000)
 tenured generation   total 1398144K, used 1357959K [0x00007facb5b50000, 0x00007fad0b0b0000, 0x00007fb760600000)
   the space 1398144K,  97% used [0x00007facb5b50000, 0x00007fad08971c08, 0x00007fad08971e00, 0x00007fad0b0b0000)
 Metaspace       used 30600K, capacity 31090K, committed 31232K, reserved 32768K
}
Event: 89.137 GC heap before
{Heap before GC invocations=252 (full 10):
 def new generation   total 629248K, used 226072K [0x00007fa760600000, 0x00007fa78b0c0000, 0x00007facb5b50000)
  eden space 559360K,  39% used [0x00007fa760600000, 0x00007fa76dfa9ed8, 0x00007fa782840000)
  from space 69888K,   4% used [0x00007fa786c80000, 0x00007fa786f9c158, 0x00007fa78b0c0000)
  to   space 69888K,   0% used [0x00007fa782840000, 0x00007fa782840000, 0x00007fa786c80000)
 tenured generation   total 1398144K, used 1357959K [0x00007facb5b50000, 0x00007fad0b0b0000, 0x00007fb760600000)
   the space 1398144K,  97% used [0x00007facb5b50000, 0x00007fad08971c08, 0x00007fad08971e00, 0x00007fad0b0b0000)
 Metaspace       used 30600K, capacity 31090K, committed 31232K, reserved 32768K
}
Event: 89.138 GC heap after
{Heap after GC invocations=253 (full 10):
 def new generation   total 629248K, used 3374K [0x00007fa760600000, 0x00007fa78b0c0000, 0x00007facb5b50000)
  eden space 559360K,   0% used [0x00007fa760600000, 0x00007fa760600000, 0x00007fa782840000)
  from space 69888K,   4% used [0x00007fa782840000, 0x00007fa782b8ba20, 0x00007fa786c80000)
  to   space 69888K,   0% used [0x00007fa786c80000, 0x00007fa786c80000, 0x00007fa78b0c0000)
 tenured generation   total 1398144K, used 1357959K [0x00007facb5b50000, 0x00007fad0b0b0000, 0x00007fb760600000)
   the space 1398144K,  97% used [0x00007facb5b50000, 0x00007fad08971c08, 0x00007fad08971e00, 0x00007fad0b0b0000)
 Metaspace       used 30600K, capacity 31090K, committed 31232K, reserved 32768K
}
Event: 89.138 GC heap before
{Heap before GC invocations=253 (full 10):
 def new generation   total 629248K, used 3374K [0x00007fa760600000, 0x00007fa78b0c0000, 0x00007facb5b50000)
  eden space 559360K,   0% used [0x00007fa760600000, 0x00007fa760600000, 0x00007fa782840000)
  from space 69888K,   4% used [0x00007fa782840000, 0x00007fa782b8ba20, 0x00007fa786c80000)
  to   space 69888K,   0% used [0x00007fa786c80000, 0x00007fa786c80000, 0x00007fa78b0c0000)
 tenured generation   total 1398144K, used 1357959K [0x00007facb5b50000, 0x00007fad0b0b0000, 0x00007fb760600000)
   the space 1398144K,  97% used [0x00007facb5b50000, 0x00007fad08971c08, 0x00007fad08971e00, 0x00007fad0b0b0000)
 Metaspace       used 30600K, capacity 31090K, committed 31232K, reserved 32768K
}
Event: 89.167 GC heap after
{Heap after GC invocations=253 (full 11):
 def new generation   total 629248K, used 0K [0x00007fa760600000, 0x00007fa78b0c0000, 0x00007facb5b50000)
  eden space 559360K,   0% used [0x00007fa760600000, 0x00007fa760600000, 0x00007fa782840000)
  from space 69888K,   0% used [0x00007fa782840000, 0x00007fa782840000, 0x00007fa786c80000)
  to   space 69888K,   0% used [0x00007fa786c80000, 0x00007fa786c80000, 0x00007fa78b0c0000)
 tenured generation   total 1398144K, used 14294K [0x00007facb5b50000, 0x00007fad0b0b0000, 0x00007fb760600000)
   the space 1398144K,   1% used [0x00007facb5b50000, 0x00007facb6945ad0, 0x00007facb6945c00, 0x00007fad0b0b0000)
 Metaspace       used 30600K, capacity 31090K, committed 31232K, reserved 32768K
}
Event: 94.757 GC heap before
{Heap before GC invocations=253 (full 11):
 def new generation   total 629248K, used 11141K [0x00007fa760600000, 0x00007fa78b0c0000, 0x00007facb5b50000)
  eden space 559360K,   1% used [0x00007fa760600000, 0x00007fa7610e14b0, 0x00007fa782840000)
  from space 69888K,   0% used [0x00007fa782840000, 0x00007fa782840000, 0x00007fa786c80000)
  to   space 69888K,   0% used [0x00007fa786c80000, 0x00007fa786c80000, 0x00007fa78b0c0000)
 tenured generation   total 9786756K, used 8402902K [0x00007facb5b50000, 0x00007faf0b0b1000, 0x00007fb760600000)
   the space 9786756K,  85% used [0x00007facb5b50000, 0x00007faeb6945ae8, 0x00007faeb6945c00, 0x00007faf0b0b1000)
 Metaspace       used 30600K, capacity 31090K, committed 31232K, reserved 32768K
}
Event: 94.760 GC heap after
{Heap after GC invocations=254 (full 11):
 def new generation   total 629248K, used 0K [0x00007fa760600000, 0x00007fa78b0c0000, 0x00007facb5b50000)
  eden space 559360K,   0% used [0x00007fa760600000, 0x00007fa760600000, 0x00007fa782840000)
  from space 69888K,   0% used [0x00007fa786c80000, 0x00007fa786c80178, 0x00007fa78b0c0000)
  to   space 69888K,   0% used [0x00007fa782840000, 0x00007fa782840000, 0x00007fa786c80000)
 tenured generation   total 9786756K, used 8402902K [0x00007facb5b50000, 0x00007faf0b0b1000, 0x00007fb760600000)
   the space 9786756K,  85% used [0x00007facb5b50000, 0x00007faeb6945ae8, 0x00007faeb6945c00, 0x00007faf0b0b1000)
 Metaspace       used 30600K, capacity 31090K, committed 31232K, reserved 32768K
}
Event: 94.760 GC heap before
{Heap before GC invocations=254 (full 11):
 def new generation   total 629248K, used 0K [0x00007fa760600000, 0x00007fa78b0c0000, 0x00007facb5b50000)
  eden space 559360K,   0% used [0x00007fa760600000, 0x00007fa760600000, 0x00007fa782840000)
  from space 69888K,   0% used [0x00007fa786c80000, 0x00007fa786c80178, 0x00007fa78b0c0000)
  to   space 69888K,   0% used [0x00007fa782840000, 0x00007fa782840000, 0x00007fa786c80000)
 tenured generation   total 9786756K, used 8402902K [0x00007facb5b50000, 0x00007faf0b0b1000, 0x00007fb760600000)
   the space 9786756K,  85% used [0x00007facb5b50000, 0x00007faeb6945ae8, 0x00007faeb6945c00, 0x00007faf0b0b1000)
 Metaspace       used 30600K, capacity 31090K, committed 31232K, reserved 32768K
}

