# JRE version: OpenJDK Runtime Environment (13.0.7+5) (build 13.0.7+5-Ubuntu-0ubuntu120.04)
# Java VM: OpenJDK 64-Bit Server VM (13.0.7+5-Ubuntu-0ubuntu120.04, mixed mode, tiered, serial gc, linux-amd64)
Heap:
 def new generation   total 9549312K, used 0K [0x00007f90e0400000, 0x00007f9367da0000, 0x00007f9635950000)
  eden space 8488320K,   0% used [0x00007f90e0400000, 0x00007f90e0400000, 0x00007f92e6560000)
  from space 1060992K,   0% used [0x00007f92e6560000, 0x00007f92e6560000, 0x00007f9327180000)
  to   space 1060992K,   0% used [0x00007f9327180000, 0x00007f9327180000, 0x00007f9367da0000)
 tenured generation   total 21285028K, used 21053961K [0x00007f9635950000, 0x00007f9b48b79000, 0x00007fa0e0400000)
   the space 21285028K,  98% used [0x00007f9635950000, 0x00007f9b3a9d24c0, 0x00007f9b3a9d2600, 0x00007f9b48b79000)
 Metaspace       used 30545K, capacity 30979K, committed 31232K, reserved 32768K
GC Heap History (20 events):
Event: 526.016 GC heap after
{Heap after GC invocations=63 (full 5):
 def new generation   total 5346432K, used 593983K [0x00007f90e0400000, 0x00007f924ad30000, 0x00007f9635950000)
  eden space 4752448K,   0% used [0x00007f90e0400000, 0x00007f90e0400000, 0x00007f9202510000)
  from space 593984K,  99% used [0x00007f9226920000, 0x00007f924ad2fff0, 0x00007f924ad30000)
  to   space 593984K,   0% used [0x00007f9202510000, 0x00007f9202510000, 0x00007f9226920000)
 tenured generation   total 11880788K, used 10731115K [0x00007f9635950000, 0x00007f990aba5000, 0x00007fa0e0400000)
   the space 11880788K,  90% used [0x00007f9635950000, 0x00007f98c48ead00, 0x00007f98c48eae00, 0x00007f990aba5000)
 Metaspace       used 30545K, capacity 30979K, committed 31232K, reserved 32768K
}
Event: 772.875 GC heap before
{Heap before GC invocations=63 (full 5):
 def new generation   total 5346432K, used 5346431K [0x00007f90e0400000, 0x00007f924ad30000, 0x00007f9635950000)
  eden space 4752448K, 100% used [0x00007f90e0400000, 0x00007f9202510000, 0x00007f9202510000)
  from space 593984K,  99% used [0x00007f9226920000, 0x00007f924ad2fff0, 0x00007f924ad30000)
  to   space 593984K,   0% used [0x00007f9202510000, 0x00007f9202510000, 0x00007f9226920000)
 tenured generation   total 11880788K, used 10731115K [0x00007f9635950000, 0x00007f990aba5000, 0x00007fa0e0400000)
   the space 11880788K,  90% used [0x00007f9635950000, 0x00007f98c48ead00, 0x00007f98c48eae00, 0x00007f990aba5000)
 Metaspace       used 30545K, capacity 30979K, committed 31232K, reserved 32768K
}
Event: 775.228 GC heap after
{Heap after GC invocations=64 (full 5):
 def new generation   total 5346432K, used 593983K [0x00007f90e0400000, 0x00007f924ad30000, 0x00007f9635950000)
  eden space 4752448K,   0% used [0x00007f90e0400000, 0x00007f90e0400000, 0x00007f9202510000)
  from space 593984K,  99% used [0x00007f9202510000, 0x00007f922691fff0, 0x00007f9226920000)
  to   space 593984K,   0% used [0x00007f9226920000, 0x00007f9226920000, 0x00007f924ad30000)
 tenured generation   total 11880788K, used 11731624K [0x00007f9635950000, 0x00007f990aba5000, 0x00007fa0e0400000)
   the space 11880788K,  98% used [0x00007f9635950000, 0x00007f99019fa1a0, 0x00007f99019fa200, 0x00007f990aba5000)
 Metaspace       used 30545K, capacity 30979K, committed 31232K, reserved 32768K
}
Event: 969.274 GC heap before
{Heap before GC invocations=64 (full 5):
 def new generation   total 5346432K, used 5346431K [0x00007f90e0400000, 0x00007f924ad30000, 0x00007f9635950000)
  eden space 4752448K, 100% used [0x00007f90e0400000, 0x00007f9202510000, 0x00007f9202510000)
  from space 593984K,  99% used [0x00007f9202510000, 0x00007f922691fff0, 0x00007f9226920000)
  to   space 593984K,   0% used [0x00007f9226920000, 0x00007f9226920000, 0x00007f924ad30000)
 tenured generation   total 11880788K, used 11731624K [0x00007f9635950000, 0x00007f990aba5000, 0x00007fa0e0400000)
   the space 11880788K,  98% used [0x00007f9635950000, 0x00007f99019fa1a0, 0x00007f99019fa200, 0x00007f990aba5000)
 Metaspace       used 30545K, capacity 30979K, committed 31232K, reserved 32768K
}
Event: 971.421 GC heap after
{Heap after GC invocations=65 (full 5):
 def new generation   total 5346432K, used 593984K [0x00007f90e0400000, 0x00007f924ad30000, 0x00007f9635950000)
  eden space 4752448K,   0% used [0x00007f90e0400000, 0x00007f90e0400000, 0x00007f9202510000)
  from space 593984K, 100% used [0x00007f9226920000, 0x00007f924ad30000, 0x00007f924ad30000)
  to   space 593984K,   0% used [0x00007f9202510000, 0x00007f9202510000, 0x00007f9226920000)
 tenured generation   total 12732308K, used 12732133K [0x00007f9635950000, 0x00007f993eb35000, 0x00007fa0e0400000)
   the space 12732308K,  99% used [0x00007f9635950000, 0x00007f993eb095e0, 0x00007f993eb09600, 0x00007f993eb35000)
 Metaspace       used 30545K, capacity 30979K, committed 31232K, reserved 32768K
}
Event: 971.421 GC heap before
{Heap before GC invocations=65 (full 5):
 def new generation   total 5346432K, used 593984K [0x00007f90e0400000, 0x00007f924ad30000, 0x00007f9635950000)
  eden space 4752448K,   0% used [0x00007f90e0400000, 0x00007f90e0400000, 0x00007f9202510000)
  from space 593984K, 100% used [0x00007f9226920000, 0x00007f924ad30000, 0x00007f924ad30000)
  to   space 593984K,   0% used [0x00007f9202510000, 0x00007f9202510000, 0x00007f9226920000)
 tenured generation   total 12732308K, used 12732133K [0x00007f9635950000, 0x00007f993eb35000, 0x00007fa0e0400000)
   the space 12732308K,  99% used [0x00007f9635950000, 0x00007f993eb095e0, 0x00007f993eb09600, 0x00007f993eb35000)
 Metaspace       used 30545K, capacity 30979K, committed 31232K, reserved 32768K
}
Event: 995.108 GC heap after
{Heap after GC invocations=65 (full 6):
 def new generation   total 9549312K, used 593809K [0x00007f90e0400000, 0x00007f9367da0000, 0x00007f9635950000)
  eden space 8488320K,   6% used [0x00007f90e0400000, 0x00007f91047e45e0, 0x00007f92e6560000)
  from space 1060992K,   0% used [0x00007f92e6560000, 0x00007f92e6560000, 0x00007f9327180000)
  to   space 1060992K,   0% used [0x00007f9327180000, 0x00007f9327180000, 0x00007f9367da0000)
 tenured generation   total 21220516K, used 12732308K [0x00007f9635950000, 0x00007f9b44c79000, 0x00007fa0e0400000)
   the space 21220516K,  59% used [0x00007f9635950000, 0x00007f993eb35000, 0x00007f993eb35000, 0x00007f9b44c79000)
 Metaspace       used 30545K, capacity 30979K, committed 31232K, reserved 32768K
}
Event: 1359.630 GC heap before
{Heap before GC invocations=65 (full 6):
 def new generation   total 9549312K, used 8488320K [0x00007f90e0400000, 0x00007f9367da0000, 0x00007f9635950000)
  eden space 8488320K, 100% used [0x00007f90e0400000, 0x00007f92e6560000, 0x00007f92e6560000)
  from space 1060992K,   0% used [0x00007f92e6560000, 0x00007f92e6560000, 0x00007f9327180000)
  to   space 1060992K,   0% used [0x00007f9327180000, 0x00007f9327180000, 0x00007f9367da0000)
 tenured generation   total 21220516K, used 12732308K [0x00007f9635950000, 0x00007f9b44c79000, 0x00007fa0e0400000)
   the space 21220516K,  59% used [0x00007f9635950000, 0x00007f993eb35000, 0x00007f993eb35000, 0x00007f9b44c79000)
 Metaspace       used 30545K, capacity 30979K, committed 31232K, reserved 32768K
}
Event: 1366.271 GC heap after
{Heap after GC invocations=66 (full 6):
 def new generation   total 9549312K, used 1060992K [0x00007f90e0400000, 0x00007f9367da0000, 0x00007f9635950000)
  eden space 8488320K,   0% used [0x00007f90e0400000, 0x00007f90e0400000, 0x00007f92e6560000)
  from space 1060992K, 100% used [0x00007f9327180000, 0x00007f9367da0000, 0x00007f9367da0000)
  to   space 1060992K,   0% used [0x00007f92e6560000, 0x00007f92e6560000, 0x00007f9327180000)
 tenured generation   total 21220516K, used 13927121K [0x00007f9635950000, 0x00007f9b44c79000, 0x00007fa0e0400000)
   the space 21220516K,  65% used [0x00007f9635950000, 0x00007f9987a047e0, 0x00007f9987a04800, 0x00007f9b44c79000)
 Metaspace       used 30545K, capacity 30979K, committed 31232K, reserved 32768K
}
Event: 1654.389 GC heap before
{Heap before GC invocations=66 (full 6):
 def new generation   total 9549312K, used 9549312K [0x00007f90e0400000, 0x00007f9367da0000, 0x00007f9635950000)
  eden space 8488320K, 100% used [0x00007f90e0400000, 0x00007f92e6560000, 0x00007f92e6560000)
  from space 1060992K, 100% used [0x00007f9327180000, 0x00007f9367da0000, 0x00007f9367da0000)
  to   space 1060992K,   0% used [0x00007f92e6560000, 0x00007f92e6560000, 0x00007f9327180000)
 tenured generation   total 21220516K, used 13927121K [0x00007f9635950000, 0x00007f9b44c79000, 0x00007fa0e0400000)
   the space 21220516K,  65% used [0x00007f9635950000, 0x00007f9987a047e0, 0x00007f9987a04800, 0x00007f9b44c79000)
 Metaspace       used 30545K, capacity 30979K, committed 31232K, reserved 32768K
}
Event: 1658.521 GC heap after
{Heap after GC invocations=67 (full 6):
 def new generation   total 9549312K, used 1060991K [0x00007f90e0400000, 0x00007f9367da0000, 0x00007f9635950000)
  eden space 8488320K,   0% used [0x00007f90e0400000, 0x00007f90e0400000, 0x00007f92e6560000)
  from space 1060992K,  99% used [0x00007f92e6560000, 0x00007f932717fff0, 0x00007f9327180000)
  to   space 1060992K,   0% used [0x00007f9327180000, 0x00007f9327180000, 0x00007f9367da0000)
 tenured generation   total 21220516K, used 15714130K [0x00007f9635950000, 0x00007f9b44c79000, 0x00007fa0e0400000)
   the space 21220516K,  74% used [0x00007f9635950000, 0x00007f99f4b24a80, 0x00007f99f4b24c00, 0x00007f9b44c79000)
 Metaspace       used 30545K, capacity 30979K, committed 31232K, reserved 32768K
}
Event: 1874.900 GC heap before
{Heap before GC invocations=67 (full 6):
 def new generation   total 9549312K, used 9549311K [0x00007f90e0400000, 0x00007f9367da0000, 0x00007f9635950000)
  eden space 8488320K, 100% used [0x00007f90e0400000, 0x00007f92e6560000, 0x00007f92e6560000)
  from space 1060992K,  99% used [0x00007f92e6560000, 0x00007f932717fff0, 0x00007f9327180000)
  to   space 1060992K,   0% used [0x00007f9327180000, 0x00007f9327180000, 0x00007f9367da0000)
 tenured generation   total 21220516K, used 15714130K [0x00007f9635950000, 0x00007f9b44c79000, 0x00007fa0e0400000)
   the space 21220516K,  74% used [0x00007f9635950000, 0x00007f99f4b24a80, 0x00007f99f4b24c00, 0x00007f9b44c79000)
 Metaspace       used 30545K, capacity 30979K, committed 31232K, reserved 32768K
}
Event: 1878.930 GC heap after
{Heap after GC invocations=68 (full 6):
 def new generation   total 9549312K, used 1060991K [0x00007f90e0400000, 0x00007f9367da0000, 0x00007f9635950000)
  eden space 8488320K,   0% used [0x00007f90e0400000, 0x00007f90e0400000, 0x00007f92e6560000)
  from space 1060992K,  99% used [0x00007f9327180000, 0x00007f9367d9fff0, 0x00007f9367da0000)
  to   space 1060992K,   0% used [0x00007f92e6560000, 0x00007f92e6560000, 0x00007f9327180000)
 tenured generation   total 21220516K, used 17501139K [0x00007f9635950000, 0x00007f9b44c79000, 0x00007fa0e0400000)
   the space 21220516K,  82% used [0x00007f9635950000, 0x00007f9a61c44ca0, 0x00007f9a61c44e00, 0x00007f9b44c79000)
 Metaspace       used 30545K, capacity 30979K, committed 31232K, reserved 32768K
}
Event: 1998.541 GC heap before
{Heap before GC invocations=68 (full 6):
 def new generation   total 9549312K, used 9549311K [0x00007f90e0400000, 0x00007f9367da0000, 0x00007f9635950000)
  eden space 8488320K, 100% used [0x00007f90e0400000, 0x00007f92e6560000, 0x00007f92e6560000)
  from space 1060992K,  99% used [0x00007f9327180000, 0x00007f9367d9fff0, 0x00007f9367da0000)
  to   space 1060992K,   0% used [0x00007f92e6560000, 0x00007f92e6560000, 0x00007f9327180000)
 tenured generation   total 21220516K, used 17501139K [0x00007f9635950000, 0x00007f9b44c79000, 0x00007fa0e0400000)
   the space 21220516K,  82% used [0x00007f9635950000, 0x00007f9a61c44ca0, 0x00007f9a61c44e00, 0x00007f9b44c79000)
 Metaspace       used 30545K, capacity 30979K, committed 31232K, reserved 32768K
}
Event: 2002.852 GC heap after
{Heap after GC invocations=69 (full 6):
 def new generation   total 9549312K, used 1060991K [0x00007f90e0400000, 0x00007f9367da0000, 0x00007f9635950000)
  eden space 8488320K,   0% used [0x00007f90e0400000, 0x00007f90e0400000, 0x00007f92e6560000)
  from space 1060992K,  99% used [0x00007f92e6560000, 0x00007f932717fff0, 0x00007f9327180000)
  to   space 1060992K,   0% used [0x00007f9327180000, 0x00007f9327180000, 0x00007f9367da0000)
 tenured generation   total 21220516K, used 19288147K [0x00007f9635950000, 0x00007f9b44c79000, 0x00007fa0e0400000)
   the space 21220516K,  90% used [0x00007f9635950000, 0x00007f9aced64f80, 0x00007f9aced65000, 0x00007f9b44c79000)
 Metaspace       used 30545K, capacity 30979K, committed 31232K, reserved 32768K
}
Event: 2020.274 GC heap before
{Heap before GC invocations=69 (full 6):
 def new generation   total 9549312K, used 9549311K [0x00007f90e0400000, 0x00007f9367da0000, 0x00007f9635950000)
  eden space 8488320K, 100% used [0x00007f90e0400000, 0x00007f92e6560000, 0x00007f92e6560000)
  from space 1060992K,  99% used [0x00007f92e6560000, 0x00007f932717fff0, 0x00007f9327180000)
  to   space 1060992K,   0% used [0x00007f9327180000, 0x00007f9327180000, 0x00007f9367da0000)
 tenured generation   total 21220516K, used 19288147K [0x00007f9635950000, 0x00007f9b44c79000, 0x00007fa0e0400000)
   the space 21220516K,  90% used [0x00007f9635950000, 0x00007f9aced64f80, 0x00007f9aced65000, 0x00007f9b44c79000)
 Metaspace       used 30545K, capacity 30979K, committed 31232K, reserved 32768K
}
Event: 2022.441 GC heap after
{Heap after GC invocations=70 (full 6):
 def new generation   total 9549312K, used 935878K [0x00007f90e0400000, 0x00007f9367da0000, 0x00007f9635950000)
  eden space 8488320K,   0% used [0x00007f90e0400000, 0x00007f90e0400000, 0x00007f92e6560000)
  from space 1060992K,  88% used [0x00007f9327180000, 0x00007f9360371a88, 0x00007f9367da0000)
  to   space 1060992K,   0% used [0x00007f92e6560000, 0x00007f92e6560000, 0x00007f9327180000)
 tenured generation   total 21220516K, used 20349139K [0x00007f9635950000, 0x00007f9b44c79000, 0x00007fa0e0400000)
   the space 21220516K,  95% used [0x00007f9635950000, 0x00007f9b0f984f20, 0x00007f9b0f985000, 0x00007f9b44c79000)
 Metaspace       used 30545K, capacity 30979K, committed 31232K, reserved 32768K
}
Event: 2024.617 GC heap before
{Heap before GC invocations=70 (full 6):
 def new generation   total 9549312K, used 9424198K [0x00007f90e0400000, 0x00007f9367da0000, 0x00007f9635950000)
  eden space 8488320K, 100% used [0x00007f90e0400000, 0x00007f92e6560000, 0x00007f92e6560000)
  from space 1060992K,  88% used [0x00007f9327180000, 0x00007f9360371a88, 0x00007f9367da0000)
  to   space 1060992K,   0% used [0x00007f92e6560000, 0x00007f92e6560000, 0x00007f9327180000)
 tenured generation   total 21220516K, used 20349139K [0x00007f9635950000, 0x00007f9b44c79000, 0x00007fa0e0400000)
   the space 21220516K,  95% used [0x00007f9635950000, 0x00007f9b0f984f20, 0x00007f9b0f985000, 0x00007f9b44c79000)
 Metaspace       used 30545K, capacity 30979K, committed 31232K, reserved 32768K
}
Event: 2026.449 GC heap after
{Heap after GC invocations=71 (full 6):
 def new generation   total 9549312K, used 610781K [0x00007f90e0400000, 0x00007f9367da0000, 0x00007f9635950000)
  eden space 8488320K,   0% used [0x00007f90e0400000, 0x00007f90e0400000, 0x00007f92e6560000)
  from space 1060992K,  57% used [0x00007f92e6560000, 0x00007f930b9d7410, 0x00007f9327180000)
  to   space 1060992K,   0% used [0x00007f9327180000, 0x00007f9327180000, 0x00007f9367da0000)
 tenured generation   total 21285028K, used 21285017K [0x00007f9635950000, 0x00007f9b48b79000, 0x00007fa0e0400000)
   the space 21285028K,  99% used [0x00007f9635950000, 0x00007f9b48b765b8, 0x00007f9b48b76600, 0x00007f9b48b79000)
 Metaspace       used 30545K, capacity 30979K, committed 31232K, reserved 32768K
}
Event: 2026.449 GC heap before
{Heap before GC invocations=71 (full 6):
 def new generation   total 9549312K, used 610781K [0x00007f90e0400000, 0x00007f9367da0000, 0x00007f9635950000)
  eden space 8488320K,   0% used [0x00007f90e0400000, 0x00007f90e0400000, 0x00007f92e6560000)
  from space 1060992K,  57% used [0x00007f92e6560000, 0x00007f930b9d7410, 0x00007f9327180000)
  to   space 1060992K,   0% used [0x00007f9327180000, 0x00007f9327180000, 0x00007f9367da0000)
 tenured generation   total 21285028K, used 21285017K [0x00007f9635950000, 0x00007f9b48b79000, 0x00007fa0e0400000)
   the space 21285028K,  99% used [0x00007f9635950000, 0x00007f9b48b765b8, 0x00007f9b48b76600, 0x00007f9b48b79000)
 Metaspace       used 30545K, capacity 30979K, committed 31232K, reserved 32768K
}

