# JRE version: OpenJDK Runtime Environment (13.0.7+5) (build 13.0.7+5-Ubuntu-0ubuntu120.04)
# Java VM: OpenJDK 64-Bit Server VM (13.0.7+5-Ubuntu-0ubuntu120.04, mixed mode, tiered, serial gc, linux-amd64)
Heap:
 def new generation   total 2908416K, used 14728K [0x00007f54b0600000, 0x00007f55759d0000, 0x00007f5a05b50000)
  eden space 2585280K,   0% used [0x00007f54b0600000, 0x00007f54b1462150, 0x00007f554e2b0000)
  from space 323136K,   0% used [0x00007f5561e40000, 0x00007f5561e40000, 0x00007f55759d0000)
  to   space 323136K,   0% used [0x00007f554e2b0000, 0x00007f554e2b0000, 0x00007f5561e40000)
 tenured generation   total 6464224K, used 6464223K [0x00007f5a05b50000, 0x00007f5b90408000, 0x00007f64b0600000)
   the space 6464224K,  99% used [0x00007f5a05b50000, 0x00007f5b90407fe0, 0x00007f5b90408000, 0x00007f5b90408000)
 Metaspace       used 24294K, capacity 24713K, committed 24832K, reserved 26624K
GC Heap History (20 events):
Event: 11328.994 GC heap after
{Heap after GC invocations=12799 (full 4):
 def new generation   total 2908416K, used 16349K [0x00007f54b0600000, 0x00007f55759d0000, 0x00007f5a05b50000)
  eden space 2585280K,   0% used [0x00007f54b0600000, 0x00007f54b0600000, 0x00007f554e2b0000)
  from space 323136K,   5% used [0x00007f554e2b0000, 0x00007f554f2a7688, 0x00007f5561e40000)
  to   space 323136K,   0% used [0x00007f5561e40000, 0x00007f5561e40000, 0x00007f55759d0000)
 tenured generation   total 6463072K, used 6453796K [0x00007f5a05b50000, 0x00007f5b902e8000, 0x00007f64b0600000)
   the space 6463072K,  99% used [0x00007f5a05b50000, 0x00007f5b8f9d9338, 0x00007f5b8f9d9400, 0x00007f5b902e8000)
 Metaspace       used 24294K, capacity 24713K, committed 24832K, reserved 26624K
}
Event: 11330.883 GC heap before
{Heap before GC invocations=12799 (full 4):
 def new generation   total 2908416K, used 2601629K [0x00007f54b0600000, 0x00007f55759d0000, 0x00007f5a05b50000)
  eden space 2585280K, 100% used [0x00007f54b0600000, 0x00007f554e2b0000, 0x00007f554e2b0000)
  from space 323136K,   5% used [0x00007f554e2b0000, 0x00007f554f2a7688, 0x00007f5561e40000)
  to   space 323136K,   0% used [0x00007f5561e40000, 0x00007f5561e40000, 0x00007f55759d0000)
 tenured generation   total 6463072K, used 6453796K [0x00007f5a05b50000, 0x00007f5b902e8000, 0x00007f64b0600000)
   the space 6463072K,  99% used [0x00007f5a05b50000, 0x00007f5b8f9d9338, 0x00007f5b8f9d9400, 0x00007f5b902e8000)
 Metaspace       used 24294K, capacity 24713K, committed 24832K, reserved 26624K
}
Event: 11330.922 GC heap after
{Heap after GC invocations=12800 (full 4):
 def new generation   total 2908416K, used 15342K [0x00007f54b0600000, 0x00007f55759d0000, 0x00007f5a05b50000)
  eden space 2585280K,   0% used [0x00007f54b0600000, 0x00007f54b0600000, 0x00007f554e2b0000)
  from space 323136K,   4% used [0x00007f5561e40000, 0x00007f5562d3bb80, 0x00007f55759d0000)
  to   space 323136K,   0% used [0x00007f554e2b0000, 0x00007f554e2b0000, 0x00007f5561e40000)
 tenured generation   total 6463072K, used 6455780K [0x00007f5a05b50000, 0x00007f5b902e8000, 0x00007f64b0600000)
   the space 6463072K,  99% used [0x00007f5a05b50000, 0x00007f5b8fbc9308, 0x00007f5b8fbc9400, 0x00007f5b902e8000)
 Metaspace       used 24294K, capacity 24713K, committed 24832K, reserved 26624K
}
Event: 11332.731 GC heap before
{Heap before GC invocations=12800 (full 4):
 def new generation   total 2908416K, used 2600622K [0x00007f54b0600000, 0x00007f55759d0000, 0x00007f5a05b50000)
  eden space 2585280K, 100% used [0x00007f54b0600000, 0x00007f554e2b0000, 0x00007f554e2b0000)
  from space 323136K,   4% used [0x00007f5561e40000, 0x00007f5562d3bb80, 0x00007f55759d0000)
  to   space 323136K,   0% used [0x00007f554e2b0000, 0x00007f554e2b0000, 0x00007f5561e40000)
 tenured generation   total 6463072K, used 6455780K [0x00007f5a05b50000, 0x00007f5b902e8000, 0x00007f64b0600000)
   the space 6463072K,  99% used [0x00007f5a05b50000, 0x00007f5b8fbc9308, 0x00007f5b8fbc9400, 0x00007f5b902e8000)
 Metaspace       used 24294K, capacity 24713K, committed 24832K, reserved 26624K
}
Event: 11332.769 GC heap after
{Heap after GC invocations=12801 (full 4):
 def new generation   total 2908416K, used 14965K [0x00007f54b0600000, 0x00007f55759d0000, 0x00007f5a05b50000)
  eden space 2585280K,   0% used [0x00007f54b0600000, 0x00007f54b0600000, 0x00007f554e2b0000)
  from space 323136K,   4% used [0x00007f554e2b0000, 0x00007f554f14d458, 0x00007f5561e40000)
  to   space 323136K,   0% used [0x00007f5561e40000, 0x00007f5561e40000, 0x00007f55759d0000)
 tenured generation   total 6463072K, used 6457589K [0x00007f5a05b50000, 0x00007f5b902e8000, 0x00007f64b0600000)
   the space 6463072K,  99% used [0x00007f5a05b50000, 0x00007f5b8fd8d6e8, 0x00007f5b8fd8d800, 0x00007f5b902e8000)
 Metaspace       used 24294K, capacity 24713K, committed 24832K, reserved 26624K
}
Event: 11334.629 GC heap before
{Heap before GC invocations=12801 (full 4):
 def new generation   total 2908416K, used 2600245K [0x00007f54b0600000, 0x00007f55759d0000, 0x00007f5a05b50000)
  eden space 2585280K, 100% used [0x00007f54b0600000, 0x00007f554e2b0000, 0x00007f554e2b0000)
  from space 323136K,   4% used [0x00007f554e2b0000, 0x00007f554f14d458, 0x00007f5561e40000)
  to   space 323136K,   0% used [0x00007f5561e40000, 0x00007f5561e40000, 0x00007f55759d0000)
 tenured generation   total 6463072K, used 6457589K [0x00007f5a05b50000, 0x00007f5b902e8000, 0x00007f64b0600000)
   the space 6463072K,  99% used [0x00007f5a05b50000, 0x00007f5b8fd8d6e8, 0x00007f5b8fd8d800, 0x00007f5b902e8000)
 Metaspace       used 24294K, capacity 24713K, committed 24832K, reserved 26624K
}
Event: 11334.660 GC heap after
{Heap after GC invocations=12802 (full 4):
 def new generation   total 2908416K, used 16031K [0x00007f54b0600000, 0x00007f55759d0000, 0x00007f5a05b50000)
  eden space 2585280K,   0% used [0x00007f54b0600000, 0x00007f54b0600000, 0x00007f554e2b0000)
  from space 323136K,   4% used [0x00007f5561e40000, 0x00007f5562de7e10, 0x00007f55759d0000)
  to   space 323136K,   0% used [0x00007f554e2b0000, 0x00007f554e2b0000, 0x00007f5561e40000)
 tenured generation   total 6463072K, used 6457986K [0x00007f5a05b50000, 0x00007f5b902e8000, 0x00007f64b0600000)
   the space 6463072K,  99% used [0x00007f5a05b50000, 0x00007f5b8fdf0bd8, 0x00007f5b8fdf0c00, 0x00007f5b902e8000)
 Metaspace       used 24294K, capacity 24713K, committed 24832K, reserved 26624K
}
Event: 11336.534 GC heap before
{Heap before GC invocations=12802 (full 4):
 def new generation   total 2908416K, used 2601311K [0x00007f54b0600000, 0x00007f55759d0000, 0x00007f5a05b50000)
  eden space 2585280K, 100% used [0x00007f54b0600000, 0x00007f554e2b0000, 0x00007f554e2b0000)
  from space 323136K,   4% used [0x00007f5561e40000, 0x00007f5562de7e10, 0x00007f55759d0000)
  to   space 323136K,   0% used [0x00007f554e2b0000, 0x00007f554e2b0000, 0x00007f5561e40000)
 tenured generation   total 6463072K, used 6457986K [0x00007f5a05b50000, 0x00007f5b902e8000, 0x00007f64b0600000)
   the space 6463072K,  99% used [0x00007f5a05b50000, 0x00007f5b8fdf0bd8, 0x00007f5b8fdf0c00, 0x00007f5b902e8000)
 Metaspace       used 24294K, capacity 24713K, committed 24832K, reserved 26624K
}
Event: 11336.563 GC heap after
{Heap after GC invocations=12803 (full 4):
 def new generation   total 2908416K, used 16840K [0x00007f54b0600000, 0x00007f55759d0000, 0x00007f5a05b50000)
  eden space 2585280K,   0% used [0x00007f54b0600000, 0x00007f54b0600000, 0x00007f554e2b0000)
  from space 323136K,   5% used [0x00007f554e2b0000, 0x00007f554f3220c8, 0x00007f5561e40000)
  to   space 323136K,   0% used [0x00007f5561e40000, 0x00007f5561e40000, 0x00007f55759d0000)
 tenured generation   total 6463072K, used 6458629K [0x00007f5a05b50000, 0x00007f5b902e8000, 0x00007f64b0600000)
   the space 6463072K,  99% used [0x00007f5a05b50000, 0x00007f5b8fe91588, 0x00007f5b8fe91600, 0x00007f5b902e8000)
 Metaspace       used 24294K, capacity 24713K, committed 24832K, reserved 26624K
}
Event: 11338.523 GC heap before
{Heap before GC invocations=12803 (full 4):
 def new generation   total 2908416K, used 2602039K [0x00007f54b0600000, 0x00007f55759d0000, 0x00007f5a05b50000)
  eden space 2585280K,  99% used [0x00007f54b0600000, 0x00007f554e29bc98, 0x00007f554e2b0000)
  from space 323136K,   5% used [0x00007f554e2b0000, 0x00007f554f3220c8, 0x00007f5561e40000)
  to   space 323136K,   0% used [0x00007f5561e40000, 0x00007f5561e40000, 0x00007f55759d0000)
 tenured generation   total 6463072K, used 6458629K [0x00007f5a05b50000, 0x00007f5b902e8000, 0x00007f64b0600000)
   the space 6463072K,  99% used [0x00007f5a05b50000, 0x00007f5b8fe91588, 0x00007f5b8fe91600, 0x00007f5b902e8000)
 Metaspace       used 24294K, capacity 24713K, committed 24832K, reserved 26624K
}
Event: 11338.558 GC heap after
{Heap after GC invocations=12804 (full 4):
 def new generation   total 2908416K, used 21524K [0x00007f54b0600000, 0x00007f55759d0000, 0x00007f5a05b50000)
  eden space 2585280K,   0% used [0x00007f54b0600000, 0x00007f54b0600000, 0x00007f554e2b0000)
  from space 323136K,   6% used [0x00007f5561e40000, 0x00007f55633450f8, 0x00007f55759d0000)
  to   space 323136K,   0% used [0x00007f554e2b0000, 0x00007f554e2b0000, 0x00007f5561e40000)
 tenured generation   total 6463072K, used 6459385K [0x00007f5a05b50000, 0x00007f5b902e8000, 0x00007f64b0600000)
   the space 6463072K,  99% used [0x00007f5a05b50000, 0x00007f5b8ff4e678, 0x00007f5b8ff4e800, 0x00007f5b902e8000)
 Metaspace       used 24294K, capacity 24713K, committed 24832K, reserved 26624K
}
Event: 11340.559 GC heap before
{Heap before GC invocations=12804 (full 4):
 def new generation   total 2908416K, used 2606804K [0x00007f54b0600000, 0x00007f55759d0000, 0x00007f5a05b50000)
  eden space 2585280K, 100% used [0x00007f54b0600000, 0x00007f554e2b0000, 0x00007f554e2b0000)
  from space 323136K,   6% used [0x00007f5561e40000, 0x00007f55633450f8, 0x00007f55759d0000)
  to   space 323136K,   0% used [0x00007f554e2b0000, 0x00007f554e2b0000, 0x00007f5561e40000)
 tenured generation   total 6463072K, used 6459385K [0x00007f5a05b50000, 0x00007f5b902e8000, 0x00007f64b0600000)
   the space 6463072K,  99% used [0x00007f5a05b50000, 0x00007f5b8ff4e678, 0x00007f5b8ff4e800, 0x00007f5b902e8000)
 Metaspace       used 24294K, capacity 24713K, committed 24832K, reserved 26624K
}
Event: 11340.598 GC heap after
{Heap after GC invocations=12805 (full 4):
 def new generation   total 2908416K, used 16918K [0x00007f54b0600000, 0x00007f55759d0000, 0x00007f5a05b50000)
  eden space 2585280K,   0% used [0x00007f54b0600000, 0x00007f54b0600000, 0x00007f554e2b0000)
  from space 323136K,   5% used [0x00007f554e2b0000, 0x00007f554f3359f0, 0x00007f5561e40000)
  to   space 323136K,   0% used [0x00007f5561e40000, 0x00007f5561e40000, 0x00007f55759d0000)
 tenured generation   total 6463072K, used 6460311K [0x00007f5a05b50000, 0x00007f5b902e8000, 0x00007f64b0600000)
   the space 6463072K,  99% used [0x00007f5a05b50000, 0x00007f5b90035c18, 0x00007f5b90035e00, 0x00007f5b902e8000)
 Metaspace       used 24294K, capacity 24713K, committed 24832K, reserved 26624K
}
Event: 11342.604 GC heap before
{Heap before GC invocations=12805 (full 4):
 def new generation   total 2908416K, used 2602198K [0x00007f54b0600000, 0x00007f55759d0000, 0x00007f5a05b50000)
  eden space 2585280K, 100% used [0x00007f54b0600000, 0x00007f554e2b0000, 0x00007f554e2b0000)
  from space 323136K,   5% used [0x00007f554e2b0000, 0x00007f554f3359f0, 0x00007f5561e40000)
  to   space 323136K,   0% used [0x00007f5561e40000, 0x00007f5561e40000, 0x00007f55759d0000)
 tenured generation   total 6463072K, used 6460311K [0x00007f5a05b50000, 0x00007f5b902e8000, 0x00007f64b0600000)
   the space 6463072K,  99% used [0x00007f5a05b50000, 0x00007f5b90035c18, 0x00007f5b90035e00, 0x00007f5b902e8000)
 Metaspace       used 24294K, capacity 24713K, committed 24832K, reserved 26624K
}
Event: 11342.634 GC heap after
{Heap after GC invocations=12806 (full 4):
 def new generation   total 2908416K, used 16846K [0x00007f54b0600000, 0x00007f55759d0000, 0x00007f5a05b50000)
  eden space 2585280K,   0% used [0x00007f54b0600000, 0x00007f54b0600000, 0x00007f554e2b0000)
  from space 323136K,   5% used [0x00007f5561e40000, 0x00007f5562eb3888, 0x00007f55759d0000)
  to   space 323136K,   0% used [0x00007f554e2b0000, 0x00007f554e2b0000, 0x00007f5561e40000)
 tenured generation   total 6463072K, used 6461292K [0x00007f5a05b50000, 0x00007f5b902e8000, 0x00007f64b0600000)
   the space 6463072K,  99% used [0x00007f5a05b50000, 0x00007f5b9012b318, 0x00007f5b9012b400, 0x00007f5b902e8000)
 Metaspace       used 24294K, capacity 24713K, committed 24832K, reserved 26624K
}
Event: 11344.634 GC heap before
{Heap before GC invocations=12806 (full 4):
 def new generation   total 2908416K, used 2602126K [0x00007f54b0600000, 0x00007f55759d0000, 0x00007f5a05b50000)
  eden space 2585280K, 100% used [0x00007f54b0600000, 0x00007f554e2b0000, 0x00007f554e2b0000)
  from space 323136K,   5% used [0x00007f5561e40000, 0x00007f5562eb3888, 0x00007f55759d0000)
  to   space 323136K,   0% used [0x00007f554e2b0000, 0x00007f554e2b0000, 0x00007f5561e40000)
 tenured generation   total 6463072K, used 6461292K [0x00007f5a05b50000, 0x00007f5b902e8000, 0x00007f64b0600000)
   the space 6463072K,  99% used [0x00007f5a05b50000, 0x00007f5b9012b318, 0x00007f5b9012b400, 0x00007f5b902e8000)
 Metaspace       used 24294K, capacity 24713K, committed 24832K, reserved 26624K
}
Event: 11344.670 GC heap after
{Heap after GC invocations=12807 (full 4):
 def new generation   total 2908416K, used 15389K [0x00007f54b0600000, 0x00007f55759d0000, 0x00007f5a05b50000)
  eden space 2585280K,   0% used [0x00007f54b0600000, 0x00007f54b0600000, 0x00007f554e2b0000)
  from space 323136K,   4% used [0x00007f554e2b0000, 0x00007f554f1b7530, 0x00007f5561e40000)
  to   space 323136K,   0% used [0x00007f5561e40000, 0x00007f5561e40000, 0x00007f55759d0000)
 tenured generation   total 6463072K, used 6462745K [0x00007f5a05b50000, 0x00007f5b902e8000, 0x00007f64b0600000)
   the space 6463072K,  99% used [0x00007f5a05b50000, 0x00007f5b90296578, 0x00007f5b90296600, 0x00007f5b902e8000)
 Metaspace       used 24294K, capacity 24713K, committed 24832K, reserved 26624K
}
Event: 11346.661 GC heap before
{Heap before GC invocations=12807 (full 4):
 def new generation   total 2908416K, used 2600669K [0x00007f54b0600000, 0x00007f55759d0000, 0x00007f5a05b50000)
  eden space 2585280K, 100% used [0x00007f54b0600000, 0x00007f554e2b0000, 0x00007f554e2b0000)
  from space 323136K,   4% used [0x00007f554e2b0000, 0x00007f554f1b7530, 0x00007f5561e40000)
  to   space 323136K,   0% used [0x00007f5561e40000, 0x00007f5561e40000, 0x00007f55759d0000)
 tenured generation   total 6463072K, used 6462745K [0x00007f5a05b50000, 0x00007f5b902e8000, 0x00007f64b0600000)
   the space 6463072K,  99% used [0x00007f5a05b50000, 0x00007f5b90296578, 0x00007f5b90296600, 0x00007f5b902e8000)
 Metaspace       used 24294K, capacity 24713K, committed 24832K, reserved 26624K
}
Event: 11346.689 GC heap after
{Heap after GC invocations=12808 (full 4):
 def new generation   total 2908416K, used 14754K [0x00007f54b0600000, 0x00007f55759d0000, 0x00007f5a05b50000)
  eden space 2585280K,   0% used [0x00007f54b0600000, 0x00007f54b0600000, 0x00007f554e2b0000)
  from space 323136K,   4% used [0x00007f5561e40000, 0x00007f5562ca8a78, 0x00007f55759d0000)
  to   space 323136K,   0% used [0x00007f554e2b0000, 0x00007f554e2b0000, 0x00007f5561e40000)
 tenured generation   total 6464224K, used 6464197K [0x00007f5a05b50000, 0x00007f5b90408000, 0x00007f64b0600000)
   the space 6464224K,  99% used [0x00007f5a05b50000, 0x00007f5b904016b8, 0x00007f5b90401800, 0x00007f5b90408000)
 Metaspace       used 24294K, capacity 24713K, committed 24832K, reserved 26624K
}
Event: 11346.689 GC heap before
{Heap before GC invocations=12808 (full 4):
 def new generation   total 2908416K, used 14754K [0x00007f54b0600000, 0x00007f55759d0000, 0x00007f5a05b50000)
  eden space 2585280K,   0% used [0x00007f54b0600000, 0x00007f54b0600000, 0x00007f554e2b0000)
  from space 323136K,   4% used [0x00007f5561e40000, 0x00007f5562ca8a78, 0x00007f55759d0000)
  to   space 323136K,   0% used [0x00007f554e2b0000, 0x00007f554e2b0000, 0x00007f5561e40000)
 tenured generation   total 6464224K, used 6464197K [0x00007f5a05b50000, 0x00007f5b90408000, 0x00007f64b0600000)
   the space 6464224K,  99% used [0x00007f5a05b50000, 0x00007f5b904016b8, 0x00007f5b90401800, 0x00007f5b90408000)
 Metaspace       used 24294K, capacity 24713K, committed 24832K, reserved 26624K
}

