# JRE version: OpenJDK Runtime Environment (13.0.7+5) (build 13.0.7+5-Ubuntu-0ubuntu120.04)
# Java VM: OpenJDK 64-Bit Server VM (13.0.7+5-Ubuntu-0ubuntu120.04, mixed mode, tiered, serial gc, linux-amd64)
Heap:
 def new generation   total 5383296K, used 598063K [0x00007f4b60600000, 0x00007f4ccd730000, 0x00007f50b5b50000)
  eden space 4785216K,  12% used [0x00007f4b60600000, 0x00007f4b84e0bc68, 0x00007f4c84710000)
  from space 598080K,   0% used [0x00007f4c84710000, 0x00007f4c84710000, 0x00007f4ca8f20000)
  to   space 598080K,   0% used [0x00007f4ca8f20000, 0x00007f4ca8f20000, 0x00007f4ccd730000)
 tenured generation   total 13743540K, used 13743539K [0x00007f50b5b50000, 0x00007f53fc8bd000, 0x00007f5b60600000)
   the space 13743540K,  99% used [0x00007f50b5b50000, 0x00007f53fc8bcf90, 0x00007f53fc8bd000, 0x00007f53fc8bd000)
 Metaspace       used 30974K, capacity 31380K, committed 31744K, reserved 32768K
GC Heap History (20 events):
Event: 9.814 GC heap after
{Heap after GC invocations=5 (full 1):
 def new generation   total 629248K, used 69887K [0x00007f4b60600000, 0x00007f4b8b0c0000, 0x00007f50b5b50000)
  eden space 559360K,   0% used [0x00007f4b60600000, 0x00007f4b60600000, 0x00007f4b82840000)
  from space 69888K,  99% used [0x00007f4b82840000, 0x00007f4b86c7fde8, 0x00007f4b86c80000)
  to   space 69888K,   0% used [0x00007f4b86c80000, 0x00007f4b86c80000, 0x00007f4b8b0c0000)
 tenured generation   total 1476096K, used 1476010K [0x00007f50b5b50000, 0x00007f510fcd0000, 0x00007f5b60600000)
   the space 1476096K,  99% used [0x00007f50b5b50000, 0x00007f510fcbaba0, 0x00007f510fcbac00, 0x00007f510fcd0000)
 Metaspace       used 30972K, capacity 31380K, committed 31744K, reserved 32768K
}
Event: 9.814 GC heap before
{Heap before GC invocations=5 (full 1):
 def new generation   total 629248K, used 69887K [0x00007f4b60600000, 0x00007f4b8b0c0000, 0x00007f50b5b50000)
  eden space 559360K,   0% used [0x00007f4b60600000, 0x00007f4b60600000, 0x00007f4b82840000)
  from space 69888K,  99% used [0x00007f4b82840000, 0x00007f4b86c7fde8, 0x00007f4b86c80000)
  to   space 69888K,   0% used [0x00007f4b86c80000, 0x00007f4b86c80000, 0x00007f4b8b0c0000)
 tenured generation   total 1476096K, used 1476010K [0x00007f50b5b50000, 0x00007f510fcd0000, 0x00007f5b60600000)
   the space 1476096K,  99% used [0x00007f50b5b50000, 0x00007f510fcbaba0, 0x00007f510fcbac00, 0x00007f510fcd0000)
 Metaspace       used 30972K, capacity 31380K, committed 31744K, reserved 32768K
}
Event: 10.123 GC heap after
{Heap after GC invocations=5 (full 2):
 def new generation   total 1107136K, used 69802K [0x00007f4b60600000, 0x00007f4bab750000, 0x00007f50b5b50000)
  eden space 984128K,   7% used [0x00007f4b60600000, 0x00007f4b64a2aa20, 0x00007f4b9c710000)
  from space 123008K,   0% used [0x00007f4b9c710000, 0x00007f4b9c710000, 0x00007f4ba3f30000)
  to   space 123008K,   0% used [0x00007f4ba3f30000, 0x00007f4ba3f30000, 0x00007f4bab750000)
 tenured generation   total 2460160K, used 1476095K [0x00007f50b5b50000, 0x00007f514bdd0000, 0x00007f5b60600000)
   the space 2460160K,  59% used [0x00007f50b5b50000, 0x00007f510fccff68, 0x00007f510fcd0000, 0x00007f514bdd0000)
 Metaspace       used 30972K, capacity 31380K, committed 31744K, reserved 32768K
}
Event: 10.321 GC heap before
{Heap before GC invocations=5 (full 2):
 def new generation   total 1107136K, used 984128K [0x00007f4b60600000, 0x00007f4bab750000, 0x00007f50b5b50000)
  eden space 984128K, 100% used [0x00007f4b60600000, 0x00007f4b9c710000, 0x00007f4b9c710000)
  from space 123008K,   0% used [0x00007f4b9c710000, 0x00007f4b9c710000, 0x00007f4ba3f30000)
  to   space 123008K,   0% used [0x00007f4ba3f30000, 0x00007f4ba3f30000, 0x00007f4bab750000)
 tenured generation   total 2460160K, used 1476095K [0x00007f50b5b50000, 0x00007f514bdd0000, 0x00007f5b60600000)
   the space 2460160K,  59% used [0x00007f50b5b50000, 0x00007f510fccff68, 0x00007f510fcd0000, 0x00007f514bdd0000)
 Metaspace       used 30974K, capacity 31380K, committed 31744K, reserved 32768K
}
Event: 11.015 GC heap after
{Heap after GC invocations=6 (full 2):
 def new generation   total 1107136K, used 123007K [0x00007f4b60600000, 0x00007f4bab750000, 0x00007f50b5b50000)
  eden space 984128K,   0% used [0x00007f4b60600000, 0x00007f4b60600000, 0x00007f4b9c710000)
  from space 123008K,  99% used [0x00007f4ba3f30000, 0x00007f4bab74fc20, 0x00007f4bab750000)
  to   space 123008K,   0% used [0x00007f4b9c710000, 0x00007f4b9c710000, 0x00007f4ba3f30000)
 tenured generation   total 2460160K, used 2327328K [0x00007f50b5b50000, 0x00007f514bdd0000, 0x00007f5b60600000)
   the space 2460160K,  94% used [0x00007f50b5b50000, 0x00007f5143c182f0, 0x00007f5143c18400, 0x00007f514bdd0000)
 Metaspace       used 30974K, capacity 31380K, committed 31744K, reserved 32768K
}
Event: 11.347 GC heap before
{Heap before GC invocations=6 (full 2):
 def new generation   total 1107136K, used 1107135K [0x00007f4b60600000, 0x00007f4bab750000, 0x00007f50b5b50000)
  eden space 984128K, 100% used [0x00007f4b60600000, 0x00007f4b9c710000, 0x00007f4b9c710000)
  from space 123008K,  99% used [0x00007f4ba3f30000, 0x00007f4bab74fc20, 0x00007f4bab750000)
  to   space 123008K,   0% used [0x00007f4b9c710000, 0x00007f4b9c710000, 0x00007f4ba3f30000)
 tenured generation   total 2460160K, used 2327328K [0x00007f50b5b50000, 0x00007f514bdd0000, 0x00007f5b60600000)
   the space 2460160K,  94% used [0x00007f50b5b50000, 0x00007f5143c182f0, 0x00007f5143c18400, 0x00007f514bdd0000)
 Metaspace       used 30974K, capacity 31380K, committed 31744K, reserved 32768K
}
Event: 12.312 GC heap after
{Heap after GC invocations=7 (full 2):
 def new generation   total 1107136K, used 123007K [0x00007f4b60600000, 0x00007f4bab750000, 0x00007f50b5b50000)
  eden space 984128K,   0% used [0x00007f4b60600000, 0x00007f4b60600000, 0x00007f4b9c710000)
  from space 123008K,  99% used [0x00007f4b9c710000, 0x00007f4ba3f2ffe8, 0x00007f4ba3f30000)
  to   space 123008K,   0% used [0x00007f4ba3f30000, 0x00007f4ba3f30000, 0x00007f4bab750000)
 tenured generation   total 3311488K, used 3311426K [0x00007f50b5b50000, 0x00007f517fd30000, 0x00007f5b60600000)
   the space 3311488K,  99% used [0x00007f50b5b50000, 0x00007f517fd20998, 0x00007f517fd20a00, 0x00007f517fd30000)
 Metaspace       used 30974K, capacity 31380K, committed 31744K, reserved 32768K
}
Event: 12.312 GC heap before
{Heap before GC invocations=7 (full 2):
 def new generation   total 1107136K, used 123007K [0x00007f4b60600000, 0x00007f4bab750000, 0x00007f50b5b50000)
  eden space 984128K,   0% used [0x00007f4b60600000, 0x00007f4b60600000, 0x00007f4b9c710000)
  from space 123008K,  99% used [0x00007f4b9c710000, 0x00007f4ba3f2ffe8, 0x00007f4ba3f30000)
  to   space 123008K,   0% used [0x00007f4ba3f30000, 0x00007f4ba3f30000, 0x00007f4bab750000)
 tenured generation   total 3311488K, used 3311426K [0x00007f50b5b50000, 0x00007f517fd30000, 0x00007f5b60600000)
   the space 3311488K,  99% used [0x00007f50b5b50000, 0x00007f517fd20998, 0x00007f517fd20a00, 0x00007f517fd30000)
 Metaspace       used 30974K, capacity 31380K, committed 31744K, reserved 32768K
}
Event: 13.175 GC heap after
{Heap after GC invocations=7 (full 3):
 def new generation   total 2483712K, used 122946K [0x00007f4b60600000, 0x00007f4c08cf0000, 0x00007f50b5b50000)
  eden space 2207808K,   5% used [0x00007f4b60600000, 0x00007f4b67e10a48, 0x00007f4be7210000)
  from space 275904K,   0% used [0x00007f4be7210000, 0x00007f4be7210000, 0x00007f4bf7f80000)
  to   space 275904K,   0% used [0x00007f4bf7f80000, 0x00007f4bf7f80000, 0x00007f4c08cf0000)
 tenured generation   total 5519148K, used 3311487K [0x00007f50b5b50000, 0x00007f520691b000, 0x00007f5b60600000)
   the space 5519148K,  59% used [0x00007f50b5b50000, 0x00007f517fd2ff38, 0x00007f517fd30000, 0x00007f520691b000)
 Metaspace       used 30974K, capacity 31380K, committed 31744K, reserved 32768K
}
Event: 13.949 GC heap before
{Heap before GC invocations=7 (full 3):
 def new generation   total 2483712K, used 2207808K [0x00007f4b60600000, 0x00007f4c08cf0000, 0x00007f50b5b50000)
  eden space 2207808K, 100% used [0x00007f4b60600000, 0x00007f4be7210000, 0x00007f4be7210000)
  from space 275904K,   0% used [0x00007f4be7210000, 0x00007f4be7210000, 0x00007f4bf7f80000)
  to   space 275904K,   0% used [0x00007f4bf7f80000, 0x00007f4bf7f80000, 0x00007f4c08cf0000)
 tenured generation   total 5519148K, used 3311487K [0x00007f50b5b50000, 0x00007f520691b000, 0x00007f5b60600000)
   the space 5519148K,  59% used [0x00007f50b5b50000, 0x00007f517fd2ff38, 0x00007f517fd30000, 0x00007f520691b000)
 Metaspace       used 30974K, capacity 31380K, committed 31744K, reserved 32768K
}
Event: 16.771 GC heap after
{Heap after GC invocations=8 (full 3):
 def new generation   total 2483712K, used 275903K [0x00007f4b60600000, 0x00007f4c08cf0000, 0x00007f50b5b50000)
  eden space 2207808K,   0% used [0x00007f4b60600000, 0x00007f4b60600000, 0x00007f4be7210000)
  from space 275904K,  99% used [0x00007f4bf7f80000, 0x00007f4c08cefd98, 0x00007f4c08cf0000)
  to   space 275904K,   0% used [0x00007f4be7210000, 0x00007f4be7210000, 0x00007f4bf7f80000)
 tenured generation   total 5519148K, used 5243320K [0x00007f50b5b50000, 0x00007f520691b000, 0x00007f5b60600000)
   the space 5519148K,  95% used [0x00007f50b5b50000, 0x00007f51f5bbe0f8, 0x00007f51f5bbe200, 0x00007f520691b000)
 Metaspace       used 30974K, capacity 31380K, committed 31744K, reserved 32768K
}
Event: 19.725 GC heap before
{Heap before GC invocations=8 (full 3):
 def new generation   total 2483712K, used 2483711K [0x00007f4b60600000, 0x00007f4c08cf0000, 0x00007f50b5b50000)
  eden space 2207808K, 100% used [0x00007f4b60600000, 0x00007f4be7210000, 0x00007f4be7210000)
  from space 275904K,  99% used [0x00007f4bf7f80000, 0x00007f4c08cefd98, 0x00007f4c08cf0000)
  to   space 275904K,   0% used [0x00007f4be7210000, 0x00007f4be7210000, 0x00007f4bf7f80000)
 tenured generation   total 5519148K, used 5243320K [0x00007f50b5b50000, 0x00007f520691b000, 0x00007f5b60600000)
   the space 5519148K,  95% used [0x00007f50b5b50000, 0x00007f51f5bbe0f8, 0x00007f51f5bbe200, 0x00007f520691b000)
 Metaspace       used 30974K, capacity 31380K, committed 31744K, reserved 32768K
}
Event: 23.469 GC heap after
{Heap after GC invocations=9 (full 3):
 def new generation   total 2483712K, used 275903K [0x00007f4b60600000, 0x00007f4c08cf0000, 0x00007f50b5b50000)
  eden space 2207808K,   0% used [0x00007f4b60600000, 0x00007f4b60600000, 0x00007f4be7210000)
  from space 275904K,  99% used [0x00007f4be7210000, 0x00007f4bf7f7fed0, 0x00007f4bf7f80000)
  to   space 275904K,   0% used [0x00007f4bf7f80000, 0x00007f4bf7f80000, 0x00007f4c08cf0000)
 tenured generation   total 7177644K, used 7177549K [0x00007f50b5b50000, 0x00007f526bcbb000, 0x00007f5b60600000)
   the space 7177644K,  99% used [0x00007f50b5b50000, 0x00007f526bca3648, 0x00007f526bca3800, 0x00007f526bcbb000)
 Metaspace       used 30974K, capacity 31380K, committed 31744K, reserved 32768K
}
Event: 23.469 GC heap before
{Heap before GC invocations=9 (full 3):
 def new generation   total 2483712K, used 275903K [0x00007f4b60600000, 0x00007f4c08cf0000, 0x00007f50b5b50000)
  eden space 2207808K,   0% used [0x00007f4b60600000, 0x00007f4b60600000, 0x00007f4be7210000)
  from space 275904K,  99% used [0x00007f4be7210000, 0x00007f4bf7f7fed0, 0x00007f4bf7f80000)
  to   space 275904K,   0% used [0x00007f4bf7f80000, 0x00007f4bf7f80000, 0x00007f4c08cf0000)
 tenured generation   total 7177644K, used 7177549K [0x00007f50b5b50000, 0x00007f526bcbb000, 0x00007f5b60600000)
   the space 7177644K,  99% used [0x00007f50b5b50000, 0x00007f526bca3648, 0x00007f526bca3800, 0x00007f526bcbb000)
 Metaspace       used 30974K, capacity 31380K, committed 31744K, reserved 32768K
}
Event: 33.160 GC heap after
{Heap after GC invocations=9 (full 4):
 def new generation   total 5383296K, used 270391K [0x00007f4b60600000, 0x00007f4ccd730000, 0x00007f50b5b50000)
  eden space 4785216K,   5% used [0x00007f4b60600000, 0x00007f4b70e0dd48, 0x00007f4c84710000)
  from space 598080K,   0% used [0x00007f4c84710000, 0x00007f4c84710000, 0x00007f4ca8f20000)
  to   space 598080K,   0% used [0x00007f4ca8f20000, 0x00007f4ca8f20000, 0x00007f4ccd730000)
 tenured generation   total 11962740K, used 7177643K [0x00007f50b5b50000, 0x00007f538fdad000, 0x00007f5b60600000)
   the space 11962740K,  59% used [0x00007f50b5b50000, 0x00007f526bcbae30, 0x00007f526bcbb000, 0x00007f538fdad000)
 Metaspace       used 30974K, capacity 31380K, committed 31744K, reserved 32768K
}
Event: 48.789 GC heap before
{Heap before GC invocations=9 (full 4):
 def new generation   total 5383296K, used 4785216K [0x00007f4b60600000, 0x00007f4ccd730000, 0x00007f50b5b50000)
  eden space 4785216K, 100% used [0x00007f4b60600000, 0x00007f4c84710000, 0x00007f4c84710000)
  from space 598080K,   0% used [0x00007f4c84710000, 0x00007f4c84710000, 0x00007f4ca8f20000)
  to   space 598080K,   0% used [0x00007f4ca8f20000, 0x00007f4ca8f20000, 0x00007f4ccd730000)
 tenured generation   total 11962740K, used 7177643K [0x00007f50b5b50000, 0x00007f538fdad000, 0x00007f5b60600000)
   the space 11962740K,  59% used [0x00007f50b5b50000, 0x00007f526bcbae30, 0x00007f526bcbb000, 0x00007f538fdad000)
 Metaspace       used 30974K, capacity 31380K, committed 31744K, reserved 32768K
}
Event: 52.917 GC heap after
{Heap after GC invocations=10 (full 4):
 def new generation   total 5383296K, used 598079K [0x00007f4b60600000, 0x00007f4ccd730000, 0x00007f50b5b50000)
  eden space 4785216K,   0% used [0x00007f4b60600000, 0x00007f4b60600000, 0x00007f4c84710000)
  from space 598080K,  99% used [0x00007f4ca8f20000, 0x00007f4ccd72ff00, 0x00007f4ccd730000)
  to   space 598080K,   0% used [0x00007f4c84710000, 0x00007f4c84710000, 0x00007f4ca8f20000)
 tenured generation   total 11962740K, used 9026501K [0x00007f50b5b50000, 0x00007f538fdad000, 0x00007f5b60600000)
   the space 11962740K,  75% used [0x00007f50b5b50000, 0x00007f52dca41740, 0x00007f52dca41800, 0x00007f538fdad000)
 Metaspace       used 30974K, capacity 31380K, committed 31744K, reserved 32768K
}
Event: 56.118 GC heap before
{Heap before GC invocations=10 (full 4):
 def new generation   total 5383296K, used 5383295K [0x00007f4b60600000, 0x00007f4ccd730000, 0x00007f50b5b50000)
  eden space 4785216K, 100% used [0x00007f4b60600000, 0x00007f4c84710000, 0x00007f4c84710000)
  from space 598080K,  99% used [0x00007f4ca8f20000, 0x00007f4ccd72ff00, 0x00007f4ccd730000)
  to   space 598080K,   0% used [0x00007f4c84710000, 0x00007f4c84710000, 0x00007f4ca8f20000)
 tenured generation   total 11962740K, used 9026501K [0x00007f50b5b50000, 0x00007f538fdad000, 0x00007f5b60600000)
   the space 11962740K,  75% used [0x00007f50b5b50000, 0x00007f52dca41740, 0x00007f52dca41800, 0x00007f538fdad000)
 Metaspace       used 30974K, capacity 31380K, committed 31744K, reserved 32768K
}
Event: 64.377 GC heap after
{Heap after GC invocations=11 (full 4):
 def new generation   total 5383296K, used 598079K [0x00007f4b60600000, 0x00007f4ccd730000, 0x00007f50b5b50000)
  eden space 4785216K,   0% used [0x00007f4b60600000, 0x00007f4b60600000, 0x00007f4c84710000)
  from space 598080K,  99% used [0x00007f4c84710000, 0x00007f4ca8f1fe10, 0x00007f4ca8f20000)
  to   space 598080K,   0% used [0x00007f4ca8f20000, 0x00007f4ca8f20000, 0x00007f4ccd730000)
 tenured generation   total 13743540K, used 13743523K [0x00007f50b5b50000, 0x00007f53fc8bd000, 0x00007f5b60600000)
   the space 13743540K,  99% used [0x00007f50b5b50000, 0x00007f53fc8b8de8, 0x00007f53fc8b8e00, 0x00007f53fc8bd000)
 Metaspace       used 30974K, capacity 31380K, committed 31744K, reserved 32768K
}
Event: 64.377 GC heap before
{Heap before GC invocations=11 (full 4):
 def new generation   total 5383296K, used 598079K [0x00007f4b60600000, 0x00007f4ccd730000, 0x00007f50b5b50000)
  eden space 4785216K,   0% used [0x00007f4b60600000, 0x00007f4b60600000, 0x00007f4c84710000)
  from space 598080K,  99% used [0x00007f4c84710000, 0x00007f4ca8f1fe10, 0x00007f4ca8f20000)
  to   space 598080K,   0% used [0x00007f4ca8f20000, 0x00007f4ca8f20000, 0x00007f4ccd730000)
 tenured generation   total 13743540K, used 13743523K [0x00007f50b5b50000, 0x00007f53fc8bd000, 0x00007f5b60600000)
   the space 13743540K,  99% used [0x00007f50b5b50000, 0x00007f53fc8b8de8, 0x00007f53fc8b8e00, 0x00007f53fc8bd000)
 Metaspace       used 30974K, capacity 31380K, committed 31744K, reserved 32768K
}

