# JRE version: OpenJDK Runtime Environment (13.0.7+5) (build 13.0.7+5-Ubuntu-0ubuntu120.04)
# Java VM: OpenJDK 64-Bit Server VM (13.0.7+5-Ubuntu-0ubuntu120.04, mixed mode, tiered, serial gc, linux-amd64)
Heap:
 def new generation   total 2914560K, used 33324K [0x00007f0414600000, 0x00007f04da080000, 0x00007f0969b50000)
  eden space 2590720K,   1% used [0x00007f0414600000, 0x00007f041668b168, 0x00007f04b2800000)
  from space 323840K,   0% used [0x00007f04c6440000, 0x00007f04c6440000, 0x00007f04da080000)
  to   space 323840K,   0% used [0x00007f04b2800000, 0x00007f04b2800000, 0x00007f04c6440000)
 tenured generation   total 6478808K, used 6478807K [0x00007f0969b50000, 0x00007f0af5246000, 0x00007f1414600000)
   the space 6478808K,  99% used [0x00007f0969b50000, 0x00007f0af5245fd8, 0x00007f0af5246000, 0x00007f0af5246000)
 Metaspace       used 24351K, capacity 24769K, committed 24832K, reserved 26624K
GC Heap History (20 events):
Event: 5907.277 GC heap after
{Heap after GC invocations=6391 (full 4):
 def new generation   total 2914560K, used 31398K [0x00007f0414600000, 0x00007f04da080000, 0x00007f0969b50000)
  eden space 2590720K,   0% used [0x00007f0414600000, 0x00007f0414600000, 0x00007f04b2800000)
  from space 323840K,   9% used [0x00007f04b2800000, 0x00007f04b46a99d0, 0x00007f04c6440000)
  to   space 323840K,   0% used [0x00007f04c6440000, 0x00007f04c6440000, 0x00007f04da080000)
 tenured generation   total 6476696K, used 6459573K [0x00007f0969b50000, 0x00007f0af5036000, 0x00007f1414600000)
   the space 6476696K,  99% used [0x00007f0969b50000, 0x00007f0af3f7d7b8, 0x00007f0af3f7d800, 0x00007f0af5036000)
 Metaspace       used 24351K, capacity 24769K, committed 24832K, reserved 26624K
}
Event: 5909.011 GC heap before
{Heap before GC invocations=6391 (full 4):
 def new generation   total 2914560K, used 2622118K [0x00007f0414600000, 0x00007f04da080000, 0x00007f0969b50000)
  eden space 2590720K, 100% used [0x00007f0414600000, 0x00007f04b2800000, 0x00007f04b2800000)
  from space 323840K,   9% used [0x00007f04b2800000, 0x00007f04b46a99d0, 0x00007f04c6440000)
  to   space 323840K,   0% used [0x00007f04c6440000, 0x00007f04c6440000, 0x00007f04da080000)
 tenured generation   total 6476696K, used 6459573K [0x00007f0969b50000, 0x00007f0af5036000, 0x00007f1414600000)
   the space 6476696K,  99% used [0x00007f0969b50000, 0x00007f0af3f7d7b8, 0x00007f0af3f7d800, 0x00007f0af5036000)
 Metaspace       used 24351K, capacity 24769K, committed 24832K, reserved 26624K
}
Event: 5909.080 GC heap after
{Heap after GC invocations=6392 (full 4):
 def new generation   total 2914560K, used 33062K [0x00007f0414600000, 0x00007f04da080000, 0x00007f0969b50000)
  eden space 2590720K,   0% used [0x00007f0414600000, 0x00007f0414600000, 0x00007f04b2800000)
  from space 323840K,  10% used [0x00007f04c6440000, 0x00007f04c8489b48, 0x00007f04da080000)
  to   space 323840K,   0% used [0x00007f04b2800000, 0x00007f04b2800000, 0x00007f04c6440000)
 tenured generation   total 6476696K, used 6461352K [0x00007f0969b50000, 0x00007f0af5036000, 0x00007f1414600000)
   the space 6476696K,  99% used [0x00007f0969b50000, 0x00007f0af413a208, 0x00007f0af413a400, 0x00007f0af5036000)
 Metaspace       used 24351K, capacity 24769K, committed 24832K, reserved 26624K
}
Event: 5910.963 GC heap before
{Heap before GC invocations=6392 (full 4):
 def new generation   total 2914560K, used 2623782K [0x00007f0414600000, 0x00007f04da080000, 0x00007f0969b50000)
  eden space 2590720K, 100% used [0x00007f0414600000, 0x00007f04b2800000, 0x00007f04b2800000)
  from space 323840K,  10% used [0x00007f04c6440000, 0x00007f04c8489b48, 0x00007f04da080000)
  to   space 323840K,   0% used [0x00007f04b2800000, 0x00007f04b2800000, 0x00007f04c6440000)
 tenured generation   total 6476696K, used 6461352K [0x00007f0969b50000, 0x00007f0af5036000, 0x00007f1414600000)
   the space 6476696K,  99% used [0x00007f0969b50000, 0x00007f0af413a208, 0x00007f0af413a400, 0x00007f0af5036000)
 Metaspace       used 24351K, capacity 24769K, committed 24832K, reserved 26624K
}
Event: 5911.031 GC heap after
{Heap after GC invocations=6393 (full 4):
 def new generation   total 2914560K, used 32932K [0x00007f0414600000, 0x00007f04da080000, 0x00007f0969b50000)
  eden space 2590720K,   0% used [0x00007f0414600000, 0x00007f0414600000, 0x00007f04b2800000)
  from space 323840K,  10% used [0x00007f04b2800000, 0x00007f04b4829208, 0x00007f04c6440000)
  to   space 323840K,   0% used [0x00007f04c6440000, 0x00007f04c6440000, 0x00007f04da080000)
 tenured generation   total 6476696K, used 6463804K [0x00007f0969b50000, 0x00007f0af5036000, 0x00007f1414600000)
   the space 6476696K,  99% used [0x00007f0969b50000, 0x00007f0af439f308, 0x00007f0af439f400, 0x00007f0af5036000)
 Metaspace       used 24351K, capacity 24769K, committed 24832K, reserved 26624K
}
Event: 5912.793 GC heap before
{Heap before GC invocations=6393 (full 4):
 def new generation   total 2914560K, used 2623652K [0x00007f0414600000, 0x00007f04da080000, 0x00007f0969b50000)
  eden space 2590720K, 100% used [0x00007f0414600000, 0x00007f04b2800000, 0x00007f04b2800000)
  from space 323840K,  10% used [0x00007f04b2800000, 0x00007f04b4829208, 0x00007f04c6440000)
  to   space 323840K,   0% used [0x00007f04c6440000, 0x00007f04c6440000, 0x00007f04da080000)
 tenured generation   total 6476696K, used 6463804K [0x00007f0969b50000, 0x00007f0af5036000, 0x00007f1414600000)
   the space 6476696K,  99% used [0x00007f0969b50000, 0x00007f0af439f308, 0x00007f0af439f400, 0x00007f0af5036000)
 Metaspace       used 24351K, capacity 24769K, committed 24832K, reserved 26624K
}
Event: 5912.855 GC heap after
{Heap after GC invocations=6394 (full 4):
 def new generation   total 2914560K, used 32533K [0x00007f0414600000, 0x00007f04da080000, 0x00007f0969b50000)
  eden space 2590720K,   0% used [0x00007f0414600000, 0x00007f0414600000, 0x00007f04b2800000)
  from space 323840K,  10% used [0x00007f04c6440000, 0x00007f04c8405578, 0x00007f04da080000)
  to   space 323840K,   0% used [0x00007f04b2800000, 0x00007f04b2800000, 0x00007f04c6440000)
 tenured generation   total 6476696K, used 6465735K [0x00007f0969b50000, 0x00007f0af5036000, 0x00007f1414600000)
   the space 6476696K,  99% used [0x00007f0969b50000, 0x00007f0af4581e58, 0x00007f0af4582000, 0x00007f0af5036000)
 Metaspace       used 24351K, capacity 24769K, committed 24832K, reserved 26624K
}
Event: 5914.680 GC heap before
{Heap before GC invocations=6394 (full 4):
 def new generation   total 2914560K, used 2623253K [0x00007f0414600000, 0x00007f04da080000, 0x00007f0969b50000)
  eden space 2590720K, 100% used [0x00007f0414600000, 0x00007f04b2800000, 0x00007f04b2800000)
  from space 323840K,  10% used [0x00007f04c6440000, 0x00007f04c8405578, 0x00007f04da080000)
  to   space 323840K,   0% used [0x00007f04b2800000, 0x00007f04b2800000, 0x00007f04c6440000)
 tenured generation   total 6476696K, used 6465735K [0x00007f0969b50000, 0x00007f0af5036000, 0x00007f1414600000)
   the space 6476696K,  99% used [0x00007f0969b50000, 0x00007f0af4581e58, 0x00007f0af4582000, 0x00007f0af5036000)
 Metaspace       used 24351K, capacity 24769K, committed 24832K, reserved 26624K
}
Event: 5914.744 GC heap after
{Heap after GC invocations=6395 (full 4):
 def new generation   total 2914560K, used 32941K [0x00007f0414600000, 0x00007f04da080000, 0x00007f0969b50000)
  eden space 2590720K,   0% used [0x00007f0414600000, 0x00007f0414600000, 0x00007f04b2800000)
  from space 323840K,  10% used [0x00007f04b2800000, 0x00007f04b482b560, 0x00007f04c6440000)
  to   space 323840K,   0% used [0x00007f04c6440000, 0x00007f04c6440000, 0x00007f04da080000)
 tenured generation   total 6476696K, used 6467331K [0x00007f0969b50000, 0x00007f0af5036000, 0x00007f1414600000)
   the space 6476696K,  99% used [0x00007f0969b50000, 0x00007f0af4710d38, 0x00007f0af4710e00, 0x00007f0af5036000)
 Metaspace       used 24351K, capacity 24769K, committed 24832K, reserved 26624K
}
Event: 5916.533 GC heap before
{Heap before GC invocations=6395 (full 4):
 def new generation   total 2914560K, used 2623661K [0x00007f0414600000, 0x00007f04da080000, 0x00007f0969b50000)
  eden space 2590720K, 100% used [0x00007f0414600000, 0x00007f04b2800000, 0x00007f04b2800000)
  from space 323840K,  10% used [0x00007f04b2800000, 0x00007f04b482b560, 0x00007f04c6440000)
  to   space 323840K,   0% used [0x00007f04c6440000, 0x00007f04c6440000, 0x00007f04da080000)
 tenured generation   total 6476696K, used 6467331K [0x00007f0969b50000, 0x00007f0af5036000, 0x00007f1414600000)
   the space 6476696K,  99% used [0x00007f0969b50000, 0x00007f0af4710d38, 0x00007f0af4710e00, 0x00007f0af5036000)
 Metaspace       used 24351K, capacity 24769K, committed 24832K, reserved 26624K
}
Event: 5916.603 GC heap after
{Heap after GC invocations=6396 (full 4):
 def new generation   total 2914560K, used 32147K [0x00007f0414600000, 0x00007f04da080000, 0x00007f0969b50000)
  eden space 2590720K,   0% used [0x00007f0414600000, 0x00007f0414600000, 0x00007f04b2800000)
  from space 323840K,   9% used [0x00007f04c6440000, 0x00007f04c83a4e80, 0x00007f04da080000)
  to   space 323840K,   0% used [0x00007f04b2800000, 0x00007f04b2800000, 0x00007f04c6440000)
 tenured generation   total 6476696K, used 6470768K [0x00007f0969b50000, 0x00007f0af5036000, 0x00007f1414600000)
   the space 6476696K,  99% used [0x00007f0969b50000, 0x00007f0af4a6c290, 0x00007f0af4a6c400, 0x00007f0af5036000)
 Metaspace       used 24351K, capacity 24769K, committed 24832K, reserved 26624K
}
Event: 5918.418 GC heap before
{Heap before GC invocations=6396 (full 4):
 def new generation   total 2914560K, used 2622867K [0x00007f0414600000, 0x00007f04da080000, 0x00007f0969b50000)
  eden space 2590720K, 100% used [0x00007f0414600000, 0x00007f04b2800000, 0x00007f04b2800000)
  from space 323840K,   9% used [0x00007f04c6440000, 0x00007f04c83a4e80, 0x00007f04da080000)
  to   space 323840K,   0% used [0x00007f04b2800000, 0x00007f04b2800000, 0x00007f04c6440000)
 tenured generation   total 6476696K, used 6470768K [0x00007f0969b50000, 0x00007f0af5036000, 0x00007f1414600000)
   the space 6476696K,  99% used [0x00007f0969b50000, 0x00007f0af4a6c290, 0x00007f0af4a6c400, 0x00007f0af5036000)
 Metaspace       used 24351K, capacity 24769K, committed 24832K, reserved 26624K
}
Event: 5918.477 GC heap after
{Heap after GC invocations=6397 (full 4):
 def new generation   total 2914560K, used 31571K [0x00007f0414600000, 0x00007f04da080000, 0x00007f0969b50000)
  eden space 2590720K,   0% used [0x00007f0414600000, 0x00007f0414600000, 0x00007f04b2800000)
  from space 323840K,   9% used [0x00007f04b2800000, 0x00007f04b46d4fe0, 0x00007f04c6440000)
  to   space 323840K,   0% used [0x00007f04c6440000, 0x00007f04c6440000, 0x00007f04da080000)
 tenured generation   total 6476696K, used 6473266K [0x00007f0969b50000, 0x00007f0af5036000, 0x00007f1414600000)
   the space 6476696K,  99% used [0x00007f0969b50000, 0x00007f0af4cdca08, 0x00007f0af4cdcc00, 0x00007f0af5036000)
 Metaspace       used 24351K, capacity 24769K, committed 24832K, reserved 26624K
}
Event: 5920.333 GC heap before
{Heap before GC invocations=6397 (full 4):
 def new generation   total 2914560K, used 2622291K [0x00007f0414600000, 0x00007f04da080000, 0x00007f0969b50000)
  eden space 2590720K, 100% used [0x00007f0414600000, 0x00007f04b2800000, 0x00007f04b2800000)
  from space 323840K,   9% used [0x00007f04b2800000, 0x00007f04b46d4fe0, 0x00007f04c6440000)
  to   space 323840K,   0% used [0x00007f04c6440000, 0x00007f04c6440000, 0x00007f04da080000)
 tenured generation   total 6476696K, used 6473266K [0x00007f0969b50000, 0x00007f0af5036000, 0x00007f1414600000)
   the space 6476696K,  99% used [0x00007f0969b50000, 0x00007f0af4cdca08, 0x00007f0af4cdcc00, 0x00007f0af5036000)
 Metaspace       used 24351K, capacity 24769K, committed 24832K, reserved 26624K
}
Event: 5920.410 GC heap after
{Heap after GC invocations=6398 (full 4):
 def new generation   total 2914560K, used 32118K [0x00007f0414600000, 0x00007f04da080000, 0x00007f0969b50000)
  eden space 2590720K,   0% used [0x00007f0414600000, 0x00007f0414600000, 0x00007f04b2800000)
  from space 323840K,   9% used [0x00007f04c6440000, 0x00007f04c839db68, 0x00007f04da080000)
  to   space 323840K,   0% used [0x00007f04b2800000, 0x00007f04b2800000, 0x00007f04c6440000)
 tenured generation   total 6476696K, used 6474694K [0x00007f0969b50000, 0x00007f0af5036000, 0x00007f1414600000)
   the space 6476696K,  99% used [0x00007f0969b50000, 0x00007f0af4e41bb0, 0x00007f0af4e41c00, 0x00007f0af5036000)
 Metaspace       used 24351K, capacity 24769K, committed 24832K, reserved 26624K
}
Event: 5922.140 GC heap before
{Heap before GC invocations=6398 (full 4):
 def new generation   total 2914560K, used 2622838K [0x00007f0414600000, 0x00007f04da080000, 0x00007f0969b50000)
  eden space 2590720K, 100% used [0x00007f0414600000, 0x00007f04b2800000, 0x00007f04b2800000)
  from space 323840K,   9% used [0x00007f04c6440000, 0x00007f04c839db68, 0x00007f04da080000)
  to   space 323840K,   0% used [0x00007f04b2800000, 0x00007f04b2800000, 0x00007f04c6440000)
 tenured generation   total 6476696K, used 6474694K [0x00007f0969b50000, 0x00007f0af5036000, 0x00007f1414600000)
   the space 6476696K,  99% used [0x00007f0969b50000, 0x00007f0af4e41bb0, 0x00007f0af4e41c00, 0x00007f0af5036000)
 Metaspace       used 24351K, capacity 24769K, committed 24832K, reserved 26624K
}
Event: 5922.205 GC heap after
{Heap after GC invocations=6399 (full 4):
 def new generation   total 2914560K, used 33013K [0x00007f0414600000, 0x00007f04da080000, 0x00007f0969b50000)
  eden space 2590720K,   0% used [0x00007f0414600000, 0x00007f0414600000, 0x00007f04b2800000)
  from space 323840K,  10% used [0x00007f04b2800000, 0x00007f04b483d6e0, 0x00007f04c6440000)
  to   space 323840K,   0% used [0x00007f04c6440000, 0x00007f04c6440000, 0x00007f04da080000)
 tenured generation   total 6476696K, used 6476244K [0x00007f0969b50000, 0x00007f0af5036000, 0x00007f1414600000)
   the space 6476696K,  99% used [0x00007f0969b50000, 0x00007f0af4fc53d8, 0x00007f0af4fc5400, 0x00007f0af5036000)
 Metaspace       used 24351K, capacity 24769K, committed 24832K, reserved 26624K
}
Event: 5923.980 GC heap before
{Heap before GC invocations=6399 (full 4):
 def new generation   total 2914560K, used 2623733K [0x00007f0414600000, 0x00007f04da080000, 0x00007f0969b50000)
  eden space 2590720K, 100% used [0x00007f0414600000, 0x00007f04b2800000, 0x00007f04b2800000)
  from space 323840K,  10% used [0x00007f04b2800000, 0x00007f04b483d6e0, 0x00007f04c6440000)
  to   space 323840K,   0% used [0x00007f04c6440000, 0x00007f04c6440000, 0x00007f04da080000)
 tenured generation   total 6476696K, used 6476244K [0x00007f0969b50000, 0x00007f0af5036000, 0x00007f1414600000)
   the space 6476696K,  99% used [0x00007f0969b50000, 0x00007f0af4fc53d8, 0x00007f0af4fc5400, 0x00007f0af5036000)
 Metaspace       used 24351K, capacity 24769K, committed 24832K, reserved 26624K
}
Event: 5924.067 GC heap after
{Heap after GC invocations=6400 (full 4):
 def new generation   total 2914560K, used 33450K [0x00007f0414600000, 0x00007f04da080000, 0x00007f0969b50000)
  eden space 2590720K,   0% used [0x00007f0414600000, 0x00007f0414600000, 0x00007f04b2800000)
  from space 323840K,  10% used [0x00007f04c6440000, 0x00007f04c84ea860, 0x00007f04da080000)
  to   space 323840K,   0% used [0x00007f04b2800000, 0x00007f04b2800000, 0x00007f04c6440000)
 tenured generation   total 6478808K, used 6478682K [0x00007f0969b50000, 0x00007f0af5246000, 0x00007f1414600000)
   the space 6478808K,  99% used [0x00007f0969b50000, 0x00007f0af52268e0, 0x00007f0af5226a00, 0x00007f0af5246000)
 Metaspace       used 24351K, capacity 24769K, committed 24832K, reserved 26624K
}
Event: 5924.067 GC heap before
{Heap before GC invocations=6400 (full 4):
 def new generation   total 2914560K, used 33450K [0x00007f0414600000, 0x00007f04da080000, 0x00007f0969b50000)
  eden space 2590720K,   0% used [0x00007f0414600000, 0x00007f0414600000, 0x00007f04b2800000)
  from space 323840K,  10% used [0x00007f04c6440000, 0x00007f04c84ea860, 0x00007f04da080000)
  to   space 323840K,   0% used [0x00007f04b2800000, 0x00007f04b2800000, 0x00007f04c6440000)
 tenured generation   total 6478808K, used 6478682K [0x00007f0969b50000, 0x00007f0af5246000, 0x00007f1414600000)
   the space 6478808K,  99% used [0x00007f0969b50000, 0x00007f0af52268e0, 0x00007f0af5226a00, 0x00007f0af5246000)
 Metaspace       used 24351K, capacity 24769K, committed 24832K, reserved 26624K
}

