# JRE version: OpenJDK Runtime Environment (13.0.7+5) (build 13.0.7+5-Ubuntu-0ubuntu120.04)
# Java VM: OpenJDK 64-Bit Server VM (13.0.7+5-Ubuntu-0ubuntu120.04, mixed mode, tiered, serial gc, linux-amd64)
Heap:
 def new generation   total 629248K, used 2977K [0x00007efc8c600000, 0x00007efcb70c0000, 0x00007f01e1b50000)
  eden space 559360K,   0% used [0x00007efc8c600000, 0x00007efc8c8e8770, 0x00007efcae840000)
  from space 69888K,   0% used [0x00007efcb2c80000, 0x00007efcb2c80000, 0x00007efcb70c0000)
  to   space 69888K,   0% used [0x00007efcae840000, 0x00007efcae840000, 0x00007efcb2c80000)
 tenured generation   total 1398528K, used 1398521K [0x00007f01e1b50000, 0x00007f0237110000, 0x00007f0c8c600000)
   the space 1398528K,  99% used [0x00007f01e1b50000, 0x00007f023710e680, 0x00007f023710e800, 0x00007f0237110000)
 Metaspace       used 24264K, capacity 24713K, committed 24832K, reserved 26624K
GC Heap History (20 events):
Event: 1939.376 GC heap after
{Heap after GC invocations=7601 (full 1):
 def new generation   total 629248K, used 2608K [0x00007efc8c600000, 0x00007efcb70c0000, 0x00007f01e1b50000)
  eden space 559360K,   0% used [0x00007efc8c600000, 0x00007efc8c600000, 0x00007efcae840000)
  from space 69888K,   3% used [0x00007efcae840000, 0x00007efcaeacc3d8, 0x00007efcb2c80000)
  to   space 69888K,   0% used [0x00007efcb2c80000, 0x00007efcb2c80000, 0x00007efcb70c0000)
 tenured generation   total 1398144K, used 1396621K [0x00007f01e1b50000, 0x00007f02370b0000, 0x00007f0c8c600000)
   the space 1398144K,  99% used [0x00007f01e1b50000, 0x00007f0236f33680, 0x00007f0236f33800, 0x00007f02370b0000)
 Metaspace       used 24264K, capacity 24713K, committed 24832K, reserved 26624K
}
Event: 1939.636 GC heap before
{Heap before GC invocations=7601 (full 1):
 def new generation   total 629248K, used 561968K [0x00007efc8c600000, 0x00007efcb70c0000, 0x00007f01e1b50000)
  eden space 559360K, 100% used [0x00007efc8c600000, 0x00007efcae840000, 0x00007efcae840000)
  from space 69888K,   3% used [0x00007efcae840000, 0x00007efcaeacc3d8, 0x00007efcb2c80000)
  to   space 69888K,   0% used [0x00007efcb2c80000, 0x00007efcb2c80000, 0x00007efcb70c0000)
 tenured generation   total 1398144K, used 1396621K [0x00007f01e1b50000, 0x00007f02370b0000, 0x00007f0c8c600000)
   the space 1398144K,  99% used [0x00007f01e1b50000, 0x00007f0236f33680, 0x00007f0236f33800, 0x00007f02370b0000)
 Metaspace       used 24264K, capacity 24713K, committed 24832K, reserved 26624K
}
Event: 1939.638 GC heap after
{Heap after GC invocations=7602 (full 1):
 def new generation   total 629248K, used 2606K [0x00007efc8c600000, 0x00007efcb70c0000, 0x00007f01e1b50000)
  eden space 559360K,   0% used [0x00007efc8c600000, 0x00007efc8c600000, 0x00007efcae840000)
  from space 69888K,   3% used [0x00007efcb2c80000, 0x00007efcb2f0ba90, 0x00007efcb70c0000)
  to   space 69888K,   0% used [0x00007efcae840000, 0x00007efcae840000, 0x00007efcb2c80000)
 tenured generation   total 1398144K, used 1396730K [0x00007f01e1b50000, 0x00007f02370b0000, 0x00007f0c8c600000)
   the space 1398144K,  99% used [0x00007f01e1b50000, 0x00007f0236f4e980, 0x00007f0236f4ea00, 0x00007f02370b0000)
 Metaspace       used 24264K, capacity 24713K, committed 24832K, reserved 26624K
}
Event: 1939.898 GC heap before
{Heap before GC invocations=7602 (full 1):
 def new generation   total 629248K, used 561966K [0x00007efc8c600000, 0x00007efcb70c0000, 0x00007f01e1b50000)
  eden space 559360K, 100% used [0x00007efc8c600000, 0x00007efcae840000, 0x00007efcae840000)
  from space 69888K,   3% used [0x00007efcb2c80000, 0x00007efcb2f0ba90, 0x00007efcb70c0000)
  to   space 69888K,   0% used [0x00007efcae840000, 0x00007efcae840000, 0x00007efcb2c80000)
 tenured generation   total 1398144K, used 1396730K [0x00007f01e1b50000, 0x00007f02370b0000, 0x00007f0c8c600000)
   the space 1398144K,  99% used [0x00007f01e1b50000, 0x00007f0236f4e980, 0x00007f0236f4ea00, 0x00007f02370b0000)
 Metaspace       used 24264K, capacity 24713K, committed 24832K, reserved 26624K
}
Event: 1939.901 GC heap after
{Heap after GC invocations=7603 (full 1):
 def new generation   total 629248K, used 2610K [0x00007efc8c600000, 0x00007efcb70c0000, 0x00007f01e1b50000)
  eden space 559360K,   0% used [0x00007efc8c600000, 0x00007efc8c600000, 0x00007efcae840000)
  from space 69888K,   3% used [0x00007efcae840000, 0x00007efcaeaccb78, 0x00007efcb2c80000)
  to   space 69888K,   0% used [0x00007efcb2c80000, 0x00007efcb2c80000, 0x00007efcb70c0000)
 tenured generation   total 1398144K, used 1396857K [0x00007f01e1b50000, 0x00007f02370b0000, 0x00007f0c8c600000)
   the space 1398144K,  99% used [0x00007f01e1b50000, 0x00007f0236f6e500, 0x00007f0236f6e600, 0x00007f02370b0000)
 Metaspace       used 24264K, capacity 24713K, committed 24832K, reserved 26624K
}
Event: 1940.161 GC heap before
{Heap before GC invocations=7603 (full 1):
 def new generation   total 629248K, used 561970K [0x00007efc8c600000, 0x00007efcb70c0000, 0x00007f01e1b50000)
  eden space 559360K, 100% used [0x00007efc8c600000, 0x00007efcae840000, 0x00007efcae840000)
  from space 69888K,   3% used [0x00007efcae840000, 0x00007efcaeaccb78, 0x00007efcb2c80000)
  to   space 69888K,   0% used [0x00007efcb2c80000, 0x00007efcb2c80000, 0x00007efcb70c0000)
 tenured generation   total 1398144K, used 1396857K [0x00007f01e1b50000, 0x00007f02370b0000, 0x00007f0c8c600000)
   the space 1398144K,  99% used [0x00007f01e1b50000, 0x00007f0236f6e500, 0x00007f0236f6e600, 0x00007f02370b0000)
 Metaspace       used 24264K, capacity 24713K, committed 24832K, reserved 26624K
}
Event: 1940.163 GC heap after
{Heap after GC invocations=7604 (full 1):
 def new generation   total 629248K, used 2604K [0x00007efc8c600000, 0x00007efcb70c0000, 0x00007f01e1b50000)
  eden space 559360K,   0% used [0x00007efc8c600000, 0x00007efc8c600000, 0x00007efcae840000)
  from space 69888K,   3% used [0x00007efcb2c80000, 0x00007efcb2f0b0f0, 0x00007efcb70c0000)
  to   space 69888K,   0% used [0x00007efcae840000, 0x00007efcae840000, 0x00007efcb2c80000)
 tenured generation   total 1398144K, used 1396984K [0x00007f01e1b50000, 0x00007f02370b0000, 0x00007f0c8c600000)
   the space 1398144K,  99% used [0x00007f01e1b50000, 0x00007f0236f8e080, 0x00007f0236f8e200, 0x00007f02370b0000)
 Metaspace       used 24264K, capacity 24713K, committed 24832K, reserved 26624K
}
Event: 1940.422 GC heap before
{Heap before GC invocations=7604 (full 1):
 def new generation   total 629248K, used 561964K [0x00007efc8c600000, 0x00007efcb70c0000, 0x00007f01e1b50000)
  eden space 559360K, 100% used [0x00007efc8c600000, 0x00007efcae840000, 0x00007efcae840000)
  from space 69888K,   3% used [0x00007efcb2c80000, 0x00007efcb2f0b0f0, 0x00007efcb70c0000)
  to   space 69888K,   0% used [0x00007efcae840000, 0x00007efcae840000, 0x00007efcb2c80000)
 tenured generation   total 1398144K, used 1396984K [0x00007f01e1b50000, 0x00007f02370b0000, 0x00007f0c8c600000)
   the space 1398144K,  99% used [0x00007f01e1b50000, 0x00007f0236f8e080, 0x00007f0236f8e200, 0x00007f02370b0000)
 Metaspace       used 24264K, capacity 24713K, committed 24832K, reserved 26624K
}
Event: 1940.425 GC heap after
{Heap after GC invocations=7605 (full 1):
 def new generation   total 629248K, used 2622K [0x00007efc8c600000, 0x00007efcb70c0000, 0x00007f01e1b50000)
  eden space 559360K,   0% used [0x00007efc8c600000, 0x00007efc8c600000, 0x00007efcae840000)
  from space 69888K,   3% used [0x00007efcae840000, 0x00007efcaeacf870, 0x00007efcb2c80000)
  to   space 69888K,   0% used [0x00007efcb2c80000, 0x00007efcb2c80000, 0x00007efcb70c0000)
 tenured generation   total 1398144K, used 1397128K [0x00007f01e1b50000, 0x00007f02370b0000, 0x00007f0c8c600000)
   the space 1398144K,  99% used [0x00007f01e1b50000, 0x00007f0236fb22c0, 0x00007f0236fb2400, 0x00007f02370b0000)
 Metaspace       used 24264K, capacity 24713K, committed 24832K, reserved 26624K
}
Event: 1940.685 GC heap before
{Heap before GC invocations=7605 (full 1):
 def new generation   total 629248K, used 561982K [0x00007efc8c600000, 0x00007efcb70c0000, 0x00007f01e1b50000)
  eden space 559360K, 100% used [0x00007efc8c600000, 0x00007efcae840000, 0x00007efcae840000)
  from space 69888K,   3% used [0x00007efcae840000, 0x00007efcaeacf870, 0x00007efcb2c80000)
  to   space 69888K,   0% used [0x00007efcb2c80000, 0x00007efcb2c80000, 0x00007efcb70c0000)
 tenured generation   total 1398144K, used 1397128K [0x00007f01e1b50000, 0x00007f02370b0000, 0x00007f0c8c600000)
   the space 1398144K,  99% used [0x00007f01e1b50000, 0x00007f0236fb22c0, 0x00007f0236fb2400, 0x00007f02370b0000)
 Metaspace       used 24264K, capacity 24713K, committed 24832K, reserved 26624K
}
Event: 1940.687 GC heap after
{Heap after GC invocations=7606 (full 1):
 def new generation   total 629248K, used 2569K [0x00007efc8c600000, 0x00007efcb70c0000, 0x00007f01e1b50000)
  eden space 559360K,   0% used [0x00007efc8c600000, 0x00007efc8c600000, 0x00007efcae840000)
  from space 69888K,   3% used [0x00007efcb2c80000, 0x00007efcb2f027d0, 0x00007efcb70c0000)
  to   space 69888K,   0% used [0x00007efcae840000, 0x00007efcae840000, 0x00007efcb2c80000)
 tenured generation   total 1398144K, used 1397343K [0x00007f01e1b50000, 0x00007f02370b0000, 0x00007f0c8c600000)
   the space 1398144K,  99% used [0x00007f01e1b50000, 0x00007f0236fe7c90, 0x00007f0236fe7e00, 0x00007f02370b0000)
 Metaspace       used 24264K, capacity 24713K, committed 24832K, reserved 26624K
}
Event: 1940.948 GC heap before
{Heap before GC invocations=7606 (full 1):
 def new generation   total 629248K, used 561929K [0x00007efc8c600000, 0x00007efcb70c0000, 0x00007f01e1b50000)
  eden space 559360K, 100% used [0x00007efc8c600000, 0x00007efcae840000, 0x00007efcae840000)
  from space 69888K,   3% used [0x00007efcb2c80000, 0x00007efcb2f027d0, 0x00007efcb70c0000)
  to   space 69888K,   0% used [0x00007efcae840000, 0x00007efcae840000, 0x00007efcb2c80000)
 tenured generation   total 1398144K, used 1397343K [0x00007f01e1b50000, 0x00007f02370b0000, 0x00007f0c8c600000)
   the space 1398144K,  99% used [0x00007f01e1b50000, 0x00007f0236fe7c90, 0x00007f0236fe7e00, 0x00007f02370b0000)
 Metaspace       used 24264K, capacity 24713K, committed 24832K, reserved 26624K
}
Event: 1940.950 GC heap after
{Heap after GC invocations=7607 (full 1):
 def new generation   total 629248K, used 2545K [0x00007efc8c600000, 0x00007efcb70c0000, 0x00007f01e1b50000)
  eden space 559360K,   0% used [0x00007efc8c600000, 0x00007efc8c600000, 0x00007efcae840000)
  from space 69888K,   3% used [0x00007efcae840000, 0x00007efcaeabc7a8, 0x00007efcb2c80000)
  to   space 69888K,   0% used [0x00007efcb2c80000, 0x00007efcb2c80000, 0x00007efcb70c0000)
 tenured generation   total 1398144K, used 1397575K [0x00007f01e1b50000, 0x00007f02370b0000, 0x00007f0c8c600000)
   the space 1398144K,  99% used [0x00007f01e1b50000, 0x00007f0237021c70, 0x00007f0237021e00, 0x00007f02370b0000)
 Metaspace       used 24264K, capacity 24713K, committed 24832K, reserved 26624K
}
Event: 1941.209 GC heap before
{Heap before GC invocations=7607 (full 1):
 def new generation   total 629248K, used 561905K [0x00007efc8c600000, 0x00007efcb70c0000, 0x00007f01e1b50000)
  eden space 559360K, 100% used [0x00007efc8c600000, 0x00007efcae840000, 0x00007efcae840000)
  from space 69888K,   3% used [0x00007efcae840000, 0x00007efcaeabc7a8, 0x00007efcb2c80000)
  to   space 69888K,   0% used [0x00007efcb2c80000, 0x00007efcb2c80000, 0x00007efcb70c0000)
 tenured generation   total 1398144K, used 1397575K [0x00007f01e1b50000, 0x00007f02370b0000, 0x00007f0c8c600000)
   the space 1398144K,  99% used [0x00007f01e1b50000, 0x00007f0237021c70, 0x00007f0237021e00, 0x00007f02370b0000)
 Metaspace       used 24264K, capacity 24713K, committed 24832K, reserved 26624K
}
Event: 1941.212 GC heap after
{Heap after GC invocations=7608 (full 1):
 def new generation   total 629248K, used 2782K [0x00007efc8c600000, 0x00007efcb70c0000, 0x00007f01e1b50000)
  eden space 559360K,   0% used [0x00007efc8c600000, 0x00007efc8c600000, 0x00007efcae840000)
  from space 69888K,   3% used [0x00007efcb2c80000, 0x00007efcb2f37838, 0x00007efcb70c0000)
  to   space 69888K,   0% used [0x00007efcae840000, 0x00007efcae840000, 0x00007efcb2c80000)
 tenured generation   total 1398144K, used 1397807K [0x00007f01e1b50000, 0x00007f02370b0000, 0x00007f0c8c600000)
   the space 1398144K,  99% used [0x00007f01e1b50000, 0x00007f023705bc50, 0x00007f023705be00, 0x00007f02370b0000)
 Metaspace       used 24264K, capacity 24713K, committed 24832K, reserved 26624K
}
Event: 1941.471 GC heap before
{Heap before GC invocations=7608 (full 1):
 def new generation   total 629248K, used 562142K [0x00007efc8c600000, 0x00007efcb70c0000, 0x00007f01e1b50000)
  eden space 559360K, 100% used [0x00007efc8c600000, 0x00007efcae840000, 0x00007efcae840000)
  from space 69888K,   3% used [0x00007efcb2c80000, 0x00007efcb2f37838, 0x00007efcb70c0000)
  to   space 69888K,   0% used [0x00007efcae840000, 0x00007efcae840000, 0x00007efcb2c80000)
 tenured generation   total 1398144K, used 1397807K [0x00007f01e1b50000, 0x00007f02370b0000, 0x00007f0c8c600000)
   the space 1398144K,  99% used [0x00007f01e1b50000, 0x00007f023705bc50, 0x00007f023705be00, 0x00007f02370b0000)
 Metaspace       used 24264K, capacity 24713K, committed 24832K, reserved 26624K
}
Event: 1941.474 GC heap after
{Heap after GC invocations=7609 (full 1):
 def new generation   total 629248K, used 2986K [0x00007efc8c600000, 0x00007efcb70c0000, 0x00007f01e1b50000)
  eden space 559360K,   0% used [0x00007efc8c600000, 0x00007efc8c600000, 0x00007efcae840000)
  from space 69888K,   4% used [0x00007efcae840000, 0x00007efcaeb2aaa8, 0x00007efcb2c80000)
  to   space 69888K,   0% used [0x00007efcb2c80000, 0x00007efcb2c80000, 0x00007efcb70c0000)
 tenured generation   total 1398144K, used 1398056K [0x00007f01e1b50000, 0x00007f02370b0000, 0x00007f0c8c600000)
   the space 1398144K,  99% used [0x00007f01e1b50000, 0x00007f023709a360, 0x00007f023709a400, 0x00007f02370b0000)
 Metaspace       used 24264K, capacity 24713K, committed 24832K, reserved 26624K
}
Event: 1941.733 GC heap before
{Heap before GC invocations=7609 (full 1):
 def new generation   total 629248K, used 562346K [0x00007efc8c600000, 0x00007efcb70c0000, 0x00007f01e1b50000)
  eden space 559360K, 100% used [0x00007efc8c600000, 0x00007efcae840000, 0x00007efcae840000)
  from space 69888K,   4% used [0x00007efcae840000, 0x00007efcaeb2aaa8, 0x00007efcb2c80000)
  to   space 69888K,   0% used [0x00007efcb2c80000, 0x00007efcb2c80000, 0x00007efcb70c0000)
 tenured generation   total 1398144K, used 1398056K [0x00007f01e1b50000, 0x00007f02370b0000, 0x00007f0c8c600000)
   the space 1398144K,  99% used [0x00007f01e1b50000, 0x00007f023709a360, 0x00007f023709a400, 0x00007f02370b0000)
 Metaspace       used 24264K, capacity 24713K, committed 24832K, reserved 26624K
}
Event: 1941.741 GC heap after
{Heap after GC invocations=7610 (full 1):
 def new generation   total 629248K, used 2985K [0x00007efc8c600000, 0x00007efcb70c0000, 0x00007f01e1b50000)
  eden space 559360K,   0% used [0x00007efc8c600000, 0x00007efc8c600000, 0x00007efcae840000)
  from space 69888K,   4% used [0x00007efcb2c80000, 0x00007efcb2f6a7a0, 0x00007efcb70c0000)
  to   space 69888K,   0% used [0x00007efcae840000, 0x00007efcae840000, 0x00007efcb2c80000)
 tenured generation   total 1398528K, used 1398517K [0x00007f01e1b50000, 0x00007f0237110000, 0x00007f0c8c600000)
   the space 1398528K,  99% used [0x00007f01e1b50000, 0x00007f023710d480, 0x00007f023710d600, 0x00007f0237110000)
 Metaspace       used 24264K, capacity 24713K, committed 24832K, reserved 26624K
}
Event: 1941.741 GC heap before
{Heap before GC invocations=7610 (full 1):
 def new generation   total 629248K, used 2985K [0x00007efc8c600000, 0x00007efcb70c0000, 0x00007f01e1b50000)
  eden space 559360K,   0% used [0x00007efc8c600000, 0x00007efc8c600000, 0x00007efcae840000)
  from space 69888K,   4% used [0x00007efcb2c80000, 0x00007efcb2f6a7a0, 0x00007efcb70c0000)
  to   space 69888K,   0% used [0x00007efcae840000, 0x00007efcae840000, 0x00007efcb2c80000)
 tenured generation   total 1398528K, used 1398517K [0x00007f01e1b50000, 0x00007f0237110000, 0x00007f0c8c600000)
   the space 1398528K,  99% used [0x00007f01e1b50000, 0x00007f023710d480, 0x00007f023710d600, 0x00007f0237110000)
 Metaspace       used 24264K, capacity 24713K, committed 24832K, reserved 26624K
}

