# JRE version: OpenJDK Runtime Environment (13.0.7+5) (build 13.0.7+5-Ubuntu-0ubuntu120.04)
# Java VM: OpenJDK 64-Bit Server VM (13.0.7+5-Ubuntu-0ubuntu120.04, mixed mode, tiered, serial gc, linux-amd64)
Heap:
 def new generation   total 2912320K, used 31345K [0x00007f26c8400000, 0x00007f278dc10000, 0x00007f2c1d950000)
  eden space 2588736K,   1% used [0x00007f26c8400000, 0x00007f26ca29c730, 0x00007f2766410000)
  from space 323584K,   0% used [0x00007f277a010000, 0x00007f277a010000, 0x00007f278dc10000)
  to   space 323584K,   0% used [0x00007f2766410000, 0x00007f2766410000, 0x00007f277a010000)
 tenured generation   total 6471932K, used 6471931K [0x00007f2c1d950000, 0x00007f2da898f000, 0x00007f36c8400000)
   the space 6471932K,  99% used [0x00007f2c1d950000, 0x00007f2da898efc0, 0x00007f2da898f000, 0x00007f2da898f000)
 Metaspace       used 24363K, capacity 24773K, committed 24832K, reserved 26624K
GC Heap History (20 events):
Event: 7777.656 GC heap after
{Heap after GC invocations=6810 (full 4):
 def new generation   total 2912320K, used 31145K [0x00007f26c8400000, 0x00007f278dc10000, 0x00007f2c1d950000)
  eden space 2588736K,   0% used [0x00007f26c8400000, 0x00007f26c8400000, 0x00007f2766410000)
  from space 323584K,   9% used [0x00007f2766410000, 0x00007f276827a7a8, 0x00007f277a010000)
  to   space 323584K,   0% used [0x00007f277a010000, 0x00007f277a010000, 0x00007f278dc10000)
 tenured generation   total 6471740K, used 6453465K [0x00007f2c1d950000, 0x00007f2da895f000, 0x00007f36c8400000)
   the space 6471740K,  99% used [0x00007f2c1d950000, 0x00007f2da7786588, 0x00007f2da7786600, 0x00007f2da895f000)
 Metaspace       used 24363K, capacity 24773K, committed 24832K, reserved 26624K
}
Event: 7780.148 GC heap before
{Heap before GC invocations=6810 (full 4):
 def new generation   total 2912320K, used 2619881K [0x00007f26c8400000, 0x00007f278dc10000, 0x00007f2c1d950000)
  eden space 2588736K, 100% used [0x00007f26c8400000, 0x00007f2766410000, 0x00007f2766410000)
  from space 323584K,   9% used [0x00007f2766410000, 0x00007f276827a7a8, 0x00007f277a010000)
  to   space 323584K,   0% used [0x00007f277a010000, 0x00007f277a010000, 0x00007f278dc10000)
 tenured generation   total 6471740K, used 6453465K [0x00007f2c1d950000, 0x00007f2da895f000, 0x00007f36c8400000)
   the space 6471740K,  99% used [0x00007f2c1d950000, 0x00007f2da7786588, 0x00007f2da7786600, 0x00007f2da895f000)
 Metaspace       used 24363K, capacity 24773K, committed 24832K, reserved 26624K
}
Event: 7780.212 GC heap after
{Heap after GC invocations=6811 (full 4):
 def new generation   total 2912320K, used 31089K [0x00007f26c8400000, 0x00007f278dc10000, 0x00007f2c1d950000)
  eden space 2588736K,   0% used [0x00007f26c8400000, 0x00007f26c8400000, 0x00007f2766410000)
  from space 323584K,   9% used [0x00007f277a010000, 0x00007f277be6c5b8, 0x00007f278dc10000)
  to   space 323584K,   0% used [0x00007f2766410000, 0x00007f2766410000, 0x00007f277a010000)
 tenured generation   total 6471740K, used 6455486K [0x00007f2c1d950000, 0x00007f2da895f000, 0x00007f36c8400000)
   the space 6471740K,  99% used [0x00007f2c1d950000, 0x00007f2da797f820, 0x00007f2da797fa00, 0x00007f2da895f000)
 Metaspace       used 24363K, capacity 24773K, committed 24832K, reserved 26624K
}
Event: 7782.726 GC heap before
{Heap before GC invocations=6811 (full 4):
 def new generation   total 2912320K, used 2619825K [0x00007f26c8400000, 0x00007f278dc10000, 0x00007f2c1d950000)
  eden space 2588736K, 100% used [0x00007f26c8400000, 0x00007f2766410000, 0x00007f2766410000)
  from space 323584K,   9% used [0x00007f277a010000, 0x00007f277be6c5b8, 0x00007f278dc10000)
  to   space 323584K,   0% used [0x00007f2766410000, 0x00007f2766410000, 0x00007f277a010000)
 tenured generation   total 6471740K, used 6455486K [0x00007f2c1d950000, 0x00007f2da895f000, 0x00007f36c8400000)
   the space 6471740K,  99% used [0x00007f2c1d950000, 0x00007f2da797f820, 0x00007f2da797fa00, 0x00007f2da895f000)
 Metaspace       used 24363K, capacity 24773K, committed 24832K, reserved 26624K
}
Event: 7782.788 GC heap after
{Heap after GC invocations=6812 (full 4):
 def new generation   total 2912320K, used 31146K [0x00007f26c8400000, 0x00007f278dc10000, 0x00007f2c1d950000)
  eden space 2588736K,   0% used [0x00007f26c8400000, 0x00007f26c8400000, 0x00007f2766410000)
  from space 323584K,   9% used [0x00007f2766410000, 0x00007f276827ab88, 0x00007f277a010000)
  to   space 323584K,   0% used [0x00007f277a010000, 0x00007f277a010000, 0x00007f278dc10000)
 tenured generation   total 6471740K, used 6457624K [0x00007f2c1d950000, 0x00007f2da895f000, 0x00007f36c8400000)
   the space 6471740K,  99% used [0x00007f2c1d950000, 0x00007f2da7b96060, 0x00007f2da7b96200, 0x00007f2da895f000)
 Metaspace       used 24363K, capacity 24773K, committed 24832K, reserved 26624K
}
Event: 7785.294 GC heap before
{Heap before GC invocations=6812 (full 4):
 def new generation   total 2912320K, used 2619882K [0x00007f26c8400000, 0x00007f278dc10000, 0x00007f2c1d950000)
  eden space 2588736K, 100% used [0x00007f26c8400000, 0x00007f2766410000, 0x00007f2766410000)
  from space 323584K,   9% used [0x00007f2766410000, 0x00007f276827ab88, 0x00007f277a010000)
  to   space 323584K,   0% used [0x00007f277a010000, 0x00007f277a010000, 0x00007f278dc10000)
 tenured generation   total 6471740K, used 6457624K [0x00007f2c1d950000, 0x00007f2da895f000, 0x00007f36c8400000)
   the space 6471740K,  99% used [0x00007f2c1d950000, 0x00007f2da7b96060, 0x00007f2da7b96200, 0x00007f2da895f000)
 Metaspace       used 24363K, capacity 24773K, committed 24832K, reserved 26624K
}
Event: 7785.362 GC heap after
{Heap after GC invocations=6813 (full 4):
 def new generation   total 2912320K, used 31046K [0x00007f26c8400000, 0x00007f278dc10000, 0x00007f2c1d950000)
  eden space 2588736K,   0% used [0x00007f26c8400000, 0x00007f26c8400000, 0x00007f2766410000)
  from space 323584K,   9% used [0x00007f277a010000, 0x00007f277be61a48, 0x00007f278dc10000)
  to   space 323584K,   0% used [0x00007f2766410000, 0x00007f2766410000, 0x00007f277a010000)
 tenured generation   total 6471740K, used 6459644K [0x00007f2c1d950000, 0x00007f2da895f000, 0x00007f36c8400000)
   the space 6471740K,  99% used [0x00007f2c1d950000, 0x00007f2da7d8f2f8, 0x00007f2da7d8f400, 0x00007f2da895f000)
 Metaspace       used 24363K, capacity 24773K, committed 24832K, reserved 26624K
}
Event: 7787.868 GC heap before
{Heap before GC invocations=6813 (full 4):
 def new generation   total 2912320K, used 2619782K [0x00007f26c8400000, 0x00007f278dc10000, 0x00007f2c1d950000)
  eden space 2588736K, 100% used [0x00007f26c8400000, 0x00007f2766410000, 0x00007f2766410000)
  from space 323584K,   9% used [0x00007f277a010000, 0x00007f277be61a48, 0x00007f278dc10000)
  to   space 323584K,   0% used [0x00007f2766410000, 0x00007f2766410000, 0x00007f277a010000)
 tenured generation   total 6471740K, used 6459644K [0x00007f2c1d950000, 0x00007f2da895f000, 0x00007f36c8400000)
   the space 6471740K,  99% used [0x00007f2c1d950000, 0x00007f2da7d8f2f8, 0x00007f2da7d8f400, 0x00007f2da895f000)
 Metaspace       used 24363K, capacity 24773K, committed 24832K, reserved 26624K
}
Event: 7787.928 GC heap after
{Heap after GC invocations=6814 (full 4):
 def new generation   total 2912320K, used 31146K [0x00007f26c8400000, 0x00007f278dc10000, 0x00007f2c1d950000)
  eden space 2588736K,   0% used [0x00007f26c8400000, 0x00007f26c8400000, 0x00007f2766410000)
  from space 323584K,   9% used [0x00007f2766410000, 0x00007f276827a940, 0x00007f277a010000)
  to   space 323584K,   0% used [0x00007f277a010000, 0x00007f277a010000, 0x00007f278dc10000)
 tenured generation   total 6471740K, used 6461782K [0x00007f2c1d950000, 0x00007f2da895f000, 0x00007f36c8400000)
   the space 6471740K,  99% used [0x00007f2c1d950000, 0x00007f2da7fa5b38, 0x00007f2da7fa5c00, 0x00007f2da895f000)
 Metaspace       used 24363K, capacity 24773K, committed 24832K, reserved 26624K
}
Event: 7790.424 GC heap before
{Heap before GC invocations=6814 (full 4):
 def new generation   total 2912320K, used 2619882K [0x00007f26c8400000, 0x00007f278dc10000, 0x00007f2c1d950000)
  eden space 2588736K, 100% used [0x00007f26c8400000, 0x00007f2766410000, 0x00007f2766410000)
  from space 323584K,   9% used [0x00007f2766410000, 0x00007f276827a940, 0x00007f277a010000)
  to   space 323584K,   0% used [0x00007f277a010000, 0x00007f277a010000, 0x00007f278dc10000)
 tenured generation   total 6471740K, used 6461782K [0x00007f2c1d950000, 0x00007f2da895f000, 0x00007f36c8400000)
   the space 6471740K,  99% used [0x00007f2c1d950000, 0x00007f2da7fa5b38, 0x00007f2da7fa5c00, 0x00007f2da895f000)
 Metaspace       used 24363K, capacity 24773K, committed 24832K, reserved 26624K
}
Event: 7790.488 GC heap after
{Heap after GC invocations=6815 (full 4):
 def new generation   total 2912320K, used 30910K [0x00007f26c8400000, 0x00007f278dc10000, 0x00007f2c1d950000)
  eden space 2588736K,   0% used [0x00007f26c8400000, 0x00007f26c8400000, 0x00007f2766410000)
  from space 323584K,   9% used [0x00007f277a010000, 0x00007f277be3fb30, 0x00007f278dc10000)
  to   space 323584K,   0% used [0x00007f2766410000, 0x00007f2766410000, 0x00007f277a010000)
 tenured generation   total 6471740K, used 6463940K [0x00007f2c1d950000, 0x00007f2da895f000, 0x00007f36c8400000)
   the space 6471740K,  99% used [0x00007f2c1d950000, 0x00007f2da81c1030, 0x00007f2da81c1200, 0x00007f2da895f000)
 Metaspace       used 24363K, capacity 24773K, committed 24832K, reserved 26624K
}
Event: 7792.949 GC heap before
{Heap before GC invocations=6815 (full 4):
 def new generation   total 2912320K, used 2619646K [0x00007f26c8400000, 0x00007f278dc10000, 0x00007f2c1d950000)
  eden space 2588736K, 100% used [0x00007f26c8400000, 0x00007f2766410000, 0x00007f2766410000)
  from space 323584K,   9% used [0x00007f277a010000, 0x00007f277be3fb30, 0x00007f278dc10000)
  to   space 323584K,   0% used [0x00007f2766410000, 0x00007f2766410000, 0x00007f277a010000)
 tenured generation   total 6471740K, used 6463940K [0x00007f2c1d950000, 0x00007f2da895f000, 0x00007f36c8400000)
   the space 6471740K,  99% used [0x00007f2c1d950000, 0x00007f2da81c1030, 0x00007f2da81c1200, 0x00007f2da895f000)
 Metaspace       used 24363K, capacity 24773K, committed 24832K, reserved 26624K
}
Event: 7793.013 GC heap after
{Heap after GC invocations=6816 (full 4):
 def new generation   total 2912320K, used 31440K [0x00007f26c8400000, 0x00007f278dc10000, 0x00007f2c1d950000)
  eden space 2588736K,   0% used [0x00007f26c8400000, 0x00007f26c8400000, 0x00007f2766410000)
  from space 323584K,   9% used [0x00007f2766410000, 0x00007f27682c43e0, 0x00007f277a010000)
  to   space 323584K,   0% used [0x00007f277a010000, 0x00007f277a010000, 0x00007f278dc10000)
 tenured generation   total 6471740K, used 6465724K [0x00007f2c1d950000, 0x00007f2da895f000, 0x00007f36c8400000)
   the space 6471740K,  99% used [0x00007f2c1d950000, 0x00007f2da837f1d8, 0x00007f2da837f200, 0x00007f2da895f000)
 Metaspace       used 24363K, capacity 24773K, committed 24832K, reserved 26624K
}
Event: 7795.466 GC heap before
{Heap before GC invocations=6816 (full 4):
 def new generation   total 2912320K, used 2620176K [0x00007f26c8400000, 0x00007f278dc10000, 0x00007f2c1d950000)
  eden space 2588736K, 100% used [0x00007f26c8400000, 0x00007f2766410000, 0x00007f2766410000)
  from space 323584K,   9% used [0x00007f2766410000, 0x00007f27682c43e0, 0x00007f277a010000)
  to   space 323584K,   0% used [0x00007f277a010000, 0x00007f277a010000, 0x00007f278dc10000)
 tenured generation   total 6471740K, used 6465724K [0x00007f2c1d950000, 0x00007f2da895f000, 0x00007f36c8400000)
   the space 6471740K,  99% used [0x00007f2c1d950000, 0x00007f2da837f1d8, 0x00007f2da837f200, 0x00007f2da895f000)
 Metaspace       used 24363K, capacity 24773K, committed 24832K, reserved 26624K
}
Event: 7795.531 GC heap after
{Heap after GC invocations=6817 (full 4):
 def new generation   total 2912320K, used 31274K [0x00007f26c8400000, 0x00007f278dc10000, 0x00007f2c1d950000)
  eden space 2588736K,   0% used [0x00007f26c8400000, 0x00007f26c8400000, 0x00007f2766410000)
  from space 323584K,   9% used [0x00007f277a010000, 0x00007f277be9ab70, 0x00007f278dc10000)
  to   space 323584K,   0% used [0x00007f2766410000, 0x00007f2766410000, 0x00007f277a010000)
 tenured generation   total 6471740K, used 6467745K [0x00007f2c1d950000, 0x00007f2da895f000, 0x00007f36c8400000)
   the space 6471740K,  99% used [0x00007f2c1d950000, 0x00007f2da8578620, 0x00007f2da8578800, 0x00007f2da895f000)
 Metaspace       used 24363K, capacity 24773K, committed 24832K, reserved 26624K
}
Event: 7797.965 GC heap before
{Heap before GC invocations=6817 (full 4):
 def new generation   total 2912320K, used 2620004K [0x00007f26c8400000, 0x00007f278dc10000, 0x00007f2c1d950000)
  eden space 2588736K,  99% used [0x00007f26c8400000, 0x00007f276640e4e8, 0x00007f2766410000)
  from space 323584K,   9% used [0x00007f277a010000, 0x00007f277be9ab70, 0x00007f278dc10000)
  to   space 323584K,   0% used [0x00007f2766410000, 0x00007f2766410000, 0x00007f277a010000)
 tenured generation   total 6471740K, used 6467745K [0x00007f2c1d950000, 0x00007f2da895f000, 0x00007f36c8400000)
   the space 6471740K,  99% used [0x00007f2c1d950000, 0x00007f2da8578620, 0x00007f2da8578800, 0x00007f2da895f000)
 Metaspace       used 24363K, capacity 24773K, committed 24832K, reserved 26624K
}
Event: 7798.030 GC heap after
{Heap after GC invocations=6818 (full 4):
 def new generation   total 2912320K, used 31327K [0x00007f26c8400000, 0x00007f278dc10000, 0x00007f2c1d950000)
  eden space 2588736K,   0% used [0x00007f26c8400000, 0x00007f26c8400000, 0x00007f2766410000)
  from space 323584K,   9% used [0x00007f2766410000, 0x00007f27682a7c80, 0x00007f277a010000)
  to   space 323584K,   0% used [0x00007f277a010000, 0x00007f277a010000, 0x00007f278dc10000)
 tenured generation   total 6471740K, used 6469883K [0x00007f2c1d950000, 0x00007f2da895f000, 0x00007f36c8400000)
   the space 6471740K,  99% used [0x00007f2c1d950000, 0x00007f2da878ee60, 0x00007f2da878f000, 0x00007f2da895f000)
 Metaspace       used 24363K, capacity 24773K, committed 24832K, reserved 26624K
}
Event: 7800.592 GC heap before
{Heap before GC invocations=6818 (full 4):
 def new generation   total 2912320K, used 2620063K [0x00007f26c8400000, 0x00007f278dc10000, 0x00007f2c1d950000)
  eden space 2588736K, 100% used [0x00007f26c8400000, 0x00007f2766410000, 0x00007f2766410000)
  from space 323584K,   9% used [0x00007f2766410000, 0x00007f27682a7c80, 0x00007f277a010000)
  to   space 323584K,   0% used [0x00007f277a010000, 0x00007f277a010000, 0x00007f278dc10000)
 tenured generation   total 6471740K, used 6469883K [0x00007f2c1d950000, 0x00007f2da895f000, 0x00007f36c8400000)
   the space 6471740K,  99% used [0x00007f2c1d950000, 0x00007f2da878ee60, 0x00007f2da878f000, 0x00007f2da895f000)
 Metaspace       used 24363K, capacity 24773K, committed 24832K, reserved 26624K
}
Event: 7800.656 GC heap after
{Heap after GC invocations=6819 (full 4):
 def new generation   total 2912320K, used 31373K [0x00007f26c8400000, 0x00007f278dc10000, 0x00007f2c1d950000)
  eden space 2588736K,   0% used [0x00007f26c8400000, 0x00007f26c8400000, 0x00007f2766410000)
  from space 323584K,   9% used [0x00007f277a010000, 0x00007f277beb35f8, 0x00007f278dc10000)
  to   space 323584K,   0% used [0x00007f2766410000, 0x00007f2766410000, 0x00007f277a010000)
 tenured generation   total 6471932K, used 6471904K [0x00007f2c1d950000, 0x00007f2da898f000, 0x00007f36c8400000)
   the space 6471932K,  99% used [0x00007f2c1d950000, 0x00007f2da89880f8, 0x00007f2da8988200, 0x00007f2da898f000)
 Metaspace       used 24363K, capacity 24773K, committed 24832K, reserved 26624K
}
Event: 7800.656 GC heap before
{Heap before GC invocations=6819 (full 4):
 def new generation   total 2912320K, used 31373K [0x00007f26c8400000, 0x00007f278dc10000, 0x00007f2c1d950000)
  eden space 2588736K,   0% used [0x00007f26c8400000, 0x00007f26c8400000, 0x00007f2766410000)
  from space 323584K,   9% used [0x00007f277a010000, 0x00007f277beb35f8, 0x00007f278dc10000)
  to   space 323584K,   0% used [0x00007f2766410000, 0x00007f2766410000, 0x00007f277a010000)
 tenured generation   total 6471932K, used 6471904K [0x00007f2c1d950000, 0x00007f2da898f000, 0x00007f36c8400000)
   the space 6471932K,  99% used [0x00007f2c1d950000, 0x00007f2da89880f8, 0x00007f2da8988200, 0x00007f2da898f000)
 Metaspace       used 24363K, capacity 24773K, committed 24832K, reserved 26624K
}

