# JRE version: OpenJDK Runtime Environment (13.0.7+5) (build 13.0.7+5-Ubuntu-0ubuntu120.04)
# Java VM: OpenJDK 64-Bit Server VM (13.0.7+5-Ubuntu-0ubuntu120.04, mixed mode, tiered, serial gc, linux-amd64)
Heap:
 def new generation   total 2531776K, used 0K [0x00007fb36c600000, 0x00007fb418120000, 0x00007fb8c1b50000)
  eden space 2250496K,   0% used [0x00007fb36c600000, 0x00007fb36c600000, 0x00007fb3f5bc0000)
  from space 281280K,   0% used [0x00007fb406e70000, 0x00007fb406e70000, 0x00007fb418120000)
  to   space 281280K,   0% used [0x00007fb3f5bc0000, 0x00007fb3f5bc0000, 0x00007fb406e70000)
 tenured generation   total 14014648K, used 4727871K [0x00007fb8c1b50000, 0x00007fbc1917e000, 0x00007fc36c600000)
   the space 14014648K,  33% used [0x00007fb8c1b50000, 0x00007fb9e245fd50, 0x00007fb9e245fe00, 0x00007fbc1917e000)
 Metaspace       used 23251K, capacity 23617K, committed 23808K, reserved 24576K
GC Heap History (20 events):
Event: 6.878 GC heap after
{Heap after GC invocations=4 (full 2):
 def new generation   total 629248K, used 0K [0x00007fb36c600000, 0x00007fb3970c0000, 0x00007fb8c1b50000)
  eden space 559360K,   0% used [0x00007fb36c600000, 0x00007fb36c600000, 0x00007fb38e840000)
  from space 69888K,   0% used [0x00007fb392c80000, 0x00007fb392c80000, 0x00007fb3970c0000)
  to   space 69888K,   0% used [0x00007fb38e840000, 0x00007fb38e840000, 0x00007fb392c80000)
 tenured generation   total 1398144K, used 538814K [0x00007fb8c1b50000, 0x00007fb9170b0000, 0x00007fc36c600000)
   the space 1398144K,  38% used [0x00007fb8c1b50000, 0x00007fb8e297fbd0, 0x00007fb8e297fc00, 0x00007fb9170b0000)
 Metaspace       used 23186K, capacity 23539K, committed 23808K, reserved 24576K
}
Event: 8.831 GC heap before
{Heap before GC invocations=4 (full 2):
 def new generation   total 629248K, used 10905K [0x00007fb36c600000, 0x00007fb3970c0000, 0x00007fb8c1b50000)
  eden space 559360K,   1% used [0x00007fb36c600000, 0x00007fb36d0a66c8, 0x00007fb38e840000)
  from space 69888K,   0% used [0x00007fb392c80000, 0x00007fb392c80000, 0x00007fb3970c0000)
  to   space 69888K,   0% used [0x00007fb38e840000, 0x00007fb38e840000, 0x00007fb392c80000)
 tenured generation   total 3495300K, used 2635966K [0x00007fb8c1b50000, 0x00007fb9970b1000, 0x00007fc36c600000)
   the space 3495300K,  75% used [0x00007fb8c1b50000, 0x00007fb96297fbe8, 0x00007fb96297fc00, 0x00007fb9970b1000)
 Metaspace       used 23186K, capacity 23539K, committed 23808K, reserved 24576K
}
Event: 8.834 GC heap after
{Heap after GC invocations=5 (full 2):
 def new generation   total 629248K, used 0K [0x00007fb36c600000, 0x00007fb3970c0000, 0x00007fb8c1b50000)
  eden space 559360K,   0% used [0x00007fb36c600000, 0x00007fb36c600000, 0x00007fb38e840000)
  from space 69888K,   0% used [0x00007fb38e840000, 0x00007fb38e840380, 0x00007fb392c80000)
  to   space 69888K,   0% used [0x00007fb392c80000, 0x00007fb392c80000, 0x00007fb3970c0000)
 tenured generation   total 3495300K, used 2635966K [0x00007fb8c1b50000, 0x00007fb9970b1000, 0x00007fc36c600000)
   the space 3495300K,  75% used [0x00007fb8c1b50000, 0x00007fb96297fbe8, 0x00007fb96297fc00, 0x00007fb9970b1000)
 Metaspace       used 23186K, capacity 23539K, committed 23808K, reserved 24576K
}
Event: 8.834 GC heap before
{Heap before GC invocations=5 (full 2):
 def new generation   total 629248K, used 0K [0x00007fb36c600000, 0x00007fb3970c0000, 0x00007fb8c1b50000)
  eden space 559360K,   0% used [0x00007fb36c600000, 0x00007fb36c600000, 0x00007fb38e840000)
  from space 69888K,   0% used [0x00007fb38e840000, 0x00007fb38e840380, 0x00007fb392c80000)
  to   space 69888K,   0% used [0x00007fb392c80000, 0x00007fb392c80000, 0x00007fb3970c0000)
 tenured generation   total 3495300K, used 2635966K [0x00007fb8c1b50000, 0x00007fb9970b1000, 0x00007fc36c600000)
   the space 3495300K,  75% used [0x00007fb8c1b50000, 0x00007fb96297fbe8, 0x00007fb96297fc00, 0x00007fb9970b1000)
 Metaspace       used 23186K, capacity 23539K, committed 23808K, reserved 24576K
}
Event: 9.593 GC heap after
{Heap after GC invocations=5 (full 3):
 def new generation   total 1780416K, used 0K [0x00007fb36c600000, 0x00007fb3e51e0000, 0x00007fb8c1b50000)
  eden space 1582592K,   0% used [0x00007fb36c600000, 0x00007fb36c600000, 0x00007fb3ccf80000)
  from space 197824K,   0% used [0x00007fb3ccf80000, 0x00007fb3ccf80000, 0x00007fb3d90b0000)
  to   space 197824K,   0% used [0x00007fb3d90b0000, 0x00007fb3d90b0000, 0x00007fb3e51e0000)
 tenured generation   total 3956376K, used 2373823K [0x00007fb8c1b50000, 0x00007fb9b32f6000, 0x00007fc36c600000)
   the space 3956376K,  59% used [0x00007fb8c1b50000, 0x00007fb95297fd78, 0x00007fb95297fe00, 0x00007fb9b32f6000)
 Metaspace       used 23186K, capacity 23539K, committed 23808K, reserved 24576K
}
Event: 13.062 GC heap before
{Heap before GC invocations=5 (full 3):
 def new generation   total 1780416K, used 1079431K [0x00007fb36c600000, 0x00007fb3e51e0000, 0x00007fb8c1b50000)
  eden space 1582592K,  68% used [0x00007fb36c600000, 0x00007fb3ae421d50, 0x00007fb3ccf80000)
  from space 197824K,   0% used [0x00007fb3ccf80000, 0x00007fb3ccf80000, 0x00007fb3d90b0000)
  to   space 197824K,   0% used [0x00007fb3d90b0000, 0x00007fb3d90b0000, 0x00007fb3e51e0000)
 tenured generation   total 6053532K, used 4470975K [0x00007fb8c1b50000, 0x00007fba332f7000, 0x00007fc36c600000)
   the space 6053532K,  73% used [0x00007fb8c1b50000, 0x00007fb9d297fd90, 0x00007fb9d297fe00, 0x00007fba332f7000)
 Metaspace       used 23186K, capacity 23539K, committed 23808K, reserved 24576K
}
Event: 13.996 GC heap after
{Heap after GC invocations=6 (full 3):
 def new generation   total 1780416K, used 0K [0x00007fb36c600000, 0x00007fb3e51e0000, 0x00007fb8c1b50000)
  eden space 1582592K,   0% used [0x00007fb36c600000, 0x00007fb36c600000, 0x00007fb3ccf80000)
  from space 197824K,   0% used [0x00007fb3d90b0000, 0x00007fb3d90b0350, 0x00007fb3e51e0000)
  to   space 197824K,   0% used [0x00007fb3ccf80000, 0x00007fb3ccf80000, 0x00007fb3d90b0000)
 tenured generation   total 6053532K, used 5519551K [0x00007fb8c1b50000, 0x00007fba332f7000, 0x00007fc36c600000)
   the space 6053532K,  91% used [0x00007fb8c1b50000, 0x00007fba1297fda8, 0x00007fba1297fe00, 0x00007fba332f7000)
 Metaspace       used 23186K, capacity 23539K, committed 23808K, reserved 24576K
}
Event: 16.114 GC heap before
{Heap before GC invocations=6 (full 3):
 def new generation   total 1780416K, used 1582592K [0x00007fb36c600000, 0x00007fb3e51e0000, 0x00007fb8c1b50000)
  eden space 1582592K, 100% used [0x00007fb36c600000, 0x00007fb3ccf80000, 0x00007fb3ccf80000)
  from space 197824K,   0% used [0x00007fb3d90b0000, 0x00007fb3d90b0350, 0x00007fb3e51e0000)
  to   space 197824K,   0% used [0x00007fb3ccf80000, 0x00007fb3ccf80000, 0x00007fb3d90b0000)
 tenured generation   total 6053532K, used 5519551K [0x00007fb8c1b50000, 0x00007fba332f7000, 0x00007fc36c600000)
   the space 6053532K,  91% used [0x00007fb8c1b50000, 0x00007fba1297fda8, 0x00007fba1297fe00, 0x00007fba332f7000)
 Metaspace       used 23234K, capacity 23614K, committed 23808K, reserved 24576K
}
Event: 16.550 GC heap after
{Heap after GC invocations=7 (full 3):
 def new generation   total 1780416K, used 492K [0x00007fb36c600000, 0x00007fb3e51e0000, 0x00007fb8c1b50000)
  eden space 1582592K,   0% used [0x00007fb36c600000, 0x00007fb36c600000, 0x00007fb3ccf80000)
  from space 197824K,   0% used [0x00007fb3ccf80000, 0x00007fb3ccffb1d8, 0x00007fb3d90b0000)
  to   space 197824K,   0% used [0x00007fb3d90b0000, 0x00007fb3d90b0000, 0x00007fb3e51e0000)
 tenured generation   total 6053532K, used 6043839K [0x00007fb8c1b50000, 0x00007fba332f7000, 0x00007fc36c600000)
   the space 6053532K,  99% used [0x00007fb8c1b50000, 0x00007fba3297fdc0, 0x00007fba3297fe00, 0x00007fba332f7000)
 Metaspace       used 23234K, capacity 23614K, committed 23808K, reserved 24576K
}
Event: 17.700 GC heap before
{Heap before GC invocations=7 (full 3):
 def new generation   total 1780416K, used 1255821K [0x00007fb36c600000, 0x00007fb3e51e0000, 0x00007fb8c1b50000)
  eden space 1582592K,  79% used [0x00007fb36c600000, 0x00007fb3b8fe8248, 0x00007fb3ccf80000)
  from space 197824K,   0% used [0x00007fb3ccf80000, 0x00007fb3ccffb1d8, 0x00007fb3d90b0000)
  to   space 197824K,   0% used [0x00007fb3d90b0000, 0x00007fb3d90b0000, 0x00007fb3e51e0000)
 tenured generation   total 6053532K, used 6043839K [0x00007fb8c1b50000, 0x00007fba332f7000, 0x00007fc36c600000)
   the space 6053532K,  99% used [0x00007fb8c1b50000, 0x00007fba3297fdc0, 0x00007fba3297fe00, 0x00007fba332f7000)
 Metaspace       used 23251K, capacity 23617K, committed 23808K, reserved 24576K
}
Event: 18.583 GC heap after
{Heap after GC invocations=8 (full 3):
 def new generation   total 1780416K, used 17045K [0x00007fb36c600000, 0x00007fb3e51e0000, 0x00007fb8c1b50000)
  eden space 1582592K,   0% used [0x00007fb36c600000, 0x00007fb36c600000, 0x00007fb3ccf80000)
  from space 197824K,   8% used [0x00007fb3d90b0000, 0x00007fb3da155638, 0x00007fb3e51e0000)
  to   space 197824K,   0% used [0x00007fb3ccf80000, 0x00007fb3ccf80000, 0x00007fb3d90b0000)
 tenured generation   total 7102112K, used 7092415K [0x00007fb8c1b50000, 0x00007fba732f8000, 0x00007fc36c600000)
   the space 7102112K,  99% used [0x00007fb8c1b50000, 0x00007fba7297fdd8, 0x00007fba7297fe00, 0x00007fba732f8000)
 Metaspace       used 23251K, capacity 23617K, committed 23808K, reserved 24576K
}
Event: 18.583 GC heap before
{Heap before GC invocations=8 (full 3):
 def new generation   total 1780416K, used 17045K [0x00007fb36c600000, 0x00007fb3e51e0000, 0x00007fb8c1b50000)
  eden space 1582592K,   0% used [0x00007fb36c600000, 0x00007fb36c600000, 0x00007fb3ccf80000)
  from space 197824K,   8% used [0x00007fb3d90b0000, 0x00007fb3da155638, 0x00007fb3e51e0000)
  to   space 197824K,   0% used [0x00007fb3ccf80000, 0x00007fb3ccf80000, 0x00007fb3d90b0000)
 tenured generation   total 7102112K, used 7092415K [0x00007fb8c1b50000, 0x00007fba732f8000, 0x00007fc36c600000)
   the space 7102112K,  99% used [0x00007fb8c1b50000, 0x00007fba7297fdd8, 0x00007fba7297fe00, 0x00007fba732f8000)
 Metaspace       used 23251K, capacity 23617K, committed 23808K, reserved 24576K
}
Event: 19.771 GC heap after
{Heap after GC invocations=8 (full 4):
 def new generation   total 2724160K, used 0K [0x00007fb36c600000, 0x00007fb4251e0000, 0x00007fb8c1b50000)
  eden space 2421504K,   0% used [0x00007fb36c600000, 0x00007fb36c600000, 0x00007fb4002c0000)
  from space 302656K,   0% used [0x00007fb4002c0000, 0x00007fb4002c0000, 0x00007fb412a50000)
  to   space 302656K,   0% used [0x00007fb412a50000, 0x00007fb412a50000, 0x00007fb4251e0000)
 tenured generation   total 6053532K, used 1074237K [0x00007fb8c1b50000, 0x00007fba332f7000, 0x00007fc36c600000)
   the space 6053532K,  17% used [0x00007fb8c1b50000, 0x00007fb90345f780, 0x00007fb90345f800, 0x00007fba332f7000)
 Metaspace       used 23251K, capacity 23617K, committed 23808K, reserved 24576K
}
Event: 20.188 GC heap before
{Heap before GC invocations=8 (full 4):
 def new generation   total 2724160K, used 571940K [0x00007fb36c600000, 0x00007fb4251e0000, 0x00007fb8c1b50000)
  eden space 2421504K,  23% used [0x00007fb36c600000, 0x00007fb38f489010, 0x00007fb4002c0000)
  from space 302656K,   0% used [0x00007fb4002c0000, 0x00007fb4002c0000, 0x00007fb412a50000)
  to   space 302656K,   0% used [0x00007fb412a50000, 0x00007fb412a50000, 0x00007fb4251e0000)
 tenured generation   total 6053532K, used 1074237K [0x00007fb8c1b50000, 0x00007fba332f7000, 0x00007fc36c600000)
   the space 6053532K,  17% used [0x00007fb8c1b50000, 0x00007fb90345f780, 0x00007fb90345f800, 0x00007fba332f7000)
 Metaspace       used 23251K, capacity 23617K, committed 23808K, reserved 24576K
}
Event: 20.403 GC heap after
{Heap after GC invocations=9 (full 4):
 def new generation   total 2724160K, used 2K [0x00007fb36c600000, 0x00007fb4251e0000, 0x00007fb8c1b50000)
  eden space 2421504K,   0% used [0x00007fb36c600000, 0x00007fb36c600000, 0x00007fb4002c0000)
  from space 302656K,   0% used [0x00007fb412a50000, 0x00007fb412a50838, 0x00007fb4251e0000)
  to   space 302656K,   0% used [0x00007fb4002c0000, 0x00007fb4002c0000, 0x00007fb412a50000)
 tenured generation   total 6053532K, used 1598525K [0x00007fb8c1b50000, 0x00007fba332f7000, 0x00007fc36c600000)
   the space 6053532K,  26% used [0x00007fb8c1b50000, 0x00007fb92345f798, 0x00007fb92345f800, 0x00007fba332f7000)
 Metaspace       used 23251K, capacity 23617K, committed 23808K, reserved 24576K
}
Event: 20.403 GC heap before
{Heap before GC invocations=9 (full 4):
 def new generation   total 2724160K, used 2K [0x00007fb36c600000, 0x00007fb4251e0000, 0x00007fb8c1b50000)
  eden space 2421504K,   0% used [0x00007fb36c600000, 0x00007fb36c600000, 0x00007fb4002c0000)
  from space 302656K,   0% used [0x00007fb412a50000, 0x00007fb412a50838, 0x00007fb4251e0000)
  to   space 302656K,   0% used [0x00007fb4002c0000, 0x00007fb4002c0000, 0x00007fb412a50000)
 tenured generation   total 6053532K, used 1598525K [0x00007fb8c1b50000, 0x00007fba332f7000, 0x00007fc36c600000)
   the space 6053532K,  26% used [0x00007fb8c1b50000, 0x00007fb92345f798, 0x00007fb92345f800, 0x00007fba332f7000)
 Metaspace       used 23251K, capacity 23617K, committed 23808K, reserved 24576K
}
Event: 20.593 GC heap after
{Heap after GC invocations=9 (full 5):
 def new generation   total 2531776K, used 0K [0x00007fb36c600000, 0x00007fb418120000, 0x00007fb8c1b50000)
  eden space 2250496K,   0% used [0x00007fb36c600000, 0x00007fb36c600000, 0x00007fb3f5bc0000)
  from space 281280K,   0% used [0x00007fb3f5bc0000, 0x00007fb3f5bc0000, 0x00007fb406e70000)
  to   space 281280K,   0% used [0x00007fb406e70000, 0x00007fb406e70000, 0x00007fb418120000)
 tenured generation   total 5626036K, used 533566K [0x00007fb8c1b50000, 0x00007fba1917d000, 0x00007fc36c600000)
   the space 5626036K,   9% used [0x00007fb8c1b50000, 0x00007fb8e245fae8, 0x00007fb8e245fc00, 0x00007fba1917d000)
 Metaspace       used 23251K, capacity 23617K, committed 23808K, reserved 24576K
}
Event: 32.611 GC heap before
{Heap before GC invocations=9 (full 5):
 def new generation   total 2531776K, used 44286K [0x00007fb36c600000, 0x00007fb418120000, 0x00007fb8c1b50000)
  eden space 2250496K,   1% used [0x00007fb36c600000, 0x00007fb36f13fb28, 0x00007fb3f5bc0000)
  from space 281280K,   0% used [0x00007fb3f5bc0000, 0x00007fb3f5bc0000, 0x00007fb406e70000)
  to   space 281280K,   0% used [0x00007fb406e70000, 0x00007fb406e70000, 0x00007fb418120000)
 tenured generation   total 14014648K, used 13116478K [0x00007fb8c1b50000, 0x00007fbc1917e000, 0x00007fc36c600000)
   the space 14014648K,  93% used [0x00007fb8c1b50000, 0x00007fbbe245fb18, 0x00007fbbe245fc00, 0x00007fbc1917e000)
 Metaspace       used 23251K, capacity 23617K, committed 23808K, reserved 24576K
}
Event: 32.616 GC heap after
{Heap after GC invocations=10 (full 5):
 def new generation   total 2531776K, used 0K [0x00007fb36c600000, 0x00007fb418120000, 0x00007fb8c1b50000)
  eden space 2250496K,   0% used [0x00007fb36c600000, 0x00007fb36c600000, 0x00007fb3f5bc0000)
  from space 281280K,   0% used [0x00007fb406e70000, 0x00007fb406e702c8, 0x00007fb418120000)
  to   space 281280K,   0% used [0x00007fb3f5bc0000, 0x00007fb3f5bc0000, 0x00007fb406e70000)
 tenured generation   total 14014648K, used 13116478K [0x00007fb8c1b50000, 0x00007fbc1917e000, 0x00007fc36c600000)
   the space 14014648K,  93% used [0x00007fb8c1b50000, 0x00007fbbe245fb18, 0x00007fbbe245fc00, 0x00007fbc1917e000)
 Metaspace       used 23251K, capacity 23617K, committed 23808K, reserved 24576K
}
Event: 32.616 GC heap before
{Heap before GC invocations=10 (full 5):
 def new generation   total 2531776K, used 0K [0x00007fb36c600000, 0x00007fb418120000, 0x00007fb8c1b50000)
  eden space 2250496K,   0% used [0x00007fb36c600000, 0x00007fb36c600000, 0x00007fb3f5bc0000)
  from space 281280K,   0% used [0x00007fb406e70000, 0x00007fb406e702c8, 0x00007fb418120000)
  to   space 281280K,   0% used [0x00007fb3f5bc0000, 0x00007fb3f5bc0000, 0x00007fb406e70000)
 tenured generation   total 14014648K, used 13116478K [0x00007fb8c1b50000, 0x00007fbc1917e000, 0x00007fc36c600000)
   the space 14014648K,  93% used [0x00007fb8c1b50000, 0x00007fbbe245fb18, 0x00007fbbe245fc00, 0x00007fbc1917e000)
 Metaspace       used 23251K, capacity 23617K, committed 23808K, reserved 24576K
}

