# JRE version: OpenJDK Runtime Environment (13.0.7+5) (build 13.0.7+5-Ubuntu-0ubuntu120.04)
# Java VM: OpenJDK 64-Bit Server VM (13.0.7+5-Ubuntu-0ubuntu120.04, mixed mode, tiered, serial gc, linux-amd64)
Heap:
 def new generation   total 1048832K, used 6151K [0x00007fd5a8600000, 0x00007fd5ef800000, 0x00007fdafdb50000)
  eden space 932352K,   0% used [0x00007fd5a8600000, 0x00007fd5a8c01e58, 0x00007fd5e1480000)
  from space 116480K,   0% used [0x00007fd5e8640000, 0x00007fd5e8640000, 0x00007fd5ef800000)
  to   space 116480K,   0% used [0x00007fd5e1480000, 0x00007fd5e1480000, 0x00007fd5e8640000)
 tenured generation   total 2330752K, used 2330751K [0x00007fdafdb50000, 0x00007fdb8bf70000, 0x00007fe5a8600000)
   the space 2330752K,  99% used [0x00007fdafdb50000, 0x00007fdb8bf6ffa0, 0x00007fdb8bf70000, 0x00007fdb8bf70000)
 Metaspace       used 24229K, capacity 24581K, committed 24832K, reserved 26624K
GC Heap History (20 events):
Event: 3179.314 GC heap after
{Heap after GC invocations=7802 (full 2):
 def new generation   total 1048832K, used 6261K [0x00007fd5a8600000, 0x00007fd5ef800000, 0x00007fdafdb50000)
  eden space 932352K,   0% used [0x00007fd5a8600000, 0x00007fd5a8600000, 0x00007fd5e1480000)
  from space 116480K,   5% used [0x00007fd5e1480000, 0x00007fd5e1a9d6e0, 0x00007fd5e8640000)
  to   space 116480K,   0% used [0x00007fd5e8640000, 0x00007fd5e8640000, 0x00007fd5ef800000)
 tenured generation   total 2330560K, used 2326894K [0x00007fdafdb50000, 0x00007fdb8bf40000, 0x00007fe5a8600000)
   the space 2330560K,  99% used [0x00007fdafdb50000, 0x00007fdb8bbab840, 0x00007fdb8bbaba00, 0x00007fdb8bf40000)
 Metaspace       used 24229K, capacity 24581K, committed 24832K, reserved 26624K
}
Event: 3179.893 GC heap before
{Heap before GC invocations=7802 (full 2):
 def new generation   total 1048832K, used 938613K [0x00007fd5a8600000, 0x00007fd5ef800000, 0x00007fdafdb50000)
  eden space 932352K, 100% used [0x00007fd5a8600000, 0x00007fd5e1480000, 0x00007fd5e1480000)
  from space 116480K,   5% used [0x00007fd5e1480000, 0x00007fd5e1a9d6e0, 0x00007fd5e8640000)
  to   space 116480K,   0% used [0x00007fd5e8640000, 0x00007fd5e8640000, 0x00007fd5ef800000)
 tenured generation   total 2330560K, used 2326894K [0x00007fdafdb50000, 0x00007fdb8bf40000, 0x00007fe5a8600000)
   the space 2330560K,  99% used [0x00007fdafdb50000, 0x00007fdb8bbab840, 0x00007fdb8bbaba00, 0x00007fdb8bf40000)
 Metaspace       used 24229K, capacity 24581K, committed 24832K, reserved 26624K
}
Event: 3179.903 GC heap after
{Heap after GC invocations=7803 (full 2):
 def new generation   total 1048832K, used 6256K [0x00007fd5a8600000, 0x00007fd5ef800000, 0x00007fdafdb50000)
  eden space 932352K,   0% used [0x00007fd5a8600000, 0x00007fd5a8600000, 0x00007fd5e1480000)
  from space 116480K,   5% used [0x00007fd5e8640000, 0x00007fd5e8c5c320, 0x00007fd5ef800000)
  to   space 116480K,   0% used [0x00007fd5e1480000, 0x00007fd5e1480000, 0x00007fd5e8640000)
 tenured generation   total 2330560K, used 2327312K [0x00007fdafdb50000, 0x00007fdb8bf40000, 0x00007fe5a8600000)
   the space 2330560K,  99% used [0x00007fdafdb50000, 0x00007fdb8bc14020, 0x00007fdb8bc14200, 0x00007fdb8bf40000)
 Metaspace       used 24229K, capacity 24581K, committed 24832K, reserved 26624K
}
Event: 3180.466 GC heap before
{Heap before GC invocations=7803 (full 2):
 def new generation   total 1048832K, used 938608K [0x00007fd5a8600000, 0x00007fd5ef800000, 0x00007fdafdb50000)
  eden space 932352K, 100% used [0x00007fd5a8600000, 0x00007fd5e1480000, 0x00007fd5e1480000)
  from space 116480K,   5% used [0x00007fd5e8640000, 0x00007fd5e8c5c320, 0x00007fd5ef800000)
  to   space 116480K,   0% used [0x00007fd5e1480000, 0x00007fd5e1480000, 0x00007fd5e8640000)
 tenured generation   total 2330560K, used 2327312K [0x00007fdafdb50000, 0x00007fdb8bf40000, 0x00007fe5a8600000)
   the space 2330560K,  99% used [0x00007fdafdb50000, 0x00007fdb8bc14020, 0x00007fdb8bc14200, 0x00007fdb8bf40000)
 Metaspace       used 24229K, capacity 24581K, committed 24832K, reserved 26624K
}
Event: 3180.477 GC heap after
{Heap after GC invocations=7804 (full 2):
 def new generation   total 1048832K, used 6254K [0x00007fd5a8600000, 0x00007fd5ef800000, 0x00007fdafdb50000)
  eden space 932352K,   0% used [0x00007fd5a8600000, 0x00007fd5a8600000, 0x00007fd5e1480000)
  from space 116480K,   5% used [0x00007fd5e1480000, 0x00007fd5e1a9ba18, 0x00007fd5e8640000)
  to   space 116480K,   0% used [0x00007fd5e8640000, 0x00007fd5e8640000, 0x00007fd5ef800000)
 tenured generation   total 2330560K, used 2327734K [0x00007fdafdb50000, 0x00007fdb8bf40000, 0x00007fe5a8600000)
   the space 2330560K,  99% used [0x00007fdafdb50000, 0x00007fdb8bc7d940, 0x00007fdb8bc7da00, 0x00007fdb8bf40000)
 Metaspace       used 24229K, capacity 24581K, committed 24832K, reserved 26624K
}
Event: 3181.059 GC heap before
{Heap before GC invocations=7804 (full 2):
 def new generation   total 1048832K, used 938606K [0x00007fd5a8600000, 0x00007fd5ef800000, 0x00007fdafdb50000)
  eden space 932352K, 100% used [0x00007fd5a8600000, 0x00007fd5e1480000, 0x00007fd5e1480000)
  from space 116480K,   5% used [0x00007fd5e1480000, 0x00007fd5e1a9ba18, 0x00007fd5e8640000)
  to   space 116480K,   0% used [0x00007fd5e8640000, 0x00007fd5e8640000, 0x00007fd5ef800000)
 tenured generation   total 2330560K, used 2327734K [0x00007fdafdb50000, 0x00007fdb8bf40000, 0x00007fe5a8600000)
   the space 2330560K,  99% used [0x00007fdafdb50000, 0x00007fdb8bc7d940, 0x00007fdb8bc7da00, 0x00007fdb8bf40000)
 Metaspace       used 24229K, capacity 24581K, committed 24832K, reserved 26624K
}
Event: 3181.072 GC heap after
{Heap after GC invocations=7805 (full 2):
 def new generation   total 1048832K, used 6272K [0x00007fd5a8600000, 0x00007fd5ef800000, 0x00007fdafdb50000)
  eden space 932352K,   0% used [0x00007fd5a8600000, 0x00007fd5a8600000, 0x00007fd5e1480000)
  from space 116480K,   5% used [0x00007fd5e8640000, 0x00007fd5e8c60340, 0x00007fd5ef800000)
  to   space 116480K,   0% used [0x00007fd5e1480000, 0x00007fd5e1480000, 0x00007fd5e8640000)
 tenured generation   total 2330560K, used 2328135K [0x00007fdafdb50000, 0x00007fdb8bf40000, 0x00007fe5a8600000)
   the space 2330560K,  99% used [0x00007fdafdb50000, 0x00007fdb8bce1e40, 0x00007fdb8bce2000, 0x00007fdb8bf40000)
 Metaspace       used 24229K, capacity 24581K, committed 24832K, reserved 26624K
}
Event: 3181.658 GC heap before
{Heap before GC invocations=7805 (full 2):
 def new generation   total 1048832K, used 938624K [0x00007fd5a8600000, 0x00007fd5ef800000, 0x00007fdafdb50000)
  eden space 932352K, 100% used [0x00007fd5a8600000, 0x00007fd5e1480000, 0x00007fd5e1480000)
  from space 116480K,   5% used [0x00007fd5e8640000, 0x00007fd5e8c60340, 0x00007fd5ef800000)
  to   space 116480K,   0% used [0x00007fd5e1480000, 0x00007fd5e1480000, 0x00007fd5e8640000)
 tenured generation   total 2330560K, used 2328135K [0x00007fdafdb50000, 0x00007fdb8bf40000, 0x00007fe5a8600000)
   the space 2330560K,  99% used [0x00007fdafdb50000, 0x00007fdb8bce1e40, 0x00007fdb8bce2000, 0x00007fdb8bf40000)
 Metaspace       used 24229K, capacity 24581K, committed 24832K, reserved 26624K
}
Event: 3181.670 GC heap after
{Heap after GC invocations=7806 (full 2):
 def new generation   total 1048832K, used 6267K [0x00007fd5a8600000, 0x00007fd5ef800000, 0x00007fdafdb50000)
  eden space 932352K,   0% used [0x00007fd5a8600000, 0x00007fd5a8600000, 0x00007fd5e1480000)
  from space 116480K,   5% used [0x00007fd5e1480000, 0x00007fd5e1a9ed10, 0x00007fd5e8640000)
  to   space 116480K,   0% used [0x00007fd5e8640000, 0x00007fd5e8640000, 0x00007fd5ef800000)
 tenured generation   total 2330560K, used 2328553K [0x00007fdafdb50000, 0x00007fdb8bf40000, 0x00007fe5a8600000)
   the space 2330560K,  99% used [0x00007fdafdb50000, 0x00007fdb8bd4a620, 0x00007fdb8bd4a800, 0x00007fdb8bf40000)
 Metaspace       used 24229K, capacity 24581K, committed 24832K, reserved 26624K
}
Event: 3182.247 GC heap before
{Heap before GC invocations=7806 (full 2):
 def new generation   total 1048832K, used 938619K [0x00007fd5a8600000, 0x00007fd5ef800000, 0x00007fdafdb50000)
  eden space 932352K, 100% used [0x00007fd5a8600000, 0x00007fd5e1480000, 0x00007fd5e1480000)
  from space 116480K,   5% used [0x00007fd5e1480000, 0x00007fd5e1a9ed10, 0x00007fd5e8640000)
  to   space 116480K,   0% used [0x00007fd5e8640000, 0x00007fd5e8640000, 0x00007fd5ef800000)
 tenured generation   total 2330560K, used 2328553K [0x00007fdafdb50000, 0x00007fdb8bf40000, 0x00007fe5a8600000)
   the space 2330560K,  99% used [0x00007fdafdb50000, 0x00007fdb8bd4a620, 0x00007fdb8bd4a800, 0x00007fdb8bf40000)
 Metaspace       used 24229K, capacity 24581K, committed 24832K, reserved 26624K
}
Event: 3182.258 GC heap after
{Heap after GC invocations=7807 (full 2):
 def new generation   total 1048832K, used 6271K [0x00007fd5a8600000, 0x00007fd5ef800000, 0x00007fdafdb50000)
  eden space 932352K,   0% used [0x00007fd5a8600000, 0x00007fd5a8600000, 0x00007fd5e1480000)
  from space 116480K,   5% used [0x00007fd5e8640000, 0x00007fd5e8c5fcb0, 0x00007fd5ef800000)
  to   space 116480K,   0% used [0x00007fd5e1480000, 0x00007fd5e1480000, 0x00007fd5e8640000)
 tenured generation   total 2330560K, used 2328971K [0x00007fdafdb50000, 0x00007fdb8bf40000, 0x00007fe5a8600000)
   the space 2330560K,  99% used [0x00007fdafdb50000, 0x00007fdb8bdb2e00, 0x00007fdb8bdb2e00, 0x00007fdb8bf40000)
 Metaspace       used 24229K, capacity 24581K, committed 24832K, reserved 26624K
}
Event: 3182.860 GC heap before
{Heap before GC invocations=7807 (full 2):
 def new generation   total 1048832K, used 938623K [0x00007fd5a8600000, 0x00007fd5ef800000, 0x00007fdafdb50000)
  eden space 932352K, 100% used [0x00007fd5a8600000, 0x00007fd5e1480000, 0x00007fd5e1480000)
  from space 116480K,   5% used [0x00007fd5e8640000, 0x00007fd5e8c5fcb0, 0x00007fd5ef800000)
  to   space 116480K,   0% used [0x00007fd5e1480000, 0x00007fd5e1480000, 0x00007fd5e8640000)
 tenured generation   total 2330560K, used 2328971K [0x00007fdafdb50000, 0x00007fdb8bf40000, 0x00007fe5a8600000)
   the space 2330560K,  99% used [0x00007fdafdb50000, 0x00007fdb8bdb2e00, 0x00007fdb8bdb2e00, 0x00007fdb8bf40000)
 Metaspace       used 24229K, capacity 24581K, committed 24832K, reserved 26624K
}
Event: 3182.876 GC heap after
{Heap after GC invocations=7808 (full 2):
 def new generation   total 1048832K, used 6264K [0x00007fd5a8600000, 0x00007fd5ef800000, 0x00007fdafdb50000)
  eden space 932352K,   0% used [0x00007fd5a8600000, 0x00007fd5a8600000, 0x00007fd5e1480000)
  from space 116480K,   5% used [0x00007fd5e1480000, 0x00007fd5e1a9e220, 0x00007fd5e8640000)
  to   space 116480K,   0% used [0x00007fd5e8640000, 0x00007fd5e8640000, 0x00007fd5ef800000)
 tenured generation   total 2330560K, used 2329389K [0x00007fdafdb50000, 0x00007fdb8bf40000, 0x00007fe5a8600000)
   the space 2330560K,  99% used [0x00007fdafdb50000, 0x00007fdb8be1b5e0, 0x00007fdb8be1b600, 0x00007fdb8bf40000)
 Metaspace       used 24229K, capacity 24581K, committed 24832K, reserved 26624K
}
Event: 3183.434 GC heap before
{Heap before GC invocations=7808 (full 2):
 def new generation   total 1048832K, used 938616K [0x00007fd5a8600000, 0x00007fd5ef800000, 0x00007fdafdb50000)
  eden space 932352K, 100% used [0x00007fd5a8600000, 0x00007fd5e1480000, 0x00007fd5e1480000)
  from space 116480K,   5% used [0x00007fd5e1480000, 0x00007fd5e1a9e220, 0x00007fd5e8640000)
  to   space 116480K,   0% used [0x00007fd5e8640000, 0x00007fd5e8640000, 0x00007fd5ef800000)
 tenured generation   total 2330560K, used 2329389K [0x00007fdafdb50000, 0x00007fdb8bf40000, 0x00007fe5a8600000)
   the space 2330560K,  99% used [0x00007fdafdb50000, 0x00007fdb8be1b5e0, 0x00007fdb8be1b600, 0x00007fdb8bf40000)
 Metaspace       used 24229K, capacity 24581K, committed 24832K, reserved 26624K
}
Event: 3183.446 GC heap after
{Heap after GC invocations=7809 (full 2):
 def new generation   total 1048832K, used 6275K [0x00007fd5a8600000, 0x00007fd5ef800000, 0x00007fdafdb50000)
  eden space 932352K,   0% used [0x00007fd5a8600000, 0x00007fd5a8600000, 0x00007fd5e1480000)
  from space 116480K,   5% used [0x00007fd5e8640000, 0x00007fd5e8c60e60, 0x00007fd5ef800000)
  to   space 116480K,   0% used [0x00007fd5e1480000, 0x00007fd5e1480000, 0x00007fd5e8640000)
 tenured generation   total 2330560K, used 2329790K [0x00007fdafdb50000, 0x00007fdb8bf40000, 0x00007fe5a8600000)
   the space 2330560K,  99% used [0x00007fdafdb50000, 0x00007fdb8be7fa00, 0x00007fdb8be7fa00, 0x00007fdb8bf40000)
 Metaspace       used 24229K, capacity 24581K, committed 24832K, reserved 26624K
}
Event: 3184.036 GC heap before
{Heap before GC invocations=7809 (full 2):
 def new generation   total 1048832K, used 938627K [0x00007fd5a8600000, 0x00007fd5ef800000, 0x00007fdafdb50000)
  eden space 932352K, 100% used [0x00007fd5a8600000, 0x00007fd5e1480000, 0x00007fd5e1480000)
  from space 116480K,   5% used [0x00007fd5e8640000, 0x00007fd5e8c60e60, 0x00007fd5ef800000)
  to   space 116480K,   0% used [0x00007fd5e1480000, 0x00007fd5e1480000, 0x00007fd5e8640000)
 tenured generation   total 2330560K, used 2329790K [0x00007fdafdb50000, 0x00007fdb8bf40000, 0x00007fe5a8600000)
   the space 2330560K,  99% used [0x00007fdafdb50000, 0x00007fdb8be7fa00, 0x00007fdb8be7fa00, 0x00007fdb8bf40000)
 Metaspace       used 24229K, capacity 24581K, committed 24832K, reserved 26624K
}
Event: 3184.047 GC heap after
{Heap after GC invocations=7810 (full 2):
 def new generation   total 1048832K, used 6267K [0x00007fd5a8600000, 0x00007fd5ef800000, 0x00007fdafdb50000)
  eden space 932352K,   0% used [0x00007fd5a8600000, 0x00007fd5a8600000, 0x00007fd5e1480000)
  from space 116480K,   5% used [0x00007fd5e1480000, 0x00007fd5e1a9efd8, 0x00007fd5e8640000)
  to   space 116480K,   0% used [0x00007fd5e8640000, 0x00007fd5e8640000, 0x00007fd5ef800000)
 tenured generation   total 2330560K, used 2330208K [0x00007fdafdb50000, 0x00007fdb8bf40000, 0x00007fe5a8600000)
   the space 2330560K,  99% used [0x00007fdafdb50000, 0x00007fdb8bee81e0, 0x00007fdb8bee8200, 0x00007fdb8bf40000)
 Metaspace       used 24229K, capacity 24581K, committed 24832K, reserved 26624K
}
Event: 3184.642 GC heap before
{Heap before GC invocations=7810 (full 2):
 def new generation   total 1048832K, used 938619K [0x00007fd5a8600000, 0x00007fd5ef800000, 0x00007fdafdb50000)
  eden space 932352K, 100% used [0x00007fd5a8600000, 0x00007fd5e1480000, 0x00007fd5e1480000)
  from space 116480K,   5% used [0x00007fd5e1480000, 0x00007fd5e1a9efd8, 0x00007fd5e8640000)
  to   space 116480K,   0% used [0x00007fd5e8640000, 0x00007fd5e8640000, 0x00007fd5ef800000)
 tenured generation   total 2330560K, used 2330208K [0x00007fdafdb50000, 0x00007fdb8bf40000, 0x00007fe5a8600000)
   the space 2330560K,  99% used [0x00007fdafdb50000, 0x00007fdb8bee81e0, 0x00007fdb8bee8200, 0x00007fdb8bf40000)
 Metaspace       used 24229K, capacity 24581K, committed 24832K, reserved 26624K
}
Event: 3184.658 GC heap after
{Heap after GC invocations=7811 (full 2):
 def new generation   total 1048832K, used 6277K [0x00007fd5a8600000, 0x00007fd5ef800000, 0x00007fdafdb50000)
  eden space 932352K,   0% used [0x00007fd5a8600000, 0x00007fd5a8600000, 0x00007fd5e1480000)
  from space 116480K,   5% used [0x00007fd5e8640000, 0x00007fd5e8c61438, 0x00007fd5ef800000)
  to   space 116480K,   0% used [0x00007fd5e1480000, 0x00007fd5e1480000, 0x00007fd5e8640000)
 tenured generation   total 2330752K, used 2330626K [0x00007fdafdb50000, 0x00007fdb8bf70000, 0x00007fe5a8600000)
   the space 2330752K,  99% used [0x00007fdafdb50000, 0x00007fdb8bf509c0, 0x00007fdb8bf50a00, 0x00007fdb8bf70000)
 Metaspace       used 24229K, capacity 24581K, committed 24832K, reserved 26624K
}
Event: 3184.658 GC heap before
{Heap before GC invocations=7811 (full 2):
 def new generation   total 1048832K, used 6277K [0x00007fd5a8600000, 0x00007fd5ef800000, 0x00007fdafdb50000)
  eden space 932352K,   0% used [0x00007fd5a8600000, 0x00007fd5a8600000, 0x00007fd5e1480000)
  from space 116480K,   5% used [0x00007fd5e8640000, 0x00007fd5e8c61438, 0x00007fd5ef800000)
  to   space 116480K,   0% used [0x00007fd5e1480000, 0x00007fd5e1480000, 0x00007fd5e8640000)
 tenured generation   total 2330752K, used 2330626K [0x00007fdafdb50000, 0x00007fdb8bf70000, 0x00007fe5a8600000)
   the space 2330752K,  99% used [0x00007fdafdb50000, 0x00007fdb8bf509c0, 0x00007fdb8bf50a00, 0x00007fdb8bf70000)
 Metaspace       used 24229K, capacity 24581K, committed 24832K, reserved 26624K
}

