# JRE version: OpenJDK Runtime Environment (13.0.7+5) (build 13.0.7+5-Ubuntu-0ubuntu120.04)
# Java VM: OpenJDK 64-Bit Server VM (13.0.7+5-Ubuntu-0ubuntu120.04, mixed mode, tiered, serial gc, linux-amd64)
Heap:
 def new generation   total 1048960K, used 17618K [0x00007f6a04600000, 0x00007f6a4b830000, 0x00007f6f59b50000)
  eden space 932416K,   1% used [0x00007f6a04600000, 0x00007f6a05734a88, 0x00007f6a3d490000)
  from space 116544K,   0% used [0x00007f6a44660000, 0x00007f6a44660000, 0x00007f6a4b830000)
  to   space 116544K,   0% used [0x00007f6a3d490000, 0x00007f6a3d490000, 0x00007f6a44660000)
 tenured generation   total 2331840K, used 2331839K [0x00007f6f59b50000, 0x00007f6fe8080000, 0x00007f7a04600000)
   the space 2331840K,  99% used [0x00007f6f59b50000, 0x00007f6fe807fef8, 0x00007f6fe8080000, 0x00007f6fe8080000)
 Metaspace       used 24271K, capacity 24733K, committed 24832K, reserved 26624K
GC Heap History (20 events):
Event: 1535.924 GC heap after
{Heap after GC invocations=2759 (full 2):
 def new generation   total 1048960K, used 17723K [0x00007f6a04600000, 0x00007f6a4b830000, 0x00007f6f59b50000)
  eden space 932416K,   0% used [0x00007f6a04600000, 0x00007f6a04600000, 0x00007f6a3d490000)
  from space 116544K,  15% used [0x00007f6a3d490000, 0x00007f6a3e5ded28, 0x00007f6a44660000)
  to   space 116544K,   0% used [0x00007f6a44660000, 0x00007f6a44660000, 0x00007f6a4b830000)
 tenured generation   total 2330880K, used 2321104K [0x00007f6f59b50000, 0x00007f6fe7f90000, 0x00007f7a04600000)
   the space 2330880K,  99% used [0x00007f6f59b50000, 0x00007f6fe76040e0, 0x00007f6fe7604200, 0x00007f6fe7f90000)
 Metaspace       used 24271K, capacity 24733K, committed 24832K, reserved 26624K
}
Event: 1536.623 GC heap before
{Heap before GC invocations=2759 (full 2):
 def new generation   total 1048960K, used 950139K [0x00007f6a04600000, 0x00007f6a4b830000, 0x00007f6f59b50000)
  eden space 932416K, 100% used [0x00007f6a04600000, 0x00007f6a3d490000, 0x00007f6a3d490000)
  from space 116544K,  15% used [0x00007f6a3d490000, 0x00007f6a3e5ded28, 0x00007f6a44660000)
  to   space 116544K,   0% used [0x00007f6a44660000, 0x00007f6a44660000, 0x00007f6a4b830000)
 tenured generation   total 2330880K, used 2321104K [0x00007f6f59b50000, 0x00007f6fe7f90000, 0x00007f7a04600000)
   the space 2330880K,  99% used [0x00007f6f59b50000, 0x00007f6fe76040e0, 0x00007f6fe7604200, 0x00007f6fe7f90000)
 Metaspace       used 24271K, capacity 24733K, committed 24832K, reserved 26624K
}
Event: 1536.655 GC heap after
{Heap after GC invocations=2760 (full 2):
 def new generation   total 1048960K, used 17732K [0x00007f6a04600000, 0x00007f6a4b830000, 0x00007f6f59b50000)
  eden space 932416K,   0% used [0x00007f6a04600000, 0x00007f6a04600000, 0x00007f6a3d490000)
  from space 116544K,  15% used [0x00007f6a44660000, 0x00007f6a457b1280, 0x00007f6a4b830000)
  to   space 116544K,   0% used [0x00007f6a3d490000, 0x00007f6a3d490000, 0x00007f6a44660000)
 tenured generation   total 2330880K, used 2322277K [0x00007f6f59b50000, 0x00007f6fe7f90000, 0x00007f7a04600000)
   the space 2330880K,  99% used [0x00007f6f59b50000, 0x00007f6fe77296f8, 0x00007f6fe7729800, 0x00007f6fe7f90000)
 Metaspace       used 24271K, capacity 24733K, committed 24832K, reserved 26624K
}
Event: 1537.294 GC heap before
{Heap before GC invocations=2760 (full 2):
 def new generation   total 1048960K, used 950148K [0x00007f6a04600000, 0x00007f6a4b830000, 0x00007f6f59b50000)
  eden space 932416K, 100% used [0x00007f6a04600000, 0x00007f6a3d490000, 0x00007f6a3d490000)
  from space 116544K,  15% used [0x00007f6a44660000, 0x00007f6a457b1280, 0x00007f6a4b830000)
  to   space 116544K,   0% used [0x00007f6a3d490000, 0x00007f6a3d490000, 0x00007f6a44660000)
 tenured generation   total 2330880K, used 2322277K [0x00007f6f59b50000, 0x00007f6fe7f90000, 0x00007f7a04600000)
   the space 2330880K,  99% used [0x00007f6f59b50000, 0x00007f6fe77296f8, 0x00007f6fe7729800, 0x00007f6fe7f90000)
 Metaspace       used 24271K, capacity 24733K, committed 24832K, reserved 26624K
}
Event: 1537.325 GC heap after
{Heap after GC invocations=2761 (full 2):
 def new generation   total 1048960K, used 17745K [0x00007f6a04600000, 0x00007f6a4b830000, 0x00007f6f59b50000)
  eden space 932416K,   0% used [0x00007f6a04600000, 0x00007f6a04600000, 0x00007f6a3d490000)
  from space 116544K,  15% used [0x00007f6a3d490000, 0x00007f6a3e5e44a8, 0x00007f6a44660000)
  to   space 116544K,   0% used [0x00007f6a44660000, 0x00007f6a44660000, 0x00007f6a4b830000)
 tenured generation   total 2330880K, used 2323457K [0x00007f6f59b50000, 0x00007f6fe7f90000, 0x00007f7a04600000)
   the space 2330880K,  99% used [0x00007f6f59b50000, 0x00007f6fe78505d8, 0x00007f6fe7850600, 0x00007f6fe7f90000)
 Metaspace       used 24271K, capacity 24733K, committed 24832K, reserved 26624K
}
Event: 1537.963 GC heap before
{Heap before GC invocations=2761 (full 2):
 def new generation   total 1048960K, used 950161K [0x00007f6a04600000, 0x00007f6a4b830000, 0x00007f6f59b50000)
  eden space 932416K, 100% used [0x00007f6a04600000, 0x00007f6a3d490000, 0x00007f6a3d490000)
  from space 116544K,  15% used [0x00007f6a3d490000, 0x00007f6a3e5e44a8, 0x00007f6a44660000)
  to   space 116544K,   0% used [0x00007f6a44660000, 0x00007f6a44660000, 0x00007f6a4b830000)
 tenured generation   total 2330880K, used 2323457K [0x00007f6f59b50000, 0x00007f6fe7f90000, 0x00007f7a04600000)
   the space 2330880K,  99% used [0x00007f6f59b50000, 0x00007f6fe78505d8, 0x00007f6fe7850600, 0x00007f6fe7f90000)
 Metaspace       used 24271K, capacity 24733K, committed 24832K, reserved 26624K
}
Event: 1538.002 GC heap after
{Heap after GC invocations=2762 (full 2):
 def new generation   total 1048960K, used 17736K [0x00007f6a04600000, 0x00007f6a4b830000, 0x00007f6f59b50000)
  eden space 932416K,   0% used [0x00007f6a04600000, 0x00007f6a04600000, 0x00007f6a3d490000)
  from space 116544K,  15% used [0x00007f6a44660000, 0x00007f6a457b2210, 0x00007f6a4b830000)
  to   space 116544K,   0% used [0x00007f6a3d490000, 0x00007f6a3d490000, 0x00007f6a44660000)
 tenured generation   total 2330880K, used 2324643K [0x00007f6f59b50000, 0x00007f6fe7f90000, 0x00007f7a04600000)
   the space 2330880K,  99% used [0x00007f6f59b50000, 0x00007f6fe7978e58, 0x00007f6fe7979000, 0x00007f6fe7f90000)
 Metaspace       used 24271K, capacity 24733K, committed 24832K, reserved 26624K
}
Event: 1538.759 GC heap before
{Heap before GC invocations=2762 (full 2):
 def new generation   total 1048960K, used 950152K [0x00007f6a04600000, 0x00007f6a4b830000, 0x00007f6f59b50000)
  eden space 932416K, 100% used [0x00007f6a04600000, 0x00007f6a3d490000, 0x00007f6a3d490000)
  from space 116544K,  15% used [0x00007f6a44660000, 0x00007f6a457b2210, 0x00007f6a4b830000)
  to   space 116544K,   0% used [0x00007f6a3d490000, 0x00007f6a3d490000, 0x00007f6a44660000)
 tenured generation   total 2330880K, used 2324643K [0x00007f6f59b50000, 0x00007f6fe7f90000, 0x00007f7a04600000)
   the space 2330880K,  99% used [0x00007f6f59b50000, 0x00007f6fe7978e58, 0x00007f6fe7979000, 0x00007f6fe7f90000)
 Metaspace       used 24271K, capacity 24733K, committed 24832K, reserved 26624K
}
Event: 1538.792 GC heap after
{Heap after GC invocations=2763 (full 2):
 def new generation   total 1048960K, used 17723K [0x00007f6a04600000, 0x00007f6a4b830000, 0x00007f6f59b50000)
  eden space 932416K,   0% used [0x00007f6a04600000, 0x00007f6a04600000, 0x00007f6a3d490000)
  from space 116544K,  15% used [0x00007f6a3d490000, 0x00007f6a3e5dee60, 0x00007f6a44660000)
  to   space 116544K,   0% used [0x00007f6a44660000, 0x00007f6a44660000, 0x00007f6a4b830000)
 tenured generation   total 2330880K, used 2325825K [0x00007f6f59b50000, 0x00007f6fe7f90000, 0x00007f7a04600000)
   the space 2330880K,  99% used [0x00007f6f59b50000, 0x00007f6fe7aa0668, 0x00007f6fe7aa0800, 0x00007f6fe7f90000)
 Metaspace       used 24271K, capacity 24733K, committed 24832K, reserved 26624K
}
Event: 1539.489 GC heap before
{Heap before GC invocations=2763 (full 2):
 def new generation   total 1048960K, used 950139K [0x00007f6a04600000, 0x00007f6a4b830000, 0x00007f6f59b50000)
  eden space 932416K, 100% used [0x00007f6a04600000, 0x00007f6a3d490000, 0x00007f6a3d490000)
  from space 116544K,  15% used [0x00007f6a3d490000, 0x00007f6a3e5dee60, 0x00007f6a44660000)
  to   space 116544K,   0% used [0x00007f6a44660000, 0x00007f6a44660000, 0x00007f6a4b830000)
 tenured generation   total 2330880K, used 2325825K [0x00007f6f59b50000, 0x00007f6fe7f90000, 0x00007f7a04600000)
   the space 2330880K,  99% used [0x00007f6f59b50000, 0x00007f6fe7aa0668, 0x00007f6fe7aa0800, 0x00007f6fe7f90000)
 Metaspace       used 24271K, capacity 24733K, committed 24832K, reserved 26624K
}
Event: 1539.533 GC heap after
{Heap after GC invocations=2764 (full 2):
 def new generation   total 1048960K, used 17734K [0x00007f6a04600000, 0x00007f6a4b830000, 0x00007f6f59b50000)
  eden space 932416K,   0% used [0x00007f6a04600000, 0x00007f6a04600000, 0x00007f6a3d490000)
  from space 116544K,  15% used [0x00007f6a44660000, 0x00007f6a457b1b40, 0x00007f6a4b830000)
  to   space 116544K,   0% used [0x00007f6a3d490000, 0x00007f6a3d490000, 0x00007f6a44660000)
 tenured generation   total 2330880K, used 2326997K [0x00007f6f59b50000, 0x00007f6fe7f90000, 0x00007f7a04600000)
   the space 2330880K,  99% used [0x00007f6f59b50000, 0x00007f6fe7bc5420, 0x00007f6fe7bc5600, 0x00007f6fe7f90000)
 Metaspace       used 24271K, capacity 24733K, committed 24832K, reserved 26624K
}
Event: 1540.252 GC heap before
{Heap before GC invocations=2764 (full 2):
 def new generation   total 1048960K, used 950150K [0x00007f6a04600000, 0x00007f6a4b830000, 0x00007f6f59b50000)
  eden space 932416K, 100% used [0x00007f6a04600000, 0x00007f6a3d490000, 0x00007f6a3d490000)
  from space 116544K,  15% used [0x00007f6a44660000, 0x00007f6a457b1b40, 0x00007f6a4b830000)
  to   space 116544K,   0% used [0x00007f6a3d490000, 0x00007f6a3d490000, 0x00007f6a44660000)
 tenured generation   total 2330880K, used 2326997K [0x00007f6f59b50000, 0x00007f6fe7f90000, 0x00007f7a04600000)
   the space 2330880K,  99% used [0x00007f6f59b50000, 0x00007f6fe7bc5420, 0x00007f6fe7bc5600, 0x00007f6fe7f90000)
 Metaspace       used 24271K, capacity 24733K, committed 24832K, reserved 26624K
}
Event: 1540.294 GC heap after
{Heap after GC invocations=2765 (full 2):
 def new generation   total 1048960K, used 17747K [0x00007f6a04600000, 0x00007f6a4b830000, 0x00007f6f59b50000)
  eden space 932416K,   0% used [0x00007f6a04600000, 0x00007f6a04600000, 0x00007f6a3d490000)
  from space 116544K,  15% used [0x00007f6a3d490000, 0x00007f6a3e5e4c30, 0x00007f6a44660000)
  to   space 116544K,   0% used [0x00007f6a44660000, 0x00007f6a44660000, 0x00007f6a4b830000)
 tenured generation   total 2330880K, used 2328179K [0x00007f6f59b50000, 0x00007f6fe7f90000, 0x00007f7a04600000)
   the space 2330880K,  99% used [0x00007f6f59b50000, 0x00007f6fe7cecc80, 0x00007f6fe7cece00, 0x00007f6fe7f90000)
 Metaspace       used 24271K, capacity 24733K, committed 24832K, reserved 26624K
}
Event: 1541.050 GC heap before
{Heap before GC invocations=2765 (full 2):
 def new generation   total 1048960K, used 950163K [0x00007f6a04600000, 0x00007f6a4b830000, 0x00007f6f59b50000)
  eden space 932416K, 100% used [0x00007f6a04600000, 0x00007f6a3d490000, 0x00007f6a3d490000)
  from space 116544K,  15% used [0x00007f6a3d490000, 0x00007f6a3e5e4c30, 0x00007f6a44660000)
  to   space 116544K,   0% used [0x00007f6a44660000, 0x00007f6a44660000, 0x00007f6a4b830000)
 tenured generation   total 2330880K, used 2328179K [0x00007f6f59b50000, 0x00007f6fe7f90000, 0x00007f7a04600000)
   the space 2330880K,  99% used [0x00007f6f59b50000, 0x00007f6fe7cecc80, 0x00007f6fe7cece00, 0x00007f6fe7f90000)
 Metaspace       used 24271K, capacity 24733K, committed 24832K, reserved 26624K
}
Event: 1541.091 GC heap after
{Heap after GC invocations=2766 (full 2):
 def new generation   total 1048960K, used 17726K [0x00007f6a04600000, 0x00007f6a4b830000, 0x00007f6f59b50000)
  eden space 932416K,   0% used [0x00007f6a04600000, 0x00007f6a04600000, 0x00007f6a3d490000)
  from space 116544K,  15% used [0x00007f6a44660000, 0x00007f6a457afbc0, 0x00007f6a4b830000)
  to   space 116544K,   0% used [0x00007f6a3d490000, 0x00007f6a3d490000, 0x00007f6a44660000)
 tenured generation   total 2330880K, used 2329360K [0x00007f6f59b50000, 0x00007f6fe7f90000, 0x00007f7a04600000)
   the space 2330880K,  99% used [0x00007f6f59b50000, 0x00007f6fe7e143c0, 0x00007f6fe7e14400, 0x00007f6fe7f90000)
 Metaspace       used 24271K, capacity 24733K, committed 24832K, reserved 26624K
}
Event: 1541.833 GC heap before
{Heap before GC invocations=2766 (full 2):
 def new generation   total 1048960K, used 950142K [0x00007f6a04600000, 0x00007f6a4b830000, 0x00007f6f59b50000)
  eden space 932416K, 100% used [0x00007f6a04600000, 0x00007f6a3d490000, 0x00007f6a3d490000)
  from space 116544K,  15% used [0x00007f6a44660000, 0x00007f6a457afbc0, 0x00007f6a4b830000)
  to   space 116544K,   0% used [0x00007f6a3d490000, 0x00007f6a3d490000, 0x00007f6a44660000)
 tenured generation   total 2330880K, used 2329360K [0x00007f6f59b50000, 0x00007f6fe7f90000, 0x00007f7a04600000)
   the space 2330880K,  99% used [0x00007f6f59b50000, 0x00007f6fe7e143c0, 0x00007f6fe7e14400, 0x00007f6fe7f90000)
 Metaspace       used 24271K, capacity 24733K, committed 24832K, reserved 26624K
}
Event: 1541.874 GC heap after
{Heap after GC invocations=2767 (full 2):
 def new generation   total 1048960K, used 17734K [0x00007f6a04600000, 0x00007f6a4b830000, 0x00007f6f59b50000)
  eden space 932416K,   0% used [0x00007f6a04600000, 0x00007f6a04600000, 0x00007f6a3d490000)
  from space 116544K,  15% used [0x00007f6a3d490000, 0x00007f6a3e5e1838, 0x00007f6a44660000)
  to   space 116544K,   0% used [0x00007f6a44660000, 0x00007f6a44660000, 0x00007f6a4b830000)
 tenured generation   total 2330880K, used 2330536K [0x00007f6f59b50000, 0x00007f6fe7f90000, 0x00007f7a04600000)
   the space 2330880K,  99% used [0x00007f6f59b50000, 0x00007f6fe7f3a2b8, 0x00007f6fe7f3a400, 0x00007f6fe7f90000)
 Metaspace       used 24271K, capacity 24733K, committed 24832K, reserved 26624K
}
Event: 1542.619 GC heap before
{Heap before GC invocations=2767 (full 2):
 def new generation   total 1048960K, used 950150K [0x00007f6a04600000, 0x00007f6a4b830000, 0x00007f6f59b50000)
  eden space 932416K, 100% used [0x00007f6a04600000, 0x00007f6a3d490000, 0x00007f6a3d490000)
  from space 116544K,  15% used [0x00007f6a3d490000, 0x00007f6a3e5e1838, 0x00007f6a44660000)
  to   space 116544K,   0% used [0x00007f6a44660000, 0x00007f6a44660000, 0x00007f6a4b830000)
 tenured generation   total 2330880K, used 2330536K [0x00007f6f59b50000, 0x00007f6fe7f90000, 0x00007f7a04600000)
   the space 2330880K,  99% used [0x00007f6f59b50000, 0x00007f6fe7f3a2b8, 0x00007f6fe7f3a400, 0x00007f6fe7f90000)
 Metaspace       used 24271K, capacity 24733K, committed 24832K, reserved 26624K
}
Event: 1542.658 GC heap after
{Heap after GC invocations=2768 (full 2):
 def new generation   total 1048960K, used 17739K [0x00007f6a04600000, 0x00007f6a4b830000, 0x00007f6f59b50000)
  eden space 932416K,   0% used [0x00007f6a04600000, 0x00007f6a04600000, 0x00007f6a3d490000)
  from space 116544K,  15% used [0x00007f6a44660000, 0x00007f6a457b2eb8, 0x00007f6a4b830000)
  to   space 116544K,   0% used [0x00007f6a3d490000, 0x00007f6a3d490000, 0x00007f6a44660000)
 tenured generation   total 2331840K, used 2331718K [0x00007f6f59b50000, 0x00007f6fe8080000, 0x00007f7a04600000)
   the space 2331840K,  99% used [0x00007f6f59b50000, 0x00007f6fe8061ac8, 0x00007f6fe8061c00, 0x00007f6fe8080000)
 Metaspace       used 24271K, capacity 24733K, committed 24832K, reserved 26624K
}
Event: 1542.658 GC heap before
{Heap before GC invocations=2768 (full 2):
 def new generation   total 1048960K, used 17739K [0x00007f6a04600000, 0x00007f6a4b830000, 0x00007f6f59b50000)
  eden space 932416K,   0% used [0x00007f6a04600000, 0x00007f6a04600000, 0x00007f6a3d490000)
  from space 116544K,  15% used [0x00007f6a44660000, 0x00007f6a457b2eb8, 0x00007f6a4b830000)
  to   space 116544K,   0% used [0x00007f6a3d490000, 0x00007f6a3d490000, 0x00007f6a44660000)
 tenured generation   total 2331840K, used 2331718K [0x00007f6f59b50000, 0x00007f6fe8080000, 0x00007f7a04600000)
   the space 2331840K,  99% used [0x00007f6f59b50000, 0x00007f6fe8061ac8, 0x00007f6fe8061c00, 0x00007f6fe8080000)
 Metaspace       used 24271K, capacity 24733K, committed 24832K, reserved 26624K
}

