# JRE version: OpenJDK Runtime Environment (13.0.7+5) (build 13.0.7+5-Ubuntu-0ubuntu120.04)
# Java VM: OpenJDK 64-Bit Server VM (13.0.7+5-Ubuntu-0ubuntu120.04, mixed mode, tiered, serial gc, linux-amd64)
Heap:
 def new generation   total 9197248K, used 1021787K [0x00007ef1a4600000, 0x00007ef4141a0000, 0x00007ef6f9b50000)
  eden space 8175360K,  12% used [0x00007ef1a4600000, 0x00007ef1e2bd6ee0, 0x00007ef3975c0000)
  from space 1021888K,   0% used [0x00007ef3975c0000, 0x00007ef3975c0000, 0x00007ef3d5bb0000)
  to   space 1021888K,   0% used [0x00007ef3d5bb0000, 0x00007ef3d5bb0000, 0x00007ef4141a0000)
 tenured generation   total 23591848K, used 23591847K [0x00007ef6f9b50000, 0x00007efc99a3a000, 0x00007f01a4600000)
   the space 23591848K,  99% used [0x00007ef6f9b50000, 0x00007efc99a39c40, 0x00007efc99a39e00, 0x00007efc99a3a000)
 Metaspace       used 31303K, capacity 31740K, committed 31744K, reserved 32768K
GC Heap History (20 events):
Event: 15.240 GC heap after
{Heap after GC invocations=7 (full 2):
 def new generation   total 1074432K, used 119359K [0x00007ef1a4600000, 0x00007ef1ed3d0000, 0x00007ef6f9b50000)
  eden space 955072K,   0% used [0x00007ef1a4600000, 0x00007ef1a4600000, 0x00007ef1deab0000)
  from space 119360K,  99% used [0x00007ef1deab0000, 0x00007ef1e5f3fdb0, 0x00007ef1e5f40000)
  to   space 119360K,   0% used [0x00007ef1e5f40000, 0x00007ef1e5f40000, 0x00007ef1ed3d0000)
 tenured generation   total 3223296K, used 3223226K [0x00007ef6f9b50000, 0x00007ef7be710000, 0x00007f01a4600000)
   the space 3223296K,  99% used [0x00007ef6f9b50000, 0x00007ef7be6fe9b0, 0x00007ef7be6fea00, 0x00007ef7be710000)
 Metaspace       used 31303K, capacity 31740K, committed 31744K, reserved 32768K
}
Event: 15.240 GC heap before
{Heap before GC invocations=7 (full 2):
 def new generation   total 1074432K, used 119359K [0x00007ef1a4600000, 0x00007ef1ed3d0000, 0x00007ef6f9b50000)
  eden space 955072K,   0% used [0x00007ef1a4600000, 0x00007ef1a4600000, 0x00007ef1deab0000)
  from space 119360K,  99% used [0x00007ef1deab0000, 0x00007ef1e5f3fdb0, 0x00007ef1e5f40000)
  to   space 119360K,   0% used [0x00007ef1e5f40000, 0x00007ef1e5f40000, 0x00007ef1ed3d0000)
 tenured generation   total 3223296K, used 3223226K [0x00007ef6f9b50000, 0x00007ef7be710000, 0x00007f01a4600000)
   the space 3223296K,  99% used [0x00007ef6f9b50000, 0x00007ef7be6fe9b0, 0x00007ef7be6fea00, 0x00007ef7be710000)
 Metaspace       used 31303K, capacity 31740K, committed 31744K, reserved 32768K
}
Event: 16.197 GC heap after
{Heap after GC invocations=7 (full 3):
 def new generation   total 2417536K, used 119290K [0x00007ef1a4600000, 0x00007ef248530000, 0x00007ef6f9b50000)
  eden space 2148928K,   5% used [0x00007ef1a4600000, 0x00007ef1aba7eb68, 0x00007ef227890000)
  from space 268608K,   0% used [0x00007ef227890000, 0x00007ef227890000, 0x00007ef237ee0000)
  to   space 268608K,   0% used [0x00007ef237ee0000, 0x00007ef237ee0000, 0x00007ef248530000)
 tenured generation   total 5372160K, used 3223294K [0x00007ef6f9b50000, 0x00007ef841990000, 0x00007f01a4600000)
   the space 5372160K,  59% used [0x00007ef6f9b50000, 0x00007ef7be70fbf8, 0x00007ef7be70fc00, 0x00007ef841990000)
 Metaspace       used 31303K, capacity 31740K, committed 31744K, reserved 32768K
}
Event: 17.148 GC heap before
{Heap before GC invocations=7 (full 3):
 def new generation   total 2417536K, used 2148928K [0x00007ef1a4600000, 0x00007ef248530000, 0x00007ef6f9b50000)
  eden space 2148928K, 100% used [0x00007ef1a4600000, 0x00007ef227890000, 0x00007ef227890000)
  from space 268608K,   0% used [0x00007ef227890000, 0x00007ef227890000, 0x00007ef237ee0000)
  to   space 268608K,   0% used [0x00007ef237ee0000, 0x00007ef237ee0000, 0x00007ef248530000)
 tenured generation   total 5372160K, used 3223294K [0x00007ef6f9b50000, 0x00007ef841990000, 0x00007f01a4600000)
   the space 5372160K,  59% used [0x00007ef6f9b50000, 0x00007ef7be70fbf8, 0x00007ef7be70fc00, 0x00007ef841990000)
 Metaspace       used 31303K, capacity 31740K, committed 31744K, reserved 32768K
}
Event: 19.728 GC heap after
{Heap after GC invocations=8 (full 3):
 def new generation   total 2417536K, used 268607K [0x00007ef1a4600000, 0x00007ef248530000, 0x00007ef6f9b50000)
  eden space 2148928K,   0% used [0x00007ef1a4600000, 0x00007ef1a4600000, 0x00007ef227890000)
  from space 268608K,  99% used [0x00007ef237ee0000, 0x00007ef24852fd40, 0x00007ef248530000)
  to   space 268608K,   0% used [0x00007ef227890000, 0x00007ef227890000, 0x00007ef237ee0000)
 tenured generation   total 5372160K, used 5103545K [0x00007ef6f9b50000, 0x00007ef841990000, 0x00007f01a4600000)
   the space 5372160K,  94% used [0x00007ef6f9b50000, 0x00007ef83133e4a0, 0x00007ef83133e600, 0x00007ef841990000)
 Metaspace       used 31303K, capacity 31740K, committed 31744K, reserved 32768K
}
Event: 20.487 GC heap before
{Heap before GC invocations=8 (full 3):
 def new generation   total 2417536K, used 2417535K [0x00007ef1a4600000, 0x00007ef248530000, 0x00007ef6f9b50000)
  eden space 2148928K, 100% used [0x00007ef1a4600000, 0x00007ef227890000, 0x00007ef227890000)
  from space 268608K,  99% used [0x00007ef237ee0000, 0x00007ef24852fd40, 0x00007ef248530000)
  to   space 268608K,   0% used [0x00007ef227890000, 0x00007ef227890000, 0x00007ef237ee0000)
 tenured generation   total 5372160K, used 5103545K [0x00007ef6f9b50000, 0x00007ef841990000, 0x00007f01a4600000)
   the space 5372160K,  94% used [0x00007ef6f9b50000, 0x00007ef83133e4a0, 0x00007ef83133e600, 0x00007ef841990000)
 Metaspace       used 31303K, capacity 31740K, committed 31744K, reserved 32768K
}
Event: 23.399 GC heap after
{Heap after GC invocations=9 (full 3):
 def new generation   total 2417536K, used 268607K [0x00007ef1a4600000, 0x00007ef248530000, 0x00007ef6f9b50000)
  eden space 2148928K,   0% used [0x00007ef1a4600000, 0x00007ef1a4600000, 0x00007ef227890000)
  from space 268608K,  99% used [0x00007ef227890000, 0x00007ef237edfd40, 0x00007ef237ee0000)
  to   space 268608K,   0% used [0x00007ef237ee0000, 0x00007ef237ee0000, 0x00007ef248530000)
 tenured generation   total 7252416K, used 7252402K [0x00007ef6f9b50000, 0x00007ef8b45c0000, 0x00007f01a4600000)
   the space 7252416K,  99% used [0x00007ef6f9b50000, 0x00007ef8b45bca88, 0x00007ef8b45bcc00, 0x00007ef8b45c0000)
 Metaspace       used 31303K, capacity 31740K, committed 31744K, reserved 32768K
}
Event: 23.399 GC heap before
{Heap before GC invocations=9 (full 3):
 def new generation   total 2417536K, used 268607K [0x00007ef1a4600000, 0x00007ef248530000, 0x00007ef6f9b50000)
  eden space 2148928K,   0% used [0x00007ef1a4600000, 0x00007ef1a4600000, 0x00007ef227890000)
  from space 268608K,  99% used [0x00007ef227890000, 0x00007ef237edfd40, 0x00007ef237ee0000)
  to   space 268608K,   0% used [0x00007ef237ee0000, 0x00007ef237ee0000, 0x00007ef248530000)
 tenured generation   total 7252416K, used 7252402K [0x00007ef6f9b50000, 0x00007ef8b45c0000, 0x00007f01a4600000)
   the space 7252416K,  99% used [0x00007ef6f9b50000, 0x00007ef8b45bca88, 0x00007ef8b45bcc00, 0x00007ef8b45c0000)
 Metaspace       used 31303K, capacity 31740K, committed 31744K, reserved 32768K
}
Event: 28.925 GC heap after
{Heap after GC invocations=9 (full 4):
 def new generation   total 5439360K, used 263221K [0x00007ef1a4600000, 0x00007ef315410000, 0x00007ef6f9b50000)
  eden space 4835008K,   5% used [0x00007ef1a4600000, 0x00007ef1b470d7f0, 0x00007ef2cb7b0000)
  from space 604352K,   0% used [0x00007ef2cb7b0000, 0x00007ef2cb7b0000, 0x00007ef2f05e0000)
  to   space 604352K,   0% used [0x00007ef2f05e0000, 0x00007ef2f05e0000, 0x00007ef315410000)
 tenured generation   total 12087360K, used 7252415K [0x00007ef6f9b50000, 0x00007ef9db760000, 0x00007f01a4600000)
   the space 12087360K,  59% used [0x00007ef6f9b50000, 0x00007ef8b45bfc70, 0x00007ef8b45bfe00, 0x00007ef9db760000)
 Metaspace       used 31303K, capacity 31740K, committed 31744K, reserved 32768K
}
Event: 30.992 GC heap before
{Heap before GC invocations=9 (full 4):
 def new generation   total 5439360K, used 4835008K [0x00007ef1a4600000, 0x00007ef315410000, 0x00007ef6f9b50000)
  eden space 4835008K, 100% used [0x00007ef1a4600000, 0x00007ef2cb7b0000, 0x00007ef2cb7b0000)
  from space 604352K,   0% used [0x00007ef2cb7b0000, 0x00007ef2cb7b0000, 0x00007ef2f05e0000)
  to   space 604352K,   0% used [0x00007ef2f05e0000, 0x00007ef2f05e0000, 0x00007ef315410000)
 tenured generation   total 12087360K, used 7252415K [0x00007ef6f9b50000, 0x00007ef9db760000, 0x00007f01a4600000)
   the space 12087360K,  59% used [0x00007ef6f9b50000, 0x00007ef8b45bfc70, 0x00007ef8b45bfe00, 0x00007ef9db760000)
 Metaspace       used 31303K, capacity 31740K, committed 31744K, reserved 32768K
}
Event: 37.223 GC heap after
{Heap after GC invocations=10 (full 4):
 def new generation   total 5439360K, used 604351K [0x00007ef1a4600000, 0x00007ef315410000, 0x00007ef6f9b50000)
  eden space 4835008K,   0% used [0x00007ef1a4600000, 0x00007ef1a4600000, 0x00007ef2cb7b0000)
  from space 604352K,  99% used [0x00007ef2f05e0000, 0x00007ef31540fc68, 0x00007ef315410000)
  to   space 604352K,   0% used [0x00007ef2cb7b0000, 0x00007ef2cb7b0000, 0x00007ef2f05e0000)
 tenured generation   total 12087360K, used 11483016K [0x00007ef6f9b50000, 0x00007ef9db760000, 0x00007f01a4600000)
   the space 12087360K,  95% used [0x00007ef6f9b50000, 0x00007ef9b6932068, 0x00007ef9b6932200, 0x00007ef9db760000)
 Metaspace       used 31303K, capacity 31740K, committed 31744K, reserved 32768K
}
Event: 60.627 GC heap before
{Heap before GC invocations=10 (full 4):
 def new generation   total 5439360K, used 5439359K [0x00007ef1a4600000, 0x00007ef315410000, 0x00007ef6f9b50000)
  eden space 4835008K, 100% used [0x00007ef1a4600000, 0x00007ef2cb7b0000, 0x00007ef2cb7b0000)
  from space 604352K,  99% used [0x00007ef2f05e0000, 0x00007ef31540fc68, 0x00007ef315410000)
  to   space 604352K,   0% used [0x00007ef2cb7b0000, 0x00007ef2cb7b0000, 0x00007ef2f05e0000)
 tenured generation   total 12087360K, used 11483016K [0x00007ef6f9b50000, 0x00007ef9db760000, 0x00007f01a4600000)
   the space 12087360K,  95% used [0x00007ef6f9b50000, 0x00007ef9b6932068, 0x00007ef9b6932200, 0x00007ef9db760000)
 Metaspace       used 31303K, capacity 31740K, committed 31744K, reserved 32768K
}
Event: 62.594 GC heap after
{Heap after GC invocations=11 (full 4):
 def new generation   total 5439360K, used 604351K [0x00007ef1a4600000, 0x00007ef315410000, 0x00007ef6f9b50000)
  eden space 4835008K,   0% used [0x00007ef1a4600000, 0x00007ef1a4600000, 0x00007ef2cb7b0000)
  from space 604352K,  99% used [0x00007ef2cb7b0000, 0x00007ef2f05dfe68, 0x00007ef2f05e0000)
  to   space 604352K,   0% used [0x00007ef2f05e0000, 0x00007ef2f05e0000, 0x00007ef315410000)
 tenured generation   total 12263040K, used 12262948K [0x00007ef6f9b50000, 0x00007ef9e62f0000, 0x00007f01a4600000)
   the space 12263040K,  99% used [0x00007ef6f9b50000, 0x00007ef9e62d9090, 0x00007ef9e62d9200, 0x00007ef9e62f0000)
 Metaspace       used 31303K, capacity 31740K, committed 31744K, reserved 32768K
}
Event: 62.594 GC heap before
{Heap before GC invocations=11 (full 4):
 def new generation   total 5439360K, used 604351K [0x00007ef1a4600000, 0x00007ef315410000, 0x00007ef6f9b50000)
  eden space 4835008K,   0% used [0x00007ef1a4600000, 0x00007ef1a4600000, 0x00007ef2cb7b0000)
  from space 604352K,  99% used [0x00007ef2cb7b0000, 0x00007ef2f05dfe68, 0x00007ef2f05e0000)
  to   space 604352K,   0% used [0x00007ef2f05e0000, 0x00007ef2f05e0000, 0x00007ef315410000)
 tenured generation   total 12263040K, used 12262948K [0x00007ef6f9b50000, 0x00007ef9e62f0000, 0x00007f01a4600000)
   the space 12263040K,  99% used [0x00007ef6f9b50000, 0x00007ef9e62d9090, 0x00007ef9e62d9200, 0x00007ef9e62f0000)
 Metaspace       used 31303K, capacity 31740K, committed 31744K, reserved 32768K
}
Event: 67.569 GC heap after
{Heap after GC invocations=11 (full 5):
 def new generation   total 9197248K, used 604351K [0x00007ef1a4600000, 0x00007ef4141a0000, 0x00007ef6f9b50000)
  eden space 8175360K,   7% used [0x00007ef1a4600000, 0x00007ef1c942fe68, 0x00007ef3975c0000)
  from space 1021888K,   0% used [0x00007ef3975c0000, 0x00007ef3975c0000, 0x00007ef3d5bb0000)
  to   space 1021888K,   0% used [0x00007ef3d5bb0000, 0x00007ef3d5bb0000, 0x00007ef4141a0000)
 tenured generation   total 20438248K, used 12262948K [0x00007ef6f9b50000, 0x00007efbd928a000, 0x00007f01a4600000)
   the space 20438248K,  59% used [0x00007ef6f9b50000, 0x00007ef9e62d9090, 0x00007ef9e62d9200, 0x00007efbd928a000)
 Metaspace       used 31303K, capacity 31740K, committed 31744K, reserved 32768K
}
Event: 71.326 GC heap before
{Heap before GC invocations=11 (full 5):
 def new generation   total 9197248K, used 8175360K [0x00007ef1a4600000, 0x00007ef4141a0000, 0x00007ef6f9b50000)
  eden space 8175360K, 100% used [0x00007ef1a4600000, 0x00007ef3975c0000, 0x00007ef3975c0000)
  from space 1021888K,   0% used [0x00007ef3975c0000, 0x00007ef3975c0000, 0x00007ef3d5bb0000)
  to   space 1021888K,   0% used [0x00007ef3d5bb0000, 0x00007ef3d5bb0000, 0x00007ef4141a0000)
 tenured generation   total 20438248K, used 12262948K [0x00007ef6f9b50000, 0x00007efbd928a000, 0x00007f01a4600000)
   the space 20438248K,  59% used [0x00007ef6f9b50000, 0x00007ef9e62d9090, 0x00007ef9e62d9200, 0x00007efbd928a000)
 Metaspace       used 31303K, capacity 31740K, committed 31744K, reserved 32768K
}
Event: 86.451 GC heap after
{Heap after GC invocations=12 (full 5):
 def new generation   total 9197248K, used 1021887K [0x00007ef1a4600000, 0x00007ef4141a0000, 0x00007ef6f9b50000)
  eden space 8175360K,   0% used [0x00007ef1a4600000, 0x00007ef1a4600000, 0x00007ef3975c0000)
  from space 1021888K,  99% used [0x00007ef3d5bb0000, 0x00007ef41419fdf8, 0x00007ef4141a0000)
  to   space 1021888K,   0% used [0x00007ef3975c0000, 0x00007ef3975c0000, 0x00007ef3d5bb0000)
 tenured generation   total 20438248K, used 19416388K [0x00007ef6f9b50000, 0x00007efbd928a000, 0x00007f01a4600000)
   the space 20438248K,  95% used [0x00007ef6f9b50000, 0x00007efb9aca1188, 0x00007efb9aca1200, 0x00007efbd928a000)
 Metaspace       used 31303K, capacity 31740K, committed 31744K, reserved 32768K
}
Event: 113.731 GC heap before
{Heap before GC invocations=12 (full 5):
 def new generation   total 9197248K, used 9197247K [0x00007ef1a4600000, 0x00007ef4141a0000, 0x00007ef6f9b50000)
  eden space 8175360K, 100% used [0x00007ef1a4600000, 0x00007ef3975c0000, 0x00007ef3975c0000)
  from space 1021888K,  99% used [0x00007ef3d5bb0000, 0x00007ef41419fdf8, 0x00007ef4141a0000)
  to   space 1021888K,   0% used [0x00007ef3975c0000, 0x00007ef3975c0000, 0x00007ef3d5bb0000)
 tenured generation   total 20438248K, used 19416388K [0x00007ef6f9b50000, 0x00007efbd928a000, 0x00007f01a4600000)
   the space 20438248K,  95% used [0x00007ef6f9b50000, 0x00007efb9aca1188, 0x00007efb9aca1200, 0x00007efbd928a000)
 Metaspace       used 31303K, capacity 31740K, committed 31744K, reserved 32768K
}
Event: 120.245 GC heap after
{Heap after GC invocations=13 (full 5):
 def new generation   total 9197248K, used 1021886K [0x00007ef1a4600000, 0x00007ef4141a0000, 0x00007ef6f9b50000)
  eden space 8175360K,   0% used [0x00007ef1a4600000, 0x00007ef1a4600000, 0x00007ef3975c0000)
  from space 1021888K,  99% used [0x00007ef3975c0000, 0x00007ef3d5bafbf8, 0x00007ef3d5bb0000)
  to   space 1021888K,   0% used [0x00007ef3d5bb0000, 0x00007ef3d5bb0000, 0x00007ef4141a0000)
 tenured generation   total 23591848K, used 23591747K [0x00007ef6f9b50000, 0x00007efc99a3a000, 0x00007f01a4600000)
   the space 23591848K,  99% used [0x00007ef6f9b50000, 0x00007efc99a20f28, 0x00007efc99a21000, 0x00007efc99a3a000)
 Metaspace       used 31303K, capacity 31740K, committed 31744K, reserved 32768K
}
Event: 120.245 GC heap before
{Heap before GC invocations=13 (full 5):
 def new generation   total 9197248K, used 1021886K [0x00007ef1a4600000, 0x00007ef4141a0000, 0x00007ef6f9b50000)
  eden space 8175360K,   0% used [0x00007ef1a4600000, 0x00007ef1a4600000, 0x00007ef3975c0000)
  from space 1021888K,  99% used [0x00007ef3975c0000, 0x00007ef3d5bafbf8, 0x00007ef3d5bb0000)
  to   space 1021888K,   0% used [0x00007ef3d5bb0000, 0x00007ef3d5bb0000, 0x00007ef4141a0000)
 tenured generation   total 23591848K, used 23591747K [0x00007ef6f9b50000, 0x00007efc99a3a000, 0x00007f01a4600000)
   the space 23591848K,  99% used [0x00007ef6f9b50000, 0x00007efc99a20f28, 0x00007efc99a21000, 0x00007efc99a3a000)
 Metaspace       used 31303K, capacity 31740K, committed 31744K, reserved 32768K
}

