# JRE version: OpenJDK Runtime Environment (13.0.7+5) (build 13.0.7+5-Ubuntu-0ubuntu120.04)
# Java VM: OpenJDK 64-Bit Server VM (13.0.7+5-Ubuntu-0ubuntu120.04, mixed mode, tiered, serial gc, linux-amd64)
Heap:
 def new generation   total 12477568K, used 1386303K [0x00007f0894600000, 0x00007f0be2900000, 0x00007f0de9b50000)
  eden space 11091200K,  12% used [0x00007f0894600000, 0x00007f08e8fcfda0, 0x00007f0b39540000)
  from space 1386368K,   0% used [0x00007f0b39540000, 0x00007f0b39540000, 0x00007f0b8df20000)
  to   space 1386368K,   0% used [0x00007f0b8df20000, 0x00007f0b8df20000, 0x00007f0be2900000)
 tenured generation   total 37432620K, used 37432619K [0x00007f0de9b50000, 0x00007f16d669b000, 0x00007f1894600000)
   the space 37432620K,  99% used [0x00007f0de9b50000, 0x00007f16d669ae08, 0x00007f16d669b000, 0x00007f16d669b000)
 Metaspace       used 30614K, capacity 31068K, committed 31232K, reserved 32768K
GC Heap History (20 events):
Event: 9.523 GC heap after
{Heap after GC invocations=6 (full 2):
 def new generation   total 1098624K, used 122047K [0x00007f0894600000, 0x00007f08dee10000, 0x00007f0de9b50000)
  eden space 976576K,   0% used [0x00007f0894600000, 0x00007f0894600000, 0x00007f08cffb0000)
  from space 122048K,  99% used [0x00007f08cffb0000, 0x00007f08d76dfff8, 0x00007f08d76e0000)
  to   space 122048K,   0% used [0x00007f08d76e0000, 0x00007f08d76e0000, 0x00007f08dee10000)
 tenured generation   total 3286080K, used 3286028K [0x00007f0de9b50000, 0x00007f0eb2460000, 0x00007f1894600000)
   the space 3286080K,  99% used [0x00007f0de9b50000, 0x00007f0eb2453118, 0x00007f0eb2453200, 0x00007f0eb2460000)
 Metaspace       used 30614K, capacity 31068K, committed 31232K, reserved 32768K
}
Event: 9.523 GC heap before
{Heap before GC invocations=6 (full 2):
 def new generation   total 1098624K, used 122047K [0x00007f0894600000, 0x00007f08dee10000, 0x00007f0de9b50000)
  eden space 976576K,   0% used [0x00007f0894600000, 0x00007f0894600000, 0x00007f08cffb0000)
  from space 122048K,  99% used [0x00007f08cffb0000, 0x00007f08d76dfff8, 0x00007f08d76e0000)
  to   space 122048K,   0% used [0x00007f08d76e0000, 0x00007f08d76e0000, 0x00007f08dee10000)
 tenured generation   total 3286080K, used 3286028K [0x00007f0de9b50000, 0x00007f0eb2460000, 0x00007f1894600000)
   the space 3286080K,  99% used [0x00007f0de9b50000, 0x00007f0eb2453118, 0x00007f0eb2453200, 0x00007f0eb2460000)
 Metaspace       used 30614K, capacity 31068K, committed 31232K, reserved 32768K
}
Event: 10.213 GC heap after
{Heap after GC invocations=6 (full 3):
 def new generation   total 2464640K, used 121996K [0x00007f0894600000, 0x00007f093b840000, 0x00007f0de9b50000)
  eden space 2190848K,   5% used [0x00007f0894600000, 0x00007f089bd23348, 0x00007f091a180000)
  from space 273792K,   0% used [0x00007f091a180000, 0x00007f091a180000, 0x00007f092ace0000)
  to   space 273792K,   0% used [0x00007f092ace0000, 0x00007f092ace0000, 0x00007f093b840000)
 tenured generation   total 5476800K, used 3286079K [0x00007f0de9b50000, 0x00007f0f37fc0000, 0x00007f1894600000)
   the space 5476800K,  59% used [0x00007f0de9b50000, 0x00007f0eb245fdc8, 0x00007f0eb245fe00, 0x00007f0f37fc0000)
 Metaspace       used 30614K, capacity 31068K, committed 31232K, reserved 32768K
}
Event: 10.547 GC heap before
{Heap before GC invocations=6 (full 3):
 def new generation   total 2464640K, used 2190848K [0x00007f0894600000, 0x00007f093b840000, 0x00007f0de9b50000)
  eden space 2190848K, 100% used [0x00007f0894600000, 0x00007f091a180000, 0x00007f091a180000)
  from space 273792K,   0% used [0x00007f091a180000, 0x00007f091a180000, 0x00007f092ace0000)
  to   space 273792K,   0% used [0x00007f092ace0000, 0x00007f092ace0000, 0x00007f093b840000)
 tenured generation   total 5476800K, used 3286079K [0x00007f0de9b50000, 0x00007f0f37fc0000, 0x00007f1894600000)
   the space 5476800K,  59% used [0x00007f0de9b50000, 0x00007f0eb245fdc8, 0x00007f0eb245fe00, 0x00007f0f37fc0000)
 Metaspace       used 30614K, capacity 31068K, committed 31232K, reserved 32768K
}
Event: 11.685 GC heap after
{Heap after GC invocations=7 (full 3):
 def new generation   total 2464640K, used 273791K [0x00007f0894600000, 0x00007f093b840000, 0x00007f0de9b50000)
  eden space 2190848K,   0% used [0x00007f0894600000, 0x00007f0894600000, 0x00007f091a180000)
  from space 273792K,  99% used [0x00007f092ace0000, 0x00007f093b83fc18, 0x00007f093b840000)
  to   space 273792K,   0% used [0x00007f091a180000, 0x00007f091a180000, 0x00007f092ace0000)
 tenured generation   total 5476800K, used 5203064K [0x00007f0de9b50000, 0x00007f0f37fc0000, 0x00007f1894600000)
   the space 5476800K,  95% used [0x00007f0de9b50000, 0x00007f0f2746e380, 0x00007f0f2746e400, 0x00007f0f37fc0000)
 Metaspace       used 30614K, capacity 31068K, committed 31232K, reserved 32768K
}
Event: 12.087 GC heap before
{Heap before GC invocations=7 (full 3):
 def new generation   total 2464640K, used 2464639K [0x00007f0894600000, 0x00007f093b840000, 0x00007f0de9b50000)
  eden space 2190848K, 100% used [0x00007f0894600000, 0x00007f091a180000, 0x00007f091a180000)
  from space 273792K,  99% used [0x00007f092ace0000, 0x00007f093b83fc18, 0x00007f093b840000)
  to   space 273792K,   0% used [0x00007f091a180000, 0x00007f091a180000, 0x00007f092ace0000)
 tenured generation   total 5476800K, used 5203064K [0x00007f0de9b50000, 0x00007f0f37fc0000, 0x00007f1894600000)
   the space 5476800K,  95% used [0x00007f0de9b50000, 0x00007f0f2746e380, 0x00007f0f2746e400, 0x00007f0f37fc0000)
 Metaspace       used 30614K, capacity 31068K, committed 31232K, reserved 32768K
}
Event: 13.724 GC heap after
{Heap after GC invocations=8 (full 3):
 def new generation   total 2464640K, used 273791K [0x00007f0894600000, 0x00007f093b840000, 0x00007f0de9b50000)
  eden space 2190848K,   0% used [0x00007f0894600000, 0x00007f0894600000, 0x00007f091a180000)
  from space 273792K,  99% used [0x00007f091a180000, 0x00007f092acdfc18, 0x00007f092ace0000)
  to   space 273792K,   0% used [0x00007f092ace0000, 0x00007f092ace0000, 0x00007f093b840000)
 tenured generation   total 7393920K, used 7393856K [0x00007f0de9b50000, 0x00007f0facff0000, 0x00007f1894600000)
   the space 7393920K,  99% used [0x00007f0de9b50000, 0x00007f0facfe02b8, 0x00007f0facfe0400, 0x00007f0facff0000)
 Metaspace       used 30614K, capacity 31068K, committed 31232K, reserved 32768K
}
Event: 13.724 GC heap before
{Heap before GC invocations=8 (full 3):
 def new generation   total 2464640K, used 273791K [0x00007f0894600000, 0x00007f093b840000, 0x00007f0de9b50000)
  eden space 2190848K,   0% used [0x00007f0894600000, 0x00007f0894600000, 0x00007f091a180000)
  from space 273792K,  99% used [0x00007f091a180000, 0x00007f092acdfc18, 0x00007f092ace0000)
  to   space 273792K,   0% used [0x00007f092ace0000, 0x00007f092ace0000, 0x00007f093b840000)
 tenured generation   total 7393920K, used 7393856K [0x00007f0de9b50000, 0x00007f0facff0000, 0x00007f1894600000)
   the space 7393920K,  99% used [0x00007f0de9b50000, 0x00007f0facfe02b8, 0x00007f0facfe0400, 0x00007f0facff0000)
 Metaspace       used 30614K, capacity 31068K, committed 31232K, reserved 32768K
}
Event: 18.745 GC heap after
{Heap after GC invocations=8 (full 4):
 def new generation   total 5545536K, used 268338K [0x00007f0894600000, 0x00007f0a0c740000, 0x00007f0de9b50000)
  eden space 4929408K,   5% used [0x00007f0894600000, 0x00007f08a4c0c898, 0x00007f09c13e0000)
  from space 616128K,   0% used [0x00007f09c13e0000, 0x00007f09c13e0000, 0x00007f09e6d90000)
  to   space 616128K,   0% used [0x00007f09e6d90000, 0x00007f09e6d90000, 0x00007f0a0c740000)
 tenured generation   total 12323200K, used 7393919K [0x00007f0de9b50000, 0x00007f10d9db0000, 0x00007f1894600000)
   the space 12323200K,  59% used [0x00007f0de9b50000, 0x00007f0facfefd60, 0x00007f0facfefe00, 0x00007f10d9db0000)
 Metaspace       used 30614K, capacity 31068K, committed 31232K, reserved 32768K
}
Event: 20.340 GC heap before
{Heap before GC invocations=8 (full 4):
 def new generation   total 5545536K, used 4929408K [0x00007f0894600000, 0x00007f0a0c740000, 0x00007f0de9b50000)
  eden space 4929408K, 100% used [0x00007f0894600000, 0x00007f09c13e0000, 0x00007f09c13e0000)
  from space 616128K,   0% used [0x00007f09c13e0000, 0x00007f09c13e0000, 0x00007f09e6d90000)
  to   space 616128K,   0% used [0x00007f09e6d90000, 0x00007f09e6d90000, 0x00007f0a0c740000)
 tenured generation   total 12323200K, used 7393919K [0x00007f0de9b50000, 0x00007f10d9db0000, 0x00007f1894600000)
   the space 12323200K,  59% used [0x00007f0de9b50000, 0x00007f0facfefd60, 0x00007f0facfefe00, 0x00007f10d9db0000)
 Metaspace       used 30614K, capacity 31068K, committed 31232K, reserved 32768K
}
Event: 25.248 GC heap after
{Heap after GC invocations=9 (full 4):
 def new generation   total 5545536K, used 616127K [0x00007f0894600000, 0x00007f0a0c740000, 0x00007f0de9b50000)
  eden space 4929408K,   0% used [0x00007f0894600000, 0x00007f0894600000, 0x00007f09c13e0000)
  from space 616128K,  99% used [0x00007f09e6d90000, 0x00007f0a0c73ff30, 0x00007f0a0c740000)
  to   space 616128K,   0% used [0x00007f09c13e0000, 0x00007f09c13e0000, 0x00007f09e6d90000)
 tenured generation   total 12323200K, used 11707134K [0x00007f0de9b50000, 0x00007f10d9db0000, 0x00007f1894600000)
   the space 12323200K,  95% used [0x00007f0de9b50000, 0x00007f10b440f908, 0x00007f10b440fa00, 0x00007f10d9db0000)
 Metaspace       used 30614K, capacity 31068K, committed 31232K, reserved 32768K
}
Event: 26.969 GC heap before
{Heap before GC invocations=9 (full 4):
 def new generation   total 5545536K, used 5545535K [0x00007f0894600000, 0x00007f0a0c740000, 0x00007f0de9b50000)
  eden space 4929408K, 100% used [0x00007f0894600000, 0x00007f09c13e0000, 0x00007f09c13e0000)
  from space 616128K,  99% used [0x00007f09e6d90000, 0x00007f0a0c73ff30, 0x00007f0a0c740000)
  to   space 616128K,   0% used [0x00007f09c13e0000, 0x00007f09c13e0000, 0x00007f09e6d90000)
 tenured generation   total 12323200K, used 11707134K [0x00007f0de9b50000, 0x00007f10d9db0000, 0x00007f1894600000)
   the space 12323200K,  95% used [0x00007f0de9b50000, 0x00007f10b440f908, 0x00007f10b440fa00, 0x00007f10d9db0000)
 Metaspace       used 30614K, capacity 31068K, committed 31232K, reserved 32768K
}
Event: 32.632 GC heap after
{Heap after GC invocations=10 (full 4):
 def new generation   total 5545536K, used 616127K [0x00007f0894600000, 0x00007f0a0c740000, 0x00007f0de9b50000)
  eden space 4929408K,   0% used [0x00007f0894600000, 0x00007f0894600000, 0x00007f09c13e0000)
  from space 616128K,  99% used [0x00007f09c13e0000, 0x00007f09e6d8ff30, 0x00007f09e6d90000)
  to   space 616128K,   0% used [0x00007f09e6d90000, 0x00007f09e6d90000, 0x00007f0a0c740000)
 tenured generation   total 16636672K, used 16636509K [0x00007f0de9b50000, 0x00007f11e1210000, 0x00007f1894600000)
   the space 16636672K,  99% used [0x00007f0de9b50000, 0x00007f11e11e76e0, 0x00007f11e11e7800, 0x00007f11e1210000)
 Metaspace       used 30614K, capacity 31068K, committed 31232K, reserved 32768K
}
Event: 32.632 GC heap before
{Heap before GC invocations=10 (full 4):
 def new generation   total 5545536K, used 616127K [0x00007f0894600000, 0x00007f0a0c740000, 0x00007f0de9b50000)
  eden space 4929408K,   0% used [0x00007f0894600000, 0x00007f0894600000, 0x00007f09c13e0000)
  from space 616128K,  99% used [0x00007f09c13e0000, 0x00007f09e6d8ff30, 0x00007f09e6d90000)
  to   space 616128K,   0% used [0x00007f09e6d90000, 0x00007f09e6d90000, 0x00007f0a0c740000)
 tenured generation   total 16636672K, used 16636509K [0x00007f0de9b50000, 0x00007f11e1210000, 0x00007f1894600000)
   the space 16636672K,  99% used [0x00007f0de9b50000, 0x00007f11e11e76e0, 0x00007f11e11e7800, 0x00007f11e1210000)
 Metaspace       used 30614K, capacity 31068K, committed 31232K, reserved 32768K
}
Event: 37.101 GC heap after
{Heap after GC invocations=10 (full 5):
 def new generation   total 12477568K, used 615966K [0x00007f0894600000, 0x00007f0be2900000, 0x00007f0de9b50000)
  eden space 11091200K,   5% used [0x00007f0894600000, 0x00007f08b9f87860, 0x00007f0b39540000)
  from space 1386368K,   0% used [0x00007f0b39540000, 0x00007f0b39540000, 0x00007f0b8df20000)
  to   space 1386368K,   0% used [0x00007f0b8df20000, 0x00007f0b8df20000, 0x00007f0be2900000)
 tenured generation   total 27727788K, used 16636671K [0x00007f0de9b50000, 0x00007f148613b000, 0x00007f1894600000)
   the space 27727788K,  59% used [0x00007f0de9b50000, 0x00007f11e120fdb0, 0x00007f11e120fe00, 0x00007f148613b000)
 Metaspace       used 30614K, capacity 31068K, committed 31232K, reserved 32768K
}
Event: 41.229 GC heap before
{Heap before GC invocations=10 (full 5):
 def new generation   total 12477568K, used 11091200K [0x00007f0894600000, 0x00007f0be2900000, 0x00007f0de9b50000)
  eden space 11091200K, 100% used [0x00007f0894600000, 0x00007f0b39540000, 0x00007f0b39540000)
  from space 1386368K,   0% used [0x00007f0b39540000, 0x00007f0b39540000, 0x00007f0b8df20000)
  to   space 1386368K,   0% used [0x00007f0b8df20000, 0x00007f0b8df20000, 0x00007f0be2900000)
 tenured generation   total 27727788K, used 16636671K [0x00007f0de9b50000, 0x00007f148613b000, 0x00007f1894600000)
   the space 27727788K,  59% used [0x00007f0de9b50000, 0x00007f11e120fdb0, 0x00007f11e120fe00, 0x00007f148613b000)
 Metaspace       used 30614K, capacity 31068K, committed 31232K, reserved 32768K
}
Event: 53.093 GC heap after
{Heap after GC invocations=11 (full 5):
 def new generation   total 12477568K, used 1386367K [0x00007f0894600000, 0x00007f0be2900000, 0x00007f0de9b50000)
  eden space 11091200K,   0% used [0x00007f0894600000, 0x00007f0894600000, 0x00007f0b39540000)
  from space 1386368K,  99% used [0x00007f0b8df20000, 0x00007f0be28fff88, 0x00007f0be2900000)
  to   space 1386368K,   0% used [0x00007f0b39540000, 0x00007f0b39540000, 0x00007f0b8df20000)
 tenured generation   total 27727788K, used 26341433K [0x00007f0de9b50000, 0x00007f148613b000, 0x00007f1894600000)
   the space 27727788K,  95% used [0x00007f0de9b50000, 0x00007f143175e790, 0x00007f143175e800, 0x00007f148613b000)
 Metaspace       used 30614K, capacity 31068K, committed 31232K, reserved 32768K
}
Event: 56.593 GC heap before
{Heap before GC invocations=11 (full 5):
 def new generation   total 12477568K, used 12477567K [0x00007f0894600000, 0x00007f0be2900000, 0x00007f0de9b50000)
  eden space 11091200K, 100% used [0x00007f0894600000, 0x00007f0b39540000, 0x00007f0b39540000)
  from space 1386368K,  99% used [0x00007f0b8df20000, 0x00007f0be28fff88, 0x00007f0be2900000)
  to   space 1386368K,   0% used [0x00007f0b39540000, 0x00007f0b39540000, 0x00007f0b8df20000)
 tenured generation   total 27727788K, used 26341433K [0x00007f0de9b50000, 0x00007f148613b000, 0x00007f1894600000)
   the space 27727788K,  95% used [0x00007f0de9b50000, 0x00007f143175e790, 0x00007f143175e800, 0x00007f148613b000)
 Metaspace       used 30614K, capacity 31068K, committed 31232K, reserved 32768K
}
Event: 74.303 GC heap after
{Heap after GC invocations=12 (full 5):
 def new generation   total 12477568K, used 1386367K [0x00007f0894600000, 0x00007f0be2900000, 0x00007f0de9b50000)
  eden space 11091200K,   0% used [0x00007f0894600000, 0x00007f0894600000, 0x00007f0b39540000)
  from space 1386368K,  99% used [0x00007f0b39540000, 0x00007f0b8df1ff88, 0x00007f0b8df20000)
  to   space 1386368K,   0% used [0x00007f0b8df20000, 0x00007f0b8df20000, 0x00007f0be2900000)
 tenured generation   total 37432620K, used 37432555K [0x00007f0de9b50000, 0x00007f16d669b000, 0x00007f1894600000)
   the space 37432620K,  99% used [0x00007f0de9b50000, 0x00007f16d668ac20, 0x00007f16d668ae00, 0x00007f16d669b000)
 Metaspace       used 30614K, capacity 31068K, committed 31232K, reserved 32768K
}
Event: 74.303 GC heap before
{Heap before GC invocations=12 (full 5):
 def new generation   total 12477568K, used 1386367K [0x00007f0894600000, 0x00007f0be2900000, 0x00007f0de9b50000)
  eden space 11091200K,   0% used [0x00007f0894600000, 0x00007f0894600000, 0x00007f0b39540000)
  from space 1386368K,  99% used [0x00007f0b39540000, 0x00007f0b8df1ff88, 0x00007f0b8df20000)
  to   space 1386368K,   0% used [0x00007f0b8df20000, 0x00007f0b8df20000, 0x00007f0be2900000)
 tenured generation   total 37432620K, used 37432555K [0x00007f0de9b50000, 0x00007f16d669b000, 0x00007f1894600000)
   the space 37432620K,  99% used [0x00007f0de9b50000, 0x00007f16d668ac20, 0x00007f16d668ae00, 0x00007f16d669b000)
 Metaspace       used 30614K, capacity 31068K, committed 31232K, reserved 32768K
}

