# JRE version: OpenJDK Runtime Environment (13.0.7+5) (build 13.0.7+5-Ubuntu-0ubuntu120.04)
# Java VM: OpenJDK 64-Bit Server VM (13.0.7+5-Ubuntu-0ubuntu120.04, mixed mode, tiered, serial gc, linux-amd64)
Heap:
 def new generation   total 4764160K, used 34079K [0x00007f485c600000, 0x00007f499f770000, 0x00007f53070a0000)
  eden space 4234816K,   0% used [0x00007f485c600000, 0x00007f485e747e20, 0x00007f495ed90000)
  from space 529344K,   0% used [0x00007f497f280000, 0x00007f497f280000, 0x00007f499f770000)
  to   space 529344K,   0% used [0x00007f495ed90000, 0x00007f495ed90000, 0x00007f497f280000)
 tenured generation   total 10603360K, used 10591213K [0x00007f53070a0000, 0x00007f558e378000, 0x00007f685c600000)
   the space 10603360K,  99% used [0x00007f53070a0000, 0x00007f558d79b580, 0x00007f558d79b600, 0x00007f558e378000)
 Metaspace       used 24229K, capacity 24639K, committed 24832K, reserved 26624K
GC Heap History (20 events):
Event: 2043.664 GC heap after
{Heap after GC invocations=1434 (full 7):
 def new generation   total 4764160K, used 263109K [0x00007f485c600000, 0x00007f499f770000, 0x00007f53070a0000)
  eden space 4234816K,   0% used [0x00007f485c600000, 0x00007f485c600000, 0x00007f495ed90000)
  from space 529344K,  49% used [0x00007f495ed90000, 0x00007f496ee81418, 0x00007f497f280000)
  to   space 529344K,   0% used [0x00007f497f280000, 0x00007f497f280000, 0x00007f499f770000)
 tenured generation   total 10586972K, used 10455166K [0x00007f53070a0000, 0x00007f558d377000, 0x00007f685c600000)
   the space 10586972K,  98% used [0x00007f53070a0000, 0x00007f55852bf818, 0x00007f55852bfa00, 0x00007f558d377000)
 Metaspace       used 24229K, capacity 24639K, committed 24832K, reserved 26624K
}
Event: 2047.825 GC heap before
{Heap before GC invocations=1434 (full 7):
 def new generation   total 4764160K, used 4497925K [0x00007f485c600000, 0x00007f499f770000, 0x00007f53070a0000)
  eden space 4234816K, 100% used [0x00007f485c600000, 0x00007f495ed90000, 0x00007f495ed90000)
  from space 529344K,  49% used [0x00007f495ed90000, 0x00007f496ee81418, 0x00007f497f280000)
  to   space 529344K,   0% used [0x00007f497f280000, 0x00007f497f280000, 0x00007f499f770000)
 tenured generation   total 10586972K, used 10455166K [0x00007f53070a0000, 0x00007f558d377000, 0x00007f685c600000)
   the space 10586972K,  98% used [0x00007f53070a0000, 0x00007f55852bf818, 0x00007f55852bfa00, 0x00007f558d377000)
 Metaspace       used 24229K, capacity 24639K, committed 24832K, reserved 26624K
}
Event: 2048.017 GC heap after
{Heap after GC invocations=1435 (full 7):
 def new generation   total 4764160K, used 260556K [0x00007f485c600000, 0x00007f499f770000, 0x00007f53070a0000)
  eden space 4234816K,   0% used [0x00007f485c600000, 0x00007f485c600000, 0x00007f495ed90000)
  from space 529344K,  49% used [0x00007f497f280000, 0x00007f498f0f32b0, 0x00007f499f770000)
  to   space 529344K,   0% used [0x00007f495ed90000, 0x00007f495ed90000, 0x00007f497f280000)
 tenured generation   total 10586972K, used 10472124K [0x00007f53070a0000, 0x00007f558d377000, 0x00007f685c600000)
   the space 10586972K,  98% used [0x00007f53070a0000, 0x00007f558634f390, 0x00007f558634f400, 0x00007f558d377000)
 Metaspace       used 24229K, capacity 24639K, committed 24832K, reserved 26624K
}
Event: 2052.431 GC heap before
{Heap before GC invocations=1435 (full 7):
 def new generation   total 4764160K, used 4485196K [0x00007f485c600000, 0x00007f499f770000, 0x00007f53070a0000)
  eden space 4234816K,  99% used [0x00007f485c600000, 0x00007f495e39ff60, 0x00007f495ed90000)
  from space 529344K,  49% used [0x00007f497f280000, 0x00007f498f0f32b0, 0x00007f499f770000)
  to   space 529344K,   0% used [0x00007f495ed90000, 0x00007f495ed90000, 0x00007f497f280000)
 tenured generation   total 10586972K, used 10472124K [0x00007f53070a0000, 0x00007f558d377000, 0x00007f685c600000)
   the space 10586972K,  98% used [0x00007f53070a0000, 0x00007f558634f390, 0x00007f558634f400, 0x00007f558d377000)
 Metaspace       used 24229K, capacity 24639K, committed 24832K, reserved 26624K
}
Event: 2052.608 GC heap after
{Heap after GC invocations=1436 (full 7):
 def new generation   total 4764160K, used 258504K [0x00007f485c600000, 0x00007f499f770000, 0x00007f53070a0000)
  eden space 4234816K,   0% used [0x00007f485c600000, 0x00007f485c600000, 0x00007f495ed90000)
  from space 529344K,  48% used [0x00007f495ed90000, 0x00007f496ea02240, 0x00007f497f280000)
  to   space 529344K,   0% used [0x00007f497f280000, 0x00007f497f280000, 0x00007f499f770000)
 tenured generation   total 10586972K, used 10489083K [0x00007f53070a0000, 0x00007f558d377000, 0x00007f685c600000)
   the space 10586972K,  99% used [0x00007f53070a0000, 0x00007f55873def08, 0x00007f55873df000, 0x00007f558d377000)
 Metaspace       used 24229K, capacity 24639K, committed 24832K, reserved 26624K
}
Event: 2056.657 GC heap before
{Heap before GC invocations=1436 (full 7):
 def new generation   total 4764160K, used 4493320K [0x00007f485c600000, 0x00007f499f770000, 0x00007f53070a0000)
  eden space 4234816K, 100% used [0x00007f485c600000, 0x00007f495ed90000, 0x00007f495ed90000)
  from space 529344K,  48% used [0x00007f495ed90000, 0x00007f496ea02240, 0x00007f497f280000)
  to   space 529344K,   0% used [0x00007f497f280000, 0x00007f497f280000, 0x00007f499f770000)
 tenured generation   total 10586972K, used 10489083K [0x00007f53070a0000, 0x00007f558d377000, 0x00007f685c600000)
   the space 10586972K,  99% used [0x00007f53070a0000, 0x00007f55873def08, 0x00007f55873df000, 0x00007f558d377000)
 Metaspace       used 24229K, capacity 24639K, committed 24832K, reserved 26624K
}
Event: 2056.896 GC heap after
{Heap after GC invocations=1437 (full 7):
 def new generation   total 4764160K, used 257473K [0x00007f485c600000, 0x00007f499f770000, 0x00007f53070a0000)
  eden space 4234816K,   0% used [0x00007f485c600000, 0x00007f485c600000, 0x00007f495ed90000)
  from space 529344K,  48% used [0x00007f497f280000, 0x00007f498edf0558, 0x00007f499f770000)
  to   space 529344K,   0% used [0x00007f495ed90000, 0x00007f495ed90000, 0x00007f497f280000)
 tenured generation   total 10586972K, used 10506042K [0x00007f53070a0000, 0x00007f558d377000, 0x00007f685c600000)
   the space 10586972K,  99% used [0x00007f53070a0000, 0x00007f558846ea80, 0x00007f558846ec00, 0x00007f558d377000)
 Metaspace       used 24229K, capacity 24639K, committed 24832K, reserved 26624K
}
Event: 2061.065 GC heap before
{Heap before GC invocations=1437 (full 7):
 def new generation   total 4764160K, used 4485189K [0x00007f485c600000, 0x00007f499f770000, 0x00007f53070a0000)
  eden space 4234816K,  99% used [0x00007f485c600000, 0x00007f495e6a1040, 0x00007f495ed90000)
  from space 529344K,  48% used [0x00007f497f280000, 0x00007f498edf0558, 0x00007f499f770000)
  to   space 529344K,   0% used [0x00007f495ed90000, 0x00007f495ed90000, 0x00007f497f280000)
 tenured generation   total 10586972K, used 10506042K [0x00007f53070a0000, 0x00007f558d377000, 0x00007f685c600000)
   the space 10586972K,  99% used [0x00007f53070a0000, 0x00007f558846ea80, 0x00007f558846ec00, 0x00007f558d377000)
 Metaspace       used 24229K, capacity 24639K, committed 24832K, reserved 26624K
}
Event: 2061.311 GC heap after
{Heap after GC invocations=1438 (full 7):
 def new generation   total 4764160K, used 255930K [0x00007f485c600000, 0x00007f499f770000, 0x00007f53070a0000)
  eden space 4234816K,   0% used [0x00007f485c600000, 0x00007f485c600000, 0x00007f495ed90000)
  from space 529344K,  48% used [0x00007f495ed90000, 0x00007f496e77e8f8, 0x00007f497f280000)
  to   space 529344K,   0% used [0x00007f497f280000, 0x00007f497f280000, 0x00007f499f770000)
 tenured generation   total 10586972K, used 10523001K [0x00007f53070a0000, 0x00007f558d377000, 0x00007f685c600000)
   the space 10586972K,  99% used [0x00007f53070a0000, 0x00007f55894fe5f8, 0x00007f55894fe600, 0x00007f558d377000)
 Metaspace       used 24229K, capacity 24639K, committed 24832K, reserved 26624K
}
Event: 2065.493 GC heap before
{Heap before GC invocations=1438 (full 7):
 def new generation   total 4764160K, used 4490746K [0x00007f485c600000, 0x00007f499f770000, 0x00007f53070a0000)
  eden space 4234816K, 100% used [0x00007f485c600000, 0x00007f495ed90000, 0x00007f495ed90000)
  from space 529344K,  48% used [0x00007f495ed90000, 0x00007f496e77e8f8, 0x00007f497f280000)
  to   space 529344K,   0% used [0x00007f497f280000, 0x00007f497f280000, 0x00007f499f770000)
 tenured generation   total 10586972K, used 10523001K [0x00007f53070a0000, 0x00007f558d377000, 0x00007f685c600000)
   the space 10586972K,  99% used [0x00007f53070a0000, 0x00007f55894fe5f8, 0x00007f55894fe600, 0x00007f558d377000)
 Metaspace       used 24229K, capacity 24639K, committed 24832K, reserved 26624K
}
Event: 2065.659 GC heap after
{Heap after GC invocations=1439 (full 7):
 def new generation   total 4764160K, used 271836K [0x00007f485c600000, 0x00007f499f770000, 0x00007f53070a0000)
  eden space 4234816K,   0% used [0x00007f485c600000, 0x00007f485c600000, 0x00007f495ed90000)
  from space 529344K,  51% used [0x00007f497f280000, 0x00007f498fbf7268, 0x00007f499f770000)
  to   space 529344K,   0% used [0x00007f495ed90000, 0x00007f495ed90000, 0x00007f497f280000)
 tenured generation   total 10586972K, used 10523001K [0x00007f53070a0000, 0x00007f558d377000, 0x00007f685c600000)
   the space 10586972K,  99% used [0x00007f53070a0000, 0x00007f55894fe5f8, 0x00007f55894fe600, 0x00007f558d377000)
 Metaspace       used 24229K, capacity 24639K, committed 24832K, reserved 26624K
}
Event: 2069.803 GC heap before
{Heap before GC invocations=1439 (full 7):
 def new generation   total 4764160K, used 4506652K [0x00007f485c600000, 0x00007f499f770000, 0x00007f53070a0000)
  eden space 4234816K, 100% used [0x00007f485c600000, 0x00007f495ed90000, 0x00007f495ed90000)
  from space 529344K,  51% used [0x00007f497f280000, 0x00007f498fbf7268, 0x00007f499f770000)
  to   space 529344K,   0% used [0x00007f495ed90000, 0x00007f495ed90000, 0x00007f497f280000)
 tenured generation   total 10586972K, used 10523001K [0x00007f53070a0000, 0x00007f558d377000, 0x00007f685c600000)
   the space 10586972K,  99% used [0x00007f53070a0000, 0x00007f55894fe5f8, 0x00007f55894fe600, 0x00007f558d377000)
 Metaspace       used 24229K, capacity 24639K, committed 24832K, reserved 26624K
}
Event: 2070.003 GC heap after
{Heap after GC invocations=1440 (full 7):
 def new generation   total 4764160K, used 271834K [0x00007f485c600000, 0x00007f499f770000, 0x00007f53070a0000)
  eden space 4234816K,   0% used [0x00007f485c600000, 0x00007f485c600000, 0x00007f495ed90000)
  from space 529344K,  51% used [0x00007f495ed90000, 0x00007f496f706820, 0x00007f497f280000)
  to   space 529344K,   0% used [0x00007f497f280000, 0x00007f497f280000, 0x00007f499f770000)
 tenured generation   total 10586972K, used 10539960K [0x00007f53070a0000, 0x00007f558d377000, 0x00007f685c600000)
   the space 10586972K,  99% used [0x00007f53070a0000, 0x00007f558a58e170, 0x00007f558a58e200, 0x00007f558d377000)
 Metaspace       used 24229K, capacity 24639K, committed 24832K, reserved 26624K
}
Event: 2074.184 GC heap before
{Heap before GC invocations=1440 (full 7):
 def new generation   total 4764160K, used 4506650K [0x00007f485c600000, 0x00007f499f770000, 0x00007f53070a0000)
  eden space 4234816K, 100% used [0x00007f485c600000, 0x00007f495ed90000, 0x00007f495ed90000)
  from space 529344K,  51% used [0x00007f495ed90000, 0x00007f496f706820, 0x00007f497f280000)
  to   space 529344K,   0% used [0x00007f497f280000, 0x00007f497f280000, 0x00007f499f770000)
 tenured generation   total 10586972K, used 10539960K [0x00007f53070a0000, 0x00007f558d377000, 0x00007f685c600000)
   the space 10586972K,  99% used [0x00007f53070a0000, 0x00007f558a58e170, 0x00007f558a58e200, 0x00007f558d377000)
 Metaspace       used 24229K, capacity 24639K, committed 24832K, reserved 26624K
}
Event: 2074.365 GC heap after
{Heap after GC invocations=1441 (full 7):
 def new generation   total 4764160K, used 271834K [0x00007f485c600000, 0x00007f499f770000, 0x00007f53070a0000)
  eden space 4234816K,   0% used [0x00007f485c600000, 0x00007f485c600000, 0x00007f495ed90000)
  from space 529344K,  51% used [0x00007f497f280000, 0x00007f498fbf6820, 0x00007f499f770000)
  to   space 529344K,   0% used [0x00007f495ed90000, 0x00007f495ed90000, 0x00007f497f280000)
 tenured generation   total 10586972K, used 10556919K [0x00007f53070a0000, 0x00007f558d377000, 0x00007f685c600000)
   the space 10586972K,  99% used [0x00007f53070a0000, 0x00007f558b61dce8, 0x00007f558b61de00, 0x00007f558d377000)
 Metaspace       used 24229K, capacity 24639K, committed 24832K, reserved 26624K
}
Event: 2078.394 GC heap before
{Heap before GC invocations=1441 (full 7):
 def new generation   total 4764160K, used 4506650K [0x00007f485c600000, 0x00007f499f770000, 0x00007f53070a0000)
  eden space 4234816K, 100% used [0x00007f485c600000, 0x00007f495ed90000, 0x00007f495ed90000)
  from space 529344K,  51% used [0x00007f497f280000, 0x00007f498fbf6820, 0x00007f499f770000)
  to   space 529344K,   0% used [0x00007f495ed90000, 0x00007f495ed90000, 0x00007f497f280000)
 tenured generation   total 10586972K, used 10556919K [0x00007f53070a0000, 0x00007f558d377000, 0x00007f685c600000)
   the space 10586972K,  99% used [0x00007f53070a0000, 0x00007f558b61dce8, 0x00007f558b61de00, 0x00007f558d377000)
 Metaspace       used 24229K, capacity 24639K, committed 24832K, reserved 26624K
}
Event: 2078.589 GC heap after
{Heap after GC invocations=1442 (full 7):
 def new generation   total 4764160K, used 271321K [0x00007f485c600000, 0x00007f499f770000, 0x00007f53070a0000)
  eden space 4234816K,   0% used [0x00007f485c600000, 0x00007f485c600000, 0x00007f495ed90000)
  from space 529344K,  51% used [0x00007f495ed90000, 0x00007f496f6867e0, 0x00007f497f280000)
  to   space 529344K,   0% used [0x00007f497f280000, 0x00007f497f280000, 0x00007f499f770000)
 tenured generation   total 10586972K, used 10573878K [0x00007f53070a0000, 0x00007f558d377000, 0x00007f685c600000)
   the space 10586972K,  99% used [0x00007f53070a0000, 0x00007f558c6ad860, 0x00007f558c6ada00, 0x00007f558d377000)
 Metaspace       used 24229K, capacity 24639K, committed 24832K, reserved 26624K
}
Event: 2082.763 GC heap before
{Heap before GC invocations=1442 (full 7):
 def new generation   total 4764160K, used 4506137K [0x00007f485c600000, 0x00007f499f770000, 0x00007f53070a0000)
  eden space 4234816K, 100% used [0x00007f485c600000, 0x00007f495ed90000, 0x00007f495ed90000)
  from space 529344K,  51% used [0x00007f495ed90000, 0x00007f496f6867e0, 0x00007f497f280000)
  to   space 529344K,   0% used [0x00007f497f280000, 0x00007f497f280000, 0x00007f499f770000)
 tenured generation   total 10586972K, used 10573878K [0x00007f53070a0000, 0x00007f558d377000, 0x00007f685c600000)
   the space 10586972K,  99% used [0x00007f53070a0000, 0x00007f558c6ad860, 0x00007f558c6ada00, 0x00007f558d377000)
 Metaspace       used 24229K, capacity 24639K, committed 24832K, reserved 26624K
}
Event: 2082.957 GC heap after
{Heap after GC invocations=1443 (full 7):
 def new generation   total 4764160K, used 271834K [0x00007f485c600000, 0x00007f499f770000, 0x00007f53070a0000)
  eden space 4234816K,   0% used [0x00007f485c600000, 0x00007f485c600000, 0x00007f495ed90000)
  from space 529344K,  51% used [0x00007f497f280000, 0x00007f498fbf6820, 0x00007f499f770000)
  to   space 529344K,   0% used [0x00007f495ed90000, 0x00007f495ed90000, 0x00007f497f280000)
 tenured generation   total 10603360K, used 10590836K [0x00007f53070a0000, 0x00007f558e378000, 0x00007f685c600000)
   the space 10603360K,  99% used [0x00007f53070a0000, 0x00007f558d73d3d8, 0x00007f558d73d400, 0x00007f558e378000)
 Metaspace       used 24229K, capacity 24639K, committed 24832K, reserved 26624K
}
Event: 2082.957 GC heap before
{Heap before GC invocations=1443 (full 7):
 def new generation   total 4764160K, used 271834K [0x00007f485c600000, 0x00007f499f770000, 0x00007f53070a0000)
  eden space 4234816K,   0% used [0x00007f485c600000, 0x00007f485c600000, 0x00007f495ed90000)
  from space 529344K,  51% used [0x00007f497f280000, 0x00007f498fbf6820, 0x00007f499f770000)
  to   space 529344K,   0% used [0x00007f495ed90000, 0x00007f495ed90000, 0x00007f497f280000)
 tenured generation   total 10603360K, used 10590836K [0x00007f53070a0000, 0x00007f558e378000, 0x00007f685c600000)
   the space 10603360K,  99% used [0x00007f53070a0000, 0x00007f558d73d3d8, 0x00007f558d73d400, 0x00007f558e378000)
 Metaspace       used 24229K, capacity 24639K, committed 24832K, reserved 26624K
}

