# JRE version: OpenJDK Runtime Environment (13.0.7+5) (build 13.0.7+5-Ubuntu-0ubuntu120.04)
# Java VM: OpenJDK 64-Bit Server VM (13.0.7+5-Ubuntu-0ubuntu120.04, mixed mode, tiered, serial gc, linux-amd64)
Heap:
 def new generation   total 1400192K, used 65732K [0x00007f3fd0600000, 0x00007f402f540000, 0x00007f4a7b0a0000)
  eden space 1244672K,   5% used [0x00007f3fd0600000, 0x00007f3fd4631200, 0x00007f401c580000)
  from space 155520K,   0% used [0x00007f401c580000, 0x00007f401c580000, 0x00007f4025d60000)
  to   space 155520K,   0% used [0x00007f4025d60000, 0x00007f4025d60000, 0x00007f402f540000)
 tenured generation   total 3127780K, used 3127464K [0x00007f4a7b0a0000, 0x00007f4b39f19000, 0x00007f5fd0600000)
   the space 3127780K,  99% used [0x00007f4a7b0a0000, 0x00007f4b39eca2d8, 0x00007f4b39eca400, 0x00007f4b39f19000)
 Metaspace       used 24247K, capacity 24625K, committed 24832K, reserved 26624K
GC Heap History (20 events):
Event: 954.241 GC heap after
{Heap after GC invocations=1086 (full 5):
 def new generation   total 1400192K, used 88919K [0x00007f3fd0600000, 0x00007f402f540000, 0x00007f4a7b0a0000)
  eden space 1244672K,   0% used [0x00007f3fd0600000, 0x00007f3fd0600000, 0x00007f401c580000)
  from space 155520K,  57% used [0x00007f4025d60000, 0x00007f402b435eb0, 0x00007f402f540000)
  to   space 155520K,   0% used [0x00007f401c580000, 0x00007f401c580000, 0x00007f4025d60000)
 tenured generation   total 3111392K, used 3057044K [0x00007f4a7b0a0000, 0x00007f4b38f18000, 0x00007f5fd0600000)
   the space 3111392K,  98% used [0x00007f4a7b0a0000, 0x00007f4b35a052e8, 0x00007f4b35a05400, 0x00007f4b38f18000)
 Metaspace       used 24247K, capacity 24625K, committed 24832K, reserved 26624K
}
Event: 955.489 GC heap before
{Heap before GC invocations=1086 (full 5):
 def new generation   total 1400192K, used 1333591K [0x00007f3fd0600000, 0x00007f402f540000, 0x00007f4a7b0a0000)
  eden space 1244672K, 100% used [0x00007f3fd0600000, 0x00007f401c580000, 0x00007f401c580000)
  from space 155520K,  57% used [0x00007f4025d60000, 0x00007f402b435eb0, 0x00007f402f540000)
  to   space 155520K,   0% used [0x00007f401c580000, 0x00007f401c580000, 0x00007f4025d60000)
 tenured generation   total 3111392K, used 3057044K [0x00007f4a7b0a0000, 0x00007f4b38f18000, 0x00007f5fd0600000)
   the space 3111392K,  98% used [0x00007f4a7b0a0000, 0x00007f4b35a052e8, 0x00007f4b35a05400, 0x00007f4b38f18000)
 Metaspace       used 24247K, capacity 24625K, committed 24832K, reserved 26624K
}
Event: 955.563 GC heap after
{Heap after GC invocations=1087 (full 5):
 def new generation   total 1400192K, used 67813K [0x00007f3fd0600000, 0x00007f402f540000, 0x00007f4a7b0a0000)
  eden space 1244672K,   0% used [0x00007f3fd0600000, 0x00007f3fd0600000, 0x00007f401c580000)
  from space 155520K,  43% used [0x00007f401c580000, 0x00007f40207b94b0, 0x00007f4025d60000)
  to   space 155520K,   0% used [0x00007f4025d60000, 0x00007f4025d60000, 0x00007f402f540000)
 tenured generation   total 3111392K, used 3074003K [0x00007f4a7b0a0000, 0x00007f4b38f18000, 0x00007f5fd0600000)
   the space 3111392K,  98% used [0x00007f4a7b0a0000, 0x00007f4b36a94dd0, 0x00007f4b36a94e00, 0x00007f4b38f18000)
 Metaspace       used 24247K, capacity 24625K, committed 24832K, reserved 26624K
}
Event: 956.690 GC heap before
{Heap before GC invocations=1087 (full 5):
 def new generation   total 1400192K, used 1308443K [0x00007f3fd0600000, 0x00007f402f540000, 0x00007f4a7b0a0000)
  eden space 1244672K,  99% used [0x00007f3fd0600000, 0x00007f401c18da90, 0x00007f401c580000)
  from space 155520K,  43% used [0x00007f401c580000, 0x00007f40207b94b0, 0x00007f4025d60000)
  to   space 155520K,   0% used [0x00007f4025d60000, 0x00007f4025d60000, 0x00007f402f540000)
 tenured generation   total 3111392K, used 3074003K [0x00007f4a7b0a0000, 0x00007f4b38f18000, 0x00007f5fd0600000)
   the space 3111392K,  98% used [0x00007f4a7b0a0000, 0x00007f4b36a94dd0, 0x00007f4b36a94e00, 0x00007f4b38f18000)
 Metaspace       used 24247K, capacity 24625K, committed 24832K, reserved 26624K
}
Event: 956.743 GC heap after
{Heap after GC invocations=1088 (full 5):
 def new generation   total 1400192K, used 80187K [0x00007f3fd0600000, 0x00007f402f540000, 0x00007f4a7b0a0000)
  eden space 1244672K,   0% used [0x00007f3fd0600000, 0x00007f3fd0600000, 0x00007f401c580000)
  from space 155520K,  51% used [0x00007f4025d60000, 0x00007f402abaed20, 0x00007f402f540000)
  to   space 155520K,   0% used [0x00007f401c580000, 0x00007f401c580000, 0x00007f4025d60000)
 tenured generation   total 3111392K, used 3074003K [0x00007f4a7b0a0000, 0x00007f4b38f18000, 0x00007f5fd0600000)
   the space 3111392K,  98% used [0x00007f4a7b0a0000, 0x00007f4b36a94dd0, 0x00007f4b36a94e00, 0x00007f4b38f18000)
 Metaspace       used 24247K, capacity 24625K, committed 24832K, reserved 26624K
}
Event: 958.143 GC heap before
{Heap before GC invocations=1088 (full 5):
 def new generation   total 1400192K, used 1313422K [0x00007f3fd0600000, 0x00007f402f540000, 0x00007f4a7b0a0000)
  eden space 1244672K,  99% used [0x00007f3fd0600000, 0x00007f401ba54d70, 0x00007f401c580000)
  from space 155520K,  51% used [0x00007f4025d60000, 0x00007f402abaed20, 0x00007f402f540000)
  to   space 155520K,   0% used [0x00007f401c580000, 0x00007f401c580000, 0x00007f4025d60000)
 tenured generation   total 3111392K, used 3074003K [0x00007f4a7b0a0000, 0x00007f4b38f18000, 0x00007f5fd0600000)
   the space 3111392K,  98% used [0x00007f4a7b0a0000, 0x00007f4b36a94dd0, 0x00007f4b36a94e00, 0x00007f4b38f18000)
 Metaspace       used 24247K, capacity 24625K, committed 24832K, reserved 26624K
}
Event: 958.221 GC heap after
{Heap after GC invocations=1089 (full 5):
 def new generation   total 1400192K, used 64229K [0x00007f3fd0600000, 0x00007f402f540000, 0x00007f4a7b0a0000)
  eden space 1244672K,   0% used [0x00007f3fd0600000, 0x00007f3fd0600000, 0x00007f401c580000)
  from space 155520K,  41% used [0x00007f401c580000, 0x00007f40204395e8, 0x00007f4025d60000)
  to   space 155520K,   0% used [0x00007f4025d60000, 0x00007f4025d60000, 0x00007f402f540000)
 tenured generation   total 3111392K, used 3090962K [0x00007f4a7b0a0000, 0x00007f4b38f18000, 0x00007f5fd0600000)
   the space 3111392K,  99% used [0x00007f4a7b0a0000, 0x00007f4b37b248b8, 0x00007f4b37b24a00, 0x00007f4b38f18000)
 Metaspace       used 24247K, capacity 24625K, committed 24832K, reserved 26624K
}
Event: 959.450 GC heap before
{Heap before GC invocations=1089 (full 5):
 def new generation   total 1400192K, used 1308901K [0x00007f3fd0600000, 0x00007f402f540000, 0x00007f4a7b0a0000)
  eden space 1244672K, 100% used [0x00007f3fd0600000, 0x00007f401c580000, 0x00007f401c580000)
  from space 155520K,  41% used [0x00007f401c580000, 0x00007f40204395e8, 0x00007f4025d60000)
  to   space 155520K,   0% used [0x00007f4025d60000, 0x00007f4025d60000, 0x00007f402f540000)
 tenured generation   total 3111392K, used 3090962K [0x00007f4a7b0a0000, 0x00007f4b38f18000, 0x00007f5fd0600000)
   the space 3111392K,  99% used [0x00007f4a7b0a0000, 0x00007f4b37b248b8, 0x00007f4b37b24a00, 0x00007f4b38f18000)
 Metaspace       used 24247K, capacity 24625K, committed 24832K, reserved 26624K
}
Event: 959.510 GC heap after
{Heap after GC invocations=1090 (full 5):
 def new generation   total 1400192K, used 68318K [0x00007f3fd0600000, 0x00007f402f540000, 0x00007f4a7b0a0000)
  eden space 1244672K,   0% used [0x00007f3fd0600000, 0x00007f3fd0600000, 0x00007f401c580000)
  from space 155520K,  43% used [0x00007f4025d60000, 0x00007f402a017830, 0x00007f402f540000)
  to   space 155520K,   0% used [0x00007f401c580000, 0x00007f401c580000, 0x00007f4025d60000)
 tenured generation   total 3111392K, used 3090962K [0x00007f4a7b0a0000, 0x00007f4b38f18000, 0x00007f5fd0600000)
   the space 3111392K,  99% used [0x00007f4a7b0a0000, 0x00007f4b37b248b8, 0x00007f4b37b24a00, 0x00007f4b38f18000)
 Metaspace       used 24247K, capacity 24625K, committed 24832K, reserved 26624K
}
Event: 960.880 GC heap before
{Heap before GC invocations=1090 (full 5):
 def new generation   total 1400192K, used 1312990K [0x00007f3fd0600000, 0x00007f402f540000, 0x00007f4a7b0a0000)
  eden space 1244672K, 100% used [0x00007f3fd0600000, 0x00007f401c580000, 0x00007f401c580000)
  from space 155520K,  43% used [0x00007f4025d60000, 0x00007f402a017830, 0x00007f402f540000)
  to   space 155520K,   0% used [0x00007f401c580000, 0x00007f401c580000, 0x00007f4025d60000)
 tenured generation   total 3111392K, used 3090962K [0x00007f4a7b0a0000, 0x00007f4b38f18000, 0x00007f5fd0600000)
   the space 3111392K,  99% used [0x00007f4a7b0a0000, 0x00007f4b37b248b8, 0x00007f4b37b24a00, 0x00007f4b38f18000)
 Metaspace       used 24247K, capacity 24625K, committed 24832K, reserved 26624K
}
Event: 960.930 GC heap after
{Heap after GC invocations=1091 (full 5):
 def new generation   total 1400192K, used 75030K [0x00007f3fd0600000, 0x00007f402f540000, 0x00007f4a7b0a0000)
  eden space 1244672K,   0% used [0x00007f3fd0600000, 0x00007f3fd0600000, 0x00007f401c580000)
  from space 155520K,  48% used [0x00007f401c580000, 0x00007f4020ec5a98, 0x00007f4025d60000)
  to   space 155520K,   0% used [0x00007f4025d60000, 0x00007f4025d60000, 0x00007f402f540000)
 tenured generation   total 3111392K, used 3090962K [0x00007f4a7b0a0000, 0x00007f4b38f18000, 0x00007f5fd0600000)
   the space 3111392K,  99% used [0x00007f4a7b0a0000, 0x00007f4b37b248b8, 0x00007f4b37b24a00, 0x00007f4b38f18000)
 Metaspace       used 24247K, capacity 24625K, committed 24832K, reserved 26624K
}
Event: 962.406 GC heap before
{Heap before GC invocations=1091 (full 5):
 def new generation   total 1400192K, used 1319702K [0x00007f3fd0600000, 0x00007f402f540000, 0x00007f4a7b0a0000)
  eden space 1244672K, 100% used [0x00007f3fd0600000, 0x00007f401c580000, 0x00007f401c580000)
  from space 155520K,  48% used [0x00007f401c580000, 0x00007f4020ec5a98, 0x00007f4025d60000)
  to   space 155520K,   0% used [0x00007f4025d60000, 0x00007f4025d60000, 0x00007f402f540000)
 tenured generation   total 3111392K, used 3090962K [0x00007f4a7b0a0000, 0x00007f4b38f18000, 0x00007f5fd0600000)
   the space 3111392K,  99% used [0x00007f4a7b0a0000, 0x00007f4b37b248b8, 0x00007f4b37b24a00, 0x00007f4b38f18000)
 Metaspace       used 24247K, capacity 24625K, committed 24832K, reserved 26624K
}
Event: 962.460 GC heap after
{Heap after GC invocations=1092 (full 5):
 def new generation   total 1400192K, used 82729K [0x00007f3fd0600000, 0x00007f402f540000, 0x00007f4a7b0a0000)
  eden space 1244672K,   0% used [0x00007f3fd0600000, 0x00007f3fd0600000, 0x00007f401c580000)
  from space 155520K,  53% used [0x00007f4025d60000, 0x00007f402ae2a660, 0x00007f402f540000)
  to   space 155520K,   0% used [0x00007f401c580000, 0x00007f401c580000, 0x00007f4025d60000)
 tenured generation   total 3111392K, used 3090962K [0x00007f4a7b0a0000, 0x00007f4b38f18000, 0x00007f5fd0600000)
   the space 3111392K,  99% used [0x00007f4a7b0a0000, 0x00007f4b37b248b8, 0x00007f4b37b24a00, 0x00007f4b38f18000)
 Metaspace       used 24247K, capacity 24625K, committed 24832K, reserved 26624K
}
Event: 963.566 GC heap before
{Heap before GC invocations=1092 (full 5):
 def new generation   total 1400192K, used 1327401K [0x00007f3fd0600000, 0x00007f402f540000, 0x00007f4a7b0a0000)
  eden space 1244672K, 100% used [0x00007f3fd0600000, 0x00007f401c580000, 0x00007f401c580000)
  from space 155520K,  53% used [0x00007f4025d60000, 0x00007f402ae2a660, 0x00007f402f540000)
  to   space 155520K,   0% used [0x00007f401c580000, 0x00007f401c580000, 0x00007f4025d60000)
 tenured generation   total 3111392K, used 3090962K [0x00007f4a7b0a0000, 0x00007f4b38f18000, 0x00007f5fd0600000)
   the space 3111392K,  99% used [0x00007f4a7b0a0000, 0x00007f4b37b248b8, 0x00007f4b37b24a00, 0x00007f4b38f18000)
 Metaspace       used 24247K, capacity 24625K, committed 24832K, reserved 26624K
}
Event: 963.643 GC heap after
{Heap after GC invocations=1093 (full 5):
 def new generation   total 1400192K, used 50880K [0x00007f3fd0600000, 0x00007f402f540000, 0x00007f4a7b0a0000)
  eden space 1244672K,   0% used [0x00007f3fd0600000, 0x00007f3fd0600000, 0x00007f401c580000)
  from space 155520K,  32% used [0x00007f401c580000, 0x00007f401f730348, 0x00007f4025d60000)
  to   space 155520K,   0% used [0x00007f4025d60000, 0x00007f4025d60000, 0x00007f402f540000)
 tenured generation   total 3111392K, used 3107920K [0x00007f4a7b0a0000, 0x00007f4b38f18000, 0x00007f5fd0600000)
   the space 3111392K,  99% used [0x00007f4a7b0a0000, 0x00007f4b38bb43a0, 0x00007f4b38bb4400, 0x00007f4b38f18000)
 Metaspace       used 24247K, capacity 24625K, committed 24832K, reserved 26624K
}
Event: 965.173 GC heap before
{Heap before GC invocations=1093 (full 5):
 def new generation   total 1400192K, used 1293859K [0x00007f3fd0600000, 0x00007f402f540000, 0x00007f4a7b0a0000)
  eden space 1244672K,  99% used [0x00007f3fd0600000, 0x00007f401c3d8b10, 0x00007f401c580000)
  from space 155520K,  32% used [0x00007f401c580000, 0x00007f401f730348, 0x00007f4025d60000)
  to   space 155520K,   0% used [0x00007f4025d60000, 0x00007f4025d60000, 0x00007f402f540000)
 tenured generation   total 3111392K, used 3107920K [0x00007f4a7b0a0000, 0x00007f4b38f18000, 0x00007f5fd0600000)
   the space 3111392K,  99% used [0x00007f4a7b0a0000, 0x00007f4b38bb43a0, 0x00007f4b38bb4400, 0x00007f4b38f18000)
 Metaspace       used 24247K, capacity 24625K, committed 24832K, reserved 26624K
}
Event: 965.240 GC heap after
{Heap after GC invocations=1094 (full 5):
 def new generation   total 1400192K, used 86351K [0x00007f3fd0600000, 0x00007f402f540000, 0x00007f4a7b0a0000)
  eden space 1244672K,   0% used [0x00007f3fd0600000, 0x00007f3fd0600000, 0x00007f401c580000)
  from space 155520K,  55% used [0x00007f4025d60000, 0x00007f402b1b3d60, 0x00007f402f540000)
  to   space 155520K,   0% used [0x00007f401c580000, 0x00007f401c580000, 0x00007f4025d60000)
 tenured generation   total 3111392K, used 3107920K [0x00007f4a7b0a0000, 0x00007f4b38f18000, 0x00007f5fd0600000)
   the space 3111392K,  99% used [0x00007f4a7b0a0000, 0x00007f4b38bb43a0, 0x00007f4b38bb4400, 0x00007f4b38f18000)
 Metaspace       used 24247K, capacity 24625K, committed 24832K, reserved 26624K
}
Event: 966.499 GC heap before
{Heap before GC invocations=1094 (full 5):
 def new generation   total 1400192K, used 1331023K [0x00007f3fd0600000, 0x00007f402f540000, 0x00007f4a7b0a0000)
  eden space 1244672K, 100% used [0x00007f3fd0600000, 0x00007f401c580000, 0x00007f401c580000)
  from space 155520K,  55% used [0x00007f4025d60000, 0x00007f402b1b3d60, 0x00007f402f540000)
  to   space 155520K,   0% used [0x00007f401c580000, 0x00007f401c580000, 0x00007f4025d60000)
 tenured generation   total 3111392K, used 3107920K [0x00007f4a7b0a0000, 0x00007f4b38f18000, 0x00007f5fd0600000)
   the space 3111392K,  99% used [0x00007f4a7b0a0000, 0x00007f4b38bb43a0, 0x00007f4b38bb4400, 0x00007f4b38f18000)
 Metaspace       used 24247K, capacity 24625K, committed 24832K, reserved 26624K
}
Event: 966.575 GC heap after
{Heap after GC invocations=1095 (full 5):
 def new generation   total 1400192K, used 68317K [0x00007f3fd0600000, 0x00007f402f540000, 0x00007f4a7b0a0000)
  eden space 1244672K,   0% used [0x00007f3fd0600000, 0x00007f3fd0600000, 0x00007f401c580000)
  from space 155520K,  43% used [0x00007f401c580000, 0x00007f4020837570, 0x00007f4025d60000)
  to   space 155520K,   0% used [0x00007f4025d60000, 0x00007f4025d60000, 0x00007f402f540000)
 tenured generation   total 3127780K, used 3124879K [0x00007f4a7b0a0000, 0x00007f4b39f19000, 0x00007f5fd0600000)
   the space 3127780K,  99% used [0x00007f4a7b0a0000, 0x00007f4b39c43f68, 0x00007f4b39c44000, 0x00007f4b39f19000)
 Metaspace       used 24247K, capacity 24625K, committed 24832K, reserved 26624K
}
Event: 966.575 GC heap before
{Heap before GC invocations=1095 (full 5):
 def new generation   total 1400192K, used 68317K [0x00007f3fd0600000, 0x00007f402f540000, 0x00007f4a7b0a0000)
  eden space 1244672K,   0% used [0x00007f3fd0600000, 0x00007f3fd0600000, 0x00007f401c580000)
  from space 155520K,  43% used [0x00007f401c580000, 0x00007f4020837570, 0x00007f4025d60000)
  to   space 155520K,   0% used [0x00007f4025d60000, 0x00007f4025d60000, 0x00007f402f540000)
 tenured generation   total 3127780K, used 3124879K [0x00007f4a7b0a0000, 0x00007f4b39f19000, 0x00007f5fd0600000)
   the space 3127780K,  99% used [0x00007f4a7b0a0000, 0x00007f4b39c43f68, 0x00007f4b39c44000, 0x00007f4b39f19000)
 Metaspace       used 24247K, capacity 24625K, committed 24832K, reserved 26624K
}

