# JRE version: OpenJDK Runtime Environment (13.0.7+5) (build 13.0.7+5-Ubuntu-0ubuntu120.04)
# Java VM: OpenJDK 64-Bit Server VM (13.0.7+5-Ubuntu-0ubuntu120.04, mixed mode, tiered, serial gc, linux-amd64)
Heap:
 def new generation   total 2917248K, used 50069K [0x00007efe58600000, 0x00007eff1e360000, 0x00007f03adb50000)
  eden space 2593152K,   1% used [0x00007efe58600000, 0x00007efe5b6e5598, 0x00007efef6a60000)
  from space 324096K,   0% used [0x00007eff0a6e0000, 0x00007eff0a6e0000, 0x00007eff1e360000)
  to   space 324096K,   0% used [0x00007efef6a60000, 0x00007efef6a60000, 0x00007eff0a6e0000)
 tenured generation   total 6483528K, used 6483385K [0x00007f03adb50000, 0x00007f05396e2000, 0x00007f0e58600000)
   the space 6483528K,  99% used [0x00007f03adb50000, 0x00007f05396be578, 0x00007f05396be600, 0x00007f05396e2000)
 Metaspace       used 24263K, capacity 24646K, committed 24832K, reserved 26624K
GC Heap History (20 events):
Event: 4289.312 GC heap after
{Heap after GC invocations=7268 (full 4):
 def new generation   total 2917248K, used 43177K [0x00007efe58600000, 0x00007eff1e360000, 0x00007f03adb50000)
  eden space 2593152K,   0% used [0x00007efe58600000, 0x00007efe58600000, 0x00007efef6a60000)
  from space 324096K,  13% used [0x00007efef6a60000, 0x00007efef948a4e8, 0x00007eff0a6e0000)
  to   space 324096K,   0% used [0x00007eff0a6e0000, 0x00007eff0a6e0000, 0x00007eff1e360000)
 tenured generation   total 6482568K, used 6457393K [0x00007f03adb50000, 0x00007f05395f2000, 0x00007f0e58600000)
   the space 6482568K,  99% used [0x00007f03adb50000, 0x00007f0537d5c550, 0x00007f0537d5c600, 0x00007f05395f2000)
 Metaspace       used 24263K, capacity 24646K, committed 24832K, reserved 26624K
}
Event: 4290.405 GC heap before
{Heap before GC invocations=7268 (full 4):
 def new generation   total 2917248K, used 2636329K [0x00007efe58600000, 0x00007eff1e360000, 0x00007f03adb50000)
  eden space 2593152K, 100% used [0x00007efe58600000, 0x00007efef6a60000, 0x00007efef6a60000)
  from space 324096K,  13% used [0x00007efef6a60000, 0x00007efef948a4e8, 0x00007eff0a6e0000)
  to   space 324096K,   0% used [0x00007eff0a6e0000, 0x00007eff0a6e0000, 0x00007eff1e360000)
 tenured generation   total 6482568K, used 6457393K [0x00007f03adb50000, 0x00007f05395f2000, 0x00007f0e58600000)
   the space 6482568K,  99% used [0x00007f03adb50000, 0x00007f0537d5c550, 0x00007f0537d5c600, 0x00007f05395f2000)
 Metaspace       used 24263K, capacity 24646K, committed 24832K, reserved 26624K
}
Event: 4290.441 GC heap after
{Heap after GC invocations=7269 (full 4):
 def new generation   total 2917248K, used 46861K [0x00007efe58600000, 0x00007eff1e360000, 0x00007f03adb50000)
  eden space 2593152K,   0% used [0x00007efe58600000, 0x00007efe58600000, 0x00007efef6a60000)
  from space 324096K,  14% used [0x00007eff0a6e0000, 0x00007eff0d4a3460, 0x00007eff1e360000)
  to   space 324096K,   0% used [0x00007efef6a60000, 0x00007efef6a60000, 0x00007eff0a6e0000)
 tenured generation   total 6482568K, used 6458319K [0x00007f03adb50000, 0x00007f05395f2000, 0x00007f0e58600000)
   the space 6482568K,  99% used [0x00007f03adb50000, 0x00007f0537e43d20, 0x00007f0537e43e00, 0x00007f05395f2000)
 Metaspace       used 24263K, capacity 24646K, committed 24832K, reserved 26624K
}
Event: 4291.627 GC heap before
{Heap before GC invocations=7269 (full 4):
 def new generation   total 2917248K, used 2637527K [0x00007efe58600000, 0x00007eff1e360000, 0x00007f03adb50000)
  eden space 2593152K,  99% used [0x00007efe58600000, 0x00007efef67f2860, 0x00007efef6a60000)
  from space 324096K,  14% used [0x00007eff0a6e0000, 0x00007eff0d4a3460, 0x00007eff1e360000)
  to   space 324096K,   0% used [0x00007efef6a60000, 0x00007efef6a60000, 0x00007eff0a6e0000)
 tenured generation   total 6482568K, used 6458319K [0x00007f03adb50000, 0x00007f05395f2000, 0x00007f0e58600000)
   the space 6482568K,  99% used [0x00007f03adb50000, 0x00007f0537e43d20, 0x00007f0537e43e00, 0x00007f05395f2000)
 Metaspace       used 24263K, capacity 24646K, committed 24832K, reserved 26624K
}
Event: 4291.654 GC heap after
{Heap after GC invocations=7270 (full 4):
 def new generation   total 2917248K, used 55034K [0x00007efe58600000, 0x00007eff1e360000, 0x00007f03adb50000)
  eden space 2593152K,   0% used [0x00007efe58600000, 0x00007efe58600000, 0x00007efef6a60000)
  from space 324096K,  16% used [0x00007efef6a60000, 0x00007efefa01eb20, 0x00007eff0a6e0000)
  to   space 324096K,   0% used [0x00007eff0a6e0000, 0x00007eff0a6e0000, 0x00007eff1e360000)
 tenured generation   total 6482568K, used 6459292K [0x00007f03adb50000, 0x00007f05395f2000, 0x00007f0e58600000)
   the space 6482568K,  99% used [0x00007f03adb50000, 0x00007f0537f37000, 0x00007f0537f37000, 0x00007f05395f2000)
 Metaspace       used 24263K, capacity 24646K, committed 24832K, reserved 26624K
}
Event: 4292.857 GC heap before
{Heap before GC invocations=7270 (full 4):
 def new generation   total 2917248K, used 2648186K [0x00007efe58600000, 0x00007eff1e360000, 0x00007f03adb50000)
  eden space 2593152K, 100% used [0x00007efe58600000, 0x00007efef6a60000, 0x00007efef6a60000)
  from space 324096K,  16% used [0x00007efef6a60000, 0x00007efefa01eb20, 0x00007eff0a6e0000)
  to   space 324096K,   0% used [0x00007eff0a6e0000, 0x00007eff0a6e0000, 0x00007eff1e360000)
 tenured generation   total 6482568K, used 6459292K [0x00007f03adb50000, 0x00007f05395f2000, 0x00007f0e58600000)
   the space 6482568K,  99% used [0x00007f03adb50000, 0x00007f0537f37000, 0x00007f0537f37000, 0x00007f05395f2000)
 Metaspace       used 24263K, capacity 24646K, committed 24832K, reserved 26624K
}
Event: 4292.893 GC heap after
{Heap after GC invocations=7271 (full 4):
 def new generation   total 2917248K, used 45728K [0x00007efe58600000, 0x00007eff1e360000, 0x00007f03adb50000)
  eden space 2593152K,   0% used [0x00007efe58600000, 0x00007efe58600000, 0x00007efef6a60000)
  from space 324096K,  14% used [0x00007eff0a6e0000, 0x00007eff0d388180, 0x00007eff1e360000)
  to   space 324096K,   0% used [0x00007efef6a60000, 0x00007efef6a60000, 0x00007eff0a6e0000)
 tenured generation   total 6482568K, used 6461422K [0x00007f03adb50000, 0x00007f05395f2000, 0x00007f0e58600000)
   the space 6482568K,  99% used [0x00007f03adb50000, 0x00007f053814b870, 0x00007f053814ba00, 0x00007f05395f2000)
 Metaspace       used 24263K, capacity 24646K, committed 24832K, reserved 26624K
}
Event: 4294.092 GC heap before
{Heap before GC invocations=7271 (full 4):
 def new generation   total 2917248K, used 2633948K [0x00007efe58600000, 0x00007eff1e360000, 0x00007f03adb50000)
  eden space 2593152K,  99% used [0x00007efe58600000, 0x00007efef658f248, 0x00007efef6a60000)
  from space 324096K,  14% used [0x00007eff0a6e0000, 0x00007eff0d388180, 0x00007eff1e360000)
  to   space 324096K,   0% used [0x00007efef6a60000, 0x00007efef6a60000, 0x00007eff0a6e0000)
 tenured generation   total 6482568K, used 6461422K [0x00007f03adb50000, 0x00007f05395f2000, 0x00007f0e58600000)
   the space 6482568K,  99% used [0x00007f03adb50000, 0x00007f053814b870, 0x00007f053814ba00, 0x00007f05395f2000)
 Metaspace       used 24263K, capacity 24646K, committed 24832K, reserved 26624K
}
Event: 4294.120 GC heap after
{Heap after GC invocations=7272 (full 4):
 def new generation   total 2917248K, used 56325K [0x00007efe58600000, 0x00007eff1e360000, 0x00007f03adb50000)
  eden space 2593152K,   0% used [0x00007efe58600000, 0x00007efe58600000, 0x00007efef6a60000)
  from space 324096K,  17% used [0x00007efef6a60000, 0x00007efefa161588, 0x00007eff0a6e0000)
  to   space 324096K,   0% used [0x00007eff0a6e0000, 0x00007eff0a6e0000, 0x00007eff1e360000)
 tenured generation   total 6482568K, used 6468185K [0x00007f03adb50000, 0x00007f05395f2000, 0x00007f0e58600000)
   the space 6482568K,  99% used [0x00007f03adb50000, 0x00007f05387e6770, 0x00007f05387e6800, 0x00007f05395f2000)
 Metaspace       used 24263K, capacity 24646K, committed 24832K, reserved 26624K
}
Event: 4295.332 GC heap before
{Heap before GC invocations=7272 (full 4):
 def new generation   total 2917248K, used 2647193K [0x00007efe58600000, 0x00007eff1e360000, 0x00007f03adb50000)
  eden space 2593152K,  99% used [0x00007efe58600000, 0x00007efef6825210, 0x00007efef6a60000)
  from space 324096K,  17% used [0x00007efef6a60000, 0x00007efefa161588, 0x00007eff0a6e0000)
  to   space 324096K,   0% used [0x00007eff0a6e0000, 0x00007eff0a6e0000, 0x00007eff1e360000)
 tenured generation   total 6482568K, used 6468185K [0x00007f03adb50000, 0x00007f05395f2000, 0x00007f0e58600000)
   the space 6482568K,  99% used [0x00007f03adb50000, 0x00007f05387e6770, 0x00007f05387e6800, 0x00007f05395f2000)
 Metaspace       used 24263K, capacity 24646K, committed 24832K, reserved 26624K
}
Event: 4295.355 GC heap after
{Heap after GC invocations=7273 (full 4):
 def new generation   total 2917248K, used 38338K [0x00007efe58600000, 0x00007eff1e360000, 0x00007f03adb50000)
  eden space 2593152K,   0% used [0x00007efe58600000, 0x00007efe58600000, 0x00007efef6a60000)
  from space 324096K,  11% used [0x00007eff0a6e0000, 0x00007eff0cc50a50, 0x00007eff1e360000)
  to   space 324096K,   0% used [0x00007efef6a60000, 0x00007efef6a60000, 0x00007eff0a6e0000)
 tenured generation   total 6482568K, used 6474905K [0x00007f03adb50000, 0x00007f05395f2000, 0x00007f0e58600000)
   the space 6482568K,  99% used [0x00007f03adb50000, 0x00007f0538e76700, 0x00007f0538e76800, 0x00007f05395f2000)
 Metaspace       used 24263K, capacity 24646K, committed 24832K, reserved 26624K
}
Event: 4296.543 GC heap before
{Heap before GC invocations=7273 (full 4):
 def new generation   total 2917248K, used 2631490K [0x00007efe58600000, 0x00007eff1e360000, 0x00007f03adb50000)
  eden space 2593152K, 100% used [0x00007efe58600000, 0x00007efef6a60000, 0x00007efef6a60000)
  from space 324096K,  11% used [0x00007eff0a6e0000, 0x00007eff0cc50a50, 0x00007eff1e360000)
  to   space 324096K,   0% used [0x00007efef6a60000, 0x00007efef6a60000, 0x00007eff0a6e0000)
 tenured generation   total 6482568K, used 6474905K [0x00007f03adb50000, 0x00007f05395f2000, 0x00007f0e58600000)
   the space 6482568K,  99% used [0x00007f03adb50000, 0x00007f0538e76700, 0x00007f0538e76800, 0x00007f05395f2000)
 Metaspace       used 24263K, capacity 24646K, committed 24832K, reserved 26624K
}
Event: 4296.563 GC heap after
{Heap after GC invocations=7274 (full 4):
 def new generation   total 2917248K, used 29849K [0x00007efe58600000, 0x00007eff1e360000, 0x00007f03adb50000)
  eden space 2593152K,   0% used [0x00007efe58600000, 0x00007efe58600000, 0x00007efef6a60000)
  from space 324096K,   9% used [0x00007efef6a60000, 0x00007efef87866a8, 0x00007eff0a6e0000)
  to   space 324096K,   0% used [0x00007eff0a6e0000, 0x00007eff0a6e0000, 0x00007eff1e360000)
 tenured generation   total 6482568K, used 6480560K [0x00007f03adb50000, 0x00007f05395f2000, 0x00007f0e58600000)
   the space 6482568K,  99% used [0x00007f03adb50000, 0x00007f05393fc268, 0x00007f05393fc400, 0x00007f05395f2000)
 Metaspace       used 24263K, capacity 24646K, committed 24832K, reserved 26624K
}
Event: 4297.645 GC heap before
{Heap before GC invocations=7274 (full 4):
 def new generation   total 2917248K, used 2623001K [0x00007efe58600000, 0x00007eff1e360000, 0x00007f03adb50000)
  eden space 2593152K, 100% used [0x00007efe58600000, 0x00007efef6a60000, 0x00007efef6a60000)
  from space 324096K,   9% used [0x00007efef6a60000, 0x00007efef87866a8, 0x00007eff0a6e0000)
  to   space 324096K,   0% used [0x00007eff0a6e0000, 0x00007eff0a6e0000, 0x00007eff1e360000)
 tenured generation   total 6482568K, used 6480560K [0x00007f03adb50000, 0x00007f05395f2000, 0x00007f0e58600000)
   the space 6482568K,  99% used [0x00007f03adb50000, 0x00007f05393fc268, 0x00007f05393fc400, 0x00007f05395f2000)
 Metaspace       used 24263K, capacity 24646K, committed 24832K, reserved 26624K
}
Event: 4297.668 GC heap after
{Heap after GC invocations=7275 (full 4):
 def new generation   total 2917248K, used 35721K [0x00007efe58600000, 0x00007eff1e360000, 0x00007f03adb50000)
  eden space 2593152K,   0% used [0x00007efe58600000, 0x00007efe58600000, 0x00007efef6a60000)
  from space 324096K,  11% used [0x00007eff0a6e0000, 0x00007eff0c9c2788, 0x00007eff1e360000)
  to   space 324096K,   0% used [0x00007efef6a60000, 0x00007efef6a60000, 0x00007eff0a6e0000)
 tenured generation   total 6482568K, used 6481440K [0x00007f03adb50000, 0x00007f05395f2000, 0x00007f0e58600000)
   the space 6482568K,  99% used [0x00007f03adb50000, 0x00007f05394d8288, 0x00007f05394d8400, 0x00007f05395f2000)
 Metaspace       used 24263K, capacity 24646K, committed 24832K, reserved 26624K
}
Event: 4298.720 GC heap before
{Heap before GC invocations=7275 (full 4):
 def new generation   total 2917248K, used 2628873K [0x00007efe58600000, 0x00007eff1e360000, 0x00007f03adb50000)
  eden space 2593152K, 100% used [0x00007efe58600000, 0x00007efef6a60000, 0x00007efef6a60000)
  from space 324096K,  11% used [0x00007eff0a6e0000, 0x00007eff0c9c2788, 0x00007eff1e360000)
  to   space 324096K,   0% used [0x00007efef6a60000, 0x00007efef6a60000, 0x00007eff0a6e0000)
 tenured generation   total 6482568K, used 6481440K [0x00007f03adb50000, 0x00007f05395f2000, 0x00007f0e58600000)
   the space 6482568K,  99% used [0x00007f03adb50000, 0x00007f05394d8288, 0x00007f05394d8400, 0x00007f05395f2000)
 Metaspace       used 24263K, capacity 24646K, committed 24832K, reserved 26624K
}
Event: 4298.745 GC heap after
{Heap after GC invocations=7276 (full 4):
 def new generation   total 2917248K, used 41434K [0x00007efe58600000, 0x00007eff1e360000, 0x00007f03adb50000)
  eden space 2593152K,   0% used [0x00007efe58600000, 0x00007efe58600000, 0x00007efef6a60000)
  from space 324096K,  12% used [0x00007efef6a60000, 0x00007efef92d69b0, 0x00007eff0a6e0000)
  to   space 324096K,   0% used [0x00007eff0a6e0000, 0x00007eff0a6e0000, 0x00007eff1e360000)
 tenured generation   total 6482568K, used 6482413K [0x00007f03adb50000, 0x00007f05395f2000, 0x00007f0e58600000)
   the space 6482568K,  99% used [0x00007f03adb50000, 0x00007f05395cb5f8, 0x00007f05395cb600, 0x00007f05395f2000)
 Metaspace       used 24263K, capacity 24646K, committed 24832K, reserved 26624K
}
Event: 4299.811 GC heap before
{Heap before GC invocations=7276 (full 4):
 def new generation   total 2917248K, used 2634586K [0x00007efe58600000, 0x00007eff1e360000, 0x00007f03adb50000)
  eden space 2593152K, 100% used [0x00007efe58600000, 0x00007efef6a60000, 0x00007efef6a60000)
  from space 324096K,  12% used [0x00007efef6a60000, 0x00007efef92d69b0, 0x00007eff0a6e0000)
  to   space 324096K,   0% used [0x00007eff0a6e0000, 0x00007eff0a6e0000, 0x00007eff1e360000)
 tenured generation   total 6482568K, used 6482413K [0x00007f03adb50000, 0x00007f05395f2000, 0x00007f0e58600000)
   the space 6482568K,  99% used [0x00007f03adb50000, 0x00007f05395cb5f8, 0x00007f05395cb600, 0x00007f05395f2000)
 Metaspace       used 24263K, capacity 24646K, committed 24832K, reserved 26624K
}
Event: 4299.841 GC heap after
{Heap after GC invocations=7277 (full 4):
 def new generation   total 2917248K, used 50069K [0x00007efe58600000, 0x00007eff1e360000, 0x00007f03adb50000)
  eden space 2593152K,   0% used [0x00007efe58600000, 0x00007efe58600000, 0x00007efef6a60000)
  from space 324096K,  15% used [0x00007eff0a6e0000, 0x00007eff0d7c5598, 0x00007eff1e360000)
  to   space 324096K,   0% used [0x00007efef6a60000, 0x00007efef6a60000, 0x00007eff0a6e0000)
 tenured generation   total 6483528K, used 6483385K [0x00007f03adb50000, 0x00007f05396e2000, 0x00007f0e58600000)
   the space 6483528K,  99% used [0x00007f03adb50000, 0x00007f05396be578, 0x00007f05396be600, 0x00007f05396e2000)
 Metaspace       used 24263K, capacity 24646K, committed 24832K, reserved 26624K
}
Event: 4299.841 GC heap before
{Heap before GC invocations=7277 (full 4):
 def new generation   total 2917248K, used 50069K [0x00007efe58600000, 0x00007eff1e360000, 0x00007f03adb50000)
  eden space 2593152K,   0% used [0x00007efe58600000, 0x00007efe58600000, 0x00007efef6a60000)
  from space 324096K,  15% used [0x00007eff0a6e0000, 0x00007eff0d7c5598, 0x00007eff1e360000)
  to   space 324096K,   0% used [0x00007efef6a60000, 0x00007efef6a60000, 0x00007eff0a6e0000)
 tenured generation   total 6483528K, used 6483385K [0x00007f03adb50000, 0x00007f05396e2000, 0x00007f0e58600000)
   the space 6483528K,  99% used [0x00007f03adb50000, 0x00007f05396be578, 0x00007f05396be600, 0x00007f05396e2000)
 Metaspace       used 24263K, capacity 24646K, committed 24832K, reserved 26624K
}

