# JRE version: OpenJDK Runtime Environment (13.0.7+5) (build 13.0.7+5-Ubuntu-0ubuntu120.04)
# Java VM: OpenJDK 64-Bit Server VM (13.0.7+5-Ubuntu-0ubuntu120.04, mixed mode, tiered, serial gc, linux-amd64)
Heap:
 def new generation   total 6695744K, used 0K [0x00007f61f0600000, 0x00007f63b6750000, 0x00007f6745b50000)
  eden space 5951808K,   0% used [0x00007f61f0600000, 0x00007f61f0600000, 0x00007f635ba50000)
  from space 743936K,   0% used [0x00007f635ba50000, 0x00007f635ba50000, 0x00007f63890d0000)
  to   space 743936K,   0% used [0x00007f63890d0000, 0x00007f63890d0000, 0x00007f63b6750000)
 tenured generation   total 14879244K, used 8397912K [0x00007f6745b50000, 0x00007f6ad1dd3000, 0x00007f71f0600000)
   the space 14879244K,  56% used [0x00007f6745b50000, 0x00007f6946466180, 0x00007f6946466200, 0x00007f6ad1dd3000)
 Metaspace       used 23095K, capacity 23449K, committed 23552K, reserved 24576K
GC Heap History (20 events):
Event: 4.436 GC heap before
{Heap before GC invocations=1 (full 1):
 def new generation   total 629248K, used 559360K [0x00007f61f0600000, 0x00007f621b0c0000, 0x00007f6745b50000)
  eden space 559360K, 100% used [0x00007f61f0600000, 0x00007f6212840000, 0x00007f6212840000)
  from space 69888K,   0% used [0x00007f6212840000, 0x00007f6212840000, 0x00007f6216c80000)
  to   space 69888K,   0% used [0x00007f6216c80000, 0x00007f6216c80000, 0x00007f621b0c0000)
 tenured generation   total 1398144K, used 13583K [0x00007f6745b50000, 0x00007f679b0b0000, 0x00007f71f0600000)
   the space 1398144K,   0% used [0x00007f6745b50000, 0x00007f6746893c00, 0x00007f6746893c00, 0x00007f679b0b0000)
 Metaspace       used 22936K, capacity 23308K, committed 23552K, reserved 24576K
}
Event: 4.442 GC heap after
{Heap after GC invocations=2 (full 1):
 def new generation   total 629248K, used 731K [0x00007f61f0600000, 0x00007f621b0c0000, 0x00007f6745b50000)
  eden space 559360K,   0% used [0x00007f61f0600000, 0x00007f61f0600000, 0x00007f6212840000)
  from space 69888K,   1% used [0x00007f6216c80000, 0x00007f6216d36ef0, 0x00007f621b0c0000)
  to   space 69888K,   0% used [0x00007f6212840000, 0x00007f6212840000, 0x00007f6216c80000)
 tenured generation   total 1398144K, used 13583K [0x00007f6745b50000, 0x00007f679b0b0000, 0x00007f71f0600000)
   the space 1398144K,   0% used [0x00007f6745b50000, 0x00007f6746893c00, 0x00007f6746893c00, 0x00007f679b0b0000)
 Metaspace       used 22936K, capacity 23308K, committed 23552K, reserved 24576K
}
Event: 5.508 GC heap before
{Heap before GC invocations=2 (full 1):
 def new generation   total 629248K, used 558780K [0x00007f61f0600000, 0x00007f621b0c0000, 0x00007f6745b50000)
  eden space 559360K,  99% used [0x00007f61f0600000, 0x00007f62126f8180, 0x00007f6212840000)
  from space 69888K,   1% used [0x00007f6216c80000, 0x00007f6216d36ef0, 0x00007f621b0c0000)
  to   space 69888K,   0% used [0x00007f6212840000, 0x00007f6212840000, 0x00007f6216c80000)
 tenured generation   total 1398144K, used 13583K [0x00007f6745b50000, 0x00007f679b0b0000, 0x00007f71f0600000)
   the space 1398144K,   0% used [0x00007f6745b50000, 0x00007f6746893c00, 0x00007f6746893c00, 0x00007f679b0b0000)
 Metaspace       used 23092K, capacity 23449K, committed 23552K, reserved 24576K
}
Event: 5.522 GC heap after
{Heap after GC invocations=3 (full 1):
 def new generation   total 629248K, used 9227K [0x00007f61f0600000, 0x00007f621b0c0000, 0x00007f6745b50000)
  eden space 559360K,   0% used [0x00007f61f0600000, 0x00007f61f0600000, 0x00007f6212840000)
  from space 69888K,  13% used [0x00007f6212840000, 0x00007f6213142d58, 0x00007f6216c80000)
  to   space 69888K,   0% used [0x00007f6216c80000, 0x00007f6216c80000, 0x00007f621b0c0000)
 tenured generation   total 1398144K, used 13583K [0x00007f6745b50000, 0x00007f679b0b0000, 0x00007f71f0600000)
   the space 1398144K,   0% used [0x00007f6745b50000, 0x00007f6746893c00, 0x00007f6746893c00, 0x00007f679b0b0000)
 Metaspace       used 23092K, capacity 23449K, committed 23552K, reserved 24576K
}
Event: 5.939 GC heap before
{Heap before GC invocations=3 (full 1):
 def new generation   total 629248K, used 308682K [0x00007f61f0600000, 0x00007f621b0c0000, 0x00007f6745b50000)
  eden space 559360K,  53% used [0x00007f61f0600000, 0x00007f6202a6fe00, 0x00007f6212840000)
  from space 69888K,  13% used [0x00007f6212840000, 0x00007f6213142d58, 0x00007f6216c80000)
  to   space 69888K,   0% used [0x00007f6216c80000, 0x00007f6216c80000, 0x00007f621b0c0000)
 tenured generation   total 1398144K, used 13583K [0x00007f6745b50000, 0x00007f679b0b0000, 0x00007f71f0600000)
   the space 1398144K,   0% used [0x00007f6745b50000, 0x00007f6746893c00, 0x00007f6746893c00, 0x00007f679b0b0000)
 Metaspace       used 23095K, capacity 23449K, committed 23552K, reserved 24576K
}
Event: 6.288 GC heap after
{Heap after GC invocations=4 (full 1):
 def new generation   total 629248K, used 1070K [0x00007f61f0600000, 0x00007f621b0c0000, 0x00007f6745b50000)
  eden space 559360K,   0% used [0x00007f61f0600000, 0x00007f61f0600000, 0x00007f6212840000)
  from space 69888K,   1% used [0x00007f6216c80000, 0x00007f6216d8b950, 0x00007f621b0c0000)
  to   space 69888K,   0% used [0x00007f6212840000, 0x00007f6212840000, 0x00007f6216c80000)
 tenured generation   total 1398144K, used 275727K [0x00007f6745b50000, 0x00007f679b0b0000, 0x00007f71f0600000)
   the space 1398144K,  19% used [0x00007f6745b50000, 0x00007f6756893c18, 0x00007f6756893e00, 0x00007f679b0b0000)
 Metaspace       used 23095K, capacity 23449K, committed 23552K, reserved 24576K
}
Event: 6.643 GC heap before
{Heap before GC invocations=4 (full 1):
 def new generation   total 629248K, used 274242K [0x00007f61f0600000, 0x00007f621b0c0000, 0x00007f6745b50000)
  eden space 559360K,  48% used [0x00007f61f0600000, 0x00007f62010c5208, 0x00007f6212840000)
  from space 69888K,   1% used [0x00007f6216c80000, 0x00007f6216d8b950, 0x00007f621b0c0000)
  to   space 69888K,   0% used [0x00007f6212840000, 0x00007f6212840000, 0x00007f6216c80000)
 tenured generation   total 1398144K, used 275727K [0x00007f6745b50000, 0x00007f679b0b0000, 0x00007f71f0600000)
   the space 1398144K,  19% used [0x00007f6745b50000, 0x00007f6756893c18, 0x00007f6756893e00, 0x00007f679b0b0000)
 Metaspace       used 23095K, capacity 23449K, committed 23552K, reserved 24576K
}
Event: 7.067 GC heap after
{Heap after GC invocations=5 (full 1):
 def new generation   total 629248K, used 1070K [0x00007f61f0600000, 0x00007f621b0c0000, 0x00007f6745b50000)
  eden space 559360K,   0% used [0x00007f61f0600000, 0x00007f61f0600000, 0x00007f6212840000)
  from space 69888K,   1% used [0x00007f6212840000, 0x00007f621294bb98, 0x00007f6216c80000)
  to   space 69888K,   0% used [0x00007f6216c80000, 0x00007f6216c80000, 0x00007f621b0c0000)
 tenured generation   total 1398144K, used 537871K [0x00007f6745b50000, 0x00007f679b0b0000, 0x00007f71f0600000)
   the space 1398144K,  38% used [0x00007f6745b50000, 0x00007f6766893c30, 0x00007f6766893e00, 0x00007f679b0b0000)
 Metaspace       used 23095K, capacity 23449K, committed 23552K, reserved 24576K
}
Event: 7.067 GC heap before
{Heap before GC invocations=5 (full 1):
 def new generation   total 629248K, used 1070K [0x00007f61f0600000, 0x00007f621b0c0000, 0x00007f6745b50000)
  eden space 559360K,   0% used [0x00007f61f0600000, 0x00007f61f0600000, 0x00007f6212840000)
  from space 69888K,   1% used [0x00007f6212840000, 0x00007f621294bb98, 0x00007f6216c80000)
  to   space 69888K,   0% used [0x00007f6216c80000, 0x00007f6216c80000, 0x00007f621b0c0000)
 tenured generation   total 1398144K, used 537871K [0x00007f6745b50000, 0x00007f679b0b0000, 0x00007f71f0600000)
   the space 1398144K,  38% used [0x00007f6745b50000, 0x00007f6766893c30, 0x00007f6766893e00, 0x00007f679b0b0000)
 Metaspace       used 23095K, capacity 23449K, committed 23552K, reserved 24576K
}
Event: 7.118 GC heap after
{Heap after GC invocations=5 (full 2):
 def new generation   total 629248K, used 0K [0x00007f61f0600000, 0x00007f621b0c0000, 0x00007f6745b50000)
  eden space 559360K,   0% used [0x00007f61f0600000, 0x00007f61f0600000, 0x00007f6212840000)
  from space 69888K,   0% used [0x00007f6212840000, 0x00007f6212840000, 0x00007f6216c80000)
  to   space 69888K,   0% used [0x00007f6216c80000, 0x00007f6216c80000, 0x00007f621b0c0000)
 tenured generation   total 1398144K, used 538935K [0x00007f6745b50000, 0x00007f679b0b0000, 0x00007f71f0600000)
   the space 1398144K,  38% used [0x00007f6745b50000, 0x00007f676699dfa8, 0x00007f676699e000, 0x00007f679b0b0000)
 Metaspace       used 23095K, capacity 23449K, committed 23552K, reserved 24576K
}
Event: 21.142 GC heap before
{Heap before GC invocations=5 (full 2):
 def new generation   total 629248K, used 11028K [0x00007f61f0600000, 0x00007f621b0c0000, 0x00007f6745b50000)
  eden space 559360K,   1% used [0x00007f61f0600000, 0x00007f61f10c51d0, 0x00007f6212840000)
  from space 69888K,   0% used [0x00007f6212840000, 0x00007f6212840000, 0x00007f6216c80000)
  to   space 69888K,   0% used [0x00007f6216c80000, 0x00007f6216c80000, 0x00007f621b0c0000)
 tenured generation   total 9786756K, used 8927543K [0x00007f6745b50000, 0x00007f699b0b1000, 0x00007f71f0600000)
   the space 9786756K,  91% used [0x00007f6745b50000, 0x00007f696699dfc0, 0x00007f696699e000, 0x00007f699b0b1000)
 Metaspace       used 23095K, capacity 23449K, committed 23552K, reserved 24576K
}
Event: 21.151 GC heap after
{Heap after GC invocations=6 (full 2):
 def new generation   total 629248K, used 0K [0x00007f61f0600000, 0x00007f621b0c0000, 0x00007f6745b50000)
  eden space 559360K,   0% used [0x00007f61f0600000, 0x00007f61f0600000, 0x00007f6212840000)
  from space 69888K,   0% used [0x00007f6216c80000, 0x00007f6216c80158, 0x00007f621b0c0000)
  to   space 69888K,   0% used [0x00007f6212840000, 0x00007f6212840000, 0x00007f6216c80000)
 tenured generation   total 9786756K, used 8927543K [0x00007f6745b50000, 0x00007f699b0b1000, 0x00007f71f0600000)
   the space 9786756K,  91% used [0x00007f6745b50000, 0x00007f696699dfc0, 0x00007f696699e000, 0x00007f699b0b1000)
 Metaspace       used 23095K, capacity 23449K, committed 23552K, reserved 24576K
}
Event: 21.151 GC heap before
{Heap before GC invocations=6 (full 2):
 def new generation   total 629248K, used 0K [0x00007f61f0600000, 0x00007f621b0c0000, 0x00007f6745b50000)
  eden space 559360K,   0% used [0x00007f61f0600000, 0x00007f61f0600000, 0x00007f6212840000)
  from space 69888K,   0% used [0x00007f6216c80000, 0x00007f6216c80158, 0x00007f621b0c0000)
  to   space 69888K,   0% used [0x00007f6212840000, 0x00007f6212840000, 0x00007f6216c80000)
 tenured generation   total 9786756K, used 8927543K [0x00007f6745b50000, 0x00007f699b0b1000, 0x00007f71f0600000)
   the space 9786756K,  91% used [0x00007f6745b50000, 0x00007f696699dfc0, 0x00007f696699e000, 0x00007f699b0b1000)
 Metaspace       used 23095K, capacity 23449K, committed 23552K, reserved 24576K
}
Event: 21.248 GC heap after
{Heap after GC invocations=6 (full 3):
 def new generation   total 6695744K, used 0K [0x00007f61f0600000, 0x00007f63b6750000, 0x00007f6745b50000)
  eden space 5951808K,   0% used [0x00007f61f0600000, 0x00007f61f0600000, 0x00007f635ba50000)
  from space 743936K,   0% used [0x00007f635ba50000, 0x00007f635ba50000, 0x00007f63890d0000)
  to   space 743936K,   0% used [0x00007f63890d0000, 0x00007f63890d0000, 0x00007f63b6750000)
 tenured generation   total 14879244K, used 8927544K [0x00007f6745b50000, 0x00007f6ad1dd3000, 0x00007f71f0600000)
   the space 14879244K,  59% used [0x00007f6745b50000, 0x00007f696699e118, 0x00007f696699e200, 0x00007f6ad1dd3000)
 Metaspace       used 23095K, capacity 23449K, committed 23552K, reserved 24576K
}
Event: 45.181 GC heap before
{Heap before GC invocations=6 (full 3):
 def new generation   total 6695744K, used 4311650K [0x00007f61f0600000, 0x00007f63b6750000, 0x00007f6745b50000)
  eden space 5951808K,  72% used [0x00007f61f0600000, 0x00007f62f7898b00, 0x00007f635ba50000)
  from space 743936K,   0% used [0x00007f635ba50000, 0x00007f635ba50000, 0x00007f63890d0000)
  to   space 743936K,   0% used [0x00007f63890d0000, 0x00007f63890d0000, 0x00007f63b6750000)
 tenured generation   total 14879244K, used 8927544K [0x00007f6745b50000, 0x00007f6ad1dd3000, 0x00007f71f0600000)
   the space 14879244K,  59% used [0x00007f6745b50000, 0x00007f696699e118, 0x00007f696699e200, 0x00007f6ad1dd3000)
 Metaspace       used 23095K, capacity 23449K, committed 23552K, reserved 24576K
}
Event: 55.511 GC heap after
{Heap after GC invocations=7 (full 3):
 def new generation   total 6695744K, used 0K [0x00007f61f0600000, 0x00007f63b6750000, 0x00007f6745b50000)
  eden space 5951808K,   0% used [0x00007f61f0600000, 0x00007f61f0600000, 0x00007f635ba50000)
  from space 743936K,   0% used [0x00007f63890d0000, 0x00007f63890d00b0, 0x00007f63b6750000)
  to   space 743936K,   0% used [0x00007f635ba50000, 0x00007f635ba50000, 0x00007f63890d0000)
 tenured generation   total 14879244K, used 13121848K [0x00007f6745b50000, 0x00007f6ad1dd3000, 0x00007f71f0600000)
   the space 14879244K,  88% used [0x00007f6745b50000, 0x00007f6a6699e130, 0x00007f6a6699e200, 0x00007f6ad1dd3000)
 Metaspace       used 23095K, capacity 23449K, committed 23552K, reserved 24576K
}
Event: 59.822 GC heap before
{Heap before GC invocations=7 (full 3):
 def new generation   total 6695744K, used 4311108K [0x00007f61f0600000, 0x00007f63b6750000, 0x00007f6745b50000)
  eden space 5951808K,  72% used [0x00007f61f0600000, 0x00007f62f78110d0, 0x00007f635ba50000)
  from space 743936K,   0% used [0x00007f63890d0000, 0x00007f63890d00b0, 0x00007f63b6750000)
  to   space 743936K,   0% used [0x00007f635ba50000, 0x00007f635ba50000, 0x00007f63890d0000)
 tenured generation   total 14879244K, used 13121848K [0x00007f6745b50000, 0x00007f6ad1dd3000, 0x00007f71f0600000)
   the space 14879244K,  88% used [0x00007f6745b50000, 0x00007f6a6699e130, 0x00007f6a6699e200, 0x00007f6ad1dd3000)
 Metaspace       used 23095K, capacity 23449K, committed 23552K, reserved 24576K
}
Event: 65.730 GC heap after
{Heap after GC invocations=8 (full 3):
 def new generation   total 6695744K, used 0K [0x00007f61f0600000, 0x00007f63b6750000, 0x00007f6745b50000)
  eden space 5951808K,   0% used [0x00007f61f0600000, 0x00007f61f0600000, 0x00007f635ba50000)
  from space 743936K,   0% used [0x00007f635ba50000, 0x00007f635ba502f8, 0x00007f63890d0000)
  to   space 743936K,   0% used [0x00007f63890d0000, 0x00007f63890d0000, 0x00007f63b6750000)
 tenured generation   total 19073552K, used 17316152K [0x00007f6745b50000, 0x00007f6bd1dd4000, 0x00007f71f0600000)
   the space 19073552K,  90% used [0x00007f6745b50000, 0x00007f6b6699e148, 0x00007f6b6699e200, 0x00007f6bd1dd4000)
 Metaspace       used 23095K, capacity 23449K, committed 23552K, reserved 24576K
}
Event: 65.730 GC heap before
{Heap before GC invocations=8 (full 3):
 def new generation   total 6695744K, used 0K [0x00007f61f0600000, 0x00007f63b6750000, 0x00007f6745b50000)
  eden space 5951808K,   0% used [0x00007f61f0600000, 0x00007f61f0600000, 0x00007f635ba50000)
  from space 743936K,   0% used [0x00007f635ba50000, 0x00007f635ba502f8, 0x00007f63890d0000)
  to   space 743936K,   0% used [0x00007f63890d0000, 0x00007f63890d0000, 0x00007f63b6750000)
 tenured generation   total 19073552K, used 17316152K [0x00007f6745b50000, 0x00007f6bd1dd4000, 0x00007f71f0600000)
   the space 19073552K,  90% used [0x00007f6745b50000, 0x00007f6b6699e148, 0x00007f6b6699e200, 0x00007f6bd1dd4000)
 Metaspace       used 23095K, capacity 23449K, committed 23552K, reserved 24576K
}
Event: 70.574 GC heap after
{Heap after GC invocations=8 (full 4):
 def new generation   total 6695744K, used 0K [0x00007f61f0600000, 0x00007f63b6750000, 0x00007f6745b50000)
  eden space 5951808K,   0% used [0x00007f61f0600000, 0x00007f61f0600000, 0x00007f635ba50000)
  from space 743936K,   0% used [0x00007f635ba50000, 0x00007f635ba50000, 0x00007f63890d0000)
  to   space 743936K,   0% used [0x00007f63890d0000, 0x00007f63890d0000, 0x00007f63b6750000)
 tenured generation   total 14879244K, used 8397912K [0x00007f6745b50000, 0x00007f6ad1dd3000, 0x00007f71f0600000)
   the space 14879244K,  56% used [0x00007f6745b50000, 0x00007f6946466180, 0x00007f6946466200, 0x00007f6ad1dd3000)
 Metaspace       used 23095K, capacity 23449K, committed 23552K, reserved 24576K
}

