# JRE version: OpenJDK Runtime Environment (13.0.7+5) (build 13.0.7+5-Ubuntu-0ubuntu120.04)
# Java VM: OpenJDK 64-Bit Server VM (13.0.7+5-Ubuntu-0ubuntu120.04, mixed mode, tiered, serial gc, linux-amd64)
Heap:
 def new generation   total 2905856K, used 17733K [0x00007f6840600000, 0x00007f6905700000, 0x00007f6d95b50000)
  eden space 2583040K,   0% used [0x00007f6840600000, 0x00007f68417517d0, 0x00007f68de080000)
  from space 322816K,   0% used [0x00007f68de080000, 0x00007f68de080000, 0x00007f68f1bc0000)
  to   space 322816K,   0% used [0x00007f68f1bc0000, 0x00007f68f1bc0000, 0x00007f6905700000)
 tenured generation   total 6458572K, used 6458565K [0x00007f6d95b50000, 0x00007f6f1fe83000, 0x00007f7840600000)
   the space 6458572K,  99% used [0x00007f6d95b50000, 0x00007f6f1fe81490, 0x00007f6f1fe81600, 0x00007f6f1fe83000)
 Metaspace       used 24333K, capacity 24689K, committed 24832K, reserved 26624K
GC Heap History (20 events):
Event: 9854.883 GC heap after
{Heap after GC invocations=14606 (full 4):
 def new generation   total 2905856K, used 16576K [0x00007f6840600000, 0x00007f6905700000, 0x00007f6d95b50000)
  eden space 2583040K,   0% used [0x00007f6840600000, 0x00007f6840600000, 0x00007f68de080000)
  from space 322816K,   5% used [0x00007f68f1bc0000, 0x00007f68f2bf00c0, 0x00007f6905700000)
  to   space 322816K,   0% used [0x00007f68de080000, 0x00007f68de080000, 0x00007f68f1bc0000)
 tenured generation   total 6457228K, used 6447236K [0x00007f6d95b50000, 0x00007f6f1fd33000, 0x00007f7840600000)
   the space 6457228K,  99% used [0x00007f6d95b50000, 0x00007f6f1f3713c8, 0x00007f6f1f371400, 0x00007f6f1fd33000)
 Metaspace       used 24333K, capacity 24689K, committed 24832K, reserved 26624K
}
Event: 9856.199 GC heap before
{Heap before GC invocations=14606 (full 4):
 def new generation   total 2905856K, used 2599616K [0x00007f6840600000, 0x00007f6905700000, 0x00007f6d95b50000)
  eden space 2583040K, 100% used [0x00007f6840600000, 0x00007f68de080000, 0x00007f68de080000)
  from space 322816K,   5% used [0x00007f68f1bc0000, 0x00007f68f2bf00c0, 0x00007f6905700000)
  to   space 322816K,   0% used [0x00007f68de080000, 0x00007f68de080000, 0x00007f68f1bc0000)
 tenured generation   total 6457228K, used 6447236K [0x00007f6d95b50000, 0x00007f6f1fd33000, 0x00007f7840600000)
   the space 6457228K,  99% used [0x00007f6d95b50000, 0x00007f6f1f3713c8, 0x00007f6f1f371400, 0x00007f6f1fd33000)
 Metaspace       used 24333K, capacity 24689K, committed 24832K, reserved 26624K
}
Event: 9856.218 GC heap after
{Heap after GC invocations=14607 (full 4):
 def new generation   total 2905856K, used 16425K [0x00007f6840600000, 0x00007f6905700000, 0x00007f6d95b50000)
  eden space 2583040K,   0% used [0x00007f6840600000, 0x00007f6840600000, 0x00007f68de080000)
  from space 322816K,   5% used [0x00007f68de080000, 0x00007f68df08a4d0, 0x00007f68f1bc0000)
  to   space 322816K,   0% used [0x00007f68f1bc0000, 0x00007f68f1bc0000, 0x00007f6905700000)
 tenured generation   total 6457228K, used 6448556K [0x00007f6d95b50000, 0x00007f6f1fd33000, 0x00007f7840600000)
   the space 6457228K,  99% used [0x00007f6d95b50000, 0x00007f6f1f4bb2d8, 0x00007f6f1f4bb400, 0x00007f6f1fd33000)
 Metaspace       used 24333K, capacity 24689K, committed 24832K, reserved 26624K
}
Event: 9857.595 GC heap before
{Heap before GC invocations=14607 (full 4):
 def new generation   total 2905856K, used 2599465K [0x00007f6840600000, 0x00007f6905700000, 0x00007f6d95b50000)
  eden space 2583040K, 100% used [0x00007f6840600000, 0x00007f68de080000, 0x00007f68de080000)
  from space 322816K,   5% used [0x00007f68de080000, 0x00007f68df08a4d0, 0x00007f68f1bc0000)
  to   space 322816K,   0% used [0x00007f68f1bc0000, 0x00007f68f1bc0000, 0x00007f6905700000)
 tenured generation   total 6457228K, used 6448556K [0x00007f6d95b50000, 0x00007f6f1fd33000, 0x00007f7840600000)
   the space 6457228K,  99% used [0x00007f6d95b50000, 0x00007f6f1f4bb2d8, 0x00007f6f1f4bb400, 0x00007f6f1fd33000)
 Metaspace       used 24333K, capacity 24689K, committed 24832K, reserved 26624K
}
Event: 9857.616 GC heap after
{Heap after GC invocations=14608 (full 4):
 def new generation   total 2905856K, used 16250K [0x00007f6840600000, 0x00007f6905700000, 0x00007f6d95b50000)
  eden space 2583040K,   0% used [0x00007f6840600000, 0x00007f6840600000, 0x00007f68de080000)
  from space 322816K,   5% used [0x00007f68f1bc0000, 0x00007f68f2b9ea60, 0x00007f6905700000)
  to   space 322816K,   0% used [0x00007f68de080000, 0x00007f68de080000, 0x00007f68f1bc0000)
 tenured generation   total 6457228K, used 6450210K [0x00007f6d95b50000, 0x00007f6f1fd33000, 0x00007f7840600000)
   the space 6457228K,  99% used [0x00007f6d95b50000, 0x00007f6f1f6589e0, 0x00007f6f1f658a00, 0x00007f6f1fd33000)
 Metaspace       used 24333K, capacity 24689K, committed 24832K, reserved 26624K
}
Event: 9859.013 GC heap before
{Heap before GC invocations=14608 (full 4):
 def new generation   total 2905856K, used 2599290K [0x00007f6840600000, 0x00007f6905700000, 0x00007f6d95b50000)
  eden space 2583040K, 100% used [0x00007f6840600000, 0x00007f68de080000, 0x00007f68de080000)
  from space 322816K,   5% used [0x00007f68f1bc0000, 0x00007f68f2b9ea60, 0x00007f6905700000)
  to   space 322816K,   0% used [0x00007f68de080000, 0x00007f68de080000, 0x00007f68f1bc0000)
 tenured generation   total 6457228K, used 6450210K [0x00007f6d95b50000, 0x00007f6f1fd33000, 0x00007f7840600000)
   the space 6457228K,  99% used [0x00007f6d95b50000, 0x00007f6f1f6589e0, 0x00007f6f1f658a00, 0x00007f6f1fd33000)
 Metaspace       used 24333K, capacity 24689K, committed 24832K, reserved 26624K
}
Event: 9859.036 GC heap after
{Heap after GC invocations=14609 (full 4):
 def new generation   total 2905856K, used 18083K [0x00007f6840600000, 0x00007f6905700000, 0x00007f6d95b50000)
  eden space 2583040K,   0% used [0x00007f6840600000, 0x00007f6840600000, 0x00007f68de080000)
  from space 322816K,   5% used [0x00007f68de080000, 0x00007f68df228e78, 0x00007f68f1bc0000)
  to   space 322816K,   0% used [0x00007f68f1bc0000, 0x00007f68f1bc0000, 0x00007f6905700000)
 tenured generation   total 6457228K, used 6450618K [0x00007f6d95b50000, 0x00007f6f1fd33000, 0x00007f7840600000)
   the space 6457228K,  99% used [0x00007f6d95b50000, 0x00007f6f1f6beb80, 0x00007f6f1f6bec00, 0x00007f6f1fd33000)
 Metaspace       used 24333K, capacity 24689K, committed 24832K, reserved 26624K
}
Event: 9860.362 GC heap before
{Heap before GC invocations=14609 (full 4):
 def new generation   total 2905856K, used 2601123K [0x00007f6840600000, 0x00007f6905700000, 0x00007f6d95b50000)
  eden space 2583040K, 100% used [0x00007f6840600000, 0x00007f68de080000, 0x00007f68de080000)
  from space 322816K,   5% used [0x00007f68de080000, 0x00007f68df228e78, 0x00007f68f1bc0000)
  to   space 322816K,   0% used [0x00007f68f1bc0000, 0x00007f68f1bc0000, 0x00007f6905700000)
 tenured generation   total 6457228K, used 6450618K [0x00007f6d95b50000, 0x00007f6f1fd33000, 0x00007f7840600000)
   the space 6457228K,  99% used [0x00007f6d95b50000, 0x00007f6f1f6beb80, 0x00007f6f1f6bec00, 0x00007f6f1fd33000)
 Metaspace       used 24333K, capacity 24689K, committed 24832K, reserved 26624K
}
Event: 9860.387 GC heap after
{Heap after GC invocations=14610 (full 4):
 def new generation   total 2905856K, used 19212K [0x00007f6840600000, 0x00007f6905700000, 0x00007f6d95b50000)
  eden space 2583040K,   0% used [0x00007f6840600000, 0x00007f6840600000, 0x00007f68de080000)
  from space 322816K,   5% used [0x00007f68f1bc0000, 0x00007f68f2e83388, 0x00007f6905700000)
  to   space 322816K,   0% used [0x00007f68de080000, 0x00007f68de080000, 0x00007f68f1bc0000)
 tenured generation   total 6457228K, used 6451089K [0x00007f6d95b50000, 0x00007f6f1fd33000, 0x00007f7840600000)
   the space 6457228K,  99% used [0x00007f6d95b50000, 0x00007f6f1f734740, 0x00007f6f1f734800, 0x00007f6f1fd33000)
 Metaspace       used 24333K, capacity 24689K, committed 24832K, reserved 26624K
}
Event: 9861.720 GC heap before
{Heap before GC invocations=14610 (full 4):
 def new generation   total 2905856K, used 2602252K [0x00007f6840600000, 0x00007f6905700000, 0x00007f6d95b50000)
  eden space 2583040K, 100% used [0x00007f6840600000, 0x00007f68de080000, 0x00007f68de080000)
  from space 322816K,   5% used [0x00007f68f1bc0000, 0x00007f68f2e83388, 0x00007f6905700000)
  to   space 322816K,   0% used [0x00007f68de080000, 0x00007f68de080000, 0x00007f68f1bc0000)
 tenured generation   total 6457228K, used 6451089K [0x00007f6d95b50000, 0x00007f6f1fd33000, 0x00007f7840600000)
   the space 6457228K,  99% used [0x00007f6d95b50000, 0x00007f6f1f734740, 0x00007f6f1f734800, 0x00007f6f1fd33000)
 Metaspace       used 24333K, capacity 24689K, committed 24832K, reserved 26624K
}
Event: 9861.739 GC heap after
{Heap after GC invocations=14611 (full 4):
 def new generation   total 2905856K, used 18980K [0x00007f6840600000, 0x00007f6905700000, 0x00007f6d95b50000)
  eden space 2583040K,   0% used [0x00007f6840600000, 0x00007f6840600000, 0x00007f68de080000)
  from space 322816K,   5% used [0x00007f68de080000, 0x00007f68df3093e8, 0x00007f68f1bc0000)
  to   space 322816K,   0% used [0x00007f68f1bc0000, 0x00007f68f1bc0000, 0x00007f6905700000)
 tenured generation   total 6457228K, used 6451746K [0x00007f6d95b50000, 0x00007f6f1fd33000, 0x00007f7840600000)
   the space 6457228K,  99% used [0x00007f6d95b50000, 0x00007f6f1f7d8bc0, 0x00007f6f1f7d8c00, 0x00007f6f1fd33000)
 Metaspace       used 24333K, capacity 24689K, committed 24832K, reserved 26624K
}
Event: 9863.164 GC heap before
{Heap before GC invocations=14611 (full 4):
 def new generation   total 2905856K, used 2602020K [0x00007f6840600000, 0x00007f6905700000, 0x00007f6d95b50000)
  eden space 2583040K, 100% used [0x00007f6840600000, 0x00007f68de080000, 0x00007f68de080000)
  from space 322816K,   5% used [0x00007f68de080000, 0x00007f68df3093e8, 0x00007f68f1bc0000)
  to   space 322816K,   0% used [0x00007f68f1bc0000, 0x00007f68f1bc0000, 0x00007f6905700000)
 tenured generation   total 6457228K, used 6451746K [0x00007f6d95b50000, 0x00007f6f1fd33000, 0x00007f7840600000)
   the space 6457228K,  99% used [0x00007f6d95b50000, 0x00007f6f1f7d8bc0, 0x00007f6f1f7d8c00, 0x00007f6f1fd33000)
 Metaspace       used 24333K, capacity 24689K, committed 24832K, reserved 26624K
}
Event: 9863.188 GC heap after
{Heap after GC invocations=14612 (full 4):
 def new generation   total 2905856K, used 18572K [0x00007f6840600000, 0x00007f6905700000, 0x00007f6d95b50000)
  eden space 2583040K,   0% used [0x00007f6840600000, 0x00007f6840600000, 0x00007f68de080000)
  from space 322816K,   5% used [0x00007f68f1bc0000, 0x00007f68f2de3298, 0x00007f6905700000)
  to   space 322816K,   0% used [0x00007f68de080000, 0x00007f68de080000, 0x00007f68f1bc0000)
 tenured generation   total 6457228K, used 6452714K [0x00007f6d95b50000, 0x00007f6f1fd33000, 0x00007f7840600000)
   the space 6457228K,  99% used [0x00007f6d95b50000, 0x00007f6f1f8caa70, 0x00007f6f1f8cac00, 0x00007f6f1fd33000)
 Metaspace       used 24333K, capacity 24689K, committed 24832K, reserved 26624K
}
Event: 9864.510 GC heap before
{Heap before GC invocations=14612 (full 4):
 def new generation   total 2905856K, used 2601612K [0x00007f6840600000, 0x00007f6905700000, 0x00007f6d95b50000)
  eden space 2583040K, 100% used [0x00007f6840600000, 0x00007f68de080000, 0x00007f68de080000)
  from space 322816K,   5% used [0x00007f68f1bc0000, 0x00007f68f2de3298, 0x00007f6905700000)
  to   space 322816K,   0% used [0x00007f68de080000, 0x00007f68de080000, 0x00007f68f1bc0000)
 tenured generation   total 6457228K, used 6452714K [0x00007f6d95b50000, 0x00007f6f1fd33000, 0x00007f7840600000)
   the space 6457228K,  99% used [0x00007f6d95b50000, 0x00007f6f1f8caa70, 0x00007f6f1f8cac00, 0x00007f6f1fd33000)
 Metaspace       used 24333K, capacity 24689K, committed 24832K, reserved 26624K
}
Event: 9864.529 GC heap after
{Heap after GC invocations=14613 (full 4):
 def new generation   total 2905856K, used 18369K [0x00007f6840600000, 0x00007f6905700000, 0x00007f6d95b50000)
  eden space 2583040K,   0% used [0x00007f6840600000, 0x00007f6840600000, 0x00007f68de080000)
  from space 322816K,   5% used [0x00007f68de080000, 0x00007f68df2707e0, 0x00007f68f1bc0000)
  to   space 322816K,   0% used [0x00007f68f1bc0000, 0x00007f68f1bc0000, 0x00007f6905700000)
 tenured generation   total 6457228K, used 6454034K [0x00007f6d95b50000, 0x00007f6f1fd33000, 0x00007f7840600000)
   the space 6457228K,  99% used [0x00007f6d95b50000, 0x00007f6f1fa148f0, 0x00007f6f1fa14a00, 0x00007f6f1fd33000)
 Metaspace       used 24333K, capacity 24689K, committed 24832K, reserved 26624K
}
Event: 9865.888 GC heap before
{Heap before GC invocations=14613 (full 4):
 def new generation   total 2905856K, used 2601409K [0x00007f6840600000, 0x00007f6905700000, 0x00007f6d95b50000)
  eden space 2583040K, 100% used [0x00007f6840600000, 0x00007f68de080000, 0x00007f68de080000)
  from space 322816K,   5% used [0x00007f68de080000, 0x00007f68df2707e0, 0x00007f68f1bc0000)
  to   space 322816K,   0% used [0x00007f68f1bc0000, 0x00007f68f1bc0000, 0x00007f6905700000)
 tenured generation   total 6457228K, used 6454034K [0x00007f6d95b50000, 0x00007f6f1fd33000, 0x00007f7840600000)
   the space 6457228K,  99% used [0x00007f6d95b50000, 0x00007f6f1fa148f0, 0x00007f6f1fa14a00, 0x00007f6f1fd33000)
 Metaspace       used 24333K, capacity 24689K, committed 24832K, reserved 26624K
}
Event: 9865.917 GC heap after
{Heap after GC invocations=14614 (full 4):
 def new generation   total 2905856K, used 18344K [0x00007f6840600000, 0x00007f6905700000, 0x00007f6d95b50000)
  eden space 2583040K,   0% used [0x00007f6840600000, 0x00007f6840600000, 0x00007f68de080000)
  from space 322816K,   5% used [0x00007f68f1bc0000, 0x00007f68f2daa108, 0x00007f6905700000)
  to   space 322816K,   0% used [0x00007f68de080000, 0x00007f68de080000, 0x00007f68f1bc0000)
 tenured generation   total 6457228K, used 6456306K [0x00007f6d95b50000, 0x00007f6f1fd33000, 0x00007f7840600000)
   the space 6457228K,  99% used [0x00007f6d95b50000, 0x00007f6f1fc4c840, 0x00007f6f1fc4ca00, 0x00007f6f1fd33000)
 Metaspace       used 24333K, capacity 24689K, committed 24832K, reserved 26624K
}
Event: 9867.280 GC heap before
{Heap before GC invocations=14614 (full 4):
 def new generation   total 2905856K, used 2601384K [0x00007f6840600000, 0x00007f6905700000, 0x00007f6d95b50000)
  eden space 2583040K, 100% used [0x00007f6840600000, 0x00007f68de080000, 0x00007f68de080000)
  from space 322816K,   5% used [0x00007f68f1bc0000, 0x00007f68f2daa108, 0x00007f6905700000)
  to   space 322816K,   0% used [0x00007f68de080000, 0x00007f68de080000, 0x00007f68f1bc0000)
 tenured generation   total 6457228K, used 6456306K [0x00007f6d95b50000, 0x00007f6f1fd33000, 0x00007f7840600000)
   the space 6457228K,  99% used [0x00007f6d95b50000, 0x00007f6f1fc4c840, 0x00007f6f1fc4ca00, 0x00007f6f1fd33000)
 Metaspace       used 24333K, capacity 24689K, committed 24832K, reserved 26624K
}
Event: 9867.301 GC heap after
{Heap after GC invocations=14615 (full 4):
 def new generation   total 2905856K, used 17737K [0x00007f6840600000, 0x00007f6905700000, 0x00007f6d95b50000)
  eden space 2583040K,   0% used [0x00007f6840600000, 0x00007f6840600000, 0x00007f68de080000)
  from space 322816K,   5% used [0x00007f68de080000, 0x00007f68df1d2660, 0x00007f68f1bc0000)
  to   space 322816K,   0% used [0x00007f68f1bc0000, 0x00007f68f1bc0000, 0x00007f6905700000)
 tenured generation   total 6458572K, used 6458561K [0x00007f6d95b50000, 0x00007f6f1fe83000, 0x00007f7840600000)
   the space 6458572K,  99% used [0x00007f6d95b50000, 0x00007f6f1fe80600, 0x00007f6f1fe80600, 0x00007f6f1fe83000)
 Metaspace       used 24333K, capacity 24689K, committed 24832K, reserved 26624K
}
Event: 9867.301 GC heap before
{Heap before GC invocations=14615 (full 4):
 def new generation   total 2905856K, used 17737K [0x00007f6840600000, 0x00007f6905700000, 0x00007f6d95b50000)
  eden space 2583040K,   0% used [0x00007f6840600000, 0x00007f6840600000, 0x00007f68de080000)
  from space 322816K,   5% used [0x00007f68de080000, 0x00007f68df1d2660, 0x00007f68f1bc0000)
  to   space 322816K,   0% used [0x00007f68f1bc0000, 0x00007f68f1bc0000, 0x00007f6905700000)
 tenured generation   total 6458572K, used 6458561K [0x00007f6d95b50000, 0x00007f6f1fe83000, 0x00007f7840600000)
   the space 6458572K,  99% used [0x00007f6d95b50000, 0x00007f6f1fe80600, 0x00007f6f1fe80600, 0x00007f6f1fe83000)
 Metaspace       used 24333K, capacity 24689K, committed 24832K, reserved 26624K
}

