# JRE version: OpenJDK Runtime Environment (13.0.7+5) (build 13.0.7+5-Ubuntu-0ubuntu120.04)
# Java VM: OpenJDK 64-Bit Server VM (13.0.7+5-Ubuntu-0ubuntu120.04, mixed mode, tiered, serial gc, linux-amd64)
Heap:
 def new generation   total 2722304K, used 139240K [0x00007f4880600000, 0x00007f4938fe0000, 0x00007f532b0a0000)
  eden space 2419840K,   5% used [0x00007f4880600000, 0x00007f4888dfa080, 0x00007f4914120000)
  from space 302464K,   0% used [0x00007f4914120000, 0x00007f4914120000, 0x00007f4926880000)
  to   space 302464K,   0% used [0x00007f4926880000, 0x00007f4926880000, 0x00007f4938fe0000)
 tenured generation   total 6065792K, used 6064479K [0x00007f532b0a0000, 0x00007f549d440000, 0x00007f6880600000)
   the space 6065792K,  99% used [0x00007f532b0a0000, 0x00007f549d2f7e48, 0x00007f549d2f8000, 0x00007f549d440000)
 Metaspace       used 24248K, capacity 24634K, committed 24832K, reserved 26624K
GC Heap History (20 events):
Event: 1756.842 GC heap after
{Heap after GC invocations=1538 (full 6):
 def new generation   total 2722304K, used 177259K [0x00007f4880600000, 0x00007f4938fe0000, 0x00007f532b0a0000)
  eden space 2419840K,   0% used [0x00007f4880600000, 0x00007f4880600000, 0x00007f4914120000)
  from space 302464K,  58% used [0x00007f4926880000, 0x00007f493159af90, 0x00007f4938fe0000)
  to   space 302464K,   0% used [0x00007f4914120000, 0x00007f4914120000, 0x00007f4926880000)
 tenured generation   total 6049404K, used 5932388K [0x00007f532b0a0000, 0x00007f549c43f000, 0x00007f6880600000)
   the space 6049404K,  98% used [0x00007f532b0a0000, 0x00007f54951f93c8, 0x00007f54951f9400, 0x00007f549c43f000)
 Metaspace       used 24248K, capacity 24634K, committed 24832K, reserved 26624K
}
Event: 1759.496 GC heap before
{Heap before GC invocations=1538 (full 6):
 def new generation   total 2722304K, used 2597099K [0x00007f4880600000, 0x00007f4938fe0000, 0x00007f532b0a0000)
  eden space 2419840K, 100% used [0x00007f4880600000, 0x00007f4914120000, 0x00007f4914120000)
  from space 302464K,  58% used [0x00007f4926880000, 0x00007f493159af90, 0x00007f4938fe0000)
  to   space 302464K,   0% used [0x00007f4914120000, 0x00007f4914120000, 0x00007f4926880000)
 tenured generation   total 6049404K, used 5932388K [0x00007f532b0a0000, 0x00007f549c43f000, 0x00007f6880600000)
   the space 6049404K,  98% used [0x00007f532b0a0000, 0x00007f54951f93c8, 0x00007f54951f9400, 0x00007f549c43f000)
 Metaspace       used 24248K, capacity 24634K, committed 24832K, reserved 26624K
}
Event: 1759.624 GC heap after
{Heap after GC invocations=1539 (full 6):
 def new generation   total 2722304K, used 118714K [0x00007f4880600000, 0x00007f4938fe0000, 0x00007f532b0a0000)
  eden space 2419840K,   0% used [0x00007f4880600000, 0x00007f4880600000, 0x00007f4914120000)
  from space 302464K,  39% used [0x00007f4914120000, 0x00007f491b50eb38, 0x00007f4926880000)
  to   space 302464K,   0% used [0x00007f4926880000, 0x00007f4926880000, 0x00007f4938fe0000)
 tenured generation   total 6049404K, used 5966306K [0x00007f532b0a0000, 0x00007f549c43f000, 0x00007f6880600000)
   the space 6049404K,  98% used [0x00007f532b0a0000, 0x00007f5497318878, 0x00007f5497318a00, 0x00007f549c43f000)
 Metaspace       used 24248K, capacity 24634K, committed 24832K, reserved 26624K
}
Event: 1762.694 GC heap before
{Heap before GC invocations=1539 (full 6):
 def new generation   total 2722304K, used 2538554K [0x00007f4880600000, 0x00007f4938fe0000, 0x00007f532b0a0000)
  eden space 2419840K, 100% used [0x00007f4880600000, 0x00007f4914120000, 0x00007f4914120000)
  from space 302464K,  39% used [0x00007f4914120000, 0x00007f491b50eb38, 0x00007f4926880000)
  to   space 302464K,   0% used [0x00007f4926880000, 0x00007f4926880000, 0x00007f4938fe0000)
 tenured generation   total 6049404K, used 5966306K [0x00007f532b0a0000, 0x00007f549c43f000, 0x00007f6880600000)
   the space 6049404K,  98% used [0x00007f532b0a0000, 0x00007f5497318878, 0x00007f5497318a00, 0x00007f549c43f000)
 Metaspace       used 24248K, capacity 24634K, committed 24832K, reserved 26624K
}
Event: 1762.814 GC heap after
{Heap after GC invocations=1540 (full 6):
 def new generation   total 2722304K, used 153110K [0x00007f4880600000, 0x00007f4938fe0000, 0x00007f532b0a0000)
  eden space 2419840K,   0% used [0x00007f4880600000, 0x00007f4880600000, 0x00007f4914120000)
  from space 302464K,  50% used [0x00007f4926880000, 0x00007f492fe05928, 0x00007f4938fe0000)
  to   space 302464K,   0% used [0x00007f4914120000, 0x00007f4914120000, 0x00007f4926880000)
 tenured generation   total 6049404K, used 5966306K [0x00007f532b0a0000, 0x00007f549c43f000, 0x00007f6880600000)
   the space 6049404K,  98% used [0x00007f532b0a0000, 0x00007f5497318878, 0x00007f5497318a00, 0x00007f549c43f000)
 Metaspace       used 24248K, capacity 24634K, committed 24832K, reserved 26624K
}
Event: 1765.607 GC heap before
{Heap before GC invocations=1540 (full 6):
 def new generation   total 2722304K, used 2572950K [0x00007f4880600000, 0x00007f4938fe0000, 0x00007f532b0a0000)
  eden space 2419840K, 100% used [0x00007f4880600000, 0x00007f4914120000, 0x00007f4914120000)
  from space 302464K,  50% used [0x00007f4926880000, 0x00007f492fe05928, 0x00007f4938fe0000)
  to   space 302464K,   0% used [0x00007f4914120000, 0x00007f4914120000, 0x00007f4926880000)
 tenured generation   total 6049404K, used 5966306K [0x00007f532b0a0000, 0x00007f549c43f000, 0x00007f6880600000)
   the space 6049404K,  98% used [0x00007f532b0a0000, 0x00007f5497318878, 0x00007f5497318a00, 0x00007f549c43f000)
 Metaspace       used 24248K, capacity 24634K, committed 24832K, reserved 26624K
}
Event: 1765.733 GC heap after
{Heap after GC invocations=1541 (full 6):
 def new generation   total 2722304K, used 147982K [0x00007f4880600000, 0x00007f4938fe0000, 0x00007f532b0a0000)
  eden space 2419840K,   0% used [0x00007f4880600000, 0x00007f4880600000, 0x00007f4914120000)
  from space 302464K,  48% used [0x00007f4914120000, 0x00007f491d1a38a8, 0x00007f4926880000)
  to   space 302464K,   0% used [0x00007f4926880000, 0x00007f4926880000, 0x00007f4938fe0000)
 tenured generation   total 6049404K, used 5983264K [0x00007f532b0a0000, 0x00007f549c43f000, 0x00007f6880600000)
   the space 6049404K,  98% used [0x00007f532b0a0000, 0x00007f54983a82d0, 0x00007f54983a8400, 0x00007f549c43f000)
 Metaspace       used 24248K, capacity 24634K, committed 24832K, reserved 26624K
}
Event: 1768.500 GC heap before
{Heap before GC invocations=1541 (full 6):
 def new generation   total 2722304K, used 2567822K [0x00007f4880600000, 0x00007f4938fe0000, 0x00007f532b0a0000)
  eden space 2419840K, 100% used [0x00007f4880600000, 0x00007f4914120000, 0x00007f4914120000)
  from space 302464K,  48% used [0x00007f4914120000, 0x00007f491d1a38a8, 0x00007f4926880000)
  to   space 302464K,   0% used [0x00007f4926880000, 0x00007f4926880000, 0x00007f4938fe0000)
 tenured generation   total 6049404K, used 5983264K [0x00007f532b0a0000, 0x00007f549c43f000, 0x00007f6880600000)
   the space 6049404K,  98% used [0x00007f532b0a0000, 0x00007f54983a82d0, 0x00007f54983a8400, 0x00007f549c43f000)
 Metaspace       used 24248K, capacity 24634K, committed 24832K, reserved 26624K
}
Event: 1768.630 GC heap after
{Heap after GC invocations=1542 (full 6):
 def new generation   total 2722304K, used 158786K [0x00007f4880600000, 0x00007f4938fe0000, 0x00007f532b0a0000)
  eden space 2419840K,   0% used [0x00007f4880600000, 0x00007f4880600000, 0x00007f4914120000)
  from space 302464K,  52% used [0x00007f4926880000, 0x00007f4930390bd0, 0x00007f4938fe0000)
  to   space 302464K,   0% used [0x00007f4914120000, 0x00007f4914120000, 0x00007f4926880000)
 tenured generation   total 6049404K, used 5983264K [0x00007f532b0a0000, 0x00007f549c43f000, 0x00007f6880600000)
   the space 6049404K,  98% used [0x00007f532b0a0000, 0x00007f54983a82d0, 0x00007f54983a8400, 0x00007f549c43f000)
 Metaspace       used 24248K, capacity 24634K, committed 24832K, reserved 26624K
}
Event: 1771.396 GC heap before
{Heap before GC invocations=1542 (full 6):
 def new generation   total 2722304K, used 2578626K [0x00007f4880600000, 0x00007f4938fe0000, 0x00007f532b0a0000)
  eden space 2419840K, 100% used [0x00007f4880600000, 0x00007f4914120000, 0x00007f4914120000)
  from space 302464K,  52% used [0x00007f4926880000, 0x00007f4930390bd0, 0x00007f4938fe0000)
  to   space 302464K,   0% used [0x00007f4914120000, 0x00007f4914120000, 0x00007f4926880000)
 tenured generation   total 6049404K, used 5983264K [0x00007f532b0a0000, 0x00007f549c43f000, 0x00007f6880600000)
   the space 6049404K,  98% used [0x00007f532b0a0000, 0x00007f54983a82d0, 0x00007f54983a8400, 0x00007f549c43f000)
 Metaspace       used 24248K, capacity 24634K, committed 24832K, reserved 26624K
}
Event: 1771.546 GC heap after
{Heap after GC invocations=1543 (full 6):
 def new generation   total 2722304K, used 152620K [0x00007f4880600000, 0x00007f4938fe0000, 0x00007f532b0a0000)
  eden space 2419840K,   0% used [0x00007f4880600000, 0x00007f4880600000, 0x00007f4914120000)
  from space 302464K,  50% used [0x00007f4914120000, 0x00007f491d62b180, 0x00007f4926880000)
  to   space 302464K,   0% used [0x00007f4926880000, 0x00007f4926880000, 0x00007f4938fe0000)
 tenured generation   total 6049404K, used 6000223K [0x00007f532b0a0000, 0x00007f549c43f000, 0x00007f6880600000)
   the space 6049404K,  99% used [0x00007f532b0a0000, 0x00007f5499437d28, 0x00007f5499437e00, 0x00007f549c43f000)
 Metaspace       used 24248K, capacity 24634K, committed 24832K, reserved 26624K
}
Event: 1774.598 GC heap before
{Heap before GC invocations=1543 (full 6):
 def new generation   total 2722304K, used 2572460K [0x00007f4880600000, 0x00007f4938fe0000, 0x00007f532b0a0000)
  eden space 2419840K, 100% used [0x00007f4880600000, 0x00007f4914120000, 0x00007f4914120000)
  from space 302464K,  50% used [0x00007f4914120000, 0x00007f491d62b180, 0x00007f4926880000)
  to   space 302464K,   0% used [0x00007f4926880000, 0x00007f4926880000, 0x00007f4938fe0000)
 tenured generation   total 6049404K, used 6000223K [0x00007f532b0a0000, 0x00007f549c43f000, 0x00007f6880600000)
   the space 6049404K,  99% used [0x00007f532b0a0000, 0x00007f5499437d28, 0x00007f5499437e00, 0x00007f549c43f000)
 Metaspace       used 24248K, capacity 24634K, committed 24832K, reserved 26624K
}
Event: 1774.740 GC heap after
{Heap after GC invocations=1544 (full 6):
 def new generation   total 2722304K, used 151071K [0x00007f4880600000, 0x00007f4938fe0000, 0x00007f532b0a0000)
  eden space 2419840K,   0% used [0x00007f4880600000, 0x00007f4880600000, 0x00007f4914120000)
  from space 302464K,  49% used [0x00007f4926880000, 0x00007f492fc07e50, 0x00007f4938fe0000)
  to   space 302464K,   0% used [0x00007f4914120000, 0x00007f4914120000, 0x00007f4926880000)
 tenured generation   total 6049404K, used 6017181K [0x00007f532b0a0000, 0x00007f549c43f000, 0x00007f6880600000)
   the space 6049404K,  99% used [0x00007f532b0a0000, 0x00007f549a4c7780, 0x00007f549a4c7800, 0x00007f549c43f000)
 Metaspace       used 24248K, capacity 24634K, committed 24832K, reserved 26624K
}
Event: 1777.631 GC heap before
{Heap before GC invocations=1544 (full 6):
 def new generation   total 2722304K, used 2570911K [0x00007f4880600000, 0x00007f4938fe0000, 0x00007f532b0a0000)
  eden space 2419840K, 100% used [0x00007f4880600000, 0x00007f4914120000, 0x00007f4914120000)
  from space 302464K,  49% used [0x00007f4926880000, 0x00007f492fc07e50, 0x00007f4938fe0000)
  to   space 302464K,   0% used [0x00007f4914120000, 0x00007f4914120000, 0x00007f4926880000)
 tenured generation   total 6049404K, used 6017181K [0x00007f532b0a0000, 0x00007f549c43f000, 0x00007f6880600000)
   the space 6049404K,  99% used [0x00007f532b0a0000, 0x00007f549a4c7780, 0x00007f549a4c7800, 0x00007f549c43f000)
 Metaspace       used 24248K, capacity 24634K, committed 24832K, reserved 26624K
}
Event: 1777.751 GC heap after
{Heap after GC invocations=1545 (full 6):
 def new generation   total 2722304K, used 162391K [0x00007f4880600000, 0x00007f4938fe0000, 0x00007f532b0a0000)
  eden space 2419840K,   0% used [0x00007f4880600000, 0x00007f4880600000, 0x00007f4914120000)
  from space 302464K,  53% used [0x00007f4914120000, 0x00007f491dfb5e38, 0x00007f4926880000)
  to   space 302464K,   0% used [0x00007f4926880000, 0x00007f4926880000, 0x00007f4938fe0000)
 tenured generation   total 6049404K, used 6017181K [0x00007f532b0a0000, 0x00007f549c43f000, 0x00007f6880600000)
   the space 6049404K,  99% used [0x00007f532b0a0000, 0x00007f549a4c7780, 0x00007f549a4c7800, 0x00007f549c43f000)
 Metaspace       used 24248K, capacity 24634K, committed 24832K, reserved 26624K
}
Event: 1780.417 GC heap before
{Heap before GC invocations=1545 (full 6):
 def new generation   total 2722304K, used 2582231K [0x00007f4880600000, 0x00007f4938fe0000, 0x00007f532b0a0000)
  eden space 2419840K, 100% used [0x00007f4880600000, 0x00007f4914120000, 0x00007f4914120000)
  from space 302464K,  53% used [0x00007f4914120000, 0x00007f491dfb5e38, 0x00007f4926880000)
  to   space 302464K,   0% used [0x00007f4926880000, 0x00007f4926880000, 0x00007f4938fe0000)
 tenured generation   total 6049404K, used 6017181K [0x00007f532b0a0000, 0x00007f549c43f000, 0x00007f6880600000)
   the space 6049404K,  99% used [0x00007f532b0a0000, 0x00007f549a4c7780, 0x00007f549a4c7800, 0x00007f549c43f000)
 Metaspace       used 24248K, capacity 24634K, committed 24832K, reserved 26624K
}
Event: 1780.554 GC heap after
{Heap after GC invocations=1546 (full 6):
 def new generation   total 2722304K, used 155709K [0x00007f4880600000, 0x00007f4938fe0000, 0x00007f532b0a0000)
  eden space 2419840K,   0% used [0x00007f4880600000, 0x00007f4880600000, 0x00007f4914120000)
  from space 302464K,  51% used [0x00007f4926880000, 0x00007f493008f7f8, 0x00007f4938fe0000)
  to   space 302464K,   0% used [0x00007f4914120000, 0x00007f4914120000, 0x00007f4926880000)
 tenured generation   total 6049404K, used 6034140K [0x00007f532b0a0000, 0x00007f549c43f000, 0x00007f6880600000)
   the space 6049404K,  99% used [0x00007f532b0a0000, 0x00007f549b5571d8, 0x00007f549b557200, 0x00007f549c43f000)
 Metaspace       used 24248K, capacity 24634K, committed 24832K, reserved 26624K
}
Event: 1783.636 GC heap before
{Heap before GC invocations=1546 (full 6):
 def new generation   total 2722304K, used 2575549K [0x00007f4880600000, 0x00007f4938fe0000, 0x00007f532b0a0000)
  eden space 2419840K, 100% used [0x00007f4880600000, 0x00007f4914120000, 0x00007f4914120000)
  from space 302464K,  51% used [0x00007f4926880000, 0x00007f493008f7f8, 0x00007f4938fe0000)
  to   space 302464K,   0% used [0x00007f4914120000, 0x00007f4914120000, 0x00007f4926880000)
 tenured generation   total 6049404K, used 6034140K [0x00007f532b0a0000, 0x00007f549c43f000, 0x00007f6880600000)
   the space 6049404K,  99% used [0x00007f532b0a0000, 0x00007f549b5571d8, 0x00007f549b557200, 0x00007f549c43f000)
 Metaspace       used 24248K, capacity 24634K, committed 24832K, reserved 26624K
}
Event: 1783.767 GC heap after
{Heap after GC invocations=1547 (full 6):
 def new generation   total 2722304K, used 152620K [0x00007f4880600000, 0x00007f4938fe0000, 0x00007f532b0a0000)
  eden space 2419840K,   0% used [0x00007f4880600000, 0x00007f4880600000, 0x00007f4914120000)
  from space 302464K,  50% used [0x00007f4914120000, 0x00007f491d62b298, 0x00007f4926880000)
  to   space 302464K,   0% used [0x00007f4926880000, 0x00007f4926880000, 0x00007f4938fe0000)
 tenured generation   total 6065792K, used 6051099K [0x00007f532b0a0000, 0x00007f549d440000, 0x00007f6880600000)
   the space 6065792K,  99% used [0x00007f532b0a0000, 0x00007f549c5e6c30, 0x00007f549c5e6e00, 0x00007f549d440000)
 Metaspace       used 24248K, capacity 24634K, committed 24832K, reserved 26624K
}
Event: 1783.767 GC heap before
{Heap before GC invocations=1547 (full 6):
 def new generation   total 2722304K, used 152620K [0x00007f4880600000, 0x00007f4938fe0000, 0x00007f532b0a0000)
  eden space 2419840K,   0% used [0x00007f4880600000, 0x00007f4880600000, 0x00007f4914120000)
  from space 302464K,  50% used [0x00007f4914120000, 0x00007f491d62b298, 0x00007f4926880000)
  to   space 302464K,   0% used [0x00007f4926880000, 0x00007f4926880000, 0x00007f4938fe0000)
 tenured generation   total 6065792K, used 6051099K [0x00007f532b0a0000, 0x00007f549d440000, 0x00007f6880600000)
   the space 6065792K,  99% used [0x00007f532b0a0000, 0x00007f549c5e6c30, 0x00007f549c5e6e00, 0x00007f549d440000)
 Metaspace       used 24248K, capacity 24634K, committed 24832K, reserved 26624K
}

