# JRE version: OpenJDK Runtime Environment (13.0.7+5) (build 13.0.7+5-Ubuntu-0ubuntu120.04)
# Java VM: OpenJDK 64-Bit Server VM (13.0.7+5-Ubuntu-0ubuntu120.04, mixed mode, tiered, serial gc, linux-amd64)
Heap:
 def new generation   total 2915072K, used 52720K [0x00007fd728600000, 0x00007fd7ee100000, 0x00007fdc7db50000)
  eden space 2591232K,   2% used [0x00007fd728600000, 0x00007fd72b97c100, 0x00007fd7c6880000)
  from space 323840K,   0% used [0x00007fd7da4c0000, 0x00007fd7da4c0000, 0x00007fd7ee100000)
  to   space 323840K,   0% used [0x00007fd7c6880000, 0x00007fd7c6880000, 0x00007fd7da4c0000)
 tenured generation   total 6480084K, used 6480083K [0x00007fdc7db50000, 0x00007fde09385000, 0x00007fe728600000)
   the space 6480084K,  99% used [0x00007fdc7db50000, 0x00007fde09384ff8, 0x00007fde09385000, 0x00007fde09385000)
 Metaspace       used 24314K, capacity 24713K, committed 24832K, reserved 26624K
GC Heap History (20 events):
Event: 2486.744 GC heap after
{Heap after GC invocations=3773 (full 4):
 def new generation   total 2915072K, used 47688K [0x00007fd728600000, 0x00007fd7ee100000, 0x00007fdc7db50000)
  eden space 2591232K,   0% used [0x00007fd728600000, 0x00007fd728600000, 0x00007fd7c6880000)
  from space 323840K,  14% used [0x00007fd7c6880000, 0x00007fd7c9712168, 0x00007fd7da4c0000)
  to   space 323840K,   0% used [0x00007fd7da4c0000, 0x00007fd7da4c0000, 0x00007fd7ee100000)
 tenured generation   total 6477780K, used 6449727K [0x00007fdc7db50000, 0x00007fde09145000, 0x00007fe728600000)
   the space 6477780K,  99% used [0x00007fdc7db50000, 0x00007fde075dff80, 0x00007fde075e0000, 0x00007fde09145000)
 Metaspace       used 24314K, capacity 24713K, committed 24832K, reserved 26624K
}
Event: 2488.047 GC heap before
{Heap before GC invocations=3773 (full 4):
 def new generation   total 2915072K, used 2638920K [0x00007fd728600000, 0x00007fd7ee100000, 0x00007fdc7db50000)
  eden space 2591232K, 100% used [0x00007fd728600000, 0x00007fd7c6880000, 0x00007fd7c6880000)
  from space 323840K,  14% used [0x00007fd7c6880000, 0x00007fd7c9712168, 0x00007fd7da4c0000)
  to   space 323840K,   0% used [0x00007fd7da4c0000, 0x00007fd7da4c0000, 0x00007fd7ee100000)
 tenured generation   total 6477780K, used 6449727K [0x00007fdc7db50000, 0x00007fde09145000, 0x00007fe728600000)
   the space 6477780K,  99% used [0x00007fdc7db50000, 0x00007fde075dff80, 0x00007fde075e0000, 0x00007fde09145000)
 Metaspace       used 24314K, capacity 24713K, committed 24832K, reserved 26624K
}
Event: 2488.084 GC heap after
{Heap after GC invocations=3774 (full 4):
 def new generation   total 2915072K, used 47785K [0x00007fd728600000, 0x00007fd7ee100000, 0x00007fdc7db50000)
  eden space 2591232K,   0% used [0x00007fd728600000, 0x00007fd728600000, 0x00007fd7c6880000)
  from space 323840K,  14% used [0x00007fd7da4c0000, 0x00007fd7dd36a420, 0x00007fd7ee100000)
  to   space 323840K,   0% used [0x00007fd7c6880000, 0x00007fd7c6880000, 0x00007fd7da4c0000)
 tenured generation   total 6477780K, used 6452589K [0x00007fdc7db50000, 0x00007fde09145000, 0x00007fe728600000)
   the space 6477780K,  99% used [0x00007fdc7db50000, 0x00007fde078ab4e0, 0x00007fde078ab600, 0x00007fde09145000)
 Metaspace       used 24314K, capacity 24713K, committed 24832K, reserved 26624K
}
Event: 2489.419 GC heap before
{Heap before GC invocations=3774 (full 4):
 def new generation   total 2915072K, used 2639017K [0x00007fd728600000, 0x00007fd7ee100000, 0x00007fdc7db50000)
  eden space 2591232K, 100% used [0x00007fd728600000, 0x00007fd7c6880000, 0x00007fd7c6880000)
  from space 323840K,  14% used [0x00007fd7da4c0000, 0x00007fd7dd36a420, 0x00007fd7ee100000)
  to   space 323840K,   0% used [0x00007fd7c6880000, 0x00007fd7c6880000, 0x00007fd7da4c0000)
 tenured generation   total 6477780K, used 6452589K [0x00007fdc7db50000, 0x00007fde09145000, 0x00007fe728600000)
   the space 6477780K,  99% used [0x00007fdc7db50000, 0x00007fde078ab4e0, 0x00007fde078ab600, 0x00007fde09145000)
 Metaspace       used 24314K, capacity 24713K, committed 24832K, reserved 26624K
}
Event: 2489.460 GC heap after
{Heap after GC invocations=3775 (full 4):
 def new generation   total 2915072K, used 47128K [0x00007fd728600000, 0x00007fd7ee100000, 0x00007fdc7db50000)
  eden space 2591232K,   0% used [0x00007fd728600000, 0x00007fd728600000, 0x00007fd7c6880000)
  from space 323840K,  14% used [0x00007fd7c6880000, 0x00007fd7c9686188, 0x00007fd7da4c0000)
  to   space 323840K,   0% used [0x00007fd7da4c0000, 0x00007fd7da4c0000, 0x00007fd7ee100000)
 tenured generation   total 6477780K, used 6455954K [0x00007fdc7db50000, 0x00007fde09145000, 0x00007fe728600000)
   the space 6477780K,  99% used [0x00007fdc7db50000, 0x00007fde07bf4b30, 0x00007fde07bf4c00, 0x00007fde09145000)
 Metaspace       used 24314K, capacity 24713K, committed 24832K, reserved 26624K
}
Event: 2490.775 GC heap before
{Heap before GC invocations=3775 (full 4):
 def new generation   total 2915072K, used 2638360K [0x00007fd728600000, 0x00007fd7ee100000, 0x00007fdc7db50000)
  eden space 2591232K, 100% used [0x00007fd728600000, 0x00007fd7c6880000, 0x00007fd7c6880000)
  from space 323840K,  14% used [0x00007fd7c6880000, 0x00007fd7c9686188, 0x00007fd7da4c0000)
  to   space 323840K,   0% used [0x00007fd7da4c0000, 0x00007fd7da4c0000, 0x00007fd7ee100000)
 tenured generation   total 6477780K, used 6455954K [0x00007fdc7db50000, 0x00007fde09145000, 0x00007fe728600000)
   the space 6477780K,  99% used [0x00007fdc7db50000, 0x00007fde07bf4b30, 0x00007fde07bf4c00, 0x00007fde09145000)
 Metaspace       used 24314K, capacity 24713K, committed 24832K, reserved 26624K
}
Event: 2490.818 GC heap after
{Heap after GC invocations=3776 (full 4):
 def new generation   total 2915072K, used 45607K [0x00007fd728600000, 0x00007fd7ee100000, 0x00007fdc7db50000)
  eden space 2591232K,   0% used [0x00007fd728600000, 0x00007fd728600000, 0x00007fd7c6880000)
  from space 323840K,  14% used [0x00007fd7da4c0000, 0x00007fd7dd149ff8, 0x00007fd7ee100000)
  to   space 323840K,   0% used [0x00007fd7c6880000, 0x00007fd7c6880000, 0x00007fd7da4c0000)
 tenured generation   total 6477780K, used 6460464K [0x00007fdc7db50000, 0x00007fde09145000, 0x00007fe728600000)
   the space 6477780K,  99% used [0x00007fdc7db50000, 0x00007fde0805c150, 0x00007fde0805c200, 0x00007fde09145000)
 Metaspace       used 24314K, capacity 24713K, committed 24832K, reserved 26624K
}
Event: 2492.110 GC heap before
{Heap before GC invocations=3776 (full 4):
 def new generation   total 2915072K, used 2636839K [0x00007fd728600000, 0x00007fd7ee100000, 0x00007fdc7db50000)
  eden space 2591232K, 100% used [0x00007fd728600000, 0x00007fd7c6880000, 0x00007fd7c6880000)
  from space 323840K,  14% used [0x00007fd7da4c0000, 0x00007fd7dd149ff8, 0x00007fd7ee100000)
  to   space 323840K,   0% used [0x00007fd7c6880000, 0x00007fd7c6880000, 0x00007fd7da4c0000)
 tenured generation   total 6477780K, used 6460464K [0x00007fdc7db50000, 0x00007fde09145000, 0x00007fe728600000)
   the space 6477780K,  99% used [0x00007fdc7db50000, 0x00007fde0805c150, 0x00007fde0805c200, 0x00007fde09145000)
 Metaspace       used 24314K, capacity 24713K, committed 24832K, reserved 26624K
}
Event: 2492.148 GC heap after
{Heap after GC invocations=3777 (full 4):
 def new generation   total 2915072K, used 43996K [0x00007fd728600000, 0x00007fd7ee100000, 0x00007fdc7db50000)
  eden space 2591232K,   0% used [0x00007fd728600000, 0x00007fd728600000, 0x00007fd7c6880000)
  from space 323840K,  13% used [0x00007fd7c6880000, 0x00007fd7c9377220, 0x00007fd7da4c0000)
  to   space 323840K,   0% used [0x00007fd7da4c0000, 0x00007fd7da4c0000, 0x00007fd7ee100000)
 tenured generation   total 6477780K, used 6464978K [0x00007fdc7db50000, 0x00007fde09145000, 0x00007fe728600000)
   the space 6477780K,  99% used [0x00007fdc7db50000, 0x00007fde084c48b0, 0x00007fde084c4a00, 0x00007fde09145000)
 Metaspace       used 24314K, capacity 24713K, committed 24832K, reserved 26624K
}
Event: 2493.424 GC heap before
{Heap before GC invocations=3777 (full 4):
 def new generation   total 2915072K, used 2635228K [0x00007fd728600000, 0x00007fd7ee100000, 0x00007fdc7db50000)
  eden space 2591232K, 100% used [0x00007fd728600000, 0x00007fd7c6880000, 0x00007fd7c6880000)
  from space 323840K,  13% used [0x00007fd7c6880000, 0x00007fd7c9377220, 0x00007fd7da4c0000)
  to   space 323840K,   0% used [0x00007fd7da4c0000, 0x00007fd7da4c0000, 0x00007fd7ee100000)
 tenured generation   total 6477780K, used 6464978K [0x00007fdc7db50000, 0x00007fde09145000, 0x00007fe728600000)
   the space 6477780K,  99% used [0x00007fdc7db50000, 0x00007fde084c48b0, 0x00007fde084c4a00, 0x00007fde09145000)
 Metaspace       used 24314K, capacity 24713K, committed 24832K, reserved 26624K
}
Event: 2493.473 GC heap after
{Heap after GC invocations=3778 (full 4):
 def new generation   total 2915072K, used 44486K [0x00007fd728600000, 0x00007fd7ee100000, 0x00007fdc7db50000)
  eden space 2591232K,   0% used [0x00007fd728600000, 0x00007fd728600000, 0x00007fd7c6880000)
  from space 323840K,  13% used [0x00007fd7da4c0000, 0x00007fd7dd031bf0, 0x00007fd7ee100000)
  to   space 323840K,   0% used [0x00007fd7c6880000, 0x00007fd7c6880000, 0x00007fd7da4c0000)
 tenured generation   total 6477780K, used 6468242K [0x00007fdc7db50000, 0x00007fde09145000, 0x00007fe728600000)
   the space 6477780K,  99% used [0x00007fdc7db50000, 0x00007fde087f4a00, 0x00007fde087f4a00, 0x00007fde09145000)
 Metaspace       used 24314K, capacity 24713K, committed 24832K, reserved 26624K
}
Event: 2494.777 GC heap before
{Heap before GC invocations=3778 (full 4):
 def new generation   total 2915072K, used 2635718K [0x00007fd728600000, 0x00007fd7ee100000, 0x00007fdc7db50000)
  eden space 2591232K, 100% used [0x00007fd728600000, 0x00007fd7c6880000, 0x00007fd7c6880000)
  from space 323840K,  13% used [0x00007fd7da4c0000, 0x00007fd7dd031bf0, 0x00007fd7ee100000)
  to   space 323840K,   0% used [0x00007fd7c6880000, 0x00007fd7c6880000, 0x00007fd7da4c0000)
 tenured generation   total 6477780K, used 6468242K [0x00007fdc7db50000, 0x00007fde09145000, 0x00007fe728600000)
   the space 6477780K,  99% used [0x00007fdc7db50000, 0x00007fde087f4a00, 0x00007fde087f4a00, 0x00007fde09145000)
 Metaspace       used 24314K, capacity 24713K, committed 24832K, reserved 26624K
}
Event: 2494.829 GC heap after
{Heap after GC invocations=3779 (full 4):
 def new generation   total 2915072K, used 46067K [0x00007fd728600000, 0x00007fd7ee100000, 0x00007fdc7db50000)
  eden space 2591232K,   0% used [0x00007fd728600000, 0x00007fd728600000, 0x00007fd7c6880000)
  from space 323840K,  14% used [0x00007fd7c6880000, 0x00007fd7c957cf18, 0x00007fd7da4c0000)
  to   space 323840K,   0% used [0x00007fd7da4c0000, 0x00007fd7da4c0000, 0x00007fd7ee100000)
 tenured generation   total 6477780K, used 6471170K [0x00007fdc7db50000, 0x00007fde09145000, 0x00007fe728600000)
   the space 6477780K,  99% used [0x00007fdc7db50000, 0x00007fde08ad0bd0, 0x00007fde08ad0c00, 0x00007fde09145000)
 Metaspace       used 24314K, capacity 24713K, committed 24832K, reserved 26624K
}
Event: 2496.130 GC heap before
{Heap before GC invocations=3779 (full 4):
 def new generation   total 2915072K, used 2637299K [0x00007fd728600000, 0x00007fd7ee100000, 0x00007fdc7db50000)
  eden space 2591232K, 100% used [0x00007fd728600000, 0x00007fd7c6880000, 0x00007fd7c6880000)
  from space 323840K,  14% used [0x00007fd7c6880000, 0x00007fd7c957cf18, 0x00007fd7da4c0000)
  to   space 323840K,   0% used [0x00007fd7da4c0000, 0x00007fd7da4c0000, 0x00007fd7ee100000)
 tenured generation   total 6477780K, used 6471170K [0x00007fdc7db50000, 0x00007fde09145000, 0x00007fe728600000)
   the space 6477780K,  99% used [0x00007fdc7db50000, 0x00007fde08ad0bd0, 0x00007fde08ad0c00, 0x00007fde09145000)
 Metaspace       used 24314K, capacity 24713K, committed 24832K, reserved 26624K
}
Event: 2496.183 GC heap after
{Heap after GC invocations=3780 (full 4):
 def new generation   total 2915072K, used 46011K [0x00007fd728600000, 0x00007fd7ee100000, 0x00007fdc7db50000)
  eden space 2591232K,   0% used [0x00007fd728600000, 0x00007fd728600000, 0x00007fd7c6880000)
  from space 323840K,  14% used [0x00007fd7da4c0000, 0x00007fd7dd1aef28, 0x00007fd7ee100000)
  to   space 323840K,   0% used [0x00007fd7c6880000, 0x00007fd7c6880000, 0x00007fd7da4c0000)
 tenured generation   total 6477780K, used 6474132K [0x00007fdc7db50000, 0x00007fde09145000, 0x00007fe728600000)
   the space 6477780K,  99% used [0x00007fdc7db50000, 0x00007fde08db5270, 0x00007fde08db5400, 0x00007fde09145000)
 Metaspace       used 24314K, capacity 24713K, committed 24832K, reserved 26624K
}
Event: 2497.449 GC heap before
{Heap before GC invocations=3780 (full 4):
 def new generation   total 2915072K, used 2637243K [0x00007fd728600000, 0x00007fd7ee100000, 0x00007fdc7db50000)
  eden space 2591232K, 100% used [0x00007fd728600000, 0x00007fd7c6880000, 0x00007fd7c6880000)
  from space 323840K,  14% used [0x00007fd7da4c0000, 0x00007fd7dd1aef28, 0x00007fd7ee100000)
  to   space 323840K,   0% used [0x00007fd7c6880000, 0x00007fd7c6880000, 0x00007fd7da4c0000)
 tenured generation   total 6477780K, used 6474132K [0x00007fdc7db50000, 0x00007fde09145000, 0x00007fe728600000)
   the space 6477780K,  99% used [0x00007fdc7db50000, 0x00007fde08db5270, 0x00007fde08db5400, 0x00007fde09145000)
 Metaspace       used 24314K, capacity 24713K, committed 24832K, reserved 26624K
}
Event: 2497.507 GC heap after
{Heap after GC invocations=3781 (full 4):
 def new generation   total 2915072K, used 50068K [0x00007fd728600000, 0x00007fd7ee100000, 0x00007fdc7db50000)
  eden space 2591232K,   0% used [0x00007fd728600000, 0x00007fd728600000, 0x00007fd7c6880000)
  from space 323840K,  15% used [0x00007fd7c6880000, 0x00007fd7c9965048, 0x00007fd7da4c0000)
  to   space 323840K,   0% used [0x00007fd7da4c0000, 0x00007fd7da4c0000, 0x00007fd7ee100000)
 tenured generation   total 6477780K, used 6477061K [0x00007fdc7db50000, 0x00007fde09145000, 0x00007fe728600000)
   the space 6477780K,  99% used [0x00007fdc7db50000, 0x00007fde09091440, 0x00007fde09091600, 0x00007fde09145000)
 Metaspace       used 24314K, capacity 24713K, committed 24832K, reserved 26624K
}
Event: 2498.811 GC heap before
{Heap before GC invocations=3781 (full 4):
 def new generation   total 2915072K, used 2641300K [0x00007fd728600000, 0x00007fd7ee100000, 0x00007fdc7db50000)
  eden space 2591232K, 100% used [0x00007fd728600000, 0x00007fd7c6880000, 0x00007fd7c6880000)
  from space 323840K,  15% used [0x00007fd7c6880000, 0x00007fd7c9965048, 0x00007fd7da4c0000)
  to   space 323840K,   0% used [0x00007fd7da4c0000, 0x00007fd7da4c0000, 0x00007fd7ee100000)
 tenured generation   total 6477780K, used 6477061K [0x00007fdc7db50000, 0x00007fde09145000, 0x00007fe728600000)
   the space 6477780K,  99% used [0x00007fdc7db50000, 0x00007fde09091440, 0x00007fde09091600, 0x00007fde09145000)
 Metaspace       used 24314K, capacity 24713K, committed 24832K, reserved 26624K
}
Event: 2498.865 GC heap after
{Heap after GC invocations=3782 (full 4):
 def new generation   total 2915072K, used 52777K [0x00007fd728600000, 0x00007fd7ee100000, 0x00007fdc7db50000)
  eden space 2591232K,   0% used [0x00007fd728600000, 0x00007fd728600000, 0x00007fd7c6880000)
  from space 323840K,  16% used [0x00007fd7da4c0000, 0x00007fd7dd84a4d8, 0x00007fd7ee100000)
  to   space 323840K,   0% used [0x00007fd7c6880000, 0x00007fd7c6880000, 0x00007fd7da4c0000)
 tenured generation   total 6480084K, used 6480027K [0x00007fdc7db50000, 0x00007fde09385000, 0x00007fe728600000)
   the space 6480084K,  99% used [0x00007fdc7db50000, 0x00007fde09376c20, 0x00007fde09376e00, 0x00007fde09385000)
 Metaspace       used 24314K, capacity 24713K, committed 24832K, reserved 26624K
}
Event: 2498.865 GC heap before
{Heap before GC invocations=3782 (full 4):
 def new generation   total 2915072K, used 52777K [0x00007fd728600000, 0x00007fd7ee100000, 0x00007fdc7db50000)
  eden space 2591232K,   0% used [0x00007fd728600000, 0x00007fd728600000, 0x00007fd7c6880000)
  from space 323840K,  16% used [0x00007fd7da4c0000, 0x00007fd7dd84a4d8, 0x00007fd7ee100000)
  to   space 323840K,   0% used [0x00007fd7c6880000, 0x00007fd7c6880000, 0x00007fd7da4c0000)
 tenured generation   total 6480084K, used 6480027K [0x00007fdc7db50000, 0x00007fde09385000, 0x00007fe728600000)
   the space 6480084K,  99% used [0x00007fdc7db50000, 0x00007fde09376c20, 0x00007fde09376e00, 0x00007fde09385000)
 Metaspace       used 24314K, capacity 24713K, committed 24832K, reserved 26624K
}

