# JRE version: OpenJDK Runtime Environment (13.0.7+5) (build 13.0.7+5-Ubuntu-0ubuntu120.04)
# Java VM: OpenJDK 64-Bit Server VM (13.0.7+5-Ubuntu-0ubuntu120.04, mixed mode, tiered, serial gc, linux-amd64)
Heap:
 def new generation   total 629248K, used 0K [0x00007eef84600000, 0x00007eefaf0c0000, 0x00007ef4d9b50000)
  eden space 559360K,   0% used [0x00007eef84600000, 0x00007eef84600000, 0x00007eefa6840000)
  from space 69888K,   0% used [0x00007eefaac80000, 0x00007eefaac80000, 0x00007eefaf0c0000)
  to   space 69888K,   0% used [0x00007eefa6840000, 0x00007eefa6840000, 0x00007eefaac80000)
 tenured generation   total 1398144K, used 31211K [0x00007ef4d9b50000, 0x00007ef52f0b0000, 0x00007eff84600000)
   the space 1398144K,   2% used [0x00007ef4d9b50000, 0x00007ef4db9cae88, 0x00007ef4db9cb000, 0x00007ef52f0b0000)
 Metaspace       used 23386K, capacity 23751K, committed 23808K, reserved 24576K
GC Heap History (20 events):
Event: 7.663 GC heap before
{Heap before GC invocations=5 (full 1):
 def new generation   total 629248K, used 413479K [0x00007eef84600000, 0x00007eefaf0c0000, 0x00007ef4d9b50000)
  eden space 559360K,  62% used [0x00007eef84600000, 0x00007eef998c16b0, 0x00007eefa6840000)
  from space 69888K,  95% used [0x00007eefa6840000, 0x00007eefaa9487a8, 0x00007eefaac80000)
  to   space 69888K,   0% used [0x00007eefaac80000, 0x00007eefaac80000, 0x00007eefaf0c0000)
 tenured generation   total 1398144K, used 341285K [0x00007ef4d9b50000, 0x00007ef52f0b0000, 0x00007eff84600000)
   the space 1398144K,  24% used [0x00007ef4d9b50000, 0x00007ef4ee899540, 0x00007ef4ee899600, 0x00007ef52f0b0000)
 Metaspace       used 23297K, capacity 23674K, committed 23808K, reserved 24576K
}
Event: 7.996 GC heap after
{Heap after GC invocations=6 (full 1):
 def new generation   total 629248K, used 0K [0x00007eef84600000, 0x00007eefaf0c0000, 0x00007ef4d9b50000)
  eden space 559360K,   0% used [0x00007eef84600000, 0x00007eef84600000, 0x00007eefa6840000)
  from space 69888K,   0% used [0x00007eefaac80000, 0x00007eefaac80178, 0x00007eefaf0c0000)
  to   space 69888K,   0% used [0x00007eefa6840000, 0x00007eefa6840000, 0x00007eefaac80000)
 tenured generation   total 1398144K, used 604486K [0x00007ef4d9b50000, 0x00007ef52f0b0000, 0x00007eff84600000)
   the space 1398144K,  43% used [0x00007ef4d9b50000, 0x00007ef4fe9a1878, 0x00007ef4fe9a1a00, 0x00007ef52f0b0000)
 Metaspace       used 23297K, capacity 23674K, committed 23808K, reserved 24576K
}
Event: 8.992 GC heap before
{Heap before GC invocations=6 (full 1):
 def new generation   total 629248K, used 551622K [0x00007eef84600000, 0x00007eefaf0c0000, 0x00007ef4d9b50000)
  eden space 559360K,  98% used [0x00007eef84600000, 0x00007eefa60b18a0, 0x00007eefa6840000)
  from space 69888K,   0% used [0x00007eefaac80000, 0x00007eefaac80178, 0x00007eefaf0c0000)
  to   space 69888K,   0% used [0x00007eefa6840000, 0x00007eefa6840000, 0x00007eefaac80000)
 tenured generation   total 1398144K, used 604486K [0x00007ef4d9b50000, 0x00007ef52f0b0000, 0x00007eff84600000)
   the space 1398144K,  43% used [0x00007ef4d9b50000, 0x00007ef4fe9a1878, 0x00007ef4fe9a1a00, 0x00007ef52f0b0000)
 Metaspace       used 23297K, capacity 23674K, committed 23808K, reserved 24576K
}
Event: 9.001 GC heap after
{Heap after GC invocations=7 (full 1):
 def new generation   total 629248K, used 16384K [0x00007eef84600000, 0x00007eefaf0c0000, 0x00007ef4d9b50000)
  eden space 559360K,   0% used [0x00007eef84600000, 0x00007eef84600000, 0x00007eefa6840000)
  from space 69888K,  23% used [0x00007eefa6840000, 0x00007eefa7840308, 0x00007eefaac80000)
  to   space 69888K,   0% used [0x00007eefaac80000, 0x00007eefaac80000, 0x00007eefaf0c0000)
 tenured generation   total 1398144K, used 604486K [0x00007ef4d9b50000, 0x00007ef52f0b0000, 0x00007eff84600000)
   the space 1398144K,  43% used [0x00007ef4d9b50000, 0x00007ef4fe9a1878, 0x00007ef4fe9a1a00, 0x00007ef52f0b0000)
 Metaspace       used 23297K, capacity 23674K, committed 23808K, reserved 24576K
}
Event: 9.538 GC heap before
{Heap before GC invocations=7 (full 1):
 def new generation   total 629248K, used 357899K [0x00007eef84600000, 0x00007eefaf0c0000, 0x00007ef4d9b50000)
  eden space 559360K,  61% used [0x00007eef84600000, 0x00007eef99382ca0, 0x00007eefa6840000)
  from space 69888K,  23% used [0x00007eefa6840000, 0x00007eefa7840308, 0x00007eefaac80000)
  to   space 69888K,   0% used [0x00007eefaac80000, 0x00007eefaac80000, 0x00007eefaf0c0000)
 tenured generation   total 1398144K, used 604486K [0x00007ef4d9b50000, 0x00007ef52f0b0000, 0x00007eff84600000)
   the space 1398144K,  43% used [0x00007ef4d9b50000, 0x00007ef4fe9a1878, 0x00007ef4fe9a1a00, 0x00007ef52f0b0000)
 Metaspace       used 23310K, capacity 23675K, committed 23808K, reserved 24576K
}
Event: 9.980 GC heap after
{Heap after GC invocations=8 (full 1):
 def new generation   total 629248K, used 26834K [0x00007eef84600000, 0x00007eefaf0c0000, 0x00007ef4d9b50000)
  eden space 559360K,   0% used [0x00007eef84600000, 0x00007eef84600000, 0x00007eefa6840000)
  from space 69888K,  38% used [0x00007eefaac80000, 0x00007eefac6b4be8, 0x00007eefaf0c0000)
  to   space 69888K,   0% used [0x00007eefa6840000, 0x00007eefa6840000, 0x00007eefaac80000)
 tenured generation   total 1398144K, used 866630K [0x00007ef4d9b50000, 0x00007ef52f0b0000, 0x00007eff84600000)
   the space 1398144K,  61% used [0x00007ef4d9b50000, 0x00007ef50e9a1890, 0x00007ef50e9a1a00, 0x00007ef52f0b0000)
 Metaspace       used 23310K, capacity 23675K, committed 23808K, reserved 24576K
}
Event: 10.874 GC heap before
{Heap before GC invocations=8 (full 1):
 def new generation   total 629248K, used 562071K [0x00007eef84600000, 0x00007eefaf0c0000, 0x00007ef4d9b50000)
  eden space 559360K,  95% used [0x00007eef84600000, 0x00007eefa50b1078, 0x00007eefa6840000)
  from space 69888K,  38% used [0x00007eefaac80000, 0x00007eefac6b4be8, 0x00007eefaf0c0000)
  to   space 69888K,   0% used [0x00007eefa6840000, 0x00007eefa6840000, 0x00007eefaac80000)
 tenured generation   total 1398144K, used 866630K [0x00007ef4d9b50000, 0x00007ef52f0b0000, 0x00007eff84600000)
   the space 1398144K,  61% used [0x00007ef4d9b50000, 0x00007ef50e9a1890, 0x00007ef50e9a1a00, 0x00007ef52f0b0000)
 Metaspace       used 23310K, capacity 23675K, committed 23808K, reserved 24576K
}
Event: 10.885 GC heap after
{Heap after GC invocations=9 (full 1):
 def new generation   total 629248K, used 16594K [0x00007eef84600000, 0x00007eefaf0c0000, 0x00007ef4d9b50000)
  eden space 559360K,   0% used [0x00007eef84600000, 0x00007eef84600000, 0x00007eefa6840000)
  from space 69888K,  23% used [0x00007eefa6840000, 0x00007eefa7874820, 0x00007eefaac80000)
  to   space 69888K,   0% used [0x00007eefaac80000, 0x00007eefaac80000, 0x00007eefaf0c0000)
 tenured generation   total 1398144K, used 866630K [0x00007ef4d9b50000, 0x00007ef52f0b0000, 0x00007eff84600000)
   the space 1398144K,  61% used [0x00007ef4d9b50000, 0x00007ef50e9a1890, 0x00007ef50e9a1a00, 0x00007ef52f0b0000)
 Metaspace       used 23310K, capacity 23675K, committed 23808K, reserved 24576K
}
Event: 11.839 GC heap before
{Heap before GC invocations=9 (full 1):
 def new generation   total 629248K, used 575954K [0x00007eef84600000, 0x00007eefaf0c0000, 0x00007ef4d9b50000)
  eden space 559360K, 100% used [0x00007eef84600000, 0x00007eefa6840000, 0x00007eefa6840000)
  from space 69888K,  23% used [0x00007eefa6840000, 0x00007eefa7874820, 0x00007eefaac80000)
  to   space 69888K,   0% used [0x00007eefaac80000, 0x00007eefaac80000, 0x00007eefaf0c0000)
 tenured generation   total 1398144K, used 866630K [0x00007ef4d9b50000, 0x00007ef52f0b0000, 0x00007eff84600000)
   the space 1398144K,  61% used [0x00007ef4d9b50000, 0x00007ef50e9a1890, 0x00007ef50e9a1a00, 0x00007ef52f0b0000)
 Metaspace       used 23331K, capacity 23676K, committed 23808K, reserved 24576K
}
Event: 11.853 GC heap after
{Heap after GC invocations=10 (full 1):
 def new generation   total 629248K, used 16818K [0x00007eef84600000, 0x00007eefaf0c0000, 0x00007ef4d9b50000)
  eden space 559360K,   0% used [0x00007eef84600000, 0x00007eef84600000, 0x00007eefa6840000)
  from space 69888K,  24% used [0x00007eefaac80000, 0x00007eefabceca20, 0x00007eefaf0c0000)
  to   space 69888K,   0% used [0x00007eefa6840000, 0x00007eefa6840000, 0x00007eefaac80000)
 tenured generation   total 1398144K, used 866630K [0x00007ef4d9b50000, 0x00007ef52f0b0000, 0x00007eff84600000)
   the space 1398144K,  61% used [0x00007ef4d9b50000, 0x00007ef50e9a1890, 0x00007ef50e9a1a00, 0x00007ef52f0b0000)
 Metaspace       used 23331K, capacity 23676K, committed 23808K, reserved 24576K
}
Event: 13.170 GC heap before
{Heap before GC invocations=10 (full 1):
 def new generation   total 629248K, used 571566K [0x00007eef84600000, 0x00007eefaf0c0000, 0x00007ef4d9b50000)
  eden space 559360K,  99% used [0x00007eef84600000, 0x00007eefa63bf020, 0x00007eefa6840000)
  from space 69888K,  24% used [0x00007eefaac80000, 0x00007eefabceca20, 0x00007eefaf0c0000)
  to   space 69888K,   0% used [0x00007eefa6840000, 0x00007eefa6840000, 0x00007eefaac80000)
 tenured generation   total 1398144K, used 866630K [0x00007ef4d9b50000, 0x00007ef52f0b0000, 0x00007eff84600000)
   the space 1398144K,  61% used [0x00007ef4d9b50000, 0x00007ef50e9a1890, 0x00007ef50e9a1a00, 0x00007ef52f0b0000)
 Metaspace       used 23347K, capacity 23682K, committed 23808K, reserved 24576K
}
Event: 13.189 GC heap after
{Heap after GC invocations=11 (full 1):
 def new generation   total 629248K, used 49959K [0x00007eef84600000, 0x00007eefaf0c0000, 0x00007ef4d9b50000)
  eden space 559360K,   0% used [0x00007eef84600000, 0x00007eef84600000, 0x00007eefa6840000)
  from space 69888K,  71% used [0x00007eefa6840000, 0x00007eefa9909c48, 0x00007eefaac80000)
  to   space 69888K,   0% used [0x00007eefaac80000, 0x00007eefaac80000, 0x00007eefaf0c0000)
 tenured generation   total 1398144K, used 866630K [0x00007ef4d9b50000, 0x00007ef52f0b0000, 0x00007eff84600000)
   the space 1398144K,  61% used [0x00007ef4d9b50000, 0x00007ef50e9a1890, 0x00007ef50e9a1a00, 0x00007ef52f0b0000)
 Metaspace       used 23347K, capacity 23682K, committed 23808K, reserved 24576K
}
Event: 13.908 GC heap before
{Heap before GC invocations=11 (full 1):
 def new generation   total 629248K, used 609319K [0x00007eef84600000, 0x00007eefaf0c0000, 0x00007ef4d9b50000)
  eden space 559360K, 100% used [0x00007eef84600000, 0x00007eefa6840000, 0x00007eefa6840000)
  from space 69888K,  71% used [0x00007eefa6840000, 0x00007eefa9909c48, 0x00007eefaac80000)
  to   space 69888K,   0% used [0x00007eefaac80000, 0x00007eefaac80000, 0x00007eefaf0c0000)
 tenured generation   total 1398144K, used 866630K [0x00007ef4d9b50000, 0x00007ef52f0b0000, 0x00007eff84600000)
   the space 1398144K,  61% used [0x00007ef4d9b50000, 0x00007ef50e9a1890, 0x00007ef50e9a1a00, 0x00007ef52f0b0000)
 Metaspace       used 23364K, capacity 23683K, committed 23808K, reserved 24576K
}
Event: 13.950 GC heap after
{Heap after GC invocations=12 (full 1):
 def new generation   total 629248K, used 991K [0x00007eef84600000, 0x00007eefaf0c0000, 0x00007ef4d9b50000)
  eden space 559360K,   0% used [0x00007eef84600000, 0x00007eef84600000, 0x00007eefa6840000)
  from space 69888K,   1% used [0x00007eefaac80000, 0x00007eefaad77cf8, 0x00007eefaf0c0000)
  to   space 69888K,   0% used [0x00007eefa6840000, 0x00007eefa6840000, 0x00007eefaac80000)
 tenured generation   total 1398144K, used 883014K [0x00007ef4d9b50000, 0x00007ef52f0b0000, 0x00007eff84600000)
   the space 1398144K,  63% used [0x00007ef4d9b50000, 0x00007ef50f9a1a98, 0x00007ef50f9a1c00, 0x00007ef52f0b0000)
 Metaspace       used 23364K, capacity 23683K, committed 23808K, reserved 24576K
}
Event: 14.640 GC heap before
{Heap before GC invocations=12 (full 1):
 def new generation   total 629248K, used 560351K [0x00007eef84600000, 0x00007eefaf0c0000, 0x00007ef4d9b50000)
  eden space 559360K, 100% used [0x00007eef84600000, 0x00007eefa6840000, 0x00007eefa6840000)
  from space 69888K,   1% used [0x00007eefaac80000, 0x00007eefaad77cf8, 0x00007eefaf0c0000)
  to   space 69888K,   0% used [0x00007eefa6840000, 0x00007eefa6840000, 0x00007eefaac80000)
 tenured generation   total 1398144K, used 883014K [0x00007ef4d9b50000, 0x00007ef52f0b0000, 0x00007eff84600000)
   the space 1398144K,  63% used [0x00007ef4d9b50000, 0x00007ef50f9a1a98, 0x00007ef50f9a1c00, 0x00007ef52f0b0000)
 Metaspace       used 23380K, capacity 23749K, committed 23808K, reserved 24576K
}
Event: 14.642 GC heap after
{Heap after GC invocations=13 (full 1):
 def new generation   total 629248K, used 1206K [0x00007eef84600000, 0x00007eefaf0c0000, 0x00007ef4d9b50000)
  eden space 559360K,   0% used [0x00007eef84600000, 0x00007eef84600000, 0x00007eefa6840000)
  from space 69888K,   1% used [0x00007eefa6840000, 0x00007eefa696da58, 0x00007eefaac80000)
  to   space 69888K,   0% used [0x00007eefaac80000, 0x00007eefaac80000, 0x00007eefaf0c0000)
 tenured generation   total 1398144K, used 883014K [0x00007ef4d9b50000, 0x00007ef52f0b0000, 0x00007eff84600000)
   the space 1398144K,  63% used [0x00007ef4d9b50000, 0x00007ef50f9a1a98, 0x00007ef50f9a1c00, 0x00007ef52f0b0000)
 Metaspace       used 23380K, capacity 23749K, committed 23808K, reserved 24576K
}
Event: 14.710 GC heap before
{Heap before GC invocations=13 (full 1):
 def new generation   total 629248K, used 50892K [0x00007eef84600000, 0x00007eefaf0c0000, 0x00007ef4d9b50000)
  eden space 559360K,   8% used [0x00007eef84600000, 0x00007eef87685830, 0x00007eefa6840000)
  from space 69888K,   1% used [0x00007eefa6840000, 0x00007eefa696da58, 0x00007eefaac80000)
  to   space 69888K,   0% used [0x00007eefaac80000, 0x00007eefaac80000, 0x00007eefaf0c0000)
 tenured generation   total 1398144K, used 883014K [0x00007ef4d9b50000, 0x00007ef52f0b0000, 0x00007eff84600000)
   the space 1398144K,  63% used [0x00007ef4d9b50000, 0x00007ef50f9a1a98, 0x00007ef50f9a1c00, 0x00007ef52f0b0000)
 Metaspace       used 23386K, capacity 23751K, committed 23808K, reserved 24576K
}
Event: 14.718 GC heap after
{Heap after GC invocations=14 (full 1):
 def new generation   total 629248K, used 17248K [0x00007eef84600000, 0x00007eefaf0c0000, 0x00007ef4d9b50000)
  eden space 559360K,   0% used [0x00007eef84600000, 0x00007eef84600000, 0x00007eefa6840000)
  from space 69888K,  24% used [0x00007eefaac80000, 0x00007eefabd58020, 0x00007eefaf0c0000)
  to   space 69888K,   0% used [0x00007eefa6840000, 0x00007eefa6840000, 0x00007eefaac80000)
 tenured generation   total 1398144K, used 883014K [0x00007ef4d9b50000, 0x00007ef52f0b0000, 0x00007eff84600000)
   the space 1398144K,  63% used [0x00007ef4d9b50000, 0x00007ef50f9a1a98, 0x00007ef50f9a1c00, 0x00007ef52f0b0000)
 Metaspace       used 23386K, capacity 23751K, committed 23808K, reserved 24576K
}
Event: 14.718 GC heap before
{Heap before GC invocations=14 (full 1):
 def new generation   total 629248K, used 17248K [0x00007eef84600000, 0x00007eefaf0c0000, 0x00007ef4d9b50000)
  eden space 559360K,   0% used [0x00007eef84600000, 0x00007eef84600000, 0x00007eefa6840000)
  from space 69888K,  24% used [0x00007eefaac80000, 0x00007eefabd58020, 0x00007eefaf0c0000)
  to   space 69888K,   0% used [0x00007eefa6840000, 0x00007eefa6840000, 0x00007eefaac80000)
 tenured generation   total 1398144K, used 883014K [0x00007ef4d9b50000, 0x00007ef52f0b0000, 0x00007eff84600000)
   the space 1398144K,  63% used [0x00007ef4d9b50000, 0x00007ef50f9a1a98, 0x00007ef50f9a1c00, 0x00007ef52f0b0000)
 Metaspace       used 23386K, capacity 23751K, committed 23808K, reserved 24576K
}
Event: 14.766 GC heap after
{Heap after GC invocations=14 (full 2):
 def new generation   total 629248K, used 0K [0x00007eef84600000, 0x00007eefaf0c0000, 0x00007ef4d9b50000)
  eden space 559360K,   0% used [0x00007eef84600000, 0x00007eef84600000, 0x00007eefa6840000)
  from space 69888K,   0% used [0x00007eefaac80000, 0x00007eefaac80000, 0x00007eefaf0c0000)
  to   space 69888K,   0% used [0x00007eefa6840000, 0x00007eefa6840000, 0x00007eefaac80000)
 tenured generation   total 1398144K, used 31211K [0x00007ef4d9b50000, 0x00007ef52f0b0000, 0x00007eff84600000)
   the space 1398144K,   2% used [0x00007ef4d9b50000, 0x00007ef4db9cae88, 0x00007ef4db9cb000, 0x00007ef52f0b0000)
 Metaspace       used 23386K, capacity 23751K, committed 23808K, reserved 24576K
}

