# JRE version: OpenJDK Runtime Environment (13.0.7+5) (build 13.0.7+5-Ubuntu-0ubuntu120.04)
# Java VM: OpenJDK 64-Bit Server VM (13.0.7+5-Ubuntu-0ubuntu120.04, mixed mode, tiered, compressed oops, serial gc, linux-amd64)
Heap:
 def new generation   total 1533504K, used 0K [0x0000000080200000, 0x00000000e81f0000, 0x0000000300150000)
  eden space 1363136K,   0% used [0x0000000080200000, 0x0000000080200000, 0x00000000d3530000)
  from space 170368K,   0% used [0x00000000d3530000, 0x00000000d3530000, 0x00000000ddb90000)
  to   space 170368K,   0% used [0x00000000ddb90000, 0x00000000ddb90000, 0x00000000e81f0000)
 tenured generation   total 3468304K, used 2332292K [0x0000000300150000, 0x00000003d3c54000, 0x0000000800000000)
   the space 3468304K,  67% used [0x0000000300150000, 0x000000038e6f1358, 0x000000038e6f1400, 0x00000003d3c54000)
 Metaspace       used 22725K, capacity 23232K, committed 23424K, reserved 1071104K
  class space    used 2354K, capacity 2568K, committed 2688K, reserved 1048576K
GC Heap History (20 events):
Event: 619.437 GC heap after
{Heap after GC invocations=568 (full 21):
 def new generation   total 1533504K, used 163206K [0x0000000080200000, 0x00000000e81f0000, 0x0000000300150000)
  eden space 1363136K,   0% used [0x0000000080200000, 0x0000000080200000, 0x00000000d3530000)
  from space 170368K,  95% used [0x00000000ddb90000, 0x00000000e7af1ae8, 0x00000000e81f0000)
  to   space 170368K,   0% used [0x00000000d3530000, 0x00000000d3530000, 0x00000000ddb90000)
 tenured generation   total 3407664K, used 3119014K [0x0000000300150000, 0x00000003d011c000, 0x0000000800000000)
   the space 3407664K,  91% used [0x0000000300150000, 0x00000003be739930, 0x00000003be739a00, 0x00000003d011c000)
 Metaspace       used 22725K, capacity 23232K, committed 23424K, reserved 1071104K
  class space    used 2354K, capacity 2568K, committed 2688K, reserved 1048576K
}
Event: 621.533 GC heap before
{Heap before GC invocations=568 (full 21):
 def new generation   total 1533504K, used 1526342K [0x0000000080200000, 0x00000000e81f0000, 0x0000000300150000)
  eden space 1363136K, 100% used [0x0000000080200000, 0x00000000d3530000, 0x00000000d3530000)
  from space 170368K,  95% used [0x00000000ddb90000, 0x00000000e7af1ae8, 0x00000000e81f0000)
  to   space 170368K,   0% used [0x00000000d3530000, 0x00000000d3530000, 0x00000000ddb90000)
 tenured generation   total 3407664K, used 3119014K [0x0000000300150000, 0x00000003d011c000, 0x0000000800000000)
   the space 3407664K,  91% used [0x0000000300150000, 0x00000003be739930, 0x00000003be739a00, 0x00000003d011c000)
 Metaspace       used 22725K, capacity 23232K, committed 23424K, reserved 1071104K
  class space    used 2354K, capacity 2568K, committed 2688K, reserved 1048576K
}
Event: 621.625 GC heap after
{Heap after GC invocations=569 (full 21):
 def new generation   total 1533504K, used 86144K [0x0000000080200000, 0x00000000e81f0000, 0x0000000300150000)
  eden space 1363136K,   0% used [0x0000000080200000, 0x0000000080200000, 0x00000000d3530000)
  from space 170368K,  50% used [0x00000000d3530000, 0x00000000d8950398, 0x00000000ddb90000)
  to   space 170368K,   0% used [0x00000000ddb90000, 0x00000000ddb90000, 0x00000000e81f0000)
 tenured generation   total 3407664K, used 3126251K [0x0000000300150000, 0x00000003d011c000, 0x0000000800000000)
   the space 3407664K,  91% used [0x0000000300150000, 0x00000003bee4ae80, 0x00000003bee4b000, 0x00000003d011c000)
 Metaspace       used 22725K, capacity 23232K, committed 23424K, reserved 1071104K
  class space    used 2354K, capacity 2568K, committed 2688K, reserved 1048576K
}
Event: 622.919 GC heap before
{Heap before GC invocations=569 (full 21):
 def new generation   total 1533504K, used 1449280K [0x0000000080200000, 0x00000000e81f0000, 0x0000000300150000)
  eden space 1363136K, 100% used [0x0000000080200000, 0x00000000d3530000, 0x00000000d3530000)
  from space 170368K,  50% used [0x00000000d3530000, 0x00000000d8950398, 0x00000000ddb90000)
  to   space 170368K,   0% used [0x00000000ddb90000, 0x00000000ddb90000, 0x00000000e81f0000)
 tenured generation   total 3407664K, used 3126251K [0x0000000300150000, 0x00000003d011c000, 0x0000000800000000)
   the space 3407664K,  91% used [0x0000000300150000, 0x00000003bee4ae80, 0x00000003bee4b000, 0x00000003d011c000)
 Metaspace       used 22725K, capacity 23232K, committed 23424K, reserved 1071104K
  class space    used 2354K, capacity 2568K, committed 2688K, reserved 1048576K
}
Event: 623.081 GC heap after
{Heap after GC invocations=570 (full 21):
 def new generation   total 1533504K, used 157687K [0x0000000080200000, 0x00000000e81f0000, 0x0000000300150000)
  eden space 1363136K,   0% used [0x0000000080200000, 0x0000000080200000, 0x00000000d3530000)
  from space 170368K,  92% used [0x00000000ddb90000, 0x00000000e758dc98, 0x00000000e81f0000)
  to   space 170368K,   0% used [0x00000000d3530000, 0x00000000d3530000, 0x00000000ddb90000)
 tenured generation   total 3407664K, used 3135036K [0x0000000300150000, 0x00000003d011c000, 0x0000000800000000)
   the space 3407664K,  91% used [0x0000000300150000, 0x00000003bf6df280, 0x00000003bf6df400, 0x00000003d011c000)
 Metaspace       used 22725K, capacity 23232K, committed 23424K, reserved 1071104K
  class space    used 2354K, capacity 2568K, committed 2688K, reserved 1048576K
}
Event: 624.391 GC heap before
{Heap before GC invocations=570 (full 21):
 def new generation   total 1533504K, used 1520823K [0x0000000080200000, 0x00000000e81f0000, 0x0000000300150000)
  eden space 1363136K, 100% used [0x0000000080200000, 0x00000000d3530000, 0x00000000d3530000)
  from space 170368K,  92% used [0x00000000ddb90000, 0x00000000e758dc98, 0x00000000e81f0000)
  to   space 170368K,   0% used [0x00000000d3530000, 0x00000000d3530000, 0x00000000ddb90000)
 tenured generation   total 3407664K, used 3135036K [0x0000000300150000, 0x00000003d011c000, 0x0000000800000000)
   the space 3407664K,  91% used [0x0000000300150000, 0x00000003bf6df280, 0x00000003bf6df400, 0x00000003d011c000)
 Metaspace       used 22725K, capacity 23232K, committed 23424K, reserved 1071104K
  class space    used 2354K, capacity 2568K, committed 2688K, reserved 1048576K
}
Event: 624.615 GC heap after
{Heap after GC invocations=571 (full 21):
 def new generation   total 1533504K, used 162693K [0x0000000080200000, 0x00000000e81f0000, 0x0000000300150000)
  eden space 1363136K,   0% used [0x0000000080200000, 0x0000000080200000, 0x00000000d3530000)
  from space 170368K,  95% used [0x00000000d3530000, 0x00000000dd4117a0, 0x00000000ddb90000)
  to   space 170368K,   0% used [0x00000000ddb90000, 0x00000000ddb90000, 0x00000000e81f0000)
 tenured generation   total 3407664K, used 3211368K [0x0000000300150000, 0x00000003d011c000, 0x0000000800000000)
   the space 3407664K,  94% used [0x0000000300150000, 0x00000003c416a028, 0x00000003c416a200, 0x00000003d011c000)
 Metaspace       used 22725K, capacity 23232K, committed 23424K, reserved 1071104K
  class space    used 2354K, capacity 2568K, committed 2688K, reserved 1048576K
}
Event: 625.918 GC heap before
{Heap before GC invocations=571 (full 21):
 def new generation   total 1533504K, used 1525829K [0x0000000080200000, 0x00000000e81f0000, 0x0000000300150000)
  eden space 1363136K, 100% used [0x0000000080200000, 0x00000000d3530000, 0x00000000d3530000)
  from space 170368K,  95% used [0x00000000d3530000, 0x00000000dd4117a0, 0x00000000ddb90000)
  to   space 170368K,   0% used [0x00000000ddb90000, 0x00000000ddb90000, 0x00000000e81f0000)
 tenured generation   total 3407664K, used 3211368K [0x0000000300150000, 0x00000003d011c000, 0x0000000800000000)
   the space 3407664K,  94% used [0x0000000300150000, 0x00000003c416a028, 0x00000003c416a200, 0x00000003d011c000)
 Metaspace       used 22725K, capacity 23232K, committed 23424K, reserved 1071104K
  class space    used 2354K, capacity 2568K, committed 2688K, reserved 1048576K
}
Event: 625.961 GC heap after
{Heap after GC invocations=572 (full 21):
 def new generation   total 1533504K, used 49948K [0x0000000080200000, 0x00000000e81f0000, 0x0000000300150000)
  eden space 1363136K,   0% used [0x0000000080200000, 0x0000000080200000, 0x00000000d3530000)
  from space 170368K,  29% used [0x00000000ddb90000, 0x00000000e0c57180, 0x00000000e81f0000)
  to   space 170368K,   0% used [0x00000000d3530000, 0x00000000d3530000, 0x00000000ddb90000)
 tenured generation   total 3407664K, used 3216523K [0x0000000300150000, 0x00000003d011c000, 0x0000000800000000)
   the space 3407664K,  94% used [0x0000000300150000, 0x00000003c4672d98, 0x00000003c4672e00, 0x00000003d011c000)
 Metaspace       used 22725K, capacity 23232K, committed 23424K, reserved 1071104K
  class space    used 2354K, capacity 2568K, committed 2688K, reserved 1048576K
}
Event: 627.268 GC heap before
{Heap before GC invocations=572 (full 21):
 def new generation   total 1533504K, used 1413084K [0x0000000080200000, 0x00000000e81f0000, 0x0000000300150000)
  eden space 1363136K, 100% used [0x0000000080200000, 0x00000000d3530000, 0x00000000d3530000)
  from space 170368K,  29% used [0x00000000ddb90000, 0x00000000e0c57180, 0x00000000e81f0000)
  to   space 170368K,   0% used [0x00000000d3530000, 0x00000000d3530000, 0x00000000ddb90000)
 tenured generation   total 3407664K, used 3216523K [0x0000000300150000, 0x00000003d011c000, 0x0000000800000000)
   the space 3407664K,  94% used [0x0000000300150000, 0x00000003c4672d98, 0x00000003c4672e00, 0x00000003d011c000)
 Metaspace       used 22725K, capacity 23232K, committed 23424K, reserved 1071104K
  class space    used 2354K, capacity 2568K, committed 2688K, reserved 1048576K
}
Event: 627.400 GC heap after
{Heap after GC invocations=573 (full 21):
 def new generation   total 1533504K, used 131293K [0x0000000080200000, 0x00000000e81f0000, 0x0000000300150000)
  eden space 1363136K,   0% used [0x0000000080200000, 0x0000000080200000, 0x00000000d3530000)
  from space 170368K,  77% used [0x00000000d3530000, 0x00000000db5677e0, 0x00000000ddb90000)
  to   space 170368K,   0% used [0x00000000ddb90000, 0x00000000ddb90000, 0x00000000e81f0000)
 tenured generation   total 3407664K, used 3216523K [0x0000000300150000, 0x00000003d011c000, 0x0000000800000000)
   the space 3407664K,  94% used [0x0000000300150000, 0x00000003c4672d98, 0x00000003c4672e00, 0x00000003d011c000)
 Metaspace       used 22725K, capacity 23232K, committed 23424K, reserved 1071104K
  class space    used 2354K, capacity 2568K, committed 2688K, reserved 1048576K
}
Event: 628.705 GC heap before
{Heap before GC invocations=573 (full 21):
 def new generation   total 1533504K, used 1494429K [0x0000000080200000, 0x00000000e81f0000, 0x0000000300150000)
  eden space 1363136K, 100% used [0x0000000080200000, 0x00000000d3530000, 0x00000000d3530000)
  from space 170368K,  77% used [0x00000000d3530000, 0x00000000db5677e0, 0x00000000ddb90000)
  to   space 170368K,   0% used [0x00000000ddb90000, 0x00000000ddb90000, 0x00000000e81f0000)
 tenured generation   total 3407664K, used 3216523K [0x0000000300150000, 0x00000003d011c000, 0x0000000800000000)
   the space 3407664K,  94% used [0x0000000300150000, 0x00000003c4672d98, 0x00000003c4672e00, 0x00000003d011c000)
 Metaspace       used 22725K, capacity 23232K, committed 23424K, reserved 1071104K
  class space    used 2354K, capacity 2568K, committed 2688K, reserved 1048576K
}
Event: 628.938 GC heap after
{Heap after GC invocations=574 (full 21):
 def new generation   total 1533504K, used 163207K [0x0000000080200000, 0x00000000e81f0000, 0x0000000300150000)
  eden space 1363136K,   0% used [0x0000000080200000, 0x0000000080200000, 0x00000000d3530000)
  from space 170368K,  95% used [0x00000000ddb90000, 0x00000000e7af1df8, 0x00000000e81f0000)
  to   space 170368K,   0% used [0x00000000d3530000, 0x00000000d3530000, 0x00000000ddb90000)
 tenured generation   total 3407664K, used 3265955K [0x0000000300150000, 0x00000003d011c000, 0x0000000800000000)
   the space 3407664K,  95% used [0x0000000300150000, 0x00000003c76b8e00, 0x00000003c76b8e00, 0x00000003d011c000)
 Metaspace       used 22725K, capacity 23232K, committed 23424K, reserved 1071104K
  class space    used 2354K, capacity 2568K, committed 2688K, reserved 1048576K
}
Event: 630.201 GC heap before
{Heap before GC invocations=574 (full 21):
 def new generation   total 1533504K, used 1526343K [0x0000000080200000, 0x00000000e81f0000, 0x0000000300150000)
  eden space 1363136K, 100% used [0x0000000080200000, 0x00000000d3530000, 0x00000000d3530000)
  from space 170368K,  95% used [0x00000000ddb90000, 0x00000000e7af1df8, 0x00000000e81f0000)
  to   space 170368K,   0% used [0x00000000d3530000, 0x00000000d3530000, 0x00000000ddb90000)
 tenured generation   total 3407664K, used 3265955K [0x0000000300150000, 0x00000003d011c000, 0x0000000800000000)
   the space 3407664K,  95% used [0x0000000300150000, 0x00000003c76b8e00, 0x00000003c76b8e00, 0x00000003d011c000)
 Metaspace       used 22725K, capacity 23232K, committed 23424K, reserved 1071104K
  class space    used 2354K, capacity 2568K, committed 2688K, reserved 1048576K
}
Event: 630.450 GC heap after
{Heap after GC invocations=575 (full 21):
 def new generation   total 1533504K, used 163209K [0x0000000080200000, 0x00000000e81f0000, 0x0000000300150000)
  eden space 1363136K,   0% used [0x0000000080200000, 0x0000000080200000, 0x00000000d3530000)
  from space 170368K,  95% used [0x00000000d3530000, 0x00000000dd4926e0, 0x00000000ddb90000)
  to   space 170368K,   0% used [0x00000000ddb90000, 0x00000000ddb90000, 0x00000000e81f0000)
 tenured generation   total 3407664K, used 3346789K [0x0000000300150000, 0x00000003d011c000, 0x0000000800000000)
   the space 3407664K,  98% used [0x0000000300150000, 0x00000003cc5a9438, 0x00000003cc5a9600, 0x00000003d011c000)
 Metaspace       used 22725K, capacity 23232K, committed 23424K, reserved 1071104K
  class space    used 2354K, capacity 2568K, committed 2688K, reserved 1048576K
}
Event: 631.741 GC heap before
{Heap before GC invocations=575 (full 21):
 def new generation   total 1533504K, used 1526345K [0x0000000080200000, 0x00000000e81f0000, 0x0000000300150000)
  eden space 1363136K, 100% used [0x0000000080200000, 0x00000000d3530000, 0x00000000d3530000)
  from space 170368K,  95% used [0x00000000d3530000, 0x00000000dd4926e0, 0x00000000ddb90000)
  to   space 170368K,   0% used [0x00000000ddb90000, 0x00000000ddb90000, 0x00000000e81f0000)
 tenured generation   total 3407664K, used 3346789K [0x0000000300150000, 0x00000003d011c000, 0x0000000800000000)
   the space 3407664K,  98% used [0x0000000300150000, 0x00000003cc5a9438, 0x00000003cc5a9600, 0x00000003d011c000)
 Metaspace       used 22725K, capacity 23232K, committed 23424K, reserved 1071104K
  class space    used 2354K, capacity 2568K, committed 2688K, reserved 1048576K
}
Event: 631.851 GC heap after
{Heap after GC invocations=576 (full 21):
 def new generation   total 1533504K, used 112071K [0x0000000080200000, 0x00000000e81f0000, 0x0000000300150000)
  eden space 1363136K,   0% used [0x0000000080200000, 0x0000000080200000, 0x00000000d3530000)
  from space 170368K,  65% used [0x00000000ddb90000, 0x00000000e4901db8, 0x00000000e81f0000)
  to   space 170368K,   0% used [0x00000000d3530000, 0x00000000d3530000, 0x00000000ddb90000)
 tenured generation   total 3407664K, used 3356632K [0x0000000300150000, 0x00000003d011c000, 0x0000000800000000)
   the space 3407664K,  98% used [0x0000000300150000, 0x00000003ccf46138, 0x00000003ccf46200, 0x00000003d011c000)
 Metaspace       used 22725K, capacity 23232K, committed 23424K, reserved 1071104K
  class space    used 2354K, capacity 2568K, committed 2688K, reserved 1048576K
}
Event: 633.128 GC heap before
{Heap before GC invocations=576 (full 21):
 def new generation   total 1533504K, used 1475207K [0x0000000080200000, 0x00000000e81f0000, 0x0000000300150000)
  eden space 1363136K, 100% used [0x0000000080200000, 0x00000000d3530000, 0x00000000d3530000)
  from space 170368K,  65% used [0x00000000ddb90000, 0x00000000e4901db8, 0x00000000e81f0000)
  to   space 170368K,   0% used [0x00000000d3530000, 0x00000000d3530000, 0x00000000ddb90000)
 tenured generation   total 3407664K, used 3356632K [0x0000000300150000, 0x00000003d011c000, 0x0000000800000000)
   the space 3407664K,  98% used [0x0000000300150000, 0x00000003ccf46138, 0x00000003ccf46200, 0x00000003d011c000)
 Metaspace       used 22725K, capacity 23232K, committed 23424K, reserved 1071104K
  class space    used 2354K, capacity 2568K, committed 2688K, reserved 1048576K
}
Event: 633.365 GC heap after
{Heap after GC invocations=577 (full 21):
 def new generation   total 1533504K, used 82372K [0x0000000080200000, 0x00000000e81f0000, 0x0000000300150000)
  eden space 1363136K,   0% used [0x0000000080200000, 0x0000000080200000, 0x00000000d3530000)
  from space 170368K,  48% used [0x00000000d3530000, 0x00000000d85a1350, 0x00000000ddb90000)
  to   space 170368K,   0% used [0x00000000ddb90000, 0x00000000ddb90000, 0x00000000e81f0000)
 tenured generation   total 3468304K, used 3468180K [0x0000000300150000, 0x00000003d3c54000, 0x0000000800000000)
   the space 3468304K,  99% used [0x0000000300150000, 0x00000003d3c35250, 0x00000003d3c35400, 0x00000003d3c54000)
 Metaspace       used 22725K, capacity 23232K, committed 23424K, reserved 1071104K
  class space    used 2354K, capacity 2568K, committed 2688K, reserved 1048576K
}
Event: 633.365 GC heap before
{Heap before GC invocations=577 (full 21):
 def new generation   total 1533504K, used 82372K [0x0000000080200000, 0x00000000e81f0000, 0x0000000300150000)
  eden space 1363136K,   0% used [0x0000000080200000, 0x0000000080200000, 0x00000000d3530000)
  from space 170368K,  48% used [0x00000000d3530000, 0x00000000d85a1350, 0x00000000ddb90000)
  to   space 170368K,   0% used [0x00000000ddb90000, 0x00000000ddb90000, 0x00000000e81f0000)
 tenured generation   total 3468304K, used 3468180K [0x0000000300150000, 0x00000003d3c54000, 0x0000000800000000)
   the space 3468304K,  99% used [0x0000000300150000, 0x00000003d3c35250, 0x00000003d3c35400, 0x00000003d3c54000)
 Metaspace       used 22725K, capacity 23232K, committed 23424K, reserved 1071104K
  class space    used 2354K, capacity 2568K, committed 2688K, reserved 1048576K
}

