# JRE version: OpenJDK Runtime Environment (13.0.7+5) (build 13.0.7+5-Ubuntu-0ubuntu120.04)
# Java VM: OpenJDK 64-Bit Server VM (13.0.7+5-Ubuntu-0ubuntu120.04, mixed mode, tiered, serial gc, linux-amd64)
Heap:
 def new generation   total 15877376K, used 0K [0x00007fe5b0600000, 0x00007fe9e5200000, 0x00007feb05b50000)
  eden space 14113280K,   0% used [0x00007fe5b0600000, 0x00007fe5b0600000, 0x00007fe90dc80000)
  from space 1764096K,   0% used [0x00007fe90dc80000, 0x00007fe90dc80000, 0x00007fe979740000)
  to   space 1764096K,   0% used [0x00007fe979740000, 0x00007fe979740000, 0x00007fe9e5200000)
 tenured generation   total 36156288K, used 35371145K [0x00007feb05b50000, 0x00007ff3a4830000, 0x00007ff5b0600000)
   the space 36156288K,  97% used [0x00007feb05b50000, 0x00007ff374972440, 0x00007ff374972600, 0x00007ff3a4830000)
 Metaspace       used 30664K, capacity 31104K, committed 31232K, reserved 32768K
GC Heap History (20 events):
Event: 3950.365 GC heap after
{Heap after GC invocations=504 (full 9):
 def new generation   total 15877376K, used 1334024K [0x00007fe5b0600000, 0x00007fe9e5200000, 0x00007feb05b50000)
  eden space 14113280K,   0% used [0x00007fe5b0600000, 0x00007fe5b0600000, 0x00007fe90dc80000)
  from space 1764096K,  75% used [0x00007fe979740000, 0x00007fe9cae02100, 0x00007fe9e5200000)
  to   space 1764096K,   0% used [0x00007fe90dc80000, 0x00007fe90dc80000, 0x00007fe979740000)
 tenured generation   total 35282880K, used 24300605K [0x00007feb05b50000, 0x00007ff36f340000, 0x00007ff5b0600000)
   the space 35282880K,  68% used [0x00007feb05b50000, 0x00007ff0d0e5f5b8, 0x00007ff0d0e5f600, 0x00007ff36f340000)
 Metaspace       used 30664K, capacity 31104K, committed 31232K, reserved 32768K
}
Event: 3955.238 GC heap before
{Heap before GC invocations=504 (full 9):
 def new generation   total 15877376K, used 15447304K [0x00007fe5b0600000, 0x00007fe9e5200000, 0x00007feb05b50000)
  eden space 14113280K, 100% used [0x00007fe5b0600000, 0x00007fe90dc80000, 0x00007fe90dc80000)
  from space 1764096K,  75% used [0x00007fe979740000, 0x00007fe9cae02100, 0x00007fe9e5200000)
  to   space 1764096K,   0% used [0x00007fe90dc80000, 0x00007fe90dc80000, 0x00007fe979740000)
 tenured generation   total 35282880K, used 24300605K [0x00007feb05b50000, 0x00007ff36f340000, 0x00007ff5b0600000)
   the space 35282880K,  68% used [0x00007feb05b50000, 0x00007ff0d0e5f5b8, 0x00007ff0d0e5f600, 0x00007ff36f340000)
 Metaspace       used 30664K, capacity 31104K, committed 31232K, reserved 32768K
}
Event: 3959.249 GC heap after
{Heap after GC invocations=505 (full 9):
 def new generation   total 15877376K, used 1102425K [0x00007fe5b0600000, 0x00007fe9e5200000, 0x00007feb05b50000)
  eden space 14113280K,   0% used [0x00007fe5b0600000, 0x00007fe5b0600000, 0x00007fe90dc80000)
  from space 1764096K,  62% used [0x00007fe90dc80000, 0x00007fe951116590, 0x00007fe979740000)
  to   space 1764096K,   0% used [0x00007fe979740000, 0x00007fe979740000, 0x00007fe9e5200000)
 tenured generation   total 35282880K, used 25634628K [0x00007feb05b50000, 0x00007ff36f340000, 0x00007ff5b0600000)
   the space 35282880K,  72% used [0x00007feb05b50000, 0x00007ff1225212f8, 0x00007ff122521400, 0x00007ff36f340000)
 Metaspace       used 30664K, capacity 31104K, committed 31232K, reserved 32768K
}
Event: 3963.331 GC heap before
{Heap before GC invocations=505 (full 9):
 def new generation   total 15877376K, used 15215705K [0x00007fe5b0600000, 0x00007fe9e5200000, 0x00007feb05b50000)
  eden space 14113280K, 100% used [0x00007fe5b0600000, 0x00007fe90dc80000, 0x00007fe90dc80000)
  from space 1764096K,  62% used [0x00007fe90dc80000, 0x00007fe951116590, 0x00007fe979740000)
  to   space 1764096K,   0% used [0x00007fe979740000, 0x00007fe979740000, 0x00007fe9e5200000)
 tenured generation   total 35282880K, used 25634628K [0x00007feb05b50000, 0x00007ff36f340000, 0x00007ff5b0600000)
   the space 35282880K,  72% used [0x00007feb05b50000, 0x00007ff1225212f8, 0x00007ff122521400, 0x00007ff36f340000)
 Metaspace       used 30664K, capacity 31104K, committed 31232K, reserved 32768K
}
Event: 3967.471 GC heap after
{Heap after GC invocations=506 (full 9):
 def new generation   total 15877376K, used 1260936K [0x00007fe5b0600000, 0x00007fe9e5200000, 0x00007feb05b50000)
  eden space 14113280K,   0% used [0x00007fe5b0600000, 0x00007fe5b0600000, 0x00007fe90dc80000)
  from space 1764096K,  71% used [0x00007fe979740000, 0x00007fe9c66a2280, 0x00007fe9e5200000)
  to   space 1764096K,   0% used [0x00007fe90dc80000, 0x00007fe90dc80000, 0x00007fe979740000)
 tenured generation   total 35282880K, used 26737053K [0x00007feb05b50000, 0x00007ff36f340000, 0x00007ff5b0600000)
   the space 35282880K,  75% used [0x00007feb05b50000, 0x00007ff1659b7508, 0x00007ff1659b7600, 0x00007ff36f340000)
 Metaspace       used 30664K, capacity 31104K, committed 31232K, reserved 32768K
}
Event: 3971.625 GC heap before
{Heap before GC invocations=506 (full 9):
 def new generation   total 15877376K, used 15374216K [0x00007fe5b0600000, 0x00007fe9e5200000, 0x00007feb05b50000)
  eden space 14113280K, 100% used [0x00007fe5b0600000, 0x00007fe90dc80000, 0x00007fe90dc80000)
  from space 1764096K,  71% used [0x00007fe979740000, 0x00007fe9c66a2280, 0x00007fe9e5200000)
  to   space 1764096K,   0% used [0x00007fe90dc80000, 0x00007fe90dc80000, 0x00007fe979740000)
 tenured generation   total 35282880K, used 26737053K [0x00007feb05b50000, 0x00007ff36f340000, 0x00007ff5b0600000)
   the space 35282880K,  75% used [0x00007feb05b50000, 0x00007ff1659b7508, 0x00007ff1659b7600, 0x00007ff36f340000)
 Metaspace       used 30664K, capacity 31104K, committed 31232K, reserved 32768K
}
Event: 3975.805 GC heap after
{Heap after GC invocations=507 (full 9):
 def new generation   total 15877376K, used 1320225K [0x00007fe5b0600000, 0x00007fe9e5200000, 0x00007feb05b50000)
  eden space 14113280K,   0% used [0x00007fe5b0600000, 0x00007fe5b0600000, 0x00007fe90dc80000)
  from space 1764096K,  74% used [0x00007fe90dc80000, 0x00007fe95e5c8600, 0x00007fe979740000)
  to   space 1764096K,   0% used [0x00007fe979740000, 0x00007fe979740000, 0x00007fe9e5200000)
 tenured generation   total 35282880K, used 27997988K [0x00007feb05b50000, 0x00007ff36f340000, 0x00007ff5b0600000)
   the space 35282880K,  79% used [0x00007feb05b50000, 0x00007ff1b2919358, 0x00007ff1b2919400, 0x00007ff36f340000)
 Metaspace       used 30664K, capacity 31104K, committed 31232K, reserved 32768K
}
Event: 3980.118 GC heap before
{Heap before GC invocations=507 (full 9):
 def new generation   total 15877376K, used 15433505K [0x00007fe5b0600000, 0x00007fe9e5200000, 0x00007feb05b50000)
  eden space 14113280K, 100% used [0x00007fe5b0600000, 0x00007fe90dc80000, 0x00007fe90dc80000)
  from space 1764096K,  74% used [0x00007fe90dc80000, 0x00007fe95e5c8600, 0x00007fe979740000)
  to   space 1764096K,   0% used [0x00007fe979740000, 0x00007fe979740000, 0x00007fe9e5200000)
 tenured generation   total 35282880K, used 27997988K [0x00007feb05b50000, 0x00007ff36f340000, 0x00007ff5b0600000)
   the space 35282880K,  79% used [0x00007feb05b50000, 0x00007ff1b2919358, 0x00007ff1b2919400, 0x00007ff36f340000)
 Metaspace       used 30664K, capacity 31104K, committed 31232K, reserved 32768K
}
Event: 3984.457 GC heap after
{Heap after GC invocations=508 (full 9):
 def new generation   total 15877376K, used 1359958K [0x00007fe5b0600000, 0x00007fe9e5200000, 0x00007feb05b50000)
  eden space 14113280K,   0% used [0x00007fe5b0600000, 0x00007fe5b0600000, 0x00007fe90dc80000)
  from space 1764096K,  77% used [0x00007fe979740000, 0x00007fe9cc755b50, 0x00007fe9e5200000)
  to   space 1764096K,   0% used [0x00007fe90dc80000, 0x00007fe90dc80000, 0x00007fe979740000)
 tenured generation   total 35282880K, used 29318213K [0x00007feb05b50000, 0x00007ff36f340000, 0x00007ff5b0600000)
   the space 35282880K,  83% used [0x00007feb05b50000, 0x00007ff2032616d8, 0x00007ff203261800, 0x00007ff36f340000)
 Metaspace       used 30664K, capacity 31104K, committed 31232K, reserved 32768K
}
Event: 3988.608 GC heap before
{Heap before GC invocations=508 (full 9):
 def new generation   total 15877376K, used 15473238K [0x00007fe5b0600000, 0x00007fe9e5200000, 0x00007feb05b50000)
  eden space 14113280K, 100% used [0x00007fe5b0600000, 0x00007fe90dc80000, 0x00007fe90dc80000)
  from space 1764096K,  77% used [0x00007fe979740000, 0x00007fe9cc755b50, 0x00007fe9e5200000)
  to   space 1764096K,   0% used [0x00007fe90dc80000, 0x00007fe90dc80000, 0x00007fe979740000)
 tenured generation   total 35282880K, used 29318213K [0x00007feb05b50000, 0x00007ff36f340000, 0x00007ff5b0600000)
   the space 35282880K,  83% used [0x00007feb05b50000, 0x00007ff2032616d8, 0x00007ff203261800, 0x00007ff36f340000)
 Metaspace       used 30664K, capacity 31104K, committed 31232K, reserved 32768K
}
Event: 3992.753 GC heap after
{Heap after GC invocations=509 (full 9):
 def new generation   total 15877376K, used 1314099K [0x00007fe5b0600000, 0x00007fe9e5200000, 0x00007feb05b50000)
  eden space 14113280K,   0% used [0x00007fe5b0600000, 0x00007fe5b0600000, 0x00007fe90dc80000)
  from space 1764096K,  74% used [0x00007fe90dc80000, 0x00007fe95dfccea0, 0x00007fe979740000)
  to   space 1764096K,   0% used [0x00007fe979740000, 0x00007fe979740000, 0x00007fe9e5200000)
 tenured generation   total 35282880K, used 30678172K [0x00007feb05b50000, 0x00007ff36f340000, 0x00007ff5b0600000)
   the space 35282880K,  86% used [0x00007feb05b50000, 0x00007ff2562771e8, 0x00007ff256277200, 0x00007ff36f340000)
 Metaspace       used 30664K, capacity 31104K, committed 31232K, reserved 32768K
}
Event: 3996.820 GC heap before
{Heap before GC invocations=509 (full 9):
 def new generation   total 15877376K, used 15427379K [0x00007fe5b0600000, 0x00007fe9e5200000, 0x00007feb05b50000)
  eden space 14113280K, 100% used [0x00007fe5b0600000, 0x00007fe90dc80000, 0x00007fe90dc80000)
  from space 1764096K,  74% used [0x00007fe90dc80000, 0x00007fe95dfccea0, 0x00007fe979740000)
  to   space 1764096K,   0% used [0x00007fe979740000, 0x00007fe979740000, 0x00007fe9e5200000)
 tenured generation   total 35282880K, used 30678172K [0x00007feb05b50000, 0x00007ff36f340000, 0x00007ff5b0600000)
   the space 35282880K,  86% used [0x00007feb05b50000, 0x00007ff2562771e8, 0x00007ff256277200, 0x00007ff36f340000)
 Metaspace       used 30664K, capacity 31104K, committed 31232K, reserved 32768K
}
Event: 4001.102 GC heap after
{Heap after GC invocations=510 (full 9):
 def new generation   total 15877376K, used 1396208K [0x00007fe5b0600000, 0x00007fe9e5200000, 0x00007feb05b50000)
  eden space 14113280K,   0% used [0x00007fe5b0600000, 0x00007fe5b0600000, 0x00007fe90dc80000)
  from space 1764096K,  79% used [0x00007fe979740000, 0x00007fe9ceabc038, 0x00007fe9e5200000)
  to   space 1764096K,   0% used [0x00007fe90dc80000, 0x00007fe90dc80000, 0x00007fe979740000)
 tenured generation   total 35282880K, used 31992271K [0x00007feb05b50000, 0x00007ff36f340000, 0x00007ff5b0600000)
   the space 35282880K,  90% used [0x00007feb05b50000, 0x00007ff2a65c3f88, 0x00007ff2a65c4000, 0x00007ff36f340000)
 Metaspace       used 30664K, capacity 31104K, committed 31232K, reserved 32768K
}
Event: 4005.463 GC heap before
{Heap before GC invocations=510 (full 9):
 def new generation   total 15877376K, used 15509488K [0x00007fe5b0600000, 0x00007fe9e5200000, 0x00007feb05b50000)
  eden space 14113280K, 100% used [0x00007fe5b0600000, 0x00007fe90dc80000, 0x00007fe90dc80000)
  from space 1764096K,  79% used [0x00007fe979740000, 0x00007fe9ceabc038, 0x00007fe9e5200000)
  to   space 1764096K,   0% used [0x00007fe90dc80000, 0x00007fe90dc80000, 0x00007fe979740000)
 tenured generation   total 35282880K, used 31992271K [0x00007feb05b50000, 0x00007ff36f340000, 0x00007ff5b0600000)
   the space 35282880K,  90% used [0x00007feb05b50000, 0x00007ff2a65c3f88, 0x00007ff2a65c4000, 0x00007ff36f340000)
 Metaspace       used 30664K, capacity 31104K, committed 31232K, reserved 32768K
}
Event: 4009.940 GC heap after
{Heap after GC invocations=511 (full 9):
 def new generation   total 15877376K, used 1403821K [0x00007fe5b0600000, 0x00007fe9e5200000, 0x00007feb05b50000)
  eden space 14113280K,   0% used [0x00007fe5b0600000, 0x00007fe5b0600000, 0x00007fe90dc80000)
  from space 1764096K,  79% used [0x00007fe90dc80000, 0x00007fe96376b758, 0x00007fe979740000)
  to   space 1764096K,   0% used [0x00007fe979740000, 0x00007fe979740000, 0x00007fe9e5200000)
 tenured generation   total 35282880K, used 33388479K [0x00007feb05b50000, 0x00007ff36f340000, 0x00007ff5b0600000)
   the space 35282880K,  94% used [0x00007feb05b50000, 0x00007ff2fb93ffc0, 0x00007ff2fb940000, 0x00007ff36f340000)
 Metaspace       used 30664K, capacity 31104K, committed 31232K, reserved 32768K
}
Event: 4014.351 GC heap before
{Heap before GC invocations=511 (full 9):
 def new generation   total 15877376K, used 15517101K [0x00007fe5b0600000, 0x00007fe9e5200000, 0x00007feb05b50000)
  eden space 14113280K, 100% used [0x00007fe5b0600000, 0x00007fe90dc80000, 0x00007fe90dc80000)
  from space 1764096K,  79% used [0x00007fe90dc80000, 0x00007fe96376b758, 0x00007fe979740000)
  to   space 1764096K,   0% used [0x00007fe979740000, 0x00007fe979740000, 0x00007fe9e5200000)
 tenured generation   total 35282880K, used 33388479K [0x00007feb05b50000, 0x00007ff36f340000, 0x00007ff5b0600000)
   the space 35282880K,  94% used [0x00007feb05b50000, 0x00007ff2fb93ffc0, 0x00007ff2fb940000, 0x00007ff36f340000)
 Metaspace       used 30664K, capacity 31104K, committed 31232K, reserved 32768K
}
Event: 4018.627 GC heap after
{Heap after GC invocations=512 (full 9):
 def new generation   total 15877376K, used 1363933K [0x00007fe5b0600000, 0x00007fe9e5200000, 0x00007feb05b50000)
  eden space 14113280K,   0% used [0x00007fe5b0600000, 0x00007fe5b0600000, 0x00007fe90dc80000)
  from space 1764096K,  77% used [0x00007fe979740000, 0x00007fe9ccb37790, 0x00007fe9e5200000)
  to   space 1764096K,   0% used [0x00007fe90dc80000, 0x00007fe90dc80000, 0x00007fe979740000)
 tenured generation   total 35282880K, used 34792301K [0x00007feb05b50000, 0x00007ff36f340000, 0x00007ff5b0600000)
   the space 35282880K,  98% used [0x00007feb05b50000, 0x00007ff35142b478, 0x00007ff35142b600, 0x00007ff36f340000)
 Metaspace       used 30664K, capacity 31104K, committed 31232K, reserved 32768K
}
Event: 4022.915 GC heap before
{Heap before GC invocations=512 (full 9):
 def new generation   total 15877376K, used 15477213K [0x00007fe5b0600000, 0x00007fe9e5200000, 0x00007feb05b50000)
  eden space 14113280K, 100% used [0x00007fe5b0600000, 0x00007fe90dc80000, 0x00007fe90dc80000)
  from space 1764096K,  77% used [0x00007fe979740000, 0x00007fe9ccb37790, 0x00007fe9e5200000)
  to   space 1764096K,   0% used [0x00007fe90dc80000, 0x00007fe90dc80000, 0x00007fe979740000)
 tenured generation   total 35282880K, used 34792301K [0x00007feb05b50000, 0x00007ff36f340000, 0x00007ff5b0600000)
   the space 35282880K,  98% used [0x00007feb05b50000, 0x00007ff35142b478, 0x00007ff35142b600, 0x00007ff36f340000)
 Metaspace       used 30664K, capacity 31104K, committed 31232K, reserved 32768K
}
Event: 4027.435 GC heap after
{Heap after GC invocations=513 (full 9):
 def new generation   total 15877376K, used 1399892K [0x00007fe5b0600000, 0x00007fe9e5200000, 0x00007feb05b50000)
  eden space 14113280K,   0% used [0x00007fe5b0600000, 0x00007fe5b0600000, 0x00007fe90dc80000)
  from space 1764096K,  79% used [0x00007fe90dc80000, 0x00007fe963395368, 0x00007fe979740000)
  to   space 1764096K,   0% used [0x00007fe979740000, 0x00007fe979740000, 0x00007fe9e5200000)
 tenured generation   total 36156288K, used 36156234K [0x00007feb05b50000, 0x00007ff3a4830000, 0x00007ff5b0600000)
   the space 36156288K,  99% used [0x00007feb05b50000, 0x00007ff3a4822af8, 0x00007ff3a4822c00, 0x00007ff3a4830000)
 Metaspace       used 30664K, capacity 31104K, committed 31232K, reserved 32768K
}
Event: 4027.435 GC heap before
{Heap before GC invocations=513 (full 9):
 def new generation   total 15877376K, used 1399892K [0x00007fe5b0600000, 0x00007fe9e5200000, 0x00007feb05b50000)
  eden space 14113280K,   0% used [0x00007fe5b0600000, 0x00007fe5b0600000, 0x00007fe90dc80000)
  from space 1764096K,  79% used [0x00007fe90dc80000, 0x00007fe963395368, 0x00007fe979740000)
  to   space 1764096K,   0% used [0x00007fe979740000, 0x00007fe979740000, 0x00007fe9e5200000)
 tenured generation   total 36156288K, used 36156234K [0x00007feb05b50000, 0x00007ff3a4830000, 0x00007ff5b0600000)
   the space 36156288K,  99% used [0x00007feb05b50000, 0x00007ff3a4822af8, 0x00007ff3a4822c00, 0x00007ff3a4830000)
 Metaspace       used 30664K, capacity 31104K, committed 31232K, reserved 32768K
}

