# JRE version: OpenJDK Runtime Environment (13.0.7+5) (build 13.0.7+5-Ubuntu-0ubuntu120.04)
# Java VM: OpenJDK 64-Bit Server VM (13.0.7+5-Ubuntu-0ubuntu120.04, mixed mode, tiered, serial gc, linux-amd64)
Heap:
 def new generation   total 2930752K, used 176192K [0x00007f5dec600000, 0x00007f5eb3210000, 0x00007f6341b50000)
  eden space 2605120K,   6% used [0x00007f5dec600000, 0x00007f5df7210288, 0x00007f5e8b610000)
  from space 325632K,   0% used [0x00007f5e9f410000, 0x00007f5e9f410000, 0x00007f5eb3210000)
  to   space 325632K,   0% used [0x00007f5e8b610000, 0x00007f5e8b610000, 0x00007f5e9f410000)
 tenured generation   total 6513400K, used 6513399K [0x00007f6341b50000, 0x00007f64cf40e000, 0x00007f6dec600000)
   the space 6513400K,  99% used [0x00007f6341b50000, 0x00007f64cf40dfc0, 0x00007f64cf40e000, 0x00007f64cf40e000)
 Metaspace       used 24229K, capacity 24657K, committed 24832K, reserved 26624K
GC Heap History (20 events):
Event: 674.770 GC heap after
{Heap after GC invocations=813 (full 4):
 def new generation   total 2930752K, used 164855K [0x00007f5dec600000, 0x00007f5eb3210000, 0x00007f6341b50000)
  eden space 2605120K,   0% used [0x00007f5dec600000, 0x00007f5dec600000, 0x00007f5e8b610000)
  from space 325632K,  50% used [0x00007f5e8b610000, 0x00007f5e9570dca8, 0x00007f5e9f410000)
  to   space 325632K,   0% used [0x00007f5e9f410000, 0x00007f5e9f410000, 0x00007f5eb3210000)
 tenured generation   total 6512632K, used 6366286K [0x00007f6341b50000, 0x00007f64cf34e000, 0x00007f6dec600000)
   the space 6512632K,  97% used [0x00007f6341b50000, 0x00007f64c6463a48, 0x00007f64c6463c00, 0x00007f64cf34e000)
 Metaspace       used 24229K, capacity 24657K, committed 24832K, reserved 26624K
}
Event: 676.301 GC heap before
{Heap before GC invocations=813 (full 4):
 def new generation   total 2930752K, used 2769975K [0x00007f5dec600000, 0x00007f5eb3210000, 0x00007f6341b50000)
  eden space 2605120K, 100% used [0x00007f5dec600000, 0x00007f5e8b610000, 0x00007f5e8b610000)
  from space 325632K,  50% used [0x00007f5e8b610000, 0x00007f5e9570dca8, 0x00007f5e9f410000)
  to   space 325632K,   0% used [0x00007f5e9f410000, 0x00007f5e9f410000, 0x00007f5eb3210000)
 tenured generation   total 6512632K, used 6366286K [0x00007f6341b50000, 0x00007f64cf34e000, 0x00007f6dec600000)
   the space 6512632K,  97% used [0x00007f6341b50000, 0x00007f64c6463a48, 0x00007f64c6463c00, 0x00007f64cf34e000)
 Metaspace       used 24229K, capacity 24657K, committed 24832K, reserved 26624K
}
Event: 676.496 GC heap after
{Heap after GC invocations=814 (full 4):
 def new generation   total 2930752K, used 163173K [0x00007f5dec600000, 0x00007f5eb3210000, 0x00007f6341b50000)
  eden space 2605120K,   0% used [0x00007f5dec600000, 0x00007f5dec600000, 0x00007f5e8b610000)
  from space 325632K,  50% used [0x00007f5e9f410000, 0x00007f5ea9369480, 0x00007f5eb3210000)
  to   space 325632K,   0% used [0x00007f5e8b610000, 0x00007f5e8b610000, 0x00007f5e9f410000)
 tenured generation   total 6512632K, used 6382962K [0x00007f6341b50000, 0x00007f64cf34e000, 0x00007f6dec600000)
   the space 6512632K,  98% used [0x00007f6341b50000, 0x00007f64c74ac9e8, 0x00007f64c74aca00, 0x00007f64cf34e000)
 Metaspace       used 24229K, capacity 24657K, committed 24832K, reserved 26624K
}
Event: 677.997 GC heap before
{Heap before GC invocations=814 (full 4):
 def new generation   total 2930752K, used 2768293K [0x00007f5dec600000, 0x00007f5eb3210000, 0x00007f6341b50000)
  eden space 2605120K, 100% used [0x00007f5dec600000, 0x00007f5e8b610000, 0x00007f5e8b610000)
  from space 325632K,  50% used [0x00007f5e9f410000, 0x00007f5ea9369480, 0x00007f5eb3210000)
  to   space 325632K,   0% used [0x00007f5e8b610000, 0x00007f5e8b610000, 0x00007f5e9f410000)
 tenured generation   total 6512632K, used 6382962K [0x00007f6341b50000, 0x00007f64cf34e000, 0x00007f6dec600000)
   the space 6512632K,  98% used [0x00007f6341b50000, 0x00007f64c74ac9e8, 0x00007f64c74aca00, 0x00007f64cf34e000)
 Metaspace       used 24229K, capacity 24657K, committed 24832K, reserved 26624K
}
Event: 678.172 GC heap after
{Heap after GC invocations=815 (full 4):
 def new generation   total 2930752K, used 161920K [0x00007f5dec600000, 0x00007f5eb3210000, 0x00007f6341b50000)
  eden space 2605120K,   0% used [0x00007f5dec600000, 0x00007f5dec600000, 0x00007f5e8b610000)
  from space 325632K,  49% used [0x00007f5e8b610000, 0x00007f5e95430000, 0x00007f5e9f410000)
  to   space 325632K,   0% used [0x00007f5e9f410000, 0x00007f5e9f410000, 0x00007f5eb3210000)
 tenured generation   total 6512632K, used 6403208K [0x00007f6341b50000, 0x00007f64cf34e000, 0x00007f6dec600000)
   the space 6512632K,  98% used [0x00007f6341b50000, 0x00007f64c88723d8, 0x00007f64c8872400, 0x00007f64cf34e000)
 Metaspace       used 24229K, capacity 24657K, committed 24832K, reserved 26624K
}
Event: 679.656 GC heap before
{Heap before GC invocations=815 (full 4):
 def new generation   total 2930752K, used 2767040K [0x00007f5dec600000, 0x00007f5eb3210000, 0x00007f6341b50000)
  eden space 2605120K, 100% used [0x00007f5dec600000, 0x00007f5e8b610000, 0x00007f5e8b610000)
  from space 325632K,  49% used [0x00007f5e8b610000, 0x00007f5e95430000, 0x00007f5e9f410000)
  to   space 325632K,   0% used [0x00007f5e9f410000, 0x00007f5e9f410000, 0x00007f5eb3210000)
 tenured generation   total 6512632K, used 6403208K [0x00007f6341b50000, 0x00007f64cf34e000, 0x00007f6dec600000)
   the space 6512632K,  98% used [0x00007f6341b50000, 0x00007f64c88723d8, 0x00007f64c8872400, 0x00007f64cf34e000)
 Metaspace       used 24229K, capacity 24657K, committed 24832K, reserved 26624K
}
Event: 679.850 GC heap after
{Heap after GC invocations=816 (full 4):
 def new generation   total 2930752K, used 180148K [0x00007f5dec600000, 0x00007f5eb3210000, 0x00007f6341b50000)
  eden space 2605120K,   0% used [0x00007f5dec600000, 0x00007f5dec600000, 0x00007f5e8b610000)
  from space 325632K,  55% used [0x00007f5e9f410000, 0x00007f5eaa3fd3c0, 0x00007f5eb3210000)
  to   space 325632K,   0% used [0x00007f5e8b610000, 0x00007f5e8b610000, 0x00007f5e9f410000)
 tenured generation   total 6512632K, used 6403208K [0x00007f6341b50000, 0x00007f64cf34e000, 0x00007f6dec600000)
   the space 6512632K,  98% used [0x00007f6341b50000, 0x00007f64c88723d8, 0x00007f64c8872400, 0x00007f64cf34e000)
 Metaspace       used 24229K, capacity 24657K, committed 24832K, reserved 26624K
}
Event: 681.375 GC heap before
{Heap before GC invocations=816 (full 4):
 def new generation   total 2930752K, used 2785268K [0x00007f5dec600000, 0x00007f5eb3210000, 0x00007f6341b50000)
  eden space 2605120K, 100% used [0x00007f5dec600000, 0x00007f5e8b610000, 0x00007f5e8b610000)
  from space 325632K,  55% used [0x00007f5e9f410000, 0x00007f5eaa3fd3c0, 0x00007f5eb3210000)
  to   space 325632K,   0% used [0x00007f5e8b610000, 0x00007f5e8b610000, 0x00007f5e9f410000)
 tenured generation   total 6512632K, used 6403208K [0x00007f6341b50000, 0x00007f64cf34e000, 0x00007f6dec600000)
   the space 6512632K,  98% used [0x00007f6341b50000, 0x00007f64c88723d8, 0x00007f64c8872400, 0x00007f64cf34e000)
 Metaspace       used 24229K, capacity 24657K, committed 24832K, reserved 26624K
}
Event: 681.580 GC heap after
{Heap after GC invocations=817 (full 4):
 def new generation   total 2930752K, used 164217K [0x00007f5dec600000, 0x00007f5eb3210000, 0x00007f6341b50000)
  eden space 2605120K,   0% used [0x00007f5dec600000, 0x00007f5dec600000, 0x00007f5e8b610000)
  from space 325632K,  50% used [0x00007f5e8b610000, 0x00007f5e9566e618, 0x00007f5e9f410000)
  to   space 325632K,   0% used [0x00007f5e9f410000, 0x00007f5e9f410000, 0x00007f5eb3210000)
 tenured generation   total 6512632K, used 6437470K [0x00007f6341b50000, 0x00007f64cf34e000, 0x00007f6dec600000)
   the space 6512632K,  98% used [0x00007f6341b50000, 0x00007f64ca9e7930, 0x00007f64ca9e7a00, 0x00007f64cf34e000)
 Metaspace       used 24229K, capacity 24657K, committed 24832K, reserved 26624K
}
Event: 683.179 GC heap before
{Heap before GC invocations=817 (full 4):
 def new generation   total 2930752K, used 2769337K [0x00007f5dec600000, 0x00007f5eb3210000, 0x00007f6341b50000)
  eden space 2605120K, 100% used [0x00007f5dec600000, 0x00007f5e8b610000, 0x00007f5e8b610000)
  from space 325632K,  50% used [0x00007f5e8b610000, 0x00007f5e9566e618, 0x00007f5e9f410000)
  to   space 325632K,   0% used [0x00007f5e9f410000, 0x00007f5e9f410000, 0x00007f5eb3210000)
 tenured generation   total 6512632K, used 6437470K [0x00007f6341b50000, 0x00007f64cf34e000, 0x00007f6dec600000)
   the space 6512632K,  98% used [0x00007f6341b50000, 0x00007f64ca9e7930, 0x00007f64ca9e7a00, 0x00007f64cf34e000)
 Metaspace       used 24229K, capacity 24657K, committed 24832K, reserved 26624K
}
Event: 683.370 GC heap after
{Heap after GC invocations=818 (full 4):
 def new generation   total 2930752K, used 164898K [0x00007f5dec600000, 0x00007f5eb3210000, 0x00007f6341b50000)
  eden space 2605120K,   0% used [0x00007f5dec600000, 0x00007f5dec600000, 0x00007f5e8b610000)
  from space 325632K,  50% used [0x00007f5e9f410000, 0x00007f5ea9518b98, 0x00007f5eb3210000)
  to   space 325632K,   0% used [0x00007f5e8b610000, 0x00007f5e8b610000, 0x00007f5e9f410000)
 tenured generation   total 6512632K, used 6456540K [0x00007f6341b50000, 0x00007f64cf34e000, 0x00007f6dec600000)
   the space 6512632K,  99% used [0x00007f6341b50000, 0x00007f64cbc873b8, 0x00007f64cbc87400, 0x00007f64cf34e000)
 Metaspace       used 24229K, capacity 24657K, committed 24832K, reserved 26624K
}
Event: 684.868 GC heap before
{Heap before GC invocations=818 (full 4):
 def new generation   total 2930752K, used 2770018K [0x00007f5dec600000, 0x00007f5eb3210000, 0x00007f6341b50000)
  eden space 2605120K, 100% used [0x00007f5dec600000, 0x00007f5e8b610000, 0x00007f5e8b610000)
  from space 325632K,  50% used [0x00007f5e9f410000, 0x00007f5ea9518b98, 0x00007f5eb3210000)
  to   space 325632K,   0% used [0x00007f5e8b610000, 0x00007f5e8b610000, 0x00007f5e9f410000)
 tenured generation   total 6512632K, used 6456540K [0x00007f6341b50000, 0x00007f64cf34e000, 0x00007f6dec600000)
   the space 6512632K,  99% used [0x00007f6341b50000, 0x00007f64cbc873b8, 0x00007f64cbc87400, 0x00007f64cf34e000)
 Metaspace       used 24229K, capacity 24657K, committed 24832K, reserved 26624K
}
Event: 685.051 GC heap after
{Heap after GC invocations=819 (full 4):
 def new generation   total 2930752K, used 164121K [0x00007f5dec600000, 0x00007f5eb3210000, 0x00007f6341b50000)
  eden space 2605120K,   0% used [0x00007f5dec600000, 0x00007f5dec600000, 0x00007f5e8b610000)
  from space 325632K,  50% used [0x00007f5e8b610000, 0x00007f5e95656798, 0x00007f5e9f410000)
  to   space 325632K,   0% used [0x00007f5e9f410000, 0x00007f5e9f410000, 0x00007f5eb3210000)
 tenured generation   total 6512632K, used 6474166K [0x00007f6341b50000, 0x00007f64cf34e000, 0x00007f6dec600000)
   the space 6512632K,  99% used [0x00007f6341b50000, 0x00007f64ccdbd9f0, 0x00007f64ccdbda00, 0x00007f64cf34e000)
 Metaspace       used 24229K, capacity 24657K, committed 24832K, reserved 26624K
}
Event: 686.640 GC heap before
{Heap before GC invocations=819 (full 4):
 def new generation   total 2930752K, used 2769241K [0x00007f5dec600000, 0x00007f5eb3210000, 0x00007f6341b50000)
  eden space 2605120K, 100% used [0x00007f5dec600000, 0x00007f5e8b610000, 0x00007f5e8b610000)
  from space 325632K,  50% used [0x00007f5e8b610000, 0x00007f5e95656798, 0x00007f5e9f410000)
  to   space 325632K,   0% used [0x00007f5e9f410000, 0x00007f5e9f410000, 0x00007f5eb3210000)
 tenured generation   total 6512632K, used 6474166K [0x00007f6341b50000, 0x00007f64cf34e000, 0x00007f6dec600000)
   the space 6512632K,  99% used [0x00007f6341b50000, 0x00007f64ccdbd9f0, 0x00007f64ccdbda00, 0x00007f64cf34e000)
 Metaspace       used 24229K, capacity 24657K, committed 24832K, reserved 26624K
}
Event: 686.804 GC heap after
{Heap after GC invocations=820 (full 4):
 def new generation   total 2930752K, used 160564K [0x00007f5dec600000, 0x00007f5eb3210000, 0x00007f6341b50000)
  eden space 2605120K,   0% used [0x00007f5dec600000, 0x00007f5dec600000, 0x00007f5e8b610000)
  from space 325632K,  49% used [0x00007f5e9f410000, 0x00007f5ea90dd138, 0x00007f5eb3210000)
  to   space 325632K,   0% used [0x00007f5e8b610000, 0x00007f5e8b610000, 0x00007f5e9f410000)
 tenured generation   total 6512632K, used 6493285K [0x00007f6341b50000, 0x00007f64cf34e000, 0x00007f6dec600000)
   the space 6512632K,  99% used [0x00007f6341b50000, 0x00007f64ce0696a8, 0x00007f64ce069800, 0x00007f64cf34e000)
 Metaspace       used 24229K, capacity 24657K, committed 24832K, reserved 26624K
}
Event: 688.315 GC heap before
{Heap before GC invocations=820 (full 4):
 def new generation   total 2930752K, used 2765684K [0x00007f5dec600000, 0x00007f5eb3210000, 0x00007f6341b50000)
  eden space 2605120K, 100% used [0x00007f5dec600000, 0x00007f5e8b610000, 0x00007f5e8b610000)
  from space 325632K,  49% used [0x00007f5e9f410000, 0x00007f5ea90dd138, 0x00007f5eb3210000)
  to   space 325632K,   0% used [0x00007f5e8b610000, 0x00007f5e8b610000, 0x00007f5e9f410000)
 tenured generation   total 6512632K, used 6493285K [0x00007f6341b50000, 0x00007f64cf34e000, 0x00007f6dec600000)
   the space 6512632K,  99% used [0x00007f6341b50000, 0x00007f64ce0696a8, 0x00007f64ce069800, 0x00007f64cf34e000)
 Metaspace       used 24229K, capacity 24657K, committed 24832K, reserved 26624K
}
Event: 688.485 GC heap after
{Heap after GC invocations=821 (full 4):
 def new generation   total 2930752K, used 176620K [0x00007f5dec600000, 0x00007f5eb3210000, 0x00007f6341b50000)
  eden space 2605120K,   0% used [0x00007f5dec600000, 0x00007f5dec600000, 0x00007f5e8b610000)
  from space 325632K,  54% used [0x00007f5e8b610000, 0x00007f5e9628b338, 0x00007f5e9f410000)
  to   space 325632K,   0% used [0x00007f5e9f410000, 0x00007f5e9f410000, 0x00007f5eb3210000)
 tenured generation   total 6512632K, used 6493285K [0x00007f6341b50000, 0x00007f64cf34e000, 0x00007f6dec600000)
   the space 6512632K,  99% used [0x00007f6341b50000, 0x00007f64ce0696a8, 0x00007f64ce069800, 0x00007f64cf34e000)
 Metaspace       used 24229K, capacity 24657K, committed 24832K, reserved 26624K
}
Event: 690.147 GC heap before
{Heap before GC invocations=821 (full 4):
 def new generation   total 2930752K, used 2781740K [0x00007f5dec600000, 0x00007f5eb3210000, 0x00007f6341b50000)
  eden space 2605120K, 100% used [0x00007f5dec600000, 0x00007f5e8b610000, 0x00007f5e8b610000)
  from space 325632K,  54% used [0x00007f5e8b610000, 0x00007f5e9628b338, 0x00007f5e9f410000)
  to   space 325632K,   0% used [0x00007f5e9f410000, 0x00007f5e9f410000, 0x00007f5eb3210000)
 tenured generation   total 6512632K, used 6493285K [0x00007f6341b50000, 0x00007f64cf34e000, 0x00007f6dec600000)
   the space 6512632K,  99% used [0x00007f6341b50000, 0x00007f64ce0696a8, 0x00007f64ce069800, 0x00007f64cf34e000)
 Metaspace       used 24229K, capacity 24657K, committed 24832K, reserved 26624K
}
Event: 690.449 GC heap after
{Heap after GC invocations=822 (full 4):
 def new generation   total 2930752K, used 176285K [0x00007f5dec600000, 0x00007f5eb3210000, 0x00007f6341b50000)
  eden space 2605120K,   0% used [0x00007f5dec600000, 0x00007f5dec600000, 0x00007f5e8b610000)
  from space 325632K,  54% used [0x00007f5e9f410000, 0x00007f5eaa0376d8, 0x00007f5eb3210000)
  to   space 325632K,   0% used [0x00007f5e8b610000, 0x00007f5e8b610000, 0x00007f5e9f410000)
 tenured generation   total 6513400K, used 6513306K [0x00007f6341b50000, 0x00007f64cf40e000, 0x00007f6dec600000)
   the space 6513400K,  99% used [0x00007f6341b50000, 0x00007f64cf3f6b70, 0x00007f64cf3f6c00, 0x00007f64cf40e000)
 Metaspace       used 24229K, capacity 24657K, committed 24832K, reserved 26624K
}
Event: 690.449 GC heap before
{Heap before GC invocations=822 (full 4):
 def new generation   total 2930752K, used 176285K [0x00007f5dec600000, 0x00007f5eb3210000, 0x00007f6341b50000)
  eden space 2605120K,   0% used [0x00007f5dec600000, 0x00007f5dec600000, 0x00007f5e8b610000)
  from space 325632K,  54% used [0x00007f5e9f410000, 0x00007f5eaa0376d8, 0x00007f5eb3210000)
  to   space 325632K,   0% used [0x00007f5e8b610000, 0x00007f5e8b610000, 0x00007f5e9f410000)
 tenured generation   total 6513400K, used 6513306K [0x00007f6341b50000, 0x00007f64cf40e000, 0x00007f6dec600000)
   the space 6513400K,  99% used [0x00007f6341b50000, 0x00007f64cf3f6b70, 0x00007f64cf3f6c00, 0x00007f64cf40e000)
 Metaspace       used 24229K, capacity 24657K, committed 24832K, reserved 26624K
}

