# JRE version: OpenJDK Runtime Environment (13.0.7+5) (build 13.0.7+5-Ubuntu-0ubuntu120.04)
# Java VM: OpenJDK 64-Bit Server VM (13.0.7+5-Ubuntu-0ubuntu120.04, mixed mode, tiered, serial gc, linux-amd64)
Heap:
 def new generation   total 629248K, used 9190K [0x00007f4f34600000, 0x00007f4f5f0c0000, 0x00007f5489b50000)
  eden space 559360K,   1% used [0x00007f4f34600000, 0x00007f4f34ef9b20, 0x00007f4f56840000)
  from space 69888K,   0% used [0x00007f4f56840000, 0x00007f4f56840000, 0x00007f4f5ac80000)
  to   space 69888K,   0% used [0x00007f4f5ac80000, 0x00007f4f5ac80000, 0x00007f4f5f0c0000)
 tenured generation   total 1398336K, used 1398331K [0x00007f5489b50000, 0x00007f54df0e0000, 0x00007f5f34600000)
   the space 1398336K,  99% used [0x00007f5489b50000, 0x00007f54df0deef0, 0x00007f54df0df000, 0x00007f54df0e0000)
 Metaspace       used 24297K, capacity 24699K, committed 24832K, reserved 26624K
GC Heap History (20 events):
Event: 516.932 GC heap after
{Heap after GC invocations=2282 (full 1):
 def new generation   total 629248K, used 9175K [0x00007f4f34600000, 0x00007f4f5f0c0000, 0x00007f5489b50000)
  eden space 559360K,   0% used [0x00007f4f34600000, 0x00007f4f34600000, 0x00007f4f56840000)
  from space 69888K,  13% used [0x00007f4f5ac80000, 0x00007f4f5b575f58, 0x00007f4f5f0c0000)
  to   space 69888K,   0% used [0x00007f4f56840000, 0x00007f4f56840000, 0x00007f4f5ac80000)
 tenured generation   total 1398144K, used 1392875K [0x00007f5489b50000, 0x00007f54df0b0000, 0x00007f5f34600000)
   the space 1398144K,  99% used [0x00007f5489b50000, 0x00007f54deb8ac18, 0x00007f54deb8ae00, 0x00007f54df0b0000)
 Metaspace       used 24297K, capacity 24699K, committed 24832K, reserved 26624K
}
Event: 517.148 GC heap before
{Heap before GC invocations=2282 (full 1):
 def new generation   total 629248K, used 568535K [0x00007f4f34600000, 0x00007f4f5f0c0000, 0x00007f5489b50000)
  eden space 559360K, 100% used [0x00007f4f34600000, 0x00007f4f56840000, 0x00007f4f56840000)
  from space 69888K,  13% used [0x00007f4f5ac80000, 0x00007f4f5b575f58, 0x00007f4f5f0c0000)
  to   space 69888K,   0% used [0x00007f4f56840000, 0x00007f4f56840000, 0x00007f4f5ac80000)
 tenured generation   total 1398144K, used 1392875K [0x00007f5489b50000, 0x00007f54df0b0000, 0x00007f5f34600000)
   the space 1398144K,  99% used [0x00007f5489b50000, 0x00007f54deb8ac18, 0x00007f54deb8ae00, 0x00007f54df0b0000)
 Metaspace       used 24297K, capacity 24699K, committed 24832K, reserved 26624K
}
Event: 517.152 GC heap after
{Heap after GC invocations=2283 (full 1):
 def new generation   total 629248K, used 9123K [0x00007f4f34600000, 0x00007f4f5f0c0000, 0x00007f5489b50000)
  eden space 559360K,   0% used [0x00007f4f34600000, 0x00007f4f34600000, 0x00007f4f56840000)
  from space 69888K,  13% used [0x00007f4f56840000, 0x00007f4f57128f28, 0x00007f4f5ac80000)
  to   space 69888K,   0% used [0x00007f4f5ac80000, 0x00007f4f5ac80000, 0x00007f4f5f0c0000)
 tenured generation   total 1398144K, used 1393446K [0x00007f5489b50000, 0x00007f54df0b0000, 0x00007f5f34600000)
   the space 1398144K,  99% used [0x00007f5489b50000, 0x00007f54dec19928, 0x00007f54dec19a00, 0x00007f54df0b0000)
 Metaspace       used 24297K, capacity 24699K, committed 24832K, reserved 26624K
}
Event: 517.374 GC heap before
{Heap before GC invocations=2283 (full 1):
 def new generation   total 629248K, used 568483K [0x00007f4f34600000, 0x00007f4f5f0c0000, 0x00007f5489b50000)
  eden space 559360K, 100% used [0x00007f4f34600000, 0x00007f4f56840000, 0x00007f4f56840000)
  from space 69888K,  13% used [0x00007f4f56840000, 0x00007f4f57128f28, 0x00007f4f5ac80000)
  to   space 69888K,   0% used [0x00007f4f5ac80000, 0x00007f4f5ac80000, 0x00007f4f5f0c0000)
 tenured generation   total 1398144K, used 1393446K [0x00007f5489b50000, 0x00007f54df0b0000, 0x00007f5f34600000)
   the space 1398144K,  99% used [0x00007f5489b50000, 0x00007f54dec19928, 0x00007f54dec19a00, 0x00007f54df0b0000)
 Metaspace       used 24297K, capacity 24699K, committed 24832K, reserved 26624K
}
Event: 517.380 GC heap after
{Heap after GC invocations=2284 (full 1):
 def new generation   total 629248K, used 9122K [0x00007f4f34600000, 0x00007f4f5f0c0000, 0x00007f5489b50000)
  eden space 559360K,   0% used [0x00007f4f34600000, 0x00007f4f34600000, 0x00007f4f56840000)
  from space 69888K,  13% used [0x00007f4f5ac80000, 0x00007f4f5b568b68, 0x00007f4f5f0c0000)
  to   space 69888K,   0% used [0x00007f4f56840000, 0x00007f4f56840000, 0x00007f4f5ac80000)
 tenured generation   total 1398144K, used 1394064K [0x00007f5489b50000, 0x00007f54df0b0000, 0x00007f5f34600000)
   the space 1398144K,  99% used [0x00007f5489b50000, 0x00007f54decb42d0, 0x00007f54decb4400, 0x00007f54df0b0000)
 Metaspace       used 24297K, capacity 24699K, committed 24832K, reserved 26624K
}
Event: 517.593 GC heap before
{Heap before GC invocations=2284 (full 1):
 def new generation   total 629248K, used 568482K [0x00007f4f34600000, 0x00007f4f5f0c0000, 0x00007f5489b50000)
  eden space 559360K, 100% used [0x00007f4f34600000, 0x00007f4f56840000, 0x00007f4f56840000)
  from space 69888K,  13% used [0x00007f4f5ac80000, 0x00007f4f5b568b68, 0x00007f4f5f0c0000)
  to   space 69888K,   0% used [0x00007f4f56840000, 0x00007f4f56840000, 0x00007f4f5ac80000)
 tenured generation   total 1398144K, used 1394064K [0x00007f5489b50000, 0x00007f54df0b0000, 0x00007f5f34600000)
   the space 1398144K,  99% used [0x00007f5489b50000, 0x00007f54decb42d0, 0x00007f54decb4400, 0x00007f54df0b0000)
 Metaspace       used 24297K, capacity 24699K, committed 24832K, reserved 26624K
}
Event: 517.598 GC heap after
{Heap after GC invocations=2285 (full 1):
 def new generation   total 629248K, used 9176K [0x00007f4f34600000, 0x00007f4f5f0c0000, 0x00007f5489b50000)
  eden space 559360K,   0% used [0x00007f4f34600000, 0x00007f4f34600000, 0x00007f4f56840000)
  from space 69888K,  13% used [0x00007f4f56840000, 0x00007f4f57136010, 0x00007f4f5ac80000)
  to   space 69888K,   0% used [0x00007f4f5ac80000, 0x00007f4f5ac80000, 0x00007f4f5f0c0000)
 tenured generation   total 1398144K, used 1394682K [0x00007f5489b50000, 0x00007f54df0b0000, 0x00007f5f34600000)
   the space 1398144K,  99% used [0x00007f5489b50000, 0x00007f54ded4eac8, 0x00007f54ded4ec00, 0x00007f54df0b0000)
 Metaspace       used 24297K, capacity 24699K, committed 24832K, reserved 26624K
}
Event: 517.816 GC heap before
{Heap before GC invocations=2285 (full 1):
 def new generation   total 629248K, used 568536K [0x00007f4f34600000, 0x00007f4f5f0c0000, 0x00007f5489b50000)
  eden space 559360K, 100% used [0x00007f4f34600000, 0x00007f4f56840000, 0x00007f4f56840000)
  from space 69888K,  13% used [0x00007f4f56840000, 0x00007f4f57136010, 0x00007f4f5ac80000)
  to   space 69888K,   0% used [0x00007f4f5ac80000, 0x00007f4f5ac80000, 0x00007f4f5f0c0000)
 tenured generation   total 1398144K, used 1394682K [0x00007f5489b50000, 0x00007f54df0b0000, 0x00007f5f34600000)
   the space 1398144K,  99% used [0x00007f5489b50000, 0x00007f54ded4eac8, 0x00007f54ded4ec00, 0x00007f54df0b0000)
 Metaspace       used 24297K, capacity 24699K, committed 24832K, reserved 26624K
}
Event: 517.822 GC heap after
{Heap after GC invocations=2286 (full 1):
 def new generation   total 629248K, used 9076K [0x00007f4f34600000, 0x00007f4f5f0c0000, 0x00007f5489b50000)
  eden space 559360K,   0% used [0x00007f4f34600000, 0x00007f4f34600000, 0x00007f4f56840000)
  from space 69888K,  12% used [0x00007f4f5ac80000, 0x00007f4f5b55d338, 0x00007f4f5f0c0000)
  to   space 69888K,   0% used [0x00007f4f56840000, 0x00007f4f56840000, 0x00007f4f5ac80000)
 tenured generation   total 1398144K, used 1395301K [0x00007f5489b50000, 0x00007f54df0b0000, 0x00007f5f34600000)
   the space 1398144K,  99% used [0x00007f5489b50000, 0x00007f54dede9470, 0x00007f54dede9600, 0x00007f54df0b0000)
 Metaspace       used 24297K, capacity 24699K, committed 24832K, reserved 26624K
}
Event: 518.037 GC heap before
{Heap before GC invocations=2286 (full 1):
 def new generation   total 629248K, used 568436K [0x00007f4f34600000, 0x00007f4f5f0c0000, 0x00007f5489b50000)
  eden space 559360K, 100% used [0x00007f4f34600000, 0x00007f4f56840000, 0x00007f4f56840000)
  from space 69888K,  12% used [0x00007f4f5ac80000, 0x00007f4f5b55d338, 0x00007f4f5f0c0000)
  to   space 69888K,   0% used [0x00007f4f56840000, 0x00007f4f56840000, 0x00007f4f5ac80000)
 tenured generation   total 1398144K, used 1395301K [0x00007f5489b50000, 0x00007f54df0b0000, 0x00007f5f34600000)
   the space 1398144K,  99% used [0x00007f5489b50000, 0x00007f54dede9470, 0x00007f54dede9600, 0x00007f54df0b0000)
 Metaspace       used 24297K, capacity 24699K, committed 24832K, reserved 26624K
}
Event: 518.042 GC heap after
{Heap after GC invocations=2287 (full 1):
 def new generation   total 629248K, used 9123K [0x00007f4f34600000, 0x00007f4f5f0c0000, 0x00007f5489b50000)
  eden space 559360K,   0% used [0x00007f4f34600000, 0x00007f4f34600000, 0x00007f4f56840000)
  from space 69888K,  13% used [0x00007f4f56840000, 0x00007f4f57128dd0, 0x00007f4f5ac80000)
  to   space 69888K,   0% used [0x00007f4f5ac80000, 0x00007f4f5ac80000, 0x00007f4f5f0c0000)
 tenured generation   total 1398144K, used 1395872K [0x00007f5489b50000, 0x00007f54df0b0000, 0x00007f5f34600000)
   the space 1398144K,  99% used [0x00007f5489b50000, 0x00007f54dee78180, 0x00007f54dee78200, 0x00007f54df0b0000)
 Metaspace       used 24297K, capacity 24699K, committed 24832K, reserved 26624K
}
Event: 518.270 GC heap before
{Heap before GC invocations=2287 (full 1):
 def new generation   total 629248K, used 568483K [0x00007f4f34600000, 0x00007f4f5f0c0000, 0x00007f5489b50000)
  eden space 559360K, 100% used [0x00007f4f34600000, 0x00007f4f56840000, 0x00007f4f56840000)
  from space 69888K,  13% used [0x00007f4f56840000, 0x00007f4f57128dd0, 0x00007f4f5ac80000)
  to   space 69888K,   0% used [0x00007f4f5ac80000, 0x00007f4f5ac80000, 0x00007f4f5f0c0000)
 tenured generation   total 1398144K, used 1395872K [0x00007f5489b50000, 0x00007f54df0b0000, 0x00007f5f34600000)
   the space 1398144K,  99% used [0x00007f5489b50000, 0x00007f54dee78180, 0x00007f54dee78200, 0x00007f54df0b0000)
 Metaspace       used 24297K, capacity 24699K, committed 24832K, reserved 26624K
}
Event: 518.275 GC heap after
{Heap after GC invocations=2288 (full 1):
 def new generation   total 629248K, used 9239K [0x00007f4f34600000, 0x00007f4f5f0c0000, 0x00007f5489b50000)
  eden space 559360K,   0% used [0x00007f4f34600000, 0x00007f4f34600000, 0x00007f4f56840000)
  from space 69888K,  13% used [0x00007f4f5ac80000, 0x00007f4f5b585ce8, 0x00007f4f5f0c0000)
  to   space 69888K,   0% used [0x00007f4f56840000, 0x00007f4f56840000, 0x00007f4f5ac80000)
 tenured generation   total 1398144K, used 1396490K [0x00007f5489b50000, 0x00007f54df0b0000, 0x00007f5f34600000)
   the space 1398144K,  99% used [0x00007f5489b50000, 0x00007f54def12b28, 0x00007f54def12c00, 0x00007f54df0b0000)
 Metaspace       used 24297K, capacity 24699K, committed 24832K, reserved 26624K
}
Event: 518.485 GC heap before
{Heap before GC invocations=2288 (full 1):
 def new generation   total 629248K, used 568599K [0x00007f4f34600000, 0x00007f4f5f0c0000, 0x00007f5489b50000)
  eden space 559360K, 100% used [0x00007f4f34600000, 0x00007f4f56840000, 0x00007f4f56840000)
  from space 69888K,  13% used [0x00007f4f5ac80000, 0x00007f4f5b585ce8, 0x00007f4f5f0c0000)
  to   space 69888K,   0% used [0x00007f4f56840000, 0x00007f4f56840000, 0x00007f4f5ac80000)
 tenured generation   total 1398144K, used 1396490K [0x00007f5489b50000, 0x00007f54df0b0000, 0x00007f5f34600000)
   the space 1398144K,  99% used [0x00007f5489b50000, 0x00007f54def12b28, 0x00007f54def12c00, 0x00007f54df0b0000)
 Metaspace       used 24297K, capacity 24699K, committed 24832K, reserved 26624K
}
Event: 518.490 GC heap after
{Heap after GC invocations=2289 (full 1):
 def new generation   total 629248K, used 9165K [0x00007f4f34600000, 0x00007f4f5f0c0000, 0x00007f5489b50000)
  eden space 559360K,   0% used [0x00007f4f34600000, 0x00007f4f34600000, 0x00007f4f56840000)
  from space 69888K,  13% used [0x00007f4f56840000, 0x00007f4f57133680, 0x00007f4f5ac80000)
  to   space 69888K,   0% used [0x00007f4f5ac80000, 0x00007f4f5ac80000, 0x00007f4f5f0c0000)
 tenured generation   total 1398144K, used 1397108K [0x00007f5489b50000, 0x00007f54df0b0000, 0x00007f5f34600000)
   the space 1398144K,  99% used [0x00007f5489b50000, 0x00007f54defad320, 0x00007f54defad400, 0x00007f54df0b0000)
 Metaspace       used 24297K, capacity 24699K, committed 24832K, reserved 26624K
}
Event: 518.710 GC heap before
{Heap before GC invocations=2289 (full 1):
 def new generation   total 629248K, used 568525K [0x00007f4f34600000, 0x00007f4f5f0c0000, 0x00007f5489b50000)
  eden space 559360K, 100% used [0x00007f4f34600000, 0x00007f4f56840000, 0x00007f4f56840000)
  from space 69888K,  13% used [0x00007f4f56840000, 0x00007f4f57133680, 0x00007f4f5ac80000)
  to   space 69888K,   0% used [0x00007f4f5ac80000, 0x00007f4f5ac80000, 0x00007f4f5f0c0000)
 tenured generation   total 1398144K, used 1397108K [0x00007f5489b50000, 0x00007f54df0b0000, 0x00007f5f34600000)
   the space 1398144K,  99% used [0x00007f5489b50000, 0x00007f54defad320, 0x00007f54defad400, 0x00007f54df0b0000)
 Metaspace       used 24297K, capacity 24699K, committed 24832K, reserved 26624K
}
Event: 518.717 GC heap after
{Heap after GC invocations=2290 (full 1):
 def new generation   total 629248K, used 9212K [0x00007f4f34600000, 0x00007f4f5f0c0000, 0x00007f5489b50000)
  eden space 559360K,   0% used [0x00007f4f34600000, 0x00007f4f34600000, 0x00007f4f56840000)
  from space 69888K,  13% used [0x00007f4f5ac80000, 0x00007f4f5b57f068, 0x00007f4f5f0c0000)
  to   space 69888K,   0% used [0x00007f4f56840000, 0x00007f4f56840000, 0x00007f4f5ac80000)
 tenured generation   total 1398144K, used 1397680K [0x00007f5489b50000, 0x00007f54df0b0000, 0x00007f5f34600000)
   the space 1398144K,  99% used [0x00007f5489b50000, 0x00007f54df03c030, 0x00007f54df03c200, 0x00007f54df0b0000)
 Metaspace       used 24297K, capacity 24699K, committed 24832K, reserved 26624K
}
Event: 518.929 GC heap before
{Heap before GC invocations=2290 (full 1):
 def new generation   total 629248K, used 568542K [0x00007f4f34600000, 0x00007f4f5f0c0000, 0x00007f5489b50000)
  eden space 559360K,  99% used [0x00007f4f34600000, 0x00007f4f568389e0, 0x00007f4f56840000)
  from space 69888K,  13% used [0x00007f4f5ac80000, 0x00007f4f5b57f068, 0x00007f4f5f0c0000)
  to   space 69888K,   0% used [0x00007f4f56840000, 0x00007f4f56840000, 0x00007f4f5ac80000)
 tenured generation   total 1398144K, used 1397680K [0x00007f5489b50000, 0x00007f54df0b0000, 0x00007f5f34600000)
   the space 1398144K,  99% used [0x00007f5489b50000, 0x00007f54df03c030, 0x00007f54df03c200, 0x00007f54df0b0000)
 Metaspace       used 24297K, capacity 24699K, committed 24832K, reserved 26624K
}
Event: 518.935 GC heap after
{Heap after GC invocations=2291 (full 1):
 def new generation   total 629248K, used 9252K [0x00007f4f34600000, 0x00007f4f5f0c0000, 0x00007f5489b50000)
  eden space 559360K,   0% used [0x00007f4f34600000, 0x00007f4f34600000, 0x00007f4f56840000)
  from space 69888K,  13% used [0x00007f4f56840000, 0x00007f4f57149278, 0x00007f4f5ac80000)
  to   space 69888K,   0% used [0x00007f4f5ac80000, 0x00007f4f5ac80000, 0x00007f4f5f0c0000)
 tenured generation   total 1398336K, used 1398298K [0x00007f5489b50000, 0x00007f54df0e0000, 0x00007f5f34600000)
   the space 1398336K,  99% used [0x00007f5489b50000, 0x00007f54df0d69d8, 0x00007f54df0d6a00, 0x00007f54df0e0000)
 Metaspace       used 24297K, capacity 24699K, committed 24832K, reserved 26624K
}
Event: 518.935 GC heap before
{Heap before GC invocations=2291 (full 1):
 def new generation   total 629248K, used 9252K [0x00007f4f34600000, 0x00007f4f5f0c0000, 0x00007f5489b50000)
  eden space 559360K,   0% used [0x00007f4f34600000, 0x00007f4f34600000, 0x00007f4f56840000)
  from space 69888K,  13% used [0x00007f4f56840000, 0x00007f4f57149278, 0x00007f4f5ac80000)
  to   space 69888K,   0% used [0x00007f4f5ac80000, 0x00007f4f5ac80000, 0x00007f4f5f0c0000)
 tenured generation   total 1398336K, used 1398298K [0x00007f5489b50000, 0x00007f54df0e0000, 0x00007f5f34600000)
   the space 1398336K,  99% used [0x00007f5489b50000, 0x00007f54df0d69d8, 0x00007f54df0d6a00, 0x00007f54df0e0000)
 Metaspace       used 24297K, capacity 24699K, committed 24832K, reserved 26624K
}

