# JRE version: OpenJDK Runtime Environment (13.0.7+5) (build 13.0.7+5-Ubuntu-0ubuntu120.04)
# Java VM: OpenJDK 64-Bit Server VM (13.0.7+5-Ubuntu-0ubuntu120.04, mixed mode, tiered, serial gc, linux-amd64)
Heap:
 def new generation   total 1603520K, used 1112241K [0x00007fbee4600000, 0x00007fbf511e0000, 0x00007fc439b50000)
  eden space 1425408K,  75% used [0x00007fbee4600000, 0x00007fbf2615d9e8, 0x00007fbf3b600000)
  from space 178112K,  20% used [0x00007fbf3b600000, 0x00007fbf3d8cedc0, 0x00007fbf463f0000)
  to   space 178112K,   0% used [0x00007fbf463f0000, 0x00007fbf463f1e28, 0x00007fbf511e0000)
 tenured generation   total 3563220K, used 3186506K [0x00007fc439b50000, 0x00007fc513305000, 0x00007fcee4600000)
   the space 3563220K,  89% used [0x00007fc439b50000, 0x00007fc4fc322988, 0x00007fc4fc322a00, 0x00007fc513305000)
 Metaspace       used 24323K, capacity 24770K, committed 24832K, reserved 26624K
GC Heap History (20 events):
Event: 3184.152 GC heap after
{Heap after GC invocations=1207 (full 395):
 def new generation   total 1603392K, used 35663K [0x00007fbee4600000, 0x00007fbf511c0000, 0x00007fc439b50000)
  eden space 1425280K,   0% used [0x00007fbee4600000, 0x00007fbee4600000, 0x00007fbf3b5e0000)
  from space 178112K,  20% used [0x00007fbf463d0000, 0x00007fbf486a3e48, 0x00007fbf511c0000)
  to   space 178112K,   0% used [0x00007fbf3b5e0000, 0x00007fbf3b5e0000, 0x00007fbf463d0000)
 tenured generation   total 3562972K, used 2137781K [0x00007fc439b50000, 0x00007fc5132c7000, 0x00007fcee4600000)
   the space 3562972K,  59% used [0x00007fc439b50000, 0x00007fc4bc2fd5b0, 0x00007fc4bc2fd600, 0x00007fc5132c7000)
 Metaspace       used 24323K, capacity 24770K, committed 24832K, reserved 26624K
}
Event: 3185.492 GC heap before
{Heap before GC invocations=1207 (full 395):
 def new generation   total 1603392K, used 1286493K [0x00007fbee4600000, 0x00007fbf511c0000, 0x00007fc439b50000)
  eden space 1425280K,  87% used [0x00007fbee4600000, 0x00007fbf30b83648, 0x00007fbf3b5e0000)
  from space 178112K,  20% used [0x00007fbf463d0000, 0x00007fbf486a3e48, 0x00007fbf511c0000)
  to   space 178112K,   0% used [0x00007fbf3b5e0000, 0x00007fbf3b5e0000, 0x00007fbf463d0000)
 tenured generation   total 3562972K, used 2137781K [0x00007fc439b50000, 0x00007fc5132c7000, 0x00007fcee4600000)
   the space 3562972K,  59% used [0x00007fc439b50000, 0x00007fc4bc2fd5b0, 0x00007fc4bc2fd600, 0x00007fc5132c7000)
 Metaspace       used 24323K, capacity 24770K, committed 24832K, reserved 26624K
}
Event: 3186.082 GC heap after
{Heap after GC invocations=1208 (full 395):
 def new generation   total 1603392K, used 35643K [0x00007fbee4600000, 0x00007fbf511c0000, 0x00007fc439b50000)
  eden space 1425280K,   0% used [0x00007fbee4600000, 0x00007fbee4600000, 0x00007fbf3b5e0000)
  from space 178112K,  20% used [0x00007fbf3b5e0000, 0x00007fbf3d8aedc0, 0x00007fbf463d0000)
  to   space 178112K,   0% used [0x00007fbf463d0000, 0x00007fbf463d0000, 0x00007fbf511c0000)
 tenured generation   total 3562972K, used 3186357K [0x00007fc439b50000, 0x00007fc5132c7000, 0x00007fcee4600000)
   the space 3562972K,  89% used [0x00007fc439b50000, 0x00007fc4fc2fd5c8, 0x00007fc4fc2fd600, 0x00007fc5132c7000)
 Metaspace       used 24323K, capacity 24770K, committed 24832K, reserved 26624K
}
Event: 3186.993 GC heap before
{Heap before GC invocations=1208 (full 395):
 def new generation   total 1603392K, used 1112243K [0x00007fbee4600000, 0x00007fbf511c0000, 0x00007fc439b50000)
  eden space 1425280K,  75% used [0x00007fbee4600000, 0x00007fbf2615e070, 0x00007fbf3b5e0000)
  from space 178112K,  20% used [0x00007fbf3b5e0000, 0x00007fbf3d8aedc0, 0x00007fbf463d0000)
  to   space 178112K,   0% used [0x00007fbf463d0000, 0x00007fbf463d0000, 0x00007fbf511c0000)
 tenured generation   total 3562972K, used 3186357K [0x00007fc439b50000, 0x00007fc5132c7000, 0x00007fcee4600000)
   the space 3562972K,  89% used [0x00007fc439b50000, 0x00007fc4fc2fd5c8, 0x00007fc4fc2fd600, 0x00007fc5132c7000)
 Metaspace       used 24323K, capacity 24770K, committed 24832K, reserved 26624K
}
Event: 3188.023 GC heap after
{Heap after GC invocations=1209 (full 395):
 def new generation   total 1603392K, used 35644K [0x00007fbee4600000, 0x00007fbf511c0000, 0x00007fc439b50000)
  eden space 1425280K,   0% used [0x00007fbee4600000, 0x00007fbee4600000, 0x00007fbf3b5e0000)
  from space 178112K,  20% used [0x00007fbf463d0000, 0x00007fbf4869f038, 0x00007fbf511c0000)
  to   space 178112K,   0% used [0x00007fbf3b5e0000, 0x00007fbf3b5e0000, 0x00007fbf463d0000)
 tenured generation   total 4611552K, used 4234933K [0x00007fc439b50000, 0x00007fc5532c8000, 0x00007fcee4600000)
   the space 4611552K,  91% used [0x00007fc439b50000, 0x00007fc53c2fd5e0, 0x00007fc53c2fd600, 0x00007fc5532c8000)
 Metaspace       used 24323K, capacity 24770K, committed 24832K, reserved 26624K
}
Event: 3188.023 GC heap before
{Heap before GC invocations=1209 (full 395):
 def new generation   total 1603392K, used 35644K [0x00007fbee4600000, 0x00007fbf511c0000, 0x00007fc439b50000)
  eden space 1425280K,   0% used [0x00007fbee4600000, 0x00007fbee4600000, 0x00007fbf3b5e0000)
  from space 178112K,  20% used [0x00007fbf463d0000, 0x00007fbf4869f038, 0x00007fbf511c0000)
  to   space 178112K,   0% used [0x00007fbf3b5e0000, 0x00007fbf3b5e0000, 0x00007fbf463d0000)
 tenured generation   total 4611552K, used 4234933K [0x00007fc439b50000, 0x00007fc5532c8000, 0x00007fcee4600000)
   the space 4611552K,  91% used [0x00007fc439b50000, 0x00007fc53c2fd5e0, 0x00007fc53c2fd600, 0x00007fc5532c8000)
 Metaspace       used 24323K, capacity 24770K, committed 24832K, reserved 26624K
}
Event: 3189.626 GC heap after
{Heap after GC invocations=1209 (full 396):
 def new generation   total 1603456K, used 0K [0x00007fbee4600000, 0x00007fbf511d0000, 0x00007fc439b50000)
  eden space 1425344K,   0% used [0x00007fbee4600000, 0x00007fbee4600000, 0x00007fbf3b5f0000)
  from space 178112K,   0% used [0x00007fbf3b5f0000, 0x00007fbf3b5f0000, 0x00007fbf463e0000)
  to   space 178112K,   0% used [0x00007fbf463e0000, 0x00007fbf463e0000, 0x00007fbf511d0000)
 tenured generation   total 3563092K, used 2137853K [0x00007fc439b50000, 0x00007fc5132e5000, 0x00007fcee4600000)
   the space 3563092K,  59% used [0x00007fc439b50000, 0x00007fc4bc30f790, 0x00007fc4bc30f800, 0x00007fc5132e5000)
 Metaspace       used 24323K, capacity 24770K, committed 24832K, reserved 26624K
}
Event: 3191.986 GC heap before
{Heap before GC invocations=1209 (full 396):
 def new generation   total 1603456K, used 1425344K [0x00007fbee4600000, 0x00007fbf511d0000, 0x00007fc439b50000)
  eden space 1425344K, 100% used [0x00007fbee4600000, 0x00007fbf3b5f0000, 0x00007fbf3b5f0000)
  from space 178112K,   0% used [0x00007fbf3b5f0000, 0x00007fbf3b5f0000, 0x00007fbf463e0000)
  to   space 178112K,   0% used [0x00007fbf463e0000, 0x00007fbf463e0000, 0x00007fbf511d0000)
 tenured generation   total 3563092K, used 2137853K [0x00007fc439b50000, 0x00007fc5132e5000, 0x00007fcee4600000)
   the space 3563092K,  59% used [0x00007fc439b50000, 0x00007fc4bc30f790, 0x00007fc4bc30f800, 0x00007fc5132e5000)
 Metaspace       used 24323K, capacity 24770K, committed 24832K, reserved 26624K
}
Event: 3192.010 GC heap after
{Heap after GC invocations=1210 (full 396):
 def new generation   total 1603456K, used 35658K [0x00007fbee4600000, 0x00007fbf511d0000, 0x00007fc439b50000)
  eden space 1425344K,   0% used [0x00007fbee4600000, 0x00007fbee4600000, 0x00007fbf3b5f0000)
  from space 178112K,  20% used [0x00007fbf463e0000, 0x00007fbf486b28b0, 0x00007fbf511d0000)
  to   space 178112K,   0% used [0x00007fbf3b5f0000, 0x00007fbf3b5f0000, 0x00007fbf463e0000)
 tenured generation   total 3563092K, used 2137853K [0x00007fc439b50000, 0x00007fc5132e5000, 0x00007fcee4600000)
   the space 3563092K,  59% used [0x00007fc439b50000, 0x00007fc4bc30f790, 0x00007fc4bc30f800, 0x00007fc5132e5000)
 Metaspace       used 24323K, capacity 24770K, committed 24832K, reserved 26624K
}
Event: 3193.209 GC heap before
{Heap before GC invocations=1210 (full 396):
 def new generation   total 1603456K, used 1286469K [0x00007fbee4600000, 0x00007fbf511d0000, 0x00007fc439b50000)
  eden space 1425344K,  87% used [0x00007fbee4600000, 0x00007fbf30b7eec8, 0x00007fbf3b5f0000)
  from space 178112K,  20% used [0x00007fbf463e0000, 0x00007fbf486b28b0, 0x00007fbf511d0000)
  to   space 178112K,   0% used [0x00007fbf3b5f0000, 0x00007fbf3b5f0000, 0x00007fbf463e0000)
 tenured generation   total 3563092K, used 2137853K [0x00007fc439b50000, 0x00007fc5132e5000, 0x00007fcee4600000)
   the space 3563092K,  59% used [0x00007fc439b50000, 0x00007fc4bc30f790, 0x00007fc4bc30f800, 0x00007fc5132e5000)
 Metaspace       used 24323K, capacity 24770K, committed 24832K, reserved 26624K
}
Event: 3193.847 GC heap after
{Heap after GC invocations=1211 (full 396):
 def new generation   total 1603456K, used 35643K [0x00007fbee4600000, 0x00007fbf511d0000, 0x00007fc439b50000)
  eden space 1425344K,   0% used [0x00007fbee4600000, 0x00007fbee4600000, 0x00007fbf3b5f0000)
  from space 178112K,  20% used [0x00007fbf3b5f0000, 0x00007fbf3d8bedc0, 0x00007fbf463e0000)
  to   space 178112K,   0% used [0x00007fbf463e0000, 0x00007fbf463e0000, 0x00007fbf511d0000)
 tenured generation   total 3563092K, used 3186429K [0x00007fc439b50000, 0x00007fc5132e5000, 0x00007fcee4600000)
   the space 3563092K,  89% used [0x00007fc439b50000, 0x00007fc4fc30f7a8, 0x00007fc4fc30f800, 0x00007fc5132e5000)
 Metaspace       used 24323K, capacity 24770K, committed 24832K, reserved 26624K
}
Event: 3194.796 GC heap before
{Heap before GC invocations=1211 (full 396):
 def new generation   total 1603456K, used 1112241K [0x00007fbee4600000, 0x00007fbf511d0000, 0x00007fc439b50000)
  eden space 1425344K,  75% used [0x00007fbee4600000, 0x00007fbf2615da08, 0x00007fbf3b5f0000)
  from space 178112K,  20% used [0x00007fbf3b5f0000, 0x00007fbf3d8bedc0, 0x00007fbf463e0000)
  to   space 178112K,   0% used [0x00007fbf463e0000, 0x00007fbf463e0000, 0x00007fbf511d0000)
 tenured generation   total 3563092K, used 3186429K [0x00007fc439b50000, 0x00007fc5132e5000, 0x00007fcee4600000)
   the space 3563092K,  89% used [0x00007fc439b50000, 0x00007fc4fc30f7a8, 0x00007fc4fc30f800, 0x00007fc5132e5000)
 Metaspace       used 24323K, capacity 24770K, committed 24832K, reserved 26624K
}
Event: 3196.219 GC heap after
{Heap after GC invocations=1212 (full 396):
 def new generation   total 1603456K, used 35644K [0x00007fbee4600000, 0x00007fbf511d0000, 0x00007fc439b50000)
  eden space 1425344K,   0% used [0x00007fbee4600000, 0x00007fbee4600000, 0x00007fbf3b5f0000)
  from space 178112K,  20% used [0x00007fbf463e0000, 0x00007fbf486af038, 0x00007fbf511d0000)
  to   space 178112K,   0% used [0x00007fbf3b5f0000, 0x00007fbf3b5f0000, 0x00007fbf463e0000)
 tenured generation   total 4611672K, used 4235005K [0x00007fc439b50000, 0x00007fc5532e6000, 0x00007fcee4600000)
   the space 4611672K,  91% used [0x00007fc439b50000, 0x00007fc53c30f7c0, 0x00007fc53c30f800, 0x00007fc5532e6000)
 Metaspace       used 24323K, capacity 24770K, committed 24832K, reserved 26624K
}
Event: 3196.219 GC heap before
{Heap before GC invocations=1212 (full 396):
 def new generation   total 1603456K, used 35644K [0x00007fbee4600000, 0x00007fbf511d0000, 0x00007fc439b50000)
  eden space 1425344K,   0% used [0x00007fbee4600000, 0x00007fbee4600000, 0x00007fbf3b5f0000)
  from space 178112K,  20% used [0x00007fbf463e0000, 0x00007fbf486af038, 0x00007fbf511d0000)
  to   space 178112K,   0% used [0x00007fbf3b5f0000, 0x00007fbf3b5f0000, 0x00007fbf463e0000)
 tenured generation   total 4611672K, used 4235005K [0x00007fc439b50000, 0x00007fc5532e6000, 0x00007fcee4600000)
   the space 4611672K,  91% used [0x00007fc439b50000, 0x00007fc53c30f7c0, 0x00007fc53c30f800, 0x00007fc5532e6000)
 Metaspace       used 24323K, capacity 24770K, committed 24832K, reserved 26624K
}
Event: 3197.442 GC heap after
{Heap after GC invocations=1212 (full 397):
 def new generation   total 1603520K, used 0K [0x00007fbee4600000, 0x00007fbf511e0000, 0x00007fc439b50000)
  eden space 1425408K,   0% used [0x00007fbee4600000, 0x00007fbee4600000, 0x00007fbf3b600000)
  from space 178112K,   0% used [0x00007fbf3b600000, 0x00007fbf3b600000, 0x00007fbf463f0000)
  to   space 178112K,   0% used [0x00007fbf463f0000, 0x00007fbf463f0000, 0x00007fbf511e0000)
 tenured generation   total 3563220K, used 2137930K [0x00007fc439b50000, 0x00007fc513305000, 0x00007fcee4600000)
   the space 3563220K,  59% used [0x00007fc439b50000, 0x00007fc4bc322970, 0x00007fc4bc322a00, 0x00007fc513305000)
 Metaspace       used 24323K, capacity 24770K, committed 24832K, reserved 26624K
}
Event: 3200.089 GC heap before
{Heap before GC invocations=1212 (full 397):
 def new generation   total 1603520K, used 1425408K [0x00007fbee4600000, 0x00007fbf511e0000, 0x00007fc439b50000)
  eden space 1425408K, 100% used [0x00007fbee4600000, 0x00007fbf3b600000, 0x00007fbf3b600000)
  from space 178112K,   0% used [0x00007fbf3b600000, 0x00007fbf3b600000, 0x00007fbf463f0000)
  to   space 178112K,   0% used [0x00007fbf463f0000, 0x00007fbf463f0000, 0x00007fbf511e0000)
 tenured generation   total 3563220K, used 2137930K [0x00007fc439b50000, 0x00007fc513305000, 0x00007fcee4600000)
   the space 3563220K,  59% used [0x00007fc439b50000, 0x00007fc4bc322970, 0x00007fc4bc322a00, 0x00007fc513305000)
 Metaspace       used 24323K, capacity 24770K, committed 24832K, reserved 26624K
}
Event: 3200.110 GC heap after
{Heap after GC invocations=1213 (full 397):
 def new generation   total 1603520K, used 35664K [0x00007fbee4600000, 0x00007fbf511e0000, 0x00007fc439b50000)
  eden space 1425408K,   0% used [0x00007fbee4600000, 0x00007fbee4600000, 0x00007fbf3b600000)
  from space 178112K,  20% used [0x00007fbf463f0000, 0x00007fbf486c4240, 0x00007fbf511e0000)
  to   space 178112K,   0% used [0x00007fbf3b600000, 0x00007fbf3b600000, 0x00007fbf463f0000)
 tenured generation   total 3563220K, used 2137930K [0x00007fc439b50000, 0x00007fc513305000, 0x00007fcee4600000)
   the space 3563220K,  59% used [0x00007fc439b50000, 0x00007fc4bc322970, 0x00007fc4bc322a00, 0x00007fc513305000)
 Metaspace       used 24323K, capacity 24770K, committed 24832K, reserved 26624K
}
Event: 3201.314 GC heap before
{Heap before GC invocations=1213 (full 397):
 def new generation   total 1603520K, used 1286476K [0x00007fbee4600000, 0x00007fbf511e0000, 0x00007fc439b50000)
  eden space 1425408K,  87% used [0x00007fbee4600000, 0x00007fbf30b7f070, 0x00007fbf3b600000)
  from space 178112K,  20% used [0x00007fbf463f0000, 0x00007fbf486c4240, 0x00007fbf511e0000)
  to   space 178112K,   0% used [0x00007fbf3b600000, 0x00007fbf3b600000, 0x00007fbf463f0000)
 tenured generation   total 3563220K, used 2137930K [0x00007fc439b50000, 0x00007fc513305000, 0x00007fcee4600000)
   the space 3563220K,  59% used [0x00007fc439b50000, 0x00007fc4bc322970, 0x00007fc4bc322a00, 0x00007fc513305000)
 Metaspace       used 24323K, capacity 24770K, committed 24832K, reserved 26624K
}
Event: 3201.879 GC heap after
{Heap after GC invocations=1214 (full 397):
 def new generation   total 1603520K, used 35643K [0x00007fbee4600000, 0x00007fbf511e0000, 0x00007fc439b50000)
  eden space 1425408K,   0% used [0x00007fbee4600000, 0x00007fbee4600000, 0x00007fbf3b600000)
  from space 178112K,  20% used [0x00007fbf3b600000, 0x00007fbf3d8cedc0, 0x00007fbf463f0000)
  to   space 178112K,   0% used [0x00007fbf463f0000, 0x00007fbf463f0000, 0x00007fbf511e0000)
 tenured generation   total 3563220K, used 3186506K [0x00007fc439b50000, 0x00007fc513305000, 0x00007fcee4600000)
   the space 3563220K,  89% used [0x00007fc439b50000, 0x00007fc4fc322988, 0x00007fc4fc322a00, 0x00007fc513305000)
 Metaspace       used 24323K, capacity 24770K, committed 24832K, reserved 26624K
}
Event: 3202.782 GC heap before
{Heap before GC invocations=1214 (full 397):
 def new generation   total 1603520K, used 1112241K [0x00007fbee4600000, 0x00007fbf511e0000, 0x00007fc439b50000)
  eden space 1425408K,  75% used [0x00007fbee4600000, 0x00007fbf2615d9e8, 0x00007fbf3b600000)
  from space 178112K,  20% used [0x00007fbf3b600000, 0x00007fbf3d8cedc0, 0x00007fbf463f0000)
  to   space 178112K,   0% used [0x00007fbf463f0000, 0x00007fbf463f0000, 0x00007fbf511e0000)
 tenured generation   total 3563220K, used 3186506K [0x00007fc439b50000, 0x00007fc513305000, 0x00007fcee4600000)
   the space 3563220K,  89% used [0x00007fc439b50000, 0x00007fc4fc322988, 0x00007fc4fc322a00, 0x00007fc513305000)
 Metaspace       used 24323K, capacity 24770K, committed 24832K, reserved 26624K
}

