# JRE version: OpenJDK Runtime Environment (13.0.7+5) (build 13.0.7+5-Ubuntu-0ubuntu120.04)
# Java VM: OpenJDK 64-Bit Server VM (13.0.7+5-Ubuntu-0ubuntu120.04, mixed mode, tiered, serial gc, linux-amd64)
Heap:
 def new generation   total 5406208K, used 0K [0x00007f6e60600000, 0x00007f6fcf010000, 0x00007f73b5b50000)
  eden space 4805568K,   0% used [0x00007f6e60600000, 0x00007f6e60600000, 0x00007f6f85af0000)
  from space 600640K,   0% used [0x00007f6faa580000, 0x00007f6faa580000, 0x00007f6fcf010000)
  to   space 600640K,   0% used [0x00007f6f85af0000, 0x00007f6f85af0000, 0x00007f6faa580000)
 tenured generation   total 12410724K, used 11706161K [0x00007f73b5b50000, 0x00007f76ab329000, 0x00007f7e60600000)
   the space 12410724K,  94% used [0x00007f73b5b50000, 0x00007f768031c488, 0x00007f768031c600, 0x00007f76ab329000)
 Metaspace       used 30649K, capacity 31064K, committed 31232K, reserved 32768K
GC Heap History (20 events):
Event: 454.795 GC heap after
{Heap after GC invocations=59 (full 6):
 def new generation   total 5406208K, used 497996K [0x00007f6e60600000, 0x00007f6fcf010000, 0x00007f73b5b50000)
  eden space 4805568K,   0% used [0x00007f6e60600000, 0x00007f6e60600000, 0x00007f6f85af0000)
  from space 600640K,  82% used [0x00007f6f85af0000, 0x00007f6fa4143038, 0x00007f6faa580000)
  to   space 600640K,   0% used [0x00007f6faa580000, 0x00007f6faa580000, 0x00007f6fcf010000)
 tenured generation   total 12013668K, used 7747349K [0x00007f73b5b50000, 0x00007f7692f69000, 0x00007f7e60600000)
   the space 12013668K,  64% used [0x00007f73b5b50000, 0x00007f758e9154a0, 0x00007f758e915600, 0x00007f7692f69000)
 Metaspace       used 30649K, capacity 31064K, committed 31232K, reserved 32768K
}
Event: 456.141 GC heap before
{Heap before GC invocations=59 (full 6):
 def new generation   total 5406208K, used 5303564K [0x00007f6e60600000, 0x00007f6fcf010000, 0x00007f73b5b50000)
  eden space 4805568K, 100% used [0x00007f6e60600000, 0x00007f6f85af0000, 0x00007f6f85af0000)
  from space 600640K,  82% used [0x00007f6f85af0000, 0x00007f6fa4143038, 0x00007f6faa580000)
  to   space 600640K,   0% used [0x00007f6faa580000, 0x00007f6faa580000, 0x00007f6fcf010000)
 tenured generation   total 12013668K, used 7747349K [0x00007f73b5b50000, 0x00007f7692f69000, 0x00007f7e60600000)
   the space 12013668K,  64% used [0x00007f73b5b50000, 0x00007f758e9154a0, 0x00007f758e915600, 0x00007f7692f69000)
 Metaspace       used 30649K, capacity 31064K, committed 31232K, reserved 32768K
}
Event: 457.438 GC heap after
{Heap after GC invocations=60 (full 6):
 def new generation   total 5406208K, used 500649K [0x00007f6e60600000, 0x00007f6fcf010000, 0x00007f73b5b50000)
  eden space 4805568K,   0% used [0x00007f6e60600000, 0x00007f6e60600000, 0x00007f6f85af0000)
  from space 600640K,  83% used [0x00007f6faa580000, 0x00007f6fc8e6a728, 0x00007f6fcf010000)
  to   space 600640K,   0% used [0x00007f6f85af0000, 0x00007f6f85af0000, 0x00007f6faa580000)
 tenured generation   total 12013668K, used 8245345K [0x00007f73b5b50000, 0x00007f7692f69000, 0x00007f7e60600000)
   the space 12013668K,  68% used [0x00007f73b5b50000, 0x00007f75acf68498, 0x00007f75acf68600, 0x00007f7692f69000)
 Metaspace       used 30649K, capacity 31064K, committed 31232K, reserved 32768K
}
Event: 458.818 GC heap before
{Heap before GC invocations=60 (full 6):
 def new generation   total 5406208K, used 5306217K [0x00007f6e60600000, 0x00007f6fcf010000, 0x00007f73b5b50000)
  eden space 4805568K, 100% used [0x00007f6e60600000, 0x00007f6f85af0000, 0x00007f6f85af0000)
  from space 600640K,  83% used [0x00007f6faa580000, 0x00007f6fc8e6a728, 0x00007f6fcf010000)
  to   space 600640K,   0% used [0x00007f6f85af0000, 0x00007f6f85af0000, 0x00007f6faa580000)
 tenured generation   total 12013668K, used 8245345K [0x00007f73b5b50000, 0x00007f7692f69000, 0x00007f7e60600000)
   the space 12013668K,  68% used [0x00007f73b5b50000, 0x00007f75acf68498, 0x00007f75acf68600, 0x00007f7692f69000)
 Metaspace       used 30649K, capacity 31064K, committed 31232K, reserved 32768K
}
Event: 460.149 GC heap after
{Heap after GC invocations=61 (full 6):
 def new generation   total 5406208K, used 519734K [0x00007f6e60600000, 0x00007f6fcf010000, 0x00007f73b5b50000)
  eden space 4805568K,   0% used [0x00007f6e60600000, 0x00007f6e60600000, 0x00007f6f85af0000)
  from space 600640K,  86% used [0x00007f6f85af0000, 0x00007f6fa567d8e0, 0x00007f6faa580000)
  to   space 600640K,   0% used [0x00007f6faa580000, 0x00007f6faa580000, 0x00007f6fcf010000)
 tenured generation   total 12013668K, used 8745994K [0x00007f73b5b50000, 0x00007f7692f69000, 0x00007f7e60600000)
   the space 12013668K,  72% used [0x00007f73b5b50000, 0x00007f75cb852b00, 0x00007f75cb852c00, 0x00007f7692f69000)
 Metaspace       used 30649K, capacity 31064K, committed 31232K, reserved 32768K
}
Event: 461.549 GC heap before
{Heap before GC invocations=61 (full 6):
 def new generation   total 5406208K, used 5325302K [0x00007f6e60600000, 0x00007f6fcf010000, 0x00007f73b5b50000)
  eden space 4805568K, 100% used [0x00007f6e60600000, 0x00007f6f85af0000, 0x00007f6f85af0000)
  from space 600640K,  86% used [0x00007f6f85af0000, 0x00007f6fa567d8e0, 0x00007f6faa580000)
  to   space 600640K,   0% used [0x00007f6faa580000, 0x00007f6faa580000, 0x00007f6fcf010000)
 tenured generation   total 12013668K, used 8745994K [0x00007f73b5b50000, 0x00007f7692f69000, 0x00007f7e60600000)
   the space 12013668K,  72% used [0x00007f73b5b50000, 0x00007f75cb852b00, 0x00007f75cb852c00, 0x00007f7692f69000)
 Metaspace       used 30649K, capacity 31064K, committed 31232K, reserved 32768K
}
Event: 462.871 GC heap after
{Heap after GC invocations=62 (full 6):
 def new generation   total 5406208K, used 522603K [0x00007f6e60600000, 0x00007f6fcf010000, 0x00007f73b5b50000)
  eden space 4805568K,   0% used [0x00007f6e60600000, 0x00007f6e60600000, 0x00007f6f85af0000)
  from space 600640K,  87% used [0x00007f6faa580000, 0x00007f6fca3dafe0, 0x00007f6fcf010000)
  to   space 600640K,   0% used [0x00007f6f85af0000, 0x00007f6f85af0000, 0x00007f6faa580000)
 tenured generation   total 12013668K, used 9265728K [0x00007f73b5b50000, 0x00007f7692f69000, 0x00007f7e60600000)
   the space 12013668K,  77% used [0x00007f73b5b50000, 0x00007f75eb3e0370, 0x00007f75eb3e0400, 0x00007f7692f69000)
 Metaspace       used 30649K, capacity 31064K, committed 31232K, reserved 32768K
}
Event: 464.237 GC heap before
{Heap before GC invocations=62 (full 6):
 def new generation   total 5406208K, used 5328171K [0x00007f6e60600000, 0x00007f6fcf010000, 0x00007f73b5b50000)
  eden space 4805568K, 100% used [0x00007f6e60600000, 0x00007f6f85af0000, 0x00007f6f85af0000)
  from space 600640K,  87% used [0x00007f6faa580000, 0x00007f6fca3dafe0, 0x00007f6fcf010000)
  to   space 600640K,   0% used [0x00007f6f85af0000, 0x00007f6f85af0000, 0x00007f6faa580000)
 tenured generation   total 12013668K, used 9265728K [0x00007f73b5b50000, 0x00007f7692f69000, 0x00007f7e60600000)
   the space 12013668K,  77% used [0x00007f73b5b50000, 0x00007f75eb3e0370, 0x00007f75eb3e0400, 0x00007f7692f69000)
 Metaspace       used 30649K, capacity 31064K, committed 31232K, reserved 32768K
}
Event: 465.569 GC heap after
{Heap after GC invocations=63 (full 6):
 def new generation   total 5406208K, used 524460K [0x00007f6e60600000, 0x00007f6fcf010000, 0x00007f73b5b50000)
  eden space 4805568K,   0% used [0x00007f6e60600000, 0x00007f6e60600000, 0x00007f6f85af0000)
  from space 600640K,  87% used [0x00007f6f85af0000, 0x00007f6fa5b1b1e8, 0x00007f6faa580000)
  to   space 600640K,   0% used [0x00007f6faa580000, 0x00007f6faa580000, 0x00007f6fcf010000)
 tenured generation   total 12013668K, used 9788332K [0x00007f73b5b50000, 0x00007f7692f69000, 0x00007f7e60600000)
   the space 12013668K,  81% used [0x00007f73b5b50000, 0x00007f760b23b1f0, 0x00007f760b23b200, 0x00007f7692f69000)
 Metaspace       used 30649K, capacity 31064K, committed 31232K, reserved 32768K
}
Event: 466.911 GC heap before
{Heap before GC invocations=63 (full 6):
 def new generation   total 5406208K, used 5330028K [0x00007f6e60600000, 0x00007f6fcf010000, 0x00007f73b5b50000)
  eden space 4805568K, 100% used [0x00007f6e60600000, 0x00007f6f85af0000, 0x00007f6f85af0000)
  from space 600640K,  87% used [0x00007f6f85af0000, 0x00007f6fa5b1b1e8, 0x00007f6faa580000)
  to   space 600640K,   0% used [0x00007f6faa580000, 0x00007f6faa580000, 0x00007f6fcf010000)
 tenured generation   total 12013668K, used 9788332K [0x00007f73b5b50000, 0x00007f7692f69000, 0x00007f7e60600000)
   the space 12013668K,  81% used [0x00007f73b5b50000, 0x00007f760b23b1f0, 0x00007f760b23b200, 0x00007f7692f69000)
 Metaspace       used 30649K, capacity 31064K, committed 31232K, reserved 32768K
}
Event: 468.304 GC heap after
{Heap after GC invocations=64 (full 6):
 def new generation   total 5406208K, used 524197K [0x00007f6e60600000, 0x00007f6fcf010000, 0x00007f73b5b50000)
  eden space 4805568K,   0% used [0x00007f6e60600000, 0x00007f6e60600000, 0x00007f6f85af0000)
  from space 600640K,  87% used [0x00007f6faa580000, 0x00007f6fca569510, 0x00007f6fcf010000)
  to   space 600640K,   0% used [0x00007f6f85af0000, 0x00007f6f85af0000, 0x00007f6faa580000)
 tenured generation   total 12013668K, used 10312792K [0x00007f73b5b50000, 0x00007f7692f69000, 0x00007f7e60600000)
   the space 12013668K,  85% used [0x00007f73b5b50000, 0x00007f762b2663d8, 0x00007f762b266400, 0x00007f7692f69000)
 Metaspace       used 30649K, capacity 31064K, committed 31232K, reserved 32768K
}
Event: 469.617 GC heap before
{Heap before GC invocations=64 (full 6):
 def new generation   total 5406208K, used 5329765K [0x00007f6e60600000, 0x00007f6fcf010000, 0x00007f73b5b50000)
  eden space 4805568K, 100% used [0x00007f6e60600000, 0x00007f6f85af0000, 0x00007f6f85af0000)
  from space 600640K,  87% used [0x00007f6faa580000, 0x00007f6fca569510, 0x00007f6fcf010000)
  to   space 600640K,   0% used [0x00007f6f85af0000, 0x00007f6f85af0000, 0x00007f6faa580000)
 tenured generation   total 12013668K, used 10312792K [0x00007f73b5b50000, 0x00007f7692f69000, 0x00007f7e60600000)
   the space 12013668K,  85% used [0x00007f73b5b50000, 0x00007f762b2663d8, 0x00007f762b266400, 0x00007f7692f69000)
 Metaspace       used 30649K, capacity 31064K, committed 31232K, reserved 32768K
}
Event: 471.120 GC heap after
{Heap after GC invocations=65 (full 6):
 def new generation   total 5406208K, used 526291K [0x00007f6e60600000, 0x00007f6fcf010000, 0x00007f73b5b50000)
  eden space 4805568K,   0% used [0x00007f6e60600000, 0x00007f6e60600000, 0x00007f6f85af0000)
  from space 600640K,  87% used [0x00007f6f85af0000, 0x00007f6fa5ce4f30, 0x00007f6faa580000)
  to   space 600640K,   0% used [0x00007f6faa580000, 0x00007f6faa580000, 0x00007f6fcf010000)
 tenured generation   total 12013668K, used 10836989K [0x00007f73b5b50000, 0x00007f7692f69000, 0x00007f7e60600000)
   the space 12013668K,  90% used [0x00007f73b5b50000, 0x00007f764b24f6a8, 0x00007f764b24f800, 0x00007f7692f69000)
 Metaspace       used 30649K, capacity 31064K, committed 31232K, reserved 32768K
}
Event: 472.719 GC heap before
{Heap before GC invocations=65 (full 6):
 def new generation   total 5406208K, used 5331859K [0x00007f6e60600000, 0x00007f6fcf010000, 0x00007f73b5b50000)
  eden space 4805568K, 100% used [0x00007f6e60600000, 0x00007f6f85af0000, 0x00007f6f85af0000)
  from space 600640K,  87% used [0x00007f6f85af0000, 0x00007f6fa5ce4f30, 0x00007f6faa580000)
  to   space 600640K,   0% used [0x00007f6faa580000, 0x00007f6faa580000, 0x00007f6fcf010000)
 tenured generation   total 12013668K, used 10836989K [0x00007f73b5b50000, 0x00007f7692f69000, 0x00007f7e60600000)
   the space 12013668K,  90% used [0x00007f73b5b50000, 0x00007f764b24f6a8, 0x00007f764b24f800, 0x00007f7692f69000)
 Metaspace       used 30649K, capacity 31064K, committed 31232K, reserved 32768K
}
Event: 474.265 GC heap after
{Heap after GC invocations=66 (full 6):
 def new generation   total 5406208K, used 533203K [0x00007f6e60600000, 0x00007f6fcf010000, 0x00007f73b5b50000)
  eden space 4805568K,   0% used [0x00007f6e60600000, 0x00007f6e60600000, 0x00007f6f85af0000)
  from space 600640K,  88% used [0x00007f6faa580000, 0x00007f6fcae34d90, 0x00007f6fcf010000)
  to   space 600640K,   0% used [0x00007f6f85af0000, 0x00007f6f85af0000, 0x00007f6faa580000)
 tenured generation   total 12013668K, used 11363281K [0x00007f73b5b50000, 0x00007f7692f69000, 0x00007f7e60600000)
   the space 12013668K,  94% used [0x00007f73b5b50000, 0x00007f766b4444d8, 0x00007f766b444600, 0x00007f7692f69000)
 Metaspace       used 30649K, capacity 31064K, committed 31232K, reserved 32768K
}
Event: 475.661 GC heap before
{Heap before GC invocations=66 (full 6):
 def new generation   total 5406208K, used 5338771K [0x00007f6e60600000, 0x00007f6fcf010000, 0x00007f73b5b50000)
  eden space 4805568K, 100% used [0x00007f6e60600000, 0x00007f6f85af0000, 0x00007f6f85af0000)
  from space 600640K,  88% used [0x00007f6faa580000, 0x00007f6fcae34d90, 0x00007f6fcf010000)
  to   space 600640K,   0% used [0x00007f6f85af0000, 0x00007f6f85af0000, 0x00007f6faa580000)
 tenured generation   total 12013668K, used 11363281K [0x00007f73b5b50000, 0x00007f7692f69000, 0x00007f7e60600000)
   the space 12013668K,  94% used [0x00007f73b5b50000, 0x00007f766b4444d8, 0x00007f766b444600, 0x00007f7692f69000)
 Metaspace       used 30649K, capacity 31064K, committed 31232K, reserved 32768K
}
Event: 477.160 GC heap after
{Heap after GC invocations=67 (full 6):
 def new generation   total 5406208K, used 514107K [0x00007f6e60600000, 0x00007f6fcf010000, 0x00007f73b5b50000)
  eden space 4805568K,   0% used [0x00007f6e60600000, 0x00007f6e60600000, 0x00007f6f85af0000)
  from space 600640K,  85% used [0x00007f6f85af0000, 0x00007f6fa50fefa8, 0x00007f6faa580000)
  to   space 600640K,   0% used [0x00007f6faa580000, 0x00007f6faa580000, 0x00007f6fcf010000)
 tenured generation   total 12013668K, used 11896484K [0x00007f73b5b50000, 0x00007f7692f69000, 0x00007f7e60600000)
   the space 12013668K,  99% used [0x00007f73b5b50000, 0x00007f768bcf91c8, 0x00007f768bcf9200, 0x00007f7692f69000)
 Metaspace       used 30649K, capacity 31064K, committed 31232K, reserved 32768K
}
Event: 478.523 GC heap before
{Heap before GC invocations=67 (full 6):
 def new generation   total 5406208K, used 5319675K [0x00007f6e60600000, 0x00007f6fcf010000, 0x00007f73b5b50000)
  eden space 4805568K, 100% used [0x00007f6e60600000, 0x00007f6f85af0000, 0x00007f6f85af0000)
  from space 600640K,  85% used [0x00007f6f85af0000, 0x00007f6fa50fefa8, 0x00007f6faa580000)
  to   space 600640K,   0% used [0x00007f6faa580000, 0x00007f6faa580000, 0x00007f6fcf010000)
 tenured generation   total 12013668K, used 11896484K [0x00007f73b5b50000, 0x00007f7692f69000, 0x00007f7e60600000)
   the space 12013668K,  99% used [0x00007f73b5b50000, 0x00007f768bcf91c8, 0x00007f768bcf9200, 0x00007f7692f69000)
 Metaspace       used 30649K, capacity 31064K, committed 31232K, reserved 32768K
}
Event: 483.988 GC heap after
{Heap after GC invocations=68 (full 6):
 def new generation   total 5406208K, used 501833K [0x00007f6e60600000, 0x00007f6fcf010000, 0x00007f73b5b50000)
  eden space 4805568K,   0% used [0x00007f6e60600000, 0x00007f6e60600000, 0x00007f6f85af0000)
  from space 600640K,  83% used [0x00007f6faa580000, 0x00007f6fc8f924d8, 0x00007f6fcf010000)
  to   space 600640K,   0% used [0x00007f6f85af0000, 0x00007f6f85af0000, 0x00007f6faa580000)
 tenured generation   total 12410724K, used 12410591K [0x00007f73b5b50000, 0x00007f76ab329000, 0x00007f7e60600000)
   the space 12410724K,  99% used [0x00007f73b5b50000, 0x00007f76ab307f30, 0x00007f76ab308000, 0x00007f76ab329000)
 Metaspace       used 30649K, capacity 31064K, committed 31232K, reserved 32768K
}
Event: 483.988 GC heap before
{Heap before GC invocations=68 (full 6):
 def new generation   total 5406208K, used 501833K [0x00007f6e60600000, 0x00007f6fcf010000, 0x00007f73b5b50000)
  eden space 4805568K,   0% used [0x00007f6e60600000, 0x00007f6e60600000, 0x00007f6f85af0000)
  from space 600640K,  83% used [0x00007f6faa580000, 0x00007f6fc8f924d8, 0x00007f6fcf010000)
  to   space 600640K,   0% used [0x00007f6f85af0000, 0x00007f6f85af0000, 0x00007f6faa580000)
 tenured generation   total 12410724K, used 12410591K [0x00007f73b5b50000, 0x00007f76ab329000, 0x00007f7e60600000)
   the space 12410724K,  99% used [0x00007f73b5b50000, 0x00007f76ab307f30, 0x00007f76ab308000, 0x00007f76ab329000)
 Metaspace       used 30649K, capacity 31064K, committed 31232K, reserved 32768K
}

