# JRE version: OpenJDK Runtime Environment (13.0.7+5) (build 13.0.7+5-Ubuntu-0ubuntu120.04)
# Java VM: OpenJDK 64-Bit Server VM (13.0.7+5-Ubuntu-0ubuntu120.04, mixed mode, tiered, serial gc, linux-amd64)
Heap:
 def new generation   total 3864768K, used 2164690K [0x00007efff8600000, 0x00007f00fe780000, 0x00007f054db50000)
  eden space 3435392K,  63% used [0x00007efff8600000, 0x00007f007c7f4698, 0x00007f00ca0e0000)
  from space 429376K,   0% used [0x00007f00ca0e0000, 0x00007f00ca0e0298, 0x00007f00e4430000)
  to   space 429376K,   0% used [0x00007f00e4430000, 0x00007f00e4430328, 0x00007f00fe780000)
 tenured generation   total 8588160K, used 8398978K [0x00007f054db50000, 0x00007f0759e30000, 0x00007f0ff8600000)
   the space 8588160K,  97% used [0x00007f054db50000, 0x00007f074e5708e0, 0x00007f074e570a00, 0x00007f0759e30000)
 Metaspace       used 23320K, capacity 23732K, committed 23808K, reserved 24576K
GC Heap History (20 events):
Event: 30.036 GC heap after
{Heap after GC invocations=10 (full 4):
 def new generation   total 1977344K, used 0K [0x00007efff8600000, 0x00007f007e780000, 0x00007f054db50000)
  eden space 1757696K,   0% used [0x00007efff8600000, 0x00007efff8600000, 0x00007f0063a80000)
  from space 219648K,   0% used [0x00007f0063a80000, 0x00007f0063a80000, 0x00007f0071100000)
  to   space 219648K,   0% used [0x00007f0071100000, 0x00007f0071100000, 0x00007f007e780000)
 tenured generation   total 4393852K, used 2106667K [0x00007f054db50000, 0x00007f0659e2f000, 0x00007f0ff8600000)
   the space 4393852K,  47% used [0x00007f054db50000, 0x00007f05ce49ae40, 0x00007f05ce49b000, 0x00007f0659e2f000)
 Metaspace       used 23234K, capacity 23590K, committed 23808K, reserved 24576K
}
Event: 38.631 GC heap before
{Heap before GC invocations=10 (full 4):
 def new generation   total 1977344K, used 34255K [0x00007efff8600000, 0x00007f007e780000, 0x00007f054db50000)
  eden space 1757696K,   1% used [0x00007efff8600000, 0x00007efffa773c18, 0x00007f0063a80000)
  from space 219648K,   0% used [0x00007f0063a80000, 0x00007f0063a80000, 0x00007f0071100000)
  to   space 219648K,   0% used [0x00007f0071100000, 0x00007f0071100000, 0x00007f007e780000)
 tenured generation   total 8588160K, used 8398123K [0x00007f054db50000, 0x00007f0759e30000, 0x00007f0ff8600000)
   the space 8588160K,  97% used [0x00007f054db50000, 0x00007f074e49ae70, 0x00007f074e49b000, 0x00007f0759e30000)
 Metaspace       used 23234K, capacity 23590K, committed 23808K, reserved 24576K
}
Event: 38.642 GC heap after
{Heap after GC invocations=11 (full 4):
 def new generation   total 1977344K, used 0K [0x00007efff8600000, 0x00007f007e780000, 0x00007f054db50000)
  eden space 1757696K,   0% used [0x00007efff8600000, 0x00007efff8600000, 0x00007f0063a80000)
  from space 219648K,   0% used [0x00007f0071100000, 0x00007f0071100298, 0x00007f007e780000)
  to   space 219648K,   0% used [0x00007f0063a80000, 0x00007f0063a80000, 0x00007f0071100000)
 tenured generation   total 8588160K, used 8398123K [0x00007f054db50000, 0x00007f0759e30000, 0x00007f0ff8600000)
   the space 8588160K,  97% used [0x00007f054db50000, 0x00007f074e49ae70, 0x00007f074e49b000, 0x00007f0759e30000)
 Metaspace       used 23234K, capacity 23590K, committed 23808K, reserved 24576K
}
Event: 38.642 GC heap before
{Heap before GC invocations=11 (full 4):
 def new generation   total 1977344K, used 0K [0x00007efff8600000, 0x00007f007e780000, 0x00007f054db50000)
  eden space 1757696K,   0% used [0x00007efff8600000, 0x00007efff8600000, 0x00007f0063a80000)
  from space 219648K,   0% used [0x00007f0071100000, 0x00007f0071100298, 0x00007f007e780000)
  to   space 219648K,   0% used [0x00007f0063a80000, 0x00007f0063a80000, 0x00007f0071100000)
 tenured generation   total 8588160K, used 8398123K [0x00007f054db50000, 0x00007f0759e30000, 0x00007f0ff8600000)
   the space 8588160K,  97% used [0x00007f054db50000, 0x00007f074e49ae70, 0x00007f074e49b000, 0x00007f0759e30000)
 Metaspace       used 23234K, capacity 23590K, committed 23808K, reserved 24576K
}
Event: 39.524 GC heap after
{Heap after GC invocations=11 (full 5):
 def new generation   total 3864768K, used 0K [0x00007efff8600000, 0x00007f00fe780000, 0x00007f054db50000)
  eden space 3435392K,   0% used [0x00007efff8600000, 0x00007efff8600000, 0x00007f00ca0e0000)
  from space 429376K,   0% used [0x00007f00ca0e0000, 0x00007f00ca0e0000, 0x00007f00e4430000)
  to   space 429376K,   0% used [0x00007f00e4430000, 0x00007f00e4430000, 0x00007f00fe780000)
 tenured generation   total 8588160K, used 2106666K [0x00007f054db50000, 0x00007f0759e30000, 0x00007f0ff8600000)
   the space 8588160K,  24% used [0x00007f054db50000, 0x00007f05ce49aa40, 0x00007f05ce49ac00, 0x00007f0759e30000)
 Metaspace       used 23234K, capacity 23590K, committed 23808K, reserved 24576K
}
Event: 41.142 GC heap before
{Heap before GC invocations=11 (full 5):
 def new generation   total 3864768K, used 2164102K [0x00007efff8600000, 0x00007f00fe780000, 0x00007f054db50000)
  eden space 3435392K,  62% used [0x00007efff8600000, 0x00007f007c761bf0, 0x00007f00ca0e0000)
  from space 429376K,   0% used [0x00007f00ca0e0000, 0x00007f00ca0e0000, 0x00007f00e4430000)
  to   space 429376K,   0% used [0x00007f00e4430000, 0x00007f00e4430000, 0x00007f00fe780000)
 tenured generation   total 8588160K, used 2106666K [0x00007f054db50000, 0x00007f0759e30000, 0x00007f0ff8600000)
   the space 8588160K,  24% used [0x00007f054db50000, 0x00007f05ce49aa40, 0x00007f05ce49ac00, 0x00007f0759e30000)
 Metaspace       used 23234K, capacity 23590K, committed 23808K, reserved 24576K
}
Event: 41.902 GC heap after
{Heap after GC invocations=12 (full 5):
 def new generation   total 3864768K, used 0K [0x00007efff8600000, 0x00007f00fe780000, 0x00007f054db50000)
  eden space 3435392K,   0% used [0x00007efff8600000, 0x00007efff8600000, 0x00007f00ca0e0000)
  from space 429376K,   0% used [0x00007f00e4430000, 0x00007f00e4430248, 0x00007f00fe780000)
  to   space 429376K,   0% used [0x00007f00ca0e0000, 0x00007f00ca0e0000, 0x00007f00e4430000)
 tenured generation   total 8588160K, used 4203818K [0x00007f054db50000, 0x00007f0759e30000, 0x00007f0ff8600000)
   the space 8588160K,  48% used [0x00007f054db50000, 0x00007f064e49aa58, 0x00007f064e49ac00, 0x00007f0759e30000)
 Metaspace       used 23234K, capacity 23590K, committed 23808K, reserved 24576K
}
Event: 47.115 GC heap before
{Heap before GC invocations=12 (full 5):
 def new generation   total 3864768K, used 3212550K [0x00007efff8600000, 0x00007f00fe780000, 0x00007f054db50000)
  eden space 3435392K,  93% used [0x00007efff8600000, 0x00007f00bc7417f0, 0x00007f00ca0e0000)
  from space 429376K,   0% used [0x00007f00e4430000, 0x00007f00e4430248, 0x00007f00fe780000)
  to   space 429376K,   0% used [0x00007f00ca0e0000, 0x00007f00ca0e0000, 0x00007f00e4430000)
 tenured generation   total 8588160K, used 4203818K [0x00007f054db50000, 0x00007f0759e30000, 0x00007f0ff8600000)
   the space 8588160K,  48% used [0x00007f054db50000, 0x00007f064e49aa58, 0x00007f064e49ac00, 0x00007f0759e30000)
 Metaspace       used 23234K, capacity 23590K, committed 23808K, reserved 24576K
}
Event: 48.483 GC heap after
{Heap after GC invocations=13 (full 5):
 def new generation   total 3864768K, used 1K [0x00007efff8600000, 0x00007f00fe780000, 0x00007f054db50000)
  eden space 3435392K,   0% used [0x00007efff8600000, 0x00007efff8600000, 0x00007f00ca0e0000)
  from space 429376K,   0% used [0x00007f00ca0e0000, 0x00007f00ca0e04a0, 0x00007f00e4430000)
  to   space 429376K,   0% used [0x00007f00e4430000, 0x00007f00e4430000, 0x00007f00fe780000)
 tenured generation   total 8588160K, used 5252394K [0x00007f054db50000, 0x00007f0759e30000, 0x00007f0ff8600000)
   the space 8588160K,  61% used [0x00007f054db50000, 0x00007f068e49aa88, 0x00007f068e49ac00, 0x00007f0759e30000)
 Metaspace       used 23234K, capacity 23590K, committed 23808K, reserved 24576K
}
Event: 55.056 GC heap before
{Heap before GC invocations=13 (full 5):
 def new generation   total 3864768K, used 3064429K [0x00007efff8600000, 0x00007f00fe780000, 0x00007f054db50000)
  eden space 3435392K,  89% used [0x00007efff8600000, 0x00007f00b369b270, 0x00007f00ca0e0000)
  from space 429376K,   0% used [0x00007f00ca0e0000, 0x00007f00ca0e04a0, 0x00007f00e4430000)
  to   space 429376K,   0% used [0x00007f00e4430000, 0x00007f00e4430000, 0x00007f00fe780000)
 tenured generation   total 8588160K, used 5252394K [0x00007f054db50000, 0x00007f0759e30000, 0x00007f0ff8600000)
   the space 8588160K,  61% used [0x00007f054db50000, 0x00007f068e49aa88, 0x00007f068e49ac00, 0x00007f0759e30000)
 Metaspace       used 23319K, capacity 23732K, committed 23808K, reserved 24576K
}
Event: 55.250 GC heap after
{Heap after GC invocations=14 (full 5):
 def new generation   total 3864768K, used 133084K [0x00007efff8600000, 0x00007f00fe780000, 0x00007f054db50000)
  eden space 3435392K,   0% used [0x00007efff8600000, 0x00007efff8600000, 0x00007f00ca0e0000)
  from space 429376K,  30% used [0x00007f00e4430000, 0x00007f00ec627270, 0x00007f00fe780000)
  to   space 429376K,   0% used [0x00007f00ca0e0000, 0x00007f00ca0e0000, 0x00007f00e4430000)
 tenured generation   total 8588160K, used 5252394K [0x00007f054db50000, 0x00007f0759e30000, 0x00007f0ff8600000)
   the space 8588160K,  61% used [0x00007f054db50000, 0x00007f068e49aa88, 0x00007f068e49ac00, 0x00007f0759e30000)
 Metaspace       used 23319K, capacity 23732K, committed 23808K, reserved 24576K
}
Event: 59.949 GC heap before
{Heap before GC invocations=14 (full 5):
 def new generation   total 3864768K, used 3345758K [0x00007efff8600000, 0x00007f00fe780000, 0x00007f054db50000)
  eden space 3435392K,  93% used [0x00007efff8600000, 0x00007f00bc7605f8, 0x00007f00ca0e0000)
  from space 429376K,  30% used [0x00007f00e4430000, 0x00007f00ec627270, 0x00007f00fe780000)
  to   space 429376K,   0% used [0x00007f00ca0e0000, 0x00007f00ca0e0000, 0x00007f00e4430000)
 tenured generation   total 8588160K, used 5252394K [0x00007f054db50000, 0x00007f0759e30000, 0x00007f0ff8600000)
   the space 8588160K,  61% used [0x00007f054db50000, 0x00007f068e49aa88, 0x00007f068e49ac00, 0x00007f0759e30000)
 Metaspace       used 23320K, capacity 23732K, committed 23808K, reserved 24576K
}
Event: 63.253 GC heap after
{Heap after GC invocations=15 (full 5):
 def new generation   total 3864768K, used 132571K [0x00007efff8600000, 0x00007f00fe780000, 0x00007f054db50000)
  eden space 3435392K,   0% used [0x00007efff8600000, 0x00007efff8600000, 0x00007f00ca0e0000)
  from space 429376K,  30% used [0x00007f00ca0e0000, 0x00007f00d2256f48, 0x00007f00e4430000)
  to   space 429376K,   0% used [0x00007f00e4430000, 0x00007f00e4430000, 0x00007f00fe780000)
 tenured generation   total 8588160K, used 7873834K [0x00007f054db50000, 0x00007f0759e30000, 0x00007f0ff8600000)
   the space 8588160K,  91% used [0x00007f054db50000, 0x00007f072e49aab8, 0x00007f072e49ac00, 0x00007f0759e30000)
 Metaspace       used 23320K, capacity 23732K, committed 23808K, reserved 24576K
}
Event: 66.245 GC heap before
{Heap before GC invocations=15 (full 5):
 def new generation   total 3864768K, used 2296808K [0x00007efff8600000, 0x00007f00fe780000, 0x00007f054db50000)
  eden space 3435392K,  62% used [0x00007efff8600000, 0x00007f007c783320, 0x00007f00ca0e0000)
  from space 429376K,  30% used [0x00007f00ca0e0000, 0x00007f00d2256f48, 0x00007f00e4430000)
  to   space 429376K,   0% used [0x00007f00e4430000, 0x00007f00e4430000, 0x00007f00fe780000)
 tenured generation   total 8588160K, used 7873834K [0x00007f054db50000, 0x00007f0759e30000, 0x00007f0ff8600000)
   the space 8588160K,  91% used [0x00007f054db50000, 0x00007f072e49aab8, 0x00007f072e49ac00, 0x00007f0759e30000)
 Metaspace       used 23320K, capacity 23732K, committed 23808K, reserved 24576K
}
Event: 70.464 GC heap after
{Heap after GC invocations=16 (full 5):
 def new generation   total 3864768K, used 132572K [0x00007efff8600000, 0x00007f00fe780000, 0x00007f054db50000)
  eden space 3435392K,   0% used [0x00007efff8600000, 0x00007efff8600000, 0x00007f00ca0e0000)
  from space 429376K,  30% used [0x00007f00e4430000, 0x00007f00ec5a7120, 0x00007f00fe780000)
  to   space 429376K,   0% used [0x00007f00ca0e0000, 0x00007f00ca0e0000, 0x00007f00e4430000)
 tenured generation   total 10685320K, used 9970986K [0x00007f054db50000, 0x00007f07d9e32000, 0x00007f0ff8600000)
   the space 10685320K,  93% used [0x00007f054db50000, 0x00007f07ae49aae8, 0x00007f07ae49ac00, 0x00007f07d9e32000)
 Metaspace       used 23320K, capacity 23732K, committed 23808K, reserved 24576K
}
Event: 70.464 GC heap before
{Heap before GC invocations=16 (full 5):
 def new generation   total 3864768K, used 132572K [0x00007efff8600000, 0x00007f00fe780000, 0x00007f054db50000)
  eden space 3435392K,   0% used [0x00007efff8600000, 0x00007efff8600000, 0x00007f00ca0e0000)
  from space 429376K,  30% used [0x00007f00e4430000, 0x00007f00ec5a7120, 0x00007f00fe780000)
  to   space 429376K,   0% used [0x00007f00ca0e0000, 0x00007f00ca0e0000, 0x00007f00e4430000)
 tenured generation   total 10685320K, used 9970986K [0x00007f054db50000, 0x00007f07d9e32000, 0x00007f0ff8600000)
   the space 10685320K,  93% used [0x00007f054db50000, 0x00007f07ae49aae8, 0x00007f07ae49ac00, 0x00007f07d9e32000)
 Metaspace       used 23320K, capacity 23732K, committed 23808K, reserved 24576K
}
Event: 74.608 GC heap after
{Heap after GC invocations=16 (full 6):
 def new generation   total 3864768K, used 0K [0x00007efff8600000, 0x00007f00fe780000, 0x00007f054db50000)
  eden space 3435392K,   0% used [0x00007efff8600000, 0x00007efff8600000, 0x00007f00ca0e0000)
  from space 429376K,   0% used [0x00007f00e4430000, 0x00007f00e4430000, 0x00007f00fe780000)
  to   space 429376K,   0% used [0x00007f00ca0e0000, 0x00007f00ca0e0000, 0x00007f00e4430000)
 tenured generation   total 8588160K, used 2107522K [0x00007f054db50000, 0x00007f0759e30000, 0x00007f0ff8600000)
   the space 8588160K,  24% used [0x00007f054db50000, 0x00007f05ce5708b0, 0x00007f05ce570a00, 0x00007f0759e30000)
 Metaspace       used 23320K, capacity 23732K, committed 23808K, reserved 24576K
}
Event: 82.507 GC heap before
{Heap before GC invocations=16 (full 6):
 def new generation   total 3864768K, used 2164059K [0x00007efff8600000, 0x00007f00fe780000, 0x00007f054db50000)
  eden space 3435392K,  62% used [0x00007efff8600000, 0x00007f007c756dd8, 0x00007f00ca0e0000)
  from space 429376K,   0% used [0x00007f00e4430000, 0x00007f00e4430000, 0x00007f00fe780000)
  to   space 429376K,   0% used [0x00007f00ca0e0000, 0x00007f00ca0e0000, 0x00007f00e4430000)
 tenured generation   total 8588160K, used 6301826K [0x00007f054db50000, 0x00007f0759e30000, 0x00007f0ff8600000)
   the space 8588160K,  73% used [0x00007f054db50000, 0x00007f06ce5708c8, 0x00007f06ce570a00, 0x00007f0759e30000)
 Metaspace       used 23320K, capacity 23732K, committed 23808K, reserved 24576K
}
Event: 83.581 GC heap after
{Heap after GC invocations=17 (full 6):
 def new generation   total 3864768K, used 0K [0x00007efff8600000, 0x00007f00fe780000, 0x00007f054db50000)
  eden space 3435392K,   0% used [0x00007efff8600000, 0x00007efff8600000, 0x00007f00ca0e0000)
  from space 429376K,   0% used [0x00007f00ca0e0000, 0x00007f00ca0e0298, 0x00007f00e4430000)
  to   space 429376K,   0% used [0x00007f00e4430000, 0x00007f00e4430000, 0x00007f00fe780000)
 tenured generation   total 8588160K, used 8398978K [0x00007f054db50000, 0x00007f0759e30000, 0x00007f0ff8600000)
   the space 8588160K,  97% used [0x00007f054db50000, 0x00007f074e5708e0, 0x00007f074e570a00, 0x00007f0759e30000)
 Metaspace       used 23320K, capacity 23732K, committed 23808K, reserved 24576K
}
Event: 84.183 GC heap before
{Heap before GC invocations=17 (full 6):
 def new generation   total 3864768K, used 2164690K [0x00007efff8600000, 0x00007f00fe780000, 0x00007f054db50000)
  eden space 3435392K,  63% used [0x00007efff8600000, 0x00007f007c7f4698, 0x00007f00ca0e0000)
  from space 429376K,   0% used [0x00007f00ca0e0000, 0x00007f00ca0e0298, 0x00007f00e4430000)
  to   space 429376K,   0% used [0x00007f00e4430000, 0x00007f00e4430000, 0x00007f00fe780000)
 tenured generation   total 8588160K, used 8398978K [0x00007f054db50000, 0x00007f0759e30000, 0x00007f0ff8600000)
   the space 8588160K,  97% used [0x00007f054db50000, 0x00007f074e5708e0, 0x00007f074e570a00, 0x00007f0759e30000)
 Metaspace       used 23320K, capacity 23732K, committed 23808K, reserved 24576K
}

