# JRE version: OpenJDK Runtime Environment (13.0.7+5) (build 13.0.7+5-Ubuntu-0ubuntu120.04)
# Java VM: OpenJDK 64-Bit Server VM (13.0.7+5-Ubuntu-0ubuntu120.04, mixed mode, tiered, serial gc, linux-amd64)
Heap:
 def new generation   total 5218688K, used 85690K [0x00007fd350600000, 0x00007fd4b24a0000, 0x00007fd8a5b50000)
  eden space 4638848K,   1% used [0x00007fd350600000, 0x00007fd3559ae870, 0x00007fd46b820000)
  from space 579840K,   0% used [0x00007fd46b820000, 0x00007fd46b820000, 0x00007fd48ee60000)
  to   space 579840K,   0% used [0x00007fd48ee60000, 0x00007fd48ee60000, 0x00007fd4b24a0000)
 tenured generation   total 11851248K, used 11851247K [0x00007fd8a5b50000, 0x00007fdb790cc000, 0x00007fe350600000)
   the space 11851248K,  99% used [0x00007fd8a5b50000, 0x00007fdb790cbfd8, 0x00007fdb790cc000, 0x00007fdb790cc000)
 Metaspace       used 30379K, capacity 30751K, committed 30976K, reserved 32768K
GC Heap History (20 events):
Event: 526.917 GC heap after
{Heap after GC invocations=61 (full 5):
 def new generation   total 5218688K, used 365476K [0x00007fd350600000, 0x00007fd4b24a0000, 0x00007fd8a5b50000)
  eden space 4638848K,   0% used [0x00007fd350600000, 0x00007fd350600000, 0x00007fd46b820000)
  from space 579840K,  63% used [0x00007fd48ee60000, 0x00007fd4a5349140, 0x00007fd4b24a0000)
  to   space 579840K,   0% used [0x00007fd46b820000, 0x00007fd46b820000, 0x00007fd48ee60000)
 tenured generation   total 11597040K, used 8592549K [0x00007fd8a5b50000, 0x00007fdb6988c000, 0x00007fe350600000)
   the space 11597040K,  74% used [0x00007fd8a5b50000, 0x00007fdab22794d8, 0x00007fdab2279600, 0x00007fdb6988c000)
 Metaspace       used 30379K, capacity 30751K, committed 30976K, reserved 32768K
}
Event: 528.121 GC heap before
{Heap before GC invocations=61 (full 5):
 def new generation   total 5218688K, used 5004324K [0x00007fd350600000, 0x00007fd4b24a0000, 0x00007fd8a5b50000)
  eden space 4638848K, 100% used [0x00007fd350600000, 0x00007fd46b820000, 0x00007fd46b820000)
  from space 579840K,  63% used [0x00007fd48ee60000, 0x00007fd4a5349140, 0x00007fd4b24a0000)
  to   space 579840K,   0% used [0x00007fd46b820000, 0x00007fd46b820000, 0x00007fd48ee60000)
 tenured generation   total 11597040K, used 8592549K [0x00007fd8a5b50000, 0x00007fdb6988c000, 0x00007fe350600000)
   the space 11597040K,  74% used [0x00007fd8a5b50000, 0x00007fdab22794d8, 0x00007fdab2279600, 0x00007fdb6988c000)
 Metaspace       used 30379K, capacity 30751K, committed 30976K, reserved 32768K
}
Event: 529.079 GC heap after
{Heap after GC invocations=62 (full 5):
 def new generation   total 5218688K, used 365129K [0x00007fd350600000, 0x00007fd4b24a0000, 0x00007fd8a5b50000)
  eden space 4638848K,   0% used [0x00007fd350600000, 0x00007fd350600000, 0x00007fd46b820000)
  from space 579840K,  62% used [0x00007fd46b820000, 0x00007fd481cb24a0, 0x00007fd48ee60000)
  to   space 579840K,   0% used [0x00007fd48ee60000, 0x00007fd48ee60000, 0x00007fd4b24a0000)
 tenured generation   total 11597040K, used 8958024K [0x00007fd8a5b50000, 0x00007fdb6988c000, 0x00007fe350600000)
   the space 11597040K,  77% used [0x00007fd8a5b50000, 0x00007fdac8762288, 0x00007fdac8762400, 0x00007fdb6988c000)
 Metaspace       used 30379K, capacity 30751K, committed 30976K, reserved 32768K
}
Event: 530.280 GC heap before
{Heap before GC invocations=62 (full 5):
 def new generation   total 5218688K, used 5003977K [0x00007fd350600000, 0x00007fd4b24a0000, 0x00007fd8a5b50000)
  eden space 4638848K, 100% used [0x00007fd350600000, 0x00007fd46b820000, 0x00007fd46b820000)
  from space 579840K,  62% used [0x00007fd46b820000, 0x00007fd481cb24a0, 0x00007fd48ee60000)
  to   space 579840K,   0% used [0x00007fd48ee60000, 0x00007fd48ee60000, 0x00007fd4b24a0000)
 tenured generation   total 11597040K, used 8958024K [0x00007fd8a5b50000, 0x00007fdb6988c000, 0x00007fe350600000)
   the space 11597040K,  77% used [0x00007fd8a5b50000, 0x00007fdac8762288, 0x00007fdac8762400, 0x00007fdb6988c000)
 Metaspace       used 30379K, capacity 30751K, committed 30976K, reserved 32768K
}
Event: 531.380 GC heap after
{Heap after GC invocations=63 (full 5):
 def new generation   total 5218688K, used 449352K [0x00007fd350600000, 0x00007fd4b24a0000, 0x00007fd8a5b50000)
  eden space 4638848K,   0% used [0x00007fd350600000, 0x00007fd350600000, 0x00007fd46b820000)
  from space 579840K,  77% used [0x00007fd48ee60000, 0x00007fd4aa532260, 0x00007fd4b24a0000)
  to   space 579840K,   0% used [0x00007fd46b820000, 0x00007fd46b820000, 0x00007fd48ee60000)
 tenured generation   total 11597040K, used 9323153K [0x00007fd8a5b50000, 0x00007fdb6988c000, 0x00007fe350600000)
   the space 11597040K,  80% used [0x00007fd8a5b50000, 0x00007fdadebf44a8, 0x00007fdadebf4600, 0x00007fdb6988c000)
 Metaspace       used 30379K, capacity 30751K, committed 30976K, reserved 32768K
}
Event: 532.648 GC heap before
{Heap before GC invocations=63 (full 5):
 def new generation   total 5218688K, used 5088200K [0x00007fd350600000, 0x00007fd4b24a0000, 0x00007fd8a5b50000)
  eden space 4638848K, 100% used [0x00007fd350600000, 0x00007fd46b820000, 0x00007fd46b820000)
  from space 579840K,  77% used [0x00007fd48ee60000, 0x00007fd4aa532260, 0x00007fd4b24a0000)
  to   space 579840K,   0% used [0x00007fd46b820000, 0x00007fd46b820000, 0x00007fd48ee60000)
 tenured generation   total 11597040K, used 9323153K [0x00007fd8a5b50000, 0x00007fdb6988c000, 0x00007fe350600000)
   the space 11597040K,  80% used [0x00007fd8a5b50000, 0x00007fdadebf44a8, 0x00007fdadebf4600, 0x00007fdb6988c000)
 Metaspace       used 30379K, capacity 30751K, committed 30976K, reserved 32768K
}
Event: 533.731 GC heap after
{Heap after GC invocations=64 (full 5):
 def new generation   total 5218688K, used 403581K [0x00007fd350600000, 0x00007fd4b24a0000, 0x00007fd8a5b50000)
  eden space 4638848K,   0% used [0x00007fd350600000, 0x00007fd350600000, 0x00007fd46b820000)
  from space 579840K,  69% used [0x00007fd46b820000, 0x00007fd48423f4a0, 0x00007fd48ee60000)
  to   space 579840K,   0% used [0x00007fd48ee60000, 0x00007fd48ee60000, 0x00007fd4b24a0000)
 tenured generation   total 11597040K, used 9772505K [0x00007fd8a5b50000, 0x00007fdb6988c000, 0x00007fe350600000)
   the space 11597040K,  84% used [0x00007fd8a5b50000, 0x00007fdafa2c6678, 0x00007fdafa2c6800, 0x00007fdb6988c000)
 Metaspace       used 30379K, capacity 30751K, committed 30976K, reserved 32768K
}
Event: 534.938 GC heap before
{Heap before GC invocations=64 (full 5):
 def new generation   total 5218688K, used 5042429K [0x00007fd350600000, 0x00007fd4b24a0000, 0x00007fd8a5b50000)
  eden space 4638848K, 100% used [0x00007fd350600000, 0x00007fd46b820000, 0x00007fd46b820000)
  from space 579840K,  69% used [0x00007fd46b820000, 0x00007fd48423f4a0, 0x00007fd48ee60000)
  to   space 579840K,   0% used [0x00007fd48ee60000, 0x00007fd48ee60000, 0x00007fd4b24a0000)
 tenured generation   total 11597040K, used 9772505K [0x00007fd8a5b50000, 0x00007fdb6988c000, 0x00007fe350600000)
   the space 11597040K,  84% used [0x00007fd8a5b50000, 0x00007fdafa2c6678, 0x00007fdafa2c6800, 0x00007fdb6988c000)
 Metaspace       used 30379K, capacity 30751K, committed 30976K, reserved 32768K
}
Event: 535.871 GC heap after
{Heap after GC invocations=65 (full 5):
 def new generation   total 5218688K, used 341419K [0x00007fd350600000, 0x00007fd4b24a0000, 0x00007fd8a5b50000)
  eden space 4638848K,   0% used [0x00007fd350600000, 0x00007fd350600000, 0x00007fd46b820000)
  from space 579840K,  58% used [0x00007fd48ee60000, 0x00007fd4a3bcae50, 0x00007fd4b24a0000)
  to   space 579840K,   0% used [0x00007fd46b820000, 0x00007fd46b820000, 0x00007fd48ee60000)
 tenured generation   total 11597040K, used 10176086K [0x00007fd8a5b50000, 0x00007fdb6988c000, 0x00007fe350600000)
   the space 11597040K,  87% used [0x00007fd8a5b50000, 0x00007fdb12ce5848, 0x00007fdb12ce5a00, 0x00007fdb6988c000)
 Metaspace       used 30379K, capacity 30751K, committed 30976K, reserved 32768K
}
Event: 537.105 GC heap before
{Heap before GC invocations=65 (full 5):
 def new generation   total 5218688K, used 4980267K [0x00007fd350600000, 0x00007fd4b24a0000, 0x00007fd8a5b50000)
  eden space 4638848K, 100% used [0x00007fd350600000, 0x00007fd46b820000, 0x00007fd46b820000)
  from space 579840K,  58% used [0x00007fd48ee60000, 0x00007fd4a3bcae50, 0x00007fd4b24a0000)
  to   space 579840K,   0% used [0x00007fd46b820000, 0x00007fd46b820000, 0x00007fd48ee60000)
 tenured generation   total 11597040K, used 10176086K [0x00007fd8a5b50000, 0x00007fdb6988c000, 0x00007fe350600000)
   the space 11597040K,  87% used [0x00007fd8a5b50000, 0x00007fdb12ce5848, 0x00007fdb12ce5a00, 0x00007fdb6988c000)
 Metaspace       used 30379K, capacity 30751K, committed 30976K, reserved 32768K
}
Event: 537.969 GC heap after
{Heap after GC invocations=66 (full 5):
 def new generation   total 5218688K, used 336983K [0x00007fd350600000, 0x00007fd4b24a0000, 0x00007fd8a5b50000)
  eden space 4638848K,   0% used [0x00007fd350600000, 0x00007fd350600000, 0x00007fd46b820000)
  from space 579840K,  58% used [0x00007fd46b820000, 0x00007fd480135c30, 0x00007fd48ee60000)
  to   space 579840K,   0% used [0x00007fd48ee60000, 0x00007fd48ee60000, 0x00007fd4b24a0000)
 tenured generation   total 11597040K, used 10517504K [0x00007fd8a5b50000, 0x00007fdb6988c000, 0x00007fe350600000)
   the space 11597040K,  90% used [0x00007fd8a5b50000, 0x00007fdb27a50248, 0x00007fdb27a50400, 0x00007fdb6988c000)
 Metaspace       used 30379K, capacity 30751K, committed 30976K, reserved 32768K
}
Event: 539.176 GC heap before
{Heap before GC invocations=66 (full 5):
 def new generation   total 5218688K, used 4975831K [0x00007fd350600000, 0x00007fd4b24a0000, 0x00007fd8a5b50000)
  eden space 4638848K, 100% used [0x00007fd350600000, 0x00007fd46b820000, 0x00007fd46b820000)
  from space 579840K,  58% used [0x00007fd46b820000, 0x00007fd480135c30, 0x00007fd48ee60000)
  to   space 579840K,   0% used [0x00007fd48ee60000, 0x00007fd48ee60000, 0x00007fd4b24a0000)
 tenured generation   total 11597040K, used 10517504K [0x00007fd8a5b50000, 0x00007fdb6988c000, 0x00007fe350600000)
   the space 11597040K,  90% used [0x00007fd8a5b50000, 0x00007fdb27a50248, 0x00007fdb27a50400, 0x00007fdb6988c000)
 Metaspace       used 30379K, capacity 30751K, committed 30976K, reserved 32768K
}
Event: 540.052 GC heap after
{Heap after GC invocations=67 (full 5):
 def new generation   total 5218688K, used 332199K [0x00007fd350600000, 0x00007fd4b24a0000, 0x00007fd8a5b50000)
  eden space 4638848K,   0% used [0x00007fd350600000, 0x00007fd350600000, 0x00007fd46b820000)
  from space 579840K,  57% used [0x00007fd48ee60000, 0x00007fd4a32c9f40, 0x00007fd4b24a0000)
  to   space 579840K,   0% used [0x00007fd46b820000, 0x00007fd46b820000, 0x00007fd48ee60000)
 tenured generation   total 11597040K, used 10854486K [0x00007fd8a5b50000, 0x00007fdb6988c000, 0x00007fe350600000)
   the space 11597040K,  93% used [0x00007fd8a5b50000, 0x00007fdb3c365bc8, 0x00007fdb3c365c00, 0x00007fdb6988c000)
 Metaspace       used 30379K, capacity 30751K, committed 30976K, reserved 32768K
}
Event: 541.243 GC heap before
{Heap before GC invocations=67 (full 5):
 def new generation   total 5218688K, used 4971047K [0x00007fd350600000, 0x00007fd4b24a0000, 0x00007fd8a5b50000)
  eden space 4638848K, 100% used [0x00007fd350600000, 0x00007fd46b820000, 0x00007fd46b820000)
  from space 579840K,  57% used [0x00007fd48ee60000, 0x00007fd4a32c9f40, 0x00007fd4b24a0000)
  to   space 579840K,   0% used [0x00007fd46b820000, 0x00007fd46b820000, 0x00007fd48ee60000)
 tenured generation   total 11597040K, used 10854486K [0x00007fd8a5b50000, 0x00007fdb6988c000, 0x00007fe350600000)
   the space 11597040K,  93% used [0x00007fd8a5b50000, 0x00007fdb3c365bc8, 0x00007fdb3c365c00, 0x00007fdb6988c000)
 Metaspace       used 30379K, capacity 30751K, committed 30976K, reserved 32768K
}
Event: 542.106 GC heap after
{Heap after GC invocations=68 (full 5):
 def new generation   total 5218688K, used 332610K [0x00007fd350600000, 0x00007fd4b24a0000, 0x00007fd8a5b50000)
  eden space 4638848K,   0% used [0x00007fd350600000, 0x00007fd350600000, 0x00007fd46b820000)
  from space 579840K,  57% used [0x00007fd46b820000, 0x00007fd47fcf0ae0, 0x00007fd48ee60000)
  to   space 579840K,   0% used [0x00007fd48ee60000, 0x00007fd48ee60000, 0x00007fd4b24a0000)
 tenured generation   total 11597040K, used 11186685K [0x00007fd8a5b50000, 0x00007fdb6988c000, 0x00007fe350600000)
   the space 11597040K,  96% used [0x00007fd8a5b50000, 0x00007fdb507cf738, 0x00007fdb507cf800, 0x00007fdb6988c000)
 Metaspace       used 30379K, capacity 30751K, committed 30976K, reserved 32768K
}
Event: 543.295 GC heap before
{Heap before GC invocations=68 (full 5):
 def new generation   total 5218688K, used 4971458K [0x00007fd350600000, 0x00007fd4b24a0000, 0x00007fd8a5b50000)
  eden space 4638848K, 100% used [0x00007fd350600000, 0x00007fd46b820000, 0x00007fd46b820000)
  from space 579840K,  57% used [0x00007fd46b820000, 0x00007fd47fcf0ae0, 0x00007fd48ee60000)
  to   space 579840K,   0% used [0x00007fd48ee60000, 0x00007fd48ee60000, 0x00007fd4b24a0000)
 tenured generation   total 11597040K, used 11186685K [0x00007fd8a5b50000, 0x00007fdb6988c000, 0x00007fe350600000)
   the space 11597040K,  96% used [0x00007fd8a5b50000, 0x00007fdb507cf738, 0x00007fdb507cf800, 0x00007fdb6988c000)
 Metaspace       used 30379K, capacity 30751K, committed 30976K, reserved 32768K
}
Event: 544.220 GC heap after
{Heap after GC invocations=69 (full 5):
 def new generation   total 5218688K, used 331820K [0x00007fd350600000, 0x00007fd4b24a0000, 0x00007fd8a5b50000)
  eden space 4638848K,   0% used [0x00007fd350600000, 0x00007fd350600000, 0x00007fd46b820000)
  from space 579840K,  57% used [0x00007fd48ee60000, 0x00007fd4a326b150, 0x00007fd4b24a0000)
  to   space 579840K,   0% used [0x00007fd46b820000, 0x00007fd46b820000, 0x00007fd48ee60000)
 tenured generation   total 11597040K, used 11519295K [0x00007fd8a5b50000, 0x00007fdb6988c000, 0x00007fe350600000)
   the space 11597040K,  99% used [0x00007fd8a5b50000, 0x00007fdb64c9fe28, 0x00007fdb64ca0000, 0x00007fdb6988c000)
 Metaspace       used 30379K, capacity 30751K, committed 30976K, reserved 32768K
}
Event: 545.429 GC heap before
{Heap before GC invocations=69 (full 5):
 def new generation   total 5218688K, used 4970668K [0x00007fd350600000, 0x00007fd4b24a0000, 0x00007fd8a5b50000)
  eden space 4638848K, 100% used [0x00007fd350600000, 0x00007fd46b820000, 0x00007fd46b820000)
  from space 579840K,  57% used [0x00007fd48ee60000, 0x00007fd4a326b150, 0x00007fd4b24a0000)
  to   space 579840K,   0% used [0x00007fd46b820000, 0x00007fd46b820000, 0x00007fd48ee60000)
 tenured generation   total 11597040K, used 11519295K [0x00007fd8a5b50000, 0x00007fdb6988c000, 0x00007fe350600000)
   the space 11597040K,  99% used [0x00007fd8a5b50000, 0x00007fdb64c9fe28, 0x00007fdb64ca0000, 0x00007fdb6988c000)
 Metaspace       used 30379K, capacity 30751K, committed 30976K, reserved 32768K
}
Event: 546.300 GC heap after
{Heap after GC invocations=70 (full 5):
 def new generation   total 5218688K, used 333526K [0x00007fd350600000, 0x00007fd4b24a0000, 0x00007fd8a5b50000)
  eden space 4638848K,   0% used [0x00007fd350600000, 0x00007fd350600000, 0x00007fd46b820000)
  from space 579840K,  57% used [0x00007fd46b820000, 0x00007fd47fdd5820, 0x00007fd48ee60000)
  to   space 579840K,   0% used [0x00007fd48ee60000, 0x00007fd48ee60000, 0x00007fd4b24a0000)
 tenured generation   total 11851248K, used 11851115K [0x00007fd8a5b50000, 0x00007fdb790cc000, 0x00007fe350600000)
   the space 11851248K,  99% used [0x00007fd8a5b50000, 0x00007fdb790aaca8, 0x00007fdb790aae00, 0x00007fdb790cc000)
 Metaspace       used 30379K, capacity 30751K, committed 30976K, reserved 32768K
}
Event: 546.300 GC heap before
{Heap before GC invocations=70 (full 5):
 def new generation   total 5218688K, used 333526K [0x00007fd350600000, 0x00007fd4b24a0000, 0x00007fd8a5b50000)
  eden space 4638848K,   0% used [0x00007fd350600000, 0x00007fd350600000, 0x00007fd46b820000)
  from space 579840K,  57% used [0x00007fd46b820000, 0x00007fd47fdd5820, 0x00007fd48ee60000)
  to   space 579840K,   0% used [0x00007fd48ee60000, 0x00007fd48ee60000, 0x00007fd4b24a0000)
 tenured generation   total 11851248K, used 11851115K [0x00007fd8a5b50000, 0x00007fdb790cc000, 0x00007fe350600000)
   the space 11851248K,  99% used [0x00007fd8a5b50000, 0x00007fdb790aaca8, 0x00007fdb790aae00, 0x00007fdb790cc000)
 Metaspace       used 30379K, capacity 30751K, committed 30976K, reserved 32768K
}

