# JRE version: OpenJDK Runtime Environment (13.0.7+5) (build 13.0.7+5-Ubuntu-0ubuntu120.04)
# Java VM: OpenJDK 64-Bit Server VM (13.0.7+5-Ubuntu-0ubuntu120.04, mixed mode, tiered, serial gc, linux-amd64)
Heap:
 def new generation   total 13493376K, used 168642K [0x00007f34d0600000, 0x00007f3863740000, 0x00007f3a25b50000)
  eden space 11994112K,   1% used [0x00007f34d0600000, 0x00007f34daab0ac8, 0x00007f37ac700000)
  from space 1499264K,   0% used [0x00007f3807f20000, 0x00007f3807f20000, 0x00007f3863740000)
  to   space 1499264K,   0% used [0x00007f37ac700000, 0x00007f37ac700000, 0x00007f3807f20000)
 tenured generation   total 29989968K, used 29989942K [0x00007f3a25b50000, 0x00007f414c264000, 0x00007f44d0600000)
   the space 29989968K,  99% used [0x00007f3a25b50000, 0x00007f414c25d950, 0x00007f414c25da00, 0x00007f414c264000)
 Metaspace       used 24240K, capacity 24649K, committed 24832K, reserved 26624K
GC Heap History (20 events):
Event: 18449.876 GC heap after
{Heap after GC invocations=9175 (full 7):
 def new generation   total 13493376K, used 185990K [0x00007f34d0600000, 0x00007f3863740000, 0x00007f3a25b50000)
  eden space 11994112K,   0% used [0x00007f34d0600000, 0x00007f34d0600000, 0x00007f37ac700000)
  from space 1499264K,  12% used [0x00007f37ac700000, 0x00007f37b7ca1850, 0x00007f3807f20000)
  to   space 1499264K,   0% used [0x00007f3807f20000, 0x00007f3807f20000, 0x00007f3863740000)
 tenured generation   total 29985168K, used 29870570K [0x00007f3a25b50000, 0x00007f414bdb4000, 0x00007f44d0600000)
   the space 29985168K,  99% used [0x00007f3a25b50000, 0x00007f4144dcab58, 0x00007f4144dcac00, 0x00007f414bdb4000)
 Metaspace       used 24239K, capacity 24649K, committed 24832K, reserved 26624K
}
Event: 18457.282 GC heap before
{Heap before GC invocations=9175 (full 7):
 def new generation   total 13493376K, used 12180102K [0x00007f34d0600000, 0x00007f3863740000, 0x00007f3a25b50000)
  eden space 11994112K, 100% used [0x00007f34d0600000, 0x00007f37ac700000, 0x00007f37ac700000)
  from space 1499264K,  12% used [0x00007f37ac700000, 0x00007f37b7ca1850, 0x00007f3807f20000)
  to   space 1499264K,   0% used [0x00007f3807f20000, 0x00007f3807f20000, 0x00007f3863740000)
 tenured generation   total 29985168K, used 29870570K [0x00007f3a25b50000, 0x00007f414bdb4000, 0x00007f44d0600000)
   the space 29985168K,  99% used [0x00007f3a25b50000, 0x00007f4144dcab58, 0x00007f4144dcac00, 0x00007f414bdb4000)
 Metaspace       used 24239K, capacity 24649K, committed 24832K, reserved 26624K
}
Event: 18457.450 GC heap after
{Heap after GC invocations=9176 (full 7):
 def new generation   total 13493376K, used 189432K [0x00007f34d0600000, 0x00007f3863740000, 0x00007f3a25b50000)
  eden space 11994112K,   0% used [0x00007f34d0600000, 0x00007f34d0600000, 0x00007f37ac700000)
  from space 1499264K,  12% used [0x00007f3807f20000, 0x00007f381381e140, 0x00007f3863740000)
  to   space 1499264K,   0% used [0x00007f37ac700000, 0x00007f37ac700000, 0x00007f3807f20000)
 tenured generation   total 29985168K, used 29884758K [0x00007f3a25b50000, 0x00007f414bdb4000, 0x00007f44d0600000)
   the space 29985168K,  99% used [0x00007f3a25b50000, 0x00007f4145ba59e8, 0x00007f4145ba5a00, 0x00007f414bdb4000)
 Metaspace       used 24239K, capacity 24649K, committed 24832K, reserved 26624K
}
Event: 18464.025 GC heap before
{Heap before GC invocations=9176 (full 7):
 def new generation   total 13493376K, used 12183544K [0x00007f34d0600000, 0x00007f3863740000, 0x00007f3a25b50000)
  eden space 11994112K, 100% used [0x00007f34d0600000, 0x00007f37ac700000, 0x00007f37ac700000)
  from space 1499264K,  12% used [0x00007f3807f20000, 0x00007f381381e140, 0x00007f3863740000)
  to   space 1499264K,   0% used [0x00007f37ac700000, 0x00007f37ac700000, 0x00007f3807f20000)
 tenured generation   total 29985168K, used 29884758K [0x00007f3a25b50000, 0x00007f414bdb4000, 0x00007f44d0600000)
   the space 29985168K,  99% used [0x00007f3a25b50000, 0x00007f4145ba59e8, 0x00007f4145ba5a00, 0x00007f414bdb4000)
 Metaspace       used 24240K, capacity 24649K, committed 24832K, reserved 26624K
}
Event: 18464.118 GC heap after
{Heap after GC invocations=9177 (full 7):
 def new generation   total 13493376K, used 179423K [0x00007f34d0600000, 0x00007f3863740000, 0x00007f3a25b50000)
  eden space 11994112K,   0% used [0x00007f34d0600000, 0x00007f34d0600000, 0x00007f37ac700000)
  from space 1499264K,  11% used [0x00007f37ac700000, 0x00007f37b7637d20, 0x00007f3807f20000)
  to   space 1499264K,   0% used [0x00007f3807f20000, 0x00007f3807f20000, 0x00007f3863740000)
 tenured generation   total 29985168K, used 29900354K [0x00007f3a25b50000, 0x00007f414bdb4000, 0x00007f44d0600000)
   the space 29985168K,  99% used [0x00007f3a25b50000, 0x00007f4146ae0810, 0x00007f4146ae0a00, 0x00007f414bdb4000)
 Metaspace       used 24240K, capacity 24649K, committed 24832K, reserved 26624K
}
Event: 18470.633 GC heap before
{Heap before GC invocations=9177 (full 7):
 def new generation   total 13493376K, used 12173535K [0x00007f34d0600000, 0x00007f3863740000, 0x00007f3a25b50000)
  eden space 11994112K, 100% used [0x00007f34d0600000, 0x00007f37ac700000, 0x00007f37ac700000)
  from space 1499264K,  11% used [0x00007f37ac700000, 0x00007f37b7637d20, 0x00007f3807f20000)
  to   space 1499264K,   0% used [0x00007f3807f20000, 0x00007f3807f20000, 0x00007f3863740000)
 tenured generation   total 29985168K, used 29900354K [0x00007f3a25b50000, 0x00007f414bdb4000, 0x00007f44d0600000)
   the space 29985168K,  99% used [0x00007f3a25b50000, 0x00007f4146ae0810, 0x00007f4146ae0a00, 0x00007f414bdb4000)
 Metaspace       used 24240K, capacity 24649K, committed 24832K, reserved 26624K
}
Event: 18470.722 GC heap after
{Heap after GC invocations=9178 (full 7):
 def new generation   total 13493376K, used 179829K [0x00007f34d0600000, 0x00007f3863740000, 0x00007f3a25b50000)
  eden space 11994112K,   0% used [0x00007f34d0600000, 0x00007f34d0600000, 0x00007f37ac700000)
  from space 1499264K,  11% used [0x00007f3807f20000, 0x00007f3812ebd7a0, 0x00007f3863740000)
  to   space 1499264K,   0% used [0x00007f37ac700000, 0x00007f37ac700000, 0x00007f3807f20000)
 tenured generation   total 29985168K, used 29906729K [0x00007f3a25b50000, 0x00007f414bdb4000, 0x00007f44d0600000)
   the space 29985168K,  99% used [0x00007f3a25b50000, 0x00007f414711a6b0, 0x00007f414711a800, 0x00007f414bdb4000)
 Metaspace       used 24240K, capacity 24649K, committed 24832K, reserved 26624K
}
Event: 18477.189 GC heap before
{Heap before GC invocations=9178 (full 7):
 def new generation   total 13493376K, used 12173941K [0x00007f34d0600000, 0x00007f3863740000, 0x00007f3a25b50000)
  eden space 11994112K, 100% used [0x00007f34d0600000, 0x00007f37ac700000, 0x00007f37ac700000)
  from space 1499264K,  11% used [0x00007f3807f20000, 0x00007f3812ebd7a0, 0x00007f3863740000)
  to   space 1499264K,   0% used [0x00007f37ac700000, 0x00007f37ac700000, 0x00007f3807f20000)
 tenured generation   total 29985168K, used 29906729K [0x00007f3a25b50000, 0x00007f414bdb4000, 0x00007f44d0600000)
   the space 29985168K,  99% used [0x00007f3a25b50000, 0x00007f414711a6b0, 0x00007f414711a800, 0x00007f414bdb4000)
 Metaspace       used 24240K, capacity 24649K, committed 24832K, reserved 26624K
}
Event: 18477.315 GC heap after
{Heap after GC invocations=9179 (full 7):
 def new generation   total 13493376K, used 190102K [0x00007f34d0600000, 0x00007f3863740000, 0x00007f3a25b50000)
  eden space 11994112K,   0% used [0x00007f34d0600000, 0x00007f34d0600000, 0x00007f37ac700000)
  from space 1499264K,  12% used [0x00007f37ac700000, 0x00007f37b80a5b68, 0x00007f3807f20000)
  to   space 1499264K,   0% used [0x00007f3807f20000, 0x00007f3807f20000, 0x00007f3863740000)
 tenured generation   total 29985168K, used 29916877K [0x00007f3a25b50000, 0x00007f414bdb4000, 0x00007f44d0600000)
   the space 29985168K,  99% used [0x00007f3a25b50000, 0x00007f4147b03400, 0x00007f4147b03400, 0x00007f414bdb4000)
 Metaspace       used 24240K, capacity 24649K, committed 24832K, reserved 26624K
}
Event: 18483.950 GC heap before
{Heap before GC invocations=9179 (full 7):
 def new generation   total 13493376K, used 12184214K [0x00007f34d0600000, 0x00007f3863740000, 0x00007f3a25b50000)
  eden space 11994112K, 100% used [0x00007f34d0600000, 0x00007f37ac700000, 0x00007f37ac700000)
  from space 1499264K,  12% used [0x00007f37ac700000, 0x00007f37b80a5b68, 0x00007f3807f20000)
  to   space 1499264K,   0% used [0x00007f3807f20000, 0x00007f3807f20000, 0x00007f3863740000)
 tenured generation   total 29985168K, used 29916877K [0x00007f3a25b50000, 0x00007f414bdb4000, 0x00007f44d0600000)
   the space 29985168K,  99% used [0x00007f3a25b50000, 0x00007f4147b03400, 0x00007f4147b03400, 0x00007f414bdb4000)
 Metaspace       used 24240K, capacity 24649K, committed 24832K, reserved 26624K
}
Event: 18484.058 GC heap after
{Heap after GC invocations=9180 (full 7):
 def new generation   total 13493376K, used 183024K [0x00007f34d0600000, 0x00007f3863740000, 0x00007f3a25b50000)
  eden space 11994112K,   0% used [0x00007f34d0600000, 0x00007f34d0600000, 0x00007f37ac700000)
  from space 1499264K,  12% used [0x00007f3807f20000, 0x00007f38131dc178, 0x00007f3863740000)
  to   space 1499264K,   0% used [0x00007f37ac700000, 0x00007f37ac700000, 0x00007f3807f20000)
 tenured generation   total 29985168K, used 29932116K [0x00007f3a25b50000, 0x00007f414bdb4000, 0x00007f44d0600000)
   the space 29985168K,  99% used [0x00007f3a25b50000, 0x00007f41489e52b0, 0x00007f41489e5400, 0x00007f414bdb4000)
 Metaspace       used 24240K, capacity 24649K, committed 24832K, reserved 26624K
}
Event: 18491.942 GC heap before
{Heap before GC invocations=9180 (full 7):
 def new generation   total 13493376K, used 12177136K [0x00007f34d0600000, 0x00007f3863740000, 0x00007f3a25b50000)
  eden space 11994112K, 100% used [0x00007f34d0600000, 0x00007f37ac700000, 0x00007f37ac700000)
  from space 1499264K,  12% used [0x00007f3807f20000, 0x00007f38131dc178, 0x00007f3863740000)
  to   space 1499264K,   0% used [0x00007f37ac700000, 0x00007f37ac700000, 0x00007f3807f20000)
 tenured generation   total 29985168K, used 29932116K [0x00007f3a25b50000, 0x00007f414bdb4000, 0x00007f44d0600000)
   the space 29985168K,  99% used [0x00007f3a25b50000, 0x00007f41489e52b0, 0x00007f41489e5400, 0x00007f414bdb4000)
 Metaspace       used 24240K, capacity 24649K, committed 24832K, reserved 26624K
}
Event: 18492.040 GC heap after
{Heap after GC invocations=9181 (full 7):
 def new generation   total 13493376K, used 180208K [0x00007f34d0600000, 0x00007f3863740000, 0x00007f3a25b50000)
  eden space 11994112K,   0% used [0x00007f34d0600000, 0x00007f34d0600000, 0x00007f37ac700000)
  from space 1499264K,  12% used [0x00007f37ac700000, 0x00007f37b76fc250, 0x00007f3807f20000)
  to   space 1499264K,   0% used [0x00007f3807f20000, 0x00007f3807f20000, 0x00007f3863740000)
 tenured generation   total 29985168K, used 29942877K [0x00007f3a25b50000, 0x00007f414bdb4000, 0x00007f44d0600000)
   the space 29985168K,  99% used [0x00007f3a25b50000, 0x00007f41494676a0, 0x00007f4149467800, 0x00007f414bdb4000)
 Metaspace       used 24240K, capacity 24649K, committed 24832K, reserved 26624K
}
Event: 18499.352 GC heap before
{Heap before GC invocations=9181 (full 7):
 def new generation   total 13493376K, used 12174320K [0x00007f34d0600000, 0x00007f3863740000, 0x00007f3a25b50000)
  eden space 11994112K, 100% used [0x00007f34d0600000, 0x00007f37ac700000, 0x00007f37ac700000)
  from space 1499264K,  12% used [0x00007f37ac700000, 0x00007f37b76fc250, 0x00007f3807f20000)
  to   space 1499264K,   0% used [0x00007f3807f20000, 0x00007f3807f20000, 0x00007f3863740000)
 tenured generation   total 29985168K, used 29942877K [0x00007f3a25b50000, 0x00007f414bdb4000, 0x00007f44d0600000)
   the space 29985168K,  99% used [0x00007f3a25b50000, 0x00007f41494676a0, 0x00007f4149467800, 0x00007f414bdb4000)
 Metaspace       used 24240K, capacity 24649K, committed 24832K, reserved 26624K
}
Event: 18499.520 GC heap after
{Heap after GC invocations=9182 (full 7):
 def new generation   total 13493376K, used 175500K [0x00007f34d0600000, 0x00007f3863740000, 0x00007f3a25b50000)
  eden space 11994112K,   0% used [0x00007f34d0600000, 0x00007f34d0600000, 0x00007f37ac700000)
  from space 1499264K,  11% used [0x00007f3807f20000, 0x00007f3812a83038, 0x00007f3863740000)
  to   space 1499264K,   0% used [0x00007f37ac700000, 0x00007f37ac700000, 0x00007f3807f20000)
 tenured generation   total 29985168K, used 29970666K [0x00007f3a25b50000, 0x00007f414bdb4000, 0x00007f44d0600000)
   the space 29985168K,  99% used [0x00007f3a25b50000, 0x00007f414af8ab68, 0x00007f414af8ac00, 0x00007f414bdb4000)
 Metaspace       used 24240K, capacity 24649K, committed 24832K, reserved 26624K
}
Event: 18506.054 GC heap before
{Heap before GC invocations=9182 (full 7):
 def new generation   total 13493376K, used 12169612K [0x00007f34d0600000, 0x00007f3863740000, 0x00007f3a25b50000)
  eden space 11994112K, 100% used [0x00007f34d0600000, 0x00007f37ac700000, 0x00007f37ac700000)
  from space 1499264K,  11% used [0x00007f3807f20000, 0x00007f3812a83038, 0x00007f3863740000)
  to   space 1499264K,   0% used [0x00007f37ac700000, 0x00007f37ac700000, 0x00007f3807f20000)
 tenured generation   total 29985168K, used 29970666K [0x00007f3a25b50000, 0x00007f414bdb4000, 0x00007f44d0600000)
   the space 29985168K,  99% used [0x00007f3a25b50000, 0x00007f414af8ab68, 0x00007f414af8ac00, 0x00007f414bdb4000)
 Metaspace       used 24240K, capacity 24649K, committed 24832K, reserved 26624K
}
Event: 18506.143 GC heap after
{Heap after GC invocations=9183 (full 7):
 def new generation   total 13493376K, used 175400K [0x00007f34d0600000, 0x00007f3863740000, 0x00007f3a25b50000)
  eden space 11994112K,   0% used [0x00007f34d0600000, 0x00007f34d0600000, 0x00007f37ac700000)
  from space 1499264K,  11% used [0x00007f37ac700000, 0x00007f37b724a0e0, 0x00007f3807f20000)
  to   space 1499264K,   0% used [0x00007f3807f20000, 0x00007f3807f20000, 0x00007f3863740000)
 tenured generation   total 29985168K, used 29976691K [0x00007f3a25b50000, 0x00007f414bdb4000, 0x00007f44d0600000)
   the space 29985168K,  99% used [0x00007f3a25b50000, 0x00007f414b56cc18, 0x00007f414b56ce00, 0x00007f414bdb4000)
 Metaspace       used 24240K, capacity 24649K, committed 24832K, reserved 26624K
}
Event: 18512.590 GC heap before
{Heap before GC invocations=9183 (full 7):
 def new generation   total 13493376K, used 12169512K [0x00007f34d0600000, 0x00007f3863740000, 0x00007f3a25b50000)
  eden space 11994112K, 100% used [0x00007f34d0600000, 0x00007f37ac700000, 0x00007f37ac700000)
  from space 1499264K,  11% used [0x00007f37ac700000, 0x00007f37b724a0e0, 0x00007f3807f20000)
  to   space 1499264K,   0% used [0x00007f3807f20000, 0x00007f3807f20000, 0x00007f3863740000)
 tenured generation   total 29985168K, used 29976691K [0x00007f3a25b50000, 0x00007f414bdb4000, 0x00007f44d0600000)
   the space 29985168K,  99% used [0x00007f3a25b50000, 0x00007f414b56cc18, 0x00007f414b56ce00, 0x00007f414bdb4000)
 Metaspace       used 24240K, capacity 24649K, committed 24832K, reserved 26624K
}
Event: 18512.710 GC heap after
{Heap after GC invocations=9184 (full 7):
 def new generation   total 13493376K, used 172749K [0x00007f34d0600000, 0x00007f3863740000, 0x00007f3a25b50000)
  eden space 11994112K,   0% used [0x00007f34d0600000, 0x00007f34d0600000, 0x00007f37ac700000)
  from space 1499264K,  11% used [0x00007f3807f20000, 0x00007f38127d35d8, 0x00007f3863740000)
  to   space 1499264K,   0% used [0x00007f37ac700000, 0x00007f37ac700000, 0x00007f3807f20000)
 tenured generation   total 29989968K, used 29989823K [0x00007f3a25b50000, 0x00007f414c264000, 0x00007f44d0600000)
   the space 29989968K,  99% used [0x00007f3a25b50000, 0x00007f414c23fc58, 0x00007f414c23fe00, 0x00007f414c264000)
 Metaspace       used 24240K, capacity 24649K, committed 24832K, reserved 26624K
}
Event: 18512.710 GC heap before
{Heap before GC invocations=9184 (full 7):
 def new generation   total 13493376K, used 172749K [0x00007f34d0600000, 0x00007f3863740000, 0x00007f3a25b50000)
  eden space 11994112K,   0% used [0x00007f34d0600000, 0x00007f34d0600000, 0x00007f37ac700000)
  from space 1499264K,  11% used [0x00007f3807f20000, 0x00007f38127d35d8, 0x00007f3863740000)
  to   space 1499264K,   0% used [0x00007f37ac700000, 0x00007f37ac700000, 0x00007f3807f20000)
 tenured generation   total 29989968K, used 29989823K [0x00007f3a25b50000, 0x00007f414c264000, 0x00007f44d0600000)
   the space 29989968K,  99% used [0x00007f3a25b50000, 0x00007f414c23fc58, 0x00007f414c23fe00, 0x00007f414c264000)
 Metaspace       used 24240K, capacity 24649K, committed 24832K, reserved 26624K
}

