# JRE version: OpenJDK Runtime Environment (13.0.7+5) (build 13.0.7+5-Ubuntu-0ubuntu120.04)
# Java VM: OpenJDK 64-Bit Server VM (13.0.7+5-Ubuntu-0ubuntu120.04, mixed mode, tiered, serial gc, linux-amd64)
Heap:
 def new generation   total 1709568K, used 63187K [0x00007f5b78600000, 0x00007f5bec4f0000, 0x00007f60cdb50000)
  eden space 1519680K,   4% used [0x00007f5b78600000, 0x00007f5b7c3b4e08, 0x00007f5bd5210000)
  from space 189888K,   0% used [0x00007f5be0b80000, 0x00007f5be0b80000, 0x00007f5bec4f0000)
  to   space 189888K,   0% used [0x00007f5bd5210000, 0x00007f5bd5210000, 0x00007f5be0b80000)
 tenured generation   total 3815180K, used 3814938K [0x00007f60cdb50000, 0x00007f61b6913000, 0x00007f6b78600000)
   the space 3815180K,  99% used [0x00007f60cdb50000, 0x00007f61b68d6a50, 0x00007f61b68d6c00, 0x00007f61b6913000)
 Metaspace       used 24243K, capacity 24633K, committed 24832K, reserved 26624K
GC Heap History (20 events):
Event: 2396.771 GC heap after
{Heap after GC invocations=2003 (full 5):
 def new generation   total 1709568K, used 70422K [0x00007f5b78600000, 0x00007f5bec4f0000, 0x00007f60cdb50000)
  eden space 1519680K,   0% used [0x00007f5b78600000, 0x00007f5b78600000, 0x00007f5bd5210000)
  from space 189888K,  37% used [0x00007f5bd5210000, 0x00007f5bd96d5860, 0x00007f5be0b80000)
  to   space 189888K,   0% used [0x00007f5be0b80000, 0x00007f5be0b80000, 0x00007f5bec4f0000)
 tenured generation   total 3798792K, used 3775862K [0x00007f60cdb50000, 0x00007f61b5912000, 0x00007f6b78600000)
   the space 3798792K,  99% used [0x00007f60cdb50000, 0x00007f61b42ad900, 0x00007f61b42ada00, 0x00007f61b5912000)
 Metaspace       used 24243K, capacity 24633K, committed 24832K, reserved 26624K
}
Event: 2400.990 GC heap before
{Heap before GC invocations=2003 (full 5):
 def new generation   total 1709568K, used 1590102K [0x00007f5b78600000, 0x00007f5bec4f0000, 0x00007f60cdb50000)
  eden space 1519680K, 100% used [0x00007f5b78600000, 0x00007f5bd5210000, 0x00007f5bd5210000)
  from space 189888K,  37% used [0x00007f5bd5210000, 0x00007f5bd96d5860, 0x00007f5be0b80000)
  to   space 189888K,   0% used [0x00007f5be0b80000, 0x00007f5be0b80000, 0x00007f5bec4f0000)
 tenured generation   total 3798792K, used 3775862K [0x00007f60cdb50000, 0x00007f61b5912000, 0x00007f6b78600000)
   the space 3798792K,  99% used [0x00007f60cdb50000, 0x00007f61b42ad900, 0x00007f61b42ada00, 0x00007f61b5912000)
 Metaspace       used 24243K, capacity 24633K, committed 24832K, reserved 26624K
}
Event: 2401.070 GC heap after
{Heap after GC invocations=2004 (full 5):
 def new generation   total 1709568K, used 76578K [0x00007f5b78600000, 0x00007f5bec4f0000, 0x00007f60cdb50000)
  eden space 1519680K,   0% used [0x00007f5b78600000, 0x00007f5b78600000, 0x00007f5bd5210000)
  from space 189888K,  40% used [0x00007f5be0b80000, 0x00007f5be5648840, 0x00007f5bec4f0000)
  to   space 189888K,   0% used [0x00007f5bd5210000, 0x00007f5bd5210000, 0x00007f5be0b80000)
 tenured generation   total 3798792K, used 3775862K [0x00007f60cdb50000, 0x00007f61b5912000, 0x00007f6b78600000)
   the space 3798792K,  99% used [0x00007f60cdb50000, 0x00007f61b42ad900, 0x00007f61b42ada00, 0x00007f61b5912000)
 Metaspace       used 24243K, capacity 24633K, committed 24832K, reserved 26624K
}
Event: 2402.990 GC heap before
{Heap before GC invocations=2004 (full 5):
 def new generation   total 1709568K, used 1596258K [0x00007f5b78600000, 0x00007f5bec4f0000, 0x00007f60cdb50000)
  eden space 1519680K, 100% used [0x00007f5b78600000, 0x00007f5bd5210000, 0x00007f5bd5210000)
  from space 189888K,  40% used [0x00007f5be0b80000, 0x00007f5be5648840, 0x00007f5bec4f0000)
  to   space 189888K,   0% used [0x00007f5bd5210000, 0x00007f5bd5210000, 0x00007f5be0b80000)
 tenured generation   total 3798792K, used 3775862K [0x00007f60cdb50000, 0x00007f61b5912000, 0x00007f6b78600000)
   the space 3798792K,  99% used [0x00007f60cdb50000, 0x00007f61b42ad900, 0x00007f61b42ada00, 0x00007f61b5912000)
 Metaspace       used 24243K, capacity 24633K, committed 24832K, reserved 26624K
}
Event: 2403.061 GC heap after
{Heap after GC invocations=2005 (full 5):
 def new generation   total 1709568K, used 81728K [0x00007f5b78600000, 0x00007f5bec4f0000, 0x00007f60cdb50000)
  eden space 1519680K,   0% used [0x00007f5b78600000, 0x00007f5b78600000, 0x00007f5bd5210000)
  from space 189888K,  43% used [0x00007f5bd5210000, 0x00007f5bda1e0218, 0x00007f5be0b80000)
  to   space 189888K,   0% used [0x00007f5be0b80000, 0x00007f5be0b80000, 0x00007f5bec4f0000)
 tenured generation   total 3798792K, used 3775862K [0x00007f60cdb50000, 0x00007f61b5912000, 0x00007f6b78600000)
   the space 3798792K,  99% used [0x00007f60cdb50000, 0x00007f61b42ad900, 0x00007f61b42ada00, 0x00007f61b5912000)
 Metaspace       used 24243K, capacity 24633K, committed 24832K, reserved 26624K
}
Event: 2404.774 GC heap before
{Heap before GC invocations=2005 (full 5):
 def new generation   total 1709568K, used 1601408K [0x00007f5b78600000, 0x00007f5bec4f0000, 0x00007f60cdb50000)
  eden space 1519680K, 100% used [0x00007f5b78600000, 0x00007f5bd5210000, 0x00007f5bd5210000)
  from space 189888K,  43% used [0x00007f5bd5210000, 0x00007f5bda1e0218, 0x00007f5be0b80000)
  to   space 189888K,   0% used [0x00007f5be0b80000, 0x00007f5be0b80000, 0x00007f5bec4f0000)
 tenured generation   total 3798792K, used 3775862K [0x00007f60cdb50000, 0x00007f61b5912000, 0x00007f6b78600000)
   the space 3798792K,  99% used [0x00007f60cdb50000, 0x00007f61b42ad900, 0x00007f61b42ada00, 0x00007f61b5912000)
 Metaspace       used 24243K, capacity 24633K, committed 24832K, reserved 26624K
}
Event: 2404.857 GC heap after
{Heap after GC invocations=2006 (full 5):
 def new generation   total 1709568K, used 84806K [0x00007f5b78600000, 0x00007f5bec4f0000, 0x00007f60cdb50000)
  eden space 1519680K,   0% used [0x00007f5b78600000, 0x00007f5b78600000, 0x00007f5bd5210000)
  from space 189888K,  44% used [0x00007f5be0b80000, 0x00007f5be5e51b68, 0x00007f5bec4f0000)
  to   space 189888K,   0% used [0x00007f5bd5210000, 0x00007f5bd5210000, 0x00007f5be0b80000)
 tenured generation   total 3798792K, used 3775862K [0x00007f60cdb50000, 0x00007f61b5912000, 0x00007f6b78600000)
   the space 3798792K,  99% used [0x00007f60cdb50000, 0x00007f61b42ad900, 0x00007f61b42ada00, 0x00007f61b5912000)
 Metaspace       used 24243K, capacity 24633K, committed 24832K, reserved 26624K
}
Event: 2406.302 GC heap before
{Heap before GC invocations=2006 (full 5):
 def new generation   total 1709568K, used 1604486K [0x00007f5b78600000, 0x00007f5bec4f0000, 0x00007f60cdb50000)
  eden space 1519680K, 100% used [0x00007f5b78600000, 0x00007f5bd5210000, 0x00007f5bd5210000)
  from space 189888K,  44% used [0x00007f5be0b80000, 0x00007f5be5e51b68, 0x00007f5bec4f0000)
  to   space 189888K,   0% used [0x00007f5bd5210000, 0x00007f5bd5210000, 0x00007f5be0b80000)
 tenured generation   total 3798792K, used 3775862K [0x00007f60cdb50000, 0x00007f61b5912000, 0x00007f6b78600000)
   the space 3798792K,  99% used [0x00007f60cdb50000, 0x00007f61b42ad900, 0x00007f61b42ada00, 0x00007f61b5912000)
 Metaspace       used 24243K, capacity 24633K, committed 24832K, reserved 26624K
}
Event: 2406.397 GC heap after
{Heap after GC invocations=2007 (full 5):
 def new generation   total 1709568K, used 67854K [0x00007f5b78600000, 0x00007f5bec4f0000, 0x00007f60cdb50000)
  eden space 1519680K,   0% used [0x00007f5b78600000, 0x00007f5b78600000, 0x00007f5bd5210000)
  from space 189888K,  35% used [0x00007f5bd5210000, 0x00007f5bd94538a8, 0x00007f5be0b80000)
  to   space 189888K,   0% used [0x00007f5be0b80000, 0x00007f5be0b80000, 0x00007f5bec4f0000)
 tenured generation   total 3798792K, used 3792822K [0x00007f60cdb50000, 0x00007f61b5912000, 0x00007f6b78600000)
   the space 3798792K,  99% used [0x00007f60cdb50000, 0x00007f61b533d8f8, 0x00007f61b533da00, 0x00007f61b5912000)
 Metaspace       used 24243K, capacity 24633K, committed 24832K, reserved 26624K
}
Event: 2408.089 GC heap before
{Heap before GC invocations=2007 (full 5):
 def new generation   total 1709568K, used 1587534K [0x00007f5b78600000, 0x00007f5bec4f0000, 0x00007f60cdb50000)
  eden space 1519680K, 100% used [0x00007f5b78600000, 0x00007f5bd5210000, 0x00007f5bd5210000)
  from space 189888K,  35% used [0x00007f5bd5210000, 0x00007f5bd94538a8, 0x00007f5be0b80000)
  to   space 189888K,   0% used [0x00007f5be0b80000, 0x00007f5be0b80000, 0x00007f5bec4f0000)
 tenured generation   total 3798792K, used 3792822K [0x00007f60cdb50000, 0x00007f61b5912000, 0x00007f6b78600000)
   the space 3798792K,  99% used [0x00007f60cdb50000, 0x00007f61b533d8f8, 0x00007f61b533da00, 0x00007f61b5912000)
 Metaspace       used 24243K, capacity 24633K, committed 24832K, reserved 26624K
}
Event: 2408.153 GC heap after
{Heap after GC invocations=2008 (full 5):
 def new generation   total 1709568K, used 68873K [0x00007f5b78600000, 0x00007f5bec4f0000, 0x00007f60cdb50000)
  eden space 1519680K,   0% used [0x00007f5b78600000, 0x00007f5b78600000, 0x00007f5bd5210000)
  from space 189888K,  36% used [0x00007f5be0b80000, 0x00007f5be4ec2628, 0x00007f5bec4f0000)
  to   space 189888K,   0% used [0x00007f5bd5210000, 0x00007f5bd5210000, 0x00007f5be0b80000)
 tenured generation   total 3798792K, used 3792822K [0x00007f60cdb50000, 0x00007f61b5912000, 0x00007f6b78600000)
   the space 3798792K,  99% used [0x00007f60cdb50000, 0x00007f61b533d8f8, 0x00007f61b533da00, 0x00007f61b5912000)
 Metaspace       used 24243K, capacity 24633K, committed 24832K, reserved 26624K
}
Event: 2410.579 GC heap before
{Heap before GC invocations=2008 (full 5):
 def new generation   total 1709568K, used 1588553K [0x00007f5b78600000, 0x00007f5bec4f0000, 0x00007f60cdb50000)
  eden space 1519680K, 100% used [0x00007f5b78600000, 0x00007f5bd5210000, 0x00007f5bd5210000)
  from space 189888K,  36% used [0x00007f5be0b80000, 0x00007f5be4ec2628, 0x00007f5bec4f0000)
  to   space 189888K,   0% used [0x00007f5bd5210000, 0x00007f5bd5210000, 0x00007f5be0b80000)
 tenured generation   total 3798792K, used 3792822K [0x00007f60cdb50000, 0x00007f61b5912000, 0x00007f6b78600000)
   the space 3798792K,  99% used [0x00007f60cdb50000, 0x00007f61b533d8f8, 0x00007f61b533da00, 0x00007f61b5912000)
 Metaspace       used 24243K, capacity 24633K, committed 24832K, reserved 26624K
}
Event: 2410.655 GC heap after
{Heap after GC invocations=2009 (full 5):
 def new generation   total 1709568K, used 88916K [0x00007f5b78600000, 0x00007f5bec4f0000, 0x00007f60cdb50000)
  eden space 1519680K,   0% used [0x00007f5b78600000, 0x00007f5b78600000, 0x00007f5bd5210000)
  from space 189888K,  46% used [0x00007f5bd5210000, 0x00007f5bda8e5160, 0x00007f5be0b80000)
  to   space 189888K,   0% used [0x00007f5be0b80000, 0x00007f5be0b80000, 0x00007f5bec4f0000)
 tenured generation   total 3798792K, used 3792822K [0x00007f60cdb50000, 0x00007f61b5912000, 0x00007f6b78600000)
   the space 3798792K,  99% used [0x00007f60cdb50000, 0x00007f61b533d8f8, 0x00007f61b533da00, 0x00007f61b5912000)
 Metaspace       used 24243K, capacity 24633K, committed 24832K, reserved 26624K
}
Event: 2412.940 GC heap before
{Heap before GC invocations=2009 (full 5):
 def new generation   total 1709568K, used 1608596K [0x00007f5b78600000, 0x00007f5bec4f0000, 0x00007f60cdb50000)
  eden space 1519680K, 100% used [0x00007f5b78600000, 0x00007f5bd5210000, 0x00007f5bd5210000)
  from space 189888K,  46% used [0x00007f5bd5210000, 0x00007f5bda8e5160, 0x00007f5be0b80000)
  to   space 189888K,   0% used [0x00007f5be0b80000, 0x00007f5be0b80000, 0x00007f5bec4f0000)
 tenured generation   total 3798792K, used 3792822K [0x00007f60cdb50000, 0x00007f61b5912000, 0x00007f6b78600000)
   the space 3798792K,  99% used [0x00007f60cdb50000, 0x00007f61b533d8f8, 0x00007f61b533da00, 0x00007f61b5912000)
 Metaspace       used 24243K, capacity 24633K, committed 24832K, reserved 26624K
}
Event: 2413.019 GC heap after
{Heap after GC invocations=2010 (full 5):
 def new generation   total 1709568K, used 78144K [0x00007f5b78600000, 0x00007f5bec4f0000, 0x00007f60cdb50000)
  eden space 1519680K,   0% used [0x00007f5b78600000, 0x00007f5b78600000, 0x00007f5bd5210000)
  from space 189888K,  41% used [0x00007f5be0b80000, 0x00007f5be57d0190, 0x00007f5bec4f0000)
  to   space 189888K,   0% used [0x00007f5bd5210000, 0x00007f5bd5210000, 0x00007f5be0b80000)
 tenured generation   total 3798792K, used 3792822K [0x00007f60cdb50000, 0x00007f61b5912000, 0x00007f6b78600000)
   the space 3798792K,  99% used [0x00007f60cdb50000, 0x00007f61b533d8f8, 0x00007f61b533da00, 0x00007f61b5912000)
 Metaspace       used 24243K, capacity 24633K, committed 24832K, reserved 26624K
}
Event: 2414.895 GC heap before
{Heap before GC invocations=2010 (full 5):
 def new generation   total 1709568K, used 1597824K [0x00007f5b78600000, 0x00007f5bec4f0000, 0x00007f60cdb50000)
  eden space 1519680K, 100% used [0x00007f5b78600000, 0x00007f5bd5210000, 0x00007f5bd5210000)
  from space 189888K,  41% used [0x00007f5be0b80000, 0x00007f5be57d0190, 0x00007f5bec4f0000)
  to   space 189888K,   0% used [0x00007f5bd5210000, 0x00007f5bd5210000, 0x00007f5be0b80000)
 tenured generation   total 3798792K, used 3792822K [0x00007f60cdb50000, 0x00007f61b5912000, 0x00007f6b78600000)
   the space 3798792K,  99% used [0x00007f60cdb50000, 0x00007f61b533d8f8, 0x00007f61b533da00, 0x00007f61b5912000)
 Metaspace       used 24243K, capacity 24633K, committed 24832K, reserved 26624K
}
Event: 2414.979 GC heap after
{Heap after GC invocations=2011 (full 5):
 def new generation   total 1709568K, used 83255K [0x00007f5b78600000, 0x00007f5bec4f0000, 0x00007f60cdb50000)
  eden space 1519680K,   0% used [0x00007f5b78600000, 0x00007f5b78600000, 0x00007f5bd5210000)
  from space 189888K,  43% used [0x00007f5bd5210000, 0x00007f5bda35dd18, 0x00007f5be0b80000)
  to   space 189888K,   0% used [0x00007f5be0b80000, 0x00007f5be0b80000, 0x00007f5bec4f0000)
 tenured generation   total 3798792K, used 3792822K [0x00007f60cdb50000, 0x00007f61b5912000, 0x00007f6b78600000)
   the space 3798792K,  99% used [0x00007f60cdb50000, 0x00007f61b533d8f8, 0x00007f61b533da00, 0x00007f61b5912000)
 Metaspace       used 24243K, capacity 24633K, committed 24832K, reserved 26624K
}
Event: 2416.681 GC heap before
{Heap before GC invocations=2011 (full 5):
 def new generation   total 1709568K, used 1602935K [0x00007f5b78600000, 0x00007f5bec4f0000, 0x00007f60cdb50000)
  eden space 1519680K, 100% used [0x00007f5b78600000, 0x00007f5bd5210000, 0x00007f5bd5210000)
  from space 189888K,  43% used [0x00007f5bd5210000, 0x00007f5bda35dd18, 0x00007f5be0b80000)
  to   space 189888K,   0% used [0x00007f5be0b80000, 0x00007f5be0b80000, 0x00007f5bec4f0000)
 tenured generation   total 3798792K, used 3792822K [0x00007f60cdb50000, 0x00007f61b5912000, 0x00007f6b78600000)
   the space 3798792K,  99% used [0x00007f60cdb50000, 0x00007f61b533d8f8, 0x00007f61b533da00, 0x00007f61b5912000)
 Metaspace       used 24243K, capacity 24633K, committed 24832K, reserved 26624K
}
Event: 2416.772 GC heap after
{Heap after GC invocations=2012 (full 5):
 def new generation   total 1709568K, used 68343K [0x00007f5b78600000, 0x00007f5bec4f0000, 0x00007f60cdb50000)
  eden space 1519680K,   0% used [0x00007f5b78600000, 0x00007f5b78600000, 0x00007f5bd5210000)
  from space 189888K,  35% used [0x00007f5be0b80000, 0x00007f5be4e3df68, 0x00007f5bec4f0000)
  to   space 189888K,   0% used [0x00007f5bd5210000, 0x00007f5bd5210000, 0x00007f5be0b80000)
 tenured generation   total 3815180K, used 3809782K [0x00007f60cdb50000, 0x00007f61b6913000, 0x00007f6b78600000)
   the space 3815180K,  99% used [0x00007f60cdb50000, 0x00007f61b63cd8f0, 0x00007f61b63cda00, 0x00007f61b6913000)
 Metaspace       used 24243K, capacity 24633K, committed 24832K, reserved 26624K
}
Event: 2416.772 GC heap before
{Heap before GC invocations=2012 (full 5):
 def new generation   total 1709568K, used 68343K [0x00007f5b78600000, 0x00007f5bec4f0000, 0x00007f60cdb50000)
  eden space 1519680K,   0% used [0x00007f5b78600000, 0x00007f5b78600000, 0x00007f5bd5210000)
  from space 189888K,  35% used [0x00007f5be0b80000, 0x00007f5be4e3df68, 0x00007f5bec4f0000)
  to   space 189888K,   0% used [0x00007f5bd5210000, 0x00007f5bd5210000, 0x00007f5be0b80000)
 tenured generation   total 3815180K, used 3809782K [0x00007f60cdb50000, 0x00007f61b6913000, 0x00007f6b78600000)
   the space 3815180K,  99% used [0x00007f60cdb50000, 0x00007f61b63cd8f0, 0x00007f61b63cda00, 0x00007f61b6913000)
 Metaspace       used 24243K, capacity 24633K, committed 24832K, reserved 26624K
}

