# JRE version: OpenJDK Runtime Environment (13.0.7+5) (build 13.0.7+5-Ubuntu-0ubuntu120.04)
# Java VM: OpenJDK 64-Bit Server VM (13.0.7+5-Ubuntu-0ubuntu120.04, mixed mode, tiered, serial gc, linux-amd64)
Heap:
 def new generation   total 2917824K, used 61734K [0x00007f7f60600000, 0x00007f8026400000, 0x00007f84b5b50000)
  eden space 2593664K,   2% used [0x00007f7f60600000, 0x00007f7f64249860, 0x00007f7ffeae0000)
  from space 324160K,   0% used [0x00007f7ffeae0000, 0x00007f7ffeae0000, 0x00007f8012770000)
  to   space 324160K,   0% used [0x00007f8012770000, 0x00007f8012770000, 0x00007f8026400000)
 tenured generation   total 6486256K, used 6486255K [0x00007f84b5b50000, 0x00007f864198c000, 0x00007f8f60600000)
   the space 6486256K,  99% used [0x00007f84b5b50000, 0x00007f864198bfd0, 0x00007f864198c000, 0x00007f864198c000)
 Metaspace       used 24360K, capacity 24784K, committed 24832K, reserved 26624K
GC Heap History (20 events):
Event: 2425.559 GC heap after
{Heap after GC invocations=2998 (full 4):
 def new generation   total 2917824K, used 74247K [0x00007f7f60600000, 0x00007f8026400000, 0x00007f84b5b50000)
  eden space 2593664K,   0% used [0x00007f7f60600000, 0x00007f7f60600000, 0x00007f7ffeae0000)
  from space 324160K,  22% used [0x00007f8012770000, 0x00007f8016ff1db8, 0x00007f8026400000)
  to   space 324160K,   0% used [0x00007f7ffeae0000, 0x00007f7ffeae0000, 0x00007f8012770000)
 tenured generation   total 6483952K, used 6431589K [0x00007f84b5b50000, 0x00007f864174c000, 0x00007f8f60600000)
   the space 6483952K,  99% used [0x00007f84b5b50000, 0x00007f863e429730, 0x00007f863e429800, 0x00007f864174c000)
 Metaspace       used 24360K, capacity 24784K, committed 24832K, reserved 26624K
}
Event: 2427.224 GC heap before
{Heap before GC invocations=2998 (full 4):
 def new generation   total 2917824K, used 2667911K [0x00007f7f60600000, 0x00007f8026400000, 0x00007f84b5b50000)
  eden space 2593664K, 100% used [0x00007f7f60600000, 0x00007f7ffeae0000, 0x00007f7ffeae0000)
  from space 324160K,  22% used [0x00007f8012770000, 0x00007f8016ff1db8, 0x00007f8026400000)
  to   space 324160K,   0% used [0x00007f7ffeae0000, 0x00007f7ffeae0000, 0x00007f8012770000)
 tenured generation   total 6483952K, used 6431589K [0x00007f84b5b50000, 0x00007f864174c000, 0x00007f8f60600000)
   the space 6483952K,  99% used [0x00007f84b5b50000, 0x00007f863e429730, 0x00007f863e429800, 0x00007f864174c000)
 Metaspace       used 24360K, capacity 24784K, committed 24832K, reserved 26624K
}
Event: 2427.307 GC heap after
{Heap after GC invocations=2999 (full 4):
 def new generation   total 2917824K, used 75938K [0x00007f7f60600000, 0x00007f8026400000, 0x00007f84b5b50000)
  eden space 2593664K,   0% used [0x00007f7f60600000, 0x00007f7f60600000, 0x00007f7ffeae0000)
  from space 324160K,  23% used [0x00007f7ffeae0000, 0x00007f8003508b70, 0x00007f8012770000)
  to   space 324160K,   0% used [0x00007f8012770000, 0x00007f8012770000, 0x00007f8026400000)
 tenured generation   total 6483952K, used 6434671K [0x00007f84b5b50000, 0x00007f864174c000, 0x00007f8f60600000)
   the space 6483952K,  99% used [0x00007f84b5b50000, 0x00007f863e72bf40, 0x00007f863e72c000, 0x00007f864174c000)
 Metaspace       used 24360K, capacity 24784K, committed 24832K, reserved 26624K
}
Event: 2428.959 GC heap before
{Heap before GC invocations=2999 (full 4):
 def new generation   total 2917824K, used 2669602K [0x00007f7f60600000, 0x00007f8026400000, 0x00007f84b5b50000)
  eden space 2593664K, 100% used [0x00007f7f60600000, 0x00007f7ffeae0000, 0x00007f7ffeae0000)
  from space 324160K,  23% used [0x00007f7ffeae0000, 0x00007f8003508b70, 0x00007f8012770000)
  to   space 324160K,   0% used [0x00007f8012770000, 0x00007f8012770000, 0x00007f8026400000)
 tenured generation   total 6483952K, used 6434671K [0x00007f84b5b50000, 0x00007f864174c000, 0x00007f8f60600000)
   the space 6483952K,  99% used [0x00007f84b5b50000, 0x00007f863e72bf40, 0x00007f863e72c000, 0x00007f864174c000)
 Metaspace       used 24360K, capacity 24784K, committed 24832K, reserved 26624K
}
Event: 2429.027 GC heap after
{Heap after GC invocations=3000 (full 4):
 def new generation   total 2917824K, used 77502K [0x00007f7f60600000, 0x00007f8026400000, 0x00007f84b5b50000)
  eden space 2593664K,   0% used [0x00007f7f60600000, 0x00007f7f60600000, 0x00007f7ffeae0000)
  from space 324160K,  23% used [0x00007f8012770000, 0x00007f801731faa8, 0x00007f8026400000)
  to   space 324160K,   0% used [0x00007f7ffeae0000, 0x00007f7ffeae0000, 0x00007f8012770000)
 tenured generation   total 6483952K, used 6437754K [0x00007f84b5b50000, 0x00007f864174c000, 0x00007f8f60600000)
   the space 6483952K,  99% used [0x00007f84b5b50000, 0x00007f863ea2e900, 0x00007f863ea2ea00, 0x00007f864174c000)
 Metaspace       used 24360K, capacity 24784K, committed 24832K, reserved 26624K
}
Event: 2430.730 GC heap before
{Heap before GC invocations=3000 (full 4):
 def new generation   total 2917824K, used 2671166K [0x00007f7f60600000, 0x00007f8026400000, 0x00007f84b5b50000)
  eden space 2593664K, 100% used [0x00007f7f60600000, 0x00007f7ffeae0000, 0x00007f7ffeae0000)
  from space 324160K,  23% used [0x00007f8012770000, 0x00007f801731faa8, 0x00007f8026400000)
  to   space 324160K,   0% used [0x00007f7ffeae0000, 0x00007f7ffeae0000, 0x00007f8012770000)
 tenured generation   total 6483952K, used 6437754K [0x00007f84b5b50000, 0x00007f864174c000, 0x00007f8f60600000)
   the space 6483952K,  99% used [0x00007f84b5b50000, 0x00007f863ea2e900, 0x00007f863ea2ea00, 0x00007f864174c000)
 Metaspace       used 24360K, capacity 24784K, committed 24832K, reserved 26624K
}
Event: 2430.795 GC heap after
{Heap after GC invocations=3001 (full 4):
 def new generation   total 2917824K, used 78816K [0x00007f7f60600000, 0x00007f8026400000, 0x00007f84b5b50000)
  eden space 2593664K,   0% used [0x00007f7f60600000, 0x00007f7f60600000, 0x00007f7ffeae0000)
  from space 324160K,  24% used [0x00007f7ffeae0000, 0x00007f80037d80b8, 0x00007f8012770000)
  to   space 324160K,   0% used [0x00007f8012770000, 0x00007f8012770000, 0x00007f8026400000)
 tenured generation   total 6483952K, used 6440954K [0x00007f84b5b50000, 0x00007f864174c000, 0x00007f8f60600000)
   the space 6483952K,  99% used [0x00007f84b5b50000, 0x00007f863ed4e988, 0x00007f863ed4ea00, 0x00007f864174c000)
 Metaspace       used 24360K, capacity 24784K, committed 24832K, reserved 26624K
}
Event: 2432.485 GC heap before
{Heap before GC invocations=3001 (full 4):
 def new generation   total 2917824K, used 2672480K [0x00007f7f60600000, 0x00007f8026400000, 0x00007f84b5b50000)
  eden space 2593664K, 100% used [0x00007f7f60600000, 0x00007f7ffeae0000, 0x00007f7ffeae0000)
  from space 324160K,  24% used [0x00007f7ffeae0000, 0x00007f80037d80b8, 0x00007f8012770000)
  to   space 324160K,   0% used [0x00007f8012770000, 0x00007f8012770000, 0x00007f8026400000)
 tenured generation   total 6483952K, used 6440954K [0x00007f84b5b50000, 0x00007f864174c000, 0x00007f8f60600000)
   the space 6483952K,  99% used [0x00007f84b5b50000, 0x00007f863ed4e988, 0x00007f863ed4ea00, 0x00007f864174c000)
 Metaspace       used 24360K, capacity 24784K, committed 24832K, reserved 26624K
}
Event: 2432.549 GC heap after
{Heap after GC invocations=3002 (full 4):
 def new generation   total 2917824K, used 80494K [0x00007f7f60600000, 0x00007f8026400000, 0x00007f84b5b50000)
  eden space 2593664K,   0% used [0x00007f7f60600000, 0x00007f7f60600000, 0x00007f7ffeae0000)
  from space 324160K,  24% used [0x00007f8012770000, 0x00007f801760b8d8, 0x00007f8026400000)
  to   space 324160K,   0% used [0x00007f7ffeae0000, 0x00007f7ffeae0000, 0x00007f8012770000)
 tenured generation   total 6483952K, used 6444154K [0x00007f84b5b50000, 0x00007f864174c000, 0x00007f8f60600000)
   the space 6483952K,  99% used [0x00007f84b5b50000, 0x00007f863f06ea10, 0x00007f863f06ec00, 0x00007f864174c000)
 Metaspace       used 24360K, capacity 24784K, committed 24832K, reserved 26624K
}
Event: 2434.269 GC heap before
{Heap before GC invocations=3002 (full 4):
 def new generation   total 2917824K, used 2674158K [0x00007f7f60600000, 0x00007f8026400000, 0x00007f84b5b50000)
  eden space 2593664K, 100% used [0x00007f7f60600000, 0x00007f7ffeae0000, 0x00007f7ffeae0000)
  from space 324160K,  24% used [0x00007f8012770000, 0x00007f801760b8d8, 0x00007f8026400000)
  to   space 324160K,   0% used [0x00007f7ffeae0000, 0x00007f7ffeae0000, 0x00007f8012770000)
 tenured generation   total 6483952K, used 6444154K [0x00007f84b5b50000, 0x00007f864174c000, 0x00007f8f60600000)
   the space 6483952K,  99% used [0x00007f84b5b50000, 0x00007f863f06ea10, 0x00007f863f06ec00, 0x00007f864174c000)
 Metaspace       used 24360K, capacity 24784K, committed 24832K, reserved 26624K
}
Event: 2434.340 GC heap after
{Heap after GC invocations=3003 (full 4):
 def new generation   total 2917824K, used 80098K [0x00007f7f60600000, 0x00007f8026400000, 0x00007f84b5b50000)
  eden space 2593664K,   0% used [0x00007f7f60600000, 0x00007f7f60600000, 0x00007f7ffeae0000)
  from space 324160K,  24% used [0x00007f7ffeae0000, 0x00007f8003918a98, 0x00007f8012770000)
  to   space 324160K,   0% used [0x00007f8012770000, 0x00007f8012770000, 0x00007f8026400000)
 tenured generation   total 6483952K, used 6449126K [0x00007f84b5b50000, 0x00007f864174c000, 0x00007f8f60600000)
   the space 6483952K,  99% used [0x00007f84b5b50000, 0x00007f863f549a30, 0x00007f863f549c00, 0x00007f864174c000)
 Metaspace       used 24360K, capacity 24784K, committed 24832K, reserved 26624K
}
Event: 2436.073 GC heap before
{Heap before GC invocations=3003 (full 4):
 def new generation   total 2917824K, used 2673762K [0x00007f7f60600000, 0x00007f8026400000, 0x00007f84b5b50000)
  eden space 2593664K, 100% used [0x00007f7f60600000, 0x00007f7ffeae0000, 0x00007f7ffeae0000)
  from space 324160K,  24% used [0x00007f7ffeae0000, 0x00007f8003918a98, 0x00007f8012770000)
  to   space 324160K,   0% used [0x00007f8012770000, 0x00007f8012770000, 0x00007f8026400000)
 tenured generation   total 6483952K, used 6449126K [0x00007f84b5b50000, 0x00007f864174c000, 0x00007f8f60600000)
   the space 6483952K,  99% used [0x00007f84b5b50000, 0x00007f863f549a30, 0x00007f863f549c00, 0x00007f864174c000)
 Metaspace       used 24360K, capacity 24784K, committed 24832K, reserved 26624K
}
Event: 2436.147 GC heap after
{Heap after GC invocations=3004 (full 4):
 def new generation   total 2917824K, used 75392K [0x00007f7f60600000, 0x00007f8026400000, 0x00007f84b5b50000)
  eden space 2593664K,   0% used [0x00007f7f60600000, 0x00007f7f60600000, 0x00007f7ffeae0000)
  from space 324160K,  23% used [0x00007f8012770000, 0x00007f8017110098, 0x00007f8026400000)
  to   space 324160K,   0% used [0x00007f7ffeae0000, 0x00007f7ffeae0000, 0x00007f8012770000)
 tenured generation   total 6483952K, used 6458350K [0x00007f84b5b50000, 0x00007f864174c000, 0x00007f8f60600000)
   the space 6483952K,  99% used [0x00007f84b5b50000, 0x00007f863fe4baa0, 0x00007f863fe4bc00, 0x00007f864174c000)
 Metaspace       used 24360K, capacity 24784K, committed 24832K, reserved 26624K
}
Event: 2437.909 GC heap before
{Heap before GC invocations=3004 (full 4):
 def new generation   total 2917824K, used 2669056K [0x00007f7f60600000, 0x00007f8026400000, 0x00007f84b5b50000)
  eden space 2593664K, 100% used [0x00007f7f60600000, 0x00007f7ffeae0000, 0x00007f7ffeae0000)
  from space 324160K,  23% used [0x00007f8012770000, 0x00007f8017110098, 0x00007f8026400000)
  to   space 324160K,   0% used [0x00007f7ffeae0000, 0x00007f7ffeae0000, 0x00007f8012770000)
 tenured generation   total 6483952K, used 6458350K [0x00007f84b5b50000, 0x00007f864174c000, 0x00007f8f60600000)
   the space 6483952K,  99% used [0x00007f84b5b50000, 0x00007f863fe4baa0, 0x00007f863fe4bc00, 0x00007f864174c000)
 Metaspace       used 24360K, capacity 24784K, committed 24832K, reserved 26624K
}
Event: 2437.978 GC heap after
{Heap after GC invocations=3005 (full 4):
 def new generation   total 2917824K, used 70972K [0x00007f7f60600000, 0x00007f8026400000, 0x00007f84b5b50000)
  eden space 2593664K,   0% used [0x00007f7f60600000, 0x00007f7f60600000, 0x00007f7ffeae0000)
  from space 324160K,  21% used [0x00007f7ffeae0000, 0x00007f800302f2c0, 0x00007f8012770000)
  to   space 324160K,   0% used [0x00007f8012770000, 0x00007f8012770000, 0x00007f8026400000)
 tenured generation   total 6483952K, used 6467574K [0x00007f84b5b50000, 0x00007f864174c000, 0x00007f8f60600000)
   the space 6483952K,  99% used [0x00007f84b5b50000, 0x00007f864074db10, 0x00007f864074dc00, 0x00007f864174c000)
 Metaspace       used 24360K, capacity 24784K, committed 24832K, reserved 26624K
}
Event: 2439.717 GC heap before
{Heap before GC invocations=3005 (full 4):
 def new generation   total 2917824K, used 2664609K [0x00007f7f60600000, 0x00007f8026400000, 0x00007f84b5b50000)
  eden space 2593664K,  99% used [0x00007f7f60600000, 0x00007f7ffead9478, 0x00007f7ffeae0000)
  from space 324160K,  21% used [0x00007f7ffeae0000, 0x00007f800302f2c0, 0x00007f8012770000)
  to   space 324160K,   0% used [0x00007f8012770000, 0x00007f8012770000, 0x00007f8026400000)
 tenured generation   total 6483952K, used 6467574K [0x00007f84b5b50000, 0x00007f864174c000, 0x00007f8f60600000)
   the space 6483952K,  99% used [0x00007f84b5b50000, 0x00007f864074db10, 0x00007f864074dc00, 0x00007f864174c000)
 Metaspace       used 24360K, capacity 24784K, committed 24832K, reserved 26624K
}
Event: 2439.779 GC heap after
{Heap after GC invocations=3006 (full 4):
 def new generation   total 2917824K, used 66345K [0x00007f7f60600000, 0x00007f8026400000, 0x00007f84b5b50000)
  eden space 2593664K,   0% used [0x00007f7f60600000, 0x00007f7f60600000, 0x00007f7ffeae0000)
  from space 324160K,  20% used [0x00007f8012770000, 0x00007f801683a5c0, 0x00007f8026400000)
  to   space 324160K,   0% used [0x00007f7ffeae0000, 0x00007f7ffeae0000, 0x00007f8012770000)
 tenured generation   total 6483952K, used 6476921K [0x00007f84b5b50000, 0x00007f864174c000, 0x00007f8f60600000)
   the space 6483952K,  99% used [0x00007f84b5b50000, 0x00007f864106e538, 0x00007f864106e600, 0x00007f864174c000)
 Metaspace       used 24360K, capacity 24784K, committed 24832K, reserved 26624K
}
Event: 2441.522 GC heap before
{Heap before GC invocations=3006 (full 4):
 def new generation   total 2917824K, used 2660009K [0x00007f7f60600000, 0x00007f8026400000, 0x00007f84b5b50000)
  eden space 2593664K, 100% used [0x00007f7f60600000, 0x00007f7ffeae0000, 0x00007f7ffeae0000)
  from space 324160K,  20% used [0x00007f8012770000, 0x00007f801683a5c0, 0x00007f8026400000)
  to   space 324160K,   0% used [0x00007f7ffeae0000, 0x00007f7ffeae0000, 0x00007f8012770000)
 tenured generation   total 6483952K, used 6476921K [0x00007f84b5b50000, 0x00007f864174c000, 0x00007f8f60600000)
   the space 6483952K,  99% used [0x00007f84b5b50000, 0x00007f864106e538, 0x00007f864106e600, 0x00007f864174c000)
 Metaspace       used 24360K, capacity 24784K, committed 24832K, reserved 26624K
}
Event: 2441.586 GC heap after
{Heap after GC invocations=3007 (full 4):
 def new generation   total 2917824K, used 61844K [0x00007f7f60600000, 0x00007f8026400000, 0x00007f84b5b50000)
  eden space 2593664K,   0% used [0x00007f7f60600000, 0x00007f7f60600000, 0x00007f7ffeae0000)
  from space 324160K,  19% used [0x00007f7ffeae0000, 0x00007f8002745288, 0x00007f8012770000)
  to   space 324160K,   0% used [0x00007f8012770000, 0x00007f8012770000, 0x00007f8026400000)
 tenured generation   total 6486256K, used 6486145K [0x00007f84b5b50000, 0x00007f864198c000, 0x00007f8f60600000)
   the space 6486256K,  99% used [0x00007f84b5b50000, 0x00007f86419705a8, 0x00007f8641970600, 0x00007f864198c000)
 Metaspace       used 24360K, capacity 24784K, committed 24832K, reserved 26624K
}
Event: 2441.586 GC heap before
{Heap before GC invocations=3007 (full 4):
 def new generation   total 2917824K, used 61844K [0x00007f7f60600000, 0x00007f8026400000, 0x00007f84b5b50000)
  eden space 2593664K,   0% used [0x00007f7f60600000, 0x00007f7f60600000, 0x00007f7ffeae0000)
  from space 324160K,  19% used [0x00007f7ffeae0000, 0x00007f8002745288, 0x00007f8012770000)
  to   space 324160K,   0% used [0x00007f8012770000, 0x00007f8012770000, 0x00007f8026400000)
 tenured generation   total 6486256K, used 6486145K [0x00007f84b5b50000, 0x00007f864198c000, 0x00007f8f60600000)
   the space 6486256K,  99% used [0x00007f84b5b50000, 0x00007f86419705a8, 0x00007f8641970600, 0x00007f864198c000)
 Metaspace       used 24360K, capacity 24784K, committed 24832K, reserved 26624K
}

