# JRE version: OpenJDK Runtime Environment (13.0.7+5) (build 13.0.7+5-Ubuntu-0ubuntu120.04)
# Java VM: OpenJDK 64-Bit Server VM (13.0.7+5-Ubuntu-0ubuntu120.04, mixed mode, tiered, serial gc, linux-amd64)
Heap:
 def new generation   total 629248K, used 3776K [0x00007f1a70600000, 0x00007f1a9b0c0000, 0x00007f1fc5b50000)
  eden space 559360K,   0% used [0x00007f1a70600000, 0x00007f1a709b0360, 0x00007f1a92840000)
  from space 69888K,   0% used [0x00007f1a92840000, 0x00007f1a92840000, 0x00007f1a96c80000)
  to   space 69888K,   0% used [0x00007f1a96c80000, 0x00007f1a96c80000, 0x00007f1a9b0c0000)
 tenured generation   total 1398144K, used 1398143K [0x00007f1fc5b50000, 0x00007f201b0b0000, 0x00007f2a70600000)
   the space 1398144K,  99% used [0x00007f1fc5b50000, 0x00007f201b0afce8, 0x00007f201b0afe00, 0x00007f201b0b0000)
 Metaspace       used 24283K, capacity 24699K, committed 24832K, reserved 26624K
GC Heap History (20 events):
Event: 905.236 GC heap after
{Heap after GC invocations=4456 (full 1):
 def new generation   total 629248K, used 3856K [0x00007f1a70600000, 0x00007f1a9b0c0000, 0x00007f1fc5b50000)
  eden space 559360K,   0% used [0x00007f1a70600000, 0x00007f1a70600000, 0x00007f1a92840000)
  from space 69888K,   5% used [0x00007f1a96c80000, 0x00007f1a97044138, 0x00007f1a9b0c0000)
  to   space 69888K,   0% used [0x00007f1a92840000, 0x00007f1a92840000, 0x00007f1a96c80000)
 tenured generation   total 1398144K, used 1395864K [0x00007f1fc5b50000, 0x00007f201b0b0000, 0x00007f2a70600000)
   the space 1398144K,  99% used [0x00007f1fc5b50000, 0x00007f201ae76088, 0x00007f201ae76200, 0x00007f201b0b0000)
 Metaspace       used 24283K, capacity 24699K, committed 24832K, reserved 26624K
}
Event: 905.427 GC heap before
{Heap before GC invocations=4456 (full 1):
 def new generation   total 629248K, used 563216K [0x00007f1a70600000, 0x00007f1a9b0c0000, 0x00007f1fc5b50000)
  eden space 559360K, 100% used [0x00007f1a70600000, 0x00007f1a92840000, 0x00007f1a92840000)
  from space 69888K,   5% used [0x00007f1a96c80000, 0x00007f1a97044138, 0x00007f1a9b0c0000)
  to   space 69888K,   0% used [0x00007f1a92840000, 0x00007f1a92840000, 0x00007f1a96c80000)
 tenured generation   total 1398144K, used 1395864K [0x00007f1fc5b50000, 0x00007f201b0b0000, 0x00007f2a70600000)
   the space 1398144K,  99% used [0x00007f1fc5b50000, 0x00007f201ae76088, 0x00007f201ae76200, 0x00007f201b0b0000)
 Metaspace       used 24283K, capacity 24699K, committed 24832K, reserved 26624K
}
Event: 905.431 GC heap after
{Heap after GC invocations=4457 (full 1):
 def new generation   total 629248K, used 3700K [0x00007f1a70600000, 0x00007f1a9b0c0000, 0x00007f1fc5b50000)
  eden space 559360K,   0% used [0x00007f1a70600000, 0x00007f1a70600000, 0x00007f1a92840000)
  from space 69888K,   5% used [0x00007f1a92840000, 0x00007f1a92bdd320, 0x00007f1a96c80000)
  to   space 69888K,   0% used [0x00007f1a96c80000, 0x00007f1a96c80000, 0x00007f1a9b0c0000)
 tenured generation   total 1398144K, used 1396259K [0x00007f1fc5b50000, 0x00007f201b0b0000, 0x00007f2a70600000)
   the space 1398144K,  99% used [0x00007f1fc5b50000, 0x00007f201aed8f08, 0x00007f201aed9000, 0x00007f201b0b0000)
 Metaspace       used 24283K, capacity 24699K, committed 24832K, reserved 26624K
}
Event: 905.634 GC heap before
{Heap before GC invocations=4457 (full 1):
 def new generation   total 629248K, used 563060K [0x00007f1a70600000, 0x00007f1a9b0c0000, 0x00007f1fc5b50000)
  eden space 559360K, 100% used [0x00007f1a70600000, 0x00007f1a92840000, 0x00007f1a92840000)
  from space 69888K,   5% used [0x00007f1a92840000, 0x00007f1a92bdd320, 0x00007f1a96c80000)
  to   space 69888K,   0% used [0x00007f1a96c80000, 0x00007f1a96c80000, 0x00007f1a9b0c0000)
 tenured generation   total 1398144K, used 1396259K [0x00007f1fc5b50000, 0x00007f201b0b0000, 0x00007f2a70600000)
   the space 1398144K,  99% used [0x00007f1fc5b50000, 0x00007f201aed8f08, 0x00007f201aed9000, 0x00007f201b0b0000)
 Metaspace       used 24283K, capacity 24699K, committed 24832K, reserved 26624K
}
Event: 905.638 GC heap after
{Heap after GC invocations=4458 (full 1):
 def new generation   total 629248K, used 3613K [0x00007f1a70600000, 0x00007f1a9b0c0000, 0x00007f1fc5b50000)
  eden space 559360K,   0% used [0x00007f1a70600000, 0x00007f1a70600000, 0x00007f1a92840000)
  from space 69888K,   5% used [0x00007f1a96c80000, 0x00007f1a97007478, 0x00007f1a9b0c0000)
  to   space 69888K,   0% used [0x00007f1a92840000, 0x00007f1a92840000, 0x00007f1a96c80000)
 tenured generation   total 1398144K, used 1396563K [0x00007f1fc5b50000, 0x00007f201b0b0000, 0x00007f2a70600000)
   the space 1398144K,  99% used [0x00007f1fc5b50000, 0x00007f201af24c98, 0x00007f201af24e00, 0x00007f201b0b0000)
 Metaspace       used 24283K, capacity 24699K, committed 24832K, reserved 26624K
}
Event: 905.836 GC heap before
{Heap before GC invocations=4458 (full 1):
 def new generation   total 629248K, used 562973K [0x00007f1a70600000, 0x00007f1a9b0c0000, 0x00007f1fc5b50000)
  eden space 559360K, 100% used [0x00007f1a70600000, 0x00007f1a92840000, 0x00007f1a92840000)
  from space 69888K,   5% used [0x00007f1a96c80000, 0x00007f1a97007478, 0x00007f1a9b0c0000)
  to   space 69888K,   0% used [0x00007f1a92840000, 0x00007f1a92840000, 0x00007f1a96c80000)
 tenured generation   total 1398144K, used 1396563K [0x00007f1fc5b50000, 0x00007f201b0b0000, 0x00007f2a70600000)
   the space 1398144K,  99% used [0x00007f1fc5b50000, 0x00007f201af24c98, 0x00007f201af24e00, 0x00007f201b0b0000)
 Metaspace       used 24283K, capacity 24699K, committed 24832K, reserved 26624K
}
Event: 905.840 GC heap after
{Heap after GC invocations=4459 (full 1):
 def new generation   total 629248K, used 3627K [0x00007f1a70600000, 0x00007f1a9b0c0000, 0x00007f1fc5b50000)
  eden space 559360K,   0% used [0x00007f1a70600000, 0x00007f1a70600000, 0x00007f1a92840000)
  from space 69888K,   5% used [0x00007f1a92840000, 0x00007f1a92bcaff0, 0x00007f1a96c80000)
  to   space 69888K,   0% used [0x00007f1a96c80000, 0x00007f1a96c80000, 0x00007f1a9b0c0000)
 tenured generation   total 1398144K, used 1396749K [0x00007f1fc5b50000, 0x00007f201b0b0000, 0x00007f2a70600000)
   the space 1398144K,  99% used [0x00007f1fc5b50000, 0x00007f201af534f8, 0x00007f201af53600, 0x00007f201b0b0000)
 Metaspace       used 24283K, capacity 24699K, committed 24832K, reserved 26624K
}
Event: 906.036 GC heap before
{Heap before GC invocations=4459 (full 1):
 def new generation   total 629248K, used 562987K [0x00007f1a70600000, 0x00007f1a9b0c0000, 0x00007f1fc5b50000)
  eden space 559360K, 100% used [0x00007f1a70600000, 0x00007f1a92840000, 0x00007f1a92840000)
  from space 69888K,   5% used [0x00007f1a92840000, 0x00007f1a92bcaff0, 0x00007f1a96c80000)
  to   space 69888K,   0% used [0x00007f1a96c80000, 0x00007f1a96c80000, 0x00007f1a9b0c0000)
 tenured generation   total 1398144K, used 1396749K [0x00007f1fc5b50000, 0x00007f201b0b0000, 0x00007f2a70600000)
   the space 1398144K,  99% used [0x00007f1fc5b50000, 0x00007f201af534f8, 0x00007f201af53600, 0x00007f201b0b0000)
 Metaspace       used 24283K, capacity 24699K, committed 24832K, reserved 26624K
}
Event: 906.040 GC heap after
{Heap after GC invocations=4460 (full 1):
 def new generation   total 629248K, used 3586K [0x00007f1a70600000, 0x00007f1a9b0c0000, 0x00007f1fc5b50000)
  eden space 559360K,   0% used [0x00007f1a70600000, 0x00007f1a70600000, 0x00007f1a92840000)
  from space 69888K,   5% used [0x00007f1a96c80000, 0x00007f1a97000b88, 0x00007f1a9b0c0000)
  to   space 69888K,   0% used [0x00007f1a92840000, 0x00007f1a92840000, 0x00007f1a96c80000)
 tenured generation   total 1398144K, used 1396969K [0x00007f1fc5b50000, 0x00007f201b0b0000, 0x00007f2a70600000)
   the space 1398144K,  99% used [0x00007f1fc5b50000, 0x00007f201af8a6f8, 0x00007f201af8a800, 0x00007f201b0b0000)
 Metaspace       used 24283K, capacity 24699K, committed 24832K, reserved 26624K
}
Event: 906.230 GC heap before
{Heap before GC invocations=4460 (full 1):
 def new generation   total 629248K, used 562946K [0x00007f1a70600000, 0x00007f1a9b0c0000, 0x00007f1fc5b50000)
  eden space 559360K, 100% used [0x00007f1a70600000, 0x00007f1a92840000, 0x00007f1a92840000)
  from space 69888K,   5% used [0x00007f1a96c80000, 0x00007f1a97000b88, 0x00007f1a9b0c0000)
  to   space 69888K,   0% used [0x00007f1a92840000, 0x00007f1a92840000, 0x00007f1a96c80000)
 tenured generation   total 1398144K, used 1396969K [0x00007f1fc5b50000, 0x00007f201b0b0000, 0x00007f2a70600000)
   the space 1398144K,  99% used [0x00007f1fc5b50000, 0x00007f201af8a6f8, 0x00007f201af8a800, 0x00007f201b0b0000)
 Metaspace       used 24283K, capacity 24699K, committed 24832K, reserved 26624K
}
Event: 906.234 GC heap after
{Heap after GC invocations=4461 (full 1):
 def new generation   total 629248K, used 3619K [0x00007f1a70600000, 0x00007f1a9b0c0000, 0x00007f1fc5b50000)
  eden space 559360K,   0% used [0x00007f1a70600000, 0x00007f1a70600000, 0x00007f1a92840000)
  from space 69888K,   5% used [0x00007f1a92840000, 0x00007f1a92bc8c60, 0x00007f1a96c80000)
  to   space 69888K,   0% used [0x00007f1a96c80000, 0x00007f1a96c80000, 0x00007f1a9b0c0000)
 tenured generation   total 1398144K, used 1397224K [0x00007f1fc5b50000, 0x00007f201b0b0000, 0x00007f2a70600000)
   the space 1398144K,  99% used [0x00007f1fc5b50000, 0x00007f201afca298, 0x00007f201afca400, 0x00007f201b0b0000)
 Metaspace       used 24283K, capacity 24699K, committed 24832K, reserved 26624K
}
Event: 906.423 GC heap before
{Heap before GC invocations=4461 (full 1):
 def new generation   total 629248K, used 562979K [0x00007f1a70600000, 0x00007f1a9b0c0000, 0x00007f1fc5b50000)
  eden space 559360K, 100% used [0x00007f1a70600000, 0x00007f1a92840000, 0x00007f1a92840000)
  from space 69888K,   5% used [0x00007f1a92840000, 0x00007f1a92bc8c60, 0x00007f1a96c80000)
  to   space 69888K,   0% used [0x00007f1a96c80000, 0x00007f1a96c80000, 0x00007f1a9b0c0000)
 tenured generation   total 1398144K, used 1397224K [0x00007f1fc5b50000, 0x00007f201b0b0000, 0x00007f2a70600000)
   the space 1398144K,  99% used [0x00007f1fc5b50000, 0x00007f201afca298, 0x00007f201afca400, 0x00007f201b0b0000)
 Metaspace       used 24283K, capacity 24699K, committed 24832K, reserved 26624K
}
Event: 906.428 GC heap after
{Heap after GC invocations=4462 (full 1):
 def new generation   total 629248K, used 3724K [0x00007f1a70600000, 0x00007f1a9b0c0000, 0x00007f1fc5b50000)
  eden space 559360K,   0% used [0x00007f1a70600000, 0x00007f1a70600000, 0x00007f1a92840000)
  from space 69888K,   5% used [0x00007f1a96c80000, 0x00007f1a97023118, 0x00007f1a9b0c0000)
  to   space 69888K,   0% used [0x00007f1a92840000, 0x00007f1a92840000, 0x00007f1a96c80000)
 tenured generation   total 1398144K, used 1397515K [0x00007f1fc5b50000, 0x00007f201b0b0000, 0x00007f2a70600000)
   the space 1398144K,  99% used [0x00007f1fc5b50000, 0x00007f201b012d98, 0x00007f201b012e00, 0x00007f201b0b0000)
 Metaspace       used 24283K, capacity 24699K, committed 24832K, reserved 26624K
}
Event: 906.624 GC heap before
{Heap before GC invocations=4462 (full 1):
 def new generation   total 629248K, used 563084K [0x00007f1a70600000, 0x00007f1a9b0c0000, 0x00007f1fc5b50000)
  eden space 559360K, 100% used [0x00007f1a70600000, 0x00007f1a92840000, 0x00007f1a92840000)
  from space 69888K,   5% used [0x00007f1a96c80000, 0x00007f1a97023118, 0x00007f1a9b0c0000)
  to   space 69888K,   0% used [0x00007f1a92840000, 0x00007f1a92840000, 0x00007f1a96c80000)
 tenured generation   total 1398144K, used 1397515K [0x00007f1fc5b50000, 0x00007f201b0b0000, 0x00007f2a70600000)
   the space 1398144K,  99% used [0x00007f1fc5b50000, 0x00007f201b012d98, 0x00007f201b012e00, 0x00007f201b0b0000)
 Metaspace       used 24283K, capacity 24699K, committed 24832K, reserved 26624K
}
Event: 906.628 GC heap after
{Heap after GC invocations=4463 (full 1):
 def new generation   total 629248K, used 3693K [0x00007f1a70600000, 0x00007f1a9b0c0000, 0x00007f1fc5b50000)
  eden space 559360K,   0% used [0x00007f1a70600000, 0x00007f1a70600000, 0x00007f1a92840000)
  from space 69888K,   5% used [0x00007f1a92840000, 0x00007f1a92bdb750, 0x00007f1a96c80000)
  to   space 69888K,   0% used [0x00007f1a96c80000, 0x00007f1a96c80000, 0x00007f1a9b0c0000)
 tenured generation   total 1398144K, used 1397747K [0x00007f1fc5b50000, 0x00007f201b0b0000, 0x00007f2a70600000)
   the space 1398144K,  99% used [0x00007f1fc5b50000, 0x00007f201b04cc40, 0x00007f201b04ce00, 0x00007f201b0b0000)
 Metaspace       used 24283K, capacity 24699K, committed 24832K, reserved 26624K
}
Event: 906.829 GC heap before
{Heap before GC invocations=4463 (full 1):
 def new generation   total 629248K, used 563053K [0x00007f1a70600000, 0x00007f1a9b0c0000, 0x00007f1fc5b50000)
  eden space 559360K, 100% used [0x00007f1a70600000, 0x00007f1a92840000, 0x00007f1a92840000)
  from space 69888K,   5% used [0x00007f1a92840000, 0x00007f1a92bdb750, 0x00007f1a96c80000)
  to   space 69888K,   0% used [0x00007f1a96c80000, 0x00007f1a96c80000, 0x00007f1a9b0c0000)
 tenured generation   total 1398144K, used 1397747K [0x00007f1fc5b50000, 0x00007f201b0b0000, 0x00007f2a70600000)
   the space 1398144K,  99% used [0x00007f1fc5b50000, 0x00007f201b04cc40, 0x00007f201b04ce00, 0x00007f201b0b0000)
 Metaspace       used 24283K, capacity 24699K, committed 24832K, reserved 26624K
}
Event: 906.834 GC heap after
{Heap after GC invocations=4464 (full 1):
 def new generation   total 629248K, used 3734K [0x00007f1a70600000, 0x00007f1a9b0c0000, 0x00007f1fc5b50000)
  eden space 559360K,   0% used [0x00007f1a70600000, 0x00007f1a70600000, 0x00007f1a92840000)
  from space 69888K,   5% used [0x00007f1a96c80000, 0x00007f1a97025988, 0x00007f1a9b0c0000)
  to   space 69888K,   0% used [0x00007f1a92840000, 0x00007f1a92840000, 0x00007f1a96c80000)
 tenured generation   total 1398144K, used 1397933K [0x00007f1fc5b50000, 0x00007f201b0b0000, 0x00007f2a70600000)
   the space 1398144K,  99% used [0x00007f1fc5b50000, 0x00007f201b07b4a0, 0x00007f201b07b600, 0x00007f201b0b0000)
 Metaspace       used 24283K, capacity 24699K, committed 24832K, reserved 26624K
}
Event: 907.026 GC heap before
{Heap before GC invocations=4464 (full 1):
 def new generation   total 629248K, used 563094K [0x00007f1a70600000, 0x00007f1a9b0c0000, 0x00007f1fc5b50000)
  eden space 559360K, 100% used [0x00007f1a70600000, 0x00007f1a92840000, 0x00007f1a92840000)
  from space 69888K,   5% used [0x00007f1a96c80000, 0x00007f1a97025988, 0x00007f1a9b0c0000)
  to   space 69888K,   0% used [0x00007f1a92840000, 0x00007f1a92840000, 0x00007f1a96c80000)
 tenured generation   total 1398144K, used 1397933K [0x00007f1fc5b50000, 0x00007f201b0b0000, 0x00007f2a70600000)
   the space 1398144K,  99% used [0x00007f1fc5b50000, 0x00007f201b07b4a0, 0x00007f201b07b600, 0x00007f201b0b0000)
 Metaspace       used 24283K, capacity 24699K, committed 24832K, reserved 26624K
}
Event: 907.031 GC heap after
{Heap after GC invocations=4465 (full 1):
 def new generation   total 629248K, used 3777K [0x00007f1a70600000, 0x00007f1a9b0c0000, 0x00007f1fc5b50000)
  eden space 559360K,   0% used [0x00007f1a70600000, 0x00007f1a70600000, 0x00007f1a92840000)
  from space 69888K,   5% used [0x00007f1a92840000, 0x00007f1a92bf0758, 0x00007f1a96c80000)
  to   space 69888K,   0% used [0x00007f1a96c80000, 0x00007f1a96c80000, 0x00007f1a9b0c0000)
 tenured generation   total 1398144K, used 1398142K [0x00007f1fc5b50000, 0x00007f201b0b0000, 0x00007f2a70600000)
   the space 1398144K,  99% used [0x00007f1fc5b50000, 0x00007f201b0af8f0, 0x00007f201b0afa00, 0x00007f201b0b0000)
 Metaspace       used 24283K, capacity 24699K, committed 24832K, reserved 26624K
}
Event: 907.031 GC heap before
{Heap before GC invocations=4465 (full 1):
 def new generation   total 629248K, used 3777K [0x00007f1a70600000, 0x00007f1a9b0c0000, 0x00007f1fc5b50000)
  eden space 559360K,   0% used [0x00007f1a70600000, 0x00007f1a70600000, 0x00007f1a92840000)
  from space 69888K,   5% used [0x00007f1a92840000, 0x00007f1a92bf0758, 0x00007f1a96c80000)
  to   space 69888K,   0% used [0x00007f1a96c80000, 0x00007f1a96c80000, 0x00007f1a9b0c0000)
 tenured generation   total 1398144K, used 1398142K [0x00007f1fc5b50000, 0x00007f201b0b0000, 0x00007f2a70600000)
   the space 1398144K,  99% used [0x00007f1fc5b50000, 0x00007f201b0af8f0, 0x00007f201b0afa00, 0x00007f201b0b0000)
 Metaspace       used 24283K, capacity 24699K, committed 24832K, reserved 26624K
}

