# JRE version: OpenJDK Runtime Environment (13.0.7+5) (build 13.0.7+5-Ubuntu-0ubuntu120.04)
# Java VM: OpenJDK 64-Bit Server VM (13.0.7+5-Ubuntu-0ubuntu120.04, mixed mode, tiered, serial gc, linux-amd64)
Heap:
 def new generation   total 1613440K, used 1077042K [0x00007f9a68600000, 0x00007f9ad5cb0000, 0x00007f9fbdb50000)
  eden space 1434176K,  75% used [0x00007f9a68600000, 0x00007f9aaa1a47f0, 0x00007f9abfe90000)
  from space 179264K,   0% used [0x00007f9acada0000, 0x00007f9acadc8308, 0x00007f9ad5cb0000)
  to   space 179264K,   0% used [0x00007f9abfe90000, 0x00007f9abfe91ff0, 0x00007f9acada0000)
 tenured generation   total 3585352K, used 3300406K [0x00007f9fbdb50000, 0x00007fa0988a2000, 0x00007faa68600000)
   the space 3585352K,  92% used [0x00007f9fbdb50000, 0x00007fa08725d820, 0x00007fa08725da00, 0x00007fa0988a2000)
 Metaspace       used 24019K, capacity 24419K, committed 24576K, reserved 24576K
GC Heap History (20 events):
Event: 4388.774 GC heap after
{Heap after GC invocations=2439 (full 814):
 def new generation   total 1613376K, used 100682K [0x00007f9a68600000, 0x00007f9ad5ca0000, 0x00007f9fbdb50000)
  eden space 1434112K,   0% used [0x00007f9a68600000, 0x00007f9a68600000, 0x00007f9abfe80000)
  from space 179264K,  56% used [0x00007f9acad90000, 0x00007f9ad0fe2970, 0x00007f9ad5ca0000)
  to   space 179264K,   0% used [0x00007f9abfe80000, 0x00007f9abfe80000, 0x00007f9acad90000)
 tenured generation   total 3585188K, used 2151111K [0x00007f9fbdb50000, 0x00007fa098879000, 0x00007faa68600000)
   the space 3585188K,  59% used [0x00007f9fbdb50000, 0x00007fa041001da0, 0x00007fa041001e00, 0x00007fa098879000)
 Metaspace       used 24019K, capacity 24419K, committed 24576K, reserved 24576K
}
Event: 4389.534 GC heap before
{Heap before GC invocations=2439 (full 814):
 def new generation   total 1613376K, used 1291611K [0x00007f9a68600000, 0x00007f9ad5ca0000, 0x00007f9fbdb50000)
  eden space 1434112K,  83% used [0x00007f9a68600000, 0x00007f9ab1104560, 0x00007f9abfe80000)
  from space 179264K,  56% used [0x00007f9acad90000, 0x00007f9ad0fe2970, 0x00007f9ad5ca0000)
  to   space 179264K,   0% used [0x00007f9abfe80000, 0x00007f9abfe80000, 0x00007f9acad90000)
 tenured generation   total 3585188K, used 2151111K [0x00007f9fbdb50000, 0x00007fa098879000, 0x00007faa68600000)
   the space 3585188K,  59% used [0x00007f9fbdb50000, 0x00007fa041001da0, 0x00007fa041001e00, 0x00007fa098879000)
 Metaspace       used 24019K, capacity 24419K, committed 24576K, reserved 24576K
}
Event: 4389.887 GC heap after
{Heap after GC invocations=2440 (full 814):
 def new generation   total 1613376K, used 160K [0x00007f9a68600000, 0x00007f9ad5ca0000, 0x00007f9fbdb50000)
  eden space 1434112K,   0% used [0x00007f9a68600000, 0x00007f9a68600000, 0x00007f9abfe80000)
  from space 179264K,   0% used [0x00007f9abfe80000, 0x00007f9abfea8308, 0x00007f9acad90000)
  to   space 179264K,   0% used [0x00007f9acad90000, 0x00007f9acad90000, 0x00007f9ad5ca0000)
 tenured generation   total 3585188K, used 3300307K [0x00007f9fbdb50000, 0x00007fa098879000, 0x00007faa68600000)
   the space 3585188K,  92% used [0x00007f9fbdb50000, 0x00007fa087244d00, 0x00007fa087244e00, 0x00007fa098879000)
 Metaspace       used 24019K, capacity 24419K, committed 24576K, reserved 24576K
}
Event: 4390.329 GC heap before
{Heap before GC invocations=2440 (full 814):
 def new generation   total 1613376K, used 1077041K [0x00007f9a68600000, 0x00007f9ad5ca0000, 0x00007f9fbdb50000)
  eden space 1434112K,  75% used [0x00007f9a68600000, 0x00007f9aaa1a4310, 0x00007f9abfe80000)
  from space 179264K,   0% used [0x00007f9abfe80000, 0x00007f9abfea8308, 0x00007f9acad90000)
  to   space 179264K,   0% used [0x00007f9acad90000, 0x00007f9acad90000, 0x00007f9ad5ca0000)
 tenured generation   total 3585188K, used 3300307K [0x00007f9fbdb50000, 0x00007fa098879000, 0x00007faa68600000)
   the space 3585188K,  92% used [0x00007f9fbdb50000, 0x00007fa087244d00, 0x00007fa087244e00, 0x00007fa098879000)
 Metaspace       used 24019K, capacity 24419K, committed 24576K, reserved 24576K
}
Event: 4391.093 GC heap after
{Heap after GC invocations=2441 (full 814):
 def new generation   total 1613376K, used 161K [0x00007f9a68600000, 0x00007f9ad5ca0000, 0x00007f9fbdb50000)
  eden space 1434112K,   0% used [0x00007f9a68600000, 0x00007f9a68600000, 0x00007f9abfe80000)
  from space 179264K,   0% used [0x00007f9acad90000, 0x00007f9acadb8550, 0x00007f9ad5ca0000)
  to   space 179264K,   0% used [0x00007f9abfe80000, 0x00007f9abfe80000, 0x00007f9acad90000)
 tenured generation   total 4633768K, used 4348883K [0x00007f9fbdb50000, 0x00007fa0d887a000, 0x00007faa68600000)
   the space 4633768K,  93% used [0x00007f9fbdb50000, 0x00007fa0c7244d18, 0x00007fa0c7244e00, 0x00007fa0d887a000)
 Metaspace       used 24019K, capacity 24419K, committed 24576K, reserved 24576K
}
Event: 4391.093 GC heap before
{Heap before GC invocations=2441 (full 814):
 def new generation   total 1613376K, used 161K [0x00007f9a68600000, 0x00007f9ad5ca0000, 0x00007f9fbdb50000)
  eden space 1434112K,   0% used [0x00007f9a68600000, 0x00007f9a68600000, 0x00007f9abfe80000)
  from space 179264K,   0% used [0x00007f9acad90000, 0x00007f9acadb8550, 0x00007f9ad5ca0000)
  to   space 179264K,   0% used [0x00007f9abfe80000, 0x00007f9abfe80000, 0x00007f9acad90000)
 tenured generation   total 4633768K, used 4348883K [0x00007f9fbdb50000, 0x00007fa0d887a000, 0x00007faa68600000)
   the space 4633768K,  93% used [0x00007f9fbdb50000, 0x00007fa0c7244d18, 0x00007fa0c7244e00, 0x00007fa0d887a000)
 Metaspace       used 24019K, capacity 24419K, committed 24576K, reserved 24576K
}
Event: 4391.708 GC heap after
{Heap after GC invocations=2441 (full 815):
 def new generation   total 1613440K, used 0K [0x00007f9a68600000, 0x00007f9ad5cb0000, 0x00007f9fbdb50000)
  eden space 1434176K,   0% used [0x00007f9a68600000, 0x00007f9a68600000, 0x00007f9abfe90000)
  from space 179264K,   0% used [0x00007f9abfe90000, 0x00007f9abfe90000, 0x00007f9acada0000)
  to   space 179264K,   0% used [0x00007f9acada0000, 0x00007f9acada0000, 0x00007f9ad5cb0000)
 tenured generation   total 3585280K, used 2151166K [0x00007f9fbdb50000, 0x00007fa098890000, 0x00007faa68600000)
   the space 3585280K,  59% used [0x00007f9fbdb50000, 0x00007fa04100f990, 0x00007fa04100fa00, 0x00007fa098890000)
 Metaspace       used 24019K, capacity 24419K, committed 24576K, reserved 24576K
}
Event: 4393.198 GC heap before
{Heap before GC invocations=2441 (full 815):
 def new generation   total 1613440K, used 1434176K [0x00007f9a68600000, 0x00007f9ad5cb0000, 0x00007f9fbdb50000)
  eden space 1434176K, 100% used [0x00007f9a68600000, 0x00007f9abfe90000, 0x00007f9abfe90000)
  from space 179264K,   0% used [0x00007f9abfe90000, 0x00007f9abfe90000, 0x00007f9acada0000)
  to   space 179264K,   0% used [0x00007f9acada0000, 0x00007f9acada0000, 0x00007f9ad5cb0000)
 tenured generation   total 3585280K, used 2151166K [0x00007f9fbdb50000, 0x00007fa098890000, 0x00007faa68600000)
   the space 3585280K,  59% used [0x00007f9fbdb50000, 0x00007fa04100f990, 0x00007fa04100fa00, 0x00007fa098890000)
 Metaspace       used 24019K, capacity 24419K, committed 24576K, reserved 24576K
}
Event: 4393.228 GC heap after
{Heap after GC invocations=2442 (full 815):
 def new generation   total 1613440K, used 100665K [0x00007f9a68600000, 0x00007f9ad5cb0000, 0x00007f9fbdb50000)
  eden space 1434176K,   0% used [0x00007f9a68600000, 0x00007f9a68600000, 0x00007f9abfe90000)
  from space 179264K,  56% used [0x00007f9acada0000, 0x00007f9ad0fee788, 0x00007f9ad5cb0000)
  to   space 179264K,   0% used [0x00007f9abfe90000, 0x00007f9abfe90000, 0x00007f9acada0000)
 tenured generation   total 3585280K, used 2151166K [0x00007f9fbdb50000, 0x00007fa098890000, 0x00007faa68600000)
   the space 3585280K,  59% used [0x00007f9fbdb50000, 0x00007fa04100f990, 0x00007fa04100fa00, 0x00007fa098890000)
 Metaspace       used 24019K, capacity 24419K, committed 24576K, reserved 24576K
}
Event: 4394.075 GC heap before
{Heap before GC invocations=2442 (full 815):
 def new generation   total 1613440K, used 1291603K [0x00007f9a68600000, 0x00007f9ad5cb0000, 0x00007f9fbdb50000)
  eden space 1434176K,  83% used [0x00007f9a68600000, 0x00007f9ab11066b8, 0x00007f9abfe90000)
  from space 179264K,  56% used [0x00007f9acada0000, 0x00007f9ad0fee788, 0x00007f9ad5cb0000)
  to   space 179264K,   0% used [0x00007f9abfe90000, 0x00007f9abfe90000, 0x00007f9acada0000)
 tenured generation   total 3585280K, used 2151166K [0x00007f9fbdb50000, 0x00007fa098890000, 0x00007faa68600000)
   the space 3585280K,  59% used [0x00007f9fbdb50000, 0x00007fa04100f990, 0x00007fa04100fa00, 0x00007fa098890000)
 Metaspace       used 24019K, capacity 24419K, committed 24576K, reserved 24576K
}
Event: 4394.411 GC heap after
{Heap after GC invocations=2443 (full 815):
 def new generation   total 1613440K, used 160K [0x00007f9a68600000, 0x00007f9ad5cb0000, 0x00007f9fbdb50000)
  eden space 1434176K,   0% used [0x00007f9a68600000, 0x00007f9a68600000, 0x00007f9abfe90000)
  from space 179264K,   0% used [0x00007f9abfe90000, 0x00007f9abfeb8308, 0x00007f9acada0000)
  to   space 179264K,   0% used [0x00007f9acada0000, 0x00007f9acada0000, 0x00007f9ad5cb0000)
 tenured generation   total 3585280K, used 3300362K [0x00007f9fbdb50000, 0x00007fa098890000, 0x00007faa68600000)
   the space 3585280K,  92% used [0x00007f9fbdb50000, 0x00007fa0872528f0, 0x00007fa087252a00, 0x00007fa098890000)
 Metaspace       used 24019K, capacity 24419K, committed 24576K, reserved 24576K
}
Event: 4394.864 GC heap before
{Heap before GC invocations=2443 (full 815):
 def new generation   total 1613440K, used 1077042K [0x00007f9a68600000, 0x00007f9ad5cb0000, 0x00007f9fbdb50000)
  eden space 1434176K,  75% used [0x00007f9a68600000, 0x00007f9aaa1a48d0, 0x00007f9abfe90000)
  from space 179264K,   0% used [0x00007f9abfe90000, 0x00007f9abfeb8308, 0x00007f9acada0000)
  to   space 179264K,   0% used [0x00007f9acada0000, 0x00007f9acada0000, 0x00007f9ad5cb0000)
 tenured generation   total 3585280K, used 3300362K [0x00007f9fbdb50000, 0x00007fa098890000, 0x00007faa68600000)
   the space 3585280K,  92% used [0x00007f9fbdb50000, 0x00007fa0872528f0, 0x00007fa087252a00, 0x00007fa098890000)
 Metaspace       used 24019K, capacity 24419K, committed 24576K, reserved 24576K
}
Event: 4395.647 GC heap after
{Heap after GC invocations=2444 (full 815):
 def new generation   total 1613440K, used 161K [0x00007f9a68600000, 0x00007f9ad5cb0000, 0x00007f9fbdb50000)
  eden space 1434176K,   0% used [0x00007f9a68600000, 0x00007f9a68600000, 0x00007f9abfe90000)
  from space 179264K,   0% used [0x00007f9acada0000, 0x00007f9acadc8550, 0x00007f9ad5cb0000)
  to   space 179264K,   0% used [0x00007f9abfe90000, 0x00007f9abfe90000, 0x00007f9acada0000)
 tenured generation   total 4633860K, used 4348938K [0x00007f9fbdb50000, 0x00007fa0d8891000, 0x00007faa68600000)
   the space 4633860K,  93% used [0x00007f9fbdb50000, 0x00007fa0c7252908, 0x00007fa0c7252a00, 0x00007fa0d8891000)
 Metaspace       used 24019K, capacity 24419K, committed 24576K, reserved 24576K
}
Event: 4395.647 GC heap before
{Heap before GC invocations=2444 (full 815):
 def new generation   total 1613440K, used 161K [0x00007f9a68600000, 0x00007f9ad5cb0000, 0x00007f9fbdb50000)
  eden space 1434176K,   0% used [0x00007f9a68600000, 0x00007f9a68600000, 0x00007f9abfe90000)
  from space 179264K,   0% used [0x00007f9acada0000, 0x00007f9acadc8550, 0x00007f9ad5cb0000)
  to   space 179264K,   0% used [0x00007f9abfe90000, 0x00007f9abfe90000, 0x00007f9acada0000)
 tenured generation   total 4633860K, used 4348938K [0x00007f9fbdb50000, 0x00007fa0d8891000, 0x00007faa68600000)
   the space 4633860K,  93% used [0x00007f9fbdb50000, 0x00007fa0c7252908, 0x00007fa0c7252a00, 0x00007fa0d8891000)
 Metaspace       used 24019K, capacity 24419K, committed 24576K, reserved 24576K
}
Event: 4396.395 GC heap after
{Heap after GC invocations=2444 (full 816):
 def new generation   total 1613440K, used 0K [0x00007f9a68600000, 0x00007f9ad5cb0000, 0x00007f9fbdb50000)
  eden space 1434176K,   0% used [0x00007f9a68600000, 0x00007f9a68600000, 0x00007f9abfe90000)
  from space 179264K,   0% used [0x00007f9acada0000, 0x00007f9acada0000, 0x00007f9ad5cb0000)
  to   space 179264K,   0% used [0x00007f9abfe90000, 0x00007f9abfe90000, 0x00007f9acada0000)
 tenured generation   total 3585352K, used 2151210K [0x00007f9fbdb50000, 0x00007fa0988a2000, 0x00007faa68600000)
   the space 3585352K,  59% used [0x00007f9fbdb50000, 0x00007fa04101a8c0, 0x00007fa04101aa00, 0x00007fa0988a2000)
 Metaspace       used 24019K, capacity 24419K, committed 24576K, reserved 24576K
}
Event: 4397.704 GC heap before
{Heap before GC invocations=2444 (full 816):
 def new generation   total 1613440K, used 1434176K [0x00007f9a68600000, 0x00007f9ad5cb0000, 0x00007f9fbdb50000)
  eden space 1434176K, 100% used [0x00007f9a68600000, 0x00007f9abfe90000, 0x00007f9abfe90000)
  from space 179264K,   0% used [0x00007f9acada0000, 0x00007f9acada0000, 0x00007f9ad5cb0000)
  to   space 179264K,   0% used [0x00007f9abfe90000, 0x00007f9abfe90000, 0x00007f9acada0000)
 tenured generation   total 3585352K, used 2151210K [0x00007f9fbdb50000, 0x00007fa0988a2000, 0x00007faa68600000)
   the space 3585352K,  59% used [0x00007f9fbdb50000, 0x00007fa04101a8c0, 0x00007fa04101aa00, 0x00007fa0988a2000)
 Metaspace       used 24019K, capacity 24419K, committed 24576K, reserved 24576K
}
Event: 4397.730 GC heap after
{Heap after GC invocations=2445 (full 816):
 def new generation   total 1613440K, used 100666K [0x00007f9a68600000, 0x00007f9ad5cb0000, 0x00007f9fbdb50000)
  eden space 1434176K,   0% used [0x00007f9a68600000, 0x00007f9a68600000, 0x00007f9abfe90000)
  from space 179264K,  56% used [0x00007f9abfe90000, 0x00007f9ac60deb80, 0x00007f9acada0000)
  to   space 179264K,   0% used [0x00007f9acada0000, 0x00007f9acada0000, 0x00007f9ad5cb0000)
 tenured generation   total 3585352K, used 2151210K [0x00007f9fbdb50000, 0x00007fa0988a2000, 0x00007faa68600000)
   the space 3585352K,  59% used [0x00007f9fbdb50000, 0x00007fa04101a8c0, 0x00007fa04101aa00, 0x00007fa0988a2000)
 Metaspace       used 24019K, capacity 24419K, committed 24576K, reserved 24576K
}
Event: 4398.576 GC heap before
{Heap before GC invocations=2445 (full 816):
 def new generation   total 1613440K, used 1291602K [0x00007f9a68600000, 0x00007f9ad5cb0000, 0x00007f9fbdb50000)
  eden space 1434176K,  83% used [0x00007f9a68600000, 0x00007f9ab1105f78, 0x00007f9abfe90000)
  from space 179264K,  56% used [0x00007f9abfe90000, 0x00007f9ac60deb80, 0x00007f9acada0000)
  to   space 179264K,   0% used [0x00007f9acada0000, 0x00007f9acada0000, 0x00007f9ad5cb0000)
 tenured generation   total 3585352K, used 2151210K [0x00007f9fbdb50000, 0x00007fa0988a2000, 0x00007faa68600000)
   the space 3585352K,  59% used [0x00007f9fbdb50000, 0x00007fa04101a8c0, 0x00007fa04101aa00, 0x00007fa0988a2000)
 Metaspace       used 24019K, capacity 24419K, committed 24576K, reserved 24576K
}
Event: 4398.993 GC heap after
{Heap after GC invocations=2446 (full 816):
 def new generation   total 1613440K, used 160K [0x00007f9a68600000, 0x00007f9ad5cb0000, 0x00007f9fbdb50000)
  eden space 1434176K,   0% used [0x00007f9a68600000, 0x00007f9a68600000, 0x00007f9abfe90000)
  from space 179264K,   0% used [0x00007f9acada0000, 0x00007f9acadc8308, 0x00007f9ad5cb0000)
  to   space 179264K,   0% used [0x00007f9abfe90000, 0x00007f9abfe90000, 0x00007f9acada0000)
 tenured generation   total 3585352K, used 3300406K [0x00007f9fbdb50000, 0x00007fa0988a2000, 0x00007faa68600000)
   the space 3585352K,  92% used [0x00007f9fbdb50000, 0x00007fa08725d820, 0x00007fa08725da00, 0x00007fa0988a2000)
 Metaspace       used 24019K, capacity 24419K, committed 24576K, reserved 24576K
}
Event: 4399.392 GC heap before
{Heap before GC invocations=2446 (full 816):
 def new generation   total 1613440K, used 1077042K [0x00007f9a68600000, 0x00007f9ad5cb0000, 0x00007f9fbdb50000)
  eden space 1434176K,  75% used [0x00007f9a68600000, 0x00007f9aaa1a47f0, 0x00007f9abfe90000)
  from space 179264K,   0% used [0x00007f9acada0000, 0x00007f9acadc8308, 0x00007f9ad5cb0000)
  to   space 179264K,   0% used [0x00007f9abfe90000, 0x00007f9abfe90000, 0x00007f9acada0000)
 tenured generation   total 3585352K, used 3300406K [0x00007f9fbdb50000, 0x00007fa0988a2000, 0x00007faa68600000)
   the space 3585352K,  92% used [0x00007f9fbdb50000, 0x00007fa08725d820, 0x00007fa08725da00, 0x00007fa0988a2000)
 Metaspace       used 24019K, capacity 24419K, committed 24576K, reserved 24576K
}

