# JRE version: OpenJDK Runtime Environment (13.0.7+5) (build 13.0.7+5-Ubuntu-0ubuntu120.04)
# Java VM: OpenJDK 64-Bit Server VM (13.0.7+5-Ubuntu-0ubuntu120.04, mixed mode, tiered, serial gc, linux-amd64)
Heap:
 def new generation   total 4857984K, used 65077K [0x00007f9e74600000, 0x00007f9fbdd40000, 0x00007fa3c9b50000)
  eden space 4318208K,   1% used [0x00007f9e74600000, 0x00007f9e7858d710, 0x00007f9f7bf00000)
  from space 539776K,   0% used [0x00007f9f7bf00000, 0x00007f9f7bf00000, 0x00007f9f9ce20000)
  to   space 539776K,   0% used [0x00007f9f9ce20000, 0x00007f9f9ce20000, 0x00007f9fbdd40000)
 tenured generation   total 10798944K, used 10798944K [0x00007fa3c9b50000, 0x00007fa65cd28000, 0x00007fae74600000)
   the space 10798944K, 100% used [0x00007fa3c9b50000, 0x00007fa65cd28000, 0x00007fa65cd28000, 0x00007fa65cd28000)
 Metaspace       used 24270K, capacity 24641K, committed 24832K, reserved 26624K
GC Heap History (20 events):
Event: 8537.302 GC heap after
{Heap after GC invocations=6787 (full 5):
 def new generation   total 4857984K, used 67818K [0x00007f9e74600000, 0x00007f9fbdd40000, 0x00007fa3c9b50000)
  eden space 4318208K,   0% used [0x00007f9e74600000, 0x00007f9e74600000, 0x00007f9f7bf00000)
  from space 539776K,  12% used [0x00007f9f9ce20000, 0x00007f9fa105a9c0, 0x00007f9fbdd40000)
  to   space 539776K,   0% used [0x00007f9f7bf00000, 0x00007f9f7bf00000, 0x00007f9f9ce20000)
 tenured generation   total 10795488K, used 10758505K [0x00007fa3c9b50000, 0x00007fa65c9c8000, 0x00007fae74600000)
   the space 10795488K,  99% used [0x00007fa3c9b50000, 0x00007fa65a5aa6d0, 0x00007fa65a5aa800, 0x00007fa65c9c8000)
 Metaspace       used 24270K, capacity 24641K, committed 24832K, reserved 26624K
}
Event: 8540.287 GC heap before
{Heap before GC invocations=6787 (full 5):
 def new generation   total 4857984K, used 4386026K [0x00007f9e74600000, 0x00007f9fbdd40000, 0x00007fa3c9b50000)
  eden space 4318208K, 100% used [0x00007f9e74600000, 0x00007f9f7bf00000, 0x00007f9f7bf00000)
  from space 539776K,  12% used [0x00007f9f9ce20000, 0x00007f9fa105a9c0, 0x00007f9fbdd40000)
  to   space 539776K,   0% used [0x00007f9f7bf00000, 0x00007f9f7bf00000, 0x00007f9f9ce20000)
 tenured generation   total 10795488K, used 10758505K [0x00007fa3c9b50000, 0x00007fa65c9c8000, 0x00007fae74600000)
   the space 10795488K,  99% used [0x00007fa3c9b50000, 0x00007fa65a5aa6d0, 0x00007fa65a5aa800, 0x00007fa65c9c8000)
 Metaspace       used 24270K, capacity 24641K, committed 24832K, reserved 26624K
}
Event: 8540.420 GC heap after
{Heap after GC invocations=6788 (full 5):
 def new generation   total 4857984K, used 67117K [0x00007f9e74600000, 0x00007f9fbdd40000, 0x00007fa3c9b50000)
  eden space 4318208K,   0% used [0x00007f9e74600000, 0x00007f9e74600000, 0x00007f9f7bf00000)
  from space 539776K,  12% used [0x00007f9f7bf00000, 0x00007f9f8008b5f8, 0x00007f9f9ce20000)
  to   space 539776K,   0% used [0x00007f9f9ce20000, 0x00007f9f9ce20000, 0x00007f9fbdd40000)
 tenured generation   total 10795488K, used 10762138K [0x00007fa3c9b50000, 0x00007fa65c9c8000, 0x00007fae74600000)
   the space 10795488K,  99% used [0x00007fa3c9b50000, 0x00007fa65a936a20, 0x00007fa65a936c00, 0x00007fa65c9c8000)
 Metaspace       used 24270K, capacity 24641K, committed 24832K, reserved 26624K
}
Event: 8543.682 GC heap before
{Heap before GC invocations=6788 (full 5):
 def new generation   total 4857984K, used 4385325K [0x00007f9e74600000, 0x00007f9fbdd40000, 0x00007fa3c9b50000)
  eden space 4318208K, 100% used [0x00007f9e74600000, 0x00007f9f7bf00000, 0x00007f9f7bf00000)
  from space 539776K,  12% used [0x00007f9f7bf00000, 0x00007f9f8008b5f8, 0x00007f9f9ce20000)
  to   space 539776K,   0% used [0x00007f9f9ce20000, 0x00007f9f9ce20000, 0x00007f9fbdd40000)
 tenured generation   total 10795488K, used 10762138K [0x00007fa3c9b50000, 0x00007fa65c9c8000, 0x00007fae74600000)
   the space 10795488K,  99% used [0x00007fa3c9b50000, 0x00007fa65a936a20, 0x00007fa65a936c00, 0x00007fa65c9c8000)
 Metaspace       used 24270K, capacity 24641K, committed 24832K, reserved 26624K
}
Event: 8543.817 GC heap after
{Heap after GC invocations=6789 (full 5):
 def new generation   total 4857984K, used 68091K [0x00007f9e74600000, 0x00007f9fbdd40000, 0x00007fa3c9b50000)
  eden space 4318208K,   0% used [0x00007f9e74600000, 0x00007f9e74600000, 0x00007f9f7bf00000)
  from space 539776K,  12% used [0x00007f9f9ce20000, 0x00007f9fa109ece0, 0x00007f9fbdd40000)
  to   space 539776K,   0% used [0x00007f9f7bf00000, 0x00007f9f7bf00000, 0x00007f9f9ce20000)
 tenured generation   total 10795488K, used 10765602K [0x00007fa3c9b50000, 0x00007fa65c9c8000, 0x00007fae74600000)
   the space 10795488K,  99% used [0x00007fa3c9b50000, 0x00007fa65ac98b68, 0x00007fa65ac98c00, 0x00007fa65c9c8000)
 Metaspace       used 24270K, capacity 24641K, committed 24832K, reserved 26624K
}
Event: 8547.078 GC heap before
{Heap before GC invocations=6789 (full 5):
 def new generation   total 4857984K, used 4386299K [0x00007f9e74600000, 0x00007f9fbdd40000, 0x00007fa3c9b50000)
  eden space 4318208K, 100% used [0x00007f9e74600000, 0x00007f9f7bf00000, 0x00007f9f7bf00000)
  from space 539776K,  12% used [0x00007f9f9ce20000, 0x00007f9fa109ece0, 0x00007f9fbdd40000)
  to   space 539776K,   0% used [0x00007f9f7bf00000, 0x00007f9f7bf00000, 0x00007f9f9ce20000)
 tenured generation   total 10795488K, used 10765602K [0x00007fa3c9b50000, 0x00007fa65c9c8000, 0x00007fae74600000)
   the space 10795488K,  99% used [0x00007fa3c9b50000, 0x00007fa65ac98b68, 0x00007fa65ac98c00, 0x00007fa65c9c8000)
 Metaspace       used 24270K, capacity 24641K, committed 24832K, reserved 26624K
}
Event: 8547.211 GC heap after
{Heap after GC invocations=6790 (full 5):
 def new generation   total 4857984K, used 68361K [0x00007f9e74600000, 0x00007f9fbdd40000, 0x00007fa3c9b50000)
  eden space 4318208K,   0% used [0x00007f9e74600000, 0x00007f9e74600000, 0x00007f9f7bf00000)
  from space 539776K,  12% used [0x00007f9f7bf00000, 0x00007f9f801c26c0, 0x00007f9f9ce20000)
  to   space 539776K,   0% used [0x00007f9f9ce20000, 0x00007f9f9ce20000, 0x00007f9fbdd40000)
 tenured generation   total 10795488K, used 10769421K [0x00007fa3c9b50000, 0x00007fa65c9c8000, 0x00007fae74600000)
   the space 10795488K,  99% used [0x00007fa3c9b50000, 0x00007fa65b0536f8, 0x00007fa65b053800, 0x00007fa65c9c8000)
 Metaspace       used 24270K, capacity 24641K, committed 24832K, reserved 26624K
}
Event: 8550.458 GC heap before
{Heap before GC invocations=6790 (full 5):
 def new generation   total 4857984K, used 4386569K [0x00007f9e74600000, 0x00007f9fbdd40000, 0x00007fa3c9b50000)
  eden space 4318208K, 100% used [0x00007f9e74600000, 0x00007f9f7bf00000, 0x00007f9f7bf00000)
  from space 539776K,  12% used [0x00007f9f7bf00000, 0x00007f9f801c26c0, 0x00007f9f9ce20000)
  to   space 539776K,   0% used [0x00007f9f9ce20000, 0x00007f9f9ce20000, 0x00007f9fbdd40000)
 tenured generation   total 10795488K, used 10769421K [0x00007fa3c9b50000, 0x00007fa65c9c8000, 0x00007fae74600000)
   the space 10795488K,  99% used [0x00007fa3c9b50000, 0x00007fa65b0536f8, 0x00007fa65b053800, 0x00007fa65c9c8000)
 Metaspace       used 24270K, capacity 24641K, committed 24832K, reserved 26624K
}
Event: 8550.603 GC heap after
{Heap after GC invocations=6791 (full 5):
 def new generation   total 4857984K, used 64918K [0x00007f9e74600000, 0x00007f9fbdd40000, 0x00007fa3c9b50000)
  eden space 4318208K,   0% used [0x00007f9e74600000, 0x00007f9e74600000, 0x00007f9f7bf00000)
  from space 539776K,  12% used [0x00007f9f9ce20000, 0x00007f9fa0d85818, 0x00007f9fbdd40000)
  to   space 539776K,   0% used [0x00007f9f7bf00000, 0x00007f9f7bf00000, 0x00007f9f9ce20000)
 tenured generation   total 10795488K, used 10776543K [0x00007fa3c9b50000, 0x00007fa65c9c8000, 0x00007fae74600000)
   the space 10795488K,  99% used [0x00007fa3c9b50000, 0x00007fa65b747f88, 0x00007fa65b748000, 0x00007fa65c9c8000)
 Metaspace       used 24270K, capacity 24641K, committed 24832K, reserved 26624K
}
Event: 8553.769 GC heap before
{Heap before GC invocations=6791 (full 5):
 def new generation   total 4857984K, used 4383126K [0x00007f9e74600000, 0x00007f9fbdd40000, 0x00007fa3c9b50000)
  eden space 4318208K, 100% used [0x00007f9e74600000, 0x00007f9f7bf00000, 0x00007f9f7bf00000)
  from space 539776K,  12% used [0x00007f9f9ce20000, 0x00007f9fa0d85818, 0x00007f9fbdd40000)
  to   space 539776K,   0% used [0x00007f9f7bf00000, 0x00007f9f7bf00000, 0x00007f9f9ce20000)
 tenured generation   total 10795488K, used 10776543K [0x00007fa3c9b50000, 0x00007fa65c9c8000, 0x00007fae74600000)
   the space 10795488K,  99% used [0x00007fa3c9b50000, 0x00007fa65b747f88, 0x00007fa65b748000, 0x00007fa65c9c8000)
 Metaspace       used 24270K, capacity 24641K, committed 24832K, reserved 26624K
}
Event: 8553.908 GC heap after
{Heap after GC invocations=6792 (full 5):
 def new generation   total 4857984K, used 67963K [0x00007f9e74600000, 0x00007f9fbdd40000, 0x00007fa3c9b50000)
  eden space 4318208K,   0% used [0x00007f9e74600000, 0x00007f9e74600000, 0x00007f9f7bf00000)
  from space 539776K,  12% used [0x00007f9f7bf00000, 0x00007f9f8015ed50, 0x00007f9f9ce20000)
  to   space 539776K,   0% used [0x00007f9f9ce20000, 0x00007f9f9ce20000, 0x00007f9fbdd40000)
 tenured generation   total 10795488K, used 10779845K [0x00007fa3c9b50000, 0x00007fa65c9c8000, 0x00007fae74600000)
   the space 10795488K,  99% used [0x00007fa3c9b50000, 0x00007fa65ba817a8, 0x00007fa65ba81800, 0x00007fa65c9c8000)
 Metaspace       used 24270K, capacity 24641K, committed 24832K, reserved 26624K
}
Event: 8557.252 GC heap before
{Heap before GC invocations=6792 (full 5):
 def new generation   total 4857984K, used 4386171K [0x00007f9e74600000, 0x00007f9fbdd40000, 0x00007fa3c9b50000)
  eden space 4318208K, 100% used [0x00007f9e74600000, 0x00007f9f7bf00000, 0x00007f9f7bf00000)
  from space 539776K,  12% used [0x00007f9f7bf00000, 0x00007f9f8015ed50, 0x00007f9f9ce20000)
  to   space 539776K,   0% used [0x00007f9f9ce20000, 0x00007f9f9ce20000, 0x00007f9fbdd40000)
 tenured generation   total 10795488K, used 10779845K [0x00007fa3c9b50000, 0x00007fa65c9c8000, 0x00007fae74600000)
   the space 10795488K,  99% used [0x00007fa3c9b50000, 0x00007fa65ba817a8, 0x00007fa65ba81800, 0x00007fa65c9c8000)
 Metaspace       used 24270K, capacity 24641K, committed 24832K, reserved 26624K
}
Event: 8557.392 GC heap after
{Heap after GC invocations=6793 (full 5):
 def new generation   total 4857984K, used 65090K [0x00007f9e74600000, 0x00007f9fbdd40000, 0x00007fa3c9b50000)
  eden space 4318208K,   0% used [0x00007f9e74600000, 0x00007f9e74600000, 0x00007f9f7bf00000)
  from space 539776K,  12% used [0x00007f9f9ce20000, 0x00007f9fa0db0a18, 0x00007f9fbdd40000)
  to   space 539776K,   0% used [0x00007f9f7bf00000, 0x00007f9f7bf00000, 0x00007f9f9ce20000)
 tenured generation   total 10795488K, used 10785407K [0x00007fa3c9b50000, 0x00007fa65c9c8000, 0x00007fae74600000)
   the space 10795488K,  99% used [0x00007fa3c9b50000, 0x00007fa65bfeff18, 0x00007fa65bff0000, 0x00007fa65c9c8000)
 Metaspace       used 24270K, capacity 24641K, committed 24832K, reserved 26624K
}
Event: 8560.602 GC heap before
{Heap before GC invocations=6793 (full 5):
 def new generation   total 4857984K, used 4383298K [0x00007f9e74600000, 0x00007f9fbdd40000, 0x00007fa3c9b50000)
  eden space 4318208K, 100% used [0x00007f9e74600000, 0x00007f9f7bf00000, 0x00007f9f7bf00000)
  from space 539776K,  12% used [0x00007f9f9ce20000, 0x00007f9fa0db0a18, 0x00007f9fbdd40000)
  to   space 539776K,   0% used [0x00007f9f7bf00000, 0x00007f9f7bf00000, 0x00007f9f9ce20000)
 tenured generation   total 10795488K, used 10785407K [0x00007fa3c9b50000, 0x00007fa65c9c8000, 0x00007fae74600000)
   the space 10795488K,  99% used [0x00007fa3c9b50000, 0x00007fa65bfeff18, 0x00007fa65bff0000, 0x00007fa65c9c8000)
 Metaspace       used 24270K, capacity 24641K, committed 24832K, reserved 26624K
}
Event: 8560.763 GC heap after
{Heap after GC invocations=6794 (full 5):
 def new generation   total 4857984K, used 64651K [0x00007f9e74600000, 0x00007f9fbdd40000, 0x00007fa3c9b50000)
  eden space 4318208K,   0% used [0x00007f9e74600000, 0x00007f9e74600000, 0x00007f9f7bf00000)
  from space 539776K,  11% used [0x00007f9f7bf00000, 0x00007f9f7fe22ce0, 0x00007f9f9ce20000)
  to   space 539776K,   0% used [0x00007f9f9ce20000, 0x00007f9f9ce20000, 0x00007f9fbdd40000)
 tenured generation   total 10795488K, used 10790387K [0x00007fa3c9b50000, 0x00007fa65c9c8000, 0x00007fae74600000)
   the space 10795488K,  99% used [0x00007fa3c9b50000, 0x00007fa65c4cccb0, 0x00007fa65c4cce00, 0x00007fa65c9c8000)
 Metaspace       used 24270K, capacity 24641K, committed 24832K, reserved 26624K
}
Event: 8563.851 GC heap before
{Heap before GC invocations=6794 (full 5):
 def new generation   total 4857984K, used 4382859K [0x00007f9e74600000, 0x00007f9fbdd40000, 0x00007fa3c9b50000)
  eden space 4318208K, 100% used [0x00007f9e74600000, 0x00007f9f7bf00000, 0x00007f9f7bf00000)
  from space 539776K,  11% used [0x00007f9f7bf00000, 0x00007f9f7fe22ce0, 0x00007f9f9ce20000)
  to   space 539776K,   0% used [0x00007f9f9ce20000, 0x00007f9f9ce20000, 0x00007f9fbdd40000)
 tenured generation   total 10795488K, used 10790387K [0x00007fa3c9b50000, 0x00007fa65c9c8000, 0x00007fae74600000)
   the space 10795488K,  99% used [0x00007fa3c9b50000, 0x00007fa65c4cccb0, 0x00007fa65c4cce00, 0x00007fa65c9c8000)
 Metaspace       used 24270K, capacity 24641K, committed 24832K, reserved 26624K
}
Event: 8564.002 GC heap after
{Heap after GC invocations=6795 (full 5):
 def new generation   total 4857984K, used 66547K [0x00007f9e74600000, 0x00007f9fbdd40000, 0x00007fa3c9b50000)
  eden space 4318208K,   0% used [0x00007f9e74600000, 0x00007f9e74600000, 0x00007f9f7bf00000)
  from space 539776K,  12% used [0x00007f9f9ce20000, 0x00007f9fa0f1cec8, 0x00007f9fbdd40000)
  to   space 539776K,   0% used [0x00007f9f7bf00000, 0x00007f9f7bf00000, 0x00007f9f9ce20000)
 tenured generation   total 10795488K, used 10793998K [0x00007fa3c9b50000, 0x00007fa65c9c8000, 0x00007fae74600000)
   the space 10795488K,  99% used [0x00007fa3c9b50000, 0x00007fa65c853808, 0x00007fa65c853a00, 0x00007fa65c9c8000)
 Metaspace       used 24270K, capacity 24641K, committed 24832K, reserved 26624K
}
Event: 8566.922 GC heap before
{Heap before GC invocations=6795 (full 5):
 def new generation   total 4857984K, used 4384755K [0x00007f9e74600000, 0x00007f9fbdd40000, 0x00007fa3c9b50000)
  eden space 4318208K, 100% used [0x00007f9e74600000, 0x00007f9f7bf00000, 0x00007f9f7bf00000)
  from space 539776K,  12% used [0x00007f9f9ce20000, 0x00007f9fa0f1cec8, 0x00007f9fbdd40000)
  to   space 539776K,   0% used [0x00007f9f7bf00000, 0x00007f9f7bf00000, 0x00007f9f9ce20000)
 tenured generation   total 10795488K, used 10793998K [0x00007fa3c9b50000, 0x00007fa65c9c8000, 0x00007fae74600000)
   the space 10795488K,  99% used [0x00007fa3c9b50000, 0x00007fa65c853808, 0x00007fa65c853a00, 0x00007fa65c9c8000)
 Metaspace       used 24270K, capacity 24641K, committed 24832K, reserved 26624K
}
Event: 8567.056 GC heap after
{Heap after GC invocations=6796 (full 5):
 def new generation   total 4857984K, used 65229K [0x00007f9e74600000, 0x00007f9fbdd40000, 0x00007fa3c9b50000)
  eden space 4318208K,   0% used [0x00007f9e74600000, 0x00007f9e74600000, 0x00007f9f7bf00000)
  from space 539776K,  12% used [0x00007f9f7bf00000, 0x00007f9f7feb3780, 0x00007f9f9ce20000)
  to   space 539776K,   0% used [0x00007f9f9ce20000, 0x00007f9f9ce20000, 0x00007f9fbdd40000)
 tenured generation   total 10798944K, used 10798791K [0x00007fa3c9b50000, 0x00007fa65cd28000, 0x00007fae74600000)
   the space 10798944K,  99% used [0x00007fa3c9b50000, 0x00007fa65cd01f90, 0x00007fa65cd02000, 0x00007fa65cd28000)
 Metaspace       used 24270K, capacity 24641K, committed 24832K, reserved 26624K
}
Event: 8567.056 GC heap before
{Heap before GC invocations=6796 (full 5):
 def new generation   total 4857984K, used 65229K [0x00007f9e74600000, 0x00007f9fbdd40000, 0x00007fa3c9b50000)
  eden space 4318208K,   0% used [0x00007f9e74600000, 0x00007f9e74600000, 0x00007f9f7bf00000)
  from space 539776K,  12% used [0x00007f9f7bf00000, 0x00007f9f7feb3780, 0x00007f9f9ce20000)
  to   space 539776K,   0% used [0x00007f9f9ce20000, 0x00007f9f9ce20000, 0x00007f9fbdd40000)
 tenured generation   total 10798944K, used 10798791K [0x00007fa3c9b50000, 0x00007fa65cd28000, 0x00007fae74600000)
   the space 10798944K,  99% used [0x00007fa3c9b50000, 0x00007fa65cd01f90, 0x00007fa65cd02000, 0x00007fa65cd28000)
 Metaspace       used 24270K, capacity 24641K, committed 24832K, reserved 26624K
}

