# JRE version: OpenJDK Runtime Environment (13.0.7+5) (build 13.0.7+5-Ubuntu-0ubuntu120.04)
# Java VM: OpenJDK 64-Bit Server VM (13.0.7+5-Ubuntu-0ubuntu120.04, mixed mode, tiered, serial gc, linux-amd64)
Heap:
 def new generation   total 1190720K, used 0K [0x00007f7e18600000, 0x00007f7e69200000, 0x00007f836db50000)
  eden space 1058432K,   0% used [0x00007f7e18600000, 0x00007f7e18600000, 0x00007f7e58fa0000)
  from space 132288K,   0% used [0x00007f7e58fa0000, 0x00007f7e58fa0000, 0x00007f7e610d0000)
  to   space 132288K,   0% used [0x00007f7e610d0000, 0x00007f7e610d0000, 0x00007f7e69200000)
 tenured generation   total 2646000K, used 9478K [0x00007f836db50000, 0x00007f840f34c000, 0x00007f8e18600000)
   the space 2646000K,   0% used [0x00007f836db50000, 0x00007f836e491ac0, 0x00007f836e491c00, 0x00007f840f34c000)
 Metaspace       used 23186K, capacity 23554K, committed 23808K, reserved 24576K
GC Heap History (20 events):
Event: 12.103 GC heap before
{Heap before GC invocations=5 (full 2):
 def new generation   total 629248K, used 11061K [0x00007f7e18600000, 0x00007f7e430c0000, 0x00007f836db50000)
  eden space 559360K,   1% used [0x00007f7e18600000, 0x00007f7e190cd7b8, 0x00007f7e3a840000)
  from space 69888K,   0% used [0x00007f7e3a840000, 0x00007f7e3a840000, 0x00007f7e3ec80000)
  to   space 69888K,   0% used [0x00007f7e3ec80000, 0x00007f7e3ec80000, 0x00007f7e430c0000)
 tenured generation   total 2184580K, used 1587598K [0x00007f836db50000, 0x00007f83f30b1000, 0x00007f8e18600000)
   the space 2184580K,  72% used [0x00007f836db50000, 0x00007f83ce9b3868, 0x00007f83ce9b3a00, 0x00007f83f30b1000)
 Metaspace       used 23115K, capacity 23482K, committed 23552K, reserved 24576K
}
Event: 12.105 GC heap after
{Heap after GC invocations=6 (full 2):
 def new generation   total 629248K, used 0K [0x00007f7e18600000, 0x00007f7e430c0000, 0x00007f836db50000)
  eden space 559360K,   0% used [0x00007f7e18600000, 0x00007f7e18600000, 0x00007f7e3a840000)
  from space 69888K,   0% used [0x00007f7e3ec80000, 0x00007f7e3ec80248, 0x00007f7e430c0000)
  to   space 69888K,   0% used [0x00007f7e3a840000, 0x00007f7e3a840000, 0x00007f7e3ec80000)
 tenured generation   total 2184580K, used 1587598K [0x00007f836db50000, 0x00007f83f30b1000, 0x00007f8e18600000)
   the space 2184580K,  72% used [0x00007f836db50000, 0x00007f83ce9b3868, 0x00007f83ce9b3a00, 0x00007f83f30b1000)
 Metaspace       used 23115K, capacity 23482K, committed 23552K, reserved 24576K
}
Event: 12.105 GC heap before
{Heap before GC invocations=6 (full 2):
 def new generation   total 629248K, used 0K [0x00007f7e18600000, 0x00007f7e430c0000, 0x00007f836db50000)
  eden space 559360K,   0% used [0x00007f7e18600000, 0x00007f7e18600000, 0x00007f7e3a840000)
  from space 69888K,   0% used [0x00007f7e3ec80000, 0x00007f7e3ec80248, 0x00007f7e430c0000)
  to   space 69888K,   0% used [0x00007f7e3a840000, 0x00007f7e3a840000, 0x00007f7e3ec80000)
 tenured generation   total 2184580K, used 1587598K [0x00007f836db50000, 0x00007f83f30b1000, 0x00007f8e18600000)
   the space 2184580K,  72% used [0x00007f836db50000, 0x00007f83ce9b3868, 0x00007f83ce9b3a00, 0x00007f83f30b1000)
 Metaspace       used 23115K, capacity 23482K, committed 23552K, reserved 24576K
}
Event: 12.149 GC heap after
{Heap after GC invocations=6 (full 3):
 def new generation   total 1190720K, used 0K [0x00007f7e18600000, 0x00007f7e69200000, 0x00007f836db50000)
  eden space 1058432K,   0% used [0x00007f7e18600000, 0x00007f7e18600000, 0x00007f7e58fa0000)
  from space 132288K,   0% used [0x00007f7e58fa0000, 0x00007f7e58fa0000, 0x00007f7e610d0000)
  to   space 132288K,   0% used [0x00007f7e610d0000, 0x00007f7e610d0000, 0x00007f7e69200000)
 tenured generation   total 2646000K, used 1587598K [0x00007f836db50000, 0x00007f840f34c000, 0x00007f8e18600000)
   the space 2646000K,  59% used [0x00007f836db50000, 0x00007f83ce9b3ab0, 0x00007f83ce9b3c00, 0x00007f840f34c000)
 Metaspace       used 23115K, capacity 23482K, committed 23552K, reserved 24576K
}
Event: 13.290 GC heap before
{Heap before GC invocations=6 (full 3):
 def new generation   total 1190720K, used 807363K [0x00007f7e18600000, 0x00007f7e69200000, 0x00007f836db50000)
  eden space 1058432K,  76% used [0x00007f7e18600000, 0x00007f7e49a70e20, 0x00007f7e58fa0000)
  from space 132288K,   0% used [0x00007f7e58fa0000, 0x00007f7e58fa0000, 0x00007f7e610d0000)
  to   space 132288K,   0% used [0x00007f7e610d0000, 0x00007f7e610d0000, 0x00007f7e69200000)
 tenured generation   total 2646000K, used 1587598K [0x00007f836db50000, 0x00007f840f34c000, 0x00007f8e18600000)
   the space 2646000K,  59% used [0x00007f836db50000, 0x00007f83ce9b3ab0, 0x00007f83ce9b3c00, 0x00007f840f34c000)
 Metaspace       used 23115K, capacity 23482K, committed 23552K, reserved 24576K
}
Event: 14.779 GC heap after
{Heap after GC invocations=7 (full 3):
 def new generation   total 1190720K, used 0K [0x00007f7e18600000, 0x00007f7e69200000, 0x00007f836db50000)
  eden space 1058432K,   0% used [0x00007f7e18600000, 0x00007f7e18600000, 0x00007f7e58fa0000)
  from space 132288K,   0% used [0x00007f7e610d0000, 0x00007f7e610d02e0, 0x00007f7e69200000)
  to   space 132288K,   0% used [0x00007f7e58fa0000, 0x00007f7e58fa0000, 0x00007f7e610d0000)
 tenured generation   total 2646000K, used 2374030K [0x00007f836db50000, 0x00007f840f34c000, 0x00007f8e18600000)
   the space 2646000K,  89% used [0x00007f836db50000, 0x00007f83fe9b3ac8, 0x00007f83fe9b3c00, 0x00007f840f34c000)
 Metaspace       used 23115K, capacity 23482K, committed 23552K, reserved 24576K
}
Event: 15.740 GC heap before
{Heap before GC invocations=7 (full 3):
 def new generation   total 1190720K, used 807255K [0x00007f7e18600000, 0x00007f7e69200000, 0x00007f836db50000)
  eden space 1058432K,  76% used [0x00007f7e18600000, 0x00007f7e49a559e0, 0x00007f7e58fa0000)
  from space 132288K,   0% used [0x00007f7e610d0000, 0x00007f7e610d02e0, 0x00007f7e69200000)
  to   space 132288K,   0% used [0x00007f7e58fa0000, 0x00007f7e58fa0000, 0x00007f7e610d0000)
 tenured generation   total 2646000K, used 2374030K [0x00007f836db50000, 0x00007f840f34c000, 0x00007f8e18600000)
   the space 2646000K,  89% used [0x00007f836db50000, 0x00007f83fe9b3ac8, 0x00007f83fe9b3c00, 0x00007f840f34c000)
 Metaspace       used 23115K, capacity 23482K, committed 23552K, reserved 24576K
}
Event: 16.424 GC heap after
{Heap after GC invocations=8 (full 3):
 def new generation   total 1190720K, used 0K [0x00007f7e18600000, 0x00007f7e69200000, 0x00007f836db50000)
  eden space 1058432K,   0% used [0x00007f7e18600000, 0x00007f7e18600000, 0x00007f7e58fa0000)
  from space 132288K,   0% used [0x00007f7e58fa0000, 0x00007f7e58fa0258, 0x00007f7e610d0000)
  to   space 132288K,   0% used [0x00007f7e610d0000, 0x00007f7e610d0000, 0x00007f7e69200000)
 tenured generation   total 3432436K, used 3160462K [0x00007f836db50000, 0x00007f843f34d000, 0x00007f8e18600000)
   the space 3432436K,  92% used [0x00007f836db50000, 0x00007f842e9b3ae0, 0x00007f842e9b3c00, 0x00007f843f34d000)
 Metaspace       used 23115K, capacity 23482K, committed 23552K, reserved 24576K
}
Event: 16.424 GC heap before
{Heap before GC invocations=8 (full 3):
 def new generation   total 1190720K, used 0K [0x00007f7e18600000, 0x00007f7e69200000, 0x00007f836db50000)
  eden space 1058432K,   0% used [0x00007f7e18600000, 0x00007f7e18600000, 0x00007f7e58fa0000)
  from space 132288K,   0% used [0x00007f7e58fa0000, 0x00007f7e58fa0258, 0x00007f7e610d0000)
  to   space 132288K,   0% used [0x00007f7e610d0000, 0x00007f7e610d0000, 0x00007f7e69200000)
 tenured generation   total 3432436K, used 3160462K [0x00007f836db50000, 0x00007f843f34d000, 0x00007f8e18600000)
   the space 3432436K,  92% used [0x00007f836db50000, 0x00007f842e9b3ae0, 0x00007f842e9b3c00, 0x00007f843f34d000)
 Metaspace       used 23115K, capacity 23482K, committed 23552K, reserved 24576K
}
Event: 17.835 GC heap after
{Heap after GC invocations=8 (full 4):
 def new generation   total 1190720K, used 0K [0x00007f7e18600000, 0x00007f7e69200000, 0x00007f836db50000)
  eden space 1058432K,   0% used [0x00007f7e18600000, 0x00007f7e18600000, 0x00007f7e58fa0000)
  from space 132288K,   0% used [0x00007f7e58fa0000, 0x00007f7e58fa0000, 0x00007f7e610d0000)
  to   space 132288K,   0% used [0x00007f7e610d0000, 0x00007f7e610d0000, 0x00007f7e69200000)
 tenured generation   total 2646000K, used 1582255K [0x00007f836db50000, 0x00007f840f34c000, 0x00007f8e18600000)
   the space 2646000K,  59% used [0x00007f836db50000, 0x00007f83ce47be50, 0x00007f83ce47c000, 0x00007f840f34c000)
 Metaspace       used 23115K, capacity 23482K, committed 23552K, reserved 24576K
}
Event: 20.125 GC heap before
{Heap before GC invocations=8 (full 4):
 def new generation   total 1190720K, used 1058432K [0x00007f7e18600000, 0x00007f7e69200000, 0x00007f836db50000)
  eden space 1058432K, 100% used [0x00007f7e18600000, 0x00007f7e58fa0000, 0x00007f7e58fa0000)
  from space 132288K,   0% used [0x00007f7e58fa0000, 0x00007f7e58fa0000, 0x00007f7e610d0000)
  to   space 132288K,   0% used [0x00007f7e610d0000, 0x00007f7e610d0000, 0x00007f7e69200000)
 tenured generation   total 2646000K, used 1582255K [0x00007f836db50000, 0x00007f840f34c000, 0x00007f8e18600000)
   the space 2646000K,  59% used [0x00007f836db50000, 0x00007f83ce47be50, 0x00007f83ce47c000, 0x00007f840f34c000)
 Metaspace       used 23163K, capacity 23554K, committed 23808K, reserved 24576K
}
Event: 20.592 GC heap after
{Heap after GC invocations=9 (full 4):
 def new generation   total 1190720K, used 132101K [0x00007f7e18600000, 0x00007f7e69200000, 0x00007f836db50000)
  eden space 1058432K,   0% used [0x00007f7e18600000, 0x00007f7e18600000, 0x00007f7e58fa0000)
  from space 132288K,  99% used [0x00007f7e610d0000, 0x00007f7e691d1670, 0x00007f7e69200000)
  to   space 132288K,   0% used [0x00007f7e58fa0000, 0x00007f7e58fa0000, 0x00007f7e610d0000)
 tenured generation   total 2646000K, used 1844399K [0x00007f836db50000, 0x00007f840f34c000, 0x00007f8e18600000)
   the space 2646000K,  69% used [0x00007f836db50000, 0x00007f83de47be68, 0x00007f83de47c000, 0x00007f840f34c000)
 Metaspace       used 23163K, capacity 23554K, committed 23808K, reserved 24576K
}
Event: 21.450 GC heap before
{Heap before GC invocations=9 (full 4):
 def new generation   total 1190720K, used 848520K [0x00007f7e18600000, 0x00007f7e69200000, 0x00007f836db50000)
  eden space 1058432K,  67% used [0x00007f7e18600000, 0x00007f7e441a0ab0, 0x00007f7e58fa0000)
  from space 132288K,  99% used [0x00007f7e610d0000, 0x00007f7e691d1670, 0x00007f7e69200000)
  to   space 132288K,   0% used [0x00007f7e58fa0000, 0x00007f7e58fa0000, 0x00007f7e610d0000)
 tenured generation   total 2646000K, used 1844399K [0x00007f836db50000, 0x00007f840f34c000, 0x00007f8e18600000)
   the space 2646000K,  69% used [0x00007f836db50000, 0x00007f83de47be68, 0x00007f83de47c000, 0x00007f840f34c000)
 Metaspace       used 23186K, capacity 23554K, committed 23808K, reserved 24576K
}
Event: 21.791 GC heap after
{Heap after GC invocations=10 (full 4):
 def new generation   total 1190720K, used 131642K [0x00007f7e18600000, 0x00007f7e69200000, 0x00007f836db50000)
  eden space 1058432K,   0% used [0x00007f7e18600000, 0x00007f7e18600000, 0x00007f7e58fa0000)
  from space 132288K,  99% used [0x00007f7e58fa0000, 0x00007f7e6102ea60, 0x00007f7e610d0000)
  to   space 132288K,   0% used [0x00007f7e610d0000, 0x00007f7e610d0000, 0x00007f7e69200000)
 tenured generation   total 2646000K, used 1976355K [0x00007f836db50000, 0x00007f840f34c000, 0x00007f8e18600000)
   the space 2646000K,  74% used [0x00007f836db50000, 0x00007f83e6558c60, 0x00007f83e6558e00, 0x00007f840f34c000)
 Metaspace       used 23186K, capacity 23554K, committed 23808K, reserved 24576K
}
Event: 23.005 GC heap before
{Heap before GC invocations=10 (full 4):
 def new generation   total 1190720K, used 1069921K [0x00007f7e18600000, 0x00007f7e69200000, 0x00007f836db50000)
  eden space 1058432K,  88% used [0x00007f7e18600000, 0x00007f7e51a49ac8, 0x00007f7e58fa0000)
  from space 132288K,  99% used [0x00007f7e58fa0000, 0x00007f7e6102ea60, 0x00007f7e610d0000)
  to   space 132288K,   0% used [0x00007f7e610d0000, 0x00007f7e610d0000, 0x00007f7e69200000)
 tenured generation   total 2646000K, used 1976355K [0x00007f836db50000, 0x00007f840f34c000, 0x00007f8e18600000)
   the space 2646000K,  74% used [0x00007f836db50000, 0x00007f83e6558c60, 0x00007f83e6558e00, 0x00007f840f34c000)
 Metaspace       used 23186K, capacity 23554K, committed 23808K, reserved 24576K
}
Event: 23.057 GC heap after
{Heap after GC invocations=11 (full 4):
 def new generation   total 1190720K, used 131072K [0x00007f7e18600000, 0x00007f7e69200000, 0x00007f836db50000)
  eden space 1058432K,   0% used [0x00007f7e18600000, 0x00007f7e18600000, 0x00007f7e58fa0000)
  from space 132288K,  99% used [0x00007f7e610d0000, 0x00007f7e690d0198, 0x00007f7e69200000)
  to   space 132288K,   0% used [0x00007f7e58fa0000, 0x00007f7e58fa0000, 0x00007f7e610d0000)
 tenured generation   total 2646000K, used 1976923K [0x00007f836db50000, 0x00007f840f34c000, 0x00007f8e18600000)
   the space 2646000K,  74% used [0x00007f836db50000, 0x00007f83e65e6fe0, 0x00007f83e65e7000, 0x00007f840f34c000)
 Metaspace       used 23186K, capacity 23554K, committed 23808K, reserved 24576K
}
Event: 23.576 GC heap before
{Heap before GC invocations=11 (full 4):
 def new generation   total 1190720K, used 660544K [0x00007f7e18600000, 0x00007f7e69200000, 0x00007f836db50000)
  eden space 1058432K,  50% used [0x00007f7e18600000, 0x00007f7e38b10160, 0x00007f7e58fa0000)
  from space 132288K,  99% used [0x00007f7e610d0000, 0x00007f7e690d0198, 0x00007f7e69200000)
  to   space 132288K,   0% used [0x00007f7e58fa0000, 0x00007f7e58fa0000, 0x00007f7e610d0000)
 tenured generation   total 2646000K, used 1976923K [0x00007f836db50000, 0x00007f840f34c000, 0x00007f8e18600000)
   the space 2646000K,  74% used [0x00007f836db50000, 0x00007f83e65e6fe0, 0x00007f83e65e7000, 0x00007f840f34c000)
 Metaspace       used 23186K, capacity 23554K, committed 23808K, reserved 24576K
}
Event: 23.635 GC heap after
{Heap after GC invocations=12 (full 4):
 def new generation   total 1190720K, used 20592K [0x00007f7e18600000, 0x00007f7e69200000, 0x00007f836db50000)
  eden space 1058432K,   0% used [0x00007f7e18600000, 0x00007f7e18600000, 0x00007f7e58fa0000)
  from space 132288K,  15% used [0x00007f7e58fa0000, 0x00007f7e5a3bc260, 0x00007f7e610d0000)
  to   space 132288K,   0% used [0x00007f7e610d0000, 0x00007f7e610d0000, 0x00007f7e69200000)
 tenured generation   total 2646000K, used 2107996K [0x00007f836db50000, 0x00007f840f34c000, 0x00007f8e18600000)
   the space 2646000K,  79% used [0x00007f836db50000, 0x00007f83ee5e7100, 0x00007f83ee5e7200, 0x00007f840f34c000)
 Metaspace       used 23186K, capacity 23554K, committed 23808K, reserved 24576K
}
Event: 23.635 GC heap before
{Heap before GC invocations=12 (full 4):
 def new generation   total 1190720K, used 20592K [0x00007f7e18600000, 0x00007f7e69200000, 0x00007f836db50000)
  eden space 1058432K,   0% used [0x00007f7e18600000, 0x00007f7e18600000, 0x00007f7e58fa0000)
  from space 132288K,  15% used [0x00007f7e58fa0000, 0x00007f7e5a3bc260, 0x00007f7e610d0000)
  to   space 132288K,   0% used [0x00007f7e610d0000, 0x00007f7e610d0000, 0x00007f7e69200000)
 tenured generation   total 2646000K, used 2107996K [0x00007f836db50000, 0x00007f840f34c000, 0x00007f8e18600000)
   the space 2646000K,  79% used [0x00007f836db50000, 0x00007f83ee5e7100, 0x00007f83ee5e7200, 0x00007f840f34c000)
 Metaspace       used 23186K, capacity 23554K, committed 23808K, reserved 24576K
}
Event: 23.679 GC heap after
{Heap after GC invocations=12 (full 5):
 def new generation   total 1190720K, used 0K [0x00007f7e18600000, 0x00007f7e69200000, 0x00007f836db50000)
  eden space 1058432K,   0% used [0x00007f7e18600000, 0x00007f7e18600000, 0x00007f7e58fa0000)
  from space 132288K,   0% used [0x00007f7e58fa0000, 0x00007f7e58fa0000, 0x00007f7e610d0000)
  to   space 132288K,   0% used [0x00007f7e610d0000, 0x00007f7e610d0000, 0x00007f7e69200000)
 tenured generation   total 2646000K, used 9478K [0x00007f836db50000, 0x00007f840f34c000, 0x00007f8e18600000)
   the space 2646000K,   0% used [0x00007f836db50000, 0x00007f836e491ac0, 0x00007f836e491c00, 0x00007f840f34c000)
 Metaspace       used 23186K, capacity 23554K, committed 23808K, reserved 24576K
}

