# JRE version: OpenJDK Runtime Environment (13.0.7+5) (build 13.0.7+5-Ubuntu-0ubuntu120.04)
# Java VM: OpenJDK 64-Bit Server VM (13.0.7+5-Ubuntu-0ubuntu120.04, mixed mode, tiered, serial gc, linux-amd64)
Heap:
 def new generation   total 3727808K, used 272189K [0x00007f0668600000, 0x00007f07652e0000, 0x00007f0bbdb50000)
  eden space 3313664K,   8% used [0x00007f0668600000, 0x00007f0678fcf770, 0x00007f0732a00000)
  from space 414144K,   0% used [0x00007f074be70000, 0x00007f074be70000, 0x00007f07652e0000)
  to   space 414144K,   0% used [0x00007f0732a00000, 0x00007f0732a00000, 0x00007f074be70000)
 tenured generation   total 8393220K, used 8393219K [0x00007f0bbdb50000, 0x00007f0dbdfd1000, 0x00007f1668600000)
   the space 8393220K,  99% used [0x00007f0bbdb50000, 0x00007f0dbdfd0ff8, 0x00007f0dbdfd1000, 0x00007f0dbdfd1000)
 Metaspace       used 30572K, capacity 30992K, committed 31232K, reserved 32768K
GC Heap History (20 events):
Event: 127.591 GC heap after
{Heap after GC invocations=83 (full 10):
 def new generation   total 3727808K, used 272512K [0x00007f0668600000, 0x00007f07652e0000, 0x00007f0bbdb50000)
  eden space 3313664K,   0% used [0x00007f0668600000, 0x00007f0668600000, 0x00007f0732a00000)
  from space 414144K,  65% used [0x00007f0732a00000, 0x00007f07434200d0, 0x00007f074be70000)
  to   space 414144K,   0% used [0x00007f074be70000, 0x00007f074be70000, 0x00007f07652e0000)
 tenured generation   total 8283780K, used 5928673K [0x00007f0bbdb50000, 0x00007f0db74f1000, 0x00007f1668600000)
   the space 8283780K,  71% used [0x00007f0bbdb50000, 0x00007f0d27908670, 0x00007f0d27908800, 0x00007f0db74f1000)
 Metaspace       used 30572K, capacity 30992K, committed 31232K, reserved 32768K
}
Event: 128.419 GC heap before
{Heap before GC invocations=83 (full 10):
 def new generation   total 3727808K, used 3586176K [0x00007f0668600000, 0x00007f07652e0000, 0x00007f0bbdb50000)
  eden space 3313664K, 100% used [0x00007f0668600000, 0x00007f0732a00000, 0x00007f0732a00000)
  from space 414144K,  65% used [0x00007f0732a00000, 0x00007f07434200d0, 0x00007f074be70000)
  to   space 414144K,   0% used [0x00007f074be70000, 0x00007f074be70000, 0x00007f07652e0000)
 tenured generation   total 8283780K, used 5928673K [0x00007f0bbdb50000, 0x00007f0db74f1000, 0x00007f1668600000)
   the space 8283780K,  71% used [0x00007f0bbdb50000, 0x00007f0d27908670, 0x00007f0d27908800, 0x00007f0db74f1000)
 Metaspace       used 30572K, capacity 30992K, committed 31232K, reserved 32768K
}
Event: 129.441 GC heap after
{Heap after GC invocations=84 (full 10):
 def new generation   total 3727808K, used 267443K [0x00007f0668600000, 0x00007f07652e0000, 0x00007f0bbdb50000)
  eden space 3313664K,   0% used [0x00007f0668600000, 0x00007f0668600000, 0x00007f0732a00000)
  from space 414144K,  64% used [0x00007f074be70000, 0x00007f075c39cdc0, 0x00007f07652e0000)
  to   space 414144K,   0% used [0x00007f0732a00000, 0x00007f0732a00000, 0x00007f074be70000)
 tenured generation   total 8283780K, used 6201184K [0x00007f0bbdb50000, 0x00007f0db74f1000, 0x00007f1668600000)
   the space 8283780K,  74% used [0x00007f0bbdb50000, 0x00007f0d38328260, 0x00007f0d38328400, 0x00007f0db74f1000)
 Metaspace       used 30572K, capacity 30992K, committed 31232K, reserved 32768K
}
Event: 130.288 GC heap before
{Heap before GC invocations=84 (full 10):
 def new generation   total 3727808K, used 3581107K [0x00007f0668600000, 0x00007f07652e0000, 0x00007f0bbdb50000)
  eden space 3313664K, 100% used [0x00007f0668600000, 0x00007f0732a00000, 0x00007f0732a00000)
  from space 414144K,  64% used [0x00007f074be70000, 0x00007f075c39cdc0, 0x00007f07652e0000)
  to   space 414144K,   0% used [0x00007f0732a00000, 0x00007f0732a00000, 0x00007f074be70000)
 tenured generation   total 8283780K, used 6201184K [0x00007f0bbdb50000, 0x00007f0db74f1000, 0x00007f1668600000)
   the space 8283780K,  74% used [0x00007f0bbdb50000, 0x00007f0d38328260, 0x00007f0d38328400, 0x00007f0db74f1000)
 Metaspace       used 30572K, capacity 30992K, committed 31232K, reserved 32768K
}
Event: 131.280 GC heap after
{Heap after GC invocations=85 (full 10):
 def new generation   total 3727808K, used 275470K [0x00007f0668600000, 0x00007f07652e0000, 0x00007f0bbdb50000)
  eden space 3313664K,   0% used [0x00007f0668600000, 0x00007f0668600000, 0x00007f0732a00000)
  from space 414144K,  66% used [0x00007f0732a00000, 0x00007f0743703b30, 0x00007f074be70000)
  to   space 414144K,   0% used [0x00007f074be70000, 0x00007f074be70000, 0x00007f07652e0000)
 tenured generation   total 8283780K, used 6468627K [0x00007f0bbdb50000, 0x00007f0db74f1000, 0x00007f1668600000)
   the space 8283780K,  78% used [0x00007f0bbdb50000, 0x00007f0d48854d40, 0x00007f0d48854e00, 0x00007f0db74f1000)
 Metaspace       used 30572K, capacity 30992K, committed 31232K, reserved 32768K
}
Event: 132.140 GC heap before
{Heap before GC invocations=85 (full 10):
 def new generation   total 3727808K, used 3589134K [0x00007f0668600000, 0x00007f07652e0000, 0x00007f0bbdb50000)
  eden space 3313664K, 100% used [0x00007f0668600000, 0x00007f0732a00000, 0x00007f0732a00000)
  from space 414144K,  66% used [0x00007f0732a00000, 0x00007f0743703b30, 0x00007f074be70000)
  to   space 414144K,   0% used [0x00007f074be70000, 0x00007f074be70000, 0x00007f07652e0000)
 tenured generation   total 8283780K, used 6468627K [0x00007f0bbdb50000, 0x00007f0db74f1000, 0x00007f1668600000)
   the space 8283780K,  78% used [0x00007f0bbdb50000, 0x00007f0d48854d40, 0x00007f0d48854e00, 0x00007f0db74f1000)
 Metaspace       used 30572K, capacity 30992K, committed 31232K, reserved 32768K
}
Event: 134.625 GC heap after
{Heap after GC invocations=86 (full 10):
 def new generation   total 3727808K, used 278187K [0x00007f0668600000, 0x00007f07652e0000, 0x00007f0bbdb50000)
  eden space 3313664K,   0% used [0x00007f0668600000, 0x00007f0668600000, 0x00007f0732a00000)
  from space 414144K,  67% used [0x00007f074be70000, 0x00007f075ce1af40, 0x00007f07652e0000)
  to   space 414144K,   0% used [0x00007f0732a00000, 0x00007f0732a00000, 0x00007f074be70000)
 tenured generation   total 8283780K, used 6744097K [0x00007f0bbdb50000, 0x00007f0db74f1000, 0x00007f1668600000)
   the space 8283780K,  81% used [0x00007f0bbdb50000, 0x00007f0d595587e0, 0x00007f0d59558800, 0x00007f0db74f1000)
 Metaspace       used 30572K, capacity 30992K, committed 31232K, reserved 32768K
}
Event: 135.434 GC heap before
{Heap before GC invocations=86 (full 10):
 def new generation   total 3727808K, used 3591851K [0x00007f0668600000, 0x00007f07652e0000, 0x00007f0bbdb50000)
  eden space 3313664K, 100% used [0x00007f0668600000, 0x00007f0732a00000, 0x00007f0732a00000)
  from space 414144K,  67% used [0x00007f074be70000, 0x00007f075ce1af40, 0x00007f07652e0000)
  to   space 414144K,   0% used [0x00007f0732a00000, 0x00007f0732a00000, 0x00007f074be70000)
 tenured generation   total 8283780K, used 6744097K [0x00007f0bbdb50000, 0x00007f0db74f1000, 0x00007f1668600000)
   the space 8283780K,  81% used [0x00007f0bbdb50000, 0x00007f0d595587e0, 0x00007f0d59558800, 0x00007f0db74f1000)
 Metaspace       used 30572K, capacity 30992K, committed 31232K, reserved 32768K
}
Event: 136.492 GC heap after
{Heap after GC invocations=87 (full 10):
 def new generation   total 3727808K, used 273256K [0x00007f0668600000, 0x00007f07652e0000, 0x00007f0bbdb50000)
  eden space 3313664K,   0% used [0x00007f0668600000, 0x00007f0668600000, 0x00007f0732a00000)
  from space 414144K,  65% used [0x00007f0732a00000, 0x00007f07434da078, 0x00007f074be70000)
  to   space 414144K,   0% used [0x00007f074be70000, 0x00007f074be70000, 0x00007f07652e0000)
 tenured generation   total 8283780K, used 7022284K [0x00007f0bbdb50000, 0x00007f0db74f1000, 0x00007f1668600000)
   the space 8283780K,  84% used [0x00007f0bbdb50000, 0x00007f0d6a5032f0, 0x00007f0d6a503400, 0x00007f0db74f1000)
 Metaspace       used 30572K, capacity 30992K, committed 31232K, reserved 32768K
}
Event: 137.313 GC heap before
{Heap before GC invocations=87 (full 10):
 def new generation   total 3727808K, used 3586920K [0x00007f0668600000, 0x00007f07652e0000, 0x00007f0bbdb50000)
  eden space 3313664K, 100% used [0x00007f0668600000, 0x00007f0732a00000, 0x00007f0732a00000)
  from space 414144K,  65% used [0x00007f0732a00000, 0x00007f07434da078, 0x00007f074be70000)
  to   space 414144K,   0% used [0x00007f074be70000, 0x00007f074be70000, 0x00007f07652e0000)
 tenured generation   total 8283780K, used 7022284K [0x00007f0bbdb50000, 0x00007f0db74f1000, 0x00007f1668600000)
   the space 8283780K,  84% used [0x00007f0bbdb50000, 0x00007f0d6a5032f0, 0x00007f0d6a503400, 0x00007f0db74f1000)
 Metaspace       used 30572K, capacity 30992K, committed 31232K, reserved 32768K
}
Event: 138.294 GC heap after
{Heap after GC invocations=88 (full 10):
 def new generation   total 3727808K, used 270443K [0x00007f0668600000, 0x00007f07652e0000, 0x00007f0bbdb50000)
  eden space 3313664K,   0% used [0x00007f0668600000, 0x00007f0668600000, 0x00007f0732a00000)
  from space 414144K,  65% used [0x00007f074be70000, 0x00007f075c68af00, 0x00007f07652e0000)
  to   space 414144K,   0% used [0x00007f0732a00000, 0x00007f0732a00000, 0x00007f074be70000)
 tenured generation   total 8283780K, used 7295540K [0x00007f0bbdb50000, 0x00007f0db74f1000, 0x00007f1668600000)
   the space 8283780K,  88% used [0x00007f0bbdb50000, 0x00007f0d7afdd328, 0x00007f0d7afdd400, 0x00007f0db74f1000)
 Metaspace       used 30572K, capacity 30992K, committed 31232K, reserved 32768K
}
Event: 139.103 GC heap before
{Heap before GC invocations=88 (full 10):
 def new generation   total 3727808K, used 3584107K [0x00007f0668600000, 0x00007f07652e0000, 0x00007f0bbdb50000)
  eden space 3313664K, 100% used [0x00007f0668600000, 0x00007f0732a00000, 0x00007f0732a00000)
  from space 414144K,  65% used [0x00007f074be70000, 0x00007f075c68af00, 0x00007f07652e0000)
  to   space 414144K,   0% used [0x00007f0732a00000, 0x00007f0732a00000, 0x00007f074be70000)
 tenured generation   total 8283780K, used 7295540K [0x00007f0bbdb50000, 0x00007f0db74f1000, 0x00007f1668600000)
   the space 8283780K,  88% used [0x00007f0bbdb50000, 0x00007f0d7afdd328, 0x00007f0d7afdd400, 0x00007f0db74f1000)
 Metaspace       used 30572K, capacity 30992K, committed 31232K, reserved 32768K
}
Event: 140.078 GC heap after
{Heap after GC invocations=89 (full 10):
 def new generation   total 3727808K, used 273408K [0x00007f0668600000, 0x00007f07652e0000, 0x00007f0bbdb50000)
  eden space 3313664K,   0% used [0x00007f0668600000, 0x00007f0668600000, 0x00007f0732a00000)
  from space 414144K,  66% used [0x00007f0732a00000, 0x00007f0743500190, 0x00007f074be70000)
  to   space 414144K,   0% used [0x00007f074be70000, 0x00007f074be70000, 0x00007f07652e0000)
 tenured generation   total 8283780K, used 7565984K [0x00007f0bbdb50000, 0x00007f0db74f1000, 0x00007f1668600000)
   the space 8283780K,  91% used [0x00007f0bbdb50000, 0x00007f0d8b7f8128, 0x00007f0d8b7f8200, 0x00007f0db74f1000)
 Metaspace       used 30572K, capacity 30992K, committed 31232K, reserved 32768K
}
Event: 140.938 GC heap before
{Heap before GC invocations=89 (full 10):
 def new generation   total 3727808K, used 3587072K [0x00007f0668600000, 0x00007f07652e0000, 0x00007f0bbdb50000)
  eden space 3313664K, 100% used [0x00007f0668600000, 0x00007f0732a00000, 0x00007f0732a00000)
  from space 414144K,  66% used [0x00007f0732a00000, 0x00007f0743500190, 0x00007f074be70000)
  to   space 414144K,   0% used [0x00007f074be70000, 0x00007f074be70000, 0x00007f07652e0000)
 tenured generation   total 8283780K, used 7565984K [0x00007f0bbdb50000, 0x00007f0db74f1000, 0x00007f1668600000)
   the space 8283780K,  91% used [0x00007f0bbdb50000, 0x00007f0d8b7f8128, 0x00007f0d8b7f8200, 0x00007f0db74f1000)
 Metaspace       used 30572K, capacity 30992K, committed 31232K, reserved 32768K
}
Event: 141.936 GC heap after
{Heap after GC invocations=90 (full 10):
 def new generation   total 3727808K, used 273160K [0x00007f0668600000, 0x00007f07652e0000, 0x00007f0bbdb50000)
  eden space 3313664K,   0% used [0x00007f0668600000, 0x00007f0668600000, 0x00007f0732a00000)
  from space 414144K,  65% used [0x00007f074be70000, 0x00007f075c932090, 0x00007f07652e0000)
  to   space 414144K,   0% used [0x00007f0732a00000, 0x00007f0732a00000, 0x00007f074be70000)
 tenured generation   total 8283780K, used 7839391K [0x00007f0bbdb50000, 0x00007f0db74f1000, 0x00007f1668600000)
   the space 8283780K,  94% used [0x00007f0bbdb50000, 0x00007f0d9c2f7e98, 0x00007f0d9c2f8000, 0x00007f0db74f1000)
 Metaspace       used 30572K, capacity 30992K, committed 31232K, reserved 32768K
}
Event: 142.758 GC heap before
{Heap before GC invocations=90 (full 10):
 def new generation   total 3727808K, used 3586824K [0x00007f0668600000, 0x00007f07652e0000, 0x00007f0bbdb50000)
  eden space 3313664K, 100% used [0x00007f0668600000, 0x00007f0732a00000, 0x00007f0732a00000)
  from space 414144K,  65% used [0x00007f074be70000, 0x00007f075c932090, 0x00007f07652e0000)
  to   space 414144K,   0% used [0x00007f0732a00000, 0x00007f0732a00000, 0x00007f074be70000)
 tenured generation   total 8283780K, used 7839391K [0x00007f0bbdb50000, 0x00007f0db74f1000, 0x00007f1668600000)
   the space 8283780K,  94% used [0x00007f0bbdb50000, 0x00007f0d9c2f7e98, 0x00007f0d9c2f8000, 0x00007f0db74f1000)
 Metaspace       used 30572K, capacity 30992K, committed 31232K, reserved 32768K
}
Event: 143.767 GC heap after
{Heap after GC invocations=91 (full 10):
 def new generation   total 3727808K, used 280493K [0x00007f0668600000, 0x00007f07652e0000, 0x00007f0bbdb50000)
  eden space 3313664K,   0% used [0x00007f0668600000, 0x00007f0668600000, 0x00007f0732a00000)
  from space 414144K,  67% used [0x00007f0732a00000, 0x00007f0743beb400, 0x00007f074be70000)
  to   space 414144K,   0% used [0x00007f074be70000, 0x00007f074be70000, 0x00007f07652e0000)
 tenured generation   total 8283780K, used 8112551K [0x00007f0bbdb50000, 0x00007f0db74f1000, 0x00007f1668600000)
   the space 8283780K,  97% used [0x00007f0bbdb50000, 0x00007f0dacdb9dc8, 0x00007f0dacdb9e00, 0x00007f0db74f1000)
 Metaspace       used 30572K, capacity 30992K, committed 31232K, reserved 32768K
}
Event: 144.564 GC heap before
{Heap before GC invocations=91 (full 10):
 def new generation   total 3727808K, used 3594157K [0x00007f0668600000, 0x00007f07652e0000, 0x00007f0bbdb50000)
  eden space 3313664K, 100% used [0x00007f0668600000, 0x00007f0732a00000, 0x00007f0732a00000)
  from space 414144K,  67% used [0x00007f0732a00000, 0x00007f0743beb400, 0x00007f074be70000)
  to   space 414144K,   0% used [0x00007f074be70000, 0x00007f074be70000, 0x00007f07652e0000)
 tenured generation   total 8283780K, used 8112551K [0x00007f0bbdb50000, 0x00007f0db74f1000, 0x00007f1668600000)
   the space 8283780K,  97% used [0x00007f0bbdb50000, 0x00007f0dacdb9dc8, 0x00007f0dacdb9e00, 0x00007f0db74f1000)
 Metaspace       used 30572K, capacity 30992K, committed 31232K, reserved 32768K
}
Event: 145.541 GC heap after
{Heap after GC invocations=92 (full 10):
 def new generation   total 3727808K, used 272366K [0x00007f0668600000, 0x00007f07652e0000, 0x00007f0bbdb50000)
  eden space 3313664K,   0% used [0x00007f0668600000, 0x00007f0668600000, 0x00007f0732a00000)
  from space 414144K,  65% used [0x00007f074be70000, 0x00007f075c86b830, 0x00007f07652e0000)
  to   space 414144K,   0% used [0x00007f0732a00000, 0x00007f0732a00000, 0x00007f074be70000)
 tenured generation   total 8393220K, used 8393043K [0x00007f0bbdb50000, 0x00007f0dbdfd1000, 0x00007f1668600000)
   the space 8393220K,  99% used [0x00007f0bbdb50000, 0x00007f0dbdfa4f38, 0x00007f0dbdfa5000, 0x00007f0dbdfd1000)
 Metaspace       used 30572K, capacity 30992K, committed 31232K, reserved 32768K
}
Event: 145.541 GC heap before
{Heap before GC invocations=92 (full 10):
 def new generation   total 3727808K, used 272366K [0x00007f0668600000, 0x00007f07652e0000, 0x00007f0bbdb50000)
  eden space 3313664K,   0% used [0x00007f0668600000, 0x00007f0668600000, 0x00007f0732a00000)
  from space 414144K,  65% used [0x00007f074be70000, 0x00007f075c86b830, 0x00007f07652e0000)
  to   space 414144K,   0% used [0x00007f0732a00000, 0x00007f0732a00000, 0x00007f074be70000)
 tenured generation   total 8393220K, used 8393043K [0x00007f0bbdb50000, 0x00007f0dbdfd1000, 0x00007f1668600000)
   the space 8393220K,  99% used [0x00007f0bbdb50000, 0x00007f0dbdfa4f38, 0x00007f0dbdfa5000, 0x00007f0dbdfd1000)
 Metaspace       used 30572K, capacity 30992K, committed 31232K, reserved 32768K
}

