# JRE version: OpenJDK Runtime Environment (13.0.7+5) (build 13.0.7+5-Ubuntu-0ubuntu120.04)
# Java VM: OpenJDK 64-Bit Server VM (13.0.7+5-Ubuntu-0ubuntu120.04, mixed mode, tiered, serial gc, linux-amd64)
Heap:
 def new generation   total 3089600K, used 224558K [0x00007f1a48600000, 0x00007f1b19e60000, 0x00007f1f9db50000)
  eden space 2746368K,   8% used [0x00007f1a48600000, 0x00007f1a5614ba30, 0x00007f1af0000000)
  from space 343232K,   0% used [0x00007f1b04f30000, 0x00007f1b04f30000, 0x00007f1b19e60000)
  to   space 343232K,   0% used [0x00007f1af0000000, 0x00007f1af0000000, 0x00007f1b04f30000)
 tenured generation   total 7077524K, used 7077524K [0x00007f1f9db50000, 0x00007f214daf5000, 0x00007f2a48600000)
   the space 7077524K, 100% used [0x00007f1f9db50000, 0x00007f214daf5000, 0x00007f214daf5000, 0x00007f214daf5000)
 Metaspace       used 30336K, capacity 30751K, committed 30976K, reserved 32768K
GC Heap History (20 events):
Event: 109.017 GC heap after
{Heap after GC invocations=54 (full 4):
 def new generation   total 3089600K, used 241412K [0x00007f1a48600000, 0x00007f1b19e60000, 0x00007f1f9db50000)
  eden space 2746368K,   0% used [0x00007f1a48600000, 0x00007f1a48600000, 0x00007f1af0000000)
  from space 343232K,  70% used [0x00007f1af0000000, 0x00007f1afebc1358, 0x00007f1b04f30000)
  to   space 343232K,   0% used [0x00007f1b04f30000, 0x00007f1b04f30000, 0x00007f1b19e60000)
 tenured generation   total 6865556K, used 4877280K [0x00007f1f9db50000, 0x00007f2140bf5000, 0x00007f2a48600000)
   the space 6865556K,  71% used [0x00007f1f9db50000, 0x00007f20c7648258, 0x00007f20c7648400, 0x00007f2140bf5000)
 Metaspace       used 30336K, capacity 30751K, committed 30976K, reserved 32768K
}
Event: 109.753 GC heap before
{Heap before GC invocations=54 (full 4):
 def new generation   total 3089600K, used 2987780K [0x00007f1a48600000, 0x00007f1b19e60000, 0x00007f1f9db50000)
  eden space 2746368K, 100% used [0x00007f1a48600000, 0x00007f1af0000000, 0x00007f1af0000000)
  from space 343232K,  70% used [0x00007f1af0000000, 0x00007f1afebc1358, 0x00007f1b04f30000)
  to   space 343232K,   0% used [0x00007f1b04f30000, 0x00007f1b04f30000, 0x00007f1b19e60000)
 tenured generation   total 6865556K, used 4877280K [0x00007f1f9db50000, 0x00007f2140bf5000, 0x00007f2a48600000)
   the space 6865556K,  71% used [0x00007f1f9db50000, 0x00007f20c7648258, 0x00007f20c7648400, 0x00007f2140bf5000)
 Metaspace       used 30336K, capacity 30751K, committed 30976K, reserved 32768K
}
Event: 110.576 GC heap after
{Heap after GC invocations=55 (full 4):
 def new generation   total 3089600K, used 254353K [0x00007f1a48600000, 0x00007f1b19e60000, 0x00007f1f9db50000)
  eden space 2746368K,   0% used [0x00007f1a48600000, 0x00007f1a48600000, 0x00007f1af0000000)
  from space 343232K,  74% used [0x00007f1b04f30000, 0x00007f1b14794420, 0x00007f1b19e60000)
  to   space 343232K,   0% used [0x00007f1af0000000, 0x00007f1af0000000, 0x00007f1b04f30000)
 tenured generation   total 6865556K, used 5118693K [0x00007f1f9db50000, 0x00007f2140bf5000, 0x00007f2a48600000)
   the space 6865556K,  74% used [0x00007f1f9db50000, 0x00007f20d6209570, 0x00007f20d6209600, 0x00007f2140bf5000)
 Metaspace       used 30336K, capacity 30751K, committed 30976K, reserved 32768K
}
Event: 111.333 GC heap before
{Heap before GC invocations=55 (full 4):
 def new generation   total 3089600K, used 3000721K [0x00007f1a48600000, 0x00007f1b19e60000, 0x00007f1f9db50000)
  eden space 2746368K, 100% used [0x00007f1a48600000, 0x00007f1af0000000, 0x00007f1af0000000)
  from space 343232K,  74% used [0x00007f1b04f30000, 0x00007f1b14794420, 0x00007f1b19e60000)
  to   space 343232K,   0% used [0x00007f1af0000000, 0x00007f1af0000000, 0x00007f1b04f30000)
 tenured generation   total 6865556K, used 5118693K [0x00007f1f9db50000, 0x00007f2140bf5000, 0x00007f2a48600000)
   the space 6865556K,  74% used [0x00007f1f9db50000, 0x00007f20d6209570, 0x00007f20d6209600, 0x00007f2140bf5000)
 Metaspace       used 30336K, capacity 30751K, committed 30976K, reserved 32768K
}
Event: 112.149 GC heap after
{Heap after GC invocations=56 (full 4):
 def new generation   total 3089600K, used 243100K [0x00007f1a48600000, 0x00007f1b19e60000, 0x00007f1f9db50000)
  eden space 2746368K,   0% used [0x00007f1a48600000, 0x00007f1a48600000, 0x00007f1af0000000)
  from space 343232K,  70% used [0x00007f1af0000000, 0x00007f1afed67228, 0x00007f1b04f30000)
  to   space 343232K,   0% used [0x00007f1b04f30000, 0x00007f1b04f30000, 0x00007f1b19e60000)
 tenured generation   total 6865556K, used 5373044K [0x00007f1f9db50000, 0x00007f2140bf5000, 0x00007f2a48600000)
   the space 6865556K,  78% used [0x00007f1f9db50000, 0x00007f20e5a6d3e0, 0x00007f20e5a6d400, 0x00007f2140bf5000)
 Metaspace       used 30336K, capacity 30751K, committed 30976K, reserved 32768K
}
Event: 112.871 GC heap before
{Heap before GC invocations=56 (full 4):
 def new generation   total 3089600K, used 2989468K [0x00007f1a48600000, 0x00007f1b19e60000, 0x00007f1f9db50000)
  eden space 2746368K, 100% used [0x00007f1a48600000, 0x00007f1af0000000, 0x00007f1af0000000)
  from space 343232K,  70% used [0x00007f1af0000000, 0x00007f1afed67228, 0x00007f1b04f30000)
  to   space 343232K,   0% used [0x00007f1b04f30000, 0x00007f1b04f30000, 0x00007f1b19e60000)
 tenured generation   total 6865556K, used 5373044K [0x00007f1f9db50000, 0x00007f2140bf5000, 0x00007f2a48600000)
   the space 6865556K,  78% used [0x00007f1f9db50000, 0x00007f20e5a6d3e0, 0x00007f20e5a6d400, 0x00007f2140bf5000)
 Metaspace       used 30336K, capacity 30751K, committed 30976K, reserved 32768K
}
Event: 113.709 GC heap after
{Heap after GC invocations=57 (full 4):
 def new generation   total 3089600K, used 250994K [0x00007f1a48600000, 0x00007f1b19e60000, 0x00007f1f9db50000)
  eden space 2746368K,   0% used [0x00007f1a48600000, 0x00007f1a48600000, 0x00007f1af0000000)
  from space 343232K,  73% used [0x00007f1b04f30000, 0x00007f1b1444c9d0, 0x00007f1b19e60000)
  to   space 343232K,   0% used [0x00007f1af0000000, 0x00007f1af0000000, 0x00007f1b04f30000)
 tenured generation   total 6865556K, used 5616144K [0x00007f1f9db50000, 0x00007f2140bf5000, 0x00007f2a48600000)
   the space 6865556K,  81% used [0x00007f1f9db50000, 0x00007f20f47d4278, 0x00007f20f47d4400, 0x00007f2140bf5000)
 Metaspace       used 30336K, capacity 30751K, committed 30976K, reserved 32768K
}
Event: 114.434 GC heap before
{Heap before GC invocations=57 (full 4):
 def new generation   total 3089600K, used 2997362K [0x00007f1a48600000, 0x00007f1b19e60000, 0x00007f1f9db50000)
  eden space 2746368K, 100% used [0x00007f1a48600000, 0x00007f1af0000000, 0x00007f1af0000000)
  from space 343232K,  73% used [0x00007f1b04f30000, 0x00007f1b1444c9d0, 0x00007f1b19e60000)
  to   space 343232K,   0% used [0x00007f1af0000000, 0x00007f1af0000000, 0x00007f1b04f30000)
 tenured generation   total 6865556K, used 5616144K [0x00007f1f9db50000, 0x00007f2140bf5000, 0x00007f2a48600000)
   the space 6865556K,  81% used [0x00007f1f9db50000, 0x00007f20f47d4278, 0x00007f20f47d4400, 0x00007f2140bf5000)
 Metaspace       used 30336K, capacity 30751K, committed 30976K, reserved 32768K
}
Event: 115.223 GC heap after
{Heap after GC invocations=58 (full 4):
 def new generation   total 3089600K, used 229235K [0x00007f1a48600000, 0x00007f1b19e60000, 0x00007f1f9db50000)
  eden space 2746368K,   0% used [0x00007f1a48600000, 0x00007f1a48600000, 0x00007f1af0000000)
  from space 343232K,  66% used [0x00007f1af0000000, 0x00007f1afdfdcc20, 0x00007f1b04f30000)
  to   space 343232K,   0% used [0x00007f1b04f30000, 0x00007f1b04f30000, 0x00007f1b19e60000)
 tenured generation   total 6865556K, used 5867137K [0x00007f1f9db50000, 0x00007f2140bf5000, 0x00007f2a48600000)
   the space 6865556K,  85% used [0x00007f1f9db50000, 0x00007f2103cf07f8, 0x00007f2103cf0800, 0x00007f2140bf5000)
 Metaspace       used 30336K, capacity 30751K, committed 30976K, reserved 32768K
}
Event: 116.012 GC heap before
{Heap before GC invocations=58 (full 4):
 def new generation   total 3089600K, used 2975603K [0x00007f1a48600000, 0x00007f1b19e60000, 0x00007f1f9db50000)
  eden space 2746368K, 100% used [0x00007f1a48600000, 0x00007f1af0000000, 0x00007f1af0000000)
  from space 343232K,  66% used [0x00007f1af0000000, 0x00007f1afdfdcc20, 0x00007f1b04f30000)
  to   space 343232K,   0% used [0x00007f1b04f30000, 0x00007f1b04f30000, 0x00007f1b19e60000)
 tenured generation   total 6865556K, used 5867137K [0x00007f1f9db50000, 0x00007f2140bf5000, 0x00007f2a48600000)
   the space 6865556K,  85% used [0x00007f1f9db50000, 0x00007f2103cf07f8, 0x00007f2103cf0800, 0x00007f2140bf5000)
 Metaspace       used 30336K, capacity 30751K, committed 30976K, reserved 32768K
}
Event: 116.809 GC heap after
{Heap after GC invocations=59 (full 4):
 def new generation   total 3089600K, used 244043K [0x00007f1a48600000, 0x00007f1b19e60000, 0x00007f1f9db50000)
  eden space 2746368K,   0% used [0x00007f1a48600000, 0x00007f1a48600000, 0x00007f1af0000000)
  from space 343232K,  71% used [0x00007f1b04f30000, 0x00007f1b13d82f10, 0x00007f1b19e60000)
  to   space 343232K,   0% used [0x00007f1af0000000, 0x00007f1af0000000, 0x00007f1b04f30000)
 tenured generation   total 6865556K, used 6096371K [0x00007f1f9db50000, 0x00007f2140bf5000, 0x00007f2a48600000)
   the space 6865556K,  88% used [0x00007f1f9db50000, 0x00007f2111ccce98, 0x00007f2111ccd000, 0x00007f2140bf5000)
 Metaspace       used 30336K, capacity 30751K, committed 30976K, reserved 32768K
}
Event: 117.562 GC heap before
{Heap before GC invocations=59 (full 4):
 def new generation   total 3089600K, used 2990411K [0x00007f1a48600000, 0x00007f1b19e60000, 0x00007f1f9db50000)
  eden space 2746368K, 100% used [0x00007f1a48600000, 0x00007f1af0000000, 0x00007f1af0000000)
  from space 343232K,  71% used [0x00007f1b04f30000, 0x00007f1b13d82f10, 0x00007f1b19e60000)
  to   space 343232K,   0% used [0x00007f1af0000000, 0x00007f1af0000000, 0x00007f1b04f30000)
 tenured generation   total 6865556K, used 6096371K [0x00007f1f9db50000, 0x00007f2140bf5000, 0x00007f2a48600000)
   the space 6865556K,  88% used [0x00007f1f9db50000, 0x00007f2111ccce98, 0x00007f2111ccd000, 0x00007f2140bf5000)
 Metaspace       used 30336K, capacity 30751K, committed 30976K, reserved 32768K
}
Event: 118.410 GC heap after
{Heap after GC invocations=60 (full 4):
 def new generation   total 3089600K, used 257253K [0x00007f1a48600000, 0x00007f1b19e60000, 0x00007f1f9db50000)
  eden space 2746368K,   0% used [0x00007f1a48600000, 0x00007f1a48600000, 0x00007f1af0000000)
  from space 343232K,  74% used [0x00007f1af0000000, 0x00007f1affb39650, 0x00007f1b04f30000)
  to   space 343232K,   0% used [0x00007f1b04f30000, 0x00007f1b04f30000, 0x00007f1b19e60000)
 tenured generation   total 6865556K, used 6340415K [0x00007f1f9db50000, 0x00007f2140bf5000, 0x00007f2a48600000)
   the space 6865556K,  92% used [0x00007f1f9db50000, 0x00007f2120b1fcb8, 0x00007f2120b1fe00, 0x00007f2140bf5000)
 Metaspace       used 30336K, capacity 30751K, committed 30976K, reserved 32768K
}
Event: 119.127 GC heap before
{Heap before GC invocations=60 (full 4):
 def new generation   total 3089600K, used 3003621K [0x00007f1a48600000, 0x00007f1b19e60000, 0x00007f1f9db50000)
  eden space 2746368K, 100% used [0x00007f1a48600000, 0x00007f1af0000000, 0x00007f1af0000000)
  from space 343232K,  74% used [0x00007f1af0000000, 0x00007f1affb39650, 0x00007f1b04f30000)
  to   space 343232K,   0% used [0x00007f1b04f30000, 0x00007f1b04f30000, 0x00007f1b19e60000)
 tenured generation   total 6865556K, used 6340415K [0x00007f1f9db50000, 0x00007f2140bf5000, 0x00007f2a48600000)
   the space 6865556K,  92% used [0x00007f1f9db50000, 0x00007f2120b1fcb8, 0x00007f2120b1fe00, 0x00007f2140bf5000)
 Metaspace       used 30336K, capacity 30751K, committed 30976K, reserved 32768K
}
Event: 119.905 GC heap after
{Heap after GC invocations=61 (full 4):
 def new generation   total 3089600K, used 219587K [0x00007f1a48600000, 0x00007f1b19e60000, 0x00007f1f9db50000)
  eden space 2746368K,   0% used [0x00007f1a48600000, 0x00007f1a48600000, 0x00007f1af0000000)
  from space 343232K,  63% used [0x00007f1b04f30000, 0x00007f1b125a0da8, 0x00007f1b19e60000)
  to   space 343232K,   0% used [0x00007f1af0000000, 0x00007f1af0000000, 0x00007f1b04f30000)
 tenured generation   total 6865556K, used 6597667K [0x00007f1f9db50000, 0x00007f2140bf5000, 0x00007f2a48600000)
   the space 6865556K,  96% used [0x00007f1f9db50000, 0x00007f2130658df8, 0x00007f2130658e00, 0x00007f2140bf5000)
 Metaspace       used 30336K, capacity 30751K, committed 30976K, reserved 32768K
}
Event: 120.675 GC heap before
{Heap before GC invocations=61 (full 4):
 def new generation   total 3089600K, used 2965955K [0x00007f1a48600000, 0x00007f1b19e60000, 0x00007f1f9db50000)
  eden space 2746368K, 100% used [0x00007f1a48600000, 0x00007f1af0000000, 0x00007f1af0000000)
  from space 343232K,  63% used [0x00007f1b04f30000, 0x00007f1b125a0da8, 0x00007f1b19e60000)
  to   space 343232K,   0% used [0x00007f1af0000000, 0x00007f1af0000000, 0x00007f1b04f30000)
 tenured generation   total 6865556K, used 6597667K [0x00007f1f9db50000, 0x00007f2140bf5000, 0x00007f2a48600000)
   the space 6865556K,  96% used [0x00007f1f9db50000, 0x00007f2130658df8, 0x00007f2130658e00, 0x00007f2140bf5000)
 Metaspace       used 30336K, capacity 30751K, committed 30976K, reserved 32768K
}
Event: 121.494 GC heap after
{Heap after GC invocations=62 (full 4):
 def new generation   total 3089600K, used 260237K [0x00007f1a48600000, 0x00007f1b19e60000, 0x00007f1f9db50000)
  eden space 2746368K,   0% used [0x00007f1a48600000, 0x00007f1a48600000, 0x00007f1af0000000)
  from space 343232K,  75% used [0x00007f1af0000000, 0x00007f1affe23668, 0x00007f1b04f30000)
  to   space 343232K,   0% used [0x00007f1b04f30000, 0x00007f1b04f30000, 0x00007f1b19e60000)
 tenured generation   total 6865556K, used 6817253K [0x00007f1f9db50000, 0x00007f2140bf5000, 0x00007f2a48600000)
   the space 6865556K,  99% used [0x00007f1f9db50000, 0x00007f213dcc9710, 0x00007f213dcc9800, 0x00007f2140bf5000)
 Metaspace       used 30336K, capacity 30751K, committed 30976K, reserved 32768K
}
Event: 122.216 GC heap before
{Heap before GC invocations=62 (full 4):
 def new generation   total 3089600K, used 3006605K [0x00007f1a48600000, 0x00007f1b19e60000, 0x00007f1f9db50000)
  eden space 2746368K, 100% used [0x00007f1a48600000, 0x00007f1af0000000, 0x00007f1af0000000)
  from space 343232K,  75% used [0x00007f1af0000000, 0x00007f1affe23668, 0x00007f1b04f30000)
  to   space 343232K,   0% used [0x00007f1b04f30000, 0x00007f1b04f30000, 0x00007f1b19e60000)
 tenured generation   total 6865556K, used 6817253K [0x00007f1f9db50000, 0x00007f2140bf5000, 0x00007f2a48600000)
   the space 6865556K,  99% used [0x00007f1f9db50000, 0x00007f213dcc9710, 0x00007f213dcc9800, 0x00007f2140bf5000)
 Metaspace       used 30336K, capacity 30751K, committed 30976K, reserved 32768K
}
Event: 122.982 GC heap after
{Heap after GC invocations=63 (full 4):
 def new generation   total 3089600K, used 224591K [0x00007f1a48600000, 0x00007f1b19e60000, 0x00007f1f9db50000)
  eden space 2746368K,   0% used [0x00007f1a48600000, 0x00007f1a48600000, 0x00007f1af0000000)
  from space 343232K,  65% used [0x00007f1b04f30000, 0x00007f1b12a83cb8, 0x00007f1b19e60000)
  to   space 343232K,   0% used [0x00007f1af0000000, 0x00007f1af0000000, 0x00007f1b04f30000)
 tenured generation   total 7077524K, used 7077491K [0x00007f1f9db50000, 0x00007f214daf5000, 0x00007f2a48600000)
   the space 7077524K,  99% used [0x00007f1f9db50000, 0x00007f214daecd78, 0x00007f214daece00, 0x00007f214daf5000)
 Metaspace       used 30336K, capacity 30751K, committed 30976K, reserved 32768K
}
Event: 122.982 GC heap before
{Heap before GC invocations=63 (full 4):
 def new generation   total 3089600K, used 224591K [0x00007f1a48600000, 0x00007f1b19e60000, 0x00007f1f9db50000)
  eden space 2746368K,   0% used [0x00007f1a48600000, 0x00007f1a48600000, 0x00007f1af0000000)
  from space 343232K,  65% used [0x00007f1b04f30000, 0x00007f1b12a83cb8, 0x00007f1b19e60000)
  to   space 343232K,   0% used [0x00007f1af0000000, 0x00007f1af0000000, 0x00007f1b04f30000)
 tenured generation   total 7077524K, used 7077491K [0x00007f1f9db50000, 0x00007f214daf5000, 0x00007f2a48600000)
   the space 7077524K,  99% used [0x00007f1f9db50000, 0x00007f214daecd78, 0x00007f214daece00, 0x00007f214daf5000)
 Metaspace       used 30336K, capacity 30751K, committed 30976K, reserved 32768K
}

