# JRE version: OpenJDK Runtime Environment (13.0.7+5) (build 13.0.7+5-Ubuntu-0ubuntu120.04)
# Java VM: OpenJDK 64-Bit Server VM (13.0.7+5-Ubuntu-0ubuntu120.04, mixed mode, tiered, serial gc, linux-amd64)
Heap:
 def new generation   total 12890560K, used 0K [0x00007f8f18600000, 0x00007f9282920000, 0x00007f946db50000)
  eden space 11458304K,   0% used [0x00007f8f18600000, 0x00007f8f18600000, 0x00007f91d3bc0000)
  from space 1432256K,   0% used [0x00007f91d3bc0000, 0x00007f91d3bc0000, 0x00007f922b270000)
  to   space 1432256K,   0% used [0x00007f922b270000, 0x00007f922b270000, 0x00007f9282920000)
 tenured generation   total 30092872K, used 29021538K [0x00007f946db50000, 0x00007f9b9a6e2000, 0x00007f9f18600000)
   the space 30092872K,  96% used [0x00007f946db50000, 0x00007f9b590a8be0, 0x00007f9b590a8c00, 0x00007f9b9a6e2000)
 Metaspace       used 30618K, capacity 31068K, committed 31488K, reserved 32768K
GC Heap History (20 events):
Event: 1722.908 GC heap after
{Heap after GC invocations=45 (full 6):
 def new generation   total 7185088K, used 798335K [0x00007f8f18600000, 0x00007f90ffa50000, 0x00007f946db50000)
  eden space 6386752K,   0% used [0x00007f8f18600000, 0x00007f8f18600000, 0x00007f909e310000)
  from space 798336K,  99% used [0x00007f90ceeb0000, 0x00007f90ffa4fff0, 0x00007f90ffa50000)
  to   space 798336K,   0% used [0x00007f909e310000, 0x00007f909e310000, 0x00007f90ceeb0000)
 tenured generation   total 15966800K, used 14498183K [0x00007f946db50000, 0x00007f983c3e4000, 0x00007f9f18600000)
   the space 15966800K,  90% used [0x00007f946db50000, 0x00007f97e29b1ce0, 0x00007f97e29b1e00, 0x00007f983c3e4000)
 Metaspace       used 30618K, capacity 31068K, committed 31488K, reserved 32768K
}
Event: 2369.549 GC heap before
{Heap before GC invocations=45 (full 6):
 def new generation   total 7185088K, used 7185087K [0x00007f8f18600000, 0x00007f90ffa50000, 0x00007f946db50000)
  eden space 6386752K, 100% used [0x00007f8f18600000, 0x00007f909e310000, 0x00007f909e310000)
  from space 798336K,  99% used [0x00007f90ceeb0000, 0x00007f90ffa4fff0, 0x00007f90ffa50000)
  to   space 798336K,   0% used [0x00007f909e310000, 0x00007f909e310000, 0x00007f90ceeb0000)
 tenured generation   total 15966800K, used 14498183K [0x00007f946db50000, 0x00007f983c3e4000, 0x00007f9f18600000)
   the space 15966800K,  90% used [0x00007f946db50000, 0x00007f97e29b1ce0, 0x00007f97e29b1e00, 0x00007f983c3e4000)
 Metaspace       used 30618K, capacity 31068K, committed 31488K, reserved 32768K
}
Event: 2372.761 GC heap after
{Heap after GC invocations=46 (full 6):
 def new generation   total 7185088K, used 798335K [0x00007f8f18600000, 0x00007f90ffa50000, 0x00007f946db50000)
  eden space 6386752K,   0% used [0x00007f8f18600000, 0x00007f8f18600000, 0x00007f909e310000)
  from space 798336K,  99% used [0x00007f909e310000, 0x00007f90ceeafff0, 0x00007f90ceeb0000)
  to   space 798336K,   0% used [0x00007f90ceeb0000, 0x00007f90ceeb0000, 0x00007f90ffa50000)
 tenured generation   total 15966800K, used 15842756K [0x00007f946db50000, 0x00007f983c3e4000, 0x00007f9f18600000)
   the space 15966800K,  99% used [0x00007f946db50000, 0x00007f9834ac1240, 0x00007f9834ac1400, 0x00007f983c3e4000)
 Metaspace       used 30618K, capacity 31068K, committed 31488K, reserved 32768K
}
Event: 2883.766 GC heap before
{Heap before GC invocations=46 (full 6):
 def new generation   total 7185088K, used 7185087K [0x00007f8f18600000, 0x00007f90ffa50000, 0x00007f946db50000)
  eden space 6386752K, 100% used [0x00007f8f18600000, 0x00007f909e310000, 0x00007f909e310000)
  from space 798336K,  99% used [0x00007f909e310000, 0x00007f90ceeafff0, 0x00007f90ceeb0000)
  to   space 798336K,   0% used [0x00007f90ceeb0000, 0x00007f90ceeb0000, 0x00007f90ffa50000)
 tenured generation   total 15966800K, used 15842756K [0x00007f946db50000, 0x00007f983c3e4000, 0x00007f9f18600000)
   the space 15966800K,  99% used [0x00007f946db50000, 0x00007f9834ac1240, 0x00007f9834ac1400, 0x00007f983c3e4000)
 Metaspace       used 30618K, capacity 31068K, committed 31488K, reserved 32768K
}
Event: 2886.968 GC heap after
{Heap after GC invocations=47 (full 6):
 def new generation   total 7185088K, used 798336K [0x00007f8f18600000, 0x00007f90ffa50000, 0x00007f946db50000)
  eden space 6386752K,   0% used [0x00007f8f18600000, 0x00007f8f18600000, 0x00007f909e310000)
  from space 798336K, 100% used [0x00007f90ceeb0000, 0x00007f90ffa50000, 0x00007f90ffa50000)
  to   space 798336K,   0% used [0x00007f909e310000, 0x00007f909e310000, 0x00007f90ceeb0000)
 tenured generation   total 17187344K, used 17187329K [0x00007f946db50000, 0x00007f9886bd4000, 0x00007f9f18600000)
   the space 17187344K,  99% used [0x00007f946db50000, 0x00007f9886bd0660, 0x00007f9886bd0800, 0x00007f9886bd4000)
 Metaspace       used 30618K, capacity 31068K, committed 31488K, reserved 32768K
}
Event: 2886.968 GC heap before
{Heap before GC invocations=47 (full 6):
 def new generation   total 7185088K, used 798336K [0x00007f8f18600000, 0x00007f90ffa50000, 0x00007f946db50000)
  eden space 6386752K,   0% used [0x00007f8f18600000, 0x00007f8f18600000, 0x00007f909e310000)
  from space 798336K, 100% used [0x00007f90ceeb0000, 0x00007f90ffa50000, 0x00007f90ffa50000)
  to   space 798336K,   0% used [0x00007f909e310000, 0x00007f909e310000, 0x00007f90ceeb0000)
 tenured generation   total 17187344K, used 17187329K [0x00007f946db50000, 0x00007f9886bd4000, 0x00007f9f18600000)
   the space 17187344K,  99% used [0x00007f946db50000, 0x00007f9886bd0660, 0x00007f9886bd0800, 0x00007f9886bd4000)
 Metaspace       used 30618K, capacity 31068K, committed 31488K, reserved 32768K
}
Event: 2922.657 GC heap after
{Heap after GC invocations=47 (full 7):
 def new generation   total 12890560K, used 798321K [0x00007f8f18600000, 0x00007f9282920000, 0x00007f946db50000)
  eden space 11458304K,   6% used [0x00007f8f18600000, 0x00007f8f4919c660, 0x00007f91d3bc0000)
  from space 1432256K,   0% used [0x00007f91d3bc0000, 0x00007f91d3bc0000, 0x00007f922b270000)
  to   space 1432256K,   0% used [0x00007f922b270000, 0x00007f922b270000, 0x00007f9282920000)
 tenured generation   total 28645576K, used 17187344K [0x00007f946db50000, 0x00007f9b42182000, 0x00007f9f18600000)
   the space 28645576K,  59% used [0x00007f946db50000, 0x00007f9886bd4000, 0x00007f9886bd4000, 0x00007f9b42182000)
 Metaspace       used 30618K, capacity 31068K, committed 31488K, reserved 32768K
}
Event: 3642.510 GC heap before
{Heap before GC invocations=47 (full 7):
 def new generation   total 12890560K, used 11458304K [0x00007f8f18600000, 0x00007f9282920000, 0x00007f946db50000)
  eden space 11458304K, 100% used [0x00007f8f18600000, 0x00007f91d3bc0000, 0x00007f91d3bc0000)
  from space 1432256K,   0% used [0x00007f91d3bc0000, 0x00007f91d3bc0000, 0x00007f922b270000)
  to   space 1432256K,   0% used [0x00007f922b270000, 0x00007f922b270000, 0x00007f9282920000)
 tenured generation   total 28645576K, used 17187344K [0x00007f946db50000, 0x00007f9b42182000, 0x00007f9f18600000)
   the space 28645576K,  59% used [0x00007f946db50000, 0x00007f9886bd4000, 0x00007f9886bd4000, 0x00007f9b42182000)
 Metaspace       used 30618K, capacity 31068K, committed 31488K, reserved 32768K
}
Event: 3653.577 GC heap after
{Heap after GC invocations=48 (full 7):
 def new generation   total 12890560K, used 1432255K [0x00007f8f18600000, 0x00007f9282920000, 0x00007f946db50000)
  eden space 11458304K,   0% used [0x00007f8f18600000, 0x00007f8f18600000, 0x00007f91d3bc0000)
  from space 1432256K,  99% used [0x00007f922b270000, 0x00007f928291fff0, 0x00007f9282920000)
  to   space 1432256K,   0% used [0x00007f91d3bc0000, 0x00007f91d3bc0000, 0x00007f922b270000)
 tenured generation   total 28645576K, used 18797610K [0x00007f946db50000, 0x00007f9b42182000, 0x00007f9f18600000)
   the space 28645576K,  65% used [0x00007f946db50000, 0x00007f98e905aba0, 0x00007f98e905ac00, 0x00007f9b42182000)
 Metaspace       used 30618K, capacity 31068K, committed 31488K, reserved 32768K
}
Event: 4365.223 GC heap before
{Heap before GC invocations=48 (full 7):
 def new generation   total 12890560K, used 12890559K [0x00007f8f18600000, 0x00007f9282920000, 0x00007f946db50000)
  eden space 11458304K, 100% used [0x00007f8f18600000, 0x00007f91d3bc0000, 0x00007f91d3bc0000)
  from space 1432256K,  99% used [0x00007f922b270000, 0x00007f928291fff0, 0x00007f9282920000)
  to   space 1432256K,   0% used [0x00007f91d3bc0000, 0x00007f91d3bc0000, 0x00007f922b270000)
 tenured generation   total 28645576K, used 18797610K [0x00007f946db50000, 0x00007f9b42182000, 0x00007f9f18600000)
   the space 28645576K,  65% used [0x00007f946db50000, 0x00007f98e905aba0, 0x00007f98e905ac00, 0x00007f9b42182000)
 Metaspace       used 30618K, capacity 31068K, committed 31488K, reserved 32768K
}
Event: 4372.414 GC heap after
{Heap after GC invocations=49 (full 7):
 def new generation   total 12890560K, used 1432255K [0x00007f8f18600000, 0x00007f9282920000, 0x00007f946db50000)
  eden space 11458304K,   0% used [0x00007f8f18600000, 0x00007f8f18600000, 0x00007f91d3bc0000)
  from space 1432256K,  99% used [0x00007f91d3bc0000, 0x00007f922b26fff0, 0x00007f922b270000)
  to   space 1432256K,   0% used [0x00007f922b270000, 0x00007f922b270000, 0x00007f9282920000)
 tenured generation   total 28645576K, used 21209879K [0x00007f946db50000, 0x00007f9b42182000, 0x00007f9f18600000)
   the space 28645576K,  74% used [0x00007f946db50000, 0x00007f997c415cc0, 0x00007f997c415e00, 0x00007f9b42182000)
 Metaspace       used 30618K, capacity 31068K, committed 31488K, reserved 32768K
}
Event: 4956.826 GC heap before
{Heap before GC invocations=49 (full 7):
 def new generation   total 12890560K, used 12890559K [0x00007f8f18600000, 0x00007f9282920000, 0x00007f946db50000)
  eden space 11458304K, 100% used [0x00007f8f18600000, 0x00007f91d3bc0000, 0x00007f91d3bc0000)
  from space 1432256K,  99% used [0x00007f91d3bc0000, 0x00007f922b26fff0, 0x00007f922b270000)
  to   space 1432256K,   0% used [0x00007f922b270000, 0x00007f922b270000, 0x00007f9282920000)
 tenured generation   total 28645576K, used 21209879K [0x00007f946db50000, 0x00007f9b42182000, 0x00007f9f18600000)
   the space 28645576K,  74% used [0x00007f946db50000, 0x00007f997c415cc0, 0x00007f997c415e00, 0x00007f9b42182000)
 Metaspace       used 30618K, capacity 31068K, committed 31488K, reserved 32768K
}
Event: 4963.710 GC heap after
{Heap after GC invocations=50 (full 7):
 def new generation   total 12890560K, used 1432255K [0x00007f8f18600000, 0x00007f9282920000, 0x00007f946db50000)
  eden space 11458304K,   0% used [0x00007f8f18600000, 0x00007f8f18600000, 0x00007f91d3bc0000)
  from space 1432256K,  99% used [0x00007f922b270000, 0x00007f928291fff0, 0x00007f9282920000)
  to   space 1432256K,   0% used [0x00007f91d3bc0000, 0x00007f91d3bc0000, 0x00007f922b270000)
 tenured generation   total 28645576K, used 23622147K [0x00007f946db50000, 0x00007f9b42182000, 0x00007f9f18600000)
   the space 28645576K,  82% used [0x00007f946db50000, 0x00007f9a0f7d0e00, 0x00007f9a0f7d0e00, 0x00007f9b42182000)
 Metaspace       used 30618K, capacity 31068K, committed 31488K, reserved 32768K
}
Event: 5478.310 GC heap before
{Heap before GC invocations=50 (full 7):
 def new generation   total 12890560K, used 12890559K [0x00007f8f18600000, 0x00007f9282920000, 0x00007f946db50000)
  eden space 11458304K, 100% used [0x00007f8f18600000, 0x00007f91d3bc0000, 0x00007f91d3bc0000)
  from space 1432256K,  99% used [0x00007f922b270000, 0x00007f928291fff0, 0x00007f9282920000)
  to   space 1432256K,   0% used [0x00007f91d3bc0000, 0x00007f91d3bc0000, 0x00007f922b270000)
 tenured generation   total 28645576K, used 23622147K [0x00007f946db50000, 0x00007f9b42182000, 0x00007f9f18600000)
   the space 28645576K,  82% used [0x00007f946db50000, 0x00007f9a0f7d0e00, 0x00007f9a0f7d0e00, 0x00007f9b42182000)
 Metaspace       used 30618K, capacity 31068K, committed 31488K, reserved 32768K
}
Event: 5485.195 GC heap after
{Heap after GC invocations=51 (full 7):
 def new generation   total 12890560K, used 1432255K [0x00007f8f18600000, 0x00007f9282920000, 0x00007f946db50000)
  eden space 11458304K,   0% used [0x00007f8f18600000, 0x00007f8f18600000, 0x00007f91d3bc0000)
  from space 1432256K,  99% used [0x00007f91d3bc0000, 0x00007f922b26fff0, 0x00007f922b270000)
  to   space 1432256K,   0% used [0x00007f922b270000, 0x00007f922b270000, 0x00007f9282920000)
 tenured generation   total 28645576K, used 26034415K [0x00007f946db50000, 0x00007f9b42182000, 0x00007f9f18600000)
   the space 28645576K,  90% used [0x00007f946db50000, 0x00007f9aa2b8bf20, 0x00007f9aa2b8c000, 0x00007f9b42182000)
 Metaspace       used 30618K, capacity 31068K, committed 31488K, reserved 32768K
}
Event: 5815.043 GC heap before
{Heap before GC invocations=51 (full 7):
 def new generation   total 12890560K, used 12890559K [0x00007f8f18600000, 0x00007f9282920000, 0x00007f946db50000)
  eden space 11458304K, 100% used [0x00007f8f18600000, 0x00007f91d3bc0000, 0x00007f91d3bc0000)
  from space 1432256K,  99% used [0x00007f91d3bc0000, 0x00007f922b26fff0, 0x00007f922b270000)
  to   space 1432256K,   0% used [0x00007f922b270000, 0x00007f922b270000, 0x00007f9282920000)
 tenured generation   total 28645576K, used 26034415K [0x00007f946db50000, 0x00007f9b42182000, 0x00007f9f18600000)
   the space 28645576K,  90% used [0x00007f946db50000, 0x00007f9aa2b8bf20, 0x00007f9aa2b8c000, 0x00007f9b42182000)
 Metaspace       used 30618K, capacity 31068K, committed 31488K, reserved 32768K
}
Event: 5821.807 GC heap after
{Heap after GC invocations=52 (full 7):
 def new generation   total 12890560K, used 1432255K [0x00007f8f18600000, 0x00007f9282920000, 0x00007f946db50000)
  eden space 11458304K,   0% used [0x00007f8f18600000, 0x00007f8f18600000, 0x00007f91d3bc0000)
  from space 1432256K,  99% used [0x00007f922b270000, 0x00007f928291fff0, 0x00007f9282920000)
  to   space 1432256K,   0% used [0x00007f91d3bc0000, 0x00007f91d3bc0000, 0x00007f922b270000)
 tenured generation   total 28645576K, used 28446684K [0x00007f946db50000, 0x00007f9b42182000, 0x00007f9f18600000)
   the space 28645576K,  99% used [0x00007f946db50000, 0x00007f9b35f470e0, 0x00007f9b35f47200, 0x00007f9b42182000)
 Metaspace       used 30618K, capacity 31068K, committed 31488K, reserved 32768K
}
Event: 5897.115 GC heap before
{Heap before GC invocations=52 (full 7):
 def new generation   total 12890560K, used 12890559K [0x00007f8f18600000, 0x00007f9282920000, 0x00007f946db50000)
  eden space 11458304K, 100% used [0x00007f8f18600000, 0x00007f91d3bc0000, 0x00007f91d3bc0000)
  from space 1432256K,  99% used [0x00007f922b270000, 0x00007f928291fff0, 0x00007f9282920000)
  to   space 1432256K,   0% used [0x00007f91d3bc0000, 0x00007f91d3bc0000, 0x00007f922b270000)
 tenured generation   total 28645576K, used 28446684K [0x00007f946db50000, 0x00007f9b42182000, 0x00007f9f18600000)
   the space 28645576K,  99% used [0x00007f946db50000, 0x00007f9b35f470e0, 0x00007f9b35f47200, 0x00007f9b42182000)
 Metaspace       used 30618K, capacity 31068K, committed 31488K, reserved 32768K
}
Event: 5902.202 GC heap after
{Heap after GC invocations=53 (full 7):
 def new generation   total 12890560K, used 1432255K [0x00007f8f18600000, 0x00007f9282920000, 0x00007f946db50000)
  eden space 11458304K,   0% used [0x00007f8f18600000, 0x00007f8f18600000, 0x00007f91d3bc0000)
  from space 1432256K,  99% used [0x00007f91d3bc0000, 0x00007f922b26ffe8, 0x00007f922b270000)
  to   space 1432256K,   0% used [0x00007f922b270000, 0x00007f922b270000, 0x00007f9282920000)
 tenured generation   total 30092872K, used 30092705K [0x00007f946db50000, 0x00007f9b9a6e2000, 0x00007f9f18600000)
   the space 30092872K,  99% used [0x00007f946db50000, 0x00007f9b9a6b8600, 0x00007f9b9a6b8600, 0x00007f9b9a6e2000)
 Metaspace       used 30618K, capacity 31068K, committed 31488K, reserved 32768K
}
Event: 5902.202 GC heap before
{Heap before GC invocations=53 (full 7):
 def new generation   total 12890560K, used 1432255K [0x00007f8f18600000, 0x00007f9282920000, 0x00007f946db50000)
  eden space 11458304K,   0% used [0x00007f8f18600000, 0x00007f8f18600000, 0x00007f91d3bc0000)
  from space 1432256K,  99% used [0x00007f91d3bc0000, 0x00007f922b26ffe8, 0x00007f922b270000)
  to   space 1432256K,   0% used [0x00007f922b270000, 0x00007f922b270000, 0x00007f9282920000)
 tenured generation   total 30092872K, used 30092705K [0x00007f946db50000, 0x00007f9b9a6e2000, 0x00007f9f18600000)
   the space 30092872K,  99% used [0x00007f946db50000, 0x00007f9b9a6b8600, 0x00007f9b9a6b8600, 0x00007f9b9a6e2000)
 Metaspace       used 30618K, capacity 31068K, committed 31488K, reserved 32768K
}

