# JRE version: OpenJDK Runtime Environment (13.0.7+5) (build 13.0.7+5-Ubuntu-0ubuntu120.04)
# Java VM: OpenJDK 64-Bit Server VM (13.0.7+5-Ubuntu-0ubuntu120.04, mixed mode, tiered, serial gc, linux-amd64)
Heap:
 def new generation   total 15135488K, used 0K [0x00007f092c600000, 0x00007f0d2ed00000, 0x00007f0e81b50000)
  eden space 13453824K,   0% used [0x00007f092c600000, 0x00007f092c600000, 0x00007f0c61880000)
  from space 1681664K,   0% used [0x00007f0cc82c0000, 0x00007f0cc82c0000, 0x00007f0d2ed00000)
  to   space 1681664K,   0% used [0x00007f0c61880000, 0x00007f0c61880000, 0x00007f0cc82c0000)
 tenured generation   total 33653668K, used 32393604K [0x00007f0e81b50000, 0x00007f1687c39000, 0x00007f192c600000)
   the space 33653668K,  96% used [0x00007f0e81b50000, 0x00007f163adb1148, 0x00007f163adb1200, 0x00007f1687c39000)
 Metaspace       used 30402K, capacity 30845K, committed 31232K, reserved 32768K
GC Heap History (20 events):
Event: 1942.029 GC heap after
{Heap after GC invocations=74 (full 7):
 def new generation   total 15135488K, used 1025196K [0x00007f092c600000, 0x00007f0d2ed00000, 0x00007f0e81b50000)
  eden space 13453824K,   0% used [0x00007f092c600000, 0x00007f092c600000, 0x00007f0c61880000)
  from space 1681664K,  60% used [0x00007f0c61880000, 0x00007f0ca01ab1d0, 0x00007f0cc82c0000)
  to   space 1681664K,   0% used [0x00007f0cc82c0000, 0x00007f0cc82c0000, 0x00007f0d2ed00000)
 tenured generation   total 33634276K, used 23816840K [0x00007f0e81b50000, 0x00007f1686949000, 0x00007f192c600000)
   the space 33634276K,  70% used [0x00007f0e81b50000, 0x00007f142f5f2160, 0x00007f142f5f2200, 0x00007f1686949000)
 Metaspace       used 30402K, capacity 30845K, committed 31232K, reserved 32768K
}
Event: 1945.375 GC heap before
{Heap before GC invocations=74 (full 7):
 def new generation   total 15135488K, used 14479020K [0x00007f092c600000, 0x00007f0d2ed00000, 0x00007f0e81b50000)
  eden space 13453824K, 100% used [0x00007f092c600000, 0x00007f0c61880000, 0x00007f0c61880000)
  from space 1681664K,  60% used [0x00007f0c61880000, 0x00007f0ca01ab1d0, 0x00007f0cc82c0000)
  to   space 1681664K,   0% used [0x00007f0cc82c0000, 0x00007f0cc82c0000, 0x00007f0d2ed00000)
 tenured generation   total 33634276K, used 23816840K [0x00007f0e81b50000, 0x00007f1686949000, 0x00007f192c600000)
   the space 33634276K,  70% used [0x00007f0e81b50000, 0x00007f142f5f2160, 0x00007f142f5f2200, 0x00007f1686949000)
 Metaspace       used 30402K, capacity 30845K, committed 31232K, reserved 32768K
}
Event: 1948.152 GC heap after
{Heap after GC invocations=75 (full 7):
 def new generation   total 15135488K, used 1021082K [0x00007f092c600000, 0x00007f0d2ed00000, 0x00007f0e81b50000)
  eden space 13453824K,   0% used [0x00007f092c600000, 0x00007f092c600000, 0x00007f0c61880000)
  from space 1681664K,  60% used [0x00007f0cc82c0000, 0x00007f0d067e6bd0, 0x00007f0d2ed00000)
  to   space 1681664K,   0% used [0x00007f0c61880000, 0x00007f0c61880000, 0x00007f0cc82c0000)
 tenured generation   total 33634276K, used 24842036K [0x00007f0e81b50000, 0x00007f1686949000, 0x00007f192c600000)
   the space 33634276K,  73% used [0x00007f0e81b50000, 0x00007f146df1d0f0, 0x00007f146df1d200, 0x00007f1686949000)
 Metaspace       used 30402K, capacity 30845K, committed 31232K, reserved 32768K
}
Event: 1951.538 GC heap before
{Heap before GC invocations=75 (full 7):
 def new generation   total 15135488K, used 14474906K [0x00007f092c600000, 0x00007f0d2ed00000, 0x00007f0e81b50000)
  eden space 13453824K, 100% used [0x00007f092c600000, 0x00007f0c61880000, 0x00007f0c61880000)
  from space 1681664K,  60% used [0x00007f0cc82c0000, 0x00007f0d067e6bd0, 0x00007f0d2ed00000)
  to   space 1681664K,   0% used [0x00007f0c61880000, 0x00007f0c61880000, 0x00007f0cc82c0000)
 tenured generation   total 33634276K, used 24842036K [0x00007f0e81b50000, 0x00007f1686949000, 0x00007f192c600000)
   the space 33634276K,  73% used [0x00007f0e81b50000, 0x00007f146df1d0f0, 0x00007f146df1d200, 0x00007f1686949000)
 Metaspace       used 30402K, capacity 30845K, committed 31232K, reserved 32768K
}
Event: 1954.260 GC heap after
{Heap after GC invocations=76 (full 7):
 def new generation   total 15135488K, used 1001158K [0x00007f092c600000, 0x00007f0d2ed00000, 0x00007f0e81b50000)
  eden space 13453824K,   0% used [0x00007f092c600000, 0x00007f092c600000, 0x00007f0c61880000)
  from space 1681664K,  59% used [0x00007f0c61880000, 0x00007f0c9ea31b90, 0x00007f0cc82c0000)
  to   space 1681664K,   0% used [0x00007f0cc82c0000, 0x00007f0cc82c0000, 0x00007f0d2ed00000)
 tenured generation   total 33634276K, used 25863118K [0x00007f0e81b50000, 0x00007f1686949000, 0x00007f192c600000)
   the space 33634276K,  76% used [0x00007f0e81b50000, 0x00007f14ac4439d0, 0x00007f14ac443a00, 0x00007f1686949000)
 Metaspace       used 30402K, capacity 30845K, committed 31232K, reserved 32768K
}
Event: 1957.555 GC heap before
{Heap before GC invocations=76 (full 7):
 def new generation   total 15135488K, used 14454982K [0x00007f092c600000, 0x00007f0d2ed00000, 0x00007f0e81b50000)
  eden space 13453824K, 100% used [0x00007f092c600000, 0x00007f0c61880000, 0x00007f0c61880000)
  from space 1681664K,  59% used [0x00007f0c61880000, 0x00007f0c9ea31b90, 0x00007f0cc82c0000)
  to   space 1681664K,   0% used [0x00007f0cc82c0000, 0x00007f0cc82c0000, 0x00007f0d2ed00000)
 tenured generation   total 33634276K, used 25863118K [0x00007f0e81b50000, 0x00007f1686949000, 0x00007f192c600000)
   the space 33634276K,  76% used [0x00007f0e81b50000, 0x00007f14ac4439d0, 0x00007f14ac443a00, 0x00007f1686949000)
 Metaspace       used 30402K, capacity 30845K, committed 31232K, reserved 32768K
}
Event: 1960.257 GC heap after
{Heap after GC invocations=77 (full 7):
 def new generation   total 15135488K, used 1004539K [0x00007f092c600000, 0x00007f0d2ed00000, 0x00007f0e81b50000)
  eden space 13453824K,   0% used [0x00007f092c600000, 0x00007f092c600000, 0x00007f0c61880000)
  from space 1681664K,  59% used [0x00007f0cc82c0000, 0x00007f0d057bef10, 0x00007f0d2ed00000)
  to   space 1681664K,   0% used [0x00007f0c61880000, 0x00007f0c61880000, 0x00007f0cc82c0000)
 tenured generation   total 33634276K, used 26864277K [0x00007f0e81b50000, 0x00007f1686949000, 0x00007f192c600000)
   the space 33634276K,  79% used [0x00007f0e81b50000, 0x00007f14e95f5480, 0x00007f14e95f5600, 0x00007f1686949000)
 Metaspace       used 30402K, capacity 30845K, committed 31232K, reserved 32768K
}
Event: 1963.956 GC heap before
{Heap before GC invocations=77 (full 7):
 def new generation   total 15135488K, used 14458363K [0x00007f092c600000, 0x00007f0d2ed00000, 0x00007f0e81b50000)
  eden space 13453824K, 100% used [0x00007f092c600000, 0x00007f0c61880000, 0x00007f0c61880000)
  from space 1681664K,  59% used [0x00007f0cc82c0000, 0x00007f0d057bef10, 0x00007f0d2ed00000)
  to   space 1681664K,   0% used [0x00007f0c61880000, 0x00007f0c61880000, 0x00007f0cc82c0000)
 tenured generation   total 33634276K, used 26864277K [0x00007f0e81b50000, 0x00007f1686949000, 0x00007f192c600000)
   the space 33634276K,  79% used [0x00007f0e81b50000, 0x00007f14e95f5480, 0x00007f14e95f5600, 0x00007f1686949000)
 Metaspace       used 30402K, capacity 30845K, committed 31232K, reserved 32768K
}
Event: 1966.742 GC heap after
{Heap after GC invocations=78 (full 7):
 def new generation   total 15135488K, used 1109324K [0x00007f092c600000, 0x00007f0d2ed00000, 0x00007f0e81b50000)
  eden space 13453824K,   0% used [0x00007f092c600000, 0x00007f092c600000, 0x00007f0c61880000)
  from space 1681664K,  65% used [0x00007f0c61880000, 0x00007f0ca53d3200, 0x00007f0cc82c0000)
  to   space 1681664K,   0% used [0x00007f0cc82c0000, 0x00007f0cc82c0000, 0x00007f0d2ed00000)
 tenured generation   total 33634276K, used 27868815K [0x00007f0e81b50000, 0x00007f1686949000, 0x00007f192c600000)
   the space 33634276K,  82% used [0x00007f0e81b50000, 0x00007f1526af3f60, 0x00007f1526af4000, 0x00007f1686949000)
 Metaspace       used 30402K, capacity 30845K, committed 31232K, reserved 32768K
}
Event: 1970.898 GC heap before
{Heap before GC invocations=78 (full 7):
 def new generation   total 15135488K, used 14563148K [0x00007f092c600000, 0x00007f0d2ed00000, 0x00007f0e81b50000)
  eden space 13453824K, 100% used [0x00007f092c600000, 0x00007f0c61880000, 0x00007f0c61880000)
  from space 1681664K,  65% used [0x00007f0c61880000, 0x00007f0ca53d3200, 0x00007f0cc82c0000)
  to   space 1681664K,   0% used [0x00007f0cc82c0000, 0x00007f0cc82c0000, 0x00007f0d2ed00000)
 tenured generation   total 33634276K, used 27868815K [0x00007f0e81b50000, 0x00007f1686949000, 0x00007f192c600000)
   the space 33634276K,  82% used [0x00007f0e81b50000, 0x00007f1526af3f60, 0x00007f1526af4000, 0x00007f1686949000)
 Metaspace       used 30402K, capacity 30845K, committed 31232K, reserved 32768K
}
Event: 1973.694 GC heap after
{Heap after GC invocations=79 (full 7):
 def new generation   total 15135488K, used 1148121K [0x00007f092c600000, 0x00007f0d2ed00000, 0x00007f0e81b50000)
  eden space 13453824K,   0% used [0x00007f092c600000, 0x00007f092c600000, 0x00007f0c61880000)
  from space 1681664K,  68% used [0x00007f0cc82c0000, 0x00007f0d0e3f65c0, 0x00007f0d2ed00000)
  to   space 1681664K,   0% used [0x00007f0c61880000, 0x00007f0c61880000, 0x00007f0cc82c0000)
 tenured generation   total 33634276K, used 28978140K [0x00007f0e81b50000, 0x00007f1686949000, 0x00007f192c600000)
   the space 33634276K,  86% used [0x00007f0e81b50000, 0x00007f156a647120, 0x00007f156a647200, 0x00007f1686949000)
 Metaspace       used 30402K, capacity 30845K, committed 31232K, reserved 32768K
}
Event: 1977.149 GC heap before
{Heap before GC invocations=79 (full 7):
 def new generation   total 15135488K, used 14601945K [0x00007f092c600000, 0x00007f0d2ed00000, 0x00007f0e81b50000)
  eden space 13453824K, 100% used [0x00007f092c600000, 0x00007f0c61880000, 0x00007f0c61880000)
  from space 1681664K,  68% used [0x00007f0cc82c0000, 0x00007f0d0e3f65c0, 0x00007f0d2ed00000)
  to   space 1681664K,   0% used [0x00007f0c61880000, 0x00007f0c61880000, 0x00007f0cc82c0000)
 tenured generation   total 33634276K, used 28978140K [0x00007f0e81b50000, 0x00007f1686949000, 0x00007f192c600000)
   the space 33634276K,  86% used [0x00007f0e81b50000, 0x00007f156a647120, 0x00007f156a647200, 0x00007f1686949000)
 Metaspace       used 30402K, capacity 30845K, committed 31232K, reserved 32768K
}
Event: 1980.523 GC heap after
{Heap after GC invocations=80 (full 7):
 def new generation   total 15135488K, used 1428557K [0x00007f092c600000, 0x00007f0d2ed00000, 0x00007f0e81b50000)
  eden space 13453824K,   0% used [0x00007f092c600000, 0x00007f092c600000, 0x00007f0c61880000)
  from space 1681664K,  84% used [0x00007f0c61880000, 0x00007f0cb8b934c0, 0x00007f0cc82c0000)
  to   space 1681664K,   0% used [0x00007f0cc82c0000, 0x00007f0cc82c0000, 0x00007f0d2ed00000)
 tenured generation   total 33634276K, used 30126260K [0x00007f0e81b50000, 0x00007f1686949000, 0x00007f192c600000)
   the space 33634276K,  89% used [0x00007f0e81b50000, 0x00007f15b077d3f0, 0x00007f15b077d400, 0x00007f1686949000)
 Metaspace       used 30402K, capacity 30845K, committed 31232K, reserved 32768K
}
Event: 1983.942 GC heap before
{Heap before GC invocations=80 (full 7):
 def new generation   total 15135488K, used 14882381K [0x00007f092c600000, 0x00007f0d2ed00000, 0x00007f0e81b50000)
  eden space 13453824K, 100% used [0x00007f092c600000, 0x00007f0c61880000, 0x00007f0c61880000)
  from space 1681664K,  84% used [0x00007f0c61880000, 0x00007f0cb8b934c0, 0x00007f0cc82c0000)
  to   space 1681664K,   0% used [0x00007f0cc82c0000, 0x00007f0cc82c0000, 0x00007f0d2ed00000)
 tenured generation   total 33634276K, used 30126260K [0x00007f0e81b50000, 0x00007f1686949000, 0x00007f192c600000)
   the space 33634276K,  89% used [0x00007f0e81b50000, 0x00007f15b077d3f0, 0x00007f15b077d400, 0x00007f1686949000)
 Metaspace       used 30402K, capacity 30845K, committed 31232K, reserved 32768K
}
Event: 1987.148 GC heap after
{Heap after GC invocations=81 (full 7):
 def new generation   total 15135488K, used 1053291K [0x00007f092c600000, 0x00007f0d2ed00000, 0x00007f0e81b50000)
  eden space 13453824K,   0% used [0x00007f092c600000, 0x00007f092c600000, 0x00007f0c61880000)
  from space 1681664K,  62% used [0x00007f0cc82c0000, 0x00007f0d0875afe0, 0x00007f0d2ed00000)
  to   space 1681664K,   0% used [0x00007f0c61880000, 0x00007f0c61880000, 0x00007f0cc82c0000)
 tenured generation   total 33634276K, used 31554818K [0x00007f0e81b50000, 0x00007f1686949000, 0x00007f192c600000)
   the space 33634276K,  93% used [0x00007f0e81b50000, 0x00007f1607a90890, 0x00007f1607a90a00, 0x00007f1686949000)
 Metaspace       used 30402K, capacity 30845K, committed 31232K, reserved 32768K
}
Event: 1990.449 GC heap before
{Heap before GC invocations=81 (full 7):
 def new generation   total 15135488K, used 14507115K [0x00007f092c600000, 0x00007f0d2ed00000, 0x00007f0e81b50000)
  eden space 13453824K, 100% used [0x00007f092c600000, 0x00007f0c61880000, 0x00007f0c61880000)
  from space 1681664K,  62% used [0x00007f0cc82c0000, 0x00007f0d0875afe0, 0x00007f0d2ed00000)
  to   space 1681664K,   0% used [0x00007f0c61880000, 0x00007f0c61880000, 0x00007f0cc82c0000)
 tenured generation   total 33634276K, used 31554818K [0x00007f0e81b50000, 0x00007f1686949000, 0x00007f192c600000)
   the space 33634276K,  93% used [0x00007f0e81b50000, 0x00007f1607a90890, 0x00007f1607a90a00, 0x00007f1686949000)
 Metaspace       used 30402K, capacity 30845K, committed 31232K, reserved 32768K
}
Event: 1993.303 GC heap after
{Heap after GC invocations=82 (full 7):
 def new generation   total 15135488K, used 1045528K [0x00007f092c600000, 0x00007f0d2ed00000, 0x00007f0e81b50000)
  eden space 13453824K,   0% used [0x00007f092c600000, 0x00007f092c600000, 0x00007f0c61880000)
  from space 1681664K,  62% used [0x00007f0c61880000, 0x00007f0ca1586230, 0x00007f0cc82c0000)
  to   space 1681664K,   0% used [0x00007f0cc82c0000, 0x00007f0cc82c0000, 0x00007f0d2ed00000)
 tenured generation   total 33634276K, used 32608109K [0x00007f0e81b50000, 0x00007f1686949000, 0x00007f192c600000)
   the space 33634276K,  96% used [0x00007f0e81b50000, 0x00007f1647f2b580, 0x00007f1647f2b600, 0x00007f1686949000)
 Metaspace       used 30402K, capacity 30845K, committed 31232K, reserved 32768K
}
Event: 1996.656 GC heap before
{Heap before GC invocations=82 (full 7):
 def new generation   total 15135488K, used 14499352K [0x00007f092c600000, 0x00007f0d2ed00000, 0x00007f0e81b50000)
  eden space 13453824K, 100% used [0x00007f092c600000, 0x00007f0c61880000, 0x00007f0c61880000)
  from space 1681664K,  62% used [0x00007f0c61880000, 0x00007f0ca1586230, 0x00007f0cc82c0000)
  to   space 1681664K,   0% used [0x00007f0cc82c0000, 0x00007f0cc82c0000, 0x00007f0d2ed00000)
 tenured generation   total 33634276K, used 32608109K [0x00007f0e81b50000, 0x00007f1686949000, 0x00007f192c600000)
   the space 33634276K,  96% used [0x00007f0e81b50000, 0x00007f1647f2b580, 0x00007f1647f2b600, 0x00007f1686949000)
 Metaspace       used 30402K, capacity 30845K, committed 31232K, reserved 32768K
}
Event: 1999.503 GC heap after
{Heap after GC invocations=83 (full 7):
 def new generation   total 15135488K, used 1046638K [0x00007f092c600000, 0x00007f0d2ed00000, 0x00007f0e81b50000)
  eden space 13453824K,   0% used [0x00007f092c600000, 0x00007f092c600000, 0x00007f0c61880000)
  from space 1681664K,  62% used [0x00007f0cc82c0000, 0x00007f0d080db960, 0x00007f0d2ed00000)
  to   space 1681664K,   0% used [0x00007f0c61880000, 0x00007f0c61880000, 0x00007f0cc82c0000)
 tenured generation   total 33653668K, used 33653637K [0x00007f0e81b50000, 0x00007f1687c39000, 0x00007f192c600000)
   the space 33653668K,  99% used [0x00007f0e81b50000, 0x00007f1687c315c0, 0x00007f1687c31600, 0x00007f1687c39000)
 Metaspace       used 30402K, capacity 30845K, committed 31232K, reserved 32768K
}
Event: 1999.503 GC heap before
{Heap before GC invocations=83 (full 7):
 def new generation   total 15135488K, used 1046638K [0x00007f092c600000, 0x00007f0d2ed00000, 0x00007f0e81b50000)
  eden space 13453824K,   0% used [0x00007f092c600000, 0x00007f092c600000, 0x00007f0c61880000)
  from space 1681664K,  62% used [0x00007f0cc82c0000, 0x00007f0d080db960, 0x00007f0d2ed00000)
  to   space 1681664K,   0% used [0x00007f0c61880000, 0x00007f0c61880000, 0x00007f0cc82c0000)
 tenured generation   total 33653668K, used 33653637K [0x00007f0e81b50000, 0x00007f1687c39000, 0x00007f192c600000)
   the space 33653668K,  99% used [0x00007f0e81b50000, 0x00007f1687c315c0, 0x00007f1687c31600, 0x00007f1687c39000)
 Metaspace       used 30402K, capacity 30845K, committed 31232K, reserved 32768K
}

