# JRE version: OpenJDK Runtime Environment (13.0.7+5) (build 13.0.7+5-Ubuntu-0ubuntu120.04)
# Java VM: OpenJDK 64-Bit Server VM (13.0.7+5-Ubuntu-0ubuntu120.04, mixed mode, tiered, compressed oops, serial gc, linux-amd64)
Heap:
 def new generation   total 2232512K, used 0K [0x0000000080200000, 0x0000000117860000, 0x0000000300150000)
  eden space 1984512K,   0% used [0x0000000080200000, 0x0000000080200000, 0x00000000f9400000)
  from space 248000K,   0% used [0x00000000f9400000, 0x00000000f9400000, 0x0000000108630000)
  to   space 248000K,   0% used [0x0000000108630000, 0x0000000108630000, 0x0000000117860000)
 tenured generation   total 4963020K, used 3317913K [0x0000000300150000, 0x000000042f003000, 0x0000000800000000)
   the space 4963020K,  66% used [0x0000000300150000, 0x00000003ca9764a0, 0x00000003ca976600, 0x000000042f003000)
 Metaspace       used 23313K, capacity 23893K, committed 24192K, reserved 1071104K
  class space    used 2388K, capacity 2585K, committed 2688K, reserved 1048576K
GC Heap History (20 events):
Event: 44053.488 GC heap after
{Heap after GC invocations=36802 (full 41):
 def new generation   total 2232512K, used 36802K [0x0000000080200000, 0x0000000117860000, 0x0000000300150000)
  eden space 1984512K,   0% used [0x0000000080200000, 0x0000000080200000, 0x00000000f9400000)
  from space 248000K,  14% used [0x0000000108630000, 0x000000010aa20858, 0x0000000117860000)
  to   space 248000K,   0% used [0x00000000f9400000, 0x00000000f9400000, 0x0000000108630000)
 tenured generation   total 4960956K, used 4940941K [0x0000000300150000, 0x000000042edff000, 0x0000000800000000)
   the space 4960956K,  99% used [0x0000000300150000, 0x000000042da73558, 0x000000042da73600, 0x000000042edff000)
 Metaspace       used 23313K, capacity 23893K, committed 24192K, reserved 1071104K
  class space    used 2388K, capacity 2585K, committed 2688K, reserved 1048576K
}
Event: 44055.748 GC heap before
{Heap before GC invocations=36802 (full 41):
 def new generation   total 2232512K, used 2016153K [0x0000000080200000, 0x0000000117860000, 0x0000000300150000)
  eden space 1984512K,  99% used [0x0000000080200000, 0x00000000f8ef5cf0, 0x00000000f9400000)
  from space 248000K,  14% used [0x0000000108630000, 0x000000010aa20858, 0x0000000117860000)
  to   space 248000K,   0% used [0x00000000f9400000, 0x00000000f9400000, 0x0000000108630000)
 tenured generation   total 4960956K, used 4940941K [0x0000000300150000, 0x000000042edff000, 0x0000000800000000)
   the space 4960956K,  99% used [0x0000000300150000, 0x000000042da73558, 0x000000042da73600, 0x000000042edff000)
 Metaspace       used 23313K, capacity 23893K, committed 24192K, reserved 1071104K
  class space    used 2388K, capacity 2585K, committed 2688K, reserved 1048576K
}
Event: 44055.774 GC heap after
{Heap after GC invocations=36803 (full 41):
 def new generation   total 2232512K, used 36802K [0x0000000080200000, 0x0000000117860000, 0x0000000300150000)
  eden space 1984512K,   0% used [0x0000000080200000, 0x0000000080200000, 0x00000000f9400000)
  from space 248000K,  14% used [0x00000000f9400000, 0x00000000fb7f0858, 0x0000000108630000)
  to   space 248000K,   0% used [0x0000000108630000, 0x0000000108630000, 0x0000000117860000)
 tenured generation   total 4960956K, used 4943528K [0x0000000300150000, 0x000000042edff000, 0x0000000800000000)
   the space 4960956K,  99% used [0x0000000300150000, 0x000000042dcfa3b8, 0x000000042dcfa400, 0x000000042edff000)
 Metaspace       used 23313K, capacity 23893K, committed 24192K, reserved 1071104K
  class space    used 2388K, capacity 2585K, committed 2688K, reserved 1048576K
}
Event: 44058.043 GC heap before
{Heap before GC invocations=36803 (full 41):
 def new generation   total 2232512K, used 2021314K [0x0000000080200000, 0x0000000117860000, 0x0000000300150000)
  eden space 1984512K, 100% used [0x0000000080200000, 0x00000000f9400000, 0x00000000f9400000)
  from space 248000K,  14% used [0x00000000f9400000, 0x00000000fb7f0858, 0x0000000108630000)
  to   space 248000K,   0% used [0x0000000108630000, 0x0000000108630000, 0x0000000117860000)
 tenured generation   total 4960956K, used 4943528K [0x0000000300150000, 0x000000042edff000, 0x0000000800000000)
   the space 4960956K,  99% used [0x0000000300150000, 0x000000042dcfa3b8, 0x000000042dcfa400, 0x000000042edff000)
 Metaspace       used 23313K, capacity 23893K, committed 24192K, reserved 1071104K
  class space    used 2388K, capacity 2585K, committed 2688K, reserved 1048576K
}
Event: 44058.075 GC heap after
{Heap after GC invocations=36804 (full 41):
 def new generation   total 2232512K, used 36802K [0x0000000080200000, 0x0000000117860000, 0x0000000300150000)
  eden space 1984512K,   0% used [0x0000000080200000, 0x0000000080200000, 0x00000000f9400000)
  from space 248000K,  14% used [0x0000000108630000, 0x000000010aa20858, 0x0000000117860000)
  to   space 248000K,   0% used [0x00000000f9400000, 0x00000000f9400000, 0x0000000108630000)
 tenured generation   total 4960956K, used 4946118K [0x0000000300150000, 0x000000042edff000, 0x0000000800000000)
   the space 4960956K,  99% used [0x0000000300150000, 0x000000042df81ad8, 0x000000042df81c00, 0x000000042edff000)
 Metaspace       used 23313K, capacity 23893K, committed 24192K, reserved 1071104K
  class space    used 2388K, capacity 2585K, committed 2688K, reserved 1048576K
}
Event: 44060.379 GC heap before
{Heap before GC invocations=36804 (full 41):
 def new generation   total 2232512K, used 2005647K [0x0000000080200000, 0x0000000117860000, 0x0000000300150000)
  eden space 1984512K,  99% used [0x0000000080200000, 0x00000000f84b34e8, 0x00000000f9400000)
  from space 248000K,  14% used [0x0000000108630000, 0x000000010aa20858, 0x0000000117860000)
  to   space 248000K,   0% used [0x00000000f9400000, 0x00000000f9400000, 0x0000000108630000)
 tenured generation   total 4960956K, used 4946118K [0x0000000300150000, 0x000000042edff000, 0x0000000800000000)
   the space 4960956K,  99% used [0x0000000300150000, 0x000000042df81ad8, 0x000000042df81c00, 0x000000042edff000)
 Metaspace       used 23313K, capacity 23893K, committed 24192K, reserved 1071104K
  class space    used 2388K, capacity 2585K, committed 2688K, reserved 1048576K
}
Event: 44060.413 GC heap after
{Heap after GC invocations=36805 (full 41):
 def new generation   total 2232512K, used 36802K [0x0000000080200000, 0x0000000117860000, 0x0000000300150000)
  eden space 1984512K,   0% used [0x0000000080200000, 0x0000000080200000, 0x00000000f9400000)
  from space 248000K,  14% used [0x00000000f9400000, 0x00000000fb7f0858, 0x0000000108630000)
  to   space 248000K,   0% used [0x0000000108630000, 0x0000000108630000, 0x0000000117860000)
 tenured generation   total 4960956K, used 4948196K [0x0000000300150000, 0x000000042edff000, 0x0000000800000000)
   the space 4960956K,  99% used [0x0000000300150000, 0x000000042e189198, 0x000000042e189200, 0x000000042edff000)
 Metaspace       used 23313K, capacity 23893K, committed 24192K, reserved 1071104K
  class space    used 2388K, capacity 2585K, committed 2688K, reserved 1048576K
}
Event: 44062.662 GC heap before
{Heap before GC invocations=36805 (full 41):
 def new generation   total 2232512K, used 2016153K [0x0000000080200000, 0x0000000117860000, 0x0000000300150000)
  eden space 1984512K,  99% used [0x0000000080200000, 0x00000000f8ef5cf0, 0x00000000f9400000)
  from space 248000K,  14% used [0x00000000f9400000, 0x00000000fb7f0858, 0x0000000108630000)
  to   space 248000K,   0% used [0x0000000108630000, 0x0000000108630000, 0x0000000117860000)
 tenured generation   total 4960956K, used 4948196K [0x0000000300150000, 0x000000042edff000, 0x0000000800000000)
   the space 4960956K,  99% used [0x0000000300150000, 0x000000042e189198, 0x000000042e189200, 0x000000042edff000)
 Metaspace       used 23313K, capacity 23893K, committed 24192K, reserved 1071104K
  class space    used 2388K, capacity 2585K, committed 2688K, reserved 1048576K
}
Event: 44062.710 GC heap after
{Heap after GC invocations=36806 (full 41):
 def new generation   total 2232512K, used 36802K [0x0000000080200000, 0x0000000117860000, 0x0000000300150000)
  eden space 1984512K,   0% used [0x0000000080200000, 0x0000000080200000, 0x00000000f9400000)
  from space 248000K,  14% used [0x0000000108630000, 0x000000010aa20858, 0x0000000117860000)
  to   space 248000K,   0% used [0x00000000f9400000, 0x00000000f9400000, 0x0000000108630000)
 tenured generation   total 4960956K, used 4950783K [0x0000000300150000, 0x000000042edff000, 0x0000000800000000)
   the space 4960956K,  99% used [0x0000000300150000, 0x000000042e40fff8, 0x000000042e410000, 0x000000042edff000)
 Metaspace       used 23313K, capacity 23893K, committed 24192K, reserved 1071104K
  class space    used 2388K, capacity 2585K, committed 2688K, reserved 1048576K
}
Event: 44064.994 GC heap before
{Heap before GC invocations=36806 (full 41):
 def new generation   total 2232512K, used 2021314K [0x0000000080200000, 0x0000000117860000, 0x0000000300150000)
  eden space 1984512K, 100% used [0x0000000080200000, 0x00000000f9400000, 0x00000000f9400000)
  from space 248000K,  14% used [0x0000000108630000, 0x000000010aa20858, 0x0000000117860000)
  to   space 248000K,   0% used [0x00000000f9400000, 0x00000000f9400000, 0x0000000108630000)
 tenured generation   total 4960956K, used 4950783K [0x0000000300150000, 0x000000042edff000, 0x0000000800000000)
   the space 4960956K,  99% used [0x0000000300150000, 0x000000042e40fff8, 0x000000042e410000, 0x000000042edff000)
 Metaspace       used 23313K, capacity 23893K, committed 24192K, reserved 1071104K
  class space    used 2388K, capacity 2585K, committed 2688K, reserved 1048576K
}
Event: 44065.035 GC heap after
{Heap after GC invocations=36807 (full 41):
 def new generation   total 2232512K, used 36802K [0x0000000080200000, 0x0000000117860000, 0x0000000300150000)
  eden space 1984512K,   0% used [0x0000000080200000, 0x0000000080200000, 0x00000000f9400000)
  from space 248000K,  14% used [0x00000000f9400000, 0x00000000fb7f0858, 0x0000000108630000)
  to   space 248000K,   0% used [0x0000000108630000, 0x0000000108630000, 0x0000000117860000)
 tenured generation   total 4960956K, used 4953373K [0x0000000300150000, 0x000000042edff000, 0x0000000800000000)
   the space 4960956K,  99% used [0x0000000300150000, 0x000000042e697718, 0x000000042e697800, 0x000000042edff000)
 Metaspace       used 23313K, capacity 23893K, committed 24192K, reserved 1071104K
  class space    used 2388K, capacity 2585K, committed 2688K, reserved 1048576K
}
Event: 44067.337 GC heap before
{Heap before GC invocations=36807 (full 41):
 def new generation   total 2232512K, used 2005647K [0x0000000080200000, 0x0000000117860000, 0x0000000300150000)
  eden space 1984512K,  99% used [0x0000000080200000, 0x00000000f84b34e8, 0x00000000f9400000)
  from space 248000K,  14% used [0x00000000f9400000, 0x00000000fb7f0858, 0x0000000108630000)
  to   space 248000K,   0% used [0x0000000108630000, 0x0000000108630000, 0x0000000117860000)
 tenured generation   total 4960956K, used 4953373K [0x0000000300150000, 0x000000042edff000, 0x0000000800000000)
   the space 4960956K,  99% used [0x0000000300150000, 0x000000042e697718, 0x000000042e697800, 0x000000042edff000)
 Metaspace       used 23313K, capacity 23893K, committed 24192K, reserved 1071104K
  class space    used 2388K, capacity 2585K, committed 2688K, reserved 1048576K
}
Event: 44067.367 GC heap after
{Heap after GC invocations=36808 (full 41):
 def new generation   total 2232512K, used 36802K [0x0000000080200000, 0x0000000117860000, 0x0000000300150000)
  eden space 1984512K,   0% used [0x0000000080200000, 0x0000000080200000, 0x00000000f9400000)
  from space 248000K,  14% used [0x0000000108630000, 0x000000010aa20858, 0x0000000117860000)
  to   space 248000K,   0% used [0x00000000f9400000, 0x00000000f9400000, 0x0000000108630000)
 tenured generation   total 4960956K, used 4955451K [0x0000000300150000, 0x000000042edff000, 0x0000000800000000)
   the space 4960956K,  99% used [0x0000000300150000, 0x000000042e89edd8, 0x000000042e89ee00, 0x000000042edff000)
 Metaspace       used 23313K, capacity 23893K, committed 24192K, reserved 1071104K
  class space    used 2388K, capacity 2585K, committed 2688K, reserved 1048576K
}
Event: 44069.685 GC heap before
{Heap before GC invocations=36808 (full 41):
 def new generation   total 2232512K, used 2016153K [0x0000000080200000, 0x0000000117860000, 0x0000000300150000)
  eden space 1984512K,  99% used [0x0000000080200000, 0x00000000f8ef5cf0, 0x00000000f9400000)
  from space 248000K,  14% used [0x0000000108630000, 0x000000010aa20858, 0x0000000117860000)
  to   space 248000K,   0% used [0x00000000f9400000, 0x00000000f9400000, 0x0000000108630000)
 tenured generation   total 4960956K, used 4955451K [0x0000000300150000, 0x000000042edff000, 0x0000000800000000)
   the space 4960956K,  99% used [0x0000000300150000, 0x000000042e89edd8, 0x000000042e89ee00, 0x000000042edff000)
 Metaspace       used 23313K, capacity 23893K, committed 24192K, reserved 1071104K
  class space    used 2388K, capacity 2585K, committed 2688K, reserved 1048576K
}
Event: 44069.713 GC heap after
{Heap after GC invocations=36809 (full 41):
 def new generation   total 2232512K, used 36802K [0x0000000080200000, 0x0000000117860000, 0x0000000300150000)
  eden space 1984512K,   0% used [0x0000000080200000, 0x0000000080200000, 0x00000000f9400000)
  from space 248000K,  14% used [0x00000000f9400000, 0x00000000fb7f0858, 0x0000000108630000)
  to   space 248000K,   0% used [0x0000000108630000, 0x0000000108630000, 0x0000000117860000)
 tenured generation   total 4960956K, used 4958039K [0x0000000300150000, 0x000000042edff000, 0x0000000800000000)
   the space 4960956K,  99% used [0x0000000300150000, 0x000000042eb25c38, 0x000000042eb25e00, 0x000000042edff000)
 Metaspace       used 23313K, capacity 23893K, committed 24192K, reserved 1071104K
  class space    used 2388K, capacity 2585K, committed 2688K, reserved 1048576K
}
Event: 44072.037 GC heap before
{Heap before GC invocations=36809 (full 41):
 def new generation   total 2232512K, used 2021314K [0x0000000080200000, 0x0000000117860000, 0x0000000300150000)
  eden space 1984512K, 100% used [0x0000000080200000, 0x00000000f9400000, 0x00000000f9400000)
  from space 248000K,  14% used [0x00000000f9400000, 0x00000000fb7f0858, 0x0000000108630000)
  to   space 248000K,   0% used [0x0000000108630000, 0x0000000108630000, 0x0000000117860000)
 tenured generation   total 4960956K, used 4958039K [0x0000000300150000, 0x000000042edff000, 0x0000000800000000)
   the space 4960956K,  99% used [0x0000000300150000, 0x000000042eb25c38, 0x000000042eb25e00, 0x000000042edff000)
 Metaspace       used 23313K, capacity 23893K, committed 24192K, reserved 1071104K
  class space    used 2388K, capacity 2585K, committed 2688K, reserved 1048576K
}
Event: 44072.072 GC heap after
{Heap after GC invocations=36810 (full 41):
 def new generation   total 2232512K, used 36802K [0x0000000080200000, 0x0000000117860000, 0x0000000300150000)
  eden space 1984512K,   0% used [0x0000000080200000, 0x0000000080200000, 0x00000000f9400000)
  from space 248000K,  14% used [0x0000000108630000, 0x000000010aa20858, 0x0000000117860000)
  to   space 248000K,   0% used [0x00000000f9400000, 0x00000000f9400000, 0x0000000108630000)
 tenured generation   total 4960956K, used 4960628K [0x0000000300150000, 0x000000042edff000, 0x0000000800000000)
   the space 4960956K,  99% used [0x0000000300150000, 0x000000042edad358, 0x000000042edad400, 0x000000042edff000)
 Metaspace       used 23313K, capacity 23893K, committed 24192K, reserved 1071104K
  class space    used 2388K, capacity 2585K, committed 2688K, reserved 1048576K
}
Event: 44074.380 GC heap before
{Heap before GC invocations=36810 (full 41):
 def new generation   total 2232512K, used 2005647K [0x0000000080200000, 0x0000000117860000, 0x0000000300150000)
  eden space 1984512K,  99% used [0x0000000080200000, 0x00000000f84b34e8, 0x00000000f9400000)
  from space 248000K,  14% used [0x0000000108630000, 0x000000010aa20858, 0x0000000117860000)
  to   space 248000K,   0% used [0x00000000f9400000, 0x00000000f9400000, 0x0000000108630000)
 tenured generation   total 4960956K, used 4960628K [0x0000000300150000, 0x000000042edff000, 0x0000000800000000)
   the space 4960956K,  99% used [0x0000000300150000, 0x000000042edad358, 0x000000042edad400, 0x000000042edff000)
 Metaspace       used 23313K, capacity 23893K, committed 24192K, reserved 1071104K
  class space    used 2388K, capacity 2585K, committed 2688K, reserved 1048576K
}
Event: 44074.408 GC heap after
{Heap after GC invocations=36811 (full 41):
 def new generation   total 2232512K, used 36802K [0x0000000080200000, 0x0000000117860000, 0x0000000300150000)
  eden space 1984512K,   0% used [0x0000000080200000, 0x0000000080200000, 0x00000000f9400000)
  from space 248000K,  14% used [0x00000000f9400000, 0x00000000fb7f0858, 0x0000000108630000)
  to   space 248000K,   0% used [0x0000000108630000, 0x0000000108630000, 0x0000000117860000)
 tenured generation   total 4963020K, used 4962706K [0x0000000300150000, 0x000000042f003000, 0x0000000800000000)
   the space 4963020K,  99% used [0x0000000300150000, 0x000000042efb4a18, 0x000000042efb4c00, 0x000000042f003000)
 Metaspace       used 23313K, capacity 23893K, committed 24192K, reserved 1071104K
  class space    used 2388K, capacity 2585K, committed 2688K, reserved 1048576K
}
Event: 44074.408 GC heap before
{Heap before GC invocations=36811 (full 41):
 def new generation   total 2232512K, used 36802K [0x0000000080200000, 0x0000000117860000, 0x0000000300150000)
  eden space 1984512K,   0% used [0x0000000080200000, 0x0000000080200000, 0x00000000f9400000)
  from space 248000K,  14% used [0x00000000f9400000, 0x00000000fb7f0858, 0x0000000108630000)
  to   space 248000K,   0% used [0x0000000108630000, 0x0000000108630000, 0x0000000117860000)
 tenured generation   total 4963020K, used 4962706K [0x0000000300150000, 0x000000042f003000, 0x0000000800000000)
   the space 4963020K,  99% used [0x0000000300150000, 0x000000042efb4a18, 0x000000042efb4c00, 0x000000042f003000)
 Metaspace       used 23313K, capacity 23893K, committed 24192K, reserved 1071104K
  class space    used 2388K, capacity 2585K, committed 2688K, reserved 1048576K
}

