# JRE version: OpenJDK Runtime Environment (13.0.7+5) (build 13.0.7+5-Ubuntu-0ubuntu120.04)
# Java VM: OpenJDK 64-Bit Server VM (13.0.7+5-Ubuntu-0ubuntu120.04, mixed mode, tiered, serial gc, linux-amd64)
Heap:
 def new generation   total 2898560K, used 5324K [0x00007fcbc8600000, 0x00007fcc8cf20000, 0x00007fd11db50000)
  eden space 2576512K,   0% used [0x00007fcbc8600000, 0x00007fcbc8b330a0, 0x00007fcc65a20000)
  from space 322048K,   0% used [0x00007fcc65a20000, 0x00007fcc65a20000, 0x00007fcc794a0000)
  to   space 322048K,   0% used [0x00007fcc794a0000, 0x00007fcc794a0000, 0x00007fcc8cf20000)
 tenured generation   total 6441328K, used 6441327K [0x00007fd11db50000, 0x00007fd2a6dac000, 0x00007fdbc8600000)
   the space 6441328K,  99% used [0x00007fd11db50000, 0x00007fd2a6dabfe0, 0x00007fd2a6dac000, 0x00007fd2a6dac000)
 Metaspace       used 24283K, capacity 24657K, committed 24832K, reserved 26624K
GC Heap History (20 events):
Event: 47665.815 GC heap after
{Heap after GC invocations=41195 (full 4):
 def new generation   total 2898560K, used 5338K [0x00007fcbc8600000, 0x00007fcc8cf20000, 0x00007fd11db50000)
  eden space 2576512K,   0% used [0x00007fcbc8600000, 0x00007fcbc8600000, 0x00007fcc65a20000)
  from space 322048K,   1% used [0x00007fcc794a0000, 0x00007fcc799d69c8, 0x00007fcc8cf20000)
  to   space 322048K,   0% used [0x00007fcc65a20000, 0x00007fcc65a20000, 0x00007fcc794a0000)
 tenured generation   total 6441136K, used 6438243K [0x00007fd11db50000, 0x00007fd2a6d7c000, 0x00007fdbc8600000)
   the space 6441136K,  99% used [0x00007fd11db50000, 0x00007fd2a6aa8ee0, 0x00007fd2a6aa9000, 0x00007fd2a6d7c000)
 Metaspace       used 24276K, capacity 24657K, committed 24832K, reserved 26624K
}
Event: 47668.114 GC heap before
{Heap before GC invocations=41195 (full 4):
 def new generation   total 2898560K, used 2581850K [0x00007fcbc8600000, 0x00007fcc8cf20000, 0x00007fd11db50000)
  eden space 2576512K, 100% used [0x00007fcbc8600000, 0x00007fcc65a20000, 0x00007fcc65a20000)
  from space 322048K,   1% used [0x00007fcc794a0000, 0x00007fcc799d69c8, 0x00007fcc8cf20000)
  to   space 322048K,   0% used [0x00007fcc65a20000, 0x00007fcc65a20000, 0x00007fcc794a0000)
 tenured generation   total 6441136K, used 6438243K [0x00007fd11db50000, 0x00007fd2a6d7c000, 0x00007fdbc8600000)
   the space 6441136K,  99% used [0x00007fd11db50000, 0x00007fd2a6aa8ee0, 0x00007fd2a6aa9000, 0x00007fd2a6d7c000)
 Metaspace       used 24283K, capacity 24657K, committed 24832K, reserved 26624K
}
Event: 47668.129 GC heap after
{Heap after GC invocations=41196 (full 4):
 def new generation   total 2898560K, used 5369K [0x00007fcbc8600000, 0x00007fcc8cf20000, 0x00007fd11db50000)
  eden space 2576512K,   0% used [0x00007fcbc8600000, 0x00007fcbc8600000, 0x00007fcc65a20000)
  from space 322048K,   1% used [0x00007fcc65a20000, 0x00007fcc65f5e5b0, 0x00007fcc794a0000)
  to   space 322048K,   0% used [0x00007fcc794a0000, 0x00007fcc794a0000, 0x00007fcc8cf20000)
 tenured generation   total 6441136K, used 6438498K [0x00007fd11db50000, 0x00007fd2a6d7c000, 0x00007fdbc8600000)
   the space 6441136K,  99% used [0x00007fd11db50000, 0x00007fd2a6ae8aa0, 0x00007fd2a6ae8c00, 0x00007fd2a6d7c000)
 Metaspace       used 24283K, capacity 24657K, committed 24832K, reserved 26624K
}
Event: 47670.466 GC heap before
{Heap before GC invocations=41196 (full 4):
 def new generation   total 2898560K, used 2581881K [0x00007fcbc8600000, 0x00007fcc8cf20000, 0x00007fd11db50000)
  eden space 2576512K, 100% used [0x00007fcbc8600000, 0x00007fcc65a20000, 0x00007fcc65a20000)
  from space 322048K,   1% used [0x00007fcc65a20000, 0x00007fcc65f5e5b0, 0x00007fcc794a0000)
  to   space 322048K,   0% used [0x00007fcc794a0000, 0x00007fcc794a0000, 0x00007fcc8cf20000)
 tenured generation   total 6441136K, used 6438498K [0x00007fd11db50000, 0x00007fd2a6d7c000, 0x00007fdbc8600000)
   the space 6441136K,  99% used [0x00007fd11db50000, 0x00007fd2a6ae8aa0, 0x00007fd2a6ae8c00, 0x00007fd2a6d7c000)
 Metaspace       used 24283K, capacity 24657K, committed 24832K, reserved 26624K
}
Event: 47670.482 GC heap after
{Heap after GC invocations=41197 (full 4):
 def new generation   total 2898560K, used 5358K [0x00007fcbc8600000, 0x00007fcc8cf20000, 0x00007fd11db50000)
  eden space 2576512K,   0% used [0x00007fcbc8600000, 0x00007fcbc8600000, 0x00007fcc65a20000)
  from space 322048K,   1% used [0x00007fcc794a0000, 0x00007fcc799db950, 0x00007fcc8cf20000)
  to   space 322048K,   0% used [0x00007fcc65a20000, 0x00007fcc65a20000, 0x00007fcc794a0000)
 tenured generation   total 6441136K, used 6438881K [0x00007fd11db50000, 0x00007fd2a6d7c000, 0x00007fdbc8600000)
   the space 6441136K,  99% used [0x00007fd11db50000, 0x00007fd2a6b48440, 0x00007fd2a6b48600, 0x00007fd2a6d7c000)
 Metaspace       used 24283K, capacity 24657K, committed 24832K, reserved 26624K
}
Event: 47672.808 GC heap before
{Heap before GC invocations=41197 (full 4):
 def new generation   total 2898560K, used 2581870K [0x00007fcbc8600000, 0x00007fcc8cf20000, 0x00007fd11db50000)
  eden space 2576512K, 100% used [0x00007fcbc8600000, 0x00007fcc65a20000, 0x00007fcc65a20000)
  from space 322048K,   1% used [0x00007fcc794a0000, 0x00007fcc799db950, 0x00007fcc8cf20000)
  to   space 322048K,   0% used [0x00007fcc65a20000, 0x00007fcc65a20000, 0x00007fcc794a0000)
 tenured generation   total 6441136K, used 6438881K [0x00007fd11db50000, 0x00007fd2a6d7c000, 0x00007fdbc8600000)
   the space 6441136K,  99% used [0x00007fd11db50000, 0x00007fd2a6b48440, 0x00007fd2a6b48600, 0x00007fd2a6d7c000)
 Metaspace       used 24283K, capacity 24657K, committed 24832K, reserved 26624K
}
Event: 47672.831 GC heap after
{Heap after GC invocations=41198 (full 4):
 def new generation   total 2898560K, used 5350K [0x00007fcbc8600000, 0x00007fcc8cf20000, 0x00007fd11db50000)
  eden space 2576512K,   0% used [0x00007fcbc8600000, 0x00007fcbc8600000, 0x00007fcc65a20000)
  from space 322048K,   1% used [0x00007fcc65a20000, 0x00007fcc65f59b90, 0x00007fcc794a0000)
  to   space 322048K,   0% used [0x00007fcc794a0000, 0x00007fcc794a0000, 0x00007fcc8cf20000)
 tenured generation   total 6441136K, used 6439263K [0x00007fd11db50000, 0x00007fd2a6d7c000, 0x00007fdbc8600000)
   the space 6441136K,  99% used [0x00007fd11db50000, 0x00007fd2a6ba7de0, 0x00007fd2a6ba7e00, 0x00007fd2a6d7c000)
 Metaspace       used 24283K, capacity 24657K, committed 24832K, reserved 26624K
}
Event: 47675.175 GC heap before
{Heap before GC invocations=41198 (full 4):
 def new generation   total 2898560K, used 2581850K [0x00007fcbc8600000, 0x00007fcc8cf20000, 0x00007fd11db50000)
  eden space 2576512K,  99% used [0x00007fcbc8600000, 0x00007fcc65a1cf60, 0x00007fcc65a20000)
  from space 322048K,   1% used [0x00007fcc65a20000, 0x00007fcc65f59b90, 0x00007fcc794a0000)
  to   space 322048K,   0% used [0x00007fcc794a0000, 0x00007fcc794a0000, 0x00007fcc8cf20000)
 tenured generation   total 6441136K, used 6439263K [0x00007fd11db50000, 0x00007fd2a6d7c000, 0x00007fdbc8600000)
   the space 6441136K,  99% used [0x00007fd11db50000, 0x00007fd2a6ba7de0, 0x00007fd2a6ba7e00, 0x00007fd2a6d7c000)
 Metaspace       used 24283K, capacity 24657K, committed 24832K, reserved 26624K
}
Event: 47675.189 GC heap after
{Heap after GC invocations=41199 (full 4):
 def new generation   total 2898560K, used 5485K [0x00007fcbc8600000, 0x00007fcc8cf20000, 0x00007fd11db50000)
  eden space 2576512K,   0% used [0x00007fcbc8600000, 0x00007fcbc8600000, 0x00007fcc65a20000)
  from space 322048K,   1% used [0x00007fcc794a0000, 0x00007fcc799fb498, 0x00007fcc8cf20000)
  to   space 322048K,   0% used [0x00007fcc65a20000, 0x00007fcc65a20000, 0x00007fcc794a0000)
 tenured generation   total 6441136K, used 6439518K [0x00007fd11db50000, 0x00007fd2a6d7c000, 0x00007fdbc8600000)
   the space 6441136K,  99% used [0x00007fd11db50000, 0x00007fd2a6be79a0, 0x00007fd2a6be7a00, 0x00007fd2a6d7c000)
 Metaspace       used 24283K, capacity 24657K, committed 24832K, reserved 26624K
}
Event: 47677.484 GC heap before
{Heap before GC invocations=41199 (full 4):
 def new generation   total 2898560K, used 2581997K [0x00007fcbc8600000, 0x00007fcc8cf20000, 0x00007fd11db50000)
  eden space 2576512K, 100% used [0x00007fcbc8600000, 0x00007fcc65a20000, 0x00007fcc65a20000)
  from space 322048K,   1% used [0x00007fcc794a0000, 0x00007fcc799fb498, 0x00007fcc8cf20000)
  to   space 322048K,   0% used [0x00007fcc65a20000, 0x00007fcc65a20000, 0x00007fcc794a0000)
 tenured generation   total 6441136K, used 6439518K [0x00007fd11db50000, 0x00007fd2a6d7c000, 0x00007fdbc8600000)
   the space 6441136K,  99% used [0x00007fd11db50000, 0x00007fd2a6be79a0, 0x00007fd2a6be7a00, 0x00007fd2a6d7c000)
 Metaspace       used 24283K, capacity 24657K, committed 24832K, reserved 26624K
}
Event: 47677.502 GC heap after
{Heap after GC invocations=41200 (full 4):
 def new generation   total 2898560K, used 5357K [0x00007fcbc8600000, 0x00007fcc8cf20000, 0x00007fd11db50000)
  eden space 2576512K,   0% used [0x00007fcbc8600000, 0x00007fcbc8600000, 0x00007fcc65a20000)
  from space 322048K,   1% used [0x00007fcc65a20000, 0x00007fcc65f5b508, 0x00007fcc794a0000)
  to   space 322048K,   0% used [0x00007fcc794a0000, 0x00007fcc794a0000, 0x00007fcc8cf20000)
 tenured generation   total 6441136K, used 6439900K [0x00007fd11db50000, 0x00007fd2a6d7c000, 0x00007fdbc8600000)
   the space 6441136K,  99% used [0x00007fd11db50000, 0x00007fd2a6c47340, 0x00007fd2a6c47400, 0x00007fd2a6d7c000)
 Metaspace       used 24283K, capacity 24657K, committed 24832K, reserved 26624K
}
Event: 47679.862 GC heap before
{Heap before GC invocations=41200 (full 4):
 def new generation   total 2898560K, used 2581869K [0x00007fcbc8600000, 0x00007fcc8cf20000, 0x00007fd11db50000)
  eden space 2576512K, 100% used [0x00007fcbc8600000, 0x00007fcc65a20000, 0x00007fcc65a20000)
  from space 322048K,   1% used [0x00007fcc65a20000, 0x00007fcc65f5b508, 0x00007fcc794a0000)
  to   space 322048K,   0% used [0x00007fcc794a0000, 0x00007fcc794a0000, 0x00007fcc8cf20000)
 tenured generation   total 6441136K, used 6439900K [0x00007fd11db50000, 0x00007fd2a6d7c000, 0x00007fdbc8600000)
   the space 6441136K,  99% used [0x00007fd11db50000, 0x00007fd2a6c47340, 0x00007fd2a6c47400, 0x00007fd2a6d7c000)
 Metaspace       used 24283K, capacity 24657K, committed 24832K, reserved 26624K
}
Event: 47679.881 GC heap after
{Heap after GC invocations=41201 (full 4):
 def new generation   total 2898560K, used 5343K [0x00007fcbc8600000, 0x00007fcc8cf20000, 0x00007fd11db50000)
  eden space 2576512K,   0% used [0x00007fcbc8600000, 0x00007fcbc8600000, 0x00007fcc65a20000)
  from space 322048K,   1% used [0x00007fcc794a0000, 0x00007fcc799d7d78, 0x00007fcc8cf20000)
  to   space 322048K,   0% used [0x00007fcc65a20000, 0x00007fcc65a20000, 0x00007fcc794a0000)
 tenured generation   total 6441136K, used 6440283K [0x00007fd11db50000, 0x00007fd2a6d7c000, 0x00007fdbc8600000)
   the space 6441136K,  99% used [0x00007fd11db50000, 0x00007fd2a6ca6ce0, 0x00007fd2a6ca6e00, 0x00007fd2a6d7c000)
 Metaspace       used 24283K, capacity 24657K, committed 24832K, reserved 26624K
}
Event: 47682.217 GC heap before
{Heap before GC invocations=41201 (full 4):
 def new generation   total 2898560K, used 2581855K [0x00007fcbc8600000, 0x00007fcc8cf20000, 0x00007fd11db50000)
  eden space 2576512K, 100% used [0x00007fcbc8600000, 0x00007fcc65a20000, 0x00007fcc65a20000)
  from space 322048K,   1% used [0x00007fcc794a0000, 0x00007fcc799d7d78, 0x00007fcc8cf20000)
  to   space 322048K,   0% used [0x00007fcc65a20000, 0x00007fcc65a20000, 0x00007fcc794a0000)
 tenured generation   total 6441136K, used 6440283K [0x00007fd11db50000, 0x00007fd2a6d7c000, 0x00007fdbc8600000)
   the space 6441136K,  99% used [0x00007fd11db50000, 0x00007fd2a6ca6ce0, 0x00007fd2a6ca6e00, 0x00007fd2a6d7c000)
 Metaspace       used 24283K, capacity 24657K, committed 24832K, reserved 26624K
}
Event: 47682.234 GC heap after
{Heap after GC invocations=41202 (full 4):
 def new generation   total 2898560K, used 5376K [0x00007fcbc8600000, 0x00007fcc8cf20000, 0x00007fd11db50000)
  eden space 2576512K,   0% used [0x00007fcbc8600000, 0x00007fcbc8600000, 0x00007fcc65a20000)
  from space 322048K,   1% used [0x00007fcc65a20000, 0x00007fcc65f603e0, 0x00007fcc794a0000)
  to   space 322048K,   0% used [0x00007fcc794a0000, 0x00007fcc794a0000, 0x00007fcc8cf20000)
 tenured generation   total 6441136K, used 6440538K [0x00007fd11db50000, 0x00007fd2a6d7c000, 0x00007fdbc8600000)
   the space 6441136K,  99% used [0x00007fd11db50000, 0x00007fd2a6ce68a0, 0x00007fd2a6ce6a00, 0x00007fd2a6d7c000)
 Metaspace       used 24283K, capacity 24657K, committed 24832K, reserved 26624K
}
Event: 47684.611 GC heap before
{Heap before GC invocations=41202 (full 4):
 def new generation   total 2898560K, used 2581888K [0x00007fcbc8600000, 0x00007fcc8cf20000, 0x00007fd11db50000)
  eden space 2576512K, 100% used [0x00007fcbc8600000, 0x00007fcc65a20000, 0x00007fcc65a20000)
  from space 322048K,   1% used [0x00007fcc65a20000, 0x00007fcc65f603e0, 0x00007fcc794a0000)
  to   space 322048K,   0% used [0x00007fcc794a0000, 0x00007fcc794a0000, 0x00007fcc8cf20000)
 tenured generation   total 6441136K, used 6440538K [0x00007fd11db50000, 0x00007fd2a6d7c000, 0x00007fdbc8600000)
   the space 6441136K,  99% used [0x00007fd11db50000, 0x00007fd2a6ce68a0, 0x00007fd2a6ce6a00, 0x00007fd2a6d7c000)
 Metaspace       used 24283K, capacity 24657K, committed 24832K, reserved 26624K
}
Event: 47684.629 GC heap after
{Heap after GC invocations=41203 (full 4):
 def new generation   total 2898560K, used 5365K [0x00007fcbc8600000, 0x00007fcc8cf20000, 0x00007fd11db50000)
  eden space 2576512K,   0% used [0x00007fcbc8600000, 0x00007fcbc8600000, 0x00007fcc65a20000)
  from space 322048K,   1% used [0x00007fcc794a0000, 0x00007fcc799dd508, 0x00007fcc8cf20000)
  to   space 322048K,   0% used [0x00007fcc65a20000, 0x00007fcc65a20000, 0x00007fcc794a0000)
 tenured generation   total 6441136K, used 6440920K [0x00007fd11db50000, 0x00007fd2a6d7c000, 0x00007fdbc8600000)
   the space 6441136K,  99% used [0x00007fd11db50000, 0x00007fd2a6d46240, 0x00007fd2a6d46400, 0x00007fd2a6d7c000)
 Metaspace       used 24283K, capacity 24657K, committed 24832K, reserved 26624K
}
Event: 47686.768 GC heap before
{Heap before GC invocations=41203 (full 4):
 def new generation   total 2898560K, used 2581877K [0x00007fcbc8600000, 0x00007fcc8cf20000, 0x00007fd11db50000)
  eden space 2576512K, 100% used [0x00007fcbc8600000, 0x00007fcc65a20000, 0x00007fcc65a20000)
  from space 322048K,   1% used [0x00007fcc794a0000, 0x00007fcc799dd508, 0x00007fcc8cf20000)
  to   space 322048K,   0% used [0x00007fcc65a20000, 0x00007fcc65a20000, 0x00007fcc794a0000)
 tenured generation   total 6441136K, used 6440920K [0x00007fd11db50000, 0x00007fd2a6d7c000, 0x00007fdbc8600000)
   the space 6441136K,  99% used [0x00007fd11db50000, 0x00007fd2a6d46240, 0x00007fd2a6d46400, 0x00007fd2a6d7c000)
 Metaspace       used 24283K, capacity 24657K, committed 24832K, reserved 26624K
}
Event: 47686.784 GC heap after
{Heap after GC invocations=41204 (full 4):
 def new generation   total 2898560K, used 5349K [0x00007fcbc8600000, 0x00007fcc8cf20000, 0x00007fd11db50000)
  eden space 2576512K,   0% used [0x00007fcbc8600000, 0x00007fcbc8600000, 0x00007fcc65a20000)
  from space 322048K,   1% used [0x00007fcc65a20000, 0x00007fcc65f594a0, 0x00007fcc794a0000)
  to   space 322048K,   0% used [0x00007fcc794a0000, 0x00007fcc794a0000, 0x00007fcc8cf20000)
 tenured generation   total 6441328K, used 6441302K [0x00007fd11db50000, 0x00007fd2a6dac000, 0x00007fdbc8600000)
   the space 6441328K,  99% used [0x00007fd11db50000, 0x00007fd2a6da5be0, 0x00007fd2a6da5c00, 0x00007fd2a6dac000)
 Metaspace       used 24283K, capacity 24657K, committed 24832K, reserved 26624K
}
Event: 47686.784 GC heap before
{Heap before GC invocations=41204 (full 4):
 def new generation   total 2898560K, used 5349K [0x00007fcbc8600000, 0x00007fcc8cf20000, 0x00007fd11db50000)
  eden space 2576512K,   0% used [0x00007fcbc8600000, 0x00007fcbc8600000, 0x00007fcc65a20000)
  from space 322048K,   1% used [0x00007fcc65a20000, 0x00007fcc65f594a0, 0x00007fcc794a0000)
  to   space 322048K,   0% used [0x00007fcc794a0000, 0x00007fcc794a0000, 0x00007fcc8cf20000)
 tenured generation   total 6441328K, used 6441302K [0x00007fd11db50000, 0x00007fd2a6dac000, 0x00007fdbc8600000)
   the space 6441328K,  99% used [0x00007fd11db50000, 0x00007fd2a6da5be0, 0x00007fd2a6da5c00, 0x00007fd2a6dac000)
 Metaspace       used 24283K, capacity 24657K, committed 24832K, reserved 26624K
}

