# JRE version: OpenJDK Runtime Environment (13.0.7+5) (build 13.0.7+5-Ubuntu-0ubuntu120.04)
# Java VM: OpenJDK 64-Bit Server VM (13.0.7+5-Ubuntu-0ubuntu120.04, mixed mode, tiered, serial gc, linux-amd64)
Heap:
 def new generation   total 4841856K, used 30473K [0x00007fb4f8600000, 0x00007fb640bb0000, 0x00007fba4db50000)
  eden space 4303936K,   0% used [0x00007fb4f8600000, 0x00007fb4fa3c24b0, 0x00007fb5ff110000)
  from space 537920K,   0% used [0x00007fb5ff110000, 0x00007fb5ff110000, 0x00007fb61fe60000)
  to   space 537920K,   0% used [0x00007fb61fe60000, 0x00007fb61fe60000, 0x00007fb640bb0000)
 tenured generation   total 10761736K, used 10761731K [0x00007fba4db50000, 0x00007fbcde8d2000, 0x00007fc4f8600000)
   the space 10761736K,  99% used [0x00007fba4db50000, 0x00007fbcde8d0fd0, 0x00007fbcde8d1000, 0x00007fbcde8d2000)
 Metaspace       used 24347K, capacity 24785K, committed 25088K, reserved 26624K
GC Heap History (20 events):
Event: 11895.056 GC heap after
{Heap after GC invocations=12672 (full 5):
 def new generation   total 4841856K, used 33903K [0x00007fb4f8600000, 0x00007fb640bb0000, 0x00007fba4db50000)
  eden space 4303936K,   0% used [0x00007fb4f8600000, 0x00007fb4f8600000, 0x00007fb5ff110000)
  from space 537920K,   6% used [0x00007fb61fe60000, 0x00007fb621f7bd20, 0x00007fb640bb0000)
  to   space 537920K,   0% used [0x00007fb5ff110000, 0x00007fb5ff110000, 0x00007fb61fe60000)
 tenured generation   total 10759432K, used 10742249K [0x00007fba4db50000, 0x00007fbcde692000, 0x00007fc4f8600000)
   the space 10759432K,  99% used [0x00007fba4db50000, 0x00007fbcdd5ca790, 0x00007fbcdd5ca800, 0x00007fbcde692000)
 Metaspace       used 24347K, capacity 24785K, committed 25088K, reserved 26624K
}
Event: 11897.118 GC heap before
{Heap before GC invocations=12672 (full 5):
 def new generation   total 4841856K, used 4337839K [0x00007fb4f8600000, 0x00007fb640bb0000, 0x00007fba4db50000)
  eden space 4303936K, 100% used [0x00007fb4f8600000, 0x00007fb5ff110000, 0x00007fb5ff110000)
  from space 537920K,   6% used [0x00007fb61fe60000, 0x00007fb621f7bd20, 0x00007fb640bb0000)
  to   space 537920K,   0% used [0x00007fb5ff110000, 0x00007fb5ff110000, 0x00007fb61fe60000)
 tenured generation   total 10759432K, used 10742249K [0x00007fba4db50000, 0x00007fbcde692000, 0x00007fc4f8600000)
   the space 10759432K,  99% used [0x00007fba4db50000, 0x00007fbcdd5ca790, 0x00007fbcdd5ca800, 0x00007fbcde692000)
 Metaspace       used 24347K, capacity 24785K, committed 25088K, reserved 26624K
}
Event: 11897.145 GC heap after
{Heap after GC invocations=12673 (full 5):
 def new generation   total 4841856K, used 34424K [0x00007fb4f8600000, 0x00007fb640bb0000, 0x00007fba4db50000)
  eden space 4303936K,   0% used [0x00007fb4f8600000, 0x00007fb4f8600000, 0x00007fb5ff110000)
  from space 537920K,   6% used [0x00007fb5ff110000, 0x00007fb6012ae248, 0x00007fb61fe60000)
  to   space 537920K,   0% used [0x00007fb61fe60000, 0x00007fb61fe60000, 0x00007fb640bb0000)
 tenured generation   total 10759432K, used 10743990K [0x00007fba4db50000, 0x00007fbcde692000, 0x00007fc4f8600000)
   the space 10759432K,  99% used [0x00007fba4db50000, 0x00007fbcdd77dba8, 0x00007fbcdd77dc00, 0x00007fbcde692000)
 Metaspace       used 24347K, capacity 24785K, committed 25088K, reserved 26624K
}
Event: 11899.384 GC heap before
{Heap before GC invocations=12673 (full 5):
 def new generation   total 4841856K, used 4338360K [0x00007fb4f8600000, 0x00007fb640bb0000, 0x00007fba4db50000)
  eden space 4303936K, 100% used [0x00007fb4f8600000, 0x00007fb5ff110000, 0x00007fb5ff110000)
  from space 537920K,   6% used [0x00007fb5ff110000, 0x00007fb6012ae248, 0x00007fb61fe60000)
  to   space 537920K,   0% used [0x00007fb61fe60000, 0x00007fb61fe60000, 0x00007fb640bb0000)
 tenured generation   total 10759432K, used 10743990K [0x00007fba4db50000, 0x00007fbcde692000, 0x00007fc4f8600000)
   the space 10759432K,  99% used [0x00007fba4db50000, 0x00007fbcdd77dba8, 0x00007fbcdd77dc00, 0x00007fbcde692000)
 Metaspace       used 24347K, capacity 24785K, committed 25088K, reserved 26624K
}
Event: 11899.412 GC heap after
{Heap after GC invocations=12674 (full 5):
 def new generation   total 4841856K, used 34329K [0x00007fb4f8600000, 0x00007fb640bb0000, 0x00007fba4db50000)
  eden space 4303936K,   0% used [0x00007fb4f8600000, 0x00007fb4f8600000, 0x00007fb5ff110000)
  from space 537920K,   6% used [0x00007fb61fe60000, 0x00007fb621fe67c0, 0x00007fb640bb0000)
  to   space 537920K,   0% used [0x00007fb5ff110000, 0x00007fb5ff110000, 0x00007fb61fe60000)
 tenured generation   total 10759432K, used 10745822K [0x00007fba4db50000, 0x00007fbcde692000, 0x00007fc4f8600000)
   the space 10759432K,  99% used [0x00007fba4db50000, 0x00007fbcdd947b18, 0x00007fbcdd947c00, 0x00007fbcde692000)
 Metaspace       used 24347K, capacity 24785K, committed 25088K, reserved 26624K
}
Event: 11901.657 GC heap before
{Heap before GC invocations=12674 (full 5):
 def new generation   total 4841856K, used 4338265K [0x00007fb4f8600000, 0x00007fb640bb0000, 0x00007fba4db50000)
  eden space 4303936K, 100% used [0x00007fb4f8600000, 0x00007fb5ff110000, 0x00007fb5ff110000)
  from space 537920K,   6% used [0x00007fb61fe60000, 0x00007fb621fe67c0, 0x00007fb640bb0000)
  to   space 537920K,   0% used [0x00007fb5ff110000, 0x00007fb5ff110000, 0x00007fb61fe60000)
 tenured generation   total 10759432K, used 10745822K [0x00007fba4db50000, 0x00007fbcde692000, 0x00007fc4f8600000)
   the space 10759432K,  99% used [0x00007fba4db50000, 0x00007fbcdd947b18, 0x00007fbcdd947c00, 0x00007fbcde692000)
 Metaspace       used 24347K, capacity 24785K, committed 25088K, reserved 26624K
}
Event: 11901.685 GC heap after
{Heap after GC invocations=12675 (full 5):
 def new generation   total 4841856K, used 34035K [0x00007fb4f8600000, 0x00007fb640bb0000, 0x00007fba4db50000)
  eden space 4303936K,   0% used [0x00007fb4f8600000, 0x00007fb4f8600000, 0x00007fb5ff110000)
  from space 537920K,   6% used [0x00007fb5ff110000, 0x00007fb60124ce20, 0x00007fb61fe60000)
  to   space 537920K,   0% used [0x00007fb61fe60000, 0x00007fb61fe60000, 0x00007fb640bb0000)
 tenured generation   total 10759432K, used 10747835K [0x00007fba4db50000, 0x00007fbcde692000, 0x00007fc4f8600000)
   the space 10759432K,  99% used [0x00007fba4db50000, 0x00007fbcddb3ee68, 0x00007fbcddb3f000, 0x00007fbcde692000)
 Metaspace       used 24347K, capacity 24785K, committed 25088K, reserved 26624K
}
Event: 11903.816 GC heap before
{Heap before GC invocations=12675 (full 5):
 def new generation   total 4841856K, used 4337971K [0x00007fb4f8600000, 0x00007fb640bb0000, 0x00007fba4db50000)
  eden space 4303936K, 100% used [0x00007fb4f8600000, 0x00007fb5ff110000, 0x00007fb5ff110000)
  from space 537920K,   6% used [0x00007fb5ff110000, 0x00007fb60124ce20, 0x00007fb61fe60000)
  to   space 537920K,   0% used [0x00007fb61fe60000, 0x00007fb61fe60000, 0x00007fb640bb0000)
 tenured generation   total 10759432K, used 10747835K [0x00007fba4db50000, 0x00007fbcde692000, 0x00007fc4f8600000)
   the space 10759432K,  99% used [0x00007fba4db50000, 0x00007fbcddb3ee68, 0x00007fbcddb3f000, 0x00007fbcde692000)
 Metaspace       used 24347K, capacity 24785K, committed 25088K, reserved 26624K
}
Event: 11903.840 GC heap after
{Heap after GC invocations=12676 (full 5):
 def new generation   total 4841856K, used 33661K [0x00007fb4f8600000, 0x00007fb640bb0000, 0x00007fba4db50000)
  eden space 4303936K,   0% used [0x00007fb4f8600000, 0x00007fb4f8600000, 0x00007fb5ff110000)
  from space 537920K,   6% used [0x00007fb61fe60000, 0x00007fb621f3f4d8, 0x00007fb640bb0000)
  to   space 537920K,   0% used [0x00007fb5ff110000, 0x00007fb5ff110000, 0x00007fb61fe60000)
 tenured generation   total 10759432K, used 10749848K [0x00007fba4db50000, 0x00007fbcde692000, 0x00007fc4f8600000)
   the space 10759432K,  99% used [0x00007fba4db50000, 0x00007fbcddd361b8, 0x00007fbcddd36200, 0x00007fbcde692000)
 Metaspace       used 24347K, capacity 24785K, committed 25088K, reserved 26624K
}
Event: 11906.093 GC heap before
{Heap before GC invocations=12676 (full 5):
 def new generation   total 4841856K, used 4337597K [0x00007fb4f8600000, 0x00007fb640bb0000, 0x00007fba4db50000)
  eden space 4303936K, 100% used [0x00007fb4f8600000, 0x00007fb5ff110000, 0x00007fb5ff110000)
  from space 537920K,   6% used [0x00007fb61fe60000, 0x00007fb621f3f4d8, 0x00007fb640bb0000)
  to   space 537920K,   0% used [0x00007fb5ff110000, 0x00007fb5ff110000, 0x00007fb61fe60000)
 tenured generation   total 10759432K, used 10749848K [0x00007fba4db50000, 0x00007fbcde692000, 0x00007fc4f8600000)
   the space 10759432K,  99% used [0x00007fba4db50000, 0x00007fbcddd361b8, 0x00007fbcddd36200, 0x00007fbcde692000)
 Metaspace       used 24347K, capacity 24785K, committed 25088K, reserved 26624K
}
Event: 11906.118 GC heap after
{Heap after GC invocations=12677 (full 5):
 def new generation   total 4841856K, used 33027K [0x00007fb4f8600000, 0x00007fb640bb0000, 0x00007fba4db50000)
  eden space 4303936K,   0% used [0x00007fb4f8600000, 0x00007fb4f8600000, 0x00007fb5ff110000)
  from space 537920K,   6% used [0x00007fb5ff110000, 0x00007fb601150cf8, 0x00007fb61fe60000)
  to   space 537920K,   0% used [0x00007fb61fe60000, 0x00007fb61fe60000, 0x00007fb640bb0000)
 tenured generation   total 10759432K, used 10752223K [0x00007fba4db50000, 0x00007fbcde692000, 0x00007fc4f8600000)
   the space 10759432K,  99% used [0x00007fba4db50000, 0x00007fbcddf87d88, 0x00007fbcddf87e00, 0x00007fbcde692000)
 Metaspace       used 24347K, capacity 24785K, committed 25088K, reserved 26624K
}
Event: 11908.400 GC heap before
{Heap before GC invocations=12677 (full 5):
 def new generation   total 4841856K, used 4336963K [0x00007fb4f8600000, 0x00007fb640bb0000, 0x00007fba4db50000)
  eden space 4303936K, 100% used [0x00007fb4f8600000, 0x00007fb5ff110000, 0x00007fb5ff110000)
  from space 537920K,   6% used [0x00007fb5ff110000, 0x00007fb601150cf8, 0x00007fb61fe60000)
  to   space 537920K,   0% used [0x00007fb61fe60000, 0x00007fb61fe60000, 0x00007fb640bb0000)
 tenured generation   total 10759432K, used 10752223K [0x00007fba4db50000, 0x00007fbcde692000, 0x00007fc4f8600000)
   the space 10759432K,  99% used [0x00007fba4db50000, 0x00007fbcddf87d88, 0x00007fbcddf87e00, 0x00007fbcde692000)
 Metaspace       used 24347K, capacity 24785K, committed 25088K, reserved 26624K
}
Event: 11908.431 GC heap after
{Heap after GC invocations=12678 (full 5):
 def new generation   total 4841856K, used 32393K [0x00007fb4f8600000, 0x00007fb640bb0000, 0x00007fba4db50000)
  eden space 4303936K,   0% used [0x00007fb4f8600000, 0x00007fb4f8600000, 0x00007fb5ff110000)
  from space 537920K,   6% used [0x00007fb61fe60000, 0x00007fb621e02570, 0x00007fb640bb0000)
  to   space 537920K,   0% used [0x00007fb5ff110000, 0x00007fb5ff110000, 0x00007fb61fe60000)
 tenured generation   total 10759432K, used 10754598K [0x00007fba4db50000, 0x00007fbcde692000, 0x00007fc4f8600000)
   the space 10759432K,  99% used [0x00007fba4db50000, 0x00007fbcde1d9a18, 0x00007fbcde1d9c00, 0x00007fbcde692000)
 Metaspace       used 24347K, capacity 24785K, committed 25088K, reserved 26624K
}
Event: 11910.675 GC heap before
{Heap before GC invocations=12678 (full 5):
 def new generation   total 4841856K, used 4336329K [0x00007fb4f8600000, 0x00007fb640bb0000, 0x00007fba4db50000)
  eden space 4303936K, 100% used [0x00007fb4f8600000, 0x00007fb5ff110000, 0x00007fb5ff110000)
  from space 537920K,   6% used [0x00007fb61fe60000, 0x00007fb621e02570, 0x00007fb640bb0000)
  to   space 537920K,   0% used [0x00007fb5ff110000, 0x00007fb5ff110000, 0x00007fb61fe60000)
 tenured generation   total 10759432K, used 10754598K [0x00007fba4db50000, 0x00007fbcde692000, 0x00007fc4f8600000)
   the space 10759432K,  99% used [0x00007fba4db50000, 0x00007fbcde1d9a18, 0x00007fbcde1d9c00, 0x00007fbcde692000)
 Metaspace       used 24347K, capacity 24785K, committed 25088K, reserved 26624K
}
Event: 11910.698 GC heap after
{Heap after GC invocations=12679 (full 5):
 def new generation   total 4841856K, used 31759K [0x00007fb4f8600000, 0x00007fb640bb0000, 0x00007fba4db50000)
  eden space 4303936K,   0% used [0x00007fb4f8600000, 0x00007fb4f8600000, 0x00007fb5ff110000)
  from space 537920K,   5% used [0x00007fb5ff110000, 0x00007fb601013e28, 0x00007fb61fe60000)
  to   space 537920K,   0% used [0x00007fb61fe60000, 0x00007fb61fe60000, 0x00007fb640bb0000)
 tenured generation   total 10759432K, used 10756973K [0x00007fba4db50000, 0x00007fbcde692000, 0x00007fc4f8600000)
   the space 10759432K,  99% used [0x00007fba4db50000, 0x00007fbcde42b6a8, 0x00007fbcde42b800, 0x00007fbcde692000)
 Metaspace       used 24347K, capacity 24785K, committed 25088K, reserved 26624K
}
Event: 11912.899 GC heap before
{Heap before GC invocations=12679 (full 5):
 def new generation   total 4841856K, used 4335695K [0x00007fb4f8600000, 0x00007fb640bb0000, 0x00007fba4db50000)
  eden space 4303936K, 100% used [0x00007fb4f8600000, 0x00007fb5ff110000, 0x00007fb5ff110000)
  from space 537920K,   5% used [0x00007fb5ff110000, 0x00007fb601013e28, 0x00007fb61fe60000)
  to   space 537920K,   0% used [0x00007fb61fe60000, 0x00007fb61fe60000, 0x00007fb640bb0000)
 tenured generation   total 10759432K, used 10756973K [0x00007fba4db50000, 0x00007fbcde692000, 0x00007fc4f8600000)
   the space 10759432K,  99% used [0x00007fba4db50000, 0x00007fbcde42b6a8, 0x00007fbcde42b800, 0x00007fbcde692000)
 Metaspace       used 24347K, capacity 24785K, committed 25088K, reserved 26624K
}
Event: 11912.936 GC heap after
{Heap after GC invocations=12680 (full 5):
 def new generation   total 4841856K, used 31250K [0x00007fb4f8600000, 0x00007fb640bb0000, 0x00007fba4db50000)
  eden space 4303936K,   0% used [0x00007fb4f8600000, 0x00007fb4f8600000, 0x00007fb5ff110000)
  from space 537920K,   5% used [0x00007fb61fe60000, 0x00007fb621ce4878, 0x00007fb640bb0000)
  to   space 537920K,   0% used [0x00007fb5ff110000, 0x00007fb5ff110000, 0x00007fb61fe60000)
 tenured generation   total 10759432K, used 10759348K [0x00007fba4db50000, 0x00007fbcde692000, 0x00007fc4f8600000)
   the space 10759432K,  99% used [0x00007fba4db50000, 0x00007fbcde67d338, 0x00007fbcde67d400, 0x00007fbcde692000)
 Metaspace       used 24347K, capacity 24785K, committed 25088K, reserved 26624K
}
Event: 11915.104 GC heap before
{Heap before GC invocations=12680 (full 5):
 def new generation   total 4841856K, used 4335186K [0x00007fb4f8600000, 0x00007fb640bb0000, 0x00007fba4db50000)
  eden space 4303936K, 100% used [0x00007fb4f8600000, 0x00007fb5ff110000, 0x00007fb5ff110000)
  from space 537920K,   5% used [0x00007fb61fe60000, 0x00007fb621ce4878, 0x00007fb640bb0000)
  to   space 537920K,   0% used [0x00007fb5ff110000, 0x00007fb5ff110000, 0x00007fb61fe60000)
 tenured generation   total 10759432K, used 10759348K [0x00007fba4db50000, 0x00007fbcde692000, 0x00007fc4f8600000)
   the space 10759432K,  99% used [0x00007fba4db50000, 0x00007fbcde67d338, 0x00007fbcde67d400, 0x00007fbcde692000)
 Metaspace       used 24347K, capacity 24785K, committed 25088K, reserved 26624K
}
Event: 11915.131 GC heap after
{Heap after GC invocations=12681 (full 5):
 def new generation   total 4841856K, used 30569K [0x00007fb4f8600000, 0x00007fb640bb0000, 0x00007fba4db50000)
  eden space 4303936K,   0% used [0x00007fb4f8600000, 0x00007fb4f8600000, 0x00007fb5ff110000)
  from space 537920K,   5% used [0x00007fb5ff110000, 0x00007fb600eea4e0, 0x00007fb61fe60000)
  to   space 537920K,   0% used [0x00007fb61fe60000, 0x00007fb61fe60000, 0x00007fb640bb0000)
 tenured generation   total 10761736K, used 10761723K [0x00007fba4db50000, 0x00007fbcde8d2000, 0x00007fc4f8600000)
   the space 10761736K,  99% used [0x00007fba4db50000, 0x00007fbcde8cefc8, 0x00007fbcde8cf000, 0x00007fbcde8d2000)
 Metaspace       used 24347K, capacity 24785K, committed 25088K, reserved 26624K
}
Event: 11915.131 GC heap before
{Heap before GC invocations=12681 (full 5):
 def new generation   total 4841856K, used 30569K [0x00007fb4f8600000, 0x00007fb640bb0000, 0x00007fba4db50000)
  eden space 4303936K,   0% used [0x00007fb4f8600000, 0x00007fb4f8600000, 0x00007fb5ff110000)
  from space 537920K,   5% used [0x00007fb5ff110000, 0x00007fb600eea4e0, 0x00007fb61fe60000)
  to   space 537920K,   0% used [0x00007fb61fe60000, 0x00007fb61fe60000, 0x00007fb640bb0000)
 tenured generation   total 10761736K, used 10761723K [0x00007fba4db50000, 0x00007fbcde8d2000, 0x00007fc4f8600000)
   the space 10761736K,  99% used [0x00007fba4db50000, 0x00007fbcde8cefc8, 0x00007fbcde8cf000, 0x00007fbcde8d2000)
 Metaspace       used 24347K, capacity 24785K, committed 25088K, reserved 26624K
}

