# JRE version: OpenJDK Runtime Environment (13.0.7+5) (build 13.0.7+5-Ubuntu-0ubuntu120.04)
# Java VM: OpenJDK 64-Bit Server VM (13.0.7+5-Ubuntu-0ubuntu120.04, mixed mode, tiered, serial gc, linux-amd64)
Heap:
 def new generation   total 3153216K, used 0K [0x00007f1ba8600000, 0x00007f1c7e370000, 0x00007f20fdb50000)
  eden space 2802880K,   0% used [0x00007f1ba8600000, 0x00007f1ba8600000, 0x00007f1c53730000)
  from space 350336K,   0% used [0x00007f1c68d50000, 0x00007f1c68d50000, 0x00007f1c7e370000)
  to   space 350336K,   0% used [0x00007f1c53730000, 0x00007f1c53730000, 0x00007f1c68d50000)
 tenured generation   total 7044068K, used 6849896K [0x00007f20fdb50000, 0x00007f22aba49000, 0x00007f2ba8600000)
   the space 7044068K,  97% used [0x00007f20fdb50000, 0x00007f229fcaa190, 0x00007f229fcaa200, 0x00007f22aba49000)
 Metaspace       used 30591K, capacity 31019K, committed 31232K, reserved 32768K
GC Heap History (20 events):
Event: 124.358 GC heap after
{Heap after GC invocations=35 (full 7):
 def new generation   total 3153216K, used 224355K [0x00007f1ba8600000, 0x00007f1c7e370000, 0x00007f20fdb50000)
  eden space 2802880K,   0% used [0x00007f1ba8600000, 0x00007f1ba8600000, 0x00007f1c53730000)
  from space 350336K,  64% used [0x00007f1c53730000, 0x00007f1c61248c78, 0x00007f1c68d50000)
  to   space 350336K,   0% used [0x00007f1c68d50000, 0x00007f1c68d50000, 0x00007f1c7e370000)
 tenured generation   total 7007012K, used 5056575K [0x00007f20fdb50000, 0x00007f22a9619000, 0x00007f2ba8600000)
   the space 7007012K,  72% used [0x00007f20fdb50000, 0x00007f223255fde0, 0x00007f223255fe00, 0x00007f22a9619000)
 Metaspace       used 30591K, capacity 31019K, committed 31232K, reserved 32768K
}
Event: 125.135 GC heap before
{Heap before GC invocations=35 (full 7):
 def new generation   total 3153216K, used 3027235K [0x00007f1ba8600000, 0x00007f1c7e370000, 0x00007f20fdb50000)
  eden space 2802880K, 100% used [0x00007f1ba8600000, 0x00007f1c53730000, 0x00007f1c53730000)
  from space 350336K,  64% used [0x00007f1c53730000, 0x00007f1c61248c78, 0x00007f1c68d50000)
  to   space 350336K,   0% used [0x00007f1c68d50000, 0x00007f1c68d50000, 0x00007f1c7e370000)
 tenured generation   total 7007012K, used 5056575K [0x00007f20fdb50000, 0x00007f22a9619000, 0x00007f2ba8600000)
   the space 7007012K,  72% used [0x00007f20fdb50000, 0x00007f223255fde0, 0x00007f223255fe00, 0x00007f22a9619000)
 Metaspace       used 30591K, capacity 31019K, committed 31232K, reserved 32768K
}
Event: 125.795 GC heap after
{Heap after GC invocations=36 (full 7):
 def new generation   total 3153216K, used 228358K [0x00007f1ba8600000, 0x00007f1c7e370000, 0x00007f20fdb50000)
  eden space 2802880K,   0% used [0x00007f1ba8600000, 0x00007f1ba8600000, 0x00007f1c53730000)
  from space 350336K,  65% used [0x00007f1c68d50000, 0x00007f1c76c519f0, 0x00007f1c7e370000)
  to   space 350336K,   0% used [0x00007f1c53730000, 0x00007f1c53730000, 0x00007f1c68d50000)
 tenured generation   total 7007012K, used 5280930K [0x00007f20fdb50000, 0x00007f22a9619000, 0x00007f2ba8600000)
   the space 7007012K,  75% used [0x00007f20fdb50000, 0x00007f22400789b8, 0x00007f2240078a00, 0x00007f22a9619000)
 Metaspace       used 30591K, capacity 31019K, committed 31232K, reserved 32768K
}
Event: 126.520 GC heap before
{Heap before GC invocations=36 (full 7):
 def new generation   total 3153216K, used 3031238K [0x00007f1ba8600000, 0x00007f1c7e370000, 0x00007f20fdb50000)
  eden space 2802880K, 100% used [0x00007f1ba8600000, 0x00007f1c53730000, 0x00007f1c53730000)
  from space 350336K,  65% used [0x00007f1c68d50000, 0x00007f1c76c519f0, 0x00007f1c7e370000)
  to   space 350336K,   0% used [0x00007f1c53730000, 0x00007f1c53730000, 0x00007f1c68d50000)
 tenured generation   total 7007012K, used 5280930K [0x00007f20fdb50000, 0x00007f22a9619000, 0x00007f2ba8600000)
   the space 7007012K,  75% used [0x00007f20fdb50000, 0x00007f22400789b8, 0x00007f2240078a00, 0x00007f22a9619000)
 Metaspace       used 30591K, capacity 31019K, committed 31232K, reserved 32768K
}
Event: 127.105 GC heap after
{Heap after GC invocations=37 (full 7):
 def new generation   total 3153216K, used 202352K [0x00007f1ba8600000, 0x00007f1c7e370000, 0x00007f20fdb50000)
  eden space 2802880K,   0% used [0x00007f1ba8600000, 0x00007f1ba8600000, 0x00007f1c53730000)
  from space 350336K,  57% used [0x00007f1c53730000, 0x00007f1c5fccc068, 0x00007f1c68d50000)
  to   space 350336K,   0% used [0x00007f1c68d50000, 0x00007f1c68d50000, 0x00007f1c7e370000)
 tenured generation   total 7007012K, used 5509287K [0x00007f20fdb50000, 0x00007f22a9619000, 0x00007f2ba8600000)
   the space 7007012K,  78% used [0x00007f20fdb50000, 0x00007f224df79fa8, 0x00007f224df7a000, 0x00007f22a9619000)
 Metaspace       used 30591K, capacity 31019K, committed 31232K, reserved 32768K
}
Event: 127.905 GC heap before
{Heap before GC invocations=37 (full 7):
 def new generation   total 3153216K, used 3005232K [0x00007f1ba8600000, 0x00007f1c7e370000, 0x00007f20fdb50000)
  eden space 2802880K, 100% used [0x00007f1ba8600000, 0x00007f1c53730000, 0x00007f1c53730000)
  from space 350336K,  57% used [0x00007f1c53730000, 0x00007f1c5fccc068, 0x00007f1c68d50000)
  to   space 350336K,   0% used [0x00007f1c68d50000, 0x00007f1c68d50000, 0x00007f1c7e370000)
 tenured generation   total 7007012K, used 5509287K [0x00007f20fdb50000, 0x00007f22a9619000, 0x00007f2ba8600000)
   the space 7007012K,  78% used [0x00007f20fdb50000, 0x00007f224df79fa8, 0x00007f224df7a000, 0x00007f22a9619000)
 Metaspace       used 30591K, capacity 31019K, committed 31232K, reserved 32768K
}
Event: 128.482 GC heap after
{Heap after GC invocations=38 (full 7):
 def new generation   total 3153216K, used 206681K [0x00007f1ba8600000, 0x00007f1c7e370000, 0x00007f20fdb50000)
  eden space 2802880K,   0% used [0x00007f1ba8600000, 0x00007f1ba8600000, 0x00007f1c53730000)
  from space 350336K,  58% used [0x00007f1c68d50000, 0x00007f1c75726620, 0x00007f1c7e370000)
  to   space 350336K,   0% used [0x00007f1c53730000, 0x00007f1c53730000, 0x00007f1c68d50000)
 tenured generation   total 7007012K, used 5711639K [0x00007f20fdb50000, 0x00007f22a9619000, 0x00007f2ba8600000)
   the space 7007012K,  81% used [0x00007f20fdb50000, 0x00007f225a515c20, 0x00007f225a515e00, 0x00007f22a9619000)
 Metaspace       used 30591K, capacity 31019K, committed 31232K, reserved 32768K
}
Event: 129.253 GC heap before
{Heap before GC invocations=38 (full 7):
 def new generation   total 3153216K, used 3009561K [0x00007f1ba8600000, 0x00007f1c7e370000, 0x00007f20fdb50000)
  eden space 2802880K, 100% used [0x00007f1ba8600000, 0x00007f1c53730000, 0x00007f1c53730000)
  from space 350336K,  58% used [0x00007f1c68d50000, 0x00007f1c75726620, 0x00007f1c7e370000)
  to   space 350336K,   0% used [0x00007f1c53730000, 0x00007f1c53730000, 0x00007f1c68d50000)
 tenured generation   total 7007012K, used 5711639K [0x00007f20fdb50000, 0x00007f22a9619000, 0x00007f2ba8600000)
   the space 7007012K,  81% used [0x00007f20fdb50000, 0x00007f225a515c20, 0x00007f225a515e00, 0x00007f22a9619000)
 Metaspace       used 30591K, capacity 31019K, committed 31232K, reserved 32768K
}
Event: 129.876 GC heap after
{Heap after GC invocations=39 (full 7):
 def new generation   total 3153216K, used 218597K [0x00007f1ba8600000, 0x00007f1c7e370000, 0x00007f20fdb50000)
  eden space 2802880K,   0% used [0x00007f1ba8600000, 0x00007f1ba8600000, 0x00007f1c53730000)
  from space 350336K,  62% used [0x00007f1c53730000, 0x00007f1c60ca9790, 0x00007f1c68d50000)
  to   space 350336K,   0% used [0x00007f1c68d50000, 0x00007f1c68d50000, 0x00007f1c7e370000)
 tenured generation   total 7007012K, used 5918319K [0x00007f20fdb50000, 0x00007f22a9619000, 0x00007f2ba8600000)
   the space 7007012K,  84% used [0x00007f20fdb50000, 0x00007f2266eebf40, 0x00007f2266eec000, 0x00007f22a9619000)
 Metaspace       used 30591K, capacity 31019K, committed 31232K, reserved 32768K
}
Event: 130.680 GC heap before
{Heap before GC invocations=39 (full 7):
 def new generation   total 3153216K, used 3021477K [0x00007f1ba8600000, 0x00007f1c7e370000, 0x00007f20fdb50000)
  eden space 2802880K, 100% used [0x00007f1ba8600000, 0x00007f1c53730000, 0x00007f1c53730000)
  from space 350336K,  62% used [0x00007f1c53730000, 0x00007f1c60ca9790, 0x00007f1c68d50000)
  to   space 350336K,   0% used [0x00007f1c68d50000, 0x00007f1c68d50000, 0x00007f1c7e370000)
 tenured generation   total 7007012K, used 5918319K [0x00007f20fdb50000, 0x00007f22a9619000, 0x00007f2ba8600000)
   the space 7007012K,  84% used [0x00007f20fdb50000, 0x00007f2266eebf40, 0x00007f2266eec000, 0x00007f22a9619000)
 Metaspace       used 30591K, capacity 31019K, committed 31232K, reserved 32768K
}
Event: 131.295 GC heap after
{Heap after GC invocations=40 (full 7):
 def new generation   total 3153216K, used 211990K [0x00007f1ba8600000, 0x00007f1c7e370000, 0x00007f20fdb50000)
  eden space 2802880K,   0% used [0x00007f1ba8600000, 0x00007f1ba8600000, 0x00007f1c53730000)
  from space 350336K,  60% used [0x00007f1c68d50000, 0x00007f1c75c55a90, 0x00007f1c7e370000)
  to   space 350336K,   0% used [0x00007f1c53730000, 0x00007f1c53730000, 0x00007f1c68d50000)
 tenured generation   total 7007012K, used 6136917K [0x00007f20fdb50000, 0x00007f22a9619000, 0x00007f2ba8600000)
   the space 7007012K,  87% used [0x00007f20fdb50000, 0x00007f2274465400, 0x00007f2274465400, 0x00007f22a9619000)
 Metaspace       used 30591K, capacity 31019K, committed 31232K, reserved 32768K
}
Event: 132.034 GC heap before
{Heap before GC invocations=40 (full 7):
 def new generation   total 3153216K, used 3014870K [0x00007f1ba8600000, 0x00007f1c7e370000, 0x00007f20fdb50000)
  eden space 2802880K, 100% used [0x00007f1ba8600000, 0x00007f1c53730000, 0x00007f1c53730000)
  from space 350336K,  60% used [0x00007f1c68d50000, 0x00007f1c75c55a90, 0x00007f1c7e370000)
  to   space 350336K,   0% used [0x00007f1c53730000, 0x00007f1c53730000, 0x00007f1c68d50000)
 tenured generation   total 7007012K, used 6136917K [0x00007f20fdb50000, 0x00007f22a9619000, 0x00007f2ba8600000)
   the space 7007012K,  87% used [0x00007f20fdb50000, 0x00007f2274465400, 0x00007f2274465400, 0x00007f22a9619000)
 Metaspace       used 30591K, capacity 31019K, committed 31232K, reserved 32768K
}
Event: 132.629 GC heap after
{Heap after GC invocations=41 (full 7):
 def new generation   total 3153216K, used 235623K [0x00007f1ba8600000, 0x00007f1c7e370000, 0x00007f20fdb50000)
  eden space 2802880K,   0% used [0x00007f1ba8600000, 0x00007f1ba8600000, 0x00007f1c53730000)
  from space 350336K,  67% used [0x00007f1c53730000, 0x00007f1c61d49d18, 0x00007f1c68d50000)
  to   space 350336K,   0% used [0x00007f1c68d50000, 0x00007f1c68d50000, 0x00007f1c7e370000)
 tenured generation   total 7007012K, used 6348906K [0x00007f20fdb50000, 0x00007f22a9619000, 0x00007f2ba8600000)
   the space 7007012K,  90% used [0x00007f20fdb50000, 0x00007f228136aa70, 0x00007f228136ac00, 0x00007f22a9619000)
 Metaspace       used 30591K, capacity 31019K, committed 31232K, reserved 32768K
}
Event: 133.780 GC heap before
{Heap before GC invocations=41 (full 7):
 def new generation   total 3153216K, used 3038503K [0x00007f1ba8600000, 0x00007f1c7e370000, 0x00007f20fdb50000)
  eden space 2802880K, 100% used [0x00007f1ba8600000, 0x00007f1c53730000, 0x00007f1c53730000)
  from space 350336K,  67% used [0x00007f1c53730000, 0x00007f1c61d49d18, 0x00007f1c68d50000)
  to   space 350336K,   0% used [0x00007f1c68d50000, 0x00007f1c68d50000, 0x00007f1c7e370000)
 tenured generation   total 7007012K, used 6348906K [0x00007f20fdb50000, 0x00007f22a9619000, 0x00007f2ba8600000)
   the space 7007012K,  90% used [0x00007f20fdb50000, 0x00007f228136aa70, 0x00007f228136ac00, 0x00007f22a9619000)
 Metaspace       used 30591K, capacity 31019K, committed 31232K, reserved 32768K
}
Event: 135.169 GC heap after
{Heap after GC invocations=42 (full 7):
 def new generation   total 3153216K, used 223663K [0x00007f1ba8600000, 0x00007f1c7e370000, 0x00007f20fdb50000)
  eden space 2802880K,   0% used [0x00007f1ba8600000, 0x00007f1ba8600000, 0x00007f1c53730000)
  from space 350336K,  63% used [0x00007f1c68d50000, 0x00007f1c767bbd28, 0x00007f1c7e370000)
  to   space 350336K,   0% used [0x00007f1c53730000, 0x00007f1c53730000, 0x00007f1c68d50000)
 tenured generation   total 7007012K, used 6584529K [0x00007f20fdb50000, 0x00007f22a9619000, 0x00007f2ba8600000)
   the space 7007012K,  93% used [0x00007f20fdb50000, 0x00007f228f984658, 0x00007f228f984800, 0x00007f22a9619000)
 Metaspace       used 30591K, capacity 31019K, committed 31232K, reserved 32768K
}
Event: 135.951 GC heap before
{Heap before GC invocations=42 (full 7):
 def new generation   total 3153216K, used 3026543K [0x00007f1ba8600000, 0x00007f1c7e370000, 0x00007f20fdb50000)
  eden space 2802880K, 100% used [0x00007f1ba8600000, 0x00007f1c53730000, 0x00007f1c53730000)
  from space 350336K,  63% used [0x00007f1c68d50000, 0x00007f1c767bbd28, 0x00007f1c7e370000)
  to   space 350336K,   0% used [0x00007f1c53730000, 0x00007f1c53730000, 0x00007f1c68d50000)
 tenured generation   total 7007012K, used 6584529K [0x00007f20fdb50000, 0x00007f22a9619000, 0x00007f2ba8600000)
   the space 7007012K,  93% used [0x00007f20fdb50000, 0x00007f228f984658, 0x00007f228f984800, 0x00007f22a9619000)
 Metaspace       used 30591K, capacity 31019K, committed 31232K, reserved 32768K
}
Event: 136.594 GC heap after
{Heap after GC invocations=43 (full 7):
 def new generation   total 3153216K, used 235802K [0x00007f1ba8600000, 0x00007f1c7e370000, 0x00007f20fdb50000)
  eden space 2802880K,   0% used [0x00007f1ba8600000, 0x00007f1ba8600000, 0x00007f1c53730000)
  from space 350336K,  67% used [0x00007f1c53730000, 0x00007f1c61d76848, 0x00007f1c68d50000)
  to   space 350336K,   0% used [0x00007f1c68d50000, 0x00007f1c68d50000, 0x00007f1c7e370000)
 tenured generation   total 7007012K, used 6808192K [0x00007f20fdb50000, 0x00007f22a9619000, 0x00007f2ba8600000)
   the space 7007012K,  97% used [0x00007f20fdb50000, 0x00007f229d3f02a0, 0x00007f229d3f0400, 0x00007f22a9619000)
 Metaspace       used 30591K, capacity 31019K, committed 31232K, reserved 32768K
}
Event: 137.334 GC heap before
{Heap before GC invocations=43 (full 7):
 def new generation   total 3153216K, used 3038682K [0x00007f1ba8600000, 0x00007f1c7e370000, 0x00007f20fdb50000)
  eden space 2802880K, 100% used [0x00007f1ba8600000, 0x00007f1c53730000, 0x00007f1c53730000)
  from space 350336K,  67% used [0x00007f1c53730000, 0x00007f1c61d76848, 0x00007f1c68d50000)
  to   space 350336K,   0% used [0x00007f1c68d50000, 0x00007f1c68d50000, 0x00007f1c7e370000)
 tenured generation   total 7007012K, used 6808192K [0x00007f20fdb50000, 0x00007f22a9619000, 0x00007f2ba8600000)
   the space 7007012K,  97% used [0x00007f20fdb50000, 0x00007f229d3f02a0, 0x00007f229d3f0400, 0x00007f22a9619000)
 Metaspace       used 30591K, capacity 31019K, committed 31232K, reserved 32768K
}
Event: 138.053 GC heap after
{Heap after GC invocations=44 (full 7):
 def new generation   total 3153216K, used 225793K [0x00007f1ba8600000, 0x00007f1c7e370000, 0x00007f20fdb50000)
  eden space 2802880K,   0% used [0x00007f1ba8600000, 0x00007f1ba8600000, 0x00007f1c53730000)
  from space 350336K,  64% used [0x00007f1c68d50000, 0x00007f1c769d06f8, 0x00007f1c7e370000)
  to   space 350336K,   0% used [0x00007f1c53730000, 0x00007f1c53730000, 0x00007f1c68d50000)
 tenured generation   total 7044068K, used 7043993K [0x00007f20fdb50000, 0x00007f22aba49000, 0x00007f2ba8600000)
   the space 7044068K,  99% used [0x00007f20fdb50000, 0x00007f22aba36638, 0x00007f22aba36800, 0x00007f22aba49000)
 Metaspace       used 30591K, capacity 31019K, committed 31232K, reserved 32768K
}
Event: 138.053 GC heap before
{Heap before GC invocations=44 (full 7):
 def new generation   total 3153216K, used 225793K [0x00007f1ba8600000, 0x00007f1c7e370000, 0x00007f20fdb50000)
  eden space 2802880K,   0% used [0x00007f1ba8600000, 0x00007f1ba8600000, 0x00007f1c53730000)
  from space 350336K,  64% used [0x00007f1c68d50000, 0x00007f1c769d06f8, 0x00007f1c7e370000)
  to   space 350336K,   0% used [0x00007f1c53730000, 0x00007f1c53730000, 0x00007f1c68d50000)
 tenured generation   total 7044068K, used 7043993K [0x00007f20fdb50000, 0x00007f22aba49000, 0x00007f2ba8600000)
   the space 7044068K,  99% used [0x00007f20fdb50000, 0x00007f22aba36638, 0x00007f22aba36800, 0x00007f22aba49000)
 Metaspace       used 30591K, capacity 31019K, committed 31232K, reserved 32768K
}

