# JRE version: OpenJDK Runtime Environment (13.0.7+5) (build 13.0.7+5-Ubuntu-0ubuntu120.04)
# Java VM: OpenJDK 64-Bit Server VM (13.0.7+5-Ubuntu-0ubuntu120.04, mixed mode, tiered, serial gc, linux-amd64)
Heap:
 def new generation   total 3940032K, used 2166597K [0x00007f184c600000, 0x00007f1957930000, 0x00007f1da1b50000)
  eden space 3502272K,  61% used [0x00007f184c600000, 0x00007f18d09d13c8, 0x00007f1922230000)
  from space 437760K,   0% used [0x00007f193cdb0000, 0x00007f193cdb0218, 0x00007f1957930000)
  to   space 437760K,   0% used [0x00007f1922230000, 0x00007f19222302e0, 0x00007f193cdb0000)
 tenured generation   total 8755508K, used 8399174K [0x00007f1da1b50000, 0x00007f1fb819d000, 0x00007f284c600000)
   the space 8755508K,  95% used [0x00007f1da1b50000, 0x00007f1fa25a1a48, 0x00007f1fa25a1c00, 0x00007f1fb819d000)
 Metaspace       used 23453K, capacity 23843K, committed 24064K, reserved 24576K
GC Heap History (20 events):
Event: 167.330 GC heap after
{Heap after GC invocations=35 (full 14):
 def new generation   total 3940032K, used 0K [0x00007f184c600000, 0x00007f1957930000, 0x00007f1da1b50000)
  eden space 3502272K,   0% used [0x00007f184c600000, 0x00007f184c600000, 0x00007f1922230000)
  from space 437760K,   0% used [0x00007f1922230000, 0x00007f1922230000, 0x00007f193cdb0000)
  to   space 437760K,   0% used [0x00007f193cdb0000, 0x00007f193cdb0000, 0x00007f1957930000)
 tenured generation   total 8755508K, used 5253304K [0x00007f1da1b50000, 0x00007f1fb819d000, 0x00007f284c600000)
   the space 8755508K,  59% used [0x00007f1da1b50000, 0x00007f1ee257e2d8, 0x00007f1ee257e400, 0x00007f1fb819d000)
 Metaspace       used 23440K, capacity 23771K, committed 23808K, reserved 24576K
}
Event: 170.168 GC heap before
{Heap before GC invocations=35 (full 14):
 def new generation   total 3940032K, used 2166337K [0x00007f184c600000, 0x00007f1957930000, 0x00007f1da1b50000)
  eden space 3502272K,  61% used [0x00007f184c600000, 0x00007f18d0990580, 0x00007f1922230000)
  from space 437760K,   0% used [0x00007f1922230000, 0x00007f1922230000, 0x00007f193cdb0000)
  to   space 437760K,   0% used [0x00007f193cdb0000, 0x00007f193cdb0000, 0x00007f1957930000)
 tenured generation   total 8755508K, used 5253304K [0x00007f1da1b50000, 0x00007f1fb819d000, 0x00007f284c600000)
   the space 8755508K,  59% used [0x00007f1da1b50000, 0x00007f1ee257e2d8, 0x00007f1ee257e400, 0x00007f1fb819d000)
 Metaspace       used 23440K, capacity 23771K, committed 23808K, reserved 24576K
}
Event: 170.928 GC heap after
{Heap after GC invocations=36 (full 14):
 def new generation   total 3940032K, used 0K [0x00007f184c600000, 0x00007f1957930000, 0x00007f1da1b50000)
  eden space 3502272K,   0% used [0x00007f184c600000, 0x00007f184c600000, 0x00007f1922230000)
  from space 437760K,   0% used [0x00007f193cdb0000, 0x00007f193cdb0110, 0x00007f1957930000)
  to   space 437760K,   0% used [0x00007f1922230000, 0x00007f1922230000, 0x00007f193cdb0000)
 tenured generation   total 8755508K, used 7350456K [0x00007f1da1b50000, 0x00007f1fb819d000, 0x00007f284c600000)
   the space 8755508K,  83% used [0x00007f1da1b50000, 0x00007f1f6257e2f0, 0x00007f1f6257e400, 0x00007f1fb819d000)
 Metaspace       used 23440K, capacity 23771K, committed 23808K, reserved 24576K
}
Event: 171.704 GC heap before
{Heap before GC invocations=36 (full 14):
 def new generation   total 3940032K, used 2165855K [0x00007f184c600000, 0x00007f1957930000, 0x00007f1da1b50000)
  eden space 3502272K,  61% used [0x00007f184c600000, 0x00007f18d0917e68, 0x00007f1922230000)
  from space 437760K,   0% used [0x00007f193cdb0000, 0x00007f193cdb0110, 0x00007f1957930000)
  to   space 437760K,   0% used [0x00007f1922230000, 0x00007f1922230000, 0x00007f193cdb0000)
 tenured generation   total 8755508K, used 7350456K [0x00007f1da1b50000, 0x00007f1fb819d000, 0x00007f284c600000)
   the space 8755508K,  83% used [0x00007f1da1b50000, 0x00007f1f6257e2f0, 0x00007f1f6257e400, 0x00007f1fb819d000)
 Metaspace       used 23440K, capacity 23771K, committed 23808K, reserved 24576K
}
Event: 172.610 GC heap after
{Heap after GC invocations=37 (full 14):
 def new generation   total 3940032K, used 0K [0x00007f184c600000, 0x00007f1957930000, 0x00007f1da1b50000)
  eden space 3502272K,   0% used [0x00007f184c600000, 0x00007f184c600000, 0x00007f1922230000)
  from space 437760K,   0% used [0x00007f1922230000, 0x00007f1922230358, 0x00007f193cdb0000)
  to   space 437760K,   0% used [0x00007f193cdb0000, 0x00007f193cdb0000, 0x00007f1957930000)
 tenured generation   total 10852664K, used 9447608K [0x00007f1da1b50000, 0x00007f203819e000, 0x00007f284c600000)
   the space 10852664K,  87% used [0x00007f1da1b50000, 0x00007f1fe257e308, 0x00007f1fe257e400, 0x00007f203819e000)
 Metaspace       used 23440K, capacity 23771K, committed 23808K, reserved 24576K
}
Event: 172.610 GC heap before
{Heap before GC invocations=37 (full 14):
 def new generation   total 3940032K, used 0K [0x00007f184c600000, 0x00007f1957930000, 0x00007f1da1b50000)
  eden space 3502272K,   0% used [0x00007f184c600000, 0x00007f184c600000, 0x00007f1922230000)
  from space 437760K,   0% used [0x00007f1922230000, 0x00007f1922230358, 0x00007f193cdb0000)
  to   space 437760K,   0% used [0x00007f193cdb0000, 0x00007f193cdb0000, 0x00007f1957930000)
 tenured generation   total 10852664K, used 9447608K [0x00007f1da1b50000, 0x00007f203819e000, 0x00007f284c600000)
   the space 10852664K,  87% used [0x00007f1da1b50000, 0x00007f1fe257e308, 0x00007f1fe257e400, 0x00007f203819e000)
 Metaspace       used 23440K, capacity 23771K, committed 23808K, reserved 24576K
}
Event: 173.520 GC heap after
{Heap after GC invocations=37 (full 15):
 def new generation   total 3940032K, used 0K [0x00007f184c600000, 0x00007f1957930000, 0x00007f1da1b50000)
  eden space 3502272K,   0% used [0x00007f184c600000, 0x00007f184c600000, 0x00007f1922230000)
  from space 437760K,   0% used [0x00007f1922230000, 0x00007f1922230000, 0x00007f193cdb0000)
  to   space 437760K,   0% used [0x00007f193cdb0000, 0x00007f193cdb0000, 0x00007f1957930000)
 tenured generation   total 8755508K, used 4204728K [0x00007f1da1b50000, 0x00007f1fb819d000, 0x00007f284c600000)
   the space 8755508K,  48% used [0x00007f1da1b50000, 0x00007f1ea257e248, 0x00007f1ea257e400, 0x00007f1fb819d000)
 Metaspace       used 23440K, capacity 23771K, committed 23808K, reserved 24576K
}
Event: 176.436 GC heap before
{Heap before GC invocations=37 (full 15):
 def new generation   total 3940032K, used 3502272K [0x00007f184c600000, 0x00007f1957930000, 0x00007f1da1b50000)
  eden space 3502272K, 100% used [0x00007f184c600000, 0x00007f1922230000, 0x00007f1922230000)
  from space 437760K,   0% used [0x00007f1922230000, 0x00007f1922230000, 0x00007f193cdb0000)
  to   space 437760K,   0% used [0x00007f193cdb0000, 0x00007f193cdb0000, 0x00007f1957930000)
 tenured generation   total 8755508K, used 4204728K [0x00007f1da1b50000, 0x00007f1fb819d000, 0x00007f284c600000)
   the space 8755508K,  48% used [0x00007f1da1b50000, 0x00007f1ea257e248, 0x00007f1ea257e400, 0x00007f1fb819d000)
 Metaspace       used 23451K, capacity 23841K, committed 24064K, reserved 24576K
}
Event: 176.619 GC heap after
{Heap after GC invocations=38 (full 15):
 def new generation   total 3940032K, used 426199K [0x00007f184c600000, 0x00007f1957930000, 0x00007f1da1b50000)
  eden space 3502272K,   0% used [0x00007f184c600000, 0x00007f184c600000, 0x00007f1922230000)
  from space 437760K,  97% used [0x00007f193cdb0000, 0x00007f1956de5cc0, 0x00007f1957930000)
  to   space 437760K,   0% used [0x00007f1922230000, 0x00007f1922230000, 0x00007f193cdb0000)
 tenured generation   total 8755508K, used 4204728K [0x00007f1da1b50000, 0x00007f1fb819d000, 0x00007f284c600000)
   the space 8755508K,  48% used [0x00007f1da1b50000, 0x00007f1ea257e248, 0x00007f1ea257e400, 0x00007f1fb819d000)
 Metaspace       used 23451K, capacity 23841K, committed 24064K, reserved 24576K
}
Event: 178.149 GC heap before
{Heap before GC invocations=38 (full 15):
 def new generation   total 3940032K, used 3282074K [0x00007f184c600000, 0x00007f1957930000, 0x00007f1da1b50000)
  eden space 3502272K,  81% used [0x00007f184c600000, 0x00007f18faaf0c78, 0x00007f1922230000)
  from space 437760K,  97% used [0x00007f193cdb0000, 0x00007f1956de5cc0, 0x00007f1957930000)
  to   space 437760K,   0% used [0x00007f1922230000, 0x00007f1922230000, 0x00007f193cdb0000)
 tenured generation   total 8755508K, used 4204728K [0x00007f1da1b50000, 0x00007f1fb819d000, 0x00007f284c600000)
   the space 8755508K,  48% used [0x00007f1da1b50000, 0x00007f1ea257e248, 0x00007f1ea257e400, 0x00007f1fb819d000)
 Metaspace       used 23453K, capacity 23843K, committed 24064K, reserved 24576K
}
Event: 178.248 GC heap after
{Heap after GC invocations=39 (full 15):
 def new generation   total 3940032K, used 66664K [0x00007f184c600000, 0x00007f1957930000, 0x00007f1da1b50000)
  eden space 3502272K,   0% used [0x00007f184c600000, 0x00007f184c600000, 0x00007f1922230000)
  from space 437760K,  15% used [0x00007f1922230000, 0x00007f192634a2c8, 0x00007f193cdb0000)
  to   space 437760K,   0% used [0x00007f193cdb0000, 0x00007f193cdb0000, 0x00007f1957930000)
 tenured generation   total 8755508K, used 4630924K [0x00007f1da1b50000, 0x00007f1fb819d000, 0x00007f284c600000)
   the space 8755508K,  52% used [0x00007f1da1b50000, 0x00007f1ebc5b3240, 0x00007f1ebc5b3400, 0x00007f1fb819d000)
 Metaspace       used 23453K, capacity 23843K, committed 24064K, reserved 24576K
}
Event: 180.938 GC heap before
{Heap before GC invocations=39 (full 15):
 def new generation   total 3940032K, used 3281147K [0x00007f184c600000, 0x00007f1957930000, 0x00007f1da1b50000)
  eden space 3502272K,  91% used [0x00007f184c600000, 0x00007f1910924c00, 0x00007f1922230000)
  from space 437760K,  15% used [0x00007f1922230000, 0x00007f192634a2c8, 0x00007f193cdb0000)
  to   space 437760K,   0% used [0x00007f193cdb0000, 0x00007f193cdb0000, 0x00007f1957930000)
 tenured generation   total 8755508K, used 4630924K [0x00007f1da1b50000, 0x00007f1fb819d000, 0x00007f284c600000)
   the space 8755508K,  52% used [0x00007f1da1b50000, 0x00007f1ebc5b3240, 0x00007f1ebc5b3400, 0x00007f1fb819d000)
 Metaspace       used 23453K, capacity 23843K, committed 24064K, reserved 24576K
}
Event: 181.134 GC heap after
{Heap after GC invocations=40 (full 15):
 def new generation   total 3940032K, used 1126K [0x00007f184c600000, 0x00007f1957930000, 0x00007f1da1b50000)
  eden space 3502272K,   0% used [0x00007f184c600000, 0x00007f184c600000, 0x00007f1922230000)
  from space 437760K,   0% used [0x00007f193cdb0000, 0x00007f193cec9b40, 0x00007f1957930000)
  to   space 437760K,   0% used [0x00007f1922230000, 0x00007f1922230000, 0x00007f193cdb0000)
 tenured generation   total 8755508K, used 5679500K [0x00007f1da1b50000, 0x00007f1fb819d000, 0x00007f284c600000)
   the space 8755508K,  64% used [0x00007f1da1b50000, 0x00007f1efc5b3258, 0x00007f1efc5b3400, 0x00007f1fb819d000)
 Metaspace       used 23453K, capacity 23843K, committed 24064K, reserved 24576K
}
Event: 181.454 GC heap before
{Heap before GC invocations=40 (full 15):
 def new generation   total 3940032K, used 1118824K [0x00007f184c600000, 0x00007f1957930000, 0x00007f1da1b50000)
  eden space 3502272K,  31% used [0x00007f184c600000, 0x00007f1890980640, 0x00007f1922230000)
  from space 437760K,   0% used [0x00007f193cdb0000, 0x00007f193cec9b40, 0x00007f1957930000)
  to   space 437760K,   0% used [0x00007f1922230000, 0x00007f1922230000, 0x00007f193cdb0000)
 tenured generation   total 8755508K, used 5679500K [0x00007f1da1b50000, 0x00007f1fb819d000, 0x00007f284c600000)
   the space 8755508K,  64% used [0x00007f1da1b50000, 0x00007f1efc5b3258, 0x00007f1efc5b3400, 0x00007f1fb819d000)
 Metaspace       used 23453K, capacity 23843K, committed 24064K, reserved 24576K
}
Event: 181.670 GC heap after
{Heap after GC invocations=41 (full 15):
 def new generation   total 3940032K, used 1127K [0x00007f184c600000, 0x00007f1957930000, 0x00007f1da1b50000)
  eden space 3502272K,   0% used [0x00007f184c600000, 0x00007f184c600000, 0x00007f1922230000)
  from space 437760K,   0% used [0x00007f1922230000, 0x00007f1922349dd0, 0x00007f193cdb0000)
  to   space 437760K,   0% used [0x00007f193cdb0000, 0x00007f193cdb0000, 0x00007f1957930000)
 tenured generation   total 8755508K, used 6728076K [0x00007f1da1b50000, 0x00007f1fb819d000, 0x00007f284c600000)
   the space 8755508K,  76% used [0x00007f1da1b50000, 0x00007f1f3c5b3270, 0x00007f1f3c5b3400, 0x00007f1fb819d000)
 Metaspace       used 23453K, capacity 23843K, committed 24064K, reserved 24576K
}
Event: 181.670 GC heap before
{Heap before GC invocations=41 (full 15):
 def new generation   total 3940032K, used 1127K [0x00007f184c600000, 0x00007f1957930000, 0x00007f1da1b50000)
  eden space 3502272K,   0% used [0x00007f184c600000, 0x00007f184c600000, 0x00007f1922230000)
  from space 437760K,   0% used [0x00007f1922230000, 0x00007f1922349dd0, 0x00007f193cdb0000)
  to   space 437760K,   0% used [0x00007f193cdb0000, 0x00007f193cdb0000, 0x00007f1957930000)
 tenured generation   total 8755508K, used 6728076K [0x00007f1da1b50000, 0x00007f1fb819d000, 0x00007f284c600000)
   the space 8755508K,  76% used [0x00007f1da1b50000, 0x00007f1f3c5b3270, 0x00007f1f3c5b3400, 0x00007f1fb819d000)
 Metaspace       used 23453K, capacity 23843K, committed 24064K, reserved 24576K
}
Event: 182.386 GC heap after
{Heap after GC invocations=41 (full 16):
 def new generation   total 3940032K, used 0K [0x00007f184c600000, 0x00007f1957930000, 0x00007f1da1b50000)
  eden space 3502272K,   0% used [0x00007f184c600000, 0x00007f184c600000, 0x00007f1922230000)
  from space 437760K,   0% used [0x00007f1922230000, 0x00007f1922230000, 0x00007f193cdb0000)
  to   space 437760K,   0% used [0x00007f193cdb0000, 0x00007f193cdb0000, 0x00007f1957930000)
 tenured generation   total 8755508K, used 2107718K [0x00007f1da1b50000, 0x00007f1fb819d000, 0x00007f284c600000)
   the space 8755508K,  24% used [0x00007f1da1b50000, 0x00007f1e225a1a18, 0x00007f1e225a1c00, 0x00007f1fb819d000)
 Metaspace       used 23453K, capacity 23843K, committed 24064K, reserved 24576K
}
Event: 188.965 GC heap before
{Heap before GC invocations=41 (full 16):
 def new generation   total 3940032K, used 2166273K [0x00007f184c600000, 0x00007f1957930000, 0x00007f1da1b50000)
  eden space 3502272K,  61% used [0x00007f184c600000, 0x00007f18d0980618, 0x00007f1922230000)
  from space 437760K,   0% used [0x00007f1922230000, 0x00007f1922230000, 0x00007f193cdb0000)
  to   space 437760K,   0% used [0x00007f193cdb0000, 0x00007f193cdb0000, 0x00007f1957930000)
 tenured generation   total 8755508K, used 6302022K [0x00007f1da1b50000, 0x00007f1fb819d000, 0x00007f284c600000)
   the space 8755508K,  71% used [0x00007f1da1b50000, 0x00007f1f225a1a30, 0x00007f1f225a1c00, 0x00007f1fb819d000)
 Metaspace       used 23453K, capacity 23843K, committed 24064K, reserved 24576K
}
Event: 189.462 GC heap after
{Heap after GC invocations=42 (full 16):
 def new generation   total 3940032K, used 0K [0x00007f184c600000, 0x00007f1957930000, 0x00007f1da1b50000)
  eden space 3502272K,   0% used [0x00007f184c600000, 0x00007f184c600000, 0x00007f1922230000)
  from space 437760K,   0% used [0x00007f193cdb0000, 0x00007f193cdb0218, 0x00007f1957930000)
  to   space 437760K,   0% used [0x00007f1922230000, 0x00007f1922230000, 0x00007f193cdb0000)
 tenured generation   total 8755508K, used 8399174K [0x00007f1da1b50000, 0x00007f1fb819d000, 0x00007f284c600000)
   the space 8755508K,  95% used [0x00007f1da1b50000, 0x00007f1fa25a1a48, 0x00007f1fa25a1c00, 0x00007f1fb819d000)
 Metaspace       used 23453K, capacity 23843K, committed 24064K, reserved 24576K
}
Event: 190.583 GC heap before
{Heap before GC invocations=42 (full 16):
 def new generation   total 3940032K, used 2166597K [0x00007f184c600000, 0x00007f1957930000, 0x00007f1da1b50000)
  eden space 3502272K,  61% used [0x00007f184c600000, 0x00007f18d09d13c8, 0x00007f1922230000)
  from space 437760K,   0% used [0x00007f193cdb0000, 0x00007f193cdb0218, 0x00007f1957930000)
  to   space 437760K,   0% used [0x00007f1922230000, 0x00007f1922230000, 0x00007f193cdb0000)
 tenured generation   total 8755508K, used 8399174K [0x00007f1da1b50000, 0x00007f1fb819d000, 0x00007f284c600000)
   the space 8755508K,  95% used [0x00007f1da1b50000, 0x00007f1fa25a1a48, 0x00007f1fa25a1c00, 0x00007f1fb819d000)
 Metaspace       used 23453K, capacity 23843K, committed 24064K, reserved 24576K
}

