# JRE version: OpenJDK Runtime Environment (13.0.7+5) (build 13.0.7+5-Ubuntu-0ubuntu120.04)
# Java VM: OpenJDK 64-Bit Server VM (13.0.7+5-Ubuntu-0ubuntu120.04, mixed mode, tiered, serial gc, linux-amd64)
Heap:
 def new generation   total 1676928K, used 63228K [0x00007f4518600000, 0x00007f458a190000, 0x00007f4fc30a0000)
  eden space 1490624K,   4% used [0x00007f4518600000, 0x00007f451c3bf3f0, 0x00007f45735b0000)
  from space 186304K,   0% used [0x00007f457eba0000, 0x00007f457eba0000, 0x00007f458a190000)
  to   space 186304K,   0% used [0x00007f45735b0000, 0x00007f45735b0000, 0x00007f457eba0000)
 tenured generation   total 3742784K, used 3742573K [0x00007f4fc30a0000, 0x00007f50a77b0000, 0x00007f6518600000)
   the space 3742784K,  99% used [0x00007f4fc30a0000, 0x00007f50a777b438, 0x00007f50a777b600, 0x00007f50a77b0000)
 Metaspace       used 24228K, capacity 24645K, committed 24832K, reserved 26624K
GC Heap History (20 events):
Event: 1129.086 GC heap after
{Heap after GC invocations=1214 (full 5):
 def new generation   total 1676928K, used 109429K [0x00007f4518600000, 0x00007f458a190000, 0x00007f4fc30a0000)
  eden space 1490624K,   0% used [0x00007f4518600000, 0x00007f4518600000, 0x00007f45735b0000)
  from space 186304K,  58% used [0x00007f45735b0000, 0x00007f457a08d768, 0x00007f457eba0000)
  to   space 186304K,   0% used [0x00007f457eba0000, 0x00007f457eba0000, 0x00007f458a190000)
 tenured generation   total 3726396K, used 3644944K [0x00007f4fc30a0000, 0x00007f50a67af000, 0x00007f6518600000)
   the space 3726396K,  97% used [0x00007f4fc30a0000, 0x00007f50a1824018, 0x00007f50a1824200, 0x00007f50a67af000)
 Metaspace       used 24228K, capacity 24645K, committed 24832K, reserved 26624K
}
Event: 1130.709 GC heap before
{Heap before GC invocations=1214 (full 5):
 def new generation   total 1676928K, used 1598782K [0x00007f4518600000, 0x00007f458a190000, 0x00007f4fc30a0000)
  eden space 1490624K,  99% used [0x00007f4518600000, 0x00007f45734720c0, 0x00007f45735b0000)
  from space 186304K,  58% used [0x00007f45735b0000, 0x00007f457a08d768, 0x00007f457eba0000)
  to   space 186304K,   0% used [0x00007f457eba0000, 0x00007f457eba0000, 0x00007f458a190000)
 tenured generation   total 3726396K, used 3644944K [0x00007f4fc30a0000, 0x00007f50a67af000, 0x00007f6518600000)
   the space 3726396K,  97% used [0x00007f4fc30a0000, 0x00007f50a1824018, 0x00007f50a1824200, 0x00007f50a67af000)
 Metaspace       used 24228K, capacity 24645K, committed 24832K, reserved 26624K
}
Event: 1130.788 GC heap after
{Heap after GC invocations=1215 (full 5):
 def new generation   total 1676928K, used 83758K [0x00007f4518600000, 0x00007f458a190000, 0x00007f4fc30a0000)
  eden space 1490624K,   0% used [0x00007f4518600000, 0x00007f4518600000, 0x00007f45735b0000)
  from space 186304K,  44% used [0x00007f457eba0000, 0x00007f4583d6b9a0, 0x00007f458a190000)
  to   space 186304K,   0% used [0x00007f45735b0000, 0x00007f45735b0000, 0x00007f457eba0000)
 tenured generation   total 3726396K, used 3661902K [0x00007f4fc30a0000, 0x00007f50a67af000, 0x00007f6518600000)
   the space 3726396K,  98% used [0x00007f4fc30a0000, 0x00007f50a28b3b00, 0x00007f50a28b3c00, 0x00007f50a67af000)
 Metaspace       used 24228K, capacity 24645K, committed 24832K, reserved 26624K
}
Event: 1132.264 GC heap before
{Heap before GC invocations=1215 (full 5):
 def new generation   total 1676928K, used 1568459K [0x00007f4518600000, 0x00007f458a190000, 0x00007f4fc30a0000)
  eden space 1490624K,  99% used [0x00007f4518600000, 0x00007f4572fe73b0, 0x00007f45735b0000)
  from space 186304K,  44% used [0x00007f457eba0000, 0x00007f4583d6b9a0, 0x00007f458a190000)
  to   space 186304K,   0% used [0x00007f45735b0000, 0x00007f45735b0000, 0x00007f457eba0000)
 tenured generation   total 3726396K, used 3661902K [0x00007f4fc30a0000, 0x00007f50a67af000, 0x00007f6518600000)
   the space 3726396K,  98% used [0x00007f4fc30a0000, 0x00007f50a28b3b00, 0x00007f50a28b3c00, 0x00007f50a67af000)
 Metaspace       used 24228K, capacity 24645K, committed 24832K, reserved 26624K
}
Event: 1132.333 GC heap after
{Heap after GC invocations=1216 (full 5):
 def new generation   total 1676928K, used 103265K [0x00007f4518600000, 0x00007f458a190000, 0x00007f4fc30a0000)
  eden space 1490624K,   0% used [0x00007f4518600000, 0x00007f4518600000, 0x00007f45735b0000)
  from space 186304K,  55% used [0x00007f45735b0000, 0x00007f4579a88658, 0x00007f457eba0000)
  to   space 186304K,   0% used [0x00007f457eba0000, 0x00007f457eba0000, 0x00007f458a190000)
 tenured generation   total 3726396K, used 3661902K [0x00007f4fc30a0000, 0x00007f50a67af000, 0x00007f6518600000)
   the space 3726396K,  98% used [0x00007f4fc30a0000, 0x00007f50a28b3b00, 0x00007f50a28b3c00, 0x00007f50a67af000)
 Metaspace       used 24228K, capacity 24645K, committed 24832K, reserved 26624K
}
Event: 1134.376 GC heap before
{Heap before GC invocations=1216 (full 5):
 def new generation   total 1676928K, used 1593889K [0x00007f4518600000, 0x00007f458a190000, 0x00007f4fc30a0000)
  eden space 1490624K, 100% used [0x00007f4518600000, 0x00007f45735b0000, 0x00007f45735b0000)
  from space 186304K,  55% used [0x00007f45735b0000, 0x00007f4579a88658, 0x00007f457eba0000)
  to   space 186304K,   0% used [0x00007f457eba0000, 0x00007f457eba0000, 0x00007f458a190000)
 tenured generation   total 3726396K, used 3661902K [0x00007f4fc30a0000, 0x00007f50a67af000, 0x00007f6518600000)
   the space 3726396K,  98% used [0x00007f4fc30a0000, 0x00007f50a28b3b00, 0x00007f50a28b3c00, 0x00007f50a67af000)
 Metaspace       used 24228K, capacity 24645K, committed 24832K, reserved 26624K
}
Event: 1134.467 GC heap after
{Heap after GC invocations=1217 (full 5):
 def new generation   total 1676928K, used 78117K [0x00007f4518600000, 0x00007f458a190000, 0x00007f4fc30a0000)
  eden space 1490624K,   0% used [0x00007f4518600000, 0x00007f4518600000, 0x00007f45735b0000)
  from space 186304K,  41% used [0x00007f457eba0000, 0x00007f45837e97c0, 0x00007f458a190000)
  to   space 186304K,   0% used [0x00007f45735b0000, 0x00007f45735b0000, 0x00007f457eba0000)
 tenured generation   total 3726396K, used 3678861K [0x00007f4fc30a0000, 0x00007f50a67af000, 0x00007f6518600000)
   the space 3726396K,  98% used [0x00007f4fc30a0000, 0x00007f50a39435e8, 0x00007f50a3943600, 0x00007f50a67af000)
 Metaspace       used 24228K, capacity 24645K, committed 24832K, reserved 26624K
}
Event: 1136.198 GC heap before
{Heap before GC invocations=1217 (full 5):
 def new generation   total 1676928K, used 1568741K [0x00007f4518600000, 0x00007f458a190000, 0x00007f4fc30a0000)
  eden space 1490624K, 100% used [0x00007f4518600000, 0x00007f45735b0000, 0x00007f45735b0000)
  from space 186304K,  41% used [0x00007f457eba0000, 0x00007f45837e97c0, 0x00007f458a190000)
  to   space 186304K,   0% used [0x00007f45735b0000, 0x00007f45735b0000, 0x00007f457eba0000)
 tenured generation   total 3726396K, used 3678861K [0x00007f4fc30a0000, 0x00007f50a67af000, 0x00007f6518600000)
   the space 3726396K,  98% used [0x00007f4fc30a0000, 0x00007f50a39435e8, 0x00007f50a3943600, 0x00007f50a67af000)
 Metaspace       used 24228K, capacity 24645K, committed 24832K, reserved 26624K
}
Event: 1136.255 GC heap after
{Heap after GC invocations=1218 (full 5):
 def new generation   total 1676928K, used 84778K [0x00007f4518600000, 0x00007f458a190000, 0x00007f4fc30a0000)
  eden space 1490624K,   0% used [0x00007f4518600000, 0x00007f4518600000, 0x00007f45735b0000)
  from space 186304K,  45% used [0x00007f45735b0000, 0x00007f457887a928, 0x00007f457eba0000)
  to   space 186304K,   0% used [0x00007f457eba0000, 0x00007f457eba0000, 0x00007f458a190000)
 tenured generation   total 3726396K, used 3678861K [0x00007f4fc30a0000, 0x00007f50a67af000, 0x00007f6518600000)
   the space 3726396K,  98% used [0x00007f4fc30a0000, 0x00007f50a39435e8, 0x00007f50a3943600, 0x00007f50a67af000)
 Metaspace       used 24228K, capacity 24645K, committed 24832K, reserved 26624K
}
Event: 1137.835 GC heap before
{Heap before GC invocations=1218 (full 5):
 def new generation   total 1676928K, used 1575402K [0x00007f4518600000, 0x00007f458a190000, 0x00007f4fc30a0000)
  eden space 1490624K, 100% used [0x00007f4518600000, 0x00007f45735b0000, 0x00007f45735b0000)
  from space 186304K,  45% used [0x00007f45735b0000, 0x00007f457887a928, 0x00007f457eba0000)
  to   space 186304K,   0% used [0x00007f457eba0000, 0x00007f457eba0000, 0x00007f458a190000)
 tenured generation   total 3726396K, used 3678861K [0x00007f4fc30a0000, 0x00007f50a67af000, 0x00007f6518600000)
   the space 3726396K,  98% used [0x00007f4fc30a0000, 0x00007f50a39435e8, 0x00007f50a3943600, 0x00007f50a67af000)
 Metaspace       used 24228K, capacity 24645K, committed 24832K, reserved 26624K
}
Event: 1137.933 GC heap after
{Heap after GC invocations=1219 (full 5):
 def new generation   total 1676928K, used 89423K [0x00007f4518600000, 0x00007f458a190000, 0x00007f4fc30a0000)
  eden space 1490624K,   0% used [0x00007f4518600000, 0x00007f4518600000, 0x00007f45735b0000)
  from space 186304K,  47% used [0x00007f457eba0000, 0x00007f45842f3e38, 0x00007f458a190000)
  to   space 186304K,   0% used [0x00007f45735b0000, 0x00007f45735b0000, 0x00007f457eba0000)
 tenured generation   total 3726396K, used 3678861K [0x00007f4fc30a0000, 0x00007f50a67af000, 0x00007f6518600000)
   the space 3726396K,  98% used [0x00007f4fc30a0000, 0x00007f50a39435e8, 0x00007f50a3943600, 0x00007f50a67af000)
 Metaspace       used 24228K, capacity 24645K, committed 24832K, reserved 26624K
}
Event: 1139.852 GC heap before
{Heap before GC invocations=1219 (full 5):
 def new generation   total 1676928K, used 1580047K [0x00007f4518600000, 0x00007f458a190000, 0x00007f4fc30a0000)
  eden space 1490624K, 100% used [0x00007f4518600000, 0x00007f45735b0000, 0x00007f45735b0000)
  from space 186304K,  47% used [0x00007f457eba0000, 0x00007f45842f3e38, 0x00007f458a190000)
  to   space 186304K,   0% used [0x00007f45735b0000, 0x00007f45735b0000, 0x00007f457eba0000)
 tenured generation   total 3726396K, used 3678861K [0x00007f4fc30a0000, 0x00007f50a67af000, 0x00007f6518600000)
   the space 3726396K,  98% used [0x00007f4fc30a0000, 0x00007f50a39435e8, 0x00007f50a3943600, 0x00007f50a67af000)
 Metaspace       used 24228K, capacity 24645K, committed 24832K, reserved 26624K
}
Event: 1139.934 GC heap after
{Heap after GC invocations=1220 (full 5):
 def new generation   total 1676928K, used 99176K [0x00007f4518600000, 0x00007f458a190000, 0x00007f4fc30a0000)
  eden space 1490624K,   0% used [0x00007f4518600000, 0x00007f4518600000, 0x00007f45735b0000)
  from space 186304K,  53% used [0x00007f45735b0000, 0x00007f457968a288, 0x00007f457eba0000)
  to   space 186304K,   0% used [0x00007f457eba0000, 0x00007f457eba0000, 0x00007f458a190000)
 tenured generation   total 3726396K, used 3678861K [0x00007f4fc30a0000, 0x00007f50a67af000, 0x00007f6518600000)
   the space 3726396K,  98% used [0x00007f4fc30a0000, 0x00007f50a39435e8, 0x00007f50a3943600, 0x00007f50a67af000)
 Metaspace       used 24228K, capacity 24645K, committed 24832K, reserved 26624K
}
Event: 1141.341 GC heap before
{Heap before GC invocations=1220 (full 5):
 def new generation   total 1676928K, used 1586701K [0x00007f4518600000, 0x00007f458a190000, 0x00007f4fc30a0000)
  eden space 1490624K,  99% used [0x00007f4518600000, 0x00007f45732a9188, 0x00007f45735b0000)
  from space 186304K,  53% used [0x00007f45735b0000, 0x00007f457968a288, 0x00007f457eba0000)
  to   space 186304K,   0% used [0x00007f457eba0000, 0x00007f457eba0000, 0x00007f458a190000)
 tenured generation   total 3726396K, used 3678861K [0x00007f4fc30a0000, 0x00007f50a67af000, 0x00007f6518600000)
   the space 3726396K,  98% used [0x00007f4fc30a0000, 0x00007f50a39435e8, 0x00007f50a3943600, 0x00007f50a67af000)
 Metaspace       used 24228K, capacity 24645K, committed 24832K, reserved 26624K
}
Event: 1141.449 GC heap after
{Heap after GC invocations=1221 (full 5):
 def new generation   total 1676928K, used 101710K [0x00007f4518600000, 0x00007f458a190000, 0x00007f4fc30a0000)
  eden space 1490624K,   0% used [0x00007f4518600000, 0x00007f4518600000, 0x00007f45735b0000)
  from space 186304K,  54% used [0x00007f457eba0000, 0x00007f4584ef38b8, 0x00007f458a190000)
  to   space 186304K,   0% used [0x00007f45735b0000, 0x00007f45735b0000, 0x00007f457eba0000)
 tenured generation   total 3726396K, used 3695820K [0x00007f4fc30a0000, 0x00007f50a67af000, 0x00007f6518600000)
   the space 3726396K,  99% used [0x00007f4fc30a0000, 0x00007f50a49d30d0, 0x00007f50a49d3200, 0x00007f50a67af000)
 Metaspace       used 24228K, capacity 24645K, committed 24832K, reserved 26624K
}
Event: 1143.445 GC heap before
{Heap before GC invocations=1221 (full 5):
 def new generation   total 1676928K, used 1592334K [0x00007f4518600000, 0x00007f458a190000, 0x00007f4fc30a0000)
  eden space 1490624K, 100% used [0x00007f4518600000, 0x00007f45735b0000, 0x00007f45735b0000)
  from space 186304K,  54% used [0x00007f457eba0000, 0x00007f4584ef38b8, 0x00007f458a190000)
  to   space 186304K,   0% used [0x00007f45735b0000, 0x00007f45735b0000, 0x00007f457eba0000)
 tenured generation   total 3726396K, used 3695820K [0x00007f4fc30a0000, 0x00007f50a67af000, 0x00007f6518600000)
   the space 3726396K,  99% used [0x00007f4fc30a0000, 0x00007f50a49d30d0, 0x00007f50a49d3200, 0x00007f50a67af000)
 Metaspace       used 24228K, capacity 24645K, committed 24832K, reserved 26624K
}
Event: 1143.548 GC heap after
{Heap after GC invocations=1222 (full 5):
 def new generation   total 1676928K, used 93498K [0x00007f4518600000, 0x00007f458a190000, 0x00007f4fc30a0000)
  eden space 1490624K,   0% used [0x00007f4518600000, 0x00007f4518600000, 0x00007f45735b0000)
  from space 186304K,  50% used [0x00007f45735b0000, 0x00007f45790fe8a0, 0x00007f457eba0000)
  to   space 186304K,   0% used [0x00007f457eba0000, 0x00007f457eba0000, 0x00007f458a190000)
 tenured generation   total 3726396K, used 3712778K [0x00007f4fc30a0000, 0x00007f50a67af000, 0x00007f6518600000)
   the space 3726396K,  99% used [0x00007f4fc30a0000, 0x00007f50a5a62bb8, 0x00007f50a5a62c00, 0x00007f50a67af000)
 Metaspace       used 24228K, capacity 24645K, committed 24832K, reserved 26624K
}
Event: 1145.309 GC heap before
{Heap before GC invocations=1222 (full 5):
 def new generation   total 1676928K, used 1581290K [0x00007f4518600000, 0x00007f458a190000, 0x00007f4fc30a0000)
  eden space 1490624K,  99% used [0x00007f4518600000, 0x00007f45732ec188, 0x00007f45735b0000)
  from space 186304K,  50% used [0x00007f45735b0000, 0x00007f45790fe8a0, 0x00007f457eba0000)
  to   space 186304K,   0% used [0x00007f457eba0000, 0x00007f457eba0000, 0x00007f458a190000)
 tenured generation   total 3726396K, used 3712778K [0x00007f4fc30a0000, 0x00007f50a67af000, 0x00007f6518600000)
   the space 3726396K,  99% used [0x00007f4fc30a0000, 0x00007f50a5a62bb8, 0x00007f50a5a62c00, 0x00007f50a67af000)
 Metaspace       used 24228K, capacity 24645K, committed 24832K, reserved 26624K
}
Event: 1145.405 GC heap after
{Heap after GC invocations=1223 (full 5):
 def new generation   total 1676928K, used 76064K [0x00007f4518600000, 0x00007f458a190000, 0x00007f4fc30a0000)
  eden space 1490624K,   0% used [0x00007f4518600000, 0x00007f4518600000, 0x00007f45735b0000)
  from space 186304K,  40% used [0x00007f457eba0000, 0x00007f45835e8188, 0x00007f458a190000)
  to   space 186304K,   0% used [0x00007f45735b0000, 0x00007f45735b0000, 0x00007f457eba0000)
 tenured generation   total 3742784K, used 3729737K [0x00007f4fc30a0000, 0x00007f50a77b0000, 0x00007f6518600000)
   the space 3742784K,  99% used [0x00007f4fc30a0000, 0x00007f50a6af26a0, 0x00007f50a6af2800, 0x00007f50a77b0000)
 Metaspace       used 24228K, capacity 24645K, committed 24832K, reserved 26624K
}
Event: 1145.405 GC heap before
{Heap before GC invocations=1223 (full 5):
 def new generation   total 1676928K, used 76064K [0x00007f4518600000, 0x00007f458a190000, 0x00007f4fc30a0000)
  eden space 1490624K,   0% used [0x00007f4518600000, 0x00007f4518600000, 0x00007f45735b0000)
  from space 186304K,  40% used [0x00007f457eba0000, 0x00007f45835e8188, 0x00007f458a190000)
  to   space 186304K,   0% used [0x00007f45735b0000, 0x00007f45735b0000, 0x00007f457eba0000)
 tenured generation   total 3742784K, used 3729737K [0x00007f4fc30a0000, 0x00007f50a77b0000, 0x00007f6518600000)
   the space 3742784K,  99% used [0x00007f4fc30a0000, 0x00007f50a6af26a0, 0x00007f50a6af2800, 0x00007f50a77b0000)
 Metaspace       used 24228K, capacity 24645K, committed 24832K, reserved 26624K
}

