# JRE version: OpenJDK Runtime Environment (13.0.7+5) (build 13.0.7+5-Ubuntu-0ubuntu120.04)
# Java VM: OpenJDK 64-Bit Server VM (13.0.7+5-Ubuntu-0ubuntu120.04, mixed mode, tiered, serial gc, linux-amd64)
Heap:
 def new generation   total 4554176K, used 0K [0x00007fcbe4600000, 0x00007fcd19390000, 0x00007fd68f0a0000)
  eden space 4048192K,   0% used [0x00007fcbe4600000, 0x00007fcbe4600000, 0x00007fccdb750000)
  from space 505984K,   0% used [0x00007fccdb750000, 0x00007fccdb750000, 0x00007fccfa570000)
  to   space 505984K,   0% used [0x00007fccfa570000, 0x00007fccfa570000, 0x00007fcd19390000)
 tenured generation   total 10136676K, used 10108396K [0x00007fd68f0a0000, 0x00007fd8f9bb9000, 0x00007febe4600000)
   the space 10136676K,  99% used [0x00007fd68f0a0000, 0x00007fd8f801b110, 0x00007fd8f801b200, 0x00007fd8f9bb9000)
 Metaspace       used 24223K, capacity 24572K, committed 24576K, reserved 24576K
GC Heap History (20 events):
Event: 2870.445 GC heap after
{Heap after GC invocations=1749 (full 7):
 def new generation   total 4554176K, used 229728K [0x00007fcbe4600000, 0x00007fcd19390000, 0x00007fd68f0a0000)
  eden space 4048192K,   0% used [0x00007fcbe4600000, 0x00007fcbe4600000, 0x00007fccdb750000)
  from space 505984K,  45% used [0x00007fccfa570000, 0x00007fcd085c8358, 0x00007fcd19390000)
  to   space 505984K,   0% used [0x00007fccdb750000, 0x00007fccdb750000, 0x00007fccfa570000)
 tenured generation   total 10120288K, used 10014857K [0x00007fd68f0a0000, 0x00007fd8f8bb8000, 0x00007febe4600000)
   the space 10120288K,  98% used [0x00007fd68f0a0000, 0x00007fd8f24c2618, 0x00007fd8f24c2800, 0x00007fd8f8bb8000)
 Metaspace       used 24223K, capacity 24572K, committed 24576K, reserved 24576K
}
Event: 2874.863 GC heap before
{Heap before GC invocations=1749 (full 7):
 def new generation   total 4554176K, used 4273363K [0x00007fcbe4600000, 0x00007fcd19390000, 0x00007fd68f0a0000)
  eden space 4048192K,  99% used [0x00007fcbe4600000, 0x00007fccdb2dca88, 0x00007fccdb750000)
  from space 505984K,  45% used [0x00007fccfa570000, 0x00007fcd085c8358, 0x00007fcd19390000)
  to   space 505984K,   0% used [0x00007fccdb750000, 0x00007fccdb750000, 0x00007fccfa570000)
 tenured generation   total 10120288K, used 10014857K [0x00007fd68f0a0000, 0x00007fd8f8bb8000, 0x00007febe4600000)
   the space 10120288K,  98% used [0x00007fd68f0a0000, 0x00007fd8f24c2618, 0x00007fd8f24c2800, 0x00007fd8f8bb8000)
 Metaspace       used 24223K, capacity 24572K, committed 24576K, reserved 24576K
}
Event: 2875.043 GC heap after
{Heap after GC invocations=1750 (full 7):
 def new generation   total 4554176K, used 240487K [0x00007fcbe4600000, 0x00007fcd19390000, 0x00007fd68f0a0000)
  eden space 4048192K,   0% used [0x00007fcbe4600000, 0x00007fcbe4600000, 0x00007fccdb750000)
  from space 505984K,  47% used [0x00007fccdb750000, 0x00007fccea229c08, 0x00007fccfa570000)
  to   space 505984K,   0% used [0x00007fccfa570000, 0x00007fccfa570000, 0x00007fcd19390000)
 tenured generation   total 10120288K, used 10031816K [0x00007fd68f0a0000, 0x00007fd8f8bb8000, 0x00007febe4600000)
   the space 10120288K,  99% used [0x00007fd68f0a0000, 0x00007fd8f3552220, 0x00007fd8f3552400, 0x00007fd8f8bb8000)
 Metaspace       used 24223K, capacity 24572K, committed 24576K, reserved 24576K
}
Event: 2879.342 GC heap before
{Heap before GC invocations=1750 (full 7):
 def new generation   total 4554176K, used 4288679K [0x00007fcbe4600000, 0x00007fcd19390000, 0x00007fd68f0a0000)
  eden space 4048192K, 100% used [0x00007fcbe4600000, 0x00007fccdb750000, 0x00007fccdb750000)
  from space 505984K,  47% used [0x00007fccdb750000, 0x00007fccea229c08, 0x00007fccfa570000)
  to   space 505984K,   0% used [0x00007fccfa570000, 0x00007fccfa570000, 0x00007fcd19390000)
 tenured generation   total 10120288K, used 10031816K [0x00007fd68f0a0000, 0x00007fd8f8bb8000, 0x00007febe4600000)
   the space 10120288K,  99% used [0x00007fd68f0a0000, 0x00007fd8f3552220, 0x00007fd8f3552400, 0x00007fd8f8bb8000)
 Metaspace       used 24223K, capacity 24572K, committed 24576K, reserved 24576K
}
Event: 2879.581 GC heap after
{Heap after GC invocations=1751 (full 7):
 def new generation   total 4554176K, used 220461K [0x00007fcbe4600000, 0x00007fcd19390000, 0x00007fd68f0a0000)
  eden space 4048192K,   0% used [0x00007fcbe4600000, 0x00007fcbe4600000, 0x00007fccdb750000)
  from space 505984K,  43% used [0x00007fccfa570000, 0x00007fcd07cbb570, 0x00007fcd19390000)
  to   space 505984K,   0% used [0x00007fccdb750000, 0x00007fccdb750000, 0x00007fccfa570000)
 tenured generation   total 10120288K, used 10048775K [0x00007fd68f0a0000, 0x00007fd8f8bb8000, 0x00007febe4600000)
   the space 10120288K,  99% used [0x00007fd68f0a0000, 0x00007fd8f45e1e28, 0x00007fd8f45e2000, 0x00007fd8f8bb8000)
 Metaspace       used 24223K, capacity 24572K, committed 24576K, reserved 24576K
}
Event: 2884.219 GC heap before
{Heap before GC invocations=1751 (full 7):
 def new generation   total 4554176K, used 4268653K [0x00007fcbe4600000, 0x00007fcd19390000, 0x00007fd68f0a0000)
  eden space 4048192K, 100% used [0x00007fcbe4600000, 0x00007fccdb750000, 0x00007fccdb750000)
  from space 505984K,  43% used [0x00007fccfa570000, 0x00007fcd07cbb570, 0x00007fcd19390000)
  to   space 505984K,   0% used [0x00007fccdb750000, 0x00007fccdb750000, 0x00007fccfa570000)
 tenured generation   total 10120288K, used 10048775K [0x00007fd68f0a0000, 0x00007fd8f8bb8000, 0x00007febe4600000)
   the space 10120288K,  99% used [0x00007fd68f0a0000, 0x00007fd8f45e1e28, 0x00007fd8f45e2000, 0x00007fd8f8bb8000)
 Metaspace       used 24223K, capacity 24572K, committed 24576K, reserved 24576K
}
Event: 2884.443 GC heap after
{Heap after GC invocations=1752 (full 7):
 def new generation   total 4554176K, used 220450K [0x00007fcbe4600000, 0x00007fcd19390000, 0x00007fd68f0a0000)
  eden space 4048192K,   0% used [0x00007fcbe4600000, 0x00007fcbe4600000, 0x00007fccdb750000)
  from space 505984K,  43% used [0x00007fccdb750000, 0x00007fcce8e989a8, 0x00007fccfa570000)
  to   space 505984K,   0% used [0x00007fccfa570000, 0x00007fccfa570000, 0x00007fcd19390000)
 tenured generation   total 10120288K, used 10065734K [0x00007fd68f0a0000, 0x00007fd8f8bb8000, 0x00007febe4600000)
   the space 10120288K,  99% used [0x00007fd68f0a0000, 0x00007fd8f5671a30, 0x00007fd8f5671c00, 0x00007fd8f8bb8000)
 Metaspace       used 24223K, capacity 24572K, committed 24576K, reserved 24576K
}
Event: 2888.905 GC heap before
{Heap before GC invocations=1752 (full 7):
 def new generation   total 4554176K, used 4268642K [0x00007fcbe4600000, 0x00007fcd19390000, 0x00007fd68f0a0000)
  eden space 4048192K, 100% used [0x00007fcbe4600000, 0x00007fccdb750000, 0x00007fccdb750000)
  from space 505984K,  43% used [0x00007fccdb750000, 0x00007fcce8e989a8, 0x00007fccfa570000)
  to   space 505984K,   0% used [0x00007fccfa570000, 0x00007fccfa570000, 0x00007fcd19390000)
 tenured generation   total 10120288K, used 10065734K [0x00007fd68f0a0000, 0x00007fd8f8bb8000, 0x00007febe4600000)
   the space 10120288K,  99% used [0x00007fd68f0a0000, 0x00007fd8f5671a30, 0x00007fd8f5671c00, 0x00007fd8f8bb8000)
 Metaspace       used 24223K, capacity 24572K, committed 24576K, reserved 24576K
}
Event: 2889.055 GC heap after
{Heap after GC invocations=1753 (full 7):
 def new generation   total 4554176K, used 231271K [0x00007fcbe4600000, 0x00007fcd19390000, 0x00007fd68f0a0000)
  eden space 4048192K,   0% used [0x00007fcbe4600000, 0x00007fcbe4600000, 0x00007fccdb750000)
  from space 505984K,  45% used [0x00007fccfa570000, 0x00007fcd08749de8, 0x00007fcd19390000)
  to   space 505984K,   0% used [0x00007fccdb750000, 0x00007fccdb750000, 0x00007fccfa570000)
 tenured generation   total 10120288K, used 10065734K [0x00007fd68f0a0000, 0x00007fd8f8bb8000, 0x00007febe4600000)
   the space 10120288K,  99% used [0x00007fd68f0a0000, 0x00007fd8f5671a30, 0x00007fd8f5671c00, 0x00007fd8f8bb8000)
 Metaspace       used 24223K, capacity 24572K, committed 24576K, reserved 24576K
}
Event: 2893.179 GC heap before
{Heap before GC invocations=1753 (full 7):
 def new generation   total 4554176K, used 4279463K [0x00007fcbe4600000, 0x00007fcd19390000, 0x00007fd68f0a0000)
  eden space 4048192K, 100% used [0x00007fcbe4600000, 0x00007fccdb750000, 0x00007fccdb750000)
  from space 505984K,  45% used [0x00007fccfa570000, 0x00007fcd08749de8, 0x00007fcd19390000)
  to   space 505984K,   0% used [0x00007fccdb750000, 0x00007fccdb750000, 0x00007fccfa570000)
 tenured generation   total 10120288K, used 10065734K [0x00007fd68f0a0000, 0x00007fd8f8bb8000, 0x00007febe4600000)
   the space 10120288K,  99% used [0x00007fd68f0a0000, 0x00007fd8f5671a30, 0x00007fd8f5671c00, 0x00007fd8f8bb8000)
 Metaspace       used 24223K, capacity 24572K, committed 24576K, reserved 24576K
}
Event: 2893.359 GC heap after
{Heap after GC invocations=1754 (full 7):
 def new generation   total 4554176K, used 233852K [0x00007fcbe4600000, 0x00007fcd19390000, 0x00007fd68f0a0000)
  eden space 4048192K,   0% used [0x00007fcbe4600000, 0x00007fcbe4600000, 0x00007fccdb750000)
  from space 505984K,  46% used [0x00007fccdb750000, 0x00007fcce9baf088, 0x00007fccfa570000)
  to   space 505984K,   0% used [0x00007fccfa570000, 0x00007fccfa570000, 0x00007fcd19390000)
 tenured generation   total 10120288K, used 10082694K [0x00007fd68f0a0000, 0x00007fd8f8bb8000, 0x00007febe4600000)
   the space 10120288K,  99% used [0x00007fd68f0a0000, 0x00007fd8f67019b8, 0x00007fd8f6701a00, 0x00007fd8f8bb8000)
 Metaspace       used 24223K, capacity 24572K, committed 24576K, reserved 24576K
}
Event: 2897.545 GC heap before
{Heap before GC invocations=1754 (full 7):
 def new generation   total 4554176K, used 4282044K [0x00007fcbe4600000, 0x00007fcd19390000, 0x00007fd68f0a0000)
  eden space 4048192K, 100% used [0x00007fcbe4600000, 0x00007fccdb750000, 0x00007fccdb750000)
  from space 505984K,  46% used [0x00007fccdb750000, 0x00007fcce9baf088, 0x00007fccfa570000)
  to   space 505984K,   0% used [0x00007fccfa570000, 0x00007fccfa570000, 0x00007fcd19390000)
 tenured generation   total 10120288K, used 10082694K [0x00007fd68f0a0000, 0x00007fd8f8bb8000, 0x00007febe4600000)
   the space 10120288K,  99% used [0x00007fd68f0a0000, 0x00007fd8f67019b8, 0x00007fd8f6701a00, 0x00007fd8f8bb8000)
 Metaspace       used 24223K, capacity 24572K, committed 24576K, reserved 24576K
}
Event: 2897.730 GC heap after
{Heap after GC invocations=1755 (full 7):
 def new generation   total 4554176K, used 220465K [0x00007fcbe4600000, 0x00007fcd19390000, 0x00007fd68f0a0000)
  eden space 4048192K,   0% used [0x00007fcbe4600000, 0x00007fcbe4600000, 0x00007fccdb750000)
  from space 505984K,  43% used [0x00007fccfa570000, 0x00007fcd07cbc728, 0x00007fcd19390000)
  to   space 505984K,   0% used [0x00007fccdb750000, 0x00007fccdb750000, 0x00007fccfa570000)
 tenured generation   total 10120288K, used 10099653K [0x00007fd68f0a0000, 0x00007fd8f8bb8000, 0x00007febe4600000)
   the space 10120288K,  99% used [0x00007fd68f0a0000, 0x00007fd8f77915c0, 0x00007fd8f7791600, 0x00007fd8f8bb8000)
 Metaspace       used 24223K, capacity 24572K, committed 24576K, reserved 24576K
}
Event: 2902.426 GC heap before
{Heap before GC invocations=1755 (full 7):
 def new generation   total 4554176K, used 4268657K [0x00007fcbe4600000, 0x00007fcd19390000, 0x00007fd68f0a0000)
  eden space 4048192K, 100% used [0x00007fcbe4600000, 0x00007fccdb750000, 0x00007fccdb750000)
  from space 505984K,  43% used [0x00007fccfa570000, 0x00007fcd07cbc728, 0x00007fcd19390000)
  to   space 505984K,   0% used [0x00007fccdb750000, 0x00007fccdb750000, 0x00007fccfa570000)
 tenured generation   total 10120288K, used 10099653K [0x00007fd68f0a0000, 0x00007fd8f8bb8000, 0x00007febe4600000)
   the space 10120288K,  99% used [0x00007fd68f0a0000, 0x00007fd8f77915c0, 0x00007fd8f7791600, 0x00007fd8f8bb8000)
 Metaspace       used 24223K, capacity 24572K, committed 24576K, reserved 24576K
}
Event: 2902.587 GC heap after
{Heap after GC invocations=1756 (full 7):
 def new generation   total 4554176K, used 220961K [0x00007fcbe4600000, 0x00007fcd19390000, 0x00007fd68f0a0000)
  eden space 4048192K,   0% used [0x00007fcbe4600000, 0x00007fcbe4600000, 0x00007fccdb750000)
  from space 505984K,  43% used [0x00007fccdb750000, 0x00007fcce8f18788, 0x00007fccfa570000)
  to   space 505984K,   0% used [0x00007fccfa570000, 0x00007fccfa570000, 0x00007fcd19390000)
 tenured generation   total 10120288K, used 10116612K [0x00007fd68f0a0000, 0x00007fd8f8bb8000, 0x00007febe4600000)
   the space 10120288K,  99% used [0x00007fd68f0a0000, 0x00007fd8f88211c8, 0x00007fd8f8821200, 0x00007fd8f8bb8000)
 Metaspace       used 24223K, capacity 24572K, committed 24576K, reserved 24576K
}
Event: 2907.260 GC heap before
{Heap before GC invocations=1756 (full 7):
 def new generation   total 4554176K, used 4269153K [0x00007fcbe4600000, 0x00007fcd19390000, 0x00007fd68f0a0000)
  eden space 4048192K, 100% used [0x00007fcbe4600000, 0x00007fccdb750000, 0x00007fccdb750000)
  from space 505984K,  43% used [0x00007fccdb750000, 0x00007fcce8f18788, 0x00007fccfa570000)
  to   space 505984K,   0% used [0x00007fccfa570000, 0x00007fccfa570000, 0x00007fcd19390000)
 tenured generation   total 10120288K, used 10116612K [0x00007fd68f0a0000, 0x00007fd8f8bb8000, 0x00007febe4600000)
   the space 10120288K,  99% used [0x00007fd68f0a0000, 0x00007fd8f88211c8, 0x00007fd8f8821200, 0x00007fd8f8bb8000)
 Metaspace       used 24223K, capacity 24572K, committed 24576K, reserved 24576K
}
Event: 2907.430 GC heap after
{Heap after GC invocations=1757 (full 7):
 def new generation   total 4554176K, used 234336K [0x00007fcbe4600000, 0x00007fcd19390000, 0x00007fd68f0a0000)
  eden space 4048192K,   0% used [0x00007fcbe4600000, 0x00007fcbe4600000, 0x00007fccdb750000)
  from space 505984K,  46% used [0x00007fccfa570000, 0x00007fcd08a48068, 0x00007fcd19390000)
  to   space 505984K,   0% used [0x00007fccdb750000, 0x00007fccdb750000, 0x00007fccfa570000)
 tenured generation   total 10120288K, used 10116612K [0x00007fd68f0a0000, 0x00007fd8f8bb8000, 0x00007febe4600000)
   the space 10120288K,  99% used [0x00007fd68f0a0000, 0x00007fd8f88211c8, 0x00007fd8f8821200, 0x00007fd8f8bb8000)
 Metaspace       used 24223K, capacity 24572K, committed 24576K, reserved 24576K
}
Event: 2911.878 GC heap before
{Heap before GC invocations=1757 (full 7):
 def new generation   total 4554176K, used 4282528K [0x00007fcbe4600000, 0x00007fcd19390000, 0x00007fd68f0a0000)
  eden space 4048192K, 100% used [0x00007fcbe4600000, 0x00007fccdb750000, 0x00007fccdb750000)
  from space 505984K,  46% used [0x00007fccfa570000, 0x00007fcd08a48068, 0x00007fcd19390000)
  to   space 505984K,   0% used [0x00007fccdb750000, 0x00007fccdb750000, 0x00007fccfa570000)
 tenured generation   total 10120288K, used 10116612K [0x00007fd68f0a0000, 0x00007fd8f8bb8000, 0x00007febe4600000)
   the space 10120288K,  99% used [0x00007fd68f0a0000, 0x00007fd8f88211c8, 0x00007fd8f8821200, 0x00007fd8f8bb8000)
 Metaspace       used 24223K, capacity 24572K, committed 24576K, reserved 24576K
}
Event: 2912.049 GC heap after
{Heap after GC invocations=1758 (full 7):
 def new generation   total 4554176K, used 229707K [0x00007fcbe4600000, 0x00007fcd19390000, 0x00007fd68f0a0000)
  eden space 4048192K,   0% used [0x00007fcbe4600000, 0x00007fcbe4600000, 0x00007fccdb750000)
  from space 505984K,  45% used [0x00007fccdb750000, 0x00007fcce97a2ef0, 0x00007fccfa570000)
  to   space 505984K,   0% used [0x00007fccfa570000, 0x00007fccfa570000, 0x00007fcd19390000)
 tenured generation   total 10136676K, used 10133571K [0x00007fd68f0a0000, 0x00007fd8f9bb9000, 0x00007febe4600000)
   the space 10136676K,  99% used [0x00007fd68f0a0000, 0x00007fd8f98b0dd0, 0x00007fd8f98b0e00, 0x00007fd8f9bb9000)
 Metaspace       used 24223K, capacity 24572K, committed 24576K, reserved 24576K
}
Event: 2912.049 GC heap before
{Heap before GC invocations=1758 (full 7):
 def new generation   total 4554176K, used 229707K [0x00007fcbe4600000, 0x00007fcd19390000, 0x00007fd68f0a0000)
  eden space 4048192K,   0% used [0x00007fcbe4600000, 0x00007fcbe4600000, 0x00007fccdb750000)
  from space 505984K,  45% used [0x00007fccdb750000, 0x00007fcce97a2ef0, 0x00007fccfa570000)
  to   space 505984K,   0% used [0x00007fccfa570000, 0x00007fccfa570000, 0x00007fcd19390000)
 tenured generation   total 10136676K, used 10133571K [0x00007fd68f0a0000, 0x00007fd8f9bb9000, 0x00007febe4600000)
   the space 10136676K,  99% used [0x00007fd68f0a0000, 0x00007fd8f98b0dd0, 0x00007fd8f98b0e00, 0x00007fd8f9bb9000)
 Metaspace       used 24223K, capacity 24572K, committed 24576K, reserved 24576K
}

