# JRE version: OpenJDK Runtime Environment (13.0.7+5) (build 13.0.7+5-Ubuntu-0ubuntu120.04)
# Java VM: OpenJDK 64-Bit Server VM (13.0.7+5-Ubuntu-0ubuntu120.04, mixed mode, tiered, serial gc, linux-amd64)
Heap:
 def new generation   total 797504K, used 0K [0x00007f6c88600000, 0x00007f6cbe750000, 0x00007f71ddb50000)
  eden space 708928K,   0% used [0x00007f6c88600000, 0x00007f6c88600000, 0x00007f6cb3a50000)
  from space 88576K,   0% used [0x00007f6cb90d0000, 0x00007f6cb90d0000, 0x00007f6cbe750000)
  to   space 88576K,   0% used [0x00007f6cb3a50000, 0x00007f6cb3a50000, 0x00007f6cb90d0000)
 tenured generation   total 10160704K, used 8403286K [0x00007f71ddb50000, 0x00007f7449de0000, 0x00007f7c88600000)
   the space 10160704K,  82% used [0x00007f71ddb50000, 0x00007f73de9a58d0, 0x00007f73de9a5a00, 0x00007f7449de0000)
 Metaspace       used 23219K, capacity 23604K, committed 23808K, reserved 24576K
GC Heap History (13 events):
Event: 2.713 GC heap before
{Heap before GC invocations=0 (full 0):
 def new generation   total 629120K, used 100665K [0x00007f6c88600000, 0x00007f6cb30a0000, 0x00007f71ddb50000)
  eden space 559232K,  18% used [0x00007f6c88600000, 0x00007f6c8e84e498, 0x00007f6caa820000)
  from space 69888K,   0% used [0x00007f6caa820000, 0x00007f6caa820000, 0x00007f6caec60000)
  to   space 69888K,   0% used [0x00007f6caec60000, 0x00007f6caec60000, 0x00007f6cb30a0000)
 tenured generation   total 1398144K, used 0K [0x00007f71ddb50000, 0x00007f72330b0000, 0x00007f7c88600000)
   the space 1398144K,   0% used [0x00007f71ddb50000, 0x00007f71ddb50000, 0x00007f71ddb50200, 0x00007f72330b0000)
 Metaspace       used 20892K, capacity 21207K, committed 21248K, reserved 22528K
}
Event: 2.754 GC heap after
{Heap after GC invocations=1 (full 1):
 def new generation   total 629248K, used 0K [0x00007f6c88600000, 0x00007f6cb30c0000, 0x00007f71ddb50000)
  eden space 559360K,   0% used [0x00007f6c88600000, 0x00007f6c88600000, 0x00007f6caa840000)
  from space 69888K,   0% used [0x00007f6caa840000, 0x00007f6caa840000, 0x00007f6caec80000)
  to   space 69888K,   0% used [0x00007f6caec80000, 0x00007f6caec80000, 0x00007f6cb30c0000)
 tenured generation   total 1398144K, used 13579K [0x00007f71ddb50000, 0x00007f72330b0000, 0x00007f7c88600000)
   the space 1398144K,   0% used [0x00007f71ddb50000, 0x00007f71de892e80, 0x00007f71de893000, 0x00007f72330b0000)
 Metaspace       used 20892K, capacity 21207K, committed 21248K, reserved 22528K
}
Event: 4.588 GC heap before
{Heap before GC invocations=1 (full 1):
 def new generation   total 629248K, used 552641K [0x00007f6c88600000, 0x00007f6cb30c0000, 0x00007f71ddb50000)
  eden space 559360K,  98% used [0x00007f6c88600000, 0x00007f6caa1b0668, 0x00007f6caa840000)
  from space 69888K,   0% used [0x00007f6caa840000, 0x00007f6caa840000, 0x00007f6caec80000)
  to   space 69888K,   0% used [0x00007f6caec80000, 0x00007f6caec80000, 0x00007f6cb30c0000)
 tenured generation   total 1398144K, used 13579K [0x00007f71ddb50000, 0x00007f72330b0000, 0x00007f7c88600000)
   the space 1398144K,   0% used [0x00007f71ddb50000, 0x00007f71de892e80, 0x00007f71de893000, 0x00007f72330b0000)
 Metaspace       used 23216K, capacity 23604K, committed 23808K, reserved 24576K
}
Event: 4.597 GC heap after
{Heap after GC invocations=2 (full 1):
 def new generation   total 629248K, used 17503K [0x00007f6c88600000, 0x00007f6cb30c0000, 0x00007f71ddb50000)
  eden space 559360K,   0% used [0x00007f6c88600000, 0x00007f6c88600000, 0x00007f6caa840000)
  from space 69888K,  25% used [0x00007f6caec80000, 0x00007f6cafd97c98, 0x00007f6cb30c0000)
  to   space 69888K,   0% used [0x00007f6caa840000, 0x00007f6caa840000, 0x00007f6caec80000)
 tenured generation   total 1398144K, used 13579K [0x00007f71ddb50000, 0x00007f72330b0000, 0x00007f7c88600000)
   the space 1398144K,   0% used [0x00007f71ddb50000, 0x00007f71de892e80, 0x00007f71de893000, 0x00007f72330b0000)
 Metaspace       used 23216K, capacity 23604K, committed 23808K, reserved 24576K
}
Event: 4.931 GC heap before
{Heap before GC invocations=2 (full 1):
 def new generation   total 629248K, used 574700K [0x00007f6c88600000, 0x00007f6cb30c0000, 0x00007f71ddb50000)
  eden space 559360K,  99% used [0x00007f6c88600000, 0x00007f6caa623658, 0x00007f6caa840000)
  from space 69888K,  25% used [0x00007f6caec80000, 0x00007f6cafd97c98, 0x00007f6cb30c0000)
  to   space 69888K,   0% used [0x00007f6caa840000, 0x00007f6caa840000, 0x00007f6caec80000)
 tenured generation   total 1398144K, used 13579K [0x00007f71ddb50000, 0x00007f72330b0000, 0x00007f7c88600000)
   the space 1398144K,   0% used [0x00007f71ddb50000, 0x00007f71de892e80, 0x00007f71de893000, 0x00007f72330b0000)
 Metaspace       used 23219K, capacity 23604K, committed 23808K, reserved 24576K
}
Event: 5.066 GC heap after
{Heap after GC invocations=3 (full 1):
 def new generation   total 629248K, used 1107K [0x00007f6c88600000, 0x00007f6cb30c0000, 0x00007f71ddb50000)
  eden space 559360K,   0% used [0x00007f6c88600000, 0x00007f6c88600000, 0x00007f6caa840000)
  from space 69888K,   1% used [0x00007f6caa840000, 0x00007f6caa954ea8, 0x00007f6caec80000)
  to   space 69888K,   0% used [0x00007f6caec80000, 0x00007f6caec80000, 0x00007f6cb30c0000)
 tenured generation   total 1398144K, used 537867K [0x00007f71ddb50000, 0x00007f72330b0000, 0x00007f7c88600000)
   the space 1398144K,  38% used [0x00007f71ddb50000, 0x00007f71fe892e98, 0x00007f71fe893000, 0x00007f72330b0000)
 Metaspace       used 23219K, capacity 23604K, committed 23808K, reserved 24576K
}
Event: 5.233 GC heap before
{Heap before GC invocations=3 (full 1):
 def new generation   total 629248K, used 536313K [0x00007f6c88600000, 0x00007f6cb30c0000, 0x00007f71ddb50000)
  eden space 559360K,  95% used [0x00007f6c88600000, 0x00007f6ca90a95c8, 0x00007f6caa840000)
  from space 69888K,   1% used [0x00007f6caa840000, 0x00007f6caa954ea8, 0x00007f6caec80000)
  to   space 69888K,   0% used [0x00007f6caec80000, 0x00007f6caec80000, 0x00007f6cb30c0000)
 tenured generation   total 1398144K, used 537867K [0x00007f71ddb50000, 0x00007f72330b0000, 0x00007f7c88600000)
   the space 1398144K,  38% used [0x00007f71ddb50000, 0x00007f71fe892e98, 0x00007f71fe893000, 0x00007f72330b0000)
 Metaspace       used 23219K, capacity 23604K, committed 23808K, reserved 24576K
}
Event: 5.647 GC heap after
{Heap after GC invocations=4 (full 1):
 def new generation   total 629248K, used 1108K [0x00007f6c88600000, 0x00007f6cb30c0000, 0x00007f71ddb50000)
  eden space 559360K,   0% used [0x00007f6c88600000, 0x00007f6c88600000, 0x00007f6caa840000)
  from space 69888K,   1% used [0x00007f6caec80000, 0x00007f6caed95138, 0x00007f6cb30c0000)
  to   space 69888K,   0% used [0x00007f6caa840000, 0x00007f6caa840000, 0x00007f6caec80000)
 tenured generation   total 1398144K, used 1062155K [0x00007f71ddb50000, 0x00007f72330b0000, 0x00007f7c88600000)
   the space 1398144K,  75% used [0x00007f71ddb50000, 0x00007f721e892eb0, 0x00007f721e893000, 0x00007f72330b0000)
 Metaspace       used 23219K, capacity 23604K, committed 23808K, reserved 24576K
}
Event: 5.647 GC heap before
{Heap before GC invocations=4 (full 1):
 def new generation   total 629248K, used 1108K [0x00007f6c88600000, 0x00007f6cb30c0000, 0x00007f71ddb50000)
  eden space 559360K,   0% used [0x00007f6c88600000, 0x00007f6c88600000, 0x00007f6caa840000)
  from space 69888K,   1% used [0x00007f6caec80000, 0x00007f6caed95138, 0x00007f6cb30c0000)
  to   space 69888K,   0% used [0x00007f6caa840000, 0x00007f6caa840000, 0x00007f6caec80000)
 tenured generation   total 1398144K, used 1062155K [0x00007f71ddb50000, 0x00007f72330b0000, 0x00007f7c88600000)
   the space 1398144K,  75% used [0x00007f71ddb50000, 0x00007f721e892eb0, 0x00007f721e893000, 0x00007f72330b0000)
 Metaspace       used 23219K, capacity 23604K, committed 23808K, reserved 24576K
}
Event: 5.711 GC heap after
{Heap after GC invocations=4 (full 2):
 def new generation   total 797504K, used 0K [0x00007f6c88600000, 0x00007f6cbe750000, 0x00007f71ddb50000)
  eden space 708928K,   0% used [0x00007f6c88600000, 0x00007f6c88600000, 0x00007f6cb3a50000)
  from space 88576K,   0% used [0x00007f6cb3a50000, 0x00007f6cb3a50000, 0x00007f6cb90d0000)
  to   space 88576K,   0% used [0x00007f6cb90d0000, 0x00007f6cb90d0000, 0x00007f6cbe750000)
 tenured generation   total 1772092K, used 1063254K [0x00007f71ddb50000, 0x00007f7249ddf000, 0x00007f7c88600000)
   the space 1772092K,  59% used [0x00007f71ddb50000, 0x00007f721e9a5bd0, 0x00007f721e9a5c00, 0x00007f7249ddf000)
 Metaspace       used 23219K, capacity 23604K, committed 23808K, reserved 24576K
}
Event: 21.752 GC heap before
{Heap before GC invocations=4 (full 2):
 def new generation   total 797504K, used 13855K [0x00007f6c88600000, 0x00007f6cbe750000, 0x00007f71ddb50000)
  eden space 708928K,   1% used [0x00007f6c88600000, 0x00007f6c89387e30, 0x00007f6cb3a50000)
  from space 88576K,   0% used [0x00007f6cb3a50000, 0x00007f6cb3a50000, 0x00007f6cb90d0000)
  to   space 88576K,   0% used [0x00007f6cb90d0000, 0x00007f6cb90d0000, 0x00007f6cbe750000)
 tenured generation   total 10160704K, used 9451862K [0x00007f71ddb50000, 0x00007f7449de0000, 0x00007f7c88600000)
   the space 10160704K,  93% used [0x00007f71ddb50000, 0x00007f741e9a5be8, 0x00007f741e9a5c00, 0x00007f7449de0000)
 Metaspace       used 23219K, capacity 23604K, committed 23808K, reserved 24576K
}
Event: 21.762 GC heap after
{Heap after GC invocations=5 (full 2):
 def new generation   total 797504K, used 0K [0x00007f6c88600000, 0x00007f6cbe750000, 0x00007f71ddb50000)
  eden space 708928K,   0% used [0x00007f6c88600000, 0x00007f6c88600000, 0x00007f6cb3a50000)
  from space 88576K,   0% used [0x00007f6cb90d0000, 0x00007f6cb90d0278, 0x00007f6cbe750000)
  to   space 88576K,   0% used [0x00007f6cb3a50000, 0x00007f6cb3a50000, 0x00007f6cb90d0000)
 tenured generation   total 10160704K, used 9451862K [0x00007f71ddb50000, 0x00007f7449de0000, 0x00007f7c88600000)
   the space 10160704K,  93% used [0x00007f71ddb50000, 0x00007f741e9a5be8, 0x00007f741e9a5c00, 0x00007f7449de0000)
 Metaspace       used 23219K, capacity 23604K, committed 23808K, reserved 24576K
}
Event: 21.762 GC heap before
{Heap before GC invocations=5 (full 2):
 def new generation   total 797504K, used 0K [0x00007f6c88600000, 0x00007f6cbe750000, 0x00007f71ddb50000)
  eden space 708928K,   0% used [0x00007f6c88600000, 0x00007f6c88600000, 0x00007f6cb3a50000)
  from space 88576K,   0% used [0x00007f6cb90d0000, 0x00007f6cb90d0278, 0x00007f6cbe750000)
  to   space 88576K,   0% used [0x00007f6cb3a50000, 0x00007f6cb3a50000, 0x00007f6cb90d0000)
 tenured generation   total 10160704K, used 9451862K [0x00007f71ddb50000, 0x00007f7449de0000, 0x00007f7c88600000)
   the space 10160704K,  93% used [0x00007f71ddb50000, 0x00007f741e9a5be8, 0x00007f741e9a5c00, 0x00007f7449de0000)
 Metaspace       used 23219K, capacity 23604K, committed 23808K, reserved 24576K
}

