# JRE version: OpenJDK Runtime Environment (13.0.7+5) (build 13.0.7+5-Ubuntu-0ubuntu120.04)
# Java VM: OpenJDK 64-Bit Server VM (13.0.7+5-Ubuntu-0ubuntu120.04, mixed mode, tiered, serial gc, linux-amd64)
Heap:
 def new generation   total 3153024K, used 0K [0x00007f1f14600000, 0x00007f1fea330000, 0x00007f2469b50000)
  eden space 2802752K,   0% used [0x00007f1f14600000, 0x00007f1f14600000, 0x00007f1fbf710000)
  from space 350272K,   0% used [0x00007f1fbf710000, 0x00007f1fbf710000, 0x00007f1fd4d20000)
  to   space 350272K,   0% used [0x00007f1fd4d20000, 0x00007f1fd4d20000, 0x00007f1fea330000)
 tenured generation   total 7006504K, used 4203900K [0x00007f2469b50000, 0x00007f261559a000, 0x00007f2f14600000)
   the space 7006504K,  59% used [0x00007f2469b50000, 0x00007f256a4af350, 0x00007f256a4af400, 0x00007f261559a000)
 Metaspace       used 23089K, capacity 23469K, committed 23552K, reserved 24576K
GC Heap History (20 events):
Event: 9.700 GC heap before
{Heap before GC invocations=4 (full 1):
 def new generation   total 629248K, used 607737K [0x00007f1f14600000, 0x00007f1f3f0c0000, 0x00007f2469b50000)
  eden space 559360K,  96% used [0x00007f1f14600000, 0x00007f1f3564af50, 0x00007f1f36840000)
  from space 69888K,  95% used [0x00007f1f3ac80000, 0x00007f1f3edb3590, 0x00007f1f3f0c0000)
  to   space 69888K,   0% used [0x00007f1f36840000, 0x00007f1f36840000, 0x00007f1f3ac80000)
 tenured generation   total 1398144K, used 13608K [0x00007f2469b50000, 0x00007f24bf0b0000, 0x00007f2f14600000)
   the space 1398144K,   0% used [0x00007f2469b50000, 0x00007f246a89a190, 0x00007f246a89a200, 0x00007f24bf0b0000)
 Metaspace       used 23052K, capacity 23398K, committed 23552K, reserved 24576K
}
Event: 10.175 GC heap after
{Heap after GC invocations=5 (full 1):
 def new generation   total 629248K, used 0K [0x00007f1f14600000, 0x00007f1f3f0c0000, 0x00007f2469b50000)
  eden space 559360K,   0% used [0x00007f1f14600000, 0x00007f1f14600000, 0x00007f1f36840000)
  from space 69888K,   0% used [0x00007f1f36840000, 0x00007f1f36840198, 0x00007f1f3ac80000)
  to   space 69888K,   0% used [0x00007f1f3ac80000, 0x00007f1f3ac80000, 0x00007f1f3f0c0000)
 tenured generation   total 1398144K, used 571892K [0x00007f2469b50000, 0x00007f24bf0b0000, 0x00007f2f14600000)
   the space 1398144K,  40% used [0x00007f2469b50000, 0x00007f248c9cd3d0, 0x00007f248c9cd400, 0x00007f24bf0b0000)
 Metaspace       used 23052K, capacity 23398K, committed 23552K, reserved 24576K
}
Event: 10.835 GC heap before
{Heap before GC invocations=5 (full 1):
 def new generation   total 629248K, used 559360K [0x00007f1f14600000, 0x00007f1f3f0c0000, 0x00007f2469b50000)
  eden space 559360K, 100% used [0x00007f1f14600000, 0x00007f1f36840000, 0x00007f1f36840000)
  from space 69888K,   0% used [0x00007f1f36840000, 0x00007f1f36840198, 0x00007f1f3ac80000)
  to   space 69888K,   0% used [0x00007f1f3ac80000, 0x00007f1f3ac80000, 0x00007f1f3f0c0000)
 tenured generation   total 1398144K, used 571892K [0x00007f2469b50000, 0x00007f24bf0b0000, 0x00007f2f14600000)
   the space 1398144K,  40% used [0x00007f2469b50000, 0x00007f248c9cd3d0, 0x00007f248c9cd400, 0x00007f24bf0b0000)
 Metaspace       used 23067K, capacity 23464K, committed 23552K, reserved 24576K
}
Event: 11.150 GC heap after
{Heap after GC invocations=6 (full 1):
 def new generation   total 629248K, used 526K [0x00007f1f14600000, 0x00007f1f3f0c0000, 0x00007f2469b50000)
  eden space 559360K,   0% used [0x00007f1f14600000, 0x00007f1f14600000, 0x00007f1f36840000)
  from space 69888K,   0% used [0x00007f1f3ac80000, 0x00007f1f3ad03860, 0x00007f1f3f0c0000)
  to   space 69888K,   0% used [0x00007f1f36840000, 0x00007f1f36840000, 0x00007f1f3ac80000)
 tenured generation   total 1398144K, used 834036K [0x00007f2469b50000, 0x00007f24bf0b0000, 0x00007f2f14600000)
   the space 1398144K,  59% used [0x00007f2469b50000, 0x00007f249c9cd3e8, 0x00007f249c9cd400, 0x00007f24bf0b0000)
 Metaspace       used 23067K, capacity 23464K, committed 23552K, reserved 24576K
}
Event: 11.902 GC heap before
{Heap before GC invocations=6 (full 1):
 def new generation   total 629248K, used 559886K [0x00007f1f14600000, 0x00007f1f3f0c0000, 0x00007f2469b50000)
  eden space 559360K, 100% used [0x00007f1f14600000, 0x00007f1f36840000, 0x00007f1f36840000)
  from space 69888K,   0% used [0x00007f1f3ac80000, 0x00007f1f3ad03860, 0x00007f1f3f0c0000)
  to   space 69888K,   0% used [0x00007f1f36840000, 0x00007f1f36840000, 0x00007f1f3ac80000)
 tenured generation   total 1398144K, used 834036K [0x00007f2469b50000, 0x00007f24bf0b0000, 0x00007f2f14600000)
   the space 1398144K,  59% used [0x00007f2469b50000, 0x00007f249c9cd3e8, 0x00007f249c9cd400, 0x00007f24bf0b0000)
 Metaspace       used 23069K, capacity 23465K, committed 23552K, reserved 24576K
}
Event: 11.904 GC heap after
{Heap after GC invocations=7 (full 1):
 def new generation   total 629248K, used 408K [0x00007f1f14600000, 0x00007f1f3f0c0000, 0x00007f2469b50000)
  eden space 559360K,   0% used [0x00007f1f14600000, 0x00007f1f14600000, 0x00007f1f36840000)
  from space 69888K,   0% used [0x00007f1f36840000, 0x00007f1f368a6310, 0x00007f1f3ac80000)
  to   space 69888K,   0% used [0x00007f1f3ac80000, 0x00007f1f3ac80000, 0x00007f1f3f0c0000)
 tenured generation   total 1398144K, used 834036K [0x00007f2469b50000, 0x00007f24bf0b0000, 0x00007f2f14600000)
   the space 1398144K,  59% used [0x00007f2469b50000, 0x00007f249c9cd3e8, 0x00007f249c9cd400, 0x00007f24bf0b0000)
 Metaspace       used 23069K, capacity 23465K, committed 23552K, reserved 24576K
}
Event: 12.823 GC heap before
{Heap before GC invocations=7 (full 1):
 def new generation   total 629248K, used 559768K [0x00007f1f14600000, 0x00007f1f3f0c0000, 0x00007f2469b50000)
  eden space 559360K, 100% used [0x00007f1f14600000, 0x00007f1f36840000, 0x00007f1f36840000)
  from space 69888K,   0% used [0x00007f1f36840000, 0x00007f1f368a6310, 0x00007f1f3ac80000)
  to   space 69888K,   0% used [0x00007f1f3ac80000, 0x00007f1f3ac80000, 0x00007f1f3f0c0000)
 tenured generation   total 1398144K, used 834036K [0x00007f2469b50000, 0x00007f24bf0b0000, 0x00007f2f14600000)
   the space 1398144K,  59% used [0x00007f2469b50000, 0x00007f249c9cd3e8, 0x00007f249c9cd400, 0x00007f24bf0b0000)
 Metaspace       used 23069K, capacity 23465K, committed 23552K, reserved 24576K
}
Event: 12.826 GC heap after
{Heap after GC invocations=8 (full 1):
 def new generation   total 629248K, used 694K [0x00007f1f14600000, 0x00007f1f3f0c0000, 0x00007f2469b50000)
  eden space 559360K,   0% used [0x00007f1f14600000, 0x00007f1f14600000, 0x00007f1f36840000)
  from space 69888K,   0% used [0x00007f1f3ac80000, 0x00007f1f3ad2d880, 0x00007f1f3f0c0000)
  to   space 69888K,   0% used [0x00007f1f36840000, 0x00007f1f36840000, 0x00007f1f3ac80000)
 tenured generation   total 1398144K, used 834036K [0x00007f2469b50000, 0x00007f24bf0b0000, 0x00007f2f14600000)
   the space 1398144K,  59% used [0x00007f2469b50000, 0x00007f249c9cd3e8, 0x00007f249c9cd400, 0x00007f24bf0b0000)
 Metaspace       used 23069K, capacity 23465K, committed 23552K, reserved 24576K
}
Event: 13.387 GC heap before
{Heap before GC invocations=8 (full 1):
 def new generation   total 629248K, used 384755K [0x00007f1f14600000, 0x00007f1f3f0c0000, 0x00007f2469b50000)
  eden space 559360K,  68% used [0x00007f1f14600000, 0x00007f1f2bd0f6e8, 0x00007f1f36840000)
  from space 69888K,   0% used [0x00007f1f3ac80000, 0x00007f1f3ad2d880, 0x00007f1f3f0c0000)
  to   space 69888K,   0% used [0x00007f1f36840000, 0x00007f1f36840000, 0x00007f1f3ac80000)
 tenured generation   total 1398144K, used 834036K [0x00007f2469b50000, 0x00007f24bf0b0000, 0x00007f2f14600000)
   the space 1398144K,  59% used [0x00007f2469b50000, 0x00007f249c9cd3e8, 0x00007f249c9cd400, 0x00007f24bf0b0000)
 Metaspace       used 23089K, capacity 23469K, committed 23552K, reserved 24576K
}
Event: 13.435 GC heap after
{Heap after GC invocations=9 (full 1):
 def new generation   total 629248K, used 33697K [0x00007f1f14600000, 0x00007f1f3f0c0000, 0x00007f2469b50000)
  eden space 559360K,   0% used [0x00007f1f14600000, 0x00007f1f14600000, 0x00007f1f36840000)
  from space 69888K,  48% used [0x00007f1f36840000, 0x00007f1f389287e8, 0x00007f1f3ac80000)
  to   space 69888K,   0% used [0x00007f1f3ac80000, 0x00007f1f3ac80000, 0x00007f1f3f0c0000)
 tenured generation   total 1398144K, used 834036K [0x00007f2469b50000, 0x00007f24bf0b0000, 0x00007f2f14600000)
   the space 1398144K,  59% used [0x00007f2469b50000, 0x00007f249c9cd3e8, 0x00007f249c9cd400, 0x00007f24bf0b0000)
 Metaspace       used 23089K, capacity 23469K, committed 23552K, reserved 24576K
}
Event: 13.435 GC heap before
{Heap before GC invocations=9 (full 1):
 def new generation   total 629248K, used 33697K [0x00007f1f14600000, 0x00007f1f3f0c0000, 0x00007f2469b50000)
  eden space 559360K,   0% used [0x00007f1f14600000, 0x00007f1f14600000, 0x00007f1f36840000)
  from space 69888K,  48% used [0x00007f1f36840000, 0x00007f1f389287e8, 0x00007f1f3ac80000)
  to   space 69888K,   0% used [0x00007f1f3ac80000, 0x00007f1f3ac80000, 0x00007f1f3f0c0000)
 tenured generation   total 1398144K, used 834036K [0x00007f2469b50000, 0x00007f24bf0b0000, 0x00007f2f14600000)
   the space 1398144K,  59% used [0x00007f2469b50000, 0x00007f249c9cd3e8, 0x00007f249c9cd400, 0x00007f24bf0b0000)
 Metaspace       used 23089K, capacity 23469K, committed 23552K, reserved 24576K
}
Event: 13.505 GC heap after
{Heap after GC invocations=9 (full 2):
 def new generation   total 629248K, used 0K [0x00007f1f14600000, 0x00007f1f3f0c0000, 0x00007f2469b50000)
  eden space 559360K,   0% used [0x00007f1f14600000, 0x00007f1f14600000, 0x00007f1f36840000)
  from space 69888K,   0% used [0x00007f1f36840000, 0x00007f1f36840000, 0x00007f1f3ac80000)
  to   space 69888K,   0% used [0x00007f1f3ac80000, 0x00007f1f3ac80000, 0x00007f1f3f0c0000)
 tenured generation   total 1398144K, used 47735K [0x00007f2469b50000, 0x00007f24bf0b0000, 0x00007f2f14600000)
   the space 1398144K,   3% used [0x00007f2469b50000, 0x00007f246c9edda8, 0x00007f246c9ede00, 0x00007f24bf0b0000)
 Metaspace       used 23089K, capacity 23469K, committed 23552K, reserved 24576K
}
Event: 17.857 GC heap before
{Heap before GC invocations=9 (full 2):
 def new generation   total 629248K, used 11044K [0x00007f1f14600000, 0x00007f1f3f0c0000, 0x00007f2469b50000)
  eden space 559360K,   1% used [0x00007f1f14600000, 0x00007f1f150c92b8, 0x00007f1f36840000)
  from space 69888K,   0% used [0x00007f1f36840000, 0x00007f1f36840000, 0x00007f1f3ac80000)
  to   space 69888K,   0% used [0x00007f1f3ac80000, 0x00007f1f3ac80000, 0x00007f1f3f0c0000)
 tenured generation   total 3495300K, used 2144887K [0x00007f2469b50000, 0x00007f253f0b1000, 0x00007f2f14600000)
   the space 3495300K,  61% used [0x00007f2469b50000, 0x00007f24ec9eddc0, 0x00007f24ec9ede00, 0x00007f253f0b1000)
 Metaspace       used 23089K, capacity 23469K, committed 23552K, reserved 24576K
}
Event: 17.864 GC heap after
{Heap after GC invocations=10 (full 2):
 def new generation   total 629248K, used 0K [0x00007f1f14600000, 0x00007f1f3f0c0000, 0x00007f2469b50000)
  eden space 559360K,   0% used [0x00007f1f14600000, 0x00007f1f14600000, 0x00007f1f36840000)
  from space 69888K,   0% used [0x00007f1f3ac80000, 0x00007f1f3ac80118, 0x00007f1f3f0c0000)
  to   space 69888K,   0% used [0x00007f1f36840000, 0x00007f1f36840000, 0x00007f1f3ac80000)
 tenured generation   total 3495300K, used 2144887K [0x00007f2469b50000, 0x00007f253f0b1000, 0x00007f2f14600000)
   the space 3495300K,  61% used [0x00007f2469b50000, 0x00007f24ec9eddc0, 0x00007f24ec9ede00, 0x00007f253f0b1000)
 Metaspace       used 23089K, capacity 23469K, committed 23552K, reserved 24576K
}
Event: 17.864 GC heap before
{Heap before GC invocations=10 (full 2):
 def new generation   total 629248K, used 0K [0x00007f1f14600000, 0x00007f1f3f0c0000, 0x00007f2469b50000)
  eden space 559360K,   0% used [0x00007f1f14600000, 0x00007f1f14600000, 0x00007f1f36840000)
  from space 69888K,   0% used [0x00007f1f3ac80000, 0x00007f1f3ac80118, 0x00007f1f3f0c0000)
  to   space 69888K,   0% used [0x00007f1f36840000, 0x00007f1f36840000, 0x00007f1f3ac80000)
 tenured generation   total 3495300K, used 2144887K [0x00007f2469b50000, 0x00007f253f0b1000, 0x00007f2f14600000)
   the space 3495300K,  61% used [0x00007f2469b50000, 0x00007f24ec9eddc0, 0x00007f24ec9ede00, 0x00007f253f0b1000)
 Metaspace       used 23089K, capacity 23469K, committed 23552K, reserved 24576K
}
Event: 17.902 GC heap after
{Heap after GC invocations=10 (full 3):
 def new generation   total 1608768K, used 0K [0x00007f1f14600000, 0x00007f1f81790000, 0x00007f2469b50000)
  eden space 1430080K,   0% used [0x00007f1f14600000, 0x00007f1f14600000, 0x00007f1f6ba90000)
  from space 178688K,   0% used [0x00007f1f6ba90000, 0x00007f1f6ba90000, 0x00007f1f76910000)
  to   space 178688K,   0% used [0x00007f1f76910000, 0x00007f1f76910000, 0x00007f1f81790000)
 tenured generation   total 3574816K, used 2144887K [0x00007f2469b50000, 0x00007f2543e58000, 0x00007f2f14600000)
   the space 3574816K,  59% used [0x00007f2469b50000, 0x00007f24ec9ede70, 0x00007f24ec9ee000, 0x00007f2543e58000)
 Metaspace       used 23089K, capacity 23469K, committed 23552K, reserved 24576K
}
Event: 20.133 GC heap before
{Heap before GC invocations=10 (full 3):
 def new generation   total 1608768K, used 28237K [0x00007f1f14600000, 0x00007f1f81790000, 0x00007f2469b50000)
  eden space 1430080K,   1% used [0x00007f1f14600000, 0x00007f1f161934d0, 0x00007f1f6ba90000)
  from space 178688K,   0% used [0x00007f1f6ba90000, 0x00007f1f6ba90000, 0x00007f1f76910000)
  to   space 178688K,   0% used [0x00007f1f76910000, 0x00007f1f76910000, 0x00007f1f81790000)
 tenured generation   total 5671972K, used 4242039K [0x00007f2469b50000, 0x00007f25c3e59000, 0x00007f2f14600000)
   the space 5671972K,  74% used [0x00007f2469b50000, 0x00007f256c9ede88, 0x00007f256c9ee000, 0x00007f25c3e59000)
 Metaspace       used 23089K, capacity 23469K, committed 23552K, reserved 24576K
}
Event: 20.137 GC heap after
{Heap after GC invocations=11 (full 3):
 def new generation   total 1608768K, used 0K [0x00007f1f14600000, 0x00007f1f81790000, 0x00007f2469b50000)
  eden space 1430080K,   0% used [0x00007f1f14600000, 0x00007f1f14600000, 0x00007f1f6ba90000)
  from space 178688K,   0% used [0x00007f1f76910000, 0x00007f1f76910278, 0x00007f1f81790000)
  to   space 178688K,   0% used [0x00007f1f6ba90000, 0x00007f1f6ba90000, 0x00007f1f76910000)
 tenured generation   total 5671972K, used 4242039K [0x00007f2469b50000, 0x00007f25c3e59000, 0x00007f2f14600000)
   the space 5671972K,  74% used [0x00007f2469b50000, 0x00007f256c9ede88, 0x00007f256c9ee000, 0x00007f25c3e59000)
 Metaspace       used 23089K, capacity 23469K, committed 23552K, reserved 24576K
}
Event: 20.137 GC heap before
{Heap before GC invocations=11 (full 3):
 def new generation   total 1608768K, used 0K [0x00007f1f14600000, 0x00007f1f81790000, 0x00007f2469b50000)
  eden space 1430080K,   0% used [0x00007f1f14600000, 0x00007f1f14600000, 0x00007f1f6ba90000)
  from space 178688K,   0% used [0x00007f1f76910000, 0x00007f1f76910278, 0x00007f1f81790000)
  to   space 178688K,   0% used [0x00007f1f6ba90000, 0x00007f1f6ba90000, 0x00007f1f76910000)
 tenured generation   total 5671972K, used 4242039K [0x00007f2469b50000, 0x00007f25c3e59000, 0x00007f2f14600000)
   the space 5671972K,  74% used [0x00007f2469b50000, 0x00007f256c9ede88, 0x00007f256c9ee000, 0x00007f25c3e59000)
 Metaspace       used 23089K, capacity 23469K, committed 23552K, reserved 24576K
}
Event: 23.625 GC heap after
{Heap after GC invocations=11 (full 4):
 def new generation   total 3153024K, used 0K [0x00007f1f14600000, 0x00007f1fea330000, 0x00007f2469b50000)
  eden space 2802752K,   0% used [0x00007f1f14600000, 0x00007f1f14600000, 0x00007f1fbf710000)
  from space 350272K,   0% used [0x00007f1fbf710000, 0x00007f1fbf710000, 0x00007f1fd4d20000)
  to   space 350272K,   0% used [0x00007f1fd4d20000, 0x00007f1fd4d20000, 0x00007f1fea330000)
 tenured generation   total 7006504K, used 4203900K [0x00007f2469b50000, 0x00007f261559a000, 0x00007f2f14600000)
   the space 7006504K,  59% used [0x00007f2469b50000, 0x00007f256a4af350, 0x00007f256a4af400, 0x00007f261559a000)
 Metaspace       used 23089K, capacity 23469K, committed 23552K, reserved 24576K
}

