# JRE version: OpenJDK Runtime Environment (13.0.7+5) (build 13.0.7+5-Ubuntu-0ubuntu120.04)
# Java VM: OpenJDK 64-Bit Server VM (13.0.7+5-Ubuntu-0ubuntu120.04, mixed mode, tiered, serial gc, linux-amd64)
Heap:
 def new generation   total 4577216K, used 0K [0x00007fbc70600000, 0x00007fbda6c90000, 0x00007fc71b0a0000)
  eden space 4068672K,   0% used [0x00007fbc70600000, 0x00007fbc70600000, 0x00007fbd68b50000)
  from space 508544K,   0% used [0x00007fbd87bf0000, 0x00007fbd87bf0000, 0x00007fbda6c90000)
  to   space 508544K,   0% used [0x00007fbd68b50000, 0x00007fbd68b50000, 0x00007fbd87bf0000)
 tenured generation   total 10187816K, used 10024301K [0x00007fc71b0a0000, 0x00007fc988daa000, 0x00007fdc70600000)
   the space 10187816K,  98% used [0x00007fc71b0a0000, 0x00007fc97edfb7a8, 0x00007fc97edfb800, 0x00007fc988daa000)
 Metaspace       used 24269K, capacity 24693K, committed 24832K, reserved 26624K
GC Heap History (20 events):
Event: 5137.700 GC heap after
{Heap after GC invocations=2950 (full 7):
 def new generation   total 4577216K, used 153673K [0x00007fbc70600000, 0x00007fbda6c90000, 0x00007fc71b0a0000)
  eden space 4068672K,   0% used [0x00007fbc70600000, 0x00007fbc70600000, 0x00007fbd68b50000)
  from space 508544K,  30% used [0x00007fbd68b50000, 0x00007fbd72162510, 0x00007fbd87bf0000)
  to   space 508544K,   0% used [0x00007fbd87bf0000, 0x00007fbd87bf0000, 0x00007fbda6c90000)
 tenured generation   total 10171428K, used 10097192K [0x00007fc71b0a0000, 0x00007fc987da9000, 0x00007fdc70600000)
   the space 10171428K,  99% used [0x00007fc71b0a0000, 0x00007fc98352a278, 0x00007fc98352a400, 0x00007fc987da9000)
 Metaspace       used 24269K, capacity 24693K, committed 24832K, reserved 26624K
}
Event: 5143.170 GC heap before
{Heap before GC invocations=2950 (full 7):
 def new generation   total 4577216K, used 4214203K [0x00007fbc70600000, 0x00007fbda6c90000, 0x00007fc71b0a0000)
  eden space 4068672K,  99% used [0x00007fbc70600000, 0x00007fbd6835c720, 0x00007fbd68b50000)
  from space 508544K,  30% used [0x00007fbd68b50000, 0x00007fbd72162510, 0x00007fbd87bf0000)
  to   space 508544K,   0% used [0x00007fbd87bf0000, 0x00007fbd87bf0000, 0x00007fbda6c90000)
 tenured generation   total 10171428K, used 10097192K [0x00007fc71b0a0000, 0x00007fc987da9000, 0x00007fdc70600000)
   the space 10171428K,  99% used [0x00007fc71b0a0000, 0x00007fc98352a278, 0x00007fc98352a400, 0x00007fc987da9000)
 Metaspace       used 24269K, capacity 24693K, committed 24832K, reserved 26624K
}
Event: 5143.298 GC heap after
{Heap after GC invocations=2951 (full 7):
 def new generation   total 4577216K, used 149570K [0x00007fbc70600000, 0x00007fbda6c90000, 0x00007fc71b0a0000)
  eden space 4068672K,   0% used [0x00007fbc70600000, 0x00007fbc70600000, 0x00007fbd68b50000)
  from space 508544K,  29% used [0x00007fbd87bf0000, 0x00007fbd90e00b38, 0x00007fbda6c90000)
  to   space 508544K,   0% used [0x00007fbd68b50000, 0x00007fbd68b50000, 0x00007fbd87bf0000)
 tenured generation   total 10171428K, used 10114152K [0x00007fc71b0a0000, 0x00007fc987da9000, 0x00007fdc70600000)
   the space 10171428K,  99% used [0x00007fc71b0a0000, 0x00007fc9845ba270, 0x00007fc9845ba400, 0x00007fc987da9000)
 Metaspace       used 24269K, capacity 24693K, committed 24832K, reserved 26624K
}
Event: 5147.157 GC heap before
{Heap before GC invocations=2951 (full 7):
 def new generation   total 4577216K, used 4218242K [0x00007fbc70600000, 0x00007fbda6c90000, 0x00007fc71b0a0000)
  eden space 4068672K, 100% used [0x00007fbc70600000, 0x00007fbd68b50000, 0x00007fbd68b50000)
  from space 508544K,  29% used [0x00007fbd87bf0000, 0x00007fbd90e00b38, 0x00007fbda6c90000)
  to   space 508544K,   0% used [0x00007fbd68b50000, 0x00007fbd68b50000, 0x00007fbd87bf0000)
 tenured generation   total 10171428K, used 10114152K [0x00007fc71b0a0000, 0x00007fc987da9000, 0x00007fdc70600000)
   the space 10171428K,  99% used [0x00007fc71b0a0000, 0x00007fc9845ba270, 0x00007fc9845ba400, 0x00007fc987da9000)
 Metaspace       used 24269K, capacity 24693K, committed 24832K, reserved 26624K
}
Event: 5147.278 GC heap after
{Heap after GC invocations=2952 (full 7):
 def new generation   total 4577216K, used 152647K [0x00007fbc70600000, 0x00007fbda6c90000, 0x00007fc71b0a0000)
  eden space 4068672K,   0% used [0x00007fbc70600000, 0x00007fbc70600000, 0x00007fbd68b50000)
  from space 508544K,  30% used [0x00007fbd68b50000, 0x00007fbd72061c38, 0x00007fbd87bf0000)
  to   space 508544K,   0% used [0x00007fbd87bf0000, 0x00007fbd87bf0000, 0x00007fbda6c90000)
 tenured generation   total 10171428K, used 10114152K [0x00007fc71b0a0000, 0x00007fc987da9000, 0x00007fdc70600000)
   the space 10171428K,  99% used [0x00007fc71b0a0000, 0x00007fc9845ba270, 0x00007fc9845ba400, 0x00007fc987da9000)
 Metaspace       used 24269K, capacity 24693K, committed 24832K, reserved 26624K
}
Event: 5152.933 GC heap before
{Heap before GC invocations=2952 (full 7):
 def new generation   total 4577216K, used 4221319K [0x00007fbc70600000, 0x00007fbda6c90000, 0x00007fc71b0a0000)
  eden space 4068672K, 100% used [0x00007fbc70600000, 0x00007fbd68b50000, 0x00007fbd68b50000)
  from space 508544K,  30% used [0x00007fbd68b50000, 0x00007fbd72061c38, 0x00007fbd87bf0000)
  to   space 508544K,   0% used [0x00007fbd87bf0000, 0x00007fbd87bf0000, 0x00007fbda6c90000)
 tenured generation   total 10171428K, used 10114152K [0x00007fc71b0a0000, 0x00007fc987da9000, 0x00007fdc70600000)
   the space 10171428K,  99% used [0x00007fc71b0a0000, 0x00007fc9845ba270, 0x00007fc9845ba400, 0x00007fc987da9000)
 Metaspace       used 24269K, capacity 24693K, committed 24832K, reserved 26624K
}
Event: 5153.084 GC heap after
{Heap after GC invocations=2953 (full 7):
 def new generation   total 4577216K, used 166002K [0x00007fbc70600000, 0x00007fbda6c90000, 0x00007fc71b0a0000)
  eden space 4068672K,   0% used [0x00007fbc70600000, 0x00007fbc70600000, 0x00007fbd68b50000)
  from space 508544K,  32% used [0x00007fbd87bf0000, 0x00007fbd91e0c810, 0x00007fbda6c90000)
  to   space 508544K,   0% used [0x00007fbd68b50000, 0x00007fbd68b50000, 0x00007fbd87bf0000)
 tenured generation   total 10171428K, used 10131113K [0x00007fc71b0a0000, 0x00007fc987da9000, 0x00007fdc70600000)
   the space 10171428K,  99% used [0x00007fc71b0a0000, 0x00007fc98564a5e8, 0x00007fc98564a600, 0x00007fc987da9000)
 Metaspace       used 24269K, capacity 24693K, committed 24832K, reserved 26624K
}
Event: 5157.250 GC heap before
{Heap before GC invocations=2953 (full 7):
 def new generation   total 4577216K, used 4234674K [0x00007fbc70600000, 0x00007fbda6c90000, 0x00007fc71b0a0000)
  eden space 4068672K, 100% used [0x00007fbc70600000, 0x00007fbd68b50000, 0x00007fbd68b50000)
  from space 508544K,  32% used [0x00007fbd87bf0000, 0x00007fbd91e0c810, 0x00007fbda6c90000)
  to   space 508544K,   0% used [0x00007fbd68b50000, 0x00007fbd68b50000, 0x00007fbd87bf0000)
 tenured generation   total 10171428K, used 10131113K [0x00007fc71b0a0000, 0x00007fc987da9000, 0x00007fdc70600000)
   the space 10171428K,  99% used [0x00007fc71b0a0000, 0x00007fc98564a5e8, 0x00007fc98564a600, 0x00007fc987da9000)
 Metaspace       used 24269K, capacity 24693K, committed 24832K, reserved 26624K
}
Event: 5157.380 GC heap after
{Heap after GC invocations=2954 (full 7):
 def new generation   total 4577216K, used 152650K [0x00007fbc70600000, 0x00007fbda6c90000, 0x00007fc71b0a0000)
  eden space 4068672K,   0% used [0x00007fbc70600000, 0x00007fbc70600000, 0x00007fbd68b50000)
  from space 508544K,  30% used [0x00007fbd68b50000, 0x00007fbd72062bc0, 0x00007fbd87bf0000)
  to   space 508544K,   0% used [0x00007fbd87bf0000, 0x00007fbd87bf0000, 0x00007fbda6c90000)
 tenured generation   total 10171428K, used 10131113K [0x00007fc71b0a0000, 0x00007fc987da9000, 0x00007fdc70600000)
   the space 10171428K,  99% used [0x00007fc71b0a0000, 0x00007fc98564a5e8, 0x00007fc98564a600, 0x00007fc987da9000)
 Metaspace       used 24269K, capacity 24693K, committed 24832K, reserved 26624K
}
Event: 5162.563 GC heap before
{Heap before GC invocations=2954 (full 7):
 def new generation   total 4577216K, used 4218116K [0x00007fbc70600000, 0x00007fbda6c90000, 0x00007fc71b0a0000)
  eden space 4068672K,  99% used [0x00007fbc70600000, 0x00007fbd6882e798, 0x00007fbd68b50000)
  from space 508544K,  30% used [0x00007fbd68b50000, 0x00007fbd72062bc0, 0x00007fbd87bf0000)
  to   space 508544K,   0% used [0x00007fbd87bf0000, 0x00007fbd87bf0000, 0x00007fbda6c90000)
 tenured generation   total 10171428K, used 10131113K [0x00007fc71b0a0000, 0x00007fc987da9000, 0x00007fdc70600000)
   the space 10171428K,  99% used [0x00007fc71b0a0000, 0x00007fc98564a5e8, 0x00007fc98564a600, 0x00007fc987da9000)
 Metaspace       used 24269K, capacity 24693K, committed 24832K, reserved 26624K
}
Event: 5162.739 GC heap after
{Heap after GC invocations=2955 (full 7):
 def new generation   total 4577216K, used 163950K [0x00007fbc70600000, 0x00007fbda6c90000, 0x00007fc71b0a0000)
  eden space 4068672K,   0% used [0x00007fbc70600000, 0x00007fbc70600000, 0x00007fbd68b50000)
  from space 508544K,  32% used [0x00007fbd87bf0000, 0x00007fbd91c0b930, 0x00007fbda6c90000)
  to   space 508544K,   0% used [0x00007fbd68b50000, 0x00007fbd68b50000, 0x00007fbd87bf0000)
 tenured generation   total 10171428K, used 10148073K [0x00007fc71b0a0000, 0x00007fc987da9000, 0x00007fdc70600000)
   the space 10171428K,  99% used [0x00007fc71b0a0000, 0x00007fc9866da5e0, 0x00007fc9866da600, 0x00007fc987da9000)
 Metaspace       used 24269K, capacity 24693K, committed 24832K, reserved 26624K
}
Event: 5166.617 GC heap before
{Heap before GC invocations=2955 (full 7):
 def new generation   total 4577216K, used 4232622K [0x00007fbc70600000, 0x00007fbda6c90000, 0x00007fc71b0a0000)
  eden space 4068672K, 100% used [0x00007fbc70600000, 0x00007fbd68b50000, 0x00007fbd68b50000)
  from space 508544K,  32% used [0x00007fbd87bf0000, 0x00007fbd91c0b930, 0x00007fbda6c90000)
  to   space 508544K,   0% used [0x00007fbd68b50000, 0x00007fbd68b50000, 0x00007fbd87bf0000)
 tenured generation   total 10171428K, used 10148073K [0x00007fc71b0a0000, 0x00007fc987da9000, 0x00007fdc70600000)
   the space 10171428K,  99% used [0x00007fc71b0a0000, 0x00007fc9866da5e0, 0x00007fc9866da600, 0x00007fc987da9000)
 Metaspace       used 24269K, capacity 24693K, committed 24832K, reserved 26624K
}
Event: 5166.771 GC heap after
{Heap after GC invocations=2956 (full 7):
 def new generation   total 4577216K, used 153144K [0x00007fbc70600000, 0x00007fbda6c90000, 0x00007fc71b0a0000)
  eden space 4068672K,   0% used [0x00007fbc70600000, 0x00007fbc70600000, 0x00007fbd68b50000)
  from space 508544K,  30% used [0x00007fbd68b50000, 0x00007fbd720de028, 0x00007fbd87bf0000)
  to   space 508544K,   0% used [0x00007fbd87bf0000, 0x00007fbd87bf0000, 0x00007fbda6c90000)
 tenured generation   total 10171428K, used 10148073K [0x00007fc71b0a0000, 0x00007fc987da9000, 0x00007fdc70600000)
   the space 10171428K,  99% used [0x00007fc71b0a0000, 0x00007fc9866da5e0, 0x00007fc9866da600, 0x00007fc987da9000)
 Metaspace       used 24269K, capacity 24693K, committed 24832K, reserved 26624K
}
Event: 5171.916 GC heap before
{Heap before GC invocations=2956 (full 7):
 def new generation   total 4577216K, used 4221816K [0x00007fbc70600000, 0x00007fbda6c90000, 0x00007fc71b0a0000)
  eden space 4068672K, 100% used [0x00007fbc70600000, 0x00007fbd68b50000, 0x00007fbd68b50000)
  from space 508544K,  30% used [0x00007fbd68b50000, 0x00007fbd720de028, 0x00007fbd87bf0000)
  to   space 508544K,   0% used [0x00007fbd87bf0000, 0x00007fbd87bf0000, 0x00007fbda6c90000)
 tenured generation   total 10171428K, used 10148073K [0x00007fc71b0a0000, 0x00007fc987da9000, 0x00007fdc70600000)
   the space 10171428K,  99% used [0x00007fc71b0a0000, 0x00007fc9866da5e0, 0x00007fc9866da600, 0x00007fc987da9000)
 Metaspace       used 24269K, capacity 24693K, committed 24832K, reserved 26624K
}
Event: 5172.065 GC heap after
{Heap after GC invocations=2957 (full 7):
 def new generation   total 4577216K, used 145977K [0x00007fbc70600000, 0x00007fbda6c90000, 0x00007fc71b0a0000)
  eden space 4068672K,   0% used [0x00007fbc70600000, 0x00007fbc70600000, 0x00007fbd68b50000)
  from space 508544K,  28% used [0x00007fbd87bf0000, 0x00007fbd90a7e608, 0x00007fbda6c90000)
  to   space 508544K,   0% used [0x00007fbd68b50000, 0x00007fbd68b50000, 0x00007fbd87bf0000)
 tenured generation   total 10171428K, used 10165033K [0x00007fc71b0a0000, 0x00007fc987da9000, 0x00007fdc70600000)
   the space 10171428K,  99% used [0x00007fc71b0a0000, 0x00007fc98776a5d8, 0x00007fc98776a600, 0x00007fc987da9000)
 Metaspace       used 24269K, capacity 24693K, committed 24832K, reserved 26624K
}
Event: 5176.000 GC heap before
{Heap before GC invocations=2957 (full 7):
 def new generation   total 4577216K, used 4214649K [0x00007fbc70600000, 0x00007fbda6c90000, 0x00007fc71b0a0000)
  eden space 4068672K, 100% used [0x00007fbc70600000, 0x00007fbd68b50000, 0x00007fbd68b50000)
  from space 508544K,  28% used [0x00007fbd87bf0000, 0x00007fbd90a7e608, 0x00007fbda6c90000)
  to   space 508544K,   0% used [0x00007fbd68b50000, 0x00007fbd68b50000, 0x00007fbd87bf0000)
 tenured generation   total 10171428K, used 10165033K [0x00007fc71b0a0000, 0x00007fc987da9000, 0x00007fdc70600000)
   the space 10171428K,  99% used [0x00007fc71b0a0000, 0x00007fc98776a5d8, 0x00007fc98776a600, 0x00007fc987da9000)
 Metaspace       used 24269K, capacity 24693K, committed 24832K, reserved 26624K
}
Event: 5176.107 GC heap after
{Heap after GC invocations=2958 (full 7):
 def new generation   total 4577216K, used 152643K [0x00007fbc70600000, 0x00007fbda6c90000, 0x00007fc71b0a0000)
  eden space 4068672K,   0% used [0x00007fbc70600000, 0x00007fbc70600000, 0x00007fbd68b50000)
  from space 508544K,  30% used [0x00007fbd68b50000, 0x00007fbd72060fa8, 0x00007fbd87bf0000)
  to   space 508544K,   0% used [0x00007fbd87bf0000, 0x00007fbd87bf0000, 0x00007fbda6c90000)
 tenured generation   total 10171428K, used 10165033K [0x00007fc71b0a0000, 0x00007fc987da9000, 0x00007fdc70600000)
   the space 10171428K,  99% used [0x00007fc71b0a0000, 0x00007fc98776a5d8, 0x00007fc98776a600, 0x00007fc987da9000)
 Metaspace       used 24269K, capacity 24693K, committed 24832K, reserved 26624K
}
Event: 5181.217 GC heap before
{Heap before GC invocations=2958 (full 7):
 def new generation   total 4577216K, used 4221315K [0x00007fbc70600000, 0x00007fbda6c90000, 0x00007fc71b0a0000)
  eden space 4068672K, 100% used [0x00007fbc70600000, 0x00007fbd68b50000, 0x00007fbd68b50000)
  from space 508544K,  30% used [0x00007fbd68b50000, 0x00007fbd72060fa8, 0x00007fbd87bf0000)
  to   space 508544K,   0% used [0x00007fbd87bf0000, 0x00007fbd87bf0000, 0x00007fbda6c90000)
 tenured generation   total 10171428K, used 10165033K [0x00007fc71b0a0000, 0x00007fc987da9000, 0x00007fdc70600000)
   the space 10171428K,  99% used [0x00007fc71b0a0000, 0x00007fc98776a5d8, 0x00007fc98776a600, 0x00007fc987da9000)
 Metaspace       used 24269K, capacity 24693K, committed 24832K, reserved 26624K
}
Event: 5181.369 GC heap after
{Heap after GC invocations=2959 (full 7):
 def new generation   total 4577216K, used 144950K [0x00007fbc70600000, 0x00007fbda6c90000, 0x00007fc71b0a0000)
  eden space 4068672K,   0% used [0x00007fbc70600000, 0x00007fbc70600000, 0x00007fbd68b50000)
  from space 508544K,  28% used [0x00007fbd87bf0000, 0x00007fbd9097da18, 0x00007fbda6c90000)
  to   space 508544K,   0% used [0x00007fbd68b50000, 0x00007fbd68b50000, 0x00007fbd87bf0000)
 tenured generation   total 10187816K, used 10181993K [0x00007fc71b0a0000, 0x00007fc988daa000, 0x00007fdc70600000)
   the space 10187816K,  99% used [0x00007fc71b0a0000, 0x00007fc9887fa5d0, 0x00007fc9887fa600, 0x00007fc988daa000)
 Metaspace       used 24269K, capacity 24693K, committed 24832K, reserved 26624K
}
Event: 5181.369 GC heap before
{Heap before GC invocations=2959 (full 7):
 def new generation   total 4577216K, used 144950K [0x00007fbc70600000, 0x00007fbda6c90000, 0x00007fc71b0a0000)
  eden space 4068672K,   0% used [0x00007fbc70600000, 0x00007fbc70600000, 0x00007fbd68b50000)
  from space 508544K,  28% used [0x00007fbd87bf0000, 0x00007fbd9097da18, 0x00007fbda6c90000)
  to   space 508544K,   0% used [0x00007fbd68b50000, 0x00007fbd68b50000, 0x00007fbd87bf0000)
 tenured generation   total 10187816K, used 10181993K [0x00007fc71b0a0000, 0x00007fc988daa000, 0x00007fdc70600000)
   the space 10187816K,  99% used [0x00007fc71b0a0000, 0x00007fc9887fa5d0, 0x00007fc9887fa600, 0x00007fc988daa000)
 Metaspace       used 24269K, capacity 24693K, committed 24832K, reserved 26624K
}

