# JRE version: OpenJDK Runtime Environment (13.0.7+5) (build 13.0.7+5-Ubuntu-0ubuntu120.04)
# Java VM: OpenJDK 64-Bit Server VM (13.0.7+5-Ubuntu-0ubuntu120.04, mixed mode, tiered, serial gc, linux-amd64)
Heap:
 def new generation   total 2908736K, used 18121K [0x00007f1e74600000, 0x00007f1f39a20000, 0x00007f23c9b50000)
  eden space 2585600K,   0% used [0x00007f1e74600000, 0x00007f1e757b2730, 0x00007f1f12300000)
  from space 323136K,   0% used [0x00007f1f12300000, 0x00007f1f12300000, 0x00007f1f25e90000)
  to   space 323136K,   0% used [0x00007f1f25e90000, 0x00007f1f25e90000, 0x00007f1f39a20000)
 tenured generation   total 6464616K, used 6464615K [0x00007f23c9b50000, 0x00007f255446a000, 0x00007f2e74600000)
   the space 6464616K,  99% used [0x00007f23c9b50000, 0x00007f2554469fb8, 0x00007f255446a000, 0x00007f255446a000)
 Metaspace       used 24195K, capacity 24592K, committed 24832K, reserved 26624K
GC Heap History (20 events):
Event: 5830.419 GC heap after
{Heap after GC invocations=10284 (full 4):
 def new generation   total 2908736K, used 16464K [0x00007f1e74600000, 0x00007f1f39a20000, 0x00007f23c9b50000)
  eden space 2585600K,   0% used [0x00007f1e74600000, 0x00007f1e74600000, 0x00007f1f12300000)
  from space 323136K,   5% used [0x00007f1f25e90000, 0x00007f1f26ea4278, 0x00007f1f39a20000)
  to   space 323136K,   0% used [0x00007f1f12300000, 0x00007f1f12300000, 0x00007f1f25e90000)
 tenured generation   total 6463656K, used 6455216K [0x00007f23c9b50000, 0x00007f255437a000, 0x00007f2e74600000)
   the space 6463656K,  99% used [0x00007f23c9b50000, 0x00007f2553b3c268, 0x00007f2553b3c400, 0x00007f255437a000)
 Metaspace       used 24195K, capacity 24592K, committed 24832K, reserved 26624K
}
Event: 5831.699 GC heap before
{Heap before GC invocations=10284 (full 4):
 def new generation   total 2908736K, used 2602064K [0x00007f1e74600000, 0x00007f1f39a20000, 0x00007f23c9b50000)
  eden space 2585600K, 100% used [0x00007f1e74600000, 0x00007f1f12300000, 0x00007f1f12300000)
  from space 323136K,   5% used [0x00007f1f25e90000, 0x00007f1f26ea4278, 0x00007f1f39a20000)
  to   space 323136K,   0% used [0x00007f1f12300000, 0x00007f1f12300000, 0x00007f1f25e90000)
 tenured generation   total 6463656K, used 6455216K [0x00007f23c9b50000, 0x00007f255437a000, 0x00007f2e74600000)
   the space 6463656K,  99% used [0x00007f23c9b50000, 0x00007f2553b3c268, 0x00007f2553b3c400, 0x00007f255437a000)
 Metaspace       used 24195K, capacity 24592K, committed 24832K, reserved 26624K
}
Event: 5831.709 GC heap after
{Heap after GC invocations=10285 (full 4):
 def new generation   total 2908736K, used 16722K [0x00007f1e74600000, 0x00007f1f39a20000, 0x00007f23c9b50000)
  eden space 2585600K,   0% used [0x00007f1e74600000, 0x00007f1e74600000, 0x00007f1f12300000)
  from space 323136K,   5% used [0x00007f1f12300000, 0x00007f1f13354a48, 0x00007f1f25e90000)
  to   space 323136K,   0% used [0x00007f1f25e90000, 0x00007f1f25e90000, 0x00007f1f39a20000)
 tenured generation   total 6463656K, used 6456192K [0x00007f23c9b50000, 0x00007f255437a000, 0x00007f2e74600000)
   the space 6463656K,  99% used [0x00007f23c9b50000, 0x00007f2553c300f8, 0x00007f2553c30200, 0x00007f255437a000)
 Metaspace       used 24195K, capacity 24592K, committed 24832K, reserved 26624K
}
Event: 5832.988 GC heap before
{Heap before GC invocations=10285 (full 4):
 def new generation   total 2908736K, used 2602322K [0x00007f1e74600000, 0x00007f1f39a20000, 0x00007f23c9b50000)
  eden space 2585600K, 100% used [0x00007f1e74600000, 0x00007f1f12300000, 0x00007f1f12300000)
  from space 323136K,   5% used [0x00007f1f12300000, 0x00007f1f13354a48, 0x00007f1f25e90000)
  to   space 323136K,   0% used [0x00007f1f25e90000, 0x00007f1f25e90000, 0x00007f1f39a20000)
 tenured generation   total 6463656K, used 6456192K [0x00007f23c9b50000, 0x00007f255437a000, 0x00007f2e74600000)
   the space 6463656K,  99% used [0x00007f23c9b50000, 0x00007f2553c300f8, 0x00007f2553c30200, 0x00007f255437a000)
 Metaspace       used 24195K, capacity 24592K, committed 24832K, reserved 26624K
}
Event: 5832.998 GC heap after
{Heap after GC invocations=10286 (full 4):
 def new generation   total 2908736K, used 16902K [0x00007f1e74600000, 0x00007f1f39a20000, 0x00007f23c9b50000)
  eden space 2585600K,   0% used [0x00007f1e74600000, 0x00007f1e74600000, 0x00007f1f12300000)
  from space 323136K,   5% used [0x00007f1f25e90000, 0x00007f1f26f11a30, 0x00007f1f39a20000)
  to   space 323136K,   0% used [0x00007f1f12300000, 0x00007f1f12300000, 0x00007f1f25e90000)
 tenured generation   total 6463656K, used 6457255K [0x00007f23c9b50000, 0x00007f255437a000, 0x00007f2e74600000)
   the space 6463656K,  99% used [0x00007f23c9b50000, 0x00007f2553d39e38, 0x00007f2553d3a000, 0x00007f255437a000)
 Metaspace       used 24195K, capacity 24592K, committed 24832K, reserved 26624K
}
Event: 5834.278 GC heap before
{Heap before GC invocations=10286 (full 4):
 def new generation   total 2908736K, used 2602502K [0x00007f1e74600000, 0x00007f1f39a20000, 0x00007f23c9b50000)
  eden space 2585600K, 100% used [0x00007f1e74600000, 0x00007f1f12300000, 0x00007f1f12300000)
  from space 323136K,   5% used [0x00007f1f25e90000, 0x00007f1f26f11a30, 0x00007f1f39a20000)
  to   space 323136K,   0% used [0x00007f1f12300000, 0x00007f1f12300000, 0x00007f1f25e90000)
 tenured generation   total 6463656K, used 6457255K [0x00007f23c9b50000, 0x00007f255437a000, 0x00007f2e74600000)
   the space 6463656K,  99% used [0x00007f23c9b50000, 0x00007f2553d39e38, 0x00007f2553d3a000, 0x00007f255437a000)
 Metaspace       used 24195K, capacity 24592K, committed 24832K, reserved 26624K
}
Event: 5834.288 GC heap after
{Heap after GC invocations=10287 (full 4):
 def new generation   total 2908736K, used 17221K [0x00007f1e74600000, 0x00007f1f39a20000, 0x00007f23c9b50000)
  eden space 2585600K,   0% used [0x00007f1e74600000, 0x00007f1e74600000, 0x00007f1f12300000)
  from space 323136K,   5% used [0x00007f1f12300000, 0x00007f1f133d1628, 0x00007f1f25e90000)
  to   space 323136K,   0% used [0x00007f1f25e90000, 0x00007f1f25e90000, 0x00007f1f39a20000)
 tenured generation   total 6463656K, used 6458231K [0x00007f23c9b50000, 0x00007f255437a000, 0x00007f2e74600000)
   the space 6463656K,  99% used [0x00007f23c9b50000, 0x00007f2553e2dc68, 0x00007f2553e2de00, 0x00007f255437a000)
 Metaspace       used 24195K, capacity 24592K, committed 24832K, reserved 26624K
}
Event: 5835.509 GC heap before
{Heap before GC invocations=10287 (full 4):
 def new generation   total 2908736K, used 2602821K [0x00007f1e74600000, 0x00007f1f39a20000, 0x00007f23c9b50000)
  eden space 2585600K, 100% used [0x00007f1e74600000, 0x00007f1f12300000, 0x00007f1f12300000)
  from space 323136K,   5% used [0x00007f1f12300000, 0x00007f1f133d1628, 0x00007f1f25e90000)
  to   space 323136K,   0% used [0x00007f1f25e90000, 0x00007f1f25e90000, 0x00007f1f39a20000)
 tenured generation   total 6463656K, used 6458231K [0x00007f23c9b50000, 0x00007f255437a000, 0x00007f2e74600000)
   the space 6463656K,  99% used [0x00007f23c9b50000, 0x00007f2553e2dc68, 0x00007f2553e2de00, 0x00007f255437a000)
 Metaspace       used 24195K, capacity 24592K, committed 24832K, reserved 26624K
}
Event: 5835.520 GC heap after
{Heap after GC invocations=10288 (full 4):
 def new generation   total 2908736K, used 17328K [0x00007f1e74600000, 0x00007f1f39a20000, 0x00007f23c9b50000)
  eden space 2585600K,   0% used [0x00007f1e74600000, 0x00007f1e74600000, 0x00007f1f12300000)
  from space 323136K,   5% used [0x00007f1f25e90000, 0x00007f1f26f7c3e8, 0x00007f1f39a20000)
  to   space 323136K,   0% used [0x00007f1f12300000, 0x00007f1f12300000, 0x00007f1f25e90000)
 tenured generation   total 6463656K, used 6459293K [0x00007f23c9b50000, 0x00007f255437a000, 0x00007f2e74600000)
   the space 6463656K,  99% used [0x00007f23c9b50000, 0x00007f2553f37648, 0x00007f2553f37800, 0x00007f255437a000)
 Metaspace       used 24195K, capacity 24592K, committed 24832K, reserved 26624K
}
Event: 5836.791 GC heap before
{Heap before GC invocations=10288 (full 4):
 def new generation   total 2908736K, used 2602928K [0x00007f1e74600000, 0x00007f1f39a20000, 0x00007f23c9b50000)
  eden space 2585600K, 100% used [0x00007f1e74600000, 0x00007f1f12300000, 0x00007f1f12300000)
  from space 323136K,   5% used [0x00007f1f25e90000, 0x00007f1f26f7c3e8, 0x00007f1f39a20000)
  to   space 323136K,   0% used [0x00007f1f12300000, 0x00007f1f12300000, 0x00007f1f25e90000)
 tenured generation   total 6463656K, used 6459293K [0x00007f23c9b50000, 0x00007f255437a000, 0x00007f2e74600000)
   the space 6463656K,  99% used [0x00007f23c9b50000, 0x00007f2553f37648, 0x00007f2553f37800, 0x00007f255437a000)
 Metaspace       used 24195K, capacity 24592K, committed 24832K, reserved 26624K
}
Event: 5836.801 GC heap after
{Heap after GC invocations=10289 (full 4):
 def new generation   total 2908736K, used 17494K [0x00007f1e74600000, 0x00007f1f39a20000, 0x00007f23c9b50000)
  eden space 2585600K,   0% used [0x00007f1e74600000, 0x00007f1e74600000, 0x00007f1f12300000)
  from space 323136K,   5% used [0x00007f1f12300000, 0x00007f1f13415900, 0x00007f1f25e90000)
  to   space 323136K,   0% used [0x00007f1f25e90000, 0x00007f1f25e90000, 0x00007f1f39a20000)
 tenured generation   total 6463656K, used 6460356K [0x00007f23c9b50000, 0x00007f255437a000, 0x00007f2e74600000)
   the space 6463656K,  99% used [0x00007f23c9b50000, 0x00007f2554041388, 0x00007f2554041400, 0x00007f255437a000)
 Metaspace       used 24195K, capacity 24592K, committed 24832K, reserved 26624K
}
Event: 5838.081 GC heap before
{Heap before GC invocations=10289 (full 4):
 def new generation   total 2908736K, used 2603094K [0x00007f1e74600000, 0x00007f1f39a20000, 0x00007f23c9b50000)
  eden space 2585600K, 100% used [0x00007f1e74600000, 0x00007f1f12300000, 0x00007f1f12300000)
  from space 323136K,   5% used [0x00007f1f12300000, 0x00007f1f13415900, 0x00007f1f25e90000)
  to   space 323136K,   0% used [0x00007f1f25e90000, 0x00007f1f25e90000, 0x00007f1f39a20000)
 tenured generation   total 6463656K, used 6460356K [0x00007f23c9b50000, 0x00007f255437a000, 0x00007f2e74600000)
   the space 6463656K,  99% used [0x00007f23c9b50000, 0x00007f2554041388, 0x00007f2554041400, 0x00007f255437a000)
 Metaspace       used 24195K, capacity 24592K, committed 24832K, reserved 26624K
}
Event: 5838.091 GC heap after
{Heap after GC invocations=10290 (full 4):
 def new generation   total 2908736K, used 17634K [0x00007f1e74600000, 0x00007f1f39a20000, 0x00007f23c9b50000)
  eden space 2585600K,   0% used [0x00007f1e74600000, 0x00007f1e74600000, 0x00007f1f12300000)
  from space 323136K,   5% used [0x00007f1f25e90000, 0x00007f1f26fc8b40, 0x00007f1f39a20000)
  to   space 323136K,   0% used [0x00007f1f12300000, 0x00007f1f12300000, 0x00007f1f25e90000)
 tenured generation   total 6463656K, used 6461420K [0x00007f23c9b50000, 0x00007f255437a000, 0x00007f2e74600000)
   the space 6463656K,  99% used [0x00007f23c9b50000, 0x00007f255414b0c8, 0x00007f255414b200, 0x00007f255437a000)
 Metaspace       used 24195K, capacity 24592K, committed 24832K, reserved 26624K
}
Event: 5839.319 GC heap before
{Heap before GC invocations=10290 (full 4):
 def new generation   total 2908736K, used 2603234K [0x00007f1e74600000, 0x00007f1f39a20000, 0x00007f23c9b50000)
  eden space 2585600K, 100% used [0x00007f1e74600000, 0x00007f1f12300000, 0x00007f1f12300000)
  from space 323136K,   5% used [0x00007f1f25e90000, 0x00007f1f26fc8b40, 0x00007f1f39a20000)
  to   space 323136K,   0% used [0x00007f1f12300000, 0x00007f1f12300000, 0x00007f1f25e90000)
 tenured generation   total 6463656K, used 6461420K [0x00007f23c9b50000, 0x00007f255437a000, 0x00007f2e74600000)
   the space 6463656K,  99% used [0x00007f23c9b50000, 0x00007f255414b0c8, 0x00007f255414b200, 0x00007f255437a000)
 Metaspace       used 24195K, capacity 24592K, committed 24832K, reserved 26624K
}
Event: 5839.332 GC heap after
{Heap after GC invocations=10291 (full 4):
 def new generation   total 2908736K, used 17798K [0x00007f1e74600000, 0x00007f1f39a20000, 0x00007f23c9b50000)
  eden space 2585600K,   0% used [0x00007f1e74600000, 0x00007f1e74600000, 0x00007f1f12300000)
  from space 323136K,   5% used [0x00007f1f12300000, 0x00007f1f13461820, 0x00007f1f25e90000)
  to   space 323136K,   0% used [0x00007f1f25e90000, 0x00007f1f25e90000, 0x00007f1f39a20000)
 tenured generation   total 6463656K, used 6462394K [0x00007f23c9b50000, 0x00007f255437a000, 0x00007f2e74600000)
   the space 6463656K,  99% used [0x00007f23c9b50000, 0x00007f255423eb98, 0x00007f255423ec00, 0x00007f255437a000)
 Metaspace       used 24195K, capacity 24592K, committed 24832K, reserved 26624K
}
Event: 5840.542 GC heap before
{Heap before GC invocations=10291 (full 4):
 def new generation   total 2908736K, used 2603398K [0x00007f1e74600000, 0x00007f1f39a20000, 0x00007f23c9b50000)
  eden space 2585600K, 100% used [0x00007f1e74600000, 0x00007f1f12300000, 0x00007f1f12300000)
  from space 323136K,   5% used [0x00007f1f12300000, 0x00007f1f13461820, 0x00007f1f25e90000)
  to   space 323136K,   0% used [0x00007f1f25e90000, 0x00007f1f25e90000, 0x00007f1f39a20000)
 tenured generation   total 6463656K, used 6462394K [0x00007f23c9b50000, 0x00007f255437a000, 0x00007f2e74600000)
   the space 6463656K,  99% used [0x00007f23c9b50000, 0x00007f255423eb98, 0x00007f255423ec00, 0x00007f255437a000)
 Metaspace       used 24195K, capacity 24592K, committed 24832K, reserved 26624K
}
Event: 5840.553 GC heap after
{Heap after GC invocations=10292 (full 4):
 def new generation   total 2908736K, used 18056K [0x00007f1e74600000, 0x00007f1f39a20000, 0x00007f23c9b50000)
  eden space 2585600K,   0% used [0x00007f1e74600000, 0x00007f1e74600000, 0x00007f1f12300000)
  from space 323136K,   5% used [0x00007f1f25e90000, 0x00007f1f27032050, 0x00007f1f39a20000)
  to   space 323136K,   0% used [0x00007f1f12300000, 0x00007f1f12300000, 0x00007f1f25e90000)
 tenured generation   total 6463656K, used 6463458K [0x00007f23c9b50000, 0x00007f255437a000, 0x00007f2e74600000)
   the space 6463656K,  99% used [0x00007f23c9b50000, 0x00007f25543488d8, 0x00007f2554348a00, 0x00007f255437a000)
 Metaspace       used 24195K, capacity 24592K, committed 24832K, reserved 26624K
}
Event: 5841.770 GC heap before
{Heap before GC invocations=10292 (full 4):
 def new generation   total 2908736K, used 2603656K [0x00007f1e74600000, 0x00007f1f39a20000, 0x00007f23c9b50000)
  eden space 2585600K, 100% used [0x00007f1e74600000, 0x00007f1f12300000, 0x00007f1f12300000)
  from space 323136K,   5% used [0x00007f1f25e90000, 0x00007f1f27032050, 0x00007f1f39a20000)
  to   space 323136K,   0% used [0x00007f1f12300000, 0x00007f1f12300000, 0x00007f1f25e90000)
 tenured generation   total 6463656K, used 6463458K [0x00007f23c9b50000, 0x00007f255437a000, 0x00007f2e74600000)
   the space 6463656K,  99% used [0x00007f23c9b50000, 0x00007f25543488d8, 0x00007f2554348a00, 0x00007f255437a000)
 Metaspace       used 24195K, capacity 24592K, committed 24832K, reserved 26624K
}
Event: 5841.784 GC heap after
{Heap after GC invocations=10293 (full 4):
 def new generation   total 2908736K, used 18216K [0x00007f1e74600000, 0x00007f1f39a20000, 0x00007f23c9b50000)
  eden space 2585600K,   0% used [0x00007f1e74600000, 0x00007f1e74600000, 0x00007f1f12300000)
  from space 323136K,   5% used [0x00007f1f12300000, 0x00007f1f134ca0d0, 0x00007f1f25e90000)
  to   space 323136K,   0% used [0x00007f1f25e90000, 0x00007f1f25e90000, 0x00007f1f39a20000)
 tenured generation   total 6464616K, used 6464521K [0x00007f23c9b50000, 0x00007f255446a000, 0x00007f2e74600000)
   the space 6464616K,  99% used [0x00007f23c9b50000, 0x00007f2554452618, 0x00007f2554452800, 0x00007f255446a000)
 Metaspace       used 24195K, capacity 24592K, committed 24832K, reserved 26624K
}
Event: 5841.784 GC heap before
{Heap before GC invocations=10293 (full 4):
 def new generation   total 2908736K, used 18216K [0x00007f1e74600000, 0x00007f1f39a20000, 0x00007f23c9b50000)
  eden space 2585600K,   0% used [0x00007f1e74600000, 0x00007f1e74600000, 0x00007f1f12300000)
  from space 323136K,   5% used [0x00007f1f12300000, 0x00007f1f134ca0d0, 0x00007f1f25e90000)
  to   space 323136K,   0% used [0x00007f1f25e90000, 0x00007f1f25e90000, 0x00007f1f39a20000)
 tenured generation   total 6464616K, used 6464521K [0x00007f23c9b50000, 0x00007f255446a000, 0x00007f2e74600000)
   the space 6464616K,  99% used [0x00007f23c9b50000, 0x00007f2554452618, 0x00007f2554452800, 0x00007f255446a000)
 Metaspace       used 24195K, capacity 24592K, committed 24832K, reserved 26624K
}

