# JRE version: OpenJDK Runtime Environment (13.0.7+5) (build 13.0.7+5-Ubuntu-0ubuntu120.04)
# Java VM: OpenJDK 64-Bit Server VM (13.0.7+5-Ubuntu-0ubuntu120.04, mixed mode, tiered, serial gc, linux-amd64)
Heap:
 def new generation   total 1977280K, used 0K [0x00007f3ab8600000, 0x00007f3b3e770000, 0x00007f400db50000)
  eden space 1757632K,   0% used [0x00007f3ab8600000, 0x00007f3ab8600000, 0x00007f3b23a70000)
  from space 219648K,   0% used [0x00007f3b23a70000, 0x00007f3b23a70000, 0x00007f3b310f0000)
  to   space 219648K,   0% used [0x00007f3b310f0000, 0x00007f3b310f0000, 0x00007f3b3e770000)
 tenured generation   total 4393740K, used 17767K [0x00007f400db50000, 0x00007f4119e13000, 0x00007f4ab8600000)
   the space 4393740K,   0% used [0x00007f400db50000, 0x00007f400eca9fe8, 0x00007f400ecaa000, 0x00007f4119e13000)
 Metaspace       used 23244K, capacity 23610K, committed 23808K, reserved 24576K
GC Heap History (20 events):
Event: 7.942 GC heap before
{Heap before GC invocations=6 (full 1):
 def new generation   total 629248K, used 536519K [0x00007f3ab8600000, 0x00007f3ae30c0000, 0x00007f400db50000)
  eden space 559360K,  95% used [0x00007f3ab8600000, 0x00007f3ad90c4908, 0x00007f3ada840000)
  from space 69888K,   1% used [0x00007f3adec80000, 0x00007f3adedad5c0, 0x00007f3ae30c0000)
  to   space 69888K,   0% used [0x00007f3ada840000, 0x00007f3ada840000, 0x00007f3adec80000)
 tenured generation   total 1398144K, used 800029K [0x00007f400db50000, 0x00007f40630b0000, 0x00007f4ab8600000)
   the space 1398144K,  57% used [0x00007f400db50000, 0x00007f403e897420, 0x00007f403e897600, 0x00007f40630b0000)
 Metaspace       used 23242K, capacity 23610K, committed 23808K, reserved 24576K
}
Event: 8.324 GC heap after
{Heap after GC invocations=7 (full 1):
 def new generation   total 629248K, used 1206K [0x00007f3ab8600000, 0x00007f3ae30c0000, 0x00007f400db50000)
  eden space 559360K,   0% used [0x00007f3ab8600000, 0x00007f3ab8600000, 0x00007f3ada840000)
  from space 69888K,   1% used [0x00007f3ada840000, 0x00007f3ada96d838, 0x00007f3adec80000)
  to   space 69888K,   0% used [0x00007f3adec80000, 0x00007f3adec80000, 0x00007f3ae30c0000)
 tenured generation   total 1398144K, used 1324317K [0x00007f400db50000, 0x00007f40630b0000, 0x00007f4ab8600000)
   the space 1398144K,  94% used [0x00007f400db50000, 0x00007f405e897438, 0x00007f405e897600, 0x00007f40630b0000)
 Metaspace       used 23242K, capacity 23610K, committed 23808K, reserved 24576K
}
Event: 8.324 GC heap before
{Heap before GC invocations=7 (full 1):
 def new generation   total 629248K, used 1206K [0x00007f3ab8600000, 0x00007f3ae30c0000, 0x00007f400db50000)
  eden space 559360K,   0% used [0x00007f3ab8600000, 0x00007f3ab8600000, 0x00007f3ada840000)
  from space 69888K,   1% used [0x00007f3ada840000, 0x00007f3ada96d838, 0x00007f3adec80000)
  to   space 69888K,   0% used [0x00007f3adec80000, 0x00007f3adec80000, 0x00007f3ae30c0000)
 tenured generation   total 1398144K, used 1324317K [0x00007f400db50000, 0x00007f40630b0000, 0x00007f4ab8600000)
   the space 1398144K,  94% used [0x00007f400db50000, 0x00007f405e897438, 0x00007f405e897600, 0x00007f40630b0000)
 Metaspace       used 23242K, capacity 23610K, committed 23808K, reserved 24576K
}
Event: 8.584 GC heap after
{Heap after GC invocations=7 (full 2):
 def new generation   total 797632K, used 0K [0x00007f3ab8600000, 0x00007f3aee770000, 0x00007f400db50000)
  eden space 709056K,   0% used [0x00007f3ab8600000, 0x00007f3ab8600000, 0x00007f3ae3a70000)
  from space 88576K,   0% used [0x00007f3ae3a70000, 0x00007f3ae3a70000, 0x00007f3ae90f0000)
  to   space 88576K,   0% used [0x00007f3ae90f0000, 0x00007f3ae90f0000, 0x00007f3aee770000)
 tenured generation   total 1772300K, used 1063378K [0x00007f400db50000, 0x00007f4079e13000, 0x00007f4ab8600000)
   the space 1772300K,  59% used [0x00007f400db50000, 0x00007f404e9c4800, 0x00007f404e9c4800, 0x00007f4079e13000)
 Metaspace       used 23242K, capacity 23610K, committed 23808K, reserved 24576K
}
Event: 10.375 GC heap before
{Heap before GC invocations=7 (full 2):
 def new generation   total 797632K, used 13946K [0x00007f3ab8600000, 0x00007f3aee770000, 0x00007f400db50000)
  eden space 709056K,   1% used [0x00007f3ab8600000, 0x00007f3ab939e8f8, 0x00007f3ae3a70000)
  from space 88576K,   0% used [0x00007f3ae3a70000, 0x00007f3ae3a70000, 0x00007f3ae90f0000)
  to   space 88576K,   0% used [0x00007f3ae90f0000, 0x00007f3ae90f0000, 0x00007f3aee770000)
 tenured generation   total 3869456K, used 3160530K [0x00007f400db50000, 0x00007f40f9e14000, 0x00007f4ab8600000)
   the space 3869456K,  81% used [0x00007f400db50000, 0x00007f40ce9c4818, 0x00007f40ce9c4a00, 0x00007f40f9e14000)
 Metaspace       used 23242K, capacity 23610K, committed 23808K, reserved 24576K
}
Event: 10.376 GC heap after
{Heap after GC invocations=8 (full 2):
 def new generation   total 797632K, used 0K [0x00007f3ab8600000, 0x00007f3aee770000, 0x00007f400db50000)
  eden space 709056K,   0% used [0x00007f3ab8600000, 0x00007f3ab8600000, 0x00007f3ae3a70000)
  from space 88576K,   0% used [0x00007f3ae90f0000, 0x00007f3ae90f0160, 0x00007f3aee770000)
  to   space 88576K,   0% used [0x00007f3ae3a70000, 0x00007f3ae3a70000, 0x00007f3ae90f0000)
 tenured generation   total 3869456K, used 3160530K [0x00007f400db50000, 0x00007f40f9e14000, 0x00007f4ab8600000)
   the space 3869456K,  81% used [0x00007f400db50000, 0x00007f40ce9c4818, 0x00007f40ce9c4a00, 0x00007f40f9e14000)
 Metaspace       used 23242K, capacity 23610K, committed 23808K, reserved 24576K
}
Event: 10.376 GC heap before
{Heap before GC invocations=8 (full 2):
 def new generation   total 797632K, used 0K [0x00007f3ab8600000, 0x00007f3aee770000, 0x00007f400db50000)
  eden space 709056K,   0% used [0x00007f3ab8600000, 0x00007f3ab8600000, 0x00007f3ae3a70000)
  from space 88576K,   0% used [0x00007f3ae90f0000, 0x00007f3ae90f0160, 0x00007f3aee770000)
  to   space 88576K,   0% used [0x00007f3ae3a70000, 0x00007f3ae3a70000, 0x00007f3ae90f0000)
 tenured generation   total 3869456K, used 3160530K [0x00007f400db50000, 0x00007f40f9e14000, 0x00007f4ab8600000)
   the space 3869456K,  81% used [0x00007f400db50000, 0x00007f40ce9c4818, 0x00007f40ce9c4a00, 0x00007f40f9e14000)
 Metaspace       used 23242K, capacity 23610K, committed 23808K, reserved 24576K
}
Event: 10.909 GC heap after
{Heap after GC invocations=8 (full 3):
 def new generation   total 1977280K, used 0K [0x00007f3ab8600000, 0x00007f3b3e770000, 0x00007f400db50000)
  eden space 1757632K,   0% used [0x00007f3ab8600000, 0x00007f3ab8600000, 0x00007f3b23a70000)
  from space 219648K,   0% used [0x00007f3b23a70000, 0x00007f3b23a70000, 0x00007f3b310f0000)
  to   space 219648K,   0% used [0x00007f3b310f0000, 0x00007f3b310f0000, 0x00007f3b3e770000)
 tenured generation   total 4393740K, used 2636241K [0x00007f400db50000, 0x00007f4119e13000, 0x00007f4ab8600000)
   the space 4393740K,  59% used [0x00007f400db50000, 0x00007f40ae9c47a0, 0x00007f40ae9c4800, 0x00007f4119e13000)
 Metaspace       used 23242K, capacity 23610K, committed 23808K, reserved 24576K
}
Event: 11.644 GC heap before
{Heap before GC invocations=8 (full 3):
 def new generation   total 1977280K, used 1083146K [0x00007f3ab8600000, 0x00007f3b3e770000, 0x00007f400db50000)
  eden space 1757632K,  61% used [0x00007f3ab8600000, 0x00007f3afa7c2988, 0x00007f3b23a70000)
  from space 219648K,   0% used [0x00007f3b23a70000, 0x00007f3b23a70000, 0x00007f3b310f0000)
  to   space 219648K,   0% used [0x00007f3b310f0000, 0x00007f3b310f0000, 0x00007f3b3e770000)
 tenured generation   total 4393740K, used 2636241K [0x00007f400db50000, 0x00007f4119e13000, 0x00007f4ab8600000)
   the space 4393740K,  59% used [0x00007f400db50000, 0x00007f40ae9c47a0, 0x00007f40ae9c4800, 0x00007f4119e13000)
 Metaspace       used 23242K, capacity 23610K, committed 23808K, reserved 24576K
}
Event: 12.123 GC heap after
{Heap after GC invocations=9 (full 3):
 def new generation   total 1977280K, used 0K [0x00007f3ab8600000, 0x00007f3b3e770000, 0x00007f400db50000)
  eden space 1757632K,   0% used [0x00007f3ab8600000, 0x00007f3ab8600000, 0x00007f3b23a70000)
  from space 219648K,   0% used [0x00007f3b310f0000, 0x00007f3b310f01d8, 0x00007f3b3e770000)
  to   space 219648K,   0% used [0x00007f3b23a70000, 0x00007f3b23a70000, 0x00007f3b310f0000)
 tenured generation   total 4393740K, used 3684817K [0x00007f400db50000, 0x00007f4119e13000, 0x00007f4ab8600000)
   the space 4393740K,  83% used [0x00007f400db50000, 0x00007f40ee9c47b8, 0x00007f40ee9c4800, 0x00007f4119e13000)
 Metaspace       used 23242K, capacity 23610K, committed 23808K, reserved 24576K
}
Event: 12.401 GC heap before
{Heap before GC invocations=9 (full 3):
 def new generation   total 1977280K, used 1082958K [0x00007f3ab8600000, 0x00007f3b3e770000, 0x00007f400db50000)
  eden space 1757632K,  61% used [0x00007f3ab8600000, 0x00007f3afa793630, 0x00007f3b23a70000)
  from space 219648K,   0% used [0x00007f3b310f0000, 0x00007f3b310f01d8, 0x00007f3b3e770000)
  to   space 219648K,   0% used [0x00007f3b23a70000, 0x00007f3b23a70000, 0x00007f3b310f0000)
 tenured generation   total 4393740K, used 3684817K [0x00007f400db50000, 0x00007f4119e13000, 0x00007f4ab8600000)
   the space 4393740K,  83% used [0x00007f400db50000, 0x00007f40ee9c47b8, 0x00007f40ee9c4800, 0x00007f4119e13000)
 Metaspace       used 23242K, capacity 23610K, committed 23808K, reserved 24576K
}
Event: 13.068 GC heap after
{Heap after GC invocations=10 (full 3):
 def new generation   total 1977280K, used 1K [0x00007f3ab8600000, 0x00007f3b3e770000, 0x00007f400db50000)
  eden space 1757632K,   0% used [0x00007f3ab8600000, 0x00007f3ab8600000, 0x00007f3b23a70000)
  from space 219648K,   0% used [0x00007f3b23a70000, 0x00007f3b23a70420, 0x00007f3b310f0000)
  to   space 219648K,   0% used [0x00007f3b310f0000, 0x00007f3b310f0000, 0x00007f3b3e770000)
 tenured generation   total 5442320K, used 4733393K [0x00007f400db50000, 0x00007f4159e14000, 0x00007f4ab8600000)
   the space 5442320K,  86% used [0x00007f400db50000, 0x00007f412e9c47d0, 0x00007f412e9c4800, 0x00007f4159e14000)
 Metaspace       used 23242K, capacity 23610K, committed 23808K, reserved 24576K
}
Event: 13.068 GC heap before
{Heap before GC invocations=10 (full 3):
 def new generation   total 1977280K, used 1K [0x00007f3ab8600000, 0x00007f3b3e770000, 0x00007f400db50000)
  eden space 1757632K,   0% used [0x00007f3ab8600000, 0x00007f3ab8600000, 0x00007f3b23a70000)
  from space 219648K,   0% used [0x00007f3b23a70000, 0x00007f3b23a70420, 0x00007f3b310f0000)
  to   space 219648K,   0% used [0x00007f3b310f0000, 0x00007f3b310f0000, 0x00007f3b3e770000)
 tenured generation   total 5442320K, used 4733393K [0x00007f400db50000, 0x00007f4159e14000, 0x00007f4ab8600000)
   the space 5442320K,  86% used [0x00007f400db50000, 0x00007f412e9c47d0, 0x00007f412e9c4800, 0x00007f4159e14000)
 Metaspace       used 23242K, capacity 23610K, committed 23808K, reserved 24576K
}
Event: 13.621 GC heap after
{Heap after GC invocations=10 (full 4):
 def new generation   total 1977280K, used 0K [0x00007f3ab8600000, 0x00007f3b3e770000, 0x00007f400db50000)
  eden space 1757632K,   0% used [0x00007f3ab8600000, 0x00007f3ab8600000, 0x00007f3b23a70000)
  from space 219648K,   0% used [0x00007f3b23a70000, 0x00007f3b23a70000, 0x00007f3b310f0000)
  to   space 219648K,   0% used [0x00007f3b310f0000, 0x00007f3b310f0000, 0x00007f3b3e770000)
 tenured generation   total 4393740K, used 2106594K [0x00007f400db50000, 0x00007f4119e13000, 0x00007f4ab8600000)
   the space 4393740K,  47% used [0x00007f400db50000, 0x00007f408e488950, 0x00007f408e488a00, 0x00007f4119e13000)
 Metaspace       used 23242K, capacity 23610K, committed 23808K, reserved 24576K
}
Event: 14.767 GC heap before
{Heap before GC invocations=10 (full 4):
 def new generation   total 1977280K, used 1607124K [0x00007f3ab8600000, 0x00007f3b3e770000, 0x00007f400db50000)
  eden space 1757632K,  91% used [0x00007f3ab8600000, 0x00007f3b1a775380, 0x00007f3b23a70000)
  from space 219648K,   0% used [0x00007f3b23a70000, 0x00007f3b23a70000, 0x00007f3b310f0000)
  to   space 219648K,   0% used [0x00007f3b310f0000, 0x00007f3b310f0000, 0x00007f3b3e770000)
 tenured generation   total 4393740K, used 2106594K [0x00007f400db50000, 0x00007f4119e13000, 0x00007f4ab8600000)
   the space 4393740K,  47% used [0x00007f400db50000, 0x00007f408e488950, 0x00007f408e488a00, 0x00007f4119e13000)
 Metaspace       used 23242K, capacity 23610K, committed 23808K, reserved 24576K
}
Event: 14.909 GC heap after
{Heap after GC invocations=11 (full 4):
 def new generation   total 1977280K, used 0K [0x00007f3ab8600000, 0x00007f3b3e770000, 0x00007f400db50000)
  eden space 1757632K,   0% used [0x00007f3ab8600000, 0x00007f3ab8600000, 0x00007f3b23a70000)
  from space 219648K,   0% used [0x00007f3b310f0000, 0x00007f3b310f03c8, 0x00007f3b3e770000)
  to   space 219648K,   0% used [0x00007f3b23a70000, 0x00007f3b23a70000, 0x00007f3b310f0000)
 tenured generation   total 4393740K, used 2630882K [0x00007f400db50000, 0x00007f4119e13000, 0x00007f4ab8600000)
   the space 4393740K,  59% used [0x00007f400db50000, 0x00007f40ae488980, 0x00007f40ae488a00, 0x00007f4119e13000)
 Metaspace       used 23242K, capacity 23610K, committed 23808K, reserved 24576K
}
Event: 15.776 GC heap before
{Heap before GC invocations=11 (full 4):
 def new generation   total 1977280K, used 1386524K [0x00007f3ab8600000, 0x00007f3b3e770000, 0x00007f400db50000)
  eden space 1757632K,  78% used [0x00007f3ab8600000, 0x00007f3b0d006d08, 0x00007f3b23a70000)
  from space 219648K,   0% used [0x00007f3b310f0000, 0x00007f3b310f03c8, 0x00007f3b3e770000)
  to   space 219648K,   0% used [0x00007f3b23a70000, 0x00007f3b23a70000, 0x00007f3b310f0000)
 tenured generation   total 4393740K, used 2630882K [0x00007f400db50000, 0x00007f4119e13000, 0x00007f4ab8600000)
   the space 4393740K,  59% used [0x00007f400db50000, 0x00007f40ae488980, 0x00007f40ae488a00, 0x00007f4119e13000)
 Metaspace       used 23244K, capacity 23610K, committed 23808K, reserved 24576K
}
Event: 15.798 GC heap after
{Heap after GC invocations=12 (full 4):
 def new generation   total 1977280K, used 29065K [0x00007f3ab8600000, 0x00007f3b3e770000, 0x00007f400db50000)
  eden space 1757632K,   0% used [0x00007f3ab8600000, 0x00007f3ab8600000, 0x00007f3b23a70000)
  from space 219648K,  13% used [0x00007f3b23a70000, 0x00007f3b256d27b8, 0x00007f3b310f0000)
  to   space 219648K,   0% used [0x00007f3b310f0000, 0x00007f3b310f0000, 0x00007f3b3e770000)
 tenured generation   total 4393740K, used 2630882K [0x00007f400db50000, 0x00007f4119e13000, 0x00007f4ab8600000)
   the space 4393740K,  59% used [0x00007f400db50000, 0x00007f40ae488980, 0x00007f40ae488a00, 0x00007f4119e13000)
 Metaspace       used 23244K, capacity 23610K, committed 23808K, reserved 24576K
}
Event: 15.798 GC heap before
{Heap before GC invocations=12 (full 4):
 def new generation   total 1977280K, used 29065K [0x00007f3ab8600000, 0x00007f3b3e770000, 0x00007f400db50000)
  eden space 1757632K,   0% used [0x00007f3ab8600000, 0x00007f3ab8600000, 0x00007f3b23a70000)
  from space 219648K,  13% used [0x00007f3b23a70000, 0x00007f3b256d27b8, 0x00007f3b310f0000)
  to   space 219648K,   0% used [0x00007f3b310f0000, 0x00007f3b310f0000, 0x00007f3b3e770000)
 tenured generation   total 4393740K, used 2630882K [0x00007f400db50000, 0x00007f4119e13000, 0x00007f4ab8600000)
   the space 4393740K,  59% used [0x00007f400db50000, 0x00007f40ae488980, 0x00007f40ae488a00, 0x00007f4119e13000)
 Metaspace       used 23244K, capacity 23610K, committed 23808K, reserved 24576K
}
Event: 15.822 GC heap after
{Heap after GC invocations=12 (full 5):
 def new generation   total 1977280K, used 0K [0x00007f3ab8600000, 0x00007f3b3e770000, 0x00007f400db50000)
  eden space 1757632K,   0% used [0x00007f3ab8600000, 0x00007f3ab8600000, 0x00007f3b23a70000)
  from space 219648K,   0% used [0x00007f3b23a70000, 0x00007f3b23a70000, 0x00007f3b310f0000)
  to   space 219648K,   0% used [0x00007f3b310f0000, 0x00007f3b310f0000, 0x00007f3b3e770000)
 tenured generation   total 4393740K, used 17767K [0x00007f400db50000, 0x00007f4119e13000, 0x00007f4ab8600000)
   the space 4393740K,   0% used [0x00007f400db50000, 0x00007f400eca9fe8, 0x00007f400ecaa000, 0x00007f4119e13000)
 Metaspace       used 23244K, capacity 23610K, committed 23808K, reserved 24576K
}

