# JRE version: OpenJDK Runtime Environment (13.0.7+5) (build 13.0.7+5-Ubuntu-0ubuntu120.04)
# Java VM: OpenJDK 64-Bit Server VM (13.0.7+5-Ubuntu-0ubuntu120.04, mixed mode, tiered, serial gc, linux-amd64)
Heap:
 def new generation   total 6269696K, used 0K [0x00007fb6fc600000, 0x00007fb8a5900000, 0x00007fbc51b50000)
  eden space 5573120K,   0% used [0x00007fb6fc600000, 0x00007fb6fc600000, 0x00007fb850880000)
  from space 696576K,   0% used [0x00007fb87b0c0000, 0x00007fb87b0c0000, 0x00007fb8a5900000)
  to   space 696576K,   0% used [0x00007fb850880000, 0x00007fb850880000, 0x00007fb87b0c0000)
 tenured generation   total 14054932K, used 13573437K [0x00007fbc51b50000, 0x00007fbfab8d5000, 0x00007fc6fc600000)
   the space 14054932K,  96% used [0x00007fbc51b50000, 0x00007fbf8e29f7a0, 0x00007fbf8e29f800, 0x00007fbfab8d5000)
 Metaspace       used 31259K, capacity 31712K, committed 31744K, reserved 32768K
GC Heap History (20 events):
Event: 526.079 GC heap after
{Heap after GC invocations=175 (full 6):
 def new generation   total 6269696K, used 356625K [0x00007fb6fc600000, 0x00007fb8a5900000, 0x00007fbc51b50000)
  eden space 5573120K,   6% used [0x00007fb6fc600000, 0x00007fb712244500, 0x00007fb850880000)
  from space 696576K,   0% used [0x00007fb850880000, 0x00007fb850880000, 0x00007fb87b0c0000)
  to   space 696576K,   0% used [0x00007fb87b0c0000, 0x00007fb87b0c0000, 0x00007fb8a5900000)
 tenured generation   total 13932436K, used 8359460K [0x00007fbc51b50000, 0x00007fbfa4135000, 0x00007fc6fc600000)
   the space 13932436K,  59% used [0x00007fbc51b50000, 0x00007fbe4fed9000, 0x00007fbe4fed9000, 0x00007fbfa4135000)
 Metaspace       used 31259K, capacity 31712K, committed 31744K, reserved 32768K
}
Event: 570.368 GC heap before
{Heap before GC invocations=175 (full 6):
 def new generation   total 6269696K, used 5573120K [0x00007fb6fc600000, 0x00007fb8a5900000, 0x00007fbc51b50000)
  eden space 5573120K, 100% used [0x00007fb6fc600000, 0x00007fb850880000, 0x00007fb850880000)
  from space 696576K,   0% used [0x00007fb850880000, 0x00007fb850880000, 0x00007fb87b0c0000)
  to   space 696576K,   0% used [0x00007fb87b0c0000, 0x00007fb87b0c0000, 0x00007fb8a5900000)
 tenured generation   total 13932436K, used 8359460K [0x00007fbc51b50000, 0x00007fbfa4135000, 0x00007fc6fc600000)
   the space 13932436K,  59% used [0x00007fbc51b50000, 0x00007fbe4fed9000, 0x00007fbe4fed9000, 0x00007fbfa4135000)
 Metaspace       used 31259K, capacity 31712K, committed 31744K, reserved 32768K
}
Event: 576.148 GC heap after
{Heap after GC invocations=176 (full 6):
 def new generation   total 6269696K, used 696576K [0x00007fb6fc600000, 0x00007fb8a5900000, 0x00007fbc51b50000)
  eden space 5573120K,   0% used [0x00007fb6fc600000, 0x00007fb6fc600000, 0x00007fb850880000)
  from space 696576K, 100% used [0x00007fb87b0c0000, 0x00007fb8a5900000, 0x00007fb8a5900000)
  to   space 696576K,   0% used [0x00007fb850880000, 0x00007fb850880000, 0x00007fb87b0c0000)
 tenured generation   total 13932436K, used 9117712K [0x00007fbc51b50000, 0x00007fbfa4135000, 0x00007fc6fc600000)
   the space 13932436K,  65% used [0x00007fbc51b50000, 0x00007fbe7e354340, 0x00007fbe7e354400, 0x00007fbfa4135000)
 Metaspace       used 31259K, capacity 31712K, committed 31744K, reserved 32768K
}
Event: 580.966 GC heap before
{Heap before GC invocations=176 (full 6):
 def new generation   total 6269696K, used 6269696K [0x00007fb6fc600000, 0x00007fb8a5900000, 0x00007fbc51b50000)
  eden space 5573120K, 100% used [0x00007fb6fc600000, 0x00007fb850880000, 0x00007fb850880000)
  from space 696576K, 100% used [0x00007fb87b0c0000, 0x00007fb8a5900000, 0x00007fb8a5900000)
  to   space 696576K,   0% used [0x00007fb850880000, 0x00007fb850880000, 0x00007fb87b0c0000)
 tenured generation   total 13932436K, used 9117712K [0x00007fbc51b50000, 0x00007fbfa4135000, 0x00007fc6fc600000)
   the space 13932436K,  65% used [0x00007fbc51b50000, 0x00007fbe7e354340, 0x00007fbe7e354400, 0x00007fbfa4135000)
 Metaspace       used 31259K, capacity 31712K, committed 31744K, reserved 32768K
}
Event: 583.522 GC heap after
{Heap after GC invocations=177 (full 6):
 def new generation   total 6269696K, used 696575K [0x00007fb6fc600000, 0x00007fb8a5900000, 0x00007fbc51b50000)
  eden space 5573120K,   0% used [0x00007fb6fc600000, 0x00007fb6fc600000, 0x00007fb850880000)
  from space 696576K,  99% used [0x00007fb850880000, 0x00007fb87b0bffe8, 0x00007fb87b0c0000)
  to   space 696576K,   0% used [0x00007fb87b0c0000, 0x00007fb87b0c0000, 0x00007fb8a5900000)
 tenured generation   total 13932436K, used 10087809K [0x00007fbc51b50000, 0x00007fbfa4135000, 0x00007fc6fc600000)
   the space 13932436K,  72% used [0x00007fbc51b50000, 0x00007fbeb96b0560, 0x00007fbeb96b0600, 0x00007fbfa4135000)
 Metaspace       used 31259K, capacity 31712K, committed 31744K, reserved 32768K
}
Event: 584.941 GC heap before
{Heap before GC invocations=177 (full 6):
 def new generation   total 6269696K, used 6269695K [0x00007fb6fc600000, 0x00007fb8a5900000, 0x00007fbc51b50000)
  eden space 5573120K, 100% used [0x00007fb6fc600000, 0x00007fb850880000, 0x00007fb850880000)
  from space 696576K,  99% used [0x00007fb850880000, 0x00007fb87b0bffe8, 0x00007fb87b0c0000)
  to   space 696576K,   0% used [0x00007fb87b0c0000, 0x00007fb87b0c0000, 0x00007fb8a5900000)
 tenured generation   total 13932436K, used 10087809K [0x00007fbc51b50000, 0x00007fbfa4135000, 0x00007fc6fc600000)
   the space 13932436K,  72% used [0x00007fbc51b50000, 0x00007fbeb96b0560, 0x00007fbeb96b0600, 0x00007fbfa4135000)
 Metaspace       used 31259K, capacity 31712K, committed 31744K, reserved 32768K
}
Event: 586.610 GC heap after
{Heap after GC invocations=178 (full 6):
 def new generation   total 6269696K, used 446290K [0x00007fb6fc600000, 0x00007fb8a5900000, 0x00007fbc51b50000)
  eden space 5573120K,   0% used [0x00007fb6fc600000, 0x00007fb6fc600000, 0x00007fb850880000)
  from space 696576K,  64% used [0x00007fb87b0c0000, 0x00007fb896494b80, 0x00007fb8a5900000)
  to   space 696576K,   0% used [0x00007fb850880000, 0x00007fb850880000, 0x00007fb87b0c0000)
 tenured generation   total 13932436K, used 10784384K [0x00007fbc51b50000, 0x00007fbfa4135000, 0x00007fc6fc600000)
   the space 13932436K,  77% used [0x00007fbc51b50000, 0x00007fbee3ef0198, 0x00007fbee3ef0200, 0x00007fbfa4135000)
 Metaspace       used 31259K, capacity 31712K, committed 31744K, reserved 32768K
}
Event: 587.994 GC heap before
{Heap before GC invocations=178 (full 6):
 def new generation   total 6269696K, used 6019410K [0x00007fb6fc600000, 0x00007fb8a5900000, 0x00007fbc51b50000)
  eden space 5573120K, 100% used [0x00007fb6fc600000, 0x00007fb850880000, 0x00007fb850880000)
  from space 696576K,  64% used [0x00007fb87b0c0000, 0x00007fb896494b80, 0x00007fb8a5900000)
  to   space 696576K,   0% used [0x00007fb850880000, 0x00007fb850880000, 0x00007fb87b0c0000)
 tenured generation   total 13932436K, used 10784384K [0x00007fbc51b50000, 0x00007fbfa4135000, 0x00007fc6fc600000)
   the space 13932436K,  77% used [0x00007fbc51b50000, 0x00007fbee3ef0198, 0x00007fbee3ef0200, 0x00007fbfa4135000)
 Metaspace       used 31259K, capacity 31712K, committed 31744K, reserved 32768K
}
Event: 589.355 GC heap after
{Heap after GC invocations=179 (full 6):
 def new generation   total 6269696K, used 446546K [0x00007fb6fc600000, 0x00007fb8a5900000, 0x00007fbc51b50000)
  eden space 5573120K,   0% used [0x00007fb6fc600000, 0x00007fb6fc600000, 0x00007fb850880000)
  from space 696576K,  64% used [0x00007fb850880000, 0x00007fb86bc94810, 0x00007fb87b0c0000)
  to   space 696576K,   0% used [0x00007fb87b0c0000, 0x00007fb87b0c0000, 0x00007fb8a5900000)
 tenured generation   total 13932436K, used 11230674K [0x00007fbc51b50000, 0x00007fbfa4135000, 0x00007fc6fc600000)
   the space 13932436K,  80% used [0x00007fbc51b50000, 0x00007fbeff2c4a18, 0x00007fbeff2c4c00, 0x00007fbfa4135000)
 Metaspace       used 31259K, capacity 31712K, committed 31744K, reserved 32768K
}
Event: 590.695 GC heap before
{Heap before GC invocations=179 (full 6):
 def new generation   total 6269696K, used 6019666K [0x00007fb6fc600000, 0x00007fb8a5900000, 0x00007fbc51b50000)
  eden space 5573120K, 100% used [0x00007fb6fc600000, 0x00007fb850880000, 0x00007fb850880000)
  from space 696576K,  64% used [0x00007fb850880000, 0x00007fb86bc94810, 0x00007fb87b0c0000)
  to   space 696576K,   0% used [0x00007fb87b0c0000, 0x00007fb87b0c0000, 0x00007fb8a5900000)
 tenured generation   total 13932436K, used 11230674K [0x00007fbc51b50000, 0x00007fbfa4135000, 0x00007fc6fc600000)
   the space 13932436K,  80% used [0x00007fbc51b50000, 0x00007fbeff2c4a18, 0x00007fbeff2c4c00, 0x00007fbfa4135000)
 Metaspace       used 31259K, capacity 31712K, committed 31744K, reserved 32768K
}
Event: 592.083 GC heap after
{Heap after GC invocations=180 (full 6):
 def new generation   total 6269696K, used 446129K [0x00007fb6fc600000, 0x00007fb8a5900000, 0x00007fbc51b50000)
  eden space 5573120K,   0% used [0x00007fb6fc600000, 0x00007fb6fc600000, 0x00007fb850880000)
  from space 696576K,  64% used [0x00007fb87b0c0000, 0x00007fb89646c400, 0x00007fb8a5900000)
  to   space 696576K,   0% used [0x00007fb850880000, 0x00007fb850880000, 0x00007fb87b0c0000)
 tenured generation   total 13932436K, used 11677219K [0x00007fbc51b50000, 0x00007fbfa4135000, 0x00007fc6fc600000)
   the space 13932436K,  83% used [0x00007fbc51b50000, 0x00007fbf1a6d8e78, 0x00007fbf1a6d9000, 0x00007fbfa4135000)
 Metaspace       used 31259K, capacity 31712K, committed 31744K, reserved 32768K
}
Event: 593.482 GC heap before
{Heap before GC invocations=180 (full 6):
 def new generation   total 6269696K, used 6019249K [0x00007fb6fc600000, 0x00007fb8a5900000, 0x00007fbc51b50000)
  eden space 5573120K, 100% used [0x00007fb6fc600000, 0x00007fb850880000, 0x00007fb850880000)
  from space 696576K,  64% used [0x00007fb87b0c0000, 0x00007fb89646c400, 0x00007fb8a5900000)
  to   space 696576K,   0% used [0x00007fb850880000, 0x00007fb850880000, 0x00007fb87b0c0000)
 tenured generation   total 13932436K, used 11677219K [0x00007fbc51b50000, 0x00007fbfa4135000, 0x00007fc6fc600000)
   the space 13932436K,  83% used [0x00007fbc51b50000, 0x00007fbf1a6d8e78, 0x00007fbf1a6d9000, 0x00007fbfa4135000)
 Metaspace       used 31259K, capacity 31712K, committed 31744K, reserved 32768K
}
Event: 595.029 GC heap after
{Heap after GC invocations=181 (full 6):
 def new generation   total 6269696K, used 608204K [0x00007fb6fc600000, 0x00007fb8a5900000, 0x00007fbc51b50000)
  eden space 5573120K,   0% used [0x00007fb6fc600000, 0x00007fb6fc600000, 0x00007fb850880000)
  from space 696576K,  87% used [0x00007fb850880000, 0x00007fb875a73300, 0x00007fb87b0c0000)
  to   space 696576K,   0% used [0x00007fb87b0c0000, 0x00007fb87b0c0000, 0x00007fb8a5900000)
 tenured generation   total 13932436K, used 12123348K [0x00007fbc51b50000, 0x00007fbfa4135000, 0x00007fc6fc600000)
   the space 13932436K,  87% used [0x00007fbc51b50000, 0x00007fbf35a85048, 0x00007fbf35a85200, 0x00007fbfa4135000)
 Metaspace       used 31259K, capacity 31712K, committed 31744K, reserved 32768K
}
Event: 596.615 GC heap before
{Heap before GC invocations=181 (full 6):
 def new generation   total 6269696K, used 6181324K [0x00007fb6fc600000, 0x00007fb8a5900000, 0x00007fbc51b50000)
  eden space 5573120K, 100% used [0x00007fb6fc600000, 0x00007fb850880000, 0x00007fb850880000)
  from space 696576K,  87% used [0x00007fb850880000, 0x00007fb875a73300, 0x00007fb87b0c0000)
  to   space 696576K,   0% used [0x00007fb87b0c0000, 0x00007fb87b0c0000, 0x00007fb8a5900000)
 tenured generation   total 13932436K, used 12123348K [0x00007fbc51b50000, 0x00007fbfa4135000, 0x00007fc6fc600000)
   the space 13932436K,  87% used [0x00007fbc51b50000, 0x00007fbf35a85048, 0x00007fbf35a85200, 0x00007fbfa4135000)
 Metaspace       used 31259K, capacity 31712K, committed 31744K, reserved 32768K
}
Event: 598.621 GC heap after
{Heap after GC invocations=182 (full 6):
 def new generation   total 6269696K, used 696575K [0x00007fb6fc600000, 0x00007fb8a5900000, 0x00007fbc51b50000)
  eden space 5573120K,   0% used [0x00007fb6fc600000, 0x00007fb6fc600000, 0x00007fb850880000)
  from space 696576K,  99% used [0x00007fb87b0c0000, 0x00007fb8a58ffff8, 0x00007fb8a5900000)
  to   space 696576K,   0% used [0x00007fb850880000, 0x00007fb850880000, 0x00007fb87b0c0000)
 tenured generation   total 13932436K, used 12909180K [0x00007fbc51b50000, 0x00007fbfa4135000, 0x00007fc6fc600000)
   the space 13932436K,  92% used [0x00007fbc51b50000, 0x00007fbf659ef240, 0x00007fbf659ef400, 0x00007fbfa4135000)
 Metaspace       used 31259K, capacity 31712K, committed 31744K, reserved 32768K
}
Event: 600.053 GC heap before
{Heap before GC invocations=182 (full 6):
 def new generation   total 6269696K, used 6269695K [0x00007fb6fc600000, 0x00007fb8a5900000, 0x00007fbc51b50000)
  eden space 5573120K, 100% used [0x00007fb6fc600000, 0x00007fb850880000, 0x00007fb850880000)
  from space 696576K,  99% used [0x00007fb87b0c0000, 0x00007fb8a58ffff8, 0x00007fb8a5900000)
  to   space 696576K,   0% used [0x00007fb850880000, 0x00007fb850880000, 0x00007fb87b0c0000)
 tenured generation   total 13932436K, used 12909180K [0x00007fbc51b50000, 0x00007fbfa4135000, 0x00007fc6fc600000)
   the space 13932436K,  92% used [0x00007fbc51b50000, 0x00007fbf659ef240, 0x00007fbf659ef400, 0x00007fbfa4135000)
 Metaspace       used 31259K, capacity 31712K, committed 31744K, reserved 32768K
}
Event: 601.672 GC heap after
{Heap after GC invocations=183 (full 6):
 def new generation   total 6269696K, used 449100K [0x00007fb6fc600000, 0x00007fb8a5900000, 0x00007fbc51b50000)
  eden space 5573120K,   0% used [0x00007fb6fc600000, 0x00007fb6fc600000, 0x00007fb850880000)
  from space 696576K,  64% used [0x00007fb850880000, 0x00007fb86bf13360, 0x00007fb87b0c0000)
  to   space 696576K,   0% used [0x00007fb87b0c0000, 0x00007fb87b0c0000, 0x00007fb8a5900000)
 tenured generation   total 13932436K, used 13605755K [0x00007fbc51b50000, 0x00007fbfa4135000, 0x00007fc6fc600000)
   the space 13932436K,  97% used [0x00007fbc51b50000, 0x00007fbf9022ed98, 0x00007fbf9022ee00, 0x00007fbfa4135000)
 Metaspace       used 31259K, capacity 31712K, committed 31744K, reserved 32768K
}
Event: 603.065 GC heap before
{Heap before GC invocations=183 (full 6):
 def new generation   total 6269696K, used 6022220K [0x00007fb6fc600000, 0x00007fb8a5900000, 0x00007fbc51b50000)
  eden space 5573120K, 100% used [0x00007fb6fc600000, 0x00007fb850880000, 0x00007fb850880000)
  from space 696576K,  64% used [0x00007fb850880000, 0x00007fb86bf13360, 0x00007fb87b0c0000)
  to   space 696576K,   0% used [0x00007fb87b0c0000, 0x00007fb87b0c0000, 0x00007fb8a5900000)
 tenured generation   total 13932436K, used 13605755K [0x00007fbc51b50000, 0x00007fbfa4135000, 0x00007fc6fc600000)
   the space 13932436K,  97% used [0x00007fbc51b50000, 0x00007fbf9022ed98, 0x00007fbf9022ee00, 0x00007fbfa4135000)
 Metaspace       used 31259K, capacity 31712K, committed 31744K, reserved 32768K
}
Event: 604.483 GC heap after
{Heap after GC invocations=184 (full 6):
 def new generation   total 6269696K, used 450141K [0x00007fb6fc600000, 0x00007fb8a5900000, 0x00007fbc51b50000)
  eden space 5573120K,   0% used [0x00007fb6fc600000, 0x00007fb6fc600000, 0x00007fb850880000)
  from space 696576K,  64% used [0x00007fb87b0c0000, 0x00007fb896857690, 0x00007fb8a5900000)
  to   space 696576K,   0% used [0x00007fb850880000, 0x00007fb850880000, 0x00007fb87b0c0000)
 tenured generation   total 14054932K, used 14054855K [0x00007fbc51b50000, 0x00007fbfab8d5000, 0x00007fc6fc600000)
   the space 14054932K,  99% used [0x00007fbc51b50000, 0x00007fbfab8c1d68, 0x00007fbfab8c1e00, 0x00007fbfab8d5000)
 Metaspace       used 31259K, capacity 31712K, committed 31744K, reserved 32768K
}
Event: 604.483 GC heap before
{Heap before GC invocations=184 (full 6):
 def new generation   total 6269696K, used 450141K [0x00007fb6fc600000, 0x00007fb8a5900000, 0x00007fbc51b50000)
  eden space 5573120K,   0% used [0x00007fb6fc600000, 0x00007fb6fc600000, 0x00007fb850880000)
  from space 696576K,  64% used [0x00007fb87b0c0000, 0x00007fb896857690, 0x00007fb8a5900000)
  to   space 696576K,   0% used [0x00007fb850880000, 0x00007fb850880000, 0x00007fb87b0c0000)
 tenured generation   total 14054932K, used 14054855K [0x00007fbc51b50000, 0x00007fbfab8d5000, 0x00007fc6fc600000)
   the space 14054932K,  99% used [0x00007fbc51b50000, 0x00007fbfab8c1d68, 0x00007fbfab8c1e00, 0x00007fbfab8d5000)
 Metaspace       used 31259K, capacity 31712K, committed 31744K, reserved 32768K
}

