# JRE version: OpenJDK Runtime Environment (13.0.7+5) (build 13.0.7+5-Ubuntu-0ubuntu120.04)
# Java VM: OpenJDK 64-Bit Server VM (13.0.7+5-Ubuntu-0ubuntu120.04, mixed mode, tiered, serial gc, linux-amd64)
Heap:
 def new generation   total 5642880K, used 0K [0x00007f0ac0600000, 0x00007f0c3f0e0000, 0x00007f1015b50000)
  eden space 5015936K,   0% used [0x00007f0ac0600000, 0x00007f0ac0600000, 0x00007f0bf2860000)
  from space 626944K,   0% used [0x00007f0bf2860000, 0x00007f0bf2860000, 0x00007f0c18ca0000)
  to   space 626944K,   0% used [0x00007f0c18ca0000, 0x00007f0c18ca0000, 0x00007f0c3f0e0000)
 tenured generation   total 13842096K, used 13671174K [0x00007f1015b50000, 0x00007f13628fc000, 0x00007f1ac0600000)
   the space 13842096K,  98% used [0x00007f1015b50000, 0x00007f13582119a0, 0x00007f1358211a00, 0x00007f13628fc000)
 Metaspace       used 30571K, capacity 31009K, committed 31232K, reserved 32768K
GC Heap History (20 events):
Event: 186.195 GC heap after
{Heap after GC invocations=175 (full 9):
 def new generation   total 5642880K, used 374476K [0x00007f0ac0600000, 0x00007f0c3f0e0000, 0x00007f1015b50000)
  eden space 5015936K,   0% used [0x00007f0ac0600000, 0x00007f0ac0600000, 0x00007f0bf2860000)
  from space 626944K,  59% used [0x00007f0c18ca0000, 0x00007f0c2fa532d0, 0x00007f0c3f0e0000)
  to   space 626944K,   0% used [0x00007f0bf2860000, 0x00007f0bf2860000, 0x00007f0c18ca0000)
 tenured generation   total 12539568K, used 8500182K [0x00007f1015b50000, 0x00007f13130fc000, 0x00007f1ac0600000)
   the space 12539568K,  67% used [0x00007f1015b50000, 0x00007f121c845978, 0x00007f121c845a00, 0x00007f13130fc000)
 Metaspace       used 30571K, capacity 31009K, committed 31232K, reserved 32768K
}
Event: 187.556 GC heap before
{Heap before GC invocations=175 (full 9):
 def new generation   total 5642880K, used 5390412K [0x00007f0ac0600000, 0x00007f0c3f0e0000, 0x00007f1015b50000)
  eden space 5015936K, 100% used [0x00007f0ac0600000, 0x00007f0bf2860000, 0x00007f0bf2860000)
  from space 626944K,  59% used [0x00007f0c18ca0000, 0x00007f0c2fa532d0, 0x00007f0c3f0e0000)
  to   space 626944K,   0% used [0x00007f0bf2860000, 0x00007f0bf2860000, 0x00007f0c18ca0000)
 tenured generation   total 12539568K, used 8500182K [0x00007f1015b50000, 0x00007f13130fc000, 0x00007f1ac0600000)
   the space 12539568K,  67% used [0x00007f1015b50000, 0x00007f121c845978, 0x00007f121c845a00, 0x00007f13130fc000)
 Metaspace       used 30571K, capacity 31009K, committed 31232K, reserved 32768K
}
Event: 188.531 GC heap after
{Heap after GC invocations=176 (full 9):
 def new generation   total 5642880K, used 399576K [0x00007f0ac0600000, 0x00007f0c3f0e0000, 0x00007f1015b50000)
  eden space 5015936K,   0% used [0x00007f0ac0600000, 0x00007f0ac0600000, 0x00007f0bf2860000)
  from space 626944K,  63% used [0x00007f0bf2860000, 0x00007f0c0ae963a0, 0x00007f0c18ca0000)
  to   space 626944K,   0% used [0x00007f0c18ca0000, 0x00007f0c18ca0000, 0x00007f0c3f0e0000)
 tenured generation   total 12539568K, used 8874658K [0x00007f1015b50000, 0x00007f13130fc000, 0x00007f1ac0600000)
   the space 12539568K,  70% used [0x00007f1015b50000, 0x00007f12335f8908, 0x00007f12335f8a00, 0x00007f13130fc000)
 Metaspace       used 30571K, capacity 31009K, committed 31232K, reserved 32768K
}
Event: 189.913 GC heap before
{Heap before GC invocations=176 (full 9):
 def new generation   total 5642880K, used 5415512K [0x00007f0ac0600000, 0x00007f0c3f0e0000, 0x00007f1015b50000)
  eden space 5015936K, 100% used [0x00007f0ac0600000, 0x00007f0bf2860000, 0x00007f0bf2860000)
  from space 626944K,  63% used [0x00007f0bf2860000, 0x00007f0c0ae963a0, 0x00007f0c18ca0000)
  to   space 626944K,   0% used [0x00007f0c18ca0000, 0x00007f0c18ca0000, 0x00007f0c3f0e0000)
 tenured generation   total 12539568K, used 8874658K [0x00007f1015b50000, 0x00007f13130fc000, 0x00007f1ac0600000)
   the space 12539568K,  70% used [0x00007f1015b50000, 0x00007f12335f8908, 0x00007f12335f8a00, 0x00007f13130fc000)
 Metaspace       used 30571K, capacity 31009K, committed 31232K, reserved 32768K
}
Event: 190.854 GC heap after
{Heap after GC invocations=177 (full 9):
 def new generation   total 5642880K, used 386851K [0x00007f0ac0600000, 0x00007f0c3f0e0000, 0x00007f1015b50000)
  eden space 5015936K,   0% used [0x00007f0ac0600000, 0x00007f0ac0600000, 0x00007f0bf2860000)
  from space 626944K,  61% used [0x00007f0c18ca0000, 0x00007f0c30668f98, 0x00007f0c3f0e0000)
  to   space 626944K,   0% used [0x00007f0bf2860000, 0x00007f0bf2860000, 0x00007f0c18ca0000)
 tenured generation   total 12539568K, used 9274234K [0x00007f1015b50000, 0x00007f13130fc000, 0x00007f1ac0600000)
   the space 12539568K,  73% used [0x00007f1015b50000, 0x00007f124bc2e9e8, 0x00007f124bc2ea00, 0x00007f13130fc000)
 Metaspace       used 30571K, capacity 31009K, committed 31232K, reserved 32768K
}
Event: 192.326 GC heap before
{Heap before GC invocations=177 (full 9):
 def new generation   total 5642880K, used 5402787K [0x00007f0ac0600000, 0x00007f0c3f0e0000, 0x00007f1015b50000)
  eden space 5015936K, 100% used [0x00007f0ac0600000, 0x00007f0bf2860000, 0x00007f0bf2860000)
  from space 626944K,  61% used [0x00007f0c18ca0000, 0x00007f0c30668f98, 0x00007f0c3f0e0000)
  to   space 626944K,   0% used [0x00007f0bf2860000, 0x00007f0bf2860000, 0x00007f0c18ca0000)
 tenured generation   total 12539568K, used 9274234K [0x00007f1015b50000, 0x00007f13130fc000, 0x00007f1ac0600000)
   the space 12539568K,  73% used [0x00007f1015b50000, 0x00007f124bc2e9e8, 0x00007f124bc2ea00, 0x00007f13130fc000)
 Metaspace       used 30571K, capacity 31009K, committed 31232K, reserved 32768K
}
Event: 193.259 GC heap after
{Heap after GC invocations=178 (full 9):
 def new generation   total 5642880K, used 382400K [0x00007f0ac0600000, 0x00007f0c3f0e0000, 0x00007f1015b50000)
  eden space 5015936K,   0% used [0x00007f0ac0600000, 0x00007f0ac0600000, 0x00007f0bf2860000)
  from space 626944K,  60% used [0x00007f0bf2860000, 0x00007f0c09dd0238, 0x00007f0c18ca0000)
  to   space 626944K,   0% used [0x00007f0c18ca0000, 0x00007f0c18ca0000, 0x00007f0c3f0e0000)
 tenured generation   total 12539568K, used 9661086K [0x00007f1015b50000, 0x00007f13130fc000, 0x00007f1ac0600000)
   the space 12539568K,  77% used [0x00007f1015b50000, 0x00007f12635f78a0, 0x00007f12635f7a00, 0x00007f13130fc000)
 Metaspace       used 30571K, capacity 31009K, committed 31232K, reserved 32768K
}
Event: 194.613 GC heap before
{Heap before GC invocations=178 (full 9):
 def new generation   total 5642880K, used 5398336K [0x00007f0ac0600000, 0x00007f0c3f0e0000, 0x00007f1015b50000)
  eden space 5015936K, 100% used [0x00007f0ac0600000, 0x00007f0bf2860000, 0x00007f0bf2860000)
  from space 626944K,  60% used [0x00007f0bf2860000, 0x00007f0c09dd0238, 0x00007f0c18ca0000)
  to   space 626944K,   0% used [0x00007f0c18ca0000, 0x00007f0c18ca0000, 0x00007f0c3f0e0000)
 tenured generation   total 12539568K, used 9661086K [0x00007f1015b50000, 0x00007f13130fc000, 0x00007f1ac0600000)
   the space 12539568K,  77% used [0x00007f1015b50000, 0x00007f12635f78a0, 0x00007f12635f7a00, 0x00007f13130fc000)
 Metaspace       used 30571K, capacity 31009K, committed 31232K, reserved 32768K
}
Event: 195.553 GC heap after
{Heap after GC invocations=179 (full 9):
 def new generation   total 5642880K, used 391118K [0x00007f0ac0600000, 0x00007f0c3f0e0000, 0x00007f1015b50000)
  eden space 5015936K,   0% used [0x00007f0ac0600000, 0x00007f0ac0600000, 0x00007f0bf2860000)
  from space 626944K,  62% used [0x00007f0c18ca0000, 0x00007f0c30a93a78, 0x00007f0c3f0e0000)
  to   space 626944K,   0% used [0x00007f0bf2860000, 0x00007f0bf2860000, 0x00007f0c18ca0000)
 tenured generation   total 12539568K, used 10043485K [0x00007f1015b50000, 0x00007f13130fc000, 0x00007f1ac0600000)
   the space 12539568K,  80% used [0x00007f1015b50000, 0x00007f127ab675b8, 0x00007f127ab67600, 0x00007f13130fc000)
 Metaspace       used 30571K, capacity 31009K, committed 31232K, reserved 32768K
}
Event: 196.857 GC heap before
{Heap before GC invocations=179 (full 9):
 def new generation   total 5642880K, used 5407054K [0x00007f0ac0600000, 0x00007f0c3f0e0000, 0x00007f1015b50000)
  eden space 5015936K, 100% used [0x00007f0ac0600000, 0x00007f0bf2860000, 0x00007f0bf2860000)
  from space 626944K,  62% used [0x00007f0c18ca0000, 0x00007f0c30a93a78, 0x00007f0c3f0e0000)
  to   space 626944K,   0% used [0x00007f0bf2860000, 0x00007f0bf2860000, 0x00007f0c18ca0000)
 tenured generation   total 12539568K, used 10043485K [0x00007f1015b50000, 0x00007f13130fc000, 0x00007f1ac0600000)
   the space 12539568K,  80% used [0x00007f1015b50000, 0x00007f127ab675b8, 0x00007f127ab67600, 0x00007f13130fc000)
 Metaspace       used 30571K, capacity 31009K, committed 31232K, reserved 32768K
}
Event: 197.785 GC heap after
{Heap after GC invocations=180 (full 9):
 def new generation   total 5642880K, used 380732K [0x00007f0ac0600000, 0x00007f0c3f0e0000, 0x00007f1015b50000)
  eden space 5015936K,   0% used [0x00007f0ac0600000, 0x00007f0ac0600000, 0x00007f0bf2860000)
  from space 626944K,  60% used [0x00007f0bf2860000, 0x00007f0c09c2f3f0, 0x00007f0c18ca0000)
  to   space 626944K,   0% used [0x00007f0c18ca0000, 0x00007f0c18ca0000, 0x00007f0c3f0e0000)
 tenured generation   total 12539568K, used 10434602K [0x00007f1015b50000, 0x00007f13130fc000, 0x00007f1ac0600000)
   the space 12539568K,  83% used [0x00007f1015b50000, 0x00007f129295abd0, 0x00007f129295ac00, 0x00007f13130fc000)
 Metaspace       used 30571K, capacity 31009K, committed 31232K, reserved 32768K
}
Event: 199.146 GC heap before
{Heap before GC invocations=180 (full 9):
 def new generation   total 5642880K, used 5396668K [0x00007f0ac0600000, 0x00007f0c3f0e0000, 0x00007f1015b50000)
  eden space 5015936K, 100% used [0x00007f0ac0600000, 0x00007f0bf2860000, 0x00007f0bf2860000)
  from space 626944K,  60% used [0x00007f0bf2860000, 0x00007f0c09c2f3f0, 0x00007f0c18ca0000)
  to   space 626944K,   0% used [0x00007f0c18ca0000, 0x00007f0c18ca0000, 0x00007f0c3f0e0000)
 tenured generation   total 12539568K, used 10434602K [0x00007f1015b50000, 0x00007f13130fc000, 0x00007f1ac0600000)
   the space 12539568K,  83% used [0x00007f1015b50000, 0x00007f129295abd0, 0x00007f129295ac00, 0x00007f13130fc000)
 Metaspace       used 30571K, capacity 31009K, committed 31232K, reserved 32768K
}
Event: 200.061 GC heap after
{Heap after GC invocations=181 (full 9):
 def new generation   total 5642880K, used 389194K [0x00007f0ac0600000, 0x00007f0c3f0e0000, 0x00007f1015b50000)
  eden space 5015936K,   0% used [0x00007f0ac0600000, 0x00007f0ac0600000, 0x00007f0bf2860000)
  from space 626944K,  62% used [0x00007f0c18ca0000, 0x00007f0c308b2840, 0x00007f0c3f0e0000)
  to   space 626944K,   0% used [0x00007f0bf2860000, 0x00007f0bf2860000, 0x00007f0c18ca0000)
 tenured generation   total 12539568K, used 10815335K [0x00007f1015b50000, 0x00007f13130fc000, 0x00007f1ac0600000)
   the space 12539568K,  86% used [0x00007f1015b50000, 0x00007f12a9d29cc0, 0x00007f12a9d29e00, 0x00007f13130fc000)
 Metaspace       used 30571K, capacity 31009K, committed 31232K, reserved 32768K
}
Event: 201.370 GC heap before
{Heap before GC invocations=181 (full 9):
 def new generation   total 5642880K, used 5405130K [0x00007f0ac0600000, 0x00007f0c3f0e0000, 0x00007f1015b50000)
  eden space 5015936K, 100% used [0x00007f0ac0600000, 0x00007f0bf2860000, 0x00007f0bf2860000)
  from space 626944K,  62% used [0x00007f0c18ca0000, 0x00007f0c308b2840, 0x00007f0c3f0e0000)
  to   space 626944K,   0% used [0x00007f0bf2860000, 0x00007f0bf2860000, 0x00007f0c18ca0000)
 tenured generation   total 12539568K, used 10815335K [0x00007f1015b50000, 0x00007f13130fc000, 0x00007f1ac0600000)
   the space 12539568K,  86% used [0x00007f1015b50000, 0x00007f12a9d29cc0, 0x00007f12a9d29e00, 0x00007f13130fc000)
 Metaspace       used 30571K, capacity 31009K, committed 31232K, reserved 32768K
}
Event: 202.295 GC heap after
{Heap after GC invocations=182 (full 9):
 def new generation   total 5642880K, used 374880K [0x00007f0ac0600000, 0x00007f0c3f0e0000, 0x00007f1015b50000)
  eden space 5015936K,   0% used [0x00007f0ac0600000, 0x00007f0ac0600000, 0x00007f0bf2860000)
  from space 626944K,  59% used [0x00007f0bf2860000, 0x00007f0c096780a0, 0x00007f0c18ca0000)
  to   space 626944K,   0% used [0x00007f0c18ca0000, 0x00007f0c18ca0000, 0x00007f0c3f0e0000)
 tenured generation   total 12539568K, used 11204528K [0x00007f1015b50000, 0x00007f13130fc000, 0x00007f1ac0600000)
   the space 12539568K,  89% used [0x00007f1015b50000, 0x00007f12c193c260, 0x00007f12c193c400, 0x00007f13130fc000)
 Metaspace       used 30571K, capacity 31009K, committed 31232K, reserved 32768K
}
Event: 203.605 GC heap before
{Heap before GC invocations=182 (full 9):
 def new generation   total 5642880K, used 5390816K [0x00007f0ac0600000, 0x00007f0c3f0e0000, 0x00007f1015b50000)
  eden space 5015936K, 100% used [0x00007f0ac0600000, 0x00007f0bf2860000, 0x00007f0bf2860000)
  from space 626944K,  59% used [0x00007f0bf2860000, 0x00007f0c096780a0, 0x00007f0c18ca0000)
  to   space 626944K,   0% used [0x00007f0c18ca0000, 0x00007f0c18ca0000, 0x00007f0c3f0e0000)
 tenured generation   total 12539568K, used 11204528K [0x00007f1015b50000, 0x00007f13130fc000, 0x00007f1ac0600000)
   the space 12539568K,  89% used [0x00007f1015b50000, 0x00007f12c193c260, 0x00007f12c193c400, 0x00007f13130fc000)
 Metaspace       used 30571K, capacity 31009K, committed 31232K, reserved 32768K
}
Event: 204.557 GC heap after
{Heap after GC invocations=183 (full 9):
 def new generation   total 5642880K, used 387412K [0x00007f0ac0600000, 0x00007f0c3f0e0000, 0x00007f1015b50000)
  eden space 5015936K,   0% used [0x00007f0ac0600000, 0x00007f0ac0600000, 0x00007f0bf2860000)
  from space 626944K,  61% used [0x00007f0c18ca0000, 0x00007f0c306f5278, 0x00007f0c3f0e0000)
  to   space 626944K,   0% used [0x00007f0bf2860000, 0x00007f0bf2860000, 0x00007f0c18ca0000)
 tenured generation   total 12539568K, used 11579408K [0x00007f1015b50000, 0x00007f13130fc000, 0x00007f1ac0600000)
   the space 12539568K,  92% used [0x00007f1015b50000, 0x00007f12d8754240, 0x00007f12d8754400, 0x00007f13130fc000)
 Metaspace       used 30571K, capacity 31009K, committed 31232K, reserved 32768K
}
Event: 477.371 GC heap before
{Heap before GC invocations=183 (full 9):
 def new generation   total 5642880K, used 5403348K [0x00007f0ac0600000, 0x00007f0c3f0e0000, 0x00007f1015b50000)
  eden space 5015936K, 100% used [0x00007f0ac0600000, 0x00007f0bf2860000, 0x00007f0bf2860000)
  from space 626944K,  61% used [0x00007f0c18ca0000, 0x00007f0c306f5278, 0x00007f0c3f0e0000)
  to   space 626944K,   0% used [0x00007f0bf2860000, 0x00007f0bf2860000, 0x00007f0c18ca0000)
 tenured generation   total 12539568K, used 11579408K [0x00007f1015b50000, 0x00007f13130fc000, 0x00007f1ac0600000)
   the space 12539568K,  92% used [0x00007f1015b50000, 0x00007f12d8754240, 0x00007f12d8754400, 0x00007f13130fc000)
 Metaspace       used 30571K, capacity 31009K, committed 31232K, reserved 32768K
}
Event: 482.579 GC heap after
{Heap after GC invocations=184 (full 9):
 def new generation   total 5642880K, used 626944K [0x00007f0ac0600000, 0x00007f0c3f0e0000, 0x00007f1015b50000)
  eden space 5015936K,   0% used [0x00007f0ac0600000, 0x00007f0ac0600000, 0x00007f0bf2860000)
  from space 626944K, 100% used [0x00007f0bf2860000, 0x00007f0c18ca0000, 0x00007f0c18ca0000)
  to   space 626944K,   0% used [0x00007f0c18ca0000, 0x00007f0c18ca0000, 0x00007f0c3f0e0000)
 tenured generation   total 13842096K, used 13842076K [0x00007f1015b50000, 0x00007f13628fc000, 0x00007f1ac0600000)
   the space 13842096K,  99% used [0x00007f1015b50000, 0x00007f13628f71d0, 0x00007f13628f7200, 0x00007f13628fc000)
 Metaspace       used 30571K, capacity 31009K, committed 31232K, reserved 32768K
}
Event: 482.579 GC heap before
{Heap before GC invocations=184 (full 9):
 def new generation   total 5642880K, used 626944K [0x00007f0ac0600000, 0x00007f0c3f0e0000, 0x00007f1015b50000)
  eden space 5015936K,   0% used [0x00007f0ac0600000, 0x00007f0ac0600000, 0x00007f0bf2860000)
  from space 626944K, 100% used [0x00007f0bf2860000, 0x00007f0c18ca0000, 0x00007f0c18ca0000)
  to   space 626944K,   0% used [0x00007f0c18ca0000, 0x00007f0c18ca0000, 0x00007f0c3f0e0000)
 tenured generation   total 13842096K, used 13842076K [0x00007f1015b50000, 0x00007f13628fc000, 0x00007f1ac0600000)
   the space 13842096K,  99% used [0x00007f1015b50000, 0x00007f13628f71d0, 0x00007f13628f7200, 0x00007f13628fc000)
 Metaspace       used 30571K, capacity 31009K, committed 31232K, reserved 32768K
}

