# JRE version: OpenJDK Runtime Environment (13.0.7+5) (build 13.0.7+5-Ubuntu-0ubuntu120.04)
# Java VM: OpenJDK 64-Bit Server VM (13.0.7+5-Ubuntu-0ubuntu120.04, mixed mode, tiered, serial gc, linux-amd64)
Heap:
 def new generation   total 2894656K, used 5204K [0x00007f08b8600000, 0x00007f097cae0000, 0x00007f0e0db50000)
  eden space 2573056K,   0% used [0x00007f08b8600000, 0x00007f08b8b15148, 0x00007f09556c0000)
  from space 321600K,   0% used [0x00007f09556c0000, 0x00007f09556c0000, 0x00007f09690d0000)
  to   space 321600K,   0% used [0x00007f09690d0000, 0x00007f09690d0000, 0x00007f097cae0000)
 tenured generation   total 6432880K, used 6432879K [0x00007f0e0db50000, 0x00007f0f9656c000, 0x00007f18b8600000)
   the space 6432880K,  99% used [0x00007f0e0db50000, 0x00007f0f9656bfb0, 0x00007f0f9656c000, 0x00007f0f9656c000)
 Metaspace       used 24396K, capacity 24829K, committed 25088K, reserved 26624K
GC Heap History (20 events):
Event: 40546.994 GC heap after
{Heap after GC invocations=37989 (full 4):
 def new generation   total 2894656K, used 5696K [0x00007f08b8600000, 0x00007f097cae0000, 0x00007f0e0db50000)
  eden space 2573056K,   0% used [0x00007f08b8600000, 0x00007f08b8600000, 0x00007f09556c0000)
  from space 321600K,   1% used [0x00007f09690d0000, 0x00007f0969660238, 0x00007f097cae0000)
  to   space 321600K,   0% used [0x00007f09556c0000, 0x00007f09556c0000, 0x00007f09690d0000)
 tenured generation   total 6432496K, used 6429241K [0x00007f0e0db50000, 0x00007f0f9650c000, 0x00007f18b8600000)
   the space 6432496K,  99% used [0x00007f0e0db50000, 0x00007f0f961de598, 0x00007f0f961de600, 0x00007f0f9650c000)
 Metaspace       used 24396K, capacity 24829K, committed 25088K, reserved 26624K
}
Event: 40548.940 GC heap before
{Heap before GC invocations=37989 (full 4):
 def new generation   total 2894656K, used 2578752K [0x00007f08b8600000, 0x00007f097cae0000, 0x00007f0e0db50000)
  eden space 2573056K, 100% used [0x00007f08b8600000, 0x00007f09556c0000, 0x00007f09556c0000)
  from space 321600K,   1% used [0x00007f09690d0000, 0x00007f0969660238, 0x00007f097cae0000)
  to   space 321600K,   0% used [0x00007f09556c0000, 0x00007f09556c0000, 0x00007f09690d0000)
 tenured generation   total 6432496K, used 6429241K [0x00007f0e0db50000, 0x00007f0f9650c000, 0x00007f18b8600000)
   the space 6432496K,  99% used [0x00007f0e0db50000, 0x00007f0f961de598, 0x00007f0f961de600, 0x00007f0f9650c000)
 Metaspace       used 24396K, capacity 24829K, committed 25088K, reserved 26624K
}
Event: 40548.955 GC heap after
{Heap after GC invocations=37990 (full 4):
 def new generation   total 2894656K, used 5568K [0x00007f08b8600000, 0x00007f097cae0000, 0x00007f0e0db50000)
  eden space 2573056K,   0% used [0x00007f08b8600000, 0x00007f08b8600000, 0x00007f09556c0000)
  from space 321600K,   1% used [0x00007f09556c0000, 0x00007f0955c30140, 0x00007f09690d0000)
  to   space 321600K,   0% used [0x00007f09690d0000, 0x00007f09690d0000, 0x00007f097cae0000)
 tenured generation   total 6432496K, used 6429624K [0x00007f0e0db50000, 0x00007f0f9650c000, 0x00007f18b8600000)
   the space 6432496K,  99% used [0x00007f0e0db50000, 0x00007f0f9623e340, 0x00007f0f9623e400, 0x00007f0f9650c000)
 Metaspace       used 24396K, capacity 24829K, committed 25088K, reserved 26624K
}
Event: 40551.150 GC heap before
{Heap before GC invocations=37990 (full 4):
 def new generation   total 2894656K, used 2578624K [0x00007f08b8600000, 0x00007f097cae0000, 0x00007f0e0db50000)
  eden space 2573056K, 100% used [0x00007f08b8600000, 0x00007f09556c0000, 0x00007f09556c0000)
  from space 321600K,   1% used [0x00007f09556c0000, 0x00007f0955c30140, 0x00007f09690d0000)
  to   space 321600K,   0% used [0x00007f09690d0000, 0x00007f09690d0000, 0x00007f097cae0000)
 tenured generation   total 6432496K, used 6429624K [0x00007f0e0db50000, 0x00007f0f9650c000, 0x00007f18b8600000)
   the space 6432496K,  99% used [0x00007f0e0db50000, 0x00007f0f9623e340, 0x00007f0f9623e400, 0x00007f0f9650c000)
 Metaspace       used 24396K, capacity 24829K, committed 25088K, reserved 26624K
}
Event: 40551.167 GC heap after
{Heap after GC invocations=37991 (full 4):
 def new generation   total 2894656K, used 5459K [0x00007f08b8600000, 0x00007f097cae0000, 0x00007f0e0db50000)
  eden space 2573056K,   0% used [0x00007f08b8600000, 0x00007f08b8600000, 0x00007f09556c0000)
  from space 321600K,   1% used [0x00007f09690d0000, 0x00007f0969624db8, 0x00007f097cae0000)
  to   space 321600K,   0% used [0x00007f09556c0000, 0x00007f09556c0000, 0x00007f09690d0000)
 tenured generation   total 6432496K, used 6430028K [0x00007f0e0db50000, 0x00007f0f9650c000, 0x00007f18b8600000)
   the space 6432496K,  99% used [0x00007f0e0db50000, 0x00007f0f962a31a0, 0x00007f0f962a3200, 0x00007f0f9650c000)
 Metaspace       used 24396K, capacity 24829K, committed 25088K, reserved 26624K
}
Event: 40553.371 GC heap before
{Heap before GC invocations=37991 (full 4):
 def new generation   total 2894656K, used 2578515K [0x00007f08b8600000, 0x00007f097cae0000, 0x00007f0e0db50000)
  eden space 2573056K, 100% used [0x00007f08b8600000, 0x00007f09556c0000, 0x00007f09556c0000)
  from space 321600K,   1% used [0x00007f09690d0000, 0x00007f0969624db8, 0x00007f097cae0000)
  to   space 321600K,   0% used [0x00007f09556c0000, 0x00007f09556c0000, 0x00007f09690d0000)
 tenured generation   total 6432496K, used 6430028K [0x00007f0e0db50000, 0x00007f0f9650c000, 0x00007f18b8600000)
   the space 6432496K,  99% used [0x00007f0e0db50000, 0x00007f0f962a31a0, 0x00007f0f962a3200, 0x00007f0f9650c000)
 Metaspace       used 24396K, capacity 24829K, committed 25088K, reserved 26624K
}
Event: 40553.390 GC heap after
{Heap after GC invocations=37992 (full 4):
 def new generation   total 2894656K, used 5364K [0x00007f08b8600000, 0x00007f097cae0000, 0x00007f0e0db50000)
  eden space 2573056K,   0% used [0x00007f08b8600000, 0x00007f08b8600000, 0x00007f09556c0000)
  from space 321600K,   1% used [0x00007f09556c0000, 0x00007f0955bfd058, 0x00007f09690d0000)
  to   space 321600K,   0% used [0x00007f09690d0000, 0x00007f09690d0000, 0x00007f097cae0000)
 tenured generation   total 6432496K, used 6430412K [0x00007f0e0db50000, 0x00007f0f9650c000, 0x00007f18b8600000)
   the space 6432496K,  99% used [0x00007f0e0db50000, 0x00007f0f96303188, 0x00007f0f96303200, 0x00007f0f9650c000)
 Metaspace       used 24396K, capacity 24829K, committed 25088K, reserved 26624K
}
Event: 40555.603 GC heap before
{Heap before GC invocations=37992 (full 4):
 def new generation   total 2894656K, used 2578420K [0x00007f08b8600000, 0x00007f097cae0000, 0x00007f0e0db50000)
  eden space 2573056K, 100% used [0x00007f08b8600000, 0x00007f09556c0000, 0x00007f09556c0000)
  from space 321600K,   1% used [0x00007f09556c0000, 0x00007f0955bfd058, 0x00007f09690d0000)
  to   space 321600K,   0% used [0x00007f09690d0000, 0x00007f09690d0000, 0x00007f097cae0000)
 tenured generation   total 6432496K, used 6430412K [0x00007f0e0db50000, 0x00007f0f9650c000, 0x00007f18b8600000)
   the space 6432496K,  99% used [0x00007f0e0db50000, 0x00007f0f96303188, 0x00007f0f96303200, 0x00007f0f9650c000)
 Metaspace       used 24396K, capacity 24829K, committed 25088K, reserved 26624K
}
Event: 40555.625 GC heap after
{Heap after GC invocations=37993 (full 4):
 def new generation   total 2894656K, used 5303K [0x00007f08b8600000, 0x00007f097cae0000, 0x00007f0e0db50000)
  eden space 2573056K,   0% used [0x00007f08b8600000, 0x00007f08b8600000, 0x00007f09556c0000)
  from space 321600K,   1% used [0x00007f09690d0000, 0x00007f09695fde90, 0x00007f097cae0000)
  to   space 321600K,   0% used [0x00007f09556c0000, 0x00007f09556c0000, 0x00007f09690d0000)
 tenured generation   total 6432496K, used 6430815K [0x00007f0e0db50000, 0x00007f0f9650c000, 0x00007f18b8600000)
   the space 6432496K,  99% used [0x00007f0e0db50000, 0x00007f0f96367da8, 0x00007f0f96367e00, 0x00007f0f9650c000)
 Metaspace       used 24396K, capacity 24829K, committed 25088K, reserved 26624K
}
Event: 40557.790 GC heap before
{Heap before GC invocations=37993 (full 4):
 def new generation   total 2894656K, used 2578359K [0x00007f08b8600000, 0x00007f097cae0000, 0x00007f0e0db50000)
  eden space 2573056K, 100% used [0x00007f08b8600000, 0x00007f09556c0000, 0x00007f09556c0000)
  from space 321600K,   1% used [0x00007f09690d0000, 0x00007f09695fde90, 0x00007f097cae0000)
  to   space 321600K,   0% used [0x00007f09556c0000, 0x00007f09556c0000, 0x00007f09690d0000)
 tenured generation   total 6432496K, used 6430815K [0x00007f0e0db50000, 0x00007f0f9650c000, 0x00007f18b8600000)
   the space 6432496K,  99% used [0x00007f0e0db50000, 0x00007f0f96367da8, 0x00007f0f96367e00, 0x00007f0f9650c000)
 Metaspace       used 24396K, capacity 24829K, committed 25088K, reserved 26624K
}
Event: 40557.810 GC heap after
{Heap after GC invocations=37994 (full 4):
 def new generation   total 2894656K, used 5325K [0x00007f08b8600000, 0x00007f097cae0000, 0x00007f0e0db50000)
  eden space 2573056K,   0% used [0x00007f08b8600000, 0x00007f08b8600000, 0x00007f09556c0000)
  from space 321600K,   1% used [0x00007f09556c0000, 0x00007f0955bf35c8, 0x00007f09690d0000)
  to   space 321600K,   0% used [0x00007f09690d0000, 0x00007f09690d0000, 0x00007f097cae0000)
 tenured generation   total 6432496K, used 6431199K [0x00007f0e0db50000, 0x00007f0f9650c000, 0x00007f18b8600000)
   the space 6432496K,  99% used [0x00007f0e0db50000, 0x00007f0f963c7d90, 0x00007f0f963c7e00, 0x00007f0f9650c000)
 Metaspace       used 24396K, capacity 24829K, committed 25088K, reserved 26624K
}
Event: 40560.075 GC heap before
{Heap before GC invocations=37994 (full 4):
 def new generation   total 2894656K, used 2578381K [0x00007f08b8600000, 0x00007f097cae0000, 0x00007f0e0db50000)
  eden space 2573056K, 100% used [0x00007f08b8600000, 0x00007f09556c0000, 0x00007f09556c0000)
  from space 321600K,   1% used [0x00007f09556c0000, 0x00007f0955bf35c8, 0x00007f09690d0000)
  to   space 321600K,   0% used [0x00007f09690d0000, 0x00007f09690d0000, 0x00007f097cae0000)
 tenured generation   total 6432496K, used 6431199K [0x00007f0e0db50000, 0x00007f0f9650c000, 0x00007f18b8600000)
   the space 6432496K,  99% used [0x00007f0e0db50000, 0x00007f0f963c7d90, 0x00007f0f963c7e00, 0x00007f0f9650c000)
 Metaspace       used 24396K, capacity 24829K, committed 25088K, reserved 26624K
}
Event: 40560.094 GC heap after
{Heap after GC invocations=37995 (full 4):
 def new generation   total 2894656K, used 5288K [0x00007f08b8600000, 0x00007f097cae0000, 0x00007f0e0db50000)
  eden space 2573056K,   0% used [0x00007f08b8600000, 0x00007f08b8600000, 0x00007f09556c0000)
  from space 321600K,   1% used [0x00007f09690d0000, 0x00007f09695fa0a8, 0x00007f097cae0000)
  to   space 321600K,   0% used [0x00007f09556c0000, 0x00007f09556c0000, 0x00007f09690d0000)
 tenured generation   total 6432496K, used 6431606K [0x00007f0e0db50000, 0x00007f0f9650c000, 0x00007f18b8600000)
   the space 6432496K,  99% used [0x00007f0e0db50000, 0x00007f0f9642daf0, 0x00007f0f9642dc00, 0x00007f0f9650c000)
 Metaspace       used 24396K, capacity 24829K, committed 25088K, reserved 26624K
}
Event: 40562.393 GC heap before
{Heap before GC invocations=37995 (full 4):
 def new generation   total 2894656K, used 2578344K [0x00007f08b8600000, 0x00007f097cae0000, 0x00007f0e0db50000)
  eden space 2573056K, 100% used [0x00007f08b8600000, 0x00007f09556c0000, 0x00007f09556c0000)
  from space 321600K,   1% used [0x00007f09690d0000, 0x00007f09695fa0a8, 0x00007f097cae0000)
  to   space 321600K,   0% used [0x00007f09556c0000, 0x00007f09556c0000, 0x00007f09690d0000)
 tenured generation   total 6432496K, used 6431606K [0x00007f0e0db50000, 0x00007f0f9650c000, 0x00007f18b8600000)
   the space 6432496K,  99% used [0x00007f0e0db50000, 0x00007f0f9642daf0, 0x00007f0f9642dc00, 0x00007f0f9650c000)
 Metaspace       used 24396K, capacity 24829K, committed 25088K, reserved 26624K
}
Event: 40562.407 GC heap after
{Heap after GC invocations=37996 (full 4):
 def new generation   total 2894656K, used 5301K [0x00007f08b8600000, 0x00007f097cae0000, 0x00007f0e0db50000)
  eden space 2573056K,   0% used [0x00007f08b8600000, 0x00007f08b8600000, 0x00007f09556c0000)
  from space 321600K,   1% used [0x00007f09556c0000, 0x00007f0955bed4f8, 0x00007f09690d0000)
  to   space 321600K,   0% used [0x00007f09690d0000, 0x00007f09690d0000, 0x00007f097cae0000)
 tenured generation   total 6432496K, used 6432010K [0x00007f0e0db50000, 0x00007f0f9650c000, 0x00007f18b8600000)
   the space 6432496K,  99% used [0x00007f0e0db50000, 0x00007f0f96492950, 0x00007f0f96492a00, 0x00007f0f9650c000)
 Metaspace       used 24396K, capacity 24829K, committed 25088K, reserved 26624K
}
Event: 40564.549 GC heap before
{Heap before GC invocations=37996 (full 4):
 def new generation   total 2894656K, used 2578357K [0x00007f08b8600000, 0x00007f097cae0000, 0x00007f0e0db50000)
  eden space 2573056K, 100% used [0x00007f08b8600000, 0x00007f09556c0000, 0x00007f09556c0000)
  from space 321600K,   1% used [0x00007f09556c0000, 0x00007f0955bed4f8, 0x00007f09690d0000)
  to   space 321600K,   0% used [0x00007f09690d0000, 0x00007f09690d0000, 0x00007f097cae0000)
 tenured generation   total 6432496K, used 6432010K [0x00007f0e0db50000, 0x00007f0f9650c000, 0x00007f18b8600000)
   the space 6432496K,  99% used [0x00007f0e0db50000, 0x00007f0f96492950, 0x00007f0f96492a00, 0x00007f0f9650c000)
 Metaspace       used 24396K, capacity 24829K, committed 25088K, reserved 26624K
}
Event: 40564.564 GC heap after
{Heap after GC invocations=37997 (full 4):
 def new generation   total 2894656K, used 5289K [0x00007f08b8600000, 0x00007f097cae0000, 0x00007f0e0db50000)
  eden space 2573056K,   0% used [0x00007f08b8600000, 0x00007f08b8600000, 0x00007f09556c0000)
  from space 321600K,   1% used [0x00007f09690d0000, 0x00007f09695fa420, 0x00007f097cae0000)
  to   space 321600K,   0% used [0x00007f09556c0000, 0x00007f09556c0000, 0x00007f09690d0000)
 tenured generation   total 6432496K, used 6432393K [0x00007f0e0db50000, 0x00007f0f9650c000, 0x00007f18b8600000)
   the space 6432496K,  99% used [0x00007f0e0db50000, 0x00007f0f964f26f8, 0x00007f0f964f2800, 0x00007f0f9650c000)
 Metaspace       used 24396K, capacity 24829K, committed 25088K, reserved 26624K
}
Event: 40566.692 GC heap before
{Heap before GC invocations=37997 (full 4):
 def new generation   total 2894656K, used 2578345K [0x00007f08b8600000, 0x00007f097cae0000, 0x00007f0e0db50000)
  eden space 2573056K, 100% used [0x00007f08b8600000, 0x00007f09556c0000, 0x00007f09556c0000)
  from space 321600K,   1% used [0x00007f09690d0000, 0x00007f09695fa420, 0x00007f097cae0000)
  to   space 321600K,   0% used [0x00007f09556c0000, 0x00007f09556c0000, 0x00007f09690d0000)
 tenured generation   total 6432496K, used 6432393K [0x00007f0e0db50000, 0x00007f0f9650c000, 0x00007f18b8600000)
   the space 6432496K,  99% used [0x00007f0e0db50000, 0x00007f0f964f26f8, 0x00007f0f964f2800, 0x00007f0f9650c000)
 Metaspace       used 24396K, capacity 24829K, committed 25088K, reserved 26624K
}
Event: 40566.705 GC heap after
{Heap after GC invocations=37998 (full 4):
 def new generation   total 2894656K, used 5302K [0x00007f08b8600000, 0x00007f097cae0000, 0x00007f0e0db50000)
  eden space 2573056K,   0% used [0x00007f08b8600000, 0x00007f08b8600000, 0x00007f09556c0000)
  from space 321600K,   1% used [0x00007f09556c0000, 0x00007f0955beda78, 0x00007f09690d0000)
  to   space 321600K,   0% used [0x00007f09690d0000, 0x00007f09690d0000, 0x00007f097cae0000)
 tenured generation   total 6432880K, used 6432797K [0x00007f0e0db50000, 0x00007f0f9656c000, 0x00007f18b8600000)
   the space 6432880K,  99% used [0x00007f0e0db50000, 0x00007f0f96557558, 0x00007f0f96557600, 0x00007f0f9656c000)
 Metaspace       used 24396K, capacity 24829K, committed 25088K, reserved 26624K
}
Event: 40566.705 GC heap before
{Heap before GC invocations=37998 (full 4):
 def new generation   total 2894656K, used 5302K [0x00007f08b8600000, 0x00007f097cae0000, 0x00007f0e0db50000)
  eden space 2573056K,   0% used [0x00007f08b8600000, 0x00007f08b8600000, 0x00007f09556c0000)
  from space 321600K,   1% used [0x00007f09556c0000, 0x00007f0955beda78, 0x00007f09690d0000)
  to   space 321600K,   0% used [0x00007f09690d0000, 0x00007f09690d0000, 0x00007f097cae0000)
 tenured generation   total 6432880K, used 6432797K [0x00007f0e0db50000, 0x00007f0f9656c000, 0x00007f18b8600000)
   the space 6432880K,  99% used [0x00007f0e0db50000, 0x00007f0f96557558, 0x00007f0f96557600, 0x00007f0f9656c000)
 Metaspace       used 24396K, capacity 24829K, committed 25088K, reserved 26624K
}

