# JRE version: OpenJDK Runtime Environment (13.0.7+5) (build 13.0.7+5-Ubuntu-0ubuntu120.04)
# Java VM: OpenJDK 64-Bit Server VM (13.0.7+5-Ubuntu-0ubuntu120.04, mixed mode, tiered, serial gc, linux-amd64)
Heap:
 def new generation   total 629248K, used 0K [0x00007f7230600000, 0x00007f725b0c0000, 0x00007f7785b50000)
  eden space 559360K,   0% used [0x00007f7230600000, 0x00007f7230600000, 0x00007f7252840000)
  from space 69888K,   0% used [0x00007f7256c80000, 0x00007f7256c80000, 0x00007f725b0c0000)
  to   space 69888K,   0% used [0x00007f7252840000, 0x00007f7252840000, 0x00007f7256c80000)
 tenured generation   total 9786756K, used 8436055K [0x00007f7785b50000, 0x00007f79db0b1000, 0x00007f8230600000)
   the space 9786756K,  86% used [0x00007f7785b50000, 0x00007f79889a5d18, 0x00007f79889a5e00, 0x00007f79db0b1000)
 Metaspace       used 23197K, capacity 23539K, committed 23808K, reserved 24576K
GC Heap History (11 events):
Event: 2.449 GC heap before
{Heap before GC invocations=0 (full 0):
 def new generation   total 629120K, used 100665K [0x00007f7230600000, 0x00007f725b0a0000, 0x00007f7785b50000)
  eden space 559232K,  18% used [0x00007f7230600000, 0x00007f723684e610, 0x00007f7252820000)
  from space 69888K,   0% used [0x00007f7252820000, 0x00007f7252820000, 0x00007f7256c60000)
  to   space 69888K,   0% used [0x00007f7256c60000, 0x00007f7256c60000, 0x00007f725b0a0000)
 tenured generation   total 1398144K, used 0K [0x00007f7785b50000, 0x00007f77db0b0000, 0x00007f8230600000)
   the space 1398144K,   0% used [0x00007f7785b50000, 0x00007f7785b50000, 0x00007f7785b50200, 0x00007f77db0b0000)
 Metaspace       used 20928K, capacity 21222K, committed 21248K, reserved 22528K
}
Event: 2.535 GC heap after
{Heap after GC invocations=1 (full 1):
 def new generation   total 629248K, used 0K [0x00007f7230600000, 0x00007f725b0c0000, 0x00007f7785b50000)
  eden space 559360K,   0% used [0x00007f7230600000, 0x00007f7230600000, 0x00007f7252840000)
  from space 69888K,   0% used [0x00007f7252840000, 0x00007f7252840000, 0x00007f7256c80000)
  to   space 69888K,   0% used [0x00007f7256c80000, 0x00007f7256c80000, 0x00007f725b0c0000)
 tenured generation   total 1398144K, used 13591K [0x00007f7785b50000, 0x00007f77db0b0000, 0x00007f8230600000)
   the space 1398144K,   0% used [0x00007f7785b50000, 0x00007f7786895e90, 0x00007f7786896000, 0x00007f77db0b0000)
 Metaspace       used 20928K, capacity 21222K, committed 21248K, reserved 22528K
}
Event: 4.011 GC heap before
{Heap before GC invocations=1 (full 1):
 def new generation   total 629248K, used 559360K [0x00007f7230600000, 0x00007f725b0c0000, 0x00007f7785b50000)
  eden space 559360K, 100% used [0x00007f7230600000, 0x00007f7252840000, 0x00007f7252840000)
  from space 69888K,   0% used [0x00007f7252840000, 0x00007f7252840000, 0x00007f7256c80000)
  to   space 69888K,   0% used [0x00007f7256c80000, 0x00007f7256c80000, 0x00007f725b0c0000)
 tenured generation   total 1398144K, used 13591K [0x00007f7785b50000, 0x00007f77db0b0000, 0x00007f8230600000)
   the space 1398144K,   0% used [0x00007f7785b50000, 0x00007f7786895e90, 0x00007f7786896000, 0x00007f77db0b0000)
 Metaspace       used 23036K, capacity 23399K, committed 23552K, reserved 24576K
}
Event: 4.017 GC heap after
{Heap after GC invocations=2 (full 1):
 def new generation   total 629248K, used 760K [0x00007f7230600000, 0x00007f725b0c0000, 0x00007f7785b50000)
  eden space 559360K,   0% used [0x00007f7230600000, 0x00007f7230600000, 0x00007f7252840000)
  from space 69888K,   1% used [0x00007f7256c80000, 0x00007f7256d3e2f0, 0x00007f725b0c0000)
  to   space 69888K,   0% used [0x00007f7252840000, 0x00007f7252840000, 0x00007f7256c80000)
 tenured generation   total 1398144K, used 13591K [0x00007f7785b50000, 0x00007f77db0b0000, 0x00007f8230600000)
   the space 1398144K,   0% used [0x00007f7785b50000, 0x00007f7786895e90, 0x00007f7786896000, 0x00007f77db0b0000)
 Metaspace       used 23036K, capacity 23399K, committed 23552K, reserved 24576K
}
Event: 4.836 GC heap before
{Heap before GC invocations=2 (full 1):
 def new generation   total 629248K, used 447246K [0x00007f7230600000, 0x00007f725b0c0000, 0x00007f7785b50000)
  eden space 559360K,  79% used [0x00007f7230600000, 0x00007f724ba057b8, 0x00007f7252840000)
  from space 69888K,   1% used [0x00007f7256c80000, 0x00007f7256d3e2f0, 0x00007f725b0c0000)
  to   space 69888K,   0% used [0x00007f7252840000, 0x00007f7252840000, 0x00007f7256c80000)
 tenured generation   total 1398144K, used 13591K [0x00007f7785b50000, 0x00007f77db0b0000, 0x00007f8230600000)
   the space 1398144K,   0% used [0x00007f7785b50000, 0x00007f7786895e90, 0x00007f7786896000, 0x00007f77db0b0000)
 Metaspace       used 23197K, capacity 23539K, committed 23808K, reserved 24576K
}
Event: 4.880 GC heap after
{Heap after GC invocations=3 (full 1):
 def new generation   total 629248K, used 33855K [0x00007f7230600000, 0x00007f725b0c0000, 0x00007f7785b50000)
  eden space 559360K,   0% used [0x00007f7230600000, 0x00007f7230600000, 0x00007f7252840000)
  from space 69888K,  48% used [0x00007f7252840000, 0x00007f725494fea8, 0x00007f7256c80000)
  to   space 69888K,   0% used [0x00007f7256c80000, 0x00007f7256c80000, 0x00007f725b0c0000)
 tenured generation   total 1398144K, used 13591K [0x00007f7785b50000, 0x00007f77db0b0000, 0x00007f8230600000)
   the space 1398144K,   0% used [0x00007f7785b50000, 0x00007f7786895e90, 0x00007f7786896000, 0x00007f77db0b0000)
 Metaspace       used 23197K, capacity 23539K, committed 23808K, reserved 24576K
}
Event: 4.880 GC heap before
{Heap before GC invocations=3 (full 1):
 def new generation   total 629248K, used 33855K [0x00007f7230600000, 0x00007f725b0c0000, 0x00007f7785b50000)
  eden space 559360K,   0% used [0x00007f7230600000, 0x00007f7230600000, 0x00007f7252840000)
  from space 69888K,  48% used [0x00007f7252840000, 0x00007f725494fea8, 0x00007f7256c80000)
  to   space 69888K,   0% used [0x00007f7256c80000, 0x00007f7256c80000, 0x00007f725b0c0000)
 tenured generation   total 1398144K, used 13591K [0x00007f7785b50000, 0x00007f77db0b0000, 0x00007f8230600000)
   the space 1398144K,   0% used [0x00007f7785b50000, 0x00007f7786895e90, 0x00007f7786896000, 0x00007f77db0b0000)
 Metaspace       used 23197K, capacity 23539K, committed 23808K, reserved 24576K
}
Event: 4.963 GC heap after
{Heap after GC invocations=3 (full 2):
 def new generation   total 629248K, used 0K [0x00007f7230600000, 0x00007f725b0c0000, 0x00007f7785b50000)
  eden space 559360K,   0% used [0x00007f7230600000, 0x00007f7230600000, 0x00007f7252840000)
  from space 69888K,   0% used [0x00007f7252840000, 0x00007f7252840000, 0x00007f7256c80000)
  to   space 69888K,   0% used [0x00007f7256c80000, 0x00007f7256c80000, 0x00007f725b0c0000)
 tenured generation   total 1398144K, used 47447K [0x00007f7785b50000, 0x00007f77db0b0000, 0x00007f8230600000)
   the space 1398144K,   3% used [0x00007f7785b50000, 0x00007f77889a5c58, 0x00007f77889a5e00, 0x00007f77db0b0000)
 Metaspace       used 23197K, capacity 23539K, committed 23808K, reserved 24576K
}
Event: 17.673 GC heap before
{Heap before GC invocations=3 (full 2):
 def new generation   total 629248K, used 10956K [0x00007f7230600000, 0x00007f725b0c0000, 0x00007f7785b50000)
  eden space 559360K,   1% used [0x00007f7230600000, 0x00007f72310b3168, 0x00007f7252840000)
  from space 69888K,   0% used [0x00007f7252840000, 0x00007f7252840000, 0x00007f7256c80000)
  to   space 69888K,   0% used [0x00007f7256c80000, 0x00007f7256c80000, 0x00007f725b0c0000)
 tenured generation   total 9786756K, used 8436055K [0x00007f7785b50000, 0x00007f79db0b1000, 0x00007f8230600000)
   the space 9786756K,  86% used [0x00007f7785b50000, 0x00007f79889a5c70, 0x00007f79889a5e00, 0x00007f79db0b1000)
 Metaspace       used 23197K, capacity 23539K, committed 23808K, reserved 24576K
}
Event: 17.678 GC heap after
{Heap after GC invocations=4 (full 2):
 def new generation   total 629248K, used 0K [0x00007f7230600000, 0x00007f725b0c0000, 0x00007f7785b50000)
  eden space 559360K,   0% used [0x00007f7230600000, 0x00007f7230600000, 0x00007f7252840000)
  from space 69888K,   0% used [0x00007f7256c80000, 0x00007f7256c80178, 0x00007f725b0c0000)
  to   space 69888K,   0% used [0x00007f7252840000, 0x00007f7252840000, 0x00007f7256c80000)
 tenured generation   total 9786756K, used 8436055K [0x00007f7785b50000, 0x00007f79db0b1000, 0x00007f8230600000)
   the space 9786756K,  86% used [0x00007f7785b50000, 0x00007f79889a5c70, 0x00007f79889a5e00, 0x00007f79db0b1000)
 Metaspace       used 23197K, capacity 23539K, committed 23808K, reserved 24576K
}
Event: 17.678 GC heap before
{Heap before GC invocations=4 (full 2):
 def new generation   total 629248K, used 0K [0x00007f7230600000, 0x00007f725b0c0000, 0x00007f7785b50000)
  eden space 559360K,   0% used [0x00007f7230600000, 0x00007f7230600000, 0x00007f7252840000)
  from space 69888K,   0% used [0x00007f7256c80000, 0x00007f7256c80178, 0x00007f725b0c0000)
  to   space 69888K,   0% used [0x00007f7252840000, 0x00007f7252840000, 0x00007f7256c80000)
 tenured generation   total 9786756K, used 8436055K [0x00007f7785b50000, 0x00007f79db0b1000, 0x00007f8230600000)
   the space 9786756K,  86% used [0x00007f7785b50000, 0x00007f79889a5c70, 0x00007f79889a5e00, 0x00007f79db0b1000)
 Metaspace       used 23197K, capacity 23539K, committed 23808K, reserved 24576K
}

