# JRE version: OpenJDK Runtime Environment (13.0.7+5) (build 13.0.7+5-Ubuntu-0ubuntu120.04)
# Java VM: OpenJDK 64-Bit Server VM (13.0.7+5-Ubuntu-0ubuntu120.04, mixed mode, tiered, serial gc, linux-amd64)
Heap:
 def new generation   total 629248K, used 0K [0x00007f5440600000, 0x00007f546b0c0000, 0x00007f5995b50000)
  eden space 559360K,   0% used [0x00007f5440600000, 0x00007f5440600000, 0x00007f5462840000)
  from space 69888K,   0% used [0x00007f5462840000, 0x00007f5462840000, 0x00007f5466c80000)
  to   space 69888K,   0% used [0x00007f5466c80000, 0x00007f5466c80000, 0x00007f546b0c0000)
 tenured generation   total 1398144K, used 672282K [0x00007f5995b50000, 0x00007f59eb0b0000, 0x00007f6440600000)
   the space 1398144K,  48% used [0x00007f5995b50000, 0x00007f59bebd6858, 0x00007f59bebd6a00, 0x00007f59eb0b0000)
 Metaspace       used 31213K, capacity 31671K, committed 31744K, reserved 32768K
GC Heap History (20 events):
Event: 27.380 GC heap before
{Heap before GC invocations=34 (full 1):
 def new generation   total 629248K, used 561089K [0x00007f5440600000, 0x00007f546b0c0000, 0x00007f5995b50000)
  eden space 559360K, 100% used [0x00007f5440600000, 0x00007f5462840000, 0x00007f5462840000)
  from space 69888K,   2% used [0x00007f5466c80000, 0x00007f5466e30430, 0x00007f546b0c0000)
  to   space 69888K,   0% used [0x00007f5462840000, 0x00007f5462840000, 0x00007f5466c80000)
 tenured generation   total 1398144K, used 16177K [0x00007f5995b50000, 0x00007f59eb0b0000, 0x00007f6440600000)
   the space 1398144K,   1% used [0x00007f5995b50000, 0x00007f5996b1c7c8, 0x00007f5996b1c800, 0x00007f59eb0b0000)
 Metaspace       used 31106K, capacity 31529K, committed 31744K, reserved 32768K
}
Event: 27.384 GC heap after
{Heap after GC invocations=35 (full 1):
 def new generation   total 629248K, used 2561K [0x00007f5440600000, 0x00007f546b0c0000, 0x00007f5995b50000)
  eden space 559360K,   0% used [0x00007f5440600000, 0x00007f5440600000, 0x00007f5462840000)
  from space 69888K,   3% used [0x00007f5462840000, 0x00007f5462ac0478, 0x00007f5466c80000)
  to   space 69888K,   0% used [0x00007f5466c80000, 0x00007f5466c80000, 0x00007f546b0c0000)
 tenured generation   total 1398144K, used 16182K [0x00007f5995b50000, 0x00007f59eb0b0000, 0x00007f6440600000)
   the space 1398144K,   1% used [0x00007f5995b50000, 0x00007f5996b1d8f0, 0x00007f5996b1da00, 0x00007f59eb0b0000)
 Metaspace       used 31106K, capacity 31529K, committed 31744K, reserved 32768K
}
Event: 27.733 GC heap before
{Heap before GC invocations=35 (full 1):
 def new generation   total 629248K, used 561921K [0x00007f5440600000, 0x00007f546b0c0000, 0x00007f5995b50000)
  eden space 559360K, 100% used [0x00007f5440600000, 0x00007f5462840000, 0x00007f5462840000)
  from space 69888K,   3% used [0x00007f5462840000, 0x00007f5462ac0478, 0x00007f5466c80000)
  to   space 69888K,   0% used [0x00007f5466c80000, 0x00007f5466c80000, 0x00007f546b0c0000)
 tenured generation   total 1398144K, used 16182K [0x00007f5995b50000, 0x00007f59eb0b0000, 0x00007f6440600000)
   the space 1398144K,   1% used [0x00007f5995b50000, 0x00007f5996b1d8f0, 0x00007f5996b1da00, 0x00007f59eb0b0000)
 Metaspace       used 31121K, capacity 31593K, committed 31744K, reserved 32768K
}
Event: 27.739 GC heap after
{Heap after GC invocations=36 (full 1):
 def new generation   total 629248K, used 3020K [0x00007f5440600000, 0x00007f546b0c0000, 0x00007f5995b50000)
  eden space 559360K,   0% used [0x00007f5440600000, 0x00007f5440600000, 0x00007f5462840000)
  from space 69888K,   4% used [0x00007f5466c80000, 0x00007f5466f73050, 0x00007f546b0c0000)
  to   space 69888K,   0% used [0x00007f5462840000, 0x00007f5462840000, 0x00007f5466c80000)
 tenured generation   total 1398144K, used 16182K [0x00007f5995b50000, 0x00007f59eb0b0000, 0x00007f6440600000)
   the space 1398144K,   1% used [0x00007f5995b50000, 0x00007f5996b1dac8, 0x00007f5996b1dc00, 0x00007f59eb0b0000)
 Metaspace       used 31121K, capacity 31593K, committed 31744K, reserved 32768K
}
Event: 28.122 GC heap before
{Heap before GC invocations=36 (full 1):
 def new generation   total 629248K, used 562380K [0x00007f5440600000, 0x00007f546b0c0000, 0x00007f5995b50000)
  eden space 559360K, 100% used [0x00007f5440600000, 0x00007f5462840000, 0x00007f5462840000)
  from space 69888K,   4% used [0x00007f5466c80000, 0x00007f5466f73050, 0x00007f546b0c0000)
  to   space 69888K,   0% used [0x00007f5462840000, 0x00007f5462840000, 0x00007f5466c80000)
 tenured generation   total 1398144K, used 16182K [0x00007f5995b50000, 0x00007f59eb0b0000, 0x00007f6440600000)
   the space 1398144K,   1% used [0x00007f5995b50000, 0x00007f5996b1dac8, 0x00007f5996b1dc00, 0x00007f59eb0b0000)
 Metaspace       used 31137K, capacity 31593K, committed 31744K, reserved 32768K
}
Event: 28.125 GC heap after
{Heap after GC invocations=37 (full 1):
 def new generation   total 629248K, used 3153K [0x00007f5440600000, 0x00007f546b0c0000, 0x00007f5995b50000)
  eden space 559360K,   0% used [0x00007f5440600000, 0x00007f5440600000, 0x00007f5462840000)
  from space 69888K,   4% used [0x00007f5462840000, 0x00007f5462b54528, 0x00007f5466c80000)
  to   space 69888K,   0% used [0x00007f5466c80000, 0x00007f5466c80000, 0x00007f546b0c0000)
 tenured generation   total 1398144K, used 16182K [0x00007f5995b50000, 0x00007f59eb0b0000, 0x00007f6440600000)
   the space 1398144K,   1% used [0x00007f5995b50000, 0x00007f5996b1dac8, 0x00007f5996b1dc00, 0x00007f59eb0b0000)
 Metaspace       used 31137K, capacity 31593K, committed 31744K, reserved 32768K
}
Event: 28.443 GC heap before
{Heap before GC invocations=37 (full 1):
 def new generation   total 629248K, used 562513K [0x00007f5440600000, 0x00007f546b0c0000, 0x00007f5995b50000)
  eden space 559360K, 100% used [0x00007f5440600000, 0x00007f5462840000, 0x00007f5462840000)
  from space 69888K,   4% used [0x00007f5462840000, 0x00007f5462b54528, 0x00007f5466c80000)
  to   space 69888K,   0% used [0x00007f5466c80000, 0x00007f5466c80000, 0x00007f546b0c0000)
 tenured generation   total 1398144K, used 16182K [0x00007f5995b50000, 0x00007f59eb0b0000, 0x00007f6440600000)
   the space 1398144K,   1% used [0x00007f5995b50000, 0x00007f5996b1dac8, 0x00007f5996b1dc00, 0x00007f59eb0b0000)
 Metaspace       used 31142K, capacity 31593K, committed 31744K, reserved 32768K
}
Event: 28.447 GC heap after
{Heap after GC invocations=38 (full 1):
 def new generation   total 629248K, used 2957K [0x00007f5440600000, 0x00007f546b0c0000, 0x00007f5995b50000)
  eden space 559360K,   0% used [0x00007f5440600000, 0x00007f5440600000, 0x00007f5462840000)
  from space 69888K,   4% used [0x00007f5466c80000, 0x00007f5466f63758, 0x00007f546b0c0000)
  to   space 69888K,   0% used [0x00007f5462840000, 0x00007f5462840000, 0x00007f5466c80000)
 tenured generation   total 1398144K, used 16183K [0x00007f5995b50000, 0x00007f59eb0b0000, 0x00007f6440600000)
   the space 1398144K,   1% used [0x00007f5995b50000, 0x00007f5996b1ddb0, 0x00007f5996b1de00, 0x00007f59eb0b0000)
 Metaspace       used 31142K, capacity 31593K, committed 31744K, reserved 32768K
}
Event: 28.744 GC heap before
{Heap before GC invocations=38 (full 1):
 def new generation   total 629248K, used 562317K [0x00007f5440600000, 0x00007f546b0c0000, 0x00007f5995b50000)
  eden space 559360K, 100% used [0x00007f5440600000, 0x00007f5462840000, 0x00007f5462840000)
  from space 69888K,   4% used [0x00007f5466c80000, 0x00007f5466f63758, 0x00007f546b0c0000)
  to   space 69888K,   0% used [0x00007f5462840000, 0x00007f5462840000, 0x00007f5466c80000)
 tenured generation   total 1398144K, used 16183K [0x00007f5995b50000, 0x00007f59eb0b0000, 0x00007f6440600000)
   the space 1398144K,   1% used [0x00007f5995b50000, 0x00007f5996b1ddb0, 0x00007f5996b1de00, 0x00007f59eb0b0000)
 Metaspace       used 31144K, capacity 31593K, committed 31744K, reserved 32768K
}
Event: 28.748 GC heap after
{Heap after GC invocations=39 (full 1):
 def new generation   total 629248K, used 2437K [0x00007f5440600000, 0x00007f546b0c0000, 0x00007f5995b50000)
  eden space 559360K,   0% used [0x00007f5440600000, 0x00007f5440600000, 0x00007f5462840000)
  from space 69888K,   3% used [0x00007f5462840000, 0x00007f5462aa17c0, 0x00007f5466c80000)
  to   space 69888K,   0% used [0x00007f5466c80000, 0x00007f5466c80000, 0x00007f546b0c0000)
 tenured generation   total 1398144K, used 16183K [0x00007f5995b50000, 0x00007f59eb0b0000, 0x00007f6440600000)
   the space 1398144K,   1% used [0x00007f5995b50000, 0x00007f5996b1ddb0, 0x00007f5996b1de00, 0x00007f59eb0b0000)
 Metaspace       used 31144K, capacity 31593K, committed 31744K, reserved 32768K
}
Event: 28.992 GC heap before
{Heap before GC invocations=39 (full 1):
 def new generation   total 629248K, used 561797K [0x00007f5440600000, 0x00007f546b0c0000, 0x00007f5995b50000)
  eden space 559360K, 100% used [0x00007f5440600000, 0x00007f5462840000, 0x00007f5462840000)
  from space 69888K,   3% used [0x00007f5462840000, 0x00007f5462aa17c0, 0x00007f5466c80000)
  to   space 69888K,   0% used [0x00007f5466c80000, 0x00007f5466c80000, 0x00007f546b0c0000)
 tenured generation   total 1398144K, used 16183K [0x00007f5995b50000, 0x00007f59eb0b0000, 0x00007f6440600000)
   the space 1398144K,   1% used [0x00007f5995b50000, 0x00007f5996b1ddb0, 0x00007f5996b1de00, 0x00007f59eb0b0000)
 Metaspace       used 31144K, capacity 31593K, committed 31744K, reserved 32768K
}
Event: 28.995 GC heap after
{Heap after GC invocations=40 (full 1):
 def new generation   total 629248K, used 2566K [0x00007f5440600000, 0x00007f546b0c0000, 0x00007f5995b50000)
  eden space 559360K,   0% used [0x00007f5440600000, 0x00007f5440600000, 0x00007f5462840000)
  from space 69888K,   3% used [0x00007f5466c80000, 0x00007f5466f019c0, 0x00007f546b0c0000)
  to   space 69888K,   0% used [0x00007f5462840000, 0x00007f5462840000, 0x00007f5466c80000)
 tenured generation   total 1398144K, used 16183K [0x00007f5995b50000, 0x00007f59eb0b0000, 0x00007f6440600000)
   the space 1398144K,   1% used [0x00007f5995b50000, 0x00007f5996b1ddb0, 0x00007f5996b1de00, 0x00007f59eb0b0000)
 Metaspace       used 31144K, capacity 31593K, committed 31744K, reserved 32768K
}
Event: 29.712 GC heap before
{Heap before GC invocations=40 (full 1):
 def new generation   total 629248K, used 561926K [0x00007f5440600000, 0x00007f546b0c0000, 0x00007f5995b50000)
  eden space 559360K, 100% used [0x00007f5440600000, 0x00007f5462840000, 0x00007f5462840000)
  from space 69888K,   3% used [0x00007f5466c80000, 0x00007f5466f019c0, 0x00007f546b0c0000)
  to   space 69888K,   0% used [0x00007f5462840000, 0x00007f5462840000, 0x00007f5466c80000)
 tenured generation   total 1398144K, used 16183K [0x00007f5995b50000, 0x00007f59eb0b0000, 0x00007f6440600000)
   the space 1398144K,   1% used [0x00007f5995b50000, 0x00007f5996b1ddb0, 0x00007f5996b1de00, 0x00007f59eb0b0000)
 Metaspace       used 31213K, capacity 31671K, committed 31744K, reserved 32768K
}
Event: 29.715 GC heap after
{Heap after GC invocations=41 (full 1):
 def new generation   total 629248K, used 2955K [0x00007f5440600000, 0x00007f546b0c0000, 0x00007f5995b50000)
  eden space 559360K,   0% used [0x00007f5440600000, 0x00007f5440600000, 0x00007f5462840000)
  from space 69888K,   4% used [0x00007f5462840000, 0x00007f5462b22ff0, 0x00007f5466c80000)
  to   space 69888K,   0% used [0x00007f5466c80000, 0x00007f5466c80000, 0x00007f546b0c0000)
 tenured generation   total 1398144K, used 16183K [0x00007f5995b50000, 0x00007f59eb0b0000, 0x00007f6440600000)
   the space 1398144K,   1% used [0x00007f5995b50000, 0x00007f5996b1ddb0, 0x00007f5996b1de00, 0x00007f59eb0b0000)
 Metaspace       used 31213K, capacity 31671K, committed 31744K, reserved 32768K
}
Event: 30.807 GC heap before
{Heap before GC invocations=41 (full 1):
 def new generation   total 629248K, used 547493K [0x00007f5440600000, 0x00007f546b0c0000, 0x00007f5995b50000)
  eden space 559360K,  97% used [0x00007f5440600000, 0x00007f54619c6598, 0x00007f5462840000)
  from space 69888K,   4% used [0x00007f5462840000, 0x00007f5462b22ff0, 0x00007f5466c80000)
  to   space 69888K,   0% used [0x00007f5466c80000, 0x00007f5466c80000, 0x00007f546b0c0000)
 tenured generation   total 1398144K, used 671543K [0x00007f5995b50000, 0x00007f59eb0b0000, 0x00007f6440600000)
   the space 1398144K,  48% used [0x00007f5995b50000, 0x00007f59beb1ddc8, 0x00007f59beb1de00, 0x00007f59eb0b0000)
 Metaspace       used 31213K, capacity 31671K, committed 31744K, reserved 32768K
}
Event: 31.777 GC heap after
{Heap after GC invocations=42 (full 1):
 def new generation   total 629248K, used 737K [0x00007f5440600000, 0x00007f546b0c0000, 0x00007f5995b50000)
  eden space 559360K,   0% used [0x00007f5440600000, 0x00007f5440600000, 0x00007f5462840000)
  from space 69888K,   1% used [0x00007f5466c80000, 0x00007f5466d38430, 0x00007f546b0c0000)
  to   space 69888K,   0% used [0x00007f5462840000, 0x00007f5462840000, 0x00007f5466c80000)
 tenured generation   total 1398144K, used 999224K [0x00007f5995b50000, 0x00007f59eb0b0000, 0x00007f6440600000)
   the space 1398144K,  71% used [0x00007f5995b50000, 0x00007f59d2b1e1e0, 0x00007f59d2b1e200, 0x00007f59eb0b0000)
 Metaspace       used 31213K, capacity 31671K, committed 31744K, reserved 32768K
}
Event: 31.876 GC heap before
{Heap before GC invocations=42 (full 1):
 def new generation   total 629248K, used 339493K [0x00007f5440600000, 0x00007f546b0c0000, 0x00007f5995b50000)
  eden space 559360K,  60% used [0x00007f5440600000, 0x00007f54550d1310, 0x00007f5462840000)
  from space 69888K,   1% used [0x00007f5466c80000, 0x00007f5466d38430, 0x00007f546b0c0000)
  to   space 69888K,   0% used [0x00007f5462840000, 0x00007f5462840000, 0x00007f5466c80000)
 tenured generation   total 1398144K, used 999224K [0x00007f5995b50000, 0x00007f59eb0b0000, 0x00007f6440600000)
   the space 1398144K,  71% used [0x00007f5995b50000, 0x00007f59d2b1e1e0, 0x00007f59d2b1e200, 0x00007f59eb0b0000)
 Metaspace       used 31213K, capacity 31671K, committed 31744K, reserved 32768K
}
Event: 32.194 GC heap after
{Heap after GC invocations=43 (full 1):
 def new generation   total 629248K, used 737K [0x00007f5440600000, 0x00007f546b0c0000, 0x00007f5995b50000)
  eden space 559360K,   0% used [0x00007f5440600000, 0x00007f5440600000, 0x00007f5462840000)
  from space 69888K,   1% used [0x00007f5462840000, 0x00007f54628f8610, 0x00007f5466c80000)
  to   space 69888K,   0% used [0x00007f5466c80000, 0x00007f5466c80000, 0x00007f546b0c0000)
 tenured generation   total 1398144K, used 1326904K [0x00007f5995b50000, 0x00007f59eb0b0000, 0x00007f6440600000)
   the space 1398144K,  94% used [0x00007f5995b50000, 0x00007f59e6b1e260, 0x00007f59e6b1e400, 0x00007f59eb0b0000)
 Metaspace       used 31213K, capacity 31671K, committed 31744K, reserved 32768K
}
Event: 32.194 GC heap before
{Heap before GC invocations=43 (full 1):
 def new generation   total 629248K, used 737K [0x00007f5440600000, 0x00007f546b0c0000, 0x00007f5995b50000)
  eden space 559360K,   0% used [0x00007f5440600000, 0x00007f5440600000, 0x00007f5462840000)
  from space 69888K,   1% used [0x00007f5462840000, 0x00007f54628f8610, 0x00007f5466c80000)
  to   space 69888K,   0% used [0x00007f5466c80000, 0x00007f5466c80000, 0x00007f546b0c0000)
 tenured generation   total 1398144K, used 1326904K [0x00007f5995b50000, 0x00007f59eb0b0000, 0x00007f6440600000)
   the space 1398144K,  94% used [0x00007f5995b50000, 0x00007f59e6b1e260, 0x00007f59e6b1e400, 0x00007f59eb0b0000)
 Metaspace       used 31213K, capacity 31671K, committed 31744K, reserved 32768K
}
Event: 32.483 GC heap after
{Heap after GC invocations=43 (full 2):
 def new generation   total 629248K, used 0K [0x00007f5440600000, 0x00007f546b0c0000, 0x00007f5995b50000)
  eden space 559360K,   0% used [0x00007f5440600000, 0x00007f5440600000, 0x00007f5462840000)
  from space 69888K,   0% used [0x00007f5462840000, 0x00007f5462840000, 0x00007f5466c80000)
  to   space 69888K,   0% used [0x00007f5466c80000, 0x00007f5466c80000, 0x00007f546b0c0000)
 tenured generation   total 1398144K, used 672282K [0x00007f5995b50000, 0x00007f59eb0b0000, 0x00007f6440600000)
   the space 1398144K,  48% used [0x00007f5995b50000, 0x00007f59bebd6858, 0x00007f59bebd6a00, 0x00007f59eb0b0000)
 Metaspace       used 31213K, capacity 31671K, committed 31744K, reserved 32768K
}

