# JRE version: OpenJDK Runtime Environment (13.0.7+5) (build 13.0.7+5-Ubuntu-0ubuntu120.04)
# Java VM: OpenJDK 64-Bit Server VM (13.0.7+5-Ubuntu-0ubuntu120.04, mixed mode, tiered, serial gc, linux-amd64)
Heap:
 def new generation   total 4771968K, used 0K [0x00007f07dc600000, 0x00007f091ffe0000, 0x00007f12870a0000)
  eden space 4241792K,   0% used [0x00007f07dc600000, 0x00007f07dc600000, 0x00007f08df460000)
  from space 530176K,   0% used [0x00007f08df460000, 0x00007f08df460000, 0x00007f08ffa20000)
  to   space 530176K,   0% used [0x00007f08ffa20000, 0x00007f08ffa20000, 0x00007f091ffe0000)
 tenured generation   total 10620644K, used 10523836K [0x00007f12870a0000, 0x00007f150f459000, 0x00007f27dc600000)
   the space 10620644K,  99% used [0x00007f12870a0000, 0x00007f15095cf158, 0x00007f15095cf200, 0x00007f150f459000)
 Metaspace       used 24272K, capacity 24632K, committed 24832K, reserved 26624K
GC Heap History (20 events):
Event: 5397.941 GC heap after
{Heap after GC invocations=2995 (full 7):
 def new generation   total 4771968K, used 163437K [0x00007f07dc600000, 0x00007f091ffe0000, 0x00007f12870a0000)
  eden space 4241792K,   0% used [0x00007f07dc600000, 0x00007f07dc600000, 0x00007f08df460000)
  from space 530176K,  30% used [0x00007f08ffa20000, 0x00007f09099bb7d0, 0x00007f091ffe0000)
  to   space 530176K,   0% used [0x00007f08df460000, 0x00007f08df460000, 0x00007f08ffa20000)
 tenured generation   total 10604256K, used 10523420K [0x00007f12870a0000, 0x00007f150e458000, 0x00007f27dc600000)
   the space 10604256K,  99% used [0x00007f12870a0000, 0x00007f1509567180, 0x00007f1509567200, 0x00007f150e458000)
 Metaspace       used 24272K, capacity 24632K, committed 24832K, reserved 26624K
}
Event: 5401.801 GC heap before
{Heap before GC invocations=2995 (full 7):
 def new generation   total 4771968K, used 4405229K [0x00007f07dc600000, 0x00007f091ffe0000, 0x00007f12870a0000)
  eden space 4241792K, 100% used [0x00007f07dc600000, 0x00007f08df460000, 0x00007f08df460000)
  from space 530176K,  30% used [0x00007f08ffa20000, 0x00007f09099bb7d0, 0x00007f091ffe0000)
  to   space 530176K,   0% used [0x00007f08df460000, 0x00007f08df460000, 0x00007f08ffa20000)
 tenured generation   total 10604256K, used 10523420K [0x00007f12870a0000, 0x00007f150e458000, 0x00007f27dc600000)
   the space 10604256K,  99% used [0x00007f12870a0000, 0x00007f1509567180, 0x00007f1509567200, 0x00007f150e458000)
 Metaspace       used 24272K, capacity 24632K, committed 24832K, reserved 26624K
}
Event: 5401.972 GC heap after
{Heap after GC invocations=2996 (full 7):
 def new generation   total 4771968K, used 152654K [0x00007f07dc600000, 0x00007f091ffe0000, 0x00007f12870a0000)
  eden space 4241792K,   0% used [0x00007f07dc600000, 0x00007f07dc600000, 0x00007f08df460000)
  from space 530176K,  28% used [0x00007f08df460000, 0x00007f08e8973848, 0x00007f08ffa20000)
  to   space 530176K,   0% used [0x00007f08ffa20000, 0x00007f08ffa20000, 0x00007f091ffe0000)
 tenured generation   total 10604256K, used 10540380K [0x00007f12870a0000, 0x00007f150e458000, 0x00007f27dc600000)
   the space 10604256K,  99% used [0x00007f12870a0000, 0x00007f150a5f7178, 0x00007f150a5f7200, 0x00007f150e458000)
 Metaspace       used 24272K, capacity 24632K, committed 24832K, reserved 26624K
}
Event: 5406.721 GC heap before
{Heap before GC invocations=2996 (full 7):
 def new generation   total 4771968K, used 4394446K [0x00007f07dc600000, 0x00007f091ffe0000, 0x00007f12870a0000)
  eden space 4241792K, 100% used [0x00007f07dc600000, 0x00007f08df460000, 0x00007f08df460000)
  from space 530176K,  28% used [0x00007f08df460000, 0x00007f08e8973848, 0x00007f08ffa20000)
  to   space 530176K,   0% used [0x00007f08ffa20000, 0x00007f08ffa20000, 0x00007f091ffe0000)
 tenured generation   total 10604256K, used 10540380K [0x00007f12870a0000, 0x00007f150e458000, 0x00007f27dc600000)
   the space 10604256K,  99% used [0x00007f12870a0000, 0x00007f150a5f7178, 0x00007f150a5f7200, 0x00007f150e458000)
 Metaspace       used 24272K, capacity 24632K, committed 24832K, reserved 26624K
}
Event: 5406.851 GC heap after
{Heap after GC invocations=2997 (full 7):
 def new generation   total 4771968K, used 162948K [0x00007f07dc600000, 0x00007f091ffe0000, 0x00007f12870a0000)
  eden space 4241792K,   0% used [0x00007f07dc600000, 0x00007f07dc600000, 0x00007f08df460000)
  from space 530176K,  30% used [0x00007f08ffa20000, 0x00007f09099412f0, 0x00007f091ffe0000)
  to   space 530176K,   0% used [0x00007f08df460000, 0x00007f08df460000, 0x00007f08ffa20000)
 tenured generation   total 10604256K, used 10540380K [0x00007f12870a0000, 0x00007f150e458000, 0x00007f27dc600000)
   the space 10604256K,  99% used [0x00007f12870a0000, 0x00007f150a5f7178, 0x00007f150a5f7200, 0x00007f150e458000)
 Metaspace       used 24272K, capacity 24632K, committed 24832K, reserved 26624K
}
Event: 5410.632 GC heap before
{Heap before GC invocations=2997 (full 7):
 def new generation   total 4771968K, used 4404740K [0x00007f07dc600000, 0x00007f091ffe0000, 0x00007f12870a0000)
  eden space 4241792K, 100% used [0x00007f07dc600000, 0x00007f08df460000, 0x00007f08df460000)
  from space 530176K,  30% used [0x00007f08ffa20000, 0x00007f09099412f0, 0x00007f091ffe0000)
  to   space 530176K,   0% used [0x00007f08df460000, 0x00007f08df460000, 0x00007f08ffa20000)
 tenured generation   total 10604256K, used 10540380K [0x00007f12870a0000, 0x00007f150e458000, 0x00007f27dc600000)
   the space 10604256K,  99% used [0x00007f12870a0000, 0x00007f150a5f7178, 0x00007f150a5f7200, 0x00007f150e458000)
 Metaspace       used 24272K, capacity 24632K, committed 24832K, reserved 26624K
}
Event: 5410.746 GC heap after
{Heap after GC invocations=2998 (full 7):
 def new generation   total 4771968K, used 152647K [0x00007f07dc600000, 0x00007f091ffe0000, 0x00007f12870a0000)
  eden space 4241792K,   0% used [0x00007f07dc600000, 0x00007f07dc600000, 0x00007f08df460000)
  from space 530176K,  28% used [0x00007f08df460000, 0x00007f08e8971f18, 0x00007f08ffa20000)
  to   space 530176K,   0% used [0x00007f08ffa20000, 0x00007f08ffa20000, 0x00007f091ffe0000)
 tenured generation   total 10604256K, used 10557340K [0x00007f12870a0000, 0x00007f150e458000, 0x00007f27dc600000)
   the space 10604256K,  99% used [0x00007f12870a0000, 0x00007f150b687170, 0x00007f150b687200, 0x00007f150e458000)
 Metaspace       used 24272K, capacity 24632K, committed 24832K, reserved 26624K
}
Event: 5415.405 GC heap before
{Heap before GC invocations=2998 (full 7):
 def new generation   total 4771968K, used 4394439K [0x00007f07dc600000, 0x00007f091ffe0000, 0x00007f12870a0000)
  eden space 4241792K, 100% used [0x00007f07dc600000, 0x00007f08df460000, 0x00007f08df460000)
  from space 530176K,  28% used [0x00007f08df460000, 0x00007f08e8971f18, 0x00007f08ffa20000)
  to   space 530176K,   0% used [0x00007f08ffa20000, 0x00007f08ffa20000, 0x00007f091ffe0000)
 tenured generation   total 10604256K, used 10557340K [0x00007f12870a0000, 0x00007f150e458000, 0x00007f27dc600000)
   the space 10604256K,  99% used [0x00007f12870a0000, 0x00007f150b687170, 0x00007f150b687200, 0x00007f150e458000)
 Metaspace       used 24272K, capacity 24632K, committed 24832K, reserved 26624K
}
Event: 5415.521 GC heap after
{Heap after GC invocations=2999 (full 7):
 def new generation   total 4771968K, used 163454K [0x00007f07dc600000, 0x00007f091ffe0000, 0x00007f12870a0000)
  eden space 4241792K,   0% used [0x00007f07dc600000, 0x00007f07dc600000, 0x00007f08df460000)
  from space 530176K,  30% used [0x00007f08ffa20000, 0x00007f09099bfb40, 0x00007f091ffe0000)
  to   space 530176K,   0% used [0x00007f08df460000, 0x00007f08df460000, 0x00007f08ffa20000)
 tenured generation   total 10604256K, used 10557340K [0x00007f12870a0000, 0x00007f150e458000, 0x00007f27dc600000)
   the space 10604256K,  99% used [0x00007f12870a0000, 0x00007f150b687170, 0x00007f150b687200, 0x00007f150e458000)
 Metaspace       used 24272K, capacity 24632K, committed 24832K, reserved 26624K
}
Event: 5419.135 GC heap before
{Heap before GC invocations=2999 (full 7):
 def new generation   total 4771968K, used 4405246K [0x00007f07dc600000, 0x00007f091ffe0000, 0x00007f12870a0000)
  eden space 4241792K, 100% used [0x00007f07dc600000, 0x00007f08df460000, 0x00007f08df460000)
  from space 530176K,  30% used [0x00007f08ffa20000, 0x00007f09099bfb40, 0x00007f091ffe0000)
  to   space 530176K,   0% used [0x00007f08df460000, 0x00007f08df460000, 0x00007f08ffa20000)
 tenured generation   total 10604256K, used 10557340K [0x00007f12870a0000, 0x00007f150e458000, 0x00007f27dc600000)
   the space 10604256K,  99% used [0x00007f12870a0000, 0x00007f150b687170, 0x00007f150b687200, 0x00007f150e458000)
 Metaspace       used 24272K, capacity 24632K, committed 24832K, reserved 26624K
}
Event: 5419.233 GC heap after
{Heap after GC invocations=3000 (full 7):
 def new generation   total 4771968K, used 152647K [0x00007f07dc600000, 0x00007f091ffe0000, 0x00007f12870a0000)
  eden space 4241792K,   0% used [0x00007f07dc600000, 0x00007f07dc600000, 0x00007f08df460000)
  from space 530176K,  28% used [0x00007f08df460000, 0x00007f08e8971f88, 0x00007f08ffa20000)
  to   space 530176K,   0% used [0x00007f08ffa20000, 0x00007f08ffa20000, 0x00007f091ffe0000)
 tenured generation   total 10604256K, used 10574300K [0x00007f12870a0000, 0x00007f150e458000, 0x00007f27dc600000)
   the space 10604256K,  99% used [0x00007f12870a0000, 0x00007f150c717168, 0x00007f150c717200, 0x00007f150e458000)
 Metaspace       used 24272K, capacity 24632K, committed 24832K, reserved 26624K
}
Event: 5423.981 GC heap before
{Heap before GC invocations=3000 (full 7):
 def new generation   total 4771968K, used 4394439K [0x00007f07dc600000, 0x00007f091ffe0000, 0x00007f12870a0000)
  eden space 4241792K, 100% used [0x00007f07dc600000, 0x00007f08df460000, 0x00007f08df460000)
  from space 530176K,  28% used [0x00007f08df460000, 0x00007f08e8971f88, 0x00007f08ffa20000)
  to   space 530176K,   0% used [0x00007f08ffa20000, 0x00007f08ffa20000, 0x00007f091ffe0000)
 tenured generation   total 10604256K, used 10574300K [0x00007f12870a0000, 0x00007f150e458000, 0x00007f27dc600000)
   the space 10604256K,  99% used [0x00007f12870a0000, 0x00007f150c717168, 0x00007f150c717200, 0x00007f150e458000)
 Metaspace       used 24272K, capacity 24632K, committed 24832K, reserved 26624K
}
Event: 5424.077 GC heap after
{Heap after GC invocations=3001 (full 7):
 def new generation   total 4771968K, used 164475K [0x00007f07dc600000, 0x00007f091ffe0000, 0x00007f12870a0000)
  eden space 4241792K,   0% used [0x00007f07dc600000, 0x00007f07dc600000, 0x00007f08df460000)
  from space 530176K,  31% used [0x00007f08ffa20000, 0x00007f0909abed60, 0x00007f091ffe0000)
  to   space 530176K,   0% used [0x00007f08df460000, 0x00007f08df460000, 0x00007f08ffa20000)
 tenured generation   total 10604256K, used 10574300K [0x00007f12870a0000, 0x00007f150e458000, 0x00007f27dc600000)
   the space 10604256K,  99% used [0x00007f12870a0000, 0x00007f150c717168, 0x00007f150c717200, 0x00007f150e458000)
 Metaspace       used 24272K, capacity 24632K, committed 24832K, reserved 26624K
}
Event: 5427.952 GC heap before
{Heap before GC invocations=3001 (full 7):
 def new generation   total 4771968K, used 4406267K [0x00007f07dc600000, 0x00007f091ffe0000, 0x00007f12870a0000)
  eden space 4241792K, 100% used [0x00007f07dc600000, 0x00007f08df460000, 0x00007f08df460000)
  from space 530176K,  31% used [0x00007f08ffa20000, 0x00007f0909abed60, 0x00007f091ffe0000)
  to   space 530176K,   0% used [0x00007f08df460000, 0x00007f08df460000, 0x00007f08ffa20000)
 tenured generation   total 10604256K, used 10574300K [0x00007f12870a0000, 0x00007f150e458000, 0x00007f27dc600000)
   the space 10604256K,  99% used [0x00007f12870a0000, 0x00007f150c717168, 0x00007f150c717200, 0x00007f150e458000)
 Metaspace       used 24272K, capacity 24632K, committed 24832K, reserved 26624K
}
Event: 5428.063 GC heap after
{Heap after GC invocations=3002 (full 7):
 def new generation   total 4771968K, used 169574K [0x00007f07dc600000, 0x00007f091ffe0000, 0x00007f12870a0000)
  eden space 4241792K,   0% used [0x00007f07dc600000, 0x00007f07dc600000, 0x00007f08df460000)
  from space 530176K,  31% used [0x00007f08df460000, 0x00007f08e99f9ae0, 0x00007f08ffa20000)
  to   space 530176K,   0% used [0x00007f08ffa20000, 0x00007f08ffa20000, 0x00007f091ffe0000)
 tenured generation   total 10604256K, used 10591260K [0x00007f12870a0000, 0x00007f150e458000, 0x00007f27dc600000)
   the space 10604256K,  99% used [0x00007f12870a0000, 0x00007f150d7a7160, 0x00007f150d7a7200, 0x00007f150e458000)
 Metaspace       used 24272K, capacity 24632K, committed 24832K, reserved 26624K
}
Event: 5432.930 GC heap before
{Heap before GC invocations=3002 (full 7):
 def new generation   total 4771968K, used 4411366K [0x00007f07dc600000, 0x00007f091ffe0000, 0x00007f12870a0000)
  eden space 4241792K, 100% used [0x00007f07dc600000, 0x00007f08df460000, 0x00007f08df460000)
  from space 530176K,  31% used [0x00007f08df460000, 0x00007f08e99f9ae0, 0x00007f08ffa20000)
  to   space 530176K,   0% used [0x00007f08ffa20000, 0x00007f08ffa20000, 0x00007f091ffe0000)
 tenured generation   total 10604256K, used 10591260K [0x00007f12870a0000, 0x00007f150e458000, 0x00007f27dc600000)
   the space 10604256K,  99% used [0x00007f12870a0000, 0x00007f150d7a7160, 0x00007f150d7a7200, 0x00007f150e458000)
 Metaspace       used 24272K, capacity 24632K, committed 24832K, reserved 26624K
}
Event: 5433.058 GC heap after
{Heap after GC invocations=3003 (full 7):
 def new generation   total 4771968K, used 167599K [0x00007f07dc600000, 0x00007f091ffe0000, 0x00007f12870a0000)
  eden space 4241792K,   0% used [0x00007f07dc600000, 0x00007f07dc600000, 0x00007f08df460000)
  from space 530176K,  31% used [0x00007f08ffa20000, 0x00007f0909dcbe10, 0x00007f091ffe0000)
  to   space 530176K,   0% used [0x00007f08df460000, 0x00007f08df460000, 0x00007f08ffa20000)
 tenured generation   total 10604256K, used 10591260K [0x00007f12870a0000, 0x00007f150e458000, 0x00007f27dc600000)
   the space 10604256K,  99% used [0x00007f12870a0000, 0x00007f150d7a7160, 0x00007f150d7a7200, 0x00007f150e458000)
 Metaspace       used 24272K, capacity 24632K, committed 24832K, reserved 26624K
}
Event: 5436.620 GC heap before
{Heap before GC invocations=3003 (full 7):
 def new generation   total 4771968K, used 4409391K [0x00007f07dc600000, 0x00007f091ffe0000, 0x00007f12870a0000)
  eden space 4241792K, 100% used [0x00007f07dc600000, 0x00007f08df460000, 0x00007f08df460000)
  from space 530176K,  31% used [0x00007f08ffa20000, 0x00007f0909dcbe10, 0x00007f091ffe0000)
  to   space 530176K,   0% used [0x00007f08df460000, 0x00007f08df460000, 0x00007f08ffa20000)
 tenured generation   total 10604256K, used 10591260K [0x00007f12870a0000, 0x00007f150e458000, 0x00007f27dc600000)
   the space 10604256K,  99% used [0x00007f12870a0000, 0x00007f150d7a7160, 0x00007f150d7a7200, 0x00007f150e458000)
 Metaspace       used 24272K, capacity 24632K, committed 24832K, reserved 26624K
}
Event: 5436.804 GC heap after
{Heap after GC invocations=3004 (full 7):
 def new generation   total 4771968K, used 152645K [0x00007f07dc600000, 0x00007f091ffe0000, 0x00007f12870a0000)
  eden space 4241792K,   0% used [0x00007f07dc600000, 0x00007f07dc600000, 0x00007f08df460000)
  from space 530176K,  28% used [0x00007f08df460000, 0x00007f08e89717f0, 0x00007f08ffa20000)
  to   space 530176K,   0% used [0x00007f08ffa20000, 0x00007f08ffa20000, 0x00007f091ffe0000)
 tenured generation   total 10620644K, used 10608220K [0x00007f12870a0000, 0x00007f150f459000, 0x00007f27dc600000)
   the space 10620644K,  99% used [0x00007f12870a0000, 0x00007f150e837158, 0x00007f150e837200, 0x00007f150f459000)
 Metaspace       used 24272K, capacity 24632K, committed 24832K, reserved 26624K
}
Event: 5436.804 GC heap before
{Heap before GC invocations=3004 (full 7):
 def new generation   total 4771968K, used 152645K [0x00007f07dc600000, 0x00007f091ffe0000, 0x00007f12870a0000)
  eden space 4241792K,   0% used [0x00007f07dc600000, 0x00007f07dc600000, 0x00007f08df460000)
  from space 530176K,  28% used [0x00007f08df460000, 0x00007f08e89717f0, 0x00007f08ffa20000)
  to   space 530176K,   0% used [0x00007f08ffa20000, 0x00007f08ffa20000, 0x00007f091ffe0000)
 tenured generation   total 10620644K, used 10608220K [0x00007f12870a0000, 0x00007f150f459000, 0x00007f27dc600000)
   the space 10620644K,  99% used [0x00007f12870a0000, 0x00007f150e837158, 0x00007f150e837200, 0x00007f150f459000)
 Metaspace       used 24272K, capacity 24632K, committed 24832K, reserved 26624K
}

