# JRE version: OpenJDK Runtime Environment (13.0.7+5) (build 13.0.7+5-Ubuntu-0ubuntu120.04)
# Java VM: OpenJDK 64-Bit Server VM (13.0.7+5-Ubuntu-0ubuntu120.04, mixed mode, tiered, serial gc, linux-amd64)
Heap:
 def new generation   total 797568K, used 0K [0x00007f5424600000, 0x00007f545a760000, 0x00007f5979b50000)
  eden space 708992K,   0% used [0x00007f5424600000, 0x00007f5424600000, 0x00007f544fa60000)
  from space 88576K,   0% used [0x00007f54550e0000, 0x00007f54550e0000, 0x00007f545a760000)
  to   space 88576K,   0% used [0x00007f544fa60000, 0x00007f544fa60000, 0x00007f54550e0000)
 tenured generation   total 10160832K, used 8403360K [0x00007f5979b50000, 0x00007f5be5e00000, 0x00007f6424600000)
   the space 10160832K,  82% used [0x00007f5979b50000, 0x00007f5b7a9b82b0, 0x00007f5b7a9b8400, 0x00007f5be5e00000)
 Metaspace       used 23236K, capacity 23604K, committed 23808K, reserved 24576K
GC Heap History (13 events):
Event: 3.549 GC heap before
{Heap before GC invocations=0 (full 0):
 def new generation   total 629120K, used 111851K [0x00007f5424600000, 0x00007f544f0a0000, 0x00007f5979b50000)
  eden space 559232K,  20% used [0x00007f5424600000, 0x00007f542b33af88, 0x00007f5446820000)
  from space 69888K,   0% used [0x00007f5446820000, 0x00007f5446820000, 0x00007f544ac60000)
  to   space 69888K,   0% used [0x00007f544ac60000, 0x00007f544ac60000, 0x00007f544f0a0000)
 tenured generation   total 1398144K, used 0K [0x00007f5979b50000, 0x00007f59cf0b0000, 0x00007f6424600000)
   the space 1398144K,   0% used [0x00007f5979b50000, 0x00007f5979b50000, 0x00007f5979b50200, 0x00007f59cf0b0000)
 Metaspace       used 20901K, capacity 21206K, committed 21248K, reserved 22528K
}
Event: 3.682 GC heap after
{Heap after GC invocations=1 (full 1):
 def new generation   total 629248K, used 0K [0x00007f5424600000, 0x00007f544f0c0000, 0x00007f5979b50000)
  eden space 559360K,   0% used [0x00007f5424600000, 0x00007f5424600000, 0x00007f5446840000)
  from space 69888K,   0% used [0x00007f5446840000, 0x00007f5446840000, 0x00007f544ac80000)
  to   space 69888K,   0% used [0x00007f544ac80000, 0x00007f544ac80000, 0x00007f544f0c0000)
 tenured generation   total 1398144K, used 13606K [0x00007f5979b50000, 0x00007f59cf0b0000, 0x00007f6424600000)
   the space 1398144K,   0% used [0x00007f5979b50000, 0x00007f597a8998d0, 0x00007f597a899a00, 0x00007f59cf0b0000)
 Metaspace       used 20901K, capacity 21206K, committed 21248K, reserved 22528K
}
Event: 6.220 GC heap before
{Heap before GC invocations=1 (full 1):
 def new generation   total 629248K, used 559360K [0x00007f5424600000, 0x00007f544f0c0000, 0x00007f5979b50000)
  eden space 559360K, 100% used [0x00007f5424600000, 0x00007f5446840000, 0x00007f5446840000)
  from space 69888K,   0% used [0x00007f5446840000, 0x00007f5446840000, 0x00007f544ac80000)
  to   space 69888K,   0% used [0x00007f544ac80000, 0x00007f544ac80000, 0x00007f544f0c0000)
 tenured generation   total 1398144K, used 13606K [0x00007f5979b50000, 0x00007f59cf0b0000, 0x00007f6424600000)
   the space 1398144K,   0% used [0x00007f5979b50000, 0x00007f597a8998d0, 0x00007f597a899a00, 0x00007f59cf0b0000)
 Metaspace       used 23047K, capacity 23388K, committed 23552K, reserved 24576K
}
Event: 6.228 GC heap after
{Heap after GC invocations=2 (full 1):
 def new generation   total 629248K, used 706K [0x00007f5424600000, 0x00007f544f0c0000, 0x00007f5979b50000)
  eden space 559360K,   0% used [0x00007f5424600000, 0x00007f5424600000, 0x00007f5446840000)
  from space 69888K,   1% used [0x00007f544ac80000, 0x00007f544ad30b18, 0x00007f544f0c0000)
  to   space 69888K,   0% used [0x00007f5446840000, 0x00007f5446840000, 0x00007f544ac80000)
 tenured generation   total 1398144K, used 13606K [0x00007f5979b50000, 0x00007f59cf0b0000, 0x00007f6424600000)
   the space 1398144K,   0% used [0x00007f5979b50000, 0x00007f597a8998d0, 0x00007f597a899a00, 0x00007f59cf0b0000)
 Metaspace       used 23047K, capacity 23388K, committed 23552K, reserved 24576K
}
Event: 7.329 GC heap before
{Heap before GC invocations=2 (full 1):
 def new generation   total 629248K, used 560066K [0x00007f5424600000, 0x00007f544f0c0000, 0x00007f5979b50000)
  eden space 559360K, 100% used [0x00007f5424600000, 0x00007f5446840000, 0x00007f5446840000)
  from space 69888K,   1% used [0x00007f544ac80000, 0x00007f544ad30b18, 0x00007f544f0c0000)
  to   space 69888K,   0% used [0x00007f5446840000, 0x00007f5446840000, 0x00007f544ac80000)
 tenured generation   total 1398144K, used 13606K [0x00007f5979b50000, 0x00007f59cf0b0000, 0x00007f6424600000)
   the space 1398144K,   0% used [0x00007f5979b50000, 0x00007f597a8998d0, 0x00007f597a899a00, 0x00007f59cf0b0000)
 Metaspace       used 23054K, capacity 23453K, committed 23552K, reserved 24576K
}
Event: 7.333 GC heap after
{Heap after GC invocations=3 (full 1):
 def new generation   total 629248K, used 1012K [0x00007f5424600000, 0x00007f544f0c0000, 0x00007f5979b50000)
  eden space 559360K,   0% used [0x00007f5424600000, 0x00007f5424600000, 0x00007f5446840000)
  from space 69888K,   1% used [0x00007f5446840000, 0x00007f544693d2a8, 0x00007f544ac80000)
  to   space 69888K,   0% used [0x00007f544ac80000, 0x00007f544ac80000, 0x00007f544f0c0000)
 tenured generation   total 1398144K, used 13606K [0x00007f5979b50000, 0x00007f59cf0b0000, 0x00007f6424600000)
   the space 1398144K,   0% used [0x00007f5979b50000, 0x00007f597a8998d0, 0x00007f597a899a00, 0x00007f59cf0b0000)
 Metaspace       used 23054K, capacity 23453K, committed 23552K, reserved 24576K
}
Event: 9.090 GC heap before
{Heap before GC invocations=3 (full 1):
 def new generation   total 629248K, used 61848K [0x00007f5424600000, 0x00007f544f0c0000, 0x00007f5979b50000)
  eden space 559360K,  10% used [0x00007f5424600000, 0x00007f5428168de8, 0x00007f5446840000)
  from space 69888K,   1% used [0x00007f5446840000, 0x00007f544693d2a8, 0x00007f544ac80000)
  to   space 69888K,   0% used [0x00007f544ac80000, 0x00007f544ac80000, 0x00007f544f0c0000)
 tenured generation   total 1398144K, used 1062182K [0x00007f5979b50000, 0x00007f59cf0b0000, 0x00007f6424600000)
   the space 1398144K,  75% used [0x00007f5979b50000, 0x00007f59ba8998e8, 0x00007f59ba899a00, 0x00007f59cf0b0000)
 Metaspace       used 23233K, capacity 23604K, committed 23808K, reserved 24576K
}
Event: 9.096 GC heap after
{Heap after GC invocations=4 (full 1):
 def new generation   total 629248K, used 1148K [0x00007f5424600000, 0x00007f544f0c0000, 0x00007f5979b50000)
  eden space 559360K,   0% used [0x00007f5424600000, 0x00007f5424600000, 0x00007f5446840000)
  from space 69888K,   1% used [0x00007f544ac80000, 0x00007f544ad9f170, 0x00007f544f0c0000)
  to   space 69888K,   0% used [0x00007f5446840000, 0x00007f5446840000, 0x00007f544ac80000)
 tenured generation   total 1398144K, used 1062182K [0x00007f5979b50000, 0x00007f59cf0b0000, 0x00007f6424600000)
   the space 1398144K,  75% used [0x00007f5979b50000, 0x00007f59ba8998e8, 0x00007f59ba899a00, 0x00007f59cf0b0000)
 Metaspace       used 23233K, capacity 23604K, committed 23808K, reserved 24576K
}
Event: 9.096 GC heap before
{Heap before GC invocations=4 (full 1):
 def new generation   total 629248K, used 1148K [0x00007f5424600000, 0x00007f544f0c0000, 0x00007f5979b50000)
  eden space 559360K,   0% used [0x00007f5424600000, 0x00007f5424600000, 0x00007f5446840000)
  from space 69888K,   1% used [0x00007f544ac80000, 0x00007f544ad9f170, 0x00007f544f0c0000)
  to   space 69888K,   0% used [0x00007f5446840000, 0x00007f5446840000, 0x00007f544ac80000)
 tenured generation   total 1398144K, used 1062182K [0x00007f5979b50000, 0x00007f59cf0b0000, 0x00007f6424600000)
   the space 1398144K,  75% used [0x00007f5979b50000, 0x00007f59ba8998e8, 0x00007f59ba899a00, 0x00007f59cf0b0000)
 Metaspace       used 23233K, capacity 23604K, committed 23808K, reserved 24576K
}
Event: 9.148 GC heap after
{Heap after GC invocations=4 (full 2):
 def new generation   total 797568K, used 0K [0x00007f5424600000, 0x00007f545a760000, 0x00007f5979b50000)
  eden space 708992K,   0% used [0x00007f5424600000, 0x00007f5424600000, 0x00007f544fa60000)
  from space 88576K,   0% used [0x00007f544fa60000, 0x00007f544fa60000, 0x00007f54550e0000)
  to   space 88576K,   0% used [0x00007f54550e0000, 0x00007f54550e0000, 0x00007f545a760000)
 tenured generation   total 1772220K, used 1063329K [0x00007f5979b50000, 0x00007f59e5dff000, 0x00007f6424600000)
   the space 1772220K,  59% used [0x00007f5979b50000, 0x00007f59ba9b87b8, 0x00007f59ba9b8800, 0x00007f59e5dff000)
 Metaspace       used 23233K, capacity 23604K, committed 23808K, reserved 24576K
}
Event: 23.025 GC heap before
{Heap before GC invocations=4 (full 2):
 def new generation   total 797568K, used 21085K [0x00007f5424600000, 0x00007f545a760000, 0x00007f5979b50000)
  eden space 708992K,   2% used [0x00007f5424600000, 0x00007f5425a97738, 0x00007f544fa60000)
  from space 88576K,   0% used [0x00007f544fa60000, 0x00007f544fa60000, 0x00007f54550e0000)
  to   space 88576K,   0% used [0x00007f54550e0000, 0x00007f54550e0000, 0x00007f545a760000)
 tenured generation   total 10160832K, used 9451937K [0x00007f5979b50000, 0x00007f5be5e00000, 0x00007f6424600000)
   the space 10160832K,  93% used [0x00007f5979b50000, 0x00007f5bba9b87d0, 0x00007f5bba9b8800, 0x00007f5be5e00000)
 Metaspace       used 23236K, capacity 23604K, committed 23808K, reserved 24576K
}
Event: 23.046 GC heap after
{Heap after GC invocations=5 (full 2):
 def new generation   total 797568K, used 0K [0x00007f5424600000, 0x00007f545a760000, 0x00007f5979b50000)
  eden space 708992K,   0% used [0x00007f5424600000, 0x00007f5424600000, 0x00007f544fa60000)
  from space 88576K,   0% used [0x00007f54550e0000, 0x00007f54550e01d8, 0x00007f545a760000)
  to   space 88576K,   0% used [0x00007f544fa60000, 0x00007f544fa60000, 0x00007f54550e0000)
 tenured generation   total 10160832K, used 9451937K [0x00007f5979b50000, 0x00007f5be5e00000, 0x00007f6424600000)
   the space 10160832K,  93% used [0x00007f5979b50000, 0x00007f5bba9b87d0, 0x00007f5bba9b8800, 0x00007f5be5e00000)
 Metaspace       used 23236K, capacity 23604K, committed 23808K, reserved 24576K
}
Event: 23.046 GC heap before
{Heap before GC invocations=5 (full 2):
 def new generation   total 797568K, used 0K [0x00007f5424600000, 0x00007f545a760000, 0x00007f5979b50000)
  eden space 708992K,   0% used [0x00007f5424600000, 0x00007f5424600000, 0x00007f544fa60000)
  from space 88576K,   0% used [0x00007f54550e0000, 0x00007f54550e01d8, 0x00007f545a760000)
  to   space 88576K,   0% used [0x00007f544fa60000, 0x00007f544fa60000, 0x00007f54550e0000)
 tenured generation   total 10160832K, used 9451937K [0x00007f5979b50000, 0x00007f5be5e00000, 0x00007f6424600000)
   the space 10160832K,  93% used [0x00007f5979b50000, 0x00007f5bba9b87d0, 0x00007f5bba9b8800, 0x00007f5be5e00000)
 Metaspace       used 23236K, capacity 23604K, committed 23808K, reserved 24576K
}

