# JRE version: OpenJDK Runtime Environment (13.0.7+5) (build 13.0.7+5-Ubuntu-0ubuntu120.04)
# Java VM: OpenJDK 64-Bit Server VM (13.0.7+5-Ubuntu-0ubuntu120.04, mixed mode, tiered, serial gc, linux-amd64)
Heap:
 def new generation   total 11477376K, used 0K [0x00007f0060600000, 0x00007f036abc0000, 0x00007f05b5b50000)
  eden space 10202112K,   0% used [0x00007f0060600000, 0x00007f0060600000, 0x00007f02cf100000)
  from space 1275264K,   0% used [0x00007f02cf100000, 0x00007f02cf100000, 0x00007f031ce60000)
  to   space 1275264K,   0% used [0x00007f031ce60000, 0x00007f031ce60000, 0x00007f036abc0000)
 tenured generation   total 27731788K, used 26940596K [0x00007f05b5b50000, 0x00007f0c52523000, 0x00007f1060600000)
   the space 27731788K,  97% used [0x00007f05b5b50000, 0x00007f0c2207d138, 0x00007f0c2207d200, 0x00007f0c52523000)
 Metaspace       used 30948K, capacity 31409K, committed 31488K, reserved 32768K
GC Heap History (20 events):
Event: 23.851 GC heap after
{Heap after GC invocations=10 (full 2):
 def new generation   total 1322240K, used 146879K [0x00007f0060600000, 0x00007f00ba0b0000, 0x00007f05b5b50000)
  eden space 1175360K,   0% used [0x00007f0060600000, 0x00007f0060600000, 0x00007f00a81d0000)
  from space 146880K,  99% used [0x00007f00b1140000, 0x00007f00ba0afe38, 0x00007f00ba0b0000)
  to   space 146880K,   0% used [0x00007f00a81d0000, 0x00007f00a81d0000, 0x00007f00b1140000)
 tenured generation   total 3910304K, used 3910203K [0x00007f05b5b50000, 0x00007f06a45f8000, 0x00007f1060600000)
   the space 3910304K,  99% used [0x00007f05b5b50000, 0x00007f06a45dee70, 0x00007f06a45df000, 0x00007f06a45f8000)
 Metaspace       used 30948K, capacity 31409K, committed 31488K, reserved 32768K
}
Event: 23.851 GC heap before
{Heap before GC invocations=10 (full 2):
 def new generation   total 1322240K, used 146879K [0x00007f0060600000, 0x00007f00ba0b0000, 0x00007f05b5b50000)
  eden space 1175360K,   0% used [0x00007f0060600000, 0x00007f0060600000, 0x00007f00a81d0000)
  from space 146880K,  99% used [0x00007f00b1140000, 0x00007f00ba0afe38, 0x00007f00ba0b0000)
  to   space 146880K,   0% used [0x00007f00a81d0000, 0x00007f00a81d0000, 0x00007f00b1140000)
 tenured generation   total 3910304K, used 3910203K [0x00007f05b5b50000, 0x00007f06a45f8000, 0x00007f1060600000)
   the space 3910304K,  99% used [0x00007f05b5b50000, 0x00007f06a45dee70, 0x00007f06a45df000, 0x00007f06a45f8000)
 Metaspace       used 30948K, capacity 31409K, committed 31488K, reserved 32768K
}
Event: 24.946 GC heap after
{Heap after GC invocations=10 (full 3):
 def new generation   total 2932800K, used 146780K [0x00007f0060600000, 0x00007f0127440000, 0x00007f05b5b50000)
  eden space 2606976K,   5% used [0x00007f0060600000, 0x00007f00695570e8, 0x00007f00ff7e0000)
  from space 325824K,   0% used [0x00007f00ff7e0000, 0x00007f00ff7e0000, 0x00007f0113610000)
  to   space 325824K,   0% used [0x00007f0113610000, 0x00007f0113610000, 0x00007f0127440000)
 tenured generation   total 6517172K, used 3910302K [0x00007f05b5b50000, 0x00007f07437bd000, 0x00007f1060600000)
   the space 6517172K,  59% used [0x00007f05b5b50000, 0x00007f06a45f7bc0, 0x00007f06a45f7c00, 0x00007f07437bd000)
 Metaspace       used 30948K, capacity 31409K, committed 31488K, reserved 32768K
}
Event: 30.467 GC heap before
{Heap before GC invocations=10 (full 3):
 def new generation   total 2932800K, used 2606976K [0x00007f0060600000, 0x00007f0127440000, 0x00007f05b5b50000)
  eden space 2606976K, 100% used [0x00007f0060600000, 0x00007f00ff7e0000, 0x00007f00ff7e0000)
  from space 325824K,   0% used [0x00007f00ff7e0000, 0x00007f00ff7e0000, 0x00007f0113610000)
  to   space 325824K,   0% used [0x00007f0113610000, 0x00007f0113610000, 0x00007f0127440000)
 tenured generation   total 6517172K, used 3910302K [0x00007f05b5b50000, 0x00007f07437bd000, 0x00007f1060600000)
   the space 6517172K,  59% used [0x00007f05b5b50000, 0x00007f06a45f7bc0, 0x00007f06a45f7c00, 0x00007f07437bd000)
 Metaspace       used 30948K, capacity 31409K, committed 31488K, reserved 32768K
}
Event: 32.209 GC heap after
{Heap after GC invocations=11 (full 3):
 def new generation   total 2932800K, used 325822K [0x00007f0060600000, 0x00007f0127440000, 0x00007f05b5b50000)
  eden space 2606976K,   0% used [0x00007f0060600000, 0x00007f0060600000, 0x00007f00ff7e0000)
  from space 325824K,  99% used [0x00007f0113610000, 0x00007f012743fbe0, 0x00007f0127440000)
  to   space 325824K,   0% used [0x00007f00ff7e0000, 0x00007f00ff7e0000, 0x00007f0113610000)
 tenured generation   total 6517172K, used 5372211K [0x00007f05b5b50000, 0x00007f07437bd000, 0x00007f1060600000)
   the space 6517172K,  82% used [0x00007f05b5b50000, 0x00007f06fd99cef0, 0x00007f06fd99d000, 0x00007f07437bd000)
 Metaspace       used 30948K, capacity 31409K, committed 31488K, reserved 32768K
}
Event: 34.389 GC heap before
{Heap before GC invocations=11 (full 3):
 def new generation   total 2932800K, used 2932798K [0x00007f0060600000, 0x00007f0127440000, 0x00007f05b5b50000)
  eden space 2606976K, 100% used [0x00007f0060600000, 0x00007f00ff7e0000, 0x00007f00ff7e0000)
  from space 325824K,  99% used [0x00007f0113610000, 0x00007f012743fbe0, 0x00007f0127440000)
  to   space 325824K,   0% used [0x00007f00ff7e0000, 0x00007f00ff7e0000, 0x00007f0113610000)
 tenured generation   total 6517172K, used 5372211K [0x00007f05b5b50000, 0x00007f07437bd000, 0x00007f1060600000)
   the space 6517172K,  82% used [0x00007f05b5b50000, 0x00007f06fd99cef0, 0x00007f06fd99d000, 0x00007f07437bd000)
 Metaspace       used 30948K, capacity 31409K, committed 31488K, reserved 32768K
}
Event: 36.655 GC heap after
{Heap after GC invocations=12 (full 3):
 def new generation   total 2932800K, used 325823K [0x00007f0060600000, 0x00007f0127440000, 0x00007f05b5b50000)
  eden space 2606976K,   0% used [0x00007f0060600000, 0x00007f0060600000, 0x00007f00ff7e0000)
  from space 325824K,  99% used [0x00007f00ff7e0000, 0x00007f011360fc28, 0x00007f0113610000)
  to   space 325824K,   0% used [0x00007f0113610000, 0x00007f0113610000, 0x00007f0127440000)
 tenured generation   total 7826228K, used 7826041K [0x00007f05b5b50000, 0x00007f079361d000, 0x00007f1060600000)
   the space 7826228K,  99% used [0x00007f05b5b50000, 0x00007f07935ee6e8, 0x00007f07935ee800, 0x00007f079361d000)
 Metaspace       used 30948K, capacity 31409K, committed 31488K, reserved 32768K
}
Event: 36.655 GC heap before
{Heap before GC invocations=12 (full 3):
 def new generation   total 2932800K, used 325823K [0x00007f0060600000, 0x00007f0127440000, 0x00007f05b5b50000)
  eden space 2606976K,   0% used [0x00007f0060600000, 0x00007f0060600000, 0x00007f00ff7e0000)
  from space 325824K,  99% used [0x00007f00ff7e0000, 0x00007f011360fc28, 0x00007f0113610000)
  to   space 325824K,   0% used [0x00007f0113610000, 0x00007f0113610000, 0x00007f0127440000)
 tenured generation   total 7826228K, used 7826041K [0x00007f05b5b50000, 0x00007f079361d000, 0x00007f1060600000)
   the space 7826228K,  99% used [0x00007f05b5b50000, 0x00007f07935ee6e8, 0x00007f07935ee800, 0x00007f079361d000)
 Metaspace       used 30948K, capacity 31409K, committed 31488K, reserved 32768K
}
Event: 41.866 GC heap after
{Heap after GC invocations=12 (full 4):
 def new generation   total 5869760K, used 320154K [0x00007f0060600000, 0x00007f01ee710000, 0x00007f05b5b50000)
  eden space 5217600K,   6% used [0x00007f0060600000, 0x00007f0073ea6bb0, 0x00007f019ed50000)
  from space 652160K,   0% used [0x00007f019ed50000, 0x00007f019ed50000, 0x00007f01c6a30000)
  to   space 652160K,   0% used [0x00007f01c6a30000, 0x00007f01c6a30000, 0x00007f01ee710000)
 tenured generation   total 13043716K, used 7826227K [0x00007f05b5b50000, 0x00007f08d1d51000, 0x00007f1060600000)
   the space 13043716K,  59% used [0x00007f05b5b50000, 0x00007f079361ce68, 0x00007f079361d000, 0x00007f08d1d51000)
 Metaspace       used 30948K, capacity 31409K, committed 31488K, reserved 32768K
}
Event: 52.560 GC heap before
{Heap before GC invocations=12 (full 4):
 def new generation   total 5869760K, used 5217600K [0x00007f0060600000, 0x00007f01ee710000, 0x00007f05b5b50000)
  eden space 5217600K, 100% used [0x00007f0060600000, 0x00007f019ed50000, 0x00007f019ed50000)
  from space 652160K,   0% used [0x00007f019ed50000, 0x00007f019ed50000, 0x00007f01c6a30000)
  to   space 652160K,   0% used [0x00007f01c6a30000, 0x00007f01c6a30000, 0x00007f01ee710000)
 tenured generation   total 13043716K, used 7826227K [0x00007f05b5b50000, 0x00007f08d1d51000, 0x00007f1060600000)
   the space 13043716K,  59% used [0x00007f05b5b50000, 0x00007f079361ce68, 0x00007f079361d000, 0x00007f08d1d51000)
 Metaspace       used 30948K, capacity 31409K, committed 31488K, reserved 32768K
}
Event: 58.001 GC heap after
{Heap after GC invocations=13 (full 4):
 def new generation   total 5869760K, used 652159K [0x00007f0060600000, 0x00007f01ee710000, 0x00007f05b5b50000)
  eden space 5217600K,   0% used [0x00007f0060600000, 0x00007f0060600000, 0x00007f019ed50000)
  from space 652160K,  99% used [0x00007f01c6a30000, 0x00007f01ee70fd60, 0x00007f01ee710000)
  to   space 652160K,   0% used [0x00007f019ed50000, 0x00007f019ed50000, 0x00007f01c6a30000)
 tenured generation   total 13043716K, used 10904739K [0x00007f05b5b50000, 0x00007f08d1d51000, 0x00007f1060600000)
   the space 13043716K,  83% used [0x00007f05b5b50000, 0x00007f084f478f58, 0x00007f084f479000, 0x00007f08d1d51000)
 Metaspace       used 30948K, capacity 31409K, committed 31488K, reserved 32768K
}
Event: 63.548 GC heap before
{Heap before GC invocations=13 (full 4):
 def new generation   total 5869760K, used 5869759K [0x00007f0060600000, 0x00007f01ee710000, 0x00007f05b5b50000)
  eden space 5217600K, 100% used [0x00007f0060600000, 0x00007f019ed50000, 0x00007f019ed50000)
  from space 652160K,  99% used [0x00007f01c6a30000, 0x00007f01ee70fd60, 0x00007f01ee710000)
  to   space 652160K,   0% used [0x00007f019ed50000, 0x00007f019ed50000, 0x00007f01c6a30000)
 tenured generation   total 13043716K, used 10904739K [0x00007f05b5b50000, 0x00007f08d1d51000, 0x00007f1060600000)
   the space 13043716K,  83% used [0x00007f05b5b50000, 0x00007f084f478f58, 0x00007f084f479000, 0x00007f08d1d51000)
 Metaspace       used 30948K, capacity 31409K, committed 31488K, reserved 32768K
}
Event: 68.594 GC heap after
{Heap after GC invocations=14 (full 4):
 def new generation   total 5869760K, used 652159K [0x00007f0060600000, 0x00007f01ee710000, 0x00007f05b5b50000)
  eden space 5217600K,   0% used [0x00007f0060600000, 0x00007f0060600000, 0x00007f019ed50000)
  from space 652160K,  99% used [0x00007f019ed50000, 0x00007f01c6a2fca0, 0x00007f01c6a30000)
  to   space 652160K,   0% used [0x00007f01c6a30000, 0x00007f01c6a30000, 0x00007f01ee710000)
 tenured generation   total 15303172K, used 15303096K [0x00007f05b5b50000, 0x00007f095bbd1000, 0x00007f1060600000)
   the space 15303172K,  99% used [0x00007f05b5b50000, 0x00007f095bbbe160, 0x00007f095bbbe200, 0x00007f095bbd1000)
 Metaspace       used 30948K, capacity 31409K, committed 31488K, reserved 32768K
}
Event: 68.594 GC heap before
{Heap before GC invocations=14 (full 4):
 def new generation   total 5869760K, used 652159K [0x00007f0060600000, 0x00007f01ee710000, 0x00007f05b5b50000)
  eden space 5217600K,   0% used [0x00007f0060600000, 0x00007f0060600000, 0x00007f019ed50000)
  from space 652160K,  99% used [0x00007f019ed50000, 0x00007f01c6a2fca0, 0x00007f01c6a30000)
  to   space 652160K,   0% used [0x00007f01c6a30000, 0x00007f01c6a30000, 0x00007f01ee710000)
 tenured generation   total 15303172K, used 15303096K [0x00007f05b5b50000, 0x00007f095bbd1000, 0x00007f1060600000)
   the space 15303172K,  99% used [0x00007f05b5b50000, 0x00007f095bbbe160, 0x00007f095bbbe200, 0x00007f095bbd1000)
 Metaspace       used 30948K, capacity 31409K, committed 31488K, reserved 32768K
}
Event: 72.939 GC heap after
{Heap after GC invocations=14 (full 5):
 def new generation   total 11477376K, used 652159K [0x00007f0060600000, 0x00007f036abc0000, 0x00007f05b5b50000)
  eden space 10202112K,   6% used [0x00007f0060600000, 0x00007f00882dfca0, 0x00007f02cf100000)
  from space 1275264K,   0% used [0x00007f02cf100000, 0x00007f02cf100000, 0x00007f031ce60000)
  to   space 1275264K,   0% used [0x00007f031ce60000, 0x00007f031ce60000, 0x00007f036abc0000)
 tenured generation   total 25505164K, used 15303096K [0x00007f05b5b50000, 0x00007f0bca6b3000, 0x00007f1060600000)
   the space 25505164K,  59% used [0x00007f05b5b50000, 0x00007f095bbbe160, 0x00007f095bbbe200, 0x00007f0bca6b3000)
 Metaspace       used 30948K, capacity 31409K, committed 31488K, reserved 32768K
}
Event: 90.600 GC heap before
{Heap before GC invocations=14 (full 5):
 def new generation   total 11477376K, used 10202112K [0x00007f0060600000, 0x00007f036abc0000, 0x00007f05b5b50000)
  eden space 10202112K, 100% used [0x00007f0060600000, 0x00007f02cf100000, 0x00007f02cf100000)
  from space 1275264K,   0% used [0x00007f02cf100000, 0x00007f02cf100000, 0x00007f031ce60000)
  to   space 1275264K,   0% used [0x00007f031ce60000, 0x00007f031ce60000, 0x00007f036abc0000)
 tenured generation   total 25505164K, used 15303096K [0x00007f05b5b50000, 0x00007f0bca6b3000, 0x00007f1060600000)
   the space 25505164K,  59% used [0x00007f05b5b50000, 0x00007f095bbbe160, 0x00007f095bbbe200, 0x00007f0bca6b3000)
 Metaspace       used 30948K, capacity 31409K, committed 31488K, reserved 32768K
}
Event: 99.945 GC heap after
{Heap after GC invocations=15 (full 5):
 def new generation   total 11477376K, used 1275263K [0x00007f0060600000, 0x00007f036abc0000, 0x00007f05b5b50000)
  eden space 10202112K,   0% used [0x00007f0060600000, 0x00007f0060600000, 0x00007f02cf100000)
  from space 1275264K,  99% used [0x00007f031ce60000, 0x00007f036abbfee8, 0x00007f036abc0000)
  to   space 1275264K,   0% used [0x00007f02cf100000, 0x00007f02cf100000, 0x00007f031ce60000)
 tenured generation   total 25505164K, used 21770691K [0x00007f05b5b50000, 0x00007f0bca6b3000, 0x00007f1060600000)
   the space 25505164K,  85% used [0x00007f05b5b50000, 0x00007f0ae67c0f60, 0x00007f0ae67c1000, 0x00007f0bca6b3000)
 Metaspace       used 30948K, capacity 31409K, committed 31488K, reserved 32768K
}
Event: 268.875 GC heap before
{Heap before GC invocations=15 (full 5):
 def new generation   total 11477376K, used 11477375K [0x00007f0060600000, 0x00007f036abc0000, 0x00007f05b5b50000)
  eden space 10202112K, 100% used [0x00007f0060600000, 0x00007f02cf100000, 0x00007f02cf100000)
  from space 1275264K,  99% used [0x00007f031ce60000, 0x00007f036abbfee8, 0x00007f036abc0000)
  to   space 1275264K,   0% used [0x00007f02cf100000, 0x00007f02cf100000, 0x00007f031ce60000)
 tenured generation   total 25505164K, used 21770691K [0x00007f05b5b50000, 0x00007f0bca6b3000, 0x00007f1060600000)
   the space 25505164K,  85% used [0x00007f05b5b50000, 0x00007f0ae67c0f60, 0x00007f0ae67c1000, 0x00007f0bca6b3000)
 Metaspace       used 30948K, capacity 31409K, committed 31488K, reserved 32768K
}
Event: 276.918 GC heap after
{Heap after GC invocations=16 (full 5):
 def new generation   total 11477376K, used 1275263K [0x00007f0060600000, 0x00007f036abc0000, 0x00007f05b5b50000)
  eden space 10202112K,   0% used [0x00007f0060600000, 0x00007f0060600000, 0x00007f02cf100000)
  from space 1275264K,  99% used [0x00007f02cf100000, 0x00007f031ce5fff8, 0x00007f031ce60000)
  to   space 1275264K,   0% used [0x00007f031ce60000, 0x00007f031ce60000, 0x00007f036abc0000)
 tenured generation   total 27731788K, used 27731732K [0x00007f05b5b50000, 0x00007f0c52523000, 0x00007f1060600000)
   the space 27731788K,  99% used [0x00007f05b5b50000, 0x00007f0c52515388, 0x00007f0c52515400, 0x00007f0c52523000)
 Metaspace       used 30948K, capacity 31409K, committed 31488K, reserved 32768K
}
Event: 276.918 GC heap before
{Heap before GC invocations=16 (full 5):
 def new generation   total 11477376K, used 1275263K [0x00007f0060600000, 0x00007f036abc0000, 0x00007f05b5b50000)
  eden space 10202112K,   0% used [0x00007f0060600000, 0x00007f0060600000, 0x00007f02cf100000)
  from space 1275264K,  99% used [0x00007f02cf100000, 0x00007f031ce5fff8, 0x00007f031ce60000)
  to   space 1275264K,   0% used [0x00007f031ce60000, 0x00007f031ce60000, 0x00007f036abc0000)
 tenured generation   total 27731788K, used 27731732K [0x00007f05b5b50000, 0x00007f0c52523000, 0x00007f1060600000)
   the space 27731788K,  99% used [0x00007f05b5b50000, 0x00007f0c52515388, 0x00007f0c52515400, 0x00007f0c52523000)
 Metaspace       used 30948K, capacity 31409K, committed 31488K, reserved 32768K
}

