# JRE version: OpenJDK Runtime Environment (13.0.7+5) (build 13.0.7+5-Ubuntu-0ubuntu120.04)
# Java VM: OpenJDK 64-Bit Server VM (13.0.7+5-Ubuntu-0ubuntu120.04, mixed mode, tiered, serial gc, linux-amd64)
Heap:
 def new generation   total 1748160K, used 0K [0x00007fd480600000, 0x00007fd4f6ed0000, 0x00007fd9d5b50000)
  eden space 1553984K,   0% used [0x00007fd480600000, 0x00007fd480600000, 0x00007fd4df390000)
  from space 194176K,   0% used [0x00007fd4df390000, 0x00007fd4df390000, 0x00007fd4eb130000)
  to   space 194176K,   0% used [0x00007fd4eb130000, 0x00007fd4eb130000, 0x00007fd4f6ed0000)
 tenured generation   total 3884752K, used 3860045K [0x00007fd9d5b50000, 0x00007fdac2d04000, 0x00007fe480600000)
   the space 3884752K,  99% used [0x00007fd9d5b50000, 0x00007fdac14e3730, 0x00007fdac14e3800, 0x00007fdac2d04000)
 Metaspace       used 24367K, capacity 24783K, committed 24832K, reserved 26624K
GC Heap History (20 events):
Event: 11312.920 GC heap after
{Heap after GC invocations=14714 (full 3):
 def new generation   total 1748160K, used 7901K [0x00007fd480600000, 0x00007fd4f6ed0000, 0x00007fd9d5b50000)
  eden space 1553984K,   0% used [0x00007fd480600000, 0x00007fd480600000, 0x00007fd4df390000)
  from space 194176K,   4% used [0x00007fd4eb130000, 0x00007fd4eb8e77e0, 0x00007fd4f6ed0000)
  to   space 194176K,   0% used [0x00007fd4df390000, 0x00007fd4df390000, 0x00007fd4eb130000)
 tenured generation   total 3884560K, used 3879973K [0x00007fd9d5b50000, 0x00007fdac2cd4000, 0x00007fe480600000)
   the space 3884560K,  99% used [0x00007fd9d5b50000, 0x00007fdac28595a8, 0x00007fdac2859600, 0x00007fdac2cd4000)
 Metaspace       used 24367K, capacity 24783K, committed 24832K, reserved 26624K
}
Event: 11314.279 GC heap before
{Heap before GC invocations=14714 (full 3):
 def new generation   total 1748160K, used 1561885K [0x00007fd480600000, 0x00007fd4f6ed0000, 0x00007fd9d5b50000)
  eden space 1553984K, 100% used [0x00007fd480600000, 0x00007fd4df390000, 0x00007fd4df390000)
  from space 194176K,   4% used [0x00007fd4eb130000, 0x00007fd4eb8e77e0, 0x00007fd4f6ed0000)
  to   space 194176K,   0% used [0x00007fd4df390000, 0x00007fd4df390000, 0x00007fd4eb130000)
 tenured generation   total 3884560K, used 3879973K [0x00007fd9d5b50000, 0x00007fdac2cd4000, 0x00007fe480600000)
   the space 3884560K,  99% used [0x00007fd9d5b50000, 0x00007fdac28595a8, 0x00007fdac2859600, 0x00007fdac2cd4000)
 Metaspace       used 24367K, capacity 24783K, committed 24832K, reserved 26624K
}
Event: 11314.300 GC heap after
{Heap after GC invocations=14715 (full 3):
 def new generation   total 1748160K, used 7948K [0x00007fd480600000, 0x00007fd4f6ed0000, 0x00007fd9d5b50000)
  eden space 1553984K,   0% used [0x00007fd480600000, 0x00007fd480600000, 0x00007fd4df390000)
  from space 194176K,   4% used [0x00007fd4df390000, 0x00007fd4dfb531c8, 0x00007fd4eb130000)
  to   space 194176K,   0% used [0x00007fd4eb130000, 0x00007fd4eb130000, 0x00007fd4f6ed0000)
 tenured generation   total 3884560K, used 3880404K [0x00007fd9d5b50000, 0x00007fdac2cd4000, 0x00007fe480600000)
   the space 3884560K,  99% used [0x00007fd9d5b50000, 0x00007fdac28c5038, 0x00007fdac28c5200, 0x00007fdac2cd4000)
 Metaspace       used 24367K, capacity 24783K, committed 24832K, reserved 26624K
}
Event: 11315.689 GC heap before
{Heap before GC invocations=14715 (full 3):
 def new generation   total 1748160K, used 1561932K [0x00007fd480600000, 0x00007fd4f6ed0000, 0x00007fd9d5b50000)
  eden space 1553984K, 100% used [0x00007fd480600000, 0x00007fd4df390000, 0x00007fd4df390000)
  from space 194176K,   4% used [0x00007fd4df390000, 0x00007fd4dfb531c8, 0x00007fd4eb130000)
  to   space 194176K,   0% used [0x00007fd4eb130000, 0x00007fd4eb130000, 0x00007fd4f6ed0000)
 tenured generation   total 3884560K, used 3880404K [0x00007fd9d5b50000, 0x00007fdac2cd4000, 0x00007fe480600000)
   the space 3884560K,  99% used [0x00007fd9d5b50000, 0x00007fdac28c5038, 0x00007fdac28c5200, 0x00007fdac2cd4000)
 Metaspace       used 24367K, capacity 24783K, committed 24832K, reserved 26624K
}
Event: 11315.709 GC heap after
{Heap after GC invocations=14716 (full 3):
 def new generation   total 1748160K, used 7921K [0x00007fd480600000, 0x00007fd4f6ed0000, 0x00007fd9d5b50000)
  eden space 1553984K,   0% used [0x00007fd480600000, 0x00007fd480600000, 0x00007fd4df390000)
  from space 194176K,   4% used [0x00007fd4eb130000, 0x00007fd4eb8ec7a0, 0x00007fd4f6ed0000)
  to   space 194176K,   0% used [0x00007fd4df390000, 0x00007fd4df390000, 0x00007fd4eb130000)
 tenured generation   total 3884560K, used 3880834K [0x00007fd9d5b50000, 0x00007fdac2cd4000, 0x00007fe480600000)
   the space 3884560K,  99% used [0x00007fd9d5b50000, 0x00007fdac2930a38, 0x00007fdac2930c00, 0x00007fdac2cd4000)
 Metaspace       used 24367K, capacity 24783K, committed 24832K, reserved 26624K
}
Event: 11317.083 GC heap before
{Heap before GC invocations=14716 (full 3):
 def new generation   total 1748160K, used 1561905K [0x00007fd480600000, 0x00007fd4f6ed0000, 0x00007fd9d5b50000)
  eden space 1553984K, 100% used [0x00007fd480600000, 0x00007fd4df390000, 0x00007fd4df390000)
  from space 194176K,   4% used [0x00007fd4eb130000, 0x00007fd4eb8ec7a0, 0x00007fd4f6ed0000)
  to   space 194176K,   0% used [0x00007fd4df390000, 0x00007fd4df390000, 0x00007fd4eb130000)
 tenured generation   total 3884560K, used 3880834K [0x00007fd9d5b50000, 0x00007fdac2cd4000, 0x00007fe480600000)
   the space 3884560K,  99% used [0x00007fd9d5b50000, 0x00007fdac2930a38, 0x00007fdac2930c00, 0x00007fdac2cd4000)
 Metaspace       used 24367K, capacity 24783K, committed 24832K, reserved 26624K
}
Event: 11317.104 GC heap after
{Heap after GC invocations=14717 (full 3):
 def new generation   total 1748160K, used 7904K [0x00007fd480600000, 0x00007fd4f6ed0000, 0x00007fd9d5b50000)
  eden space 1553984K,   0% used [0x00007fd480600000, 0x00007fd480600000, 0x00007fd4df390000)
  from space 194176K,   4% used [0x00007fd4df390000, 0x00007fd4dfb482b8, 0x00007fd4eb130000)
  to   space 194176K,   0% used [0x00007fd4eb130000, 0x00007fd4eb130000, 0x00007fd4f6ed0000)
 tenured generation   total 3884560K, used 3881282K [0x00007fd9d5b50000, 0x00007fdac2cd4000, 0x00007fe480600000)
   the space 3884560K,  99% used [0x00007fd9d5b50000, 0x00007fdac29a0a48, 0x00007fdac29a0c00, 0x00007fdac2cd4000)
 Metaspace       used 24367K, capacity 24783K, committed 24832K, reserved 26624K
}
Event: 11318.357 GC heap before
{Heap before GC invocations=14717 (full 3):
 def new generation   total 1748160K, used 1561888K [0x00007fd480600000, 0x00007fd4f6ed0000, 0x00007fd9d5b50000)
  eden space 1553984K, 100% used [0x00007fd480600000, 0x00007fd4df390000, 0x00007fd4df390000)
  from space 194176K,   4% used [0x00007fd4df390000, 0x00007fd4dfb482b8, 0x00007fd4eb130000)
  to   space 194176K,   0% used [0x00007fd4eb130000, 0x00007fd4eb130000, 0x00007fd4f6ed0000)
 tenured generation   total 3884560K, used 3881282K [0x00007fd9d5b50000, 0x00007fdac2cd4000, 0x00007fe480600000)
   the space 3884560K,  99% used [0x00007fd9d5b50000, 0x00007fdac29a0a48, 0x00007fdac29a0c00, 0x00007fdac2cd4000)
 Metaspace       used 24367K, capacity 24783K, committed 24832K, reserved 26624K
}
Event: 11318.377 GC heap after
{Heap after GC invocations=14718 (full 3):
 def new generation   total 1748160K, used 7903K [0x00007fd480600000, 0x00007fd4f6ed0000, 0x00007fd9d5b50000)
  eden space 1553984K,   0% used [0x00007fd480600000, 0x00007fd480600000, 0x00007fd4df390000)
  from space 194176K,   4% used [0x00007fd4eb130000, 0x00007fd4eb8e7c30, 0x00007fd4f6ed0000)
  to   space 194176K,   0% used [0x00007fd4df390000, 0x00007fd4df390000, 0x00007fd4eb130000)
 tenured generation   total 3884560K, used 3881713K [0x00007fd9d5b50000, 0x00007fdac2cd4000, 0x00007fe480600000)
   the space 3884560K,  99% used [0x00007fd9d5b50000, 0x00007fdac2a0c5f8, 0x00007fdac2a0c600, 0x00007fdac2cd4000)
 Metaspace       used 24367K, capacity 24783K, committed 24832K, reserved 26624K
}
Event: 11319.789 GC heap before
{Heap before GC invocations=14718 (full 3):
 def new generation   total 1748160K, used 1561887K [0x00007fd480600000, 0x00007fd4f6ed0000, 0x00007fd9d5b50000)
  eden space 1553984K, 100% used [0x00007fd480600000, 0x00007fd4df390000, 0x00007fd4df390000)
  from space 194176K,   4% used [0x00007fd4eb130000, 0x00007fd4eb8e7c30, 0x00007fd4f6ed0000)
  to   space 194176K,   0% used [0x00007fd4df390000, 0x00007fd4df390000, 0x00007fd4eb130000)
 tenured generation   total 3884560K, used 3881713K [0x00007fd9d5b50000, 0x00007fdac2cd4000, 0x00007fe480600000)
   the space 3884560K,  99% used [0x00007fd9d5b50000, 0x00007fdac2a0c5f8, 0x00007fdac2a0c600, 0x00007fdac2cd4000)
 Metaspace       used 24367K, capacity 24783K, committed 24832K, reserved 26624K
}
Event: 11319.811 GC heap after
{Heap after GC invocations=14719 (full 3):
 def new generation   total 1748160K, used 7808K [0x00007fd480600000, 0x00007fd4f6ed0000, 0x00007fd9d5b50000)
  eden space 1553984K,   0% used [0x00007fd480600000, 0x00007fd480600000, 0x00007fd4df390000)
  from space 194176K,   4% used [0x00007fd4df390000, 0x00007fd4dfb300d8, 0x00007fd4eb130000)
  to   space 194176K,   0% used [0x00007fd4eb130000, 0x00007fd4eb130000, 0x00007fd4f6ed0000)
 tenured generation   total 3884560K, used 3882265K [0x00007fd9d5b50000, 0x00007fdac2cd4000, 0x00007fe480600000)
   the space 3884560K,  99% used [0x00007fd9d5b50000, 0x00007fdac2a967e8, 0x00007fdac2a96800, 0x00007fdac2cd4000)
 Metaspace       used 24367K, capacity 24783K, committed 24832K, reserved 26624K
}
Event: 11321.128 GC heap before
{Heap before GC invocations=14719 (full 3):
 def new generation   total 1748160K, used 1561792K [0x00007fd480600000, 0x00007fd4f6ed0000, 0x00007fd9d5b50000)
  eden space 1553984K, 100% used [0x00007fd480600000, 0x00007fd4df390000, 0x00007fd4df390000)
  from space 194176K,   4% used [0x00007fd4df390000, 0x00007fd4dfb300d8, 0x00007fd4eb130000)
  to   space 194176K,   0% used [0x00007fd4eb130000, 0x00007fd4eb130000, 0x00007fd4f6ed0000)
 tenured generation   total 3884560K, used 3882265K [0x00007fd9d5b50000, 0x00007fdac2cd4000, 0x00007fe480600000)
   the space 3884560K,  99% used [0x00007fd9d5b50000, 0x00007fdac2a967e8, 0x00007fdac2a96800, 0x00007fdac2cd4000)
 Metaspace       used 24367K, capacity 24783K, committed 24832K, reserved 26624K
}
Event: 11321.147 GC heap after
{Heap after GC invocations=14720 (full 3):
 def new generation   total 1748160K, used 7644K [0x00007fd480600000, 0x00007fd4f6ed0000, 0x00007fd9d5b50000)
  eden space 1553984K,   0% used [0x00007fd480600000, 0x00007fd480600000, 0x00007fd4df390000)
  from space 194176K,   3% used [0x00007fd4eb130000, 0x00007fd4eb8a71e0, 0x00007fd4f6ed0000)
  to   space 194176K,   0% used [0x00007fd4df390000, 0x00007fd4df390000, 0x00007fd4eb130000)
 tenured generation   total 3884560K, used 3882853K [0x00007fd9d5b50000, 0x00007fdac2cd4000, 0x00007fe480600000)
   the space 3884560K,  99% used [0x00007fd9d5b50000, 0x00007fdac2b29518, 0x00007fdac2b29600, 0x00007fdac2cd4000)
 Metaspace       used 24367K, capacity 24783K, committed 24832K, reserved 26624K
}
Event: 11322.465 GC heap before
{Heap before GC invocations=14720 (full 3):
 def new generation   total 1748160K, used 1561628K [0x00007fd480600000, 0x00007fd4f6ed0000, 0x00007fd9d5b50000)
  eden space 1553984K, 100% used [0x00007fd480600000, 0x00007fd4df390000, 0x00007fd4df390000)
  from space 194176K,   3% used [0x00007fd4eb130000, 0x00007fd4eb8a71e0, 0x00007fd4f6ed0000)
  to   space 194176K,   0% used [0x00007fd4df390000, 0x00007fd4df390000, 0x00007fd4eb130000)
 tenured generation   total 3884560K, used 3882853K [0x00007fd9d5b50000, 0x00007fdac2cd4000, 0x00007fe480600000)
   the space 3884560K,  99% used [0x00007fd9d5b50000, 0x00007fdac2b29518, 0x00007fdac2b29600, 0x00007fdac2cd4000)
 Metaspace       used 24367K, capacity 24783K, committed 24832K, reserved 26624K
}
Event: 11322.486 GC heap after
{Heap after GC invocations=14721 (full 3):
 def new generation   total 1748160K, used 7487K [0x00007fd480600000, 0x00007fd4f6ed0000, 0x00007fd9d5b50000)
  eden space 1553984K,   0% used [0x00007fd480600000, 0x00007fd480600000, 0x00007fd4df390000)
  from space 194176K,   3% used [0x00007fd4df390000, 0x00007fd4dfadffc8, 0x00007fd4eb130000)
  to   space 194176K,   0% used [0x00007fd4eb130000, 0x00007fd4eb130000, 0x00007fd4f6ed0000)
 tenured generation   total 3884560K, used 3883440K [0x00007fd9d5b50000, 0x00007fdac2cd4000, 0x00007fe480600000)
   the space 3884560K,  99% used [0x00007fd9d5b50000, 0x00007fdac2bbc248, 0x00007fdac2bbc400, 0x00007fdac2cd4000)
 Metaspace       used 24367K, capacity 24783K, committed 24832K, reserved 26624K
}
Event: 11323.870 GC heap before
{Heap before GC invocations=14721 (full 3):
 def new generation   total 1748160K, used 1561471K [0x00007fd480600000, 0x00007fd4f6ed0000, 0x00007fd9d5b50000)
  eden space 1553984K, 100% used [0x00007fd480600000, 0x00007fd4df390000, 0x00007fd4df390000)
  from space 194176K,   3% used [0x00007fd4df390000, 0x00007fd4dfadffc8, 0x00007fd4eb130000)
  to   space 194176K,   0% used [0x00007fd4eb130000, 0x00007fd4eb130000, 0x00007fd4f6ed0000)
 tenured generation   total 3884560K, used 3883440K [0x00007fd9d5b50000, 0x00007fdac2cd4000, 0x00007fe480600000)
   the space 3884560K,  99% used [0x00007fd9d5b50000, 0x00007fdac2bbc248, 0x00007fdac2bbc400, 0x00007fdac2cd4000)
 Metaspace       used 24367K, capacity 24783K, committed 24832K, reserved 26624K
}
Event: 11323.889 GC heap after
{Heap after GC invocations=14722 (full 3):
 def new generation   total 1748160K, used 7348K [0x00007fd480600000, 0x00007fd4f6ed0000, 0x00007fd9d5b50000)
  eden space 1553984K,   0% used [0x00007fd480600000, 0x00007fd480600000, 0x00007fd4df390000)
  from space 194176K,   3% used [0x00007fd4eb130000, 0x00007fd4eb85d138, 0x00007fd4f6ed0000)
  to   space 194176K,   0% used [0x00007fd4df390000, 0x00007fd4df390000, 0x00007fd4eb130000)
 tenured generation   total 3884560K, used 3884027K [0x00007fd9d5b50000, 0x00007fdac2cd4000, 0x00007fe480600000)
   the space 3884560K,  99% used [0x00007fd9d5b50000, 0x00007fdac2c4ef78, 0x00007fdac2c4f000, 0x00007fdac2cd4000)
 Metaspace       used 24367K, capacity 24783K, committed 24832K, reserved 26624K
}
Event: 11325.193 GC heap before
{Heap before GC invocations=14722 (full 3):
 def new generation   total 1748160K, used 1561332K [0x00007fd480600000, 0x00007fd4f6ed0000, 0x00007fd9d5b50000)
  eden space 1553984K, 100% used [0x00007fd480600000, 0x00007fd4df390000, 0x00007fd4df390000)
  from space 194176K,   3% used [0x00007fd4eb130000, 0x00007fd4eb85d138, 0x00007fd4f6ed0000)
  to   space 194176K,   0% used [0x00007fd4df390000, 0x00007fd4df390000, 0x00007fd4eb130000)
 tenured generation   total 3884560K, used 3884027K [0x00007fd9d5b50000, 0x00007fdac2cd4000, 0x00007fe480600000)
   the space 3884560K,  99% used [0x00007fd9d5b50000, 0x00007fdac2c4ef78, 0x00007fdac2c4f000, 0x00007fdac2cd4000)
 Metaspace       used 24367K, capacity 24783K, committed 24832K, reserved 26624K
}
Event: 11325.211 GC heap after
{Heap after GC invocations=14723 (full 3):
 def new generation   total 1748160K, used 7192K [0x00007fd480600000, 0x00007fd4f6ed0000, 0x00007fd9d5b50000)
  eden space 1553984K,   0% used [0x00007fd480600000, 0x00007fd480600000, 0x00007fd4df390000)
  from space 194176K,   3% used [0x00007fd4df390000, 0x00007fd4dfa96160, 0x00007fd4eb130000)
  to   space 194176K,   0% used [0x00007fd4eb130000, 0x00007fd4eb130000, 0x00007fd4f6ed0000)
 tenured generation   total 3884752K, used 3884615K [0x00007fd9d5b50000, 0x00007fdac2d04000, 0x00007fe480600000)
   the space 3884752K,  99% used [0x00007fd9d5b50000, 0x00007fdac2ce1ca8, 0x00007fdac2ce1e00, 0x00007fdac2d04000)
 Metaspace       used 24367K, capacity 24783K, committed 24832K, reserved 26624K
}
Event: 11325.211 GC heap before
{Heap before GC invocations=14723 (full 3):
 def new generation   total 1748160K, used 7192K [0x00007fd480600000, 0x00007fd4f6ed0000, 0x00007fd9d5b50000)
  eden space 1553984K,   0% used [0x00007fd480600000, 0x00007fd480600000, 0x00007fd4df390000)
  from space 194176K,   3% used [0x00007fd4df390000, 0x00007fd4dfa96160, 0x00007fd4eb130000)
  to   space 194176K,   0% used [0x00007fd4eb130000, 0x00007fd4eb130000, 0x00007fd4f6ed0000)
 tenured generation   total 3884752K, used 3884615K [0x00007fd9d5b50000, 0x00007fdac2d04000, 0x00007fe480600000)
   the space 3884752K,  99% used [0x00007fd9d5b50000, 0x00007fdac2ce1ca8, 0x00007fdac2ce1e00, 0x00007fdac2d04000)
 Metaspace       used 24367K, capacity 24783K, committed 24832K, reserved 26624K
}

