# JRE version: OpenJDK Runtime Environment (13.0.7+5) (build 13.0.7+5-Ubuntu-0ubuntu120.04)
# Java VM: OpenJDK 64-Bit Server VM (13.0.7+5-Ubuntu-0ubuntu120.04, mixed mode, tiered, serial gc, linux-amd64)
Heap:
 def new generation   total 3158080K, used 0K [0x00007f0d78600000, 0x00007f0e4e8b0000, 0x00007f12cdb50000)
  eden space 2807232K,   0% used [0x00007f0d78600000, 0x00007f0d78600000, 0x00007f0e23b70000)
  from space 350848K,   0% used [0x00007f0e23b70000, 0x00007f0e23b70000, 0x00007f0e39210000)
  to   space 350848K,   0% used [0x00007f0e39210000, 0x00007f0e39210000, 0x00007f0e4e8b0000)
 tenured generation   total 7017748K, used 4210647K [0x00007f12cdb50000, 0x00007f147a095000, 0x00007f1d78600000)
   the space 7017748K,  59% used [0x00007f12cdb50000, 0x00007f13ceb45f90, 0x00007f13ceb46000, 0x00007f147a095000)
 Metaspace       used 23192K, capacity 23603K, committed 23808K, reserved 24576K
GC Heap History (14 events):
Event: 3.571 GC heap before
{Heap before GC invocations=0 (full 0):
 def new generation   total 629120K, used 100667K [0x00007f0d78600000, 0x00007f0da30a0000, 0x00007f12cdb50000)
  eden space 559232K,  18% used [0x00007f0d78600000, 0x00007f0d7e84ec50, 0x00007f0d9a820000)
  from space 69888K,   0% used [0x00007f0d9a820000, 0x00007f0d9a820000, 0x00007f0d9ec60000)
  to   space 69888K,   0% used [0x00007f0d9ec60000, 0x00007f0d9ec60000, 0x00007f0da30a0000)
 tenured generation   total 1398144K, used 0K [0x00007f12cdb50000, 0x00007f13230b0000, 0x00007f1d78600000)
   the space 1398144K,   0% used [0x00007f12cdb50000, 0x00007f12cdb50000, 0x00007f12cdb50200, 0x00007f13230b0000)
 Metaspace       used 20844K, capacity 21140K, committed 21248K, reserved 22528K
}
Event: 3.791 GC heap after
{Heap after GC invocations=1 (full 1):
 def new generation   total 629248K, used 0K [0x00007f0d78600000, 0x00007f0da30c0000, 0x00007f12cdb50000)
  eden space 559360K,   0% used [0x00007f0d78600000, 0x00007f0d78600000, 0x00007f0d9a840000)
  from space 69888K,   0% used [0x00007f0d9a840000, 0x00007f0d9a840000, 0x00007f0d9ec80000)
  to   space 69888K,   0% used [0x00007f0d9ec80000, 0x00007f0d9ec80000, 0x00007f0da30c0000)
 tenured generation   total 1398144K, used 13587K [0x00007f12cdb50000, 0x00007f13230b0000, 0x00007f1d78600000)
   the space 1398144K,   0% used [0x00007f12cdb50000, 0x00007f12ce894ee0, 0x00007f12ce895000, 0x00007f13230b0000)
 Metaspace       used 20844K, capacity 21140K, committed 21248K, reserved 22528K
}
Event: 5.878 GC heap before
{Heap before GC invocations=1 (full 1):
 def new generation   total 629248K, used 559360K [0x00007f0d78600000, 0x00007f0da30c0000, 0x00007f12cdb50000)
  eden space 559360K, 100% used [0x00007f0d78600000, 0x00007f0d9a840000, 0x00007f0d9a840000)
  from space 69888K,   0% used [0x00007f0d9a840000, 0x00007f0d9a840000, 0x00007f0d9ec80000)
  to   space 69888K,   0% used [0x00007f0d9ec80000, 0x00007f0d9ec80000, 0x00007f0da30c0000)
 tenured generation   total 1398144K, used 13587K [0x00007f12cdb50000, 0x00007f13230b0000, 0x00007f1d78600000)
   the space 1398144K,   0% used [0x00007f12cdb50000, 0x00007f12ce894ee0, 0x00007f12ce895000, 0x00007f13230b0000)
 Metaspace       used 22996K, capacity 23389K, committed 23552K, reserved 24576K
}
Event: 5.887 GC heap after
{Heap after GC invocations=2 (full 1):
 def new generation   total 629248K, used 710K [0x00007f0d78600000, 0x00007f0da30c0000, 0x00007f12cdb50000)
  eden space 559360K,   0% used [0x00007f0d78600000, 0x00007f0d78600000, 0x00007f0d9a840000)
  from space 69888K,   1% used [0x00007f0d9ec80000, 0x00007f0d9ed318b8, 0x00007f0da30c0000)
  to   space 69888K,   0% used [0x00007f0d9a840000, 0x00007f0d9a840000, 0x00007f0d9ec80000)
 tenured generation   total 1398144K, used 13587K [0x00007f12cdb50000, 0x00007f13230b0000, 0x00007f1d78600000)
   the space 1398144K,   0% used [0x00007f12cdb50000, 0x00007f12ce894ee0, 0x00007f12ce895000, 0x00007f13230b0000)
 Metaspace       used 22996K, capacity 23389K, committed 23552K, reserved 24576K
}
Event: 6.710 GC heap before
{Heap before GC invocations=2 (full 1):
 def new generation   total 629248K, used 560070K [0x00007f0d78600000, 0x00007f0da30c0000, 0x00007f12cdb50000)
  eden space 559360K, 100% used [0x00007f0d78600000, 0x00007f0d9a840000, 0x00007f0d9a840000)
  from space 69888K,   1% used [0x00007f0d9ec80000, 0x00007f0d9ed318b8, 0x00007f0da30c0000)
  to   space 69888K,   0% used [0x00007f0d9a840000, 0x00007f0d9a840000, 0x00007f0d9ec80000)
 tenured generation   total 1398144K, used 13587K [0x00007f12cdb50000, 0x00007f13230b0000, 0x00007f1d78600000)
   the space 1398144K,   0% used [0x00007f12cdb50000, 0x00007f12ce894ee0, 0x00007f12ce895000, 0x00007f13230b0000)
 Metaspace       used 23016K, capacity 23390K, committed 23552K, reserved 24576K
}
Event: 6.713 GC heap after
{Heap after GC invocations=3 (full 1):
 def new generation   total 629248K, used 947K [0x00007f0d78600000, 0x00007f0da30c0000, 0x00007f12cdb50000)
  eden space 559360K,   0% used [0x00007f0d78600000, 0x00007f0d78600000, 0x00007f0d9a840000)
  from space 69888K,   1% used [0x00007f0d9a840000, 0x00007f0d9a92ccc8, 0x00007f0d9ec80000)
  to   space 69888K,   0% used [0x00007f0d9ec80000, 0x00007f0d9ec80000, 0x00007f0da30c0000)
 tenured generation   total 1398144K, used 13587K [0x00007f12cdb50000, 0x00007f13230b0000, 0x00007f1d78600000)
   the space 1398144K,   0% used [0x00007f12cdb50000, 0x00007f12ce894ee0, 0x00007f12ce895000, 0x00007f13230b0000)
 Metaspace       used 23016K, capacity 23390K, committed 23552K, reserved 24576K
}
Event: 7.694 GC heap before
{Heap before GC invocations=3 (full 1):
 def new generation   total 629248K, used 452651K [0x00007f0d78600000, 0x00007f0da30c0000, 0x00007f12cdb50000)
  eden space 559360K,  80% used [0x00007f0d78600000, 0x00007f0d93f1e1a0, 0x00007f0d9a840000)
  from space 69888K,   1% used [0x00007f0d9a840000, 0x00007f0d9a92ccc8, 0x00007f0d9ec80000)
  to   space 69888K,   0% used [0x00007f0d9ec80000, 0x00007f0d9ec80000, 0x00007f0da30c0000)
 tenured generation   total 1398144K, used 13587K [0x00007f12cdb50000, 0x00007f13230b0000, 0x00007f1d78600000)
   the space 1398144K,   0% used [0x00007f12cdb50000, 0x00007f12ce894ee0, 0x00007f12ce895000, 0x00007f13230b0000)
 Metaspace       used 23190K, capacity 23603K, committed 23808K, reserved 24576K
}
Event: 7.701 GC heap after
{Heap after GC invocations=4 (full 1):
 def new generation   total 629248K, used 2761K [0x00007f0d78600000, 0x00007f0da30c0000, 0x00007f12cdb50000)
  eden space 559360K,   0% used [0x00007f0d78600000, 0x00007f0d78600000, 0x00007f0d9a840000)
  from space 69888K,   3% used [0x00007f0d9ec80000, 0x00007f0d9ef326f8, 0x00007f0da30c0000)
  to   space 69888K,   0% used [0x00007f0d9a840000, 0x00007f0d9a840000, 0x00007f0d9ec80000)
 tenured generation   total 1398144K, used 13587K [0x00007f12cdb50000, 0x00007f13230b0000, 0x00007f1d78600000)
   the space 1398144K,   0% used [0x00007f12cdb50000, 0x00007f12ce894ee0, 0x00007f12ce895000, 0x00007f13230b0000)
 Metaspace       used 23190K, capacity 23603K, committed 23808K, reserved 24576K
}
Event: 7.701 GC heap before
{Heap before GC invocations=4 (full 1):
 def new generation   total 629248K, used 2761K [0x00007f0d78600000, 0x00007f0da30c0000, 0x00007f12cdb50000)
  eden space 559360K,   0% used [0x00007f0d78600000, 0x00007f0d78600000, 0x00007f0d9a840000)
  from space 69888K,   3% used [0x00007f0d9ec80000, 0x00007f0d9ef326f8, 0x00007f0da30c0000)
  to   space 69888K,   0% used [0x00007f0d9a840000, 0x00007f0d9a840000, 0x00007f0d9ec80000)
 tenured generation   total 1398144K, used 13587K [0x00007f12cdb50000, 0x00007f13230b0000, 0x00007f1d78600000)
   the space 1398144K,   0% used [0x00007f12cdb50000, 0x00007f12ce894ee0, 0x00007f12ce895000, 0x00007f13230b0000)
 Metaspace       used 23190K, capacity 23603K, committed 23808K, reserved 24576K
}
Event: 7.788 GC heap after
{Heap after GC invocations=4 (full 2):
 def new generation   total 629248K, used 0K [0x00007f0d78600000, 0x00007f0da30c0000, 0x00007f12cdb50000)
  eden space 559360K,   0% used [0x00007f0d78600000, 0x00007f0d78600000, 0x00007f0d9a840000)
  from space 69888K,   0% used [0x00007f0d9ec80000, 0x00007f0d9ec80000, 0x00007f0da30c0000)
  to   space 69888K,   0% used [0x00007f0d9a840000, 0x00007f0d9a840000, 0x00007f0d9ec80000)
 tenured generation   total 1398144K, used 16342K [0x00007f12cdb50000, 0x00007f13230b0000, 0x00007f1d78600000)
   the space 1398144K,   1% used [0x00007f12cdb50000, 0x00007f12ceb45bf0, 0x00007f12ceb45c00, 0x00007f13230b0000)
 Metaspace       used 23190K, capacity 23603K, committed 23808K, reserved 24576K
}
Event: 13.642 GC heap before
{Heap before GC invocations=4 (full 2):
 def new generation   total 629248K, used 14585K [0x00007f0d78600000, 0x00007f0da30c0000, 0x00007f12cdb50000)
  eden space 559360K,   2% used [0x00007f0d78600000, 0x00007f0d7943e7d8, 0x00007f0d9a840000)
  from space 69888K,   0% used [0x00007f0d9ec80000, 0x00007f0d9ec80000, 0x00007f0da30c0000)
  to   space 69888K,   0% used [0x00007f0d9a840000, 0x00007f0d9a840000, 0x00007f0d9ec80000)
 tenured generation   total 5592452K, used 4210647K [0x00007f12cdb50000, 0x00007f14230b1000, 0x00007f1d78600000)
   the space 5592452K,  75% used [0x00007f12cdb50000, 0x00007f13ceb45c08, 0x00007f13ceb45e00, 0x00007f14230b1000)
 Metaspace       used 23192K, capacity 23603K, committed 23808K, reserved 24576K
}
Event: 13.646 GC heap after
{Heap after GC invocations=5 (full 2):
 def new generation   total 629248K, used 0K [0x00007f0d78600000, 0x00007f0da30c0000, 0x00007f12cdb50000)
  eden space 559360K,   0% used [0x00007f0d78600000, 0x00007f0d78600000, 0x00007f0d9a840000)
  from space 69888K,   0% used [0x00007f0d9a840000, 0x00007f0d9a840388, 0x00007f0d9ec80000)
  to   space 69888K,   0% used [0x00007f0d9ec80000, 0x00007f0d9ec80000, 0x00007f0da30c0000)
 tenured generation   total 5592452K, used 4210647K [0x00007f12cdb50000, 0x00007f14230b1000, 0x00007f1d78600000)
   the space 5592452K,  75% used [0x00007f12cdb50000, 0x00007f13ceb45c08, 0x00007f13ceb45e00, 0x00007f14230b1000)
 Metaspace       used 23192K, capacity 23603K, committed 23808K, reserved 24576K
}
Event: 13.646 GC heap before
{Heap before GC invocations=5 (full 2):
 def new generation   total 629248K, used 0K [0x00007f0d78600000, 0x00007f0da30c0000, 0x00007f12cdb50000)
  eden space 559360K,   0% used [0x00007f0d78600000, 0x00007f0d78600000, 0x00007f0d9a840000)
  from space 69888K,   0% used [0x00007f0d9a840000, 0x00007f0d9a840388, 0x00007f0d9ec80000)
  to   space 69888K,   0% used [0x00007f0d9ec80000, 0x00007f0d9ec80000, 0x00007f0da30c0000)
 tenured generation   total 5592452K, used 4210647K [0x00007f12cdb50000, 0x00007f14230b1000, 0x00007f1d78600000)
   the space 5592452K,  75% used [0x00007f12cdb50000, 0x00007f13ceb45c08, 0x00007f13ceb45e00, 0x00007f14230b1000)
 Metaspace       used 23192K, capacity 23603K, committed 23808K, reserved 24576K
}
Event: 13.701 GC heap after
{Heap after GC invocations=5 (full 3):
 def new generation   total 3158080K, used 0K [0x00007f0d78600000, 0x00007f0e4e8b0000, 0x00007f12cdb50000)
  eden space 2807232K,   0% used [0x00007f0d78600000, 0x00007f0d78600000, 0x00007f0e23b70000)
  from space 350848K,   0% used [0x00007f0e23b70000, 0x00007f0e23b70000, 0x00007f0e39210000)
  to   space 350848K,   0% used [0x00007f0e39210000, 0x00007f0e39210000, 0x00007f0e4e8b0000)
 tenured generation   total 7017748K, used 4210647K [0x00007f12cdb50000, 0x00007f147a095000, 0x00007f1d78600000)
   the space 7017748K,  59% used [0x00007f12cdb50000, 0x00007f13ceb45f90, 0x00007f13ceb46000, 0x00007f147a095000)
 Metaspace       used 23192K, capacity 23603K, committed 23808K, reserved 24576K
}

