# JRE version: OpenJDK Runtime Environment (13.0.7+5) (build 13.0.7+5-Ubuntu-0ubuntu120.04)
# Java VM: OpenJDK 64-Bit Server VM (13.0.7+5-Ubuntu-0ubuntu120.04, mixed mode, tiered, serial gc, linux-amd64)
Heap:
 def new generation   total 4859712K, used 59624K [0x00007f9d68600000, 0x00007f9eb1f20000, 0x00007fa2bdb50000)
  eden space 4319744K,   1% used [0x00007f9d68600000, 0x00007f9d6c03a3a8, 0x00007f9e70080000)
  from space 539968K,   0% used [0x00007f9e90fd0000, 0x00007f9e90fd0000, 0x00007f9eb1f20000)
  to   space 539968K,   0% used [0x00007f9e70080000, 0x00007f9e70080000, 0x00007f9e90fd0000)
 tenured generation   total 10802576K, used 10802576K [0x00007fa2bdb50000, 0x00007fa5510b4000, 0x00007fad68600000)
   the space 10802576K, 100% used [0x00007fa2bdb50000, 0x00007fa5510b4000, 0x00007fa5510b4000, 0x00007fa5510b4000)
 Metaspace       used 24285K, capacity 24645K, committed 24832K, reserved 26624K
GC Heap History (20 events):
Event: 11678.973 GC heap after
{Heap after GC invocations=7082 (full 5):
 def new generation   total 4859712K, used 59693K [0x00007f9d68600000, 0x00007f9eb1f20000, 0x00007fa2bdb50000)
  eden space 4319744K,   0% used [0x00007f9d68600000, 0x00007f9d68600000, 0x00007f9e70080000)
  from space 539968K,  11% used [0x00007f9e70080000, 0x00007f9e73acb670, 0x00007f9e90fd0000)
  to   space 539968K,   0% used [0x00007f9e90fd0000, 0x00007f9e90fd0000, 0x00007f9eb1f20000)
 tenured generation   total 10799312K, used 10767173K [0x00007fa2bdb50000, 0x00007fa550d84000, 0x00007fad68600000)
   the space 10799312K,  99% used [0x00007fa2bdb50000, 0x00007fa54ee21610, 0x00007fa54ee21800, 0x00007fa550d84000)
 Metaspace       used 24285K, capacity 24645K, committed 24832K, reserved 26624K
}
Event: 11682.928 GC heap before
{Heap before GC invocations=7082 (full 5):
 def new generation   total 4859712K, used 4379437K [0x00007f9d68600000, 0x00007f9eb1f20000, 0x00007fa2bdb50000)
  eden space 4319744K, 100% used [0x00007f9d68600000, 0x00007f9e70080000, 0x00007f9e70080000)
  from space 539968K,  11% used [0x00007f9e70080000, 0x00007f9e73acb670, 0x00007f9e90fd0000)
  to   space 539968K,   0% used [0x00007f9e90fd0000, 0x00007f9e90fd0000, 0x00007f9eb1f20000)
 tenured generation   total 10799312K, used 10767173K [0x00007fa2bdb50000, 0x00007fa550d84000, 0x00007fad68600000)
   the space 10799312K,  99% used [0x00007fa2bdb50000, 0x00007fa54ee21610, 0x00007fa54ee21800, 0x00007fa550d84000)
 Metaspace       used 24285K, capacity 24645K, committed 24832K, reserved 26624K
}
Event: 11683.023 GC heap after
{Heap after GC invocations=7083 (full 5):
 def new generation   total 4859712K, used 59725K [0x00007f9d68600000, 0x00007f9eb1f20000, 0x00007fa2bdb50000)
  eden space 4319744K,   0% used [0x00007f9d68600000, 0x00007f9d68600000, 0x00007f9e70080000)
  from space 539968K,  11% used [0x00007f9e90fd0000, 0x00007f9e94a235a0, 0x00007f9eb1f20000)
  to   space 539968K,   0% used [0x00007f9e70080000, 0x00007f9e70080000, 0x00007f9e90fd0000)
 tenured generation   total 10799312K, used 10771147K [0x00007fa2bdb50000, 0x00007fa550d84000, 0x00007fad68600000)
   the space 10799312K,  99% used [0x00007fa2bdb50000, 0x00007fa54f202fd0, 0x00007fa54f203000, 0x00007fa550d84000)
 Metaspace       used 24285K, capacity 24645K, committed 24832K, reserved 26624K
}
Event: 11686.922 GC heap before
{Heap before GC invocations=7083 (full 5):
 def new generation   total 4859712K, used 4379469K [0x00007f9d68600000, 0x00007f9eb1f20000, 0x00007fa2bdb50000)
  eden space 4319744K, 100% used [0x00007f9d68600000, 0x00007f9e70080000, 0x00007f9e70080000)
  from space 539968K,  11% used [0x00007f9e90fd0000, 0x00007f9e94a235a0, 0x00007f9eb1f20000)
  to   space 539968K,   0% used [0x00007f9e70080000, 0x00007f9e70080000, 0x00007f9e90fd0000)
 tenured generation   total 10799312K, used 10771147K [0x00007fa2bdb50000, 0x00007fa550d84000, 0x00007fad68600000)
   the space 10799312K,  99% used [0x00007fa2bdb50000, 0x00007fa54f202fd0, 0x00007fa54f203000, 0x00007fa550d84000)
 Metaspace       used 24285K, capacity 24645K, committed 24832K, reserved 26624K
}
Event: 11687.033 GC heap after
{Heap after GC invocations=7084 (full 5):
 def new generation   total 4859712K, used 59622K [0x00007f9d68600000, 0x00007f9eb1f20000, 0x00007fa2bdb50000)
  eden space 4319744K,   0% used [0x00007f9d68600000, 0x00007f9d68600000, 0x00007f9e70080000)
  from space 539968K,  11% used [0x00007f9e70080000, 0x00007f9e73ab9b20, 0x00007f9e90fd0000)
  to   space 539968K,   0% used [0x00007f9e90fd0000, 0x00007f9e90fd0000, 0x00007f9eb1f20000)
 tenured generation   total 10799312K, used 10775247K [0x00007fa2bdb50000, 0x00007fa550d84000, 0x00007fad68600000)
   the space 10799312K,  99% used [0x00007fa2bdb50000, 0x00007fa54f603c90, 0x00007fa54f603e00, 0x00007fa550d84000)
 Metaspace       used 24285K, capacity 24645K, committed 24832K, reserved 26624K
}
Event: 11690.860 GC heap before
{Heap before GC invocations=7084 (full 5):
 def new generation   total 4859712K, used 4379366K [0x00007f9d68600000, 0x00007f9eb1f20000, 0x00007fa2bdb50000)
  eden space 4319744K, 100% used [0x00007f9d68600000, 0x00007f9e70080000, 0x00007f9e70080000)
  from space 539968K,  11% used [0x00007f9e70080000, 0x00007f9e73ab9b20, 0x00007f9e90fd0000)
  to   space 539968K,   0% used [0x00007f9e90fd0000, 0x00007f9e90fd0000, 0x00007f9eb1f20000)
 tenured generation   total 10799312K, used 10775247K [0x00007fa2bdb50000, 0x00007fa550d84000, 0x00007fad68600000)
   the space 10799312K,  99% used [0x00007fa2bdb50000, 0x00007fa54f603c90, 0x00007fa54f603e00, 0x00007fa550d84000)
 Metaspace       used 24285K, capacity 24645K, committed 24832K, reserved 26624K
}
Event: 11690.970 GC heap after
{Heap after GC invocations=7085 (full 5):
 def new generation   total 4859712K, used 59680K [0x00007f9d68600000, 0x00007f9eb1f20000, 0x00007fa2bdb50000)
  eden space 4319744K,   0% used [0x00007f9d68600000, 0x00007f9d68600000, 0x00007f9e70080000)
  from space 539968K,  11% used [0x00007f9e90fd0000, 0x00007f9e94a18288, 0x00007f9eb1f20000)
  to   space 539968K,   0% used [0x00007f9e70080000, 0x00007f9e70080000, 0x00007f9e90fd0000)
 tenured generation   total 10799312K, used 10779221K [0x00007fa2bdb50000, 0x00007fa550d84000, 0x00007fad68600000)
   the space 10799312K,  99% used [0x00007fa2bdb50000, 0x00007fa54f9e5650, 0x00007fa54f9e5800, 0x00007fa550d84000)
 Metaspace       used 24285K, capacity 24645K, committed 24832K, reserved 26624K
}
Event: 11694.876 GC heap before
{Heap before GC invocations=7085 (full 5):
 def new generation   total 4859712K, used 4379424K [0x00007f9d68600000, 0x00007f9eb1f20000, 0x00007fa2bdb50000)
  eden space 4319744K, 100% used [0x00007f9d68600000, 0x00007f9e70080000, 0x00007f9e70080000)
  from space 539968K,  11% used [0x00007f9e90fd0000, 0x00007f9e94a18288, 0x00007f9eb1f20000)
  to   space 539968K,   0% used [0x00007f9e70080000, 0x00007f9e70080000, 0x00007f9e90fd0000)
 tenured generation   total 10799312K, used 10779221K [0x00007fa2bdb50000, 0x00007fa550d84000, 0x00007fad68600000)
   the space 10799312K,  99% used [0x00007fa2bdb50000, 0x00007fa54f9e5650, 0x00007fa54f9e5800, 0x00007fa550d84000)
 Metaspace       used 24285K, capacity 24645K, committed 24832K, reserved 26624K
}
Event: 11694.976 GC heap after
{Heap after GC invocations=7086 (full 5):
 def new generation   total 4859712K, used 59724K [0x00007f9d68600000, 0x00007f9eb1f20000, 0x00007fa2bdb50000)
  eden space 4319744K,   0% used [0x00007f9d68600000, 0x00007f9d68600000, 0x00007f9e70080000)
  from space 539968K,  11% used [0x00007f9e70080000, 0x00007f9e73ad33b0, 0x00007f9e90fd0000)
  to   space 539968K,   0% used [0x00007f9e90fd0000, 0x00007f9e90fd0000, 0x00007f9eb1f20000)
 tenured generation   total 10799312K, used 10783196K [0x00007fa2bdb50000, 0x00007fa550d84000, 0x00007fad68600000)
   the space 10799312K,  99% used [0x00007fa2bdb50000, 0x00007fa54fdc7010, 0x00007fa54fdc7200, 0x00007fa550d84000)
 Metaspace       used 24285K, capacity 24645K, committed 24832K, reserved 26624K
}
Event: 11699.055 GC heap before
{Heap before GC invocations=7086 (full 5):
 def new generation   total 4859712K, used 4379468K [0x00007f9d68600000, 0x00007f9eb1f20000, 0x00007fa2bdb50000)
  eden space 4319744K, 100% used [0x00007f9d68600000, 0x00007f9e70080000, 0x00007f9e70080000)
  from space 539968K,  11% used [0x00007f9e70080000, 0x00007f9e73ad33b0, 0x00007f9e90fd0000)
  to   space 539968K,   0% used [0x00007f9e90fd0000, 0x00007f9e90fd0000, 0x00007f9eb1f20000)
 tenured generation   total 10799312K, used 10783196K [0x00007fa2bdb50000, 0x00007fa550d84000, 0x00007fad68600000)
   the space 10799312K,  99% used [0x00007fa2bdb50000, 0x00007fa54fdc7010, 0x00007fa54fdc7200, 0x00007fa550d84000)
 Metaspace       used 24285K, capacity 24645K, committed 24832K, reserved 26624K
}
Event: 11699.161 GC heap after
{Heap after GC invocations=7087 (full 5):
 def new generation   total 4859712K, used 59740K [0x00007f9d68600000, 0x00007f9eb1f20000, 0x00007fa2bdb50000)
  eden space 4319744K,   0% used [0x00007f9d68600000, 0x00007f9d68600000, 0x00007f9e70080000)
  from space 539968K,  11% used [0x00007f9e90fd0000, 0x00007f9e94a273e8, 0x00007f9eb1f20000)
  to   space 539968K,   0% used [0x00007f9e70080000, 0x00007f9e70080000, 0x00007f9e90fd0000)
 tenured generation   total 10799312K, used 10787170K [0x00007fa2bdb50000, 0x00007fa550d84000, 0x00007fad68600000)
   the space 10799312K,  99% used [0x00007fa2bdb50000, 0x00007fa5501a89d0, 0x00007fa5501a8a00, 0x00007fa550d84000)
 Metaspace       used 24285K, capacity 24645K, committed 24832K, reserved 26624K
}
Event: 11703.306 GC heap before
{Heap before GC invocations=7087 (full 5):
 def new generation   total 4859712K, used 4379484K [0x00007f9d68600000, 0x00007f9eb1f20000, 0x00007fa2bdb50000)
  eden space 4319744K, 100% used [0x00007f9d68600000, 0x00007f9e70080000, 0x00007f9e70080000)
  from space 539968K,  11% used [0x00007f9e90fd0000, 0x00007f9e94a273e8, 0x00007f9eb1f20000)
  to   space 539968K,   0% used [0x00007f9e70080000, 0x00007f9e70080000, 0x00007f9e90fd0000)
 tenured generation   total 10799312K, used 10787170K [0x00007fa2bdb50000, 0x00007fa550d84000, 0x00007fad68600000)
   the space 10799312K,  99% used [0x00007fa2bdb50000, 0x00007fa5501a89d0, 0x00007fa5501a8a00, 0x00007fa550d84000)
 Metaspace       used 24285K, capacity 24645K, committed 24832K, reserved 26624K
}
Event: 11703.410 GC heap after
{Heap after GC invocations=7088 (full 5):
 def new generation   total 4859712K, used 59850K [0x00007f9d68600000, 0x00007f9eb1f20000, 0x00007fa2bdb50000)
  eden space 4319744K,   0% used [0x00007f9d68600000, 0x00007f9d68600000, 0x00007f9e70080000)
  from space 539968K,  11% used [0x00007f9e70080000, 0x00007f9e73af2af8, 0x00007f9e90fd0000)
  to   space 539968K,   0% used [0x00007f9e90fd0000, 0x00007f9e90fd0000, 0x00007f9eb1f20000)
 tenured generation   total 10799312K, used 10790665K [0x00007fa2bdb50000, 0x00007fa550d84000, 0x00007fad68600000)
   the space 10799312K,  99% used [0x00007fa2bdb50000, 0x00007fa5505124f8, 0x00007fa550512600, 0x00007fa550d84000)
 Metaspace       used 24285K, capacity 24645K, committed 24832K, reserved 26624K
}
Event: 11707.549 GC heap before
{Heap before GC invocations=7088 (full 5):
 def new generation   total 4859712K, used 4379594K [0x00007f9d68600000, 0x00007f9eb1f20000, 0x00007fa2bdb50000)
  eden space 4319744K, 100% used [0x00007f9d68600000, 0x00007f9e70080000, 0x00007f9e70080000)
  from space 539968K,  11% used [0x00007f9e70080000, 0x00007f9e73af2af8, 0x00007f9e90fd0000)
  to   space 539968K,   0% used [0x00007f9e90fd0000, 0x00007f9e90fd0000, 0x00007f9eb1f20000)
 tenured generation   total 10799312K, used 10790665K [0x00007fa2bdb50000, 0x00007fa550d84000, 0x00007fad68600000)
   the space 10799312K,  99% used [0x00007fa2bdb50000, 0x00007fa5505124f8, 0x00007fa550512600, 0x00007fa550d84000)
 Metaspace       used 24285K, capacity 24645K, committed 24832K, reserved 26624K
}
Event: 11707.656 GC heap after
{Heap after GC invocations=7089 (full 5):
 def new generation   total 4859712K, used 59734K [0x00007f9d68600000, 0x00007f9eb1f20000, 0x00007fa2bdb50000)
  eden space 4319744K,   0% used [0x00007f9d68600000, 0x00007f9d68600000, 0x00007f9e70080000)
  from space 539968K,  11% used [0x00007f9e90fd0000, 0x00007f9e94a25bd0, 0x00007f9eb1f20000)
  to   space 539968K,   0% used [0x00007f9e70080000, 0x00007f9e70080000, 0x00007f9e90fd0000)
 tenured generation   total 10799312K, used 10794399K [0x00007fa2bdb50000, 0x00007fa550d84000, 0x00007fad68600000)
   the space 10799312K,  99% used [0x00007fa2bdb50000, 0x00007fa5508b7fb8, 0x00007fa5508b8000, 0x00007fa550d84000)
 Metaspace       used 24285K, capacity 24645K, committed 24832K, reserved 26624K
}
Event: 11711.475 GC heap before
{Heap before GC invocations=7089 (full 5):
 def new generation   total 4859712K, used 4379478K [0x00007f9d68600000, 0x00007f9eb1f20000, 0x00007fa2bdb50000)
  eden space 4319744K, 100% used [0x00007f9d68600000, 0x00007f9e70080000, 0x00007f9e70080000)
  from space 539968K,  11% used [0x00007f9e90fd0000, 0x00007f9e94a25bd0, 0x00007f9eb1f20000)
  to   space 539968K,   0% used [0x00007f9e70080000, 0x00007f9e70080000, 0x00007f9e90fd0000)
 tenured generation   total 10799312K, used 10794399K [0x00007fa2bdb50000, 0x00007fa550d84000, 0x00007fad68600000)
   the space 10799312K,  99% used [0x00007fa2bdb50000, 0x00007fa5508b7fb8, 0x00007fa5508b8000, 0x00007fa550d84000)
 Metaspace       used 24285K, capacity 24645K, committed 24832K, reserved 26624K
}
Event: 11711.586 GC heap after
{Heap after GC invocations=7090 (full 5):
 def new generation   total 4859712K, used 59622K [0x00007f9d68600000, 0x00007f9eb1f20000, 0x00007fa2bdb50000)
  eden space 4319744K,   0% used [0x00007f9d68600000, 0x00007f9d68600000, 0x00007f9e70080000)
  from space 539968K,  11% used [0x00007f9e70080000, 0x00007f9e73ab9a18, 0x00007f9e90fd0000)
  to   space 539968K,   0% used [0x00007f9e90fd0000, 0x00007f9e90fd0000, 0x00007f9eb1f20000)
 tenured generation   total 10799312K, used 10798494K [0x00007fa2bdb50000, 0x00007fa550d84000, 0x00007fad68600000)
   the space 10799312K,  99% used [0x00007fa2bdb50000, 0x00007fa550cb7b38, 0x00007fa550cb7c00, 0x00007fa550d84000)
 Metaspace       used 24285K, capacity 24645K, committed 24832K, reserved 26624K
}
Event: 11715.560 GC heap before
{Heap before GC invocations=7090 (full 5):
 def new generation   total 4859712K, used 4379366K [0x00007f9d68600000, 0x00007f9eb1f20000, 0x00007fa2bdb50000)
  eden space 4319744K, 100% used [0x00007f9d68600000, 0x00007f9e70080000, 0x00007f9e70080000)
  from space 539968K,  11% used [0x00007f9e70080000, 0x00007f9e73ab9a18, 0x00007f9e90fd0000)
  to   space 539968K,   0% used [0x00007f9e90fd0000, 0x00007f9e90fd0000, 0x00007f9eb1f20000)
 tenured generation   total 10799312K, used 10798494K [0x00007fa2bdb50000, 0x00007fa550d84000, 0x00007fad68600000)
   the space 10799312K,  99% used [0x00007fa2bdb50000, 0x00007fa550cb7b38, 0x00007fa550cb7c00, 0x00007fa550d84000)
 Metaspace       used 24285K, capacity 24645K, committed 24832K, reserved 26624K
}
Event: 11715.671 GC heap after
{Heap after GC invocations=7091 (full 5):
 def new generation   total 4859712K, used 59731K [0x00007f9d68600000, 0x00007f9eb1f20000, 0x00007fa2bdb50000)
  eden space 4319744K,   0% used [0x00007f9d68600000, 0x00007f9d68600000, 0x00007f9e70080000)
  from space 539968K,  11% used [0x00007f9e90fd0000, 0x00007f9e94a24eb0, 0x00007f9eb1f20000)
  to   space 539968K,   0% used [0x00007f9e70080000, 0x00007f9e70080000, 0x00007f9e90fd0000)
 tenured generation   total 10802576K, used 10802469K [0x00007fa2bdb50000, 0x00007fa5510b4000, 0x00007fad68600000)
   the space 10802576K,  99% used [0x00007fa2bdb50000, 0x00007fa5510994f8, 0x00007fa551099600, 0x00007fa5510b4000)
 Metaspace       used 24285K, capacity 24645K, committed 24832K, reserved 26624K
}
Event: 11715.671 GC heap before
{Heap before GC invocations=7091 (full 5):
 def new generation   total 4859712K, used 59731K [0x00007f9d68600000, 0x00007f9eb1f20000, 0x00007fa2bdb50000)
  eden space 4319744K,   0% used [0x00007f9d68600000, 0x00007f9d68600000, 0x00007f9e70080000)
  from space 539968K,  11% used [0x00007f9e90fd0000, 0x00007f9e94a24eb0, 0x00007f9eb1f20000)
  to   space 539968K,   0% used [0x00007f9e70080000, 0x00007f9e70080000, 0x00007f9e90fd0000)
 tenured generation   total 10802576K, used 10802469K [0x00007fa2bdb50000, 0x00007fa5510b4000, 0x00007fad68600000)
   the space 10802576K,  99% used [0x00007fa2bdb50000, 0x00007fa5510994f8, 0x00007fa551099600, 0x00007fa5510b4000)
 Metaspace       used 24285K, capacity 24645K, committed 24832K, reserved 26624K
}

