# JRE version: OpenJDK Runtime Environment (13.0.7+5) (build 13.0.7+5-Ubuntu-0ubuntu120.04)
# Java VM: OpenJDK 64-Bit Server VM (13.0.7+5-Ubuntu-0ubuntu120.04, mixed mode, tiered, serial gc, linux-amd64)
Heap:
 def new generation   total 2914752K, used 40338K [0x00007f3bf0600000, 0x00007f3cb60b0000, 0x00007f4145b50000)
  eden space 2590912K,   1% used [0x00007f3bf0600000, 0x00007f3bf2d64ac8, 0x00007f3c8e830000)
  from space 323840K,   0% used [0x00007f3c8e830000, 0x00007f3c8e830000, 0x00007f3ca2470000)
  to   space 323840K,   0% used [0x00007f3ca2470000, 0x00007f3ca2470000, 0x00007f3cb60b0000)
 tenured generation   total 6478808K, used 6478807K [0x00007f4145b50000, 0x00007f42d1246000, 0x00007f4bf0600000)
   the space 6478808K,  99% used [0x00007f4145b50000, 0x00007f42d1245fd8, 0x00007f42d1246000, 0x00007f42d1246000)
 Metaspace       used 24214K, capacity 24581K, committed 24832K, reserved 26624K
GC Heap History (20 events):
Event: 5472.009 GC heap after
{Heap after GC invocations=4846 (full 4):
 def new generation   total 2914752K, used 39767K [0x00007f3bf0600000, 0x00007f3cb60b0000, 0x00007f4145b50000)
  eden space 2590912K,   0% used [0x00007f3bf0600000, 0x00007f3bf0600000, 0x00007f3c8e830000)
  from space 323840K,  12% used [0x00007f3ca2470000, 0x00007f3ca4b45d00, 0x00007f3cb60b0000)
  to   space 323840K,   0% used [0x00007f3c8e830000, 0x00007f3c8e830000, 0x00007f3ca2470000)
 tenured generation   total 6477080K, used 6454422K [0x00007f4145b50000, 0x00007f42d1096000, 0x00007f4bf0600000)
   the space 6477080K,  99% used [0x00007f4145b50000, 0x00007f42cfa758c8, 0x00007f42cfa75a00, 0x00007f42d1096000)
 Metaspace       used 24214K, capacity 24581K, committed 24832K, reserved 26624K
}
Event: 5474.352 GC heap before
{Heap before GC invocations=4846 (full 4):
 def new generation   total 2914752K, used 2630679K [0x00007f3bf0600000, 0x00007f3cb60b0000, 0x00007f4145b50000)
  eden space 2590912K, 100% used [0x00007f3bf0600000, 0x00007f3c8e830000, 0x00007f3c8e830000)
  from space 323840K,  12% used [0x00007f3ca2470000, 0x00007f3ca4b45d00, 0x00007f3cb60b0000)
  to   space 323840K,   0% used [0x00007f3c8e830000, 0x00007f3c8e830000, 0x00007f3ca2470000)
 tenured generation   total 6477080K, used 6454422K [0x00007f4145b50000, 0x00007f42d1096000, 0x00007f4bf0600000)
   the space 6477080K,  99% used [0x00007f4145b50000, 0x00007f42cfa758c8, 0x00007f42cfa75a00, 0x00007f42d1096000)
 Metaspace       used 24214K, capacity 24581K, committed 24832K, reserved 26624K
}
Event: 5474.466 GC heap after
{Heap after GC invocations=4847 (full 4):
 def new generation   total 2914752K, used 39500K [0x00007f3bf0600000, 0x00007f3cb60b0000, 0x00007f4145b50000)
  eden space 2590912K,   0% used [0x00007f3bf0600000, 0x00007f3bf0600000, 0x00007f3c8e830000)
  from space 323840K,  12% used [0x00007f3c8e830000, 0x00007f3c90ec3348, 0x00007f3ca2470000)
  to   space 323840K,   0% used [0x00007f3ca2470000, 0x00007f3ca2470000, 0x00007f3cb60b0000)
 tenured generation   total 6477080K, used 6457512K [0x00007f4145b50000, 0x00007f42d1096000, 0x00007f4bf0600000)
   the space 6477080K,  99% used [0x00007f4145b50000, 0x00007f42cfd7a2e0, 0x00007f42cfd7a400, 0x00007f42d1096000)
 Metaspace       used 24214K, capacity 24581K, committed 24832K, reserved 26624K
}
Event: 5476.820 GC heap before
{Heap before GC invocations=4847 (full 4):
 def new generation   total 2914752K, used 2630412K [0x00007f3bf0600000, 0x00007f3cb60b0000, 0x00007f4145b50000)
  eden space 2590912K, 100% used [0x00007f3bf0600000, 0x00007f3c8e830000, 0x00007f3c8e830000)
  from space 323840K,  12% used [0x00007f3c8e830000, 0x00007f3c90ec3348, 0x00007f3ca2470000)
  to   space 323840K,   0% used [0x00007f3ca2470000, 0x00007f3ca2470000, 0x00007f3cb60b0000)
 tenured generation   total 6477080K, used 6457512K [0x00007f4145b50000, 0x00007f42d1096000, 0x00007f4bf0600000)
   the space 6477080K,  99% used [0x00007f4145b50000, 0x00007f42cfd7a2e0, 0x00007f42cfd7a400, 0x00007f42d1096000)
 Metaspace       used 24214K, capacity 24581K, committed 24832K, reserved 26624K
}
Event: 5476.926 GC heap after
{Heap after GC invocations=4848 (full 4):
 def new generation   total 2914752K, used 39321K [0x00007f3bf0600000, 0x00007f3cb60b0000, 0x00007f4145b50000)
  eden space 2590912K,   0% used [0x00007f3bf0600000, 0x00007f3bf0600000, 0x00007f3c8e830000)
  from space 323840K,  12% used [0x00007f3ca2470000, 0x00007f3ca4ad6720, 0x00007f3cb60b0000)
  to   space 323840K,   0% used [0x00007f3c8e830000, 0x00007f3c8e830000, 0x00007f3ca2470000)
 tenured generation   total 6477080K, used 6459946K [0x00007f4145b50000, 0x00007f42d1096000, 0x00007f4bf0600000)
   the space 6477080K,  99% used [0x00007f4145b50000, 0x00007f42cffdab50, 0x00007f42cffdac00, 0x00007f42d1096000)
 Metaspace       used 24214K, capacity 24581K, committed 24832K, reserved 26624K
}
Event: 5479.254 GC heap before
{Heap before GC invocations=4848 (full 4):
 def new generation   total 2914752K, used 2630233K [0x00007f3bf0600000, 0x00007f3cb60b0000, 0x00007f4145b50000)
  eden space 2590912K, 100% used [0x00007f3bf0600000, 0x00007f3c8e830000, 0x00007f3c8e830000)
  from space 323840K,  12% used [0x00007f3ca2470000, 0x00007f3ca4ad6720, 0x00007f3cb60b0000)
  to   space 323840K,   0% used [0x00007f3c8e830000, 0x00007f3c8e830000, 0x00007f3ca2470000)
 tenured generation   total 6477080K, used 6459946K [0x00007f4145b50000, 0x00007f42d1096000, 0x00007f4bf0600000)
   the space 6477080K,  99% used [0x00007f4145b50000, 0x00007f42cffdab50, 0x00007f42cffdac00, 0x00007f42d1096000)
 Metaspace       used 24214K, capacity 24581K, committed 24832K, reserved 26624K
}
Event: 5479.374 GC heap after
{Heap after GC invocations=4849 (full 4):
 def new generation   total 2914752K, used 40347K [0x00007f3bf0600000, 0x00007f3cb60b0000, 0x00007f4145b50000)
  eden space 2590912K,   0% used [0x00007f3bf0600000, 0x00007f3bf0600000, 0x00007f3c8e830000)
  from space 323840K,  12% used [0x00007f3c8e830000, 0x00007f3c90f96ea8, 0x00007f3ca2470000)
  to   space 323840K,   0% used [0x00007f3ca2470000, 0x00007f3ca2470000, 0x00007f3cb60b0000)
 tenured generation   total 6477080K, used 6462518K [0x00007f4145b50000, 0x00007f42d1096000, 0x00007f4bf0600000)
   the space 6477080K,  99% used [0x00007f4145b50000, 0x00007f42d025d850, 0x00007f42d025da00, 0x00007f42d1096000)
 Metaspace       used 24214K, capacity 24581K, committed 24832K, reserved 26624K
}
Event: 5481.709 GC heap before
{Heap before GC invocations=4849 (full 4):
 def new generation   total 2914752K, used 2631259K [0x00007f3bf0600000, 0x00007f3cb60b0000, 0x00007f4145b50000)
  eden space 2590912K, 100% used [0x00007f3bf0600000, 0x00007f3c8e830000, 0x00007f3c8e830000)
  from space 323840K,  12% used [0x00007f3c8e830000, 0x00007f3c90f96ea8, 0x00007f3ca2470000)
  to   space 323840K,   0% used [0x00007f3ca2470000, 0x00007f3ca2470000, 0x00007f3cb60b0000)
 tenured generation   total 6477080K, used 6462518K [0x00007f4145b50000, 0x00007f42d1096000, 0x00007f4bf0600000)
   the space 6477080K,  99% used [0x00007f4145b50000, 0x00007f42d025d850, 0x00007f42d025da00, 0x00007f42d1096000)
 Metaspace       used 24214K, capacity 24581K, committed 24832K, reserved 26624K
}
Event: 5481.826 GC heap after
{Heap after GC invocations=4850 (full 4):
 def new generation   total 2914752K, used 38964K [0x00007f3bf0600000, 0x00007f3cb60b0000, 0x00007f4145b50000)
  eden space 2590912K,   0% used [0x00007f3bf0600000, 0x00007f3bf0600000, 0x00007f3c8e830000)
  from space 323840K,  12% used [0x00007f3ca2470000, 0x00007f3ca4a7d0f8, 0x00007f3cb60b0000)
  to   space 323840K,   0% used [0x00007f3c8e830000, 0x00007f3c8e830000, 0x00007f3ca2470000)
 tenured generation   total 6477080K, used 6466553K [0x00007f4145b50000, 0x00007f42d1096000, 0x00007f4bf0600000)
   the space 6477080K,  99% used [0x00007f4145b50000, 0x00007f42d064e460, 0x00007f42d064e600, 0x00007f42d1096000)
 Metaspace       used 24214K, capacity 24581K, committed 24832K, reserved 26624K
}
Event: 5484.161 GC heap before
{Heap before GC invocations=4850 (full 4):
 def new generation   total 2914752K, used 2629876K [0x00007f3bf0600000, 0x00007f3cb60b0000, 0x00007f4145b50000)
  eden space 2590912K, 100% used [0x00007f3bf0600000, 0x00007f3c8e830000, 0x00007f3c8e830000)
  from space 323840K,  12% used [0x00007f3ca2470000, 0x00007f3ca4a7d0f8, 0x00007f3cb60b0000)
  to   space 323840K,   0% used [0x00007f3c8e830000, 0x00007f3c8e830000, 0x00007f3ca2470000)
 tenured generation   total 6477080K, used 6466553K [0x00007f4145b50000, 0x00007f42d1096000, 0x00007f4bf0600000)
   the space 6477080K,  99% used [0x00007f4145b50000, 0x00007f42d064e460, 0x00007f42d064e600, 0x00007f42d1096000)
 Metaspace       used 24214K, capacity 24581K, committed 24832K, reserved 26624K
}
Event: 5484.273 GC heap after
{Heap after GC invocations=4851 (full 4):
 def new generation   total 2914752K, used 40225K [0x00007f3bf0600000, 0x00007f3cb60b0000, 0x00007f4145b50000)
  eden space 2590912K,   0% used [0x00007f3bf0600000, 0x00007f3bf0600000, 0x00007f3c8e830000)
  from space 323840K,  12% used [0x00007f3c8e830000, 0x00007f3c90f786a0, 0x00007f3ca2470000)
  to   space 323840K,   0% used [0x00007f3ca2470000, 0x00007f3ca2470000, 0x00007f3cb60b0000)
 tenured generation   total 6477080K, used 6468368K [0x00007f4145b50000, 0x00007f42d1096000, 0x00007f4bf0600000)
   the space 6477080K,  99% used [0x00007f4145b50000, 0x00007f42d08143f8, 0x00007f42d0814400, 0x00007f42d1096000)
 Metaspace       used 24214K, capacity 24581K, committed 24832K, reserved 26624K
}
Event: 5486.619 GC heap before
{Heap before GC invocations=4851 (full 4):
 def new generation   total 2914752K, used 2631137K [0x00007f3bf0600000, 0x00007f3cb60b0000, 0x00007f4145b50000)
  eden space 2590912K, 100% used [0x00007f3bf0600000, 0x00007f3c8e830000, 0x00007f3c8e830000)
  from space 323840K,  12% used [0x00007f3c8e830000, 0x00007f3c90f786a0, 0x00007f3ca2470000)
  to   space 323840K,   0% used [0x00007f3ca2470000, 0x00007f3ca2470000, 0x00007f3cb60b0000)
 tenured generation   total 6477080K, used 6468368K [0x00007f4145b50000, 0x00007f42d1096000, 0x00007f4bf0600000)
   the space 6477080K,  99% used [0x00007f4145b50000, 0x00007f42d08143f8, 0x00007f42d0814400, 0x00007f42d1096000)
 Metaspace       used 24214K, capacity 24581K, committed 24832K, reserved 26624K
}
Event: 5486.742 GC heap after
{Heap after GC invocations=4852 (full 4):
 def new generation   total 2914752K, used 41110K [0x00007f3bf0600000, 0x00007f3cb60b0000, 0x00007f4145b50000)
  eden space 2590912K,   0% used [0x00007f3bf0600000, 0x00007f3bf0600000, 0x00007f3c8e830000)
  from space 323840K,  12% used [0x00007f3ca2470000, 0x00007f3ca4c95ab0, 0x00007f3cb60b0000)
  to   space 323840K,   0% used [0x00007f3c8e830000, 0x00007f3c8e830000, 0x00007f3ca2470000)
 tenured generation   total 6477080K, used 6470572K [0x00007f4145b50000, 0x00007f42d1096000, 0x00007f4bf0600000)
   the space 6477080K,  99% used [0x00007f4145b50000, 0x00007f42d0a3b140, 0x00007f42d0a3b200, 0x00007f42d1096000)
 Metaspace       used 24214K, capacity 24581K, committed 24832K, reserved 26624K
}
Event: 5489.126 GC heap before
{Heap before GC invocations=4852 (full 4):
 def new generation   total 2914752K, used 2632022K [0x00007f3bf0600000, 0x00007f3cb60b0000, 0x00007f4145b50000)
  eden space 2590912K, 100% used [0x00007f3bf0600000, 0x00007f3c8e830000, 0x00007f3c8e830000)
  from space 323840K,  12% used [0x00007f3ca2470000, 0x00007f3ca4c95ab0, 0x00007f3cb60b0000)
  to   space 323840K,   0% used [0x00007f3c8e830000, 0x00007f3c8e830000, 0x00007f3ca2470000)
 tenured generation   total 6477080K, used 6470572K [0x00007f4145b50000, 0x00007f42d1096000, 0x00007f4bf0600000)
   the space 6477080K,  99% used [0x00007f4145b50000, 0x00007f42d0a3b140, 0x00007f42d0a3b200, 0x00007f42d1096000)
 Metaspace       used 24214K, capacity 24581K, committed 24832K, reserved 26624K
}
Event: 5489.236 GC heap after
{Heap after GC invocations=4853 (full 4):
 def new generation   total 2914752K, used 39626K [0x00007f3bf0600000, 0x00007f3cb60b0000, 0x00007f4145b50000)
  eden space 2590912K,   0% used [0x00007f3bf0600000, 0x00007f3bf0600000, 0x00007f3c8e830000)
  from space 323840K,  12% used [0x00007f3c8e830000, 0x00007f3c90ee28d8, 0x00007f3ca2470000)
  to   space 323840K,   0% used [0x00007f3ca2470000, 0x00007f3ca2470000, 0x00007f3cb60b0000)
 tenured generation   total 6477080K, used 6473678K [0x00007f4145b50000, 0x00007f42d1096000, 0x00007f4bf0600000)
   the space 6477080K,  99% used [0x00007f4145b50000, 0x00007f42d0d438b0, 0x00007f42d0d43a00, 0x00007f42d1096000)
 Metaspace       used 24214K, capacity 24581K, committed 24832K, reserved 26624K
}
Event: 5491.609 GC heap before
{Heap before GC invocations=4853 (full 4):
 def new generation   total 2914752K, used 2630538K [0x00007f3bf0600000, 0x00007f3cb60b0000, 0x00007f4145b50000)
  eden space 2590912K, 100% used [0x00007f3bf0600000, 0x00007f3c8e830000, 0x00007f3c8e830000)
  from space 323840K,  12% used [0x00007f3c8e830000, 0x00007f3c90ee28d8, 0x00007f3ca2470000)
  to   space 323840K,   0% used [0x00007f3ca2470000, 0x00007f3ca2470000, 0x00007f3cb60b0000)
 tenured generation   total 6477080K, used 6473678K [0x00007f4145b50000, 0x00007f42d1096000, 0x00007f4bf0600000)
   the space 6477080K,  99% used [0x00007f4145b50000, 0x00007f42d0d438b0, 0x00007f42d0d43a00, 0x00007f42d1096000)
 Metaspace       used 24214K, capacity 24581K, committed 24832K, reserved 26624K
}
Event: 5491.716 GC heap after
{Heap after GC invocations=4854 (full 4):
 def new generation   total 2914752K, used 40414K [0x00007f3bf0600000, 0x00007f3cb60b0000, 0x00007f4145b50000)
  eden space 2590912K,   0% used [0x00007f3bf0600000, 0x00007f3bf0600000, 0x00007f3c8e830000)
  from space 323840K,  12% used [0x00007f3ca2470000, 0x00007f3ca4be79a8, 0x00007f3cb60b0000)
  to   space 323840K,   0% used [0x00007f3c8e830000, 0x00007f3c8e830000, 0x00007f3ca2470000)
 tenured generation   total 6477080K, used 6475640K [0x00007f4145b50000, 0x00007f42d1096000, 0x00007f4bf0600000)
   the space 6477080K,  99% used [0x00007f4145b50000, 0x00007f42d0f2e0f0, 0x00007f42d0f2e200, 0x00007f42d1096000)
 Metaspace       used 24214K, capacity 24581K, committed 24832K, reserved 26624K
}
Event: 5494.127 GC heap before
{Heap before GC invocations=4854 (full 4):
 def new generation   total 2914752K, used 2631326K [0x00007f3bf0600000, 0x00007f3cb60b0000, 0x00007f4145b50000)
  eden space 2590912K, 100% used [0x00007f3bf0600000, 0x00007f3c8e830000, 0x00007f3c8e830000)
  from space 323840K,  12% used [0x00007f3ca2470000, 0x00007f3ca4be79a8, 0x00007f3cb60b0000)
  to   space 323840K,   0% used [0x00007f3c8e830000, 0x00007f3c8e830000, 0x00007f3ca2470000)
 tenured generation   total 6477080K, used 6475640K [0x00007f4145b50000, 0x00007f42d1096000, 0x00007f4bf0600000)
   the space 6477080K,  99% used [0x00007f4145b50000, 0x00007f42d0f2e0f0, 0x00007f42d0f2e200, 0x00007f42d1096000)
 Metaspace       used 24214K, capacity 24581K, committed 24832K, reserved 26624K
}
Event: 5494.243 GC heap after
{Heap after GC invocations=4855 (full 4):
 def new generation   total 2914752K, used 40464K [0x00007f3bf0600000, 0x00007f3cb60b0000, 0x00007f4145b50000)
  eden space 2590912K,   0% used [0x00007f3bf0600000, 0x00007f3bf0600000, 0x00007f3c8e830000)
  from space 323840K,  12% used [0x00007f3c8e830000, 0x00007f3c90fb4100, 0x00007f3ca2470000)
  to   space 323840K,   0% used [0x00007f3ca2470000, 0x00007f3ca2470000, 0x00007f3cb60b0000)
 tenured generation   total 6478808K, used 6478682K [0x00007f4145b50000, 0x00007f42d1246000, 0x00007f4bf0600000)
   the space 6478808K,  99% used [0x00007f4145b50000, 0x00007f42d12269a0, 0x00007f42d1226a00, 0x00007f42d1246000)
 Metaspace       used 24214K, capacity 24581K, committed 24832K, reserved 26624K
}
Event: 5494.243 GC heap before
{Heap before GC invocations=4855 (full 4):
 def new generation   total 2914752K, used 40464K [0x00007f3bf0600000, 0x00007f3cb60b0000, 0x00007f4145b50000)
  eden space 2590912K,   0% used [0x00007f3bf0600000, 0x00007f3bf0600000, 0x00007f3c8e830000)
  from space 323840K,  12% used [0x00007f3c8e830000, 0x00007f3c90fb4100, 0x00007f3ca2470000)
  to   space 323840K,   0% used [0x00007f3ca2470000, 0x00007f3ca2470000, 0x00007f3cb60b0000)
 tenured generation   total 6478808K, used 6478682K [0x00007f4145b50000, 0x00007f42d1246000, 0x00007f4bf0600000)
   the space 6478808K,  99% used [0x00007f4145b50000, 0x00007f42d12269a0, 0x00007f42d1226a00, 0x00007f42d1246000)
 Metaspace       used 24214K, capacity 24581K, committed 24832K, reserved 26624K
}

