# JRE version: OpenJDK Runtime Environment (13.0.7+5) (build 13.0.7+5-Ubuntu-0ubuntu120.04)
# Java VM: OpenJDK 64-Bit Server VM (13.0.7+5-Ubuntu-0ubuntu120.04, mixed mode, tiered, serial gc, linux-amd64)
Heap:
 def new generation   total 7352448K, used 5606644K [0x00007f4bbc600000, 0x00007f4daefe0000, 0x00007f5111b50000)
  eden space 6535552K,  85% used [0x00007f4bbc600000, 0x00007f4d10254900, 0x00007f4d4b460000)
  from space 816896K,   4% used [0x00007f4d7d220000, 0x00007f4d7f9088d8, 0x00007f4daefe0000)
  to   space 816896K,   4% used [0x00007f4d4b460000, 0x00007f4d4d7422f8, 0x00007f4d7d220000)
 tenured generation   total 17387148K, used 17120588K [0x00007f5111b50000, 0x00007f5536ef3000, 0x00007f5bbc600000)
   the space 17387148K,  98% used [0x00007f5111b50000, 0x00007f5526aa31b8, 0x00007f5526aa3200, 0x00007f5536ef3000)
 Metaspace       used 24757K, capacity 25149K, committed 25344K, reserved 26624K
GC Heap History (20 events):
Event: 42515.825 GC heap after
{Heap after GC invocations=41089 (full 29):
 def new generation   total 7352448K, used 35678K [0x00007f4bbc600000, 0x00007f4daefe0000, 0x00007f5111b50000)
  eden space 6535552K,   0% used [0x00007f4bbc600000, 0x00007f4bbc600000, 0x00007f4d4b460000)
  from space 816896K,   4% used [0x00007f4d7d220000, 0x00007f4d7f4f78f8, 0x00007f4daefe0000)
  to   space 816896K,   0% used [0x00007f4d4b460000, 0x00007f4d4b460000, 0x00007f4d7d220000)
 tenured generation   total 16338568K, used 16071799K [0x00007f5111b50000, 0x00007f54f6ef2000, 0x00007f5bbc600000)
   the space 16338568K,  98% used [0x00007f5111b50000, 0x00007f54e6a6dec8, 0x00007f54e6a6e000, 0x00007f54f6ef2000)
 Metaspace       used 24757K, capacity 25149K, committed 25344K, reserved 26624K
}
Event: 42523.825 GC heap before
{Heap before GC invocations=41089 (full 29):
 def new generation   total 7352448K, used 5991008K [0x00007f4bbc600000, 0x00007f4daefe0000, 0x00007f5111b50000)
  eden space 6535552K,  91% used [0x00007f4bbc600000, 0x00007f4d27dc0a38, 0x00007f4d4b460000)
  from space 816896K,   4% used [0x00007f4d7d220000, 0x00007f4d7f4f78f8, 0x00007f4daefe0000)
  to   space 816896K,   0% used [0x00007f4d4b460000, 0x00007f4d4b460000, 0x00007f4d7d220000)
 tenured generation   total 16338568K, used 16071799K [0x00007f5111b50000, 0x00007f54f6ef2000, 0x00007f5bbc600000)
   the space 16338568K,  98% used [0x00007f5111b50000, 0x00007f54e6a6dec8, 0x00007f54e6a6e000, 0x00007f54f6ef2000)
 Metaspace       used 24757K, capacity 25149K, committed 25344K, reserved 26624K
}
Event: 42524.985 GC heap after
{Heap after GC invocations=41090 (full 29):
 def new generation   total 7352448K, used 35713K [0x00007f4bbc600000, 0x00007f4daefe0000, 0x00007f5111b50000)
  eden space 6535552K,   0% used [0x00007f4bbc600000, 0x00007f4bbc600000, 0x00007f4d4b460000)
  from space 816896K,   4% used [0x00007f4d4b460000, 0x00007f4d4d7404b8, 0x00007f4d7d220000)
  to   space 816896K,   0% used [0x00007f4d7d220000, 0x00007f4d7d220000, 0x00007f4daefe0000)
 tenured generation   total 17387148K, used 17120375K [0x00007f5111b50000, 0x00007f5536ef3000, 0x00007f5bbc600000)
   the space 17387148K,  98% used [0x00007f5111b50000, 0x00007f5526a6dee0, 0x00007f5526a6e000, 0x00007f5536ef3000)
 Metaspace       used 24757K, capacity 25149K, committed 25344K, reserved 26624K
}
Event: 42524.985 GC heap before
{Heap before GC invocations=41090 (full 29):
 def new generation   total 7352448K, used 35713K [0x00007f4bbc600000, 0x00007f4daefe0000, 0x00007f5111b50000)
  eden space 6535552K,   0% used [0x00007f4bbc600000, 0x00007f4bbc600000, 0x00007f4d4b460000)
  from space 816896K,   4% used [0x00007f4d4b460000, 0x00007f4d4d7404b8, 0x00007f4d7d220000)
  to   space 816896K,   0% used [0x00007f4d7d220000, 0x00007f4d7d220000, 0x00007f4daefe0000)
 tenured generation   total 17387148K, used 17120375K [0x00007f5111b50000, 0x00007f5536ef3000, 0x00007f5bbc600000)
   the space 17387148K,  98% used [0x00007f5111b50000, 0x00007f5526a6dee0, 0x00007f5526a6e000, 0x00007f5536ef3000)
 Metaspace       used 24757K, capacity 25149K, committed 25344K, reserved 26624K
}
Event: 42535.266 GC heap after
{Heap after GC invocations=41090 (full 30):
 def new generation   total 7352448K, used 0K [0x00007f4bbc600000, 0x00007f4daefe0000, 0x00007f5111b50000)
  eden space 6535552K,   0% used [0x00007f4bbc600000, 0x00007f4bbc600000, 0x00007f4d4b460000)
  from space 816896K,   0% used [0x00007f4d4b460000, 0x00007f4d4b460000, 0x00007f4d7d220000)
  to   space 816896K,   0% used [0x00007f4d7d220000, 0x00007f4d7d220000, 0x00007f4daefe0000)
 tenured generation   total 16338568K, used 8731980K [0x00007f5111b50000, 0x00007f54f6ef2000, 0x00007f5bbc600000)
   the space 16338568K,  53% used [0x00007f5111b50000, 0x00007f5326aa30f8, 0x00007f5326aa3200, 0x00007f54f6ef2000)
 Metaspace       used 24757K, capacity 25149K, committed 25344K, reserved 26624K
}
Event: 42541.862 GC heap before
{Heap before GC invocations=41090 (full 30):
 def new generation   total 7352448K, used 5957347K [0x00007f4bbc600000, 0x00007f4daefe0000, 0x00007f5111b50000)
  eden space 6535552K,  91% used [0x00007f4bbc600000, 0x00007f4d27fb8d30, 0x00007f4d4b460000)
  from space 816896K,   0% used [0x00007f4d4b460000, 0x00007f4d4b460000, 0x00007f4d7d220000)
  to   space 816896K,   0% used [0x00007f4d7d220000, 0x00007f4d7d220000, 0x00007f4daefe0000)
 tenured generation   total 16338568K, used 8731980K [0x00007f5111b50000, 0x00007f54f6ef2000, 0x00007f5bbc600000)
   the space 16338568K,  53% used [0x00007f5111b50000, 0x00007f5326aa30f8, 0x00007f5326aa3200, 0x00007f54f6ef2000)
 Metaspace       used 24757K, capacity 25149K, committed 25344K, reserved 26624K
}
Event: 42542.691 GC heap after
{Heap after GC invocations=41091 (full 30):
 def new generation   total 7352448K, used 39664K [0x00007f4bbc600000, 0x00007f4daefe0000, 0x00007f5111b50000)
  eden space 6535552K,   0% used [0x00007f4bbc600000, 0x00007f4bbc600000, 0x00007f4d4b460000)
  from space 816896K,   4% used [0x00007f4d7d220000, 0x00007f4d7f8dc1c0, 0x00007f4daefe0000)
  to   space 816896K,   0% used [0x00007f4d4b460000, 0x00007f4d4b460000, 0x00007f4d7d220000)
 tenured generation   total 16338568K, used 9780556K [0x00007f5111b50000, 0x00007f54f6ef2000, 0x00007f5bbc600000)
   the space 16338568K,  59% used [0x00007f5111b50000, 0x00007f5366aa3110, 0x00007f5366aa3200, 0x00007f54f6ef2000)
 Metaspace       used 24757K, capacity 25149K, committed 25344K, reserved 26624K
}
Event: 42548.536 GC heap before
{Heap before GC invocations=41091 (full 30):
 def new generation   total 7352448K, used 5606466K [0x00007f4bbc600000, 0x00007f4daefe0000, 0x00007f5111b50000)
  eden space 6535552K,  85% used [0x00007f4bbc600000, 0x00007f4d10254900, 0x00007f4d4b460000)
  from space 816896K,   4% used [0x00007f4d7d220000, 0x00007f4d7f8dc1c0, 0x00007f4daefe0000)
  to   space 816896K,   0% used [0x00007f4d4b460000, 0x00007f4d4b460000, 0x00007f4d7d220000)
 tenured generation   total 16338568K, used 9780556K [0x00007f5111b50000, 0x00007f54f6ef2000, 0x00007f5bbc600000)
   the space 16338568K,  59% used [0x00007f5111b50000, 0x00007f5366aa3110, 0x00007f5366aa3200, 0x00007f54f6ef2000)
 Metaspace       used 24757K, capacity 25149K, committed 25344K, reserved 26624K
}
Event: 42550.171 GC heap after
{Heap after GC invocations=41092 (full 30):
 def new generation   total 7352448K, used 35571K [0x00007f4bbc600000, 0x00007f4daefe0000, 0x00007f5111b50000)
  eden space 6535552K,   0% used [0x00007f4bbc600000, 0x00007f4bbc600000, 0x00007f4d4b460000)
  from space 816896K,   4% used [0x00007f4d4b460000, 0x00007f4d4d71cc68, 0x00007f4d7d220000)
  to   space 816896K,   0% used [0x00007f4d7d220000, 0x00007f4d7d220000, 0x00007f4daefe0000)
 tenured generation   total 16338568K, used 11877708K [0x00007f5111b50000, 0x00007f54f6ef2000, 0x00007f5bbc600000)
   the space 16338568K,  72% used [0x00007f5111b50000, 0x00007f53e6aa3140, 0x00007f53e6aa3200, 0x00007f54f6ef2000)
 Metaspace       used 24757K, capacity 25149K, committed 25344K, reserved 26624K
}
Event: 42557.692 GC heap before
{Heap before GC invocations=41092 (full 30):
 def new generation   total 7352448K, used 5990885K [0x00007f4bbc600000, 0x00007f4daefe0000, 0x00007f5111b50000)
  eden space 6535552K,  91% used [0x00007f4bbc600000, 0x00007f4d27dbcb00, 0x00007f4d4b460000)
  from space 816896K,   4% used [0x00007f4d4b460000, 0x00007f4d4d71cc68, 0x00007f4d7d220000)
  to   space 816896K,   0% used [0x00007f4d7d220000, 0x00007f4d7d220000, 0x00007f4daefe0000)
 tenured generation   total 16338568K, used 11877708K [0x00007f5111b50000, 0x00007f54f6ef2000, 0x00007f5bbc600000)
   the space 16338568K,  72% used [0x00007f5111b50000, 0x00007f53e6aa3140, 0x00007f53e6aa3200, 0x00007f54f6ef2000)
 Metaspace       used 24757K, capacity 25149K, committed 25344K, reserved 26624K
}
Event: 42558.558 GC heap after
{Heap after GC invocations=41093 (full 30):
 def new generation   total 7352448K, used 35606K [0x00007f4bbc600000, 0x00007f4daefe0000, 0x00007f5111b50000)
  eden space 6535552K,   0% used [0x00007f4bbc600000, 0x00007f4bbc600000, 0x00007f4d4b460000)
  from space 816896K,   4% used [0x00007f4d7d220000, 0x00007f4d7f4e5828, 0x00007f4daefe0000)
  to   space 816896K,   0% used [0x00007f4d4b460000, 0x00007f4d4b460000, 0x00007f4d7d220000)
 tenured generation   total 16338568K, used 12926284K [0x00007f5111b50000, 0x00007f54f6ef2000, 0x00007f5bbc600000)
   the space 16338568K,  79% used [0x00007f5111b50000, 0x00007f5426aa3158, 0x00007f5426aa3200, 0x00007f54f6ef2000)
 Metaspace       used 24757K, capacity 25149K, committed 25344K, reserved 26624K
}
Event: 42565.580 GC heap before
{Heap before GC invocations=41093 (full 30):
 def new generation   total 7352448K, used 5992993K [0x00007f4bbc600000, 0x00007f4daefe0000, 0x00007f5111b50000)
  eden space 6535552K,  91% used [0x00007f4bbc600000, 0x00007f4d27fc2df8, 0x00007f4d4b460000)
  from space 816896K,   4% used [0x00007f4d7d220000, 0x00007f4d7f4e5828, 0x00007f4daefe0000)
  to   space 816896K,   0% used [0x00007f4d4b460000, 0x00007f4d4b460000, 0x00007f4d7d220000)
 tenured generation   total 16338568K, used 12926284K [0x00007f5111b50000, 0x00007f54f6ef2000, 0x00007f5bbc600000)
   the space 16338568K,  79% used [0x00007f5111b50000, 0x00007f5426aa3158, 0x00007f5426aa3200, 0x00007f54f6ef2000)
 Metaspace       used 24757K, capacity 25149K, committed 25344K, reserved 26624K
}
Event: 42565.634 GC heap after
{Heap after GC invocations=41094 (full 30):
 def new generation   total 7352448K, used 39770K [0x00007f4bbc600000, 0x00007f4daefe0000, 0x00007f5111b50000)
  eden space 6535552K,   0% used [0x00007f4bbc600000, 0x00007f4bbc600000, 0x00007f4d4b460000)
  from space 816896K,   4% used [0x00007f4d4b460000, 0x00007f4d4db36a80, 0x00007f4d7d220000)
  to   space 816896K,   0% used [0x00007f4d7d220000, 0x00007f4d7d220000, 0x00007f4daefe0000)
 tenured generation   total 16338568K, used 12926284K [0x00007f5111b50000, 0x00007f54f6ef2000, 0x00007f5bbc600000)
   the space 16338568K,  79% used [0x00007f5111b50000, 0x00007f5426aa3158, 0x00007f5426aa3200, 0x00007f54f6ef2000)
 Metaspace       used 24757K, capacity 25149K, committed 25344K, reserved 26624K
}
Event: 42571.284 GC heap before
{Heap before GC invocations=41094 (full 30):
 def new generation   total 7352448K, used 5606586K [0x00007f4bbc600000, 0x00007f4daefe0000, 0x00007f5111b50000)
  eden space 6535552K,  85% used [0x00007f4bbc600000, 0x00007f4d10257d90, 0x00007f4d4b460000)
  from space 816896K,   4% used [0x00007f4d4b460000, 0x00007f4d4db36a80, 0x00007f4d7d220000)
  to   space 816896K,   0% used [0x00007f4d7d220000, 0x00007f4d7d220000, 0x00007f4daefe0000)
 tenured generation   total 16338568K, used 12926284K [0x00007f5111b50000, 0x00007f54f6ef2000, 0x00007f5bbc600000)
   the space 16338568K,  79% used [0x00007f5111b50000, 0x00007f5426aa3158, 0x00007f5426aa3200, 0x00007f54f6ef2000)
 Metaspace       used 24757K, capacity 25149K, committed 25344K, reserved 26624K
}
Event: 42572.887 GC heap after
{Heap after GC invocations=41095 (full 30):
 def new generation   total 7352448K, used 35642K [0x00007f4bbc600000, 0x00007f4daefe0000, 0x00007f5111b50000)
  eden space 6535552K,   0% used [0x00007f4bbc600000, 0x00007f4bbc600000, 0x00007f4d4b460000)
  from space 816896K,   4% used [0x00007f4d7d220000, 0x00007f4d7f4eeac0, 0x00007f4daefe0000)
  to   space 816896K,   0% used [0x00007f4d4b460000, 0x00007f4d4b460000, 0x00007f4d7d220000)
 tenured generation   total 16338568K, used 15023436K [0x00007f5111b50000, 0x00007f54f6ef2000, 0x00007f5bbc600000)
   the space 16338568K,  91% used [0x00007f5111b50000, 0x00007f54a6aa3188, 0x00007f54a6aa3200, 0x00007f54f6ef2000)
 Metaspace       used 24757K, capacity 25149K, committed 25344K, reserved 26624K
}
Event: 42580.055 GC heap before
{Heap before GC invocations=41095 (full 30):
 def new generation   total 7352448K, used 5990973K [0x00007f4bbc600000, 0x00007f4daefe0000, 0x00007f5111b50000)
  eden space 6535552K,  91% used [0x00007f4bbc600000, 0x00007f4d27dc0a38, 0x00007f4d4b460000)
  from space 816896K,   4% used [0x00007f4d7d220000, 0x00007f4d7f4eeac0, 0x00007f4daefe0000)
  to   space 816896K,   0% used [0x00007f4d4b460000, 0x00007f4d4b460000, 0x00007f4d7d220000)
 tenured generation   total 16338568K, used 15023436K [0x00007f5111b50000, 0x00007f54f6ef2000, 0x00007f5bbc600000)
   the space 16338568K,  91% used [0x00007f5111b50000, 0x00007f54a6aa3188, 0x00007f54a6aa3200, 0x00007f54f6ef2000)
 Metaspace       used 24757K, capacity 25149K, committed 25344K, reserved 26624K
}
Event: 42580.854 GC heap after
{Heap after GC invocations=41096 (full 30):
 def new generation   total 7352448K, used 35677K [0x00007f4bbc600000, 0x00007f4daefe0000, 0x00007f5111b50000)
  eden space 6535552K,   0% used [0x00007f4bbc600000, 0x00007f4bbc600000, 0x00007f4d4b460000)
  from space 816896K,   4% used [0x00007f4d4b460000, 0x00007f4d4d737680, 0x00007f4d7d220000)
  to   space 816896K,   0% used [0x00007f4d7d220000, 0x00007f4d7d220000, 0x00007f4daefe0000)
 tenured generation   total 16338568K, used 16072012K [0x00007f5111b50000, 0x00007f54f6ef2000, 0x00007f5bbc600000)
   the space 16338568K,  98% used [0x00007f5111b50000, 0x00007f54e6aa31a0, 0x00007f54e6aa3200, 0x00007f54f6ef2000)
 Metaspace       used 24757K, capacity 25149K, committed 25344K, reserved 26624K
}
Event: 42587.591 GC heap before
{Heap before GC invocations=41096 (full 30):
 def new generation   total 7352448K, used 5993024K [0x00007f4bbc600000, 0x00007f4daefe0000, 0x00007f5111b50000)
  eden space 6535552K,  91% used [0x00007f4bbc600000, 0x00007f4d27fb8d30, 0x00007f4d4b460000)
  from space 816896K,   4% used [0x00007f4d4b460000, 0x00007f4d4d737680, 0x00007f4d7d220000)
  to   space 816896K,   0% used [0x00007f4d7d220000, 0x00007f4d7d220000, 0x00007f4daefe0000)
 tenured generation   total 16338568K, used 16072012K [0x00007f5111b50000, 0x00007f54f6ef2000, 0x00007f5bbc600000)
   the space 16338568K,  98% used [0x00007f5111b50000, 0x00007f54e6aa31a0, 0x00007f54e6aa3200, 0x00007f54f6ef2000)
 Metaspace       used 24757K, capacity 25149K, committed 25344K, reserved 26624K
}
Event: 42587.626 GC heap after
{Heap after GC invocations=41097 (full 30):
 def new generation   total 7352448K, used 39842K [0x00007f4bbc600000, 0x00007f4daefe0000, 0x00007f5111b50000)
  eden space 6535552K,   0% used [0x00007f4bbc600000, 0x00007f4bbc600000, 0x00007f4d4b460000)
  from space 816896K,   4% used [0x00007f4d7d220000, 0x00007f4d7f9088d8, 0x00007f4daefe0000)
  to   space 816896K,   0% used [0x00007f4d4b460000, 0x00007f4d4b460000, 0x00007f4d7d220000)
 tenured generation   total 16338568K, used 16072012K [0x00007f5111b50000, 0x00007f54f6ef2000, 0x00007f5bbc600000)
   the space 16338568K,  98% used [0x00007f5111b50000, 0x00007f54e6aa31a0, 0x00007f54e6aa3200, 0x00007f54f6ef2000)
 Metaspace       used 24757K, capacity 25149K, committed 25344K, reserved 26624K
}
Event: 42593.249 GC heap before
{Heap before GC invocations=41097 (full 30):
 def new generation   total 7352448K, used 5606644K [0x00007f4bbc600000, 0x00007f4daefe0000, 0x00007f5111b50000)
  eden space 6535552K,  85% used [0x00007f4bbc600000, 0x00007f4d10254900, 0x00007f4d4b460000)
  from space 816896K,   4% used [0x00007f4d7d220000, 0x00007f4d7f9088d8, 0x00007f4daefe0000)
  to   space 816896K,   0% used [0x00007f4d4b460000, 0x00007f4d4b460000, 0x00007f4d7d220000)
 tenured generation   total 16338568K, used 16072012K [0x00007f5111b50000, 0x00007f54f6ef2000, 0x00007f5bbc600000)
   the space 16338568K,  98% used [0x00007f5111b50000, 0x00007f54e6aa31a0, 0x00007f54e6aa3200, 0x00007f54f6ef2000)
 Metaspace       used 24757K, capacity 25149K, committed 25344K, reserved 26624K
}

