# JRE version: OpenJDK Runtime Environment (13.0.7+5) (build 13.0.7+5-Ubuntu-0ubuntu120.04)
# Java VM: OpenJDK 64-Bit Server VM (13.0.7+5-Ubuntu-0ubuntu120.04, mixed mode, tiered, serial gc, linux-amd64)
Heap:
 def new generation   total 5888640K, used 6719K [0x00007f5b10600000, 0x00007f5c9fb90000, 0x00007f6065b50000)
  eden space 5234368K,   0% used [0x00007f5b10600000, 0x00007f5b10c8fd68, 0x00007f5c4fdb0000)
  from space 654272K,   0% used [0x00007f5c4fdb0000, 0x00007f5c4fdb0000, 0x00007f5c77ca0000)
  to   space 654272K,   0% used [0x00007f5c77ca0000, 0x00007f5c77ca0000, 0x00007f5c9fb90000)
 tenured generation   total 13440808K, used 13440808K [0x00007f6065b50000, 0x00007f639a11a000, 0x00007f6b10600000)
   the space 13440808K, 100% used [0x00007f6065b50000, 0x00007f639a11a000, 0x00007f639a11a000, 0x00007f639a11a000)
 Metaspace       used 30325K, capacity 30767K, committed 30976K, reserved 32768K
GC Heap History (20 events):
Event: 520.199 GC heap after
{Heap after GC invocations=38 (full 8):
 def new generation   total 5888640K, used 443027K [0x00007f5b10600000, 0x00007f5c9fb90000, 0x00007f6065b50000)
  eden space 5234368K,   0% used [0x00007f5b10600000, 0x00007f5b10600000, 0x00007f5c4fdb0000)
  from space 654272K,  67% used [0x00007f5c77ca0000, 0x00007f5c92d44d50, 0x00007f5c9fb90000)
  to   space 654272K,   0% used [0x00007f5c4fdb0000, 0x00007f5c4fdb0000, 0x00007f5c77ca0000)
 tenured generation   total 13085800K, used 9588662K [0x00007f6065b50000, 0x00007f638466a000, 0x00007f6b10600000)
   the space 13085800K,  73% used [0x00007f6065b50000, 0x00007f62aef3d908, 0x00007f62aef3da00, 0x00007f638466a000)
 Metaspace       used 30325K, capacity 30767K, committed 30976K, reserved 32768K
}
Event: 521.625 GC heap before
{Heap before GC invocations=38 (full 8):
 def new generation   total 5888640K, used 5677395K [0x00007f5b10600000, 0x00007f5c9fb90000, 0x00007f6065b50000)
  eden space 5234368K, 100% used [0x00007f5b10600000, 0x00007f5c4fdb0000, 0x00007f5c4fdb0000)
  from space 654272K,  67% used [0x00007f5c77ca0000, 0x00007f5c92d44d50, 0x00007f5c9fb90000)
  to   space 654272K,   0% used [0x00007f5c4fdb0000, 0x00007f5c4fdb0000, 0x00007f5c77ca0000)
 tenured generation   total 13085800K, used 9588662K [0x00007f6065b50000, 0x00007f638466a000, 0x00007f6b10600000)
   the space 13085800K,  73% used [0x00007f6065b50000, 0x00007f62aef3d908, 0x00007f62aef3da00, 0x00007f638466a000)
 Metaspace       used 30325K, capacity 30767K, committed 30976K, reserved 32768K
}
Event: 522.814 GC heap after
{Heap after GC invocations=39 (full 8):
 def new generation   total 5888640K, used 429314K [0x00007f5b10600000, 0x00007f5c9fb90000, 0x00007f6065b50000)
  eden space 5234368K,   0% used [0x00007f5b10600000, 0x00007f5b10600000, 0x00007f5c4fdb0000)
  from space 654272K,  65% used [0x00007f5c4fdb0000, 0x00007f5c6a0f0bb0, 0x00007f5c77ca0000)
  to   space 654272K,   0% used [0x00007f5c77ca0000, 0x00007f5c77ca0000, 0x00007f5c9fb90000)
 tenured generation   total 13085800K, used 10031688K [0x00007f6065b50000, 0x00007f638466a000, 0x00007f6b10600000)
   the space 13085800K,  76% used [0x00007f6065b50000, 0x00007f62c9fe2278, 0x00007f62c9fe2400, 0x00007f638466a000)
 Metaspace       used 30325K, capacity 30767K, committed 30976K, reserved 32768K
}
Event: 524.314 GC heap before
{Heap before GC invocations=39 (full 8):
 def new generation   total 5888640K, used 5663682K [0x00007f5b10600000, 0x00007f5c9fb90000, 0x00007f6065b50000)
  eden space 5234368K, 100% used [0x00007f5b10600000, 0x00007f5c4fdb0000, 0x00007f5c4fdb0000)
  from space 654272K,  65% used [0x00007f5c4fdb0000, 0x00007f5c6a0f0bb0, 0x00007f5c77ca0000)
  to   space 654272K,   0% used [0x00007f5c77ca0000, 0x00007f5c77ca0000, 0x00007f5c9fb90000)
 tenured generation   total 13085800K, used 10031688K [0x00007f6065b50000, 0x00007f638466a000, 0x00007f6b10600000)
   the space 13085800K,  76% used [0x00007f6065b50000, 0x00007f62c9fe2278, 0x00007f62c9fe2400, 0x00007f638466a000)
 Metaspace       used 30325K, capacity 30767K, committed 30976K, reserved 32768K
}
Event: 526.784 GC heap after
{Heap after GC invocations=40 (full 8):
 def new generation   total 5888640K, used 413752K [0x00007f5b10600000, 0x00007f5c9fb90000, 0x00007f6065b50000)
  eden space 5234368K,   0% used [0x00007f5b10600000, 0x00007f5b10600000, 0x00007f5c4fdb0000)
  from space 654272K,  63% used [0x00007f5c77ca0000, 0x00007f5c910ae0c0, 0x00007f5c9fb90000)
  to   space 654272K,   0% used [0x00007f5c4fdb0000, 0x00007f5c4fdb0000, 0x00007f5c77ca0000)
 tenured generation   total 13085800K, used 10461002K [0x00007f6065b50000, 0x00007f638466a000, 0x00007f6b10600000)
   the space 13085800K,  79% used [0x00007f6065b50000, 0x00007f62e4322bb8, 0x00007f62e4322c00, 0x00007f638466a000)
 Metaspace       used 30325K, capacity 30767K, committed 30976K, reserved 32768K
}
Event: 528.320 GC heap before
{Heap before GC invocations=40 (full 8):
 def new generation   total 5888640K, used 5648120K [0x00007f5b10600000, 0x00007f5c9fb90000, 0x00007f6065b50000)
  eden space 5234368K, 100% used [0x00007f5b10600000, 0x00007f5c4fdb0000, 0x00007f5c4fdb0000)
  from space 654272K,  63% used [0x00007f5c77ca0000, 0x00007f5c910ae0c0, 0x00007f5c9fb90000)
  to   space 654272K,   0% used [0x00007f5c4fdb0000, 0x00007f5c4fdb0000, 0x00007f5c77ca0000)
 tenured generation   total 13085800K, used 10461002K [0x00007f6065b50000, 0x00007f638466a000, 0x00007f6b10600000)
   the space 13085800K,  79% used [0x00007f6065b50000, 0x00007f62e4322bb8, 0x00007f62e4322c00, 0x00007f638466a000)
 Metaspace       used 30325K, capacity 30767K, committed 30976K, reserved 32768K
}
Event: 529.714 GC heap after
{Heap after GC invocations=41 (full 8):
 def new generation   total 5888640K, used 414662K [0x00007f5b10600000, 0x00007f5c9fb90000, 0x00007f6065b50000)
  eden space 5234368K,   0% used [0x00007f5b10600000, 0x00007f5b10600000, 0x00007f5c4fdb0000)
  from space 654272K,  63% used [0x00007f5c4fdb0000, 0x00007f5c692a1850, 0x00007f5c77ca0000)
  to   space 654272K,   0% used [0x00007f5c77ca0000, 0x00007f5c77ca0000, 0x00007f5c9fb90000)
 tenured generation   total 13085800K, used 10874754K [0x00007f6065b50000, 0x00007f638466a000, 0x00007f6b10600000)
   the space 13085800K,  83% used [0x00007f6065b50000, 0x00007f62fd730958, 0x00007f62fd730a00, 0x00007f638466a000)
 Metaspace       used 30325K, capacity 30767K, committed 30976K, reserved 32768K
}
Event: 531.195 GC heap before
{Heap before GC invocations=41 (full 8):
 def new generation   total 5888640K, used 5649030K [0x00007f5b10600000, 0x00007f5c9fb90000, 0x00007f6065b50000)
  eden space 5234368K, 100% used [0x00007f5b10600000, 0x00007f5c4fdb0000, 0x00007f5c4fdb0000)
  from space 654272K,  63% used [0x00007f5c4fdb0000, 0x00007f5c692a1850, 0x00007f5c77ca0000)
  to   space 654272K,   0% used [0x00007f5c77ca0000, 0x00007f5c77ca0000, 0x00007f5c9fb90000)
 tenured generation   total 13085800K, used 10874754K [0x00007f6065b50000, 0x00007f638466a000, 0x00007f6b10600000)
   the space 13085800K,  83% used [0x00007f6065b50000, 0x00007f62fd730958, 0x00007f62fd730a00, 0x00007f638466a000)
 Metaspace       used 30325K, capacity 30767K, committed 30976K, reserved 32768K
}
Event: 532.295 GC heap after
{Heap after GC invocations=42 (full 8):
 def new generation   total 5888640K, used 422111K [0x00007f5b10600000, 0x00007f5c9fb90000, 0x00007f6065b50000)
  eden space 5234368K,   0% used [0x00007f5b10600000, 0x00007f5b10600000, 0x00007f5c4fdb0000)
  from space 654272K,  64% used [0x00007f5c77ca0000, 0x00007f5c918d7fb0, 0x00007f5c9fb90000)
  to   space 654272K,   0% used [0x00007f5c4fdb0000, 0x00007f5c4fdb0000, 0x00007f5c77ca0000)
 tenured generation   total 13085800K, used 11289415K [0x00007f6065b50000, 0x00007f638466a000, 0x00007f6b10600000)
   the space 13085800K,  86% used [0x00007f6065b50000, 0x00007f6316c21ef8, 0x00007f6316c22000, 0x00007f638466a000)
 Metaspace       used 30325K, capacity 30767K, committed 30976K, reserved 32768K
}
Event: 533.760 GC heap before
{Heap before GC invocations=42 (full 8):
 def new generation   total 5888640K, used 5656479K [0x00007f5b10600000, 0x00007f5c9fb90000, 0x00007f6065b50000)
  eden space 5234368K, 100% used [0x00007f5b10600000, 0x00007f5c4fdb0000, 0x00007f5c4fdb0000)
  from space 654272K,  64% used [0x00007f5c77ca0000, 0x00007f5c918d7fb0, 0x00007f5c9fb90000)
  to   space 654272K,   0% used [0x00007f5c4fdb0000, 0x00007f5c4fdb0000, 0x00007f5c77ca0000)
 tenured generation   total 13085800K, used 11289415K [0x00007f6065b50000, 0x00007f638466a000, 0x00007f6b10600000)
   the space 13085800K,  86% used [0x00007f6065b50000, 0x00007f6316c21ef8, 0x00007f6316c22000, 0x00007f638466a000)
 Metaspace       used 30325K, capacity 30767K, committed 30976K, reserved 32768K
}
Event: 534.825 GC heap after
{Heap after GC invocations=43 (full 8):
 def new generation   total 5888640K, used 415849K [0x00007f5b10600000, 0x00007f5c9fb90000, 0x00007f6065b50000)
  eden space 5234368K,   0% used [0x00007f5b10600000, 0x00007f5b10600000, 0x00007f5c4fdb0000)
  from space 654272K,  63% used [0x00007f5c4fdb0000, 0x00007f5c693ca520, 0x00007f5c77ca0000)
  to   space 654272K,   0% used [0x00007f5c77ca0000, 0x00007f5c77ca0000, 0x00007f5c9fb90000)
 tenured generation   total 13085800K, used 11711526K [0x00007f6065b50000, 0x00007f638466a000, 0x00007f6b10600000)
   the space 13085800K,  89% used [0x00007f6065b50000, 0x00007f6330859bc8, 0x00007f6330859c00, 0x00007f638466a000)
 Metaspace       used 30325K, capacity 30767K, committed 30976K, reserved 32768K
}
Event: 536.253 GC heap before
{Heap before GC invocations=43 (full 8):
 def new generation   total 5888640K, used 5650217K [0x00007f5b10600000, 0x00007f5c9fb90000, 0x00007f6065b50000)
  eden space 5234368K, 100% used [0x00007f5b10600000, 0x00007f5c4fdb0000, 0x00007f5c4fdb0000)
  from space 654272K,  63% used [0x00007f5c4fdb0000, 0x00007f5c693ca520, 0x00007f5c77ca0000)
  to   space 654272K,   0% used [0x00007f5c77ca0000, 0x00007f5c77ca0000, 0x00007f5c9fb90000)
 tenured generation   total 13085800K, used 11711526K [0x00007f6065b50000, 0x00007f638466a000, 0x00007f6b10600000)
   the space 13085800K,  89% used [0x00007f6065b50000, 0x00007f6330859bc8, 0x00007f6330859c00, 0x00007f638466a000)
 Metaspace       used 30325K, capacity 30767K, committed 30976K, reserved 32768K
}
Event: 537.471 GC heap after
{Heap after GC invocations=44 (full 8):
 def new generation   total 5888640K, used 519938K [0x00007f5b10600000, 0x00007f5c9fb90000, 0x00007f6065b50000)
  eden space 5234368K,   0% used [0x00007f5b10600000, 0x00007f5b10600000, 0x00007f5c4fdb0000)
  from space 654272K,  79% used [0x00007f5c77ca0000, 0x00007f5c97860ba0, 0x00007f5c9fb90000)
  to   space 654272K,   0% used [0x00007f5c4fdb0000, 0x00007f5c4fdb0000, 0x00007f5c77ca0000)
 tenured generation   total 13085800K, used 12127375K [0x00007f6065b50000, 0x00007f638466a000, 0x00007f6b10600000)
   the space 13085800K,  92% used [0x00007f6065b50000, 0x00007f6349e73dc8, 0x00007f6349e73e00, 0x00007f638466a000)
 Metaspace       used 30325K, capacity 30767K, committed 30976K, reserved 32768K
}
Event: 538.852 GC heap before
{Heap before GC invocations=44 (full 8):
 def new generation   total 5888640K, used 5754306K [0x00007f5b10600000, 0x00007f5c9fb90000, 0x00007f6065b50000)
  eden space 5234368K, 100% used [0x00007f5b10600000, 0x00007f5c4fdb0000, 0x00007f5c4fdb0000)
  from space 654272K,  79% used [0x00007f5c77ca0000, 0x00007f5c97860ba0, 0x00007f5c9fb90000)
  to   space 654272K,   0% used [0x00007f5c4fdb0000, 0x00007f5c4fdb0000, 0x00007f5c77ca0000)
 tenured generation   total 13085800K, used 12127375K [0x00007f6065b50000, 0x00007f638466a000, 0x00007f6b10600000)
   the space 13085800K,  92% used [0x00007f6065b50000, 0x00007f6349e73dc8, 0x00007f6349e73e00, 0x00007f638466a000)
 Metaspace       used 30325K, capacity 30767K, committed 30976K, reserved 32768K
}
Event: 539.983 GC heap after
{Heap after GC invocations=45 (full 8):
 def new generation   total 5888640K, used 396729K [0x00007f5b10600000, 0x00007f5c9fb90000, 0x00007f6065b50000)
  eden space 5234368K,   0% used [0x00007f5b10600000, 0x00007f5b10600000, 0x00007f5c4fdb0000)
  from space 654272K,  60% used [0x00007f5c4fdb0000, 0x00007f5c6811e740, 0x00007f5c77ca0000)
  to   space 654272K,   0% used [0x00007f5c77ca0000, 0x00007f5c77ca0000, 0x00007f5c9fb90000)
 tenured generation   total 13085800K, used 12647313K [0x00007f6065b50000, 0x00007f638466a000, 0x00007f6b10600000)
   the space 13085800K,  96% used [0x00007f6065b50000, 0x00007f6369a34698, 0x00007f6369a34800, 0x00007f638466a000)
 Metaspace       used 30325K, capacity 30767K, committed 30976K, reserved 32768K
}
Event: 541.270 GC heap before
{Heap before GC invocations=45 (full 8):
 def new generation   total 5888640K, used 5631097K [0x00007f5b10600000, 0x00007f5c9fb90000, 0x00007f6065b50000)
  eden space 5234368K, 100% used [0x00007f5b10600000, 0x00007f5c4fdb0000, 0x00007f5c4fdb0000)
  from space 654272K,  60% used [0x00007f5c4fdb0000, 0x00007f5c6811e740, 0x00007f5c77ca0000)
  to   space 654272K,   0% used [0x00007f5c77ca0000, 0x00007f5c77ca0000, 0x00007f5c9fb90000)
 tenured generation   total 13085800K, used 12647313K [0x00007f6065b50000, 0x00007f638466a000, 0x00007f6b10600000)
   the space 13085800K,  96% used [0x00007f6065b50000, 0x00007f6369a34698, 0x00007f6369a34800, 0x00007f638466a000)
 Metaspace       used 30325K, capacity 30767K, committed 30976K, reserved 32768K
}
Event: 542.292 GC heap after
{Heap after GC invocations=46 (full 8):
 def new generation   total 5888640K, used 396744K [0x00007f5b10600000, 0x00007f5c9fb90000, 0x00007f6065b50000)
  eden space 5234368K,   0% used [0x00007f5b10600000, 0x00007f5b10600000, 0x00007f5c4fdb0000)
  from space 654272K,  60% used [0x00007f5c77ca0000, 0x00007f5c90012128, 0x00007f5c9fb90000)
  to   space 654272K,   0% used [0x00007f5c4fdb0000, 0x00007f5c4fdb0000, 0x00007f5c77ca0000)
 tenured generation   total 13085800K, used 13044043K [0x00007f6065b50000, 0x00007f638466a000, 0x00007f6b10600000)
   the space 13085800K,  99% used [0x00007f6065b50000, 0x00007f6381da2c38, 0x00007f6381da2e00, 0x00007f638466a000)
 Metaspace       used 30325K, capacity 30767K, committed 30976K, reserved 32768K
}
Event: 543.662 GC heap before
{Heap before GC invocations=46 (full 8):
 def new generation   total 5888640K, used 5631112K [0x00007f5b10600000, 0x00007f5c9fb90000, 0x00007f6065b50000)
  eden space 5234368K, 100% used [0x00007f5b10600000, 0x00007f5c4fdb0000, 0x00007f5c4fdb0000)
  from space 654272K,  60% used [0x00007f5c77ca0000, 0x00007f5c90012128, 0x00007f5c9fb90000)
  to   space 654272K,   0% used [0x00007f5c4fdb0000, 0x00007f5c4fdb0000, 0x00007f5c77ca0000)
 tenured generation   total 13085800K, used 13044043K [0x00007f6065b50000, 0x00007f638466a000, 0x00007f6b10600000)
   the space 13085800K,  99% used [0x00007f6065b50000, 0x00007f6381da2c38, 0x00007f6381da2e00, 0x00007f638466a000)
 Metaspace       used 30325K, capacity 30767K, committed 30976K, reserved 32768K
}
Event: 544.670 GC heap after
{Heap after GC invocations=47 (full 8):
 def new generation   total 5888640K, used 400723K [0x00007f5b10600000, 0x00007f5c9fb90000, 0x00007f6065b50000)
  eden space 5234368K,   0% used [0x00007f5b10600000, 0x00007f5b10600000, 0x00007f5c4fdb0000)
  from space 654272K,  61% used [0x00007f5c4fdb0000, 0x00007f5c68504ea8, 0x00007f5c77ca0000)
  to   space 654272K,   0% used [0x00007f5c77ca0000, 0x00007f5c77ca0000, 0x00007f5c9fb90000)
 tenured generation   total 13440808K, used 13440787K [0x00007f6065b50000, 0x00007f639a11a000, 0x00007f6b10600000)
   the space 13440808K,  99% used [0x00007f6065b50000, 0x00007f639a114d20, 0x00007f639a114e00, 0x00007f639a11a000)
 Metaspace       used 30325K, capacity 30767K, committed 30976K, reserved 32768K
}
Event: 544.670 GC heap before
{Heap before GC invocations=47 (full 8):
 def new generation   total 5888640K, used 400723K [0x00007f5b10600000, 0x00007f5c9fb90000, 0x00007f6065b50000)
  eden space 5234368K,   0% used [0x00007f5b10600000, 0x00007f5b10600000, 0x00007f5c4fdb0000)
  from space 654272K,  61% used [0x00007f5c4fdb0000, 0x00007f5c68504ea8, 0x00007f5c77ca0000)
  to   space 654272K,   0% used [0x00007f5c77ca0000, 0x00007f5c77ca0000, 0x00007f5c9fb90000)
 tenured generation   total 13440808K, used 13440787K [0x00007f6065b50000, 0x00007f639a11a000, 0x00007f6b10600000)
   the space 13440808K,  99% used [0x00007f6065b50000, 0x00007f639a114d20, 0x00007f639a114e00, 0x00007f639a11a000)
 Metaspace       used 30325K, capacity 30767K, committed 30976K, reserved 32768K
}

