# JRE version: OpenJDK Runtime Environment (13.0.7+5) (build 13.0.7+5-Ubuntu-0ubuntu120.04)
# Java VM: OpenJDK 64-Bit Server VM (13.0.7+5-Ubuntu-0ubuntu120.04, mixed mode, tiered, serial gc, linux-amd64)
Heap:
 def new generation   total 1572992K, used 1076112K [0x00007fd7f0600000, 0x00007fd85b0c0000, 0x00007fdd45b50000)
  eden space 1398272K,  76% used [0x00007fd7f0600000, 0x00007fd8320e40b0, 0x00007fd845b80000)
  from space 174720K,   0% used [0x00007fd845b80000, 0x00007fd845b80000, 0x00007fd850620000)
  to   space 174720K,   0% used [0x00007fd850620000, 0x00007fd850620140, 0x00007fd85b0c0000)
 tenured generation   total 3495300K, used 3157487K [0x00007fdd45b50000, 0x00007fde1b0b1000, 0x00007fe7f0600000)
   the space 3495300K,  90% used [0x00007fdd45b50000, 0x00007fde066cbd18, 0x00007fde066cbe00, 0x00007fde1b0b1000)
 Metaspace       used 30183K, capacity 30570K, committed 30720K, reserved 30720K
GC Heap History (20 events):
Event: 238.620 GC heap after
{Heap after GC invocations=184 (full 82):
 def new generation   total 1572992K, used 1K [0x00007fd7f0600000, 0x00007fd85b0c0000, 0x00007fdd45b50000)
  eden space 1398272K,   0% used [0x00007fd7f0600000, 0x00007fd7f0600000, 0x00007fd845b80000)
  from space 174720K,   0% used [0x00007fd845b80000, 0x00007fd845b80418, 0x00007fd850620000)
  to   space 174720K,   0% used [0x00007fd850620000, 0x00007fd850620000, 0x00007fd85b0c0000)
 tenured generation   total 3495300K, used 2111145K [0x00007fdd45b50000, 0x00007fde1b0b1000, 0x00007fe7f0600000)
   the space 3495300K,  60% used [0x00007fdd45b50000, 0x00007fddc68fa7b0, 0x00007fddc68fa800, 0x00007fde1b0b1000)
 Metaspace       used 30120K, capacity 30570K, committed 30720K, reserved 30720K
}
Event: 239.296 GC heap before
{Heap before GC invocations=184 (full 82):
 def new generation   total 1572992K, used 1076090K [0x00007fd7f0600000, 0x00007fd85b0c0000, 0x00007fdd45b50000)
  eden space 1398272K,  76% used [0x00007fd7f0600000, 0x00007fd8320de540, 0x00007fd845b80000)
  from space 174720K,   0% used [0x00007fd845b80000, 0x00007fd845b80418, 0x00007fd850620000)
  to   space 174720K,   0% used [0x00007fd850620000, 0x00007fd850620000, 0x00007fd85b0c0000)
 tenured generation   total 3495300K, used 2111145K [0x00007fdd45b50000, 0x00007fde1b0b1000, 0x00007fe7f0600000)
   the space 3495300K,  60% used [0x00007fdd45b50000, 0x00007fddc68fa7b0, 0x00007fddc68fa800, 0x00007fde1b0b1000)
 Metaspace       used 30120K, capacity 30570K, committed 30720K, reserved 30720K
}
Event: 239.339 GC heap after
{Heap after GC invocations=185 (full 82):
 def new generation   total 1572992K, used 2246K [0x00007fd7f0600000, 0x00007fd85b0c0000, 0x00007fdd45b50000)
  eden space 1398272K,   0% used [0x00007fd7f0600000, 0x00007fd7f0600000, 0x00007fd845b80000)
  from space 174720K,   1% used [0x00007fd850620000, 0x00007fd8508518f0, 0x00007fd85b0c0000)
  to   space 174720K,   0% used [0x00007fd845b80000, 0x00007fd845b80000, 0x00007fd850620000)
 tenured generation   total 3495300K, used 2635433K [0x00007fdd45b50000, 0x00007fde1b0b1000, 0x00007fe7f0600000)
   the space 3495300K,  75% used [0x00007fdd45b50000, 0x00007fdde68fa7c8, 0x00007fdde68fa800, 0x00007fde1b0b1000)
 Metaspace       used 30120K, capacity 30570K, committed 30720K, reserved 30720K
}
Event: 239.407 GC heap before
{Heap before GC invocations=185 (full 82):
 def new generation   total 1572992K, used 553955K [0x00007fd7f0600000, 0x00007fd85b0c0000, 0x00007fdd45b50000)
  eden space 1398272K,  39% used [0x00007fd7f0600000, 0x00007fd8120c7570, 0x00007fd845b80000)
  from space 174720K,   1% used [0x00007fd850620000, 0x00007fd8508518f0, 0x00007fd85b0c0000)
  to   space 174720K,   0% used [0x00007fd845b80000, 0x00007fd845b80000, 0x00007fd850620000)
 tenured generation   total 3495300K, used 2635433K [0x00007fdd45b50000, 0x00007fde1b0b1000, 0x00007fe7f0600000)
   the space 3495300K,  75% used [0x00007fdd45b50000, 0x00007fdde68fa7c8, 0x00007fdde68fa800, 0x00007fde1b0b1000)
 Metaspace       used 30120K, capacity 30570K, committed 30720K, reserved 30720K
}
Event: 239.458 GC heap after
{Heap after GC invocations=186 (full 82):
 def new generation   total 1572992K, used 2246K [0x00007fd7f0600000, 0x00007fd85b0c0000, 0x00007fdd45b50000)
  eden space 1398272K,   0% used [0x00007fd7f0600000, 0x00007fd7f0600000, 0x00007fd845b80000)
  from space 174720K,   1% used [0x00007fd845b80000, 0x00007fd845db1b68, 0x00007fd850620000)
  to   space 174720K,   0% used [0x00007fd850620000, 0x00007fd850620000, 0x00007fd85b0c0000)
 tenured generation   total 3495300K, used 3159721K [0x00007fdd45b50000, 0x00007fde1b0b1000, 0x00007fe7f0600000)
   the space 3495300K,  90% used [0x00007fdd45b50000, 0x00007fde068fa7e0, 0x00007fde068fa800, 0x00007fde1b0b1000)
 Metaspace       used 30120K, capacity 30570K, committed 30720K, reserved 30720K
}
Event: 239.458 GC heap before
{Heap before GC invocations=186 (full 82):
 def new generation   total 1572992K, used 2246K [0x00007fd7f0600000, 0x00007fd85b0c0000, 0x00007fdd45b50000)
  eden space 1398272K,   0% used [0x00007fd7f0600000, 0x00007fd7f0600000, 0x00007fd845b80000)
  from space 174720K,   1% used [0x00007fd845b80000, 0x00007fd845db1b68, 0x00007fd850620000)
  to   space 174720K,   0% used [0x00007fd850620000, 0x00007fd850620000, 0x00007fd85b0c0000)
 tenured generation   total 3495300K, used 3159721K [0x00007fdd45b50000, 0x00007fde1b0b1000, 0x00007fe7f0600000)
   the space 3495300K,  90% used [0x00007fdd45b50000, 0x00007fde068fa7e0, 0x00007fde068fa800, 0x00007fde1b0b1000)
 Metaspace       used 30120K, capacity 30570K, committed 30720K, reserved 30720K
}
Event: 239.579 GC heap after
{Heap after GC invocations=186 (full 83):
 def new generation   total 1572992K, used 0K [0x00007fd7f0600000, 0x00007fd85b0c0000, 0x00007fdd45b50000)
  eden space 1398272K,   0% used [0x00007fd7f0600000, 0x00007fd7f0600000, 0x00007fd845b80000)
  from space 174720K,   0% used [0x00007fd845b80000, 0x00007fd845b80000, 0x00007fd850620000)
  to   space 174720K,   0% used [0x00007fd850620000, 0x00007fd850620000, 0x00007fd85b0c0000)
 tenured generation   total 3495300K, used 1062624K [0x00007fdd45b50000, 0x00007fde1b0b1000, 0x00007fe7f0600000)
   the space 3495300K,  30% used [0x00007fdd45b50000, 0x00007fdd86908168, 0x00007fdd86908200, 0x00007fde1b0b1000)
 Metaspace       used 30120K, capacity 30570K, committed 30720K, reserved 30720K
}
Event: 241.334 GC heap before
{Heap before GC invocations=186 (full 83):
 def new generation   total 1572992K, used 1075997K [0x00007fd7f0600000, 0x00007fd85b0c0000, 0x00007fdd45b50000)
  eden space 1398272K,  76% used [0x00007fd7f0600000, 0x00007fd8320c7548, 0x00007fd845b80000)
  from space 174720K,   0% used [0x00007fd845b80000, 0x00007fd845b80000, 0x00007fd850620000)
  to   space 174720K,   0% used [0x00007fd850620000, 0x00007fd850620000, 0x00007fd85b0c0000)
 tenured generation   total 3495300K, used 3159776K [0x00007fdd45b50000, 0x00007fde1b0b1000, 0x00007fe7f0600000)
   the space 3495300K,  90% used [0x00007fdd45b50000, 0x00007fde06908180, 0x00007fde06908200, 0x00007fde1b0b1000)
 Metaspace       used 30120K, capacity 30570K, committed 30720K, reserved 30720K
}
Event: 241.725 GC heap after
{Heap after GC invocations=187 (full 83):
 def new generation   total 1572992K, used 0K [0x00007fd7f0600000, 0x00007fd85b0c0000, 0x00007fdd45b50000)
  eden space 1398272K,   0% used [0x00007fd7f0600000, 0x00007fd7f0600000, 0x00007fd845b80000)
  from space 174720K,   0% used [0x00007fd850620000, 0x00007fd8506202e8, 0x00007fd85b0c0000)
  to   space 174720K,   0% used [0x00007fd845b80000, 0x00007fd845b80000, 0x00007fd850620000)
 tenured generation   total 4543880K, used 4208352K [0x00007fdd45b50000, 0x00007fde5b0b2000, 0x00007fe7f0600000)
   the space 4543880K,  92% used [0x00007fdd45b50000, 0x00007fde46908198, 0x00007fde46908200, 0x00007fde5b0b2000)
 Metaspace       used 30120K, capacity 30570K, committed 30720K, reserved 30720K
}
Event: 241.725 GC heap before
{Heap before GC invocations=187 (full 83):
 def new generation   total 1572992K, used 0K [0x00007fd7f0600000, 0x00007fd85b0c0000, 0x00007fdd45b50000)
  eden space 1398272K,   0% used [0x00007fd7f0600000, 0x00007fd7f0600000, 0x00007fd845b80000)
  from space 174720K,   0% used [0x00007fd850620000, 0x00007fd8506202e8, 0x00007fd85b0c0000)
  to   space 174720K,   0% used [0x00007fd845b80000, 0x00007fd845b80000, 0x00007fd850620000)
 tenured generation   total 4543880K, used 4208352K [0x00007fdd45b50000, 0x00007fde5b0b2000, 0x00007fe7f0600000)
   the space 4543880K,  92% used [0x00007fdd45b50000, 0x00007fde46908198, 0x00007fde46908200, 0x00007fde5b0b2000)
 Metaspace       used 30120K, capacity 30570K, committed 30720K, reserved 30720K
}
Event: 241.888 GC heap after
{Heap after GC invocations=187 (full 84):
 def new generation   total 1572992K, used 0K [0x00007fd7f0600000, 0x00007fd85b0c0000, 0x00007fdd45b50000)
  eden space 1398272K,   0% used [0x00007fd7f0600000, 0x00007fd7f0600000, 0x00007fd845b80000)
  from space 174720K,   0% used [0x00007fd850620000, 0x00007fd850620000, 0x00007fd85b0c0000)
  to   space 174720K,   0% used [0x00007fd845b80000, 0x00007fd845b80000, 0x00007fd850620000)
 tenured generation   total 3495300K, used 1062572K [0x00007fdd45b50000, 0x00007fde1b0b1000, 0x00007fe7f0600000)
   the space 3495300K,  30% used [0x00007fdd45b50000, 0x00007fdd868fb070, 0x00007fdd868fb200, 0x00007fde1b0b1000)
 Metaspace       used 30120K, capacity 30570K, committed 30720K, reserved 30720K
}
Event: 242.255 GC heap before
{Heap before GC invocations=187 (full 84):
 def new generation   total 1572992K, used 1076187K [0x00007fd7f0600000, 0x00007fd85b0c0000, 0x00007fdd45b50000)
  eden space 1398272K,  76% used [0x00007fd7f0600000, 0x00007fd8320f6f38, 0x00007fd845b80000)
  from space 174720K,   0% used [0x00007fd850620000, 0x00007fd850620000, 0x00007fd85b0c0000)
  to   space 174720K,   0% used [0x00007fd845b80000, 0x00007fd845b80000, 0x00007fd850620000)
 tenured generation   total 3495300K, used 1062572K [0x00007fdd45b50000, 0x00007fde1b0b1000, 0x00007fe7f0600000)
   the space 3495300K,  30% used [0x00007fdd45b50000, 0x00007fdd868fb070, 0x00007fdd868fb200, 0x00007fde1b0b1000)
 Metaspace       used 30120K, capacity 30570K, committed 30720K, reserved 30720K
}
Event: 242.364 GC heap after
{Heap after GC invocations=188 (full 84):
 def new generation   total 1572992K, used 1K [0x00007fd7f0600000, 0x00007fd85b0c0000, 0x00007fdd45b50000)
  eden space 1398272K,   0% used [0x00007fd7f0600000, 0x00007fd7f0600000, 0x00007fd845b80000)
  from space 174720K,   0% used [0x00007fd845b80000, 0x00007fd845b80418, 0x00007fd850620000)
  to   space 174720K,   0% used [0x00007fd850620000, 0x00007fd850620000, 0x00007fd85b0c0000)
 tenured generation   total 3495300K, used 2111148K [0x00007fdd45b50000, 0x00007fde1b0b1000, 0x00007fe7f0600000)
   the space 3495300K,  60% used [0x00007fdd45b50000, 0x00007fddc68fb0a0, 0x00007fddc68fb200, 0x00007fde1b0b1000)
 Metaspace       used 30120K, capacity 30570K, committed 30720K, reserved 30720K
}
Event: 243.349 GC heap before
{Heap before GC invocations=188 (full 84):
 def new generation   total 1572992K, used 1398273K [0x00007fd7f0600000, 0x00007fd85b0c0000, 0x00007fdd45b50000)
  eden space 1398272K, 100% used [0x00007fd7f0600000, 0x00007fd845b80000, 0x00007fd845b80000)
  from space 174720K,   0% used [0x00007fd845b80000, 0x00007fd845b80418, 0x00007fd850620000)
  to   space 174720K,   0% used [0x00007fd850620000, 0x00007fd850620000, 0x00007fd85b0c0000)
 tenured generation   total 3495300K, used 2111148K [0x00007fdd45b50000, 0x00007fde1b0b1000, 0x00007fe7f0600000)
   the space 3495300K,  60% used [0x00007fdd45b50000, 0x00007fddc68fb0a0, 0x00007fddc68fb200, 0x00007fde1b0b1000)
 Metaspace       used 30183K, capacity 30570K, committed 30720K, reserved 30720K
}
Event: 243.354 GC heap after
{Heap after GC invocations=189 (full 84):
 def new generation   total 1572992K, used 35415K [0x00007fd7f0600000, 0x00007fd85b0c0000, 0x00007fdd45b50000)
  eden space 1398272K,   0% used [0x00007fd7f0600000, 0x00007fd7f0600000, 0x00007fd845b80000)
  from space 174720K,  20% used [0x00007fd850620000, 0x00007fd8528b5c10, 0x00007fd85b0c0000)
  to   space 174720K,   0% used [0x00007fd845b80000, 0x00007fd845b80000, 0x00007fd850620000)
 tenured generation   total 3495300K, used 2111148K [0x00007fdd45b50000, 0x00007fde1b0b1000, 0x00007fe7f0600000)
   the space 3495300K,  60% used [0x00007fdd45b50000, 0x00007fddc68fb0a0, 0x00007fddc68fb200, 0x00007fde1b0b1000)
 Metaspace       used 30183K, capacity 30570K, committed 30720K, reserved 30720K
}
Event: 243.803 GC heap before
{Heap before GC invocations=189 (full 84):
 def new generation   total 1572992K, used 1277702K [0x00007fd7f0600000, 0x00007fd85b0c0000, 0x00007fdd45b50000)
  eden space 1398272K,  88% used [0x00007fd7f0600000, 0x00007fd83c32bc20, 0x00007fd845b80000)
  from space 174720K,  20% used [0x00007fd850620000, 0x00007fd8528b5c10, 0x00007fd85b0c0000)
  to   space 174720K,   0% used [0x00007fd845b80000, 0x00007fd845b80000, 0x00007fd850620000)
 tenured generation   total 3495300K, used 2111148K [0x00007fdd45b50000, 0x00007fde1b0b1000, 0x00007fe7f0600000)
   the space 3495300K,  60% used [0x00007fdd45b50000, 0x00007fddc68fb0a0, 0x00007fddc68fb200, 0x00007fde1b0b1000)
 Metaspace       used 30183K, capacity 30570K, committed 30720K, reserved 30720K
}
Event: 243.901 GC heap after
{Heap after GC invocations=190 (full 84):
 def new generation   total 1572992K, used 35621K [0x00007fd7f0600000, 0x00007fd85b0c0000, 0x00007fdd45b50000)
  eden space 1398272K,   0% used [0x00007fd7f0600000, 0x00007fd7f0600000, 0x00007fd845b80000)
  from space 174720K,  20% used [0x00007fd845b80000, 0x00007fd847e496f0, 0x00007fd850620000)
  to   space 174720K,   0% used [0x00007fd850620000, 0x00007fd850620000, 0x00007fd85b0c0000)
 tenured generation   total 3495300K, used 3159724K [0x00007fdd45b50000, 0x00007fde1b0b1000, 0x00007fe7f0600000)
   the space 3495300K,  90% used [0x00007fdd45b50000, 0x00007fde068fb0d0, 0x00007fde068fb200, 0x00007fde1b0b1000)
 Metaspace       used 30183K, capacity 30570K, committed 30720K, reserved 30720K
}
Event: 243.901 GC heap before
{Heap before GC invocations=190 (full 84):
 def new generation   total 1572992K, used 35621K [0x00007fd7f0600000, 0x00007fd85b0c0000, 0x00007fdd45b50000)
  eden space 1398272K,   0% used [0x00007fd7f0600000, 0x00007fd7f0600000, 0x00007fd845b80000)
  from space 174720K,  20% used [0x00007fd845b80000, 0x00007fd847e496f0, 0x00007fd850620000)
  to   space 174720K,   0% used [0x00007fd850620000, 0x00007fd850620000, 0x00007fd85b0c0000)
 tenured generation   total 3495300K, used 3159724K [0x00007fdd45b50000, 0x00007fde1b0b1000, 0x00007fe7f0600000)
   the space 3495300K,  90% used [0x00007fdd45b50000, 0x00007fde068fb0d0, 0x00007fde068fb200, 0x00007fde1b0b1000)
 Metaspace       used 30183K, capacity 30570K, committed 30720K, reserved 30720K
}
Event: 244.014 GC heap after
{Heap after GC invocations=190 (full 85):
 def new generation   total 1572992K, used 0K [0x00007fd7f0600000, 0x00007fd85b0c0000, 0x00007fdd45b50000)
  eden space 1398272K,   0% used [0x00007fd7f0600000, 0x00007fd7f0600000, 0x00007fd845b80000)
  from space 174720K,   0% used [0x00007fd845b80000, 0x00007fd845b80000, 0x00007fd850620000)
  to   space 174720K,   0% used [0x00007fd850620000, 0x00007fd850620000, 0x00007fd85b0c0000)
 tenured generation   total 3495300K, used 1060335K [0x00007fdd45b50000, 0x00007fde1b0b1000, 0x00007fe7f0600000)
   the space 3495300K,  30% used [0x00007fdd45b50000, 0x00007fdd866cbd00, 0x00007fdd866cbe00, 0x00007fde1b0b1000)
 Metaspace       used 30183K, capacity 30570K, committed 30720K, reserved 30720K
}
Event: 245.805 GC heap before
{Heap before GC invocations=190 (full 85):
 def new generation   total 1572992K, used 1076112K [0x00007fd7f0600000, 0x00007fd85b0c0000, 0x00007fdd45b50000)
  eden space 1398272K,  76% used [0x00007fd7f0600000, 0x00007fd8320e40b0, 0x00007fd845b80000)
  from space 174720K,   0% used [0x00007fd845b80000, 0x00007fd845b80000, 0x00007fd850620000)
  to   space 174720K,   0% used [0x00007fd850620000, 0x00007fd850620000, 0x00007fd85b0c0000)
 tenured generation   total 3495300K, used 3157487K [0x00007fdd45b50000, 0x00007fde1b0b1000, 0x00007fe7f0600000)
   the space 3495300K,  90% used [0x00007fdd45b50000, 0x00007fde066cbd18, 0x00007fde066cbe00, 0x00007fde1b0b1000)
 Metaspace       used 30183K, capacity 30570K, committed 30720K, reserved 30720K
}

