# JRE version: OpenJDK Runtime Environment (13.0.7+5) (build 13.0.7+5-Ubuntu-0ubuntu120.04)
# Java VM: OpenJDK 64-Bit Server VM (13.0.7+5-Ubuntu-0ubuntu120.04, mixed mode, tiered, serial gc, linux-amd64)
Heap:
 def new generation   total 4725632K, used 4452448K [0x00007f3058600000, 0x00007f3198da0000, 0x00007f35adb50000)
  eden space 4200576K,  96% used [0x00007f3058600000, 0x00007f315015fd68, 0x00007f3158c20000)
  from space 525056K,  75% used [0x00007f3158c20000, 0x00007f3170cd85c8, 0x00007f3178ce0000)
  to   space 525056K,   0% used [0x00007f3178ce0000, 0x00007f3178ce00a8, 0x00007f3198da0000)
 tenured generation   total 10501312K, used 9446516K [0x00007f35adb50000, 0x00007f382ea80000, 0x00007f4058600000)
   the space 10501312K,  89% used [0x00007f35adb50000, 0x00007f37ee46d290, 0x00007f37ee46d400, 0x00007f382ea80000)
 Metaspace       used 23185K, capacity 23533K, committed 23552K, reserved 24576K
GC Heap History (20 events):
Event: 4.236 GC heap after
{Heap after GC invocations=2 (full 1):
 def new generation   total 629248K, used 672K [0x00007f3058600000, 0x00007f30830c0000, 0x00007f35adb50000)
  eden space 559360K,   0% used [0x00007f3058600000, 0x00007f3058600000, 0x00007f307a840000)
  from space 69888K,   0% used [0x00007f307ec80000, 0x00007f307ed28158, 0x00007f30830c0000)
  to   space 69888K,   0% used [0x00007f307a840000, 0x00007f307a840000, 0x00007f307ec80000)
 tenured generation   total 1398144K, used 13581K [0x00007f35adb50000, 0x00007f36030b0000, 0x00007f4058600000)
   the space 1398144K,   0% used [0x00007f35adb50000, 0x00007f35ae893718, 0x00007f35ae893800, 0x00007f36030b0000)
 Metaspace       used 22946K, capacity 23319K, committed 23552K, reserved 24576K
}
Event: 4.866 GC heap before
{Heap before GC invocations=2 (full 1):
 def new generation   total 629248K, used 560032K [0x00007f3058600000, 0x00007f30830c0000, 0x00007f35adb50000)
  eden space 559360K, 100% used [0x00007f3058600000, 0x00007f307a840000, 0x00007f307a840000)
  from space 69888K,   0% used [0x00007f307ec80000, 0x00007f307ed28158, 0x00007f30830c0000)
  to   space 69888K,   0% used [0x00007f307a840000, 0x00007f307a840000, 0x00007f307ec80000)
 tenured generation   total 1398144K, used 13581K [0x00007f35adb50000, 0x00007f36030b0000, 0x00007f4058600000)
   the space 1398144K,   0% used [0x00007f35adb50000, 0x00007f35ae893718, 0x00007f35ae893800, 0x00007f36030b0000)
 Metaspace       used 22951K, capacity 23320K, committed 23552K, reserved 24576K
}
Event: 4.868 GC heap after
{Heap after GC invocations=3 (full 1):
 def new generation   total 629248K, used 996K [0x00007f3058600000, 0x00007f30830c0000, 0x00007f35adb50000)
  eden space 559360K,   0% used [0x00007f3058600000, 0x00007f3058600000, 0x00007f307a840000)
  from space 69888K,   1% used [0x00007f307a840000, 0x00007f307a939260, 0x00007f307ec80000)
  to   space 69888K,   0% used [0x00007f307ec80000, 0x00007f307ec80000, 0x00007f30830c0000)
 tenured generation   total 1398144K, used 13581K [0x00007f35adb50000, 0x00007f36030b0000, 0x00007f4058600000)
   the space 1398144K,   0% used [0x00007f35adb50000, 0x00007f35ae893718, 0x00007f35ae893800, 0x00007f36030b0000)
 Metaspace       used 22951K, capacity 23320K, committed 23552K, reserved 24576K
}
Event: 4.994 GC heap before
{Heap before GC invocations=3 (full 1):
 def new generation   total 629248K, used 29159K [0x00007f3058600000, 0x00007f30830c0000, 0x00007f35adb50000)
  eden space 559360K,   5% used [0x00007f3058600000, 0x00007f305a180b38, 0x00007f307a840000)
  from space 69888K,   1% used [0x00007f307a840000, 0x00007f307a939260, 0x00007f307ec80000)
  to   space 69888K,   0% used [0x00007f307ec80000, 0x00007f307ec80000, 0x00007f30830c0000)
 tenured generation   total 1398144K, used 13581K [0x00007f35adb50000, 0x00007f36030b0000, 0x00007f4058600000)
   the space 1398144K,   0% used [0x00007f35adb50000, 0x00007f35ae893718, 0x00007f35ae893800, 0x00007f36030b0000)
 Metaspace       used 23096K, capacity 23459K, committed 23552K, reserved 24576K
}
Event: 4.997 GC heap after
{Heap after GC invocations=4 (full 1):
 def new generation   total 629248K, used 2317K [0x00007f3058600000, 0x00007f30830c0000, 0x00007f35adb50000)
  eden space 559360K,   0% used [0x00007f3058600000, 0x00007f3058600000, 0x00007f307a840000)
  from space 69888K,   3% used [0x00007f307ec80000, 0x00007f307eec35f0, 0x00007f30830c0000)
  to   space 69888K,   0% used [0x00007f307a840000, 0x00007f307a840000, 0x00007f307ec80000)
 tenured generation   total 1398144K, used 13581K [0x00007f35adb50000, 0x00007f36030b0000, 0x00007f4058600000)
   the space 1398144K,   0% used [0x00007f35adb50000, 0x00007f35ae893718, 0x00007f35ae893800, 0x00007f36030b0000)
 Metaspace       used 23096K, capacity 23459K, committed 23552K, reserved 24576K
}
Event: 4.997 GC heap before
{Heap before GC invocations=4 (full 1):
 def new generation   total 629248K, used 2317K [0x00007f3058600000, 0x00007f30830c0000, 0x00007f35adb50000)
  eden space 559360K,   0% used [0x00007f3058600000, 0x00007f3058600000, 0x00007f307a840000)
  from space 69888K,   3% used [0x00007f307ec80000, 0x00007f307eec35f0, 0x00007f30830c0000)
  to   space 69888K,   0% used [0x00007f307a840000, 0x00007f307a840000, 0x00007f307ec80000)
 tenured generation   total 1398144K, used 13581K [0x00007f35adb50000, 0x00007f36030b0000, 0x00007f4058600000)
   the space 1398144K,   0% used [0x00007f35adb50000, 0x00007f35ae893718, 0x00007f35ae893800, 0x00007f36030b0000)
 Metaspace       used 23096K, capacity 23459K, committed 23552K, reserved 24576K
}
Event: 5.043 GC heap after
{Heap after GC invocations=4 (full 2):
 def new generation   total 629248K, used 0K [0x00007f3058600000, 0x00007f30830c0000, 0x00007f35adb50000)
  eden space 559360K,   0% used [0x00007f3058600000, 0x00007f3058600000, 0x00007f307a840000)
  from space 69888K,   0% used [0x00007f307ec80000, 0x00007f307ec80000, 0x00007f30830c0000)
  to   space 69888K,   0% used [0x00007f307a840000, 0x00007f307a840000, 0x00007f307ec80000)
 tenured generation   total 1398144K, used 15890K [0x00007f35adb50000, 0x00007f36030b0000, 0x00007f4058600000)
   the space 1398144K,   1% used [0x00007f35adb50000, 0x00007f35aead48a8, 0x00007f35aead4a00, 0x00007f36030b0000)
 Metaspace       used 23096K, capacity 23459K, committed 23552K, reserved 24576K
}
Event: 7.916 GC heap before
{Heap before GC invocations=4 (full 2):
 def new generation   total 629248K, used 16686K [0x00007f3058600000, 0x00007f30830c0000, 0x00007f35adb50000)
  eden space 559360K,   2% used [0x00007f3058600000, 0x00007f305964b8f0, 0x00007f307a840000)
  from space 69888K,   0% used [0x00007f307ec80000, 0x00007f307ec80000, 0x00007f30830c0000)
  to   space 69888K,   0% used [0x00007f307a840000, 0x00007f307a840000, 0x00007f307ec80000)
 tenured generation   total 4543876K, used 3161618K [0x00007f35adb50000, 0x00007f36c30b1000, 0x00007f4058600000)
   the space 4543876K,  69% used [0x00007f35adb50000, 0x00007f366ead48c0, 0x00007f366ead4a00, 0x00007f36c30b1000)
 Metaspace       used 23097K, capacity 23459K, committed 23552K, reserved 24576K
}
Event: 7.919 GC heap after
{Heap after GC invocations=5 (full 2):
 def new generation   total 629248K, used 1K [0x00007f3058600000, 0x00007f30830c0000, 0x00007f35adb50000)
  eden space 559360K,   0% used [0x00007f3058600000, 0x00007f3058600000, 0x00007f307a840000)
  from space 69888K,   0% used [0x00007f307a840000, 0x00007f307a840678, 0x00007f307ec80000)
  to   space 69888K,   0% used [0x00007f307ec80000, 0x00007f307ec80000, 0x00007f30830c0000)
 tenured generation   total 4543876K, used 3161618K [0x00007f35adb50000, 0x00007f36c30b1000, 0x00007f4058600000)
   the space 4543876K,  69% used [0x00007f35adb50000, 0x00007f366ead48c0, 0x00007f366ead4a00, 0x00007f36c30b1000)
 Metaspace       used 23097K, capacity 23459K, committed 23552K, reserved 24576K
}
Event: 7.919 GC heap before
{Heap before GC invocations=5 (full 2):
 def new generation   total 629248K, used 1K [0x00007f3058600000, 0x00007f30830c0000, 0x00007f35adb50000)
  eden space 559360K,   0% used [0x00007f3058600000, 0x00007f3058600000, 0x00007f307a840000)
  from space 69888K,   0% used [0x00007f307a840000, 0x00007f307a840678, 0x00007f307ec80000)
  to   space 69888K,   0% used [0x00007f307ec80000, 0x00007f307ec80000, 0x00007f30830c0000)
 tenured generation   total 4543876K, used 3161618K [0x00007f35adb50000, 0x00007f36c30b1000, 0x00007f4058600000)
   the space 4543876K,  69% used [0x00007f35adb50000, 0x00007f366ead48c0, 0x00007f366ead4a00, 0x00007f36c30b1000)
 Metaspace       used 23097K, capacity 23459K, committed 23552K, reserved 24576K
}
Event: 7.963 GC heap after
{Heap after GC invocations=5 (full 3):
 def new generation   total 2371328K, used 0K [0x00007f3058600000, 0x00007f30f9300000, 0x00007f35adb50000)
  eden space 2107904K,   0% used [0x00007f3058600000, 0x00007f3058600000, 0x00007f30d9080000)
  from space 263424K,   0% used [0x00007f30d9080000, 0x00007f30d9080000, 0x00007f30e91c0000)
  to   space 263424K,   0% used [0x00007f30e91c0000, 0x00007f30e91c0000, 0x00007f30f9300000)
 tenured generation   total 5269368K, used 3161619K [0x00007f35adb50000, 0x00007f36ef52e000, 0x00007f4058600000)
   the space 5269368K,  59% used [0x00007f35adb50000, 0x00007f366ead4dd8, 0x00007f366ead4e00, 0x00007f36ef52e000)
 Metaspace       used 23097K, capacity 23459K, committed 23552K, reserved 24576K
}
Event: 9.400 GC heap before
{Heap before GC invocations=5 (full 3):
 def new generation   total 2371328K, used 41801K [0x00007f3058600000, 0x00007f30f9300000, 0x00007f35adb50000)
  eden space 2107904K,   1% used [0x00007f3058600000, 0x00007f305aed2478, 0x00007f30d9080000)
  from space 263424K,   0% used [0x00007f30d9080000, 0x00007f30d9080000, 0x00007f30e91c0000)
  to   space 263424K,   0% used [0x00007f30e91c0000, 0x00007f30e91c0000, 0x00007f30f9300000)
 tenured generation   total 8415100K, used 6307347K [0x00007f35adb50000, 0x00007f37af52f000, 0x00007f4058600000)
   the space 8415100K,  74% used [0x00007f35adb50000, 0x00007f372ead4df0, 0x00007f372ead4e00, 0x00007f37af52f000)
 Metaspace       used 23097K, capacity 23459K, committed 23552K, reserved 24576K
}
Event: 9.404 GC heap after
{Heap after GC invocations=6 (full 3):
 def new generation   total 2371328K, used 0K [0x00007f3058600000, 0x00007f30f9300000, 0x00007f35adb50000)
  eden space 2107904K,   0% used [0x00007f3058600000, 0x00007f3058600000, 0x00007f30d9080000)
  from space 263424K,   0% used [0x00007f30e91c0000, 0x00007f30e91c0230, 0x00007f30f9300000)
  to   space 263424K,   0% used [0x00007f30d9080000, 0x00007f30d9080000, 0x00007f30e91c0000)
 tenured generation   total 8415100K, used 6307347K [0x00007f35adb50000, 0x00007f37af52f000, 0x00007f4058600000)
   the space 8415100K,  74% used [0x00007f35adb50000, 0x00007f372ead4df0, 0x00007f372ead4e00, 0x00007f37af52f000)
 Metaspace       used 23097K, capacity 23459K, committed 23552K, reserved 24576K
}
Event: 9.404 GC heap before
{Heap before GC invocations=6 (full 3):
 def new generation   total 2371328K, used 0K [0x00007f3058600000, 0x00007f30f9300000, 0x00007f35adb50000)
  eden space 2107904K,   0% used [0x00007f3058600000, 0x00007f3058600000, 0x00007f30d9080000)
  from space 263424K,   0% used [0x00007f30e91c0000, 0x00007f30e91c0230, 0x00007f30f9300000)
  to   space 263424K,   0% used [0x00007f30d9080000, 0x00007f30d9080000, 0x00007f30e91c0000)
 tenured generation   total 8415100K, used 6307347K [0x00007f35adb50000, 0x00007f37af52f000, 0x00007f4058600000)
   the space 8415100K,  74% used [0x00007f35adb50000, 0x00007f372ead4df0, 0x00007f372ead4e00, 0x00007f37af52f000)
 Metaspace       used 23097K, capacity 23459K, committed 23552K, reserved 24576K
}
Event: 12.051 GC heap after
{Heap after GC invocations=6 (full 4):
 def new generation   total 4725632K, used 0K [0x00007f3058600000, 0x00007f3198da0000, 0x00007f35adb50000)
  eden space 4200576K,   0% used [0x00007f3058600000, 0x00007f3058600000, 0x00007f3158c20000)
  from space 525056K,   0% used [0x00007f3158c20000, 0x00007f3158c20000, 0x00007f3178ce0000)
  to   space 525056K,   0% used [0x00007f3178ce0000, 0x00007f3178ce0000, 0x00007f3198da0000)
 tenured generation   total 10501312K, used 6300786K [0x00007f35adb50000, 0x00007f382ea80000, 0x00007f4058600000)
   the space 10501312K,  59% used [0x00007f35adb50000, 0x00007f372e46cbd0, 0x00007f372e46cc00, 0x00007f382ea80000)
 Metaspace       used 23097K, capacity 23459K, committed 23552K, reserved 24576K
}
Event: 15.047 GC heap before
{Heap before GC invocations=6 (full 4):
 def new generation   total 4725632K, used 3229028K [0x00007f3058600000, 0x00007f3198da0000, 0x00007f35adb50000)
  eden space 4200576K,  76% used [0x00007f3058600000, 0x00007f311d759070, 0x00007f3158c20000)
  from space 525056K,   0% used [0x00007f3158c20000, 0x00007f3158c20000, 0x00007f3178ce0000)
  to   space 525056K,   0% used [0x00007f3178ce0000, 0x00007f3178ce0000, 0x00007f3198da0000)
 tenured generation   total 10501312K, used 6300786K [0x00007f35adb50000, 0x00007f382ea80000, 0x00007f4058600000)
   the space 10501312K,  59% used [0x00007f35adb50000, 0x00007f372e46cbd0, 0x00007f372e46cc00, 0x00007f382ea80000)
 Metaspace       used 23097K, capacity 23459K, committed 23552K, reserved 24576K
}
Event: 17.066 GC heap after
{Heap after GC invocations=7 (full 4):
 def new generation   total 4725632K, used 0K [0x00007f3058600000, 0x00007f3198da0000, 0x00007f35adb50000)
  eden space 4200576K,   0% used [0x00007f3058600000, 0x00007f3058600000, 0x00007f3158c20000)
  from space 525056K,   0% used [0x00007f3178ce0000, 0x00007f3178ce0358, 0x00007f3198da0000)
  to   space 525056K,   0% used [0x00007f3158c20000, 0x00007f3158c20000, 0x00007f3178ce0000)
 tenured generation   total 10501312K, used 9446514K [0x00007f35adb50000, 0x00007f382ea80000, 0x00007f4058600000)
   the space 10501312K,  89% used [0x00007f35adb50000, 0x00007f37ee46cbe8, 0x00007f37ee46cc00, 0x00007f382ea80000)
 Metaspace       used 23097K, capacity 23459K, committed 23552K, reserved 24576K
}
Event: 31.837 GC heap before
{Heap before GC invocations=7 (full 4):
 def new generation   total 4725632K, used 4200576K [0x00007f3058600000, 0x00007f3198da0000, 0x00007f35adb50000)
  eden space 4200576K, 100% used [0x00007f3058600000, 0x00007f3158c20000, 0x00007f3158c20000)
  from space 525056K,   0% used [0x00007f3178ce0000, 0x00007f3178ce0358, 0x00007f3198da0000)
  to   space 525056K,   0% used [0x00007f3158c20000, 0x00007f3158c20000, 0x00007f3178ce0000)
 tenured generation   total 10501312K, used 9446514K [0x00007f35adb50000, 0x00007f382ea80000, 0x00007f4058600000)
   the space 10501312K,  89% used [0x00007f35adb50000, 0x00007f37ee46cbe8, 0x00007f37ee46cc00, 0x00007f382ea80000)
 Metaspace       used 23175K, capacity 23532K, committed 23552K, reserved 24576K
}
Event: 32.350 GC heap after
{Heap after GC invocations=8 (full 4):
 def new generation   total 4725632K, used 393953K [0x00007f3058600000, 0x00007f3198da0000, 0x00007f35adb50000)
  eden space 4200576K,   0% used [0x00007f3058600000, 0x00007f3058600000, 0x00007f3158c20000)
  from space 525056K,  75% used [0x00007f3158c20000, 0x00007f3170cd85c8, 0x00007f3178ce0000)
  to   space 525056K,   0% used [0x00007f3178ce0000, 0x00007f3178ce0000, 0x00007f3198da0000)
 tenured generation   total 10501312K, used 9446514K [0x00007f35adb50000, 0x00007f382ea80000, 0x00007f4058600000)
   the space 10501312K,  89% used [0x00007f35adb50000, 0x00007f37ee46cbe8, 0x00007f37ee46cc00, 0x00007f382ea80000)
 Metaspace       used 23175K, capacity 23532K, committed 23552K, reserved 24576K
}
Event: 42.258 GC heap before
{Heap before GC invocations=8 (full 4):
 def new generation   total 4725632K, used 4452448K [0x00007f3058600000, 0x00007f3198da0000, 0x00007f35adb50000)
  eden space 4200576K,  96% used [0x00007f3058600000, 0x00007f315015fd68, 0x00007f3158c20000)
  from space 525056K,  75% used [0x00007f3158c20000, 0x00007f3170cd85c8, 0x00007f3178ce0000)
  to   space 525056K,   0% used [0x00007f3178ce0000, 0x00007f3178ce0000, 0x00007f3198da0000)
 tenured generation   total 10501312K, used 9446514K [0x00007f35adb50000, 0x00007f382ea80000, 0x00007f4058600000)
   the space 10501312K,  89% used [0x00007f35adb50000, 0x00007f37ee46cbe8, 0x00007f37ee46cc00, 0x00007f382ea80000)
 Metaspace       used 23185K, capacity 23533K, committed 23552K, reserved 24576K
}

