# JRE version: OpenJDK Runtime Environment (13.0.7+5) (build 13.0.7+5-Ubuntu-0ubuntu120.04)
# Java VM: OpenJDK 64-Bit Server VM (13.0.7+5-Ubuntu-0ubuntu120.04, mixed mode, tiered, serial gc, linux-amd64)
Heap:
 def new generation   total 1579904K, used 0K [0x00007fc15c600000, 0x00007fc1c7840000, 0x00007fc6b1b50000)
  eden space 1404416K,   0% used [0x00007fc15c600000, 0x00007fc15c600000, 0x00007fc1b2180000)
  from space 175488K,   0% used [0x00007fc1bcce0000, 0x00007fc1bcce0000, 0x00007fc1c7840000)
  to   space 175488K,   0% used [0x00007fc1b2180000, 0x00007fc1b2180000, 0x00007fc1bcce0000)
 tenured generation   total 11899364K, used 8397905K [0x00007fc6b1b50000, 0x00007fc987fc9000, 0x00007fd15c600000)
   the space 11899364K,  70% used [0x00007fc6b1b50000, 0x00007fc8b24647d8, 0x00007fc8b2464800, 0x00007fc987fc9000)
 Metaspace       used 22971K, capacity 23299K, committed 23552K, reserved 24576K
GC Heap History (20 events):
Event: 3.076 GC heap after
{Heap after GC invocations=1 (full 1):
 def new generation   total 629248K, used 0K [0x00007fc15c600000, 0x00007fc1870c0000, 0x00007fc6b1b50000)
  eden space 559360K,   0% used [0x00007fc15c600000, 0x00007fc15c600000, 0x00007fc17e840000)
  from space 69888K,   0% used [0x00007fc17e840000, 0x00007fc17e840000, 0x00007fc182c80000)
  to   space 69888K,   0% used [0x00007fc182c80000, 0x00007fc182c80000, 0x00007fc1870c0000)
 tenured generation   total 1398144K, used 13583K [0x00007fc6b1b50000, 0x00007fc7070b0000, 0x00007fd15c600000)
   the space 1398144K,   0% used [0x00007fc6b1b50000, 0x00007fc6b2893de0, 0x00007fc6b2893e00, 0x00007fc7070b0000)
 Metaspace       used 20902K, capacity 21208K, committed 21248K, reserved 22528K
}
Event: 4.470 GC heap before
{Heap before GC invocations=1 (full 1):
 def new generation   total 629248K, used 559360K [0x00007fc15c600000, 0x00007fc1870c0000, 0x00007fc6b1b50000)
  eden space 559360K, 100% used [0x00007fc15c600000, 0x00007fc17e840000, 0x00007fc17e840000)
  from space 69888K,   0% used [0x00007fc17e840000, 0x00007fc17e840000, 0x00007fc182c80000)
  to   space 69888K,   0% used [0x00007fc182c80000, 0x00007fc182c80000, 0x00007fc1870c0000)
 tenured generation   total 1398144K, used 13583K [0x00007fc6b1b50000, 0x00007fc7070b0000, 0x00007fd15c600000)
   the space 1398144K,   0% used [0x00007fc6b1b50000, 0x00007fc6b2893de0, 0x00007fc6b2893e00, 0x00007fc7070b0000)
 Metaspace       used 22730K, capacity 23138K, committed 23296K, reserved 24576K
}
Event: 4.477 GC heap after
{Heap after GC invocations=2 (full 1):
 def new generation   total 629248K, used 628K [0x00007fc15c600000, 0x00007fc1870c0000, 0x00007fc6b1b50000)
  eden space 559360K,   0% used [0x00007fc15c600000, 0x00007fc15c600000, 0x00007fc17e840000)
  from space 69888K,   0% used [0x00007fc182c80000, 0x00007fc182d1d050, 0x00007fc1870c0000)
  to   space 69888K,   0% used [0x00007fc17e840000, 0x00007fc17e840000, 0x00007fc182c80000)
 tenured generation   total 1398144K, used 13583K [0x00007fc6b1b50000, 0x00007fc7070b0000, 0x00007fd15c600000)
   the space 1398144K,   0% used [0x00007fc6b1b50000, 0x00007fc6b2893de0, 0x00007fc6b2893e00, 0x00007fc7070b0000)
 Metaspace       used 22730K, capacity 23138K, committed 23296K, reserved 24576K
}
Event: 5.540 GC heap before
{Heap before GC invocations=2 (full 1):
 def new generation   total 629248K, used 559988K [0x00007fc15c600000, 0x00007fc1870c0000, 0x00007fc6b1b50000)
  eden space 559360K, 100% used [0x00007fc15c600000, 0x00007fc17e840000, 0x00007fc17e840000)
  from space 69888K,   0% used [0x00007fc182c80000, 0x00007fc182d1d050, 0x00007fc1870c0000)
  to   space 69888K,   0% used [0x00007fc17e840000, 0x00007fc17e840000, 0x00007fc182c80000)
 tenured generation   total 1398144K, used 13583K [0x00007fc6b1b50000, 0x00007fc7070b0000, 0x00007fd15c600000)
   the space 1398144K,   0% used [0x00007fc6b1b50000, 0x00007fc6b2893de0, 0x00007fc6b2893e00, 0x00007fc7070b0000)
 Metaspace       used 22751K, capacity 23139K, committed 23296K, reserved 24576K
}
Event: 5.543 GC heap after
{Heap after GC invocations=3 (full 1):
 def new generation   total 629248K, used 830K [0x00007fc15c600000, 0x00007fc1870c0000, 0x00007fc6b1b50000)
  eden space 559360K,   0% used [0x00007fc15c600000, 0x00007fc15c600000, 0x00007fc17e840000)
  from space 69888K,   1% used [0x00007fc17e840000, 0x00007fc17e90f828, 0x00007fc182c80000)
  to   space 69888K,   0% used [0x00007fc182c80000, 0x00007fc182c80000, 0x00007fc1870c0000)
 tenured generation   total 1398144K, used 13583K [0x00007fc6b1b50000, 0x00007fc7070b0000, 0x00007fd15c600000)
   the space 1398144K,   0% used [0x00007fc6b1b50000, 0x00007fc6b2893de0, 0x00007fc6b2893e00, 0x00007fc7070b0000)
 Metaspace       used 22751K, capacity 23139K, committed 23296K, reserved 24576K
}
Event: 6.088 GC heap before
{Heap before GC invocations=3 (full 1):
 def new generation   total 629248K, used 387883K [0x00007fc15c600000, 0x00007fc1870c0000, 0x00007fc6b1b50000)
  eden space 559360K,  69% used [0x00007fc15c600000, 0x00007fc173ffb550, 0x00007fc17e840000)
  from space 69888K,   1% used [0x00007fc17e840000, 0x00007fc17e90f828, 0x00007fc182c80000)
  to   space 69888K,   0% used [0x00007fc182c80000, 0x00007fc182c80000, 0x00007fc1870c0000)
 tenured generation   total 1398144K, used 13583K [0x00007fc6b1b50000, 0x00007fc7070b0000, 0x00007fd15c600000)
   the space 1398144K,   0% used [0x00007fc6b1b50000, 0x00007fc6b2893de0, 0x00007fc6b2893e00, 0x00007fc7070b0000)
 Metaspace       used 22971K, capacity 23299K, committed 23552K, reserved 24576K
}
Event: 6.096 GC heap after
{Heap after GC invocations=4 (full 1):
 def new generation   total 629248K, used 5174K [0x00007fc15c600000, 0x00007fc1870c0000, 0x00007fc6b1b50000)
  eden space 559360K,   0% used [0x00007fc15c600000, 0x00007fc15c600000, 0x00007fc17e840000)
  from space 69888K,   7% used [0x00007fc182c80000, 0x00007fc18318da38, 0x00007fc1870c0000)
  to   space 69888K,   0% used [0x00007fc17e840000, 0x00007fc17e840000, 0x00007fc182c80000)
 tenured generation   total 1398144K, used 13583K [0x00007fc6b1b50000, 0x00007fc7070b0000, 0x00007fd15c600000)
   the space 1398144K,   0% used [0x00007fc6b1b50000, 0x00007fc6b2893de0, 0x00007fc6b2893e00, 0x00007fc7070b0000)
 Metaspace       used 22971K, capacity 23299K, committed 23552K, reserved 24576K
}
Event: 6.096 GC heap before
{Heap before GC invocations=4 (full 1):
 def new generation   total 629248K, used 5174K [0x00007fc15c600000, 0x00007fc1870c0000, 0x00007fc6b1b50000)
  eden space 559360K,   0% used [0x00007fc15c600000, 0x00007fc15c600000, 0x00007fc17e840000)
  from space 69888K,   7% used [0x00007fc182c80000, 0x00007fc18318da38, 0x00007fc1870c0000)
  to   space 69888K,   0% used [0x00007fc17e840000, 0x00007fc17e840000, 0x00007fc182c80000)
 tenured generation   total 1398144K, used 13583K [0x00007fc6b1b50000, 0x00007fc7070b0000, 0x00007fd15c600000)
   the space 1398144K,   0% used [0x00007fc6b1b50000, 0x00007fc6b2893de0, 0x00007fc6b2893e00, 0x00007fc7070b0000)
 Metaspace       used 22971K, capacity 23299K, committed 23552K, reserved 24576K
}
Event: 6.138 GC heap after
{Heap after GC invocations=4 (full 2):
 def new generation   total 629248K, used 0K [0x00007fc15c600000, 0x00007fc1870c0000, 0x00007fc6b1b50000)
  eden space 559360K,   0% used [0x00007fc15c600000, 0x00007fc15c600000, 0x00007fc17e840000)
  from space 69888K,   0% used [0x00007fc182c80000, 0x00007fc182c80000, 0x00007fc1870c0000)
  to   space 69888K,   0% used [0x00007fc17e840000, 0x00007fc17e840000, 0x00007fc182c80000)
 tenured generation   total 1398144K, used 18757K [0x00007fc6b1b50000, 0x00007fc7070b0000, 0x00007fd15c600000)
   the space 1398144K,   1% used [0x00007fc6b1b50000, 0x00007fc6b2da1428, 0x00007fc6b2da1600, 0x00007fc7070b0000)
 Metaspace       used 22971K, capacity 23299K, committed 23552K, reserved 24576K
}
Event: 10.188 GC heap before
{Heap before GC invocations=4 (full 2):
 def new generation   total 629248K, used 10842K [0x00007fc15c600000, 0x00007fc1870c0000, 0x00007fc6b1b50000)
  eden space 559360K,   1% used [0x00007fc15c600000, 0x00007fc15d096820, 0x00007fc17e840000)
  from space 69888K,   0% used [0x00007fc182c80000, 0x00007fc182c80000, 0x00007fc1870c0000)
  to   space 69888K,   0% used [0x00007fc17e840000, 0x00007fc17e840000, 0x00007fc182c80000)
 tenured generation   total 3495300K, used 3164485K [0x00007fc6b1b50000, 0x00007fc7870b1000, 0x00007fd15c600000)
   the space 3495300K,  90% used [0x00007fc6b1b50000, 0x00007fc772da1458, 0x00007fc772da1600, 0x00007fc7870b1000)
 Metaspace       used 22971K, capacity 23299K, committed 23552K, reserved 24576K
}
Event: 10.194 GC heap after
{Heap after GC invocations=5 (full 2):
 def new generation   total 629248K, used 0K [0x00007fc15c600000, 0x00007fc1870c0000, 0x00007fc6b1b50000)
  eden space 559360K,   0% used [0x00007fc15c600000, 0x00007fc15c600000, 0x00007fc17e840000)
  from space 69888K,   0% used [0x00007fc17e840000, 0x00007fc17e840240, 0x00007fc182c80000)
  to   space 69888K,   0% used [0x00007fc182c80000, 0x00007fc182c80000, 0x00007fc1870c0000)
 tenured generation   total 3495300K, used 3164485K [0x00007fc6b1b50000, 0x00007fc7870b1000, 0x00007fd15c600000)
   the space 3495300K,  90% used [0x00007fc6b1b50000, 0x00007fc772da1458, 0x00007fc772da1600, 0x00007fc7870b1000)
 Metaspace       used 22971K, capacity 23299K, committed 23552K, reserved 24576K
}
Event: 10.194 GC heap before
{Heap before GC invocations=5 (full 2):
 def new generation   total 629248K, used 0K [0x00007fc15c600000, 0x00007fc1870c0000, 0x00007fc6b1b50000)
  eden space 559360K,   0% used [0x00007fc15c600000, 0x00007fc15c600000, 0x00007fc17e840000)
  from space 69888K,   0% used [0x00007fc17e840000, 0x00007fc17e840240, 0x00007fc182c80000)
  to   space 69888K,   0% used [0x00007fc182c80000, 0x00007fc182c80000, 0x00007fc1870c0000)
 tenured generation   total 3495300K, used 3164485K [0x00007fc6b1b50000, 0x00007fc7870b1000, 0x00007fd15c600000)
   the space 3495300K,  90% used [0x00007fc6b1b50000, 0x00007fc772da1458, 0x00007fc772da1600, 0x00007fc7870b1000)
 Metaspace       used 22971K, capacity 23299K, committed 23552K, reserved 24576K
}
Event: 10.571 GC heap after
{Heap after GC invocations=5 (full 3):
 def new generation   total 1572992K, used 0K [0x00007fc15c600000, 0x00007fc1c70c0000, 0x00007fc6b1b50000)
  eden space 1398272K,   0% used [0x00007fc15c600000, 0x00007fc15c600000, 0x00007fc1b1b80000)
  from space 174720K,   0% used [0x00007fc1b1b80000, 0x00007fc1b1b80000, 0x00007fc1bc620000)
  to   space 174720K,   0% used [0x00007fc1bc620000, 0x00007fc1bc620000, 0x00007fc1c70c0000)
 tenured generation   total 3495300K, used 1067333K [0x00007fc6b1b50000, 0x00007fc7870b1000, 0x00007fd15c600000)
   the space 3495300K,  30% used [0x00007fc6b1b50000, 0x00007fc6f2da15f0, 0x00007fc6f2da1600, 0x00007fc7870b1000)
 Metaspace       used 22971K, capacity 23299K, committed 23552K, reserved 24576K
}
Event: 11.164 GC heap before
{Heap before GC invocations=5 (full 3):
 def new generation   total 1572992K, used 1075678K [0x00007fc15c600000, 0x00007fc1c70c0000, 0x00007fc6b1b50000)
  eden space 1398272K,  76% used [0x00007fc15c600000, 0x00007fc19e077a68, 0x00007fc1b1b80000)
  from space 174720K,   0% used [0x00007fc1b1b80000, 0x00007fc1b1b80000, 0x00007fc1bc620000)
  to   space 174720K,   0% used [0x00007fc1bc620000, 0x00007fc1bc620000, 0x00007fc1c70c0000)
 tenured generation   total 3495300K, used 1067333K [0x00007fc6b1b50000, 0x00007fc7870b1000, 0x00007fd15c600000)
   the space 3495300K,  30% used [0x00007fc6b1b50000, 0x00007fc6f2da15f0, 0x00007fc6f2da1600, 0x00007fc7870b1000)
 Metaspace       used 22971K, capacity 23299K, committed 23552K, reserved 24576K
}
Event: 11.555 GC heap after
{Heap after GC invocations=6 (full 3):
 def new generation   total 1572992K, used 0K [0x00007fc15c600000, 0x00007fc1c70c0000, 0x00007fc6b1b50000)
  eden space 1398272K,   0% used [0x00007fc15c600000, 0x00007fc15c600000, 0x00007fc1b1b80000)
  from space 174720K,   0% used [0x00007fc1bc620000, 0x00007fc1bc620290, 0x00007fc1c70c0000)
  to   space 174720K,   0% used [0x00007fc1b1b80000, 0x00007fc1b1b80000, 0x00007fc1bc620000)
 tenured generation   total 3495300K, used 2115909K [0x00007fc6b1b50000, 0x00007fc7870b1000, 0x00007fd15c600000)
   the space 3495300K,  60% used [0x00007fc6b1b50000, 0x00007fc732da1608, 0x00007fc732da1800, 0x00007fc7870b1000)
 Metaspace       used 22971K, capacity 23299K, committed 23552K, reserved 24576K
}
Event: 11.555 GC heap before
{Heap before GC invocations=6 (full 3):
 def new generation   total 1572992K, used 0K [0x00007fc15c600000, 0x00007fc1c70c0000, 0x00007fc6b1b50000)
  eden space 1398272K,   0% used [0x00007fc15c600000, 0x00007fc15c600000, 0x00007fc1b1b80000)
  from space 174720K,   0% used [0x00007fc1bc620000, 0x00007fc1bc620290, 0x00007fc1c70c0000)
  to   space 174720K,   0% used [0x00007fc1b1b80000, 0x00007fc1b1b80000, 0x00007fc1bc620000)
 tenured generation   total 3495300K, used 2115909K [0x00007fc6b1b50000, 0x00007fc7870b1000, 0x00007fd15c600000)
   the space 3495300K,  60% used [0x00007fc6b1b50000, 0x00007fc732da1608, 0x00007fc732da1800, 0x00007fc7870b1000)
 Metaspace       used 22971K, capacity 23299K, committed 23552K, reserved 24576K
}
Event: 12.659 GC heap after
{Heap after GC invocations=6 (full 4):
 def new generation   total 1579904K, used 0K [0x00007fc15c600000, 0x00007fc1c7840000, 0x00007fc6b1b50000)
  eden space 1404416K,   0% used [0x00007fc15c600000, 0x00007fc15c600000, 0x00007fc1b2180000)
  from space 175488K,   0% used [0x00007fc1b2180000, 0x00007fc1b2180000, 0x00007fc1bcce0000)
  to   space 175488K,   0% used [0x00007fc1bcce0000, 0x00007fc1bcce0000, 0x00007fc1c7840000)
 tenured generation   total 3510752K, used 2106450K [0x00007fc6b1b50000, 0x00007fc787fc8000, 0x00007fd15c600000)
   the space 3510752K,  59% used [0x00007fc6b1b50000, 0x00007fc732464a70, 0x00007fc732464c00, 0x00007fc787fc8000)
 Metaspace       used 22971K, capacity 23299K, committed 23552K, reserved 24576K
}
Event: 21.486 GC heap before
{Heap before GC invocations=6 (full 4):
 def new generation   total 1579904K, used 27277K [0x00007fc15c600000, 0x00007fc1c7840000, 0x00007fc6b1b50000)
  eden space 1404416K,   1% used [0x00007fc15c600000, 0x00007fc15e0a3530, 0x00007fc1b2180000)
  from space 175488K,   0% used [0x00007fc1b2180000, 0x00007fc1b2180000, 0x00007fc1bcce0000)
  to   space 175488K,   0% used [0x00007fc1bcce0000, 0x00007fc1bcce0000, 0x00007fc1c7840000)
 tenured generation   total 11899364K, used 10495058K [0x00007fc6b1b50000, 0x00007fc987fc9000, 0x00007fd15c600000)
   the space 11899364K,  88% used [0x00007fc6b1b50000, 0x00007fc932464a88, 0x00007fc932464c00, 0x00007fc987fc9000)
 Metaspace       used 22971K, capacity 23299K, committed 23552K, reserved 24576K
}
Event: 21.498 GC heap after
{Heap after GC invocations=7 (full 4):
 def new generation   total 1579904K, used 0K [0x00007fc15c600000, 0x00007fc1c7840000, 0x00007fc6b1b50000)
  eden space 1404416K,   0% used [0x00007fc15c600000, 0x00007fc15c600000, 0x00007fc1b2180000)
  from space 175488K,   0% used [0x00007fc1bcce0000, 0x00007fc1bcce00b0, 0x00007fc1c7840000)
  to   space 175488K,   0% used [0x00007fc1b2180000, 0x00007fc1b2180000, 0x00007fc1bcce0000)
 tenured generation   total 11899364K, used 10495058K [0x00007fc6b1b50000, 0x00007fc987fc9000, 0x00007fd15c600000)
   the space 11899364K,  88% used [0x00007fc6b1b50000, 0x00007fc932464a88, 0x00007fc932464c00, 0x00007fc987fc9000)
 Metaspace       used 22971K, capacity 23299K, committed 23552K, reserved 24576K
}
Event: 21.498 GC heap before
{Heap before GC invocations=7 (full 4):
 def new generation   total 1579904K, used 0K [0x00007fc15c600000, 0x00007fc1c7840000, 0x00007fc6b1b50000)
  eden space 1404416K,   0% used [0x00007fc15c600000, 0x00007fc15c600000, 0x00007fc1b2180000)
  from space 175488K,   0% used [0x00007fc1bcce0000, 0x00007fc1bcce00b0, 0x00007fc1c7840000)
  to   space 175488K,   0% used [0x00007fc1b2180000, 0x00007fc1b2180000, 0x00007fc1bcce0000)
 tenured generation   total 11899364K, used 10495058K [0x00007fc6b1b50000, 0x00007fc987fc9000, 0x00007fd15c600000)
   the space 11899364K,  88% used [0x00007fc6b1b50000, 0x00007fc932464a88, 0x00007fc932464c00, 0x00007fc987fc9000)
 Metaspace       used 22971K, capacity 23299K, committed 23552K, reserved 24576K
}

