# JRE version: OpenJDK Runtime Environment (13.0.7+5) (build 13.0.7+5-Ubuntu-0ubuntu120.04)
# Java VM: OpenJDK 64-Bit Server VM (13.0.7+5-Ubuntu-0ubuntu120.04, mixed mode, tiered, serial gc, linux-amd64)
Heap:
 def new generation   total 6422016K, used 0K [0x00007fe138600000, 0x00007fe2ebe50000, 0x00007fe68db50000)
  eden space 5708480K,   0% used [0x00007fe138600000, 0x00007fe138600000, 0x00007fe294cb0000)
  from space 713536K,   0% used [0x00007fe294cb0000, 0x00007fe294cb0000, 0x00007fe2c0580000)
  to   space 713536K,   0% used [0x00007fe2c0580000, 0x00007fe2c0580000, 0x00007fe2ebe50000)
 tenured generation   total 14271092K, used 8562654K [0x00007fe68db50000, 0x00007fe9f4bed000, 0x00007ff138600000)
   the space 14271092K,  59% used [0x00007fe68db50000, 0x00007fe898547918, 0x00007fe898547a00, 0x00007fe9f4bed000)
 Metaspace       used 23293K, capacity 23677K, committed 23808K, reserved 24576K
GC Heap History (20 events):
Event: 15.573 GC heap before
{Heap before GC invocations=5 (full 3):
 def new generation   total 3159936K, used 55662K [0x00007fe138600000, 0x00007fe20eac0000, 0x00007fe68db50000)
  eden space 2808832K,   1% used [0x00007fe138600000, 0x00007fe13bc5b850, 0x00007fe1e3d00000)
  from space 351104K,   0% used [0x00007fe1e3d00000, 0x00007fe1e3d00000, 0x00007fe1f93e0000)
  to   space 351104K,   0% used [0x00007fe1f93e0000, 0x00007fe1f93e0000, 0x00007fe20eac0000)
 tenured generation   total 11216308K, used 8407503K [0x00007fe68db50000, 0x00007fe93a4bd000, 0x00007ff138600000)
   the space 11216308K,  74% used [0x00007fe68db50000, 0x00007fe88edc3e90, 0x00007fe88edc4000, 0x00007fe93a4bd000)
 Metaspace       used 23235K, capacity 23595K, committed 23808K, reserved 24576K
}
Event: 15.582 GC heap after
{Heap after GC invocations=6 (full 3):
 def new generation   total 3159936K, used 0K [0x00007fe138600000, 0x00007fe20eac0000, 0x00007fe68db50000)
  eden space 2808832K,   0% used [0x00007fe138600000, 0x00007fe138600000, 0x00007fe1e3d00000)
  from space 351104K,   0% used [0x00007fe1f93e0000, 0x00007fe1f93e0278, 0x00007fe20eac0000)
  to   space 351104K,   0% used [0x00007fe1e3d00000, 0x00007fe1e3d00000, 0x00007fe1f93e0000)
 tenured generation   total 11216308K, used 8407503K [0x00007fe68db50000, 0x00007fe93a4bd000, 0x00007ff138600000)
   the space 11216308K,  74% used [0x00007fe68db50000, 0x00007fe88edc3e90, 0x00007fe88edc4000, 0x00007fe93a4bd000)
 Metaspace       used 23235K, capacity 23595K, committed 23808K, reserved 24576K
}
Event: 15.582 GC heap before
{Heap before GC invocations=6 (full 3):
 def new generation   total 3159936K, used 0K [0x00007fe138600000, 0x00007fe20eac0000, 0x00007fe68db50000)
  eden space 2808832K,   0% used [0x00007fe138600000, 0x00007fe138600000, 0x00007fe1e3d00000)
  from space 351104K,   0% used [0x00007fe1f93e0000, 0x00007fe1f93e0278, 0x00007fe20eac0000)
  to   space 351104K,   0% used [0x00007fe1e3d00000, 0x00007fe1e3d00000, 0x00007fe1f93e0000)
 tenured generation   total 11216308K, used 8407503K [0x00007fe68db50000, 0x00007fe93a4bd000, 0x00007ff138600000)
   the space 11216308K,  74% used [0x00007fe68db50000, 0x00007fe88edc3e90, 0x00007fe88edc4000, 0x00007fe93a4bd000)
 Metaspace       used 23235K, capacity 23595K, committed 23808K, reserved 24576K
}
Event: 23.085 GC heap after
{Heap after GC invocations=6 (full 4):
 def new generation   total 6298560K, used 0K [0x00007fe138600000, 0x00007fe2e3860000, 0x00007fe68db50000)
  eden space 5598720K,   0% used [0x00007fe138600000, 0x00007fe138600000, 0x00007fe28e180000)
  from space 699840K,   0% used [0x00007fe28e180000, 0x00007fe28e180000, 0x00007fe2b8cf0000)
  to   space 699840K,   0% used [0x00007fe2b8cf0000, 0x00007fe2b8cf0000, 0x00007fe2e3860000)
 tenured generation   total 13996720K, used 8398030K [0x00007fe68db50000, 0x00007fe9e3ffc000, 0x00007ff138600000)
   the space 13996720K,  59% used [0x00007fe68db50000, 0x00007fe88e4838b8, 0x00007fe88e483a00, 0x00007fe9e3ffc000)
 Metaspace       used 23235K, capacity 23595K, committed 23808K, reserved 24576K
}
Event: 29.450 GC heap before
{Heap before GC invocations=6 (full 4):
 def new generation   total 6298560K, used 4305252K [0x00007fe138600000, 0x00007fe2e3860000, 0x00007fe68db50000)
  eden space 5598720K,  76% used [0x00007fe138600000, 0x00007fe23f2592a0, 0x00007fe28e180000)
  from space 699840K,   0% used [0x00007fe28e180000, 0x00007fe28e180000, 0x00007fe2b8cf0000)
  to   space 699840K,   0% used [0x00007fe2b8cf0000, 0x00007fe2b8cf0000, 0x00007fe2e3860000)
 tenured generation   total 13996720K, used 8398030K [0x00007fe68db50000, 0x00007fe9e3ffc000, 0x00007ff138600000)
   the space 13996720K,  59% used [0x00007fe68db50000, 0x00007fe88e4838b8, 0x00007fe88e483a00, 0x00007fe9e3ffc000)
 Metaspace       used 23235K, capacity 23595K, committed 23808K, reserved 24576K
}
Event: 40.283 GC heap after
{Heap after GC invocations=7 (full 4):
 def new generation   total 6298560K, used 0K [0x00007fe138600000, 0x00007fe2e3860000, 0x00007fe68db50000)
  eden space 5598720K,   0% used [0x00007fe138600000, 0x00007fe138600000, 0x00007fe28e180000)
  from space 699840K,   0% used [0x00007fe2b8cf0000, 0x00007fe2b8cf0160, 0x00007fe2e3860000)
  to   space 699840K,   0% used [0x00007fe28e180000, 0x00007fe28e180000, 0x00007fe2b8cf0000)
 tenured generation   total 13996720K, used 12592334K [0x00007fe68db50000, 0x00007fe9e3ffc000, 0x00007ff138600000)
   the space 13996720K,  89% used [0x00007fe68db50000, 0x00007fe98e4838d0, 0x00007fe98e483a00, 0x00007fe9e3ffc000)
 Metaspace       used 23235K, capacity 23595K, committed 23808K, reserved 24576K
}
Event: 46.894 GC heap before
{Heap before GC invocations=7 (full 4):
 def new generation   total 6298560K, used 5263810K [0x00007fe138600000, 0x00007fe2e3860000, 0x00007fe68db50000)
  eden space 5598720K,  94% used [0x00007fe138600000, 0x00007fe279a70930, 0x00007fe28e180000)
  from space 699840K,   0% used [0x00007fe2b8cf0000, 0x00007fe2b8cf0160, 0x00007fe2e3860000)
  to   space 699840K,   0% used [0x00007fe28e180000, 0x00007fe28e180000, 0x00007fe2b8cf0000)
 tenured generation   total 13996720K, used 12592334K [0x00007fe68db50000, 0x00007fe9e3ffc000, 0x00007ff138600000)
   the space 13996720K,  89% used [0x00007fe68db50000, 0x00007fe98e4838d0, 0x00007fe98e483a00, 0x00007fe9e3ffc000)
 Metaspace       used 23292K, capacity 23677K, committed 23808K, reserved 24576K
}
Event: 49.450 GC heap after
{Heap after GC invocations=8 (full 4):
 def new generation   total 6298560K, used 164626K [0x00007fe138600000, 0x00007fe2e3860000, 0x00007fe68db50000)
  eden space 5598720K,   0% used [0x00007fe138600000, 0x00007fe138600000, 0x00007fe28e180000)
  from space 699840K,  23% used [0x00007fe28e180000, 0x00007fe298244818, 0x00007fe2b8cf0000)
  to   space 699840K,   0% used [0x00007fe2b8cf0000, 0x00007fe2b8cf0000, 0x00007fe2e3860000)
 tenured generation   total 16093876K, used 14689486K [0x00007fe68db50000, 0x00007fea63ffd000, 0x00007ff138600000)
   the space 16093876K,  91% used [0x00007fe68db50000, 0x00007fea0e4838e8, 0x00007fea0e483a00, 0x00007fea63ffd000)
 Metaspace       used 23292K, capacity 23677K, committed 23808K, reserved 24576K
}
Event: 49.450 GC heap before
{Heap before GC invocations=8 (full 4):
 def new generation   total 6298560K, used 164626K [0x00007fe138600000, 0x00007fe2e3860000, 0x00007fe68db50000)
  eden space 5598720K,   0% used [0x00007fe138600000, 0x00007fe138600000, 0x00007fe28e180000)
  from space 699840K,  23% used [0x00007fe28e180000, 0x00007fe298244818, 0x00007fe2b8cf0000)
  to   space 699840K,   0% used [0x00007fe2b8cf0000, 0x00007fe2b8cf0000, 0x00007fe2e3860000)
 tenured generation   total 16093876K, used 14689486K [0x00007fe68db50000, 0x00007fea63ffd000, 0x00007ff138600000)
   the space 16093876K,  91% used [0x00007fe68db50000, 0x00007fea0e4838e8, 0x00007fea0e483a00, 0x00007fea63ffd000)
 Metaspace       used 23292K, capacity 23677K, committed 23808K, reserved 24576K
}
Event: 49.660 GC heap after
{Heap after GC invocations=8 (full 5):
 def new generation   total 6298560K, used 0K [0x00007fe138600000, 0x00007fe2e3860000, 0x00007fe68db50000)
  eden space 5598720K,   0% used [0x00007fe138600000, 0x00007fe138600000, 0x00007fe28e180000)
  from space 699840K,   0% used [0x00007fe28e180000, 0x00007fe28e180000, 0x00007fe2b8cf0000)
  to   space 699840K,   0% used [0x00007fe2b8cf0000, 0x00007fe2b8cf0000, 0x00007fe2e3860000)
 tenured generation   total 13996720K, used 174045K [0x00007fe68db50000, 0x00007fe9e3ffc000, 0x00007ff138600000)
   the space 13996720K,   1% used [0x00007fe68db50000, 0x00007fe698547750, 0x00007fe698547800, 0x00007fe9e3ffc000)
 Metaspace       used 23292K, capacity 23677K, committed 23808K, reserved 24576K
}
Event: 61.894 GC heap before
{Heap before GC invocations=8 (full 5):
 def new generation   total 6298560K, used 4303950K [0x00007fe138600000, 0x00007fe2e3860000, 0x00007fe68db50000)
  eden space 5598720K,  76% used [0x00007fe138600000, 0x00007fe23f113900, 0x00007fe28e180000)
  from space 699840K,   0% used [0x00007fe28e180000, 0x00007fe28e180000, 0x00007fe2b8cf0000)
  to   space 699840K,   0% used [0x00007fe2b8cf0000, 0x00007fe2b8cf0000, 0x00007fe2e3860000)
 tenured generation   total 13996720K, used 8562653K [0x00007fe68db50000, 0x00007fe9e3ffc000, 0x00007ff138600000)
   the space 13996720K,  61% used [0x00007fe68db50000, 0x00007fe898547768, 0x00007fe898547800, 0x00007fe9e3ffc000)
 Metaspace       used 23293K, capacity 23677K, committed 23808K, reserved 24576K
}
Event: 62.973 GC heap after
{Heap after GC invocations=9 (full 5):
 def new generation   total 6298560K, used 0K [0x00007fe138600000, 0x00007fe2e3860000, 0x00007fe68db50000)
  eden space 5598720K,   0% used [0x00007fe138600000, 0x00007fe138600000, 0x00007fe28e180000)
  from space 699840K,   0% used [0x00007fe2b8cf0000, 0x00007fe2b8cf0310, 0x00007fe2e3860000)
  to   space 699840K,   0% used [0x00007fe28e180000, 0x00007fe28e180000, 0x00007fe2b8cf0000)
 tenured generation   total 13996720K, used 12756957K [0x00007fe68db50000, 0x00007fe9e3ffc000, 0x00007ff138600000)
   the space 13996720K,  91% used [0x00007fe68db50000, 0x00007fe998547780, 0x00007fe998547800, 0x00007fe9e3ffc000)
 Metaspace       used 23293K, capacity 23677K, committed 23808K, reserved 24576K
}
Event: 65.246 GC heap before
{Heap before GC invocations=9 (full 5):
 def new generation   total 6298560K, used 4304765K [0x00007fe138600000, 0x00007fe2e3860000, 0x00007fe68db50000)
  eden space 5598720K,  76% used [0x00007fe138600000, 0x00007fe23f1df488, 0x00007fe28e180000)
  from space 699840K,   0% used [0x00007fe2b8cf0000, 0x00007fe2b8cf0310, 0x00007fe2e3860000)
  to   space 699840K,   0% used [0x00007fe28e180000, 0x00007fe28e180000, 0x00007fe2b8cf0000)
 tenured generation   total 13996720K, used 12756957K [0x00007fe68db50000, 0x00007fe9e3ffc000, 0x00007ff138600000)
   the space 13996720K,  91% used [0x00007fe68db50000, 0x00007fe998547780, 0x00007fe998547800, 0x00007fe9e3ffc000)
 Metaspace       used 23293K, capacity 23677K, committed 23808K, reserved 24576K
}
Event: 67.712 GC heap after
{Heap after GC invocations=10 (full 5):
 def new generation   total 6298560K, used 1K [0x00007fe138600000, 0x00007fe2e3860000, 0x00007fe68db50000)
  eden space 5598720K,   0% used [0x00007fe138600000, 0x00007fe138600000, 0x00007fe28e180000)
  from space 699840K,   0% used [0x00007fe28e180000, 0x00007fe28e1805b8, 0x00007fe2b8cf0000)
  to   space 699840K,   0% used [0x00007fe2b8cf0000, 0x00007fe2b8cf0000, 0x00007fe2e3860000)
 tenured generation   total 18191032K, used 16951261K [0x00007fe68db50000, 0x00007feae3ffe000, 0x00007ff138600000)
   the space 18191032K,  93% used [0x00007fe68db50000, 0x00007fea985477b0, 0x00007fea98547800, 0x00007feae3ffe000)
 Metaspace       used 23293K, capacity 23677K, committed 23808K, reserved 24576K
}
Event: 67.712 GC heap before
{Heap before GC invocations=10 (full 5):
 def new generation   total 6298560K, used 1K [0x00007fe138600000, 0x00007fe2e3860000, 0x00007fe68db50000)
  eden space 5598720K,   0% used [0x00007fe138600000, 0x00007fe138600000, 0x00007fe28e180000)
  from space 699840K,   0% used [0x00007fe28e180000, 0x00007fe28e1805b8, 0x00007fe2b8cf0000)
  to   space 699840K,   0% used [0x00007fe2b8cf0000, 0x00007fe2b8cf0000, 0x00007fe2e3860000)
 tenured generation   total 18191032K, used 16951261K [0x00007fe68db50000, 0x00007feae3ffe000, 0x00007ff138600000)
   the space 18191032K,  93% used [0x00007fe68db50000, 0x00007fea985477b0, 0x00007fea98547800, 0x00007feae3ffe000)
 Metaspace       used 23293K, capacity 23677K, committed 23808K, reserved 24576K
}
Event: 68.966 GC heap after
{Heap after GC invocations=10 (full 6):
 def new generation   total 6298560K, used 0K [0x00007fe138600000, 0x00007fe2e3860000, 0x00007fe68db50000)
  eden space 5598720K,   0% used [0x00007fe138600000, 0x00007fe138600000, 0x00007fe28e180000)
  from space 699840K,   0% used [0x00007fe28e180000, 0x00007fe28e180000, 0x00007fe2b8cf0000)
  to   space 699840K,   0% used [0x00007fe2b8cf0000, 0x00007fe2b8cf0000, 0x00007fe2e3860000)
 tenured generation   total 13996720K, used 4368350K [0x00007fe68db50000, 0x00007fe9e3ffc000, 0x00007ff138600000)
   the space 13996720K,  31% used [0x00007fe68db50000, 0x00007fe798547ba0, 0x00007fe798547c00, 0x00007fe9e3ffc000)
 Metaspace       used 23293K, capacity 23677K, committed 23808K, reserved 24576K
}
Event: 75.262 GC heap before
{Heap before GC invocations=10 (full 6):
 def new generation   total 6298560K, used 109985K [0x00007fe138600000, 0x00007fe2e3860000, 0x00007fe68db50000)
  eden space 5598720K,   1% used [0x00007fe138600000, 0x00007fe13f168480, 0x00007fe28e180000)
  from space 699840K,   0% used [0x00007fe28e180000, 0x00007fe28e180000, 0x00007fe2b8cf0000)
  to   space 699840K,   0% used [0x00007fe2b8cf0000, 0x00007fe2b8cf0000, 0x00007fe2e3860000)
 tenured generation   total 13996720K, used 12756958K [0x00007fe68db50000, 0x00007fe9e3ffc000, 0x00007ff138600000)
   the space 13996720K,  91% used [0x00007fe68db50000, 0x00007fe998547bb8, 0x00007fe998547c00, 0x00007fe9e3ffc000)
 Metaspace       used 23293K, capacity 23677K, committed 23808K, reserved 24576K
}
Event: 75.266 GC heap after
{Heap after GC invocations=11 (full 6):
 def new generation   total 6298560K, used 0K [0x00007fe138600000, 0x00007fe2e3860000, 0x00007fe68db50000)
  eden space 5598720K,   0% used [0x00007fe138600000, 0x00007fe138600000, 0x00007fe28e180000)
  from space 699840K,   0% used [0x00007fe2b8cf0000, 0x00007fe2b8cf0110, 0x00007fe2e3860000)
  to   space 699840K,   0% used [0x00007fe28e180000, 0x00007fe28e180000, 0x00007fe2b8cf0000)
 tenured generation   total 13996720K, used 12756958K [0x00007fe68db50000, 0x00007fe9e3ffc000, 0x00007ff138600000)
   the space 13996720K,  91% used [0x00007fe68db50000, 0x00007fe998547bb8, 0x00007fe998547c00, 0x00007fe9e3ffc000)
 Metaspace       used 23293K, capacity 23677K, committed 23808K, reserved 24576K
}
Event: 75.266 GC heap before
{Heap before GC invocations=11 (full 6):
 def new generation   total 6298560K, used 0K [0x00007fe138600000, 0x00007fe2e3860000, 0x00007fe68db50000)
  eden space 5598720K,   0% used [0x00007fe138600000, 0x00007fe138600000, 0x00007fe28e180000)
  from space 699840K,   0% used [0x00007fe2b8cf0000, 0x00007fe2b8cf0110, 0x00007fe2e3860000)
  to   space 699840K,   0% used [0x00007fe28e180000, 0x00007fe28e180000, 0x00007fe2b8cf0000)
 tenured generation   total 13996720K, used 12756958K [0x00007fe68db50000, 0x00007fe9e3ffc000, 0x00007ff138600000)
   the space 13996720K,  91% used [0x00007fe68db50000, 0x00007fe998547bb8, 0x00007fe998547c00, 0x00007fe9e3ffc000)
 Metaspace       used 23293K, capacity 23677K, committed 23808K, reserved 24576K
}
Event: 76.823 GC heap after
{Heap after GC invocations=11 (full 7):
 def new generation   total 6422016K, used 0K [0x00007fe138600000, 0x00007fe2ebe50000, 0x00007fe68db50000)
  eden space 5708480K,   0% used [0x00007fe138600000, 0x00007fe138600000, 0x00007fe294cb0000)
  from space 713536K,   0% used [0x00007fe294cb0000, 0x00007fe294cb0000, 0x00007fe2c0580000)
  to   space 713536K,   0% used [0x00007fe2c0580000, 0x00007fe2c0580000, 0x00007fe2ebe50000)
 tenured generation   total 14271092K, used 8562654K [0x00007fe68db50000, 0x00007fe9f4bed000, 0x00007ff138600000)
   the space 14271092K,  59% used [0x00007fe68db50000, 0x00007fe898547918, 0x00007fe898547a00, 0x00007fe9f4bed000)
 Metaspace       used 23293K, capacity 23677K, committed 23808K, reserved 24576K
}

