# JRE version: OpenJDK Runtime Environment (13.0.7+5) (build 13.0.7+5-Ubuntu-0ubuntu120.04)
# Java VM: OpenJDK 64-Bit Server VM (13.0.7+5-Ubuntu-0ubuntu120.04, mixed mode, tiered, serial gc, linux-amd64)
Heap:
 def new generation   total 6816960K, used 0K [0x00007fc51c600000, 0x00007fc6eaad0000, 0x00007fca71b50000)
  eden space 6059584K,   0% used [0x00007fc51c600000, 0x00007fc51c600000, 0x00007fc68e390000)
  from space 757376K,   0% used [0x00007fc68e390000, 0x00007fc68e390000, 0x00007fc6bc730000)
  to   space 757376K,   0% used [0x00007fc6bc730000, 0x00007fc6bc730000, 0x00007fc6eaad0000)
 tenured generation   total 15319832K, used 14179808K [0x00007fca71b50000, 0x00007fce18c16000, 0x00007fd51c600000)
   the space 15319832K,  92% used [0x00007fca71b50000, 0x00007fcdd32c83f8, 0x00007fcdd32c8400, 0x00007fce18c16000)
 Metaspace       used 30498K, capacity 30911K, committed 30976K, reserved 32768K
GC Heap History (20 events):
Event: 204.575 GC heap after
{Heap after GC invocations=81 (full 7):
 def new generation   total 4783808K, used 333177K [0x00007fc51c600000, 0x00007fc660cc0000, 0x00007fca71b50000)
  eden space 4252288K,   0% used [0x00007fc51c600000, 0x00007fc51c600000, 0x00007fc61fea0000)
  from space 531520K,  62% used [0x00007fc61fea0000, 0x00007fc6343fe4c0, 0x00007fc6405b0000)
  to   space 531520K,   0% used [0x00007fc6405b0000, 0x00007fc6405b0000, 0x00007fc660cc0000)
 tenured generation   total 10630580K, used 8122017K [0x00007fca71b50000, 0x00007fccfa8bd000, 0x00007fd51c600000)
   the space 10630580K,  76% used [0x00007fca71b50000, 0x00007fcc616f8418, 0x00007fcc616f8600, 0x00007fccfa8bd000)
 Metaspace       used 30498K, capacity 30911K, committed 30976K, reserved 32768K
}
Event: 205.827 GC heap before
{Heap before GC invocations=81 (full 7):
 def new generation   total 4783808K, used 4585465K [0x00007fc51c600000, 0x00007fc660cc0000, 0x00007fca71b50000)
  eden space 4252288K, 100% used [0x00007fc51c600000, 0x00007fc61fea0000, 0x00007fc61fea0000)
  from space 531520K,  62% used [0x00007fc61fea0000, 0x00007fc6343fe4c0, 0x00007fc6405b0000)
  to   space 531520K,   0% used [0x00007fc6405b0000, 0x00007fc6405b0000, 0x00007fc660cc0000)
 tenured generation   total 10630580K, used 8122017K [0x00007fca71b50000, 0x00007fccfa8bd000, 0x00007fd51c600000)
   the space 10630580K,  76% used [0x00007fca71b50000, 0x00007fcc616f8418, 0x00007fcc616f8600, 0x00007fccfa8bd000)
 Metaspace       used 30498K, capacity 30911K, committed 30976K, reserved 32768K
}
Event: 206.946 GC heap after
{Heap after GC invocations=82 (full 7):
 def new generation   total 4783808K, used 375171K [0x00007fc51c600000, 0x00007fc660cc0000, 0x00007fca71b50000)
  eden space 4252288K,   0% used [0x00007fc51c600000, 0x00007fc51c600000, 0x00007fc61fea0000)
  from space 531520K,  70% used [0x00007fc6405b0000, 0x00007fc657410ff0, 0x00007fc660cc0000)
  to   space 531520K,   0% used [0x00007fc61fea0000, 0x00007fc61fea0000, 0x00007fc6405b0000)
 tenured generation   total 10630580K, used 8455193K [0x00007fca71b50000, 0x00007fccfa8bd000, 0x00007fd51c600000)
   the space 10630580K,  79% used [0x00007fca71b50000, 0x00007fcc75c565b8, 0x00007fcc75c56600, 0x00007fccfa8bd000)
 Metaspace       used 30498K, capacity 30911K, committed 30976K, reserved 32768K
}
Event: 240.432 GC heap before
{Heap before GC invocations=82 (full 7):
 def new generation   total 4783808K, used 4627459K [0x00007fc51c600000, 0x00007fc660cc0000, 0x00007fca71b50000)
  eden space 4252288K, 100% used [0x00007fc51c600000, 0x00007fc61fea0000, 0x00007fc61fea0000)
  from space 531520K,  70% used [0x00007fc6405b0000, 0x00007fc657410ff0, 0x00007fc660cc0000)
  to   space 531520K,   0% used [0x00007fc61fea0000, 0x00007fc61fea0000, 0x00007fc6405b0000)
 tenured generation   total 10630580K, used 8455193K [0x00007fca71b50000, 0x00007fccfa8bd000, 0x00007fd51c600000)
   the space 10630580K,  79% used [0x00007fca71b50000, 0x00007fcc75c565b8, 0x00007fcc75c56600, 0x00007fccfa8bd000)
 Metaspace       used 30498K, capacity 30911K, committed 30976K, reserved 32768K
}
Event: 245.514 GC heap after
{Heap after GC invocations=83 (full 7):
 def new generation   total 4783808K, used 531519K [0x00007fc51c600000, 0x00007fc660cc0000, 0x00007fca71b50000)
  eden space 4252288K,   0% used [0x00007fc51c600000, 0x00007fc51c600000, 0x00007fc61fea0000)
  from space 531520K,  99% used [0x00007fc61fea0000, 0x00007fc6405afff0, 0x00007fc6405b0000)
  to   space 531520K,   0% used [0x00007fc6405b0000, 0x00007fc6405b0000, 0x00007fc660cc0000)
 tenured generation   total 10705268K, used 10705092K [0x00007fca71b50000, 0x00007fccff1ad000, 0x00007fd51c600000)
   the space 10705268K,  99% used [0x00007fca71b50000, 0x00007fccff181150, 0x00007fccff181200, 0x00007fccff1ad000)
 Metaspace       used 30498K, capacity 30911K, committed 30976K, reserved 32768K
}
Event: 245.514 GC heap before
{Heap before GC invocations=83 (full 7):
 def new generation   total 4783808K, used 531519K [0x00007fc51c600000, 0x00007fc660cc0000, 0x00007fca71b50000)
  eden space 4252288K,   0% used [0x00007fc51c600000, 0x00007fc51c600000, 0x00007fc61fea0000)
  from space 531520K,  99% used [0x00007fc61fea0000, 0x00007fc6405afff0, 0x00007fc6405b0000)
  to   space 531520K,   0% used [0x00007fc6405b0000, 0x00007fc6405b0000, 0x00007fc660cc0000)
 tenured generation   total 10705268K, used 10705092K [0x00007fca71b50000, 0x00007fccff1ad000, 0x00007fd51c600000)
   the space 10705268K,  99% used [0x00007fca71b50000, 0x00007fccff181150, 0x00007fccff181200, 0x00007fccff1ad000)
 Metaspace       used 30498K, capacity 30911K, committed 30976K, reserved 32768K
}
Event: 261.404 GC heap after
{Heap after GC invocations=83 (full 8):
 def new generation   total 6816960K, used 0K [0x00007fc51c600000, 0x00007fc6eaad0000, 0x00007fca71b50000)
  eden space 6059584K,   0% used [0x00007fc51c600000, 0x00007fc51c600000, 0x00007fc68e390000)
  from space 757376K,   0% used [0x00007fc68e390000, 0x00007fc68e390000, 0x00007fc6bc730000)
  to   space 757376K,   0% used [0x00007fc6bc730000, 0x00007fc6bc730000, 0x00007fc6eaad0000)
 tenured generation   total 15148568K, used 9089139K [0x00007fca71b50000, 0x00007fce0e4d6000, 0x00007fd51c600000)
   the space 15148568K,  59% used [0x00007fca71b50000, 0x00007fcc9c76cf08, 0x00007fcc9c76d000, 0x00007fce0e4d6000)
 Metaspace       used 30498K, capacity 30911K, committed 30976K, reserved 32768K
}
Event: 372.024 GC heap before
{Heap before GC invocations=83 (full 8):
 def new generation   total 6816960K, used 6059584K [0x00007fc51c600000, 0x00007fc6eaad0000, 0x00007fca71b50000)
  eden space 6059584K, 100% used [0x00007fc51c600000, 0x00007fc68e390000, 0x00007fc68e390000)
  from space 757376K,   0% used [0x00007fc68e390000, 0x00007fc68e390000, 0x00007fc6bc730000)
  to   space 757376K,   0% used [0x00007fc6bc730000, 0x00007fc6bc730000, 0x00007fc6eaad0000)
 tenured generation   total 15148568K, used 9089139K [0x00007fca71b50000, 0x00007fce0e4d6000, 0x00007fd51c600000)
   the space 15148568K,  59% used [0x00007fca71b50000, 0x00007fcc9c76cf08, 0x00007fcc9c76d000, 0x00007fce0e4d6000)
 Metaspace       used 30498K, capacity 30911K, committed 30976K, reserved 32768K
}
Event: 374.857 GC heap after
{Heap after GC invocations=84 (full 8):
 def new generation   total 6816960K, used 757375K [0x00007fc51c600000, 0x00007fc6eaad0000, 0x00007fca71b50000)
  eden space 6059584K,   0% used [0x00007fc51c600000, 0x00007fc51c600000, 0x00007fc68e390000)
  from space 757376K,  99% used [0x00007fc6bc730000, 0x00007fc6eaacffe8, 0x00007fc6eaad0000)
  to   space 757376K,   0% used [0x00007fc68e390000, 0x00007fc68e390000, 0x00007fc6bc730000)
 tenured generation   total 15148568K, used 10170409K [0x00007fca71b50000, 0x00007fce0e4d6000, 0x00007fd51c600000)
   the space 15148568K,  67% used [0x00007fca71b50000, 0x00007fccde75a5c8, 0x00007fccde75a600, 0x00007fce0e4d6000)
 Metaspace       used 30498K, capacity 30911K, committed 30976K, reserved 32768K
}
Event: 490.152 GC heap before
{Heap before GC invocations=84 (full 8):
 def new generation   total 6816960K, used 6816959K [0x00007fc51c600000, 0x00007fc6eaad0000, 0x00007fca71b50000)
  eden space 6059584K, 100% used [0x00007fc51c600000, 0x00007fc68e390000, 0x00007fc68e390000)
  from space 757376K,  99% used [0x00007fc6bc730000, 0x00007fc6eaacffe8, 0x00007fc6eaad0000)
  to   space 757376K,   0% used [0x00007fc68e390000, 0x00007fc68e390000, 0x00007fc6bc730000)
 tenured generation   total 15148568K, used 10170409K [0x00007fca71b50000, 0x00007fce0e4d6000, 0x00007fd51c600000)
   the space 15148568K,  67% used [0x00007fca71b50000, 0x00007fccde75a5c8, 0x00007fccde75a600, 0x00007fce0e4d6000)
 Metaspace       used 30498K, capacity 30911K, committed 30976K, reserved 32768K
}
Event: 492.559 GC heap after
{Heap after GC invocations=85 (full 8):
 def new generation   total 6816960K, used 757375K [0x00007fc51c600000, 0x00007fc6eaad0000, 0x00007fca71b50000)
  eden space 6059584K,   0% used [0x00007fc51c600000, 0x00007fc51c600000, 0x00007fc68e390000)
  from space 757376K,  99% used [0x00007fc68e390000, 0x00007fc6bc72fff0, 0x00007fc6bc730000)
  to   space 757376K,   0% used [0x00007fc6bc730000, 0x00007fc6bc730000, 0x00007fc6eaad0000)
 tenured generation   total 15148568K, used 11446105K [0x00007fca71b50000, 0x00007fce0e4d6000, 0x00007fd51c600000)
   the space 15148568K,  75% used [0x00007fca71b50000, 0x00007fcd2c5265b0, 0x00007fcd2c526600, 0x00007fce0e4d6000)
 Metaspace       used 30498K, capacity 30911K, committed 30976K, reserved 32768K
}
Event: 582.351 GC heap before
{Heap before GC invocations=85 (full 8):
 def new generation   total 6816960K, used 6816959K [0x00007fc51c600000, 0x00007fc6eaad0000, 0x00007fca71b50000)
  eden space 6059584K, 100% used [0x00007fc51c600000, 0x00007fc68e390000, 0x00007fc68e390000)
  from space 757376K,  99% used [0x00007fc68e390000, 0x00007fc6bc72fff0, 0x00007fc6bc730000)
  to   space 757376K,   0% used [0x00007fc6bc730000, 0x00007fc6bc730000, 0x00007fc6eaad0000)
 tenured generation   total 15148568K, used 11446105K [0x00007fca71b50000, 0x00007fce0e4d6000, 0x00007fd51c600000)
   the space 15148568K,  75% used [0x00007fca71b50000, 0x00007fcd2c5265b0, 0x00007fcd2c526600, 0x00007fce0e4d6000)
 Metaspace       used 30498K, capacity 30911K, committed 30976K, reserved 32768K
}
Event: 584.838 GC heap after
{Heap after GC invocations=86 (full 8):
 def new generation   total 6816960K, used 757375K [0x00007fc51c600000, 0x00007fc6eaad0000, 0x00007fca71b50000)
  eden space 6059584K,   0% used [0x00007fc51c600000, 0x00007fc51c600000, 0x00007fc68e390000)
  from space 757376K,  99% used [0x00007fc6bc730000, 0x00007fc6eaacfff0, 0x00007fc6eaad0000)
  to   space 757376K,   0% used [0x00007fc68e390000, 0x00007fc68e390000, 0x00007fc6bc730000)
 tenured generation   total 15148568K, used 12721801K [0x00007fca71b50000, 0x00007fce0e4d6000, 0x00007fd51c600000)
   the space 15148568K,  83% used [0x00007fca71b50000, 0x00007fcd7a2f24d0, 0x00007fcd7a2f2600, 0x00007fce0e4d6000)
 Metaspace       used 30498K, capacity 30911K, committed 30976K, reserved 32768K
}
Event: 659.727 GC heap before
{Heap before GC invocations=86 (full 8):
 def new generation   total 6816960K, used 6816959K [0x00007fc51c600000, 0x00007fc6eaad0000, 0x00007fca71b50000)
  eden space 6059584K, 100% used [0x00007fc51c600000, 0x00007fc68e390000, 0x00007fc68e390000)
  from space 757376K,  99% used [0x00007fc6bc730000, 0x00007fc6eaacfff0, 0x00007fc6eaad0000)
  to   space 757376K,   0% used [0x00007fc68e390000, 0x00007fc68e390000, 0x00007fc6bc730000)
 tenured generation   total 15148568K, used 12721801K [0x00007fca71b50000, 0x00007fce0e4d6000, 0x00007fd51c600000)
   the space 15148568K,  83% used [0x00007fca71b50000, 0x00007fcd7a2f24d0, 0x00007fcd7a2f2600, 0x00007fce0e4d6000)
 Metaspace       used 30498K, capacity 30911K, committed 30976K, reserved 32768K
}
Event: 662.031 GC heap after
{Heap after GC invocations=87 (full 8):
 def new generation   total 6816960K, used 757375K [0x00007fc51c600000, 0x00007fc6eaad0000, 0x00007fca71b50000)
  eden space 6059584K,   0% used [0x00007fc51c600000, 0x00007fc51c600000, 0x00007fc68e390000)
  from space 757376K,  99% used [0x00007fc68e390000, 0x00007fc6bc72ffe8, 0x00007fc6bc730000)
  to   space 757376K,   0% used [0x00007fc6bc730000, 0x00007fc6bc730000, 0x00007fc6eaad0000)
 tenured generation   total 15148568K, used 13926454K [0x00007fca71b50000, 0x00007fce0e4d6000, 0x00007fd51c600000)
   the space 15148568K,  91% used [0x00007fca71b50000, 0x00007fcdc3b5db90, 0x00007fcdc3b5dc00, 0x00007fce0e4d6000)
 Metaspace       used 30498K, capacity 30911K, committed 30976K, reserved 32768K
}
Event: 663.729 GC heap before
{Heap before GC invocations=87 (full 8):
 def new generation   total 6816960K, used 6816959K [0x00007fc51c600000, 0x00007fc6eaad0000, 0x00007fca71b50000)
  eden space 6059584K, 100% used [0x00007fc51c600000, 0x00007fc68e390000, 0x00007fc68e390000)
  from space 757376K,  99% used [0x00007fc68e390000, 0x00007fc6bc72ffe8, 0x00007fc6bc730000)
  to   space 757376K,   0% used [0x00007fc6bc730000, 0x00007fc6bc730000, 0x00007fc6eaad0000)
 tenured generation   total 15148568K, used 13926454K [0x00007fca71b50000, 0x00007fce0e4d6000, 0x00007fd51c600000)
   the space 15148568K,  91% used [0x00007fca71b50000, 0x00007fcdc3b5db90, 0x00007fcdc3b5dc00, 0x00007fce0e4d6000)
 Metaspace       used 30498K, capacity 30911K, committed 30976K, reserved 32768K
}
Event: 665.567 GC heap after
{Heap after GC invocations=88 (full 8):
 def new generation   total 6816960K, used 635828K [0x00007fc51c600000, 0x00007fc6eaad0000, 0x00007fca71b50000)
  eden space 6059584K,   0% used [0x00007fc51c600000, 0x00007fc51c600000, 0x00007fc68e390000)
  from space 757376K,  83% used [0x00007fc6bc730000, 0x00007fc6e341d0f0, 0x00007fc6eaad0000)
  to   space 757376K,   0% used [0x00007fc68e390000, 0x00007fc68e390000, 0x00007fc6bc730000)
 tenured generation   total 15148568K, used 14683830K [0x00007fca71b50000, 0x00007fce0e4d6000, 0x00007fd51c600000)
   the space 15148568K,  96% used [0x00007fca71b50000, 0x00007fcdf1efd9c8, 0x00007fcdf1efda00, 0x00007fce0e4d6000)
 Metaspace       used 30498K, capacity 30911K, committed 30976K, reserved 32768K
}
Event: 667.237 GC heap before
{Heap before GC invocations=88 (full 8):
 def new generation   total 6816960K, used 6695412K [0x00007fc51c600000, 0x00007fc6eaad0000, 0x00007fca71b50000)
  eden space 6059584K, 100% used [0x00007fc51c600000, 0x00007fc68e390000, 0x00007fc68e390000)
  from space 757376K,  83% used [0x00007fc6bc730000, 0x00007fc6e341d0f0, 0x00007fc6eaad0000)
  to   space 757376K,   0% used [0x00007fc68e390000, 0x00007fc68e390000, 0x00007fc6bc730000)
 tenured generation   total 15148568K, used 14683830K [0x00007fca71b50000, 0x00007fce0e4d6000, 0x00007fd51c600000)
   the space 15148568K,  96% used [0x00007fca71b50000, 0x00007fcdf1efd9c8, 0x00007fcdf1efda00, 0x00007fce0e4d6000)
 Metaspace       used 30498K, capacity 30911K, committed 30976K, reserved 32768K
}
Event: 668.922 GC heap after
{Heap after GC invocations=89 (full 8):
 def new generation   total 6816960K, used 631781K [0x00007fc51c600000, 0x00007fc6eaad0000, 0x00007fca71b50000)
  eden space 6059584K,   0% used [0x00007fc51c600000, 0x00007fc51c600000, 0x00007fc68e390000)
  from space 757376K,  83% used [0x00007fc68e390000, 0x00007fc6b4c89530, 0x00007fc6bc730000)
  to   space 757376K,   0% used [0x00007fc6bc730000, 0x00007fc6bc730000, 0x00007fc6eaad0000)
 tenured generation   total 15319832K, used 15319658K [0x00007fca71b50000, 0x00007fce18c16000, 0x00007fd51c600000)
   the space 15319832K,  99% used [0x00007fca71b50000, 0x00007fce18bea8a8, 0x00007fce18beaa00, 0x00007fce18c16000)
 Metaspace       used 30498K, capacity 30911K, committed 30976K, reserved 32768K
}
Event: 668.922 GC heap before
{Heap before GC invocations=89 (full 8):
 def new generation   total 6816960K, used 631781K [0x00007fc51c600000, 0x00007fc6eaad0000, 0x00007fca71b50000)
  eden space 6059584K,   0% used [0x00007fc51c600000, 0x00007fc51c600000, 0x00007fc68e390000)
  from space 757376K,  83% used [0x00007fc68e390000, 0x00007fc6b4c89530, 0x00007fc6bc730000)
  to   space 757376K,   0% used [0x00007fc6bc730000, 0x00007fc6bc730000, 0x00007fc6eaad0000)
 tenured generation   total 15319832K, used 15319658K [0x00007fca71b50000, 0x00007fce18c16000, 0x00007fd51c600000)
   the space 15319832K,  99% used [0x00007fca71b50000, 0x00007fce18bea8a8, 0x00007fce18beaa00, 0x00007fce18c16000)
 Metaspace       used 30498K, capacity 30911K, committed 30976K, reserved 32768K
}

