# JRE version: OpenJDK Runtime Environment (13.0.7+5) (build 13.0.7+5-Ubuntu-0ubuntu120.04)
# Java VM: OpenJDK 64-Bit Server VM (13.0.7+5-Ubuntu-0ubuntu120.04, mixed mode, tiered, serial gc, linux-amd64)
Heap:
 def new generation   total 1624896K, used 84757K [0x00007fd7ac600000, 0x00007fd81a910000, 0x00007fe2570a0000)
  eden space 1444416K,   5% used [0x00007fd7ac600000, 0x00007fd7b18c55f8, 0x00007fd804890000)
  from space 180480K,   0% used [0x00007fd804890000, 0x00007fd804890000, 0x00007fd80f8d0000)
  to   space 180480K,   0% used [0x00007fd80f8d0000, 0x00007fd80f8d0000, 0x00007fd81a910000)
 tenured generation   total 3627124K, used 3626932K [0x00007fe2570a0000, 0x00007fe3346bd000, 0x00007ff7ac600000)
   the space 3627124K,  99% used [0x00007fe2570a0000, 0x00007fe33468d278, 0x00007fe33468d400, 0x00007fe3346bd000)
 Metaspace       used 24275K, capacity 24708K, committed 24832K, reserved 26624K
GC Heap History (20 events):
Event: 832.347 GC heap after
{Heap after GC invocations=977 (full 5):
 def new generation   total 1624896K, used 85278K [0x00007fd7ac600000, 0x00007fd81a910000, 0x00007fe2570a0000)
  eden space 1444416K,   0% used [0x00007fd7ac600000, 0x00007fd7ac600000, 0x00007fd804890000)
  from space 180480K,  47% used [0x00007fd80f8d0000, 0x00007fd814c17928, 0x00007fd81a910000)
  to   space 180480K,   0% used [0x00007fd804890000, 0x00007fd804890000, 0x00007fd80f8d0000)
 tenured generation   total 3610736K, used 3558579K [0x00007fe2570a0000, 0x00007fe3336bc000, 0x00007ff7ac600000)
   the space 3610736K,  98% used [0x00007fe2570a0000, 0x00007fe3303cce60, 0x00007fe3303cd000, 0x00007fe3336bc000)
 Metaspace       used 24275K, capacity 24708K, committed 24832K, reserved 26624K
}
Event: 833.977 GC heap before
{Heap before GC invocations=977 (full 5):
 def new generation   total 1624896K, used 1529694K [0x00007fd7ac600000, 0x00007fd81a910000, 0x00007fe2570a0000)
  eden space 1444416K, 100% used [0x00007fd7ac600000, 0x00007fd804890000, 0x00007fd804890000)
  from space 180480K,  47% used [0x00007fd80f8d0000, 0x00007fd814c17928, 0x00007fd81a910000)
  to   space 180480K,   0% used [0x00007fd804890000, 0x00007fd804890000, 0x00007fd80f8d0000)
 tenured generation   total 3610736K, used 3558579K [0x00007fe2570a0000, 0x00007fe3336bc000, 0x00007ff7ac600000)
   the space 3610736K,  98% used [0x00007fe2570a0000, 0x00007fe3303cce60, 0x00007fe3303cd000, 0x00007fe3336bc000)
 Metaspace       used 24275K, capacity 24708K, committed 24832K, reserved 26624K
}
Event: 834.056 GC heap after
{Heap after GC invocations=978 (full 5):
 def new generation   total 1624896K, used 95584K [0x00007fd7ac600000, 0x00007fd81a910000, 0x00007fe2570a0000)
  eden space 1444416K,   0% used [0x00007fd7ac600000, 0x00007fd7ac600000, 0x00007fd804890000)
  from space 180480K,  52% used [0x00007fd804890000, 0x00007fd80a5e80f8, 0x00007fd80f8d0000)
  to   space 180480K,   0% used [0x00007fd80f8d0000, 0x00007fd80f8d0000, 0x00007fd81a910000)
 tenured generation   total 3610736K, used 3558579K [0x00007fe2570a0000, 0x00007fe3336bc000, 0x00007ff7ac600000)
   the space 3610736K,  98% used [0x00007fe2570a0000, 0x00007fe3303cce60, 0x00007fe3303cd000, 0x00007fe3336bc000)
 Metaspace       used 24275K, capacity 24708K, committed 24832K, reserved 26624K
}
Event: 835.515 GC heap before
{Heap before GC invocations=978 (full 5):
 def new generation   total 1624896K, used 1540000K [0x00007fd7ac600000, 0x00007fd81a910000, 0x00007fe2570a0000)
  eden space 1444416K, 100% used [0x00007fd7ac600000, 0x00007fd804890000, 0x00007fd804890000)
  from space 180480K,  52% used [0x00007fd804890000, 0x00007fd80a5e80f8, 0x00007fd80f8d0000)
  to   space 180480K,   0% used [0x00007fd80f8d0000, 0x00007fd80f8d0000, 0x00007fd81a910000)
 tenured generation   total 3610736K, used 3558579K [0x00007fe2570a0000, 0x00007fe3336bc000, 0x00007ff7ac600000)
   the space 3610736K,  98% used [0x00007fe2570a0000, 0x00007fe3303cce60, 0x00007fe3303cd000, 0x00007fe3336bc000)
 Metaspace       used 24275K, capacity 24708K, committed 24832K, reserved 26624K
}
Event: 835.609 GC heap after
{Heap after GC invocations=979 (full 5):
 def new generation   total 1624896K, used 84763K [0x00007fd7ac600000, 0x00007fd81a910000, 0x00007fe2570a0000)
  eden space 1444416K,   0% used [0x00007fd7ac600000, 0x00007fd7ac600000, 0x00007fd804890000)
  from space 180480K,  46% used [0x00007fd80f8d0000, 0x00007fd814b96f88, 0x00007fd81a910000)
  to   space 180480K,   0% used [0x00007fd804890000, 0x00007fd804890000, 0x00007fd80f8d0000)
 tenured generation   total 3610736K, used 3575538K [0x00007fe2570a0000, 0x00007fe3336bc000, 0x00007ff7ac600000)
   the space 3610736K,  99% used [0x00007fe2570a0000, 0x00007fe33145c8b8, 0x00007fe33145ca00, 0x00007fe3336bc000)
 Metaspace       used 24275K, capacity 24708K, committed 24832K, reserved 26624K
}
Event: 837.046 GC heap before
{Heap before GC invocations=979 (full 5):
 def new generation   total 1624896K, used 1529179K [0x00007fd7ac600000, 0x00007fd81a910000, 0x00007fe2570a0000)
  eden space 1444416K, 100% used [0x00007fd7ac600000, 0x00007fd804890000, 0x00007fd804890000)
  from space 180480K,  46% used [0x00007fd80f8d0000, 0x00007fd814b96f88, 0x00007fd81a910000)
  to   space 180480K,   0% used [0x00007fd804890000, 0x00007fd804890000, 0x00007fd80f8d0000)
 tenured generation   total 3610736K, used 3575538K [0x00007fe2570a0000, 0x00007fe3336bc000, 0x00007ff7ac600000)
   the space 3610736K,  99% used [0x00007fe2570a0000, 0x00007fe33145c8b8, 0x00007fe33145ca00, 0x00007fe3336bc000)
 Metaspace       used 24275K, capacity 24708K, committed 24832K, reserved 26624K
}
Event: 837.100 GC heap after
{Heap after GC invocations=980 (full 5):
 def new generation   total 1624896K, used 94543K [0x00007fd7ac600000, 0x00007fd81a910000, 0x00007fe2570a0000)
  eden space 1444416K,   0% used [0x00007fd7ac600000, 0x00007fd7ac600000, 0x00007fd804890000)
  from space 180480K,  52% used [0x00007fd804890000, 0x00007fd80a4e3ed0, 0x00007fd80f8d0000)
  to   space 180480K,   0% used [0x00007fd80f8d0000, 0x00007fd80f8d0000, 0x00007fd81a910000)
 tenured generation   total 3610736K, used 3575538K [0x00007fe2570a0000, 0x00007fe3336bc000, 0x00007ff7ac600000)
   the space 3610736K,  99% used [0x00007fe2570a0000, 0x00007fe33145c8b8, 0x00007fe33145ca00, 0x00007fe3336bc000)
 Metaspace       used 24275K, capacity 24708K, committed 24832K, reserved 26624K
}
Event: 838.543 GC heap before
{Heap before GC invocations=980 (full 5):
 def new generation   total 1624896K, used 1538959K [0x00007fd7ac600000, 0x00007fd81a910000, 0x00007fe2570a0000)
  eden space 1444416K, 100% used [0x00007fd7ac600000, 0x00007fd804890000, 0x00007fd804890000)
  from space 180480K,  52% used [0x00007fd804890000, 0x00007fd80a4e3ed0, 0x00007fd80f8d0000)
  to   space 180480K,   0% used [0x00007fd80f8d0000, 0x00007fd80f8d0000, 0x00007fd81a910000)
 tenured generation   total 3610736K, used 3575538K [0x00007fe2570a0000, 0x00007fe3336bc000, 0x00007ff7ac600000)
   the space 3610736K,  99% used [0x00007fe2570a0000, 0x00007fe33145c8b8, 0x00007fe33145ca00, 0x00007fe3336bc000)
 Metaspace       used 24275K, capacity 24708K, committed 24832K, reserved 26624K
}
Event: 838.616 GC heap after
{Heap after GC invocations=981 (full 5):
 def new generation   total 1624896K, used 84763K [0x00007fd7ac600000, 0x00007fd81a910000, 0x00007fe2570a0000)
  eden space 1444416K,   0% used [0x00007fd7ac600000, 0x00007fd7ac600000, 0x00007fd804890000)
  from space 180480K,  46% used [0x00007fd80f8d0000, 0x00007fd814b96f88, 0x00007fd81a910000)
  to   space 180480K,   0% used [0x00007fd804890000, 0x00007fd804890000, 0x00007fd80f8d0000)
 tenured generation   total 3610736K, used 3592496K [0x00007fe2570a0000, 0x00007fe3336bc000, 0x00007ff7ac600000)
   the space 3610736K,  99% used [0x00007fe2570a0000, 0x00007fe3324ec310, 0x00007fe3324ec400, 0x00007fe3336bc000)
 Metaspace       used 24275K, capacity 24708K, committed 24832K, reserved 26624K
}
Event: 839.977 GC heap before
{Heap before GC invocations=981 (full 5):
 def new generation   total 1624896K, used 1527811K [0x00007fd7ac600000, 0x00007fd81a910000, 0x00007fe2570a0000)
  eden space 1444416K,  99% used [0x00007fd7ac600000, 0x00007fd804739d18, 0x00007fd804890000)
  from space 180480K,  46% used [0x00007fd80f8d0000, 0x00007fd814b96f88, 0x00007fd81a910000)
  to   space 180480K,   0% used [0x00007fd804890000, 0x00007fd804890000, 0x00007fd80f8d0000)
 tenured generation   total 3610736K, used 3592496K [0x00007fe2570a0000, 0x00007fe3336bc000, 0x00007ff7ac600000)
   the space 3610736K,  99% used [0x00007fe2570a0000, 0x00007fe3324ec310, 0x00007fe3324ec400, 0x00007fe3336bc000)
 Metaspace       used 24275K, capacity 24708K, committed 24832K, reserved 26624K
}
Event: 840.050 GC heap after
{Heap after GC invocations=982 (full 5):
 def new generation   total 1624896K, used 106366K [0x00007fd7ac600000, 0x00007fd81a910000, 0x00007fe2570a0000)
  eden space 1444416K,   0% used [0x00007fd7ac600000, 0x00007fd7ac600000, 0x00007fd804890000)
  from space 180480K,  58% used [0x00007fd804890000, 0x00007fd80b06f9f0, 0x00007fd80f8d0000)
  to   space 180480K,   0% used [0x00007fd80f8d0000, 0x00007fd80f8d0000, 0x00007fd81a910000)
 tenured generation   total 3610736K, used 3592496K [0x00007fe2570a0000, 0x00007fe3336bc000, 0x00007ff7ac600000)
   the space 3610736K,  99% used [0x00007fe2570a0000, 0x00007fe3324ec310, 0x00007fe3324ec400, 0x00007fe3336bc000)
 Metaspace       used 24275K, capacity 24708K, committed 24832K, reserved 26624K
}
Event: 841.657 GC heap before
{Heap before GC invocations=982 (full 5):
 def new generation   total 1624896K, used 1550782K [0x00007fd7ac600000, 0x00007fd81a910000, 0x00007fe2570a0000)
  eden space 1444416K, 100% used [0x00007fd7ac600000, 0x00007fd804890000, 0x00007fd804890000)
  from space 180480K,  58% used [0x00007fd804890000, 0x00007fd80b06f9f0, 0x00007fd80f8d0000)
  to   space 180480K,   0% used [0x00007fd80f8d0000, 0x00007fd80f8d0000, 0x00007fd81a910000)
 tenured generation   total 3610736K, used 3592496K [0x00007fe2570a0000, 0x00007fe3336bc000, 0x00007ff7ac600000)
   the space 3610736K,  99% used [0x00007fe2570a0000, 0x00007fe3324ec310, 0x00007fe3324ec400, 0x00007fe3336bc000)
 Metaspace       used 24275K, capacity 24708K, committed 24832K, reserved 26624K
}
Event: 841.730 GC heap after
{Heap after GC invocations=983 (full 5):
 def new generation   total 1624896K, used 83226K [0x00007fd7ac600000, 0x00007fd81a910000, 0x00007fe2570a0000)
  eden space 1444416K,   0% used [0x00007fd7ac600000, 0x00007fd7ac600000, 0x00007fd804890000)
  from space 180480K,  46% used [0x00007fd80f8d0000, 0x00007fd814a16a48, 0x00007fd81a910000)
  to   space 180480K,   0% used [0x00007fd804890000, 0x00007fd804890000, 0x00007fd80f8d0000)
 tenured generation   total 3610736K, used 3609455K [0x00007fe2570a0000, 0x00007fe3336bc000, 0x00007ff7ac600000)
   the space 3610736K,  99% used [0x00007fe2570a0000, 0x00007fe33357bd68, 0x00007fe33357be00, 0x00007fe3336bc000)
 Metaspace       used 24275K, capacity 24708K, committed 24832K, reserved 26624K
}
Event: 843.013 GC heap before
{Heap before GC invocations=983 (full 5):
 def new generation   total 1624896K, used 1527642K [0x00007fd7ac600000, 0x00007fd81a910000, 0x00007fe2570a0000)
  eden space 1444416K, 100% used [0x00007fd7ac600000, 0x00007fd804890000, 0x00007fd804890000)
  from space 180480K,  46% used [0x00007fd80f8d0000, 0x00007fd814a16a48, 0x00007fd81a910000)
  to   space 180480K,   0% used [0x00007fd804890000, 0x00007fd804890000, 0x00007fd80f8d0000)
 tenured generation   total 3610736K, used 3609455K [0x00007fe2570a0000, 0x00007fe3336bc000, 0x00007ff7ac600000)
   the space 3610736K,  99% used [0x00007fe2570a0000, 0x00007fe33357bd68, 0x00007fe33357be00, 0x00007fe3336bc000)
 Metaspace       used 24275K, capacity 24708K, committed 24832K, reserved 26624K
}
Event: 843.072 GC heap after
{Heap after GC invocations=984 (full 5):
 def new generation   total 1624896K, used 89000K [0x00007fd7ac600000, 0x00007fd81a910000, 0x00007fe2570a0000)
  eden space 1444416K,   0% used [0x00007fd7ac600000, 0x00007fd7ac600000, 0x00007fd804890000)
  from space 180480K,  49% used [0x00007fd804890000, 0x00007fd809f7a298, 0x00007fd80f8d0000)
  to   space 180480K,   0% used [0x00007fd80f8d0000, 0x00007fd80f8d0000, 0x00007fd81a910000)
 tenured generation   total 3610736K, used 3609455K [0x00007fe2570a0000, 0x00007fe3336bc000, 0x00007ff7ac600000)
   the space 3610736K,  99% used [0x00007fe2570a0000, 0x00007fe33357bd68, 0x00007fe33357be00, 0x00007fe3336bc000)
 Metaspace       used 24275K, capacity 24708K, committed 24832K, reserved 26624K
}
Event: 844.683 GC heap before
{Heap before GC invocations=984 (full 5):
 def new generation   total 1624896K, used 1533416K [0x00007fd7ac600000, 0x00007fd81a910000, 0x00007fe2570a0000)
  eden space 1444416K, 100% used [0x00007fd7ac600000, 0x00007fd804890000, 0x00007fd804890000)
  from space 180480K,  49% used [0x00007fd804890000, 0x00007fd809f7a298, 0x00007fd80f8d0000)
  to   space 180480K,   0% used [0x00007fd80f8d0000, 0x00007fd80f8d0000, 0x00007fd81a910000)
 tenured generation   total 3610736K, used 3609455K [0x00007fe2570a0000, 0x00007fe3336bc000, 0x00007ff7ac600000)
   the space 3610736K,  99% used [0x00007fe2570a0000, 0x00007fe33357bd68, 0x00007fe33357be00, 0x00007fe3336bc000)
 Metaspace       used 24275K, capacity 24708K, committed 24832K, reserved 26624K
}
Event: 844.756 GC heap after
{Heap after GC invocations=985 (full 5):
 def new generation   total 1624896K, used 97633K [0x00007fd7ac600000, 0x00007fd81a910000, 0x00007fe2570a0000)
  eden space 1444416K,   0% used [0x00007fd7ac600000, 0x00007fd7ac600000, 0x00007fd804890000)
  from space 180480K,  54% used [0x00007fd80f8d0000, 0x00007fd815828678, 0x00007fd81a910000)
  to   space 180480K,   0% used [0x00007fd804890000, 0x00007fd804890000, 0x00007fd80f8d0000)
 tenured generation   total 3610736K, used 3609455K [0x00007fe2570a0000, 0x00007fe3336bc000, 0x00007ff7ac600000)
   the space 3610736K,  99% used [0x00007fe2570a0000, 0x00007fe33357bd68, 0x00007fe33357be00, 0x00007fe3336bc000)
 Metaspace       used 24275K, capacity 24708K, committed 24832K, reserved 26624K
}
Event: 846.157 GC heap before
{Heap before GC invocations=985 (full 5):
 def new generation   total 1624896K, used 1542049K [0x00007fd7ac600000, 0x00007fd81a910000, 0x00007fe2570a0000)
  eden space 1444416K, 100% used [0x00007fd7ac600000, 0x00007fd804890000, 0x00007fd804890000)
  from space 180480K,  54% used [0x00007fd80f8d0000, 0x00007fd815828678, 0x00007fd81a910000)
  to   space 180480K,   0% used [0x00007fd804890000, 0x00007fd804890000, 0x00007fd80f8d0000)
 tenured generation   total 3610736K, used 3609455K [0x00007fe2570a0000, 0x00007fe3336bc000, 0x00007ff7ac600000)
   the space 3610736K,  99% used [0x00007fe2570a0000, 0x00007fe33357bd68, 0x00007fe33357be00, 0x00007fe3336bc000)
 Metaspace       used 24275K, capacity 24708K, committed 24832K, reserved 26624K
}
Event: 846.238 GC heap after
{Heap after GC invocations=986 (full 5):
 def new generation   total 1624896K, used 85276K [0x00007fd7ac600000, 0x00007fd81a910000, 0x00007fe2570a0000)
  eden space 1444416K,   0% used [0x00007fd7ac600000, 0x00007fd7ac600000, 0x00007fd804890000)
  from space 180480K,  47% used [0x00007fd804890000, 0x00007fd809bd70b0, 0x00007fd80f8d0000)
  to   space 180480K,   0% used [0x00007fd80f8d0000, 0x00007fd80f8d0000, 0x00007fd81a910000)
 tenured generation   total 3627124K, used 3626413K [0x00007fe2570a0000, 0x00007fe3346bd000, 0x00007ff7ac600000)
   the space 3627124K,  99% used [0x00007fe2570a0000, 0x00007fe33460b7c0, 0x00007fe33460b800, 0x00007fe3346bd000)
 Metaspace       used 24275K, capacity 24708K, committed 24832K, reserved 26624K
}
Event: 846.239 GC heap before
{Heap before GC invocations=986 (full 5):
 def new generation   total 1624896K, used 85276K [0x00007fd7ac600000, 0x00007fd81a910000, 0x00007fe2570a0000)
  eden space 1444416K,   0% used [0x00007fd7ac600000, 0x00007fd7ac600000, 0x00007fd804890000)
  from space 180480K,  47% used [0x00007fd804890000, 0x00007fd809bd70b0, 0x00007fd80f8d0000)
  to   space 180480K,   0% used [0x00007fd80f8d0000, 0x00007fd80f8d0000, 0x00007fd81a910000)
 tenured generation   total 3627124K, used 3626413K [0x00007fe2570a0000, 0x00007fe3346bd000, 0x00007ff7ac600000)
   the space 3627124K,  99% used [0x00007fe2570a0000, 0x00007fe33460b7c0, 0x00007fe33460b800, 0x00007fe3346bd000)
 Metaspace       used 24275K, capacity 24708K, committed 24832K, reserved 26624K
}

