# JRE version: OpenJDK Runtime Environment (13.0.7+5) (build 13.0.7+5-Ubuntu-0ubuntu120.04)
# Java VM: OpenJDK 64-Bit Server VM (13.0.7+5-Ubuntu-0ubuntu120.04, mixed mode, tiered, serial gc, linux-amd64)
Heap:
 def new generation   total 1048832K, used 3640K [0x00007faa74600000, 0x00007faabb800000, 0x00007fafc9b50000)
  eden space 932352K,   0% used [0x00007faa74600000, 0x00007faa7498e140, 0x00007faaad480000)
  from space 116480K,   0% used [0x00007faab4640000, 0x00007faab4640000, 0x00007faabb800000)
  to   space 116480K,   0% used [0x00007faaad480000, 0x00007faaad480000, 0x00007faab4640000)
 tenured generation   total 2330944K, used 2330943K [0x00007fafc9b50000, 0x00007fb057fa0000, 0x00007fba74600000)
   the space 2330944K,  99% used [0x00007fafc9b50000, 0x00007fb057f9fff8, 0x00007fb057fa0000, 0x00007fb057fa0000)
 Metaspace       used 24359K, capacity 24778K, committed 24832K, reserved 26624K
GC Heap History (20 events):
Event: 7632.704 GC heap after
{Heap after GC invocations=12493 (full 2):
 def new generation   total 1048832K, used 3812K [0x00007faa74600000, 0x00007faabb800000, 0x00007fafc9b50000)
  eden space 932352K,   0% used [0x00007faa74600000, 0x00007faa74600000, 0x00007faaad480000)
  from space 116480K,   3% used [0x00007faaad480000, 0x00007faaad8392b8, 0x00007faab4640000)
  to   space 116480K,   0% used [0x00007faab4640000, 0x00007faab4640000, 0x00007faabb800000)
 tenured generation   total 2330560K, used 2328419K [0x00007fafc9b50000, 0x00007fb057f40000, 0x00007fba74600000)
   the space 2330560K,  99% used [0x00007fafc9b50000, 0x00007fb057d28e60, 0x00007fb057d29000, 0x00007fb057f40000)
 Metaspace       used 24359K, capacity 24778K, committed 24832K, reserved 26624K
}
Event: 7633.482 GC heap before
{Heap before GC invocations=12493 (full 2):
 def new generation   total 1048832K, used 936164K [0x00007faa74600000, 0x00007faabb800000, 0x00007fafc9b50000)
  eden space 932352K, 100% used [0x00007faa74600000, 0x00007faaad480000, 0x00007faaad480000)
  from space 116480K,   3% used [0x00007faaad480000, 0x00007faaad8392b8, 0x00007faab4640000)
  to   space 116480K,   0% used [0x00007faab4640000, 0x00007faab4640000, 0x00007faabb800000)
 tenured generation   total 2330560K, used 2328419K [0x00007fafc9b50000, 0x00007fb057f40000, 0x00007fba74600000)
   the space 2330560K,  99% used [0x00007fafc9b50000, 0x00007fb057d28e60, 0x00007fb057d29000, 0x00007fb057f40000)
 Metaspace       used 24359K, capacity 24778K, committed 24832K, reserved 26624K
}
Event: 7633.493 GC heap after
{Heap after GC invocations=12494 (full 2):
 def new generation   total 1048832K, used 3819K [0x00007faa74600000, 0x00007faabb800000, 0x00007fafc9b50000)
  eden space 932352K,   0% used [0x00007faa74600000, 0x00007faa74600000, 0x00007faaad480000)
  from space 116480K,   3% used [0x00007faab4640000, 0x00007faab49fad20, 0x00007faabb800000)
  to   space 116480K,   0% used [0x00007faaad480000, 0x00007faaad480000, 0x00007faab4640000)
 tenured generation   total 2330560K, used 2328688K [0x00007fafc9b50000, 0x00007fb057f40000, 0x00007fba74600000)
   the space 2330560K,  99% used [0x00007fafc9b50000, 0x00007fb057d6c0f0, 0x00007fb057d6c200, 0x00007fb057f40000)
 Metaspace       used 24359K, capacity 24778K, committed 24832K, reserved 26624K
}
Event: 7634.242 GC heap before
{Heap before GC invocations=12494 (full 2):
 def new generation   total 1048832K, used 936171K [0x00007faa74600000, 0x00007faabb800000, 0x00007fafc9b50000)
  eden space 932352K, 100% used [0x00007faa74600000, 0x00007faaad480000, 0x00007faaad480000)
  from space 116480K,   3% used [0x00007faab4640000, 0x00007faab49fad20, 0x00007faabb800000)
  to   space 116480K,   0% used [0x00007faaad480000, 0x00007faaad480000, 0x00007faab4640000)
 tenured generation   total 2330560K, used 2328688K [0x00007fafc9b50000, 0x00007fb057f40000, 0x00007fba74600000)
   the space 2330560K,  99% used [0x00007fafc9b50000, 0x00007fb057d6c0f0, 0x00007fb057d6c200, 0x00007fb057f40000)
 Metaspace       used 24359K, capacity 24778K, committed 24832K, reserved 26624K
}
Event: 7634.252 GC heap after
{Heap after GC invocations=12495 (full 2):
 def new generation   total 1048832K, used 3811K [0x00007faa74600000, 0x00007faabb800000, 0x00007fafc9b50000)
  eden space 932352K,   0% used [0x00007faa74600000, 0x00007faa74600000, 0x00007faaad480000)
  from space 116480K,   3% used [0x00007faaad480000, 0x00007faaad838c90, 0x00007faab4640000)
  to   space 116480K,   0% used [0x00007faab4640000, 0x00007faab4640000, 0x00007faabb800000)
 tenured generation   total 2330560K, used 2328939K [0x00007fafc9b50000, 0x00007fb057f40000, 0x00007fba74600000)
   the space 2330560K,  99% used [0x00007fafc9b50000, 0x00007fb057daaf20, 0x00007fb057dab000, 0x00007fb057f40000)
 Metaspace       used 24359K, capacity 24778K, committed 24832K, reserved 26624K
}
Event: 7635.047 GC heap before
{Heap before GC invocations=12495 (full 2):
 def new generation   total 1048832K, used 936163K [0x00007faa74600000, 0x00007faabb800000, 0x00007fafc9b50000)
  eden space 932352K, 100% used [0x00007faa74600000, 0x00007faaad480000, 0x00007faaad480000)
  from space 116480K,   3% used [0x00007faaad480000, 0x00007faaad838c90, 0x00007faab4640000)
  to   space 116480K,   0% used [0x00007faab4640000, 0x00007faab4640000, 0x00007faabb800000)
 tenured generation   total 2330560K, used 2328939K [0x00007fafc9b50000, 0x00007fb057f40000, 0x00007fba74600000)
   the space 2330560K,  99% used [0x00007fafc9b50000, 0x00007fb057daaf20, 0x00007fb057dab000, 0x00007fb057f40000)
 Metaspace       used 24359K, capacity 24778K, committed 24832K, reserved 26624K
}
Event: 7635.059 GC heap after
{Heap after GC invocations=12496 (full 2):
 def new generation   total 1048832K, used 3808K [0x00007faa74600000, 0x00007faabb800000, 0x00007fafc9b50000)
  eden space 932352K,   0% used [0x00007faa74600000, 0x00007faa74600000, 0x00007faaad480000)
  from space 116480K,   3% used [0x00007faab4640000, 0x00007faab49f83c8, 0x00007faabb800000)
  to   space 116480K,   0% used [0x00007faaad480000, 0x00007faaad480000, 0x00007faab4640000)
 tenured generation   total 2330560K, used 2329213K [0x00007fafc9b50000, 0x00007fb057f40000, 0x00007fba74600000)
   the space 2330560K,  99% used [0x00007fafc9b50000, 0x00007fb057def4a0, 0x00007fb057def600, 0x00007fb057f40000)
 Metaspace       used 24359K, capacity 24778K, committed 24832K, reserved 26624K
}
Event: 7635.904 GC heap before
{Heap before GC invocations=12496 (full 2):
 def new generation   total 1048832K, used 936160K [0x00007faa74600000, 0x00007faabb800000, 0x00007fafc9b50000)
  eden space 932352K, 100% used [0x00007faa74600000, 0x00007faaad480000, 0x00007faaad480000)
  from space 116480K,   3% used [0x00007faab4640000, 0x00007faab49f83c8, 0x00007faabb800000)
  to   space 116480K,   0% used [0x00007faaad480000, 0x00007faaad480000, 0x00007faab4640000)
 tenured generation   total 2330560K, used 2329213K [0x00007fafc9b50000, 0x00007fb057f40000, 0x00007fba74600000)
   the space 2330560K,  99% used [0x00007fafc9b50000, 0x00007fb057def4a0, 0x00007fb057def600, 0x00007fb057f40000)
 Metaspace       used 24359K, capacity 24778K, committed 24832K, reserved 26624K
}
Event: 7635.915 GC heap after
{Heap after GC invocations=12497 (full 2):
 def new generation   total 1048832K, used 3816K [0x00007faa74600000, 0x00007faabb800000, 0x00007fafc9b50000)
  eden space 932352K,   0% used [0x00007faa74600000, 0x00007faa74600000, 0x00007faaad480000)
  from space 116480K,   3% used [0x00007faaad480000, 0x00007faaad83a148, 0x00007faab4640000)
  to   space 116480K,   0% used [0x00007faab4640000, 0x00007faab4640000, 0x00007faabb800000)
 tenured generation   total 2330560K, used 2329481K [0x00007fafc9b50000, 0x00007fb057f40000, 0x00007fba74600000)
   the space 2330560K,  99% used [0x00007fafc9b50000, 0x00007fb057e32730, 0x00007fb057e32800, 0x00007fb057f40000)
 Metaspace       used 24359K, capacity 24778K, committed 24832K, reserved 26624K
}
Event: 7636.672 GC heap before
{Heap before GC invocations=12497 (full 2):
 def new generation   total 1048832K, used 936168K [0x00007faa74600000, 0x00007faabb800000, 0x00007fafc9b50000)
  eden space 932352K, 100% used [0x00007faa74600000, 0x00007faaad480000, 0x00007faaad480000)
  from space 116480K,   3% used [0x00007faaad480000, 0x00007faaad83a148, 0x00007faab4640000)
  to   space 116480K,   0% used [0x00007faab4640000, 0x00007faab4640000, 0x00007faabb800000)
 tenured generation   total 2330560K, used 2329481K [0x00007fafc9b50000, 0x00007fb057f40000, 0x00007fba74600000)
   the space 2330560K,  99% used [0x00007fafc9b50000, 0x00007fb057e32730, 0x00007fb057e32800, 0x00007fb057f40000)
 Metaspace       used 24359K, capacity 24778K, committed 24832K, reserved 26624K
}
Event: 7636.680 GC heap after
{Heap after GC invocations=12498 (full 2):
 def new generation   total 1048832K, used 3807K [0x00007faa74600000, 0x00007faabb800000, 0x00007fafc9b50000)
  eden space 932352K,   0% used [0x00007faa74600000, 0x00007faa74600000, 0x00007faaad480000)
  from space 116480K,   3% used [0x00007faab4640000, 0x00007faab49f7d88, 0x00007faabb800000)
  to   space 116480K,   0% used [0x00007faaad480000, 0x00007faaad480000, 0x00007faab4640000)
 tenured generation   total 2330560K, used 2329733K [0x00007fafc9b50000, 0x00007fb057f40000, 0x00007fba74600000)
   the space 2330560K,  99% used [0x00007fafc9b50000, 0x00007fb057e71560, 0x00007fb057e71600, 0x00007fb057f40000)
 Metaspace       used 24359K, capacity 24778K, committed 24832K, reserved 26624K
}
Event: 7637.514 GC heap before
{Heap before GC invocations=12498 (full 2):
 def new generation   total 1048832K, used 936159K [0x00007faa74600000, 0x00007faabb800000, 0x00007fafc9b50000)
  eden space 932352K, 100% used [0x00007faa74600000, 0x00007faaad480000, 0x00007faaad480000)
  from space 116480K,   3% used [0x00007faab4640000, 0x00007faab49f7d88, 0x00007faabb800000)
  to   space 116480K,   0% used [0x00007faaad480000, 0x00007faaad480000, 0x00007faab4640000)
 tenured generation   total 2330560K, used 2329733K [0x00007fafc9b50000, 0x00007fb057f40000, 0x00007fba74600000)
   the space 2330560K,  99% used [0x00007fafc9b50000, 0x00007fb057e71560, 0x00007fb057e71600, 0x00007fb057f40000)
 Metaspace       used 24359K, capacity 24778K, committed 24832K, reserved 26624K
}
Event: 7637.525 GC heap after
{Heap after GC invocations=12499 (full 2):
 def new generation   total 1048832K, used 3809K [0x00007faa74600000, 0x00007faabb800000, 0x00007fafc9b50000)
  eden space 932352K,   0% used [0x00007faa74600000, 0x00007faa74600000, 0x00007faaad480000)
  from space 116480K,   3% used [0x00007faaad480000, 0x00007faaad8384e0, 0x00007faab4640000)
  to   space 116480K,   0% used [0x00007faab4640000, 0x00007faab4640000, 0x00007faabb800000)
 tenured generation   total 2330560K, used 2330002K [0x00007fafc9b50000, 0x00007fb057f40000, 0x00007fba74600000)
   the space 2330560K,  99% used [0x00007fafc9b50000, 0x00007fb057eb49a0, 0x00007fb057eb4a00, 0x00007fb057f40000)
 Metaspace       used 24359K, capacity 24778K, committed 24832K, reserved 26624K
}
Event: 7638.311 GC heap before
{Heap before GC invocations=12499 (full 2):
 def new generation   total 1048832K, used 936161K [0x00007faa74600000, 0x00007faabb800000, 0x00007fafc9b50000)
  eden space 932352K, 100% used [0x00007faa74600000, 0x00007faaad480000, 0x00007faaad480000)
  from space 116480K,   3% used [0x00007faaad480000, 0x00007faaad8384e0, 0x00007faab4640000)
  to   space 116480K,   0% used [0x00007faab4640000, 0x00007faab4640000, 0x00007faabb800000)
 tenured generation   total 2330560K, used 2330002K [0x00007fafc9b50000, 0x00007fb057f40000, 0x00007fba74600000)
   the space 2330560K,  99% used [0x00007fafc9b50000, 0x00007fb057eb49a0, 0x00007fb057eb4a00, 0x00007fb057f40000)
 Metaspace       used 24359K, capacity 24778K, committed 24832K, reserved 26624K
}
Event: 7638.321 GC heap after
{Heap after GC invocations=12500 (full 2):
 def new generation   total 1048832K, used 3820K [0x00007faa74600000, 0x00007faabb800000, 0x00007fafc9b50000)
  eden space 932352K,   0% used [0x00007faa74600000, 0x00007faa74600000, 0x00007faaad480000)
  from space 116480K,   3% used [0x00007faab4640000, 0x00007faab49fb298, 0x00007faabb800000)
  to   space 116480K,   0% used [0x00007faaad480000, 0x00007faaad480000, 0x00007faab4640000)
 tenured generation   total 2330560K, used 2330271K [0x00007fafc9b50000, 0x00007fb057f40000, 0x00007fba74600000)
   the space 2330560K,  99% used [0x00007fafc9b50000, 0x00007fb057ef7c30, 0x00007fb057ef7e00, 0x00007fb057f40000)
 Metaspace       used 24359K, capacity 24778K, committed 24832K, reserved 26624K
}
Event: 7639.073 GC heap before
{Heap before GC invocations=12500 (full 2):
 def new generation   total 1048832K, used 936172K [0x00007faa74600000, 0x00007faabb800000, 0x00007fafc9b50000)
  eden space 932352K, 100% used [0x00007faa74600000, 0x00007faaad480000, 0x00007faaad480000)
  from space 116480K,   3% used [0x00007faab4640000, 0x00007faab49fb298, 0x00007faabb800000)
  to   space 116480K,   0% used [0x00007faaad480000, 0x00007faaad480000, 0x00007faab4640000)
 tenured generation   total 2330560K, used 2330271K [0x00007fafc9b50000, 0x00007fb057f40000, 0x00007fba74600000)
   the space 2330560K,  99% used [0x00007fafc9b50000, 0x00007fb057ef7c30, 0x00007fb057ef7e00, 0x00007fb057f40000)
 Metaspace       used 24359K, capacity 24778K, committed 24832K, reserved 26624K
}
Event: 7639.083 GC heap after
{Heap after GC invocations=12501 (full 2):
 def new generation   total 1048832K, used 3807K [0x00007faa74600000, 0x00007faabb800000, 0x00007fafc9b50000)
  eden space 932352K,   0% used [0x00007faa74600000, 0x00007faa74600000, 0x00007faaad480000)
  from space 116480K,   3% used [0x00007faaad480000, 0x00007faaad837e00, 0x00007faab4640000)
  to   space 116480K,   0% used [0x00007faab4640000, 0x00007faab4640000, 0x00007faabb800000)
 tenured generation   total 2330560K, used 2330522K [0x00007fafc9b50000, 0x00007fb057f40000, 0x00007fba74600000)
   the space 2330560K,  99% used [0x00007fafc9b50000, 0x00007fb057f36a60, 0x00007fb057f36c00, 0x00007fb057f40000)
 Metaspace       used 24359K, capacity 24778K, committed 24832K, reserved 26624K
}
Event: 7639.806 GC heap before
{Heap before GC invocations=12501 (full 2):
 def new generation   total 1048832K, used 936159K [0x00007faa74600000, 0x00007faabb800000, 0x00007fafc9b50000)
  eden space 932352K, 100% used [0x00007faa74600000, 0x00007faaad480000, 0x00007faaad480000)
  from space 116480K,   3% used [0x00007faaad480000, 0x00007faaad837e00, 0x00007faab4640000)
  to   space 116480K,   0% used [0x00007faab4640000, 0x00007faab4640000, 0x00007faabb800000)
 tenured generation   total 2330560K, used 2330522K [0x00007fafc9b50000, 0x00007fb057f40000, 0x00007fba74600000)
   the space 2330560K,  99% used [0x00007fafc9b50000, 0x00007fb057f36a60, 0x00007fb057f36c00, 0x00007fb057f40000)
 Metaspace       used 24359K, capacity 24778K, committed 24832K, reserved 26624K
}
Event: 7639.818 GC heap after
{Heap after GC invocations=12502 (full 2):
 def new generation   total 1048832K, used 3809K [0x00007faa74600000, 0x00007faabb800000, 0x00007fafc9b50000)
  eden space 932352K,   0% used [0x00007faa74600000, 0x00007faa74600000, 0x00007faaad480000)
  from space 116480K,   3% used [0x00007faab4640000, 0x00007faab49f8768, 0x00007faabb800000)
  to   space 116480K,   0% used [0x00007faaad480000, 0x00007faaad480000, 0x00007faab4640000)
 tenured generation   total 2330944K, used 2330791K [0x00007fafc9b50000, 0x00007fb057fa0000, 0x00007fba74600000)
   the space 2330944K,  99% used [0x00007fafc9b50000, 0x00007fb057f79ea0, 0x00007fb057f7a000, 0x00007fb057fa0000)
 Metaspace       used 24359K, capacity 24778K, committed 24832K, reserved 26624K
}
Event: 7639.818 GC heap before
{Heap before GC invocations=12502 (full 2):
 def new generation   total 1048832K, used 3809K [0x00007faa74600000, 0x00007faabb800000, 0x00007fafc9b50000)
  eden space 932352K,   0% used [0x00007faa74600000, 0x00007faa74600000, 0x00007faaad480000)
  from space 116480K,   3% used [0x00007faab4640000, 0x00007faab49f8768, 0x00007faabb800000)
  to   space 116480K,   0% used [0x00007faaad480000, 0x00007faaad480000, 0x00007faab4640000)
 tenured generation   total 2330944K, used 2330791K [0x00007fafc9b50000, 0x00007fb057fa0000, 0x00007fba74600000)
   the space 2330944K,  99% used [0x00007fafc9b50000, 0x00007fb057f79ea0, 0x00007fb057f7a000, 0x00007fb057fa0000)
 Metaspace       used 24359K, capacity 24778K, committed 24832K, reserved 26624K
}

