# JRE version: OpenJDK Runtime Environment (13.0.7+5) (build 13.0.7+5-Ubuntu-0ubuntu120.04)
# Java VM: OpenJDK 64-Bit Server VM (13.0.7+5-Ubuntu-0ubuntu120.04, mixed mode, tiered, serial gc, linux-amd64)
Heap:
 def new generation   total 4871360K, used 205208K [0x00007fabec600000, 0x00007fad36bc0000, 0x00007fb141b50000)
  eden space 4330112K,   4% used [0x00007fabec600000, 0x00007fabf8e66308, 0x00007facf4aa0000)
  from space 541248K,   0% used [0x00007facf4aa0000, 0x00007facf4aa0000, 0x00007fad15b30000)
  to   space 541248K,   0% used [0x00007fad15b30000, 0x00007fad15b30000, 0x00007fad36bc0000)
 tenured generation   total 10835468K, used 10835467K [0x00007fb141b50000, 0x00007fb3d70d3000, 0x00007fbbec600000)
   the space 10835468K,  99% used [0x00007fb141b50000, 0x00007fb3d70d2fe8, 0x00007fb3d70d3000, 0x00007fb3d70d3000)
 Metaspace       used 24273K, capacity 24643K, committed 24832K, reserved 26624K
GC Heap History (20 events):
Event: 2797.649 GC heap after
{Heap after GC invocations=1985 (full 5):
 def new generation   total 4871360K, used 212443K [0x00007fabec600000, 0x00007fad36bc0000, 0x00007fb141b50000)
  eden space 4330112K,   0% used [0x00007fabec600000, 0x00007fabec600000, 0x00007facf4aa0000)
  from space 541248K,  39% used [0x00007fad15b30000, 0x00007fad22aa6c40, 0x00007fad36bc0000)
  to   space 541248K,   0% used [0x00007facf4aa0000, 0x00007facf4aa0000, 0x00007fad15b30000)
 tenured generation   total 10825100K, used 10703001K [0x00007fb141b50000, 0x00007fb3d66b3000, 0x00007fbbec600000)
   the space 10825100K,  98% used [0x00007fb141b50000, 0x00007fb3cef764f0, 0x00007fb3cef76600, 0x00007fb3d66b3000)
 Metaspace       used 24273K, capacity 24643K, committed 24832K, reserved 26624K
}
Event: 2800.783 GC heap before
{Heap before GC invocations=1985 (full 5):
 def new generation   total 4871360K, used 4542555K [0x00007fabec600000, 0x00007fad36bc0000, 0x00007fb141b50000)
  eden space 4330112K, 100% used [0x00007fabec600000, 0x00007facf4aa0000, 0x00007facf4aa0000)
  from space 541248K,  39% used [0x00007fad15b30000, 0x00007fad22aa6c40, 0x00007fad36bc0000)
  to   space 541248K,   0% used [0x00007facf4aa0000, 0x00007facf4aa0000, 0x00007fad15b30000)
 tenured generation   total 10825100K, used 10703001K [0x00007fb141b50000, 0x00007fb3d66b3000, 0x00007fbbec600000)
   the space 10825100K,  98% used [0x00007fb141b50000, 0x00007fb3cef764f0, 0x00007fb3cef76600, 0x00007fb3d66b3000)
 Metaspace       used 24273K, capacity 24643K, committed 24832K, reserved 26624K
}
Event: 2801.160 GC heap after
{Heap after GC invocations=1986 (full 5):
 def new generation   total 4871360K, used 222084K [0x00007fabec600000, 0x00007fad36bc0000, 0x00007fb141b50000)
  eden space 4330112K,   0% used [0x00007fabec600000, 0x00007fabec600000, 0x00007facf4aa0000)
  from space 541248K,  41% used [0x00007facf4aa0000, 0x00007fad023812a0, 0x00007fad15b30000)
  to   space 541248K,   0% used [0x00007fad15b30000, 0x00007fad15b30000, 0x00007fad36bc0000)
 tenured generation   total 10825100K, used 10717379K [0x00007fb141b50000, 0x00007fb3d66b3000, 0x00007fbbec600000)
   the space 10825100K,  99% used [0x00007fb141b50000, 0x00007fb3cfd80d70, 0x00007fb3cfd80e00, 0x00007fb3d66b3000)
 Metaspace       used 24273K, capacity 24643K, committed 24832K, reserved 26624K
}
Event: 2804.378 GC heap before
{Heap before GC invocations=1986 (full 5):
 def new generation   total 4871360K, used 4552196K [0x00007fabec600000, 0x00007fad36bc0000, 0x00007fb141b50000)
  eden space 4330112K, 100% used [0x00007fabec600000, 0x00007facf4aa0000, 0x00007facf4aa0000)
  from space 541248K,  41% used [0x00007facf4aa0000, 0x00007fad023812a0, 0x00007fad15b30000)
  to   space 541248K,   0% used [0x00007fad15b30000, 0x00007fad15b30000, 0x00007fad36bc0000)
 tenured generation   total 10825100K, used 10717379K [0x00007fb141b50000, 0x00007fb3d66b3000, 0x00007fbbec600000)
   the space 10825100K,  99% used [0x00007fb141b50000, 0x00007fb3cfd80d70, 0x00007fb3cfd80e00, 0x00007fb3d66b3000)
 Metaspace       used 24273K, capacity 24643K, committed 24832K, reserved 26624K
}
Event: 2804.663 GC heap after
{Heap after GC invocations=1987 (full 5):
 def new generation   total 4871360K, used 216265K [0x00007fabec600000, 0x00007fad36bc0000, 0x00007fb141b50000)
  eden space 4330112K,   0% used [0x00007fabec600000, 0x00007fabec600000, 0x00007facf4aa0000)
  from space 541248K,  39% used [0x00007fad15b30000, 0x00007fad22e627c8, 0x00007fad36bc0000)
  to   space 541248K,   0% used [0x00007facf4aa0000, 0x00007facf4aa0000, 0x00007fad15b30000)
 tenured generation   total 10825100K, used 10730759K [0x00007fb141b50000, 0x00007fb3d66b3000, 0x00007fbbec600000)
   the space 10825100K,  99% used [0x00007fb141b50000, 0x00007fb3d0a91ea8, 0x00007fb3d0a92000, 0x00007fb3d66b3000)
 Metaspace       used 24273K, capacity 24643K, committed 24832K, reserved 26624K
}
Event: 2807.780 GC heap before
{Heap before GC invocations=1987 (full 5):
 def new generation   total 4871360K, used 4546377K [0x00007fabec600000, 0x00007fad36bc0000, 0x00007fb141b50000)
  eden space 4330112K, 100% used [0x00007fabec600000, 0x00007facf4aa0000, 0x00007facf4aa0000)
  from space 541248K,  39% used [0x00007fad15b30000, 0x00007fad22e627c8, 0x00007fad36bc0000)
  to   space 541248K,   0% used [0x00007facf4aa0000, 0x00007facf4aa0000, 0x00007fad15b30000)
 tenured generation   total 10825100K, used 10730759K [0x00007fb141b50000, 0x00007fb3d66b3000, 0x00007fbbec600000)
   the space 10825100K,  99% used [0x00007fb141b50000, 0x00007fb3d0a91ea8, 0x00007fb3d0a92000, 0x00007fb3d66b3000)
 Metaspace       used 24273K, capacity 24643K, committed 24832K, reserved 26624K
}
Event: 2808.060 GC heap after
{Heap after GC invocations=1988 (full 5):
 def new generation   total 4871360K, used 219565K [0x00007fabec600000, 0x00007fad36bc0000, 0x00007fb141b50000)
  eden space 4330112K,   0% used [0x00007fabec600000, 0x00007fabec600000, 0x00007facf4aa0000)
  from space 541248K,  40% used [0x00007facf4aa0000, 0x00007fad0210b5d8, 0x00007fad15b30000)
  to   space 541248K,   0% used [0x00007fad15b30000, 0x00007fad15b30000, 0x00007fad36bc0000)
 tenured generation   total 10825100K, used 10747457K [0x00007fb141b50000, 0x00007fb3d66b3000, 0x00007fbbec600000)
   the space 10825100K,  99% used [0x00007fb141b50000, 0x00007fb3d1ae0788, 0x00007fb3d1ae0800, 0x00007fb3d66b3000)
 Metaspace       used 24273K, capacity 24643K, committed 24832K, reserved 26624K
}
Event: 2811.277 GC heap before
{Heap before GC invocations=1988 (full 5):
 def new generation   total 4871360K, used 4549677K [0x00007fabec600000, 0x00007fad36bc0000, 0x00007fb141b50000)
  eden space 4330112K, 100% used [0x00007fabec600000, 0x00007facf4aa0000, 0x00007facf4aa0000)
  from space 541248K,  40% used [0x00007facf4aa0000, 0x00007fad0210b5d8, 0x00007fad15b30000)
  to   space 541248K,   0% used [0x00007fad15b30000, 0x00007fad15b30000, 0x00007fad36bc0000)
 tenured generation   total 10825100K, used 10747457K [0x00007fb141b50000, 0x00007fb3d66b3000, 0x00007fbbec600000)
   the space 10825100K,  99% used [0x00007fb141b50000, 0x00007fb3d1ae0788, 0x00007fb3d1ae0800, 0x00007fb3d66b3000)
 Metaspace       used 24273K, capacity 24643K, committed 24832K, reserved 26624K
}
Event: 2811.549 GC heap after
{Heap after GC invocations=1989 (full 5):
 def new generation   total 4871360K, used 219001K [0x00007fabec600000, 0x00007fad36bc0000, 0x00007fb141b50000)
  eden space 4330112K,   0% used [0x00007fabec600000, 0x00007fabec600000, 0x00007facf4aa0000)
  from space 541248K,  40% used [0x00007fad15b30000, 0x00007fad2310e6b8, 0x00007fad36bc0000)
  to   space 541248K,   0% used [0x00007facf4aa0000, 0x00007facf4aa0000, 0x00007fad15b30000)
 tenured generation   total 10825100K, used 10758622K [0x00007fb141b50000, 0x00007fb3d66b3000, 0x00007fbbec600000)
   the space 10825100K,  99% used [0x00007fb141b50000, 0x00007fb3d25c7b20, 0x00007fb3d25c7c00, 0x00007fb3d66b3000)
 Metaspace       used 24273K, capacity 24643K, committed 24832K, reserved 26624K
}
Event: 2814.625 GC heap before
{Heap before GC invocations=1989 (full 5):
 def new generation   total 4871360K, used 4549113K [0x00007fabec600000, 0x00007fad36bc0000, 0x00007fb141b50000)
  eden space 4330112K, 100% used [0x00007fabec600000, 0x00007facf4aa0000, 0x00007facf4aa0000)
  from space 541248K,  40% used [0x00007fad15b30000, 0x00007fad2310e6b8, 0x00007fad36bc0000)
  to   space 541248K,   0% used [0x00007facf4aa0000, 0x00007facf4aa0000, 0x00007fad15b30000)
 tenured generation   total 10825100K, used 10758622K [0x00007fb141b50000, 0x00007fb3d66b3000, 0x00007fbbec600000)
   the space 10825100K,  99% used [0x00007fb141b50000, 0x00007fb3d25c7b20, 0x00007fb3d25c7c00, 0x00007fb3d66b3000)
 Metaspace       used 24273K, capacity 24643K, committed 24832K, reserved 26624K
}
Event: 2814.914 GC heap after
{Heap after GC invocations=1990 (full 5):
 def new generation   total 4871360K, used 216304K [0x00007fabec600000, 0x00007fad36bc0000, 0x00007fb141b50000)
  eden space 4330112K,   0% used [0x00007fabec600000, 0x00007fabec600000, 0x00007facf4aa0000)
  from space 541248K,  39% used [0x00007facf4aa0000, 0x00007fad01ddc0b0, 0x00007fad15b30000)
  to   space 541248K,   0% used [0x00007fad15b30000, 0x00007fad15b30000, 0x00007fad36bc0000)
 tenured generation   total 10825100K, used 10778163K [0x00007fb141b50000, 0x00007fb3d66b3000, 0x00007fbbec600000)
   the space 10825100K,  99% used [0x00007fb141b50000, 0x00007fb3d38dcc20, 0x00007fb3d38dce00, 0x00007fb3d66b3000)
 Metaspace       used 24273K, capacity 24643K, committed 24832K, reserved 26624K
}
Event: 2818.028 GC heap before
{Heap before GC invocations=1990 (full 5):
 def new generation   total 4871360K, used 4546416K [0x00007fabec600000, 0x00007fad36bc0000, 0x00007fb141b50000)
  eden space 4330112K, 100% used [0x00007fabec600000, 0x00007facf4aa0000, 0x00007facf4aa0000)
  from space 541248K,  39% used [0x00007facf4aa0000, 0x00007fad01ddc0b0, 0x00007fad15b30000)
  to   space 541248K,   0% used [0x00007fad15b30000, 0x00007fad15b30000, 0x00007fad36bc0000)
 tenured generation   total 10825100K, used 10778163K [0x00007fb141b50000, 0x00007fb3d66b3000, 0x00007fbbec600000)
   the space 10825100K,  99% used [0x00007fb141b50000, 0x00007fb3d38dcc20, 0x00007fb3d38dce00, 0x00007fb3d66b3000)
 Metaspace       used 24273K, capacity 24643K, committed 24832K, reserved 26624K
}
Event: 2818.275 GC heap after
{Heap after GC invocations=1991 (full 5):
 def new generation   total 4871360K, used 220353K [0x00007fabec600000, 0x00007fad36bc0000, 0x00007fb141b50000)
  eden space 4330112K,   0% used [0x00007fabec600000, 0x00007fabec600000, 0x00007facf4aa0000)
  from space 541248K,  40% used [0x00007fad15b30000, 0x00007fad23260458, 0x00007fad36bc0000)
  to   space 541248K,   0% used [0x00007facf4aa0000, 0x00007facf4aa0000, 0x00007fad15b30000)
 tenured generation   total 10825100K, used 10786801K [0x00007fb141b50000, 0x00007fb3d66b3000, 0x00007fbbec600000)
   the space 10825100K,  99% used [0x00007fb141b50000, 0x00007fb3d414c608, 0x00007fb3d414c800, 0x00007fb3d66b3000)
 Metaspace       used 24273K, capacity 24643K, committed 24832K, reserved 26624K
}
Event: 2821.483 GC heap before
{Heap before GC invocations=1991 (full 5):
 def new generation   total 4871360K, used 4550465K [0x00007fabec600000, 0x00007fad36bc0000, 0x00007fb141b50000)
  eden space 4330112K, 100% used [0x00007fabec600000, 0x00007facf4aa0000, 0x00007facf4aa0000)
  from space 541248K,  40% used [0x00007fad15b30000, 0x00007fad23260458, 0x00007fad36bc0000)
  to   space 541248K,   0% used [0x00007facf4aa0000, 0x00007facf4aa0000, 0x00007fad15b30000)
 tenured generation   total 10825100K, used 10786801K [0x00007fb141b50000, 0x00007fb3d66b3000, 0x00007fbbec600000)
   the space 10825100K,  99% used [0x00007fb141b50000, 0x00007fb3d414c608, 0x00007fb3d414c800, 0x00007fb3d66b3000)
 Metaspace       used 24273K, capacity 24643K, committed 24832K, reserved 26624K
}
Event: 2821.763 GC heap after
{Heap after GC invocations=1992 (full 5):
 def new generation   total 4871360K, used 214902K [0x00007fabec600000, 0x00007fad36bc0000, 0x00007fb141b50000)
  eden space 4330112K,   0% used [0x00007fabec600000, 0x00007fabec600000, 0x00007facf4aa0000)
  from space 541248K,  39% used [0x00007facf4aa0000, 0x00007fad01c7da50, 0x00007fad15b30000)
  to   space 541248K,   0% used [0x00007fad15b30000, 0x00007fad15b30000, 0x00007fad36bc0000)
 tenured generation   total 10825100K, used 10807391K [0x00007fb141b50000, 0x00007fb3d66b3000, 0x00007fbbec600000)
   the space 10825100K,  99% used [0x00007fb141b50000, 0x00007fb3d5567ca0, 0x00007fb3d5567e00, 0x00007fb3d66b3000)
 Metaspace       used 24273K, capacity 24643K, committed 24832K, reserved 26624K
}
Event: 2825.078 GC heap before
{Heap before GC invocations=1992 (full 5):
 def new generation   total 4871360K, used 4545014K [0x00007fabec600000, 0x00007fad36bc0000, 0x00007fb141b50000)
  eden space 4330112K, 100% used [0x00007fabec600000, 0x00007facf4aa0000, 0x00007facf4aa0000)
  from space 541248K,  39% used [0x00007facf4aa0000, 0x00007fad01c7da50, 0x00007fad15b30000)
  to   space 541248K,   0% used [0x00007fad15b30000, 0x00007fad15b30000, 0x00007fad36bc0000)
 tenured generation   total 10825100K, used 10807391K [0x00007fb141b50000, 0x00007fb3d66b3000, 0x00007fbbec600000)
   the space 10825100K,  99% used [0x00007fb141b50000, 0x00007fb3d5567ca0, 0x00007fb3d5567e00, 0x00007fb3d66b3000)
 Metaspace       used 24273K, capacity 24643K, committed 24832K, reserved 26624K
}
Event: 2825.336 GC heap after
{Heap after GC invocations=1993 (full 5):
 def new generation   total 4871360K, used 211227K [0x00007fabec600000, 0x00007fad36bc0000, 0x00007fb141b50000)
  eden space 4330112K,   0% used [0x00007fabec600000, 0x00007fabec600000, 0x00007facf4aa0000)
  from space 541248K,  39% used [0x00007fad15b30000, 0x00007fad22976dd0, 0x00007fad36bc0000)
  to   space 541248K,   0% used [0x00007facf4aa0000, 0x00007facf4aa0000, 0x00007fad15b30000)
 tenured generation   total 10825100K, used 10818980K [0x00007fb141b50000, 0x00007fb3d66b3000, 0x00007fbbec600000)
   the space 10825100K,  99% used [0x00007fb141b50000, 0x00007fb3d60b9250, 0x00007fb3d60b9400, 0x00007fb3d66b3000)
 Metaspace       used 24273K, capacity 24643K, committed 24832K, reserved 26624K
}
Event: 2828.834 GC heap before
{Heap before GC invocations=1993 (full 5):
 def new generation   total 4871360K, used 4541339K [0x00007fabec600000, 0x00007fad36bc0000, 0x00007fb141b50000)
  eden space 4330112K, 100% used [0x00007fabec600000, 0x00007facf4aa0000, 0x00007facf4aa0000)
  from space 541248K,  39% used [0x00007fad15b30000, 0x00007fad22976dd0, 0x00007fad36bc0000)
  to   space 541248K,   0% used [0x00007facf4aa0000, 0x00007facf4aa0000, 0x00007fad15b30000)
 tenured generation   total 10825100K, used 10818980K [0x00007fb141b50000, 0x00007fb3d66b3000, 0x00007fbbec600000)
   the space 10825100K,  99% used [0x00007fb141b50000, 0x00007fb3d60b9250, 0x00007fb3d60b9400, 0x00007fb3d66b3000)
 Metaspace       used 24273K, capacity 24643K, committed 24832K, reserved 26624K
}
Event: 2829.051 GC heap after
{Heap after GC invocations=1994 (full 5):
 def new generation   total 4871360K, used 205367K [0x00007fabec600000, 0x00007fad36bc0000, 0x00007fb141b50000)
  eden space 4330112K,   0% used [0x00007fabec600000, 0x00007fabec600000, 0x00007facf4aa0000)
  from space 541248K,  37% used [0x00007facf4aa0000, 0x00007fad0132df78, 0x00007fad15b30000)
  to   space 541248K,   0% used [0x00007fad15b30000, 0x00007fad15b30000, 0x00007fad36bc0000)
 tenured generation   total 10835468K, used 10835308K [0x00007fb141b50000, 0x00007fb3d70d3000, 0x00007fbbec600000)
   the space 10835468K,  99% used [0x00007fb141b50000, 0x00007fb3d70ab378, 0x00007fb3d70ab400, 0x00007fb3d70d3000)
 Metaspace       used 24273K, capacity 24643K, committed 24832K, reserved 26624K
}
Event: 2829.051 GC heap before
{Heap before GC invocations=1994 (full 5):
 def new generation   total 4871360K, used 205367K [0x00007fabec600000, 0x00007fad36bc0000, 0x00007fb141b50000)
  eden space 4330112K,   0% used [0x00007fabec600000, 0x00007fabec600000, 0x00007facf4aa0000)
  from space 541248K,  37% used [0x00007facf4aa0000, 0x00007fad0132df78, 0x00007fad15b30000)
  to   space 541248K,   0% used [0x00007fad15b30000, 0x00007fad15b30000, 0x00007fad36bc0000)
 tenured generation   total 10835468K, used 10835308K [0x00007fb141b50000, 0x00007fb3d70d3000, 0x00007fbbec600000)
   the space 10835468K,  99% used [0x00007fb141b50000, 0x00007fb3d70ab378, 0x00007fb3d70ab400, 0x00007fb3d70d3000)
 Metaspace       used 24273K, capacity 24643K, committed 24832K, reserved 26624K
}

