# JRE version: OpenJDK Runtime Environment (13.0.7+5) (build 13.0.7+5-Ubuntu-0ubuntu120.04)
# Java VM: OpenJDK 64-Bit Server VM (13.0.7+5-Ubuntu-0ubuntu120.04, mixed mode, tiered, serial gc, linux-amd64)
Heap:
 def new generation   total 1027136K, used 0K [0x00007f47fc600000, 0x00007f4842080000, 0x00007f4d51b50000)
  eden space 913024K,   0% used [0x00007f47fc600000, 0x00007f47fc600000, 0x00007f48341a0000)
  from space 114112K,   0% used [0x00007f483b110000, 0x00007f483b110000, 0x00007f4842080000)
  to   space 114112K,   0% used [0x00007f48341a0000, 0x00007f48341a0000, 0x00007f483b110000)
 tenured generation   total 2298832K, used 2159282K [0x00007f4d51b50000, 0x00007f4dde044000, 0x00007f57fc600000)
   the space 2298832K,  93% used [0x00007f4d51b50000, 0x00007f4dd57fcab8, 0x00007f4dd57fcc00, 0x00007f4dde044000)
 Metaspace       used 24259K, capacity 24698K, committed 24832K, reserved 26624K
GC Heap History (20 events):
Event: 778.979 GC heap after
{Heap after GC invocations=1033 (full 4):
 def new generation   total 1027136K, used 51389K [0x00007f47fc600000, 0x00007f4842080000, 0x00007f4d51b50000)
  eden space 913024K,   0% used [0x00007f47fc600000, 0x00007f47fc600000, 0x00007f48341a0000)
  from space 114112K,  45% used [0x00007f48341a0000, 0x00007f48373cf410, 0x00007f483b110000)
  to   space 114112K,   0% used [0x00007f483b110000, 0x00007f483b110000, 0x00007f4842080000)
 tenured generation   total 2282444K, used 2254773K [0x00007f4d51b50000, 0x00007f4ddd043000, 0x00007f57fc600000)
   the space 2282444K,  98% used [0x00007f4d51b50000, 0x00007f4ddb53d568, 0x00007f4ddb53d600, 0x00007f4ddd043000)
 Metaspace       used 24259K, capacity 24698K, committed 24832K, reserved 26624K
}
Event: 780.001 GC heap before
{Heap before GC invocations=1033 (full 4):
 def new generation   total 1027136K, used 958616K [0x00007f47fc600000, 0x00007f4842080000, 0x00007f4d51b50000)
  eden space 913024K,  99% used [0x00007f47fc600000, 0x00007f4833bf6c28, 0x00007f48341a0000)
  from space 114112K,  45% used [0x00007f48341a0000, 0x00007f48373cf410, 0x00007f483b110000)
  to   space 114112K,   0% used [0x00007f483b110000, 0x00007f483b110000, 0x00007f4842080000)
 tenured generation   total 2282444K, used 2254773K [0x00007f4d51b50000, 0x00007f4ddd043000, 0x00007f57fc600000)
   the space 2282444K,  98% used [0x00007f4d51b50000, 0x00007f4ddb53d568, 0x00007f4ddb53d600, 0x00007f4ddd043000)
 Metaspace       used 24259K, capacity 24698K, committed 24832K, reserved 26624K
}
Event: 780.052 GC heap after
{Heap after GC invocations=1034 (full 4):
 def new generation   total 1027136K, used 63229K [0x00007f47fc600000, 0x00007f4842080000, 0x00007f4d51b50000)
  eden space 913024K,   0% used [0x00007f47fc600000, 0x00007f47fc600000, 0x00007f48341a0000)
  from space 114112K,  55% used [0x00007f483b110000, 0x00007f483eecf5d0, 0x00007f4842080000)
  to   space 114112K,   0% used [0x00007f48341a0000, 0x00007f48341a0000, 0x00007f483b110000)
 tenured generation   total 2282444K, used 2254773K [0x00007f4d51b50000, 0x00007f4ddd043000, 0x00007f57fc600000)
   the space 2282444K,  98% used [0x00007f4d51b50000, 0x00007f4ddb53d568, 0x00007f4ddb53d600, 0x00007f4ddd043000)
 Metaspace       used 24259K, capacity 24698K, committed 24832K, reserved 26624K
}
Event: 781.281 GC heap before
{Heap before GC invocations=1034 (full 4):
 def new generation   total 1027136K, used 974476K [0x00007f47fc600000, 0x00007f4842080000, 0x00007f4d51b50000)
  eden space 913024K,  99% used [0x00007f47fc600000, 0x00007f4833fe3c58, 0x00007f48341a0000)
  from space 114112K,  55% used [0x00007f483b110000, 0x00007f483eecf5d0, 0x00007f4842080000)
  to   space 114112K,   0% used [0x00007f48341a0000, 0x00007f48341a0000, 0x00007f483b110000)
 tenured generation   total 2282444K, used 2254773K [0x00007f4d51b50000, 0x00007f4ddd043000, 0x00007f57fc600000)
   the space 2282444K,  98% used [0x00007f4d51b50000, 0x00007f4ddb53d568, 0x00007f4ddb53d600, 0x00007f4ddd043000)
 Metaspace       used 24259K, capacity 24698K, committed 24832K, reserved 26624K
}
Event: 781.352 GC heap after
{Heap after GC invocations=1035 (full 4):
 def new generation   total 1027136K, used 40094K [0x00007f47fc600000, 0x00007f4842080000, 0x00007f4d51b50000)
  eden space 913024K,   0% used [0x00007f47fc600000, 0x00007f47fc600000, 0x00007f48341a0000)
  from space 114112K,  35% used [0x00007f48341a0000, 0x00007f48368c7a10, 0x00007f483b110000)
  to   space 114112K,   0% used [0x00007f483b110000, 0x00007f483b110000, 0x00007f4842080000)
 tenured generation   total 2282444K, used 2273276K [0x00007f4d51b50000, 0x00007f4ddd043000, 0x00007f57fc600000)
   the space 2282444K,  99% used [0x00007f4d51b50000, 0x00007f4ddc74f1b0, 0x00007f4ddc74f200, 0x00007f4ddd043000)
 Metaspace       used 24259K, capacity 24698K, committed 24832K, reserved 26624K
}
Event: 782.382 GC heap before
{Heap before GC invocations=1035 (full 4):
 def new generation   total 1027136K, used 953118K [0x00007f47fc600000, 0x00007f4842080000, 0x00007f4d51b50000)
  eden space 913024K, 100% used [0x00007f47fc600000, 0x00007f48341a0000, 0x00007f48341a0000)
  from space 114112K,  35% used [0x00007f48341a0000, 0x00007f48368c7a10, 0x00007f483b110000)
  to   space 114112K,   0% used [0x00007f483b110000, 0x00007f483b110000, 0x00007f4842080000)
 tenured generation   total 2282444K, used 2273276K [0x00007f4d51b50000, 0x00007f4ddd043000, 0x00007f57fc600000)
   the space 2282444K,  99% used [0x00007f4d51b50000, 0x00007f4ddc74f1b0, 0x00007f4ddc74f200, 0x00007f4ddd043000)
 Metaspace       used 24259K, capacity 24698K, committed 24832K, reserved 26624K
}
Event: 782.417 GC heap after
{Heap after GC invocations=1036 (full 4):
 def new generation   total 1027136K, used 44717K [0x00007f47fc600000, 0x00007f4842080000, 0x00007f4d51b50000)
  eden space 913024K,   0% used [0x00007f47fc600000, 0x00007f47fc600000, 0x00007f48341a0000)
  from space 114112K,  39% used [0x00007f483b110000, 0x00007f483dcbb448, 0x00007f4842080000)
  to   space 114112K,   0% used [0x00007f48341a0000, 0x00007f48341a0000, 0x00007f483b110000)
 tenured generation   total 2282444K, used 2273276K [0x00007f4d51b50000, 0x00007f4ddd043000, 0x00007f57fc600000)
   the space 2282444K,  99% used [0x00007f4d51b50000, 0x00007f4ddc74f1b0, 0x00007f4ddc74f200, 0x00007f4ddd043000)
 Metaspace       used 24259K, capacity 24698K, committed 24832K, reserved 26624K
}
Event: 783.380 GC heap before
{Heap before GC invocations=1036 (full 4):
 def new generation   total 1027136K, used 957741K [0x00007f47fc600000, 0x00007f4842080000, 0x00007f4d51b50000)
  eden space 913024K, 100% used [0x00007f47fc600000, 0x00007f48341a0000, 0x00007f48341a0000)
  from space 114112K,  39% used [0x00007f483b110000, 0x00007f483dcbb448, 0x00007f4842080000)
  to   space 114112K,   0% used [0x00007f48341a0000, 0x00007f48341a0000, 0x00007f483b110000)
 tenured generation   total 2282444K, used 2273276K [0x00007f4d51b50000, 0x00007f4ddd043000, 0x00007f57fc600000)
   the space 2282444K,  99% used [0x00007f4d51b50000, 0x00007f4ddc74f1b0, 0x00007f4ddc74f200, 0x00007f4ddd043000)
 Metaspace       used 24259K, capacity 24698K, committed 24832K, reserved 26624K
}
Event: 783.418 GC heap after
{Heap after GC invocations=1037 (full 4):
 def new generation   total 1027136K, used 48826K [0x00007f47fc600000, 0x00007f4842080000, 0x00007f4d51b50000)
  eden space 913024K,   0% used [0x00007f47fc600000, 0x00007f47fc600000, 0x00007f48341a0000)
  from space 114112K,  42% used [0x00007f48341a0000, 0x00007f483714eb00, 0x00007f483b110000)
  to   space 114112K,   0% used [0x00007f483b110000, 0x00007f483b110000, 0x00007f4842080000)
 tenured generation   total 2282444K, used 2273276K [0x00007f4d51b50000, 0x00007f4ddd043000, 0x00007f57fc600000)
   the space 2282444K,  99% used [0x00007f4d51b50000, 0x00007f4ddc74f1b0, 0x00007f4ddc74f200, 0x00007f4ddd043000)
 Metaspace       used 24259K, capacity 24698K, committed 24832K, reserved 26624K
}
Event: 784.217 GC heap before
{Heap before GC invocations=1037 (full 4):
 def new generation   total 1027136K, used 961850K [0x00007f47fc600000, 0x00007f4842080000, 0x00007f4d51b50000)
  eden space 913024K, 100% used [0x00007f47fc600000, 0x00007f48341a0000, 0x00007f48341a0000)
  from space 114112K,  42% used [0x00007f48341a0000, 0x00007f483714eb00, 0x00007f483b110000)
  to   space 114112K,   0% used [0x00007f483b110000, 0x00007f483b110000, 0x00007f4842080000)
 tenured generation   total 2282444K, used 2273276K [0x00007f4d51b50000, 0x00007f4ddd043000, 0x00007f57fc600000)
   the space 2282444K,  99% used [0x00007f4d51b50000, 0x00007f4ddc74f1b0, 0x00007f4ddc74f200, 0x00007f4ddd043000)
 Metaspace       used 24259K, capacity 24698K, committed 24832K, reserved 26624K
}
Event: 784.262 GC heap after
{Heap after GC invocations=1038 (full 4):
 def new generation   total 1027136K, used 50857K [0x00007f47fc600000, 0x00007f4842080000, 0x00007f4d51b50000)
  eden space 913024K,   0% used [0x00007f47fc600000, 0x00007f47fc600000, 0x00007f48341a0000)
  from space 114112K,  44% used [0x00007f483b110000, 0x00007f483e2ba560, 0x00007f4842080000)
  to   space 114112K,   0% used [0x00007f48341a0000, 0x00007f48341a0000, 0x00007f483b110000)
 tenured generation   total 2282444K, used 2273276K [0x00007f4d51b50000, 0x00007f4ddd043000, 0x00007f57fc600000)
   the space 2282444K,  99% used [0x00007f4d51b50000, 0x00007f4ddc74f1b0, 0x00007f4ddc74f200, 0x00007f4ddd043000)
 Metaspace       used 24259K, capacity 24698K, committed 24832K, reserved 26624K
}
Event: 785.002 GC heap before
{Heap before GC invocations=1038 (full 4):
 def new generation   total 1027136K, used 963881K [0x00007f47fc600000, 0x00007f4842080000, 0x00007f4d51b50000)
  eden space 913024K, 100% used [0x00007f47fc600000, 0x00007f48341a0000, 0x00007f48341a0000)
  from space 114112K,  44% used [0x00007f483b110000, 0x00007f483e2ba560, 0x00007f4842080000)
  to   space 114112K,   0% used [0x00007f48341a0000, 0x00007f48341a0000, 0x00007f483b110000)
 tenured generation   total 2282444K, used 2273276K [0x00007f4d51b50000, 0x00007f4ddd043000, 0x00007f57fc600000)
   the space 2282444K,  99% used [0x00007f4d51b50000, 0x00007f4ddc74f1b0, 0x00007f4ddc74f200, 0x00007f4ddd043000)
 Metaspace       used 24259K, capacity 24698K, committed 24832K, reserved 26624K
}
Event: 785.047 GC heap after
{Heap after GC invocations=1039 (full 4):
 def new generation   total 1027136K, used 50859K [0x00007f47fc600000, 0x00007f4842080000, 0x00007f4d51b50000)
  eden space 913024K,   0% used [0x00007f47fc600000, 0x00007f47fc600000, 0x00007f48341a0000)
  from space 114112K,  44% used [0x00007f48341a0000, 0x00007f483734add8, 0x00007f483b110000)
  to   space 114112K,   0% used [0x00007f483b110000, 0x00007f483b110000, 0x00007f4842080000)
 tenured generation   total 2282444K, used 2273276K [0x00007f4d51b50000, 0x00007f4ddd043000, 0x00007f57fc600000)
   the space 2282444K,  99% used [0x00007f4d51b50000, 0x00007f4ddc74f1b0, 0x00007f4ddc74f200, 0x00007f4ddd043000)
 Metaspace       used 24259K, capacity 24698K, committed 24832K, reserved 26624K
}
Event: 786.239 GC heap before
{Heap before GC invocations=1039 (full 4):
 def new generation   total 1027136K, used 952383K [0x00007f47fc600000, 0x00007f4842080000, 0x00007f4d51b50000)
  eden space 913024K,  98% used [0x00007f47fc600000, 0x00007f4833664ea8, 0x00007f48341a0000)
  from space 114112K,  44% used [0x00007f48341a0000, 0x00007f483734add8, 0x00007f483b110000)
  to   space 114112K,   0% used [0x00007f483b110000, 0x00007f483b110000, 0x00007f4842080000)
 tenured generation   total 2282444K, used 2273276K [0x00007f4d51b50000, 0x00007f4ddd043000, 0x00007f57fc600000)
   the space 2282444K,  99% used [0x00007f4d51b50000, 0x00007f4ddc74f1b0, 0x00007f4ddc74f200, 0x00007f4ddd043000)
 Metaspace       used 24259K, capacity 24698K, committed 24832K, reserved 26624K
}
Event: 786.299 GC heap after
{Heap after GC invocations=1040 (full 4):
 def new generation   total 1027136K, used 54481K [0x00007f47fc600000, 0x00007f4842080000, 0x00007f4d51b50000)
  eden space 913024K,   0% used [0x00007f47fc600000, 0x00007f47fc600000, 0x00007f48341a0000)
  from space 114112K,  47% used [0x00007f483b110000, 0x00007f483e644458, 0x00007f4842080000)
  to   space 114112K,   0% used [0x00007f48341a0000, 0x00007f48341a0000, 0x00007f483b110000)
 tenured generation   total 2282444K, used 2273276K [0x00007f4d51b50000, 0x00007f4ddd043000, 0x00007f57fc600000)
   the space 2282444K,  99% used [0x00007f4d51b50000, 0x00007f4ddc74f1b0, 0x00007f4ddc74f200, 0x00007f4ddd043000)
 Metaspace       used 24259K, capacity 24698K, committed 24832K, reserved 26624K
}
Event: 787.359 GC heap before
{Heap before GC invocations=1040 (full 4):
 def new generation   total 1027136K, used 956728K [0x00007f47fc600000, 0x00007f4842080000, 0x00007f4d51b50000)
  eden space 913024K,  98% used [0x00007f47fc600000, 0x00007f4833719df8, 0x00007f48341a0000)
  from space 114112K,  47% used [0x00007f483b110000, 0x00007f483e644458, 0x00007f4842080000)
  to   space 114112K,   0% used [0x00007f48341a0000, 0x00007f48341a0000, 0x00007f483b110000)
 tenured generation   total 2282444K, used 2273276K [0x00007f4d51b50000, 0x00007f4ddd043000, 0x00007f57fc600000)
   the space 2282444K,  99% used [0x00007f4d51b50000, 0x00007f4ddc74f1b0, 0x00007f4ddc74f200, 0x00007f4ddd043000)
 Metaspace       used 24259K, capacity 24698K, committed 24832K, reserved 26624K
}
Event: 787.407 GC heap after
{Heap after GC invocations=1041 (full 4):
 def new generation   total 1027136K, used 59107K [0x00007f47fc600000, 0x00007f4842080000, 0x00007f4d51b50000)
  eden space 913024K,   0% used [0x00007f47fc600000, 0x00007f47fc600000, 0x00007f48341a0000)
  from space 114112K,  51% used [0x00007f48341a0000, 0x00007f4837b58e50, 0x00007f483b110000)
  to   space 114112K,   0% used [0x00007f483b110000, 0x00007f483b110000, 0x00007f4842080000)
 tenured generation   total 2282444K, used 2273276K [0x00007f4d51b50000, 0x00007f4ddd043000, 0x00007f57fc600000)
   the space 2282444K,  99% used [0x00007f4d51b50000, 0x00007f4ddc74f1b0, 0x00007f4ddc74f200, 0x00007f4ddd043000)
 Metaspace       used 24259K, capacity 24698K, committed 24832K, reserved 26624K
}
Event: 788.554 GC heap before
{Heap before GC invocations=1041 (full 4):
 def new generation   total 1027136K, used 972131K [0x00007f47fc600000, 0x00007f4842080000, 0x00007f4d51b50000)
  eden space 913024K, 100% used [0x00007f47fc600000, 0x00007f48341a0000, 0x00007f48341a0000)
  from space 114112K,  51% used [0x00007f48341a0000, 0x00007f4837b58e50, 0x00007f483b110000)
  to   space 114112K,   0% used [0x00007f483b110000, 0x00007f483b110000, 0x00007f4842080000)
 tenured generation   total 2282444K, used 2273276K [0x00007f4d51b50000, 0x00007f4ddd043000, 0x00007f57fc600000)
   the space 2282444K,  99% used [0x00007f4d51b50000, 0x00007f4ddc74f1b0, 0x00007f4ddc74f200, 0x00007f4ddd043000)
 Metaspace       used 24259K, capacity 24698K, committed 24832K, reserved 26624K
}
Event: 788.614 GC heap after
{Heap after GC invocations=1042 (full 4):
 def new generation   total 1027136K, used 46243K [0x00007f47fc600000, 0x00007f4842080000, 0x00007f4d51b50000)
  eden space 913024K,   0% used [0x00007f47fc600000, 0x00007f47fc600000, 0x00007f48341a0000)
  from space 114112K,  40% used [0x00007f483b110000, 0x00007f483de38ec8, 0x00007f4842080000)
  to   space 114112K,   0% used [0x00007f48341a0000, 0x00007f48341a0000, 0x00007f483b110000)
 tenured generation   total 2298832K, used 2290750K [0x00007f4d51b50000, 0x00007f4dde044000, 0x00007f57fc600000)
   the space 2298832K,  99% used [0x00007f4d51b50000, 0x00007f4ddd85f878, 0x00007f4ddd85fa00, 0x00007f4dde044000)
 Metaspace       used 24259K, capacity 24698K, committed 24832K, reserved 26624K
}
Event: 788.614 GC heap before
{Heap before GC invocations=1042 (full 4):
 def new generation   total 1027136K, used 46243K [0x00007f47fc600000, 0x00007f4842080000, 0x00007f4d51b50000)
  eden space 913024K,   0% used [0x00007f47fc600000, 0x00007f47fc600000, 0x00007f48341a0000)
  from space 114112K,  40% used [0x00007f483b110000, 0x00007f483de38ec8, 0x00007f4842080000)
  to   space 114112K,   0% used [0x00007f48341a0000, 0x00007f48341a0000, 0x00007f483b110000)
 tenured generation   total 2298832K, used 2290750K [0x00007f4d51b50000, 0x00007f4dde044000, 0x00007f57fc600000)
   the space 2298832K,  99% used [0x00007f4d51b50000, 0x00007f4ddd85f878, 0x00007f4ddd85fa00, 0x00007f4dde044000)
 Metaspace       used 24259K, capacity 24698K, committed 24832K, reserved 26624K
}

