# JRE version: OpenJDK Runtime Environment (13.0.7+5) (build 13.0.7+5-Ubuntu-0ubuntu120.04)
# Java VM: OpenJDK 64-Bit Server VM (13.0.7+5-Ubuntu-0ubuntu120.04, mixed mode, tiered, serial gc, linux-amd64)
Heap:
 def new generation   total 15099584K, used 0K [0x00007f78a8600000, 0x00007f7ca8610000, 0x00007f7dfdb50000)
  eden space 13421888K,   0% used [0x00007f78a8600000, 0x00007f78a8600000, 0x00007f7bdb950000)
  from space 1677696K,   0% used [0x00007f7c41fb0000, 0x00007f7c41fb0000, 0x00007f7ca8610000)
  to   space 1677696K,   0% used [0x00007f7bdb950000, 0x00007f7bdb950000, 0x00007f7c41fb0000)
 tenured generation   total 34728004K, used 33760048K [0x00007f7dfdb50000, 0x00007f8645561000, 0x00007f88a8600000)
   the space 34728004K,  97% used [0x00007f7dfdb50000, 0x00007f860a41c0e0, 0x00007f860a41c200, 0x00007f8645561000)
 Metaspace       used 30332K, capacity 30758K, committed 30976K, reserved 32768K
GC Heap History (20 events):
Event: 993.063 GC heap after
{Heap after GC invocations=98 (full 7):
 def new generation   total 15099584K, used 961179K [0x00007f78a8600000, 0x00007f7ca8610000, 0x00007f7dfdb50000)
  eden space 13421888K,   0% used [0x00007f78a8600000, 0x00007f78a8600000, 0x00007f7bdb950000)
  from space 1677696K,  57% used [0x00007f7bdb950000, 0x00007f7c163f6d30, 0x00007f7c41fb0000)
  to   space 1677696K,   0% used [0x00007f7c41fb0000, 0x00007f7c41fb0000, 0x00007f7ca8610000)
 tenured generation   total 33554500K, used 25111832K [0x00007f7dfdb50000, 0x00007f85fdb61000, 0x00007f88a8600000)
   the space 33554500K,  74% used [0x00007f7dfdb50000, 0x00007f83fa6961b0, 0x00007f83fa696200, 0x00007f85fdb61000)
 Metaspace       used 30332K, capacity 30758K, committed 30976K, reserved 32768K
}
Event: 996.538 GC heap before
{Heap before GC invocations=98 (full 7):
 def new generation   total 15099584K, used 14383067K [0x00007f78a8600000, 0x00007f7ca8610000, 0x00007f7dfdb50000)
  eden space 13421888K, 100% used [0x00007f78a8600000, 0x00007f7bdb950000, 0x00007f7bdb950000)
  from space 1677696K,  57% used [0x00007f7bdb950000, 0x00007f7c163f6d30, 0x00007f7c41fb0000)
  to   space 1677696K,   0% used [0x00007f7c41fb0000, 0x00007f7c41fb0000, 0x00007f7ca8610000)
 tenured generation   total 33554500K, used 25111832K [0x00007f7dfdb50000, 0x00007f85fdb61000, 0x00007f88a8600000)
   the space 33554500K,  74% used [0x00007f7dfdb50000, 0x00007f83fa6961b0, 0x00007f83fa696200, 0x00007f85fdb61000)
 Metaspace       used 30332K, capacity 30758K, committed 30976K, reserved 32768K
}
Event: 999.329 GC heap after
{Heap after GC invocations=99 (full 7):
 def new generation   total 15099584K, used 969896K [0x00007f78a8600000, 0x00007f7ca8610000, 0x00007f7dfdb50000)
  eden space 13421888K,   0% used [0x00007f78a8600000, 0x00007f78a8600000, 0x00007f7bdb950000)
  from space 1677696K,  57% used [0x00007f7c41fb0000, 0x00007f7c7d2da220, 0x00007f7ca8610000)
  to   space 1677696K,   0% used [0x00007f7bdb950000, 0x00007f7bdb950000, 0x00007f7c41fb0000)
 tenured generation   total 33554500K, used 26073010K [0x00007f7dfdb50000, 0x00007f85fdb61000, 0x00007f88a8600000)
   the space 33554500K,  77% used [0x00007f7dfdb50000, 0x00007f843513cba0, 0x00007f843513cc00, 0x00007f85fdb61000)
 Metaspace       used 30332K, capacity 30758K, committed 30976K, reserved 32768K
}
Event: 1002.745 GC heap before
{Heap before GC invocations=99 (full 7):
 def new generation   total 15099584K, used 14391784K [0x00007f78a8600000, 0x00007f7ca8610000, 0x00007f7dfdb50000)
  eden space 13421888K, 100% used [0x00007f78a8600000, 0x00007f7bdb950000, 0x00007f7bdb950000)
  from space 1677696K,  57% used [0x00007f7c41fb0000, 0x00007f7c7d2da220, 0x00007f7ca8610000)
  to   space 1677696K,   0% used [0x00007f7bdb950000, 0x00007f7bdb950000, 0x00007f7c41fb0000)
 tenured generation   total 33554500K, used 26073010K [0x00007f7dfdb50000, 0x00007f85fdb61000, 0x00007f88a8600000)
   the space 33554500K,  77% used [0x00007f7dfdb50000, 0x00007f843513cba0, 0x00007f843513cc00, 0x00007f85fdb61000)
 Metaspace       used 30332K, capacity 30758K, committed 30976K, reserved 32768K
}
Event: 1005.696 GC heap after
{Heap after GC invocations=100 (full 7):
 def new generation   total 15099584K, used 958360K [0x00007f78a8600000, 0x00007f7ca8610000, 0x00007f7dfdb50000)
  eden space 13421888K,   0% used [0x00007f78a8600000, 0x00007f78a8600000, 0x00007f7bdb950000)
  from space 1677696K,  57% used [0x00007f7bdb950000, 0x00007f7c16136260, 0x00007f7c41fb0000)
  to   space 1677696K,   0% used [0x00007f7c41fb0000, 0x00007f7c41fb0000, 0x00007f7ca8610000)
 tenured generation   total 33554500K, used 27042906K [0x00007f7dfdb50000, 0x00007f85fdb61000, 0x00007f88a8600000)
   the space 33554500K,  80% used [0x00007f7dfdb50000, 0x00007f84704669f0, 0x00007f8470466a00, 0x00007f85fdb61000)
 Metaspace       used 30332K, capacity 30758K, committed 30976K, reserved 32768K
}
Event: 1010.673 GC heap before
{Heap before GC invocations=100 (full 7):
 def new generation   total 15099584K, used 14380248K [0x00007f78a8600000, 0x00007f7ca8610000, 0x00007f7dfdb50000)
  eden space 13421888K, 100% used [0x00007f78a8600000, 0x00007f7bdb950000, 0x00007f7bdb950000)
  from space 1677696K,  57% used [0x00007f7bdb950000, 0x00007f7c16136260, 0x00007f7c41fb0000)
  to   space 1677696K,   0% used [0x00007f7c41fb0000, 0x00007f7c41fb0000, 0x00007f7ca8610000)
 tenured generation   total 33554500K, used 27042906K [0x00007f7dfdb50000, 0x00007f85fdb61000, 0x00007f88a8600000)
   the space 33554500K,  80% used [0x00007f7dfdb50000, 0x00007f84704669f0, 0x00007f8470466a00, 0x00007f85fdb61000)
 Metaspace       used 30332K, capacity 30758K, committed 30976K, reserved 32768K
}
Event: 1013.430 GC heap after
{Heap after GC invocations=101 (full 7):
 def new generation   total 15099584K, used 967037K [0x00007f78a8600000, 0x00007f7ca8610000, 0x00007f7dfdb50000)
  eden space 13421888K,   0% used [0x00007f78a8600000, 0x00007f78a8600000, 0x00007f7bdb950000)
  from space 1677696K,  57% used [0x00007f7c41fb0000, 0x00007f7c7d00f610, 0x00007f7ca8610000)
  to   space 1677696K,   0% used [0x00007f7bdb950000, 0x00007f7bdb950000, 0x00007f7c41fb0000)
 tenured generation   total 33554500K, used 28001266K [0x00007f7dfdb50000, 0x00007f85fdb61000, 0x00007f88a8600000)
   the space 33554500K,  83% used [0x00007f7dfdb50000, 0x00007f84aac4c860, 0x00007f84aac4ca00, 0x00007f85fdb61000)
 Metaspace       used 30332K, capacity 30758K, committed 30976K, reserved 32768K
}
Event: 1017.075 GC heap before
{Heap before GC invocations=101 (full 7):
 def new generation   total 15099584K, used 14388925K [0x00007f78a8600000, 0x00007f7ca8610000, 0x00007f7dfdb50000)
  eden space 13421888K, 100% used [0x00007f78a8600000, 0x00007f7bdb950000, 0x00007f7bdb950000)
  from space 1677696K,  57% used [0x00007f7c41fb0000, 0x00007f7c7d00f610, 0x00007f7ca8610000)
  to   space 1677696K,   0% used [0x00007f7bdb950000, 0x00007f7bdb950000, 0x00007f7c41fb0000)
 tenured generation   total 33554500K, used 28001266K [0x00007f7dfdb50000, 0x00007f85fdb61000, 0x00007f88a8600000)
   the space 33554500K,  83% used [0x00007f7dfdb50000, 0x00007f84aac4c860, 0x00007f84aac4ca00, 0x00007f85fdb61000)
 Metaspace       used 30332K, capacity 30758K, committed 30976K, reserved 32768K
}
Event: 1020.029 GC heap after
{Heap after GC invocations=102 (full 7):
 def new generation   total 15099584K, used 1028994K [0x00007f78a8600000, 0x00007f7ca8610000, 0x00007f7dfdb50000)
  eden space 13421888K,   0% used [0x00007f78a8600000, 0x00007f78a8600000, 0x00007f7bdb950000)
  from space 1677696K,  61% used [0x00007f7bdb950000, 0x00007f7c1a630b90, 0x00007f7c41fb0000)
  to   space 1677696K,   0% used [0x00007f7c41fb0000, 0x00007f7c41fb0000, 0x00007f7ca8610000)
 tenured generation   total 33554500K, used 28968303K [0x00007f7dfdb50000, 0x00007f85fdb61000, 0x00007f88a8600000)
   the space 33554500K,  86% used [0x00007f7dfdb50000, 0x00007f84e5cabcf0, 0x00007f84e5cabe00, 0x00007f85fdb61000)
 Metaspace       used 30332K, capacity 30758K, committed 30976K, reserved 32768K
}
Event: 1023.737 GC heap before
{Heap before GC invocations=102 (full 7):
 def new generation   total 15099584K, used 14450882K [0x00007f78a8600000, 0x00007f7ca8610000, 0x00007f7dfdb50000)
  eden space 13421888K, 100% used [0x00007f78a8600000, 0x00007f7bdb950000, 0x00007f7bdb950000)
  from space 1677696K,  61% used [0x00007f7bdb950000, 0x00007f7c1a630b90, 0x00007f7c41fb0000)
  to   space 1677696K,   0% used [0x00007f7c41fb0000, 0x00007f7c41fb0000, 0x00007f7ca8610000)
 tenured generation   total 33554500K, used 28968303K [0x00007f7dfdb50000, 0x00007f85fdb61000, 0x00007f88a8600000)
   the space 33554500K,  86% used [0x00007f7dfdb50000, 0x00007f84e5cabcf0, 0x00007f84e5cabe00, 0x00007f85fdb61000)
 Metaspace       used 30332K, capacity 30758K, committed 30976K, reserved 32768K
}
Event: 1026.096 GC heap after
{Heap after GC invocations=103 (full 7):
 def new generation   total 15099584K, used 954330K [0x00007f78a8600000, 0x00007f7ca8610000, 0x00007f7dfdb50000)
  eden space 13421888K,   0% used [0x00007f78a8600000, 0x00007f78a8600000, 0x00007f7bdb950000)
  from space 1677696K,  56% used [0x00007f7c41fb0000, 0x00007f7c7c3a6bb8, 0x00007f7ca8610000)
  to   space 1677696K,   0% used [0x00007f7bdb950000, 0x00007f7bdb950000, 0x00007f7c41fb0000)
 tenured generation   total 33554500K, used 29997297K [0x00007f7dfdb50000, 0x00007f85fdb61000, 0x00007f88a8600000)
   the space 33554500K,  89% used [0x00007f7dfdb50000, 0x00007f852498c5b0, 0x00007f852498c600, 0x00007f85fdb61000)
 Metaspace       used 30332K, capacity 30758K, committed 30976K, reserved 32768K
}
Event: 1029.857 GC heap before
{Heap before GC invocations=103 (full 7):
 def new generation   total 15099584K, used 14376218K [0x00007f78a8600000, 0x00007f7ca8610000, 0x00007f7dfdb50000)
  eden space 13421888K, 100% used [0x00007f78a8600000, 0x00007f7bdb950000, 0x00007f7bdb950000)
  from space 1677696K,  56% used [0x00007f7c41fb0000, 0x00007f7c7c3a6bb8, 0x00007f7ca8610000)
  to   space 1677696K,   0% used [0x00007f7bdb950000, 0x00007f7bdb950000, 0x00007f7c41fb0000)
 tenured generation   total 33554500K, used 29997297K [0x00007f7dfdb50000, 0x00007f85fdb61000, 0x00007f88a8600000)
   the space 33554500K,  89% used [0x00007f7dfdb50000, 0x00007f852498c5b0, 0x00007f852498c600, 0x00007f85fdb61000)
 Metaspace       used 30332K, capacity 30758K, committed 30976K, reserved 32768K
}
Event: 1032.211 GC heap after
{Heap after GC invocations=104 (full 7):
 def new generation   total 15099584K, used 974380K [0x00007f78a8600000, 0x00007f7ca8610000, 0x00007f7dfdb50000)
  eden space 13421888K,   0% used [0x00007f78a8600000, 0x00007f78a8600000, 0x00007f7bdb950000)
  from space 1677696K,  58% used [0x00007f7bdb950000, 0x00007f7c170db198, 0x00007f7c41fb0000)
  to   space 1677696K,   0% used [0x00007f7c41fb0000, 0x00007f7c41fb0000, 0x00007f7ca8610000)
 tenured generation   total 33554500K, used 30951628K [0x00007f7dfdb50000, 0x00007f85fdb61000, 0x00007f88a8600000)
   the space 33554500K,  92% used [0x00007f7dfdb50000, 0x00007f855ed83168, 0x00007f855ed83200, 0x00007f85fdb61000)
 Metaspace       used 30332K, capacity 30758K, committed 30976K, reserved 32768K
}
Event: 1035.978 GC heap before
{Heap before GC invocations=104 (full 7):
 def new generation   total 15099584K, used 14396268K [0x00007f78a8600000, 0x00007f7ca8610000, 0x00007f7dfdb50000)
  eden space 13421888K, 100% used [0x00007f78a8600000, 0x00007f7bdb950000, 0x00007f7bdb950000)
  from space 1677696K,  58% used [0x00007f7bdb950000, 0x00007f7c170db198, 0x00007f7c41fb0000)
  to   space 1677696K,   0% used [0x00007f7c41fb0000, 0x00007f7c41fb0000, 0x00007f7ca8610000)
 tenured generation   total 33554500K, used 30951628K [0x00007f7dfdb50000, 0x00007f85fdb61000, 0x00007f88a8600000)
   the space 33554500K,  92% used [0x00007f7dfdb50000, 0x00007f855ed83168, 0x00007f855ed83200, 0x00007f85fdb61000)
 Metaspace       used 30332K, capacity 30758K, committed 30976K, reserved 32768K
}
Event: 1038.938 GC heap after
{Heap after GC invocations=105 (full 7):
 def new generation   total 15099584K, used 1304506K [0x00007f78a8600000, 0x00007f7ca8610000, 0x00007f7dfdb50000)
  eden space 13421888K,   0% used [0x00007f78a8600000, 0x00007f78a8600000, 0x00007f7bdb950000)
  from space 1677696K,  77% used [0x00007f7c41fb0000, 0x00007f7c9199ea00, 0x00007f7ca8610000)
  to   space 1677696K,   0% used [0x00007f7bdb950000, 0x00007f7bdb950000, 0x00007f7c41fb0000)
 tenured generation   total 33554500K, used 31926008K [0x00007f7dfdb50000, 0x00007f85fdb61000, 0x00007f88a8600000)
   the space 33554500K,  95% used [0x00007f7dfdb50000, 0x00007f859a50e0c0, 0x00007f859a50e200, 0x00007f85fdb61000)
 Metaspace       used 30332K, capacity 30758K, committed 30976K, reserved 32768K
}
Event: 1042.596 GC heap before
{Heap before GC invocations=105 (full 7):
 def new generation   total 15099584K, used 14726394K [0x00007f78a8600000, 0x00007f7ca8610000, 0x00007f7dfdb50000)
  eden space 13421888K, 100% used [0x00007f78a8600000, 0x00007f7bdb950000, 0x00007f7bdb950000)
  from space 1677696K,  77% used [0x00007f7c41fb0000, 0x00007f7c9199ea00, 0x00007f7ca8610000)
  to   space 1677696K,   0% used [0x00007f7bdb950000, 0x00007f7bdb950000, 0x00007f7c41fb0000)
 tenured generation   total 33554500K, used 31926008K [0x00007f7dfdb50000, 0x00007f85fdb61000, 0x00007f88a8600000)
   the space 33554500K,  95% used [0x00007f7dfdb50000, 0x00007f859a50e0c0, 0x00007f859a50e200, 0x00007f85fdb61000)
 Metaspace       used 30332K, capacity 30758K, committed 30976K, reserved 32768K
}
Event: 1046.146 GC heap after
{Heap after GC invocations=106 (full 7):
 def new generation   total 15099584K, used 1497429K [0x00007f78a8600000, 0x00007f7ca8610000, 0x00007f7dfdb50000)
  eden space 13421888K,   0% used [0x00007f78a8600000, 0x00007f78a8600000, 0x00007f7bdb950000)
  from space 1677696K,  89% used [0x00007f7bdb950000, 0x00007f7c36fa5410, 0x00007f7c41fb0000)
  to   space 1677696K,   0% used [0x00007f7c41fb0000, 0x00007f7c41fb0000, 0x00007f7ca8610000)
 tenured generation   total 33554500K, used 33230514K [0x00007f7dfdb50000, 0x00007f85fdb61000, 0x00007f88a8600000)
   the space 33554500K,  99% used [0x00007f7dfdb50000, 0x00007f85e9efca30, 0x00007f85e9efcc00, 0x00007f85fdb61000)
 Metaspace       used 30332K, capacity 30758K, committed 30976K, reserved 32768K
}
Event: 1049.556 GC heap before
{Heap before GC invocations=106 (full 7):
 def new generation   total 15099584K, used 14919317K [0x00007f78a8600000, 0x00007f7ca8610000, 0x00007f7dfdb50000)
  eden space 13421888K, 100% used [0x00007f78a8600000, 0x00007f7bdb950000, 0x00007f7bdb950000)
  from space 1677696K,  89% used [0x00007f7bdb950000, 0x00007f7c36fa5410, 0x00007f7c41fb0000)
  to   space 1677696K,   0% used [0x00007f7c41fb0000, 0x00007f7c41fb0000, 0x00007f7ca8610000)
 tenured generation   total 33554500K, used 33230514K [0x00007f7dfdb50000, 0x00007f85fdb61000, 0x00007f88a8600000)
   the space 33554500K,  99% used [0x00007f7dfdb50000, 0x00007f85e9efca30, 0x00007f85e9efcc00, 0x00007f85fdb61000)
 Metaspace       used 30332K, capacity 30758K, committed 30976K, reserved 32768K
}
Event: 1052.481 GC heap after
{Heap after GC invocations=107 (full 7):
 def new generation   total 15099584K, used 975010K [0x00007f78a8600000, 0x00007f7ca8610000, 0x00007f7dfdb50000)
  eden space 13421888K,   0% used [0x00007f78a8600000, 0x00007f78a8600000, 0x00007f7bdb950000)
  from space 1677696K,  58% used [0x00007f7c41fb0000, 0x00007f7c7d7d8af0, 0x00007f7ca8610000)
  to   space 1677696K,   0% used [0x00007f7bdb950000, 0x00007f7bdb950000, 0x00007f7c41fb0000)
 tenured generation   total 34728004K, used 34727943K [0x00007f7dfdb50000, 0x00007f8645561000, 0x00007f88a8600000)
   the space 34728004K,  99% used [0x00007f7dfdb50000, 0x00007f8645551cc0, 0x00007f8645551e00, 0x00007f8645561000)
 Metaspace       used 30332K, capacity 30758K, committed 30976K, reserved 32768K
}
Event: 1052.481 GC heap before
{Heap before GC invocations=107 (full 7):
 def new generation   total 15099584K, used 975010K [0x00007f78a8600000, 0x00007f7ca8610000, 0x00007f7dfdb50000)
  eden space 13421888K,   0% used [0x00007f78a8600000, 0x00007f78a8600000, 0x00007f7bdb950000)
  from space 1677696K,  58% used [0x00007f7c41fb0000, 0x00007f7c7d7d8af0, 0x00007f7ca8610000)
  to   space 1677696K,   0% used [0x00007f7bdb950000, 0x00007f7bdb950000, 0x00007f7c41fb0000)
 tenured generation   total 34728004K, used 34727943K [0x00007f7dfdb50000, 0x00007f8645561000, 0x00007f88a8600000)
   the space 34728004K,  99% used [0x00007f7dfdb50000, 0x00007f8645551cc0, 0x00007f8645551e00, 0x00007f8645561000)
 Metaspace       used 30332K, capacity 30758K, committed 30976K, reserved 32768K
}

