# JRE version: OpenJDK Runtime Environment (13.0.7+5) (build 13.0.7+5-Ubuntu-0ubuntu120.04)
# Java VM: OpenJDK 64-Bit Server VM (13.0.7+5-Ubuntu-0ubuntu120.04, mixed mode, tiered, serial gc, linux-amd64)
Heap:
 def new generation   total 2829440K, used 178803K [0x00007f3240600000, 0x00007f3300420000, 0x00007f3ceb0a0000)
  eden space 2515072K,   7% used [0x00007f3240600000, 0x00007f324b49ce68, 0x00007f32d9e20000)
  from space 314368K,   0% used [0x00007f32d9e20000, 0x00007f32d9e20000, 0x00007f32ed120000)
  to   space 314368K,   0% used [0x00007f32ed120000, 0x00007f32ed120000, 0x00007f3300420000)
 tenured generation   total 6303876K, used 6302371K [0x00007f3ceb0a0000, 0x00007f3e6bcc1000, 0x00007f5240600000)
   the space 6303876K,  99% used [0x00007f3ceb0a0000, 0x00007f3e6bb48e60, 0x00007f3e6bb49000, 0x00007f3e6bcc1000)
 Metaspace       used 24301K, capacity 24714K, committed 24832K, reserved 26624K
GC Heap History (20 events):
Event: 1587.364 GC heap after
{Heap after GC invocations=1463 (full 6):
 def new generation   total 2829440K, used 166992K [0x00007f3240600000, 0x00007f3300420000, 0x00007f3ceb0a0000)
  eden space 2515072K,   0% used [0x00007f3240600000, 0x00007f3240600000, 0x00007f32d9e20000)
  from space 314368K,  53% used [0x00007f32ed120000, 0x00007f32f74341e0, 0x00007f3300420000)
  to   space 314368K,   0% used [0x00007f32d9e20000, 0x00007f32d9e20000, 0x00007f32ed120000)
 tenured generation   total 6287488K, used 6183661K [0x00007f3ceb0a0000, 0x00007f3e6acc0000, 0x00007f5240600000)
   the space 6287488K,  98% used [0x00007f3ceb0a0000, 0x00007f3e6475b490, 0x00007f3e6475b600, 0x00007f3e6acc0000)
 Metaspace       used 24301K, capacity 24714K, committed 24832K, reserved 26624K
}
Event: 1589.868 GC heap before
{Heap before GC invocations=1463 (full 6):
 def new generation   total 2829440K, used 2682064K [0x00007f3240600000, 0x00007f3300420000, 0x00007f3ceb0a0000)
  eden space 2515072K, 100% used [0x00007f3240600000, 0x00007f32d9e20000, 0x00007f32d9e20000)
  from space 314368K,  53% used [0x00007f32ed120000, 0x00007f32f74341e0, 0x00007f3300420000)
  to   space 314368K,   0% used [0x00007f32d9e20000, 0x00007f32d9e20000, 0x00007f32ed120000)
 tenured generation   total 6287488K, used 6183661K [0x00007f3ceb0a0000, 0x00007f3e6acc0000, 0x00007f5240600000)
   the space 6287488K,  98% used [0x00007f3ceb0a0000, 0x00007f3e6475b490, 0x00007f3e6475b600, 0x00007f3e6acc0000)
 Metaspace       used 24301K, capacity 24714K, committed 24832K, reserved 26624K
}
Event: 1589.990 GC heap after
{Heap after GC invocations=1464 (full 6):
 def new generation   total 2829440K, used 177791K [0x00007f3240600000, 0x00007f3300420000, 0x00007f3ceb0a0000)
  eden space 2515072K,   0% used [0x00007f3240600000, 0x00007f3240600000, 0x00007f32d9e20000)
  from space 314368K,  56% used [0x00007f32d9e20000, 0x00007f32e4bbffb0, 0x00007f32ed120000)
  to   space 314368K,   0% used [0x00007f32ed120000, 0x00007f32ed120000, 0x00007f3300420000)
 tenured generation   total 6287488K, used 6200619K [0x00007f3ceb0a0000, 0x00007f3e6acc0000, 0x00007f5240600000)
   the space 6287488K,  98% used [0x00007f3ceb0a0000, 0x00007f3e657eaee8, 0x00007f3e657eb000, 0x00007f3e6acc0000)
 Metaspace       used 24301K, capacity 24714K, committed 24832K, reserved 26624K
}
Event: 1592.432 GC heap before
{Heap before GC invocations=1464 (full 6):
 def new generation   total 2829440K, used 2692863K [0x00007f3240600000, 0x00007f3300420000, 0x00007f3ceb0a0000)
  eden space 2515072K, 100% used [0x00007f3240600000, 0x00007f32d9e20000, 0x00007f32d9e20000)
  from space 314368K,  56% used [0x00007f32d9e20000, 0x00007f32e4bbffb0, 0x00007f32ed120000)
  to   space 314368K,   0% used [0x00007f32ed120000, 0x00007f32ed120000, 0x00007f3300420000)
 tenured generation   total 6287488K, used 6200619K [0x00007f3ceb0a0000, 0x00007f3e6acc0000, 0x00007f5240600000)
   the space 6287488K,  98% used [0x00007f3ceb0a0000, 0x00007f3e657eaee8, 0x00007f3e657eb000, 0x00007f3e6acc0000)
 Metaspace       used 24301K, capacity 24714K, committed 24832K, reserved 26624K
}
Event: 1592.554 GC heap after
{Heap after GC invocations=1465 (full 6):
 def new generation   total 2829440K, used 138741K [0x00007f3240600000, 0x00007f3300420000, 0x00007f3ceb0a0000)
  eden space 2515072K,   0% used [0x00007f3240600000, 0x00007f3240600000, 0x00007f32d9e20000)
  from space 314368K,  44% used [0x00007f32ed120000, 0x00007f32f589d748, 0x00007f3300420000)
  to   space 314368K,   0% used [0x00007f32d9e20000, 0x00007f32d9e20000, 0x00007f32ed120000)
 tenured generation   total 6287488K, used 6234536K [0x00007f3ceb0a0000, 0x00007f3e6acc0000, 0x00007f5240600000)
   the space 6287488K,  99% used [0x00007f3ceb0a0000, 0x00007f3e6790a398, 0x00007f3e6790a400, 0x00007f3e6acc0000)
 Metaspace       used 24301K, capacity 24714K, committed 24832K, reserved 26624K
}
Event: 1595.034 GC heap before
{Heap before GC invocations=1465 (full 6):
 def new generation   total 2829440K, used 2653813K [0x00007f3240600000, 0x00007f3300420000, 0x00007f3ceb0a0000)
  eden space 2515072K, 100% used [0x00007f3240600000, 0x00007f32d9e20000, 0x00007f32d9e20000)
  from space 314368K,  44% used [0x00007f32ed120000, 0x00007f32f589d748, 0x00007f3300420000)
  to   space 314368K,   0% used [0x00007f32d9e20000, 0x00007f32d9e20000, 0x00007f32ed120000)
 tenured generation   total 6287488K, used 6234536K [0x00007f3ceb0a0000, 0x00007f3e6acc0000, 0x00007f5240600000)
   the space 6287488K,  99% used [0x00007f3ceb0a0000, 0x00007f3e6790a398, 0x00007f3e6790a400, 0x00007f3e6acc0000)
 Metaspace       used 24301K, capacity 24714K, committed 24832K, reserved 26624K
}
Event: 1595.123 GC heap after
{Heap after GC invocations=1466 (full 6):
 def new generation   total 2829440K, used 152616K [0x00007f3240600000, 0x00007f3300420000, 0x00007f3ceb0a0000)
  eden space 2515072K,   0% used [0x00007f3240600000, 0x00007f3240600000, 0x00007f32d9e20000)
  from space 314368K,  48% used [0x00007f32d9e20000, 0x00007f32e332a3d0, 0x00007f32ed120000)
  to   space 314368K,   0% used [0x00007f32ed120000, 0x00007f32ed120000, 0x00007f3300420000)
 tenured generation   total 6287488K, used 6234536K [0x00007f3ceb0a0000, 0x00007f3e6acc0000, 0x00007f5240600000)
   the space 6287488K,  99% used [0x00007f3ceb0a0000, 0x00007f3e6790a398, 0x00007f3e6790a400, 0x00007f3e6acc0000)
 Metaspace       used 24301K, capacity 24714K, committed 24832K, reserved 26624K
}
Event: 1597.751 GC heap before
{Heap before GC invocations=1466 (full 6):
 def new generation   total 2829440K, used 2667688K [0x00007f3240600000, 0x00007f3300420000, 0x00007f3ceb0a0000)
  eden space 2515072K, 100% used [0x00007f3240600000, 0x00007f32d9e20000, 0x00007f32d9e20000)
  from space 314368K,  48% used [0x00007f32d9e20000, 0x00007f32e332a3d0, 0x00007f32ed120000)
  to   space 314368K,   0% used [0x00007f32ed120000, 0x00007f32ed120000, 0x00007f3300420000)
 tenured generation   total 6287488K, used 6234536K [0x00007f3ceb0a0000, 0x00007f3e6acc0000, 0x00007f5240600000)
   the space 6287488K,  99% used [0x00007f3ceb0a0000, 0x00007f3e6790a398, 0x00007f3e6790a400, 0x00007f3e6acc0000)
 Metaspace       used 24301K, capacity 24714K, committed 24832K, reserved 26624K
}
Event: 1597.857 GC heap after
{Heap after GC invocations=1467 (full 6):
 def new generation   total 2829440K, used 167504K [0x00007f3240600000, 0x00007f3300420000, 0x00007f3ceb0a0000)
  eden space 2515072K,   0% used [0x00007f3240600000, 0x00007f3240600000, 0x00007f32d9e20000)
  from space 314368K,  53% used [0x00007f32ed120000, 0x00007f32f74b4340, 0x00007f3300420000)
  to   space 314368K,   0% used [0x00007f32d9e20000, 0x00007f32d9e20000, 0x00007f32ed120000)
 tenured generation   total 6287488K, used 6234536K [0x00007f3ceb0a0000, 0x00007f3e6acc0000, 0x00007f5240600000)
   the space 6287488K,  99% used [0x00007f3ceb0a0000, 0x00007f3e6790a398, 0x00007f3e6790a400, 0x00007f3e6acc0000)
 Metaspace       used 24301K, capacity 24714K, committed 24832K, reserved 26624K
}
Event: 1600.353 GC heap before
{Heap before GC invocations=1467 (full 6):
 def new generation   total 2829440K, used 2681869K [0x00007f3240600000, 0x00007f3300420000, 0x00007f3ceb0a0000)
  eden space 2515072K,  99% used [0x00007f3240600000, 0x00007f32d9d6f338, 0x00007f32d9e20000)
  from space 314368K,  53% used [0x00007f32ed120000, 0x00007f32f74b4340, 0x00007f3300420000)
  to   space 314368K,   0% used [0x00007f32d9e20000, 0x00007f32d9e20000, 0x00007f32ed120000)
 tenured generation   total 6287488K, used 6234536K [0x00007f3ceb0a0000, 0x00007f3e6acc0000, 0x00007f5240600000)
   the space 6287488K,  99% used [0x00007f3ceb0a0000, 0x00007f3e6790a398, 0x00007f3e6790a400, 0x00007f3e6acc0000)
 Metaspace       used 24301K, capacity 24714K, committed 24832K, reserved 26624K
}
Event: 1600.471 GC heap after
{Heap after GC invocations=1468 (full 6):
 def new generation   total 2829440K, used 162892K [0x00007f3240600000, 0x00007f3300420000, 0x00007f3ceb0a0000)
  eden space 2515072K,   0% used [0x00007f3240600000, 0x00007f3240600000, 0x00007f32d9e20000)
  from space 314368K,  51% used [0x00007f32d9e20000, 0x00007f32e3d332f0, 0x00007f32ed120000)
  to   space 314368K,   0% used [0x00007f32ed120000, 0x00007f32ed120000, 0x00007f3300420000)
 tenured generation   total 6287488K, used 6251495K [0x00007f3ceb0a0000, 0x00007f3e6acc0000, 0x00007f5240600000)
   the space 6287488K,  99% used [0x00007f3ceb0a0000, 0x00007f3e68999df0, 0x00007f3e68999e00, 0x00007f3e6acc0000)
 Metaspace       used 24301K, capacity 24714K, committed 24832K, reserved 26624K
}
Event: 1602.958 GC heap before
{Heap before GC invocations=1468 (full 6):
 def new generation   total 2829440K, used 2677964K [0x00007f3240600000, 0x00007f3300420000, 0x00007f3ceb0a0000)
  eden space 2515072K, 100% used [0x00007f3240600000, 0x00007f32d9e20000, 0x00007f32d9e20000)
  from space 314368K,  51% used [0x00007f32d9e20000, 0x00007f32e3d332f0, 0x00007f32ed120000)
  to   space 314368K,   0% used [0x00007f32ed120000, 0x00007f32ed120000, 0x00007f3300420000)
 tenured generation   total 6287488K, used 6251495K [0x00007f3ceb0a0000, 0x00007f3e6acc0000, 0x00007f5240600000)
   the space 6287488K,  99% used [0x00007f3ceb0a0000, 0x00007f3e68999df0, 0x00007f3e68999e00, 0x00007f3e6acc0000)
 Metaspace       used 24301K, capacity 24714K, committed 24832K, reserved 26624K
}
Event: 1603.065 GC heap after
{Heap after GC invocations=1469 (full 6):
 def new generation   total 2829440K, used 155197K [0x00007f3240600000, 0x00007f3300420000, 0x00007f3ceb0a0000)
  eden space 2515072K,   0% used [0x00007f3240600000, 0x00007f3240600000, 0x00007f32d9e20000)
  from space 314368K,  49% used [0x00007f32ed120000, 0x00007f32f68af698, 0x00007f3300420000)
  to   space 314368K,   0% used [0x00007f32d9e20000, 0x00007f32d9e20000, 0x00007f32ed120000)
 tenured generation   total 6287488K, used 6268454K [0x00007f3ceb0a0000, 0x00007f3e6acc0000, 0x00007f5240600000)
   the space 6287488K,  99% used [0x00007f3ceb0a0000, 0x00007f3e69a29848, 0x00007f3e69a29a00, 0x00007f3e6acc0000)
 Metaspace       used 24301K, capacity 24714K, committed 24832K, reserved 26624K
}
Event: 1605.801 GC heap before
{Heap before GC invocations=1469 (full 6):
 def new generation   total 2829440K, used 2670269K [0x00007f3240600000, 0x00007f3300420000, 0x00007f3ceb0a0000)
  eden space 2515072K, 100% used [0x00007f3240600000, 0x00007f32d9e20000, 0x00007f32d9e20000)
  from space 314368K,  49% used [0x00007f32ed120000, 0x00007f32f68af698, 0x00007f3300420000)
  to   space 314368K,   0% used [0x00007f32d9e20000, 0x00007f32d9e20000, 0x00007f32ed120000)
 tenured generation   total 6287488K, used 6268454K [0x00007f3ceb0a0000, 0x00007f3e6acc0000, 0x00007f5240600000)
   the space 6287488K,  99% used [0x00007f3ceb0a0000, 0x00007f3e69a29848, 0x00007f3e69a29a00, 0x00007f3e6acc0000)
 Metaspace       used 24301K, capacity 24714K, committed 24832K, reserved 26624K
}
Event: 1605.909 GC heap after
{Heap after GC invocations=1470 (full 6):
 def new generation   total 2829440K, used 169558K [0x00007f3240600000, 0x00007f3300420000, 0x00007f3ceb0a0000)
  eden space 2515072K,   0% used [0x00007f3240600000, 0x00007f3240600000, 0x00007f32d9e20000)
  from space 314368K,  53% used [0x00007f32d9e20000, 0x00007f32e43b59e0, 0x00007f32ed120000)
  to   space 314368K,   0% used [0x00007f32ed120000, 0x00007f32ed120000, 0x00007f3300420000)
 tenured generation   total 6287488K, used 6268454K [0x00007f3ceb0a0000, 0x00007f3e6acc0000, 0x00007f5240600000)
   the space 6287488K,  99% used [0x00007f3ceb0a0000, 0x00007f3e69a29848, 0x00007f3e69a29a00, 0x00007f3e6acc0000)
 Metaspace       used 24301K, capacity 24714K, committed 24832K, reserved 26624K
}
Event: 1608.522 GC heap before
{Heap before GC invocations=1470 (full 6):
 def new generation   total 2829440K, used 2684630K [0x00007f3240600000, 0x00007f3300420000, 0x00007f3ceb0a0000)
  eden space 2515072K, 100% used [0x00007f3240600000, 0x00007f32d9e20000, 0x00007f32d9e20000)
  from space 314368K,  53% used [0x00007f32d9e20000, 0x00007f32e43b59e0, 0x00007f32ed120000)
  to   space 314368K,   0% used [0x00007f32ed120000, 0x00007f32ed120000, 0x00007f3300420000)
 tenured generation   total 6287488K, used 6268454K [0x00007f3ceb0a0000, 0x00007f3e6acc0000, 0x00007f5240600000)
   the space 6287488K,  99% used [0x00007f3ceb0a0000, 0x00007f3e69a29848, 0x00007f3e69a29a00, 0x00007f3e6acc0000)
 Metaspace       used 24301K, capacity 24714K, committed 24832K, reserved 26624K
}
Event: 1608.654 GC heap after
{Heap after GC invocations=1471 (full 6):
 def new generation   total 2829440K, used 167003K [0x00007f3240600000, 0x00007f3300420000, 0x00007f3ceb0a0000)
  eden space 2515072K,   0% used [0x00007f3240600000, 0x00007f3240600000, 0x00007f32d9e20000)
  from space 314368K,  53% used [0x00007f32ed120000, 0x00007f32f7436f10, 0x00007f3300420000)
  to   space 314368K,   0% used [0x00007f32d9e20000, 0x00007f32d9e20000, 0x00007f32ed120000)
 tenured generation   total 6287488K, used 6285412K [0x00007f3ceb0a0000, 0x00007f3e6acc0000, 0x00007f5240600000)
   the space 6287488K,  99% used [0x00007f3ceb0a0000, 0x00007f3e6aab92a0, 0x00007f3e6aab9400, 0x00007f3e6acc0000)
 Metaspace       used 24301K, capacity 24714K, committed 24832K, reserved 26624K
}
Event: 1611.106 GC heap before
{Heap before GC invocations=1471 (full 6):
 def new generation   total 2829440K, used 2682075K [0x00007f3240600000, 0x00007f3300420000, 0x00007f3ceb0a0000)
  eden space 2515072K, 100% used [0x00007f3240600000, 0x00007f32d9e20000, 0x00007f32d9e20000)
  from space 314368K,  53% used [0x00007f32ed120000, 0x00007f32f7436f10, 0x00007f3300420000)
  to   space 314368K,   0% used [0x00007f32d9e20000, 0x00007f32d9e20000, 0x00007f32ed120000)
 tenured generation   total 6287488K, used 6285412K [0x00007f3ceb0a0000, 0x00007f3e6acc0000, 0x00007f5240600000)
   the space 6287488K,  99% used [0x00007f3ceb0a0000, 0x00007f3e6aab92a0, 0x00007f3e6aab9400, 0x00007f3e6acc0000)
 Metaspace       used 24301K, capacity 24714K, committed 24832K, reserved 26624K
}
Event: 1611.236 GC heap after
{Heap after GC invocations=1472 (full 6):
 def new generation   total 2829440K, used 178803K [0x00007f3240600000, 0x00007f3300420000, 0x00007f3ceb0a0000)
  eden space 2515072K,   0% used [0x00007f3240600000, 0x00007f3240600000, 0x00007f32d9e20000)
  from space 314368K,  56% used [0x00007f32d9e20000, 0x00007f32e4cbcfd0, 0x00007f32ed120000)
  to   space 314368K,   0% used [0x00007f32ed120000, 0x00007f32ed120000, 0x00007f3300420000)
 tenured generation   total 6303876K, used 6302371K [0x00007f3ceb0a0000, 0x00007f3e6bcc1000, 0x00007f5240600000)
   the space 6303876K,  99% used [0x00007f3ceb0a0000, 0x00007f3e6bb48cf8, 0x00007f3e6bb48e00, 0x00007f3e6bcc1000)
 Metaspace       used 24301K, capacity 24714K, committed 24832K, reserved 26624K
}
Event: 1611.236 GC heap before
{Heap before GC invocations=1472 (full 6):
 def new generation   total 2829440K, used 178803K [0x00007f3240600000, 0x00007f3300420000, 0x00007f3ceb0a0000)
  eden space 2515072K,   0% used [0x00007f3240600000, 0x00007f3240600000, 0x00007f32d9e20000)
  from space 314368K,  56% used [0x00007f32d9e20000, 0x00007f32e4cbcfd0, 0x00007f32ed120000)
  to   space 314368K,   0% used [0x00007f32ed120000, 0x00007f32ed120000, 0x00007f3300420000)
 tenured generation   total 6303876K, used 6302371K [0x00007f3ceb0a0000, 0x00007f3e6bcc1000, 0x00007f5240600000)
   the space 6303876K,  99% used [0x00007f3ceb0a0000, 0x00007f3e6bb48cf8, 0x00007f3e6bb48e00, 0x00007f3e6bcc1000)
 Metaspace       used 24301K, capacity 24714K, committed 24832K, reserved 26624K
}

