# JRE version: OpenJDK Runtime Environment (13.0.7+5) (build 13.0.7+5-Ubuntu-0ubuntu120.04)
# Java VM: OpenJDK 64-Bit Server VM (13.0.7+5-Ubuntu-0ubuntu120.04, mixed mode, tiered, serial gc, linux-amd64)
Heap:
 def new generation   total 4824320K, used 0K [0x00007f31a4600000, 0x00007f32eb8b0000, 0x00007f36f9b50000)
  eden space 4288320K,   0% used [0x00007f31a4600000, 0x00007f31a4600000, 0x00007f32aa1d0000)
  from space 536000K,   0% used [0x00007f32aa1d0000, 0x00007f32aa1d0000, 0x00007f32cad40000)
  to   space 536000K,   0% used [0x00007f32cad40000, 0x00007f32cad40000, 0x00007f32eb8b0000)
 tenured generation   total 10720556K, used 6432333K [0x00007f36f9b50000, 0x00007f398809b000, 0x00007f41a4600000)
   the space 10720556K,  59% used [0x00007f36f9b50000, 0x00007f38824e3580, 0x00007f38824e3600, 0x00007f398809b000)
 Metaspace       used 23263K, capacity 23681K, committed 23808K, reserved 24576K
GC Heap History (20 events):
Event: 7.154 GC heap before
{Heap before GC invocations=6 (full 1):
 def new generation   total 629248K, used 1422K [0x00007f31a4600000, 0x00007f31cf0c0000, 0x00007f36f9b50000)
  eden space 559360K,   0% used [0x00007f31a4600000, 0x00007f31a4600000, 0x00007f31c6840000)
  from space 69888K,   2% used [0x00007f31cac80000, 0x00007f31cade3b50, 0x00007f31cf0c0000)
  to   space 69888K,   0% used [0x00007f31c6840000, 0x00007f31c6840000, 0x00007f31cac80000)
 tenured generation   total 1922436K, used 1586487K [0x00007f36f9b50000, 0x00007f376f0b1000, 0x00007f41a4600000)
   the space 1922436K,  82% used [0x00007f36f9b50000, 0x00007f375a89dcb0, 0x00007f375a89de00, 0x00007f376f0b1000)
 Metaspace       used 23191K, capacity 23532K, committed 23552K, reserved 24576K
}
Event: 7.343 GC heap after
{Heap after GC invocations=6 (full 2):
 def new generation   total 629248K, used 0K [0x00007f31a4600000, 0x00007f31cf0c0000, 0x00007f36f9b50000)
  eden space 559360K,   0% used [0x00007f31a4600000, 0x00007f31a4600000, 0x00007f31c6840000)
  from space 69888K,   0% used [0x00007f31cac80000, 0x00007f31cac80000, 0x00007f31cf0c0000)
  to   space 69888K,   0% used [0x00007f31c6840000, 0x00007f31c6840000, 0x00007f31cac80000)
 tenured generation   total 1398144K, used 539293K [0x00007f36f9b50000, 0x00007f374f0b0000, 0x00007f41a4600000)
   the space 1398144K,  38% used [0x00007f36f9b50000, 0x00007f371a9f7418, 0x00007f371a9f7600, 0x00007f374f0b0000)
 Metaspace       used 23191K, capacity 23532K, committed 23552K, reserved 24576K
}
Event: 7.599 GC heap before
{Heap before GC invocations=6 (full 2):
 def new generation   total 629248K, used 535312K [0x00007f31a4600000, 0x00007f31cf0c0000, 0x00007f36f9b50000)
  eden space 559360K,  95% used [0x00007f31a4600000, 0x00007f31c50c4338, 0x00007f31c6840000)
  from space 69888K,   0% used [0x00007f31cac80000, 0x00007f31cac80000, 0x00007f31cf0c0000)
  to   space 69888K,   0% used [0x00007f31c6840000, 0x00007f31c6840000, 0x00007f31cac80000)
 tenured generation   total 1398144K, used 539293K [0x00007f36f9b50000, 0x00007f374f0b0000, 0x00007f41a4600000)
   the space 1398144K,  38% used [0x00007f36f9b50000, 0x00007f371a9f7418, 0x00007f371a9f7600, 0x00007f374f0b0000)
 Metaspace       used 23191K, capacity 23532K, committed 23552K, reserved 24576K
}
Event: 7.875 GC heap after
{Heap after GC invocations=7 (full 2):
 def new generation   total 629248K, used 4K [0x00007f31a4600000, 0x00007f31cf0c0000, 0x00007f36f9b50000)
  eden space 559360K,   0% used [0x00007f31a4600000, 0x00007f31a4600000, 0x00007f31c6840000)
  from space 69888K,   0% used [0x00007f31c6840000, 0x00007f31c6841060, 0x00007f31cac80000)
  to   space 69888K,   0% used [0x00007f31cac80000, 0x00007f31cac80000, 0x00007f31cf0c0000)
 tenured generation   total 1398144K, used 1063581K [0x00007f36f9b50000, 0x00007f374f0b0000, 0x00007f41a4600000)
   the space 1398144K,  76% used [0x00007f36f9b50000, 0x00007f373a9f7430, 0x00007f373a9f7600, 0x00007f374f0b0000)
 Metaspace       used 23191K, capacity 23532K, committed 23552K, reserved 24576K
}
Event: 7.875 GC heap before
{Heap before GC invocations=7 (full 2):
 def new generation   total 629248K, used 4K [0x00007f31a4600000, 0x00007f31cf0c0000, 0x00007f36f9b50000)
  eden space 559360K,   0% used [0x00007f31a4600000, 0x00007f31a4600000, 0x00007f31c6840000)
  from space 69888K,   0% used [0x00007f31c6840000, 0x00007f31c6841060, 0x00007f31cac80000)
  to   space 69888K,   0% used [0x00007f31cac80000, 0x00007f31cac80000, 0x00007f31cf0c0000)
 tenured generation   total 1398144K, used 1063581K [0x00007f36f9b50000, 0x00007f374f0b0000, 0x00007f41a4600000)
   the space 1398144K,  76% used [0x00007f36f9b50000, 0x00007f373a9f7430, 0x00007f373a9f7600, 0x00007f374f0b0000)
 Metaspace       used 23191K, capacity 23532K, committed 23552K, reserved 24576K
}
Event: 7.925 GC heap after
{Heap after GC invocations=7 (full 3):
 def new generation   total 629248K, used 0K [0x00007f31a4600000, 0x00007f31cf0c0000, 0x00007f36f9b50000)
  eden space 559360K,   0% used [0x00007f31a4600000, 0x00007f31a4600000, 0x00007f31c6840000)
  from space 69888K,   0% used [0x00007f31c6840000, 0x00007f31c6840000, 0x00007f31cac80000)
  to   space 69888K,   0% used [0x00007f31cac80000, 0x00007f31cac80000, 0x00007f31cf0c0000)
 tenured generation   total 1398144K, used 14940K [0x00007f36f9b50000, 0x00007f374f0b0000, 0x00007f41a4600000)
   the space 1398144K,   1% used [0x00007f36f9b50000, 0x00007f36fa9e73d0, 0x00007f36fa9e7400, 0x00007f374f0b0000)
 Metaspace       used 23191K, capacity 23532K, committed 23552K, reserved 24576K
}
Event: 9.840 GC heap before
{Heap before GC invocations=7 (full 3):
 def new generation   total 629248K, used 559360K [0x00007f31a4600000, 0x00007f31cf0c0000, 0x00007f36f9b50000)
  eden space 559360K, 100% used [0x00007f31a4600000, 0x00007f31c6840000, 0x00007f31c6840000)
  from space 69888K,   0% used [0x00007f31c6840000, 0x00007f31c6840000, 0x00007f31cac80000)
  to   space 69888K,   0% used [0x00007f31cac80000, 0x00007f31cac80000, 0x00007f31cf0c0000)
 tenured generation   total 3495300K, used 2112092K [0x00007f36f9b50000, 0x00007f37cf0b1000, 0x00007f41a4600000)
   the space 3495300K,  60% used [0x00007f36f9b50000, 0x00007f377a9e73e8, 0x00007f377a9e7400, 0x00007f37cf0b1000)
 Metaspace       used 23249K, capacity 23679K, committed 23808K, reserved 24576K
}
Event: 9.844 GC heap after
{Heap after GC invocations=8 (full 3):
 def new generation   total 629248K, used 678K [0x00007f31a4600000, 0x00007f31cf0c0000, 0x00007f36f9b50000)
  eden space 559360K,   0% used [0x00007f31a4600000, 0x00007f31a4600000, 0x00007f31c6840000)
  from space 69888K,   0% used [0x00007f31cac80000, 0x00007f31cad29940, 0x00007f31cf0c0000)
  to   space 69888K,   0% used [0x00007f31c6840000, 0x00007f31c6840000, 0x00007f31cac80000)
 tenured generation   total 3495300K, used 2112092K [0x00007f36f9b50000, 0x00007f37cf0b1000, 0x00007f41a4600000)
   the space 3495300K,  60% used [0x00007f36f9b50000, 0x00007f377a9e73e8, 0x00007f377a9e7400, 0x00007f37cf0b1000)
 Metaspace       used 23249K, capacity 23679K, committed 23808K, reserved 24576K
}
Event: 10.862 GC heap before
{Heap before GC invocations=8 (full 3):
 def new generation   total 629248K, used 560038K [0x00007f31a4600000, 0x00007f31cf0c0000, 0x00007f36f9b50000)
  eden space 559360K, 100% used [0x00007f31a4600000, 0x00007f31c6840000, 0x00007f31c6840000)
  from space 69888K,   0% used [0x00007f31cac80000, 0x00007f31cad29940, 0x00007f31cf0c0000)
  to   space 69888K,   0% used [0x00007f31c6840000, 0x00007f31c6840000, 0x00007f31cac80000)
 tenured generation   total 3495300K, used 2112092K [0x00007f36f9b50000, 0x00007f37cf0b1000, 0x00007f41a4600000)
   the space 3495300K,  60% used [0x00007f36f9b50000, 0x00007f377a9e73e8, 0x00007f377a9e7400, 0x00007f37cf0b1000)
 Metaspace       used 23254K, capacity 23680K, committed 23808K, reserved 24576K
}
Event: 10.865 GC heap after
{Heap after GC invocations=9 (full 3):
 def new generation   total 629248K, used 629K [0x00007f31a4600000, 0x00007f31cf0c0000, 0x00007f36f9b50000)
  eden space 559360K,   0% used [0x00007f31a4600000, 0x00007f31a4600000, 0x00007f31c6840000)
  from space 69888K,   0% used [0x00007f31c6840000, 0x00007f31c68dd798, 0x00007f31cac80000)
  to   space 69888K,   0% used [0x00007f31cac80000, 0x00007f31cac80000, 0x00007f31cf0c0000)
 tenured generation   total 3495300K, used 2112092K [0x00007f36f9b50000, 0x00007f37cf0b1000, 0x00007f41a4600000)
   the space 3495300K,  60% used [0x00007f36f9b50000, 0x00007f377a9e73e8, 0x00007f377a9e7400, 0x00007f37cf0b1000)
 Metaspace       used 23254K, capacity 23680K, committed 23808K, reserved 24576K
}
Event: 11.764 GC heap before
{Heap before GC invocations=9 (full 3):
 def new generation   total 629248K, used 559989K [0x00007f31a4600000, 0x00007f31cf0c0000, 0x00007f36f9b50000)
  eden space 559360K, 100% used [0x00007f31a4600000, 0x00007f31c6840000, 0x00007f31c6840000)
  from space 69888K,   0% used [0x00007f31c6840000, 0x00007f31c68dd798, 0x00007f31cac80000)
  to   space 69888K,   0% used [0x00007f31cac80000, 0x00007f31cac80000, 0x00007f31cf0c0000)
 tenured generation   total 3495300K, used 2112092K [0x00007f36f9b50000, 0x00007f37cf0b1000, 0x00007f41a4600000)
   the space 3495300K,  60% used [0x00007f36f9b50000, 0x00007f377a9e73e8, 0x00007f377a9e7400, 0x00007f37cf0b1000)
 Metaspace       used 23254K, capacity 23680K, committed 23808K, reserved 24576K
}
Event: 11.768 GC heap after
{Heap after GC invocations=10 (full 3):
 def new generation   total 629248K, used 846K [0x00007f31a4600000, 0x00007f31cf0c0000, 0x00007f36f9b50000)
  eden space 559360K,   0% used [0x00007f31a4600000, 0x00007f31a4600000, 0x00007f31c6840000)
  from space 69888K,   1% used [0x00007f31cac80000, 0x00007f31cad53868, 0x00007f31cf0c0000)
  to   space 69888K,   0% used [0x00007f31c6840000, 0x00007f31c6840000, 0x00007f31cac80000)
 tenured generation   total 3495300K, used 2112092K [0x00007f36f9b50000, 0x00007f37cf0b1000, 0x00007f41a4600000)
   the space 3495300K,  60% used [0x00007f36f9b50000, 0x00007f377a9e73e8, 0x00007f377a9e7400, 0x00007f37cf0b1000)
 Metaspace       used 23254K, capacity 23680K, committed 23808K, reserved 24576K
}
Event: 12.705 GC heap before
{Heap before GC invocations=10 (full 3):
 def new generation   total 629248K, used 539261K [0x00007f31a4600000, 0x00007f31cf0c0000, 0x00007f36f9b50000)
  eden space 559360K,  96% used [0x00007f31a4600000, 0x00007f31c53cbc18, 0x00007f31c6840000)
  from space 69888K,   1% used [0x00007f31cac80000, 0x00007f31cad53868, 0x00007f31cf0c0000)
  to   space 69888K,   0% used [0x00007f31c6840000, 0x00007f31c6840000, 0x00007f31cac80000)
 tenured generation   total 3495300K, used 2112092K [0x00007f36f9b50000, 0x00007f37cf0b1000, 0x00007f41a4600000)
   the space 3495300K,  60% used [0x00007f36f9b50000, 0x00007f377a9e73e8, 0x00007f377a9e7400, 0x00007f37cf0b1000)
 Metaspace       used 23263K, capacity 23681K, committed 23808K, reserved 24576K
}
Event: 12.830 GC heap after
{Heap after GC invocations=11 (full 3):
 def new generation   total 629248K, used 66559K [0x00007f31a4600000, 0x00007f31cf0c0000, 0x00007f36f9b50000)
  eden space 559360K,   0% used [0x00007f31a4600000, 0x00007f31a4600000, 0x00007f31c6840000)
  from space 69888K,  95% used [0x00007f31c6840000, 0x00007f31ca93fdd8, 0x00007f31cac80000)
  to   space 69888K,   0% used [0x00007f31cac80000, 0x00007f31cac80000, 0x00007f31cf0c0000)
 tenured generation   total 3495300K, used 2177629K [0x00007f36f9b50000, 0x00007f37cf0b1000, 0x00007f41a4600000)
   the space 3495300K,  62% used [0x00007f36f9b50000, 0x00007f377e9e7400, 0x00007f377e9e7400, 0x00007f37cf0b1000)
 Metaspace       used 23263K, capacity 23681K, committed 23808K, reserved 24576K
}
Event: 12.830 GC heap before
{Heap before GC invocations=11 (full 3):
 def new generation   total 629248K, used 66559K [0x00007f31a4600000, 0x00007f31cf0c0000, 0x00007f36f9b50000)
  eden space 559360K,   0% used [0x00007f31a4600000, 0x00007f31a4600000, 0x00007f31c6840000)
  from space 69888K,  95% used [0x00007f31c6840000, 0x00007f31ca93fdd8, 0x00007f31cac80000)
  to   space 69888K,   0% used [0x00007f31cac80000, 0x00007f31cac80000, 0x00007f31cf0c0000)
 tenured generation   total 3495300K, used 2177629K [0x00007f36f9b50000, 0x00007f37cf0b1000, 0x00007f41a4600000)
   the space 3495300K,  62% used [0x00007f36f9b50000, 0x00007f377e9e7400, 0x00007f377e9e7400, 0x00007f37cf0b1000)
 Metaspace       used 23263K, capacity 23681K, committed 23808K, reserved 24576K
}
Event: 12.973 GC heap after
{Heap after GC invocations=11 (full 4):
 def new generation   total 1572992K, used 0K [0x00007f31a4600000, 0x00007f320f0c0000, 0x00007f36f9b50000)
  eden space 1398272K,   0% used [0x00007f31a4600000, 0x00007f31a4600000, 0x00007f31f9b80000)
  from space 174720K,   0% used [0x00007f31f9b80000, 0x00007f31f9b80000, 0x00007f3204620000)
  to   space 174720K,   0% used [0x00007f3204620000, 0x00007f3204620000, 0x00007f320f0c0000)
 tenured generation   total 3495300K, used 140876K [0x00007f36f9b50000, 0x00007f37cf0b1000, 0x00007f41a4600000)
   the space 3495300K,   4% used [0x00007f36f9b50000, 0x00007f37024e3378, 0x00007f37024e3400, 0x00007f37cf0b1000)
 Metaspace       used 23263K, capacity 23681K, committed 23808K, reserved 24576K
}
Event: 26.026 GC heap before
{Heap before GC invocations=11 (full 4):
 def new generation   total 1572992K, used 27677K [0x00007f31a4600000, 0x00007f320f0c0000, 0x00007f36f9b50000)
  eden space 1398272K,   1% used [0x00007f31a4600000, 0x00007f31a61074a8, 0x00007f31f9b80000)
  from space 174720K,   0% used [0x00007f31f9b80000, 0x00007f31f9b80000, 0x00007f3204620000)
  to   space 174720K,   0% used [0x00007f3204620000, 0x00007f3204620000, 0x00007f320f0c0000)
 tenured generation   total 9786760K, used 6432332K [0x00007f36f9b50000, 0x00007f394f0b2000, 0x00007f41a4600000)
   the space 9786760K,  65% used [0x00007f36f9b50000, 0x00007f38824e3390, 0x00007f38824e3400, 0x00007f394f0b2000)
 Metaspace       used 23263K, capacity 23681K, committed 23808K, reserved 24576K
}
Event: 26.304 GC heap after
{Heap after GC invocations=12 (full 4):
 def new generation   total 1572992K, used 0K [0x00007f31a4600000, 0x00007f320f0c0000, 0x00007f36f9b50000)
  eden space 1398272K,   0% used [0x00007f31a4600000, 0x00007f31a4600000, 0x00007f31f9b80000)
  from space 174720K,   0% used [0x00007f3204620000, 0x00007f3204620258, 0x00007f320f0c0000)
  to   space 174720K,   0% used [0x00007f31f9b80000, 0x00007f31f9b80000, 0x00007f3204620000)
 tenured generation   total 9786760K, used 6432332K [0x00007f36f9b50000, 0x00007f394f0b2000, 0x00007f41a4600000)
   the space 9786760K,  65% used [0x00007f36f9b50000, 0x00007f38824e3390, 0x00007f38824e3400, 0x00007f394f0b2000)
 Metaspace       used 23263K, capacity 23681K, committed 23808K, reserved 24576K
}
Event: 26.304 GC heap before
{Heap before GC invocations=12 (full 4):
 def new generation   total 1572992K, used 0K [0x00007f31a4600000, 0x00007f320f0c0000, 0x00007f36f9b50000)
  eden space 1398272K,   0% used [0x00007f31a4600000, 0x00007f31a4600000, 0x00007f31f9b80000)
  from space 174720K,   0% used [0x00007f3204620000, 0x00007f3204620258, 0x00007f320f0c0000)
  to   space 174720K,   0% used [0x00007f31f9b80000, 0x00007f31f9b80000, 0x00007f3204620000)
 tenured generation   total 9786760K, used 6432332K [0x00007f36f9b50000, 0x00007f394f0b2000, 0x00007f41a4600000)
   the space 9786760K,  65% used [0x00007f36f9b50000, 0x00007f38824e3390, 0x00007f38824e3400, 0x00007f394f0b2000)
 Metaspace       used 23263K, capacity 23681K, committed 23808K, reserved 24576K
}
Event: 26.809 GC heap after
{Heap after GC invocations=12 (full 5):
 def new generation   total 4824320K, used 0K [0x00007f31a4600000, 0x00007f32eb8b0000, 0x00007f36f9b50000)
  eden space 4288320K,   0% used [0x00007f31a4600000, 0x00007f31a4600000, 0x00007f32aa1d0000)
  from space 536000K,   0% used [0x00007f32aa1d0000, 0x00007f32aa1d0000, 0x00007f32cad40000)
  to   space 536000K,   0% used [0x00007f32cad40000, 0x00007f32cad40000, 0x00007f32eb8b0000)
 tenured generation   total 10720556K, used 6432333K [0x00007f36f9b50000, 0x00007f398809b000, 0x00007f41a4600000)
   the space 10720556K,  59% used [0x00007f36f9b50000, 0x00007f38824e3580, 0x00007f38824e3600, 0x00007f398809b000)
 Metaspace       used 23263K, capacity 23681K, committed 23808K, reserved 24576K
}

