# JRE version: OpenJDK Runtime Environment (13.0.7+5) (build 13.0.7+5-Ubuntu-0ubuntu120.04)
# Java VM: OpenJDK 64-Bit Server VM (13.0.7+5-Ubuntu-0ubuntu120.04, mixed mode, tiered, serial gc, linux-amd64)
Heap:
 def new generation   total 1657024K, used 65773K [0x00007f6a0c600000, 0x00007f6a7cbf0000, 0x00007f6f61b50000)
  eden space 1472960K,   4% used [0x00007f6a0c600000, 0x00007f6a1063b728, 0x00007f6a66470000)
  from space 184064K,   0% used [0x00007f6a66470000, 0x00007f6a66470000, 0x00007f6a71830000)
  to   space 184064K,   0% used [0x00007f6a71830000, 0x00007f6a71830000, 0x00007f6a7cbf0000)
 tenured generation   total 3698524K, used 3698146K [0x00007f6f61b50000, 0x00007f7043727000, 0x00007f7a0c600000)
   the space 3698524K,  99% used [0x00007f6f61b50000, 0x00007f70436c8818, 0x00007f70436c8a00, 0x00007f7043727000)
 Metaspace       used 24228K, capacity 24629K, committed 24832K, reserved 26624K
GC Heap History (20 events):
Event: 2343.995 GC heap after
{Heap after GC invocations=2013 (full 5):
 def new generation   total 1657024K, used 86326K [0x00007f6a0c600000, 0x00007f6a7cbf0000, 0x00007f6f61b50000)
  eden space 1472960K,   0% used [0x00007f6a0c600000, 0x00007f6a0c600000, 0x00007f6a66470000)
  from space 184064K,  46% used [0x00007f6a71830000, 0x00007f6a76c7d900, 0x00007f6a7cbf0000)
  to   space 184064K,   0% used [0x00007f6a66470000, 0x00007f6a66470000, 0x00007f6a71830000)
 tenured generation   total 3682136K, used 3663686K [0x00007f6f61b50000, 0x00007f7042726000, 0x00007f7a0c600000)
   the space 3682136K,  99% used [0x00007f6f61b50000, 0x00007f7041521b78, 0x00007f7041521c00, 0x00007f7042726000)
 Metaspace       used 24228K, capacity 24629K, committed 24832K, reserved 26624K
}
Event: 2346.346 GC heap before
{Heap before GC invocations=2013 (full 5):
 def new generation   total 1657024K, used 1557208K [0x00007f6a0c600000, 0x00007f6a7cbf0000, 0x00007f6f61b50000)
  eden space 1472960K,  99% used [0x00007f6a0c600000, 0x00007f6a662689a8, 0x00007f6a66470000)
  from space 184064K,  46% used [0x00007f6a71830000, 0x00007f6a76c7d900, 0x00007f6a7cbf0000)
  to   space 184064K,   0% used [0x00007f6a66470000, 0x00007f6a66470000, 0x00007f6a71830000)
 tenured generation   total 3682136K, used 3663686K [0x00007f6f61b50000, 0x00007f7042726000, 0x00007f7a0c600000)
   the space 3682136K,  99% used [0x00007f6f61b50000, 0x00007f7041521b78, 0x00007f7041521c00, 0x00007f7042726000)
 Metaspace       used 24228K, capacity 24629K, committed 24832K, reserved 26624K
}
Event: 2346.422 GC heap after
{Heap after GC invocations=2014 (full 5):
 def new generation   total 1657024K, used 80724K [0x00007f6a0c600000, 0x00007f6a7cbf0000, 0x00007f6f61b50000)
  eden space 1472960K,   0% used [0x00007f6a0c600000, 0x00007f6a0c600000, 0x00007f6a66470000)
  from space 184064K,  43% used [0x00007f6a66470000, 0x00007f6a6b345118, 0x00007f6a71830000)
  to   space 184064K,   0% used [0x00007f6a71830000, 0x00007f6a71830000, 0x00007f6a7cbf0000)
 tenured generation   total 3682136K, used 3663686K [0x00007f6f61b50000, 0x00007f7042726000, 0x00007f7a0c600000)
   the space 3682136K,  99% used [0x00007f6f61b50000, 0x00007f7041521b78, 0x00007f7041521c00, 0x00007f7042726000)
 Metaspace       used 24228K, capacity 24629K, committed 24832K, reserved 26624K
}
Event: 2348.601 GC heap before
{Heap before GC invocations=2014 (full 5):
 def new generation   total 1657024K, used 1553684K [0x00007f6a0c600000, 0x00007f6a7cbf0000, 0x00007f6f61b50000)
  eden space 1472960K, 100% used [0x00007f6a0c600000, 0x00007f6a66470000, 0x00007f6a66470000)
  from space 184064K,  43% used [0x00007f6a66470000, 0x00007f6a6b345118, 0x00007f6a71830000)
  to   space 184064K,   0% used [0x00007f6a71830000, 0x00007f6a71830000, 0x00007f6a7cbf0000)
 tenured generation   total 3682136K, used 3663686K [0x00007f6f61b50000, 0x00007f7042726000, 0x00007f7a0c600000)
   the space 3682136K,  99% used [0x00007f6f61b50000, 0x00007f7041521b78, 0x00007f7041521c00, 0x00007f7042726000)
 Metaspace       used 24228K, capacity 24629K, committed 24832K, reserved 26624K
}
Event: 2348.686 GC heap after
{Heap after GC invocations=2015 (full 5):
 def new generation   total 1657024K, used 78125K [0x00007f6a0c600000, 0x00007f6a7cbf0000, 0x00007f6f61b50000)
  eden space 1472960K,   0% used [0x00007f6a0c600000, 0x00007f6a0c600000, 0x00007f6a66470000)
  from space 184064K,  42% used [0x00007f6a71830000, 0x00007f6a7647b6d0, 0x00007f6a7cbf0000)
  to   space 184064K,   0% used [0x00007f6a66470000, 0x00007f6a66470000, 0x00007f6a71830000)
 tenured generation   total 3682136K, used 3663686K [0x00007f6f61b50000, 0x00007f7042726000, 0x00007f7a0c600000)
   the space 3682136K,  99% used [0x00007f6f61b50000, 0x00007f7041521b78, 0x00007f7041521c00, 0x00007f7042726000)
 Metaspace       used 24228K, capacity 24629K, committed 24832K, reserved 26624K
}
Event: 2350.543 GC heap before
{Heap before GC invocations=2015 (full 5):
 def new generation   total 1657024K, used 1551085K [0x00007f6a0c600000, 0x00007f6a7cbf0000, 0x00007f6f61b50000)
  eden space 1472960K, 100% used [0x00007f6a0c600000, 0x00007f6a66470000, 0x00007f6a66470000)
  from space 184064K,  42% used [0x00007f6a71830000, 0x00007f6a7647b6d0, 0x00007f6a7cbf0000)
  to   space 184064K,   0% used [0x00007f6a66470000, 0x00007f6a66470000, 0x00007f6a71830000)
 tenured generation   total 3682136K, used 3663686K [0x00007f6f61b50000, 0x00007f7042726000, 0x00007f7a0c600000)
   the space 3682136K,  99% used [0x00007f6f61b50000, 0x00007f7041521b78, 0x00007f7041521c00, 0x00007f7042726000)
 Metaspace       used 24228K, capacity 24629K, committed 24832K, reserved 26624K
}
Event: 2350.647 GC heap after
{Heap after GC invocations=2016 (full 5):
 def new generation   total 1657024K, used 82744K [0x00007f6a0c600000, 0x00007f6a7cbf0000, 0x00007f6f61b50000)
  eden space 1472960K,   0% used [0x00007f6a0c600000, 0x00007f6a0c600000, 0x00007f6a66470000)
  from space 184064K,  44% used [0x00007f6a66470000, 0x00007f6a6b53e060, 0x00007f6a71830000)
  to   space 184064K,   0% used [0x00007f6a71830000, 0x00007f6a71830000, 0x00007f6a7cbf0000)
 tenured generation   total 3682136K, used 3663686K [0x00007f6f61b50000, 0x00007f7042726000, 0x00007f7a0c600000)
   the space 3682136K,  99% used [0x00007f6f61b50000, 0x00007f7041521b78, 0x00007f7041521c00, 0x00007f7042726000)
 Metaspace       used 24228K, capacity 24629K, committed 24832K, reserved 26624K
}
Event: 2352.314 GC heap before
{Heap before GC invocations=2016 (full 5):
 def new generation   total 1657024K, used 1555704K [0x00007f6a0c600000, 0x00007f6a7cbf0000, 0x00007f6f61b50000)
  eden space 1472960K, 100% used [0x00007f6a0c600000, 0x00007f6a66470000, 0x00007f6a66470000)
  from space 184064K,  44% used [0x00007f6a66470000, 0x00007f6a6b53e060, 0x00007f6a71830000)
  to   space 184064K,   0% used [0x00007f6a71830000, 0x00007f6a71830000, 0x00007f6a7cbf0000)
 tenured generation   total 3682136K, used 3663686K [0x00007f6f61b50000, 0x00007f7042726000, 0x00007f7a0c600000)
   the space 3682136K,  99% used [0x00007f6f61b50000, 0x00007f7041521b78, 0x00007f7041521c00, 0x00007f7042726000)
 Metaspace       used 24228K, capacity 24629K, committed 24832K, reserved 26624K
}
Event: 2352.420 GC heap after
{Heap after GC invocations=2017 (full 5):
 def new generation   total 1657024K, used 67843K [0x00007f6a0c600000, 0x00007f6a7cbf0000, 0x00007f6f61b50000)
  eden space 1472960K,   0% used [0x00007f6a0c600000, 0x00007f6a0c600000, 0x00007f6a66470000)
  from space 184064K,  36% used [0x00007f6a71830000, 0x00007f6a75a70e48, 0x00007f6a7cbf0000)
  to   space 184064K,   0% used [0x00007f6a66470000, 0x00007f6a66470000, 0x00007f6a71830000)
 tenured generation   total 3682136K, used 3680646K [0x00007f6f61b50000, 0x00007f7042726000, 0x00007f7a0c600000)
   the space 3682136K,  99% used [0x00007f6f61b50000, 0x00007f70425b1b70, 0x00007f70425b1c00, 0x00007f7042726000)
 Metaspace       used 24228K, capacity 24629K, committed 24832K, reserved 26624K
}
Event: 2353.920 GC heap before
{Heap before GC invocations=2017 (full 5):
 def new generation   total 1657024K, used 1540803K [0x00007f6a0c600000, 0x00007f6a7cbf0000, 0x00007f6f61b50000)
  eden space 1472960K, 100% used [0x00007f6a0c600000, 0x00007f6a66470000, 0x00007f6a66470000)
  from space 184064K,  36% used [0x00007f6a71830000, 0x00007f6a75a70e48, 0x00007f6a7cbf0000)
  to   space 184064K,   0% used [0x00007f6a66470000, 0x00007f6a66470000, 0x00007f6a71830000)
 tenured generation   total 3682136K, used 3680646K [0x00007f6f61b50000, 0x00007f7042726000, 0x00007f7a0c600000)
   the space 3682136K,  99% used [0x00007f6f61b50000, 0x00007f70425b1b70, 0x00007f70425b1c00, 0x00007f7042726000)
 Metaspace       used 24228K, capacity 24629K, committed 24832K, reserved 26624K
}
Event: 2353.997 GC heap after
{Heap after GC invocations=2018 (full 5):
 def new generation   total 1657024K, used 67853K [0x00007f6a0c600000, 0x00007f6a7cbf0000, 0x00007f6f61b50000)
  eden space 1472960K,   0% used [0x00007f6a0c600000, 0x00007f6a0c600000, 0x00007f6a66470000)
  from space 184064K,  36% used [0x00007f6a66470000, 0x00007f6a6a6b3758, 0x00007f6a71830000)
  to   space 184064K,   0% used [0x00007f6a71830000, 0x00007f6a71830000, 0x00007f6a7cbf0000)
 tenured generation   total 3682136K, used 3680646K [0x00007f6f61b50000, 0x00007f7042726000, 0x00007f7a0c600000)
   the space 3682136K,  99% used [0x00007f6f61b50000, 0x00007f70425b1b70, 0x00007f70425b1c00, 0x00007f7042726000)
 Metaspace       used 24228K, capacity 24629K, committed 24832K, reserved 26624K
}
Event: 2355.855 GC heap before
{Heap before GC invocations=2018 (full 5):
 def new generation   total 1657024K, used 1536461K [0x00007f6a0c600000, 0x00007f6a7cbf0000, 0x00007f6f61b50000)
  eden space 1472960K,  99% used [0x00007f6a0c600000, 0x00007f6a6602fe88, 0x00007f6a66470000)
  from space 184064K,  36% used [0x00007f6a66470000, 0x00007f6a6a6b3758, 0x00007f6a71830000)
  to   space 184064K,   0% used [0x00007f6a71830000, 0x00007f6a71830000, 0x00007f6a7cbf0000)
 tenured generation   total 3682136K, used 3680646K [0x00007f6f61b50000, 0x00007f7042726000, 0x00007f7a0c600000)
   the space 3682136K,  99% used [0x00007f6f61b50000, 0x00007f70425b1b70, 0x00007f70425b1c00, 0x00007f7042726000)
 Metaspace       used 24228K, capacity 24629K, committed 24832K, reserved 26624K
}
Event: 2355.924 GC heap after
{Heap after GC invocations=2019 (full 5):
 def new generation   total 1657024K, used 78129K [0x00007f6a0c600000, 0x00007f6a7cbf0000, 0x00007f6f61b50000)
  eden space 1472960K,   0% used [0x00007f6a0c600000, 0x00007f6a0c600000, 0x00007f6a66470000)
  from space 184064K,  42% used [0x00007f6a71830000, 0x00007f6a7647c690, 0x00007f6a7cbf0000)
  to   space 184064K,   0% used [0x00007f6a66470000, 0x00007f6a66470000, 0x00007f6a71830000)
 tenured generation   total 3682136K, used 3680646K [0x00007f6f61b50000, 0x00007f7042726000, 0x00007f7a0c600000)
   the space 3682136K,  99% used [0x00007f6f61b50000, 0x00007f70425b1b70, 0x00007f70425b1c00, 0x00007f7042726000)
 Metaspace       used 24228K, capacity 24629K, committed 24832K, reserved 26624K
}
Event: 2358.378 GC heap before
{Heap before GC invocations=2019 (full 5):
 def new generation   total 1657024K, used 1549391K [0x00007f6a0c600000, 0x00007f6a7cbf0000, 0x00007f6f61b50000)
  eden space 1472960K,  99% used [0x00007f6a0c600000, 0x00007f6a662c7790, 0x00007f6a66470000)
  from space 184064K,  42% used [0x00007f6a71830000, 0x00007f6a7647c690, 0x00007f6a7cbf0000)
  to   space 184064K,   0% used [0x00007f6a66470000, 0x00007f6a66470000, 0x00007f6a71830000)
 tenured generation   total 3682136K, used 3680646K [0x00007f6f61b50000, 0x00007f7042726000, 0x00007f7a0c600000)
   the space 3682136K,  99% used [0x00007f6f61b50000, 0x00007f70425b1b70, 0x00007f70425b1c00, 0x00007f7042726000)
 Metaspace       used 24228K, capacity 24629K, committed 24832K, reserved 26624K
}
Event: 2358.463 GC heap after
{Heap after GC invocations=2020 (full 5):
 def new generation   total 1657024K, used 81240K [0x00007f6a0c600000, 0x00007f6a7cbf0000, 0x00007f6f61b50000)
  eden space 1472960K,   0% used [0x00007f6a0c600000, 0x00007f6a0c600000, 0x00007f6a66470000)
  from space 184064K,  44% used [0x00007f6a66470000, 0x00007f6a6b3c62d0, 0x00007f6a71830000)
  to   space 184064K,   0% used [0x00007f6a71830000, 0x00007f6a71830000, 0x00007f6a7cbf0000)
 tenured generation   total 3682136K, used 3680646K [0x00007f6f61b50000, 0x00007f7042726000, 0x00007f7a0c600000)
   the space 3682136K,  99% used [0x00007f6f61b50000, 0x00007f70425b1b70, 0x00007f70425b1c00, 0x00007f7042726000)
 Metaspace       used 24228K, capacity 24629K, committed 24832K, reserved 26624K
}
Event: 2360.769 GC heap before
{Heap before GC invocations=2020 (full 5):
 def new generation   total 1657024K, used 1552399K [0x00007f6a0c600000, 0x00007f6a7cbf0000, 0x00007f6f61b50000)
  eden space 1472960K,  99% used [0x00007f6a0c600000, 0x00007f6a662adbe0, 0x00007f6a66470000)
  from space 184064K,  44% used [0x00007f6a66470000, 0x00007f6a6b3c62d0, 0x00007f6a71830000)
  to   space 184064K,   0% used [0x00007f6a71830000, 0x00007f6a71830000, 0x00007f6a7cbf0000)
 tenured generation   total 3682136K, used 3680646K [0x00007f6f61b50000, 0x00007f7042726000, 0x00007f7a0c600000)
   the space 3682136K,  99% used [0x00007f6f61b50000, 0x00007f70425b1b70, 0x00007f70425b1c00, 0x00007f7042726000)
 Metaspace       used 24228K, capacity 24629K, committed 24832K, reserved 26624K
}
Event: 2360.853 GC heap after
{Heap after GC invocations=2021 (full 5):
 def new generation   total 1657024K, used 83309K [0x00007f6a0c600000, 0x00007f6a7cbf0000, 0x00007f6f61b50000)
  eden space 1472960K,   0% used [0x00007f6a0c600000, 0x00007f6a0c600000, 0x00007f6a66470000)
  from space 184064K,  45% used [0x00007f6a71830000, 0x00007f6a7698b5f8, 0x00007f6a7cbf0000)
  to   space 184064K,   0% used [0x00007f6a66470000, 0x00007f6a66470000, 0x00007f6a71830000)
 tenured generation   total 3682136K, used 3680646K [0x00007f6f61b50000, 0x00007f7042726000, 0x00007f7a0c600000)
   the space 3682136K,  99% used [0x00007f6f61b50000, 0x00007f70425b1b70, 0x00007f70425b1c00, 0x00007f7042726000)
 Metaspace       used 24228K, capacity 24629K, committed 24832K, reserved 26624K
}
Event: 2362.654 GC heap before
{Heap before GC invocations=2021 (full 5):
 def new generation   total 1657024K, used 1556269K [0x00007f6a0c600000, 0x00007f6a7cbf0000, 0x00007f6f61b50000)
  eden space 1472960K, 100% used [0x00007f6a0c600000, 0x00007f6a66470000, 0x00007f6a66470000)
  from space 184064K,  45% used [0x00007f6a71830000, 0x00007f6a7698b5f8, 0x00007f6a7cbf0000)
  to   space 184064K,   0% used [0x00007f6a66470000, 0x00007f6a66470000, 0x00007f6a71830000)
 tenured generation   total 3682136K, used 3680646K [0x00007f6f61b50000, 0x00007f7042726000, 0x00007f7a0c600000)
   the space 3682136K,  99% used [0x00007f6f61b50000, 0x00007f70425b1b70, 0x00007f70425b1c00, 0x00007f7042726000)
 Metaspace       used 24228K, capacity 24629K, committed 24832K, reserved 26624K
}
Event: 2362.758 GC heap after
{Heap after GC invocations=2022 (full 5):
 def new generation   total 1657024K, used 66312K [0x00007f6a0c600000, 0x00007f6a7cbf0000, 0x00007f6f61b50000)
  eden space 1472960K,   0% used [0x00007f6a0c600000, 0x00007f6a0c600000, 0x00007f6a66470000)
  from space 184064K,  36% used [0x00007f6a66470000, 0x00007f6a6a5323d8, 0x00007f6a71830000)
  to   space 184064K,   0% used [0x00007f6a71830000, 0x00007f6a71830000, 0x00007f6a7cbf0000)
 tenured generation   total 3698524K, used 3697606K [0x00007f6f61b50000, 0x00007f7043727000, 0x00007f7a0c600000)
   the space 3698524K,  99% used [0x00007f6f61b50000, 0x00007f7043641b68, 0x00007f7043641c00, 0x00007f7043727000)
 Metaspace       used 24228K, capacity 24629K, committed 24832K, reserved 26624K
}
Event: 2362.758 GC heap before
{Heap before GC invocations=2022 (full 5):
 def new generation   total 1657024K, used 66312K [0x00007f6a0c600000, 0x00007f6a7cbf0000, 0x00007f6f61b50000)
  eden space 1472960K,   0% used [0x00007f6a0c600000, 0x00007f6a0c600000, 0x00007f6a66470000)
  from space 184064K,  36% used [0x00007f6a66470000, 0x00007f6a6a5323d8, 0x00007f6a71830000)
  to   space 184064K,   0% used [0x00007f6a71830000, 0x00007f6a71830000, 0x00007f6a7cbf0000)
 tenured generation   total 3698524K, used 3697606K [0x00007f6f61b50000, 0x00007f7043727000, 0x00007f7a0c600000)
   the space 3698524K,  99% used [0x00007f6f61b50000, 0x00007f7043641b68, 0x00007f7043641c00, 0x00007f7043727000)
 Metaspace       used 24228K, capacity 24629K, committed 24832K, reserved 26624K
}

