# JRE version: OpenJDK Runtime Environment (13.0.7+5) (build 13.0.7+5-Ubuntu-0ubuntu120.04)
# Java VM: OpenJDK 64-Bit Server VM (13.0.7+5-Ubuntu-0ubuntu120.04, mixed mode, tiered, serial gc, linux-amd64)
Heap:
 def new generation   total 3160384K, used 0K [0x00007f779c600000, 0x00007f7872b30000, 0x00007f7cf1b50000)
  eden space 2809280K,   0% used [0x00007f779c600000, 0x00007f779c600000, 0x00007f7847d70000)
  from space 351104K,   0% used [0x00007f785d450000, 0x00007f785d450000, 0x00007f7872b30000)
  to   space 351104K,   0% used [0x00007f7847d70000, 0x00007f7847d70000, 0x00007f785d450000)
 tenured generation   total 7022932K, used 2107291K [0x00007f7cf1b50000, 0x00007f7e9e5a5000, 0x00007f879c600000)
   the space 7022932K,  30% used [0x00007f7cf1b50000, 0x00007f7d72536f20, 0x00007f7d72537000, 0x00007f7e9e5a5000)
 Metaspace       used 23270K, capacity 23624K, committed 23808K, reserved 24576K
GC Heap History (20 events):
Event: 98.983 GC heap before
{Heap before GC invocations=17 (full 8):
 def new generation   total 3160384K, used 2152216K [0x00007f779c600000, 0x00007f7872b30000, 0x00007f7cf1b50000)
  eden space 2809280K,  76% used [0x00007f779c600000, 0x00007f781fbc6028, 0x00007f7847d70000)
  from space 351104K,   0% used [0x00007f7847d70000, 0x00007f7847d70000, 0x00007f785d450000)
  to   space 351104K,   0% used [0x00007f785d450000, 0x00007f785d450000, 0x00007f7872b30000)
 tenured generation   total 15411544K, used 14689791K [0x00007f7cf1b50000, 0x00007f809e5a6000, 0x00007f879c600000)
   the space 15411544K,  95% used [0x00007f7cf1b50000, 0x00007f80724cfdd0, 0x00007f80724cfe00, 0x00007f809e5a6000)
 Metaspace       used 23245K, capacity 23617K, committed 23808K, reserved 24576K
}
Event: 100.338 GC heap after
{Heap after GC invocations=18 (full 8):
 def new generation   total 3160384K, used 1K [0x00007f779c600000, 0x00007f7872b30000, 0x00007f7cf1b50000)
  eden space 2809280K,   0% used [0x00007f779c600000, 0x00007f779c600000, 0x00007f7847d70000)
  from space 351104K,   0% used [0x00007f785d450000, 0x00007f785d450560, 0x00007f7872b30000)
  to   space 351104K,   0% used [0x00007f7847d70000, 0x00007f7847d70000, 0x00007f785d450000)
 tenured generation   total 17508700K, used 16786943K [0x00007f7cf1b50000, 0x00007f811e5a7000, 0x00007f879c600000)
   the space 17508700K,  95% used [0x00007f7cf1b50000, 0x00007f80f24cfde8, 0x00007f80f24cfe00, 0x00007f811e5a7000)
 Metaspace       used 23245K, capacity 23617K, committed 23808K, reserved 24576K
}
Event: 100.338 GC heap before
{Heap before GC invocations=18 (full 8):
 def new generation   total 3160384K, used 1K [0x00007f779c600000, 0x00007f7872b30000, 0x00007f7cf1b50000)
  eden space 2809280K,   0% used [0x00007f779c600000, 0x00007f779c600000, 0x00007f7847d70000)
  from space 351104K,   0% used [0x00007f785d450000, 0x00007f785d450560, 0x00007f7872b30000)
  to   space 351104K,   0% used [0x00007f7847d70000, 0x00007f7847d70000, 0x00007f785d450000)
 tenured generation   total 17508700K, used 16786943K [0x00007f7cf1b50000, 0x00007f811e5a7000, 0x00007f879c600000)
   the space 17508700K,  95% used [0x00007f7cf1b50000, 0x00007f80f24cfde8, 0x00007f80f24cfe00, 0x00007f811e5a7000)
 Metaspace       used 23245K, capacity 23617K, committed 23808K, reserved 24576K
}
Event: 101.084 GC heap after
{Heap after GC invocations=18 (full 9):
 def new generation   total 3160384K, used 0K [0x00007f779c600000, 0x00007f7872b30000, 0x00007f7cf1b50000)
  eden space 2809280K,   0% used [0x00007f779c600000, 0x00007f779c600000, 0x00007f7847d70000)
  from space 351104K,   0% used [0x00007f785d450000, 0x00007f785d450000, 0x00007f7872b30000)
  to   space 351104K,   0% used [0x00007f7847d70000, 0x00007f7847d70000, 0x00007f785d450000)
 tenured generation   total 7022932K, used 2106878K [0x00007f7cf1b50000, 0x00007f7e9e5a5000, 0x00007f879c600000)
   the space 7022932K,  29% used [0x00007f7cf1b50000, 0x00007f7d724cfa20, 0x00007f7d724cfc00, 0x00007f7e9e5a5000)
 Metaspace       used 23245K, capacity 23617K, committed 23808K, reserved 24576K
}
Event: 101.605 GC heap before
{Heap before GC invocations=18 (full 9):
 def new generation   total 3160384K, used 2152608K [0x00007f779c600000, 0x00007f7872b30000, 0x00007f7cf1b50000)
  eden space 2809280K,  76% used [0x00007f779c600000, 0x00007f781fc28280, 0x00007f7847d70000)
  from space 351104K,   0% used [0x00007f785d450000, 0x00007f785d450000, 0x00007f7872b30000)
  to   space 351104K,   0% used [0x00007f7847d70000, 0x00007f7847d70000, 0x00007f785d450000)
 tenured generation   total 7022932K, used 2106878K [0x00007f7cf1b50000, 0x00007f7e9e5a5000, 0x00007f879c600000)
   the space 7022932K,  29% used [0x00007f7cf1b50000, 0x00007f7d724cfa20, 0x00007f7d724cfc00, 0x00007f7e9e5a5000)
 Metaspace       used 23245K, capacity 23617K, committed 23808K, reserved 24576K
}
Event: 101.894 GC heap after
{Heap after GC invocations=19 (full 9):
 def new generation   total 3160384K, used 0K [0x00007f779c600000, 0x00007f7872b30000, 0x00007f7cf1b50000)
  eden space 2809280K,   0% used [0x00007f779c600000, 0x00007f779c600000, 0x00007f7847d70000)
  from space 351104K,   0% used [0x00007f7847d70000, 0x00007f7847d70230, 0x00007f785d450000)
  to   space 351104K,   0% used [0x00007f785d450000, 0x00007f785d450000, 0x00007f7872b30000)
 tenured generation   total 7022932K, used 4204030K [0x00007f7cf1b50000, 0x00007f7e9e5a5000, 0x00007f879c600000)
   the space 7022932K,  59% used [0x00007f7cf1b50000, 0x00007f7df24cfa38, 0x00007f7df24cfc00, 0x00007f7e9e5a5000)
 Metaspace       used 23245K, capacity 23617K, committed 23808K, reserved 24576K
}
Event: 103.226 GC heap before
{Heap before GC invocations=19 (full 9):
 def new generation   total 3160384K, used 2152357K [0x00007f779c600000, 0x00007f7872b30000, 0x00007f7cf1b50000)
  eden space 2809280K,  76% used [0x00007f779c600000, 0x00007f781fbe94b8, 0x00007f7847d70000)
  from space 351104K,   0% used [0x00007f7847d70000, 0x00007f7847d70230, 0x00007f785d450000)
  to   space 351104K,   0% used [0x00007f785d450000, 0x00007f785d450000, 0x00007f7872b30000)
 tenured generation   total 7022932K, used 4204030K [0x00007f7cf1b50000, 0x00007f7e9e5a5000, 0x00007f879c600000)
   the space 7022932K,  59% used [0x00007f7cf1b50000, 0x00007f7df24cfa38, 0x00007f7df24cfc00, 0x00007f7e9e5a5000)
 Metaspace       used 23245K, capacity 23617K, committed 23808K, reserved 24576K
}
Event: 103.569 GC heap after
{Heap after GC invocations=20 (full 9):
 def new generation   total 3160384K, used 0K [0x00007f779c600000, 0x00007f7872b30000, 0x00007f7cf1b50000)
  eden space 2809280K,   0% used [0x00007f779c600000, 0x00007f779c600000, 0x00007f7847d70000)
  from space 351104K,   0% used [0x00007f785d450000, 0x00007f785d4501f8, 0x00007f7872b30000)
  to   space 351104K,   0% used [0x00007f7847d70000, 0x00007f7847d70000, 0x00007f785d450000)
 tenured generation   total 7022932K, used 6301182K [0x00007f7cf1b50000, 0x00007f7e9e5a5000, 0x00007f879c600000)
   the space 7022932K,  89% used [0x00007f7cf1b50000, 0x00007f7e724cfa50, 0x00007f7e724cfc00, 0x00007f7e9e5a5000)
 Metaspace       used 23245K, capacity 23617K, committed 23808K, reserved 24576K
}
Event: 104.055 GC heap before
{Heap before GC invocations=20 (full 9):
 def new generation   total 3160384K, used 2152196K [0x00007f779c600000, 0x00007f7872b30000, 0x00007f7cf1b50000)
  eden space 2809280K,  76% used [0x00007f779c600000, 0x00007f781fbc0ff8, 0x00007f7847d70000)
  from space 351104K,   0% used [0x00007f785d450000, 0x00007f785d4501f8, 0x00007f7872b30000)
  to   space 351104K,   0% used [0x00007f7847d70000, 0x00007f7847d70000, 0x00007f785d450000)
 tenured generation   total 7022932K, used 6301182K [0x00007f7cf1b50000, 0x00007f7e9e5a5000, 0x00007f879c600000)
   the space 7022932K,  89% used [0x00007f7cf1b50000, 0x00007f7e724cfa50, 0x00007f7e724cfc00, 0x00007f7e9e5a5000)
 Metaspace       used 23245K, capacity 23617K, committed 23808K, reserved 24576K
}
Event: 104.554 GC heap after
{Heap after GC invocations=21 (full 9):
 def new generation   total 3160384K, used 1K [0x00007f779c600000, 0x00007f7872b30000, 0x00007f7cf1b50000)
  eden space 2809280K,   0% used [0x00007f779c600000, 0x00007f779c600000, 0x00007f7847d70000)
  from space 351104K,   0% used [0x00007f7847d70000, 0x00007f7847d70428, 0x00007f785d450000)
  to   space 351104K,   0% used [0x00007f785d450000, 0x00007f785d450000, 0x00007f7872b30000)
 tenured generation   total 9120088K, used 8398334K [0x00007f7cf1b50000, 0x00007f7f1e5a6000, 0x00007f879c600000)
   the space 9120088K,  92% used [0x00007f7cf1b50000, 0x00007f7ef24cfa68, 0x00007f7ef24cfc00, 0x00007f7f1e5a6000)
 Metaspace       used 23245K, capacity 23617K, committed 23808K, reserved 24576K
}
Event: 104.554 GC heap before
{Heap before GC invocations=21 (full 9):
 def new generation   total 3160384K, used 1K [0x00007f779c600000, 0x00007f7872b30000, 0x00007f7cf1b50000)
  eden space 2809280K,   0% used [0x00007f779c600000, 0x00007f779c600000, 0x00007f7847d70000)
  from space 351104K,   0% used [0x00007f7847d70000, 0x00007f7847d70428, 0x00007f785d450000)
  to   space 351104K,   0% used [0x00007f785d450000, 0x00007f785d450000, 0x00007f7872b30000)
 tenured generation   total 9120088K, used 8398334K [0x00007f7cf1b50000, 0x00007f7f1e5a6000, 0x00007f879c600000)
   the space 9120088K,  92% used [0x00007f7cf1b50000, 0x00007f7ef24cfa68, 0x00007f7ef24cfc00, 0x00007f7f1e5a6000)
 Metaspace       used 23245K, capacity 23617K, committed 23808K, reserved 24576K
}
Event: 105.310 GC heap after
{Heap after GC invocations=21 (full 10):
 def new generation   total 3160384K, used 0K [0x00007f779c600000, 0x00007f7872b30000, 0x00007f7cf1b50000)
  eden space 2809280K,   0% used [0x00007f779c600000, 0x00007f779c600000, 0x00007f7847d70000)
  from space 351104K,   0% used [0x00007f7847d70000, 0x00007f7847d70000, 0x00007f785d450000)
  to   space 351104K,   0% used [0x00007f785d450000, 0x00007f785d450000, 0x00007f7872b30000)
 tenured generation   total 7022932K, used 4204030K [0x00007f7cf1b50000, 0x00007f7e9e5a5000, 0x00007f879c600000)
   the space 7022932K,  59% used [0x00007f7cf1b50000, 0x00007f7df24cfb18, 0x00007f7df24cfc00, 0x00007f7e9e5a5000)
 Metaspace       used 23245K, capacity 23617K, committed 23808K, reserved 24576K
}
Event: 107.505 GC heap before
{Heap before GC invocations=21 (full 10):
 def new generation   total 3160384K, used 2676380K [0x00007f779c600000, 0x00007f7872b30000, 0x00007f7cf1b50000)
  eden space 2809280K,  95% used [0x00007f779c600000, 0x00007f783fba7290, 0x00007f7847d70000)
  from space 351104K,   0% used [0x00007f7847d70000, 0x00007f7847d70000, 0x00007f785d450000)
  to   space 351104K,   0% used [0x00007f785d450000, 0x00007f785d450000, 0x00007f7872b30000)
 tenured generation   total 7022932K, used 4204030K [0x00007f7cf1b50000, 0x00007f7e9e5a5000, 0x00007f879c600000)
   the space 7022932K,  59% used [0x00007f7cf1b50000, 0x00007f7df24cfb18, 0x00007f7df24cfc00, 0x00007f7e9e5a5000)
 Metaspace       used 23245K, capacity 23617K, committed 23808K, reserved 24576K
}
Event: 107.610 GC heap after
{Heap after GC invocations=22 (full 10):
 def new generation   total 3160384K, used 0K [0x00007f779c600000, 0x00007f7872b30000, 0x00007f7cf1b50000)
  eden space 2809280K,   0% used [0x00007f779c600000, 0x00007f779c600000, 0x00007f7847d70000)
  from space 351104K,   0% used [0x00007f785d450000, 0x00007f785d450180, 0x00007f7872b30000)
  to   space 351104K,   0% used [0x00007f7847d70000, 0x00007f7847d70000, 0x00007f785d450000)
 tenured generation   total 7022932K, used 4728318K [0x00007f7cf1b50000, 0x00007f7e9e5a5000, 0x00007f879c600000)
   the space 7022932K,  67% used [0x00007f7cf1b50000, 0x00007f7e124cfb30, 0x00007f7e124cfc00, 0x00007f7e9e5a5000)
 Metaspace       used 23245K, capacity 23617K, committed 23808K, reserved 24576K
}
Event: 109.126 GC heap before
{Heap before GC invocations=22 (full 10):
 def new generation   total 3160384K, used 2805690K [0x00007f779c600000, 0x00007f7872b30000, 0x00007f7cf1b50000)
  eden space 2809280K,  99% used [0x00007f779c600000, 0x00007f78479ee7d0, 0x00007f7847d70000)
  from space 351104K,   0% used [0x00007f785d450000, 0x00007f785d450180, 0x00007f7872b30000)
  to   space 351104K,   0% used [0x00007f7847d70000, 0x00007f7847d70000, 0x00007f785d450000)
 tenured generation   total 7022932K, used 4728318K [0x00007f7cf1b50000, 0x00007f7e9e5a5000, 0x00007f879c600000)
   the space 7022932K,  67% used [0x00007f7cf1b50000, 0x00007f7e124cfb30, 0x00007f7e124cfc00, 0x00007f7e9e5a5000)
 Metaspace       used 23267K, capacity 23623K, committed 23808K, reserved 24576K
}
Event: 109.171 GC heap after
{Heap after GC invocations=23 (full 10):
 def new generation   total 3160384K, used 230707K [0x00007f779c600000, 0x00007f7872b30000, 0x00007f7cf1b50000)
  eden space 2809280K,   0% used [0x00007f779c600000, 0x00007f779c600000, 0x00007f7847d70000)
  from space 351104K,  65% used [0x00007f7847d70000, 0x00007f7855ebceb0, 0x00007f785d450000)
  to   space 351104K,   0% used [0x00007f785d450000, 0x00007f785d450000, 0x00007f7872b30000)
 tenured generation   total 7022932K, used 4728318K [0x00007f7cf1b50000, 0x00007f7e9e5a5000, 0x00007f879c600000)
   the space 7022932K,  67% used [0x00007f7cf1b50000, 0x00007f7e124cfb30, 0x00007f7e124cfc00, 0x00007f7e9e5a5000)
 Metaspace       used 23267K, capacity 23623K, committed 23808K, reserved 24576K
}
Event: 110.870 GC heap before
{Heap before GC invocations=23 (full 10):
 def new generation   total 3160384K, used 2907159K [0x00007f779c600000, 0x00007f7872b30000, 0x00007f7cf1b50000)
  eden space 2809280K,  95% used [0x00007f779c600000, 0x00007f783fbb8d50, 0x00007f7847d70000)
  from space 351104K,  65% used [0x00007f7847d70000, 0x00007f7855ebceb0, 0x00007f785d450000)
  to   space 351104K,   0% used [0x00007f785d450000, 0x00007f785d450000, 0x00007f7872b30000)
 tenured generation   total 7022932K, used 4728318K [0x00007f7cf1b50000, 0x00007f7e9e5a5000, 0x00007f879c600000)
   the space 7022932K,  67% used [0x00007f7cf1b50000, 0x00007f7e124cfb30, 0x00007f7e124cfc00, 0x00007f7e9e5a5000)
 Metaspace       used 23270K, capacity 23624K, committed 23808K, reserved 24576K
}
Event: 111.172 GC heap after
{Heap after GC invocations=24 (full 10):
 def new generation   total 3160384K, used 87K [0x00007f779c600000, 0x00007f7872b30000, 0x00007f7cf1b50000)
  eden space 2809280K,   0% used [0x00007f779c600000, 0x00007f779c600000, 0x00007f7847d70000)
  from space 351104K,   0% used [0x00007f785d450000, 0x00007f785d465f58, 0x00007f7872b30000)
  to   space 351104K,   0% used [0x00007f7847d70000, 0x00007f7847d70000, 0x00007f785d450000)
 tenured generation   total 7022932K, used 6859518K [0x00007f7cf1b50000, 0x00007f7e9e5a5000, 0x00007f879c600000)
   the space 7022932K,  97% used [0x00007f7cf1b50000, 0x00007f7e9460f830, 0x00007f7e9460fa00, 0x00007f7e9e5a5000)
 Metaspace       used 23270K, capacity 23624K, committed 23808K, reserved 24576K
}
Event: 111.172 GC heap before
{Heap before GC invocations=24 (full 10):
 def new generation   total 3160384K, used 87K [0x00007f779c600000, 0x00007f7872b30000, 0x00007f7cf1b50000)
  eden space 2809280K,   0% used [0x00007f779c600000, 0x00007f779c600000, 0x00007f7847d70000)
  from space 351104K,   0% used [0x00007f785d450000, 0x00007f785d465f58, 0x00007f7872b30000)
  to   space 351104K,   0% used [0x00007f7847d70000, 0x00007f7847d70000, 0x00007f785d450000)
 tenured generation   total 7022932K, used 6859518K [0x00007f7cf1b50000, 0x00007f7e9e5a5000, 0x00007f879c600000)
   the space 7022932K,  97% used [0x00007f7cf1b50000, 0x00007f7e9460f830, 0x00007f7e9460fa00, 0x00007f7e9e5a5000)
 Metaspace       used 23270K, capacity 23624K, committed 23808K, reserved 24576K
}
Event: 111.485 GC heap after
{Heap after GC invocations=24 (full 11):
 def new generation   total 3160384K, used 0K [0x00007f779c600000, 0x00007f7872b30000, 0x00007f7cf1b50000)
  eden space 2809280K,   0% used [0x00007f779c600000, 0x00007f779c600000, 0x00007f7847d70000)
  from space 351104K,   0% used [0x00007f785d450000, 0x00007f785d450000, 0x00007f7872b30000)
  to   space 351104K,   0% used [0x00007f7847d70000, 0x00007f7847d70000, 0x00007f785d450000)
 tenured generation   total 7022932K, used 2107291K [0x00007f7cf1b50000, 0x00007f7e9e5a5000, 0x00007f879c600000)
   the space 7022932K,  30% used [0x00007f7cf1b50000, 0x00007f7d72536f20, 0x00007f7d72537000, 0x00007f7e9e5a5000)
 Metaspace       used 23270K, capacity 23624K, committed 23808K, reserved 24576K
}

