# JRE version: OpenJDK Runtime Environment (13.0.7+5) (build 13.0.7+5-Ubuntu-0ubuntu120.04)
# Java VM: OpenJDK 64-Bit Server VM (13.0.7+5-Ubuntu-0ubuntu120.04, mixed mode, tiered, serial gc, linux-amd64)
Heap:
 def new generation   total 2919168K, used 107688K [0x00007f5bcc600000, 0x00007f5c92570000, 0x00007f6121b50000)
  eden space 2594880K,   4% used [0x00007f5bcc600000, 0x00007f5bd2f2a040, 0x00007f5c6ac10000)
  from space 324288K,   0% used [0x00007f5c7e8c0000, 0x00007f5c7e8c0000, 0x00007f5c92570000)
  to   space 324288K,   0% used [0x00007f5c6ac10000, 0x00007f5c6ac10000, 0x00007f5c7e8c0000)
 tenured generation   total 6493004K, used 6493003K [0x00007f6121b50000, 0x00007f62ae023000, 0x00007f6bcc600000)
   the space 6493004K,  99% used [0x00007f6121b50000, 0x00007f62ae022fd0, 0x00007f62ae023000, 0x00007f62ae023000)
 Metaspace       used 24266K, capacity 24645K, committed 24832K, reserved 26624K
GC Heap History (20 events):
Event: 1655.396 GC heap after
{Heap after GC invocations=2393 (full 4):
 def new generation   total 2919168K, used 107810K [0x00007f5bcc600000, 0x00007f5c92570000, 0x00007f6121b50000)
  eden space 2594880K,   0% used [0x00007f5bcc600000, 0x00007f5bcc600000, 0x00007f5c6ac10000)
  from space 324288K,  33% used [0x00007f5c6ac10000, 0x00007f5c71558908, 0x00007f5c7e8c0000)
  to   space 324288K,   0% used [0x00007f5c7e8c0000, 0x00007f5c7e8c0000, 0x00007f5c92570000)
 tenured generation   total 6486860K, used 6431661K [0x00007f6121b50000, 0x00007f62ada23000, 0x00007f6bcc600000)
   the space 6486860K,  99% used [0x00007f6121b50000, 0x00007f62aa43b520, 0x00007f62aa43b600, 0x00007f62ada23000)
 Metaspace       used 24266K, capacity 24645K, committed 24832K, reserved 26624K
}
Event: 1656.770 GC heap before
{Heap before GC invocations=2393 (full 4):
 def new generation   total 2919168K, used 2702690K [0x00007f5bcc600000, 0x00007f5c92570000, 0x00007f6121b50000)
  eden space 2594880K, 100% used [0x00007f5bcc600000, 0x00007f5c6ac10000, 0x00007f5c6ac10000)
  from space 324288K,  33% used [0x00007f5c6ac10000, 0x00007f5c71558908, 0x00007f5c7e8c0000)
  to   space 324288K,   0% used [0x00007f5c7e8c0000, 0x00007f5c7e8c0000, 0x00007f5c92570000)
 tenured generation   total 6486860K, used 6431661K [0x00007f6121b50000, 0x00007f62ada23000, 0x00007f6bcc600000)
   the space 6486860K,  99% used [0x00007f6121b50000, 0x00007f62aa43b520, 0x00007f62aa43b600, 0x00007f62ada23000)
 Metaspace       used 24266K, capacity 24645K, committed 24832K, reserved 26624K
}
Event: 1656.944 GC heap after
{Heap after GC invocations=2394 (full 4):
 def new generation   total 2919168K, used 112861K [0x00007f5bcc600000, 0x00007f5c92570000, 0x00007f6121b50000)
  eden space 2594880K,   0% used [0x00007f5bcc600000, 0x00007f5bcc600000, 0x00007f5c6ac10000)
  from space 324288K,  34% used [0x00007f5c7e8c0000, 0x00007f5c856f74f0, 0x00007f5c92570000)
  to   space 324288K,   0% used [0x00007f5c6ac10000, 0x00007f5c6ac10000, 0x00007f5c7e8c0000)
 tenured generation   total 6486860K, used 6435075K [0x00007f6121b50000, 0x00007f62ada23000, 0x00007f6bcc600000)
   the space 6486860K,  99% used [0x00007f6121b50000, 0x00007f62aa790d30, 0x00007f62aa790e00, 0x00007f62ada23000)
 Metaspace       used 24266K, capacity 24645K, committed 24832K, reserved 26624K
}
Event: 1658.314 GC heap before
{Heap before GC invocations=2394 (full 4):
 def new generation   total 2919168K, used 2707741K [0x00007f5bcc600000, 0x00007f5c92570000, 0x00007f6121b50000)
  eden space 2594880K, 100% used [0x00007f5bcc600000, 0x00007f5c6ac10000, 0x00007f5c6ac10000)
  from space 324288K,  34% used [0x00007f5c7e8c0000, 0x00007f5c856f74f0, 0x00007f5c92570000)
  to   space 324288K,   0% used [0x00007f5c6ac10000, 0x00007f5c6ac10000, 0x00007f5c7e8c0000)
 tenured generation   total 6486860K, used 6435075K [0x00007f6121b50000, 0x00007f62ada23000, 0x00007f6bcc600000)
   the space 6486860K,  99% used [0x00007f6121b50000, 0x00007f62aa790d30, 0x00007f62aa790e00, 0x00007f62ada23000)
 Metaspace       used 24266K, capacity 24645K, committed 24832K, reserved 26624K
}
Event: 1658.454 GC heap after
{Heap after GC invocations=2395 (full 4):
 def new generation   total 2919168K, used 108755K [0x00007f5bcc600000, 0x00007f5c92570000, 0x00007f6121b50000)
  eden space 2594880K,   0% used [0x00007f5bcc600000, 0x00007f5bcc600000, 0x00007f5c6ac10000)
  from space 324288K,  33% used [0x00007f5c6ac10000, 0x00007f5c71644c78, 0x00007f5c7e8c0000)
  to   space 324288K,   0% used [0x00007f5c7e8c0000, 0x00007f5c7e8c0000, 0x00007f5c92570000)
 tenured generation   total 6486860K, used 6443804K [0x00007f6121b50000, 0x00007f62ada23000, 0x00007f6bcc600000)
   the space 6486860K,  99% used [0x00007f6121b50000, 0x00007f62ab017338, 0x00007f62ab017400, 0x00007f62ada23000)
 Metaspace       used 24266K, capacity 24645K, committed 24832K, reserved 26624K
}
Event: 1659.845 GC heap before
{Heap before GC invocations=2395 (full 4):
 def new generation   total 2919168K, used 2703635K [0x00007f5bcc600000, 0x00007f5c92570000, 0x00007f6121b50000)
  eden space 2594880K, 100% used [0x00007f5bcc600000, 0x00007f5c6ac10000, 0x00007f5c6ac10000)
  from space 324288K,  33% used [0x00007f5c6ac10000, 0x00007f5c71644c78, 0x00007f5c7e8c0000)
  to   space 324288K,   0% used [0x00007f5c7e8c0000, 0x00007f5c7e8c0000, 0x00007f5c92570000)
 tenured generation   total 6486860K, used 6443804K [0x00007f6121b50000, 0x00007f62ada23000, 0x00007f6bcc600000)
   the space 6486860K,  99% used [0x00007f6121b50000, 0x00007f62ab017338, 0x00007f62ab017400, 0x00007f62ada23000)
 Metaspace       used 24266K, capacity 24645K, committed 24832K, reserved 26624K
}
Event: 1659.988 GC heap after
{Heap after GC invocations=2396 (full 4):
 def new generation   total 2919168K, used 110642K [0x00007f5bcc600000, 0x00007f5c92570000, 0x00007f6121b50000)
  eden space 2594880K,   0% used [0x00007f5bcc600000, 0x00007f5bcc600000, 0x00007f5c6ac10000)
  from space 324288K,  34% used [0x00007f5c7e8c0000, 0x00007f5c854ccb78, 0x00007f5c92570000)
  to   space 324288K,   0% used [0x00007f5c6ac10000, 0x00007f5c6ac10000, 0x00007f5c7e8c0000)
 tenured generation   total 6486860K, used 6450589K [0x00007f6121b50000, 0x00007f62ada23000, 0x00007f6bcc600000)
   the space 6486860K,  99% used [0x00007f6121b50000, 0x00007f62ab6b77f8, 0x00007f62ab6b7800, 0x00007f62ada23000)
 Metaspace       used 24266K, capacity 24645K, committed 24832K, reserved 26624K
}
Event: 1661.408 GC heap before
{Heap before GC invocations=2396 (full 4):
 def new generation   total 2919168K, used 2705522K [0x00007f5bcc600000, 0x00007f5c92570000, 0x00007f6121b50000)
  eden space 2594880K, 100% used [0x00007f5bcc600000, 0x00007f5c6ac10000, 0x00007f5c6ac10000)
  from space 324288K,  34% used [0x00007f5c7e8c0000, 0x00007f5c854ccb78, 0x00007f5c92570000)
  to   space 324288K,   0% used [0x00007f5c6ac10000, 0x00007f5c6ac10000, 0x00007f5c7e8c0000)
 tenured generation   total 6486860K, used 6450589K [0x00007f6121b50000, 0x00007f62ada23000, 0x00007f6bcc600000)
   the space 6486860K,  99% used [0x00007f6121b50000, 0x00007f62ab6b77f8, 0x00007f62ab6b7800, 0x00007f62ada23000)
 Metaspace       used 24266K, capacity 24645K, committed 24832K, reserved 26624K
}
Event: 1661.543 GC heap after
{Heap after GC invocations=2397 (full 4):
 def new generation   total 2919168K, used 108286K [0x00007f5bcc600000, 0x00007f5c92570000, 0x00007f6121b50000)
  eden space 2594880K,   0% used [0x00007f5bcc600000, 0x00007f5bcc600000, 0x00007f5c6ac10000)
  from space 324288K,  33% used [0x00007f5c6ac10000, 0x00007f5c715cfb60, 0x00007f5c7e8c0000)
  to   space 324288K,   0% used [0x00007f5c7e8c0000, 0x00007f5c7e8c0000, 0x00007f5c92570000)
 tenured generation   total 6486860K, used 6459287K [0x00007f6121b50000, 0x00007f62ada23000, 0x00007f6bcc600000)
   the space 6486860K,  99% used [0x00007f6121b50000, 0x00007f62abf35eb8, 0x00007f62abf36000, 0x00007f62ada23000)
 Metaspace       used 24266K, capacity 24645K, committed 24832K, reserved 26624K
}
Event: 1662.944 GC heap before
{Heap before GC invocations=2397 (full 4):
 def new generation   total 2919168K, used 2703166K [0x00007f5bcc600000, 0x00007f5c92570000, 0x00007f6121b50000)
  eden space 2594880K, 100% used [0x00007f5bcc600000, 0x00007f5c6ac10000, 0x00007f5c6ac10000)
  from space 324288K,  33% used [0x00007f5c6ac10000, 0x00007f5c715cfb60, 0x00007f5c7e8c0000)
  to   space 324288K,   0% used [0x00007f5c7e8c0000, 0x00007f5c7e8c0000, 0x00007f5c92570000)
 tenured generation   total 6486860K, used 6459287K [0x00007f6121b50000, 0x00007f62ada23000, 0x00007f6bcc600000)
   the space 6486860K,  99% used [0x00007f6121b50000, 0x00007f62abf35eb8, 0x00007f62abf36000, 0x00007f62ada23000)
 Metaspace       used 24266K, capacity 24645K, committed 24832K, reserved 26624K
}
Event: 1663.087 GC heap after
{Heap after GC invocations=2398 (full 4):
 def new generation   total 2919168K, used 111343K [0x00007f5bcc600000, 0x00007f5c92570000, 0x00007f6121b50000)
  eden space 2594880K,   0% used [0x00007f5bcc600000, 0x00007f5bcc600000, 0x00007f5c6ac10000)
  from space 324288K,  34% used [0x00007f5c7e8c0000, 0x00007f5c8557bcd0, 0x00007f5c92570000)
  to   space 324288K,   0% used [0x00007f5c6ac10000, 0x00007f5c6ac10000, 0x00007f5c7e8c0000)
 tenured generation   total 6486860K, used 6464959K [0x00007f6121b50000, 0x00007f62ada23000, 0x00007f6bcc600000)
   the space 6486860K,  99% used [0x00007f6121b50000, 0x00007f62ac4bfe50, 0x00007f62ac4c0000, 0x00007f62ada23000)
 Metaspace       used 24266K, capacity 24645K, committed 24832K, reserved 26624K
}
Event: 1664.473 GC heap before
{Heap before GC invocations=2398 (full 4):
 def new generation   total 2919168K, used 2706223K [0x00007f5bcc600000, 0x00007f5c92570000, 0x00007f6121b50000)
  eden space 2594880K, 100% used [0x00007f5bcc600000, 0x00007f5c6ac10000, 0x00007f5c6ac10000)
  from space 324288K,  34% used [0x00007f5c7e8c0000, 0x00007f5c8557bcd0, 0x00007f5c92570000)
  to   space 324288K,   0% used [0x00007f5c6ac10000, 0x00007f5c6ac10000, 0x00007f5c7e8c0000)
 tenured generation   total 6486860K, used 6464959K [0x00007f6121b50000, 0x00007f62ada23000, 0x00007f6bcc600000)
   the space 6486860K,  99% used [0x00007f6121b50000, 0x00007f62ac4bfe50, 0x00007f62ac4c0000, 0x00007f62ada23000)
 Metaspace       used 24266K, capacity 24645K, committed 24832K, reserved 26624K
}
Event: 1664.621 GC heap after
{Heap after GC invocations=2399 (full 4):
 def new generation   total 2919168K, used 113805K [0x00007f5bcc600000, 0x00007f5c92570000, 0x00007f6121b50000)
  eden space 2594880K,   0% used [0x00007f5bcc600000, 0x00007f5bcc600000, 0x00007f5c6ac10000)
  from space 324288K,  35% used [0x00007f5c6ac10000, 0x00007f5c71b33490, 0x00007f5c7e8c0000)
  to   space 324288K,   0% used [0x00007f5c7e8c0000, 0x00007f5c7e8c0000, 0x00007f5c92570000)
 tenured generation   total 6486860K, used 6469168K [0x00007f6121b50000, 0x00007f62ada23000, 0x00007f6bcc600000)
   the space 6486860K,  99% used [0x00007f6121b50000, 0x00007f62ac8dc2b8, 0x00007f62ac8dc400, 0x00007f62ada23000)
 Metaspace       used 24266K, capacity 24645K, committed 24832K, reserved 26624K
}
Event: 1666.016 GC heap before
{Heap before GC invocations=2399 (full 4):
 def new generation   total 2919168K, used 2708685K [0x00007f5bcc600000, 0x00007f5c92570000, 0x00007f6121b50000)
  eden space 2594880K, 100% used [0x00007f5bcc600000, 0x00007f5c6ac10000, 0x00007f5c6ac10000)
  from space 324288K,  35% used [0x00007f5c6ac10000, 0x00007f5c71b33490, 0x00007f5c7e8c0000)
  to   space 324288K,   0% used [0x00007f5c7e8c0000, 0x00007f5c7e8c0000, 0x00007f5c92570000)
 tenured generation   total 6486860K, used 6469168K [0x00007f6121b50000, 0x00007f62ada23000, 0x00007f6bcc600000)
   the space 6486860K,  99% used [0x00007f6121b50000, 0x00007f62ac8dc2b8, 0x00007f62ac8dc400, 0x00007f62ada23000)
 Metaspace       used 24266K, capacity 24645K, committed 24832K, reserved 26624K
}
Event: 1666.165 GC heap after
{Heap after GC invocations=2400 (full 4):
 def new generation   total 2919168K, used 115255K [0x00007f5bcc600000, 0x00007f5c92570000, 0x00007f6121b50000)
  eden space 2594880K,   0% used [0x00007f5bcc600000, 0x00007f5bcc600000, 0x00007f5c6ac10000)
  from space 324288K,  35% used [0x00007f5c7e8c0000, 0x00007f5c8594dee8, 0x00007f5c92570000)
  to   space 324288K,   0% used [0x00007f5c6ac10000, 0x00007f5c6ac10000, 0x00007f5c7e8c0000)
 tenured generation   total 6486860K, used 6476369K [0x00007f6121b50000, 0x00007f62ada23000, 0x00007f6bcc600000)
   the space 6486860K,  99% used [0x00007f6121b50000, 0x00007f62acfe4768, 0x00007f62acfe4800, 0x00007f62ada23000)
 Metaspace       used 24266K, capacity 24645K, committed 24832K, reserved 26624K
}
Event: 1667.563 GC heap before
{Heap before GC invocations=2400 (full 4):
 def new generation   total 2919168K, used 2710135K [0x00007f5bcc600000, 0x00007f5c92570000, 0x00007f6121b50000)
  eden space 2594880K, 100% used [0x00007f5bcc600000, 0x00007f5c6ac10000, 0x00007f5c6ac10000)
  from space 324288K,  35% used [0x00007f5c7e8c0000, 0x00007f5c8594dee8, 0x00007f5c92570000)
  to   space 324288K,   0% used [0x00007f5c6ac10000, 0x00007f5c6ac10000, 0x00007f5c7e8c0000)
 tenured generation   total 6486860K, used 6476369K [0x00007f6121b50000, 0x00007f62ada23000, 0x00007f6bcc600000)
   the space 6486860K,  99% used [0x00007f6121b50000, 0x00007f62acfe4768, 0x00007f62acfe4800, 0x00007f62ada23000)
 Metaspace       used 24266K, capacity 24645K, committed 24832K, reserved 26624K
}
Event: 1667.711 GC heap after
{Heap after GC invocations=2401 (full 4):
 def new generation   total 2919168K, used 112469K [0x00007f5bcc600000, 0x00007f5c92570000, 0x00007f6121b50000)
  eden space 2594880K,   0% used [0x00007f5bcc600000, 0x00007f5bcc600000, 0x00007f5c6ac10000)
  from space 324288K,  34% used [0x00007f5c6ac10000, 0x00007f5c719e5780, 0x00007f5c7e8c0000)
  to   space 324288K,   0% used [0x00007f5c7e8c0000, 0x00007f5c7e8c0000, 0x00007f5c92570000)
 tenured generation   total 6486860K, used 6485063K [0x00007f6121b50000, 0x00007f62ada23000, 0x00007f6bcc600000)
   the space 6486860K,  99% used [0x00007f6121b50000, 0x00007f62ad861ce8, 0x00007f62ad861e00, 0x00007f62ada23000)
 Metaspace       used 24266K, capacity 24645K, committed 24832K, reserved 26624K
}
Event: 1669.053 GC heap before
{Heap before GC invocations=2401 (full 4):
 def new generation   total 2919168K, used 2707349K [0x00007f5bcc600000, 0x00007f5c92570000, 0x00007f6121b50000)
  eden space 2594880K, 100% used [0x00007f5bcc600000, 0x00007f5c6ac10000, 0x00007f5c6ac10000)
  from space 324288K,  34% used [0x00007f5c6ac10000, 0x00007f5c719e5780, 0x00007f5c7e8c0000)
  to   space 324288K,   0% used [0x00007f5c7e8c0000, 0x00007f5c7e8c0000, 0x00007f5c92570000)
 tenured generation   total 6486860K, used 6485063K [0x00007f6121b50000, 0x00007f62ada23000, 0x00007f6bcc600000)
   the space 6486860K,  99% used [0x00007f6121b50000, 0x00007f62ad861ce8, 0x00007f62ad861e00, 0x00007f62ada23000)
 Metaspace       used 24266K, capacity 24645K, committed 24832K, reserved 26624K
}
Event: 1669.193 GC heap after
{Heap after GC invocations=2402 (full 4):
 def new generation   total 2919168K, used 107758K [0x00007f5bcc600000, 0x00007f5c92570000, 0x00007f6121b50000)
  eden space 2594880K,   0% used [0x00007f5bcc600000, 0x00007f5bcc600000, 0x00007f5c6ac10000)
  from space 324288K,  33% used [0x00007f5c7e8c0000, 0x00007f5c851fba18, 0x00007f5c92570000)
  to   space 324288K,   0% used [0x00007f5c6ac10000, 0x00007f5c6ac10000, 0x00007f5c7e8c0000)
 tenured generation   total 6493004K, used 6492933K [0x00007f6121b50000, 0x00007f62ae023000, 0x00007f6bcc600000)
   the space 6493004K,  99% used [0x00007f6121b50000, 0x00007f62ae0115f8, 0x00007f62ae011600, 0x00007f62ae023000)
 Metaspace       used 24266K, capacity 24645K, committed 24832K, reserved 26624K
}
Event: 1669.193 GC heap before
{Heap before GC invocations=2402 (full 4):
 def new generation   total 2919168K, used 107758K [0x00007f5bcc600000, 0x00007f5c92570000, 0x00007f6121b50000)
  eden space 2594880K,   0% used [0x00007f5bcc600000, 0x00007f5bcc600000, 0x00007f5c6ac10000)
  from space 324288K,  33% used [0x00007f5c7e8c0000, 0x00007f5c851fba18, 0x00007f5c92570000)
  to   space 324288K,   0% used [0x00007f5c6ac10000, 0x00007f5c6ac10000, 0x00007f5c7e8c0000)
 tenured generation   total 6493004K, used 6492933K [0x00007f6121b50000, 0x00007f62ae023000, 0x00007f6bcc600000)
   the space 6493004K,  99% used [0x00007f6121b50000, 0x00007f62ae0115f8, 0x00007f62ae011600, 0x00007f62ae023000)
 Metaspace       used 24266K, capacity 24645K, committed 24832K, reserved 26624K
}

