# JRE version: OpenJDK Runtime Environment (13.0.7+5) (build 13.0.7+5-Ubuntu-0ubuntu120.04)
# Java VM: OpenJDK 64-Bit Server VM (13.0.7+5-Ubuntu-0ubuntu120.04, mixed mode, tiered, serial gc, linux-amd64)
Heap:
 def new generation   total 6299328K, used 4471963K [0x00007fb61c600000, 0x00007fb7c7930000, 0x00007fbb71b50000)
  eden space 5599424K,  76% used [0x00007fb61c600000, 0x00007fb7231795a0, 0x00007fb772230000)
  from space 699904K,  23% used [0x00007fb79cdb0000, 0x00007fb7a715d7a8, 0x00007fb7c7930000)
  to   space 699904K,   0% used [0x00007fb772230000, 0x00007fb772234618, 0x00007fb79cdb0000)
 tenured generation   total 13998344K, used 12592752K [0x00007fbb71b50000, 0x00007fbec8192000, 0x00007fc61c600000)
   the space 13998344K,  89% used [0x00007fbb71b50000, 0x00007fbe724ec0f8, 0x00007fbe724ec200, 0x00007fbec8192000)
 Metaspace       used 23414K, capacity 23826K, committed 24064K, reserved 24576K
GC Heap History (20 events):
Event: 97.252 GC heap after
{Heap after GC invocations=23 (full 11):
 def new generation   total 6299328K, used 0K [0x00007fb61c600000, 0x00007fb7c7930000, 0x00007fbb71b50000)
  eden space 5599424K,   0% used [0x00007fb61c600000, 0x00007fb61c600000, 0x00007fb772230000)
  from space 699904K,   0% used [0x00007fb79cdb0000, 0x00007fb79cdb0000, 0x00007fb7c7930000)
  to   space 699904K,   0% used [0x00007fb772230000, 0x00007fb772230000, 0x00007fb79cdb0000)
 tenured generation   total 13998344K, used 4728990K [0x00007fbb71b50000, 0x00007fbec8192000, 0x00007fc61c600000)
   the space 13998344K,  33% used [0x00007fbb71b50000, 0x00007fbc92577ae8, 0x00007fbc92577c00, 0x00007fbec8192000)
 Metaspace       used 23393K, capacity 23825K, committed 24064K, reserved 24576K
}
Event: 99.178 GC heap before
{Heap before GC invocations=23 (full 11):
 def new generation   total 6299328K, used 2608598K [0x00007fb61c600000, 0x00007fb7c7930000, 0x00007fbb71b50000)
  eden space 5599424K,  46% used [0x00007fb61c600000, 0x00007fb6bb975a28, 0x00007fb772230000)
  from space 699904K,   0% used [0x00007fb79cdb0000, 0x00007fb79cdb0000, 0x00007fb7c7930000)
  to   space 699904K,   0% used [0x00007fb772230000, 0x00007fb772230000, 0x00007fb79cdb0000)
 tenured generation   total 13998344K, used 4728990K [0x00007fbb71b50000, 0x00007fbec8192000, 0x00007fc61c600000)
   the space 13998344K,  33% used [0x00007fbb71b50000, 0x00007fbc92577ae8, 0x00007fbc92577c00, 0x00007fbec8192000)
 Metaspace       used 23399K, capacity 23825K, committed 24064K, reserved 24576K
}
Event: 99.208 GC heap after
{Heap after GC invocations=24 (full 11):
 def new generation   total 6299328K, used 174179K [0x00007fb61c600000, 0x00007fb7c7930000, 0x00007fbb71b50000)
  eden space 5599424K,   0% used [0x00007fb61c600000, 0x00007fb61c600000, 0x00007fb772230000)
  from space 699904K,  24% used [0x00007fb772230000, 0x00007fb77cc48dd0, 0x00007fb79cdb0000)
  to   space 699904K,   0% used [0x00007fb79cdb0000, 0x00007fb79cdb0000, 0x00007fb7c7930000)
 tenured generation   total 13998344K, used 4728990K [0x00007fbb71b50000, 0x00007fbec8192000, 0x00007fc61c600000)
   the space 13998344K,  33% used [0x00007fbb71b50000, 0x00007fbc92577ae8, 0x00007fbc92577c00, 0x00007fbec8192000)
 Metaspace       used 23399K, capacity 23825K, committed 24064K, reserved 24576K
}
Event: 101.716 GC heap before
{Heap before GC invocations=24 (full 11):
 def new generation   total 6299328K, used 4478521K [0x00007fb61c600000, 0x00007fb7c7930000, 0x00007fbb71b50000)
  eden space 5599424K,  76% used [0x00007fb61c600000, 0x00007fb7231759b0, 0x00007fb772230000)
  from space 699904K,  24% used [0x00007fb772230000, 0x00007fb77cc48dd0, 0x00007fb79cdb0000)
  to   space 699904K,   0% used [0x00007fb79cdb0000, 0x00007fb79cdb0000, 0x00007fb7c7930000)
 tenured generation   total 13998344K, used 4728990K [0x00007fbb71b50000, 0x00007fbec8192000, 0x00007fc61c600000)
   the space 13998344K,  33% used [0x00007fbb71b50000, 0x00007fbc92577ae8, 0x00007fbc92577c00, 0x00007fbec8192000)
 Metaspace       used 23399K, capacity 23825K, committed 24064K, reserved 24576K
}
Event: 102.278 GC heap after
{Heap after GC invocations=25 (full 11):
 def new generation   total 6299328K, used 165954K [0x00007fb61c600000, 0x00007fb7c7930000, 0x00007fbb71b50000)
  eden space 5599424K,   0% used [0x00007fb61c600000, 0x00007fb61c600000, 0x00007fb772230000)
  from space 699904K,  23% used [0x00007fb79cdb0000, 0x00007fb7a6fc09a8, 0x00007fb7c7930000)
  to   space 699904K,   0% used [0x00007fb772230000, 0x00007fb772230000, 0x00007fb79cdb0000)
 tenured generation   total 13998344K, used 8923294K [0x00007fbb71b50000, 0x00007fbec8192000, 0x00007fc61c600000)
   the space 13998344K,  63% used [0x00007fbb71b50000, 0x00007fbd92577b00, 0x00007fbd92577c00, 0x00007fbec8192000)
 Metaspace       used 23399K, capacity 23825K, committed 24064K, reserved 24576K
}
Event: 103.026 GC heap before
{Heap before GC invocations=25 (full 11):
 def new generation   total 6299328K, used 4470953K [0x00007fb61c600000, 0x00007fb7c7930000, 0x00007fbb71b50000)
  eden space 5599424K,  76% used [0x00007fb61c600000, 0x00007fb723219e08, 0x00007fb772230000)
  from space 699904K,  23% used [0x00007fb79cdb0000, 0x00007fb7a6fc09a8, 0x00007fb7c7930000)
  to   space 699904K,   0% used [0x00007fb772230000, 0x00007fb772230000, 0x00007fb79cdb0000)
 tenured generation   total 13998344K, used 8923294K [0x00007fbb71b50000, 0x00007fbec8192000, 0x00007fc61c600000)
   the space 13998344K,  63% used [0x00007fbb71b50000, 0x00007fbd92577b00, 0x00007fbd92577c00, 0x00007fbec8192000)
 Metaspace       used 23399K, capacity 23825K, committed 24064K, reserved 24576K
}
Event: 103.754 GC heap after
{Heap after GC invocations=26 (full 11):
 def new generation   total 6299328K, used 165955K [0x00007fb61c600000, 0x00007fb7c7930000, 0x00007fbb71b50000)
  eden space 5599424K,   0% used [0x00007fb61c600000, 0x00007fb61c600000, 0x00007fb772230000)
  from space 699904K,  23% used [0x00007fb772230000, 0x00007fb77c440c38, 0x00007fb79cdb0000)
  to   space 699904K,   0% used [0x00007fb79cdb0000, 0x00007fb79cdb0000, 0x00007fb7c7930000)
 tenured generation   total 13998344K, used 13117598K [0x00007fbb71b50000, 0x00007fbec8192000, 0x00007fc61c600000)
   the space 13998344K,  93% used [0x00007fbb71b50000, 0x00007fbe92577b18, 0x00007fbe92577c00, 0x00007fbec8192000)
 Metaspace       used 23399K, capacity 23825K, committed 24064K, reserved 24576K
}
Event: 107.334 GC heap before
{Heap before GC invocations=26 (full 11):
 def new generation   total 6299328K, used 5650047K [0x00007fb61c600000, 0x00007fb7c7930000, 0x00007fbb71b50000)
  eden space 5599424K,  97% used [0x00007fb61c600000, 0x00007fb76b18f138, 0x00007fb772230000)
  from space 699904K,  23% used [0x00007fb772230000, 0x00007fb77c440c38, 0x00007fb79cdb0000)
  to   space 699904K,   0% used [0x00007fb79cdb0000, 0x00007fb79cdb0000, 0x00007fb7c7930000)
 tenured generation   total 13998344K, used 13117598K [0x00007fbb71b50000, 0x00007fbec8192000, 0x00007fc61c600000)
   the space 13998344K,  93% used [0x00007fbb71b50000, 0x00007fbe92577b18, 0x00007fbe92577c00, 0x00007fbec8192000)
 Metaspace       used 23403K, capacity 23825K, committed 24064K, reserved 24576K
}
Event: 107.359 GC heap after
{Heap after GC invocations=27 (full 11):
 def new generation   total 6299328K, used 182343K [0x00007fb61c600000, 0x00007fb7c7930000, 0x00007fbb71b50000)
  eden space 5599424K,   0% used [0x00007fb61c600000, 0x00007fb61c600000, 0x00007fb772230000)
  from space 699904K,  26% used [0x00007fb79cdb0000, 0x00007fb7a7fc1fd0, 0x00007fb7c7930000)
  to   space 699904K,   0% used [0x00007fb772230000, 0x00007fb772230000, 0x00007fb79cdb0000)
 tenured generation   total 13998344K, used 13117598K [0x00007fbb71b50000, 0x00007fbec8192000, 0x00007fc61c600000)
   the space 13998344K,  93% used [0x00007fbb71b50000, 0x00007fbe92577b18, 0x00007fbe92577c00, 0x00007fbec8192000)
 Metaspace       used 23403K, capacity 23825K, committed 24064K, reserved 24576K
}
Event: 110.016 GC heap before
{Heap before GC invocations=27 (full 11):
 def new generation   total 6299328K, used 4486647K [0x00007fb61c600000, 0x00007fb7c7930000, 0x00007fbb71b50000)
  eden space 5599424K,  76% used [0x00007fb61c600000, 0x00007fb72316bfb8, 0x00007fb772230000)
  from space 699904K,  26% used [0x00007fb79cdb0000, 0x00007fb7a7fc1fd0, 0x00007fb7c7930000)
  to   space 699904K,   0% used [0x00007fb772230000, 0x00007fb772230000, 0x00007fb79cdb0000)
 tenured generation   total 13998344K, used 13117598K [0x00007fbb71b50000, 0x00007fbec8192000, 0x00007fc61c600000)
   the space 13998344K,  93% used [0x00007fbb71b50000, 0x00007fbe92577b18, 0x00007fbe92577c00, 0x00007fbec8192000)
 Metaspace       used 23403K, capacity 23825K, committed 24064K, reserved 24576K
}
Event: 111.467 GC heap after
{Heap after GC invocations=28 (full 11):
 def new generation   total 6299328K, used 165959K [0x00007fb61c600000, 0x00007fb7c7930000, 0x00007fbb71b50000)
  eden space 5599424K,   0% used [0x00007fb61c600000, 0x00007fb61c600000, 0x00007fb772230000)
  from space 699904K,  23% used [0x00007fb772230000, 0x00007fb77c441da8, 0x00007fb79cdb0000)
  to   space 699904K,   0% used [0x00007fb79cdb0000, 0x00007fb79cdb0000, 0x00007fb7c7930000)
 tenured generation   total 18192652K, used 17311902K [0x00007fbb71b50000, 0x00007fbfc8193000, 0x00007fc61c600000)
   the space 18192652K,  95% used [0x00007fbb71b50000, 0x00007fbf92577b30, 0x00007fbf92577c00, 0x00007fbfc8193000)
 Metaspace       used 23403K, capacity 23825K, committed 24064K, reserved 24576K
}
Event: 111.467 GC heap before
{Heap before GC invocations=28 (full 11):
 def new generation   total 6299328K, used 165959K [0x00007fb61c600000, 0x00007fb7c7930000, 0x00007fbb71b50000)
  eden space 5599424K,   0% used [0x00007fb61c600000, 0x00007fb61c600000, 0x00007fb772230000)
  from space 699904K,  23% used [0x00007fb772230000, 0x00007fb77c441da8, 0x00007fb79cdb0000)
  to   space 699904K,   0% used [0x00007fb79cdb0000, 0x00007fb79cdb0000, 0x00007fb7c7930000)
 tenured generation   total 18192652K, used 17311902K [0x00007fbb71b50000, 0x00007fbfc8193000, 0x00007fc61c600000)
   the space 18192652K,  95% used [0x00007fbb71b50000, 0x00007fbf92577b30, 0x00007fbf92577c00, 0x00007fbfc8193000)
 Metaspace       used 23403K, capacity 23825K, committed 24064K, reserved 24576K
}
Event: 112.129 GC heap after
{Heap after GC invocations=28 (full 12):
 def new generation   total 6299328K, used 0K [0x00007fb61c600000, 0x00007fb7c7930000, 0x00007fbb71b50000)
  eden space 5599424K,   0% used [0x00007fb61c600000, 0x00007fb61c600000, 0x00007fb772230000)
  from space 699904K,   0% used [0x00007fb772230000, 0x00007fb772230000, 0x00007fb79cdb0000)
  to   space 699904K,   0% used [0x00007fb79cdb0000, 0x00007fb79cdb0000, 0x00007fb7c7930000)
 tenured generation   total 13998344K, used 4204144K [0x00007fbb71b50000, 0x00007fbec8192000, 0x00007fc61c600000)
   the space 13998344K,  30% used [0x00007fbb71b50000, 0x00007fbc724ec0b0, 0x00007fbc724ec200, 0x00007fbec8192000)
 Metaspace       used 23403K, capacity 23825K, committed 24064K, reserved 24576K
}
Event: 113.772 GC heap before
{Heap before GC invocations=28 (full 12):
 def new generation   total 6299328K, used 4304777K [0x00007fb61c600000, 0x00007fb7c7930000, 0x00007fbb71b50000)
  eden space 5599424K,  76% used [0x00007fb61c600000, 0x00007fb7231e2770, 0x00007fb772230000)
  from space 699904K,   0% used [0x00007fb772230000, 0x00007fb772230000, 0x00007fb79cdb0000)
  to   space 699904K,   0% used [0x00007fb79cdb0000, 0x00007fb79cdb0000, 0x00007fb7c7930000)
 tenured generation   total 13998344K, used 4204144K [0x00007fbb71b50000, 0x00007fbec8192000, 0x00007fc61c600000)
   the space 13998344K,  30% used [0x00007fbb71b50000, 0x00007fbc724ec0b0, 0x00007fbc724ec200, 0x00007fbec8192000)
 Metaspace       used 23403K, capacity 23825K, committed 24064K, reserved 24576K
}
Event: 114.386 GC heap after
{Heap after GC invocations=29 (full 12):
 def new generation   total 6299328K, used 1K [0x00007fb61c600000, 0x00007fb7c7930000, 0x00007fbb71b50000)
  eden space 5599424K,   0% used [0x00007fb61c600000, 0x00007fb61c600000, 0x00007fb772230000)
  from space 699904K,   0% used [0x00007fb79cdb0000, 0x00007fb79cdb0438, 0x00007fb7c7930000)
  to   space 699904K,   0% used [0x00007fb772230000, 0x00007fb772230000, 0x00007fb79cdb0000)
 tenured generation   total 13998344K, used 8398448K [0x00007fbb71b50000, 0x00007fbec8192000, 0x00007fc61c600000)
   the space 13998344K,  59% used [0x00007fbb71b50000, 0x00007fbd724ec0e0, 0x00007fbd724ec200, 0x00007fbec8192000)
 Metaspace       used 23403K, capacity 23825K, committed 24064K, reserved 24576K
}
Event: 117.140 GC heap before
{Heap before GC invocations=29 (full 12):
 def new generation   total 6299328K, used 4466912K [0x00007fb61c600000, 0x00007fb7c7930000, 0x00007fbb71b50000)
  eden space 5599424K,  79% used [0x00007fb61c600000, 0x00007fb72d037dd8, 0x00007fb772230000)
  from space 699904K,   0% used [0x00007fb79cdb0000, 0x00007fb79cdb0438, 0x00007fb7c7930000)
  to   space 699904K,   0% used [0x00007fb772230000, 0x00007fb772230000, 0x00007fb79cdb0000)
 tenured generation   total 13998344K, used 8398448K [0x00007fbb71b50000, 0x00007fbec8192000, 0x00007fc61c600000)
   the space 13998344K,  59% used [0x00007fbb71b50000, 0x00007fbd724ec0e0, 0x00007fbd724ec200, 0x00007fbec8192000)
 Metaspace       used 23414K, capacity 23826K, committed 24064K, reserved 24576K
}
Event: 117.177 GC heap after
{Heap after GC invocations=30 (full 12):
 def new generation   total 6299328K, used 233150K [0x00007fb61c600000, 0x00007fb7c7930000, 0x00007fbb71b50000)
  eden space 5599424K,   0% used [0x00007fb61c600000, 0x00007fb61c600000, 0x00007fb772230000)
  from space 699904K,  33% used [0x00007fb772230000, 0x00007fb7805dfbe0, 0x00007fb79cdb0000)
  to   space 699904K,   0% used [0x00007fb79cdb0000, 0x00007fb79cdb0000, 0x00007fb7c7930000)
 tenured generation   total 13998344K, used 8398448K [0x00007fbb71b50000, 0x00007fbec8192000, 0x00007fc61c600000)
   the space 13998344K,  59% used [0x00007fbb71b50000, 0x00007fbd724ec0e0, 0x00007fbd724ec200, 0x00007fbec8192000)
 Metaspace       used 23414K, capacity 23826K, committed 24064K, reserved 24576K
}
Event: 119.502 GC heap before
{Heap before GC invocations=30 (full 12):
 def new generation   total 6299328K, used 4537099K [0x00007fb61c600000, 0x00007fb7c7930000, 0x00007fbb71b50000)
  eden space 5599424K,  76% used [0x00007fb61c600000, 0x00007fb7231130d8, 0x00007fb772230000)
  from space 699904K,  33% used [0x00007fb772230000, 0x00007fb7805dfbe0, 0x00007fb79cdb0000)
  to   space 699904K,   0% used [0x00007fb79cdb0000, 0x00007fb79cdb0000, 0x00007fb7c7930000)
 tenured generation   total 13998344K, used 8398448K [0x00007fbb71b50000, 0x00007fbec8192000, 0x00007fc61c600000)
   the space 13998344K,  59% used [0x00007fbb71b50000, 0x00007fbd724ec0e0, 0x00007fbd724ec200, 0x00007fbec8192000)
 Metaspace       used 23414K, capacity 23826K, committed 24064K, reserved 24576K
}
Event: 120.204 GC heap after
{Heap after GC invocations=31 (full 12):
 def new generation   total 6299328K, used 167605K [0x00007fb61c600000, 0x00007fb7c7930000, 0x00007fbb71b50000)
  eden space 5599424K,   0% used [0x00007fb61c600000, 0x00007fb61c600000, 0x00007fb772230000)
  from space 699904K,  23% used [0x00007fb79cdb0000, 0x00007fb7a715d7a8, 0x00007fb7c7930000)
  to   space 699904K,   0% used [0x00007fb772230000, 0x00007fb772230000, 0x00007fb79cdb0000)
 tenured generation   total 13998344K, used 12592752K [0x00007fbb71b50000, 0x00007fbec8192000, 0x00007fc61c600000)
   the space 13998344K,  89% used [0x00007fbb71b50000, 0x00007fbe724ec0f8, 0x00007fbe724ec200, 0x00007fbec8192000)
 Metaspace       used 23414K, capacity 23826K, committed 24064K, reserved 24576K
}
Event: 121.096 GC heap before
{Heap before GC invocations=31 (full 12):
 def new generation   total 6299328K, used 4471963K [0x00007fb61c600000, 0x00007fb7c7930000, 0x00007fbb71b50000)
  eden space 5599424K,  76% used [0x00007fb61c600000, 0x00007fb7231795a0, 0x00007fb772230000)
  from space 699904K,  23% used [0x00007fb79cdb0000, 0x00007fb7a715d7a8, 0x00007fb7c7930000)
  to   space 699904K,   0% used [0x00007fb772230000, 0x00007fb772230000, 0x00007fb79cdb0000)
 tenured generation   total 13998344K, used 12592752K [0x00007fbb71b50000, 0x00007fbec8192000, 0x00007fc61c600000)
   the space 13998344K,  89% used [0x00007fbb71b50000, 0x00007fbe724ec0f8, 0x00007fbe724ec200, 0x00007fbec8192000)
 Metaspace       used 23414K, capacity 23826K, committed 24064K, reserved 24576K
}

