# JRE version: OpenJDK Runtime Environment (13.0.7+5) (build 13.0.7+5-Ubuntu-0ubuntu120.04)
# Java VM: OpenJDK 64-Bit Server VM (13.0.7+5-Ubuntu-0ubuntu120.04, mixed mode, tiered, serial gc, linux-amd64)
Heap:
 def new generation   total 2861888K, used 0K [0x00007fb314600000, 0x00007fb3d6750000, 0x00007fbdbf0a0000)
  eden space 2543936K,   0% used [0x00007fb314600000, 0x00007fb314600000, 0x00007fb3afa50000)
  from space 317952K,   0% used [0x00007fb3c30d0000, 0x00007fb3c30d0000, 0x00007fb3d6750000)
  to   space 317952K,   0% used [0x00007fb3afa50000, 0x00007fb3afa50000, 0x00007fb3c30d0000)
 tenured generation   total 6376048K, used 6361200K [0x00007fbdbf0a0000, 0x00007fbf4433c000, 0x00007fd314600000)
   the space 6376048K,  99% used [0x00007fbdbf0a0000, 0x00007fbf434bc330, 0x00007fbf434bc400, 0x00007fbf4433c000)
 Metaspace       used 24229K, capacity 24637K, committed 24832K, reserved 26624K
GC Heap History (20 events):
Event: 672.128 GC heap after
{Heap after GC invocations=1139 (full 6):
 def new generation   total 2861888K, used 101260K [0x00007fb314600000, 0x00007fb3d6750000, 0x00007fbdbf0a0000)
  eden space 2543936K,   0% used [0x00007fb314600000, 0x00007fb314600000, 0x00007fb3afa50000)
  from space 317952K,  31% used [0x00007fb3afa50000, 0x00007fb3b5d330f0, 0x00007fb3c30d0000)
  to   space 317952K,   0% used [0x00007fb3c30d0000, 0x00007fb3c30d0000, 0x00007fb3d6750000)
 tenured generation   total 6359660K, used 6245193K [0x00007fbdbf0a0000, 0x00007fbf4333b000, 0x00007fd314600000)
   the space 6359660K,  98% used [0x00007fbdbf0a0000, 0x00007fbf3c3724d0, 0x00007fbf3c372600, 0x00007fbf4333b000)
 Metaspace       used 24229K, capacity 24637K, committed 24832K, reserved 26624K
}
Event: 673.192 GC heap before
{Heap before GC invocations=1139 (full 6):
 def new generation   total 2861888K, used 2632192K [0x00007fb314600000, 0x00007fb3d6750000, 0x00007fbdbf0a0000)
  eden space 2543936K,  99% used [0x00007fb314600000, 0x00007fb3aed9d138, 0x00007fb3afa50000)
  from space 317952K,  31% used [0x00007fb3afa50000, 0x00007fb3b5d330f0, 0x00007fb3c30d0000)
  to   space 317952K,   0% used [0x00007fb3c30d0000, 0x00007fb3c30d0000, 0x00007fb3d6750000)
 tenured generation   total 6359660K, used 6245193K [0x00007fbdbf0a0000, 0x00007fbf4333b000, 0x00007fd314600000)
   the space 6359660K,  98% used [0x00007fbdbf0a0000, 0x00007fbf3c3724d0, 0x00007fbf3c372600, 0x00007fbf4333b000)
 Metaspace       used 24229K, capacity 24637K, committed 24832K, reserved 26624K
}
Event: 673.220 GC heap after
{Heap after GC invocations=1140 (full 6):
 def new generation   total 2861888K, used 110524K [0x00007fb314600000, 0x00007fb3d6750000, 0x00007fbdbf0a0000)
  eden space 2543936K,   0% used [0x00007fb314600000, 0x00007fb314600000, 0x00007fb3afa50000)
  from space 317952K,  34% used [0x00007fb3c30d0000, 0x00007fb3c9cbf250, 0x00007fb3d6750000)
  to   space 317952K,   0% used [0x00007fb3afa50000, 0x00007fb3afa50000, 0x00007fb3c30d0000)
 tenured generation   total 6359660K, used 6245193K [0x00007fbdbf0a0000, 0x00007fbf4333b000, 0x00007fd314600000)
   the space 6359660K,  98% used [0x00007fbdbf0a0000, 0x00007fbf3c3724d0, 0x00007fbf3c372600, 0x00007fbf4333b000)
 Metaspace       used 24229K, capacity 24637K, committed 24832K, reserved 26624K
}
Event: 674.450 GC heap before
{Heap before GC invocations=1140 (full 6):
 def new generation   total 2861888K, used 2654460K [0x00007fb314600000, 0x00007fb3d6750000, 0x00007fbdbf0a0000)
  eden space 2543936K, 100% used [0x00007fb314600000, 0x00007fb3afa50000, 0x00007fb3afa50000)
  from space 317952K,  34% used [0x00007fb3c30d0000, 0x00007fb3c9cbf250, 0x00007fb3d6750000)
  to   space 317952K,   0% used [0x00007fb3afa50000, 0x00007fb3afa50000, 0x00007fb3c30d0000)
 tenured generation   total 6359660K, used 6245193K [0x00007fbdbf0a0000, 0x00007fbf4333b000, 0x00007fd314600000)
   the space 6359660K,  98% used [0x00007fbdbf0a0000, 0x00007fbf3c3724d0, 0x00007fbf3c372600, 0x00007fbf4333b000)
 Metaspace       used 24229K, capacity 24637K, committed 24832K, reserved 26624K
}
Event: 674.480 GC heap after
{Heap after GC invocations=1141 (full 6):
 def new generation   total 2861888K, used 118215K [0x00007fb314600000, 0x00007fb3d6750000, 0x00007fbdbf0a0000)
  eden space 2543936K,   0% used [0x00007fb314600000, 0x00007fb314600000, 0x00007fb3afa50000)
  from space 317952K,  37% used [0x00007fb3afa50000, 0x00007fb3b6dc1ec0, 0x00007fb3c30d0000)
  to   space 317952K,   0% used [0x00007fb3c30d0000, 0x00007fb3c30d0000, 0x00007fb3d6750000)
 tenured generation   total 6359660K, used 6245193K [0x00007fbdbf0a0000, 0x00007fbf4333b000, 0x00007fd314600000)
   the space 6359660K,  98% used [0x00007fbdbf0a0000, 0x00007fbf3c3724d0, 0x00007fbf3c372600, 0x00007fbf4333b000)
 Metaspace       used 24229K, capacity 24637K, committed 24832K, reserved 26624K
}
Event: 675.572 GC heap before
{Heap before GC invocations=1141 (full 6):
 def new generation   total 2861888K, used 2662151K [0x00007fb314600000, 0x00007fb3d6750000, 0x00007fbdbf0a0000)
  eden space 2543936K, 100% used [0x00007fb314600000, 0x00007fb3afa50000, 0x00007fb3afa50000)
  from space 317952K,  37% used [0x00007fb3afa50000, 0x00007fb3b6dc1ec0, 0x00007fb3c30d0000)
  to   space 317952K,   0% used [0x00007fb3c30d0000, 0x00007fb3c30d0000, 0x00007fb3d6750000)
 tenured generation   total 6359660K, used 6245193K [0x00007fbdbf0a0000, 0x00007fbf4333b000, 0x00007fd314600000)
   the space 6359660K,  98% used [0x00007fbdbf0a0000, 0x00007fbf3c3724d0, 0x00007fbf3c372600, 0x00007fbf4333b000)
 Metaspace       used 24229K, capacity 24637K, committed 24832K, reserved 26624K
}
Event: 675.599 GC heap after
{Heap after GC invocations=1142 (full 6):
 def new generation   total 2861888K, used 119297K [0x00007fb314600000, 0x00007fb3d6750000, 0x00007fbdbf0a0000)
  eden space 2543936K,   0% used [0x00007fb314600000, 0x00007fb314600000, 0x00007fb3afa50000)
  from space 317952K,  37% used [0x00007fb3c30d0000, 0x00007fb3ca550638, 0x00007fb3d6750000)
  to   space 317952K,   0% used [0x00007fb3afa50000, 0x00007fb3afa50000, 0x00007fb3c30d0000)
 tenured generation   total 6359660K, used 6245193K [0x00007fbdbf0a0000, 0x00007fbf4333b000, 0x00007fd314600000)
   the space 6359660K,  98% used [0x00007fbdbf0a0000, 0x00007fbf3c3724d0, 0x00007fbf3c372600, 0x00007fbf4333b000)
 Metaspace       used 24229K, capacity 24637K, committed 24832K, reserved 26624K
}
Event: 676.684 GC heap before
{Heap before GC invocations=1142 (full 6):
 def new generation   total 2861888K, used 2663233K [0x00007fb314600000, 0x00007fb3d6750000, 0x00007fbdbf0a0000)
  eden space 2543936K, 100% used [0x00007fb314600000, 0x00007fb3afa50000, 0x00007fb3afa50000)
  from space 317952K,  37% used [0x00007fb3c30d0000, 0x00007fb3ca550638, 0x00007fb3d6750000)
  to   space 317952K,   0% used [0x00007fb3afa50000, 0x00007fb3afa50000, 0x00007fb3c30d0000)
 tenured generation   total 6359660K, used 6245193K [0x00007fbdbf0a0000, 0x00007fbf4333b000, 0x00007fd314600000)
   the space 6359660K,  98% used [0x00007fbdbf0a0000, 0x00007fbf3c3724d0, 0x00007fbf3c372600, 0x00007fbf4333b000)
 Metaspace       used 24229K, capacity 24637K, committed 24832K, reserved 26624K
}
Event: 676.717 GC heap after
{Heap after GC invocations=1143 (full 6):
 def new generation   total 2861888K, used 135736K [0x00007fb314600000, 0x00007fb3d6750000, 0x00007fbdbf0a0000)
  eden space 2543936K,   0% used [0x00007fb314600000, 0x00007fb314600000, 0x00007fb3afa50000)
  from space 317952K,  42% used [0x00007fb3afa50000, 0x00007fb3b7ede148, 0x00007fb3c30d0000)
  to   space 317952K,   0% used [0x00007fb3c30d0000, 0x00007fb3c30d0000, 0x00007fb3d6750000)
 tenured generation   total 6359660K, used 6245193K [0x00007fbdbf0a0000, 0x00007fbf4333b000, 0x00007fd314600000)
   the space 6359660K,  98% used [0x00007fbdbf0a0000, 0x00007fbf3c3724d0, 0x00007fbf3c372600, 0x00007fbf4333b000)
 Metaspace       used 24229K, capacity 24637K, committed 24832K, reserved 26624K
}
Event: 677.922 GC heap before
{Heap before GC invocations=1143 (full 6):
 def new generation   total 2861888K, used 2679672K [0x00007fb314600000, 0x00007fb3d6750000, 0x00007fbdbf0a0000)
  eden space 2543936K, 100% used [0x00007fb314600000, 0x00007fb3afa50000, 0x00007fb3afa50000)
  from space 317952K,  42% used [0x00007fb3afa50000, 0x00007fb3b7ede148, 0x00007fb3c30d0000)
  to   space 317952K,   0% used [0x00007fb3c30d0000, 0x00007fb3c30d0000, 0x00007fb3d6750000)
 tenured generation   total 6359660K, used 6245193K [0x00007fbdbf0a0000, 0x00007fbf4333b000, 0x00007fd314600000)
   the space 6359660K,  98% used [0x00007fbdbf0a0000, 0x00007fbf3c3724d0, 0x00007fbf3c372600, 0x00007fbf4333b000)
 Metaspace       used 24229K, capacity 24637K, committed 24832K, reserved 26624K
}
Event: 677.953 GC heap after
{Heap after GC invocations=1144 (full 6):
 def new generation   total 2861888K, used 152670K [0x00007fb314600000, 0x00007fb3d6750000, 0x00007fbdbf0a0000)
  eden space 2543936K,   0% used [0x00007fb314600000, 0x00007fb314600000, 0x00007fb3afa50000)
  from space 317952K,  48% used [0x00007fb3c30d0000, 0x00007fb3cc5e7988, 0x00007fb3d6750000)
  to   space 317952K,   0% used [0x00007fb3afa50000, 0x00007fb3afa50000, 0x00007fb3c30d0000)
 tenured generation   total 6359660K, used 6245193K [0x00007fbdbf0a0000, 0x00007fbf4333b000, 0x00007fd314600000)
   the space 6359660K,  98% used [0x00007fbdbf0a0000, 0x00007fbf3c3724d0, 0x00007fbf3c372600, 0x00007fbf4333b000)
 Metaspace       used 24229K, capacity 24637K, committed 24832K, reserved 26624K
}
Event: 679.176 GC heap before
{Heap before GC invocations=1144 (full 6):
 def new generation   total 2861888K, used 2696606K [0x00007fb314600000, 0x00007fb3d6750000, 0x00007fbdbf0a0000)
  eden space 2543936K, 100% used [0x00007fb314600000, 0x00007fb3afa50000, 0x00007fb3afa50000)
  from space 317952K,  48% used [0x00007fb3c30d0000, 0x00007fb3cc5e7988, 0x00007fb3d6750000)
  to   space 317952K,   0% used [0x00007fb3afa50000, 0x00007fb3afa50000, 0x00007fb3c30d0000)
 tenured generation   total 6359660K, used 6245193K [0x00007fbdbf0a0000, 0x00007fbf4333b000, 0x00007fd314600000)
   the space 6359660K,  98% used [0x00007fbdbf0a0000, 0x00007fbf3c3724d0, 0x00007fbf3c372600, 0x00007fbf4333b000)
 Metaspace       used 24229K, capacity 24637K, committed 24832K, reserved 26624K
}
Event: 679.221 GC heap after
{Heap after GC invocations=1145 (full 6):
 def new generation   total 2861888K, used 220482K [0x00007fb314600000, 0x00007fb3d6750000, 0x00007fbdbf0a0000)
  eden space 2543936K,   0% used [0x00007fb314600000, 0x00007fb314600000, 0x00007fb3afa50000)
  from space 317952K,  69% used [0x00007fb3afa50000, 0x00007fb3bd1a0890, 0x00007fb3c30d0000)
  to   space 317952K,   0% used [0x00007fb3c30d0000, 0x00007fb3c30d0000, 0x00007fb3d6750000)
 tenured generation   total 6359660K, used 6245193K [0x00007fbdbf0a0000, 0x00007fbf4333b000, 0x00007fd314600000)
   the space 6359660K,  98% used [0x00007fbdbf0a0000, 0x00007fbf3c3724d0, 0x00007fbf3c372600, 0x00007fbf4333b000)
 Metaspace       used 24229K, capacity 24637K, committed 24832K, reserved 26624K
}
Event: 680.644 GC heap before
{Heap before GC invocations=1145 (full 6):
 def new generation   total 2861888K, used 2764418K [0x00007fb314600000, 0x00007fb3d6750000, 0x00007fbdbf0a0000)
  eden space 2543936K, 100% used [0x00007fb314600000, 0x00007fb3afa50000, 0x00007fb3afa50000)
  from space 317952K,  69% used [0x00007fb3afa50000, 0x00007fb3bd1a0890, 0x00007fb3c30d0000)
  to   space 317952K,   0% used [0x00007fb3c30d0000, 0x00007fb3c30d0000, 0x00007fb3d6750000)
 tenured generation   total 6359660K, used 6245193K [0x00007fbdbf0a0000, 0x00007fbf4333b000, 0x00007fd314600000)
   the space 6359660K,  98% used [0x00007fbdbf0a0000, 0x00007fbf3c3724d0, 0x00007fbf3c372600, 0x00007fbf4333b000)
 Metaspace       used 24229K, capacity 24637K, committed 24832K, reserved 26624K
}
Event: 680.710 GC heap after
{Heap after GC invocations=1146 (full 6):
 def new generation   total 2861888K, used 153181K [0x00007fb314600000, 0x00007fb3d6750000, 0x00007fbdbf0a0000)
  eden space 2543936K,   0% used [0x00007fb314600000, 0x00007fb314600000, 0x00007fb3afa50000)
  from space 317952K,  48% used [0x00007fb3c30d0000, 0x00007fb3cc667770, 0x00007fb3d6750000)
  to   space 317952K,   0% used [0x00007fb3afa50000, 0x00007fb3afa50000, 0x00007fb3c30d0000)
 tenured generation   total 6359660K, used 6312515K [0x00007fbdbf0a0000, 0x00007fbf4333b000, 0x00007fd314600000)
   the space 6359660K,  99% used [0x00007fbdbf0a0000, 0x00007fbf40530f78, 0x00007fbf40531000, 0x00007fbf4333b000)
 Metaspace       used 24229K, capacity 24637K, committed 24832K, reserved 26624K
}
Event: 681.682 GC heap before
{Heap before GC invocations=1146 (full 6):
 def new generation   total 2861888K, used 2697117K [0x00007fb314600000, 0x00007fb3d6750000, 0x00007fbdbf0a0000)
  eden space 2543936K, 100% used [0x00007fb314600000, 0x00007fb3afa50000, 0x00007fb3afa50000)
  from space 317952K,  48% used [0x00007fb3c30d0000, 0x00007fb3cc667770, 0x00007fb3d6750000)
  to   space 317952K,   0% used [0x00007fb3afa50000, 0x00007fb3afa50000, 0x00007fb3c30d0000)
 tenured generation   total 6359660K, used 6312515K [0x00007fbdbf0a0000, 0x00007fbf4333b000, 0x00007fd314600000)
   the space 6359660K,  99% used [0x00007fbdbf0a0000, 0x00007fbf40530f78, 0x00007fbf40531000, 0x00007fbf4333b000)
 Metaspace       used 24229K, capacity 24637K, committed 24832K, reserved 26624K
}
Event: 681.726 GC heap after
{Heap after GC invocations=1147 (full 6):
 def new generation   total 2861888K, used 209215K [0x00007fb314600000, 0x00007fb3d6750000, 0x00007fbdbf0a0000)
  eden space 2543936K,   0% used [0x00007fb314600000, 0x00007fb314600000, 0x00007fb3afa50000)
  from space 317952K,  65% used [0x00007fb3afa50000, 0x00007fb3bc69fcf0, 0x00007fb3c30d0000)
  to   space 317952K,   0% used [0x00007fb3c30d0000, 0x00007fb3c30d0000, 0x00007fb3d6750000)
 tenured generation   total 6359660K, used 6312515K [0x00007fbdbf0a0000, 0x00007fbf4333b000, 0x00007fd314600000)
   the space 6359660K,  99% used [0x00007fbdbf0a0000, 0x00007fbf40530f78, 0x00007fbf40531000, 0x00007fbf4333b000)
 Metaspace       used 24229K, capacity 24637K, committed 24832K, reserved 26624K
}
Event: 683.026 GC heap before
{Heap before GC invocations=1147 (full 6):
 def new generation   total 2861888K, used 2750685K [0x00007fb314600000, 0x00007fb3d6750000, 0x00007fbdbf0a0000)
  eden space 2543936K,  99% used [0x00007fb314600000, 0x00007fb3af7e7938, 0x00007fb3afa50000)
  from space 317952K,  65% used [0x00007fb3afa50000, 0x00007fb3bc69fcf0, 0x00007fb3c30d0000)
  to   space 317952K,   0% used [0x00007fb3c30d0000, 0x00007fb3c30d0000, 0x00007fb3d6750000)
 tenured generation   total 6359660K, used 6312515K [0x00007fbdbf0a0000, 0x00007fbf4333b000, 0x00007fd314600000)
   the space 6359660K,  99% used [0x00007fbdbf0a0000, 0x00007fbf40530f78, 0x00007fbf40531000, 0x00007fbf4333b000)
 Metaspace       used 24229K, capacity 24637K, committed 24832K, reserved 26624K
}
Event: 683.100 GC heap after
{Heap after GC invocations=1148 (full 6):
 def new generation   total 2861888K, used 183496K [0x00007fb314600000, 0x00007fb3d6750000, 0x00007fbdbf0a0000)
  eden space 2543936K,   0% used [0x00007fb314600000, 0x00007fb314600000, 0x00007fb3afa50000)
  from space 317952K,  57% used [0x00007fb3c30d0000, 0x00007fb3ce4022a0, 0x00007fb3d6750000)
  to   space 317952K,   0% used [0x00007fb3afa50000, 0x00007fb3afa50000, 0x00007fb3c30d0000)
 tenured generation   total 6376048K, used 6363905K [0x00007fbdbf0a0000, 0x00007fbf4433c000, 0x00007fd314600000)
   the space 6376048K,  99% used [0x00007fbdbf0a0000, 0x00007fbf43760700, 0x00007fbf43760800, 0x00007fbf4433c000)
 Metaspace       used 24229K, capacity 24637K, committed 24832K, reserved 26624K
}
Event: 683.100 GC heap before
{Heap before GC invocations=1148 (full 6):
 def new generation   total 2861888K, used 183496K [0x00007fb314600000, 0x00007fb3d6750000, 0x00007fbdbf0a0000)
  eden space 2543936K,   0% used [0x00007fb314600000, 0x00007fb314600000, 0x00007fb3afa50000)
  from space 317952K,  57% used [0x00007fb3c30d0000, 0x00007fb3ce4022a0, 0x00007fb3d6750000)
  to   space 317952K,   0% used [0x00007fb3afa50000, 0x00007fb3afa50000, 0x00007fb3c30d0000)
 tenured generation   total 6376048K, used 6363905K [0x00007fbdbf0a0000, 0x00007fbf4433c000, 0x00007fd314600000)
   the space 6376048K,  99% used [0x00007fbdbf0a0000, 0x00007fbf43760700, 0x00007fbf43760800, 0x00007fbf4433c000)
 Metaspace       used 24229K, capacity 24637K, committed 24832K, reserved 26624K
}

