# JRE version: OpenJDK Runtime Environment (13.0.7+5) (build 13.0.7+5-Ubuntu-0ubuntu120.04)
# Java VM: OpenJDK 64-Bit Server VM (13.0.7+5-Ubuntu-0ubuntu120.04, mixed mode, tiered, serial gc, linux-amd64)
Heap:
 def new generation   total 2902464K, used 5104K [0x00007f7b04600000, 0x00007f7bc9360000, 0x00007f8059b50000)
  eden space 2579968K,   0% used [0x00007f7b04600000, 0x00007f7b04afc150, 0x00007f7ba1d80000)
  from space 322496K,   0% used [0x00007f7bb5870000, 0x00007f7bb5870000, 0x00007f7bc9360000)
  to   space 322496K,   0% used [0x00007f7ba1d80000, 0x00007f7ba1d80000, 0x00007f7bb5870000)
 tenured generation   total 6450044K, used 6450036K [0x00007f8059b50000, 0x00007f81e362f000, 0x00007f8b04600000)
   the space 6450044K,  99% used [0x00007f8059b50000, 0x00007f81e362d1c8, 0x00007f81e362d200, 0x00007f81e362f000)
 Metaspace       used 24268K, capacity 24717K, committed 24832K, reserved 26624K
GC Heap History (20 events):
Event: 25267.896 GC heap after
{Heap after GC invocations=33706 (full 4):
 def new generation   total 2902464K, used 4470K [0x00007f7b04600000, 0x00007f7bc9360000, 0x00007f8059b50000)
  eden space 2579968K,   0% used [0x00007f7b04600000, 0x00007f7b04600000, 0x00007f7ba1d80000)
  from space 322496K,   1% used [0x00007f7ba1d80000, 0x00007f7ba21dd9d8, 0x00007f7bb5870000)
  to   space 322496K,   0% used [0x00007f7bb5870000, 0x00007f7bb5870000, 0x00007f7bc9360000)
 tenured generation   total 6449852K, used 6447302K [0x00007f8059b50000, 0x00007f81e35ff000, 0x00007f8b04600000)
   the space 6449852K,  99% used [0x00007f8059b50000, 0x00007f81e33819f8, 0x00007f81e3381a00, 0x00007f81e35ff000)
 Metaspace       used 24268K, capacity 24717K, committed 24832K, reserved 26624K
}
Event: 25269.407 GC heap before
{Heap before GC invocations=33706 (full 4):
 def new generation   total 2902464K, used 2584438K [0x00007f7b04600000, 0x00007f7bc9360000, 0x00007f8059b50000)
  eden space 2579968K, 100% used [0x00007f7b04600000, 0x00007f7ba1d80000, 0x00007f7ba1d80000)
  from space 322496K,   1% used [0x00007f7ba1d80000, 0x00007f7ba21dd9d8, 0x00007f7bb5870000)
  to   space 322496K,   0% used [0x00007f7bb5870000, 0x00007f7bb5870000, 0x00007f7bc9360000)
 tenured generation   total 6449852K, used 6447302K [0x00007f8059b50000, 0x00007f81e35ff000, 0x00007f8b04600000)
   the space 6449852K,  99% used [0x00007f8059b50000, 0x00007f81e33819f8, 0x00007f81e3381a00, 0x00007f81e35ff000)
 Metaspace       used 24268K, capacity 24717K, committed 24832K, reserved 26624K
}
Event: 25269.415 GC heap after
{Heap after GC invocations=33707 (full 4):
 def new generation   total 2902464K, used 4509K [0x00007f7b04600000, 0x00007f7bc9360000, 0x00007f8059b50000)
  eden space 2579968K,   0% used [0x00007f7b04600000, 0x00007f7b04600000, 0x00007f7ba1d80000)
  from space 322496K,   1% used [0x00007f7bb5870000, 0x00007f7bb5cd7490, 0x00007f7bc9360000)
  to   space 322496K,   0% used [0x00007f7ba1d80000, 0x00007f7ba1d80000, 0x00007f7bb5870000)
 tenured generation   total 6449852K, used 6447562K [0x00007f8059b50000, 0x00007f81e35ff000, 0x00007f8b04600000)
   the space 6449852K,  99% used [0x00007f8059b50000, 0x00007f81e33c2a30, 0x00007f81e33c2c00, 0x00007f81e35ff000)
 Metaspace       used 24268K, capacity 24717K, committed 24832K, reserved 26624K
}
Event: 25270.994 GC heap before
{Heap before GC invocations=33707 (full 4):
 def new generation   total 2902464K, used 2584477K [0x00007f7b04600000, 0x00007f7bc9360000, 0x00007f8059b50000)
  eden space 2579968K, 100% used [0x00007f7b04600000, 0x00007f7ba1d80000, 0x00007f7ba1d80000)
  from space 322496K,   1% used [0x00007f7bb5870000, 0x00007f7bb5cd7490, 0x00007f7bc9360000)
  to   space 322496K,   0% used [0x00007f7ba1d80000, 0x00007f7ba1d80000, 0x00007f7bb5870000)
 tenured generation   total 6449852K, used 6447562K [0x00007f8059b50000, 0x00007f81e35ff000, 0x00007f8b04600000)
   the space 6449852K,  99% used [0x00007f8059b50000, 0x00007f81e33c2a30, 0x00007f81e33c2c00, 0x00007f81e35ff000)
 Metaspace       used 24268K, capacity 24717K, committed 24832K, reserved 26624K
}
Event: 25271.002 GC heap after
{Heap after GC invocations=33708 (full 4):
 def new generation   total 2902464K, used 4479K [0x00007f7b04600000, 0x00007f7bc9360000, 0x00007f8059b50000)
  eden space 2579968K,   0% used [0x00007f7b04600000, 0x00007f7b04600000, 0x00007f7ba1d80000)
  from space 322496K,   1% used [0x00007f7ba1d80000, 0x00007f7ba21dfcf8, 0x00007f7bb5870000)
  to   space 322496K,   0% used [0x00007f7bb5870000, 0x00007f7bb5870000, 0x00007f7bc9360000)
 tenured generation   total 6449852K, used 6447885K [0x00007f8059b50000, 0x00007f81e35ff000, 0x00007f8b04600000)
   the space 6449852K,  99% used [0x00007f8059b50000, 0x00007f81e34134d0, 0x00007f81e3413600, 0x00007f81e35ff000)
 Metaspace       used 24268K, capacity 24717K, committed 24832K, reserved 26624K
}
Event: 25272.556 GC heap before
{Heap before GC invocations=33708 (full 4):
 def new generation   total 2902464K, used 2584447K [0x00007f7b04600000, 0x00007f7bc9360000, 0x00007f8059b50000)
  eden space 2579968K, 100% used [0x00007f7b04600000, 0x00007f7ba1d80000, 0x00007f7ba1d80000)
  from space 322496K,   1% used [0x00007f7ba1d80000, 0x00007f7ba21dfcf8, 0x00007f7bb5870000)
  to   space 322496K,   0% used [0x00007f7bb5870000, 0x00007f7bb5870000, 0x00007f7bc9360000)
 tenured generation   total 6449852K, used 6447885K [0x00007f8059b50000, 0x00007f81e35ff000, 0x00007f8b04600000)
   the space 6449852K,  99% used [0x00007f8059b50000, 0x00007f81e34134d0, 0x00007f81e3413600, 0x00007f81e35ff000)
 Metaspace       used 24268K, capacity 24717K, committed 24832K, reserved 26624K
}
Event: 25272.564 GC heap after
{Heap after GC invocations=33709 (full 4):
 def new generation   total 2902464K, used 4509K [0x00007f7b04600000, 0x00007f7bc9360000, 0x00007f8059b50000)
  eden space 2579968K,   0% used [0x00007f7b04600000, 0x00007f7b04600000, 0x00007f7ba1d80000)
  from space 322496K,   1% used [0x00007f7bb5870000, 0x00007f7bb5cd7438, 0x00007f7bc9360000)
  to   space 322496K,   0% used [0x00007f7ba1d80000, 0x00007f7ba1d80000, 0x00007f7bb5870000)
 tenured generation   total 6449852K, used 6448143K [0x00007f8059b50000, 0x00007f81e35ff000, 0x00007f8b04600000)
   the space 6449852K,  99% used [0x00007f8059b50000, 0x00007f81e3453d50, 0x00007f81e3453e00, 0x00007f81e35ff000)
 Metaspace       used 24268K, capacity 24717K, committed 24832K, reserved 26624K
}
Event: 25274.177 GC heap before
{Heap before GC invocations=33709 (full 4):
 def new generation   total 2902464K, used 2584477K [0x00007f7b04600000, 0x00007f7bc9360000, 0x00007f8059b50000)
  eden space 2579968K, 100% used [0x00007f7b04600000, 0x00007f7ba1d80000, 0x00007f7ba1d80000)
  from space 322496K,   1% used [0x00007f7bb5870000, 0x00007f7bb5cd7438, 0x00007f7bc9360000)
  to   space 322496K,   0% used [0x00007f7ba1d80000, 0x00007f7ba1d80000, 0x00007f7bb5870000)
 tenured generation   total 6449852K, used 6448143K [0x00007f8059b50000, 0x00007f81e35ff000, 0x00007f8b04600000)
   the space 6449852K,  99% used [0x00007f8059b50000, 0x00007f81e3453d50, 0x00007f81e3453e00, 0x00007f81e35ff000)
 Metaspace       used 24268K, capacity 24717K, committed 24832K, reserved 26624K
}
Event: 25274.187 GC heap after
{Heap after GC invocations=33710 (full 4):
 def new generation   total 2902464K, used 4501K [0x00007f7b04600000, 0x00007f7bc9360000, 0x00007f8059b50000)
  eden space 2579968K,   0% used [0x00007f7b04600000, 0x00007f7b04600000, 0x00007f7ba1d80000)
  from space 322496K,   1% used [0x00007f7ba1d80000, 0x00007f7ba21e5428, 0x00007f7bb5870000)
  to   space 322496K,   0% used [0x00007f7bb5870000, 0x00007f7bb5870000, 0x00007f7bc9360000)
 tenured generation   total 6449852K, used 6448465K [0x00007f8059b50000, 0x00007f81e35ff000, 0x00007f8b04600000)
   the space 6449852K,  99% used [0x00007f8059b50000, 0x00007f81e34a47f0, 0x00007f81e34a4800, 0x00007f81e35ff000)
 Metaspace       used 24268K, capacity 24717K, committed 24832K, reserved 26624K
}
Event: 25275.711 GC heap before
{Heap before GC invocations=33710 (full 4):
 def new generation   total 2902464K, used 2584469K [0x00007f7b04600000, 0x00007f7bc9360000, 0x00007f8059b50000)
  eden space 2579968K, 100% used [0x00007f7b04600000, 0x00007f7ba1d80000, 0x00007f7ba1d80000)
  from space 322496K,   1% used [0x00007f7ba1d80000, 0x00007f7ba21e5428, 0x00007f7bb5870000)
  to   space 322496K,   0% used [0x00007f7bb5870000, 0x00007f7bb5870000, 0x00007f7bc9360000)
 tenured generation   total 6449852K, used 6448465K [0x00007f8059b50000, 0x00007f81e35ff000, 0x00007f8b04600000)
   the space 6449852K,  99% used [0x00007f8059b50000, 0x00007f81e34a47f0, 0x00007f81e34a4800, 0x00007f81e35ff000)
 Metaspace       used 24268K, capacity 24717K, committed 24832K, reserved 26624K
}
Event: 25275.723 GC heap after
{Heap after GC invocations=33711 (full 4):
 def new generation   total 2902464K, used 4514K [0x00007f7b04600000, 0x00007f7bc9360000, 0x00007f8059b50000)
  eden space 2579968K,   0% used [0x00007f7b04600000, 0x00007f7b04600000, 0x00007f7ba1d80000)
  from space 322496K,   1% used [0x00007f7bb5870000, 0x00007f7bb5cd8808, 0x00007f7bc9360000)
  to   space 322496K,   0% used [0x00007f7ba1d80000, 0x00007f7ba1d80000, 0x00007f7bb5870000)
 tenured generation   total 6449852K, used 6448724K [0x00007f8059b50000, 0x00007f81e35ff000, 0x00007f8b04600000)
   the space 6449852K,  99% used [0x00007f8059b50000, 0x00007f81e34e5070, 0x00007f81e34e5200, 0x00007f81e35ff000)
 Metaspace       used 24268K, capacity 24717K, committed 24832K, reserved 26624K
}
Event: 25277.326 GC heap before
{Heap before GC invocations=33711 (full 4):
 def new generation   total 2902464K, used 2584482K [0x00007f7b04600000, 0x00007f7bc9360000, 0x00007f8059b50000)
  eden space 2579968K, 100% used [0x00007f7b04600000, 0x00007f7ba1d80000, 0x00007f7ba1d80000)
  from space 322496K,   1% used [0x00007f7bb5870000, 0x00007f7bb5cd8808, 0x00007f7bc9360000)
  to   space 322496K,   0% used [0x00007f7ba1d80000, 0x00007f7ba1d80000, 0x00007f7bb5870000)
 tenured generation   total 6449852K, used 6448724K [0x00007f8059b50000, 0x00007f81e35ff000, 0x00007f8b04600000)
   the space 6449852K,  99% used [0x00007f8059b50000, 0x00007f81e34e5070, 0x00007f81e34e5200, 0x00007f81e35ff000)
 Metaspace       used 24268K, capacity 24717K, committed 24832K, reserved 26624K
}
Event: 25277.336 GC heap after
{Heap after GC invocations=33712 (full 4):
 def new generation   total 2902464K, used 4619K [0x00007f7b04600000, 0x00007f7bc9360000, 0x00007f8059b50000)
  eden space 2579968K,   0% used [0x00007f7b04600000, 0x00007f7b04600000, 0x00007f7ba1d80000)
  from space 322496K,   1% used [0x00007f7ba1d80000, 0x00007f7ba2202db8, 0x00007f7bb5870000)
  to   space 322496K,   0% used [0x00007f7bb5870000, 0x00007f7bb5870000, 0x00007f7bc9360000)
 tenured generation   total 6449852K, used 6449046K [0x00007f8059b50000, 0x00007f81e35ff000, 0x00007f8b04600000)
   the space 6449852K,  99% used [0x00007f8059b50000, 0x00007f81e3535b10, 0x00007f81e3535c00, 0x00007f81e35ff000)
 Metaspace       used 24268K, capacity 24717K, committed 24832K, reserved 26624K
}
Event: 25278.964 GC heap before
{Heap before GC invocations=33712 (full 4):
 def new generation   total 2902464K, used 2584587K [0x00007f7b04600000, 0x00007f7bc9360000, 0x00007f8059b50000)
  eden space 2579968K, 100% used [0x00007f7b04600000, 0x00007f7ba1d80000, 0x00007f7ba1d80000)
  from space 322496K,   1% used [0x00007f7ba1d80000, 0x00007f7ba2202db8, 0x00007f7bb5870000)
  to   space 322496K,   0% used [0x00007f7bb5870000, 0x00007f7bb5870000, 0x00007f7bc9360000)
 tenured generation   total 6449852K, used 6449046K [0x00007f8059b50000, 0x00007f81e35ff000, 0x00007f8b04600000)
   the space 6449852K,  99% used [0x00007f8059b50000, 0x00007f81e3535b10, 0x00007f81e3535c00, 0x00007f81e35ff000)
 Metaspace       used 24268K, capacity 24717K, committed 24832K, reserved 26624K
}
Event: 25278.972 GC heap after
{Heap after GC invocations=33713 (full 4):
 def new generation   total 2902464K, used 4859K [0x00007f7b04600000, 0x00007f7bc9360000, 0x00007f8059b50000)
  eden space 2579968K,   0% used [0x00007f7b04600000, 0x00007f7b04600000, 0x00007f7ba1d80000)
  from space 322496K,   1% used [0x00007f7bb5870000, 0x00007f7bb5d2ecc8, 0x00007f7bc9360000)
  to   space 322496K,   0% used [0x00007f7ba1d80000, 0x00007f7ba1d80000, 0x00007f7bb5870000)
 tenured generation   total 6449852K, used 6449304K [0x00007f8059b50000, 0x00007f81e35ff000, 0x00007f8b04600000)
   the space 6449852K,  99% used [0x00007f8059b50000, 0x00007f81e3576390, 0x00007f81e3576400, 0x00007f81e35ff000)
 Metaspace       used 24268K, capacity 24717K, committed 24832K, reserved 26624K
}
Event: 25280.522 GC heap before
{Heap before GC invocations=33713 (full 4):
 def new generation   total 2902464K, used 2584827K [0x00007f7b04600000, 0x00007f7bc9360000, 0x00007f8059b50000)
  eden space 2579968K, 100% used [0x00007f7b04600000, 0x00007f7ba1d80000, 0x00007f7ba1d80000)
  from space 322496K,   1% used [0x00007f7bb5870000, 0x00007f7bb5d2ecc8, 0x00007f7bc9360000)
  to   space 322496K,   0% used [0x00007f7ba1d80000, 0x00007f7ba1d80000, 0x00007f7bb5870000)
 tenured generation   total 6449852K, used 6449304K [0x00007f8059b50000, 0x00007f81e35ff000, 0x00007f8b04600000)
   the space 6449852K,  99% used [0x00007f8059b50000, 0x00007f81e3576390, 0x00007f81e3576400, 0x00007f81e35ff000)
 Metaspace       used 24268K, capacity 24717K, committed 24832K, reserved 26624K
}
Event: 25280.532 GC heap after
{Heap after GC invocations=33714 (full 4):
 def new generation   total 2902464K, used 5011K [0x00007f7b04600000, 0x00007f7bc9360000, 0x00007f8059b50000)
  eden space 2579968K,   0% used [0x00007f7b04600000, 0x00007f7b04600000, 0x00007f7ba1d80000)
  from space 322496K,   1% used [0x00007f7ba1d80000, 0x00007f7ba2264f80, 0x00007f7bb5870000)
  to   space 322496K,   0% used [0x00007f7bb5870000, 0x00007f7bb5870000, 0x00007f7bc9360000)
 tenured generation   total 6449852K, used 6449627K [0x00007f8059b50000, 0x00007f81e35ff000, 0x00007f8b04600000)
   the space 6449852K,  99% used [0x00007f8059b50000, 0x00007f81e35c6e30, 0x00007f81e35c7000, 0x00007f81e35ff000)
 Metaspace       used 24268K, capacity 24717K, committed 24832K, reserved 26624K
}
Event: 25282.148 GC heap before
{Heap before GC invocations=33714 (full 4):
 def new generation   total 2902464K, used 2584979K [0x00007f7b04600000, 0x00007f7bc9360000, 0x00007f8059b50000)
  eden space 2579968K, 100% used [0x00007f7b04600000, 0x00007f7ba1d80000, 0x00007f7ba1d80000)
  from space 322496K,   1% used [0x00007f7ba1d80000, 0x00007f7ba2264f80, 0x00007f7bb5870000)
  to   space 322496K,   0% used [0x00007f7bb5870000, 0x00007f7bb5870000, 0x00007f7bc9360000)
 tenured generation   total 6449852K, used 6449627K [0x00007f8059b50000, 0x00007f81e35ff000, 0x00007f8b04600000)
   the space 6449852K,  99% used [0x00007f8059b50000, 0x00007f81e35c6e30, 0x00007f81e35c7000, 0x00007f81e35ff000)
 Metaspace       used 24268K, capacity 24717K, committed 24832K, reserved 26624K
}
Event: 25282.156 GC heap after
{Heap after GC invocations=33715 (full 4):
 def new generation   total 2902464K, used 5255K [0x00007f7b04600000, 0x00007f7bc9360000, 0x00007f8059b50000)
  eden space 2579968K,   0% used [0x00007f7b04600000, 0x00007f7b04600000, 0x00007f7ba1d80000)
  from space 322496K,   1% used [0x00007f7bb5870000, 0x00007f7bb5d91c68, 0x00007f7bc9360000)
  to   space 322496K,   0% used [0x00007f7ba1d80000, 0x00007f7ba1d80000, 0x00007f7bb5870000)
 tenured generation   total 6450044K, used 6449885K [0x00007f8059b50000, 0x00007f81e362f000, 0x00007f8b04600000)
   the space 6450044K,  99% used [0x00007f8059b50000, 0x00007f81e36076b0, 0x00007f81e3607800, 0x00007f81e362f000)
 Metaspace       used 24268K, capacity 24717K, committed 24832K, reserved 26624K
}
Event: 25282.156 GC heap before
{Heap before GC invocations=33715 (full 4):
 def new generation   total 2902464K, used 5255K [0x00007f7b04600000, 0x00007f7bc9360000, 0x00007f8059b50000)
  eden space 2579968K,   0% used [0x00007f7b04600000, 0x00007f7b04600000, 0x00007f7ba1d80000)
  from space 322496K,   1% used [0x00007f7bb5870000, 0x00007f7bb5d91c68, 0x00007f7bc9360000)
  to   space 322496K,   0% used [0x00007f7ba1d80000, 0x00007f7ba1d80000, 0x00007f7bb5870000)
 tenured generation   total 6450044K, used 6449885K [0x00007f8059b50000, 0x00007f81e362f000, 0x00007f8b04600000)
   the space 6450044K,  99% used [0x00007f8059b50000, 0x00007f81e36076b0, 0x00007f81e3607800, 0x00007f81e362f000)
 Metaspace       used 24268K, capacity 24717K, committed 24832K, reserved 26624K
}

