# JRE version: OpenJDK Runtime Environment (13.0.7+5) (build 13.0.7+5-Ubuntu-0ubuntu120.04)
# Java VM: OpenJDK 64-Bit Server VM (13.0.7+5-Ubuntu-0ubuntu120.04, mixed mode, tiered, serial gc, linux-amd64)
Heap:
 def new generation   total 11097088K, used 1232959K [0x00007fc3ac600000, 0x00007fc69cf10000, 0x00007fc901b50000)
  eden space 9864128K,  12% used [0x00007fc3ac600000, 0x00007fc3f7a0fe10, 0x00007fc6066f0000)
  from space 1232960K,   0% used [0x00007fc6066f0000, 0x00007fc6066f0000, 0x00007fc651b00000)
  to   space 1232960K,   0% used [0x00007fc651b00000, 0x00007fc651b00000, 0x00007fc69cf10000)
 tenured generation   total 28698920K, used 28698863K [0x00007fc901b50000, 0x00007fcfd959a000, 0x00007fd3ac600000)
   the space 28698920K,  99% used [0x00007fc901b50000, 0x00007fcfd958bcd0, 0x00007fcfd958be00, 0x00007fcfd959a000)
 Metaspace       used 30780K, capacity 31214K, committed 31488K, reserved 32768K
GC Heap History (20 events):
Event: 16.775 GC heap after
{Heap after GC invocations=7 (full 2):
 def new generation   total 1399488K, used 155455K [0x00007fc3ac600000, 0x00007fc40b480000, 0x00007fc901b50000)
  eden space 1244032K,   0% used [0x00007fc3ac600000, 0x00007fc3ac600000, 0x00007fc3f84e0000)
  from space 155456K,  99% used [0x00007fc3f84e0000, 0x00007fc401cafc28, 0x00007fc401cb0000)
  to   space 155456K,   0% used [0x00007fc401cb0000, 0x00007fc401cb0000, 0x00007fc40b480000)
 tenured generation   total 4185920K, used 4185900K [0x00007fc901b50000, 0x00007fca01320000, 0x00007fd3ac600000)
   the space 4185920K,  99% used [0x00007fc901b50000, 0x00007fca0131b308, 0x00007fca0131b400, 0x00007fca01320000)
 Metaspace       used 30780K, capacity 31214K, committed 31488K, reserved 32768K
}
Event: 16.775 GC heap before
{Heap before GC invocations=7 (full 2):
 def new generation   total 1399488K, used 155455K [0x00007fc3ac600000, 0x00007fc40b480000, 0x00007fc901b50000)
  eden space 1244032K,   0% used [0x00007fc3ac600000, 0x00007fc3ac600000, 0x00007fc3f84e0000)
  from space 155456K,  99% used [0x00007fc3f84e0000, 0x00007fc401cafc28, 0x00007fc401cb0000)
  to   space 155456K,   0% used [0x00007fc401cb0000, 0x00007fc401cb0000, 0x00007fc40b480000)
 tenured generation   total 4185920K, used 4185900K [0x00007fc901b50000, 0x00007fca01320000, 0x00007fd3ac600000)
   the space 4185920K,  99% used [0x00007fc901b50000, 0x00007fca0131b308, 0x00007fca0131b400, 0x00007fca01320000)
 Metaspace       used 30780K, capacity 31214K, committed 31488K, reserved 32768K
}
Event: 18.052 GC heap after
{Heap after GC invocations=7 (full 3):
 def new generation   total 3139520K, used 155436K [0x00007fc3ac600000, 0x00007fc481490000, 0x00007fc901b50000)
  eden space 2790720K,   5% used [0x00007fc3ac600000, 0x00007fc3b5dcb278, 0x00007fc456b50000)
  from space 348800K,   0% used [0x00007fc456b50000, 0x00007fc456b50000, 0x00007fc46bff0000)
  to   space 348800K,   0% used [0x00007fc46bff0000, 0x00007fc46bff0000, 0x00007fc481490000)
 tenured generation   total 6976532K, used 4185919K [0x00007fc901b50000, 0x00007fcaab855000, 0x00007fd3ac600000)
   the space 6976532K,  59% used [0x00007fc901b50000, 0x00007fca0131fcb8, 0x00007fca0131fe00, 0x00007fcaab855000)
 Metaspace       used 30780K, capacity 31214K, committed 31488K, reserved 32768K
}
Event: 18.736 GC heap before
{Heap before GC invocations=7 (full 3):
 def new generation   total 3139520K, used 2790720K [0x00007fc3ac600000, 0x00007fc481490000, 0x00007fc901b50000)
  eden space 2790720K, 100% used [0x00007fc3ac600000, 0x00007fc456b50000, 0x00007fc456b50000)
  from space 348800K,   0% used [0x00007fc456b50000, 0x00007fc456b50000, 0x00007fc46bff0000)
  to   space 348800K,   0% used [0x00007fc46bff0000, 0x00007fc46bff0000, 0x00007fc481490000)
 tenured generation   total 6976532K, used 4185919K [0x00007fc901b50000, 0x00007fcaab855000, 0x00007fd3ac600000)
   the space 6976532K,  59% used [0x00007fc901b50000, 0x00007fca0131fcb8, 0x00007fca0131fe00, 0x00007fcaab855000)
 Metaspace       used 30780K, capacity 31214K, committed 31488K, reserved 32768K
}
Event: 20.846 GC heap after
{Heap after GC invocations=8 (full 3):
 def new generation   total 3139520K, used 348799K [0x00007fc3ac600000, 0x00007fc481490000, 0x00007fc901b50000)
  eden space 2790720K,   0% used [0x00007fc3ac600000, 0x00007fc3ac600000, 0x00007fc456b50000)
  from space 348800K,  99% used [0x00007fc46bff0000, 0x00007fc48148ff20, 0x00007fc481490000)
  to   space 348800K,   0% used [0x00007fc456b50000, 0x00007fc456b50000, 0x00007fc46bff0000)
 tenured generation   total 6976532K, used 6627784K [0x00007fc901b50000, 0x00007fcaab855000, 0x00007fd3ac600000)
   the space 6976532K,  95% used [0x00007fc901b50000, 0x00007fca963c2310, 0x00007fca963c2400, 0x00007fcaab855000)
 Metaspace       used 30780K, capacity 31214K, committed 31488K, reserved 32768K
}
Event: 29.393 GC heap before
{Heap before GC invocations=8 (full 3):
 def new generation   total 3139520K, used 3139519K [0x00007fc3ac600000, 0x00007fc481490000, 0x00007fc901b50000)
  eden space 2790720K, 100% used [0x00007fc3ac600000, 0x00007fc456b50000, 0x00007fc456b50000)
  from space 348800K,  99% used [0x00007fc46bff0000, 0x00007fc48148ff20, 0x00007fc481490000)
  to   space 348800K,   0% used [0x00007fc456b50000, 0x00007fc456b50000, 0x00007fc46bff0000)
 tenured generation   total 6976532K, used 6627784K [0x00007fc901b50000, 0x00007fcaab855000, 0x00007fd3ac600000)
   the space 6976532K,  95% used [0x00007fc901b50000, 0x00007fca963c2310, 0x00007fca963c2400, 0x00007fcaab855000)
 Metaspace       used 30780K, capacity 31214K, committed 31488K, reserved 32768K
}
Event: 30.363 GC heap after
{Heap after GC invocations=9 (full 3):
 def new generation   total 3139520K, used 348799K [0x00007fc3ac600000, 0x00007fc481490000, 0x00007fc901b50000)
  eden space 2790720K,   0% used [0x00007fc3ac600000, 0x00007fc3ac600000, 0x00007fc456b50000)
  from space 348800K,  99% used [0x00007fc456b50000, 0x00007fc46bfeff48, 0x00007fc46bff0000)
  to   space 348800K,   0% used [0x00007fc46bff0000, 0x00007fc46bff0000, 0x00007fc481490000)
 tenured generation   total 7509140K, used 7508979K [0x00007fc901b50000, 0x00007fcacc075000, 0x00007fd3ac600000)
   the space 7509140K,  99% used [0x00007fc901b50000, 0x00007fcacc04cf38, 0x00007fcacc04d000, 0x00007fcacc075000)
 Metaspace       used 30780K, capacity 31214K, committed 31488K, reserved 32768K
}
Event: 30.363 GC heap before
{Heap before GC invocations=9 (full 3):
 def new generation   total 3139520K, used 348799K [0x00007fc3ac600000, 0x00007fc481490000, 0x00007fc901b50000)
  eden space 2790720K,   0% used [0x00007fc3ac600000, 0x00007fc3ac600000, 0x00007fc456b50000)
  from space 348800K,  99% used [0x00007fc456b50000, 0x00007fc46bfeff48, 0x00007fc46bff0000)
  to   space 348800K,   0% used [0x00007fc46bff0000, 0x00007fc46bff0000, 0x00007fc481490000)
 tenured generation   total 7509140K, used 7508979K [0x00007fc901b50000, 0x00007fcacc075000, 0x00007fd3ac600000)
   the space 7509140K,  99% used [0x00007fc901b50000, 0x00007fcacc04cf38, 0x00007fcacc04d000, 0x00007fcacc075000)
 Metaspace       used 30780K, capacity 31214K, committed 31488K, reserved 32768K
}
Event: 35.584 GC heap after
{Heap after GC invocations=9 (full 4):
 def new generation   total 5631936K, used 343153K [0x00007fc3ac600000, 0x00007fc52a500000, 0x00007fc901b50000)
  eden space 5006208K,   6% used [0x00007fc3ac600000, 0x00007fc3c151c5e8, 0x00007fc4ddee0000)
  from space 625728K,   0% used [0x00007fc4ddee0000, 0x00007fc4ddee0000, 0x00007fc5041f0000)
  to   space 625728K,   0% used [0x00007fc5041f0000, 0x00007fc5041f0000, 0x00007fc52a500000)
 tenured generation   total 12515236K, used 7509139K [0x00007fc901b50000, 0x00007fcbfd939000, 0x00007fd3ac600000)
   the space 12515236K,  59% used [0x00007fc901b50000, 0x00007fcacc074ee0, 0x00007fcacc075000, 0x00007fcbfd939000)
 Metaspace       used 30780K, capacity 31214K, committed 31488K, reserved 32768K
}
Event: 42.235 GC heap before
{Heap before GC invocations=9 (full 4):
 def new generation   total 5631936K, used 5006208K [0x00007fc3ac600000, 0x00007fc52a500000, 0x00007fc901b50000)
  eden space 5006208K, 100% used [0x00007fc3ac600000, 0x00007fc4ddee0000, 0x00007fc4ddee0000)
  from space 625728K,   0% used [0x00007fc4ddee0000, 0x00007fc4ddee0000, 0x00007fc5041f0000)
  to   space 625728K,   0% used [0x00007fc5041f0000, 0x00007fc5041f0000, 0x00007fc52a500000)
 tenured generation   total 12515236K, used 7509139K [0x00007fc901b50000, 0x00007fcbfd939000, 0x00007fd3ac600000)
   the space 12515236K,  59% used [0x00007fc901b50000, 0x00007fcacc074ee0, 0x00007fcacc075000, 0x00007fcbfd939000)
 Metaspace       used 30780K, capacity 31214K, committed 31488K, reserved 32768K
}
Event: 45.676 GC heap after
{Heap after GC invocations=10 (full 4):
 def new generation   total 5631936K, used 625727K [0x00007fc3ac600000, 0x00007fc52a500000, 0x00007fc901b50000)
  eden space 5006208K,   0% used [0x00007fc3ac600000, 0x00007fc3ac600000, 0x00007fc4ddee0000)
  from space 625728K,  99% used [0x00007fc5041f0000, 0x00007fc52a4ffdc0, 0x00007fc52a500000)
  to   space 625728K,   0% used [0x00007fc4ddee0000, 0x00007fc4ddee0000, 0x00007fc5041f0000)
 tenured generation   total 12515236K, used 10931861K [0x00007fc901b50000, 0x00007fcbfd939000, 0x00007fd3ac600000)
   the space 12515236K,  87% used [0x00007fc901b50000, 0x00007fcb9cef56a8, 0x00007fcb9cef5800, 0x00007fcbfd939000)
 Metaspace       used 30780K, capacity 31214K, committed 31488K, reserved 32768K
}
Event: 51.499 GC heap before
{Heap before GC invocations=10 (full 4):
 def new generation   total 5631936K, used 5631935K [0x00007fc3ac600000, 0x00007fc52a500000, 0x00007fc901b50000)
  eden space 5006208K, 100% used [0x00007fc3ac600000, 0x00007fc4ddee0000, 0x00007fc4ddee0000)
  from space 625728K,  99% used [0x00007fc5041f0000, 0x00007fc52a4ffdc0, 0x00007fc52a500000)
  to   space 625728K,   0% used [0x00007fc4ddee0000, 0x00007fc4ddee0000, 0x00007fc5041f0000)
 tenured generation   total 12515236K, used 10931861K [0x00007fc901b50000, 0x00007fcbfd939000, 0x00007fd3ac600000)
   the space 12515236K,  87% used [0x00007fc901b50000, 0x00007fcb9cef56a8, 0x00007fcb9cef5800, 0x00007fcbfd939000)
 Metaspace       used 30780K, capacity 31214K, committed 31488K, reserved 32768K
}
Event: 59.482 GC heap after
{Heap after GC invocations=11 (full 4):
 def new generation   total 5631936K, used 625727K [0x00007fc3ac600000, 0x00007fc52a500000, 0x00007fc901b50000)
  eden space 5006208K,   0% used [0x00007fc3ac600000, 0x00007fc3ac600000, 0x00007fc4ddee0000)
  from space 625728K,  99% used [0x00007fc4ddee0000, 0x00007fc5041efeb8, 0x00007fc5041f0000)
  to   space 625728K,   0% used [0x00007fc5041f0000, 0x00007fc5041f0000, 0x00007fc52a500000)
 tenured generation   total 14796004K, used 14795973K [0x00007fc901b50000, 0x00007fcc88c89000, 0x00007fd3ac600000)
   the space 14796004K,  99% used [0x00007fc901b50000, 0x00007fcc88c81650, 0x00007fcc88c81800, 0x00007fcc88c89000)
 Metaspace       used 30780K, capacity 31214K, committed 31488K, reserved 32768K
}
Event: 59.482 GC heap before
{Heap before GC invocations=11 (full 4):
 def new generation   total 5631936K, used 625727K [0x00007fc3ac600000, 0x00007fc52a500000, 0x00007fc901b50000)
  eden space 5006208K,   0% used [0x00007fc3ac600000, 0x00007fc3ac600000, 0x00007fc4ddee0000)
  from space 625728K,  99% used [0x00007fc4ddee0000, 0x00007fc5041efeb8, 0x00007fc5041f0000)
  to   space 625728K,   0% used [0x00007fc5041f0000, 0x00007fc5041f0000, 0x00007fc52a500000)
 tenured generation   total 14796004K, used 14795973K [0x00007fc901b50000, 0x00007fcc88c89000, 0x00007fd3ac600000)
   the space 14796004K,  99% used [0x00007fc901b50000, 0x00007fcc88c81650, 0x00007fcc88c81800, 0x00007fcc88c89000)
 Metaspace       used 30780K, capacity 31214K, committed 31488K, reserved 32768K
}
Event: 63.122 GC heap after
{Heap after GC invocations=11 (full 5):
 def new generation   total 11097088K, used 625697K [0x00007fc3ac600000, 0x00007fc69cf10000, 0x00007fc901b50000)
  eden space 9864128K,   6% used [0x00007fc3ac600000, 0x00007fc3d29087d8, 0x00007fc6066f0000)
  from space 1232960K,   0% used [0x00007fc6066f0000, 0x00007fc6066f0000, 0x00007fc651b00000)
  to   space 1232960K,   0% used [0x00007fc651b00000, 0x00007fc651b00000, 0x00007fc69cf10000)
 tenured generation   total 24660008K, used 14796003K [0x00007fc901b50000, 0x00007fcee2d5a000, 0x00007fd3ac600000)
   the space 24660008K,  59% used [0x00007fc901b50000, 0x00007fcc88c88d30, 0x00007fcc88c88e00, 0x00007fcee2d5a000)
 Metaspace       used 30780K, capacity 31214K, committed 31488K, reserved 32768K
}
Event: 73.706 GC heap before
{Heap before GC invocations=11 (full 5):
 def new generation   total 11097088K, used 9864128K [0x00007fc3ac600000, 0x00007fc69cf10000, 0x00007fc901b50000)
  eden space 9864128K, 100% used [0x00007fc3ac600000, 0x00007fc6066f0000, 0x00007fc6066f0000)
  from space 1232960K,   0% used [0x00007fc6066f0000, 0x00007fc6066f0000, 0x00007fc651b00000)
  to   space 1232960K,   0% used [0x00007fc651b00000, 0x00007fc651b00000, 0x00007fc69cf10000)
 tenured generation   total 24660008K, used 14796003K [0x00007fc901b50000, 0x00007fcee2d5a000, 0x00007fd3ac600000)
   the space 24660008K,  59% used [0x00007fc901b50000, 0x00007fcc88c88d30, 0x00007fcc88c88e00, 0x00007fcee2d5a000)
 Metaspace       used 30780K, capacity 31214K, committed 31488K, reserved 32768K
}
Event: 82.406 GC heap after
{Heap after GC invocations=12 (full 5):
 def new generation   total 11097088K, used 1232959K [0x00007fc3ac600000, 0x00007fc69cf10000, 0x00007fc901b50000)
  eden space 9864128K,   0% used [0x00007fc3ac600000, 0x00007fc3ac600000, 0x00007fc6066f0000)
  from space 1232960K,  99% used [0x00007fc651b00000, 0x00007fc69cf0fe10, 0x00007fc69cf10000)
  to   space 1232960K,   0% used [0x00007fc6066f0000, 0x00007fc6066f0000, 0x00007fc651b00000)
 tenured generation   total 24660008K, used 21701992K [0x00007fc901b50000, 0x00007fcee2d5a000, 0x00007fd3ac600000)
   the space 24660008K,  88% used [0x00007fc901b50000, 0x00007fce2e4aa2e8, 0x00007fce2e4aa400, 0x00007fcee2d5a000)
 Metaspace       used 30780K, capacity 31214K, committed 31488K, reserved 32768K
}
Event: 99.184 GC heap before
{Heap before GC invocations=12 (full 5):
 def new generation   total 11097088K, used 11097087K [0x00007fc3ac600000, 0x00007fc69cf10000, 0x00007fc901b50000)
  eden space 9864128K, 100% used [0x00007fc3ac600000, 0x00007fc6066f0000, 0x00007fc6066f0000)
  from space 1232960K,  99% used [0x00007fc651b00000, 0x00007fc69cf0fe10, 0x00007fc69cf10000)
  to   space 1232960K,   0% used [0x00007fc6066f0000, 0x00007fc6066f0000, 0x00007fc651b00000)
 tenured generation   total 24660008K, used 21701992K [0x00007fc901b50000, 0x00007fcee2d5a000, 0x00007fd3ac600000)
   the space 24660008K,  88% used [0x00007fc901b50000, 0x00007fce2e4aa2e8, 0x00007fce2e4aa400, 0x00007fcee2d5a000)
 Metaspace       used 30780K, capacity 31214K, committed 31488K, reserved 32768K
}
Event: 107.113 GC heap after
{Heap after GC invocations=13 (full 5):
 def new generation   total 11097088K, used 1232959K [0x00007fc3ac600000, 0x00007fc69cf10000, 0x00007fc901b50000)
  eden space 9864128K,   0% used [0x00007fc3ac600000, 0x00007fc3ac600000, 0x00007fc6066f0000)
  from space 1232960K,  99% used [0x00007fc6066f0000, 0x00007fc651affe10, 0x00007fc651b00000)
  to   space 1232960K,   0% used [0x00007fc651b00000, 0x00007fc651b00000, 0x00007fc69cf10000)
 tenured generation   total 28698920K, used 28698863K [0x00007fc901b50000, 0x00007fcfd959a000, 0x00007fd3ac600000)
   the space 28698920K,  99% used [0x00007fc901b50000, 0x00007fcfd958bcd0, 0x00007fcfd958be00, 0x00007fcfd959a000)
 Metaspace       used 30780K, capacity 31214K, committed 31488K, reserved 32768K
}
Event: 107.113 GC heap before
{Heap before GC invocations=13 (full 5):
 def new generation   total 11097088K, used 1232959K [0x00007fc3ac600000, 0x00007fc69cf10000, 0x00007fc901b50000)
  eden space 9864128K,   0% used [0x00007fc3ac600000, 0x00007fc3ac600000, 0x00007fc6066f0000)
  from space 1232960K,  99% used [0x00007fc6066f0000, 0x00007fc651affe10, 0x00007fc651b00000)
  to   space 1232960K,   0% used [0x00007fc651b00000, 0x00007fc651b00000, 0x00007fc69cf10000)
 tenured generation   total 28698920K, used 28698863K [0x00007fc901b50000, 0x00007fcfd959a000, 0x00007fd3ac600000)
   the space 28698920K,  99% used [0x00007fc901b50000, 0x00007fcfd958bcd0, 0x00007fcfd958be00, 0x00007fcfd959a000)
 Metaspace       used 30780K, capacity 31214K, committed 31488K, reserved 32768K
}

