# JRE version: OpenJDK Runtime Environment (13.0.7+5) (build 13.0.7+5-Ubuntu-0ubuntu120.04)
# Java VM: OpenJDK 64-Bit Server VM (13.0.7+5-Ubuntu-0ubuntu120.04, mixed mode, tiered, serial gc, linux-amd64)
Heap:
 def new generation   total 1049088K, used 12774K [0x00007f4510600000, 0x00007f4557850000, 0x00007f4a65b50000)
  eden space 932544K,   1% used [0x00007f4510600000, 0x00007f4511279bc0, 0x00007f45494b0000)
  from space 116544K,   0% used [0x00007f4550680000, 0x00007f4550680000, 0x00007f4557850000)
  to   space 116544K,   0% used [0x00007f45494b0000, 0x00007f45494b0000, 0x00007f4550680000)
 tenured generation   total 2331968K, used 2331967K [0x00007f4a65b50000, 0x00007f4af40a0000, 0x00007f5510600000)
   the space 2331968K,  99% used [0x00007f4a65b50000, 0x00007f4af409ffd0, 0x00007f4af40a0000, 0x00007f4af40a0000)
 Metaspace       used 24222K, capacity 24643K, committed 24832K, reserved 26624K
GC Heap History (20 events):
Event: 1227.242 GC heap after
{Heap after GC invocations=3723 (full 2):
 def new generation   total 1049088K, used 12993K [0x00007f4510600000, 0x00007f4557850000, 0x00007f4a65b50000)
  eden space 932544K,   0% used [0x00007f4510600000, 0x00007f4510600000, 0x00007f45494b0000)
  from space 116544K,  11% used [0x00007f45494b0000, 0x00007f454a1606c8, 0x00007f4550680000)
  to   space 116544K,   0% used [0x00007f4550680000, 0x00007f4550680000, 0x00007f4557850000)
 tenured generation   total 2331200K, used 2323859K [0x00007f4a65b50000, 0x00007f4af3fe0000, 0x00007f5510600000)
   the space 2331200K,  99% used [0x00007f4a65b50000, 0x00007f4af38b4c50, 0x00007f4af38b4e00, 0x00007f4af3fe0000)
 Metaspace       used 24222K, capacity 24643K, committed 24832K, reserved 26624K
}
Event: 1227.699 GC heap before
{Heap before GC invocations=3723 (full 2):
 def new generation   total 1049088K, used 945537K [0x00007f4510600000, 0x00007f4557850000, 0x00007f4a65b50000)
  eden space 932544K, 100% used [0x00007f4510600000, 0x00007f45494b0000, 0x00007f45494b0000)
  from space 116544K,  11% used [0x00007f45494b0000, 0x00007f454a1606c8, 0x00007f4550680000)
  to   space 116544K,   0% used [0x00007f4550680000, 0x00007f4550680000, 0x00007f4557850000)
 tenured generation   total 2331200K, used 2323859K [0x00007f4a65b50000, 0x00007f4af3fe0000, 0x00007f5510600000)
   the space 2331200K,  99% used [0x00007f4a65b50000, 0x00007f4af38b4c50, 0x00007f4af38b4e00, 0x00007f4af3fe0000)
 Metaspace       used 24222K, capacity 24643K, committed 24832K, reserved 26624K
}
Event: 1227.707 GC heap after
{Heap after GC invocations=3724 (full 2):
 def new generation   total 1049088K, used 13007K [0x00007f4510600000, 0x00007f4557850000, 0x00007f4a65b50000)
  eden space 932544K,   0% used [0x00007f4510600000, 0x00007f4510600000, 0x00007f45494b0000)
  from space 116544K,  11% used [0x00007f4550680000, 0x00007f4551333e20, 0x00007f4557850000)
  to   space 116544K,   0% used [0x00007f45494b0000, 0x00007f45494b0000, 0x00007f4550680000)
 tenured generation   total 2331200K, used 2324746K [0x00007f4a65b50000, 0x00007f4af3fe0000, 0x00007f5510600000)
   the space 2331200K,  99% used [0x00007f4a65b50000, 0x00007f4af3992910, 0x00007f4af3992a00, 0x00007f4af3fe0000)
 Metaspace       used 24222K, capacity 24643K, committed 24832K, reserved 26624K
}
Event: 1228.162 GC heap before
{Heap before GC invocations=3724 (full 2):
 def new generation   total 1049088K, used 945551K [0x00007f4510600000, 0x00007f4557850000, 0x00007f4a65b50000)
  eden space 932544K, 100% used [0x00007f4510600000, 0x00007f45494b0000, 0x00007f45494b0000)
  from space 116544K,  11% used [0x00007f4550680000, 0x00007f4551333e20, 0x00007f4557850000)
  to   space 116544K,   0% used [0x00007f45494b0000, 0x00007f45494b0000, 0x00007f4550680000)
 tenured generation   total 2331200K, used 2324746K [0x00007f4a65b50000, 0x00007f4af3fe0000, 0x00007f5510600000)
   the space 2331200K,  99% used [0x00007f4a65b50000, 0x00007f4af3992910, 0x00007f4af3992a00, 0x00007f4af3fe0000)
 Metaspace       used 24222K, capacity 24643K, committed 24832K, reserved 26624K
}
Event: 1228.170 GC heap after
{Heap after GC invocations=3725 (full 2):
 def new generation   total 1049088K, used 12983K [0x00007f4510600000, 0x00007f4557850000, 0x00007f4a65b50000)
  eden space 932544K,   0% used [0x00007f4510600000, 0x00007f4510600000, 0x00007f45494b0000)
  from space 116544K,  11% used [0x00007f45494b0000, 0x00007f454a15dea8, 0x00007f4550680000)
  to   space 116544K,   0% used [0x00007f4550680000, 0x00007f4550680000, 0x00007f4557850000)
 tenured generation   total 2331200K, used 2325633K [0x00007f4a65b50000, 0x00007f4af3fe0000, 0x00007f5510600000)
   the space 2331200K,  99% used [0x00007f4a65b50000, 0x00007f4af3a705d0, 0x00007f4af3a70600, 0x00007f4af3fe0000)
 Metaspace       used 24222K, capacity 24643K, committed 24832K, reserved 26624K
}
Event: 1228.627 GC heap before
{Heap before GC invocations=3725 (full 2):
 def new generation   total 1049088K, used 945527K [0x00007f4510600000, 0x00007f4557850000, 0x00007f4a65b50000)
  eden space 932544K, 100% used [0x00007f4510600000, 0x00007f45494b0000, 0x00007f45494b0000)
  from space 116544K,  11% used [0x00007f45494b0000, 0x00007f454a15dea8, 0x00007f4550680000)
  to   space 116544K,   0% used [0x00007f4550680000, 0x00007f4550680000, 0x00007f4557850000)
 tenured generation   total 2331200K, used 2325633K [0x00007f4a65b50000, 0x00007f4af3fe0000, 0x00007f5510600000)
   the space 2331200K,  99% used [0x00007f4a65b50000, 0x00007f4af3a705d0, 0x00007f4af3a70600, 0x00007f4af3fe0000)
 Metaspace       used 24222K, capacity 24643K, committed 24832K, reserved 26624K
}
Event: 1228.635 GC heap after
{Heap after GC invocations=3726 (full 2):
 def new generation   total 1049088K, used 12984K [0x00007f4510600000, 0x00007f4557850000, 0x00007f4a65b50000)
  eden space 932544K,   0% used [0x00007f4510600000, 0x00007f4510600000, 0x00007f45494b0000)
  from space 116544K,  11% used [0x00007f4550680000, 0x00007f455132e2a8, 0x00007f4557850000)
  to   space 116544K,   0% used [0x00007f45494b0000, 0x00007f45494b0000, 0x00007f4550680000)
 tenured generation   total 2331200K, used 2326520K [0x00007f4a65b50000, 0x00007f4af3fe0000, 0x00007f5510600000)
   the space 2331200K,  99% used [0x00007f4a65b50000, 0x00007f4af3b4e290, 0x00007f4af3b4e400, 0x00007f4af3fe0000)
 Metaspace       used 24222K, capacity 24643K, committed 24832K, reserved 26624K
}
Event: 1229.093 GC heap before
{Heap before GC invocations=3726 (full 2):
 def new generation   total 1049088K, used 945528K [0x00007f4510600000, 0x00007f4557850000, 0x00007f4a65b50000)
  eden space 932544K, 100% used [0x00007f4510600000, 0x00007f45494b0000, 0x00007f45494b0000)
  from space 116544K,  11% used [0x00007f4550680000, 0x00007f455132e2a8, 0x00007f4557850000)
  to   space 116544K,   0% used [0x00007f45494b0000, 0x00007f45494b0000, 0x00007f4550680000)
 tenured generation   total 2331200K, used 2326520K [0x00007f4a65b50000, 0x00007f4af3fe0000, 0x00007f5510600000)
   the space 2331200K,  99% used [0x00007f4a65b50000, 0x00007f4af3b4e290, 0x00007f4af3b4e400, 0x00007f4af3fe0000)
 Metaspace       used 24222K, capacity 24643K, committed 24832K, reserved 26624K
}
Event: 1229.100 GC heap after
{Heap after GC invocations=3727 (full 2):
 def new generation   total 1049088K, used 13035K [0x00007f4510600000, 0x00007f4557850000, 0x00007f4a65b50000)
  eden space 932544K,   0% used [0x00007f4510600000, 0x00007f4510600000, 0x00007f45494b0000)
  from space 116544K,  11% used [0x00007f45494b0000, 0x00007f454a16ae40, 0x00007f4550680000)
  to   space 116544K,   0% used [0x00007f4550680000, 0x00007f4550680000, 0x00007f4557850000)
 tenured generation   total 2331200K, used 2327355K [0x00007f4a65b50000, 0x00007f4af3fe0000, 0x00007f5510600000)
   the space 2331200K,  99% used [0x00007f4a65b50000, 0x00007f4af3c1ee90, 0x00007f4af3c1f000, 0x00007f4af3fe0000)
 Metaspace       used 24222K, capacity 24643K, committed 24832K, reserved 26624K
}
Event: 1229.553 GC heap before
{Heap before GC invocations=3727 (full 2):
 def new generation   total 1049088K, used 945579K [0x00007f4510600000, 0x00007f4557850000, 0x00007f4a65b50000)
  eden space 932544K, 100% used [0x00007f4510600000, 0x00007f45494b0000, 0x00007f45494b0000)
  from space 116544K,  11% used [0x00007f45494b0000, 0x00007f454a16ae40, 0x00007f4550680000)
  to   space 116544K,   0% used [0x00007f4550680000, 0x00007f4550680000, 0x00007f4557850000)
 tenured generation   total 2331200K, used 2327355K [0x00007f4a65b50000, 0x00007f4af3fe0000, 0x00007f5510600000)
   the space 2331200K,  99% used [0x00007f4a65b50000, 0x00007f4af3c1ee90, 0x00007f4af3c1f000, 0x00007f4af3fe0000)
 Metaspace       used 24222K, capacity 24643K, committed 24832K, reserved 26624K
}
Event: 1229.561 GC heap after
{Heap after GC invocations=3728 (full 2):
 def new generation   total 1049088K, used 13029K [0x00007f4510600000, 0x00007f4557850000, 0x00007f4a65b50000)
  eden space 932544K,   0% used [0x00007f4510600000, 0x00007f4510600000, 0x00007f45494b0000)
  from space 116544K,  11% used [0x00007f4550680000, 0x00007f45513394a0, 0x00007f4557850000)
  to   space 116544K,   0% used [0x00007f45494b0000, 0x00007f45494b0000, 0x00007f4550680000)
 tenured generation   total 2331200K, used 2328242K [0x00007f4a65b50000, 0x00007f4af3fe0000, 0x00007f5510600000)
   the space 2331200K,  99% used [0x00007f4a65b50000, 0x00007f4af3cfcb50, 0x00007f4af3cfcc00, 0x00007f4af3fe0000)
 Metaspace       used 24222K, capacity 24643K, committed 24832K, reserved 26624K
}
Event: 1230.013 GC heap before
{Heap before GC invocations=3728 (full 2):
 def new generation   total 1049088K, used 945573K [0x00007f4510600000, 0x00007f4557850000, 0x00007f4a65b50000)
  eden space 932544K, 100% used [0x00007f4510600000, 0x00007f45494b0000, 0x00007f45494b0000)
  from space 116544K,  11% used [0x00007f4550680000, 0x00007f45513394a0, 0x00007f4557850000)
  to   space 116544K,   0% used [0x00007f45494b0000, 0x00007f45494b0000, 0x00007f4550680000)
 tenured generation   total 2331200K, used 2328242K [0x00007f4a65b50000, 0x00007f4af3fe0000, 0x00007f5510600000)
   the space 2331200K,  99% used [0x00007f4a65b50000, 0x00007f4af3cfcb50, 0x00007f4af3cfcc00, 0x00007f4af3fe0000)
 Metaspace       used 24222K, capacity 24643K, committed 24832K, reserved 26624K
}
Event: 1230.021 GC heap after
{Heap after GC invocations=3729 (full 2):
 def new generation   total 1049088K, used 13024K [0x00007f4510600000, 0x00007f4557850000, 0x00007f4a65b50000)
  eden space 932544K,   0% used [0x00007f4510600000, 0x00007f4510600000, 0x00007f45494b0000)
  from space 116544K,  11% used [0x00007f45494b0000, 0x00007f454a168140, 0x00007f4550680000)
  to   space 116544K,   0% used [0x00007f4550680000, 0x00007f4550680000, 0x00007f4557850000)
 tenured generation   total 2331200K, used 2329134K [0x00007f4a65b50000, 0x00007f4af3fe0000, 0x00007f5510600000)
   the space 2331200K,  99% used [0x00007f4a65b50000, 0x00007f4af3ddb950, 0x00007f4af3ddba00, 0x00007f4af3fe0000)
 Metaspace       used 24222K, capacity 24643K, committed 24832K, reserved 26624K
}
Event: 1230.482 GC heap before
{Heap before GC invocations=3729 (full 2):
 def new generation   total 1049088K, used 945568K [0x00007f4510600000, 0x00007f4557850000, 0x00007f4a65b50000)
  eden space 932544K, 100% used [0x00007f4510600000, 0x00007f45494b0000, 0x00007f45494b0000)
  from space 116544K,  11% used [0x00007f45494b0000, 0x00007f454a168140, 0x00007f4550680000)
  to   space 116544K,   0% used [0x00007f4550680000, 0x00007f4550680000, 0x00007f4557850000)
 tenured generation   total 2331200K, used 2329134K [0x00007f4a65b50000, 0x00007f4af3fe0000, 0x00007f5510600000)
   the space 2331200K,  99% used [0x00007f4a65b50000, 0x00007f4af3ddb950, 0x00007f4af3ddba00, 0x00007f4af3fe0000)
 Metaspace       used 24222K, capacity 24643K, committed 24832K, reserved 26624K
}
Event: 1230.489 GC heap after
{Heap after GC invocations=3730 (full 2):
 def new generation   total 1049088K, used 13033K [0x00007f4510600000, 0x00007f4557850000, 0x00007f4a65b50000)
  eden space 932544K,   0% used [0x00007f4510600000, 0x00007f4510600000, 0x00007f45494b0000)
  from space 116544K,  11% used [0x00007f4550680000, 0x00007f455133a7a0, 0x00007f4557850000)
  to   space 116544K,   0% used [0x00007f45494b0000, 0x00007f45494b0000, 0x00007f4550680000)
 tenured generation   total 2331200K, used 2330021K [0x00007f4a65b50000, 0x00007f4af3fe0000, 0x00007f5510600000)
   the space 2331200K,  99% used [0x00007f4a65b50000, 0x00007f4af3eb9610, 0x00007f4af3eb9800, 0x00007f4af3fe0000)
 Metaspace       used 24222K, capacity 24643K, committed 24832K, reserved 26624K
}
Event: 1230.945 GC heap before
{Heap before GC invocations=3730 (full 2):
 def new generation   total 1049088K, used 945577K [0x00007f4510600000, 0x00007f4557850000, 0x00007f4a65b50000)
  eden space 932544K, 100% used [0x00007f4510600000, 0x00007f45494b0000, 0x00007f45494b0000)
  from space 116544K,  11% used [0x00007f4550680000, 0x00007f455133a7a0, 0x00007f4557850000)
  to   space 116544K,   0% used [0x00007f45494b0000, 0x00007f45494b0000, 0x00007f4550680000)
 tenured generation   total 2331200K, used 2330021K [0x00007f4a65b50000, 0x00007f4af3fe0000, 0x00007f5510600000)
   the space 2331200K,  99% used [0x00007f4a65b50000, 0x00007f4af3eb9610, 0x00007f4af3eb9800, 0x00007f4af3fe0000)
 Metaspace       used 24222K, capacity 24643K, committed 24832K, reserved 26624K
}
Event: 1230.955 GC heap after
{Heap after GC invocations=3731 (full 2):
 def new generation   total 1049088K, used 13015K [0x00007f4510600000, 0x00007f4557850000, 0x00007f4a65b50000)
  eden space 932544K,   0% used [0x00007f4510600000, 0x00007f4510600000, 0x00007f45494b0000)
  from space 116544K,  11% used [0x00007f45494b0000, 0x00007f454a165c08, 0x00007f4550680000)
  to   space 116544K,   0% used [0x00007f4550680000, 0x00007f4550680000, 0x00007f4557850000)
 tenured generation   total 2331200K, used 2330908K [0x00007f4a65b50000, 0x00007f4af3fe0000, 0x00007f5510600000)
   the space 2331200K,  99% used [0x00007f4a65b50000, 0x00007f4af3f972d0, 0x00007f4af3f97400, 0x00007f4af3fe0000)
 Metaspace       used 24222K, capacity 24643K, committed 24832K, reserved 26624K
}
Event: 1231.407 GC heap before
{Heap before GC invocations=3731 (full 2):
 def new generation   total 1049088K, used 945559K [0x00007f4510600000, 0x00007f4557850000, 0x00007f4a65b50000)
  eden space 932544K, 100% used [0x00007f4510600000, 0x00007f45494b0000, 0x00007f45494b0000)
  from space 116544K,  11% used [0x00007f45494b0000, 0x00007f454a165c08, 0x00007f4550680000)
  to   space 116544K,   0% used [0x00007f4550680000, 0x00007f4550680000, 0x00007f4557850000)
 tenured generation   total 2331200K, used 2330908K [0x00007f4a65b50000, 0x00007f4af3fe0000, 0x00007f5510600000)
   the space 2331200K,  99% used [0x00007f4a65b50000, 0x00007f4af3f972d0, 0x00007f4af3f97400, 0x00007f4af3fe0000)
 Metaspace       used 24222K, capacity 24643K, committed 24832K, reserved 26624K
}
Event: 1231.415 GC heap after
{Heap after GC invocations=3732 (full 2):
 def new generation   total 1049088K, used 13005K [0x00007f4510600000, 0x00007f4557850000, 0x00007f4a65b50000)
  eden space 932544K,   0% used [0x00007f4510600000, 0x00007f4510600000, 0x00007f45494b0000)
  from space 116544K,  11% used [0x00007f4550680000, 0x00007f4551333710, 0x00007f4557850000)
  to   space 116544K,   0% used [0x00007f45494b0000, 0x00007f45494b0000, 0x00007f4550680000)
 tenured generation   total 2331968K, used 2331795K [0x00007f4a65b50000, 0x00007f4af40a0000, 0x00007f5510600000)
   the space 2331968K,  99% used [0x00007f4a65b50000, 0x00007f4af4074f90, 0x00007f4af4075000, 0x00007f4af40a0000)
 Metaspace       used 24222K, capacity 24643K, committed 24832K, reserved 26624K
}
Event: 1231.415 GC heap before
{Heap before GC invocations=3732 (full 2):
 def new generation   total 1049088K, used 13005K [0x00007f4510600000, 0x00007f4557850000, 0x00007f4a65b50000)
  eden space 932544K,   0% used [0x00007f4510600000, 0x00007f4510600000, 0x00007f45494b0000)
  from space 116544K,  11% used [0x00007f4550680000, 0x00007f4551333710, 0x00007f4557850000)
  to   space 116544K,   0% used [0x00007f45494b0000, 0x00007f45494b0000, 0x00007f4550680000)
 tenured generation   total 2331968K, used 2331795K [0x00007f4a65b50000, 0x00007f4af40a0000, 0x00007f5510600000)
   the space 2331968K,  99% used [0x00007f4a65b50000, 0x00007f4af4074f90, 0x00007f4af4075000, 0x00007f4af40a0000)
 Metaspace       used 24222K, capacity 24643K, committed 24832K, reserved 26624K
}

