# JRE version: OpenJDK Runtime Environment (13.0.7+5) (build 13.0.7+5-Ubuntu-0ubuntu120.04)
# Java VM: OpenJDK 64-Bit Server VM (13.0.7+5-Ubuntu-0ubuntu120.04, mixed mode, tiered, serial gc, linux-amd64)
Heap:
 def new generation   total 797568K, used 0K [0x00007f33bc600000, 0x00007f33f2760000, 0x00007f3911b50000)
  eden space 708992K,   0% used [0x00007f33bc600000, 0x00007f33bc600000, 0x00007f33e7a60000)
  from space 88576K,   0% used [0x00007f33ed0e0000, 0x00007f33ed0e0000, 0x00007f33f2760000)
  to   space 88576K,   0% used [0x00007f33e7a60000, 0x00007f33e7a60000, 0x00007f33ed0e0000)
 tenured generation   total 10160772K, used 8923381K [0x00007f3911b50000, 0x00007f3b7ddf1000, 0x00007f43bc600000)
   the space 10160772K,  87% used [0x00007f3911b50000, 0x00007f3b3258d5d8, 0x00007f3b3258d600, 0x00007f3b7ddf1000)
 Metaspace       used 23155K, capacity 23540K, committed 23808K, reserved 24576K
GC Heap History (20 events):
Event: 6.785 GC heap after
{Heap after GC invocations=5 (full 2):
 def new generation   total 629248K, used 0K [0x00007f33bc600000, 0x00007f33e70c0000, 0x00007f3911b50000)
  eden space 559360K,   0% used [0x00007f33bc600000, 0x00007f33bc600000, 0x00007f33de840000)
  from space 69888K,   0% used [0x00007f33de840000, 0x00007f33de840248, 0x00007f33e2c80000)
  to   space 69888K,   0% used [0x00007f33e2c80000, 0x00007f33e2c80000, 0x00007f33e70c0000)
 tenured generation   total 1398144K, used 1063295K [0x00007f3911b50000, 0x00007f39670b0000, 0x00007f43bc600000)
   the space 1398144K,  76% used [0x00007f3911b50000, 0x00007f39529afc70, 0x00007f39529afe00, 0x00007f39670b0000)
 Metaspace       used 23152K, capacity 23538K, committed 23808K, reserved 24576K
}
Event: 7.329 GC heap before
{Heap before GC invocations=5 (full 2):
 def new generation   total 629248K, used 535288K [0x00007f33bc600000, 0x00007f33e70c0000, 0x00007f3911b50000)
  eden space 559360K,  95% used [0x00007f33bc600000, 0x00007f33dd0be100, 0x00007f33de840000)
  from space 69888K,   0% used [0x00007f33de840000, 0x00007f33de840248, 0x00007f33e2c80000)
  to   space 69888K,   0% used [0x00007f33e2c80000, 0x00007f33e2c80000, 0x00007f33e70c0000)
 tenured generation   total 1398144K, used 1063295K [0x00007f3911b50000, 0x00007f39670b0000, 0x00007f43bc600000)
   the space 1398144K,  76% used [0x00007f3911b50000, 0x00007f39529afc70, 0x00007f39529afe00, 0x00007f39670b0000)
 Metaspace       used 23152K, capacity 23538K, committed 23808K, reserved 24576K
}
Event: 7.644 GC heap after
{Heap after GC invocations=6 (full 2):
 def new generation   total 629248K, used 0K [0x00007f33bc600000, 0x00007f33e70c0000, 0x00007f3911b50000)
  eden space 559360K,   0% used [0x00007f33bc600000, 0x00007f33bc600000, 0x00007f33de840000)
  from space 69888K,   0% used [0x00007f33e2c80000, 0x00007f33e2c80250, 0x00007f33e70c0000)
  to   space 69888K,   0% used [0x00007f33de840000, 0x00007f33de840000, 0x00007f33e2c80000)
 tenured generation   total 1922436K, used 1587583K [0x00007f3911b50000, 0x00007f39870b1000, 0x00007f43bc600000)
   the space 1922436K,  82% used [0x00007f3911b50000, 0x00007f39729afc88, 0x00007f39729afe00, 0x00007f39870b1000)
 Metaspace       used 23152K, capacity 23538K, committed 23808K, reserved 24576K
}
Event: 7.644 GC heap before
{Heap before GC invocations=6 (full 2):
 def new generation   total 629248K, used 0K [0x00007f33bc600000, 0x00007f33e70c0000, 0x00007f3911b50000)
  eden space 559360K,   0% used [0x00007f33bc600000, 0x00007f33bc600000, 0x00007f33de840000)
  from space 69888K,   0% used [0x00007f33e2c80000, 0x00007f33e2c80250, 0x00007f33e70c0000)
  to   space 69888K,   0% used [0x00007f33de840000, 0x00007f33de840000, 0x00007f33e2c80000)
 tenured generation   total 1922436K, used 1587583K [0x00007f3911b50000, 0x00007f39870b1000, 0x00007f43bc600000)
   the space 1922436K,  82% used [0x00007f3911b50000, 0x00007f39729afc88, 0x00007f39729afe00, 0x00007f39870b1000)
 Metaspace       used 23152K, capacity 23538K, committed 23808K, reserved 24576K
}
Event: 7.947 GC heap after
{Heap after GC invocations=6 (full 3):
 def new generation   total 797568K, used 0K [0x00007f33bc600000, 0x00007f33f2760000, 0x00007f3911b50000)
  eden space 708992K,   0% used [0x00007f33bc600000, 0x00007f33bc600000, 0x00007f33e7a60000)
  from space 88576K,   0% used [0x00007f33e7a60000, 0x00007f33e7a60000, 0x00007f33ed0e0000)
  to   space 88576K,   0% used [0x00007f33ed0e0000, 0x00007f33ed0e0000, 0x00007f33f2760000)
 tenured generation   total 1772160K, used 1063295K [0x00007f3911b50000, 0x00007f397ddf0000, 0x00007f43bc600000)
   the space 1772160K,  59% used [0x00007f3911b50000, 0x00007f39529afec0, 0x00007f39529b0000, 0x00007f397ddf0000)
 Metaspace       used 23152K, capacity 23538K, committed 23808K, reserved 24576K
}
Event: 8.650 GC heap before
{Heap before GC invocations=6 (full 3):
 def new generation   total 797568K, used 538211K [0x00007f33bc600000, 0x00007f33f2760000, 0x00007f3911b50000)
  eden space 708992K,  75% used [0x00007f33bc600000, 0x00007f33dd398f78, 0x00007f33e7a60000)
  from space 88576K,   0% used [0x00007f33e7a60000, 0x00007f33e7a60000, 0x00007f33ed0e0000)
  to   space 88576K,   0% used [0x00007f33ed0e0000, 0x00007f33ed0e0000, 0x00007f33f2760000)
 tenured generation   total 1772160K, used 1063295K [0x00007f3911b50000, 0x00007f397ddf0000, 0x00007f43bc600000)
   the space 1772160K,  59% used [0x00007f3911b50000, 0x00007f39529afec0, 0x00007f39529b0000, 0x00007f397ddf0000)
 Metaspace       used 23152K, capacity 23538K, committed 23808K, reserved 24576K
}
Event: 8.894 GC heap after
{Heap after GC invocations=7 (full 3):
 def new generation   total 797568K, used 0K [0x00007f33bc600000, 0x00007f33f2760000, 0x00007f3911b50000)
  eden space 708992K,   0% used [0x00007f33bc600000, 0x00007f33bc600000, 0x00007f33e7a60000)
  from space 88576K,   0% used [0x00007f33ed0e0000, 0x00007f33ed0e02d8, 0x00007f33f2760000)
  to   space 88576K,   0% used [0x00007f33e7a60000, 0x00007f33e7a60000, 0x00007f33ed0e0000)
 tenured generation   total 1772160K, used 1587583K [0x00007f3911b50000, 0x00007f397ddf0000, 0x00007f43bc600000)
   the space 1772160K,  89% used [0x00007f3911b50000, 0x00007f39729afef0, 0x00007f39729b0000, 0x00007f397ddf0000)
 Metaspace       used 23152K, capacity 23538K, committed 23808K, reserved 24576K
}
Event: 9.459 GC heap before
{Heap before GC invocations=7 (full 3):
 def new generation   total 797568K, used 347258K [0x00007f33bc600000, 0x00007f33f2760000, 0x00007f3911b50000)
  eden space 708992K,  48% used [0x00007f33bc600000, 0x00007f33d191e910, 0x00007f33e7a60000)
  from space 88576K,   0% used [0x00007f33ed0e0000, 0x00007f33ed0e02d8, 0x00007f33f2760000)
  to   space 88576K,   0% used [0x00007f33e7a60000, 0x00007f33e7a60000, 0x00007f33ed0e0000)
 tenured generation   total 1772160K, used 1587583K [0x00007f3911b50000, 0x00007f397ddf0000, 0x00007f43bc600000)
   the space 1772160K,  89% used [0x00007f3911b50000, 0x00007f39729afef0, 0x00007f39729b0000, 0x00007f397ddf0000)
 Metaspace       used 23155K, capacity 23540K, committed 23808K, reserved 24576K
}
Event: 9.484 GC heap after
{Heap after GC invocations=8 (full 3):
 def new generation   total 797568K, used 17619K [0x00007f33bc600000, 0x00007f33f2760000, 0x00007f3911b50000)
  eden space 708992K,   0% used [0x00007f33bc600000, 0x00007f33bc600000, 0x00007f33e7a60000)
  from space 88576K,  19% used [0x00007f33e7a60000, 0x00007f33e8b94da0, 0x00007f33ed0e0000)
  to   space 88576K,   0% used [0x00007f33ed0e0000, 0x00007f33ed0e0000, 0x00007f33f2760000)
 tenured generation   total 1772160K, used 1587583K [0x00007f3911b50000, 0x00007f397ddf0000, 0x00007f43bc600000)
   the space 1772160K,  89% used [0x00007f3911b50000, 0x00007f39729afef0, 0x00007f39729b0000, 0x00007f397ddf0000)
 Metaspace       used 23155K, capacity 23540K, committed 23808K, reserved 24576K
}
Event: 9.484 GC heap before
{Heap before GC invocations=8 (full 3):
 def new generation   total 797568K, used 17619K [0x00007f33bc600000, 0x00007f33f2760000, 0x00007f3911b50000)
  eden space 708992K,   0% used [0x00007f33bc600000, 0x00007f33bc600000, 0x00007f33e7a60000)
  from space 88576K,  19% used [0x00007f33e7a60000, 0x00007f33e8b94da0, 0x00007f33ed0e0000)
  to   space 88576K,   0% used [0x00007f33ed0e0000, 0x00007f33ed0e0000, 0x00007f33f2760000)
 tenured generation   total 1772160K, used 1587583K [0x00007f3911b50000, 0x00007f397ddf0000, 0x00007f43bc600000)
   the space 1772160K,  89% used [0x00007f3911b50000, 0x00007f39729afef0, 0x00007f39729b0000, 0x00007f397ddf0000)
 Metaspace       used 23155K, capacity 23540K, committed 23808K, reserved 24576K
}
Event: 9.531 GC heap after
{Heap after GC invocations=8 (full 4):
 def new generation   total 797568K, used 0K [0x00007f33bc600000, 0x00007f33f2760000, 0x00007f3911b50000)
  eden space 708992K,   0% used [0x00007f33bc600000, 0x00007f33bc600000, 0x00007f33e7a60000)
  from space 88576K,   0% used [0x00007f33e7a60000, 0x00007f33e7a60000, 0x00007f33ed0e0000)
  to   space 88576K,   0% used [0x00007f33ed0e0000, 0x00007f33ed0e0000, 0x00007f33f2760000)
 tenured generation   total 1772160K, used 10484K [0x00007f3911b50000, 0x00007f397ddf0000, 0x00007f43bc600000)
   the space 1772160K,   0% used [0x00007f3911b50000, 0x00007f391258d098, 0x00007f391258d200, 0x00007f397ddf0000)
 Metaspace       used 23155K, capacity 23540K, committed 23808K, reserved 24576K
}
Event: 11.774 GC heap before
{Heap before GC invocations=8 (full 4):
 def new generation   total 797568K, used 538173K [0x00007f33bc600000, 0x00007f33f2760000, 0x00007f3911b50000)
  eden space 708992K,  75% used [0x00007f33bc600000, 0x00007f33dd38f448, 0x00007f33e7a60000)
  from space 88576K,   0% used [0x00007f33e7a60000, 0x00007f33e7a60000, 0x00007f33ed0e0000)
  to   space 88576K,   0% used [0x00007f33ed0e0000, 0x00007f33ed0e0000, 0x00007f33f2760000)
 tenured generation   total 1772160K, used 1059060K [0x00007f3911b50000, 0x00007f397ddf0000, 0x00007f43bc600000)
   the space 1772160K,  59% used [0x00007f3911b50000, 0x00007f395258d0b0, 0x00007f395258d200, 0x00007f397ddf0000)
 Metaspace       used 23155K, capacity 23540K, committed 23808K, reserved 24576K
}
Event: 12.045 GC heap after
{Heap after GC invocations=9 (full 4):
 def new generation   total 797568K, used 1K [0x00007f33bc600000, 0x00007f33f2760000, 0x00007f3911b50000)
  eden space 708992K,   0% used [0x00007f33bc600000, 0x00007f33bc600000, 0x00007f33e7a60000)
  from space 88576K,   0% used [0x00007f33ed0e0000, 0x00007f33ed0e07f8, 0x00007f33f2760000)
  to   space 88576K,   0% used [0x00007f33e7a60000, 0x00007f33e7a60000, 0x00007f33ed0e0000)
 tenured generation   total 1772160K, used 1583348K [0x00007f3911b50000, 0x00007f397ddf0000, 0x00007f43bc600000)
   the space 1772160K,  89% used [0x00007f3911b50000, 0x00007f397258d0c8, 0x00007f397258d200, 0x00007f397ddf0000)
 Metaspace       used 23155K, capacity 23540K, committed 23808K, reserved 24576K
}
Event: 12.524 GC heap before
{Heap before GC invocations=9 (full 4):
 def new generation   total 797568K, used 538278K [0x00007f33bc600000, 0x00007f33f2760000, 0x00007f3911b50000)
  eden space 708992K,  75% used [0x00007f33bc600000, 0x00007f33dd3a9130, 0x00007f33e7a60000)
  from space 88576K,   0% used [0x00007f33ed0e0000, 0x00007f33ed0e07f8, 0x00007f33f2760000)
  to   space 88576K,   0% used [0x00007f33e7a60000, 0x00007f33e7a60000, 0x00007f33ed0e0000)
 tenured generation   total 1772160K, used 1583348K [0x00007f3911b50000, 0x00007f397ddf0000, 0x00007f43bc600000)
   the space 1772160K,  89% used [0x00007f3911b50000, 0x00007f397258d0c8, 0x00007f397258d200, 0x00007f397ddf0000)
 Metaspace       used 23155K, capacity 23540K, committed 23808K, reserved 24576K
}
Event: 12.968 GC heap after
{Heap after GC invocations=10 (full 4):
 def new generation   total 797568K, used 2K [0x00007f33bc600000, 0x00007f33f2760000, 0x00007f3911b50000)
  eden space 708992K,   0% used [0x00007f33bc600000, 0x00007f33bc600000, 0x00007f33e7a60000)
  from space 88576K,   0% used [0x00007f33e7a60000, 0x00007f33e7a60a70, 0x00007f33ed0e0000)
  to   space 88576K,   0% used [0x00007f33ed0e0000, 0x00007f33ed0e0000, 0x00007f33f2760000)
 tenured generation   total 2296452K, used 2107636K [0x00007f3911b50000, 0x00007f399ddf1000, 0x00007f43bc600000)
   the space 2296452K,  91% used [0x00007f3911b50000, 0x00007f399258d0e0, 0x00007f399258d200, 0x00007f399ddf1000)
 Metaspace       used 23155K, capacity 23540K, committed 23808K, reserved 24576K
}
Event: 12.968 GC heap before
{Heap before GC invocations=10 (full 4):
 def new generation   total 797568K, used 2K [0x00007f33bc600000, 0x00007f33f2760000, 0x00007f3911b50000)
  eden space 708992K,   0% used [0x00007f33bc600000, 0x00007f33bc600000, 0x00007f33e7a60000)
  from space 88576K,   0% used [0x00007f33e7a60000, 0x00007f33e7a60a70, 0x00007f33ed0e0000)
  to   space 88576K,   0% used [0x00007f33ed0e0000, 0x00007f33ed0e0000, 0x00007f33f2760000)
 tenured generation   total 2296452K, used 2107636K [0x00007f3911b50000, 0x00007f399ddf1000, 0x00007f43bc600000)
   the space 2296452K,  91% used [0x00007f3911b50000, 0x00007f399258d0e0, 0x00007f399258d200, 0x00007f399ddf1000)
 Metaspace       used 23155K, capacity 23540K, committed 23808K, reserved 24576K
}
Event: 13.514 GC heap after
{Heap after GC invocations=10 (full 5):
 def new generation   total 797568K, used 0K [0x00007f33bc600000, 0x00007f33f2760000, 0x00007f3911b50000)
  eden space 708992K,   0% used [0x00007f33bc600000, 0x00007f33bc600000, 0x00007f33e7a60000)
  from space 88576K,   0% used [0x00007f33e7a60000, 0x00007f33e7a60000, 0x00007f33ed0e0000)
  to   space 88576K,   0% used [0x00007f33ed0e0000, 0x00007f33ed0e0000, 0x00007f33f2760000)
 tenured generation   total 1772160K, used 1059062K [0x00007f3911b50000, 0x00007f397ddf0000, 0x00007f43bc600000)
   the space 1772160K,  59% used [0x00007f3911b50000, 0x00007f395258db38, 0x00007f395258dc00, 0x00007f397ddf0000)
 Metaspace       used 23155K, capacity 23540K, committed 23808K, reserved 24576K
}
Event: 25.556 GC heap before
{Heap before GC invocations=10 (full 5):
 def new generation   total 797568K, used 13926K [0x00007f33bc600000, 0x00007f33f2760000, 0x00007f3911b50000)
  eden space 708992K,   1% used [0x00007f33bc600000, 0x00007f33bd3999c0, 0x00007f33e7a60000)
  from space 88576K,   0% used [0x00007f33e7a60000, 0x00007f33e7a60000, 0x00007f33ed0e0000)
  to   space 88576K,   0% used [0x00007f33ed0e0000, 0x00007f33ed0e0000, 0x00007f33f2760000)
 tenured generation   total 10160772K, used 9447670K [0x00007f3911b50000, 0x00007f3b7ddf1000, 0x00007f43bc600000)
   the space 10160772K,  92% used [0x00007f3911b50000, 0x00007f3b5258db50, 0x00007f3b5258dc00, 0x00007f3b7ddf1000)
 Metaspace       used 23155K, capacity 23540K, committed 23808K, reserved 24576K
}
Event: 25.577 GC heap after
{Heap after GC invocations=11 (full 5):
 def new generation   total 797568K, used 0K [0x00007f33bc600000, 0x00007f33f2760000, 0x00007f3911b50000)
  eden space 708992K,   0% used [0x00007f33bc600000, 0x00007f33bc600000, 0x00007f33e7a60000)
  from space 88576K,   0% used [0x00007f33ed0e0000, 0x00007f33ed0e0160, 0x00007f33f2760000)
  to   space 88576K,   0% used [0x00007f33e7a60000, 0x00007f33e7a60000, 0x00007f33ed0e0000)
 tenured generation   total 10160772K, used 9447670K [0x00007f3911b50000, 0x00007f3b7ddf1000, 0x00007f43bc600000)
   the space 10160772K,  92% used [0x00007f3911b50000, 0x00007f3b5258db50, 0x00007f3b5258dc00, 0x00007f3b7ddf1000)
 Metaspace       used 23155K, capacity 23540K, committed 23808K, reserved 24576K
}
Event: 25.577 GC heap before
{Heap before GC invocations=11 (full 5):
 def new generation   total 797568K, used 0K [0x00007f33bc600000, 0x00007f33f2760000, 0x00007f3911b50000)
  eden space 708992K,   0% used [0x00007f33bc600000, 0x00007f33bc600000, 0x00007f33e7a60000)
  from space 88576K,   0% used [0x00007f33ed0e0000, 0x00007f33ed0e0160, 0x00007f33f2760000)
  to   space 88576K,   0% used [0x00007f33e7a60000, 0x00007f33e7a60000, 0x00007f33ed0e0000)
 tenured generation   total 10160772K, used 9447670K [0x00007f3911b50000, 0x00007f3b7ddf1000, 0x00007f43bc600000)
   the space 10160772K,  92% used [0x00007f3911b50000, 0x00007f3b5258db50, 0x00007f3b5258dc00, 0x00007f3b7ddf1000)
 Metaspace       used 23155K, capacity 23540K, committed 23808K, reserved 24576K
}

