# JRE version: OpenJDK Runtime Environment (13.0.7+5) (build 13.0.7+5-Ubuntu-0ubuntu120.04)
# Java VM: OpenJDK 64-Bit Server VM (13.0.7+5-Ubuntu-0ubuntu120.04, mixed mode, tiered, serial gc, linux-amd64)
Heap:
 def new generation   total 2925376K, used 180226K [0x00007f3aec600000, 0x00007f3bb2c30000, 0x00007f4041b50000)
  eden space 2600384K,   6% used [0x00007f3aec600000, 0x00007f3af76008b0, 0x00007f3b8b170000)
  from space 324992K,   0% used [0x00007f3b9eed0000, 0x00007f3b9eed0000, 0x00007f3bb2c30000)
  to   space 324992K,   0% used [0x00007f3b8b170000, 0x00007f3b8b170000, 0x00007f3b9eed0000)
 tenured generation   total 6511928K, used 6511928K [0x00007f4041b50000, 0x00007f41cf29e000, 0x00007f4aec600000)
   the space 6511928K, 100% used [0x00007f4041b50000, 0x00007f41cf29e000, 0x00007f41cf29e000, 0x00007f41cf29e000)
 Metaspace       used 24130K, capacity 24525K, committed 24576K, reserved 24576K
GC Heap History (20 events):
Event: 1139.024 GC heap after
{Heap after GC invocations=806 (full 4):
 def new generation   total 2925376K, used 179358K [0x00007f3aec600000, 0x00007f3bb2c30000, 0x00007f4041b50000)
  eden space 2600384K,   0% used [0x00007f3aec600000, 0x00007f3aec600000, 0x00007f3b8b170000)
  from space 324992K,  55% used [0x00007f3b8b170000, 0x00007f3b96097a88, 0x00007f3b9eed0000)
  to   space 324992K,   0% used [0x00007f3b9eed0000, 0x00007f3b9eed0000, 0x00007f3bb2c30000)
 tenured generation   total 6500600K, used 6350306K [0x00007f4041b50000, 0x00007f41ce78e000, 0x00007f4aec600000)
   the space 6500600K,  97% used [0x00007f4041b50000, 0x00007f41c54c89e8, 0x00007f41c54c8a00, 0x00007f41ce78e000)
 Metaspace       used 24130K, capacity 24525K, committed 24576K, reserved 24576K
}
Event: 1141.703 GC heap before
{Heap before GC invocations=806 (full 4):
 def new generation   total 2925376K, used 2779742K [0x00007f3aec600000, 0x00007f3bb2c30000, 0x00007f4041b50000)
  eden space 2600384K, 100% used [0x00007f3aec600000, 0x00007f3b8b170000, 0x00007f3b8b170000)
  from space 324992K,  55% used [0x00007f3b8b170000, 0x00007f3b96097a88, 0x00007f3b9eed0000)
  to   space 324992K,   0% used [0x00007f3b9eed0000, 0x00007f3b9eed0000, 0x00007f3bb2c30000)
 tenured generation   total 6500600K, used 6350306K [0x00007f4041b50000, 0x00007f41ce78e000, 0x00007f4aec600000)
   the space 6500600K,  97% used [0x00007f4041b50000, 0x00007f41c54c89e8, 0x00007f41c54c8a00, 0x00007f41ce78e000)
 Metaspace       used 24130K, capacity 24525K, committed 24576K, reserved 24576K
}
Event: 1142.140 GC heap after
{Heap after GC invocations=807 (full 4):
 def new generation   total 2925376K, used 180950K [0x00007f3aec600000, 0x00007f3bb2c30000, 0x00007f4041b50000)
  eden space 2600384K,   0% used [0x00007f3aec600000, 0x00007f3aec600000, 0x00007f3b8b170000)
  from space 324992K,  55% used [0x00007f3b9eed0000, 0x00007f3ba9f85880, 0x00007f3bb2c30000)
  to   space 324992K,   0% used [0x00007f3b8b170000, 0x00007f3b8b170000, 0x00007f3b9eed0000)
 tenured generation   total 6500600K, used 6368219K [0x00007f4041b50000, 0x00007f41ce78e000, 0x00007f4aec600000)
   the space 6500600K,  97% used [0x00007f4041b50000, 0x00007f41c6646d48, 0x00007f41c6646e00, 0x00007f41ce78e000)
 Metaspace       used 24130K, capacity 24525K, committed 24576K, reserved 24576K
}
Event: 1144.815 GC heap before
{Heap before GC invocations=807 (full 4):
 def new generation   total 2925376K, used 2781334K [0x00007f3aec600000, 0x00007f3bb2c30000, 0x00007f4041b50000)
  eden space 2600384K, 100% used [0x00007f3aec600000, 0x00007f3b8b170000, 0x00007f3b8b170000)
  from space 324992K,  55% used [0x00007f3b9eed0000, 0x00007f3ba9f85880, 0x00007f3bb2c30000)
  to   space 324992K,   0% used [0x00007f3b8b170000, 0x00007f3b8b170000, 0x00007f3b9eed0000)
 tenured generation   total 6500600K, used 6368219K [0x00007f4041b50000, 0x00007f41ce78e000, 0x00007f4aec600000)
   the space 6500600K,  97% used [0x00007f4041b50000, 0x00007f41c6646d48, 0x00007f41c6646e00, 0x00007f41ce78e000)
 Metaspace       used 24130K, capacity 24525K, committed 24576K, reserved 24576K
}
Event: 1145.224 GC heap after
{Heap after GC invocations=808 (full 4):
 def new generation   total 2925376K, used 175725K [0x00007f3aec600000, 0x00007f3bb2c30000, 0x00007f4041b50000)
  eden space 2600384K,   0% used [0x00007f3aec600000, 0x00007f3aec600000, 0x00007f3b8b170000)
  from space 324992K,  54% used [0x00007f3b8b170000, 0x00007f3b95d0b498, 0x00007f3b9eed0000)
  to   space 324992K,   0% used [0x00007f3b9eed0000, 0x00007f3b9eed0000, 0x00007f3bb2c30000)
 tenured generation   total 6500600K, used 6389427K [0x00007f4041b50000, 0x00007f41ce78e000, 0x00007f4aec600000)
   the space 6500600K,  98% used [0x00007f4041b50000, 0x00007f41c7afcce8, 0x00007f41c7afce00, 0x00007f41ce78e000)
 Metaspace       used 24130K, capacity 24525K, committed 24576K, reserved 24576K
}
Event: 1147.898 GC heap before
{Heap before GC invocations=808 (full 4):
 def new generation   total 2925376K, used 2776109K [0x00007f3aec600000, 0x00007f3bb2c30000, 0x00007f4041b50000)
  eden space 2600384K, 100% used [0x00007f3aec600000, 0x00007f3b8b170000, 0x00007f3b8b170000)
  from space 324992K,  54% used [0x00007f3b8b170000, 0x00007f3b95d0b498, 0x00007f3b9eed0000)
  to   space 324992K,   0% used [0x00007f3b9eed0000, 0x00007f3b9eed0000, 0x00007f3bb2c30000)
 tenured generation   total 6500600K, used 6389427K [0x00007f4041b50000, 0x00007f41ce78e000, 0x00007f4aec600000)
   the space 6500600K,  98% used [0x00007f4041b50000, 0x00007f41c7afcce8, 0x00007f41c7afce00, 0x00007f41ce78e000)
 Metaspace       used 24130K, capacity 24525K, committed 24576K, reserved 24576K
}
Event: 1148.307 GC heap after
{Heap after GC invocations=809 (full 4):
 def new generation   total 2925376K, used 174549K [0x00007f3aec600000, 0x00007f3bb2c30000, 0x00007f4041b50000)
  eden space 2600384K,   0% used [0x00007f3aec600000, 0x00007f3aec600000, 0x00007f3b8b170000)
  from space 324992K,  53% used [0x00007f3b9eed0000, 0x00007f3ba9945468, 0x00007f3bb2c30000)
  to   space 324992K,   0% used [0x00007f3b8b170000, 0x00007f3b8b170000, 0x00007f3b9eed0000)
 tenured generation   total 6500600K, used 6407797K [0x00007f4041b50000, 0x00007f41ce78e000, 0x00007f4aec600000)
   the space 6500600K,  98% used [0x00007f4041b50000, 0x00007f41c8ced740, 0x00007f41c8ced800, 0x00007f41ce78e000)
 Metaspace       used 24130K, capacity 24525K, committed 24576K, reserved 24576K
}
Event: 1151.000 GC heap before
{Heap before GC invocations=809 (full 4):
 def new generation   total 2925376K, used 2774933K [0x00007f3aec600000, 0x00007f3bb2c30000, 0x00007f4041b50000)
  eden space 2600384K, 100% used [0x00007f3aec600000, 0x00007f3b8b170000, 0x00007f3b8b170000)
  from space 324992K,  53% used [0x00007f3b9eed0000, 0x00007f3ba9945468, 0x00007f3bb2c30000)
  to   space 324992K,   0% used [0x00007f3b8b170000, 0x00007f3b8b170000, 0x00007f3b9eed0000)
 tenured generation   total 6500600K, used 6407797K [0x00007f4041b50000, 0x00007f41ce78e000, 0x00007f4aec600000)
   the space 6500600K,  98% used [0x00007f4041b50000, 0x00007f41c8ced740, 0x00007f41c8ced800, 0x00007f41ce78e000)
 Metaspace       used 24130K, capacity 24525K, committed 24576K, reserved 24576K
}
Event: 1151.407 GC heap after
{Heap after GC invocations=810 (full 4):
 def new generation   total 2925376K, used 175238K [0x00007f3aec600000, 0x00007f3bb2c30000, 0x00007f4041b50000)
  eden space 2600384K,   0% used [0x00007f3aec600000, 0x00007f3aec600000, 0x00007f3b8b170000)
  from space 324992K,  53% used [0x00007f3b8b170000, 0x00007f3b95c91bd0, 0x00007f3b9eed0000)
  to   space 324992K,   0% used [0x00007f3b9eed0000, 0x00007f3b9eed0000, 0x00007f3bb2c30000)
 tenured generation   total 6500600K, used 6425249K [0x00007f4041b50000, 0x00007f41ce78e000, 0x00007f4aec600000)
   the space 6500600K,  98% used [0x00007f4041b50000, 0x00007f41c9df8460, 0x00007f41c9df8600, 0x00007f41ce78e000)
 Metaspace       used 24130K, capacity 24525K, committed 24576K, reserved 24576K
}
Event: 1154.058 GC heap before
{Heap before GC invocations=810 (full 4):
 def new generation   total 2925376K, used 2775622K [0x00007f3aec600000, 0x00007f3bb2c30000, 0x00007f4041b50000)
  eden space 2600384K, 100% used [0x00007f3aec600000, 0x00007f3b8b170000, 0x00007f3b8b170000)
  from space 324992K,  53% used [0x00007f3b8b170000, 0x00007f3b95c91bd0, 0x00007f3b9eed0000)
  to   space 324992K,   0% used [0x00007f3b9eed0000, 0x00007f3b9eed0000, 0x00007f3bb2c30000)
 tenured generation   total 6500600K, used 6425249K [0x00007f4041b50000, 0x00007f41ce78e000, 0x00007f4aec600000)
   the space 6500600K,  98% used [0x00007f4041b50000, 0x00007f41c9df8460, 0x00007f41c9df8600, 0x00007f41ce78e000)
 Metaspace       used 24130K, capacity 24525K, committed 24576K, reserved 24576K
}
Event: 1154.484 GC heap after
{Heap after GC invocations=811 (full 4):
 def new generation   total 2925376K, used 178800K [0x00007f3aec600000, 0x00007f3bb2c30000, 0x00007f4041b50000)
  eden space 2600384K,   0% used [0x00007f3aec600000, 0x00007f3aec600000, 0x00007f3b8b170000)
  from space 324992K,  55% used [0x00007f3b9eed0000, 0x00007f3ba9d6c260, 0x00007f3bb2c30000)
  to   space 324992K,   0% used [0x00007f3b8b170000, 0x00007f3b8b170000, 0x00007f3b9eed0000)
 tenured generation   total 6500600K, used 6442155K [0x00007f4041b50000, 0x00007f41ce78e000, 0x00007f4aec600000)
   the space 6500600K,  99% used [0x00007f4041b50000, 0x00007f41cae7aef0, 0x00007f41cae7b000, 0x00007f41ce78e000)
 Metaspace       used 24130K, capacity 24525K, committed 24576K, reserved 24576K
}
Event: 1157.133 GC heap before
{Heap before GC invocations=811 (full 4):
 def new generation   total 2925376K, used 2779184K [0x00007f3aec600000, 0x00007f3bb2c30000, 0x00007f4041b50000)
  eden space 2600384K, 100% used [0x00007f3aec600000, 0x00007f3b8b170000, 0x00007f3b8b170000)
  from space 324992K,  55% used [0x00007f3b9eed0000, 0x00007f3ba9d6c260, 0x00007f3bb2c30000)
  to   space 324992K,   0% used [0x00007f3b8b170000, 0x00007f3b8b170000, 0x00007f3b9eed0000)
 tenured generation   total 6500600K, used 6442155K [0x00007f4041b50000, 0x00007f41ce78e000, 0x00007f4aec600000)
   the space 6500600K,  99% used [0x00007f4041b50000, 0x00007f41cae7aef0, 0x00007f41cae7b000, 0x00007f41ce78e000)
 Metaspace       used 24130K, capacity 24525K, committed 24576K, reserved 24576K
}
Event: 1157.530 GC heap after
{Heap after GC invocations=812 (full 4):
 def new generation   total 2925376K, used 179120K [0x00007f3aec600000, 0x00007f3bb2c30000, 0x00007f4041b50000)
  eden space 2600384K,   0% used [0x00007f3aec600000, 0x00007f3aec600000, 0x00007f3b8b170000)
  from space 324992K,  55% used [0x00007f3b8b170000, 0x00007f3b9605c210, 0x00007f3b9eed0000)
  to   space 324992K,   0% used [0x00007f3b9eed0000, 0x00007f3b9eed0000, 0x00007f3bb2c30000)
 tenured generation   total 6500600K, used 6460159K [0x00007f4041b50000, 0x00007f41ce78e000, 0x00007f4aec600000)
   the space 6500600K,  99% used [0x00007f4041b50000, 0x00007f41cc00ff70, 0x00007f41cc010000, 0x00007f41ce78e000)
 Metaspace       used 24130K, capacity 24525K, committed 24576K, reserved 24576K
}
Event: 1160.197 GC heap before
{Heap before GC invocations=812 (full 4):
 def new generation   total 2925376K, used 2779504K [0x00007f3aec600000, 0x00007f3bb2c30000, 0x00007f4041b50000)
  eden space 2600384K, 100% used [0x00007f3aec600000, 0x00007f3b8b170000, 0x00007f3b8b170000)
  from space 324992K,  55% used [0x00007f3b8b170000, 0x00007f3b9605c210, 0x00007f3b9eed0000)
  to   space 324992K,   0% used [0x00007f3b9eed0000, 0x00007f3b9eed0000, 0x00007f3bb2c30000)
 tenured generation   total 6500600K, used 6460159K [0x00007f4041b50000, 0x00007f41ce78e000, 0x00007f4aec600000)
   the space 6500600K,  99% used [0x00007f4041b50000, 0x00007f41cc00ff70, 0x00007f41cc010000, 0x00007f41ce78e000)
 Metaspace       used 24130K, capacity 24525K, committed 24576K, reserved 24576K
}
Event: 1160.626 GC heap after
{Heap after GC invocations=813 (full 4):
 def new generation   total 2925376K, used 175715K [0x00007f3aec600000, 0x00007f3bb2c30000, 0x00007f4041b50000)
  eden space 2600384K,   0% used [0x00007f3aec600000, 0x00007f3aec600000, 0x00007f3b8b170000)
  from space 324992K,  54% used [0x00007f3b9eed0000, 0x00007f3ba9a68cc0, 0x00007f3bb2c30000)
  to   space 324992K,   0% used [0x00007f3b8b170000, 0x00007f3b8b170000, 0x00007f3b9eed0000)
 tenured generation   total 6500600K, used 6480957K [0x00007f4041b50000, 0x00007f41ce78e000, 0x00007f4aec600000)
   the space 6500600K,  99% used [0x00007f4041b50000, 0x00007f41cd45f400, 0x00007f41cd45f400, 0x00007f41ce78e000)
 Metaspace       used 24130K, capacity 24525K, committed 24576K, reserved 24576K
}
Event: 1163.419 GC heap before
{Heap before GC invocations=813 (full 4):
 def new generation   total 2925376K, used 2776099K [0x00007f3aec600000, 0x00007f3bb2c30000, 0x00007f4041b50000)
  eden space 2600384K,  99% used [0x00007f3aec600000, 0x00007f3b8b16ffe8, 0x00007f3b8b170000)
  from space 324992K,  54% used [0x00007f3b9eed0000, 0x00007f3ba9a68cc0, 0x00007f3bb2c30000)
  to   space 324992K,   0% used [0x00007f3b8b170000, 0x00007f3b8b170000, 0x00007f3b9eed0000)
 tenured generation   total 6500600K, used 6480957K [0x00007f4041b50000, 0x00007f41ce78e000, 0x00007f4aec600000)
   the space 6500600K,  99% used [0x00007f4041b50000, 0x00007f41cd45f400, 0x00007f41cd45f400, 0x00007f41ce78e000)
 Metaspace       used 24130K, capacity 24525K, committed 24576K, reserved 24576K
}
Event: 1163.820 GC heap after
{Heap after GC invocations=814 (full 4):
 def new generation   total 2925376K, used 177602K [0x00007f3aec600000, 0x00007f3bb2c30000, 0x00007f4041b50000)
  eden space 2600384K,   0% used [0x00007f3aec600000, 0x00007f3aec600000, 0x00007f3b8b170000)
  from space 324992K,  54% used [0x00007f3b8b170000, 0x00007f3b95ee09f0, 0x00007f3b9eed0000)
  to   space 324992K,   0% used [0x00007f3b9eed0000, 0x00007f3b9eed0000, 0x00007f3bb2c30000)
 tenured generation   total 6500600K, used 6496304K [0x00007f4041b50000, 0x00007f41ce78e000, 0x00007f4aec600000)
   the space 6500600K,  99% used [0x00007f4041b50000, 0x00007f41ce35c0b0, 0x00007f41ce35c200, 0x00007f41ce78e000)
 Metaspace       used 24130K, capacity 24525K, committed 24576K, reserved 24576K
}
Event: 1166.626 GC heap before
{Heap before GC invocations=814 (full 4):
 def new generation   total 2925376K, used 2777986K [0x00007f3aec600000, 0x00007f3bb2c30000, 0x00007f4041b50000)
  eden space 2600384K, 100% used [0x00007f3aec600000, 0x00007f3b8b170000, 0x00007f3b8b170000)
  from space 324992K,  54% used [0x00007f3b8b170000, 0x00007f3b95ee09f0, 0x00007f3b9eed0000)
  to   space 324992K,   0% used [0x00007f3b9eed0000, 0x00007f3b9eed0000, 0x00007f3bb2c30000)
 tenured generation   total 6500600K, used 6496304K [0x00007f4041b50000, 0x00007f41ce78e000, 0x00007f4aec600000)
   the space 6500600K,  99% used [0x00007f4041b50000, 0x00007f41ce35c0b0, 0x00007f41ce35c200, 0x00007f41ce78e000)
 Metaspace       used 24130K, capacity 24525K, committed 24576K, reserved 24576K
}
Event: 1167.035 GC heap after
{Heap after GC invocations=815 (full 4):
 def new generation   total 2925376K, used 180361K [0x00007f3aec600000, 0x00007f3bb2c30000, 0x00007f4041b50000)
  eden space 2600384K,   0% used [0x00007f3aec600000, 0x00007f3aec600000, 0x00007f3b8b170000)
  from space 324992K,  55% used [0x00007f3b9eed0000, 0x00007f3ba9ef26a8, 0x00007f3bb2c30000)
  to   space 324992K,   0% used [0x00007f3b8b170000, 0x00007f3b8b170000, 0x00007f3b9eed0000)
 tenured generation   total 6511928K, used 6511792K [0x00007f4041b50000, 0x00007f41cf29e000, 0x00007f4aec600000)
   the space 6511928K,  99% used [0x00007f4041b50000, 0x00007f41cf27c208, 0x00007f41cf27c400, 0x00007f41cf29e000)
 Metaspace       used 24130K, capacity 24525K, committed 24576K, reserved 24576K
}
Event: 1167.035 GC heap before
{Heap before GC invocations=815 (full 4):
 def new generation   total 2925376K, used 180361K [0x00007f3aec600000, 0x00007f3bb2c30000, 0x00007f4041b50000)
  eden space 2600384K,   0% used [0x00007f3aec600000, 0x00007f3aec600000, 0x00007f3b8b170000)
  from space 324992K,  55% used [0x00007f3b9eed0000, 0x00007f3ba9ef26a8, 0x00007f3bb2c30000)
  to   space 324992K,   0% used [0x00007f3b8b170000, 0x00007f3b8b170000, 0x00007f3b9eed0000)
 tenured generation   total 6511928K, used 6511792K [0x00007f4041b50000, 0x00007f41cf29e000, 0x00007f4aec600000)
   the space 6511928K,  99% used [0x00007f4041b50000, 0x00007f41cf27c208, 0x00007f41cf27c400, 0x00007f41cf29e000)
 Metaspace       used 24130K, capacity 24525K, committed 24576K, reserved 24576K
}

