# JRE version: OpenJDK Runtime Environment (13.0.7+5) (build 13.0.7+5-Ubuntu-0ubuntu120.04)
# Java VM: OpenJDK 64-Bit Server VM (13.0.7+5-Ubuntu-0ubuntu120.04, mixed mode, tiered, serial gc, linux-amd64)
Heap:
 def new generation   total 13046528K, used 857089K [0x00007f090c600000, 0x00007f0c81260000, 0x00007f0e61b50000)
  eden space 11596928K,   7% used [0x00007f090c600000, 0x00007f0940b00580, 0x00007f0bd0320000)
  from space 1449600K,   0% used [0x00007f0bd0320000, 0x00007f0bd0320000, 0x00007f0c28ac0000)
  to   space 1449600K,   0% used [0x00007f0c28ac0000, 0x00007f0c28ac0000, 0x00007f0c81260000)
 tenured generation   total 29884824K, used 29884823K [0x00007f0e61b50000, 0x00007f1581bb6000, 0x00007f190c600000)
   the space 29884824K,  99% used [0x00007f0e61b50000, 0x00007f1581bb5ff8, 0x00007f1581bb6000, 0x00007f1581bb6000)
 Metaspace       used 30509K, capacity 30912K, committed 31232K, reserved 32768K
GC Heap History (20 events):
Event: 802.148 GC heap after
{Heap after GC invocations=107 (full 13):
 def new generation   total 13046528K, used 1079877K [0x00007f090c600000, 0x00007f0c81260000, 0x00007f0e61b50000)
  eden space 11596928K,   0% used [0x00007f090c600000, 0x00007f090c600000, 0x00007f0bd0320000)
  from space 1449600K,  74% used [0x00007f0c28ac0000, 0x00007f0c6a951430, 0x00007f0c81260000)
  to   space 1449600K,   0% used [0x00007f0bd0320000, 0x00007f0bd0320000, 0x00007f0c28ac0000)
 tenured generation   total 28992216K, used 21646070K [0x00007f0e61b50000, 0x00007f154b406000, 0x00007f190c600000)
   the space 28992216K,  74% used [0x00007f0e61b50000, 0x00007f138ae0d968, 0x00007f138ae0da00, 0x00007f154b406000)
 Metaspace       used 30509K, capacity 30912K, committed 31232K, reserved 32768K
}
Event: 804.950 GC heap before
{Heap before GC invocations=107 (full 13):
 def new generation   total 13046528K, used 12676805K [0x00007f090c600000, 0x00007f0c81260000, 0x00007f0e61b50000)
  eden space 11596928K, 100% used [0x00007f090c600000, 0x00007f0bd0320000, 0x00007f0bd0320000)
  from space 1449600K,  74% used [0x00007f0c28ac0000, 0x00007f0c6a951430, 0x00007f0c81260000)
  to   space 1449600K,   0% used [0x00007f0bd0320000, 0x00007f0bd0320000, 0x00007f0c28ac0000)
 tenured generation   total 28992216K, used 21646070K [0x00007f0e61b50000, 0x00007f154b406000, 0x00007f190c600000)
   the space 28992216K,  74% used [0x00007f0e61b50000, 0x00007f138ae0d968, 0x00007f138ae0da00, 0x00007f154b406000)
 Metaspace       used 30509K, capacity 30912K, committed 31232K, reserved 32768K
}
Event: 807.295 GC heap after
{Heap after GC invocations=108 (full 13):
 def new generation   total 13046528K, used 833272K [0x00007f090c600000, 0x00007f0c81260000, 0x00007f0e61b50000)
  eden space 11596928K,   0% used [0x00007f090c600000, 0x00007f090c600000, 0x00007f0bd0320000)
  from space 1449600K,  57% used [0x00007f0bd0320000, 0x00007f0c030de0f0, 0x00007f0c28ac0000)
  to   space 1449600K,   0% used [0x00007f0c28ac0000, 0x00007f0c28ac0000, 0x00007f0c81260000)
 tenured generation   total 28992216K, used 22725946K [0x00007f0e61b50000, 0x00007f154b406000, 0x00007f190c600000)
   the space 28992216K,  78% used [0x00007f0e61b50000, 0x00007f13ccc9eab8, 0x00007f13ccc9ec00, 0x00007f154b406000)
 Metaspace       used 30509K, capacity 30912K, committed 31232K, reserved 32768K
}
Event: 810.128 GC heap before
{Heap before GC invocations=108 (full 13):
 def new generation   total 13046528K, used 12430200K [0x00007f090c600000, 0x00007f0c81260000, 0x00007f0e61b50000)
  eden space 11596928K, 100% used [0x00007f090c600000, 0x00007f0bd0320000, 0x00007f0bd0320000)
  from space 1449600K,  57% used [0x00007f0bd0320000, 0x00007f0c030de0f0, 0x00007f0c28ac0000)
  to   space 1449600K,   0% used [0x00007f0c28ac0000, 0x00007f0c28ac0000, 0x00007f0c81260000)
 tenured generation   total 28992216K, used 22725946K [0x00007f0e61b50000, 0x00007f154b406000, 0x00007f190c600000)
   the space 28992216K,  78% used [0x00007f0e61b50000, 0x00007f13ccc9eab8, 0x00007f13ccc9ec00, 0x00007f154b406000)
 Metaspace       used 30509K, capacity 30912K, committed 31232K, reserved 32768K
}
Event: 812.336 GC heap after
{Heap after GC invocations=109 (full 13):
 def new generation   total 13046528K, used 836677K [0x00007f090c600000, 0x00007f0c81260000, 0x00007f0e61b50000)
  eden space 11596928K,   0% used [0x00007f090c600000, 0x00007f090c600000, 0x00007f0bd0320000)
  from space 1449600K,  57% used [0x00007f0c28ac0000, 0x00007f0c5bbd1600, 0x00007f0c81260000)
  to   space 1449600K,   0% used [0x00007f0bd0320000, 0x00007f0bd0320000, 0x00007f0c28ac0000)
 tenured generation   total 28992216K, used 23559218K [0x00007f0e61b50000, 0x00007f154b406000, 0x00007f190c600000)
   the space 28992216K,  81% used [0x00007f0e61b50000, 0x00007f13ffa5ca58, 0x00007f13ffa5cc00, 0x00007f154b406000)
 Metaspace       used 30509K, capacity 30912K, committed 31232K, reserved 32768K
}
Event: 815.239 GC heap before
{Heap before GC invocations=109 (full 13):
 def new generation   total 13046528K, used 12433605K [0x00007f090c600000, 0x00007f0c81260000, 0x00007f0e61b50000)
  eden space 11596928K, 100% used [0x00007f090c600000, 0x00007f0bd0320000, 0x00007f0bd0320000)
  from space 1449600K,  57% used [0x00007f0c28ac0000, 0x00007f0c5bbd1600, 0x00007f0c81260000)
  to   space 1449600K,   0% used [0x00007f0bd0320000, 0x00007f0bd0320000, 0x00007f0c28ac0000)
 tenured generation   total 28992216K, used 23559218K [0x00007f0e61b50000, 0x00007f154b406000, 0x00007f190c600000)
   the space 28992216K,  81% used [0x00007f0e61b50000, 0x00007f13ffa5ca58, 0x00007f13ffa5cc00, 0x00007f154b406000)
 Metaspace       used 30509K, capacity 30912K, committed 31232K, reserved 32768K
}
Event: 817.404 GC heap after
{Heap after GC invocations=110 (full 13):
 def new generation   total 13046528K, used 838923K [0x00007f090c600000, 0x00007f0c81260000, 0x00007f0e61b50000)
  eden space 11596928K,   0% used [0x00007f090c600000, 0x00007f090c600000, 0x00007f0bd0320000)
  from space 1449600K,  57% used [0x00007f0bd0320000, 0x00007f0c03662ce0, 0x00007f0c28ac0000)
  to   space 1449600K,   0% used [0x00007f0c28ac0000, 0x00007f0c28ac0000, 0x00007f0c81260000)
 tenured generation   total 28992216K, used 24395895K [0x00007f0e61b50000, 0x00007f154b406000, 0x00007f190c600000)
   the space 28992216K,  84% used [0x00007f0e61b50000, 0x00007f1432b6dc78, 0x00007f1432b6de00, 0x00007f154b406000)
 Metaspace       used 30509K, capacity 30912K, committed 31232K, reserved 32768K
}
Event: 820.278 GC heap before
{Heap before GC invocations=110 (full 13):
 def new generation   total 13046528K, used 12435851K [0x00007f090c600000, 0x00007f0c81260000, 0x00007f0e61b50000)
  eden space 11596928K, 100% used [0x00007f090c600000, 0x00007f0bd0320000, 0x00007f0bd0320000)
  from space 1449600K,  57% used [0x00007f0bd0320000, 0x00007f0c03662ce0, 0x00007f0c28ac0000)
  to   space 1449600K,   0% used [0x00007f0c28ac0000, 0x00007f0c28ac0000, 0x00007f0c81260000)
 tenured generation   total 28992216K, used 24395895K [0x00007f0e61b50000, 0x00007f154b406000, 0x00007f190c600000)
   the space 28992216K,  84% used [0x00007f0e61b50000, 0x00007f1432b6dc78, 0x00007f1432b6de00, 0x00007f154b406000)
 Metaspace       used 30509K, capacity 30912K, committed 31232K, reserved 32768K
}
Event: 822.576 GC heap after
{Heap after GC invocations=111 (full 13):
 def new generation   total 13046528K, used 897069K [0x00007f090c600000, 0x00007f0c81260000, 0x00007f0e61b50000)
  eden space 11596928K,   0% used [0x00007f090c600000, 0x00007f090c600000, 0x00007f0bd0320000)
  from space 1449600K,  61% used [0x00007f0c28ac0000, 0x00007f0c5f6cb510, 0x00007f0c81260000)
  to   space 1449600K,   0% used [0x00007f0bd0320000, 0x00007f0bd0320000, 0x00007f0c28ac0000)
 tenured generation   total 28992216K, used 25234817K [0x00007f0e61b50000, 0x00007f154b406000, 0x00007f190c600000)
   the space 28992216K,  87% used [0x00007f0e61b50000, 0x00007f1465eb05e8, 0x00007f1465eb0600, 0x00007f154b406000)
 Metaspace       used 30509K, capacity 30912K, committed 31232K, reserved 32768K
}
Event: 825.612 GC heap before
{Heap before GC invocations=111 (full 13):
 def new generation   total 13046528K, used 12493997K [0x00007f090c600000, 0x00007f0c81260000, 0x00007f0e61b50000)
  eden space 11596928K, 100% used [0x00007f090c600000, 0x00007f0bd0320000, 0x00007f0bd0320000)
  from space 1449600K,  61% used [0x00007f0c28ac0000, 0x00007f0c5f6cb510, 0x00007f0c81260000)
  to   space 1449600K,   0% used [0x00007f0bd0320000, 0x00007f0bd0320000, 0x00007f0c28ac0000)
 tenured generation   total 28992216K, used 25234817K [0x00007f0e61b50000, 0x00007f154b406000, 0x00007f190c600000)
   the space 28992216K,  87% used [0x00007f0e61b50000, 0x00007f1465eb05e8, 0x00007f1465eb0600, 0x00007f154b406000)
 Metaspace       used 30509K, capacity 30912K, committed 31232K, reserved 32768K
}
Event: 828.016 GC heap after
{Heap after GC invocations=112 (full 13):
 def new generation   total 13046528K, used 980577K [0x00007f090c600000, 0x00007f0c81260000, 0x00007f0e61b50000)
  eden space 11596928K,   0% used [0x00007f090c600000, 0x00007f090c600000, 0x00007f0bd0320000)
  from space 1449600K,  67% used [0x00007f0bd0320000, 0x00007f0c0c0b85d0, 0x00007f0c28ac0000)
  to   space 1449600K,   0% used [0x00007f0c28ac0000, 0x00007f0c28ac0000, 0x00007f0c81260000)
 tenured generation   total 28992216K, used 26131885K [0x00007f0e61b50000, 0x00007f154b406000, 0x00007f190c600000)
   the space 28992216K,  90% used [0x00007f0e61b50000, 0x00007f149cabb728, 0x00007f149cabb800, 0x00007f154b406000)
 Metaspace       used 30509K, capacity 30912K, committed 31232K, reserved 32768K
}
Event: 831.078 GC heap before
{Heap before GC invocations=112 (full 13):
 def new generation   total 13046528K, used 12577505K [0x00007f090c600000, 0x00007f0c81260000, 0x00007f0e61b50000)
  eden space 11596928K, 100% used [0x00007f090c600000, 0x00007f0bd0320000, 0x00007f0bd0320000)
  from space 1449600K,  67% used [0x00007f0bd0320000, 0x00007f0c0c0b85d0, 0x00007f0c28ac0000)
  to   space 1449600K,   0% used [0x00007f0c28ac0000, 0x00007f0c28ac0000, 0x00007f0c81260000)
 tenured generation   total 28992216K, used 26131885K [0x00007f0e61b50000, 0x00007f154b406000, 0x00007f190c600000)
   the space 28992216K,  90% used [0x00007f0e61b50000, 0x00007f149cabb728, 0x00007f149cabb800, 0x00007f154b406000)
 Metaspace       used 30509K, capacity 30912K, committed 31232K, reserved 32768K
}
Event: 833.353 GC heap after
{Heap after GC invocations=113 (full 13):
 def new generation   total 13046528K, used 829227K [0x00007f090c600000, 0x00007f0c81260000, 0x00007f0e61b50000)
  eden space 11596928K,   0% used [0x00007f090c600000, 0x00007f090c600000, 0x00007f0bd0320000)
  from space 1449600K,  57% used [0x00007f0c28ac0000, 0x00007f0c5b48ae80, 0x00007f0c81260000)
  to   space 1449600K,   0% used [0x00007f0bd0320000, 0x00007f0bd0320000, 0x00007f0c28ac0000)
 tenured generation   total 28992216K, used 27112462K [0x00007f0e61b50000, 0x00007f154b406000, 0x00007f190c600000)
   the space 28992216K,  93% used [0x00007f0e61b50000, 0x00007f14d8853bd8, 0x00007f14d8853c00, 0x00007f154b406000)
 Metaspace       used 30509K, capacity 30912K, committed 31232K, reserved 32768K
}
Event: 836.376 GC heap before
{Heap before GC invocations=113 (full 13):
 def new generation   total 13046528K, used 12426155K [0x00007f090c600000, 0x00007f0c81260000, 0x00007f0e61b50000)
  eden space 11596928K, 100% used [0x00007f090c600000, 0x00007f0bd0320000, 0x00007f0bd0320000)
  from space 1449600K,  57% used [0x00007f0c28ac0000, 0x00007f0c5b48ae80, 0x00007f0c81260000)
  to   space 1449600K,   0% used [0x00007f0bd0320000, 0x00007f0bd0320000, 0x00007f0c28ac0000)
 tenured generation   total 28992216K, used 27112462K [0x00007f0e61b50000, 0x00007f154b406000, 0x00007f190c600000)
   the space 28992216K,  93% used [0x00007f0e61b50000, 0x00007f14d8853bd8, 0x00007f14d8853c00, 0x00007f154b406000)
 Metaspace       used 30509K, capacity 30912K, committed 31232K, reserved 32768K
}
Event: 838.778 GC heap after
{Heap after GC invocations=114 (full 13):
 def new generation   total 13046528K, used 952394K [0x00007f090c600000, 0x00007f0c81260000, 0x00007f0e61b50000)
  eden space 11596928K,   0% used [0x00007f090c600000, 0x00007f090c600000, 0x00007f0bd0320000)
  from space 1449600K,  65% used [0x00007f0bd0320000, 0x00007f0c0a532b40, 0x00007f0c28ac0000)
  to   space 1449600K,   0% used [0x00007f0c28ac0000, 0x00007f0c28ac0000, 0x00007f0c81260000)
 tenured generation   total 28992216K, used 27941690K [0x00007f0e61b50000, 0x00007f154b406000, 0x00007f190c600000)
   the space 28992216K,  96% used [0x00007f0e61b50000, 0x00007f150b21e898, 0x00007f150b21ea00, 0x00007f154b406000)
 Metaspace       used 30509K, capacity 30912K, committed 31232K, reserved 32768K
}
Event: 841.824 GC heap before
{Heap before GC invocations=114 (full 13):
 def new generation   total 13046528K, used 12549322K [0x00007f090c600000, 0x00007f0c81260000, 0x00007f0e61b50000)
  eden space 11596928K, 100% used [0x00007f090c600000, 0x00007f0bd0320000, 0x00007f0bd0320000)
  from space 1449600K,  65% used [0x00007f0bd0320000, 0x00007f0c0a532b40, 0x00007f0c28ac0000)
  to   space 1449600K,   0% used [0x00007f0c28ac0000, 0x00007f0c28ac0000, 0x00007f0c81260000)
 tenured generation   total 28992216K, used 27941690K [0x00007f0e61b50000, 0x00007f154b406000, 0x00007f190c600000)
   the space 28992216K,  96% used [0x00007f0e61b50000, 0x00007f150b21e898, 0x00007f150b21ea00, 0x00007f154b406000)
 Metaspace       used 30509K, capacity 30912K, committed 31232K, reserved 32768K
}
Event: 844.370 GC heap after
{Heap after GC invocations=115 (full 13):
 def new generation   total 13046528K, used 990587K [0x00007f090c600000, 0x00007f0c81260000, 0x00007f0e61b50000)
  eden space 11596928K,   0% used [0x00007f090c600000, 0x00007f090c600000, 0x00007f0bd0320000)
  from space 1449600K,  68% used [0x00007f0c28ac0000, 0x00007f0c6521ee40, 0x00007f0c81260000)
  to   space 1449600K,   0% used [0x00007f0bd0320000, 0x00007f0bd0320000, 0x00007f0c28ac0000)
 tenured generation   total 28992216K, used 28894084K [0x00007f0e61b50000, 0x00007f154b406000, 0x00007f190c600000)
   the space 28992216K,  99% used [0x00007f0e61b50000, 0x00007f1545431118, 0x00007f1545431200, 0x00007f154b406000)
 Metaspace       used 30509K, capacity 30912K, committed 31232K, reserved 32768K
}
Event: 847.429 GC heap before
{Heap before GC invocations=115 (full 13):
 def new generation   total 13046528K, used 12587515K [0x00007f090c600000, 0x00007f0c81260000, 0x00007f0e61b50000)
  eden space 11596928K, 100% used [0x00007f090c600000, 0x00007f0bd0320000, 0x00007f0bd0320000)
  from space 1449600K,  68% used [0x00007f0c28ac0000, 0x00007f0c6521ee40, 0x00007f0c81260000)
  to   space 1449600K,   0% used [0x00007f0bd0320000, 0x00007f0bd0320000, 0x00007f0c28ac0000)
 tenured generation   total 28992216K, used 28894084K [0x00007f0e61b50000, 0x00007f154b406000, 0x00007f190c600000)
   the space 28992216K,  99% used [0x00007f0e61b50000, 0x00007f1545431118, 0x00007f1545431200, 0x00007f154b406000)
 Metaspace       used 30509K, capacity 30912K, committed 31232K, reserved 32768K
}
Event: 849.874 GC heap after
{Heap after GC invocations=116 (full 13):
 def new generation   total 13046528K, used 931667K [0x00007f090c600000, 0x00007f0c81260000, 0x00007f0e61b50000)
  eden space 11596928K,   0% used [0x00007f090c600000, 0x00007f090c600000, 0x00007f0bd0320000)
  from space 1449600K,  64% used [0x00007f0bd0320000, 0x00007f0c090f4ff0, 0x00007f0c28ac0000)
  to   space 1449600K,   0% used [0x00007f0c28ac0000, 0x00007f0c28ac0000, 0x00007f0c81260000)
 tenured generation   total 29884824K, used 29884671K [0x00007f0e61b50000, 0x00007f1581bb6000, 0x00007f190c600000)
   the space 29884824K,  99% used [0x00007f0e61b50000, 0x00007f1581b8fc08, 0x00007f1581b8fe00, 0x00007f1581bb6000)
 Metaspace       used 30509K, capacity 30912K, committed 31232K, reserved 32768K
}
Event: 849.874 GC heap before
{Heap before GC invocations=116 (full 13):
 def new generation   total 13046528K, used 931667K [0x00007f090c600000, 0x00007f0c81260000, 0x00007f0e61b50000)
  eden space 11596928K,   0% used [0x00007f090c600000, 0x00007f090c600000, 0x00007f0bd0320000)
  from space 1449600K,  64% used [0x00007f0bd0320000, 0x00007f0c090f4ff0, 0x00007f0c28ac0000)
  to   space 1449600K,   0% used [0x00007f0c28ac0000, 0x00007f0c28ac0000, 0x00007f0c81260000)
 tenured generation   total 29884824K, used 29884671K [0x00007f0e61b50000, 0x00007f1581bb6000, 0x00007f190c600000)
   the space 29884824K,  99% used [0x00007f0e61b50000, 0x00007f1581b8fc08, 0x00007f1581b8fe00, 0x00007f1581bb6000)
 Metaspace       used 30509K, capacity 30912K, committed 31232K, reserved 32768K
}

