# JRE version: OpenJDK Runtime Environment (13.0.7+5) (build 13.0.7+5-Ubuntu-0ubuntu120.04)
# Java VM: OpenJDK 64-Bit Server VM (13.0.7+5-Ubuntu-0ubuntu120.04, mixed mode, tiered, serial gc, linux-amd64)
Heap:
 def new generation   total 1048832K, used 940K [0x00007fa86c600000, 0x00007fa8b3800000, 0x00007fadc1b50000)
  eden space 932352K,   0% used [0x00007fa86c600000, 0x00007fa86c6eb2b0, 0x00007fa8a5480000)
  from space 116480K,   0% used [0x00007fa8ac640000, 0x00007fa8ac640000, 0x00007fa8b3800000)
  to   space 116480K,   0% used [0x00007fa8a5480000, 0x00007fa8a5480000, 0x00007fa8ac640000)
 tenured generation   total 2330752K, used 2330751K [0x00007fadc1b50000, 0x00007fae4ff70000, 0x00007fb86c600000)
   the space 2330752K,  99% used [0x00007fadc1b50000, 0x00007fae4ff6fff0, 0x00007fae4ff70000, 0x00007fae4ff70000)
 Metaspace       used 24209K, capacity 24644K, committed 24832K, reserved 26624K
GC Heap History (20 events):
Event: 29988.339 GC heap after
{Heap after GC invocations=46313 (full 2):
 def new generation   total 1048832K, used 1167K [0x00007fa86c600000, 0x00007fa8b3800000, 0x00007fadc1b50000)
  eden space 932352K,   0% used [0x00007fa86c600000, 0x00007fa86c600000, 0x00007fa8a5480000)
  from space 116480K,   1% used [0x00007fa8a5480000, 0x00007fa8a55a3c78, 0x00007fa8ac640000)
  to   space 116480K,   0% used [0x00007fa8ac640000, 0x00007fa8ac640000, 0x00007fa8b3800000)
 tenured generation   total 2330560K, used 2329903K [0x00007fadc1b50000, 0x00007fae4ff40000, 0x00007fb86c600000)
   the space 2330560K,  99% used [0x00007fadc1b50000, 0x00007fae4fe9bf68, 0x00007fae4fe9c000, 0x00007fae4ff40000)
 Metaspace       used 24209K, capacity 24644K, committed 24832K, reserved 26624K
}
Event: 29989.221 GC heap before
{Heap before GC invocations=46313 (full 2):
 def new generation   total 1048832K, used 933519K [0x00007fa86c600000, 0x00007fa8b3800000, 0x00007fadc1b50000)
  eden space 932352K, 100% used [0x00007fa86c600000, 0x00007fa8a5480000, 0x00007fa8a5480000)
  from space 116480K,   1% used [0x00007fa8a5480000, 0x00007fa8a55a3c78, 0x00007fa8ac640000)
  to   space 116480K,   0% used [0x00007fa8ac640000, 0x00007fa8ac640000, 0x00007fa8b3800000)
 tenured generation   total 2330560K, used 2329903K [0x00007fadc1b50000, 0x00007fae4ff40000, 0x00007fb86c600000)
   the space 2330560K,  99% used [0x00007fadc1b50000, 0x00007fae4fe9bf68, 0x00007fae4fe9c000, 0x00007fae4ff40000)
 Metaspace       used 24209K, capacity 24644K, committed 24832K, reserved 26624K
}
Event: 29989.229 GC heap after
{Heap after GC invocations=46314 (full 2):
 def new generation   total 1048832K, used 1165K [0x00007fa86c600000, 0x00007fa8b3800000, 0x00007fadc1b50000)
  eden space 932352K,   0% used [0x00007fa86c600000, 0x00007fa86c600000, 0x00007fa8a5480000)
  from space 116480K,   1% used [0x00007fa8ac640000, 0x00007fa8ac7635b0, 0x00007fa8b3800000)
  to   space 116480K,   0% used [0x00007fa8a5480000, 0x00007fa8a5480000, 0x00007fa8ac640000)
 tenured generation   total 2330560K, used 2329977K [0x00007fadc1b50000, 0x00007fae4ff40000, 0x00007fb86c600000)
   the space 2330560K,  99% used [0x00007fadc1b50000, 0x00007fae4feae730, 0x00007fae4feae800, 0x00007fae4ff40000)
 Metaspace       used 24209K, capacity 24644K, committed 24832K, reserved 26624K
}
Event: 29990.149 GC heap before
{Heap before GC invocations=46314 (full 2):
 def new generation   total 1048832K, used 933517K [0x00007fa86c600000, 0x00007fa8b3800000, 0x00007fadc1b50000)
  eden space 932352K, 100% used [0x00007fa86c600000, 0x00007fa8a5480000, 0x00007fa8a5480000)
  from space 116480K,   1% used [0x00007fa8ac640000, 0x00007fa8ac7635b0, 0x00007fa8b3800000)
  to   space 116480K,   0% used [0x00007fa8a5480000, 0x00007fa8a5480000, 0x00007fa8ac640000)
 tenured generation   total 2330560K, used 2329977K [0x00007fadc1b50000, 0x00007fae4ff40000, 0x00007fb86c600000)
   the space 2330560K,  99% used [0x00007fadc1b50000, 0x00007fae4feae730, 0x00007fae4feae800, 0x00007fae4ff40000)
 Metaspace       used 24209K, capacity 24644K, committed 24832K, reserved 26624K
}
Event: 29990.154 GC heap after
{Heap after GC invocations=46315 (full 2):
 def new generation   total 1048832K, used 1086K [0x00007fa86c600000, 0x00007fa8b3800000, 0x00007fadc1b50000)
  eden space 932352K,   0% used [0x00007fa86c600000, 0x00007fa86c600000, 0x00007fa8a5480000)
  from space 116480K,   0% used [0x00007fa8a5480000, 0x00007fa8a558f980, 0x00007fa8ac640000)
  to   space 116480K,   0% used [0x00007fa8ac640000, 0x00007fa8ac640000, 0x00007fa8b3800000)
 tenured generation   total 2330560K, used 2330111K [0x00007fadc1b50000, 0x00007fae4ff40000, 0x00007fb86c600000)
   the space 2330560K,  99% used [0x00007fadc1b50000, 0x00007fae4fecfca0, 0x00007fae4fecfe00, 0x00007fae4ff40000)
 Metaspace       used 24209K, capacity 24644K, committed 24832K, reserved 26624K
}
Event: 29991.057 GC heap before
{Heap before GC invocations=46315 (full 2):
 def new generation   total 1048832K, used 933438K [0x00007fa86c600000, 0x00007fa8b3800000, 0x00007fadc1b50000)
  eden space 932352K, 100% used [0x00007fa86c600000, 0x00007fa8a5480000, 0x00007fa8a5480000)
  from space 116480K,   0% used [0x00007fa8a5480000, 0x00007fa8a558f980, 0x00007fa8ac640000)
  to   space 116480K,   0% used [0x00007fa8ac640000, 0x00007fa8ac640000, 0x00007fa8b3800000)
 tenured generation   total 2330560K, used 2330111K [0x00007fadc1b50000, 0x00007fae4ff40000, 0x00007fb86c600000)
   the space 2330560K,  99% used [0x00007fadc1b50000, 0x00007fae4fecfca0, 0x00007fae4fecfe00, 0x00007fae4ff40000)
 Metaspace       used 24209K, capacity 24644K, committed 24832K, reserved 26624K
}
Event: 29991.063 GC heap after
{Heap after GC invocations=46316 (full 2):
 def new generation   total 1048832K, used 1071K [0x00007fa86c600000, 0x00007fa8b3800000, 0x00007fadc1b50000)
  eden space 932352K,   0% used [0x00007fa86c600000, 0x00007fa86c600000, 0x00007fa8a5480000)
  from space 116480K,   0% used [0x00007fa8ac640000, 0x00007fa8ac74bf18, 0x00007fa8b3800000)
  to   space 116480K,   0% used [0x00007fa8a5480000, 0x00007fa8a5480000, 0x00007fa8ac640000)
 tenured generation   total 2330560K, used 2330187K [0x00007fadc1b50000, 0x00007fae4ff40000, 0x00007fb86c600000)
   the space 2330560K,  99% used [0x00007fadc1b50000, 0x00007fae4fee2ed0, 0x00007fae4fee3000, 0x00007fae4ff40000)
 Metaspace       used 24209K, capacity 24644K, committed 24832K, reserved 26624K
}
Event: 29991.954 GC heap before
{Heap before GC invocations=46316 (full 2):
 def new generation   total 1048832K, used 933423K [0x00007fa86c600000, 0x00007fa8b3800000, 0x00007fadc1b50000)
  eden space 932352K, 100% used [0x00007fa86c600000, 0x00007fa8a5480000, 0x00007fa8a5480000)
  from space 116480K,   0% used [0x00007fa8ac640000, 0x00007fa8ac74bf18, 0x00007fa8b3800000)
  to   space 116480K,   0% used [0x00007fa8a5480000, 0x00007fa8a5480000, 0x00007fa8ac640000)
 tenured generation   total 2330560K, used 2330187K [0x00007fadc1b50000, 0x00007fae4ff40000, 0x00007fb86c600000)
   the space 2330560K,  99% used [0x00007fadc1b50000, 0x00007fae4fee2ed0, 0x00007fae4fee3000, 0x00007fae4ff40000)
 Metaspace       used 24209K, capacity 24644K, committed 24832K, reserved 26624K
}
Event: 29991.961 GC heap after
{Heap after GC invocations=46317 (full 2):
 def new generation   total 1048832K, used 1077K [0x00007fa86c600000, 0x00007fa8b3800000, 0x00007fadc1b50000)
  eden space 932352K,   0% used [0x00007fa86c600000, 0x00007fa86c600000, 0x00007fa8a5480000)
  from space 116480K,   0% used [0x00007fa8a5480000, 0x00007fa8a558d658, 0x00007fa8ac640000)
  to   space 116480K,   0% used [0x00007fa8ac640000, 0x00007fa8ac640000, 0x00007fa8b3800000)
 tenured generation   total 2330560K, used 2330261K [0x00007fadc1b50000, 0x00007fae4ff40000, 0x00007fb86c600000)
   the space 2330560K,  99% used [0x00007fadc1b50000, 0x00007fae4fef5698, 0x00007fae4fef5800, 0x00007fae4ff40000)
 Metaspace       used 24209K, capacity 24644K, committed 24832K, reserved 26624K
}
Event: 29992.878 GC heap before
{Heap before GC invocations=46317 (full 2):
 def new generation   total 1048832K, used 933429K [0x00007fa86c600000, 0x00007fa8b3800000, 0x00007fadc1b50000)
  eden space 932352K, 100% used [0x00007fa86c600000, 0x00007fa8a5480000, 0x00007fa8a5480000)
  from space 116480K,   0% used [0x00007fa8a5480000, 0x00007fa8a558d658, 0x00007fa8ac640000)
  to   space 116480K,   0% used [0x00007fa8ac640000, 0x00007fa8ac640000, 0x00007fa8b3800000)
 tenured generation   total 2330560K, used 2330261K [0x00007fadc1b50000, 0x00007fae4ff40000, 0x00007fb86c600000)
   the space 2330560K,  99% used [0x00007fadc1b50000, 0x00007fae4fef5698, 0x00007fae4fef5800, 0x00007fae4ff40000)
 Metaspace       used 24209K, capacity 24644K, committed 24832K, reserved 26624K
}
Event: 29992.885 GC heap after
{Heap after GC invocations=46318 (full 2):
 def new generation   total 1048832K, used 1077K [0x00007fa86c600000, 0x00007fa8b3800000, 0x00007fadc1b50000)
  eden space 932352K,   0% used [0x00007fa86c600000, 0x00007fa86c600000, 0x00007fa8a5480000)
  from space 116480K,   0% used [0x00007fa8ac640000, 0x00007fa8ac74d530, 0x00007fa8b3800000)
  to   space 116480K,   0% used [0x00007fa8a5480000, 0x00007fa8a5480000, 0x00007fa8ac640000)
 tenured generation   total 2330560K, used 2330335K [0x00007fadc1b50000, 0x00007fae4ff40000, 0x00007fb86c600000)
   the space 2330560K,  99% used [0x00007fadc1b50000, 0x00007fae4ff07e60, 0x00007fae4ff08000, 0x00007fae4ff40000)
 Metaspace       used 24209K, capacity 24644K, committed 24832K, reserved 26624K
}
Event: 29993.762 GC heap before
{Heap before GC invocations=46318 (full 2):
 def new generation   total 1048832K, used 933429K [0x00007fa86c600000, 0x00007fa8b3800000, 0x00007fadc1b50000)
  eden space 932352K, 100% used [0x00007fa86c600000, 0x00007fa8a5480000, 0x00007fa8a5480000)
  from space 116480K,   0% used [0x00007fa8ac640000, 0x00007fa8ac74d530, 0x00007fa8b3800000)
  to   space 116480K,   0% used [0x00007fa8a5480000, 0x00007fa8a5480000, 0x00007fa8ac640000)
 tenured generation   total 2330560K, used 2330335K [0x00007fadc1b50000, 0x00007fae4ff40000, 0x00007fb86c600000)
   the space 2330560K,  99% used [0x00007fadc1b50000, 0x00007fae4ff07e60, 0x00007fae4ff08000, 0x00007fae4ff40000)
 Metaspace       used 24209K, capacity 24644K, committed 24832K, reserved 26624K
}
Event: 29993.769 GC heap after
{Heap after GC invocations=46319 (full 2):
 def new generation   total 1048832K, used 1095K [0x00007fa86c600000, 0x00007fa8b3800000, 0x00007fadc1b50000)
  eden space 932352K,   0% used [0x00007fa86c600000, 0x00007fa86c600000, 0x00007fa8a5480000)
  from space 116480K,   0% used [0x00007fa8a5480000, 0x00007fa8a5591c88, 0x00007fa8ac640000)
  to   space 116480K,   0% used [0x00007fa8ac640000, 0x00007fa8ac640000, 0x00007fa8b3800000)
 tenured generation   total 2330560K, used 2330384K [0x00007fadc1b50000, 0x00007fae4ff40000, 0x00007fb86c600000)
   the space 2330560K,  99% used [0x00007fadc1b50000, 0x00007fae4ff14390, 0x00007fae4ff14400, 0x00007fae4ff40000)
 Metaspace       used 24209K, capacity 24644K, committed 24832K, reserved 26624K
}
Event: 29994.679 GC heap before
{Heap before GC invocations=46319 (full 2):
 def new generation   total 1048832K, used 933447K [0x00007fa86c600000, 0x00007fa8b3800000, 0x00007fadc1b50000)
  eden space 932352K, 100% used [0x00007fa86c600000, 0x00007fa8a5480000, 0x00007fa8a5480000)
  from space 116480K,   0% used [0x00007fa8a5480000, 0x00007fa8a5591c88, 0x00007fa8ac640000)
  to   space 116480K,   0% used [0x00007fa8ac640000, 0x00007fa8ac640000, 0x00007fa8b3800000)
 tenured generation   total 2330560K, used 2330384K [0x00007fadc1b50000, 0x00007fae4ff40000, 0x00007fb86c600000)
   the space 2330560K,  99% used [0x00007fadc1b50000, 0x00007fae4ff14390, 0x00007fae4ff14400, 0x00007fae4ff40000)
 Metaspace       used 24209K, capacity 24644K, committed 24832K, reserved 26624K
}
Event: 29994.686 GC heap after
{Heap after GC invocations=46320 (full 2):
 def new generation   total 1048832K, used 1079K [0x00007fa86c600000, 0x00007fa8b3800000, 0x00007fadc1b50000)
  eden space 932352K,   0% used [0x00007fa86c600000, 0x00007fa86c600000, 0x00007fa8a5480000)
  from space 116480K,   0% used [0x00007fa8ac640000, 0x00007fa8ac74ddf8, 0x00007fa8b3800000)
  to   space 116480K,   0% used [0x00007fa8a5480000, 0x00007fa8a5480000, 0x00007fa8ac640000)
 tenured generation   total 2330560K, used 2330458K [0x00007fadc1b50000, 0x00007fae4ff40000, 0x00007fb86c600000)
   the space 2330560K,  99% used [0x00007fadc1b50000, 0x00007fae4ff26b58, 0x00007fae4ff26c00, 0x00007fae4ff40000)
 Metaspace       used 24209K, capacity 24644K, committed 24832K, reserved 26624K
}
Event: 29995.626 GC heap before
{Heap before GC invocations=46320 (full 2):
 def new generation   total 1048832K, used 933431K [0x00007fa86c600000, 0x00007fa8b3800000, 0x00007fadc1b50000)
  eden space 932352K, 100% used [0x00007fa86c600000, 0x00007fa8a5480000, 0x00007fa8a5480000)
  from space 116480K,   0% used [0x00007fa8ac640000, 0x00007fa8ac74ddf8, 0x00007fa8b3800000)
  to   space 116480K,   0% used [0x00007fa8a5480000, 0x00007fa8a5480000, 0x00007fa8ac640000)
 tenured generation   total 2330560K, used 2330458K [0x00007fadc1b50000, 0x00007fae4ff40000, 0x00007fb86c600000)
   the space 2330560K,  99% used [0x00007fadc1b50000, 0x00007fae4ff26b58, 0x00007fae4ff26c00, 0x00007fae4ff40000)
 Metaspace       used 24209K, capacity 24644K, committed 24832K, reserved 26624K
}
Event: 29995.633 GC heap after
{Heap after GC invocations=46321 (full 2):
 def new generation   total 1048832K, used 1082K [0x00007fa86c600000, 0x00007fa8b3800000, 0x00007fadc1b50000)
  eden space 932352K,   0% used [0x00007fa86c600000, 0x00007fa86c600000, 0x00007fa8a5480000)
  from space 116480K,   0% used [0x00007fa8a5480000, 0x00007fa8a558e968, 0x00007fa8ac640000)
  to   space 116480K,   0% used [0x00007fa8ac640000, 0x00007fa8ac640000, 0x00007fa8b3800000)
 tenured generation   total 2330560K, used 2330532K [0x00007fadc1b50000, 0x00007fae4ff40000, 0x00007fb86c600000)
   the space 2330560K,  99% used [0x00007fadc1b50000, 0x00007fae4ff39320, 0x00007fae4ff39400, 0x00007fae4ff40000)
 Metaspace       used 24209K, capacity 24644K, committed 24832K, reserved 26624K
}
Event: 29996.492 GC heap before
{Heap before GC invocations=46321 (full 2):
 def new generation   total 1048832K, used 933434K [0x00007fa86c600000, 0x00007fa8b3800000, 0x00007fadc1b50000)
  eden space 932352K, 100% used [0x00007fa86c600000, 0x00007fa8a5480000, 0x00007fa8a5480000)
  from space 116480K,   0% used [0x00007fa8a5480000, 0x00007fa8a558e968, 0x00007fa8ac640000)
  to   space 116480K,   0% used [0x00007fa8ac640000, 0x00007fa8ac640000, 0x00007fa8b3800000)
 tenured generation   total 2330560K, used 2330532K [0x00007fadc1b50000, 0x00007fae4ff40000, 0x00007fb86c600000)
   the space 2330560K,  99% used [0x00007fadc1b50000, 0x00007fae4ff39320, 0x00007fae4ff39400, 0x00007fae4ff40000)
 Metaspace       used 24209K, capacity 24644K, committed 24832K, reserved 26624K
}
Event: 29996.502 GC heap after
{Heap after GC invocations=46322 (full 2):
 def new generation   total 1048832K, used 1085K [0x00007fa86c600000, 0x00007fa8b3800000, 0x00007fadc1b50000)
  eden space 932352K,   0% used [0x00007fa86c600000, 0x00007fa86c600000, 0x00007fa8a5480000)
  from space 116480K,   0% used [0x00007fa8ac640000, 0x00007fa8ac74f7b8, 0x00007fa8b3800000)
  to   space 116480K,   0% used [0x00007fa8a5480000, 0x00007fa8a5480000, 0x00007fa8ac640000)
 tenured generation   total 2330752K, used 2330606K [0x00007fadc1b50000, 0x00007fae4ff70000, 0x00007fb86c600000)
   the space 2330752K,  99% used [0x00007fadc1b50000, 0x00007fae4ff4bae8, 0x00007fae4ff4bc00, 0x00007fae4ff70000)
 Metaspace       used 24209K, capacity 24644K, committed 24832K, reserved 26624K
}
Event: 29996.502 GC heap before
{Heap before GC invocations=46322 (full 2):
 def new generation   total 1048832K, used 1085K [0x00007fa86c600000, 0x00007fa8b3800000, 0x00007fadc1b50000)
  eden space 932352K,   0% used [0x00007fa86c600000, 0x00007fa86c600000, 0x00007fa8a5480000)
  from space 116480K,   0% used [0x00007fa8ac640000, 0x00007fa8ac74f7b8, 0x00007fa8b3800000)
  to   space 116480K,   0% used [0x00007fa8a5480000, 0x00007fa8a5480000, 0x00007fa8ac640000)
 tenured generation   total 2330752K, used 2330606K [0x00007fadc1b50000, 0x00007fae4ff70000, 0x00007fb86c600000)
   the space 2330752K,  99% used [0x00007fadc1b50000, 0x00007fae4ff4bae8, 0x00007fae4ff4bc00, 0x00007fae4ff70000)
 Metaspace       used 24209K, capacity 24644K, committed 24832K, reserved 26624K
}

