# JRE version: OpenJDK Runtime Environment (13.0.7+5) (build 13.0.7+5-Ubuntu-0ubuntu120.04)
# Java VM: OpenJDK 64-Bit Server VM (13.0.7+5-Ubuntu-0ubuntu120.04, mixed mode, tiered, serial gc, linux-amd64)
Heap:
 def new generation   total 4837696K, used 19159K [0x00007fe508600000, 0x00007fe650730000, 0x00007fea5db50000)
  eden space 4300224K,   0% used [0x00007fe508600000, 0x00007fe5098b5ed8, 0x00007fe60ed70000)
  from space 537472K,   0% used [0x00007fe62fa50000, 0x00007fe62fa50000, 0x00007fe650730000)
  to   space 537472K,   0% used [0x00007fe60ed70000, 0x00007fe60ed70000, 0x00007fe62fa50000)
 tenured generation   total 10751432K, used 10751431K [0x00007fea5db50000, 0x00007fecedec2000, 0x00007ff508600000)
   the space 10751432K,  99% used [0x00007fea5db50000, 0x00007fecedec1fe8, 0x00007fecedec2000, 0x00007fecedec2000)
 Metaspace       used 24228K, capacity 24643K, committed 24832K, reserved 26624K
GC Heap History (20 events):
Event: 24544.754 GC heap after
{Heap after GC invocations=23689 (full 5):
 def new generation   total 4837696K, used 18158K [0x00007fe508600000, 0x00007fe650730000, 0x00007fea5db50000)
  eden space 4300224K,   0% used [0x00007fe508600000, 0x00007fe508600000, 0x00007fe60ed70000)
  from space 537472K,   3% used [0x00007fe60ed70000, 0x00007fe60ff2bad0, 0x00007fe62fa50000)
  to   space 537472K,   0% used [0x00007fe62fa50000, 0x00007fe62fa50000, 0x00007fe650730000)
 tenured generation   total 10750280K, used 10740622K [0x00007fea5db50000, 0x00007fecedda2000, 0x00007ff508600000)
   the space 10750280K,  99% used [0x00007fea5db50000, 0x00007feced433b68, 0x00007feced433c00, 0x00007fecedda2000)
 Metaspace       used 24228K, capacity 24643K, committed 24832K, reserved 26624K
}
Event: 24547.383 GC heap before
{Heap before GC invocations=23689 (full 5):
 def new generation   total 4837696K, used 4318382K [0x00007fe508600000, 0x00007fe650730000, 0x00007fea5db50000)
  eden space 4300224K, 100% used [0x00007fe508600000, 0x00007fe60ed70000, 0x00007fe60ed70000)
  from space 537472K,   3% used [0x00007fe60ed70000, 0x00007fe60ff2bad0, 0x00007fe62fa50000)
  to   space 537472K,   0% used [0x00007fe62fa50000, 0x00007fe62fa50000, 0x00007fe650730000)
 tenured generation   total 10750280K, used 10740622K [0x00007fea5db50000, 0x00007fecedda2000, 0x00007ff508600000)
   the space 10750280K,  99% used [0x00007fea5db50000, 0x00007feced433b68, 0x00007feced433c00, 0x00007fecedda2000)
 Metaspace       used 24228K, capacity 24643K, committed 24832K, reserved 26624K
}
Event: 24547.402 GC heap after
{Heap after GC invocations=23690 (full 5):
 def new generation   total 4837696K, used 18182K [0x00007fe508600000, 0x00007fe650730000, 0x00007fea5db50000)
  eden space 4300224K,   0% used [0x00007fe508600000, 0x00007fe508600000, 0x00007fe60ed70000)
  from space 537472K,   3% used [0x00007fe62fa50000, 0x00007fe630c11850, 0x00007fe650730000)
  to   space 537472K,   0% used [0x00007fe60ed70000, 0x00007fe60ed70000, 0x00007fe62fa50000)
 tenured generation   total 10750280K, used 10741781K [0x00007fea5db50000, 0x00007fecedda2000, 0x00007ff508600000)
   the space 10750280K,  99% used [0x00007fea5db50000, 0x00007feced5556b0, 0x00007feced555800, 0x00007fecedda2000)
 Metaspace       used 24228K, capacity 24643K, committed 24832K, reserved 26624K
}
Event: 24550.055 GC heap before
{Heap before GC invocations=23690 (full 5):
 def new generation   total 4837696K, used 4318406K [0x00007fe508600000, 0x00007fe650730000, 0x00007fea5db50000)
  eden space 4300224K, 100% used [0x00007fe508600000, 0x00007fe60ed70000, 0x00007fe60ed70000)
  from space 537472K,   3% used [0x00007fe62fa50000, 0x00007fe630c11850, 0x00007fe650730000)
  to   space 537472K,   0% used [0x00007fe60ed70000, 0x00007fe60ed70000, 0x00007fe62fa50000)
 tenured generation   total 10750280K, used 10741781K [0x00007fea5db50000, 0x00007fecedda2000, 0x00007ff508600000)
   the space 10750280K,  99% used [0x00007fea5db50000, 0x00007feced5556b0, 0x00007feced555800, 0x00007fecedda2000)
 Metaspace       used 24228K, capacity 24643K, committed 24832K, reserved 26624K
}
Event: 24550.072 GC heap after
{Heap after GC invocations=23691 (full 5):
 def new generation   total 4837696K, used 18178K [0x00007fe508600000, 0x00007fe650730000, 0x00007fea5db50000)
  eden space 4300224K,   0% used [0x00007fe508600000, 0x00007fe508600000, 0x00007fe60ed70000)
  from space 537472K,   3% used [0x00007fe60ed70000, 0x00007fe60ff30a40, 0x00007fe62fa50000)
  to   space 537472K,   0% used [0x00007fe62fa50000, 0x00007fe62fa50000, 0x00007fe650730000)
 tenured generation   total 10750280K, used 10742940K [0x00007fea5db50000, 0x00007fecedda2000, 0x00007ff508600000)
   the space 10750280K,  99% used [0x00007fea5db50000, 0x00007feced6771f8, 0x00007feced677200, 0x00007fecedda2000)
 Metaspace       used 24228K, capacity 24643K, committed 24832K, reserved 26624K
}
Event: 24552.720 GC heap before
{Heap before GC invocations=23691 (full 5):
 def new generation   total 4837696K, used 4318402K [0x00007fe508600000, 0x00007fe650730000, 0x00007fea5db50000)
  eden space 4300224K, 100% used [0x00007fe508600000, 0x00007fe60ed70000, 0x00007fe60ed70000)
  from space 537472K,   3% used [0x00007fe60ed70000, 0x00007fe60ff30a40, 0x00007fe62fa50000)
  to   space 537472K,   0% used [0x00007fe62fa50000, 0x00007fe62fa50000, 0x00007fe650730000)
 tenured generation   total 10750280K, used 10742940K [0x00007fea5db50000, 0x00007fecedda2000, 0x00007ff508600000)
   the space 10750280K,  99% used [0x00007fea5db50000, 0x00007feced6771f8, 0x00007feced677200, 0x00007fecedda2000)
 Metaspace       used 24228K, capacity 24643K, committed 24832K, reserved 26624K
}
Event: 24552.738 GC heap after
{Heap after GC invocations=23692 (full 5):
 def new generation   total 4837696K, used 18138K [0x00007fe508600000, 0x00007fe650730000, 0x00007fea5db50000)
  eden space 4300224K,   0% used [0x00007fe508600000, 0x00007fe508600000, 0x00007fe60ed70000)
  from space 537472K,   3% used [0x00007fe62fa50000, 0x00007fe630c06940, 0x00007fe650730000)
  to   space 537472K,   0% used [0x00007fe60ed70000, 0x00007fe60ed70000, 0x00007fe62fa50000)
 tenured generation   total 10750280K, used 10744228K [0x00007fea5db50000, 0x00007fecedda2000, 0x00007ff508600000)
   the space 10750280K,  99% used [0x00007fea5db50000, 0x00007feced7b9048, 0x00007feced7b9200, 0x00007fecedda2000)
 Metaspace       used 24228K, capacity 24643K, committed 24832K, reserved 26624K
}
Event: 24555.340 GC heap before
{Heap before GC invocations=23692 (full 5):
 def new generation   total 4837696K, used 4318362K [0x00007fe508600000, 0x00007fe650730000, 0x00007fea5db50000)
  eden space 4300224K, 100% used [0x00007fe508600000, 0x00007fe60ed70000, 0x00007fe60ed70000)
  from space 537472K,   3% used [0x00007fe62fa50000, 0x00007fe630c06940, 0x00007fe650730000)
  to   space 537472K,   0% used [0x00007fe60ed70000, 0x00007fe60ed70000, 0x00007fe62fa50000)
 tenured generation   total 10750280K, used 10744228K [0x00007fea5db50000, 0x00007fecedda2000, 0x00007ff508600000)
   the space 10750280K,  99% used [0x00007fea5db50000, 0x00007feced7b9048, 0x00007feced7b9200, 0x00007fecedda2000)
 Metaspace       used 24228K, capacity 24643K, committed 24832K, reserved 26624K
}
Event: 24555.365 GC heap after
{Heap after GC invocations=23693 (full 5):
 def new generation   total 4837696K, used 18177K [0x00007fe508600000, 0x00007fe650730000, 0x00007fea5db50000)
  eden space 4300224K,   0% used [0x00007fe508600000, 0x00007fe508600000, 0x00007fe60ed70000)
  from space 537472K,   3% used [0x00007fe60ed70000, 0x00007fe60ff306a0, 0x00007fe62fa50000)
  to   space 537472K,   0% used [0x00007fe62fa50000, 0x00007fe62fa50000, 0x00007fe650730000)
 tenured generation   total 10750280K, used 10745386K [0x00007fea5db50000, 0x00007fecedda2000, 0x00007ff508600000)
   the space 10750280K,  99% used [0x00007fea5db50000, 0x00007feced8dab90, 0x00007feced8dac00, 0x00007fecedda2000)
 Metaspace       used 24228K, capacity 24643K, committed 24832K, reserved 26624K
}
Event: 24557.996 GC heap before
{Heap before GC invocations=23693 (full 5):
 def new generation   total 4837696K, used 4318401K [0x00007fe508600000, 0x00007fe650730000, 0x00007fea5db50000)
  eden space 4300224K, 100% used [0x00007fe508600000, 0x00007fe60ed70000, 0x00007fe60ed70000)
  from space 537472K,   3% used [0x00007fe60ed70000, 0x00007fe60ff306a0, 0x00007fe62fa50000)
  to   space 537472K,   0% used [0x00007fe62fa50000, 0x00007fe62fa50000, 0x00007fe650730000)
 tenured generation   total 10750280K, used 10745386K [0x00007fea5db50000, 0x00007fecedda2000, 0x00007ff508600000)
   the space 10750280K,  99% used [0x00007fea5db50000, 0x00007feced8dab90, 0x00007feced8dac00, 0x00007fecedda2000)
 Metaspace       used 24228K, capacity 24643K, committed 24832K, reserved 26624K
}
Event: 24558.014 GC heap after
{Heap after GC invocations=23694 (full 5):
 def new generation   total 4837696K, used 18269K [0x00007fe508600000, 0x00007fe650730000, 0x00007fea5db50000)
  eden space 4300224K,   0% used [0x00007fe508600000, 0x00007fe508600000, 0x00007fe60ed70000)
  from space 537472K,   3% used [0x00007fe62fa50000, 0x00007fe630c27648, 0x00007fe650730000)
  to   space 537472K,   0% used [0x00007fe60ed70000, 0x00007fe60ed70000, 0x00007fe62fa50000)
 tenured generation   total 10750280K, used 10746545K [0x00007fea5db50000, 0x00007fecedda2000, 0x00007ff508600000)
   the space 10750280K,  99% used [0x00007fea5db50000, 0x00007feced9fc6d8, 0x00007feced9fc800, 0x00007fecedda2000)
 Metaspace       used 24228K, capacity 24643K, committed 24832K, reserved 26624K
}
Event: 24560.669 GC heap before
{Heap before GC invocations=23694 (full 5):
 def new generation   total 4837696K, used 4318493K [0x00007fe508600000, 0x00007fe650730000, 0x00007fea5db50000)
  eden space 4300224K, 100% used [0x00007fe508600000, 0x00007fe60ed70000, 0x00007fe60ed70000)
  from space 537472K,   3% used [0x00007fe62fa50000, 0x00007fe630c27648, 0x00007fe650730000)
  to   space 537472K,   0% used [0x00007fe60ed70000, 0x00007fe60ed70000, 0x00007fe62fa50000)
 tenured generation   total 10750280K, used 10746545K [0x00007fea5db50000, 0x00007fecedda2000, 0x00007ff508600000)
   the space 10750280K,  99% used [0x00007fea5db50000, 0x00007feced9fc6d8, 0x00007feced9fc800, 0x00007fecedda2000)
 Metaspace       used 24228K, capacity 24643K, committed 24832K, reserved 26624K
}
Event: 24560.687 GC heap after
{Heap after GC invocations=23695 (full 5):
 def new generation   total 4837696K, used 18659K [0x00007fe508600000, 0x00007fe650730000, 0x00007fea5db50000)
  eden space 4300224K,   0% used [0x00007fe508600000, 0x00007fe508600000, 0x00007fe60ed70000)
  from space 537472K,   3% used [0x00007fe60ed70000, 0x00007fe60ffa8e18, 0x00007fe62fa50000)
  to   space 537472K,   0% used [0x00007fe62fa50000, 0x00007fe62fa50000, 0x00007fe650730000)
 tenured generation   total 10750280K, used 10747705K [0x00007fea5db50000, 0x00007fecedda2000, 0x00007ff508600000)
   the space 10750280K,  99% used [0x00007fea5db50000, 0x00007fecedb1e460, 0x00007fecedb1e600, 0x00007fecedda2000)
 Metaspace       used 24228K, capacity 24643K, committed 24832K, reserved 26624K
}
Event: 24563.463 GC heap before
{Heap before GC invocations=23695 (full 5):
 def new generation   total 4837696K, used 4318883K [0x00007fe508600000, 0x00007fe650730000, 0x00007fea5db50000)
  eden space 4300224K, 100% used [0x00007fe508600000, 0x00007fe60ed70000, 0x00007fe60ed70000)
  from space 537472K,   3% used [0x00007fe60ed70000, 0x00007fe60ffa8e18, 0x00007fe62fa50000)
  to   space 537472K,   0% used [0x00007fe62fa50000, 0x00007fe62fa50000, 0x00007fe650730000)
 tenured generation   total 10750280K, used 10747705K [0x00007fea5db50000, 0x00007fecedda2000, 0x00007ff508600000)
   the space 10750280K,  99% used [0x00007fea5db50000, 0x00007fecedb1e460, 0x00007fecedb1e600, 0x00007fecedda2000)
 Metaspace       used 24228K, capacity 24643K, committed 24832K, reserved 26624K
}
Event: 24563.483 GC heap after
{Heap after GC invocations=23696 (full 5):
 def new generation   total 4837696K, used 18746K [0x00007fe508600000, 0x00007fe650730000, 0x00007fea5db50000)
  eden space 4300224K,   0% used [0x00007fe508600000, 0x00007fe508600000, 0x00007fe60ed70000)
  from space 537472K,   3% used [0x00007fe62fa50000, 0x00007fe630c9ea08, 0x00007fe650730000)
  to   space 537472K,   0% used [0x00007fe60ed70000, 0x00007fe60ed70000, 0x00007fe62fa50000)
 tenured generation   total 10750280K, used 10748992K [0x00007fea5db50000, 0x00007fecedda2000, 0x00007ff508600000)
   the space 10750280K,  99% used [0x00007fea5db50000, 0x00007fecedc60070, 0x00007fecedc60200, 0x00007fecedda2000)
 Metaspace       used 24228K, capacity 24643K, committed 24832K, reserved 26624K
}
Event: 24566.293 GC heap before
{Heap before GC invocations=23696 (full 5):
 def new generation   total 4837696K, used 4318970K [0x00007fe508600000, 0x00007fe650730000, 0x00007fea5db50000)
  eden space 4300224K, 100% used [0x00007fe508600000, 0x00007fe60ed70000, 0x00007fe60ed70000)
  from space 537472K,   3% used [0x00007fe62fa50000, 0x00007fe630c9ea08, 0x00007fe650730000)
  to   space 537472K,   0% used [0x00007fe60ed70000, 0x00007fe60ed70000, 0x00007fe62fa50000)
 tenured generation   total 10750280K, used 10748992K [0x00007fea5db50000, 0x00007fecedda2000, 0x00007ff508600000)
   the space 10750280K,  99% used [0x00007fea5db50000, 0x00007fecedc60070, 0x00007fecedc60200, 0x00007fecedda2000)
 Metaspace       used 24228K, capacity 24643K, committed 24832K, reserved 26624K
}
Event: 24566.309 GC heap after
{Heap after GC invocations=23697 (full 5):
 def new generation   total 4837696K, used 19012K [0x00007fe508600000, 0x00007fe650730000, 0x00007fea5db50000)
  eden space 4300224K,   0% used [0x00007fe508600000, 0x00007fe508600000, 0x00007fe60ed70000)
  from space 537472K,   3% used [0x00007fe60ed70000, 0x00007fe610001380, 0x00007fe62fa50000)
  to   space 537472K,   0% used [0x00007fe62fa50000, 0x00007fe62fa50000, 0x00007fe650730000)
 tenured generation   total 10750280K, used 10750150K [0x00007fea5db50000, 0x00007fecedda2000, 0x00007ff508600000)
   the space 10750280K,  99% used [0x00007fea5db50000, 0x00007fecedd81bb8, 0x00007fecedd81c00, 0x00007fecedda2000)
 Metaspace       used 24228K, capacity 24643K, committed 24832K, reserved 26624K
}
Event: 24568.992 GC heap before
{Heap before GC invocations=23697 (full 5):
 def new generation   total 4837696K, used 4319236K [0x00007fe508600000, 0x00007fe650730000, 0x00007fea5db50000)
  eden space 4300224K, 100% used [0x00007fe508600000, 0x00007fe60ed70000, 0x00007fe60ed70000)
  from space 537472K,   3% used [0x00007fe60ed70000, 0x00007fe610001380, 0x00007fe62fa50000)
  to   space 537472K,   0% used [0x00007fe62fa50000, 0x00007fe62fa50000, 0x00007fe650730000)
 tenured generation   total 10750280K, used 10750150K [0x00007fea5db50000, 0x00007fecedda2000, 0x00007ff508600000)
   the space 10750280K,  99% used [0x00007fea5db50000, 0x00007fecedd81bb8, 0x00007fecedd81c00, 0x00007fecedda2000)
 Metaspace       used 24228K, capacity 24643K, committed 24832K, reserved 26624K
}
Event: 24569.011 GC heap after
{Heap after GC invocations=23698 (full 5):
 def new generation   total 4837696K, used 19281K [0x00007fe508600000, 0x00007fe650730000, 0x00007fea5db50000)
  eden space 4300224K,   0% used [0x00007fe508600000, 0x00007fe508600000, 0x00007fe60ed70000)
  from space 537472K,   3% used [0x00007fe62fa50000, 0x00007fe630d247c0, 0x00007fe650730000)
  to   space 537472K,   0% used [0x00007fe60ed70000, 0x00007fe60ed70000, 0x00007fe62fa50000)
 tenured generation   total 10751432K, used 10751309K [0x00007fea5db50000, 0x00007fecedec2000, 0x00007ff508600000)
   the space 10751432K,  99% used [0x00007fea5db50000, 0x00007fecedea3700, 0x00007fecedea3800, 0x00007fecedec2000)
 Metaspace       used 24228K, capacity 24643K, committed 24832K, reserved 26624K
}
Event: 24569.011 GC heap before
{Heap before GC invocations=23698 (full 5):
 def new generation   total 4837696K, used 19281K [0x00007fe508600000, 0x00007fe650730000, 0x00007fea5db50000)
  eden space 4300224K,   0% used [0x00007fe508600000, 0x00007fe508600000, 0x00007fe60ed70000)
  from space 537472K,   3% used [0x00007fe62fa50000, 0x00007fe630d247c0, 0x00007fe650730000)
  to   space 537472K,   0% used [0x00007fe60ed70000, 0x00007fe60ed70000, 0x00007fe62fa50000)
 tenured generation   total 10751432K, used 10751309K [0x00007fea5db50000, 0x00007fecedec2000, 0x00007ff508600000)
   the space 10751432K,  99% used [0x00007fea5db50000, 0x00007fecedea3700, 0x00007fecedea3800, 0x00007fecedec2000)
 Metaspace       used 24228K, capacity 24643K, committed 24832K, reserved 26624K
}

