# JRE version: OpenJDK Runtime Environment (13.0.7+5) (build 13.0.7+5-Ubuntu-0ubuntu120.04)
# Java VM: OpenJDK 64-Bit Server VM (13.0.7+5-Ubuntu-0ubuntu120.04, mixed mode, tiered, serial gc, linux-amd64)
Heap:
 def new generation   total 9761792K, used 0K [0x00007fb548600000, 0x00007fb7de630000, 0x00007fba9db50000)
  eden space 8677184K,   0% used [0x00007fb548600000, 0x00007fb548600000, 0x00007fb759fd0000)
  from space 1084608K,   0% used [0x00007fb79c300000, 0x00007fb79c300000, 0x00007fb7de630000)
  to   space 1084608K,   0% used [0x00007fb759fd0000, 0x00007fb759fd0000, 0x00007fb79c300000)
 tenured generation   total 22517496K, used 18402900K [0x00007fba9db50000, 0x00007fbffc10e000, 0x00007fc548600000)
   the space 22517496K,  81% used [0x00007fba9db50000, 0x00007fbf00ee50f0, 0x00007fbf00ee5200, 0x00007fbffc10e000)
 Metaspace       used 30381K, capacity 30781K, committed 30976K, reserved 32768K
GC Heap History (20 events):
Event: 897.568 GC heap after
{Heap after GC invocations=101 (full 15):
 def new generation   total 9761792K, used 923326K [0x00007fb548600000, 0x00007fb7de630000, 0x00007fba9db50000)
  eden space 8677184K,   0% used [0x00007fb548600000, 0x00007fb548600000, 0x00007fb759fd0000)
  from space 1084608K,  85% used [0x00007fb759fd0000, 0x00007fb79257f898, 0x00007fb79c300000)
  to   space 1084608K,   0% used [0x00007fb79c300000, 0x00007fb79c300000, 0x00007fb7de630000)
 tenured generation   total 21692664K, used 14092625K [0x00007fba9db50000, 0x00007fbfc9b8e000, 0x00007fc548600000)
   the space 21692664K,  64% used [0x00007fba9db50000, 0x00007fbdf9da4638, 0x00007fbdf9da4800, 0x00007fbfc9b8e000)
 Metaspace       used 30381K, capacity 30781K, committed 30976K, reserved 32768K
}
Event: 899.868 GC heap before
{Heap before GC invocations=101 (full 15):
 def new generation   total 9761792K, used 9600510K [0x00007fb548600000, 0x00007fb7de630000, 0x00007fba9db50000)
  eden space 8677184K, 100% used [0x00007fb548600000, 0x00007fb759fd0000, 0x00007fb759fd0000)
  from space 1084608K,  85% used [0x00007fb759fd0000, 0x00007fb79257f898, 0x00007fb79c300000)
  to   space 1084608K,   0% used [0x00007fb79c300000, 0x00007fb79c300000, 0x00007fb7de630000)
 tenured generation   total 21692664K, used 14092625K [0x00007fba9db50000, 0x00007fbfc9b8e000, 0x00007fc548600000)
   the space 21692664K,  64% used [0x00007fba9db50000, 0x00007fbdf9da4638, 0x00007fbdf9da4800, 0x00007fbfc9b8e000)
 Metaspace       used 30381K, capacity 30781K, committed 30976K, reserved 32768K
}
Event: 902.392 GC heap after
{Heap after GC invocations=102 (full 15):
 def new generation   total 9761792K, used 926811K [0x00007fb548600000, 0x00007fb7de630000, 0x00007fba9db50000)
  eden space 8677184K,   0% used [0x00007fb548600000, 0x00007fb548600000, 0x00007fb759fd0000)
  from space 1084608K,  85% used [0x00007fb79c300000, 0x00007fb7d4c16f68, 0x00007fb7de630000)
  to   space 1084608K,   0% used [0x00007fb759fd0000, 0x00007fb759fd0000, 0x00007fb79c300000)
 tenured generation   total 21692664K, used 15015951K [0x00007fba9db50000, 0x00007fbfc9b8e000, 0x00007fc548600000)
   the space 21692664K,  69% used [0x00007fba9db50000, 0x00007fbe32353d70, 0x00007fbe32353e00, 0x00007fbfc9b8e000)
 Metaspace       used 30381K, capacity 30781K, committed 30976K, reserved 32768K
}
Event: 905.056 GC heap before
{Heap before GC invocations=102 (full 15):
 def new generation   total 9761792K, used 9603995K [0x00007fb548600000, 0x00007fb7de630000, 0x00007fba9db50000)
  eden space 8677184K, 100% used [0x00007fb548600000, 0x00007fb759fd0000, 0x00007fb759fd0000)
  from space 1084608K,  85% used [0x00007fb79c300000, 0x00007fb7d4c16f68, 0x00007fb7de630000)
  to   space 1084608K,   0% used [0x00007fb759fd0000, 0x00007fb759fd0000, 0x00007fb79c300000)
 tenured generation   total 21692664K, used 15015951K [0x00007fba9db50000, 0x00007fbfc9b8e000, 0x00007fc548600000)
   the space 21692664K,  69% used [0x00007fba9db50000, 0x00007fbe32353d70, 0x00007fbe32353e00, 0x00007fbfc9b8e000)
 Metaspace       used 30381K, capacity 30781K, committed 30976K, reserved 32768K
}
Event: 907.610 GC heap after
{Heap after GC invocations=103 (full 15):
 def new generation   total 9761792K, used 935723K [0x00007fb548600000, 0x00007fb7de630000, 0x00007fba9db50000)
  eden space 8677184K,   0% used [0x00007fb548600000, 0x00007fb548600000, 0x00007fb759fd0000)
  from space 1084608K,  86% used [0x00007fb759fd0000, 0x00007fb79319aea8, 0x00007fb79c300000)
  to   space 1084608K,   0% used [0x00007fb79c300000, 0x00007fb79c300000, 0x00007fb7de630000)
 tenured generation   total 21692664K, used 15942763K [0x00007fba9db50000, 0x00007fbfc9b8e000, 0x00007fc548600000)
   the space 21692664K,  73% used [0x00007fba9db50000, 0x00007fbe6ac6ac98, 0x00007fbe6ac6ae00, 0x00007fbfc9b8e000)
 Metaspace       used 30381K, capacity 30781K, committed 30976K, reserved 32768K
}
Event: 909.982 GC heap before
{Heap before GC invocations=103 (full 15):
 def new generation   total 9761792K, used 9612907K [0x00007fb548600000, 0x00007fb7de630000, 0x00007fba9db50000)
  eden space 8677184K, 100% used [0x00007fb548600000, 0x00007fb759fd0000, 0x00007fb759fd0000)
  from space 1084608K,  86% used [0x00007fb759fd0000, 0x00007fb79319aea8, 0x00007fb79c300000)
  to   space 1084608K,   0% used [0x00007fb79c300000, 0x00007fb79c300000, 0x00007fb7de630000)
 tenured generation   total 21692664K, used 15942763K [0x00007fba9db50000, 0x00007fbfc9b8e000, 0x00007fc548600000)
   the space 21692664K,  73% used [0x00007fba9db50000, 0x00007fbe6ac6ac98, 0x00007fbe6ac6ae00, 0x00007fbfc9b8e000)
 Metaspace       used 30381K, capacity 30781K, committed 30976K, reserved 32768K
}
Event: 912.519 GC heap after
{Heap after GC invocations=104 (full 15):
 def new generation   total 9761792K, used 929151K [0x00007fb548600000, 0x00007fb7de630000, 0x00007fba9db50000)
  eden space 8677184K,   0% used [0x00007fb548600000, 0x00007fb548600000, 0x00007fb759fd0000)
  from space 1084608K,  85% used [0x00007fb79c300000, 0x00007fb7d4e5fc10, 0x00007fb7de630000)
  to   space 1084608K,   0% used [0x00007fb759fd0000, 0x00007fb759fd0000, 0x00007fb79c300000)
 tenured generation   total 21692664K, used 16878486K [0x00007fba9db50000, 0x00007fbfc9b8e000, 0x00007fc548600000)
   the space 21692664K,  77% used [0x00007fba9db50000, 0x00007fbea3e35ab0, 0x00007fbea3e35c00, 0x00007fbfc9b8e000)
 Metaspace       used 30381K, capacity 30781K, committed 30976K, reserved 32768K
}
Event: 915.138 GC heap before
{Heap before GC invocations=104 (full 15):
 def new generation   total 9761792K, used 9606335K [0x00007fb548600000, 0x00007fb7de630000, 0x00007fba9db50000)
  eden space 8677184K, 100% used [0x00007fb548600000, 0x00007fb759fd0000, 0x00007fb759fd0000)
  from space 1084608K,  85% used [0x00007fb79c300000, 0x00007fb7d4e5fc10, 0x00007fb7de630000)
  to   space 1084608K,   0% used [0x00007fb759fd0000, 0x00007fb759fd0000, 0x00007fb79c300000)
 tenured generation   total 21692664K, used 16878486K [0x00007fba9db50000, 0x00007fbfc9b8e000, 0x00007fc548600000)
   the space 21692664K,  77% used [0x00007fba9db50000, 0x00007fbea3e35ab0, 0x00007fbea3e35c00, 0x00007fbfc9b8e000)
 Metaspace       used 30381K, capacity 30781K, committed 30976K, reserved 32768K
}
Event: 917.767 GC heap after
{Heap after GC invocations=105 (full 15):
 def new generation   total 9761792K, used 939786K [0x00007fb548600000, 0x00007fb7de630000, 0x00007fba9db50000)
  eden space 8677184K,   0% used [0x00007fb548600000, 0x00007fb548600000, 0x00007fb759fd0000)
  from space 1084608K,  86% used [0x00007fb759fd0000, 0x00007fb793592be8, 0x00007fb79c300000)
  to   space 1084608K,   0% used [0x00007fb79c300000, 0x00007fb79c300000, 0x00007fb7de630000)
 tenured generation   total 21692664K, used 17807637K [0x00007fba9db50000, 0x00007fbfc9b8e000, 0x00007fc548600000)
   the space 21692664K,  82% used [0x00007fba9db50000, 0x00007fbedc995490, 0x00007fbedc995600, 0x00007fbfc9b8e000)
 Metaspace       used 30381K, capacity 30781K, committed 30976K, reserved 32768K
}
Event: 920.347 GC heap before
{Heap before GC invocations=105 (full 15):
 def new generation   total 9761792K, used 9616970K [0x00007fb548600000, 0x00007fb7de630000, 0x00007fba9db50000)
  eden space 8677184K, 100% used [0x00007fb548600000, 0x00007fb759fd0000, 0x00007fb759fd0000)
  from space 1084608K,  86% used [0x00007fb759fd0000, 0x00007fb793592be8, 0x00007fb79c300000)
  to   space 1084608K,   0% used [0x00007fb79c300000, 0x00007fb79c300000, 0x00007fb7de630000)
 tenured generation   total 21692664K, used 17807637K [0x00007fba9db50000, 0x00007fbfc9b8e000, 0x00007fc548600000)
   the space 21692664K,  82% used [0x00007fba9db50000, 0x00007fbedc995490, 0x00007fbedc995600, 0x00007fbfc9b8e000)
 Metaspace       used 30381K, capacity 30781K, committed 30976K, reserved 32768K
}
Event: 923.032 GC heap after
{Heap after GC invocations=106 (full 15):
 def new generation   total 9761792K, used 956715K [0x00007fb548600000, 0x00007fb7de630000, 0x00007fba9db50000)
  eden space 8677184K,   0% used [0x00007fb548600000, 0x00007fb548600000, 0x00007fb759fd0000)
  from space 1084608K,  88% used [0x00007fb79c300000, 0x00007fb7d694ad80, 0x00007fb7de630000)
  to   space 1084608K,   0% used [0x00007fb759fd0000, 0x00007fb759fd0000, 0x00007fb79c300000)
 tenured generation   total 21692664K, used 18747424K [0x00007fba9db50000, 0x00007fbfc9b8e000, 0x00007fc548600000)
   the space 21692664K,  86% used [0x00007fba9db50000, 0x00007fbf15f58038, 0x00007fbf15f58200, 0x00007fbfc9b8e000)
 Metaspace       used 30381K, capacity 30781K, committed 30976K, reserved 32768K
}
Event: 925.456 GC heap before
{Heap before GC invocations=106 (full 15):
 def new generation   total 9761792K, used 9633899K [0x00007fb548600000, 0x00007fb7de630000, 0x00007fba9db50000)
  eden space 8677184K, 100% used [0x00007fb548600000, 0x00007fb759fd0000, 0x00007fb759fd0000)
  from space 1084608K,  88% used [0x00007fb79c300000, 0x00007fb7d694ad80, 0x00007fb7de630000)
  to   space 1084608K,   0% used [0x00007fb759fd0000, 0x00007fb759fd0000, 0x00007fb79c300000)
 tenured generation   total 21692664K, used 18747424K [0x00007fba9db50000, 0x00007fbfc9b8e000, 0x00007fc548600000)
   the space 21692664K,  86% used [0x00007fba9db50000, 0x00007fbf15f58038, 0x00007fbf15f58200, 0x00007fbfc9b8e000)
 Metaspace       used 30381K, capacity 30781K, committed 30976K, reserved 32768K
}
Event: 928.167 GC heap after
{Heap after GC invocations=107 (full 15):
 def new generation   total 9761792K, used 954296K [0x00007fb548600000, 0x00007fb7de630000, 0x00007fba9db50000)
  eden space 8677184K,   0% used [0x00007fb548600000, 0x00007fb548600000, 0x00007fb759fd0000)
  from space 1084608K,  87% used [0x00007fb759fd0000, 0x00007fb7943be3a0, 0x00007fb79c300000)
  to   space 1084608K,   0% used [0x00007fb79c300000, 0x00007fb79c300000, 0x00007fb7de630000)
 tenured generation   total 21692664K, used 19704139K [0x00007fba9db50000, 0x00007fbfc9b8e000, 0x00007fc548600000)
   the space 21692664K,  90% used [0x00007fba9db50000, 0x00007fbf505a2cb8, 0x00007fbf505a2e00, 0x00007fbfc9b8e000)
 Metaspace       used 30381K, capacity 30781K, committed 30976K, reserved 32768K
}
Event: 930.951 GC heap before
{Heap before GC invocations=107 (full 15):
 def new generation   total 9761792K, used 9631480K [0x00007fb548600000, 0x00007fb7de630000, 0x00007fba9db50000)
  eden space 8677184K, 100% used [0x00007fb548600000, 0x00007fb759fd0000, 0x00007fb759fd0000)
  from space 1084608K,  87% used [0x00007fb759fd0000, 0x00007fb7943be3a0, 0x00007fb79c300000)
  to   space 1084608K,   0% used [0x00007fb79c300000, 0x00007fb79c300000, 0x00007fb7de630000)
 tenured generation   total 21692664K, used 19704139K [0x00007fba9db50000, 0x00007fbfc9b8e000, 0x00007fc548600000)
   the space 21692664K,  90% used [0x00007fba9db50000, 0x00007fbf505a2cb8, 0x00007fbf505a2e00, 0x00007fbfc9b8e000)
 Metaspace       used 30381K, capacity 30781K, committed 30976K, reserved 32768K
}
Event: 933.521 GC heap after
{Heap after GC invocations=108 (full 15):
 def new generation   total 9761792K, used 932994K [0x00007fb548600000, 0x00007fb7de630000, 0x00007fba9db50000)
  eden space 8677184K,   0% used [0x00007fb548600000, 0x00007fb548600000, 0x00007fb759fd0000)
  from space 1084608K,  86% used [0x00007fb79c300000, 0x00007fb7d5220950, 0x00007fb7de630000)
  to   space 1084608K,   0% used [0x00007fb759fd0000, 0x00007fb759fd0000, 0x00007fb79c300000)
 tenured generation   total 21692664K, used 20658435K [0x00007fba9db50000, 0x00007fbfc9b8e000, 0x00007fc548600000)
   the space 21692664K,  95% used [0x00007fba9db50000, 0x00007fbf8a990e98, 0x00007fbf8a991000, 0x00007fbfc9b8e000)
 Metaspace       used 30381K, capacity 30781K, committed 30976K, reserved 32768K
}
Event: 935.882 GC heap before
{Heap before GC invocations=108 (full 15):
 def new generation   total 9761792K, used 9610178K [0x00007fb548600000, 0x00007fb7de630000, 0x00007fba9db50000)
  eden space 8677184K, 100% used [0x00007fb548600000, 0x00007fb759fd0000, 0x00007fb759fd0000)
  from space 1084608K,  86% used [0x00007fb79c300000, 0x00007fb7d5220950, 0x00007fb7de630000)
  to   space 1084608K,   0% used [0x00007fb759fd0000, 0x00007fb759fd0000, 0x00007fb79c300000)
 tenured generation   total 21692664K, used 20658435K [0x00007fba9db50000, 0x00007fbfc9b8e000, 0x00007fc548600000)
   the space 21692664K,  95% used [0x00007fba9db50000, 0x00007fbf8a990e98, 0x00007fbf8a991000, 0x00007fbfc9b8e000)
 Metaspace       used 30381K, capacity 30781K, committed 30976K, reserved 32768K
}
Event: 938.640 GC heap after
{Heap after GC invocations=109 (full 15):
 def new generation   total 9761792K, used 925912K [0x00007fb548600000, 0x00007fb7de630000, 0x00007fba9db50000)
  eden space 8677184K,   0% used [0x00007fb548600000, 0x00007fb548600000, 0x00007fb759fd0000)
  from space 1084608K,  85% used [0x00007fb759fd0000, 0x00007fb792806050, 0x00007fb79c300000)
  to   space 1084608K,   0% used [0x00007fb79c300000, 0x00007fb79c300000, 0x00007fb7de630000)
 tenured generation   total 21692664K, used 21591429K [0x00007fba9db50000, 0x00007fbfc9b8e000, 0x00007fc548600000)
   the space 21692664K,  99% used [0x00007fba9db50000, 0x00007fbfc38b17e8, 0x00007fbfc38b1800, 0x00007fbfc9b8e000)
 Metaspace       used 30381K, capacity 30781K, committed 30976K, reserved 32768K
}
Event: 941.121 GC heap before
{Heap before GC invocations=109 (full 15):
 def new generation   total 9761792K, used 9603096K [0x00007fb548600000, 0x00007fb7de630000, 0x00007fba9db50000)
  eden space 8677184K, 100% used [0x00007fb548600000, 0x00007fb759fd0000, 0x00007fb759fd0000)
  from space 1084608K,  85% used [0x00007fb759fd0000, 0x00007fb792806050, 0x00007fb79c300000)
  to   space 1084608K,   0% used [0x00007fb79c300000, 0x00007fb79c300000, 0x00007fb7de630000)
 tenured generation   total 21692664K, used 21591429K [0x00007fba9db50000, 0x00007fbfc9b8e000, 0x00007fc548600000)
   the space 21692664K,  99% used [0x00007fba9db50000, 0x00007fbfc38b17e8, 0x00007fbfc38b1800, 0x00007fbfc9b8e000)
 Metaspace       used 30381K, capacity 30781K, committed 30976K, reserved 32768K
}
Event: 943.645 GC heap after
{Heap after GC invocations=110 (full 15):
 def new generation   total 9761792K, used 933680K [0x00007fb548600000, 0x00007fb7de630000, 0x00007fba9db50000)
  eden space 8677184K,   0% used [0x00007fb548600000, 0x00007fb548600000, 0x00007fb759fd0000)
  from space 1084608K,  86% used [0x00007fb79c300000, 0x00007fb7d52cc260, 0x00007fb7de630000)
  to   space 1084608K,   0% used [0x00007fb759fd0000, 0x00007fb759fd0000, 0x00007fb79c300000)
 tenured generation   total 22517496K, used 22517341K [0x00007fba9db50000, 0x00007fbffc10e000, 0x00007fc548600000)
   the space 22517496K,  99% used [0x00007fba9db50000, 0x00007fbffc0e7628, 0x00007fbffc0e7800, 0x00007fbffc10e000)
 Metaspace       used 30381K, capacity 30781K, committed 30976K, reserved 32768K
}
Event: 943.645 GC heap before
{Heap before GC invocations=110 (full 15):
 def new generation   total 9761792K, used 933680K [0x00007fb548600000, 0x00007fb7de630000, 0x00007fba9db50000)
  eden space 8677184K,   0% used [0x00007fb548600000, 0x00007fb548600000, 0x00007fb759fd0000)
  from space 1084608K,  86% used [0x00007fb79c300000, 0x00007fb7d52cc260, 0x00007fb7de630000)
  to   space 1084608K,   0% used [0x00007fb759fd0000, 0x00007fb759fd0000, 0x00007fb79c300000)
 tenured generation   total 22517496K, used 22517341K [0x00007fba9db50000, 0x00007fbffc10e000, 0x00007fc548600000)
   the space 22517496K,  99% used [0x00007fba9db50000, 0x00007fbffc0e7628, 0x00007fbffc0e7800, 0x00007fbffc10e000)
 Metaspace       used 30381K, capacity 30781K, committed 30976K, reserved 32768K
}

