# JRE version: OpenJDK Runtime Environment (13.0.7+5) (build 13.0.7+5-Ubuntu-0ubuntu120.04)
# Java VM: OpenJDK 64-Bit Server VM (13.0.7+5-Ubuntu-0ubuntu120.04, mixed mode, tiered, serial gc, linux-amd64)
Heap:
 def new generation   total 2650560K, used 144351K [0x00007fbec0600000, 0x00007fbf74200000, 0x00007fc96b0a0000)
  eden space 2356096K,   6% used [0x00007fbec0600000, 0x00007fbec92f7f68, 0x00007fbf502e0000)
  from space 294464K,   0% used [0x00007fbf62270000, 0x00007fbf62270000, 0x00007fbf74200000)
  to   space 294464K,   0% used [0x00007fbf502e0000, 0x00007fbf502e0000, 0x00007fbf62270000)
 tenured generation   total 5906420K, used 5906154K [0x00007fc96b0a0000, 0x00007fcad389d000, 0x00007fdec0600000)
   the space 5906420K,  99% used [0x00007fc96b0a0000, 0x00007fcad385aa58, 0x00007fcad385ac00, 0x00007fcad389d000)
 Metaspace       used 24287K, capacity 24715K, committed 24832K, reserved 26624K
GC Heap History (20 events):
Event: 633.177 GC heap after
{Heap after GC invocations=1404 (full 6):
 def new generation   total 2650560K, used 146460K [0x00007fbec0600000, 0x00007fbf74200000, 0x00007fc96b0a0000)
  eden space 2356096K,   0% used [0x00007fbec0600000, 0x00007fbec0600000, 0x00007fbf502e0000)
  from space 294464K,  49% used [0x00007fbf502e0000, 0x00007fbf591e7000, 0x00007fbf62270000)
  to   space 294464K,   0% used [0x00007fbf62270000, 0x00007fbf62270000, 0x00007fbf74200000)
 tenured generation   total 5890032K, used 5795644K [0x00007fc96b0a0000, 0x00007fcad289c000, 0x00007fdec0600000)
   the space 5890032K,  98% used [0x00007fc96b0a0000, 0x00007fcaccc6f288, 0x00007fcaccc6f400, 0x00007fcad289c000)
 Metaspace       used 24287K, capacity 24715K, committed 24832K, reserved 26624K
}
Event: 634.198 GC heap before
{Heap before GC invocations=1404 (full 6):
 def new generation   total 2650560K, used 2502556K [0x00007fbec0600000, 0x00007fbf74200000, 0x00007fc96b0a0000)
  eden space 2356096K, 100% used [0x00007fbec0600000, 0x00007fbf502e0000, 0x00007fbf502e0000)
  from space 294464K,  49% used [0x00007fbf502e0000, 0x00007fbf591e7000, 0x00007fbf62270000)
  to   space 294464K,   0% used [0x00007fbf62270000, 0x00007fbf62270000, 0x00007fbf74200000)
 tenured generation   total 5890032K, used 5795644K [0x00007fc96b0a0000, 0x00007fcad289c000, 0x00007fdec0600000)
   the space 5890032K,  98% used [0x00007fc96b0a0000, 0x00007fcaccc6f288, 0x00007fcaccc6f400, 0x00007fcad289c000)
 Metaspace       used 24287K, capacity 24715K, committed 24832K, reserved 26624K
}
Event: 634.224 GC heap after
{Heap after GC invocations=1405 (full 6):
 def new generation   total 2650560K, used 160882K [0x00007fbec0600000, 0x00007fbf74200000, 0x00007fc96b0a0000)
  eden space 2356096K,   0% used [0x00007fbec0600000, 0x00007fbec0600000, 0x00007fbf502e0000)
  from space 294464K,  54% used [0x00007fbf62270000, 0x00007fbf6bf8cbd8, 0x00007fbf74200000)
  to   space 294464K,   0% used [0x00007fbf502e0000, 0x00007fbf502e0000, 0x00007fbf62270000)
 tenured generation   total 5890032K, used 5795644K [0x00007fc96b0a0000, 0x00007fcad289c000, 0x00007fdec0600000)
   the space 5890032K,  98% used [0x00007fc96b0a0000, 0x00007fcaccc6f288, 0x00007fcaccc6f400, 0x00007fcad289c000)
 Metaspace       used 24287K, capacity 24715K, committed 24832K, reserved 26624K
}
Event: 635.232 GC heap before
{Heap before GC invocations=1405 (full 6):
 def new generation   total 2650560K, used 2516978K [0x00007fbec0600000, 0x00007fbf74200000, 0x00007fc96b0a0000)
  eden space 2356096K, 100% used [0x00007fbec0600000, 0x00007fbf502e0000, 0x00007fbf502e0000)
  from space 294464K,  54% used [0x00007fbf62270000, 0x00007fbf6bf8cbd8, 0x00007fbf74200000)
  to   space 294464K,   0% used [0x00007fbf502e0000, 0x00007fbf502e0000, 0x00007fbf62270000)
 tenured generation   total 5890032K, used 5795644K [0x00007fc96b0a0000, 0x00007fcad289c000, 0x00007fdec0600000)
   the space 5890032K,  98% used [0x00007fc96b0a0000, 0x00007fcaccc6f288, 0x00007fcaccc6f400, 0x00007fcad289c000)
 Metaspace       used 24287K, capacity 24715K, committed 24832K, reserved 26624K
}
Event: 635.263 GC heap after
{Heap after GC invocations=1406 (full 6):
 def new generation   total 2650560K, used 152618K [0x00007fbec0600000, 0x00007fbf74200000, 0x00007fc96b0a0000)
  eden space 2356096K,   0% used [0x00007fbec0600000, 0x00007fbec0600000, 0x00007fbf502e0000)
  from space 294464K,  51% used [0x00007fbf502e0000, 0x00007fbf597ea940, 0x00007fbf62270000)
  to   space 294464K,   0% used [0x00007fbf62270000, 0x00007fbf62270000, 0x00007fbf74200000)
 tenured generation   total 5890032K, used 5812603K [0x00007fc96b0a0000, 0x00007fcad289c000, 0x00007fdec0600000)
   the space 5890032K,  98% used [0x00007fc96b0a0000, 0x00007fcacdcfece0, 0x00007fcacdcfee00, 0x00007fcad289c000)
 Metaspace       used 24287K, capacity 24715K, committed 24832K, reserved 26624K
}
Event: 636.239 GC heap before
{Heap before GC invocations=1406 (full 6):
 def new generation   total 2650560K, used 2508714K [0x00007fbec0600000, 0x00007fbf74200000, 0x00007fc96b0a0000)
  eden space 2356096K, 100% used [0x00007fbec0600000, 0x00007fbf502e0000, 0x00007fbf502e0000)
  from space 294464K,  51% used [0x00007fbf502e0000, 0x00007fbf597ea940, 0x00007fbf62270000)
  to   space 294464K,   0% used [0x00007fbf62270000, 0x00007fbf62270000, 0x00007fbf74200000)
 tenured generation   total 5890032K, used 5812603K [0x00007fc96b0a0000, 0x00007fcad289c000, 0x00007fdec0600000)
   the space 5890032K,  98% used [0x00007fc96b0a0000, 0x00007fcacdcfece0, 0x00007fcacdcfee00, 0x00007fcad289c000)
 Metaspace       used 24287K, capacity 24715K, committed 24832K, reserved 26624K
}
Event: 636.277 GC heap after
{Heap after GC invocations=1407 (full 6):
 def new generation   total 2650560K, used 150033K [0x00007fbec0600000, 0x00007fbf74200000, 0x00007fc96b0a0000)
  eden space 2356096K,   0% used [0x00007fbec0600000, 0x00007fbec0600000, 0x00007fbf502e0000)
  from space 294464K,  50% used [0x00007fbf62270000, 0x00007fbf6b4f4788, 0x00007fbf74200000)
  to   space 294464K,   0% used [0x00007fbf502e0000, 0x00007fbf502e0000, 0x00007fbf62270000)
 tenured generation   total 5890032K, used 5829561K [0x00007fc96b0a0000, 0x00007fcad289c000, 0x00007fdec0600000)
   the space 5890032K,  98% used [0x00007fc96b0a0000, 0x00007fcaced8e738, 0x00007fcaced8e800, 0x00007fcad289c000)
 Metaspace       used 24287K, capacity 24715K, committed 24832K, reserved 26624K
}
Event: 637.285 GC heap before
{Heap before GC invocations=1407 (full 6):
 def new generation   total 2650560K, used 2506129K [0x00007fbec0600000, 0x00007fbf74200000, 0x00007fc96b0a0000)
  eden space 2356096K, 100% used [0x00007fbec0600000, 0x00007fbf502e0000, 0x00007fbf502e0000)
  from space 294464K,  50% used [0x00007fbf62270000, 0x00007fbf6b4f4788, 0x00007fbf74200000)
  to   space 294464K,   0% used [0x00007fbf502e0000, 0x00007fbf502e0000, 0x00007fbf62270000)
 tenured generation   total 5890032K, used 5829561K [0x00007fc96b0a0000, 0x00007fcad289c000, 0x00007fdec0600000)
   the space 5890032K,  98% used [0x00007fc96b0a0000, 0x00007fcaced8e738, 0x00007fcaced8e800, 0x00007fcad289c000)
 Metaspace       used 24287K, capacity 24715K, committed 24832K, reserved 26624K
}
Event: 637.318 GC heap after
{Heap after GC invocations=1408 (full 6):
 def new generation   total 2650560K, used 144386K [0x00007fbec0600000, 0x00007fbf74200000, 0x00007fc96b0a0000)
  eden space 2356096K,   0% used [0x00007fbec0600000, 0x00007fbec0600000, 0x00007fbf502e0000)
  from space 294464K,  49% used [0x00007fbf502e0000, 0x00007fbf58fe0ba0, 0x00007fbf62270000)
  to   space 294464K,   0% used [0x00007fbf62270000, 0x00007fbf62270000, 0x00007fbf74200000)
 tenured generation   total 5890032K, used 5846520K [0x00007fc96b0a0000, 0x00007fcad289c000, 0x00007fdec0600000)
   the space 5890032K,  99% used [0x00007fc96b0a0000, 0x00007fcacfe1e190, 0x00007fcacfe1e200, 0x00007fcad289c000)
 Metaspace       used 24287K, capacity 24715K, committed 24832K, reserved 26624K
}
Event: 638.395 GC heap before
{Heap before GC invocations=1408 (full 6):
 def new generation   total 2650560K, used 2500482K [0x00007fbec0600000, 0x00007fbf74200000, 0x00007fc96b0a0000)
  eden space 2356096K, 100% used [0x00007fbec0600000, 0x00007fbf502e0000, 0x00007fbf502e0000)
  from space 294464K,  49% used [0x00007fbf502e0000, 0x00007fbf58fe0ba0, 0x00007fbf62270000)
  to   space 294464K,   0% used [0x00007fbf62270000, 0x00007fbf62270000, 0x00007fbf74200000)
 tenured generation   total 5890032K, used 5846520K [0x00007fc96b0a0000, 0x00007fcad289c000, 0x00007fdec0600000)
   the space 5890032K,  99% used [0x00007fc96b0a0000, 0x00007fcacfe1e190, 0x00007fcacfe1e200, 0x00007fcad289c000)
 Metaspace       used 24287K, capacity 24715K, committed 24832K, reserved 26624K
}
Event: 638.420 GC heap after
{Heap after GC invocations=1409 (full 6):
 def new generation   total 2650560K, used 153112K [0x00007fbec0600000, 0x00007fbf74200000, 0x00007fc96b0a0000)
  eden space 2356096K,   0% used [0x00007fbec0600000, 0x00007fbec0600000, 0x00007fbf502e0000)
  from space 294464K,  51% used [0x00007fbf62270000, 0x00007fbf6b7f6288, 0x00007fbf74200000)
  to   space 294464K,   0% used [0x00007fbf502e0000, 0x00007fbf502e0000, 0x00007fbf62270000)
 tenured generation   total 5890032K, used 5846520K [0x00007fc96b0a0000, 0x00007fcad289c000, 0x00007fdec0600000)
   the space 5890032K,  99% used [0x00007fc96b0a0000, 0x00007fcacfe1e190, 0x00007fcacfe1e200, 0x00007fcad289c000)
 Metaspace       used 24287K, capacity 24715K, committed 24832K, reserved 26624K
}
Event: 639.336 GC heap before
{Heap before GC invocations=1409 (full 6):
 def new generation   total 2650560K, used 2494103K [0x00007fbec0600000, 0x00007fbf74200000, 0x00007fc96b0a0000)
  eden space 2356096K,  99% used [0x00007fbec0600000, 0x00007fbf4f41fca0, 0x00007fbf502e0000)
  from space 294464K,  51% used [0x00007fbf62270000, 0x00007fbf6b7f6288, 0x00007fbf74200000)
  to   space 294464K,   0% used [0x00007fbf502e0000, 0x00007fbf502e0000, 0x00007fbf62270000)
 tenured generation   total 5890032K, used 5846520K [0x00007fc96b0a0000, 0x00007fcad289c000, 0x00007fdec0600000)
   the space 5890032K,  99% used [0x00007fc96b0a0000, 0x00007fcacfe1e190, 0x00007fcacfe1e200, 0x00007fcad289c000)
 Metaspace       used 24287K, capacity 24715K, committed 24832K, reserved 26624K
}
Event: 639.375 GC heap after
{Heap after GC invocations=1410 (full 6):
 def new generation   total 2650560K, used 151588K [0x00007fbec0600000, 0x00007fbf74200000, 0x00007fc96b0a0000)
  eden space 2356096K,   0% used [0x00007fbec0600000, 0x00007fbec0600000, 0x00007fbf502e0000)
  from space 294464K,  51% used [0x00007fbf502e0000, 0x00007fbf596e9080, 0x00007fbf62270000)
  to   space 294464K,   0% used [0x00007fbf62270000, 0x00007fbf62270000, 0x00007fbf74200000)
 tenured generation   total 5890032K, used 5863478K [0x00007fc96b0a0000, 0x00007fcad289c000, 0x00007fdec0600000)
   the space 5890032K,  99% used [0x00007fc96b0a0000, 0x00007fcad0eadbe8, 0x00007fcad0eadc00, 0x00007fcad289c000)
 Metaspace       used 24287K, capacity 24715K, committed 24832K, reserved 26624K
}
Event: 640.400 GC heap before
{Heap before GC invocations=1410 (full 6):
 def new generation   total 2650560K, used 2507684K [0x00007fbec0600000, 0x00007fbf74200000, 0x00007fc96b0a0000)
  eden space 2356096K, 100% used [0x00007fbec0600000, 0x00007fbf502e0000, 0x00007fbf502e0000)
  from space 294464K,  51% used [0x00007fbf502e0000, 0x00007fbf596e9080, 0x00007fbf62270000)
  to   space 294464K,   0% used [0x00007fbf62270000, 0x00007fbf62270000, 0x00007fbf74200000)
 tenured generation   total 5890032K, used 5863478K [0x00007fc96b0a0000, 0x00007fcad289c000, 0x00007fdec0600000)
   the space 5890032K,  99% used [0x00007fc96b0a0000, 0x00007fcad0eadbe8, 0x00007fcad0eadc00, 0x00007fcad289c000)
 Metaspace       used 24287K, capacity 24715K, committed 24832K, reserved 26624K
}
Event: 640.431 GC heap after
{Heap after GC invocations=1411 (full 6):
 def new generation   total 2650560K, used 145945K [0x00007fbec0600000, 0x00007fbf74200000, 0x00007fc96b0a0000)
  eden space 2356096K,   0% used [0x00007fbec0600000, 0x00007fbec0600000, 0x00007fbf502e0000)
  from space 294464K,  49% used [0x00007fbf62270000, 0x00007fbf6b0f6540, 0x00007fbf74200000)
  to   space 294464K,   0% used [0x00007fbf502e0000, 0x00007fbf502e0000, 0x00007fbf62270000)
 tenured generation   total 5890032K, used 5880437K [0x00007fc96b0a0000, 0x00007fcad289c000, 0x00007fdec0600000)
   the space 5890032K,  99% used [0x00007fc96b0a0000, 0x00007fcad1f3d640, 0x00007fcad1f3d800, 0x00007fcad289c000)
 Metaspace       used 24287K, capacity 24715K, committed 24832K, reserved 26624K
}
Event: 641.416 GC heap before
{Heap before GC invocations=1411 (full 6):
 def new generation   total 2650560K, used 2502041K [0x00007fbec0600000, 0x00007fbf74200000, 0x00007fc96b0a0000)
  eden space 2356096K, 100% used [0x00007fbec0600000, 0x00007fbf502e0000, 0x00007fbf502e0000)
  from space 294464K,  49% used [0x00007fbf62270000, 0x00007fbf6b0f6540, 0x00007fbf74200000)
  to   space 294464K,   0% used [0x00007fbf502e0000, 0x00007fbf502e0000, 0x00007fbf62270000)
 tenured generation   total 5890032K, used 5880437K [0x00007fc96b0a0000, 0x00007fcad289c000, 0x00007fdec0600000)
   the space 5890032K,  99% used [0x00007fc96b0a0000, 0x00007fcad1f3d640, 0x00007fcad1f3d800, 0x00007fcad289c000)
 Metaspace       used 24287K, capacity 24715K, committed 24832K, reserved 26624K
}
Event: 641.440 GC heap after
{Heap after GC invocations=1412 (full 6):
 def new generation   total 2650560K, used 157751K [0x00007fbec0600000, 0x00007fbf74200000, 0x00007fc96b0a0000)
  eden space 2356096K,   0% used [0x00007fbec0600000, 0x00007fbec0600000, 0x00007fbf502e0000)
  from space 294464K,  53% used [0x00007fbf502e0000, 0x00007fbf59cede00, 0x00007fbf62270000)
  to   space 294464K,   0% used [0x00007fbf62270000, 0x00007fbf62270000, 0x00007fbf74200000)
 tenured generation   total 5890032K, used 5880437K [0x00007fc96b0a0000, 0x00007fcad289c000, 0x00007fdec0600000)
   the space 5890032K,  99% used [0x00007fc96b0a0000, 0x00007fcad1f3d640, 0x00007fcad1f3d800, 0x00007fcad289c000)
 Metaspace       used 24287K, capacity 24715K, committed 24832K, reserved 26624K
}
Event: 642.495 GC heap before
{Heap before GC invocations=1412 (full 6):
 def new generation   total 2650560K, used 2513847K [0x00007fbec0600000, 0x00007fbf74200000, 0x00007fc96b0a0000)
  eden space 2356096K, 100% used [0x00007fbec0600000, 0x00007fbf502e0000, 0x00007fbf502e0000)
  from space 294464K,  53% used [0x00007fbf502e0000, 0x00007fbf59cede00, 0x00007fbf62270000)
  to   space 294464K,   0% used [0x00007fbf62270000, 0x00007fbf62270000, 0x00007fbf74200000)
 tenured generation   total 5890032K, used 5880437K [0x00007fc96b0a0000, 0x00007fcad289c000, 0x00007fdec0600000)
   the space 5890032K,  99% used [0x00007fc96b0a0000, 0x00007fcad1f3d640, 0x00007fcad1f3d800, 0x00007fcad289c000)
 Metaspace       used 24287K, capacity 24715K, committed 24832K, reserved 26624K
}
Event: 642.535 GC heap after
{Heap after GC invocations=1413 (full 6):
 def new generation   total 2650560K, used 153110K [0x00007fbec0600000, 0x00007fbf74200000, 0x00007fc96b0a0000)
  eden space 2356096K,   0% used [0x00007fbec0600000, 0x00007fbec0600000, 0x00007fbf502e0000)
  from space 294464K,  51% used [0x00007fbf62270000, 0x00007fbf6b7f5928, 0x00007fbf74200000)
  to   space 294464K,   0% used [0x00007fbf502e0000, 0x00007fbf502e0000, 0x00007fbf62270000)
 tenured generation   total 5906420K, used 5897396K [0x00007fc96b0a0000, 0x00007fcad389d000, 0x00007fdec0600000)
   the space 5906420K,  99% used [0x00007fc96b0a0000, 0x00007fcad2fcd098, 0x00007fcad2fcd200, 0x00007fcad389d000)
 Metaspace       used 24287K, capacity 24715K, committed 24832K, reserved 26624K
}
Event: 642.535 GC heap before
{Heap before GC invocations=1413 (full 6):
 def new generation   total 2650560K, used 153110K [0x00007fbec0600000, 0x00007fbf74200000, 0x00007fc96b0a0000)
  eden space 2356096K,   0% used [0x00007fbec0600000, 0x00007fbec0600000, 0x00007fbf502e0000)
  from space 294464K,  51% used [0x00007fbf62270000, 0x00007fbf6b7f5928, 0x00007fbf74200000)
  to   space 294464K,   0% used [0x00007fbf502e0000, 0x00007fbf502e0000, 0x00007fbf62270000)
 tenured generation   total 5906420K, used 5897396K [0x00007fc96b0a0000, 0x00007fcad389d000, 0x00007fdec0600000)
   the space 5906420K,  99% used [0x00007fc96b0a0000, 0x00007fcad2fcd098, 0x00007fcad2fcd200, 0x00007fcad389d000)
 Metaspace       used 24287K, capacity 24715K, committed 24832K, reserved 26624K
}

