# JRE version: OpenJDK Runtime Environment (13.0.7+5) (build 13.0.7+5-Ubuntu-0ubuntu120.04)
# Java VM: OpenJDK 64-Bit Server VM (13.0.7+5-Ubuntu-0ubuntu120.04, mixed mode, tiered, serial gc, linux-amd64)
Heap:
 def new generation   total 1269504K, used 0K [0x00007faeac600000, 0x00007faf02780000, 0x00007fb401b50000)
  eden space 1128448K,   0% used [0x00007faeac600000, 0x00007faeac600000, 0x00007faef1400000)
  from space 141056K,   0% used [0x00007faef1400000, 0x00007faef1400000, 0x00007faef9dc0000)
  to   space 141056K,   0% used [0x00007faef9dc0000, 0x00007faef9dc0000, 0x00007faf02780000)
 tenured generation   total 2821012K, used 14992K [0x00007fb401b50000, 0x00007fb4ade35000, 0x00007fbeac600000)
   the space 2821012K,   0% used [0x00007fb401b50000, 0x00007fb4029f42a8, 0x00007fb4029f4400, 0x00007fb4ade35000)
 Metaspace       used 23322K, capacity 23681K, committed 23808K, reserved 24576K
GC Heap History (20 events):
Event: 5.716 GC heap before
{Heap before GC invocations=2 (full 1):
 def new generation   total 629248K, used 560194K [0x00007faeac600000, 0x00007faed70c0000, 0x00007fb401b50000)
  eden space 559360K, 100% used [0x00007faeac600000, 0x00007faece840000, 0x00007faece840000)
  from space 69888K,   1% used [0x00007faed2c80000, 0x00007faed2d508a0, 0x00007faed70c0000)
  to   space 69888K,   0% used [0x00007faece840000, 0x00007faece840000, 0x00007faed2c80000)
 tenured generation   total 1398144K, used 13612K [0x00007fb401b50000, 0x00007fb4570b0000, 0x00007fbeac600000)
   the space 1398144K,   0% used [0x00007fb401b50000, 0x00007fb40289b0e8, 0x00007fb40289b200, 0x00007fb4570b0000)
 Metaspace       used 23094K, capacity 23454K, committed 23552K, reserved 24576K
}
Event: 5.719 GC heap after
{Heap after GC invocations=3 (full 1):
 def new generation   total 629248K, used 859K [0x00007faeac600000, 0x00007faed70c0000, 0x00007fb401b50000)
  eden space 559360K,   0% used [0x00007faeac600000, 0x00007faeac600000, 0x00007faece840000)
  from space 69888K,   1% used [0x00007faece840000, 0x00007faece916e18, 0x00007faed2c80000)
  to   space 69888K,   0% used [0x00007faed2c80000, 0x00007faed2c80000, 0x00007faed70c0000)
 tenured generation   total 1398144K, used 13612K [0x00007fb401b50000, 0x00007fb4570b0000, 0x00007fbeac600000)
   the space 1398144K,   0% used [0x00007fb401b50000, 0x00007fb40289b0e8, 0x00007fb40289b200, 0x00007fb4570b0000)
 Metaspace       used 23094K, capacity 23454K, committed 23552K, reserved 24576K
}
Event: 6.348 GC heap before
{Heap before GC invocations=3 (full 1):
 def new generation   total 629248K, used 556825K [0x00007faeac600000, 0x00007faed70c0000, 0x00007fb401b50000)
  eden space 559360K,  99% used [0x00007faeac600000, 0x00007faece4ef878, 0x00007faece840000)
  from space 69888K,   1% used [0x00007faece840000, 0x00007faece916e18, 0x00007faed2c80000)
  to   space 69888K,   0% used [0x00007faed2c80000, 0x00007faed2c80000, 0x00007faed70c0000)
 tenured generation   total 1398144K, used 13612K [0x00007fb401b50000, 0x00007fb4570b0000, 0x00007fbeac600000)
   the space 1398144K,   0% used [0x00007fb401b50000, 0x00007fb40289b0e8, 0x00007fb40289b200, 0x00007fb4570b0000)
 Metaspace       used 23258K, capacity 23594K, committed 23808K, reserved 24576K
}
Event: 6.353 GC heap after
{Heap after GC invocations=4 (full 1):
 def new generation   total 629248K, used 3213K [0x00007faeac600000, 0x00007faed70c0000, 0x00007fb401b50000)
  eden space 559360K,   0% used [0x00007faeac600000, 0x00007faeac600000, 0x00007faece840000)
  from space 69888K,   4% used [0x00007faed2c80000, 0x00007faed2fa3588, 0x00007faed70c0000)
  to   space 69888K,   0% used [0x00007faece840000, 0x00007faece840000, 0x00007faed2c80000)
 tenured generation   total 1398144K, used 13612K [0x00007fb401b50000, 0x00007fb4570b0000, 0x00007fbeac600000)
   the space 1398144K,   0% used [0x00007fb401b50000, 0x00007fb40289b0e8, 0x00007fb40289b200, 0x00007fb4570b0000)
 Metaspace       used 23258K, capacity 23594K, committed 23808K, reserved 24576K
}
Event: 6.814 GC heap before
{Heap before GC invocations=4 (full 1):
 def new generation   total 629248K, used 562573K [0x00007faeac600000, 0x00007faed70c0000, 0x00007fb401b50000)
  eden space 559360K, 100% used [0x00007faeac600000, 0x00007faece840000, 0x00007faece840000)
  from space 69888K,   4% used [0x00007faed2c80000, 0x00007faed2fa3588, 0x00007faed70c0000)
  to   space 69888K,   0% used [0x00007faece840000, 0x00007faece840000, 0x00007faed2c80000)
 tenured generation   total 1398144K, used 13612K [0x00007fb401b50000, 0x00007fb4570b0000, 0x00007fbeac600000)
   the space 1398144K,   0% used [0x00007fb401b50000, 0x00007fb40289b0e8, 0x00007fb40289b200, 0x00007fb4570b0000)
 Metaspace       used 23281K, capacity 23659K, committed 23808K, reserved 24576K
}
Event: 6.816 GC heap after
{Heap after GC invocations=5 (full 1):
 def new generation   total 629248K, used 1208K [0x00007faeac600000, 0x00007faed70c0000, 0x00007fb401b50000)
  eden space 559360K,   0% used [0x00007faeac600000, 0x00007faeac600000, 0x00007faece840000)
  from space 69888K,   1% used [0x00007faece840000, 0x00007faece96e050, 0x00007faed2c80000)
  to   space 69888K,   0% used [0x00007faed2c80000, 0x00007faed2c80000, 0x00007faed70c0000)
 tenured generation   total 1398144K, used 13612K [0x00007fb401b50000, 0x00007fb4570b0000, 0x00007fbeac600000)
   the space 1398144K,   0% used [0x00007fb401b50000, 0x00007fb40289b0e8, 0x00007fb40289b200, 0x00007fb4570b0000)
 Metaspace       used 23281K, capacity 23659K, committed 23808K, reserved 24576K
}
Event: 7.892 GC heap before
{Heap before GC invocations=5 (full 1):
 def new generation   total 629248K, used 77823K [0x00007faeac600000, 0x00007faed70c0000, 0x00007fb401b50000)
  eden space 559360K,  13% used [0x00007faeac600000, 0x00007faeb10d1da0, 0x00007faece840000)
  from space 69888K,   1% used [0x00007faece840000, 0x00007faece96e050, 0x00007faed2c80000)
  to   space 69888K,   0% used [0x00007faed2c80000, 0x00007faed2c80000, 0x00007faed70c0000)
 tenured generation   total 1398144K, used 1062188K [0x00007fb401b50000, 0x00007fb4570b0000, 0x00007fbeac600000)
   the space 1398144K,  75% used [0x00007fb401b50000, 0x00007fb44289b100, 0x00007fb44289b200, 0x00007fb4570b0000)
 Metaspace       used 23281K, capacity 23659K, committed 23808K, reserved 24576K
}
Event: 7.894 GC heap after
{Heap after GC invocations=6 (full 1):
 def new generation   total 629248K, used 1272K [0x00007faeac600000, 0x00007faed70c0000, 0x00007fb401b50000)
  eden space 559360K,   0% used [0x00007faeac600000, 0x00007faeac600000, 0x00007faece840000)
  from space 69888K,   1% used [0x00007faed2c80000, 0x00007faed2dbe2d0, 0x00007faed70c0000)
  to   space 69888K,   0% used [0x00007faece840000, 0x00007faece840000, 0x00007faed2c80000)
 tenured generation   total 1398144K, used 1062188K [0x00007fb401b50000, 0x00007fb4570b0000, 0x00007fbeac600000)
   the space 1398144K,  75% used [0x00007fb401b50000, 0x00007fb44289b100, 0x00007fb44289b200, 0x00007fb4570b0000)
 Metaspace       used 23281K, capacity 23659K, committed 23808K, reserved 24576K
}
Event: 7.895 GC heap before
{Heap before GC invocations=6 (full 1):
 def new generation   total 629248K, used 1272K [0x00007faeac600000, 0x00007faed70c0000, 0x00007fb401b50000)
  eden space 559360K,   0% used [0x00007faeac600000, 0x00007faeac600000, 0x00007faece840000)
  from space 69888K,   1% used [0x00007faed2c80000, 0x00007faed2dbe2d0, 0x00007faed70c0000)
  to   space 69888K,   0% used [0x00007faece840000, 0x00007faece840000, 0x00007faed2c80000)
 tenured generation   total 1398144K, used 1062188K [0x00007fb401b50000, 0x00007fb4570b0000, 0x00007fbeac600000)
   the space 1398144K,  75% used [0x00007fb401b50000, 0x00007fb44289b100, 0x00007fb44289b200, 0x00007fb4570b0000)
 Metaspace       used 23281K, capacity 23659K, committed 23808K, reserved 24576K
}
Event: 7.927 GC heap after
{Heap after GC invocations=6 (full 2):
 def new generation   total 797696K, used 0K [0x00007faeac600000, 0x00007faee2780000, 0x00007fb401b50000)
  eden space 709120K,   0% used [0x00007faeac600000, 0x00007faeac600000, 0x00007faed7a80000)
  from space 88576K,   0% used [0x00007faed7a80000, 0x00007faed7a80000, 0x00007faedd100000)
  to   space 88576K,   0% used [0x00007faedd100000, 0x00007faedd100000, 0x00007faee2780000)
 tenured generation   total 1772432K, used 1063459K [0x00007fb401b50000, 0x00007fb46de34000, 0x00007fbeac600000)
   the space 1772432K,  59% used [0x00007fb401b50000, 0x00007fb4429d8c08, 0x00007fb4429d8e00, 0x00007fb46de34000)
 Metaspace       used 23281K, capacity 23659K, committed 23808K, reserved 24576K
}
Event: 9.028 GC heap before
{Heap before GC invocations=6 (full 2):
 def new generation   total 797696K, used 709120K [0x00007faeac600000, 0x00007faee2780000, 0x00007fb401b50000)
  eden space 709120K, 100% used [0x00007faeac600000, 0x00007faed7a80000, 0x00007faed7a80000)
  from space 88576K,   0% used [0x00007faed7a80000, 0x00007faed7a80000, 0x00007faedd100000)
  to   space 88576K,   0% used [0x00007faedd100000, 0x00007faedd100000, 0x00007faee2780000)
 tenured generation   total 2821012K, used 2112035K [0x00007fb401b50000, 0x00007fb4ade35000, 0x00007fbeac600000)
   the space 2821012K,  74% used [0x00007fb401b50000, 0x00007fb4829d8c20, 0x00007fb4829d8e00, 0x00007fb4ade35000)
 Metaspace       used 23305K, capacity 23665K, committed 23808K, reserved 24576K
}
Event: 9.030 GC heap after
{Heap after GC invocations=7 (full 2):
 def new generation   total 797696K, used 569K [0x00007faeac600000, 0x00007faee2780000, 0x00007fb401b50000)
  eden space 709120K,   0% used [0x00007faeac600000, 0x00007faeac600000, 0x00007faed7a80000)
  from space 88576K,   0% used [0x00007faedd100000, 0x00007faedd18e5e0, 0x00007faee2780000)
  to   space 88576K,   0% used [0x00007faed7a80000, 0x00007faed7a80000, 0x00007faedd100000)
 tenured generation   total 2821012K, used 2112035K [0x00007fb401b50000, 0x00007fb4ade35000, 0x00007fbeac600000)
   the space 2821012K,  74% used [0x00007fb401b50000, 0x00007fb4829d8c20, 0x00007fb4829d8e00, 0x00007fb4ade35000)
 Metaspace       used 23305K, capacity 23665K, committed 23808K, reserved 24576K
}
Event: 9.845 GC heap before
{Heap before GC invocations=7 (full 2):
 def new generation   total 797696K, used 709689K [0x00007faeac600000, 0x00007faee2780000, 0x00007fb401b50000)
  eden space 709120K, 100% used [0x00007faeac600000, 0x00007faed7a80000, 0x00007faed7a80000)
  from space 88576K,   0% used [0x00007faedd100000, 0x00007faedd18e5e0, 0x00007faee2780000)
  to   space 88576K,   0% used [0x00007faed7a80000, 0x00007faed7a80000, 0x00007faedd100000)
 tenured generation   total 2821012K, used 2112035K [0x00007fb401b50000, 0x00007fb4ade35000, 0x00007fbeac600000)
   the space 2821012K,  74% used [0x00007fb401b50000, 0x00007fb4829d8c20, 0x00007fb4829d8e00, 0x00007fb4ade35000)
 Metaspace       used 23318K, capacity 23679K, committed 23808K, reserved 24576K
}
Event: 9.847 GC heap after
{Heap after GC invocations=8 (full 2):
 def new generation   total 797696K, used 511K [0x00007faeac600000, 0x00007faee2780000, 0x00007fb401b50000)
  eden space 709120K,   0% used [0x00007faeac600000, 0x00007faeac600000, 0x00007faed7a80000)
  from space 88576K,   0% used [0x00007faed7a80000, 0x00007faed7affe40, 0x00007faedd100000)
  to   space 88576K,   0% used [0x00007faedd100000, 0x00007faedd100000, 0x00007faee2780000)
 tenured generation   total 2821012K, used 2112035K [0x00007fb401b50000, 0x00007fb4ade35000, 0x00007fbeac600000)
   the space 2821012K,  74% used [0x00007fb401b50000, 0x00007fb4829d8c20, 0x00007fb4829d8e00, 0x00007fb4ade35000)
 Metaspace       used 23318K, capacity 23679K, committed 23808K, reserved 24576K
}
Event: 10.245 GC heap before
{Heap before GC invocations=8 (full 2):
 def new generation   total 797696K, used 709631K [0x00007faeac600000, 0x00007faee2780000, 0x00007fb401b50000)
  eden space 709120K, 100% used [0x00007faeac600000, 0x00007faed7a80000, 0x00007faed7a80000)
  from space 88576K,   0% used [0x00007faed7a80000, 0x00007faed7affe40, 0x00007faedd100000)
  to   space 88576K,   0% used [0x00007faedd100000, 0x00007faedd100000, 0x00007faee2780000)
 tenured generation   total 2821012K, used 2112035K [0x00007fb401b50000, 0x00007fb4ade35000, 0x00007fbeac600000)
   the space 2821012K,  74% used [0x00007fb401b50000, 0x00007fb4829d8c20, 0x00007fb4829d8e00, 0x00007fb4ade35000)
 Metaspace       used 23318K, capacity 23679K, committed 23808K, reserved 24576K
}
Event: 10.247 GC heap after
{Heap after GC invocations=9 (full 2):
 def new generation   total 797696K, used 801K [0x00007faeac600000, 0x00007faee2780000, 0x00007fb401b50000)
  eden space 709120K,   0% used [0x00007faeac600000, 0x00007faeac600000, 0x00007faed7a80000)
  from space 88576K,   0% used [0x00007faedd100000, 0x00007faedd1c8560, 0x00007faee2780000)
  to   space 88576K,   0% used [0x00007faed7a80000, 0x00007faed7a80000, 0x00007faedd100000)
 tenured generation   total 2821012K, used 2112035K [0x00007fb401b50000, 0x00007fb4ade35000, 0x00007fbeac600000)
   the space 2821012K,  74% used [0x00007fb401b50000, 0x00007fb4829d8c20, 0x00007fb4829d8e00, 0x00007fb4ade35000)
 Metaspace       used 23318K, capacity 23679K, committed 23808K, reserved 24576K
}
Event: 10.471 GC heap before
{Heap before GC invocations=9 (full 2):
 def new generation   total 797696K, used 316923K [0x00007faeac600000, 0x00007faee2780000, 0x00007fb401b50000)
  eden space 709120K,  44% used [0x00007faeac600000, 0x00007faebfab66d0, 0x00007faed7a80000)
  from space 88576K,   0% used [0x00007faedd100000, 0x00007faedd1c8560, 0x00007faee2780000)
  to   space 88576K,   0% used [0x00007faed7a80000, 0x00007faed7a80000, 0x00007faedd100000)
 tenured generation   total 2821012K, used 2112035K [0x00007fb401b50000, 0x00007fb4ade35000, 0x00007fbeac600000)
   the space 2821012K,  74% used [0x00007fb401b50000, 0x00007fb4829d8c20, 0x00007fb4829d8e00, 0x00007fb4ade35000)
 Metaspace       used 23322K, capacity 23681K, committed 23808K, reserved 24576K
}
Event: 10.473 GC heap after
{Heap after GC invocations=10 (full 2):
 def new generation   total 797696K, used 923K [0x00007faeac600000, 0x00007faee2780000, 0x00007fb401b50000)
  eden space 709120K,   0% used [0x00007faeac600000, 0x00007faeac600000, 0x00007faed7a80000)
  from space 88576K,   1% used [0x00007faed7a80000, 0x00007faed7b66f08, 0x00007faedd100000)
  to   space 88576K,   0% used [0x00007faedd100000, 0x00007faedd100000, 0x00007faee2780000)
 tenured generation   total 2821012K, used 2112035K [0x00007fb401b50000, 0x00007fb4ade35000, 0x00007fbeac600000)
   the space 2821012K,  74% used [0x00007fb401b50000, 0x00007fb4829d8c20, 0x00007fb4829d8e00, 0x00007fb4ade35000)
 Metaspace       used 23322K, capacity 23681K, committed 23808K, reserved 24576K
}
Event: 10.473 GC heap before
{Heap before GC invocations=10 (full 2):
 def new generation   total 797696K, used 923K [0x00007faeac600000, 0x00007faee2780000, 0x00007fb401b50000)
  eden space 709120K,   0% used [0x00007faeac600000, 0x00007faeac600000, 0x00007faed7a80000)
  from space 88576K,   1% used [0x00007faed7a80000, 0x00007faed7b66f08, 0x00007faedd100000)
  to   space 88576K,   0% used [0x00007faedd100000, 0x00007faedd100000, 0x00007faee2780000)
 tenured generation   total 2821012K, used 2112035K [0x00007fb401b50000, 0x00007fb4ade35000, 0x00007fbeac600000)
   the space 2821012K,  74% used [0x00007fb401b50000, 0x00007fb4829d8c20, 0x00007fb4829d8e00, 0x00007fb4ade35000)
 Metaspace       used 23322K, capacity 23681K, committed 23808K, reserved 24576K
}
Event: 10.504 GC heap after
{Heap after GC invocations=10 (full 3):
 def new generation   total 1269504K, used 0K [0x00007faeac600000, 0x00007faf02780000, 0x00007fb401b50000)
  eden space 1128448K,   0% used [0x00007faeac600000, 0x00007faeac600000, 0x00007faef1400000)
  from space 141056K,   0% used [0x00007faef1400000, 0x00007faef1400000, 0x00007faef9dc0000)
  to   space 141056K,   0% used [0x00007faef9dc0000, 0x00007faef9dc0000, 0x00007faf02780000)
 tenured generation   total 2821012K, used 14992K [0x00007fb401b50000, 0x00007fb4ade35000, 0x00007fbeac600000)
   the space 2821012K,   0% used [0x00007fb401b50000, 0x00007fb4029f42a8, 0x00007fb4029f4400, 0x00007fb4ade35000)
 Metaspace       used 23322K, capacity 23681K, committed 23808K, reserved 24576K
}

