# JRE version: OpenJDK Runtime Environment (13.0.7+5) (build 13.0.7+5-Ubuntu-0ubuntu120.04)
# Java VM: OpenJDK 64-Bit Server VM (13.0.7+5-Ubuntu-0ubuntu120.04, mixed mode, tiered, serial gc, linux-amd64)
Heap:
 def new generation   total 12170560K, used 0K [0x00007f53f4600000, 0x00007f572dbe0000, 0x00007f5949b50000)
  eden space 10818304K,   0% used [0x00007f53f4600000, 0x00007f53f4600000, 0x00007f5688ac0000)
  from space 1352256K,   0% used [0x00007f56db350000, 0x00007f56db350000, 0x00007f572dbe0000)
  to   space 1352256K,   0% used [0x00007f5688ac0000, 0x00007f5688ac0000, 0x00007f56db350000)
 tenured generation   total 29571256K, used 23592371K [0x00007f5949b50000, 0x00007f605697e000, 0x00007f63f4600000)
   the space 29571256K,  79% used [0x00007f5949b50000, 0x00007f5ee9abcc00, 0x00007f5ee9abcc00, 0x00007f605697e000)
 Metaspace       used 30462K, capacity 30872K, committed 31232K, reserved 32768K
GC Heap History (20 events):
Event: 1177.121 GC heap after
{Heap after GC invocations=59 (full 11):
 def new generation   total 9105728K, used 811648K [0x00007f53f4600000, 0x00007f565de50000, 0x00007f5949b50000)
  eden space 8094016K,   0% used [0x00007f53f4600000, 0x00007f53f4600000, 0x00007f55e2650000)
  from space 1011712K,  80% used [0x00007f55e2650000, 0x00007f5613ef02a0, 0x00007f5620250000)
  to   space 1011712K,   0% used [0x00007f5620250000, 0x00007f5620250000, 0x00007f565de50000)
 tenured generation   total 20234868K, used 17913656K [0x00007f5949b50000, 0x00007f5e1cbed000, 0x00007f63f4600000)
   the space 20234868K,  88% used [0x00007f5949b50000, 0x00007f5d8f11e158, 0x00007f5d8f11e200, 0x00007f5e1cbed000)
 Metaspace       used 30462K, capacity 30872K, committed 31232K, reserved 32768K
}
Event: 1179.769 GC heap before
{Heap before GC invocations=59 (full 11):
 def new generation   total 9105728K, used 8905664K [0x00007f53f4600000, 0x00007f565de50000, 0x00007f5949b50000)
  eden space 8094016K, 100% used [0x00007f53f4600000, 0x00007f55e2650000, 0x00007f55e2650000)
  from space 1011712K,  80% used [0x00007f55e2650000, 0x00007f5613ef02a0, 0x00007f5620250000)
  to   space 1011712K,   0% used [0x00007f5620250000, 0x00007f5620250000, 0x00007f565de50000)
 tenured generation   total 20234868K, used 17913656K [0x00007f5949b50000, 0x00007f5e1cbed000, 0x00007f63f4600000)
   the space 20234868K,  88% used [0x00007f5949b50000, 0x00007f5d8f11e158, 0x00007f5d8f11e200, 0x00007f5e1cbed000)
 Metaspace       used 30462K, capacity 30872K, committed 31232K, reserved 32768K
}
Event: 1181.994 GC heap after
{Heap after GC invocations=60 (full 11):
 def new generation   total 9105728K, used 851844K [0x00007f53f4600000, 0x00007f565de50000, 0x00007f5949b50000)
  eden space 8094016K,   0% used [0x00007f53f4600000, 0x00007f53f4600000, 0x00007f55e2650000)
  from space 1011712K,  84% used [0x00007f5620250000, 0x00007f5654231310, 0x00007f565de50000)
  to   space 1011712K,   0% used [0x00007f55e2650000, 0x00007f55e2650000, 0x00007f5620250000)
 tenured generation   total 20234868K, used 18725304K [0x00007f5949b50000, 0x00007f5e1cbed000, 0x00007f63f4600000)
   the space 20234868K,  92% used [0x00007f5949b50000, 0x00007f5dc09be1e8, 0x00007f5dc09be200, 0x00007f5e1cbed000)
 Metaspace       used 30462K, capacity 30872K, committed 31232K, reserved 32768K
}
Event: 1184.469 GC heap before
{Heap before GC invocations=60 (full 11):
 def new generation   total 9105728K, used 8945860K [0x00007f53f4600000, 0x00007f565de50000, 0x00007f5949b50000)
  eden space 8094016K, 100% used [0x00007f53f4600000, 0x00007f55e2650000, 0x00007f55e2650000)
  from space 1011712K,  84% used [0x00007f5620250000, 0x00007f5654231310, 0x00007f565de50000)
  to   space 1011712K,   0% used [0x00007f55e2650000, 0x00007f55e2650000, 0x00007f5620250000)
 tenured generation   total 20234868K, used 18725304K [0x00007f5949b50000, 0x00007f5e1cbed000, 0x00007f63f4600000)
   the space 20234868K,  92% used [0x00007f5949b50000, 0x00007f5dc09be1e8, 0x00007f5dc09be200, 0x00007f5e1cbed000)
 Metaspace       used 30462K, capacity 30872K, committed 31232K, reserved 32768K
}
Event: 1186.720 GC heap after
{Heap after GC invocations=61 (full 11):
 def new generation   total 9105728K, used 856163K [0x00007f53f4600000, 0x00007f565de50000, 0x00007f5949b50000)
  eden space 8094016K,   0% used [0x00007f53f4600000, 0x00007f53f4600000, 0x00007f55e2650000)
  from space 1011712K,  84% used [0x00007f55e2650000, 0x00007f5616a68cb0, 0x00007f5620250000)
  to   space 1011712K,   0% used [0x00007f5620250000, 0x00007f5620250000, 0x00007f565de50000)
 tenured generation   total 20234868K, used 19577149K [0x00007f5949b50000, 0x00007f5e1cbed000, 0x00007f63f4600000)
   the space 20234868K,  96% used [0x00007f5949b50000, 0x00007f5df499f4d8, 0x00007f5df499f600, 0x00007f5e1cbed000)
 Metaspace       used 30462K, capacity 30872K, committed 31232K, reserved 32768K
}
Event: 1189.092 GC heap before
{Heap before GC invocations=61 (full 11):
 def new generation   total 9105728K, used 8950179K [0x00007f53f4600000, 0x00007f565de50000, 0x00007f5949b50000)
  eden space 8094016K, 100% used [0x00007f53f4600000, 0x00007f55e2650000, 0x00007f55e2650000)
  from space 1011712K,  84% used [0x00007f55e2650000, 0x00007f5616a68cb0, 0x00007f5620250000)
  to   space 1011712K,   0% used [0x00007f5620250000, 0x00007f5620250000, 0x00007f565de50000)
 tenured generation   total 20234868K, used 19577149K [0x00007f5949b50000, 0x00007f5e1cbed000, 0x00007f63f4600000)
   the space 20234868K,  96% used [0x00007f5949b50000, 0x00007f5df499f4d8, 0x00007f5df499f600, 0x00007f5e1cbed000)
 Metaspace       used 30462K, capacity 30872K, committed 31232K, reserved 32768K
}
Event: 1191.399 GC heap after
{Heap after GC invocations=62 (full 11):
 def new generation   total 9105728K, used 861089K [0x00007f53f4600000, 0x00007f565de50000, 0x00007f5949b50000)
  eden space 8094016K,   0% used [0x00007f53f4600000, 0x00007f53f4600000, 0x00007f55e2650000)
  from space 1011712K,  85% used [0x00007f5620250000, 0x00007f5654b38618, 0x00007f565de50000)
  to   space 1011712K,   0% used [0x00007f55e2650000, 0x00007f55e2650000, 0x00007f5620250000)
 tenured generation   total 20433396K, used 20433312K [0x00007f5949b50000, 0x00007f5e28dcd000, 0x00007f63f4600000)
   the space 20433396K,  99% used [0x00007f5949b50000, 0x00007f5e28db8088, 0x00007f5e28db8200, 0x00007f5e28dcd000)
 Metaspace       used 30462K, capacity 30872K, committed 31232K, reserved 32768K
}
Event: 1191.399 GC heap before
{Heap before GC invocations=62 (full 11):
 def new generation   total 9105728K, used 861089K [0x00007f53f4600000, 0x00007f565de50000, 0x00007f5949b50000)
  eden space 8094016K,   0% used [0x00007f53f4600000, 0x00007f53f4600000, 0x00007f55e2650000)
  from space 1011712K,  85% used [0x00007f5620250000, 0x00007f5654b38618, 0x00007f565de50000)
  to   space 1011712K,   0% used [0x00007f55e2650000, 0x00007f55e2650000, 0x00007f5620250000)
 tenured generation   total 20433396K, used 20433312K [0x00007f5949b50000, 0x00007f5e28dcd000, 0x00007f63f4600000)
   the space 20433396K,  99% used [0x00007f5949b50000, 0x00007f5e28db8088, 0x00007f5e28db8200, 0x00007f5e28dcd000)
 Metaspace       used 30462K, capacity 30872K, committed 31232K, reserved 32768K
}
Event: 1215.538 GC heap after
{Heap after GC invocations=62 (full 12):
 def new generation   total 12170560K, used 0K [0x00007f53f4600000, 0x00007f572dbe0000, 0x00007f5949b50000)
  eden space 10818304K,   0% used [0x00007f53f4600000, 0x00007f53f4600000, 0x00007f5688ac0000)
  from space 1352256K,   0% used [0x00007f5688ac0000, 0x00007f5688ac0000, 0x00007f56db350000)
  to   space 1352256K,   0% used [0x00007f56db350000, 0x00007f56db350000, 0x00007f572dbe0000)
 tenured generation   total 27045496K, used 16227296K [0x00007f5949b50000, 0x00007f5fbc6ee000, 0x00007f63f4600000)
   the space 27045496K,  59% used [0x00007f5949b50000, 0x00007f5d28248170, 0x00007f5d28248200, 0x00007f5fbc6ee000)
 Metaspace       used 30462K, capacity 30872K, committed 31232K, reserved 32768K
}
Event: 1219.792 GC heap before
{Heap before GC invocations=62 (full 12):
 def new generation   total 12170560K, used 10818304K [0x00007f53f4600000, 0x00007f572dbe0000, 0x00007f5949b50000)
  eden space 10818304K, 100% used [0x00007f53f4600000, 0x00007f5688ac0000, 0x00007f5688ac0000)
  from space 1352256K,   0% used [0x00007f5688ac0000, 0x00007f5688ac0000, 0x00007f56db350000)
  to   space 1352256K,   0% used [0x00007f56db350000, 0x00007f56db350000, 0x00007f572dbe0000)
 tenured generation   total 27045496K, used 16227296K [0x00007f5949b50000, 0x00007f5fbc6ee000, 0x00007f63f4600000)
   the space 27045496K,  59% used [0x00007f5949b50000, 0x00007f5d28248170, 0x00007f5d28248200, 0x00007f5fbc6ee000)
 Metaspace       used 30462K, capacity 30872K, committed 31232K, reserved 32768K
}
Event: 1222.332 GC heap after
{Heap after GC invocations=63 (full 12):
 def new generation   total 12170560K, used 1151677K [0x00007f53f4600000, 0x00007f572dbe0000, 0x00007f5949b50000)
  eden space 10818304K,   0% used [0x00007f53f4600000, 0x00007f53f4600000, 0x00007f5688ac0000)
  from space 1352256K,  85% used [0x00007f56db350000, 0x00007f57217ff5a0, 0x00007f572dbe0000)
  to   space 1352256K,   0% used [0x00007f5688ac0000, 0x00007f5688ac0000, 0x00007f56db350000)
 tenured generation   total 27045496K, used 16227296K [0x00007f5949b50000, 0x00007f5fbc6ee000, 0x00007f63f4600000)
   the space 27045496K,  59% used [0x00007f5949b50000, 0x00007f5d28248170, 0x00007f5d28248200, 0x00007f5fbc6ee000)
 Metaspace       used 30462K, capacity 30872K, committed 31232K, reserved 32768K
}
Event: 1225.785 GC heap before
{Heap before GC invocations=63 (full 12):
 def new generation   total 12170560K, used 11969981K [0x00007f53f4600000, 0x00007f572dbe0000, 0x00007f5949b50000)
  eden space 10818304K, 100% used [0x00007f53f4600000, 0x00007f5688ac0000, 0x00007f5688ac0000)
  from space 1352256K,  85% used [0x00007f56db350000, 0x00007f57217ff5a0, 0x00007f572dbe0000)
  to   space 1352256K,   0% used [0x00007f5688ac0000, 0x00007f5688ac0000, 0x00007f56db350000)
 tenured generation   total 27045496K, used 16227296K [0x00007f5949b50000, 0x00007f5fbc6ee000, 0x00007f63f4600000)
   the space 27045496K,  59% used [0x00007f5949b50000, 0x00007f5d28248170, 0x00007f5d28248200, 0x00007f5fbc6ee000)
 Metaspace       used 30462K, capacity 30872K, committed 31232K, reserved 32768K
}
Event: 1228.871 GC heap after
{Heap after GC invocations=64 (full 12):
 def new generation   total 12170560K, used 1076180K [0x00007f53f4600000, 0x00007f572dbe0000, 0x00007f5949b50000)
  eden space 10818304K,   0% used [0x00007f53f4600000, 0x00007f53f4600000, 0x00007f5688ac0000)
  from space 1352256K,  79% used [0x00007f5688ac0000, 0x00007f56ca5b51d0, 0x00007f56db350000)
  to   space 1352256K,   0% used [0x00007f56db350000, 0x00007f56db350000, 0x00007f572dbe0000)
 tenured generation   total 27045496K, used 17378973K [0x00007f5949b50000, 0x00007f5fbc6ee000, 0x00007f63f4600000)
   the space 27045496K,  64% used [0x00007f5949b50000, 0x00007f5d6e6f75c0, 0x00007f5d6e6f7600, 0x00007f5fbc6ee000)
 Metaspace       used 30462K, capacity 30872K, committed 31232K, reserved 32768K
}
Event: 1232.352 GC heap before
{Heap before GC invocations=64 (full 12):
 def new generation   total 12170560K, used 11894484K [0x00007f53f4600000, 0x00007f572dbe0000, 0x00007f5949b50000)
  eden space 10818304K, 100% used [0x00007f53f4600000, 0x00007f5688ac0000, 0x00007f5688ac0000)
  from space 1352256K,  79% used [0x00007f5688ac0000, 0x00007f56ca5b51d0, 0x00007f56db350000)
  to   space 1352256K,   0% used [0x00007f56db350000, 0x00007f56db350000, 0x00007f572dbe0000)
 tenured generation   total 27045496K, used 17378973K [0x00007f5949b50000, 0x00007f5fbc6ee000, 0x00007f63f4600000)
   the space 27045496K,  64% used [0x00007f5949b50000, 0x00007f5d6e6f75c0, 0x00007f5d6e6f7600, 0x00007f5fbc6ee000)
 Metaspace       used 30462K, capacity 30872K, committed 31232K, reserved 32768K
}
Event: 1235.206 GC heap after
{Heap after GC invocations=65 (full 12):
 def new generation   total 12170560K, used 1153085K [0x00007f53f4600000, 0x00007f572dbe0000, 0x00007f5949b50000)
  eden space 10818304K,   0% used [0x00007f53f4600000, 0x00007f53f4600000, 0x00007f5688ac0000)
  from space 1352256K,  85% used [0x00007f56db350000, 0x00007f572195f5f8, 0x00007f572dbe0000)
  to   space 1352256K,   0% used [0x00007f5688ac0000, 0x00007f5688ac0000, 0x00007f56db350000)
 tenured generation   total 27045496K, used 18455153K [0x00007f5949b50000, 0x00007f5fbc6ee000, 0x00007f63f4600000)
   the space 27045496K,  68% used [0x00007f5949b50000, 0x00007f5db01ec5c0, 0x00007f5db01ec600, 0x00007f5fbc6ee000)
 Metaspace       used 30462K, capacity 30872K, committed 31232K, reserved 32768K
}
Event: 1305.803 GC heap before
{Heap before GC invocations=65 (full 12):
 def new generation   total 12170560K, used 11971389K [0x00007f53f4600000, 0x00007f572dbe0000, 0x00007f5949b50000)
  eden space 10818304K, 100% used [0x00007f53f4600000, 0x00007f5688ac0000, 0x00007f5688ac0000)
  from space 1352256K,  85% used [0x00007f56db350000, 0x00007f572195f5f8, 0x00007f572dbe0000)
  to   space 1352256K,   0% used [0x00007f5688ac0000, 0x00007f5688ac0000, 0x00007f56db350000)
 tenured generation   total 27045496K, used 18455153K [0x00007f5949b50000, 0x00007f5fbc6ee000, 0x00007f63f4600000)
   the space 27045496K,  68% used [0x00007f5949b50000, 0x00007f5db01ec5c0, 0x00007f5db01ec600, 0x00007f5fbc6ee000)
 Metaspace       used 30462K, capacity 30872K, committed 31232K, reserved 32768K
}
Event: 1318.304 GC heap after
{Heap after GC invocations=66 (full 12):
 def new generation   total 12170560K, used 1352256K [0x00007f53f4600000, 0x00007f572dbe0000, 0x00007f5949b50000)
  eden space 10818304K,   0% used [0x00007f53f4600000, 0x00007f53f4600000, 0x00007f5688ac0000)
  from space 1352256K, 100% used [0x00007f5688ac0000, 0x00007f56db350000, 0x00007f56db350000)
  to   space 1352256K,   0% used [0x00007f56db350000, 0x00007f56db350000, 0x00007f572dbe0000)
 tenured generation   total 27045496K, used 24226124K [0x00007f5949b50000, 0x00007f5fbc6ee000, 0x00007f63f4600000)
   the space 27045496K,  89% used [0x00007f5949b50000, 0x00007f5f105a3168, 0x00007f5f105a3200, 0x00007f5fbc6ee000)
 Metaspace       used 30462K, capacity 30872K, committed 31232K, reserved 32768K
}
Event: 2195.070 GC heap before
{Heap before GC invocations=66 (full 12):
 def new generation   total 12170560K, used 12170560K [0x00007f53f4600000, 0x00007f572dbe0000, 0x00007f5949b50000)
  eden space 10818304K, 100% used [0x00007f53f4600000, 0x00007f5688ac0000, 0x00007f5688ac0000)
  from space 1352256K, 100% used [0x00007f5688ac0000, 0x00007f56db350000, 0x00007f56db350000)
  to   space 1352256K,   0% used [0x00007f56db350000, 0x00007f56db350000, 0x00007f572dbe0000)
 tenured generation   total 27045496K, used 24226124K [0x00007f5949b50000, 0x00007f5fbc6ee000, 0x00007f63f4600000)
   the space 27045496K,  89% used [0x00007f5949b50000, 0x00007f5f105a3168, 0x00007f5f105a3200, 0x00007f5fbc6ee000)
 Metaspace       used 30462K, capacity 30872K, committed 31232K, reserved 32768K
}
Event: 2208.651 GC heap after
{Heap after GC invocations=67 (full 12):
 def new generation   total 12170560K, used 1352256K [0x00007f53f4600000, 0x00007f572dbe0000, 0x00007f5949b50000)
  eden space 10818304K,   0% used [0x00007f53f4600000, 0x00007f53f4600000, 0x00007f5688ac0000)
  from space 1352256K, 100% used [0x00007f56db350000, 0x00007f572dbe0000, 0x00007f572dbe0000)
  to   space 1352256K,   0% used [0x00007f5688ac0000, 0x00007f5688ac0000, 0x00007f56db350000)
 tenured generation   total 29571256K, used 29571161K [0x00007f5949b50000, 0x00007f605697e000, 0x00007f63f4600000)
   the space 29571256K,  99% used [0x00007f5949b50000, 0x00007f60569665c8, 0x00007f6056966600, 0x00007f605697e000)
 Metaspace       used 30462K, capacity 30872K, committed 31232K, reserved 32768K
}
Event: 2208.651 GC heap before
{Heap before GC invocations=67 (full 12):
 def new generation   total 12170560K, used 1352256K [0x00007f53f4600000, 0x00007f572dbe0000, 0x00007f5949b50000)
  eden space 10818304K,   0% used [0x00007f53f4600000, 0x00007f53f4600000, 0x00007f5688ac0000)
  from space 1352256K, 100% used [0x00007f56db350000, 0x00007f572dbe0000, 0x00007f572dbe0000)
  to   space 1352256K,   0% used [0x00007f5688ac0000, 0x00007f5688ac0000, 0x00007f56db350000)
 tenured generation   total 29571256K, used 29571161K [0x00007f5949b50000, 0x00007f605697e000, 0x00007f63f4600000)
   the space 29571256K,  99% used [0x00007f5949b50000, 0x00007f60569665c8, 0x00007f6056966600, 0x00007f605697e000)
 Metaspace       used 30462K, capacity 30872K, committed 31232K, reserved 32768K
}

