# JRE version: OpenJDK Runtime Environment (13.0.7+5) (build 13.0.7+5-Ubuntu-0ubuntu120.04)
# Java VM: OpenJDK 64-Bit Server VM (13.0.7+5-Ubuntu-0ubuntu120.04, mixed mode, tiered, serial gc, linux-amd64)
Heap:
 def new generation   total 629248K, used 0K [0x00007f7b68600000, 0x00007f7b930c0000, 0x00007f80bdb50000)
  eden space 559360K,   0% used [0x00007f7b68600000, 0x00007f7b68600000, 0x00007f7b8a840000)
  from space 69888K,   0% used [0x00007f7b8ec80000, 0x00007f7b8ec80000, 0x00007f7b930c0000)
  to   space 69888K,   0% used [0x00007f7b8a840000, 0x00007f7b8a840000, 0x00007f7b8ec80000)
 tenured generation   total 1398144K, used 9501K [0x00007f80bdb50000, 0x00007f81130b0000, 0x00007f8b68600000)
   the space 1398144K,   0% used [0x00007f80bdb50000, 0x00007f80be497648, 0x00007f80be497800, 0x00007f81130b0000)
 Metaspace       used 23259K, capacity 23669K, committed 23808K, reserved 24576K
GC Heap History (20 events):
Event: 6.024 GC heap before
{Heap before GC invocations=3 (full 1):
 def new generation   total 629248K, used 103905K [0x00007f7b68600000, 0x00007f7b930c0000, 0x00007f80bdb50000)
  eden space 559360K,  18% used [0x00007f7b68600000, 0x00007f7b6ea65740, 0x00007f7b8a840000)
  from space 69888K,   1% used [0x00007f7b8a840000, 0x00007f7b8a952cf0, 0x00007f7b8ec80000)
  to   space 69888K,   0% used [0x00007f7b8ec80000, 0x00007f7b8ec80000, 0x00007f7b930c0000)
 tenured generation   total 1398144K, used 13587K [0x00007f80bdb50000, 0x00007f81130b0000, 0x00007f8b68600000)
   the space 1398144K,   0% used [0x00007f80bdb50000, 0x00007f80be894c78, 0x00007f80be894e00, 0x00007f81130b0000)
 Metaspace       used 23258K, capacity 23669K, committed 23808K, reserved 24576K
}
Event: 6.028 GC heap after
{Heap after GC invocations=4 (full 1):
 def new generation   total 629248K, used 3347K [0x00007f7b68600000, 0x00007f7b930c0000, 0x00007f80bdb50000)
  eden space 559360K,   0% used [0x00007f7b68600000, 0x00007f7b68600000, 0x00007f7b8a840000)
  from space 69888K,   4% used [0x00007f7b8ec80000, 0x00007f7b8efc4f98, 0x00007f7b930c0000)
  to   space 69888K,   0% used [0x00007f7b8a840000, 0x00007f7b8a840000, 0x00007f7b8ec80000)
 tenured generation   total 1398144K, used 13587K [0x00007f80bdb50000, 0x00007f81130b0000, 0x00007f8b68600000)
   the space 1398144K,   0% used [0x00007f80bdb50000, 0x00007f80be894c78, 0x00007f80be894e00, 0x00007f81130b0000)
 Metaspace       used 23258K, capacity 23669K, committed 23808K, reserved 24576K
}
Event: 6.664 GC heap before
{Heap before GC invocations=4 (full 1):
 def new generation   total 629248K, used 538654K [0x00007f7b68600000, 0x00007f7b930c0000, 0x00007f80bdb50000)
  eden space 559360K,  95% used [0x00007f7b68600000, 0x00007f7b890c2b80, 0x00007f7b8a840000)
  from space 69888K,   4% used [0x00007f7b8ec80000, 0x00007f7b8efc4f98, 0x00007f7b930c0000)
  to   space 69888K,   0% used [0x00007f7b8a840000, 0x00007f7b8a840000, 0x00007f7b8ec80000)
 tenured generation   total 1398144K, used 13587K [0x00007f80bdb50000, 0x00007f81130b0000, 0x00007f8b68600000)
   the space 1398144K,   0% used [0x00007f80bdb50000, 0x00007f80be894c78, 0x00007f80be894e00, 0x00007f81130b0000)
 Metaspace       used 23259K, capacity 23669K, committed 23808K, reserved 24576K
}
Event: 7.206 GC heap after
{Heap after GC invocations=5 (full 1):
 def new generation   total 629248K, used 1267K [0x00007f7b68600000, 0x00007f7b930c0000, 0x00007f80bdb50000)
  eden space 559360K,   0% used [0x00007f7b68600000, 0x00007f7b68600000, 0x00007f7b8a840000)
  from space 69888K,   1% used [0x00007f7b8a840000, 0x00007f7b8a97cd50, 0x00007f7b8ec80000)
  to   space 69888K,   0% used [0x00007f7b8ec80000, 0x00007f7b8ec80000, 0x00007f7b930c0000)
 tenured generation   total 1398144K, used 537875K [0x00007f80bdb50000, 0x00007f81130b0000, 0x00007f8b68600000)
   the space 1398144K,  38% used [0x00007f80bdb50000, 0x00007f80de894c90, 0x00007f80de894e00, 0x00007f81130b0000)
 Metaspace       used 23259K, capacity 23669K, committed 23808K, reserved 24576K
}
Event: 7.655 GC heap before
{Heap before GC invocations=5 (full 1):
 def new generation   total 629248K, used 536583K [0x00007f7b68600000, 0x00007f7b930c0000, 0x00007f80bdb50000)
  eden space 559360K,  95% used [0x00007f7b68600000, 0x00007f7b890c4f18, 0x00007f7b8a840000)
  from space 69888K,   1% used [0x00007f7b8a840000, 0x00007f7b8a97cd50, 0x00007f7b8ec80000)
  to   space 69888K,   0% used [0x00007f7b8ec80000, 0x00007f7b8ec80000, 0x00007f7b930c0000)
 tenured generation   total 1398144K, used 537875K [0x00007f80bdb50000, 0x00007f81130b0000, 0x00007f8b68600000)
   the space 1398144K,  38% used [0x00007f80bdb50000, 0x00007f80de894c90, 0x00007f80de894e00, 0x00007f81130b0000)
 Metaspace       used 23259K, capacity 23669K, committed 23808K, reserved 24576K
}
Event: 7.840 GC heap after
{Heap after GC invocations=6 (full 1):
 def new generation   total 629248K, used 1266K [0x00007f7b68600000, 0x00007f7b930c0000, 0x00007f80bdb50000)
  eden space 559360K,   0% used [0x00007f7b68600000, 0x00007f7b68600000, 0x00007f7b8a840000)
  from space 69888K,   1% used [0x00007f7b8ec80000, 0x00007f7b8edbcb68, 0x00007f7b930c0000)
  to   space 69888K,   0% used [0x00007f7b8a840000, 0x00007f7b8a840000, 0x00007f7b8ec80000)
 tenured generation   total 1398144K, used 1062163K [0x00007f80bdb50000, 0x00007f81130b0000, 0x00007f8b68600000)
   the space 1398144K,  75% used [0x00007f80bdb50000, 0x00007f80fe894ca8, 0x00007f80fe894e00, 0x00007f81130b0000)
 Metaspace       used 23259K, capacity 23669K, committed 23808K, reserved 24576K
}
Event: 8.365 GC heap before
{Heap before GC invocations=6 (full 1):
 def new generation   total 629248K, used 536557K [0x00007f7b68600000, 0x00007f7b930c0000, 0x00007f80bdb50000)
  eden space 559360K,  95% used [0x00007f7b68600000, 0x00007f7b890bebf0, 0x00007f7b8a840000)
  from space 69888K,   1% used [0x00007f7b8ec80000, 0x00007f7b8edbcb68, 0x00007f7b930c0000)
  to   space 69888K,   0% used [0x00007f7b8a840000, 0x00007f7b8a840000, 0x00007f7b8ec80000)
 tenured generation   total 1398144K, used 1062163K [0x00007f80bdb50000, 0x00007f81130b0000, 0x00007f8b68600000)
   the space 1398144K,  75% used [0x00007f80bdb50000, 0x00007f80fe894ca8, 0x00007f80fe894e00, 0x00007f81130b0000)
 Metaspace       used 23259K, capacity 23669K, committed 23808K, reserved 24576K
}
Event: 8.564 GC heap after
{Heap after GC invocations=7 (full 1):
 def new generation   total 629248K, used 1268K [0x00007f7b68600000, 0x00007f7b930c0000, 0x00007f80bdb50000)
  eden space 559360K,   0% used [0x00007f7b68600000, 0x00007f7b68600000, 0x00007f7b8a840000)
  from space 69888K,   1% used [0x00007f7b8a840000, 0x00007f7b8a97d090, 0x00007f7b8ec80000)
  to   space 69888K,   0% used [0x00007f7b8ec80000, 0x00007f7b8ec80000, 0x00007f7b930c0000)
 tenured generation   total 1398144K, used 1324307K [0x00007f80bdb50000, 0x00007f81130b0000, 0x00007f8b68600000)
   the space 1398144K,  94% used [0x00007f80bdb50000, 0x00007f810e894cd8, 0x00007f810e894e00, 0x00007f81130b0000)
 Metaspace       used 23259K, capacity 23669K, committed 23808K, reserved 24576K
}
Event: 8.673 GC heap before
{Heap before GC invocations=7 (full 1):
 def new generation   total 629248K, used 208863K [0x00007f7b68600000, 0x00007f7b930c0000, 0x00007f80bdb50000)
  eden space 559360K,  37% used [0x00007f7b68600000, 0x00007f7b750bac10, 0x00007f7b8a840000)
  from space 69888K,   1% used [0x00007f7b8a840000, 0x00007f7b8a97d090, 0x00007f7b8ec80000)
  to   space 69888K,   0% used [0x00007f7b8ec80000, 0x00007f7b8ec80000, 0x00007f7b930c0000)
 tenured generation   total 1398144K, used 1324307K [0x00007f80bdb50000, 0x00007f81130b0000, 0x00007f8b68600000)
   the space 1398144K,  94% used [0x00007f80bdb50000, 0x00007f810e894cd8, 0x00007f810e894e00, 0x00007f81130b0000)
 Metaspace       used 23259K, capacity 23669K, committed 23808K, reserved 24576K
}
Event: 8.724 GC heap after
{Heap after GC invocations=8 (full 1):
 def new generation   total 629248K, used 66804K [0x00007f7b68600000, 0x00007f7b930c0000, 0x00007f80bdb50000)
  eden space 559360K,   0% used [0x00007f7b68600000, 0x00007f7b68600000, 0x00007f7b8a840000)
  from space 69888K,  95% used [0x00007f7b8ec80000, 0x00007f7b92dbd030, 0x00007f7b930c0000)
  to   space 69888K,   0% used [0x00007f7b8a840000, 0x00007f7b8a840000, 0x00007f7b8ec80000)
 tenured generation   total 1398144K, used 1324307K [0x00007f80bdb50000, 0x00007f81130b0000, 0x00007f8b68600000)
   the space 1398144K,  94% used [0x00007f80bdb50000, 0x00007f810e894cd8, 0x00007f810e894e00, 0x00007f81130b0000)
 Metaspace       used 23259K, capacity 23669K, committed 23808K, reserved 24576K
}
Event: 8.724 GC heap before
{Heap before GC invocations=8 (full 1):
 def new generation   total 629248K, used 66804K [0x00007f7b68600000, 0x00007f7b930c0000, 0x00007f80bdb50000)
  eden space 559360K,   0% used [0x00007f7b68600000, 0x00007f7b68600000, 0x00007f7b8a840000)
  from space 69888K,  95% used [0x00007f7b8ec80000, 0x00007f7b92dbd030, 0x00007f7b930c0000)
  to   space 69888K,   0% used [0x00007f7b8a840000, 0x00007f7b8a840000, 0x00007f7b8ec80000)
 tenured generation   total 1398144K, used 1324307K [0x00007f80bdb50000, 0x00007f81130b0000, 0x00007f8b68600000)
   the space 1398144K,  94% used [0x00007f80bdb50000, 0x00007f810e894cd8, 0x00007f810e894e00, 0x00007f81130b0000)
 Metaspace       used 23259K, capacity 23669K, committed 23808K, reserved 24576K
}
Event: 8.767 GC heap after
{Heap after GC invocations=8 (full 2):
 def new generation   total 629248K, used 0K [0x00007f7b68600000, 0x00007f7b930c0000, 0x00007f80bdb50000)
  eden space 559360K,   0% used [0x00007f7b68600000, 0x00007f7b68600000, 0x00007f7b8a840000)
  from space 69888K,   0% used [0x00007f7b8ec80000, 0x00007f7b8ec80000, 0x00007f7b930c0000)
  to   space 69888K,   0% used [0x00007f7b8a840000, 0x00007f7b8a840000, 0x00007f7b8ec80000)
 tenured generation   total 1398144K, used 80390K [0x00007f80bdb50000, 0x00007f81130b0000, 0x00007f8b68600000)
   the space 1398144K,   5% used [0x00007f80bdb50000, 0x00007f80c29d1818, 0x00007f80c29d1a00, 0x00007f81130b0000)
 Metaspace       used 23259K, capacity 23669K, committed 23808K, reserved 24576K
}
Event: 9.825 GC heap before
{Heap before GC invocations=8 (full 2):
 def new generation   total 629248K, used 535274K [0x00007f7b68600000, 0x00007f7b930c0000, 0x00007f80bdb50000)
  eden space 559360K,  95% used [0x00007f7b68600000, 0x00007f7b890babe0, 0x00007f7b8a840000)
  from space 69888K,   0% used [0x00007f7b8ec80000, 0x00007f7b8ec80000, 0x00007f7b930c0000)
  to   space 69888K,   0% used [0x00007f7b8a840000, 0x00007f7b8a840000, 0x00007f7b8ec80000)
 tenured generation   total 1398144K, used 1128966K [0x00007f80bdb50000, 0x00007f81130b0000, 0x00007f8b68600000)
   the space 1398144K,  80% used [0x00007f80bdb50000, 0x00007f81029d1830, 0x00007f81029d1a00, 0x00007f81130b0000)
 Metaspace       used 23259K, capacity 23669K, committed 23808K, reserved 24576K
}
Event: 10.273 GC heap after
{Heap after GC invocations=9 (full 2):
 def new generation   total 629248K, used 0K [0x00007f7b68600000, 0x00007f7b930c0000, 0x00007f80bdb50000)
  eden space 559360K,   0% used [0x00007f7b68600000, 0x00007f7b68600000, 0x00007f7b8a840000)
  from space 69888K,   0% used [0x00007f7b8a840000, 0x00007f7b8a8401a8, 0x00007f7b8ec80000)
  to   space 69888K,   0% used [0x00007f7b8ec80000, 0x00007f7b8ec80000, 0x00007f7b930c0000)
 tenured generation   total 1922436K, used 1653254K [0x00007f80bdb50000, 0x00007f81330b1000, 0x00007f8b68600000)
   the space 1922436K,  85% used [0x00007f80bdb50000, 0x00007f81229d1848, 0x00007f81229d1a00, 0x00007f81330b1000)
 Metaspace       used 23259K, capacity 23669K, committed 23808K, reserved 24576K
}
Event: 10.273 GC heap before
{Heap before GC invocations=9 (full 2):
 def new generation   total 629248K, used 0K [0x00007f7b68600000, 0x00007f7b930c0000, 0x00007f80bdb50000)
  eden space 559360K,   0% used [0x00007f7b68600000, 0x00007f7b68600000, 0x00007f7b8a840000)
  from space 69888K,   0% used [0x00007f7b8a840000, 0x00007f7b8a8401a8, 0x00007f7b8ec80000)
  to   space 69888K,   0% used [0x00007f7b8ec80000, 0x00007f7b8ec80000, 0x00007f7b930c0000)
 tenured generation   total 1922436K, used 1653254K [0x00007f80bdb50000, 0x00007f81330b1000, 0x00007f8b68600000)
   the space 1922436K,  85% used [0x00007f80bdb50000, 0x00007f81229d1848, 0x00007f81229d1a00, 0x00007f81330b1000)
 Metaspace       used 23259K, capacity 23669K, committed 23808K, reserved 24576K
}
Event: 10.387 GC heap after
{Heap after GC invocations=9 (full 3):
 def new generation   total 629248K, used 0K [0x00007f7b68600000, 0x00007f7b930c0000, 0x00007f80bdb50000)
  eden space 559360K,   0% used [0x00007f7b68600000, 0x00007f7b68600000, 0x00007f7b8a840000)
  from space 69888K,   0% used [0x00007f7b8a840000, 0x00007f7b8a840000, 0x00007f7b8ec80000)
  to   space 69888K,   0% used [0x00007f7b8ec80000, 0x00007f7b8ec80000, 0x00007f7b930c0000)
 tenured generation   total 1398144K, used 604678K [0x00007f80bdb50000, 0x00007f81130b0000, 0x00007f8b68600000)
   the space 1398144K,  43% used [0x00007f80bdb50000, 0x00007f80e29d19d8, 0x00007f80e29d1a00, 0x00007f81130b0000)
 Metaspace       used 23259K, capacity 23669K, committed 23808K, reserved 24576K
}
Event: 10.500 GC heap before
{Heap before GC invocations=9 (full 3):
 def new generation   total 629248K, used 535345K [0x00007f7b68600000, 0x00007f7b930c0000, 0x00007f80bdb50000)
  eden space 559360K,  95% used [0x00007f7b68600000, 0x00007f7b890cc470, 0x00007f7b8a840000)
  from space 69888K,   0% used [0x00007f7b8a840000, 0x00007f7b8a840000, 0x00007f7b8ec80000)
  to   space 69888K,   0% used [0x00007f7b8ec80000, 0x00007f7b8ec80000, 0x00007f7b930c0000)
 tenured generation   total 1398144K, used 604678K [0x00007f80bdb50000, 0x00007f81130b0000, 0x00007f8b68600000)
   the space 1398144K,  43% used [0x00007f80bdb50000, 0x00007f80e29d19d8, 0x00007f80e29d1a00, 0x00007f81130b0000)
 Metaspace       used 23259K, capacity 23669K, committed 23808K, reserved 24576K
}
Event: 10.562 GC heap after
{Heap after GC invocations=10 (full 3):
 def new generation   total 629248K, used 1K [0x00007f7b68600000, 0x00007f7b930c0000, 0x00007f80bdb50000)
  eden space 559360K,   0% used [0x00007f7b68600000, 0x00007f7b68600000, 0x00007f7b8a840000)
  from space 69888K,   0% used [0x00007f7b8ec80000, 0x00007f7b8ec807b8, 0x00007f7b930c0000)
  to   space 69888K,   0% used [0x00007f7b8a840000, 0x00007f7b8a840000, 0x00007f7b8ec80000)
 tenured generation   total 1398144K, used 1128966K [0x00007f80bdb50000, 0x00007f81130b0000, 0x00007f8b68600000)
   the space 1398144K,  80% used [0x00007f80bdb50000, 0x00007f81029d19f0, 0x00007f81029d1a00, 0x00007f81130b0000)
 Metaspace       used 23259K, capacity 23669K, committed 23808K, reserved 24576K
}
Event: 10.562 GC heap before
{Heap before GC invocations=10 (full 3):
 def new generation   total 629248K, used 1K [0x00007f7b68600000, 0x00007f7b930c0000, 0x00007f80bdb50000)
  eden space 559360K,   0% used [0x00007f7b68600000, 0x00007f7b68600000, 0x00007f7b8a840000)
  from space 69888K,   0% used [0x00007f7b8ec80000, 0x00007f7b8ec807b8, 0x00007f7b930c0000)
  to   space 69888K,   0% used [0x00007f7b8a840000, 0x00007f7b8a840000, 0x00007f7b8ec80000)
 tenured generation   total 1398144K, used 1128966K [0x00007f80bdb50000, 0x00007f81130b0000, 0x00007f8b68600000)
   the space 1398144K,  80% used [0x00007f80bdb50000, 0x00007f81029d19f0, 0x00007f81029d1a00, 0x00007f81130b0000)
 Metaspace       used 23259K, capacity 23669K, committed 23808K, reserved 24576K
}
Event: 10.582 GC heap after
{Heap after GC invocations=10 (full 4):
 def new generation   total 629248K, used 0K [0x00007f7b68600000, 0x00007f7b930c0000, 0x00007f80bdb50000)
  eden space 559360K,   0% used [0x00007f7b68600000, 0x00007f7b68600000, 0x00007f7b8a840000)
  from space 69888K,   0% used [0x00007f7b8ec80000, 0x00007f7b8ec80000, 0x00007f7b930c0000)
  to   space 69888K,   0% used [0x00007f7b8a840000, 0x00007f7b8a840000, 0x00007f7b8ec80000)
 tenured generation   total 1398144K, used 9501K [0x00007f80bdb50000, 0x00007f81130b0000, 0x00007f8b68600000)
   the space 1398144K,   0% used [0x00007f80bdb50000, 0x00007f80be497648, 0x00007f80be497800, 0x00007f81130b0000)
 Metaspace       used 23259K, capacity 23669K, committed 23808K, reserved 24576K
}

