# JRE version: OpenJDK Runtime Environment (13.0.7+5) (build 13.0.7+5-Ubuntu-0ubuntu120.04)
# Java VM: OpenJDK 64-Bit Server VM (13.0.7+5-Ubuntu-0ubuntu120.04, mixed mode, tiered, serial gc, linux-amd64)
Heap:
 def new generation   total 629248K, used 0K [0x00007f91e0600000, 0x00007f920b0c0000, 0x00007f9735b50000)
  eden space 559360K,   0% used [0x00007f91e0600000, 0x00007f91e0600000, 0x00007f9202840000)
  from space 69888K,   0% used [0x00007f9206c80000, 0x00007f9206c80000, 0x00007f920b0c0000)
  to   space 69888K,   0% used [0x00007f9202840000, 0x00007f9202840000, 0x00007f9206c80000)
 tenured generation   total 1398144K, used 16682K [0x00007f9735b50000, 0x00007f978b0b0000, 0x00007fa1e0600000)
   the space 1398144K,   1% used [0x00007f9735b50000, 0x00007f9736b9a830, 0x00007f9736b9aa00, 0x00007f978b0b0000)
 Metaspace       used 23202K, capacity 23540K, committed 23808K, reserved 24576K
GC Heap History (10 events):
Event: 3.120 GC heap before
{Heap before GC invocations=0 (full 0):
 def new generation   total 629120K, used 111856K [0x00007f91e0600000, 0x00007f920b0a0000, 0x00007f9735b50000)
  eden space 559232K,  20% used [0x00007f91e0600000, 0x00007f91e733c2b8, 0x00007f9202820000)
  from space 69888K,   0% used [0x00007f9202820000, 0x00007f9202820000, 0x00007f9206c60000)
  to   space 69888K,   0% used [0x00007f9206c60000, 0x00007f9206c60000, 0x00007f920b0a0000)
 tenured generation   total 1398144K, used 0K [0x00007f9735b50000, 0x00007f978b0b0000, 0x00007fa1e0600000)
   the space 1398144K,   0% used [0x00007f9735b50000, 0x00007f9735b50000, 0x00007f9735b50200, 0x00007f978b0b0000)
 Metaspace       used 20918K, capacity 21223K, committed 21248K, reserved 22528K
}
Event: 3.203 GC heap after
{Heap after GC invocations=1 (full 1):
 def new generation   total 629248K, used 0K [0x00007f91e0600000, 0x00007f920b0c0000, 0x00007f9735b50000)
  eden space 559360K,   0% used [0x00007f91e0600000, 0x00007f91e0600000, 0x00007f9202840000)
  from space 69888K,   0% used [0x00007f9202840000, 0x00007f9202840000, 0x00007f9206c80000)
  to   space 69888K,   0% used [0x00007f9206c80000, 0x00007f9206c80000, 0x00007f920b0c0000)
 tenured generation   total 1398144K, used 13587K [0x00007f9735b50000, 0x00007f978b0b0000, 0x00007fa1e0600000)
   the space 1398144K,   0% used [0x00007f9735b50000, 0x00007f9736894c20, 0x00007f9736894e00, 0x00007f978b0b0000)
 Metaspace       used 20918K, capacity 21223K, committed 21248K, reserved 22528K
}
Event: 12.104 GC heap before
{Heap before GC invocations=1 (full 1):
 def new generation   total 629248K, used 559360K [0x00007f91e0600000, 0x00007f920b0c0000, 0x00007f9735b50000)
  eden space 559360K, 100% used [0x00007f91e0600000, 0x00007f9202840000, 0x00007f9202840000)
  from space 69888K,   0% used [0x00007f9202840000, 0x00007f9202840000, 0x00007f9206c80000)
  to   space 69888K,   0% used [0x00007f9206c80000, 0x00007f9206c80000, 0x00007f920b0c0000)
 tenured generation   total 1398144K, used 13587K [0x00007f9735b50000, 0x00007f978b0b0000, 0x00007fa1e0600000)
   the space 1398144K,   0% used [0x00007f9735b50000, 0x00007f9736894c20, 0x00007f9736894e00, 0x00007f978b0b0000)
 Metaspace       used 22996K, capacity 23398K, committed 23552K, reserved 24576K
}
Event: 12.117 GC heap after
{Heap after GC invocations=2 (full 1):
 def new generation   total 629248K, used 723K [0x00007f91e0600000, 0x00007f920b0c0000, 0x00007f9735b50000)
  eden space 559360K,   0% used [0x00007f91e0600000, 0x00007f91e0600000, 0x00007f9202840000)
  from space 69888K,   1% used [0x00007f9206c80000, 0x00007f9206d34c78, 0x00007f920b0c0000)
  to   space 69888K,   0% used [0x00007f9202840000, 0x00007f9202840000, 0x00007f9206c80000)
 tenured generation   total 1398144K, used 13587K [0x00007f9735b50000, 0x00007f978b0b0000, 0x00007fa1e0600000)
   the space 1398144K,   0% used [0x00007f9735b50000, 0x00007f9736894c20, 0x00007f9736894e00, 0x00007f978b0b0000)
 Metaspace       used 22996K, capacity 23398K, committed 23552K, reserved 24576K
}
Event: 13.046 GC heap before
{Heap before GC invocations=2 (full 1):
 def new generation   total 629248K, used 560083K [0x00007f91e0600000, 0x00007f920b0c0000, 0x00007f9735b50000)
  eden space 559360K, 100% used [0x00007f91e0600000, 0x00007f9202840000, 0x00007f9202840000)
  from space 69888K,   1% used [0x00007f9206c80000, 0x00007f9206d34c78, 0x00007f920b0c0000)
  to   space 69888K,   0% used [0x00007f9202840000, 0x00007f9202840000, 0x00007f9206c80000)
 tenured generation   total 1398144K, used 13587K [0x00007f9735b50000, 0x00007f978b0b0000, 0x00007fa1e0600000)
   the space 1398144K,   0% used [0x00007f9735b50000, 0x00007f9736894c20, 0x00007f9736894e00, 0x00007f978b0b0000)
 Metaspace       used 23006K, capacity 23399K, committed 23552K, reserved 24576K
}
Event: 13.051 GC heap after
{Heap after GC invocations=3 (full 1):
 def new generation   total 629248K, used 950K [0x00007f91e0600000, 0x00007f920b0c0000, 0x00007f9735b50000)
  eden space 559360K,   0% used [0x00007f91e0600000, 0x00007f91e0600000, 0x00007f9202840000)
  from space 69888K,   1% used [0x00007f9202840000, 0x00007f920292dae8, 0x00007f9206c80000)
  to   space 69888K,   0% used [0x00007f9206c80000, 0x00007f9206c80000, 0x00007f920b0c0000)
 tenured generation   total 1398144K, used 13587K [0x00007f9735b50000, 0x00007f978b0b0000, 0x00007fa1e0600000)
   the space 1398144K,   0% used [0x00007f9735b50000, 0x00007f9736894c20, 0x00007f9736894e00, 0x00007f978b0b0000)
 Metaspace       used 23006K, capacity 23399K, committed 23552K, reserved 24576K
}
Event: 13.896 GC heap before
{Heap before GC invocations=3 (full 1):
 def new generation   total 629248K, used 476839K [0x00007f91e0600000, 0x00007f920b0c0000, 0x00007f9735b50000)
  eden space 559360K,  85% used [0x00007f91e0600000, 0x00007f91fd6bc398, 0x00007f9202840000)
  from space 69888K,   1% used [0x00007f9202840000, 0x00007f920292dae8, 0x00007f9206c80000)
  to   space 69888K,   0% used [0x00007f9206c80000, 0x00007f9206c80000, 0x00007f920b0c0000)
 tenured generation   total 1398144K, used 13587K [0x00007f9735b50000, 0x00007f978b0b0000, 0x00007fa1e0600000)
   the space 1398144K,   0% used [0x00007f9735b50000, 0x00007f9736894c20, 0x00007f9736894e00, 0x00007f978b0b0000)
 Metaspace       used 23202K, capacity 23540K, committed 23808K, reserved 24576K
}
Event: 13.903 GC heap after
{Heap after GC invocations=4 (full 1):
 def new generation   total 629248K, used 3095K [0x00007f91e0600000, 0x00007f920b0c0000, 0x00007f9735b50000)
  eden space 559360K,   0% used [0x00007f91e0600000, 0x00007f91e0600000, 0x00007f9202840000)
  from space 69888K,   4% used [0x00007f9206c80000, 0x00007f9206f85d20, 0x00007f920b0c0000)
  to   space 69888K,   0% used [0x00007f9202840000, 0x00007f9202840000, 0x00007f9206c80000)
 tenured generation   total 1398144K, used 13587K [0x00007f9735b50000, 0x00007f978b0b0000, 0x00007fa1e0600000)
   the space 1398144K,   0% used [0x00007f9735b50000, 0x00007f9736894c20, 0x00007f9736894e00, 0x00007f978b0b0000)
 Metaspace       used 23202K, capacity 23540K, committed 23808K, reserved 24576K
}
Event: 13.903 GC heap before
{Heap before GC invocations=4 (full 1):
 def new generation   total 629248K, used 3095K [0x00007f91e0600000, 0x00007f920b0c0000, 0x00007f9735b50000)
  eden space 559360K,   0% used [0x00007f91e0600000, 0x00007f91e0600000, 0x00007f9202840000)
  from space 69888K,   4% used [0x00007f9206c80000, 0x00007f9206f85d20, 0x00007f920b0c0000)
  to   space 69888K,   0% used [0x00007f9202840000, 0x00007f9202840000, 0x00007f9206c80000)
 tenured generation   total 1398144K, used 13587K [0x00007f9735b50000, 0x00007f978b0b0000, 0x00007fa1e0600000)
   the space 1398144K,   0% used [0x00007f9735b50000, 0x00007f9736894c20, 0x00007f9736894e00, 0x00007f978b0b0000)
 Metaspace       used 23202K, capacity 23540K, committed 23808K, reserved 24576K
}
Event: 13.964 GC heap after
{Heap after GC invocations=4 (full 2):
 def new generation   total 629248K, used 0K [0x00007f91e0600000, 0x00007f920b0c0000, 0x00007f9735b50000)
  eden space 559360K,   0% used [0x00007f91e0600000, 0x00007f91e0600000, 0x00007f9202840000)
  from space 69888K,   0% used [0x00007f9206c80000, 0x00007f9206c80000, 0x00007f920b0c0000)
  to   space 69888K,   0% used [0x00007f9202840000, 0x00007f9202840000, 0x00007f9206c80000)
 tenured generation   total 1398144K, used 16682K [0x00007f9735b50000, 0x00007f978b0b0000, 0x00007fa1e0600000)
   the space 1398144K,   1% used [0x00007f9735b50000, 0x00007f9736b9a830, 0x00007f9736b9aa00, 0x00007f978b0b0000)
 Metaspace       used 23202K, capacity 23540K, committed 23808K, reserved 24576K
}

