# JRE version: OpenJDK Runtime Environment (13.0.7+5) (build 13.0.7+5-Ubuntu-0ubuntu120.04)
# Java VM: OpenJDK 64-Bit Server VM (13.0.7+5-Ubuntu-0ubuntu120.04, mixed mode, tiered, serial gc, linux-amd64)
Heap:
 def new generation   total 629248K, used 0K [0x00007fae00600000, 0x00007fae2b0c0000, 0x00007fb355b50000)
  eden space 559360K,   0% used [0x00007fae00600000, 0x00007fae00600000, 0x00007fae22840000)
  from space 69888K,   0% used [0x00007fae26c80000, 0x00007fae26c80000, 0x00007fae2b0c0000)
  to   space 69888K,   0% used [0x00007fae22840000, 0x00007fae22840000, 0x00007fae26c80000)
 tenured generation   total 9786756K, used 277812K [0x00007fb355b50000, 0x00007fb5ab0b1000, 0x00007fbe00600000)
   the space 9786756K,   2% used [0x00007fb355b50000, 0x00007fb366a9d018, 0x00007fb366a9d200, 0x00007fb5ab0b1000)
 Metaspace       used 23242K, capacity 23616K, committed 23808K, reserved 24576K
GC Heap History (19 events):
Event: 2.438 GC heap before
{Heap before GC invocations=0 (full 0):
 def new generation   total 629120K, used 111846K [0x00007fae00600000, 0x00007fae2b0a0000, 0x00007fb355b50000)
  eden space 559232K,  20% used [0x00007fae00600000, 0x00007fae07339bf0, 0x00007fae22820000)
  from space 69888K,   0% used [0x00007fae22820000, 0x00007fae22820000, 0x00007fae26c60000)
  to   space 69888K,   0% used [0x00007fae26c60000, 0x00007fae26c60000, 0x00007fae2b0a0000)
 tenured generation   total 1398144K, used 0K [0x00007fb355b50000, 0x00007fb3ab0b0000, 0x00007fbe00600000)
   the space 1398144K,   0% used [0x00007fb355b50000, 0x00007fb355b50000, 0x00007fb355b50200, 0x00007fb3ab0b0000)
 Metaspace       used 20914K, capacity 21221K, committed 21248K, reserved 22528K
}
Event: 2.487 GC heap after
{Heap after GC invocations=1 (full 1):
 def new generation   total 629248K, used 0K [0x00007fae00600000, 0x00007fae2b0c0000, 0x00007fb355b50000)
  eden space 559360K,   0% used [0x00007fae00600000, 0x00007fae00600000, 0x00007fae22840000)
  from space 69888K,   0% used [0x00007fae22840000, 0x00007fae22840000, 0x00007fae26c80000)
  to   space 69888K,   0% used [0x00007fae26c80000, 0x00007fae26c80000, 0x00007fae2b0c0000)
 tenured generation   total 1398144K, used 13586K [0x00007fb355b50000, 0x00007fb3ab0b0000, 0x00007fbe00600000)
   the space 1398144K,   0% used [0x00007fb355b50000, 0x00007fb356894880, 0x00007fb356894a00, 0x00007fb3ab0b0000)
 Metaspace       used 20914K, capacity 21221K, committed 21248K, reserved 22528K
}
Event: 3.807 GC heap before
{Heap before GC invocations=1 (full 1):
 def new generation   total 629248K, used 559360K [0x00007fae00600000, 0x00007fae2b0c0000, 0x00007fb355b50000)
  eden space 559360K, 100% used [0x00007fae00600000, 0x00007fae22840000, 0x00007fae22840000)
  from space 69888K,   0% used [0x00007fae22840000, 0x00007fae22840000, 0x00007fae26c80000)
  to   space 69888K,   0% used [0x00007fae26c80000, 0x00007fae26c80000, 0x00007fae2b0c0000)
 tenured generation   total 1398144K, used 13586K [0x00007fb355b50000, 0x00007fb3ab0b0000, 0x00007fbe00600000)
   the space 1398144K,   0% used [0x00007fb355b50000, 0x00007fb356894880, 0x00007fb356894a00, 0x00007fb3ab0b0000)
 Metaspace       used 22990K, capacity 23387K, committed 23552K, reserved 24576K
}
Event: 3.812 GC heap after
{Heap after GC invocations=2 (full 1):
 def new generation   total 629248K, used 691K [0x00007fae00600000, 0x00007fae2b0c0000, 0x00007fb355b50000)
  eden space 559360K,   0% used [0x00007fae00600000, 0x00007fae00600000, 0x00007fae22840000)
  from space 69888K,   0% used [0x00007fae26c80000, 0x00007fae26d2cf70, 0x00007fae2b0c0000)
  to   space 69888K,   0% used [0x00007fae22840000, 0x00007fae22840000, 0x00007fae26c80000)
 tenured generation   total 1398144K, used 13586K [0x00007fb355b50000, 0x00007fb3ab0b0000, 0x00007fbe00600000)
   the space 1398144K,   0% used [0x00007fb355b50000, 0x00007fb356894880, 0x00007fb356894a00, 0x00007fb3ab0b0000)
 Metaspace       used 22990K, capacity 23387K, committed 23552K, reserved 24576K
}
Event: 4.776 GC heap before
{Heap before GC invocations=2 (full 1):
 def new generation   total 629248K, used 560051K [0x00007fae00600000, 0x00007fae2b0c0000, 0x00007fb355b50000)
  eden space 559360K, 100% used [0x00007fae00600000, 0x00007fae22840000, 0x00007fae22840000)
  from space 69888K,   0% used [0x00007fae26c80000, 0x00007fae26d2cf70, 0x00007fae2b0c0000)
  to   space 69888K,   0% used [0x00007fae22840000, 0x00007fae22840000, 0x00007fae26c80000)
 tenured generation   total 1398144K, used 13586K [0x00007fb355b50000, 0x00007fb3ab0b0000, 0x00007fbe00600000)
   the space 1398144K,   0% used [0x00007fb355b50000, 0x00007fb356894880, 0x00007fb356894a00, 0x00007fb3ab0b0000)
 Metaspace       used 22999K, capacity 23388K, committed 23552K, reserved 24576K
}
Event: 4.779 GC heap after
{Heap after GC invocations=3 (full 1):
 def new generation   total 629248K, used 978K [0x00007fae00600000, 0x00007fae2b0c0000, 0x00007fb355b50000)
  eden space 559360K,   0% used [0x00007fae00600000, 0x00007fae00600000, 0x00007fae22840000)
  from space 69888K,   1% used [0x00007fae22840000, 0x00007fae22934bb8, 0x00007fae26c80000)
  to   space 69888K,   0% used [0x00007fae26c80000, 0x00007fae26c80000, 0x00007fae2b0c0000)
 tenured generation   total 1398144K, used 13586K [0x00007fb355b50000, 0x00007fb3ab0b0000, 0x00007fbe00600000)
   the space 1398144K,   0% used [0x00007fb355b50000, 0x00007fb356894880, 0x00007fb356894a00, 0x00007fb3ab0b0000)
 Metaspace       used 22999K, capacity 23388K, committed 23552K, reserved 24576K
}
Event: 5.298 GC heap before
{Heap before GC invocations=3 (full 1):
 def new generation   total 629248K, used 259761K [0x00007fae00600000, 0x00007fae2b0c0000, 0x00007fb355b50000)
  eden space 559360K,  46% used [0x00007fae00600000, 0x00007fae102b7af0, 0x00007fae22840000)
  from space 69888K,   1% used [0x00007fae22840000, 0x00007fae22934bb8, 0x00007fae26c80000)
  to   space 69888K,   0% used [0x00007fae26c80000, 0x00007fae26c80000, 0x00007fae2b0c0000)
 tenured generation   total 1398144K, used 13586K [0x00007fb355b50000, 0x00007fb3ab0b0000, 0x00007fbe00600000)
   the space 1398144K,   0% used [0x00007fb355b50000, 0x00007fb356894880, 0x00007fb356894a00, 0x00007fb3ab0b0000)
 Metaspace       used 23184K, capacity 23530K, committed 23552K, reserved 24576K
}
Event: 5.301 GC heap after
{Heap after GC invocations=4 (full 1):
 def new generation   total 629248K, used 1113K [0x00007fae00600000, 0x00007fae2b0c0000, 0x00007fb355b50000)
  eden space 559360K,   0% used [0x00007fae00600000, 0x00007fae00600000, 0x00007fae22840000)
  from space 69888K,   1% used [0x00007fae26c80000, 0x00007fae26d96670, 0x00007fae2b0c0000)
  to   space 69888K,   0% used [0x00007fae22840000, 0x00007fae22840000, 0x00007fae26c80000)
 tenured generation   total 1398144K, used 13586K [0x00007fb355b50000, 0x00007fb3ab0b0000, 0x00007fbe00600000)
   the space 1398144K,   0% used [0x00007fb355b50000, 0x00007fb356894880, 0x00007fb356894a00, 0x00007fb3ab0b0000)
 Metaspace       used 23184K, capacity 23530K, committed 23552K, reserved 24576K
}
Event: 5.301 GC heap before
{Heap before GC invocations=4 (full 1):
 def new generation   total 629248K, used 1113K [0x00007fae00600000, 0x00007fae2b0c0000, 0x00007fb355b50000)
  eden space 559360K,   0% used [0x00007fae00600000, 0x00007fae00600000, 0x00007fae22840000)
  from space 69888K,   1% used [0x00007fae26c80000, 0x00007fae26d96670, 0x00007fae2b0c0000)
  to   space 69888K,   0% used [0x00007fae22840000, 0x00007fae22840000, 0x00007fae26c80000)
 tenured generation   total 1398144K, used 13586K [0x00007fb355b50000, 0x00007fb3ab0b0000, 0x00007fbe00600000)
   the space 1398144K,   0% used [0x00007fb355b50000, 0x00007fb356894880, 0x00007fb356894a00, 0x00007fb3ab0b0000)
 Metaspace       used 23184K, capacity 23530K, committed 23552K, reserved 24576K
}
Event: 5.345 GC heap after
{Heap after GC invocations=4 (full 2):
 def new generation   total 629248K, used 0K [0x00007fae00600000, 0x00007fae2b0c0000, 0x00007fb355b50000)
  eden space 559360K,   0% used [0x00007fae00600000, 0x00007fae00600000, 0x00007fae22840000)
  from space 69888K,   0% used [0x00007fae26c80000, 0x00007fae26c80000, 0x00007fae2b0c0000)
  to   space 69888K,   0% used [0x00007fae22840000, 0x00007fae22840000, 0x00007fae26c80000)
 tenured generation   total 1398144K, used 14699K [0x00007fb355b50000, 0x00007fb3ab0b0000, 0x00007fbe00600000)
   the space 1398144K,   1% used [0x00007fb355b50000, 0x00007fb3569aadf8, 0x00007fb3569aae00, 0x00007fb3ab0b0000)
 Metaspace       used 23184K, capacity 23530K, committed 23552K, reserved 24576K
}
Event: 12.008 GC heap before
{Heap before GC invocations=4 (full 2):
 def new generation   total 629248K, used 559360K [0x00007fae00600000, 0x00007fae2b0c0000, 0x00007fb355b50000)
  eden space 559360K, 100% used [0x00007fae00600000, 0x00007fae22840000, 0x00007fae22840000)
  from space 69888K,   0% used [0x00007fae26c80000, 0x00007fae26c80000, 0x00007fae2b0c0000)
  to   space 69888K,   0% used [0x00007fae22840000, 0x00007fae22840000, 0x00007fae26c80000)
 tenured generation   total 9786756K, used 8403307K [0x00007fb355b50000, 0x00007fb5ab0b1000, 0x00007fbe00600000)
   the space 9786756K,  85% used [0x00007fb355b50000, 0x00007fb5569aae10, 0x00007fb5569ab000, 0x00007fb5ab0b1000)
 Metaspace       used 23194K, capacity 23532K, committed 23552K, reserved 24576K
}
Event: 12.019 GC heap after
{Heap after GC invocations=5 (full 2):
 def new generation   total 629248K, used 658K [0x00007fae00600000, 0x00007fae2b0c0000, 0x00007fb355b50000)
  eden space 559360K,   0% used [0x00007fae00600000, 0x00007fae00600000, 0x00007fae22840000)
  from space 69888K,   0% used [0x00007fae22840000, 0x00007fae228e4b08, 0x00007fae26c80000)
  to   space 69888K,   0% used [0x00007fae26c80000, 0x00007fae26c80000, 0x00007fae2b0c0000)
 tenured generation   total 9786756K, used 8403307K [0x00007fb355b50000, 0x00007fb5ab0b1000, 0x00007fbe00600000)
   the space 9786756K,  85% used [0x00007fb355b50000, 0x00007fb5569aae10, 0x00007fb5569ab000, 0x00007fb5ab0b1000)
 Metaspace       used 23194K, capacity 23532K, committed 23552K, reserved 24576K
}
Event: 13.524 GC heap before
{Heap before GC invocations=5 (full 2):
 def new generation   total 629248K, used 560018K [0x00007fae00600000, 0x00007fae2b0c0000, 0x00007fb355b50000)
  eden space 559360K, 100% used [0x00007fae00600000, 0x00007fae22840000, 0x00007fae22840000)
  from space 69888K,   0% used [0x00007fae22840000, 0x00007fae228e4b08, 0x00007fae26c80000)
  to   space 69888K,   0% used [0x00007fae26c80000, 0x00007fae26c80000, 0x00007fae2b0c0000)
 tenured generation   total 9786756K, used 8403307K [0x00007fb355b50000, 0x00007fb5ab0b1000, 0x00007fbe00600000)
   the space 9786756K,  85% used [0x00007fb355b50000, 0x00007fb5569aae10, 0x00007fb5569ab000, 0x00007fb5ab0b1000)
 Metaspace       used 23221K, capacity 23546K, committed 23552K, reserved 24576K
}
Event: 13.534 GC heap after
{Heap after GC invocations=6 (full 2):
 def new generation   total 629248K, used 612K [0x00007fae00600000, 0x00007fae2b0c0000, 0x00007fb355b50000)
  eden space 559360K,   0% used [0x00007fae00600000, 0x00007fae00600000, 0x00007fae22840000)
  from space 69888K,   0% used [0x00007fae26c80000, 0x00007fae26d192d8, 0x00007fae2b0c0000)
  to   space 69888K,   0% used [0x00007fae22840000, 0x00007fae22840000, 0x00007fae26c80000)
 tenured generation   total 9786756K, used 8403307K [0x00007fb355b50000, 0x00007fb5ab0b1000, 0x00007fbe00600000)
   the space 9786756K,  85% used [0x00007fb355b50000, 0x00007fb5569aae10, 0x00007fb5569ab000, 0x00007fb5ab0b1000)
 Metaspace       used 23221K, capacity 23546K, committed 23552K, reserved 24576K
}
Event: 14.310 GC heap before
{Heap before GC invocations=6 (full 2):
 def new generation   total 629248K, used 559972K [0x00007fae00600000, 0x00007fae2b0c0000, 0x00007fb355b50000)
  eden space 559360K, 100% used [0x00007fae00600000, 0x00007fae22840000, 0x00007fae22840000)
  from space 69888K,   0% used [0x00007fae26c80000, 0x00007fae26d192d8, 0x00007fae2b0c0000)
  to   space 69888K,   0% used [0x00007fae22840000, 0x00007fae22840000, 0x00007fae26c80000)
 tenured generation   total 9786756K, used 8403307K [0x00007fb355b50000, 0x00007fb5ab0b1000, 0x00007fbe00600000)
   the space 9786756K,  85% used [0x00007fb355b50000, 0x00007fb5569aae10, 0x00007fb5569ab000, 0x00007fb5ab0b1000)
 Metaspace       used 23222K, capacity 23546K, committed 23552K, reserved 24576K
}
Event: 14.317 GC heap after
{Heap after GC invocations=7 (full 2):
 def new generation   total 629248K, used 806K [0x00007fae00600000, 0x00007fae2b0c0000, 0x00007fb355b50000)
  eden space 559360K,   0% used [0x00007fae00600000, 0x00007fae00600000, 0x00007fae22840000)
  from space 69888K,   1% used [0x00007fae22840000, 0x00007fae22909b18, 0x00007fae26c80000)
  to   space 69888K,   0% used [0x00007fae26c80000, 0x00007fae26c80000, 0x00007fae2b0c0000)
 tenured generation   total 9786756K, used 8403307K [0x00007fb355b50000, 0x00007fb5ab0b1000, 0x00007fbe00600000)
   the space 9786756K,  85% used [0x00007fb355b50000, 0x00007fb5569aae10, 0x00007fb5569ab000, 0x00007fb5ab0b1000)
 Metaspace       used 23222K, capacity 23546K, committed 23552K, reserved 24576K
}
Event: 14.734 GC heap before
{Heap before GC invocations=7 (full 2):
 def new generation   total 629248K, used 499174K [0x00007fae00600000, 0x00007fae2b0c0000, 0x00007fb355b50000)
  eden space 559360K,  89% used [0x00007fae00600000, 0x00007fae1ecafff8, 0x00007fae22840000)
  from space 69888K,   1% used [0x00007fae22840000, 0x00007fae22909b18, 0x00007fae26c80000)
  to   space 69888K,   0% used [0x00007fae26c80000, 0x00007fae26c80000, 0x00007fae2b0c0000)
 tenured generation   total 9786756K, used 8403307K [0x00007fb355b50000, 0x00007fb5ab0b1000, 0x00007fbe00600000)
   the space 9786756K,  85% used [0x00007fb355b50000, 0x00007fb5569aae10, 0x00007fb5569ab000, 0x00007fb5ab0b1000)
 Metaspace       used 23242K, capacity 23616K, committed 23808K, reserved 24576K
}
Event: 15.548 GC heap after
{Heap after GC invocations=8 (full 2):
 def new generation   total 629248K, used 968K [0x00007fae00600000, 0x00007fae2b0c0000, 0x00007fb355b50000)
  eden space 559360K,   0% used [0x00007fae00600000, 0x00007fae00600000, 0x00007fae22840000)
  from space 69888K,   1% used [0x00007fae26c80000, 0x00007fae26d721f0, 0x00007fae2b0c0000)
  to   space 69888K,   0% used [0x00007fae22840000, 0x00007fae22840000, 0x00007fae26c80000)
 tenured generation   total 9786756K, used 8665451K [0x00007fb355b50000, 0x00007fb5ab0b1000, 0x00007fbe00600000)
   the space 9786756K,  88% used [0x00007fb355b50000, 0x00007fb5669aae40, 0x00007fb5669ab000, 0x00007fb5ab0b1000)
 Metaspace       used 23242K, capacity 23616K, committed 23808K, reserved 24576K
}
Event: 15.548 GC heap before
{Heap before GC invocations=8 (full 2):
 def new generation   total 629248K, used 968K [0x00007fae00600000, 0x00007fae2b0c0000, 0x00007fb355b50000)
  eden space 559360K,   0% used [0x00007fae00600000, 0x00007fae00600000, 0x00007fae22840000)
  from space 69888K,   1% used [0x00007fae26c80000, 0x00007fae26d721f0, 0x00007fae2b0c0000)
  to   space 69888K,   0% used [0x00007fae22840000, 0x00007fae22840000, 0x00007fae26c80000)
 tenured generation   total 9786756K, used 8665451K [0x00007fb355b50000, 0x00007fb5ab0b1000, 0x00007fbe00600000)
   the space 9786756K,  88% used [0x00007fb355b50000, 0x00007fb5669aae40, 0x00007fb5669ab000, 0x00007fb5ab0b1000)
 Metaspace       used 23242K, capacity 23616K, committed 23808K, reserved 24576K
}

