# JRE version: OpenJDK Runtime Environment (13.0.7+5) (build 13.0.7+5-Ubuntu-0ubuntu120.04)
# Java VM: OpenJDK 64-Bit Server VM (13.0.7+5-Ubuntu-0ubuntu120.04, mixed mode, tiered, serial gc, linux-amd64)
Heap:
 def new generation   total 14840640K, used 0K [0x00007f37d8600000, 0x00007f3bc6d20000, 0x00007f3d2db50000)
  eden space 13191680K,   0% used [0x00007f37d8600000, 0x00007f37d8600000, 0x00007f3afd880000)
  from space 1648960K,   0% used [0x00007f3afd880000, 0x00007f3afd880000, 0x00007f3b622d0000)
  to   space 1648960K,   0% used [0x00007f3b622d0000, 0x00007f3b622d0000, 0x00007f3bc6d20000)
 tenured generation   total 33681104K, used 32596907K [0x00007f3d2db50000, 0x00007f4535704000, 0x00007f47d8600000)
   the space 33681104K,  96% used [0x00007f3d2db50000, 0x00007f44f343ac58, 0x00007f44f343ae00, 0x00007f4535704000)
 Metaspace       used 30592K, capacity 30984K, committed 31232K, reserved 32768K
GC Heap History (20 events):
Event: 1367.835 GC heap after
{Heap after GC invocations=85 (full 7):
 def new generation   total 14840640K, used 1422390K [0x00007f37d8600000, 0x00007f3bc6d20000, 0x00007f3d2db50000)
  eden space 13191680K,   0% used [0x00007f37d8600000, 0x00007f37d8600000, 0x00007f3afd880000)
  from space 1648960K,  86% used [0x00007f3b622d0000, 0x00007f3bb8fdd820, 0x00007f3bc6d20000)
  to   space 1648960K,   0% used [0x00007f3afd880000, 0x00007f3afd880000, 0x00007f3b622d0000)
 tenured generation   total 32979152K, used 23836349K [0x00007f3d2db50000, 0x00007f450a984000, 0x00007f47d8600000)
   the space 32979152K,  72% used [0x00007f3d2db50000, 0x00007f42dc8ff540, 0x00007f42dc8ff600, 0x00007f450a984000)
 Metaspace       used 30592K, capacity 30984K, committed 31232K, reserved 32768K
}
Event: 1371.485 GC heap before
{Heap before GC invocations=85 (full 7):
 def new generation   total 14840640K, used 14614070K [0x00007f37d8600000, 0x00007f3bc6d20000, 0x00007f3d2db50000)
  eden space 13191680K, 100% used [0x00007f37d8600000, 0x00007f3afd880000, 0x00007f3afd880000)
  from space 1648960K,  86% used [0x00007f3b622d0000, 0x00007f3bb8fdd820, 0x00007f3bc6d20000)
  to   space 1648960K,   0% used [0x00007f3afd880000, 0x00007f3afd880000, 0x00007f3b622d0000)
 tenured generation   total 32979152K, used 23836349K [0x00007f3d2db50000, 0x00007f450a984000, 0x00007f47d8600000)
   the space 32979152K,  72% used [0x00007f3d2db50000, 0x00007f42dc8ff540, 0x00007f42dc8ff600, 0x00007f450a984000)
 Metaspace       used 30592K, capacity 30984K, committed 31232K, reserved 32768K
}
Event: 1374.911 GC heap after
{Heap after GC invocations=86 (full 7):
 def new generation   total 14840640K, used 982335K [0x00007f37d8600000, 0x00007f3bc6d20000, 0x00007f3d2db50000)
  eden space 13191680K,   0% used [0x00007f37d8600000, 0x00007f37d8600000, 0x00007f3afd880000)
  from space 1648960K,  59% used [0x00007f3afd880000, 0x00007f3b397cfdf0, 0x00007f3b622d0000)
  to   space 1648960K,   0% used [0x00007f3b622d0000, 0x00007f3b622d0000, 0x00007f3bc6d20000)
 tenured generation   total 32979152K, used 25258738K [0x00007f3d2db50000, 0x00007f450a984000, 0x00007f47d8600000)
   the space 32979152K,  76% used [0x00007f3d2db50000, 0x00007f433360c9d0, 0x00007f433360ca00, 0x00007f450a984000)
 Metaspace       used 30592K, capacity 30984K, committed 31232K, reserved 32768K
}
Event: 1378.503 GC heap before
{Heap before GC invocations=86 (full 7):
 def new generation   total 14840640K, used 14174015K [0x00007f37d8600000, 0x00007f3bc6d20000, 0x00007f3d2db50000)
  eden space 13191680K, 100% used [0x00007f37d8600000, 0x00007f3afd880000, 0x00007f3afd880000)
  from space 1648960K,  59% used [0x00007f3afd880000, 0x00007f3b397cfdf0, 0x00007f3b622d0000)
  to   space 1648960K,   0% used [0x00007f3b622d0000, 0x00007f3b622d0000, 0x00007f3bc6d20000)
 tenured generation   total 32979152K, used 25258738K [0x00007f3d2db50000, 0x00007f450a984000, 0x00007f47d8600000)
   the space 32979152K,  76% used [0x00007f3d2db50000, 0x00007f433360c9d0, 0x00007f433360ca00, 0x00007f450a984000)
 Metaspace       used 30592K, capacity 30984K, committed 31232K, reserved 32768K
}
Event: 1381.648 GC heap after
{Heap after GC invocations=87 (full 7):
 def new generation   total 14840640K, used 990660K [0x00007f37d8600000, 0x00007f3bc6d20000, 0x00007f3d2db50000)
  eden space 13191680K,   0% used [0x00007f37d8600000, 0x00007f37d8600000, 0x00007f3afd880000)
  from space 1648960K,  60% used [0x00007f3b622d0000, 0x00007f3b9ea41030, 0x00007f3bc6d20000)
  to   space 1648960K,   0% used [0x00007f3afd880000, 0x00007f3afd880000, 0x00007f3b622d0000)
 tenured generation   total 32979152K, used 26241073K [0x00007f3d2db50000, 0x00007f450a984000, 0x00007f47d8600000)
   the space 32979152K,  79% used [0x00007f3d2db50000, 0x00007f436f55c480, 0x00007f436f55c600, 0x00007f450a984000)
 Metaspace       used 30592K, capacity 30984K, committed 31232K, reserved 32768K
}
Event: 1385.542 GC heap before
{Heap before GC invocations=87 (full 7):
 def new generation   total 14840640K, used 14182340K [0x00007f37d8600000, 0x00007f3bc6d20000, 0x00007f3d2db50000)
  eden space 13191680K, 100% used [0x00007f37d8600000, 0x00007f3afd880000, 0x00007f3afd880000)
  from space 1648960K,  60% used [0x00007f3b622d0000, 0x00007f3b9ea41030, 0x00007f3bc6d20000)
  to   space 1648960K,   0% used [0x00007f3afd880000, 0x00007f3afd880000, 0x00007f3b622d0000)
 tenured generation   total 32979152K, used 26241073K [0x00007f3d2db50000, 0x00007f450a984000, 0x00007f47d8600000)
   the space 32979152K,  79% used [0x00007f3d2db50000, 0x00007f436f55c480, 0x00007f436f55c600, 0x00007f450a984000)
 Metaspace       used 30592K, capacity 30984K, committed 31232K, reserved 32768K
}
Event: 1388.806 GC heap after
{Heap after GC invocations=88 (full 7):
 def new generation   total 14840640K, used 988366K [0x00007f37d8600000, 0x00007f3bc6d20000, 0x00007f3d2db50000)
  eden space 13191680K,   0% used [0x00007f37d8600000, 0x00007f37d8600000, 0x00007f3afd880000)
  from space 1648960K,  59% used [0x00007f3afd880000, 0x00007f3b39db3a70, 0x00007f3b622d0000)
  to   space 1648960K,   0% used [0x00007f3b622d0000, 0x00007f3b622d0000, 0x00007f3bc6d20000)
 tenured generation   total 32979152K, used 27231732K [0x00007f3d2db50000, 0x00007f450a984000, 0x00007f47d8600000)
   the space 32979152K,  82% used [0x00007f3d2db50000, 0x00007f43abccd1c0, 0x00007f43abccd200, 0x00007f450a984000)
 Metaspace       used 30592K, capacity 30984K, committed 31232K, reserved 32768K
}
Event: 1393.083 GC heap before
{Heap before GC invocations=88 (full 7):
 def new generation   total 14840640K, used 14180046K [0x00007f37d8600000, 0x00007f3bc6d20000, 0x00007f3d2db50000)
  eden space 13191680K, 100% used [0x00007f37d8600000, 0x00007f3afd880000, 0x00007f3afd880000)
  from space 1648960K,  59% used [0x00007f3afd880000, 0x00007f3b39db3a70, 0x00007f3b622d0000)
  to   space 1648960K,   0% used [0x00007f3b622d0000, 0x00007f3b622d0000, 0x00007f3bc6d20000)
 tenured generation   total 32979152K, used 27231732K [0x00007f3d2db50000, 0x00007f450a984000, 0x00007f47d8600000)
   the space 32979152K,  82% used [0x00007f3d2db50000, 0x00007f43abccd1c0, 0x00007f43abccd200, 0x00007f450a984000)
 Metaspace       used 30592K, capacity 30984K, committed 31232K, reserved 32768K
}
Event: 1396.686 GC heap after
{Heap after GC invocations=89 (full 7):
 def new generation   total 14840640K, used 990321K [0x00007f37d8600000, 0x00007f3bc6d20000, 0x00007f3d2db50000)
  eden space 13191680K,   0% used [0x00007f37d8600000, 0x00007f37d8600000, 0x00007f3afd880000)
  from space 1648960K,  60% used [0x00007f3b622d0000, 0x00007f3b9e9ec770, 0x00007f3bc6d20000)
  to   space 1648960K,   0% used [0x00007f3afd880000, 0x00007f3afd880000, 0x00007f3b622d0000)
 tenured generation   total 32979152K, used 28220098K [0x00007f3d2db50000, 0x00007f450a984000, 0x00007f47d8600000)
   the space 32979152K,  85% used [0x00007f3d2db50000, 0x00007f43e8200970, 0x00007f43e8200a00, 0x00007f450a984000)
 Metaspace       used 30592K, capacity 30984K, committed 31232K, reserved 32768K
}
Event: 1400.092 GC heap before
{Heap before GC invocations=89 (full 7):
 def new generation   total 14840640K, used 14182001K [0x00007f37d8600000, 0x00007f3bc6d20000, 0x00007f3d2db50000)
  eden space 13191680K, 100% used [0x00007f37d8600000, 0x00007f3afd880000, 0x00007f3afd880000)
  from space 1648960K,  60% used [0x00007f3b622d0000, 0x00007f3b9e9ec770, 0x00007f3bc6d20000)
  to   space 1648960K,   0% used [0x00007f3afd880000, 0x00007f3afd880000, 0x00007f3b622d0000)
 tenured generation   total 32979152K, used 28220098K [0x00007f3d2db50000, 0x00007f450a984000, 0x00007f47d8600000)
   the space 32979152K,  85% used [0x00007f3d2db50000, 0x00007f43e8200970, 0x00007f43e8200a00, 0x00007f450a984000)
 Metaspace       used 30592K, capacity 30984K, committed 31232K, reserved 32768K
}
Event: 1403.089 GC heap after
{Heap after GC invocations=90 (full 7):
 def new generation   total 14840640K, used 993089K [0x00007f37d8600000, 0x00007f3bc6d20000, 0x00007f3d2db50000)
  eden space 13191680K,   0% used [0x00007f37d8600000, 0x00007f37d8600000, 0x00007f3afd880000)
  from space 1648960K,  60% used [0x00007f3afd880000, 0x00007f3b3a250670, 0x00007f3b622d0000)
  to   space 1648960K,   0% used [0x00007f3b622d0000, 0x00007f3b622d0000, 0x00007f3bc6d20000)
 tenured generation   total 32979152K, used 29210419K [0x00007f3d2db50000, 0x00007f450a984000, 0x00007f47d8600000)
   the space 32979152K,  88% used [0x00007f3d2db50000, 0x00007f442491cd60, 0x00007f442491ce00, 0x00007f450a984000)
 Metaspace       used 30592K, capacity 30984K, committed 31232K, reserved 32768K
}
Event: 1406.358 GC heap before
{Heap before GC invocations=90 (full 7):
 def new generation   total 14840640K, used 14184769K [0x00007f37d8600000, 0x00007f3bc6d20000, 0x00007f3d2db50000)
  eden space 13191680K, 100% used [0x00007f37d8600000, 0x00007f3afd880000, 0x00007f3afd880000)
  from space 1648960K,  60% used [0x00007f3afd880000, 0x00007f3b3a250670, 0x00007f3b622d0000)
  to   space 1648960K,   0% used [0x00007f3b622d0000, 0x00007f3b622d0000, 0x00007f3bc6d20000)
 tenured generation   total 32979152K, used 29210419K [0x00007f3d2db50000, 0x00007f450a984000, 0x00007f47d8600000)
   the space 32979152K,  88% used [0x00007f3d2db50000, 0x00007f442491cd60, 0x00007f442491ce00, 0x00007f450a984000)
 Metaspace       used 30592K, capacity 30984K, committed 31232K, reserved 32768K
}
Event: 1409.310 GC heap after
{Heap after GC invocations=91 (full 7):
 def new generation   total 14840640K, used 994329K [0x00007f37d8600000, 0x00007f3bc6d20000, 0x00007f3d2db50000)
  eden space 13191680K,   0% used [0x00007f37d8600000, 0x00007f37d8600000, 0x00007f3afd880000)
  from space 1648960K,  60% used [0x00007f3b622d0000, 0x00007f3b9edd65c0, 0x00007f3bc6d20000)
  to   space 1648960K,   0% used [0x00007f3afd880000, 0x00007f3afd880000, 0x00007f3b622d0000)
 tenured generation   total 32979152K, used 30203508K [0x00007f3d2db50000, 0x00007f450a984000, 0x00007f47d8600000)
   the space 32979152K,  91% used [0x00007f3d2db50000, 0x00007f44612ed2c0, 0x00007f44612ed400, 0x00007f450a984000)
 Metaspace       used 30592K, capacity 30984K, committed 31232K, reserved 32768K
}
Event: 1412.844 GC heap before
{Heap before GC invocations=91 (full 7):
 def new generation   total 14840640K, used 14186009K [0x00007f37d8600000, 0x00007f3bc6d20000, 0x00007f3d2db50000)
  eden space 13191680K, 100% used [0x00007f37d8600000, 0x00007f3afd880000, 0x00007f3afd880000)
  from space 1648960K,  60% used [0x00007f3b622d0000, 0x00007f3b9edd65c0, 0x00007f3bc6d20000)
  to   space 1648960K,   0% used [0x00007f3afd880000, 0x00007f3afd880000, 0x00007f3b622d0000)
 tenured generation   total 32979152K, used 30203508K [0x00007f3d2db50000, 0x00007f450a984000, 0x00007f47d8600000)
   the space 32979152K,  91% used [0x00007f3d2db50000, 0x00007f44612ed2c0, 0x00007f44612ed400, 0x00007f450a984000)
 Metaspace       used 30592K, capacity 30984K, committed 31232K, reserved 32768K
}
Event: 1416.701 GC heap after
{Heap after GC invocations=92 (full 7):
 def new generation   total 14840640K, used 1381331K [0x00007f37d8600000, 0x00007f3bc6d20000, 0x00007f3d2db50000)
  eden space 13191680K,   0% used [0x00007f37d8600000, 0x00007f37d8600000, 0x00007f3afd880000)
  from space 1648960K,  83% used [0x00007f3afd880000, 0x00007f3b51d74fa0, 0x00007f3b622d0000)
  to   space 1648960K,   0% used [0x00007f3b622d0000, 0x00007f3b622d0000, 0x00007f3bc6d20000)
 tenured generation   total 32979152K, used 31197837K [0x00007f3d2db50000, 0x00007f450a984000, 0x00007f47d8600000)
   the space 32979152K,  94% used [0x00007f3d2db50000, 0x00007f449ddf3490, 0x00007f449ddf3600, 0x00007f450a984000)
 Metaspace       used 30592K, capacity 30984K, committed 31232K, reserved 32768K
}
Event: 1420.659 GC heap before
{Heap before GC invocations=92 (full 7):
 def new generation   total 14840640K, used 14573011K [0x00007f37d8600000, 0x00007f3bc6d20000, 0x00007f3d2db50000)
  eden space 13191680K, 100% used [0x00007f37d8600000, 0x00007f3afd880000, 0x00007f3afd880000)
  from space 1648960K,  83% used [0x00007f3afd880000, 0x00007f3b51d74fa0, 0x00007f3b622d0000)
  to   space 1648960K,   0% used [0x00007f3b622d0000, 0x00007f3b622d0000, 0x00007f3bc6d20000)
 tenured generation   total 32979152K, used 31197837K [0x00007f3d2db50000, 0x00007f450a984000, 0x00007f47d8600000)
   the space 32979152K,  94% used [0x00007f3d2db50000, 0x00007f449ddf3490, 0x00007f449ddf3600, 0x00007f450a984000)
 Metaspace       used 30592K, capacity 30984K, committed 31232K, reserved 32768K
}
Event: 1424.173 GC heap after
{Heap after GC invocations=93 (full 7):
 def new generation   total 14840640K, used 1101907K [0x00007f37d8600000, 0x00007f3bc6d20000, 0x00007f3d2db50000)
  eden space 13191680K,   0% used [0x00007f37d8600000, 0x00007f37d8600000, 0x00007f3afd880000)
  from space 1648960K,  66% used [0x00007f3b622d0000, 0x00007f3ba56e4c50, 0x00007f3bc6d20000)
  to   space 1648960K,   0% used [0x00007f3afd880000, 0x00007f3afd880000, 0x00007f3b622d0000)
 tenured generation   total 32979152K, used 32579168K [0x00007f3d2db50000, 0x00007f450a984000, 0x00007f47d8600000)
   the space 32979152K,  98% used [0x00007f3d2db50000, 0x00007f44f22e8070, 0x00007f44f22e8200, 0x00007f450a984000)
 Metaspace       used 30592K, capacity 30984K, committed 31232K, reserved 32768K
}
Event: 1427.647 GC heap before
{Heap before GC invocations=93 (full 7):
 def new generation   total 14840640K, used 14293587K [0x00007f37d8600000, 0x00007f3bc6d20000, 0x00007f3d2db50000)
  eden space 13191680K, 100% used [0x00007f37d8600000, 0x00007f3afd880000, 0x00007f3afd880000)
  from space 1648960K,  66% used [0x00007f3b622d0000, 0x00007f3ba56e4c50, 0x00007f3bc6d20000)
  to   space 1648960K,   0% used [0x00007f3afd880000, 0x00007f3afd880000, 0x00007f3b622d0000)
 tenured generation   total 32979152K, used 32579168K [0x00007f3d2db50000, 0x00007f450a984000, 0x00007f47d8600000)
   the space 32979152K,  98% used [0x00007f3d2db50000, 0x00007f44f22e8070, 0x00007f44f22e8200, 0x00007f450a984000)
 Metaspace       used 30592K, capacity 30984K, committed 31232K, reserved 32768K
}
Event: 1430.793 GC heap after
{Heap after GC invocations=94 (full 7):
 def new generation   total 14840640K, used 989163K [0x00007f37d8600000, 0x00007f3bc6d20000, 0x00007f3d2db50000)
  eden space 13191680K,   0% used [0x00007f37d8600000, 0x00007f37d8600000, 0x00007f3afd880000)
  from space 1648960K,  59% used [0x00007f3afd880000, 0x00007f3b39e7afd0, 0x00007f3b622d0000)
  to   space 1648960K,   0% used [0x00007f3b622d0000, 0x00007f3b622d0000, 0x00007f3bc6d20000)
 tenured generation   total 33681104K, used 33681074K [0x00007f3d2db50000, 0x00007f4535704000, 0x00007f47d8600000)
   the space 33681104K,  99% used [0x00007f3d2db50000, 0x00007f45356fc8f0, 0x00007f45356fca00, 0x00007f4535704000)
 Metaspace       used 30592K, capacity 30984K, committed 31232K, reserved 32768K
}
Event: 1430.793 GC heap before
{Heap before GC invocations=94 (full 7):
 def new generation   total 14840640K, used 989163K [0x00007f37d8600000, 0x00007f3bc6d20000, 0x00007f3d2db50000)
  eden space 13191680K,   0% used [0x00007f37d8600000, 0x00007f37d8600000, 0x00007f3afd880000)
  from space 1648960K,  59% used [0x00007f3afd880000, 0x00007f3b39e7afd0, 0x00007f3b622d0000)
  to   space 1648960K,   0% used [0x00007f3b622d0000, 0x00007f3b622d0000, 0x00007f3bc6d20000)
 tenured generation   total 33681104K, used 33681074K [0x00007f3d2db50000, 0x00007f4535704000, 0x00007f47d8600000)
   the space 33681104K,  99% used [0x00007f3d2db50000, 0x00007f45356fc8f0, 0x00007f45356fca00, 0x00007f4535704000)
 Metaspace       used 30592K, capacity 30984K, committed 31232K, reserved 32768K
}

