# JRE version: OpenJDK Runtime Environment (13.0.7+5) (build 13.0.7+5-Ubuntu-0ubuntu120.04)
# Java VM: OpenJDK 64-Bit Server VM (13.0.7+5-Ubuntu-0ubuntu120.04, mixed mode, tiered, serial gc, linux-amd64)
Heap:
 def new generation   total 1583936K, used 0K [0x00007fa914600000, 0x00007fa97fca0000, 0x00007fae69b50000)
  eden space 1408000K,   0% used [0x00007fa914600000, 0x00007fa914600000, 0x00007fa96a500000)
  from space 175936K,   0% used [0x00007fa9750d0000, 0x00007fa9750d0000, 0x00007fa97fca0000)
  to   space 175936K,   0% used [0x00007fa96a500000, 0x00007fa96a500000, 0x00007fa9750d0000)
 tenured generation   total 11908252K, used 9446470K [0x00007fae69b50000, 0x00007fb140877000, 0x00007fb914600000)
   the space 11908252K,  79% used [0x00007fae69b50000, 0x00007fb0aa461a40, 0x00007fb0aa461c00, 0x00007fb140877000)
 Metaspace       used 23013K, capacity 23369K, committed 23552K, reserved 24576K
GC Heap History (17 events):
Event: 3.328 GC heap before
{Heap before GC invocations=0 (full 0):
 def new generation   total 629120K, used 100665K [0x00007fa914600000, 0x00007fa93f0a0000, 0x00007fae69b50000)
  eden space 559232K,  18% used [0x00007fa914600000, 0x00007fa91a84e698, 0x00007fa936820000)
  from space 69888K,   0% used [0x00007fa936820000, 0x00007fa936820000, 0x00007fa93ac60000)
  to   space 69888K,   0% used [0x00007fa93ac60000, 0x00007fa93ac60000, 0x00007fa93f0a0000)
 tenured generation   total 1398144K, used 0K [0x00007fae69b50000, 0x00007faebf0b0000, 0x00007fb914600000)
   the space 1398144K,   0% used [0x00007fae69b50000, 0x00007fae69b50000, 0x00007fae69b50200, 0x00007faebf0b0000)
 Metaspace       used 20876K, capacity 21143K, committed 21248K, reserved 22528K
}
Event: 3.433 GC heap after
{Heap after GC invocations=1 (full 1):
 def new generation   total 629248K, used 0K [0x00007fa914600000, 0x00007fa93f0c0000, 0x00007fae69b50000)
  eden space 559360K,   0% used [0x00007fa914600000, 0x00007fa914600000, 0x00007fa936840000)
  from space 69888K,   0% used [0x00007fa936840000, 0x00007fa936840000, 0x00007fa93ac80000)
  to   space 69888K,   0% used [0x00007fa93ac80000, 0x00007fa93ac80000, 0x00007fa93f0c0000)
 tenured generation   total 1398144K, used 13600K [0x00007fae69b50000, 0x00007faebf0b0000, 0x00007fb914600000)
   the space 1398144K,   0% used [0x00007fae69b50000, 0x00007fae6a898300, 0x00007fae6a898400, 0x00007faebf0b0000)
 Metaspace       used 20876K, capacity 21143K, committed 21248K, reserved 22528K
}
Event: 7.869 GC heap before
{Heap before GC invocations=1 (full 1):
 def new generation   total 629248K, used 559360K [0x00007fa914600000, 0x00007fa93f0c0000, 0x00007fae69b50000)
  eden space 559360K, 100% used [0x00007fa914600000, 0x00007fa936840000, 0x00007fa936840000)
  from space 69888K,   0% used [0x00007fa936840000, 0x00007fa936840000, 0x00007fa93ac80000)
  to   space 69888K,   0% used [0x00007fa93ac80000, 0x00007fa93ac80000, 0x00007fa93f0c0000)
 tenured generation   total 1398144K, used 13600K [0x00007fae69b50000, 0x00007faebf0b0000, 0x00007fb914600000)
   the space 1398144K,   0% used [0x00007fae69b50000, 0x00007fae6a898300, 0x00007fae6a898400, 0x00007faebf0b0000)
 Metaspace       used 22778K, capacity 23080K, committed 23296K, reserved 24576K
}
Event: 7.881 GC heap after
{Heap after GC invocations=2 (full 1):
 def new generation   total 629248K, used 677K [0x00007fa914600000, 0x00007fa93f0c0000, 0x00007fae69b50000)
  eden space 559360K,   0% used [0x00007fa914600000, 0x00007fa914600000, 0x00007fa936840000)
  from space 69888K,   0% used [0x00007fa93ac80000, 0x00007fa93ad29700, 0x00007fa93f0c0000)
  to   space 69888K,   0% used [0x00007fa936840000, 0x00007fa936840000, 0x00007fa93ac80000)
 tenured generation   total 1398144K, used 13600K [0x00007fae69b50000, 0x00007faebf0b0000, 0x00007fb914600000)
   the space 1398144K,   0% used [0x00007fae69b50000, 0x00007fae6a898300, 0x00007fae6a898400, 0x00007faebf0b0000)
 Metaspace       used 22778K, capacity 23080K, committed 23296K, reserved 24576K
}
Event: 8.817 GC heap before
{Heap before GC invocations=2 (full 1):
 def new generation   total 629248K, used 560037K [0x00007fa914600000, 0x00007fa93f0c0000, 0x00007fae69b50000)
  eden space 559360K, 100% used [0x00007fa914600000, 0x00007fa936840000, 0x00007fa936840000)
  from space 69888K,   0% used [0x00007fa93ac80000, 0x00007fa93ad29700, 0x00007fa93f0c0000)
  to   space 69888K,   0% used [0x00007fa936840000, 0x00007fa936840000, 0x00007fa93ac80000)
 tenured generation   total 1398144K, used 13600K [0x00007fae69b50000, 0x00007faebf0b0000, 0x00007fb914600000)
   the space 1398144K,   0% used [0x00007fae69b50000, 0x00007fae6a898300, 0x00007fae6a898400, 0x00007faebf0b0000)
 Metaspace       used 22786K, capacity 23145K, committed 23296K, reserved 24576K
}
Event: 8.821 GC heap after
{Heap after GC invocations=3 (full 1):
 def new generation   total 629248K, used 904K [0x00007fa914600000, 0x00007fa93f0c0000, 0x00007fae69b50000)
  eden space 559360K,   0% used [0x00007fa914600000, 0x00007fa914600000, 0x00007fa936840000)
  from space 69888K,   1% used [0x00007fa936840000, 0x00007fa936922240, 0x00007fa93ac80000)
  to   space 69888K,   0% used [0x00007fa93ac80000, 0x00007fa93ac80000, 0x00007fa93f0c0000)
 tenured generation   total 1398144K, used 13600K [0x00007fae69b50000, 0x00007faebf0b0000, 0x00007fb914600000)
   the space 1398144K,   0% used [0x00007fae69b50000, 0x00007fae6a898300, 0x00007fae6a898400, 0x00007faebf0b0000)
 Metaspace       used 22786K, capacity 23145K, committed 23296K, reserved 24576K
}
Event: 10.608 GC heap before
{Heap before GC invocations=3 (full 1):
 def new generation   total 629248K, used 74094K [0x00007fa914600000, 0x00007fa93f0c0000, 0x00007fae69b50000)
  eden space 559360K,  13% used [0x00007fa914600000, 0x00007fa918d795f8, 0x00007fa936840000)
  from space 69888K,   1% used [0x00007fa936840000, 0x00007fa936922240, 0x00007fa93ac80000)
  to   space 69888K,   0% used [0x00007fa93ac80000, 0x00007fa93ac80000, 0x00007fa93f0c0000)
 tenured generation   total 1398144K, used 1062176K [0x00007fae69b50000, 0x00007faebf0b0000, 0x00007fb914600000)
   the space 1398144K,  75% used [0x00007fae69b50000, 0x00007faeaa898318, 0x00007faeaa898400, 0x00007faebf0b0000)
 Metaspace       used 23013K, capacity 23369K, committed 23552K, reserved 24576K
}
Event: 10.613 GC heap after
{Heap after GC invocations=4 (full 1):
 def new generation   total 629248K, used 1039K [0x00007fa914600000, 0x00007fa93f0c0000, 0x00007fae69b50000)
  eden space 559360K,   0% used [0x00007fa914600000, 0x00007fa914600000, 0x00007fa936840000)
  from space 69888K,   1% used [0x00007fa93ac80000, 0x00007fa93ad83f30, 0x00007fa93f0c0000)
  to   space 69888K,   0% used [0x00007fa936840000, 0x00007fa936840000, 0x00007fa93ac80000)
 tenured generation   total 1398144K, used 1062176K [0x00007fae69b50000, 0x00007faebf0b0000, 0x00007fb914600000)
   the space 1398144K,  75% used [0x00007fae69b50000, 0x00007faeaa898318, 0x00007faeaa898400, 0x00007faebf0b0000)
 Metaspace       used 23013K, capacity 23369K, committed 23552K, reserved 24576K
}
Event: 10.613 GC heap before
{Heap before GC invocations=4 (full 1):
 def new generation   total 629248K, used 1039K [0x00007fa914600000, 0x00007fa93f0c0000, 0x00007fae69b50000)
  eden space 559360K,   0% used [0x00007fa914600000, 0x00007fa914600000, 0x00007fa936840000)
  from space 69888K,   1% used [0x00007fa93ac80000, 0x00007fa93ad83f30, 0x00007fa93f0c0000)
  to   space 69888K,   0% used [0x00007fa936840000, 0x00007fa936840000, 0x00007fa93ac80000)
 tenured generation   total 1398144K, used 1062176K [0x00007fae69b50000, 0x00007faebf0b0000, 0x00007fb914600000)
   the space 1398144K,  75% used [0x00007fae69b50000, 0x00007faeaa898318, 0x00007faeaa898400, 0x00007faebf0b0000)
 Metaspace       used 23013K, capacity 23369K, committed 23552K, reserved 24576K
}
Event: 10.658 GC heap after
{Heap after GC invocations=4 (full 2):
 def new generation   total 797440K, used 0K [0x00007fa914600000, 0x00007fa94a740000, 0x00007fae69b50000)
  eden space 708864K,   0% used [0x00007fa914600000, 0x00007fa914600000, 0x00007fa93fa40000)
  from space 88576K,   0% used [0x00007fa93fa40000, 0x00007fa93fa40000, 0x00007fa9450c0000)
  to   space 88576K,   0% used [0x00007fa9450c0000, 0x00007fa9450c0000, 0x00007fa94a740000)
 tenured generation   total 1772012K, used 1063206K [0x00007fae69b50000, 0x00007faed5dcb000, 0x00007fb914600000)
   the space 1772012K,  59% used [0x00007fae69b50000, 0x00007faeaa999bc0, 0x00007faeaa999c00, 0x00007faed5dcb000)
 Metaspace       used 23013K, capacity 23369K, committed 23552K, reserved 24576K
}
Event: 11.846 GC heap before
{Heap before GC invocations=4 (full 2):
 def new generation   total 797440K, used 14057K [0x00007fa914600000, 0x00007fa94a740000, 0x00007fae69b50000)
  eden space 708864K,   1% used [0x00007fa914600000, 0x00007fa9153ba5b0, 0x00007fa93fa40000)
  from space 88576K,   0% used [0x00007fa93fa40000, 0x00007fa93fa40000, 0x00007fa9450c0000)
  to   space 88576K,   0% used [0x00007fa9450c0000, 0x00007fa9450c0000, 0x00007fa94a740000)
 tenured generation   total 2820592K, used 2111782K [0x00007fae69b50000, 0x00007faf15dcc000, 0x00007fb914600000)
   the space 2820592K,  74% used [0x00007fae69b50000, 0x00007faeea999bd8, 0x00007faeea999c00, 0x00007faf15dcc000)
 Metaspace       used 23013K, capacity 23369K, committed 23552K, reserved 24576K
}
Event: 11.851 GC heap after
{Heap after GC invocations=5 (full 2):
 def new generation   total 797440K, used 0K [0x00007fa914600000, 0x00007fa94a740000, 0x00007fae69b50000)
  eden space 708864K,   0% used [0x00007fa914600000, 0x00007fa914600000, 0x00007fa93fa40000)
  from space 88576K,   0% used [0x00007fa9450c0000, 0x00007fa9450c0278, 0x00007fa94a740000)
  to   space 88576K,   0% used [0x00007fa93fa40000, 0x00007fa93fa40000, 0x00007fa9450c0000)
 tenured generation   total 2820592K, used 2111782K [0x00007fae69b50000, 0x00007faf15dcc000, 0x00007fb914600000)
   the space 2820592K,  74% used [0x00007fae69b50000, 0x00007faeea999bd8, 0x00007faeea999c00, 0x00007faf15dcc000)
 Metaspace       used 23013K, capacity 23369K, committed 23552K, reserved 24576K
}
Event: 11.851 GC heap before
{Heap before GC invocations=5 (full 2):
 def new generation   total 797440K, used 0K [0x00007fa914600000, 0x00007fa94a740000, 0x00007fae69b50000)
  eden space 708864K,   0% used [0x00007fa914600000, 0x00007fa914600000, 0x00007fa93fa40000)
  from space 88576K,   0% used [0x00007fa9450c0000, 0x00007fa9450c0278, 0x00007fa94a740000)
  to   space 88576K,   0% used [0x00007fa93fa40000, 0x00007fa93fa40000, 0x00007fa9450c0000)
 tenured generation   total 2820592K, used 2111782K [0x00007fae69b50000, 0x00007faf15dcc000, 0x00007fb914600000)
   the space 2820592K,  74% used [0x00007fae69b50000, 0x00007faeea999bd8, 0x00007faeea999c00, 0x00007faf15dcc000)
 Metaspace       used 23013K, capacity 23369K, committed 23552K, reserved 24576K
}
Event: 11.907 GC heap after
{Heap after GC invocations=5 (full 3):
 def new generation   total 1583936K, used 0K [0x00007fa914600000, 0x00007fa97fca0000, 0x00007fae69b50000)
  eden space 1408000K,   0% used [0x00007fa914600000, 0x00007fa914600000, 0x00007fa96a500000)
  from space 175936K,   0% used [0x00007fa96a500000, 0x00007fa96a500000, 0x00007fa9750d0000)
  to   space 175936K,   0% used [0x00007fa9750d0000, 0x00007fa9750d0000, 0x00007fa97fca0000)
 tenured generation   total 3519640K, used 2111783K [0x00007fae69b50000, 0x00007faf40876000, 0x00007fb914600000)
   the space 3519640K,  59% used [0x00007fae69b50000, 0x00007faeea999e50, 0x00007faeea99a000, 0x00007faf40876000)
 Metaspace       used 23013K, capacity 23369K, committed 23552K, reserved 24576K
}
Event: 24.305 GC heap before
{Heap before GC invocations=5 (full 3):
 def new generation   total 1583936K, used 27921K [0x00007fa914600000, 0x00007fa97fca0000, 0x00007fae69b50000)
  eden space 1408000K,   1% used [0x00007fa914600000, 0x00007fa916144740, 0x00007fa96a500000)
  from space 175936K,   0% used [0x00007fa96a500000, 0x00007fa96a500000, 0x00007fa9750d0000)
  to   space 175936K,   0% used [0x00007fa9750d0000, 0x00007fa9750d0000, 0x00007fa97fca0000)
 tenured generation   total 11908252K, used 10500391K [0x00007fae69b50000, 0x00007fb140877000, 0x00007fb914600000)
   the space 11908252K,  88% used [0x00007fae69b50000, 0x00007fb0ea999e68, 0x00007fb0ea99a000, 0x00007fb140877000)
 Metaspace       used 23013K, capacity 23369K, committed 23552K, reserved 24576K
}
Event: 24.313 GC heap after
{Heap after GC invocations=6 (full 3):
 def new generation   total 1583936K, used 0K [0x00007fa914600000, 0x00007fa97fca0000, 0x00007fae69b50000)
  eden space 1408000K,   0% used [0x00007fa914600000, 0x00007fa914600000, 0x00007fa96a500000)
  from space 175936K,   0% used [0x00007fa9750d0000, 0x00007fa9750d0160, 0x00007fa97fca0000)
  to   space 175936K,   0% used [0x00007fa96a500000, 0x00007fa96a500000, 0x00007fa9750d0000)
 tenured generation   total 11908252K, used 10500391K [0x00007fae69b50000, 0x00007fb140877000, 0x00007fb914600000)
   the space 11908252K,  88% used [0x00007fae69b50000, 0x00007fb0ea999e68, 0x00007fb0ea99a000, 0x00007fb140877000)
 Metaspace       used 23013K, capacity 23369K, committed 23552K, reserved 24576K
}
Event: 24.313 GC heap before
{Heap before GC invocations=6 (full 3):
 def new generation   total 1583936K, used 0K [0x00007fa914600000, 0x00007fa97fca0000, 0x00007fae69b50000)
  eden space 1408000K,   0% used [0x00007fa914600000, 0x00007fa914600000, 0x00007fa96a500000)
  from space 175936K,   0% used [0x00007fa9750d0000, 0x00007fa9750d0160, 0x00007fa97fca0000)
  to   space 175936K,   0% used [0x00007fa96a500000, 0x00007fa96a500000, 0x00007fa9750d0000)
 tenured generation   total 11908252K, used 10500391K [0x00007fae69b50000, 0x00007fb140877000, 0x00007fb914600000)
   the space 11908252K,  88% used [0x00007fae69b50000, 0x00007fb0ea999e68, 0x00007fb0ea99a000, 0x00007fb140877000)
 Metaspace       used 23013K, capacity 23369K, committed 23552K, reserved 24576K
}

