# JRE version: OpenJDK Runtime Environment (13.0.7+5) (build 13.0.7+5-Ubuntu-0ubuntu120.04)
# Java VM: OpenJDK 64-Bit Server VM (13.0.7+5-Ubuntu-0ubuntu120.04, mixed mode, tiered, serial gc, linux-amd64)
Heap:
 def new generation   total 4456256K, used 0K [0x00007f69c0600000, 0x00007f6aee950000, 0x00007f746b0a0000)
  eden space 3961152K,   0% used [0x00007f69c0600000, 0x00007f69c0600000, 0x00007f6ab2250000)
  from space 495104K,   0% used [0x00007f6ab2250000, 0x00007f6ab2250000, 0x00007f6ad05d0000)
  to   space 495104K,   0% used [0x00007f6ad05d0000, 0x00007f6ad05d0000, 0x00007f6aee950000)
 tenured generation   total 9919000K, used 9820766K [0x00007f746b0a0000, 0x00007f76c8726000, 0x00007f89c0600000)
   the space 9919000K,  99% used [0x00007f746b0a0000, 0x00007f76c27378c0, 0x00007f76c2737a00, 0x00007f76c8726000)
 Metaspace       used 24313K, capacity 24708K, committed 24832K, reserved 26624K
GC Heap History (20 events):
Event: 4861.416 GC heap after
{Heap after GC invocations=2942 (full 7):
 def new generation   total 4456256K, used 147010K [0x00007f69c0600000, 0x00007f6aee950000, 0x00007f746b0a0000)
  eden space 3961152K,   0% used [0x00007f69c0600000, 0x00007f69c0600000, 0x00007f6ab2250000)
  from space 495104K,  29% used [0x00007f6ad05d0000, 0x00007f6ad95608d0, 0x00007f6aee950000)
  to   space 495104K,   0% used [0x00007f6ab2250000, 0x00007f6ab2250000, 0x00007f6ad05d0000)
 tenured generation   total 9902612K, used 9849576K [0x00007f746b0a0000, 0x00007f76c7725000, 0x00007f89c0600000)
   the space 9902612K,  99% used [0x00007f746b0a0000, 0x00007f76c435a318, 0x00007f76c435a400, 0x00007f76c7725000)
 Metaspace       used 24313K, capacity 24708K, committed 24832K, reserved 26624K
}
Event: 4866.081 GC heap before
{Heap before GC invocations=2942 (full 7):
 def new generation   total 4456256K, used 4108162K [0x00007f69c0600000, 0x00007f6aee950000, 0x00007f746b0a0000)
  eden space 3961152K, 100% used [0x00007f69c0600000, 0x00007f6ab2250000, 0x00007f6ab2250000)
  from space 495104K,  29% used [0x00007f6ad05d0000, 0x00007f6ad95608d0, 0x00007f6aee950000)
  to   space 495104K,   0% used [0x00007f6ab2250000, 0x00007f6ab2250000, 0x00007f6ad05d0000)
 tenured generation   total 9902612K, used 9849576K [0x00007f746b0a0000, 0x00007f76c7725000, 0x00007f89c0600000)
   the space 9902612K,  99% used [0x00007f746b0a0000, 0x00007f76c435a318, 0x00007f76c435a400, 0x00007f76c7725000)
 Metaspace       used 24313K, capacity 24708K, committed 24832K, reserved 26624K
}
Event: 4866.199 GC heap after
{Heap after GC invocations=2943 (full 7):
 def new generation   total 4456256K, used 151622K [0x00007f69c0600000, 0x00007f6aee950000, 0x00007f746b0a0000)
  eden space 3961152K,   0% used [0x00007f69c0600000, 0x00007f69c0600000, 0x00007f6ab2250000)
  from space 495104K,  30% used [0x00007f6ab2250000, 0x00007f6abb661a70, 0x00007f6ad05d0000)
  to   space 495104K,   0% used [0x00007f6ad05d0000, 0x00007f6ad05d0000, 0x00007f6aee950000)
 tenured generation   total 9902612K, used 9849576K [0x00007f746b0a0000, 0x00007f76c7725000, 0x00007f89c0600000)
   the space 9902612K,  99% used [0x00007f746b0a0000, 0x00007f76c435a318, 0x00007f76c435a400, 0x00007f76c7725000)
 Metaspace       used 24313K, capacity 24708K, committed 24832K, reserved 26624K
}
Event: 4869.854 GC heap before
{Heap before GC invocations=2943 (full 7):
 def new generation   total 4456256K, used 4106218K [0x00007f69c0600000, 0x00007f6aee950000, 0x00007f746b0a0000)
  eden space 3961152K,  99% used [0x00007f69c0600000, 0x00007f6ab1be9158, 0x00007f6ab2250000)
  from space 495104K,  30% used [0x00007f6ab2250000, 0x00007f6abb661a70, 0x00007f6ad05d0000)
  to   space 495104K,   0% used [0x00007f6ad05d0000, 0x00007f6ad05d0000, 0x00007f6aee950000)
 tenured generation   total 9902612K, used 9849576K [0x00007f746b0a0000, 0x00007f76c7725000, 0x00007f89c0600000)
   the space 9902612K,  99% used [0x00007f746b0a0000, 0x00007f76c435a318, 0x00007f76c435a400, 0x00007f76c7725000)
 Metaspace       used 24313K, capacity 24708K, committed 24832K, reserved 26624K
}
Event: 4869.975 GC heap after
{Heap after GC invocations=2944 (full 7):
 def new generation   total 4456256K, used 137231K [0x00007f69c0600000, 0x00007f6aee950000, 0x00007f746b0a0000)
  eden space 3961152K,   0% used [0x00007f69c0600000, 0x00007f69c0600000, 0x00007f6ab2250000)
  from space 495104K,  27% used [0x00007f6ad05d0000, 0x00007f6ad8bd3c38, 0x00007f6aee950000)
  to   space 495104K,   0% used [0x00007f6ab2250000, 0x00007f6ab2250000, 0x00007f6ad05d0000)
 tenured generation   total 9902612K, used 9866536K [0x00007f746b0a0000, 0x00007f76c7725000, 0x00007f89c0600000)
   the space 9902612K,  99% used [0x00007f746b0a0000, 0x00007f76c53ea310, 0x00007f76c53ea400, 0x00007f76c7725000)
 Metaspace       used 24313K, capacity 24708K, committed 24832K, reserved 26624K
}
Event: 4874.990 GC heap before
{Heap before GC invocations=2944 (full 7):
 def new generation   total 4456256K, used 4087092K [0x00007f69c0600000, 0x00007f6aee950000, 0x00007f746b0a0000)
  eden space 3961152K,  99% used [0x00007f69c0600000, 0x00007f6ab1749528, 0x00007f6ab2250000)
  from space 495104K,  27% used [0x00007f6ad05d0000, 0x00007f6ad8bd3c38, 0x00007f6aee950000)
  to   space 495104K,   0% used [0x00007f6ab2250000, 0x00007f6ab2250000, 0x00007f6ad05d0000)
 tenured generation   total 9902612K, used 9866536K [0x00007f746b0a0000, 0x00007f76c7725000, 0x00007f89c0600000)
   the space 9902612K,  99% used [0x00007f746b0a0000, 0x00007f76c53ea310, 0x00007f76c53ea400, 0x00007f76c7725000)
 Metaspace       used 24313K, capacity 24708K, committed 24832K, reserved 26624K
}
Event: 4875.106 GC heap after
{Heap after GC invocations=2945 (full 7):
 def new generation   total 4456256K, used 150084K [0x00007f69c0600000, 0x00007f6aee950000, 0x00007f746b0a0000)
  eden space 3961152K,   0% used [0x00007f69c0600000, 0x00007f69c0600000, 0x00007f6ab2250000)
  from space 495104K,  30% used [0x00007f6ab2250000, 0x00007f6abb4e1278, 0x00007f6ad05d0000)
  to   space 495104K,   0% used [0x00007f6ad05d0000, 0x00007f6ad05d0000, 0x00007f6aee950000)
 tenured generation   total 9902612K, used 9866536K [0x00007f746b0a0000, 0x00007f76c7725000, 0x00007f89c0600000)
   the space 9902612K,  99% used [0x00007f746b0a0000, 0x00007f76c53ea310, 0x00007f76c53ea400, 0x00007f76c7725000)
 Metaspace       used 24313K, capacity 24708K, committed 24832K, reserved 26624K
}
Event: 4878.912 GC heap before
{Heap before GC invocations=2945 (full 7):
 def new generation   total 4456256K, used 4111236K [0x00007f69c0600000, 0x00007f6aee950000, 0x00007f746b0a0000)
  eden space 3961152K, 100% used [0x00007f69c0600000, 0x00007f6ab2250000, 0x00007f6ab2250000)
  from space 495104K,  30% used [0x00007f6ab2250000, 0x00007f6abb4e1278, 0x00007f6ad05d0000)
  to   space 495104K,   0% used [0x00007f6ad05d0000, 0x00007f6ad05d0000, 0x00007f6aee950000)
 tenured generation   total 9902612K, used 9866536K [0x00007f746b0a0000, 0x00007f76c7725000, 0x00007f89c0600000)
   the space 9902612K,  99% used [0x00007f746b0a0000, 0x00007f76c53ea310, 0x00007f76c53ea400, 0x00007f76c7725000)
 Metaspace       used 24313K, capacity 24708K, committed 24832K, reserved 26624K
}
Event: 4879.043 GC heap after
{Heap after GC invocations=2946 (full 7):
 def new generation   total 4456256K, used 135695K [0x00007f69c0600000, 0x00007f6aee950000, 0x00007f746b0a0000)
  eden space 3961152K,   0% used [0x00007f69c0600000, 0x00007f69c0600000, 0x00007f6ab2250000)
  from space 495104K,  27% used [0x00007f6ad05d0000, 0x00007f6ad8a53f50, 0x00007f6aee950000)
  to   space 495104K,   0% used [0x00007f6ab2250000, 0x00007f6ab2250000, 0x00007f6ad05d0000)
 tenured generation   total 9902612K, used 9883496K [0x00007f746b0a0000, 0x00007f76c7725000, 0x00007f89c0600000)
   the space 9902612K,  99% used [0x00007f746b0a0000, 0x00007f76c647a308, 0x00007f76c647a400, 0x00007f76c7725000)
 Metaspace       used 24313K, capacity 24708K, committed 24832K, reserved 26624K
}
Event: 4884.269 GC heap before
{Heap before GC invocations=2946 (full 7):
 def new generation   total 4456256K, used 4096847K [0x00007f69c0600000, 0x00007f6aee950000, 0x00007f746b0a0000)
  eden space 3961152K, 100% used [0x00007f69c0600000, 0x00007f6ab2250000, 0x00007f6ab2250000)
  from space 495104K,  27% used [0x00007f6ad05d0000, 0x00007f6ad8a53f50, 0x00007f6aee950000)
  to   space 495104K,   0% used [0x00007f6ab2250000, 0x00007f6ab2250000, 0x00007f6ad05d0000)
 tenured generation   total 9902612K, used 9883496K [0x00007f746b0a0000, 0x00007f76c7725000, 0x00007f89c0600000)
   the space 9902612K,  99% used [0x00007f746b0a0000, 0x00007f76c647a308, 0x00007f76c647a400, 0x00007f76c7725000)
 Metaspace       used 24313K, capacity 24708K, committed 24832K, reserved 26624K
}
Event: 4884.440 GC heap after
{Heap after GC invocations=2947 (full 7):
 def new generation   total 4456256K, used 150067K [0x00007f69c0600000, 0x00007f6aee950000, 0x00007f746b0a0000)
  eden space 3961152K,   0% used [0x00007f69c0600000, 0x00007f69c0600000, 0x00007f6ab2250000)
  from space 495104K,  30% used [0x00007f6ab2250000, 0x00007f6abb4dce88, 0x00007f6ad05d0000)
  to   space 495104K,   0% used [0x00007f6ad05d0000, 0x00007f6ad05d0000, 0x00007f6aee950000)
 tenured generation   total 9902612K, used 9883496K [0x00007f746b0a0000, 0x00007f76c7725000, 0x00007f89c0600000)
   the space 9902612K,  99% used [0x00007f746b0a0000, 0x00007f76c647a308, 0x00007f76c647a400, 0x00007f76c7725000)
 Metaspace       used 24313K, capacity 24708K, committed 24832K, reserved 26624K
}
Event: 4887.948 GC heap before
{Heap before GC invocations=2947 (full 7):
 def new generation   total 4456256K, used 4111219K [0x00007f69c0600000, 0x00007f6aee950000, 0x00007f746b0a0000)
  eden space 3961152K, 100% used [0x00007f69c0600000, 0x00007f6ab2250000, 0x00007f6ab2250000)
  from space 495104K,  30% used [0x00007f6ab2250000, 0x00007f6abb4dce88, 0x00007f6ad05d0000)
  to   space 495104K,   0% used [0x00007f6ad05d0000, 0x00007f6ad05d0000, 0x00007f6aee950000)
 tenured generation   total 9902612K, used 9883496K [0x00007f746b0a0000, 0x00007f76c7725000, 0x00007f89c0600000)
   the space 9902612K,  99% used [0x00007f746b0a0000, 0x00007f76c647a308, 0x00007f76c647a400, 0x00007f76c7725000)
 Metaspace       used 24313K, capacity 24708K, committed 24832K, reserved 26624K
}
Event: 4888.072 GC heap after
{Heap after GC invocations=2948 (full 7):
 def new generation   total 4456256K, used 152653K [0x00007f69c0600000, 0x00007f6aee950000, 0x00007f746b0a0000)
  eden space 3961152K,   0% used [0x00007f69c0600000, 0x00007f69c0600000, 0x00007f6ab2250000)
  from space 495104K,  30% used [0x00007f6ad05d0000, 0x00007f6ad9ae3730, 0x00007f6aee950000)
  to   space 495104K,   0% used [0x00007f6ab2250000, 0x00007f6ab2250000, 0x00007f6ad05d0000)
 tenured generation   total 9902612K, used 9883496K [0x00007f746b0a0000, 0x00007f76c7725000, 0x00007f89c0600000)
   the space 9902612K,  99% used [0x00007f746b0a0000, 0x00007f76c647a308, 0x00007f76c647a400, 0x00007f76c7725000)
 Metaspace       used 24313K, capacity 24708K, committed 24832K, reserved 26624K
}
Event: 4893.065 GC heap before
{Heap before GC invocations=2948 (full 7):
 def new generation   total 4456256K, used 4113805K [0x00007f69c0600000, 0x00007f6aee950000, 0x00007f746b0a0000)
  eden space 3961152K, 100% used [0x00007f69c0600000, 0x00007f6ab2250000, 0x00007f6ab2250000)
  from space 495104K,  30% used [0x00007f6ad05d0000, 0x00007f6ad9ae3730, 0x00007f6aee950000)
  to   space 495104K,   0% used [0x00007f6ab2250000, 0x00007f6ab2250000, 0x00007f6ad05d0000)
 tenured generation   total 9902612K, used 9883496K [0x00007f746b0a0000, 0x00007f76c7725000, 0x00007f89c0600000)
   the space 9902612K,  99% used [0x00007f746b0a0000, 0x00007f76c647a308, 0x00007f76c647a400, 0x00007f76c7725000)
 Metaspace       used 24313K, capacity 24708K, committed 24832K, reserved 26624K
}
Event: 4893.199 GC heap after
{Heap after GC invocations=2949 (full 7):
 def new generation   total 4456256K, used 145985K [0x00007f69c0600000, 0x00007f6aee950000, 0x00007f746b0a0000)
  eden space 3961152K,   0% used [0x00007f69c0600000, 0x00007f69c0600000, 0x00007f6ab2250000)
  from space 495104K,  29% used [0x00007f6ab2250000, 0x00007f6abb0e0500, 0x00007f6ad05d0000)
  to   space 495104K,   0% used [0x00007f6ad05d0000, 0x00007f6ad05d0000, 0x00007f6aee950000)
 tenured generation   total 9902612K, used 9900456K [0x00007f746b0a0000, 0x00007f76c7725000, 0x00007f89c0600000)
   the space 9902612K,  99% used [0x00007f746b0a0000, 0x00007f76c750a300, 0x00007f76c750a400, 0x00007f76c7725000)
 Metaspace       used 24313K, capacity 24708K, committed 24832K, reserved 26624K
}
Event: 4896.822 GC heap before
{Heap before GC invocations=2949 (full 7):
 def new generation   total 4456256K, used 4107137K [0x00007f69c0600000, 0x00007f6aee950000, 0x00007f746b0a0000)
  eden space 3961152K, 100% used [0x00007f69c0600000, 0x00007f6ab2250000, 0x00007f6ab2250000)
  from space 495104K,  29% used [0x00007f6ab2250000, 0x00007f6abb0e0500, 0x00007f6ad05d0000)
  to   space 495104K,   0% used [0x00007f6ad05d0000, 0x00007f6ad05d0000, 0x00007f6aee950000)
 tenured generation   total 9902612K, used 9900456K [0x00007f746b0a0000, 0x00007f76c7725000, 0x00007f89c0600000)
   the space 9902612K,  99% used [0x00007f746b0a0000, 0x00007f76c750a300, 0x00007f76c750a400, 0x00007f76c7725000)
 Metaspace       used 24313K, capacity 24708K, committed 24832K, reserved 26624K
}
Event: 4896.950 GC heap after
{Heap after GC invocations=2950 (full 7):
 def new generation   total 4456256K, used 152639K [0x00007f69c0600000, 0x00007f6aee950000, 0x00007f746b0a0000)
  eden space 3961152K,   0% used [0x00007f69c0600000, 0x00007f69c0600000, 0x00007f6ab2250000)
  from space 495104K,  30% used [0x00007f6ad05d0000, 0x00007f6ad9adfe80, 0x00007f6aee950000)
  to   space 495104K,   0% used [0x00007f6ab2250000, 0x00007f6ab2250000, 0x00007f6ad05d0000)
 tenured generation   total 9902612K, used 9900456K [0x00007f746b0a0000, 0x00007f76c7725000, 0x00007f89c0600000)
   the space 9902612K,  99% used [0x00007f746b0a0000, 0x00007f76c750a300, 0x00007f76c750a400, 0x00007f76c7725000)
 Metaspace       used 24313K, capacity 24708K, committed 24832K, reserved 26624K
}
Event: 4901.589 GC heap before
{Heap before GC invocations=2950 (full 7):
 def new generation   total 4456256K, used 4111469K [0x00007f69c0600000, 0x00007f6aee950000, 0x00007f746b0a0000)
  eden space 3961152K,  99% used [0x00007f69c0600000, 0x00007f6ab200b770, 0x00007f6ab2250000)
  from space 495104K,  30% used [0x00007f6ad05d0000, 0x00007f6ad9adfe80, 0x00007f6aee950000)
  to   space 495104K,   0% used [0x00007f6ab2250000, 0x00007f6ab2250000, 0x00007f6ad05d0000)
 tenured generation   total 9902612K, used 9900456K [0x00007f746b0a0000, 0x00007f76c7725000, 0x00007f89c0600000)
   the space 9902612K,  99% used [0x00007f746b0a0000, 0x00007f76c750a300, 0x00007f76c750a400, 0x00007f76c7725000)
 Metaspace       used 24313K, capacity 24708K, committed 24832K, reserved 26624K
}
Event: 4901.746 GC heap after
{Heap after GC invocations=2951 (full 7):
 def new generation   total 4456256K, used 161894K [0x00007f69c0600000, 0x00007f6aee950000, 0x00007f746b0a0000)
  eden space 3961152K,   0% used [0x00007f69c0600000, 0x00007f69c0600000, 0x00007f6ab2250000)
  from space 495104K,  32% used [0x00007f6ab2250000, 0x00007f6abc069a50, 0x00007f6ad05d0000)
  to   space 495104K,   0% used [0x00007f6ad05d0000, 0x00007f6ad05d0000, 0x00007f6aee950000)
 tenured generation   total 9919000K, used 9917416K [0x00007f746b0a0000, 0x00007f76c8726000, 0x00007f89c0600000)
   the space 9919000K,  99% used [0x00007f746b0a0000, 0x00007f76c859a2f8, 0x00007f76c859a400, 0x00007f76c8726000)
 Metaspace       used 24313K, capacity 24708K, committed 24832K, reserved 26624K
}
Event: 4901.746 GC heap before
{Heap before GC invocations=2951 (full 7):
 def new generation   total 4456256K, used 161894K [0x00007f69c0600000, 0x00007f6aee950000, 0x00007f746b0a0000)
  eden space 3961152K,   0% used [0x00007f69c0600000, 0x00007f69c0600000, 0x00007f6ab2250000)
  from space 495104K,  32% used [0x00007f6ab2250000, 0x00007f6abc069a50, 0x00007f6ad05d0000)
  to   space 495104K,   0% used [0x00007f6ad05d0000, 0x00007f6ad05d0000, 0x00007f6aee950000)
 tenured generation   total 9919000K, used 9917416K [0x00007f746b0a0000, 0x00007f76c8726000, 0x00007f89c0600000)
   the space 9919000K,  99% used [0x00007f746b0a0000, 0x00007f76c859a2f8, 0x00007f76c859a400, 0x00007f76c8726000)
 Metaspace       used 24313K, capacity 24708K, committed 24832K, reserved 26624K
}

