# JRE version: OpenJDK Runtime Environment (13.0.7+5) (build 13.0.7+5-Ubuntu-0ubuntu120.04)
# Java VM: OpenJDK 64-Bit Server VM (13.0.7+5-Ubuntu-0ubuntu120.04, mixed mode, tiered, serial gc, linux-amd64)
Heap:
 def new generation   total 629248K, used 0K [0x00007f18fc600000, 0x00007f19270c0000, 0x00007f1e51b50000)
  eden space 559360K,   0% used [0x00007f18fc600000, 0x00007f18fc600000, 0x00007f191e840000)
  from space 69888K,   0% used [0x00007f191e840000, 0x00007f191e840000, 0x00007f1922c80000)
  to   space 69888K,   0% used [0x00007f1922c80000, 0x00007f1922c80000, 0x00007f19270c0000)
 tenured generation   total 1398144K, used 16855K [0x00007f1e51b50000, 0x00007f1ea70b0000, 0x00007f28fc600000)
   the space 1398144K,   1% used [0x00007f1e51b50000, 0x00007f1e52bc5c00, 0x00007f1e52bc5c00, 0x00007f1ea70b0000)
 Metaspace       used 23265K, capacity 23606K, committed 23808K, reserved 24576K
GC Heap History (12 events):
Event: 3.900 GC heap before
{Heap before GC invocations=0 (full 0):
 def new generation   total 629120K, used 111850K [0x00007f18fc600000, 0x00007f19270a0000, 0x00007f1e51b50000)
  eden space 559232K,  20% used [0x00007f18fc600000, 0x00007f190333a880, 0x00007f191e820000)
  from space 69888K,   0% used [0x00007f191e820000, 0x00007f191e820000, 0x00007f1922c60000)
  to   space 69888K,   0% used [0x00007f1922c60000, 0x00007f1922c60000, 0x00007f19270a0000)
 tenured generation   total 1398144K, used 0K [0x00007f1e51b50000, 0x00007f1ea70b0000, 0x00007f28fc600000)
   the space 1398144K,   0% used [0x00007f1e51b50000, 0x00007f1e51b50000, 0x00007f1e51b50200, 0x00007f1ea70b0000)
 Metaspace       used 20883K, capacity 21143K, committed 21248K, reserved 22528K
}
Event: 4.020 GC heap after
{Heap after GC invocations=1 (full 1):
 def new generation   total 629248K, used 0K [0x00007f18fc600000, 0x00007f19270c0000, 0x00007f1e51b50000)
  eden space 559360K,   0% used [0x00007f18fc600000, 0x00007f18fc600000, 0x00007f191e840000)
  from space 69888K,   0% used [0x00007f191e840000, 0x00007f191e840000, 0x00007f1922c80000)
  to   space 69888K,   0% used [0x00007f1922c80000, 0x00007f1922c80000, 0x00007f19270c0000)
 tenured generation   total 1398144K, used 13589K [0x00007f1e51b50000, 0x00007f1ea70b0000, 0x00007f28fc600000)
   the space 1398144K,   0% used [0x00007f1e51b50000, 0x00007f1e52895678, 0x00007f1e52895800, 0x00007f1ea70b0000)
 Metaspace       used 20883K, capacity 21143K, committed 21248K, reserved 22528K
}
Event: 7.630 GC heap before
{Heap before GC invocations=1 (full 1):
 def new generation   total 629248K, used 559360K [0x00007f18fc600000, 0x00007f19270c0000, 0x00007f1e51b50000)
  eden space 559360K, 100% used [0x00007f18fc600000, 0x00007f191e840000, 0x00007f191e840000)
  from space 69888K,   0% used [0x00007f191e840000, 0x00007f191e840000, 0x00007f1922c80000)
  to   space 69888K,   0% used [0x00007f1922c80000, 0x00007f1922c80000, 0x00007f19270c0000)
 tenured generation   total 1398144K, used 13589K [0x00007f1e51b50000, 0x00007f1ea70b0000, 0x00007f28fc600000)
   the space 1398144K,   0% used [0x00007f1e51b50000, 0x00007f1e52895678, 0x00007f1e52895800, 0x00007f1ea70b0000)
 Metaspace       used 22785K, capacity 23161K, committed 23296K, reserved 24576K
}
Event: 7.645 GC heap after
{Heap after GC invocations=2 (full 1):
 def new generation   total 629248K, used 1014K [0x00007f18fc600000, 0x00007f19270c0000, 0x00007f1e51b50000)
  eden space 559360K,   0% used [0x00007f18fc600000, 0x00007f18fc600000, 0x00007f191e840000)
  from space 69888K,   1% used [0x00007f1922c80000, 0x00007f1922d7db40, 0x00007f19270c0000)
  to   space 69888K,   0% used [0x00007f191e840000, 0x00007f191e840000, 0x00007f1922c80000)
 tenured generation   total 1398144K, used 13589K [0x00007f1e51b50000, 0x00007f1ea70b0000, 0x00007f28fc600000)
   the space 1398144K,   0% used [0x00007f1e51b50000, 0x00007f1e52895678, 0x00007f1e52895800, 0x00007f1ea70b0000)
 Metaspace       used 22785K, capacity 23161K, committed 23296K, reserved 24576K
}
Event: 9.393 GC heap before
{Heap before GC invocations=2 (full 1):
 def new generation   total 629248K, used 560374K [0x00007f18fc600000, 0x00007f19270c0000, 0x00007f1e51b50000)
  eden space 559360K, 100% used [0x00007f18fc600000, 0x00007f191e840000, 0x00007f191e840000)
  from space 69888K,   1% used [0x00007f1922c80000, 0x00007f1922d7db40, 0x00007f19270c0000)
  to   space 69888K,   0% used [0x00007f191e840000, 0x00007f191e840000, 0x00007f1922c80000)
 tenured generation   total 1398144K, used 13589K [0x00007f1e51b50000, 0x00007f1ea70b0000, 0x00007f28fc600000)
   the space 1398144K,   0% used [0x00007f1e51b50000, 0x00007f1e52895678, 0x00007f1e52895800, 0x00007f1ea70b0000)
 Metaspace       used 23081K, capacity 23400K, committed 23552K, reserved 24576K
}
Event: 9.401 GC heap after
{Heap after GC invocations=3 (full 1):
 def new generation   total 629248K, used 913K [0x00007f18fc600000, 0x00007f19270c0000, 0x00007f1e51b50000)
  eden space 559360K,   0% used [0x00007f18fc600000, 0x00007f18fc600000, 0x00007f191e840000)
  from space 69888K,   1% used [0x00007f191e840000, 0x00007f191e9244b0, 0x00007f1922c80000)
  to   space 69888K,   0% used [0x00007f1922c80000, 0x00007f1922c80000, 0x00007f19270c0000)
 tenured generation   total 1398144K, used 13589K [0x00007f1e51b50000, 0x00007f1ea70b0000, 0x00007f28fc600000)
   the space 1398144K,   0% used [0x00007f1e51b50000, 0x00007f1e52895678, 0x00007f1e52895800, 0x00007f1ea70b0000)
 Metaspace       used 23081K, capacity 23400K, committed 23552K, reserved 24576K
}
Event: 10.176 GC heap before
{Heap before GC invocations=3 (full 1):
 def new generation   total 629248K, used 560273K [0x00007f18fc600000, 0x00007f19270c0000, 0x00007f1e51b50000)
  eden space 559360K, 100% used [0x00007f18fc600000, 0x00007f191e840000, 0x00007f191e840000)
  from space 69888K,   1% used [0x00007f191e840000, 0x00007f191e9244b0, 0x00007f1922c80000)
  to   space 69888K,   0% used [0x00007f1922c80000, 0x00007f1922c80000, 0x00007f19270c0000)
 tenured generation   total 1398144K, used 13589K [0x00007f1e51b50000, 0x00007f1ea70b0000, 0x00007f28fc600000)
   the space 1398144K,   0% used [0x00007f1e51b50000, 0x00007f1e52895678, 0x00007f1e52895800, 0x00007f1ea70b0000)
 Metaspace       used 23083K, capacity 23464K, committed 23552K, reserved 24576K
}
Event: 10.180 GC heap after
{Heap after GC invocations=4 (full 1):
 def new generation   total 629248K, used 1126K [0x00007f18fc600000, 0x00007f19270c0000, 0x00007f1e51b50000)
  eden space 559360K,   0% used [0x00007f18fc600000, 0x00007f18fc600000, 0x00007f191e840000)
  from space 69888K,   1% used [0x00007f1922c80000, 0x00007f1922d998f8, 0x00007f19270c0000)
  to   space 69888K,   0% used [0x00007f191e840000, 0x00007f191e840000, 0x00007f1922c80000)
 tenured generation   total 1398144K, used 13589K [0x00007f1e51b50000, 0x00007f1ea70b0000, 0x00007f28fc600000)
   the space 1398144K,   0% used [0x00007f1e51b50000, 0x00007f1e52895678, 0x00007f1e52895800, 0x00007f1ea70b0000)
 Metaspace       used 23083K, capacity 23464K, committed 23552K, reserved 24576K
}
Event: 10.856 GC heap before
{Heap before GC invocations=4 (full 1):
 def new generation   total 629248K, used 381015K [0x00007f18fc600000, 0x00007f19270c0000, 0x00007f1e51b50000)
  eden space 559360K,  67% used [0x00007f18fc600000, 0x00007f19138fc5e0, 0x00007f191e840000)
  from space 69888K,   1% used [0x00007f1922c80000, 0x00007f1922d998f8, 0x00007f19270c0000)
  to   space 69888K,   0% used [0x00007f191e840000, 0x00007f191e840000, 0x00007f1922c80000)
 tenured generation   total 1398144K, used 13589K [0x00007f1e51b50000, 0x00007f1ea70b0000, 0x00007f28fc600000)
   the space 1398144K,   0% used [0x00007f1e51b50000, 0x00007f1e52895678, 0x00007f1e52895800, 0x00007f1ea70b0000)
 Metaspace       used 23265K, capacity 23606K, committed 23808K, reserved 24576K
}
Event: 10.863 GC heap after
{Heap after GC invocations=5 (full 1):
 def new generation   total 629248K, used 3272K [0x00007f18fc600000, 0x00007f19270c0000, 0x00007f1e51b50000)
  eden space 559360K,   0% used [0x00007f18fc600000, 0x00007f18fc600000, 0x00007f191e840000)
  from space 69888K,   4% used [0x00007f191e840000, 0x00007f191eb72010, 0x00007f1922c80000)
  to   space 69888K,   0% used [0x00007f1922c80000, 0x00007f1922c80000, 0x00007f19270c0000)
 tenured generation   total 1398144K, used 13589K [0x00007f1e51b50000, 0x00007f1ea70b0000, 0x00007f28fc600000)
   the space 1398144K,   0% used [0x00007f1e51b50000, 0x00007f1e52895678, 0x00007f1e52895800, 0x00007f1ea70b0000)
 Metaspace       used 23265K, capacity 23606K, committed 23808K, reserved 24576K
}
Event: 10.863 GC heap before
{Heap before GC invocations=5 (full 1):
 def new generation   total 629248K, used 3272K [0x00007f18fc600000, 0x00007f19270c0000, 0x00007f1e51b50000)
  eden space 559360K,   0% used [0x00007f18fc600000, 0x00007f18fc600000, 0x00007f191e840000)
  from space 69888K,   4% used [0x00007f191e840000, 0x00007f191eb72010, 0x00007f1922c80000)
  to   space 69888K,   0% used [0x00007f1922c80000, 0x00007f1922c80000, 0x00007f19270c0000)
 tenured generation   total 1398144K, used 13589K [0x00007f1e51b50000, 0x00007f1ea70b0000, 0x00007f28fc600000)
   the space 1398144K,   0% used [0x00007f1e51b50000, 0x00007f1e52895678, 0x00007f1e52895800, 0x00007f1ea70b0000)
 Metaspace       used 23265K, capacity 23606K, committed 23808K, reserved 24576K
}
Event: 10.914 GC heap after
{Heap after GC invocations=5 (full 2):
 def new generation   total 629248K, used 0K [0x00007f18fc600000, 0x00007f19270c0000, 0x00007f1e51b50000)
  eden space 559360K,   0% used [0x00007f18fc600000, 0x00007f18fc600000, 0x00007f191e840000)
  from space 69888K,   0% used [0x00007f191e840000, 0x00007f191e840000, 0x00007f1922c80000)
  to   space 69888K,   0% used [0x00007f1922c80000, 0x00007f1922c80000, 0x00007f19270c0000)
 tenured generation   total 1398144K, used 16855K [0x00007f1e51b50000, 0x00007f1ea70b0000, 0x00007f28fc600000)
   the space 1398144K,   1% used [0x00007f1e51b50000, 0x00007f1e52bc5c00, 0x00007f1e52bc5c00, 0x00007f1ea70b0000)
 Metaspace       used 23265K, capacity 23606K, committed 23808K, reserved 24576K
}

