# JRE version: OpenJDK Runtime Environment (13.0.7+5) (build 13.0.7+5-Ubuntu-0ubuntu120.04)
# Java VM: OpenJDK 64-Bit Server VM (13.0.7+5-Ubuntu-0ubuntu120.04, mixed mode, tiered, serial gc, linux-amd64)
Heap:
 def new generation   total 1048832K, used 9000K [0x00007f8448600000, 0x00007f848f800000, 0x00007f899db50000)
  eden space 932352K,   0% used [0x00007f8448600000, 0x00007f8448eca1d0, 0x00007f8481480000)
  from space 116480K,   0% used [0x00007f8481480000, 0x00007f8481480000, 0x00007f8488640000)
  to   space 116480K,   0% used [0x00007f8488640000, 0x00007f8488640000, 0x00007f848f800000)
 tenured generation   total 2330944K, used 2330943K [0x00007f899db50000, 0x00007f8a2bfa0000, 0x00007f9448600000)
   the space 2330944K,  99% used [0x00007f899db50000, 0x00007f8a2bf9ffe0, 0x00007f8a2bfa0000, 0x00007f8a2bfa0000)
 Metaspace       used 24295K, capacity 24692K, committed 24832K, reserved 26624K
GC Heap History (20 events):
Event: 3127.676 GC heap after
{Heap after GC invocations=5610 (full 2):
 def new generation   total 1048832K, used 8694K [0x00007f8448600000, 0x00007f848f800000, 0x00007f899db50000)
  eden space 932352K,   0% used [0x00007f8448600000, 0x00007f8448600000, 0x00007f8481480000)
  from space 116480K,   7% used [0x00007f8488640000, 0x00007f8488ebd930, 0x00007f848f800000)
  to   space 116480K,   0% used [0x00007f8481480000, 0x00007f8481480000, 0x00007f8488640000)
 tenured generation   total 2330560K, used 2326500K [0x00007f899db50000, 0x00007f8a2bf40000, 0x00007f9448600000)
   the space 2330560K,  99% used [0x00007f899db50000, 0x00007f8a2bb49260, 0x00007f8a2bb49400, 0x00007f8a2bf40000)
 Metaspace       used 24295K, capacity 24692K, committed 24832K, reserved 26624K
}
Event: 3128.391 GC heap before
{Heap before GC invocations=5610 (full 2):
 def new generation   total 1048832K, used 941046K [0x00007f8448600000, 0x00007f848f800000, 0x00007f899db50000)
  eden space 932352K, 100% used [0x00007f8448600000, 0x00007f8481480000, 0x00007f8481480000)
  from space 116480K,   7% used [0x00007f8488640000, 0x00007f8488ebd930, 0x00007f848f800000)
  to   space 116480K,   0% used [0x00007f8481480000, 0x00007f8481480000, 0x00007f8488640000)
 tenured generation   total 2330560K, used 2326500K [0x00007f899db50000, 0x00007f8a2bf40000, 0x00007f9448600000)
   the space 2330560K,  99% used [0x00007f899db50000, 0x00007f8a2bb49260, 0x00007f8a2bb49400, 0x00007f8a2bf40000)
 Metaspace       used 24295K, capacity 24692K, committed 24832K, reserved 26624K
}
Event: 3128.409 GC heap after
{Heap after GC invocations=5611 (full 2):
 def new generation   total 1048832K, used 8695K [0x00007f8448600000, 0x00007f848f800000, 0x00007f899db50000)
  eden space 932352K,   0% used [0x00007f8448600000, 0x00007f8448600000, 0x00007f8481480000)
  from space 116480K,   7% used [0x00007f8481480000, 0x00007f8481cfdfe8, 0x00007f8488640000)
  to   space 116480K,   0% used [0x00007f8488640000, 0x00007f8488640000, 0x00007f848f800000)
 tenured generation   total 2330560K, used 2327279K [0x00007f899db50000, 0x00007f8a2bf40000, 0x00007f9448600000)
   the space 2330560K,  99% used [0x00007f899db50000, 0x00007f8a2bc0bc60, 0x00007f8a2bc0be00, 0x00007f8a2bf40000)
 Metaspace       used 24295K, capacity 24692K, committed 24832K, reserved 26624K
}
Event: 3129.176 GC heap before
{Heap before GC invocations=5611 (full 2):
 def new generation   total 1048832K, used 941047K [0x00007f8448600000, 0x00007f848f800000, 0x00007f899db50000)
  eden space 932352K, 100% used [0x00007f8448600000, 0x00007f8481480000, 0x00007f8481480000)
  from space 116480K,   7% used [0x00007f8481480000, 0x00007f8481cfdfe8, 0x00007f8488640000)
  to   space 116480K,   0% used [0x00007f8488640000, 0x00007f8488640000, 0x00007f848f800000)
 tenured generation   total 2330560K, used 2327279K [0x00007f899db50000, 0x00007f8a2bf40000, 0x00007f9448600000)
   the space 2330560K,  99% used [0x00007f899db50000, 0x00007f8a2bc0bc60, 0x00007f8a2bc0be00, 0x00007f8a2bf40000)
 Metaspace       used 24295K, capacity 24692K, committed 24832K, reserved 26624K
}
Event: 3129.195 GC heap after
{Heap after GC invocations=5612 (full 2):
 def new generation   total 1048832K, used 8722K [0x00007f8448600000, 0x00007f848f800000, 0x00007f899db50000)
  eden space 932352K,   0% used [0x00007f8448600000, 0x00007f8448600000, 0x00007f8481480000)
  from space 116480K,   7% used [0x00007f8488640000, 0x00007f8488ec4a58, 0x00007f848f800000)
  to   space 116480K,   0% used [0x00007f8481480000, 0x00007f8481480000, 0x00007f8488640000)
 tenured generation   total 2330560K, used 2328039K [0x00007f899db50000, 0x00007f8a2bf40000, 0x00007f9448600000)
   the space 2330560K,  99% used [0x00007f899db50000, 0x00007f8a2bcc9d58, 0x00007f8a2bcc9e00, 0x00007f8a2bf40000)
 Metaspace       used 24295K, capacity 24692K, committed 24832K, reserved 26624K
}
Event: 3129.944 GC heap before
{Heap before GC invocations=5612 (full 2):
 def new generation   total 1048832K, used 941074K [0x00007f8448600000, 0x00007f848f800000, 0x00007f899db50000)
  eden space 932352K, 100% used [0x00007f8448600000, 0x00007f8481480000, 0x00007f8481480000)
  from space 116480K,   7% used [0x00007f8488640000, 0x00007f8488ec4a58, 0x00007f848f800000)
  to   space 116480K,   0% used [0x00007f8481480000, 0x00007f8481480000, 0x00007f8488640000)
 tenured generation   total 2330560K, used 2328039K [0x00007f899db50000, 0x00007f8a2bf40000, 0x00007f9448600000)
   the space 2330560K,  99% used [0x00007f899db50000, 0x00007f8a2bcc9d58, 0x00007f8a2bcc9e00, 0x00007f8a2bf40000)
 Metaspace       used 24295K, capacity 24692K, committed 24832K, reserved 26624K
}
Event: 3129.961 GC heap after
{Heap after GC invocations=5613 (full 2):
 def new generation   total 1048832K, used 8695K [0x00007f8448600000, 0x00007f848f800000, 0x00007f899db50000)
  eden space 932352K,   0% used [0x00007f8448600000, 0x00007f8448600000, 0x00007f8481480000)
  from space 116480K,   7% used [0x00007f8481480000, 0x00007f8481cfdee8, 0x00007f8488640000)
  to   space 116480K,   0% used [0x00007f8488640000, 0x00007f8488640000, 0x00007f848f800000)
 tenured generation   total 2330560K, used 2328817K [0x00007f899db50000, 0x00007f8a2bf40000, 0x00007f9448600000)
   the space 2330560K,  99% used [0x00007f899db50000, 0x00007f8a2bd8c7e8, 0x00007f8a2bd8c800, 0x00007f8a2bf40000)
 Metaspace       used 24295K, capacity 24692K, committed 24832K, reserved 26624K
}
Event: 3130.732 GC heap before
{Heap before GC invocations=5613 (full 2):
 def new generation   total 1048832K, used 941047K [0x00007f8448600000, 0x00007f848f800000, 0x00007f899db50000)
  eden space 932352K, 100% used [0x00007f8448600000, 0x00007f8481480000, 0x00007f8481480000)
  from space 116480K,   7% used [0x00007f8481480000, 0x00007f8481cfdee8, 0x00007f8488640000)
  to   space 116480K,   0% used [0x00007f8488640000, 0x00007f8488640000, 0x00007f848f800000)
 tenured generation   total 2330560K, used 2328817K [0x00007f899db50000, 0x00007f8a2bf40000, 0x00007f9448600000)
   the space 2330560K,  99% used [0x00007f899db50000, 0x00007f8a2bd8c7e8, 0x00007f8a2bd8c800, 0x00007f8a2bf40000)
 Metaspace       used 24295K, capacity 24692K, committed 24832K, reserved 26624K
}
Event: 3130.750 GC heap after
{Heap after GC invocations=5614 (full 2):
 def new generation   total 1048832K, used 9086K [0x00007f8448600000, 0x00007f848f800000, 0x00007f899db50000)
  eden space 932352K,   0% used [0x00007f8448600000, 0x00007f8448600000, 0x00007f8481480000)
  from space 116480K,   7% used [0x00007f8488640000, 0x00007f8488f1f870, 0x00007f848f800000)
  to   space 116480K,   0% used [0x00007f8481480000, 0x00007f8481480000, 0x00007f8488640000)
 tenured generation   total 2330560K, used 2329206K [0x00007f899db50000, 0x00007f8a2bf40000, 0x00007f9448600000)
   the space 2330560K,  99% used [0x00007f899db50000, 0x00007f8a2bded940, 0x00007f8a2bdeda00, 0x00007f8a2bf40000)
 Metaspace       used 24295K, capacity 24692K, committed 24832K, reserved 26624K
}
Event: 3131.558 GC heap before
{Heap before GC invocations=5614 (full 2):
 def new generation   total 1048832K, used 941438K [0x00007f8448600000, 0x00007f848f800000, 0x00007f899db50000)
  eden space 932352K, 100% used [0x00007f8448600000, 0x00007f8481480000, 0x00007f8481480000)
  from space 116480K,   7% used [0x00007f8488640000, 0x00007f8488f1f870, 0x00007f848f800000)
  to   space 116480K,   0% used [0x00007f8481480000, 0x00007f8481480000, 0x00007f8488640000)
 tenured generation   total 2330560K, used 2329206K [0x00007f899db50000, 0x00007f8a2bf40000, 0x00007f9448600000)
   the space 2330560K,  99% used [0x00007f899db50000, 0x00007f8a2bded940, 0x00007f8a2bdeda00, 0x00007f8a2bf40000)
 Metaspace       used 24295K, capacity 24692K, committed 24832K, reserved 26624K
}
Event: 3131.575 GC heap after
{Heap after GC invocations=5615 (full 2):
 def new generation   total 1048832K, used 9130K [0x00007f8448600000, 0x00007f848f800000, 0x00007f899db50000)
  eden space 932352K,   0% used [0x00007f8448600000, 0x00007f8448600000, 0x00007f8481480000)
  from space 116480K,   7% used [0x00007f8481480000, 0x00007f8481d6a890, 0x00007f8488640000)
  to   space 116480K,   0% used [0x00007f8488640000, 0x00007f8488640000, 0x00007f848f800000)
 tenured generation   total 2330560K, used 2329528K [0x00007f899db50000, 0x00007f8a2bf40000, 0x00007f9448600000)
   the space 2330560K,  99% used [0x00007f899db50000, 0x00007f8a2be3e298, 0x00007f8a2be3e400, 0x00007f8a2bf40000)
 Metaspace       used 24295K, capacity 24692K, committed 24832K, reserved 26624K
}
Event: 3132.306 GC heap before
{Heap before GC invocations=5615 (full 2):
 def new generation   total 1048832K, used 941482K [0x00007f8448600000, 0x00007f848f800000, 0x00007f899db50000)
  eden space 932352K, 100% used [0x00007f8448600000, 0x00007f8481480000, 0x00007f8481480000)
  from space 116480K,   7% used [0x00007f8481480000, 0x00007f8481d6a890, 0x00007f8488640000)
  to   space 116480K,   0% used [0x00007f8488640000, 0x00007f8488640000, 0x00007f848f800000)
 tenured generation   total 2330560K, used 2329528K [0x00007f899db50000, 0x00007f8a2bf40000, 0x00007f9448600000)
   the space 2330560K,  99% used [0x00007f899db50000, 0x00007f8a2be3e298, 0x00007f8a2be3e400, 0x00007f8a2bf40000)
 Metaspace       used 24295K, capacity 24692K, committed 24832K, reserved 26624K
}
Event: 3132.324 GC heap after
{Heap after GC invocations=5616 (full 2):
 def new generation   total 1048832K, used 9126K [0x00007f8448600000, 0x00007f848f800000, 0x00007f899db50000)
  eden space 932352K,   0% used [0x00007f8448600000, 0x00007f8448600000, 0x00007f8481480000)
  from space 116480K,   7% used [0x00007f8488640000, 0x00007f8488f29b60, 0x00007f848f800000)
  to   space 116480K,   0% used [0x00007f8481480000, 0x00007f8481480000, 0x00007f8488640000)
 tenured generation   total 2330560K, used 2329850K [0x00007f899db50000, 0x00007f8a2bf40000, 0x00007f9448600000)
   the space 2330560K,  99% used [0x00007f899db50000, 0x00007f8a2be8ebf0, 0x00007f8a2be8ec00, 0x00007f8a2bf40000)
 Metaspace       used 24295K, capacity 24692K, committed 24832K, reserved 26624K
}
Event: 3133.076 GC heap before
{Heap before GC invocations=5616 (full 2):
 def new generation   total 1048832K, used 941478K [0x00007f8448600000, 0x00007f848f800000, 0x00007f899db50000)
  eden space 932352K, 100% used [0x00007f8448600000, 0x00007f8481480000, 0x00007f8481480000)
  from space 116480K,   7% used [0x00007f8488640000, 0x00007f8488f29b60, 0x00007f848f800000)
  to   space 116480K,   0% used [0x00007f8481480000, 0x00007f8481480000, 0x00007f8488640000)
 tenured generation   total 2330560K, used 2329850K [0x00007f899db50000, 0x00007f8a2bf40000, 0x00007f9448600000)
   the space 2330560K,  99% used [0x00007f899db50000, 0x00007f8a2be8ebf0, 0x00007f8a2be8ec00, 0x00007f8a2bf40000)
 Metaspace       used 24295K, capacity 24692K, committed 24832K, reserved 26624K
}
Event: 3133.093 GC heap after
{Heap after GC invocations=5617 (full 2):
 def new generation   total 1048832K, used 9148K [0x00007f8448600000, 0x00007f848f800000, 0x00007f899db50000)
  eden space 932352K,   0% used [0x00007f8448600000, 0x00007f8448600000, 0x00007f8481480000)
  from space 116480K,   7% used [0x00007f8481480000, 0x00007f8481d6f3e8, 0x00007f8488640000)
  to   space 116480K,   0% used [0x00007f8488640000, 0x00007f8488640000, 0x00007f848f800000)
 tenured generation   total 2330560K, used 2330154K [0x00007f899db50000, 0x00007f8a2bf40000, 0x00007f9448600000)
   the space 2330560K,  99% used [0x00007f899db50000, 0x00007f8a2bedabb0, 0x00007f8a2bedac00, 0x00007f8a2bf40000)
 Metaspace       used 24295K, capacity 24692K, committed 24832K, reserved 26624K
}
Event: 3133.823 GC heap before
{Heap before GC invocations=5617 (full 2):
 def new generation   total 1048832K, used 941500K [0x00007f8448600000, 0x00007f848f800000, 0x00007f899db50000)
  eden space 932352K, 100% used [0x00007f8448600000, 0x00007f8481480000, 0x00007f8481480000)
  from space 116480K,   7% used [0x00007f8481480000, 0x00007f8481d6f3e8, 0x00007f8488640000)
  to   space 116480K,   0% used [0x00007f8488640000, 0x00007f8488640000, 0x00007f848f800000)
 tenured generation   total 2330560K, used 2330154K [0x00007f899db50000, 0x00007f8a2bf40000, 0x00007f9448600000)
   the space 2330560K,  99% used [0x00007f899db50000, 0x00007f8a2bedabb0, 0x00007f8a2bedac00, 0x00007f8a2bf40000)
 Metaspace       used 24295K, capacity 24692K, committed 24832K, reserved 26624K
}
Event: 3133.844 GC heap after
{Heap after GC invocations=5618 (full 2):
 def new generation   total 1048832K, used 9150K [0x00007f8448600000, 0x00007f848f800000, 0x00007f899db50000)
  eden space 932352K,   0% used [0x00007f8448600000, 0x00007f8448600000, 0x00007f8481480000)
  from space 116480K,   7% used [0x00007f8488640000, 0x00007f8488f2f968, 0x00007f848f800000)
  to   space 116480K,   0% used [0x00007f8481480000, 0x00007f8481480000, 0x00007f8488640000)
 tenured generation   total 2330560K, used 2330477K [0x00007f899db50000, 0x00007f8a2bf40000, 0x00007f9448600000)
   the space 2330560K,  99% used [0x00007f899db50000, 0x00007f8a2bf2b508, 0x00007f8a2bf2b600, 0x00007f8a2bf40000)
 Metaspace       used 24295K, capacity 24692K, committed 24832K, reserved 26624K
}
Event: 3134.649 GC heap before
{Heap before GC invocations=5618 (full 2):
 def new generation   total 1048832K, used 941502K [0x00007f8448600000, 0x00007f848f800000, 0x00007f899db50000)
  eden space 932352K, 100% used [0x00007f8448600000, 0x00007f8481480000, 0x00007f8481480000)
  from space 116480K,   7% used [0x00007f8488640000, 0x00007f8488f2f968, 0x00007f848f800000)
  to   space 116480K,   0% used [0x00007f8481480000, 0x00007f8481480000, 0x00007f8488640000)
 tenured generation   total 2330560K, used 2330477K [0x00007f899db50000, 0x00007f8a2bf40000, 0x00007f9448600000)
   the space 2330560K,  99% used [0x00007f899db50000, 0x00007f8a2bf2b508, 0x00007f8a2bf2b600, 0x00007f8a2bf40000)
 Metaspace       used 24295K, capacity 24692K, committed 24832K, reserved 26624K
}
Event: 3134.671 GC heap after
{Heap after GC invocations=5619 (full 2):
 def new generation   total 1048832K, used 9116K [0x00007f8448600000, 0x00007f848f800000, 0x00007f899db50000)
  eden space 932352K,   0% used [0x00007f8448600000, 0x00007f8448600000, 0x00007f8481480000)
  from space 116480K,   7% used [0x00007f8481480000, 0x00007f8481d672f8, 0x00007f8488640000)
  to   space 116480K,   0% used [0x00007f8488640000, 0x00007f8488640000, 0x00007f848f800000)
 tenured generation   total 2330944K, used 2330836K [0x00007f899db50000, 0x00007f8a2bfa0000, 0x00007f9448600000)
   the space 2330944K,  99% used [0x00007f899db50000, 0x00007f8a2bf85220, 0x00007f8a2bf85400, 0x00007f8a2bfa0000)
 Metaspace       used 24295K, capacity 24692K, committed 24832K, reserved 26624K
}
Event: 3134.671 GC heap before
{Heap before GC invocations=5619 (full 2):
 def new generation   total 1048832K, used 9116K [0x00007f8448600000, 0x00007f848f800000, 0x00007f899db50000)
  eden space 932352K,   0% used [0x00007f8448600000, 0x00007f8448600000, 0x00007f8481480000)
  from space 116480K,   7% used [0x00007f8481480000, 0x00007f8481d672f8, 0x00007f8488640000)
  to   space 116480K,   0% used [0x00007f8488640000, 0x00007f8488640000, 0x00007f848f800000)
 tenured generation   total 2330944K, used 2330836K [0x00007f899db50000, 0x00007f8a2bfa0000, 0x00007f9448600000)
   the space 2330944K,  99% used [0x00007f899db50000, 0x00007f8a2bf85220, 0x00007f8a2bf85400, 0x00007f8a2bfa0000)
 Metaspace       used 24295K, capacity 24692K, committed 24832K, reserved 26624K
}

