# JRE version: OpenJDK Runtime Environment (13.0.7+5) (build 13.0.7+5-Ubuntu-0ubuntu120.04)
# Java VM: OpenJDK 64-Bit Server VM (13.0.7+5-Ubuntu-0ubuntu120.04, mixed mode, tiered, serial gc, linux-amd64)
Heap:
 def new generation   total 2513728K, used 136151K [0x00007f4c10400000, 0x00007f4cbab90000, 0x00007f56baea0000)
  eden space 2234432K,   6% used [0x00007f4c10400000, 0x00007f4c188f5e90, 0x00007f4c98a10000)
  from space 279296K,   0% used [0x00007f4ca9ad0000, 0x00007f4ca9ad0000, 0x00007f4cbab90000)
  to   space 279296K,   0% used [0x00007f4c98a10000, 0x00007f4c98a10000, 0x00007f4ca9ad0000)
 tenured generation   total 5602364K, used 5591645K [0x00007f56baea0000, 0x00007f5810daf000, 0x00007f6c10400000)
   the space 5602364K,  99% used [0x00007f56baea0000, 0x00007f5810337668, 0x00007f5810337800, 0x00007f5810daf000)
 Metaspace       used 24234K, capacity 24634K, committed 24832K, reserved 26624K
GC Heap History (20 events):
Event: 1790.831 GC heap after
{Heap after GC invocations=1469 (full 6):
 def new generation   total 2513728K, used 119737K [0x00007f4c10400000, 0x00007f4cbab90000, 0x00007f56baea0000)
  eden space 2234432K,   0% used [0x00007f4c10400000, 0x00007f4c10400000, 0x00007f4c98a10000)
  from space 279296K,  42% used [0x00007f4c98a10000, 0x00007f4c9fefe568, 0x00007f4ca9ad0000)
  to   space 279296K,   0% used [0x00007f4ca9ad0000, 0x00007f4ca9ad0000, 0x00007f4cbab90000)
 tenured generation   total 5585976K, used 5521720K [0x00007f56baea0000, 0x00007f580fdae000, 0x00007f6c10400000)
   the space 5585976K,  98% used [0x00007f56baea0000, 0x00007f580beee190, 0x00007f580beee200, 0x00007f580fdae000)
 Metaspace       used 24234K, capacity 24634K, committed 24832K, reserved 26624K
}
Event: 1793.524 GC heap before
{Heap before GC invocations=1469 (full 6):
 def new generation   total 2513728K, used 2354169K [0x00007f4c10400000, 0x00007f4cbab90000, 0x00007f56baea0000)
  eden space 2234432K, 100% used [0x00007f4c10400000, 0x00007f4c98a10000, 0x00007f4c98a10000)
  from space 279296K,  42% used [0x00007f4c98a10000, 0x00007f4c9fefe568, 0x00007f4ca9ad0000)
  to   space 279296K,   0% used [0x00007f4ca9ad0000, 0x00007f4ca9ad0000, 0x00007f4cbab90000)
 tenured generation   total 5585976K, used 5521720K [0x00007f56baea0000, 0x00007f580fdae000, 0x00007f6c10400000)
   the space 5585976K,  98% used [0x00007f56baea0000, 0x00007f580beee190, 0x00007f580beee200, 0x00007f580fdae000)
 Metaspace       used 24234K, capacity 24634K, committed 24832K, reserved 26624K
}
Event: 1793.628 GC heap after
{Heap after GC invocations=1470 (full 6):
 def new generation   total 2513728K, used 133095K [0x00007f4c10400000, 0x00007f4cbab90000, 0x00007f56baea0000)
  eden space 2234432K,   0% used [0x00007f4c10400000, 0x00007f4c10400000, 0x00007f4c98a10000)
  from space 279296K,  47% used [0x00007f4ca9ad0000, 0x00007f4cb1cc9cd8, 0x00007f4cbab90000)
  to   space 279296K,   0% used [0x00007f4c98a10000, 0x00007f4c98a10000, 0x00007f4ca9ad0000)
 tenured generation   total 5585976K, used 5521720K [0x00007f56baea0000, 0x00007f580fdae000, 0x00007f6c10400000)
   the space 5585976K,  98% used [0x00007f56baea0000, 0x00007f580beee190, 0x00007f580beee200, 0x00007f580fdae000)
 Metaspace       used 24234K, capacity 24634K, committed 24832K, reserved 26624K
}
Event: 1795.772 GC heap before
{Heap before GC invocations=1470 (full 6):
 def new generation   total 2513728K, used 2357384K [0x00007f4c10400000, 0x00007f4cbab90000, 0x00007f56baea0000)
  eden space 2234432K,  99% used [0x00007f4c10400000, 0x00007f4c98028570, 0x00007f4c98a10000)
  from space 279296K,  47% used [0x00007f4ca9ad0000, 0x00007f4cb1cc9cd8, 0x00007f4cbab90000)
  to   space 279296K,   0% used [0x00007f4c98a10000, 0x00007f4c98a10000, 0x00007f4ca9ad0000)
 tenured generation   total 5585976K, used 5521720K [0x00007f56baea0000, 0x00007f580fdae000, 0x00007f6c10400000)
   the space 5585976K,  98% used [0x00007f56baea0000, 0x00007f580beee190, 0x00007f580beee200, 0x00007f580fdae000)
 Metaspace       used 24234K, capacity 24634K, committed 24832K, reserved 26624K
}
Event: 1795.885 GC heap after
{Heap after GC invocations=1471 (full 6):
 def new generation   total 2513728K, used 156202K [0x00007f4c10400000, 0x00007f4cbab90000, 0x00007f56baea0000)
  eden space 2234432K,   0% used [0x00007f4c10400000, 0x00007f4c10400000, 0x00007f4c98a10000)
  from space 279296K,  55% used [0x00007f4c98a10000, 0x00007f4ca229a938, 0x00007f4ca9ad0000)
  to   space 279296K,   0% used [0x00007f4ca9ad0000, 0x00007f4ca9ad0000, 0x00007f4cbab90000)
 tenured generation   total 5585976K, used 5521720K [0x00007f56baea0000, 0x00007f580fdae000, 0x00007f6c10400000)
   the space 5585976K,  98% used [0x00007f56baea0000, 0x00007f580beee190, 0x00007f580beee200, 0x00007f580fdae000)
 Metaspace       used 24234K, capacity 24634K, committed 24832K, reserved 26624K
}
Event: 1798.564 GC heap before
{Heap before GC invocations=1471 (full 6):
 def new generation   total 2513728K, used 2380039K [0x00007f4c10400000, 0x00007f4cbab90000, 0x00007f56baea0000)
  eden space 2234432K,  99% used [0x00007f4c10400000, 0x00007f4c97fb72e0, 0x00007f4c98a10000)
  from space 279296K,  55% used [0x00007f4c98a10000, 0x00007f4ca229a938, 0x00007f4ca9ad0000)
  to   space 279296K,   0% used [0x00007f4ca9ad0000, 0x00007f4ca9ad0000, 0x00007f4cbab90000)
 tenured generation   total 5585976K, used 5521720K [0x00007f56baea0000, 0x00007f580fdae000, 0x00007f6c10400000)
   the space 5585976K,  98% used [0x00007f56baea0000, 0x00007f580beee190, 0x00007f580beee200, 0x00007f580fdae000)
 Metaspace       used 24234K, capacity 24634K, committed 24832K, reserved 26624K
}
Event: 1798.691 GC heap after
{Heap after GC invocations=1472 (full 6):
 def new generation   total 2513728K, used 135146K [0x00007f4c10400000, 0x00007f4cbab90000, 0x00007f56baea0000)
  eden space 2234432K,   0% used [0x00007f4c10400000, 0x00007f4c10400000, 0x00007f4c98a10000)
  from space 279296K,  48% used [0x00007f4ca9ad0000, 0x00007f4cb1ecabb8, 0x00007f4cbab90000)
  to   space 279296K,   0% used [0x00007f4c98a10000, 0x00007f4c98a10000, 0x00007f4ca9ad0000)
 tenured generation   total 5585976K, used 5538679K [0x00007f56baea0000, 0x00007f580fdae000, 0x00007f6c10400000)
   the space 5585976K,  99% used [0x00007f56baea0000, 0x00007f580cf7dc78, 0x00007f580cf7de00, 0x00007f580fdae000)
 Metaspace       used 24234K, capacity 24634K, committed 24832K, reserved 26624K
}
Event: 1800.809 GC heap before
{Heap before GC invocations=1472 (full 6):
 def new generation   total 2513728K, used 2369578K [0x00007f4c10400000, 0x00007f4cbab90000, 0x00007f56baea0000)
  eden space 2234432K, 100% used [0x00007f4c10400000, 0x00007f4c98a10000, 0x00007f4c98a10000)
  from space 279296K,  48% used [0x00007f4ca9ad0000, 0x00007f4cb1ecabb8, 0x00007f4cbab90000)
  to   space 279296K,   0% used [0x00007f4c98a10000, 0x00007f4c98a10000, 0x00007f4ca9ad0000)
 tenured generation   total 5585976K, used 5538679K [0x00007f56baea0000, 0x00007f580fdae000, 0x00007f6c10400000)
   the space 5585976K,  99% used [0x00007f56baea0000, 0x00007f580cf7dc78, 0x00007f580cf7de00, 0x00007f580fdae000)
 Metaspace       used 24234K, capacity 24634K, committed 24832K, reserved 26624K
}
Event: 1800.910 GC heap after
{Heap after GC invocations=1473 (full 6):
 def new generation   total 2513728K, used 143363K [0x00007f4c10400000, 0x00007f4cbab90000, 0x00007f56baea0000)
  eden space 2234432K,   0% used [0x00007f4c10400000, 0x00007f4c10400000, 0x00007f4c98a10000)
  from space 279296K,  51% used [0x00007f4c98a10000, 0x00007f4ca1610f60, 0x00007f4ca9ad0000)
  to   space 279296K,   0% used [0x00007f4ca9ad0000, 0x00007f4ca9ad0000, 0x00007f4cbab90000)
 tenured generation   total 5585976K, used 5538679K [0x00007f56baea0000, 0x00007f580fdae000, 0x00007f6c10400000)
   the space 5585976K,  99% used [0x00007f56baea0000, 0x00007f580cf7dc78, 0x00007f580cf7de00, 0x00007f580fdae000)
 Metaspace       used 24234K, capacity 24634K, committed 24832K, reserved 26624K
}
Event: 1803.437 GC heap before
{Heap before GC invocations=1473 (full 6):
 def new generation   total 2513728K, used 2377795K [0x00007f4c10400000, 0x00007f4cbab90000, 0x00007f56baea0000)
  eden space 2234432K, 100% used [0x00007f4c10400000, 0x00007f4c98a10000, 0x00007f4c98a10000)
  from space 279296K,  51% used [0x00007f4c98a10000, 0x00007f4ca1610f60, 0x00007f4ca9ad0000)
  to   space 279296K,   0% used [0x00007f4ca9ad0000, 0x00007f4ca9ad0000, 0x00007f4cbab90000)
 tenured generation   total 5585976K, used 5538679K [0x00007f56baea0000, 0x00007f580fdae000, 0x00007f6c10400000)
   the space 5585976K,  99% used [0x00007f56baea0000, 0x00007f580cf7dc78, 0x00007f580cf7de00, 0x00007f580fdae000)
 Metaspace       used 24234K, capacity 24634K, committed 24832K, reserved 26624K
}
Event: 1803.560 GC heap after
{Heap after GC invocations=1474 (full 6):
 def new generation   total 2513728K, used 135653K [0x00007f4c10400000, 0x00007f4cbab90000, 0x00007f56baea0000)
  eden space 2234432K,   0% used [0x00007f4c10400000, 0x00007f4c10400000, 0x00007f4c98a10000)
  from space 279296K,  48% used [0x00007f4ca9ad0000, 0x00007f4cb1f497e0, 0x00007f4cbab90000)
  to   space 279296K,   0% used [0x00007f4c98a10000, 0x00007f4c98a10000, 0x00007f4ca9ad0000)
 tenured generation   total 5585976K, used 5555637K [0x00007f56baea0000, 0x00007f580fdae000, 0x00007f6c10400000)
   the space 5585976K,  99% used [0x00007f56baea0000, 0x00007f580e00d760, 0x00007f580e00d800, 0x00007f580fdae000)
 Metaspace       used 24234K, capacity 24634K, committed 24832K, reserved 26624K
}
Event: 1806.020 GC heap before
{Heap before GC invocations=1474 (full 6):
 def new generation   total 2513728K, used 2370085K [0x00007f4c10400000, 0x00007f4cbab90000, 0x00007f56baea0000)
  eden space 2234432K, 100% used [0x00007f4c10400000, 0x00007f4c98a10000, 0x00007f4c98a10000)
  from space 279296K,  48% used [0x00007f4ca9ad0000, 0x00007f4cb1f497e0, 0x00007f4cbab90000)
  to   space 279296K,   0% used [0x00007f4c98a10000, 0x00007f4c98a10000, 0x00007f4ca9ad0000)
 tenured generation   total 5585976K, used 5555637K [0x00007f56baea0000, 0x00007f580fdae000, 0x00007f6c10400000)
   the space 5585976K,  99% used [0x00007f56baea0000, 0x00007f580e00d760, 0x00007f580e00d800, 0x00007f580fdae000)
 Metaspace       used 24234K, capacity 24634K, committed 24832K, reserved 26624K
}
Event: 1806.126 GC heap after
{Heap after GC invocations=1475 (full 6):
 def new generation   total 2513728K, used 145937K [0x00007f4c10400000, 0x00007f4cbab90000, 0x00007f56baea0000)
  eden space 2234432K,   0% used [0x00007f4c10400000, 0x00007f4c10400000, 0x00007f4c98a10000)
  from space 279296K,  52% used [0x00007f4c98a10000, 0x00007f4ca1894558, 0x00007f4ca9ad0000)
  to   space 279296K,   0% used [0x00007f4ca9ad0000, 0x00007f4ca9ad0000, 0x00007f4cbab90000)
 tenured generation   total 5585976K, used 5555637K [0x00007f56baea0000, 0x00007f580fdae000, 0x00007f6c10400000)
   the space 5585976K,  99% used [0x00007f56baea0000, 0x00007f580e00d760, 0x00007f580e00d800, 0x00007f580fdae000)
 Metaspace       used 24234K, capacity 24634K, committed 24832K, reserved 26624K
}
Event: 1808.362 GC heap before
{Heap before GC invocations=1475 (full 6):
 def new generation   total 2513728K, used 2380369K [0x00007f4c10400000, 0x00007f4cbab90000, 0x00007f56baea0000)
  eden space 2234432K, 100% used [0x00007f4c10400000, 0x00007f4c98a10000, 0x00007f4c98a10000)
  from space 279296K,  52% used [0x00007f4c98a10000, 0x00007f4ca1894558, 0x00007f4ca9ad0000)
  to   space 279296K,   0% used [0x00007f4ca9ad0000, 0x00007f4ca9ad0000, 0x00007f4cbab90000)
 tenured generation   total 5585976K, used 5555637K [0x00007f56baea0000, 0x00007f580fdae000, 0x00007f6c10400000)
   the space 5585976K,  99% used [0x00007f56baea0000, 0x00007f580e00d760, 0x00007f580e00d800, 0x00007f580fdae000)
 Metaspace       used 24234K, capacity 24634K, committed 24832K, reserved 26624K
}
Event: 1808.472 GC heap after
{Heap after GC invocations=1476 (full 6):
 def new generation   total 2513728K, used 135655K [0x00007f4c10400000, 0x00007f4cbab90000, 0x00007f56baea0000)
  eden space 2234432K,   0% used [0x00007f4c10400000, 0x00007f4c10400000, 0x00007f4c98a10000)
  from space 279296K,  48% used [0x00007f4ca9ad0000, 0x00007f4cb1f49fd8, 0x00007f4cbab90000)
  to   space 279296K,   0% used [0x00007f4c98a10000, 0x00007f4c98a10000, 0x00007f4ca9ad0000)
 tenured generation   total 5585976K, used 5572596K [0x00007f56baea0000, 0x00007f580fdae000, 0x00007f6c10400000)
   the space 5585976K,  99% used [0x00007f56baea0000, 0x00007f580f09d248, 0x00007f580f09d400, 0x00007f580fdae000)
 Metaspace       used 24234K, capacity 24634K, committed 24832K, reserved 26624K
}
Event: 1811.115 GC heap before
{Heap before GC invocations=1476 (full 6):
 def new generation   total 2513728K, used 2370087K [0x00007f4c10400000, 0x00007f4cbab90000, 0x00007f56baea0000)
  eden space 2234432K, 100% used [0x00007f4c10400000, 0x00007f4c98a10000, 0x00007f4c98a10000)
  from space 279296K,  48% used [0x00007f4ca9ad0000, 0x00007f4cb1f49fd8, 0x00007f4cbab90000)
  to   space 279296K,   0% used [0x00007f4c98a10000, 0x00007f4c98a10000, 0x00007f4ca9ad0000)
 tenured generation   total 5585976K, used 5572596K [0x00007f56baea0000, 0x00007f580fdae000, 0x00007f6c10400000)
   the space 5585976K,  99% used [0x00007f56baea0000, 0x00007f580f09d248, 0x00007f580f09d400, 0x00007f580fdae000)
 Metaspace       used 24234K, capacity 24634K, committed 24832K, reserved 26624K
}
Event: 1811.244 GC heap after
{Heap after GC invocations=1477 (full 6):
 def new generation   total 2513728K, used 149530K [0x00007f4c10400000, 0x00007f4cbab90000, 0x00007f56baea0000)
  eden space 2234432K,   0% used [0x00007f4c10400000, 0x00007f4c10400000, 0x00007f4c98a10000)
  from space 279296K,  53% used [0x00007f4c98a10000, 0x00007f4ca1c16848, 0x00007f4ca9ad0000)
  to   space 279296K,   0% used [0x00007f4ca9ad0000, 0x00007f4ca9ad0000, 0x00007f4cbab90000)
 tenured generation   total 5585976K, used 5572596K [0x00007f56baea0000, 0x00007f580fdae000, 0x00007f6c10400000)
   the space 5585976K,  99% used [0x00007f56baea0000, 0x00007f580f09d248, 0x00007f580f09d400, 0x00007f580fdae000)
 Metaspace       used 24234K, capacity 24634K, committed 24832K, reserved 26624K
}
Event: 1813.404 GC heap before
{Heap before GC invocations=1477 (full 6):
 def new generation   total 2513728K, used 2383962K [0x00007f4c10400000, 0x00007f4cbab90000, 0x00007f56baea0000)
  eden space 2234432K, 100% used [0x00007f4c10400000, 0x00007f4c98a10000, 0x00007f4c98a10000)
  from space 279296K,  53% used [0x00007f4c98a10000, 0x00007f4ca1c16848, 0x00007f4ca9ad0000)
  to   space 279296K,   0% used [0x00007f4ca9ad0000, 0x00007f4ca9ad0000, 0x00007f4cbab90000)
 tenured generation   total 5585976K, used 5572596K [0x00007f56baea0000, 0x00007f580fdae000, 0x00007f6c10400000)
   the space 5585976K,  99% used [0x00007f56baea0000, 0x00007f580f09d248, 0x00007f580f09d400, 0x00007f580fdae000)
 Metaspace       used 24234K, capacity 24634K, committed 24832K, reserved 26624K
}
Event: 1813.552 GC heap after
{Heap after GC invocations=1478 (full 6):
 def new generation   total 2513728K, used 138241K [0x00007f4c10400000, 0x00007f4cbab90000, 0x00007f56baea0000)
  eden space 2234432K,   0% used [0x00007f4c10400000, 0x00007f4c10400000, 0x00007f4c98a10000)
  from space 279296K,  49% used [0x00007f4ca9ad0000, 0x00007f4cb21d07c8, 0x00007f4cbab90000)
  to   space 279296K,   0% used [0x00007f4c98a10000, 0x00007f4c98a10000, 0x00007f4ca9ad0000)
 tenured generation   total 5602364K, used 5589555K [0x00007f56baea0000, 0x00007f5810daf000, 0x00007f6c10400000)
   the space 5602364K,  99% used [0x00007f56baea0000, 0x00007f581012cd30, 0x00007f581012ce00, 0x00007f5810daf000)
 Metaspace       used 24234K, capacity 24634K, committed 24832K, reserved 26624K
}
Event: 1813.552 GC heap before
{Heap before GC invocations=1478 (full 6):
 def new generation   total 2513728K, used 138241K [0x00007f4c10400000, 0x00007f4cbab90000, 0x00007f56baea0000)
  eden space 2234432K,   0% used [0x00007f4c10400000, 0x00007f4c10400000, 0x00007f4c98a10000)
  from space 279296K,  49% used [0x00007f4ca9ad0000, 0x00007f4cb21d07c8, 0x00007f4cbab90000)
  to   space 279296K,   0% used [0x00007f4c98a10000, 0x00007f4c98a10000, 0x00007f4ca9ad0000)
 tenured generation   total 5602364K, used 5589555K [0x00007f56baea0000, 0x00007f5810daf000, 0x00007f6c10400000)
   the space 5602364K,  99% used [0x00007f56baea0000, 0x00007f581012cd30, 0x00007f581012ce00, 0x00007f5810daf000)
 Metaspace       used 24234K, capacity 24634K, committed 24832K, reserved 26624K
}

