# JRE version: OpenJDK Runtime Environment (13.0.7+5) (build 13.0.7+5-Ubuntu-0ubuntu120.04)
# Java VM: OpenJDK 64-Bit Server VM (13.0.7+5-Ubuntu-0ubuntu120.04, mixed mode, tiered, serial gc, linux-amd64)
Heap:
 def new generation   total 3161984K, used 2175259K [0x00007f3580600000, 0x00007f3656cf0000, 0x00007f3ad5b50000)
  eden space 2810688K,  76% used [0x00007f3580600000, 0x00007f3603be31b8, 0x00007f362bed0000)
  from space 351296K,   6% used [0x00007f36415e0000, 0x00007f3642c43e18, 0x00007f3656cf0000)
  to   space 351296K,   0% used [0x00007f362bed0000, 0x00007f362bed1520, 0x00007f36415e0000)
 tenured generation   total 7026548K, used 6449198K [0x00007f3ad5b50000, 0x00007f3c8292d000, 0x00007f4580600000)
   the space 7026548K,  91% used [0x00007f3ad5b50000, 0x00007f3c5f55bab0, 0x00007f3c5f55bc00, 0x00007f3c8292d000)
 Metaspace       used 24350K, capacity 24704K, committed 24832K, reserved 26624K
GC Heap History (20 events):
Event: 45044.682 GC heap after
{Heap after GC invocations=6585 (full 2631):
 def new generation   total 3161984K, used 0K [0x00007f3580600000, 0x00007f3656cf0000, 0x00007f3ad5b50000)
  eden space 2810688K,   0% used [0x00007f3580600000, 0x00007f3580600000, 0x00007f362bed0000)
  from space 351296K,   0% used [0x00007f362bed0000, 0x00007f362bed02f8, 0x00007f36415e0000)
  to   space 351296K,   0% used [0x00007f36415e0000, 0x00007f36415e0000, 0x00007f3656cf0000)
 tenured generation   total 7026548K, used 4352057K [0x00007f3ad5b50000, 0x00007f3c8292d000, 0x00007f4580600000)
   the space 7026548K,  61% used [0x00007f3ad5b50000, 0x00007f3bdf55e480, 0x00007f3bdf55e600, 0x00007f3c8292d000)
 Metaspace       used 24350K, capacity 24704K, committed 24832K, reserved 26624K
}
Event: 45047.634 GC heap before
{Heap before GC invocations=6585 (full 2631):
 def new generation   total 3161984K, used 2158923K [0x00007f3580600000, 0x00007f3656cf0000, 0x00007f3ad5b50000)
  eden space 2810688K,  76% used [0x00007f3580600000, 0x00007f3604252af0, 0x00007f362bed0000)
  from space 351296K,   0% used [0x00007f362bed0000, 0x00007f362bed02f8, 0x00007f36415e0000)
  to   space 351296K,   0% used [0x00007f36415e0000, 0x00007f36415e0000, 0x00007f3656cf0000)
 tenured generation   total 7026548K, used 4352057K [0x00007f3ad5b50000, 0x00007f3c8292d000, 0x00007f4580600000)
   the space 7026548K,  61% used [0x00007f3ad5b50000, 0x00007f3bdf55e480, 0x00007f3bdf55e600, 0x00007f3c8292d000)
 Metaspace       used 24350K, capacity 24704K, committed 24832K, reserved 26624K
}
Event: 45047.655 GC heap after
{Heap after GC invocations=6586 (full 2631):
 def new generation   total 3161984K, used 27031K [0x00007f3580600000, 0x00007f3656cf0000, 0x00007f3ad5b50000)
  eden space 2810688K,   0% used [0x00007f3580600000, 0x00007f3580600000, 0x00007f362bed0000)
  from space 351296K,   7% used [0x00007f36415e0000, 0x00007f3643045e00, 0x00007f3656cf0000)
  to   space 351296K,   0% used [0x00007f362bed0000, 0x00007f362bed0000, 0x00007f36415e0000)
 tenured generation   total 7026548K, used 4352057K [0x00007f3ad5b50000, 0x00007f3c8292d000, 0x00007f4580600000)
   the space 7026548K,  61% used [0x00007f3ad5b50000, 0x00007f3bdf55e480, 0x00007f3bdf55e600, 0x00007f3c8292d000)
 Metaspace       used 24350K, capacity 24704K, committed 24832K, reserved 26624K
}
Event: 45049.835 GC heap before
{Heap before GC invocations=6586 (full 2631):
 def new generation   total 3161984K, used 2179241K [0x00007f3580600000, 0x00007f3656cf0000, 0x00007f3ad5b50000)
  eden space 2810688K,  76% used [0x00007f3580600000, 0x00007f3603bc48b8, 0x00007f362bed0000)
  from space 351296K,   7% used [0x00007f36415e0000, 0x00007f3643045e00, 0x00007f3656cf0000)
  to   space 351296K,   0% used [0x00007f362bed0000, 0x00007f362bed0000, 0x00007f36415e0000)
 tenured generation   total 7026548K, used 4352057K [0x00007f3ad5b50000, 0x00007f3c8292d000, 0x00007f4580600000)
   the space 7026548K,  61% used [0x00007f3ad5b50000, 0x00007f3bdf55e480, 0x00007f3bdf55e600, 0x00007f3c8292d000)
 Metaspace       used 24350K, capacity 24704K, committed 24832K, reserved 26624K
}
Event: 45050.916 GC heap after
{Heap after GC invocations=6587 (full 2631):
 def new generation   total 3161984K, used 22927K [0x00007f3580600000, 0x00007f3656cf0000, 0x00007f3ad5b50000)
  eden space 2810688K,   0% used [0x00007f3580600000, 0x00007f3580600000, 0x00007f362bed0000)
  from space 351296K,   6% used [0x00007f362bed0000, 0x00007f362d533e18, 0x00007f36415e0000)
  to   space 351296K,   0% used [0x00007f36415e0000, 0x00007f36415e0000, 0x00007f3656cf0000)
 tenured generation   total 7026548K, used 6449209K [0x00007f3ad5b50000, 0x00007f3c8292d000, 0x00007f4580600000)
   the space 7026548K,  91% used [0x00007f3ad5b50000, 0x00007f3c5f55e498, 0x00007f3c5f55e600, 0x00007f3c8292d000)
 Metaspace       used 24350K, capacity 24704K, committed 24832K, reserved 26624K
}
Event: 45053.921 GC heap before
{Heap before GC invocations=6587 (full 2631):
 def new generation   total 3161984K, used 2175259K [0x00007f3580600000, 0x00007f3656cf0000, 0x00007f3ad5b50000)
  eden space 2810688K,  76% used [0x00007f3580600000, 0x00007f3603be31b8, 0x00007f362bed0000)
  from space 351296K,   6% used [0x00007f362bed0000, 0x00007f362d533e18, 0x00007f36415e0000)
  to   space 351296K,   0% used [0x00007f36415e0000, 0x00007f36415e0000, 0x00007f3656cf0000)
 tenured generation   total 7026548K, used 6449209K [0x00007f3ad5b50000, 0x00007f3c8292d000, 0x00007f4580600000)
   the space 7026548K,  91% used [0x00007f3ad5b50000, 0x00007f3c5f55e498, 0x00007f3c5f55e600, 0x00007f3c8292d000)
 Metaspace       used 24350K, capacity 24704K, committed 24832K, reserved 26624K
}
Event: 45056.201 GC heap after
{Heap after GC invocations=6588 (full 2631):
 def new generation   total 3161984K, used 22931K [0x00007f3580600000, 0x00007f3656cf0000, 0x00007f3ad5b50000)
  eden space 2810688K,   0% used [0x00007f3580600000, 0x00007f3580600000, 0x00007f362bed0000)
  from space 351296K,   6% used [0x00007f36415e0000, 0x00007f3642c44e38, 0x00007f3656cf0000)
  to   space 351296K,   0% used [0x00007f362bed0000, 0x00007f362bed0000, 0x00007f36415e0000)
 tenured generation   total 9123704K, used 8546361K [0x00007f3ad5b50000, 0x00007f3d0292e000, 0x00007f4580600000)
   the space 9123704K,  93% used [0x00007f3ad5b50000, 0x00007f3cdf55e4b0, 0x00007f3cdf55e600, 0x00007f3d0292e000)
 Metaspace       used 24350K, capacity 24704K, committed 24832K, reserved 26624K
}
Event: 45056.201 GC heap before
{Heap before GC invocations=6588 (full 2631):
 def new generation   total 3161984K, used 22931K [0x00007f3580600000, 0x00007f3656cf0000, 0x00007f3ad5b50000)
  eden space 2810688K,   0% used [0x00007f3580600000, 0x00007f3580600000, 0x00007f362bed0000)
  from space 351296K,   6% used [0x00007f36415e0000, 0x00007f3642c44e38, 0x00007f3656cf0000)
  to   space 351296K,   0% used [0x00007f362bed0000, 0x00007f362bed0000, 0x00007f36415e0000)
 tenured generation   total 9123704K, used 8546361K [0x00007f3ad5b50000, 0x00007f3d0292e000, 0x00007f4580600000)
   the space 9123704K,  93% used [0x00007f3ad5b50000, 0x00007f3cdf55e4b0, 0x00007f3cdf55e600, 0x00007f3d0292e000)
 Metaspace       used 24350K, capacity 24704K, committed 24832K, reserved 26624K
}
Event: 45057.846 GC heap after
{Heap after GC invocations=6588 (full 2632):
 def new generation   total 3161984K, used 0K [0x00007f3580600000, 0x00007f3656cf0000, 0x00007f3ad5b50000)
  eden space 2810688K,   0% used [0x00007f3580600000, 0x00007f3580600000, 0x00007f362bed0000)
  from space 351296K,   0% used [0x00007f36415e0000, 0x00007f36415e0000, 0x00007f3656cf0000)
  to   space 351296K,   0% used [0x00007f362bed0000, 0x00007f362bed0000, 0x00007f36415e0000)
 tenured generation   total 7026548K, used 2254899K [0x00007f3ad5b50000, 0x00007f3c8292d000, 0x00007f4580600000)
   the space 7026548K,  32% used [0x00007f3ad5b50000, 0x00007f3b5f55ce10, 0x00007f3b5f55d000, 0x00007f3c8292d000)
 Metaspace       used 24350K, capacity 24704K, committed 24832K, reserved 26624K
}
Event: 45067.209 GC heap before
{Heap before GC invocations=6588 (full 2632):
 def new generation   total 3161984K, used 2152189K [0x00007f3580600000, 0x00007f3656cf0000, 0x00007f3ad5b50000)
  eden space 2810688K,  76% used [0x00007f3580600000, 0x00007f3603bbf6d8, 0x00007f362bed0000)
  from space 351296K,   0% used [0x00007f36415e0000, 0x00007f36415e0000, 0x00007f3656cf0000)
  to   space 351296K,   0% used [0x00007f362bed0000, 0x00007f362bed0000, 0x00007f36415e0000)
 tenured generation   total 7026548K, used 6449203K [0x00007f3ad5b50000, 0x00007f3c8292d000, 0x00007f4580600000)
   the space 7026548K,  91% used [0x00007f3ad5b50000, 0x00007f3c5f55ce28, 0x00007f3c5f55d000, 0x00007f3c8292d000)
 Metaspace       used 24350K, capacity 24704K, committed 24832K, reserved 26624K
}
Event: 45069.502 GC heap after
{Heap after GC invocations=6589 (full 2632):
 def new generation   total 3161984K, used 1K [0x00007f3580600000, 0x00007f3656cf0000, 0x00007f3ad5b50000)
  eden space 2810688K,   0% used [0x00007f3580600000, 0x00007f3580600000, 0x00007f362bed0000)
  from space 351296K,   0% used [0x00007f362bed0000, 0x00007f362bed0418, 0x00007f36415e0000)
  to   space 351296K,   0% used [0x00007f36415e0000, 0x00007f36415e0000, 0x00007f3656cf0000)
 tenured generation   total 9123704K, used 8546355K [0x00007f3ad5b50000, 0x00007f3d0292e000, 0x00007f4580600000)
   the space 9123704K,  93% used [0x00007f3ad5b50000, 0x00007f3cdf55ce40, 0x00007f3cdf55d000, 0x00007f3d0292e000)
 Metaspace       used 24350K, capacity 24704K, committed 24832K, reserved 26624K
}
Event: 45069.502 GC heap before
{Heap before GC invocations=6589 (full 2632):
 def new generation   total 3161984K, used 1K [0x00007f3580600000, 0x00007f3656cf0000, 0x00007f3ad5b50000)
  eden space 2810688K,   0% used [0x00007f3580600000, 0x00007f3580600000, 0x00007f362bed0000)
  from space 351296K,   0% used [0x00007f362bed0000, 0x00007f362bed0418, 0x00007f36415e0000)
  to   space 351296K,   0% used [0x00007f36415e0000, 0x00007f36415e0000, 0x00007f3656cf0000)
 tenured generation   total 9123704K, used 8546355K [0x00007f3ad5b50000, 0x00007f3d0292e000, 0x00007f4580600000)
   the space 9123704K,  93% used [0x00007f3ad5b50000, 0x00007f3cdf55ce40, 0x00007f3cdf55d000, 0x00007f3d0292e000)
 Metaspace       used 24350K, capacity 24704K, committed 24832K, reserved 26624K
}
Event: 45070.846 GC heap after
{Heap after GC invocations=6589 (full 2633):
 def new generation   total 3161984K, used 0K [0x00007f3580600000, 0x00007f3656cf0000, 0x00007f3ad5b50000)
  eden space 2810688K,   0% used [0x00007f3580600000, 0x00007f3580600000, 0x00007f362bed0000)
  from space 351296K,   0% used [0x00007f362bed0000, 0x00007f362bed0000, 0x00007f36415e0000)
  to   space 351296K,   0% used [0x00007f36415e0000, 0x00007f36415e0000, 0x00007f3656cf0000)
 tenured generation   total 7026548K, used 2254894K [0x00007f3ad5b50000, 0x00007f3c8292d000, 0x00007f4580600000)
   the space 7026548K,  32% used [0x00007f3ad5b50000, 0x00007f3b5f55ba68, 0x00007f3b5f55bc00, 0x00007f3c8292d000)
 Metaspace       used 24350K, capacity 24704K, committed 24832K, reserved 26624K
}
Event: 45073.700 GC heap before
{Heap before GC invocations=6589 (full 2633):
 def new generation   total 3161984K, used 2152601K [0x00007f3580600000, 0x00007f3656cf0000, 0x00007f3ad5b50000)
  eden space 2810688K,  76% used [0x00007f3580600000, 0x00007f3603c26578, 0x00007f362bed0000)
  from space 351296K,   0% used [0x00007f362bed0000, 0x00007f362bed0000, 0x00007f36415e0000)
  to   space 351296K,   0% used [0x00007f36415e0000, 0x00007f36415e0000, 0x00007f3656cf0000)
 tenured generation   total 7026548K, used 2254894K [0x00007f3ad5b50000, 0x00007f3c8292d000, 0x00007f4580600000)
   the space 7026548K,  32% used [0x00007f3ad5b50000, 0x00007f3b5f55ba68, 0x00007f3b5f55bc00, 0x00007f3c8292d000)
 Metaspace       used 24350K, capacity 24704K, committed 24832K, reserved 26624K
}
Event: 45074.980 GC heap after
{Heap after GC invocations=6590 (full 2633):
 def new generation   total 3161984K, used 0K [0x00007f3580600000, 0x00007f3656cf0000, 0x00007f3ad5b50000)
  eden space 2810688K,   0% used [0x00007f3580600000, 0x00007f3580600000, 0x00007f362bed0000)
  from space 351296K,   0% used [0x00007f36415e0000, 0x00007f36415e02f8, 0x00007f3656cf0000)
  to   space 351296K,   0% used [0x00007f362bed0000, 0x00007f362bed0000, 0x00007f36415e0000)
 tenured generation   total 7026548K, used 4352046K [0x00007f3ad5b50000, 0x00007f3c8292d000, 0x00007f4580600000)
   the space 7026548K,  61% used [0x00007f3ad5b50000, 0x00007f3bdf55ba98, 0x00007f3bdf55bc00, 0x00007f3c8292d000)
 Metaspace       used 24350K, capacity 24704K, committed 24832K, reserved 26624K
}
Event: 45077.904 GC heap before
{Heap before GC invocations=6590 (full 2633):
 def new generation   total 3161984K, used 2158923K [0x00007f3580600000, 0x00007f3656cf0000, 0x00007f3ad5b50000)
  eden space 2810688K,  76% used [0x00007f3580600000, 0x00007f3604252af0, 0x00007f362bed0000)
  from space 351296K,   0% used [0x00007f36415e0000, 0x00007f36415e02f8, 0x00007f3656cf0000)
  to   space 351296K,   0% used [0x00007f362bed0000, 0x00007f362bed0000, 0x00007f36415e0000)
 tenured generation   total 7026548K, used 4352046K [0x00007f3ad5b50000, 0x00007f3c8292d000, 0x00007f4580600000)
   the space 7026548K,  61% used [0x00007f3ad5b50000, 0x00007f3bdf55ba98, 0x00007f3bdf55bc00, 0x00007f3c8292d000)
 Metaspace       used 24350K, capacity 24704K, committed 24832K, reserved 26624K
}
Event: 45077.923 GC heap after
{Heap after GC invocations=6591 (full 2633):
 def new generation   total 3161984K, used 27031K [0x00007f3580600000, 0x00007f3656cf0000, 0x00007f3ad5b50000)
  eden space 2810688K,   0% used [0x00007f3580600000, 0x00007f3580600000, 0x00007f362bed0000)
  from space 351296K,   7% used [0x00007f362bed0000, 0x00007f362d935e00, 0x00007f36415e0000)
  to   space 351296K,   0% used [0x00007f36415e0000, 0x00007f36415e0000, 0x00007f3656cf0000)
 tenured generation   total 7026548K, used 4352046K [0x00007f3ad5b50000, 0x00007f3c8292d000, 0x00007f4580600000)
   the space 7026548K,  61% used [0x00007f3ad5b50000, 0x00007f3bdf55ba98, 0x00007f3bdf55bc00, 0x00007f3c8292d000)
 Metaspace       used 24350K, capacity 24704K, committed 24832K, reserved 26624K
}
Event: 45080.114 GC heap before
{Heap before GC invocations=6591 (full 2633):
 def new generation   total 3161984K, used 2179241K [0x00007f3580600000, 0x00007f3656cf0000, 0x00007f3ad5b50000)
  eden space 2810688K,  76% used [0x00007f3580600000, 0x00007f3603bc48b8, 0x00007f362bed0000)
  from space 351296K,   7% used [0x00007f362bed0000, 0x00007f362d935e00, 0x00007f36415e0000)
  to   space 351296K,   0% used [0x00007f36415e0000, 0x00007f36415e0000, 0x00007f3656cf0000)
 tenured generation   total 7026548K, used 4352046K [0x00007f3ad5b50000, 0x00007f3c8292d000, 0x00007f4580600000)
   the space 7026548K,  61% used [0x00007f3ad5b50000, 0x00007f3bdf55ba98, 0x00007f3bdf55bc00, 0x00007f3c8292d000)
 Metaspace       used 24350K, capacity 24704K, committed 24832K, reserved 26624K
}
Event: 45081.375 GC heap after
{Heap after GC invocations=6592 (full 2633):
 def new generation   total 3161984K, used 22927K [0x00007f3580600000, 0x00007f3656cf0000, 0x00007f3ad5b50000)
  eden space 2810688K,   0% used [0x00007f3580600000, 0x00007f3580600000, 0x00007f362bed0000)
  from space 351296K,   6% used [0x00007f36415e0000, 0x00007f3642c43e18, 0x00007f3656cf0000)
  to   space 351296K,   0% used [0x00007f362bed0000, 0x00007f362bed0000, 0x00007f36415e0000)
 tenured generation   total 7026548K, used 6449198K [0x00007f3ad5b50000, 0x00007f3c8292d000, 0x00007f4580600000)
   the space 7026548K,  91% used [0x00007f3ad5b50000, 0x00007f3c5f55bab0, 0x00007f3c5f55bc00, 0x00007f3c8292d000)
 Metaspace       used 24350K, capacity 24704K, committed 24832K, reserved 26624K
}
Event: 45084.431 GC heap before
{Heap before GC invocations=6592 (full 2633):
 def new generation   total 3161984K, used 2175259K [0x00007f3580600000, 0x00007f3656cf0000, 0x00007f3ad5b50000)
  eden space 2810688K,  76% used [0x00007f3580600000, 0x00007f3603be31b8, 0x00007f362bed0000)
  from space 351296K,   6% used [0x00007f36415e0000, 0x00007f3642c43e18, 0x00007f3656cf0000)
  to   space 351296K,   0% used [0x00007f362bed0000, 0x00007f362bed0000, 0x00007f36415e0000)
 tenured generation   total 7026548K, used 6449198K [0x00007f3ad5b50000, 0x00007f3c8292d000, 0x00007f4580600000)
   the space 7026548K,  91% used [0x00007f3ad5b50000, 0x00007f3c5f55bab0, 0x00007f3c5f55bc00, 0x00007f3c8292d000)
 Metaspace       used 24350K, capacity 24704K, committed 24832K, reserved 26624K
}

