# JRE version: OpenJDK Runtime Environment (13.0.7+5) (build 13.0.7+5-Ubuntu-0ubuntu120.04)
# Java VM: OpenJDK 64-Bit Server VM (13.0.7+5-Ubuntu-0ubuntu120.04, mixed mode, tiered, serial gc, linux-amd64)
Heap:
 def new generation   total 1748160K, used 0K [0x00007f8b08600000, 0x00007f8b7eed0000, 0x00007f905db50000)
  eden space 1553984K,   0% used [0x00007f8b08600000, 0x00007f8b08600000, 0x00007f8b67390000)
  from space 194176K,   0% used [0x00007f8b73130000, 0x00007f8b73130000, 0x00007f8b7eed0000)
  to   space 194176K,   0% used [0x00007f8b67390000, 0x00007f8b67390000, 0x00007f8b73130000)
 tenured generation   total 3884972K, used 3866687K [0x00007f905db50000, 0x00007f914ad3b000, 0x00007f9b08600000)
   the space 3884972K,  99% used [0x00007f905db50000, 0x00007f9149b5fdd8, 0x00007f9149b5fe00, 0x00007f914ad3b000)
 Metaspace       used 24333K, capacity 24750K, committed 24832K, reserved 26624K
GC Heap History (20 events):
Event: 10157.572 GC heap after
{Heap after GC invocations=24842 (full 3):
 def new generation   total 1748160K, used 5663K [0x00007f8b08600000, 0x00007f8b7eed0000, 0x00007f905db50000)
  eden space 1553984K,   0% used [0x00007f8b08600000, 0x00007f8b08600000, 0x00007f8b67390000)
  from space 194176K,   2% used [0x00007f8b67390000, 0x00007f8b67917e30, 0x00007f8b73130000)
  to   space 194176K,   0% used [0x00007f8b73130000, 0x00007f8b73130000, 0x00007f8b7eed0000)
 tenured generation   total 3884588K, used 3881674K [0x00007f905db50000, 0x00007f914acdb000, 0x00007f9b08600000)
   the space 3884588K,  99% used [0x00007f905db50000, 0x00007f914aa029f8, 0x00007f914aa02a00, 0x00007f914acdb000)
 Metaspace       used 24333K, capacity 24750K, committed 24832K, reserved 26624K
}
Event: 10158.302 GC heap before
{Heap before GC invocations=24842 (full 3):
 def new generation   total 1748160K, used 1559647K [0x00007f8b08600000, 0x00007f8b7eed0000, 0x00007f905db50000)
  eden space 1553984K, 100% used [0x00007f8b08600000, 0x00007f8b67390000, 0x00007f8b67390000)
  from space 194176K,   2% used [0x00007f8b67390000, 0x00007f8b67917e30, 0x00007f8b73130000)
  to   space 194176K,   0% used [0x00007f8b73130000, 0x00007f8b73130000, 0x00007f8b7eed0000)
 tenured generation   total 3884588K, used 3881674K [0x00007f905db50000, 0x00007f914acdb000, 0x00007f9b08600000)
   the space 3884588K,  99% used [0x00007f905db50000, 0x00007f914aa029f8, 0x00007f914aa02a00, 0x00007f914acdb000)
 Metaspace       used 24333K, capacity 24750K, committed 24832K, reserved 26624K
}
Event: 10158.308 GC heap after
{Heap after GC invocations=24843 (full 3):
 def new generation   total 1748160K, used 5813K [0x00007f8b08600000, 0x00007f8b7eed0000, 0x00007f905db50000)
  eden space 1553984K,   0% used [0x00007f8b08600000, 0x00007f8b08600000, 0x00007f8b67390000)
  from space 194176K,   2% used [0x00007f8b73130000, 0x00007f8b736dd450, 0x00007f8b7eed0000)
  to   space 194176K,   0% used [0x00007f8b67390000, 0x00007f8b67390000, 0x00007f8b73130000)
 tenured generation   total 3884588K, used 3881948K [0x00007f905db50000, 0x00007f914acdb000, 0x00007f9b08600000)
   the space 3884588K,  99% used [0x00007f905db50000, 0x00007f914aa47270, 0x00007f914aa47400, 0x00007f914acdb000)
 Metaspace       used 24333K, capacity 24750K, committed 24832K, reserved 26624K
}
Event: 10158.988 GC heap before
{Heap before GC invocations=24843 (full 3):
 def new generation   total 1748160K, used 1559797K [0x00007f8b08600000, 0x00007f8b7eed0000, 0x00007f905db50000)
  eden space 1553984K, 100% used [0x00007f8b08600000, 0x00007f8b67390000, 0x00007f8b67390000)
  from space 194176K,   2% used [0x00007f8b73130000, 0x00007f8b736dd450, 0x00007f8b7eed0000)
  to   space 194176K,   0% used [0x00007f8b67390000, 0x00007f8b67390000, 0x00007f8b73130000)
 tenured generation   total 3884588K, used 3881948K [0x00007f905db50000, 0x00007f914acdb000, 0x00007f9b08600000)
   the space 3884588K,  99% used [0x00007f905db50000, 0x00007f914aa47270, 0x00007f914aa47400, 0x00007f914acdb000)
 Metaspace       used 24333K, capacity 24750K, committed 24832K, reserved 26624K
}
Event: 10158.993 GC heap after
{Heap after GC invocations=24844 (full 3):
 def new generation   total 1748160K, used 5767K [0x00007f8b08600000, 0x00007f8b7eed0000, 0x00007f905db50000)
  eden space 1553984K,   0% used [0x00007f8b08600000, 0x00007f8b08600000, 0x00007f8b67390000)
  from space 194176K,   2% used [0x00007f8b67390000, 0x00007f8b67931d70, 0x00007f8b73130000)
  to   space 194176K,   0% used [0x00007f8b73130000, 0x00007f8b73130000, 0x00007f8b7eed0000)
 tenured generation   total 3884588K, used 3882243K [0x00007f905db50000, 0x00007f914acdb000, 0x00007f9b08600000)
   the space 3884588K,  99% used [0x00007f905db50000, 0x00007f914aa90f40, 0x00007f914aa91000, 0x00007f914acdb000)
 Metaspace       used 24333K, capacity 24750K, committed 24832K, reserved 26624K
}
Event: 10159.738 GC heap before
{Heap before GC invocations=24844 (full 3):
 def new generation   total 1748160K, used 1559751K [0x00007f8b08600000, 0x00007f8b7eed0000, 0x00007f905db50000)
  eden space 1553984K, 100% used [0x00007f8b08600000, 0x00007f8b67390000, 0x00007f8b67390000)
  from space 194176K,   2% used [0x00007f8b67390000, 0x00007f8b67931d70, 0x00007f8b73130000)
  to   space 194176K,   0% used [0x00007f8b73130000, 0x00007f8b73130000, 0x00007f8b7eed0000)
 tenured generation   total 3884588K, used 3882243K [0x00007f905db50000, 0x00007f914acdb000, 0x00007f9b08600000)
   the space 3884588K,  99% used [0x00007f905db50000, 0x00007f914aa90f40, 0x00007f914aa91000, 0x00007f914acdb000)
 Metaspace       used 24333K, capacity 24750K, committed 24832K, reserved 26624K
}
Event: 10159.743 GC heap after
{Heap after GC invocations=24845 (full 3):
 def new generation   total 1748160K, used 5601K [0x00007f8b08600000, 0x00007f8b7eed0000, 0x00007f905db50000)
  eden space 1553984K,   0% used [0x00007f8b08600000, 0x00007f8b08600000, 0x00007f8b67390000)
  from space 194176K,   2% used [0x00007f8b73130000, 0x00007f8b736a84b0, 0x00007f8b7eed0000)
  to   space 194176K,   0% used [0x00007f8b67390000, 0x00007f8b67390000, 0x00007f8b73130000)
 tenured generation   total 3884588K, used 3882539K [0x00007f905db50000, 0x00007f914acdb000, 0x00007f9b08600000)
   the space 3884588K,  99% used [0x00007f905db50000, 0x00007f914aadac10, 0x00007f914aadae00, 0x00007f914acdb000)
 Metaspace       used 24333K, capacity 24750K, committed 24832K, reserved 26624K
}
Event: 10160.473 GC heap before
{Heap before GC invocations=24845 (full 3):
 def new generation   total 1748160K, used 1559585K [0x00007f8b08600000, 0x00007f8b7eed0000, 0x00007f905db50000)
  eden space 1553984K, 100% used [0x00007f8b08600000, 0x00007f8b67390000, 0x00007f8b67390000)
  from space 194176K,   2% used [0x00007f8b73130000, 0x00007f8b736a84b0, 0x00007f8b7eed0000)
  to   space 194176K,   0% used [0x00007f8b67390000, 0x00007f8b67390000, 0x00007f8b73130000)
 tenured generation   total 3884588K, used 3882539K [0x00007f905db50000, 0x00007f914acdb000, 0x00007f9b08600000)
   the space 3884588K,  99% used [0x00007f905db50000, 0x00007f914aadac10, 0x00007f914aadae00, 0x00007f914acdb000)
 Metaspace       used 24333K, capacity 24750K, committed 24832K, reserved 26624K
}
Event: 10160.478 GC heap after
{Heap after GC invocations=24846 (full 3):
 def new generation   total 1748160K, used 5454K [0x00007f8b08600000, 0x00007f8b7eed0000, 0x00007f905db50000)
  eden space 1553984K,   0% used [0x00007f8b08600000, 0x00007f8b08600000, 0x00007f8b67390000)
  from space 194176K,   2% used [0x00007f8b67390000, 0x00007f8b678e3900, 0x00007f8b73130000)
  to   space 194176K,   0% used [0x00007f8b73130000, 0x00007f8b73130000, 0x00007f8b7eed0000)
 tenured generation   total 3884588K, used 3882813K [0x00007f905db50000, 0x00007f914acdb000, 0x00007f9b08600000)
   the space 3884588K,  99% used [0x00007f905db50000, 0x00007f914ab1f488, 0x00007f914ab1f600, 0x00007f914acdb000)
 Metaspace       used 24333K, capacity 24750K, committed 24832K, reserved 26624K
}
Event: 10161.267 GC heap before
{Heap before GC invocations=24846 (full 3):
 def new generation   total 1748160K, used 1559438K [0x00007f8b08600000, 0x00007f8b7eed0000, 0x00007f905db50000)
  eden space 1553984K, 100% used [0x00007f8b08600000, 0x00007f8b67390000, 0x00007f8b67390000)
  from space 194176K,   2% used [0x00007f8b67390000, 0x00007f8b678e3900, 0x00007f8b73130000)
  to   space 194176K,   0% used [0x00007f8b73130000, 0x00007f8b73130000, 0x00007f8b7eed0000)
 tenured generation   total 3884588K, used 3882813K [0x00007f905db50000, 0x00007f914acdb000, 0x00007f9b08600000)
   the space 3884588K,  99% used [0x00007f905db50000, 0x00007f914ab1f488, 0x00007f914ab1f600, 0x00007f914acdb000)
 Metaspace       used 24333K, capacity 24750K, committed 24832K, reserved 26624K
}
Event: 10161.290 GC heap after
{Heap after GC invocations=24847 (full 3):
 def new generation   total 1748160K, used 5219K [0x00007f8b08600000, 0x00007f8b7eed0000, 0x00007f905db50000)
  eden space 1553984K,   0% used [0x00007f8b08600000, 0x00007f8b08600000, 0x00007f8b67390000)
  from space 194176K,   2% used [0x00007f8b73130000, 0x00007f8b73648e90, 0x00007f8b7eed0000)
  to   space 194176K,   0% used [0x00007f8b67390000, 0x00007f8b67390000, 0x00007f8b73130000)
 tenured generation   total 3884588K, used 3883149K [0x00007f905db50000, 0x00007f914acdb000, 0x00007f9b08600000)
   the space 3884588K,  99% used [0x00007f905db50000, 0x00007f914ab73728, 0x00007f914ab73800, 0x00007f914acdb000)
 Metaspace       used 24333K, capacity 24750K, committed 24832K, reserved 26624K
}
Event: 10162.020 GC heap before
{Heap before GC invocations=24847 (full 3):
 def new generation   total 1748160K, used 1559203K [0x00007f8b08600000, 0x00007f8b7eed0000, 0x00007f905db50000)
  eden space 1553984K, 100% used [0x00007f8b08600000, 0x00007f8b67390000, 0x00007f8b67390000)
  from space 194176K,   2% used [0x00007f8b73130000, 0x00007f8b73648e90, 0x00007f8b7eed0000)
  to   space 194176K,   0% used [0x00007f8b67390000, 0x00007f8b67390000, 0x00007f8b73130000)
 tenured generation   total 3884588K, used 3883149K [0x00007f905db50000, 0x00007f914acdb000, 0x00007f9b08600000)
   the space 3884588K,  99% used [0x00007f905db50000, 0x00007f914ab73728, 0x00007f914ab73800, 0x00007f914acdb000)
 Metaspace       used 24333K, capacity 24750K, committed 24832K, reserved 26624K
}
Event: 10162.025 GC heap after
{Heap after GC invocations=24848 (full 3):
 def new generation   total 1748160K, used 4951K [0x00007f8b08600000, 0x00007f8b7eed0000, 0x00007f905db50000)
  eden space 1553984K,   0% used [0x00007f8b08600000, 0x00007f8b08600000, 0x00007f8b67390000)
  from space 194176K,   2% used [0x00007f8b67390000, 0x00007f8b67865fc8, 0x00007f8b73130000)
  to   space 194176K,   0% used [0x00007f8b73130000, 0x00007f8b73130000, 0x00007f8b7eed0000)
 tenured generation   total 3884588K, used 3883568K [0x00007f905db50000, 0x00007f914acdb000, 0x00007f9b08600000)
   the space 3884588K,  99% used [0x00007f905db50000, 0x00007f914abdc2c8, 0x00007f914abdc400, 0x00007f914acdb000)
 Metaspace       used 24333K, capacity 24750K, committed 24832K, reserved 26624K
}
Event: 10162.759 GC heap before
{Heap before GC invocations=24848 (full 3):
 def new generation   total 1748160K, used 1558935K [0x00007f8b08600000, 0x00007f8b7eed0000, 0x00007f905db50000)
  eden space 1553984K, 100% used [0x00007f8b08600000, 0x00007f8b67390000, 0x00007f8b67390000)
  from space 194176K,   2% used [0x00007f8b67390000, 0x00007f8b67865fc8, 0x00007f8b73130000)
  to   space 194176K,   0% used [0x00007f8b73130000, 0x00007f8b73130000, 0x00007f8b7eed0000)
 tenured generation   total 3884588K, used 3883568K [0x00007f905db50000, 0x00007f914acdb000, 0x00007f9b08600000)
   the space 3884588K,  99% used [0x00007f905db50000, 0x00007f914abdc2c8, 0x00007f914abdc400, 0x00007f914acdb000)
 Metaspace       used 24333K, capacity 24750K, committed 24832K, reserved 26624K
}
Event: 10162.764 GC heap after
{Heap after GC invocations=24849 (full 3):
 def new generation   total 1748160K, used 4696K [0x00007f8b08600000, 0x00007f8b7eed0000, 0x00007f905db50000)
  eden space 1553984K,   0% used [0x00007f8b08600000, 0x00007f8b08600000, 0x00007f8b67390000)
  from space 194176K,   2% used [0x00007f8b73130000, 0x00007f8b735c6078, 0x00007f8b7eed0000)
  to   space 194176K,   0% used [0x00007f8b67390000, 0x00007f8b67390000, 0x00007f8b73130000)
 tenured generation   total 3884588K, used 3883987K [0x00007f905db50000, 0x00007f914acdb000, 0x00007f9b08600000)
   the space 3884588K,  99% used [0x00007f905db50000, 0x00007f914ac44e68, 0x00007f914ac45000, 0x00007f914acdb000)
 Metaspace       used 24333K, capacity 24750K, committed 24832K, reserved 26624K
}
Event: 10163.498 GC heap before
{Heap before GC invocations=24849 (full 3):
 def new generation   total 1748160K, used 1558680K [0x00007f8b08600000, 0x00007f8b7eed0000, 0x00007f905db50000)
  eden space 1553984K, 100% used [0x00007f8b08600000, 0x00007f8b67390000, 0x00007f8b67390000)
  from space 194176K,   2% used [0x00007f8b73130000, 0x00007f8b735c6078, 0x00007f8b7eed0000)
  to   space 194176K,   0% used [0x00007f8b67390000, 0x00007f8b67390000, 0x00007f8b73130000)
 tenured generation   total 3884588K, used 3883987K [0x00007f905db50000, 0x00007f914acdb000, 0x00007f9b08600000)
   the space 3884588K,  99% used [0x00007f905db50000, 0x00007f914ac44e68, 0x00007f914ac45000, 0x00007f914acdb000)
 Metaspace       used 24333K, capacity 24750K, committed 24832K, reserved 26624K
}
Event: 10163.502 GC heap after
{Heap after GC invocations=24850 (full 3):
 def new generation   total 1748160K, used 4423K [0x00007f8b08600000, 0x00007f8b7eed0000, 0x00007f905db50000)
  eden space 1553984K,   0% used [0x00007f8b08600000, 0x00007f8b08600000, 0x00007f8b67390000)
  from space 194176K,   2% used [0x00007f8b67390000, 0x00007f8b677e1f98, 0x00007f8b73130000)
  to   space 194176K,   0% used [0x00007f8b73130000, 0x00007f8b73130000, 0x00007f8b7eed0000)
 tenured generation   total 3884588K, used 3884406K [0x00007f905db50000, 0x00007f914acdb000, 0x00007f9b08600000)
   the space 3884588K,  99% used [0x00007f905db50000, 0x00007f914acada08, 0x00007f914acadc00, 0x00007f914acdb000)
 Metaspace       used 24333K, capacity 24750K, committed 24832K, reserved 26624K
}
Event: 10164.235 GC heap before
{Heap before GC invocations=24850 (full 3):
 def new generation   total 1748160K, used 1558407K [0x00007f8b08600000, 0x00007f8b7eed0000, 0x00007f905db50000)
  eden space 1553984K, 100% used [0x00007f8b08600000, 0x00007f8b67390000, 0x00007f8b67390000)
  from space 194176K,   2% used [0x00007f8b67390000, 0x00007f8b677e1f98, 0x00007f8b73130000)
  to   space 194176K,   0% used [0x00007f8b73130000, 0x00007f8b73130000, 0x00007f8b7eed0000)
 tenured generation   total 3884588K, used 3884406K [0x00007f905db50000, 0x00007f914acdb000, 0x00007f9b08600000)
   the space 3884588K,  99% used [0x00007f905db50000, 0x00007f914acada08, 0x00007f914acadc00, 0x00007f914acdb000)
 Metaspace       used 24333K, capacity 24750K, committed 24832K, reserved 26624K
}
Event: 10164.244 GC heap after
{Heap after GC invocations=24851 (full 3):
 def new generation   total 1748160K, used 4151K [0x00007f8b08600000, 0x00007f8b7eed0000, 0x00007f905db50000)
  eden space 1553984K,   0% used [0x00007f8b08600000, 0x00007f8b08600000, 0x00007f8b67390000)
  from space 194176K,   2% used [0x00007f8b73130000, 0x00007f8b7353df88, 0x00007f8b7eed0000)
  to   space 194176K,   0% used [0x00007f8b67390000, 0x00007f8b67390000, 0x00007f8b73130000)
 tenured generation   total 3884972K, used 3884825K [0x00007f905db50000, 0x00007f914ad3b000, 0x00007f9b08600000)
   the space 3884972K,  99% used [0x00007f905db50000, 0x00007f914ad165a8, 0x00007f914ad16600, 0x00007f914ad3b000)
 Metaspace       used 24333K, capacity 24750K, committed 24832K, reserved 26624K
}
Event: 10164.244 GC heap before
{Heap before GC invocations=24851 (full 3):
 def new generation   total 1748160K, used 4151K [0x00007f8b08600000, 0x00007f8b7eed0000, 0x00007f905db50000)
  eden space 1553984K,   0% used [0x00007f8b08600000, 0x00007f8b08600000, 0x00007f8b67390000)
  from space 194176K,   2% used [0x00007f8b73130000, 0x00007f8b7353df88, 0x00007f8b7eed0000)
  to   space 194176K,   0% used [0x00007f8b67390000, 0x00007f8b67390000, 0x00007f8b73130000)
 tenured generation   total 3884972K, used 3884825K [0x00007f905db50000, 0x00007f914ad3b000, 0x00007f9b08600000)
   the space 3884972K,  99% used [0x00007f905db50000, 0x00007f914ad165a8, 0x00007f914ad16600, 0x00007f914ad3b000)
 Metaspace       used 24333K, capacity 24750K, committed 24832K, reserved 26624K
}

