# JRE version: OpenJDK Runtime Environment (13.0.7+5) (build 13.0.7+5-Ubuntu-0ubuntu120.04)
# Java VM: OpenJDK 64-Bit Server VM (13.0.7+5-Ubuntu-0ubuntu120.04, mixed mode, tiered, serial gc, linux-amd64)
Heap:
 def new generation   total 2899328K, used 9111K [0x00007eee7c600000, 0x00007eef40ff0000, 0x00007ef3d1b50000)
  eden space 2577216K,   0% used [0x00007eee7c600000, 0x00007eee7cee5e60, 0x00007eef19ad0000)
  from space 322112K,   0% used [0x00007eef19ad0000, 0x00007eef19ad0000, 0x00007eef2d560000)
  to   space 322112K,   0% used [0x00007eef2d560000, 0x00007eef2d560000, 0x00007eef40ff0000)
 tenured generation   total 6443392K, used 6443391K [0x00007ef3d1b50000, 0x00007ef55afb0000, 0x00007efe7c600000)
   the space 6443392K,  99% used [0x00007ef3d1b50000, 0x00007ef55afaffe8, 0x00007ef55afb0000, 0x00007ef55afb0000)
 Metaspace       used 24363K, capacity 24762K, committed 24832K, reserved 26624K
GC Heap History (20 events):
Event: 13710.998 GC heap after
{Heap after GC invocations=21799 (full 4):
 def new generation   total 2899328K, used 9089K [0x00007eee7c600000, 0x00007eef40ff0000, 0x00007ef3d1b50000)
  eden space 2577216K,   0% used [0x00007eee7c600000, 0x00007eee7c600000, 0x00007eef19ad0000)
  from space 322112K,   2% used [0x00007eef2d560000, 0x00007eef2de40548, 0x00007eef40ff0000)
  to   space 322112K,   0% used [0x00007eef19ad0000, 0x00007eef19ad0000, 0x00007eef2d560000)
 tenured generation   total 6442816K, used 6438332K [0x00007ef3d1b50000, 0x00007ef55af20000, 0x00007efe7c600000)
   the space 6442816K,  99% used [0x00007ef3d1b50000, 0x00007ef55aabf310, 0x00007ef55aabf400, 0x00007ef55af20000)
 Metaspace       used 24363K, capacity 24762K, committed 24832K, reserved 26624K
}
Event: 13712.334 GC heap before
{Heap before GC invocations=21799 (full 4):
 def new generation   total 2899328K, used 2586305K [0x00007eee7c600000, 0x00007eef40ff0000, 0x00007ef3d1b50000)
  eden space 2577216K, 100% used [0x00007eee7c600000, 0x00007eef19ad0000, 0x00007eef19ad0000)
  from space 322112K,   2% used [0x00007eef2d560000, 0x00007eef2de40548, 0x00007eef40ff0000)
  to   space 322112K,   0% used [0x00007eef19ad0000, 0x00007eef19ad0000, 0x00007eef2d560000)
 tenured generation   total 6442816K, used 6438332K [0x00007ef3d1b50000, 0x00007ef55af20000, 0x00007efe7c600000)
   the space 6442816K,  99% used [0x00007ef3d1b50000, 0x00007ef55aabf310, 0x00007ef55aabf400, 0x00007ef55af20000)
 Metaspace       used 24363K, capacity 24762K, committed 24832K, reserved 26624K
}
Event: 13712.343 GC heap after
{Heap after GC invocations=21800 (full 4):
 def new generation   total 2899328K, used 9091K [0x00007eee7c600000, 0x00007eef40ff0000, 0x00007ef3d1b50000)
  eden space 2577216K,   0% used [0x00007eee7c600000, 0x00007eee7c600000, 0x00007eef19ad0000)
  from space 322112K,   2% used [0x00007eef19ad0000, 0x00007eef1a3b0fd0, 0x00007eef2d560000)
  to   space 322112K,   0% used [0x00007eef2d560000, 0x00007eef2d560000, 0x00007eef40ff0000)
 tenured generation   total 6442816K, used 6438816K [0x00007ef3d1b50000, 0x00007ef55af20000, 0x00007efe7c600000)
   the space 6442816K,  99% used [0x00007ef3d1b50000, 0x00007ef55ab382d0, 0x00007ef55ab38400, 0x00007ef55af20000)
 Metaspace       used 24363K, capacity 24762K, committed 24832K, reserved 26624K
}
Event: 13713.666 GC heap before
{Heap before GC invocations=21800 (full 4):
 def new generation   total 2899328K, used 2586307K [0x00007eee7c600000, 0x00007eef40ff0000, 0x00007ef3d1b50000)
  eden space 2577216K, 100% used [0x00007eee7c600000, 0x00007eef19ad0000, 0x00007eef19ad0000)
  from space 322112K,   2% used [0x00007eef19ad0000, 0x00007eef1a3b0fd0, 0x00007eef2d560000)
  to   space 322112K,   0% used [0x00007eef2d560000, 0x00007eef2d560000, 0x00007eef40ff0000)
 tenured generation   total 6442816K, used 6438816K [0x00007ef3d1b50000, 0x00007ef55af20000, 0x00007efe7c600000)
   the space 6442816K,  99% used [0x00007ef3d1b50000, 0x00007ef55ab382d0, 0x00007ef55ab38400, 0x00007ef55af20000)
 Metaspace       used 24363K, capacity 24762K, committed 24832K, reserved 26624K
}
Event: 13713.676 GC heap after
{Heap after GC invocations=21801 (full 4):
 def new generation   total 2899328K, used 9127K [0x00007eee7c600000, 0x00007eef40ff0000, 0x00007ef3d1b50000)
  eden space 2577216K,   0% used [0x00007eee7c600000, 0x00007eee7c600000, 0x00007eef19ad0000)
  from space 322112K,   2% used [0x00007eef2d560000, 0x00007eef2de49d40, 0x00007eef40ff0000)
  to   space 322112K,   0% used [0x00007eef19ad0000, 0x00007eef19ad0000, 0x00007eef2d560000)
 tenured generation   total 6442816K, used 6439300K [0x00007ef3d1b50000, 0x00007ef55af20000, 0x00007efe7c600000)
   the space 6442816K,  99% used [0x00007ef3d1b50000, 0x00007ef55abb1290, 0x00007ef55abb1400, 0x00007ef55af20000)
 Metaspace       used 24363K, capacity 24762K, committed 24832K, reserved 26624K
}
Event: 13715.004 GC heap before
{Heap before GC invocations=21801 (full 4):
 def new generation   total 2899328K, used 2586343K [0x00007eee7c600000, 0x00007eef40ff0000, 0x00007ef3d1b50000)
  eden space 2577216K, 100% used [0x00007eee7c600000, 0x00007eef19ad0000, 0x00007eef19ad0000)
  from space 322112K,   2% used [0x00007eef2d560000, 0x00007eef2de49d40, 0x00007eef40ff0000)
  to   space 322112K,   0% used [0x00007eef19ad0000, 0x00007eef19ad0000, 0x00007eef2d560000)
 tenured generation   total 6442816K, used 6439300K [0x00007ef3d1b50000, 0x00007ef55af20000, 0x00007efe7c600000)
   the space 6442816K,  99% used [0x00007ef3d1b50000, 0x00007ef55abb1290, 0x00007ef55abb1400, 0x00007ef55af20000)
 Metaspace       used 24363K, capacity 24762K, committed 24832K, reserved 26624K
}
Event: 13715.015 GC heap after
{Heap after GC invocations=21802 (full 4):
 def new generation   total 2899328K, used 9227K [0x00007eee7c600000, 0x00007eef40ff0000, 0x00007ef3d1b50000)
  eden space 2577216K,   0% used [0x00007eee7c600000, 0x00007eee7c600000, 0x00007eef19ad0000)
  from space 322112K,   2% used [0x00007eef19ad0000, 0x00007eef1a3d2e00, 0x00007eef2d560000)
  to   space 322112K,   0% used [0x00007eef2d560000, 0x00007eef2d560000, 0x00007eef40ff0000)
 tenured generation   total 6442816K, used 6439784K [0x00007ef3d1b50000, 0x00007ef55af20000, 0x00007efe7c600000)
   the space 6442816K,  99% used [0x00007ef3d1b50000, 0x00007ef55ac2a250, 0x00007ef55ac2a400, 0x00007ef55af20000)
 Metaspace       used 24363K, capacity 24762K, committed 24832K, reserved 26624K
}
Event: 13716.324 GC heap before
{Heap before GC invocations=21802 (full 4):
 def new generation   total 2899328K, used 2586443K [0x00007eee7c600000, 0x00007eef40ff0000, 0x00007ef3d1b50000)
  eden space 2577216K, 100% used [0x00007eee7c600000, 0x00007eef19ad0000, 0x00007eef19ad0000)
  from space 322112K,   2% used [0x00007eef19ad0000, 0x00007eef1a3d2e00, 0x00007eef2d560000)
  to   space 322112K,   0% used [0x00007eef2d560000, 0x00007eef2d560000, 0x00007eef40ff0000)
 tenured generation   total 6442816K, used 6439784K [0x00007ef3d1b50000, 0x00007ef55af20000, 0x00007efe7c600000)
   the space 6442816K,  99% used [0x00007ef3d1b50000, 0x00007ef55ac2a250, 0x00007ef55ac2a400, 0x00007ef55af20000)
 Metaspace       used 24363K, capacity 24762K, committed 24832K, reserved 26624K
}
Event: 13716.336 GC heap after
{Heap after GC invocations=21803 (full 4):
 def new generation   total 2899328K, used 9318K [0x00007eee7c600000, 0x00007eef40ff0000, 0x00007ef3d1b50000)
  eden space 2577216K,   0% used [0x00007eee7c600000, 0x00007eee7c600000, 0x00007eef19ad0000)
  from space 322112K,   2% used [0x00007eef2d560000, 0x00007eef2de79ac0, 0x00007eef40ff0000)
  to   space 322112K,   0% used [0x00007eef19ad0000, 0x00007eef19ad0000, 0x00007eef2d560000)
 tenured generation   total 6442816K, used 6440268K [0x00007ef3d1b50000, 0x00007ef55af20000, 0x00007efe7c600000)
   the space 6442816K,  99% used [0x00007ef3d1b50000, 0x00007ef55aca3210, 0x00007ef55aca3400, 0x00007ef55af20000)
 Metaspace       used 24363K, capacity 24762K, committed 24832K, reserved 26624K
}
Event: 13717.669 GC heap before
{Heap before GC invocations=21803 (full 4):
 def new generation   total 2899328K, used 2586534K [0x00007eee7c600000, 0x00007eef40ff0000, 0x00007ef3d1b50000)
  eden space 2577216K, 100% used [0x00007eee7c600000, 0x00007eef19ad0000, 0x00007eef19ad0000)
  from space 322112K,   2% used [0x00007eef2d560000, 0x00007eef2de79ac0, 0x00007eef40ff0000)
  to   space 322112K,   0% used [0x00007eef19ad0000, 0x00007eef19ad0000, 0x00007eef2d560000)
 tenured generation   total 6442816K, used 6440268K [0x00007ef3d1b50000, 0x00007ef55af20000, 0x00007efe7c600000)
   the space 6442816K,  99% used [0x00007ef3d1b50000, 0x00007ef55aca3210, 0x00007ef55aca3400, 0x00007ef55af20000)
 Metaspace       used 24363K, capacity 24762K, committed 24832K, reserved 26624K
}
Event: 13717.679 GC heap after
{Heap after GC invocations=21804 (full 4):
 def new generation   total 2899328K, used 9299K [0x00007eee7c600000, 0x00007eef40ff0000, 0x00007ef3d1b50000)
  eden space 2577216K,   0% used [0x00007eee7c600000, 0x00007eee7c600000, 0x00007eef19ad0000)
  from space 322112K,   2% used [0x00007eef19ad0000, 0x00007eef1a3e4ca0, 0x00007eef2d560000)
  to   space 322112K,   0% used [0x00007eef2d560000, 0x00007eef2d560000, 0x00007eef40ff0000)
 tenured generation   total 6442816K, used 6440869K [0x00007ef3d1b50000, 0x00007ef55af20000, 0x00007efe7c600000)
   the space 6442816K,  99% used [0x00007ef3d1b50000, 0x00007ef55ad39630, 0x00007ef55ad39800, 0x00007ef55af20000)
 Metaspace       used 24363K, capacity 24762K, committed 24832K, reserved 26624K
}
Event: 13718.982 GC heap before
{Heap before GC invocations=21804 (full 4):
 def new generation   total 2899328K, used 2586515K [0x00007eee7c600000, 0x00007eef40ff0000, 0x00007ef3d1b50000)
  eden space 2577216K, 100% used [0x00007eee7c600000, 0x00007eef19ad0000, 0x00007eef19ad0000)
  from space 322112K,   2% used [0x00007eef19ad0000, 0x00007eef1a3e4ca0, 0x00007eef2d560000)
  to   space 322112K,   0% used [0x00007eef2d560000, 0x00007eef2d560000, 0x00007eef40ff0000)
 tenured generation   total 6442816K, used 6440869K [0x00007ef3d1b50000, 0x00007ef55af20000, 0x00007efe7c600000)
   the space 6442816K,  99% used [0x00007ef3d1b50000, 0x00007ef55ad39630, 0x00007ef55ad39800, 0x00007ef55af20000)
 Metaspace       used 24363K, capacity 24762K, committed 24832K, reserved 26624K
}
Event: 13718.994 GC heap after
{Heap after GC invocations=21805 (full 4):
 def new generation   total 2899328K, used 9270K [0x00007eee7c600000, 0x00007eef40ff0000, 0x00007ef3d1b50000)
  eden space 2577216K,   0% used [0x00007eee7c600000, 0x00007eee7c600000, 0x00007eef19ad0000)
  from space 322112K,   2% used [0x00007eef2d560000, 0x00007eef2de6d9b0, 0x00007eef40ff0000)
  to   space 322112K,   0% used [0x00007eef19ad0000, 0x00007eef19ad0000, 0x00007eef2d560000)
 tenured generation   total 6442816K, used 6441490K [0x00007ef3d1b50000, 0x00007ef55af20000, 0x00007efe7c600000)
   the space 6442816K,  99% used [0x00007ef3d1b50000, 0x00007ef55add4918, 0x00007ef55add4a00, 0x00007ef55af20000)
 Metaspace       used 24363K, capacity 24762K, committed 24832K, reserved 26624K
}
Event: 13720.342 GC heap before
{Heap before GC invocations=21805 (full 4):
 def new generation   total 2899328K, used 2586486K [0x00007eee7c600000, 0x00007eef40ff0000, 0x00007ef3d1b50000)
  eden space 2577216K, 100% used [0x00007eee7c600000, 0x00007eef19ad0000, 0x00007eef19ad0000)
  from space 322112K,   2% used [0x00007eef2d560000, 0x00007eef2de6d9b0, 0x00007eef40ff0000)
  to   space 322112K,   0% used [0x00007eef19ad0000, 0x00007eef19ad0000, 0x00007eef2d560000)
 tenured generation   total 6442816K, used 6441490K [0x00007ef3d1b50000, 0x00007ef55af20000, 0x00007efe7c600000)
   the space 6442816K,  99% used [0x00007ef3d1b50000, 0x00007ef55add4918, 0x00007ef55add4a00, 0x00007ef55af20000)
 Metaspace       used 24363K, capacity 24762K, committed 24832K, reserved 26624K
}
Event: 13720.352 GC heap after
{Heap after GC invocations=21806 (full 4):
 def new generation   total 2899328K, used 9234K [0x00007eee7c600000, 0x00007eef40ff0000, 0x00007ef3d1b50000)
  eden space 2577216K,   0% used [0x00007eee7c600000, 0x00007eee7c600000, 0x00007eef19ad0000)
  from space 322112K,   2% used [0x00007eef19ad0000, 0x00007eef1a3d48c0, 0x00007eef2d560000)
  to   space 322112K,   0% used [0x00007eef2d560000, 0x00007eef2d560000, 0x00007eef40ff0000)
 tenured generation   total 6442816K, used 6442090K [0x00007ef3d1b50000, 0x00007ef55af20000, 0x00007efe7c600000)
   the space 6442816K,  99% used [0x00007ef3d1b50000, 0x00007ef55ae6abe8, 0x00007ef55ae6ac00, 0x00007ef55af20000)
 Metaspace       used 24363K, capacity 24762K, committed 24832K, reserved 26624K
}
Event: 13721.639 GC heap before
{Heap before GC invocations=21806 (full 4):
 def new generation   total 2899328K, used 2586450K [0x00007eee7c600000, 0x00007eef40ff0000, 0x00007ef3d1b50000)
  eden space 2577216K, 100% used [0x00007eee7c600000, 0x00007eef19ad0000, 0x00007eef19ad0000)
  from space 322112K,   2% used [0x00007eef19ad0000, 0x00007eef1a3d48c0, 0x00007eef2d560000)
  to   space 322112K,   0% used [0x00007eef2d560000, 0x00007eef2d560000, 0x00007eef40ff0000)
 tenured generation   total 6442816K, used 6442090K [0x00007ef3d1b50000, 0x00007ef55af20000, 0x00007efe7c600000)
   the space 6442816K,  99% used [0x00007ef3d1b50000, 0x00007ef55ae6abe8, 0x00007ef55ae6ac00, 0x00007ef55af20000)
 Metaspace       used 24363K, capacity 24762K, committed 24832K, reserved 26624K
}
Event: 13721.650 GC heap after
{Heap after GC invocations=21807 (full 4):
 def new generation   total 2899328K, used 9215K [0x00007eee7c600000, 0x00007eef40ff0000, 0x00007ef3d1b50000)
  eden space 2577216K,   0% used [0x00007eee7c600000, 0x00007eee7c600000, 0x00007eef19ad0000)
  from space 322112K,   2% used [0x00007eef2d560000, 0x00007eef2de5fcf0, 0x00007eef40ff0000)
  to   space 322112K,   0% used [0x00007eef19ad0000, 0x00007eef19ad0000, 0x00007eef2d560000)
 tenured generation   total 6442816K, used 6442711K [0x00007ef3d1b50000, 0x00007ef55af20000, 0x00007efe7c600000)
   the space 6442816K,  99% used [0x00007ef3d1b50000, 0x00007ef55af05ed0, 0x00007ef55af06000, 0x00007ef55af20000)
 Metaspace       used 24363K, capacity 24762K, committed 24832K, reserved 26624K
}
Event: 13722.973 GC heap before
{Heap before GC invocations=21807 (full 4):
 def new generation   total 2899328K, used 2586431K [0x00007eee7c600000, 0x00007eef40ff0000, 0x00007ef3d1b50000)
  eden space 2577216K, 100% used [0x00007eee7c600000, 0x00007eef19ad0000, 0x00007eef19ad0000)
  from space 322112K,   2% used [0x00007eef2d560000, 0x00007eef2de5fcf0, 0x00007eef40ff0000)
  to   space 322112K,   0% used [0x00007eef19ad0000, 0x00007eef19ad0000, 0x00007eef2d560000)
 tenured generation   total 6442816K, used 6442711K [0x00007ef3d1b50000, 0x00007ef55af20000, 0x00007efe7c600000)
   the space 6442816K,  99% used [0x00007ef3d1b50000, 0x00007ef55af05ed0, 0x00007ef55af06000, 0x00007ef55af20000)
 Metaspace       used 24363K, capacity 24762K, committed 24832K, reserved 26624K
}
Event: 13722.987 GC heap after
{Heap after GC invocations=21808 (full 4):
 def new generation   total 2899328K, used 9200K [0x00007eee7c600000, 0x00007eef40ff0000, 0x00007ef3d1b50000)
  eden space 2577216K,   0% used [0x00007eee7c600000, 0x00007eee7c600000, 0x00007eef19ad0000)
  from space 322112K,   2% used [0x00007eef19ad0000, 0x00007eef1a3cc208, 0x00007eef2d560000)
  to   space 322112K,   0% used [0x00007eef2d560000, 0x00007eef2d560000, 0x00007eef40ff0000)
 tenured generation   total 6443392K, used 6443312K [0x00007ef3d1b50000, 0x00007ef55afb0000, 0x00007efe7c600000)
   the space 6443392K,  99% used [0x00007ef3d1b50000, 0x00007ef55af9c1a0, 0x00007ef55af9c200, 0x00007ef55afb0000)
 Metaspace       used 24363K, capacity 24762K, committed 24832K, reserved 26624K
}
Event: 13722.987 GC heap before
{Heap before GC invocations=21808 (full 4):
 def new generation   total 2899328K, used 9200K [0x00007eee7c600000, 0x00007eef40ff0000, 0x00007ef3d1b50000)
  eden space 2577216K,   0% used [0x00007eee7c600000, 0x00007eee7c600000, 0x00007eef19ad0000)
  from space 322112K,   2% used [0x00007eef19ad0000, 0x00007eef1a3cc208, 0x00007eef2d560000)
  to   space 322112K,   0% used [0x00007eef2d560000, 0x00007eef2d560000, 0x00007eef40ff0000)
 tenured generation   total 6443392K, used 6443312K [0x00007ef3d1b50000, 0x00007ef55afb0000, 0x00007efe7c600000)
   the space 6443392K,  99% used [0x00007ef3d1b50000, 0x00007ef55af9c1a0, 0x00007ef55af9c200, 0x00007ef55afb0000)
 Metaspace       used 24363K, capacity 24762K, committed 24832K, reserved 26624K
}

