# JRE version: OpenJDK Runtime Environment (13.0.7+5) (build 13.0.7+5-Ubuntu-0ubuntu120.04)
# Java VM: OpenJDK 64-Bit Server VM (13.0.7+5-Ubuntu-0ubuntu120.04, mixed mode, tiered, serial gc, linux-amd64)
Heap:
 def new generation   total 629248K, used 69849K [0x00007f34e0600000, 0x00007f350b0c0000, 0x00007f3a35b50000)
  eden space 559360K,  12% used [0x00007f34e0600000, 0x00007f34e4a36440, 0x00007f3502840000)
  from space 69888K,   0% used [0x00007f3502840000, 0x00007f3502840000, 0x00007f3506c80000)
  to   space 69888K,   0% used [0x00007f3506c80000, 0x00007f3506c80000, 0x00007f350b0c0000)
 tenured generation   total 10014276K, used 10014274K [0x00007f3a35b50000, 0x00007f3c98ee1000, 0x00007f44e0600000)
   the space 10014276K,  99% used [0x00007f3a35b50000, 0x00007f3c98ee0bc0, 0x00007f3c98ee0c00, 0x00007f3c98ee1000)
 Metaspace       used 30894K, capacity 31314K, committed 31488K, reserved 32768K
GC Heap History (20 events):
Event: 15.063 GC heap after
{Heap after GC invocations=11 (full 1):
 def new generation   total 629248K, used 10224K [0x00007f34e0600000, 0x00007f350b0c0000, 0x00007f3a35b50000)
  eden space 559360K,   0% used [0x00007f34e0600000, 0x00007f34e0600000, 0x00007f3502840000)
  from space 69888K,  14% used [0x00007f3502840000, 0x00007f350323c168, 0x00007f3506c80000)
  to   space 69888K,   0% used [0x00007f3506c80000, 0x00007f3506c80000, 0x00007f350b0c0000)
 tenured generation   total 1398144K, used 14103K [0x00007f3a35b50000, 0x00007f3a8b0b0000, 0x00007f44e0600000)
   the space 1398144K,   1% used [0x00007f3a35b50000, 0x00007f3a36915c40, 0x00007f3a36915e00, 0x00007f3a8b0b0000)
 Metaspace       used 30892K, capacity 31314K, committed 31488K, reserved 32768K
}
Event: 16.133 GC heap before
{Heap before GC invocations=11 (full 1):
 def new generation   total 629248K, used 569584K [0x00007f34e0600000, 0x00007f350b0c0000, 0x00007f3a35b50000)
  eden space 559360K, 100% used [0x00007f34e0600000, 0x00007f3502840000, 0x00007f3502840000)
  from space 69888K,  14% used [0x00007f3502840000, 0x00007f350323c168, 0x00007f3506c80000)
  to   space 69888K,   0% used [0x00007f3506c80000, 0x00007f3506c80000, 0x00007f350b0c0000)
 tenured generation   total 1398144K, used 14103K [0x00007f3a35b50000, 0x00007f3a8b0b0000, 0x00007f44e0600000)
   the space 1398144K,   1% used [0x00007f3a35b50000, 0x00007f3a36915c40, 0x00007f3a36915e00, 0x00007f3a8b0b0000)
 Metaspace       used 30892K, capacity 31314K, committed 31488K, reserved 32768K
}
Event: 16.139 GC heap after
{Heap after GC invocations=12 (full 1):
 def new generation   total 629248K, used 10024K [0x00007f34e0600000, 0x00007f350b0c0000, 0x00007f3a35b50000)
  eden space 559360K,   0% used [0x00007f34e0600000, 0x00007f34e0600000, 0x00007f3502840000)
  from space 69888K,  14% used [0x00007f3506c80000, 0x00007f350764a260, 0x00007f350b0c0000)
  to   space 69888K,   0% used [0x00007f3502840000, 0x00007f3502840000, 0x00007f3506c80000)
 tenured generation   total 1398144K, used 14103K [0x00007f3a35b50000, 0x00007f3a8b0b0000, 0x00007f44e0600000)
   the space 1398144K,   1% used [0x00007f3a35b50000, 0x00007f3a36915c40, 0x00007f3a36915e00, 0x00007f3a8b0b0000)
 Metaspace       used 30892K, capacity 31314K, committed 31488K, reserved 32768K
}
Event: 17.117 GC heap before
{Heap before GC invocations=12 (full 1):
 def new generation   total 629248K, used 569384K [0x00007f34e0600000, 0x00007f350b0c0000, 0x00007f3a35b50000)
  eden space 559360K, 100% used [0x00007f34e0600000, 0x00007f3502840000, 0x00007f3502840000)
  from space 69888K,  14% used [0x00007f3506c80000, 0x00007f350764a260, 0x00007f350b0c0000)
  to   space 69888K,   0% used [0x00007f3502840000, 0x00007f3502840000, 0x00007f3506c80000)
 tenured generation   total 1398144K, used 14103K [0x00007f3a35b50000, 0x00007f3a8b0b0000, 0x00007f44e0600000)
   the space 1398144K,   1% used [0x00007f3a35b50000, 0x00007f3a36915c40, 0x00007f3a36915e00, 0x00007f3a8b0b0000)
 Metaspace       used 30892K, capacity 31314K, committed 31488K, reserved 32768K
}
Event: 17.123 GC heap after
{Heap after GC invocations=13 (full 1):
 def new generation   total 629248K, used 10245K [0x00007f34e0600000, 0x00007f350b0c0000, 0x00007f3a35b50000)
  eden space 559360K,   0% used [0x00007f34e0600000, 0x00007f34e0600000, 0x00007f3502840000)
  from space 69888K,  14% used [0x00007f3502840000, 0x00007f35032414a0, 0x00007f3506c80000)
  to   space 69888K,   0% used [0x00007f3506c80000, 0x00007f3506c80000, 0x00007f350b0c0000)
 tenured generation   total 1398144K, used 14103K [0x00007f3a35b50000, 0x00007f3a8b0b0000, 0x00007f44e0600000)
   the space 1398144K,   1% used [0x00007f3a35b50000, 0x00007f3a36915c40, 0x00007f3a36915e00, 0x00007f3a8b0b0000)
 Metaspace       used 30892K, capacity 31314K, committed 31488K, reserved 32768K
}
Event: 17.938 GC heap before
{Heap before GC invocations=13 (full 1):
 def new generation   total 629248K, used 569605K [0x00007f34e0600000, 0x00007f350b0c0000, 0x00007f3a35b50000)
  eden space 559360K, 100% used [0x00007f34e0600000, 0x00007f3502840000, 0x00007f3502840000)
  from space 69888K,  14% used [0x00007f3502840000, 0x00007f35032414a0, 0x00007f3506c80000)
  to   space 69888K,   0% used [0x00007f3506c80000, 0x00007f3506c80000, 0x00007f350b0c0000)
 tenured generation   total 1398144K, used 14103K [0x00007f3a35b50000, 0x00007f3a8b0b0000, 0x00007f44e0600000)
   the space 1398144K,   1% used [0x00007f3a35b50000, 0x00007f3a36915c40, 0x00007f3a36915e00, 0x00007f3a8b0b0000)
 Metaspace       used 30894K, capacity 31314K, committed 31488K, reserved 32768K
}
Event: 17.945 GC heap after
{Heap after GC invocations=14 (full 1):
 def new generation   total 629248K, used 10264K [0x00007f34e0600000, 0x00007f350b0c0000, 0x00007f3a35b50000)
  eden space 559360K,   0% used [0x00007f34e0600000, 0x00007f34e0600000, 0x00007f3502840000)
  from space 69888K,  14% used [0x00007f3506c80000, 0x00007f35076860a0, 0x00007f350b0c0000)
  to   space 69888K,   0% used [0x00007f3502840000, 0x00007f3502840000, 0x00007f3506c80000)
 tenured generation   total 1398144K, used 14103K [0x00007f3a35b50000, 0x00007f3a8b0b0000, 0x00007f44e0600000)
   the space 1398144K,   1% used [0x00007f3a35b50000, 0x00007f3a36915c40, 0x00007f3a36915e00, 0x00007f3a8b0b0000)
 Metaspace       used 30894K, capacity 31314K, committed 31488K, reserved 32768K
}
Event: 18.422 GC heap before
{Heap before GC invocations=14 (full 1):
 def new generation   total 629248K, used 569624K [0x00007f34e0600000, 0x00007f350b0c0000, 0x00007f3a35b50000)
  eden space 559360K, 100% used [0x00007f34e0600000, 0x00007f3502840000, 0x00007f3502840000)
  from space 69888K,  14% used [0x00007f3506c80000, 0x00007f35076860a0, 0x00007f350b0c0000)
  to   space 69888K,   0% used [0x00007f3502840000, 0x00007f3502840000, 0x00007f3506c80000)
 tenured generation   total 1398144K, used 14103K [0x00007f3a35b50000, 0x00007f3a8b0b0000, 0x00007f44e0600000)
   the space 1398144K,   1% used [0x00007f3a35b50000, 0x00007f3a36915c40, 0x00007f3a36915e00, 0x00007f3a8b0b0000)
 Metaspace       used 30894K, capacity 31314K, committed 31488K, reserved 32768K
}
Event: 18.426 GC heap after
{Heap after GC invocations=15 (full 1):
 def new generation   total 629248K, used 4463K [0x00007f34e0600000, 0x00007f350b0c0000, 0x00007f3a35b50000)
  eden space 559360K,   0% used [0x00007f34e0600000, 0x00007f34e0600000, 0x00007f3502840000)
  from space 69888K,   6% used [0x00007f3502840000, 0x00007f3502c9bcb8, 0x00007f3506c80000)
  to   space 69888K,   0% used [0x00007f3506c80000, 0x00007f3506c80000, 0x00007f350b0c0000)
 tenured generation   total 1398144K, used 14103K [0x00007f3a35b50000, 0x00007f3a8b0b0000, 0x00007f44e0600000)
   the space 1398144K,   1% used [0x00007f3a35b50000, 0x00007f3a36915c40, 0x00007f3a36915e00, 0x00007f3a8b0b0000)
 Metaspace       used 30894K, capacity 31314K, committed 31488K, reserved 32768K
}
Event: 18.469 GC heap before
{Heap before GC invocations=15 (full 1):
 def new generation   total 629248K, used 104407K [0x00007f34e0600000, 0x00007f350b0c0000, 0x00007f3a35b50000)
  eden space 559360K,  17% used [0x00007f34e0600000, 0x00007f34e679a0c0, 0x00007f3502840000)
  from space 69888K,   6% used [0x00007f3502840000, 0x00007f3502c9bcb8, 0x00007f3506c80000)
  to   space 69888K,   0% used [0x00007f3506c80000, 0x00007f3506c80000, 0x00007f350b0c0000)
 tenured generation   total 1398144K, used 14103K [0x00007f3a35b50000, 0x00007f3a8b0b0000, 0x00007f44e0600000)
   the space 1398144K,   1% used [0x00007f3a35b50000, 0x00007f3a36915c40, 0x00007f3a36915e00, 0x00007f3a8b0b0000)
 Metaspace       used 30894K, capacity 31314K, committed 31488K, reserved 32768K
}
Event: 18.473 GC heap after
{Heap after GC invocations=16 (full 1):
 def new generation   total 629248K, used 3597K [0x00007f34e0600000, 0x00007f350b0c0000, 0x00007f3a35b50000)
  eden space 559360K,   0% used [0x00007f34e0600000, 0x00007f34e0600000, 0x00007f3502840000)
  from space 69888K,   5% used [0x00007f3506c80000, 0x00007f3507003710, 0x00007f350b0c0000)
  to   space 69888K,   0% used [0x00007f3502840000, 0x00007f3502840000, 0x00007f3506c80000)
 tenured generation   total 1398144K, used 14103K [0x00007f3a35b50000, 0x00007f3a8b0b0000, 0x00007f44e0600000)
   the space 1398144K,   1% used [0x00007f3a35b50000, 0x00007f3a36915c40, 0x00007f3a36915e00, 0x00007f3a8b0b0000)
 Metaspace       used 30894K, capacity 31314K, committed 31488K, reserved 32768K
}
Event: 18.473 GC heap before
{Heap before GC invocations=16 (full 1):
 def new generation   total 629248K, used 3597K [0x00007f34e0600000, 0x00007f350b0c0000, 0x00007f3a35b50000)
  eden space 559360K,   0% used [0x00007f34e0600000, 0x00007f34e0600000, 0x00007f3502840000)
  from space 69888K,   5% used [0x00007f3506c80000, 0x00007f3507003710, 0x00007f350b0c0000)
  to   space 69888K,   0% used [0x00007f3502840000, 0x00007f3502840000, 0x00007f3506c80000)
 tenured generation   total 1398144K, used 14103K [0x00007f3a35b50000, 0x00007f3a8b0b0000, 0x00007f44e0600000)
   the space 1398144K,   1% used [0x00007f3a35b50000, 0x00007f3a36915c40, 0x00007f3a36915e00, 0x00007f3a8b0b0000)
 Metaspace       used 30894K, capacity 31314K, committed 31488K, reserved 32768K
}
Event: 18.498 GC heap after
{Heap after GC invocations=16 (full 2):
 def new generation   total 629248K, used 0K [0x00007f34e0600000, 0x00007f350b0c0000, 0x00007f3a35b50000)
  eden space 559360K,   0% used [0x00007f34e0600000, 0x00007f34e0600000, 0x00007f3502840000)
  from space 69888K,   0% used [0x00007f3506c80000, 0x00007f3506c80000, 0x00007f350b0c0000)
  to   space 69888K,   0% used [0x00007f3502840000, 0x00007f3502840000, 0x00007f3506c80000)
 tenured generation   total 1398144K, used 17689K [0x00007f3a35b50000, 0x00007f3a8b0b0000, 0x00007f44e0600000)
   the space 1398144K,   1% used [0x00007f3a35b50000, 0x00007f3a36c966c8, 0x00007f3a36c96800, 0x00007f3a8b0b0000)
 Metaspace       used 30894K, capacity 31314K, committed 31488K, reserved 32768K
}
Event: 20.750 GC heap before
{Heap before GC invocations=16 (full 2):
 def new generation   total 629248K, used 559360K [0x00007f34e0600000, 0x00007f350b0c0000, 0x00007f3a35b50000)
  eden space 559360K, 100% used [0x00007f34e0600000, 0x00007f3502840000, 0x00007f3502840000)
  from space 69888K,   0% used [0x00007f3506c80000, 0x00007f3506c80000, 0x00007f350b0c0000)
  to   space 69888K,   0% used [0x00007f3502840000, 0x00007f3502840000, 0x00007f3506c80000)
 tenured generation   total 9786756K, used 8406297K [0x00007f3a35b50000, 0x00007f3c8b0b1000, 0x00007f44e0600000)
   the space 9786756K,  85% used [0x00007f3a35b50000, 0x00007f3c36c966e0, 0x00007f3c36c96800, 0x00007f3c8b0b1000)
 Metaspace       used 30894K, capacity 31314K, committed 31488K, reserved 32768K
}
Event: 20.990 GC heap after
{Heap after GC invocations=17 (full 2):
 def new generation   total 629248K, used 69887K [0x00007f34e0600000, 0x00007f350b0c0000, 0x00007f3a35b50000)
  eden space 559360K,   0% used [0x00007f34e0600000, 0x00007f34e0600000, 0x00007f3502840000)
  from space 69888K,  99% used [0x00007f3502840000, 0x00007f3506c7fe08, 0x00007f3506c80000)
  to   space 69888K,   0% used [0x00007f3506c80000, 0x00007f3506c80000, 0x00007f350b0c0000)
 tenured generation   total 9786756K, used 8895718K [0x00007f3a35b50000, 0x00007f3c8b0b1000, 0x00007f44e0600000)
   the space 9786756K,  90% used [0x00007f3a35b50000, 0x00007f3c54a89ac0, 0x00007f3c54a89c00, 0x00007f3c8b0b1000)
 Metaspace       used 30894K, capacity 31314K, committed 31488K, reserved 32768K
}
Event: 21.071 GC heap before
{Heap before GC invocations=17 (full 2):
 def new generation   total 629248K, used 629247K [0x00007f34e0600000, 0x00007f350b0c0000, 0x00007f3a35b50000)
  eden space 559360K, 100% used [0x00007f34e0600000, 0x00007f3502840000, 0x00007f3502840000)
  from space 69888K,  99% used [0x00007f3502840000, 0x00007f3506c7fe08, 0x00007f3506c80000)
  to   space 69888K,   0% used [0x00007f3506c80000, 0x00007f3506c80000, 0x00007f350b0c0000)
 tenured generation   total 9786756K, used 8895718K [0x00007f3a35b50000, 0x00007f3c8b0b1000, 0x00007f44e0600000)
   the space 9786756K,  90% used [0x00007f3a35b50000, 0x00007f3c54a89ac0, 0x00007f3c54a89c00, 0x00007f3c8b0b1000)
 Metaspace       used 30894K, capacity 31314K, committed 31488K, reserved 32768K
}
Event: 21.336 GC heap after
{Heap after GC invocations=18 (full 2):
 def new generation   total 629248K, used 69887K [0x00007f34e0600000, 0x00007f350b0c0000, 0x00007f3a35b50000)
  eden space 559360K,   0% used [0x00007f34e0600000, 0x00007f34e0600000, 0x00007f3502840000)
  from space 69888K,  99% used [0x00007f3506c80000, 0x00007f350b0bfe08, 0x00007f350b0c0000)
  to   space 69888K,   0% used [0x00007f3502840000, 0x00007f3502840000, 0x00007f3506c80000)
 tenured generation   total 9786756K, used 9454980K [0x00007f3a35b50000, 0x00007f3c8b0b1000, 0x00007f44e0600000)
   the space 9786756K,  96% used [0x00007f3a35b50000, 0x00007f3c76cb1280, 0x00007f3c76cb1400, 0x00007f3c8b0b1000)
 Metaspace       used 30894K, capacity 31314K, committed 31488K, reserved 32768K
}
Event: 21.417 GC heap before
{Heap before GC invocations=18 (full 2):
 def new generation   total 629248K, used 629247K [0x00007f34e0600000, 0x00007f350b0c0000, 0x00007f3a35b50000)
  eden space 559360K, 100% used [0x00007f34e0600000, 0x00007f3502840000, 0x00007f3502840000)
  from space 69888K,  99% used [0x00007f3506c80000, 0x00007f350b0bfe08, 0x00007f350b0c0000)
  to   space 69888K,   0% used [0x00007f3502840000, 0x00007f3502840000, 0x00007f3506c80000)
 tenured generation   total 9786756K, used 9454980K [0x00007f3a35b50000, 0x00007f3c8b0b1000, 0x00007f44e0600000)
   the space 9786756K,  96% used [0x00007f3a35b50000, 0x00007f3c76cb1280, 0x00007f3c76cb1400, 0x00007f3c8b0b1000)
 Metaspace       used 30894K, capacity 31314K, committed 31488K, reserved 32768K
}
Event: 21.674 GC heap after
{Heap after GC invocations=19 (full 2):
 def new generation   total 629248K, used 69887K [0x00007f34e0600000, 0x00007f350b0c0000, 0x00007f3a35b50000)
  eden space 559360K,   0% used [0x00007f34e0600000, 0x00007f34e0600000, 0x00007f3502840000)
  from space 69888K,  99% used [0x00007f3502840000, 0x00007f3506c7fe08, 0x00007f3506c80000)
  to   space 69888K,   0% used [0x00007f3506c80000, 0x00007f3506c80000, 0x00007f350b0c0000)
 tenured generation   total 10014276K, used 10014236K [0x00007f3a35b50000, 0x00007f3c98ee1000, 0x00007f44e0600000)
   the space 10014276K,  99% used [0x00007f3a35b50000, 0x00007f3c98ed71f8, 0x00007f3c98ed7200, 0x00007f3c98ee1000)
 Metaspace       used 30894K, capacity 31314K, committed 31488K, reserved 32768K
}
Event: 21.674 GC heap before
{Heap before GC invocations=19 (full 2):
 def new generation   total 629248K, used 69887K [0x00007f34e0600000, 0x00007f350b0c0000, 0x00007f3a35b50000)
  eden space 559360K,   0% used [0x00007f34e0600000, 0x00007f34e0600000, 0x00007f3502840000)
  from space 69888K,  99% used [0x00007f3502840000, 0x00007f3506c7fe08, 0x00007f3506c80000)
  to   space 69888K,   0% used [0x00007f3506c80000, 0x00007f3506c80000, 0x00007f350b0c0000)
 tenured generation   total 10014276K, used 10014236K [0x00007f3a35b50000, 0x00007f3c98ee1000, 0x00007f44e0600000)
   the space 10014276K,  99% used [0x00007f3a35b50000, 0x00007f3c98ed71f8, 0x00007f3c98ed7200, 0x00007f3c98ee1000)
 Metaspace       used 30894K, capacity 31314K, committed 31488K, reserved 32768K
}

