# JRE version: OpenJDK Runtime Environment (13.0.7+5) (build 13.0.7+5-Ubuntu-0ubuntu120.04)
# Java VM: OpenJDK 64-Bit Server VM (13.0.7+5-Ubuntu-0ubuntu120.04, mixed mode, tiered, compressed oops, serial gc, linux-amd64)
Heap:
 def new generation   total 2578496K, used 0K [0x0000000080200000, 0x000000012efd0000, 0x0000000300150000)
  eden space 2292032K,   0% used [0x0000000080200000, 0x0000000080200000, 0x000000010c050000)
  from space 286464K,   0% used [0x000000010c050000, 0x000000010c050000, 0x000000011d810000)
  to   space 286464K,   0% used [0x000000011d810000, 0x000000011d810000, 0x000000012efd0000)
 tenured generation   total 5746284K, used 3885002K [0x0000000300150000, 0x000000045eceb000, 0x0000000800000000)
   the space 5746284K,  67% used [0x0000000300150000, 0x00000003ed342928, 0x00000003ed342a00, 0x000000045eceb000)
 Metaspace       used 22701K, capacity 23231K, committed 23424K, reserved 1071104K
  class space    used 2354K, capacity 2568K, committed 2688K, reserved 1048576K
GC Heap History (20 events):
Event: 1001.818 GC heap after
{Heap after GC invocations=785 (full 25):
 def new generation   total 2578496K, used 193995K [0x0000000080200000, 0x000000012efd0000, 0x0000000300150000)
  eden space 2292032K,   0% used [0x0000000080200000, 0x0000000080200000, 0x000000010c050000)
  from space 286464K,  67% used [0x000000011d810000, 0x0000000129582e68, 0x000000012efd0000)
  to   space 286464K,   0% used [0x000000010c050000, 0x000000010c050000, 0x000000011d810000)
 tenured generation   total 5729896K, used 5654296K [0x0000000300150000, 0x000000045dcea000, 0x0000000800000000)
   the space 5729896K,  98% used [0x0000000300150000, 0x0000000459316010, 0x0000000459316200, 0x000000045dcea000)
 Metaspace       used 22701K, capacity 23231K, committed 23424K, reserved 1071104K
  class space    used 2354K, capacity 2568K, committed 2688K, reserved 1048576K
}
Event: 1003.568 GC heap before
{Heap before GC invocations=785 (full 25):
 def new generation   total 2578496K, used 2486027K [0x0000000080200000, 0x000000012efd0000, 0x0000000300150000)
  eden space 2292032K, 100% used [0x0000000080200000, 0x000000010c050000, 0x000000010c050000)
  from space 286464K,  67% used [0x000000011d810000, 0x0000000129582e68, 0x000000012efd0000)
  to   space 286464K,   0% used [0x000000010c050000, 0x000000010c050000, 0x000000011d810000)
 tenured generation   total 5729896K, used 5654296K [0x0000000300150000, 0x000000045dcea000, 0x0000000800000000)
   the space 5729896K,  98% used [0x0000000300150000, 0x0000000459316010, 0x0000000459316200, 0x000000045dcea000)
 Metaspace       used 22701K, capacity 23231K, committed 23424K, reserved 1071104K
  class space    used 2354K, capacity 2568K, committed 2688K, reserved 1048576K
}
Event: 1003.618 GC heap after
{Heap after GC invocations=786 (full 25):
 def new generation   total 2578496K, used 59805K [0x0000000080200000, 0x000000012efd0000, 0x0000000300150000)
  eden space 2292032K,   0% used [0x0000000080200000, 0x0000000080200000, 0x000000010c050000)
  from space 286464K,  20% used [0x000000010c050000, 0x000000010fab7590, 0x000000011d810000)
  to   space 286464K,   0% used [0x000000011d810000, 0x000000011d810000, 0x000000012efd0000)
 tenured generation   total 5729896K, used 5671246K [0x0000000300150000, 0x000000045dcea000, 0x0000000800000000)
   the space 5729896K,  98% used [0x0000000300150000, 0x000000045a3a3be0, 0x000000045a3a3c00, 0x000000045dcea000)
 Metaspace       used 22701K, capacity 23231K, committed 23424K, reserved 1071104K
  class space    used 2354K, capacity 2568K, committed 2688K, reserved 1048576K
}
Event: 1005.373 GC heap before
{Heap before GC invocations=786 (full 25):
 def new generation   total 2578496K, used 2351837K [0x0000000080200000, 0x000000012efd0000, 0x0000000300150000)
  eden space 2292032K, 100% used [0x0000000080200000, 0x000000010c050000, 0x000000010c050000)
  from space 286464K,  20% used [0x000000010c050000, 0x000000010fab7590, 0x000000011d810000)
  to   space 286464K,   0% used [0x000000011d810000, 0x000000011d810000, 0x000000012efd0000)
 tenured generation   total 5729896K, used 5671246K [0x0000000300150000, 0x000000045dcea000, 0x0000000800000000)
   the space 5729896K,  98% used [0x0000000300150000, 0x000000045a3a3be0, 0x000000045a3a3c00, 0x000000045dcea000)
 Metaspace       used 22701K, capacity 23231K, committed 23424K, reserved 1071104K
  class space    used 2354K, capacity 2568K, committed 2688K, reserved 1048576K
}
Event: 1005.503 GC heap after
{Heap after GC invocations=787 (full 25):
 def new generation   total 2578496K, used 196586K [0x0000000080200000, 0x000000012efd0000, 0x0000000300150000)
  eden space 2292032K,   0% used [0x0000000080200000, 0x0000000080200000, 0x000000010c050000)
  from space 286464K,  68% used [0x000000011d810000, 0x000000012980a8d0, 0x000000012efd0000)
  to   space 286464K,   0% used [0x000000010c050000, 0x000000010c050000, 0x000000011d810000)
 tenured generation   total 5729896K, used 5671246K [0x0000000300150000, 0x000000045dcea000, 0x0000000800000000)
   the space 5729896K,  98% used [0x0000000300150000, 0x000000045a3a3be0, 0x000000045a3a3c00, 0x000000045dcea000)
 Metaspace       used 22701K, capacity 23231K, committed 23424K, reserved 1071104K
  class space    used 2354K, capacity 2568K, committed 2688K, reserved 1048576K
}
Event: 1007.215 GC heap before
{Heap before GC invocations=787 (full 25):
 def new generation   total 2578496K, used 2488618K [0x0000000080200000, 0x000000012efd0000, 0x0000000300150000)
  eden space 2292032K, 100% used [0x0000000080200000, 0x000000010c050000, 0x000000010c050000)
  from space 286464K,  68% used [0x000000011d810000, 0x000000012980a8d0, 0x000000012efd0000)
  to   space 286464K,   0% used [0x000000010c050000, 0x000000010c050000, 0x000000011d810000)
 tenured generation   total 5729896K, used 5671246K [0x0000000300150000, 0x000000045dcea000, 0x0000000800000000)
   the space 5729896K,  98% used [0x0000000300150000, 0x000000045a3a3be0, 0x000000045a3a3c00, 0x000000045dcea000)
 Metaspace       used 22701K, capacity 23231K, committed 23424K, reserved 1071104K
  class space    used 2354K, capacity 2568K, committed 2688K, reserved 1048576K
}
Event: 1007.263 GC heap after
{Heap after GC invocations=788 (full 25):
 def new generation   total 2578496K, used 62392K [0x0000000080200000, 0x000000012efd0000, 0x0000000300150000)
  eden space 2292032K,   0% used [0x0000000080200000, 0x0000000080200000, 0x000000010c050000)
  from space 286464K,  21% used [0x000000010c050000, 0x000000010fd3e1f8, 0x000000011d810000)
  to   space 286464K,   0% used [0x000000011d810000, 0x000000011d810000, 0x000000012efd0000)
 tenured generation   total 5729896K, used 5688197K [0x0000000300150000, 0x000000045dcea000, 0x0000000800000000)
   the space 5729896K,  99% used [0x0000000300150000, 0x000000045b4317b0, 0x000000045b431800, 0x000000045dcea000)
 Metaspace       used 22701K, capacity 23231K, committed 23424K, reserved 1071104K
  class space    used 2354K, capacity 2568K, committed 2688K, reserved 1048576K
}
Event: 1009.040 GC heap before
{Heap before GC invocations=788 (full 25):
 def new generation   total 2578496K, used 2354424K [0x0000000080200000, 0x000000012efd0000, 0x0000000300150000)
  eden space 2292032K, 100% used [0x0000000080200000, 0x000000010c050000, 0x000000010c050000)
  from space 286464K,  21% used [0x000000010c050000, 0x000000010fd3e1f8, 0x000000011d810000)
  to   space 286464K,   0% used [0x000000011d810000, 0x000000011d810000, 0x000000012efd0000)
 tenured generation   total 5729896K, used 5688197K [0x0000000300150000, 0x000000045dcea000, 0x0000000800000000)
   the space 5729896K,  99% used [0x0000000300150000, 0x000000045b4317b0, 0x000000045b431800, 0x000000045dcea000)
 Metaspace       used 22701K, capacity 23231K, committed 23424K, reserved 1071104K
  class space    used 2354K, capacity 2568K, committed 2688K, reserved 1048576K
}
Event: 1009.160 GC heap after
{Heap after GC invocations=789 (full 25):
 def new generation   total 2578496K, used 199679K [0x0000000080200000, 0x000000012efd0000, 0x0000000300150000)
  eden space 2292032K,   0% used [0x0000000080200000, 0x0000000080200000, 0x000000010c050000)
  from space 286464K,  69% used [0x000000011d810000, 0x0000000129b0ffd8, 0x000000012efd0000)
  to   space 286464K,   0% used [0x000000010c050000, 0x000000010c050000, 0x000000011d810000)
 tenured generation   total 5729896K, used 5688197K [0x0000000300150000, 0x000000045dcea000, 0x0000000800000000)
   the space 5729896K,  99% used [0x0000000300150000, 0x000000045b4317b0, 0x000000045b431800, 0x000000045dcea000)
 Metaspace       used 22701K, capacity 23231K, committed 23424K, reserved 1071104K
  class space    used 2354K, capacity 2568K, committed 2688K, reserved 1048576K
}
Event: 1010.925 GC heap before
{Heap before GC invocations=789 (full 25):
 def new generation   total 2578496K, used 2491711K [0x0000000080200000, 0x000000012efd0000, 0x0000000300150000)
  eden space 2292032K, 100% used [0x0000000080200000, 0x000000010c050000, 0x000000010c050000)
  from space 286464K,  69% used [0x000000011d810000, 0x0000000129b0ffd8, 0x000000012efd0000)
  to   space 286464K,   0% used [0x000000010c050000, 0x000000010c050000, 0x000000011d810000)
 tenured generation   total 5729896K, used 5688197K [0x0000000300150000, 0x000000045dcea000, 0x0000000800000000)
   the space 5729896K,  99% used [0x0000000300150000, 0x000000045b4317b0, 0x000000045b431800, 0x000000045dcea000)
 Metaspace       used 22701K, capacity 23231K, committed 23424K, reserved 1071104K
  class space    used 2354K, capacity 2568K, committed 2688K, reserved 1048576K
}
Event: 1010.985 GC heap after
{Heap after GC invocations=790 (full 25):
 def new generation   total 2578496K, used 64973K [0x0000000080200000, 0x000000012efd0000, 0x0000000300150000)
  eden space 2292032K,   0% used [0x0000000080200000, 0x0000000080200000, 0x000000010c050000)
  from space 286464K,  22% used [0x000000010c050000, 0x000000010ffc3630, 0x000000011d810000)
  to   space 286464K,   0% used [0x000000011d810000, 0x000000011d810000, 0x000000012efd0000)
 tenured generation   total 5729896K, used 5705148K [0x0000000300150000, 0x000000045dcea000, 0x0000000800000000)
   the space 5729896K,  99% used [0x0000000300150000, 0x000000045c4bf380, 0x000000045c4bf400, 0x000000045dcea000)
 Metaspace       used 22701K, capacity 23231K, committed 23424K, reserved 1071104K
  class space    used 2354K, capacity 2568K, committed 2688K, reserved 1048576K
}
Event: 1012.760 GC heap before
{Heap before GC invocations=790 (full 25):
 def new generation   total 2578496K, used 2357005K [0x0000000080200000, 0x000000012efd0000, 0x0000000300150000)
  eden space 2292032K, 100% used [0x0000000080200000, 0x000000010c050000, 0x000000010c050000)
  from space 286464K,  22% used [0x000000010c050000, 0x000000010ffc3630, 0x000000011d810000)
  to   space 286464K,   0% used [0x000000011d810000, 0x000000011d810000, 0x000000012efd0000)
 tenured generation   total 5729896K, used 5705148K [0x0000000300150000, 0x000000045dcea000, 0x0000000800000000)
   the space 5729896K,  99% used [0x0000000300150000, 0x000000045c4bf380, 0x000000045c4bf400, 0x000000045dcea000)
 Metaspace       used 22701K, capacity 23231K, committed 23424K, reserved 1071104K
  class space    used 2354K, capacity 2568K, committed 2688K, reserved 1048576K
}
Event: 1012.867 GC heap after
{Heap after GC invocations=791 (full 25):
 def new generation   total 2578496K, used 201758K [0x0000000080200000, 0x000000012efd0000, 0x0000000300150000)
  eden space 2292032K,   0% used [0x0000000080200000, 0x0000000080200000, 0x000000010c050000)
  from space 286464K,  70% used [0x000000011d810000, 0x0000000129d17a10, 0x000000012efd0000)
  to   space 286464K,   0% used [0x000000010c050000, 0x000000010c050000, 0x000000011d810000)
 tenured generation   total 5729896K, used 5705148K [0x0000000300150000, 0x000000045dcea000, 0x0000000800000000)
   the space 5729896K,  99% used [0x0000000300150000, 0x000000045c4bf380, 0x000000045c4bf400, 0x000000045dcea000)
 Metaspace       used 22701K, capacity 23231K, committed 23424K, reserved 1071104K
  class space    used 2354K, capacity 2568K, committed 2688K, reserved 1048576K
}
Event: 1014.631 GC heap before
{Heap before GC invocations=791 (full 25):
 def new generation   total 2578496K, used 2493790K [0x0000000080200000, 0x000000012efd0000, 0x0000000300150000)
  eden space 2292032K, 100% used [0x0000000080200000, 0x000000010c050000, 0x000000010c050000)
  from space 286464K,  70% used [0x000000011d810000, 0x0000000129d17a10, 0x000000012efd0000)
  to   space 286464K,   0% used [0x000000010c050000, 0x000000010c050000, 0x000000011d810000)
 tenured generation   total 5729896K, used 5705148K [0x0000000300150000, 0x000000045dcea000, 0x0000000800000000)
   the space 5729896K,  99% used [0x0000000300150000, 0x000000045c4bf380, 0x000000045c4bf400, 0x000000045dcea000)
 Metaspace       used 22701K, capacity 23231K, committed 23424K, reserved 1071104K
  class space    used 2354K, capacity 2568K, committed 2688K, reserved 1048576K
}
Event: 1014.697 GC heap after
{Heap after GC invocations=792 (full 25):
 def new generation   total 2578496K, used 67052K [0x0000000080200000, 0x000000012efd0000, 0x0000000300150000)
  eden space 2292032K,   0% used [0x0000000080200000, 0x0000000080200000, 0x000000010c050000)
  from space 286464K,  23% used [0x000000010c050000, 0x00000001101cb000, 0x000000011d810000)
  to   space 286464K,   0% used [0x000000011d810000, 0x000000011d810000, 0x000000012efd0000)
 tenured generation   total 5729896K, used 5722099K [0x0000000300150000, 0x000000045dcea000, 0x0000000800000000)
   the space 5729896K,  99% used [0x0000000300150000, 0x000000045d54cf50, 0x000000045d54d000, 0x000000045dcea000)
 Metaspace       used 22701K, capacity 23231K, committed 23424K, reserved 1071104K
  class space    used 2354K, capacity 2568K, committed 2688K, reserved 1048576K
}
Event: 1016.506 GC heap before
{Heap before GC invocations=792 (full 25):
 def new generation   total 2578496K, used 2359084K [0x0000000080200000, 0x000000012efd0000, 0x0000000300150000)
  eden space 2292032K, 100% used [0x0000000080200000, 0x000000010c050000, 0x000000010c050000)
  from space 286464K,  23% used [0x000000010c050000, 0x00000001101cb000, 0x000000011d810000)
  to   space 286464K,   0% used [0x000000011d810000, 0x000000011d810000, 0x000000012efd0000)
 tenured generation   total 5729896K, used 5722099K [0x0000000300150000, 0x000000045dcea000, 0x0000000800000000)
   the space 5729896K,  99% used [0x0000000300150000, 0x000000045d54cf50, 0x000000045d54d000, 0x000000045dcea000)
 Metaspace       used 22701K, capacity 23231K, committed 23424K, reserved 1071104K
  class space    used 2354K, capacity 2568K, committed 2688K, reserved 1048576K
}
Event: 1016.666 GC heap after
{Heap after GC invocations=793 (full 25):
 def new generation   total 2578496K, used 203844K [0x0000000080200000, 0x000000012efd0000, 0x0000000300150000)
  eden space 2292032K,   0% used [0x0000000080200000, 0x0000000080200000, 0x000000010c050000)
  from space 286464K,  71% used [0x000000011d810000, 0x0000000129f21278, 0x000000012efd0000)
  to   space 286464K,   0% used [0x000000010c050000, 0x000000010c050000, 0x000000011d810000)
 tenured generation   total 5729896K, used 5722099K [0x0000000300150000, 0x000000045dcea000, 0x0000000800000000)
   the space 5729896K,  99% used [0x0000000300150000, 0x000000045d54cf50, 0x000000045d54d000, 0x000000045dcea000)
 Metaspace       used 22701K, capacity 23231K, committed 23424K, reserved 1071104K
  class space    used 2354K, capacity 2568K, committed 2688K, reserved 1048576K
}
Event: 1018.466 GC heap before
{Heap before GC invocations=793 (full 25):
 def new generation   total 2578496K, used 2495876K [0x0000000080200000, 0x000000012efd0000, 0x0000000300150000)
  eden space 2292032K, 100% used [0x0000000080200000, 0x000000010c050000, 0x000000010c050000)
  from space 286464K,  71% used [0x000000011d810000, 0x0000000129f21278, 0x000000012efd0000)
  to   space 286464K,   0% used [0x000000010c050000, 0x000000010c050000, 0x000000011d810000)
 tenured generation   total 5729896K, used 5722099K [0x0000000300150000, 0x000000045dcea000, 0x0000000800000000)
   the space 5729896K,  99% used [0x0000000300150000, 0x000000045d54cf50, 0x000000045d54d000, 0x000000045dcea000)
 Metaspace       used 22701K, capacity 23231K, committed 23424K, reserved 1071104K
  class space    used 2354K, capacity 2568K, committed 2688K, reserved 1048576K
}
Event: 1018.556 GC heap after
{Heap after GC invocations=794 (full 25):
 def new generation   total 2578496K, used 69654K [0x0000000080200000, 0x000000012efd0000, 0x0000000300150000)
  eden space 2292032K,   0% used [0x0000000080200000, 0x0000000080200000, 0x000000010c050000)
  from space 286464K,  24% used [0x000000010c050000, 0x0000000110455810, 0x000000011d810000)
  to   space 286464K,   0% used [0x000000011d810000, 0x000000011d810000, 0x000000012efd0000)
 tenured generation   total 5746284K, used 5739050K [0x0000000300150000, 0x000000045eceb000, 0x0000000800000000)
   the space 5746284K,  99% used [0x0000000300150000, 0x000000045e5dab20, 0x000000045e5dac00, 0x000000045eceb000)
 Metaspace       used 22701K, capacity 23231K, committed 23424K, reserved 1071104K
  class space    used 2354K, capacity 2568K, committed 2688K, reserved 1048576K
}
Event: 1018.556 GC heap before
{Heap before GC invocations=794 (full 25):
 def new generation   total 2578496K, used 69654K [0x0000000080200000, 0x000000012efd0000, 0x0000000300150000)
  eden space 2292032K,   0% used [0x0000000080200000, 0x0000000080200000, 0x000000010c050000)
  from space 286464K,  24% used [0x000000010c050000, 0x0000000110455810, 0x000000011d810000)
  to   space 286464K,   0% used [0x000000011d810000, 0x000000011d810000, 0x000000012efd0000)
 tenured generation   total 5746284K, used 5739050K [0x0000000300150000, 0x000000045eceb000, 0x0000000800000000)
   the space 5746284K,  99% used [0x0000000300150000, 0x000000045e5dab20, 0x000000045e5dac00, 0x000000045eceb000)
 Metaspace       used 22701K, capacity 23231K, committed 23424K, reserved 1071104K
  class space    used 2354K, capacity 2568K, committed 2688K, reserved 1048576K
}

