# JRE version: OpenJDK Runtime Environment (13.0.7+5) (build 13.0.7+5-Ubuntu-0ubuntu120.04)
# Java VM: OpenJDK 64-Bit Server VM (13.0.7+5-Ubuntu-0ubuntu120.04, mixed mode, tiered, serial gc, linux-amd64)
Heap:
 def new generation   total 2871872K, used 158775K [0x00007f9528600000, 0x00007f95eb220000, 0x00007f9fd30a0000)
  eden space 2552832K,   6% used [0x00007f9528600000, 0x00007f953210de98, 0x00007f95c4300000)
  from space 319040K,   0% used [0x00007f95d7a90000, 0x00007f95d7a90000, 0x00007f95eb220000)
  to   space 319040K,   0% used [0x00007f95c4300000, 0x00007f95c4300000, 0x00007f95d7a90000)
 tenured generation   total 6398172K, used 6398090K [0x00007f9fd30a0000, 0x00007fa1598d7000, 0x00007fb528600000)
   the space 6398172K,  99% used [0x00007f9fd30a0000, 0x00007fa1598c2970, 0x00007fa1598c2a00, 0x00007fa1598d7000)
 Metaspace       used 24252K, capacity 24685K, committed 24832K, reserved 26624K
GC Heap History (20 events):
Event: 757.849 GC heap after
{Heap after GC invocations=1517 (full 6):
 def new generation   total 2871872K, used 166997K [0x00007f9528600000, 0x00007f95eb220000, 0x00007f9fd30a0000)
  eden space 2552832K,   0% used [0x00007f9528600000, 0x00007f9528600000, 0x00007f95c4300000)
  from space 319040K,  52% used [0x00007f95c4300000, 0x00007f95ce615700, 0x00007f95d7a90000)
  to   space 319040K,   0% used [0x00007f95d7a90000, 0x00007f95d7a90000, 0x00007f95eb220000)
 tenured generation   total 6381784K, used 6274220K [0x00007f9fd30a0000, 0x00007fa1588d6000, 0x00007fb528600000)
   the space 6381784K,  98% used [0x00007f9fd30a0000, 0x00007fa151fcb2a8, 0x00007fa151fcb400, 0x00007fa1588d6000)
 Metaspace       used 24252K, capacity 24685K, committed 24832K, reserved 26624K
}
Event: 758.975 GC heap before
{Heap before GC invocations=1517 (full 6):
 def new generation   total 2871872K, used 2719829K [0x00007f9528600000, 0x00007f95eb220000, 0x00007f9fd30a0000)
  eden space 2552832K, 100% used [0x00007f9528600000, 0x00007f95c4300000, 0x00007f95c4300000)
  from space 319040K,  52% used [0x00007f95c4300000, 0x00007f95ce615700, 0x00007f95d7a90000)
  to   space 319040K,   0% used [0x00007f95d7a90000, 0x00007f95d7a90000, 0x00007f95eb220000)
 tenured generation   total 6381784K, used 6274220K [0x00007f9fd30a0000, 0x00007fa1588d6000, 0x00007fb528600000)
   the space 6381784K,  98% used [0x00007f9fd30a0000, 0x00007fa151fcb2a8, 0x00007fa151fcb400, 0x00007fa1588d6000)
 Metaspace       used 24252K, capacity 24685K, committed 24832K, reserved 26624K
}
Event: 759.014 GC heap after
{Heap after GC invocations=1518 (full 6):
 def new generation   total 2871872K, used 177264K [0x00007f9528600000, 0x00007f95eb220000, 0x00007f9fd30a0000)
  eden space 2552832K,   0% used [0x00007f9528600000, 0x00007f9528600000, 0x00007f95c4300000)
  from space 319040K,  55% used [0x00007f95d7a90000, 0x00007f95e27ac0d0, 0x00007f95eb220000)
  to   space 319040K,   0% used [0x00007f95c4300000, 0x00007f95c4300000, 0x00007f95d7a90000)
 tenured generation   total 6381784K, used 6291179K [0x00007f9fd30a0000, 0x00007fa1588d6000, 0x00007fb528600000)
   the space 6381784K,  98% used [0x00007f9fd30a0000, 0x00007fa15305ad00, 0x00007fa15305ae00, 0x00007fa1588d6000)
 Metaspace       used 24252K, capacity 24685K, committed 24832K, reserved 26624K
}
Event: 760.166 GC heap before
{Heap before GC invocations=1518 (full 6):
 def new generation   total 2871872K, used 2730096K [0x00007f9528600000, 0x00007f95eb220000, 0x00007f9fd30a0000)
  eden space 2552832K, 100% used [0x00007f9528600000, 0x00007f95c4300000, 0x00007f95c4300000)
  from space 319040K,  55% used [0x00007f95d7a90000, 0x00007f95e27ac0d0, 0x00007f95eb220000)
  to   space 319040K,   0% used [0x00007f95c4300000, 0x00007f95c4300000, 0x00007f95d7a90000)
 tenured generation   total 6381784K, used 6291179K [0x00007f9fd30a0000, 0x00007fa1588d6000, 0x00007fb528600000)
   the space 6381784K,  98% used [0x00007f9fd30a0000, 0x00007fa15305ad00, 0x00007fa15305ae00, 0x00007fa1588d6000)
 Metaspace       used 24252K, capacity 24685K, committed 24832K, reserved 26624K
}
Event: 760.212 GC heap after
{Heap after GC invocations=1519 (full 6):
 def new generation   total 2871872K, used 137216K [0x00007f9528600000, 0x00007f95eb220000, 0x00007f9fd30a0000)
  eden space 2552832K,   0% used [0x00007f9528600000, 0x00007f9528600000, 0x00007f95c4300000)
  from space 319040K,  43% used [0x00007f95c4300000, 0x00007f95cc900160, 0x00007f95d7a90000)
  to   space 319040K,   0% used [0x00007f95d7a90000, 0x00007f95d7a90000, 0x00007f95eb220000)
 tenured generation   total 6381784K, used 6325096K [0x00007f9fd30a0000, 0x00007fa1588d6000, 0x00007fb528600000)
   the space 6381784K,  99% used [0x00007f9fd30a0000, 0x00007fa15517a1b0, 0x00007fa15517a200, 0x00007fa1588d6000)
 Metaspace       used 24252K, capacity 24685K, committed 24832K, reserved 26624K
}
Event: 761.344 GC heap before
{Heap before GC invocations=1519 (full 6):
 def new generation   total 2871872K, used 2690048K [0x00007f9528600000, 0x00007f95eb220000, 0x00007f9fd30a0000)
  eden space 2552832K, 100% used [0x00007f9528600000, 0x00007f95c4300000, 0x00007f95c4300000)
  from space 319040K,  43% used [0x00007f95c4300000, 0x00007f95cc900160, 0x00007f95d7a90000)
  to   space 319040K,   0% used [0x00007f95d7a90000, 0x00007f95d7a90000, 0x00007f95eb220000)
 tenured generation   total 6381784K, used 6325096K [0x00007f9fd30a0000, 0x00007fa1588d6000, 0x00007fb528600000)
   the space 6381784K,  99% used [0x00007f9fd30a0000, 0x00007fa15517a1b0, 0x00007fa15517a200, 0x00007fa1588d6000)
 Metaspace       used 24252K, capacity 24685K, committed 24832K, reserved 26624K
}
Event: 761.371 GC heap after
{Heap after GC invocations=1520 (full 6):
 def new generation   total 2871872K, used 152602K [0x00007f9528600000, 0x00007f95eb220000, 0x00007f9fd30a0000)
  eden space 2552832K,   0% used [0x00007f9528600000, 0x00007f9528600000, 0x00007f95c4300000)
  from space 319040K,  47% used [0x00007f95d7a90000, 0x00007f95e0f96a28, 0x00007f95eb220000)
  to   space 319040K,   0% used [0x00007f95c4300000, 0x00007f95c4300000, 0x00007f95d7a90000)
 tenured generation   total 6381784K, used 6325096K [0x00007f9fd30a0000, 0x00007fa1588d6000, 0x00007fb528600000)
   the space 6381784K,  99% used [0x00007f9fd30a0000, 0x00007fa15517a1b0, 0x00007fa15517a200, 0x00007fa1588d6000)
 Metaspace       used 24252K, capacity 24685K, committed 24832K, reserved 26624K
}
Event: 762.424 GC heap before
{Heap before GC invocations=1520 (full 6):
 def new generation   total 2871872K, used 2705434K [0x00007f9528600000, 0x00007f95eb220000, 0x00007f9fd30a0000)
  eden space 2552832K, 100% used [0x00007f9528600000, 0x00007f95c4300000, 0x00007f95c4300000)
  from space 319040K,  47% used [0x00007f95d7a90000, 0x00007f95e0f96a28, 0x00007f95eb220000)
  to   space 319040K,   0% used [0x00007f95c4300000, 0x00007f95c4300000, 0x00007f95d7a90000)
 tenured generation   total 6381784K, used 6325096K [0x00007f9fd30a0000, 0x00007fa1588d6000, 0x00007fb528600000)
   the space 6381784K,  99% used [0x00007f9fd30a0000, 0x00007fa15517a1b0, 0x00007fa15517a200, 0x00007fa1588d6000)
 Metaspace       used 24252K, capacity 24685K, committed 24832K, reserved 26624K
}
Event: 762.452 GC heap after
{Heap after GC invocations=1521 (full 6):
 def new generation   total 2871872K, used 166999K [0x00007f9528600000, 0x00007f95eb220000, 0x00007f9fd30a0000)
  eden space 2552832K,   0% used [0x00007f9528600000, 0x00007f9528600000, 0x00007f95c4300000)
  from space 319040K,  52% used [0x00007f95c4300000, 0x00007f95ce615da0, 0x00007f95d7a90000)
  to   space 319040K,   0% used [0x00007f95d7a90000, 0x00007f95d7a90000, 0x00007f95eb220000)
 tenured generation   total 6381784K, used 6325096K [0x00007f9fd30a0000, 0x00007fa1588d6000, 0x00007fb528600000)
   the space 6381784K,  99% used [0x00007f9fd30a0000, 0x00007fa15517a1b0, 0x00007fa15517a200, 0x00007fa1588d6000)
 Metaspace       used 24252K, capacity 24685K, committed 24832K, reserved 26624K
}
Event: 763.543 GC heap before
{Heap before GC invocations=1521 (full 6):
 def new generation   total 2871872K, used 2719831K [0x00007f9528600000, 0x00007f95eb220000, 0x00007f9fd30a0000)
  eden space 2552832K, 100% used [0x00007f9528600000, 0x00007f95c4300000, 0x00007f95c4300000)
  from space 319040K,  52% used [0x00007f95c4300000, 0x00007f95ce615da0, 0x00007f95d7a90000)
  to   space 319040K,   0% used [0x00007f95d7a90000, 0x00007f95d7a90000, 0x00007f95eb220000)
 tenured generation   total 6381784K, used 6325096K [0x00007f9fd30a0000, 0x00007fa1588d6000, 0x00007fb528600000)
   the space 6381784K,  99% used [0x00007f9fd30a0000, 0x00007fa15517a1b0, 0x00007fa15517a200, 0x00007fa1588d6000)
 Metaspace       used 24252K, capacity 24685K, committed 24832K, reserved 26624K
}
Event: 763.588 GC heap after
{Heap after GC invocations=1522 (full 6):
 def new generation   total 2871872K, used 178827K [0x00007f9528600000, 0x00007f95eb220000, 0x00007f9fd30a0000)
  eden space 2552832K,   0% used [0x00007f9528600000, 0x00007f9528600000, 0x00007f95c4300000)
  from space 319040K,  56% used [0x00007f95d7a90000, 0x00007f95e2932fd0, 0x00007f95eb220000)
  to   space 319040K,   0% used [0x00007f95c4300000, 0x00007f95c4300000, 0x00007f95d7a90000)
 tenured generation   total 6381784K, used 6342055K [0x00007f9fd30a0000, 0x00007fa1588d6000, 0x00007fb528600000)
   the space 6381784K,  99% used [0x00007f9fd30a0000, 0x00007fa156209c08, 0x00007fa156209e00, 0x00007fa1588d6000)
 Metaspace       used 24252K, capacity 24685K, committed 24832K, reserved 26624K
}
Event: 764.700 GC heap before
{Heap before GC invocations=1522 (full 6):
 def new generation   total 2871872K, used 2715566K [0x00007f9528600000, 0x00007f95eb220000, 0x00007f9fd30a0000)
  eden space 2552832K,  99% used [0x00007f9528600000, 0x00007f95c3348bf8, 0x00007f95c4300000)
  from space 319040K,  56% used [0x00007f95d7a90000, 0x00007f95e2932fd0, 0x00007f95eb220000)
  to   space 319040K,   0% used [0x00007f95c4300000, 0x00007f95c4300000, 0x00007f95d7a90000)
 tenured generation   total 6381784K, used 6342055K [0x00007f9fd30a0000, 0x00007fa1588d6000, 0x00007fb528600000)
   the space 6381784K,  99% used [0x00007f9fd30a0000, 0x00007fa156209c08, 0x00007fa156209e00, 0x00007fa1588d6000)
 Metaspace       used 24252K, capacity 24685K, committed 24832K, reserved 26624K
}
Event: 764.741 GC heap after
{Heap after GC invocations=1523 (full 6):
 def new generation   total 2871872K, used 139272K [0x00007f9528600000, 0x00007f95eb220000, 0x00007f9fd30a0000)
  eden space 2552832K,   0% used [0x00007f9528600000, 0x00007f9528600000, 0x00007f95c4300000)
  from space 319040K,  43% used [0x00007f95c4300000, 0x00007f95ccb02300, 0x00007f95d7a90000)
  to   space 319040K,   0% used [0x00007f95d7a90000, 0x00007f95d7a90000, 0x00007f95eb220000)
 tenured generation   total 6381784K, used 6375972K [0x00007f9fd30a0000, 0x00007fa1588d6000, 0x00007fb528600000)
   the space 6381784K,  99% used [0x00007f9fd30a0000, 0x00007fa1583290b8, 0x00007fa158329200, 0x00007fa1588d6000)
 Metaspace       used 24252K, capacity 24685K, committed 24832K, reserved 26624K
}
Event: 765.845 GC heap before
{Heap before GC invocations=1523 (full 6):
 def new generation   total 2871872K, used 2692104K [0x00007f9528600000, 0x00007f95eb220000, 0x00007f9fd30a0000)
  eden space 2552832K, 100% used [0x00007f9528600000, 0x00007f95c4300000, 0x00007f95c4300000)
  from space 319040K,  43% used [0x00007f95c4300000, 0x00007f95ccb02300, 0x00007f95d7a90000)
  to   space 319040K,   0% used [0x00007f95d7a90000, 0x00007f95d7a90000, 0x00007f95eb220000)
 tenured generation   total 6381784K, used 6375972K [0x00007f9fd30a0000, 0x00007fa1588d6000, 0x00007fb528600000)
   the space 6381784K,  99% used [0x00007f9fd30a0000, 0x00007fa1583290b8, 0x00007fa158329200, 0x00007fa1588d6000)
 Metaspace       used 24252K, capacity 24685K, committed 24832K, reserved 26624K
}
Event: 765.871 GC heap after
{Heap after GC invocations=1524 (full 6):
 def new generation   total 2871872K, used 153114K [0x00007f9528600000, 0x00007f95eb220000, 0x00007f9fd30a0000)
  eden space 2552832K,   0% used [0x00007f9528600000, 0x00007f9528600000, 0x00007f95c4300000)
  from space 319040K,  47% used [0x00007f95d7a90000, 0x00007f95e1016a68, 0x00007f95eb220000)
  to   space 319040K,   0% used [0x00007f95c4300000, 0x00007f95c4300000, 0x00007f95d7a90000)
 tenured generation   total 6381784K, used 6375972K [0x00007f9fd30a0000, 0x00007fa1588d6000, 0x00007fb528600000)
   the space 6381784K,  99% used [0x00007f9fd30a0000, 0x00007fa1583290b8, 0x00007fa158329200, 0x00007fa1588d6000)
 Metaspace       used 24252K, capacity 24685K, committed 24832K, reserved 26624K
}
Event: 766.967 GC heap before
{Heap before GC invocations=1524 (full 6):
 def new generation   total 2871872K, used 2705946K [0x00007f9528600000, 0x00007f95eb220000, 0x00007f9fd30a0000)
  eden space 2552832K, 100% used [0x00007f9528600000, 0x00007f95c4300000, 0x00007f95c4300000)
  from space 319040K,  47% used [0x00007f95d7a90000, 0x00007f95e1016a68, 0x00007f95eb220000)
  to   space 319040K,   0% used [0x00007f95c4300000, 0x00007f95c4300000, 0x00007f95d7a90000)
 tenured generation   total 6381784K, used 6375972K [0x00007f9fd30a0000, 0x00007fa1588d6000, 0x00007fb528600000)
   the space 6381784K,  99% used [0x00007f9fd30a0000, 0x00007fa1583290b8, 0x00007fa158329200, 0x00007fa1588d6000)
 Metaspace       used 24252K, capacity 24685K, committed 24832K, reserved 26624K
}
Event: 767.041 GC heap after
{Heap after GC invocations=1525 (full 6):
 def new generation   total 2871872K, used 168536K [0x00007f9528600000, 0x00007f95eb220000, 0x00007f9fd30a0000)
  eden space 2552832K,   0% used [0x00007f9528600000, 0x00007f9528600000, 0x00007f95c4300000)
  from space 319040K,  52% used [0x00007f95c4300000, 0x00007f95ce7961c0, 0x00007f95d7a90000)
  to   space 319040K,   0% used [0x00007f95d7a90000, 0x00007f95d7a90000, 0x00007f95eb220000)
 tenured generation   total 6381784K, used 6375972K [0x00007f9fd30a0000, 0x00007fa1588d6000, 0x00007fb528600000)
   the space 6381784K,  99% used [0x00007f9fd30a0000, 0x00007fa1583290b8, 0x00007fa158329200, 0x00007fa1588d6000)
 Metaspace       used 24252K, capacity 24685K, committed 24832K, reserved 26624K
}
Event: 768.150 GC heap before
{Heap before GC invocations=1525 (full 6):
 def new generation   total 2871872K, used 2721368K [0x00007f9528600000, 0x00007f95eb220000, 0x00007f9fd30a0000)
  eden space 2552832K, 100% used [0x00007f9528600000, 0x00007f95c4300000, 0x00007f95c4300000)
  from space 319040K,  52% used [0x00007f95c4300000, 0x00007f95ce7961c0, 0x00007f95d7a90000)
  to   space 319040K,   0% used [0x00007f95d7a90000, 0x00007f95d7a90000, 0x00007f95eb220000)
 tenured generation   total 6381784K, used 6375972K [0x00007f9fd30a0000, 0x00007fa1588d6000, 0x00007fb528600000)
   the space 6381784K,  99% used [0x00007f9fd30a0000, 0x00007fa1583290b8, 0x00007fa158329200, 0x00007fa1588d6000)
 Metaspace       used 24252K, capacity 24685K, committed 24832K, reserved 26624K
}
Event: 768.202 GC heap after
{Heap after GC invocations=1526 (full 6):
 def new generation   total 2871872K, used 163935K [0x00007f9528600000, 0x00007f95eb220000, 0x00007f9fd30a0000)
  eden space 2552832K,   0% used [0x00007f9528600000, 0x00007f9528600000, 0x00007f95c4300000)
  from space 319040K,  51% used [0x00007f95d7a90000, 0x00007f95e1aa7cf8, 0x00007f95eb220000)
  to   space 319040K,   0% used [0x00007f95c4300000, 0x00007f95c4300000, 0x00007f95d7a90000)
 tenured generation   total 6398172K, used 6392930K [0x00007f9fd30a0000, 0x00007fa1598d7000, 0x00007fb528600000)
   the space 6398172K,  99% used [0x00007f9fd30a0000, 0x00007fa1593b8b10, 0x00007fa1593b8c00, 0x00007fa1598d7000)
 Metaspace       used 24252K, capacity 24685K, committed 24832K, reserved 26624K
}
Event: 768.202 GC heap before
{Heap before GC invocations=1526 (full 6):
 def new generation   total 2871872K, used 163935K [0x00007f9528600000, 0x00007f95eb220000, 0x00007f9fd30a0000)
  eden space 2552832K,   0% used [0x00007f9528600000, 0x00007f9528600000, 0x00007f95c4300000)
  from space 319040K,  51% used [0x00007f95d7a90000, 0x00007f95e1aa7cf8, 0x00007f95eb220000)
  to   space 319040K,   0% used [0x00007f95c4300000, 0x00007f95c4300000, 0x00007f95d7a90000)
 tenured generation   total 6398172K, used 6392930K [0x00007f9fd30a0000, 0x00007fa1598d7000, 0x00007fb528600000)
   the space 6398172K,  99% used [0x00007f9fd30a0000, 0x00007fa1593b8b10, 0x00007fa1593b8c00, 0x00007fa1598d7000)
 Metaspace       used 24252K, capacity 24685K, committed 24832K, reserved 26624K
}

