# JRE version: OpenJDK Runtime Environment (13.0.7+5) (build 13.0.7+5-Ubuntu-0ubuntu120.04)
# Java VM: OpenJDK 64-Bit Server VM (13.0.7+5-Ubuntu-0ubuntu120.04, mixed mode, tiered, serial gc, linux-amd64)
Heap:
 def new generation   total 1478592K, used 0K [0x00007fe770600000, 0x00007fe7d4a50000, 0x00007fecc5b50000)
  eden space 1314368K,   0% used [0x00007fe770600000, 0x00007fe770600000, 0x00007fe7c0990000)
  from space 164224K,   0% used [0x00007fe7c0990000, 0x00007fe7c0990000, 0x00007fe7ca9f0000)
  to   space 164224K,   0% used [0x00007fe7ca9f0000, 0x00007fe7ca9f0000, 0x00007fe7d4a50000)
 tenured generation   total 3285588K, used 9155K [0x00007fecc5b50000, 0x00007fed8e3e5000, 0x00007ff770600000)
   the space 3285588K,   0% used [0x00007fecc5b50000, 0x00007fecc6440c88, 0x00007fecc6440e00, 0x00007fed8e3e5000)
 Metaspace       used 23184K, capacity 23548K, committed 23808K, reserved 24576K
GC Heap History (18 events):
Event: 6.575 GC heap before
{Heap before GC invocations=0 (full 0):
 def new generation   total 629120K, used 100662K [0x00007fe770600000, 0x00007fe79b0a0000, 0x00007fecc5b50000)
  eden space 559232K,  18% used [0x00007fe770600000, 0x00007fe77684db20, 0x00007fe792820000)
  from space 69888K,   0% used [0x00007fe792820000, 0x00007fe792820000, 0x00007fe796c60000)
  to   space 69888K,   0% used [0x00007fe796c60000, 0x00007fe796c60000, 0x00007fe79b0a0000)
 tenured generation   total 1398144K, used 0K [0x00007fecc5b50000, 0x00007fed1b0b0000, 0x00007ff770600000)
   the space 1398144K,   0% used [0x00007fecc5b50000, 0x00007fecc5b50000, 0x00007fecc5b50200, 0x00007fed1b0b0000)
 Metaspace       used 20835K, capacity 21155K, committed 21248K, reserved 22528K
}
Event: 6.732 GC heap after
{Heap after GC invocations=1 (full 1):
 def new generation   total 629248K, used 0K [0x00007fe770600000, 0x00007fe79b0c0000, 0x00007fecc5b50000)
  eden space 559360K,   0% used [0x00007fe770600000, 0x00007fe770600000, 0x00007fe792840000)
  from space 69888K,   0% used [0x00007fe792840000, 0x00007fe792840000, 0x00007fe796c80000)
  to   space 69888K,   0% used [0x00007fe796c80000, 0x00007fe796c80000, 0x00007fe79b0c0000)
 tenured generation   total 1398144K, used 13591K [0x00007fecc5b50000, 0x00007fed1b0b0000, 0x00007ff770600000)
   the space 1398144K,   0% used [0x00007fecc5b50000, 0x00007fecc6895f88, 0x00007fecc6896000, 0x00007fed1b0b0000)
 Metaspace       used 20835K, capacity 21155K, committed 21248K, reserved 22528K
}
Event: 9.496 GC heap before
{Heap before GC invocations=1 (full 1):
 def new generation   total 629248K, used 541482K [0x00007fe770600000, 0x00007fe79b0c0000, 0x00007fecc5b50000)
  eden space 559360K,  96% used [0x00007fe770600000, 0x00007fe7916caba8, 0x00007fe792840000)
  from space 69888K,   0% used [0x00007fe792840000, 0x00007fe792840000, 0x00007fe796c80000)
  to   space 69888K,   0% used [0x00007fe796c80000, 0x00007fe796c80000, 0x00007fe79b0c0000)
 tenured generation   total 1398144K, used 13591K [0x00007fecc5b50000, 0x00007fed1b0b0000, 0x00007ff770600000)
   the space 1398144K,   0% used [0x00007fecc5b50000, 0x00007fecc6895f88, 0x00007fecc6896000, 0x00007fed1b0b0000)
 Metaspace       used 23179K, capacity 23543K, committed 23808K, reserved 24576K
}
Event: 9.512 GC heap after
{Heap after GC invocations=2 (full 1):
 def new generation   total 629248K, used 5113K [0x00007fe770600000, 0x00007fe79b0c0000, 0x00007fecc5b50000)
  eden space 559360K,   0% used [0x00007fe770600000, 0x00007fe770600000, 0x00007fe792840000)
  from space 69888K,   7% used [0x00007fe796c80000, 0x00007fe79717e590, 0x00007fe79b0c0000)
  to   space 69888K,   0% used [0x00007fe792840000, 0x00007fe792840000, 0x00007fe796c80000)
 tenured generation   total 1398144K, used 13591K [0x00007fecc5b50000, 0x00007fed1b0b0000, 0x00007ff770600000)
   the space 1398144K,   0% used [0x00007fecc5b50000, 0x00007fecc6895f88, 0x00007fecc6896000, 0x00007fed1b0b0000)
 Metaspace       used 23179K, capacity 23543K, committed 23808K, reserved 24576K
}
Event: 9.873 GC heap before
{Heap before GC invocations=2 (full 1):
 def new generation   total 629248K, used 283700K [0x00007fe770600000, 0x00007fe79b0c0000, 0x00007fecc5b50000)
  eden space 559360K,  49% used [0x00007fe770600000, 0x00007fe78160edd8, 0x00007fe792840000)
  from space 69888K,   7% used [0x00007fe796c80000, 0x00007fe79717e590, 0x00007fe79b0c0000)
  to   space 69888K,   0% used [0x00007fe792840000, 0x00007fe792840000, 0x00007fe796c80000)
 tenured generation   total 1398144K, used 13591K [0x00007fecc5b50000, 0x00007fed1b0b0000, 0x00007ff770600000)
   the space 1398144K,   0% used [0x00007fecc5b50000, 0x00007fecc6895f88, 0x00007fecc6896000, 0x00007fed1b0b0000)
 Metaspace       used 23182K, capacity 23543K, committed 23808K, reserved 24576K
}
Event: 10.105 GC heap after
{Heap after GC invocations=3 (full 1):
 def new generation   total 629248K, used 876K [0x00007fe770600000, 0x00007fe79b0c0000, 0x00007fecc5b50000)
  eden space 559360K,   0% used [0x00007fe770600000, 0x00007fe770600000, 0x00007fe792840000)
  from space 69888K,   1% used [0x00007fe792840000, 0x00007fe79291b328, 0x00007fe796c80000)
  to   space 69888K,   0% used [0x00007fe796c80000, 0x00007fe796c80000, 0x00007fe79b0c0000)
 tenured generation   total 1398144K, used 275735K [0x00007fecc5b50000, 0x00007fed1b0b0000, 0x00007ff770600000)
   the space 1398144K,  19% used [0x00007fecc5b50000, 0x00007fecd6895fb8, 0x00007fecd6896000, 0x00007fed1b0b0000)
 Metaspace       used 23182K, capacity 23543K, committed 23808K, reserved 24576K
}
Event: 10.105 GC heap before
{Heap before GC invocations=3 (full 1):
 def new generation   total 629248K, used 876K [0x00007fe770600000, 0x00007fe79b0c0000, 0x00007fecc5b50000)
  eden space 559360K,   0% used [0x00007fe770600000, 0x00007fe770600000, 0x00007fe792840000)
  from space 69888K,   1% used [0x00007fe792840000, 0x00007fe79291b328, 0x00007fe796c80000)
  to   space 69888K,   0% used [0x00007fe796c80000, 0x00007fe796c80000, 0x00007fe79b0c0000)
 tenured generation   total 1398144K, used 275735K [0x00007fecc5b50000, 0x00007fed1b0b0000, 0x00007ff770600000)
   the space 1398144K,  19% used [0x00007fecc5b50000, 0x00007fecd6895fb8, 0x00007fecd6896000, 0x00007fed1b0b0000)
 Metaspace       used 23182K, capacity 23543K, committed 23808K, reserved 24576K
}
Event: 10.146 GC heap after
{Heap after GC invocations=3 (full 2):
 def new generation   total 629248K, used 0K [0x00007fe770600000, 0x00007fe79b0c0000, 0x00007fecc5b50000)
  eden space 559360K,   0% used [0x00007fe770600000, 0x00007fe770600000, 0x00007fe792840000)
  from space 69888K,   0% used [0x00007fe792840000, 0x00007fe792840000, 0x00007fe796c80000)
  to   space 69888K,   0% used [0x00007fe796c80000, 0x00007fe796c80000, 0x00007fe79b0c0000)
 tenured generation   total 1398144K, used 276612K [0x00007fecc5b50000, 0x00007fed1b0b0000, 0x00007ff770600000)
   the space 1398144K,  19% used [0x00007fecc5b50000, 0x00007fecd6971170, 0x00007fecd6971200, 0x00007fed1b0b0000)
 Metaspace       used 23182K, capacity 23543K, committed 23808K, reserved 24576K
}
Event: 29.991 GC heap before
{Heap before GC invocations=3 (full 2):
 def new generation   total 629248K, used 535137K [0x00007fe770600000, 0x00007fe79b0c0000, 0x00007fecc5b50000)
  eden space 559360K,  95% used [0x00007fe770600000, 0x00007fe7910986d0, 0x00007fe792840000)
  from space 69888K,   0% used [0x00007fe792840000, 0x00007fe792840000, 0x00007fe796c80000)
  to   space 69888K,   0% used [0x00007fe796c80000, 0x00007fe796c80000, 0x00007fe79b0c0000)
 tenured generation   total 3495300K, used 3422340K [0x00007fecc5b50000, 0x00007fed9b0b1000, 0x00007ff770600000)
   the space 3495300K,  97% used [0x00007fecc5b50000, 0x00007fed969711a0, 0x00007fed96971200, 0x00007fed9b0b1000)
 Metaspace       used 23182K, capacity 23543K, committed 23808K, reserved 24576K
}
Event: 30.980 GC heap after
{Heap after GC invocations=4 (full 2):
 def new generation   total 629248K, used 0K [0x00007fe770600000, 0x00007fe79b0c0000, 0x00007fecc5b50000)
  eden space 559360K,   0% used [0x00007fe770600000, 0x00007fe770600000, 0x00007fe792840000)
  from space 69888K,   0% used [0x00007fe796c80000, 0x00007fe796c80340, 0x00007fe79b0c0000)
  to   space 69888K,   0% used [0x00007fe792840000, 0x00007fe792840000, 0x00007fe796c80000)
 tenured generation   total 4019592K, used 3946628K [0x00007fecc5b50000, 0x00007fedbb0b2000, 0x00007ff770600000)
   the space 4019592K,  98% used [0x00007fecc5b50000, 0x00007fedb69711b8, 0x00007fedb6971200, 0x00007fedbb0b2000)
 Metaspace       used 23182K, capacity 23543K, committed 23808K, reserved 24576K
}
Event: 30.980 GC heap before
{Heap before GC invocations=4 (full 2):
 def new generation   total 629248K, used 0K [0x00007fe770600000, 0x00007fe79b0c0000, 0x00007fecc5b50000)
  eden space 559360K,   0% used [0x00007fe770600000, 0x00007fe770600000, 0x00007fe792840000)
  from space 69888K,   0% used [0x00007fe796c80000, 0x00007fe796c80340, 0x00007fe79b0c0000)
  to   space 69888K,   0% used [0x00007fe792840000, 0x00007fe792840000, 0x00007fe796c80000)
 tenured generation   total 4019592K, used 3946628K [0x00007fecc5b50000, 0x00007fedbb0b2000, 0x00007ff770600000)
   the space 4019592K,  98% used [0x00007fecc5b50000, 0x00007fedb69711b8, 0x00007fedb6971200, 0x00007fedbb0b2000)
 Metaspace       used 23182K, capacity 23543K, committed 23808K, reserved 24576K
}
Event: 31.494 GC heap after
{Heap after GC invocations=4 (full 3):
 def new generation   total 1572992K, used 0K [0x00007fe770600000, 0x00007fe7db0c0000, 0x00007fecc5b50000)
  eden space 1398272K,   0% used [0x00007fe770600000, 0x00007fe770600000, 0x00007fe7c5b80000)
  from space 174720K,   0% used [0x00007fe7c5b80000, 0x00007fe7c5b80000, 0x00007fe7d0620000)
  to   space 174720K,   0% used [0x00007fe7d0620000, 0x00007fe7d0620000, 0x00007fe7db0c0000)
 tenured generation   total 3495300K, used 538755K [0x00007fecc5b50000, 0x00007fed9b0b1000, 0x00007ff770600000)
   the space 3495300K,  15% used [0x00007fecc5b50000, 0x00007fece6970de0, 0x00007fece6970e00, 0x00007fed9b0b1000)
 Metaspace       used 23182K, capacity 23543K, committed 23808K, reserved 24576K
}
Event: 33.614 GC heap before
{Heap before GC invocations=4 (full 3):
 def new generation   total 1572992K, used 1338137K [0x00007fe770600000, 0x00007fe7db0c0000, 0x00007fecc5b50000)
  eden space 1398272K,  95% used [0x00007fe770600000, 0x00007fe7c20c6490, 0x00007fe7c5b80000)
  from space 174720K,   0% used [0x00007fe7c5b80000, 0x00007fe7c5b80000, 0x00007fe7d0620000)
  to   space 174720K,   0% used [0x00007fe7d0620000, 0x00007fe7d0620000, 0x00007fe7db0c0000)
 tenured generation   total 3495300K, used 538755K [0x00007fecc5b50000, 0x00007fed9b0b1000, 0x00007ff770600000)
   the space 3495300K,  15% used [0x00007fecc5b50000, 0x00007fece6970de0, 0x00007fece6970e00, 0x00007fed9b0b1000)
 Metaspace       used 23182K, capacity 23543K, committed 23808K, reserved 24576K
}
Event: 34.598 GC heap after
{Heap after GC invocations=5 (full 3):
 def new generation   total 1572992K, used 131073K [0x00007fe770600000, 0x00007fe7db0c0000, 0x00007fecc5b50000)
  eden space 1398272K,   0% used [0x00007fe770600000, 0x00007fe770600000, 0x00007fe7c5b80000)
  from space 174720K,  75% used [0x00007fe7d0620000, 0x00007fe7d8620598, 0x00007fe7db0c0000)
  to   space 174720K,   0% used [0x00007fe7c5b80000, 0x00007fe7c5b80000, 0x00007fe7d0620000)
 tenured generation   total 3495300K, used 1194115K [0x00007fecc5b50000, 0x00007fed9b0b1000, 0x00007ff770600000)
   the space 3495300K,  34% used [0x00007fecc5b50000, 0x00007fed0e970e10, 0x00007fed0e971000, 0x00007fed9b0b1000)
 Metaspace       used 23182K, capacity 23543K, committed 23808K, reserved 24576K
}
Event: 36.112 GC heap before
{Heap before GC invocations=5 (full 3):
 def new generation   total 1572992K, used 1304098K [0x00007fe770600000, 0x00007fe7db0c0000, 0x00007fecc5b50000)
  eden space 1398272K,  83% used [0x00007fe770600000, 0x00007fe7b7f883c0, 0x00007fe7c5b80000)
  from space 174720K,  75% used [0x00007fe7d0620000, 0x00007fe7d8620598, 0x00007fe7db0c0000)
  to   space 174720K,   0% used [0x00007fe7c5b80000, 0x00007fe7c5b80000, 0x00007fe7d0620000)
 tenured generation   total 3495300K, used 1194115K [0x00007fecc5b50000, 0x00007fed9b0b1000, 0x00007ff770600000)
   the space 3495300K,  34% used [0x00007fecc5b50000, 0x00007fed0e970e10, 0x00007fed0e971000, 0x00007fed9b0b1000)
 Metaspace       used 23184K, capacity 23548K, committed 23808K, reserved 24576K
}
Event: 36.248 GC heap after
{Heap after GC invocations=6 (full 3):
 def new generation   total 1572992K, used 4438K [0x00007fe770600000, 0x00007fe7db0c0000, 0x00007fecc5b50000)
  eden space 1398272K,   0% used [0x00007fe770600000, 0x00007fe770600000, 0x00007fe7c5b80000)
  from space 174720K,   2% used [0x00007fe7c5b80000, 0x00007fe7c5fd5858, 0x00007fe7d0620000)
  to   space 174720K,   0% used [0x00007fe7d0620000, 0x00007fe7d0620000, 0x00007fe7db0c0000)
 tenured generation   total 3495300K, used 1259652K [0x00007fecc5b50000, 0x00007fed9b0b1000, 0x00007ff770600000)
   the space 3495300K,  36% used [0x00007fecc5b50000, 0x00007fed12971118, 0x00007fed12971200, 0x00007fed9b0b1000)
 Metaspace       used 23184K, capacity 23548K, committed 23808K, reserved 24576K
}
Event: 36.248 GC heap before
{Heap before GC invocations=6 (full 3):
 def new generation   total 1572992K, used 4438K [0x00007fe770600000, 0x00007fe7db0c0000, 0x00007fecc5b50000)
  eden space 1398272K,   0% used [0x00007fe770600000, 0x00007fe770600000, 0x00007fe7c5b80000)
  from space 174720K,   2% used [0x00007fe7c5b80000, 0x00007fe7c5fd5858, 0x00007fe7d0620000)
  to   space 174720K,   0% used [0x00007fe7d0620000, 0x00007fe7d0620000, 0x00007fe7db0c0000)
 tenured generation   total 3495300K, used 1259652K [0x00007fecc5b50000, 0x00007fed9b0b1000, 0x00007ff770600000)
   the space 3495300K,  36% used [0x00007fecc5b50000, 0x00007fed12971118, 0x00007fed12971200, 0x00007fed9b0b1000)
 Metaspace       used 23184K, capacity 23548K, committed 23808K, reserved 24576K
}
Event: 36.361 GC heap after
{Heap after GC invocations=6 (full 4):
 def new generation   total 1478592K, used 0K [0x00007fe770600000, 0x00007fe7d4a50000, 0x00007fecc5b50000)
  eden space 1314368K,   0% used [0x00007fe770600000, 0x00007fe770600000, 0x00007fe7c0990000)
  from space 164224K,   0% used [0x00007fe7c0990000, 0x00007fe7c0990000, 0x00007fe7ca9f0000)
  to   space 164224K,   0% used [0x00007fe7ca9f0000, 0x00007fe7ca9f0000, 0x00007fe7d4a50000)
 tenured generation   total 3285588K, used 9155K [0x00007fecc5b50000, 0x00007fed8e3e5000, 0x00007ff770600000)
   the space 3285588K,   0% used [0x00007fecc5b50000, 0x00007fecc6440c88, 0x00007fecc6440e00, 0x00007fed8e3e5000)
 Metaspace       used 23184K, capacity 23548K, committed 23808K, reserved 24576K
}

