# JRE version: OpenJDK Runtime Environment (13.0.7+5) (build 13.0.7+5-Ubuntu-0ubuntu120.04)
# Java VM: OpenJDK 64-Bit Server VM (13.0.7+5-Ubuntu-0ubuntu120.04, mixed mode, tiered, serial gc, linux-amd64)
Heap:
 def new generation   total 7475200K, used 0K [0x00007fa09c600000, 0x00007fa297510000, 0x00007fa5f1b50000)
  eden space 6644672K,   0% used [0x00007fa09c600000, 0x00007fa09c600000, 0x00007fa231ef0000)
  from space 830528K,   0% used [0x00007fa264a00000, 0x00007fa264a00000, 0x00007fa297510000)
  to   space 830528K,   0% used [0x00007fa231ef0000, 0x00007fa231ef0000, 0x00007fa264a00000)
 tenured generation   total 17069500K, used 16465350K [0x00007fa5f1b50000, 0x00007faa038bf000, 0x00007fb09c600000)
   the space 17069500K,  96% used [0x00007fa5f1b50000, 0x00007fa9deac1a30, 0x00007fa9deac1c00, 0x00007faa038bf000)
 Metaspace       used 30409K, capacity 30836K, committed 31232K, reserved 32768K
GC Heap History (20 events):
Event: 714.446 GC heap after
{Heap after GC invocations=74 (full 6):
 def new generation   total 7475200K, used 573305K [0x00007fa09c600000, 0x00007fa297510000, 0x00007fa5f1b50000)
  eden space 6644672K,   0% used [0x00007fa09c600000, 0x00007fa09c600000, 0x00007fa231ef0000)
  from space 830528K,  69% used [0x00007fa231ef0000, 0x00007fa254ece5d0, 0x00007fa264a00000)
  to   space 830528K,   0% used [0x00007fa264a00000, 0x00007fa264a00000, 0x00007fa297510000)
 tenured generation   total 16611388K, used 11711763K [0x00007fa5f1b50000, 0x00007fa9e795f000, 0x00007fb09c600000)
   the space 16611388K,  70% used [0x00007fa5f1b50000, 0x00007fa8bc894f20, 0x00007fa8bc895000, 0x00007fa9e795f000)
 Metaspace       used 30409K, capacity 30836K, committed 31232K, reserved 32768K
}
Event: 716.613 GC heap before
{Heap before GC invocations=74 (full 6):
 def new generation   total 7475200K, used 7217977K [0x00007fa09c600000, 0x00007fa297510000, 0x00007fa5f1b50000)
  eden space 6644672K, 100% used [0x00007fa09c600000, 0x00007fa231ef0000, 0x00007fa231ef0000)
  from space 830528K,  69% used [0x00007fa231ef0000, 0x00007fa254ece5d0, 0x00007fa264a00000)
  to   space 830528K,   0% used [0x00007fa264a00000, 0x00007fa264a00000, 0x00007fa297510000)
 tenured generation   total 16611388K, used 11711763K [0x00007fa5f1b50000, 0x00007fa9e795f000, 0x00007fb09c600000)
   the space 16611388K,  70% used [0x00007fa5f1b50000, 0x00007fa8bc894f20, 0x00007fa8bc895000, 0x00007fa9e795f000)
 Metaspace       used 30409K, capacity 30836K, committed 31232K, reserved 32768K
}
Event: 718.607 GC heap after
{Heap after GC invocations=75 (full 6):
 def new generation   total 7475200K, used 647727K [0x00007fa09c600000, 0x00007fa297510000, 0x00007fa5f1b50000)
  eden space 6644672K,   0% used [0x00007fa09c600000, 0x00007fa09c600000, 0x00007fa231ef0000)
  from space 830528K,  77% used [0x00007fa264a00000, 0x00007fa28c28bec0, 0x00007fa297510000)
  to   space 830528K,   0% used [0x00007fa231ef0000, 0x00007fa231ef0000, 0x00007fa264a00000)
 tenured generation   total 16611388K, used 12285068K [0x00007fa5f1b50000, 0x00007fa9e795f000, 0x00007fb09c600000)
   the space 16611388K,  73% used [0x00007fa5f1b50000, 0x00007fa8df8733c0, 0x00007fa8df873400, 0x00007fa9e795f000)
 Metaspace       used 30409K, capacity 30836K, committed 31232K, reserved 32768K
}
Event: 720.438 GC heap before
{Heap before GC invocations=75 (full 6):
 def new generation   total 7475200K, used 7292399K [0x00007fa09c600000, 0x00007fa297510000, 0x00007fa5f1b50000)
  eden space 6644672K, 100% used [0x00007fa09c600000, 0x00007fa231ef0000, 0x00007fa231ef0000)
  from space 830528K,  77% used [0x00007fa264a00000, 0x00007fa28c28bec0, 0x00007fa297510000)
  to   space 830528K,   0% used [0x00007fa231ef0000, 0x00007fa231ef0000, 0x00007fa264a00000)
 tenured generation   total 16611388K, used 12285068K [0x00007fa5f1b50000, 0x00007fa9e795f000, 0x00007fb09c600000)
   the space 16611388K,  73% used [0x00007fa5f1b50000, 0x00007fa8df8733c0, 0x00007fa8df873400, 0x00007fa9e795f000)
 Metaspace       used 30409K, capacity 30836K, committed 31232K, reserved 32768K
}
Event: 722.427 GC heap after
{Heap after GC invocations=76 (full 6):
 def new generation   total 7475200K, used 599068K [0x00007fa09c600000, 0x00007fa297510000, 0x00007fa5f1b50000)
  eden space 6644672K,   0% used [0x00007fa09c600000, 0x00007fa09c600000, 0x00007fa231ef0000)
  from space 830528K,  72% used [0x00007fa231ef0000, 0x00007fa2567f7168, 0x00007fa264a00000)
  to   space 830528K,   0% used [0x00007fa264a00000, 0x00007fa264a00000, 0x00007fa297510000)
 tenured generation   total 16611388K, used 12932796K [0x00007fa5f1b50000, 0x00007fa9e795f000, 0x00007fb09c600000)
   the space 16611388K,  77% used [0x00007fa5f1b50000, 0x00007fa9070ff1c0, 0x00007fa9070ff200, 0x00007fa9e795f000)
 Metaspace       used 30409K, capacity 30836K, committed 31232K, reserved 32768K
}
Event: 724.324 GC heap before
{Heap before GC invocations=76 (full 6):
 def new generation   total 7475200K, used 7243740K [0x00007fa09c600000, 0x00007fa297510000, 0x00007fa5f1b50000)
  eden space 6644672K, 100% used [0x00007fa09c600000, 0x00007fa231ef0000, 0x00007fa231ef0000)
  from space 830528K,  72% used [0x00007fa231ef0000, 0x00007fa2567f7168, 0x00007fa264a00000)
  to   space 830528K,   0% used [0x00007fa264a00000, 0x00007fa264a00000, 0x00007fa297510000)
 tenured generation   total 16611388K, used 12932796K [0x00007fa5f1b50000, 0x00007fa9e795f000, 0x00007fb09c600000)
   the space 16611388K,  77% used [0x00007fa5f1b50000, 0x00007fa9070ff1c0, 0x00007fa9070ff200, 0x00007fa9e795f000)
 Metaspace       used 30409K, capacity 30836K, committed 31232K, reserved 32768K
}
Event: 726.246 GC heap after
{Heap after GC invocations=77 (full 6):
 def new generation   total 7475200K, used 595874K [0x00007fa09c600000, 0x00007fa297510000, 0x00007fa5f1b50000)
  eden space 6644672K,   0% used [0x00007fa09c600000, 0x00007fa09c600000, 0x00007fa231ef0000)
  from space 830528K,  71% used [0x00007fa264a00000, 0x00007fa288fe88c8, 0x00007fa297510000)
  to   space 830528K,   0% used [0x00007fa231ef0000, 0x00007fa231ef0000, 0x00007fa264a00000)
 tenured generation   total 16611388K, used 13531864K [0x00007fa5f1b50000, 0x00007fa9e795f000, 0x00007fb09c600000)
   the space 16611388K,  81% used [0x00007fa5f1b50000, 0x00007fa92ba060c0, 0x00007fa92ba06200, 0x00007fa9e795f000)
 Metaspace       used 30409K, capacity 30836K, committed 31232K, reserved 32768K
}
Event: 728.058 GC heap before
{Heap before GC invocations=77 (full 6):
 def new generation   total 7475200K, used 7240546K [0x00007fa09c600000, 0x00007fa297510000, 0x00007fa5f1b50000)
  eden space 6644672K, 100% used [0x00007fa09c600000, 0x00007fa231ef0000, 0x00007fa231ef0000)
  from space 830528K,  71% used [0x00007fa264a00000, 0x00007fa288fe88c8, 0x00007fa297510000)
  to   space 830528K,   0% used [0x00007fa231ef0000, 0x00007fa231ef0000, 0x00007fa264a00000)
 tenured generation   total 16611388K, used 13531864K [0x00007fa5f1b50000, 0x00007fa9e795f000, 0x00007fb09c600000)
   the space 16611388K,  81% used [0x00007fa5f1b50000, 0x00007fa92ba060c0, 0x00007fa92ba06200, 0x00007fa9e795f000)
 Metaspace       used 30409K, capacity 30836K, committed 31232K, reserved 32768K
}
Event: 729.961 GC heap after
{Heap after GC invocations=78 (full 6):
 def new generation   total 7475200K, used 581421K [0x00007fa09c600000, 0x00007fa297510000, 0x00007fa5f1b50000)
  eden space 6644672K,   0% used [0x00007fa09c600000, 0x00007fa09c600000, 0x00007fa231ef0000)
  from space 830528K,  70% used [0x00007fa231ef0000, 0x00007fa2556bb7b8, 0x00007fa264a00000)
  to   space 830528K,   0% used [0x00007fa264a00000, 0x00007fa264a00000, 0x00007fa297510000)
 tenured generation   total 16611388K, used 14127738K [0x00007fa5f1b50000, 0x00007fa9e795f000, 0x00007fb09c600000)
   the space 16611388K,  85% used [0x00007fa5f1b50000, 0x00007fa94ffee988, 0x00007fa94ffeea00, 0x00007fa9e795f000)
 Metaspace       used 30409K, capacity 30836K, committed 31232K, reserved 32768K
}
Event: 731.826 GC heap before
{Heap before GC invocations=78 (full 6):
 def new generation   total 7475200K, used 7226093K [0x00007fa09c600000, 0x00007fa297510000, 0x00007fa5f1b50000)
  eden space 6644672K, 100% used [0x00007fa09c600000, 0x00007fa231ef0000, 0x00007fa231ef0000)
  from space 830528K,  70% used [0x00007fa231ef0000, 0x00007fa2556bb7b8, 0x00007fa264a00000)
  to   space 830528K,   0% used [0x00007fa264a00000, 0x00007fa264a00000, 0x00007fa297510000)
 tenured generation   total 16611388K, used 14127738K [0x00007fa5f1b50000, 0x00007fa9e795f000, 0x00007fb09c600000)
   the space 16611388K,  85% used [0x00007fa5f1b50000, 0x00007fa94ffee988, 0x00007fa94ffeea00, 0x00007fa9e795f000)
 Metaspace       used 30409K, capacity 30836K, committed 31232K, reserved 32768K
}
Event: 733.756 GC heap after
{Heap after GC invocations=79 (full 6):
 def new generation   total 7475200K, used 592370K [0x00007fa09c600000, 0x00007fa297510000, 0x00007fa5f1b50000)
  eden space 6644672K,   0% used [0x00007fa09c600000, 0x00007fa09c600000, 0x00007fa231ef0000)
  from space 830528K,  71% used [0x00007fa264a00000, 0x00007fa288c7cbc0, 0x00007fa297510000)
  to   space 830528K,   0% used [0x00007fa231ef0000, 0x00007fa231ef0000, 0x00007fa264a00000)
 tenured generation   total 16611388K, used 14709160K [0x00007fa5f1b50000, 0x00007fa9e795f000, 0x00007fb09c600000)
   the space 16611388K,  88% used [0x00007fa5f1b50000, 0x00007fa9737ba080, 0x00007fa9737ba200, 0x00007fa9e795f000)
 Metaspace       used 30409K, capacity 30836K, committed 31232K, reserved 32768K
}
Event: 735.532 GC heap before
{Heap before GC invocations=79 (full 6):
 def new generation   total 7475200K, used 7237042K [0x00007fa09c600000, 0x00007fa297510000, 0x00007fa5f1b50000)
  eden space 6644672K, 100% used [0x00007fa09c600000, 0x00007fa231ef0000, 0x00007fa231ef0000)
  from space 830528K,  71% used [0x00007fa264a00000, 0x00007fa288c7cbc0, 0x00007fa297510000)
  to   space 830528K,   0% used [0x00007fa231ef0000, 0x00007fa231ef0000, 0x00007fa264a00000)
 tenured generation   total 16611388K, used 14709160K [0x00007fa5f1b50000, 0x00007fa9e795f000, 0x00007fb09c600000)
   the space 16611388K,  88% used [0x00007fa5f1b50000, 0x00007fa9737ba080, 0x00007fa9737ba200, 0x00007fa9e795f000)
 Metaspace       used 30409K, capacity 30836K, committed 31232K, reserved 32768K
}
Event: 737.418 GC heap after
{Heap after GC invocations=80 (full 6):
 def new generation   total 7475200K, used 586271K [0x00007fa09c600000, 0x00007fa297510000, 0x00007fa5f1b50000)
  eden space 6644672K,   0% used [0x00007fa09c600000, 0x00007fa09c600000, 0x00007fa231ef0000)
  from space 830528K,  70% used [0x00007fa231ef0000, 0x00007fa255b77d68, 0x00007fa264a00000)
  to   space 830528K,   0% used [0x00007fa264a00000, 0x00007fa264a00000, 0x00007fa297510000)
 tenured generation   total 16611388K, used 15301530K [0x00007fa5f1b50000, 0x00007fa9e795f000, 0x00007fb09c600000)
   the space 16611388K,  92% used [0x00007fa5f1b50000, 0x00007fa997a36a50, 0x00007fa997a36c00, 0x00007fa9e795f000)
 Metaspace       used 30409K, capacity 30836K, committed 31232K, reserved 32768K
}
Event: 739.125 GC heap before
{Heap before GC invocations=80 (full 6):
 def new generation   total 7475200K, used 7230943K [0x00007fa09c600000, 0x00007fa297510000, 0x00007fa5f1b50000)
  eden space 6644672K, 100% used [0x00007fa09c600000, 0x00007fa231ef0000, 0x00007fa231ef0000)
  from space 830528K,  70% used [0x00007fa231ef0000, 0x00007fa255b77d68, 0x00007fa264a00000)
  to   space 830528K,   0% used [0x00007fa264a00000, 0x00007fa264a00000, 0x00007fa297510000)
 tenured generation   total 16611388K, used 15301530K [0x00007fa5f1b50000, 0x00007fa9e795f000, 0x00007fb09c600000)
   the space 16611388K,  92% used [0x00007fa5f1b50000, 0x00007fa997a36a50, 0x00007fa997a36c00, 0x00007fa9e795f000)
 Metaspace       used 30409K, capacity 30836K, committed 31232K, reserved 32768K
}
Event: 741.000 GC heap after
{Heap after GC invocations=81 (full 6):
 def new generation   total 7475200K, used 584387K [0x00007fa09c600000, 0x00007fa297510000, 0x00007fa5f1b50000)
  eden space 6644672K,   0% used [0x00007fa09c600000, 0x00007fa09c600000, 0x00007fa231ef0000)
  from space 830528K,  70% used [0x00007fa264a00000, 0x00007fa2884b0d38, 0x00007fa297510000)
  to   space 830528K,   0% used [0x00007fa231ef0000, 0x00007fa231ef0000, 0x00007fa264a00000)
 tenured generation   total 16611388K, used 15887801K [0x00007fa5f1b50000, 0x00007fa9e795f000, 0x00007fb09c600000)
   the space 16611388K,  95% used [0x00007fa5f1b50000, 0x00007fa9bb6be7b8, 0x00007fa9bb6be800, 0x00007fa9e795f000)
 Metaspace       used 30409K, capacity 30836K, committed 31232K, reserved 32768K
}
Event: 742.900 GC heap before
{Heap before GC invocations=81 (full 6):
 def new generation   total 7475200K, used 7229059K [0x00007fa09c600000, 0x00007fa297510000, 0x00007fa5f1b50000)
  eden space 6644672K, 100% used [0x00007fa09c600000, 0x00007fa231ef0000, 0x00007fa231ef0000)
  from space 830528K,  70% used [0x00007fa264a00000, 0x00007fa2884b0d38, 0x00007fa297510000)
  to   space 830528K,   0% used [0x00007fa231ef0000, 0x00007fa231ef0000, 0x00007fa264a00000)
 tenured generation   total 16611388K, used 15887801K [0x00007fa5f1b50000, 0x00007fa9e795f000, 0x00007fb09c600000)
   the space 16611388K,  95% used [0x00007fa5f1b50000, 0x00007fa9bb6be7b8, 0x00007fa9bb6be800, 0x00007fa9e795f000)
 Metaspace       used 30409K, capacity 30836K, committed 31232K, reserved 32768K
}
Event: 744.787 GC heap after
{Heap after GC invocations=82 (full 6):
 def new generation   total 7475200K, used 597182K [0x00007fa09c600000, 0x00007fa297510000, 0x00007fa5f1b50000)
  eden space 6644672K,   0% used [0x00007fa09c600000, 0x00007fa09c600000, 0x00007fa231ef0000)
  from space 830528K,  71% used [0x00007fa231ef0000, 0x00007fa25661f8e0, 0x00007fa264a00000)
  to   space 830528K,   0% used [0x00007fa264a00000, 0x00007fa264a00000, 0x00007fa297510000)
 tenured generation   total 16611388K, used 16472189K [0x00007fa5f1b50000, 0x00007fa9e795f000, 0x00007fb09c600000)
   the space 16611388K,  99% used [0x00007fa5f1b50000, 0x00007fa9df16f450, 0x00007fa9df16f600, 0x00007fa9e795f000)
 Metaspace       used 30409K, capacity 30836K, committed 31232K, reserved 32768K
}
Event: 746.586 GC heap before
{Heap before GC invocations=82 (full 6):
 def new generation   total 7475200K, used 7241854K [0x00007fa09c600000, 0x00007fa297510000, 0x00007fa5f1b50000)
  eden space 6644672K, 100% used [0x00007fa09c600000, 0x00007fa231ef0000, 0x00007fa231ef0000)
  from space 830528K,  71% used [0x00007fa231ef0000, 0x00007fa25661f8e0, 0x00007fa264a00000)
  to   space 830528K,   0% used [0x00007fa264a00000, 0x00007fa264a00000, 0x00007fa297510000)
 tenured generation   total 16611388K, used 16472189K [0x00007fa5f1b50000, 0x00007fa9e795f000, 0x00007fb09c600000)
   the space 16611388K,  99% used [0x00007fa5f1b50000, 0x00007fa9df16f450, 0x00007fa9df16f600, 0x00007fa9e795f000)
 Metaspace       used 30409K, capacity 30836K, committed 31232K, reserved 32768K
}
Event: 748.567 GC heap after
{Heap after GC invocations=83 (full 6):
 def new generation   total 7475200K, used 587915K [0x00007fa09c600000, 0x00007fa297510000, 0x00007fa5f1b50000)
  eden space 6644672K,   0% used [0x00007fa09c600000, 0x00007fa09c600000, 0x00007fa231ef0000)
  from space 830528K,  70% used [0x00007fa264a00000, 0x00007fa288822ec0, 0x00007fa297510000)
  to   space 830528K,   0% used [0x00007fa231ef0000, 0x00007fa231ef0000, 0x00007fa264a00000)
 tenured generation   total 17069500K, used 17069370K [0x00007fa5f1b50000, 0x00007faa038bf000, 0x00007fb09c600000)
   the space 17069500K,  99% used [0x00007fa5f1b50000, 0x00007faa0389ead0, 0x00007faa0389ec00, 0x00007faa038bf000)
 Metaspace       used 30409K, capacity 30836K, committed 31232K, reserved 32768K
}
Event: 748.567 GC heap before
{Heap before GC invocations=83 (full 6):
 def new generation   total 7475200K, used 587915K [0x00007fa09c600000, 0x00007fa297510000, 0x00007fa5f1b50000)
  eden space 6644672K,   0% used [0x00007fa09c600000, 0x00007fa09c600000, 0x00007fa231ef0000)
  from space 830528K,  70% used [0x00007fa264a00000, 0x00007fa288822ec0, 0x00007fa297510000)
  to   space 830528K,   0% used [0x00007fa231ef0000, 0x00007fa231ef0000, 0x00007fa264a00000)
 tenured generation   total 17069500K, used 17069370K [0x00007fa5f1b50000, 0x00007faa038bf000, 0x00007fb09c600000)
   the space 17069500K,  99% used [0x00007fa5f1b50000, 0x00007faa0389ead0, 0x00007faa0389ec00, 0x00007faa038bf000)
 Metaspace       used 30409K, capacity 30836K, committed 31232K, reserved 32768K
}

