# JRE version: OpenJDK Runtime Environment (13.0.7+5) (build 13.0.7+5-Ubuntu-0ubuntu120.04)
# Java VM: OpenJDK 64-Bit Server VM (13.0.7+5-Ubuntu-0ubuntu120.04, mixed mode, tiered, serial gc, linux-amd64)
Heap:
 def new generation   total 3201984K, used 2152947K [0x00007fc010600000, 0x00007fc0e9850000, 0x00007fc565b50000)
  eden space 2846272K,  75% used [0x00007fc010600000, 0x00007fc093c7cd58, 0x00007fc0be190000)
  from space 355712K,   0% used [0x00007fc0d3cf0000, 0x00007fc0d3cf0198, 0x00007fc0e9850000)
  to   space 355712K,   0% used [0x00007fc0be190000, 0x00007fc0be190248, 0x00007fc0d3cf0000)
 tenured generation   total 7115344K, used 6301577K [0x00007fc565b50000, 0x00007fc717fe4000, 0x00007fd010600000)
   the space 7115344K,  88% used [0x00007fc565b50000, 0x00007fc6e6532758, 0x00007fc6e6532800, 0x00007fc717fe4000)
 Metaspace       used 23233K, capacity 23599K, committed 23808K, reserved 24576K
GC Heap History (20 events):
Event: 68.478 GC heap after
{Heap after GC invocations=32 (full 10):
 def new generation   total 3201984K, used 0K [0x00007fc010600000, 0x00007fc0e9850000, 0x00007fc565b50000)
  eden space 2846272K,   0% used [0x00007fc010600000, 0x00007fc010600000, 0x00007fc0be190000)
  from space 355712K,   0% used [0x00007fc0be190000, 0x00007fc0be1903c8, 0x00007fc0d3cf0000)
  to   space 355712K,   0% used [0x00007fc0d3cf0000, 0x00007fc0d3cf0000, 0x00007fc0e9850000)
 tenured generation   total 9212500K, used 8399236K [0x00007fc565b50000, 0x00007fc797fe5000, 0x00007fd010600000)
   the space 9212500K,  91% used [0x00007fc565b50000, 0x00007fc7665b1160, 0x00007fc7665b1200, 0x00007fc797fe5000)
 Metaspace       used 23221K, capacity 23597K, committed 23808K, reserved 24576K
}
Event: 68.478 GC heap before
{Heap before GC invocations=32 (full 10):
 def new generation   total 3201984K, used 0K [0x00007fc010600000, 0x00007fc0e9850000, 0x00007fc565b50000)
  eden space 2846272K,   0% used [0x00007fc010600000, 0x00007fc010600000, 0x00007fc0be190000)
  from space 355712K,   0% used [0x00007fc0be190000, 0x00007fc0be1903c8, 0x00007fc0d3cf0000)
  to   space 355712K,   0% used [0x00007fc0d3cf0000, 0x00007fc0d3cf0000, 0x00007fc0e9850000)
 tenured generation   total 9212500K, used 8399236K [0x00007fc565b50000, 0x00007fc797fe5000, 0x00007fd010600000)
   the space 9212500K,  91% used [0x00007fc565b50000, 0x00007fc7665b1160, 0x00007fc7665b1200, 0x00007fc797fe5000)
 Metaspace       used 23221K, capacity 23597K, committed 23808K, reserved 24576K
}
Event: 69.502 GC heap after
{Heap after GC invocations=32 (full 11):
 def new generation   total 3201984K, used 0K [0x00007fc010600000, 0x00007fc0e9850000, 0x00007fc565b50000)
  eden space 2846272K,   0% used [0x00007fc010600000, 0x00007fc010600000, 0x00007fc0be190000)
  from space 355712K,   0% used [0x00007fc0be190000, 0x00007fc0be190000, 0x00007fc0d3cf0000)
  to   space 355712K,   0% used [0x00007fc0d3cf0000, 0x00007fc0d3cf0000, 0x00007fc0e9850000)
 tenured generation   total 7115344K, used 4204932K [0x00007fc565b50000, 0x00007fc717fe4000, 0x00007fd010600000)
   the space 7115344K,  59% used [0x00007fc565b50000, 0x00007fc6665b12d0, 0x00007fc6665b1400, 0x00007fc717fe4000)
 Metaspace       used 23221K, capacity 23597K, committed 23808K, reserved 24576K
}
Event: 71.524 GC heap before
{Heap before GC invocations=32 (full 11):
 def new generation   total 3201984K, used 2677111K [0x00007fc010600000, 0x00007fc0e9850000, 0x00007fc565b50000)
  eden space 2846272K,  94% used [0x00007fc010600000, 0x00007fc0b3c5df28, 0x00007fc0be190000)
  from space 355712K,   0% used [0x00007fc0be190000, 0x00007fc0be190000, 0x00007fc0d3cf0000)
  to   space 355712K,   0% used [0x00007fc0d3cf0000, 0x00007fc0d3cf0000, 0x00007fc0e9850000)
 tenured generation   total 7115344K, used 4204932K [0x00007fc565b50000, 0x00007fc717fe4000, 0x00007fd010600000)
   the space 7115344K,  59% used [0x00007fc565b50000, 0x00007fc6665b12d0, 0x00007fc6665b1400, 0x00007fc717fe4000)
 Metaspace       used 23221K, capacity 23597K, committed 23808K, reserved 24576K
}
Event: 71.696 GC heap after
{Heap after GC invocations=33 (full 11):
 def new generation   total 3201984K, used 0K [0x00007fc010600000, 0x00007fc0e9850000, 0x00007fc565b50000)
  eden space 2846272K,   0% used [0x00007fc010600000, 0x00007fc010600000, 0x00007fc0be190000)
  from space 355712K,   0% used [0x00007fc0d3cf0000, 0x00007fc0d3cf01e8, 0x00007fc0e9850000)
  to   space 355712K,   0% used [0x00007fc0be190000, 0x00007fc0be190000, 0x00007fc0d3cf0000)
 tenured generation   total 7115344K, used 4729220K [0x00007fc565b50000, 0x00007fc717fe4000, 0x00007fd010600000)
   the space 7115344K,  66% used [0x00007fc565b50000, 0x00007fc6865b12e8, 0x00007fc6865b1400, 0x00007fc717fe4000)
 Metaspace       used 23221K, capacity 23597K, committed 23808K, reserved 24576K
}
Event: 73.395 GC heap before
{Heap before GC invocations=33 (full 11):
 def new generation   total 3201984K, used 2846272K [0x00007fc010600000, 0x00007fc0e9850000, 0x00007fc565b50000)
  eden space 2846272K, 100% used [0x00007fc010600000, 0x00007fc0be190000, 0x00007fc0be190000)
  from space 355712K,   0% used [0x00007fc0d3cf0000, 0x00007fc0d3cf01e8, 0x00007fc0e9850000)
  to   space 355712K,   0% used [0x00007fc0be190000, 0x00007fc0be190000, 0x00007fc0d3cf0000)
 tenured generation   total 7115344K, used 4729220K [0x00007fc565b50000, 0x00007fc717fe4000, 0x00007fd010600000)
   the space 7115344K,  66% used [0x00007fc565b50000, 0x00007fc6865b12e8, 0x00007fc6865b1400, 0x00007fc717fe4000)
 Metaspace       used 23223K, capacity 23597K, committed 23808K, reserved 24576K
}
Event: 73.420 GC heap after
{Heap after GC invocations=34 (full 11):
 def new generation   total 3201984K, used 132528K [0x00007fc010600000, 0x00007fc0e9850000, 0x00007fc565b50000)
  eden space 2846272K,   0% used [0x00007fc010600000, 0x00007fc010600000, 0x00007fc0be190000)
  from space 355712K,  37% used [0x00007fc0be190000, 0x00007fc0c62fc348, 0x00007fc0d3cf0000)
  to   space 355712K,   0% used [0x00007fc0d3cf0000, 0x00007fc0d3cf0000, 0x00007fc0e9850000)
 tenured generation   total 7115344K, used 4729220K [0x00007fc565b50000, 0x00007fc717fe4000, 0x00007fd010600000)
   the space 7115344K,  66% used [0x00007fc565b50000, 0x00007fc6865b12e8, 0x00007fc6865b1400, 0x00007fc717fe4000)
 Metaspace       used 23223K, capacity 23597K, committed 23808K, reserved 24576K
}
Event: 74.796 GC heap before
{Heap before GC invocations=34 (full 11):
 def new generation   total 3201984K, used 2587097K [0x00007fc010600000, 0x00007fc0e9850000, 0x00007fc565b50000)
  eden space 2846272K,  86% used [0x00007fc010600000, 0x00007fc0a630a180, 0x00007fc0be190000)
  from space 355712K,  37% used [0x00007fc0be190000, 0x00007fc0c62fc348, 0x00007fc0d3cf0000)
  to   space 355712K,   0% used [0x00007fc0d3cf0000, 0x00007fc0d3cf0000, 0x00007fc0e9850000)
 tenured generation   total 7115344K, used 4729220K [0x00007fc565b50000, 0x00007fc717fe4000, 0x00007fd010600000)
   the space 7115344K,  66% used [0x00007fc565b50000, 0x00007fc6865b12e8, 0x00007fc6865b1400, 0x00007fc717fe4000)
 Metaspace       used 23228K, capacity 23598K, committed 23808K, reserved 24576K
}
Event: 74.898 GC heap after
{Heap after GC invocations=35 (full 11):
 def new generation   total 3201984K, used 132926K [0x00007fc010600000, 0x00007fc0e9850000, 0x00007fc565b50000)
  eden space 2846272K,   0% used [0x00007fc010600000, 0x00007fc010600000, 0x00007fc0be190000)
  from space 355712K,  37% used [0x00007fc0d3cf0000, 0x00007fc0dbebfb20, 0x00007fc0e9850000)
  to   space 355712K,   0% used [0x00007fc0be190000, 0x00007fc0be190000, 0x00007fc0d3cf0000)
 tenured generation   total 7115344K, used 5253508K [0x00007fc565b50000, 0x00007fc717fe4000, 0x00007fd010600000)
   the space 7115344K,  73% used [0x00007fc565b50000, 0x00007fc6a65b1300, 0x00007fc6a65b1400, 0x00007fc717fe4000)
 Metaspace       used 23228K, capacity 23598K, committed 23808K, reserved 24576K
}
Event: 76.121 GC heap before
{Heap before GC invocations=35 (full 11):
 def new generation   total 3201984K, used 2253260K [0x00007fc010600000, 0x00007fc0e9850000, 0x00007fc565b50000)
  eden space 2846272K,  74% used [0x00007fc010600000, 0x00007fc091ca37b0, 0x00007fc0be190000)
  from space 355712K,  37% used [0x00007fc0d3cf0000, 0x00007fc0dbebfb20, 0x00007fc0e9850000)
  to   space 355712K,   0% used [0x00007fc0be190000, 0x00007fc0be190000, 0x00007fc0d3cf0000)
 tenured generation   total 7115344K, used 5253508K [0x00007fc565b50000, 0x00007fc717fe4000, 0x00007fd010600000)
   the space 7115344K,  73% used [0x00007fc565b50000, 0x00007fc6a65b1300, 0x00007fc6a65b1400, 0x00007fc717fe4000)
 Metaspace       used 23233K, capacity 23599K, committed 23808K, reserved 24576K
}
Event: 76.161 GC heap after
{Heap after GC invocations=36 (full 11):
 def new generation   total 3201984K, used 198498K [0x00007fc010600000, 0x00007fc0e9850000, 0x00007fc565b50000)
  eden space 2846272K,   0% used [0x00007fc010600000, 0x00007fc010600000, 0x00007fc0be190000)
  from space 355712K,  55% used [0x00007fc0be190000, 0x00007fc0ca3689a0, 0x00007fc0d3cf0000)
  to   space 355712K,   0% used [0x00007fc0d3cf0000, 0x00007fc0d3cf0000, 0x00007fc0e9850000)
 tenured generation   total 7115344K, used 5253508K [0x00007fc565b50000, 0x00007fc717fe4000, 0x00007fd010600000)
   the space 7115344K,  73% used [0x00007fc565b50000, 0x00007fc6a65b1300, 0x00007fc6a65b1400, 0x00007fc717fe4000)
 Metaspace       used 23233K, capacity 23599K, committed 23808K, reserved 24576K
}
Event: 77.493 GC heap before
{Heap before GC invocations=36 (full 11):
 def new generation   total 3201984K, used 2351840K [0x00007fc010600000, 0x00007fc0e9850000, 0x00007fc565b50000)
  eden space 2846272K,  75% used [0x00007fc010600000, 0x00007fc093cdf980, 0x00007fc0be190000)
  from space 355712K,  55% used [0x00007fc0be190000, 0x00007fc0ca3689a0, 0x00007fc0d3cf0000)
  to   space 355712K,   0% used [0x00007fc0d3cf0000, 0x00007fc0d3cf0000, 0x00007fc0e9850000)
 tenured generation   total 7115344K, used 5253508K [0x00007fc565b50000, 0x00007fc717fe4000, 0x00007fd010600000)
   the space 7115344K,  73% used [0x00007fc565b50000, 0x00007fc6a65b1300, 0x00007fc6a65b1400, 0x00007fc717fe4000)
 Metaspace       used 23233K, capacity 23599K, committed 23808K, reserved 24576K
}
Event: 78.041 GC heap after
{Heap after GC invocations=37 (full 11):
 def new generation   total 3201984K, used 433K [0x00007fc010600000, 0x00007fc0e9850000, 0x00007fc565b50000)
  eden space 2846272K,   0% used [0x00007fc010600000, 0x00007fc010600000, 0x00007fc0be190000)
  from space 355712K,   0% used [0x00007fc0d3cf0000, 0x00007fc0d3d5c7b0, 0x00007fc0e9850000)
  to   space 355712K,   0% used [0x00007fc0be190000, 0x00007fc0be190000, 0x00007fc0d3cf0000)
 tenured generation   total 9212500K, used 7483186K [0x00007fc565b50000, 0x00007fc797fe5000, 0x00007fd010600000)
   the space 9212500K,  81% used [0x00007fc565b50000, 0x00007fc72e71c9d0, 0x00007fc72e71ca00, 0x00007fc797fe5000)
 Metaspace       used 23233K, capacity 23599K, committed 23808K, reserved 24576K
}
Event: 78.041 GC heap before
{Heap before GC invocations=37 (full 11):
 def new generation   total 3201984K, used 433K [0x00007fc010600000, 0x00007fc0e9850000, 0x00007fc565b50000)
  eden space 2846272K,   0% used [0x00007fc010600000, 0x00007fc010600000, 0x00007fc0be190000)
  from space 355712K,   0% used [0x00007fc0d3cf0000, 0x00007fc0d3d5c7b0, 0x00007fc0e9850000)
  to   space 355712K,   0% used [0x00007fc0be190000, 0x00007fc0be190000, 0x00007fc0d3cf0000)
 tenured generation   total 9212500K, used 7483186K [0x00007fc565b50000, 0x00007fc797fe5000, 0x00007fd010600000)
   the space 9212500K,  81% used [0x00007fc565b50000, 0x00007fc72e71c9d0, 0x00007fc72e71ca00, 0x00007fc797fe5000)
 Metaspace       used 23233K, capacity 23599K, committed 23808K, reserved 24576K
}
Event: 78.409 GC heap after
{Heap after GC invocations=37 (full 12):
 def new generation   total 3201984K, used 0K [0x00007fc010600000, 0x00007fc0e9850000, 0x00007fc565b50000)
  eden space 2846272K,   0% used [0x00007fc010600000, 0x00007fc010600000, 0x00007fc0be190000)
  from space 355712K,   0% used [0x00007fc0d3cf0000, 0x00007fc0d3cf0000, 0x00007fc0e9850000)
  to   space 355712K,   0% used [0x00007fc0be190000, 0x00007fc0be190000, 0x00007fc0d3cf0000)
 tenured generation   total 7115344K, used 2107273K [0x00007fc565b50000, 0x00007fc717fe4000, 0x00007fd010600000)
   the space 7115344K,  29% used [0x00007fc565b50000, 0x00007fc5e6532728, 0x00007fc5e6532800, 0x00007fc717fe4000)
 Metaspace       used 23233K, capacity 23599K, committed 23808K, reserved 24576K
}
Event: 78.896 GC heap before
{Heap before GC invocations=37 (full 12):
 def new generation   total 3201984K, used 2153429K [0x00007fc010600000, 0x00007fc0e9850000, 0x00007fc565b50000)
  eden space 2846272K,  75% used [0x00007fc010600000, 0x00007fc093cf5678, 0x00007fc0be190000)
  from space 355712K,   0% used [0x00007fc0d3cf0000, 0x00007fc0d3cf0000, 0x00007fc0e9850000)
  to   space 355712K,   0% used [0x00007fc0be190000, 0x00007fc0be190000, 0x00007fc0d3cf0000)
 tenured generation   total 7115344K, used 2107273K [0x00007fc565b50000, 0x00007fc717fe4000, 0x00007fd010600000)
   the space 7115344K,  29% used [0x00007fc565b50000, 0x00007fc5e6532728, 0x00007fc5e6532800, 0x00007fc717fe4000)
 Metaspace       used 23233K, capacity 23599K, committed 23808K, reserved 24576K
}
Event: 79.304 GC heap after
{Heap after GC invocations=38 (full 12):
 def new generation   total 3201984K, used 0K [0x00007fc010600000, 0x00007fc0e9850000, 0x00007fc565b50000)
  eden space 2846272K,   0% used [0x00007fc010600000, 0x00007fc010600000, 0x00007fc0be190000)
  from space 355712K,   0% used [0x00007fc0be190000, 0x00007fc0be190230, 0x00007fc0d3cf0000)
  to   space 355712K,   0% used [0x00007fc0d3cf0000, 0x00007fc0d3cf0000, 0x00007fc0e9850000)
 tenured generation   total 7115344K, used 4204425K [0x00007fc565b50000, 0x00007fc717fe4000, 0x00007fd010600000)
   the space 7115344K,  59% used [0x00007fc565b50000, 0x00007fc666532740, 0x00007fc666532800, 0x00007fc717fe4000)
 Metaspace       used 23233K, capacity 23599K, committed 23808K, reserved 24576K
}
Event: 80.562 GC heap before
{Heap before GC invocations=38 (full 12):
 def new generation   total 3201984K, used 2153136K [0x00007fc010600000, 0x00007fc0e9850000, 0x00007fc565b50000)
  eden space 2846272K,  75% used [0x00007fc010600000, 0x00007fc093cabee0, 0x00007fc0be190000)
  from space 355712K,   0% used [0x00007fc0be190000, 0x00007fc0be190230, 0x00007fc0d3cf0000)
  to   space 355712K,   0% used [0x00007fc0d3cf0000, 0x00007fc0d3cf0000, 0x00007fc0e9850000)
 tenured generation   total 7115344K, used 4204425K [0x00007fc565b50000, 0x00007fc717fe4000, 0x00007fd010600000)
   the space 7115344K,  59% used [0x00007fc565b50000, 0x00007fc666532740, 0x00007fc666532800, 0x00007fc717fe4000)
 Metaspace       used 23233K, capacity 23599K, committed 23808K, reserved 24576K
}
Event: 80.862 GC heap after
{Heap after GC invocations=39 (full 12):
 def new generation   total 3201984K, used 0K [0x00007fc010600000, 0x00007fc0e9850000, 0x00007fc565b50000)
  eden space 2846272K,   0% used [0x00007fc010600000, 0x00007fc010600000, 0x00007fc0be190000)
  from space 355712K,   0% used [0x00007fc0d3cf0000, 0x00007fc0d3cf0198, 0x00007fc0e9850000)
  to   space 355712K,   0% used [0x00007fc0be190000, 0x00007fc0be190000, 0x00007fc0d3cf0000)
 tenured generation   total 7115344K, used 6301577K [0x00007fc565b50000, 0x00007fc717fe4000, 0x00007fd010600000)
   the space 7115344K,  88% used [0x00007fc565b50000, 0x00007fc6e6532758, 0x00007fc6e6532800, 0x00007fc717fe4000)
 Metaspace       used 23233K, capacity 23599K, committed 23808K, reserved 24576K
}
Event: 81.175 GC heap before
{Heap before GC invocations=39 (full 12):
 def new generation   total 3201984K, used 2152947K [0x00007fc010600000, 0x00007fc0e9850000, 0x00007fc565b50000)
  eden space 2846272K,  75% used [0x00007fc010600000, 0x00007fc093c7cd58, 0x00007fc0be190000)
  from space 355712K,   0% used [0x00007fc0d3cf0000, 0x00007fc0d3cf0198, 0x00007fc0e9850000)
  to   space 355712K,   0% used [0x00007fc0be190000, 0x00007fc0be190000, 0x00007fc0d3cf0000)
 tenured generation   total 7115344K, used 6301577K [0x00007fc565b50000, 0x00007fc717fe4000, 0x00007fd010600000)
   the space 7115344K,  88% used [0x00007fc565b50000, 0x00007fc6e6532758, 0x00007fc6e6532800, 0x00007fc717fe4000)
 Metaspace       used 23233K, capacity 23599K, committed 23808K, reserved 24576K
}

