# JRE version: OpenJDK Runtime Environment (13.0.7+5) (build 13.0.7+5-Ubuntu-0ubuntu120.04)
# Java VM: OpenJDK 64-Bit Server VM (13.0.7+5-Ubuntu-0ubuntu120.04, mixed mode, tiered, serial gc, linux-amd64)
Heap:
 def new generation   total 6699712K, used 5955328K [0x00007f2da8600000, 0x00007f2f6eba0000, 0x00007f32fdb50000)
  eden space 5955328K, 100% used [0x00007f2da8600000, 0x00007f2f13dc0000, 0x00007f2f13dc0000)
  from space 744384K,   0% used [0x00007f2f13dc0000, 0x00007f2f13dc0000, 0x00007f2f414b0000)
  to   space 744384K,   0% used [0x00007f2f414b0000, 0x00007f2f414b89d8, 0x00007f2f6eba0000)
 tenured generation   total 14888120K, used 12855138K [0x00007f32fdb50000, 0x00007f368a67e000, 0x00007f3da8600000)
   the space 14888120K,  86% used [0x00007f32fdb50000, 0x00007f360e528b98, 0x00007f360e528c00, 0x00007f368a67e000)
 Metaspace       used 23584K, capacity 23964K, committed 24064K, reserved 24576K
GC Heap History (20 events):
Event: 152.436 GC heap after
{Heap after GC invocations=22 (full 10):
 def new generation   total 5775360K, used 463247K [0x00007f2da8600000, 0x00007f2f300a0000, 0x00007f32fdb50000)
  eden space 5133696K,   0% used [0x00007f2da8600000, 0x00007f2da8600000, 0x00007f2ee1b60000)
  from space 641664K,  72% used [0x00007f2f08e00000, 0x00007f2f25263e58, 0x00007f2f300a0000)
  to   space 641664K,   0% used [0x00007f2ee1b60000, 0x00007f2ee1b60000, 0x00007f2f08e00000)
 tenured generation   total 12833928K, used 8398391K [0x00007f32fdb50000, 0x00007f360d072000, 0x00007f3da8600000)
   the space 12833928K,  65% used [0x00007f32fdb50000, 0x00007f34fe4ddd60, 0x00007f34fe4dde00, 0x00007f360d072000)
 Metaspace       used 23407K, capacity 23819K, committed 24064K, reserved 24576K
}
Event: 152.436 GC heap before
{Heap before GC invocations=22 (full 10):
 def new generation   total 5775360K, used 463247K [0x00007f2da8600000, 0x00007f2f300a0000, 0x00007f32fdb50000)
  eden space 5133696K,   0% used [0x00007f2da8600000, 0x00007f2da8600000, 0x00007f2ee1b60000)
  from space 641664K,  72% used [0x00007f2f08e00000, 0x00007f2f25263e58, 0x00007f2f300a0000)
  to   space 641664K,   0% used [0x00007f2ee1b60000, 0x00007f2ee1b60000, 0x00007f2f08e00000)
 tenured generation   total 12833928K, used 8398391K [0x00007f32fdb50000, 0x00007f360d072000, 0x00007f3da8600000)
   the space 12833928K,  65% used [0x00007f32fdb50000, 0x00007f34fe4ddd60, 0x00007f34fe4dde00, 0x00007f360d072000)
 Metaspace       used 23407K, capacity 23819K, committed 24064K, reserved 24576K
}
Event: 152.710 GC heap after
{Heap after GC invocations=22 (full 11):
 def new generation   total 5260672K, used 0K [0x00007f2da8600000, 0x00007f2f0d230000, 0x00007f32fdb50000)
  eden space 4676160K,   0% used [0x00007f2da8600000, 0x00007f2da8600000, 0x00007f2ec5c90000)
  from space 584512K,   0% used [0x00007f2ec5c90000, 0x00007f2ec5c90000, 0x00007f2ee9760000)
  to   space 584512K,   0% used [0x00007f2ee9760000, 0x00007f2ee9760000, 0x00007f2f0d230000)
 tenured generation   total 11690352K, used 9842K [0x00007f32fdb50000, 0x00007f35c73ac000, 0x00007f3da8600000)
   the space 11690352K,   0% used [0x00007f32fdb50000, 0x00007f32fe4ec960, 0x00007f32fe4eca00, 0x00007f35c73ac000)
 Metaspace       used 23407K, capacity 23819K, committed 24064K, reserved 24576K
}
Event: 155.840 GC heap before
{Heap before GC invocations=22 (full 11):
 def new generation   total 5260672K, used 1860503K [0x00007f2da8600000, 0x00007f2f0d230000, 0x00007f32fdb50000)
  eden space 4676160K,  39% used [0x00007f2da8600000, 0x00007f2e19ee5c10, 0x00007f2ec5c90000)
  from space 584512K,   0% used [0x00007f2ec5c90000, 0x00007f2ec5c90000, 0x00007f2ee9760000)
  to   space 584512K,   0% used [0x00007f2ee9760000, 0x00007f2ee9760000, 0x00007f2f0d230000)
 tenured generation   total 11690352K, used 8398450K [0x00007f32fdb50000, 0x00007f35c73ac000, 0x00007f3da8600000)
   the space 11690352K,  71% used [0x00007f32fdb50000, 0x00007f34fe4ec978, 0x00007f34fe4eca00, 0x00007f35c73ac000)
 Metaspace       used 23421K, capacity 23820K, committed 24064K, reserved 24576K
}
Event: 155.960 GC heap after
{Heap after GC invocations=23 (full 11):
 def new generation   total 5260672K, used 262950K [0x00007f2da8600000, 0x00007f2f0d230000, 0x00007f32fdb50000)
  eden space 4676160K,   0% used [0x00007f2da8600000, 0x00007f2da8600000, 0x00007f2ec5c90000)
  from space 584512K,  44% used [0x00007f2ee9760000, 0x00007f2ef9829a38, 0x00007f2f0d230000)
  to   space 584512K,   0% used [0x00007f2ec5c90000, 0x00007f2ec5c90000, 0x00007f2ee9760000)
 tenured generation   total 11690352K, used 8398450K [0x00007f32fdb50000, 0x00007f35c73ac000, 0x00007f3da8600000)
   the space 11690352K,  71% used [0x00007f32fdb50000, 0x00007f34fe4ec978, 0x00007f34fe4eca00, 0x00007f35c73ac000)
 Metaspace       used 23421K, capacity 23820K, committed 24064K, reserved 24576K
}
Event: 155.960 GC heap before
{Heap before GC invocations=23 (full 11):
 def new generation   total 5260672K, used 262950K [0x00007f2da8600000, 0x00007f2f0d230000, 0x00007f32fdb50000)
  eden space 4676160K,   0% used [0x00007f2da8600000, 0x00007f2da8600000, 0x00007f2ec5c90000)
  from space 584512K,  44% used [0x00007f2ee9760000, 0x00007f2ef9829a38, 0x00007f2f0d230000)
  to   space 584512K,   0% used [0x00007f2ec5c90000, 0x00007f2ec5c90000, 0x00007f2ee9760000)
 tenured generation   total 11690352K, used 8398450K [0x00007f32fdb50000, 0x00007f35c73ac000, 0x00007f3da8600000)
   the space 11690352K,  71% used [0x00007f32fdb50000, 0x00007f34fe4ec978, 0x00007f34fe4eca00, 0x00007f35c73ac000)
 Metaspace       used 23421K, capacity 23820K, committed 24064K, reserved 24576K
}
Event: 156.286 GC heap after
{Heap after GC invocations=23 (full 12):
 def new generation   total 3408128K, used 0K [0x00007f2da8600000, 0x00007f2e8f800000, 0x00007f32fdb50000)
  eden space 3029504K,   0% used [0x00007f2da8600000, 0x00007f2da8600000, 0x00007f2e61480000)
  from space 378624K,   0% used [0x00007f2e61480000, 0x00007f2e61480000, 0x00007f2e78640000)
  to   space 378624K,   0% used [0x00007f2e78640000, 0x00007f2e78640000, 0x00007f2e8f800000)
 tenured generation   total 7573472K, used 272130K [0x00007f32fdb50000, 0x00007f34cbf48000, 0x00007f3da8600000)
   the space 7573472K,   3% used [0x00007f32fdb50000, 0x00007f330e510820, 0x00007f330e510a00, 0x00007f34cbf48000)
 Metaspace       used 23421K, capacity 23820K, committed 24064K, reserved 24576K
}
Event: 178.033 GC heap before
{Heap before GC invocations=23 (full 12):
 def new generation   total 3408128K, used 2156325K [0x00007f2da8600000, 0x00007f2e8f800000, 0x00007f32fdb50000)
  eden space 3029504K,  71% used [0x00007f2da8600000, 0x00007f2e2bfc9440, 0x00007f2e61480000)
  from space 378624K,   0% used [0x00007f2e61480000, 0x00007f2e61480000, 0x00007f2e78640000)
  to   space 378624K,   0% used [0x00007f2e78640000, 0x00007f2e78640000, 0x00007f2e8f800000)
 tenured generation   total 15962084K, used 12855042K [0x00007f32fdb50000, 0x00007f36cbf49000, 0x00007f3da8600000)
   the space 15962084K,  80% used [0x00007f32fdb50000, 0x00007f360e510850, 0x00007f360e510a00, 0x00007f36cbf49000)
 Metaspace       used 23421K, capacity 23820K, committed 24064K, reserved 24576K
}
Event: 180.457 GC heap after
{Heap after GC invocations=24 (full 12):
 def new generation   total 3408128K, used 1K [0x00007f2da8600000, 0x00007f2e8f800000, 0x00007f32fdb50000)
  eden space 3029504K,   0% used [0x00007f2da8600000, 0x00007f2da8600000, 0x00007f2e61480000)
  from space 378624K,   0% used [0x00007f2e78640000, 0x00007f2e78640480, 0x00007f2e8f800000)
  to   space 378624K,   0% used [0x00007f2e61480000, 0x00007f2e61480000, 0x00007f2e78640000)
 tenured generation   total 15962084K, used 14952194K [0x00007f32fdb50000, 0x00007f36cbf49000, 0x00007f3da8600000)
   the space 15962084K,  93% used [0x00007f32fdb50000, 0x00007f368e510868, 0x00007f368e510a00, 0x00007f36cbf49000)
 Metaspace       used 23421K, capacity 23820K, committed 24064K, reserved 24576K
}
Event: 181.273 GC heap before
{Heap before GC invocations=24 (full 12):
 def new generation   total 3408128K, used 2156822K [0x00007f2da8600000, 0x00007f2e8f800000, 0x00007f32fdb50000)
  eden space 3029504K,  71% used [0x00007f2da8600000, 0x00007f2e2c045448, 0x00007f2e61480000)
  from space 378624K,   0% used [0x00007f2e78640000, 0x00007f2e78640480, 0x00007f2e8f800000)
  to   space 378624K,   0% used [0x00007f2e61480000, 0x00007f2e61480000, 0x00007f2e78640000)
 tenured generation   total 15962084K, used 14952194K [0x00007f32fdb50000, 0x00007f36cbf49000, 0x00007f3da8600000)
   the space 15962084K,  93% used [0x00007f32fdb50000, 0x00007f368e510868, 0x00007f368e510a00, 0x00007f36cbf49000)
 Metaspace       used 23421K, capacity 23820K, committed 24064K, reserved 24576K
}
Event: 183.904 GC heap after
{Heap after GC invocations=25 (full 12):
 def new generation   total 3408128K, used 1K [0x00007f2da8600000, 0x00007f2e8f800000, 0x00007f32fdb50000)
  eden space 3029504K,   0% used [0x00007f2da8600000, 0x00007f2da8600000, 0x00007f2e61480000)
  from space 378624K,   0% used [0x00007f2e61480000, 0x00007f2e614806c8, 0x00007f2e78640000)
  to   space 378624K,   0% used [0x00007f2e78640000, 0x00007f2e78640000, 0x00007f2e8f800000)
 tenured generation   total 18059240K, used 17049346K [0x00007f32fdb50000, 0x00007f374bf4a000, 0x00007f3da8600000)
   the space 18059240K,  94% used [0x00007f32fdb50000, 0x00007f370e510880, 0x00007f370e510a00, 0x00007f374bf4a000)
 Metaspace       used 23421K, capacity 23820K, committed 24064K, reserved 24576K
}
Event: 183.904 GC heap before
{Heap before GC invocations=25 (full 12):
 def new generation   total 3408128K, used 1K [0x00007f2da8600000, 0x00007f2e8f800000, 0x00007f32fdb50000)
  eden space 3029504K,   0% used [0x00007f2da8600000, 0x00007f2da8600000, 0x00007f2e61480000)
  from space 378624K,   0% used [0x00007f2e61480000, 0x00007f2e614806c8, 0x00007f2e78640000)
  to   space 378624K,   0% used [0x00007f2e78640000, 0x00007f2e78640000, 0x00007f2e8f800000)
 tenured generation   total 18059240K, used 17049346K [0x00007f32fdb50000, 0x00007f374bf4a000, 0x00007f3da8600000)
   the space 18059240K,  94% used [0x00007f32fdb50000, 0x00007f370e510880, 0x00007f370e510a00, 0x00007f374bf4a000)
 Metaspace       used 23421K, capacity 23820K, committed 24064K, reserved 24576K
}
Event: 185.848 GC heap after
{Heap after GC invocations=25 (full 13):
 def new generation   total 6699712K, used 0K [0x00007f2da8600000, 0x00007f2f6eba0000, 0x00007f32fdb50000)
  eden space 5955328K,   0% used [0x00007f2da8600000, 0x00007f2da8600000, 0x00007f2f13dc0000)
  from space 744384K,   0% used [0x00007f2f13dc0000, 0x00007f2f13dc0000, 0x00007f2f414b0000)
  to   space 744384K,   0% used [0x00007f2f414b0000, 0x00007f2f414b0000, 0x00007f2f6eba0000)
 tenured generation   total 14888120K, used 4466435K [0x00007f32fdb50000, 0x00007f368a67e000, 0x00007f3da8600000)
   the space 14888120K,  29% used [0x00007f32fdb50000, 0x00007f340e510d18, 0x00007f340e510e00, 0x00007f368a67e000)
 Metaspace       used 23421K, capacity 23820K, committed 24064K, reserved 24576K
}
Event: 197.580 GC heap before
{Heap before GC invocations=25 (full 13):
 def new generation   total 6699712K, used 3934248K [0x00007f2da8600000, 0x00007f2f6eba0000, 0x00007f32fdb50000)
  eden space 5955328K,  66% used [0x00007f2da8600000, 0x00007f2e9880a228, 0x00007f2f13dc0000)
  from space 744384K,   0% used [0x00007f2f13dc0000, 0x00007f2f13dc0000, 0x00007f2f414b0000)
  to   space 744384K,   0% used [0x00007f2f414b0000, 0x00007f2f414b0000, 0x00007f2f6eba0000)
 tenured generation   total 14888120K, used 12855043K [0x00007f32fdb50000, 0x00007f368a67e000, 0x00007f3da8600000)
   the space 14888120K,  86% used [0x00007f32fdb50000, 0x00007f360e510d30, 0x00007f360e510e00, 0x00007f368a67e000)
 Metaspace       used 23425K, capacity 23820K, committed 24064K, reserved 24576K
}
Event: 199.040 GC heap after
{Heap after GC invocations=26 (full 13):
 def new generation   total 6699712K, used 690284K [0x00007f2da8600000, 0x00007f2f6eba0000, 0x00007f32fdb50000)
  eden space 5955328K,   0% used [0x00007f2da8600000, 0x00007f2da8600000, 0x00007f2f13dc0000)
  from space 744384K,  92% used [0x00007f2f414b0000, 0x00007f2f6b6cb300, 0x00007f2f6eba0000)
  to   space 744384K,   0% used [0x00007f2f13dc0000, 0x00007f2f13dc0000, 0x00007f2f414b0000)
 tenured generation   total 14888120K, used 12855043K [0x00007f32fdb50000, 0x00007f368a67e000, 0x00007f3da8600000)
   the space 14888120K,  86% used [0x00007f32fdb50000, 0x00007f360e510d30, 0x00007f360e510e00, 0x00007f368a67e000)
 Metaspace       used 23425K, capacity 23820K, committed 24064K, reserved 24576K
}
Event: 203.705 GC heap before
{Heap before GC invocations=26 (full 13):
 def new generation   total 6699712K, used 5002180K [0x00007f2da8600000, 0x00007f2f6eba0000, 0x00007f32fdb50000)
  eden space 5955328K,  72% used [0x00007f2da8600000, 0x00007f2eaf8d5fe8, 0x00007f2f13dc0000)
  from space 744384K,  92% used [0x00007f2f414b0000, 0x00007f2f6b6cb300, 0x00007f2f6eba0000)
  to   space 744384K,   0% used [0x00007f2f13dc0000, 0x00007f2f13dc0000, 0x00007f2f414b0000)
 tenured generation   total 14888120K, used 12855043K [0x00007f32fdb50000, 0x00007f368a67e000, 0x00007f3da8600000)
   the space 14888120K,  86% used [0x00007f32fdb50000, 0x00007f360e510d30, 0x00007f360e510e00, 0x00007f368a67e000)
 Metaspace       used 23425K, capacity 23820K, committed 24064K, reserved 24576K
}
Event: 207.465 GC heap after
{Heap after GC invocations=27 (full 13):
 def new generation   total 6699712K, used 0K [0x00007f2da8600000, 0x00007f2f6eba0000, 0x00007f32fdb50000)
  eden space 5955328K,   0% used [0x00007f2da8600000, 0x00007f2da8600000, 0x00007f2f13dc0000)
  from space 744384K,   0% used [0x00007f2f13dc0000, 0x00007f2f13dc00c0, 0x00007f2f414b0000)
  to   space 744384K,   0% used [0x00007f2f414b0000, 0x00007f2f414b0000, 0x00007f2f6eba0000)
 tenured generation   total 19082428K, used 17608557K [0x00007f32fdb50000, 0x00007f378a67f000, 0x00007f3da8600000)
   the space 19082428K,  92% used [0x00007f32fdb50000, 0x00007f373072b7d0, 0x00007f373072b800, 0x00007f378a67f000)
 Metaspace       used 23425K, capacity 23820K, committed 24064K, reserved 24576K
}
Event: 207.465 GC heap before
{Heap before GC invocations=27 (full 13):
 def new generation   total 6699712K, used 0K [0x00007f2da8600000, 0x00007f2f6eba0000, 0x00007f32fdb50000)
  eden space 5955328K,   0% used [0x00007f2da8600000, 0x00007f2da8600000, 0x00007f2f13dc0000)
  from space 744384K,   0% used [0x00007f2f13dc0000, 0x00007f2f13dc00c0, 0x00007f2f414b0000)
  to   space 744384K,   0% used [0x00007f2f414b0000, 0x00007f2f414b0000, 0x00007f2f6eba0000)
 tenured generation   total 19082428K, used 17608557K [0x00007f32fdb50000, 0x00007f378a67f000, 0x00007f3da8600000)
   the space 19082428K,  92% used [0x00007f32fdb50000, 0x00007f373072b7d0, 0x00007f373072b800, 0x00007f378a67f000)
 Metaspace       used 23425K, capacity 23820K, committed 24064K, reserved 24576K
}
Event: 208.962 GC heap after
{Heap after GC invocations=27 (full 14):
 def new generation   total 6699712K, used 0K [0x00007f2da8600000, 0x00007f2f6eba0000, 0x00007f32fdb50000)
  eden space 5955328K,   0% used [0x00007f2da8600000, 0x00007f2da8600000, 0x00007f2f13dc0000)
  from space 744384K,   0% used [0x00007f2f13dc0000, 0x00007f2f13dc0000, 0x00007f2f414b0000)
  to   space 744384K,   0% used [0x00007f2f414b0000, 0x00007f2f414b0000, 0x00007f2f6eba0000)
 tenured generation   total 14888120K, used 4466530K [0x00007f32fdb50000, 0x00007f368a67e000, 0x00007f3da8600000)
   the space 14888120K,  30% used [0x00007f32fdb50000, 0x00007f340e528b80, 0x00007f340e528c00, 0x00007f368a67e000)
 Metaspace       used 23425K, capacity 23820K, committed 24064K, reserved 24576K
}
Event: 216.424 GC heap before
{Heap before GC invocations=27 (full 14):
 def new generation   total 6699712K, used 5955328K [0x00007f2da8600000, 0x00007f2f6eba0000, 0x00007f32fdb50000)
  eden space 5955328K, 100% used [0x00007f2da8600000, 0x00007f2f13dc0000, 0x00007f2f13dc0000)
  from space 744384K,   0% used [0x00007f2f13dc0000, 0x00007f2f13dc0000, 0x00007f2f414b0000)
  to   space 744384K,   0% used [0x00007f2f414b0000, 0x00007f2f414b0000, 0x00007f2f6eba0000)
 tenured generation   total 14888120K, used 12855138K [0x00007f32fdb50000, 0x00007f368a67e000, 0x00007f3da8600000)
   the space 14888120K,  86% used [0x00007f32fdb50000, 0x00007f360e528b98, 0x00007f360e528c00, 0x00007f368a67e000)
 Metaspace       used 23584K, capacity 23964K, committed 24064K, reserved 24576K
}

