# JRE version: OpenJDK Runtime Environment (13.0.7+5) (build 13.0.7+5-Ubuntu-0ubuntu120.04)
# Java VM: OpenJDK 64-Bit Server VM (13.0.7+5-Ubuntu-0ubuntu120.04, mixed mode, tiered, serial gc, linux-amd64)
Heap:
 def new generation   total 3152832K, used 0K [0x00007fb974600000, 0x00007fba4a300000, 0x00007fbec9b50000)
  eden space 2802560K,   0% used [0x00007fb974600000, 0x00007fb974600000, 0x00007fba1f6e0000)
  from space 350272K,   0% used [0x00007fba34cf0000, 0x00007fba34cf0000, 0x00007fba4a300000)
  to   space 350272K,   0% used [0x00007fba1f6e0000, 0x00007fba1f6e0000, 0x00007fba34cf0000)
 tenured generation   total 15394784K, used 10495159K [0x00007fbec9b50000, 0x00007fc275548000, 0x00007fc974600000)
   the space 15394784K,  68% used [0x00007fbec9b50000, 0x00007fc14a47dcb8, 0x00007fc14a47de00, 0x00007fc275548000)
 Metaspace       used 23253K, capacity 23614K, committed 23808K, reserved 24576K
GC Heap History (20 events):
Event: 2.473 GC heap after
{Heap after GC invocations=1 (full 1):
 def new generation   total 629248K, used 0K [0x00007fb974600000, 0x00007fb99f0c0000, 0x00007fbec9b50000)
  eden space 559360K,   0% used [0x00007fb974600000, 0x00007fb974600000, 0x00007fb996840000)
  from space 69888K,   0% used [0x00007fb996840000, 0x00007fb996840000, 0x00007fb99ac80000)
  to   space 69888K,   0% used [0x00007fb99ac80000, 0x00007fb99ac80000, 0x00007fb99f0c0000)
 tenured generation   total 1398144K, used 13624K [0x00007fbec9b50000, 0x00007fbf1f0b0000, 0x00007fc974600000)
   the space 1398144K,   0% used [0x00007fbec9b50000, 0x00007fbeca89e110, 0x00007fbeca89e200, 0x00007fbf1f0b0000)
 Metaspace       used 20941K, capacity 21223K, committed 21248K, reserved 22528K
}
Event: 3.758 GC heap before
{Heap before GC invocations=1 (full 1):
 def new generation   total 629248K, used 559360K [0x00007fb974600000, 0x00007fb99f0c0000, 0x00007fbec9b50000)
  eden space 559360K, 100% used [0x00007fb974600000, 0x00007fb996840000, 0x00007fb996840000)
  from space 69888K,   0% used [0x00007fb996840000, 0x00007fb996840000, 0x00007fb99ac80000)
  to   space 69888K,   0% used [0x00007fb99ac80000, 0x00007fb99ac80000, 0x00007fb99f0c0000)
 tenured generation   total 1398144K, used 13624K [0x00007fbec9b50000, 0x00007fbf1f0b0000, 0x00007fc974600000)
   the space 1398144K,   0% used [0x00007fbec9b50000, 0x00007fbeca89e110, 0x00007fbeca89e200, 0x00007fbf1f0b0000)
 Metaspace       used 23064K, capacity 23467K, committed 23552K, reserved 24576K
}
Event: 3.762 GC heap after
{Heap after GC invocations=2 (full 1):
 def new generation   total 629248K, used 677K [0x00007fb974600000, 0x00007fb99f0c0000, 0x00007fbec9b50000)
  eden space 559360K,   0% used [0x00007fb974600000, 0x00007fb974600000, 0x00007fb996840000)
  from space 69888K,   0% used [0x00007fb99ac80000, 0x00007fb99ad29488, 0x00007fb99f0c0000)
  to   space 69888K,   0% used [0x00007fb996840000, 0x00007fb996840000, 0x00007fb99ac80000)
 tenured generation   total 1398144K, used 13624K [0x00007fbec9b50000, 0x00007fbf1f0b0000, 0x00007fc974600000)
   the space 1398144K,   0% used [0x00007fbec9b50000, 0x00007fbeca89e110, 0x00007fbeca89e200, 0x00007fbf1f0b0000)
 Metaspace       used 23064K, capacity 23467K, committed 23552K, reserved 24576K
}
Event: 4.610 GC heap before
{Heap before GC invocations=2 (full 1):
 def new generation   total 629248K, used 560037K [0x00007fb974600000, 0x00007fb99f0c0000, 0x00007fbec9b50000)
  eden space 559360K, 100% used [0x00007fb974600000, 0x00007fb996840000, 0x00007fb996840000)
  from space 69888K,   0% used [0x00007fb99ac80000, 0x00007fb99ad29488, 0x00007fb99f0c0000)
  to   space 69888K,   0% used [0x00007fb996840000, 0x00007fb996840000, 0x00007fb99ac80000)
 tenured generation   total 1398144K, used 13624K [0x00007fbec9b50000, 0x00007fbf1f0b0000, 0x00007fc974600000)
   the space 1398144K,   0% used [0x00007fbec9b50000, 0x00007fbeca89e110, 0x00007fbeca89e200, 0x00007fbf1f0b0000)
 Metaspace       used 23076K, capacity 23468K, committed 23552K, reserved 24576K
}
Event: 4.613 GC heap after
{Heap after GC invocations=3 (full 1):
 def new generation   total 629248K, used 971K [0x00007fb974600000, 0x00007fb99f0c0000, 0x00007fbec9b50000)
  eden space 559360K,   0% used [0x00007fb974600000, 0x00007fb974600000, 0x00007fb996840000)
  from space 69888K,   1% used [0x00007fb996840000, 0x00007fb996932d68, 0x00007fb99ac80000)
  to   space 69888K,   0% used [0x00007fb99ac80000, 0x00007fb99ac80000, 0x00007fb99f0c0000)
 tenured generation   total 1398144K, used 13624K [0x00007fbec9b50000, 0x00007fbf1f0b0000, 0x00007fc974600000)
   the space 1398144K,   0% used [0x00007fbec9b50000, 0x00007fbeca89e110, 0x00007fbeca89e200, 0x00007fbf1f0b0000)
 Metaspace       used 23076K, capacity 23468K, committed 23552K, reserved 24576K
}
Event: 4.894 GC heap before
{Heap before GC invocations=3 (full 1):
 def new generation   total 629248K, used 137359K [0x00007fb974600000, 0x00007fb99f0c0000, 0x00007fbec9b50000)
  eden space 559360K,  24% used [0x00007fb974600000, 0x00007fb97cb31090, 0x00007fb996840000)
  from space 69888K,   1% used [0x00007fb996840000, 0x00007fb996932d68, 0x00007fb99ac80000)
  to   space 69888K,   0% used [0x00007fb99ac80000, 0x00007fb99ac80000, 0x00007fb99f0c0000)
 tenured generation   total 1398144K, used 13624K [0x00007fbec9b50000, 0x00007fbf1f0b0000, 0x00007fc974600000)
   the space 1398144K,   0% used [0x00007fbec9b50000, 0x00007fbeca89e110, 0x00007fbeca89e200, 0x00007fbf1f0b0000)
 Metaspace       used 23253K, capacity 23614K, committed 23808K, reserved 24576K
}
Event: 4.898 GC heap after
{Heap after GC invocations=4 (full 1):
 def new generation   total 629248K, used 2421K [0x00007fb974600000, 0x00007fb99f0c0000, 0x00007fbec9b50000)
  eden space 559360K,   0% used [0x00007fb974600000, 0x00007fb974600000, 0x00007fb996840000)
  from space 69888K,   3% used [0x00007fb99ac80000, 0x00007fb99aedd7e8, 0x00007fb99f0c0000)
  to   space 69888K,   0% used [0x00007fb996840000, 0x00007fb996840000, 0x00007fb99ac80000)
 tenured generation   total 1398144K, used 13624K [0x00007fbec9b50000, 0x00007fbf1f0b0000, 0x00007fc974600000)
   the space 1398144K,   0% used [0x00007fbec9b50000, 0x00007fbeca89e110, 0x00007fbeca89e200, 0x00007fbf1f0b0000)
 Metaspace       used 23253K, capacity 23614K, committed 23808K, reserved 24576K
}
Event: 4.898 GC heap before
{Heap before GC invocations=4 (full 1):
 def new generation   total 629248K, used 2421K [0x00007fb974600000, 0x00007fb99f0c0000, 0x00007fbec9b50000)
  eden space 559360K,   0% used [0x00007fb974600000, 0x00007fb974600000, 0x00007fb996840000)
  from space 69888K,   3% used [0x00007fb99ac80000, 0x00007fb99aedd7e8, 0x00007fb99f0c0000)
  to   space 69888K,   0% used [0x00007fb996840000, 0x00007fb996840000, 0x00007fb99ac80000)
 tenured generation   total 1398144K, used 13624K [0x00007fbec9b50000, 0x00007fbf1f0b0000, 0x00007fc974600000)
   the space 1398144K,   0% used [0x00007fbec9b50000, 0x00007fbeca89e110, 0x00007fbeca89e200, 0x00007fbf1f0b0000)
 Metaspace       used 23253K, capacity 23614K, committed 23808K, reserved 24576K
}
Event: 4.979 GC heap after
{Heap after GC invocations=4 (full 2):
 def new generation   total 629248K, used 0K [0x00007fb974600000, 0x00007fb99f0c0000, 0x00007fbec9b50000)
  eden space 559360K,   0% used [0x00007fb974600000, 0x00007fb974600000, 0x00007fb996840000)
  from space 69888K,   0% used [0x00007fb99ac80000, 0x00007fb99ac80000, 0x00007fb99f0c0000)
  to   space 69888K,   0% used [0x00007fb996840000, 0x00007fb996840000, 0x00007fb99ac80000)
 tenured generation   total 1398144K, used 16040K [0x00007fbec9b50000, 0x00007fbf1f0b0000, 0x00007fc974600000)
   the space 1398144K,   1% used [0x00007fbec9b50000, 0x00007fbecaafa1b0, 0x00007fbecaafa200, 0x00007fbf1f0b0000)
 Metaspace       used 23253K, capacity 23614K, committed 23808K, reserved 24576K
}
Event: 8.200 GC heap before
{Heap before GC invocations=4 (full 2):
 def new generation   total 629248K, used 11056K [0x00007fb974600000, 0x00007fb99f0c0000, 0x00007fbec9b50000)
  eden space 559360K,   1% used [0x00007fb974600000, 0x00007fb9750cc010, 0x00007fb996840000)
  from space 69888K,   0% used [0x00007fb99ac80000, 0x00007fb99ac80000, 0x00007fb99f0c0000)
  to   space 69888K,   0% used [0x00007fb996840000, 0x00007fb996840000, 0x00007fb99ac80000)
 tenured generation   total 3495300K, used 2113192K [0x00007fbec9b50000, 0x00007fbf9f0b1000, 0x00007fc974600000)
   the space 3495300K,  60% used [0x00007fbec9b50000, 0x00007fbf4aafa1c8, 0x00007fbf4aafa200, 0x00007fbf9f0b1000)
 Metaspace       used 23253K, capacity 23614K, committed 23808K, reserved 24576K
}
Event: 8.204 GC heap after
{Heap after GC invocations=5 (full 2):
 def new generation   total 629248K, used 0K [0x00007fb974600000, 0x00007fb99f0c0000, 0x00007fbec9b50000)
  eden space 559360K,   0% used [0x00007fb974600000, 0x00007fb974600000, 0x00007fb996840000)
  from space 69888K,   0% used [0x00007fb996840000, 0x00007fb996840118, 0x00007fb99ac80000)
  to   space 69888K,   0% used [0x00007fb99ac80000, 0x00007fb99ac80000, 0x00007fb99f0c0000)
 tenured generation   total 3495300K, used 2113192K [0x00007fbec9b50000, 0x00007fbf9f0b1000, 0x00007fc974600000)
   the space 3495300K,  60% used [0x00007fbec9b50000, 0x00007fbf4aafa1c8, 0x00007fbf4aafa200, 0x00007fbf9f0b1000)
 Metaspace       used 23253K, capacity 23614K, committed 23808K, reserved 24576K
}
Event: 8.204 GC heap before
{Heap before GC invocations=5 (full 2):
 def new generation   total 629248K, used 0K [0x00007fb974600000, 0x00007fb99f0c0000, 0x00007fbec9b50000)
  eden space 559360K,   0% used [0x00007fb974600000, 0x00007fb974600000, 0x00007fb996840000)
  from space 69888K,   0% used [0x00007fb996840000, 0x00007fb996840118, 0x00007fb99ac80000)
  to   space 69888K,   0% used [0x00007fb99ac80000, 0x00007fb99ac80000, 0x00007fb99f0c0000)
 tenured generation   total 3495300K, used 2113192K [0x00007fbec9b50000, 0x00007fbf9f0b1000, 0x00007fc974600000)
   the space 3495300K,  60% used [0x00007fbec9b50000, 0x00007fbf4aafa1c8, 0x00007fbf4aafa200, 0x00007fbf9f0b1000)
 Metaspace       used 23253K, capacity 23614K, committed 23808K, reserved 24576K
}
Event: 8.255 GC heap after
{Heap after GC invocations=5 (full 3):
 def new generation   total 1584960K, used 0K [0x00007fb974600000, 0x00007fb9dfdc0000, 0x00007fbec9b50000)
  eden space 1408896K,   0% used [0x00007fb974600000, 0x00007fb974600000, 0x00007fb9ca5e0000)
  from space 176064K,   0% used [0x00007fb9ca5e0000, 0x00007fb9ca5e0000, 0x00007fb9d51d0000)
  to   space 176064K,   0% used [0x00007fb9d51d0000, 0x00007fb9d51d0000, 0x00007fb9dfdc0000)
 tenured generation   total 3521988K, used 2113192K [0x00007fbec9b50000, 0x00007fbfa0ac1000, 0x00007fc974600000)
   the space 3521988K,  59% used [0x00007fbec9b50000, 0x00007fbf4aafa278, 0x00007fbf4aafa400, 0x00007fbfa0ac1000)
 Metaspace       used 23253K, capacity 23614K, committed 23808K, reserved 24576K
}
Event: 11.086 GC heap before
{Heap before GC invocations=5 (full 3):
 def new generation   total 1584960K, used 27847K [0x00007fb974600000, 0x00007fb9dfdc0000, 0x00007fbec9b50000)
  eden space 1408896K,   1% used [0x00007fb974600000, 0x00007fb976131df0, 0x00007fb9ca5e0000)
  from space 176064K,   0% used [0x00007fb9ca5e0000, 0x00007fb9ca5e0000, 0x00007fb9d51d0000)
  to   space 176064K,   0% used [0x00007fb9d51d0000, 0x00007fb9d51d0000, 0x00007fb9dfdc0000)
 tenured generation   total 5619144K, used 4210344K [0x00007fbec9b50000, 0x00007fc020ac2000, 0x00007fc974600000)
   the space 5619144K,  74% used [0x00007fbec9b50000, 0x00007fbfcaafa290, 0x00007fbfcaafa400, 0x00007fc020ac2000)
 Metaspace       used 23253K, capacity 23614K, committed 23808K, reserved 24576K
}
Event: 11.091 GC heap after
{Heap after GC invocations=6 (full 3):
 def new generation   total 1584960K, used 0K [0x00007fb974600000, 0x00007fb9dfdc0000, 0x00007fbec9b50000)
  eden space 1408896K,   0% used [0x00007fb974600000, 0x00007fb974600000, 0x00007fb9ca5e0000)
  from space 176064K,   0% used [0x00007fb9d51d0000, 0x00007fb9d51d0278, 0x00007fb9dfdc0000)
  to   space 176064K,   0% used [0x00007fb9ca5e0000, 0x00007fb9ca5e0000, 0x00007fb9d51d0000)
 tenured generation   total 5619144K, used 4210344K [0x00007fbec9b50000, 0x00007fc020ac2000, 0x00007fc974600000)
   the space 5619144K,  74% used [0x00007fbec9b50000, 0x00007fbfcaafa290, 0x00007fbfcaafa400, 0x00007fc020ac2000)
 Metaspace       used 23253K, capacity 23614K, committed 23808K, reserved 24576K
}
Event: 11.091 GC heap before
{Heap before GC invocations=6 (full 3):
 def new generation   total 1584960K, used 0K [0x00007fb974600000, 0x00007fb9dfdc0000, 0x00007fbec9b50000)
  eden space 1408896K,   0% used [0x00007fb974600000, 0x00007fb974600000, 0x00007fb9ca5e0000)
  from space 176064K,   0% used [0x00007fb9d51d0000, 0x00007fb9d51d0278, 0x00007fb9dfdc0000)
  to   space 176064K,   0% used [0x00007fb9ca5e0000, 0x00007fb9ca5e0000, 0x00007fb9d51d0000)
 tenured generation   total 5619144K, used 4210344K [0x00007fbec9b50000, 0x00007fc020ac2000, 0x00007fc974600000)
   the space 5619144K,  74% used [0x00007fbec9b50000, 0x00007fbfcaafa290, 0x00007fbfcaafa400, 0x00007fc020ac2000)
 Metaspace       used 23253K, capacity 23614K, committed 23808K, reserved 24576K
}
Event: 15.473 GC heap after
{Heap after GC invocations=6 (full 4):
 def new generation   total 3152832K, used 0K [0x00007fb974600000, 0x00007fba4a300000, 0x00007fbec9b50000)
  eden space 2802560K,   0% used [0x00007fb974600000, 0x00007fb974600000, 0x00007fba1f6e0000)
  from space 350272K,   0% used [0x00007fba1f6e0000, 0x00007fba1f6e0000, 0x00007fba34cf0000)
  to   space 350272K,   0% used [0x00007fba34cf0000, 0x00007fba34cf0000, 0x00007fba4a300000)
 tenured generation   total 7006172K, used 4203703K [0x00007fbec9b50000, 0x00007fc075547000, 0x00007fc974600000)
   the space 7006172K,  59% used [0x00007fbec9b50000, 0x00007fbfca47dcc8, 0x00007fbfca47de00, 0x00007fc075547000)
 Metaspace       used 23253K, capacity 23614K, committed 23808K, reserved 24576K
}
Event: 38.615 GC heap before
{Heap before GC invocations=6 (full 4):
 def new generation   total 3152832K, used 55393K [0x00007fb974600000, 0x00007fba4a300000, 0x00007fbec9b50000)
  eden space 2802560K,   1% used [0x00007fb974600000, 0x00007fb977c18738, 0x00007fba1f6e0000)
  from space 350272K,   0% used [0x00007fba1f6e0000, 0x00007fba1f6e0000, 0x00007fba34cf0000)
  to   space 350272K,   0% used [0x00007fba34cf0000, 0x00007fba34cf0000, 0x00007fba4a300000)
 tenured generation   total 15394784K, used 12592311K [0x00007fbec9b50000, 0x00007fc275548000, 0x00007fc974600000)
   the space 15394784K,  81% used [0x00007fbec9b50000, 0x00007fc1ca47dce0, 0x00007fc1ca47de00, 0x00007fc275548000)
 Metaspace       used 23253K, capacity 23614K, committed 23808K, reserved 24576K
}
Event: 38.645 GC heap after
{Heap after GC invocations=7 (full 4):
 def new generation   total 3152832K, used 0K [0x00007fb974600000, 0x00007fba4a300000, 0x00007fbec9b50000)
  eden space 2802560K,   0% used [0x00007fb974600000, 0x00007fb974600000, 0x00007fba1f6e0000)
  from space 350272K,   0% used [0x00007fba34cf0000, 0x00007fba34cf0160, 0x00007fba4a300000)
  to   space 350272K,   0% used [0x00007fba1f6e0000, 0x00007fba1f6e0000, 0x00007fba34cf0000)
 tenured generation   total 15394784K, used 12592311K [0x00007fbec9b50000, 0x00007fc275548000, 0x00007fc974600000)
   the space 15394784K,  81% used [0x00007fbec9b50000, 0x00007fc1ca47dce0, 0x00007fc1ca47de00, 0x00007fc275548000)
 Metaspace       used 23253K, capacity 23614K, committed 23808K, reserved 24576K
}
Event: 38.645 GC heap before
{Heap before GC invocations=7 (full 4):
 def new generation   total 3152832K, used 0K [0x00007fb974600000, 0x00007fba4a300000, 0x00007fbec9b50000)
  eden space 2802560K,   0% used [0x00007fb974600000, 0x00007fb974600000, 0x00007fba1f6e0000)
  from space 350272K,   0% used [0x00007fba34cf0000, 0x00007fba34cf0160, 0x00007fba4a300000)
  to   space 350272K,   0% used [0x00007fba1f6e0000, 0x00007fba1f6e0000, 0x00007fba34cf0000)
 tenured generation   total 15394784K, used 12592311K [0x00007fbec9b50000, 0x00007fc275548000, 0x00007fc974600000)
   the space 15394784K,  81% used [0x00007fbec9b50000, 0x00007fc1ca47dce0, 0x00007fc1ca47de00, 0x00007fc275548000)
 Metaspace       used 23253K, capacity 23614K, committed 23808K, reserved 24576K
}

