# JRE version: OpenJDK Runtime Environment (13.0.7+5) (build 13.0.7+5-Ubuntu-0ubuntu120.04)
# Java VM: OpenJDK 64-Bit Server VM (13.0.7+5-Ubuntu-0ubuntu120.04, mixed mode, tiered, serial gc, linux-amd64)
Heap:
 def new generation   total 4577216K, used 0K [0x00007f86a8600000, 0x00007f87dec90000, 0x00007f91530a0000)
  eden space 4068672K,   0% used [0x00007f86a8600000, 0x00007f86a8600000, 0x00007f87a0b50000)
  from space 508544K,   0% used [0x00007f87bfbf0000, 0x00007f87bfbf0000, 0x00007f87dec90000)
  to   space 508544K,   0% used [0x00007f87a0b50000, 0x00007f87a0b50000, 0x00007f87bfbf0000)
 tenured generation   total 10187816K, used 10033067K [0x00007f91530a0000, 0x00007f93c0daa000, 0x00007fa6a8600000)
   the space 10187816K,  98% used [0x00007f91530a0000, 0x00007f93b768ae98, 0x00007f93b768b000, 0x00007f93c0daa000)
 Metaspace       used 24281K, capacity 24641K, committed 24832K, reserved 26624K
GC Heap History (20 events):
Event: 5178.606 GC heap after
{Heap after GC invocations=2950 (full 7):
 def new generation   total 4577216K, used 153672K [0x00007f86a8600000, 0x00007f87dec90000, 0x00007f91530a0000)
  eden space 4068672K,   0% used [0x00007f86a8600000, 0x00007f86a8600000, 0x00007f87a0b50000)
  from space 508544K,  30% used [0x00007f87a0b50000, 0x00007f87aa162308, 0x00007f87bfbf0000)
  to   space 508544K,   0% used [0x00007f87bfbf0000, 0x00007f87bfbf0000, 0x00007f87dec90000)
 tenured generation   total 10171428K, used 10097192K [0x00007f91530a0000, 0x00007f93bfda9000, 0x00007fa6a8600000)
   the space 10171428K,  99% used [0x00007f91530a0000, 0x00007f93bb52a368, 0x00007f93bb52a400, 0x00007f93bfda9000)
 Metaspace       used 24281K, capacity 24641K, committed 24832K, reserved 26624K
}
Event: 5183.756 GC heap before
{Heap before GC invocations=2950 (full 7):
 def new generation   total 4577216K, used 4222344K [0x00007f86a8600000, 0x00007f87dec90000, 0x00007f91530a0000)
  eden space 4068672K, 100% used [0x00007f86a8600000, 0x00007f87a0b50000, 0x00007f87a0b50000)
  from space 508544K,  30% used [0x00007f87a0b50000, 0x00007f87aa162308, 0x00007f87bfbf0000)
  to   space 508544K,   0% used [0x00007f87bfbf0000, 0x00007f87bfbf0000, 0x00007f87dec90000)
 tenured generation   total 10171428K, used 10097192K [0x00007f91530a0000, 0x00007f93bfda9000, 0x00007fa6a8600000)
   the space 10171428K,  99% used [0x00007f91530a0000, 0x00007f93bb52a368, 0x00007f93bb52a400, 0x00007f93bfda9000)
 Metaspace       used 24281K, capacity 24641K, committed 24832K, reserved 26624K
}
Event: 5183.921 GC heap after
{Heap after GC invocations=2951 (full 7):
 def new generation   total 4577216K, used 150068K [0x00007f86a8600000, 0x00007f87dec90000, 0x00007f91530a0000)
  eden space 4068672K,   0% used [0x00007f86a8600000, 0x00007f86a8600000, 0x00007f87a0b50000)
  from space 508544K,  29% used [0x00007f87bfbf0000, 0x00007f87c8e7d120, 0x00007f87dec90000)
  to   space 508544K,   0% used [0x00007f87a0b50000, 0x00007f87a0b50000, 0x00007f87bfbf0000)
 tenured generation   total 10171428K, used 10114152K [0x00007f91530a0000, 0x00007f93bfda9000, 0x00007fa6a8600000)
   the space 10171428K,  99% used [0x00007f91530a0000, 0x00007f93bc5ba360, 0x00007f93bc5ba400, 0x00007f93bfda9000)
 Metaspace       used 24281K, capacity 24641K, committed 24832K, reserved 26624K
}
Event: 5187.666 GC heap before
{Heap before GC invocations=2951 (full 7):
 def new generation   total 4577216K, used 4218740K [0x00007f86a8600000, 0x00007f87dec90000, 0x00007f91530a0000)
  eden space 4068672K, 100% used [0x00007f86a8600000, 0x00007f87a0b50000, 0x00007f87a0b50000)
  from space 508544K,  29% used [0x00007f87bfbf0000, 0x00007f87c8e7d120, 0x00007f87dec90000)
  to   space 508544K,   0% used [0x00007f87a0b50000, 0x00007f87a0b50000, 0x00007f87bfbf0000)
 tenured generation   total 10171428K, used 10114152K [0x00007f91530a0000, 0x00007f93bfda9000, 0x00007fa6a8600000)
   the space 10171428K,  99% used [0x00007f91530a0000, 0x00007f93bc5ba360, 0x00007f93bc5ba400, 0x00007f93bfda9000)
 Metaspace       used 24281K, capacity 24641K, committed 24832K, reserved 26624K
}
Event: 5187.816 GC heap after
{Heap after GC invocations=2952 (full 7):
 def new generation   total 4577216K, used 152645K [0x00007f86a8600000, 0x00007f87dec90000, 0x00007f91530a0000)
  eden space 4068672K,   0% used [0x00007f86a8600000, 0x00007f86a8600000, 0x00007f87a0b50000)
  from space 508544K,  30% used [0x00007f87a0b50000, 0x00007f87aa061568, 0x00007f87bfbf0000)
  to   space 508544K,   0% used [0x00007f87bfbf0000, 0x00007f87bfbf0000, 0x00007f87dec90000)
 tenured generation   total 10171428K, used 10114152K [0x00007f91530a0000, 0x00007f93bfda9000, 0x00007fa6a8600000)
   the space 10171428K,  99% used [0x00007f91530a0000, 0x00007f93bc5ba360, 0x00007f93bc5ba400, 0x00007f93bfda9000)
 Metaspace       used 24281K, capacity 24641K, committed 24832K, reserved 26624K
}
Event: 5192.669 GC heap before
{Heap before GC invocations=2952 (full 7):
 def new generation   total 4577216K, used 4221317K [0x00007f86a8600000, 0x00007f87dec90000, 0x00007f91530a0000)
  eden space 4068672K, 100% used [0x00007f86a8600000, 0x00007f87a0b50000, 0x00007f87a0b50000)
  from space 508544K,  30% used [0x00007f87a0b50000, 0x00007f87aa061568, 0x00007f87bfbf0000)
  to   space 508544K,   0% used [0x00007f87bfbf0000, 0x00007f87bfbf0000, 0x00007f87dec90000)
 tenured generation   total 10171428K, used 10114152K [0x00007f91530a0000, 0x00007f93bfda9000, 0x00007fa6a8600000)
   the space 10171428K,  99% used [0x00007f91530a0000, 0x00007f93bc5ba360, 0x00007f93bc5ba400, 0x00007f93bfda9000)
 Metaspace       used 24281K, capacity 24641K, committed 24832K, reserved 26624K
}
Event: 5192.817 GC heap after
{Heap after GC invocations=2953 (full 7):
 def new generation   total 4577216K, used 149057K [0x00007f86a8600000, 0x00007f87dec90000, 0x00007f91530a0000)
  eden space 4068672K,   0% used [0x00007f86a8600000, 0x00007f86a8600000, 0x00007f87a0b50000)
  from space 508544K,  29% used [0x00007f87bfbf0000, 0x00007f87c8d80658, 0x00007f87dec90000)
  to   space 508544K,   0% used [0x00007f87a0b50000, 0x00007f87a0b50000, 0x00007f87bfbf0000)
 tenured generation   total 10171428K, used 10131113K [0x00007f91530a0000, 0x00007f93bfda9000, 0x00007fa6a8600000)
   the space 10171428K,  99% used [0x00007f91530a0000, 0x00007f93bd64a6d8, 0x00007f93bd64a800, 0x00007f93bfda9000)
 Metaspace       used 24281K, capacity 24641K, committed 24832K, reserved 26624K
}
Event: 5196.577 GC heap before
{Heap before GC invocations=2953 (full 7):
 def new generation   total 4577216K, used 4217729K [0x00007f86a8600000, 0x00007f87dec90000, 0x00007f91530a0000)
  eden space 4068672K, 100% used [0x00007f86a8600000, 0x00007f87a0b50000, 0x00007f87a0b50000)
  from space 508544K,  29% used [0x00007f87bfbf0000, 0x00007f87c8d80658, 0x00007f87dec90000)
  to   space 508544K,   0% used [0x00007f87a0b50000, 0x00007f87a0b50000, 0x00007f87bfbf0000)
 tenured generation   total 10171428K, used 10131113K [0x00007f91530a0000, 0x00007f93bfda9000, 0x00007fa6a8600000)
   the space 10171428K,  99% used [0x00007f91530a0000, 0x00007f93bd64a6d8, 0x00007f93bd64a800, 0x00007f93bfda9000)
 Metaspace       used 24281K, capacity 24641K, committed 24832K, reserved 26624K
}
Event: 5196.695 GC heap after
{Heap after GC invocations=2954 (full 7):
 def new generation   total 4577216K, used 152647K [0x00007f86a8600000, 0x00007f87dec90000, 0x00007f91530a0000)
  eden space 4068672K,   0% used [0x00007f86a8600000, 0x00007f86a8600000, 0x00007f87a0b50000)
  from space 508544K,  30% used [0x00007f87a0b50000, 0x00007f87aa061e20, 0x00007f87bfbf0000)
  to   space 508544K,   0% used [0x00007f87bfbf0000, 0x00007f87bfbf0000, 0x00007f87dec90000)
 tenured generation   total 10171428K, used 10131113K [0x00007f91530a0000, 0x00007f93bfda9000, 0x00007fa6a8600000)
   the space 10171428K,  99% used [0x00007f91530a0000, 0x00007f93bd64a6d8, 0x00007f93bd64a800, 0x00007f93bfda9000)
 Metaspace       used 24281K, capacity 24641K, committed 24832K, reserved 26624K
}
Event: 5201.522 GC heap before
{Heap before GC invocations=2954 (full 7):
 def new generation   total 4577216K, used 4221319K [0x00007f86a8600000, 0x00007f87dec90000, 0x00007f91530a0000)
  eden space 4068672K, 100% used [0x00007f86a8600000, 0x00007f87a0b50000, 0x00007f87a0b50000)
  from space 508544K,  30% used [0x00007f87a0b50000, 0x00007f87aa061e20, 0x00007f87bfbf0000)
  to   space 508544K,   0% used [0x00007f87bfbf0000, 0x00007f87bfbf0000, 0x00007f87dec90000)
 tenured generation   total 10171428K, used 10131113K [0x00007f91530a0000, 0x00007f93bfda9000, 0x00007fa6a8600000)
   the space 10171428K,  99% used [0x00007f91530a0000, 0x00007f93bd64a6d8, 0x00007f93bd64a800, 0x00007f93bfda9000)
 Metaspace       used 24281K, capacity 24641K, committed 24832K, reserved 26624K
}
Event: 5201.678 GC heap after
{Heap after GC invocations=2955 (full 7):
 def new generation   total 4577216K, used 147005K [0x00007f86a8600000, 0x00007f87dec90000, 0x00007f91530a0000)
  eden space 4068672K,   0% used [0x00007f86a8600000, 0x00007f86a8600000, 0x00007f87a0b50000)
  from space 508544K,  28% used [0x00007f87bfbf0000, 0x00007f87c8b7f778, 0x00007f87dec90000)
  to   space 508544K,   0% used [0x00007f87a0b50000, 0x00007f87a0b50000, 0x00007f87bfbf0000)
 tenured generation   total 10171428K, used 10148073K [0x00007f91530a0000, 0x00007f93bfda9000, 0x00007fa6a8600000)
   the space 10171428K,  99% used [0x00007f91530a0000, 0x00007f93be6da6d0, 0x00007f93be6da800, 0x00007f93bfda9000)
 Metaspace       used 24281K, capacity 24641K, committed 24832K, reserved 26624K
}
Event: 5205.521 GC heap before
{Heap before GC invocations=2955 (full 7):
 def new generation   total 4577216K, used 4215677K [0x00007f86a8600000, 0x00007f87dec90000, 0x00007f91530a0000)
  eden space 4068672K, 100% used [0x00007f86a8600000, 0x00007f87a0b50000, 0x00007f87a0b50000)
  from space 508544K,  28% used [0x00007f87bfbf0000, 0x00007f87c8b7f778, 0x00007f87dec90000)
  to   space 508544K,   0% used [0x00007f87a0b50000, 0x00007f87a0b50000, 0x00007f87bfbf0000)
 tenured generation   total 10171428K, used 10148073K [0x00007f91530a0000, 0x00007f93bfda9000, 0x00007fa6a8600000)
   the space 10171428K,  99% used [0x00007f91530a0000, 0x00007f93be6da6d0, 0x00007f93be6da800, 0x00007f93bfda9000)
 Metaspace       used 24281K, capacity 24641K, committed 24832K, reserved 26624K
}
Event: 5205.640 GC heap after
{Heap after GC invocations=2956 (full 7):
 def new generation   total 4577216K, used 153144K [0x00007f86a8600000, 0x00007f87dec90000, 0x00007f91530a0000)
  eden space 4068672K,   0% used [0x00007f86a8600000, 0x00007f86a8600000, 0x00007f87a0b50000)
  from space 508544K,  30% used [0x00007f87a0b50000, 0x00007f87aa0de028, 0x00007f87bfbf0000)
  to   space 508544K,   0% used [0x00007f87bfbf0000, 0x00007f87bfbf0000, 0x00007f87dec90000)
 tenured generation   total 10171428K, used 10148073K [0x00007f91530a0000, 0x00007f93bfda9000, 0x00007fa6a8600000)
   the space 10171428K,  99% used [0x00007f91530a0000, 0x00007f93be6da6d0, 0x00007f93be6da800, 0x00007f93bfda9000)
 Metaspace       used 24281K, capacity 24641K, committed 24832K, reserved 26624K
}
Event: 5210.589 GC heap before
{Heap before GC invocations=2956 (full 7):
 def new generation   total 4577216K, used 4221816K [0x00007f86a8600000, 0x00007f87dec90000, 0x00007f91530a0000)
  eden space 4068672K, 100% used [0x00007f86a8600000, 0x00007f87a0b50000, 0x00007f87a0b50000)
  from space 508544K,  30% used [0x00007f87a0b50000, 0x00007f87aa0de028, 0x00007f87bfbf0000)
  to   space 508544K,   0% used [0x00007f87bfbf0000, 0x00007f87bfbf0000, 0x00007f87dec90000)
 tenured generation   total 10171428K, used 10148073K [0x00007f91530a0000, 0x00007f93bfda9000, 0x00007fa6a8600000)
   the space 10171428K,  99% used [0x00007f91530a0000, 0x00007f93be6da6d0, 0x00007f93be6da800, 0x00007f93bfda9000)
 Metaspace       used 24281K, capacity 24641K, committed 24832K, reserved 26624K
}
Event: 5210.733 GC heap after
{Heap after GC invocations=2957 (full 7):
 def new generation   total 4577216K, used 145982K [0x00007f86a8600000, 0x00007f87dec90000, 0x00007f91530a0000)
  eden space 4068672K,   0% used [0x00007f86a8600000, 0x00007f86a8600000, 0x00007f87a0b50000)
  from space 508544K,  28% used [0x00007f87bfbf0000, 0x00007f87c8a7fab0, 0x00007f87dec90000)
  to   space 508544K,   0% used [0x00007f87a0b50000, 0x00007f87a0b50000, 0x00007f87bfbf0000)
 tenured generation   total 10171428K, used 10165033K [0x00007f91530a0000, 0x00007f93bfda9000, 0x00007fa6a8600000)
   the space 10171428K,  99% used [0x00007f91530a0000, 0x00007f93bf76a6c8, 0x00007f93bf76a800, 0x00007f93bfda9000)
 Metaspace       used 24281K, capacity 24641K, committed 24832K, reserved 26624K
}
Event: 5214.915 GC heap before
{Heap before GC invocations=2957 (full 7):
 def new generation   total 4577216K, used 4214654K [0x00007f86a8600000, 0x00007f87dec90000, 0x00007f91530a0000)
  eden space 4068672K, 100% used [0x00007f86a8600000, 0x00007f87a0b50000, 0x00007f87a0b50000)
  from space 508544K,  28% used [0x00007f87bfbf0000, 0x00007f87c8a7fab0, 0x00007f87dec90000)
  to   space 508544K,   0% used [0x00007f87a0b50000, 0x00007f87a0b50000, 0x00007f87bfbf0000)
 tenured generation   total 10171428K, used 10165033K [0x00007f91530a0000, 0x00007f93bfda9000, 0x00007fa6a8600000)
   the space 10171428K,  99% used [0x00007f91530a0000, 0x00007f93bf76a6c8, 0x00007f93bf76a800, 0x00007f93bfda9000)
 Metaspace       used 24281K, capacity 24641K, committed 24832K, reserved 26624K
}
Event: 5215.034 GC heap after
{Heap after GC invocations=2958 (full 7):
 def new generation   total 4577216K, used 152638K [0x00007f86a8600000, 0x00007f87dec90000, 0x00007f91530a0000)
  eden space 4068672K,   0% used [0x00007f86a8600000, 0x00007f86a8600000, 0x00007f87a0b50000)
  from space 508544K,  30% used [0x00007f87a0b50000, 0x00007f87aa05faf8, 0x00007f87bfbf0000)
  to   space 508544K,   0% used [0x00007f87bfbf0000, 0x00007f87bfbf0000, 0x00007f87dec90000)
 tenured generation   total 10171428K, used 10165033K [0x00007f91530a0000, 0x00007f93bfda9000, 0x00007fa6a8600000)
   the space 10171428K,  99% used [0x00007f91530a0000, 0x00007f93bf76a6c8, 0x00007f93bf76a800, 0x00007f93bfda9000)
 Metaspace       used 24281K, capacity 24641K, committed 24832K, reserved 26624K
}
Event: 5219.746 GC heap before
{Heap before GC invocations=2958 (full 7):
 def new generation   total 4577216K, used 4217908K [0x00007f86a8600000, 0x00007f87dec90000, 0x00007f91530a0000)
  eden space 4068672K,  99% used [0x00007f86a8600000, 0x00007f87a07fd580, 0x00007f87a0b50000)
  from space 508544K,  30% used [0x00007f87a0b50000, 0x00007f87aa05faf8, 0x00007f87bfbf0000)
  to   space 508544K,   0% used [0x00007f87bfbf0000, 0x00007f87bfbf0000, 0x00007f87dec90000)
 tenured generation   total 10171428K, used 10165033K [0x00007f91530a0000, 0x00007f93bfda9000, 0x00007fa6a8600000)
   the space 10171428K,  99% used [0x00007f91530a0000, 0x00007f93bf76a6c8, 0x00007f93bf76a800, 0x00007f93bfda9000)
 Metaspace       used 24281K, capacity 24641K, committed 24832K, reserved 26624K
}
Event: 5219.942 GC heap after
{Heap after GC invocations=2959 (full 7):
 def new generation   total 4577216K, used 153716K [0x00007f86a8600000, 0x00007f87dec90000, 0x00007f91530a0000)
  eden space 4068672K,   0% used [0x00007f86a8600000, 0x00007f86a8600000, 0x00007f87a0b50000)
  from space 508544K,  30% used [0x00007f87bfbf0000, 0x00007f87c920d018, 0x00007f87dec90000)
  to   space 508544K,   0% used [0x00007f87a0b50000, 0x00007f87a0b50000, 0x00007f87bfbf0000)
 tenured generation   total 10187816K, used 10181993K [0x00007f91530a0000, 0x00007f93c0daa000, 0x00007fa6a8600000)
   the space 10187816K,  99% used [0x00007f91530a0000, 0x00007f93c07fa6c0, 0x00007f93c07fa800, 0x00007f93c0daa000)
 Metaspace       used 24281K, capacity 24641K, committed 24832K, reserved 26624K
}
Event: 5219.942 GC heap before
{Heap before GC invocations=2959 (full 7):
 def new generation   total 4577216K, used 153716K [0x00007f86a8600000, 0x00007f87dec90000, 0x00007f91530a0000)
  eden space 4068672K,   0% used [0x00007f86a8600000, 0x00007f86a8600000, 0x00007f87a0b50000)
  from space 508544K,  30% used [0x00007f87bfbf0000, 0x00007f87c920d018, 0x00007f87dec90000)
  to   space 508544K,   0% used [0x00007f87a0b50000, 0x00007f87a0b50000, 0x00007f87bfbf0000)
 tenured generation   total 10187816K, used 10181993K [0x00007f91530a0000, 0x00007f93c0daa000, 0x00007fa6a8600000)
   the space 10187816K,  99% used [0x00007f91530a0000, 0x00007f93c07fa6c0, 0x00007f93c07fa800, 0x00007f93c0daa000)
 Metaspace       used 24281K, capacity 24641K, committed 24832K, reserved 26624K
}

