# JRE version: OpenJDK Runtime Environment (13.0.7+5) (build 13.0.7+5-Ubuntu-0ubuntu120.04)
# Java VM: OpenJDK 64-Bit Server VM (13.0.7+5-Ubuntu-0ubuntu120.04, mixed mode, tiered, serial gc, linux-amd64)
Heap:
 def new generation   total 797888K, used 0K [0x00007f0ad0600000, 0x00007f0b067c0000, 0x00007f1025b50000)
  eden space 709248K,   0% used [0x00007f0ad0600000, 0x00007f0ad0600000, 0x00007f0afbaa0000)
  from space 88640K,   0% used [0x00007f0b01130000, 0x00007f0b01130000, 0x00007f0b067c0000)
  to   space 88640K,   0% used [0x00007f0afbaa0000, 0x00007f0afbaa0000, 0x00007f0b01130000)
 tenured generation   total 7005912K, used 4203545K [0x00007f1025b50000, 0x00007f11d1506000, 0x00007f1ad0600000)
   the space 7005912K,  59% used [0x00007f1025b50000, 0x00007f11264566e0, 0x00007f1126456800, 0x00007f11d1506000)
 Metaspace       used 23263K, capacity 23670K, committed 23808K, reserved 24576K
GC Heap History (20 events):
Event: 3.968 GC heap after
{Heap after GC invocations=2 (full 1):
 def new generation   total 629248K, used 1481K [0x00007f0ad0600000, 0x00007f0afb0c0000, 0x00007f1025b50000)
  eden space 559360K,   0% used [0x00007f0ad0600000, 0x00007f0ad0600000, 0x00007f0af2840000)
  from space 69888K,   2% used [0x00007f0af6c80000, 0x00007f0af6df27a0, 0x00007f0afb0c0000)
  to   space 69888K,   0% used [0x00007f0af2840000, 0x00007f0af2840000, 0x00007f0af6c80000)
 tenured generation   total 1398144K, used 13989K [0x00007f1025b50000, 0x00007f107b0b0000, 0x00007f1ad0600000)
   the space 1398144K,   1% used [0x00007f1025b50000, 0x00007f10268f95b0, 0x00007f10268f9600, 0x00007f107b0b0000)
 Metaspace       used 23258K, capacity 23606K, committed 23808K, reserved 24576K
}
Event: 4.196 GC heap before
{Heap before GC invocations=2 (full 1):
 def new generation   total 629248K, used 312973K [0x00007f0ad0600000, 0x00007f0afb0c0000, 0x00007f1025b50000)
  eden space 559360K,  55% used [0x00007f0ad0600000, 0x00007f0ae3630f40, 0x00007f0af2840000)
  from space 69888K,   2% used [0x00007f0af6c80000, 0x00007f0af6df27a0, 0x00007f0afb0c0000)
  to   space 69888K,   0% used [0x00007f0af2840000, 0x00007f0af2840000, 0x00007f0af6c80000)
 tenured generation   total 1398144K, used 13989K [0x00007f1025b50000, 0x00007f107b0b0000, 0x00007f1ad0600000)
   the space 1398144K,   1% used [0x00007f1025b50000, 0x00007f10268f95b0, 0x00007f10268f9600, 0x00007f107b0b0000)
 Metaspace       used 23263K, capacity 23670K, committed 23808K, reserved 24576K
}
Event: 4.240 GC heap after
{Heap after GC invocations=3 (full 1):
 def new generation   total 629248K, used 66490K [0x00007f0ad0600000, 0x00007f0afb0c0000, 0x00007f1025b50000)
  eden space 559360K,   0% used [0x00007f0ad0600000, 0x00007f0ad0600000, 0x00007f0af2840000)
  from space 69888K,  95% used [0x00007f0af2840000, 0x00007f0af692e990, 0x00007f0af6c80000)
  to   space 69888K,   0% used [0x00007f0af6c80000, 0x00007f0af6c80000, 0x00007f0afb0c0000)
 tenured generation   total 1398144K, used 79525K [0x00007f1025b50000, 0x00007f107b0b0000, 0x00007f1ad0600000)
   the space 1398144K,   5% used [0x00007f1025b50000, 0x00007f102a8f95c8, 0x00007f102a8f9600, 0x00007f107b0b0000)
 Metaspace       used 23263K, capacity 23670K, committed 23808K, reserved 24576K
}
Event: 4.596 GC heap before
{Heap before GC invocations=3 (full 1):
 def new generation   total 629248K, used 601675K [0x00007f0ad0600000, 0x00007f0afb0c0000, 0x00007f1025b50000)
  eden space 559360K,  95% used [0x00007f0ad0600000, 0x00007f0af10a4278, 0x00007f0af2840000)
  from space 69888K,  95% used [0x00007f0af2840000, 0x00007f0af692e990, 0x00007f0af6c80000)
  to   space 69888K,   0% used [0x00007f0af6c80000, 0x00007f0af6c80000, 0x00007f0afb0c0000)
 tenured generation   total 1398144K, used 79525K [0x00007f1025b50000, 0x00007f107b0b0000, 0x00007f1ad0600000)
   the space 1398144K,   5% used [0x00007f1025b50000, 0x00007f102a8f95c8, 0x00007f102a8f9600, 0x00007f107b0b0000)
 Metaspace       used 23263K, capacity 23670K, committed 23808K, reserved 24576K
}
Event: 4.955 GC heap after
{Heap after GC invocations=4 (full 1):
 def new generation   total 629248K, used 0K [0x00007f0ad0600000, 0x00007f0afb0c0000, 0x00007f1025b50000)
  eden space 559360K,   0% used [0x00007f0ad0600000, 0x00007f0ad0600000, 0x00007f0af2840000)
  from space 69888K,   0% used [0x00007f0af6c80000, 0x00007f0af6c80200, 0x00007f0afb0c0000)
  to   space 69888K,   0% used [0x00007f0af2840000, 0x00007f0af2840000, 0x00007f0af6c80000)
 tenured generation   total 1398144K, used 604766K [0x00007f1025b50000, 0x00007f107b0b0000, 0x00007f1ad0600000)
   the space 1398144K,  43% used [0x00007f1025b50000, 0x00007f104a9e7bb0, 0x00007f104a9e7c00, 0x00007f107b0b0000)
 Metaspace       used 23263K, capacity 23670K, committed 23808K, reserved 24576K
}
Event: 5.778 GC heap before
{Heap before GC invocations=4 (full 1):
 def new generation   total 629248K, used 535207K [0x00007f0ad0600000, 0x00007f0afb0c0000, 0x00007f1025b50000)
  eden space 559360K,  95% used [0x00007f0ad0600000, 0x00007f0af10a9ac0, 0x00007f0af2840000)
  from space 69888K,   0% used [0x00007f0af6c80000, 0x00007f0af6c80200, 0x00007f0afb0c0000)
  to   space 69888K,   0% used [0x00007f0af2840000, 0x00007f0af2840000, 0x00007f0af6c80000)
 tenured generation   total 1398144K, used 604766K [0x00007f1025b50000, 0x00007f107b0b0000, 0x00007f1ad0600000)
   the space 1398144K,  43% used [0x00007f1025b50000, 0x00007f104a9e7bb0, 0x00007f104a9e7c00, 0x00007f107b0b0000)
 Metaspace       used 23263K, capacity 23670K, committed 23808K, reserved 24576K
}
Event: 6.386 GC heap after
{Heap after GC invocations=5 (full 1):
 def new generation   total 629248K, used 1K [0x00007f0ad0600000, 0x00007f0afb0c0000, 0x00007f1025b50000)
  eden space 559360K,   0% used [0x00007f0ad0600000, 0x00007f0ad0600000, 0x00007f0af2840000)
  from space 69888K,   0% used [0x00007f0af2840000, 0x00007f0af2840710, 0x00007f0af6c80000)
  to   space 69888K,   0% used [0x00007f0af6c80000, 0x00007f0af6c80000, 0x00007f0afb0c0000)
 tenured generation   total 1398144K, used 1129054K [0x00007f1025b50000, 0x00007f107b0b0000, 0x00007f1ad0600000)
   the space 1398144K,  80% used [0x00007f1025b50000, 0x00007f106a9e7bf8, 0x00007f106a9e7c00, 0x00007f107b0b0000)
 Metaspace       used 23263K, capacity 23670K, committed 23808K, reserved 24576K
}
Event: 7.322 GC heap before
{Heap before GC invocations=5 (full 1):
 def new generation   total 629248K, used 501099K [0x00007f0ad0600000, 0x00007f0afb0c0000, 0x00007f1025b50000)
  eden space 559360K,  89% used [0x00007f0ad0600000, 0x00007f0aeef5a6b0, 0x00007f0af2840000)
  from space 69888K,   0% used [0x00007f0af2840000, 0x00007f0af2840710, 0x00007f0af6c80000)
  to   space 69888K,   0% used [0x00007f0af6c80000, 0x00007f0af6c80000, 0x00007f0afb0c0000)
 tenured generation   total 1398144K, used 1129054K [0x00007f1025b50000, 0x00007f107b0b0000, 0x00007f1ad0600000)
   the space 1398144K,  80% used [0x00007f1025b50000, 0x00007f106a9e7bf8, 0x00007f106a9e7c00, 0x00007f107b0b0000)
 Metaspace       used 23263K, capacity 23670K, committed 23808K, reserved 24576K
}
Event: 7.640 GC heap after
{Heap after GC invocations=6 (full 1):
 def new generation   total 629248K, used 10431K [0x00007f0ad0600000, 0x00007f0afb0c0000, 0x00007f1025b50000)
  eden space 559360K,   0% used [0x00007f0ad0600000, 0x00007f0ad0600000, 0x00007f0af2840000)
  from space 69888K,  14% used [0x00007f0af6c80000, 0x00007f0af76afc18, 0x00007f0afb0c0000)
  to   space 69888K,   0% used [0x00007f0af2840000, 0x00007f0af2840000, 0x00007f0af6c80000)
 tenured generation   total 1398144K, used 1391199K [0x00007f1025b50000, 0x00007f107b0b0000, 0x00007f1ad0600000)
   the space 1398144K,  99% used [0x00007f1025b50000, 0x00007f107a9e7c10, 0x00007f107a9e7e00, 0x00007f107b0b0000)
 Metaspace       used 23263K, capacity 23670K, committed 23808K, reserved 24576K
}
Event: 8.279 GC heap before
{Heap before GC invocations=6 (full 1):
 def new generation   total 629248K, used 365104K [0x00007f0ad0600000, 0x00007f0afb0c0000, 0x00007f1025b50000)
  eden space 559360K,  63% used [0x00007f0ad0600000, 0x00007f0ae605c408, 0x00007f0af2840000)
  from space 69888K,  14% used [0x00007f0af6c80000, 0x00007f0af76afc18, 0x00007f0afb0c0000)
  to   space 69888K,   0% used [0x00007f0af2840000, 0x00007f0af2840000, 0x00007f0af6c80000)
 tenured generation   total 1398144K, used 1391199K [0x00007f1025b50000, 0x00007f107b0b0000, 0x00007f1ad0600000)
   the space 1398144K,  99% used [0x00007f1025b50000, 0x00007f107a9e7c10, 0x00007f107a9e7e00, 0x00007f107b0b0000)
 Metaspace       used 23263K, capacity 23670K, committed 23808K, reserved 24576K
}
Event: 8.287 GC heap after
{Heap after GC invocations=7 (full 1):
 def new generation   total 629248K, used 11105K [0x00007f0ad0600000, 0x00007f0afb0c0000, 0x00007f1025b50000)
  eden space 559360K,   0% used [0x00007f0ad0600000, 0x00007f0ad0600000, 0x00007f0af2840000)
  from space 69888K,  15% used [0x00007f0af2840000, 0x00007f0af33185f0, 0x00007f0af6c80000)
  to   space 69888K,   0% used [0x00007f0af6c80000, 0x00007f0af6c80000, 0x00007f0afb0c0000)
 tenured generation   total 1398144K, used 1391199K [0x00007f1025b50000, 0x00007f107b0b0000, 0x00007f1ad0600000)
   the space 1398144K,  99% used [0x00007f1025b50000, 0x00007f107a9e7c10, 0x00007f107a9e7e00, 0x00007f107b0b0000)
 Metaspace       used 23263K, capacity 23670K, committed 23808K, reserved 24576K
}
Event: 8.287 GC heap before
{Heap before GC invocations=7 (full 1):
 def new generation   total 629248K, used 11105K [0x00007f0ad0600000, 0x00007f0afb0c0000, 0x00007f1025b50000)
  eden space 559360K,   0% used [0x00007f0ad0600000, 0x00007f0ad0600000, 0x00007f0af2840000)
  from space 69888K,  15% used [0x00007f0af2840000, 0x00007f0af33185f0, 0x00007f0af6c80000)
  to   space 69888K,   0% used [0x00007f0af6c80000, 0x00007f0af6c80000, 0x00007f0afb0c0000)
 tenured generation   total 1398144K, used 1391199K [0x00007f1025b50000, 0x00007f107b0b0000, 0x00007f1ad0600000)
   the space 1398144K,  99% used [0x00007f1025b50000, 0x00007f107a9e7c10, 0x00007f107a9e7e00, 0x00007f107b0b0000)
 Metaspace       used 23263K, capacity 23670K, committed 23808K, reserved 24576K
}
Event: 8.334 GC heap after
{Heap after GC invocations=7 (full 2):
 def new generation   total 629248K, used 0K [0x00007f0ad0600000, 0x00007f0afb0c0000, 0x00007f1025b50000)
  eden space 559360K,   0% used [0x00007f0ad0600000, 0x00007f0ad0600000, 0x00007f0af2840000)
  from space 69888K,   0% used [0x00007f0af2840000, 0x00007f0af2840000, 0x00007f0af6c80000)
  to   space 69888K,   0% used [0x00007f0af6c80000, 0x00007f0af6c80000, 0x00007f0afb0c0000)
 tenured generation   total 1398144K, used 15226K [0x00007f1025b50000, 0x00007f107b0b0000, 0x00007f1ad0600000)
   the space 1398144K,   1% used [0x00007f1025b50000, 0x00007f1026a2eba0, 0x00007f1026a2ec00, 0x00007f107b0b0000)
 Metaspace       used 23263K, capacity 23670K, committed 23808K, reserved 24576K
}
Event: 9.678 GC heap before
{Heap before GC invocations=7 (full 2):
 def new generation   total 629248K, used 10916K [0x00007f0ad0600000, 0x00007f0afb0c0000, 0x00007f1025b50000)
  eden space 559360K,   1% used [0x00007f0ad0600000, 0x00007f0ad10a92e0, 0x00007f0af2840000)
  from space 69888K,   0% used [0x00007f0af2840000, 0x00007f0af2840000, 0x00007f0af6c80000)
  to   space 69888K,   0% used [0x00007f0af6c80000, 0x00007f0af6c80000, 0x00007f0afb0c0000)
 tenured generation   total 1398144K, used 1063802K [0x00007f1025b50000, 0x00007f107b0b0000, 0x00007f1ad0600000)
   the space 1398144K,  76% used [0x00007f1025b50000, 0x00007f1066a2ebb8, 0x00007f1066a2ec00, 0x00007f107b0b0000)
 Metaspace       used 23263K, capacity 23670K, committed 23808K, reserved 24576K
}
Event: 9.679 GC heap after
{Heap after GC invocations=8 (full 2):
 def new generation   total 629248K, used 0K [0x00007f0ad0600000, 0x00007f0afb0c0000, 0x00007f1025b50000)
  eden space 559360K,   0% used [0x00007f0ad0600000, 0x00007f0ad0600000, 0x00007f0af2840000)
  from space 69888K,   0% used [0x00007f0af6c80000, 0x00007f0af6c80360, 0x00007f0afb0c0000)
  to   space 69888K,   0% used [0x00007f0af2840000, 0x00007f0af2840000, 0x00007f0af6c80000)
 tenured generation   total 1398144K, used 1063802K [0x00007f1025b50000, 0x00007f107b0b0000, 0x00007f1ad0600000)
   the space 1398144K,  76% used [0x00007f1025b50000, 0x00007f1066a2ebb8, 0x00007f1066a2ec00, 0x00007f107b0b0000)
 Metaspace       used 23263K, capacity 23670K, committed 23808K, reserved 24576K
}
Event: 9.679 GC heap before
{Heap before GC invocations=8 (full 2):
 def new generation   total 629248K, used 0K [0x00007f0ad0600000, 0x00007f0afb0c0000, 0x00007f1025b50000)
  eden space 559360K,   0% used [0x00007f0ad0600000, 0x00007f0ad0600000, 0x00007f0af2840000)
  from space 69888K,   0% used [0x00007f0af6c80000, 0x00007f0af6c80360, 0x00007f0afb0c0000)
  to   space 69888K,   0% used [0x00007f0af2840000, 0x00007f0af2840000, 0x00007f0af6c80000)
 tenured generation   total 1398144K, used 1063802K [0x00007f1025b50000, 0x00007f107b0b0000, 0x00007f1ad0600000)
   the space 1398144K,  76% used [0x00007f1025b50000, 0x00007f1066a2ebb8, 0x00007f1066a2ec00, 0x00007f107b0b0000)
 Metaspace       used 23263K, capacity 23670K, committed 23808K, reserved 24576K
}
Event: 9.717 GC heap after
{Heap after GC invocations=8 (full 3):
 def new generation   total 797888K, used 0K [0x00007f0ad0600000, 0x00007f0b067c0000, 0x00007f1025b50000)
  eden space 709248K,   0% used [0x00007f0ad0600000, 0x00007f0ad0600000, 0x00007f0afbaa0000)
  from space 88640K,   0% used [0x00007f0afbaa0000, 0x00007f0afbaa0000, 0x00007f0b01130000)
  to   space 88640K,   0% used [0x00007f0b01130000, 0x00007f0b01130000, 0x00007f0b067c0000)
 tenured generation   total 1773008K, used 1063803K [0x00007f1025b50000, 0x00007f1091ec4000, 0x00007f1ad0600000)
   the space 1773008K,  59% used [0x00007f1025b50000, 0x00007f1066a2ef18, 0x00007f1066a2f000, 0x00007f1091ec4000)
 Metaspace       used 23263K, capacity 23670K, committed 23808K, reserved 24576K
}
Event: 18.311 GC heap before
{Heap before GC invocations=8 (full 3):
 def new generation   total 797888K, used 13841K [0x00007f0ad0600000, 0x00007f0b067c0000, 0x00007f1025b50000)
  eden space 709248K,   1% used [0x00007f0ad0600000, 0x00007f0ad13847f8, 0x00007f0afbaa0000)
  from space 88640K,   0% used [0x00007f0afbaa0000, 0x00007f0afbaa0000, 0x00007f0b01130000)
  to   space 88640K,   0% used [0x00007f0b01130000, 0x00007f0b01130000, 0x00007f0b067c0000)
 tenured generation   total 5967316K, used 5258107K [0x00007f1025b50000, 0x00007f1191ec5000, 0x00007f1ad0600000)
   the space 5967316K,  88% used [0x00007f1025b50000, 0x00007f1166a2ef30, 0x00007f1166a2f000, 0x00007f1191ec5000)
 Metaspace       used 23263K, capacity 23670K, committed 23808K, reserved 24576K
}
Event: 18.325 GC heap after
{Heap after GC invocations=9 (full 3):
 def new generation   total 797888K, used 0K [0x00007f0ad0600000, 0x00007f0b067c0000, 0x00007f1025b50000)
  eden space 709248K,   0% used [0x00007f0ad0600000, 0x00007f0ad0600000, 0x00007f0afbaa0000)
  from space 88640K,   0% used [0x00007f0b01130000, 0x00007f0b011302c8, 0x00007f0b067c0000)
  to   space 88640K,   0% used [0x00007f0afbaa0000, 0x00007f0afbaa0000, 0x00007f0b01130000)
 tenured generation   total 5967316K, used 5258107K [0x00007f1025b50000, 0x00007f1191ec5000, 0x00007f1ad0600000)
   the space 5967316K,  88% used [0x00007f1025b50000, 0x00007f1166a2ef30, 0x00007f1166a2f000, 0x00007f1191ec5000)
 Metaspace       used 23263K, capacity 23670K, committed 23808K, reserved 24576K
}
Event: 18.325 GC heap before
{Heap before GC invocations=9 (full 3):
 def new generation   total 797888K, used 0K [0x00007f0ad0600000, 0x00007f0b067c0000, 0x00007f1025b50000)
  eden space 709248K,   0% used [0x00007f0ad0600000, 0x00007f0ad0600000, 0x00007f0afbaa0000)
  from space 88640K,   0% used [0x00007f0b01130000, 0x00007f0b011302c8, 0x00007f0b067c0000)
  to   space 88640K,   0% used [0x00007f0afbaa0000, 0x00007f0afbaa0000, 0x00007f0b01130000)
 tenured generation   total 5967316K, used 5258107K [0x00007f1025b50000, 0x00007f1191ec5000, 0x00007f1ad0600000)
   the space 5967316K,  88% used [0x00007f1025b50000, 0x00007f1166a2ef30, 0x00007f1166a2f000, 0x00007f1191ec5000)
 Metaspace       used 23263K, capacity 23670K, committed 23808K, reserved 24576K
}

