# JRE version: OpenJDK Runtime Environment (13.0.7+5) (build 13.0.7+5-Ubuntu-0ubuntu120.04)
# Java VM: OpenJDK 64-Bit Server VM (13.0.7+5-Ubuntu-0ubuntu120.04, mixed mode, tiered, serial gc, linux-amd64)
Heap:
 def new generation   total 3049024K, used 0K [0x00007f177c600000, 0x00007f184b260000, 0x00007f1cd1b50000)
  eden space 2710272K,   0% used [0x00007f177c600000, 0x00007f177c600000, 0x00007f1821cc0000)
  from space 338752K,   0% used [0x00007f1836790000, 0x00007f1836790000, 0x00007f184b260000)
  to   space 338752K,   0% used [0x00007f1821cc0000, 0x00007f1821cc0000, 0x00007f1836790000)
 tenured generation   total 6869520K, used 5474840K [0x00007f1cd1b50000, 0x00007f1e74fd4000, 0x00007f277c600000)
   the space 6869520K,  79% used [0x00007f1cd1b50000, 0x00007f1e1fdd6310, 0x00007f1e1fdd6400, 0x00007f1e74fd4000)
 Metaspace       used 30375K, capacity 30791K, committed 30976K, reserved 32768K
GC Heap History (20 events):
Event: 180.768 GC heap after
{Heap after GC invocations=54 (full 6):
 def new generation   total 2300032K, used 181223K [0x00007f177c600000, 0x00007f18185b0000, 0x00007f1cd1b50000)
  eden space 2044480K,   0% used [0x00007f177c600000, 0x00007f177c600000, 0x00007f17f9290000)
  from space 255552K,  70% used [0x00007f1808c20000, 0x00007f1813d19ee0, 0x00007f18185b0000)
  to   space 255552K,   0% used [0x00007f17f9290000, 0x00007f17f9290000, 0x00007f1808c20000)
 tenured generation   total 5111036K, used 4613891K [0x00007f1cd1b50000, 0x00007f1e09a8f000, 0x00007f277c600000)
   the space 5111036K,  90% used [0x00007f1cd1b50000, 0x00007f1deb510c60, 0x00007f1deb510e00, 0x00007f1e09a8f000)
 Metaspace       used 30374K, capacity 30791K, committed 30976K, reserved 32768K
}
Event: 188.204 GC heap before
{Heap before GC invocations=54 (full 6):
 def new generation   total 2300032K, used 2225703K [0x00007f177c600000, 0x00007f18185b0000, 0x00007f1cd1b50000)
  eden space 2044480K, 100% used [0x00007f177c600000, 0x00007f17f9290000, 0x00007f17f9290000)
  from space 255552K,  70% used [0x00007f1808c20000, 0x00007f1813d19ee0, 0x00007f18185b0000)
  to   space 255552K,   0% used [0x00007f17f9290000, 0x00007f17f9290000, 0x00007f1808c20000)
 tenured generation   total 5111036K, used 4613891K [0x00007f1cd1b50000, 0x00007f1e09a8f000, 0x00007f277c600000)
   the space 5111036K,  90% used [0x00007f1cd1b50000, 0x00007f1deb510c60, 0x00007f1deb510e00, 0x00007f1e09a8f000)
 Metaspace       used 30374K, capacity 30791K, committed 30976K, reserved 32768K
}
Event: 189.840 GC heap after
{Heap after GC invocations=55 (full 6):
 def new generation   total 2300032K, used 255552K [0x00007f177c600000, 0x00007f18185b0000, 0x00007f1cd1b50000)
  eden space 2044480K,   0% used [0x00007f177c600000, 0x00007f177c600000, 0x00007f17f9290000)
  from space 255552K, 100% used [0x00007f17f9290000, 0x00007f1808c20000, 0x00007f1808c20000)
  to   space 255552K,   0% used [0x00007f1808c20000, 0x00007f1808c20000, 0x00007f18185b0000)
 tenured generation   total 5228924K, used 5228779K [0x00007f1cd1b50000, 0x00007f1e10daf000, 0x00007f277c600000)
   the space 5228924K,  99% used [0x00007f1cd1b50000, 0x00007f1e10d8ad98, 0x00007f1e10d8ae00, 0x00007f1e10daf000)
 Metaspace       used 30374K, capacity 30791K, committed 30976K, reserved 32768K
}
Event: 189.840 GC heap before
{Heap before GC invocations=55 (full 6):
 def new generation   total 2300032K, used 255552K [0x00007f177c600000, 0x00007f18185b0000, 0x00007f1cd1b50000)
  eden space 2044480K,   0% used [0x00007f177c600000, 0x00007f177c600000, 0x00007f17f9290000)
  from space 255552K, 100% used [0x00007f17f9290000, 0x00007f1808c20000, 0x00007f1808c20000)
  to   space 255552K,   0% used [0x00007f1808c20000, 0x00007f1808c20000, 0x00007f18185b0000)
 tenured generation   total 5228924K, used 5228779K [0x00007f1cd1b50000, 0x00007f1e10daf000, 0x00007f277c600000)
   the space 5228924K,  99% used [0x00007f1cd1b50000, 0x00007f1e10d8ad98, 0x00007f1e10d8ae00, 0x00007f1e10daf000)
 Metaspace       used 30374K, capacity 30791K, committed 30976K, reserved 32768K
}
Event: 196.173 GC heap after
{Heap after GC invocations=55 (full 7):
 def new generation   total 3049024K, used 0K [0x00007f177c600000, 0x00007f184b260000, 0x00007f1cd1b50000)
  eden space 2710272K,   0% used [0x00007f177c600000, 0x00007f177c600000, 0x00007f1821cc0000)
  from space 338752K,   0% used [0x00007f1821cc0000, 0x00007f1821cc0000, 0x00007f1836790000)
  to   space 338752K,   0% used [0x00007f1836790000, 0x00007f1836790000, 0x00007f184b260000)
 tenured generation   total 6775440K, used 4065261K [0x00007f1cd1b50000, 0x00007f1e6f3f4000, 0x00007f277c600000)
   the space 6775440K,  59% used [0x00007f1cd1b50000, 0x00007f1dc9d4b780, 0x00007f1dc9d4b800, 0x00007f1e6f3f4000)
 Metaspace       used 30374K, capacity 30791K, committed 30976K, reserved 32768K
}
Event: 258.420 GC heap before
{Heap before GC invocations=55 (full 7):
 def new generation   total 3049024K, used 2710272K [0x00007f177c600000, 0x00007f184b260000, 0x00007f1cd1b50000)
  eden space 2710272K, 100% used [0x00007f177c600000, 0x00007f1821cc0000, 0x00007f1821cc0000)
  from space 338752K,   0% used [0x00007f1821cc0000, 0x00007f1821cc0000, 0x00007f1836790000)
  to   space 338752K,   0% used [0x00007f1836790000, 0x00007f1836790000, 0x00007f184b260000)
 tenured generation   total 6775440K, used 4065261K [0x00007f1cd1b50000, 0x00007f1e6f3f4000, 0x00007f277c600000)
   the space 6775440K,  59% used [0x00007f1cd1b50000, 0x00007f1dc9d4b780, 0x00007f1dc9d4b800, 0x00007f1e6f3f4000)
 Metaspace       used 30375K, capacity 30791K, committed 30976K, reserved 32768K
}
Event: 260.547 GC heap after
{Heap after GC invocations=56 (full 7):
 def new generation   total 3049024K, used 338752K [0x00007f177c600000, 0x00007f184b260000, 0x00007f1cd1b50000)
  eden space 2710272K,   0% used [0x00007f177c600000, 0x00007f177c600000, 0x00007f1821cc0000)
  from space 338752K, 100% used [0x00007f1836790000, 0x00007f184b260000, 0x00007f184b260000)
  to   space 338752K,   0% used [0x00007f1821cc0000, 0x00007f1821cc0000, 0x00007f1836790000)
 tenured generation   total 6775440K, used 4918616K [0x00007f1cd1b50000, 0x00007f1e6f3f4000, 0x00007f277c600000)
   the space 6775440K,  72% used [0x00007f1cd1b50000, 0x00007f1dfdea6040, 0x00007f1dfdea6200, 0x00007f1e6f3f4000)
 Metaspace       used 30375K, capacity 30791K, committed 30976K, reserved 32768K
}
Event: 325.455 GC heap before
{Heap before GC invocations=56 (full 7):
 def new generation   total 3049024K, used 3049024K [0x00007f177c600000, 0x00007f184b260000, 0x00007f1cd1b50000)
  eden space 2710272K, 100% used [0x00007f177c600000, 0x00007f1821cc0000, 0x00007f1821cc0000)
  from space 338752K, 100% used [0x00007f1836790000, 0x00007f184b260000, 0x00007f184b260000)
  to   space 338752K,   0% used [0x00007f1821cc0000, 0x00007f1821cc0000, 0x00007f1836790000)
 tenured generation   total 6775440K, used 4918616K [0x00007f1cd1b50000, 0x00007f1e6f3f4000, 0x00007f277c600000)
   the space 6775440K,  72% used [0x00007f1cd1b50000, 0x00007f1dfdea6040, 0x00007f1dfdea6200, 0x00007f1e6f3f4000)
 Metaspace       used 30375K, capacity 30791K, committed 30976K, reserved 32768K
}
Event: 325.992 GC heap after
{Heap after GC invocations=57 (full 7):
 def new generation   total 3049024K, used 211212K [0x00007f177c600000, 0x00007f184b260000, 0x00007f1cd1b50000)
  eden space 2710272K,   0% used [0x00007f177c600000, 0x00007f177c600000, 0x00007f1821cc0000)
  from space 338752K,  62% used [0x00007f1821cc0000, 0x00007f182eb03110, 0x00007f1836790000)
  to   space 338752K,   0% used [0x00007f1836790000, 0x00007f1836790000, 0x00007f184b260000)
 tenured generation   total 6775440K, used 5257368K [0x00007f1cd1b50000, 0x00007f1e6f3f4000, 0x00007f277c600000)
   the space 6775440K,  77% used [0x00007f1cd1b50000, 0x00007f1e12976010, 0x00007f1e12976200, 0x00007f1e6f3f4000)
 Metaspace       used 30375K, capacity 30791K, committed 30976K, reserved 32768K
}
Event: 367.996 GC heap before
{Heap before GC invocations=57 (full 7):
 def new generation   total 3049024K, used 2921484K [0x00007f177c600000, 0x00007f184b260000, 0x00007f1cd1b50000)
  eden space 2710272K, 100% used [0x00007f177c600000, 0x00007f1821cc0000, 0x00007f1821cc0000)
  from space 338752K,  62% used [0x00007f1821cc0000, 0x00007f182eb03110, 0x00007f1836790000)
  to   space 338752K,   0% used [0x00007f1836790000, 0x00007f1836790000, 0x00007f184b260000)
 tenured generation   total 6775440K, used 5257368K [0x00007f1cd1b50000, 0x00007f1e6f3f4000, 0x00007f277c600000)
   the space 6775440K,  77% used [0x00007f1cd1b50000, 0x00007f1e12976010, 0x00007f1e12976200, 0x00007f1e6f3f4000)
 Metaspace       used 30375K, capacity 30791K, committed 30976K, reserved 32768K
}
Event: 368.759 GC heap after
{Heap after GC invocations=58 (full 7):
 def new generation   total 3049024K, used 338751K [0x00007f177c600000, 0x00007f184b260000, 0x00007f1cd1b50000)
  eden space 2710272K,   0% used [0x00007f177c600000, 0x00007f177c600000, 0x00007f1821cc0000)
  from space 338752K,  99% used [0x00007f1836790000, 0x00007f184b25fff0, 0x00007f184b260000)
  to   space 338752K,   0% used [0x00007f1821cc0000, 0x00007f1821cc0000, 0x00007f1836790000)
 tenured generation   total 6775440K, used 5522912K [0x00007f1cd1b50000, 0x00007f1e6f3f4000, 0x00007f277c600000)
   the space 6775440K,  81% used [0x00007f1cd1b50000, 0x00007f1e22cc8090, 0x00007f1e22cc8200, 0x00007f1e6f3f4000)
 Metaspace       used 30375K, capacity 30791K, committed 30976K, reserved 32768K
}
Event: 369.596 GC heap before
{Heap before GC invocations=58 (full 7):
 def new generation   total 3049024K, used 3049023K [0x00007f177c600000, 0x00007f184b260000, 0x00007f1cd1b50000)
  eden space 2710272K, 100% used [0x00007f177c600000, 0x00007f1821cc0000, 0x00007f1821cc0000)
  from space 338752K,  99% used [0x00007f1836790000, 0x00007f184b25fff0, 0x00007f184b260000)
  to   space 338752K,   0% used [0x00007f1821cc0000, 0x00007f1821cc0000, 0x00007f1836790000)
 tenured generation   total 6775440K, used 5522912K [0x00007f1cd1b50000, 0x00007f1e6f3f4000, 0x00007f277c600000)
   the space 6775440K,  81% used [0x00007f1cd1b50000, 0x00007f1e22cc8090, 0x00007f1e22cc8200, 0x00007f1e6f3f4000)
 Metaspace       used 30375K, capacity 30791K, committed 30976K, reserved 32768K
}
Event: 370.575 GC heap after
{Heap after GC invocations=59 (full 7):
 def new generation   total 3049024K, used 333961K [0x00007f177c600000, 0x00007f184b260000, 0x00007f1cd1b50000)
  eden space 2710272K,   0% used [0x00007f177c600000, 0x00007f177c600000, 0x00007f1821cc0000)
  from space 338752K,  98% used [0x00007f1821cc0000, 0x00007f18362e2560, 0x00007f1836790000)
  to   space 338752K,   0% used [0x00007f1836790000, 0x00007f1836790000, 0x00007f184b260000)
 tenured generation   total 6775440K, used 5861663K [0x00007f1cd1b50000, 0x00007f1e6f3f4000, 0x00007f277c600000)
   the space 6775440K,  86% used [0x00007f1cd1b50000, 0x00007f1e37797fc0, 0x00007f1e37798000, 0x00007f1e6f3f4000)
 Metaspace       used 30375K, capacity 30791K, committed 30976K, reserved 32768K
}
Event: 371.410 GC heap before
{Heap before GC invocations=59 (full 7):
 def new generation   total 3049024K, used 3044233K [0x00007f177c600000, 0x00007f184b260000, 0x00007f1cd1b50000)
  eden space 2710272K, 100% used [0x00007f177c600000, 0x00007f1821cc0000, 0x00007f1821cc0000)
  from space 338752K,  98% used [0x00007f1821cc0000, 0x00007f18362e2560, 0x00007f1836790000)
  to   space 338752K,   0% used [0x00007f1836790000, 0x00007f1836790000, 0x00007f184b260000)
 tenured generation   total 6775440K, used 5861663K [0x00007f1cd1b50000, 0x00007f1e6f3f4000, 0x00007f277c600000)
   the space 6775440K,  86% used [0x00007f1cd1b50000, 0x00007f1e37797fc0, 0x00007f1e37798000, 0x00007f1e6f3f4000)
 Metaspace       used 30375K, capacity 30791K, committed 30976K, reserved 32768K
}
Event: 372.404 GC heap after
{Heap after GC invocations=60 (full 7):
 def new generation   total 3049024K, used 336313K [0x00007f177c600000, 0x00007f184b260000, 0x00007f1cd1b50000)
  eden space 2710272K,   0% used [0x00007f177c600000, 0x00007f177c600000, 0x00007f1821cc0000)
  from space 338752K,  99% used [0x00007f1836790000, 0x00007f184affe5a0, 0x00007f184b260000)
  to   space 338752K,   0% used [0x00007f1821cc0000, 0x00007f1821cc0000, 0x00007f1836790000)
 tenured generation   total 6775440K, used 6195625K [0x00007f1cd1b50000, 0x00007f1e6f3f4000, 0x00007f277c600000)
   the space 6775440K,  91% used [0x00007f1cd1b50000, 0x00007f1e4bdba4e0, 0x00007f1e4bdba600, 0x00007f1e6f3f4000)
 Metaspace       used 30375K, capacity 30791K, committed 30976K, reserved 32768K
}
Event: 373.437 GC heap before
{Heap before GC invocations=60 (full 7):
 def new generation   total 3049024K, used 3046585K [0x00007f177c600000, 0x00007f184b260000, 0x00007f1cd1b50000)
  eden space 2710272K, 100% used [0x00007f177c600000, 0x00007f1821cc0000, 0x00007f1821cc0000)
  from space 338752K,  99% used [0x00007f1836790000, 0x00007f184affe5a0, 0x00007f184b260000)
  to   space 338752K,   0% used [0x00007f1821cc0000, 0x00007f1821cc0000, 0x00007f1836790000)
 tenured generation   total 6775440K, used 6195625K [0x00007f1cd1b50000, 0x00007f1e6f3f4000, 0x00007f277c600000)
   the space 6775440K,  91% used [0x00007f1cd1b50000, 0x00007f1e4bdba4e0, 0x00007f1e4bdba600, 0x00007f1e6f3f4000)
 Metaspace       used 30375K, capacity 30791K, committed 30976K, reserved 32768K
}
Event: 377.424 GC heap after
{Heap after GC invocations=61 (full 7):
 def new generation   total 3049024K, used 337400K [0x00007f177c600000, 0x00007f184b260000, 0x00007f1cd1b50000)
  eden space 2710272K,   0% used [0x00007f177c600000, 0x00007f177c600000, 0x00007f1821cc0000)
  from space 338752K,  99% used [0x00007f1821cc0000, 0x00007f183663e328, 0x00007f1836790000)
  to   space 338752K,   0% used [0x00007f1836790000, 0x00007f1836790000, 0x00007f184b260000)
 tenured generation   total 6775440K, used 6531938K [0x00007f1cd1b50000, 0x00007f1e6f3f4000, 0x00007f277c600000)
   the space 6775440K,  96% used [0x00007f1cd1b50000, 0x00007f1e60628870, 0x00007f1e60628a00, 0x00007f1e6f3f4000)
 Metaspace       used 30375K, capacity 30791K, committed 30976K, reserved 32768K
}
Event: 378.342 GC heap before
{Heap before GC invocations=61 (full 7):
 def new generation   total 3049024K, used 3047672K [0x00007f177c600000, 0x00007f184b260000, 0x00007f1cd1b50000)
  eden space 2710272K, 100% used [0x00007f177c600000, 0x00007f1821cc0000, 0x00007f1821cc0000)
  from space 338752K,  99% used [0x00007f1821cc0000, 0x00007f183663e328, 0x00007f1836790000)
  to   space 338752K,   0% used [0x00007f1836790000, 0x00007f1836790000, 0x00007f184b260000)
 tenured generation   total 6775440K, used 6531938K [0x00007f1cd1b50000, 0x00007f1e6f3f4000, 0x00007f277c600000)
   the space 6775440K,  96% used [0x00007f1cd1b50000, 0x00007f1e60628870, 0x00007f1e60628a00, 0x00007f1e6f3f4000)
 Metaspace       used 30375K, capacity 30791K, committed 30976K, reserved 32768K
}
Event: 379.405 GC heap after
{Heap after GC invocations=62 (full 7):
 def new generation   total 3049024K, used 334677K [0x00007f177c600000, 0x00007f184b260000, 0x00007f1cd1b50000)
  eden space 2710272K,   0% used [0x00007f177c600000, 0x00007f177c600000, 0x00007f1821cc0000)
  from space 338752K,  98% used [0x00007f1836790000, 0x00007f184ae65548, 0x00007f184b260000)
  to   space 338752K,   0% used [0x00007f1821cc0000, 0x00007f1821cc0000, 0x00007f1836790000)
 tenured generation   total 6869520K, used 6869338K [0x00007f1cd1b50000, 0x00007f1e74fd4000, 0x00007f277c600000)
   the space 6869520K,  99% used [0x00007f1cd1b50000, 0x00007f1e74fa6958, 0x00007f1e74fa6a00, 0x00007f1e74fd4000)
 Metaspace       used 30375K, capacity 30791K, committed 30976K, reserved 32768K
}
Event: 379.405 GC heap before
{Heap before GC invocations=62 (full 7):
 def new generation   total 3049024K, used 334677K [0x00007f177c600000, 0x00007f184b260000, 0x00007f1cd1b50000)
  eden space 2710272K,   0% used [0x00007f177c600000, 0x00007f177c600000, 0x00007f1821cc0000)
  from space 338752K,  98% used [0x00007f1836790000, 0x00007f184ae65548, 0x00007f184b260000)
  to   space 338752K,   0% used [0x00007f1821cc0000, 0x00007f1821cc0000, 0x00007f1836790000)
 tenured generation   total 6869520K, used 6869338K [0x00007f1cd1b50000, 0x00007f1e74fd4000, 0x00007f277c600000)
   the space 6869520K,  99% used [0x00007f1cd1b50000, 0x00007f1e74fa6958, 0x00007f1e74fa6a00, 0x00007f1e74fd4000)
 Metaspace       used 30375K, capacity 30791K, committed 30976K, reserved 32768K
}

