# JRE version: OpenJDK Runtime Environment (13.0.7+5) (build 13.0.7+5-Ubuntu-0ubuntu120.04)
# Java VM: OpenJDK 64-Bit Server VM (13.0.7+5-Ubuntu-0ubuntu120.04, mixed mode, tiered, serial gc, linux-amd64)
Heap:
 def new generation   total 2889664K, used 5862K [0x00007fd0f0600000, 0x00007fd1b4570000, 0x00007fd645b50000)
  eden space 2568640K,   0% used [0x00007fd0f0600000, 0x00007fd0f0bb9880, 0x00007fd18d270000)
  from space 321024K,   0% used [0x00007fd18d270000, 0x00007fd18d270000, 0x00007fd1a0bf0000)
  to   space 321024K,   0% used [0x00007fd1a0bf0000, 0x00007fd1a0bf0000, 0x00007fd1b4570000)
 tenured generation   total 6421508K, used 6421507K [0x00007fd645b50000, 0x00007fd7cda51000, 0x00007fe0f0600000)
   the space 6421508K,  99% used [0x00007fd645b50000, 0x00007fd7cda50fb8, 0x00007fd7cda51000, 0x00007fd7cda51000)
 Metaspace       used 24200K, capacity 24594K, committed 24832K, reserved 26624K
GC Heap History (20 events):
Event: 32522.661 GC heap after
{Heap after GC invocations=35354 (full 4):
 def new generation   total 2889664K, used 6036K [0x00007fd0f0600000, 0x00007fd1b4570000, 0x00007fd645b50000)
  eden space 2568640K,   0% used [0x00007fd0f0600000, 0x00007fd0f0600000, 0x00007fd18d270000)
  from space 321024K,   1% used [0x00007fd1a0bf0000, 0x00007fd1a11d5278, 0x00007fd1b4570000)
  to   space 321024K,   0% used [0x00007fd18d270000, 0x00007fd18d270000, 0x00007fd1a0bf0000)
 tenured generation   total 6421316K, used 6417809K [0x00007fd645b50000, 0x00007fd7cda21000, 0x00007fe0f0600000)
   the space 6421316K,  99% used [0x00007fd645b50000, 0x00007fd7cd6b45f8, 0x00007fd7cd6b4600, 0x00007fd7cda21000)
 Metaspace       used 24200K, capacity 24594K, committed 24832K, reserved 26624K
}
Event: 32524.421 GC heap before
{Heap before GC invocations=35354 (full 4):
 def new generation   total 2889664K, used 2574676K [0x00007fd0f0600000, 0x00007fd1b4570000, 0x00007fd645b50000)
  eden space 2568640K, 100% used [0x00007fd0f0600000, 0x00007fd18d270000, 0x00007fd18d270000)
  from space 321024K,   1% used [0x00007fd1a0bf0000, 0x00007fd1a11d5278, 0x00007fd1b4570000)
  to   space 321024K,   0% used [0x00007fd18d270000, 0x00007fd18d270000, 0x00007fd1a0bf0000)
 tenured generation   total 6421316K, used 6417809K [0x00007fd645b50000, 0x00007fd7cda21000, 0x00007fe0f0600000)
   the space 6421316K,  99% used [0x00007fd645b50000, 0x00007fd7cd6b45f8, 0x00007fd7cd6b4600, 0x00007fd7cda21000)
 Metaspace       used 24200K, capacity 24594K, committed 24832K, reserved 26624K
}
Event: 32524.432 GC heap after
{Heap after GC invocations=35355 (full 4):
 def new generation   total 2889664K, used 6030K [0x00007fd0f0600000, 0x00007fd1b4570000, 0x00007fd645b50000)
  eden space 2568640K,   0% used [0x00007fd0f0600000, 0x00007fd0f0600000, 0x00007fd18d270000)
  from space 321024K,   1% used [0x00007fd18d270000, 0x00007fd18d853818, 0x00007fd1a0bf0000)
  to   space 321024K,   0% used [0x00007fd1a0bf0000, 0x00007fd1a0bf0000, 0x00007fd1b4570000)
 tenured generation   total 6421316K, used 6418214K [0x00007fd645b50000, 0x00007fd7cda21000, 0x00007fe0f0600000)
   the space 6421316K,  99% used [0x00007fd645b50000, 0x00007fd7cd7199b8, 0x00007fd7cd719a00, 0x00007fd7cda21000)
 Metaspace       used 24200K, capacity 24594K, committed 24832K, reserved 26624K
}
Event: 32526.149 GC heap before
{Heap before GC invocations=35355 (full 4):
 def new generation   total 2889664K, used 2574670K [0x00007fd0f0600000, 0x00007fd1b4570000, 0x00007fd645b50000)
  eden space 2568640K, 100% used [0x00007fd0f0600000, 0x00007fd18d270000, 0x00007fd18d270000)
  from space 321024K,   1% used [0x00007fd18d270000, 0x00007fd18d853818, 0x00007fd1a0bf0000)
  to   space 321024K,   0% used [0x00007fd1a0bf0000, 0x00007fd1a0bf0000, 0x00007fd1b4570000)
 tenured generation   total 6421316K, used 6418214K [0x00007fd645b50000, 0x00007fd7cda21000, 0x00007fe0f0600000)
   the space 6421316K,  99% used [0x00007fd645b50000, 0x00007fd7cd7199b8, 0x00007fd7cd719a00, 0x00007fd7cda21000)
 Metaspace       used 24200K, capacity 24594K, committed 24832K, reserved 26624K
}
Event: 32526.165 GC heap after
{Heap after GC invocations=35356 (full 4):
 def new generation   total 2889664K, used 6025K [0x00007fd0f0600000, 0x00007fd1b4570000, 0x00007fd645b50000)
  eden space 2568640K,   0% used [0x00007fd0f0600000, 0x00007fd0f0600000, 0x00007fd18d270000)
  from space 321024K,   1% used [0x00007fd1a0bf0000, 0x00007fd1a11d2790, 0x00007fd1b4570000)
  to   space 321024K,   0% used [0x00007fd18d270000, 0x00007fd18d270000, 0x00007fd1a0bf0000)
 tenured generation   total 6421316K, used 6418619K [0x00007fd645b50000, 0x00007fd7cda21000, 0x00007fe0f0600000)
   the space 6421316K,  99% used [0x00007fd645b50000, 0x00007fd7cd77ed78, 0x00007fd7cd77ee00, 0x00007fd7cda21000)
 Metaspace       used 24200K, capacity 24594K, committed 24832K, reserved 26624K
}
Event: 32527.871 GC heap before
{Heap before GC invocations=35356 (full 4):
 def new generation   total 2889664K, used 2574665K [0x00007fd0f0600000, 0x00007fd1b4570000, 0x00007fd645b50000)
  eden space 2568640K, 100% used [0x00007fd0f0600000, 0x00007fd18d270000, 0x00007fd18d270000)
  from space 321024K,   1% used [0x00007fd1a0bf0000, 0x00007fd1a11d2790, 0x00007fd1b4570000)
  to   space 321024K,   0% used [0x00007fd18d270000, 0x00007fd18d270000, 0x00007fd1a0bf0000)
 tenured generation   total 6421316K, used 6418619K [0x00007fd645b50000, 0x00007fd7cda21000, 0x00007fe0f0600000)
   the space 6421316K,  99% used [0x00007fd645b50000, 0x00007fd7cd77ed78, 0x00007fd7cd77ee00, 0x00007fd7cda21000)
 Metaspace       used 24200K, capacity 24594K, committed 24832K, reserved 26624K
}
Event: 32527.888 GC heap after
{Heap after GC invocations=35357 (full 4):
 def new generation   total 2889664K, used 6037K [0x00007fd0f0600000, 0x00007fd1b4570000, 0x00007fd645b50000)
  eden space 2568640K,   0% used [0x00007fd0f0600000, 0x00007fd0f0600000, 0x00007fd18d270000)
  from space 321024K,   1% used [0x00007fd18d270000, 0x00007fd18d855550, 0x00007fd1a0bf0000)
  to   space 321024K,   0% used [0x00007fd1a0bf0000, 0x00007fd1a0bf0000, 0x00007fd1b4570000)
 tenured generation   total 6421316K, used 6419005K [0x00007fd645b50000, 0x00007fd7cda21000, 0x00007fe0f0600000)
   the space 6421316K,  99% used [0x00007fd645b50000, 0x00007fd7cd7df798, 0x00007fd7cd7df800, 0x00007fd7cda21000)
 Metaspace       used 24200K, capacity 24594K, committed 24832K, reserved 26624K
}
Event: 32529.586 GC heap before
{Heap before GC invocations=35357 (full 4):
 def new generation   total 2889664K, used 2574677K [0x00007fd0f0600000, 0x00007fd1b4570000, 0x00007fd645b50000)
  eden space 2568640K, 100% used [0x00007fd0f0600000, 0x00007fd18d270000, 0x00007fd18d270000)
  from space 321024K,   1% used [0x00007fd18d270000, 0x00007fd18d855550, 0x00007fd1a0bf0000)
  to   space 321024K,   0% used [0x00007fd1a0bf0000, 0x00007fd1a0bf0000, 0x00007fd1b4570000)
 tenured generation   total 6421316K, used 6419005K [0x00007fd645b50000, 0x00007fd7cda21000, 0x00007fe0f0600000)
   the space 6421316K,  99% used [0x00007fd645b50000, 0x00007fd7cd7df798, 0x00007fd7cd7df800, 0x00007fd7cda21000)
 Metaspace       used 24200K, capacity 24594K, committed 24832K, reserved 26624K
}
Event: 32529.597 GC heap after
{Heap after GC invocations=35358 (full 4):
 def new generation   total 2889664K, used 6035K [0x00007fd0f0600000, 0x00007fd1b4570000, 0x00007fd645b50000)
  eden space 2568640K,   0% used [0x00007fd0f0600000, 0x00007fd0f0600000, 0x00007fd18d270000)
  from space 321024K,   1% used [0x00007fd1a0bf0000, 0x00007fd1a11d4df0, 0x00007fd1b4570000)
  to   space 321024K,   0% used [0x00007fd18d270000, 0x00007fd18d270000, 0x00007fd1a0bf0000)
 tenured generation   total 6421316K, used 6419410K [0x00007fd645b50000, 0x00007fd7cda21000, 0x00007fe0f0600000)
   the space 6421316K,  99% used [0x00007fd645b50000, 0x00007fd7cd844b58, 0x00007fd7cd844c00, 0x00007fd7cda21000)
 Metaspace       used 24200K, capacity 24594K, committed 24832K, reserved 26624K
}
Event: 32531.293 GC heap before
{Heap before GC invocations=35358 (full 4):
 def new generation   total 2889664K, used 2574675K [0x00007fd0f0600000, 0x00007fd1b4570000, 0x00007fd645b50000)
  eden space 2568640K, 100% used [0x00007fd0f0600000, 0x00007fd18d270000, 0x00007fd18d270000)
  from space 321024K,   1% used [0x00007fd1a0bf0000, 0x00007fd1a11d4df0, 0x00007fd1b4570000)
  to   space 321024K,   0% used [0x00007fd18d270000, 0x00007fd18d270000, 0x00007fd1a0bf0000)
 tenured generation   total 6421316K, used 6419410K [0x00007fd645b50000, 0x00007fd7cda21000, 0x00007fe0f0600000)
   the space 6421316K,  99% used [0x00007fd645b50000, 0x00007fd7cd844b58, 0x00007fd7cd844c00, 0x00007fd7cda21000)
 Metaspace       used 24200K, capacity 24594K, committed 24832K, reserved 26624K
}
Event: 32531.304 GC heap after
{Heap after GC invocations=35359 (full 4):
 def new generation   total 2889664K, used 6038K [0x00007fd0f0600000, 0x00007fd1b4570000, 0x00007fd645b50000)
  eden space 2568640K,   0% used [0x00007fd0f0600000, 0x00007fd0f0600000, 0x00007fd18d270000)
  from space 321024K,   1% used [0x00007fd18d270000, 0x00007fd18d855838, 0x00007fd1a0bf0000)
  to   space 321024K,   0% used [0x00007fd1a0bf0000, 0x00007fd1a0bf0000, 0x00007fd1b4570000)
 tenured generation   total 6421316K, used 6419815K [0x00007fd645b50000, 0x00007fd7cda21000, 0x00007fe0f0600000)
   the space 6421316K,  99% used [0x00007fd645b50000, 0x00007fd7cd8a9f18, 0x00007fd7cd8aa000, 0x00007fd7cda21000)
 Metaspace       used 24200K, capacity 24594K, committed 24832K, reserved 26624K
}
Event: 32533.018 GC heap before
{Heap before GC invocations=35359 (full 4):
 def new generation   total 2889664K, used 2574678K [0x00007fd0f0600000, 0x00007fd1b4570000, 0x00007fd645b50000)
  eden space 2568640K, 100% used [0x00007fd0f0600000, 0x00007fd18d270000, 0x00007fd18d270000)
  from space 321024K,   1% used [0x00007fd18d270000, 0x00007fd18d855838, 0x00007fd1a0bf0000)
  to   space 321024K,   0% used [0x00007fd1a0bf0000, 0x00007fd1a0bf0000, 0x00007fd1b4570000)
 tenured generation   total 6421316K, used 6419815K [0x00007fd645b50000, 0x00007fd7cda21000, 0x00007fe0f0600000)
   the space 6421316K,  99% used [0x00007fd645b50000, 0x00007fd7cd8a9f18, 0x00007fd7cd8aa000, 0x00007fd7cda21000)
 Metaspace       used 24200K, capacity 24594K, committed 24832K, reserved 26624K
}
Event: 32533.028 GC heap after
{Heap after GC invocations=35360 (full 4):
 def new generation   total 2889664K, used 6040K [0x00007fd0f0600000, 0x00007fd1b4570000, 0x00007fd645b50000)
  eden space 2568640K,   0% used [0x00007fd0f0600000, 0x00007fd0f0600000, 0x00007fd18d270000)
  from space 321024K,   1% used [0x00007fd1a0bf0000, 0x00007fd1a11d62e0, 0x00007fd1b4570000)
  to   space 321024K,   0% used [0x00007fd18d270000, 0x00007fd18d270000, 0x00007fd1a0bf0000)
 tenured generation   total 6421316K, used 6420202K [0x00007fd645b50000, 0x00007fd7cda21000, 0x00007fe0f0600000)
   the space 6421316K,  99% used [0x00007fd645b50000, 0x00007fd7cd90a938, 0x00007fd7cd90aa00, 0x00007fd7cda21000)
 Metaspace       used 24200K, capacity 24594K, committed 24832K, reserved 26624K
}
Event: 32534.702 GC heap before
{Heap before GC invocations=35360 (full 4):
 def new generation   total 2889664K, used 2574680K [0x00007fd0f0600000, 0x00007fd1b4570000, 0x00007fd645b50000)
  eden space 2568640K, 100% used [0x00007fd0f0600000, 0x00007fd18d270000, 0x00007fd18d270000)
  from space 321024K,   1% used [0x00007fd1a0bf0000, 0x00007fd1a11d62e0, 0x00007fd1b4570000)
  to   space 321024K,   0% used [0x00007fd18d270000, 0x00007fd18d270000, 0x00007fd1a0bf0000)
 tenured generation   total 6421316K, used 6420202K [0x00007fd645b50000, 0x00007fd7cda21000, 0x00007fe0f0600000)
   the space 6421316K,  99% used [0x00007fd645b50000, 0x00007fd7cd90a938, 0x00007fd7cd90aa00, 0x00007fd7cda21000)
 Metaspace       used 24200K, capacity 24594K, committed 24832K, reserved 26624K
}
Event: 32534.712 GC heap after
{Heap after GC invocations=35361 (full 4):
 def new generation   total 2889664K, used 6038K [0x00007fd0f0600000, 0x00007fd1b4570000, 0x00007fd645b50000)
  eden space 2568640K,   0% used [0x00007fd0f0600000, 0x00007fd0f0600000, 0x00007fd18d270000)
  from space 321024K,   1% used [0x00007fd18d270000, 0x00007fd18d855958, 0x00007fd1a0bf0000)
  to   space 321024K,   0% used [0x00007fd1a0bf0000, 0x00007fd1a0bf0000, 0x00007fd1b4570000)
 tenured generation   total 6421316K, used 6420607K [0x00007fd645b50000, 0x00007fd7cda21000, 0x00007fe0f0600000)
   the space 6421316K,  99% used [0x00007fd645b50000, 0x00007fd7cd96fcf8, 0x00007fd7cd96fe00, 0x00007fd7cda21000)
 Metaspace       used 24200K, capacity 24594K, committed 24832K, reserved 26624K
}
Event: 32536.342 GC heap before
{Heap before GC invocations=35361 (full 4):
 def new generation   total 2889664K, used 2574678K [0x00007fd0f0600000, 0x00007fd1b4570000, 0x00007fd645b50000)
  eden space 2568640K, 100% used [0x00007fd0f0600000, 0x00007fd18d270000, 0x00007fd18d270000)
  from space 321024K,   1% used [0x00007fd18d270000, 0x00007fd18d855958, 0x00007fd1a0bf0000)
  to   space 321024K,   0% used [0x00007fd1a0bf0000, 0x00007fd1a0bf0000, 0x00007fd1b4570000)
 tenured generation   total 6421316K, used 6420607K [0x00007fd645b50000, 0x00007fd7cda21000, 0x00007fe0f0600000)
   the space 6421316K,  99% used [0x00007fd645b50000, 0x00007fd7cd96fcf8, 0x00007fd7cd96fe00, 0x00007fd7cda21000)
 Metaspace       used 24200K, capacity 24594K, committed 24832K, reserved 26624K
}
Event: 32536.353 GC heap after
{Heap after GC invocations=35362 (full 4):
 def new generation   total 2889664K, used 5968K [0x00007fd0f0600000, 0x00007fd1b4570000, 0x00007fd645b50000)
  eden space 2568640K,   0% used [0x00007fd0f0600000, 0x00007fd0f0600000, 0x00007fd18d270000)
  from space 321024K,   1% used [0x00007fd1a0bf0000, 0x00007fd1a11c4080, 0x00007fd1b4570000)
  to   space 321024K,   0% used [0x00007fd18d270000, 0x00007fd18d270000, 0x00007fd1a0bf0000)
 tenured generation   total 6421316K, used 6421012K [0x00007fd645b50000, 0x00007fd7cda21000, 0x00007fe0f0600000)
   the space 6421316K,  99% used [0x00007fd645b50000, 0x00007fd7cd9d50b8, 0x00007fd7cd9d5200, 0x00007fd7cda21000)
 Metaspace       used 24200K, capacity 24594K, committed 24832K, reserved 26624K
}
Event: 32537.982 GC heap before
{Heap before GC invocations=35362 (full 4):
 def new generation   total 2889664K, used 2574608K [0x00007fd0f0600000, 0x00007fd1b4570000, 0x00007fd645b50000)
  eden space 2568640K, 100% used [0x00007fd0f0600000, 0x00007fd18d270000, 0x00007fd18d270000)
  from space 321024K,   1% used [0x00007fd1a0bf0000, 0x00007fd1a11c4080, 0x00007fd1b4570000)
  to   space 321024K,   0% used [0x00007fd18d270000, 0x00007fd18d270000, 0x00007fd1a0bf0000)
 tenured generation   total 6421316K, used 6421012K [0x00007fd645b50000, 0x00007fd7cda21000, 0x00007fe0f0600000)
   the space 6421316K,  99% used [0x00007fd645b50000, 0x00007fd7cd9d50b8, 0x00007fd7cd9d5200, 0x00007fd7cda21000)
 Metaspace       used 24200K, capacity 24594K, committed 24832K, reserved 26624K
}
Event: 32537.992 GC heap after
{Heap after GC invocations=35363 (full 4):
 def new generation   total 2889664K, used 5970K [0x00007fd0f0600000, 0x00007fd1b4570000, 0x00007fd645b50000)
  eden space 2568640K,   0% used [0x00007fd0f0600000, 0x00007fd0f0600000, 0x00007fd18d270000)
  from space 321024K,   1% used [0x00007fd18d270000, 0x00007fd18d8449f8, 0x00007fd1a0bf0000)
  to   space 321024K,   0% used [0x00007fd1a0bf0000, 0x00007fd1a0bf0000, 0x00007fd1b4570000)
 tenured generation   total 6421508K, used 6421417K [0x00007fd645b50000, 0x00007fd7cda51000, 0x00007fe0f0600000)
   the space 6421508K,  99% used [0x00007fd645b50000, 0x00007fd7cda3a478, 0x00007fd7cda3a600, 0x00007fd7cda51000)
 Metaspace       used 24200K, capacity 24594K, committed 24832K, reserved 26624K
}
Event: 32537.992 GC heap before
{Heap before GC invocations=35363 (full 4):
 def new generation   total 2889664K, used 5970K [0x00007fd0f0600000, 0x00007fd1b4570000, 0x00007fd645b50000)
  eden space 2568640K,   0% used [0x00007fd0f0600000, 0x00007fd0f0600000, 0x00007fd18d270000)
  from space 321024K,   1% used [0x00007fd18d270000, 0x00007fd18d8449f8, 0x00007fd1a0bf0000)
  to   space 321024K,   0% used [0x00007fd1a0bf0000, 0x00007fd1a0bf0000, 0x00007fd1b4570000)
 tenured generation   total 6421508K, used 6421417K [0x00007fd645b50000, 0x00007fd7cda51000, 0x00007fe0f0600000)
   the space 6421508K,  99% used [0x00007fd645b50000, 0x00007fd7cda3a478, 0x00007fd7cda3a600, 0x00007fd7cda51000)
 Metaspace       used 24200K, capacity 24594K, committed 24832K, reserved 26624K
}

