# JRE version: OpenJDK Runtime Environment (13.0.7+5) (build 13.0.7+5-Ubuntu-0ubuntu120.04)
# Java VM: OpenJDK 64-Bit Server VM (13.0.7+5-Ubuntu-0ubuntu120.04, mixed mode, tiered, serial gc, linux-amd64)
Heap:
 def new generation   total 8070848K, used 58014K [0x00007f53fc600000, 0x00007f561fb60000, 0x00007f5951b50000)
  eden space 7174144K,   0% used [0x00007f53fc600000, 0x00007f53ffea7a20, 0x00007f55b2400000)
  from space 896704K,   0% used [0x00007f55e8fb0000, 0x00007f55e8fb0000, 0x00007f561fb60000)
  to   space 896704K,   0% used [0x00007f55b2400000, 0x00007f55b2400000, 0x00007f55e8fb0000)
 tenured generation   total 17935568K, used 17935567K [0x00007f5951b50000, 0x00007f5d98684000, 0x00007f63fc600000)
   the space 17935568K,  99% used [0x00007f5951b50000, 0x00007f5d98683fe8, 0x00007f5d98684000, 0x00007f5d98684000)
 Metaspace       used 24380K, capacity 24777K, committed 25088K, reserved 26624K
GC Heap History (20 events):
Event: 23885.945 GC heap after
{Heap after GC invocations=13837 (full 6):
 def new generation   total 8070848K, used 57996K [0x00007f53fc600000, 0x00007f561fb60000, 0x00007f5951b50000)
  eden space 7174144K,   0% used [0x00007f53fc600000, 0x00007f53fc600000, 0x00007f55b2400000)
  from space 896704K,   6% used [0x00007f55b2400000, 0x00007f55b5ca31e8, 0x00007f55e8fb0000)
  to   space 896704K,   0% used [0x00007f55e8fb0000, 0x00007f55e8fb0000, 0x00007f561fb60000)
 tenured generation   total 17934992K, used 17900719K [0x00007f5951b50000, 0x00007f5d985f4000, 0x00007f63fc600000)
   the space 17934992K,  99% used [0x00007f5951b50000, 0x00007f5d9647bc48, 0x00007f5d9647be00, 0x00007f5d985f4000)
 Metaspace       used 24380K, capacity 24777K, committed 25088K, reserved 26624K
}
Event: 23891.158 GC heap before
{Heap before GC invocations=13837 (full 6):
 def new generation   total 8070848K, used 7232140K [0x00007f53fc600000, 0x00007f561fb60000, 0x00007f5951b50000)
  eden space 7174144K, 100% used [0x00007f53fc600000, 0x00007f55b2400000, 0x00007f55b2400000)
  from space 896704K,   6% used [0x00007f55b2400000, 0x00007f55b5ca31e8, 0x00007f55e8fb0000)
  to   space 896704K,   0% used [0x00007f55e8fb0000, 0x00007f55e8fb0000, 0x00007f561fb60000)
 tenured generation   total 17934992K, used 17900719K [0x00007f5951b50000, 0x00007f5d985f4000, 0x00007f63fc600000)
   the space 17934992K,  99% used [0x00007f5951b50000, 0x00007f5d9647bc48, 0x00007f5d9647be00, 0x00007f5d985f4000)
 Metaspace       used 24380K, capacity 24777K, committed 25088K, reserved 26624K
}
Event: 23891.275 GC heap after
{Heap after GC invocations=13838 (full 6):
 def new generation   total 8070848K, used 58309K [0x00007f53fc600000, 0x00007f561fb60000, 0x00007f5951b50000)
  eden space 7174144K,   0% used [0x00007f53fc600000, 0x00007f53fc600000, 0x00007f55b2400000)
  from space 896704K,   6% used [0x00007f55e8fb0000, 0x00007f55ec8a15d8, 0x00007f561fb60000)
  to   space 896704K,   0% used [0x00007f55b2400000, 0x00007f55b2400000, 0x00007f55e8fb0000)
 tenured generation   total 17934992K, used 17904332K [0x00007f5951b50000, 0x00007f5d985f4000, 0x00007f63fc600000)
   the space 17934992K,  99% used [0x00007f5951b50000, 0x00007f5d96803100, 0x00007f5d96803200, 0x00007f5d985f4000)
 Metaspace       used 24380K, capacity 24777K, committed 25088K, reserved 26624K
}
Event: 23896.354 GC heap before
{Heap before GC invocations=13838 (full 6):
 def new generation   total 8070848K, used 7232453K [0x00007f53fc600000, 0x00007f561fb60000, 0x00007f5951b50000)
  eden space 7174144K, 100% used [0x00007f53fc600000, 0x00007f55b2400000, 0x00007f55b2400000)
  from space 896704K,   6% used [0x00007f55e8fb0000, 0x00007f55ec8a15d8, 0x00007f561fb60000)
  to   space 896704K,   0% used [0x00007f55b2400000, 0x00007f55b2400000, 0x00007f55e8fb0000)
 tenured generation   total 17934992K, used 17904332K [0x00007f5951b50000, 0x00007f5d985f4000, 0x00007f63fc600000)
   the space 17934992K,  99% used [0x00007f5951b50000, 0x00007f5d96803100, 0x00007f5d96803200, 0x00007f5d985f4000)
 Metaspace       used 24380K, capacity 24777K, committed 25088K, reserved 26624K
}
Event: 23896.457 GC heap after
{Heap after GC invocations=13839 (full 6):
 def new generation   total 8070848K, used 58310K [0x00007f53fc600000, 0x00007f561fb60000, 0x00007f5951b50000)
  eden space 7174144K,   0% used [0x00007f53fc600000, 0x00007f53fc600000, 0x00007f55b2400000)
  from space 896704K,   6% used [0x00007f55b2400000, 0x00007f55b5cf1888, 0x00007f55e8fb0000)
  to   space 896704K,   0% used [0x00007f55e8fb0000, 0x00007f55e8fb0000, 0x00007f561fb60000)
 tenured generation   total 17934992K, used 17908257K [0x00007f5951b50000, 0x00007f5d985f4000, 0x00007f63fc600000)
   the space 17934992K,  99% used [0x00007f5951b50000, 0x00007f5d96bd86e0, 0x00007f5d96bd8800, 0x00007f5d985f4000)
 Metaspace       used 24380K, capacity 24777K, committed 25088K, reserved 26624K
}
Event: 23901.600 GC heap before
{Heap before GC invocations=13839 (full 6):
 def new generation   total 8070848K, used 7232454K [0x00007f53fc600000, 0x00007f561fb60000, 0x00007f5951b50000)
  eden space 7174144K, 100% used [0x00007f53fc600000, 0x00007f55b2400000, 0x00007f55b2400000)
  from space 896704K,   6% used [0x00007f55b2400000, 0x00007f55b5cf1888, 0x00007f55e8fb0000)
  to   space 896704K,   0% used [0x00007f55e8fb0000, 0x00007f55e8fb0000, 0x00007f561fb60000)
 tenured generation   total 17934992K, used 17908257K [0x00007f5951b50000, 0x00007f5d985f4000, 0x00007f63fc600000)
   the space 17934992K,  99% used [0x00007f5951b50000, 0x00007f5d96bd86e0, 0x00007f5d96bd8800, 0x00007f5d985f4000)
 Metaspace       used 24380K, capacity 24777K, committed 25088K, reserved 26624K
}
Event: 23901.701 GC heap after
{Heap after GC invocations=13840 (full 6):
 def new generation   total 8070848K, used 58311K [0x00007f53fc600000, 0x00007f561fb60000, 0x00007f5951b50000)
  eden space 7174144K,   0% used [0x00007f53fc600000, 0x00007f53fc600000, 0x00007f55b2400000)
  from space 896704K,   6% used [0x00007f55e8fb0000, 0x00007f55ec8a1cc8, 0x00007f561fb60000)
  to   space 896704K,   0% used [0x00007f55b2400000, 0x00007f55b2400000, 0x00007f55e8fb0000)
 tenured generation   total 17934992K, used 17912183K [0x00007f5951b50000, 0x00007f5d985f4000, 0x00007f63fc600000)
   the space 17934992K,  99% used [0x00007f5951b50000, 0x00007f5d96fadcc0, 0x00007f5d96fade00, 0x00007f5d985f4000)
 Metaspace       used 24380K, capacity 24777K, committed 25088K, reserved 26624K
}
Event: 23906.740 GC heap before
{Heap before GC invocations=13840 (full 6):
 def new generation   total 8070848K, used 7232455K [0x00007f53fc600000, 0x00007f561fb60000, 0x00007f5951b50000)
  eden space 7174144K, 100% used [0x00007f53fc600000, 0x00007f55b2400000, 0x00007f55b2400000)
  from space 896704K,   6% used [0x00007f55e8fb0000, 0x00007f55ec8a1cc8, 0x00007f561fb60000)
  to   space 896704K,   0% used [0x00007f55b2400000, 0x00007f55b2400000, 0x00007f55e8fb0000)
 tenured generation   total 17934992K, used 17912183K [0x00007f5951b50000, 0x00007f5d985f4000, 0x00007f63fc600000)
   the space 17934992K,  99% used [0x00007f5951b50000, 0x00007f5d96fadcc0, 0x00007f5d96fade00, 0x00007f5d985f4000)
 Metaspace       used 24380K, capacity 24777K, committed 25088K, reserved 26624K
}
Event: 23906.846 GC heap after
{Heap after GC invocations=13841 (full 6):
 def new generation   total 8070848K, used 58312K [0x00007f53fc600000, 0x00007f561fb60000, 0x00007f5951b50000)
  eden space 7174144K,   0% used [0x00007f53fc600000, 0x00007f53fc600000, 0x00007f55b2400000)
  from space 896704K,   6% used [0x00007f55b2400000, 0x00007f55b5cf2280, 0x00007f55e8fb0000)
  to   space 896704K,   0% used [0x00007f55e8fb0000, 0x00007f55e8fb0000, 0x00007f561fb60000)
 tenured generation   total 17934992K, used 17916108K [0x00007f5951b50000, 0x00007f5d985f4000, 0x00007f63fc600000)
   the space 17934992K,  99% used [0x00007f5951b50000, 0x00007f5d973832a0, 0x00007f5d97383400, 0x00007f5d985f4000)
 Metaspace       used 24380K, capacity 24777K, committed 25088K, reserved 26624K
}
Event: 23912.084 GC heap before
{Heap before GC invocations=13841 (full 6):
 def new generation   total 8070848K, used 7232456K [0x00007f53fc600000, 0x00007f561fb60000, 0x00007f5951b50000)
  eden space 7174144K, 100% used [0x00007f53fc600000, 0x00007f55b2400000, 0x00007f55b2400000)
  from space 896704K,   6% used [0x00007f55b2400000, 0x00007f55b5cf2280, 0x00007f55e8fb0000)
  to   space 896704K,   0% used [0x00007f55e8fb0000, 0x00007f55e8fb0000, 0x00007f561fb60000)
 tenured generation   total 17934992K, used 17916108K [0x00007f5951b50000, 0x00007f5d985f4000, 0x00007f63fc600000)
   the space 17934992K,  99% used [0x00007f5951b50000, 0x00007f5d973832a0, 0x00007f5d97383400, 0x00007f5d985f4000)
 Metaspace       used 24380K, capacity 24777K, committed 25088K, reserved 26624K
}
Event: 23912.193 GC heap after
{Heap after GC invocations=13842 (full 6):
 def new generation   total 8070848K, used 58312K [0x00007f53fc600000, 0x00007f561fb60000, 0x00007f5951b50000)
  eden space 7174144K,   0% used [0x00007f53fc600000, 0x00007f53fc600000, 0x00007f55b2400000)
  from space 896704K,   6% used [0x00007f55e8fb0000, 0x00007f55ec8a2280, 0x00007f561fb60000)
  to   space 896704K,   0% used [0x00007f55b2400000, 0x00007f55b2400000, 0x00007f55e8fb0000)
 tenured generation   total 17934992K, used 17920034K [0x00007f5951b50000, 0x00007f5d985f4000, 0x00007f63fc600000)
   the space 17934992K,  99% used [0x00007f5951b50000, 0x00007f5d97758880, 0x00007f5d97758a00, 0x00007f5d985f4000)
 Metaspace       used 24380K, capacity 24777K, committed 25088K, reserved 26624K
}
Event: 23917.919 GC heap before
{Heap before GC invocations=13842 (full 6):
 def new generation   total 8070848K, used 7232456K [0x00007f53fc600000, 0x00007f561fb60000, 0x00007f5951b50000)
  eden space 7174144K, 100% used [0x00007f53fc600000, 0x00007f55b2400000, 0x00007f55b2400000)
  from space 896704K,   6% used [0x00007f55e8fb0000, 0x00007f55ec8a2280, 0x00007f561fb60000)
  to   space 896704K,   0% used [0x00007f55b2400000, 0x00007f55b2400000, 0x00007f55e8fb0000)
 tenured generation   total 17934992K, used 17920034K [0x00007f5951b50000, 0x00007f5d985f4000, 0x00007f63fc600000)
   the space 17934992K,  99% used [0x00007f5951b50000, 0x00007f5d97758880, 0x00007f5d97758a00, 0x00007f5d985f4000)
 Metaspace       used 24380K, capacity 24777K, committed 25088K, reserved 26624K
}
Event: 23918.020 GC heap after
{Heap after GC invocations=13843 (full 6):
 def new generation   total 8070848K, used 58033K [0x00007f53fc600000, 0x00007f561fb60000, 0x00007f5951b50000)
  eden space 7174144K,   0% used [0x00007f53fc600000, 0x00007f53fc600000, 0x00007f55b2400000)
  from space 896704K,   6% used [0x00007f55b2400000, 0x00007f55b5cac788, 0x00007f55e8fb0000)
  to   space 896704K,   0% used [0x00007f55e8fb0000, 0x00007f55e8fb0000, 0x00007f561fb60000)
 tenured generation   total 17934992K, used 17923963K [0x00007f5951b50000, 0x00007f5d985f4000, 0x00007f63fc600000)
   the space 17934992K,  99% used [0x00007f5951b50000, 0x00007f5d97b2efa0, 0x00007f5d97b2f000, 0x00007f5d985f4000)
 Metaspace       used 24380K, capacity 24777K, committed 25088K, reserved 26624K
}
Event: 23923.412 GC heap before
{Heap before GC invocations=13843 (full 6):
 def new generation   total 8070848K, used 7232177K [0x00007f53fc600000, 0x00007f561fb60000, 0x00007f5951b50000)
  eden space 7174144K, 100% used [0x00007f53fc600000, 0x00007f55b2400000, 0x00007f55b2400000)
  from space 896704K,   6% used [0x00007f55b2400000, 0x00007f55b5cac788, 0x00007f55e8fb0000)
  to   space 896704K,   0% used [0x00007f55e8fb0000, 0x00007f55e8fb0000, 0x00007f561fb60000)
 tenured generation   total 17934992K, used 17923963K [0x00007f5951b50000, 0x00007f5d985f4000, 0x00007f63fc600000)
   the space 17934992K,  99% used [0x00007f5951b50000, 0x00007f5d97b2efa0, 0x00007f5d97b2f000, 0x00007f5d985f4000)
 Metaspace       used 24380K, capacity 24777K, committed 25088K, reserved 26624K
}
Event: 23923.513 GC heap after
{Heap after GC invocations=13844 (full 6):
 def new generation   total 8070848K, used 57997K [0x00007f53fc600000, 0x00007f561fb60000, 0x00007f5951b50000)
  eden space 7174144K,   0% used [0x00007f53fc600000, 0x00007f53fc600000, 0x00007f55b2400000)
  from space 896704K,   6% used [0x00007f55e8fb0000, 0x00007f55ec8537e0, 0x00007f561fb60000)
  to   space 896704K,   0% used [0x00007f55b2400000, 0x00007f55b2400000, 0x00007f55e8fb0000)
 tenured generation   total 17934992K, used 17927732K [0x00007f5951b50000, 0x00007f5d985f4000, 0x00007f63fc600000)
   the space 17934992K,  99% used [0x00007f5951b50000, 0x00007f5d97edd170, 0x00007f5d97edd200, 0x00007f5d985f4000)
 Metaspace       used 24380K, capacity 24777K, committed 25088K, reserved 26624K
}
Event: 23928.939 GC heap before
{Heap before GC invocations=13844 (full 6):
 def new generation   total 8070848K, used 7232141K [0x00007f53fc600000, 0x00007f561fb60000, 0x00007f5951b50000)
  eden space 7174144K, 100% used [0x00007f53fc600000, 0x00007f55b2400000, 0x00007f55b2400000)
  from space 896704K,   6% used [0x00007f55e8fb0000, 0x00007f55ec8537e0, 0x00007f561fb60000)
  to   space 896704K,   0% used [0x00007f55b2400000, 0x00007f55b2400000, 0x00007f55e8fb0000)
 tenured generation   total 17934992K, used 17927732K [0x00007f5951b50000, 0x00007f5d985f4000, 0x00007f63fc600000)
   the space 17934992K,  99% used [0x00007f5951b50000, 0x00007f5d97edd170, 0x00007f5d97edd200, 0x00007f5d985f4000)
 Metaspace       used 24380K, capacity 24777K, committed 25088K, reserved 26624K
}
Event: 23929.052 GC heap after
{Heap after GC invocations=13845 (full 6):
 def new generation   total 8070848K, used 58207K [0x00007f53fc600000, 0x00007f561fb60000, 0x00007f5951b50000)
  eden space 7174144K,   0% used [0x00007f53fc600000, 0x00007f53fc600000, 0x00007f55b2400000)
  from space 896704K,   6% used [0x00007f55b2400000, 0x00007f55b5cd7c50, 0x00007f55e8fb0000)
  to   space 896704K,   0% used [0x00007f55e8fb0000, 0x00007f55e8fb0000, 0x00007f561fb60000)
 tenured generation   total 17934992K, used 17931450K [0x00007f5951b50000, 0x00007f5d985f4000, 0x00007f63fc600000)
   the space 17934992K,  99% used [0x00007f5951b50000, 0x00007f5d9827e800, 0x00007f5d9827e800, 0x00007f5d985f4000)
 Metaspace       used 24380K, capacity 24777K, committed 25088K, reserved 26624K
}
Event: 23934.142 GC heap before
{Heap before GC invocations=13845 (full 6):
 def new generation   total 8070848K, used 7232351K [0x00007f53fc600000, 0x00007f561fb60000, 0x00007f5951b50000)
  eden space 7174144K, 100% used [0x00007f53fc600000, 0x00007f55b2400000, 0x00007f55b2400000)
  from space 896704K,   6% used [0x00007f55b2400000, 0x00007f55b5cd7c50, 0x00007f55e8fb0000)
  to   space 896704K,   0% used [0x00007f55e8fb0000, 0x00007f55e8fb0000, 0x00007f561fb60000)
 tenured generation   total 17934992K, used 17931450K [0x00007f5951b50000, 0x00007f5d985f4000, 0x00007f63fc600000)
   the space 17934992K,  99% used [0x00007f5951b50000, 0x00007f5d9827e800, 0x00007f5d9827e800, 0x00007f5d985f4000)
 Metaspace       used 24380K, capacity 24777K, committed 25088K, reserved 26624K
}
Event: 23934.282 GC heap after
{Heap after GC invocations=13846 (full 6):
 def new generation   total 8070848K, used 58154K [0x00007f53fc600000, 0x00007f561fb60000, 0x00007f5951b50000)
  eden space 7174144K,   0% used [0x00007f53fc600000, 0x00007f53fc600000, 0x00007f55b2400000)
  from space 896704K,   6% used [0x00007f55e8fb0000, 0x00007f55ec87a9a8, 0x00007f561fb60000)
  to   space 896704K,   0% used [0x00007f55b2400000, 0x00007f55b2400000, 0x00007f55e8fb0000)
 tenured generation   total 17935568K, used 17935428K [0x00007f5951b50000, 0x00007f5d98684000, 0x00007f63fc600000)
   the space 17935568K,  99% used [0x00007f5951b50000, 0x00007f5d98661060, 0x00007f5d98661200, 0x00007f5d98684000)
 Metaspace       used 24380K, capacity 24777K, committed 25088K, reserved 26624K
}
Event: 23934.282 GC heap before
{Heap before GC invocations=13846 (full 6):
 def new generation   total 8070848K, used 58154K [0x00007f53fc600000, 0x00007f561fb60000, 0x00007f5951b50000)
  eden space 7174144K,   0% used [0x00007f53fc600000, 0x00007f53fc600000, 0x00007f55b2400000)
  from space 896704K,   6% used [0x00007f55e8fb0000, 0x00007f55ec87a9a8, 0x00007f561fb60000)
  to   space 896704K,   0% used [0x00007f55b2400000, 0x00007f55b2400000, 0x00007f55e8fb0000)
 tenured generation   total 17935568K, used 17935428K [0x00007f5951b50000, 0x00007f5d98684000, 0x00007f63fc600000)
   the space 17935568K,  99% used [0x00007f5951b50000, 0x00007f5d98661060, 0x00007f5d98661200, 0x00007f5d98684000)
 Metaspace       used 24380K, capacity 24777K, committed 25088K, reserved 26624K
}

