# JRE version: OpenJDK Runtime Environment (13.0.7+5) (build 13.0.7+5-Ubuntu-0ubuntu120.04)
# Java VM: OpenJDK 64-Bit Server VM (13.0.7+5-Ubuntu-0ubuntu120.04, mixed mode, tiered, serial gc, linux-amd64)
Heap:
 def new generation   total 4827520K, used 0K [0x00007fb8f4600000, 0x00007fba3bc30000, 0x00007fbe49b50000)
  eden space 4291136K,   0% used [0x00007fb8f4600000, 0x00007fb8f4600000, 0x00007fb9fa490000)
  from space 536384K,   0% used [0x00007fba1b060000, 0x00007fba1b060000, 0x00007fba3bc30000)
  to   space 536384K,   0% used [0x00007fb9fa490000, 0x00007fb9fa490000, 0x00007fba1b060000)
 tenured generation   total 11776252K, used 11541112K [0x00007fbe49b50000, 0x00007fc11878f000, 0x00007fc8f4600000)
   the space 11776252K,  98% used [0x00007fbe49b50000, 0x00007fc10a1ee340, 0x00007fc10a1ee400, 0x00007fc11878f000)
 Metaspace       used 24580K, capacity 24967K, committed 25088K, reserved 26624K
GC Heap History (20 events):
Event: 95887.474 GC heap after
{Heap after GC invocations=116526 (full 5):
 def new generation   total 4827520K, used 5128K [0x00007fb8f4600000, 0x00007fba3bc30000, 0x00007fbe49b50000)
  eden space 4291136K,   0% used [0x00007fb8f4600000, 0x00007fb8f4600000, 0x00007fb9fa490000)
  from space 536384K,   0% used [0x00007fb9fa490000, 0x00007fb9fa992268, 0x00007fba1b060000)
  to   space 536384K,   0% used [0x00007fba1b060000, 0x00007fba1b060000, 0x00007fba3bc30000)
 tenured generation   total 10727672K, used 10202002K [0x00007fbe49b50000, 0x00007fc0d878e000, 0x00007fc8f4600000)
   the space 10727672K,  95% used [0x00007fbe49b50000, 0x00007fc0b86349a0, 0x00007fc0b8634a00, 0x00007fc0d878e000)
 Metaspace       used 24405K, capacity 24768K, committed 24832K, reserved 26624K
}
Event: 95889.695 GC heap before
{Heap before GC invocations=116526 (full 5):
 def new generation   total 4827520K, used 4296264K [0x00007fb8f4600000, 0x00007fba3bc30000, 0x00007fbe49b50000)
  eden space 4291136K, 100% used [0x00007fb8f4600000, 0x00007fb9fa490000, 0x00007fb9fa490000)
  from space 536384K,   0% used [0x00007fb9fa490000, 0x00007fb9fa992268, 0x00007fba1b060000)
  to   space 536384K,   0% used [0x00007fba1b060000, 0x00007fba1b060000, 0x00007fba3bc30000)
 tenured generation   total 10727672K, used 10202002K [0x00007fbe49b50000, 0x00007fc0d878e000, 0x00007fc8f4600000)
   the space 10727672K,  95% used [0x00007fbe49b50000, 0x00007fc0b86349a0, 0x00007fc0b8634a00, 0x00007fc0d878e000)
 Metaspace       used 24405K, capacity 24768K, committed 24832K, reserved 26624K
}
Event: 95889.700 GC heap after
{Heap after GC invocations=116527 (full 5):
 def new generation   total 4827520K, used 5196K [0x00007fb8f4600000, 0x00007fba3bc30000, 0x00007fbe49b50000)
  eden space 4291136K,   0% used [0x00007fb8f4600000, 0x00007fb8f4600000, 0x00007fb9fa490000)
  from space 536384K,   0% used [0x00007fba1b060000, 0x00007fba1b5730e8, 0x00007fba3bc30000)
  to   space 536384K,   0% used [0x00007fb9fa490000, 0x00007fb9fa490000, 0x00007fba1b060000)
 tenured generation   total 10727672K, used 10202305K [0x00007fbe49b50000, 0x00007fc0d878e000, 0x00007fc8f4600000)
   the space 10727672K,  95% used [0x00007fbe49b50000, 0x00007fc0b8680510, 0x00007fc0b8680600, 0x00007fc0d878e000)
 Metaspace       used 24405K, capacity 24768K, committed 24832K, reserved 26624K
}
Event: 95891.844 GC heap before
{Heap before GC invocations=116527 (full 5):
 def new generation   total 4827520K, used 4296332K [0x00007fb8f4600000, 0x00007fba3bc30000, 0x00007fbe49b50000)
  eden space 4291136K, 100% used [0x00007fb8f4600000, 0x00007fb9fa490000, 0x00007fb9fa490000)
  from space 536384K,   0% used [0x00007fba1b060000, 0x00007fba1b5730e8, 0x00007fba3bc30000)
  to   space 536384K,   0% used [0x00007fb9fa490000, 0x00007fb9fa490000, 0x00007fba1b060000)
 tenured generation   total 10727672K, used 10202305K [0x00007fbe49b50000, 0x00007fc0d878e000, 0x00007fc8f4600000)
   the space 10727672K,  95% used [0x00007fbe49b50000, 0x00007fc0b8680510, 0x00007fc0b8680600, 0x00007fc0d878e000)
 Metaspace       used 24405K, capacity 24768K, committed 24832K, reserved 26624K
}
Event: 95891.849 GC heap after
{Heap after GC invocations=116528 (full 5):
 def new generation   total 4827520K, used 5115K [0x00007fb8f4600000, 0x00007fba3bc30000, 0x00007fbe49b50000)
  eden space 4291136K,   0% used [0x00007fb8f4600000, 0x00007fb8f4600000, 0x00007fb9fa490000)
  from space 536384K,   0% used [0x00007fb9fa490000, 0x00007fb9fa98ec38, 0x00007fba1b060000)
  to   space 536384K,   0% used [0x00007fba1b060000, 0x00007fba1b060000, 0x00007fba3bc30000)
 tenured generation   total 10727672K, used 10202709K [0x00007fbe49b50000, 0x00007fc0d878e000, 0x00007fc8f4600000)
   the space 10727672K,  95% used [0x00007fbe49b50000, 0x00007fc0b86e5450, 0x00007fc0b86e5600, 0x00007fc0d878e000)
 Metaspace       used 24405K, capacity 24768K, committed 24832K, reserved 26624K
}
Event: 95893.975 GC heap before
{Heap before GC invocations=116528 (full 5):
 def new generation   total 4827520K, used 4296251K [0x00007fb8f4600000, 0x00007fba3bc30000, 0x00007fbe49b50000)
  eden space 4291136K, 100% used [0x00007fb8f4600000, 0x00007fb9fa490000, 0x00007fb9fa490000)
  from space 536384K,   0% used [0x00007fb9fa490000, 0x00007fb9fa98ec38, 0x00007fba1b060000)
  to   space 536384K,   0% used [0x00007fba1b060000, 0x00007fba1b060000, 0x00007fba3bc30000)
 tenured generation   total 10727672K, used 10202709K [0x00007fbe49b50000, 0x00007fc0d878e000, 0x00007fc8f4600000)
   the space 10727672K,  95% used [0x00007fbe49b50000, 0x00007fc0b86e5450, 0x00007fc0b86e5600, 0x00007fc0d878e000)
 Metaspace       used 24405K, capacity 24768K, committed 24832K, reserved 26624K
}
Event: 95893.981 GC heap after
{Heap after GC invocations=116529 (full 5):
 def new generation   total 4827520K, used 5119K [0x00007fb8f4600000, 0x00007fba3bc30000, 0x00007fbe49b50000)
  eden space 4291136K,   0% used [0x00007fb8f4600000, 0x00007fb8f4600000, 0x00007fb9fa490000)
  from space 536384K,   0% used [0x00007fba1b060000, 0x00007fba1b55fef0, 0x00007fba3bc30000)
  to   space 536384K,   0% used [0x00007fb9fa490000, 0x00007fb9fa490000, 0x00007fba1b060000)
 tenured generation   total 10727672K, used 10203011K [0x00007fbe49b50000, 0x00007fc0d878e000, 0x00007fc8f4600000)
   the space 10727672K,  95% used [0x00007fbe49b50000, 0x00007fc0b8730fc0, 0x00007fc0b8731000, 0x00007fc0d878e000)
 Metaspace       used 24405K, capacity 24768K, committed 24832K, reserved 26624K
}
Event: 95896.102 GC heap before
{Heap before GC invocations=116529 (full 5):
 def new generation   total 4827520K, used 4296255K [0x00007fb8f4600000, 0x00007fba3bc30000, 0x00007fbe49b50000)
  eden space 4291136K, 100% used [0x00007fb8f4600000, 0x00007fb9fa490000, 0x00007fb9fa490000)
  from space 536384K,   0% used [0x00007fba1b060000, 0x00007fba1b55fef0, 0x00007fba3bc30000)
  to   space 536384K,   0% used [0x00007fb9fa490000, 0x00007fb9fa490000, 0x00007fba1b060000)
 tenured generation   total 10727672K, used 10203011K [0x00007fbe49b50000, 0x00007fc0d878e000, 0x00007fc8f4600000)
   the space 10727672K,  95% used [0x00007fbe49b50000, 0x00007fc0b8730fc0, 0x00007fc0b8731000, 0x00007fc0d878e000)
 Metaspace       used 24405K, capacity 24768K, committed 24832K, reserved 26624K
}
Event: 95896.107 GC heap after
{Heap after GC invocations=116530 (full 5):
 def new generation   total 4827520K, used 5039K [0x00007fb8f4600000, 0x00007fba3bc30000, 0x00007fbe49b50000)
  eden space 4291136K,   0% used [0x00007fb8f4600000, 0x00007fb8f4600000, 0x00007fb9fa490000)
  from space 536384K,   0% used [0x00007fb9fa490000, 0x00007fb9fa97bf08, 0x00007fba1b060000)
  to   space 536384K,   0% used [0x00007fba1b060000, 0x00007fba1b060000, 0x00007fba3bc30000)
 tenured generation   total 10727672K, used 10203314K [0x00007fbe49b50000, 0x00007fc0d878e000, 0x00007fc8f4600000)
   the space 10727672K,  95% used [0x00007fbe49b50000, 0x00007fc0b877cb30, 0x00007fc0b877cc00, 0x00007fc0d878e000)
 Metaspace       used 24405K, capacity 24768K, committed 24832K, reserved 26624K
}
Event: 95898.230 GC heap before
{Heap before GC invocations=116530 (full 5):
 def new generation   total 4827520K, used 4296175K [0x00007fb8f4600000, 0x00007fba3bc30000, 0x00007fbe49b50000)
  eden space 4291136K, 100% used [0x00007fb8f4600000, 0x00007fb9fa490000, 0x00007fb9fa490000)
  from space 536384K,   0% used [0x00007fb9fa490000, 0x00007fb9fa97bf08, 0x00007fba1b060000)
  to   space 536384K,   0% used [0x00007fba1b060000, 0x00007fba1b060000, 0x00007fba3bc30000)
 tenured generation   total 10727672K, used 10203314K [0x00007fbe49b50000, 0x00007fc0d878e000, 0x00007fc8f4600000)
   the space 10727672K,  95% used [0x00007fbe49b50000, 0x00007fc0b877cb30, 0x00007fc0b877cc00, 0x00007fc0d878e000)
 Metaspace       used 24405K, capacity 24768K, committed 24832K, reserved 26624K
}
Event: 95898.236 GC heap after
{Heap after GC invocations=116531 (full 5):
 def new generation   total 4827520K, used 5109K [0x00007fb8f4600000, 0x00007fba3bc30000, 0x00007fbe49b50000)
  eden space 4291136K,   0% used [0x00007fb8f4600000, 0x00007fb8f4600000, 0x00007fb9fa490000)
  from space 536384K,   0% used [0x00007fba1b060000, 0x00007fba1b55d618, 0x00007fba3bc30000)
  to   space 536384K,   0% used [0x00007fb9fa490000, 0x00007fb9fa490000, 0x00007fba1b060000)
 tenured generation   total 10727672K, used 10203718K [0x00007fbe49b50000, 0x00007fc0d878e000, 0x00007fc8f4600000)
   the space 10727672K,  95% used [0x00007fbe49b50000, 0x00007fc0b87e1a70, 0x00007fc0b87e1c00, 0x00007fc0d878e000)
 Metaspace       used 24405K, capacity 24768K, committed 24832K, reserved 26624K
}
Event: 95900.363 GC heap before
{Heap before GC invocations=116531 (full 5):
 def new generation   total 4827520K, used 4296245K [0x00007fb8f4600000, 0x00007fba3bc30000, 0x00007fbe49b50000)
  eden space 4291136K, 100% used [0x00007fb8f4600000, 0x00007fb9fa490000, 0x00007fb9fa490000)
  from space 536384K,   0% used [0x00007fba1b060000, 0x00007fba1b55d618, 0x00007fba3bc30000)
  to   space 536384K,   0% used [0x00007fb9fa490000, 0x00007fb9fa490000, 0x00007fba1b060000)
 tenured generation   total 10727672K, used 10203718K [0x00007fbe49b50000, 0x00007fc0d878e000, 0x00007fc8f4600000)
   the space 10727672K,  95% used [0x00007fbe49b50000, 0x00007fc0b87e1a70, 0x00007fc0b87e1c00, 0x00007fc0d878e000)
 Metaspace       used 24405K, capacity 24768K, committed 24832K, reserved 26624K
}
Event: 95900.368 GC heap after
{Heap after GC invocations=116532 (full 5):
 def new generation   total 4827520K, used 5117K [0x00007fb8f4600000, 0x00007fba3bc30000, 0x00007fbe49b50000)
  eden space 4291136K,   0% used [0x00007fb8f4600000, 0x00007fb8f4600000, 0x00007fb9fa490000)
  from space 536384K,   0% used [0x00007fb9fa490000, 0x00007fb9fa98f420, 0x00007fba1b060000)
  to   space 536384K,   0% used [0x00007fba1b060000, 0x00007fba1b060000, 0x00007fba3bc30000)
 tenured generation   total 10727672K, used 10204021K [0x00007fbe49b50000, 0x00007fc0d878e000, 0x00007fc8f4600000)
   the space 10727672K,  95% used [0x00007fbe49b50000, 0x00007fc0b882d5e0, 0x00007fc0b882d600, 0x00007fc0d878e000)
 Metaspace       used 24405K, capacity 24768K, committed 24832K, reserved 26624K
}
Event: 95902.497 GC heap before
{Heap before GC invocations=116532 (full 5):
 def new generation   total 4827520K, used 4296253K [0x00007fb8f4600000, 0x00007fba3bc30000, 0x00007fbe49b50000)
  eden space 4291136K, 100% used [0x00007fb8f4600000, 0x00007fb9fa490000, 0x00007fb9fa490000)
  from space 536384K,   0% used [0x00007fb9fa490000, 0x00007fb9fa98f420, 0x00007fba1b060000)
  to   space 536384K,   0% used [0x00007fba1b060000, 0x00007fba1b060000, 0x00007fba3bc30000)
 tenured generation   total 10727672K, used 10204021K [0x00007fbe49b50000, 0x00007fc0d878e000, 0x00007fc8f4600000)
   the space 10727672K,  95% used [0x00007fbe49b50000, 0x00007fc0b882d5e0, 0x00007fc0b882d600, 0x00007fc0d878e000)
 Metaspace       used 24405K, capacity 24768K, committed 24832K, reserved 26624K
}
Event: 95902.502 GC heap after
{Heap after GC invocations=116533 (full 5):
 def new generation   total 4827520K, used 5135K [0x00007fb8f4600000, 0x00007fba3bc30000, 0x00007fbe49b50000)
  eden space 4291136K,   0% used [0x00007fb8f4600000, 0x00007fb8f4600000, 0x00007fb9fa490000)
  from space 536384K,   0% used [0x00007fba1b060000, 0x00007fba1b563c88, 0x00007fba3bc30000)
  to   space 536384K,   0% used [0x00007fb9fa490000, 0x00007fb9fa490000, 0x00007fba1b060000)
 tenured generation   total 10727672K, used 10204324K [0x00007fbe49b50000, 0x00007fc0d878e000, 0x00007fc8f4600000)
   the space 10727672K,  95% used [0x00007fbe49b50000, 0x00007fc0b8879150, 0x00007fc0b8879200, 0x00007fc0d878e000)
 Metaspace       used 24405K, capacity 24768K, committed 24832K, reserved 26624K
}
Event: 95904.606 GC heap before
{Heap before GC invocations=116533 (full 5):
 def new generation   total 4827520K, used 3801346K [0x00007fb8f4600000, 0x00007fba3bc30000, 0x00007fbe49b50000)
  eden space 4291136K,  88% used [0x00007fb8f4600000, 0x00007fb9dc13cf28, 0x00007fb9fa490000)
  from space 536384K,   0% used [0x00007fba1b060000, 0x00007fba1b563c88, 0x00007fba3bc30000)
  to   space 536384K,   0% used [0x00007fb9fa490000, 0x00007fb9fa490000, 0x00007fba1b060000)
 tenured generation   total 10727672K, used 10204324K [0x00007fbe49b50000, 0x00007fc0d878e000, 0x00007fc8f4600000)
   the space 10727672K,  95% used [0x00007fbe49b50000, 0x00007fc0b8879150, 0x00007fc0b8879200, 0x00007fc0d878e000)
 Metaspace       used 24580K, capacity 24967K, committed 25088K, reserved 26624K
}
Event: 95904.760 GC heap after
{Heap after GC invocations=116534 (full 5):
 def new generation   total 4827520K, used 288553K [0x00007fb8f4600000, 0x00007fba3bc30000, 0x00007fbe49b50000)
  eden space 4291136K,   0% used [0x00007fb8f4600000, 0x00007fb8f4600000, 0x00007fb9fa490000)
  from space 536384K,  53% used [0x00007fb9fa490000, 0x00007fba0be5a4b8, 0x00007fba1b060000)
  to   space 536384K,   0% used [0x00007fba1b060000, 0x00007fba1b060000, 0x00007fba3bc30000)
 tenured generation   total 10727672K, used 10204627K [0x00007fbe49b50000, 0x00007fc0d878e000, 0x00007fc8f4600000)
   the space 10727672K,  95% used [0x00007fbe49b50000, 0x00007fc0b88c4cc0, 0x00007fc0b88c4e00, 0x00007fc0d878e000)
 Metaspace       used 24580K, capacity 24967K, committed 25088K, reserved 26624K
}
Event: 95907.117 GC heap before
{Heap before GC invocations=116534 (full 5):
 def new generation   total 4827520K, used 4567945K [0x00007fb8f4600000, 0x00007fba3bc30000, 0x00007fbe49b50000)
  eden space 4291136K,  99% used [0x00007fb8f4600000, 0x00007fb9f9918310, 0x00007fb9fa490000)
  from space 536384K,  53% used [0x00007fb9fa490000, 0x00007fba0be5a4b8, 0x00007fba1b060000)
  to   space 536384K,   0% used [0x00007fba1b060000, 0x00007fba1b060000, 0x00007fba3bc30000)
 tenured generation   total 10727672K, used 10204627K [0x00007fbe49b50000, 0x00007fc0d878e000, 0x00007fc8f4600000)
   the space 10727672K,  95% used [0x00007fbe49b50000, 0x00007fc0b88c4cc0, 0x00007fc0b88c4e00, 0x00007fc0d878e000)
 Metaspace       used 24580K, capacity 24967K, committed 25088K, reserved 26624K
}
Event: 95907.726 GC heap after
{Heap after GC invocations=116535 (full 5):
 def new generation   total 4827520K, used 262145K [0x00007fb8f4600000, 0x00007fba3bc30000, 0x00007fbe49b50000)
  eden space 4291136K,   0% used [0x00007fb8f4600000, 0x00007fb8f4600000, 0x00007fb9fa490000)
  from space 536384K,  48% used [0x00007fba1b060000, 0x00007fba2b060568, 0x00007fba3bc30000)
  to   space 536384K,   0% used [0x00007fb9fa490000, 0x00007fb9fa490000, 0x00007fba1b060000)
 tenured generation   total 11776252K, used 11278967K [0x00007fbe49b50000, 0x00007fc11878f000, 0x00007fc8f4600000)
   the space 11776252K,  95% used [0x00007fbe49b50000, 0x00007fc0fa1eddd8, 0x00007fc0fa1ede00, 0x00007fc11878f000)
 Metaspace       used 24580K, capacity 24967K, committed 25088K, reserved 26624K
}
Event: 95907.726 GC heap before
{Heap before GC invocations=116535 (full 5):
 def new generation   total 4827520K, used 262145K [0x00007fb8f4600000, 0x00007fba3bc30000, 0x00007fbe49b50000)
  eden space 4291136K,   0% used [0x00007fb8f4600000, 0x00007fb8f4600000, 0x00007fb9fa490000)
  from space 536384K,  48% used [0x00007fba1b060000, 0x00007fba2b060568, 0x00007fba3bc30000)
  to   space 536384K,   0% used [0x00007fb9fa490000, 0x00007fb9fa490000, 0x00007fba1b060000)
 tenured generation   total 11776252K, used 11278967K [0x00007fbe49b50000, 0x00007fc11878f000, 0x00007fc8f4600000)
   the space 11776252K,  95% used [0x00007fbe49b50000, 0x00007fc0fa1eddd8, 0x00007fc0fa1ede00, 0x00007fc11878f000)
 Metaspace       used 24580K, capacity 24967K, committed 25088K, reserved 26624K
}

