# JRE version: OpenJDK Runtime Environment (13.0.7+5) (build 13.0.7+5-Ubuntu-0ubuntu120.04)
# Java VM: OpenJDK 64-Bit Server VM (13.0.7+5-Ubuntu-0ubuntu120.04, mixed mode, tiered, serial gc, linux-amd64)
Heap:
 def new generation   total 2895424K, used 40754K [0x00007f898c600000, 0x00007f8a50bb0000, 0x00007f8ee1b50000)
  eden space 2573760K,   1% used [0x00007f898c600000, 0x00007f898edcc8f8, 0x00007f8a29770000)
  from space 321664K,   0% used [0x00007f8a29770000, 0x00007f8a29770000, 0x00007f8a3d190000)
  to   space 321664K,   0% used [0x00007f8a3d190000, 0x00007f8a3d190000, 0x00007f8a50bb0000)
 tenured generation   total 6434624K, used 6434623K [0x00007f8ee1b50000, 0x00007f906a720000, 0x00007f998c600000)
   the space 6434624K,  99% used [0x00007f8ee1b50000, 0x00007f906a71ffb8, 0x00007f906a720000, 0x00007f906a720000)
 Metaspace       used 24348K, capacity 24713K, committed 24832K, reserved 26624K
GC Heap History (20 events):
Event: 8003.000 GC heap after
{Heap after GC invocations=8947 (full 4):
 def new generation   total 2895424K, used 31161K [0x00007f898c600000, 0x00007f8a50bb0000, 0x00007f8ee1b50000)
  eden space 2573760K,   0% used [0x00007f898c600000, 0x00007f898c600000, 0x00007f8a29770000)
  from space 321664K,   9% used [0x00007f8a3d190000, 0x00007f8a3effe600, 0x00007f8a50bb0000)
  to   space 321664K,   0% used [0x00007f8a29770000, 0x00007f8a29770000, 0x00007f8a3d190000)
 tenured generation   total 6434048K, used 6421741K [0x00007f8ee1b50000, 0x00007f906a690000, 0x00007f998c600000)
   the space 6434048K,  99% used [0x00007f8ee1b50000, 0x00007f9069a8b678, 0x00007f9069a8b800, 0x00007f906a690000)
 Metaspace       used 24348K, capacity 24713K, committed 24832K, reserved 26624K
}
Event: 8004.493 GC heap before
{Heap before GC invocations=8947 (full 4):
 def new generation   total 2895424K, used 2604921K [0x00007f898c600000, 0x00007f8a50bb0000, 0x00007f8ee1b50000)
  eden space 2573760K, 100% used [0x00007f898c600000, 0x00007f8a29770000, 0x00007f8a29770000)
  from space 321664K,   9% used [0x00007f8a3d190000, 0x00007f8a3effe600, 0x00007f8a50bb0000)
  to   space 321664K,   0% used [0x00007f8a29770000, 0x00007f8a29770000, 0x00007f8a3d190000)
 tenured generation   total 6434048K, used 6421741K [0x00007f8ee1b50000, 0x00007f906a690000, 0x00007f998c600000)
   the space 6434048K,  99% used [0x00007f8ee1b50000, 0x00007f9069a8b678, 0x00007f9069a8b800, 0x00007f906a690000)
 Metaspace       used 24348K, capacity 24713K, committed 24832K, reserved 26624K
}
Event: 8004.535 GC heap after
{Heap after GC invocations=8948 (full 4):
 def new generation   total 2895424K, used 36868K [0x00007f898c600000, 0x00007f8a50bb0000, 0x00007f8ee1b50000)
  eden space 2573760K,   0% used [0x00007f898c600000, 0x00007f898c600000, 0x00007f8a29770000)
  from space 321664K,  11% used [0x00007f8a29770000, 0x00007f8a2bb71248, 0x00007f8a3d190000)
  to   space 321664K,   0% used [0x00007f8a3d190000, 0x00007f8a3d190000, 0x00007f8a50bb0000)
 tenured generation   total 6434048K, used 6422715K [0x00007f8ee1b50000, 0x00007f906a690000, 0x00007f998c600000)
   the space 6434048K,  99% used [0x00007f8ee1b50000, 0x00007f9069b7ecb8, 0x00007f9069b7ee00, 0x00007f906a690000)
 Metaspace       used 24348K, capacity 24713K, committed 24832K, reserved 26624K
}
Event: 8006.104 GC heap before
{Heap before GC invocations=8948 (full 4):
 def new generation   total 2895424K, used 2610628K [0x00007f898c600000, 0x00007f8a50bb0000, 0x00007f8ee1b50000)
  eden space 2573760K, 100% used [0x00007f898c600000, 0x00007f8a29770000, 0x00007f8a29770000)
  from space 321664K,  11% used [0x00007f8a29770000, 0x00007f8a2bb71248, 0x00007f8a3d190000)
  to   space 321664K,   0% used [0x00007f8a3d190000, 0x00007f8a3d190000, 0x00007f8a50bb0000)
 tenured generation   total 6434048K, used 6422715K [0x00007f8ee1b50000, 0x00007f906a690000, 0x00007f998c600000)
   the space 6434048K,  99% used [0x00007f8ee1b50000, 0x00007f9069b7ecb8, 0x00007f9069b7ee00, 0x00007f906a690000)
 Metaspace       used 24348K, capacity 24713K, committed 24832K, reserved 26624K
}
Event: 8006.156 GC heap after
{Heap after GC invocations=8949 (full 4):
 def new generation   total 2895424K, used 42600K [0x00007f898c600000, 0x00007f8a50bb0000, 0x00007f8ee1b50000)
  eden space 2573760K,   0% used [0x00007f898c600000, 0x00007f898c600000, 0x00007f8a29770000)
  from space 321664K,  13% used [0x00007f8a3d190000, 0x00007f8a3fb2a2c8, 0x00007f8a50bb0000)
  to   space 321664K,   0% used [0x00007f8a29770000, 0x00007f8a29770000, 0x00007f8a3d190000)
 tenured generation   total 6434048K, used 6423687K [0x00007f8ee1b50000, 0x00007f906a690000, 0x00007f998c600000)
   the space 6434048K,  99% used [0x00007f8ee1b50000, 0x00007f9069c71de8, 0x00007f9069c71e00, 0x00007f906a690000)
 Metaspace       used 24348K, capacity 24713K, committed 24832K, reserved 26624K
}
Event: 8007.881 GC heap before
{Heap before GC invocations=8949 (full 4):
 def new generation   total 2895424K, used 2616360K [0x00007f898c600000, 0x00007f8a50bb0000, 0x00007f8ee1b50000)
  eden space 2573760K, 100% used [0x00007f898c600000, 0x00007f8a29770000, 0x00007f8a29770000)
  from space 321664K,  13% used [0x00007f8a3d190000, 0x00007f8a3fb2a2c8, 0x00007f8a50bb0000)
  to   space 321664K,   0% used [0x00007f8a29770000, 0x00007f8a29770000, 0x00007f8a3d190000)
 tenured generation   total 6434048K, used 6423687K [0x00007f8ee1b50000, 0x00007f906a690000, 0x00007f998c600000)
   the space 6434048K,  99% used [0x00007f8ee1b50000, 0x00007f9069c71de8, 0x00007f9069c71e00, 0x00007f906a690000)
 Metaspace       used 24348K, capacity 24713K, committed 24832K, reserved 26624K
}
Event: 8007.929 GC heap after
{Heap after GC invocations=8950 (full 4):
 def new generation   total 2895424K, used 44977K [0x00007f898c600000, 0x00007f8a50bb0000, 0x00007f8ee1b50000)
  eden space 2573760K,   0% used [0x00007f898c600000, 0x00007f898c600000, 0x00007f8a29770000)
  from space 321664K,  13% used [0x00007f8a29770000, 0x00007f8a2c35c608, 0x00007f8a3d190000)
  to   space 321664K,   0% used [0x00007f8a3d190000, 0x00007f8a3d190000, 0x00007f8a50bb0000)
 tenured generation   total 6434048K, used 6424707K [0x00007f8ee1b50000, 0x00007f906a690000, 0x00007f998c600000)
   the space 6434048K,  99% used [0x00007f8ee1b50000, 0x00007f9069d70e18, 0x00007f9069d71000, 0x00007f906a690000)
 Metaspace       used 24348K, capacity 24713K, committed 24832K, reserved 26624K
}
Event: 8009.875 GC heap before
{Heap before GC invocations=8950 (full 4):
 def new generation   total 2895424K, used 2618737K [0x00007f898c600000, 0x00007f8a50bb0000, 0x00007f8ee1b50000)
  eden space 2573760K, 100% used [0x00007f898c600000, 0x00007f8a29770000, 0x00007f8a29770000)
  from space 321664K,  13% used [0x00007f8a29770000, 0x00007f8a2c35c608, 0x00007f8a3d190000)
  to   space 321664K,   0% used [0x00007f8a3d190000, 0x00007f8a3d190000, 0x00007f8a50bb0000)
 tenured generation   total 6434048K, used 6424707K [0x00007f8ee1b50000, 0x00007f906a690000, 0x00007f998c600000)
   the space 6434048K,  99% used [0x00007f8ee1b50000, 0x00007f9069d70e18, 0x00007f9069d71000, 0x00007f906a690000)
 Metaspace       used 24348K, capacity 24713K, committed 24832K, reserved 26624K
}
Event: 8009.925 GC heap after
{Heap after GC invocations=8951 (full 4):
 def new generation   total 2895424K, used 52977K [0x00007f898c600000, 0x00007f8a50bb0000, 0x00007f8ee1b50000)
  eden space 2573760K,   0% used [0x00007f898c600000, 0x00007f898c600000, 0x00007f8a29770000)
  from space 321664K,  16% used [0x00007f8a3d190000, 0x00007f8a4054c568, 0x00007f8a50bb0000)
  to   space 321664K,   0% used [0x00007f8a29770000, 0x00007f8a29770000, 0x00007f8a3d190000)
 tenured generation   total 6434048K, used 6425679K [0x00007f8ee1b50000, 0x00007f906a690000, 0x00007f998c600000)
   the space 6434048K,  99% used [0x00007f8ee1b50000, 0x00007f9069e63f48, 0x00007f9069e64000, 0x00007f906a690000)
 Metaspace       used 24348K, capacity 24713K, committed 24832K, reserved 26624K
}
Event: 8011.933 GC heap before
{Heap before GC invocations=8951 (full 4):
 def new generation   total 2895424K, used 2626737K [0x00007f898c600000, 0x00007f8a50bb0000, 0x00007f8ee1b50000)
  eden space 2573760K, 100% used [0x00007f898c600000, 0x00007f8a29770000, 0x00007f8a29770000)
  from space 321664K,  16% used [0x00007f8a3d190000, 0x00007f8a4054c568, 0x00007f8a50bb0000)
  to   space 321664K,   0% used [0x00007f8a29770000, 0x00007f8a29770000, 0x00007f8a3d190000)
 tenured generation   total 6434048K, used 6425679K [0x00007f8ee1b50000, 0x00007f906a690000, 0x00007f998c600000)
   the space 6434048K,  99% used [0x00007f8ee1b50000, 0x00007f9069e63f48, 0x00007f9069e64000, 0x00007f906a690000)
 Metaspace       used 24348K, capacity 24713K, committed 24832K, reserved 26624K
}
Event: 8011.985 GC heap after
{Heap after GC invocations=8952 (full 4):
 def new generation   total 2895424K, used 44650K [0x00007f898c600000, 0x00007f8a50bb0000, 0x00007f8ee1b50000)
  eden space 2573760K,   0% used [0x00007f898c600000, 0x00007f898c600000, 0x00007f8a29770000)
  from space 321664K,  13% used [0x00007f8a29770000, 0x00007f8a2c30a980, 0x00007f8a3d190000)
  to   space 321664K,   0% used [0x00007f8a3d190000, 0x00007f8a3d190000, 0x00007f8a50bb0000)
 tenured generation   total 6434048K, used 6426699K [0x00007f8ee1b50000, 0x00007f906a690000, 0x00007f998c600000)
   the space 6434048K,  99% used [0x00007f8ee1b50000, 0x00007f9069f62f78, 0x00007f9069f63000, 0x00007f906a690000)
 Metaspace       used 24348K, capacity 24713K, committed 24832K, reserved 26624K
}
Event: 8013.986 GC heap before
{Heap before GC invocations=8952 (full 4):
 def new generation   total 2895424K, used 2618268K [0x00007f898c600000, 0x00007f8a50bb0000, 0x00007f8ee1b50000)
  eden space 2573760K,  99% used [0x00007f898c600000, 0x00007f8a2974c818, 0x00007f8a29770000)
  from space 321664K,  13% used [0x00007f8a29770000, 0x00007f8a2c30a980, 0x00007f8a3d190000)
  to   space 321664K,   0% used [0x00007f8a3d190000, 0x00007f8a3d190000, 0x00007f8a50bb0000)
 tenured generation   total 6434048K, used 6426699K [0x00007f8ee1b50000, 0x00007f906a690000, 0x00007f998c600000)
   the space 6434048K,  99% used [0x00007f8ee1b50000, 0x00007f9069f62f78, 0x00007f9069f63000, 0x00007f906a690000)
 Metaspace       used 24348K, capacity 24713K, committed 24832K, reserved 26624K
}
Event: 8014.047 GC heap after
{Heap after GC invocations=8953 (full 4):
 def new generation   total 2895424K, used 61071K [0x00007f898c600000, 0x00007f8a50bb0000, 0x00007f8ee1b50000)
  eden space 2573760K,   0% used [0x00007f898c600000, 0x00007f898c600000, 0x00007f8a29770000)
  from space 321664K,  18% used [0x00007f8a3d190000, 0x00007f8a40d33fd8, 0x00007f8a50bb0000)
  to   space 321664K,   0% used [0x00007f8a29770000, 0x00007f8a29770000, 0x00007f8a3d190000)
 tenured generation   total 6434048K, used 6427672K [0x00007f8ee1b50000, 0x00007f906a690000, 0x00007f998c600000)
   the space 6434048K,  99% used [0x00007f8ee1b50000, 0x00007f906a0560a8, 0x00007f906a056200, 0x00007f906a690000)
 Metaspace       used 24348K, capacity 24713K, committed 24832K, reserved 26624K
}
Event: 8015.950 GC heap before
{Heap before GC invocations=8953 (full 4):
 def new generation   total 2895424K, used 2634831K [0x00007f898c600000, 0x00007f8a50bb0000, 0x00007f8ee1b50000)
  eden space 2573760K, 100% used [0x00007f898c600000, 0x00007f8a29770000, 0x00007f8a29770000)
  from space 321664K,  18% used [0x00007f8a3d190000, 0x00007f8a40d33fd8, 0x00007f8a50bb0000)
  to   space 321664K,   0% used [0x00007f8a29770000, 0x00007f8a29770000, 0x00007f8a3d190000)
 tenured generation   total 6434048K, used 6427672K [0x00007f8ee1b50000, 0x00007f906a690000, 0x00007f998c600000)
   the space 6434048K,  99% used [0x00007f8ee1b50000, 0x00007f906a0560a8, 0x00007f906a056200, 0x00007f906a690000)
 Metaspace       used 24348K, capacity 24713K, committed 24832K, reserved 26624K
}
Event: 8015.993 GC heap after
{Heap after GC invocations=8954 (full 4):
 def new generation   total 2895424K, used 44736K [0x00007f898c600000, 0x00007f8a50bb0000, 0x00007f8ee1b50000)
  eden space 2573760K,   0% used [0x00007f898c600000, 0x00007f898c600000, 0x00007f8a29770000)
  from space 321664K,  13% used [0x00007f8a29770000, 0x00007f8a2c320038, 0x00007f8a3d190000)
  to   space 321664K,   0% used [0x00007f8a3d190000, 0x00007f8a3d190000, 0x00007f8a50bb0000)
 tenured generation   total 6434048K, used 6428644K [0x00007f8ee1b50000, 0x00007f906a690000, 0x00007f998c600000)
   the space 6434048K,  99% used [0x00007f8ee1b50000, 0x00007f906a149028, 0x00007f906a149200, 0x00007f906a690000)
 Metaspace       used 24348K, capacity 24713K, committed 24832K, reserved 26624K
}
Event: 8018.000 GC heap before
{Heap before GC invocations=8954 (full 4):
 def new generation   total 2895424K, used 2615619K [0x00007f898c600000, 0x00007f8a50bb0000, 0x00007f8ee1b50000)
  eden space 2573760K,  99% used [0x00007f898c600000, 0x00007f8a294a0e88, 0x00007f8a29770000)
  from space 321664K,  13% used [0x00007f8a29770000, 0x00007f8a2c320038, 0x00007f8a3d190000)
  to   space 321664K,   0% used [0x00007f8a3d190000, 0x00007f8a3d190000, 0x00007f8a50bb0000)
 tenured generation   total 6434048K, used 6428644K [0x00007f8ee1b50000, 0x00007f906a690000, 0x00007f998c600000)
   the space 6434048K,  99% used [0x00007f8ee1b50000, 0x00007f906a149028, 0x00007f906a149200, 0x00007f906a690000)
 Metaspace       used 24348K, capacity 24713K, committed 24832K, reserved 26624K
}
Event: 8018.048 GC heap after
{Heap after GC invocations=8955 (full 4):
 def new generation   total 2895424K, used 52879K [0x00007f898c600000, 0x00007f8a50bb0000, 0x00007f8ee1b50000)
  eden space 2573760K,   0% used [0x00007f898c600000, 0x00007f898c600000, 0x00007f8a29770000)
  from space 321664K,  16% used [0x00007f8a3d190000, 0x00007f8a40533ee0, 0x00007f8a50bb0000)
  to   space 321664K,   0% used [0x00007f8a29770000, 0x00007f8a29770000, 0x00007f8a3d190000)
 tenured generation   total 6434048K, used 6429664K [0x00007f8ee1b50000, 0x00007f906a690000, 0x00007f998c600000)
   the space 6434048K,  99% used [0x00007f8ee1b50000, 0x00007f906a248208, 0x00007f906a248400, 0x00007f906a690000)
 Metaspace       used 24348K, capacity 24713K, committed 24832K, reserved 26624K
}
Event: 8020.019 GC heap before
{Heap before GC invocations=8955 (full 4):
 def new generation   total 2895424K, used 2626639K [0x00007f898c600000, 0x00007f8a50bb0000, 0x00007f8ee1b50000)
  eden space 2573760K, 100% used [0x00007f898c600000, 0x00007f8a29770000, 0x00007f8a29770000)
  from space 321664K,  16% used [0x00007f8a3d190000, 0x00007f8a40533ee0, 0x00007f8a50bb0000)
  to   space 321664K,   0% used [0x00007f8a29770000, 0x00007f8a29770000, 0x00007f8a3d190000)
 tenured generation   total 6434048K, used 6429664K [0x00007f8ee1b50000, 0x00007f906a690000, 0x00007f998c600000)
   the space 6434048K,  99% used [0x00007f8ee1b50000, 0x00007f906a248208, 0x00007f906a248400, 0x00007f906a690000)
 Metaspace       used 24348K, capacity 24713K, committed 24832K, reserved 26624K
}
Event: 8020.063 GC heap after
{Heap after GC invocations=8956 (full 4):
 def new generation   total 2895424K, used 40880K [0x00007f898c600000, 0x00007f8a50bb0000, 0x00007f8ee1b50000)
  eden space 2573760K,   0% used [0x00007f898c600000, 0x00007f898c600000, 0x00007f8a29770000)
  from space 321664K,  12% used [0x00007f8a29770000, 0x00007f8a2bf5c378, 0x00007f8a3d190000)
  to   space 321664K,   0% used [0x00007f8a3d190000, 0x00007f8a3d190000, 0x00007f8a50bb0000)
 tenured generation   total 6434624K, used 6434497K [0x00007f8ee1b50000, 0x00007f906a720000, 0x00007f998c600000)
   the space 6434624K,  99% used [0x00007f8ee1b50000, 0x00007f906a700538, 0x00007f906a700600, 0x00007f906a720000)
 Metaspace       used 24348K, capacity 24713K, committed 24832K, reserved 26624K
}
Event: 8020.063 GC heap before
{Heap before GC invocations=8956 (full 4):
 def new generation   total 2895424K, used 40880K [0x00007f898c600000, 0x00007f8a50bb0000, 0x00007f8ee1b50000)
  eden space 2573760K,   0% used [0x00007f898c600000, 0x00007f898c600000, 0x00007f8a29770000)
  from space 321664K,  12% used [0x00007f8a29770000, 0x00007f8a2bf5c378, 0x00007f8a3d190000)
  to   space 321664K,   0% used [0x00007f8a3d190000, 0x00007f8a3d190000, 0x00007f8a50bb0000)
 tenured generation   total 6434624K, used 6434497K [0x00007f8ee1b50000, 0x00007f906a720000, 0x00007f998c600000)
   the space 6434624K,  99% used [0x00007f8ee1b50000, 0x00007f906a700538, 0x00007f906a700600, 0x00007f906a720000)
 Metaspace       used 24348K, capacity 24713K, committed 24832K, reserved 26624K
}

