# JRE version: OpenJDK Runtime Environment (13.0.7+5) (build 13.0.7+5-Ubuntu-0ubuntu120.04)
# Java VM: OpenJDK 64-Bit Server VM (13.0.7+5-Ubuntu-0ubuntu120.04, mixed mode, tiered, serial gc, linux-amd64)
Heap:
 def new generation   total 8081280K, used 59517K [0x00007f453c600000, 0x00007f47606b0000, 0x00007f4a91b50000)
  eden space 7183424K,   0% used [0x00007f453c600000, 0x00007f454001f6d8, 0x00007f46f2d10000)
  from space 897856K,   0% used [0x00007f46f2d10000, 0x00007f46f2d10000, 0x00007f47299e0000)
  to   space 897856K,   0% used [0x00007f47299e0000, 0x00007f47299e0000, 0x00007f47606b0000)
 tenured generation   total 17958544K, used 17958543K [0x00007f4a91b50000, 0x00007f4ed9cf4000, 0x00007f553c600000)
   the space 17958544K,  99% used [0x00007f4a91b50000, 0x00007f4ed9cf3fc8, 0x00007f4ed9cf4000, 0x00007f4ed9cf4000)
 Metaspace       used 24329K, capacity 24772K, committed 24832K, reserved 26624K
GC Heap History (20 events):
Event: 15898.346 GC heap after
{Heap after GC invocations=13111 (full 6):
 def new generation   total 8081280K, used 58199K [0x00007f453c600000, 0x00007f47606b0000, 0x00007f4a91b50000)
  eden space 7183424K,   0% used [0x00007f453c600000, 0x00007f453c600000, 0x00007f46f2d10000)
  from space 897856K,   6% used [0x00007f47299e0000, 0x00007f472d2b5e90, 0x00007f47606b0000)
  to   space 897856K,   0% used [0x00007f46f2d10000, 0x00007f46f2d10000, 0x00007f47299e0000)
 tenured generation   total 17958160K, used 17918826K [0x00007f4a91b50000, 0x00007f4ed9c94000, 0x00007f553c600000)
   the space 17958160K,  99% used [0x00007f4a91b50000, 0x00007f4ed762a8a8, 0x00007f4ed762aa00, 0x00007f4ed9c94000)
 Metaspace       used 24329K, capacity 24772K, committed 24832K, reserved 26624K
}
Event: 15901.866 GC heap before
{Heap before GC invocations=13111 (full 6):
 def new generation   total 8081280K, used 7241623K [0x00007f453c600000, 0x00007f47606b0000, 0x00007f4a91b50000)
  eden space 7183424K, 100% used [0x00007f453c600000, 0x00007f46f2d10000, 0x00007f46f2d10000)
  from space 897856K,   6% used [0x00007f47299e0000, 0x00007f472d2b5e90, 0x00007f47606b0000)
  to   space 897856K,   0% used [0x00007f46f2d10000, 0x00007f46f2d10000, 0x00007f47299e0000)
 tenured generation   total 17958160K, used 17918826K [0x00007f4a91b50000, 0x00007f4ed9c94000, 0x00007f553c600000)
   the space 17958160K,  99% used [0x00007f4a91b50000, 0x00007f4ed762a8a8, 0x00007f4ed762aa00, 0x00007f4ed9c94000)
 Metaspace       used 24329K, capacity 24772K, committed 24832K, reserved 26624K
}
Event: 15901.899 GC heap after
{Heap after GC invocations=13112 (full 6):
 def new generation   total 8081280K, used 57996K [0x00007f453c600000, 0x00007f47606b0000, 0x00007f4a91b50000)
  eden space 7183424K,   0% used [0x00007f453c600000, 0x00007f453c600000, 0x00007f46f2d10000)
  from space 897856K,   6% used [0x00007f46f2d10000, 0x00007f46f65b3378, 0x00007f47299e0000)
  to   space 897856K,   0% used [0x00007f47299e0000, 0x00007f47299e0000, 0x00007f47606b0000)
 tenured generation   total 17958160K, used 17922539K [0x00007f4a91b50000, 0x00007f4ed9c94000, 0x00007f553c600000)
   the space 17958160K,  99% used [0x00007f4a91b50000, 0x00007f4ed79caf88, 0x00007f4ed79cb000, 0x00007f4ed9c94000)
 Metaspace       used 24329K, capacity 24772K, committed 24832K, reserved 26624K
}
Event: 15905.365 GC heap before
{Heap before GC invocations=13112 (full 6):
 def new generation   total 8081280K, used 7241420K [0x00007f453c600000, 0x00007f47606b0000, 0x00007f4a91b50000)
  eden space 7183424K, 100% used [0x00007f453c600000, 0x00007f46f2d10000, 0x00007f46f2d10000)
  from space 897856K,   6% used [0x00007f46f2d10000, 0x00007f46f65b3378, 0x00007f47299e0000)
  to   space 897856K,   0% used [0x00007f47299e0000, 0x00007f47299e0000, 0x00007f47606b0000)
 tenured generation   total 17958160K, used 17922539K [0x00007f4a91b50000, 0x00007f4ed9c94000, 0x00007f553c600000)
   the space 17958160K,  99% used [0x00007f4a91b50000, 0x00007f4ed79caf88, 0x00007f4ed79cb000, 0x00007f4ed9c94000)
 Metaspace       used 24329K, capacity 24772K, committed 24832K, reserved 26624K
}
Event: 15905.410 GC heap after
{Heap after GC invocations=13113 (full 6):
 def new generation   total 8081280K, used 59084K [0x00007f453c600000, 0x00007f47606b0000, 0x00007f4a91b50000)
  eden space 7183424K,   0% used [0x00007f453c600000, 0x00007f453c600000, 0x00007f46f2d10000)
  from space 897856K,   6% used [0x00007f47299e0000, 0x00007f472d3931b8, 0x00007f47606b0000)
  to   space 897856K,   0% used [0x00007f46f2d10000, 0x00007f46f2d10000, 0x00007f47299e0000)
 tenured generation   total 17958160K, used 17926780K [0x00007f4a91b50000, 0x00007f4ed9c94000, 0x00007f553c600000)
   the space 17958160K,  99% used [0x00007f4a91b50000, 0x00007f4ed7def0c8, 0x00007f4ed7def200, 0x00007f4ed9c94000)
 Metaspace       used 24329K, capacity 24772K, committed 24832K, reserved 26624K
}
Event: 15908.920 GC heap before
{Heap before GC invocations=13113 (full 6):
 def new generation   total 8081280K, used 7242508K [0x00007f453c600000, 0x00007f47606b0000, 0x00007f4a91b50000)
  eden space 7183424K, 100% used [0x00007f453c600000, 0x00007f46f2d10000, 0x00007f46f2d10000)
  from space 897856K,   6% used [0x00007f47299e0000, 0x00007f472d3931b8, 0x00007f47606b0000)
  to   space 897856K,   0% used [0x00007f46f2d10000, 0x00007f46f2d10000, 0x00007f47299e0000)
 tenured generation   total 17958160K, used 17926780K [0x00007f4a91b50000, 0x00007f4ed9c94000, 0x00007f553c600000)
   the space 17958160K,  99% used [0x00007f4a91b50000, 0x00007f4ed7def0c8, 0x00007f4ed7def200, 0x00007f4ed9c94000)
 Metaspace       used 24329K, capacity 24772K, committed 24832K, reserved 26624K
}
Event: 15908.961 GC heap after
{Heap after GC invocations=13114 (full 6):
 def new generation   total 8081280K, used 64091K [0x00007f453c600000, 0x00007f47606b0000, 0x00007f4a91b50000)
  eden space 7183424K,   0% used [0x00007f453c600000, 0x00007f453c600000, 0x00007f46f2d10000)
  from space 897856K,   7% used [0x00007f46f2d10000, 0x00007f46f6ba6c98, 0x00007f47299e0000)
  to   space 897856K,   0% used [0x00007f47299e0000, 0x00007f47299e0000, 0x00007f47606b0000)
 tenured generation   total 17958160K, used 17931107K [0x00007f4a91b50000, 0x00007f4ed9c94000, 0x00007f553c600000)
   the space 17958160K,  99% used [0x00007f4a91b50000, 0x00007f4ed8228ed8, 0x00007f4ed8229000, 0x00007f4ed9c94000)
 Metaspace       used 24329K, capacity 24772K, committed 24832K, reserved 26624K
}
Event: 15912.865 GC heap before
{Heap before GC invocations=13114 (full 6):
 def new generation   total 8081280K, used 7247515K [0x00007f453c600000, 0x00007f47606b0000, 0x00007f4a91b50000)
  eden space 7183424K, 100% used [0x00007f453c600000, 0x00007f46f2d10000, 0x00007f46f2d10000)
  from space 897856K,   7% used [0x00007f46f2d10000, 0x00007f46f6ba6c98, 0x00007f47299e0000)
  to   space 897856K,   0% used [0x00007f47299e0000, 0x00007f47299e0000, 0x00007f47606b0000)
 tenured generation   total 17958160K, used 17931107K [0x00007f4a91b50000, 0x00007f4ed9c94000, 0x00007f553c600000)
   the space 17958160K,  99% used [0x00007f4a91b50000, 0x00007f4ed8228ed8, 0x00007f4ed8229000, 0x00007f4ed9c94000)
 Metaspace       used 24329K, capacity 24772K, committed 24832K, reserved 26624K
}
Event: 15912.909 GC heap after
{Heap after GC invocations=13115 (full 6):
 def new generation   total 8081280K, used 66628K [0x00007f453c600000, 0x00007f47606b0000, 0x00007f4a91b50000)
  eden space 7183424K,   0% used [0x00007f453c600000, 0x00007f453c600000, 0x00007f46f2d10000)
  from space 897856K,   7% used [0x00007f47299e0000, 0x00007f472daf1308, 0x00007f47606b0000)
  to   space 897856K,   0% used [0x00007f46f2d10000, 0x00007f46f2d10000, 0x00007f47299e0000)
 tenured generation   total 17958160K, used 17935435K [0x00007f4a91b50000, 0x00007f4ed9c94000, 0x00007f553c600000)
   the space 17958160K,  99% used [0x00007f4a91b50000, 0x00007f4ed8662f28, 0x00007f4ed8663000, 0x00007f4ed9c94000)
 Metaspace       used 24329K, capacity 24772K, committed 24832K, reserved 26624K
}
Event: 15916.813 GC heap before
{Heap before GC invocations=13115 (full 6):
 def new generation   total 8081280K, used 7250052K [0x00007f453c600000, 0x00007f47606b0000, 0x00007f4a91b50000)
  eden space 7183424K, 100% used [0x00007f453c600000, 0x00007f46f2d10000, 0x00007f46f2d10000)
  from space 897856K,   7% used [0x00007f47299e0000, 0x00007f472daf1308, 0x00007f47606b0000)
  to   space 897856K,   0% used [0x00007f46f2d10000, 0x00007f46f2d10000, 0x00007f47299e0000)
 tenured generation   total 17958160K, used 17935435K [0x00007f4a91b50000, 0x00007f4ed9c94000, 0x00007f553c600000)
   the space 17958160K,  99% used [0x00007f4a91b50000, 0x00007f4ed8662f28, 0x00007f4ed8663000, 0x00007f4ed9c94000)
 Metaspace       used 24329K, capacity 24772K, committed 24832K, reserved 26624K
}
Event: 15916.849 GC heap after
{Heap after GC invocations=13116 (full 6):
 def new generation   total 8081280K, used 65100K [0x00007f453c600000, 0x00007f47606b0000, 0x00007f4a91b50000)
  eden space 7183424K,   0% used [0x00007f453c600000, 0x00007f453c600000, 0x00007f46f2d10000)
  from space 897856K,   7% used [0x00007f46f2d10000, 0x00007f46f6ca30c0, 0x00007f47299e0000)
  to   space 897856K,   0% used [0x00007f47299e0000, 0x00007f47299e0000, 0x00007f47606b0000)
 tenured generation   total 17958160K, used 17939763K [0x00007f4a91b50000, 0x00007f4ed9c94000, 0x00007f553c600000)
   the space 17958160K,  99% used [0x00007f4a91b50000, 0x00007f4ed8a9cf78, 0x00007f4ed8a9d000, 0x00007f4ed9c94000)
 Metaspace       used 24329K, capacity 24772K, committed 24832K, reserved 26624K
}
Event: 15920.732 GC heap before
{Heap before GC invocations=13116 (full 6):
 def new generation   total 8081280K, used 7248524K [0x00007f453c600000, 0x00007f47606b0000, 0x00007f4a91b50000)
  eden space 7183424K, 100% used [0x00007f453c600000, 0x00007f46f2d10000, 0x00007f46f2d10000)
  from space 897856K,   7% used [0x00007f46f2d10000, 0x00007f46f6ca30c0, 0x00007f47299e0000)
  to   space 897856K,   0% used [0x00007f47299e0000, 0x00007f47299e0000, 0x00007f47606b0000)
 tenured generation   total 17958160K, used 17939763K [0x00007f4a91b50000, 0x00007f4ed9c94000, 0x00007f553c600000)
   the space 17958160K,  99% used [0x00007f4a91b50000, 0x00007f4ed8a9cf78, 0x00007f4ed8a9d000, 0x00007f4ed9c94000)
 Metaspace       used 24329K, capacity 24772K, committed 24832K, reserved 26624K
}
Event: 15920.770 GC heap after
{Heap after GC invocations=13117 (full 6):
 def new generation   total 8081280K, used 63809K [0x00007f453c600000, 0x00007f47606b0000, 0x00007f4a91b50000)
  eden space 7183424K,   0% used [0x00007f453c600000, 0x00007f453c600000, 0x00007f46f2d10000)
  from space 897856K,   7% used [0x00007f47299e0000, 0x00007f472d8305b8, 0x00007f47606b0000)
  to   space 897856K,   0% used [0x00007f46f2d10000, 0x00007f46f2d10000, 0x00007f47299e0000)
 tenured generation   total 17958160K, used 17944003K [0x00007f4a91b50000, 0x00007f4ed9c94000, 0x00007f553c600000)
   the space 17958160K,  99% used [0x00007f4a91b50000, 0x00007f4ed8ec0e78, 0x00007f4ed8ec1000, 0x00007f4ed9c94000)
 Metaspace       used 24329K, capacity 24772K, committed 24832K, reserved 26624K
}
Event: 15924.656 GC heap before
{Heap before GC invocations=13117 (full 6):
 def new generation   total 8081280K, used 7247233K [0x00007f453c600000, 0x00007f47606b0000, 0x00007f4a91b50000)
  eden space 7183424K, 100% used [0x00007f453c600000, 0x00007f46f2d10000, 0x00007f46f2d10000)
  from space 897856K,   7% used [0x00007f47299e0000, 0x00007f472d8305b8, 0x00007f47606b0000)
  to   space 897856K,   0% used [0x00007f46f2d10000, 0x00007f46f2d10000, 0x00007f47299e0000)
 tenured generation   total 17958160K, used 17944003K [0x00007f4a91b50000, 0x00007f4ed9c94000, 0x00007f553c600000)
   the space 17958160K,  99% used [0x00007f4a91b50000, 0x00007f4ed8ec0e78, 0x00007f4ed8ec1000, 0x00007f4ed9c94000)
 Metaspace       used 24329K, capacity 24772K, committed 24832K, reserved 26624K
}
Event: 15924.692 GC heap after
{Heap after GC invocations=13118 (full 6):
 def new generation   total 8081280K, used 62270K [0x00007f453c600000, 0x00007f47606b0000, 0x00007f4a91b50000)
  eden space 7183424K,   0% used [0x00007f453c600000, 0x00007f453c600000, 0x00007f46f2d10000)
  from space 897856K,   6% used [0x00007f46f2d10000, 0x00007f46f69dfad0, 0x00007f47299e0000)
  to   space 897856K,   0% used [0x00007f47299e0000, 0x00007f47299e0000, 0x00007f47606b0000)
 tenured generation   total 17958160K, used 17948775K [0x00007f4a91b50000, 0x00007f4ed9c94000, 0x00007f553c600000)
   the space 17958160K,  99% used [0x00007f4a91b50000, 0x00007f4ed9369c78, 0x00007f4ed9369e00, 0x00007f4ed9c94000)
 Metaspace       used 24329K, capacity 24772K, committed 24832K, reserved 26624K
}
Event: 15928.229 GC heap before
{Heap before GC invocations=13118 (full 6):
 def new generation   total 8081280K, used 7245694K [0x00007f453c600000, 0x00007f47606b0000, 0x00007f4a91b50000)
  eden space 7183424K, 100% used [0x00007f453c600000, 0x00007f46f2d10000, 0x00007f46f2d10000)
  from space 897856K,   6% used [0x00007f46f2d10000, 0x00007f46f69dfad0, 0x00007f47299e0000)
  to   space 897856K,   0% used [0x00007f47299e0000, 0x00007f47299e0000, 0x00007f47606b0000)
 tenured generation   total 17958160K, used 17948775K [0x00007f4a91b50000, 0x00007f4ed9c94000, 0x00007f553c600000)
   the space 17958160K,  99% used [0x00007f4a91b50000, 0x00007f4ed9369c78, 0x00007f4ed9369e00, 0x00007f4ed9c94000)
 Metaspace       used 24329K, capacity 24772K, committed 24832K, reserved 26624K
}
Event: 15928.285 GC heap after
{Heap after GC invocations=13119 (full 6):
 def new generation   total 8081280K, used 59857K [0x00007f453c600000, 0x00007f47606b0000, 0x00007f4a91b50000)
  eden space 7183424K,   0% used [0x00007f453c600000, 0x00007f453c600000, 0x00007f46f2d10000)
  from space 897856K,   6% used [0x00007f47299e0000, 0x00007f472d4545b0, 0x00007f47606b0000)
  to   space 897856K,   0% used [0x00007f46f2d10000, 0x00007f46f2d10000, 0x00007f47299e0000)
 tenured generation   total 17958160K, used 17954683K [0x00007f4a91b50000, 0x00007f4ed9c94000, 0x00007f553c600000)
   the space 17958160K,  99% used [0x00007f4a91b50000, 0x00007f4ed992eeb8, 0x00007f4ed992f000, 0x00007f4ed9c94000)
 Metaspace       used 24329K, capacity 24772K, committed 24832K, reserved 26624K
}
Event: 15931.796 GC heap before
{Heap before GC invocations=13119 (full 6):
 def new generation   total 8081280K, used 7243281K [0x00007f453c600000, 0x00007f47606b0000, 0x00007f4a91b50000)
  eden space 7183424K, 100% used [0x00007f453c600000, 0x00007f46f2d10000, 0x00007f46f2d10000)
  from space 897856K,   6% used [0x00007f47299e0000, 0x00007f472d4545b0, 0x00007f47606b0000)
  to   space 897856K,   0% used [0x00007f46f2d10000, 0x00007f46f2d10000, 0x00007f47299e0000)
 tenured generation   total 17958160K, used 17954683K [0x00007f4a91b50000, 0x00007f4ed9c94000, 0x00007f553c600000)
   the space 17958160K,  99% used [0x00007f4a91b50000, 0x00007f4ed992eeb8, 0x00007f4ed992f000, 0x00007f4ed9c94000)
 Metaspace       used 24329K, capacity 24772K, committed 24832K, reserved 26624K
}
Event: 15931.829 GC heap after
{Heap after GC invocations=13120 (full 6):
 def new generation   total 8081280K, used 59663K [0x00007f453c600000, 0x00007f47606b0000, 0x00007f4a91b50000)
  eden space 7183424K,   0% used [0x00007f453c600000, 0x00007f453c600000, 0x00007f46f2d10000)
  from space 897856K,   6% used [0x00007f46f2d10000, 0x00007f46f6753d18, 0x00007f47299e0000)
  to   space 897856K,   0% used [0x00007f47299e0000, 0x00007f47299e0000, 0x00007f47606b0000)
 tenured generation   total 17958544K, used 17958398K [0x00007f4a91b50000, 0x00007f4ed9cf4000, 0x00007f553c600000)
   the space 17958544K,  99% used [0x00007f4a91b50000, 0x00007f4ed9ccf988, 0x00007f4ed9ccfa00, 0x00007f4ed9cf4000)
 Metaspace       used 24329K, capacity 24772K, committed 24832K, reserved 26624K
}
Event: 15931.829 GC heap before
{Heap before GC invocations=13120 (full 6):
 def new generation   total 8081280K, used 59663K [0x00007f453c600000, 0x00007f47606b0000, 0x00007f4a91b50000)
  eden space 7183424K,   0% used [0x00007f453c600000, 0x00007f453c600000, 0x00007f46f2d10000)
  from space 897856K,   6% used [0x00007f46f2d10000, 0x00007f46f6753d18, 0x00007f47299e0000)
  to   space 897856K,   0% used [0x00007f47299e0000, 0x00007f47299e0000, 0x00007f47606b0000)
 tenured generation   total 17958544K, used 17958398K [0x00007f4a91b50000, 0x00007f4ed9cf4000, 0x00007f553c600000)
   the space 17958544K,  99% used [0x00007f4a91b50000, 0x00007f4ed9ccf988, 0x00007f4ed9ccfa00, 0x00007f4ed9cf4000)
 Metaspace       used 24329K, capacity 24772K, committed 24832K, reserved 26624K
}

