# JRE version: OpenJDK Runtime Environment (13.0.7+5) (build 13.0.7+5-Ubuntu-0ubuntu120.04)
# Java VM: OpenJDK 64-Bit Server VM (13.0.7+5-Ubuntu-0ubuntu120.04, mixed mode, tiered, serial gc, linux-amd64)
Heap:
 def new generation   total 8491584K, used 0K [0x00007f2248600000, 0x00007f24883f0000, 0x00007f279db50000)
  eden space 7548096K,   0% used [0x00007f2248600000, 0x00007f2248600000, 0x00007f2415130000)
  from space 943488K,   0% used [0x00007f244ea90000, 0x00007f244ea90000, 0x00007f24883f0000)
  to   space 943488K,   0% used [0x00007f2415130000, 0x00007f2415130000, 0x00007f244ea90000)
 tenured generation   total 19428256K, used 16649599K [0x00007f279db50000, 0x00007f2c3f838000, 0x00007f3248600000)
   the space 19428256K,  85% used [0x00007f279db50000, 0x00007f2b95eafd88, 0x00007f2b95eafe00, 0x00007f2c3f838000)
 Metaspace       used 30733K, capacity 31191K, committed 31488K, reserved 32768K
GC Heap History (20 events):
Event: 1474.366 GC heap after
{Heap after GC invocations=66 (full 9):
 def new generation   total 8491584K, used 721432K [0x00007f2248600000, 0x00007f24883f0000, 0x00007f279db50000)
  eden space 7548096K,   0% used [0x00007f2248600000, 0x00007f2248600000, 0x00007f2415130000)
  from space 943488K,  76% used [0x00007f2415130000, 0x00007f24411b6060, 0x00007f244ea90000)
  to   space 943488K,   0% used [0x00007f244ea90000, 0x00007f244ea90000, 0x00007f24883f0000)
 tenured generation   total 18870112K, used 12377775K [0x00007f279db50000, 0x00007f2c1d728000, 0x00007f3248600000)
   the space 18870112K,  65% used [0x00007f279db50000, 0x00007f2a912fbf40, 0x00007f2a912fc000, 0x00007f2c1d728000)
 Metaspace       used 30733K, capacity 31191K, committed 31488K, reserved 32768K
}
Event: 1476.681 GC heap before
{Heap before GC invocations=66 (full 9):
 def new generation   total 8491584K, used 8269528K [0x00007f2248600000, 0x00007f24883f0000, 0x00007f279db50000)
  eden space 7548096K, 100% used [0x00007f2248600000, 0x00007f2415130000, 0x00007f2415130000)
  from space 943488K,  76% used [0x00007f2415130000, 0x00007f24411b6060, 0x00007f244ea90000)
  to   space 943488K,   0% used [0x00007f244ea90000, 0x00007f244ea90000, 0x00007f24883f0000)
 tenured generation   total 18870112K, used 12377775K [0x00007f279db50000, 0x00007f2c1d728000, 0x00007f3248600000)
   the space 18870112K,  65% used [0x00007f279db50000, 0x00007f2a912fbf40, 0x00007f2a912fc000, 0x00007f2c1d728000)
 Metaspace       used 30733K, capacity 31191K, committed 31488K, reserved 32768K
}
Event: 1478.840 GC heap after
{Heap after GC invocations=67 (full 9):
 def new generation   total 8491584K, used 736619K [0x00007f2248600000, 0x00007f24883f0000, 0x00007f279db50000)
  eden space 7548096K,   0% used [0x00007f2248600000, 0x00007f2248600000, 0x00007f2415130000)
  from space 943488K,  78% used [0x00007f244ea90000, 0x00007f247b9eaef0, 0x00007f24883f0000)
  to   space 943488K,   0% used [0x00007f2415130000, 0x00007f2415130000, 0x00007f244ea90000)
 tenured generation   total 18870112K, used 13099207K [0x00007f279db50000, 0x00007f2c1d728000, 0x00007f3248600000)
   the space 18870112K,  69% used [0x00007f279db50000, 0x00007f2abd381f60, 0x00007f2abd382000, 0x00007f2c1d728000)
 Metaspace       used 30733K, capacity 31191K, committed 31488K, reserved 32768K
}
Event: 1481.620 GC heap before
{Heap before GC invocations=67 (full 9):
 def new generation   total 8491584K, used 8284715K [0x00007f2248600000, 0x00007f24883f0000, 0x00007f279db50000)
  eden space 7548096K, 100% used [0x00007f2248600000, 0x00007f2415130000, 0x00007f2415130000)
  from space 943488K,  78% used [0x00007f244ea90000, 0x00007f247b9eaef0, 0x00007f24883f0000)
  to   space 943488K,   0% used [0x00007f2415130000, 0x00007f2415130000, 0x00007f244ea90000)
 tenured generation   total 18870112K, used 13099207K [0x00007f279db50000, 0x00007f2c1d728000, 0x00007f3248600000)
   the space 18870112K,  69% used [0x00007f279db50000, 0x00007f2abd381f60, 0x00007f2abd382000, 0x00007f2c1d728000)
 Metaspace       used 30733K, capacity 31191K, committed 31488K, reserved 32768K
}
Event: 1483.853 GC heap after
{Heap after GC invocations=68 (full 9):
 def new generation   total 8491584K, used 775371K [0x00007f2248600000, 0x00007f24883f0000, 0x00007f279db50000)
  eden space 7548096K,   0% used [0x00007f2248600000, 0x00007f2248600000, 0x00007f2415130000)
  from space 943488K,  82% used [0x00007f2415130000, 0x00007f2444662d60, 0x00007f244ea90000)
  to   space 943488K,   0% used [0x00007f244ea90000, 0x00007f244ea90000, 0x00007f24883f0000)
 tenured generation   total 18870112K, used 13835827K [0x00007f279db50000, 0x00007f2c1d728000, 0x00007f3248600000)
   the space 18870112K,  73% used [0x00007f279db50000, 0x00007f2aea2dce50, 0x00007f2aea2dd000, 0x00007f2c1d728000)
 Metaspace       used 30733K, capacity 31191K, committed 31488K, reserved 32768K
}
Event: 1486.518 GC heap before
{Heap before GC invocations=68 (full 9):
 def new generation   total 8491584K, used 8323467K [0x00007f2248600000, 0x00007f24883f0000, 0x00007f279db50000)
  eden space 7548096K, 100% used [0x00007f2248600000, 0x00007f2415130000, 0x00007f2415130000)
  from space 943488K,  82% used [0x00007f2415130000, 0x00007f2444662d60, 0x00007f244ea90000)
  to   space 943488K,   0% used [0x00007f244ea90000, 0x00007f244ea90000, 0x00007f24883f0000)
 tenured generation   total 18870112K, used 13835827K [0x00007f279db50000, 0x00007f2c1d728000, 0x00007f3248600000)
   the space 18870112K,  73% used [0x00007f279db50000, 0x00007f2aea2dce50, 0x00007f2aea2dd000, 0x00007f2c1d728000)
 Metaspace       used 30733K, capacity 31191K, committed 31488K, reserved 32768K
}
Event: 1488.804 GC heap after
{Heap after GC invocations=69 (full 9):
 def new generation   total 8491584K, used 788917K [0x00007f2248600000, 0x00007f24883f0000, 0x00007f279db50000)
  eden space 7548096K,   0% used [0x00007f2248600000, 0x00007f2248600000, 0x00007f2415130000)
  from space 943488K,  83% used [0x00007f244ea90000, 0x00007f247ecfd6d0, 0x00007f24883f0000)
  to   space 943488K,   0% used [0x00007f2415130000, 0x00007f2415130000, 0x00007f244ea90000)
 tenured generation   total 18870112K, used 14611198K [0x00007f279db50000, 0x00007f2c1d728000, 0x00007f3248600000)
   the space 18870112K,  77% used [0x00007f279db50000, 0x00007f2b1980fb10, 0x00007f2b1980fc00, 0x00007f2c1d728000)
 Metaspace       used 30733K, capacity 31191K, committed 31488K, reserved 32768K
}
Event: 1491.303 GC heap before
{Heap before GC invocations=69 (full 9):
 def new generation   total 8491584K, used 8337013K [0x00007f2248600000, 0x00007f24883f0000, 0x00007f279db50000)
  eden space 7548096K, 100% used [0x00007f2248600000, 0x00007f2415130000, 0x00007f2415130000)
  from space 943488K,  83% used [0x00007f244ea90000, 0x00007f247ecfd6d0, 0x00007f24883f0000)
  to   space 943488K,   0% used [0x00007f2415130000, 0x00007f2415130000, 0x00007f244ea90000)
 tenured generation   total 18870112K, used 14611198K [0x00007f279db50000, 0x00007f2c1d728000, 0x00007f3248600000)
   the space 18870112K,  77% used [0x00007f279db50000, 0x00007f2b1980fb10, 0x00007f2b1980fc00, 0x00007f2c1d728000)
 Metaspace       used 30733K, capacity 31191K, committed 31488K, reserved 32768K
}
Event: 1493.580 GC heap after
{Heap after GC invocations=70 (full 9):
 def new generation   total 8491584K, used 745126K [0x00007f2248600000, 0x00007f24883f0000, 0x00007f279db50000)
  eden space 7548096K,   0% used [0x00007f2248600000, 0x00007f2248600000, 0x00007f2415130000)
  from space 943488K,  78% used [0x00007f2415130000, 0x00007f24428d98c0, 0x00007f244ea90000)
  to   space 943488K,   0% used [0x00007f244ea90000, 0x00007f244ea90000, 0x00007f24883f0000)
 tenured generation   total 18870112K, used 15400116K [0x00007f279db50000, 0x00007f2c1d728000, 0x00007f3248600000)
   the space 18870112K,  81% used [0x00007f279db50000, 0x00007f2b49a7d1e0, 0x00007f2b49a7d200, 0x00007f2c1d728000)
 Metaspace       used 30733K, capacity 31191K, committed 31488K, reserved 32768K
}
Event: 1496.094 GC heap before
{Heap before GC invocations=70 (full 9):
 def new generation   total 8491584K, used 8293222K [0x00007f2248600000, 0x00007f24883f0000, 0x00007f279db50000)
  eden space 7548096K, 100% used [0x00007f2248600000, 0x00007f2415130000, 0x00007f2415130000)
  from space 943488K,  78% used [0x00007f2415130000, 0x00007f24428d98c0, 0x00007f244ea90000)
  to   space 943488K,   0% used [0x00007f244ea90000, 0x00007f244ea90000, 0x00007f24883f0000)
 tenured generation   total 18870112K, used 15400116K [0x00007f279db50000, 0x00007f2c1d728000, 0x00007f3248600000)
   the space 18870112K,  81% used [0x00007f279db50000, 0x00007f2b49a7d1e0, 0x00007f2b49a7d200, 0x00007f2c1d728000)
 Metaspace       used 30733K, capacity 31191K, committed 31488K, reserved 32768K
}
Event: 1498.410 GC heap after
{Heap after GC invocations=71 (full 9):
 def new generation   total 8491584K, used 806152K [0x00007f2248600000, 0x00007f24883f0000, 0x00007f279db50000)
  eden space 7548096K,   0% used [0x00007f2248600000, 0x00007f2248600000, 0x00007f2415130000)
  from space 943488K,  85% used [0x00007f244ea90000, 0x00007f247fdd2208, 0x00007f24883f0000)
  to   space 943488K,   0% used [0x00007f2415130000, 0x00007f2415130000, 0x00007f244ea90000)
 tenured generation   total 18870112K, used 16145242K [0x00007f279db50000, 0x00007f2c1d728000, 0x00007f3248600000)
   the space 18870112K,  85% used [0x00007f279db50000, 0x00007f2b772269a0, 0x00007f2b77226a00, 0x00007f2c1d728000)
 Metaspace       used 30733K, capacity 31191K, committed 31488K, reserved 32768K
}
Event: 1500.815 GC heap before
{Heap before GC invocations=71 (full 9):
 def new generation   total 8491584K, used 8354248K [0x00007f2248600000, 0x00007f24883f0000, 0x00007f279db50000)
  eden space 7548096K, 100% used [0x00007f2248600000, 0x00007f2415130000, 0x00007f2415130000)
  from space 943488K,  85% used [0x00007f244ea90000, 0x00007f247fdd2208, 0x00007f24883f0000)
  to   space 943488K,   0% used [0x00007f2415130000, 0x00007f2415130000, 0x00007f244ea90000)
 tenured generation   total 18870112K, used 16145242K [0x00007f279db50000, 0x00007f2c1d728000, 0x00007f3248600000)
   the space 18870112K,  85% used [0x00007f279db50000, 0x00007f2b772269a0, 0x00007f2b77226a00, 0x00007f2c1d728000)
 Metaspace       used 30733K, capacity 31191K, committed 31488K, reserved 32768K
}
Event: 1503.420 GC heap after
{Heap after GC invocations=72 (full 9):
 def new generation   total 8491584K, used 818576K [0x00007f2248600000, 0x00007f24883f0000, 0x00007f279db50000)
  eden space 7548096K,   0% used [0x00007f2248600000, 0x00007f2248600000, 0x00007f2415130000)
  from space 943488K,  86% used [0x00007f2415130000, 0x00007f24470943b0, 0x00007f244ea90000)
  to   space 943488K,   0% used [0x00007f244ea90000, 0x00007f244ea90000, 0x00007f24883f0000)
 tenured generation   total 18870112K, used 16951394K [0x00007f279db50000, 0x00007f2c1d728000, 0x00007f3248600000)
   the space 18870112K,  89% used [0x00007f279db50000, 0x00007f2ba85689b8, 0x00007f2ba8568a00, 0x00007f2c1d728000)
 Metaspace       used 30733K, capacity 31191K, committed 31488K, reserved 32768K
}
Event: 1505.563 GC heap before
{Heap before GC invocations=72 (full 9):
 def new generation   total 8491584K, used 8366672K [0x00007f2248600000, 0x00007f24883f0000, 0x00007f279db50000)
  eden space 7548096K, 100% used [0x00007f2248600000, 0x00007f2415130000, 0x00007f2415130000)
  from space 943488K,  86% used [0x00007f2415130000, 0x00007f24470943b0, 0x00007f244ea90000)
  to   space 943488K,   0% used [0x00007f244ea90000, 0x00007f244ea90000, 0x00007f24883f0000)
 tenured generation   total 18870112K, used 16951394K [0x00007f279db50000, 0x00007f2c1d728000, 0x00007f3248600000)
   the space 18870112K,  89% used [0x00007f279db50000, 0x00007f2ba85689b8, 0x00007f2ba8568a00, 0x00007f2c1d728000)
 Metaspace       used 30733K, capacity 31191K, committed 31488K, reserved 32768K
}
Event: 1508.002 GC heap after
{Heap after GC invocations=73 (full 9):
 def new generation   total 8491584K, used 830132K [0x00007f2248600000, 0x00007f24883f0000, 0x00007f279db50000)
  eden space 7548096K,   0% used [0x00007f2248600000, 0x00007f2248600000, 0x00007f2415130000)
  from space 943488K,  87% used [0x00007f244ea90000, 0x00007f248153d3b8, 0x00007f24883f0000)
  to   space 943488K,   0% used [0x00007f2415130000, 0x00007f2415130000, 0x00007f244ea90000)
 tenured generation   total 18870112K, used 17769971K [0x00007f279db50000, 0x00007f2c1d728000, 0x00007f3248600000)
   the space 18870112K,  94% used [0x00007f279db50000, 0x00007f2bda4ccc08, 0x00007f2bda4cce00, 0x00007f2c1d728000)
 Metaspace       used 30733K, capacity 31191K, committed 31488K, reserved 32768K
}
Event: 1510.255 GC heap before
{Heap before GC invocations=73 (full 9):
 def new generation   total 8491584K, used 8378228K [0x00007f2248600000, 0x00007f24883f0000, 0x00007f279db50000)
  eden space 7548096K, 100% used [0x00007f2248600000, 0x00007f2415130000, 0x00007f2415130000)
  from space 943488K,  87% used [0x00007f244ea90000, 0x00007f248153d3b8, 0x00007f24883f0000)
  to   space 943488K,   0% used [0x00007f2415130000, 0x00007f2415130000, 0x00007f244ea90000)
 tenured generation   total 18870112K, used 17769971K [0x00007f279db50000, 0x00007f2c1d728000, 0x00007f3248600000)
   the space 18870112K,  94% used [0x00007f279db50000, 0x00007f2bda4ccc08, 0x00007f2bda4cce00, 0x00007f2c1d728000)
 Metaspace       used 30733K, capacity 31191K, committed 31488K, reserved 32768K
}
Event: 1512.658 GC heap after
{Heap after GC invocations=74 (full 9):
 def new generation   total 8491584K, used 828085K [0x00007f2248600000, 0x00007f24883f0000, 0x00007f279db50000)
  eden space 7548096K,   0% used [0x00007f2248600000, 0x00007f2248600000, 0x00007f2415130000)
  from space 943488K,  87% used [0x00007f2415130000, 0x00007f24479dd7f8, 0x00007f244ea90000)
  to   space 943488K,   0% used [0x00007f244ea90000, 0x00007f244ea90000, 0x00007f24883f0000)
 tenured generation   total 18870112K, used 18600103K [0x00007f279db50000, 0x00007f2c1d728000, 0x00007f3248600000)
   the space 18870112K,  98% used [0x00007f279db50000, 0x00007f2c0cf79fc0, 0x00007f2c0cf7a000, 0x00007f2c1d728000)
 Metaspace       used 30733K, capacity 31191K, committed 31488K, reserved 32768K
}
Event: 1514.913 GC heap before
{Heap before GC invocations=74 (full 9):
 def new generation   total 8491584K, used 8376181K [0x00007f2248600000, 0x00007f24883f0000, 0x00007f279db50000)
  eden space 7548096K, 100% used [0x00007f2248600000, 0x00007f2415130000, 0x00007f2415130000)
  from space 943488K,  87% used [0x00007f2415130000, 0x00007f24479dd7f8, 0x00007f244ea90000)
  to   space 943488K,   0% used [0x00007f244ea90000, 0x00007f244ea90000, 0x00007f24883f0000)
 tenured generation   total 18870112K, used 18600103K [0x00007f279db50000, 0x00007f2c1d728000, 0x00007f3248600000)
   the space 18870112K,  98% used [0x00007f279db50000, 0x00007f2c0cf79fc0, 0x00007f2c0cf7a000, 0x00007f2c1d728000)
 Metaspace       used 30733K, capacity 31191K, committed 31488K, reserved 32768K
}
Event: 1517.436 GC heap after
{Heap after GC invocations=75 (full 9):
 def new generation   total 8491584K, used 859581K [0x00007f2248600000, 0x00007f24883f0000, 0x00007f279db50000)
  eden space 7548096K,   0% used [0x00007f2248600000, 0x00007f2248600000, 0x00007f2415130000)
  from space 943488K,  91% used [0x00007f244ea90000, 0x00007f24831ff678, 0x00007f24883f0000)
  to   space 943488K,   0% used [0x00007f2415130000, 0x00007f2415130000, 0x00007f244ea90000)
 tenured generation   total 19428256K, used 19428189K [0x00007f279db50000, 0x00007f2c3f838000, 0x00007f3248600000)
   the space 19428256K,  99% used [0x00007f279db50000, 0x00007f2c3f827638, 0x00007f2c3f827800, 0x00007f2c3f838000)
 Metaspace       used 30733K, capacity 31191K, committed 31488K, reserved 32768K
}
Event: 1517.436 GC heap before
{Heap before GC invocations=75 (full 9):
 def new generation   total 8491584K, used 859581K [0x00007f2248600000, 0x00007f24883f0000, 0x00007f279db50000)
  eden space 7548096K,   0% used [0x00007f2248600000, 0x00007f2248600000, 0x00007f2415130000)
  from space 943488K,  91% used [0x00007f244ea90000, 0x00007f24831ff678, 0x00007f24883f0000)
  to   space 943488K,   0% used [0x00007f2415130000, 0x00007f2415130000, 0x00007f244ea90000)
 tenured generation   total 19428256K, used 19428189K [0x00007f279db50000, 0x00007f2c3f838000, 0x00007f3248600000)
   the space 19428256K,  99% used [0x00007f279db50000, 0x00007f2c3f827638, 0x00007f2c3f827800, 0x00007f2c3f838000)
 Metaspace       used 30733K, capacity 31191K, committed 31488K, reserved 32768K
}

