# JRE version: OpenJDK Runtime Environment (13.0.7+5) (build 13.0.7+5-Ubuntu-0ubuntu120.04)
# Java VM: OpenJDK 64-Bit Server VM (13.0.7+5-Ubuntu-0ubuntu120.04, mixed mode, tiered, serial gc, linux-amd64)
Heap:
 def new generation   total 2773696K, used 93008K [0x00007f1cdc600000, 0x00007f1d987a0000, 0x00007f27870a0000)
  eden space 2465536K,   3% used [0x00007f1cdc600000, 0x00007f1ce20d4068, 0x00007f1d72dc0000)
  from space 308160K,   0% used [0x00007f1d85ab0000, 0x00007f1d85ab0000, 0x00007f1d987a0000)
  to   space 308160K,   0% used [0x00007f1d72dc0000, 0x00007f1d72dc0000, 0x00007f1d85ab0000)
 tenured generation   total 6179968K, used 6179952K [0x00007f27870a0000, 0x00007f29003c0000, 0x00007f3cdc600000)
   the space 6179968K,  99% used [0x00007f27870a0000, 0x00007f29003bc228, 0x00007f29003bc400, 0x00007f29003c0000)
 Metaspace       used 24281K, capacity 24697K, committed 24832K, reserved 26624K
GC Heap History (20 events):
Event: 3064.520 GC heap after
{Heap after GC invocations=2520 (full 6):
 def new generation   total 2773696K, used 101758K [0x00007f1cdc600000, 0x00007f1d987a0000, 0x00007f27870a0000)
  eden space 2465536K,   0% used [0x00007f1cdc600000, 0x00007f1cdc600000, 0x00007f1d72dc0000)
  from space 308160K,  33% used [0x00007f1d72dc0000, 0x00007f1d7911f878, 0x00007f1d85ab0000)
  to   space 308160K,   0% used [0x00007f1d85ab0000, 0x00007f1d85ab0000, 0x00007f1d987a0000)
 tenured generation   total 6163580K, used 6124417K [0x00007f27870a0000, 0x00007f28ff3bf000, 0x00007f3cdc600000)
   the space 6163580K,  99% used [0x00007f27870a0000, 0x00007f28fcd806f8, 0x00007f28fcd80800, 0x00007f28ff3bf000)
 Metaspace       used 24281K, capacity 24697K, committed 24832K, reserved 26624K
}
Event: 3066.435 GC heap before
{Heap before GC invocations=2520 (full 6):
 def new generation   total 2773696K, used 2555519K [0x00007f1cdc600000, 0x00007f1d987a0000, 0x00007f27870a0000)
  eden space 2465536K,  99% used [0x00007f1cdc600000, 0x00007f1d72240588, 0x00007f1d72dc0000)
  from space 308160K,  33% used [0x00007f1d72dc0000, 0x00007f1d7911f878, 0x00007f1d85ab0000)
  to   space 308160K,   0% used [0x00007f1d85ab0000, 0x00007f1d85ab0000, 0x00007f1d987a0000)
 tenured generation   total 6163580K, used 6124417K [0x00007f27870a0000, 0x00007f28ff3bf000, 0x00007f3cdc600000)
   the space 6163580K,  99% used [0x00007f27870a0000, 0x00007f28fcd806f8, 0x00007f28fcd80800, 0x00007f28ff3bf000)
 Metaspace       used 24281K, capacity 24697K, committed 24832K, reserved 26624K
}
Event: 3066.510 GC heap after
{Heap after GC invocations=2521 (full 6):
 def new generation   total 2773696K, used 104859K [0x00007f1cdc600000, 0x00007f1d987a0000, 0x00007f27870a0000)
  eden space 2465536K,   0% used [0x00007f1cdc600000, 0x00007f1cdc600000, 0x00007f1d72dc0000)
  from space 308160K,  34% used [0x00007f1d85ab0000, 0x00007f1d8c116ce8, 0x00007f1d987a0000)
  to   space 308160K,   0% used [0x00007f1d72dc0000, 0x00007f1d72dc0000, 0x00007f1d85ab0000)
 tenured generation   total 6163580K, used 6124417K [0x00007f27870a0000, 0x00007f28ff3bf000, 0x00007f3cdc600000)
   the space 6163580K,  99% used [0x00007f27870a0000, 0x00007f28fcd806f8, 0x00007f28fcd80800, 0x00007f28ff3bf000)
 Metaspace       used 24281K, capacity 24697K, committed 24832K, reserved 26624K
}
Event: 3068.591 GC heap before
{Heap before GC invocations=2521 (full 6):
 def new generation   total 2773696K, used 2570395K [0x00007f1cdc600000, 0x00007f1d987a0000, 0x00007f27870a0000)
  eden space 2465536K, 100% used [0x00007f1cdc600000, 0x00007f1d72dc0000, 0x00007f1d72dc0000)
  from space 308160K,  34% used [0x00007f1d85ab0000, 0x00007f1d8c116ce8, 0x00007f1d987a0000)
  to   space 308160K,   0% used [0x00007f1d72dc0000, 0x00007f1d72dc0000, 0x00007f1d85ab0000)
 tenured generation   total 6163580K, used 6124417K [0x00007f27870a0000, 0x00007f28ff3bf000, 0x00007f3cdc600000)
   the space 6163580K,  99% used [0x00007f27870a0000, 0x00007f28fcd806f8, 0x00007f28fcd80800, 0x00007f28ff3bf000)
 Metaspace       used 24281K, capacity 24697K, committed 24832K, reserved 26624K
}
Event: 3068.675 GC heap after
{Heap after GC invocations=2522 (full 6):
 def new generation   total 2773696K, used 97662K [0x00007f1cdc600000, 0x00007f1d987a0000, 0x00007f27870a0000)
  eden space 2465536K,   0% used [0x00007f1cdc600000, 0x00007f1cdc600000, 0x00007f1d72dc0000)
  from space 308160K,  31% used [0x00007f1d72dc0000, 0x00007f1d78d1fbb0, 0x00007f1d85ab0000)
  to   space 308160K,   0% used [0x00007f1d85ab0000, 0x00007f1d85ab0000, 0x00007f1d987a0000)
 tenured generation   total 6163580K, used 6141377K [0x00007f27870a0000, 0x00007f28ff3bf000, 0x00007f3cdc600000)
   the space 6163580K,  99% used [0x00007f27870a0000, 0x00007f28fde106f0, 0x00007f28fde10800, 0x00007f28ff3bf000)
 Metaspace       used 24281K, capacity 24697K, committed 24832K, reserved 26624K
}
Event: 3070.467 GC heap before
{Heap before GC invocations=2522 (full 6):
 def new generation   total 2773696K, used 2563198K [0x00007f1cdc600000, 0x00007f1d987a0000, 0x00007f27870a0000)
  eden space 2465536K, 100% used [0x00007f1cdc600000, 0x00007f1d72dc0000, 0x00007f1d72dc0000)
  from space 308160K,  31% used [0x00007f1d72dc0000, 0x00007f1d78d1fbb0, 0x00007f1d85ab0000)
  to   space 308160K,   0% used [0x00007f1d85ab0000, 0x00007f1d85ab0000, 0x00007f1d987a0000)
 tenured generation   total 6163580K, used 6141377K [0x00007f27870a0000, 0x00007f28ff3bf000, 0x00007f3cdc600000)
   the space 6163580K,  99% used [0x00007f27870a0000, 0x00007f28fde106f0, 0x00007f28fde10800, 0x00007f28ff3bf000)
 Metaspace       used 24281K, capacity 24697K, committed 24832K, reserved 26624K
}
Event: 3070.525 GC heap after
{Heap after GC invocations=2523 (full 6):
 def new generation   total 2773696K, used 101761K [0x00007f1cdc600000, 0x00007f1d987a0000, 0x00007f27870a0000)
  eden space 2465536K,   0% used [0x00007f1cdc600000, 0x00007f1cdc600000, 0x00007f1d72dc0000)
  from space 308160K,  33% used [0x00007f1d85ab0000, 0x00007f1d8be106b0, 0x00007f1d987a0000)
  to   space 308160K,   0% used [0x00007f1d72dc0000, 0x00007f1d72dc0000, 0x00007f1d85ab0000)
 tenured generation   total 6163580K, used 6141377K [0x00007f27870a0000, 0x00007f28ff3bf000, 0x00007f3cdc600000)
   the space 6163580K,  99% used [0x00007f27870a0000, 0x00007f28fde106f0, 0x00007f28fde10800, 0x00007f28ff3bf000)
 Metaspace       used 24281K, capacity 24697K, committed 24832K, reserved 26624K
}
Event: 3072.281 GC heap before
{Heap before GC invocations=2523 (full 6):
 def new generation   total 2773696K, used 2567297K [0x00007f1cdc600000, 0x00007f1d987a0000, 0x00007f27870a0000)
  eden space 2465536K, 100% used [0x00007f1cdc600000, 0x00007f1d72dc0000, 0x00007f1d72dc0000)
  from space 308160K,  33% used [0x00007f1d85ab0000, 0x00007f1d8be106b0, 0x00007f1d987a0000)
  to   space 308160K,   0% used [0x00007f1d72dc0000, 0x00007f1d72dc0000, 0x00007f1d85ab0000)
 tenured generation   total 6163580K, used 6141377K [0x00007f27870a0000, 0x00007f28ff3bf000, 0x00007f3cdc600000)
   the space 6163580K,  99% used [0x00007f27870a0000, 0x00007f28fde106f0, 0x00007f28fde10800, 0x00007f28ff3bf000)
 Metaspace       used 24281K, capacity 24697K, committed 24832K, reserved 26624K
}
Event: 3072.329 GC heap after
{Heap after GC invocations=2524 (full 6):
 def new generation   total 2773696K, used 102790K [0x00007f1cdc600000, 0x00007f1d987a0000, 0x00007f27870a0000)
  eden space 2465536K,   0% used [0x00007f1cdc600000, 0x00007f1cdc600000, 0x00007f1d72dc0000)
  from space 308160K,  33% used [0x00007f1d72dc0000, 0x00007f1d79221ad8, 0x00007f1d85ab0000)
  to   space 308160K,   0% used [0x00007f1d85ab0000, 0x00007f1d85ab0000, 0x00007f1d987a0000)
 tenured generation   total 6163580K, used 6141377K [0x00007f27870a0000, 0x00007f28ff3bf000, 0x00007f3cdc600000)
   the space 6163580K,  99% used [0x00007f27870a0000, 0x00007f28fde106f0, 0x00007f28fde10800, 0x00007f28ff3bf000)
 Metaspace       used 24281K, capacity 24697K, committed 24832K, reserved 26624K
}
Event: 3074.421 GC heap before
{Heap before GC invocations=2524 (full 6):
 def new generation   total 2773696K, used 2568326K [0x00007f1cdc600000, 0x00007f1d987a0000, 0x00007f27870a0000)
  eden space 2465536K, 100% used [0x00007f1cdc600000, 0x00007f1d72dc0000, 0x00007f1d72dc0000)
  from space 308160K,  33% used [0x00007f1d72dc0000, 0x00007f1d79221ad8, 0x00007f1d85ab0000)
  to   space 308160K,   0% used [0x00007f1d85ab0000, 0x00007f1d85ab0000, 0x00007f1d987a0000)
 tenured generation   total 6163580K, used 6141377K [0x00007f27870a0000, 0x00007f28ff3bf000, 0x00007f3cdc600000)
   the space 6163580K,  99% used [0x00007f27870a0000, 0x00007f28fde106f0, 0x00007f28fde10800, 0x00007f28ff3bf000)
 Metaspace       used 24281K, capacity 24697K, committed 24832K, reserved 26624K
}
Event: 3074.512 GC heap after
{Heap after GC invocations=2525 (full 6):
 def new generation   total 2773696K, used 93042K [0x00007f1cdc600000, 0x00007f1d987a0000, 0x00007f27870a0000)
  eden space 2465536K,   0% used [0x00007f1cdc600000, 0x00007f1cdc600000, 0x00007f1d72dc0000)
  from space 308160K,  30% used [0x00007f1d85ab0000, 0x00007f1d8b58cac8, 0x00007f1d987a0000)
  to   space 308160K,   0% used [0x00007f1d72dc0000, 0x00007f1d72dc0000, 0x00007f1d85ab0000)
 tenured generation   total 6163580K, used 6158337K [0x00007f27870a0000, 0x00007f28ff3bf000, 0x00007f3cdc600000)
   the space 6163580K,  99% used [0x00007f27870a0000, 0x00007f28feea06e8, 0x00007f28feea0800, 0x00007f28ff3bf000)
 Metaspace       used 24281K, capacity 24697K, committed 24832K, reserved 26624K
}
Event: 3076.317 GC heap before
{Heap before GC invocations=2525 (full 6):
 def new generation   total 2773696K, used 2547041K [0x00007f1cdc600000, 0x00007f1d987a0000, 0x00007f27870a0000)
  eden space 2465536K,  99% used [0x00007f1cdc600000, 0x00007f1d7227bb28, 0x00007f1d72dc0000)
  from space 308160K,  30% used [0x00007f1d85ab0000, 0x00007f1d8b58cac8, 0x00007f1d987a0000)
  to   space 308160K,   0% used [0x00007f1d72dc0000, 0x00007f1d72dc0000, 0x00007f1d85ab0000)
 tenured generation   total 6163580K, used 6158337K [0x00007f27870a0000, 0x00007f28ff3bf000, 0x00007f3cdc600000)
   the space 6163580K,  99% used [0x00007f27870a0000, 0x00007f28feea06e8, 0x00007f28feea0800, 0x00007f28ff3bf000)
 Metaspace       used 24281K, capacity 24697K, committed 24832K, reserved 26624K
}
Event: 3076.379 GC heap after
{Heap after GC invocations=2526 (full 6):
 def new generation   total 2773696K, used 100229K [0x00007f1cdc600000, 0x00007f1d987a0000, 0x00007f27870a0000)
  eden space 2465536K,   0% used [0x00007f1cdc600000, 0x00007f1cdc600000, 0x00007f1d72dc0000)
  from space 308160K,  32% used [0x00007f1d72dc0000, 0x00007f1d78fa1550, 0x00007f1d85ab0000)
  to   space 308160K,   0% used [0x00007f1d85ab0000, 0x00007f1d85ab0000, 0x00007f1d987a0000)
 tenured generation   total 6163580K, used 6158337K [0x00007f27870a0000, 0x00007f28ff3bf000, 0x00007f3cdc600000)
   the space 6163580K,  99% used [0x00007f27870a0000, 0x00007f28feea06e8, 0x00007f28feea0800, 0x00007f28ff3bf000)
 Metaspace       used 24281K, capacity 24697K, committed 24832K, reserved 26624K
}
Event: 3078.237 GC heap before
{Heap before GC invocations=2526 (full 6):
 def new generation   total 2773696K, used 2565765K [0x00007f1cdc600000, 0x00007f1d987a0000, 0x00007f27870a0000)
  eden space 2465536K, 100% used [0x00007f1cdc600000, 0x00007f1d72dc0000, 0x00007f1d72dc0000)
  from space 308160K,  32% used [0x00007f1d72dc0000, 0x00007f1d78fa1550, 0x00007f1d85ab0000)
  to   space 308160K,   0% used [0x00007f1d85ab0000, 0x00007f1d85ab0000, 0x00007f1d987a0000)
 tenured generation   total 6163580K, used 6158337K [0x00007f27870a0000, 0x00007f28ff3bf000, 0x00007f3cdc600000)
   the space 6163580K,  99% used [0x00007f27870a0000, 0x00007f28feea06e8, 0x00007f28feea0800, 0x00007f28ff3bf000)
 Metaspace       used 24281K, capacity 24697K, committed 24832K, reserved 26624K
}
Event: 3078.318 GC heap after
{Heap after GC invocations=2527 (full 6):
 def new generation   total 2773696K, used 101756K [0x00007f1cdc600000, 0x00007f1d987a0000, 0x00007f27870a0000)
  eden space 2465536K,   0% used [0x00007f1cdc600000, 0x00007f1cdc600000, 0x00007f1d72dc0000)
  from space 308160K,  33% used [0x00007f1d85ab0000, 0x00007f1d8be0f180, 0x00007f1d987a0000)
  to   space 308160K,   0% used [0x00007f1d72dc0000, 0x00007f1d72dc0000, 0x00007f1d85ab0000)
 tenured generation   total 6163580K, used 6158337K [0x00007f27870a0000, 0x00007f28ff3bf000, 0x00007f3cdc600000)
   the space 6163580K,  99% used [0x00007f27870a0000, 0x00007f28feea06e8, 0x00007f28feea0800, 0x00007f28ff3bf000)
 Metaspace       used 24281K, capacity 24697K, committed 24832K, reserved 26624K
}
Event: 3080.243 GC heap before
{Heap before GC invocations=2527 (full 6):
 def new generation   total 2773696K, used 2555518K [0x00007f1cdc600000, 0x00007f1d987a0000, 0x00007f27870a0000)
  eden space 2465536K,  99% used [0x00007f1cdc600000, 0x00007f1d72240898, 0x00007f1d72dc0000)
  from space 308160K,  33% used [0x00007f1d85ab0000, 0x00007f1d8be0f180, 0x00007f1d987a0000)
  to   space 308160K,   0% used [0x00007f1d72dc0000, 0x00007f1d72dc0000, 0x00007f1d85ab0000)
 tenured generation   total 6163580K, used 6158337K [0x00007f27870a0000, 0x00007f28ff3bf000, 0x00007f3cdc600000)
   the space 6163580K,  99% used [0x00007f27870a0000, 0x00007f28feea06e8, 0x00007f28feea0800, 0x00007f28ff3bf000)
 Metaspace       used 24281K, capacity 24697K, committed 24832K, reserved 26624K
}
Event: 3080.313 GC heap after
{Heap after GC invocations=2528 (full 6):
 def new generation   total 2773696K, used 104859K [0x00007f1cdc600000, 0x00007f1d987a0000, 0x00007f27870a0000)
  eden space 2465536K,   0% used [0x00007f1cdc600000, 0x00007f1cdc600000, 0x00007f1d72dc0000)
  from space 308160K,  34% used [0x00007f1d72dc0000, 0x00007f1d79426ce8, 0x00007f1d85ab0000)
  to   space 308160K,   0% used [0x00007f1d85ab0000, 0x00007f1d85ab0000, 0x00007f1d987a0000)
 tenured generation   total 6163580K, used 6158337K [0x00007f27870a0000, 0x00007f28ff3bf000, 0x00007f3cdc600000)
   the space 6163580K,  99% used [0x00007f27870a0000, 0x00007f28feea06e8, 0x00007f28feea0800, 0x00007f28ff3bf000)
 Metaspace       used 24281K, capacity 24697K, committed 24832K, reserved 26624K
}
Event: 3082.375 GC heap before
{Heap before GC invocations=2528 (full 6):
 def new generation   total 2773696K, used 2570395K [0x00007f1cdc600000, 0x00007f1d987a0000, 0x00007f27870a0000)
  eden space 2465536K, 100% used [0x00007f1cdc600000, 0x00007f1d72dc0000, 0x00007f1d72dc0000)
  from space 308160K,  34% used [0x00007f1d72dc0000, 0x00007f1d79426ce8, 0x00007f1d85ab0000)
  to   space 308160K,   0% used [0x00007f1d85ab0000, 0x00007f1d85ab0000, 0x00007f1d987a0000)
 tenured generation   total 6163580K, used 6158337K [0x00007f27870a0000, 0x00007f28ff3bf000, 0x00007f3cdc600000)
   the space 6163580K,  99% used [0x00007f27870a0000, 0x00007f28feea06e8, 0x00007f28feea0800, 0x00007f28ff3bf000)
 Metaspace       used 24281K, capacity 24697K, committed 24832K, reserved 26624K
}
Event: 3082.474 GC heap after
{Heap after GC invocations=2529 (full 6):
 def new generation   total 2773696K, used 97662K [0x00007f1cdc600000, 0x00007f1d987a0000, 0x00007f27870a0000)
  eden space 2465536K,   0% used [0x00007f1cdc600000, 0x00007f1cdc600000, 0x00007f1d72dc0000)
  from space 308160K,  31% used [0x00007f1d85ab0000, 0x00007f1d8ba0fbb0, 0x00007f1d987a0000)
  to   space 308160K,   0% used [0x00007f1d72dc0000, 0x00007f1d72dc0000, 0x00007f1d85ab0000)
 tenured generation   total 6179968K, used 6175297K [0x00007f27870a0000, 0x00007f29003c0000, 0x00007f3cdc600000)
   the space 6179968K,  99% used [0x00007f27870a0000, 0x00007f28fff306e0, 0x00007f28fff30800, 0x00007f29003c0000)
 Metaspace       used 24281K, capacity 24697K, committed 24832K, reserved 26624K
}
Event: 3082.474 GC heap before
{Heap before GC invocations=2529 (full 6):
 def new generation   total 2773696K, used 97662K [0x00007f1cdc600000, 0x00007f1d987a0000, 0x00007f27870a0000)
  eden space 2465536K,   0% used [0x00007f1cdc600000, 0x00007f1cdc600000, 0x00007f1d72dc0000)
  from space 308160K,  31% used [0x00007f1d85ab0000, 0x00007f1d8ba0fbb0, 0x00007f1d987a0000)
  to   space 308160K,   0% used [0x00007f1d72dc0000, 0x00007f1d72dc0000, 0x00007f1d85ab0000)
 tenured generation   total 6179968K, used 6175297K [0x00007f27870a0000, 0x00007f29003c0000, 0x00007f3cdc600000)
   the space 6179968K,  99% used [0x00007f27870a0000, 0x00007f28fff306e0, 0x00007f28fff30800, 0x00007f29003c0000)
 Metaspace       used 24281K, capacity 24697K, committed 24832K, reserved 26624K
}

