# JRE version: OpenJDK Runtime Environment (13.0.7+5) (build 13.0.7+5-Ubuntu-0ubuntu120.04)
# Java VM: OpenJDK 64-Bit Server VM (13.0.7+5-Ubuntu-0ubuntu120.04, mixed mode, tiered, serial gc, linux-amd64)
Heap:
 def new generation   total 4860608K, used 87129K [0x00007f1220600000, 0x00007f136a010000, 0x00007f1775b50000)
  eden space 4320576K,   2% used [0x00007f1220600000, 0x00007f1225b167d0, 0x00007f1328150000)
  from space 540032K,   0% used [0x00007f13490b0000, 0x00007f13490b0000, 0x00007f136a010000)
  to   space 540032K,   0% used [0x00007f1328150000, 0x00007f1328150000, 0x00007f13490b0000)
 tenured generation   total 10802944K, used 10802943K [0x00007f1775b50000, 0x00007f1a09110000, 0x00007f2220600000)
   the space 10802944K,  99% used [0x00007f1775b50000, 0x00007f1a0910ffc8, 0x00007f1a09110000, 0x00007f1a09110000)
 Metaspace       used 24350K, capacity 24784K, committed 24832K, reserved 26624K
GC Heap History (20 events):
Event: 5122.003 GC heap after
{Heap after GC invocations=4957 (full 5):
 def new generation   total 4860608K, used 86969K [0x00007f1220600000, 0x00007f136a010000, 0x00007f1775b50000)
  eden space 4320576K,   0% used [0x00007f1220600000, 0x00007f1220600000, 0x00007f1328150000)
  from space 540032K,  16% used [0x00007f1328150000, 0x00007f132d63e628, 0x00007f13490b0000)
  to   space 540032K,   0% used [0x00007f13490b0000, 0x00007f13490b0000, 0x00007f136a010000)
 tenured generation   total 10801216K, used 10751910K [0x00007f1775b50000, 0x00007f1a08f60000, 0x00007f2220600000)
   the space 10801216K,  99% used [0x00007f1775b50000, 0x00007f1a05f398e8, 0x00007f1a05f39a00, 0x00007f1a08f60000)
 Metaspace       used 24350K, capacity 24784K, committed 24832K, reserved 26624K
}
Event: 5124.676 GC heap before
{Heap before GC invocations=4957 (full 5):
 def new generation   total 4860608K, used 4407545K [0x00007f1220600000, 0x00007f136a010000, 0x00007f1775b50000)
  eden space 4320576K, 100% used [0x00007f1220600000, 0x00007f1328150000, 0x00007f1328150000)
  from space 540032K,  16% used [0x00007f1328150000, 0x00007f132d63e628, 0x00007f13490b0000)
  to   space 540032K,   0% used [0x00007f13490b0000, 0x00007f13490b0000, 0x00007f136a010000)
 tenured generation   total 10801216K, used 10751910K [0x00007f1775b50000, 0x00007f1a08f60000, 0x00007f2220600000)
   the space 10801216K,  99% used [0x00007f1775b50000, 0x00007f1a05f398e8, 0x00007f1a05f39a00, 0x00007f1a08f60000)
 Metaspace       used 24350K, capacity 24784K, committed 24832K, reserved 26624K
}
Event: 5124.801 GC heap after
{Heap after GC invocations=4958 (full 5):
 def new generation   total 4860608K, used 88131K [0x00007f1220600000, 0x00007f136a010000, 0x00007f1775b50000)
  eden space 4320576K,   0% used [0x00007f1220600000, 0x00007f1220600000, 0x00007f1328150000)
  from space 540032K,  16% used [0x00007f13490b0000, 0x00007f134e6c0d58, 0x00007f136a010000)
  to   space 540032K,   0% used [0x00007f1328150000, 0x00007f1328150000, 0x00007f13490b0000)
 tenured generation   total 10801216K, used 10757119K [0x00007f1775b50000, 0x00007f1a08f60000, 0x00007f2220600000)
   the space 10801216K,  99% used [0x00007f1775b50000, 0x00007f1a0644fc10, 0x00007f1a0644fe00, 0x00007f1a08f60000)
 Metaspace       used 24350K, capacity 24784K, committed 24832K, reserved 26624K
}
Event: 5127.532 GC heap before
{Heap before GC invocations=4958 (full 5):
 def new generation   total 4860608K, used 4408707K [0x00007f1220600000, 0x00007f136a010000, 0x00007f1775b50000)
  eden space 4320576K, 100% used [0x00007f1220600000, 0x00007f1328150000, 0x00007f1328150000)
  from space 540032K,  16% used [0x00007f13490b0000, 0x00007f134e6c0d58, 0x00007f136a010000)
  to   space 540032K,   0% used [0x00007f1328150000, 0x00007f1328150000, 0x00007f13490b0000)
 tenured generation   total 10801216K, used 10757119K [0x00007f1775b50000, 0x00007f1a08f60000, 0x00007f2220600000)
   the space 10801216K,  99% used [0x00007f1775b50000, 0x00007f1a0644fc10, 0x00007f1a0644fe00, 0x00007f1a08f60000)
 Metaspace       used 24350K, capacity 24784K, committed 24832K, reserved 26624K
}
Event: 5127.656 GC heap after
{Heap after GC invocations=4959 (full 5):
 def new generation   total 4860608K, used 85319K [0x00007f1220600000, 0x00007f136a010000, 0x00007f1775b50000)
  eden space 4320576K,   0% used [0x00007f1220600000, 0x00007f1220600000, 0x00007f1328150000)
  from space 540032K,  15% used [0x00007f1328150000, 0x00007f132d4a1e98, 0x00007f13490b0000)
  to   space 540032K,   0% used [0x00007f13490b0000, 0x00007f13490b0000, 0x00007f136a010000)
 tenured generation   total 10801216K, used 10763416K [0x00007f1775b50000, 0x00007f1a08f60000, 0x00007f2220600000)
   the space 10801216K,  99% used [0x00007f1775b50000, 0x00007f1a06a76370, 0x00007f1a06a76400, 0x00007f1a08f60000)
 Metaspace       used 24350K, capacity 24784K, committed 24832K, reserved 26624K
}
Event: 5130.544 GC heap before
{Heap before GC invocations=4959 (full 5):
 def new generation   total 4860608K, used 4405895K [0x00007f1220600000, 0x00007f136a010000, 0x00007f1775b50000)
  eden space 4320576K, 100% used [0x00007f1220600000, 0x00007f1328150000, 0x00007f1328150000)
  from space 540032K,  15% used [0x00007f1328150000, 0x00007f132d4a1e98, 0x00007f13490b0000)
  to   space 540032K,   0% used [0x00007f13490b0000, 0x00007f13490b0000, 0x00007f136a010000)
 tenured generation   total 10801216K, used 10763416K [0x00007f1775b50000, 0x00007f1a08f60000, 0x00007f2220600000)
   the space 10801216K,  99% used [0x00007f1775b50000, 0x00007f1a06a76370, 0x00007f1a06a76400, 0x00007f1a08f60000)
 Metaspace       used 24350K, capacity 24784K, committed 24832K, reserved 26624K
}
Event: 5130.670 GC heap after
{Heap after GC invocations=4960 (full 5):
 def new generation   total 4860608K, used 84939K [0x00007f1220600000, 0x00007f136a010000, 0x00007f1775b50000)
  eden space 4320576K,   0% used [0x00007f1220600000, 0x00007f1220600000, 0x00007f1328150000)
  from space 540032K,  15% used [0x00007f13490b0000, 0x00007f134e3a2d28, 0x00007f136a010000)
  to   space 540032K,   0% used [0x00007f1328150000, 0x00007f1328150000, 0x00007f13490b0000)
 tenured generation   total 10801216K, used 10769719K [0x00007f1775b50000, 0x00007f1a08f60000, 0x00007f2220600000)
   the space 10801216K,  99% used [0x00007f1775b50000, 0x00007f1a0709dc10, 0x00007f1a0709de00, 0x00007f1a08f60000)
 Metaspace       used 24350K, capacity 24784K, committed 24832K, reserved 26624K
}
Event: 5133.455 GC heap before
{Heap before GC invocations=4960 (full 5):
 def new generation   total 4860608K, used 4405515K [0x00007f1220600000, 0x00007f136a010000, 0x00007f1775b50000)
  eden space 4320576K, 100% used [0x00007f1220600000, 0x00007f1328150000, 0x00007f1328150000)
  from space 540032K,  15% used [0x00007f13490b0000, 0x00007f134e3a2d28, 0x00007f136a010000)
  to   space 540032K,   0% used [0x00007f1328150000, 0x00007f1328150000, 0x00007f13490b0000)
 tenured generation   total 10801216K, used 10769719K [0x00007f1775b50000, 0x00007f1a08f60000, 0x00007f2220600000)
   the space 10801216K,  99% used [0x00007f1775b50000, 0x00007f1a0709dc10, 0x00007f1a0709de00, 0x00007f1a08f60000)
 Metaspace       used 24350K, capacity 24784K, committed 24832K, reserved 26624K
}
Event: 5133.572 GC heap after
{Heap after GC invocations=4961 (full 5):
 def new generation   total 4860608K, used 85691K [0x00007f1220600000, 0x00007f136a010000, 0x00007f1775b50000)
  eden space 4320576K,   0% used [0x00007f1220600000, 0x00007f1220600000, 0x00007f1328150000)
  from space 540032K,  15% used [0x00007f1328150000, 0x00007f132d4fed58, 0x00007f13490b0000)
  to   space 540032K,   0% used [0x00007f13490b0000, 0x00007f13490b0000, 0x00007f136a010000)
 tenured generation   total 10801216K, used 10775209K [0x00007f1775b50000, 0x00007f1a08f60000, 0x00007f2220600000)
   the space 10801216K,  99% used [0x00007f1775b50000, 0x00007f1a075fa718, 0x00007f1a075fa800, 0x00007f1a08f60000)
 Metaspace       used 24350K, capacity 24784K, committed 24832K, reserved 26624K
}
Event: 5136.349 GC heap before
{Heap before GC invocations=4961 (full 5):
 def new generation   total 4860608K, used 4406267K [0x00007f1220600000, 0x00007f136a010000, 0x00007f1775b50000)
  eden space 4320576K, 100% used [0x00007f1220600000, 0x00007f1328150000, 0x00007f1328150000)
  from space 540032K,  15% used [0x00007f1328150000, 0x00007f132d4fed58, 0x00007f13490b0000)
  to   space 540032K,   0% used [0x00007f13490b0000, 0x00007f13490b0000, 0x00007f136a010000)
 tenured generation   total 10801216K, used 10775209K [0x00007f1775b50000, 0x00007f1a08f60000, 0x00007f2220600000)
   the space 10801216K,  99% used [0x00007f1775b50000, 0x00007f1a075fa718, 0x00007f1a075fa800, 0x00007f1a08f60000)
 Metaspace       used 24350K, capacity 24784K, committed 24832K, reserved 26624K
}
Event: 5136.472 GC heap after
{Heap after GC invocations=4962 (full 5):
 def new generation   total 4860608K, used 87255K [0x00007f1220600000, 0x00007f136a010000, 0x00007f1775b50000)
  eden space 4320576K,   0% used [0x00007f1220600000, 0x00007f1220600000, 0x00007f1328150000)
  from space 540032K,  16% used [0x00007f13490b0000, 0x00007f134e5e5da8, 0x00007f136a010000)
  to   space 540032K,   0% used [0x00007f1328150000, 0x00007f1328150000, 0x00007f13490b0000)
 tenured generation   total 10801216K, used 10779944K [0x00007f1775b50000, 0x00007f1a08f60000, 0x00007f2220600000)
   the space 10801216K,  99% used [0x00007f1775b50000, 0x00007f1a07a9a3e0, 0x00007f1a07a9a400, 0x00007f1a08f60000)
 Metaspace       used 24350K, capacity 24784K, committed 24832K, reserved 26624K
}
Event: 5139.334 GC heap before
{Heap before GC invocations=4962 (full 5):
 def new generation   total 4860608K, used 4407831K [0x00007f1220600000, 0x00007f136a010000, 0x00007f1775b50000)
  eden space 4320576K, 100% used [0x00007f1220600000, 0x00007f1328150000, 0x00007f1328150000)
  from space 540032K,  16% used [0x00007f13490b0000, 0x00007f134e5e5da8, 0x00007f136a010000)
  to   space 540032K,   0% used [0x00007f1328150000, 0x00007f1328150000, 0x00007f13490b0000)
 tenured generation   total 10801216K, used 10779944K [0x00007f1775b50000, 0x00007f1a08f60000, 0x00007f2220600000)
   the space 10801216K,  99% used [0x00007f1775b50000, 0x00007f1a07a9a3e0, 0x00007f1a07a9a400, 0x00007f1a08f60000)
 Metaspace       used 24350K, capacity 24784K, committed 24832K, reserved 26624K
}
Event: 5139.458 GC heap after
{Heap after GC invocations=4963 (full 5):
 def new generation   total 4860608K, used 85548K [0x00007f1220600000, 0x00007f136a010000, 0x00007f1775b50000)
  eden space 4320576K,   0% used [0x00007f1220600000, 0x00007f1220600000, 0x00007f1328150000)
  from space 540032K,  15% used [0x00007f1328150000, 0x00007f132d4db3f0, 0x00007f13490b0000)
  to   space 540032K,   0% used [0x00007f13490b0000, 0x00007f13490b0000, 0x00007f136a010000)
 tenured generation   total 10801216K, used 10786242K [0x00007f1775b50000, 0x00007f1a08f60000, 0x00007f2220600000)
   the space 10801216K,  99% used [0x00007f1775b50000, 0x00007f1a080c0b40, 0x00007f1a080c0c00, 0x00007f1a08f60000)
 Metaspace       used 24350K, capacity 24784K, committed 24832K, reserved 26624K
}
Event: 5142.268 GC heap before
{Heap before GC invocations=4963 (full 5):
 def new generation   total 4860608K, used 4406124K [0x00007f1220600000, 0x00007f136a010000, 0x00007f1775b50000)
  eden space 4320576K, 100% used [0x00007f1220600000, 0x00007f1328150000, 0x00007f1328150000)
  from space 540032K,  15% used [0x00007f1328150000, 0x00007f132d4db3f0, 0x00007f13490b0000)
  to   space 540032K,   0% used [0x00007f13490b0000, 0x00007f13490b0000, 0x00007f136a010000)
 tenured generation   total 10801216K, used 10786242K [0x00007f1775b50000, 0x00007f1a08f60000, 0x00007f2220600000)
   the space 10801216K,  99% used [0x00007f1775b50000, 0x00007f1a080c0b40, 0x00007f1a080c0c00, 0x00007f1a08f60000)
 Metaspace       used 24350K, capacity 24784K, committed 24832K, reserved 26624K
}
Event: 5142.393 GC heap after
{Heap after GC invocations=4964 (full 5):
 def new generation   total 4860608K, used 84835K [0x00007f1220600000, 0x00007f136a010000, 0x00007f1775b50000)
  eden space 4320576K,   0% used [0x00007f1220600000, 0x00007f1220600000, 0x00007f1328150000)
  from space 540032K,  15% used [0x00007f13490b0000, 0x00007f134e388d08, 0x00007f136a010000)
  to   space 540032K,   0% used [0x00007f1328150000, 0x00007f1328150000, 0x00007f13490b0000)
 tenured generation   total 10801216K, used 10792592K [0x00007f1775b50000, 0x00007f1a08f60000, 0x00007f2220600000)
   the space 10801216K,  99% used [0x00007f1775b50000, 0x00007f1a086f4228, 0x00007f1a086f4400, 0x00007f1a08f60000)
 Metaspace       used 24350K, capacity 24784K, committed 24832K, reserved 26624K
}
Event: 5144.889 GC heap before
{Heap before GC invocations=4964 (full 5):
 def new generation   total 4860608K, used 4405411K [0x00007f1220600000, 0x00007f136a010000, 0x00007f1775b50000)
  eden space 4320576K, 100% used [0x00007f1220600000, 0x00007f1328150000, 0x00007f1328150000)
  from space 540032K,  15% used [0x00007f13490b0000, 0x00007f134e388d08, 0x00007f136a010000)
  to   space 540032K,   0% used [0x00007f1328150000, 0x00007f1328150000, 0x00007f13490b0000)
 tenured generation   total 10801216K, used 10792592K [0x00007f1775b50000, 0x00007f1a08f60000, 0x00007f2220600000)
   the space 10801216K,  99% used [0x00007f1775b50000, 0x00007f1a086f4228, 0x00007f1a086f4400, 0x00007f1a08f60000)
 Metaspace       used 24350K, capacity 24784K, committed 24832K, reserved 26624K
}
Event: 5145.030 GC heap after
{Heap after GC invocations=4965 (full 5):
 def new generation   total 4860608K, used 84932K [0x00007f1220600000, 0x00007f136a010000, 0x00007f1775b50000)
  eden space 4320576K,   0% used [0x00007f1220600000, 0x00007f1220600000, 0x00007f1328150000)
  from space 540032K,  15% used [0x00007f1328150000, 0x00007f132d441340, 0x00007f13490b0000)
  to   space 540032K,   0% used [0x00007f13490b0000, 0x00007f13490b0000, 0x00007f136a010000)
 tenured generation   total 10801216K, used 10798890K [0x00007f1775b50000, 0x00007f1a08f60000, 0x00007f2220600000)
   the space 10801216K,  99% used [0x00007f1775b50000, 0x00007f1a08d1aa18, 0x00007f1a08d1ac00, 0x00007f1a08f60000)
 Metaspace       used 24350K, capacity 24784K, committed 24832K, reserved 26624K
}
Event: 5147.688 GC heap before
{Heap before GC invocations=4965 (full 5):
 def new generation   total 4860608K, used 4405508K [0x00007f1220600000, 0x00007f136a010000, 0x00007f1775b50000)
  eden space 4320576K, 100% used [0x00007f1220600000, 0x00007f1328150000, 0x00007f1328150000)
  from space 540032K,  15% used [0x00007f1328150000, 0x00007f132d441340, 0x00007f13490b0000)
  to   space 540032K,   0% used [0x00007f13490b0000, 0x00007f13490b0000, 0x00007f136a010000)
 tenured generation   total 10801216K, used 10798890K [0x00007f1775b50000, 0x00007f1a08f60000, 0x00007f2220600000)
   the space 10801216K,  99% used [0x00007f1775b50000, 0x00007f1a08d1aa18, 0x00007f1a08d1ac00, 0x00007f1a08f60000)
 Metaspace       used 24350K, capacity 24784K, committed 24832K, reserved 26624K
}
Event: 5147.804 GC heap after
{Heap after GC invocations=4966 (full 5):
 def new generation   total 4860608K, used 87255K [0x00007f1220600000, 0x00007f136a010000, 0x00007f1775b50000)
  eden space 4320576K,   0% used [0x00007f1220600000, 0x00007f1220600000, 0x00007f1328150000)
  from space 540032K,  16% used [0x00007f13490b0000, 0x00007f134e5e5da0, 0x00007f136a010000)
  to   space 540032K,   0% used [0x00007f1328150000, 0x00007f1328150000, 0x00007f13490b0000)
 tenured generation   total 10802944K, used 10802818K [0x00007f1775b50000, 0x00007f1a09110000, 0x00007f2220600000)
   the space 10802944K,  99% used [0x00007f1775b50000, 0x00007f1a090f09f8, 0x00007f1a090f0a00, 0x00007f1a09110000)
 Metaspace       used 24350K, capacity 24784K, committed 24832K, reserved 26624K
}
Event: 5147.804 GC heap before
{Heap before GC invocations=4966 (full 5):
 def new generation   total 4860608K, used 87255K [0x00007f1220600000, 0x00007f136a010000, 0x00007f1775b50000)
  eden space 4320576K,   0% used [0x00007f1220600000, 0x00007f1220600000, 0x00007f1328150000)
  from space 540032K,  16% used [0x00007f13490b0000, 0x00007f134e5e5da0, 0x00007f136a010000)
  to   space 540032K,   0% used [0x00007f1328150000, 0x00007f1328150000, 0x00007f13490b0000)
 tenured generation   total 10802944K, used 10802818K [0x00007f1775b50000, 0x00007f1a09110000, 0x00007f2220600000)
   the space 10802944K,  99% used [0x00007f1775b50000, 0x00007f1a090f09f8, 0x00007f1a090f0a00, 0x00007f1a09110000)
 Metaspace       used 24350K, capacity 24784K, committed 24832K, reserved 26624K
}

