# JRE version: OpenJDK Runtime Environment (13.0.7+5) (build 13.0.7+5-Ubuntu-0ubuntu120.04)
# Java VM: OpenJDK 64-Bit Server VM (13.0.7+5-Ubuntu-0ubuntu120.04, mixed mode, tiered, serial gc, linux-amd64)
Heap:
 def new generation   total 3152896K, used 0K [0x00007fa378400000, 0x00007fa44e110000, 0x00007fa8cd950000)
  eden space 2802624K,   0% used [0x00007fa378400000, 0x00007fa378400000, 0x00007fa4234f0000)
  from space 350272K,   0% used [0x00007fa4234f0000, 0x00007fa4234f0000, 0x00007fa438b00000)
  to   space 350272K,   0% used [0x00007fa438b00000, 0x00007fa438b00000, 0x00007fa44e110000)
 tenured generation   total 7006312K, used 9483K [0x00007fa8cd950000, 0x00007faa7936a000, 0x00007fb378400000)
   the space 7006312K,   0% used [0x00007fa8cd950000, 0x00007fa8ce292f28, 0x00007fa8ce293000, 0x00007faa7936a000)
 Metaspace       used 23230K, capacity 23609K, committed 23808K, reserved 24576K
GC Heap History (20 events):
Event: 6.970 GC heap before
{Heap before GC invocations=6 (full 1):
 def new generation   total 629248K, used 503728K [0x00007fa378400000, 0x00007fa3a2ec0000, 0x00007fa8cd950000)
  eden space 559360K,  89% used [0x00007fa378400000, 0x00007fa396ec0b70, 0x00007fa39a640000)
  from space 69888K,   1% used [0x00007fa39ea80000, 0x00007fa39ebab560, 0x00007fa3a2ec0000)
  to   space 69888K,   0% used [0x00007fa39a640000, 0x00007fa39a640000, 0x00007fa39ea80000)
 tenured generation   total 1398144K, used 800045K [0x00007fa8cd950000, 0x00007fa922eb0000, 0x00007fb378400000)
   the space 1398144K,  57% used [0x00007fa8cd950000, 0x00007fa8fe69b588, 0x00007fa8fe69b600, 0x00007fa922eb0000)
 Metaspace       used 23230K, capacity 23609K, committed 23808K, reserved 24576K
}
Event: 7.228 GC heap after
{Heap after GC invocations=7 (full 1):
 def new generation   total 629248K, used 1238K [0x00007fa378400000, 0x00007fa3a2ec0000, 0x00007fa8cd950000)
  eden space 559360K,   0% used [0x00007fa378400000, 0x00007fa378400000, 0x00007fa39a640000)
  from space 69888K,   1% used [0x00007fa39a640000, 0x00007fa39a775948, 0x00007fa39ea80000)
  to   space 69888K,   0% used [0x00007fa39ea80000, 0x00007fa39ea80000, 0x00007fa3a2ec0000)
 tenured generation   total 1398144K, used 1062189K [0x00007fa8cd950000, 0x00007fa922eb0000, 0x00007fb378400000)
   the space 1398144K,  75% used [0x00007fa8cd950000, 0x00007fa90e69b5a0, 0x00007fa90e69b600, 0x00007fa922eb0000)
 Metaspace       used 23230K, capacity 23609K, committed 23808K, reserved 24576K
}
Event: 7.808 GC heap before
{Heap before GC invocations=7 (full 1):
 def new generation   total 629248K, used 536513K [0x00007fa378400000, 0x00007fa3a2ec0000, 0x00007fa8cd950000)
  eden space 559360K,  95% used [0x00007fa378400000, 0x00007fa398ebab08, 0x00007fa39a640000)
  from space 69888K,   1% used [0x00007fa39a640000, 0x00007fa39a775948, 0x00007fa39ea80000)
  to   space 69888K,   0% used [0x00007fa39ea80000, 0x00007fa39ea80000, 0x00007fa3a2ec0000)
 tenured generation   total 1398144K, used 1062189K [0x00007fa8cd950000, 0x00007fa922eb0000, 0x00007fb378400000)
   the space 1398144K,  75% used [0x00007fa8cd950000, 0x00007fa90e69b5a0, 0x00007fa90e69b600, 0x00007fa922eb0000)
 Metaspace       used 23230K, capacity 23609K, committed 23808K, reserved 24576K
}
Event: 8.224 GC heap after
{Heap after GC invocations=8 (full 1):
 def new generation   total 629248K, used 1236K [0x00007fa378400000, 0x00007fa3a2ec0000, 0x00007fa8cd950000)
  eden space 559360K,   0% used [0x00007fa378400000, 0x00007fa378400000, 0x00007fa39a640000)
  from space 69888K,   1% used [0x00007fa39ea80000, 0x00007fa39ebb51c0, 0x00007fa3a2ec0000)
  to   space 69888K,   0% used [0x00007fa39a640000, 0x00007fa39a640000, 0x00007fa39ea80000)
 tenured generation   total 1922436K, used 1586477K [0x00007fa8cd950000, 0x00007fa942eb1000, 0x00007fb378400000)
   the space 1922436K,  82% used [0x00007fa8cd950000, 0x00007fa92e69b5b8, 0x00007fa92e69b600, 0x00007fa942eb1000)
 Metaspace       used 23230K, capacity 23609K, committed 23808K, reserved 24576K
}
Event: 8.224 GC heap before
{Heap before GC invocations=8 (full 1):
 def new generation   total 629248K, used 1236K [0x00007fa378400000, 0x00007fa3a2ec0000, 0x00007fa8cd950000)
  eden space 559360K,   0% used [0x00007fa378400000, 0x00007fa378400000, 0x00007fa39a640000)
  from space 69888K,   1% used [0x00007fa39ea80000, 0x00007fa39ebb51c0, 0x00007fa3a2ec0000)
  to   space 69888K,   0% used [0x00007fa39a640000, 0x00007fa39a640000, 0x00007fa39ea80000)
 tenured generation   total 1922436K, used 1586477K [0x00007fa8cd950000, 0x00007fa942eb1000, 0x00007fb378400000)
   the space 1922436K,  82% used [0x00007fa8cd950000, 0x00007fa92e69b5b8, 0x00007fa92e69b600, 0x00007fa942eb1000)
 Metaspace       used 23230K, capacity 23609K, committed 23808K, reserved 24576K
}
Event: 8.466 GC heap after
{Heap after GC invocations=8 (full 2):
 def new generation   total 629248K, used 0K [0x00007fa378400000, 0x00007fa3a2ec0000, 0x00007fa8cd950000)
  eden space 559360K,   0% used [0x00007fa378400000, 0x00007fa378400000, 0x00007fa39a640000)
  from space 69888K,   0% used [0x00007fa39ea80000, 0x00007fa39ea80000, 0x00007fa3a2ec0000)
  to   space 69888K,   0% used [0x00007fa39a640000, 0x00007fa39a640000, 0x00007fa39ea80000)
 tenured generation   total 1398144K, used 539127K [0x00007fa8cd950000, 0x00007fa922eb0000, 0x00007fb378400000)
   the space 1398144K,  38% used [0x00007fa8cd950000, 0x00007fa8ee7cdd18, 0x00007fa8ee7cde00, 0x00007fa922eb0000)
 Metaspace       used 23230K, capacity 23609K, committed 23808K, reserved 24576K
}
Event: 8.749 GC heap before
{Heap before GC invocations=8 (full 2):
 def new generation   total 629248K, used 535302K [0x00007fa378400000, 0x00007fa3a2ec0000, 0x00007fa8cd950000)
  eden space 559360K,  95% used [0x00007fa378400000, 0x00007fa398ec1aa8, 0x00007fa39a640000)
  from space 69888K,   0% used [0x00007fa39ea80000, 0x00007fa39ea80000, 0x00007fa3a2ec0000)
  to   space 69888K,   0% used [0x00007fa39a640000, 0x00007fa39a640000, 0x00007fa39ea80000)
 tenured generation   total 1398144K, used 539127K [0x00007fa8cd950000, 0x00007fa922eb0000, 0x00007fb378400000)
   the space 1398144K,  38% used [0x00007fa8cd950000, 0x00007fa8ee7cdd18, 0x00007fa8ee7cde00, 0x00007fa922eb0000)
 Metaspace       used 23230K, capacity 23609K, committed 23808K, reserved 24576K
}
Event: 8.955 GC heap after
{Heap after GC invocations=9 (full 2):
 def new generation   total 629248K, used 0K [0x00007fa378400000, 0x00007fa3a2ec0000, 0x00007fa8cd950000)
  eden space 559360K,   0% used [0x00007fa378400000, 0x00007fa378400000, 0x00007fa39a640000)
  from space 69888K,   0% used [0x00007fa39a640000, 0x00007fa39a640278, 0x00007fa39ea80000)
  to   space 69888K,   0% used [0x00007fa39ea80000, 0x00007fa39ea80000, 0x00007fa3a2ec0000)
 tenured generation   total 1398144K, used 1063415K [0x00007fa8cd950000, 0x00007fa922eb0000, 0x00007fb378400000)
   the space 1398144K,  76% used [0x00007fa8cd950000, 0x00007fa90e7cdd30, 0x00007fa90e7cde00, 0x00007fa922eb0000)
 Metaspace       used 23230K, capacity 23609K, committed 23808K, reserved 24576K
}
Event: 8.955 GC heap before
{Heap before GC invocations=9 (full 2):
 def new generation   total 629248K, used 0K [0x00007fa378400000, 0x00007fa3a2ec0000, 0x00007fa8cd950000)
  eden space 559360K,   0% used [0x00007fa378400000, 0x00007fa378400000, 0x00007fa39a640000)
  from space 69888K,   0% used [0x00007fa39a640000, 0x00007fa39a640278, 0x00007fa39ea80000)
  to   space 69888K,   0% used [0x00007fa39ea80000, 0x00007fa39ea80000, 0x00007fa3a2ec0000)
 tenured generation   total 1398144K, used 1063415K [0x00007fa8cd950000, 0x00007fa922eb0000, 0x00007fb378400000)
   the space 1398144K,  76% used [0x00007fa8cd950000, 0x00007fa90e7cdd30, 0x00007fa90e7cde00, 0x00007fa922eb0000)
 Metaspace       used 23230K, capacity 23609K, committed 23808K, reserved 24576K
}
Event: 8.987 GC heap after
{Heap after GC invocations=9 (full 3):
 def new generation   total 797632K, used 0K [0x00007fa378400000, 0x00007fa3ae570000, 0x00007fa8cd950000)
  eden space 709056K,   0% used [0x00007fa378400000, 0x00007fa378400000, 0x00007fa3a3870000)
  from space 88576K,   0% used [0x00007fa3a3870000, 0x00007fa3a3870000, 0x00007fa3a8ef0000)
  to   space 88576K,   0% used [0x00007fa3a8ef0000, 0x00007fa3a8ef0000, 0x00007fa3ae570000)
 tenured generation   total 1772360K, used 1063415K [0x00007fa8cd950000, 0x00007fa939c22000, 0x00007fb378400000)
   the space 1772360K,  59% used [0x00007fa8cd950000, 0x00007fa90e7cdfa8, 0x00007fa90e7ce000, 0x00007fa939c22000)
 Metaspace       used 23230K, capacity 23609K, committed 23808K, reserved 24576K
}
Event: 13.714 GC heap before
{Heap before GC invocations=9 (full 3):
 def new generation   total 797632K, used 13936K [0x00007fa378400000, 0x00007fa3ae570000, 0x00007fa8cd950000)
  eden space 709056K,   1% used [0x00007fa378400000, 0x00007fa37919c348, 0x00007fa3a3870000)
  from space 88576K,   0% used [0x00007fa3a3870000, 0x00007fa3a3870000, 0x00007fa3a8ef0000)
  to   space 88576K,   0% used [0x00007fa3a8ef0000, 0x00007fa3a8ef0000, 0x00007fa3ae570000)
 tenured generation   total 5966668K, used 5257719K [0x00007fa8cd950000, 0x00007faa39c23000, 0x00007fb378400000)
   the space 5966668K,  88% used [0x00007fa8cd950000, 0x00007faa0e7cdfc0, 0x00007faa0e7ce000, 0x00007faa39c23000)
 Metaspace       used 23230K, capacity 23609K, committed 23808K, reserved 24576K
}
Event: 13.721 GC heap after
{Heap after GC invocations=10 (full 3):
 def new generation   total 797632K, used 0K [0x00007fa378400000, 0x00007fa3ae570000, 0x00007fa8cd950000)
  eden space 709056K,   0% used [0x00007fa378400000, 0x00007fa378400000, 0x00007fa3a3870000)
  from space 88576K,   0% used [0x00007fa3a8ef0000, 0x00007fa3a8ef02d0, 0x00007fa3ae570000)
  to   space 88576K,   0% used [0x00007fa3a3870000, 0x00007fa3a3870000, 0x00007fa3a8ef0000)
 tenured generation   total 5966668K, used 5257719K [0x00007fa8cd950000, 0x00007faa39c23000, 0x00007fb378400000)
   the space 5966668K,  88% used [0x00007fa8cd950000, 0x00007faa0e7cdfc0, 0x00007faa0e7ce000, 0x00007faa39c23000)
 Metaspace       used 23230K, capacity 23609K, committed 23808K, reserved 24576K
}
Event: 13.721 GC heap before
{Heap before GC invocations=10 (full 3):
 def new generation   total 797632K, used 0K [0x00007fa378400000, 0x00007fa3ae570000, 0x00007fa8cd950000)
  eden space 709056K,   0% used [0x00007fa378400000, 0x00007fa378400000, 0x00007fa3a3870000)
  from space 88576K,   0% used [0x00007fa3a8ef0000, 0x00007fa3a8ef02d0, 0x00007fa3ae570000)
  to   space 88576K,   0% used [0x00007fa3a3870000, 0x00007fa3a3870000, 0x00007fa3a8ef0000)
 tenured generation   total 5966668K, used 5257719K [0x00007fa8cd950000, 0x00007faa39c23000, 0x00007fb378400000)
   the space 5966668K,  88% used [0x00007fa8cd950000, 0x00007faa0e7cdfc0, 0x00007faa0e7ce000, 0x00007faa39c23000)
 Metaspace       used 23230K, capacity 23609K, committed 23808K, reserved 24576K
}
Event: 16.840 GC heap after
{Heap after GC invocations=10 (full 4):
 def new generation   total 3152896K, used 0K [0x00007fa378400000, 0x00007fa44e110000, 0x00007fa8cd950000)
  eden space 2802624K,   0% used [0x00007fa378400000, 0x00007fa378400000, 0x00007fa4234f0000)
  from space 350272K,   0% used [0x00007fa4234f0000, 0x00007fa4234f0000, 0x00007fa438b00000)
  to   space 350272K,   0% used [0x00007fa438b00000, 0x00007fa438b00000, 0x00007fa44e110000)
 tenured generation   total 7006312K, used 4203787K [0x00007fa8cd950000, 0x00007faa7936a000, 0x00007fb378400000)
   the space 7006312K,  59% used [0x00007fa8cd950000, 0x00007fa9ce292c00, 0x00007fa9ce292c00, 0x00007faa7936a000)
 Metaspace       used 23230K, capacity 23609K, committed 23808K, reserved 24576K
}
Event: 29.104 GC heap before
{Heap before GC invocations=10 (full 4):
 def new generation   total 3152896K, used 2152238K [0x00007fa378400000, 0x00007fa44e110000, 0x00007fa8cd950000)
  eden space 2802624K,  76% used [0x00007fa378400000, 0x00007fa3fb9cbb20, 0x00007fa4234f0000)
  from space 350272K,   0% used [0x00007fa4234f0000, 0x00007fa4234f0000, 0x00007fa438b00000)
  to   space 350272K,   0% used [0x00007fa438b00000, 0x00007fa438b00000, 0x00007fa44e110000)
 tenured generation   total 7006312K, used 4203787K [0x00007fa8cd950000, 0x00007faa7936a000, 0x00007fb378400000)
   the space 7006312K,  59% used [0x00007fa8cd950000, 0x00007fa9ce292c00, 0x00007fa9ce292c00, 0x00007faa7936a000)
 Metaspace       used 23230K, capacity 23609K, committed 23808K, reserved 24576K
}
Event: 30.180 GC heap after
{Heap after GC invocations=11 (full 4):
 def new generation   total 3152896K, used 3K [0x00007fa378400000, 0x00007fa44e110000, 0x00007fa8cd950000)
  eden space 2802624K,   0% used [0x00007fa378400000, 0x00007fa378400000, 0x00007fa4234f0000)
  from space 350272K,   0% used [0x00007fa438b00000, 0x00007fa438b00c10, 0x00007fa44e110000)
  to   space 350272K,   0% used [0x00007fa4234f0000, 0x00007fa4234f0000, 0x00007fa438b00000)
 tenured generation   total 7006312K, used 6300939K [0x00007fa8cd950000, 0x00007faa7936a000, 0x00007fb378400000)
   the space 7006312K,  89% used [0x00007fa8cd950000, 0x00007faa4e292c18, 0x00007faa4e292e00, 0x00007faa7936a000)
 Metaspace       used 23230K, capacity 23609K, committed 23808K, reserved 24576K
}
Event: 31.052 GC heap before
{Heap before GC invocations=11 (full 4):
 def new generation   total 3152896K, used 2152077K [0x00007fa378400000, 0x00007fa44e110000, 0x00007fa8cd950000)
  eden space 2802624K,  76% used [0x00007fa378400000, 0x00007fa3fb9a2ad8, 0x00007fa4234f0000)
  from space 350272K,   0% used [0x00007fa438b00000, 0x00007fa438b00c10, 0x00007fa44e110000)
  to   space 350272K,   0% used [0x00007fa4234f0000, 0x00007fa4234f0000, 0x00007fa438b00000)
 tenured generation   total 7006312K, used 6300939K [0x00007fa8cd950000, 0x00007faa7936a000, 0x00007fb378400000)
   the space 7006312K,  89% used [0x00007fa8cd950000, 0x00007faa4e292c18, 0x00007faa4e292e00, 0x00007faa7936a000)
 Metaspace       used 23230K, capacity 23609K, committed 23808K, reserved 24576K
}
Event: 31.057 GC heap after
{Heap after GC invocations=12 (full 4):
 def new generation   total 3152896K, used 2K [0x00007fa378400000, 0x00007fa44e110000, 0x00007fa8cd950000)
  eden space 2802624K,   0% used [0x00007fa378400000, 0x00007fa378400000, 0x00007fa4234f0000)
  from space 350272K,   0% used [0x00007fa4234f0000, 0x00007fa4234f0820, 0x00007fa438b00000)
  to   space 350272K,   0% used [0x00007fa438b00000, 0x00007fa438b00000, 0x00007fa44e110000)
 tenured generation   total 7006312K, used 6300939K [0x00007fa8cd950000, 0x00007faa7936a000, 0x00007fb378400000)
   the space 7006312K,  89% used [0x00007fa8cd950000, 0x00007faa4e292c18, 0x00007faa4e292e00, 0x00007faa7936a000)
 Metaspace       used 23230K, capacity 23609K, committed 23808K, reserved 24576K
}
Event: 31.057 GC heap before
{Heap before GC invocations=12 (full 4):
 def new generation   total 3152896K, used 2K [0x00007fa378400000, 0x00007fa44e110000, 0x00007fa8cd950000)
  eden space 2802624K,   0% used [0x00007fa378400000, 0x00007fa378400000, 0x00007fa4234f0000)
  from space 350272K,   0% used [0x00007fa4234f0000, 0x00007fa4234f0820, 0x00007fa438b00000)
  to   space 350272K,   0% used [0x00007fa438b00000, 0x00007fa438b00000, 0x00007fa44e110000)
 tenured generation   total 7006312K, used 6300939K [0x00007fa8cd950000, 0x00007faa7936a000, 0x00007fb378400000)
   the space 7006312K,  89% used [0x00007fa8cd950000, 0x00007faa4e292c18, 0x00007faa4e292e00, 0x00007faa7936a000)
 Metaspace       used 23230K, capacity 23609K, committed 23808K, reserved 24576K
}
Event: 31.332 GC heap after
{Heap after GC invocations=12 (full 5):
 def new generation   total 3152896K, used 0K [0x00007fa378400000, 0x00007fa44e110000, 0x00007fa8cd950000)
  eden space 2802624K,   0% used [0x00007fa378400000, 0x00007fa378400000, 0x00007fa4234f0000)
  from space 350272K,   0% used [0x00007fa4234f0000, 0x00007fa4234f0000, 0x00007fa438b00000)
  to   space 350272K,   0% used [0x00007fa438b00000, 0x00007fa438b00000, 0x00007fa44e110000)
 tenured generation   total 7006312K, used 9483K [0x00007fa8cd950000, 0x00007faa7936a000, 0x00007fb378400000)
   the space 7006312K,   0% used [0x00007fa8cd950000, 0x00007fa8ce292f28, 0x00007fa8ce293000, 0x00007faa7936a000)
 Metaspace       used 23230K, capacity 23609K, committed 23808K, reserved 24576K
}

