# JRE version: OpenJDK Runtime Environment (13.0.7+5) (build 13.0.7+5-Ubuntu-0ubuntu120.04)
# Java VM: OpenJDK 64-Bit Server VM (13.0.7+5-Ubuntu-0ubuntu120.04, mixed mode, tiered, serial gc, linux-amd64)
Heap:
 def new generation   total 4841152K, used 27876K [0x00007f9650600000, 0x00007f9798af0000, 0x00007f9ba5b50000)
  eden space 4303296K,   0% used [0x00007f9650600000, 0x00007f96521392a8, 0x00007f9757070000)
  from space 537856K,   0% used [0x00007f9757070000, 0x00007f9757070000, 0x00007f9777db0000)
  to   space 537856K,   0% used [0x00007f9777db0000, 0x00007f9777db0000, 0x00007f9798af0000)
 tenured generation   total 10759668K, used 10759667K [0x00007f9ba5b50000, 0x00007f9e366cd000, 0x00007fa650600000)
   the space 10759668K,  99% used [0x00007f9ba5b50000, 0x00007f9e366ccfd8, 0x00007f9e366cd000, 0x00007f9e366cd000)
 Metaspace       used 24361K, capacity 24782K, committed 24832K, reserved 26624K
GC Heap History (20 events):
Event: 20618.272 GC heap after
{Heap after GC invocations=15195 (full 5):
 def new generation   total 4841152K, used 31163K [0x00007f9650600000, 0x00007f9798af0000, 0x00007f9ba5b50000)
  eden space 4303296K,   0% used [0x00007f9650600000, 0x00007f9650600000, 0x00007f9757070000)
  from space 537856K,   5% used [0x00007f9777db0000, 0x00007f9779c1ee68, 0x00007f9798af0000)
  to   space 537856K,   0% used [0x00007f9757070000, 0x00007f9757070000, 0x00007f9777db0000)
 tenured generation   total 10757940K, used 10740183K [0x00007f9ba5b50000, 0x00007f9e3651d000, 0x00007fa650600000)
   the space 10757940K,  99% used [0x00007f9ba5b50000, 0x00007f9e353c5f78, 0x00007f9e353c6000, 0x00007f9e3651d000)
 Metaspace       used 24361K, capacity 24782K, committed 24832K, reserved 26624K
}
Event: 20621.722 GC heap before
{Heap before GC invocations=15195 (full 5):
 def new generation   total 4841152K, used 4334459K [0x00007f9650600000, 0x00007f9798af0000, 0x00007f9ba5b50000)
  eden space 4303296K, 100% used [0x00007f9650600000, 0x00007f9757070000, 0x00007f9757070000)
  from space 537856K,   5% used [0x00007f9777db0000, 0x00007f9779c1ee68, 0x00007f9798af0000)
  to   space 537856K,   0% used [0x00007f9757070000, 0x00007f9757070000, 0x00007f9777db0000)
 tenured generation   total 10757940K, used 10740183K [0x00007f9ba5b50000, 0x00007f9e3651d000, 0x00007fa650600000)
   the space 10757940K,  99% used [0x00007f9ba5b50000, 0x00007f9e353c5f78, 0x00007f9e353c6000, 0x00007f9e3651d000)
 Metaspace       used 24361K, capacity 24782K, committed 24832K, reserved 26624K
}
Event: 20621.778 GC heap after
{Heap after GC invocations=15196 (full 5):
 def new generation   total 4841152K, used 31323K [0x00007f9650600000, 0x00007f9798af0000, 0x00007f9ba5b50000)
  eden space 4303296K,   0% used [0x00007f9650600000, 0x00007f9650600000, 0x00007f9757070000)
  from space 537856K,   5% used [0x00007f9757070000, 0x00007f9758f06e98, 0x00007f9777db0000)
  to   space 537856K,   0% used [0x00007f9777db0000, 0x00007f9777db0000, 0x00007f9798af0000)
 tenured generation   total 10757940K, used 10741260K [0x00007f9ba5b50000, 0x00007f9e3651d000, 0x00007fa650600000)
   the space 10757940K,  99% used [0x00007f9ba5b50000, 0x00007f9e354d3008, 0x00007f9e354d3200, 0x00007f9e3651d000)
 Metaspace       used 24361K, capacity 24782K, committed 24832K, reserved 26624K
}
Event: 20625.217 GC heap before
{Heap before GC invocations=15196 (full 5):
 def new generation   total 4841152K, used 4334619K [0x00007f9650600000, 0x00007f9798af0000, 0x00007f9ba5b50000)
  eden space 4303296K, 100% used [0x00007f9650600000, 0x00007f9757070000, 0x00007f9757070000)
  from space 537856K,   5% used [0x00007f9757070000, 0x00007f9758f06e98, 0x00007f9777db0000)
  to   space 537856K,   0% used [0x00007f9777db0000, 0x00007f9777db0000, 0x00007f9798af0000)
 tenured generation   total 10757940K, used 10741260K [0x00007f9ba5b50000, 0x00007f9e3651d000, 0x00007fa650600000)
   the space 10757940K,  99% used [0x00007f9ba5b50000, 0x00007f9e354d3008, 0x00007f9e354d3200, 0x00007f9e3651d000)
 Metaspace       used 24361K, capacity 24782K, committed 24832K, reserved 26624K
}
Event: 20625.271 GC heap after
{Heap after GC invocations=15197 (full 5):
 def new generation   total 4841152K, used 31469K [0x00007f9650600000, 0x00007f9798af0000, 0x00007f9ba5b50000)
  eden space 4303296K,   0% used [0x00007f9650600000, 0x00007f9650600000, 0x00007f9757070000)
  from space 537856K,   5% used [0x00007f9777db0000, 0x00007f9779c6b498, 0x00007f9798af0000)
  to   space 537856K,   0% used [0x00007f9757070000, 0x00007f9757070000, 0x00007f9777db0000)
 tenured generation   total 10757940K, used 10742598K [0x00007f9ba5b50000, 0x00007f9e3651d000, 0x00007fa650600000)
   the space 10757940K,  99% used [0x00007f9ba5b50000, 0x00007f9e35621b90, 0x00007f9e35621c00, 0x00007f9e3651d000)
 Metaspace       used 24361K, capacity 24782K, committed 24832K, reserved 26624K
}
Event: 20628.824 GC heap before
{Heap before GC invocations=15197 (full 5):
 def new generation   total 4841152K, used 4334765K [0x00007f9650600000, 0x00007f9798af0000, 0x00007f9ba5b50000)
  eden space 4303296K, 100% used [0x00007f9650600000, 0x00007f9757070000, 0x00007f9757070000)
  from space 537856K,   5% used [0x00007f9777db0000, 0x00007f9779c6b498, 0x00007f9798af0000)
  to   space 537856K,   0% used [0x00007f9757070000, 0x00007f9757070000, 0x00007f9777db0000)
 tenured generation   total 10757940K, used 10742598K [0x00007f9ba5b50000, 0x00007f9e3651d000, 0x00007fa650600000)
   the space 10757940K,  99% used [0x00007f9ba5b50000, 0x00007f9e35621b90, 0x00007f9e35621c00, 0x00007f9e3651d000)
 Metaspace       used 24361K, capacity 24782K, committed 24832K, reserved 26624K
}
Event: 20628.880 GC heap after
{Heap after GC invocations=15198 (full 5):
 def new generation   total 4841152K, used 31478K [0x00007f9650600000, 0x00007f9798af0000, 0x00007f9ba5b50000)
  eden space 4303296K,   0% used [0x00007f9650600000, 0x00007f9650600000, 0x00007f9757070000)
  from space 537856K,   5% used [0x00007f9757070000, 0x00007f9758f2da48, 0x00007f9777db0000)
  to   space 537856K,   0% used [0x00007f9777db0000, 0x00007f9777db0000, 0x00007f9798af0000)
 tenured generation   total 10757940K, used 10744096K [0x00007f9ba5b50000, 0x00007f9e3651d000, 0x00007fa650600000)
   the space 10757940K,  99% used [0x00007f9ba5b50000, 0x00007f9e357980f0, 0x00007f9e35798200, 0x00007f9e3651d000)
 Metaspace       used 24361K, capacity 24782K, committed 24832K, reserved 26624K
}
Event: 20632.364 GC heap before
{Heap before GC invocations=15198 (full 5):
 def new generation   total 4841152K, used 4334774K [0x00007f9650600000, 0x00007f9798af0000, 0x00007f9ba5b50000)
  eden space 4303296K, 100% used [0x00007f9650600000, 0x00007f9757070000, 0x00007f9757070000)
  from space 537856K,   5% used [0x00007f9757070000, 0x00007f9758f2da48, 0x00007f9777db0000)
  to   space 537856K,   0% used [0x00007f9777db0000, 0x00007f9777db0000, 0x00007f9798af0000)
 tenured generation   total 10757940K, used 10744096K [0x00007f9ba5b50000, 0x00007f9e3651d000, 0x00007fa650600000)
   the space 10757940K,  99% used [0x00007f9ba5b50000, 0x00007f9e357980f0, 0x00007f9e35798200, 0x00007f9e3651d000)
 Metaspace       used 24361K, capacity 24782K, committed 24832K, reserved 26624K
}
Event: 20632.424 GC heap after
{Heap after GC invocations=15199 (full 5):
 def new generation   total 4841152K, used 31333K [0x00007f9650600000, 0x00007f9798af0000, 0x00007f9ba5b50000)
  eden space 4303296K,   0% used [0x00007f9650600000, 0x00007f9650600000, 0x00007f9757070000)
  from space 537856K,   5% used [0x00007f9777db0000, 0x00007f9779c494d0, 0x00007f9798af0000)
  to   space 537856K,   0% used [0x00007f9757070000, 0x00007f9757070000, 0x00007f9777db0000)
 tenured generation   total 10757940K, used 10745646K [0x00007f9ba5b50000, 0x00007f9e3651d000, 0x00007fa650600000)
   the space 10757940K,  99% used [0x00007f9ba5b50000, 0x00007f9e3591b8d8, 0x00007f9e3591ba00, 0x00007f9e3651d000)
 Metaspace       used 24361K, capacity 24782K, committed 24832K, reserved 26624K
}
Event: 20635.844 GC heap before
{Heap before GC invocations=15199 (full 5):
 def new generation   total 4841152K, used 4334629K [0x00007f9650600000, 0x00007f9798af0000, 0x00007f9ba5b50000)
  eden space 4303296K, 100% used [0x00007f9650600000, 0x00007f9757070000, 0x00007f9757070000)
  from space 537856K,   5% used [0x00007f9777db0000, 0x00007f9779c494d0, 0x00007f9798af0000)
  to   space 537856K,   0% used [0x00007f9757070000, 0x00007f9757070000, 0x00007f9777db0000)
 tenured generation   total 10757940K, used 10745646K [0x00007f9ba5b50000, 0x00007f9e3651d000, 0x00007fa650600000)
   the space 10757940K,  99% used [0x00007f9ba5b50000, 0x00007f9e3591b8d8, 0x00007f9e3591ba00, 0x00007f9e3651d000)
 Metaspace       used 24361K, capacity 24782K, committed 24832K, reserved 26624K
}
Event: 20635.906 GC heap after
{Heap after GC invocations=15200 (full 5):
 def new generation   total 4841152K, used 30530K [0x00007f9650600000, 0x00007f9798af0000, 0x00007f9ba5b50000)
  eden space 4303296K,   0% used [0x00007f9650600000, 0x00007f9650600000, 0x00007f9757070000)
  from space 537856K,   5% used [0x00007f9757070000, 0x00007f9758e40818, 0x00007f9777db0000)
  to   space 537856K,   0% used [0x00007f9777db0000, 0x00007f9777db0000, 0x00007f9798af0000)
 tenured generation   total 10757940K, used 10747986K [0x00007f9ba5b50000, 0x00007f9e3651d000, 0x00007fa650600000)
   the space 10757940K,  99% used [0x00007f9ba5b50000, 0x00007f9e35b64b38, 0x00007f9e35b64c00, 0x00007f9e3651d000)
 Metaspace       used 24361K, capacity 24782K, committed 24832K, reserved 26624K
}
Event: 20639.219 GC heap before
{Heap before GC invocations=15200 (full 5):
 def new generation   total 4841152K, used 4333826K [0x00007f9650600000, 0x00007f9798af0000, 0x00007f9ba5b50000)
  eden space 4303296K, 100% used [0x00007f9650600000, 0x00007f9757070000, 0x00007f9757070000)
  from space 537856K,   5% used [0x00007f9757070000, 0x00007f9758e40818, 0x00007f9777db0000)
  to   space 537856K,   0% used [0x00007f9777db0000, 0x00007f9777db0000, 0x00007f9798af0000)
 tenured generation   total 10757940K, used 10747986K [0x00007f9ba5b50000, 0x00007f9e3651d000, 0x00007fa650600000)
   the space 10757940K,  99% used [0x00007f9ba5b50000, 0x00007f9e35b64b38, 0x00007f9e35b64c00, 0x00007f9e3651d000)
 Metaspace       used 24361K, capacity 24782K, committed 24832K, reserved 26624K
}
Event: 20639.279 GC heap after
{Heap after GC invocations=15201 (full 5):
 def new generation   total 4841152K, used 29734K [0x00007f9650600000, 0x00007f9798af0000, 0x00007f9ba5b50000)
  eden space 4303296K,   0% used [0x00007f9650600000, 0x00007f9650600000, 0x00007f9757070000)
  from space 537856K,   5% used [0x00007f9777db0000, 0x00007f9779ab9a48, 0x00007f9798af0000)
  to   space 537856K,   0% used [0x00007f9757070000, 0x00007f9757070000, 0x00007f9777db0000)
 tenured generation   total 10757940K, used 10750274K [0x00007f9ba5b50000, 0x00007f9e3651d000, 0x00007fa650600000)
   the space 10757940K,  99% used [0x00007f9ba5b50000, 0x00007f9e35da08d0, 0x00007f9e35da0a00, 0x00007f9e3651d000)
 Metaspace       used 24361K, capacity 24782K, committed 24832K, reserved 26624K
}
Event: 20642.566 GC heap before
{Heap before GC invocations=15201 (full 5):
 def new generation   total 4841152K, used 4333030K [0x00007f9650600000, 0x00007f9798af0000, 0x00007f9ba5b50000)
  eden space 4303296K, 100% used [0x00007f9650600000, 0x00007f9757070000, 0x00007f9757070000)
  from space 537856K,   5% used [0x00007f9777db0000, 0x00007f9779ab9a48, 0x00007f9798af0000)
  to   space 537856K,   0% used [0x00007f9757070000, 0x00007f9757070000, 0x00007f9777db0000)
 tenured generation   total 10757940K, used 10750274K [0x00007f9ba5b50000, 0x00007f9e3651d000, 0x00007fa650600000)
   the space 10757940K,  99% used [0x00007f9ba5b50000, 0x00007f9e35da08d0, 0x00007f9e35da0a00, 0x00007f9e3651d000)
 Metaspace       used 24361K, capacity 24782K, committed 24832K, reserved 26624K
}
Event: 20642.619 GC heap after
{Heap after GC invocations=15202 (full 5):
 def new generation   total 4841152K, used 28903K [0x00007f9650600000, 0x00007f9798af0000, 0x00007f9ba5b50000)
  eden space 4303296K,   0% used [0x00007f9650600000, 0x00007f9650600000, 0x00007f9757070000)
  from space 537856K,   5% used [0x00007f9757070000, 0x00007f9758ca9cd0, 0x00007f9777db0000)
  to   space 537856K,   0% used [0x00007f9777db0000, 0x00007f9777db0000, 0x00007f9798af0000)
 tenured generation   total 10757940K, used 10752878K [0x00007f9ba5b50000, 0x00007f9e3651d000, 0x00007fa650600000)
   the space 10757940K,  99% used [0x00007f9ba5b50000, 0x00007f9e3602baa8, 0x00007f9e3602bc00, 0x00007f9e3651d000)
 Metaspace       used 24361K, capacity 24782K, committed 24832K, reserved 26624K
}
Event: 20645.959 GC heap before
{Heap before GC invocations=15202 (full 5):
 def new generation   total 4841152K, used 4332199K [0x00007f9650600000, 0x00007f9798af0000, 0x00007f9ba5b50000)
  eden space 4303296K, 100% used [0x00007f9650600000, 0x00007f9757070000, 0x00007f9757070000)
  from space 537856K,   5% used [0x00007f9757070000, 0x00007f9758ca9cd0, 0x00007f9777db0000)
  to   space 537856K,   0% used [0x00007f9777db0000, 0x00007f9777db0000, 0x00007f9798af0000)
 tenured generation   total 10757940K, used 10752878K [0x00007f9ba5b50000, 0x00007f9e3651d000, 0x00007fa650600000)
   the space 10757940K,  99% used [0x00007f9ba5b50000, 0x00007f9e3602baa8, 0x00007f9e3602bc00, 0x00007f9e3651d000)
 Metaspace       used 24361K, capacity 24782K, committed 24832K, reserved 26624K
}
Event: 20646.009 GC heap after
{Heap after GC invocations=15203 (full 5):
 def new generation   total 4841152K, used 27885K [0x00007f9650600000, 0x00007f9798af0000, 0x00007f9ba5b50000)
  eden space 4303296K,   0% used [0x00007f9650600000, 0x00007f9650600000, 0x00007f9757070000)
  from space 537856K,   5% used [0x00007f9777db0000, 0x00007f97798eb658, 0x00007f9798af0000)
  to   space 537856K,   0% used [0x00007f9757070000, 0x00007f9757070000, 0x00007f9777db0000)
 tenured generation   total 10757940K, used 10756274K [0x00007f9ba5b50000, 0x00007f9e3651d000, 0x00007fa650600000)
   the space 10757940K,  99% used [0x00007f9ba5b50000, 0x00007f9e3637c8a8, 0x00007f9e3637ca00, 0x00007f9e3651d000)
 Metaspace       used 24361K, capacity 24782K, committed 24832K, reserved 26624K
}
Event: 20649.243 GC heap before
{Heap before GC invocations=15203 (full 5):
 def new generation   total 4841152K, used 4331181K [0x00007f9650600000, 0x00007f9798af0000, 0x00007f9ba5b50000)
  eden space 4303296K, 100% used [0x00007f9650600000, 0x00007f9757070000, 0x00007f9757070000)
  from space 537856K,   5% used [0x00007f9777db0000, 0x00007f97798eb658, 0x00007f9798af0000)
  to   space 537856K,   0% used [0x00007f9757070000, 0x00007f9757070000, 0x00007f9777db0000)
 tenured generation   total 10757940K, used 10756274K [0x00007f9ba5b50000, 0x00007f9e3651d000, 0x00007fa650600000)
   the space 10757940K,  99% used [0x00007f9ba5b50000, 0x00007f9e3637c8a8, 0x00007f9e3637ca00, 0x00007f9e3651d000)
 Metaspace       used 24361K, capacity 24782K, committed 24832K, reserved 26624K
}
Event: 20649.297 GC heap after
{Heap after GC invocations=15204 (full 5):
 def new generation   total 4841152K, used 27923K [0x00007f9650600000, 0x00007f9798af0000, 0x00007f9ba5b50000)
  eden space 4303296K,   0% used [0x00007f9650600000, 0x00007f9650600000, 0x00007f9757070000)
  from space 537856K,   5% used [0x00007f9757070000, 0x00007f9758bb4db0, 0x00007f9777db0000)
  to   space 537856K,   0% used [0x00007f9777db0000, 0x00007f9777db0000, 0x00007f9798af0000)
 tenured generation   total 10759668K, used 10759621K [0x00007f9ba5b50000, 0x00007f9e366cd000, 0x00007fa650600000)
   the space 10759668K,  99% used [0x00007f9ba5b50000, 0x00007f9e366c14d0, 0x00007f9e366c1600, 0x00007f9e366cd000)
 Metaspace       used 24361K, capacity 24782K, committed 24832K, reserved 26624K
}
Event: 20649.298 GC heap before
{Heap before GC invocations=15204 (full 5):
 def new generation   total 4841152K, used 27923K [0x00007f9650600000, 0x00007f9798af0000, 0x00007f9ba5b50000)
  eden space 4303296K,   0% used [0x00007f9650600000, 0x00007f9650600000, 0x00007f9757070000)
  from space 537856K,   5% used [0x00007f9757070000, 0x00007f9758bb4db0, 0x00007f9777db0000)
  to   space 537856K,   0% used [0x00007f9777db0000, 0x00007f9777db0000, 0x00007f9798af0000)
 tenured generation   total 10759668K, used 10759621K [0x00007f9ba5b50000, 0x00007f9e366cd000, 0x00007fa650600000)
   the space 10759668K,  99% used [0x00007f9ba5b50000, 0x00007f9e366c14d0, 0x00007f9e366c1600, 0x00007f9e366cd000)
 Metaspace       used 24361K, capacity 24782K, committed 24832K, reserved 26624K
}

