# JRE version: OpenJDK Runtime Environment (13.0.7+5) (build 13.0.7+5-Ubuntu-0ubuntu120.04)
# Java VM: OpenJDK 64-Bit Server VM (13.0.7+5-Ubuntu-0ubuntu120.04, mixed mode, tiered, serial gc, linux-amd64)
Heap:
 def new generation   total 2856640K, used 90423K [0x00007fa648600000, 0x00007fa70a1a0000, 0x00007fb0f30a0000)
  eden space 2539264K,   3% used [0x00007fa648600000, 0x00007fa64de4dcc8, 0x00007fa6e35c0000)
  from space 317376K,   0% used [0x00007fa6e35c0000, 0x00007fa6e35c0000, 0x00007fa6f6bb0000)
  to   space 317376K,   0% used [0x00007fa6f6bb0000, 0x00007fa6f6bb0000, 0x00007fa70a1a0000)
 tenured generation   total 6364360K, used 6362551K [0x00007fb0f30a0000, 0x00007fb2777d2000, 0x00007fc648600000)
   the space 6364360K,  99% used [0x00007fb0f30a0000, 0x00007fb27760dcf8, 0x00007fb27760de00, 0x00007fb2777d2000)
 Metaspace       used 24271K, capacity 24635K, committed 24832K, reserved 26624K
GC Heap History (20 events):
Event: 2969.332 GC heap after
{Heap after GC invocations=2505 (full 6):
 def new generation   total 2856640K, used 119737K [0x00007fa648600000, 0x00007fa70a1a0000, 0x00007fb0f30a0000)
  eden space 2539264K,   0% used [0x00007fa648600000, 0x00007fa648600000, 0x00007fa6e35c0000)
  from space 317376K,  37% used [0x00007fa6f6bb0000, 0x00007fa6fe09e7d0, 0x00007fa70a1a0000)
  to   space 317376K,   0% used [0x00007fa6e35c0000, 0x00007fa6e35c0000, 0x00007fa6f6bb0000)
 tenured generation   total 6347972K, used 6300337K [0x00007fb0f30a0000, 0x00007fb2767d1000, 0x00007fc648600000)
   the space 6347972K,  99% used [0x00007fb0f30a0000, 0x00007fb27394c4e8, 0x00007fb27394c600, 0x00007fb2767d1000)
 Metaspace       used 24271K, capacity 24635K, committed 24832K, reserved 26624K
}
Event: 2971.404 GC heap before
{Heap before GC invocations=2505 (full 6):
 def new generation   total 2856640K, used 2659001K [0x00007fa648600000, 0x00007fa70a1a0000, 0x00007fb0f30a0000)
  eden space 2539264K, 100% used [0x00007fa648600000, 0x00007fa6e35c0000, 0x00007fa6e35c0000)
  from space 317376K,  37% used [0x00007fa6f6bb0000, 0x00007fa6fe09e7d0, 0x00007fa70a1a0000)
  to   space 317376K,   0% used [0x00007fa6e35c0000, 0x00007fa6e35c0000, 0x00007fa6f6bb0000)
 tenured generation   total 6347972K, used 6300337K [0x00007fb0f30a0000, 0x00007fb2767d1000, 0x00007fc648600000)
   the space 6347972K,  99% used [0x00007fb0f30a0000, 0x00007fb27394c4e8, 0x00007fb27394c600, 0x00007fb2767d1000)
 Metaspace       used 24271K, capacity 24635K, committed 24832K, reserved 26624K
}
Event: 2971.491 GC heap after
{Heap after GC invocations=2506 (full 6):
 def new generation   total 2856640K, used 119796K [0x00007fa648600000, 0x00007fa70a1a0000, 0x00007fb0f30a0000)
  eden space 2539264K,   0% used [0x00007fa648600000, 0x00007fa648600000, 0x00007fa6e35c0000)
  from space 317376K,  37% used [0x00007fa6e35c0000, 0x00007fa6eaabd028, 0x00007fa6f6bb0000)
  to   space 317376K,   0% used [0x00007fa6f6bb0000, 0x00007fa6f6bb0000, 0x00007fa70a1a0000)
 tenured generation   total 6347972K, used 6300337K [0x00007fb0f30a0000, 0x00007fb2767d1000, 0x00007fc648600000)
   the space 6347972K,  99% used [0x00007fb0f30a0000, 0x00007fb27394c4e8, 0x00007fb27394c600, 0x00007fb2767d1000)
 Metaspace       used 24271K, capacity 24635K, committed 24832K, reserved 26624K
}
Event: 2973.591 GC heap before
{Heap before GC invocations=2506 (full 6):
 def new generation   total 2856640K, used 2659060K [0x00007fa648600000, 0x00007fa70a1a0000, 0x00007fb0f30a0000)
  eden space 2539264K, 100% used [0x00007fa648600000, 0x00007fa6e35c0000, 0x00007fa6e35c0000)
  from space 317376K,  37% used [0x00007fa6e35c0000, 0x00007fa6eaabd028, 0x00007fa6f6bb0000)
  to   space 317376K,   0% used [0x00007fa6f6bb0000, 0x00007fa6f6bb0000, 0x00007fa70a1a0000)
 tenured generation   total 6347972K, used 6300337K [0x00007fb0f30a0000, 0x00007fb2767d1000, 0x00007fc648600000)
   the space 6347972K,  99% used [0x00007fb0f30a0000, 0x00007fb27394c4e8, 0x00007fb27394c600, 0x00007fb2767d1000)
 Metaspace       used 24271K, capacity 24635K, committed 24832K, reserved 26624K
}
Event: 2973.682 GC heap after
{Heap after GC invocations=2507 (full 6):
 def new generation   total 2856640K, used 101760K [0x00007fa648600000, 0x00007fa70a1a0000, 0x00007fb0f30a0000)
  eden space 2539264K,   0% used [0x00007fa648600000, 0x00007fa648600000, 0x00007fa6e35c0000)
  from space 317376K,  32% used [0x00007fa6f6bb0000, 0x00007fa6fcf10040, 0x00007fa70a1a0000)
  to   space 317376K,   0% used [0x00007fa6e35c0000, 0x00007fa6e35c0000, 0x00007fa6f6bb0000)
 tenured generation   total 6347972K, used 6317297K [0x00007fb0f30a0000, 0x00007fb2767d1000, 0x00007fc648600000)
   the space 6347972K,  99% used [0x00007fb0f30a0000, 0x00007fb2749dc4e0, 0x00007fb2749dc600, 0x00007fb2767d1000)
 Metaspace       used 24271K, capacity 24635K, committed 24832K, reserved 26624K
}
Event: 2975.488 GC heap before
{Heap before GC invocations=2507 (full 6):
 def new generation   total 2856640K, used 2641024K [0x00007fa648600000, 0x00007fa70a1a0000, 0x00007fb0f30a0000)
  eden space 2539264K, 100% used [0x00007fa648600000, 0x00007fa6e35c0000, 0x00007fa6e35c0000)
  from space 317376K,  32% used [0x00007fa6f6bb0000, 0x00007fa6fcf10040, 0x00007fa70a1a0000)
  to   space 317376K,   0% used [0x00007fa6e35c0000, 0x00007fa6e35c0000, 0x00007fa6f6bb0000)
 tenured generation   total 6347972K, used 6317297K [0x00007fb0f30a0000, 0x00007fb2767d1000, 0x00007fc648600000)
   the space 6347972K,  99% used [0x00007fb0f30a0000, 0x00007fb2749dc4e0, 0x00007fb2749dc600, 0x00007fb2767d1000)
 Metaspace       used 24271K, capacity 24635K, committed 24832K, reserved 26624K
}
Event: 2975.569 GC heap after
{Heap after GC invocations=2508 (full 6):
 def new generation   total 2856640K, used 101767K [0x00007fa648600000, 0x00007fa70a1a0000, 0x00007fb0f30a0000)
  eden space 2539264K,   0% used [0x00007fa648600000, 0x00007fa648600000, 0x00007fa6e35c0000)
  from space 317376K,  32% used [0x00007fa6e35c0000, 0x00007fa6e9921c80, 0x00007fa6f6bb0000)
  to   space 317376K,   0% used [0x00007fa6f6bb0000, 0x00007fa6f6bb0000, 0x00007fa70a1a0000)
 tenured generation   total 6347972K, used 6317297K [0x00007fb0f30a0000, 0x00007fb2767d1000, 0x00007fc648600000)
   the space 6347972K,  99% used [0x00007fb0f30a0000, 0x00007fb2749dc4e0, 0x00007fb2749dc600, 0x00007fb2767d1000)
 Metaspace       used 24271K, capacity 24635K, committed 24832K, reserved 26624K
}
Event: 2977.903 GC heap before
{Heap before GC invocations=2508 (full 6):
 def new generation   total 2856640K, used 2630532K [0x00007fa648600000, 0x00007fa70a1a0000, 0x00007fb0f30a0000)
  eden space 2539264K,  99% used [0x00007fa648600000, 0x00007fa6e2b7f560, 0x00007fa6e35c0000)
  from space 317376K,  32% used [0x00007fa6e35c0000, 0x00007fa6e9921c80, 0x00007fa6f6bb0000)
  to   space 317376K,   0% used [0x00007fa6f6bb0000, 0x00007fa6f6bb0000, 0x00007fa70a1a0000)
 tenured generation   total 6347972K, used 6317297K [0x00007fb0f30a0000, 0x00007fb2767d1000, 0x00007fc648600000)
   the space 6347972K,  99% used [0x00007fb0f30a0000, 0x00007fb2749dc4e0, 0x00007fb2749dc600, 0x00007fb2767d1000)
 Metaspace       used 24271K, capacity 24635K, committed 24832K, reserved 26624K
}
Event: 2977.967 GC heap after
{Heap after GC invocations=2509 (full 6):
 def new generation   total 2856640K, used 106921K [0x00007fa648600000, 0x00007fa70a1a0000, 0x00007fb0f30a0000)
  eden space 2539264K,   0% used [0x00007fa648600000, 0x00007fa648600000, 0x00007fa6e35c0000)
  from space 317376K,  33% used [0x00007fa6f6bb0000, 0x00007fa6fd41a488, 0x00007fa70a1a0000)
  to   space 317376K,   0% used [0x00007fa6e35c0000, 0x00007fa6e35c0000, 0x00007fa6f6bb0000)
 tenured generation   total 6347972K, used 6317297K [0x00007fb0f30a0000, 0x00007fb2767d1000, 0x00007fc648600000)
   the space 6347972K,  99% used [0x00007fb0f30a0000, 0x00007fb2749dc4e0, 0x00007fb2749dc600, 0x00007fb2767d1000)
 Metaspace       used 24271K, capacity 24635K, committed 24832K, reserved 26624K
}
Event: 2980.078 GC heap before
{Heap before GC invocations=2509 (full 6):
 def new generation   total 2856640K, used 2646185K [0x00007fa648600000, 0x00007fa70a1a0000, 0x00007fb0f30a0000)
  eden space 2539264K, 100% used [0x00007fa648600000, 0x00007fa6e35c0000, 0x00007fa6e35c0000)
  from space 317376K,  33% used [0x00007fa6f6bb0000, 0x00007fa6fd41a488, 0x00007fa70a1a0000)
  to   space 317376K,   0% used [0x00007fa6e35c0000, 0x00007fa6e35c0000, 0x00007fa6f6bb0000)
 tenured generation   total 6347972K, used 6317297K [0x00007fb0f30a0000, 0x00007fb2767d1000, 0x00007fc648600000)
   the space 6347972K,  99% used [0x00007fb0f30a0000, 0x00007fb2749dc4e0, 0x00007fb2749dc600, 0x00007fb2767d1000)
 Metaspace       used 24271K, capacity 24635K, committed 24832K, reserved 26624K
}
Event: 2980.181 GC heap after
{Heap after GC invocations=2510 (full 6):
 def new generation   total 2856640K, used 99718K [0x00007fa648600000, 0x00007fa70a1a0000, 0x00007fb0f30a0000)
  eden space 2539264K,   0% used [0x00007fa648600000, 0x00007fa648600000, 0x00007fa6e35c0000)
  from space 317376K,  31% used [0x00007fa6e35c0000, 0x00007fa6e9721958, 0x00007fa6f6bb0000)
  to   space 317376K,   0% used [0x00007fa6f6bb0000, 0x00007fa6f6bb0000, 0x00007fa70a1a0000)
 tenured generation   total 6347972K, used 6334257K [0x00007fb0f30a0000, 0x00007fb2767d1000, 0x00007fc648600000)
   the space 6347972K,  99% used [0x00007fb0f30a0000, 0x00007fb275a6c4d8, 0x00007fb275a6c600, 0x00007fb2767d1000)
 Metaspace       used 24271K, capacity 24635K, committed 24832K, reserved 26624K
}
Event: 2982.011 GC heap before
{Heap before GC invocations=2510 (full 6):
 def new generation   total 2856640K, used 2638982K [0x00007fa648600000, 0x00007fa70a1a0000, 0x00007fb0f30a0000)
  eden space 2539264K, 100% used [0x00007fa648600000, 0x00007fa6e35c0000, 0x00007fa6e35c0000)
  from space 317376K,  31% used [0x00007fa6e35c0000, 0x00007fa6e9721958, 0x00007fa6f6bb0000)
  to   space 317376K,   0% used [0x00007fa6f6bb0000, 0x00007fa6f6bb0000, 0x00007fa70a1a0000)
 tenured generation   total 6347972K, used 6334257K [0x00007fb0f30a0000, 0x00007fb2767d1000, 0x00007fc648600000)
   the space 6347972K,  99% used [0x00007fb0f30a0000, 0x00007fb275a6c4d8, 0x00007fb275a6c600, 0x00007fb2767d1000)
 Metaspace       used 24271K, capacity 24635K, committed 24832K, reserved 26624K
}
Event: 2982.098 GC heap after
{Heap after GC invocations=2511 (full 6):
 def new generation   total 2856640K, used 101771K [0x00007fa648600000, 0x00007fa70a1a0000, 0x00007fb0f30a0000)
  eden space 2539264K,   0% used [0x00007fa648600000, 0x00007fa648600000, 0x00007fa6e35c0000)
  from space 317376K,  32% used [0x00007fa6f6bb0000, 0x00007fa6fcf12ce0, 0x00007fa70a1a0000)
  to   space 317376K,   0% used [0x00007fa6e35c0000, 0x00007fa6e35c0000, 0x00007fa6f6bb0000)
 tenured generation   total 6347972K, used 6334257K [0x00007fb0f30a0000, 0x00007fb2767d1000, 0x00007fc648600000)
   the space 6347972K,  99% used [0x00007fb0f30a0000, 0x00007fb275a6c4d8, 0x00007fb275a6c600, 0x00007fb2767d1000)
 Metaspace       used 24271K, capacity 24635K, committed 24832K, reserved 26624K
}
Event: 2984.211 GC heap before
{Heap before GC invocations=2511 (full 6):
 def new generation   total 2856640K, used 2641035K [0x00007fa648600000, 0x00007fa70a1a0000, 0x00007fb0f30a0000)
  eden space 2539264K, 100% used [0x00007fa648600000, 0x00007fa6e35c0000, 0x00007fa6e35c0000)
  from space 317376K,  32% used [0x00007fa6f6bb0000, 0x00007fa6fcf12ce0, 0x00007fa70a1a0000)
  to   space 317376K,   0% used [0x00007fa6e35c0000, 0x00007fa6e35c0000, 0x00007fa6f6bb0000)
 tenured generation   total 6347972K, used 6334257K [0x00007fb0f30a0000, 0x00007fb2767d1000, 0x00007fc648600000)
   the space 6347972K,  99% used [0x00007fb0f30a0000, 0x00007fb275a6c4d8, 0x00007fb275a6c600, 0x00007fb2767d1000)
 Metaspace       used 24271K, capacity 24635K, committed 24832K, reserved 26624K
}
Event: 2984.305 GC heap after
{Heap after GC invocations=2512 (full 6):
 def new generation   total 2856640K, used 121799K [0x00007fa648600000, 0x00007fa70a1a0000, 0x00007fb0f30a0000)
  eden space 2539264K,   0% used [0x00007fa648600000, 0x00007fa648600000, 0x00007fa6e35c0000)
  from space 317376K,  38% used [0x00007fa6e35c0000, 0x00007fa6eacb1d48, 0x00007fa6f6bb0000)
  to   space 317376K,   0% used [0x00007fa6f6bb0000, 0x00007fa6f6bb0000, 0x00007fa70a1a0000)
 tenured generation   total 6347972K, used 6334257K [0x00007fb0f30a0000, 0x00007fb2767d1000, 0x00007fc648600000)
   the space 6347972K,  99% used [0x00007fb0f30a0000, 0x00007fb275a6c4d8, 0x00007fb275a6c600, 0x00007fb2767d1000)
 Metaspace       used 24271K, capacity 24635K, committed 24832K, reserved 26624K
}
Event: 2986.568 GC heap before
{Heap before GC invocations=2512 (full 6):
 def new generation   total 2856640K, used 2661063K [0x00007fa648600000, 0x00007fa70a1a0000, 0x00007fb0f30a0000)
  eden space 2539264K, 100% used [0x00007fa648600000, 0x00007fa6e35c0000, 0x00007fa6e35c0000)
  from space 317376K,  38% used [0x00007fa6e35c0000, 0x00007fa6eacb1d48, 0x00007fa6f6bb0000)
  to   space 317376K,   0% used [0x00007fa6f6bb0000, 0x00007fa6f6bb0000, 0x00007fa70a1a0000)
 tenured generation   total 6347972K, used 6334257K [0x00007fb0f30a0000, 0x00007fb2767d1000, 0x00007fc648600000)
   the space 6347972K,  99% used [0x00007fb0f30a0000, 0x00007fb275a6c4d8, 0x00007fb275a6c600, 0x00007fb2767d1000)
 Metaspace       used 24271K, capacity 24635K, committed 24832K, reserved 26624K
}
Event: 2986.662 GC heap after
{Heap after GC invocations=2513 (full 6):
 def new generation   total 2856640K, used 132082K [0x00007fa648600000, 0x00007fa70a1a0000, 0x00007fb0f30a0000)
  eden space 2539264K,   0% used [0x00007fa648600000, 0x00007fa648600000, 0x00007fa6e35c0000)
  from space 317376K,  41% used [0x00007fa6f6bb0000, 0x00007fa6fecac820, 0x00007fa70a1a0000)
  to   space 317376K,   0% used [0x00007fa6e35c0000, 0x00007fa6e35c0000, 0x00007fa6f6bb0000)
 tenured generation   total 6347972K, used 6334257K [0x00007fb0f30a0000, 0x00007fb2767d1000, 0x00007fc648600000)
   the space 6347972K,  99% used [0x00007fb0f30a0000, 0x00007fb275a6c4d8, 0x00007fb275a6c600, 0x00007fb2767d1000)
 Metaspace       used 24271K, capacity 24635K, committed 24832K, reserved 26624K
}
Event: 2988.563 GC heap before
{Heap before GC invocations=2513 (full 6):
 def new generation   total 2856640K, used 2671346K [0x00007fa648600000, 0x00007fa70a1a0000, 0x00007fb0f30a0000)
  eden space 2539264K, 100% used [0x00007fa648600000, 0x00007fa6e35c0000, 0x00007fa6e35c0000)
  from space 317376K,  41% used [0x00007fa6f6bb0000, 0x00007fa6fecac820, 0x00007fa70a1a0000)
  to   space 317376K,   0% used [0x00007fa6e35c0000, 0x00007fa6e35c0000, 0x00007fa6f6bb0000)
 tenured generation   total 6347972K, used 6334257K [0x00007fb0f30a0000, 0x00007fb2767d1000, 0x00007fc648600000)
   the space 6347972K,  99% used [0x00007fb0f30a0000, 0x00007fb275a6c4d8, 0x00007fb275a6c600, 0x00007fb2767d1000)
 Metaspace       used 24271K, capacity 24635K, committed 24832K, reserved 26624K
}
Event: 2988.667 GC heap after
{Heap after GC invocations=2514 (full 6):
 def new generation   total 2856640K, used 101757K [0x00007fa648600000, 0x00007fa70a1a0000, 0x00007fb0f30a0000)
  eden space 2539264K,   0% used [0x00007fa648600000, 0x00007fa648600000, 0x00007fa6e35c0000)
  from space 317376K,  32% used [0x00007fa6e35c0000, 0x00007fa6e991f4f0, 0x00007fa6f6bb0000)
  to   space 317376K,   0% used [0x00007fa6f6bb0000, 0x00007fa6f6bb0000, 0x00007fa70a1a0000)
 tenured generation   total 6364360K, used 6351217K [0x00007fb0f30a0000, 0x00007fb2777d2000, 0x00007fc648600000)
   the space 6364360K,  99% used [0x00007fb0f30a0000, 0x00007fb276afc4d0, 0x00007fb276afc600, 0x00007fb2777d2000)
 Metaspace       used 24271K, capacity 24635K, committed 24832K, reserved 26624K
}
Event: 2988.667 GC heap before
{Heap before GC invocations=2514 (full 6):
 def new generation   total 2856640K, used 101757K [0x00007fa648600000, 0x00007fa70a1a0000, 0x00007fb0f30a0000)
  eden space 2539264K,   0% used [0x00007fa648600000, 0x00007fa648600000, 0x00007fa6e35c0000)
  from space 317376K,  32% used [0x00007fa6e35c0000, 0x00007fa6e991f4f0, 0x00007fa6f6bb0000)
  to   space 317376K,   0% used [0x00007fa6f6bb0000, 0x00007fa6f6bb0000, 0x00007fa70a1a0000)
 tenured generation   total 6364360K, used 6351217K [0x00007fb0f30a0000, 0x00007fb2777d2000, 0x00007fc648600000)
   the space 6364360K,  99% used [0x00007fb0f30a0000, 0x00007fb276afc4d0, 0x00007fb276afc600, 0x00007fb2777d2000)
 Metaspace       used 24271K, capacity 24635K, committed 24832K, reserved 26624K
}

