# JRE version: OpenJDK Runtime Environment (13.0.7+5) (build 13.0.7+5-Ubuntu-0ubuntu120.04)
# Java VM: OpenJDK 64-Bit Server VM (13.0.7+5-Ubuntu-0ubuntu120.04, mixed mode, tiered, serial gc, linux-amd64)
Heap:
 def new generation   total 629248K, used 0K [0x00007f9400600000, 0x00007f942b0c0000, 0x00007f9955b50000)
  eden space 559360K,   0% used [0x00007f9400600000, 0x00007f9400600000, 0x00007f9422840000)
  from space 69888K,   0% used [0x00007f9422840000, 0x00007f9422840000, 0x00007f9426c80000)
  to   space 69888K,   0% used [0x00007f9426c80000, 0x00007f9426c80000, 0x00007f942b0c0000)
 tenured generation   total 9786756K, used 31923K [0x00007f9955b50000, 0x00007f9bab0b1000, 0x00007fa400600000)
   the space 9786756K,   0% used [0x00007f9955b50000, 0x00007f9957a7cd50, 0x00007f9957a7ce00, 0x00007f9bab0b1000)
 Metaspace       used 23109K, capacity 23475K, committed 23552K, reserved 24576K
GC Heap History (20 events):
Event: 4.054 GC heap after
{Heap after GC invocations=1 (full 1):
 def new generation   total 629248K, used 0K [0x00007f9400600000, 0x00007f942b0c0000, 0x00007f9955b50000)
  eden space 559360K,   0% used [0x00007f9400600000, 0x00007f9400600000, 0x00007f9422840000)
  from space 69888K,   0% used [0x00007f9422840000, 0x00007f9422840000, 0x00007f9426c80000)
  to   space 69888K,   0% used [0x00007f9426c80000, 0x00007f9426c80000, 0x00007f942b0c0000)
 tenured generation   total 1398144K, used 13580K [0x00007f9955b50000, 0x00007f99ab0b0000, 0x00007fa400600000)
   the space 1398144K,   0% used [0x00007f9955b50000, 0x00007f9956893278, 0x00007f9956893400, 0x00007f99ab0b0000)
 Metaspace       used 20852K, capacity 21156K, committed 21248K, reserved 22528K
}
Event: 5.872 GC heap before
{Heap before GC invocations=1 (full 1):
 def new generation   total 629248K, used 559360K [0x00007f9400600000, 0x00007f942b0c0000, 0x00007f9955b50000)
  eden space 559360K, 100% used [0x00007f9400600000, 0x00007f9422840000, 0x00007f9422840000)
  from space 69888K,   0% used [0x00007f9422840000, 0x00007f9422840000, 0x00007f9426c80000)
  to   space 69888K,   0% used [0x00007f9426c80000, 0x00007f9426c80000, 0x00007f942b0c0000)
 tenured generation   total 1398144K, used 13580K [0x00007f9955b50000, 0x00007f99ab0b0000, 0x00007fa400600000)
   the space 1398144K,   0% used [0x00007f9955b50000, 0x00007f9956893278, 0x00007f9956893400, 0x00007f99ab0b0000)
 Metaspace       used 22830K, capacity 23175K, committed 23296K, reserved 24576K
}
Event: 5.879 GC heap after
{Heap after GC invocations=2 (full 1):
 def new generation   total 629248K, used 741K [0x00007f9400600000, 0x00007f942b0c0000, 0x00007f9955b50000)
  eden space 559360K,   0% used [0x00007f9400600000, 0x00007f9400600000, 0x00007f9422840000)
  from space 69888K,   1% used [0x00007f9426c80000, 0x00007f9426d39670, 0x00007f942b0c0000)
  to   space 69888K,   0% used [0x00007f9422840000, 0x00007f9422840000, 0x00007f9426c80000)
 tenured generation   total 1398144K, used 13580K [0x00007f9955b50000, 0x00007f99ab0b0000, 0x00007fa400600000)
   the space 1398144K,   0% used [0x00007f9955b50000, 0x00007f9956893278, 0x00007f9956893400, 0x00007f99ab0b0000)
 Metaspace       used 22830K, capacity 23175K, committed 23296K, reserved 24576K
}
Event: 6.542 GC heap before
{Heap before GC invocations=2 (full 1):
 def new generation   total 629248K, used 369420K [0x00007f9400600000, 0x00007f942b0c0000, 0x00007f9955b50000)
  eden space 559360K,  65% used [0x00007f9400600000, 0x00007f9416e09ae0, 0x00007f9422840000)
  from space 69888K,   1% used [0x00007f9426c80000, 0x00007f9426d39670, 0x00007f942b0c0000)
  to   space 69888K,   0% used [0x00007f9422840000, 0x00007f9422840000, 0x00007f9426c80000)
 tenured generation   total 1398144K, used 13580K [0x00007f9955b50000, 0x00007f99ab0b0000, 0x00007fa400600000)
   the space 1398144K,   0% used [0x00007f9955b50000, 0x00007f9956893278, 0x00007f9956893400, 0x00007f99ab0b0000)
 Metaspace       used 22998K, capacity 23380K, committed 23552K, reserved 24576K
}
Event: 6.545 GC heap after
{Heap after GC invocations=3 (full 1):
 def new generation   total 629248K, used 1070K [0x00007f9400600000, 0x00007f942b0c0000, 0x00007f9955b50000)
  eden space 559360K,   0% used [0x00007f9400600000, 0x00007f9400600000, 0x00007f9422840000)
  from space 69888K,   1% used [0x00007f9422840000, 0x00007f942294b830, 0x00007f9426c80000)
  to   space 69888K,   0% used [0x00007f9426c80000, 0x00007f9426c80000, 0x00007f942b0c0000)
 tenured generation   total 1398144K, used 13580K [0x00007f9955b50000, 0x00007f99ab0b0000, 0x00007fa400600000)
   the space 1398144K,   0% used [0x00007f9955b50000, 0x00007f9956893278, 0x00007f9956893400, 0x00007f99ab0b0000)
 Metaspace       used 22998K, capacity 23380K, committed 23552K, reserved 24576K
}
Event: 6.545 GC heap before
{Heap before GC invocations=3 (full 1):
 def new generation   total 629248K, used 1070K [0x00007f9400600000, 0x00007f942b0c0000, 0x00007f9955b50000)
  eden space 559360K,   0% used [0x00007f9400600000, 0x00007f9400600000, 0x00007f9422840000)
  from space 69888K,   1% used [0x00007f9422840000, 0x00007f942294b830, 0x00007f9426c80000)
  to   space 69888K,   0% used [0x00007f9426c80000, 0x00007f9426c80000, 0x00007f942b0c0000)
 tenured generation   total 1398144K, used 13580K [0x00007f9955b50000, 0x00007f99ab0b0000, 0x00007fa400600000)
   the space 1398144K,   0% used [0x00007f9955b50000, 0x00007f9956893278, 0x00007f9956893400, 0x00007f99ab0b0000)
 Metaspace       used 22998K, capacity 23380K, committed 23552K, reserved 24576K
}
Event: 6.572 GC heap after
{Heap after GC invocations=3 (full 2):
 def new generation   total 629248K, used 0K [0x00007f9400600000, 0x00007f942b0c0000, 0x00007f9955b50000)
  eden space 559360K,   0% used [0x00007f9400600000, 0x00007f9400600000, 0x00007f9422840000)
  from space 69888K,   0% used [0x00007f9422840000, 0x00007f9422840000, 0x00007f9426c80000)
  to   space 69888K,   0% used [0x00007f9426c80000, 0x00007f9426c80000, 0x00007f942b0c0000)
 tenured generation   total 1398144K, used 14650K [0x00007f9955b50000, 0x00007f99ab0b0000, 0x00007fa400600000)
   the space 1398144K,   1% used [0x00007f9955b50000, 0x00007f995699e930, 0x00007f995699ea00, 0x00007f99ab0b0000)
 Metaspace       used 22998K, capacity 23380K, committed 23552K, reserved 24576K
}
Event: 13.315 GC heap before
{Heap before GC invocations=3 (full 2):
 def new generation   total 629248K, used 559360K [0x00007f9400600000, 0x00007f942b0c0000, 0x00007f9955b50000)
  eden space 559360K, 100% used [0x00007f9400600000, 0x00007f9422840000, 0x00007f9422840000)
  from space 69888K,   0% used [0x00007f9422840000, 0x00007f9422840000, 0x00007f9426c80000)
  to   space 69888K,   0% used [0x00007f9426c80000, 0x00007f9426c80000, 0x00007f942b0c0000)
 tenured generation   total 9786756K, used 8403258K [0x00007f9955b50000, 0x00007f9bab0b1000, 0x00007fa400600000)
   the space 9786756K,  85% used [0x00007f9955b50000, 0x00007f9b5699e948, 0x00007f9b5699ea00, 0x00007f9bab0b1000)
 Metaspace       used 23063K, capacity 23401K, committed 23552K, reserved 24576K
}
Event: 13.341 GC heap after
{Heap after GC invocations=4 (full 2):
 def new generation   total 629248K, used 492K [0x00007f9400600000, 0x00007f942b0c0000, 0x00007f9955b50000)
  eden space 559360K,   0% used [0x00007f9400600000, 0x00007f9400600000, 0x00007f9422840000)
  from space 69888K,   0% used [0x00007f9426c80000, 0x00007f9426cfb0b0, 0x00007f942b0c0000)
  to   space 69888K,   0% used [0x00007f9422840000, 0x00007f9422840000, 0x00007f9426c80000)
 tenured generation   total 9786756K, used 8403258K [0x00007f9955b50000, 0x00007f9bab0b1000, 0x00007fa400600000)
   the space 9786756K,  85% used [0x00007f9955b50000, 0x00007f9b5699e948, 0x00007f9b5699ea00, 0x00007f9bab0b1000)
 Metaspace       used 23063K, capacity 23401K, committed 23552K, reserved 24576K
}
Event: 13.884 GC heap before
{Heap before GC invocations=4 (full 2):
 def new generation   total 629248K, used 456452K [0x00007f9400600000, 0x00007f942b0c0000, 0x00007f9955b50000)
  eden space 559360K,  81% used [0x00007f9400600000, 0x00007f941c3460e0, 0x00007f9422840000)
  from space 69888K,   0% used [0x00007f9426c80000, 0x00007f9426cfb0b0, 0x00007f942b0c0000)
  to   space 69888K,   0% used [0x00007f9422840000, 0x00007f9422840000, 0x00007f9426c80000)
 tenured generation   total 9786756K, used 8403258K [0x00007f9955b50000, 0x00007f9bab0b1000, 0x00007fa400600000)
   the space 9786756K,  85% used [0x00007f9955b50000, 0x00007f9b5699e948, 0x00007f9b5699ea00, 0x00007f9bab0b1000)
 Metaspace       used 23076K, capacity 23401K, committed 23552K, reserved 24576K
}
Event: 13.906 GC heap after
{Heap after GC invocations=5 (full 2):
 def new generation   total 629248K, used 17217K [0x00007f9400600000, 0x00007f942b0c0000, 0x00007f9955b50000)
  eden space 559360K,   0% used [0x00007f9400600000, 0x00007f9400600000, 0x00007f9422840000)
  from space 69888K,  24% used [0x00007f9422840000, 0x00007f9423910650, 0x00007f9426c80000)
  to   space 69888K,   0% used [0x00007f9426c80000, 0x00007f9426c80000, 0x00007f942b0c0000)
 tenured generation   total 9786756K, used 8403258K [0x00007f9955b50000, 0x00007f9bab0b1000, 0x00007fa400600000)
   the space 9786756K,  85% used [0x00007f9955b50000, 0x00007f9b5699e948, 0x00007f9b5699ea00, 0x00007f9bab0b1000)
 Metaspace       used 23076K, capacity 23401K, committed 23552K, reserved 24576K
}
Event: 14.294 GC heap before
{Heap before GC invocations=5 (full 2):
 def new generation   total 629248K, used 552459K [0x00007f9400600000, 0x00007f942b0c0000, 0x00007f9955b50000)
  eden space 559360K,  95% used [0x00007f9400600000, 0x00007f94210b27f0, 0x00007f9422840000)
  from space 69888K,  24% used [0x00007f9422840000, 0x00007f9423910650, 0x00007f9426c80000)
  to   space 69888K,   0% used [0x00007f9426c80000, 0x00007f9426c80000, 0x00007f942b0c0000)
 tenured generation   total 9786756K, used 8403258K [0x00007f9955b50000, 0x00007f9bab0b1000, 0x00007fa400600000)
   the space 9786756K,  85% used [0x00007f9955b50000, 0x00007f9b5699e948, 0x00007f9b5699ea00, 0x00007f9bab0b1000)
 Metaspace       used 23076K, capacity 23401K, committed 23552K, reserved 24576K
}
Event: 14.625 GC heap after
{Heap after GC invocations=6 (full 2):
 def new generation   total 629248K, used 831K [0x00007f9400600000, 0x00007f942b0c0000, 0x00007f9955b50000)
  eden space 559360K,   0% used [0x00007f9400600000, 0x00007f9400600000, 0x00007f9422840000)
  from space 69888K,   1% used [0x00007f9426c80000, 0x00007f9426d4ffd8, 0x00007f942b0c0000)
  to   space 69888K,   0% used [0x00007f9422840000, 0x00007f9422840000, 0x00007f9426c80000)
 tenured generation   total 9786756K, used 8927546K [0x00007f9955b50000, 0x00007f9bab0b1000, 0x00007fa400600000)
   the space 9786756K,  91% used [0x00007f9955b50000, 0x00007f9b7699e960, 0x00007f9b7699ea00, 0x00007f9bab0b1000)
 Metaspace       used 23076K, capacity 23401K, committed 23552K, reserved 24576K
}
Event: 15.018 GC heap before
{Heap before GC invocations=6 (full 2):
 def new generation   total 629248K, used 560191K [0x00007f9400600000, 0x00007f942b0c0000, 0x00007f9955b50000)
  eden space 559360K, 100% used [0x00007f9400600000, 0x00007f9422840000, 0x00007f9422840000)
  from space 69888K,   1% used [0x00007f9426c80000, 0x00007f9426d4ffd8, 0x00007f942b0c0000)
  to   space 69888K,   0% used [0x00007f9422840000, 0x00007f9422840000, 0x00007f9426c80000)
 tenured generation   total 9786756K, used 8927546K [0x00007f9955b50000, 0x00007f9bab0b1000, 0x00007fa400600000)
   the space 9786756K,  91% used [0x00007f9955b50000, 0x00007f9b7699e960, 0x00007f9b7699ea00, 0x00007f9bab0b1000)
 Metaspace       used 23103K, capacity 23474K, committed 23552K, reserved 24576K
}
Event: 15.023 GC heap after
{Heap after GC invocations=7 (full 2):
 def new generation   total 629248K, used 863K [0x00007f9400600000, 0x00007f942b0c0000, 0x00007f9955b50000)
  eden space 559360K,   0% used [0x00007f9400600000, 0x00007f9400600000, 0x00007f9422840000)
  from space 69888K,   1% used [0x00007f9422840000, 0x00007f9422917c20, 0x00007f9426c80000)
  to   space 69888K,   0% used [0x00007f9426c80000, 0x00007f9426c80000, 0x00007f942b0c0000)
 tenured generation   total 9786756K, used 8927546K [0x00007f9955b50000, 0x00007f9bab0b1000, 0x00007fa400600000)
   the space 9786756K,  91% used [0x00007f9955b50000, 0x00007f9b7699e960, 0x00007f9b7699ea00, 0x00007f9bab0b1000)
 Metaspace       used 23103K, capacity 23474K, committed 23552K, reserved 24576K
}
Event: 15.699 GC heap before
{Heap before GC invocations=7 (full 2):
 def new generation   total 629248K, used 557002K [0x00007f9400600000, 0x00007f942b0c0000, 0x00007f9955b50000)
  eden space 559360K,  99% used [0x00007f9400600000, 0x00007f942251ace0, 0x00007f9422840000)
  from space 69888K,   1% used [0x00007f9422840000, 0x00007f9422917c20, 0x00007f9426c80000)
  to   space 69888K,   0% used [0x00007f9426c80000, 0x00007f9426c80000, 0x00007f942b0c0000)
 tenured generation   total 9786756K, used 8927546K [0x00007f9955b50000, 0x00007f9bab0b1000, 0x00007fa400600000)
   the space 9786756K,  91% used [0x00007f9955b50000, 0x00007f9b7699e960, 0x00007f9b7699ea00, 0x00007f9bab0b1000)
 Metaspace       used 23107K, capacity 23475K, committed 23552K, reserved 24576K
}
Event: 15.709 GC heap after
{Heap after GC invocations=8 (full 2):
 def new generation   total 629248K, used 4914K [0x00007f9400600000, 0x00007f942b0c0000, 0x00007f9955b50000)
  eden space 559360K,   0% used [0x00007f9400600000, 0x00007f9400600000, 0x00007f9422840000)
  from space 69888K,   7% used [0x00007f9426c80000, 0x00007f942714cb70, 0x00007f942b0c0000)
  to   space 69888K,   0% used [0x00007f9422840000, 0x00007f9422840000, 0x00007f9426c80000)
 tenured generation   total 9786756K, used 8927546K [0x00007f9955b50000, 0x00007f9bab0b1000, 0x00007fa400600000)
   the space 9786756K,  91% used [0x00007f9955b50000, 0x00007f9b7699e960, 0x00007f9b7699ea00, 0x00007f9bab0b1000)
 Metaspace       used 23107K, capacity 23475K, committed 23552K, reserved 24576K
}
Event: 15.976 GC heap before
{Heap before GC invocations=8 (full 2):
 def new generation   total 629248K, used 186704K [0x00007f9400600000, 0x00007f942b0c0000, 0x00007f9955b50000)
  eden space 559360K,  32% used [0x00007f9400600000, 0x00007f940b787788, 0x00007f9422840000)
  from space 69888K,   7% used [0x00007f9426c80000, 0x00007f942714cb70, 0x00007f942b0c0000)
  to   space 69888K,   0% used [0x00007f9422840000, 0x00007f9422840000, 0x00007f9426c80000)
 tenured generation   total 9786756K, used 8927546K [0x00007f9955b50000, 0x00007f9bab0b1000, 0x00007fa400600000)
   the space 9786756K,  91% used [0x00007f9955b50000, 0x00007f9b7699e960, 0x00007f9b7699ea00, 0x00007f9bab0b1000)
 Metaspace       used 23109K, capacity 23475K, committed 23552K, reserved 24576K
}
Event: 15.985 GC heap after
{Heap after GC invocations=9 (full 2):
 def new generation   total 629248K, used 17273K [0x00007f9400600000, 0x00007f942b0c0000, 0x00007f9955b50000)
  eden space 559360K,   0% used [0x00007f9400600000, 0x00007f9400600000, 0x00007f9422840000)
  from space 69888K,  24% used [0x00007f9422840000, 0x00007f942391e420, 0x00007f9426c80000)
  to   space 69888K,   0% used [0x00007f9426c80000, 0x00007f9426c80000, 0x00007f942b0c0000)
 tenured generation   total 9786756K, used 8927546K [0x00007f9955b50000, 0x00007f9bab0b1000, 0x00007fa400600000)
   the space 9786756K,  91% used [0x00007f9955b50000, 0x00007f9b7699e960, 0x00007f9b7699ea00, 0x00007f9bab0b1000)
 Metaspace       used 23109K, capacity 23475K, committed 23552K, reserved 24576K
}
Event: 15.985 GC heap before
{Heap before GC invocations=9 (full 2):
 def new generation   total 629248K, used 17273K [0x00007f9400600000, 0x00007f942b0c0000, 0x00007f9955b50000)
  eden space 559360K,   0% used [0x00007f9400600000, 0x00007f9400600000, 0x00007f9422840000)
  from space 69888K,  24% used [0x00007f9422840000, 0x00007f942391e420, 0x00007f9426c80000)
  to   space 69888K,   0% used [0x00007f9426c80000, 0x00007f9426c80000, 0x00007f942b0c0000)
 tenured generation   total 9786756K, used 8927546K [0x00007f9955b50000, 0x00007f9bab0b1000, 0x00007fa400600000)
   the space 9786756K,  91% used [0x00007f9955b50000, 0x00007f9b7699e960, 0x00007f9b7699ea00, 0x00007f9bab0b1000)
 Metaspace       used 23109K, capacity 23475K, committed 23552K, reserved 24576K
}

