# JRE version: OpenJDK Runtime Environment (13.0.7+5) (build 13.0.7+5-Ubuntu-0ubuntu120.04)
# Java VM: OpenJDK 64-Bit Server VM (13.0.7+5-Ubuntu-0ubuntu120.04, mixed mode, tiered, serial gc, linux-amd64)
Heap:
 def new generation   total 9143936K, used 0K [0x00007f2fc8600000, 0x00007f32347c0000, 0x00007f351db50000)
  eden space 8128000K,   0% used [0x00007f2fc8600000, 0x00007f2fc8600000, 0x00007f31b8780000)
  from space 1015936K,   0% used [0x00007f31f67a0000, 0x00007f31f67a0000, 0x00007f32347c0000)
  to   space 1015936K,   0% used [0x00007f31b8780000, 0x00007f31b8780000, 0x00007f31f67a0000)
 tenured generation   total 20355908K, used 19736236K [0x00007f351db50000, 0x00007f39f8221000, 0x00007f3fc8600000)
   the space 20355908K,  96% used [0x00007f351db50000, 0x00007f39d24fb318, 0x00007f39d24fb400, 0x00007f39f8221000)
 Metaspace       used 30404K, capacity 30847K, committed 31232K, reserved 32768K
GC Heap History (20 events):
Event: 1121.404 GC heap after
{Heap after GC invocations=90 (full 6):
 def new generation   total 9143936K, used 944544K [0x00007f2fc8600000, 0x00007f32347c0000, 0x00007f351db50000)
  eden space 8128000K,   0% used [0x00007f2fc8600000, 0x00007f2fc8600000, 0x00007f31b8780000)
  from space 1015936K,  92% used [0x00007f31b8780000, 0x00007f31f21e8358, 0x00007f31f67a0000)
  to   space 1015936K,   0% used [0x00007f31f67a0000, 0x00007f31f67a0000, 0x00007f32347c0000)
 tenured generation   total 20319620K, used 14226363K [0x00007f351db50000, 0x00007f39f5eb1000, 0x00007f3fc8600000)
   the space 20319620K,  70% used [0x00007f351db50000, 0x00007f388203ef58, 0x00007f388203f000, 0x00007f39f5eb1000)
 Metaspace       used 30404K, capacity 30847K, committed 31232K, reserved 32768K
}
Event: 1123.836 GC heap before
{Heap before GC invocations=90 (full 6):
 def new generation   total 9143936K, used 9072544K [0x00007f2fc8600000, 0x00007f32347c0000, 0x00007f351db50000)
  eden space 8128000K, 100% used [0x00007f2fc8600000, 0x00007f31b8780000, 0x00007f31b8780000)
  from space 1015936K,  92% used [0x00007f31b8780000, 0x00007f31f21e8358, 0x00007f31f67a0000)
  to   space 1015936K,   0% used [0x00007f31f67a0000, 0x00007f31f67a0000, 0x00007f32347c0000)
 tenured generation   total 20319620K, used 14226363K [0x00007f351db50000, 0x00007f39f5eb1000, 0x00007f3fc8600000)
   the space 20319620K,  70% used [0x00007f351db50000, 0x00007f388203ef58, 0x00007f388203f000, 0x00007f39f5eb1000)
 Metaspace       used 30404K, capacity 30847K, committed 31232K, reserved 32768K
}
Event: 1126.208 GC heap after
{Heap after GC invocations=91 (full 6):
 def new generation   total 9143936K, used 606474K [0x00007f2fc8600000, 0x00007f32347c0000, 0x00007f351db50000)
  eden space 8128000K,   0% used [0x00007f2fc8600000, 0x00007f2fc8600000, 0x00007f31b8780000)
  from space 1015936K,  59% used [0x00007f31f67a0000, 0x00007f321b7e2b30, 0x00007f32347c0000)
  to   space 1015936K,   0% used [0x00007f31b8780000, 0x00007f31b8780000, 0x00007f31f67a0000)
 tenured generation   total 20319620K, used 15170907K [0x00007f351db50000, 0x00007f39f5eb1000, 0x00007f3fc8600000)
   the space 20319620K,  74% used [0x00007f351db50000, 0x00007f38bbaa6f20, 0x00007f38bbaa7000, 0x00007f39f5eb1000)
 Metaspace       used 30404K, capacity 30847K, committed 31232K, reserved 32768K
}
Event: 1128.604 GC heap before
{Heap before GC invocations=91 (full 6):
 def new generation   total 9143936K, used 8734474K [0x00007f2fc8600000, 0x00007f32347c0000, 0x00007f351db50000)
  eden space 8128000K, 100% used [0x00007f2fc8600000, 0x00007f31b8780000, 0x00007f31b8780000)
  from space 1015936K,  59% used [0x00007f31f67a0000, 0x00007f321b7e2b30, 0x00007f32347c0000)
  to   space 1015936K,   0% used [0x00007f31b8780000, 0x00007f31b8780000, 0x00007f31f67a0000)
 tenured generation   total 20319620K, used 15170907K [0x00007f351db50000, 0x00007f39f5eb1000, 0x00007f3fc8600000)
   the space 20319620K,  74% used [0x00007f351db50000, 0x00007f38bbaa6f20, 0x00007f38bbaa7000, 0x00007f39f5eb1000)
 Metaspace       used 30404K, capacity 30847K, committed 31232K, reserved 32768K
}
Event: 1130.588 GC heap after
{Heap after GC invocations=92 (full 6):
 def new generation   total 9143936K, used 602967K [0x00007f2fc8600000, 0x00007f32347c0000, 0x00007f351db50000)
  eden space 8128000K,   0% used [0x00007f2fc8600000, 0x00007f2fc8600000, 0x00007f31b8780000)
  from space 1015936K,  59% used [0x00007f31b8780000, 0x00007f31dd455f50, 0x00007f31f67a0000)
  to   space 1015936K,   0% used [0x00007f31f67a0000, 0x00007f31f67a0000, 0x00007f32347c0000)
 tenured generation   total 20319620K, used 15777382K [0x00007f351db50000, 0x00007f39f5eb1000, 0x00007f3fc8600000)
   the space 20319620K,  77% used [0x00007f351db50000, 0x00007f38e0ae9890, 0x00007f38e0ae9a00, 0x00007f39f5eb1000)
 Metaspace       used 30404K, capacity 30847K, committed 31232K, reserved 32768K
}
Event: 1133.092 GC heap before
{Heap before GC invocations=92 (full 6):
 def new generation   total 9143936K, used 8730967K [0x00007f2fc8600000, 0x00007f32347c0000, 0x00007f351db50000)
  eden space 8128000K, 100% used [0x00007f2fc8600000, 0x00007f31b8780000, 0x00007f31b8780000)
  from space 1015936K,  59% used [0x00007f31b8780000, 0x00007f31dd455f50, 0x00007f31f67a0000)
  to   space 1015936K,   0% used [0x00007f31f67a0000, 0x00007f31f67a0000, 0x00007f32347c0000)
 tenured generation   total 20319620K, used 15777382K [0x00007f351db50000, 0x00007f39f5eb1000, 0x00007f3fc8600000)
   the space 20319620K,  77% used [0x00007f351db50000, 0x00007f38e0ae9890, 0x00007f38e0ae9a00, 0x00007f39f5eb1000)
 Metaspace       used 30404K, capacity 30847K, committed 31232K, reserved 32768K
}
Event: 1134.932 GC heap after
{Heap after GC invocations=93 (full 6):
 def new generation   total 9143936K, used 613846K [0x00007f2fc8600000, 0x00007f32347c0000, 0x00007f351db50000)
  eden space 8128000K,   0% used [0x00007f2fc8600000, 0x00007f2fc8600000, 0x00007f31b8780000)
  from space 1015936K,  60% used [0x00007f31f67a0000, 0x00007f321bf15bd0, 0x00007f32347c0000)
  to   space 1015936K,   0% used [0x00007f31b8780000, 0x00007f31b8780000, 0x00007f31f67a0000)
 tenured generation   total 20319620K, used 16380349K [0x00007f351db50000, 0x00007f39f5eb1000, 0x00007f3fc8600000)
   the space 20319620K,  80% used [0x00007f351db50000, 0x00007f39057bf4a0, 0x00007f39057bf600, 0x00007f39f5eb1000)
 Metaspace       used 30404K, capacity 30847K, committed 31232K, reserved 32768K
}
Event: 1137.356 GC heap before
{Heap before GC invocations=93 (full 6):
 def new generation   total 9143936K, used 8741846K [0x00007f2fc8600000, 0x00007f32347c0000, 0x00007f351db50000)
  eden space 8128000K, 100% used [0x00007f2fc8600000, 0x00007f31b8780000, 0x00007f31b8780000)
  from space 1015936K,  60% used [0x00007f31f67a0000, 0x00007f321bf15bd0, 0x00007f32347c0000)
  to   space 1015936K,   0% used [0x00007f31b8780000, 0x00007f31b8780000, 0x00007f31f67a0000)
 tenured generation   total 20319620K, used 16380349K [0x00007f351db50000, 0x00007f39f5eb1000, 0x00007f3fc8600000)
   the space 20319620K,  80% used [0x00007f351db50000, 0x00007f39057bf4a0, 0x00007f39057bf600, 0x00007f39f5eb1000)
 Metaspace       used 30404K, capacity 30847K, committed 31232K, reserved 32768K
}
Event: 1139.202 GC heap after
{Heap after GC invocations=94 (full 6):
 def new generation   total 9143936K, used 598409K [0x00007f2fc8600000, 0x00007f32347c0000, 0x00007f351db50000)
  eden space 8128000K,   0% used [0x00007f2fc8600000, 0x00007f2fc8600000, 0x00007f31b8780000)
  from space 1015936K,  58% used [0x00007f31b8780000, 0x00007f31dcfe27f0, 0x00007f31f67a0000)
  to   space 1015936K,   0% used [0x00007f31f67a0000, 0x00007f31f67a0000, 0x00007f32347c0000)
 tenured generation   total 20319620K, used 16994195K [0x00007f351db50000, 0x00007f39f5eb1000, 0x00007f3fc8600000)
   the space 20319620K,  83% used [0x00007f351db50000, 0x00007f392af34e60, 0x00007f392af35000, 0x00007f39f5eb1000)
 Metaspace       used 30404K, capacity 30847K, committed 31232K, reserved 32768K
}
Event: 1141.584 GC heap before
{Heap before GC invocations=94 (full 6):
 def new generation   total 9143936K, used 8726409K [0x00007f2fc8600000, 0x00007f32347c0000, 0x00007f351db50000)
  eden space 8128000K, 100% used [0x00007f2fc8600000, 0x00007f31b8780000, 0x00007f31b8780000)
  from space 1015936K,  58% used [0x00007f31b8780000, 0x00007f31dcfe27f0, 0x00007f31f67a0000)
  to   space 1015936K,   0% used [0x00007f31f67a0000, 0x00007f31f67a0000, 0x00007f32347c0000)
 tenured generation   total 20319620K, used 16994195K [0x00007f351db50000, 0x00007f39f5eb1000, 0x00007f3fc8600000)
   the space 20319620K,  83% used [0x00007f351db50000, 0x00007f392af34e60, 0x00007f392af35000, 0x00007f39f5eb1000)
 Metaspace       used 30404K, capacity 30847K, committed 31232K, reserved 32768K
}
Event: 1143.474 GC heap after
{Heap after GC invocations=95 (full 6):
 def new generation   total 9143936K, used 596872K [0x00007f2fc8600000, 0x00007f32347c0000, 0x00007f351db50000)
  eden space 8128000K,   0% used [0x00007f2fc8600000, 0x00007f2fc8600000, 0x00007f31b8780000)
  from space 1015936K,  58% used [0x00007f31f67a0000, 0x00007f321ae82200, 0x00007f32347c0000)
  to   space 1015936K,   0% used [0x00007f31b8780000, 0x00007f31b8780000, 0x00007f31f67a0000)
 tenured generation   total 20319620K, used 17592604K [0x00007f351db50000, 0x00007f39f5eb1000, 0x00007f3fc8600000)
   the space 20319620K,  86% used [0x00007f351db50000, 0x00007f394f7973d0, 0x00007f394f797400, 0x00007f39f5eb1000)
 Metaspace       used 30404K, capacity 30847K, committed 31232K, reserved 32768K
}
Event: 1145.904 GC heap before
{Heap before GC invocations=95 (full 6):
 def new generation   total 9143936K, used 8724872K [0x00007f2fc8600000, 0x00007f32347c0000, 0x00007f351db50000)
  eden space 8128000K, 100% used [0x00007f2fc8600000, 0x00007f31b8780000, 0x00007f31b8780000)
  from space 1015936K,  58% used [0x00007f31f67a0000, 0x00007f321ae82200, 0x00007f32347c0000)
  to   space 1015936K,   0% used [0x00007f31b8780000, 0x00007f31b8780000, 0x00007f31f67a0000)
 tenured generation   total 20319620K, used 17592604K [0x00007f351db50000, 0x00007f39f5eb1000, 0x00007f3fc8600000)
   the space 20319620K,  86% used [0x00007f351db50000, 0x00007f394f7973d0, 0x00007f394f797400, 0x00007f39f5eb1000)
 Metaspace       used 30404K, capacity 30847K, committed 31232K, reserved 32768K
}
Event: 1147.937 GC heap after
{Heap after GC invocations=96 (full 6):
 def new generation   total 9143936K, used 698531K [0x00007f2fc8600000, 0x00007f32347c0000, 0x00007f351db50000)
  eden space 8128000K,   0% used [0x00007f2fc8600000, 0x00007f2fc8600000, 0x00007f31b8780000)
  from space 1015936K,  68% used [0x00007f31b8780000, 0x00007f31e31a8de8, 0x00007f31f67a0000)
  to   space 1015936K,   0% used [0x00007f31f67a0000, 0x00007f31f67a0000, 0x00007f32347c0000)
 tenured generation   total 20319620K, used 18189477K [0x00007f351db50000, 0x00007f39f5eb1000, 0x00007f3fc8600000)
   the space 20319620K,  89% used [0x00007f351db50000, 0x00007f3973e79450, 0x00007f3973e79600, 0x00007f39f5eb1000)
 Metaspace       used 30404K, capacity 30847K, committed 31232K, reserved 32768K
}
Event: 1150.536 GC heap before
{Heap before GC invocations=96 (full 6):
 def new generation   total 9143936K, used 8826531K [0x00007f2fc8600000, 0x00007f32347c0000, 0x00007f351db50000)
  eden space 8128000K, 100% used [0x00007f2fc8600000, 0x00007f31b8780000, 0x00007f31b8780000)
  from space 1015936K,  68% used [0x00007f31b8780000, 0x00007f31e31a8de8, 0x00007f31f67a0000)
  to   space 1015936K,   0% used [0x00007f31f67a0000, 0x00007f31f67a0000, 0x00007f32347c0000)
 tenured generation   total 20319620K, used 18189477K [0x00007f351db50000, 0x00007f39f5eb1000, 0x00007f3fc8600000)
   the space 20319620K,  89% used [0x00007f351db50000, 0x00007f3973e79450, 0x00007f3973e79600, 0x00007f39f5eb1000)
 Metaspace       used 30404K, capacity 30847K, committed 31232K, reserved 32768K
}
Event: 1152.938 GC heap after
{Heap after GC invocations=97 (full 6):
 def new generation   total 9143936K, used 811336K [0x00007f2fc8600000, 0x00007f32347c0000, 0x00007f351db50000)
  eden space 8128000K,   0% used [0x00007f2fc8600000, 0x00007f2fc8600000, 0x00007f31b8780000)
  from space 1015936K,  79% used [0x00007f31f67a0000, 0x00007f3227ff2368, 0x00007f32347c0000)
  to   space 1015936K,   0% used [0x00007f31b8780000, 0x00007f31b8780000, 0x00007f31f67a0000)
 tenured generation   total 20319620K, used 18888008K [0x00007f351db50000, 0x00007f39f5eb1000, 0x00007f3fc8600000)
   the space 20319620K,  92% used [0x00007f351db50000, 0x00007f399e8a2238, 0x00007f399e8a2400, 0x00007f39f5eb1000)
 Metaspace       used 30404K, capacity 30847K, committed 31232K, reserved 32768K
}
Event: 1155.542 GC heap before
{Heap before GC invocations=97 (full 6):
 def new generation   total 9143936K, used 8939336K [0x00007f2fc8600000, 0x00007f32347c0000, 0x00007f351db50000)
  eden space 8128000K, 100% used [0x00007f2fc8600000, 0x00007f31b8780000, 0x00007f31b8780000)
  from space 1015936K,  79% used [0x00007f31f67a0000, 0x00007f3227ff2368, 0x00007f32347c0000)
  to   space 1015936K,   0% used [0x00007f31b8780000, 0x00007f31b8780000, 0x00007f31f67a0000)
 tenured generation   total 20319620K, used 18888008K [0x00007f351db50000, 0x00007f39f5eb1000, 0x00007f3fc8600000)
   the space 20319620K,  92% used [0x00007f351db50000, 0x00007f399e8a2238, 0x00007f399e8a2400, 0x00007f39f5eb1000)
 Metaspace       used 30404K, capacity 30847K, committed 31232K, reserved 32768K
}
Event: 1157.945 GC heap after
{Heap after GC invocations=98 (full 6):
 def new generation   total 9143936K, used 656560K [0x00007f2fc8600000, 0x00007f32347c0000, 0x00007f351db50000)
  eden space 8128000K,   0% used [0x00007f2fc8600000, 0x00007f2fc8600000, 0x00007f31b8780000)
  from space 1015936K,  64% used [0x00007f31b8780000, 0x00007f31e08ac340, 0x00007f31f67a0000)
  to   space 1015936K,   0% used [0x00007f31f67a0000, 0x00007f31f67a0000, 0x00007f32347c0000)
 tenured generation   total 20319620K, used 19699344K [0x00007f351db50000, 0x00007f39f5eb1000, 0x00007f3fc8600000)
   the space 20319620K,  96% used [0x00007f351db50000, 0x00007f39d00f4280, 0x00007f39d00f4400, 0x00007f39f5eb1000)
 Metaspace       used 30404K, capacity 30847K, committed 31232K, reserved 32768K
}
Event: 1160.703 GC heap before
{Heap before GC invocations=98 (full 6):
 def new generation   total 9143936K, used 8784560K [0x00007f2fc8600000, 0x00007f32347c0000, 0x00007f351db50000)
  eden space 8128000K, 100% used [0x00007f2fc8600000, 0x00007f31b8780000, 0x00007f31b8780000)
  from space 1015936K,  64% used [0x00007f31b8780000, 0x00007f31e08ac340, 0x00007f31f67a0000)
  to   space 1015936K,   0% used [0x00007f31f67a0000, 0x00007f31f67a0000, 0x00007f32347c0000)
 tenured generation   total 20319620K, used 19699344K [0x00007f351db50000, 0x00007f39f5eb1000, 0x00007f3fc8600000)
   the space 20319620K,  96% used [0x00007f351db50000, 0x00007f39d00f4280, 0x00007f39d00f4400, 0x00007f39f5eb1000)
 Metaspace       used 30404K, capacity 30847K, committed 31232K, reserved 32768K
}
Event: 1163.008 GC heap after
{Heap after GC invocations=99 (full 6):
 def new generation   total 9143936K, used 661580K [0x00007f2fc8600000, 0x00007f32347c0000, 0x00007f351db50000)
  eden space 8128000K,   0% used [0x00007f2fc8600000, 0x00007f2fc8600000, 0x00007f31b8780000)
  from space 1015936K,  65% used [0x00007f31f67a0000, 0x00007f321edb31f0, 0x00007f32347c0000)
  to   space 1015936K,   0% used [0x00007f31b8780000, 0x00007f31b8780000, 0x00007f31f67a0000)
 tenured generation   total 20355908K, used 20355904K [0x00007f351db50000, 0x00007f39f8221000, 0x00007f3fc8600000)
   the space 20355908K,  99% used [0x00007f351db50000, 0x00007f39f82203f0, 0x00007f39f8220400, 0x00007f39f8221000)
 Metaspace       used 30404K, capacity 30847K, committed 31232K, reserved 32768K
}
Event: 1163.008 GC heap before
{Heap before GC invocations=99 (full 6):
 def new generation   total 9143936K, used 661580K [0x00007f2fc8600000, 0x00007f32347c0000, 0x00007f351db50000)
  eden space 8128000K,   0% used [0x00007f2fc8600000, 0x00007f2fc8600000, 0x00007f31b8780000)
  from space 1015936K,  65% used [0x00007f31f67a0000, 0x00007f321edb31f0, 0x00007f32347c0000)
  to   space 1015936K,   0% used [0x00007f31b8780000, 0x00007f31b8780000, 0x00007f31f67a0000)
 tenured generation   total 20355908K, used 20355904K [0x00007f351db50000, 0x00007f39f8221000, 0x00007f3fc8600000)
   the space 20355908K,  99% used [0x00007f351db50000, 0x00007f39f82203f0, 0x00007f39f8220400, 0x00007f39f8221000)
 Metaspace       used 30404K, capacity 30847K, committed 31232K, reserved 32768K
}

