# JRE version: OpenJDK Runtime Environment (13.0.7+5) (build 13.0.7+5-Ubuntu-0ubuntu120.04)
# Java VM: OpenJDK 64-Bit Server VM (13.0.7+5-Ubuntu-0ubuntu120.04, mixed mode, tiered, serial gc, linux-amd64)
Heap:
 def new generation   total 12885632K, used 1431581K [0x00007f55bc600000, 0x00007f59263c0000, 0x00007f5b11b50000)
  eden space 11453952K,  12% used [0x00007f55bc600000, 0x00007f5613c07538, 0x00007f5877780000)
  from space 1431680K,   0% used [0x00007f5877780000, 0x00007f5877780000, 0x00007f58ceda0000)
  to   space 1431680K,   0% used [0x00007f58ceda0000, 0x00007f58ceda0000, 0x00007f59263c0000)
 tenured generation   total 33318520K, used 33318519K [0x00007f5b11b50000, 0x00007f63034ee000, 0x00007f65bc600000)
   the space 33318520K,  99% used [0x00007f5b11b50000, 0x00007f63034edc70, 0x00007f63034ede00, 0x00007f63034ee000)
 Metaspace       used 30697K, capacity 31145K, committed 31488K, reserved 32768K
GC Heap History (20 events):
Event: 15.019 GC heap after
{Heap after GC invocations=7 (full 2):
 def new generation   total 1421952K, used 157951K [0x00007f55bc600000, 0x00007f561cce0000, 0x00007f5b11b50000)
  eden space 1264000K,   0% used [0x00007f55bc600000, 0x00007f55bc600000, 0x00007f5609860000)
  from space 157952K,  99% used [0x00007f5609860000, 0x00007f561329fcd0, 0x00007f56132a0000)
  to   space 157952K,   0% used [0x00007f56132a0000, 0x00007f56132a0000, 0x00007f561cce0000)
 tenured generation   total 4253312K, used 4253121K [0x00007f5b11b50000, 0x00007f5c154f0000, 0x00007f65bc600000)
   the space 4253312K,  99% used [0x00007f5b11b50000, 0x00007f5c154c05c0, 0x00007f5c154c0600, 0x00007f5c154f0000)
 Metaspace       used 30697K, capacity 31145K, committed 31488K, reserved 32768K
}
Event: 15.019 GC heap before
{Heap before GC invocations=7 (full 2):
 def new generation   total 1421952K, used 157951K [0x00007f55bc600000, 0x00007f561cce0000, 0x00007f5b11b50000)
  eden space 1264000K,   0% used [0x00007f55bc600000, 0x00007f55bc600000, 0x00007f5609860000)
  from space 157952K,  99% used [0x00007f5609860000, 0x00007f561329fcd0, 0x00007f56132a0000)
  to   space 157952K,   0% used [0x00007f56132a0000, 0x00007f56132a0000, 0x00007f561cce0000)
 tenured generation   total 4253312K, used 4253121K [0x00007f5b11b50000, 0x00007f5c154f0000, 0x00007f65bc600000)
   the space 4253312K,  99% used [0x00007f5b11b50000, 0x00007f5c154c05c0, 0x00007f5c154c0600, 0x00007f5c154f0000)
 Metaspace       used 30697K, capacity 31145K, committed 31488K, reserved 32768K
}
Event: 16.192 GC heap after
{Heap after GC invocations=7 (full 3):
 def new generation   total 3190016K, used 157760K [0x00007f55bc600000, 0x00007f5694b60000, 0x00007f5b11b50000)
  eden space 2835584K,   5% used [0x00007f55bc600000, 0x00007f55c6010360, 0x00007f5669720000)
  from space 354432K,   0% used [0x00007f5669720000, 0x00007f5669720000, 0x00007f567f140000)
  to   space 354432K,   0% used [0x00007f567f140000, 0x00007f567f140000, 0x00007f5694b60000)
 tenured generation   total 7088856K, used 4253311K [0x00007f5b11b50000, 0x00007f5cc2606000, 0x00007f65bc600000)
   the space 7088856K,  59% used [0x00007f5b11b50000, 0x00007f5c154eff30, 0x00007f5c154f0000, 0x00007f5cc2606000)
 Metaspace       used 30697K, capacity 31145K, committed 31488K, reserved 32768K
}
Event: 17.098 GC heap before
{Heap before GC invocations=7 (full 3):
 def new generation   total 3190016K, used 2835584K [0x00007f55bc600000, 0x00007f5694b60000, 0x00007f5b11b50000)
  eden space 2835584K, 100% used [0x00007f55bc600000, 0x00007f5669720000, 0x00007f5669720000)
  from space 354432K,   0% used [0x00007f5669720000, 0x00007f5669720000, 0x00007f567f140000)
  to   space 354432K,   0% used [0x00007f567f140000, 0x00007f567f140000, 0x00007f5694b60000)
 tenured generation   total 7088856K, used 4253311K [0x00007f5b11b50000, 0x00007f5cc2606000, 0x00007f65bc600000)
   the space 7088856K,  59% used [0x00007f5b11b50000, 0x00007f5c154eff30, 0x00007f5c154f0000, 0x00007f5cc2606000)
 Metaspace       used 30697K, capacity 31145K, committed 31488K, reserved 32768K
}
Event: 19.601 GC heap after
{Heap after GC invocations=8 (full 3):
 def new generation   total 3190016K, used 354431K [0x00007f55bc600000, 0x00007f5694b60000, 0x00007f5b11b50000)
  eden space 2835584K,   0% used [0x00007f55bc600000, 0x00007f55bc600000, 0x00007f5669720000)
  from space 354432K,  99% used [0x00007f567f140000, 0x00007f5694b5ff08, 0x00007f5694b60000)
  to   space 354432K,   0% used [0x00007f5669720000, 0x00007f5669720000, 0x00007f567f140000)
 tenured generation   total 7088856K, used 6734425K [0x00007f5b11b50000, 0x00007f5cc2606000, 0x00007f65bc600000)
   the space 7088856K,  95% used [0x00007f5b11b50000, 0x00007f5cacbe64c0, 0x00007f5cacbe6600, 0x00007f5cc2606000)
 Metaspace       used 30697K, capacity 31145K, committed 31488K, reserved 32768K
}
Event: 20.211 GC heap before
{Heap before GC invocations=8 (full 3):
 def new generation   total 3190016K, used 3190015K [0x00007f55bc600000, 0x00007f5694b60000, 0x00007f5b11b50000)
  eden space 2835584K, 100% used [0x00007f55bc600000, 0x00007f5669720000, 0x00007f5669720000)
  from space 354432K,  99% used [0x00007f567f140000, 0x00007f5694b5ff08, 0x00007f5694b60000)
  to   space 354432K,   0% used [0x00007f5669720000, 0x00007f5669720000, 0x00007f567f140000)
 tenured generation   total 7088856K, used 6734425K [0x00007f5b11b50000, 0x00007f5cc2606000, 0x00007f65bc600000)
   the space 7088856K,  95% used [0x00007f5b11b50000, 0x00007f5cacbe64c0, 0x00007f5cacbe6600, 0x00007f5cc2606000)
 Metaspace       used 30697K, capacity 31145K, committed 31488K, reserved 32768K
}
Event: 24.367 GC heap after
{Heap after GC invocations=9 (full 3):
 def new generation   total 3190016K, used 354431K [0x00007f55bc600000, 0x00007f5694b60000, 0x00007f5b11b50000)
  eden space 2835584K,   0% used [0x00007f55bc600000, 0x00007f55bc600000, 0x00007f5669720000)
  from space 354432K,  99% used [0x00007f5669720000, 0x00007f567f13ff08, 0x00007f567f140000)
  to   space 354432K,   0% used [0x00007f567f140000, 0x00007f567f140000, 0x00007f5694b60000)
 tenured generation   total 9570072K, used 9569957K [0x00007f5b11b50000, 0x00007f5d59d16000, 0x00007f65bc600000)
   the space 9570072K,  99% used [0x00007f5b11b50000, 0x00007f5d59cf9420, 0x00007f5d59cf9600, 0x00007f5d59d16000)
 Metaspace       used 30697K, capacity 31145K, committed 31488K, reserved 32768K
}
Event: 24.367 GC heap before
{Heap before GC invocations=9 (full 3):
 def new generation   total 3190016K, used 354431K [0x00007f55bc600000, 0x00007f5694b60000, 0x00007f5b11b50000)
  eden space 2835584K,   0% used [0x00007f55bc600000, 0x00007f55bc600000, 0x00007f5669720000)
  from space 354432K,  99% used [0x00007f5669720000, 0x00007f567f13ff08, 0x00007f567f140000)
  to   space 354432K,   0% used [0x00007f567f140000, 0x00007f567f140000, 0x00007f5694b60000)
 tenured generation   total 9570072K, used 9569957K [0x00007f5b11b50000, 0x00007f5d59d16000, 0x00007f65bc600000)
   the space 9570072K,  99% used [0x00007f5b11b50000, 0x00007f5d59cf9420, 0x00007f5d59cf9600, 0x00007f5d59d16000)
 Metaspace       used 30697K, capacity 31145K, committed 31488K, reserved 32768K
}
Event: 30.013 GC heap after
{Heap after GC invocations=9 (full 4):
 def new generation   total 7177600K, used 348930K [0x00007f55bc600000, 0x00007f57a3230000, 0x00007f5b11b50000)
  eden space 6380096K,   5% used [0x00007f55bc600000, 0x00007f55d1ac0b20, 0x00007f5741c90000)
  from space 797504K,   0% used [0x00007f5741c90000, 0x00007f5741c90000, 0x00007f5772760000)
  to   space 797504K,   0% used [0x00007f5772760000, 0x00007f5772760000, 0x00007f57a3230000)
 tenured generation   total 15950120K, used 9570071K [0x00007f5b11b50000, 0x00007f5edf39a000, 0x00007f65bc600000)
   the space 15950120K,  59% used [0x00007f5b11b50000, 0x00007f5d59d15c10, 0x00007f5d59d15e00, 0x00007f5edf39a000)
 Metaspace       used 30697K, capacity 31145K, committed 31488K, reserved 32768K
}
Event: 48.959 GC heap before
{Heap before GC invocations=9 (full 4):
 def new generation   total 7177600K, used 6380096K [0x00007f55bc600000, 0x00007f57a3230000, 0x00007f5b11b50000)
  eden space 6380096K, 100% used [0x00007f55bc600000, 0x00007f5741c90000, 0x00007f5741c90000)
  from space 797504K,   0% used [0x00007f5741c90000, 0x00007f5741c90000, 0x00007f5772760000)
  to   space 797504K,   0% used [0x00007f5772760000, 0x00007f5772760000, 0x00007f57a3230000)
 tenured generation   total 15950120K, used 9570071K [0x00007f5b11b50000, 0x00007f5edf39a000, 0x00007f65bc600000)
   the space 15950120K,  59% used [0x00007f5b11b50000, 0x00007f5d59d15c10, 0x00007f5d59d15e00, 0x00007f5edf39a000)
 Metaspace       used 30697K, capacity 31145K, committed 31488K, reserved 32768K
}
Event: 52.626 GC heap after
{Heap after GC invocations=10 (full 4):
 def new generation   total 7177600K, used 797503K [0x00007f55bc600000, 0x00007f57a3230000, 0x00007f5b11b50000)
  eden space 6380096K,   0% used [0x00007f55bc600000, 0x00007f55bc600000, 0x00007f5741c90000)
  from space 797504K,  99% used [0x00007f5772760000, 0x00007f57a322fde8, 0x00007f57a3230000)
  to   space 797504K,   0% used [0x00007f5741c90000, 0x00007f5741c90000, 0x00007f5772760000)
 tenured generation   total 15950120K, used 10974036K [0x00007f5b11b50000, 0x00007f5edf39a000, 0x00007f65bc600000)
   the space 15950120K,  68% used [0x00007f5b11b50000, 0x00007f5daf8253a0, 0x00007f5daf825400, 0x00007f5edf39a000)
 Metaspace       used 30697K, capacity 31145K, committed 31488K, reserved 32768K
}
Event: 54.922 GC heap before
{Heap before GC invocations=10 (full 4):
 def new generation   total 7177600K, used 7177599K [0x00007f55bc600000, 0x00007f57a3230000, 0x00007f5b11b50000)
  eden space 6380096K, 100% used [0x00007f55bc600000, 0x00007f5741c90000, 0x00007f5741c90000)
  from space 797504K,  99% used [0x00007f5772760000, 0x00007f57a322fde8, 0x00007f57a3230000)
  to   space 797504K,   0% used [0x00007f5741c90000, 0x00007f5741c90000, 0x00007f5772760000)
 tenured generation   total 15950120K, used 10974036K [0x00007f5b11b50000, 0x00007f5edf39a000, 0x00007f65bc600000)
   the space 15950120K,  68% used [0x00007f5b11b50000, 0x00007f5daf8253a0, 0x00007f5daf825400, 0x00007f5edf39a000)
 Metaspace       used 30697K, capacity 31145K, committed 31488K, reserved 32768K
}
Event: 63.226 GC heap after
{Heap after GC invocations=11 (full 4):
 def new generation   total 7177600K, used 797503K [0x00007f55bc600000, 0x00007f57a3230000, 0x00007f5b11b50000)
  eden space 6380096K,   0% used [0x00007f55bc600000, 0x00007f55bc600000, 0x00007f5741c90000)
  from space 797504K,  99% used [0x00007f5741c90000, 0x00007f577275fcb0, 0x00007f5772760000)
  to   space 797504K,   0% used [0x00007f5772760000, 0x00007f5772760000, 0x00007f57a3230000)
 tenured generation   total 17180840K, used 17180692K [0x00007f5b11b50000, 0x00007f5f2a57a000, 0x00007f65bc600000)
   the space 17180840K,  99% used [0x00007f5b11b50000, 0x00007f5f2a555030, 0x00007f5f2a555200, 0x00007f5f2a57a000)
 Metaspace       used 30697K, capacity 31145K, committed 31488K, reserved 32768K
}
Event: 63.226 GC heap before
{Heap before GC invocations=11 (full 4):
 def new generation   total 7177600K, used 797503K [0x00007f55bc600000, 0x00007f57a3230000, 0x00007f5b11b50000)
  eden space 6380096K,   0% used [0x00007f55bc600000, 0x00007f55bc600000, 0x00007f5741c90000)
  from space 797504K,  99% used [0x00007f5741c90000, 0x00007f577275fcb0, 0x00007f5772760000)
  to   space 797504K,   0% used [0x00007f5772760000, 0x00007f5772760000, 0x00007f57a3230000)
 tenured generation   total 17180840K, used 17180692K [0x00007f5b11b50000, 0x00007f5f2a57a000, 0x00007f65bc600000)
   the space 17180840K,  99% used [0x00007f5b11b50000, 0x00007f5f2a555030, 0x00007f5f2a555200, 0x00007f5f2a57a000)
 Metaspace       used 30697K, capacity 31145K, committed 31488K, reserved 32768K
}
Event: 67.256 GC heap after
{Heap after GC invocations=11 (full 5):
 def new generation   total 12885632K, used 797503K [0x00007f55bc600000, 0x00007f59263c0000, 0x00007f5b11b50000)
  eden space 11453952K,   6% used [0x00007f55bc600000, 0x00007f55ed0cfcb0, 0x00007f5877780000)
  from space 1431680K,   0% used [0x00007f5877780000, 0x00007f5877780000, 0x00007f58ceda0000)
  to   space 1431680K,   0% used [0x00007f58ceda0000, 0x00007f58ceda0000, 0x00007f59263c0000)
 tenured generation   total 28634488K, used 17180692K [0x00007f5b11b50000, 0x00007f61e56ae000, 0x00007f65bc600000)
   the space 28634488K,  59% used [0x00007f5b11b50000, 0x00007f5f2a555030, 0x00007f5f2a555200, 0x00007f61e56ae000)
 Metaspace       used 30697K, capacity 31145K, committed 31488K, reserved 32768K
}
Event: 105.513 GC heap before
{Heap before GC invocations=11 (full 5):
 def new generation   total 12885632K, used 11453952K [0x00007f55bc600000, 0x00007f59263c0000, 0x00007f5b11b50000)
  eden space 11453952K, 100% used [0x00007f55bc600000, 0x00007f5877780000, 0x00007f5877780000)
  from space 1431680K,   0% used [0x00007f5877780000, 0x00007f5877780000, 0x00007f58ceda0000)
  to   space 1431680K,   0% used [0x00007f58ceda0000, 0x00007f58ceda0000, 0x00007f59263c0000)
 tenured generation   total 28634488K, used 17180692K [0x00007f5b11b50000, 0x00007f61e56ae000, 0x00007f65bc600000)
   the space 28634488K,  59% used [0x00007f5b11b50000, 0x00007f5f2a555030, 0x00007f5f2a555200, 0x00007f61e56ae000)
 Metaspace       used 30697K, capacity 31145K, committed 31488K, reserved 32768K
}
Event: 114.971 GC heap after
{Heap after GC invocations=12 (full 5):
 def new generation   total 12885632K, used 1431679K [0x00007f55bc600000, 0x00007f59263c0000, 0x00007f5b11b50000)
  eden space 11453952K,   0% used [0x00007f55bc600000, 0x00007f55bc600000, 0x00007f5877780000)
  from space 1431680K,  99% used [0x00007f58ceda0000, 0x00007f59263bfc18, 0x00007f59263c0000)
  to   space 1431680K,   0% used [0x00007f5877780000, 0x00007f5877780000, 0x00007f58ceda0000)
 tenured generation   total 28634488K, used 22850910K [0x00007f5b11b50000, 0x00007f61e56ae000, 0x00007f65bc600000)
   the space 28634488K,  79% used [0x00007f5b11b50000, 0x00007f60846a7980, 0x00007f60846a7a00, 0x00007f61e56ae000)
 Metaspace       used 30697K, capacity 31145K, committed 31488K, reserved 32768K
}
Event: 122.377 GC heap before
{Heap before GC invocations=12 (full 5):
 def new generation   total 12885632K, used 12885631K [0x00007f55bc600000, 0x00007f59263c0000, 0x00007f5b11b50000)
  eden space 11453952K, 100% used [0x00007f55bc600000, 0x00007f5877780000, 0x00007f5877780000)
  from space 1431680K,  99% used [0x00007f58ceda0000, 0x00007f59263bfc18, 0x00007f59263c0000)
  to   space 1431680K,   0% used [0x00007f5877780000, 0x00007f5877780000, 0x00007f58ceda0000)
 tenured generation   total 28634488K, used 22850910K [0x00007f5b11b50000, 0x00007f61e56ae000, 0x00007f65bc600000)
   the space 28634488K,  79% used [0x00007f5b11b50000, 0x00007f60846a7980, 0x00007f60846a7a00, 0x00007f61e56ae000)
 Metaspace       used 30697K, capacity 31145K, committed 31488K, reserved 32768K
}
Event: 134.253 GC heap after
{Heap after GC invocations=13 (full 5):
 def new generation   total 12885632K, used 1431679K [0x00007f55bc600000, 0x00007f59263c0000, 0x00007f5b11b50000)
  eden space 11453952K,   0% used [0x00007f55bc600000, 0x00007f55bc600000, 0x00007f5877780000)
  from space 1431680K,  99% used [0x00007f5877780000, 0x00007f58ced9fe50, 0x00007f58ceda0000)
  to   space 1431680K,   0% used [0x00007f58ceda0000, 0x00007f58ceda0000, 0x00007f59263c0000)
 tenured generation   total 33318520K, used 33318420K [0x00007f5b11b50000, 0x00007f63034ee000, 0x00007f65bc600000)
   the space 33318520K,  99% used [0x00007f5b11b50000, 0x00007f63034d5358, 0x00007f63034d5400, 0x00007f63034ee000)
 Metaspace       used 30697K, capacity 31145K, committed 31488K, reserved 32768K
}
Event: 134.253 GC heap before
{Heap before GC invocations=13 (full 5):
 def new generation   total 12885632K, used 1431679K [0x00007f55bc600000, 0x00007f59263c0000, 0x00007f5b11b50000)
  eden space 11453952K,   0% used [0x00007f55bc600000, 0x00007f55bc600000, 0x00007f5877780000)
  from space 1431680K,  99% used [0x00007f5877780000, 0x00007f58ced9fe50, 0x00007f58ceda0000)
  to   space 1431680K,   0% used [0x00007f58ceda0000, 0x00007f58ceda0000, 0x00007f59263c0000)
 tenured generation   total 33318520K, used 33318420K [0x00007f5b11b50000, 0x00007f63034ee000, 0x00007f65bc600000)
   the space 33318520K,  99% used [0x00007f5b11b50000, 0x00007f63034d5358, 0x00007f63034d5400, 0x00007f63034ee000)
 Metaspace       used 30697K, capacity 31145K, committed 31488K, reserved 32768K
}

