# JRE version: OpenJDK Runtime Environment (13.0.7+5) (build 13.0.7+5-Ubuntu-0ubuntu120.04)
# Java VM: OpenJDK 64-Bit Server VM (13.0.7+5-Ubuntu-0ubuntu120.04, mixed mode, tiered, serial gc, linux-amd64)
Heap:
 def new generation   total 6314944K, used 0K [0x00007f9034600000, 0x00007f91e0a20000, 0x00007f9589b50000)
  eden space 5613312K,   0% used [0x00007f9034600000, 0x00007f9034600000, 0x00007f918afc0000)
  from space 701632K,   0% used [0x00007f918afc0000, 0x00007f918afc0000, 0x00007f91b5cf0000)
  to   space 701632K,   0% used [0x00007f91b5cf0000, 0x00007f91b5cf0000, 0x00007f91e0a20000)
 tenured generation   total 14033092K, used 8419853K [0x00007f9589b50000, 0x00007f98e2381000, 0x00007fa034600000)
   the space 14033092K,  59% used [0x00007f9589b50000, 0x00007f978b9d3700, 0x00007f978b9d3800, 0x00007f98e2381000)
 Metaspace       used 23262K, capacity 23614K, committed 23808K, reserved 24576K
GC Heap History (18 events):
Event: 3.449 GC heap before
{Heap before GC invocations=0 (full 0):
 def new generation   total 629120K, used 123032K [0x00007f9034600000, 0x00007f905f0a0000, 0x00007f9589b50000)
  eden space 559232K,  22% used [0x00007f9034600000, 0x00007f903be26030, 0x00007f9056820000)
  from space 69888K,   0% used [0x00007f9056820000, 0x00007f9056820000, 0x00007f905ac60000)
  to   space 69888K,   0% used [0x00007f905ac60000, 0x00007f905ac60000, 0x00007f905f0a0000)
 tenured generation   total 1398144K, used 0K [0x00007f9589b50000, 0x00007f95df0b0000, 0x00007fa034600000)
   the space 1398144K,   0% used [0x00007f9589b50000, 0x00007f9589b50000, 0x00007f9589b50200, 0x00007f95df0b0000)
 Metaspace       used 20935K, capacity 21219K, committed 21248K, reserved 22528K
}
Event: 3.528 GC heap after
{Heap after GC invocations=1 (full 1):
 def new generation   total 629248K, used 0K [0x00007f9034600000, 0x00007f905f0c0000, 0x00007f9589b50000)
  eden space 559360K,   0% used [0x00007f9034600000, 0x00007f9034600000, 0x00007f9056840000)
  from space 69888K,   0% used [0x00007f9056840000, 0x00007f9056840000, 0x00007f905ac80000)
  to   space 69888K,   0% used [0x00007f905ac80000, 0x00007f905ac80000, 0x00007f905f0c0000)
 tenured generation   total 1398144K, used 13613K [0x00007f9589b50000, 0x00007f95df0b0000, 0x00007fa034600000)
   the space 1398144K,   0% used [0x00007f9589b50000, 0x00007f958a89b648, 0x00007f958a89b800, 0x00007f95df0b0000)
 Metaspace       used 20935K, capacity 21219K, committed 21248K, reserved 22528K
}
Event: 5.158 GC heap before
{Heap before GC invocations=1 (full 1):
 def new generation   total 629248K, used 559360K [0x00007f9034600000, 0x00007f905f0c0000, 0x00007f9589b50000)
  eden space 559360K, 100% used [0x00007f9034600000, 0x00007f9056840000, 0x00007f9056840000)
  from space 69888K,   0% used [0x00007f9056840000, 0x00007f9056840000, 0x00007f905ac80000)
  to   space 69888K,   0% used [0x00007f905ac80000, 0x00007f905ac80000, 0x00007f905f0c0000)
 tenured generation   total 1398144K, used 13613K [0x00007f9589b50000, 0x00007f95df0b0000, 0x00007fa034600000)
   the space 1398144K,   0% used [0x00007f9589b50000, 0x00007f958a89b648, 0x00007f958a89b800, 0x00007f95df0b0000)
 Metaspace       used 22998K, capacity 23376K, committed 23552K, reserved 24576K
}
Event: 5.164 GC heap after
{Heap after GC invocations=2 (full 1):
 def new generation   total 629248K, used 619K [0x00007f9034600000, 0x00007f905f0c0000, 0x00007f9589b50000)
  eden space 559360K,   0% used [0x00007f9034600000, 0x00007f9034600000, 0x00007f9056840000)
  from space 69888K,   0% used [0x00007f905ac80000, 0x00007f905ad1ad60, 0x00007f905f0c0000)
  to   space 69888K,   0% used [0x00007f9056840000, 0x00007f9056840000, 0x00007f905ac80000)
 tenured generation   total 1398144K, used 13613K [0x00007f9589b50000, 0x00007f95df0b0000, 0x00007fa034600000)
   the space 1398144K,   0% used [0x00007f9589b50000, 0x00007f958a89b648, 0x00007f958a89b800, 0x00007f95df0b0000)
 Metaspace       used 22998K, capacity 23376K, committed 23552K, reserved 24576K
}
Event: 6.432 GC heap before
{Heap before GC invocations=2 (full 1):
 def new generation   total 629248K, used 536728K [0x00007f9034600000, 0x00007f905f0c0000, 0x00007f9589b50000)
  eden space 559360K,  95% used [0x00007f9034600000, 0x00007f905518b478, 0x00007f9056840000)
  from space 69888K,   0% used [0x00007f905ac80000, 0x00007f905ad1ad60, 0x00007f905f0c0000)
  to   space 69888K,   0% used [0x00007f9056840000, 0x00007f9056840000, 0x00007f905ac80000)
 tenured generation   total 1398144K, used 13613K [0x00007f9589b50000, 0x00007f95df0b0000, 0x00007fa034600000)
   the space 1398144K,   0% used [0x00007f9589b50000, 0x00007f958a89b648, 0x00007f958a89b800, 0x00007f95df0b0000)
 Metaspace       used 23190K, capacity 23528K, committed 23552K, reserved 24576K
}
Event: 6.438 GC heap after
{Heap after GC invocations=3 (full 1):
 def new generation   total 629248K, used 5142K [0x00007f9034600000, 0x00007f905f0c0000, 0x00007f9589b50000)
  eden space 559360K,   0% used [0x00007f9034600000, 0x00007f9034600000, 0x00007f9056840000)
  from space 69888K,   7% used [0x00007f9056840000, 0x00007f9056d45878, 0x00007f905ac80000)
  to   space 69888K,   0% used [0x00007f905ac80000, 0x00007f905ac80000, 0x00007f905f0c0000)
 tenured generation   total 1398144K, used 13613K [0x00007f9589b50000, 0x00007f95df0b0000, 0x00007fa034600000)
   the space 1398144K,   0% used [0x00007f9589b50000, 0x00007f958a89b648, 0x00007f958a89b800, 0x00007f95df0b0000)
 Metaspace       used 23190K, capacity 23528K, committed 23552K, reserved 24576K
}
Event: 7.074 GC heap before
{Heap before GC invocations=3 (full 1):
 def new generation   total 629248K, used 564502K [0x00007f9034600000, 0x00007f905f0c0000, 0x00007f9589b50000)
  eden space 559360K, 100% used [0x00007f9034600000, 0x00007f9056840000, 0x00007f9056840000)
  from space 69888K,   7% used [0x00007f9056840000, 0x00007f9056d45878, 0x00007f905ac80000)
  to   space 69888K,   0% used [0x00007f905ac80000, 0x00007f905ac80000, 0x00007f905f0c0000)
 tenured generation   total 1398144K, used 13613K [0x00007f9589b50000, 0x00007f95df0b0000, 0x00007fa034600000)
   the space 1398144K,   0% used [0x00007f9589b50000, 0x00007f958a89b648, 0x00007f958a89b800, 0x00007f95df0b0000)
 Metaspace       used 23255K, capacity 23612K, committed 23808K, reserved 24576K
}
Event: 7.077 GC heap after
{Heap after GC invocations=4 (full 1):
 def new generation   total 629248K, used 1220K [0x00007f9034600000, 0x00007f905f0c0000, 0x00007f9589b50000)
  eden space 559360K,   0% used [0x00007f9034600000, 0x00007f9034600000, 0x00007f9056840000)
  from space 69888K,   1% used [0x00007f905ac80000, 0x00007f905adb1220, 0x00007f905f0c0000)
  to   space 69888K,   0% used [0x00007f9056840000, 0x00007f9056840000, 0x00007f905ac80000)
 tenured generation   total 1398144K, used 13613K [0x00007f9589b50000, 0x00007f95df0b0000, 0x00007fa034600000)
   the space 1398144K,   0% used [0x00007f9589b50000, 0x00007f958a89b648, 0x00007f958a89b800, 0x00007f95df0b0000)
 Metaspace       used 23255K, capacity 23612K, committed 23808K, reserved 24576K
}
Event: 8.122 GC heap before
{Heap before GC invocations=4 (full 1):
 def new generation   total 629248K, used 560580K [0x00007f9034600000, 0x00007f905f0c0000, 0x00007f9589b50000)
  eden space 559360K, 100% used [0x00007f9034600000, 0x00007f9056840000, 0x00007f9056840000)
  from space 69888K,   1% used [0x00007f905ac80000, 0x00007f905adb1220, 0x00007f905f0c0000)
  to   space 69888K,   0% used [0x00007f9056840000, 0x00007f9056840000, 0x00007f905ac80000)
 tenured generation   total 1398144K, used 13613K [0x00007f9589b50000, 0x00007f95df0b0000, 0x00007fa034600000)
   the space 1398144K,   0% used [0x00007f9589b50000, 0x00007f958a89b648, 0x00007f958a89b800, 0x00007f95df0b0000)
 Metaspace       used 23255K, capacity 23612K, committed 23808K, reserved 24576K
}
Event: 8.127 GC heap after
{Heap after GC invocations=5 (full 1):
 def new generation   total 629248K, used 1510K [0x00007f9034600000, 0x00007f905f0c0000, 0x00007f9589b50000)
  eden space 559360K,   0% used [0x00007f9034600000, 0x00007f9034600000, 0x00007f9056840000)
  from space 69888K,   2% used [0x00007f9056840000, 0x00007f90569b9ab0, 0x00007f905ac80000)
  to   space 69888K,   0% used [0x00007f905ac80000, 0x00007f905ac80000, 0x00007f905f0c0000)
 tenured generation   total 1398144K, used 13613K [0x00007f9589b50000, 0x00007f95df0b0000, 0x00007fa034600000)
   the space 1398144K,   0% used [0x00007f9589b50000, 0x00007f958a89b648, 0x00007f958a89b800, 0x00007f95df0b0000)
 Metaspace       used 23255K, capacity 23612K, committed 23808K, reserved 24576K
}
Event: 8.513 GC heap before
{Heap before GC invocations=5 (full 1):
 def new generation   total 629248K, used 206323K [0x00007f9034600000, 0x00007f905f0c0000, 0x00007f9589b50000)
  eden space 559360K,  36% used [0x00007f9034600000, 0x00007f9040e033c8, 0x00007f9056840000)
  from space 69888K,   2% used [0x00007f9056840000, 0x00007f90569b9ab0, 0x00007f905ac80000)
  to   space 69888K,   0% used [0x00007f905ac80000, 0x00007f905ac80000, 0x00007f905f0c0000)
 tenured generation   total 1398144K, used 13613K [0x00007f9589b50000, 0x00007f95df0b0000, 0x00007fa034600000)
   the space 1398144K,   0% used [0x00007f9589b50000, 0x00007f958a89b648, 0x00007f958a89b800, 0x00007f95df0b0000)
 Metaspace       used 23262K, capacity 23614K, committed 23808K, reserved 24576K
}
Event: 8.528 GC heap after
{Heap after GC invocations=6 (full 1):
 def new generation   total 629248K, used 17641K [0x00007f9034600000, 0x00007f905f0c0000, 0x00007f9589b50000)
  eden space 559360K,   0% used [0x00007f9034600000, 0x00007f9034600000, 0x00007f9056840000)
  from space 69888K,  25% used [0x00007f905ac80000, 0x00007f905bdba748, 0x00007f905f0c0000)
  to   space 69888K,   0% used [0x00007f9056840000, 0x00007f9056840000, 0x00007f905ac80000)
 tenured generation   total 1398144K, used 13613K [0x00007f9589b50000, 0x00007f95df0b0000, 0x00007fa034600000)
   the space 1398144K,   0% used [0x00007f9589b50000, 0x00007f958a89b648, 0x00007f958a89b800, 0x00007f95df0b0000)
 Metaspace       used 23262K, capacity 23614K, committed 23808K, reserved 24576K
}
Event: 8.528 GC heap before
{Heap before GC invocations=6 (full 1):
 def new generation   total 629248K, used 17641K [0x00007f9034600000, 0x00007f905f0c0000, 0x00007f9589b50000)
  eden space 559360K,   0% used [0x00007f9034600000, 0x00007f9034600000, 0x00007f9056840000)
  from space 69888K,  25% used [0x00007f905ac80000, 0x00007f905bdba748, 0x00007f905f0c0000)
  to   space 69888K,   0% used [0x00007f9056840000, 0x00007f9056840000, 0x00007f905ac80000)
 tenured generation   total 1398144K, used 13613K [0x00007f9589b50000, 0x00007f95df0b0000, 0x00007fa034600000)
   the space 1398144K,   0% used [0x00007f9589b50000, 0x00007f958a89b648, 0x00007f958a89b800, 0x00007f95df0b0000)
 Metaspace       used 23262K, capacity 23614K, committed 23808K, reserved 24576K
}
Event: 8.577 GC heap after
{Heap after GC invocations=6 (full 2):
 def new generation   total 629248K, used 0K [0x00007f9034600000, 0x00007f905f0c0000, 0x00007f9589b50000)
  eden space 559360K,   0% used [0x00007f9034600000, 0x00007f9034600000, 0x00007f9056840000)
  from space 69888K,   0% used [0x00007f905ac80000, 0x00007f905ac80000, 0x00007f905f0c0000)
  to   space 69888K,   0% used [0x00007f9056840000, 0x00007f9056840000, 0x00007f905ac80000)
 tenured generation   total 1398144K, used 31245K [0x00007f9589b50000, 0x00007f95df0b0000, 0x00007fa034600000)
   the space 1398144K,   2% used [0x00007f9589b50000, 0x00007f958b9d3630, 0x00007f958b9d3800, 0x00007f95df0b0000)
 Metaspace       used 23262K, capacity 23614K, committed 23808K, reserved 24576K
}
Event: 17.794 GC heap before
{Heap before GC invocations=6 (full 2):
 def new generation   total 629248K, used 11078K [0x00007f9034600000, 0x00007f905f0c0000, 0x00007f9589b50000)
  eden space 559360K,   1% used [0x00007f9034600000, 0x00007f90350d1968, 0x00007f9056840000)
  from space 69888K,   0% used [0x00007f905ac80000, 0x00007f905ac80000, 0x00007f905f0c0000)
  to   space 69888K,   0% used [0x00007f9056840000, 0x00007f9056840000, 0x00007f905ac80000)
 tenured generation   total 9786756K, used 8419853K [0x00007f9589b50000, 0x00007f97df0b1000, 0x00007fa034600000)
   the space 9786756K,  86% used [0x00007f9589b50000, 0x00007f978b9d3648, 0x00007f978b9d3800, 0x00007f97df0b1000)
 Metaspace       used 23262K, capacity 23614K, committed 23808K, reserved 24576K
}
Event: 17.799 GC heap after
{Heap after GC invocations=7 (full 2):
 def new generation   total 629248K, used 0K [0x00007f9034600000, 0x00007f905f0c0000, 0x00007f9589b50000)
  eden space 559360K,   0% used [0x00007f9034600000, 0x00007f9034600000, 0x00007f9056840000)
  from space 69888K,   0% used [0x00007f9056840000, 0x00007f90568400b8, 0x00007f905ac80000)
  to   space 69888K,   0% used [0x00007f905ac80000, 0x00007f905ac80000, 0x00007f905f0c0000)
 tenured generation   total 9786756K, used 8419853K [0x00007f9589b50000, 0x00007f97df0b1000, 0x00007fa034600000)
   the space 9786756K,  86% used [0x00007f9589b50000, 0x00007f978b9d3648, 0x00007f978b9d3800, 0x00007f97df0b1000)
 Metaspace       used 23262K, capacity 23614K, committed 23808K, reserved 24576K
}
Event: 17.799 GC heap before
{Heap before GC invocations=7 (full 2):
 def new generation   total 629248K, used 0K [0x00007f9034600000, 0x00007f905f0c0000, 0x00007f9589b50000)
  eden space 559360K,   0% used [0x00007f9034600000, 0x00007f9034600000, 0x00007f9056840000)
  from space 69888K,   0% used [0x00007f9056840000, 0x00007f90568400b8, 0x00007f905ac80000)
  to   space 69888K,   0% used [0x00007f905ac80000, 0x00007f905ac80000, 0x00007f905f0c0000)
 tenured generation   total 9786756K, used 8419853K [0x00007f9589b50000, 0x00007f97df0b1000, 0x00007fa034600000)
   the space 9786756K,  86% used [0x00007f9589b50000, 0x00007f978b9d3648, 0x00007f978b9d3800, 0x00007f97df0b1000)
 Metaspace       used 23262K, capacity 23614K, committed 23808K, reserved 24576K
}
Event: 17.851 GC heap after
{Heap after GC invocations=7 (full 3):
 def new generation   total 6314944K, used 0K [0x00007f9034600000, 0x00007f91e0a20000, 0x00007f9589b50000)
  eden space 5613312K,   0% used [0x00007f9034600000, 0x00007f9034600000, 0x00007f918afc0000)
  from space 701632K,   0% used [0x00007f918afc0000, 0x00007f918afc0000, 0x00007f91b5cf0000)
  to   space 701632K,   0% used [0x00007f91b5cf0000, 0x00007f91b5cf0000, 0x00007f91e0a20000)
 tenured generation   total 14033092K, used 8419853K [0x00007f9589b50000, 0x00007f98e2381000, 0x00007fa034600000)
   the space 14033092K,  59% used [0x00007f9589b50000, 0x00007f978b9d3700, 0x00007f978b9d3800, 0x00007f98e2381000)
 Metaspace       used 23262K, capacity 23614K, committed 23808K, reserved 24576K
}

