# JRE version: OpenJDK Runtime Environment (13.0.7+5) (build 13.0.7+5-Ubuntu-0ubuntu120.04)
# Java VM: OpenJDK 64-Bit Server VM (13.0.7+5-Ubuntu-0ubuntu120.04, mixed mode, tiered, compressed oops, serial gc, linux-amd64)
Heap:
 def new generation   total 1366464K, used 0K [0x0000000080200000, 0x00000000dccb0000, 0x0000000300150000)
  eden space 1214656K,   0% used [0x0000000080200000, 0x0000000080200000, 0x00000000ca430000)
  from space 151808K,   0% used [0x00000000d3870000, 0x00000000d3870000, 0x00000000dccb0000)
  to   space 151808K,   0% used [0x00000000ca430000, 0x00000000ca430000, 0x00000000d3870000)
 tenured generation   total 3052920K, used 1947892K [0x0000000300150000, 0x00000003ba6ae000, 0x0000000800000000)
   the space 3052920K,  63% used [0x0000000300150000, 0x0000000376f8d058, 0x0000000376f8d200, 0x00000003ba6ae000)
 Metaspace       used 22746K, capacity 23297K, committed 23680K, reserved 1071104K
  class space    used 2354K, capacity 2568K, committed 2688K, reserved 1048576K
GC Heap History (20 events):
Event: 484.698 GC heap after
{Heap after GC invocations=480 (full 18):
 def new generation   total 1366464K, used 93407K [0x0000000080200000, 0x00000000dccb0000, 0x0000000300150000)
  eden space 1214656K,   0% used [0x0000000080200000, 0x0000000080200000, 0x00000000ca430000)
  from space 151808K,  61% used [0x00000000ca430000, 0x00000000cff67c40, 0x00000000d3870000)
  to   space 151808K,   0% used [0x00000000d3870000, 0x00000000d3870000, 0x00000000dccb0000)
 tenured generation   total 3036532K, used 2699388K [0x0000000300150000, 0x00000003b96ad000, 0x0000000800000000)
   the space 3036532K,  88% used [0x0000000300150000, 0x00000003a4d6f3d8, 0x00000003a4d6f400, 0x00000003b96ad000)
 Metaspace       used 22746K, capacity 23297K, committed 23680K, reserved 1071104K
  class space    used 2354K, capacity 2568K, committed 2688K, reserved 1048576K
}
Event: 485.924 GC heap before
{Heap before GC invocations=480 (full 18):
 def new generation   total 1366464K, used 1308063K [0x0000000080200000, 0x00000000dccb0000, 0x0000000300150000)
  eden space 1214656K, 100% used [0x0000000080200000, 0x00000000ca430000, 0x00000000ca430000)
  from space 151808K,  61% used [0x00000000ca430000, 0x00000000cff67c40, 0x00000000d3870000)
  to   space 151808K,   0% used [0x00000000d3870000, 0x00000000d3870000, 0x00000000dccb0000)
 tenured generation   total 3036532K, used 2699388K [0x0000000300150000, 0x00000003b96ad000, 0x0000000800000000)
   the space 3036532K,  88% used [0x0000000300150000, 0x00000003a4d6f3d8, 0x00000003a4d6f400, 0x00000003b96ad000)
 Metaspace       used 22746K, capacity 23297K, committed 23680K, reserved 1071104K
  class space    used 2354K, capacity 2568K, committed 2688K, reserved 1048576K
}
Event: 486.130 GC heap after
{Heap after GC invocations=481 (full 18):
 def new generation   total 1366464K, used 72541K [0x0000000080200000, 0x00000000dccb0000, 0x0000000300150000)
  eden space 1214656K,   0% used [0x0000000080200000, 0x0000000080200000, 0x00000000ca430000)
  from space 151808K,  47% used [0x00000000d3870000, 0x00000000d7f476b8, 0x00000000dccb0000)
  to   space 151808K,   0% used [0x00000000ca430000, 0x00000000ca430000, 0x00000000d3870000)
 tenured generation   total 3036532K, used 2792279K [0x0000000300150000, 0x00000003b96ad000, 0x0000000800000000)
   the space 3036532K,  91% used [0x0000000300150000, 0x00000003aa825f00, 0x00000003aa826000, 0x00000003b96ad000)
 Metaspace       used 22746K, capacity 23297K, committed 23680K, reserved 1071104K
  class space    used 2354K, capacity 2568K, committed 2688K, reserved 1048576K
}
Event: 487.352 GC heap before
{Heap before GC invocations=481 (full 18):
 def new generation   total 1366464K, used 1287197K [0x0000000080200000, 0x00000000dccb0000, 0x0000000300150000)
  eden space 1214656K, 100% used [0x0000000080200000, 0x00000000ca430000, 0x00000000ca430000)
  from space 151808K,  47% used [0x00000000d3870000, 0x00000000d7f476b8, 0x00000000dccb0000)
  to   space 151808K,   0% used [0x00000000ca430000, 0x00000000ca430000, 0x00000000d3870000)
 tenured generation   total 3036532K, used 2792279K [0x0000000300150000, 0x00000003b96ad000, 0x0000000800000000)
   the space 3036532K,  91% used [0x0000000300150000, 0x00000003aa825f00, 0x00000003aa826000, 0x00000003b96ad000)
 Metaspace       used 22746K, capacity 23297K, committed 23680K, reserved 1071104K
  class space    used 2354K, capacity 2568K, committed 2688K, reserved 1048576K
}
Event: 487.526 GC heap after
{Heap after GC invocations=482 (full 18):
 def new generation   total 1366464K, used 145073K [0x0000000080200000, 0x00000000dccb0000, 0x0000000300150000)
  eden space 1214656K,   0% used [0x0000000080200000, 0x0000000080200000, 0x00000000ca430000)
  from space 151808K,  95% used [0x00000000ca430000, 0x00000000d31dc548, 0x00000000d3870000)
  to   space 151808K,   0% used [0x00000000d3870000, 0x00000000d3870000, 0x00000000dccb0000)
 tenured generation   total 3036532K, used 2792279K [0x0000000300150000, 0x00000003b96ad000, 0x0000000800000000)
   the space 3036532K,  91% used [0x0000000300150000, 0x00000003aa825f00, 0x00000003aa826000, 0x00000003b96ad000)
 Metaspace       used 22746K, capacity 23297K, committed 23680K, reserved 1071104K
  class space    used 2354K, capacity 2568K, committed 2688K, reserved 1048576K
}
Event: 488.774 GC heap before
{Heap before GC invocations=482 (full 18):
 def new generation   total 1366464K, used 1359729K [0x0000000080200000, 0x00000000dccb0000, 0x0000000300150000)
  eden space 1214656K, 100% used [0x0000000080200000, 0x00000000ca430000, 0x00000000ca430000)
  from space 151808K,  95% used [0x00000000ca430000, 0x00000000d31dc548, 0x00000000d3870000)
  to   space 151808K,   0% used [0x00000000d3870000, 0x00000000d3870000, 0x00000000dccb0000)
 tenured generation   total 3036532K, used 2792279K [0x0000000300150000, 0x00000003b96ad000, 0x0000000800000000)
   the space 3036532K,  91% used [0x0000000300150000, 0x00000003aa825f00, 0x00000003aa826000, 0x00000003b96ad000)
 Metaspace       used 22746K, capacity 23297K, committed 23680K, reserved 1071104K
  class space    used 2354K, capacity 2568K, committed 2688K, reserved 1048576K
}
Event: 489.027 GC heap after
{Heap after GC invocations=483 (full 18):
 def new generation   total 1366464K, used 145079K [0x0000000080200000, 0x00000000dccb0000, 0x0000000300150000)
  eden space 1214656K,   0% used [0x0000000080200000, 0x0000000080200000, 0x00000000ca430000)
  from space 151808K,  95% used [0x00000000d3870000, 0x00000000dc61dd20, 0x00000000dccb0000)
  to   space 151808K,   0% used [0x00000000ca430000, 0x00000000ca430000, 0x00000000d3870000)
 tenured generation   total 3036532K, used 2864303K [0x0000000300150000, 0x00000003b96ad000, 0x0000000800000000)
   the space 3036532K,  94% used [0x0000000300150000, 0x00000003aee7bc20, 0x00000003aee7be00, 0x00000003b96ad000)
 Metaspace       used 22746K, capacity 23297K, committed 23680K, reserved 1071104K
  class space    used 2354K, capacity 2568K, committed 2688K, reserved 1048576K
}
Event: 490.270 GC heap before
{Heap before GC invocations=483 (full 18):
 def new generation   total 1366464K, used 1359735K [0x0000000080200000, 0x00000000dccb0000, 0x0000000300150000)
  eden space 1214656K, 100% used [0x0000000080200000, 0x00000000ca430000, 0x00000000ca430000)
  from space 151808K,  95% used [0x00000000d3870000, 0x00000000dc61dd20, 0x00000000dccb0000)
  to   space 151808K,   0% used [0x00000000ca430000, 0x00000000ca430000, 0x00000000d3870000)
 tenured generation   total 3036532K, used 2864303K [0x0000000300150000, 0x00000003b96ad000, 0x0000000800000000)
   the space 3036532K,  94% used [0x0000000300150000, 0x00000003aee7bc20, 0x00000003aee7be00, 0x00000003b96ad000)
 Metaspace       used 22746K, capacity 23297K, committed 23680K, reserved 1071104K
  class space    used 2354K, capacity 2568K, committed 2688K, reserved 1048576K
}
Event: 490.383 GC heap after
{Heap after GC invocations=484 (full 18):
 def new generation   total 1366464K, used 112558K [0x0000000080200000, 0x00000000dccb0000, 0x0000000300150000)
  eden space 1214656K,   0% used [0x0000000080200000, 0x0000000080200000, 0x00000000ca430000)
  from space 151808K,  74% used [0x00000000ca430000, 0x00000000d121bb58, 0x00000000d3870000)
  to   space 151808K,   0% used [0x00000000d3870000, 0x00000000d3870000, 0x00000000dccb0000)
 tenured generation   total 3036532K, used 2874671K [0x0000000300150000, 0x00000003b96ad000, 0x0000000800000000)
   the space 3036532K,  94% used [0x0000000300150000, 0x00000003af89bfb0, 0x00000003af89c000, 0x00000003b96ad000)
 Metaspace       used 22746K, capacity 23297K, committed 23680K, reserved 1071104K
  class space    used 2354K, capacity 2568K, committed 2688K, reserved 1048576K
}
Event: 491.616 GC heap before
{Heap before GC invocations=484 (full 18):
 def new generation   total 1366464K, used 1327214K [0x0000000080200000, 0x00000000dccb0000, 0x0000000300150000)
  eden space 1214656K, 100% used [0x0000000080200000, 0x00000000ca430000, 0x00000000ca430000)
  from space 151808K,  74% used [0x00000000ca430000, 0x00000000d121bb58, 0x00000000d3870000)
  to   space 151808K,   0% used [0x00000000d3870000, 0x00000000d3870000, 0x00000000dccb0000)
 tenured generation   total 3036532K, used 2874671K [0x0000000300150000, 0x00000003b96ad000, 0x0000000800000000)
   the space 3036532K,  94% used [0x0000000300150000, 0x00000003af89bfb0, 0x00000003af89c000, 0x00000003b96ad000)
 Metaspace       used 22746K, capacity 23297K, committed 23680K, reserved 1071104K
  class space    used 2354K, capacity 2568K, committed 2688K, reserved 1048576K
}
Event: 491.823 GC heap after
{Heap after GC invocations=485 (full 18):
 def new generation   total 1366464K, used 73049K [0x0000000080200000, 0x00000000dccb0000, 0x0000000300150000)
  eden space 1214656K,   0% used [0x0000000080200000, 0x0000000080200000, 0x00000000ca430000)
  from space 151808K,  48% used [0x00000000d3870000, 0x00000000d7fc67a8, 0x00000000dccb0000)
  to   space 151808K,   0% used [0x00000000ca430000, 0x00000000ca430000, 0x00000000d3870000)
 tenured generation   total 3036532K, used 2986202K [0x0000000300150000, 0x00000003b96ad000, 0x0000000800000000)
   the space 3036532K,  98% used [0x0000000300150000, 0x00000003b6586980, 0x00000003b6586a00, 0x00000003b96ad000)
 Metaspace       used 22746K, capacity 23297K, committed 23680K, reserved 1071104K
  class space    used 2354K, capacity 2568K, committed 2688K, reserved 1048576K
}
Event: 493.781 GC heap before
{Heap before GC invocations=485 (full 18):
 def new generation   total 1366464K, used 1287705K [0x0000000080200000, 0x00000000dccb0000, 0x0000000300150000)
  eden space 1214656K, 100% used [0x0000000080200000, 0x00000000ca430000, 0x00000000ca430000)
  from space 151808K,  48% used [0x00000000d3870000, 0x00000000d7fc67a8, 0x00000000dccb0000)
  to   space 151808K,   0% used [0x00000000ca430000, 0x00000000ca430000, 0x00000000d3870000)
 tenured generation   total 3036532K, used 2986202K [0x0000000300150000, 0x00000003b96ad000, 0x0000000800000000)
   the space 3036532K,  98% used [0x0000000300150000, 0x00000003b6586980, 0x00000003b6586a00, 0x00000003b96ad000)
 Metaspace       used 22746K, capacity 23297K, committed 23680K, reserved 1071104K
  class space    used 2354K, capacity 2568K, committed 2688K, reserved 1048576K
}
Event: 493.825 GC heap after
{Heap after GC invocations=486 (full 18):
 def new generation   total 1366464K, used 145585K [0x0000000080200000, 0x00000000dccb0000, 0x0000000300150000)
  eden space 1214656K,   0% used [0x0000000080200000, 0x0000000080200000, 0x00000000ca430000)
  from space 151808K,  95% used [0x00000000ca430000, 0x00000000d325c508, 0x00000000d3870000)
  to   space 151808K,   0% used [0x00000000d3870000, 0x00000000d3870000, 0x00000000dccb0000)
 tenured generation   total 3036532K, used 2986202K [0x0000000300150000, 0x00000003b96ad000, 0x0000000800000000)
   the space 3036532K,  98% used [0x0000000300150000, 0x00000003b6586980, 0x00000003b6586a00, 0x00000003b96ad000)
 Metaspace       used 22746K, capacity 23297K, committed 23680K, reserved 1071104K
  class space    used 2354K, capacity 2568K, committed 2688K, reserved 1048576K
}
Event: 494.724 GC heap before
{Heap before GC invocations=486 (full 18):
 def new generation   total 1366464K, used 1360241K [0x0000000080200000, 0x00000000dccb0000, 0x0000000300150000)
  eden space 1214656K, 100% used [0x0000000080200000, 0x00000000ca430000, 0x00000000ca430000)
  from space 151808K,  95% used [0x00000000ca430000, 0x00000000d325c508, 0x00000000d3870000)
  to   space 151808K,   0% used [0x00000000d3870000, 0x00000000d3870000, 0x00000000dccb0000)
 tenured generation   total 3036532K, used 2986202K [0x0000000300150000, 0x00000003b96ad000, 0x0000000800000000)
   the space 3036532K,  98% used [0x0000000300150000, 0x00000003b6586980, 0x00000003b6586a00, 0x00000003b96ad000)
 Metaspace       used 22746K, capacity 23297K, committed 23680K, reserved 1071104K
  class space    used 2354K, capacity 2568K, committed 2688K, reserved 1048576K
}
Event: 494.748 GC heap after
{Heap after GC invocations=487 (full 18):
 def new generation   total 1366464K, used 54574K [0x0000000080200000, 0x00000000dccb0000, 0x0000000300150000)
  eden space 1214656K,   0% used [0x0000000080200000, 0x0000000080200000, 0x00000000ca430000)
  from space 151808K,  35% used [0x00000000d3870000, 0x00000000d6dbbba8, 0x00000000dccb0000)
  to   space 151808K,   0% used [0x00000000ca430000, 0x00000000ca430000, 0x00000000d3870000)
 tenured generation   total 3036532K, used 2992917K [0x0000000300150000, 0x00000003b96ad000, 0x0000000800000000)
   the space 3036532K,  98% used [0x0000000300150000, 0x00000003b6c15770, 0x00000003b6c15800, 0x00000003b96ad000)
 Metaspace       used 22746K, capacity 23297K, committed 23680K, reserved 1071104K
  class space    used 2354K, capacity 2568K, committed 2688K, reserved 1048576K
}
Event: 495.522 GC heap before
{Heap before GC invocations=487 (full 18):
 def new generation   total 1366464K, used 1269230K [0x0000000080200000, 0x00000000dccb0000, 0x0000000300150000)
  eden space 1214656K, 100% used [0x0000000080200000, 0x00000000ca430000, 0x00000000ca430000)
  from space 151808K,  35% used [0x00000000d3870000, 0x00000000d6dbbba8, 0x00000000dccb0000)
  to   space 151808K,   0% used [0x00000000ca430000, 0x00000000ca430000, 0x00000000d3870000)
 tenured generation   total 3036532K, used 2992917K [0x0000000300150000, 0x00000003b96ad000, 0x0000000800000000)
   the space 3036532K,  98% used [0x0000000300150000, 0x00000003b6c15770, 0x00000003b6c15800, 0x00000003b96ad000)
 Metaspace       used 22746K, capacity 23297K, committed 23680K, reserved 1071104K
  class space    used 2354K, capacity 2568K, committed 2688K, reserved 1048576K
}
Event: 495.546 GC heap after
{Heap after GC invocations=488 (full 18):
 def new generation   total 1366464K, used 126587K [0x0000000080200000, 0x00000000dccb0000, 0x0000000300150000)
  eden space 1214656K,   0% used [0x0000000080200000, 0x0000000080200000, 0x00000000ca430000)
  from space 151808K,  83% used [0x00000000ca430000, 0x00000000d1fced20, 0x00000000d3870000)
  to   space 151808K,   0% used [0x00000000d3870000, 0x00000000d3870000, 0x00000000dccb0000)
 tenured generation   total 3036532K, used 2992917K [0x0000000300150000, 0x00000003b96ad000, 0x0000000800000000)
   the space 3036532K,  98% used [0x0000000300150000, 0x00000003b6c15770, 0x00000003b6c15800, 0x00000003b96ad000)
 Metaspace       used 22746K, capacity 23297K, committed 23680K, reserved 1071104K
  class space    used 2354K, capacity 2568K, committed 2688K, reserved 1048576K
}
Event: 496.358 GC heap before
{Heap before GC invocations=488 (full 18):
 def new generation   total 1366464K, used 1341243K [0x0000000080200000, 0x00000000dccb0000, 0x0000000300150000)
  eden space 1214656K, 100% used [0x0000000080200000, 0x00000000ca430000, 0x00000000ca430000)
  from space 151808K,  83% used [0x00000000ca430000, 0x00000000d1fced20, 0x00000000d3870000)
  to   space 151808K,   0% used [0x00000000d3870000, 0x00000000d3870000, 0x00000000dccb0000)
 tenured generation   total 3036532K, used 2992917K [0x0000000300150000, 0x00000003b96ad000, 0x0000000800000000)
   the space 3036532K,  98% used [0x0000000300150000, 0x00000003b6c15770, 0x00000003b6c15800, 0x00000003b96ad000)
 Metaspace       used 22746K, capacity 23297K, committed 23680K, reserved 1071104K
  class space    used 2354K, capacity 2568K, committed 2688K, reserved 1048576K
}
Event: 500.180 GC heap after
{Heap after GC invocations=489 (full 18):
 def new generation   total 1366464K, used 145075K [0x0000000080200000, 0x00000000dccb0000, 0x0000000300150000)
  eden space 1214656K,   0% used [0x0000000080200000, 0x0000000080200000, 0x00000000ca430000)
  from space 151808K,  95% used [0x00000000d3870000, 0x00000000dc61cc80, 0x00000000dccb0000)
  to   space 151808K,   0% used [0x00000000ca430000, 0x00000000ca430000, 0x00000000d3870000)
 tenured generation   total 3052920K, used 3046964K [0x0000000300150000, 0x00000003ba6ae000, 0x0000000800000000)
   the space 3052920K,  99% used [0x0000000300150000, 0x00000003ba0dd208, 0x00000003ba0dd400, 0x00000003ba6ae000)
 Metaspace       used 22746K, capacity 23297K, committed 23680K, reserved 1071104K
  class space    used 2354K, capacity 2568K, committed 2688K, reserved 1048576K
}
Event: 500.185 GC heap before
{Heap before GC invocations=489 (full 18):
 def new generation   total 1366464K, used 145075K [0x0000000080200000, 0x00000000dccb0000, 0x0000000300150000)
  eden space 1214656K,   0% used [0x0000000080200000, 0x0000000080200000, 0x00000000ca430000)
  from space 151808K,  95% used [0x00000000d3870000, 0x00000000dc61cc80, 0x00000000dccb0000)
  to   space 151808K,   0% used [0x00000000ca430000, 0x00000000ca430000, 0x00000000d3870000)
 tenured generation   total 3052920K, used 3046964K [0x0000000300150000, 0x00000003ba6ae000, 0x0000000800000000)
   the space 3052920K,  99% used [0x0000000300150000, 0x00000003ba0dd208, 0x00000003ba0dd400, 0x00000003ba6ae000)
 Metaspace       used 22746K, capacity 23297K, committed 23680K, reserved 1071104K
  class space    used 2354K, capacity 2568K, committed 2688K, reserved 1048576K
}

