# JRE version: OpenJDK Runtime Environment (13.0.7+5) (build 13.0.7+5-Ubuntu-0ubuntu120.04)
# Java VM: OpenJDK 64-Bit Server VM (13.0.7+5-Ubuntu-0ubuntu120.04, mixed mode, tiered, serial gc, linux-amd64)
Heap:
 def new generation   total 1749120K, used 31765K [0x00007f082c600000, 0x00007f08a2fe0000, 0x00007f0d81b50000)
  eden space 1554816K,   2% used [0x00007f082c600000, 0x00007f082e505700, 0x00007f088b460000)
  from space 194304K,   0% used [0x00007f0897220000, 0x00007f0897220000, 0x00007f08a2fe0000)
  to   space 194304K,   0% used [0x00007f088b460000, 0x00007f088b460000, 0x00007f0897220000)
 tenured generation   total 3888748K, used 3888747K [0x00007f0d81b50000, 0x00007f0e6f0eb000, 0x00007f182c600000)
   the space 3888748K,  99% used [0x00007f0d81b50000, 0x00007f0e6f0eaf40, 0x00007f0e6f0eb000, 0x00007f0e6f0eb000)
 Metaspace       used 24270K, capacity 24716K, committed 24832K, reserved 26624K
GC Heap History (20 events):
Event: 2015.745 GC heap after
{Heap after GC invocations=2822 (full 3):
 def new generation   total 1749120K, used 37281K [0x00007f082c600000, 0x00007f08a2fe0000, 0x00007f0d81b50000)
  eden space 1554816K,   0% used [0x00007f082c600000, 0x00007f082c600000, 0x00007f088b460000)
  from space 194304K,  19% used [0x00007f088b460000, 0x00007f088d8c87a8, 0x00007f0897220000)
  to   space 194304K,   0% used [0x00007f0897220000, 0x00007f0897220000, 0x00007f08a2fe0000)
 tenured generation   total 3886828K, used 3866386K [0x00007f0d81b50000, 0x00007f0e6ef0b000, 0x00007f182c600000)
   the space 3886828K,  99% used [0x00007f0d81b50000, 0x00007f0e6db14918, 0x00007f0e6db14a00, 0x00007f0e6ef0b000)
 Metaspace       used 24270K, capacity 24716K, committed 24832K, reserved 26624K
}
Event: 2016.988 GC heap before
{Heap before GC invocations=2822 (full 3):
 def new generation   total 1749120K, used 1592097K [0x00007f082c600000, 0x00007f08a2fe0000, 0x00007f0d81b50000)
  eden space 1554816K, 100% used [0x00007f082c600000, 0x00007f088b460000, 0x00007f088b460000)
  from space 194304K,  19% used [0x00007f088b460000, 0x00007f088d8c87a8, 0x00007f0897220000)
  to   space 194304K,   0% used [0x00007f0897220000, 0x00007f0897220000, 0x00007f08a2fe0000)
 tenured generation   total 3886828K, used 3866386K [0x00007f0d81b50000, 0x00007f0e6ef0b000, 0x00007f182c600000)
   the space 3886828K,  99% used [0x00007f0d81b50000, 0x00007f0e6db14918, 0x00007f0e6db14a00, 0x00007f0e6ef0b000)
 Metaspace       used 24270K, capacity 24716K, committed 24832K, reserved 26624K
}
Event: 2017.080 GC heap after
{Heap after GC invocations=2823 (full 3):
 def new generation   total 1749120K, used 37279K [0x00007f082c600000, 0x00007f08a2fe0000, 0x00007f0d81b50000)
  eden space 1554816K,   0% used [0x00007f082c600000, 0x00007f082c600000, 0x00007f088b460000)
  from space 194304K,  19% used [0x00007f0897220000, 0x00007f0899687e10, 0x00007f08a2fe0000)
  to   space 194304K,   0% used [0x00007f088b460000, 0x00007f088b460000, 0x00007f0897220000)
 tenured generation   total 3886828K, used 3868872K [0x00007f0d81b50000, 0x00007f0e6ef0b000, 0x00007f182c600000)
   the space 3886828K,  99% used [0x00007f0d81b50000, 0x00007f0e6dd82258, 0x00007f0e6dd82400, 0x00007f0e6ef0b000)
 Metaspace       used 24270K, capacity 24716K, committed 24832K, reserved 26624K
}
Event: 2018.301 GC heap before
{Heap before GC invocations=2823 (full 3):
 def new generation   total 1749120K, used 1592095K [0x00007f082c600000, 0x00007f08a2fe0000, 0x00007f0d81b50000)
  eden space 1554816K, 100% used [0x00007f082c600000, 0x00007f088b460000, 0x00007f088b460000)
  from space 194304K,  19% used [0x00007f0897220000, 0x00007f0899687e10, 0x00007f08a2fe0000)
  to   space 194304K,   0% used [0x00007f088b460000, 0x00007f088b460000, 0x00007f0897220000)
 tenured generation   total 3886828K, used 3868872K [0x00007f0d81b50000, 0x00007f0e6ef0b000, 0x00007f182c600000)
   the space 3886828K,  99% used [0x00007f0d81b50000, 0x00007f0e6dd82258, 0x00007f0e6dd82400, 0x00007f0e6ef0b000)
 Metaspace       used 24270K, capacity 24716K, committed 24832K, reserved 26624K
}
Event: 2018.389 GC heap after
{Heap after GC invocations=2824 (full 3):
 def new generation   total 1749120K, used 37280K [0x00007f082c600000, 0x00007f08a2fe0000, 0x00007f0d81b50000)
  eden space 1554816K,   0% used [0x00007f082c600000, 0x00007f082c600000, 0x00007f088b460000)
  from space 194304K,  19% used [0x00007f088b460000, 0x00007f088d8c8250, 0x00007f0897220000)
  to   space 194304K,   0% used [0x00007f0897220000, 0x00007f0897220000, 0x00007f08a2fe0000)
 tenured generation   total 3886828K, used 3871354K [0x00007f0d81b50000, 0x00007f0e6ef0b000, 0x00007f182c600000)
   the space 3886828K,  99% used [0x00007f0d81b50000, 0x00007f0e6dfeeb68, 0x00007f0e6dfeec00, 0x00007f0e6ef0b000)
 Metaspace       used 24270K, capacity 24716K, committed 24832K, reserved 26624K
}
Event: 2019.595 GC heap before
{Heap before GC invocations=2824 (full 3):
 def new generation   total 1749120K, used 1592096K [0x00007f082c600000, 0x00007f08a2fe0000, 0x00007f0d81b50000)
  eden space 1554816K, 100% used [0x00007f082c600000, 0x00007f088b460000, 0x00007f088b460000)
  from space 194304K,  19% used [0x00007f088b460000, 0x00007f088d8c8250, 0x00007f0897220000)
  to   space 194304K,   0% used [0x00007f0897220000, 0x00007f0897220000, 0x00007f08a2fe0000)
 tenured generation   total 3886828K, used 3871354K [0x00007f0d81b50000, 0x00007f0e6ef0b000, 0x00007f182c600000)
   the space 3886828K,  99% used [0x00007f0d81b50000, 0x00007f0e6dfeeb68, 0x00007f0e6dfeec00, 0x00007f0e6ef0b000)
 Metaspace       used 24270K, capacity 24716K, committed 24832K, reserved 26624K
}
Event: 2019.685 GC heap after
{Heap after GC invocations=2825 (full 3):
 def new generation   total 1749120K, used 37277K [0x00007f082c600000, 0x00007f08a2fe0000, 0x00007f0d81b50000)
  eden space 1554816K,   0% used [0x00007f082c600000, 0x00007f082c600000, 0x00007f088b460000)
  from space 194304K,  19% used [0x00007f0897220000, 0x00007f0899687550, 0x00007f08a2fe0000)
  to   space 194304K,   0% used [0x00007f088b460000, 0x00007f088b460000, 0x00007f0897220000)
 tenured generation   total 3886828K, used 3873841K [0x00007f0d81b50000, 0x00007f0e6ef0b000, 0x00007f182c600000)
   the space 3886828K,  99% used [0x00007f0d81b50000, 0x00007f0e6e25c5b8, 0x00007f0e6e25c600, 0x00007f0e6ef0b000)
 Metaspace       used 24270K, capacity 24716K, committed 24832K, reserved 26624K
}
Event: 2020.924 GC heap before
{Heap before GC invocations=2825 (full 3):
 def new generation   total 1749120K, used 1592093K [0x00007f082c600000, 0x00007f08a2fe0000, 0x00007f0d81b50000)
  eden space 1554816K, 100% used [0x00007f082c600000, 0x00007f088b460000, 0x00007f088b460000)
  from space 194304K,  19% used [0x00007f0897220000, 0x00007f0899687550, 0x00007f08a2fe0000)
  to   space 194304K,   0% used [0x00007f088b460000, 0x00007f088b460000, 0x00007f0897220000)
 tenured generation   total 3886828K, used 3873841K [0x00007f0d81b50000, 0x00007f0e6ef0b000, 0x00007f182c600000)
   the space 3886828K,  99% used [0x00007f0d81b50000, 0x00007f0e6e25c5b8, 0x00007f0e6e25c600, 0x00007f0e6ef0b000)
 Metaspace       used 24270K, capacity 24716K, committed 24832K, reserved 26624K
}
Event: 2021.004 GC heap after
{Heap after GC invocations=2826 (full 3):
 def new generation   total 1749120K, used 37278K [0x00007f082c600000, 0x00007f08a2fe0000, 0x00007f0d81b50000)
  eden space 1554816K,   0% used [0x00007f082c600000, 0x00007f082c600000, 0x00007f088b460000)
  from space 194304K,  19% used [0x00007f088b460000, 0x00007f088d8c7ae0, 0x00007f0897220000)
  to   space 194304K,   0% used [0x00007f0897220000, 0x00007f0897220000, 0x00007f08a2fe0000)
 tenured generation   total 3886828K, used 3876323K [0x00007f0d81b50000, 0x00007f0e6ef0b000, 0x00007f182c600000)
   the space 3886828K,  99% used [0x00007f0d81b50000, 0x00007f0e6e4c8db8, 0x00007f0e6e4c8e00, 0x00007f0e6ef0b000)
 Metaspace       used 24270K, capacity 24716K, committed 24832K, reserved 26624K
}
Event: 2022.258 GC heap before
{Heap before GC invocations=2826 (full 3):
 def new generation   total 1749120K, used 1592094K [0x00007f082c600000, 0x00007f08a2fe0000, 0x00007f0d81b50000)
  eden space 1554816K, 100% used [0x00007f082c600000, 0x00007f088b460000, 0x00007f088b460000)
  from space 194304K,  19% used [0x00007f088b460000, 0x00007f088d8c7ae0, 0x00007f0897220000)
  to   space 194304K,   0% used [0x00007f0897220000, 0x00007f0897220000, 0x00007f08a2fe0000)
 tenured generation   total 3886828K, used 3876323K [0x00007f0d81b50000, 0x00007f0e6ef0b000, 0x00007f182c600000)
   the space 3886828K,  99% used [0x00007f0d81b50000, 0x00007f0e6e4c8db8, 0x00007f0e6e4c8e00, 0x00007f0e6ef0b000)
 Metaspace       used 24270K, capacity 24716K, committed 24832K, reserved 26624K
}
Event: 2022.342 GC heap after
{Heap after GC invocations=2827 (full 3):
 def new generation   total 1749120K, used 37280K [0x00007f082c600000, 0x00007f08a2fe0000, 0x00007f0d81b50000)
  eden space 1554816K,   0% used [0x00007f082c600000, 0x00007f082c600000, 0x00007f088b460000)
  from space 194304K,  19% used [0x00007f0897220000, 0x00007f08996881c8, 0x00007f08a2fe0000)
  to   space 194304K,   0% used [0x00007f088b460000, 0x00007f088b460000, 0x00007f0897220000)
 tenured generation   total 3886828K, used 3878805K [0x00007f0d81b50000, 0x00007f0e6ef0b000, 0x00007f182c600000)
   the space 3886828K,  99% used [0x00007f0d81b50000, 0x00007f0e6e7356c8, 0x00007f0e6e735800, 0x00007f0e6ef0b000)
 Metaspace       used 24270K, capacity 24716K, committed 24832K, reserved 26624K
}
Event: 2023.592 GC heap before
{Heap before GC invocations=2827 (full 3):
 def new generation   total 1749120K, used 1592096K [0x00007f082c600000, 0x00007f08a2fe0000, 0x00007f0d81b50000)
  eden space 1554816K, 100% used [0x00007f082c600000, 0x00007f088b460000, 0x00007f088b460000)
  from space 194304K,  19% used [0x00007f0897220000, 0x00007f08996881c8, 0x00007f08a2fe0000)
  to   space 194304K,   0% used [0x00007f088b460000, 0x00007f088b460000, 0x00007f0897220000)
 tenured generation   total 3886828K, used 3878805K [0x00007f0d81b50000, 0x00007f0e6ef0b000, 0x00007f182c600000)
   the space 3886828K,  99% used [0x00007f0d81b50000, 0x00007f0e6e7356c8, 0x00007f0e6e735800, 0x00007f0e6ef0b000)
 Metaspace       used 24270K, capacity 24716K, committed 24832K, reserved 26624K
}
Event: 2023.681 GC heap after
{Heap after GC invocations=2828 (full 3):
 def new generation   total 1749120K, used 37298K [0x00007f082c600000, 0x00007f08a2fe0000, 0x00007f0d81b50000)
  eden space 1554816K,   0% used [0x00007f082c600000, 0x00007f082c600000, 0x00007f088b460000)
  from space 194304K,  19% used [0x00007f088b460000, 0x00007f088d8cc938, 0x00007f0897220000)
  to   space 194304K,   0% used [0x00007f0897220000, 0x00007f0897220000, 0x00007f08a2fe0000)
 tenured generation   total 3886828K, used 3881291K [0x00007f0d81b50000, 0x00007f0e6ef0b000, 0x00007f182c600000)
   the space 3886828K,  99% used [0x00007f0d81b50000, 0x00007f0e6e9a2f68, 0x00007f0e6e9a3000, 0x00007f0e6ef0b000)
 Metaspace       used 24270K, capacity 24716K, committed 24832K, reserved 26624K
}
Event: 2024.898 GC heap before
{Heap before GC invocations=2828 (full 3):
 def new generation   total 1749120K, used 1592114K [0x00007f082c600000, 0x00007f08a2fe0000, 0x00007f0d81b50000)
  eden space 1554816K, 100% used [0x00007f082c600000, 0x00007f088b460000, 0x00007f088b460000)
  from space 194304K,  19% used [0x00007f088b460000, 0x00007f088d8cc938, 0x00007f0897220000)
  to   space 194304K,   0% used [0x00007f0897220000, 0x00007f0897220000, 0x00007f08a2fe0000)
 tenured generation   total 3886828K, used 3881291K [0x00007f0d81b50000, 0x00007f0e6ef0b000, 0x00007f182c600000)
   the space 3886828K,  99% used [0x00007f0d81b50000, 0x00007f0e6e9a2f68, 0x00007f0e6e9a3000, 0x00007f0e6ef0b000)
 Metaspace       used 24270K, capacity 24716K, committed 24832K, reserved 26624K
}
Event: 2024.988 GC heap after
{Heap after GC invocations=2829 (full 3):
 def new generation   total 1749120K, used 37280K [0x00007f082c600000, 0x00007f08a2fe0000, 0x00007f0d81b50000)
  eden space 1554816K,   0% used [0x00007f082c600000, 0x00007f082c600000, 0x00007f088b460000)
  from space 194304K,  19% used [0x00007f0897220000, 0x00007f08996880b0, 0x00007f08a2fe0000)
  to   space 194304K,   0% used [0x00007f088b460000, 0x00007f088b460000, 0x00007f0897220000)
 tenured generation   total 3886828K, used 3883773K [0x00007f0d81b50000, 0x00007f0e6ef0b000, 0x00007f182c600000)
   the space 3886828K,  99% used [0x00007f0d81b50000, 0x00007f0e6ec0f768, 0x00007f0e6ec0f800, 0x00007f0e6ef0b000)
 Metaspace       used 24270K, capacity 24716K, committed 24832K, reserved 26624K
}
Event: 2026.220 GC heap before
{Heap before GC invocations=2829 (full 3):
 def new generation   total 1749120K, used 1592096K [0x00007f082c600000, 0x00007f08a2fe0000, 0x00007f0d81b50000)
  eden space 1554816K, 100% used [0x00007f082c600000, 0x00007f088b460000, 0x00007f088b460000)
  from space 194304K,  19% used [0x00007f0897220000, 0x00007f08996880b0, 0x00007f08a2fe0000)
  to   space 194304K,   0% used [0x00007f088b460000, 0x00007f088b460000, 0x00007f0897220000)
 tenured generation   total 3886828K, used 3883773K [0x00007f0d81b50000, 0x00007f0e6ef0b000, 0x00007f182c600000)
   the space 3886828K,  99% used [0x00007f0d81b50000, 0x00007f0e6ec0f768, 0x00007f0e6ec0f800, 0x00007f0e6ef0b000)
 Metaspace       used 24270K, capacity 24716K, committed 24832K, reserved 26624K
}
Event: 2026.314 GC heap after
{Heap after GC invocations=2830 (full 3):
 def new generation   total 1749120K, used 37293K [0x00007f082c600000, 0x00007f08a2fe0000, 0x00007f0d81b50000)
  eden space 1554816K,   0% used [0x00007f082c600000, 0x00007f082c600000, 0x00007f088b460000)
  from space 194304K,  19% used [0x00007f088b460000, 0x00007f088d8cb410, 0x00007f0897220000)
  to   space 194304K,   0% used [0x00007f0897220000, 0x00007f0897220000, 0x00007f08a2fe0000)
 tenured generation   total 3886828K, used 3886257K [0x00007f0d81b50000, 0x00007f0e6ef0b000, 0x00007f182c600000)
   the space 3886828K,  99% used [0x00007f0d81b50000, 0x00007f0e6ee7c648, 0x00007f0e6ee7c800, 0x00007f0e6ef0b000)
 Metaspace       used 24270K, capacity 24716K, committed 24832K, reserved 26624K
}
Event: 2027.523 GC heap before
{Heap before GC invocations=2830 (full 3):
 def new generation   total 1749120K, used 1592109K [0x00007f082c600000, 0x00007f08a2fe0000, 0x00007f0d81b50000)
  eden space 1554816K, 100% used [0x00007f082c600000, 0x00007f088b460000, 0x00007f088b460000)
  from space 194304K,  19% used [0x00007f088b460000, 0x00007f088d8cb410, 0x00007f0897220000)
  to   space 194304K,   0% used [0x00007f0897220000, 0x00007f0897220000, 0x00007f08a2fe0000)
 tenured generation   total 3886828K, used 3886257K [0x00007f0d81b50000, 0x00007f0e6ef0b000, 0x00007f182c600000)
   the space 3886828K,  99% used [0x00007f0d81b50000, 0x00007f0e6ee7c648, 0x00007f0e6ee7c800, 0x00007f0e6ef0b000)
 Metaspace       used 24270K, capacity 24716K, committed 24832K, reserved 26624K
}
Event: 2027.618 GC heap after
{Heap after GC invocations=2831 (full 3):
 def new generation   total 1749120K, used 37277K [0x00007f082c600000, 0x00007f08a2fe0000, 0x00007f0d81b50000)
  eden space 1554816K,   0% used [0x00007f082c600000, 0x00007f082c600000, 0x00007f088b460000)
  from space 194304K,  19% used [0x00007f0897220000, 0x00007f08996875f8, 0x00007f08a2fe0000)
  to   space 194304K,   0% used [0x00007f088b460000, 0x00007f088b460000, 0x00007f0897220000)
 tenured generation   total 3888748K, used 3888741K [0x00007f0d81b50000, 0x00007f0e6f0eb000, 0x00007f182c600000)
   the space 3888748K,  99% used [0x00007f0d81b50000, 0x00007f0e6f0e9600, 0x00007f0e6f0e9600, 0x00007f0e6f0eb000)
 Metaspace       used 24270K, capacity 24716K, committed 24832K, reserved 26624K
}
Event: 2027.618 GC heap before
{Heap before GC invocations=2831 (full 3):
 def new generation   total 1749120K, used 37277K [0x00007f082c600000, 0x00007f08a2fe0000, 0x00007f0d81b50000)
  eden space 1554816K,   0% used [0x00007f082c600000, 0x00007f082c600000, 0x00007f088b460000)
  from space 194304K,  19% used [0x00007f0897220000, 0x00007f08996875f8, 0x00007f08a2fe0000)
  to   space 194304K,   0% used [0x00007f088b460000, 0x00007f088b460000, 0x00007f0897220000)
 tenured generation   total 3888748K, used 3888741K [0x00007f0d81b50000, 0x00007f0e6f0eb000, 0x00007f182c600000)
   the space 3888748K,  99% used [0x00007f0d81b50000, 0x00007f0e6f0e9600, 0x00007f0e6f0e9600, 0x00007f0e6f0eb000)
 Metaspace       used 24270K, capacity 24716K, committed 24832K, reserved 26624K
}

