# JRE version: OpenJDK Runtime Environment (13.0.7+5) (build 13.0.7+5-Ubuntu-0ubuntu120.04)
# Java VM: OpenJDK 64-Bit Server VM (13.0.7+5-Ubuntu-0ubuntu120.04, mixed mode, tiered, compressed oops, serial gc, linux-amd64)
Heap:
 def new generation   total 1849728K, used 0K [0x0000000080200000, 0x00000000fd910000, 0x0000000300150000)
  eden space 1644224K,   0% used [0x0000000080200000, 0x0000000080200000, 0x00000000e47b0000)
  from space 205504K,   0% used [0x00000000e47b0000, 0x00000000e47b0000, 0x00000000f1060000)
  to   space 205504K,   0% used [0x00000000f1060000, 0x00000000f1060000, 0x00000000fd910000)
 tenured generation   total 4126816K, used 2752879K [0x0000000300150000, 0x00000003fbf68000, 0x0000000800000000)
   the space 4126816K,  66% used [0x0000000300150000, 0x00000003a81abe98, 0x00000003a81ac000, 0x00000003fbf68000)
 Metaspace       used 22712K, capacity 23232K, committed 23680K, reserved 1071104K
  class space    used 2354K, capacity 2568K, committed 2688K, reserved 1048576K
GC Heap History (20 events):
Event: 515.499 GC heap after
{Heap after GC invocations=629 (full 22):
 def new generation   total 1849728K, used 170624K [0x0000000080200000, 0x00000000fd910000, 0x0000000300150000)
  eden space 1644224K,   0% used [0x0000000080200000, 0x0000000080200000, 0x00000000e47b0000)
  from space 205504K,  83% used [0x00000000f1060000, 0x00000000fb700010, 0x00000000fd910000)
  to   space 205504K,   0% used [0x00000000e47b0000, 0x00000000e47b0000, 0x00000000f1060000)
 tenured generation   total 4110428K, used 3731848K [0x0000000300150000, 0x00000003faf67000, 0x0000000800000000)
   the space 4110428K,  90% used [0x0000000300150000, 0x00000003e3db2020, 0x00000003e3db2200, 0x00000003faf67000)
 Metaspace       used 22711K, capacity 23232K, committed 23680K, reserved 1071104K
  class space    used 2354K, capacity 2568K, committed 2688K, reserved 1048576K
}
Event: 516.916 GC heap before
{Heap before GC invocations=629 (full 22):
 def new generation   total 1849728K, used 1814848K [0x0000000080200000, 0x00000000fd910000, 0x0000000300150000)
  eden space 1644224K, 100% used [0x0000000080200000, 0x00000000e47b0000, 0x00000000e47b0000)
  from space 205504K,  83% used [0x00000000f1060000, 0x00000000fb700010, 0x00000000fd910000)
  to   space 205504K,   0% used [0x00000000e47b0000, 0x00000000e47b0000, 0x00000000f1060000)
 tenured generation   total 4110428K, used 3731848K [0x0000000300150000, 0x00000003faf67000, 0x0000000800000000)
   the space 4110428K,  90% used [0x0000000300150000, 0x00000003e3db2020, 0x00000003e3db2200, 0x00000003faf67000)
 Metaspace       used 22711K, capacity 23232K, committed 23680K, reserved 1071104K
  class space    used 2354K, capacity 2568K, committed 2688K, reserved 1048576K
}
Event: 517.142 GC heap after
{Heap after GC invocations=630 (full 22):
 def new generation   total 1849728K, used 196378K [0x0000000080200000, 0x00000000fd910000, 0x0000000300150000)
  eden space 1644224K,   0% used [0x0000000080200000, 0x0000000080200000, 0x00000000e47b0000)
  from space 205504K,  95% used [0x00000000e47b0000, 0x00000000f07768d0, 0x00000000f1060000)
  to   space 205504K,   0% used [0x00000000f1060000, 0x00000000f1060000, 0x00000000fd910000)
 tenured generation   total 4110428K, used 3804026K [0x0000000300150000, 0x00000003faf67000, 0x0000000800000000)
   the space 4110428K,  92% used [0x0000000300150000, 0x00000003e842ea20, 0x00000003e842ec00, 0x00000003faf67000)
 Metaspace       used 22711K, capacity 23232K, committed 23680K, reserved 1071104K
  class space    used 2354K, capacity 2568K, committed 2688K, reserved 1048576K
}
Event: 518.536 GC heap before
{Heap before GC invocations=630 (full 22):
 def new generation   total 1849728K, used 1840602K [0x0000000080200000, 0x00000000fd910000, 0x0000000300150000)
  eden space 1644224K, 100% used [0x0000000080200000, 0x00000000e47b0000, 0x00000000e47b0000)
  from space 205504K,  95% used [0x00000000e47b0000, 0x00000000f07768d0, 0x00000000f1060000)
  to   space 205504K,   0% used [0x00000000f1060000, 0x00000000f1060000, 0x00000000fd910000)
 tenured generation   total 4110428K, used 3804026K [0x0000000300150000, 0x00000003faf67000, 0x0000000800000000)
   the space 4110428K,  92% used [0x0000000300150000, 0x00000003e842ea20, 0x00000003e842ec00, 0x00000003faf67000)
 Metaspace       used 22711K, capacity 23232K, committed 23680K, reserved 1071104K
  class space    used 2354K, capacity 2568K, committed 2688K, reserved 1048576K
}
Event: 518.595 GC heap after
{Heap after GC invocations=631 (full 22):
 def new generation   total 1849728K, used 73253K [0x0000000080200000, 0x00000000fd910000, 0x0000000300150000)
  eden space 1644224K,   0% used [0x0000000080200000, 0x0000000080200000, 0x00000000e47b0000)
  from space 205504K,  35% used [0x00000000f1060000, 0x00000000f57e96e8, 0x00000000fd910000)
  to   space 205504K,   0% used [0x00000000e47b0000, 0x00000000e47b0000, 0x00000000f1060000)
 tenured generation   total 4110428K, used 3805064K [0x0000000300150000, 0x00000003faf67000, 0x0000000800000000)
   the space 4110428K,  92% used [0x0000000300150000, 0x00000003e8532380, 0x00000003e8532400, 0x00000003faf67000)
 Metaspace       used 22711K, capacity 23232K, committed 23680K, reserved 1071104K
  class space    used 2354K, capacity 2568K, committed 2688K, reserved 1048576K
}
Event: 519.992 GC heap before
{Heap before GC invocations=631 (full 22):
 def new generation   total 1849728K, used 1717477K [0x0000000080200000, 0x00000000fd910000, 0x0000000300150000)
  eden space 1644224K, 100% used [0x0000000080200000, 0x00000000e47b0000, 0x00000000e47b0000)
  from space 205504K,  35% used [0x00000000f1060000, 0x00000000f57e96e8, 0x00000000fd910000)
  to   space 205504K,   0% used [0x00000000e47b0000, 0x00000000e47b0000, 0x00000000f1060000)
 tenured generation   total 4110428K, used 3805064K [0x0000000300150000, 0x00000003faf67000, 0x0000000800000000)
   the space 4110428K,  92% used [0x0000000300150000, 0x00000003e8532380, 0x00000003e8532400, 0x00000003faf67000)
 Metaspace       used 22711K, capacity 23232K, committed 23680K, reserved 1071104K
  class space    used 2354K, capacity 2568K, committed 2688K, reserved 1048576K
}
Event: 520.124 GC heap after
{Heap after GC invocations=632 (full 22):
 def new generation   total 1849728K, used 171689K [0x0000000080200000, 0x00000000fd910000, 0x0000000300150000)
  eden space 1644224K,   0% used [0x0000000080200000, 0x0000000080200000, 0x00000000e47b0000)
  from space 205504K,  83% used [0x00000000e47b0000, 0x00000000eef5a668, 0x00000000f1060000)
  to   space 205504K,   0% used [0x00000000f1060000, 0x00000000f1060000, 0x00000000fd910000)
 tenured generation   total 4110428K, used 3805064K [0x0000000300150000, 0x00000003faf67000, 0x0000000800000000)
   the space 4110428K,  92% used [0x0000000300150000, 0x00000003e8532380, 0x00000003e8532400, 0x00000003faf67000)
 Metaspace       used 22711K, capacity 23232K, committed 23680K, reserved 1071104K
  class space    used 2354K, capacity 2568K, committed 2688K, reserved 1048576K
}
Event: 521.541 GC heap before
{Heap before GC invocations=632 (full 22):
 def new generation   total 1849728K, used 1815913K [0x0000000080200000, 0x00000000fd910000, 0x0000000300150000)
  eden space 1644224K, 100% used [0x0000000080200000, 0x00000000e47b0000, 0x00000000e47b0000)
  from space 205504K,  83% used [0x00000000e47b0000, 0x00000000eef5a668, 0x00000000f1060000)
  to   space 205504K,   0% used [0x00000000f1060000, 0x00000000f1060000, 0x00000000fd910000)
 tenured generation   total 4110428K, used 3805064K [0x0000000300150000, 0x00000003faf67000, 0x0000000800000000)
   the space 4110428K,  92% used [0x0000000300150000, 0x00000003e8532380, 0x00000003e8532400, 0x00000003faf67000)
 Metaspace       used 22711K, capacity 23232K, committed 23680K, reserved 1071104K
  class space    used 2354K, capacity 2568K, committed 2688K, reserved 1048576K
}
Event: 521.711 GC heap after
{Heap after GC invocations=633 (full 22):
 def new generation   total 1849728K, used 196367K [0x0000000080200000, 0x00000000fd910000, 0x0000000300150000)
  eden space 1644224K,   0% used [0x0000000080200000, 0x0000000080200000, 0x00000000e47b0000)
  from space 205504K,  95% used [0x00000000f1060000, 0x00000000fd023cd8, 0x00000000fd910000)
  to   space 205504K,   0% used [0x00000000e47b0000, 0x00000000e47b0000, 0x00000000f1060000)
 tenured generation   total 4110428K, used 3877800K [0x0000000300150000, 0x00000003faf67000, 0x0000000800000000)
   the space 4110428K,  94% used [0x0000000300150000, 0x00000003ecc3a2b8, 0x00000003ecc3a400, 0x00000003faf67000)
 Metaspace       used 22711K, capacity 23232K, committed 23680K, reserved 1071104K
  class space    used 2354K, capacity 2568K, committed 2688K, reserved 1048576K
}
Event: 523.135 GC heap before
{Heap before GC invocations=633 (full 22):
 def new generation   total 1849728K, used 1840591K [0x0000000080200000, 0x00000000fd910000, 0x0000000300150000)
  eden space 1644224K, 100% used [0x0000000080200000, 0x00000000e47b0000, 0x00000000e47b0000)
  from space 205504K,  95% used [0x00000000f1060000, 0x00000000fd023cd8, 0x00000000fd910000)
  to   space 205504K,   0% used [0x00000000e47b0000, 0x00000000e47b0000, 0x00000000f1060000)
 tenured generation   total 4110428K, used 3877800K [0x0000000300150000, 0x00000003faf67000, 0x0000000800000000)
   the space 4110428K,  94% used [0x0000000300150000, 0x00000003ecc3a2b8, 0x00000003ecc3a400, 0x00000003faf67000)
 Metaspace       used 22711K, capacity 23232K, committed 23680K, reserved 1071104K
  class space    used 2354K, capacity 2568K, committed 2688K, reserved 1048576K
}
Event: 523.198 GC heap after
{Heap after GC invocations=634 (full 22):
 def new generation   total 1849728K, used 101223K [0x0000000080200000, 0x00000000fd910000, 0x0000000300150000)
  eden space 1644224K,   0% used [0x0000000080200000, 0x0000000080200000, 0x00000000e47b0000)
  from space 205504K,  49% used [0x00000000e47b0000, 0x00000000eaa89f30, 0x00000000f1060000)
  to   space 205504K,   0% used [0x00000000f1060000, 0x00000000f1060000, 0x00000000fd910000)
 tenured generation   total 4110428K, used 3882967K [0x0000000300150000, 0x00000003faf67000, 0x0000000800000000)
   the space 4110428K,  94% used [0x0000000300150000, 0x00000003ed145f28, 0x00000003ed146000, 0x00000003faf67000)
 Metaspace       used 22711K, capacity 23232K, committed 23680K, reserved 1071104K
  class space    used 2354K, capacity 2568K, committed 2688K, reserved 1048576K
}
Event: 524.625 GC heap before
{Heap before GC invocations=634 (full 22):
 def new generation   total 1849728K, used 1745447K [0x0000000080200000, 0x00000000fd910000, 0x0000000300150000)
  eden space 1644224K, 100% used [0x0000000080200000, 0x00000000e47b0000, 0x00000000e47b0000)
  from space 205504K,  49% used [0x00000000e47b0000, 0x00000000eaa89f30, 0x00000000f1060000)
  to   space 205504K,   0% used [0x00000000f1060000, 0x00000000f1060000, 0x00000000fd910000)
 tenured generation   total 4110428K, used 3882967K [0x0000000300150000, 0x00000003faf67000, 0x0000000800000000)
   the space 4110428K,  94% used [0x0000000300150000, 0x00000003ed145f28, 0x00000003ed146000, 0x00000003faf67000)
 Metaspace       used 22711K, capacity 23232K, committed 23680K, reserved 1071104K
  class space    used 2354K, capacity 2568K, committed 2688K, reserved 1048576K
}
Event: 524.745 GC heap after
{Heap after GC invocations=635 (full 22):
 def new generation   total 1849728K, used 198637K [0x0000000080200000, 0x00000000fd910000, 0x0000000300150000)
  eden space 1644224K,   0% used [0x0000000080200000, 0x0000000080200000, 0x00000000e47b0000)
  from space 205504K,  96% used [0x00000000f1060000, 0x00000000fd25b450, 0x00000000fd910000)
  to   space 205504K,   0% used [0x00000000e47b0000, 0x00000000e47b0000, 0x00000000f1060000)
 tenured generation   total 4110428K, used 3882967K [0x0000000300150000, 0x00000003faf67000, 0x0000000800000000)
   the space 4110428K,  94% used [0x0000000300150000, 0x00000003ed145f28, 0x00000003ed146000, 0x00000003faf67000)
 Metaspace       used 22711K, capacity 23232K, committed 23680K, reserved 1071104K
  class space    used 2354K, capacity 2568K, committed 2688K, reserved 1048576K
}
Event: 526.155 GC heap before
{Heap before GC invocations=635 (full 22):
 def new generation   total 1849728K, used 1842861K [0x0000000080200000, 0x00000000fd910000, 0x0000000300150000)
  eden space 1644224K, 100% used [0x0000000080200000, 0x00000000e47b0000, 0x00000000e47b0000)
  from space 205504K,  96% used [0x00000000f1060000, 0x00000000fd25b450, 0x00000000fd910000)
  to   space 205504K,   0% used [0x00000000e47b0000, 0x00000000e47b0000, 0x00000000f1060000)
 tenured generation   total 4110428K, used 3882967K [0x0000000300150000, 0x00000003faf67000, 0x0000000800000000)
   the space 4110428K,  94% used [0x0000000300150000, 0x00000003ed145f28, 0x00000003ed146000, 0x00000003faf67000)
 Metaspace       used 22711K, capacity 23232K, committed 23680K, reserved 1071104K
  class space    used 2354K, capacity 2568K, committed 2688K, reserved 1048576K
}
Event: 526.366 GC heap after
{Heap after GC invocations=636 (full 22):
 def new generation   total 1849728K, used 196368K [0x0000000080200000, 0x00000000fd910000, 0x0000000300150000)
  eden space 1644224K,   0% used [0x0000000080200000, 0x0000000080200000, 0x00000000e47b0000)
  from space 205504K,  95% used [0x00000000e47b0000, 0x00000000f07742d0, 0x00000000f1060000)
  to   space 205504K,   0% used [0x00000000f1060000, 0x00000000f1060000, 0x00000000fd910000)
 tenured generation   total 4110428K, used 3983163K [0x0000000300150000, 0x00000003faf67000, 0x0000000800000000)
   the space 4110428K,  96% used [0x0000000300150000, 0x00000003f331ec48, 0x00000003f331ee00, 0x00000003faf67000)
 Metaspace       used 22711K, capacity 23232K, committed 23680K, reserved 1071104K
  class space    used 2354K, capacity 2568K, committed 2688K, reserved 1048576K
}
Event: 527.786 GC heap before
{Heap before GC invocations=636 (full 22):
 def new generation   total 1849728K, used 1840592K [0x0000000080200000, 0x00000000fd910000, 0x0000000300150000)
  eden space 1644224K, 100% used [0x0000000080200000, 0x00000000e47b0000, 0x00000000e47b0000)
  from space 205504K,  95% used [0x00000000e47b0000, 0x00000000f07742d0, 0x00000000f1060000)
  to   space 205504K,   0% used [0x00000000f1060000, 0x00000000f1060000, 0x00000000fd910000)
 tenured generation   total 4110428K, used 3983163K [0x0000000300150000, 0x00000003faf67000, 0x0000000800000000)
   the space 4110428K,  96% used [0x0000000300150000, 0x00000003f331ec48, 0x00000003f331ee00, 0x00000003faf67000)
 Metaspace       used 22712K, capacity 23232K, committed 23680K, reserved 1071104K
  class space    used 2354K, capacity 2568K, committed 2688K, reserved 1048576K
}
Event: 527.894 GC heap after
{Heap after GC invocations=637 (full 22):
 def new generation   total 1849728K, used 127639K [0x0000000080200000, 0x00000000fd910000, 0x0000000300150000)
  eden space 1644224K,   0% used [0x0000000080200000, 0x0000000080200000, 0x00000000e47b0000)
  from space 205504K,  62% used [0x00000000f1060000, 0x00000000f8d05d98, 0x00000000fd910000)
  to   space 205504K,   0% used [0x00000000e47b0000, 0x00000000e47b0000, 0x00000000f1060000)
 tenured generation   total 4110428K, used 3992456K [0x0000000300150000, 0x00000003faf67000, 0x0000000800000000)
   the space 4110428K,  97% used [0x0000000300150000, 0x00000003f3c32168, 0x00000003f3c32200, 0x00000003faf67000)
 Metaspace       used 22712K, capacity 23232K, committed 23680K, reserved 1071104K
  class space    used 2354K, capacity 2568K, committed 2688K, reserved 1048576K
}
Event: 529.286 GC heap before
{Heap before GC invocations=637 (full 22):
 def new generation   total 1849728K, used 1771863K [0x0000000080200000, 0x00000000fd910000, 0x0000000300150000)
  eden space 1644224K, 100% used [0x0000000080200000, 0x00000000e47b0000, 0x00000000e47b0000)
  from space 205504K,  62% used [0x00000000f1060000, 0x00000000f8d05d98, 0x00000000fd910000)
  to   space 205504K,   0% used [0x00000000e47b0000, 0x00000000e47b0000, 0x00000000f1060000)
 tenured generation   total 4110428K, used 3992456K [0x0000000300150000, 0x00000003faf67000, 0x0000000800000000)
   the space 4110428K,  97% used [0x0000000300150000, 0x00000003f3c32168, 0x00000003f3c32200, 0x00000003faf67000)
 Metaspace       used 22712K, capacity 23232K, committed 23680K, reserved 1071104K
  class space    used 2354K, capacity 2568K, committed 2688K, reserved 1048576K
}
Event: 529.516 GC heap after
{Heap after GC invocations=638 (full 22):
 def new generation   total 1849728K, used 98451K [0x0000000080200000, 0x00000000fd910000, 0x0000000300150000)
  eden space 1644224K,   0% used [0x0000000080200000, 0x0000000080200000, 0x00000000e47b0000)
  from space 205504K,  47% used [0x00000000e47b0000, 0x00000000ea7d4d88, 0x00000000f1060000)
  to   space 205504K,   0% used [0x00000000f1060000, 0x00000000f1060000, 0x00000000fd910000)
 tenured generation   total 4126816K, used 4119573K [0x0000000300150000, 0x00000003fbf68000, 0x0000000800000000)
   the space 4126816K,  99% used [0x0000000300150000, 0x00000003fb855540, 0x00000003fb855600, 0x00000003fbf68000)
 Metaspace       used 22712K, capacity 23232K, committed 23680K, reserved 1071104K
  class space    used 2354K, capacity 2568K, committed 2688K, reserved 1048576K
}
Event: 529.516 GC heap before
{Heap before GC invocations=638 (full 22):
 def new generation   total 1849728K, used 98451K [0x0000000080200000, 0x00000000fd910000, 0x0000000300150000)
  eden space 1644224K,   0% used [0x0000000080200000, 0x0000000080200000, 0x00000000e47b0000)
  from space 205504K,  47% used [0x00000000e47b0000, 0x00000000ea7d4d88, 0x00000000f1060000)
  to   space 205504K,   0% used [0x00000000f1060000, 0x00000000f1060000, 0x00000000fd910000)
 tenured generation   total 4126816K, used 4119573K [0x0000000300150000, 0x00000003fbf68000, 0x0000000800000000)
   the space 4126816K,  99% used [0x0000000300150000, 0x00000003fb855540, 0x00000003fb855600, 0x00000003fbf68000)
 Metaspace       used 22712K, capacity 23232K, committed 23680K, reserved 1071104K
  class space    used 2354K, capacity 2568K, committed 2688K, reserved 1048576K
}

