# JRE version: OpenJDK Runtime Environment (13.0.7+5) (build 13.0.7+5-Ubuntu-0ubuntu120.04)
# Java VM: OpenJDK 64-Bit Server VM (13.0.7+5-Ubuntu-0ubuntu120.04, mixed mode, tiered, serial gc, linux-amd64)
Heap:
 def new generation   total 2337152K, used 207455K [0x00007f7b5c600000, 0x00007f7bfadf0000, 0x00007f80b1b50000)
  eden space 2077504K,   9% used [0x00007f7b5c600000, 0x00007f7b69097cd0, 0x00007f7bdb2d0000)
  from space 259648K,   0% used [0x00007f7bdb2d0000, 0x00007f7bdb2d0000, 0x00007f7beb060000)
  to   space 259648K,   0% used [0x00007f7beb060000, 0x00007f7beb060000, 0x00007f7bfadf0000)
 tenured generation   total 5334072K, used 5334071K [0x00007f80b1b50000, 0x00007f81f745e000, 0x00007f8b5c600000)
   the space 5334072K,  99% used [0x00007f80b1b50000, 0x00007f81f745dff0, 0x00007f81f745e000, 0x00007f81f745e000)
 Metaspace       used 30691K, capacity 31110K, committed 31488K, reserved 32768K
GC Heap History (20 events):
Event: 100.255 GC heap after
{Heap after GC invocations=58 (full 4):
 def new generation   total 2337152K, used 172628K [0x00007f7b5c600000, 0x00007f7bfadf0000, 0x00007f80b1b50000)
  eden space 2077504K,   0% used [0x00007f7b5c600000, 0x00007f7b5c600000, 0x00007f7bdb2d0000)
  from space 259648K,  66% used [0x00007f7beb060000, 0x00007f7bf58f5300, 0x00007f7bfadf0000)
  to   space 259648K,   0% used [0x00007f7bdb2d0000, 0x00007f7bdb2d0000, 0x00007f7beb060000)
 tenured generation   total 5193528K, used 3780762K [0x00007f80b1b50000, 0x00007f81eeb1e000, 0x00007f8b5c600000)
   the space 5193528K,  72% used [0x00007f80b1b50000, 0x00007f81987768b0, 0x00007f8198776a00, 0x00007f81eeb1e000)
 Metaspace       used 30691K, capacity 31110K, committed 31488K, reserved 32768K
}
Event: 101.141 GC heap before
{Heap before GC invocations=58 (full 4):
 def new generation   total 2337152K, used 2250132K [0x00007f7b5c600000, 0x00007f7bfadf0000, 0x00007f80b1b50000)
  eden space 2077504K, 100% used [0x00007f7b5c600000, 0x00007f7bdb2d0000, 0x00007f7bdb2d0000)
  from space 259648K,  66% used [0x00007f7beb060000, 0x00007f7bf58f5300, 0x00007f7bfadf0000)
  to   space 259648K,   0% used [0x00007f7bdb2d0000, 0x00007f7bdb2d0000, 0x00007f7beb060000)
 tenured generation   total 5193528K, used 3780762K [0x00007f80b1b50000, 0x00007f81eeb1e000, 0x00007f8b5c600000)
   the space 5193528K,  72% used [0x00007f80b1b50000, 0x00007f81987768b0, 0x00007f8198776a00, 0x00007f81eeb1e000)
 Metaspace       used 30691K, capacity 31110K, committed 31488K, reserved 32768K
}
Event: 101.775 GC heap after
{Heap after GC invocations=59 (full 4):
 def new generation   total 2337152K, used 158572K [0x00007f7b5c600000, 0x00007f7bfadf0000, 0x00007f80b1b50000)
  eden space 2077504K,   0% used [0x00007f7b5c600000, 0x00007f7b5c600000, 0x00007f7bdb2d0000)
  from space 259648K,  61% used [0x00007f7bdb2d0000, 0x00007f7be4dab3c8, 0x00007f7beb060000)
  to   space 259648K,   0% used [0x00007f7beb060000, 0x00007f7beb060000, 0x00007f7bfadf0000)
 tenured generation   total 5193528K, used 3953390K [0x00007f80b1b50000, 0x00007f81eeb1e000, 0x00007f8b5c600000)
   the space 5193528K,  76% used [0x00007f80b1b50000, 0x00007f81a300b9c0, 0x00007f81a300ba00, 0x00007f81eeb1e000)
 Metaspace       used 30691K, capacity 31110K, committed 31488K, reserved 32768K
}
Event: 102.499 GC heap before
{Heap before GC invocations=59 (full 4):
 def new generation   total 2337152K, used 2236076K [0x00007f7b5c600000, 0x00007f7bfadf0000, 0x00007f80b1b50000)
  eden space 2077504K, 100% used [0x00007f7b5c600000, 0x00007f7bdb2d0000, 0x00007f7bdb2d0000)
  from space 259648K,  61% used [0x00007f7bdb2d0000, 0x00007f7be4dab3c8, 0x00007f7beb060000)
  to   space 259648K,   0% used [0x00007f7beb060000, 0x00007f7beb060000, 0x00007f7bfadf0000)
 tenured generation   total 5193528K, used 3953390K [0x00007f80b1b50000, 0x00007f81eeb1e000, 0x00007f8b5c600000)
   the space 5193528K,  76% used [0x00007f80b1b50000, 0x00007f81a300b9c0, 0x00007f81a300ba00, 0x00007f81eeb1e000)
 Metaspace       used 30691K, capacity 31110K, committed 31488K, reserved 32768K
}
Event: 103.208 GC heap after
{Heap after GC invocations=60 (full 4):
 def new generation   total 2337152K, used 163279K [0x00007f7b5c600000, 0x00007f7bfadf0000, 0x00007f80b1b50000)
  eden space 2077504K,   0% used [0x00007f7b5c600000, 0x00007f7b5c600000, 0x00007f7bdb2d0000)
  from space 259648K,  62% used [0x00007f7beb060000, 0x00007f7bf4fd3e58, 0x00007f7bfadf0000)
  to   space 259648K,   0% used [0x00007f7bdb2d0000, 0x00007f7bdb2d0000, 0x00007f7beb060000)
 tenured generation   total 5193528K, used 4111962K [0x00007f80b1b50000, 0x00007f81eeb1e000, 0x00007f8b5c600000)
   the space 5193528K,  79% used [0x00007f80b1b50000, 0x00007f81acae6a18, 0x00007f81acae6c00, 0x00007f81eeb1e000)
 Metaspace       used 30691K, capacity 31110K, committed 31488K, reserved 32768K
}
Event: 103.845 GC heap before
{Heap before GC invocations=60 (full 4):
 def new generation   total 2337152K, used 2240783K [0x00007f7b5c600000, 0x00007f7bfadf0000, 0x00007f80b1b50000)
  eden space 2077504K, 100% used [0x00007f7b5c600000, 0x00007f7bdb2d0000, 0x00007f7bdb2d0000)
  from space 259648K,  62% used [0x00007f7beb060000, 0x00007f7bf4fd3e58, 0x00007f7bfadf0000)
  to   space 259648K,   0% used [0x00007f7bdb2d0000, 0x00007f7bdb2d0000, 0x00007f7beb060000)
 tenured generation   total 5193528K, used 4111962K [0x00007f80b1b50000, 0x00007f81eeb1e000, 0x00007f8b5c600000)
   the space 5193528K,  79% used [0x00007f80b1b50000, 0x00007f81acae6a18, 0x00007f81acae6c00, 0x00007f81eeb1e000)
 Metaspace       used 30691K, capacity 31110K, committed 31488K, reserved 32768K
}
Event: 104.490 GC heap after
{Heap after GC invocations=61 (full 4):
 def new generation   total 2337152K, used 176462K [0x00007f7b5c600000, 0x00007f7bfadf0000, 0x00007f80b1b50000)
  eden space 2077504K,   0% used [0x00007f7b5c600000, 0x00007f7b5c600000, 0x00007f7bdb2d0000)
  from space 259648K,  67% used [0x00007f7bdb2d0000, 0x00007f7be5f23848, 0x00007f7beb060000)
  to   space 259648K,   0% used [0x00007f7beb060000, 0x00007f7beb060000, 0x00007f7bfadf0000)
 tenured generation   total 5193528K, used 4275242K [0x00007f80b1b50000, 0x00007f81eeb1e000, 0x00007f8b5c600000)
   the space 5193528K,  82% used [0x00007f80b1b50000, 0x00007f81b6a5a870, 0x00007f81b6a5aa00, 0x00007f81eeb1e000)
 Metaspace       used 30691K, capacity 31110K, committed 31488K, reserved 32768K
}
Event: 105.205 GC heap before
{Heap before GC invocations=61 (full 4):
 def new generation   total 2337152K, used 2253966K [0x00007f7b5c600000, 0x00007f7bfadf0000, 0x00007f80b1b50000)
  eden space 2077504K, 100% used [0x00007f7b5c600000, 0x00007f7bdb2d0000, 0x00007f7bdb2d0000)
  from space 259648K,  67% used [0x00007f7bdb2d0000, 0x00007f7be5f23848, 0x00007f7beb060000)
  to   space 259648K,   0% used [0x00007f7beb060000, 0x00007f7beb060000, 0x00007f7bfadf0000)
 tenured generation   total 5193528K, used 4275242K [0x00007f80b1b50000, 0x00007f81eeb1e000, 0x00007f8b5c600000)
   the space 5193528K,  82% used [0x00007f80b1b50000, 0x00007f81b6a5a870, 0x00007f81b6a5aa00, 0x00007f81eeb1e000)
 Metaspace       used 30691K, capacity 31110K, committed 31488K, reserved 32768K
}
Event: 106.838 GC heap after
{Heap after GC invocations=62 (full 4):
 def new generation   total 2337152K, used 145509K [0x00007f7b5c600000, 0x00007f7bfadf0000, 0x00007f80b1b50000)
  eden space 2077504K,   0% used [0x00007f7b5c600000, 0x00007f7b5c600000, 0x00007f7bdb2d0000)
  from space 259648K,  56% used [0x00007f7beb060000, 0x00007f7bf3e79768, 0x00007f7bfadf0000)
  to   space 259648K,   0% used [0x00007f7bdb2d0000, 0x00007f7bdb2d0000, 0x00007f7beb060000)
 tenured generation   total 5193528K, used 4451703K [0x00007f80b1b50000, 0x00007f81eeb1e000, 0x00007f8b5c600000)
   the space 5193528K,  85% used [0x00007f80b1b50000, 0x00007f81c16adc58, 0x00007f81c16ade00, 0x00007f81eeb1e000)
 Metaspace       used 30691K, capacity 31110K, committed 31488K, reserved 32768K
}
Event: 107.545 GC heap before
{Heap before GC invocations=62 (full 4):
 def new generation   total 2337152K, used 2223013K [0x00007f7b5c600000, 0x00007f7bfadf0000, 0x00007f80b1b50000)
  eden space 2077504K, 100% used [0x00007f7b5c600000, 0x00007f7bdb2d0000, 0x00007f7bdb2d0000)
  from space 259648K,  56% used [0x00007f7beb060000, 0x00007f7bf3e79768, 0x00007f7bfadf0000)
  to   space 259648K,   0% used [0x00007f7bdb2d0000, 0x00007f7bdb2d0000, 0x00007f7beb060000)
 tenured generation   total 5193528K, used 4451703K [0x00007f80b1b50000, 0x00007f81eeb1e000, 0x00007f8b5c600000)
   the space 5193528K,  85% used [0x00007f80b1b50000, 0x00007f81c16adc58, 0x00007f81c16ade00, 0x00007f81eeb1e000)
 Metaspace       used 30691K, capacity 31110K, committed 31488K, reserved 32768K
}
Event: 108.087 GC heap after
{Heap after GC invocations=63 (full 4):
 def new generation   total 2337152K, used 173569K [0x00007f7b5c600000, 0x00007f7bfadf0000, 0x00007f80b1b50000)
  eden space 2077504K,   0% used [0x00007f7b5c600000, 0x00007f7b5c600000, 0x00007f7bdb2d0000)
  from space 259648K,  66% used [0x00007f7bdb2d0000, 0x00007f7be5c50710, 0x00007f7beb060000)
  to   space 259648K,   0% used [0x00007f7beb060000, 0x00007f7beb060000, 0x00007f7bfadf0000)
 tenured generation   total 5193528K, used 4597211K [0x00007f80b1b50000, 0x00007f81eeb1e000, 0x00007f8b5c600000)
   the space 5193528K,  88% used [0x00007f80b1b50000, 0x00007f81ca4c6f30, 0x00007f81ca4c7000, 0x00007f81eeb1e000)
 Metaspace       used 30691K, capacity 31110K, committed 31488K, reserved 32768K
}
Event: 108.623 GC heap before
{Heap before GC invocations=63 (full 4):
 def new generation   total 2337152K, used 2251073K [0x00007f7b5c600000, 0x00007f7bfadf0000, 0x00007f80b1b50000)
  eden space 2077504K, 100% used [0x00007f7b5c600000, 0x00007f7bdb2d0000, 0x00007f7bdb2d0000)
  from space 259648K,  66% used [0x00007f7bdb2d0000, 0x00007f7be5c50710, 0x00007f7beb060000)
  to   space 259648K,   0% used [0x00007f7beb060000, 0x00007f7beb060000, 0x00007f7bfadf0000)
 tenured generation   total 5193528K, used 4597211K [0x00007f80b1b50000, 0x00007f81eeb1e000, 0x00007f8b5c600000)
   the space 5193528K,  88% used [0x00007f80b1b50000, 0x00007f81ca4c6f30, 0x00007f81ca4c7000, 0x00007f81eeb1e000)
 Metaspace       used 30691K, capacity 31110K, committed 31488K, reserved 32768K
}
Event: 110.019 GC heap after
{Heap after GC invocations=64 (full 4):
 def new generation   total 2337152K, used 154570K [0x00007f7b5c600000, 0x00007f7bfadf0000, 0x00007f80b1b50000)
  eden space 2077504K,   0% used [0x00007f7b5c600000, 0x00007f7b5c600000, 0x00007f7bdb2d0000)
  from space 259648K,  59% used [0x00007f7beb060000, 0x00007f7bf4752bb0, 0x00007f7bfadf0000)
  to   space 259648K,   0% used [0x00007f7bdb2d0000, 0x00007f7bdb2d0000, 0x00007f7beb060000)
 tenured generation   total 5193528K, used 4770781K [0x00007f80b1b50000, 0x00007f81eeb1e000, 0x00007f8b5c600000)
   the space 5193528K,  91% used [0x00007f80b1b50000, 0x00007f81d4e47560, 0x00007f81d4e47600, 0x00007f81eeb1e000)
 Metaspace       used 30691K, capacity 31110K, committed 31488K, reserved 32768K
}
Event: 110.577 GC heap before
{Heap before GC invocations=64 (full 4):
 def new generation   total 2337152K, used 2232074K [0x00007f7b5c600000, 0x00007f7bfadf0000, 0x00007f80b1b50000)
  eden space 2077504K, 100% used [0x00007f7b5c600000, 0x00007f7bdb2d0000, 0x00007f7bdb2d0000)
  from space 259648K,  59% used [0x00007f7beb060000, 0x00007f7bf4752bb0, 0x00007f7bfadf0000)
  to   space 259648K,   0% used [0x00007f7bdb2d0000, 0x00007f7bdb2d0000, 0x00007f7beb060000)
 tenured generation   total 5193528K, used 4770781K [0x00007f80b1b50000, 0x00007f81eeb1e000, 0x00007f8b5c600000)
   the space 5193528K,  91% used [0x00007f80b1b50000, 0x00007f81d4e47560, 0x00007f81d4e47600, 0x00007f81eeb1e000)
 Metaspace       used 30691K, capacity 31110K, committed 31488K, reserved 32768K
}
Event: 111.128 GC heap after
{Heap after GC invocations=65 (full 4):
 def new generation   total 2337152K, used 202810K [0x00007f7b5c600000, 0x00007f7bfadf0000, 0x00007f80b1b50000)
  eden space 2077504K,   0% used [0x00007f7b5c600000, 0x00007f7b5c600000, 0x00007f7bdb2d0000)
  from space 259648K,  78% used [0x00007f7bdb2d0000, 0x00007f7be78de8a8, 0x00007f7beb060000)
  to   space 259648K,   0% used [0x00007f7beb060000, 0x00007f7beb060000, 0x00007f7bfadf0000)
 tenured generation   total 5193528K, used 4925352K [0x00007f80b1b50000, 0x00007f81eeb1e000, 0x00007f8b5c600000)
   the space 5193528K,  94% used [0x00007f80b1b50000, 0x00007f81de53a110, 0x00007f81de53a200, 0x00007f81eeb1e000)
 Metaspace       used 30691K, capacity 31110K, committed 31488K, reserved 32768K
}
Event: 111.689 GC heap before
{Heap before GC invocations=65 (full 4):
 def new generation   total 2337152K, used 2280314K [0x00007f7b5c600000, 0x00007f7bfadf0000, 0x00007f80b1b50000)
  eden space 2077504K, 100% used [0x00007f7b5c600000, 0x00007f7bdb2d0000, 0x00007f7bdb2d0000)
  from space 259648K,  78% used [0x00007f7bdb2d0000, 0x00007f7be78de8a8, 0x00007f7beb060000)
  to   space 259648K,   0% used [0x00007f7beb060000, 0x00007f7beb060000, 0x00007f7bfadf0000)
 tenured generation   total 5193528K, used 4925352K [0x00007f80b1b50000, 0x00007f81eeb1e000, 0x00007f8b5c600000)
   the space 5193528K,  94% used [0x00007f80b1b50000, 0x00007f81de53a110, 0x00007f81de53a200, 0x00007f81eeb1e000)
 Metaspace       used 30691K, capacity 31110K, committed 31488K, reserved 32768K
}
Event: 112.491 GC heap after
{Heap after GC invocations=66 (full 4):
 def new generation   total 2337152K, used 205875K [0x00007f7b5c600000, 0x00007f7bfadf0000, 0x00007f80b1b50000)
  eden space 2077504K,   0% used [0x00007f7b5c600000, 0x00007f7b5c600000, 0x00007f7bdb2d0000)
  from space 259648K,  79% used [0x00007f7beb060000, 0x00007f7bf796ce20, 0x00007f7bfadf0000)
  to   space 259648K,   0% used [0x00007f7bdb2d0000, 0x00007f7bdb2d0000, 0x00007f7beb060000)
 tenured generation   total 5193528K, used 5128162K [0x00007f80b1b50000, 0x00007f81eeb1e000, 0x00007f8b5c600000)
   the space 5193528K,  98% used [0x00007f80b1b50000, 0x00007f81eab48918, 0x00007f81eab48a00, 0x00007f81eeb1e000)
 Metaspace       used 30691K, capacity 31110K, committed 31488K, reserved 32768K
}
Event: 113.066 GC heap before
{Heap before GC invocations=66 (full 4):
 def new generation   total 2337152K, used 2283379K [0x00007f7b5c600000, 0x00007f7bfadf0000, 0x00007f80b1b50000)
  eden space 2077504K, 100% used [0x00007f7b5c600000, 0x00007f7bdb2d0000, 0x00007f7bdb2d0000)
  from space 259648K,  79% used [0x00007f7beb060000, 0x00007f7bf796ce20, 0x00007f7bfadf0000)
  to   space 259648K,   0% used [0x00007f7bdb2d0000, 0x00007f7bdb2d0000, 0x00007f7beb060000)
 tenured generation   total 5193528K, used 5128162K [0x00007f80b1b50000, 0x00007f81eeb1e000, 0x00007f8b5c600000)
   the space 5193528K,  98% used [0x00007f80b1b50000, 0x00007f81eab48918, 0x00007f81eab48a00, 0x00007f81eeb1e000)
 Metaspace       used 30691K, capacity 31110K, committed 31488K, reserved 32768K
}
Event: 113.819 GC heap after
{Heap after GC invocations=67 (full 4):
 def new generation   total 2337152K, used 207490K [0x00007f7b5c600000, 0x00007f7bfadf0000, 0x00007f80b1b50000)
  eden space 2077504K,   0% used [0x00007f7b5c600000, 0x00007f7b5c600000, 0x00007f7bdb2d0000)
  from space 259648K,  79% used [0x00007f7bdb2d0000, 0x00007f7be7d70838, 0x00007f7beb060000)
  to   space 259648K,   0% used [0x00007f7beb060000, 0x00007f7beb060000, 0x00007f7bfadf0000)
 tenured generation   total 5334072K, used 5334037K [0x00007f80b1b50000, 0x00007f81f745e000, 0x00007f8b5c600000)
   the space 5334072K,  99% used [0x00007f80b1b50000, 0x00007f81f7455488, 0x00007f81f7455600, 0x00007f81f745e000)
 Metaspace       used 30691K, capacity 31110K, committed 31488K, reserved 32768K
}
Event: 113.819 GC heap before
{Heap before GC invocations=67 (full 4):
 def new generation   total 2337152K, used 207490K [0x00007f7b5c600000, 0x00007f7bfadf0000, 0x00007f80b1b50000)
  eden space 2077504K,   0% used [0x00007f7b5c600000, 0x00007f7b5c600000, 0x00007f7bdb2d0000)
  from space 259648K,  79% used [0x00007f7bdb2d0000, 0x00007f7be7d70838, 0x00007f7beb060000)
  to   space 259648K,   0% used [0x00007f7beb060000, 0x00007f7beb060000, 0x00007f7bfadf0000)
 tenured generation   total 5334072K, used 5334037K [0x00007f80b1b50000, 0x00007f81f745e000, 0x00007f8b5c600000)
   the space 5334072K,  99% used [0x00007f80b1b50000, 0x00007f81f7455488, 0x00007f81f7455600, 0x00007f81f745e000)
 Metaspace       used 30691K, capacity 31110K, committed 31488K, reserved 32768K
}

