# JRE version: OpenJDK Runtime Environment (13.0.7+5) (build 13.0.7+5-Ubuntu-0ubuntu120.04)
# Java VM: OpenJDK 64-Bit Server VM (13.0.7+5-Ubuntu-0ubuntu120.04, mixed mode, tiered, serial gc, linux-amd64)
Heap:
 def new generation   total 15013184K, used 0K [0x00007fd980600000, 0x00007fdd7a850000, 0x00007fded5b50000)
  eden space 13345088K,   0% used [0x00007fd980600000, 0x00007fd980600000, 0x00007fdcaee50000)
  from space 1668096K,   0% used [0x00007fdd14b50000, 0x00007fdd14b50000, 0x00007fdd7a850000)
  to   space 1668096K,   0% used [0x00007fdcaee50000, 0x00007fdcaee50000, 0x00007fdd14b50000)
 tenured generation   total 44739264K, used 35406463K [0x00007fded5b50000, 0x00007fe980600000, 0x00007fe980600000)
   the space 44739264K,  79% used [0x00007fded5b50000, 0x00007fe746beff78, 0x00007fe746bf0000, 0x00007fe980600000)
 Metaspace       used 30335K, capacity 30731K, committed 30976K, reserved 32768K
GC Heap History (20 events):
Event: 646.035 GC heap after
{Heap after GC invocations=99 (full 8):
 def new generation   total 9068480K, used 801500K [0x00007fd980600000, 0x00007fdbe75e0000, 0x00007fded5b50000)
  eden space 8060928K,   0% used [0x00007fd980600000, 0x00007fd980600000, 0x00007fdb6c600000)
  from space 1007552K,  79% used [0x00007fdba9df0000, 0x00007fdbdaca7088, 0x00007fdbe75e0000)
  to   space 1007552K,   0% used [0x00007fdb6c600000, 0x00007fdb6c600000, 0x00007fdba9df0000)
 tenured generation   total 20152020K, used 20074053K [0x00007fded5b50000, 0x00007fe3a3b05000, 0x00007fe980600000)
   the space 20152020K,  99% used [0x00007fded5b50000, 0x00007fe39eee1738, 0x00007fe39eee1800, 0x00007fe3a3b05000)
 Metaspace       used 30335K, capacity 30731K, committed 30976K, reserved 32768K
}
Event: 648.317 GC heap before
{Heap before GC invocations=99 (full 8):
 def new generation   total 9068480K, used 8862428K [0x00007fd980600000, 0x00007fdbe75e0000, 0x00007fded5b50000)
  eden space 8060928K, 100% used [0x00007fd980600000, 0x00007fdb6c600000, 0x00007fdb6c600000)
  from space 1007552K,  79% used [0x00007fdba9df0000, 0x00007fdbdaca7088, 0x00007fdbe75e0000)
  to   space 1007552K,   0% used [0x00007fdb6c600000, 0x00007fdb6c600000, 0x00007fdba9df0000)
 tenured generation   total 20152020K, used 20074053K [0x00007fded5b50000, 0x00007fe3a3b05000, 0x00007fe980600000)
   the space 20152020K,  99% used [0x00007fded5b50000, 0x00007fe39eee1738, 0x00007fe39eee1800, 0x00007fe3a3b05000)
 Metaspace       used 30335K, capacity 30731K, committed 30976K, reserved 32768K
}
Event: 650.483 GC heap after
{Heap after GC invocations=100 (full 8):
 def new generation   total 9068480K, used 787412K [0x00007fd980600000, 0x00007fdbe75e0000, 0x00007fded5b50000)
  eden space 8060928K,   0% used [0x00007fd980600000, 0x00007fd980600000, 0x00007fdb6c600000)
  from space 1007552K,  78% used [0x00007fdb6c600000, 0x00007fdb9c6f5130, 0x00007fdba9df0000)
  to   space 1007552K,   0% used [0x00007fdba9df0000, 0x00007fdba9df0000, 0x00007fdbe75e0000)
 tenured generation   total 20875668K, used 20875553K [0x00007fded5b50000, 0x00007fe3cfdb5000, 0x00007fe980600000)
   the space 20875668K,  99% used [0x00007fded5b50000, 0x00007fe3cfd98690, 0x00007fe3cfd98800, 0x00007fe3cfdb5000)
 Metaspace       used 30335K, capacity 30731K, committed 30976K, reserved 32768K
}
Event: 650.483 GC heap before
{Heap before GC invocations=100 (full 8):
 def new generation   total 9068480K, used 787412K [0x00007fd980600000, 0x00007fdbe75e0000, 0x00007fded5b50000)
  eden space 8060928K,   0% used [0x00007fd980600000, 0x00007fd980600000, 0x00007fdb6c600000)
  from space 1007552K,  78% used [0x00007fdb6c600000, 0x00007fdb9c6f5130, 0x00007fdba9df0000)
  to   space 1007552K,   0% used [0x00007fdba9df0000, 0x00007fdba9df0000, 0x00007fdbe75e0000)
 tenured generation   total 20875668K, used 20875553K [0x00007fded5b50000, 0x00007fe3cfdb5000, 0x00007fe980600000)
   the space 20875668K,  99% used [0x00007fded5b50000, 0x00007fe3cfd98690, 0x00007fe3cfd98800, 0x00007fe3cfdb5000)
 Metaspace       used 30335K, capacity 30731K, committed 30976K, reserved 32768K
}
Event: 675.293 GC heap after
{Heap after GC invocations=100 (full 9):
 def new generation   total 15013184K, used 0K [0x00007fd980600000, 0x00007fdd7a850000, 0x00007fded5b50000)
  eden space 13345088K,   0% used [0x00007fd980600000, 0x00007fd980600000, 0x00007fdcaee50000)
  from space 1668096K,   0% used [0x00007fdcaee50000, 0x00007fdcaee50000, 0x00007fdd14b50000)
  to   space 1668096K,   0% used [0x00007fdd14b50000, 0x00007fdd14b50000, 0x00007fdd7a850000)
 tenured generation   total 33362528K, used 20017515K [0x00007fded5b50000, 0x00007fe6c9fe8000, 0x00007fe980600000)
   the space 33362528K,  59% used [0x00007fded5b50000, 0x00007fe39b7aac90, 0x00007fe39b7aae00, 0x00007fe6c9fe8000)
 Metaspace       used 30335K, capacity 30731K, committed 30976K, reserved 32768K
}
Event: 679.913 GC heap before
{Heap before GC invocations=100 (full 9):
 def new generation   total 15013184K, used 13345088K [0x00007fd980600000, 0x00007fdd7a850000, 0x00007fded5b50000)
  eden space 13345088K, 100% used [0x00007fd980600000, 0x00007fdcaee50000, 0x00007fdcaee50000)
  from space 1668096K,   0% used [0x00007fdcaee50000, 0x00007fdcaee50000, 0x00007fdd14b50000)
  to   space 1668096K,   0% used [0x00007fdd14b50000, 0x00007fdd14b50000, 0x00007fdd7a850000)
 tenured generation   total 33362528K, used 20017515K [0x00007fded5b50000, 0x00007fe6c9fe8000, 0x00007fe980600000)
   the space 33362528K,  59% used [0x00007fded5b50000, 0x00007fe39b7aac90, 0x00007fe39b7aae00, 0x00007fe6c9fe8000)
 Metaspace       used 30335K, capacity 30731K, committed 30976K, reserved 32768K
}
Event: 682.797 GC heap after
{Heap after GC invocations=101 (full 9):
 def new generation   total 15013184K, used 1292431K [0x00007fd980600000, 0x00007fdd7a850000, 0x00007fded5b50000)
  eden space 13345088K,   0% used [0x00007fd980600000, 0x00007fd980600000, 0x00007fdcaee50000)
  from space 1668096K,  77% used [0x00007fdd14b50000, 0x00007fdd63973e80, 0x00007fdd7a850000)
  to   space 1668096K,   0% used [0x00007fdcaee50000, 0x00007fdcaee50000, 0x00007fdd14b50000)
 tenured generation   total 33362528K, used 20017515K [0x00007fded5b50000, 0x00007fe6c9fe8000, 0x00007fe980600000)
   the space 33362528K,  59% used [0x00007fded5b50000, 0x00007fe39b7aac90, 0x00007fe39b7aae00, 0x00007fe6c9fe8000)
 Metaspace       used 30335K, capacity 30731K, committed 30976K, reserved 32768K
}
Event: 686.335 GC heap before
{Heap before GC invocations=101 (full 9):
 def new generation   total 15013184K, used 14637519K [0x00007fd980600000, 0x00007fdd7a850000, 0x00007fded5b50000)
  eden space 13345088K, 100% used [0x00007fd980600000, 0x00007fdcaee50000, 0x00007fdcaee50000)
  from space 1668096K,  77% used [0x00007fdd14b50000, 0x00007fdd63973e80, 0x00007fdd7a850000)
  to   space 1668096K,   0% used [0x00007fdcaee50000, 0x00007fdcaee50000, 0x00007fdd14b50000)
 tenured generation   total 33362528K, used 20017515K [0x00007fded5b50000, 0x00007fe6c9fe8000, 0x00007fe980600000)
   the space 33362528K,  59% used [0x00007fded5b50000, 0x00007fe39b7aac90, 0x00007fe39b7aae00, 0x00007fe6c9fe8000)
 Metaspace       used 30335K, capacity 30731K, committed 30976K, reserved 32768K
}
Event: 689.965 GC heap after
{Heap after GC invocations=102 (full 9):
 def new generation   total 15013184K, used 1280611K [0x00007fd980600000, 0x00007fdd7a850000, 0x00007fded5b50000)
  eden space 13345088K,   0% used [0x00007fd980600000, 0x00007fd980600000, 0x00007fdcaee50000)
  from space 1668096K,  76% used [0x00007fdcaee50000, 0x00007fdcfd0e8d38, 0x00007fdd14b50000)
  to   space 1668096K,   0% used [0x00007fdd14b50000, 0x00007fdd14b50000, 0x00007fdd7a850000)
 tenured generation   total 33362528K, used 21309946K [0x00007fded5b50000, 0x00007fe6c9fe8000, 0x00007fe980600000)
   the space 33362528K,  63% used [0x00007fded5b50000, 0x00007fe3ea5cea50, 0x00007fe3ea5cec00, 0x00007fe6c9fe8000)
 Metaspace       used 30335K, capacity 30731K, committed 30976K, reserved 32768K
}
Event: 693.811 GC heap before
{Heap before GC invocations=102 (full 9):
 def new generation   total 15013184K, used 14625699K [0x00007fd980600000, 0x00007fdd7a850000, 0x00007fded5b50000)
  eden space 13345088K, 100% used [0x00007fd980600000, 0x00007fdcaee50000, 0x00007fdcaee50000)
  from space 1668096K,  76% used [0x00007fdcaee50000, 0x00007fdcfd0e8d38, 0x00007fdd14b50000)
  to   space 1668096K,   0% used [0x00007fdd14b50000, 0x00007fdd14b50000, 0x00007fdd7a850000)
 tenured generation   total 33362528K, used 21309946K [0x00007fded5b50000, 0x00007fe6c9fe8000, 0x00007fe980600000)
   the space 33362528K,  63% used [0x00007fded5b50000, 0x00007fe3ea5cea50, 0x00007fe3ea5cec00, 0x00007fe6c9fe8000)
 Metaspace       used 30335K, capacity 30731K, committed 30976K, reserved 32768K
}
Event: 697.475 GC heap after
{Heap after GC invocations=103 (full 9):
 def new generation   total 15013184K, used 1301509K [0x00007fd980600000, 0x00007fdd7a850000, 0x00007fded5b50000)
  eden space 13345088K,   0% used [0x00007fd980600000, 0x00007fd980600000, 0x00007fdcaee50000)
  from space 1668096K,  78% used [0x00007fdd14b50000, 0x00007fdd642515d8, 0x00007fdd7a850000)
  to   space 1668096K,   0% used [0x00007fdcaee50000, 0x00007fdcaee50000, 0x00007fdd14b50000)
 tenured generation   total 33362528K, used 22590557K [0x00007fded5b50000, 0x00007fe6c9fe8000, 0x00007fe980600000)
   the space 33362528K,  67% used [0x00007fded5b50000, 0x00007fe4388676c8, 0x00007fe438867800, 0x00007fe6c9fe8000)
 Metaspace       used 30335K, capacity 30731K, committed 30976K, reserved 32768K
}
Event: 701.133 GC heap before
{Heap before GC invocations=103 (full 9):
 def new generation   total 15013184K, used 14646597K [0x00007fd980600000, 0x00007fdd7a850000, 0x00007fded5b50000)
  eden space 13345088K, 100% used [0x00007fd980600000, 0x00007fdcaee50000, 0x00007fdcaee50000)
  from space 1668096K,  78% used [0x00007fdd14b50000, 0x00007fdd642515d8, 0x00007fdd7a850000)
  to   space 1668096K,   0% used [0x00007fdcaee50000, 0x00007fdcaee50000, 0x00007fdd14b50000)
 tenured generation   total 33362528K, used 22590557K [0x00007fded5b50000, 0x00007fe6c9fe8000, 0x00007fe980600000)
   the space 33362528K,  67% used [0x00007fded5b50000, 0x00007fe4388676c8, 0x00007fe438867800, 0x00007fe6c9fe8000)
 Metaspace       used 30335K, capacity 30731K, committed 30976K, reserved 32768K
}
Event: 705.026 GC heap after
{Heap after GC invocations=104 (full 9):
 def new generation   total 15013184K, used 1333059K [0x00007fd980600000, 0x00007fdd7a850000, 0x00007fded5b50000)
  eden space 13345088K,   0% used [0x00007fd980600000, 0x00007fd980600000, 0x00007fdcaee50000)
  from space 1668096K,  79% used [0x00007fdcaee50000, 0x00007fdd00420c68, 0x00007fdd14b50000)
  to   space 1668096K,   0% used [0x00007fdd14b50000, 0x00007fdd14b50000, 0x00007fdd7a850000)
 tenured generation   total 33362528K, used 23892066K [0x00007fded5b50000, 0x00007fe6c9fe8000, 0x00007fe980600000)
   the space 33362528K,  71% used [0x00007fded5b50000, 0x00007fe487f68b80, 0x00007fe487f68c00, 0x00007fe6c9fe8000)
 Metaspace       used 30335K, capacity 30731K, committed 30976K, reserved 32768K
}
Event: 708.557 GC heap before
{Heap before GC invocations=104 (full 9):
 def new generation   total 15013184K, used 14678147K [0x00007fd980600000, 0x00007fdd7a850000, 0x00007fded5b50000)
  eden space 13345088K, 100% used [0x00007fd980600000, 0x00007fdcaee50000, 0x00007fdcaee50000)
  from space 1668096K,  79% used [0x00007fdcaee50000, 0x00007fdd00420c68, 0x00007fdd14b50000)
  to   space 1668096K,   0% used [0x00007fdd14b50000, 0x00007fdd14b50000, 0x00007fdd7a850000)
 tenured generation   total 33362528K, used 23892066K [0x00007fded5b50000, 0x00007fe6c9fe8000, 0x00007fe980600000)
   the space 33362528K,  71% used [0x00007fded5b50000, 0x00007fe487f68b80, 0x00007fe487f68c00, 0x00007fe6c9fe8000)
 Metaspace       used 30335K, capacity 30731K, committed 30976K, reserved 32768K
}
Event: 712.194 GC heap after
{Heap after GC invocations=105 (full 9):
 def new generation   total 15013184K, used 1329512K [0x00007fd980600000, 0x00007fdd7a850000, 0x00007fded5b50000)
  eden space 13345088K,   0% used [0x00007fd980600000, 0x00007fd980600000, 0x00007fdcaee50000)
  from space 1668096K,  79% used [0x00007fdd14b50000, 0x00007fdd65daa218, 0x00007fdd7a850000)
  to   space 1668096K,   0% used [0x00007fdcaee50000, 0x00007fdcaee50000, 0x00007fdd14b50000)
 tenured generation   total 33362528K, used 25225125K [0x00007fded5b50000, 0x00007fe6c9fe8000, 0x00007fe980600000)
   the space 33362528K,  75% used [0x00007fded5b50000, 0x00007fe4d9539668, 0x00007fe4d9539800, 0x00007fe6c9fe8000)
 Metaspace       used 30335K, capacity 30731K, committed 30976K, reserved 32768K
}
Event: 780.157 GC heap before
{Heap before GC invocations=105 (full 9):
 def new generation   total 15013184K, used 14674600K [0x00007fd980600000, 0x00007fdd7a850000, 0x00007fded5b50000)
  eden space 13345088K, 100% used [0x00007fd980600000, 0x00007fdcaee50000, 0x00007fdcaee50000)
  from space 1668096K,  79% used [0x00007fdd14b50000, 0x00007fdd65daa218, 0x00007fdd7a850000)
  to   space 1668096K,   0% used [0x00007fdcaee50000, 0x00007fdcaee50000, 0x00007fdd14b50000)
 tenured generation   total 33362528K, used 25225125K [0x00007fded5b50000, 0x00007fe6c9fe8000, 0x00007fe980600000)
   the space 33362528K,  75% used [0x00007fded5b50000, 0x00007fe4d9539668, 0x00007fe4d9539800, 0x00007fe6c9fe8000)
 Metaspace       used 30335K, capacity 30731K, committed 30976K, reserved 32768K
}
Event: 795.617 GC heap after
{Heap after GC invocations=106 (full 9):
 def new generation   total 15013184K, used 1668096K [0x00007fd980600000, 0x00007fdd7a850000, 0x00007fded5b50000)
  eden space 13345088K,   0% used [0x00007fd980600000, 0x00007fd980600000, 0x00007fdcaee50000)
  from space 1668096K, 100% used [0x00007fdcaee50000, 0x00007fdd14b50000, 0x00007fdd14b50000)
  to   space 1668096K,   0% used [0x00007fdd14b50000, 0x00007fdd14b50000, 0x00007fdd7a850000)
 tenured generation   total 33362528K, used 32237160K [0x00007fded5b50000, 0x00007fe6c9fe8000, 0x00007fe980600000)
   the space 33362528K,  96% used [0x00007fded5b50000, 0x00007fe6854ea370, 0x00007fe6854ea400, 0x00007fe6c9fe8000)
 Metaspace       used 30335K, capacity 30731K, committed 30976K, reserved 32768K
}
Event: 1096.237 GC heap before
{Heap before GC invocations=106 (full 9):
 def new generation   total 15013184K, used 15013184K [0x00007fd980600000, 0x00007fdd7a850000, 0x00007fded5b50000)
  eden space 13345088K, 100% used [0x00007fd980600000, 0x00007fdcaee50000, 0x00007fdcaee50000)
  from space 1668096K, 100% used [0x00007fdcaee50000, 0x00007fdd14b50000, 0x00007fdd14b50000)
  to   space 1668096K,   0% used [0x00007fdd14b50000, 0x00007fdd14b50000, 0x00007fdd7a850000)
 tenured generation   total 33362528K, used 32237160K [0x00007fded5b50000, 0x00007fe6c9fe8000, 0x00007fe980600000)
   the space 33362528K,  96% used [0x00007fded5b50000, 0x00007fe6854ea370, 0x00007fe6854ea400, 0x00007fe6c9fe8000)
 Metaspace       used 30335K, capacity 30731K, committed 30976K, reserved 32768K
}
Event: 1115.910 GC heap after
{Heap after GC invocations=107 (full 9):
 def new generation   total 15013184K, used 1668096K [0x00007fd980600000, 0x00007fdd7a850000, 0x00007fded5b50000)
  eden space 13345088K,   0% used [0x00007fd980600000, 0x00007fd980600000, 0x00007fdcaee50000)
  from space 1668096K, 100% used [0x00007fdd14b50000, 0x00007fdd7a850000, 0x00007fdd7a850000)
  to   space 1668096K,   0% used [0x00007fdcaee50000, 0x00007fdcaee50000, 0x00007fdd14b50000)
 tenured generation   total 40461156K, used 40461127K [0x00007fded5b50000, 0x00007fe87b429000, 0x00007fe980600000)
   the space 40461156K,  99% used [0x00007fded5b50000, 0x00007fe87b421da0, 0x00007fe87b421e00, 0x00007fe87b429000)
 Metaspace       used 30335K, capacity 30731K, committed 30976K, reserved 32768K
}
Event: 1115.910 GC heap before
{Heap before GC invocations=107 (full 9):
 def new generation   total 15013184K, used 1668096K [0x00007fd980600000, 0x00007fdd7a850000, 0x00007fded5b50000)
  eden space 13345088K,   0% used [0x00007fd980600000, 0x00007fd980600000, 0x00007fdcaee50000)
  from space 1668096K, 100% used [0x00007fdd14b50000, 0x00007fdd7a850000, 0x00007fdd7a850000)
  to   space 1668096K,   0% used [0x00007fdcaee50000, 0x00007fdcaee50000, 0x00007fdd14b50000)
 tenured generation   total 40461156K, used 40461127K [0x00007fded5b50000, 0x00007fe87b429000, 0x00007fe980600000)
   the space 40461156K,  99% used [0x00007fded5b50000, 0x00007fe87b421da0, 0x00007fe87b421e00, 0x00007fe87b429000)
 Metaspace       used 30335K, capacity 30731K, committed 30976K, reserved 32768K
}

