# JRE version: OpenJDK Runtime Environment (13.0.7+5) (build 13.0.7+5-Ubuntu-0ubuntu120.04)
# Java VM: OpenJDK 64-Bit Server VM (13.0.7+5-Ubuntu-0ubuntu120.04, mixed mode, tiered, serial gc, linux-amd64)
Heap:
 def new generation   total 1101120K, used 36702K [0x00007f17e4600000, 0x00007f182f0c0000, 0x00007f1d39b50000)
  eden space 978816K,   3% used [0x00007f17e4600000, 0x00007f17e69d7970, 0x00007f18201e0000)
  from space 122304K,   0% used [0x00007f1827950000, 0x00007f1827950000, 0x00007f182f0c0000)
  to   space 122304K,   0% used [0x00007f18201e0000, 0x00007f18201e0000, 0x00007f1827950000)
 tenured generation   total 2518916K, used 2518915K [0x00007f1d39b50000, 0x00007f1dd3731000, 0x00007f27e4600000)
   the space 2518916K,  99% used [0x00007f1d39b50000, 0x00007f1dd3730ff8, 0x00007f1dd3731000, 0x00007f1dd3731000)
 Metaspace       used 30504K, capacity 30973K, committed 31232K, reserved 32768K
GC Heap History (20 events):
Event: 75.977 GC heap after
{Heap after GC invocations=41 (full 6):
 def new generation   total 1101120K, used 96051K [0x00007f17e4600000, 0x00007f182f0c0000, 0x00007f1d39b50000)
  eden space 978816K,   0% used [0x00007f17e4600000, 0x00007f17e4600000, 0x00007f18201e0000)
  from space 122304K,  78% used [0x00007f18201e0000, 0x00007f1825face50, 0x00007f1827950000)
  to   space 122304K,   0% used [0x00007f1827950000, 0x00007f1827950000, 0x00007f182f0c0000)
 tenured generation   total 2446724K, used 1804734K [0x00007f1d39b50000, 0x00007f1dcf0b1000, 0x00007f27e4600000)
   the space 2446724K,  73% used [0x00007f1d39b50000, 0x00007f1da7dbfa80, 0x00007f1da7dbfc00, 0x00007f1dcf0b1000)
 Metaspace       used 30504K, capacity 30973K, committed 31232K, reserved 32768K
}
Event: 76.305 GC heap before
{Heap before GC invocations=41 (full 6):
 def new generation   total 1101120K, used 1074867K [0x00007f17e4600000, 0x00007f182f0c0000, 0x00007f1d39b50000)
  eden space 978816K, 100% used [0x00007f17e4600000, 0x00007f18201e0000, 0x00007f18201e0000)
  from space 122304K,  78% used [0x00007f18201e0000, 0x00007f1825face50, 0x00007f1827950000)
  to   space 122304K,   0% used [0x00007f1827950000, 0x00007f1827950000, 0x00007f182f0c0000)
 tenured generation   total 2446724K, used 1804734K [0x00007f1d39b50000, 0x00007f1dcf0b1000, 0x00007f27e4600000)
   the space 2446724K,  73% used [0x00007f1d39b50000, 0x00007f1da7dbfa80, 0x00007f1da7dbfc00, 0x00007f1dcf0b1000)
 Metaspace       used 30504K, capacity 30973K, committed 31232K, reserved 32768K
}
Event: 76.603 GC heap after
{Heap after GC invocations=42 (full 6):
 def new generation   total 1101120K, used 77097K [0x00007f17e4600000, 0x00007f182f0c0000, 0x00007f1d39b50000)
  eden space 978816K,   0% used [0x00007f17e4600000, 0x00007f17e4600000, 0x00007f18201e0000)
  from space 122304K,  63% used [0x00007f1827950000, 0x00007f182c49a668, 0x00007f182f0c0000)
  to   space 122304K,   0% used [0x00007f18201e0000, 0x00007f18201e0000, 0x00007f1827950000)
 tenured generation   total 2446724K, used 1900785K [0x00007f1d39b50000, 0x00007f1dcf0b1000, 0x00007f27e4600000)
   the space 2446724K,  77% used [0x00007f1d39b50000, 0x00007f1dadb8c6a0, 0x00007f1dadb8c800, 0x00007f1dcf0b1000)
 Metaspace       used 30504K, capacity 30973K, committed 31232K, reserved 32768K
}
Event: 76.926 GC heap before
{Heap before GC invocations=42 (full 6):
 def new generation   total 1101120K, used 1055913K [0x00007f17e4600000, 0x00007f182f0c0000, 0x00007f1d39b50000)
  eden space 978816K, 100% used [0x00007f17e4600000, 0x00007f18201e0000, 0x00007f18201e0000)
  from space 122304K,  63% used [0x00007f1827950000, 0x00007f182c49a668, 0x00007f182f0c0000)
  to   space 122304K,   0% used [0x00007f18201e0000, 0x00007f18201e0000, 0x00007f1827950000)
 tenured generation   total 2446724K, used 1900785K [0x00007f1d39b50000, 0x00007f1dcf0b1000, 0x00007f27e4600000)
   the space 2446724K,  77% used [0x00007f1d39b50000, 0x00007f1dadb8c6a0, 0x00007f1dadb8c800, 0x00007f1dcf0b1000)
 Metaspace       used 30504K, capacity 30973K, committed 31232K, reserved 32768K
}
Event: 77.193 GC heap after
{Heap after GC invocations=43 (full 6):
 def new generation   total 1101120K, used 71828K [0x00007f17e4600000, 0x00007f182f0c0000, 0x00007f1d39b50000)
  eden space 978816K,   0% used [0x00007f17e4600000, 0x00007f17e4600000, 0x00007f18201e0000)
  from space 122304K,  58% used [0x00007f18201e0000, 0x00007f1824805148, 0x00007f1827950000)
  to   space 122304K,   0% used [0x00007f1827950000, 0x00007f1827950000, 0x00007f182f0c0000)
 tenured generation   total 2446724K, used 1977882K [0x00007f1d39b50000, 0x00007f1dcf0b1000, 0x00007f27e4600000)
   the space 2446724K,  80% used [0x00007f1d39b50000, 0x00007f1db26d6a88, 0x00007f1db26d6c00, 0x00007f1dcf0b1000)
 Metaspace       used 30504K, capacity 30973K, committed 31232K, reserved 32768K
}
Event: 77.480 GC heap before
{Heap before GC invocations=43 (full 6):
 def new generation   total 1101120K, used 1050644K [0x00007f17e4600000, 0x00007f182f0c0000, 0x00007f1d39b50000)
  eden space 978816K, 100% used [0x00007f17e4600000, 0x00007f18201e0000, 0x00007f18201e0000)
  from space 122304K,  58% used [0x00007f18201e0000, 0x00007f1824805148, 0x00007f1827950000)
  to   space 122304K,   0% used [0x00007f1827950000, 0x00007f1827950000, 0x00007f182f0c0000)
 tenured generation   total 2446724K, used 1977882K [0x00007f1d39b50000, 0x00007f1dcf0b1000, 0x00007f27e4600000)
   the space 2446724K,  80% used [0x00007f1d39b50000, 0x00007f1db26d6a88, 0x00007f1db26d6c00, 0x00007f1dcf0b1000)
 Metaspace       used 30504K, capacity 30973K, committed 31232K, reserved 32768K
}
Event: 77.746 GC heap after
{Heap after GC invocations=44 (full 6):
 def new generation   total 1101120K, used 76923K [0x00007f17e4600000, 0x00007f182f0c0000, 0x00007f1d39b50000)
  eden space 978816K,   0% used [0x00007f17e4600000, 0x00007f17e4600000, 0x00007f18201e0000)
  from space 122304K,  62% used [0x00007f1827950000, 0x00007f182c46edd8, 0x00007f182f0c0000)
  to   space 122304K,   0% used [0x00007f18201e0000, 0x00007f18201e0000, 0x00007f1827950000)
 tenured generation   total 2446724K, used 2049710K [0x00007f1d39b50000, 0x00007f1dcf0b1000, 0x00007f27e4600000)
   the space 2446724K,  83% used [0x00007f1d39b50000, 0x00007f1db6cfb9b0, 0x00007f1db6cfba00, 0x00007f1dcf0b1000)
 Metaspace       used 30504K, capacity 30973K, committed 31232K, reserved 32768K
}
Event: 78.039 GC heap before
{Heap before GC invocations=44 (full 6):
 def new generation   total 1101120K, used 1055739K [0x00007f17e4600000, 0x00007f182f0c0000, 0x00007f1d39b50000)
  eden space 978816K, 100% used [0x00007f17e4600000, 0x00007f18201e0000, 0x00007f18201e0000)
  from space 122304K,  62% used [0x00007f1827950000, 0x00007f182c46edd8, 0x00007f182f0c0000)
  to   space 122304K,   0% used [0x00007f18201e0000, 0x00007f18201e0000, 0x00007f1827950000)
 tenured generation   total 2446724K, used 2049710K [0x00007f1d39b50000, 0x00007f1dcf0b1000, 0x00007f27e4600000)
   the space 2446724K,  83% used [0x00007f1d39b50000, 0x00007f1db6cfb9b0, 0x00007f1db6cfba00, 0x00007f1dcf0b1000)
 Metaspace       used 30504K, capacity 30973K, committed 31232K, reserved 32768K
}
Event: 78.299 GC heap after
{Heap after GC invocations=45 (full 6):
 def new generation   total 1101120K, used 78631K [0x00007f17e4600000, 0x00007f182f0c0000, 0x00007f1d39b50000)
  eden space 978816K,   0% used [0x00007f17e4600000, 0x00007f17e4600000, 0x00007f18201e0000)
  from space 122304K,  64% used [0x00007f18201e0000, 0x00007f1824ea9c30, 0x00007f1827950000)
  to   space 122304K,   0% used [0x00007f1827950000, 0x00007f1827950000, 0x00007f182f0c0000)
 tenured generation   total 2446724K, used 2126633K [0x00007f1d39b50000, 0x00007f1dcf0b1000, 0x00007f27e4600000)
   the space 2446724K,  86% used [0x00007f1d39b50000, 0x00007f1dbb81a528, 0x00007f1dbb81a600, 0x00007f1dcf0b1000)
 Metaspace       used 30504K, capacity 30973K, committed 31232K, reserved 32768K
}
Event: 78.574 GC heap before
{Heap before GC invocations=45 (full 6):
 def new generation   total 1101120K, used 1057447K [0x00007f17e4600000, 0x00007f182f0c0000, 0x00007f1d39b50000)
  eden space 978816K, 100% used [0x00007f17e4600000, 0x00007f18201e0000, 0x00007f18201e0000)
  from space 122304K,  64% used [0x00007f18201e0000, 0x00007f1824ea9c30, 0x00007f1827950000)
  to   space 122304K,   0% used [0x00007f1827950000, 0x00007f1827950000, 0x00007f182f0c0000)
 tenured generation   total 2446724K, used 2126633K [0x00007f1d39b50000, 0x00007f1dcf0b1000, 0x00007f27e4600000)
   the space 2446724K,  86% used [0x00007f1d39b50000, 0x00007f1dbb81a528, 0x00007f1dbb81a600, 0x00007f1dcf0b1000)
 Metaspace       used 30504K, capacity 30973K, committed 31232K, reserved 32768K
}
Event: 78.803 GC heap after
{Heap after GC invocations=46 (full 6):
 def new generation   total 1101120K, used 71827K [0x00007f17e4600000, 0x00007f182f0c0000, 0x00007f1d39b50000)
  eden space 978816K,   0% used [0x00007f17e4600000, 0x00007f17e4600000, 0x00007f18201e0000)
  from space 122304K,  58% used [0x00007f1827950000, 0x00007f182bf74c80, 0x00007f182f0c0000)
  to   space 122304K,   0% used [0x00007f18201e0000, 0x00007f18201e0000, 0x00007f1827950000)
 tenured generation   total 2446724K, used 2205264K [0x00007f1d39b50000, 0x00007f1dcf0b1000, 0x00007f27e4600000)
   the space 2446724K,  90% used [0x00007f1d39b50000, 0x00007f1dc04e40b8, 0x00007f1dc04e4200, 0x00007f1dcf0b1000)
 Metaspace       used 30504K, capacity 30973K, committed 31232K, reserved 32768K
}
Event: 79.074 GC heap before
{Heap before GC invocations=46 (full 6):
 def new generation   total 1101120K, used 1050643K [0x00007f17e4600000, 0x00007f182f0c0000, 0x00007f1d39b50000)
  eden space 978816K, 100% used [0x00007f17e4600000, 0x00007f18201e0000, 0x00007f18201e0000)
  from space 122304K,  58% used [0x00007f1827950000, 0x00007f182bf74c80, 0x00007f182f0c0000)
  to   space 122304K,   0% used [0x00007f18201e0000, 0x00007f18201e0000, 0x00007f1827950000)
 tenured generation   total 2446724K, used 2205264K [0x00007f1d39b50000, 0x00007f1dcf0b1000, 0x00007f27e4600000)
   the space 2446724K,  90% used [0x00007f1d39b50000, 0x00007f1dc04e40b8, 0x00007f1dc04e4200, 0x00007f1dcf0b1000)
 Metaspace       used 30504K, capacity 30973K, committed 31232K, reserved 32768K
}
Event: 79.371 GC heap after
{Heap after GC invocations=47 (full 6):
 def new generation   total 1101120K, used 76368K [0x00007f17e4600000, 0x00007f182f0c0000, 0x00007f1d39b50000)
  eden space 978816K,   0% used [0x00007f17e4600000, 0x00007f17e4600000, 0x00007f18201e0000)
  from space 122304K,  62% used [0x00007f18201e0000, 0x00007f1824c741b0, 0x00007f1827950000)
  to   space 122304K,   0% used [0x00007f1827950000, 0x00007f1827950000, 0x00007f182f0c0000)
 tenured generation   total 2446724K, used 2277090K [0x00007f1d39b50000, 0x00007f1dcf0b1000, 0x00007f27e4600000)
   the space 2446724K,  93% used [0x00007f1d39b50000, 0x00007f1dc4b08998, 0x00007f1dc4b08a00, 0x00007f1dcf0b1000)
 Metaspace       used 30504K, capacity 30973K, committed 31232K, reserved 32768K
}
Event: 79.665 GC heap before
{Heap before GC invocations=47 (full 6):
 def new generation   total 1101120K, used 1055184K [0x00007f17e4600000, 0x00007f182f0c0000, 0x00007f1d39b50000)
  eden space 978816K, 100% used [0x00007f17e4600000, 0x00007f18201e0000, 0x00007f18201e0000)
  from space 122304K,  62% used [0x00007f18201e0000, 0x00007f1824c741b0, 0x00007f1827950000)
  to   space 122304K,   0% used [0x00007f1827950000, 0x00007f1827950000, 0x00007f182f0c0000)
 tenured generation   total 2446724K, used 2277090K [0x00007f1d39b50000, 0x00007f1dcf0b1000, 0x00007f27e4600000)
   the space 2446724K,  93% used [0x00007f1d39b50000, 0x00007f1dc4b08998, 0x00007f1dc4b08a00, 0x00007f1dcf0b1000)
 Metaspace       used 30504K, capacity 30973K, committed 31232K, reserved 32768K
}
Event: 79.951 GC heap after
{Heap after GC invocations=48 (full 6):
 def new generation   total 1101120K, used 89152K [0x00007f17e4600000, 0x00007f182f0c0000, 0x00007f1d39b50000)
  eden space 978816K,   0% used [0x00007f17e4600000, 0x00007f17e4600000, 0x00007f18201e0000)
  from space 122304K,  72% used [0x00007f1827950000, 0x00007f182d0601e8, 0x00007f182f0c0000)
  to   space 122304K,   0% used [0x00007f18201e0000, 0x00007f18201e0000, 0x00007f1827950000)
 tenured generation   total 2446724K, used 2353458K [0x00007f1d39b50000, 0x00007f1dcf0b1000, 0x00007f27e4600000)
   the space 2446724K,  96% used [0x00007f1d39b50000, 0x00007f1dc959ca18, 0x00007f1dc959cc00, 0x00007f1dcf0b1000)
 Metaspace       used 30504K, capacity 30973K, committed 31232K, reserved 32768K
}
Event: 80.223 GC heap before
{Heap before GC invocations=48 (full 6):
 def new generation   total 1101120K, used 1067968K [0x00007f17e4600000, 0x00007f182f0c0000, 0x00007f1d39b50000)
  eden space 978816K, 100% used [0x00007f17e4600000, 0x00007f18201e0000, 0x00007f18201e0000)
  from space 122304K,  72% used [0x00007f1827950000, 0x00007f182d0601e8, 0x00007f182f0c0000)
  to   space 122304K,   0% used [0x00007f18201e0000, 0x00007f18201e0000, 0x00007f1827950000)
 tenured generation   total 2446724K, used 2353458K [0x00007f1d39b50000, 0x00007f1dcf0b1000, 0x00007f27e4600000)
   the space 2446724K,  96% used [0x00007f1d39b50000, 0x00007f1dc959ca18, 0x00007f1dc959cc00, 0x00007f1dcf0b1000)
 Metaspace       used 30504K, capacity 30973K, committed 31232K, reserved 32768K
}
Event: 80.524 GC heap after
{Heap after GC invocations=49 (full 6):
 def new generation   total 1101120K, used 76186K [0x00007f17e4600000, 0x00007f182f0c0000, 0x00007f1d39b50000)
  eden space 978816K,   0% used [0x00007f17e4600000, 0x00007f17e4600000, 0x00007f18201e0000)
  from space 122304K,  62% used [0x00007f18201e0000, 0x00007f1824c46aa0, 0x00007f1827950000)
  to   space 122304K,   0% used [0x00007f1827950000, 0x00007f1827950000, 0x00007f182f0c0000)
 tenured generation   total 2446724K, used 2442610K [0x00007f1d39b50000, 0x00007f1dcf0b1000, 0x00007f27e4600000)
   the space 2446724K,  99% used [0x00007f1d39b50000, 0x00007f1dcecac8d0, 0x00007f1dcecaca00, 0x00007f1dcf0b1000)
 Metaspace       used 30504K, capacity 30973K, committed 31232K, reserved 32768K
}
Event: 80.797 GC heap before
{Heap before GC invocations=49 (full 6):
 def new generation   total 1101120K, used 1055002K [0x00007f17e4600000, 0x00007f182f0c0000, 0x00007f1d39b50000)
  eden space 978816K, 100% used [0x00007f17e4600000, 0x00007f18201e0000, 0x00007f18201e0000)
  from space 122304K,  62% used [0x00007f18201e0000, 0x00007f1824c46aa0, 0x00007f1827950000)
  to   space 122304K,   0% used [0x00007f1827950000, 0x00007f1827950000, 0x00007f182f0c0000)
 tenured generation   total 2446724K, used 2442610K [0x00007f1d39b50000, 0x00007f1dcf0b1000, 0x00007f27e4600000)
   the space 2446724K,  99% used [0x00007f1d39b50000, 0x00007f1dcecac8d0, 0x00007f1dcecaca00, 0x00007f1dcf0b1000)
 Metaspace       used 30504K, capacity 30973K, committed 31232K, reserved 32768K
}
Event: 81.129 GC heap after
{Heap after GC invocations=50 (full 6):
 def new generation   total 1101120K, used 75522K [0x00007f17e4600000, 0x00007f182f0c0000, 0x00007f1d39b50000)
  eden space 978816K,   0% used [0x00007f17e4600000, 0x00007f17e4600000, 0x00007f18201e0000)
  from space 122304K,  61% used [0x00007f1827950000, 0x00007f182c3108d8, 0x00007f182f0c0000)
  to   space 122304K,   0% used [0x00007f18201e0000, 0x00007f18201e0000, 0x00007f1827950000)
 tenured generation   total 2518916K, used 2518796K [0x00007f1d39b50000, 0x00007f1dd3731000, 0x00007f27e4600000)
   the space 2518916K,  99% used [0x00007f1d39b50000, 0x00007f1dd37130a0, 0x00007f1dd3713200, 0x00007f1dd3731000)
 Metaspace       used 30504K, capacity 30973K, committed 31232K, reserved 32768K
}
Event: 81.129 GC heap before
{Heap before GC invocations=50 (full 6):
 def new generation   total 1101120K, used 75522K [0x00007f17e4600000, 0x00007f182f0c0000, 0x00007f1d39b50000)
  eden space 978816K,   0% used [0x00007f17e4600000, 0x00007f17e4600000, 0x00007f18201e0000)
  from space 122304K,  61% used [0x00007f1827950000, 0x00007f182c3108d8, 0x00007f182f0c0000)
  to   space 122304K,   0% used [0x00007f18201e0000, 0x00007f18201e0000, 0x00007f1827950000)
 tenured generation   total 2518916K, used 2518796K [0x00007f1d39b50000, 0x00007f1dd3731000, 0x00007f27e4600000)
   the space 2518916K,  99% used [0x00007f1d39b50000, 0x00007f1dd37130a0, 0x00007f1dd3713200, 0x00007f1dd3731000)
 Metaspace       used 30504K, capacity 30973K, committed 31232K, reserved 32768K
}

