# JRE version: OpenJDK Runtime Environment (13.0.7+5) (build 13.0.7+5-Ubuntu-0ubuntu120.04)
# Java VM: OpenJDK 64-Bit Server VM (13.0.7+5-Ubuntu-0ubuntu120.04, mixed mode, tiered, serial gc, linux-amd64)
Heap:
 def new generation   total 2915776K, used 39519K [0x00007ef7f0600000, 0x00007ef8b61d0000, 0x00007efd45b50000)
  eden space 2591808K,   1% used [0x00007ef7f0600000, 0x00007ef7f2c97c98, 0x00007ef88e910000)
  from space 323968K,   0% used [0x00007ef88e910000, 0x00007ef88e910000, 0x00007ef8a2570000)
  to   space 323968K,   0% used [0x00007ef8a2570000, 0x00007ef8a2570000, 0x00007ef8b61d0000)
 tenured generation   total 6479832K, used 6479832K [0x00007efd45b50000, 0x00007efed1346000, 0x00007f07f0600000)
   the space 6479832K, 100% used [0x00007efd45b50000, 0x00007efed1346000, 0x00007efed1346000, 0x00007efed1346000)
 Metaspace       used 24222K, capacity 24640K, committed 24832K, reserved 26624K
GC Heap History (20 events):
Event: 4938.955 GC heap after
{Heap after GC invocations=5409 (full 4):
 def new generation   total 2915776K, used 39472K [0x00007ef7f0600000, 0x00007ef8b61d0000, 0x00007efd45b50000)
  eden space 2591808K,   0% used [0x00007ef7f0600000, 0x00007ef7f0600000, 0x00007ef88e910000)
  from space 323968K,  12% used [0x00007ef8a2570000, 0x00007ef8a4bfc188, 0x00007ef8b61d0000)
  to   space 323968K,   0% used [0x00007ef88e910000, 0x00007ef88e910000, 0x00007ef8a2570000)
 tenured generation   total 6479448K, used 6456151K [0x00007efd45b50000, 0x00007efed12e6000, 0x00007f07f0600000)
   the space 6479448K,  99% used [0x00007efd45b50000, 0x00007efecfc25c70, 0x00007efecfc25e00, 0x00007efed12e6000)
 Metaspace       used 24222K, capacity 24640K, committed 24832K, reserved 26624K
}
Event: 4940.758 GC heap before
{Heap before GC invocations=5409 (full 4):
 def new generation   total 2915776K, used 2631280K [0x00007ef7f0600000, 0x00007ef8b61d0000, 0x00007efd45b50000)
  eden space 2591808K, 100% used [0x00007ef7f0600000, 0x00007ef88e910000, 0x00007ef88e910000)
  from space 323968K,  12% used [0x00007ef8a2570000, 0x00007ef8a4bfc188, 0x00007ef8b61d0000)
  to   space 323968K,   0% used [0x00007ef88e910000, 0x00007ef88e910000, 0x00007ef8a2570000)
 tenured generation   total 6479448K, used 6456151K [0x00007efd45b50000, 0x00007efed12e6000, 0x00007f07f0600000)
   the space 6479448K,  99% used [0x00007efd45b50000, 0x00007efecfc25c70, 0x00007efecfc25e00, 0x00007efed12e6000)
 Metaspace       used 24222K, capacity 24640K, committed 24832K, reserved 26624K
}
Event: 4940.810 GC heap after
{Heap after GC invocations=5410 (full 4):
 def new generation   total 2915776K, used 39593K [0x00007ef7f0600000, 0x00007ef8b61d0000, 0x00007efd45b50000)
  eden space 2591808K,   0% used [0x00007ef7f0600000, 0x00007ef7f0600000, 0x00007ef88e910000)
  from space 323968K,  12% used [0x00007ef88e910000, 0x00007ef890fba6e8, 0x00007ef8a2570000)
  to   space 323968K,   0% used [0x00007ef8a2570000, 0x00007ef8a2570000, 0x00007ef8b61d0000)
 tenured generation   total 6479448K, used 6458690K [0x00007efd45b50000, 0x00007efed12e6000, 0x00007f07f0600000)
   the space 6479448K,  99% used [0x00007efd45b50000, 0x00007efecfea0b00, 0x00007efecfea0c00, 0x00007efed12e6000)
 Metaspace       used 24222K, capacity 24640K, committed 24832K, reserved 26624K
}
Event: 4942.546 GC heap before
{Heap before GC invocations=5410 (full 4):
 def new generation   total 2915776K, used 2631401K [0x00007ef7f0600000, 0x00007ef8b61d0000, 0x00007efd45b50000)
  eden space 2591808K, 100% used [0x00007ef7f0600000, 0x00007ef88e910000, 0x00007ef88e910000)
  from space 323968K,  12% used [0x00007ef88e910000, 0x00007ef890fba6e8, 0x00007ef8a2570000)
  to   space 323968K,   0% used [0x00007ef8a2570000, 0x00007ef8a2570000, 0x00007ef8b61d0000)
 tenured generation   total 6479448K, used 6458690K [0x00007efd45b50000, 0x00007efed12e6000, 0x00007f07f0600000)
   the space 6479448K,  99% used [0x00007efd45b50000, 0x00007efecfea0b00, 0x00007efecfea0c00, 0x00007efed12e6000)
 Metaspace       used 24222K, capacity 24640K, committed 24832K, reserved 26624K
}
Event: 4942.592 GC heap after
{Heap after GC invocations=5411 (full 4):
 def new generation   total 2915776K, used 39576K [0x00007ef7f0600000, 0x00007ef8b61d0000, 0x00007efd45b50000)
  eden space 2591808K,   0% used [0x00007ef7f0600000, 0x00007ef7f0600000, 0x00007ef88e910000)
  from space 323968K,  12% used [0x00007ef8a2570000, 0x00007ef8a4c16060, 0x00007ef8b61d0000)
  to   space 323968K,   0% used [0x00007ef88e910000, 0x00007ef88e910000, 0x00007ef8a2570000)
 tenured generation   total 6479448K, used 6461334K [0x00007efd45b50000, 0x00007efed12e6000, 0x00007f07f0600000)
   the space 6479448K,  99% used [0x00007efd45b50000, 0x00007efed0135810, 0x00007efed0135a00, 0x00007efed12e6000)
 Metaspace       used 24222K, capacity 24640K, committed 24832K, reserved 26624K
}
Event: 4944.293 GC heap before
{Heap before GC invocations=5411 (full 4):
 def new generation   total 2915776K, used 2631384K [0x00007ef7f0600000, 0x00007ef8b61d0000, 0x00007efd45b50000)
  eden space 2591808K, 100% used [0x00007ef7f0600000, 0x00007ef88e910000, 0x00007ef88e910000)
  from space 323968K,  12% used [0x00007ef8a2570000, 0x00007ef8a4c16060, 0x00007ef8b61d0000)
  to   space 323968K,   0% used [0x00007ef88e910000, 0x00007ef88e910000, 0x00007ef8a2570000)
 tenured generation   total 6479448K, used 6461334K [0x00007efd45b50000, 0x00007efed12e6000, 0x00007f07f0600000)
   the space 6479448K,  99% used [0x00007efd45b50000, 0x00007efed0135810, 0x00007efed0135a00, 0x00007efed12e6000)
 Metaspace       used 24222K, capacity 24640K, committed 24832K, reserved 26624K
}
Event: 4944.352 GC heap after
{Heap after GC invocations=5412 (full 4):
 def new generation   total 2915776K, used 39581K [0x00007ef7f0600000, 0x00007ef8b61d0000, 0x00007efd45b50000)
  eden space 2591808K,   0% used [0x00007ef7f0600000, 0x00007ef7f0600000, 0x00007ef88e910000)
  from space 323968K,  12% used [0x00007ef88e910000, 0x00007ef890fb76c0, 0x00007ef8a2570000)
  to   space 323968K,   0% used [0x00007ef8a2570000, 0x00007ef8a2570000, 0x00007ef8b61d0000)
 tenured generation   total 6479448K, used 6463977K [0x00007efd45b50000, 0x00007efed12e6000, 0x00007f07f0600000)
   the space 6479448K,  99% used [0x00007efd45b50000, 0x00007efed03ca520, 0x00007efed03ca600, 0x00007efed12e6000)
 Metaspace       used 24222K, capacity 24640K, committed 24832K, reserved 26624K
}
Event: 4946.084 GC heap before
{Heap before GC invocations=5412 (full 4):
 def new generation   total 2915776K, used 2631389K [0x00007ef7f0600000, 0x00007ef8b61d0000, 0x00007efd45b50000)
  eden space 2591808K, 100% used [0x00007ef7f0600000, 0x00007ef88e910000, 0x00007ef88e910000)
  from space 323968K,  12% used [0x00007ef88e910000, 0x00007ef890fb76c0, 0x00007ef8a2570000)
  to   space 323968K,   0% used [0x00007ef8a2570000, 0x00007ef8a2570000, 0x00007ef8b61d0000)
 tenured generation   total 6479448K, used 6463977K [0x00007efd45b50000, 0x00007efed12e6000, 0x00007f07f0600000)
   the space 6479448K,  99% used [0x00007efd45b50000, 0x00007efed03ca520, 0x00007efed03ca600, 0x00007efed12e6000)
 Metaspace       used 24222K, capacity 24640K, committed 24832K, reserved 26624K
}
Event: 4946.132 GC heap after
{Heap after GC invocations=5413 (full 4):
 def new generation   total 2915776K, used 39574K [0x00007ef7f0600000, 0x00007ef8b61d0000, 0x00007efd45b50000)
  eden space 2591808K,   0% used [0x00007ef7f0600000, 0x00007ef7f0600000, 0x00007ef88e910000)
  from space 323968K,  12% used [0x00007ef8a2570000, 0x00007ef8a4c15be8, 0x00007ef8b61d0000)
  to   space 323968K,   0% used [0x00007ef88e910000, 0x00007ef88e910000, 0x00007ef8a2570000)
 tenured generation   total 6479448K, used 6466620K [0x00007efd45b50000, 0x00007efed12e6000, 0x00007f07f0600000)
   the space 6479448K,  99% used [0x00007efd45b50000, 0x00007efed065f230, 0x00007efed065f400, 0x00007efed12e6000)
 Metaspace       used 24222K, capacity 24640K, committed 24832K, reserved 26624K
}
Event: 4947.854 GC heap before
{Heap before GC invocations=5413 (full 4):
 def new generation   total 2915776K, used 2631382K [0x00007ef7f0600000, 0x00007ef8b61d0000, 0x00007efd45b50000)
  eden space 2591808K, 100% used [0x00007ef7f0600000, 0x00007ef88e910000, 0x00007ef88e910000)
  from space 323968K,  12% used [0x00007ef8a2570000, 0x00007ef8a4c15be8, 0x00007ef8b61d0000)
  to   space 323968K,   0% used [0x00007ef88e910000, 0x00007ef88e910000, 0x00007ef8a2570000)
 tenured generation   total 6479448K, used 6466620K [0x00007efd45b50000, 0x00007efed12e6000, 0x00007f07f0600000)
   the space 6479448K,  99% used [0x00007efd45b50000, 0x00007efed065f230, 0x00007efed065f400, 0x00007efed12e6000)
 Metaspace       used 24222K, capacity 24640K, committed 24832K, reserved 26624K
}
Event: 4947.909 GC heap after
{Heap after GC invocations=5414 (full 4):
 def new generation   total 2915776K, used 39505K [0x00007ef7f0600000, 0x00007ef8b61d0000, 0x00007efd45b50000)
  eden space 2591808K,   0% used [0x00007ef7f0600000, 0x00007ef7f0600000, 0x00007ef88e910000)
  from space 323968K,  12% used [0x00007ef88e910000, 0x00007ef890fa4778, 0x00007ef8a2570000)
  to   space 323968K,   0% used [0x00007ef8a2570000, 0x00007ef8a2570000, 0x00007ef8b61d0000)
 tenured generation   total 6479448K, used 6469268K [0x00007efd45b50000, 0x00007efed12e6000, 0x00007f07f0600000)
   the space 6479448K,  99% used [0x00007efd45b50000, 0x00007efed08f5080, 0x00007efed08f5200, 0x00007efed12e6000)
 Metaspace       used 24222K, capacity 24640K, committed 24832K, reserved 26624K
}
Event: 4949.758 GC heap before
{Heap before GC invocations=5414 (full 4):
 def new generation   total 2915776K, used 2631313K [0x00007ef7f0600000, 0x00007ef8b61d0000, 0x00007efd45b50000)
  eden space 2591808K, 100% used [0x00007ef7f0600000, 0x00007ef88e910000, 0x00007ef88e910000)
  from space 323968K,  12% used [0x00007ef88e910000, 0x00007ef890fa4778, 0x00007ef8a2570000)
  to   space 323968K,   0% used [0x00007ef8a2570000, 0x00007ef8a2570000, 0x00007ef8b61d0000)
 tenured generation   total 6479448K, used 6469268K [0x00007efd45b50000, 0x00007efed12e6000, 0x00007f07f0600000)
   the space 6479448K,  99% used [0x00007efd45b50000, 0x00007efed08f5080, 0x00007efed08f5200, 0x00007efed12e6000)
 Metaspace       used 24222K, capacity 24640K, committed 24832K, reserved 26624K
}
Event: 4949.815 GC heap after
{Heap after GC invocations=5415 (full 4):
 def new generation   total 2915776K, used 39507K [0x00007ef7f0600000, 0x00007ef8b61d0000, 0x00007efd45b50000)
  eden space 2591808K,   0% used [0x00007ef7f0600000, 0x00007ef7f0600000, 0x00007ef88e910000)
  from space 323968K,  12% used [0x00007ef8a2570000, 0x00007ef8a4c04cf8, 0x00007ef8b61d0000)
  to   space 323968K,   0% used [0x00007ef88e910000, 0x00007ef88e910000, 0x00007ef8a2570000)
 tenured generation   total 6479448K, used 6471911K [0x00007efd45b50000, 0x00007efed12e6000, 0x00007f07f0600000)
   the space 6479448K,  99% used [0x00007efd45b50000, 0x00007efed0b89d90, 0x00007efed0b89e00, 0x00007efed12e6000)
 Metaspace       used 24222K, capacity 24640K, committed 24832K, reserved 26624K
}
Event: 4951.599 GC heap before
{Heap before GC invocations=5415 (full 4):
 def new generation   total 2915776K, used 2631315K [0x00007ef7f0600000, 0x00007ef8b61d0000, 0x00007efd45b50000)
  eden space 2591808K, 100% used [0x00007ef7f0600000, 0x00007ef88e910000, 0x00007ef88e910000)
  from space 323968K,  12% used [0x00007ef8a2570000, 0x00007ef8a4c04cf8, 0x00007ef8b61d0000)
  to   space 323968K,   0% used [0x00007ef88e910000, 0x00007ef88e910000, 0x00007ef8a2570000)
 tenured generation   total 6479448K, used 6471911K [0x00007efd45b50000, 0x00007efed12e6000, 0x00007f07f0600000)
   the space 6479448K,  99% used [0x00007efd45b50000, 0x00007efed0b89d90, 0x00007efed0b89e00, 0x00007efed12e6000)
 Metaspace       used 24222K, capacity 24640K, committed 24832K, reserved 26624K
}
Event: 4951.654 GC heap after
{Heap after GC invocations=5416 (full 4):
 def new generation   total 2915776K, used 39574K [0x00007ef7f0600000, 0x00007ef8b61d0000, 0x00007efd45b50000)
  eden space 2591808K,   0% used [0x00007ef7f0600000, 0x00007ef7f0600000, 0x00007ef88e910000)
  from space 323968K,  12% used [0x00007ef88e910000, 0x00007ef890fb58e0, 0x00007ef8a2570000)
  to   space 323968K,   0% used [0x00007ef8a2570000, 0x00007ef8a2570000, 0x00007ef8b61d0000)
 tenured generation   total 6479448K, used 6474485K [0x00007efd45b50000, 0x00007efed12e6000, 0x00007f07f0600000)
   the space 6479448K,  99% used [0x00007efd45b50000, 0x00007efed0e0d5b8, 0x00007efed0e0d600, 0x00007efed12e6000)
 Metaspace       used 24222K, capacity 24640K, committed 24832K, reserved 26624K
}
Event: 4953.588 GC heap before
{Heap before GC invocations=5416 (full 4):
 def new generation   total 2915776K, used 2631382K [0x00007ef7f0600000, 0x00007ef8b61d0000, 0x00007efd45b50000)
  eden space 2591808K, 100% used [0x00007ef7f0600000, 0x00007ef88e910000, 0x00007ef88e910000)
  from space 323968K,  12% used [0x00007ef88e910000, 0x00007ef890fb58e0, 0x00007ef8a2570000)
  to   space 323968K,   0% used [0x00007ef8a2570000, 0x00007ef8a2570000, 0x00007ef8b61d0000)
 tenured generation   total 6479448K, used 6474485K [0x00007efd45b50000, 0x00007efed12e6000, 0x00007f07f0600000)
   the space 6479448K,  99% used [0x00007efd45b50000, 0x00007efed0e0d5b8, 0x00007efed0e0d600, 0x00007efed12e6000)
 Metaspace       used 24222K, capacity 24640K, committed 24832K, reserved 26624K
}
Event: 4953.663 GC heap after
{Heap after GC invocations=5417 (full 4):
 def new generation   total 2915776K, used 39575K [0x00007ef7f0600000, 0x00007ef8b61d0000, 0x00007efd45b50000)
  eden space 2591808K,   0% used [0x00007ef7f0600000, 0x00007ef7f0600000, 0x00007ef88e910000)
  from space 323968K,  12% used [0x00007ef8a2570000, 0x00007ef8a4c15c48, 0x00007ef8b61d0000)
  to   space 323968K,   0% used [0x00007ef88e910000, 0x00007ef88e910000, 0x00007ef8a2570000)
 tenured generation   total 6479448K, used 6477128K [0x00007efd45b50000, 0x00007efed12e6000, 0x00007f07f0600000)
   the space 6479448K,  99% used [0x00007efd45b50000, 0x00007efed10a22c8, 0x00007efed10a2400, 0x00007efed12e6000)
 Metaspace       used 24222K, capacity 24640K, committed 24832K, reserved 26624K
}
Event: 4955.441 GC heap before
{Heap before GC invocations=5417 (full 4):
 def new generation   total 2915776K, used 2631383K [0x00007ef7f0600000, 0x00007ef8b61d0000, 0x00007efd45b50000)
  eden space 2591808K, 100% used [0x00007ef7f0600000, 0x00007ef88e910000, 0x00007ef88e910000)
  from space 323968K,  12% used [0x00007ef8a2570000, 0x00007ef8a4c15c48, 0x00007ef8b61d0000)
  to   space 323968K,   0% used [0x00007ef88e910000, 0x00007ef88e910000, 0x00007ef8a2570000)
 tenured generation   total 6479448K, used 6477128K [0x00007efd45b50000, 0x00007efed12e6000, 0x00007f07f0600000)
   the space 6479448K,  99% used [0x00007efd45b50000, 0x00007efed10a22c8, 0x00007efed10a2400, 0x00007efed12e6000)
 Metaspace       used 24222K, capacity 24640K, committed 24832K, reserved 26624K
}
Event: 4955.500 GC heap after
{Heap after GC invocations=5418 (full 4):
 def new generation   total 2915776K, used 39579K [0x00007ef7f0600000, 0x00007ef8b61d0000, 0x00007efd45b50000)
  eden space 2591808K,   0% used [0x00007ef7f0600000, 0x00007ef7f0600000, 0x00007ef88e910000)
  from space 323968K,  12% used [0x00007ef88e910000, 0x00007ef890fb6cc0, 0x00007ef8a2570000)
  to   space 323968K,   0% used [0x00007ef8a2570000, 0x00007ef8a2570000, 0x00007ef8b61d0000)
 tenured generation   total 6479832K, used 6479771K [0x00007efd45b50000, 0x00007efed1346000, 0x00007f07f0600000)
   the space 6479832K,  99% used [0x00007efd45b50000, 0x00007efed1336fd8, 0x00007efed1337000, 0x00007efed1346000)
 Metaspace       used 24222K, capacity 24640K, committed 24832K, reserved 26624K
}
Event: 4955.500 GC heap before
{Heap before GC invocations=5418 (full 4):
 def new generation   total 2915776K, used 39579K [0x00007ef7f0600000, 0x00007ef8b61d0000, 0x00007efd45b50000)
  eden space 2591808K,   0% used [0x00007ef7f0600000, 0x00007ef7f0600000, 0x00007ef88e910000)
  from space 323968K,  12% used [0x00007ef88e910000, 0x00007ef890fb6cc0, 0x00007ef8a2570000)
  to   space 323968K,   0% used [0x00007ef8a2570000, 0x00007ef8a2570000, 0x00007ef8b61d0000)
 tenured generation   total 6479832K, used 6479771K [0x00007efd45b50000, 0x00007efed1346000, 0x00007f07f0600000)
   the space 6479832K,  99% used [0x00007efd45b50000, 0x00007efed1336fd8, 0x00007efed1337000, 0x00007efed1346000)
 Metaspace       used 24222K, capacity 24640K, committed 24832K, reserved 26624K
}

