# JRE version: OpenJDK Runtime Environment (13.0.7+5) (build 13.0.7+5-Ubuntu-0ubuntu120.04)
# Java VM: OpenJDK 64-Bit Server VM (13.0.7+5-Ubuntu-0ubuntu120.04, mixed mode, tiered, serial gc, linux-amd64)
Heap:
 def new generation   total 6298560K, used 4304624K [0x00007f8d8c600000, 0x00007f8f37860000, 0x00007f92e1b50000)
  eden space 5598720K,  76% used [0x00007f8d8c600000, 0x00007f8e931bc198, 0x00007f8ee2180000)
  from space 699840K,   0% used [0x00007f8f0ccf0000, 0x00007f8f0ccf00a8, 0x00007f8f37860000)
  to   space 699840K,   0% used [0x00007f8ee2180000, 0x00007f8ee2180228, 0x00007f8f0ccf0000)
 tenured generation   total 13996760K, used 12592357K [0x00007f92e1b50000, 0x00007f9638006000, 0x00007f9d8c600000)
   the space 13996760K,  89% used [0x00007f92e1b50000, 0x00007f95e2489688, 0x00007f95e2489800, 0x00007f9638006000)
 Metaspace       used 23270K, capacity 23613K, committed 23808K, reserved 24576K
GC Heap History (20 events):
Event: 4.155 GC heap after
{Heap after GC invocations=3 (full 1):
 def new generation   total 629248K, used 1134K [0x00007f8d8c600000, 0x00007f8db70c0000, 0x00007f92e1b50000)
  eden space 559360K,   0% used [0x00007f8d8c600000, 0x00007f8d8c600000, 0x00007f8dae840000)
  from space 69888K,   1% used [0x00007f8dae840000, 0x00007f8dae95ba68, 0x00007f8db2c80000)
  to   space 69888K,   0% used [0x00007f8db2c80000, 0x00007f8db2c80000, 0x00007f8db70c0000)
 tenured generation   total 1398144K, used 13580K [0x00007f92e1b50000, 0x00007f93370b0000, 0x00007f9d8c600000)
   the space 1398144K,   0% used [0x00007f92e1b50000, 0x00007f92e2893118, 0x00007f92e2893200, 0x00007f93370b0000)
 Metaspace       used 23187K, capacity 23604K, committed 23808K, reserved 24576K
}
Event: 4.554 GC heap before
{Heap before GC invocations=3 (full 1):
 def new generation   total 629248K, used 560494K [0x00007f8d8c600000, 0x00007f8db70c0000, 0x00007f92e1b50000)
  eden space 559360K, 100% used [0x00007f8d8c600000, 0x00007f8dae840000, 0x00007f8dae840000)
  from space 69888K,   1% used [0x00007f8dae840000, 0x00007f8dae95ba68, 0x00007f8db2c80000)
  to   space 69888K,   0% used [0x00007f8db2c80000, 0x00007f8db2c80000, 0x00007f8db70c0000)
 tenured generation   total 1398144K, used 13580K [0x00007f92e1b50000, 0x00007f93370b0000, 0x00007f9d8c600000)
   the space 1398144K,   0% used [0x00007f92e1b50000, 0x00007f92e2893118, 0x00007f92e2893200, 0x00007f93370b0000)
 Metaspace       used 23228K, capacity 23608K, committed 23808K, reserved 24576K
}
Event: 4.558 GC heap after
{Heap after GC invocations=4 (full 1):
 def new generation   total 629248K, used 1251K [0x00007f8d8c600000, 0x00007f8db70c0000, 0x00007f92e1b50000)
  eden space 559360K,   0% used [0x00007f8d8c600000, 0x00007f8d8c600000, 0x00007f8dae840000)
  from space 69888K,   1% used [0x00007f8db2c80000, 0x00007f8db2db8fa8, 0x00007f8db70c0000)
  to   space 69888K,   0% used [0x00007f8dae840000, 0x00007f8dae840000, 0x00007f8db2c80000)
 tenured generation   total 1398144K, used 13580K [0x00007f92e1b50000, 0x00007f93370b0000, 0x00007f9d8c600000)
   the space 1398144K,   0% used [0x00007f92e1b50000, 0x00007f92e2893118, 0x00007f92e2893200, 0x00007f93370b0000)
 Metaspace       used 23228K, capacity 23608K, committed 23808K, reserved 24576K
}
Event: 5.483 GC heap before
{Heap before GC invocations=4 (full 1):
 def new generation   total 629248K, used 560611K [0x00007f8d8c600000, 0x00007f8db70c0000, 0x00007f92e1b50000)
  eden space 559360K, 100% used [0x00007f8d8c600000, 0x00007f8dae840000, 0x00007f8dae840000)
  from space 69888K,   1% used [0x00007f8db2c80000, 0x00007f8db2db8fa8, 0x00007f8db70c0000)
  to   space 69888K,   0% used [0x00007f8dae840000, 0x00007f8dae840000, 0x00007f8db2c80000)
 tenured generation   total 1398144K, used 13580K [0x00007f92e1b50000, 0x00007f93370b0000, 0x00007f9d8c600000)
   the space 1398144K,   0% used [0x00007f92e1b50000, 0x00007f92e2893118, 0x00007f92e2893200, 0x00007f93370b0000)
 Metaspace       used 23236K, capacity 23613K, committed 23808K, reserved 24576K
}
Event: 5.488 GC heap after
{Heap after GC invocations=5 (full 1):
 def new generation   total 629248K, used 1435K [0x00007f8d8c600000, 0x00007f8db70c0000, 0x00007f92e1b50000)
  eden space 559360K,   0% used [0x00007f8d8c600000, 0x00007f8d8c600000, 0x00007f8dae840000)
  from space 69888K,   2% used [0x00007f8dae840000, 0x00007f8dae9a6c08, 0x00007f8db2c80000)
  to   space 69888K,   0% used [0x00007f8db2c80000, 0x00007f8db2c80000, 0x00007f8db70c0000)
 tenured generation   total 1398144K, used 13580K [0x00007f92e1b50000, 0x00007f93370b0000, 0x00007f9d8c600000)
   the space 1398144K,   0% used [0x00007f92e1b50000, 0x00007f92e2893118, 0x00007f92e2893200, 0x00007f93370b0000)
 Metaspace       used 23236K, capacity 23613K, committed 23808K, reserved 24576K
}
Event: 5.927 GC heap before
{Heap before GC invocations=5 (full 1):
 def new generation   total 629248K, used 229998K [0x00007f8d8c600000, 0x00007f8db70c0000, 0x00007f92e1b50000)
  eden space 559360K,  40% used [0x00007f8d8c600000, 0x00007f8d9a534c28, 0x00007f8dae840000)
  from space 69888K,   2% used [0x00007f8dae840000, 0x00007f8dae9a6c08, 0x00007f8db2c80000)
  to   space 69888K,   0% used [0x00007f8db2c80000, 0x00007f8db2c80000, 0x00007f8db70c0000)
 tenured generation   total 1398144K, used 13580K [0x00007f92e1b50000, 0x00007f93370b0000, 0x00007f9d8c600000)
   the space 1398144K,   0% used [0x00007f92e1b50000, 0x00007f92e2893118, 0x00007f92e2893200, 0x00007f93370b0000)
 Metaspace       used 23270K, capacity 23613K, committed 23808K, reserved 24576K
}
Event: 5.937 GC heap after
{Heap after GC invocations=6 (full 1):
 def new generation   total 629248K, used 3392K [0x00007f8d8c600000, 0x00007f8db70c0000, 0x00007f92e1b50000)
  eden space 559360K,   0% used [0x00007f8d8c600000, 0x00007f8d8c600000, 0x00007f8dae840000)
  from space 69888K,   4% used [0x00007f8db2c80000, 0x00007f8db2fd0050, 0x00007f8db70c0000)
  to   space 69888K,   0% used [0x00007f8dae840000, 0x00007f8dae840000, 0x00007f8db2c80000)
 tenured generation   total 1398144K, used 13580K [0x00007f92e1b50000, 0x00007f93370b0000, 0x00007f9d8c600000)
   the space 1398144K,   0% used [0x00007f92e1b50000, 0x00007f92e2893118, 0x00007f92e2893200, 0x00007f93370b0000)
 Metaspace       used 23270K, capacity 23613K, committed 23808K, reserved 24576K
}
Event: 5.937 GC heap before
{Heap before GC invocations=6 (full 1):
 def new generation   total 629248K, used 3392K [0x00007f8d8c600000, 0x00007f8db70c0000, 0x00007f92e1b50000)
  eden space 559360K,   0% used [0x00007f8d8c600000, 0x00007f8d8c600000, 0x00007f8dae840000)
  from space 69888K,   4% used [0x00007f8db2c80000, 0x00007f8db2fd0050, 0x00007f8db70c0000)
  to   space 69888K,   0% used [0x00007f8dae840000, 0x00007f8dae840000, 0x00007f8db2c80000)
 tenured generation   total 1398144K, used 13580K [0x00007f92e1b50000, 0x00007f93370b0000, 0x00007f9d8c600000)
   the space 1398144K,   0% used [0x00007f92e1b50000, 0x00007f92e2893118, 0x00007f92e2893200, 0x00007f93370b0000)
 Metaspace       used 23270K, capacity 23613K, committed 23808K, reserved 24576K
}
Event: 5.992 GC heap after
{Heap after GC invocations=6 (full 2):
 def new generation   total 629248K, used 0K [0x00007f8d8c600000, 0x00007f8db70c0000, 0x00007f92e1b50000)
  eden space 559360K,   0% used [0x00007f8d8c600000, 0x00007f8d8c600000, 0x00007f8dae840000)
  from space 69888K,   0% used [0x00007f8db2c80000, 0x00007f8db2c80000, 0x00007f8db70c0000)
  to   space 69888K,   0% used [0x00007f8dae840000, 0x00007f8dae840000, 0x00007f8db2c80000)
 tenured generation   total 1398144K, used 16966K [0x00007f92e1b50000, 0x00007f93370b0000, 0x00007f9d8c600000)
   the space 1398144K,   1% used [0x00007f92e1b50000, 0x00007f92e2be1930, 0x00007f92e2be1a00, 0x00007f93370b0000)
 Metaspace       used 23270K, capacity 23613K, committed 23808K, reserved 24576K
}
Event: 12.619 GC heap before
{Heap before GC invocations=6 (full 2):
 def new generation   total 629248K, used 11088K [0x00007f8d8c600000, 0x00007f8db70c0000, 0x00007f92e1b50000)
  eden space 559360K,   1% used [0x00007f8d8c600000, 0x00007f8d8d0d4120, 0x00007f8dae840000)
  from space 69888K,   0% used [0x00007f8db2c80000, 0x00007f8db2c80000, 0x00007f8db70c0000)
  to   space 69888K,   0% used [0x00007f8dae840000, 0x00007f8dae840000, 0x00007f8db2c80000)
 tenured generation   total 5592452K, used 4211270K [0x00007f92e1b50000, 0x00007f94370b1000, 0x00007f9d8c600000)
   the space 5592452K,  75% used [0x00007f92e1b50000, 0x00007f93e2be1948, 0x00007f93e2be1a00, 0x00007f94370b1000)
 Metaspace       used 23270K, capacity 23613K, committed 23808K, reserved 24576K
}
Event: 12.626 GC heap after
{Heap after GC invocations=7 (full 2):
 def new generation   total 629248K, used 0K [0x00007f8d8c600000, 0x00007f8db70c0000, 0x00007f92e1b50000)
  eden space 559360K,   0% used [0x00007f8d8c600000, 0x00007f8d8c600000, 0x00007f8dae840000)
  from space 69888K,   0% used [0x00007f8dae840000, 0x00007f8dae840200, 0x00007f8db2c80000)
  to   space 69888K,   0% used [0x00007f8db2c80000, 0x00007f8db2c80000, 0x00007f8db70c0000)
 tenured generation   total 5592452K, used 4211270K [0x00007f92e1b50000, 0x00007f94370b1000, 0x00007f9d8c600000)
   the space 5592452K,  75% used [0x00007f92e1b50000, 0x00007f93e2be1948, 0x00007f93e2be1a00, 0x00007f94370b1000)
 Metaspace       used 23270K, capacity 23613K, committed 23808K, reserved 24576K
}
Event: 12.626 GC heap before
{Heap before GC invocations=7 (full 2):
 def new generation   total 629248K, used 0K [0x00007f8d8c600000, 0x00007f8db70c0000, 0x00007f92e1b50000)
  eden space 559360K,   0% used [0x00007f8d8c600000, 0x00007f8d8c600000, 0x00007f8dae840000)
  from space 69888K,   0% used [0x00007f8dae840000, 0x00007f8dae840200, 0x00007f8db2c80000)
  to   space 69888K,   0% used [0x00007f8db2c80000, 0x00007f8db2c80000, 0x00007f8db70c0000)
 tenured generation   total 5592452K, used 4211270K [0x00007f92e1b50000, 0x00007f94370b1000, 0x00007f9d8c600000)
   the space 5592452K,  75% used [0x00007f92e1b50000, 0x00007f93e2be1948, 0x00007f93e2be1a00, 0x00007f94370b1000)
 Metaspace       used 23270K, capacity 23613K, committed 23808K, reserved 24576K
}
Event: 12.690 GC heap after
{Heap after GC invocations=7 (full 3):
 def new generation   total 3158528K, used 0K [0x00007f8d8c600000, 0x00007f8e62930000, 0x00007f92e1b50000)
  eden space 2807616K,   0% used [0x00007f8d8c600000, 0x00007f8d8c600000, 0x00007f8e37bd0000)
  from space 350912K,   0% used [0x00007f8e37bd0000, 0x00007f8e37bd0000, 0x00007f8e4d280000)
  to   space 350912K,   0% used [0x00007f8e4d280000, 0x00007f8e4d280000, 0x00007f8e62930000)
 tenured generation   total 7018788K, used 4211270K [0x00007f92e1b50000, 0x00007f948e199000, 0x00007f9d8c600000)
   the space 7018788K,  59% used [0x00007f92e1b50000, 0x00007f93e2be1ae0, 0x00007f93e2be1c00, 0x00007f948e199000)
 Metaspace       used 23270K, capacity 23613K, committed 23808K, reserved 24576K
}
Event: 17.376 GC heap before
{Heap before GC invocations=7 (full 3):
 def new generation   total 3158528K, used 55655K [0x00007f8d8c600000, 0x00007f8e62930000, 0x00007f92e1b50000)
  eden space 2807616K,   1% used [0x00007f8d8c600000, 0x00007f8d8fc59ec0, 0x00007f8e37bd0000)
  from space 350912K,   0% used [0x00007f8e37bd0000, 0x00007f8e37bd0000, 0x00007f8e4d280000)
  to   space 350912K,   0% used [0x00007f8e4d280000, 0x00007f8e4d280000, 0x00007f8e62930000)
 tenured generation   total 11213096K, used 8405574K [0x00007f92e1b50000, 0x00007f958e19a000, 0x00007f9d8c600000)
   the space 11213096K,  74% used [0x00007f92e1b50000, 0x00007f94e2be1af8, 0x00007f94e2be1c00, 0x00007f958e19a000)
 Metaspace       used 23270K, capacity 23613K, committed 23808K, reserved 24576K
}
Event: 17.390 GC heap after
{Heap after GC invocations=8 (full 3):
 def new generation   total 3158528K, used 0K [0x00007f8d8c600000, 0x00007f8e62930000, 0x00007f92e1b50000)
  eden space 2807616K,   0% used [0x00007f8d8c600000, 0x00007f8d8c600000, 0x00007f8e37bd0000)
  from space 350912K,   0% used [0x00007f8e4d280000, 0x00007f8e4d280248, 0x00007f8e62930000)
  to   space 350912K,   0% used [0x00007f8e37bd0000, 0x00007f8e37bd0000, 0x00007f8e4d280000)
 tenured generation   total 11213096K, used 8405574K [0x00007f92e1b50000, 0x00007f958e19a000, 0x00007f9d8c600000)
   the space 11213096K,  74% used [0x00007f92e1b50000, 0x00007f94e2be1af8, 0x00007f94e2be1c00, 0x00007f958e19a000)
 Metaspace       used 23270K, capacity 23613K, committed 23808K, reserved 24576K
}
Event: 17.390 GC heap before
{Heap before GC invocations=8 (full 3):
 def new generation   total 3158528K, used 0K [0x00007f8d8c600000, 0x00007f8e62930000, 0x00007f92e1b50000)
  eden space 2807616K,   0% used [0x00007f8d8c600000, 0x00007f8d8c600000, 0x00007f8e37bd0000)
  from space 350912K,   0% used [0x00007f8e4d280000, 0x00007f8e4d280248, 0x00007f8e62930000)
  to   space 350912K,   0% used [0x00007f8e37bd0000, 0x00007f8e37bd0000, 0x00007f8e4d280000)
 tenured generation   total 11213096K, used 8405574K [0x00007f92e1b50000, 0x00007f958e19a000, 0x00007f9d8c600000)
   the space 11213096K,  74% used [0x00007f92e1b50000, 0x00007f94e2be1af8, 0x00007f94e2be1c00, 0x00007f958e19a000)
 Metaspace       used 23270K, capacity 23613K, committed 23808K, reserved 24576K
}
Event: 24.001 GC heap after
{Heap after GC invocations=8 (full 4):
 def new generation   total 6298560K, used 0K [0x00007f8d8c600000, 0x00007f8f37860000, 0x00007f92e1b50000)
  eden space 5598720K,   0% used [0x00007f8d8c600000, 0x00007f8d8c600000, 0x00007f8ee2180000)
  from space 699840K,   0% used [0x00007f8ee2180000, 0x00007f8ee2180000, 0x00007f8f0ccf0000)
  to   space 699840K,   0% used [0x00007f8f0ccf0000, 0x00007f8f0ccf0000, 0x00007f8f37860000)
 tenured generation   total 13996760K, used 8398053K [0x00007f92e1b50000, 0x00007f9638006000, 0x00007f9d8c600000)
   the space 13996760K,  59% used [0x00007f92e1b50000, 0x00007f94e2489670, 0x00007f94e2489800, 0x00007f9638006000)
 Metaspace       used 23270K, capacity 23613K, committed 23808K, reserved 24576K
}
Event: 31.824 GC heap before
{Heap before GC invocations=8 (full 4):
 def new generation   total 6298560K, used 4305287K [0x00007f8d8c600000, 0x00007f8f37860000, 0x00007f92e1b50000)
  eden space 5598720K,  76% used [0x00007f8d8c600000, 0x00007f8e93261fe8, 0x00007f8ee2180000)
  from space 699840K,   0% used [0x00007f8ee2180000, 0x00007f8ee2180000, 0x00007f8f0ccf0000)
  to   space 699840K,   0% used [0x00007f8f0ccf0000, 0x00007f8f0ccf0000, 0x00007f8f37860000)
 tenured generation   total 13996760K, used 8398053K [0x00007f92e1b50000, 0x00007f9638006000, 0x00007f9d8c600000)
   the space 13996760K,  59% used [0x00007f92e1b50000, 0x00007f94e2489670, 0x00007f94e2489800, 0x00007f9638006000)
 Metaspace       used 23270K, capacity 23613K, committed 23808K, reserved 24576K
}
Event: 40.691 GC heap after
{Heap after GC invocations=9 (full 4):
 def new generation   total 6298560K, used 0K [0x00007f8d8c600000, 0x00007f8f37860000, 0x00007f92e1b50000)
  eden space 5598720K,   0% used [0x00007f8d8c600000, 0x00007f8d8c600000, 0x00007f8ee2180000)
  from space 699840K,   0% used [0x00007f8f0ccf0000, 0x00007f8f0ccf00a8, 0x00007f8f37860000)
  to   space 699840K,   0% used [0x00007f8ee2180000, 0x00007f8ee2180000, 0x00007f8f0ccf0000)
 tenured generation   total 13996760K, used 12592357K [0x00007f92e1b50000, 0x00007f9638006000, 0x00007f9d8c600000)
   the space 13996760K,  89% used [0x00007f92e1b50000, 0x00007f95e2489688, 0x00007f95e2489800, 0x00007f9638006000)
 Metaspace       used 23270K, capacity 23613K, committed 23808K, reserved 24576K
}
Event: 43.004 GC heap before
{Heap before GC invocations=9 (full 4):
 def new generation   total 6298560K, used 4304624K [0x00007f8d8c600000, 0x00007f8f37860000, 0x00007f92e1b50000)
  eden space 5598720K,  76% used [0x00007f8d8c600000, 0x00007f8e931bc198, 0x00007f8ee2180000)
  from space 699840K,   0% used [0x00007f8f0ccf0000, 0x00007f8f0ccf00a8, 0x00007f8f37860000)
  to   space 699840K,   0% used [0x00007f8ee2180000, 0x00007f8ee2180000, 0x00007f8f0ccf0000)
 tenured generation   total 13996760K, used 12592357K [0x00007f92e1b50000, 0x00007f9638006000, 0x00007f9d8c600000)
   the space 13996760K,  89% used [0x00007f92e1b50000, 0x00007f95e2489688, 0x00007f95e2489800, 0x00007f9638006000)
 Metaspace       used 23270K, capacity 23613K, committed 23808K, reserved 24576K
}

