# JRE version: OpenJDK Runtime Environment (13.0.7+5) (build 13.0.7+5-Ubuntu-0ubuntu120.04)
# Java VM: OpenJDK 64-Bit Server VM (13.0.7+5-Ubuntu-0ubuntu120.04, mixed mode, tiered, serial gc, linux-amd64)
Heap:
 def new generation   total 1747968K, used 0K [0x00007f3a5c600000, 0x00007f3ad2ea0000, 0x00007f3fb1b50000)
  eden space 1553792K,   0% used [0x00007f3a5c600000, 0x00007f3a5c600000, 0x00007f3abb360000)
  from space 194176K,   0% used [0x00007f3abb360000, 0x00007f3abb360000, 0x00007f3ac7100000)
  to   space 194176K,   0% used [0x00007f3ac7100000, 0x00007f3ac7100000, 0x00007f3ad2ea0000)
 tenured generation   total 3884652K, used 3863490K [0x00007f3fb1b50000, 0x00007f409eceb000, 0x00007f4a5c600000)
   the space 3884652K,  99% used [0x00007f3fb1b50000, 0x00007f409d840988, 0x00007f409d840a00, 0x00007f409eceb000)
 Metaspace       used 24363K, capacity 24753K, committed 24832K, reserved 26624K
GC Heap History (20 events):
Event: 9189.397 GC heap after
{Heap after GC invocations=14964 (full 3):
 def new generation   total 1747968K, used 7152K [0x00007f3a5c600000, 0x00007f3ad2ea0000, 0x00007f3fb1b50000)
  eden space 1553792K,   0% used [0x00007f3a5c600000, 0x00007f3a5c600000, 0x00007f3abb360000)
  from space 194176K,   3% used [0x00007f3ac7100000, 0x00007f3ac77fc028, 0x00007f3ad2ea0000)
  to   space 194176K,   0% used [0x00007f3abb360000, 0x00007f3abb360000, 0x00007f3ac7100000)
 tenured generation   total 3884268K, used 3880700K [0x00007f3fb1b50000, 0x00007f409ec8b000, 0x00007f4a5c600000)
   the space 3884268K,  99% used [0x00007f3fb1b50000, 0x00007f409e90f1e0, 0x00007f409e90f200, 0x00007f409ec8b000)
 Metaspace       used 24363K, capacity 24753K, committed 24832K, reserved 26624K
}
Event: 9190.462 GC heap before
{Heap before GC invocations=14964 (full 3):
 def new generation   total 1747968K, used 1560944K [0x00007f3a5c600000, 0x00007f3ad2ea0000, 0x00007f3fb1b50000)
  eden space 1553792K, 100% used [0x00007f3a5c600000, 0x00007f3abb360000, 0x00007f3abb360000)
  from space 194176K,   3% used [0x00007f3ac7100000, 0x00007f3ac77fc028, 0x00007f3ad2ea0000)
  to   space 194176K,   0% used [0x00007f3abb360000, 0x00007f3abb360000, 0x00007f3ac7100000)
 tenured generation   total 3884268K, used 3880700K [0x00007f3fb1b50000, 0x00007f409ec8b000, 0x00007f4a5c600000)
   the space 3884268K,  99% used [0x00007f3fb1b50000, 0x00007f409e90f1e0, 0x00007f409e90f200, 0x00007f409ec8b000)
 Metaspace       used 24363K, capacity 24753K, committed 24832K, reserved 26624K
}
Event: 9190.473 GC heap after
{Heap after GC invocations=14965 (full 3):
 def new generation   total 1747968K, used 6532K [0x00007f3a5c600000, 0x00007f3ad2ea0000, 0x00007f3fb1b50000)
  eden space 1553792K,   0% used [0x00007f3a5c600000, 0x00007f3a5c600000, 0x00007f3abb360000)
  from space 194176K,   3% used [0x00007f3abb360000, 0x00007f3abb9c1250, 0x00007f3ac7100000)
  to   space 194176K,   0% used [0x00007f3ac7100000, 0x00007f3ac7100000, 0x00007f3ad2ea0000)
 tenured generation   total 3884268K, used 3881532K [0x00007f3fb1b50000, 0x00007f409ec8b000, 0x00007f4a5c600000)
   the space 3884268K,  99% used [0x00007f3fb1b50000, 0x00007f409e9df180, 0x00007f409e9df200, 0x00007f409ec8b000)
 Metaspace       used 24363K, capacity 24753K, committed 24832K, reserved 26624K
}
Event: 9191.415 GC heap before
{Heap before GC invocations=14965 (full 3):
 def new generation   total 1747968K, used 1560324K [0x00007f3a5c600000, 0x00007f3ad2ea0000, 0x00007f3fb1b50000)
  eden space 1553792K, 100% used [0x00007f3a5c600000, 0x00007f3abb360000, 0x00007f3abb360000)
  from space 194176K,   3% used [0x00007f3abb360000, 0x00007f3abb9c1250, 0x00007f3ac7100000)
  to   space 194176K,   0% used [0x00007f3ac7100000, 0x00007f3ac7100000, 0x00007f3ad2ea0000)
 tenured generation   total 3884268K, used 3881532K [0x00007f3fb1b50000, 0x00007f409ec8b000, 0x00007f4a5c600000)
   the space 3884268K,  99% used [0x00007f3fb1b50000, 0x00007f409e9df180, 0x00007f409e9df200, 0x00007f409ec8b000)
 Metaspace       used 24363K, capacity 24753K, committed 24832K, reserved 26624K
}
Event: 9191.424 GC heap after
{Heap after GC invocations=14966 (full 3):
 def new generation   total 1747968K, used 6076K [0x00007f3a5c600000, 0x00007f3ad2ea0000, 0x00007f3fb1b50000)
  eden space 1553792K,   0% used [0x00007f3a5c600000, 0x00007f3a5c600000, 0x00007f3abb360000)
  from space 194176K,   3% used [0x00007f3ac7100000, 0x00007f3ac76ef330, 0x00007f3ad2ea0000)
  to   space 194176K,   0% used [0x00007f3abb360000, 0x00007f3abb360000, 0x00007f3ac7100000)
 tenured generation   total 3884268K, used 3882205K [0x00007f3fb1b50000, 0x00007f409ec8b000, 0x00007f4a5c600000)
   the space 3884268K,  99% used [0x00007f3fb1b50000, 0x00007f409ea87760, 0x00007f409ea87800, 0x00007f409ec8b000)
 Metaspace       used 24363K, capacity 24753K, committed 24832K, reserved 26624K
}
Event: 9192.449 GC heap before
{Heap before GC invocations=14966 (full 3):
 def new generation   total 1747968K, used 1559868K [0x00007f3a5c600000, 0x00007f3ad2ea0000, 0x00007f3fb1b50000)
  eden space 1553792K, 100% used [0x00007f3a5c600000, 0x00007f3abb360000, 0x00007f3abb360000)
  from space 194176K,   3% used [0x00007f3ac7100000, 0x00007f3ac76ef330, 0x00007f3ad2ea0000)
  to   space 194176K,   0% used [0x00007f3abb360000, 0x00007f3abb360000, 0x00007f3ac7100000)
 tenured generation   total 3884268K, used 3882205K [0x00007f3fb1b50000, 0x00007f409ec8b000, 0x00007f4a5c600000)
   the space 3884268K,  99% used [0x00007f3fb1b50000, 0x00007f409ea87760, 0x00007f409ea87800, 0x00007f409ec8b000)
 Metaspace       used 24363K, capacity 24753K, committed 24832K, reserved 26624K
}
Event: 9192.459 GC heap after
{Heap after GC invocations=14967 (full 3):
 def new generation   total 1747968K, used 6335K [0x00007f3a5c600000, 0x00007f3ad2ea0000, 0x00007f3fb1b50000)
  eden space 1553792K,   0% used [0x00007f3a5c600000, 0x00007f3a5c600000, 0x00007f3abb360000)
  from space 194176K,   3% used [0x00007f3abb360000, 0x00007f3abb98fd88, 0x00007f3ac7100000)
  to   space 194176K,   0% used [0x00007f3ac7100000, 0x00007f3ac7100000, 0x00007f3ad2ea0000)
 tenured generation   total 3884268K, used 3882298K [0x00007f3fb1b50000, 0x00007f409ec8b000, 0x00007f4a5c600000)
   the space 3884268K,  99% used [0x00007f3fb1b50000, 0x00007f409ea9e920, 0x00007f409ea9ea00, 0x00007f409ec8b000)
 Metaspace       used 24363K, capacity 24753K, committed 24832K, reserved 26624K
}
Event: 9193.373 GC heap before
{Heap before GC invocations=14967 (full 3):
 def new generation   total 1747968K, used 1560127K [0x00007f3a5c600000, 0x00007f3ad2ea0000, 0x00007f3fb1b50000)
  eden space 1553792K, 100% used [0x00007f3a5c600000, 0x00007f3abb360000, 0x00007f3abb360000)
  from space 194176K,   3% used [0x00007f3abb360000, 0x00007f3abb98fd88, 0x00007f3ac7100000)
  to   space 194176K,   0% used [0x00007f3ac7100000, 0x00007f3ac7100000, 0x00007f3ad2ea0000)
 tenured generation   total 3884268K, used 3882298K [0x00007f3fb1b50000, 0x00007f409ec8b000, 0x00007f4a5c600000)
   the space 3884268K,  99% used [0x00007f3fb1b50000, 0x00007f409ea9e920, 0x00007f409ea9ea00, 0x00007f409ec8b000)
 Metaspace       used 24363K, capacity 24753K, committed 24832K, reserved 26624K
}
Event: 9193.384 GC heap after
{Heap after GC invocations=14968 (full 3):
 def new generation   total 1747968K, used 6605K [0x00007f3a5c600000, 0x00007f3ad2ea0000, 0x00007f3fb1b50000)
  eden space 1553792K,   0% used [0x00007f3a5c600000, 0x00007f3a5c600000, 0x00007f3abb360000)
  from space 194176K,   3% used [0x00007f3ac7100000, 0x00007f3ac7773608, 0x00007f3ad2ea0000)
  to   space 194176K,   0% used [0x00007f3abb360000, 0x00007f3abb360000, 0x00007f3ac7100000)
 tenured generation   total 3884268K, used 3882498K [0x00007f3fb1b50000, 0x00007f409ec8b000, 0x00007f4a5c600000)
   the space 3884268K,  99% used [0x00007f3fb1b50000, 0x00007f409ead08e0, 0x00007f409ead0a00, 0x00007f409ec8b000)
 Metaspace       used 24363K, capacity 24753K, committed 24832K, reserved 26624K
}
Event: 9194.402 GC heap before
{Heap before GC invocations=14968 (full 3):
 def new generation   total 1747968K, used 1560397K [0x00007f3a5c600000, 0x00007f3ad2ea0000, 0x00007f3fb1b50000)
  eden space 1553792K, 100% used [0x00007f3a5c600000, 0x00007f3abb360000, 0x00007f3abb360000)
  from space 194176K,   3% used [0x00007f3ac7100000, 0x00007f3ac7773608, 0x00007f3ad2ea0000)
  to   space 194176K,   0% used [0x00007f3abb360000, 0x00007f3abb360000, 0x00007f3ac7100000)
 tenured generation   total 3884268K, used 3882498K [0x00007f3fb1b50000, 0x00007f409ec8b000, 0x00007f4a5c600000)
   the space 3884268K,  99% used [0x00007f3fb1b50000, 0x00007f409ead08e0, 0x00007f409ead0a00, 0x00007f409ec8b000)
 Metaspace       used 24363K, capacity 24753K, committed 24832K, reserved 26624K
}
Event: 9194.413 GC heap after
{Heap after GC invocations=14969 (full 3):
 def new generation   total 1747968K, used 6771K [0x00007f3a5c600000, 0x00007f3ad2ea0000, 0x00007f3fb1b50000)
  eden space 1553792K,   0% used [0x00007f3a5c600000, 0x00007f3a5c600000, 0x00007f3abb360000)
  from space 194176K,   3% used [0x00007f3abb360000, 0x00007f3abb9fcc48, 0x00007f3ac7100000)
  to   space 194176K,   0% used [0x00007f3ac7100000, 0x00007f3ac7100000, 0x00007f3ad2ea0000)
 tenured generation   total 3884268K, used 3882768K [0x00007f3fb1b50000, 0x00007f409ec8b000, 0x00007f4a5c600000)
   the space 3884268K,  99% used [0x00007f3fb1b50000, 0x00007f409eb141a0, 0x00007f409eb14200, 0x00007f409ec8b000)
 Metaspace       used 24363K, capacity 24753K, committed 24832K, reserved 26624K
}
Event: 9195.400 GC heap before
{Heap before GC invocations=14969 (full 3):
 def new generation   total 1747968K, used 1560563K [0x00007f3a5c600000, 0x00007f3ad2ea0000, 0x00007f3fb1b50000)
  eden space 1553792K, 100% used [0x00007f3a5c600000, 0x00007f3abb360000, 0x00007f3abb360000)
  from space 194176K,   3% used [0x00007f3abb360000, 0x00007f3abb9fcc48, 0x00007f3ac7100000)
  to   space 194176K,   0% used [0x00007f3ac7100000, 0x00007f3ac7100000, 0x00007f3ad2ea0000)
 tenured generation   total 3884268K, used 3882768K [0x00007f3fb1b50000, 0x00007f409ec8b000, 0x00007f4a5c600000)
   the space 3884268K,  99% used [0x00007f3fb1b50000, 0x00007f409eb141a0, 0x00007f409eb14200, 0x00007f409ec8b000)
 Metaspace       used 24363K, capacity 24753K, committed 24832K, reserved 26624K
}
Event: 9195.414 GC heap after
{Heap after GC invocations=14970 (full 3):
 def new generation   total 1747968K, used 6788K [0x00007f3a5c600000, 0x00007f3ad2ea0000, 0x00007f3fb1b50000)
  eden space 1553792K,   0% used [0x00007f3a5c600000, 0x00007f3a5c600000, 0x00007f3abb360000)
  from space 194176K,   3% used [0x00007f3ac7100000, 0x00007f3ac77a11a0, 0x00007f3ad2ea0000)
  to   space 194176K,   0% used [0x00007f3abb360000, 0x00007f3abb360000, 0x00007f3ac7100000)
 tenured generation   total 3884268K, used 3883214K [0x00007f3fb1b50000, 0x00007f409ec8b000, 0x00007f4a5c600000)
   the space 3884268K,  99% used [0x00007f3fb1b50000, 0x00007f409eb83b20, 0x00007f409eb83c00, 0x00007f409ec8b000)
 Metaspace       used 24363K, capacity 24753K, committed 24832K, reserved 26624K
}
Event: 9196.347 GC heap before
{Heap before GC invocations=14970 (full 3):
 def new generation   total 1747968K, used 1560580K [0x00007f3a5c600000, 0x00007f3ad2ea0000, 0x00007f3fb1b50000)
  eden space 1553792K, 100% used [0x00007f3a5c600000, 0x00007f3abb360000, 0x00007f3abb360000)
  from space 194176K,   3% used [0x00007f3ac7100000, 0x00007f3ac77a11a0, 0x00007f3ad2ea0000)
  to   space 194176K,   0% used [0x00007f3abb360000, 0x00007f3abb360000, 0x00007f3ac7100000)
 tenured generation   total 3884268K, used 3883214K [0x00007f3fb1b50000, 0x00007f409ec8b000, 0x00007f4a5c600000)
   the space 3884268K,  99% used [0x00007f3fb1b50000, 0x00007f409eb83b20, 0x00007f409eb83c00, 0x00007f409ec8b000)
 Metaspace       used 24363K, capacity 24753K, committed 24832K, reserved 26624K
}
Event: 9196.357 GC heap after
{Heap after GC invocations=14971 (full 3):
 def new generation   total 1747968K, used 6802K [0x00007f3a5c600000, 0x00007f3ad2ea0000, 0x00007f3fb1b50000)
  eden space 1553792K,   0% used [0x00007f3a5c600000, 0x00007f3a5c600000, 0x00007f3abb360000)
  from space 194176K,   3% used [0x00007f3abb360000, 0x00007f3abba048d8, 0x00007f3ac7100000)
  to   space 194176K,   0% used [0x00007f3ac7100000, 0x00007f3ac7100000, 0x00007f3ad2ea0000)
 tenured generation   total 3884268K, used 3883678K [0x00007f3fb1b50000, 0x00007f409ec8b000, 0x00007f4a5c600000)
   the space 3884268K,  99% used [0x00007f3fb1b50000, 0x00007f409ebf7ae0, 0x00007f409ebf7c00, 0x00007f409ec8b000)
 Metaspace       used 24363K, capacity 24753K, committed 24832K, reserved 26624K
}
Event: 9197.336 GC heap before
{Heap before GC invocations=14971 (full 3):
 def new generation   total 1747968K, used 1560594K [0x00007f3a5c600000, 0x00007f3ad2ea0000, 0x00007f3fb1b50000)
  eden space 1553792K, 100% used [0x00007f3a5c600000, 0x00007f3abb360000, 0x00007f3abb360000)
  from space 194176K,   3% used [0x00007f3abb360000, 0x00007f3abba048d8, 0x00007f3ac7100000)
  to   space 194176K,   0% used [0x00007f3ac7100000, 0x00007f3ac7100000, 0x00007f3ad2ea0000)
 tenured generation   total 3884268K, used 3883678K [0x00007f3fb1b50000, 0x00007f409ec8b000, 0x00007f4a5c600000)
   the space 3884268K,  99% used [0x00007f3fb1b50000, 0x00007f409ebf7ae0, 0x00007f409ebf7c00, 0x00007f409ec8b000)
 Metaspace       used 24363K, capacity 24753K, committed 24832K, reserved 26624K
}
Event: 9197.350 GC heap after
{Heap after GC invocations=14972 (full 3):
 def new generation   total 1747968K, used 7141K [0x00007f3a5c600000, 0x00007f3ad2ea0000, 0x00007f3fb1b50000)
  eden space 1553792K,   0% used [0x00007f3a5c600000, 0x00007f3a5c600000, 0x00007f3abb360000)
  from space 194176K,   3% used [0x00007f3ac7100000, 0x00007f3ac77f9680, 0x00007f3ad2ea0000)
  to   space 194176K,   0% used [0x00007f3abb360000, 0x00007f3abb360000, 0x00007f3ac7100000)
 tenured generation   total 3884268K, used 3884142K [0x00007f3fb1b50000, 0x00007f409ec8b000, 0x00007f4a5c600000)
   the space 3884268K,  99% used [0x00007f3fb1b50000, 0x00007f409ec6b980, 0x00007f409ec6ba00, 0x00007f409ec8b000)
 Metaspace       used 24363K, capacity 24753K, committed 24832K, reserved 26624K
}
Event: 9198.315 GC heap before
{Heap before GC invocations=14972 (full 3):
 def new generation   total 1747968K, used 1560933K [0x00007f3a5c600000, 0x00007f3ad2ea0000, 0x00007f3fb1b50000)
  eden space 1553792K, 100% used [0x00007f3a5c600000, 0x00007f3abb360000, 0x00007f3abb360000)
  from space 194176K,   3% used [0x00007f3ac7100000, 0x00007f3ac77f9680, 0x00007f3ad2ea0000)
  to   space 194176K,   0% used [0x00007f3abb360000, 0x00007f3abb360000, 0x00007f3ac7100000)
 tenured generation   total 3884268K, used 3884142K [0x00007f3fb1b50000, 0x00007f409ec8b000, 0x00007f4a5c600000)
   the space 3884268K,  99% used [0x00007f3fb1b50000, 0x00007f409ec6b980, 0x00007f409ec6ba00, 0x00007f409ec8b000)
 Metaspace       used 24363K, capacity 24753K, committed 24832K, reserved 26624K
}
Event: 9198.330 GC heap after
{Heap after GC invocations=14973 (full 3):
 def new generation   total 1747968K, used 7489K [0x00007f3a5c600000, 0x00007f3ad2ea0000, 0x00007f3fb1b50000)
  eden space 1553792K,   0% used [0x00007f3a5c600000, 0x00007f3a5c600000, 0x00007f3abb360000)
  from space 194176K,   3% used [0x00007f3abb360000, 0x00007f3abbab0610, 0x00007f3ac7100000)
  to   space 194176K,   0% used [0x00007f3ac7100000, 0x00007f3ac7100000, 0x00007f3ad2ea0000)
 tenured generation   total 3884652K, used 3884606K [0x00007f3fb1b50000, 0x00007f409eceb000, 0x00007f4a5c600000)
   the space 3884652K,  99% used [0x00007f3fb1b50000, 0x00007f409ecdf940, 0x00007f409ecdfa00, 0x00007f409eceb000)
 Metaspace       used 24363K, capacity 24753K, committed 24832K, reserved 26624K
}
Event: 9198.330 GC heap before
{Heap before GC invocations=14973 (full 3):
 def new generation   total 1747968K, used 7489K [0x00007f3a5c600000, 0x00007f3ad2ea0000, 0x00007f3fb1b50000)
  eden space 1553792K,   0% used [0x00007f3a5c600000, 0x00007f3a5c600000, 0x00007f3abb360000)
  from space 194176K,   3% used [0x00007f3abb360000, 0x00007f3abbab0610, 0x00007f3ac7100000)
  to   space 194176K,   0% used [0x00007f3ac7100000, 0x00007f3ac7100000, 0x00007f3ad2ea0000)
 tenured generation   total 3884652K, used 3884606K [0x00007f3fb1b50000, 0x00007f409eceb000, 0x00007f4a5c600000)
   the space 3884652K,  99% used [0x00007f3fb1b50000, 0x00007f409ecdf940, 0x00007f409ecdfa00, 0x00007f409eceb000)
 Metaspace       used 24363K, capacity 24753K, committed 24832K, reserved 26624K
}

