# JRE version: OpenJDK Runtime Environment (13.0.7+5) (build 13.0.7+5-Ubuntu-0ubuntu120.04)
# Java VM: OpenJDK 64-Bit Server VM (13.0.7+5-Ubuntu-0ubuntu120.04, mixed mode, tiered, serial gc, linux-amd64)
Heap:
 def new generation   total 1740416K, used 111283K [0x00007f7138600000, 0x00007f71ae670000, 0x00007f768db50000)
  eden space 1547072K,   7% used [0x00007f7138600000, 0x00007f713f2acf80, 0x00007f7196cd0000)
  from space 193344K,   0% used [0x00007f71a29a0000, 0x00007f71a29a0000, 0x00007f71ae670000)
  to   space 193344K,   0% used [0x00007f7196cd0000, 0x00007f7196cd0000, 0x00007f71a29a0000)
 tenured generation   total 3926832K, used 3926831K [0x00007f768db50000, 0x00007f777d61c000, 0x00007f8138600000)
   the space 3926832K,  99% used [0x00007f768db50000, 0x00007f777d61bff0, 0x00007f777d61c000, 0x00007f777d61c000)
 Metaspace       used 30885K, capacity 31313K, committed 31488K, reserved 32768K
GC Heap History (20 events):
Event: 147.421 GC heap after
{Heap after GC invocations=112 (full 12):
 def new generation   total 1740416K, used 106683K [0x00007f7138600000, 0x00007f71ae670000, 0x00007f768db50000)
  eden space 1547072K,   0% used [0x00007f7138600000, 0x00007f7138600000, 0x00007f7196cd0000)
  from space 193344K,  55% used [0x00007f7196cd0000, 0x00007f719d4fec90, 0x00007f71a29a0000)
  to   space 193344K,   0% used [0x00007f71a29a0000, 0x00007f71a29a0000, 0x00007f71ae670000)
 tenured generation   total 3867504K, used 2886928K [0x00007f768db50000, 0x00007f7779c2c000, 0x00007f8138600000)
   the space 3867504K,  74% used [0x00007f768db50000, 0x00007f773de94110, 0x00007f773de94200, 0x00007f7779c2c000)
 Metaspace       used 30885K, capacity 31313K, committed 31488K, reserved 32768K
}
Event: 147.985 GC heap before
{Heap before GC invocations=112 (full 12):
 def new generation   total 1740416K, used 1653755K [0x00007f7138600000, 0x00007f71ae670000, 0x00007f768db50000)
  eden space 1547072K, 100% used [0x00007f7138600000, 0x00007f7196cd0000, 0x00007f7196cd0000)
  from space 193344K,  55% used [0x00007f7196cd0000, 0x00007f719d4fec90, 0x00007f71a29a0000)
  to   space 193344K,   0% used [0x00007f71a29a0000, 0x00007f71a29a0000, 0x00007f71ae670000)
 tenured generation   total 3867504K, used 2886928K [0x00007f768db50000, 0x00007f7779c2c000, 0x00007f8138600000)
   the space 3867504K,  74% used [0x00007f768db50000, 0x00007f773de94110, 0x00007f773de94200, 0x00007f7779c2c000)
 Metaspace       used 30885K, capacity 31313K, committed 31488K, reserved 32768K
}
Event: 148.381 GC heap after
{Heap after GC invocations=113 (full 12):
 def new generation   total 1740416K, used 114534K [0x00007f7138600000, 0x00007f71ae670000, 0x00007f768db50000)
  eden space 1547072K,   0% used [0x00007f7138600000, 0x00007f7138600000, 0x00007f7196cd0000)
  from space 193344K,  59% used [0x00007f71a29a0000, 0x00007f71a9979bc8, 0x00007f71ae670000)
  to   space 193344K,   0% used [0x00007f7196cd0000, 0x00007f7196cd0000, 0x00007f71a29a0000)
 tenured generation   total 3867504K, used 2993610K [0x00007f768db50000, 0x00007f7779c2c000, 0x00007f8138600000)
   the space 3867504K,  77% used [0x00007f768db50000, 0x00007f77446c2a80, 0x00007f77446c2c00, 0x00007f7779c2c000)
 Metaspace       used 30885K, capacity 31313K, committed 31488K, reserved 32768K
}
Event: 148.915 GC heap before
{Heap before GC invocations=113 (full 12):
 def new generation   total 1740416K, used 1661606K [0x00007f7138600000, 0x00007f71ae670000, 0x00007f768db50000)
  eden space 1547072K, 100% used [0x00007f7138600000, 0x00007f7196cd0000, 0x00007f7196cd0000)
  from space 193344K,  59% used [0x00007f71a29a0000, 0x00007f71a9979bc8, 0x00007f71ae670000)
  to   space 193344K,   0% used [0x00007f7196cd0000, 0x00007f7196cd0000, 0x00007f71a29a0000)
 tenured generation   total 3867504K, used 2993610K [0x00007f768db50000, 0x00007f7779c2c000, 0x00007f8138600000)
   the space 3867504K,  77% used [0x00007f768db50000, 0x00007f77446c2a80, 0x00007f77446c2c00, 0x00007f7779c2c000)
 Metaspace       used 30885K, capacity 31313K, committed 31488K, reserved 32768K
}
Event: 149.352 GC heap after
{Heap after GC invocations=114 (full 12):
 def new generation   total 1740416K, used 127873K [0x00007f7138600000, 0x00007f71ae670000, 0x00007f768db50000)
  eden space 1547072K,   0% used [0x00007f7138600000, 0x00007f7138600000, 0x00007f7196cd0000)
  from space 193344K,  66% used [0x00007f7196cd0000, 0x00007f719e9b0470, 0x00007f71a29a0000)
  to   space 193344K,   0% used [0x00007f71a29a0000, 0x00007f71a29a0000, 0x00007f71ae670000)
 tenured generation   total 3867504K, used 3108144K [0x00007f768db50000, 0x00007f7779c2c000, 0x00007f8138600000)
   the space 3867504K,  80% used [0x00007f768db50000, 0x00007f774b69c1f8, 0x00007f774b69c200, 0x00007f7779c2c000)
 Metaspace       used 30885K, capacity 31313K, committed 31488K, reserved 32768K
}
Event: 149.762 GC heap before
{Heap before GC invocations=114 (full 12):
 def new generation   total 1740416K, used 1674945K [0x00007f7138600000, 0x00007f71ae670000, 0x00007f768db50000)
  eden space 1547072K, 100% used [0x00007f7138600000, 0x00007f7196cd0000, 0x00007f7196cd0000)
  from space 193344K,  66% used [0x00007f7196cd0000, 0x00007f719e9b0470, 0x00007f71a29a0000)
  to   space 193344K,   0% used [0x00007f71a29a0000, 0x00007f71a29a0000, 0x00007f71ae670000)
 tenured generation   total 3867504K, used 3108144K [0x00007f768db50000, 0x00007f7779c2c000, 0x00007f8138600000)
   the space 3867504K,  80% used [0x00007f768db50000, 0x00007f774b69c1f8, 0x00007f774b69c200, 0x00007f7779c2c000)
 Metaspace       used 30885K, capacity 31313K, committed 31488K, reserved 32768K
}
Event: 150.221 GC heap after
{Heap after GC invocations=115 (full 12):
 def new generation   total 1740416K, used 115050K [0x00007f7138600000, 0x00007f71ae670000, 0x00007f768db50000)
  eden space 1547072K,   0% used [0x00007f7138600000, 0x00007f7138600000, 0x00007f7196cd0000)
  from space 193344K,  59% used [0x00007f71a29a0000, 0x00007f71a99faa68, 0x00007f71ae670000)
  to   space 193344K,   0% used [0x00007f7196cd0000, 0x00007f7196cd0000, 0x00007f71a29a0000)
 tenured generation   total 3867504K, used 3236016K [0x00007f768db50000, 0x00007f7779c2c000, 0x00007f8138600000)
   the space 3867504K,  83% used [0x00007f768db50000, 0x00007f775337c1c8, 0x00007f775337c200, 0x00007f7779c2c000)
 Metaspace       used 30885K, capacity 31313K, committed 31488K, reserved 32768K
}
Event: 150.701 GC heap before
{Heap before GC invocations=115 (full 12):
 def new generation   total 1740416K, used 1662122K [0x00007f7138600000, 0x00007f71ae670000, 0x00007f768db50000)
  eden space 1547072K, 100% used [0x00007f7138600000, 0x00007f7196cd0000, 0x00007f7196cd0000)
  from space 193344K,  59% used [0x00007f71a29a0000, 0x00007f71a99faa68, 0x00007f71ae670000)
  to   space 193344K,   0% used [0x00007f7196cd0000, 0x00007f7196cd0000, 0x00007f71a29a0000)
 tenured generation   total 3867504K, used 3236016K [0x00007f768db50000, 0x00007f7779c2c000, 0x00007f8138600000)
   the space 3867504K,  83% used [0x00007f768db50000, 0x00007f775337c1c8, 0x00007f775337c200, 0x00007f7779c2c000)
 Metaspace       used 30885K, capacity 31313K, committed 31488K, reserved 32768K
}
Event: 151.091 GC heap after
{Heap after GC invocations=116 (full 12):
 def new generation   total 1740416K, used 104681K [0x00007f7138600000, 0x00007f71ae670000, 0x00007f768db50000)
  eden space 1547072K,   0% used [0x00007f7138600000, 0x00007f7138600000, 0x00007f7196cd0000)
  from space 193344K,  54% used [0x00007f7196cd0000, 0x00007f719d30a678, 0x00007f71a29a0000)
  to   space 193344K,   0% used [0x00007f71a29a0000, 0x00007f71a29a0000, 0x00007f71ae670000)
 tenured generation   total 3867504K, used 3351067K [0x00007f768db50000, 0x00007f7779c2c000, 0x00007f8138600000)
   the space 3867504K,  86% used [0x00007f768db50000, 0x00007f775a3d6c30, 0x00007f775a3d6e00, 0x00007f7779c2c000)
 Metaspace       used 30885K, capacity 31313K, committed 31488K, reserved 32768K
}
Event: 151.513 GC heap before
{Heap before GC invocations=116 (full 12):
 def new generation   total 1740416K, used 1651753K [0x00007f7138600000, 0x00007f71ae670000, 0x00007f768db50000)
  eden space 1547072K, 100% used [0x00007f7138600000, 0x00007f7196cd0000, 0x00007f7196cd0000)
  from space 193344K,  54% used [0x00007f7196cd0000, 0x00007f719d30a678, 0x00007f71a29a0000)
  to   space 193344K,   0% used [0x00007f71a29a0000, 0x00007f71a29a0000, 0x00007f71ae670000)
 tenured generation   total 3867504K, used 3351067K [0x00007f768db50000, 0x00007f7779c2c000, 0x00007f8138600000)
   the space 3867504K,  86% used [0x00007f768db50000, 0x00007f775a3d6c30, 0x00007f775a3d6e00, 0x00007f7779c2c000)
 Metaspace       used 30885K, capacity 31313K, committed 31488K, reserved 32768K
}
Event: 151.914 GC heap after
{Heap after GC invocations=117 (full 12):
 def new generation   total 1740416K, used 127205K [0x00007f7138600000, 0x00007f71ae670000, 0x00007f768db50000)
  eden space 1547072K,   0% used [0x00007f7138600000, 0x00007f7138600000, 0x00007f7196cd0000)
  from space 193344K,  65% used [0x00007f71a29a0000, 0x00007f71aa5d9558, 0x00007f71ae670000)
  to   space 193344K,   0% used [0x00007f7196cd0000, 0x00007f7196cd0000, 0x00007f71a29a0000)
 tenured generation   total 3867504K, used 3455748K [0x00007f768db50000, 0x00007f7779c2c000, 0x00007f8138600000)
   the space 3867504K,  89% used [0x00007f768db50000, 0x00007f7760a11188, 0x00007f7760a11200, 0x00007f7779c2c000)
 Metaspace       used 30885K, capacity 31313K, committed 31488K, reserved 32768K
}
Event: 152.331 GC heap before
{Heap before GC invocations=117 (full 12):
 def new generation   total 1740416K, used 1674277K [0x00007f7138600000, 0x00007f71ae670000, 0x00007f768db50000)
  eden space 1547072K, 100% used [0x00007f7138600000, 0x00007f7196cd0000, 0x00007f7196cd0000)
  from space 193344K,  65% used [0x00007f71a29a0000, 0x00007f71aa5d9558, 0x00007f71ae670000)
  to   space 193344K,   0% used [0x00007f7196cd0000, 0x00007f7196cd0000, 0x00007f71a29a0000)
 tenured generation   total 3867504K, used 3455748K [0x00007f768db50000, 0x00007f7779c2c000, 0x00007f8138600000)
   the space 3867504K,  89% used [0x00007f768db50000, 0x00007f7760a11188, 0x00007f7760a11200, 0x00007f7779c2c000)
 Metaspace       used 30885K, capacity 31313K, committed 31488K, reserved 32768K
}
Event: 152.754 GC heap after
{Heap after GC invocations=118 (full 12):
 def new generation   total 1740416K, used 114496K [0x00007f7138600000, 0x00007f71ae670000, 0x00007f768db50000)
  eden space 1547072K,   0% used [0x00007f7138600000, 0x00007f7138600000, 0x00007f7196cd0000)
  from space 193344K,  59% used [0x00007f7196cd0000, 0x00007f719dca0370, 0x00007f71a29a0000)
  to   space 193344K,   0% used [0x00007f71a29a0000, 0x00007f71a29a0000, 0x00007f71ae670000)
 tenured generation   total 3867504K, used 3582952K [0x00007f768db50000, 0x00007f7779c2c000, 0x00007f8138600000)
   the space 3867504K,  92% used [0x00007f768db50000, 0x00007f776864a380, 0x00007f776864a400, 0x00007f7779c2c000)
 Metaspace       used 30885K, capacity 31313K, committed 31488K, reserved 32768K
}
Event: 153.321 GC heap before
{Heap before GC invocations=118 (full 12):
 def new generation   total 1740416K, used 1661568K [0x00007f7138600000, 0x00007f71ae670000, 0x00007f768db50000)
  eden space 1547072K, 100% used [0x00007f7138600000, 0x00007f7196cd0000, 0x00007f7196cd0000)
  from space 193344K,  59% used [0x00007f7196cd0000, 0x00007f719dca0370, 0x00007f71a29a0000)
  to   space 193344K,   0% used [0x00007f71a29a0000, 0x00007f71a29a0000, 0x00007f71ae670000)
 tenured generation   total 3867504K, used 3582952K [0x00007f768db50000, 0x00007f7779c2c000, 0x00007f8138600000)
   the space 3867504K,  92% used [0x00007f768db50000, 0x00007f776864a380, 0x00007f776864a400, 0x00007f7779c2c000)
 Metaspace       used 30885K, capacity 31313K, committed 31488K, reserved 32768K
}
Event: 153.778 GC heap after
{Heap after GC invocations=119 (full 12):
 def new generation   total 1740416K, used 113274K [0x00007f7138600000, 0x00007f71ae670000, 0x00007f768db50000)
  eden space 1547072K,   0% used [0x00007f7138600000, 0x00007f7138600000, 0x00007f7196cd0000)
  from space 193344K,  58% used [0x00007f71a29a0000, 0x00007f71a983ea88, 0x00007f71ae670000)
  to   space 193344K,   0% used [0x00007f7196cd0000, 0x00007f7196cd0000, 0x00007f71a29a0000)
 tenured generation   total 3867504K, used 3697449K [0x00007f768db50000, 0x00007f7779c2c000, 0x00007f8138600000)
   the space 3867504K,  95% used [0x00007f768db50000, 0x00007f776f61a410, 0x00007f776f61a600, 0x00007f7779c2c000)
 Metaspace       used 30885K, capacity 31313K, committed 31488K, reserved 32768K
}
Event: 154.221 GC heap before
{Heap before GC invocations=119 (full 12):
 def new generation   total 1740416K, used 1660346K [0x00007f7138600000, 0x00007f71ae670000, 0x00007f768db50000)
  eden space 1547072K, 100% used [0x00007f7138600000, 0x00007f7196cd0000, 0x00007f7196cd0000)
  from space 193344K,  58% used [0x00007f71a29a0000, 0x00007f71a983ea88, 0x00007f71ae670000)
  to   space 193344K,   0% used [0x00007f7196cd0000, 0x00007f7196cd0000, 0x00007f71a29a0000)
 tenured generation   total 3867504K, used 3697449K [0x00007f768db50000, 0x00007f7779c2c000, 0x00007f8138600000)
   the space 3867504K,  95% used [0x00007f768db50000, 0x00007f776f61a410, 0x00007f776f61a600, 0x00007f7779c2c000)
 Metaspace       used 30885K, capacity 31313K, committed 31488K, reserved 32768K
}
Event: 154.618 GC heap after
{Heap after GC invocations=120 (full 12):
 def new generation   total 1740416K, used 116077K [0x00007f7138600000, 0x00007f71ae670000, 0x00007f768db50000)
  eden space 1547072K,   0% used [0x00007f7138600000, 0x00007f7138600000, 0x00007f7196cd0000)
  from space 193344K,  60% used [0x00007f7196cd0000, 0x00007f719de2b6a0, 0x00007f71a29a0000)
  to   space 193344K,   0% used [0x00007f71a29a0000, 0x00007f71a29a0000, 0x00007f71ae670000)
 tenured generation   total 3867504K, used 3810722K [0x00007f768db50000, 0x00007f7779c2c000, 0x00007f8138600000)
   the space 3867504K,  98% used [0x00007f768db50000, 0x00007f77764b8b88, 0x00007f77764b8c00, 0x00007f7779c2c000)
 Metaspace       used 30885K, capacity 31313K, committed 31488K, reserved 32768K
}
Event: 155.179 GC heap before
{Heap before GC invocations=120 (full 12):
 def new generation   total 1740416K, used 1663149K [0x00007f7138600000, 0x00007f71ae670000, 0x00007f768db50000)
  eden space 1547072K, 100% used [0x00007f7138600000, 0x00007f7196cd0000, 0x00007f7196cd0000)
  from space 193344K,  60% used [0x00007f7196cd0000, 0x00007f719de2b6a0, 0x00007f71a29a0000)
  to   space 193344K,   0% used [0x00007f71a29a0000, 0x00007f71a29a0000, 0x00007f71ae670000)
 tenured generation   total 3867504K, used 3810722K [0x00007f768db50000, 0x00007f7779c2c000, 0x00007f8138600000)
   the space 3867504K,  98% used [0x00007f768db50000, 0x00007f77764b8b88, 0x00007f77764b8c00, 0x00007f7779c2c000)
 Metaspace       used 30885K, capacity 31313K, committed 31488K, reserved 32768K
}
Event: 155.598 GC heap after
{Heap after GC invocations=121 (full 12):
 def new generation   total 1740416K, used 111315K [0x00007f7138600000, 0x00007f71ae670000, 0x00007f768db50000)
  eden space 1547072K,   0% used [0x00007f7138600000, 0x00007f7138600000, 0x00007f7196cd0000)
  from space 193344K,  57% used [0x00007f71a29a0000, 0x00007f71a9654e08, 0x00007f71ae670000)
  to   space 193344K,   0% used [0x00007f7196cd0000, 0x00007f7196cd0000, 0x00007f71a29a0000)
 tenured generation   total 3926832K, used 3926800K [0x00007f768db50000, 0x00007f777d61c000, 0x00007f8138600000)
   the space 3926832K,  99% used [0x00007f768db50000, 0x00007f777d614168, 0x00007f777d614200, 0x00007f777d61c000)
 Metaspace       used 30885K, capacity 31313K, committed 31488K, reserved 32768K
}
Event: 155.598 GC heap before
{Heap before GC invocations=121 (full 12):
 def new generation   total 1740416K, used 111315K [0x00007f7138600000, 0x00007f71ae670000, 0x00007f768db50000)
  eden space 1547072K,   0% used [0x00007f7138600000, 0x00007f7138600000, 0x00007f7196cd0000)
  from space 193344K,  57% used [0x00007f71a29a0000, 0x00007f71a9654e08, 0x00007f71ae670000)
  to   space 193344K,   0% used [0x00007f7196cd0000, 0x00007f7196cd0000, 0x00007f71a29a0000)
 tenured generation   total 3926832K, used 3926800K [0x00007f768db50000, 0x00007f777d61c000, 0x00007f8138600000)
   the space 3926832K,  99% used [0x00007f768db50000, 0x00007f777d614168, 0x00007f777d614200, 0x00007f777d61c000)
 Metaspace       used 30885K, capacity 31313K, committed 31488K, reserved 32768K
}

