# JRE version: OpenJDK Runtime Environment (13.0.7+5) (build 13.0.7+5-Ubuntu-0ubuntu120.04)
# Java VM: OpenJDK 64-Bit Server VM (13.0.7+5-Ubuntu-0ubuntu120.04, mixed mode, tiered, serial gc, linux-amd64)
Heap:
 def new generation   total 4771968K, used 0K [0x00007ee7f0600000, 0x00007ee933fe0000, 0x00007ef29b0a0000)
  eden space 4241792K,   0% used [0x00007ee7f0600000, 0x00007ee7f0600000, 0x00007ee8f3460000)
  from space 530176K,   0% used [0x00007ee8f3460000, 0x00007ee8f3460000, 0x00007ee913a20000)
  to   space 530176K,   0% used [0x00007ee913a20000, 0x00007ee913a20000, 0x00007ee933fe0000)
 tenured generation   total 10620644K, used 10523825K [0x00007ef29b0a0000, 0x00007ef523459000, 0x00007f07f0600000)
   the space 10620644K,  99% used [0x00007ef29b0a0000, 0x00007ef51d5cc728, 0x00007ef51d5cc800, 0x00007ef523459000)
 Metaspace       used 24266K, capacity 24699K, committed 24832K, reserved 26624K
GC Heap History (20 events):
Event: 5287.773 GC heap after
{Heap after GC invocations=2995 (full 7):
 def new generation   total 4771968K, used 163453K [0x00007ee7f0600000, 0x00007ee933fe0000, 0x00007ef29b0a0000)
  eden space 4241792K,   0% used [0x00007ee7f0600000, 0x00007ee7f0600000, 0x00007ee8f3460000)
  from space 530176K,  30% used [0x00007ee913a20000, 0x00007ee91d9bf610, 0x00007ee933fe0000)
  to   space 530176K,   0% used [0x00007ee8f3460000, 0x00007ee8f3460000, 0x00007ee913a20000)
 tenured generation   total 10604256K, used 10523418K [0x00007ef29b0a0000, 0x00007ef522458000, 0x00007f07f0600000)
   the space 10604256K,  99% used [0x00007ef29b0a0000, 0x00007ef51d566b00, 0x00007ef51d566c00, 0x00007ef522458000)
 Metaspace       used 24266K, capacity 24699K, committed 24832K, reserved 26624K
}
Event: 5291.765 GC heap before
{Heap before GC invocations=2995 (full 7):
 def new generation   total 4771968K, used 4405245K [0x00007ee7f0600000, 0x00007ee933fe0000, 0x00007ef29b0a0000)
  eden space 4241792K, 100% used [0x00007ee7f0600000, 0x00007ee8f3460000, 0x00007ee8f3460000)
  from space 530176K,  30% used [0x00007ee913a20000, 0x00007ee91d9bf610, 0x00007ee933fe0000)
  to   space 530176K,   0% used [0x00007ee8f3460000, 0x00007ee8f3460000, 0x00007ee913a20000)
 tenured generation   total 10604256K, used 10523418K [0x00007ef29b0a0000, 0x00007ef522458000, 0x00007f07f0600000)
   the space 10604256K,  99% used [0x00007ef29b0a0000, 0x00007ef51d566b00, 0x00007ef51d566c00, 0x00007ef522458000)
 Metaspace       used 24266K, capacity 24699K, committed 24832K, reserved 26624K
}
Event: 5291.912 GC heap after
{Heap after GC invocations=2996 (full 7):
 def new generation   total 4771968K, used 152647K [0x00007ee7f0600000, 0x00007ee933fe0000, 0x00007ef29b0a0000)
  eden space 4241792K,   0% used [0x00007ee7f0600000, 0x00007ee7f0600000, 0x00007ee8f3460000)
  from space 530176K,  28% used [0x00007ee8f3460000, 0x00007ee8fc971c30, 0x00007ee913a20000)
  to   space 530176K,   0% used [0x00007ee913a20000, 0x00007ee913a20000, 0x00007ee933fe0000)
 tenured generation   total 10604256K, used 10540378K [0x00007ef29b0a0000, 0x00007ef522458000, 0x00007f07f0600000)
   the space 10604256K,  99% used [0x00007ef29b0a0000, 0x00007ef51e5f6af8, 0x00007ef51e5f6c00, 0x00007ef522458000)
 Metaspace       used 24266K, capacity 24699K, committed 24832K, reserved 26624K
}
Event: 5296.993 GC heap before
{Heap before GC invocations=2996 (full 7):
 def new generation   total 4771968K, used 4394439K [0x00007ee7f0600000, 0x00007ee933fe0000, 0x00007ef29b0a0000)
  eden space 4241792K, 100% used [0x00007ee7f0600000, 0x00007ee8f3460000, 0x00007ee8f3460000)
  from space 530176K,  28% used [0x00007ee8f3460000, 0x00007ee8fc971c30, 0x00007ee913a20000)
  to   space 530176K,   0% used [0x00007ee913a20000, 0x00007ee913a20000, 0x00007ee933fe0000)
 tenured generation   total 10604256K, used 10540378K [0x00007ef29b0a0000, 0x00007ef522458000, 0x00007f07f0600000)
   the space 10604256K,  99% used [0x00007ef29b0a0000, 0x00007ef51e5f6af8, 0x00007ef51e5f6c00, 0x00007ef522458000)
 Metaspace       used 24266K, capacity 24699K, committed 24832K, reserved 26624K
}
Event: 5297.114 GC heap after
{Heap after GC invocations=2997 (full 7):
 def new generation   total 4771968K, used 164474K [0x00007ee7f0600000, 0x00007ee933fe0000, 0x00007ef29b0a0000)
  eden space 4241792K,   0% used [0x00007ee7f0600000, 0x00007ee7f0600000, 0x00007ee8f3460000)
  from space 530176K,  31% used [0x00007ee913a20000, 0x00007ee91dabebf0, 0x00007ee933fe0000)
  to   space 530176K,   0% used [0x00007ee8f3460000, 0x00007ee8f3460000, 0x00007ee913a20000)
 tenured generation   total 10604256K, used 10540378K [0x00007ef29b0a0000, 0x00007ef522458000, 0x00007f07f0600000)
   the space 10604256K,  99% used [0x00007ef29b0a0000, 0x00007ef51e5f6af8, 0x00007ef51e5f6c00, 0x00007ef522458000)
 Metaspace       used 24266K, capacity 24699K, committed 24832K, reserved 26624K
}
Event: 5301.330 GC heap before
{Heap before GC invocations=2997 (full 7):
 def new generation   total 4771968K, used 4406266K [0x00007ee7f0600000, 0x00007ee933fe0000, 0x00007ef29b0a0000)
  eden space 4241792K, 100% used [0x00007ee7f0600000, 0x00007ee8f3460000, 0x00007ee8f3460000)
  from space 530176K,  31% used [0x00007ee913a20000, 0x00007ee91dabebf0, 0x00007ee933fe0000)
  to   space 530176K,   0% used [0x00007ee8f3460000, 0x00007ee8f3460000, 0x00007ee913a20000)
 tenured generation   total 10604256K, used 10540378K [0x00007ef29b0a0000, 0x00007ef522458000, 0x00007f07f0600000)
   the space 10604256K,  99% used [0x00007ef29b0a0000, 0x00007ef51e5f6af8, 0x00007ef51e5f6c00, 0x00007ef522458000)
 Metaspace       used 24266K, capacity 24699K, committed 24832K, reserved 26624K
}
Event: 5301.495 GC heap after
{Heap after GC invocations=2998 (full 7):
 def new generation   total 4771968K, used 169574K [0x00007ee7f0600000, 0x00007ee933fe0000, 0x00007ef29b0a0000)
  eden space 4241792K,   0% used [0x00007ee7f0600000, 0x00007ee7f0600000, 0x00007ee8f3460000)
  from space 530176K,  31% used [0x00007ee8f3460000, 0x00007ee8fd9f9ae0, 0x00007ee913a20000)
  to   space 530176K,   0% used [0x00007ee913a20000, 0x00007ee913a20000, 0x00007ee933fe0000)
 tenured generation   total 10604256K, used 10557338K [0x00007ef29b0a0000, 0x00007ef522458000, 0x00007f07f0600000)
   the space 10604256K,  99% used [0x00007ef29b0a0000, 0x00007ef51f686af0, 0x00007ef51f686c00, 0x00007ef522458000)
 Metaspace       used 24266K, capacity 24699K, committed 24832K, reserved 26624K
}
Event: 5306.732 GC heap before
{Heap before GC invocations=2998 (full 7):
 def new generation   total 4771968K, used 4411366K [0x00007ee7f0600000, 0x00007ee933fe0000, 0x00007ef29b0a0000)
  eden space 4241792K, 100% used [0x00007ee7f0600000, 0x00007ee8f3460000, 0x00007ee8f3460000)
  from space 530176K,  31% used [0x00007ee8f3460000, 0x00007ee8fd9f9ae0, 0x00007ee913a20000)
  to   space 530176K,   0% used [0x00007ee913a20000, 0x00007ee913a20000, 0x00007ee933fe0000)
 tenured generation   total 10604256K, used 10557338K [0x00007ef29b0a0000, 0x00007ef522458000, 0x00007f07f0600000)
   the space 10604256K,  99% used [0x00007ef29b0a0000, 0x00007ef51f686af0, 0x00007ef51f686c00, 0x00007ef522458000)
 Metaspace       used 24266K, capacity 24699K, committed 24832K, reserved 26624K
}
Event: 5306.909 GC heap after
{Heap after GC invocations=2999 (full 7):
 def new generation   total 4771968K, used 167599K [0x00007ee7f0600000, 0x00007ee933fe0000, 0x00007ef29b0a0000)
  eden space 4241792K,   0% used [0x00007ee7f0600000, 0x00007ee7f0600000, 0x00007ee8f3460000)
  from space 530176K,  31% used [0x00007ee913a20000, 0x00007ee91ddcbe10, 0x00007ee933fe0000)
  to   space 530176K,   0% used [0x00007ee8f3460000, 0x00007ee8f3460000, 0x00007ee913a20000)
 tenured generation   total 10604256K, used 10557338K [0x00007ef29b0a0000, 0x00007ef522458000, 0x00007f07f0600000)
   the space 10604256K,  99% used [0x00007ef29b0a0000, 0x00007ef51f686af0, 0x00007ef51f686c00, 0x00007ef522458000)
 Metaspace       used 24266K, capacity 24699K, committed 24832K, reserved 26624K
}
Event: 5310.783 GC heap before
{Heap before GC invocations=2999 (full 7):
 def new generation   total 4771968K, used 4409391K [0x00007ee7f0600000, 0x00007ee933fe0000, 0x00007ef29b0a0000)
  eden space 4241792K, 100% used [0x00007ee7f0600000, 0x00007ee8f3460000, 0x00007ee8f3460000)
  from space 530176K,  31% used [0x00007ee913a20000, 0x00007ee91ddcbe10, 0x00007ee933fe0000)
  to   space 530176K,   0% used [0x00007ee8f3460000, 0x00007ee8f3460000, 0x00007ee913a20000)
 tenured generation   total 10604256K, used 10557338K [0x00007ef29b0a0000, 0x00007ef522458000, 0x00007f07f0600000)
   the space 10604256K,  99% used [0x00007ef29b0a0000, 0x00007ef51f686af0, 0x00007ef51f686c00, 0x00007ef522458000)
 Metaspace       used 24266K, capacity 24699K, committed 24832K, reserved 26624K
}
Event: 5310.939 GC heap after
{Heap after GC invocations=3000 (full 7):
 def new generation   total 4771968K, used 152646K [0x00007ee7f0600000, 0x00007ee933fe0000, 0x00007ef29b0a0000)
  eden space 4241792K,   0% used [0x00007ee7f0600000, 0x00007ee7f0600000, 0x00007ee8f3460000)
  from space 530176K,  28% used [0x00007ee8f3460000, 0x00007ee8fc971938, 0x00007ee913a20000)
  to   space 530176K,   0% used [0x00007ee913a20000, 0x00007ee913a20000, 0x00007ee933fe0000)
 tenured generation   total 10604256K, used 10574298K [0x00007ef29b0a0000, 0x00007ef522458000, 0x00007f07f0600000)
   the space 10604256K,  99% used [0x00007ef29b0a0000, 0x00007ef520716ae8, 0x00007ef520716c00, 0x00007ef522458000)
 Metaspace       used 24266K, capacity 24699K, committed 24832K, reserved 26624K
}
Event: 5315.984 GC heap before
{Heap before GC invocations=3000 (full 7):
 def new generation   total 4771968K, used 4392309K [0x00007ee7f0600000, 0x00007ee933fe0000, 0x00007ef29b0a0000)
  eden space 4241792K,  99% used [0x00007ee7f0600000, 0x00007ee8f324bcc0, 0x00007ee8f3460000)
  from space 530176K,  28% used [0x00007ee8f3460000, 0x00007ee8fc971938, 0x00007ee913a20000)
  to   space 530176K,   0% used [0x00007ee913a20000, 0x00007ee913a20000, 0x00007ee933fe0000)
 tenured generation   total 10604256K, used 10574298K [0x00007ef29b0a0000, 0x00007ef522458000, 0x00007f07f0600000)
   the space 10604256K,  99% used [0x00007ef29b0a0000, 0x00007ef520716ae8, 0x00007ef520716c00, 0x00007ef522458000)
 Metaspace       used 24266K, capacity 24699K, committed 24832K, reserved 26624K
}
Event: 5316.105 GC heap after
{Heap after GC invocations=3001 (full 7):
 def new generation   total 4771968K, used 166016K [0x00007ee7f0600000, 0x00007ee933fe0000, 0x00007ef29b0a0000)
  eden space 4241792K,   0% used [0x00007ee7f0600000, 0x00007ee7f0600000, 0x00007ee8f3460000)
  from space 530176K,  31% used [0x00007ee913a20000, 0x00007ee91dc40220, 0x00007ee933fe0000)
  to   space 530176K,   0% used [0x00007ee8f3460000, 0x00007ee8f3460000, 0x00007ee913a20000)
 tenured generation   total 10604256K, used 10574298K [0x00007ef29b0a0000, 0x00007ef522458000, 0x00007f07f0600000)
   the space 10604256K,  99% used [0x00007ef29b0a0000, 0x00007ef520716ae8, 0x00007ef520716c00, 0x00007ef522458000)
 Metaspace       used 24266K, capacity 24699K, committed 24832K, reserved 26624K
}
Event: 5319.958 GC heap before
{Heap before GC invocations=3001 (full 7):
 def new generation   total 4771968K, used 4407808K [0x00007ee7f0600000, 0x00007ee933fe0000, 0x00007ef29b0a0000)
  eden space 4241792K, 100% used [0x00007ee7f0600000, 0x00007ee8f3460000, 0x00007ee8f3460000)
  from space 530176K,  31% used [0x00007ee913a20000, 0x00007ee91dc40220, 0x00007ee933fe0000)
  to   space 530176K,   0% used [0x00007ee8f3460000, 0x00007ee8f3460000, 0x00007ee913a20000)
 tenured generation   total 10604256K, used 10574298K [0x00007ef29b0a0000, 0x00007ef522458000, 0x00007f07f0600000)
   the space 10604256K,  99% used [0x00007ef29b0a0000, 0x00007ef520716ae8, 0x00007ef520716c00, 0x00007ef522458000)
 Metaspace       used 24266K, capacity 24699K, committed 24832K, reserved 26624K
}
Event: 5320.100 GC heap after
{Heap after GC invocations=3002 (full 7):
 def new generation   total 4771968K, used 152652K [0x00007ee7f0600000, 0x00007ee933fe0000, 0x00007ef29b0a0000)
  eden space 4241792K,   0% used [0x00007ee7f0600000, 0x00007ee7f0600000, 0x00007ee8f3460000)
  from space 530176K,  28% used [0x00007ee8f3460000, 0x00007ee8fc9732d0, 0x00007ee913a20000)
  to   space 530176K,   0% used [0x00007ee913a20000, 0x00007ee913a20000, 0x00007ee933fe0000)
 tenured generation   total 10604256K, used 10591258K [0x00007ef29b0a0000, 0x00007ef522458000, 0x00007f07f0600000)
   the space 10604256K,  99% used [0x00007ef29b0a0000, 0x00007ef5217a6ae0, 0x00007ef5217a6c00, 0x00007ef522458000)
 Metaspace       used 24266K, capacity 24699K, committed 24832K, reserved 26624K
}
Event: 5325.202 GC heap before
{Heap before GC invocations=3002 (full 7):
 def new generation   total 4771968K, used 4394444K [0x00007ee7f0600000, 0x00007ee933fe0000, 0x00007ef29b0a0000)
  eden space 4241792K, 100% used [0x00007ee7f0600000, 0x00007ee8f3460000, 0x00007ee8f3460000)
  from space 530176K,  28% used [0x00007ee8f3460000, 0x00007ee8fc9732d0, 0x00007ee913a20000)
  to   space 530176K,   0% used [0x00007ee913a20000, 0x00007ee913a20000, 0x00007ee933fe0000)
 tenured generation   total 10604256K, used 10591258K [0x00007ef29b0a0000, 0x00007ef522458000, 0x00007f07f0600000)
   the space 10604256K,  99% used [0x00007ef29b0a0000, 0x00007ef5217a6ae0, 0x00007ef5217a6c00, 0x00007ef522458000)
 Metaspace       used 24266K, capacity 24699K, committed 24832K, reserved 26624K
}
Event: 5325.326 GC heap after
{Heap after GC invocations=3003 (full 7):
 def new generation   total 4771968K, used 166517K [0x00007ee7f0600000, 0x00007ee933fe0000, 0x00007ef29b0a0000)
  eden space 4241792K,   0% used [0x00007ee7f0600000, 0x00007ee7f0600000, 0x00007ee8f3460000)
  from space 530176K,  31% used [0x00007ee913a20000, 0x00007ee91dcbd740, 0x00007ee933fe0000)
  to   space 530176K,   0% used [0x00007ee8f3460000, 0x00007ee8f3460000, 0x00007ee913a20000)
 tenured generation   total 10604256K, used 10591258K [0x00007ef29b0a0000, 0x00007ef522458000, 0x00007f07f0600000)
   the space 10604256K,  99% used [0x00007ef29b0a0000, 0x00007ef5217a6ae0, 0x00007ef5217a6c00, 0x00007ef522458000)
 Metaspace       used 24266K, capacity 24699K, committed 24832K, reserved 26624K
}
Event: 5329.292 GC heap before
{Heap before GC invocations=3003 (full 7):
 def new generation   total 4771968K, used 4408309K [0x00007ee7f0600000, 0x00007ee933fe0000, 0x00007ef29b0a0000)
  eden space 4241792K, 100% used [0x00007ee7f0600000, 0x00007ee8f3460000, 0x00007ee8f3460000)
  from space 530176K,  31% used [0x00007ee913a20000, 0x00007ee91dcbd740, 0x00007ee933fe0000)
  to   space 530176K,   0% used [0x00007ee8f3460000, 0x00007ee8f3460000, 0x00007ee913a20000)
 tenured generation   total 10604256K, used 10591258K [0x00007ef29b0a0000, 0x00007ef522458000, 0x00007f07f0600000)
   the space 10604256K,  99% used [0x00007ef29b0a0000, 0x00007ef5217a6ae0, 0x00007ef5217a6c00, 0x00007ef522458000)
 Metaspace       used 24266K, capacity 24699K, committed 24832K, reserved 26624K
}
Event: 5329.434 GC heap after
{Heap after GC invocations=3004 (full 7):
 def new generation   total 4771968K, used 152635K [0x00007ee7f0600000, 0x00007ee933fe0000, 0x00007ef29b0a0000)
  eden space 4241792K,   0% used [0x00007ee7f0600000, 0x00007ee7f0600000, 0x00007ee8f3460000)
  from space 530176K,  28% used [0x00007ee8f3460000, 0x00007ee8fc96ed90, 0x00007ee913a20000)
  to   space 530176K,   0% used [0x00007ee913a20000, 0x00007ee913a20000, 0x00007ee933fe0000)
 tenured generation   total 10620644K, used 10608218K [0x00007ef29b0a0000, 0x00007ef523459000, 0x00007f07f0600000)
   the space 10620644K,  99% used [0x00007ef29b0a0000, 0x00007ef522836ad8, 0x00007ef522836c00, 0x00007ef523459000)
 Metaspace       used 24266K, capacity 24699K, committed 24832K, reserved 26624K
}
Event: 5329.434 GC heap before
{Heap before GC invocations=3004 (full 7):
 def new generation   total 4771968K, used 152635K [0x00007ee7f0600000, 0x00007ee933fe0000, 0x00007ef29b0a0000)
  eden space 4241792K,   0% used [0x00007ee7f0600000, 0x00007ee7f0600000, 0x00007ee8f3460000)
  from space 530176K,  28% used [0x00007ee8f3460000, 0x00007ee8fc96ed90, 0x00007ee913a20000)
  to   space 530176K,   0% used [0x00007ee913a20000, 0x00007ee913a20000, 0x00007ee933fe0000)
 tenured generation   total 10620644K, used 10608218K [0x00007ef29b0a0000, 0x00007ef523459000, 0x00007f07f0600000)
   the space 10620644K,  99% used [0x00007ef29b0a0000, 0x00007ef522836ad8, 0x00007ef522836c00, 0x00007ef523459000)
 Metaspace       used 24266K, capacity 24699K, committed 24832K, reserved 26624K
}

