# JRE version: OpenJDK Runtime Environment (13.0.7+5) (build 13.0.7+5-Ubuntu-0ubuntu120.04)
# Java VM: OpenJDK 64-Bit Server VM (13.0.7+5-Ubuntu-0ubuntu120.04, mixed mode, tiered, serial gc, linux-amd64)
Heap:
 def new generation   total 1026816K, used 58056K [0x00007f9d08600000, 0x00007f9d4e020000, 0x00007fa7b30a0000)
  eden space 912768K,   6% used [0x00007f9d08600000, 0x00007f9d0beb22f8, 0x00007f9d40160000)
  from space 114048K,   0% used [0x00007f9d470c0000, 0x00007f9d470c0000, 0x00007f9d4e020000)
  to   space 114048K,   0% used [0x00007f9d40160000, 0x00007f9d40160000, 0x00007f9d470c0000)
 tenured generation   total 2297984K, used 2296564K [0x00007fa7b30a0000, 0x00007fa83f4c0000, 0x00007fbd08600000)
   the space 2297984K,  99% used [0x00007fa7b30a0000, 0x00007fa83f35d3e0, 0x00007fa83f35d400, 0x00007fa83f4c0000)
 Metaspace       used 24201K, capacity 24570K, committed 24832K, reserved 26624K
GC Heap History (20 events):
Event: 804.410 GC heap after
{Heap after GC invocations=1082 (full 4):
 def new generation   total 1026816K, used 49847K [0x00007f9d08600000, 0x00007f9d4e020000, 0x00007fa7b30a0000)
  eden space 912768K,   0% used [0x00007f9d08600000, 0x00007f9d08600000, 0x00007f9d40160000)
  from space 114048K,  43% used [0x00007f9d40160000, 0x00007f9d4320dd30, 0x00007f9d470c0000)
  to   space 114048K,   0% used [0x00007f9d470c0000, 0x00007f9d470c0000, 0x00007f9d4e020000)
 tenured generation   total 2281596K, used 2261611K [0x00007fa7b30a0000, 0x00007fa83e4bf000, 0x00007fbd08600000)
   the space 2281596K,  99% used [0x00007fa7b30a0000, 0x00007fa83d13acd8, 0x00007fa83d13ae00, 0x00007fa83e4bf000)
 Metaspace       used 24201K, capacity 24570K, committed 24832K, reserved 26624K
}
Event: 805.199 GC heap before
{Heap before GC invocations=1082 (full 4):
 def new generation   total 1026816K, used 962615K [0x00007f9d08600000, 0x00007f9d4e020000, 0x00007fa7b30a0000)
  eden space 912768K, 100% used [0x00007f9d08600000, 0x00007f9d40160000, 0x00007f9d40160000)
  from space 114048K,  43% used [0x00007f9d40160000, 0x00007f9d4320dd30, 0x00007f9d470c0000)
  to   space 114048K,   0% used [0x00007f9d470c0000, 0x00007f9d470c0000, 0x00007f9d4e020000)
 tenured generation   total 2281596K, used 2261611K [0x00007fa7b30a0000, 0x00007fa83e4bf000, 0x00007fbd08600000)
   the space 2281596K,  99% used [0x00007fa7b30a0000, 0x00007fa83d13acd8, 0x00007fa83d13ae00, 0x00007fa83e4bf000)
 Metaspace       used 24201K, capacity 24570K, committed 24832K, reserved 26624K
}
Event: 805.245 GC heap after
{Heap after GC invocations=1083 (full 4):
 def new generation   total 1026816K, used 50857K [0x00007f9d08600000, 0x00007f9d4e020000, 0x00007fa7b30a0000)
  eden space 912768K,   0% used [0x00007f9d08600000, 0x00007f9d08600000, 0x00007f9d40160000)
  from space 114048K,  44% used [0x00007f9d470c0000, 0x00007f9d4a26a560, 0x00007f9d4e020000)
  to   space 114048K,   0% used [0x00007f9d40160000, 0x00007f9d40160000, 0x00007f9d470c0000)
 tenured generation   total 2281596K, used 2261611K [0x00007fa7b30a0000, 0x00007fa83e4bf000, 0x00007fbd08600000)
   the space 2281596K,  99% used [0x00007fa7b30a0000, 0x00007fa83d13acd8, 0x00007fa83d13ae00, 0x00007fa83e4bf000)
 Metaspace       used 24201K, capacity 24570K, committed 24832K, reserved 26624K
}
Event: 806.061 GC heap before
{Heap before GC invocations=1083 (full 4):
 def new generation   total 1026816K, used 955399K [0x00007f9d08600000, 0x00007f9d4e020000, 0x00007fa7b30a0000)
  eden space 912768K,  99% used [0x00007f9d08600000, 0x00007f9d3f957878, 0x00007f9d40160000)
  from space 114048K,  44% used [0x00007f9d470c0000, 0x00007f9d4a26a560, 0x00007f9d4e020000)
  to   space 114048K,   0% used [0x00007f9d40160000, 0x00007f9d40160000, 0x00007f9d470c0000)
 tenured generation   total 2281596K, used 2261611K [0x00007fa7b30a0000, 0x00007fa83e4bf000, 0x00007fbd08600000)
   the space 2281596K,  99% used [0x00007fa7b30a0000, 0x00007fa83d13acd8, 0x00007fa83d13ae00, 0x00007fa83e4bf000)
 Metaspace       used 24201K, capacity 24570K, committed 24832K, reserved 26624K
}
Event: 806.102 GC heap after
{Heap after GC invocations=1084 (full 4):
 def new generation   total 1026816K, used 69347K [0x00007f9d08600000, 0x00007f9d4e020000, 0x00007fa7b30a0000)
  eden space 912768K,   0% used [0x00007f9d08600000, 0x00007f9d08600000, 0x00007f9d40160000)
  from space 114048K,  60% used [0x00007f9d40160000, 0x00007f9d44518e78, 0x00007f9d470c0000)
  to   space 114048K,   0% used [0x00007f9d470c0000, 0x00007f9d470c0000, 0x00007f9d4e020000)
 tenured generation   total 2281596K, used 2261611K [0x00007fa7b30a0000, 0x00007fa83e4bf000, 0x00007fbd08600000)
   the space 2281596K,  99% used [0x00007fa7b30a0000, 0x00007fa83d13acd8, 0x00007fa83d13ae00, 0x00007fa83e4bf000)
 Metaspace       used 24201K, capacity 24570K, committed 24832K, reserved 26624K
}
Event: 807.073 GC heap before
{Heap before GC invocations=1084 (full 4):
 def new generation   total 1026816K, used 971011K [0x00007f9d08600000, 0x00007f9d4e020000, 0x00007fa7b30a0000)
  eden space 912768K,  98% used [0x00007f9d08600000, 0x00007f9d3f687e98, 0x00007f9d40160000)
  from space 114048K,  60% used [0x00007f9d40160000, 0x00007f9d44518e78, 0x00007f9d470c0000)
  to   space 114048K,   0% used [0x00007f9d470c0000, 0x00007f9d470c0000, 0x00007f9d4e020000)
 tenured generation   total 2281596K, used 2261611K [0x00007fa7b30a0000, 0x00007fa83e4bf000, 0x00007fbd08600000)
   the space 2281596K,  99% used [0x00007fa7b30a0000, 0x00007fa83d13acd8, 0x00007fa83d13ae00, 0x00007fa83e4bf000)
 Metaspace       used 24201K, capacity 24570K, committed 24832K, reserved 26624K
}
Event: 807.139 GC heap after
{Heap after GC invocations=1085 (full 4):
 def new generation   total 1026816K, used 54965K [0x00007f9d08600000, 0x00007f9d4e020000, 0x00007fa7b30a0000)
  eden space 912768K,   0% used [0x00007f9d08600000, 0x00007f9d08600000, 0x00007f9d40160000)
  from space 114048K,  48% used [0x00007f9d470c0000, 0x00007f9d4a66d6c8, 0x00007f9d4e020000)
  to   space 114048K,   0% used [0x00007f9d40160000, 0x00007f9d40160000, 0x00007f9d470c0000)
 tenured generation   total 2281596K, used 2279084K [0x00007fa7b30a0000, 0x00007fa83e4bf000, 0x00007fbd08600000)
   the space 2281596K,  99% used [0x00007fa7b30a0000, 0x00007fa83e24b3a0, 0x00007fa83e24b400, 0x00007fa83e4bf000)
 Metaspace       used 24201K, capacity 24570K, committed 24832K, reserved 26624K
}
Event: 808.267 GC heap before
{Heap before GC invocations=1085 (full 4):
 def new generation   total 1026816K, used 967733K [0x00007f9d08600000, 0x00007f9d4e020000, 0x00007fa7b30a0000)
  eden space 912768K, 100% used [0x00007f9d08600000, 0x00007f9d40160000, 0x00007f9d40160000)
  from space 114048K,  48% used [0x00007f9d470c0000, 0x00007f9d4a66d6c8, 0x00007f9d4e020000)
  to   space 114048K,   0% used [0x00007f9d40160000, 0x00007f9d40160000, 0x00007f9d470c0000)
 tenured generation   total 2281596K, used 2279084K [0x00007fa7b30a0000, 0x00007fa83e4bf000, 0x00007fbd08600000)
   the space 2281596K,  99% used [0x00007fa7b30a0000, 0x00007fa83e24b3a0, 0x00007fa83e24b400, 0x00007fa83e4bf000)
 Metaspace       used 24201K, capacity 24570K, committed 24832K, reserved 26624K
}
Event: 808.301 GC heap after
{Heap after GC invocations=1086 (full 4):
 def new generation   total 1026816K, used 43164K [0x00007f9d08600000, 0x00007f9d4e020000, 0x00007fa7b30a0000)
  eden space 912768K,   0% used [0x00007f9d08600000, 0x00007f9d08600000, 0x00007f9d40160000)
  from space 114048K,  37% used [0x00007f9d40160000, 0x00007f9d42b87128, 0x00007f9d470c0000)
  to   space 114048K,   0% used [0x00007f9d470c0000, 0x00007f9d470c0000, 0x00007f9d4e020000)
 tenured generation   total 2281596K, used 2279084K [0x00007fa7b30a0000, 0x00007fa83e4bf000, 0x00007fbd08600000)
   the space 2281596K,  99% used [0x00007fa7b30a0000, 0x00007fa83e24b3a0, 0x00007fa83e24b400, 0x00007fa83e4bf000)
 Metaspace       used 24201K, capacity 24570K, committed 24832K, reserved 26624K
}
Event: 809.201 GC heap before
{Heap before GC invocations=1086 (full 4):
 def new generation   total 1026816K, used 955932K [0x00007f9d08600000, 0x00007f9d4e020000, 0x00007fa7b30a0000)
  eden space 912768K, 100% used [0x00007f9d08600000, 0x00007f9d40160000, 0x00007f9d40160000)
  from space 114048K,  37% used [0x00007f9d40160000, 0x00007f9d42b87128, 0x00007f9d470c0000)
  to   space 114048K,   0% used [0x00007f9d470c0000, 0x00007f9d470c0000, 0x00007f9d4e020000)
 tenured generation   total 2281596K, used 2279084K [0x00007fa7b30a0000, 0x00007fa83e4bf000, 0x00007fbd08600000)
   the space 2281596K,  99% used [0x00007fa7b30a0000, 0x00007fa83e24b3a0, 0x00007fa83e24b400, 0x00007fa83e4bf000)
 Metaspace       used 24201K, capacity 24570K, committed 24832K, reserved 26624K
}
Event: 809.236 GC heap after
{Heap after GC invocations=1087 (full 4):
 def new generation   total 1026816K, used 47791K [0x00007f9d08600000, 0x00007f9d4e020000, 0x00007fa7b30a0000)
  eden space 912768K,   0% used [0x00007f9d08600000, 0x00007f9d08600000, 0x00007f9d40160000)
  from space 114048K,  41% used [0x00007f9d470c0000, 0x00007f9d49f6bcd8, 0x00007f9d4e020000)
  to   space 114048K,   0% used [0x00007f9d40160000, 0x00007f9d40160000, 0x00007f9d470c0000)
 tenured generation   total 2281596K, used 2279084K [0x00007fa7b30a0000, 0x00007fa83e4bf000, 0x00007fbd08600000)
   the space 2281596K,  99% used [0x00007fa7b30a0000, 0x00007fa83e24b3a0, 0x00007fa83e24b400, 0x00007fa83e4bf000)
 Metaspace       used 24201K, capacity 24570K, committed 24832K, reserved 26624K
}
Event: 810.025 GC heap before
{Heap before GC invocations=1087 (full 4):
 def new generation   total 1026816K, used 960559K [0x00007f9d08600000, 0x00007f9d4e020000, 0x00007fa7b30a0000)
  eden space 912768K, 100% used [0x00007f9d08600000, 0x00007f9d40160000, 0x00007f9d40160000)
  from space 114048K,  41% used [0x00007f9d470c0000, 0x00007f9d49f6bcd8, 0x00007f9d4e020000)
  to   space 114048K,   0% used [0x00007f9d40160000, 0x00007f9d40160000, 0x00007f9d470c0000)
 tenured generation   total 2281596K, used 2279084K [0x00007fa7b30a0000, 0x00007fa83e4bf000, 0x00007fbd08600000)
   the space 2281596K,  99% used [0x00007fa7b30a0000, 0x00007fa83e24b3a0, 0x00007fa83e24b400, 0x00007fa83e4bf000)
 Metaspace       used 24201K, capacity 24570K, committed 24832K, reserved 26624K
}
Event: 810.062 GC heap after
{Heap after GC invocations=1088 (full 4):
 def new generation   total 1026816K, used 50857K [0x00007f9d08600000, 0x00007f9d4e020000, 0x00007fa7b30a0000)
  eden space 912768K,   0% used [0x00007f9d08600000, 0x00007f9d08600000, 0x00007f9d40160000)
  from space 114048K,  44% used [0x00007f9d40160000, 0x00007f9d4330a478, 0x00007f9d470c0000)
  to   space 114048K,   0% used [0x00007f9d470c0000, 0x00007f9d470c0000, 0x00007f9d4e020000)
 tenured generation   total 2281596K, used 2279084K [0x00007fa7b30a0000, 0x00007fa83e4bf000, 0x00007fbd08600000)
   the space 2281596K,  99% used [0x00007fa7b30a0000, 0x00007fa83e24b3a0, 0x00007fa83e24b400, 0x00007fa83e4bf000)
 Metaspace       used 24201K, capacity 24570K, committed 24832K, reserved 26624K
}
Event: 810.791 GC heap before
{Heap before GC invocations=1088 (full 4):
 def new generation   total 1026816K, used 963625K [0x00007f9d08600000, 0x00007f9d4e020000, 0x00007fa7b30a0000)
  eden space 912768K, 100% used [0x00007f9d08600000, 0x00007f9d40160000, 0x00007f9d40160000)
  from space 114048K,  44% used [0x00007f9d40160000, 0x00007f9d4330a478, 0x00007f9d470c0000)
  to   space 114048K,   0% used [0x00007f9d470c0000, 0x00007f9d470c0000, 0x00007f9d4e020000)
 tenured generation   total 2281596K, used 2279084K [0x00007fa7b30a0000, 0x00007fa83e4bf000, 0x00007fbd08600000)
   the space 2281596K,  99% used [0x00007fa7b30a0000, 0x00007fa83e24b3a0, 0x00007fa83e24b400, 0x00007fa83e4bf000)
 Metaspace       used 24201K, capacity 24570K, committed 24832K, reserved 26624K
}
Event: 810.829 GC heap after
{Heap after GC invocations=1089 (full 4):
 def new generation   total 1026816K, used 50857K [0x00007f9d08600000, 0x00007f9d4e020000, 0x00007fa7b30a0000)
  eden space 912768K,   0% used [0x00007f9d08600000, 0x00007f9d08600000, 0x00007f9d40160000)
  from space 114048K,  44% used [0x00007f9d470c0000, 0x00007f9d4a26a560, 0x00007f9d4e020000)
  to   space 114048K,   0% used [0x00007f9d40160000, 0x00007f9d40160000, 0x00007f9d470c0000)
 tenured generation   total 2281596K, used 2279084K [0x00007fa7b30a0000, 0x00007fa83e4bf000, 0x00007fbd08600000)
   the space 2281596K,  99% used [0x00007fa7b30a0000, 0x00007fa83e24b3a0, 0x00007fa83e24b400, 0x00007fa83e4bf000)
 Metaspace       used 24201K, capacity 24570K, committed 24832K, reserved 26624K
}
Event: 811.820 GC heap before
{Heap before GC invocations=1089 (full 4):
 def new generation   total 1026816K, used 963625K [0x00007f9d08600000, 0x00007f9d4e020000, 0x00007fa7b30a0000)
  eden space 912768K, 100% used [0x00007f9d08600000, 0x00007f9d40160000, 0x00007f9d40160000)
  from space 114048K,  44% used [0x00007f9d470c0000, 0x00007f9d4a26a560, 0x00007f9d4e020000)
  to   space 114048K,   0% used [0x00007f9d40160000, 0x00007f9d40160000, 0x00007f9d470c0000)
 tenured generation   total 2281596K, used 2279084K [0x00007fa7b30a0000, 0x00007fa83e4bf000, 0x00007fbd08600000)
   the space 2281596K,  99% used [0x00007fa7b30a0000, 0x00007fa83e24b3a0, 0x00007fa83e24b400, 0x00007fa83e4bf000)
 Metaspace       used 24201K, capacity 24570K, committed 24832K, reserved 26624K
}
Event: 811.857 GC heap after
{Heap after GC invocations=1090 (full 4):
 def new generation   total 1026816K, used 62190K [0x00007f9d08600000, 0x00007f9d4e020000, 0x00007fa7b30a0000)
  eden space 912768K,   0% used [0x00007f9d08600000, 0x00007f9d08600000, 0x00007f9d40160000)
  from space 114048K,  54% used [0x00007f9d40160000, 0x00007f9d43e1ba98, 0x00007f9d470c0000)
  to   space 114048K,   0% used [0x00007f9d470c0000, 0x00007f9d470c0000, 0x00007f9d4e020000)
 tenured generation   total 2281596K, used 2279084K [0x00007fa7b30a0000, 0x00007fa83e4bf000, 0x00007fbd08600000)
   the space 2281596K,  99% used [0x00007fa7b30a0000, 0x00007fa83e24b3a0, 0x00007fa83e24b400, 0x00007fa83e4bf000)
 Metaspace       used 24201K, capacity 24570K, committed 24832K, reserved 26624K
}
Event: 812.935 GC heap before
{Heap before GC invocations=1090 (full 4):
 def new generation   total 1026816K, used 974958K [0x00007f9d08600000, 0x00007f9d4e020000, 0x00007fa7b30a0000)
  eden space 912768K, 100% used [0x00007f9d08600000, 0x00007f9d40160000, 0x00007f9d40160000)
  from space 114048K,  54% used [0x00007f9d40160000, 0x00007f9d43e1ba98, 0x00007f9d470c0000)
  to   space 114048K,   0% used [0x00007f9d470c0000, 0x00007f9d470c0000, 0x00007f9d4e020000)
 tenured generation   total 2281596K, used 2279084K [0x00007fa7b30a0000, 0x00007fa83e4bf000, 0x00007fbd08600000)
   the space 2281596K,  99% used [0x00007fa7b30a0000, 0x00007fa83e24b3a0, 0x00007fa83e24b400, 0x00007fa83e4bf000)
 Metaspace       used 24201K, capacity 24570K, committed 24832K, reserved 26624K
}
Event: 813.005 GC heap after
{Heap after GC invocations=1091 (full 4):
 def new generation   total 1026816K, used 58063K [0x00007f9d08600000, 0x00007f9d4e020000, 0x00007fa7b30a0000)
  eden space 912768K,   0% used [0x00007f9d08600000, 0x00007f9d08600000, 0x00007f9d40160000)
  from space 114048K,  50% used [0x00007f9d470c0000, 0x00007f9d4a973c70, 0x00007f9d4e020000)
  to   space 114048K,   0% used [0x00007f9d40160000, 0x00007f9d40160000, 0x00007f9d470c0000)
 tenured generation   total 2297984K, used 2296558K [0x00007fa7b30a0000, 0x00007fa83f4c0000, 0x00007fbd08600000)
   the space 2297984K,  99% used [0x00007fa7b30a0000, 0x00007fa83f35ba68, 0x00007fa83f35bc00, 0x00007fa83f4c0000)
 Metaspace       used 24201K, capacity 24570K, committed 24832K, reserved 26624K
}
Event: 813.005 GC heap before
{Heap before GC invocations=1091 (full 4):
 def new generation   total 1026816K, used 58063K [0x00007f9d08600000, 0x00007f9d4e020000, 0x00007fa7b30a0000)
  eden space 912768K,   0% used [0x00007f9d08600000, 0x00007f9d08600000, 0x00007f9d40160000)
  from space 114048K,  50% used [0x00007f9d470c0000, 0x00007f9d4a973c70, 0x00007f9d4e020000)
  to   space 114048K,   0% used [0x00007f9d40160000, 0x00007f9d40160000, 0x00007f9d470c0000)
 tenured generation   total 2297984K, used 2296558K [0x00007fa7b30a0000, 0x00007fa83f4c0000, 0x00007fbd08600000)
   the space 2297984K,  99% used [0x00007fa7b30a0000, 0x00007fa83f35ba68, 0x00007fa83f35bc00, 0x00007fa83f4c0000)
 Metaspace       used 24201K, capacity 24570K, committed 24832K, reserved 26624K
}

