# JRE version: OpenJDK Runtime Environment (13.0.7+5) (build 13.0.7+5-Ubuntu-0ubuntu120.04)
# Java VM: OpenJDK 64-Bit Server VM (13.0.7+5-Ubuntu-0ubuntu120.04, mixed mode, tiered, serial gc, linux-amd64)
Heap:
 def new generation   total 1748544K, used 10750K [0x00007f07cc600000, 0x00007f0842f40000, 0x00007f0d21b50000)
  eden space 1554304K,   0% used [0x00007f07cc600000, 0x00007f07cd07f8f0, 0x00007f082b3e0000)
  from space 194240K,   0% used [0x00007f082b3e0000, 0x00007f082b3e0000, 0x00007f0837190000)
  to   space 194240K,   0% used [0x00007f0837190000, 0x00007f0837190000, 0x00007f0842f40000)
 tenured generation   total 3886652K, used 3886630K [0x00007f0d21b50000, 0x00007f0e0eedf000, 0x00007f17cc600000)
   the space 3886652K,  99% used [0x00007f0d21b50000, 0x00007f0e0eed9b10, 0x00007f0e0eed9c00, 0x00007f0e0eedf000)
 Metaspace       used 24348K, capacity 24768K, committed 25088K, reserved 26624K
GC Heap History (20 events):
Event: 1680.008 GC heap after
{Heap after GC invocations=2907 (full 3):
 def new generation   total 1748544K, used 37981K [0x00007f07cc600000, 0x00007f0842f40000, 0x00007f0d21b50000)
  eden space 1554304K,   0% used [0x00007f07cc600000, 0x00007f07cc600000, 0x00007f082b3e0000)
  from space 194240K,  19% used [0x00007f0837190000, 0x00007f08396a7718, 0x00007f0842f40000)
  to   space 194240K,   0% used [0x00007f082b3e0000, 0x00007f082b3e0000, 0x00007f0837190000)
 tenured generation   total 3885500K, used 3861378K [0x00007f0d21b50000, 0x00007f0e0edbf000, 0x00007f17cc600000)
   the space 3885500K,  99% used [0x00007f0d21b50000, 0x00007f0e0d630ba8, 0x00007f0e0d630c00, 0x00007f0e0edbf000)
 Metaspace       used 24348K, capacity 24768K, committed 25088K, reserved 26624K
}
Event: 1681.050 GC heap before
{Heap before GC invocations=2907 (full 3):
 def new generation   total 1748544K, used 1592285K [0x00007f07cc600000, 0x00007f0842f40000, 0x00007f0d21b50000)
  eden space 1554304K, 100% used [0x00007f07cc600000, 0x00007f082b3e0000, 0x00007f082b3e0000)
  from space 194240K,  19% used [0x00007f0837190000, 0x00007f08396a7718, 0x00007f0842f40000)
  to   space 194240K,   0% used [0x00007f082b3e0000, 0x00007f082b3e0000, 0x00007f0837190000)
 tenured generation   total 3885500K, used 3861378K [0x00007f0d21b50000, 0x00007f0e0edbf000, 0x00007f17cc600000)
   the space 3885500K,  99% used [0x00007f0d21b50000, 0x00007f0e0d630ba8, 0x00007f0e0d630c00, 0x00007f0e0edbf000)
 Metaspace       used 24348K, capacity 24768K, committed 25088K, reserved 26624K
}
Event: 1681.090 GC heap after
{Heap after GC invocations=2908 (full 3):
 def new generation   total 1748544K, used 37177K [0x00007f07cc600000, 0x00007f0842f40000, 0x00007f0d21b50000)
  eden space 1554304K,   0% used [0x00007f07cc600000, 0x00007f07cc600000, 0x00007f082b3e0000)
  from space 194240K,  19% used [0x00007f082b3e0000, 0x00007f082d82e710, 0x00007f0837190000)
  to   space 194240K,   0% used [0x00007f0837190000, 0x00007f0837190000, 0x00007f0842f40000)
 tenured generation   total 3885500K, used 3864102K [0x00007f0d21b50000, 0x00007f0e0edbf000, 0x00007f17cc600000)
   the space 3885500K,  99% used [0x00007f0d21b50000, 0x00007f0e0d8d9850, 0x00007f0e0d8d9a00, 0x00007f0e0edbf000)
 Metaspace       used 24348K, capacity 24768K, committed 25088K, reserved 26624K
}
Event: 1682.112 GC heap before
{Heap before GC invocations=2908 (full 3):
 def new generation   total 1748544K, used 1591481K [0x00007f07cc600000, 0x00007f0842f40000, 0x00007f0d21b50000)
  eden space 1554304K, 100% used [0x00007f07cc600000, 0x00007f082b3e0000, 0x00007f082b3e0000)
  from space 194240K,  19% used [0x00007f082b3e0000, 0x00007f082d82e710, 0x00007f0837190000)
  to   space 194240K,   0% used [0x00007f0837190000, 0x00007f0837190000, 0x00007f0842f40000)
 tenured generation   total 3885500K, used 3864102K [0x00007f0d21b50000, 0x00007f0e0edbf000, 0x00007f17cc600000)
   the space 3885500K,  99% used [0x00007f0d21b50000, 0x00007f0e0d8d9850, 0x00007f0e0d8d9a00, 0x00007f0e0edbf000)
 Metaspace       used 24348K, capacity 24768K, committed 25088K, reserved 26624K
}
Event: 1682.149 GC heap after
{Heap after GC invocations=2909 (full 3):
 def new generation   total 1748544K, used 35990K [0x00007f07cc600000, 0x00007f0842f40000, 0x00007f0d21b50000)
  eden space 1554304K,   0% used [0x00007f07cc600000, 0x00007f07cc600000, 0x00007f082b3e0000)
  from space 194240K,  18% used [0x00007f0837190000, 0x00007f08394b5a98, 0x00007f0842f40000)
  to   space 194240K,   0% used [0x00007f082b3e0000, 0x00007f082b3e0000, 0x00007f0837190000)
 tenured generation   total 3885500K, used 3866943K [0x00007f0d21b50000, 0x00007f0e0edbf000, 0x00007f17cc600000)
   the space 3885500K,  99% used [0x00007f0d21b50000, 0x00007f0e0db9fe90, 0x00007f0e0dba0000, 0x00007f0e0edbf000)
 Metaspace       used 24348K, capacity 24768K, committed 25088K, reserved 26624K
}
Event: 1683.139 GC heap before
{Heap before GC invocations=2909 (full 3):
 def new generation   total 1748544K, used 1590294K [0x00007f07cc600000, 0x00007f0842f40000, 0x00007f0d21b50000)
  eden space 1554304K, 100% used [0x00007f07cc600000, 0x00007f082b3e0000, 0x00007f082b3e0000)
  from space 194240K,  18% used [0x00007f0837190000, 0x00007f08394b5a98, 0x00007f0842f40000)
  to   space 194240K,   0% used [0x00007f082b3e0000, 0x00007f082b3e0000, 0x00007f0837190000)
 tenured generation   total 3885500K, used 3866943K [0x00007f0d21b50000, 0x00007f0e0edbf000, 0x00007f17cc600000)
   the space 3885500K,  99% used [0x00007f0d21b50000, 0x00007f0e0db9fe90, 0x00007f0e0dba0000, 0x00007f0e0edbf000)
 Metaspace       used 24348K, capacity 24768K, committed 25088K, reserved 26624K
}
Event: 1683.172 GC heap after
{Heap after GC invocations=2910 (full 3):
 def new generation   total 1748544K, used 35258K [0x00007f07cc600000, 0x00007f0842f40000, 0x00007f0d21b50000)
  eden space 1554304K,   0% used [0x00007f07cc600000, 0x00007f07cc600000, 0x00007f082b3e0000)
  from space 194240K,  18% used [0x00007f082b3e0000, 0x00007f082d64e950, 0x00007f0837190000)
  to   space 194240K,   0% used [0x00007f0837190000, 0x00007f0837190000, 0x00007f0842f40000)
 tenured generation   total 3885500K, used 3869667K [0x00007f0d21b50000, 0x00007f0e0edbf000, 0x00007f17cc600000)
   the space 3885500K,  99% used [0x00007f0d21b50000, 0x00007f0e0de48c58, 0x00007f0e0de48e00, 0x00007f0e0edbf000)
 Metaspace       used 24348K, capacity 24768K, committed 25088K, reserved 26624K
}
Event: 1684.199 GC heap before
{Heap before GC invocations=2910 (full 3):
 def new generation   total 1748544K, used 1589562K [0x00007f07cc600000, 0x00007f0842f40000, 0x00007f0d21b50000)
  eden space 1554304K, 100% used [0x00007f07cc600000, 0x00007f082b3e0000, 0x00007f082b3e0000)
  from space 194240K,  18% used [0x00007f082b3e0000, 0x00007f082d64e950, 0x00007f0837190000)
  to   space 194240K,   0% used [0x00007f0837190000, 0x00007f0837190000, 0x00007f0842f40000)
 tenured generation   total 3885500K, used 3869667K [0x00007f0d21b50000, 0x00007f0e0edbf000, 0x00007f17cc600000)
   the space 3885500K,  99% used [0x00007f0d21b50000, 0x00007f0e0de48c58, 0x00007f0e0de48e00, 0x00007f0e0edbf000)
 Metaspace       used 24348K, capacity 24768K, committed 25088K, reserved 26624K
}
Event: 1684.241 GC heap after
{Heap after GC invocations=2911 (full 3):
 def new generation   total 1748544K, used 34291K [0x00007f07cc600000, 0x00007f0842f40000, 0x00007f0d21b50000)
  eden space 1554304K,   0% used [0x00007f07cc600000, 0x00007f07cc600000, 0x00007f082b3e0000)
  from space 194240K,  17% used [0x00007f0837190000, 0x00007f083930ccf8, 0x00007f0842f40000)
  to   space 194240K,   0% used [0x00007f082b3e0000, 0x00007f082b3e0000, 0x00007f0837190000)
 tenured generation   total 3885500K, used 3872508K [0x00007f0d21b50000, 0x00007f0e0edbf000, 0x00007f17cc600000)
   the space 3885500K,  99% used [0x00007f0d21b50000, 0x00007f0e0e10f178, 0x00007f0e0e10f200, 0x00007f0e0edbf000)
 Metaspace       used 24348K, capacity 24768K, committed 25088K, reserved 26624K
}
Event: 1685.245 GC heap before
{Heap before GC invocations=2911 (full 3):
 def new generation   total 1748544K, used 1588595K [0x00007f07cc600000, 0x00007f0842f40000, 0x00007f0d21b50000)
  eden space 1554304K, 100% used [0x00007f07cc600000, 0x00007f082b3e0000, 0x00007f082b3e0000)
  from space 194240K,  17% used [0x00007f0837190000, 0x00007f083930ccf8, 0x00007f0842f40000)
  to   space 194240K,   0% used [0x00007f082b3e0000, 0x00007f082b3e0000, 0x00007f0837190000)
 tenured generation   total 3885500K, used 3872508K [0x00007f0d21b50000, 0x00007f0e0edbf000, 0x00007f17cc600000)
   the space 3885500K,  99% used [0x00007f0d21b50000, 0x00007f0e0e10f178, 0x00007f0e0e10f200, 0x00007f0e0edbf000)
 Metaspace       used 24348K, capacity 24768K, committed 25088K, reserved 26624K
}
Event: 1685.279 GC heap after
{Heap after GC invocations=2912 (full 3):
 def new generation   total 1748544K, used 33274K [0x00007f07cc600000, 0x00007f0842f40000, 0x00007f0d21b50000)
  eden space 1554304K,   0% used [0x00007f07cc600000, 0x00007f07cc600000, 0x00007f082b3e0000)
  from space 194240K,  17% used [0x00007f082b3e0000, 0x00007f082d45e940, 0x00007f0837190000)
  to   space 194240K,   0% used [0x00007f0837190000, 0x00007f0837190000, 0x00007f0842f40000)
 tenured generation   total 3885500K, used 3875231K [0x00007f0d21b50000, 0x00007f0e0edbf000, 0x00007f17cc600000)
   the space 3885500K,  99% used [0x00007f0d21b50000, 0x00007f0e0e3b7f40, 0x00007f0e0e3b8000, 0x00007f0e0edbf000)
 Metaspace       used 24348K, capacity 24768K, committed 25088K, reserved 26624K
}
Event: 1686.287 GC heap before
{Heap before GC invocations=2912 (full 3):
 def new generation   total 1748544K, used 1587578K [0x00007f07cc600000, 0x00007f0842f40000, 0x00007f0d21b50000)
  eden space 1554304K, 100% used [0x00007f07cc600000, 0x00007f082b3e0000, 0x00007f082b3e0000)
  from space 194240K,  17% used [0x00007f082b3e0000, 0x00007f082d45e940, 0x00007f0837190000)
  to   space 194240K,   0% used [0x00007f0837190000, 0x00007f0837190000, 0x00007f0842f40000)
 tenured generation   total 3885500K, used 3875231K [0x00007f0d21b50000, 0x00007f0e0edbf000, 0x00007f17cc600000)
   the space 3885500K,  99% used [0x00007f0d21b50000, 0x00007f0e0e3b7f40, 0x00007f0e0e3b8000, 0x00007f0e0edbf000)
 Metaspace       used 24348K, capacity 24768K, committed 25088K, reserved 26624K
}
Event: 1686.322 GC heap after
{Heap after GC invocations=2913 (full 3):
 def new generation   total 1748544K, used 32500K [0x00007f07cc600000, 0x00007f0842f40000, 0x00007f0d21b50000)
  eden space 1554304K,   0% used [0x00007f07cc600000, 0x00007f07cc600000, 0x00007f082b3e0000)
  from space 194240K,  16% used [0x00007f0837190000, 0x00007f083914d250, 0x00007f0842f40000)
  to   space 194240K,   0% used [0x00007f082b3e0000, 0x00007f082b3e0000, 0x00007f0837190000)
 tenured generation   total 3885500K, used 3878077K [0x00007f0d21b50000, 0x00007f0e0edbf000, 0x00007f17cc600000)
   the space 3885500K,  99% used [0x00007f0d21b50000, 0x00007f0e0e67f5a0, 0x00007f0e0e67f600, 0x00007f0e0edbf000)
 Metaspace       used 24348K, capacity 24768K, committed 25088K, reserved 26624K
}
Event: 1687.345 GC heap before
{Heap before GC invocations=2913 (full 3):
 def new generation   total 1748544K, used 1586804K [0x00007f07cc600000, 0x00007f0842f40000, 0x00007f0d21b50000)
  eden space 1554304K, 100% used [0x00007f07cc600000, 0x00007f082b3e0000, 0x00007f082b3e0000)
  from space 194240K,  16% used [0x00007f0837190000, 0x00007f083914d250, 0x00007f0842f40000)
  to   space 194240K,   0% used [0x00007f082b3e0000, 0x00007f082b3e0000, 0x00007f0837190000)
 tenured generation   total 3885500K, used 3878077K [0x00007f0d21b50000, 0x00007f0e0edbf000, 0x00007f17cc600000)
   the space 3885500K,  99% used [0x00007f0d21b50000, 0x00007f0e0e67f5a0, 0x00007f0e0e67f600, 0x00007f0e0edbf000)
 Metaspace       used 24348K, capacity 24768K, committed 25088K, reserved 26624K
}
Event: 1687.378 GC heap after
{Heap after GC invocations=2914 (full 3):
 def new generation   total 1748544K, used 31471K [0x00007f07cc600000, 0x00007f0842f40000, 0x00007f0d21b50000)
  eden space 1554304K,   0% used [0x00007f07cc600000, 0x00007f07cc600000, 0x00007f082b3e0000)
  from space 194240K,  16% used [0x00007f082b3e0000, 0x00007f082d29bc40, 0x00007f0837190000)
  to   space 194240K,   0% used [0x00007f0837190000, 0x00007f0837190000, 0x00007f0842f40000)
 tenured generation   total 3885500K, used 3880918K [0x00007f0d21b50000, 0x00007f0e0edbf000, 0x00007f17cc600000)
   the space 3885500K,  99% used [0x00007f0d21b50000, 0x00007f0e0e945be0, 0x00007f0e0e945c00, 0x00007f0e0edbf000)
 Metaspace       used 24348K, capacity 24768K, committed 25088K, reserved 26624K
}
Event: 1688.423 GC heap before
{Heap before GC invocations=2914 (full 3):
 def new generation   total 1748544K, used 1585775K [0x00007f07cc600000, 0x00007f0842f40000, 0x00007f0d21b50000)
  eden space 1554304K, 100% used [0x00007f07cc600000, 0x00007f082b3e0000, 0x00007f082b3e0000)
  from space 194240K,  16% used [0x00007f082b3e0000, 0x00007f082d29bc40, 0x00007f0837190000)
  to   space 194240K,   0% used [0x00007f0837190000, 0x00007f0837190000, 0x00007f0842f40000)
 tenured generation   total 3885500K, used 3880918K [0x00007f0d21b50000, 0x00007f0e0edbf000, 0x00007f17cc600000)
   the space 3885500K,  99% used [0x00007f0d21b50000, 0x00007f0e0e945be0, 0x00007f0e0e945c00, 0x00007f0e0edbf000)
 Metaspace       used 24348K, capacity 24768K, committed 25088K, reserved 26624K
}
Event: 1688.457 GC heap after
{Heap after GC invocations=2915 (full 3):
 def new generation   total 1748544K, used 30596K [0x00007f07cc600000, 0x00007f0842f40000, 0x00007f0d21b50000)
  eden space 1554304K,   0% used [0x00007f07cc600000, 0x00007f07cc600000, 0x00007f082b3e0000)
  from space 194240K,  15% used [0x00007f0837190000, 0x00007f0838f710a0, 0x00007f0842f40000)
  to   space 194240K,   0% used [0x00007f082b3e0000, 0x00007f082b3e0000, 0x00007f0837190000)
 tenured generation   total 3885500K, used 3883642K [0x00007f0d21b50000, 0x00007f0e0edbf000, 0x00007f17cc600000)
   the space 3885500K,  99% used [0x00007f0d21b50000, 0x00007f0e0ebee888, 0x00007f0e0ebeea00, 0x00007f0e0edbf000)
 Metaspace       used 24348K, capacity 24768K, committed 25088K, reserved 26624K
}
Event: 1689.459 GC heap before
{Heap before GC invocations=2915 (full 3):
 def new generation   total 1748544K, used 1584900K [0x00007f07cc600000, 0x00007f0842f40000, 0x00007f0d21b50000)
  eden space 1554304K, 100% used [0x00007f07cc600000, 0x00007f082b3e0000, 0x00007f082b3e0000)
  from space 194240K,  15% used [0x00007f0837190000, 0x00007f0838f710a0, 0x00007f0842f40000)
  to   space 194240K,   0% used [0x00007f082b3e0000, 0x00007f082b3e0000, 0x00007f0837190000)
 tenured generation   total 3885500K, used 3883642K [0x00007f0d21b50000, 0x00007f0e0edbf000, 0x00007f17cc600000)
   the space 3885500K,  99% used [0x00007f0d21b50000, 0x00007f0e0ebee888, 0x00007f0e0ebeea00, 0x00007f0e0edbf000)
 Metaspace       used 24348K, capacity 24768K, committed 25088K, reserved 26624K
}
Event: 1689.491 GC heap after
{Heap after GC invocations=2916 (full 3):
 def new generation   total 1748544K, used 29490K [0x00007f07cc600000, 0x00007f0842f40000, 0x00007f0d21b50000)
  eden space 1554304K,   0% used [0x00007f07cc600000, 0x00007f07cc600000, 0x00007f082b3e0000)
  from space 194240K,  15% used [0x00007f082b3e0000, 0x00007f082d0acbc8, 0x00007f0837190000)
  to   space 194240K,   0% used [0x00007f0837190000, 0x00007f0837190000, 0x00007f0842f40000)
 tenured generation   total 3886652K, used 3886483K [0x00007f0d21b50000, 0x00007f0e0eedf000, 0x00007f17cc600000)
   the space 3886652K,  99% used [0x00007f0d21b50000, 0x00007f0e0eeb4ec8, 0x00007f0e0eeb5000, 0x00007f0e0eedf000)
 Metaspace       used 24348K, capacity 24768K, committed 25088K, reserved 26624K
}
Event: 1689.491 GC heap before
{Heap before GC invocations=2916 (full 3):
 def new generation   total 1748544K, used 29490K [0x00007f07cc600000, 0x00007f0842f40000, 0x00007f0d21b50000)
  eden space 1554304K,   0% used [0x00007f07cc600000, 0x00007f07cc600000, 0x00007f082b3e0000)
  from space 194240K,  15% used [0x00007f082b3e0000, 0x00007f082d0acbc8, 0x00007f0837190000)
  to   space 194240K,   0% used [0x00007f0837190000, 0x00007f0837190000, 0x00007f0842f40000)
 tenured generation   total 3886652K, used 3886483K [0x00007f0d21b50000, 0x00007f0e0eedf000, 0x00007f17cc600000)
   the space 3886652K,  99% used [0x00007f0d21b50000, 0x00007f0e0eeb4ec8, 0x00007f0e0eeb5000, 0x00007f0e0eedf000)
 Metaspace       used 24348K, capacity 24768K, committed 25088K, reserved 26624K
}

