# JRE version: OpenJDK Runtime Environment (13.0.7+5) (build 13.0.7+5-Ubuntu-0ubuntu120.04)
# Java VM: OpenJDK 64-Bit Server VM (13.0.7+5-Ubuntu-0ubuntu120.04, mixed mode, tiered, serial gc, linux-amd64)
Heap:
 def new generation   total 14489920K, used 1001447K [0x00007f404c600000, 0x00007f4423090000, 0x00007f45a1b50000)
  eden space 12879936K,   7% used [0x00007f404c600000, 0x00007f40897f9d30, 0x00007f435e810000)
  from space 1609984K,   0% used [0x00007f435e810000, 0x00007f435e810000, 0x00007f43c0c50000)
  to   space 1609984K,   0% used [0x00007f43c0c50000, 0x00007f43c0c50000, 0x00007f4423090000)
 tenured generation   total 32318824K, used 32318823K [0x00007f45a1b50000, 0x00007f4d564aa000, 0x00007f504c600000)
   the space 32318824K,  99% used [0x00007f45a1b50000, 0x00007f4d564a9ff8, 0x00007f4d564aa000, 0x00007f4d564aa000)
 Metaspace       used 30583K, capacity 30981K, committed 31232K, reserved 32768K
GC Heap History (20 events):
Event: 2187.815 GC heap after
{Heap after GC invocations=89 (full 8):
 def new generation   total 14489920K, used 972022K [0x00007f404c600000, 0x00007f4423090000, 0x00007f45a1b50000)
  eden space 12879936K,   0% used [0x00007f404c600000, 0x00007f404c600000, 0x00007f435e810000)
  from space 1609984K,  60% used [0x00007f43c0c50000, 0x00007f43fc18d840, 0x00007f4423090000)
  to   space 1609984K,   0% used [0x00007f435e810000, 0x00007f435e810000, 0x00007f43c0c50000)
 tenured generation   total 32199784K, used 23166671K [0x00007f45a1b50000, 0x00007f4d4f06a000, 0x00007f504c600000)
   the space 32199784K,  71% used [0x00007f45a1b50000, 0x00007f4b27b03eb8, 0x00007f4b27b04000, 0x00007f4d4f06a000)
 Metaspace       used 30583K, capacity 30981K, committed 31232K, reserved 32768K
}
Event: 2191.249 GC heap before
{Heap before GC invocations=89 (full 8):
 def new generation   total 14489920K, used 13851958K [0x00007f404c600000, 0x00007f4423090000, 0x00007f45a1b50000)
  eden space 12879936K, 100% used [0x00007f404c600000, 0x00007f435e810000, 0x00007f435e810000)
  from space 1609984K,  60% used [0x00007f43c0c50000, 0x00007f43fc18d840, 0x00007f4423090000)
  to   space 1609984K,   0% used [0x00007f435e810000, 0x00007f435e810000, 0x00007f43c0c50000)
 tenured generation   total 32199784K, used 23166671K [0x00007f45a1b50000, 0x00007f4d4f06a000, 0x00007f504c600000)
   the space 32199784K,  71% used [0x00007f45a1b50000, 0x00007f4b27b03eb8, 0x00007f4b27b04000, 0x00007f4d4f06a000)
 Metaspace       used 30583K, capacity 30981K, committed 31232K, reserved 32768K
}
Event: 2193.564 GC heap after
{Heap after GC invocations=90 (full 8):
 def new generation   total 14489920K, used 1006752K [0x00007f404c600000, 0x00007f4423090000, 0x00007f45a1b50000)
  eden space 12879936K,   0% used [0x00007f404c600000, 0x00007f404c600000, 0x00007f435e810000)
  from space 1609984K,  62% used [0x00007f435e810000, 0x00007f439bf382c0, 0x00007f43c0c50000)
  to   space 1609984K,   0% used [0x00007f43c0c50000, 0x00007f43c0c50000, 0x00007f4423090000)
 tenured generation   total 32199784K, used 24138693K [0x00007f45a1b50000, 0x00007f4d4f06a000, 0x00007f504c600000)
   the space 32199784K,  74% used [0x00007f45a1b50000, 0x00007f4b630415a8, 0x00007f4b63041600, 0x00007f4d4f06a000)
 Metaspace       used 30583K, capacity 30981K, committed 31232K, reserved 32768K
}
Event: 2197.267 GC heap before
{Heap before GC invocations=90 (full 8):
 def new generation   total 14489920K, used 13886688K [0x00007f404c600000, 0x00007f4423090000, 0x00007f45a1b50000)
  eden space 12879936K, 100% used [0x00007f404c600000, 0x00007f435e810000, 0x00007f435e810000)
  from space 1609984K,  62% used [0x00007f435e810000, 0x00007f439bf382c0, 0x00007f43c0c50000)
  to   space 1609984K,   0% used [0x00007f43c0c50000, 0x00007f43c0c50000, 0x00007f4423090000)
 tenured generation   total 32199784K, used 24138693K [0x00007f45a1b50000, 0x00007f4d4f06a000, 0x00007f504c600000)
   the space 32199784K,  74% used [0x00007f45a1b50000, 0x00007f4b630415a8, 0x00007f4b63041600, 0x00007f4d4f06a000)
 Metaspace       used 30583K, capacity 30981K, committed 31232K, reserved 32768K
}
Event: 2199.758 GC heap after
{Heap after GC invocations=91 (full 8):
 def new generation   total 14489920K, used 1093089K [0x00007f404c600000, 0x00007f4423090000, 0x00007f45a1b50000)
  eden space 12879936K,   0% used [0x00007f404c600000, 0x00007f404c600000, 0x00007f435e810000)
  from space 1609984K,  67% used [0x00007f43c0c50000, 0x00007f44037c8770, 0x00007f4423090000)
  to   space 1609984K,   0% used [0x00007f435e810000, 0x00007f435e810000, 0x00007f43c0c50000)
 tenured generation   total 32199784K, used 25145445K [0x00007f45a1b50000, 0x00007f4d4f06a000, 0x00007f504c600000)
   the space 32199784K,  78% used [0x00007f45a1b50000, 0x00007f4ba0769448, 0x00007f4ba0769600, 0x00007f4d4f06a000)
 Metaspace       used 30583K, capacity 30981K, committed 31232K, reserved 32768K
}
Event: 2203.168 GC heap before
{Heap before GC invocations=91 (full 8):
 def new generation   total 14489920K, used 13973025K [0x00007f404c600000, 0x00007f4423090000, 0x00007f45a1b50000)
  eden space 12879936K, 100% used [0x00007f404c600000, 0x00007f435e810000, 0x00007f435e810000)
  from space 1609984K,  67% used [0x00007f43c0c50000, 0x00007f44037c8770, 0x00007f4423090000)
  to   space 1609984K,   0% used [0x00007f435e810000, 0x00007f435e810000, 0x00007f43c0c50000)
 tenured generation   total 32199784K, used 25145445K [0x00007f45a1b50000, 0x00007f4d4f06a000, 0x00007f504c600000)
   the space 32199784K,  78% used [0x00007f45a1b50000, 0x00007f4ba0769448, 0x00007f4ba0769600, 0x00007f4d4f06a000)
 Metaspace       used 30583K, capacity 30981K, committed 31232K, reserved 32768K
}
Event: 2206.031 GC heap after
{Heap after GC invocations=92 (full 8):
 def new generation   total 14489920K, used 1247937K [0x00007f404c600000, 0x00007f4423090000, 0x00007f45a1b50000)
  eden space 12879936K,   0% used [0x00007f404c600000, 0x00007f404c600000, 0x00007f435e810000)
  from space 1609984K,  77% used [0x00007f435e810000, 0x00007f43aaac0660, 0x00007f43c0c50000)
  to   space 1609984K,   0% used [0x00007f43c0c50000, 0x00007f43c0c50000, 0x00007f4423090000)
 tenured generation   total 32199784K, used 26238534K [0x00007f45a1b50000, 0x00007f4d4f06a000, 0x00007f504c600000)
   the space 32199784K,  81% used [0x00007f45a1b50000, 0x00007f4be32e1b28, 0x00007f4be32e1c00, 0x00007f4d4f06a000)
 Metaspace       used 30583K, capacity 30981K, committed 31232K, reserved 32768K
}
Event: 2209.403 GC heap before
{Heap before GC invocations=92 (full 8):
 def new generation   total 14489920K, used 14127873K [0x00007f404c600000, 0x00007f4423090000, 0x00007f45a1b50000)
  eden space 12879936K, 100% used [0x00007f404c600000, 0x00007f435e810000, 0x00007f435e810000)
  from space 1609984K,  77% used [0x00007f435e810000, 0x00007f43aaac0660, 0x00007f43c0c50000)
  to   space 1609984K,   0% used [0x00007f43c0c50000, 0x00007f43c0c50000, 0x00007f4423090000)
 tenured generation   total 32199784K, used 26238534K [0x00007f45a1b50000, 0x00007f4d4f06a000, 0x00007f504c600000)
   the space 32199784K,  81% used [0x00007f45a1b50000, 0x00007f4be32e1b28, 0x00007f4be32e1c00, 0x00007f4d4f06a000)
 Metaspace       used 30583K, capacity 30981K, committed 31232K, reserved 32768K
}
Event: 2211.841 GC heap after
{Heap after GC invocations=93 (full 8):
 def new generation   total 14489920K, used 950213K [0x00007f404c600000, 0x00007f4423090000, 0x00007f45a1b50000)
  eden space 12879936K,   0% used [0x00007f404c600000, 0x00007f404c600000, 0x00007f435e810000)
  from space 1609984K,  59% used [0x00007f43c0c50000, 0x00007f43fac414d0, 0x00007f4423090000)
  to   space 1609984K,   0% used [0x00007f435e810000, 0x00007f435e810000, 0x00007f43c0c50000)
 tenured generation   total 32199784K, used 27486471K [0x00007f45a1b50000, 0x00007f4d4f06a000, 0x00007f504c600000)
   the space 32199784K,  85% used [0x00007f45a1b50000, 0x00007f4c2f591de8, 0x00007f4c2f591e00, 0x00007f4d4f06a000)
 Metaspace       used 30583K, capacity 30981K, committed 31232K, reserved 32768K
}
Event: 2215.300 GC heap before
{Heap before GC invocations=93 (full 8):
 def new generation   total 14489920K, used 13830149K [0x00007f404c600000, 0x00007f4423090000, 0x00007f45a1b50000)
  eden space 12879936K, 100% used [0x00007f404c600000, 0x00007f435e810000, 0x00007f435e810000)
  from space 1609984K,  59% used [0x00007f43c0c50000, 0x00007f43fac414d0, 0x00007f4423090000)
  to   space 1609984K,   0% used [0x00007f435e810000, 0x00007f435e810000, 0x00007f43c0c50000)
 tenured generation   total 32199784K, used 27486471K [0x00007f45a1b50000, 0x00007f4d4f06a000, 0x00007f504c600000)
   the space 32199784K,  85% used [0x00007f45a1b50000, 0x00007f4c2f591de8, 0x00007f4c2f591e00, 0x00007f4d4f06a000)
 Metaspace       used 30583K, capacity 30981K, committed 31232K, reserved 32768K
}
Event: 2217.548 GC heap after
{Heap after GC invocations=94 (full 8):
 def new generation   total 14489920K, used 965923K [0x00007f404c600000, 0x00007f4423090000, 0x00007f45a1b50000)
  eden space 12879936K,   0% used [0x00007f404c600000, 0x00007f404c600000, 0x00007f435e810000)
  from space 1609984K,  59% used [0x00007f435e810000, 0x00007f4399758f20, 0x00007f43c0c50000)
  to   space 1609984K,   0% used [0x00007f43c0c50000, 0x00007f43c0c50000, 0x00007f4423090000)
 tenured generation   total 32199784K, used 28436684K [0x00007f45a1b50000, 0x00007f4d4f06a000, 0x00007f504c600000)
   the space 32199784K,  88% used [0x00007f45a1b50000, 0x00007f4c69583138, 0x00007f4c69583200, 0x00007f4d4f06a000)
 Metaspace       used 30583K, capacity 30981K, committed 31232K, reserved 32768K
}
Event: 2221.034 GC heap before
{Heap before GC invocations=94 (full 8):
 def new generation   total 14489920K, used 13845859K [0x00007f404c600000, 0x00007f4423090000, 0x00007f45a1b50000)
  eden space 12879936K, 100% used [0x00007f404c600000, 0x00007f435e810000, 0x00007f435e810000)
  from space 1609984K,  59% used [0x00007f435e810000, 0x00007f4399758f20, 0x00007f43c0c50000)
  to   space 1609984K,   0% used [0x00007f43c0c50000, 0x00007f43c0c50000, 0x00007f4423090000)
 tenured generation   total 32199784K, used 28436684K [0x00007f45a1b50000, 0x00007f4d4f06a000, 0x00007f504c600000)
   the space 32199784K,  88% used [0x00007f45a1b50000, 0x00007f4c69583138, 0x00007f4c69583200, 0x00007f4d4f06a000)
 Metaspace       used 30583K, capacity 30981K, committed 31232K, reserved 32768K
}
Event: 2223.347 GC heap after
{Heap after GC invocations=95 (full 8):
 def new generation   total 14489920K, used 971440K [0x00007f404c600000, 0x00007f4423090000, 0x00007f45a1b50000)
  eden space 12879936K,   0% used [0x00007f404c600000, 0x00007f404c600000, 0x00007f435e810000)
  from space 1609984K,  60% used [0x00007f43c0c50000, 0x00007f43fc0fc0d8, 0x00007f4423090000)
  to   space 1609984K,   0% used [0x00007f435e810000, 0x00007f435e810000, 0x00007f43c0c50000)
 tenured generation   total 32199784K, used 29402606K [0x00007f45a1b50000, 0x00007f4d4f06a000, 0x00007f504c600000)
   the space 32199784K,  91% used [0x00007f45a1b50000, 0x00007f4ca44cbb98, 0x00007f4ca44cbc00, 0x00007f4d4f06a000)
 Metaspace       used 30583K, capacity 30981K, committed 31232K, reserved 32768K
}
Event: 2226.827 GC heap before
{Heap before GC invocations=95 (full 8):
 def new generation   total 14489920K, used 13851376K [0x00007f404c600000, 0x00007f4423090000, 0x00007f45a1b50000)
  eden space 12879936K, 100% used [0x00007f404c600000, 0x00007f435e810000, 0x00007f435e810000)
  from space 1609984K,  60% used [0x00007f43c0c50000, 0x00007f43fc0fc0d8, 0x00007f4423090000)
  to   space 1609984K,   0% used [0x00007f435e810000, 0x00007f435e810000, 0x00007f43c0c50000)
 tenured generation   total 32199784K, used 29402606K [0x00007f45a1b50000, 0x00007f4d4f06a000, 0x00007f504c600000)
   the space 32199784K,  91% used [0x00007f45a1b50000, 0x00007f4ca44cbb98, 0x00007f4ca44cbc00, 0x00007f4d4f06a000)
 Metaspace       used 30583K, capacity 30981K, committed 31232K, reserved 32768K
}
Event: 2229.067 GC heap after
{Heap after GC invocations=96 (full 8):
 def new generation   total 14489920K, used 969289K [0x00007f404c600000, 0x00007f4423090000, 0x00007f45a1b50000)
  eden space 12879936K,   0% used [0x00007f404c600000, 0x00007f404c600000, 0x00007f435e810000)
  from space 1609984K,  60% used [0x00007f435e810000, 0x00007f4399aa2548, 0x00007f43c0c50000)
  to   space 1609984K,   0% used [0x00007f43c0c50000, 0x00007f43c0c50000, 0x00007f4423090000)
 tenured generation   total 32199784K, used 30374047K [0x00007f45a1b50000, 0x00007f4d4f06a000, 0x00007f504c600000)
   the space 32199784K,  94% used [0x00007f45a1b50000, 0x00007f4cdf977c30, 0x00007f4cdf977e00, 0x00007f4d4f06a000)
 Metaspace       used 30583K, capacity 30981K, committed 31232K, reserved 32768K
}
Event: 2232.440 GC heap before
{Heap before GC invocations=96 (full 8):
 def new generation   total 14489920K, used 13849225K [0x00007f404c600000, 0x00007f4423090000, 0x00007f45a1b50000)
  eden space 12879936K, 100% used [0x00007f404c600000, 0x00007f435e810000, 0x00007f435e810000)
  from space 1609984K,  60% used [0x00007f435e810000, 0x00007f4399aa2548, 0x00007f43c0c50000)
  to   space 1609984K,   0% used [0x00007f43c0c50000, 0x00007f43c0c50000, 0x00007f4423090000)
 tenured generation   total 32199784K, used 30374047K [0x00007f45a1b50000, 0x00007f4d4f06a000, 0x00007f504c600000)
   the space 32199784K,  94% used [0x00007f45a1b50000, 0x00007f4cdf977c30, 0x00007f4cdf977e00, 0x00007f4d4f06a000)
 Metaspace       used 30583K, capacity 30981K, committed 31232K, reserved 32768K
}
Event: 2234.714 GC heap after
{Heap after GC invocations=97 (full 8):
 def new generation   total 14489920K, used 975428K [0x00007f404c600000, 0x00007f4423090000, 0x00007f45a1b50000)
  eden space 12879936K,   0% used [0x00007f404c600000, 0x00007f404c600000, 0x00007f435e810000)
  from space 1609984K,  60% used [0x00007f43c0c50000, 0x00007f43fc4e10a8, 0x00007f4423090000)
  to   space 1609984K,   0% used [0x00007f435e810000, 0x00007f435e810000, 0x00007f43c0c50000)
 tenured generation   total 32199784K, used 31343335K [0x00007f45a1b50000, 0x00007f4d4f06a000, 0x00007f504c600000)
   the space 32199784K,  97% used [0x00007f45a1b50000, 0x00007f4d1ac09ef8, 0x00007f4d1ac0a000, 0x00007f4d4f06a000)
 Metaspace       used 30583K, capacity 30981K, committed 31232K, reserved 32768K
}
Event: 2238.232 GC heap before
{Heap before GC invocations=97 (full 8):
 def new generation   total 14489920K, used 13855364K [0x00007f404c600000, 0x00007f4423090000, 0x00007f45a1b50000)
  eden space 12879936K, 100% used [0x00007f404c600000, 0x00007f435e810000, 0x00007f435e810000)
  from space 1609984K,  60% used [0x00007f43c0c50000, 0x00007f43fc4e10a8, 0x00007f4423090000)
  to   space 1609984K,   0% used [0x00007f435e810000, 0x00007f435e810000, 0x00007f43c0c50000)
 tenured generation   total 32199784K, used 31343335K [0x00007f45a1b50000, 0x00007f4d4f06a000, 0x00007f504c600000)
   the space 32199784K,  97% used [0x00007f45a1b50000, 0x00007f4d1ac09ef8, 0x00007f4d1ac0a000, 0x00007f4d4f06a000)
 Metaspace       used 30583K, capacity 30981K, committed 31232K, reserved 32768K
}
Event: 2240.512 GC heap after
{Heap after GC invocations=98 (full 8):
 def new generation   total 14489920K, used 1001507K [0x00007f404c600000, 0x00007f4423090000, 0x00007f45a1b50000)
  eden space 12879936K,   0% used [0x00007f404c600000, 0x00007f404c600000, 0x00007f435e810000)
  from space 1609984K,  62% used [0x00007f435e810000, 0x00007f439ba18ee8, 0x00007f43c0c50000)
  to   space 1609984K,   0% used [0x00007f43c0c50000, 0x00007f43c0c50000, 0x00007f4423090000)
 tenured generation   total 32318824K, used 32318763K [0x00007f45a1b50000, 0x00007f4d564aa000, 0x00007f504c600000)
   the space 32318824K,  99% used [0x00007f45a1b50000, 0x00007f4d5649ae40, 0x00007f4d5649b000, 0x00007f4d564aa000)
 Metaspace       used 30583K, capacity 30981K, committed 31232K, reserved 32768K
}
Event: 2240.512 GC heap before
{Heap before GC invocations=98 (full 8):
 def new generation   total 14489920K, used 1001507K [0x00007f404c600000, 0x00007f4423090000, 0x00007f45a1b50000)
  eden space 12879936K,   0% used [0x00007f404c600000, 0x00007f404c600000, 0x00007f435e810000)
  from space 1609984K,  62% used [0x00007f435e810000, 0x00007f439ba18ee8, 0x00007f43c0c50000)
  to   space 1609984K,   0% used [0x00007f43c0c50000, 0x00007f43c0c50000, 0x00007f4423090000)
 tenured generation   total 32318824K, used 32318763K [0x00007f45a1b50000, 0x00007f4d564aa000, 0x00007f504c600000)
   the space 32318824K,  99% used [0x00007f45a1b50000, 0x00007f4d5649ae40, 0x00007f4d5649b000, 0x00007f4d564aa000)
 Metaspace       used 30583K, capacity 30981K, committed 31232K, reserved 32768K
}

