# JRE version: OpenJDK Runtime Environment (13.0.7+5) (build 13.0.7+5-Ubuntu-0ubuntu120.04)
# Java VM: OpenJDK 64-Bit Server VM (13.0.7+5-Ubuntu-0ubuntu120.04, mixed mode, tiered, serial gc, linux-amd64)
Heap:
 def new generation   total 2914496K, used 43705K [0x00007ef0c4600000, 0x00007ef18a060000, 0x00007ef619b50000)
  eden space 2590720K,   1% used [0x00007ef0c4600000, 0x00007ef0c70ae7c8, 0x00007ef162800000)
  from space 323776K,   0% used [0x00007ef162800000, 0x00007ef162800000, 0x00007ef176430000)
  to   space 323776K,   0% used [0x00007ef176430000, 0x00007ef176430000, 0x00007ef18a060000)
 tenured generation   total 6476712K, used 6476711K [0x00007ef619b50000, 0x00007ef7a503a000, 0x00007f00c4600000)
   the space 6476712K,  99% used [0x00007ef619b50000, 0x00007ef7a5039ff8, 0x00007ef7a503a000, 0x00007ef7a503a000)
 Metaspace       used 24387K, capacity 24850K, committed 25088K, reserved 26624K
GC Heap History (20 events):
Event: 3731.142 GC heap after
{Heap after GC invocations=4887 (full 4):
 def new generation   total 2914496K, used 43818K [0x00007ef0c4600000, 0x00007ef18a060000, 0x00007ef619b50000)
  eden space 2590720K,   0% used [0x00007ef0c4600000, 0x00007ef0c4600000, 0x00007ef162800000)
  from space 323776K,  13% used [0x00007ef176430000, 0x00007ef178efa880, 0x00007ef18a060000)
  to   space 323776K,   0% used [0x00007ef162800000, 0x00007ef162800000, 0x00007ef176430000)
 tenured generation   total 6476520K, used 6450300K [0x00007ef619b50000, 0x00007ef7a500a000, 0x00007f00c4600000)
   the space 6476520K,  99% used [0x00007ef619b50000, 0x00007ef7a366f138, 0x00007ef7a366f200, 0x00007ef7a500a000)
 Metaspace       used 24387K, capacity 24850K, committed 25088K, reserved 26624K
}
Event: 3732.676 GC heap before
{Heap before GC invocations=4887 (full 4):
 def new generation   total 2914496K, used 2634538K [0x00007ef0c4600000, 0x00007ef18a060000, 0x00007ef619b50000)
  eden space 2590720K, 100% used [0x00007ef0c4600000, 0x00007ef162800000, 0x00007ef162800000)
  from space 323776K,  13% used [0x00007ef176430000, 0x00007ef178efa880, 0x00007ef18a060000)
  to   space 323776K,   0% used [0x00007ef162800000, 0x00007ef162800000, 0x00007ef176430000)
 tenured generation   total 6476520K, used 6450300K [0x00007ef619b50000, 0x00007ef7a500a000, 0x00007f00c4600000)
   the space 6476520K,  99% used [0x00007ef619b50000, 0x00007ef7a366f138, 0x00007ef7a366f200, 0x00007ef7a500a000)
 Metaspace       used 24387K, capacity 24850K, committed 25088K, reserved 26624K
}
Event: 3732.739 GC heap after
{Heap after GC invocations=4888 (full 4):
 def new generation   total 2914496K, used 43769K [0x00007ef0c4600000, 0x00007ef18a060000, 0x00007ef619b50000)
  eden space 2590720K,   0% used [0x00007ef0c4600000, 0x00007ef0c4600000, 0x00007ef162800000)
  from space 323776K,  13% used [0x00007ef162800000, 0x00007ef1652be440, 0x00007ef176430000)
  to   space 323776K,   0% used [0x00007ef176430000, 0x00007ef176430000, 0x00007ef18a060000)
 tenured generation   total 6476520K, used 6453262K [0x00007ef619b50000, 0x00007ef7a500a000, 0x00007f00c4600000)
   the space 6476520K,  99% used [0x00007ef619b50000, 0x00007ef7a3953ab0, 0x00007ef7a3953c00, 0x00007ef7a500a000)
 Metaspace       used 24387K, capacity 24850K, committed 25088K, reserved 26624K
}
Event: 3734.188 GC heap before
{Heap before GC invocations=4888 (full 4):
 def new generation   total 2914496K, used 2634489K [0x00007ef0c4600000, 0x00007ef18a060000, 0x00007ef619b50000)
  eden space 2590720K, 100% used [0x00007ef0c4600000, 0x00007ef162800000, 0x00007ef162800000)
  from space 323776K,  13% used [0x00007ef162800000, 0x00007ef1652be440, 0x00007ef176430000)
  to   space 323776K,   0% used [0x00007ef176430000, 0x00007ef176430000, 0x00007ef18a060000)
 tenured generation   total 6476520K, used 6453262K [0x00007ef619b50000, 0x00007ef7a500a000, 0x00007f00c4600000)
   the space 6476520K,  99% used [0x00007ef619b50000, 0x00007ef7a3953ab0, 0x00007ef7a3953c00, 0x00007ef7a500a000)
 Metaspace       used 24387K, capacity 24850K, committed 25088K, reserved 26624K
}
Event: 3734.232 GC heap after
{Heap after GC invocations=4889 (full 4):
 def new generation   total 2914496K, used 43912K [0x00007ef0c4600000, 0x00007ef18a060000, 0x00007ef619b50000)
  eden space 2590720K,   0% used [0x00007ef0c4600000, 0x00007ef0c4600000, 0x00007ef162800000)
  from space 323776K,  13% used [0x00007ef176430000, 0x00007ef178f12330, 0x00007ef18a060000)
  to   space 323776K,   0% used [0x00007ef162800000, 0x00007ef162800000, 0x00007ef176430000)
 tenured generation   total 6476520K, used 6456077K [0x00007ef619b50000, 0x00007ef7a500a000, 0x00007f00c4600000)
   the space 6476520K,  99% used [0x00007ef619b50000, 0x00007ef7a3c13740, 0x00007ef7a3c13800, 0x00007ef7a500a000)
 Metaspace       used 24387K, capacity 24850K, committed 25088K, reserved 26624K
}
Event: 3735.748 GC heap before
{Heap before GC invocations=4889 (full 4):
 def new generation   total 2914496K, used 2634632K [0x00007ef0c4600000, 0x00007ef18a060000, 0x00007ef619b50000)
  eden space 2590720K, 100% used [0x00007ef0c4600000, 0x00007ef162800000, 0x00007ef162800000)
  from space 323776K,  13% used [0x00007ef176430000, 0x00007ef178f12330, 0x00007ef18a060000)
  to   space 323776K,   0% used [0x00007ef162800000, 0x00007ef162800000, 0x00007ef176430000)
 tenured generation   total 6476520K, used 6456077K [0x00007ef619b50000, 0x00007ef7a500a000, 0x00007f00c4600000)
   the space 6476520K,  99% used [0x00007ef619b50000, 0x00007ef7a3c13740, 0x00007ef7a3c13800, 0x00007ef7a500a000)
 Metaspace       used 24387K, capacity 24850K, committed 25088K, reserved 26624K
}
Event: 3735.812 GC heap after
{Heap after GC invocations=4890 (full 4):
 def new generation   total 2914496K, used 43800K [0x00007ef0c4600000, 0x00007ef18a060000, 0x00007ef619b50000)
  eden space 2590720K,   0% used [0x00007ef0c4600000, 0x00007ef0c4600000, 0x00007ef162800000)
  from space 323776K,  13% used [0x00007ef162800000, 0x00007ef1652c6290, 0x00007ef176430000)
  to   space 323776K,   0% used [0x00007ef176430000, 0x00007ef176430000, 0x00007ef18a060000)
 tenured generation   total 6476520K, used 6459035K [0x00007ef619b50000, 0x00007ef7a500a000, 0x00007f00c4600000)
   the space 6476520K,  99% used [0x00007ef619b50000, 0x00007ef7a3ef6f78, 0x00007ef7a3ef7000, 0x00007ef7a500a000)
 Metaspace       used 24387K, capacity 24850K, committed 25088K, reserved 26624K
}
Event: 3737.340 GC heap before
{Heap before GC invocations=4890 (full 4):
 def new generation   total 2914496K, used 2634520K [0x00007ef0c4600000, 0x00007ef18a060000, 0x00007ef619b50000)
  eden space 2590720K, 100% used [0x00007ef0c4600000, 0x00007ef162800000, 0x00007ef162800000)
  from space 323776K,  13% used [0x00007ef162800000, 0x00007ef1652c6290, 0x00007ef176430000)
  to   space 323776K,   0% used [0x00007ef176430000, 0x00007ef176430000, 0x00007ef18a060000)
 tenured generation   total 6476520K, used 6459035K [0x00007ef619b50000, 0x00007ef7a500a000, 0x00007f00c4600000)
   the space 6476520K,  99% used [0x00007ef619b50000, 0x00007ef7a3ef6f78, 0x00007ef7a3ef7000, 0x00007ef7a500a000)
 Metaspace       used 24387K, capacity 24850K, committed 25088K, reserved 26624K
}
Event: 3737.398 GC heap after
{Heap after GC invocations=4891 (full 4):
 def new generation   total 2914496K, used 44107K [0x00007ef0c4600000, 0x00007ef18a060000, 0x00007ef619b50000)
  eden space 2590720K,   0% used [0x00007ef0c4600000, 0x00007ef0c4600000, 0x00007ef162800000)
  from space 323776K,  13% used [0x00007ef176430000, 0x00007ef178f42d60, 0x00007ef18a060000)
  to   space 323776K,   0% used [0x00007ef162800000, 0x00007ef162800000, 0x00007ef176430000)
 tenured generation   total 6476520K, used 6461965K [0x00007ef619b50000, 0x00007ef7a500a000, 0x00007f00c4600000)
   the space 6476520K,  99% used [0x00007ef619b50000, 0x00007ef7a41d3438, 0x00007ef7a41d3600, 0x00007ef7a500a000)
 Metaspace       used 24387K, capacity 24850K, committed 25088K, reserved 26624K
}
Event: 3739.024 GC heap before
{Heap before GC invocations=4891 (full 4):
 def new generation   total 2914496K, used 2634827K [0x00007ef0c4600000, 0x00007ef18a060000, 0x00007ef619b50000)
  eden space 2590720K, 100% used [0x00007ef0c4600000, 0x00007ef162800000, 0x00007ef162800000)
  from space 323776K,  13% used [0x00007ef176430000, 0x00007ef178f42d60, 0x00007ef18a060000)
  to   space 323776K,   0% used [0x00007ef162800000, 0x00007ef162800000, 0x00007ef176430000)
 tenured generation   total 6476520K, used 6461965K [0x00007ef619b50000, 0x00007ef7a500a000, 0x00007f00c4600000)
   the space 6476520K,  99% used [0x00007ef619b50000, 0x00007ef7a41d3438, 0x00007ef7a41d3600, 0x00007ef7a500a000)
 Metaspace       used 24387K, capacity 24850K, committed 25088K, reserved 26624K
}
Event: 3739.080 GC heap after
{Heap after GC invocations=4892 (full 4):
 def new generation   total 2914496K, used 43841K [0x00007ef0c4600000, 0x00007ef18a060000, 0x00007ef619b50000)
  eden space 2590720K,   0% used [0x00007ef0c4600000, 0x00007ef0c4600000, 0x00007ef162800000)
  from space 323776K,  13% used [0x00007ef162800000, 0x00007ef1652d07b0, 0x00007ef176430000)
  to   space 323776K,   0% used [0x00007ef176430000, 0x00007ef176430000, 0x00007ef18a060000)
 tenured generation   total 6476520K, used 6464923K [0x00007ef619b50000, 0x00007ef7a500a000, 0x00007f00c4600000)
   the space 6476520K,  99% used [0x00007ef619b50000, 0x00007ef7a44b6d00, 0x00007ef7a44b6e00, 0x00007ef7a500a000)
 Metaspace       used 24387K, capacity 24850K, committed 25088K, reserved 26624K
}
Event: 3740.527 GC heap before
{Heap before GC invocations=4892 (full 4):
 def new generation   total 2914496K, used 2634561K [0x00007ef0c4600000, 0x00007ef18a060000, 0x00007ef619b50000)
  eden space 2590720K, 100% used [0x00007ef0c4600000, 0x00007ef162800000, 0x00007ef162800000)
  from space 323776K,  13% used [0x00007ef162800000, 0x00007ef1652d07b0, 0x00007ef176430000)
  to   space 323776K,   0% used [0x00007ef176430000, 0x00007ef176430000, 0x00007ef18a060000)
 tenured generation   total 6476520K, used 6464923K [0x00007ef619b50000, 0x00007ef7a500a000, 0x00007f00c4600000)
   the space 6476520K,  99% used [0x00007ef619b50000, 0x00007ef7a44b6d00, 0x00007ef7a44b6e00, 0x00007ef7a500a000)
 Metaspace       used 24387K, capacity 24850K, committed 25088K, reserved 26624K
}
Event: 3740.570 GC heap after
{Heap after GC invocations=4893 (full 4):
 def new generation   total 2914496K, used 43941K [0x00007ef0c4600000, 0x00007ef18a060000, 0x00007ef619b50000)
  eden space 2590720K,   0% used [0x00007ef0c4600000, 0x00007ef0c4600000, 0x00007ef162800000)
  from space 323776K,  13% used [0x00007ef176430000, 0x00007ef178f19730, 0x00007ef18a060000)
  to   space 323776K,   0% used [0x00007ef162800000, 0x00007ef162800000, 0x00007ef176430000)
 tenured generation   total 6476520K, used 6467742K [0x00007ef619b50000, 0x00007ef7a500a000, 0x00007f00c4600000)
   the space 6476520K,  99% used [0x00007ef619b50000, 0x00007ef7a47779b0, 0x00007ef7a4777a00, 0x00007ef7a500a000)
 Metaspace       used 24387K, capacity 24850K, committed 25088K, reserved 26624K
}
Event: 3742.162 GC heap before
{Heap before GC invocations=4893 (full 4):
 def new generation   total 2914496K, used 2634661K [0x00007ef0c4600000, 0x00007ef18a060000, 0x00007ef619b50000)
  eden space 2590720K, 100% used [0x00007ef0c4600000, 0x00007ef162800000, 0x00007ef162800000)
  from space 323776K,  13% used [0x00007ef176430000, 0x00007ef178f19730, 0x00007ef18a060000)
  to   space 323776K,   0% used [0x00007ef162800000, 0x00007ef162800000, 0x00007ef176430000)
 tenured generation   total 6476520K, used 6467742K [0x00007ef619b50000, 0x00007ef7a500a000, 0x00007f00c4600000)
   the space 6476520K,  99% used [0x00007ef619b50000, 0x00007ef7a47779b0, 0x00007ef7a4777a00, 0x00007ef7a500a000)
 Metaspace       used 24387K, capacity 24850K, committed 25088K, reserved 26624K
}
Event: 3742.200 GC heap after
{Heap after GC invocations=4894 (full 4):
 def new generation   total 2914496K, used 43942K [0x00007ef0c4600000, 0x00007ef18a060000, 0x00007ef619b50000)
  eden space 2590720K,   0% used [0x00007ef0c4600000, 0x00007ef0c4600000, 0x00007ef162800000)
  from space 323776K,  13% used [0x00007ef162800000, 0x00007ef1652e9bd0, 0x00007ef176430000)
  to   space 323776K,   0% used [0x00007ef176430000, 0x00007ef176430000, 0x00007ef18a060000)
 tenured generation   total 6476520K, used 6470700K [0x00007ef619b50000, 0x00007ef7a500a000, 0x00007f00c4600000)
   the space 6476520K,  99% used [0x00007ef619b50000, 0x00007ef7a4a5b278, 0x00007ef7a4a5b400, 0x00007ef7a500a000)
 Metaspace       used 24387K, capacity 24850K, committed 25088K, reserved 26624K
}
Event: 3743.727 GC heap before
{Heap before GC invocations=4894 (full 4):
 def new generation   total 2914496K, used 2634662K [0x00007ef0c4600000, 0x00007ef18a060000, 0x00007ef619b50000)
  eden space 2590720K, 100% used [0x00007ef0c4600000, 0x00007ef162800000, 0x00007ef162800000)
  from space 323776K,  13% used [0x00007ef162800000, 0x00007ef1652e9bd0, 0x00007ef176430000)
  to   space 323776K,   0% used [0x00007ef176430000, 0x00007ef176430000, 0x00007ef18a060000)
 tenured generation   total 6476520K, used 6470700K [0x00007ef619b50000, 0x00007ef7a500a000, 0x00007f00c4600000)
   the space 6476520K,  99% used [0x00007ef619b50000, 0x00007ef7a4a5b278, 0x00007ef7a4a5b400, 0x00007ef7a500a000)
 Metaspace       used 24387K, capacity 24850K, committed 25088K, reserved 26624K
}
Event: 3743.784 GC heap after
{Heap after GC invocations=4895 (full 4):
 def new generation   total 2914496K, used 43800K [0x00007ef0c4600000, 0x00007ef18a060000, 0x00007ef619b50000)
  eden space 2590720K,   0% used [0x00007ef0c4600000, 0x00007ef0c4600000, 0x00007ef162800000)
  from space 323776K,  13% used [0x00007ef176430000, 0x00007ef178ef6268, 0x00007ef18a060000)
  to   space 323776K,   0% used [0x00007ef162800000, 0x00007ef162800000, 0x00007ef176430000)
 tenured generation   total 6476520K, used 6473658K [0x00007ef619b50000, 0x00007ef7a500a000, 0x00007f00c4600000)
   the space 6476520K,  99% used [0x00007ef619b50000, 0x00007ef7a4d3eb40, 0x00007ef7a4d3ec00, 0x00007ef7a500a000)
 Metaspace       used 24387K, capacity 24850K, committed 25088K, reserved 26624K
}
Event: 3745.353 GC heap before
{Heap before GC invocations=4895 (full 4):
 def new generation   total 2914496K, used 2634520K [0x00007ef0c4600000, 0x00007ef18a060000, 0x00007ef619b50000)
  eden space 2590720K, 100% used [0x00007ef0c4600000, 0x00007ef162800000, 0x00007ef162800000)
  from space 323776K,  13% used [0x00007ef176430000, 0x00007ef178ef6268, 0x00007ef18a060000)
  to   space 323776K,   0% used [0x00007ef162800000, 0x00007ef162800000, 0x00007ef176430000)
 tenured generation   total 6476520K, used 6473658K [0x00007ef619b50000, 0x00007ef7a500a000, 0x00007f00c4600000)
   the space 6476520K,  99% used [0x00007ef619b50000, 0x00007ef7a4d3eb40, 0x00007ef7a4d3ec00, 0x00007ef7a500a000)
 Metaspace       used 24387K, capacity 24850K, committed 25088K, reserved 26624K
}
Event: 3745.402 GC heap after
{Heap after GC invocations=4896 (full 4):
 def new generation   total 2914496K, used 43796K [0x00007ef0c4600000, 0x00007ef18a060000, 0x00007ef619b50000)
  eden space 2590720K,   0% used [0x00007ef0c4600000, 0x00007ef0c4600000, 0x00007ef162800000)
  from space 323776K,  13% used [0x00007ef162800000, 0x00007ef1652c5398, 0x00007ef176430000)
  to   space 323776K,   0% used [0x00007ef176430000, 0x00007ef176430000, 0x00007ef18a060000)
 tenured generation   total 6476712K, used 6476621K [0x00007ef619b50000, 0x00007ef7a503a000, 0x00007f00c4600000)
   the space 6476712K,  99% used [0x00007ef619b50000, 0x00007ef7a5023428, 0x00007ef7a5023600, 0x00007ef7a503a000)
 Metaspace       used 24387K, capacity 24850K, committed 25088K, reserved 26624K
}
Event: 3745.402 GC heap before
{Heap before GC invocations=4896 (full 4):
 def new generation   total 2914496K, used 43796K [0x00007ef0c4600000, 0x00007ef18a060000, 0x00007ef619b50000)
  eden space 2590720K,   0% used [0x00007ef0c4600000, 0x00007ef0c4600000, 0x00007ef162800000)
  from space 323776K,  13% used [0x00007ef162800000, 0x00007ef1652c5398, 0x00007ef176430000)
  to   space 323776K,   0% used [0x00007ef176430000, 0x00007ef176430000, 0x00007ef18a060000)
 tenured generation   total 6476712K, used 6476621K [0x00007ef619b50000, 0x00007ef7a503a000, 0x00007f00c4600000)
   the space 6476712K,  99% used [0x00007ef619b50000, 0x00007ef7a5023428, 0x00007ef7a5023600, 0x00007ef7a503a000)
 Metaspace       used 24387K, capacity 24850K, committed 25088K, reserved 26624K
}

