# JRE version: OpenJDK Runtime Environment (13.0.7+5) (build 13.0.7+5-Ubuntu-0ubuntu120.04)
# Java VM: OpenJDK 64-Bit Server VM (13.0.7+5-Ubuntu-0ubuntu120.04, mixed mode, tiered, serial gc, linux-amd64)
Heap:
 def new generation   total 629248K, used 27085K [0x00007f9e54600000, 0x00007f9e7f0c0000, 0x00007fa3a9b50000)
  eden space 559360K,   4% used [0x00007f9e54600000, 0x00007f9e56073688, 0x00007f9e76840000)
  from space 69888K,   0% used [0x00007f9e76840000, 0x00007f9e76840000, 0x00007f9e7ac80000)
  to   space 69888K,   0% used [0x00007f9e7ac80000, 0x00007f9e7ac80000, 0x00007f9e7f0c0000)
 tenured generation   total 1399296K, used 1399292K [0x00007fa3a9b50000, 0x00007fa3ff1d0000, 0x00007fae54600000)
   the space 1399296K,  99% used [0x00007fa3a9b50000, 0x00007fa3ff1cf040, 0x00007fa3ff1cf200, 0x00007fa3ff1d0000)
 Metaspace       used 24259K, capacity 24656K, committed 24832K, reserved 26624K
GC Heap History (20 events):
Event: 454.416 GC heap after
{Heap after GC invocations=770 (full 1):
 def new generation   total 629248K, used 27200K [0x00007f9e54600000, 0x00007f9e7f0c0000, 0x00007fa3a9b50000)
  eden space 559360K,   0% used [0x00007f9e54600000, 0x00007f9e54600000, 0x00007f9e76840000)
  from space 69888K,  38% used [0x00007f9e7ac80000, 0x00007f9e7c710290, 0x00007f9e7f0c0000)
  to   space 69888K,   0% used [0x00007f9e76840000, 0x00007f9e76840000, 0x00007f9e7ac80000)
 tenured generation   total 1398144K, used 1382606K [0x00007fa3a9b50000, 0x00007fa3ff0b0000, 0x00007fae54600000)
   the space 1398144K,  98% used [0x00007fa3a9b50000, 0x00007fa3fe183b88, 0x00007fa3fe183c00, 0x00007fa3ff0b0000)
 Metaspace       used 24259K, capacity 24656K, committed 24832K, reserved 26624K
}
Event: 454.877 GC heap before
{Heap before GC invocations=770 (full 1):
 def new generation   total 629248K, used 586560K [0x00007f9e54600000, 0x00007f9e7f0c0000, 0x00007fa3a9b50000)
  eden space 559360K, 100% used [0x00007f9e54600000, 0x00007f9e76840000, 0x00007f9e76840000)
  from space 69888K,  38% used [0x00007f9e7ac80000, 0x00007f9e7c710290, 0x00007f9e7f0c0000)
  to   space 69888K,   0% used [0x00007f9e76840000, 0x00007f9e76840000, 0x00007f9e7ac80000)
 tenured generation   total 1398144K, used 1382606K [0x00007fa3a9b50000, 0x00007fa3ff0b0000, 0x00007fae54600000)
   the space 1398144K,  98% used [0x00007fa3a9b50000, 0x00007fa3fe183b88, 0x00007fa3fe183c00, 0x00007fa3ff0b0000)
 Metaspace       used 24259K, capacity 24656K, committed 24832K, reserved 26624K
}
Event: 454.938 GC heap after
{Heap after GC invocations=771 (full 1):
 def new generation   total 629248K, used 28522K [0x00007f9e54600000, 0x00007f9e7f0c0000, 0x00007fa3a9b50000)
  eden space 559360K,   0% used [0x00007f9e54600000, 0x00007f9e54600000, 0x00007f9e76840000)
  from space 69888K,  40% used [0x00007f9e76840000, 0x00007f9e7841aae8, 0x00007f9e7ac80000)
  to   space 69888K,   0% used [0x00007f9e7ac80000, 0x00007f9e7ac80000, 0x00007f9e7f0c0000)
 tenured generation   total 1398144K, used 1383645K [0x00007fa3a9b50000, 0x00007fa3ff0b0000, 0x00007fae54600000)
   the space 1398144K,  98% used [0x00007fa3a9b50000, 0x00007fa3fe287428, 0x00007fa3fe287600, 0x00007fa3ff0b0000)
 Metaspace       used 24259K, capacity 24656K, committed 24832K, reserved 26624K
}
Event: 455.425 GC heap before
{Heap before GC invocations=771 (full 1):
 def new generation   total 629248K, used 587882K [0x00007f9e54600000, 0x00007f9e7f0c0000, 0x00007fa3a9b50000)
  eden space 559360K, 100% used [0x00007f9e54600000, 0x00007f9e76840000, 0x00007f9e76840000)
  from space 69888K,  40% used [0x00007f9e76840000, 0x00007f9e7841aae8, 0x00007f9e7ac80000)
  to   space 69888K,   0% used [0x00007f9e7ac80000, 0x00007f9e7ac80000, 0x00007f9e7f0c0000)
 tenured generation   total 1398144K, used 1383645K [0x00007fa3a9b50000, 0x00007fa3ff0b0000, 0x00007fae54600000)
   the space 1398144K,  98% used [0x00007fa3a9b50000, 0x00007fa3fe287428, 0x00007fa3fe287600, 0x00007fa3ff0b0000)
 Metaspace       used 24259K, capacity 24656K, committed 24832K, reserved 26624K
}
Event: 455.496 GC heap after
{Heap after GC invocations=772 (full 1):
 def new generation   total 629248K, used 28444K [0x00007f9e54600000, 0x00007f9e7f0c0000, 0x00007fa3a9b50000)
  eden space 559360K,   0% used [0x00007f9e54600000, 0x00007f9e54600000, 0x00007f9e76840000)
  from space 69888K,  40% used [0x00007f9e7ac80000, 0x00007f9e7c8472b8, 0x00007f9e7f0c0000)
  to   space 69888K,   0% used [0x00007f9e76840000, 0x00007f9e76840000, 0x00007f9e7ac80000)
 tenured generation   total 1398144K, used 1385823K [0x00007fa3a9b50000, 0x00007fa3ff0b0000, 0x00007fae54600000)
   the space 1398144K,  99% used [0x00007fa3a9b50000, 0x00007fa3fe4a7c28, 0x00007fa3fe4a7e00, 0x00007fa3ff0b0000)
 Metaspace       used 24259K, capacity 24656K, committed 24832K, reserved 26624K
}
Event: 456.027 GC heap before
{Heap before GC invocations=772 (full 1):
 def new generation   total 629248K, used 587804K [0x00007f9e54600000, 0x00007f9e7f0c0000, 0x00007fa3a9b50000)
  eden space 559360K, 100% used [0x00007f9e54600000, 0x00007f9e76840000, 0x00007f9e76840000)
  from space 69888K,  40% used [0x00007f9e7ac80000, 0x00007f9e7c8472b8, 0x00007f9e7f0c0000)
  to   space 69888K,   0% used [0x00007f9e76840000, 0x00007f9e76840000, 0x00007f9e7ac80000)
 tenured generation   total 1398144K, used 1385823K [0x00007fa3a9b50000, 0x00007fa3ff0b0000, 0x00007fae54600000)
   the space 1398144K,  99% used [0x00007fa3a9b50000, 0x00007fa3fe4a7c28, 0x00007fa3fe4a7e00, 0x00007fa3ff0b0000)
 Metaspace       used 24259K, capacity 24656K, committed 24832K, reserved 26624K
}
Event: 456.096 GC heap after
{Heap after GC invocations=773 (full 1):
 def new generation   total 629248K, used 27242K [0x00007f9e54600000, 0x00007f9e7f0c0000, 0x00007fa3a9b50000)
  eden space 559360K,   0% used [0x00007f9e54600000, 0x00007f9e54600000, 0x00007f9e76840000)
  from space 69888K,  38% used [0x00007f9e76840000, 0x00007f9e782daa30, 0x00007f9e7ac80000)
  to   space 69888K,   0% used [0x00007f9e7ac80000, 0x00007f9e7ac80000, 0x00007f9e7f0c0000)
 tenured generation   total 1398144K, used 1388211K [0x00007fa3a9b50000, 0x00007fa3ff0b0000, 0x00007fae54600000)
   the space 1398144K,  99% used [0x00007fa3a9b50000, 0x00007fa3fe6fcd58, 0x00007fa3fe6fce00, 0x00007fa3ff0b0000)
 Metaspace       used 24259K, capacity 24656K, committed 24832K, reserved 26624K
}
Event: 456.593 GC heap before
{Heap before GC invocations=773 (full 1):
 def new generation   total 629248K, used 586602K [0x00007f9e54600000, 0x00007f9e7f0c0000, 0x00007fa3a9b50000)
  eden space 559360K, 100% used [0x00007f9e54600000, 0x00007f9e76840000, 0x00007f9e76840000)
  from space 69888K,  38% used [0x00007f9e76840000, 0x00007f9e782daa30, 0x00007f9e7ac80000)
  to   space 69888K,   0% used [0x00007f9e7ac80000, 0x00007f9e7ac80000, 0x00007f9e7f0c0000)
 tenured generation   total 1398144K, used 1388211K [0x00007fa3a9b50000, 0x00007fa3ff0b0000, 0x00007fae54600000)
   the space 1398144K,  99% used [0x00007fa3a9b50000, 0x00007fa3fe6fcd58, 0x00007fa3fe6fce00, 0x00007fa3ff0b0000)
 Metaspace       used 24259K, capacity 24656K, committed 24832K, reserved 26624K
}
Event: 456.650 GC heap after
{Heap after GC invocations=774 (full 1):
 def new generation   total 629248K, used 28427K [0x00007f9e54600000, 0x00007f9e7f0c0000, 0x00007fa3a9b50000)
  eden space 559360K,   0% used [0x00007f9e54600000, 0x00007f9e54600000, 0x00007f9e76840000)
  from space 69888K,  40% used [0x00007f9e7ac80000, 0x00007f9e7c842ec0, 0x00007f9e7f0c0000)
  to   space 69888K,   0% used [0x00007f9e76840000, 0x00007f9e76840000, 0x00007f9e7ac80000)
 tenured generation   total 1398144K, used 1389248K [0x00007fa3a9b50000, 0x00007fa3ff0b0000, 0x00007fae54600000)
   the space 1398144K,  99% used [0x00007fa3a9b50000, 0x00007fa3fe800358, 0x00007fa3fe800400, 0x00007fa3ff0b0000)
 Metaspace       used 24259K, capacity 24656K, committed 24832K, reserved 26624K
}
Event: 457.138 GC heap before
{Heap before GC invocations=774 (full 1):
 def new generation   total 629248K, used 587787K [0x00007f9e54600000, 0x00007f9e7f0c0000, 0x00007fa3a9b50000)
  eden space 559360K, 100% used [0x00007f9e54600000, 0x00007f9e76840000, 0x00007f9e76840000)
  from space 69888K,  40% used [0x00007f9e7ac80000, 0x00007f9e7c842ec0, 0x00007f9e7f0c0000)
  to   space 69888K,   0% used [0x00007f9e76840000, 0x00007f9e76840000, 0x00007f9e7ac80000)
 tenured generation   total 1398144K, used 1389248K [0x00007fa3a9b50000, 0x00007fa3ff0b0000, 0x00007fae54600000)
   the space 1398144K,  99% used [0x00007fa3a9b50000, 0x00007fa3fe800358, 0x00007fa3fe800400, 0x00007fa3ff0b0000)
 Metaspace       used 24259K, capacity 24656K, committed 24832K, reserved 26624K
}
Event: 457.202 GC heap after
{Heap after GC invocations=775 (full 1):
 def new generation   total 629248K, used 28434K [0x00007f9e54600000, 0x00007f9e7f0c0000, 0x00007fa3a9b50000)
  eden space 559360K,   0% used [0x00007f9e54600000, 0x00007f9e54600000, 0x00007f9e76840000)
  from space 69888K,  40% used [0x00007f9e76840000, 0x00007f9e78404a18, 0x00007f9e7ac80000)
  to   space 69888K,   0% used [0x00007f9e7ac80000, 0x00007f9e7ac80000, 0x00007f9e7f0c0000)
 tenured generation   total 1398144K, used 1391373K [0x00007fa3a9b50000, 0x00007fa3ff0b0000, 0x00007fae54600000)
   the space 1398144K,  99% used [0x00007fa3a9b50000, 0x00007fa3fea13428, 0x00007fa3fea13600, 0x00007fa3ff0b0000)
 Metaspace       used 24259K, capacity 24656K, committed 24832K, reserved 26624K
}
Event: 457.685 GC heap before
{Heap before GC invocations=775 (full 1):
 def new generation   total 629248K, used 587794K [0x00007f9e54600000, 0x00007f9e7f0c0000, 0x00007fa3a9b50000)
  eden space 559360K, 100% used [0x00007f9e54600000, 0x00007f9e76840000, 0x00007f9e76840000)
  from space 69888K,  40% used [0x00007f9e76840000, 0x00007f9e78404a18, 0x00007f9e7ac80000)
  to   space 69888K,   0% used [0x00007f9e7ac80000, 0x00007f9e7ac80000, 0x00007f9e7f0c0000)
 tenured generation   total 1398144K, used 1391373K [0x00007fa3a9b50000, 0x00007fa3ff0b0000, 0x00007fae54600000)
   the space 1398144K,  99% used [0x00007fa3a9b50000, 0x00007fa3fea13428, 0x00007fa3fea13600, 0x00007fa3ff0b0000)
 Metaspace       used 24259K, capacity 24656K, committed 24832K, reserved 26624K
}
Event: 457.754 GC heap after
{Heap after GC invocations=776 (full 1):
 def new generation   total 629248K, used 27180K [0x00007f9e54600000, 0x00007f9e7f0c0000, 0x00007fa3a9b50000)
  eden space 559360K,   0% used [0x00007f9e54600000, 0x00007f9e54600000, 0x00007f9e76840000)
  from space 69888K,  38% used [0x00007f9e7ac80000, 0x00007f9e7c70b0e0, 0x00007f9e7f0c0000)
  to   space 69888K,   0% used [0x00007f9e76840000, 0x00007f9e76840000, 0x00007f9e7ac80000)
 tenured generation   total 1398144K, used 1393750K [0x00007fa3a9b50000, 0x00007fa3ff0b0000, 0x00007fae54600000)
   the space 1398144K,  99% used [0x00007fa3a9b50000, 0x00007fa3fec65968, 0x00007fa3fec65a00, 0x00007fa3ff0b0000)
 Metaspace       used 24259K, capacity 24656K, committed 24832K, reserved 26624K
}
Event: 458.290 GC heap before
{Heap before GC invocations=776 (full 1):
 def new generation   total 629248K, used 586540K [0x00007f9e54600000, 0x00007f9e7f0c0000, 0x00007fa3a9b50000)
  eden space 559360K, 100% used [0x00007f9e54600000, 0x00007f9e76840000, 0x00007f9e76840000)
  from space 69888K,  38% used [0x00007f9e7ac80000, 0x00007f9e7c70b0e0, 0x00007f9e7f0c0000)
  to   space 69888K,   0% used [0x00007f9e76840000, 0x00007f9e76840000, 0x00007f9e7ac80000)
 tenured generation   total 1398144K, used 1393750K [0x00007fa3a9b50000, 0x00007fa3ff0b0000, 0x00007fae54600000)
   the space 1398144K,  99% used [0x00007fa3a9b50000, 0x00007fa3fec65968, 0x00007fa3fec65a00, 0x00007fa3ff0b0000)
 Metaspace       used 24259K, capacity 24656K, committed 24832K, reserved 26624K
}
Event: 458.360 GC heap after
{Heap after GC invocations=777 (full 1):
 def new generation   total 629248K, used 28348K [0x00007f9e54600000, 0x00007f9e7f0c0000, 0x00007fa3a9b50000)
  eden space 559360K,   0% used [0x00007f9e54600000, 0x00007f9e54600000, 0x00007f9e76840000)
  from space 69888K,  40% used [0x00007f9e76840000, 0x00007f9e783ef368, 0x00007f9e7ac80000)
  to   space 69888K,   0% used [0x00007f9e7ac80000, 0x00007f9e7ac80000, 0x00007f9e7f0c0000)
 tenured generation   total 1398144K, used 1394787K [0x00007fa3a9b50000, 0x00007fa3ff0b0000, 0x00007fae54600000)
   the space 1398144K,  99% used [0x00007fa3a9b50000, 0x00007fa3fed68ff8, 0x00007fa3fed69000, 0x00007fa3ff0b0000)
 Metaspace       used 24259K, capacity 24656K, committed 24832K, reserved 26624K
}
Event: 458.855 GC heap before
{Heap before GC invocations=777 (full 1):
 def new generation   total 629248K, used 587708K [0x00007f9e54600000, 0x00007f9e7f0c0000, 0x00007fa3a9b50000)
  eden space 559360K, 100% used [0x00007f9e54600000, 0x00007f9e76840000, 0x00007f9e76840000)
  from space 69888K,  40% used [0x00007f9e76840000, 0x00007f9e783ef368, 0x00007f9e7ac80000)
  to   space 69888K,   0% used [0x00007f9e7ac80000, 0x00007f9e7ac80000, 0x00007f9e7f0c0000)
 tenured generation   total 1398144K, used 1394787K [0x00007fa3a9b50000, 0x00007fa3ff0b0000, 0x00007fae54600000)
   the space 1398144K,  99% used [0x00007fa3a9b50000, 0x00007fa3fed68ff8, 0x00007fa3fed69000, 0x00007fa3ff0b0000)
 Metaspace       used 24259K, capacity 24656K, committed 24832K, reserved 26624K
}
Event: 458.921 GC heap after
{Heap after GC invocations=778 (full 1):
 def new generation   total 629248K, used 27584K [0x00007f9e54600000, 0x00007f9e7f0c0000, 0x00007fa3a9b50000)
  eden space 559360K,   0% used [0x00007f9e54600000, 0x00007f9e54600000, 0x00007f9e76840000)
  from space 69888K,  39% used [0x00007f9e7ac80000, 0x00007f9e7c770178, 0x00007f9e7f0c0000)
  to   space 69888K,   0% used [0x00007f9e76840000, 0x00007f9e76840000, 0x00007f9e7ac80000)
 tenured generation   total 1398144K, used 1396912K [0x00007fa3a9b50000, 0x00007fa3ff0b0000, 0x00007fae54600000)
   the space 1398144K,  99% used [0x00007fa3a9b50000, 0x00007fa3fef7c038, 0x00007fa3fef7c200, 0x00007fa3ff0b0000)
 Metaspace       used 24259K, capacity 24656K, committed 24832K, reserved 26624K
}
Event: 459.407 GC heap before
{Heap before GC invocations=778 (full 1):
 def new generation   total 629248K, used 586944K [0x00007f9e54600000, 0x00007f9e7f0c0000, 0x00007fa3a9b50000)
  eden space 559360K, 100% used [0x00007f9e54600000, 0x00007f9e76840000, 0x00007f9e76840000)
  from space 69888K,  39% used [0x00007f9e7ac80000, 0x00007f9e7c770178, 0x00007f9e7f0c0000)
  to   space 69888K,   0% used [0x00007f9e76840000, 0x00007f9e76840000, 0x00007f9e7ac80000)
 tenured generation   total 1398144K, used 1396912K [0x00007fa3a9b50000, 0x00007fa3ff0b0000, 0x00007fae54600000)
   the space 1398144K,  99% used [0x00007fa3a9b50000, 0x00007fa3fef7c038, 0x00007fa3fef7c200, 0x00007fa3ff0b0000)
 Metaspace       used 24259K, capacity 24656K, committed 24832K, reserved 26624K
}
Event: 459.472 GC heap after
{Heap after GC invocations=779 (full 1):
 def new generation   total 629248K, used 27088K [0x00007f9e54600000, 0x00007f9e7f0c0000, 0x00007fa3a9b50000)
  eden space 559360K,   0% used [0x00007f9e54600000, 0x00007f9e54600000, 0x00007f9e76840000)
  from space 69888K,  38% used [0x00007f9e76840000, 0x00007f9e782b4150, 0x00007f9e7ac80000)
  to   space 69888K,   0% used [0x00007f9e7ac80000, 0x00007f9e7ac80000, 0x00007f9e7f0c0000)
 tenured generation   total 1399296K, used 1399289K [0x00007fa3a9b50000, 0x00007fa3ff1d0000, 0x00007fae54600000)
   the space 1399296K,  99% used [0x00007fa3a9b50000, 0x00007fa3ff1ce578, 0x00007fa3ff1ce600, 0x00007fa3ff1d0000)
 Metaspace       used 24259K, capacity 24656K, committed 24832K, reserved 26624K
}
Event: 459.472 GC heap before
{Heap before GC invocations=779 (full 1):
 def new generation   total 629248K, used 27088K [0x00007f9e54600000, 0x00007f9e7f0c0000, 0x00007fa3a9b50000)
  eden space 559360K,   0% used [0x00007f9e54600000, 0x00007f9e54600000, 0x00007f9e76840000)
  from space 69888K,  38% used [0x00007f9e76840000, 0x00007f9e782b4150, 0x00007f9e7ac80000)
  to   space 69888K,   0% used [0x00007f9e7ac80000, 0x00007f9e7ac80000, 0x00007f9e7f0c0000)
 tenured generation   total 1399296K, used 1399289K [0x00007fa3a9b50000, 0x00007fa3ff1d0000, 0x00007fae54600000)
   the space 1399296K,  99% used [0x00007fa3a9b50000, 0x00007fa3ff1ce578, 0x00007fa3ff1ce600, 0x00007fa3ff1d0000)
 Metaspace       used 24259K, capacity 24656K, committed 24832K, reserved 26624K
}

