# JRE version: OpenJDK Runtime Environment (13.0.7+5) (build 13.0.7+5-Ubuntu-0ubuntu120.04)
# Java VM: OpenJDK 64-Bit Server VM (13.0.7+5-Ubuntu-0ubuntu120.04, mixed mode, tiered, serial gc, linux-amd64)
Heap:
 def new generation   total 797504K, used 0K [0x00007f9d1c600000, 0x00007f9d52750000, 0x00007fa271b50000)
  eden space 708928K,   0% used [0x00007f9d1c600000, 0x00007f9d1c600000, 0x00007f9d47a50000)
  from space 88576K,   0% used [0x00007f9d47a50000, 0x00007f9d47a50000, 0x00007f9d4d0d0000)
  to   space 88576K,   0% used [0x00007f9d4d0d0000, 0x00007f9d4d0d0000, 0x00007f9d52750000)
 tenured generation   total 1772056K, used 1063231K [0x00007fa271b50000, 0x00007fa2dddd6000, 0x00007fad1c600000)
   the space 1772056K,  59% used [0x00007fa271b50000, 0x00007fa2b299ff50, 0x00007fa2b29a0000, 0x00007fa2dddd6000)
 Metaspace       used 23078K, capacity 23458K, committed 23552K, reserved 24576K
GC Heap History (10 events):
Event: 3.038 GC heap before
{Heap before GC invocations=0 (full 0):
 def new generation   total 629120K, used 100662K [0x00007f9d1c600000, 0x00007f9d470a0000, 0x00007fa271b50000)
  eden space 559232K,  18% used [0x00007f9d1c600000, 0x00007f9d2284d978, 0x00007f9d3e820000)
  from space 69888K,   0% used [0x00007f9d3e820000, 0x00007f9d3e820000, 0x00007f9d42c60000)
  to   space 69888K,   0% used [0x00007f9d42c60000, 0x00007f9d42c60000, 0x00007f9d470a0000)
 tenured generation   total 1398144K, used 0K [0x00007fa271b50000, 0x00007fa2c70b0000, 0x00007fad1c600000)
   the space 1398144K,   0% used [0x00007fa271b50000, 0x00007fa271b50000, 0x00007fa271b50200, 0x00007fa2c70b0000)
 Metaspace       used 20928K, capacity 21222K, committed 21248K, reserved 22528K
}
Event: 3.244 GC heap after
{Heap after GC invocations=1 (full 1):
 def new generation   total 629248K, used 0K [0x00007f9d1c600000, 0x00007f9d470c0000, 0x00007fa271b50000)
  eden space 559360K,   0% used [0x00007f9d1c600000, 0x00007f9d1c600000, 0x00007f9d3e840000)
  from space 69888K,   0% used [0x00007f9d3e840000, 0x00007f9d3e840000, 0x00007f9d42c80000)
  to   space 69888K,   0% used [0x00007f9d42c80000, 0x00007f9d42c80000, 0x00007f9d470c0000)
 tenured generation   total 1398144K, used 13603K [0x00007fa271b50000, 0x00007fa2c70b0000, 0x00007fad1c600000)
   the space 1398144K,   0% used [0x00007fa271b50000, 0x00007fa272898c40, 0x00007fa272898e00, 0x00007fa2c70b0000)
 Metaspace       used 20928K, capacity 21222K, committed 21248K, reserved 22528K
}
Event: 5.516 GC heap before
{Heap before GC invocations=1 (full 1):
 def new generation   total 629248K, used 545954K [0x00007f9d1c600000, 0x00007f9d470c0000, 0x00007fa271b50000)
  eden space 559360K,  97% used [0x00007f9d1c600000, 0x00007f9d3db28818, 0x00007f9d3e840000)
  from space 69888K,   0% used [0x00007f9d3e840000, 0x00007f9d3e840000, 0x00007f9d42c80000)
  to   space 69888K,   0% used [0x00007f9d42c80000, 0x00007f9d42c80000, 0x00007f9d470c0000)
 tenured generation   total 1398144K, used 13603K [0x00007fa271b50000, 0x00007fa2c70b0000, 0x00007fad1c600000)
   the space 1398144K,   0% used [0x00007fa271b50000, 0x00007fa272898c40, 0x00007fa272898e00, 0x00007fa2c70b0000)
 Metaspace       used 23076K, capacity 23458K, committed 23552K, reserved 24576K
}
Event: 5.554 GC heap after
{Heap after GC invocations=2 (full 1):
 def new generation   total 629248K, used 33831K [0x00007f9d1c600000, 0x00007f9d470c0000, 0x00007fa271b50000)
  eden space 559360K,   0% used [0x00007f9d1c600000, 0x00007f9d1c600000, 0x00007f9d3e840000)
  from space 69888K,  48% used [0x00007f9d42c80000, 0x00007f9d44d89c50, 0x00007f9d470c0000)
  to   space 69888K,   0% used [0x00007f9d3e840000, 0x00007f9d3e840000, 0x00007f9d42c80000)
 tenured generation   total 1398144K, used 13603K [0x00007fa271b50000, 0x00007fa2c70b0000, 0x00007fad1c600000)
   the space 1398144K,   0% used [0x00007fa271b50000, 0x00007fa272898c40, 0x00007fa272898e00, 0x00007fa2c70b0000)
 Metaspace       used 23076K, capacity 23458K, committed 23552K, reserved 24576K
}
Event: 6.098 GC heap before
{Heap before GC invocations=2 (full 1):
 def new generation   total 629248K, used 574585K [0x00007f9d1c600000, 0x00007f9d470c0000, 0x00007fa271b50000)
  eden space 559360K,  96% used [0x00007f9d1c600000, 0x00007f9d3d614840, 0x00007f9d3e840000)
  from space 69888K,  48% used [0x00007f9d42c80000, 0x00007f9d44d89c50, 0x00007f9d470c0000)
  to   space 69888K,   0% used [0x00007f9d3e840000, 0x00007f9d3e840000, 0x00007f9d42c80000)
 tenured generation   total 1398144K, used 13603K [0x00007fa271b50000, 0x00007fa2c70b0000, 0x00007fad1c600000)
   the space 1398144K,   0% used [0x00007fa271b50000, 0x00007fa272898c40, 0x00007fa272898e00, 0x00007fa2c70b0000)
 Metaspace       used 23078K, capacity 23458K, committed 23552K, reserved 24576K
}
Event: 7.039 GC heap after
{Heap after GC invocations=3 (full 1):
 def new generation   total 629248K, used 1052K [0x00007f9d1c600000, 0x00007f9d470c0000, 0x00007fa271b50000)
  eden space 559360K,   0% used [0x00007f9d1c600000, 0x00007f9d1c600000, 0x00007f9d3e840000)
  from space 69888K,   1% used [0x00007f9d3e840000, 0x00007f9d3e9470a0, 0x00007f9d42c80000)
  to   space 69888K,   0% used [0x00007f9d42c80000, 0x00007f9d42c80000, 0x00007f9d470c0000)
 tenured generation   total 1398144K, used 537891K [0x00007fa271b50000, 0x00007fa2c70b0000, 0x00007fad1c600000)
   the space 1398144K,  38% used [0x00007fa271b50000, 0x00007fa292898c58, 0x00007fa292898e00, 0x00007fa2c70b0000)
 Metaspace       used 23078K, capacity 23458K, committed 23552K, reserved 24576K
}
Event: 7.246 GC heap before
{Heap before GC invocations=3 (full 1):
 def new generation   total 629248K, used 536216K [0x00007f9d1c600000, 0x00007f9d470c0000, 0x00007fa271b50000)
  eden space 559360K,  95% used [0x00007f9d1c600000, 0x00007f9d3d09f038, 0x00007f9d3e840000)
  from space 69888K,   1% used [0x00007f9d3e840000, 0x00007f9d3e9470a0, 0x00007f9d42c80000)
  to   space 69888K,   0% used [0x00007f9d42c80000, 0x00007f9d42c80000, 0x00007f9d470c0000)
 tenured generation   total 1398144K, used 537891K [0x00007fa271b50000, 0x00007fa2c70b0000, 0x00007fad1c600000)
   the space 1398144K,  38% used [0x00007fa271b50000, 0x00007fa292898c58, 0x00007fa292898e00, 0x00007fa2c70b0000)
 Metaspace       used 23078K, capacity 23458K, committed 23552K, reserved 24576K
}
Event: 8.577 GC heap after
{Heap after GC invocations=4 (full 1):
 def new generation   total 629248K, used 1052K [0x00007f9d1c600000, 0x00007f9d470c0000, 0x00007fa271b50000)
  eden space 559360K,   0% used [0x00007f9d1c600000, 0x00007f9d1c600000, 0x00007f9d3e840000)
  from space 69888K,   1% used [0x00007f9d42c80000, 0x00007f9d42d87330, 0x00007f9d470c0000)
  to   space 69888K,   0% used [0x00007f9d3e840000, 0x00007f9d3e840000, 0x00007f9d42c80000)
 tenured generation   total 1398144K, used 1062179K [0x00007fa271b50000, 0x00007fa2c70b0000, 0x00007fad1c600000)
   the space 1398144K,  75% used [0x00007fa271b50000, 0x00007fa2b2898c70, 0x00007fa2b2898e00, 0x00007fa2c70b0000)
 Metaspace       used 23078K, capacity 23458K, committed 23552K, reserved 24576K
}
Event: 8.577 GC heap before
{Heap before GC invocations=4 (full 1):
 def new generation   total 629248K, used 1052K [0x00007f9d1c600000, 0x00007f9d470c0000, 0x00007fa271b50000)
  eden space 559360K,   0% used [0x00007f9d1c600000, 0x00007f9d1c600000, 0x00007f9d3e840000)
  from space 69888K,   1% used [0x00007f9d42c80000, 0x00007f9d42d87330, 0x00007f9d470c0000)
  to   space 69888K,   0% used [0x00007f9d3e840000, 0x00007f9d3e840000, 0x00007f9d42c80000)
 tenured generation   total 1398144K, used 1062179K [0x00007fa271b50000, 0x00007fa2c70b0000, 0x00007fad1c600000)
   the space 1398144K,  75% used [0x00007fa271b50000, 0x00007fa2b2898c70, 0x00007fa2b2898e00, 0x00007fa2c70b0000)
 Metaspace       used 23078K, capacity 23458K, committed 23552K, reserved 24576K
}
Event: 8.618 GC heap after
{Heap after GC invocations=4 (full 2):
 def new generation   total 797504K, used 0K [0x00007f9d1c600000, 0x00007f9d52750000, 0x00007fa271b50000)
  eden space 708928K,   0% used [0x00007f9d1c600000, 0x00007f9d1c600000, 0x00007f9d47a50000)
  from space 88576K,   0% used [0x00007f9d47a50000, 0x00007f9d47a50000, 0x00007f9d4d0d0000)
  to   space 88576K,   0% used [0x00007f9d4d0d0000, 0x00007f9d4d0d0000, 0x00007f9d52750000)
 tenured generation   total 1772056K, used 1063231K [0x00007fa271b50000, 0x00007fa2dddd6000, 0x00007fad1c600000)
   the space 1772056K,  59% used [0x00007fa271b50000, 0x00007fa2b299ff50, 0x00007fa2b29a0000, 0x00007fa2dddd6000)
 Metaspace       used 23078K, capacity 23458K, committed 23552K, reserved 24576K
}

