# JRE version: OpenJDK Runtime Environment (13.0.7+5) (build 13.0.7+5-Ubuntu-0ubuntu120.04)
# Java VM: OpenJDK 64-Bit Server VM (13.0.7+5-Ubuntu-0ubuntu120.04, mixed mode, tiered, serial gc, linux-amd64)
Heap:
 def new generation   total 800768K, used 0K [0x00007f4124600000, 0x00007f415aae0000, 0x00007f4679b50000)
  eden space 711808K,   0% used [0x00007f4124600000, 0x00007f4124600000, 0x00007f414fd20000)
  from space 88960K,   0% used [0x00007f4155400000, 0x00007f4155400000, 0x00007f415aae0000)
  to   space 88960K,   0% used [0x00007f414fd20000, 0x00007f414fd20000, 0x00007f4155400000)
 tenured generation   total 14433824K, used 8660293K [0x00007f4679b50000, 0x00007f49eaad8000, 0x00007f5124600000)
   the space 14433824K,  59% used [0x00007f4679b50000, 0x00007f488a4a1498, 0x00007f488a4a1600, 0x00007f49eaad8000)
 Metaspace       used 23171K, capacity 23526K, committed 23808K, reserved 24576K
GC Heap History (20 events):
Event: 53.330 GC heap after
{Heap after GC invocations=12 (full 6):
 def new generation   total 3472576K, used 0K [0x00007f4124600000, 0x00007f420fdf0000, 0x00007f4679b50000)
  eden space 3086784K,   0% used [0x00007f4124600000, 0x00007f4124600000, 0x00007f41e0c70000)
  from space 385792K,   0% used [0x00007f41e0c70000, 0x00007f41e0c70000, 0x00007f41f8530000)
  to   space 385792K,   0% used [0x00007f41f8530000, 0x00007f41f8530000, 0x00007f420fdf0000)
 tenured generation   total 7716652K, used 534097K [0x00007f4679b50000, 0x00007f4850b1b000, 0x00007f5124600000)
   the space 7716652K,   6% used [0x00007f4679b50000, 0x00007f469a4e4590, 0x00007f469a4e4600, 0x00007f4850b1b000)
 Metaspace       used 23084K, capacity 23454K, committed 23552K, reserved 24576K
}
Event: 70.928 GC heap before
{Heap before GC invocations=12 (full 6):
 def new generation   total 3472576K, used 60945K [0x00007f4124600000, 0x00007f420fdf0000, 0x00007f4679b50000)
  eden space 3086784K,   1% used [0x00007f4124600000, 0x00007f41281847b0, 0x00007f41e0c70000)
  from space 385792K,   0% used [0x00007f41e0c70000, 0x00007f41e0c70000, 0x00007f41f8530000)
  to   space 385792K,   0% used [0x00007f41f8530000, 0x00007f41f8530000, 0x00007f420fdf0000)
 tenured generation   total 16105264K, used 13117009K [0x00007f4679b50000, 0x00007f4a50b1c000, 0x00007f5124600000)
   the space 16105264K,  81% used [0x00007f4679b50000, 0x00007f499a4e45c0, 0x00007f499a4e4600, 0x00007f4a50b1c000)
 Metaspace       used 23084K, capacity 23454K, committed 23552K, reserved 24576K
}
Event: 70.955 GC heap after
{Heap after GC invocations=13 (full 6):
 def new generation   total 3472576K, used 0K [0x00007f4124600000, 0x00007f420fdf0000, 0x00007f4679b50000)
  eden space 3086784K,   0% used [0x00007f4124600000, 0x00007f4124600000, 0x00007f41e0c70000)
  from space 385792K,   0% used [0x00007f41f8530000, 0x00007f41f8530290, 0x00007f420fdf0000)
  to   space 385792K,   0% used [0x00007f41e0c70000, 0x00007f41e0c70000, 0x00007f41f8530000)
 tenured generation   total 16105264K, used 13117009K [0x00007f4679b50000, 0x00007f4a50b1c000, 0x00007f5124600000)
   the space 16105264K,  81% used [0x00007f4679b50000, 0x00007f499a4e45c0, 0x00007f499a4e4600, 0x00007f4a50b1c000)
 Metaspace       used 23084K, capacity 23454K, committed 23552K, reserved 24576K
}
Event: 70.955 GC heap before
{Heap before GC invocations=13 (full 6):
 def new generation   total 3472576K, used 0K [0x00007f4124600000, 0x00007f420fdf0000, 0x00007f4679b50000)
  eden space 3086784K,   0% used [0x00007f4124600000, 0x00007f4124600000, 0x00007f41e0c70000)
  from space 385792K,   0% used [0x00007f41f8530000, 0x00007f41f8530290, 0x00007f420fdf0000)
  to   space 385792K,   0% used [0x00007f41e0c70000, 0x00007f41e0c70000, 0x00007f41f8530000)
 tenured generation   total 16105264K, used 13117009K [0x00007f4679b50000, 0x00007f4a50b1c000, 0x00007f5124600000)
   the space 16105264K,  81% used [0x00007f4679b50000, 0x00007f499a4e45c0, 0x00007f499a4e4600, 0x00007f4a50b1c000)
 Metaspace       used 23084K, capacity 23454K, committed 23552K, reserved 24576K
}
Event: 72.738 GC heap after
{Heap after GC invocations=13 (full 7):
 def new generation   total 7092672K, used 0K [0x00007f4124600000, 0x00007f4305600000, 0x00007f4679b50000)
  eden space 6304640K,   0% used [0x00007f4124600000, 0x00007f4124600000, 0x00007f42a52e0000)
  from space 788032K,   0% used [0x00007f42a52e0000, 0x00007f42a52e0000, 0x00007f42d5470000)
  to   space 788032K,   0% used [0x00007f42d5470000, 0x00007f42d5470000, 0x00007f4305600000)
 tenured generation   total 15761340K, used 4728401K [0x00007f4679b50000, 0x00007f4a3bb3f000, 0x00007f5124600000)
   the space 15761340K,  29% used [0x00007f4679b50000, 0x00007f479a4e4740, 0x00007f479a4e4800, 0x00007f4a3bb3f000)
 Metaspace       used 23084K, capacity 23454K, committed 23552K, reserved 24576K
}
Event: 75.874 GC heap before
{Heap before GC invocations=13 (full 7):
 def new generation   total 7092672K, used 4318783K [0x00007f4124600000, 0x00007f4305600000, 0x00007f4679b50000)
  eden space 6304640K,  68% used [0x00007f4124600000, 0x00007f422bf8ff18, 0x00007f42a52e0000)
  from space 788032K,   0% used [0x00007f42a52e0000, 0x00007f42a52e0000, 0x00007f42d5470000)
  to   space 788032K,   0% used [0x00007f42d5470000, 0x00007f42d5470000, 0x00007f4305600000)
 tenured generation   total 15761340K, used 4728401K [0x00007f4679b50000, 0x00007f4a3bb3f000, 0x00007f5124600000)
   the space 15761340K,  29% used [0x00007f4679b50000, 0x00007f479a4e4740, 0x00007f479a4e4800, 0x00007f4a3bb3f000)
 Metaspace       used 23084K, capacity 23454K, committed 23552K, reserved 24576K
}
Event: 77.984 GC heap after
{Heap after GC invocations=14 (full 7):
 def new generation   total 7092672K, used 0K [0x00007f4124600000, 0x00007f4305600000, 0x00007f4679b50000)
  eden space 6304640K,   0% used [0x00007f4124600000, 0x00007f4124600000, 0x00007f42a52e0000)
  from space 788032K,   0% used [0x00007f42d5470000, 0x00007f42d5470230, 0x00007f4305600000)
  to   space 788032K,   0% used [0x00007f42a52e0000, 0x00007f42a52e0000, 0x00007f42d5470000)
 tenured generation   total 15761340K, used 8922705K [0x00007f4679b50000, 0x00007f4a3bb3f000, 0x00007f5124600000)
   the space 15761340K,  56% used [0x00007f4679b50000, 0x00007f489a4e4758, 0x00007f489a4e4800, 0x00007f4a3bb3f000)
 Metaspace       used 23084K, capacity 23454K, committed 23552K, reserved 24576K
}
Event: 85.465 GC heap before
{Heap before GC invocations=14 (full 7):
 def new generation   total 7092672K, used 5366652K [0x00007f4124600000, 0x00007f4305600000, 0x00007f4679b50000)
  eden space 6304640K,  85% used [0x00007f4124600000, 0x00007f426bedf158, 0x00007f42a52e0000)
  from space 788032K,   0% used [0x00007f42d5470000, 0x00007f42d5470230, 0x00007f4305600000)
  to   space 788032K,   0% used [0x00007f42a52e0000, 0x00007f42a52e0000, 0x00007f42d5470000)
 tenured generation   total 15761340K, used 8922705K [0x00007f4679b50000, 0x00007f4a3bb3f000, 0x00007f5124600000)
   the space 15761340K,  56% used [0x00007f4679b50000, 0x00007f489a4e4758, 0x00007f489a4e4800, 0x00007f4a3bb3f000)
 Metaspace       used 23084K, capacity 23454K, committed 23552K, reserved 24576K
}
Event: 85.614 GC heap after
{Heap after GC invocations=15 (full 7):
 def new generation   total 7092672K, used 0K [0x00007f4124600000, 0x00007f4305600000, 0x00007f4679b50000)
  eden space 6304640K,   0% used [0x00007f4124600000, 0x00007f4124600000, 0x00007f42a52e0000)
  from space 788032K,   0% used [0x00007f42a52e0000, 0x00007f42a52e0260, 0x00007f42d5470000)
  to   space 788032K,   0% used [0x00007f42d5470000, 0x00007f42d5470000, 0x00007f4305600000)
 tenured generation   total 15761340K, used 9971281K [0x00007f4679b50000, 0x00007f4a3bb3f000, 0x00007f5124600000)
   the space 15761340K,  63% used [0x00007f4679b50000, 0x00007f48da4e4770, 0x00007f48da4e4800, 0x00007f4a3bb3f000)
 Metaspace       used 23084K, capacity 23454K, committed 23552K, reserved 24576K
}
Event: 90.689 GC heap before
{Heap before GC invocations=15 (full 7):
 def new generation   total 7092672K, used 4709726K [0x00007f4124600000, 0x00007f4305600000, 0x00007f4679b50000)
  eden space 6304640K,  74% used [0x00007f4124600000, 0x00007f4243d57670, 0x00007f42a52e0000)
  from space 788032K,   0% used [0x00007f42a52e0000, 0x00007f42a52e0260, 0x00007f42d5470000)
  to   space 788032K,   0% used [0x00007f42d5470000, 0x00007f42d5470000, 0x00007f4305600000)
 tenured generation   total 15761340K, used 9971281K [0x00007f4679b50000, 0x00007f4a3bb3f000, 0x00007f5124600000)
   the space 15761340K,  63% used [0x00007f4679b50000, 0x00007f48da4e4770, 0x00007f48da4e4800, 0x00007f4a3bb3f000)
 Metaspace       used 23085K, capacity 23454K, committed 23552K, reserved 24576K
}
Event: 91.262 GC heap after
{Heap after GC invocations=16 (full 7):
 def new generation   total 7092672K, used 606361K [0x00007f4124600000, 0x00007f4305600000, 0x00007f4679b50000)
  eden space 6304640K,   0% used [0x00007f4124600000, 0x00007f4124600000, 0x00007f42a52e0000)
  from space 788032K,  76% used [0x00007f42d5470000, 0x00007f42fa4964b8, 0x00007f4305600000)
  to   space 788032K,   0% used [0x00007f42a52e0000, 0x00007f42a52e0000, 0x00007f42d5470000)
 tenured generation   total 15761340K, used 10495569K [0x00007f4679b50000, 0x00007f4a3bb3f000, 0x00007f5124600000)
   the space 15761340K,  66% used [0x00007f4679b50000, 0x00007f48fa4e4788, 0x00007f48fa4e4800, 0x00007f4a3bb3f000)
 Metaspace       used 23085K, capacity 23454K, committed 23552K, reserved 24576K
}
Event: 99.200 GC heap before
{Heap before GC invocations=16 (full 7):
 def new generation   total 7092672K, used 6911001K [0x00007f4124600000, 0x00007f4305600000, 0x00007f4679b50000)
  eden space 6304640K, 100% used [0x00007f4124600000, 0x00007f42a52e0000, 0x00007f42a52e0000)
  from space 788032K,  76% used [0x00007f42d5470000, 0x00007f42fa4964b8, 0x00007f4305600000)
  to   space 788032K,   0% used [0x00007f42a52e0000, 0x00007f42a52e0000, 0x00007f42d5470000)
 tenured generation   total 15761340K, used 10495569K [0x00007f4679b50000, 0x00007f4a3bb3f000, 0x00007f5124600000)
   the space 15761340K,  66% used [0x00007f4679b50000, 0x00007f48fa4e4788, 0x00007f48fa4e4800, 0x00007f4a3bb3f000)
 Metaspace       used 23171K, capacity 23526K, committed 23808K, reserved 24576K
}
Event: 99.254 GC heap after
{Heap after GC invocations=17 (full 7):
 def new generation   total 7092672K, used 334K [0x00007f4124600000, 0x00007f4305600000, 0x00007f4679b50000)
  eden space 6304640K,   0% used [0x00007f4124600000, 0x00007f4124600000, 0x00007f42a52e0000)
  from space 788032K,   0% used [0x00007f42a52e0000, 0x00007f42a5333908, 0x00007f42d5470000)
  to   space 788032K,   0% used [0x00007f42d5470000, 0x00007f42d5470000, 0x00007f4305600000)
 tenured generation   total 15761340K, used 10577556K [0x00007f4679b50000, 0x00007f4a3bb3f000, 0x00007f5124600000)
   the space 15761340K,  67% used [0x00007f4679b50000, 0x00007f48ff4f52e8, 0x00007f48ff4f5400, 0x00007f4a3bb3f000)
 Metaspace       used 23171K, capacity 23526K, committed 23808K, reserved 24576K
}
Event: 102.418 GC heap before
{Heap before GC invocations=17 (full 7):
 def new generation   total 7092672K, used 3046501K [0x00007f4124600000, 0x00007f4305600000, 0x00007f4679b50000)
  eden space 6304640K,  48% used [0x00007f4124600000, 0x00007f41de4c5c18, 0x00007f42a52e0000)
  from space 788032K,   0% used [0x00007f42a52e0000, 0x00007f42a5333908, 0x00007f42d5470000)
  to   space 788032K,   0% used [0x00007f42d5470000, 0x00007f42d5470000, 0x00007f4305600000)
 tenured generation   total 15761340K, used 10577556K [0x00007f4679b50000, 0x00007f4a3bb3f000, 0x00007f5124600000)
   the space 15761340K,  67% used [0x00007f4679b50000, 0x00007f48ff4f52e8, 0x00007f48ff4f5400, 0x00007f4a3bb3f000)
 Metaspace       used 23171K, capacity 23526K, committed 23808K, reserved 24576K
}
Event: 102.692 GC heap after
{Heap after GC invocations=18 (full 7):
 def new generation   total 7092672K, used 524955K [0x00007f4124600000, 0x00007f4305600000, 0x00007f4679b50000)
  eden space 6304640K,   0% used [0x00007f4124600000, 0x00007f4124600000, 0x00007f42a52e0000)
  from space 788032K,  66% used [0x00007f42d5470000, 0x00007f42f5516d88, 0x00007f4305600000)
  to   space 788032K,   0% used [0x00007f42a52e0000, 0x00007f42a52e0000, 0x00007f42d5470000)
 tenured generation   total 15761340K, used 10577556K [0x00007f4679b50000, 0x00007f4a3bb3f000, 0x00007f5124600000)
   the space 15761340K,  67% used [0x00007f4679b50000, 0x00007f48ff4f52e8, 0x00007f48ff4f5400, 0x00007f4a3bb3f000)
 Metaspace       used 23171K, capacity 23526K, committed 23808K, reserved 24576K
}
Event: 102.692 GC heap before
{Heap before GC invocations=18 (full 7):
 def new generation   total 7092672K, used 524955K [0x00007f4124600000, 0x00007f4305600000, 0x00007f4679b50000)
  eden space 6304640K,   0% used [0x00007f4124600000, 0x00007f4124600000, 0x00007f42a52e0000)
  from space 788032K,  66% used [0x00007f42d5470000, 0x00007f42f5516d88, 0x00007f4305600000)
  to   space 788032K,   0% used [0x00007f42a52e0000, 0x00007f42a52e0000, 0x00007f42d5470000)
 tenured generation   total 15761340K, used 10577556K [0x00007f4679b50000, 0x00007f4a3bb3f000, 0x00007f5124600000)
   the space 15761340K,  67% used [0x00007f4679b50000, 0x00007f48ff4f52e8, 0x00007f48ff4f5400, 0x00007f4a3bb3f000)
 Metaspace       used 23171K, capacity 23526K, committed 23808K, reserved 24576K
}
Event: 103.861 GC heap after
{Heap after GC invocations=18 (full 8):
 def new generation   total 800768K, used 0K [0x00007f4124600000, 0x00007f415aae0000, 0x00007f4679b50000)
  eden space 711808K,   0% used [0x00007f4124600000, 0x00007f4124600000, 0x00007f414fd20000)
  from space 88960K,   0% used [0x00007f414fd20000, 0x00007f414fd20000, 0x00007f4155400000)
  to   space 88960K,   0% used [0x00007f4155400000, 0x00007f4155400000, 0x00007f415aae0000)
 tenured generation   total 1779432K, used 533829K [0x00007f4679b50000, 0x00007f46e650a000, 0x00007f5124600000)
   the space 1779432K,  29% used [0x00007f4679b50000, 0x00007f469a4a1420, 0x00007f469a4a1600, 0x00007f46e650a000)
 Metaspace       used 23171K, capacity 23526K, committed 23808K, reserved 24576K
}
Event: 115.026 GC heap before
{Heap before GC invocations=18 (full 8):
 def new generation   total 800768K, used 14028K [0x00007f4124600000, 0x00007f415aae0000, 0x00007f4679b50000)
  eden space 711808K,   1% used [0x00007f4124600000, 0x00007f41253b3268, 0x00007f414fd20000)
  from space 88960K,   0% used [0x00007f414fd20000, 0x00007f414fd20000, 0x00007f4155400000)
  to   space 88960K,   0% used [0x00007f4155400000, 0x00007f4155400000, 0x00007f415aae0000)
 tenured generation   total 10168044K, used 8922437K [0x00007f4679b50000, 0x00007f48e650b000, 0x00007f5124600000)
   the space 10168044K,  87% used [0x00007f4679b50000, 0x00007f489a4a1438, 0x00007f489a4a1600, 0x00007f48e650b000)
 Metaspace       used 23171K, capacity 23526K, committed 23808K, reserved 24576K
}
Event: 115.032 GC heap after
{Heap after GC invocations=19 (full 8):
 def new generation   total 800768K, used 0K [0x00007f4124600000, 0x00007f415aae0000, 0x00007f4679b50000)
  eden space 711808K,   0% used [0x00007f4124600000, 0x00007f4124600000, 0x00007f414fd20000)
  from space 88960K,   0% used [0x00007f4155400000, 0x00007f4155400258, 0x00007f415aae0000)
  to   space 88960K,   0% used [0x00007f414fd20000, 0x00007f414fd20000, 0x00007f4155400000)
 tenured generation   total 10168044K, used 8922437K [0x00007f4679b50000, 0x00007f48e650b000, 0x00007f5124600000)
   the space 10168044K,  87% used [0x00007f4679b50000, 0x00007f489a4a1438, 0x00007f489a4a1600, 0x00007f48e650b000)
 Metaspace       used 23171K, capacity 23526K, committed 23808K, reserved 24576K
}
Event: 115.032 GC heap before
{Heap before GC invocations=19 (full 8):
 def new generation   total 800768K, used 0K [0x00007f4124600000, 0x00007f415aae0000, 0x00007f4679b50000)
  eden space 711808K,   0% used [0x00007f4124600000, 0x00007f4124600000, 0x00007f414fd20000)
  from space 88960K,   0% used [0x00007f4155400000, 0x00007f4155400258, 0x00007f415aae0000)
  to   space 88960K,   0% used [0x00007f414fd20000, 0x00007f414fd20000, 0x00007f4155400000)
 tenured generation   total 10168044K, used 8922437K [0x00007f4679b50000, 0x00007f48e650b000, 0x00007f5124600000)
   the space 10168044K,  87% used [0x00007f4679b50000, 0x00007f489a4a1438, 0x00007f489a4a1600, 0x00007f48e650b000)
 Metaspace       used 23171K, capacity 23526K, committed 23808K, reserved 24576K
}

