# JRE version: OpenJDK Runtime Environment (13.0.7+5) (build 13.0.7+5-Ubuntu-0ubuntu120.04)
# Java VM: OpenJDK 64-Bit Server VM (13.0.7+5-Ubuntu-0ubuntu120.04, mixed mode, tiered, serial gc, linux-amd64)
Heap:
 def new generation   total 8878400K, used 0K [0x00007f4b50600000, 0x00007f4daa7a0000, 0x00007f50a5b50000)
  eden space 7891968K,   0% used [0x00007f4b50600000, 0x00007f4b50600000, 0x00007f4d32100000)
  from space 986432K,   0% used [0x00007f4d32100000, 0x00007f4d32100000, 0x00007f4d6e450000)
  to   space 986432K,   0% used [0x00007f4d6e450000, 0x00007f4d6e450000, 0x00007f4daa7a0000)
 tenured generation   total 20209788K, used 19881293K [0x00007f50a5b50000, 0x00007f557736f000, 0x00007f5b50600000)
   the space 20209788K,  98% used [0x00007f50a5b50000, 0x00007f55632a3730, 0x00007f55632a3800, 0x00007f557736f000)
 Metaspace       used 30519K, capacity 30991K, committed 31232K, reserved 32768K
GC Heap History (20 events):
Event: 1323.621 GC heap after
{Heap after GC invocations=109 (full 6):
 def new generation   total 8878400K, used 986431K [0x00007f4b50600000, 0x00007f4daa7a0000, 0x00007f50a5b50000)
  eden space 7891968K,   0% used [0x00007f4b50600000, 0x00007f4b50600000, 0x00007f4d32100000)
  from space 986432K,  99% used [0x00007f4d6e450000, 0x00007f4daa79fff0, 0x00007f4daa7a0000)
  to   space 986432K,   0% used [0x00007f4d32100000, 0x00007f4d32100000, 0x00007f4d6e450000)
 tenured generation   total 19729596K, used 12770545K [0x00007f50a5b50000, 0x00007f5559e7f000, 0x00007f5b50600000)
   the space 19729596K,  64% used [0x00007f50a5b50000, 0x00007f53b128c520, 0x00007f53b128c600, 0x00007f5559e7f000)
 Metaspace       used 30519K, capacity 30991K, committed 31232K, reserved 32768K
}
Event: 1625.028 GC heap before
{Heap before GC invocations=109 (full 6):
 def new generation   total 8878400K, used 8878399K [0x00007f4b50600000, 0x00007f4daa7a0000, 0x00007f50a5b50000)
  eden space 7891968K, 100% used [0x00007f4b50600000, 0x00007f4d32100000, 0x00007f4d32100000)
  from space 986432K,  99% used [0x00007f4d6e450000, 0x00007f4daa79fff0, 0x00007f4daa7a0000)
  to   space 986432K,   0% used [0x00007f4d32100000, 0x00007f4d32100000, 0x00007f4d6e450000)
 tenured generation   total 19729596K, used 12770545K [0x00007f50a5b50000, 0x00007f5559e7f000, 0x00007f5b50600000)
   the space 19729596K,  64% used [0x00007f50a5b50000, 0x00007f53b128c520, 0x00007f53b128c600, 0x00007f5559e7f000)
 Metaspace       used 30519K, capacity 30991K, committed 31232K, reserved 32768K
}
Event: 1629.010 GC heap after
{Heap after GC invocations=110 (full 6):
 def new generation   total 8878400K, used 986431K [0x00007f4b50600000, 0x00007f4daa7a0000, 0x00007f50a5b50000)
  eden space 7891968K,   0% used [0x00007f4b50600000, 0x00007f4b50600000, 0x00007f4d32100000)
  from space 986432K,  99% used [0x00007f4d32100000, 0x00007f4d6e44fff0, 0x00007f4d6e450000)
  to   space 986432K,   0% used [0x00007f4d6e450000, 0x00007f4d6e450000, 0x00007f4daa7a0000)
 tenured generation   total 19729596K, used 14432006K [0x00007f50a5b50000, 0x00007f5559e7f000, 0x00007f5b50600000)
   the space 19729596K,  73% used [0x00007f50a5b50000, 0x00007f54169118a0, 0x00007f5416911a00, 0x00007f5559e7f000)
 Metaspace       used 30519K, capacity 30991K, committed 31232K, reserved 32768K
}
Event: 1744.504 GC heap before
{Heap before GC invocations=110 (full 6):
 def new generation   total 8878400K, used 8878399K [0x00007f4b50600000, 0x00007f4daa7a0000, 0x00007f50a5b50000)
  eden space 7891968K, 100% used [0x00007f4b50600000, 0x00007f4d32100000, 0x00007f4d32100000)
  from space 986432K,  99% used [0x00007f4d32100000, 0x00007f4d6e44fff0, 0x00007f4d6e450000)
  to   space 986432K,   0% used [0x00007f4d6e450000, 0x00007f4d6e450000, 0x00007f4daa7a0000)
 tenured generation   total 19729596K, used 14432006K [0x00007f50a5b50000, 0x00007f5559e7f000, 0x00007f5b50600000)
   the space 19729596K,  73% used [0x00007f50a5b50000, 0x00007f54169118a0, 0x00007f5416911a00, 0x00007f5559e7f000)
 Metaspace       used 30519K, capacity 30991K, committed 31232K, reserved 32768K
}
Event: 1754.810 GC heap after
{Heap after GC invocations=111 (full 6):
 def new generation   total 8878400K, used 986431K [0x00007f4b50600000, 0x00007f4daa7a0000, 0x00007f50a5b50000)
  eden space 7891968K,   0% used [0x00007f4b50600000, 0x00007f4b50600000, 0x00007f4d32100000)
  from space 986432K,  99% used [0x00007f4d6e450000, 0x00007f4daa79ffe8, 0x00007f4daa7a0000)
  to   space 986432K,   0% used [0x00007f4d32100000, 0x00007f4d32100000, 0x00007f4d6e450000)
 tenured generation   total 19729596K, used 15763436K [0x00007f50a5b50000, 0x00007f5559e7f000, 0x00007f5b50600000)
   the space 19729596K,  79% used [0x00007f50a5b50000, 0x00007f5467d4b300, 0x00007f5467d4b400, 0x00007f5559e7f000)
 Metaspace       used 30519K, capacity 30991K, committed 31232K, reserved 32768K
}
Event: 1757.412 GC heap before
{Heap before GC invocations=111 (full 6):
 def new generation   total 8878400K, used 8878399K [0x00007f4b50600000, 0x00007f4daa7a0000, 0x00007f50a5b50000)
  eden space 7891968K, 100% used [0x00007f4b50600000, 0x00007f4d32100000, 0x00007f4d32100000)
  from space 986432K,  99% used [0x00007f4d6e450000, 0x00007f4daa79ffe8, 0x00007f4daa7a0000)
  to   space 986432K,   0% used [0x00007f4d32100000, 0x00007f4d32100000, 0x00007f4d6e450000)
 tenured generation   total 19729596K, used 15763436K [0x00007f50a5b50000, 0x00007f5559e7f000, 0x00007f5b50600000)
   the space 19729596K,  79% used [0x00007f50a5b50000, 0x00007f5467d4b300, 0x00007f5467d4b400, 0x00007f5559e7f000)
 Metaspace       used 30519K, capacity 30991K, committed 31232K, reserved 32768K
}
Event: 1759.392 GC heap after
{Heap after GC invocations=112 (full 6):
 def new generation   total 8878400K, used 572960K [0x00007f4b50600000, 0x00007f4daa7a0000, 0x00007f50a5b50000)
  eden space 7891968K,   0% used [0x00007f4b50600000, 0x00007f4b50600000, 0x00007f4d32100000)
  from space 986432K,  58% used [0x00007f4d32100000, 0x00007f4d55088200, 0x00007f4d6e450000)
  to   space 986432K,   0% used [0x00007f4d6e450000, 0x00007f4d6e450000, 0x00007f4daa7a0000)
 tenured generation   total 19729596K, used 16749868K [0x00007f50a5b50000, 0x00007f5559e7f000, 0x00007f5b50600000)
   the space 19729596K,  84% used [0x00007f50a5b50000, 0x00007f54a409b058, 0x00007f54a409b200, 0x00007f5559e7f000)
 Metaspace       used 30519K, capacity 30991K, committed 31232K, reserved 32768K
}
Event: 1761.646 GC heap before
{Heap before GC invocations=112 (full 6):
 def new generation   total 8878400K, used 8464928K [0x00007f4b50600000, 0x00007f4daa7a0000, 0x00007f50a5b50000)
  eden space 7891968K, 100% used [0x00007f4b50600000, 0x00007f4d32100000, 0x00007f4d32100000)
  from space 986432K,  58% used [0x00007f4d32100000, 0x00007f4d55088200, 0x00007f4d6e450000)
  to   space 986432K,   0% used [0x00007f4d6e450000, 0x00007f4d6e450000, 0x00007f4daa7a0000)
 tenured generation   total 19729596K, used 16749868K [0x00007f50a5b50000, 0x00007f5559e7f000, 0x00007f5b50600000)
   the space 19729596K,  84% used [0x00007f50a5b50000, 0x00007f54a409b058, 0x00007f54a409b200, 0x00007f5559e7f000)
 Metaspace       used 30519K, capacity 30991K, committed 31232K, reserved 32768K
}
Event: 1763.397 GC heap after
{Heap after GC invocations=113 (full 6):
 def new generation   total 8878400K, used 569080K [0x00007f4b50600000, 0x00007f4daa7a0000, 0x00007f50a5b50000)
  eden space 7891968K,   0% used [0x00007f4b50600000, 0x00007f4b50600000, 0x00007f4d32100000)
  from space 986432K,  57% used [0x00007f4d6e450000, 0x00007f4d9100e330, 0x00007f4daa7a0000)
  to   space 986432K,   0% used [0x00007f4d32100000, 0x00007f4d32100000, 0x00007f4d6e450000)
 tenured generation   total 19729596K, used 17322827K [0x00007f50a5b50000, 0x00007f5559e7f000, 0x00007f5b50600000)
   the space 19729596K,  87% used [0x00007f50a5b50000, 0x00007f54c7022eb8, 0x00007f54c7023000, 0x00007f5559e7f000)
 Metaspace       used 30519K, capacity 30991K, committed 31232K, reserved 32768K
}
Event: 1765.739 GC heap before
{Heap before GC invocations=113 (full 6):
 def new generation   total 8878400K, used 8461048K [0x00007f4b50600000, 0x00007f4daa7a0000, 0x00007f50a5b50000)
  eden space 7891968K, 100% used [0x00007f4b50600000, 0x00007f4d32100000, 0x00007f4d32100000)
  from space 986432K,  57% used [0x00007f4d6e450000, 0x00007f4d9100e330, 0x00007f4daa7a0000)
  to   space 986432K,   0% used [0x00007f4d32100000, 0x00007f4d32100000, 0x00007f4d6e450000)
 tenured generation   total 19729596K, used 17322827K [0x00007f50a5b50000, 0x00007f5559e7f000, 0x00007f5b50600000)
   the space 19729596K,  87% used [0x00007f50a5b50000, 0x00007f54c7022eb8, 0x00007f54c7023000, 0x00007f5559e7f000)
 Metaspace       used 30519K, capacity 30991K, committed 31232K, reserved 32768K
}
Event: 1767.301 GC heap after
{Heap after GC invocations=114 (full 6):
 def new generation   total 8878400K, used 574183K [0x00007f4b50600000, 0x00007f4daa7a0000, 0x00007f50a5b50000)
  eden space 7891968K,   0% used [0x00007f4b50600000, 0x00007f4b50600000, 0x00007f4d32100000)
  from space 986432K,  58% used [0x00007f4d32100000, 0x00007f4d551b9e60, 0x00007f4d6e450000)
  to   space 986432K,   0% used [0x00007f4d6e450000, 0x00007f4d6e450000, 0x00007f4daa7a0000)
 tenured generation   total 19729596K, used 17891907K [0x00007f50a5b50000, 0x00007f5559e7f000, 0x00007f5b50600000)
   the space 19729596K,  90% used [0x00007f50a5b50000, 0x00007f54e9be0f18, 0x00007f54e9be1000, 0x00007f5559e7f000)
 Metaspace       used 30519K, capacity 30991K, committed 31232K, reserved 32768K
}
Event: 1769.599 GC heap before
{Heap before GC invocations=114 (full 6):
 def new generation   total 8878400K, used 8466151K [0x00007f4b50600000, 0x00007f4daa7a0000, 0x00007f50a5b50000)
  eden space 7891968K, 100% used [0x00007f4b50600000, 0x00007f4d32100000, 0x00007f4d32100000)
  from space 986432K,  58% used [0x00007f4d32100000, 0x00007f4d551b9e60, 0x00007f4d6e450000)
  to   space 986432K,   0% used [0x00007f4d6e450000, 0x00007f4d6e450000, 0x00007f4daa7a0000)
 tenured generation   total 19729596K, used 17891907K [0x00007f50a5b50000, 0x00007f5559e7f000, 0x00007f5b50600000)
   the space 19729596K,  90% used [0x00007f50a5b50000, 0x00007f54e9be0f18, 0x00007f54e9be1000, 0x00007f5559e7f000)
 Metaspace       used 30519K, capacity 30991K, committed 31232K, reserved 32768K
}
Event: 1771.155 GC heap after
{Heap after GC invocations=115 (full 6):
 def new generation   total 8878400K, used 583453K [0x00007f4b50600000, 0x00007f4daa7a0000, 0x00007f50a5b50000)
  eden space 7891968K,   0% used [0x00007f4b50600000, 0x00007f4b50600000, 0x00007f4d32100000)
  from space 986432K,  59% used [0x00007f4d6e450000, 0x00007f4d91e17590, 0x00007f4daa7a0000)
  to   space 986432K,   0% used [0x00007f4d32100000, 0x00007f4d32100000, 0x00007f4d6e450000)
 tenured generation   total 19729596K, used 18466090K [0x00007f50a5b50000, 0x00007f5559e7f000, 0x00007f5b50600000)
   the space 19729596K,  93% used [0x00007f50a5b50000, 0x00007f550cc9aac8, 0x00007f550cc9ac00, 0x00007f5559e7f000)
 Metaspace       used 30519K, capacity 30991K, committed 31232K, reserved 32768K
}
Event: 1773.531 GC heap before
{Heap before GC invocations=115 (full 6):
 def new generation   total 8878400K, used 8475421K [0x00007f4b50600000, 0x00007f4daa7a0000, 0x00007f50a5b50000)
  eden space 7891968K, 100% used [0x00007f4b50600000, 0x00007f4d32100000, 0x00007f4d32100000)
  from space 986432K,  59% used [0x00007f4d6e450000, 0x00007f4d91e17590, 0x00007f4daa7a0000)
  to   space 986432K,   0% used [0x00007f4d32100000, 0x00007f4d32100000, 0x00007f4d6e450000)
 tenured generation   total 19729596K, used 18466090K [0x00007f50a5b50000, 0x00007f5559e7f000, 0x00007f5b50600000)
   the space 19729596K,  93% used [0x00007f50a5b50000, 0x00007f550cc9aac8, 0x00007f550cc9ac00, 0x00007f5559e7f000)
 Metaspace       used 30519K, capacity 30991K, committed 31232K, reserved 32768K
}
Event: 1775.244 GC heap after
{Heap after GC invocations=116 (full 6):
 def new generation   total 8878400K, used 578204K [0x00007f4b50600000, 0x00007f4daa7a0000, 0x00007f50a5b50000)
  eden space 7891968K,   0% used [0x00007f4b50600000, 0x00007f4b50600000, 0x00007f4d32100000)
  from space 986432K,  58% used [0x00007f4d32100000, 0x00007f4d555a72c8, 0x00007f4d6e450000)
  to   space 986432K,   0% used [0x00007f4d6e450000, 0x00007f4d6e450000, 0x00007f4daa7a0000)
 tenured generation   total 19729596K, used 19049543K [0x00007f50a5b50000, 0x00007f5559e7f000, 0x00007f5b50600000)
   the space 19729596K,  96% used [0x00007f50a5b50000, 0x00007f5530661cc8, 0x00007f5530661e00, 0x00007f5559e7f000)
 Metaspace       used 30519K, capacity 30991K, committed 31232K, reserved 32768K
}
Event: 1777.562 GC heap before
{Heap before GC invocations=116 (full 6):
 def new generation   total 8878400K, used 8470172K [0x00007f4b50600000, 0x00007f4daa7a0000, 0x00007f50a5b50000)
  eden space 7891968K, 100% used [0x00007f4b50600000, 0x00007f4d32100000, 0x00007f4d32100000)
  from space 986432K,  58% used [0x00007f4d32100000, 0x00007f4d555a72c8, 0x00007f4d6e450000)
  to   space 986432K,   0% used [0x00007f4d6e450000, 0x00007f4d6e450000, 0x00007f4daa7a0000)
 tenured generation   total 19729596K, used 19049543K [0x00007f50a5b50000, 0x00007f5559e7f000, 0x00007f5b50600000)
   the space 19729596K,  96% used [0x00007f50a5b50000, 0x00007f5530661cc8, 0x00007f5530661e00, 0x00007f5559e7f000)
 Metaspace       used 30519K, capacity 30991K, committed 31232K, reserved 32768K
}
Event: 1779.133 GC heap after
{Heap after GC invocations=117 (full 6):
 def new generation   total 8878400K, used 581970K [0x00007f4b50600000, 0x00007f4daa7a0000, 0x00007f50a5b50000)
  eden space 7891968K,   0% used [0x00007f4b50600000, 0x00007f4b50600000, 0x00007f4d32100000)
  from space 986432K,  58% used [0x00007f4d6e450000, 0x00007f4d91ca4a48, 0x00007f4daa7a0000)
  to   space 986432K,   0% used [0x00007f4d32100000, 0x00007f4d32100000, 0x00007f4d6e450000)
 tenured generation   total 19729596K, used 19627747K [0x00007f50a5b50000, 0x00007f5559e7f000, 0x00007f5b50600000)
   the space 19729596K,  99% used [0x00007f50a5b50000, 0x00007f5553b08e60, 0x00007f5553b09000, 0x00007f5559e7f000)
 Metaspace       used 30519K, capacity 30991K, committed 31232K, reserved 32768K
}
Event: 1781.692 GC heap before
{Heap before GC invocations=117 (full 6):
 def new generation   total 8878400K, used 8473938K [0x00007f4b50600000, 0x00007f4daa7a0000, 0x00007f50a5b50000)
  eden space 7891968K, 100% used [0x00007f4b50600000, 0x00007f4d32100000, 0x00007f4d32100000)
  from space 986432K,  58% used [0x00007f4d6e450000, 0x00007f4d91ca4a48, 0x00007f4daa7a0000)
  to   space 986432K,   0% used [0x00007f4d32100000, 0x00007f4d32100000, 0x00007f4d6e450000)
 tenured generation   total 19729596K, used 19627747K [0x00007f50a5b50000, 0x00007f5559e7f000, 0x00007f5b50600000)
   the space 19729596K,  99% used [0x00007f50a5b50000, 0x00007f5553b08e60, 0x00007f5553b09000, 0x00007f5559e7f000)
 Metaspace       used 30519K, capacity 30991K, committed 31232K, reserved 32768K
}
Event: 1783.460 GC heap after
{Heap after GC invocations=118 (full 6):
 def new generation   total 8878400K, used 661212K [0x00007f4b50600000, 0x00007f4daa7a0000, 0x00007f50a5b50000)
  eden space 7891968K,   0% used [0x00007f4b50600000, 0x00007f4b50600000, 0x00007f4d32100000)
  from space 986432K,  67% used [0x00007f4d32100000, 0x00007f4d5a6b72e0, 0x00007f4d6e450000)
  to   space 986432K,   0% used [0x00007f4d6e450000, 0x00007f4d6e450000, 0x00007f4daa7a0000)
 tenured generation   total 20209788K, used 20209718K [0x00007f50a5b50000, 0x00007f557736f000, 0x00007f5b50600000)
   the space 20209788K,  99% used [0x00007f50a5b50000, 0x00007f557735d8a8, 0x00007f557735da00, 0x00007f557736f000)
 Metaspace       used 30519K, capacity 30991K, committed 31232K, reserved 32768K
}
Event: 1783.460 GC heap before
{Heap before GC invocations=118 (full 6):
 def new generation   total 8878400K, used 661212K [0x00007f4b50600000, 0x00007f4daa7a0000, 0x00007f50a5b50000)
  eden space 7891968K,   0% used [0x00007f4b50600000, 0x00007f4b50600000, 0x00007f4d32100000)
  from space 986432K,  67% used [0x00007f4d32100000, 0x00007f4d5a6b72e0, 0x00007f4d6e450000)
  to   space 986432K,   0% used [0x00007f4d6e450000, 0x00007f4d6e450000, 0x00007f4daa7a0000)
 tenured generation   total 20209788K, used 20209718K [0x00007f50a5b50000, 0x00007f557736f000, 0x00007f5b50600000)
   the space 20209788K,  99% used [0x00007f50a5b50000, 0x00007f557735d8a8, 0x00007f557735da00, 0x00007f557736f000)
 Metaspace       used 30519K, capacity 30991K, committed 31232K, reserved 32768K
}

