# JRE version: OpenJDK Runtime Environment (13.0.7+5) (build 13.0.7+5-Ubuntu-0ubuntu120.04)
# Java VM: OpenJDK 64-Bit Server VM (13.0.7+5-Ubuntu-0ubuntu120.04, mixed mode, tiered, serial gc, linux-amd64)
Heap:
 def new generation   total 7036224K, used 781656K [0x00007f43ec600000, 0x00007f45c98c0000, 0x00007f4941b50000)
  eden space 6254464K,  12% used [0x00007f43ec600000, 0x00007f441c1562a0, 0x00007f456a1e0000)
  from space 781760K,   0% used [0x00007f456a1e0000, 0x00007f456a1e0000, 0x00007f4599d50000)
  to   space 781760K,   0% used [0x00007f4599d50000, 0x00007f4599d50000, 0x00007f45c98c0000)
 tenured generation   total 16532948K, used 16532947K [0x00007f4941b50000, 0x00007f4d32cc5000, 0x00007f53ec600000)
   the space 16532948K,  99% used [0x00007f4941b50000, 0x00007f4d32cc4fe8, 0x00007f4d32cc5000, 0x00007f4d32cc5000)
 Metaspace       used 30394K, capacity 30787K, committed 30976K, reserved 32768K
GC Heap History (20 events):
Event: 125.967 GC heap after
{Heap after GC invocations=28 (full 3):
 def new generation   total 4404096K, used 489344K [0x00007f43ec600000, 0x00007f45170c0000, 0x00007f4941b50000)
  eden space 3914752K,   0% used [0x00007f43ec600000, 0x00007f43ec600000, 0x00007f44db500000)
  from space 489344K, 100% used [0x00007f44f92e0000, 0x00007f45170c0000, 0x00007f45170c0000)
  to   space 489344K,   0% used [0x00007f44db500000, 0x00007f44db500000, 0x00007f44f92e0000)
 tenured generation   total 9786756K, used 9208800K [0x00007f4941b50000, 0x00007f4b970b1000, 0x00007f53ec600000)
   the space 9786756K,  94% used [0x00007f4941b50000, 0x00007f4b73c48068, 0x00007f4b73c48200, 0x00007f4b970b1000)
 Metaspace       used 30394K, capacity 30787K, committed 30976K, reserved 32768K
}
Event: 126.952 GC heap before
{Heap before GC invocations=28 (full 3):
 def new generation   total 4404096K, used 4404096K [0x00007f43ec600000, 0x00007f45170c0000, 0x00007f4941b50000)
  eden space 3914752K, 100% used [0x00007f43ec600000, 0x00007f44db500000, 0x00007f44db500000)
  from space 489344K, 100% used [0x00007f44f92e0000, 0x00007f45170c0000, 0x00007f45170c0000)
  to   space 489344K,   0% used [0x00007f44db500000, 0x00007f44db500000, 0x00007f44f92e0000)
 tenured generation   total 9786756K, used 9208800K [0x00007f4941b50000, 0x00007f4b970b1000, 0x00007f53ec600000)
   the space 9786756K,  94% used [0x00007f4941b50000, 0x00007f4b73c48068, 0x00007f4b73c48200, 0x00007f4b970b1000)
 Metaspace       used 30394K, capacity 30787K, committed 30976K, reserved 32768K
}
Event: 128.443 GC heap after
{Heap after GC invocations=29 (full 3):
 def new generation   total 4404096K, used 489343K [0x00007f43ec600000, 0x00007f45170c0000, 0x00007f4941b50000)
  eden space 3914752K,   0% used [0x00007f43ec600000, 0x00007f43ec600000, 0x00007f44db500000)
  from space 489344K,  99% used [0x00007f44db500000, 0x00007f44f92dfff8, 0x00007f44f92e0000)
  to   space 489344K,   0% used [0x00007f44f92e0000, 0x00007f44f92e0000, 0x00007f45170c0000)
 tenured generation   total 9786756K, used 9743448K [0x00007f4941b50000, 0x00007f4b970b1000, 0x00007f53ec600000)
   the space 9786756K,  99% used [0x00007f4941b50000, 0x00007f4b946662e0, 0x00007f4b94666400, 0x00007f4b970b1000)
 Metaspace       used 30394K, capacity 30787K, committed 30976K, reserved 32768K
}
Event: 129.455 GC heap before
{Heap before GC invocations=29 (full 3):
 def new generation   total 4404096K, used 4404095K [0x00007f43ec600000, 0x00007f45170c0000, 0x00007f4941b50000)
  eden space 3914752K, 100% used [0x00007f43ec600000, 0x00007f44db500000, 0x00007f44db500000)
  from space 489344K,  99% used [0x00007f44db500000, 0x00007f44f92dfff8, 0x00007f44f92e0000)
  to   space 489344K,   0% used [0x00007f44f92e0000, 0x00007f44f92e0000, 0x00007f45170c0000)
 tenured generation   total 9786756K, used 9743448K [0x00007f4941b50000, 0x00007f4b970b1000, 0x00007f53ec600000)
   the space 9786756K,  99% used [0x00007f4941b50000, 0x00007f4b946662e0, 0x00007f4b94666400, 0x00007f4b970b1000)
 Metaspace       used 30394K, capacity 30787K, committed 30976K, reserved 32768K
}
Event: 131.149 GC heap after
{Heap after GC invocations=30 (full 3):
 def new generation   total 4404096K, used 489343K [0x00007f43ec600000, 0x00007f45170c0000, 0x00007f4941b50000)
  eden space 3914752K,   0% used [0x00007f43ec600000, 0x00007f43ec600000, 0x00007f44db500000)
  from space 489344K,  99% used [0x00007f44f92e0000, 0x00007f45170bfff8, 0x00007f45170c0000)
  to   space 489344K,   0% used [0x00007f44db500000, 0x00007f44db500000, 0x00007f44f92e0000)
 tenured generation   total 10283268K, used 10283251K [0x00007f4941b50000, 0x00007f4bb5591000, 0x00007f53ec600000)
   the space 10283268K,  99% used [0x00007f4941b50000, 0x00007f4bb558cd00, 0x00007f4bb558ce00, 0x00007f4bb5591000)
 Metaspace       used 30394K, capacity 30787K, committed 30976K, reserved 32768K
}
Event: 131.149 GC heap before
{Heap before GC invocations=30 (full 3):
 def new generation   total 4404096K, used 489343K [0x00007f43ec600000, 0x00007f45170c0000, 0x00007f4941b50000)
  eden space 3914752K,   0% used [0x00007f43ec600000, 0x00007f43ec600000, 0x00007f44db500000)
  from space 489344K,  99% used [0x00007f44f92e0000, 0x00007f45170bfff8, 0x00007f45170c0000)
  to   space 489344K,   0% used [0x00007f44db500000, 0x00007f44db500000, 0x00007f44f92e0000)
 tenured generation   total 10283268K, used 10283251K [0x00007f4941b50000, 0x00007f4bb5591000, 0x00007f53ec600000)
   the space 10283268K,  99% used [0x00007f4941b50000, 0x00007f4bb558cd00, 0x00007f4bb558ce00, 0x00007f4bb5591000)
 Metaspace       used 30394K, capacity 30787K, committed 30976K, reserved 32768K
}
Event: 149.064 GC heap after
{Heap after GC invocations=30 (full 4):
 def new generation   total 7036224K, used 0K [0x00007f43ec600000, 0x00007f45c98c0000, 0x00007f4941b50000)
  eden space 6254464K,   0% used [0x00007f43ec600000, 0x00007f43ec600000, 0x00007f456a1e0000)
  from space 781760K,   0% used [0x00007f456a1e0000, 0x00007f456a1e0000, 0x00007f4599d50000)
  to   space 781760K,   0% used [0x00007f4599d50000, 0x00007f4599d50000, 0x00007f45c98c0000)
 tenured generation   total 15635924K, used 9381553K [0x00007f4941b50000, 0x00007f4cfc0c5000, 0x00007f53ec600000)
   the space 15635924K,  59% used [0x00007f4941b50000, 0x00007f4b7e4fc4e0, 0x00007f4b7e4fc600, 0x00007f4cfc0c5000)
 Metaspace       used 30394K, capacity 30787K, committed 30976K, reserved 32768K
}
Event: 150.796 GC heap before
{Heap before GC invocations=30 (full 4):
 def new generation   total 7036224K, used 6254464K [0x00007f43ec600000, 0x00007f45c98c0000, 0x00007f4941b50000)
  eden space 6254464K, 100% used [0x00007f43ec600000, 0x00007f456a1e0000, 0x00007f456a1e0000)
  from space 781760K,   0% used [0x00007f456a1e0000, 0x00007f456a1e0000, 0x00007f4599d50000)
  to   space 781760K,   0% used [0x00007f4599d50000, 0x00007f4599d50000, 0x00007f45c98c0000)
 tenured generation   total 15635924K, used 9381553K [0x00007f4941b50000, 0x00007f4cfc0c5000, 0x00007f53ec600000)
   the space 15635924K,  59% used [0x00007f4941b50000, 0x00007f4b7e4fc4e0, 0x00007f4b7e4fc600, 0x00007f4cfc0c5000)
 Metaspace       used 30394K, capacity 30787K, committed 30976K, reserved 32768K
}
Event: 152.682 GC heap after
{Heap after GC invocations=31 (full 4):
 def new generation   total 7036224K, used 781760K [0x00007f43ec600000, 0x00007f45c98c0000, 0x00007f4941b50000)
  eden space 6254464K,   0% used [0x00007f43ec600000, 0x00007f43ec600000, 0x00007f456a1e0000)
  from space 781760K, 100% used [0x00007f4599d50000, 0x00007f45c98c0000, 0x00007f45c98c0000)
  to   space 781760K,   0% used [0x00007f456a1e0000, 0x00007f456a1e0000, 0x00007f4599d50000)
 tenured generation   total 15635924K, used 9448455K [0x00007f4941b50000, 0x00007f4cfc0c5000, 0x00007f53ec600000)
   the space 15635924K,  60% used [0x00007f4941b50000, 0x00007f4b82651c70, 0x00007f4b82651e00, 0x00007f4cfc0c5000)
 Metaspace       used 30394K, capacity 30787K, committed 30976K, reserved 32768K
}
Event: 154.233 GC heap before
{Heap before GC invocations=31 (full 4):
 def new generation   total 7036224K, used 7036224K [0x00007f43ec600000, 0x00007f45c98c0000, 0x00007f4941b50000)
  eden space 6254464K, 100% used [0x00007f43ec600000, 0x00007f456a1e0000, 0x00007f456a1e0000)
  from space 781760K, 100% used [0x00007f4599d50000, 0x00007f45c98c0000, 0x00007f45c98c0000)
  to   space 781760K,   0% used [0x00007f456a1e0000, 0x00007f456a1e0000, 0x00007f4599d50000)
 tenured generation   total 15635924K, used 9448455K [0x00007f4941b50000, 0x00007f4cfc0c5000, 0x00007f53ec600000)
   the space 15635924K,  60% used [0x00007f4941b50000, 0x00007f4b82651c70, 0x00007f4b82651e00, 0x00007f4cfc0c5000)
 Metaspace       used 30394K, capacity 30787K, committed 30976K, reserved 32768K
}
Event: 156.370 GC heap after
{Heap after GC invocations=32 (full 4):
 def new generation   total 7036224K, used 781760K [0x00007f43ec600000, 0x00007f45c98c0000, 0x00007f4941b50000)
  eden space 6254464K,   0% used [0x00007f43ec600000, 0x00007f43ec600000, 0x00007f456a1e0000)
  from space 781760K, 100% used [0x00007f456a1e0000, 0x00007f4599d50000, 0x00007f4599d50000)
  to   space 781760K,   0% used [0x00007f4599d50000, 0x00007f4599d50000, 0x00007f45c98c0000)
 tenured generation   total 15635924K, used 10279177K [0x00007f4941b50000, 0x00007f4cfc0c5000, 0x00007f53ec600000)
   the space 15635924K,  65% used [0x00007f4941b50000, 0x00007f4bb5192728, 0x00007f4bb5192800, 0x00007f4cfc0c5000)
 Metaspace       used 30394K, capacity 30787K, committed 30976K, reserved 32768K
}
Event: 157.953 GC heap before
{Heap before GC invocations=32 (full 4):
 def new generation   total 7036224K, used 7036224K [0x00007f43ec600000, 0x00007f45c98c0000, 0x00007f4941b50000)
  eden space 6254464K, 100% used [0x00007f43ec600000, 0x00007f456a1e0000, 0x00007f456a1e0000)
  from space 781760K, 100% used [0x00007f456a1e0000, 0x00007f4599d50000, 0x00007f4599d50000)
  to   space 781760K,   0% used [0x00007f4599d50000, 0x00007f4599d50000, 0x00007f45c98c0000)
 tenured generation   total 15635924K, used 10279177K [0x00007f4941b50000, 0x00007f4cfc0c5000, 0x00007f53ec600000)
   the space 15635924K,  65% used [0x00007f4941b50000, 0x00007f4bb5192728, 0x00007f4bb5192800, 0x00007f4cfc0c5000)
 Metaspace       used 30394K, capacity 30787K, committed 30976K, reserved 32768K
}
Event: 160.137 GC heap after
{Heap after GC invocations=33 (full 4):
 def new generation   total 7036224K, used 781760K [0x00007f43ec600000, 0x00007f45c98c0000, 0x00007f4941b50000)
  eden space 6254464K,   0% used [0x00007f43ec600000, 0x00007f43ec600000, 0x00007f456a1e0000)
  from space 781760K, 100% used [0x00007f4599d50000, 0x00007f45c98c0000, 0x00007f45c98c0000)
  to   space 781760K,   0% used [0x00007f456a1e0000, 0x00007f456a1e0000, 0x00007f4599d50000)
 tenured generation   total 15635924K, used 11108529K [0x00007f4941b50000, 0x00007f4cfc0c5000, 0x00007f53ec600000)
   the space 15635924K,  71% used [0x00007f4941b50000, 0x00007f4be7b7c590, 0x00007f4be7b7c600, 0x00007f4cfc0c5000)
 Metaspace       used 30394K, capacity 30787K, committed 30976K, reserved 32768K
}
Event: 335.335 GC heap before
{Heap before GC invocations=33 (full 4):
 def new generation   total 7036224K, used 7036224K [0x00007f43ec600000, 0x00007f45c98c0000, 0x00007f4941b50000)
  eden space 6254464K, 100% used [0x00007f43ec600000, 0x00007f456a1e0000, 0x00007f456a1e0000)
  from space 781760K, 100% used [0x00007f4599d50000, 0x00007f45c98c0000, 0x00007f45c98c0000)
  to   space 781760K,   0% used [0x00007f456a1e0000, 0x00007f456a1e0000, 0x00007f4599d50000)
 tenured generation   total 15635924K, used 11108529K [0x00007f4941b50000, 0x00007f4cfc0c5000, 0x00007f53ec600000)
   the space 15635924K,  71% used [0x00007f4941b50000, 0x00007f4be7b7c590, 0x00007f4be7b7c600, 0x00007f4cfc0c5000)
 Metaspace       used 30394K, capacity 30787K, committed 30976K, reserved 32768K
}
Event: 341.663 GC heap after
{Heap after GC invocations=34 (full 4):
 def new generation   total 7036224K, used 781759K [0x00007f43ec600000, 0x00007f45c98c0000, 0x00007f4941b50000)
  eden space 6254464K,   0% used [0x00007f43ec600000, 0x00007f43ec600000, 0x00007f456a1e0000)
  from space 781760K,  99% used [0x00007f456a1e0000, 0x00007f4599d4fff0, 0x00007f4599d50000)
  to   space 781760K,   0% used [0x00007f4599d50000, 0x00007f4599d50000, 0x00007f45c98c0000)
 tenured generation   total 15635924K, used 13899398K [0x00007f4941b50000, 0x00007f4cfc0c5000, 0x00007f53ec600000)
   the space 15635924K,  88% used [0x00007f4941b50000, 0x00007f4c920f19b8, 0x00007f4c920f1a00, 0x00007f4cfc0c5000)
 Metaspace       used 30394K, capacity 30787K, committed 30976K, reserved 32768K
}
Event: 886.704 GC heap before
{Heap before GC invocations=34 (full 4):
 def new generation   total 7036224K, used 7036223K [0x00007f43ec600000, 0x00007f45c98c0000, 0x00007f4941b50000)
  eden space 6254464K, 100% used [0x00007f43ec600000, 0x00007f456a1e0000, 0x00007f456a1e0000)
  from space 781760K,  99% used [0x00007f456a1e0000, 0x00007f4599d4fff0, 0x00007f4599d50000)
  to   space 781760K,   0% used [0x00007f4599d50000, 0x00007f4599d50000, 0x00007f45c98c0000)
 tenured generation   total 15635924K, used 13899398K [0x00007f4941b50000, 0x00007f4cfc0c5000, 0x00007f53ec600000)
   the space 15635924K,  88% used [0x00007f4941b50000, 0x00007f4c920f19b8, 0x00007f4c920f1a00, 0x00007f4cfc0c5000)
 Metaspace       used 30394K, capacity 30787K, committed 30976K, reserved 32768K
}
Event: 891.120 GC heap after
{Heap after GC invocations=35 (full 4):
 def new generation   total 7036224K, used 781759K [0x00007f43ec600000, 0x00007f45c98c0000, 0x00007f4941b50000)
  eden space 6254464K,   0% used [0x00007f43ec600000, 0x00007f43ec600000, 0x00007f456a1e0000)
  from space 781760K,  99% used [0x00007f4599d50000, 0x00007f45c98bfff0, 0x00007f45c98c0000)
  to   space 781760K,   0% used [0x00007f456a1e0000, 0x00007f456a1e0000, 0x00007f4599d50000)
 tenured generation   total 15635924K, used 15216121K [0x00007f4941b50000, 0x00007f4cfc0c5000, 0x00007f53ec600000)
   the space 15635924K,  97% used [0x00007f4941b50000, 0x00007f4ce26ce6b8, 0x00007f4ce26ce800, 0x00007f4cfc0c5000)
 Metaspace       used 30394K, capacity 30787K, committed 30976K, reserved 32768K
}
Event: 1344.649 GC heap before
{Heap before GC invocations=35 (full 4):
 def new generation   total 7036224K, used 7036223K [0x00007f43ec600000, 0x00007f45c98c0000, 0x00007f4941b50000)
  eden space 6254464K, 100% used [0x00007f43ec600000, 0x00007f456a1e0000, 0x00007f456a1e0000)
  from space 781760K,  99% used [0x00007f4599d50000, 0x00007f45c98bfff0, 0x00007f45c98c0000)
  to   space 781760K,   0% used [0x00007f456a1e0000, 0x00007f456a1e0000, 0x00007f4599d50000)
 tenured generation   total 15635924K, used 15216121K [0x00007f4941b50000, 0x00007f4cfc0c5000, 0x00007f53ec600000)
   the space 15635924K,  97% used [0x00007f4941b50000, 0x00007f4ce26ce6b8, 0x00007f4ce26ce800, 0x00007f4cfc0c5000)
 Metaspace       used 30394K, capacity 30787K, committed 30976K, reserved 32768K
}
Event: 1347.764 GC heap after
{Heap after GC invocations=36 (full 4):
 def new generation   total 7036224K, used 781759K [0x00007f43ec600000, 0x00007f45c98c0000, 0x00007f4941b50000)
  eden space 6254464K,   0% used [0x00007f43ec600000, 0x00007f43ec600000, 0x00007f456a1e0000)
  from space 781760K,  99% used [0x00007f456a1e0000, 0x00007f4599d4fff0, 0x00007f4599d50000)
  to   space 781760K,   0% used [0x00007f4599d50000, 0x00007f4599d50000, 0x00007f45c98c0000)
 tenured generation   total 16532948K, used 16532844K [0x00007f4941b50000, 0x00007f4d32cc5000, 0x00007f53ec600000)
   the space 16532948K,  99% used [0x00007f4941b50000, 0x00007f4d32cab298, 0x00007f4d32cab400, 0x00007f4d32cc5000)
 Metaspace       used 30394K, capacity 30787K, committed 30976K, reserved 32768K
}
Event: 1347.764 GC heap before
{Heap before GC invocations=36 (full 4):
 def new generation   total 7036224K, used 781759K [0x00007f43ec600000, 0x00007f45c98c0000, 0x00007f4941b50000)
  eden space 6254464K,   0% used [0x00007f43ec600000, 0x00007f43ec600000, 0x00007f456a1e0000)
  from space 781760K,  99% used [0x00007f456a1e0000, 0x00007f4599d4fff0, 0x00007f4599d50000)
  to   space 781760K,   0% used [0x00007f4599d50000, 0x00007f4599d50000, 0x00007f45c98c0000)
 tenured generation   total 16532948K, used 16532844K [0x00007f4941b50000, 0x00007f4d32cc5000, 0x00007f53ec600000)
   the space 16532948K,  99% used [0x00007f4941b50000, 0x00007f4d32cab298, 0x00007f4d32cab400, 0x00007f4d32cc5000)
 Metaspace       used 30394K, capacity 30787K, committed 30976K, reserved 32768K
}

