# JRE version: OpenJDK Runtime Environment (13.0.7+5) (build 13.0.7+5-Ubuntu-0ubuntu120.04)
# Java VM: OpenJDK 64-Bit Server VM (13.0.7+5-Ubuntu-0ubuntu120.04, mixed mode, tiered, serial gc, linux-amd64)
Heap:
 def new generation   total 2886336K, used 3899K [0x00007fe244600000, 0x00007fe3081e0000, 0x00007fe799b50000)
  eden space 2565632K,   0% used [0x00007fe244600000, 0x00007fe2449cefb8, 0x00007fe2e0f80000)
  from space 320704K,   0% used [0x00007fe2e0f80000, 0x00007fe2e0f80000, 0x00007fe2f48b0000)
  to   space 320704K,   0% used [0x00007fe2f48b0000, 0x00007fe2f48b0000, 0x00007fe3081e0000)
 tenured generation   total 6414004K, used 6414001K [0x00007fe799b50000, 0x00007fe9212fd000, 0x00007ff244600000)
   the space 6414004K,  99% used [0x00007fe799b50000, 0x00007fe9212fc788, 0x00007fe9212fc800, 0x00007fe9212fd000)
 Metaspace       used 24391K, capacity 24754K, committed 24832K, reserved 26624K
GC Heap History (20 events):
Event: 65494.865 GC heap after
{Heap after GC invocations=86858 (full 4):
 def new generation   total 2886336K, used 3105K [0x00007fe244600000, 0x00007fe3081e0000, 0x00007fe799b50000)
  eden space 2565632K,   0% used [0x00007fe244600000, 0x00007fe244600000, 0x00007fe2e0f80000)
  from space 320704K,   0% used [0x00007fe2f48b0000, 0x00007fe2f4bb8498, 0x00007fe3081e0000)
  to   space 320704K,   0% used [0x00007fe2e0f80000, 0x00007fe2e0f80000, 0x00007fe2f48b0000)
 tenured generation   total 6414004K, used 6412329K [0x00007fe799b50000, 0x00007fe9212fd000, 0x00007ff244600000)
   the space 6414004K,  99% used [0x00007fe799b50000, 0x00007fe92115a4c8, 0x00007fe92115a600, 0x00007fe9212fd000)
 Metaspace       used 24391K, capacity 24754K, committed 24832K, reserved 26624K
}
Event: 65496.209 GC heap before
{Heap before GC invocations=86858 (full 4):
 def new generation   total 2886336K, used 2568737K [0x00007fe244600000, 0x00007fe3081e0000, 0x00007fe799b50000)
  eden space 2565632K, 100% used [0x00007fe244600000, 0x00007fe2e0f80000, 0x00007fe2e0f80000)
  from space 320704K,   0% used [0x00007fe2f48b0000, 0x00007fe2f4bb8498, 0x00007fe3081e0000)
  to   space 320704K,   0% used [0x00007fe2e0f80000, 0x00007fe2e0f80000, 0x00007fe2f48b0000)
 tenured generation   total 6414004K, used 6412329K [0x00007fe799b50000, 0x00007fe9212fd000, 0x00007ff244600000)
   the space 6414004K,  99% used [0x00007fe799b50000, 0x00007fe92115a4c8, 0x00007fe92115a600, 0x00007fe9212fd000)
 Metaspace       used 24391K, capacity 24754K, committed 24832K, reserved 26624K
}
Event: 65496.215 GC heap after
{Heap after GC invocations=86859 (full 4):
 def new generation   total 2886336K, used 3195K [0x00007fe244600000, 0x00007fe3081e0000, 0x00007fe799b50000)
  eden space 2565632K,   0% used [0x00007fe244600000, 0x00007fe244600000, 0x00007fe2e0f80000)
  from space 320704K,   0% used [0x00007fe2e0f80000, 0x00007fe2e129ec38, 0x00007fe2f48b0000)
  to   space 320704K,   0% used [0x00007fe2f48b0000, 0x00007fe2f48b0000, 0x00007fe3081e0000)
 tenured generation   total 6414004K, used 6412512K [0x00007fe799b50000, 0x00007fe9212fd000, 0x00007ff244600000)
   the space 6414004K,  99% used [0x00007fe799b50000, 0x00007fe921188188, 0x00007fe921188200, 0x00007fe9212fd000)
 Metaspace       used 24391K, capacity 24754K, committed 24832K, reserved 26624K
}
Event: 65497.595 GC heap before
{Heap before GC invocations=86859 (full 4):
 def new generation   total 2886336K, used 2568827K [0x00007fe244600000, 0x00007fe3081e0000, 0x00007fe799b50000)
  eden space 2565632K, 100% used [0x00007fe244600000, 0x00007fe2e0f80000, 0x00007fe2e0f80000)
  from space 320704K,   0% used [0x00007fe2e0f80000, 0x00007fe2e129ec38, 0x00007fe2f48b0000)
  to   space 320704K,   0% used [0x00007fe2f48b0000, 0x00007fe2f48b0000, 0x00007fe3081e0000)
 tenured generation   total 6414004K, used 6412512K [0x00007fe799b50000, 0x00007fe9212fd000, 0x00007ff244600000)
   the space 6414004K,  99% used [0x00007fe799b50000, 0x00007fe921188188, 0x00007fe921188200, 0x00007fe9212fd000)
 Metaspace       used 24391K, capacity 24754K, committed 24832K, reserved 26624K
}
Event: 65497.603 GC heap after
{Heap after GC invocations=86860 (full 4):
 def new generation   total 2886336K, used 3284K [0x00007fe244600000, 0x00007fe3081e0000, 0x00007fe799b50000)
  eden space 2565632K,   0% used [0x00007fe244600000, 0x00007fe244600000, 0x00007fe2e0f80000)
  from space 320704K,   1% used [0x00007fe2f48b0000, 0x00007fe2f4be51b8, 0x00007fe3081e0000)
  to   space 320704K,   0% used [0x00007fe2e0f80000, 0x00007fe2e0f80000, 0x00007fe2f48b0000)
 tenured generation   total 6414004K, used 6412695K [0x00007fe799b50000, 0x00007fe9212fd000, 0x00007ff244600000)
   the space 6414004K,  99% used [0x00007fe799b50000, 0x00007fe9211b5ff8, 0x00007fe9211b6000, 0x00007fe9212fd000)
 Metaspace       used 24391K, capacity 24754K, committed 24832K, reserved 26624K
}
Event: 65498.943 GC heap before
{Heap before GC invocations=86860 (full 4):
 def new generation   total 2886336K, used 2568916K [0x00007fe244600000, 0x00007fe3081e0000, 0x00007fe799b50000)
  eden space 2565632K, 100% used [0x00007fe244600000, 0x00007fe2e0f80000, 0x00007fe2e0f80000)
  from space 320704K,   1% used [0x00007fe2f48b0000, 0x00007fe2f4be51b8, 0x00007fe3081e0000)
  to   space 320704K,   0% used [0x00007fe2e0f80000, 0x00007fe2e0f80000, 0x00007fe2f48b0000)
 tenured generation   total 6414004K, used 6412695K [0x00007fe799b50000, 0x00007fe9212fd000, 0x00007ff244600000)
   the space 6414004K,  99% used [0x00007fe799b50000, 0x00007fe9211b5ff8, 0x00007fe9211b6000, 0x00007fe9212fd000)
 Metaspace       used 24391K, capacity 24754K, committed 24832K, reserved 26624K
}
Event: 65498.949 GC heap after
{Heap after GC invocations=86861 (full 4):
 def new generation   total 2886336K, used 3351K [0x00007fe244600000, 0x00007fe3081e0000, 0x00007fe799b50000)
  eden space 2565632K,   0% used [0x00007fe244600000, 0x00007fe244600000, 0x00007fe2e0f80000)
  from space 320704K,   1% used [0x00007fe2e0f80000, 0x00007fe2e12c5ed0, 0x00007fe2f48b0000)
  to   space 320704K,   0% used [0x00007fe2f48b0000, 0x00007fe2f48b0000, 0x00007fe3081e0000)
 tenured generation   total 6414004K, used 6412901K [0x00007fe799b50000, 0x00007fe9212fd000, 0x00007ff244600000)
   the space 6414004K,  99% used [0x00007fe799b50000, 0x00007fe9211e96a0, 0x00007fe9211e9800, 0x00007fe9212fd000)
 Metaspace       used 24391K, capacity 24754K, committed 24832K, reserved 26624K
}
Event: 65500.310 GC heap before
{Heap before GC invocations=86861 (full 4):
 def new generation   total 2886336K, used 2568983K [0x00007fe244600000, 0x00007fe3081e0000, 0x00007fe799b50000)
  eden space 2565632K, 100% used [0x00007fe244600000, 0x00007fe2e0f80000, 0x00007fe2e0f80000)
  from space 320704K,   1% used [0x00007fe2e0f80000, 0x00007fe2e12c5ed0, 0x00007fe2f48b0000)
  to   space 320704K,   0% used [0x00007fe2f48b0000, 0x00007fe2f48b0000, 0x00007fe3081e0000)
 tenured generation   total 6414004K, used 6412901K [0x00007fe799b50000, 0x00007fe9212fd000, 0x00007ff244600000)
   the space 6414004K,  99% used [0x00007fe799b50000, 0x00007fe9211e96a0, 0x00007fe9211e9800, 0x00007fe9212fd000)
 Metaspace       used 24391K, capacity 24754K, committed 24832K, reserved 26624K
}
Event: 65500.316 GC heap after
{Heap after GC invocations=86862 (full 4):
 def new generation   total 2886336K, used 3441K [0x00007fe244600000, 0x00007fe3081e0000, 0x00007fe799b50000)
  eden space 2565632K,   0% used [0x00007fe244600000, 0x00007fe244600000, 0x00007fe2e0f80000)
  from space 320704K,   1% used [0x00007fe2f48b0000, 0x00007fe2f4c0c628, 0x00007fe3081e0000)
  to   space 320704K,   0% used [0x00007fe2e0f80000, 0x00007fe2e0f80000, 0x00007fe2f48b0000)
 tenured generation   total 6414004K, used 6413084K [0x00007fe799b50000, 0x00007fe9212fd000, 0x00007ff244600000)
   the space 6414004K,  99% used [0x00007fe799b50000, 0x00007fe921217360, 0x00007fe921217400, 0x00007fe9212fd000)
 Metaspace       used 24391K, capacity 24754K, committed 24832K, reserved 26624K
}
Event: 65501.635 GC heap before
{Heap before GC invocations=86862 (full 4):
 def new generation   total 2886336K, used 2569073K [0x00007fe244600000, 0x00007fe3081e0000, 0x00007fe799b50000)
  eden space 2565632K, 100% used [0x00007fe244600000, 0x00007fe2e0f80000, 0x00007fe2e0f80000)
  from space 320704K,   1% used [0x00007fe2f48b0000, 0x00007fe2f4c0c628, 0x00007fe3081e0000)
  to   space 320704K,   0% used [0x00007fe2e0f80000, 0x00007fe2e0f80000, 0x00007fe2f48b0000)
 tenured generation   total 6414004K, used 6413084K [0x00007fe799b50000, 0x00007fe9212fd000, 0x00007ff244600000)
   the space 6414004K,  99% used [0x00007fe799b50000, 0x00007fe921217360, 0x00007fe921217400, 0x00007fe9212fd000)
 Metaspace       used 24391K, capacity 24754K, committed 24832K, reserved 26624K
}
Event: 65501.643 GC heap after
{Heap after GC invocations=86863 (full 4):
 def new generation   total 2886336K, used 3532K [0x00007fe244600000, 0x00007fe3081e0000, 0x00007fe799b50000)
  eden space 2565632K,   0% used [0x00007fe244600000, 0x00007fe244600000, 0x00007fe2e0f80000)
  from space 320704K,   1% used [0x00007fe2e0f80000, 0x00007fe2e12f3080, 0x00007fe2f48b0000)
  to   space 320704K,   0% used [0x00007fe2f48b0000, 0x00007fe2f48b0000, 0x00007fe3081e0000)
 tenured generation   total 6414004K, used 6413268K [0x00007fe799b50000, 0x00007fe9212fd000, 0x00007ff244600000)
   the space 6414004K,  99% used [0x00007fe799b50000, 0x00007fe921245020, 0x00007fe921245200, 0x00007fe9212fd000)
 Metaspace       used 24391K, capacity 24754K, committed 24832K, reserved 26624K
}
Event: 65502.991 GC heap before
{Heap before GC invocations=86863 (full 4):
 def new generation   total 2886336K, used 2569164K [0x00007fe244600000, 0x00007fe3081e0000, 0x00007fe799b50000)
  eden space 2565632K, 100% used [0x00007fe244600000, 0x00007fe2e0f80000, 0x00007fe2e0f80000)
  from space 320704K,   1% used [0x00007fe2e0f80000, 0x00007fe2e12f3080, 0x00007fe2f48b0000)
  to   space 320704K,   0% used [0x00007fe2f48b0000, 0x00007fe2f48b0000, 0x00007fe3081e0000)
 tenured generation   total 6414004K, used 6413268K [0x00007fe799b50000, 0x00007fe9212fd000, 0x00007ff244600000)
   the space 6414004K,  99% used [0x00007fe799b50000, 0x00007fe921245020, 0x00007fe921245200, 0x00007fe9212fd000)
 Metaspace       used 24391K, capacity 24754K, committed 24832K, reserved 26624K
}
Event: 65502.999 GC heap after
{Heap after GC invocations=86864 (full 4):
 def new generation   total 2886336K, used 3622K [0x00007fe244600000, 0x00007fe3081e0000, 0x00007fe799b50000)
  eden space 2565632K,   0% used [0x00007fe244600000, 0x00007fe244600000, 0x00007fe2e0f80000)
  from space 320704K,   1% used [0x00007fe2f48b0000, 0x00007fe2f4c39820, 0x00007fe3081e0000)
  to   space 320704K,   0% used [0x00007fe2e0f80000, 0x00007fe2e0f80000, 0x00007fe2f48b0000)
 tenured generation   total 6414004K, used 6413451K [0x00007fe799b50000, 0x00007fe9212fd000, 0x00007ff244600000)
   the space 6414004K,  99% used [0x00007fe799b50000, 0x00007fe921272ce0, 0x00007fe921272e00, 0x00007fe9212fd000)
 Metaspace       used 24391K, capacity 24754K, committed 24832K, reserved 26624K
}
Event: 65504.336 GC heap before
{Heap before GC invocations=86864 (full 4):
 def new generation   total 2886336K, used 2569254K [0x00007fe244600000, 0x00007fe3081e0000, 0x00007fe799b50000)
  eden space 2565632K, 100% used [0x00007fe244600000, 0x00007fe2e0f80000, 0x00007fe2e0f80000)
  from space 320704K,   1% used [0x00007fe2f48b0000, 0x00007fe2f4c39820, 0x00007fe3081e0000)
  to   space 320704K,   0% used [0x00007fe2e0f80000, 0x00007fe2e0f80000, 0x00007fe2f48b0000)
 tenured generation   total 6414004K, used 6413451K [0x00007fe799b50000, 0x00007fe9212fd000, 0x00007ff244600000)
   the space 6414004K,  99% used [0x00007fe799b50000, 0x00007fe921272ce0, 0x00007fe921272e00, 0x00007fe9212fd000)
 Metaspace       used 24391K, capacity 24754K, committed 24832K, reserved 26624K
}
Event: 65504.345 GC heap after
{Heap after GC invocations=86865 (full 4):
 def new generation   total 2886336K, used 3726K [0x00007fe244600000, 0x00007fe3081e0000, 0x00007fe799b50000)
  eden space 2565632K,   0% used [0x00007fe244600000, 0x00007fe244600000, 0x00007fe2e0f80000)
  from space 320704K,   1% used [0x00007fe2e0f80000, 0x00007fe2e13239c8, 0x00007fe2f48b0000)
  to   space 320704K,   0% used [0x00007fe2f48b0000, 0x00007fe2f48b0000, 0x00007fe3081e0000)
 tenured generation   total 6414004K, used 6413634K [0x00007fe799b50000, 0x00007fe9212fd000, 0x00007ff244600000)
   the space 6414004K,  99% used [0x00007fe799b50000, 0x00007fe9212a09a0, 0x00007fe9212a0a00, 0x00007fe9212fd000)
 Metaspace       used 24391K, capacity 24754K, committed 24832K, reserved 26624K
}
Event: 65505.721 GC heap before
{Heap before GC invocations=86865 (full 4):
 def new generation   total 2886336K, used 2569358K [0x00007fe244600000, 0x00007fe3081e0000, 0x00007fe799b50000)
  eden space 2565632K, 100% used [0x00007fe244600000, 0x00007fe2e0f80000, 0x00007fe2e0f80000)
  from space 320704K,   1% used [0x00007fe2e0f80000, 0x00007fe2e13239c8, 0x00007fe2f48b0000)
  to   space 320704K,   0% used [0x00007fe2f48b0000, 0x00007fe2f48b0000, 0x00007fe3081e0000)
 tenured generation   total 6414004K, used 6413634K [0x00007fe799b50000, 0x00007fe9212fd000, 0x00007ff244600000)
   the space 6414004K,  99% used [0x00007fe799b50000, 0x00007fe9212a09a0, 0x00007fe9212a0a00, 0x00007fe9212fd000)
 Metaspace       used 24391K, capacity 24754K, committed 24832K, reserved 26624K
}
Event: 65505.728 GC heap after
{Heap after GC invocations=86866 (full 4):
 def new generation   total 2886336K, used 3819K [0x00007fe244600000, 0x00007fe3081e0000, 0x00007fe799b50000)
  eden space 2565632K,   0% used [0x00007fe244600000, 0x00007fe244600000, 0x00007fe2e0f80000)
  from space 320704K,   1% used [0x00007fe2f48b0000, 0x00007fe2f4c6afb0, 0x00007fe3081e0000)
  to   space 320704K,   0% used [0x00007fe2e0f80000, 0x00007fe2e0f80000, 0x00007fe2f48b0000)
 tenured generation   total 6414004K, used 6413818K [0x00007fe799b50000, 0x00007fe9212fd000, 0x00007ff244600000)
   the space 6414004K,  99% used [0x00007fe799b50000, 0x00007fe9212ce810, 0x00007fe9212cea00, 0x00007fe9212fd000)
 Metaspace       used 24391K, capacity 24754K, committed 24832K, reserved 26624K
}
Event: 65507.067 GC heap before
{Heap before GC invocations=86866 (full 4):
 def new generation   total 2886336K, used 2569451K [0x00007fe244600000, 0x00007fe3081e0000, 0x00007fe799b50000)
  eden space 2565632K, 100% used [0x00007fe244600000, 0x00007fe2e0f80000, 0x00007fe2e0f80000)
  from space 320704K,   1% used [0x00007fe2f48b0000, 0x00007fe2f4c6afb0, 0x00007fe3081e0000)
  to   space 320704K,   0% used [0x00007fe2e0f80000, 0x00007fe2e0f80000, 0x00007fe2f48b0000)
 tenured generation   total 6414004K, used 6413818K [0x00007fe799b50000, 0x00007fe9212fd000, 0x00007ff244600000)
   the space 6414004K,  99% used [0x00007fe799b50000, 0x00007fe9212ce810, 0x00007fe9212cea00, 0x00007fe9212fd000)
 Metaspace       used 24391K, capacity 24754K, committed 24832K, reserved 26624K
}
Event: 65507.076 GC heap after
{Heap after GC invocations=86867 (full 4):
 def new generation   total 2886336K, used 3900K [0x00007fe244600000, 0x00007fe3081e0000, 0x00007fe799b50000)
  eden space 2565632K,   0% used [0x00007fe244600000, 0x00007fe244600000, 0x00007fe2e0f80000)
  from space 320704K,   1% used [0x00007fe2e0f80000, 0x00007fe2e134f270, 0x00007fe2f48b0000)
  to   space 320704K,   0% used [0x00007fe2f48b0000, 0x00007fe2f48b0000, 0x00007fe3081e0000)
 tenured generation   total 6414004K, used 6414001K [0x00007fe799b50000, 0x00007fe9212fd000, 0x00007ff244600000)
   the space 6414004K,  99% used [0x00007fe799b50000, 0x00007fe9212fc4d0, 0x00007fe9212fc600, 0x00007fe9212fd000)
 Metaspace       used 24391K, capacity 24754K, committed 24832K, reserved 26624K
}
Event: 65507.076 GC heap before
{Heap before GC invocations=86867 (full 4):
 def new generation   total 2886336K, used 3900K [0x00007fe244600000, 0x00007fe3081e0000, 0x00007fe799b50000)
  eden space 2565632K,   0% used [0x00007fe244600000, 0x00007fe244600000, 0x00007fe2e0f80000)
  from space 320704K,   1% used [0x00007fe2e0f80000, 0x00007fe2e134f270, 0x00007fe2f48b0000)
  to   space 320704K,   0% used [0x00007fe2f48b0000, 0x00007fe2f48b0000, 0x00007fe3081e0000)
 tenured generation   total 6414004K, used 6414001K [0x00007fe799b50000, 0x00007fe9212fd000, 0x00007ff244600000)
   the space 6414004K,  99% used [0x00007fe799b50000, 0x00007fe9212fc4d0, 0x00007fe9212fc600, 0x00007fe9212fd000)
 Metaspace       used 24391K, capacity 24754K, committed 24832K, reserved 26624K
}

