# JRE version: OpenJDK Runtime Environment (13.0.7+5) (build 13.0.7+5-Ubuntu-0ubuntu120.04)
# Java VM: OpenJDK 64-Bit Server VM (13.0.7+5-Ubuntu-0ubuntu120.04, mixed mode, tiered, serial gc, linux-amd64)
Heap:
 def new generation   total 13051072K, used 48884K [0x00007fcdb0600000, 0x00007fd125750000, 0x00007fd305b50000)
  eden space 11600960K,   0% used [0x00007fcdb0600000, 0x00007fcdb35bd0a0, 0x00007fd074710000)
  from space 1450112K,   0% used [0x00007fd074710000, 0x00007fd074710000, 0x00007fd0ccf30000)
  to   space 1450112K,   0% used [0x00007fd0ccf30000, 0x00007fd0ccf30000, 0x00007fd125750000)
 tenured generation   total 29450192K, used 29450191K [0x00007fd305b50000, 0x00007fda0b344000, 0x00007fddb0600000)
   the space 29450192K,  99% used [0x00007fd305b50000, 0x00007fda0b343ff8, 0x00007fda0b344000, 0x00007fda0b344000)
 Metaspace       used 30536K, capacity 30978K, committed 31232K, reserved 32768K
GC Heap History (20 events):
Event: 1950.727 GC heap after
{Heap after GC invocations=80 (full 9):
 def new generation   total 13051072K, used 864861K [0x00007fcdb0600000, 0x00007fd125750000, 0x00007fd305b50000)
  eden space 11600960K,   0% used [0x00007fcdb0600000, 0x00007fcdb0600000, 0x00007fd074710000)
  from space 1450112K,  59% used [0x00007fd0ccf30000, 0x00007fd101bc7658, 0x00007fd125750000)
  to   space 1450112K,   0% used [0x00007fd074710000, 0x00007fd074710000, 0x00007fd0ccf30000)
 tenured generation   total 29002256K, used 20816387K [0x00007fd305b50000, 0x00007fd9efdd4000, 0x00007fddb0600000)
   the space 29002256K,  71% used [0x00007fd305b50000, 0x00007fd7fc3d0ca8, 0x00007fd7fc3d0e00, 0x00007fd9efdd4000)
 Metaspace       used 30536K, capacity 30978K, committed 31232K, reserved 32768K
}
Event: 1953.745 GC heap before
{Heap before GC invocations=80 (full 9):
 def new generation   total 13051072K, used 12465821K [0x00007fcdb0600000, 0x00007fd125750000, 0x00007fd305b50000)
  eden space 11600960K, 100% used [0x00007fcdb0600000, 0x00007fd074710000, 0x00007fd074710000)
  from space 1450112K,  59% used [0x00007fd0ccf30000, 0x00007fd101bc7658, 0x00007fd125750000)
  to   space 1450112K,   0% used [0x00007fd074710000, 0x00007fd074710000, 0x00007fd0ccf30000)
 tenured generation   total 29002256K, used 20816387K [0x00007fd305b50000, 0x00007fd9efdd4000, 0x00007fddb0600000)
   the space 29002256K,  71% used [0x00007fd305b50000, 0x00007fd7fc3d0ca8, 0x00007fd7fc3d0e00, 0x00007fd9efdd4000)
 Metaspace       used 30536K, capacity 30978K, committed 31232K, reserved 32768K
}
Event: 1956.060 GC heap after
{Heap after GC invocations=81 (full 9):
 def new generation   total 13051072K, used 849214K [0x00007fcdb0600000, 0x00007fd125750000, 0x00007fd305b50000)
  eden space 11600960K,   0% used [0x00007fcdb0600000, 0x00007fcdb0600000, 0x00007fd074710000)
  from space 1450112K,  58% used [0x00007fd074710000, 0x00007fd0a845fb30, 0x00007fd0ccf30000)
  to   space 1450112K,   0% used [0x00007fd0ccf30000, 0x00007fd0ccf30000, 0x00007fd125750000)
 tenured generation   total 29002256K, used 21681248K [0x00007fd305b50000, 0x00007fd9efdd4000, 0x00007fddb0600000)
   the space 29002256K,  74% used [0x00007fd305b50000, 0x00007fd831068080, 0x00007fd831068200, 0x00007fd9efdd4000)
 Metaspace       used 30536K, capacity 30978K, committed 31232K, reserved 32768K
}
Event: 1959.405 GC heap before
{Heap before GC invocations=81 (full 9):
 def new generation   total 13051072K, used 12450174K [0x00007fcdb0600000, 0x00007fd125750000, 0x00007fd305b50000)
  eden space 11600960K, 100% used [0x00007fcdb0600000, 0x00007fd074710000, 0x00007fd074710000)
  from space 1450112K,  58% used [0x00007fd074710000, 0x00007fd0a845fb30, 0x00007fd0ccf30000)
  to   space 1450112K,   0% used [0x00007fd0ccf30000, 0x00007fd0ccf30000, 0x00007fd125750000)
 tenured generation   total 29002256K, used 21681248K [0x00007fd305b50000, 0x00007fd9efdd4000, 0x00007fddb0600000)
   the space 29002256K,  74% used [0x00007fd305b50000, 0x00007fd831068080, 0x00007fd831068200, 0x00007fd9efdd4000)
 Metaspace       used 30536K, capacity 30978K, committed 31232K, reserved 32768K
}
Event: 1961.954 GC heap after
{Heap after GC invocations=82 (full 9):
 def new generation   total 13051072K, used 861061K [0x00007fcdb0600000, 0x00007fd125750000, 0x00007fd305b50000)
  eden space 11600960K,   0% used [0x00007fcdb0600000, 0x00007fcdb0600000, 0x00007fd074710000)
  from space 1450112K,  59% used [0x00007fd0ccf30000, 0x00007fd101811710, 0x00007fd125750000)
  to   space 1450112K,   0% used [0x00007fd074710000, 0x00007fd074710000, 0x00007fd0ccf30000)
 tenured generation   total 29002256K, used 22530462K [0x00007fd305b50000, 0x00007fd9efdd4000, 0x00007fddb0600000)
   the space 29002256K,  77% used [0x00007fd305b50000, 0x00007fd864db7980, 0x00007fd864db7a00, 0x00007fd9efdd4000)
 Metaspace       used 30536K, capacity 30978K, committed 31232K, reserved 32768K
}
Event: 1965.848 GC heap before
{Heap before GC invocations=82 (full 9):
 def new generation   total 13051072K, used 12462021K [0x00007fcdb0600000, 0x00007fd125750000, 0x00007fd305b50000)
  eden space 11600960K, 100% used [0x00007fcdb0600000, 0x00007fd074710000, 0x00007fd074710000)
  from space 1450112K,  59% used [0x00007fd0ccf30000, 0x00007fd101811710, 0x00007fd125750000)
  to   space 1450112K,   0% used [0x00007fd074710000, 0x00007fd074710000, 0x00007fd0ccf30000)
 tenured generation   total 29002256K, used 22530462K [0x00007fd305b50000, 0x00007fd9efdd4000, 0x00007fddb0600000)
   the space 29002256K,  77% used [0x00007fd305b50000, 0x00007fd864db7980, 0x00007fd864db7a00, 0x00007fd9efdd4000)
 Metaspace       used 30536K, capacity 30978K, committed 31232K, reserved 32768K
}
Event: 1967.935 GC heap after
{Heap after GC invocations=83 (full 9):
 def new generation   total 13051072K, used 860599K [0x00007fcdb0600000, 0x00007fd125750000, 0x00007fd305b50000)
  eden space 11600960K,   0% used [0x00007fcdb0600000, 0x00007fcdb0600000, 0x00007fd074710000)
  from space 1450112K,  59% used [0x00007fd074710000, 0x00007fd0a8f7dc00, 0x00007fd0ccf30000)
  to   space 1450112K,   0% used [0x00007fd0ccf30000, 0x00007fd0ccf30000, 0x00007fd125750000)
 tenured generation   total 29002256K, used 23391523K [0x00007fd305b50000, 0x00007fd9efdd4000, 0x00007fddb0600000)
   the space 29002256K,  80% used [0x00007fd305b50000, 0x00007fd899698ef0, 0x00007fd899699000, 0x00007fd9efdd4000)
 Metaspace       used 30536K, capacity 30978K, committed 31232K, reserved 32768K
}
Event: 1970.922 GC heap before
{Heap before GC invocations=83 (full 9):
 def new generation   total 13051072K, used 12461559K [0x00007fcdb0600000, 0x00007fd125750000, 0x00007fd305b50000)
  eden space 11600960K, 100% used [0x00007fcdb0600000, 0x00007fd074710000, 0x00007fd074710000)
  from space 1450112K,  59% used [0x00007fd074710000, 0x00007fd0a8f7dc00, 0x00007fd0ccf30000)
  to   space 1450112K,   0% used [0x00007fd0ccf30000, 0x00007fd0ccf30000, 0x00007fd125750000)
 tenured generation   total 29002256K, used 23391523K [0x00007fd305b50000, 0x00007fd9efdd4000, 0x00007fddb0600000)
   the space 29002256K,  80% used [0x00007fd305b50000, 0x00007fd899698ef0, 0x00007fd899699000, 0x00007fd9efdd4000)
 Metaspace       used 30536K, capacity 30978K, committed 31232K, reserved 32768K
}
Event: 1973.662 GC heap after
{Heap after GC invocations=84 (full 9):
 def new generation   total 13051072K, used 1188301K [0x00007fcdb0600000, 0x00007fd125750000, 0x00007fd305b50000)
  eden space 11600960K,   0% used [0x00007fcdb0600000, 0x00007fcdb0600000, 0x00007fd074710000)
  from space 1450112K,  81% used [0x00007fd0ccf30000, 0x00007fd1157a35c0, 0x00007fd125750000)
  to   space 1450112K,   0% used [0x00007fd074710000, 0x00007fd074710000, 0x00007fd0ccf30000)
 tenured generation   total 29002256K, used 24252121K [0x00007fd305b50000, 0x00007fd9efdd4000, 0x00007fddb0600000)
   the space 29002256K,  83% used [0x00007fd305b50000, 0x00007fd8cdf06670, 0x00007fd8cdf06800, 0x00007fd9efdd4000)
 Metaspace       used 30536K, capacity 30978K, committed 31232K, reserved 32768K
}
Event: 1976.912 GC heap before
{Heap before GC invocations=84 (full 9):
 def new generation   total 13051072K, used 12789261K [0x00007fcdb0600000, 0x00007fd125750000, 0x00007fd305b50000)
  eden space 11600960K, 100% used [0x00007fcdb0600000, 0x00007fd074710000, 0x00007fd074710000)
  from space 1450112K,  81% used [0x00007fd0ccf30000, 0x00007fd1157a35c0, 0x00007fd125750000)
  to   space 1450112K,   0% used [0x00007fd074710000, 0x00007fd074710000, 0x00007fd0ccf30000)
 tenured generation   total 29002256K, used 24252121K [0x00007fd305b50000, 0x00007fd9efdd4000, 0x00007fddb0600000)
   the space 29002256K,  83% used [0x00007fd305b50000, 0x00007fd8cdf06670, 0x00007fd8cdf06800, 0x00007fd9efdd4000)
 Metaspace       used 30536K, capacity 30978K, committed 31232K, reserved 32768K
}
Event: 1980.123 GC heap after
{Heap after GC invocations=85 (full 9):
 def new generation   total 13051072K, used 1425198K [0x00007fcdb0600000, 0x00007fd125750000, 0x00007fd305b50000)
  eden space 11600960K,   0% used [0x00007fcdb0600000, 0x00007fcdb0600000, 0x00007fd074710000)
  from space 1450112K,  98% used [0x00007fd074710000, 0x00007fd0cb6dba00, 0x00007fd0ccf30000)
  to   space 1450112K,   0% used [0x00007fd0ccf30000, 0x00007fd0ccf30000, 0x00007fd125750000)
 tenured generation   total 29002256K, used 25440422K [0x00007fd305b50000, 0x00007fd9efdd4000, 0x00007fddb0600000)
   the space 29002256K,  87% used [0x00007fd305b50000, 0x00007fd916779ab0, 0x00007fd916779c00, 0x00007fd9efdd4000)
 Metaspace       used 30536K, capacity 30978K, committed 31232K, reserved 32768K
}
Event: 1983.163 GC heap before
{Heap before GC invocations=85 (full 9):
 def new generation   total 13051072K, used 13026158K [0x00007fcdb0600000, 0x00007fd125750000, 0x00007fd305b50000)
  eden space 11600960K, 100% used [0x00007fcdb0600000, 0x00007fd074710000, 0x00007fd074710000)
  from space 1450112K,  98% used [0x00007fd074710000, 0x00007fd0cb6dba00, 0x00007fd0ccf30000)
  to   space 1450112K,   0% used [0x00007fd0ccf30000, 0x00007fd0ccf30000, 0x00007fd125750000)
 tenured generation   total 29002256K, used 25440422K [0x00007fd305b50000, 0x00007fd9efdd4000, 0x00007fddb0600000)
   the space 29002256K,  87% used [0x00007fd305b50000, 0x00007fd916779ab0, 0x00007fd916779c00, 0x00007fd9efdd4000)
 Metaspace       used 30536K, capacity 30978K, committed 31232K, reserved 32768K
}
Event: 1985.647 GC heap after
{Heap after GC invocations=86 (full 9):
 def new generation   total 13051072K, used 861855K [0x00007fcdb0600000, 0x00007fd125750000, 0x00007fd305b50000)
  eden space 11600960K,   0% used [0x00007fcdb0600000, 0x00007fcdb0600000, 0x00007fd074710000)
  from space 1450112K,  59% used [0x00007fd0ccf30000, 0x00007fd1018d7d20, 0x00007fd125750000)
  to   space 1450112K,   0% used [0x00007fd074710000, 0x00007fd074710000, 0x00007fd0ccf30000)
 tenured generation   total 29002256K, used 26865620K [0x00007fd305b50000, 0x00007fd9efdd4000, 0x00007fddb0600000)
   the space 29002256K,  92% used [0x00007fd305b50000, 0x00007fd96d7452e0, 0x00007fd96d745400, 0x00007fd9efdd4000)
 Metaspace       used 30536K, capacity 30978K, committed 31232K, reserved 32768K
}
Event: 1988.615 GC heap before
{Heap before GC invocations=86 (full 9):
 def new generation   total 13051072K, used 12462815K [0x00007fcdb0600000, 0x00007fd125750000, 0x00007fd305b50000)
  eden space 11600960K, 100% used [0x00007fcdb0600000, 0x00007fd074710000, 0x00007fd074710000)
  from space 1450112K,  59% used [0x00007fd0ccf30000, 0x00007fd1018d7d20, 0x00007fd125750000)
  to   space 1450112K,   0% used [0x00007fd074710000, 0x00007fd074710000, 0x00007fd0ccf30000)
 tenured generation   total 29002256K, used 26865620K [0x00007fd305b50000, 0x00007fd9efdd4000, 0x00007fddb0600000)
   the space 29002256K,  92% used [0x00007fd305b50000, 0x00007fd96d7452e0, 0x00007fd96d745400, 0x00007fd9efdd4000)
 Metaspace       used 30536K, capacity 30978K, committed 31232K, reserved 32768K
}
Event: 1990.745 GC heap after
{Heap after GC invocations=87 (full 9):
 def new generation   total 13051072K, used 858627K [0x00007fcdb0600000, 0x00007fd125750000, 0x00007fd305b50000)
  eden space 11600960K,   0% used [0x00007fcdb0600000, 0x00007fcdb0600000, 0x00007fd074710000)
  from space 1450112K,  59% used [0x00007fd074710000, 0x00007fd0a8d90cd0, 0x00007fd0ccf30000)
  to   space 1450112K,   0% used [0x00007fd0ccf30000, 0x00007fd0ccf30000, 0x00007fd125750000)
 tenured generation   total 29002256K, used 27727475K [0x00007fd305b50000, 0x00007fd9efdd4000, 0x00007fddb0600000)
   the space 29002256K,  95% used [0x00007fd305b50000, 0x00007fd9a20ecde0, 0x00007fd9a20ece00, 0x00007fd9efdd4000)
 Metaspace       used 30536K, capacity 30978K, committed 31232K, reserved 32768K
}
Event: 1993.751 GC heap before
{Heap before GC invocations=87 (full 9):
 def new generation   total 13051072K, used 12459587K [0x00007fcdb0600000, 0x00007fd125750000, 0x00007fd305b50000)
  eden space 11600960K, 100% used [0x00007fcdb0600000, 0x00007fd074710000, 0x00007fd074710000)
  from space 1450112K,  59% used [0x00007fd074710000, 0x00007fd0a8d90cd0, 0x00007fd0ccf30000)
  to   space 1450112K,   0% used [0x00007fd0ccf30000, 0x00007fd0ccf30000, 0x00007fd125750000)
 tenured generation   total 29002256K, used 27727475K [0x00007fd305b50000, 0x00007fd9efdd4000, 0x00007fddb0600000)
   the space 29002256K,  95% used [0x00007fd305b50000, 0x00007fd9a20ecde0, 0x00007fd9a20ece00, 0x00007fd9efdd4000)
 Metaspace       used 30536K, capacity 30978K, committed 31232K, reserved 32768K
}
Event: 1995.898 GC heap after
{Heap after GC invocations=88 (full 9):
 def new generation   total 13051072K, used 864065K [0x00007fcdb0600000, 0x00007fd125750000, 0x00007fd305b50000)
  eden space 11600960K,   0% used [0x00007fcdb0600000, 0x00007fcdb0600000, 0x00007fd074710000)
  from space 1450112K,  59% used [0x00007fd0ccf30000, 0x00007fd101b00480, 0x00007fd125750000)
  to   space 1450112K,   0% used [0x00007fd074710000, 0x00007fd074710000, 0x00007fd0ccf30000)
 tenured generation   total 29002256K, used 28586102K [0x00007fd305b50000, 0x00007fd9efdd4000, 0x00007fddb0600000)
   the space 29002256K,  98% used [0x00007fd305b50000, 0x00007fd9d676d8f0, 0x00007fd9d676da00, 0x00007fd9efdd4000)
 Metaspace       used 30536K, capacity 30978K, committed 31232K, reserved 32768K
}
Event: 1998.942 GC heap before
{Heap before GC invocations=88 (full 9):
 def new generation   total 13051072K, used 12465025K [0x00007fcdb0600000, 0x00007fd125750000, 0x00007fd305b50000)
  eden space 11600960K, 100% used [0x00007fcdb0600000, 0x00007fd074710000, 0x00007fd074710000)
  from space 1450112K,  59% used [0x00007fd0ccf30000, 0x00007fd101b00480, 0x00007fd125750000)
  to   space 1450112K,   0% used [0x00007fd074710000, 0x00007fd074710000, 0x00007fd0ccf30000)
 tenured generation   total 29002256K, used 28586102K [0x00007fd305b50000, 0x00007fd9efdd4000, 0x00007fddb0600000)
   the space 29002256K,  98% used [0x00007fd305b50000, 0x00007fd9d676d8f0, 0x00007fd9d676da00, 0x00007fd9efdd4000)
 Metaspace       used 30536K, capacity 30978K, committed 31232K, reserved 32768K
}
Event: 2001.182 GC heap after
{Heap after GC invocations=89 (full 9):
 def new generation   total 13051072K, used 867720K [0x00007fcdb0600000, 0x00007fd125750000, 0x00007fd305b50000)
  eden space 11600960K,   0% used [0x00007fcdb0600000, 0x00007fcdb0600000, 0x00007fd074710000)
  from space 1450112K,  59% used [0x00007fd074710000, 0x00007fd0a9672050, 0x00007fd0ccf30000)
  to   space 1450112K,   0% used [0x00007fd0ccf30000, 0x00007fd0ccf30000, 0x00007fd125750000)
 tenured generation   total 29450192K, used 29450166K [0x00007fd305b50000, 0x00007fda0b344000, 0x00007fddb0600000)
   the space 29450192K,  99% used [0x00007fd305b50000, 0x00007fda0b33db00, 0x00007fda0b33dc00, 0x00007fda0b344000)
 Metaspace       used 30536K, capacity 30978K, committed 31232K, reserved 32768K
}
Event: 2001.182 GC heap before
{Heap before GC invocations=89 (full 9):
 def new generation   total 13051072K, used 867720K [0x00007fcdb0600000, 0x00007fd125750000, 0x00007fd305b50000)
  eden space 11600960K,   0% used [0x00007fcdb0600000, 0x00007fcdb0600000, 0x00007fd074710000)
  from space 1450112K,  59% used [0x00007fd074710000, 0x00007fd0a9672050, 0x00007fd0ccf30000)
  to   space 1450112K,   0% used [0x00007fd0ccf30000, 0x00007fd0ccf30000, 0x00007fd125750000)
 tenured generation   total 29450192K, used 29450166K [0x00007fd305b50000, 0x00007fda0b344000, 0x00007fddb0600000)
   the space 29450192K,  99% used [0x00007fd305b50000, 0x00007fda0b33db00, 0x00007fda0b33dc00, 0x00007fda0b344000)
 Metaspace       used 30536K, capacity 30978K, committed 31232K, reserved 32768K
}

