# JRE version: OpenJDK Runtime Environment (13.0.7+5) (build 13.0.7+5-Ubuntu-0ubuntu120.04)
# Java VM: OpenJDK 64-Bit Server VM (13.0.7+5-Ubuntu-0ubuntu120.04, mixed mode, tiered, serial gc, linux-amd64)
Heap:
 def new generation   total 5889856K, used 414500K [0x00007fcb84600000, 0x00007fcd13ce0000, 0x00007fd0d9b50000)
  eden space 5235456K,   7% used [0x00007fcb84600000, 0x00007fcb9dac9378, 0x00007fccc3ec0000)
  from space 654400K,   0% used [0x00007fccc3ec0000, 0x00007fccc3ec0000, 0x00007fccebdd0000)
  to   space 654400K,   0% used [0x00007fccebdd0000, 0x00007fccebdd0000, 0x00007fcd13ce0000)
 tenured generation   total 13133904K, used 13133903K [0x00007fd0d9b50000, 0x00007fd3fb564000, 0x00007fdb84600000)
   the space 13133904K,  99% used [0x00007fd0d9b50000, 0x00007fd3fb563ff8, 0x00007fd3fb564000, 0x00007fd3fb564000)
 Metaspace       used 30683K, capacity 31070K, committed 31232K, reserved 32768K
GC Heap History (20 events):
Event: 353.343 GC heap after
{Heap after GC invocations=59 (full 8):
 def new generation   total 5889856K, used 398506K [0x00007fcb84600000, 0x00007fcd13ce0000, 0x00007fd0d9b50000)
  eden space 5235456K,   0% used [0x00007fcb84600000, 0x00007fcb84600000, 0x00007fccc3ec0000)
  from space 654400K,  60% used [0x00007fccebdd0000, 0x00007fcd042fa998, 0x00007fcd13ce0000)
  to   space 654400K,   0% used [0x00007fccc3ec0000, 0x00007fccc3ec0000, 0x00007fccebdd0000)
 tenured generation   total 13088400K, used 9471698K [0x00007fd0d9b50000, 0x00007fd3f88f4000, 0x00007fdb84600000)
   the space 13088400K,  72% used [0x00007fd0d9b50000, 0x00007fd31bd049c0, 0x00007fd31bd04a00, 0x00007fd3f88f4000)
 Metaspace       used 30683K, capacity 31070K, committed 31232K, reserved 32768K
}
Event: 355.367 GC heap before
{Heap before GC invocations=59 (full 8):
 def new generation   total 5889856K, used 5633962K [0x00007fcb84600000, 0x00007fcd13ce0000, 0x00007fd0d9b50000)
  eden space 5235456K, 100% used [0x00007fcb84600000, 0x00007fccc3ec0000, 0x00007fccc3ec0000)
  from space 654400K,  60% used [0x00007fccebdd0000, 0x00007fcd042fa998, 0x00007fcd13ce0000)
  to   space 654400K,   0% used [0x00007fccc3ec0000, 0x00007fccc3ec0000, 0x00007fccebdd0000)
 tenured generation   total 13088400K, used 9471698K [0x00007fd0d9b50000, 0x00007fd3f88f4000, 0x00007fdb84600000)
   the space 13088400K,  72% used [0x00007fd0d9b50000, 0x00007fd31bd049c0, 0x00007fd31bd04a00, 0x00007fd3f88f4000)
 Metaspace       used 30683K, capacity 31070K, committed 31232K, reserved 32768K
}
Event: 357.162 GC heap after
{Heap after GC invocations=60 (full 8):
 def new generation   total 5889856K, used 406989K [0x00007fcb84600000, 0x00007fcd13ce0000, 0x00007fd0d9b50000)
  eden space 5235456K,   0% used [0x00007fcb84600000, 0x00007fcb84600000, 0x00007fccc3ec0000)
  from space 654400K,  62% used [0x00007fccc3ec0000, 0x00007fccdcc33760, 0x00007fccebdd0000)
  to   space 654400K,   0% used [0x00007fccebdd0000, 0x00007fccebdd0000, 0x00007fcd13ce0000)
 tenured generation   total 13088400K, used 9870204K [0x00007fd0d9b50000, 0x00007fd3f88f4000, 0x00007fdb84600000)
   the space 13088400K,  75% used [0x00007fd0d9b50000, 0x00007fd33422f198, 0x00007fd33422f200, 0x00007fd3f88f4000)
 Metaspace       used 30683K, capacity 31070K, committed 31232K, reserved 32768K
}
Event: 359.141 GC heap before
{Heap before GC invocations=60 (full 8):
 def new generation   total 5889856K, used 5642445K [0x00007fcb84600000, 0x00007fcd13ce0000, 0x00007fd0d9b50000)
  eden space 5235456K, 100% used [0x00007fcb84600000, 0x00007fccc3ec0000, 0x00007fccc3ec0000)
  from space 654400K,  62% used [0x00007fccc3ec0000, 0x00007fccdcc33760, 0x00007fccebdd0000)
  to   space 654400K,   0% used [0x00007fccebdd0000, 0x00007fccebdd0000, 0x00007fcd13ce0000)
 tenured generation   total 13088400K, used 9870204K [0x00007fd0d9b50000, 0x00007fd3f88f4000, 0x00007fdb84600000)
   the space 13088400K,  75% used [0x00007fd0d9b50000, 0x00007fd33422f198, 0x00007fd33422f200, 0x00007fd3f88f4000)
 Metaspace       used 30683K, capacity 31070K, committed 31232K, reserved 32768K
}
Event: 361.283 GC heap after
{Heap after GC invocations=61 (full 8):
 def new generation   total 5889856K, used 405667K [0x00007fcb84600000, 0x00007fcd13ce0000, 0x00007fd0d9b50000)
  eden space 5235456K,   0% used [0x00007fcb84600000, 0x00007fcb84600000, 0x00007fccc3ec0000)
  from space 654400K,  61% used [0x00007fccebdd0000, 0x00007fcd049f8c90, 0x00007fcd13ce0000)
  to   space 654400K,   0% used [0x00007fccc3ec0000, 0x00007fccc3ec0000, 0x00007fccebdd0000)
 tenured generation   total 13088400K, used 10277193K [0x00007fd0d9b50000, 0x00007fd3f88f4000, 0x00007fdb84600000)
   the space 13088400K,  78% used [0x00007fd0d9b50000, 0x00007fd34cfa26c8, 0x00007fd34cfa2800, 0x00007fd3f88f4000)
 Metaspace       used 30683K, capacity 31070K, committed 31232K, reserved 32768K
}
Event: 363.417 GC heap before
{Heap before GC invocations=61 (full 8):
 def new generation   total 5889856K, used 5641123K [0x00007fcb84600000, 0x00007fcd13ce0000, 0x00007fd0d9b50000)
  eden space 5235456K, 100% used [0x00007fcb84600000, 0x00007fccc3ec0000, 0x00007fccc3ec0000)
  from space 654400K,  61% used [0x00007fccebdd0000, 0x00007fcd049f8c90, 0x00007fcd13ce0000)
  to   space 654400K,   0% used [0x00007fccc3ec0000, 0x00007fccc3ec0000, 0x00007fccebdd0000)
 tenured generation   total 13088400K, used 10277193K [0x00007fd0d9b50000, 0x00007fd3f88f4000, 0x00007fdb84600000)
   the space 13088400K,  78% used [0x00007fd0d9b50000, 0x00007fd34cfa26c8, 0x00007fd34cfa2800, 0x00007fd3f88f4000)
 Metaspace       used 30683K, capacity 31070K, committed 31232K, reserved 32768K
}
Event: 365.451 GC heap after
{Heap after GC invocations=62 (full 8):
 def new generation   total 5889856K, used 411117K [0x00007fcb84600000, 0x00007fcd13ce0000, 0x00007fd0d9b50000)
  eden space 5235456K,   0% used [0x00007fcb84600000, 0x00007fcb84600000, 0x00007fccc3ec0000)
  from space 654400K,  62% used [0x00007fccc3ec0000, 0x00007fccdd03b400, 0x00007fccebdd0000)
  to   space 654400K,   0% used [0x00007fccebdd0000, 0x00007fccebdd0000, 0x00007fcd13ce0000)
 tenured generation   total 13088400K, used 10682859K [0x00007fd0d9b50000, 0x00007fd3f88f4000, 0x00007fdb84600000)
   the space 13088400K,  81% used [0x00007fd0d9b50000, 0x00007fd365bcaf28, 0x00007fd365bcb000, 0x00007fd3f88f4000)
 Metaspace       used 30683K, capacity 31070K, committed 31232K, reserved 32768K
}
Event: 367.843 GC heap before
{Heap before GC invocations=62 (full 8):
 def new generation   total 5889856K, used 5646573K [0x00007fcb84600000, 0x00007fcd13ce0000, 0x00007fd0d9b50000)
  eden space 5235456K, 100% used [0x00007fcb84600000, 0x00007fccc3ec0000, 0x00007fccc3ec0000)
  from space 654400K,  62% used [0x00007fccc3ec0000, 0x00007fccdd03b400, 0x00007fccebdd0000)
  to   space 654400K,   0% used [0x00007fccebdd0000, 0x00007fccebdd0000, 0x00007fcd13ce0000)
 tenured generation   total 13088400K, used 10682859K [0x00007fd0d9b50000, 0x00007fd3f88f4000, 0x00007fdb84600000)
   the space 13088400K,  81% used [0x00007fd0d9b50000, 0x00007fd365bcaf28, 0x00007fd365bcb000, 0x00007fd3f88f4000)
 Metaspace       used 30683K, capacity 31070K, committed 31232K, reserved 32768K
}
Event: 370.033 GC heap after
{Heap after GC invocations=63 (full 8):
 def new generation   total 5889856K, used 418043K [0x00007fcb84600000, 0x00007fcd13ce0000, 0x00007fd0d9b50000)
  eden space 5235456K,   0% used [0x00007fcb84600000, 0x00007fcb84600000, 0x00007fccc3ec0000)
  from space 654400K,  63% used [0x00007fccebdd0000, 0x00007fcd0560ef80, 0x00007fcd13ce0000)
  to   space 654400K,   0% used [0x00007fccc3ec0000, 0x00007fccc3ec0000, 0x00007fccebdd0000)
 tenured generation   total 13088400K, used 11093975K [0x00007fd0d9b50000, 0x00007fd3f88f4000, 0x00007fdb84600000)
   the space 13088400K,  84% used [0x00007fd0d9b50000, 0x00007fd37ed45ed8, 0x00007fd37ed46000, 0x00007fd3f88f4000)
 Metaspace       used 30683K, capacity 31070K, committed 31232K, reserved 32768K
}
Event: 372.340 GC heap before
{Heap before GC invocations=63 (full 8):
 def new generation   total 5889856K, used 5653499K [0x00007fcb84600000, 0x00007fcd13ce0000, 0x00007fd0d9b50000)
  eden space 5235456K, 100% used [0x00007fcb84600000, 0x00007fccc3ec0000, 0x00007fccc3ec0000)
  from space 654400K,  63% used [0x00007fccebdd0000, 0x00007fcd0560ef80, 0x00007fcd13ce0000)
  to   space 654400K,   0% used [0x00007fccc3ec0000, 0x00007fccc3ec0000, 0x00007fccebdd0000)
 tenured generation   total 13088400K, used 11093975K [0x00007fd0d9b50000, 0x00007fd3f88f4000, 0x00007fdb84600000)
   the space 13088400K,  84% used [0x00007fd0d9b50000, 0x00007fd37ed45ed8, 0x00007fd37ed46000, 0x00007fd3f88f4000)
 Metaspace       used 30683K, capacity 31070K, committed 31232K, reserved 32768K
}
Event: 374.113 GC heap after
{Heap after GC invocations=64 (full 8):
 def new generation   total 5889856K, used 402741K [0x00007fcb84600000, 0x00007fcd13ce0000, 0x00007fd0d9b50000)
  eden space 5235456K,   0% used [0x00007fcb84600000, 0x00007fcb84600000, 0x00007fccc3ec0000)
  from space 654400K,  61% used [0x00007fccc3ec0000, 0x00007fccdc80d510, 0x00007fccebdd0000)
  to   space 654400K,   0% used [0x00007fccebdd0000, 0x00007fccebdd0000, 0x00007fcd13ce0000)
 tenured generation   total 13088400K, used 11512019K [0x00007fd0d9b50000, 0x00007fd3f88f4000, 0x00007fdb84600000)
   the space 13088400K,  87% used [0x00007fd0d9b50000, 0x00007fd398584c18, 0x00007fd398584e00, 0x00007fd3f88f4000)
 Metaspace       used 30683K, capacity 31070K, committed 31232K, reserved 32768K
}
Event: 376.736 GC heap before
{Heap before GC invocations=64 (full 8):
 def new generation   total 5889856K, used 5638197K [0x00007fcb84600000, 0x00007fcd13ce0000, 0x00007fd0d9b50000)
  eden space 5235456K, 100% used [0x00007fcb84600000, 0x00007fccc3ec0000, 0x00007fccc3ec0000)
  from space 654400K,  61% used [0x00007fccc3ec0000, 0x00007fccdc80d510, 0x00007fccebdd0000)
  to   space 654400K,   0% used [0x00007fccebdd0000, 0x00007fccebdd0000, 0x00007fcd13ce0000)
 tenured generation   total 13088400K, used 11512019K [0x00007fd0d9b50000, 0x00007fd3f88f4000, 0x00007fdb84600000)
   the space 13088400K,  87% used [0x00007fd0d9b50000, 0x00007fd398584c18, 0x00007fd398584e00, 0x00007fd3f88f4000)
 Metaspace       used 30683K, capacity 31070K, committed 31232K, reserved 32768K
}
Event: 379.362 GC heap after
{Heap after GC invocations=65 (full 8):
 def new generation   total 5889856K, used 408514K [0x00007fcb84600000, 0x00007fcd13ce0000, 0x00007fd0d9b50000)
  eden space 5235456K,   0% used [0x00007fcb84600000, 0x00007fcb84600000, 0x00007fccc3ec0000)
  from space 654400K,  62% used [0x00007fccebdd0000, 0x00007fcd04cc0870, 0x00007fcd13ce0000)
  to   space 654400K,   0% used [0x00007fccc3ec0000, 0x00007fccc3ec0000, 0x00007fccebdd0000)
 tenured generation   total 13088400K, used 11914759K [0x00007fd0d9b50000, 0x00007fd3f88f4000, 0x00007fdb84600000)
   the space 13088400K,  91% used [0x00007fd0d9b50000, 0x00007fd3b0ed1e08, 0x00007fd3b0ed2000, 0x00007fd3f88f4000)
 Metaspace       used 30683K, capacity 31070K, committed 31232K, reserved 32768K
}
Event: 381.707 GC heap before
{Heap before GC invocations=65 (full 8):
 def new generation   total 5889856K, used 5643970K [0x00007fcb84600000, 0x00007fcd13ce0000, 0x00007fd0d9b50000)
  eden space 5235456K, 100% used [0x00007fcb84600000, 0x00007fccc3ec0000, 0x00007fccc3ec0000)
  from space 654400K,  62% used [0x00007fccebdd0000, 0x00007fcd04cc0870, 0x00007fcd13ce0000)
  to   space 654400K,   0% used [0x00007fccc3ec0000, 0x00007fccc3ec0000, 0x00007fccebdd0000)
 tenured generation   total 13088400K, used 11914759K [0x00007fd0d9b50000, 0x00007fd3f88f4000, 0x00007fdb84600000)
   the space 13088400K,  91% used [0x00007fd0d9b50000, 0x00007fd3b0ed1e08, 0x00007fd3b0ed2000, 0x00007fd3f88f4000)
 Metaspace       used 30683K, capacity 31070K, committed 31232K, reserved 32768K
}
Event: 384.096 GC heap after
{Heap after GC invocations=66 (full 8):
 def new generation   total 5889856K, used 407662K [0x00007fcb84600000, 0x00007fcd13ce0000, 0x00007fd0d9b50000)
  eden space 5235456K,   0% used [0x00007fcb84600000, 0x00007fcb84600000, 0x00007fccc3ec0000)
  from space 654400K,  62% used [0x00007fccc3ec0000, 0x00007fccdccdbaf8, 0x00007fccebdd0000)
  to   space 654400K,   0% used [0x00007fccebdd0000, 0x00007fccebdd0000, 0x00007fcd13ce0000)
 tenured generation   total 13088400K, used 12323273K [0x00007fd0d9b50000, 0x00007fd3f88f4000, 0x00007fdb84600000)
   the space 13088400K,  94% used [0x00007fd0d9b50000, 0x00007fd3c9dc2418, 0x00007fd3c9dc2600, 0x00007fd3f88f4000)
 Metaspace       used 30683K, capacity 31070K, committed 31232K, reserved 32768K
}
Event: 386.511 GC heap before
{Heap before GC invocations=66 (full 8):
 def new generation   total 5889856K, used 5643118K [0x00007fcb84600000, 0x00007fcd13ce0000, 0x00007fd0d9b50000)
  eden space 5235456K, 100% used [0x00007fcb84600000, 0x00007fccc3ec0000, 0x00007fccc3ec0000)
  from space 654400K,  62% used [0x00007fccc3ec0000, 0x00007fccdccdbaf8, 0x00007fccebdd0000)
  to   space 654400K,   0% used [0x00007fccebdd0000, 0x00007fccebdd0000, 0x00007fcd13ce0000)
 tenured generation   total 13088400K, used 12323273K [0x00007fd0d9b50000, 0x00007fd3f88f4000, 0x00007fdb84600000)
   the space 13088400K,  94% used [0x00007fd0d9b50000, 0x00007fd3c9dc2418, 0x00007fd3c9dc2600, 0x00007fd3f88f4000)
 Metaspace       used 30683K, capacity 31070K, committed 31232K, reserved 32768K
}
Event: 388.801 GC heap after
{Heap after GC invocations=67 (full 8):
 def new generation   total 5889856K, used 402946K [0x00007fcb84600000, 0x00007fcd13ce0000, 0x00007fd0d9b50000)
  eden space 5235456K,   0% used [0x00007fcb84600000, 0x00007fcb84600000, 0x00007fccc3ec0000)
  from space 654400K,  61% used [0x00007fccebdd0000, 0x00007fcd04750b68, 0x00007fcd13ce0000)
  to   space 654400K,   0% used [0x00007fccc3ec0000, 0x00007fccc3ec0000, 0x00007fccebdd0000)
 tenured generation   total 13088400K, used 12730935K [0x00007fd0d9b50000, 0x00007fd3f88f4000, 0x00007fdb84600000)
   the space 13088400K,  97% used [0x00007fd0d9b50000, 0x00007fd3e2bddc10, 0x00007fd3e2bdde00, 0x00007fd3f88f4000)
 Metaspace       used 30683K, capacity 31070K, committed 31232K, reserved 32768K
}
Event: 391.010 GC heap before
{Heap before GC invocations=67 (full 8):
 def new generation   total 5889856K, used 5638402K [0x00007fcb84600000, 0x00007fcd13ce0000, 0x00007fd0d9b50000)
  eden space 5235456K, 100% used [0x00007fcb84600000, 0x00007fccc3ec0000, 0x00007fccc3ec0000)
  from space 654400K,  61% used [0x00007fccebdd0000, 0x00007fcd04750b68, 0x00007fcd13ce0000)
  to   space 654400K,   0% used [0x00007fccc3ec0000, 0x00007fccc3ec0000, 0x00007fccebdd0000)
 tenured generation   total 13088400K, used 12730935K [0x00007fd0d9b50000, 0x00007fd3f88f4000, 0x00007fdb84600000)
   the space 13088400K,  97% used [0x00007fd0d9b50000, 0x00007fd3e2bddc10, 0x00007fd3e2bdde00, 0x00007fd3f88f4000)
 Metaspace       used 30683K, capacity 31070K, committed 31232K, reserved 32768K
}
Event: 393.224 GC heap after
{Heap after GC invocations=68 (full 8):
 def new generation   total 5889856K, used 414524K [0x00007fcb84600000, 0x00007fcd13ce0000, 0x00007fd0d9b50000)
  eden space 5235456K,   0% used [0x00007fcb84600000, 0x00007fcb84600000, 0x00007fccc3ec0000)
  from space 654400K,  63% used [0x00007fccc3ec0000, 0x00007fccdd38f1c8, 0x00007fccebdd0000)
  to   space 654400K,   0% used [0x00007fccebdd0000, 0x00007fccebdd0000, 0x00007fcd13ce0000)
 tenured generation   total 13133904K, used 13133880K [0x00007fd0d9b50000, 0x00007fd3fb564000, 0x00007fdb84600000)
   the space 13133904K,  99% used [0x00007fd0d9b50000, 0x00007fd3fb55e1a8, 0x00007fd3fb55e200, 0x00007fd3fb564000)
 Metaspace       used 30683K, capacity 31070K, committed 31232K, reserved 32768K
}
Event: 393.224 GC heap before
{Heap before GC invocations=68 (full 8):
 def new generation   total 5889856K, used 414524K [0x00007fcb84600000, 0x00007fcd13ce0000, 0x00007fd0d9b50000)
  eden space 5235456K,   0% used [0x00007fcb84600000, 0x00007fcb84600000, 0x00007fccc3ec0000)
  from space 654400K,  63% used [0x00007fccc3ec0000, 0x00007fccdd38f1c8, 0x00007fccebdd0000)
  to   space 654400K,   0% used [0x00007fccebdd0000, 0x00007fccebdd0000, 0x00007fcd13ce0000)
 tenured generation   total 13133904K, used 13133880K [0x00007fd0d9b50000, 0x00007fd3fb564000, 0x00007fdb84600000)
   the space 13133904K,  99% used [0x00007fd0d9b50000, 0x00007fd3fb55e1a8, 0x00007fd3fb55e200, 0x00007fd3fb564000)
 Metaspace       used 30683K, capacity 31070K, committed 31232K, reserved 32768K
}

