# JRE version: OpenJDK Runtime Environment (13.0.7+5) (build 13.0.7+5-Ubuntu-0ubuntu120.04)
# Java VM: OpenJDK 64-Bit Server VM (13.0.7+5-Ubuntu-0ubuntu120.04, mixed mode, tiered, serial gc, linux-amd64)
Heap:
 def new generation   total 3240960K, used 238709K [0x00007f066c600000, 0x00007f07482a0000, 0x00007f0bc1b50000)
  eden space 2880896K,   8% used [0x00007f066c600000, 0x00007f067af1d4b0, 0x00007f071c360000)
  from space 360064K,   0% used [0x00007f0732300000, 0x00007f0732300000, 0x00007f07482a0000)
  to   space 360064K,   0% used [0x00007f071c360000, 0x00007f071c360000, 0x00007f0732300000)
 tenured generation   total 7424152K, used 7424151K [0x00007f0bc1b50000, 0x00007f0d86d76000, 0x00007f166c600000)
   the space 7424152K,  99% used [0x00007f0bc1b50000, 0x00007f0d86d75fe8, 0x00007f0d86d76000, 0x00007f0d86d76000)
 Metaspace       used 30347K, capacity 30759K, committed 30976K, reserved 32768K
GC Heap History (20 events):
Event: 149.823 GC heap after
{Heap after GC invocations=45 (full 6):
 def new generation   total 3240960K, used 269037K [0x00007f066c600000, 0x00007f07482a0000, 0x00007f0bc1b50000)
  eden space 2880896K,   0% used [0x00007f066c600000, 0x00007f066c600000, 0x00007f071c360000)
  from space 360064K,  74% used [0x00007f071c360000, 0x00007f072ca1b678, 0x00007f0732300000)
  to   space 360064K,   0% used [0x00007f0732300000, 0x00007f0732300000, 0x00007f07482a0000)
 tenured generation   total 7202008K, used 4786982K [0x00007f0bc1b50000, 0x00007f0d79486000, 0x00007f166c600000)
   the space 7202008K,  66% used [0x00007f0bc1b50000, 0x00007f0ce5e198f0, 0x00007f0ce5e19a00, 0x00007f0d79486000)
 Metaspace       used 30347K, capacity 30759K, committed 30976K, reserved 32768K
}
Event: 150.625 GC heap before
{Heap before GC invocations=45 (full 6):
 def new generation   total 3240960K, used 3149933K [0x00007f066c600000, 0x00007f07482a0000, 0x00007f0bc1b50000)
  eden space 2880896K, 100% used [0x00007f066c600000, 0x00007f071c360000, 0x00007f071c360000)
  from space 360064K,  74% used [0x00007f071c360000, 0x00007f072ca1b678, 0x00007f0732300000)
  to   space 360064K,   0% used [0x00007f0732300000, 0x00007f0732300000, 0x00007f07482a0000)
 tenured generation   total 7202008K, used 4786982K [0x00007f0bc1b50000, 0x00007f0d79486000, 0x00007f166c600000)
   the space 7202008K,  66% used [0x00007f0bc1b50000, 0x00007f0ce5e198f0, 0x00007f0ce5e19a00, 0x00007f0d79486000)
 Metaspace       used 30347K, capacity 30759K, committed 30976K, reserved 32768K
}
Event: 151.545 GC heap after
{Heap after GC invocations=46 (full 6):
 def new generation   total 3240960K, used 275683K [0x00007f066c600000, 0x00007f07482a0000, 0x00007f0bc1b50000)
  eden space 2880896K,   0% used [0x00007f066c600000, 0x00007f066c600000, 0x00007f071c360000)
  from space 360064K,  76% used [0x00007f0732300000, 0x00007f0743038fd0, 0x00007f07482a0000)
  to   space 360064K,   0% used [0x00007f071c360000, 0x00007f071c360000, 0x00007f0732300000)
 tenured generation   total 7202008K, used 5056018K [0x00007f0bc1b50000, 0x00007f0d79486000, 0x00007f166c600000)
   the space 7202008K,  70% used [0x00007f0bc1b50000, 0x00007f0cf64d4b88, 0x00007f0cf64d4c00, 0x00007f0d79486000)
 Metaspace       used 30347K, capacity 30759K, committed 30976K, reserved 32768K
}
Event: 152.281 GC heap before
{Heap before GC invocations=46 (full 6):
 def new generation   total 3240960K, used 3156579K [0x00007f066c600000, 0x00007f07482a0000, 0x00007f0bc1b50000)
  eden space 2880896K, 100% used [0x00007f066c600000, 0x00007f071c360000, 0x00007f071c360000)
  from space 360064K,  76% used [0x00007f0732300000, 0x00007f0743038fd0, 0x00007f07482a0000)
  to   space 360064K,   0% used [0x00007f071c360000, 0x00007f071c360000, 0x00007f0732300000)
 tenured generation   total 7202008K, used 5056018K [0x00007f0bc1b50000, 0x00007f0d79486000, 0x00007f166c600000)
   the space 7202008K,  70% used [0x00007f0bc1b50000, 0x00007f0cf64d4b88, 0x00007f0cf64d4c00, 0x00007f0d79486000)
 Metaspace       used 30347K, capacity 30759K, committed 30976K, reserved 32768K
}
Event: 154.142 GC heap after
{Heap after GC invocations=47 (full 6):
 def new generation   total 3240960K, used 239495K [0x00007f066c600000, 0x00007f07482a0000, 0x00007f0bc1b50000)
  eden space 2880896K,   0% used [0x00007f066c600000, 0x00007f066c600000, 0x00007f071c360000)
  from space 360064K,  66% used [0x00007f071c360000, 0x00007f072ad41ea0, 0x00007f0732300000)
  to   space 360064K,   0% used [0x00007f0732300000, 0x00007f0732300000, 0x00007f07482a0000)
 tenured generation   total 7202008K, used 5331701K [0x00007f0bc1b50000, 0x00007f0d79486000, 0x00007f166c600000)
   the space 7202008K,  74% used [0x00007f0bc1b50000, 0x00007f0d0720d6f8, 0x00007f0d0720d800, 0x00007f0d79486000)
 Metaspace       used 30347K, capacity 30759K, committed 30976K, reserved 32768K
}
Event: 154.911 GC heap before
{Heap before GC invocations=47 (full 6):
 def new generation   total 3240960K, used 3120391K [0x00007f066c600000, 0x00007f07482a0000, 0x00007f0bc1b50000)
  eden space 2880896K, 100% used [0x00007f066c600000, 0x00007f071c360000, 0x00007f071c360000)
  from space 360064K,  66% used [0x00007f071c360000, 0x00007f072ad41ea0, 0x00007f0732300000)
  to   space 360064K,   0% used [0x00007f0732300000, 0x00007f0732300000, 0x00007f07482a0000)
 tenured generation   total 7202008K, used 5331701K [0x00007f0bc1b50000, 0x00007f0d79486000, 0x00007f166c600000)
   the space 7202008K,  74% used [0x00007f0bc1b50000, 0x00007f0d0720d6f8, 0x00007f0d0720d800, 0x00007f0d79486000)
 Metaspace       used 30347K, capacity 30759K, committed 30976K, reserved 32768K
}
Event: 155.715 GC heap after
{Heap after GC invocations=48 (full 6):
 def new generation   total 3240960K, used 272868K [0x00007f066c600000, 0x00007f07482a0000, 0x00007f0bc1b50000)
  eden space 2880896K,   0% used [0x00007f066c600000, 0x00007f066c600000, 0x00007f071c360000)
  from space 360064K,  75% used [0x00007f0732300000, 0x00007f0742d791c8, 0x00007f07482a0000)
  to   space 360064K,   0% used [0x00007f071c360000, 0x00007f071c360000, 0x00007f0732300000)
 tenured generation   total 7202008K, used 5571196K [0x00007f0bc1b50000, 0x00007f0d79486000, 0x00007f166c600000)
   the space 7202008K,  77% used [0x00007f0bc1b50000, 0x00007f0d15bef318, 0x00007f0d15bef400, 0x00007f0d79486000)
 Metaspace       used 30347K, capacity 30759K, committed 30976K, reserved 32768K
}
Event: 156.477 GC heap before
{Heap before GC invocations=48 (full 6):
 def new generation   total 3240960K, used 3153764K [0x00007f066c600000, 0x00007f07482a0000, 0x00007f0bc1b50000)
  eden space 2880896K, 100% used [0x00007f066c600000, 0x00007f071c360000, 0x00007f071c360000)
  from space 360064K,  75% used [0x00007f0732300000, 0x00007f0742d791c8, 0x00007f07482a0000)
  to   space 360064K,   0% used [0x00007f071c360000, 0x00007f071c360000, 0x00007f0732300000)
 tenured generation   total 7202008K, used 5571196K [0x00007f0bc1b50000, 0x00007f0d79486000, 0x00007f166c600000)
   the space 7202008K,  77% used [0x00007f0bc1b50000, 0x00007f0d15bef318, 0x00007f0d15bef400, 0x00007f0d79486000)
 Metaspace       used 30347K, capacity 30759K, committed 30976K, reserved 32768K
}
Event: 157.341 GC heap after
{Heap after GC invocations=49 (full 6):
 def new generation   total 3240960K, used 315787K [0x00007f066c600000, 0x00007f07482a0000, 0x00007f0bc1b50000)
  eden space 2880896K,   0% used [0x00007f066c600000, 0x00007f066c600000, 0x00007f071c360000)
  from space 360064K,  87% used [0x00007f071c360000, 0x00007f072f7c2cf0, 0x00007f0732300000)
  to   space 360064K,   0% used [0x00007f0732300000, 0x00007f0732300000, 0x00007f07482a0000)
 tenured generation   total 7202008K, used 5844064K [0x00007f0bc1b50000, 0x00007f0d79486000, 0x00007f166c600000)
   the space 7202008K,  81% used [0x00007f0bc1b50000, 0x00007f0d266682c0, 0x00007f0d26668400, 0x00007f0d79486000)
 Metaspace       used 30347K, capacity 30759K, committed 30976K, reserved 32768K
}
Event: 158.125 GC heap before
{Heap before GC invocations=49 (full 6):
 def new generation   total 3240960K, used 3196683K [0x00007f066c600000, 0x00007f07482a0000, 0x00007f0bc1b50000)
  eden space 2880896K, 100% used [0x00007f066c600000, 0x00007f071c360000, 0x00007f071c360000)
  from space 360064K,  87% used [0x00007f071c360000, 0x00007f072f7c2cf0, 0x00007f0732300000)
  to   space 360064K,   0% used [0x00007f0732300000, 0x00007f0732300000, 0x00007f07482a0000)
 tenured generation   total 7202008K, used 5844064K [0x00007f0bc1b50000, 0x00007f0d79486000, 0x00007f166c600000)
   the space 7202008K,  81% used [0x00007f0bc1b50000, 0x00007f0d266682c0, 0x00007f0d26668400, 0x00007f0d79486000)
 Metaspace       used 30347K, capacity 30759K, committed 30976K, reserved 32768K
}
Event: 159.214 GC heap after
{Heap after GC invocations=50 (full 6):
 def new generation   total 3240960K, used 360063K [0x00007f066c600000, 0x00007f07482a0000, 0x00007f0bc1b50000)
  eden space 2880896K,   0% used [0x00007f066c600000, 0x00007f066c600000, 0x00007f071c360000)
  from space 360064K,  99% used [0x00007f0732300000, 0x00007f074829fff0, 0x00007f07482a0000)
  to   space 360064K,   0% used [0x00007f071c360000, 0x00007f071c360000, 0x00007f0732300000)
 tenured generation   total 7202008K, used 6170397K [0x00007f0bc1b50000, 0x00007f0d79486000, 0x00007f166c600000)
   the space 7202008K,  85% used [0x00007f0bc1b50000, 0x00007f0d3a517630, 0x00007f0d3a517800, 0x00007f0d79486000)
 Metaspace       used 30347K, capacity 30759K, committed 30976K, reserved 32768K
}
Event: 160.022 GC heap before
{Heap before GC invocations=50 (full 6):
 def new generation   total 3240960K, used 3240959K [0x00007f066c600000, 0x00007f07482a0000, 0x00007f0bc1b50000)
  eden space 2880896K, 100% used [0x00007f066c600000, 0x00007f071c360000, 0x00007f071c360000)
  from space 360064K,  99% used [0x00007f0732300000, 0x00007f074829fff0, 0x00007f07482a0000)
  to   space 360064K,   0% used [0x00007f071c360000, 0x00007f071c360000, 0x00007f0732300000)
 tenured generation   total 7202008K, used 6170397K [0x00007f0bc1b50000, 0x00007f0d79486000, 0x00007f166c600000)
   the space 7202008K,  85% used [0x00007f0bc1b50000, 0x00007f0d3a517630, 0x00007f0d3a517800, 0x00007f0d79486000)
 Metaspace       used 30347K, capacity 30759K, committed 30976K, reserved 32768K
}
Event: 161.012 GC heap after
{Heap after GC invocations=51 (full 6):
 def new generation   total 3240960K, used 294476K [0x00007f066c600000, 0x00007f07482a0000, 0x00007f0bc1b50000)
  eden space 2880896K,   0% used [0x00007f066c600000, 0x00007f066c600000, 0x00007f071c360000)
  from space 360064K,  81% used [0x00007f071c360000, 0x00007f072e2f3060, 0x00007f0732300000)
  to   space 360064K,   0% used [0x00007f0732300000, 0x00007f0732300000, 0x00007f07482a0000)
 tenured generation   total 7202008K, used 6530460K [0x00007f0bc1b50000, 0x00007f0d79486000, 0x00007f166c600000)
   the space 7202008K,  90% used [0x00007f0bc1b50000, 0x00007f0d504b7300, 0x00007f0d504b7400, 0x00007f0d79486000)
 Metaspace       used 30347K, capacity 30759K, committed 30976K, reserved 32768K
}
Event: 161.989 GC heap before
{Heap before GC invocations=51 (full 6):
 def new generation   total 3240960K, used 3175372K [0x00007f066c600000, 0x00007f07482a0000, 0x00007f0bc1b50000)
  eden space 2880896K, 100% used [0x00007f066c600000, 0x00007f071c360000, 0x00007f071c360000)
  from space 360064K,  81% used [0x00007f071c360000, 0x00007f072e2f3060, 0x00007f0732300000)
  to   space 360064K,   0% used [0x00007f0732300000, 0x00007f0732300000, 0x00007f07482a0000)
 tenured generation   total 7202008K, used 6530460K [0x00007f0bc1b50000, 0x00007f0d79486000, 0x00007f166c600000)
   the space 7202008K,  90% used [0x00007f0bc1b50000, 0x00007f0d504b7300, 0x00007f0d504b7400, 0x00007f0d79486000)
 Metaspace       used 30347K, capacity 30759K, committed 30976K, reserved 32768K
}
Event: 163.033 GC heap after
{Heap after GC invocations=52 (full 6):
 def new generation   total 3240960K, used 301727K [0x00007f066c600000, 0x00007f07482a0000, 0x00007f0bc1b50000)
  eden space 2880896K,   0% used [0x00007f066c600000, 0x00007f066c600000, 0x00007f071c360000)
  from space 360064K,  83% used [0x00007f0732300000, 0x00007f07449a7dd8, 0x00007f07482a0000)
  to   space 360064K,   0% used [0x00007f071c360000, 0x00007f071c360000, 0x00007f0732300000)
 tenured generation   total 7202008K, used 6824935K [0x00007f0bc1b50000, 0x00007f0d79486000, 0x00007f166c600000)
   the space 7202008K,  94% used [0x00007f0bc1b50000, 0x00007f0d62449e90, 0x00007f0d6244a000, 0x00007f0d79486000)
 Metaspace       used 30347K, capacity 30759K, committed 30976K, reserved 32768K
}
Event: 163.789 GC heap before
{Heap before GC invocations=52 (full 6):
 def new generation   total 3240960K, used 3182623K [0x00007f066c600000, 0x00007f07482a0000, 0x00007f0bc1b50000)
  eden space 2880896K, 100% used [0x00007f066c600000, 0x00007f071c360000, 0x00007f071c360000)
  from space 360064K,  83% used [0x00007f0732300000, 0x00007f07449a7dd8, 0x00007f07482a0000)
  to   space 360064K,   0% used [0x00007f071c360000, 0x00007f071c360000, 0x00007f0732300000)
 tenured generation   total 7202008K, used 6824935K [0x00007f0bc1b50000, 0x00007f0d79486000, 0x00007f166c600000)
   the space 7202008K,  94% used [0x00007f0bc1b50000, 0x00007f0d62449e90, 0x00007f0d6244a000, 0x00007f0d79486000)
 Metaspace       used 30347K, capacity 30759K, committed 30976K, reserved 32768K
}
Event: 164.664 GC heap after
{Heap after GC invocations=53 (full 6):
 def new generation   total 3240960K, used 297440K [0x00007f066c600000, 0x00007f07482a0000, 0x00007f0bc1b50000)
  eden space 2880896K,   0% used [0x00007f066c600000, 0x00007f066c600000, 0x00007f071c360000)
  from space 360064K,  82% used [0x00007f071c360000, 0x00007f072e5d8038, 0x00007f0732300000)
  to   space 360064K,   0% used [0x00007f0732300000, 0x00007f0732300000, 0x00007f07482a0000)
 tenured generation   total 7202008K, used 7126662K [0x00007f0bc1b50000, 0x00007f0d79486000, 0x00007f166c600000)
   the space 7202008K,  98% used [0x00007f0bc1b50000, 0x00007f0d74af1b38, 0x00007f0d74af1c00, 0x00007f0d79486000)
 Metaspace       used 30347K, capacity 30759K, committed 30976K, reserved 32768K
}
Event: 165.389 GC heap before
{Heap before GC invocations=53 (full 6):
 def new generation   total 3240960K, used 3178336K [0x00007f066c600000, 0x00007f07482a0000, 0x00007f0bc1b50000)
  eden space 2880896K, 100% used [0x00007f066c600000, 0x00007f071c360000, 0x00007f071c360000)
  from space 360064K,  82% used [0x00007f071c360000, 0x00007f072e5d8038, 0x00007f0732300000)
  to   space 360064K,   0% used [0x00007f0732300000, 0x00007f0732300000, 0x00007f07482a0000)
 tenured generation   total 7202008K, used 7126662K [0x00007f0bc1b50000, 0x00007f0d79486000, 0x00007f166c600000)
   the space 7202008K,  98% used [0x00007f0bc1b50000, 0x00007f0d74af1b38, 0x00007f0d74af1c00, 0x00007f0d79486000)
 Metaspace       used 30347K, capacity 30759K, committed 30976K, reserved 32768K
}
Event: 166.353 GC heap after
{Heap after GC invocations=54 (full 6):
 def new generation   total 3240960K, used 306436K [0x00007f066c600000, 0x00007f07482a0000, 0x00007f0bc1b50000)
  eden space 2880896K,   0% used [0x00007f066c600000, 0x00007f066c600000, 0x00007f071c360000)
  from space 360064K,  85% used [0x00007f0732300000, 0x00007f0744e410b8, 0x00007f07482a0000)
  to   space 360064K,   0% used [0x00007f071c360000, 0x00007f071c360000, 0x00007f0732300000)
 tenured generation   total 7424152K, used 7424101K [0x00007f0bc1b50000, 0x00007f0d86d76000, 0x00007f166c600000)
   the space 7424152K,  99% used [0x00007f0bc1b50000, 0x00007f0d86d69720, 0x00007f0d86d69800, 0x00007f0d86d76000)
 Metaspace       used 30347K, capacity 30759K, committed 30976K, reserved 32768K
}
Event: 166.353 GC heap before
{Heap before GC invocations=54 (full 6):
 def new generation   total 3240960K, used 306436K [0x00007f066c600000, 0x00007f07482a0000, 0x00007f0bc1b50000)
  eden space 2880896K,   0% used [0x00007f066c600000, 0x00007f066c600000, 0x00007f071c360000)
  from space 360064K,  85% used [0x00007f0732300000, 0x00007f0744e410b8, 0x00007f07482a0000)
  to   space 360064K,   0% used [0x00007f071c360000, 0x00007f071c360000, 0x00007f0732300000)
 tenured generation   total 7424152K, used 7424101K [0x00007f0bc1b50000, 0x00007f0d86d76000, 0x00007f166c600000)
   the space 7424152K,  99% used [0x00007f0bc1b50000, 0x00007f0d86d69720, 0x00007f0d86d69800, 0x00007f0d86d76000)
 Metaspace       used 30347K, capacity 30759K, committed 30976K, reserved 32768K
}

