# JRE version: OpenJDK Runtime Environment (13.0.7+5) (build 13.0.7+5-Ubuntu-0ubuntu120.04)
# Java VM: OpenJDK 64-Bit Server VM (13.0.7+5-Ubuntu-0ubuntu120.04, mixed mode, tiered, compressed oops, serial gc, linux-amd64)
Heap:
 def new generation   total 1666560K, used 0K [0x0000000080200000, 0x00000000f1250000, 0x0000000300150000)
  eden space 1481408K,   0% used [0x0000000080200000, 0x0000000080200000, 0x00000000da8b0000)
  from space 185152K,   0% used [0x00000000da8b0000, 0x00000000da8b0000, 0x00000000e5d80000)
  to   space 185152K,   0% used [0x00000000e5d80000, 0x00000000e5d80000, 0x00000000f1250000)
 tenured generation   total 3711632K, used 2581475K [0x0000000300150000, 0x00000003e29f4000, 0x0000000800000000)
   the space 3711632K,  69% used [0x0000000300150000, 0x000000039da48fe0, 0x000000039da49000, 0x00000003e29f4000)
 Metaspace       used 22753K, capacity 23360K, committed 23680K, reserved 1071104K
  class space    used 2354K, capacity 2568K, committed 2688K, reserved 1048576K
GC Heap History (20 events):
Event: 718.326 GC heap after
{Heap after GC invocations=596 (full 21):
 def new generation   total 1666560K, used 59788K [0x0000000080200000, 0x00000000f1250000, 0x0000000300150000)
  eden space 1481408K,   0% used [0x0000000080200000, 0x0000000080200000, 0x00000000da8b0000)
  from space 185152K,  32% used [0x00000000e5d80000, 0x00000000e97e3110, 0x00000000f1250000)
  to   space 185152K,   0% used [0x00000000da8b0000, 0x00000000da8b0000, 0x00000000e5d80000)
 tenured generation   total 3703376K, used 3458786K [0x0000000300150000, 0x00000003e21e4000, 0x0000000800000000)
   the space 3703376K,  93% used [0x0000000300150000, 0x00000003d3308bb8, 0x00000003d3308c00, 0x00000003e21e4000)
 Metaspace       used 22753K, capacity 23360K, committed 23680K, reserved 1071104K
  class space    used 2354K, capacity 2568K, committed 2688K, reserved 1048576K
}
Event: 719.660 GC heap before
{Heap before GC invocations=596 (full 21):
 def new generation   total 1666560K, used 1541196K [0x0000000080200000, 0x00000000f1250000, 0x0000000300150000)
  eden space 1481408K, 100% used [0x0000000080200000, 0x00000000da8b0000, 0x00000000da8b0000)
  from space 185152K,  32% used [0x00000000e5d80000, 0x00000000e97e3110, 0x00000000f1250000)
  to   space 185152K,   0% used [0x00000000da8b0000, 0x00000000da8b0000, 0x00000000e5d80000)
 tenured generation   total 3703376K, used 3458786K [0x0000000300150000, 0x00000003e21e4000, 0x0000000800000000)
   the space 3703376K,  93% used [0x0000000300150000, 0x00000003d3308bb8, 0x00000003d3308c00, 0x00000003e21e4000)
 Metaspace       used 22753K, capacity 23360K, committed 23680K, reserved 1071104K
  class space    used 2354K, capacity 2568K, committed 2688K, reserved 1048576K
}
Event: 719.762 GC heap after
{Heap after GC invocations=597 (full 21):
 def new generation   total 1666560K, used 147363K [0x0000000080200000, 0x00000000f1250000, 0x0000000300150000)
  eden space 1481408K,   0% used [0x0000000080200000, 0x0000000080200000, 0x00000000da8b0000)
  from space 185152K,  79% used [0x00000000da8b0000, 0x00000000e3898c30, 0x00000000e5d80000)
  to   space 185152K,   0% used [0x00000000e5d80000, 0x00000000e5d80000, 0x00000000f1250000)
 tenured generation   total 3703376K, used 3458786K [0x0000000300150000, 0x00000003e21e4000, 0x0000000800000000)
   the space 3703376K,  93% used [0x0000000300150000, 0x00000003d3308bb8, 0x00000003d3308c00, 0x00000003e21e4000)
 Metaspace       used 22753K, capacity 23360K, committed 23680K, reserved 1071104K
  class space    used 2354K, capacity 2568K, committed 2688K, reserved 1048576K
}
Event: 721.057 GC heap before
{Heap before GC invocations=597 (full 21):
 def new generation   total 1666560K, used 1628771K [0x0000000080200000, 0x00000000f1250000, 0x0000000300150000)
  eden space 1481408K, 100% used [0x0000000080200000, 0x00000000da8b0000, 0x00000000da8b0000)
  from space 185152K,  79% used [0x00000000da8b0000, 0x00000000e3898c30, 0x00000000e5d80000)
  to   space 185152K,   0% used [0x00000000e5d80000, 0x00000000e5d80000, 0x00000000f1250000)
 tenured generation   total 3703376K, used 3458786K [0x0000000300150000, 0x00000003e21e4000, 0x0000000800000000)
   the space 3703376K,  93% used [0x0000000300150000, 0x00000003d3308bb8, 0x00000003d3308c00, 0x00000003e21e4000)
 Metaspace       used 22753K, capacity 23360K, committed 23680K, reserved 1071104K
  class space    used 2354K, capacity 2568K, committed 2688K, reserved 1048576K
}
Event: 721.253 GC heap after
{Heap after GC invocations=598 (full 21):
 def new generation   total 1666560K, used 176693K [0x0000000080200000, 0x00000000f1250000, 0x0000000300150000)
  eden space 1481408K,   0% used [0x0000000080200000, 0x0000000080200000, 0x00000000da8b0000)
  from space 185152K,  95% used [0x00000000e5d80000, 0x00000000f0a0d690, 0x00000000f1250000)
  to   space 185152K,   0% used [0x00000000da8b0000, 0x00000000da8b0000, 0x00000000e5d80000)
 tenured generation   total 3703376K, used 3517546K [0x0000000300150000, 0x00000003e21e4000, 0x0000000800000000)
   the space 3703376K,  94% used [0x0000000300150000, 0x00000003d6c6aad8, 0x00000003d6c6ac00, 0x00000003e21e4000)
 Metaspace       used 22753K, capacity 23360K, committed 23680K, reserved 1071104K
  class space    used 2354K, capacity 2568K, committed 2688K, reserved 1048576K
}
Event: 722.553 GC heap before
{Heap before GC invocations=598 (full 21):
 def new generation   total 1666560K, used 1658101K [0x0000000080200000, 0x00000000f1250000, 0x0000000300150000)
  eden space 1481408K, 100% used [0x0000000080200000, 0x00000000da8b0000, 0x00000000da8b0000)
  from space 185152K,  95% used [0x00000000e5d80000, 0x00000000f0a0d690, 0x00000000f1250000)
  to   space 185152K,   0% used [0x00000000da8b0000, 0x00000000da8b0000, 0x00000000e5d80000)
 tenured generation   total 3703376K, used 3517546K [0x0000000300150000, 0x00000003e21e4000, 0x0000000800000000)
   the space 3703376K,  94% used [0x0000000300150000, 0x00000003d6c6aad8, 0x00000003d6c6ac00, 0x00000003e21e4000)
 Metaspace       used 22753K, capacity 23360K, committed 23680K, reserved 1071104K
  class space    used 2354K, capacity 2568K, committed 2688K, reserved 1048576K
}
Event: 722.587 GC heap after
{Heap after GC invocations=599 (full 21):
 def new generation   total 1666560K, used 51505K [0x0000000080200000, 0x00000000f1250000, 0x0000000300150000)
  eden space 1481408K,   0% used [0x0000000080200000, 0x0000000080200000, 0x00000000da8b0000)
  from space 185152K,  27% used [0x00000000da8b0000, 0x00000000ddafc4d8, 0x00000000e5d80000)
  to   space 185152K,   0% used [0x00000000e5d80000, 0x00000000e5d80000, 0x00000000f1250000)
 tenured generation   total 3703376K, used 3519108K [0x0000000300150000, 0x00000003e21e4000, 0x0000000800000000)
   the space 3703376K,  95% used [0x0000000300150000, 0x00000003d6df1128, 0x00000003d6df1200, 0x00000003e21e4000)
 Metaspace       used 22753K, capacity 23360K, committed 23680K, reserved 1071104K
  class space    used 2354K, capacity 2568K, committed 2688K, reserved 1048576K
}
Event: 723.923 GC heap before
{Heap before GC invocations=599 (full 21):
 def new generation   total 1666560K, used 1532913K [0x0000000080200000, 0x00000000f1250000, 0x0000000300150000)
  eden space 1481408K, 100% used [0x0000000080200000, 0x00000000da8b0000, 0x00000000da8b0000)
  from space 185152K,  27% used [0x00000000da8b0000, 0x00000000ddafc4d8, 0x00000000e5d80000)
  to   space 185152K,   0% used [0x00000000e5d80000, 0x00000000e5d80000, 0x00000000f1250000)
 tenured generation   total 3703376K, used 3519108K [0x0000000300150000, 0x00000003e21e4000, 0x0000000800000000)
   the space 3703376K,  95% used [0x0000000300150000, 0x00000003d6df1128, 0x00000003d6df1200, 0x00000003e21e4000)
 Metaspace       used 22753K, capacity 23360K, committed 23680K, reserved 1071104K
  class space    used 2354K, capacity 2568K, committed 2688K, reserved 1048576K
}
Event: 724.034 GC heap after
{Heap after GC invocations=600 (full 21):
 def new generation   total 1666560K, used 139598K [0x0000000080200000, 0x00000000f1250000, 0x0000000300150000)
  eden space 1481408K,   0% used [0x0000000080200000, 0x0000000080200000, 0x00000000da8b0000)
  from space 185152K,  75% used [0x00000000e5d80000, 0x00000000ee5d38b8, 0x00000000f1250000)
  to   space 185152K,   0% used [0x00000000da8b0000, 0x00000000da8b0000, 0x00000000e5d80000)
 tenured generation   total 3703376K, used 3519108K [0x0000000300150000, 0x00000003e21e4000, 0x0000000800000000)
   the space 3703376K,  95% used [0x0000000300150000, 0x00000003d6df1128, 0x00000003d6df1200, 0x00000003e21e4000)
 Metaspace       used 22753K, capacity 23360K, committed 23680K, reserved 1071104K
  class space    used 2354K, capacity 2568K, committed 2688K, reserved 1048576K
}
Event: 725.346 GC heap before
{Heap before GC invocations=600 (full 21):
 def new generation   total 1666560K, used 1621006K [0x0000000080200000, 0x00000000f1250000, 0x0000000300150000)
  eden space 1481408K, 100% used [0x0000000080200000, 0x00000000da8b0000, 0x00000000da8b0000)
  from space 185152K,  75% used [0x00000000e5d80000, 0x00000000ee5d38b8, 0x00000000f1250000)
  to   space 185152K,   0% used [0x00000000da8b0000, 0x00000000da8b0000, 0x00000000e5d80000)
 tenured generation   total 3703376K, used 3519108K [0x0000000300150000, 0x00000003e21e4000, 0x0000000800000000)
   the space 3703376K,  95% used [0x0000000300150000, 0x00000003d6df1128, 0x00000003d6df1200, 0x00000003e21e4000)
 Metaspace       used 22753K, capacity 23360K, committed 23680K, reserved 1071104K
  class space    used 2354K, capacity 2568K, committed 2688K, reserved 1048576K
}
Event: 725.562 GC heap after
{Heap after GC invocations=601 (full 21):
 def new generation   total 1666560K, used 176698K [0x0000000080200000, 0x00000000f1250000, 0x0000000300150000)
  eden space 1481408K,   0% used [0x0000000080200000, 0x0000000080200000, 0x00000000da8b0000)
  from space 185152K,  95% used [0x00000000da8b0000, 0x00000000e553ebb0, 0x00000000e5d80000)
  to   space 185152K,   0% used [0x00000000e5d80000, 0x00000000e5d80000, 0x00000000f1250000)
 tenured generation   total 3703376K, used 3570097K [0x0000000300150000, 0x00000003e21e4000, 0x0000000800000000)
   the space 3703376K,  96% used [0x0000000300150000, 0x00000003d9fbc4e8, 0x00000003d9fbc600, 0x00000003e21e4000)
 Metaspace       used 22753K, capacity 23360K, committed 23680K, reserved 1071104K
  class space    used 2354K, capacity 2568K, committed 2688K, reserved 1048576K
}
Event: 726.857 GC heap before
{Heap before GC invocations=601 (full 21):
 def new generation   total 1666560K, used 1658106K [0x0000000080200000, 0x00000000f1250000, 0x0000000300150000)
  eden space 1481408K, 100% used [0x0000000080200000, 0x00000000da8b0000, 0x00000000da8b0000)
  from space 185152K,  95% used [0x00000000da8b0000, 0x00000000e553ebb0, 0x00000000e5d80000)
  to   space 185152K,   0% used [0x00000000e5d80000, 0x00000000e5d80000, 0x00000000f1250000)
 tenured generation   total 3703376K, used 3570097K [0x0000000300150000, 0x00000003e21e4000, 0x0000000800000000)
   the space 3703376K,  96% used [0x0000000300150000, 0x00000003d9fbc4e8, 0x00000003d9fbc600, 0x00000003e21e4000)
 Metaspace       used 22753K, capacity 23360K, committed 23680K, reserved 1071104K
  class space    used 2354K, capacity 2568K, committed 2688K, reserved 1048576K
}
Event: 726.886 GC heap after
{Heap after GC invocations=602 (full 21):
 def new generation   total 1666560K, used 44749K [0x0000000080200000, 0x00000000f1250000, 0x0000000300150000)
  eden space 1481408K,   0% used [0x0000000080200000, 0x0000000080200000, 0x00000000da8b0000)
  from space 185152K,  24% used [0x00000000e5d80000, 0x00000000e8933698, 0x00000000f1250000)
  to   space 185152K,   0% used [0x00000000da8b0000, 0x00000000da8b0000, 0x00000000e5d80000)
 tenured generation   total 3703376K, used 3570622K [0x0000000300150000, 0x00000003e21e4000, 0x0000000800000000)
   the space 3703376K,  96% used [0x0000000300150000, 0x00000003da03fa78, 0x00000003da03fc00, 0x00000003e21e4000)
 Metaspace       used 22753K, capacity 23360K, committed 23680K, reserved 1071104K
  class space    used 2354K, capacity 2568K, committed 2688K, reserved 1048576K
}
Event: 728.243 GC heap before
{Heap before GC invocations=602 (full 21):
 def new generation   total 1666560K, used 1526157K [0x0000000080200000, 0x00000000f1250000, 0x0000000300150000)
  eden space 1481408K, 100% used [0x0000000080200000, 0x00000000da8b0000, 0x00000000da8b0000)
  from space 185152K,  24% used [0x00000000e5d80000, 0x00000000e8933698, 0x00000000f1250000)
  to   space 185152K,   0% used [0x00000000da8b0000, 0x00000000da8b0000, 0x00000000e5d80000)
 tenured generation   total 3703376K, used 3570622K [0x0000000300150000, 0x00000003e21e4000, 0x0000000800000000)
   the space 3703376K,  96% used [0x0000000300150000, 0x00000003da03fa78, 0x00000003da03fc00, 0x00000003e21e4000)
 Metaspace       used 22753K, capacity 23360K, committed 23680K, reserved 1071104K
  class space    used 2354K, capacity 2568K, committed 2688K, reserved 1048576K
}
Event: 728.359 GC heap after
{Heap after GC invocations=603 (full 21):
 def new generation   total 1666560K, used 132846K [0x0000000080200000, 0x00000000f1250000, 0x0000000300150000)
  eden space 1481408K,   0% used [0x0000000080200000, 0x0000000080200000, 0x00000000da8b0000)
  from space 185152K,  71% used [0x00000000da8b0000, 0x00000000e2a6ba10, 0x00000000e5d80000)
  to   space 185152K,   0% used [0x00000000e5d80000, 0x00000000e5d80000, 0x00000000f1250000)
 tenured generation   total 3703376K, used 3570622K [0x0000000300150000, 0x00000003e21e4000, 0x0000000800000000)
   the space 3703376K,  96% used [0x0000000300150000, 0x00000003da03fa78, 0x00000003da03fc00, 0x00000003e21e4000)
 Metaspace       used 22753K, capacity 23360K, committed 23680K, reserved 1071104K
  class space    used 2354K, capacity 2568K, committed 2688K, reserved 1048576K
}
Event: 729.692 GC heap before
{Heap before GC invocations=603 (full 21):
 def new generation   total 1666560K, used 1614254K [0x0000000080200000, 0x00000000f1250000, 0x0000000300150000)
  eden space 1481408K, 100% used [0x0000000080200000, 0x00000000da8b0000, 0x00000000da8b0000)
  from space 185152K,  71% used [0x00000000da8b0000, 0x00000000e2a6ba10, 0x00000000e5d80000)
  to   space 185152K,   0% used [0x00000000e5d80000, 0x00000000e5d80000, 0x00000000f1250000)
 tenured generation   total 3703376K, used 3570622K [0x0000000300150000, 0x00000003e21e4000, 0x0000000800000000)
   the space 3703376K,  96% used [0x0000000300150000, 0x00000003da03fa78, 0x00000003da03fc00, 0x00000003e21e4000)
 Metaspace       used 22753K, capacity 23360K, committed 23680K, reserved 1071104K
  class space    used 2354K, capacity 2568K, committed 2688K, reserved 1048576K
}
Event: 729.918 GC heap after
{Heap after GC invocations=604 (full 21):
 def new generation   total 1666560K, used 176687K [0x0000000080200000, 0x00000000f1250000, 0x0000000300150000)
  eden space 1481408K,   0% used [0x0000000080200000, 0x0000000080200000, 0x00000000da8b0000)
  from space 185152K,  95% used [0x00000000e5d80000, 0x00000000f0a0bd18, 0x00000000f1250000)
  to   space 185152K,   0% used [0x00000000da8b0000, 0x00000000da8b0000, 0x00000000e5d80000)
 tenured generation   total 3703376K, used 3614855K [0x0000000300150000, 0x00000003e21e4000, 0x0000000800000000)
   the space 3703376K,  97% used [0x0000000300150000, 0x00000003dcb71ff8, 0x00000003dcb72000, 0x00000003e21e4000)
 Metaspace       used 22753K, capacity 23360K, committed 23680K, reserved 1071104K
  class space    used 2354K, capacity 2568K, committed 2688K, reserved 1048576K
}
Event: 731.220 GC heap before
{Heap before GC invocations=604 (full 21):
 def new generation   total 1666560K, used 1658095K [0x0000000080200000, 0x00000000f1250000, 0x0000000300150000)
  eden space 1481408K, 100% used [0x0000000080200000, 0x00000000da8b0000, 0x00000000da8b0000)
  from space 185152K,  95% used [0x00000000e5d80000, 0x00000000f0a0bd18, 0x00000000f1250000)
  to   space 185152K,   0% used [0x00000000da8b0000, 0x00000000da8b0000, 0x00000000e5d80000)
 tenured generation   total 3703376K, used 3614855K [0x0000000300150000, 0x00000003e21e4000, 0x0000000800000000)
   the space 3703376K,  97% used [0x0000000300150000, 0x00000003dcb71ff8, 0x00000003dcb72000, 0x00000003e21e4000)
 Metaspace       used 22753K, capacity 23360K, committed 23680K, reserved 1071104K
  class space    used 2354K, capacity 2568K, committed 2688K, reserved 1048576K
}
Event: 731.511 GC heap after
{Heap after GC invocations=605 (full 21):
 def new generation   total 1666560K, used 184917K [0x0000000080200000, 0x00000000f1250000, 0x0000000300150000)
  eden space 1481408K,   0% used [0x0000000080200000, 0x0000000080200000, 0x00000000da8b0000)
  from space 185152K,  99% used [0x00000000da8b0000, 0x00000000e5d456e8, 0x00000000e5d80000)
  to   space 185152K,   0% used [0x00000000e5d80000, 0x00000000e5d80000, 0x00000000f1250000)
 tenured generation   total 3711632K, used 3711130K [0x0000000300150000, 0x00000003e29f4000, 0x0000000800000000)
   the space 3711632K,  99% used [0x0000000300150000, 0x00000003e29769d8, 0x00000003e2976a00, 0x00000003e29f4000)
 Metaspace       used 22753K, capacity 23360K, committed 23680K, reserved 1071104K
  class space    used 2354K, capacity 2568K, committed 2688K, reserved 1048576K
}
Event: 731.511 GC heap before
{Heap before GC invocations=605 (full 21):
 def new generation   total 1666560K, used 184917K [0x0000000080200000, 0x00000000f1250000, 0x0000000300150000)
  eden space 1481408K,   0% used [0x0000000080200000, 0x0000000080200000, 0x00000000da8b0000)
  from space 185152K,  99% used [0x00000000da8b0000, 0x00000000e5d456e8, 0x00000000e5d80000)
  to   space 185152K,   0% used [0x00000000e5d80000, 0x00000000e5d80000, 0x00000000f1250000)
 tenured generation   total 3711632K, used 3711130K [0x0000000300150000, 0x00000003e29f4000, 0x0000000800000000)
   the space 3711632K,  99% used [0x0000000300150000, 0x00000003e29769d8, 0x00000003e2976a00, 0x00000003e29f4000)
 Metaspace       used 22753K, capacity 23360K, committed 23680K, reserved 1071104K
  class space    used 2354K, capacity 2568K, committed 2688K, reserved 1048576K
}

