# JRE version: OpenJDK Runtime Environment (13.0.7+5) (build 13.0.7+5-Ubuntu-0ubuntu120.04)
# Java VM: OpenJDK 64-Bit Server VM (13.0.7+5-Ubuntu-0ubuntu120.04, mixed mode, tiered, serial gc, linux-amd64)
Heap:
 def new generation   total 2916416K, used 272163K [0x00007f61a0600000, 0x00007f6266280000, 0x00007f66f5b50000)
  eden space 2592384K,  10% used [0x00007f61a0600000, 0x00007f61b0fc8f08, 0x00007f623e9a0000)
  from space 324032K,   0% used [0x00007f623e9a0000, 0x00007f623e9a0000, 0x00007f6252610000)
  to   space 324032K,   0% used [0x00007f6252610000, 0x00007f6252610000, 0x00007f6266280000)
 tenured generation   total 8749340K, used 8749339K [0x00007f66f5b50000, 0x00007f690bb97000, 0x00007f71a0600000)
   the space 8749340K,  99% used [0x00007f66f5b50000, 0x00007f690bb96c98, 0x00007f690bb96e00, 0x00007f690bb97000)
 Metaspace       used 31259K, capacity 31747K, committed 32000K, reserved 32768K
GC Heap History (20 events):
Event: 16.394 GC heap after
{Heap after GC invocations=9 (full 1):
 def new generation   total 629248K, used 379K [0x00007f61a0600000, 0x00007f61cb0c0000, 0x00007f66f5b50000)
  eden space 559360K,   0% used [0x00007f61a0600000, 0x00007f61a0600000, 0x00007f61c2840000)
  from space 69888K,   0% used [0x00007f61c2840000, 0x00007f61c289efb0, 0x00007f61c6c80000)
  to   space 69888K,   0% used [0x00007f61c6c80000, 0x00007f61c6c80000, 0x00007f61cb0c0000)
 tenured generation   total 1398144K, used 64160K [0x00007f66f5b50000, 0x00007f674b0b0000, 0x00007f71a0600000)
   the space 1398144K,   4% used [0x00007f66f5b50000, 0x00007f66f99f8030, 0x00007f66f99f8200, 0x00007f674b0b0000)
 Metaspace       used 31259K, capacity 31747K, committed 32000K, reserved 32768K
}
Event: 16.943 GC heap before
{Heap before GC invocations=9 (full 1):
 def new generation   total 629248K, used 559739K [0x00007f61a0600000, 0x00007f61cb0c0000, 0x00007f66f5b50000)
  eden space 559360K, 100% used [0x00007f61a0600000, 0x00007f61c2840000, 0x00007f61c2840000)
  from space 69888K,   0% used [0x00007f61c2840000, 0x00007f61c289efb0, 0x00007f61c6c80000)
  to   space 69888K,   0% used [0x00007f61c6c80000, 0x00007f61c6c80000, 0x00007f61cb0c0000)
 tenured generation   total 1398144K, used 64160K [0x00007f66f5b50000, 0x00007f674b0b0000, 0x00007f71a0600000)
   the space 1398144K,   4% used [0x00007f66f5b50000, 0x00007f66f99f8030, 0x00007f66f99f8200, 0x00007f674b0b0000)
 Metaspace       used 31259K, capacity 31747K, committed 32000K, reserved 32768K
}
Event: 16.973 GC heap after
{Heap after GC invocations=10 (full 1):
 def new generation   total 629248K, used 7599K [0x00007f61a0600000, 0x00007f61cb0c0000, 0x00007f66f5b50000)
  eden space 559360K,   0% used [0x00007f61a0600000, 0x00007f61a0600000, 0x00007f61c2840000)
  from space 69888K,  10% used [0x00007f61c6c80000, 0x00007f61c73ebfb0, 0x00007f61cb0c0000)
  to   space 69888K,   0% used [0x00007f61c2840000, 0x00007f61c2840000, 0x00007f61c6c80000)
 tenured generation   total 1398144K, used 64160K [0x00007f66f5b50000, 0x00007f674b0b0000, 0x00007f71a0600000)
   the space 1398144K,   4% used [0x00007f66f5b50000, 0x00007f66f99f8030, 0x00007f66f99f8200, 0x00007f674b0b0000)
 Metaspace       used 31259K, capacity 31747K, committed 32000K, reserved 32768K
}
Event: 17.835 GC heap before
{Heap before GC invocations=10 (full 1):
 def new generation   total 629248K, used 566959K [0x00007f61a0600000, 0x00007f61cb0c0000, 0x00007f66f5b50000)
  eden space 559360K, 100% used [0x00007f61a0600000, 0x00007f61c2840000, 0x00007f61c2840000)
  from space 69888K,  10% used [0x00007f61c6c80000, 0x00007f61c73ebfb0, 0x00007f61cb0c0000)
  to   space 69888K,   0% used [0x00007f61c2840000, 0x00007f61c2840000, 0x00007f61c6c80000)
 tenured generation   total 1398144K, used 64160K [0x00007f66f5b50000, 0x00007f674b0b0000, 0x00007f71a0600000)
   the space 1398144K,   4% used [0x00007f66f5b50000, 0x00007f66f99f8030, 0x00007f66f99f8200, 0x00007f674b0b0000)
 Metaspace       used 31259K, capacity 31747K, committed 32000K, reserved 32768K
}
Event: 19.391 GC heap after
{Heap after GC invocations=11 (full 1):
 def new generation   total 629248K, used 69887K [0x00007f61a0600000, 0x00007f61cb0c0000, 0x00007f66f5b50000)
  eden space 559360K,   0% used [0x00007f61a0600000, 0x00007f61a0600000, 0x00007f61c2840000)
  from space 69888K,  99% used [0x00007f61c2840000, 0x00007f61c6c7ffe8, 0x00007f61c6c80000)
  to   space 69888K,   0% used [0x00007f61c6c80000, 0x00007f61c6c80000, 0x00007f61cb0c0000)
 tenured generation   total 1398144K, used 335460K [0x00007f66f5b50000, 0x00007f674b0b0000, 0x00007f71a0600000)
   the space 1398144K,  23% used [0x00007f66f5b50000, 0x00007f670a2e9108, 0x00007f670a2e9200, 0x00007f674b0b0000)
 Metaspace       used 31259K, capacity 31747K, committed 32000K, reserved 32768K
}
Event: 20.953 GC heap before
{Heap before GC invocations=11 (full 1):
 def new generation   total 629248K, used 595376K [0x00007f61a0600000, 0x00007f61cb0c0000, 0x00007f66f5b50000)
  eden space 559360K,  93% used [0x00007f61a0600000, 0x00007f61c072c228, 0x00007f61c2840000)
  from space 69888K,  99% used [0x00007f61c2840000, 0x00007f61c6c7ffe8, 0x00007f61c6c80000)
  to   space 69888K,   0% used [0x00007f61c6c80000, 0x00007f61c6c80000, 0x00007f61cb0c0000)
 tenured generation   total 1398144K, used 335460K [0x00007f66f5b50000, 0x00007f674b0b0000, 0x00007f71a0600000)
   the space 1398144K,  23% used [0x00007f66f5b50000, 0x00007f670a2e9108, 0x00007f670a2e9200, 0x00007f674b0b0000)
 Metaspace       used 31259K, capacity 31747K, committed 32000K, reserved 32768K
}
Event: 21.688 GC heap after
{Heap after GC invocations=12 (full 1):
 def new generation   total 629248K, used 69887K [0x00007f61a0600000, 0x00007f61cb0c0000, 0x00007f66f5b50000)
  eden space 559360K,   0% used [0x00007f61a0600000, 0x00007f61a0600000, 0x00007f61c2840000)
  from space 69888K,  99% used [0x00007f61c6c80000, 0x00007f61cb0bfc08, 0x00007f61cb0c0000)
  to   space 69888K,   0% used [0x00007f61c2840000, 0x00007f61c2840000, 0x00007f61c6c80000)
 tenured generation   total 1398144K, used 672659K [0x00007f66f5b50000, 0x00007f674b0b0000, 0x00007f71a0600000)
   the space 1398144K,  48% used [0x00007f66f5b50000, 0x00007f671ec34e40, 0x00007f671ec35000, 0x00007f674b0b0000)
 Metaspace       used 31259K, capacity 31747K, committed 32000K, reserved 32768K
}
Event: 21.688 GC heap before
{Heap before GC invocations=12 (full 1):
 def new generation   total 629248K, used 69887K [0x00007f61a0600000, 0x00007f61cb0c0000, 0x00007f66f5b50000)
  eden space 559360K,   0% used [0x00007f61a0600000, 0x00007f61a0600000, 0x00007f61c2840000)
  from space 69888K,  99% used [0x00007f61c6c80000, 0x00007f61cb0bfc08, 0x00007f61cb0c0000)
  to   space 69888K,   0% used [0x00007f61c2840000, 0x00007f61c2840000, 0x00007f61c6c80000)
 tenured generation   total 1398144K, used 672659K [0x00007f66f5b50000, 0x00007f674b0b0000, 0x00007f71a0600000)
   the space 1398144K,  48% used [0x00007f66f5b50000, 0x00007f671ec34e40, 0x00007f671ec35000, 0x00007f674b0b0000)
 Metaspace       used 31259K, capacity 31747K, committed 32000K, reserved 32768K
}
Event: 22.201 GC heap after
{Heap after GC invocations=12 (full 2):
 def new generation   total 629248K, used 0K [0x00007f61a0600000, 0x00007f61cb0c0000, 0x00007f66f5b50000)
  eden space 559360K,   0% used [0x00007f61a0600000, 0x00007f61a0600000, 0x00007f61c2840000)
  from space 69888K,   0% used [0x00007f61c6c80000, 0x00007f61c6c80000, 0x00007f61cb0c0000)
  to   space 69888K,   0% used [0x00007f61c2840000, 0x00007f61c2840000, 0x00007f61c6c80000)
 tenured generation   total 1398144K, used 742546K [0x00007f66f5b50000, 0x00007f674b0b0000, 0x00007f71a0600000)
   the space 1398144K,  53% used [0x00007f66f5b50000, 0x00007f6723074a48, 0x00007f6723074c00, 0x00007f674b0b0000)
 Metaspace       used 31259K, capacity 31747K, committed 32000K, reserved 32768K
}
Event: 24.943 GC heap before
{Heap before GC invocations=12 (full 2):
 def new generation   total 629248K, used 559360K [0x00007f61a0600000, 0x00007f61cb0c0000, 0x00007f66f5b50000)
  eden space 559360K, 100% used [0x00007f61a0600000, 0x00007f61c2840000, 0x00007f61c2840000)
  from space 69888K,   0% used [0x00007f61c6c80000, 0x00007f61c6c80000, 0x00007f61cb0c0000)
  to   space 69888K,   0% used [0x00007f61c2840000, 0x00007f61c2840000, 0x00007f61c6c80000)
 tenured generation   total 3495300K, used 2839698K [0x00007f66f5b50000, 0x00007f67cb0b1000, 0x00007f71a0600000)
   the space 3495300K,  81% used [0x00007f66f5b50000, 0x00007f67a3074a60, 0x00007f67a3074c00, 0x00007f67cb0b1000)
 Metaspace       used 31259K, capacity 31747K, committed 32000K, reserved 32768K
}
Event: 26.001 GC heap after
{Heap after GC invocations=13 (full 2):
 def new generation   total 629248K, used 69887K [0x00007f61a0600000, 0x00007f61cb0c0000, 0x00007f66f5b50000)
  eden space 559360K,   0% used [0x00007f61a0600000, 0x00007f61a0600000, 0x00007f61c2840000)
  from space 69888K,  99% used [0x00007f61c2840000, 0x00007f61c6c7fde8, 0x00007f61c6c80000)
  to   space 69888K,   0% used [0x00007f61c6c80000, 0x00007f61c6c80000, 0x00007f61cb0c0000)
 tenured generation   total 3495300K, used 3329114K [0x00007f66f5b50000, 0x00007f67cb0b1000, 0x00007f71a0600000)
   the space 3495300K,  95% used [0x00007f66f5b50000, 0x00007f67c0e66a60, 0x00007f67c0e66c00, 0x00007f67cb0b1000)
 Metaspace       used 31259K, capacity 31747K, committed 32000K, reserved 32768K
}
Event: 26.320 GC heap before
{Heap before GC invocations=13 (full 2):
 def new generation   total 629248K, used 629247K [0x00007f61a0600000, 0x00007f61cb0c0000, 0x00007f66f5b50000)
  eden space 559360K, 100% used [0x00007f61a0600000, 0x00007f61c2840000, 0x00007f61c2840000)
  from space 69888K,  99% used [0x00007f61c2840000, 0x00007f61c6c7fde8, 0x00007f61c6c80000)
  to   space 69888K,   0% used [0x00007f61c6c80000, 0x00007f61c6c80000, 0x00007f61cb0c0000)
 tenured generation   total 3495300K, used 3329114K [0x00007f66f5b50000, 0x00007f67cb0b1000, 0x00007f71a0600000)
   the space 3495300K,  95% used [0x00007f66f5b50000, 0x00007f67c0e66a60, 0x00007f67c0e66c00, 0x00007f67cb0b1000)
 Metaspace       used 31259K, capacity 31747K, committed 32000K, reserved 32768K
}
Event: 27.435 GC heap after
{Heap after GC invocations=14 (full 2):
 def new generation   total 629248K, used 69887K [0x00007f61a0600000, 0x00007f61cb0c0000, 0x00007f66f5b50000)
  eden space 559360K,   0% used [0x00007f61a0600000, 0x00007f61a0600000, 0x00007f61c2840000)
  from space 69888K,  99% used [0x00007f61c6c80000, 0x00007f61cb0bfde8, 0x00007f61cb0c0000)
  to   space 69888K,   0% used [0x00007f61c2840000, 0x00007f61c2840000, 0x00007f61c6c80000)
 tenured generation   total 3888516K, used 3888424K [0x00007f66f5b50000, 0x00007f67e30b1000, 0x00007f71a0600000)
   the space 3888516K,  99% used [0x00007f66f5b50000, 0x00007f67e309a0d8, 0x00007f67e309a200, 0x00007f67e30b1000)
 Metaspace       used 31259K, capacity 31747K, committed 32000K, reserved 32768K
}
Event: 27.435 GC heap before
{Heap before GC invocations=14 (full 2):
 def new generation   total 629248K, used 69887K [0x00007f61a0600000, 0x00007f61cb0c0000, 0x00007f66f5b50000)
  eden space 559360K,   0% used [0x00007f61a0600000, 0x00007f61a0600000, 0x00007f61c2840000)
  from space 69888K,  99% used [0x00007f61c6c80000, 0x00007f61cb0bfde8, 0x00007f61cb0c0000)
  to   space 69888K,   0% used [0x00007f61c2840000, 0x00007f61c2840000, 0x00007f61c6c80000)
 tenured generation   total 3888516K, used 3888424K [0x00007f66f5b50000, 0x00007f67e30b1000, 0x00007f71a0600000)
   the space 3888516K,  99% used [0x00007f66f5b50000, 0x00007f67e309a0d8, 0x00007f67e309a200, 0x00007f67e30b1000)
 Metaspace       used 31259K, capacity 31747K, committed 32000K, reserved 32768K
}
Event: 32.237 GC heap after
{Heap after GC invocations=14 (full 3):
 def new generation   total 2916416K, used 69796K [0x00007f61a0600000, 0x00007f6266280000, 0x00007f66f5b50000)
  eden space 2592384K,   2% used [0x00007f61a0600000, 0x00007f61a4a29190, 0x00007f623e9a0000)
  from space 324032K,   0% used [0x00007f623e9a0000, 0x00007f623e9a0000, 0x00007f6252610000)
  to   space 324032K,   0% used [0x00007f6252610000, 0x00007f6252610000, 0x00007f6266280000)
 tenured generation   total 6480860K, used 3888515K [0x00007f66f5b50000, 0x00007f6881447000, 0x00007f71a0600000)
   the space 6480860K,  59% used [0x00007f66f5b50000, 0x00007f67e30b0d30, 0x00007f67e30b0e00, 0x00007f6881447000)
 Metaspace       used 31259K, capacity 31747K, committed 32000K, reserved 32768K
}
Event: 34.595 GC heap before
{Heap before GC invocations=14 (full 3):
 def new generation   total 2916416K, used 2592384K [0x00007f61a0600000, 0x00007f6266280000, 0x00007f66f5b50000)
  eden space 2592384K, 100% used [0x00007f61a0600000, 0x00007f623e9a0000, 0x00007f623e9a0000)
  from space 324032K,   0% used [0x00007f623e9a0000, 0x00007f623e9a0000, 0x00007f6252610000)
  to   space 324032K,   0% used [0x00007f6252610000, 0x00007f6252610000, 0x00007f6266280000)
 tenured generation   total 6480860K, used 3888515K [0x00007f66f5b50000, 0x00007f6881447000, 0x00007f71a0600000)
   the space 6480860K,  59% used [0x00007f66f5b50000, 0x00007f67e30b0d30, 0x00007f67e30b0e00, 0x00007f6881447000)
 Metaspace       used 31259K, capacity 31747K, committed 32000K, reserved 32768K
}
Event: 41.528 GC heap after
{Heap after GC invocations=15 (full 3):
 def new generation   total 2916416K, used 324031K [0x00007f61a0600000, 0x00007f6266280000, 0x00007f66f5b50000)
  eden space 2592384K,   0% used [0x00007f61a0600000, 0x00007f61a0600000, 0x00007f623e9a0000)
  from space 324032K,  99% used [0x00007f6252610000, 0x00007f626627fe48, 0x00007f6266280000)
  to   space 324032K,   0% used [0x00007f623e9a0000, 0x00007f623e9a0000, 0x00007f6252610000)
 tenured generation   total 6480860K, used 6156825K [0x00007f66f5b50000, 0x00007f6881447000, 0x00007f71a0600000)
   the space 6480860K,  95% used [0x00007f66f5b50000, 0x00007f686d7d6550, 0x00007f686d7d6600, 0x00007f6881447000)
 Metaspace       used 31259K, capacity 31747K, committed 32000K, reserved 32768K
}
Event: 43.281 GC heap before
{Heap before GC invocations=15 (full 3):
 def new generation   total 2916416K, used 2916415K [0x00007f61a0600000, 0x00007f6266280000, 0x00007f66f5b50000)
  eden space 2592384K, 100% used [0x00007f61a0600000, 0x00007f623e9a0000, 0x00007f623e9a0000)
  from space 324032K,  99% used [0x00007f6252610000, 0x00007f626627fe48, 0x00007f6266280000)
  to   space 324032K,   0% used [0x00007f623e9a0000, 0x00007f623e9a0000, 0x00007f6252610000)
 tenured generation   total 6480860K, used 6156825K [0x00007f66f5b50000, 0x00007f6881447000, 0x00007f71a0600000)
   the space 6480860K,  95% used [0x00007f66f5b50000, 0x00007f686d7d6550, 0x00007f686d7d6600, 0x00007f6881447000)
 Metaspace       used 31259K, capacity 31747K, committed 32000K, reserved 32768K
}
Event: 48.990 GC heap after
{Heap after GC invocations=16 (full 3):
 def new generation   total 2916416K, used 324031K [0x00007f61a0600000, 0x00007f6266280000, 0x00007f66f5b50000)
  eden space 2592384K,   0% used [0x00007f61a0600000, 0x00007f61a0600000, 0x00007f623e9a0000)
  from space 324032K,  99% used [0x00007f623e9a0000, 0x00007f625260fe48, 0x00007f6252610000)
  to   space 324032K,   0% used [0x00007f6252610000, 0x00007f6252610000, 0x00007f6266280000)
 tenured generation   total 8749340K, used 8749152K [0x00007f66f5b50000, 0x00007f690bb97000, 0x00007f71a0600000)
   the space 8749340K,  99% used [0x00007f66f5b50000, 0x00007f690bb68268, 0x00007f690bb68400, 0x00007f690bb97000)
 Metaspace       used 31259K, capacity 31747K, committed 32000K, reserved 32768K
}
Event: 48.990 GC heap before
{Heap before GC invocations=16 (full 3):
 def new generation   total 2916416K, used 324031K [0x00007f61a0600000, 0x00007f6266280000, 0x00007f66f5b50000)
  eden space 2592384K,   0% used [0x00007f61a0600000, 0x00007f61a0600000, 0x00007f623e9a0000)
  from space 324032K,  99% used [0x00007f623e9a0000, 0x00007f625260fe48, 0x00007f6252610000)
  to   space 324032K,   0% used [0x00007f6252610000, 0x00007f6252610000, 0x00007f6266280000)
 tenured generation   total 8749340K, used 8749152K [0x00007f66f5b50000, 0x00007f690bb97000, 0x00007f71a0600000)
   the space 8749340K,  99% used [0x00007f66f5b50000, 0x00007f690bb68268, 0x00007f690bb68400, 0x00007f690bb97000)
 Metaspace       used 31259K, capacity 31747K, committed 32000K, reserved 32768K
}

