# JRE version: OpenJDK Runtime Environment (13.0.7+5) (build 13.0.7+5-Ubuntu-0ubuntu120.04)
# Java VM: OpenJDK 64-Bit Server VM (13.0.7+5-Ubuntu-0ubuntu120.04, mixed mode, tiered, serial gc, linux-amd64)
Heap:
 def new generation   total 3156864K, used 0K [0x00007f7164600000, 0x00007f723a760000, 0x00007f76b9b50000)
  eden space 2806144K,   0% used [0x00007f7164600000, 0x00007f7164600000, 0x00007f720fa60000)
  from space 350720K,   0% used [0x00007f72250e0000, 0x00007f72250e0000, 0x00007f723a760000)
  to   space 350720K,   0% used [0x00007f720fa60000, 0x00007f720fa60000, 0x00007f72250e0000)
 tenured generation   total 15403704K, used 8398013K [0x00007f76b9b50000, 0x00007f7a65dfe000, 0x00007f8164600000)
   the space 15403704K,  54% used [0x00007f76b9b50000, 0x00007f78ba47f6e8, 0x00007f78ba47f800, 0x00007f7a65dfe000)
 Metaspace       used 23251K, capacity 23610K, committed 23808K, reserved 24576K
GC Heap History (19 events):
Event: 3.712 GC heap before
{Heap before GC invocations=0 (full 0):
 def new generation   total 629120K, used 100664K [0x00007f7164600000, 0x00007f718f0a0000, 0x00007f76b9b50000)
  eden space 559232K,  18% used [0x00007f7164600000, 0x00007f716a84e268, 0x00007f7186820000)
  from space 69888K,   0% used [0x00007f7186820000, 0x00007f7186820000, 0x00007f718ac60000)
  to   space 69888K,   0% used [0x00007f718ac60000, 0x00007f718ac60000, 0x00007f718f0a0000)
 tenured generation   total 1398144K, used 0K [0x00007f76b9b50000, 0x00007f770f0b0000, 0x00007f8164600000)
   the space 1398144K,   0% used [0x00007f76b9b50000, 0x00007f76b9b50000, 0x00007f76b9b50200, 0x00007f770f0b0000)
 Metaspace       used 20906K, capacity 21207K, committed 21248K, reserved 22528K
}
Event: 3.749 GC heap after
{Heap after GC invocations=1 (full 1):
 def new generation   total 629248K, used 0K [0x00007f7164600000, 0x00007f718f0c0000, 0x00007f76b9b50000)
  eden space 559360K,   0% used [0x00007f7164600000, 0x00007f7164600000, 0x00007f7186840000)
  from space 69888K,   0% used [0x00007f7186840000, 0x00007f7186840000, 0x00007f718ac80000)
  to   space 69888K,   0% used [0x00007f718ac80000, 0x00007f718ac80000, 0x00007f718f0c0000)
 tenured generation   total 1398144K, used 13604K [0x00007f76b9b50000, 0x00007f770f0b0000, 0x00007f8164600000)
   the space 1398144K,   0% used [0x00007f76b9b50000, 0x00007f76ba8992a8, 0x00007f76ba899400, 0x00007f770f0b0000)
 Metaspace       used 20906K, capacity 21207K, committed 21248K, reserved 22528K
}
Event: 5.957 GC heap before
{Heap before GC invocations=1 (full 1):
 def new generation   total 629248K, used 559360K [0x00007f7164600000, 0x00007f718f0c0000, 0x00007f76b9b50000)
  eden space 559360K, 100% used [0x00007f7164600000, 0x00007f7186840000, 0x00007f7186840000)
  from space 69888K,   0% used [0x00007f7186840000, 0x00007f7186840000, 0x00007f718ac80000)
  to   space 69888K,   0% used [0x00007f718ac80000, 0x00007f718ac80000, 0x00007f718f0c0000)
 tenured generation   total 1398144K, used 13604K [0x00007f76b9b50000, 0x00007f770f0b0000, 0x00007f8164600000)
   the space 1398144K,   0% used [0x00007f76b9b50000, 0x00007f76ba8992a8, 0x00007f76ba899400, 0x00007f770f0b0000)
 Metaspace       used 23074K, capacity 23395K, committed 23552K, reserved 24576K
}
Event: 5.963 GC heap after
{Heap after GC invocations=2 (full 1):
 def new generation   total 629248K, used 756K [0x00007f7164600000, 0x00007f718f0c0000, 0x00007f76b9b50000)
  eden space 559360K,   0% used [0x00007f7164600000, 0x00007f7164600000, 0x00007f7186840000)
  from space 69888K,   1% used [0x00007f718ac80000, 0x00007f718ad3d170, 0x00007f718f0c0000)
  to   space 69888K,   0% used [0x00007f7186840000, 0x00007f7186840000, 0x00007f718ac80000)
 tenured generation   total 1398144K, used 13604K [0x00007f76b9b50000, 0x00007f770f0b0000, 0x00007f8164600000)
   the space 1398144K,   0% used [0x00007f76b9b50000, 0x00007f76ba8992a8, 0x00007f76ba899400, 0x00007f770f0b0000)
 Metaspace       used 23074K, capacity 23395K, committed 23552K, reserved 24576K
}
Event: 6.781 GC heap before
{Heap before GC invocations=2 (full 1):
 def new generation   total 629248K, used 370871K [0x00007f7164600000, 0x00007f718f0c0000, 0x00007f76b9b50000)
  eden space 559360K,  66% used [0x00007f7164600000, 0x00007f717af70e10, 0x00007f7186840000)
  from space 69888K,   1% used [0x00007f718ac80000, 0x00007f718ad3d170, 0x00007f718f0c0000)
  to   space 69888K,   0% used [0x00007f7186840000, 0x00007f7186840000, 0x00007f718ac80000)
 tenured generation   total 1398144K, used 13604K [0x00007f76b9b50000, 0x00007f770f0b0000, 0x00007f8164600000)
   the space 1398144K,   0% used [0x00007f76b9b50000, 0x00007f76ba8992a8, 0x00007f76ba899400, 0x00007f770f0b0000)
 Metaspace       used 23247K, capacity 23610K, committed 23808K, reserved 24576K
}
Event: 6.786 GC heap after
{Heap after GC invocations=3 (full 1):
 def new generation   total 629248K, used 2170K [0x00007f7164600000, 0x00007f718f0c0000, 0x00007f76b9b50000)
  eden space 559360K,   0% used [0x00007f7164600000, 0x00007f7164600000, 0x00007f7186840000)
  from space 69888K,   3% used [0x00007f7186840000, 0x00007f7186a5e838, 0x00007f718ac80000)
  to   space 69888K,   0% used [0x00007f718ac80000, 0x00007f718ac80000, 0x00007f718f0c0000)
 tenured generation   total 1398144K, used 13604K [0x00007f76b9b50000, 0x00007f770f0b0000, 0x00007f8164600000)
   the space 1398144K,   0% used [0x00007f76b9b50000, 0x00007f76ba8992a8, 0x00007f76ba899400, 0x00007f770f0b0000)
 Metaspace       used 23247K, capacity 23610K, committed 23808K, reserved 24576K
}
Event: 7.777 GC heap before
{Heap before GC invocations=3 (full 1):
 def new generation   total 629248K, used 561530K [0x00007f7164600000, 0x00007f718f0c0000, 0x00007f76b9b50000)
  eden space 559360K, 100% used [0x00007f7164600000, 0x00007f7186840000, 0x00007f7186840000)
  from space 69888K,   3% used [0x00007f7186840000, 0x00007f7186a5e838, 0x00007f718ac80000)
  to   space 69888K,   0% used [0x00007f718ac80000, 0x00007f718ac80000, 0x00007f718f0c0000)
 tenured generation   total 1398144K, used 13604K [0x00007f76b9b50000, 0x00007f770f0b0000, 0x00007f8164600000)
   the space 1398144K,   0% used [0x00007f76b9b50000, 0x00007f76ba8992a8, 0x00007f76ba899400, 0x00007f770f0b0000)
 Metaspace       used 23251K, capacity 23610K, committed 23808K, reserved 24576K
}
Event: 7.781 GC heap after
{Heap after GC invocations=4 (full 1):
 def new generation   total 629248K, used 1281K [0x00007f7164600000, 0x00007f718f0c0000, 0x00007f76b9b50000)
  eden space 559360K,   0% used [0x00007f7164600000, 0x00007f7164600000, 0x00007f7186840000)
  from space 69888K,   1% used [0x00007f718ac80000, 0x00007f718adc0790, 0x00007f718f0c0000)
  to   space 69888K,   0% used [0x00007f7186840000, 0x00007f7186840000, 0x00007f718ac80000)
 tenured generation   total 1398144K, used 13604K [0x00007f76b9b50000, 0x00007f770f0b0000, 0x00007f8164600000)
   the space 1398144K,   0% used [0x00007f76b9b50000, 0x00007f76ba8992a8, 0x00007f76ba899400, 0x00007f770f0b0000)
 Metaspace       used 23251K, capacity 23610K, committed 23808K, reserved 24576K
}
Event: 9.401 GC heap before
{Heap before GC invocations=4 (full 1):
 def new generation   total 629248K, used 77829K [0x00007f7164600000, 0x00007f718f0c0000, 0x00007f76b9b50000)
  eden space 559360K,  13% used [0x00007f7164600000, 0x00007f71690c0d28, 0x00007f7186840000)
  from space 69888K,   1% used [0x00007f718ac80000, 0x00007f718adc0790, 0x00007f718f0c0000)
  to   space 69888K,   0% used [0x00007f7186840000, 0x00007f7186840000, 0x00007f718ac80000)
 tenured generation   total 1398144K, used 1062180K [0x00007f76b9b50000, 0x00007f770f0b0000, 0x00007f8164600000)
   the space 1398144K,  75% used [0x00007f76b9b50000, 0x00007f76fa8992c0, 0x00007f76fa899400, 0x00007f770f0b0000)
 Metaspace       used 23251K, capacity 23610K, committed 23808K, reserved 24576K
}
Event: 9.407 GC heap after
{Heap after GC invocations=5 (full 1):
 def new generation   total 629248K, used 1153K [0x00007f7164600000, 0x00007f718f0c0000, 0x00007f76b9b50000)
  eden space 559360K,   0% used [0x00007f7164600000, 0x00007f7164600000, 0x00007f7186840000)
  from space 69888K,   1% used [0x00007f7186840000, 0x00007f71869607a8, 0x00007f718ac80000)
  to   space 69888K,   0% used [0x00007f718ac80000, 0x00007f718ac80000, 0x00007f718f0c0000)
 tenured generation   total 1398144K, used 1062180K [0x00007f76b9b50000, 0x00007f770f0b0000, 0x00007f8164600000)
   the space 1398144K,  75% used [0x00007f76b9b50000, 0x00007f76fa8992c0, 0x00007f76fa899400, 0x00007f770f0b0000)
 Metaspace       used 23251K, capacity 23610K, committed 23808K, reserved 24576K
}
Event: 9.407 GC heap before
{Heap before GC invocations=5 (full 1):
 def new generation   total 629248K, used 1153K [0x00007f7164600000, 0x00007f718f0c0000, 0x00007f76b9b50000)
  eden space 559360K,   0% used [0x00007f7164600000, 0x00007f7164600000, 0x00007f7186840000)
  from space 69888K,   1% used [0x00007f7186840000, 0x00007f71869607a8, 0x00007f718ac80000)
  to   space 69888K,   0% used [0x00007f718ac80000, 0x00007f718ac80000, 0x00007f718f0c0000)
 tenured generation   total 1398144K, used 1062180K [0x00007f76b9b50000, 0x00007f770f0b0000, 0x00007f8164600000)
   the space 1398144K,  75% used [0x00007f76b9b50000, 0x00007f76fa8992c0, 0x00007f76fa899400, 0x00007f770f0b0000)
 Metaspace       used 23251K, capacity 23610K, committed 23808K, reserved 24576K
}
Event: 9.456 GC heap after
{Heap after GC invocations=5 (full 2):
 def new generation   total 797568K, used 0K [0x00007f7164600000, 0x00007f719a760000, 0x00007f76b9b50000)
  eden space 708992K,   0% used [0x00007f7164600000, 0x00007f7164600000, 0x00007f718fa60000)
  from space 88576K,   0% used [0x00007f718fa60000, 0x00007f718fa60000, 0x00007f71950e0000)
  to   space 88576K,   0% used [0x00007f71950e0000, 0x00007f71950e0000, 0x00007f719a760000)
 tenured generation   total 1772216K, used 1063328K [0x00007f76b9b50000, 0x00007f7725dfe000, 0x00007f8164600000)
   the space 1772216K,  59% used [0x00007f76b9b50000, 0x00007f76fa9b8218, 0x00007f76fa9b8400, 0x00007f7725dfe000)
 Metaspace       used 23251K, capacity 23610K, committed 23808K, reserved 24576K
}
Event: 16.843 GC heap before
{Heap before GC invocations=5 (full 2):
 def new generation   total 797568K, used 13956K [0x00007f7164600000, 0x00007f719a760000, 0x00007f76b9b50000)
  eden space 708992K,   1% used [0x00007f7164600000, 0x00007f71653a12e8, 0x00007f718fa60000)
  from space 88576K,   0% used [0x00007f718fa60000, 0x00007f718fa60000, 0x00007f71950e0000)
  to   space 88576K,   0% used [0x00007f71950e0000, 0x00007f71950e0000, 0x00007f719a760000)
 tenured generation   total 5966524K, used 5257632K [0x00007f76b9b50000, 0x00007f7825dff000, 0x00007f8164600000)
   the space 5966524K,  88% used [0x00007f76b9b50000, 0x00007f77fa9b8230, 0x00007f77fa9b8400, 0x00007f7825dff000)
 Metaspace       used 23251K, capacity 23610K, committed 23808K, reserved 24576K
}
Event: 16.849 GC heap after
{Heap after GC invocations=6 (full 2):
 def new generation   total 797568K, used 0K [0x00007f7164600000, 0x00007f719a760000, 0x00007f76b9b50000)
  eden space 708992K,   0% used [0x00007f7164600000, 0x00007f7164600000, 0x00007f718fa60000)
  from space 88576K,   0% used [0x00007f71950e0000, 0x00007f71950e0368, 0x00007f719a760000)
  to   space 88576K,   0% used [0x00007f718fa60000, 0x00007f718fa60000, 0x00007f71950e0000)
 tenured generation   total 5966524K, used 5257632K [0x00007f76b9b50000, 0x00007f7825dff000, 0x00007f8164600000)
   the space 5966524K,  88% used [0x00007f76b9b50000, 0x00007f77fa9b8230, 0x00007f77fa9b8400, 0x00007f7825dff000)
 Metaspace       used 23251K, capacity 23610K, committed 23808K, reserved 24576K
}
Event: 16.849 GC heap before
{Heap before GC invocations=6 (full 2):
 def new generation   total 797568K, used 0K [0x00007f7164600000, 0x00007f719a760000, 0x00007f76b9b50000)
  eden space 708992K,   0% used [0x00007f7164600000, 0x00007f7164600000, 0x00007f718fa60000)
  from space 88576K,   0% used [0x00007f71950e0000, 0x00007f71950e0368, 0x00007f719a760000)
  to   space 88576K,   0% used [0x00007f718fa60000, 0x00007f718fa60000, 0x00007f71950e0000)
 tenured generation   total 5966524K, used 5257632K [0x00007f76b9b50000, 0x00007f7825dff000, 0x00007f8164600000)
   the space 5966524K,  88% used [0x00007f76b9b50000, 0x00007f77fa9b8230, 0x00007f77fa9b8400, 0x00007f7825dff000)
 Metaspace       used 23251K, capacity 23610K, committed 23808K, reserved 24576K
}
Event: 19.912 GC heap after
{Heap after GC invocations=6 (full 3):
 def new generation   total 3156864K, used 0K [0x00007f7164600000, 0x00007f723a760000, 0x00007f76b9b50000)
  eden space 2806144K,   0% used [0x00007f7164600000, 0x00007f7164600000, 0x00007f720fa60000)
  from space 350720K,   0% used [0x00007f720fa60000, 0x00007f720fa60000, 0x00007f72250e0000)
  to   space 350720K,   0% used [0x00007f72250e0000, 0x00007f72250e0000, 0x00007f723a760000)
 tenured generation   total 7015092K, used 4209053K [0x00007f76b9b50000, 0x00007f7865dfd000, 0x00007f8164600000)
   the space 7015092K,  59% used [0x00007f76b9b50000, 0x00007f77ba9b7540, 0x00007f77ba9b7600, 0x00007f7865dfd000)
 Metaspace       used 23251K, capacity 23610K, committed 23808K, reserved 24576K
}
Event: 47.331 GC heap before
{Heap before GC invocations=6 (full 3):
 def new generation   total 3156864K, used 55239K [0x00007f7164600000, 0x00007f723a760000, 0x00007f76b9b50000)
  eden space 2806144K,   1% used [0x00007f7164600000, 0x00007f7167bf1ee0, 0x00007f720fa60000)
  from space 350720K,   0% used [0x00007f720fa60000, 0x00007f720fa60000, 0x00007f72250e0000)
  to   space 350720K,   0% used [0x00007f72250e0000, 0x00007f72250e0000, 0x00007f723a760000)
 tenured generation   total 15403704K, used 12597661K [0x00007f76b9b50000, 0x00007f7a65dfe000, 0x00007f8164600000)
   the space 15403704K,  81% used [0x00007f76b9b50000, 0x00007f79ba9b7558, 0x00007f79ba9b7600, 0x00007f7a65dfe000)
 Metaspace       used 23251K, capacity 23610K, committed 23808K, reserved 24576K
}
Event: 47.401 GC heap after
{Heap after GC invocations=7 (full 3):
 def new generation   total 3156864K, used 0K [0x00007f7164600000, 0x00007f723a760000, 0x00007f76b9b50000)
  eden space 2806144K,   0% used [0x00007f7164600000, 0x00007f7164600000, 0x00007f720fa60000)
  from space 350720K,   0% used [0x00007f72250e0000, 0x00007f72250e0230, 0x00007f723a760000)
  to   space 350720K,   0% used [0x00007f720fa60000, 0x00007f720fa60000, 0x00007f72250e0000)
 tenured generation   total 15403704K, used 12597661K [0x00007f76b9b50000, 0x00007f7a65dfe000, 0x00007f8164600000)
   the space 15403704K,  81% used [0x00007f76b9b50000, 0x00007f79ba9b7558, 0x00007f79ba9b7600, 0x00007f7a65dfe000)
 Metaspace       used 23251K, capacity 23610K, committed 23808K, reserved 24576K
}
Event: 47.401 GC heap before
{Heap before GC invocations=7 (full 3):
 def new generation   total 3156864K, used 0K [0x00007f7164600000, 0x00007f723a760000, 0x00007f76b9b50000)
  eden space 2806144K,   0% used [0x00007f7164600000, 0x00007f7164600000, 0x00007f720fa60000)
  from space 350720K,   0% used [0x00007f72250e0000, 0x00007f72250e0230, 0x00007f723a760000)
  to   space 350720K,   0% used [0x00007f720fa60000, 0x00007f720fa60000, 0x00007f72250e0000)
 tenured generation   total 15403704K, used 12597661K [0x00007f76b9b50000, 0x00007f7a65dfe000, 0x00007f8164600000)
   the space 15403704K,  81% used [0x00007f76b9b50000, 0x00007f79ba9b7558, 0x00007f79ba9b7600, 0x00007f7a65dfe000)
 Metaspace       used 23251K, capacity 23610K, committed 23808K, reserved 24576K
}

