# JRE version: OpenJDK Runtime Environment (13.0.7+5) (build 13.0.7+5-Ubuntu-0ubuntu120.04)
# Java VM: OpenJDK 64-Bit Server VM (13.0.7+5-Ubuntu-0ubuntu120.04, mixed mode, tiered, serial gc, linux-amd64)
Heap:
 def new generation   total 5033856K, used 0K [0x00007f71b8600000, 0x00007f730dc10000, 0x00007f770db50000)
  eden space 4474560K,   0% used [0x00007f71b8600000, 0x00007f71b8600000, 0x00007f72c97b0000)
  from space 559296K,   0% used [0x00007f72c97b0000, 0x00007f72c97b0000, 0x00007f72eb9e0000)
  to   space 559296K,   0% used [0x00007f72eb9e0000, 0x00007f72eb9e0000, 0x00007f730dc10000)
 tenured generation   total 11455440K, used 11349311K [0x00007f770db50000, 0x00007f79c8e44000, 0x00007f81b8600000)
   the space 11455440K,  99% used [0x00007f770db50000, 0x00007f79c269fde0, 0x00007f79c269fe00, 0x00007f79c8e44000)
 Metaspace       used 30658K, capacity 31110K, committed 31488K, reserved 32768K
GC Heap History (20 events):
Event: 180.553 GC heap after
{Heap after GC invocations=91 (full 5):
 def new generation   total 5033856K, used 549561K [0x00007f71b8600000, 0x00007f730dc10000, 0x00007f770db50000)
  eden space 4474560K,   0% used [0x00007f71b8600000, 0x00007f71b8600000, 0x00007f72c97b0000)
  from space 559296K,  98% used [0x00007f72eb9e0000, 0x00007f730d28e528, 0x00007f730dc10000)
  to   space 559296K,   0% used [0x00007f72c97b0000, 0x00007f72c97b0000, 0x00007f72eb9e0000)
 tenured generation   total 11186256K, used 6711752K [0x00007f770db50000, 0x00007f79b8764000, 0x00007f81b8600000)
   the space 11186256K,  59% used [0x00007f770db50000, 0x00007f78a75c2000, 0x00007f78a75c2000, 0x00007f79b8764000)
 Metaspace       used 30658K, capacity 31110K, committed 31488K, reserved 32768K
}
Event: 181.781 GC heap before
{Heap before GC invocations=91 (full 5):
 def new generation   total 5033856K, used 5024121K [0x00007f71b8600000, 0x00007f730dc10000, 0x00007f770db50000)
  eden space 4474560K, 100% used [0x00007f71b8600000, 0x00007f72c97b0000, 0x00007f72c97b0000)
  from space 559296K,  98% used [0x00007f72eb9e0000, 0x00007f730d28e528, 0x00007f730dc10000)
  to   space 559296K,   0% used [0x00007f72c97b0000, 0x00007f72c97b0000, 0x00007f72eb9e0000)
 tenured generation   total 11186256K, used 6711752K [0x00007f770db50000, 0x00007f79b8764000, 0x00007f81b8600000)
   the space 11186256K,  59% used [0x00007f770db50000, 0x00007f78a75c2000, 0x00007f78a75c2000, 0x00007f79b8764000)
 Metaspace       used 30658K, capacity 31110K, committed 31488K, reserved 32768K
}
Event: 183.286 GC heap after
{Heap after GC invocations=92 (full 5):
 def new generation   total 5033856K, used 376605K [0x00007f71b8600000, 0x00007f730dc10000, 0x00007f770db50000)
  eden space 4474560K,   0% used [0x00007f71b8600000, 0x00007f71b8600000, 0x00007f72c97b0000)
  from space 559296K,  67% used [0x00007f72c97b0000, 0x00007f72e0777708, 0x00007f72eb9e0000)
  to   space 559296K,   0% used [0x00007f72eb9e0000, 0x00007f72eb9e0000, 0x00007f730dc10000)
 tenured generation   total 11186256K, used 7261312K [0x00007f770db50000, 0x00007f79b8764000, 0x00007f81b8600000)
   the space 11186256K,  64% used [0x00007f770db50000, 0x00007f78c8e700d8, 0x00007f78c8e70200, 0x00007f79b8764000)
 Metaspace       used 30658K, capacity 31110K, committed 31488K, reserved 32768K
}
Event: 184.515 GC heap before
{Heap before GC invocations=92 (full 5):
 def new generation   total 5033856K, used 4851165K [0x00007f71b8600000, 0x00007f730dc10000, 0x00007f770db50000)
  eden space 4474560K, 100% used [0x00007f71b8600000, 0x00007f72c97b0000, 0x00007f72c97b0000)
  from space 559296K,  67% used [0x00007f72c97b0000, 0x00007f72e0777708, 0x00007f72eb9e0000)
  to   space 559296K,   0% used [0x00007f72eb9e0000, 0x00007f72eb9e0000, 0x00007f730dc10000)
 tenured generation   total 11186256K, used 7261312K [0x00007f770db50000, 0x00007f79b8764000, 0x00007f81b8600000)
   the space 11186256K,  64% used [0x00007f770db50000, 0x00007f78c8e700d8, 0x00007f78c8e70200, 0x00007f79b8764000)
 Metaspace       used 30658K, capacity 31110K, committed 31488K, reserved 32768K
}
Event: 185.648 GC heap after
{Heap after GC invocations=93 (full 5):
 def new generation   total 5033856K, used 365174K [0x00007f71b8600000, 0x00007f730dc10000, 0x00007f770db50000)
  eden space 4474560K,   0% used [0x00007f71b8600000, 0x00007f71b8600000, 0x00007f72c97b0000)
  from space 559296K,  65% used [0x00007f72eb9e0000, 0x00007f7301e7d8d8, 0x00007f730dc10000)
  to   space 559296K,   0% used [0x00007f72c97b0000, 0x00007f72c97b0000, 0x00007f72eb9e0000)
 tenured generation   total 11186256K, used 7637916K [0x00007f770db50000, 0x00007f79b8764000, 0x00007f81b8600000)
   the space 11186256K,  68% used [0x00007f770db50000, 0x00007f78dfe37320, 0x00007f78dfe37400, 0x00007f79b8764000)
 Metaspace       used 30658K, capacity 31110K, committed 31488K, reserved 32768K
}
Event: 186.840 GC heap before
{Heap before GC invocations=93 (full 5):
 def new generation   total 5033856K, used 4839734K [0x00007f71b8600000, 0x00007f730dc10000, 0x00007f770db50000)
  eden space 4474560K, 100% used [0x00007f71b8600000, 0x00007f72c97b0000, 0x00007f72c97b0000)
  from space 559296K,  65% used [0x00007f72eb9e0000, 0x00007f7301e7d8d8, 0x00007f730dc10000)
  to   space 559296K,   0% used [0x00007f72c97b0000, 0x00007f72c97b0000, 0x00007f72eb9e0000)
 tenured generation   total 11186256K, used 7637916K [0x00007f770db50000, 0x00007f79b8764000, 0x00007f81b8600000)
   the space 11186256K,  68% used [0x00007f770db50000, 0x00007f78dfe37320, 0x00007f78dfe37400, 0x00007f79b8764000)
 Metaspace       used 30658K, capacity 31110K, committed 31488K, reserved 32768K
}
Event: 187.973 GC heap after
{Heap after GC invocations=94 (full 5):
 def new generation   total 5033856K, used 355185K [0x00007f71b8600000, 0x00007f730dc10000, 0x00007f770db50000)
  eden space 4474560K,   0% used [0x00007f71b8600000, 0x00007f71b8600000, 0x00007f72c97b0000)
  from space 559296K,  63% used [0x00007f72c97b0000, 0x00007f72df28c430, 0x00007f72eb9e0000)
  to   space 559296K,   0% used [0x00007f72eb9e0000, 0x00007f72eb9e0000, 0x00007f730dc10000)
 tenured generation   total 11186256K, used 8003089K [0x00007f770db50000, 0x00007f79b8764000, 0x00007f81b8600000)
   the space 11186256K,  71% used [0x00007f770db50000, 0x00007f78f62d47a8, 0x00007f78f62d4800, 0x00007f79b8764000)
 Metaspace       used 30658K, capacity 31110K, committed 31488K, reserved 32768K
}
Event: 189.113 GC heap before
{Heap before GC invocations=94 (full 5):
 def new generation   total 5033856K, used 4829745K [0x00007f71b8600000, 0x00007f730dc10000, 0x00007f770db50000)
  eden space 4474560K, 100% used [0x00007f71b8600000, 0x00007f72c97b0000, 0x00007f72c97b0000)
  from space 559296K,  63% used [0x00007f72c97b0000, 0x00007f72df28c430, 0x00007f72eb9e0000)
  to   space 559296K,   0% used [0x00007f72eb9e0000, 0x00007f72eb9e0000, 0x00007f730dc10000)
 tenured generation   total 11186256K, used 8003089K [0x00007f770db50000, 0x00007f79b8764000, 0x00007f81b8600000)
   the space 11186256K,  71% used [0x00007f770db50000, 0x00007f78f62d47a8, 0x00007f78f62d4800, 0x00007f79b8764000)
 Metaspace       used 30658K, capacity 31110K, committed 31488K, reserved 32768K
}
Event: 190.261 GC heap after
{Heap after GC invocations=95 (full 5):
 def new generation   total 5033856K, used 362335K [0x00007f71b8600000, 0x00007f730dc10000, 0x00007f770db50000)
  eden space 4474560K,   0% used [0x00007f71b8600000, 0x00007f71b8600000, 0x00007f72c97b0000)
  from space 559296K,  64% used [0x00007f72eb9e0000, 0x00007f7301bb7d80, 0x00007f730dc10000)
  to   space 559296K,   0% used [0x00007f72c97b0000, 0x00007f72c97b0000, 0x00007f72eb9e0000)
 tenured generation   total 11186256K, used 8358274K [0x00007f770db50000, 0x00007f79b8764000, 0x00007f81b8600000)
   the space 11186256K,  74% used [0x00007f770db50000, 0x00007f790bdb09e8, 0x00007f790bdb0a00, 0x00007f79b8764000)
 Metaspace       used 30658K, capacity 31110K, committed 31488K, reserved 32768K
}
Event: 191.431 GC heap before
{Heap before GC invocations=95 (full 5):
 def new generation   total 5033856K, used 4836895K [0x00007f71b8600000, 0x00007f730dc10000, 0x00007f770db50000)
  eden space 4474560K, 100% used [0x00007f71b8600000, 0x00007f72c97b0000, 0x00007f72c97b0000)
  from space 559296K,  64% used [0x00007f72eb9e0000, 0x00007f7301bb7d80, 0x00007f730dc10000)
  to   space 559296K,   0% used [0x00007f72c97b0000, 0x00007f72c97b0000, 0x00007f72eb9e0000)
 tenured generation   total 11186256K, used 8358274K [0x00007f770db50000, 0x00007f79b8764000, 0x00007f81b8600000)
   the space 11186256K,  74% used [0x00007f770db50000, 0x00007f790bdb09e8, 0x00007f790bdb0a00, 0x00007f79b8764000)
 Metaspace       used 30658K, capacity 31110K, committed 31488K, reserved 32768K
}
Event: 192.568 GC heap after
{Heap after GC invocations=96 (full 5):
 def new generation   total 5033856K, used 359165K [0x00007f71b8600000, 0x00007f730dc10000, 0x00007f770db50000)
  eden space 4474560K,   0% used [0x00007f71b8600000, 0x00007f71b8600000, 0x00007f72c97b0000)
  from space 559296K,  64% used [0x00007f72c97b0000, 0x00007f72df66f4c0, 0x00007f72eb9e0000)
  to   space 559296K,   0% used [0x00007f72eb9e0000, 0x00007f72eb9e0000, 0x00007f730dc10000)
 tenured generation   total 11186256K, used 8720609K [0x00007f770db50000, 0x00007f79b8764000, 0x00007f81b8600000)
   the space 11186256K,  77% used [0x00007f770db50000, 0x00007f7921f88618, 0x00007f7921f88800, 0x00007f79b8764000)
 Metaspace       used 30658K, capacity 31110K, committed 31488K, reserved 32768K
}
Event: 193.827 GC heap before
{Heap before GC invocations=96 (full 5):
 def new generation   total 5033856K, used 4833725K [0x00007f71b8600000, 0x00007f730dc10000, 0x00007f770db50000)
  eden space 4474560K, 100% used [0x00007f71b8600000, 0x00007f72c97b0000, 0x00007f72c97b0000)
  from space 559296K,  64% used [0x00007f72c97b0000, 0x00007f72df66f4c0, 0x00007f72eb9e0000)
  to   space 559296K,   0% used [0x00007f72eb9e0000, 0x00007f72eb9e0000, 0x00007f730dc10000)
 tenured generation   total 11186256K, used 8720609K [0x00007f770db50000, 0x00007f79b8764000, 0x00007f81b8600000)
   the space 11186256K,  77% used [0x00007f770db50000, 0x00007f7921f88618, 0x00007f7921f88800, 0x00007f79b8764000)
 Metaspace       used 30658K, capacity 31110K, committed 31488K, reserved 32768K
}
Event: 195.071 GC heap after
{Heap after GC invocations=97 (full 5):
 def new generation   total 5033856K, used 369965K [0x00007f71b8600000, 0x00007f730dc10000, 0x00007f770db50000)
  eden space 4474560K,   0% used [0x00007f71b8600000, 0x00007f71b8600000, 0x00007f72c97b0000)
  from space 559296K,  66% used [0x00007f72eb9e0000, 0x00007f730232b510, 0x00007f730dc10000)
  to   space 559296K,   0% used [0x00007f72c97b0000, 0x00007f72c97b0000, 0x00007f72eb9e0000)
 tenured generation   total 11186256K, used 9079774K [0x00007f770db50000, 0x00007f79b8764000, 0x00007f81b8600000)
   the space 11186256K,  81% used [0x00007f770db50000, 0x00007f7937e479d8, 0x00007f7937e47a00, 0x00007f79b8764000)
 Metaspace       used 30658K, capacity 31110K, committed 31488K, reserved 32768K
}
Event: 196.276 GC heap before
{Heap before GC invocations=97 (full 5):
 def new generation   total 5033856K, used 4844525K [0x00007f71b8600000, 0x00007f730dc10000, 0x00007f770db50000)
  eden space 4474560K, 100% used [0x00007f71b8600000, 0x00007f72c97b0000, 0x00007f72c97b0000)
  from space 559296K,  66% used [0x00007f72eb9e0000, 0x00007f730232b510, 0x00007f730dc10000)
  to   space 559296K,   0% used [0x00007f72c97b0000, 0x00007f72c97b0000, 0x00007f72eb9e0000)
 tenured generation   total 11186256K, used 9079774K [0x00007f770db50000, 0x00007f79b8764000, 0x00007f81b8600000)
   the space 11186256K,  81% used [0x00007f770db50000, 0x00007f7937e479d8, 0x00007f7937e47a00, 0x00007f79b8764000)
 Metaspace       used 30658K, capacity 31110K, committed 31488K, reserved 32768K
}
Event: 197.464 GC heap after
{Heap after GC invocations=98 (full 5):
 def new generation   total 5033856K, used 376208K [0x00007f71b8600000, 0x00007f730dc10000, 0x00007f770db50000)
  eden space 4474560K,   0% used [0x00007f71b8600000, 0x00007f71b8600000, 0x00007f72c97b0000)
  from space 559296K,  67% used [0x00007f72c97b0000, 0x00007f72e0714348, 0x00007f72eb9e0000)
  to   space 559296K,   0% used [0x00007f72eb9e0000, 0x00007f72eb9e0000, 0x00007f730dc10000)
 tenured generation   total 11186256K, used 9449738K [0x00007f770db50000, 0x00007f79b8764000, 0x00007f81b8600000)
   the space 11186256K,  84% used [0x00007f770db50000, 0x00007f794e792b28, 0x00007f794e792c00, 0x00007f79b8764000)
 Metaspace       used 30658K, capacity 31110K, committed 31488K, reserved 32768K
}
Event: 198.651 GC heap before
{Heap before GC invocations=98 (full 5):
 def new generation   total 5033856K, used 4850768K [0x00007f71b8600000, 0x00007f730dc10000, 0x00007f770db50000)
  eden space 4474560K, 100% used [0x00007f71b8600000, 0x00007f72c97b0000, 0x00007f72c97b0000)
  from space 559296K,  67% used [0x00007f72c97b0000, 0x00007f72e0714348, 0x00007f72eb9e0000)
  to   space 559296K,   0% used [0x00007f72eb9e0000, 0x00007f72eb9e0000, 0x00007f730dc10000)
 tenured generation   total 11186256K, used 9449738K [0x00007f770db50000, 0x00007f79b8764000, 0x00007f81b8600000)
   the space 11186256K,  84% used [0x00007f770db50000, 0x00007f794e792b28, 0x00007f794e792c00, 0x00007f79b8764000)
 Metaspace       used 30658K, capacity 31110K, committed 31488K, reserved 32768K
}
Event: 199.821 GC heap after
{Heap after GC invocations=99 (full 5):
 def new generation   total 5033856K, used 381266K [0x00007f71b8600000, 0x00007f730dc10000, 0x00007f770db50000)
  eden space 4474560K,   0% used [0x00007f71b8600000, 0x00007f71b8600000, 0x00007f72c97b0000)
  from space 559296K,  68% used [0x00007f72eb9e0000, 0x00007f7302e34848, 0x00007f730dc10000)
  to   space 559296K,   0% used [0x00007f72c97b0000, 0x00007f72c97b0000, 0x00007f72eb9e0000)
 tenured generation   total 11186256K, used 9825946K [0x00007f770db50000, 0x00007f79b8764000, 0x00007f81b8600000)
   the space 11186256K,  87% used [0x00007f770db50000, 0x00007f79656f69e0, 0x00007f79656f6a00, 0x00007f79b8764000)
 Metaspace       used 30658K, capacity 31110K, committed 31488K, reserved 32768K
}
Event: 308.317 GC heap before
{Heap before GC invocations=99 (full 5):
 def new generation   total 5033856K, used 4855826K [0x00007f71b8600000, 0x00007f730dc10000, 0x00007f770db50000)
  eden space 4474560K, 100% used [0x00007f71b8600000, 0x00007f72c97b0000, 0x00007f72c97b0000)
  from space 559296K,  68% used [0x00007f72eb9e0000, 0x00007f7302e34848, 0x00007f730dc10000)
  to   space 559296K,   0% used [0x00007f72c97b0000, 0x00007f72c97b0000, 0x00007f72eb9e0000)
 tenured generation   total 11186256K, used 9825946K [0x00007f770db50000, 0x00007f79b8764000, 0x00007f81b8600000)
   the space 11186256K,  87% used [0x00007f770db50000, 0x00007f79656f69e0, 0x00007f79656f6a00, 0x00007f79b8764000)
 Metaspace       used 30658K, capacity 31110K, committed 31488K, reserved 32768K
}
Event: 312.353 GC heap after
{Heap after GC invocations=100 (full 5):
 def new generation   total 5033856K, used 559296K [0x00007f71b8600000, 0x00007f730dc10000, 0x00007f770db50000)
  eden space 4474560K,   0% used [0x00007f71b8600000, 0x00007f71b8600000, 0x00007f72c97b0000)
  from space 559296K, 100% used [0x00007f72c97b0000, 0x00007f72eb9e0000, 0x00007f72eb9e0000)
  to   space 559296K,   0% used [0x00007f72eb9e0000, 0x00007f72eb9e0000, 0x00007f730dc10000)
 tenured generation   total 11455440K, used 11455322K [0x00007f770db50000, 0x00007f79c8e44000, 0x00007f81b8600000)
   the space 11455440K,  99% used [0x00007f770db50000, 0x00007f79c8e269e0, 0x00007f79c8e26a00, 0x00007f79c8e44000)
 Metaspace       used 30658K, capacity 31110K, committed 31488K, reserved 32768K
}
Event: 312.353 GC heap before
{Heap before GC invocations=100 (full 5):
 def new generation   total 5033856K, used 559296K [0x00007f71b8600000, 0x00007f730dc10000, 0x00007f770db50000)
  eden space 4474560K,   0% used [0x00007f71b8600000, 0x00007f71b8600000, 0x00007f72c97b0000)
  from space 559296K, 100% used [0x00007f72c97b0000, 0x00007f72eb9e0000, 0x00007f72eb9e0000)
  to   space 559296K,   0% used [0x00007f72eb9e0000, 0x00007f72eb9e0000, 0x00007f730dc10000)
 tenured generation   total 11455440K, used 11455322K [0x00007f770db50000, 0x00007f79c8e44000, 0x00007f81b8600000)
   the space 11455440K,  99% used [0x00007f770db50000, 0x00007f79c8e269e0, 0x00007f79c8e26a00, 0x00007f79c8e44000)
 Metaspace       used 30658K, capacity 31110K, committed 31488K, reserved 32768K
}

