# JRE version: OpenJDK Runtime Environment (13.0.7+5) (build 13.0.7+5-Ubuntu-0ubuntu120.04)
# Java VM: OpenJDK 64-Bit Server VM (13.0.7+5-Ubuntu-0ubuntu120.04, mixed mode, tiered, serial gc, linux-amd64)
Heap:
 def new generation   total 6315008K, used 4309964K [0x00007fa0c4600000, 0x00007fa270a30000, 0x00007fa619b50000)
  eden space 5613376K,  76% used [0x00007fa0c4600000, 0x00007fa1cb235c70, 0x00007fa21afd0000)
  from space 701632K,   0% used [0x00007fa21afd0000, 0x00007fa21b48d758, 0x00007fa245d00000)
  to   space 701632K,   0% used [0x00007fa245d00000, 0x00007fa245d026b8, 0x00007fa270a30000)
 tenured generation   total 14033252K, used 13117301K [0x00007fa619b50000, 0x00007fa9723a9000, 0x00007fb0c4600000)
   the space 14033252K,  93% used [0x00007fa619b50000, 0x00007fa93a52d498, 0x00007fa93a52d600, 0x00007fa9723a9000)
 Metaspace       used 23408K, capacity 23828K, committed 24064K, reserved 24576K
GC Heap History (20 events):
Event: 8.345 GC heap after
{Heap after GC invocations=11 (full 2):
 def new generation   total 629248K, used 0K [0x00007fa0c4600000, 0x00007fa0ef0c0000, 0x00007fa619b50000)
  eden space 559360K,   0% used [0x00007fa0c4600000, 0x00007fa0c4600000, 0x00007fa0e6840000)
  from space 69888K,   0% used [0x00007fa0e6840000, 0x00007fa0e6840000, 0x00007fa0eac80000)
  to   space 69888K,   0% used [0x00007fa0eac80000, 0x00007fa0eac80000, 0x00007fa0ef0c0000)
 tenured generation   total 1398144K, used 31341K [0x00007fa619b50000, 0x00007fa66f0b0000, 0x00007fb0c4600000)
   the space 1398144K,   2% used [0x00007fa619b50000, 0x00007fa61b9eb650, 0x00007fa61b9eb800, 0x00007fa66f0b0000)
 Metaspace       used 23274K, capacity 23683K, committed 23808K, reserved 24576K
}
Event: 16.621 GC heap before
{Heap before GC invocations=11 (full 2):
 def new generation   total 629248K, used 11101K [0x00007fa0c4600000, 0x00007fa0ef0c0000, 0x00007fa619b50000)
  eden space 559360K,   1% used [0x00007fa0c4600000, 0x00007fa0c50d7708, 0x00007fa0e6840000)
  from space 69888K,   0% used [0x00007fa0e6840000, 0x00007fa0e6840000, 0x00007fa0eac80000)
  to   space 69888K,   0% used [0x00007fa0eac80000, 0x00007fa0eac80000, 0x00007fa0ef0c0000)
 tenured generation   total 9786756K, used 8419949K [0x00007fa619b50000, 0x00007fa86f0b1000, 0x00007fb0c4600000)
   the space 9786756K,  86% used [0x00007fa619b50000, 0x00007fa81b9eb668, 0x00007fa81b9eb800, 0x00007fa86f0b1000)
 Metaspace       used 23274K, capacity 23683K, committed 23808K, reserved 24576K
}
Event: 16.627 GC heap after
{Heap after GC invocations=12 (full 2):
 def new generation   total 629248K, used 0K [0x00007fa0c4600000, 0x00007fa0ef0c0000, 0x00007fa619b50000)
  eden space 559360K,   0% used [0x00007fa0c4600000, 0x00007fa0c4600000, 0x00007fa0e6840000)
  from space 69888K,   0% used [0x00007fa0eac80000, 0x00007fa0eac80170, 0x00007fa0ef0c0000)
  to   space 69888K,   0% used [0x00007fa0e6840000, 0x00007fa0e6840000, 0x00007fa0eac80000)
 tenured generation   total 9786756K, used 8419949K [0x00007fa619b50000, 0x00007fa86f0b1000, 0x00007fb0c4600000)
   the space 9786756K,  86% used [0x00007fa619b50000, 0x00007fa81b9eb668, 0x00007fa81b9eb800, 0x00007fa86f0b1000)
 Metaspace       used 23274K, capacity 23683K, committed 23808K, reserved 24576K
}
Event: 16.627 GC heap before
{Heap before GC invocations=12 (full 2):
 def new generation   total 629248K, used 0K [0x00007fa0c4600000, 0x00007fa0ef0c0000, 0x00007fa619b50000)
  eden space 559360K,   0% used [0x00007fa0c4600000, 0x00007fa0c4600000, 0x00007fa0e6840000)
  from space 69888K,   0% used [0x00007fa0eac80000, 0x00007fa0eac80170, 0x00007fa0ef0c0000)
  to   space 69888K,   0% used [0x00007fa0e6840000, 0x00007fa0e6840000, 0x00007fa0eac80000)
 tenured generation   total 9786756K, used 8419949K [0x00007fa619b50000, 0x00007fa86f0b1000, 0x00007fb0c4600000)
   the space 9786756K,  86% used [0x00007fa619b50000, 0x00007fa81b9eb668, 0x00007fa81b9eb800, 0x00007fa86f0b1000)
 Metaspace       used 23274K, capacity 23683K, committed 23808K, reserved 24576K
}
Event: 16.671 GC heap after
{Heap after GC invocations=12 (full 3):
 def new generation   total 6315008K, used 0K [0x00007fa0c4600000, 0x00007fa270a30000, 0x00007fa619b50000)
  eden space 5613376K,   0% used [0x00007fa0c4600000, 0x00007fa0c4600000, 0x00007fa21afd0000)
  from space 701632K,   0% used [0x00007fa21afd0000, 0x00007fa21afd0000, 0x00007fa245d00000)
  to   space 701632K,   0% used [0x00007fa245d00000, 0x00007fa245d00000, 0x00007fa270a30000)
 tenured generation   total 14033252K, used 8419949K [0x00007fa619b50000, 0x00007fa9723a9000, 0x00007fb0c4600000)
   the space 14033252K,  59% used [0x00007fa619b50000, 0x00007fa81b9eb7d8, 0x00007fa81b9eb800, 0x00007fa9723a9000)
 Metaspace       used 23274K, capacity 23683K, committed 23808K, reserved 24576K
}
Event: 21.551 GC heap before
{Heap before GC invocations=12 (full 3):
 def new generation   total 6315008K, used 4305713K [0x00007fa0c4600000, 0x00007fa270a30000, 0x00007fa619b50000)
  eden space 5613376K,  76% used [0x00007fa0c4600000, 0x00007fa1cb2cc708, 0x00007fa21afd0000)
  from space 701632K,   0% used [0x00007fa21afd0000, 0x00007fa21afd0000, 0x00007fa245d00000)
  to   space 701632K,   0% used [0x00007fa245d00000, 0x00007fa245d00000, 0x00007fa270a30000)
 tenured generation   total 14033252K, used 8419949K [0x00007fa619b50000, 0x00007fa9723a9000, 0x00007fb0c4600000)
   the space 14033252K,  59% used [0x00007fa619b50000, 0x00007fa81b9eb7d8, 0x00007fa81b9eb800, 0x00007fa9723a9000)
 Metaspace       used 23274K, capacity 23683K, committed 23808K, reserved 24576K
}
Event: 23.957 GC heap after
{Heap after GC invocations=13 (full 3):
 def new generation   total 6315008K, used 1K [0x00007fa0c4600000, 0x00007fa270a30000, 0x00007fa619b50000)
  eden space 5613376K,   0% used [0x00007fa0c4600000, 0x00007fa0c4600000, 0x00007fa21afd0000)
  from space 701632K,   0% used [0x00007fa245d00000, 0x00007fa245d00590, 0x00007fa270a30000)
  to   space 701632K,   0% used [0x00007fa21afd0000, 0x00007fa21afd0000, 0x00007fa245d00000)
 tenured generation   total 14033252K, used 12614253K [0x00007fa619b50000, 0x00007fa9723a9000, 0x00007fb0c4600000)
   the space 14033252K,  89% used [0x00007fa619b50000, 0x00007fa91b9eb7f0, 0x00007fa91b9eb800, 0x00007fa9723a9000)
 Metaspace       used 23274K, capacity 23683K, committed 23808K, reserved 24576K
}
Event: 26.280 GC heap before
{Heap before GC invocations=13 (full 3):
 def new generation   total 6315008K, used 5613377K [0x00007fa0c4600000, 0x00007fa270a30000, 0x00007fa619b50000)
  eden space 5613376K, 100% used [0x00007fa0c4600000, 0x00007fa21afd0000, 0x00007fa21afd0000)
  from space 701632K,   0% used [0x00007fa245d00000, 0x00007fa245d00590, 0x00007fa270a30000)
  to   space 701632K,   0% used [0x00007fa21afd0000, 0x00007fa21afd0000, 0x00007fa245d00000)
 tenured generation   total 14033252K, used 12614253K [0x00007fa619b50000, 0x00007fa9723a9000, 0x00007fb0c4600000)
   the space 14033252K,  89% used [0x00007fa619b50000, 0x00007fa91b9eb7f0, 0x00007fa91b9eb800, 0x00007fa9723a9000)
 Metaspace       used 23289K, capacity 23685K, committed 23808K, reserved 24576K
}
Event: 26.286 GC heap after
{Heap after GC invocations=14 (full 3):
 def new generation   total 6315008K, used 710K [0x00007fa0c4600000, 0x00007fa270a30000, 0x00007fa619b50000)
  eden space 5613376K,   0% used [0x00007fa0c4600000, 0x00007fa0c4600000, 0x00007fa21afd0000)
  from space 701632K,   0% used [0x00007fa21afd0000, 0x00007fa21b081a08, 0x00007fa245d00000)
  to   space 701632K,   0% used [0x00007fa245d00000, 0x00007fa245d00000, 0x00007fa270a30000)
 tenured generation   total 14033252K, used 12614253K [0x00007fa619b50000, 0x00007fa9723a9000, 0x00007fb0c4600000)
   the space 14033252K,  89% used [0x00007fa619b50000, 0x00007fa91b9eb7f0, 0x00007fa91b9eb800, 0x00007fa9723a9000)
 Metaspace       used 23289K, capacity 23685K, committed 23808K, reserved 24576K
}
Event: 29.659 GC heap before
{Heap before GC invocations=14 (full 3):
 def new generation   total 6315008K, used 5572510K [0x00007fa0c4600000, 0x00007fa270a30000, 0x00007fa619b50000)
  eden space 5613376K,  99% used [0x00007fa0c4600000, 0x00007fa218735f18, 0x00007fa21afd0000)
  from space 701632K,   0% used [0x00007fa21afd0000, 0x00007fa21b081a08, 0x00007fa245d00000)
  to   space 701632K,   0% used [0x00007fa245d00000, 0x00007fa245d00000, 0x00007fa270a30000)
 tenured generation   total 14033252K, used 12614253K [0x00007fa619b50000, 0x00007fa9723a9000, 0x00007fb0c4600000)
   the space 14033252K,  89% used [0x00007fa619b50000, 0x00007fa91b9eb7f0, 0x00007fa91b9eb800, 0x00007fa9723a9000)
 Metaspace       used 23385K, capacity 23760K, committed 24064K, reserved 24576K
}
Event: 29.696 GC heap after
{Heap after GC invocations=15 (full 3):
 def new generation   total 6315008K, used 132269K [0x00007fa0c4600000, 0x00007fa270a30000, 0x00007fa619b50000)
  eden space 5613376K,   0% used [0x00007fa0c4600000, 0x00007fa0c4600000, 0x00007fa21afd0000)
  from space 701632K,  18% used [0x00007fa245d00000, 0x00007fa24de2b578, 0x00007fa270a30000)
  to   space 701632K,   0% used [0x00007fa21afd0000, 0x00007fa21afd0000, 0x00007fa245d00000)
 tenured generation   total 14033252K, used 12614253K [0x00007fa619b50000, 0x00007fa9723a9000, 0x00007fb0c4600000)
   the space 14033252K,  89% used [0x00007fa619b50000, 0x00007fa91b9eb7f0, 0x00007fa91b9eb800, 0x00007fa9723a9000)
 Metaspace       used 23385K, capacity 23760K, committed 24064K, reserved 24576K
}
Event: 30.355 GC heap before
{Heap before GC invocations=15 (full 3):
 def new generation   total 6315008K, used 1291649K [0x00007fa0c4600000, 0x00007fa270a30000, 0x00007fa619b50000)
  eden space 5613376K,  20% used [0x00007fa0c4600000, 0x00007fa10b234ef8, 0x00007fa21afd0000)
  from space 701632K,  18% used [0x00007fa245d00000, 0x00007fa24de2b578, 0x00007fa270a30000)
  to   space 701632K,   0% used [0x00007fa21afd0000, 0x00007fa21afd0000, 0x00007fa245d00000)
 tenured generation   total 14033252K, used 12614253K [0x00007fa619b50000, 0x00007fa9723a9000, 0x00007fb0c4600000)
   the space 14033252K,  89% used [0x00007fa619b50000, 0x00007fa91b9eb7f0, 0x00007fa91b9eb800, 0x00007fa9723a9000)
 Metaspace       used 23387K, capacity 23760K, committed 24064K, reserved 24576K
}
Event: 30.551 GC heap after
{Heap after GC invocations=16 (full 3):
 def new generation   total 6315008K, used 525486K [0x00007fa0c4600000, 0x00007fa270a30000, 0x00007fa619b50000)
  eden space 5613376K,   0% used [0x00007fa0c4600000, 0x00007fa0c4600000, 0x00007fa21afd0000)
  from space 701632K,  74% used [0x00007fa21afd0000, 0x00007fa23b0fbac0, 0x00007fa245d00000)
  to   space 701632K,   0% used [0x00007fa245d00000, 0x00007fa245d00000, 0x00007fa270a30000)
 tenured generation   total 14033252K, used 12614253K [0x00007fa619b50000, 0x00007fa9723a9000, 0x00007fb0c4600000)
   the space 14033252K,  89% used [0x00007fa619b50000, 0x00007fa91b9eb7f0, 0x00007fa91b9eb800, 0x00007fa9723a9000)
 Metaspace       used 23387K, capacity 23760K, committed 24064K, reserved 24576K
}
Event: 30.551 GC heap before
{Heap before GC invocations=16 (full 3):
 def new generation   total 6315008K, used 525486K [0x00007fa0c4600000, 0x00007fa270a30000, 0x00007fa619b50000)
  eden space 5613376K,   0% used [0x00007fa0c4600000, 0x00007fa0c4600000, 0x00007fa21afd0000)
  from space 701632K,  74% used [0x00007fa21afd0000, 0x00007fa23b0fbac0, 0x00007fa245d00000)
  to   space 701632K,   0% used [0x00007fa245d00000, 0x00007fa245d00000, 0x00007fa270a30000)
 tenured generation   total 14033252K, used 12614253K [0x00007fa619b50000, 0x00007fa9723a9000, 0x00007fb0c4600000)
   the space 14033252K,  89% used [0x00007fa619b50000, 0x00007fa91b9eb7f0, 0x00007fa91b9eb800, 0x00007fa9723a9000)
 Metaspace       used 23387K, capacity 23760K, committed 24064K, reserved 24576K
}
Event: 30.702 GC heap after
{Heap after GC invocations=16 (full 4):
 def new generation   total 6315008K, used 0K [0x00007fa0c4600000, 0x00007fa270a30000, 0x00007fa619b50000)
  eden space 5613376K,   0% used [0x00007fa0c4600000, 0x00007fa0c4600000, 0x00007fa21afd0000)
  from space 701632K,   0% used [0x00007fa21afd0000, 0x00007fa21afd0000, 0x00007fa245d00000)
  to   space 701632K,   0% used [0x00007fa245d00000, 0x00007fa245d00000, 0x00007fa270a30000)
 tenured generation   total 14033252K, used 534389K [0x00007fa619b50000, 0x00007fa9723a9000, 0x00007fb0c4600000)
   the space 14033252K,   3% used [0x00007fa619b50000, 0x00007fa63a52d468, 0x00007fa63a52d600, 0x00007fa9723a9000)
 Metaspace       used 23387K, capacity 23760K, committed 24064K, reserved 24576K
}
Event: 41.268 GC heap before
{Heap before GC invocations=16 (full 4):
 def new generation   total 6315008K, used 4305107K [0x00007fa0c4600000, 0x00007fa270a30000, 0x00007fa619b50000)
  eden space 5613376K,  76% used [0x00007fa0c4600000, 0x00007fa1cb234ec8, 0x00007fa21afd0000)
  from space 701632K,   0% used [0x00007fa21afd0000, 0x00007fa21afd0000, 0x00007fa245d00000)
  to   space 701632K,   0% used [0x00007fa245d00000, 0x00007fa245d00000, 0x00007fa270a30000)
 tenured generation   total 14033252K, used 8922997K [0x00007fa619b50000, 0x00007fa9723a9000, 0x00007fb0c4600000)
   the space 14033252K,  63% used [0x00007fa619b50000, 0x00007fa83a52d480, 0x00007fa83a52d600, 0x00007fa9723a9000)
 Metaspace       used 23387K, capacity 23760K, committed 24064K, reserved 24576K
}
Event: 42.239 GC heap after
{Heap after GC invocations=17 (full 4):
 def new generation   total 6315008K, used 0K [0x00007fa0c4600000, 0x00007fa270a30000, 0x00007fa619b50000)
  eden space 5613376K,   0% used [0x00007fa0c4600000, 0x00007fa0c4600000, 0x00007fa21afd0000)
  from space 701632K,   0% used [0x00007fa245d00000, 0x00007fa245d00240, 0x00007fa270a30000)
  to   space 701632K,   0% used [0x00007fa21afd0000, 0x00007fa21afd0000, 0x00007fa245d00000)
 tenured generation   total 14033252K, used 13117301K [0x00007fa619b50000, 0x00007fa9723a9000, 0x00007fb0c4600000)
   the space 14033252K,  93% used [0x00007fa619b50000, 0x00007fa93a52d498, 0x00007fa93a52d600, 0x00007fa9723a9000)
 Metaspace       used 23387K, capacity 23760K, committed 24064K, reserved 24576K
}
Event: 43.730 GC heap before
{Heap before GC invocations=17 (full 4):
 def new generation   total 6315008K, used 5196212K [0x00007fa0c4600000, 0x00007fa270a30000, 0x00007fa619b50000)
  eden space 5613376K,  92% used [0x00007fa0c4600000, 0x00007fa20186d128, 0x00007fa21afd0000)
  from space 701632K,   0% used [0x00007fa245d00000, 0x00007fa245d00240, 0x00007fa270a30000)
  to   space 701632K,   0% used [0x00007fa21afd0000, 0x00007fa21afd0000, 0x00007fa245d00000)
 tenured generation   total 14033252K, used 13117301K [0x00007fa619b50000, 0x00007fa9723a9000, 0x00007fb0c4600000)
   the space 14033252K,  93% used [0x00007fa619b50000, 0x00007fa93a52d498, 0x00007fa93a52d600, 0x00007fa9723a9000)
 Metaspace       used 23408K, capacity 23828K, committed 24064K, reserved 24576K
}
Event: 43.736 GC heap after
{Heap after GC invocations=18 (full 4):
 def new generation   total 6315008K, used 4853K [0x00007fa0c4600000, 0x00007fa270a30000, 0x00007fa619b50000)
  eden space 5613376K,   0% used [0x00007fa0c4600000, 0x00007fa0c4600000, 0x00007fa21afd0000)
  from space 701632K,   0% used [0x00007fa21afd0000, 0x00007fa21b48d758, 0x00007fa245d00000)
  to   space 701632K,   0% used [0x00007fa245d00000, 0x00007fa245d00000, 0x00007fa270a30000)
 tenured generation   total 14033252K, used 13117301K [0x00007fa619b50000, 0x00007fa9723a9000, 0x00007fb0c4600000)
   the space 14033252K,  93% used [0x00007fa619b50000, 0x00007fa93a52d498, 0x00007fa93a52d600, 0x00007fa9723a9000)
 Metaspace       used 23408K, capacity 23828K, committed 24064K, reserved 24576K
}
Event: 46.443 GC heap before
{Heap before GC invocations=18 (full 4):
 def new generation   total 6315008K, used 4309964K [0x00007fa0c4600000, 0x00007fa270a30000, 0x00007fa619b50000)
  eden space 5613376K,  76% used [0x00007fa0c4600000, 0x00007fa1cb235c70, 0x00007fa21afd0000)
  from space 701632K,   0% used [0x00007fa21afd0000, 0x00007fa21b48d758, 0x00007fa245d00000)
  to   space 701632K,   0% used [0x00007fa245d00000, 0x00007fa245d00000, 0x00007fa270a30000)
 tenured generation   total 14033252K, used 13117301K [0x00007fa619b50000, 0x00007fa9723a9000, 0x00007fb0c4600000)
   the space 14033252K,  93% used [0x00007fa619b50000, 0x00007fa93a52d498, 0x00007fa93a52d600, 0x00007fa9723a9000)
 Metaspace       used 23408K, capacity 23828K, committed 24064K, reserved 24576K
}

