# JRE version: OpenJDK Runtime Environment (13.0.7+5) (build 13.0.7+5-Ubuntu-0ubuntu120.04)
# Java VM: OpenJDK 64-Bit Server VM (13.0.7+5-Ubuntu-0ubuntu120.04, mixed mode, tiered, serial gc, linux-amd64)
Heap:
 def new generation   total 4780800K, used 0K [0x00007f744c600000, 0x00007f7590980000, 0x00007f7ef70a0000)
  eden space 4249600K,   0% used [0x00007f744c600000, 0x00007f744c600000, 0x00007f754fc00000)
  from space 531200K,   0% used [0x00007f75702c0000, 0x00007f75702c0000, 0x00007f7590980000)
  to   space 531200K,   0% used [0x00007f754fc00000, 0x00007f754fc00000, 0x00007f75702c0000)
 tenured generation   total 10640320K, used 10540798K [0x00007f7ef70a0000, 0x00007f8180790000, 0x00007f944c600000)
   the space 10640320K,  99% used [0x00007f7ef70a0000, 0x00007f817a65fa78, 0x00007f817a65fc00, 0x00007f8180790000)
 Metaspace       used 24314K, capacity 24703K, committed 24832K, reserved 26624K
GC Heap History (20 events):
Event: 5390.960 GC heap after
{Heap after GC invocations=2989 (full 7):
 def new generation   total 4780800K, used 162945K [0x00007f744c600000, 0x00007f7590980000, 0x00007f7ef70a0000)
  eden space 4249600K,   0% used [0x00007f744c600000, 0x00007f744c600000, 0x00007f754fc00000)
  from space 531200K,  30% used [0x00007f754fc00000, 0x00007f7559b20760, 0x00007f75702c0000)
  to   space 531200K,   0% used [0x00007f75702c0000, 0x00007f75702c0000, 0x00007f7590980000)
 tenured generation   total 10623932K, used 10545498K [0x00007f7ef70a0000, 0x00007f817f78f000, 0x00007f944c600000)
   the space 10623932K,  99% used [0x00007f7ef70a0000, 0x00007f817aaf6810, 0x00007f817aaf6a00, 0x00007f817f78f000)
 Metaspace       used 24314K, capacity 24703K, committed 24832K, reserved 26624K
}
Event: 5395.203 GC heap before
{Heap before GC invocations=2989 (full 7):
 def new generation   total 4780800K, used 4412545K [0x00007f744c600000, 0x00007f7590980000, 0x00007f7ef70a0000)
  eden space 4249600K, 100% used [0x00007f744c600000, 0x00007f754fc00000, 0x00007f754fc00000)
  from space 531200K,  30% used [0x00007f754fc00000, 0x00007f7559b20760, 0x00007f75702c0000)
  to   space 531200K,   0% used [0x00007f75702c0000, 0x00007f75702c0000, 0x00007f7590980000)
 tenured generation   total 10623932K, used 10545498K [0x00007f7ef70a0000, 0x00007f817f78f000, 0x00007f944c600000)
   the space 10623932K,  99% used [0x00007f7ef70a0000, 0x00007f817aaf6810, 0x00007f817aaf6a00, 0x00007f817f78f000)
 Metaspace       used 24314K, capacity 24703K, committed 24832K, reserved 26624K
}
Event: 5395.350 GC heap after
{Heap after GC invocations=2990 (full 7):
 def new generation   total 4780800K, used 152654K [0x00007f744c600000, 0x00007f7590980000, 0x00007f7ef70a0000)
  eden space 4249600K,   0% used [0x00007f744c600000, 0x00007f744c600000, 0x00007f754fc00000)
  from space 531200K,  28% used [0x00007f75702c0000, 0x00007f75797d3800, 0x00007f7590980000)
  to   space 531200K,   0% used [0x00007f754fc00000, 0x00007f754fc00000, 0x00007f75702c0000)
 tenured generation   total 10623932K, used 10562458K [0x00007f7ef70a0000, 0x00007f817f78f000, 0x00007f944c600000)
   the space 10623932K,  99% used [0x00007f7ef70a0000, 0x00007f817bb86808, 0x00007f817bb86a00, 0x00007f817f78f000)
 Metaspace       used 24314K, capacity 24703K, committed 24832K, reserved 26624K
}
Event: 5400.235 GC heap before
{Heap before GC invocations=2990 (full 7):
 def new generation   total 4780800K, used 4402254K [0x00007f744c600000, 0x00007f7590980000, 0x00007f7ef70a0000)
  eden space 4249600K, 100% used [0x00007f744c600000, 0x00007f754fc00000, 0x00007f754fc00000)
  from space 531200K,  28% used [0x00007f75702c0000, 0x00007f75797d3800, 0x00007f7590980000)
  to   space 531200K,   0% used [0x00007f754fc00000, 0x00007f754fc00000, 0x00007f75702c0000)
 tenured generation   total 10623932K, used 10562458K [0x00007f7ef70a0000, 0x00007f817f78f000, 0x00007f944c600000)
   the space 10623932K,  99% used [0x00007f7ef70a0000, 0x00007f817bb86808, 0x00007f817bb86a00, 0x00007f817f78f000)
 Metaspace       used 24314K, capacity 24703K, committed 24832K, reserved 26624K
}
Event: 5400.354 GC heap after
{Heap after GC invocations=2991 (full 7):
 def new generation   total 4780800K, used 162947K [0x00007f744c600000, 0x00007f7590980000, 0x00007f7ef70a0000)
  eden space 4249600K,   0% used [0x00007f744c600000, 0x00007f744c600000, 0x00007f754fc00000)
  from space 531200K,  30% used [0x00007f754fc00000, 0x00007f7559b20c20, 0x00007f75702c0000)
  to   space 531200K,   0% used [0x00007f75702c0000, 0x00007f75702c0000, 0x00007f7590980000)
 tenured generation   total 10623932K, used 10562458K [0x00007f7ef70a0000, 0x00007f817f78f000, 0x00007f944c600000)
   the space 10623932K,  99% used [0x00007f7ef70a0000, 0x00007f817bb86808, 0x00007f817bb86a00, 0x00007f817f78f000)
 Metaspace       used 24314K, capacity 24703K, committed 24832K, reserved 26624K
}
Event: 5404.402 GC heap before
{Heap before GC invocations=2991 (full 7):
 def new generation   total 4780800K, used 4412547K [0x00007f744c600000, 0x00007f7590980000, 0x00007f7ef70a0000)
  eden space 4249600K, 100% used [0x00007f744c600000, 0x00007f754fc00000, 0x00007f754fc00000)
  from space 531200K,  30% used [0x00007f754fc00000, 0x00007f7559b20c20, 0x00007f75702c0000)
  to   space 531200K,   0% used [0x00007f75702c0000, 0x00007f75702c0000, 0x00007f7590980000)
 tenured generation   total 10623932K, used 10562458K [0x00007f7ef70a0000, 0x00007f817f78f000, 0x00007f944c600000)
   the space 10623932K,  99% used [0x00007f7ef70a0000, 0x00007f817bb86808, 0x00007f817bb86a00, 0x00007f817f78f000)
 Metaspace       used 24314K, capacity 24703K, committed 24832K, reserved 26624K
}
Event: 5404.529 GC heap after
{Heap after GC invocations=2992 (full 7):
 def new generation   total 4780800K, used 152653K [0x00007f744c600000, 0x00007f7590980000, 0x00007f7ef70a0000)
  eden space 4249600K,   0% used [0x00007f744c600000, 0x00007f744c600000, 0x00007f754fc00000)
  from space 531200K,  28% used [0x00007f75702c0000, 0x00007f75797d3588, 0x00007f7590980000)
  to   space 531200K,   0% used [0x00007f754fc00000, 0x00007f754fc00000, 0x00007f75702c0000)
 tenured generation   total 10623932K, used 10579418K [0x00007f7ef70a0000, 0x00007f817f78f000, 0x00007f944c600000)
   the space 10623932K,  99% used [0x00007f7ef70a0000, 0x00007f817cc16800, 0x00007f817cc16800, 0x00007f817f78f000)
 Metaspace       used 24314K, capacity 24703K, committed 24832K, reserved 26624K
}
Event: 5409.498 GC heap before
{Heap before GC invocations=2992 (full 7):
 def new generation   total 4780800K, used 4402253K [0x00007f744c600000, 0x00007f7590980000, 0x00007f7ef70a0000)
  eden space 4249600K, 100% used [0x00007f744c600000, 0x00007f754fc00000, 0x00007f754fc00000)
  from space 531200K,  28% used [0x00007f75702c0000, 0x00007f75797d3588, 0x00007f7590980000)
  to   space 531200K,   0% used [0x00007f754fc00000, 0x00007f754fc00000, 0x00007f75702c0000)
 tenured generation   total 10623932K, used 10579418K [0x00007f7ef70a0000, 0x00007f817f78f000, 0x00007f944c600000)
   the space 10623932K,  99% used [0x00007f7ef70a0000, 0x00007f817cc16800, 0x00007f817cc16800, 0x00007f817f78f000)
 Metaspace       used 24314K, capacity 24703K, committed 24832K, reserved 26624K
}
Event: 5409.613 GC heap after
{Heap after GC invocations=2993 (full 7):
 def new generation   total 4780800K, used 162936K [0x00007f744c600000, 0x00007f7590980000, 0x00007f7ef70a0000)
  eden space 4249600K,   0% used [0x00007f744c600000, 0x00007f744c600000, 0x00007f754fc00000)
  from space 531200K,  30% used [0x00007f754fc00000, 0x00007f7559b1e020, 0x00007f75702c0000)
  to   space 531200K,   0% used [0x00007f75702c0000, 0x00007f75702c0000, 0x00007f7590980000)
 tenured generation   total 10623932K, used 10579418K [0x00007f7ef70a0000, 0x00007f817f78f000, 0x00007f944c600000)
   the space 10623932K,  99% used [0x00007f7ef70a0000, 0x00007f817cc16800, 0x00007f817cc16800, 0x00007f817f78f000)
 Metaspace       used 24314K, capacity 24703K, committed 24832K, reserved 26624K
}
Event: 5413.872 GC heap before
{Heap before GC invocations=2993 (full 7):
 def new generation   total 4780800K, used 4412536K [0x00007f744c600000, 0x00007f7590980000, 0x00007f7ef70a0000)
  eden space 4249600K, 100% used [0x00007f744c600000, 0x00007f754fc00000, 0x00007f754fc00000)
  from space 531200K,  30% used [0x00007f754fc00000, 0x00007f7559b1e020, 0x00007f75702c0000)
  to   space 531200K,   0% used [0x00007f75702c0000, 0x00007f75702c0000, 0x00007f7590980000)
 tenured generation   total 10623932K, used 10579418K [0x00007f7ef70a0000, 0x00007f817f78f000, 0x00007f944c600000)
   the space 10623932K,  99% used [0x00007f7ef70a0000, 0x00007f817cc16800, 0x00007f817cc16800, 0x00007f817f78f000)
 Metaspace       used 24314K, capacity 24703K, committed 24832K, reserved 26624K
}
Event: 5414.035 GC heap after
{Heap after GC invocations=2994 (full 7):
 def new generation   total 4780800K, used 152650K [0x00007f744c600000, 0x00007f7590980000, 0x00007f7ef70a0000)
  eden space 4249600K,   0% used [0x00007f744c600000, 0x00007f744c600000, 0x00007f754fc00000)
  from space 531200K,  28% used [0x00007f75702c0000, 0x00007f75797d2be0, 0x00007f7590980000)
  to   space 531200K,   0% used [0x00007f754fc00000, 0x00007f754fc00000, 0x00007f75702c0000)
 tenured generation   total 10623932K, used 10596377K [0x00007f7ef70a0000, 0x00007f817f78f000, 0x00007f944c600000)
   the space 10623932K,  99% used [0x00007f7ef70a0000, 0x00007f817dca67f8, 0x00007f817dca6800, 0x00007f817f78f000)
 Metaspace       used 24314K, capacity 24703K, committed 24832K, reserved 26624K
}
Event: 5418.868 GC heap before
{Heap before GC invocations=2994 (full 7):
 def new generation   total 4780800K, used 4402250K [0x00007f744c600000, 0x00007f7590980000, 0x00007f7ef70a0000)
  eden space 4249600K, 100% used [0x00007f744c600000, 0x00007f754fc00000, 0x00007f754fc00000)
  from space 531200K,  28% used [0x00007f75702c0000, 0x00007f75797d2be0, 0x00007f7590980000)
  to   space 531200K,   0% used [0x00007f754fc00000, 0x00007f754fc00000, 0x00007f75702c0000)
 tenured generation   total 10623932K, used 10596377K [0x00007f7ef70a0000, 0x00007f817f78f000, 0x00007f944c600000)
   the space 10623932K,  99% used [0x00007f7ef70a0000, 0x00007f817dca67f8, 0x00007f817dca6800, 0x00007f817f78f000)
 Metaspace       used 24314K, capacity 24703K, committed 24832K, reserved 26624K
}
Event: 5419.036 GC heap after
{Heap after GC invocations=2995 (full 7):
 def new generation   total 4780800K, used 163963K [0x00007f744c600000, 0x00007f7590980000, 0x00007f7ef70a0000)
  eden space 4249600K,   0% used [0x00007f744c600000, 0x00007f744c600000, 0x00007f754fc00000)
  from space 531200K,  30% used [0x00007f754fc00000, 0x00007f7559c1ecc8, 0x00007f75702c0000)
  to   space 531200K,   0% used [0x00007f75702c0000, 0x00007f75702c0000, 0x00007f7590980000)
 tenured generation   total 10623932K, used 10596377K [0x00007f7ef70a0000, 0x00007f817f78f000, 0x00007f944c600000)
   the space 10623932K,  99% used [0x00007f7ef70a0000, 0x00007f817dca67f8, 0x00007f817dca6800, 0x00007f817f78f000)
 Metaspace       used 24314K, capacity 24703K, committed 24832K, reserved 26624K
}
Event: 5423.111 GC heap before
{Heap before GC invocations=2995 (full 7):
 def new generation   total 4780800K, used 4413563K [0x00007f744c600000, 0x00007f7590980000, 0x00007f7ef70a0000)
  eden space 4249600K, 100% used [0x00007f744c600000, 0x00007f754fc00000, 0x00007f754fc00000)
  from space 531200K,  30% used [0x00007f754fc00000, 0x00007f7559c1ecc8, 0x00007f75702c0000)
  to   space 531200K,   0% used [0x00007f75702c0000, 0x00007f75702c0000, 0x00007f7590980000)
 tenured generation   total 10623932K, used 10596377K [0x00007f7ef70a0000, 0x00007f817f78f000, 0x00007f944c600000)
   the space 10623932K,  99% used [0x00007f7ef70a0000, 0x00007f817dca67f8, 0x00007f817dca6800, 0x00007f817f78f000)
 Metaspace       used 24314K, capacity 24703K, committed 24832K, reserved 26624K
}
Event: 5423.244 GC heap after
{Heap after GC invocations=2996 (full 7):
 def new generation   total 4780800K, used 152639K [0x00007f744c600000, 0x00007f7590980000, 0x00007f7ef70a0000)
  eden space 4249600K,   0% used [0x00007f744c600000, 0x00007f744c600000, 0x00007f754fc00000)
  from space 531200K,  28% used [0x00007f75702c0000, 0x00007f75797cfcb8, 0x00007f7590980000)
  to   space 531200K,   0% used [0x00007f754fc00000, 0x00007f754fc00000, 0x00007f75702c0000)
 tenured generation   total 10623932K, used 10613337K [0x00007f7ef70a0000, 0x00007f817f78f000, 0x00007f944c600000)
   the space 10623932K,  99% used [0x00007f7ef70a0000, 0x00007f817ed367f0, 0x00007f817ed36800, 0x00007f817f78f000)
 Metaspace       used 24314K, capacity 24703K, committed 24832K, reserved 26624K
}
Event: 5427.816 GC heap before
{Heap before GC invocations=2996 (full 7):
 def new generation   total 4780800K, used 4402239K [0x00007f744c600000, 0x00007f7590980000, 0x00007f7ef70a0000)
  eden space 4249600K, 100% used [0x00007f744c600000, 0x00007f754fc00000, 0x00007f754fc00000)
  from space 531200K,  28% used [0x00007f75702c0000, 0x00007f75797cfcb8, 0x00007f7590980000)
  to   space 531200K,   0% used [0x00007f754fc00000, 0x00007f754fc00000, 0x00007f75702c0000)
 tenured generation   total 10623932K, used 10613337K [0x00007f7ef70a0000, 0x00007f817f78f000, 0x00007f944c600000)
   the space 10623932K,  99% used [0x00007f7ef70a0000, 0x00007f817ed367f0, 0x00007f817ed36800, 0x00007f817f78f000)
 Metaspace       used 24314K, capacity 24703K, committed 24832K, reserved 26624K
}
Event: 5427.919 GC heap after
{Heap after GC invocations=2997 (full 7):
 def new generation   total 4780800K, used 167034K [0x00007f744c600000, 0x00007f7590980000, 0x00007f7ef70a0000)
  eden space 4249600K,   0% used [0x00007f744c600000, 0x00007f744c600000, 0x00007f754fc00000)
  from space 531200K,  31% used [0x00007f754fc00000, 0x00007f7559f1e878, 0x00007f75702c0000)
  to   space 531200K,   0% used [0x00007f75702c0000, 0x00007f75702c0000, 0x00007f7590980000)
 tenured generation   total 10623932K, used 10613337K [0x00007f7ef70a0000, 0x00007f817f78f000, 0x00007f944c600000)
   the space 10623932K,  99% used [0x00007f7ef70a0000, 0x00007f817ed367f0, 0x00007f817ed36800, 0x00007f817f78f000)
 Metaspace       used 24314K, capacity 24703K, committed 24832K, reserved 26624K
}
Event: 5431.588 GC heap before
{Heap before GC invocations=2997 (full 7):
 def new generation   total 4780800K, used 4416634K [0x00007f744c600000, 0x00007f7590980000, 0x00007f7ef70a0000)
  eden space 4249600K, 100% used [0x00007f744c600000, 0x00007f754fc00000, 0x00007f754fc00000)
  from space 531200K,  31% used [0x00007f754fc00000, 0x00007f7559f1e878, 0x00007f75702c0000)
  to   space 531200K,   0% used [0x00007f75702c0000, 0x00007f75702c0000, 0x00007f7590980000)
 tenured generation   total 10623932K, used 10613337K [0x00007f7ef70a0000, 0x00007f817f78f000, 0x00007f944c600000)
   the space 10623932K,  99% used [0x00007f7ef70a0000, 0x00007f817ed367f0, 0x00007f817ed36800, 0x00007f817f78f000)
 Metaspace       used 24314K, capacity 24703K, committed 24832K, reserved 26624K
}
Event: 5431.725 GC heap after
{Heap after GC invocations=2998 (full 7):
 def new generation   total 4780800K, used 152646K [0x00007f744c600000, 0x00007f7590980000, 0x00007f7ef70a0000)
  eden space 4249600K,   0% used [0x00007f744c600000, 0x00007f744c600000, 0x00007f754fc00000)
  from space 531200K,  28% used [0x00007f75702c0000, 0x00007f75797d1918, 0x00007f7590980000)
  to   space 531200K,   0% used [0x00007f754fc00000, 0x00007f754fc00000, 0x00007f75702c0000)
 tenured generation   total 10640320K, used 10630297K [0x00007f7ef70a0000, 0x00007f8180790000, 0x00007f944c600000)
   the space 10640320K,  99% used [0x00007f7ef70a0000, 0x00007f817fdc67e8, 0x00007f817fdc6800, 0x00007f8180790000)
 Metaspace       used 24314K, capacity 24703K, committed 24832K, reserved 26624K
}
Event: 5431.725 GC heap before
{Heap before GC invocations=2998 (full 7):
 def new generation   total 4780800K, used 152646K [0x00007f744c600000, 0x00007f7590980000, 0x00007f7ef70a0000)
  eden space 4249600K,   0% used [0x00007f744c600000, 0x00007f744c600000, 0x00007f754fc00000)
  from space 531200K,  28% used [0x00007f75702c0000, 0x00007f75797d1918, 0x00007f7590980000)
  to   space 531200K,   0% used [0x00007f754fc00000, 0x00007f754fc00000, 0x00007f75702c0000)
 tenured generation   total 10640320K, used 10630297K [0x00007f7ef70a0000, 0x00007f8180790000, 0x00007f944c600000)
   the space 10640320K,  99% used [0x00007f7ef70a0000, 0x00007f817fdc67e8, 0x00007f817fdc6800, 0x00007f8180790000)
 Metaspace       used 24314K, capacity 24703K, committed 24832K, reserved 26624K
}

