# JRE version: OpenJDK Runtime Environment (13.0.7+5) (build 13.0.7+5-Ubuntu-0ubuntu120.04)
# Java VM: OpenJDK 64-Bit Server VM (13.0.7+5-Ubuntu-0ubuntu120.04, mixed mode, tiered, serial gc, linux-amd64)
Heap:
 def new generation   total 629248K, used 0K [0x00007ef190600000, 0x00007ef1bb0c0000, 0x00007ef6e5b50000)
  eden space 559360K,   0% used [0x00007ef190600000, 0x00007ef190600000, 0x00007ef1b2840000)
  from space 69888K,   0% used [0x00007ef1b6c80000, 0x00007ef1b6c80000, 0x00007ef1bb0c0000)
  to   space 69888K,   0% used [0x00007ef1b2840000, 0x00007ef1b2840000, 0x00007ef1b6c80000)
 tenured generation   total 10501708K, used 6301023K [0x00007ef6e5b50000, 0x00007ef966ae3000, 0x00007f0190600000)
   the space 10501708K,  59% used [0x00007ef6e5b50000, 0x00007ef8664a7ef8, 0x00007ef8664a8000, 0x00007ef966ae3000)
 Metaspace       used 23284K, capacity 23692K, committed 23808K, reserved 24576K
GC Heap History (20 events):
Event: 6.915 GC heap after
{Heap after GC invocations=5 (full 2):
 def new generation   total 629248K, used 0K [0x00007ef190600000, 0x00007ef1bb0c0000, 0x00007ef6e5b50000)
  eden space 559360K,   0% used [0x00007ef190600000, 0x00007ef190600000, 0x00007ef1b2840000)
  from space 69888K,   0% used [0x00007ef1b2840000, 0x00007ef1b2840000, 0x00007ef1b6c80000)
  to   space 69888K,   0% used [0x00007ef1b6c80000, 0x00007ef1b6c80000, 0x00007ef1bb0c0000)
 tenured generation   total 1398144K, used 539105K [0x00007ef6e5b50000, 0x00007ef73b0b0000, 0x00007f0190600000)
   the space 1398144K,  38% used [0x00007ef6e5b50000, 0x00007ef7069c8508, 0x00007ef7069c8600, 0x00007ef73b0b0000)
 Metaspace       used 23201K, capacity 23530K, committed 23552K, reserved 24576K
}
Event: 7.128 GC heap before
{Heap before GC invocations=5 (full 2):
 def new generation   total 629248K, used 559360K [0x00007ef190600000, 0x00007ef1bb0c0000, 0x00007ef6e5b50000)
  eden space 559360K, 100% used [0x00007ef190600000, 0x00007ef1b2840000, 0x00007ef1b2840000)
  from space 69888K,   0% used [0x00007ef1b2840000, 0x00007ef1b2840000, 0x00007ef1b6c80000)
  to   space 69888K,   0% used [0x00007ef1b6c80000, 0x00007ef1b6c80000, 0x00007ef1bb0c0000)
 tenured generation   total 1398144K, used 539105K [0x00007ef6e5b50000, 0x00007ef73b0b0000, 0x00007f0190600000)
   the space 1398144K,  38% used [0x00007ef6e5b50000, 0x00007ef7069c8508, 0x00007ef7069c8600, 0x00007ef73b0b0000)
 Metaspace       used 23229K, capacity 23596K, committed 23808K, reserved 24576K
}
Event: 7.196 GC heap after
{Heap after GC invocations=6 (full 2):
 def new generation   total 629248K, used 419K [0x00007ef190600000, 0x00007ef1bb0c0000, 0x00007ef6e5b50000)
  eden space 559360K,   0% used [0x00007ef190600000, 0x00007ef190600000, 0x00007ef1b2840000)
  from space 69888K,   0% used [0x00007ef1b6c80000, 0x00007ef1b6ce8d50, 0x00007ef1bb0c0000)
  to   space 69888K,   0% used [0x00007ef1b2840000, 0x00007ef1b2840000, 0x00007ef1b6c80000)
 tenured generation   total 1398144K, used 1063393K [0x00007ef6e5b50000, 0x00007ef73b0b0000, 0x00007f0190600000)
   the space 1398144K,  76% used [0x00007ef6e5b50000, 0x00007ef7269c8520, 0x00007ef7269c8600, 0x00007ef73b0b0000)
 Metaspace       used 23229K, capacity 23596K, committed 23808K, reserved 24576K
}
Event: 7.606 GC heap before
{Heap before GC invocations=6 (full 2):
 def new generation   total 629248K, used 559779K [0x00007ef190600000, 0x00007ef1bb0c0000, 0x00007ef6e5b50000)
  eden space 559360K, 100% used [0x00007ef190600000, 0x00007ef1b2840000, 0x00007ef1b2840000)
  from space 69888K,   0% used [0x00007ef1b6c80000, 0x00007ef1b6ce8d50, 0x00007ef1bb0c0000)
  to   space 69888K,   0% used [0x00007ef1b2840000, 0x00007ef1b2840000, 0x00007ef1b6c80000)
 tenured generation   total 1398144K, used 1063393K [0x00007ef6e5b50000, 0x00007ef73b0b0000, 0x00007f0190600000)
   the space 1398144K,  76% used [0x00007ef6e5b50000, 0x00007ef7269c8520, 0x00007ef7269c8600, 0x00007ef73b0b0000)
 Metaspace       used 23273K, capacity 23690K, committed 23808K, reserved 24576K
}
Event: 7.607 GC heap after
{Heap after GC invocations=7 (full 2):
 def new generation   total 629248K, used 407K [0x00007ef190600000, 0x00007ef1bb0c0000, 0x00007ef6e5b50000)
  eden space 559360K,   0% used [0x00007ef190600000, 0x00007ef190600000, 0x00007ef1b2840000)
  from space 69888K,   0% used [0x00007ef1b2840000, 0x00007ef1b28a5d70, 0x00007ef1b6c80000)
  to   space 69888K,   0% used [0x00007ef1b6c80000, 0x00007ef1b6c80000, 0x00007ef1bb0c0000)
 tenured generation   total 1398144K, used 1063393K [0x00007ef6e5b50000, 0x00007ef73b0b0000, 0x00007f0190600000)
   the space 1398144K,  76% used [0x00007ef6e5b50000, 0x00007ef7269c8520, 0x00007ef7269c8600, 0x00007ef73b0b0000)
 Metaspace       used 23273K, capacity 23690K, committed 23808K, reserved 24576K
}
Event: 8.092 GC heap before
{Heap before GC invocations=7 (full 2):
 def new generation   total 629248K, used 559767K [0x00007ef190600000, 0x00007ef1bb0c0000, 0x00007ef6e5b50000)
  eden space 559360K, 100% used [0x00007ef190600000, 0x00007ef1b2840000, 0x00007ef1b2840000)
  from space 69888K,   0% used [0x00007ef1b2840000, 0x00007ef1b28a5d70, 0x00007ef1b6c80000)
  to   space 69888K,   0% used [0x00007ef1b6c80000, 0x00007ef1b6c80000, 0x00007ef1bb0c0000)
 tenured generation   total 1398144K, used 1063393K [0x00007ef6e5b50000, 0x00007ef73b0b0000, 0x00007f0190600000)
   the space 1398144K,  76% used [0x00007ef6e5b50000, 0x00007ef7269c8520, 0x00007ef7269c8600, 0x00007ef73b0b0000)
 Metaspace       used 23273K, capacity 23690K, committed 23808K, reserved 24576K
}
Event: 8.094 GC heap after
{Heap after GC invocations=8 (full 2):
 def new generation   total 629248K, used 653K [0x00007ef190600000, 0x00007ef1bb0c0000, 0x00007ef6e5b50000)
  eden space 559360K,   0% used [0x00007ef190600000, 0x00007ef190600000, 0x00007ef1b2840000)
  from space 69888K,   0% used [0x00007ef1b6c80000, 0x00007ef1b6d23598, 0x00007ef1bb0c0000)
  to   space 69888K,   0% used [0x00007ef1b2840000, 0x00007ef1b2840000, 0x00007ef1b6c80000)
 tenured generation   total 1398144K, used 1063393K [0x00007ef6e5b50000, 0x00007ef73b0b0000, 0x00007f0190600000)
   the space 1398144K,  76% used [0x00007ef6e5b50000, 0x00007ef7269c8520, 0x00007ef7269c8600, 0x00007ef73b0b0000)
 Metaspace       used 23273K, capacity 23690K, committed 23808K, reserved 24576K
}
Event: 8.401 GC heap before
{Heap before GC invocations=8 (full 2):
 def new generation   total 629248K, used 509592K [0x00007ef190600000, 0x00007ef1bb0c0000, 0x00007ef6e5b50000)
  eden space 559360K,  90% used [0x00007ef190600000, 0x00007ef1af702ce8, 0x00007ef1b2840000)
  from space 69888K,   0% used [0x00007ef1b6c80000, 0x00007ef1b6d23598, 0x00007ef1bb0c0000)
  to   space 69888K,   0% used [0x00007ef1b2840000, 0x00007ef1b2840000, 0x00007ef1b6c80000)
 tenured generation   total 1398144K, used 1063393K [0x00007ef6e5b50000, 0x00007ef73b0b0000, 0x00007f0190600000)
   the space 1398144K,  76% used [0x00007ef6e5b50000, 0x00007ef7269c8520, 0x00007ef7269c8600, 0x00007ef73b0b0000)
 Metaspace       used 23284K, capacity 23692K, committed 23808K, reserved 24576K
}
Event: 8.418 GC heap after
{Heap after GC invocations=9 (full 2):
 def new generation   total 629248K, used 25450K [0x00007ef190600000, 0x00007ef1bb0c0000, 0x00007ef6e5b50000)
  eden space 559360K,   0% used [0x00007ef190600000, 0x00007ef190600000, 0x00007ef1b2840000)
  from space 69888K,  36% used [0x00007ef1b2840000, 0x00007ef1b411a888, 0x00007ef1b6c80000)
  to   space 69888K,   0% used [0x00007ef1b6c80000, 0x00007ef1b6c80000, 0x00007ef1bb0c0000)
 tenured generation   total 1398144K, used 1063393K [0x00007ef6e5b50000, 0x00007ef73b0b0000, 0x00007f0190600000)
   the space 1398144K,  76% used [0x00007ef6e5b50000, 0x00007ef7269c8520, 0x00007ef7269c8600, 0x00007ef73b0b0000)
 Metaspace       used 23284K, capacity 23692K, committed 23808K, reserved 24576K
}
Event: 8.653 GC heap before
{Heap before GC invocations=9 (full 2):
 def new generation   total 629248K, used 429736K [0x00007ef190600000, 0x00007ef1bb0c0000, 0x00007ef6e5b50000)
  eden space 559360K,  72% used [0x00007ef190600000, 0x00007ef1a90cf8b8, 0x00007ef1b2840000)
  from space 69888K,  36% used [0x00007ef1b2840000, 0x00007ef1b411a888, 0x00007ef1b6c80000)
  to   space 69888K,   0% used [0x00007ef1b6c80000, 0x00007ef1b6c80000, 0x00007ef1bb0c0000)
 tenured generation   total 1398144K, used 1063393K [0x00007ef6e5b50000, 0x00007ef73b0b0000, 0x00007f0190600000)
   the space 1398144K,  76% used [0x00007ef6e5b50000, 0x00007ef7269c8520, 0x00007ef7269c8600, 0x00007ef73b0b0000)
 Metaspace       used 23284K, capacity 23692K, committed 23808K, reserved 24576K
}
Event: 8.745 GC heap after
{Heap after GC invocations=10 (full 2):
 def new generation   total 629248K, used 13162K [0x00007ef190600000, 0x00007ef1bb0c0000, 0x00007ef6e5b50000)
  eden space 559360K,   0% used [0x00007ef190600000, 0x00007ef190600000, 0x00007ef1b2840000)
  from space 69888K,  18% used [0x00007ef1b6c80000, 0x00007ef1b795a828, 0x00007ef1bb0c0000)
  to   space 69888K,   0% used [0x00007ef1b2840000, 0x00007ef1b2840000, 0x00007ef1b6c80000)
 tenured generation   total 1791364K, used 1456609K [0x00007ef6e5b50000, 0x00007ef7530b1000, 0x00007f0190600000)
   the space 1791364K,  81% used [0x00007ef6e5b50000, 0x00007ef73e9c8538, 0x00007ef73e9c8600, 0x00007ef7530b1000)
 Metaspace       used 23284K, capacity 23692K, committed 23808K, reserved 24576K
}
Event: 8.745 GC heap before
{Heap before GC invocations=10 (full 2):
 def new generation   total 629248K, used 13162K [0x00007ef190600000, 0x00007ef1bb0c0000, 0x00007ef6e5b50000)
  eden space 559360K,   0% used [0x00007ef190600000, 0x00007ef190600000, 0x00007ef1b2840000)
  from space 69888K,  18% used [0x00007ef1b6c80000, 0x00007ef1b795a828, 0x00007ef1bb0c0000)
  to   space 69888K,   0% used [0x00007ef1b2840000, 0x00007ef1b2840000, 0x00007ef1b6c80000)
 tenured generation   total 1791364K, used 1456609K [0x00007ef6e5b50000, 0x00007ef7530b1000, 0x00007f0190600000)
   the space 1791364K,  81% used [0x00007ef6e5b50000, 0x00007ef73e9c8538, 0x00007ef73e9c8600, 0x00007ef7530b1000)
 Metaspace       used 23284K, capacity 23692K, committed 23808K, reserved 24576K
}
Event: 8.867 GC heap after
{Heap after GC invocations=10 (full 3):
 def new generation   total 629248K, used 0K [0x00007ef190600000, 0x00007ef1bb0c0000, 0x00007ef6e5b50000)
  eden space 559360K,   0% used [0x00007ef190600000, 0x00007ef190600000, 0x00007ef1b2840000)
  from space 69888K,   0% used [0x00007ef1b6c80000, 0x00007ef1b6c80000, 0x00007ef1bb0c0000)
  to   space 69888K,   0% used [0x00007ef1b2840000, 0x00007ef1b2840000, 0x00007ef1b6c80000)
 tenured generation   total 1398144K, used 420423K [0x00007ef6e5b50000, 0x00007ef73b0b0000, 0x00007f0190600000)
   the space 1398144K,  30% used [0x00007ef6e5b50000, 0x00007ef6ff5e1d50, 0x00007ef6ff5e1e00, 0x00007ef73b0b0000)
 Metaspace       used 23284K, capacity 23692K, committed 23808K, reserved 24576K
}
Event: 9.036 GC heap before
{Heap before GC invocations=10 (full 3):
 def new generation   total 629248K, used 404244K [0x00007ef190600000, 0x00007ef1bb0c0000, 0x00007ef6e5b50000)
  eden space 559360K,  72% used [0x00007ef190600000, 0x00007ef1a90c52a8, 0x00007ef1b2840000)
  from space 69888K,   0% used [0x00007ef1b6c80000, 0x00007ef1b6c80000, 0x00007ef1bb0c0000)
  to   space 69888K,   0% used [0x00007ef1b2840000, 0x00007ef1b2840000, 0x00007ef1b6c80000)
 tenured generation   total 1398144K, used 420423K [0x00007ef6e5b50000, 0x00007ef73b0b0000, 0x00007f0190600000)
   the space 1398144K,  30% used [0x00007ef6e5b50000, 0x00007ef6ff5e1d50, 0x00007ef6ff5e1e00, 0x00007ef73b0b0000)
 Metaspace       used 23284K, capacity 23692K, committed 23808K, reserved 24576K
}
Event: 9.110 GC heap after
{Heap after GC invocations=11 (full 3):
 def new generation   total 629248K, used 0K [0x00007ef190600000, 0x00007ef1bb0c0000, 0x00007ef6e5b50000)
  eden space 559360K,   0% used [0x00007ef190600000, 0x00007ef190600000, 0x00007ef1b2840000)
  from space 69888K,   0% used [0x00007ef1b2840000, 0x00007ef1b2840300, 0x00007ef1b6c80000)
  to   space 69888K,   0% used [0x00007ef1b6c80000, 0x00007ef1b6c80000, 0x00007ef1bb0c0000)
 tenured generation   total 1398144K, used 813639K [0x00007ef6e5b50000, 0x00007ef73b0b0000, 0x00007f0190600000)
   the space 1398144K,  58% used [0x00007ef6e5b50000, 0x00007ef7175e1d80, 0x00007ef7175e1e00, 0x00007ef73b0b0000)
 Metaspace       used 23284K, capacity 23692K, committed 23808K, reserved 24576K
}
Event: 9.110 GC heap before
{Heap before GC invocations=11 (full 3):
 def new generation   total 629248K, used 0K [0x00007ef190600000, 0x00007ef1bb0c0000, 0x00007ef6e5b50000)
  eden space 559360K,   0% used [0x00007ef190600000, 0x00007ef190600000, 0x00007ef1b2840000)
  from space 69888K,   0% used [0x00007ef1b2840000, 0x00007ef1b2840300, 0x00007ef1b6c80000)
  to   space 69888K,   0% used [0x00007ef1b6c80000, 0x00007ef1b6c80000, 0x00007ef1bb0c0000)
 tenured generation   total 1398144K, used 813639K [0x00007ef6e5b50000, 0x00007ef73b0b0000, 0x00007f0190600000)
   the space 1398144K,  58% used [0x00007ef6e5b50000, 0x00007ef7175e1d80, 0x00007ef7175e1e00, 0x00007ef73b0b0000)
 Metaspace       used 23284K, capacity 23692K, committed 23808K, reserved 24576K
}
Event: 9.253 GC heap after
{Heap after GC invocations=11 (full 4):
 def new generation   total 629248K, used 0K [0x00007ef190600000, 0x00007ef1bb0c0000, 0x00007ef6e5b50000)
  eden space 559360K,   0% used [0x00007ef190600000, 0x00007ef190600000, 0x00007ef1b2840000)
  from space 69888K,   0% used [0x00007ef1b2840000, 0x00007ef1b2840000, 0x00007ef1b6c80000)
  to   space 69888K,   0% used [0x00007ef1b6c80000, 0x00007ef1b6c80000, 0x00007ef1bb0c0000)
 tenured generation   total 1398144K, used 402784K [0x00007ef6e5b50000, 0x00007ef73b0b0000, 0x00007f0190600000)
   the space 1398144K,  28% used [0x00007ef6e5b50000, 0x00007ef6fe4a8068, 0x00007ef6fe4a8200, 0x00007ef73b0b0000)
 Metaspace       used 23284K, capacity 23692K, committed 23808K, reserved 24576K
}
Event: 15.046 GC heap before
{Heap before GC invocations=11 (full 4):
 def new generation   total 629248K, used 10977K [0x00007ef190600000, 0x00007ef1bb0c0000, 0x00007ef6e5b50000)
  eden space 559360K,   1% used [0x00007ef190600000, 0x00007ef1910b8540, 0x00007ef1b2840000)
  from space 69888K,   0% used [0x00007ef1b2840000, 0x00007ef1b2840000, 0x00007ef1b6c80000)
  to   space 69888K,   0% used [0x00007ef1b6c80000, 0x00007ef1b6c80000, 0x00007ef1bb0c0000)
 tenured generation   total 7689604K, used 6694240K [0x00007ef6e5b50000, 0x00007ef8bb0b1000, 0x00007f0190600000)
   the space 7689604K,  87% used [0x00007ef6e5b50000, 0x00007ef87e4a8080, 0x00007ef87e4a8200, 0x00007ef8bb0b1000)
 Metaspace       used 23284K, capacity 23692K, committed 23808K, reserved 24576K
}
Event: 15.048 GC heap after
{Heap after GC invocations=12 (full 4):
 def new generation   total 629248K, used 0K [0x00007ef190600000, 0x00007ef1bb0c0000, 0x00007ef6e5b50000)
  eden space 559360K,   0% used [0x00007ef190600000, 0x00007ef190600000, 0x00007ef1b2840000)
  from space 69888K,   0% used [0x00007ef1b6c80000, 0x00007ef1b6c800b0, 0x00007ef1bb0c0000)
  to   space 69888K,   0% used [0x00007ef1b2840000, 0x00007ef1b2840000, 0x00007ef1b6c80000)
 tenured generation   total 7689604K, used 6694240K [0x00007ef6e5b50000, 0x00007ef8bb0b1000, 0x00007f0190600000)
   the space 7689604K,  87% used [0x00007ef6e5b50000, 0x00007ef87e4a8080, 0x00007ef87e4a8200, 0x00007ef8bb0b1000)
 Metaspace       used 23284K, capacity 23692K, committed 23808K, reserved 24576K
}
Event: 15.048 GC heap before
{Heap before GC invocations=12 (full 4):
 def new generation   total 629248K, used 0K [0x00007ef190600000, 0x00007ef1bb0c0000, 0x00007ef6e5b50000)
  eden space 559360K,   0% used [0x00007ef190600000, 0x00007ef190600000, 0x00007ef1b2840000)
  from space 69888K,   0% used [0x00007ef1b6c80000, 0x00007ef1b6c800b0, 0x00007ef1bb0c0000)
  to   space 69888K,   0% used [0x00007ef1b2840000, 0x00007ef1b2840000, 0x00007ef1b6c80000)
 tenured generation   total 7689604K, used 6694240K [0x00007ef6e5b50000, 0x00007ef8bb0b1000, 0x00007f0190600000)
   the space 7689604K,  87% used [0x00007ef6e5b50000, 0x00007ef87e4a8080, 0x00007ef87e4a8200, 0x00007ef8bb0b1000)
 Metaspace       used 23284K, capacity 23692K, committed 23808K, reserved 24576K
}

