# JRE version: OpenJDK Runtime Environment (13.0.7+5) (build 13.0.7+5-Ubuntu-0ubuntu120.04)
# Java VM: OpenJDK 64-Bit Server VM (13.0.7+5-Ubuntu-0ubuntu120.04, mixed mode, tiered, serial gc, linux-amd64)
Heap:
 def new generation   total 1923776K, used 136021K [0x00007fd034600000, 0x00007fd0b6d60000, 0x00007fd589b50000)
  eden space 1710080K,   7% used [0x00007fd034600000, 0x00007fd03cad5548, 0x00007fd09cc00000)
  from space 213696K,   0% used [0x00007fd0a9cb0000, 0x00007fd0a9cb0000, 0x00007fd0b6d60000)
  to   space 213696K,   0% used [0x00007fd09cc00000, 0x00007fd09cc00000, 0x00007fd0a9cb0000)
 tenured generation   total 4275040K, used 4274959K [0x00007fd589b50000, 0x00007fd68ea28000, 0x00007fe034600000)
   the space 4275040K,  99% used [0x00007fd589b50000, 0x00007fd68ea13ec8, 0x00007fd68ea14000, 0x00007fd68ea28000)
 Metaspace       used 24366K, capacity 24834K, committed 25088K, reserved 26624K
GC Heap History (20 events):
Event: 18135.037 GC heap after
{Heap after GC invocations=26090 (full 118):
 def new generation   total 1923776K, used 5037K [0x00007fd034600000, 0x00007fd0b6d60000, 0x00007fd589b50000)
  eden space 1710080K,   0% used [0x00007fd034600000, 0x00007fd034600000, 0x00007fd09cc00000)
  from space 213696K,   2% used [0x00007fd09cc00000, 0x00007fd09d0eb780, 0x00007fd0a9cb0000)
  to   space 213696K,   0% used [0x00007fd0a9cb0000, 0x00007fd0a9cb0000, 0x00007fd0b6d60000)
 tenured generation   total 4274848K, used 4272117K [0x00007fd589b50000, 0x00007fd68e9f8000, 0x00007fe034600000)
   the space 4274848K,  99% used [0x00007fd589b50000, 0x00007fd68e74d4a8, 0x00007fd68e74d600, 0x00007fd68e9f8000)
 Metaspace       used 24366K, capacity 24834K, committed 25088K, reserved 26624K
}
Event: 18136.255 GC heap before
{Heap before GC invocations=26090 (full 118):
 def new generation   total 1923776K, used 1715117K [0x00007fd034600000, 0x00007fd0b6d60000, 0x00007fd589b50000)
  eden space 1710080K, 100% used [0x00007fd034600000, 0x00007fd09cc00000, 0x00007fd09cc00000)
  from space 213696K,   2% used [0x00007fd09cc00000, 0x00007fd09d0eb780, 0x00007fd0a9cb0000)
  to   space 213696K,   0% used [0x00007fd0a9cb0000, 0x00007fd0a9cb0000, 0x00007fd0b6d60000)
 tenured generation   total 4274848K, used 4272117K [0x00007fd589b50000, 0x00007fd68e9f8000, 0x00007fe034600000)
   the space 4274848K,  99% used [0x00007fd589b50000, 0x00007fd68e74d4a8, 0x00007fd68e74d600, 0x00007fd68e9f8000)
 Metaspace       used 24366K, capacity 24834K, committed 25088K, reserved 26624K
}
Event: 18136.261 GC heap after
{Heap after GC invocations=26091 (full 118):
 def new generation   total 1923776K, used 4920K [0x00007fd034600000, 0x00007fd0b6d60000, 0x00007fd589b50000)
  eden space 1710080K,   0% used [0x00007fd034600000, 0x00007fd034600000, 0x00007fd09cc00000)
  from space 213696K,   2% used [0x00007fd0a9cb0000, 0x00007fd0aa17e3a8, 0x00007fd0b6d60000)
  to   space 213696K,   0% used [0x00007fd09cc00000, 0x00007fd09cc00000, 0x00007fd0a9cb0000)
 tenured generation   total 4274848K, used 4272374K [0x00007fd589b50000, 0x00007fd68e9f8000, 0x00007fe034600000)
   the space 4274848K,  99% used [0x00007fd589b50000, 0x00007fd68e78d998, 0x00007fd68e78da00, 0x00007fd68e9f8000)
 Metaspace       used 24366K, capacity 24834K, committed 25088K, reserved 26624K
}
Event: 18137.373 GC heap before
{Heap before GC invocations=26091 (full 118):
 def new generation   total 1923776K, used 1715000K [0x00007fd034600000, 0x00007fd0b6d60000, 0x00007fd589b50000)
  eden space 1710080K, 100% used [0x00007fd034600000, 0x00007fd09cc00000, 0x00007fd09cc00000)
  from space 213696K,   2% used [0x00007fd0a9cb0000, 0x00007fd0aa17e3a8, 0x00007fd0b6d60000)
  to   space 213696K,   0% used [0x00007fd09cc00000, 0x00007fd09cc00000, 0x00007fd0a9cb0000)
 tenured generation   total 4274848K, used 4272374K [0x00007fd589b50000, 0x00007fd68e9f8000, 0x00007fe034600000)
   the space 4274848K,  99% used [0x00007fd589b50000, 0x00007fd68e78d998, 0x00007fd68e78da00, 0x00007fd68e9f8000)
 Metaspace       used 24366K, capacity 24834K, committed 25088K, reserved 26624K
}
Event: 18137.381 GC heap after
{Heap after GC invocations=26092 (full 118):
 def new generation   total 1923776K, used 5038K [0x00007fd034600000, 0x00007fd0b6d60000, 0x00007fd589b50000)
  eden space 1710080K,   0% used [0x00007fd034600000, 0x00007fd034600000, 0x00007fd09cc00000)
  from space 213696K,   2% used [0x00007fd09cc00000, 0x00007fd09d0ebae0, 0x00007fd0a9cb0000)
  to   space 213696K,   0% used [0x00007fd0a9cb0000, 0x00007fd0a9cb0000, 0x00007fd0b6d60000)
 tenured generation   total 4274848K, used 4272760K [0x00007fd589b50000, 0x00007fd68e9f8000, 0x00007fe034600000)
   the space 4274848K,  99% used [0x00007fd589b50000, 0x00007fd68e7ee100, 0x00007fd68e7ee200, 0x00007fd68e9f8000)
 Metaspace       used 24366K, capacity 24834K, committed 25088K, reserved 26624K
}
Event: 18138.605 GC heap before
{Heap before GC invocations=26092 (full 118):
 def new generation   total 1923776K, used 1715118K [0x00007fd034600000, 0x00007fd0b6d60000, 0x00007fd589b50000)
  eden space 1710080K, 100% used [0x00007fd034600000, 0x00007fd09cc00000, 0x00007fd09cc00000)
  from space 213696K,   2% used [0x00007fd09cc00000, 0x00007fd09d0ebae0, 0x00007fd0a9cb0000)
  to   space 213696K,   0% used [0x00007fd0a9cb0000, 0x00007fd0a9cb0000, 0x00007fd0b6d60000)
 tenured generation   total 4274848K, used 4272760K [0x00007fd589b50000, 0x00007fd68e9f8000, 0x00007fe034600000)
   the space 4274848K,  99% used [0x00007fd589b50000, 0x00007fd68e7ee100, 0x00007fd68e7ee200, 0x00007fd68e9f8000)
 Metaspace       used 24366K, capacity 24834K, committed 25088K, reserved 26624K
}
Event: 18138.612 GC heap after
{Heap after GC invocations=26093 (full 118):
 def new generation   total 1923776K, used 4920K [0x00007fd034600000, 0x00007fd0b6d60000, 0x00007fd589b50000)
  eden space 1710080K,   0% used [0x00007fd034600000, 0x00007fd034600000, 0x00007fd09cc00000)
  from space 213696K,   2% used [0x00007fd0a9cb0000, 0x00007fd0aa17e3a8, 0x00007fd0b6d60000)
  to   space 213696K,   0% used [0x00007fd09cc00000, 0x00007fd09cc00000, 0x00007fd0a9cb0000)
 tenured generation   total 4274848K, used 4273017K [0x00007fd589b50000, 0x00007fd68e9f8000, 0x00007fe034600000)
   the space 4274848K,  99% used [0x00007fd589b50000, 0x00007fd68e82e5f0, 0x00007fd68e82e600, 0x00007fd68e9f8000)
 Metaspace       used 24366K, capacity 24834K, committed 25088K, reserved 26624K
}
Event: 18139.729 GC heap before
{Heap before GC invocations=26093 (full 118):
 def new generation   total 1923776K, used 1715000K [0x00007fd034600000, 0x00007fd0b6d60000, 0x00007fd589b50000)
  eden space 1710080K, 100% used [0x00007fd034600000, 0x00007fd09cc00000, 0x00007fd09cc00000)
  from space 213696K,   2% used [0x00007fd0a9cb0000, 0x00007fd0aa17e3a8, 0x00007fd0b6d60000)
  to   space 213696K,   0% used [0x00007fd09cc00000, 0x00007fd09cc00000, 0x00007fd0a9cb0000)
 tenured generation   total 4274848K, used 4273017K [0x00007fd589b50000, 0x00007fd68e9f8000, 0x00007fe034600000)
   the space 4274848K,  99% used [0x00007fd589b50000, 0x00007fd68e82e5f0, 0x00007fd68e82e600, 0x00007fd68e9f8000)
 Metaspace       used 24366K, capacity 24834K, committed 25088K, reserved 26624K
}
Event: 18139.735 GC heap after
{Heap after GC invocations=26094 (full 118):
 def new generation   total 1923776K, used 5158K [0x00007fd034600000, 0x00007fd0b6d60000, 0x00007fd589b50000)
  eden space 1710080K,   0% used [0x00007fd034600000, 0x00007fd034600000, 0x00007fd09cc00000)
  from space 213696K,   2% used [0x00007fd09cc00000, 0x00007fd09d109a98, 0x00007fd0a9cb0000)
  to   space 213696K,   0% used [0x00007fd0a9cb0000, 0x00007fd0a9cb0000, 0x00007fd0b6d60000)
 tenured generation   total 4274848K, used 4273275K [0x00007fd589b50000, 0x00007fd68e9f8000, 0x00007fe034600000)
   the space 4274848K,  99% used [0x00007fd589b50000, 0x00007fd68e86edb0, 0x00007fd68e86ee00, 0x00007fd68e9f8000)
 Metaspace       used 24366K, capacity 24834K, committed 25088K, reserved 26624K
}
Event: 18140.892 GC heap before
{Heap before GC invocations=26094 (full 118):
 def new generation   total 1923776K, used 1715238K [0x00007fd034600000, 0x00007fd0b6d60000, 0x00007fd589b50000)
  eden space 1710080K, 100% used [0x00007fd034600000, 0x00007fd09cc00000, 0x00007fd09cc00000)
  from space 213696K,   2% used [0x00007fd09cc00000, 0x00007fd09d109a98, 0x00007fd0a9cb0000)
  to   space 213696K,   0% used [0x00007fd0a9cb0000, 0x00007fd0a9cb0000, 0x00007fd0b6d60000)
 tenured generation   total 4274848K, used 4273275K [0x00007fd589b50000, 0x00007fd68e9f8000, 0x00007fe034600000)
   the space 4274848K,  99% used [0x00007fd589b50000, 0x00007fd68e86edb0, 0x00007fd68e86ee00, 0x00007fd68e9f8000)
 Metaspace       used 24366K, capacity 24834K, committed 25088K, reserved 26624K
}
Event: 18140.899 GC heap after
{Heap after GC invocations=26095 (full 118):
 def new generation   total 1923776K, used 4915K [0x00007fd034600000, 0x00007fd0b6d60000, 0x00007fd589b50000)
  eden space 1710080K,   0% used [0x00007fd034600000, 0x00007fd034600000, 0x00007fd09cc00000)
  from space 213696K,   2% used [0x00007fd0a9cb0000, 0x00007fd0aa17cf28, 0x00007fd0b6d60000)
  to   space 213696K,   0% used [0x00007fd09cc00000, 0x00007fd09cc00000, 0x00007fd0a9cb0000)
 tenured generation   total 4274848K, used 4273664K [0x00007fd589b50000, 0x00007fd68e9f8000, 0x00007fe034600000)
   the space 4274848K,  99% used [0x00007fd589b50000, 0x00007fd68e8d0388, 0x00007fd68e8d0400, 0x00007fd68e9f8000)
 Metaspace       used 24366K, capacity 24834K, committed 25088K, reserved 26624K
}
Event: 18142.010 GC heap before
{Heap before GC invocations=26095 (full 118):
 def new generation   total 1923776K, used 1714995K [0x00007fd034600000, 0x00007fd0b6d60000, 0x00007fd589b50000)
  eden space 1710080K, 100% used [0x00007fd034600000, 0x00007fd09cc00000, 0x00007fd09cc00000)
  from space 213696K,   2% used [0x00007fd0a9cb0000, 0x00007fd0aa17cf28, 0x00007fd0b6d60000)
  to   space 213696K,   0% used [0x00007fd09cc00000, 0x00007fd09cc00000, 0x00007fd0a9cb0000)
 tenured generation   total 4274848K, used 4273664K [0x00007fd589b50000, 0x00007fd68e9f8000, 0x00007fe034600000)
   the space 4274848K,  99% used [0x00007fd589b50000, 0x00007fd68e8d0388, 0x00007fd68e8d0400, 0x00007fd68e9f8000)
 Metaspace       used 24366K, capacity 24834K, committed 25088K, reserved 26624K
}
Event: 18142.017 GC heap after
{Heap after GC invocations=26096 (full 118):
 def new generation   total 1923776K, used 5158K [0x00007fd034600000, 0x00007fd0b6d60000, 0x00007fd589b50000)
  eden space 1710080K,   0% used [0x00007fd034600000, 0x00007fd034600000, 0x00007fd09cc00000)
  from space 213696K,   2% used [0x00007fd09cc00000, 0x00007fd09d109be8, 0x00007fd0a9cb0000)
  to   space 213696K,   0% used [0x00007fd0a9cb0000, 0x00007fd0a9cb0000, 0x00007fd0b6d60000)
 tenured generation   total 4274848K, used 4273922K [0x00007fd589b50000, 0x00007fd68e9f8000, 0x00007fe034600000)
   the space 4274848K,  99% used [0x00007fd589b50000, 0x00007fd68e910b48, 0x00007fd68e910c00, 0x00007fd68e9f8000)
 Metaspace       used 24366K, capacity 24834K, committed 25088K, reserved 26624K
}
Event: 18143.180 GC heap before
{Heap before GC invocations=26096 (full 118):
 def new generation   total 1923776K, used 1712865K [0x00007fd034600000, 0x00007fd0b6d60000, 0x00007fd589b50000)
  eden space 1710080K,  99% used [0x00007fd034600000, 0x00007fd09c9aeae8, 0x00007fd09cc00000)
  from space 213696K,   2% used [0x00007fd09cc00000, 0x00007fd09d109be8, 0x00007fd0a9cb0000)
  to   space 213696K,   0% used [0x00007fd0a9cb0000, 0x00007fd0a9cb0000, 0x00007fd0b6d60000)
 tenured generation   total 4274848K, used 4273922K [0x00007fd589b50000, 0x00007fd68e9f8000, 0x00007fe034600000)
   the space 4274848K,  99% used [0x00007fd589b50000, 0x00007fd68e910b48, 0x00007fd68e910c00, 0x00007fd68e9f8000)
 Metaspace       used 24366K, capacity 24834K, committed 25088K, reserved 26624K
}
Event: 18143.189 GC heap after
{Heap after GC invocations=26097 (full 118):
 def new generation   total 1923776K, used 9052K [0x00007fd034600000, 0x00007fd0b6d60000, 0x00007fd589b50000)
  eden space 1710080K,   0% used [0x00007fd034600000, 0x00007fd034600000, 0x00007fd09cc00000)
  from space 213696K,   4% used [0x00007fd0a9cb0000, 0x00007fd0aa587298, 0x00007fd0b6d60000)
  to   space 213696K,   0% used [0x00007fd09cc00000, 0x00007fd09cc00000, 0x00007fd0a9cb0000)
 tenured generation   total 4274848K, used 4274307K [0x00007fd589b50000, 0x00007fd68e9f8000, 0x00007fe034600000)
   the space 4274848K,  99% used [0x00007fd589b50000, 0x00007fd68e970fe0, 0x00007fd68e971000, 0x00007fd68e9f8000)
 Metaspace       used 24366K, capacity 24834K, committed 25088K, reserved 26624K
}
Event: 18144.302 GC heap before
{Heap before GC invocations=26097 (full 118):
 def new generation   total 1923776K, used 1719132K [0x00007fd034600000, 0x00007fd0b6d60000, 0x00007fd589b50000)
  eden space 1710080K, 100% used [0x00007fd034600000, 0x00007fd09cc00000, 0x00007fd09cc00000)
  from space 213696K,   4% used [0x00007fd0a9cb0000, 0x00007fd0aa587298, 0x00007fd0b6d60000)
  to   space 213696K,   0% used [0x00007fd09cc00000, 0x00007fd09cc00000, 0x00007fd0a9cb0000)
 tenured generation   total 4274848K, used 4274307K [0x00007fd589b50000, 0x00007fd68e9f8000, 0x00007fe034600000)
   the space 4274848K,  99% used [0x00007fd589b50000, 0x00007fd68e970fe0, 0x00007fd68e971000, 0x00007fd68e9f8000)
 Metaspace       used 24366K, capacity 24834K, committed 25088K, reserved 26624K
}
Event: 18144.308 GC heap after
{Heap after GC invocations=26098 (full 118):
 def new generation   total 1923776K, used 5160K [0x00007fd034600000, 0x00007fd0b6d60000, 0x00007fd589b50000)
  eden space 1710080K,   0% used [0x00007fd034600000, 0x00007fd034600000, 0x00007fd09cc00000)
  from space 213696K,   2% used [0x00007fd09cc00000, 0x00007fd09d10a2e0, 0x00007fd0a9cb0000)
  to   space 213696K,   0% used [0x00007fd0a9cb0000, 0x00007fd0a9cb0000, 0x00007fd0b6d60000)
 tenured generation   total 4274848K, used 4274565K [0x00007fd589b50000, 0x00007fd68e9f8000, 0x00007fe034600000)
   the space 4274848K,  99% used [0x00007fd589b50000, 0x00007fd68e9b17a0, 0x00007fd68e9b1800, 0x00007fd68e9f8000)
 Metaspace       used 24366K, capacity 24834K, committed 25088K, reserved 26624K
}
Event: 18145.401 GC heap before
{Heap before GC invocations=26098 (full 118):
 def new generation   total 1923776K, used 1657829K [0x00007fd034600000, 0x00007fd0b6d60000, 0x00007fd589b50000)
  eden space 1710080K,  96% used [0x00007fd034600000, 0x00007fd0993ef150, 0x00007fd09cc00000)
  from space 213696K,   2% used [0x00007fd09cc00000, 0x00007fd09d10a2e0, 0x00007fd0a9cb0000)
  to   space 213696K,   0% used [0x00007fd0a9cb0000, 0x00007fd0a9cb0000, 0x00007fd0b6d60000)
 tenured generation   total 4274848K, used 4274565K [0x00007fd589b50000, 0x00007fd68e9f8000, 0x00007fe034600000)
   the space 4274848K,  99% used [0x00007fd589b50000, 0x00007fd68e9b17a0, 0x00007fd68e9b1800, 0x00007fd68e9f8000)
 Metaspace       used 24366K, capacity 24834K, committed 25088K, reserved 26624K
}
Event: 18145.467 GC heap after
{Heap after GC invocations=26099 (full 118):
 def new generation   total 1923776K, used 136029K [0x00007fd034600000, 0x00007fd0b6d60000, 0x00007fd589b50000)
  eden space 1710080K,   0% used [0x00007fd034600000, 0x00007fd034600000, 0x00007fd09cc00000)
  from space 213696K,  63% used [0x00007fd0a9cb0000, 0x00007fd0b21877d8, 0x00007fd0b6d60000)
  to   space 213696K,   0% used [0x00007fd09cc00000, 0x00007fd09cc00000, 0x00007fd0a9cb0000)
 tenured generation   total 4275040K, used 4274951K [0x00007fd589b50000, 0x00007fd68ea28000, 0x00007fe034600000)
   the space 4275040K,  99% used [0x00007fd589b50000, 0x00007fd68ea11c38, 0x00007fd68ea11e00, 0x00007fd68ea28000)
 Metaspace       used 24366K, capacity 24834K, committed 25088K, reserved 26624K
}
Event: 18145.467 GC heap before
{Heap before GC invocations=26099 (full 118):
 def new generation   total 1923776K, used 136029K [0x00007fd034600000, 0x00007fd0b6d60000, 0x00007fd589b50000)
  eden space 1710080K,   0% used [0x00007fd034600000, 0x00007fd034600000, 0x00007fd09cc00000)
  from space 213696K,  63% used [0x00007fd0a9cb0000, 0x00007fd0b21877d8, 0x00007fd0b6d60000)
  to   space 213696K,   0% used [0x00007fd09cc00000, 0x00007fd09cc00000, 0x00007fd0a9cb0000)
 tenured generation   total 4275040K, used 4274951K [0x00007fd589b50000, 0x00007fd68ea28000, 0x00007fe034600000)
   the space 4275040K,  99% used [0x00007fd589b50000, 0x00007fd68ea11c38, 0x00007fd68ea11e00, 0x00007fd68ea28000)
 Metaspace       used 24366K, capacity 24834K, committed 25088K, reserved 26624K
}

