# JRE version: OpenJDK Runtime Environment (13.0.7+5) (build 13.0.7+5-Ubuntu-0ubuntu120.04)
# Java VM: OpenJDK 64-Bit Server VM (13.0.7+5-Ubuntu-0ubuntu120.04, mixed mode, tiered, serial gc, linux-amd64)
Heap:
 def new generation   total 2917376K, used 69616K [0x00007f29b0600000, 0x00007f2a76380000, 0x00007f2f05b50000)
  eden space 2593280K,   2% used [0x00007f29b0600000, 0x00007f29b49fc0e8, 0x00007f2a4ea80000)
  from space 324096K,   0% used [0x00007f2a62700000, 0x00007f2a62700000, 0x00007f2a76380000)
  to   space 324096K,   0% used [0x00007f2a4ea80000, 0x00007f2a4ea80000, 0x00007f2a62700000)
 tenured generation   total 6485728K, used 6485728K [0x00007f2f05b50000, 0x00007f3091908000, 0x00007f39b0600000)
   the space 6485728K, 100% used [0x00007f2f05b50000, 0x00007f3091908000, 0x00007f3091908000, 0x00007f3091908000)
 Metaspace       used 24161K, capacity 24517K, committed 24576K, reserved 24576K
GC Heap History (20 events):
Event: 2888.438 GC heap after
{Heap after GC invocations=2884 (full 4):
 def new generation   total 2917376K, used 71900K [0x00007f29b0600000, 0x00007f2a76380000, 0x00007f2f05b50000)
  eden space 2593280K,   0% used [0x00007f29b0600000, 0x00007f29b0600000, 0x00007f2a4ea80000)
  from space 324096K,  22% used [0x00007f2a4ea80000, 0x00007f2a530b7350, 0x00007f2a62700000)
  to   space 324096K,   0% used [0x00007f2a62700000, 0x00007f2a62700000, 0x00007f2a76380000)
 tenured generation   total 6482848K, used 6443713K [0x00007f2f05b50000, 0x00007f3091638000, 0x00007f39b0600000)
   the space 6482848K,  99% used [0x00007f2f05b50000, 0x00007f308f000698, 0x00007f308f000800, 0x00007f3091638000)
 Metaspace       used 24161K, capacity 24517K, committed 24576K, reserved 24576K
}
Event: 2890.463 GC heap before
{Heap before GC invocations=2884 (full 4):
 def new generation   total 2917376K, used 2665180K [0x00007f29b0600000, 0x00007f2a76380000, 0x00007f2f05b50000)
  eden space 2593280K, 100% used [0x00007f29b0600000, 0x00007f2a4ea80000, 0x00007f2a4ea80000)
  from space 324096K,  22% used [0x00007f2a4ea80000, 0x00007f2a530b7350, 0x00007f2a62700000)
  to   space 324096K,   0% used [0x00007f2a62700000, 0x00007f2a62700000, 0x00007f2a76380000)
 tenured generation   total 6482848K, used 6443713K [0x00007f2f05b50000, 0x00007f3091638000, 0x00007f39b0600000)
   the space 6482848K,  99% used [0x00007f2f05b50000, 0x00007f308f000698, 0x00007f308f000800, 0x00007f3091638000)
 Metaspace       used 24161K, capacity 24517K, committed 24576K, reserved 24576K
}
Event: 2890.591 GC heap after
{Heap after GC invocations=2885 (full 4):
 def new generation   total 2917376K, used 71870K [0x00007f29b0600000, 0x00007f2a76380000, 0x00007f2f05b50000)
  eden space 2593280K,   0% used [0x00007f29b0600000, 0x00007f29b0600000, 0x00007f2a4ea80000)
  from space 324096K,  22% used [0x00007f2a62700000, 0x00007f2a66d2fbb0, 0x00007f2a76380000)
  to   space 324096K,   0% used [0x00007f2a4ea80000, 0x00007f2a4ea80000, 0x00007f2a62700000)
 tenured generation   total 6482848K, used 6448003K [0x00007f2f05b50000, 0x00007f3091638000, 0x00007f39b0600000)
   the space 6482848K,  99% used [0x00007f2f05b50000, 0x00007f308f430e38, 0x00007f308f431000, 0x00007f3091638000)
 Metaspace       used 24161K, capacity 24517K, committed 24576K, reserved 24576K
}
Event: 2892.577 GC heap before
{Heap before GC invocations=2885 (full 4):
 def new generation   total 2917376K, used 2665150K [0x00007f29b0600000, 0x00007f2a76380000, 0x00007f2f05b50000)
  eden space 2593280K, 100% used [0x00007f29b0600000, 0x00007f2a4ea80000, 0x00007f2a4ea80000)
  from space 324096K,  22% used [0x00007f2a62700000, 0x00007f2a66d2fbb0, 0x00007f2a76380000)
  to   space 324096K,   0% used [0x00007f2a4ea80000, 0x00007f2a4ea80000, 0x00007f2a62700000)
 tenured generation   total 6482848K, used 6448003K [0x00007f2f05b50000, 0x00007f3091638000, 0x00007f39b0600000)
   the space 6482848K,  99% used [0x00007f2f05b50000, 0x00007f308f430e38, 0x00007f308f431000, 0x00007f3091638000)
 Metaspace       used 24161K, capacity 24517K, committed 24576K, reserved 24576K
}
Event: 2892.705 GC heap after
{Heap after GC invocations=2886 (full 4):
 def new generation   total 2917376K, used 71874K [0x00007f29b0600000, 0x00007f2a76380000, 0x00007f2f05b50000)
  eden space 2593280K,   0% used [0x00007f29b0600000, 0x00007f29b0600000, 0x00007f2a4ea80000)
  from space 324096K,  22% used [0x00007f2a4ea80000, 0x00007f2a530b08c0, 0x00007f2a62700000)
  to   space 324096K,   0% used [0x00007f2a62700000, 0x00007f2a62700000, 0x00007f2a76380000)
 tenured generation   total 6482848K, used 6452259K [0x00007f2f05b50000, 0x00007f3091638000, 0x00007f39b0600000)
   the space 6482848K,  99% used [0x00007f2f05b50000, 0x00007f308f858da8, 0x00007f308f858e00, 0x00007f3091638000)
 Metaspace       used 24161K, capacity 24517K, committed 24576K, reserved 24576K
}
Event: 2894.721 GC heap before
{Heap before GC invocations=2886 (full 4):
 def new generation   total 2917376K, used 2665154K [0x00007f29b0600000, 0x00007f2a76380000, 0x00007f2f05b50000)
  eden space 2593280K, 100% used [0x00007f29b0600000, 0x00007f2a4ea80000, 0x00007f2a4ea80000)
  from space 324096K,  22% used [0x00007f2a4ea80000, 0x00007f2a530b08c0, 0x00007f2a62700000)
  to   space 324096K,   0% used [0x00007f2a62700000, 0x00007f2a62700000, 0x00007f2a76380000)
 tenured generation   total 6482848K, used 6452259K [0x00007f2f05b50000, 0x00007f3091638000, 0x00007f39b0600000)
   the space 6482848K,  99% used [0x00007f2f05b50000, 0x00007f308f858da8, 0x00007f308f858e00, 0x00007f3091638000)
 Metaspace       used 24161K, capacity 24517K, committed 24576K, reserved 24576K
}
Event: 2894.839 GC heap after
{Heap after GC invocations=2887 (full 4):
 def new generation   total 2917376K, used 70358K [0x00007f29b0600000, 0x00007f2a76380000, 0x00007f2f05b50000)
  eden space 2593280K,   0% used [0x00007f29b0600000, 0x00007f29b0600000, 0x00007f2a4ea80000)
  from space 324096K,  21% used [0x00007f2a62700000, 0x00007f2a66bb5848, 0x00007f2a76380000)
  to   space 324096K,   0% used [0x00007f2a4ea80000, 0x00007f2a4ea80000, 0x00007f2a62700000)
 tenured generation   total 6482848K, used 6457425K [0x00007f2f05b50000, 0x00007f3091638000, 0x00007f39b0600000)
   the space 6482848K,  99% used [0x00007f2f05b50000, 0x00007f308fd64440, 0x00007f308fd64600, 0x00007f3091638000)
 Metaspace       used 24161K, capacity 24517K, committed 24576K, reserved 24576K
}
Event: 2896.901 GC heap before
{Heap before GC invocations=2887 (full 4):
 def new generation   total 2917376K, used 2663638K [0x00007f29b0600000, 0x00007f2a76380000, 0x00007f2f05b50000)
  eden space 2593280K, 100% used [0x00007f29b0600000, 0x00007f2a4ea80000, 0x00007f2a4ea80000)
  from space 324096K,  21% used [0x00007f2a62700000, 0x00007f2a66bb5848, 0x00007f2a76380000)
  to   space 324096K,   0% used [0x00007f2a4ea80000, 0x00007f2a4ea80000, 0x00007f2a62700000)
 tenured generation   total 6482848K, used 6457425K [0x00007f2f05b50000, 0x00007f3091638000, 0x00007f39b0600000)
   the space 6482848K,  99% used [0x00007f2f05b50000, 0x00007f308fd64440, 0x00007f308fd64600, 0x00007f3091638000)
 Metaspace       used 24161K, capacity 24517K, committed 24576K, reserved 24576K
}
Event: 2897.022 GC heap after
{Heap after GC invocations=2888 (full 4):
 def new generation   total 2917376K, used 70759K [0x00007f29b0600000, 0x00007f2a76380000, 0x00007f2f05b50000)
  eden space 2593280K,   0% used [0x00007f29b0600000, 0x00007f29b0600000, 0x00007f2a4ea80000)
  from space 324096K,  21% used [0x00007f2a4ea80000, 0x00007f2a52f99c98, 0x00007f2a62700000)
  to   space 324096K,   0% used [0x00007f2a62700000, 0x00007f2a62700000, 0x00007f2a76380000)
 tenured generation   total 6482848K, used 6461311K [0x00007f2f05b50000, 0x00007f3091638000, 0x00007f39b0600000)
   the space 6482848K,  99% used [0x00007f2f05b50000, 0x00007f309012ff00, 0x00007f3090130000, 0x00007f3091638000)
 Metaspace       used 24161K, capacity 24517K, committed 24576K, reserved 24576K
}
Event: 2899.055 GC heap before
{Heap before GC invocations=2888 (full 4):
 def new generation   total 2917376K, used 2664039K [0x00007f29b0600000, 0x00007f2a76380000, 0x00007f2f05b50000)
  eden space 2593280K, 100% used [0x00007f29b0600000, 0x00007f2a4ea80000, 0x00007f2a4ea80000)
  from space 324096K,  21% used [0x00007f2a4ea80000, 0x00007f2a52f99c98, 0x00007f2a62700000)
  to   space 324096K,   0% used [0x00007f2a62700000, 0x00007f2a62700000, 0x00007f2a76380000)
 tenured generation   total 6482848K, used 6461311K [0x00007f2f05b50000, 0x00007f3091638000, 0x00007f39b0600000)
   the space 6482848K,  99% used [0x00007f2f05b50000, 0x00007f309012ff00, 0x00007f3090130000, 0x00007f3091638000)
 Metaspace       used 24161K, capacity 24517K, committed 24576K, reserved 24576K
}
Event: 2899.187 GC heap after
{Heap after GC invocations=2889 (full 4):
 def new generation   total 2917376K, used 70786K [0x00007f29b0600000, 0x00007f2a76380000, 0x00007f2f05b50000)
  eden space 2593280K,   0% used [0x00007f29b0600000, 0x00007f29b0600000, 0x00007f2a4ea80000)
  from space 324096K,  21% used [0x00007f2a62700000, 0x00007f2a66c20940, 0x00007f2a76380000)
  to   space 324096K,   0% used [0x00007f2a4ea80000, 0x00007f2a4ea80000, 0x00007f2a62700000)
 tenured generation   total 6482848K, used 6465567K [0x00007f2f05b50000, 0x00007f3091638000, 0x00007f39b0600000)
   the space 6482848K,  99% used [0x00007f2f05b50000, 0x00007f3090557e70, 0x00007f3090558000, 0x00007f3091638000)
 Metaspace       used 24161K, capacity 24517K, committed 24576K, reserved 24576K
}
Event: 2901.222 GC heap before
{Heap before GC invocations=2889 (full 4):
 def new generation   total 2917376K, used 2664066K [0x00007f29b0600000, 0x00007f2a76380000, 0x00007f2f05b50000)
  eden space 2593280K, 100% used [0x00007f29b0600000, 0x00007f2a4ea80000, 0x00007f2a4ea80000)
  from space 324096K,  21% used [0x00007f2a62700000, 0x00007f2a66c20940, 0x00007f2a76380000)
  to   space 324096K,   0% used [0x00007f2a4ea80000, 0x00007f2a4ea80000, 0x00007f2a62700000)
 tenured generation   total 6482848K, used 6465567K [0x00007f2f05b50000, 0x00007f3091638000, 0x00007f39b0600000)
   the space 6482848K,  99% used [0x00007f2f05b50000, 0x00007f3090557e70, 0x00007f3090558000, 0x00007f3091638000)
 Metaspace       used 24161K, capacity 24517K, committed 24576K, reserved 24576K
}
Event: 2901.332 GC heap after
{Heap after GC invocations=2890 (full 4):
 def new generation   total 2917376K, used 68044K [0x00007f29b0600000, 0x00007f2a76380000, 0x00007f2f05b50000)
  eden space 2593280K,   0% used [0x00007f29b0600000, 0x00007f29b0600000, 0x00007f2a4ea80000)
  from space 324096K,  20% used [0x00007f2a4ea80000, 0x00007f2a52cf3248, 0x00007f2a62700000)
  to   space 324096K,   0% used [0x00007f2a62700000, 0x00007f2a62700000, 0x00007f2a76380000)
 tenured generation   total 6482848K, used 6472550K [0x00007f2f05b50000, 0x00007f3091638000, 0x00007f39b0600000)
   the space 6482848K,  99% used [0x00007f2f05b50000, 0x00007f3090c29bf0, 0x00007f3090c29c00, 0x00007f3091638000)
 Metaspace       used 24161K, capacity 24517K, committed 24576K, reserved 24576K
}
Event: 2903.297 GC heap before
{Heap before GC invocations=2890 (full 4):
 def new generation   total 2917376K, used 2661324K [0x00007f29b0600000, 0x00007f2a76380000, 0x00007f2f05b50000)
  eden space 2593280K, 100% used [0x00007f29b0600000, 0x00007f2a4ea80000, 0x00007f2a4ea80000)
  from space 324096K,  20% used [0x00007f2a4ea80000, 0x00007f2a52cf3248, 0x00007f2a62700000)
  to   space 324096K,   0% used [0x00007f2a62700000, 0x00007f2a62700000, 0x00007f2a76380000)
 tenured generation   total 6482848K, used 6472550K [0x00007f2f05b50000, 0x00007f3091638000, 0x00007f39b0600000)
   the space 6482848K,  99% used [0x00007f2f05b50000, 0x00007f3090c29bf0, 0x00007f3090c29c00, 0x00007f3091638000)
 Metaspace       used 24161K, capacity 24517K, committed 24576K, reserved 24576K
}
Event: 2903.432 GC heap after
{Heap after GC invocations=2891 (full 4):
 def new generation   total 2917376K, used 67360K [0x00007f29b0600000, 0x00007f2a76380000, 0x00007f2f05b50000)
  eden space 2593280K,   0% used [0x00007f29b0600000, 0x00007f29b0600000, 0x00007f2a4ea80000)
  from space 324096K,  20% used [0x00007f2a62700000, 0x00007f2a668c8198, 0x00007f2a76380000)
  to   space 324096K,   0% used [0x00007f2a4ea80000, 0x00007f2a4ea80000, 0x00007f2a62700000)
 tenured generation   total 6482848K, used 6477074K [0x00007f2f05b50000, 0x00007f3091638000, 0x00007f39b0600000)
   the space 6482848K,  99% used [0x00007f2f05b50000, 0x00007f3091094928, 0x00007f3091094a00, 0x00007f3091638000)
 Metaspace       used 24161K, capacity 24517K, committed 24576K, reserved 24576K
}
Event: 2905.307 GC heap before
{Heap before GC invocations=2891 (full 4):
 def new generation   total 2917376K, used 2660640K [0x00007f29b0600000, 0x00007f2a76380000, 0x00007f2f05b50000)
  eden space 2593280K, 100% used [0x00007f29b0600000, 0x00007f2a4ea80000, 0x00007f2a4ea80000)
  from space 324096K,  20% used [0x00007f2a62700000, 0x00007f2a668c8198, 0x00007f2a76380000)
  to   space 324096K,   0% used [0x00007f2a4ea80000, 0x00007f2a4ea80000, 0x00007f2a62700000)
 tenured generation   total 6482848K, used 6477074K [0x00007f2f05b50000, 0x00007f3091638000, 0x00007f39b0600000)
   the space 6482848K,  99% used [0x00007f2f05b50000, 0x00007f3091094928, 0x00007f3091094a00, 0x00007f3091638000)
 Metaspace       used 24161K, capacity 24517K, committed 24576K, reserved 24576K
}
Event: 2905.451 GC heap after
{Heap after GC invocations=2892 (full 4):
 def new generation   total 2917376K, used 70024K [0x00007f29b0600000, 0x00007f2a76380000, 0x00007f2f05b50000)
  eden space 2593280K,   0% used [0x00007f29b0600000, 0x00007f29b0600000, 0x00007f2a4ea80000)
  from space 324096K,  21% used [0x00007f2a4ea80000, 0x00007f2a52ee2178, 0x00007f2a62700000)
  to   space 324096K,   0% used [0x00007f2a62700000, 0x00007f2a62700000, 0x00007f2a76380000)
 tenured generation   total 6482848K, used 6481330K [0x00007f2f05b50000, 0x00007f3091638000, 0x00007f39b0600000)
   the space 6482848K,  99% used [0x00007f2f05b50000, 0x00007f30914bc898, 0x00007f30914bca00, 0x00007f3091638000)
 Metaspace       used 24161K, capacity 24517K, committed 24576K, reserved 24576K
}
Event: 2907.424 GC heap before
{Heap before GC invocations=2892 (full 4):
 def new generation   total 2917376K, used 2663304K [0x00007f29b0600000, 0x00007f2a76380000, 0x00007f2f05b50000)
  eden space 2593280K, 100% used [0x00007f29b0600000, 0x00007f2a4ea80000, 0x00007f2a4ea80000)
  from space 324096K,  21% used [0x00007f2a4ea80000, 0x00007f2a52ee2178, 0x00007f2a62700000)
  to   space 324096K,   0% used [0x00007f2a62700000, 0x00007f2a62700000, 0x00007f2a76380000)
 tenured generation   total 6482848K, used 6481330K [0x00007f2f05b50000, 0x00007f3091638000, 0x00007f39b0600000)
   the space 6482848K,  99% used [0x00007f2f05b50000, 0x00007f30914bc898, 0x00007f30914bca00, 0x00007f3091638000)
 Metaspace       used 24161K, capacity 24517K, committed 24576K, reserved 24576K
}
Event: 2907.550 GC heap after
{Heap after GC invocations=2893 (full 4):
 def new generation   total 2917376K, used 69758K [0x00007f29b0600000, 0x00007f2a76380000, 0x00007f2f05b50000)
  eden space 2593280K,   0% used [0x00007f29b0600000, 0x00007f29b0600000, 0x00007f2a4ea80000)
  from space 324096K,  21% used [0x00007f2a62700000, 0x00007f2a66b1f8e0, 0x00007f2a76380000)
  to   space 324096K,   0% used [0x00007f2a4ea80000, 0x00007f2a4ea80000, 0x00007f2a62700000)
 tenured generation   total 6485728K, used 6485586K [0x00007f2f05b50000, 0x00007f3091908000, 0x00007f39b0600000)
   the space 6485728K,  99% used [0x00007f2f05b50000, 0x00007f30918e4808, 0x00007f30918e4a00, 0x00007f3091908000)
 Metaspace       used 24161K, capacity 24517K, committed 24576K, reserved 24576K
}
Event: 2907.550 GC heap before
{Heap before GC invocations=2893 (full 4):
 def new generation   total 2917376K, used 69758K [0x00007f29b0600000, 0x00007f2a76380000, 0x00007f2f05b50000)
  eden space 2593280K,   0% used [0x00007f29b0600000, 0x00007f29b0600000, 0x00007f2a4ea80000)
  from space 324096K,  21% used [0x00007f2a62700000, 0x00007f2a66b1f8e0, 0x00007f2a76380000)
  to   space 324096K,   0% used [0x00007f2a4ea80000, 0x00007f2a4ea80000, 0x00007f2a62700000)
 tenured generation   total 6485728K, used 6485586K [0x00007f2f05b50000, 0x00007f3091908000, 0x00007f39b0600000)
   the space 6485728K,  99% used [0x00007f2f05b50000, 0x00007f30918e4808, 0x00007f30918e4a00, 0x00007f3091908000)
 Metaspace       used 24161K, capacity 24517K, committed 24576K, reserved 24576K
}

