# JRE version: OpenJDK Runtime Environment (13.0.7+5) (build 13.0.7+5-Ubuntu-0ubuntu120.04)
# Java VM: OpenJDK 64-Bit Server VM (13.0.7+5-Ubuntu-0ubuntu120.04, mixed mode, tiered, serial gc, linux-amd64)
Heap:
 def new generation   total 2448832K, used 266505K [0x00007f5278600000, 0x00007f531e720000, 0x00007f57cdb50000)
  eden space 2176768K,  12% used [0x00007f5278600000, 0x00007f5288a42658, 0x00007f52fd3c0000)
  from space 272064K,   0% used [0x00007f52fd3c0000, 0x00007f52fd3c0000, 0x00007f530dd70000)
  to   space 272064K,   0% used [0x00007f530dd70000, 0x00007f530dd70000, 0x00007f531e720000)
 tenured generation   total 7346540K, used 7346539K [0x00007f57cdb50000, 0x00007f598e1ab000, 0x00007f6278600000)
   the space 7346540K,  99% used [0x00007f57cdb50000, 0x00007f598e1aaf78, 0x00007f598e1ab000, 0x00007f598e1ab000)
 Metaspace       used 30561K, capacity 30946K, committed 31232K, reserved 32768K
GC Heap History (20 events):
Event: 3.506 GC heap after
{Heap after GC invocations=1 (full 1):
 def new generation   total 629248K, used 0K [0x00007f5278600000, 0x00007f52a30c0000, 0x00007f57cdb50000)
  eden space 559360K,   0% used [0x00007f5278600000, 0x00007f5278600000, 0x00007f529a840000)
  from space 69888K,   0% used [0x00007f529a840000, 0x00007f529a840000, 0x00007f529ec80000)
  to   space 69888K,   0% used [0x00007f529ec80000, 0x00007f529ec80000, 0x00007f52a30c0000)
 tenured generation   total 1398144K, used 14090K [0x00007f57cdb50000, 0x00007f58230b0000, 0x00007f6278600000)
   the space 1398144K,   1% used [0x00007f57cdb50000, 0x00007f57ce912988, 0x00007f57ce912a00, 0x00007f58230b0000)
 Metaspace       used 20845K, capacity 21154K, committed 21248K, reserved 22528K
}
Event: 6.639 GC heap before
{Heap before GC invocations=1 (full 1):
 def new generation   total 629248K, used 559360K [0x00007f5278600000, 0x00007f52a30c0000, 0x00007f57cdb50000)
  eden space 559360K, 100% used [0x00007f5278600000, 0x00007f529a840000, 0x00007f529a840000)
  from space 69888K,   0% used [0x00007f529a840000, 0x00007f529a840000, 0x00007f529ec80000)
  to   space 69888K,   0% used [0x00007f529ec80000, 0x00007f529ec80000, 0x00007f52a30c0000)
 tenured generation   total 1398144K, used 14090K [0x00007f57cdb50000, 0x00007f58230b0000, 0x00007f6278600000)
   the space 1398144K,   1% used [0x00007f57cdb50000, 0x00007f57ce912988, 0x00007f57ce912a00, 0x00007f58230b0000)
 Metaspace       used 30558K, capacity 30946K, committed 31232K, reserved 32768K
}
Event: 7.222 GC heap after
{Heap after GC invocations=2 (full 1):
 def new generation   total 629248K, used 69887K [0x00007f5278600000, 0x00007f52a30c0000, 0x00007f57cdb50000)
  eden space 559360K,   0% used [0x00007f5278600000, 0x00007f5278600000, 0x00007f529a840000)
  from space 69888K,  99% used [0x00007f529ec80000, 0x00007f52a30bff30, 0x00007f52a30c0000)
  to   space 69888K,   0% used [0x00007f529a840000, 0x00007f529a840000, 0x00007f529ec80000)
 tenured generation   total 1398144K, used 336582K [0x00007f57cdb50000, 0x00007f58230b0000, 0x00007f6278600000)
   the space 1398144K,  24% used [0x00007f57cdb50000, 0x00007f57e2401968, 0x00007f57e2401a00, 0x00007f58230b0000)
 Metaspace       used 30558K, capacity 30946K, committed 31232K, reserved 32768K
}
Event: 7.510 GC heap before
{Heap before GC invocations=2 (full 1):
 def new generation   total 629248K, used 629247K [0x00007f5278600000, 0x00007f52a30c0000, 0x00007f57cdb50000)
  eden space 559360K, 100% used [0x00007f5278600000, 0x00007f529a840000, 0x00007f529a840000)
  from space 69888K,  99% used [0x00007f529ec80000, 0x00007f52a30bff30, 0x00007f52a30c0000)
  to   space 69888K,   0% used [0x00007f529a840000, 0x00007f529a840000, 0x00007f529ec80000)
 tenured generation   total 1398144K, used 336582K [0x00007f57cdb50000, 0x00007f58230b0000, 0x00007f6278600000)
   the space 1398144K,  24% used [0x00007f57cdb50000, 0x00007f57e2401968, 0x00007f57e2401a00, 0x00007f58230b0000)
 Metaspace       used 30558K, capacity 30946K, committed 31232K, reserved 32768K
}
Event: 9.374 GC heap after
{Heap after GC invocations=3 (full 1):
 def new generation   total 629248K, used 69887K [0x00007f5278600000, 0x00007f52a30c0000, 0x00007f57cdb50000)
  eden space 559360K,   0% used [0x00007f5278600000, 0x00007f5278600000, 0x00007f529a840000)
  from space 69888K,  99% used [0x00007f529a840000, 0x00007f529ec7ff38, 0x00007f529ec80000)
  to   space 69888K,   0% used [0x00007f529ec80000, 0x00007f529ec80000, 0x00007f52a30c0000)
 tenured generation   total 1398144K, used 895892K [0x00007f57cdb50000, 0x00007f58230b0000, 0x00007f6278600000)
   the space 1398144K,  64% used [0x00007f57cdb50000, 0x00007f5804635108, 0x00007f5804635200, 0x00007f58230b0000)
 Metaspace       used 30558K, capacity 30946K, committed 31232K, reserved 32768K
}
Event: 9.709 GC heap before
{Heap before GC invocations=3 (full 1):
 def new generation   total 629248K, used 629247K [0x00007f5278600000, 0x00007f52a30c0000, 0x00007f57cdb50000)
  eden space 559360K, 100% used [0x00007f5278600000, 0x00007f529a840000, 0x00007f529a840000)
  from space 69888K,  99% used [0x00007f529a840000, 0x00007f529ec7ff38, 0x00007f529ec80000)
  to   space 69888K,   0% used [0x00007f529ec80000, 0x00007f529ec80000, 0x00007f52a30c0000)
 tenured generation   total 1398144K, used 895892K [0x00007f57cdb50000, 0x00007f58230b0000, 0x00007f6278600000)
   the space 1398144K,  64% used [0x00007f57cdb50000, 0x00007f5804635108, 0x00007f5804635200, 0x00007f58230b0000)
 Metaspace       used 30558K, capacity 30946K, committed 31232K, reserved 32768K
}
Event: 10.760 GC heap after
{Heap after GC invocations=4 (full 1):
 def new generation   total 629248K, used 69887K [0x00007f5278600000, 0x00007f52a30c0000, 0x00007f57cdb50000)
  eden space 559360K,   0% used [0x00007f5278600000, 0x00007f5278600000, 0x00007f529a840000)
  from space 69888K,  99% used [0x00007f529ec80000, 0x00007f52a30bff38, 0x00007f52a30c0000)
  to   space 69888K,   0% used [0x00007f529a840000, 0x00007f529a840000, 0x00007f529ec80000)
 tenured generation   total 1455360K, used 1455214K [0x00007f57cdb50000, 0x00007f5826890000, 0x00007f6278600000)
   the space 1455360K,  99% used [0x00007f57cdb50000, 0x00007f582686b810, 0x00007f582686ba00, 0x00007f5826890000)
 Metaspace       used 30558K, capacity 30946K, committed 31232K, reserved 32768K
}
Event: 10.760 GC heap before
{Heap before GC invocations=4 (full 1):
 def new generation   total 629248K, used 69887K [0x00007f5278600000, 0x00007f52a30c0000, 0x00007f57cdb50000)
  eden space 559360K,   0% used [0x00007f5278600000, 0x00007f5278600000, 0x00007f529a840000)
  from space 69888K,  99% used [0x00007f529ec80000, 0x00007f52a30bff38, 0x00007f52a30c0000)
  to   space 69888K,   0% used [0x00007f529a840000, 0x00007f529a840000, 0x00007f529ec80000)
 tenured generation   total 1455360K, used 1455214K [0x00007f57cdb50000, 0x00007f5826890000, 0x00007f6278600000)
   the space 1455360K,  99% used [0x00007f57cdb50000, 0x00007f582686b810, 0x00007f582686ba00, 0x00007f5826890000)
 Metaspace       used 30558K, capacity 30946K, committed 31232K, reserved 32768K
}
Event: 11.874 GC heap after
{Heap after GC invocations=4 (full 2):
 def new generation   total 1091584K, used 69742K [0x00007f5278600000, 0x00007f52c2670000, 0x00007f57cdb50000)
  eden space 970304K,   7% used [0x00007f5278600000, 0x00007f527ca1b928, 0x00007f52b3990000)
  from space 121280K,   0% used [0x00007f52b3990000, 0x00007f52b3990000, 0x00007f52bb000000)
  to   space 121280K,   0% used [0x00007f52bb000000, 0x00007f52bb000000, 0x00007f52c2670000)
 tenured generation   total 2425600K, used 1455359K [0x00007f57cdb50000, 0x00007f5861c10000, 0x00007f6278600000)
   the space 2425600K,  59% used [0x00007f57cdb50000, 0x00007f582688fe20, 0x00007f5826890000, 0x00007f5861c10000)
 Metaspace       used 30558K, capacity 30946K, committed 31232K, reserved 32768K
}
Event: 12.460 GC heap before
{Heap before GC invocations=4 (full 2):
 def new generation   total 1091584K, used 970304K [0x00007f5278600000, 0x00007f52c2670000, 0x00007f57cdb50000)
  eden space 970304K, 100% used [0x00007f5278600000, 0x00007f52b3990000, 0x00007f52b3990000)
  from space 121280K,   0% used [0x00007f52b3990000, 0x00007f52b3990000, 0x00007f52bb000000)
  to   space 121280K,   0% used [0x00007f52bb000000, 0x00007f52bb000000, 0x00007f52c2670000)
 tenured generation   total 2425600K, used 1455359K [0x00007f57cdb50000, 0x00007f5861c10000, 0x00007f6278600000)
   the space 2425600K,  59% used [0x00007f57cdb50000, 0x00007f582688fe20, 0x00007f5826890000, 0x00007f5861c10000)
 Metaspace       used 30561K, capacity 30946K, committed 31232K, reserved 32768K
}
Event: 14.197 GC heap after
{Heap after GC invocations=5 (full 2):
 def new generation   total 1091584K, used 121279K [0x00007f5278600000, 0x00007f52c2670000, 0x00007f57cdb50000)
  eden space 970304K,   0% used [0x00007f5278600000, 0x00007f5278600000, 0x00007f52b3990000)
  from space 121280K,  99% used [0x00007f52bb000000, 0x00007f52c266ffe8, 0x00007f52c2670000)
  to   space 121280K,   0% used [0x00007f52b3990000, 0x00007f52b3990000, 0x00007f52bb000000)
 tenured generation   total 2425600K, used 2294635K [0x00007f57cdb50000, 0x00007f5861c10000, 0x00007f6278600000)
   the space 2425600K,  94% used [0x00007f57cdb50000, 0x00007f5859c2ae68, 0x00007f5859c2b000, 0x00007f5861c10000)
 Metaspace       used 30561K, capacity 30946K, committed 31232K, reserved 32768K
}
Event: 14.978 GC heap before
{Heap before GC invocations=5 (full 2):
 def new generation   total 1091584K, used 1091583K [0x00007f5278600000, 0x00007f52c2670000, 0x00007f57cdb50000)
  eden space 970304K, 100% used [0x00007f5278600000, 0x00007f52b3990000, 0x00007f52b3990000)
  from space 121280K,  99% used [0x00007f52bb000000, 0x00007f52c266ffe8, 0x00007f52c2670000)
  to   space 121280K,   0% used [0x00007f52b3990000, 0x00007f52b3990000, 0x00007f52bb000000)
 tenured generation   total 2425600K, used 2294635K [0x00007f57cdb50000, 0x00007f5861c10000, 0x00007f6278600000)
   the space 2425600K,  94% used [0x00007f57cdb50000, 0x00007f5859c2ae68, 0x00007f5859c2b000, 0x00007f5861c10000)
 Metaspace       used 30561K, capacity 30946K, committed 31232K, reserved 32768K
}
Event: 16.899 GC heap after
{Heap after GC invocations=6 (full 2):
 def new generation   total 1091584K, used 121279K [0x00007f5278600000, 0x00007f52c2670000, 0x00007f57cdb50000)
  eden space 970304K,   0% used [0x00007f5278600000, 0x00007f5278600000, 0x00007f52b3990000)
  from space 121280K,  99% used [0x00007f52b3990000, 0x00007f52baffffc8, 0x00007f52bb000000)
  to   space 121280K,   0% used [0x00007f52bb000000, 0x00007f52bb000000, 0x00007f52c2670000)
 tenured generation   total 3265024K, used 3264889K [0x00007f57cdb50000, 0x00007f5894fd0000, 0x00007f6278600000)
   the space 3265024K,  99% used [0x00007f57cdb50000, 0x00007f5894fae550, 0x00007f5894fae600, 0x00007f5894fd0000)
 Metaspace       used 30561K, capacity 30946K, committed 31232K, reserved 32768K
}
Event: 16.899 GC heap before
{Heap before GC invocations=6 (full 2):
 def new generation   total 1091584K, used 121279K [0x00007f5278600000, 0x00007f52c2670000, 0x00007f57cdb50000)
  eden space 970304K,   0% used [0x00007f5278600000, 0x00007f5278600000, 0x00007f52b3990000)
  from space 121280K,  99% used [0x00007f52b3990000, 0x00007f52baffffc8, 0x00007f52bb000000)
  to   space 121280K,   0% used [0x00007f52bb000000, 0x00007f52bb000000, 0x00007f52c2670000)
 tenured generation   total 3265024K, used 3264889K [0x00007f57cdb50000, 0x00007f5894fd0000, 0x00007f6278600000)
   the space 3265024K,  99% used [0x00007f57cdb50000, 0x00007f5894fae550, 0x00007f5894fae600, 0x00007f5894fd0000)
 Metaspace       used 30561K, capacity 30946K, committed 31232K, reserved 32768K
}
Event: 22.218 GC heap after
{Heap after GC invocations=6 (full 3):
 def new generation   total 2448832K, used 121145K [0x00007f5278600000, 0x00007f531e720000, 0x00007f57cdb50000)
  eden space 2176768K,   5% used [0x00007f5278600000, 0x00007f527fc4e5b0, 0x00007f52fd3c0000)
  from space 272064K,   0% used [0x00007f52fd3c0000, 0x00007f52fd3c0000, 0x00007f530dd70000)
  to   space 272064K,   0% used [0x00007f530dd70000, 0x00007f530dd70000, 0x00007f531e720000)
 tenured generation   total 5441708K, used 3265023K [0x00007f57cdb50000, 0x00007f5919d7b000, 0x00007f6278600000)
   the space 5441708K,  59% used [0x00007f57cdb50000, 0x00007f5894fcff68, 0x00007f5894fd0000, 0x00007f5919d7b000)
 Metaspace       used 30561K, capacity 30946K, committed 31232K, reserved 32768K
}
Event: 24.241 GC heap before
{Heap before GC invocations=6 (full 3):
 def new generation   total 2448832K, used 2176768K [0x00007f5278600000, 0x00007f531e720000, 0x00007f57cdb50000)
  eden space 2176768K, 100% used [0x00007f5278600000, 0x00007f52fd3c0000, 0x00007f52fd3c0000)
  from space 272064K,   0% used [0x00007f52fd3c0000, 0x00007f52fd3c0000, 0x00007f530dd70000)
  to   space 272064K,   0% used [0x00007f530dd70000, 0x00007f530dd70000, 0x00007f531e720000)
 tenured generation   total 5441708K, used 3265023K [0x00007f57cdb50000, 0x00007f5919d7b000, 0x00007f6278600000)
   the space 5441708K,  59% used [0x00007f57cdb50000, 0x00007f5894fcff68, 0x00007f5894fd0000, 0x00007f5919d7b000)
 Metaspace       used 30561K, capacity 30946K, committed 31232K, reserved 32768K
}
Event: 29.511 GC heap after
{Heap after GC invocations=7 (full 3):
 def new generation   total 2448832K, used 272063K [0x00007f5278600000, 0x00007f531e720000, 0x00007f57cdb50000)
  eden space 2176768K,   0% used [0x00007f5278600000, 0x00007f5278600000, 0x00007f52fd3c0000)
  from space 272064K,  99% used [0x00007f530dd70000, 0x00007f531e71ffe0, 0x00007f531e720000)
  to   space 272064K,   0% used [0x00007f52fd3c0000, 0x00007f52fd3c0000, 0x00007f530dd70000)
 tenured generation   total 5441708K, used 5169694K [0x00007f57cdb50000, 0x00007f5919d7b000, 0x00007f6278600000)
   the space 5441708K,  95% used [0x00007f57cdb50000, 0x00007f59093d7860, 0x00007f59093d7a00, 0x00007f5919d7b000)
 Metaspace       used 30561K, capacity 30946K, committed 31232K, reserved 32768K
}
Event: 31.185 GC heap before
{Heap before GC invocations=7 (full 3):
 def new generation   total 2448832K, used 2448831K [0x00007f5278600000, 0x00007f531e720000, 0x00007f57cdb50000)
  eden space 2176768K, 100% used [0x00007f5278600000, 0x00007f52fd3c0000, 0x00007f52fd3c0000)
  from space 272064K,  99% used [0x00007f530dd70000, 0x00007f531e71ffe0, 0x00007f531e720000)
  to   space 272064K,   0% used [0x00007f52fd3c0000, 0x00007f52fd3c0000, 0x00007f530dd70000)
 tenured generation   total 5441708K, used 5169694K [0x00007f57cdb50000, 0x00007f5919d7b000, 0x00007f6278600000)
   the space 5441708K,  95% used [0x00007f57cdb50000, 0x00007f59093d7860, 0x00007f59093d7a00, 0x00007f5919d7b000)
 Metaspace       used 30561K, capacity 30946K, committed 31232K, reserved 32768K
}
Event: 35.882 GC heap after
{Heap after GC invocations=8 (full 3):
 def new generation   total 2448832K, used 272063K [0x00007f5278600000, 0x00007f531e720000, 0x00007f57cdb50000)
  eden space 2176768K,   0% used [0x00007f5278600000, 0x00007f5278600000, 0x00007f52fd3c0000)
  from space 272064K,  99% used [0x00007f52fd3c0000, 0x00007f530dd6ffe0, 0x00007f530dd70000)
  to   space 272064K,   0% used [0x00007f530dd70000, 0x00007f530dd70000, 0x00007f531e720000)
 tenured generation   total 7346540K, used 7346430K [0x00007f57cdb50000, 0x00007f598e1ab000, 0x00007f6278600000)
   the space 7346540K,  99% used [0x00007f57cdb50000, 0x00007f598e18f998, 0x00007f598e18fa00, 0x00007f598e1ab000)
 Metaspace       used 30561K, capacity 30946K, committed 31232K, reserved 32768K
}
Event: 35.882 GC heap before
{Heap before GC invocations=8 (full 3):
 def new generation   total 2448832K, used 272063K [0x00007f5278600000, 0x00007f531e720000, 0x00007f57cdb50000)
  eden space 2176768K,   0% used [0x00007f5278600000, 0x00007f5278600000, 0x00007f52fd3c0000)
  from space 272064K,  99% used [0x00007f52fd3c0000, 0x00007f530dd6ffe0, 0x00007f530dd70000)
  to   space 272064K,   0% used [0x00007f530dd70000, 0x00007f530dd70000, 0x00007f531e720000)
 tenured generation   total 7346540K, used 7346430K [0x00007f57cdb50000, 0x00007f598e1ab000, 0x00007f6278600000)
   the space 7346540K,  99% used [0x00007f57cdb50000, 0x00007f598e18f998, 0x00007f598e18fa00, 0x00007f598e1ab000)
 Metaspace       used 30561K, capacity 30946K, committed 31232K, reserved 32768K
}

