# JRE version: OpenJDK Runtime Environment (13.0.7+5) (build 13.0.7+5-Ubuntu-0ubuntu120.04)
# Java VM: OpenJDK 64-Bit Server VM (13.0.7+5-Ubuntu-0ubuntu120.04, mixed mode, tiered, serial gc, linux-amd64)
Heap:
 def new generation   total 629248K, used 0K [0x00007fe09c600000, 0x00007fe0c70c0000, 0x00007fe5f1b50000)
  eden space 559360K,   0% used [0x00007fe09c600000, 0x00007fe09c600000, 0x00007fe0be840000)
  from space 69888K,   0% used [0x00007fe0be840000, 0x00007fe0be840000, 0x00007fe0c2c80000)
  to   space 69888K,   0% used [0x00007fe0c2c80000, 0x00007fe0c2c80000, 0x00007fe0c70c0000)
 tenured generation   total 1398144K, used 80285K [0x00007fe5f1b50000, 0x00007fe6470b0000, 0x00007ff09c600000)
   the space 1398144K,   5% used [0x00007fe5f1b50000, 0x00007fe5f69b76d0, 0x00007fe5f69b7800, 0x00007fe6470b0000)
 Metaspace       used 23270K, capacity 23610K, committed 23808K, reserved 24576K
GC Heap History (8 events):
Event: 4.175 GC heap before
{Heap before GC invocations=0 (full 0):
 def new generation   total 629120K, used 111846K [0x00007fe09c600000, 0x00007fe0c70a0000, 0x00007fe5f1b50000)
  eden space 559232K,  20% used [0x00007fe09c600000, 0x00007fe0a3339bf8, 0x00007fe0be820000)
  from space 69888K,   0% used [0x00007fe0be820000, 0x00007fe0be820000, 0x00007fe0c2c60000)
  to   space 69888K,   0% used [0x00007fe0c2c60000, 0x00007fe0c2c60000, 0x00007fe0c70a0000)
 tenured generation   total 1398144K, used 0K [0x00007fe5f1b50000, 0x00007fe6470b0000, 0x00007ff09c600000)
   the space 1398144K,   0% used [0x00007fe5f1b50000, 0x00007fe5f1b50000, 0x00007fe5f1b50200, 0x00007fe6470b0000)
 Metaspace       used 20912K, capacity 21221K, committed 21248K, reserved 22528K
}
Event: 4.506 GC heap after
{Heap after GC invocations=1 (full 1):
 def new generation   total 629248K, used 0K [0x00007fe09c600000, 0x00007fe0c70c0000, 0x00007fe5f1b50000)
  eden space 559360K,   0% used [0x00007fe09c600000, 0x00007fe09c600000, 0x00007fe0be840000)
  from space 69888K,   0% used [0x00007fe0be840000, 0x00007fe0be840000, 0x00007fe0c2c80000)
  to   space 69888K,   0% used [0x00007fe0c2c80000, 0x00007fe0c2c80000, 0x00007fe0c70c0000)
 tenured generation   total 1398144K, used 13599K [0x00007fe5f1b50000, 0x00007fe6470b0000, 0x00007ff09c600000)
   the space 1398144K,   0% used [0x00007fe5f1b50000, 0x00007fe5f2897f48, 0x00007fe5f2898000, 0x00007fe6470b0000)
 Metaspace       used 20912K, capacity 21221K, committed 21248K, reserved 22528K
}
Event: 9.108 GC heap before
{Heap before GC invocations=1 (full 1):
 def new generation   total 629248K, used 559360K [0x00007fe09c600000, 0x00007fe0c70c0000, 0x00007fe5f1b50000)
  eden space 559360K, 100% used [0x00007fe09c600000, 0x00007fe0be840000, 0x00007fe0be840000)
  from space 69888K,   0% used [0x00007fe0be840000, 0x00007fe0be840000, 0x00007fe0c2c80000)
  to   space 69888K,   0% used [0x00007fe0c2c80000, 0x00007fe0c2c80000, 0x00007fe0c70c0000)
 tenured generation   total 1398144K, used 13599K [0x00007fe5f1b50000, 0x00007fe6470b0000, 0x00007ff09c600000)
   the space 1398144K,   0% used [0x00007fe5f1b50000, 0x00007fe5f2897f48, 0x00007fe5f2898000, 0x00007fe6470b0000)
 Metaspace       used 23065K, capacity 23394K, committed 23552K, reserved 24576K
}
Event: 9.120 GC heap after
{Heap after GC invocations=2 (full 1):
 def new generation   total 629248K, used 752K [0x00007fe09c600000, 0x00007fe0c70c0000, 0x00007fe5f1b50000)
  eden space 559360K,   0% used [0x00007fe09c600000, 0x00007fe09c600000, 0x00007fe0be840000)
  from space 69888K,   1% used [0x00007fe0c2c80000, 0x00007fe0c2d3c1f0, 0x00007fe0c70c0000)
  to   space 69888K,   0% used [0x00007fe0be840000, 0x00007fe0be840000, 0x00007fe0c2c80000)
 tenured generation   total 1398144K, used 13599K [0x00007fe5f1b50000, 0x00007fe6470b0000, 0x00007ff09c600000)
   the space 1398144K,   0% used [0x00007fe5f1b50000, 0x00007fe5f2897f48, 0x00007fe5f2898000, 0x00007fe6470b0000)
 Metaspace       used 23065K, capacity 23394K, committed 23552K, reserved 24576K
}
Event: 10.451 GC heap before
{Heap before GC invocations=2 (full 1):
 def new generation   total 629248K, used 545373K [0x00007fe09c600000, 0x00007fe0c70c0000, 0x00007fe5f1b50000)
  eden space 559360K,  97% used [0x00007fe09c600000, 0x00007fe0bd9db240, 0x00007fe0be840000)
  from space 69888K,   1% used [0x00007fe0c2c80000, 0x00007fe0c2d3c1f0, 0x00007fe0c70c0000)
  to   space 69888K,   0% used [0x00007fe0be840000, 0x00007fe0be840000, 0x00007fe0c2c80000)
 tenured generation   total 1398144K, used 13599K [0x00007fe5f1b50000, 0x00007fe6470b0000, 0x00007ff09c600000)
   the space 1398144K,   0% used [0x00007fe5f1b50000, 0x00007fe5f2897f48, 0x00007fe5f2898000, 0x00007fe6470b0000)
 Metaspace       used 23270K, capacity 23610K, committed 23808K, reserved 24576K
}
Event: 10.498 GC heap after
{Heap after GC invocations=3 (full 1):
 def new generation   total 629248K, used 66686K [0x00007fe09c600000, 0x00007fe0c70c0000, 0x00007fe5f1b50000)
  eden space 559360K,   0% used [0x00007fe09c600000, 0x00007fe09c600000, 0x00007fe0be840000)
  from space 69888K,  95% used [0x00007fe0be840000, 0x00007fe0c295fb98, 0x00007fe0c2c80000)
  to   space 69888K,   0% used [0x00007fe0c2c80000, 0x00007fe0c2c80000, 0x00007fe0c70c0000)
 tenured generation   total 1398144K, used 13599K [0x00007fe5f1b50000, 0x00007fe6470b0000, 0x00007ff09c600000)
   the space 1398144K,   0% used [0x00007fe5f1b50000, 0x00007fe5f2897f48, 0x00007fe5f2898000, 0x00007fe6470b0000)
 Metaspace       used 23270K, capacity 23610K, committed 23808K, reserved 24576K
}
Event: 10.498 GC heap before
{Heap before GC invocations=3 (full 1):
 def new generation   total 629248K, used 66686K [0x00007fe09c600000, 0x00007fe0c70c0000, 0x00007fe5f1b50000)
  eden space 559360K,   0% used [0x00007fe09c600000, 0x00007fe09c600000, 0x00007fe0be840000)
  from space 69888K,  95% used [0x00007fe0be840000, 0x00007fe0c295fb98, 0x00007fe0c2c80000)
  to   space 69888K,   0% used [0x00007fe0c2c80000, 0x00007fe0c2c80000, 0x00007fe0c70c0000)
 tenured generation   total 1398144K, used 13599K [0x00007fe5f1b50000, 0x00007fe6470b0000, 0x00007ff09c600000)
   the space 1398144K,   0% used [0x00007fe5f1b50000, 0x00007fe5f2897f48, 0x00007fe5f2898000, 0x00007fe6470b0000)
 Metaspace       used 23270K, capacity 23610K, committed 23808K, reserved 24576K
}
Event: 10.578 GC heap after
{Heap after GC invocations=3 (full 2):
 def new generation   total 629248K, used 0K [0x00007fe09c600000, 0x00007fe0c70c0000, 0x00007fe5f1b50000)
  eden space 559360K,   0% used [0x00007fe09c600000, 0x00007fe09c600000, 0x00007fe0be840000)
  from space 69888K,   0% used [0x00007fe0be840000, 0x00007fe0be840000, 0x00007fe0c2c80000)
  to   space 69888K,   0% used [0x00007fe0c2c80000, 0x00007fe0c2c80000, 0x00007fe0c70c0000)
 tenured generation   total 1398144K, used 80285K [0x00007fe5f1b50000, 0x00007fe6470b0000, 0x00007ff09c600000)
   the space 1398144K,   5% used [0x00007fe5f1b50000, 0x00007fe5f69b76d0, 0x00007fe5f69b7800, 0x00007fe6470b0000)
 Metaspace       used 23270K, capacity 23610K, committed 23808K, reserved 24576K
}

