# JRE version: OpenJDK Runtime Environment (13.0.7+5) (build 13.0.7+5-Ubuntu-0ubuntu120.04)
# Java VM: OpenJDK 64-Bit Server VM (13.0.7+5-Ubuntu-0ubuntu120.04, mixed mode, tiered, serial gc, linux-amd64)
Heap:
 def new generation   total 1579968K, used 0K [0x00007f20a0600000, 0x00007f210b850000, 0x00007f25f5b50000)
  eden space 1404480K,   0% used [0x00007f20a0600000, 0x00007f20a0600000, 0x00007f20f6190000)
  from space 175488K,   0% used [0x00007f2100cf0000, 0x00007f2100cf0000, 0x00007f210b850000)
  to   space 175488K,   0% used [0x00007f20f6190000, 0x00007f20f6190000, 0x00007f2100cf0000)
 tenured generation   total 11899504K, used 9446564K [0x00007f25f5b50000, 0x00007f28cbfec000, 0x00007f30a0600000)
   the space 11899504K,  79% used [0x00007f25f5b50000, 0x00007f2836479340, 0x00007f2836479400, 0x00007f28cbfec000)
 Metaspace       used 23108K, capacity 23464K, committed 23552K, reserved 24576K
GC Heap History (20 events):
Event: 10.033 GC heap after
{Heap after GC invocations=4 (full 1):
 def new generation   total 629248K, used 0K [0x00007f20a0600000, 0x00007f20cb0c0000, 0x00007f25f5b50000)
  eden space 559360K,   0% used [0x00007f20a0600000, 0x00007f20a0600000, 0x00007f20c2840000)
  from space 69888K,   0% used [0x00007f20c6c80000, 0x00007f20c6c800f0, 0x00007f20cb0c0000)
  to   space 69888K,   0% used [0x00007f20c2840000, 0x00007f20c2840000, 0x00007f20c6c80000)
 tenured generation   total 1922436K, used 1587591K [0x00007f25f5b50000, 0x00007f266b0b1000, 0x00007f30a0600000)
   the space 1922436K,  82% used [0x00007f25f5b50000, 0x00007f26569b1ce8, 0x00007f26569b1e00, 0x00007f266b0b1000)
 Metaspace       used 23106K, capacity 23463K, committed 23552K, reserved 24576K
}
Event: 10.033 GC heap before
{Heap before GC invocations=4 (full 1):
 def new generation   total 629248K, used 0K [0x00007f20a0600000, 0x00007f20cb0c0000, 0x00007f25f5b50000)
  eden space 559360K,   0% used [0x00007f20a0600000, 0x00007f20a0600000, 0x00007f20c2840000)
  from space 69888K,   0% used [0x00007f20c6c80000, 0x00007f20c6c800f0, 0x00007f20cb0c0000)
  to   space 69888K,   0% used [0x00007f20c2840000, 0x00007f20c2840000, 0x00007f20c6c80000)
 tenured generation   total 1922436K, used 1587591K [0x00007f25f5b50000, 0x00007f266b0b1000, 0x00007f30a0600000)
   the space 1922436K,  82% used [0x00007f25f5b50000, 0x00007f26569b1ce8, 0x00007f26569b1e00, 0x00007f266b0b1000)
 Metaspace       used 23106K, capacity 23463K, committed 23552K, reserved 24576K
}
Event: 10.461 GC heap after
{Heap after GC invocations=4 (full 2):
 def new generation   total 629248K, used 0K [0x00007f20a0600000, 0x00007f20cb0c0000, 0x00007f25f5b50000)
  eden space 559360K,   0% used [0x00007f20a0600000, 0x00007f20a0600000, 0x00007f20c2840000)
  from space 69888K,   0% used [0x00007f20c6c80000, 0x00007f20c6c80000, 0x00007f20cb0c0000)
  to   space 69888K,   0% used [0x00007f20c2840000, 0x00007f20c2840000, 0x00007f20c6c80000)
 tenured generation   total 1398144K, used 539006K [0x00007f25f5b50000, 0x00007f264b0b0000, 0x00007f30a0600000)
   the space 1398144K,  38% used [0x00007f25f5b50000, 0x00007f26169af828, 0x00007f26169afa00, 0x00007f264b0b0000)
 Metaspace       used 23106K, capacity 23463K, committed 23552K, reserved 24576K
}
Event: 11.126 GC heap before
{Heap before GC invocations=4 (full 2):
 def new generation   total 629248K, used 535369K [0x00007f20a0600000, 0x00007f20cb0c0000, 0x00007f25f5b50000)
  eden space 559360K,  95% used [0x00007f20a0600000, 0x00007f20c10d2788, 0x00007f20c2840000)
  from space 69888K,   0% used [0x00007f20c6c80000, 0x00007f20c6c80000, 0x00007f20cb0c0000)
  to   space 69888K,   0% used [0x00007f20c2840000, 0x00007f20c2840000, 0x00007f20c6c80000)
 tenured generation   total 1398144K, used 539006K [0x00007f25f5b50000, 0x00007f264b0b0000, 0x00007f30a0600000)
   the space 1398144K,  38% used [0x00007f25f5b50000, 0x00007f26169af828, 0x00007f26169afa00, 0x00007f264b0b0000)
 Metaspace       used 23106K, capacity 23463K, committed 23552K, reserved 24576K
}
Event: 11.511 GC heap after
{Heap after GC invocations=5 (full 2):
 def new generation   total 629248K, used 0K [0x00007f20a0600000, 0x00007f20cb0c0000, 0x00007f25f5b50000)
  eden space 559360K,   0% used [0x00007f20a0600000, 0x00007f20a0600000, 0x00007f20c2840000)
  from space 69888K,   0% used [0x00007f20c2840000, 0x00007f20c2840230, 0x00007f20c6c80000)
  to   space 69888K,   0% used [0x00007f20c6c80000, 0x00007f20c6c80000, 0x00007f20cb0c0000)
 tenured generation   total 1398144K, used 1063294K [0x00007f25f5b50000, 0x00007f264b0b0000, 0x00007f30a0600000)
   the space 1398144K,  76% used [0x00007f25f5b50000, 0x00007f26369af840, 0x00007f26369afa00, 0x00007f264b0b0000)
 Metaspace       used 23106K, capacity 23463K, committed 23552K, reserved 24576K
}
Event: 13.043 GC heap before
{Heap before GC invocations=5 (full 2):
 def new generation   total 629248K, used 551710K [0x00007f20a0600000, 0x00007f20cb0c0000, 0x00007f25f5b50000)
  eden space 559360K,  98% used [0x00007f20a0600000, 0x00007f20c20c76e8, 0x00007f20c2840000)
  from space 69888K,   0% used [0x00007f20c2840000, 0x00007f20c2840230, 0x00007f20c6c80000)
  to   space 69888K,   0% used [0x00007f20c6c80000, 0x00007f20c6c80000, 0x00007f20cb0c0000)
 tenured generation   total 1398144K, used 1063294K [0x00007f25f5b50000, 0x00007f264b0b0000, 0x00007f30a0600000)
   the space 1398144K,  76% used [0x00007f25f5b50000, 0x00007f26369af840, 0x00007f26369afa00, 0x00007f264b0b0000)
 Metaspace       used 23108K, capacity 23464K, committed 23552K, reserved 24576K
}
Event: 13.074 GC heap after
{Heap after GC invocations=6 (full 2):
 def new generation   total 629248K, used 18658K [0x00007f20a0600000, 0x00007f20cb0c0000, 0x00007f25f5b50000)
  eden space 559360K,   0% used [0x00007f20a0600000, 0x00007f20a0600000, 0x00007f20c2840000)
  from space 69888K,  26% used [0x00007f20c6c80000, 0x00007f20c7eb88d8, 0x00007f20cb0c0000)
  to   space 69888K,   0% used [0x00007f20c2840000, 0x00007f20c2840000, 0x00007f20c6c80000)
 tenured generation   total 1398144K, used 1063294K [0x00007f25f5b50000, 0x00007f264b0b0000, 0x00007f30a0600000)
   the space 1398144K,  76% used [0x00007f25f5b50000, 0x00007f26369af840, 0x00007f26369afa00, 0x00007f264b0b0000)
 Metaspace       used 23108K, capacity 23464K, committed 23552K, reserved 24576K
}
Event: 13.074 GC heap before
{Heap before GC invocations=6 (full 2):
 def new generation   total 629248K, used 18658K [0x00007f20a0600000, 0x00007f20cb0c0000, 0x00007f25f5b50000)
  eden space 559360K,   0% used [0x00007f20a0600000, 0x00007f20a0600000, 0x00007f20c2840000)
  from space 69888K,  26% used [0x00007f20c6c80000, 0x00007f20c7eb88d8, 0x00007f20cb0c0000)
  to   space 69888K,   0% used [0x00007f20c2840000, 0x00007f20c2840000, 0x00007f20c6c80000)
 tenured generation   total 1398144K, used 1063294K [0x00007f25f5b50000, 0x00007f264b0b0000, 0x00007f30a0600000)
   the space 1398144K,  76% used [0x00007f25f5b50000, 0x00007f26369af840, 0x00007f26369afa00, 0x00007f264b0b0000)
 Metaspace       used 23108K, capacity 23464K, committed 23552K, reserved 24576K
}
Event: 13.129 GC heap after
{Heap after GC invocations=6 (full 3):
 def new generation   total 629248K, used 0K [0x00007f20a0600000, 0x00007f20cb0c0000, 0x00007f25f5b50000)
  eden space 559360K,   0% used [0x00007f20a0600000, 0x00007f20a0600000, 0x00007f20c2840000)
  from space 69888K,   0% used [0x00007f20c6c80000, 0x00007f20c6c80000, 0x00007f20cb0c0000)
  to   space 69888K,   0% used [0x00007f20c2840000, 0x00007f20c2840000, 0x00007f20c6c80000)
 tenured generation   total 1398144K, used 31109K [0x00007f25f5b50000, 0x00007f264b0b0000, 0x00007f30a0600000)
   the space 1398144K,   2% used [0x00007f25f5b50000, 0x00007f25f79b1498, 0x00007f25f79b1600, 0x00007f264b0b0000)
 Metaspace       used 23108K, capacity 23464K, committed 23552K, reserved 24576K
}
Event: 14.796 GC heap before
{Heap before GC invocations=6 (full 3):
 def new generation   total 629248K, used 11011K [0x00007f20a0600000, 0x00007f20cb0c0000, 0x00007f25f5b50000)
  eden space 559360K,   1% used [0x00007f20a0600000, 0x00007f20a10c0ec8, 0x00007f20c2840000)
  from space 69888K,   0% used [0x00007f20c6c80000, 0x00007f20c6c80000, 0x00007f20cb0c0000)
  to   space 69888K,   0% used [0x00007f20c2840000, 0x00007f20c2840000, 0x00007f20c6c80000)
 tenured generation   total 1398144K, used 1079685K [0x00007f25f5b50000, 0x00007f264b0b0000, 0x00007f30a0600000)
   the space 1398144K,  77% used [0x00007f25f5b50000, 0x00007f26379b14b0, 0x00007f26379b1600, 0x00007f264b0b0000)
 Metaspace       used 23108K, capacity 23464K, committed 23552K, reserved 24576K
}
Event: 14.798 GC heap after
{Heap after GC invocations=7 (full 3):
 def new generation   total 629248K, used 0K [0x00007f20a0600000, 0x00007f20cb0c0000, 0x00007f25f5b50000)
  eden space 559360K,   0% used [0x00007f20a0600000, 0x00007f20a0600000, 0x00007f20c2840000)
  from space 69888K,   0% used [0x00007f20c2840000, 0x00007f20c28400c8, 0x00007f20c6c80000)
  to   space 69888K,   0% used [0x00007f20c6c80000, 0x00007f20c6c80000, 0x00007f20cb0c0000)
 tenured generation   total 1398144K, used 1079685K [0x00007f25f5b50000, 0x00007f264b0b0000, 0x00007f30a0600000)
   the space 1398144K,  77% used [0x00007f25f5b50000, 0x00007f26379b14b0, 0x00007f26379b1600, 0x00007f264b0b0000)
 Metaspace       used 23108K, capacity 23464K, committed 23552K, reserved 24576K
}
Event: 14.798 GC heap before
{Heap before GC invocations=7 (full 3):
 def new generation   total 629248K, used 0K [0x00007f20a0600000, 0x00007f20cb0c0000, 0x00007f25f5b50000)
  eden space 559360K,   0% used [0x00007f20a0600000, 0x00007f20a0600000, 0x00007f20c2840000)
  from space 69888K,   0% used [0x00007f20c2840000, 0x00007f20c28400c8, 0x00007f20c6c80000)
  to   space 69888K,   0% used [0x00007f20c6c80000, 0x00007f20c6c80000, 0x00007f20cb0c0000)
 tenured generation   total 1398144K, used 1079685K [0x00007f25f5b50000, 0x00007f264b0b0000, 0x00007f30a0600000)
   the space 1398144K,  77% used [0x00007f25f5b50000, 0x00007f26379b14b0, 0x00007f26379b1600, 0x00007f264b0b0000)
 Metaspace       used 23108K, capacity 23464K, committed 23552K, reserved 24576K
}
Event: 16.071 GC heap after
{Heap after GC invocations=7 (full 4):
 def new generation   total 793536K, used 0K [0x00007f20a0600000, 0x00007f20d6300000, 0x00007f25f5b50000)
  eden space 705408K,   0% used [0x00007f20a0600000, 0x00007f20a0600000, 0x00007f20cb6e0000)
  from space 88128K,   0% used [0x00007f20cb6e0000, 0x00007f20cb6e0000, 0x00007f20d0cf0000)
  to   space 88128K,   0% used [0x00007f20d0cf0000, 0x00007f20d0cf0000, 0x00007f20d6300000)
 tenured generation   total 1763264K, used 1057956K [0x00007f25f5b50000, 0x00007f2661540000, 0x00007f30a0600000)
   the space 1763264K,  59% used [0x00007f25f5b50000, 0x00007f2636479090, 0x00007f2636479200, 0x00007f2661540000)
 Metaspace       used 23108K, capacity 23464K, committed 23552K, reserved 24576K
}
Event: 17.510 GC heap before
{Heap before GC invocations=7 (full 4):
 def new generation   total 793536K, used 13886K [0x00007f20a0600000, 0x00007f20d6300000, 0x00007f25f5b50000)
  eden space 705408K,   1% used [0x00007f20a0600000, 0x00007f20a138fb70, 0x00007f20cb6e0000)
  from space 88128K,   0% used [0x00007f20cb6e0000, 0x00007f20cb6e0000, 0x00007f20d0cf0000)
  to   space 88128K,   0% used [0x00007f20d0cf0000, 0x00007f20d0cf0000, 0x00007f20d6300000)
 tenured generation   total 2811844K, used 2106532K [0x00007f25f5b50000, 0x00007f26a1541000, 0x00007f30a0600000)
   the space 2811844K,  74% used [0x00007f25f5b50000, 0x00007f26764790a8, 0x00007f2676479200, 0x00007f26a1541000)
 Metaspace       used 23108K, capacity 23464K, committed 23552K, reserved 24576K
}
Event: 17.512 GC heap after
{Heap after GC invocations=8 (full 4):
 def new generation   total 793536K, used 0K [0x00007f20a0600000, 0x00007f20d6300000, 0x00007f25f5b50000)
  eden space 705408K,   0% used [0x00007f20a0600000, 0x00007f20a0600000, 0x00007f20cb6e0000)
  from space 88128K,   0% used [0x00007f20d0cf0000, 0x00007f20d0cf02c0, 0x00007f20d6300000)
  to   space 88128K,   0% used [0x00007f20cb6e0000, 0x00007f20cb6e0000, 0x00007f20d0cf0000)
 tenured generation   total 2811844K, used 2106532K [0x00007f25f5b50000, 0x00007f26a1541000, 0x00007f30a0600000)
   the space 2811844K,  74% used [0x00007f25f5b50000, 0x00007f26764790a8, 0x00007f2676479200, 0x00007f26a1541000)
 Metaspace       used 23108K, capacity 23464K, committed 23552K, reserved 24576K
}
Event: 17.512 GC heap before
{Heap before GC invocations=8 (full 4):
 def new generation   total 793536K, used 0K [0x00007f20a0600000, 0x00007f20d6300000, 0x00007f25f5b50000)
  eden space 705408K,   0% used [0x00007f20a0600000, 0x00007f20a0600000, 0x00007f20cb6e0000)
  from space 88128K,   0% used [0x00007f20d0cf0000, 0x00007f20d0cf02c0, 0x00007f20d6300000)
  to   space 88128K,   0% used [0x00007f20cb6e0000, 0x00007f20cb6e0000, 0x00007f20d0cf0000)
 tenured generation   total 2811844K, used 2106532K [0x00007f25f5b50000, 0x00007f26a1541000, 0x00007f30a0600000)
   the space 2811844K,  74% used [0x00007f25f5b50000, 0x00007f26764790a8, 0x00007f2676479200, 0x00007f26a1541000)
 Metaspace       used 23108K, capacity 23464K, committed 23552K, reserved 24576K
}
Event: 17.558 GC heap after
{Heap after GC invocations=8 (full 5):
 def new generation   total 1579968K, used 0K [0x00007f20a0600000, 0x00007f210b850000, 0x00007f25f5b50000)
  eden space 1404480K,   0% used [0x00007f20a0600000, 0x00007f20a0600000, 0x00007f20f6190000)
  from space 175488K,   0% used [0x00007f20f6190000, 0x00007f20f6190000, 0x00007f2100cf0000)
  to   space 175488K,   0% used [0x00007f2100cf0000, 0x00007f2100cf0000, 0x00007f210b850000)
 tenured generation   total 3510892K, used 2106532K [0x00007f25f5b50000, 0x00007f26cbfeb000, 0x00007f30a0600000)
   the space 3510892K,  59% used [0x00007f25f5b50000, 0x00007f2676479368, 0x00007f2676479400, 0x00007f26cbfeb000)
 Metaspace       used 23108K, capacity 23464K, committed 23552K, reserved 24576K
}
Event: 43.998 GC heap before
{Heap before GC invocations=8 (full 5):
 def new generation   total 1579968K, used 27648K [0x00007f20a0600000, 0x00007f210b850000, 0x00007f25f5b50000)
  eden space 1404480K,   1% used [0x00007f20a0600000, 0x00007f20a2100380, 0x00007f20f6190000)
  from space 175488K,   0% used [0x00007f20f6190000, 0x00007f20f6190000, 0x00007f2100cf0000)
  to   space 175488K,   0% used [0x00007f2100cf0000, 0x00007f2100cf0000, 0x00007f210b850000)
 tenured generation   total 11899504K, used 10495140K [0x00007f25f5b50000, 0x00007f28cbfec000, 0x00007f30a0600000)
   the space 11899504K,  88% used [0x00007f25f5b50000, 0x00007f2876479380, 0x00007f2876479400, 0x00007f28cbfec000)
 Metaspace       used 23108K, capacity 23464K, committed 23552K, reserved 24576K
}
Event: 44.027 GC heap after
{Heap after GC invocations=9 (full 5):
 def new generation   total 1579968K, used 0K [0x00007f20a0600000, 0x00007f210b850000, 0x00007f25f5b50000)
  eden space 1404480K,   0% used [0x00007f20a0600000, 0x00007f20a0600000, 0x00007f20f6190000)
  from space 175488K,   0% used [0x00007f2100cf0000, 0x00007f2100cf0178, 0x00007f210b850000)
  to   space 175488K,   0% used [0x00007f20f6190000, 0x00007f20f6190000, 0x00007f2100cf0000)
 tenured generation   total 11899504K, used 10495140K [0x00007f25f5b50000, 0x00007f28cbfec000, 0x00007f30a0600000)
   the space 11899504K,  88% used [0x00007f25f5b50000, 0x00007f2876479380, 0x00007f2876479400, 0x00007f28cbfec000)
 Metaspace       used 23108K, capacity 23464K, committed 23552K, reserved 24576K
}
Event: 44.027 GC heap before
{Heap before GC invocations=9 (full 5):
 def new generation   total 1579968K, used 0K [0x00007f20a0600000, 0x00007f210b850000, 0x00007f25f5b50000)
  eden space 1404480K,   0% used [0x00007f20a0600000, 0x00007f20a0600000, 0x00007f20f6190000)
  from space 175488K,   0% used [0x00007f2100cf0000, 0x00007f2100cf0178, 0x00007f210b850000)
  to   space 175488K,   0% used [0x00007f20f6190000, 0x00007f20f6190000, 0x00007f2100cf0000)
 tenured generation   total 11899504K, used 10495140K [0x00007f25f5b50000, 0x00007f28cbfec000, 0x00007f30a0600000)
   the space 11899504K,  88% used [0x00007f25f5b50000, 0x00007f2876479380, 0x00007f2876479400, 0x00007f28cbfec000)
 Metaspace       used 23108K, capacity 23464K, committed 23552K, reserved 24576K
}

