# JRE version: OpenJDK Runtime Environment (13.0.7+5) (build 13.0.7+5-Ubuntu-0ubuntu120.04)
# Java VM: OpenJDK 64-Bit Server VM (13.0.7+5-Ubuntu-0ubuntu120.04, mixed mode, tiered, serial gc, linux-amd64)
Heap:
 def new generation   total 12273728K, used 0K [0x00007f6298600000, 0x00007f65d8bd0000, 0x00007f67edb50000)
  eden space 10910016K,   0% used [0x00007f6298600000, 0x00007f6298600000, 0x00007f6532450000)
  from space 1363712K,   0% used [0x00007f6585810000, 0x00007f6585810000, 0x00007f65d8bd0000)
  to   space 1363712K,   0% used [0x00007f6532450000, 0x00007f6532450000, 0x00007f6585810000)
 tenured generation   total 28193660K, used 26642564K [0x00007f67edb50000, 0x00007f6ea682f000, 0x00007f7298600000)
   the space 28193660K,  94% used [0x00007f67edb50000, 0x00007f6e47d71180, 0x00007f6e47d71200, 0x00007f6ea682f000)
 Metaspace       used 30423K, capacity 30827K, committed 31232K, reserved 32768K
GC Heap History (20 events):
Event: 1196.644 GC heap after
{Heap after GC invocations=98 (full 11):
 def new generation   total 12273728K, used 956590K [0x00007f6298600000, 0x00007f65d8bd0000, 0x00007f67edb50000)
  eden space 10910016K,   0% used [0x00007f6298600000, 0x00007f6298600000, 0x00007f6532450000)
  from space 1363712K,  70% used [0x00007f6532450000, 0x00007f656ca7ba30, 0x00007f6585810000)
  to   space 1363712K,   0% used [0x00007f6585810000, 0x00007f6585810000, 0x00007f65d8bd0000)
 tenured generation   total 27274748K, used 19337563K [0x00007f67edb50000, 0x00007f6e6e6cf000, 0x00007f7298600000)
   the space 27274748K,  70% used [0x00007f67edb50000, 0x00007f6c89fa6ed8, 0x00007f6c89fa7000, 0x00007f6e6e6cf000)
 Metaspace       used 30423K, capacity 30827K, committed 31232K, reserved 32768K
}
Event: 1199.750 GC heap before
{Heap before GC invocations=98 (full 11):
 def new generation   total 12273728K, used 11866606K [0x00007f6298600000, 0x00007f65d8bd0000, 0x00007f67edb50000)
  eden space 10910016K, 100% used [0x00007f6298600000, 0x00007f6532450000, 0x00007f6532450000)
  from space 1363712K,  70% used [0x00007f6532450000, 0x00007f656ca7ba30, 0x00007f6585810000)
  to   space 1363712K,   0% used [0x00007f6585810000, 0x00007f6585810000, 0x00007f65d8bd0000)
 tenured generation   total 27274748K, used 19337563K [0x00007f67edb50000, 0x00007f6e6e6cf000, 0x00007f7298600000)
   the space 27274748K,  70% used [0x00007f67edb50000, 0x00007f6c89fa6ed8, 0x00007f6c89fa7000, 0x00007f6e6e6cf000)
 Metaspace       used 30423K, capacity 30827K, committed 31232K, reserved 32768K
}
Event: 1202.996 GC heap after
{Heap after GC invocations=99 (full 11):
 def new generation   total 12273728K, used 945634K [0x00007f6298600000, 0x00007f65d8bd0000, 0x00007f67edb50000)
  eden space 10910016K,   0% used [0x00007f6298600000, 0x00007f6298600000, 0x00007f6532450000)
  from space 1363712K,  69% used [0x00007f6585810000, 0x00007f65bf388a28, 0x00007f65d8bd0000)
  to   space 1363712K,   0% used [0x00007f6532450000, 0x00007f6532450000, 0x00007f6585810000)
 tenured generation   total 27274748K, used 20294153K [0x00007f67edb50000, 0x00007f6e6e6cf000, 0x00007f7298600000)
   the space 27274748K,  74% used [0x00007f67edb50000, 0x00007f6cc45d2788, 0x00007f6cc45d2800, 0x00007f6e6e6cf000)
 Metaspace       used 30423K, capacity 30827K, committed 31232K, reserved 32768K
}
Event: 1206.353 GC heap before
{Heap before GC invocations=99 (full 11):
 def new generation   total 12273728K, used 11855650K [0x00007f6298600000, 0x00007f65d8bd0000, 0x00007f67edb50000)
  eden space 10910016K, 100% used [0x00007f6298600000, 0x00007f6532450000, 0x00007f6532450000)
  from space 1363712K,  69% used [0x00007f6585810000, 0x00007f65bf388a28, 0x00007f65d8bd0000)
  to   space 1363712K,   0% used [0x00007f6532450000, 0x00007f6532450000, 0x00007f6585810000)
 tenured generation   total 27274748K, used 20294153K [0x00007f67edb50000, 0x00007f6e6e6cf000, 0x00007f7298600000)
   the space 27274748K,  74% used [0x00007f67edb50000, 0x00007f6cc45d2788, 0x00007f6cc45d2800, 0x00007f6e6e6cf000)
 Metaspace       used 30423K, capacity 30827K, committed 31232K, reserved 32768K
}
Event: 1209.898 GC heap after
{Heap after GC invocations=100 (full 11):
 def new generation   total 12273728K, used 1007067K [0x00007f6298600000, 0x00007f65d8bd0000, 0x00007f67edb50000)
  eden space 10910016K,   0% used [0x00007f6298600000, 0x00007f6298600000, 0x00007f6532450000)
  from space 1363712K,  73% used [0x00007f6532450000, 0x00007f656fbc6da0, 0x00007f6585810000)
  to   space 1363712K,   0% used [0x00007f6585810000, 0x00007f6585810000, 0x00007f65d8bd0000)
 tenured generation   total 27274748K, used 21239788K [0x00007f67edb50000, 0x00007f6e6e6cf000, 0x00007f7298600000)
   the space 27274748K,  77% used [0x00007f67edb50000, 0x00007f6cfe14b080, 0x00007f6cfe14b200, 0x00007f6e6e6cf000)
 Metaspace       used 30423K, capacity 30827K, committed 31232K, reserved 32768K
}
Event: 1213.435 GC heap before
{Heap before GC invocations=100 (full 11):
 def new generation   total 12273728K, used 11917083K [0x00007f6298600000, 0x00007f65d8bd0000, 0x00007f67edb50000)
  eden space 10910016K, 100% used [0x00007f6298600000, 0x00007f6532450000, 0x00007f6532450000)
  from space 1363712K,  73% used [0x00007f6532450000, 0x00007f656fbc6da0, 0x00007f6585810000)
  to   space 1363712K,   0% used [0x00007f6585810000, 0x00007f6585810000, 0x00007f65d8bd0000)
 tenured generation   total 27274748K, used 21239788K [0x00007f67edb50000, 0x00007f6e6e6cf000, 0x00007f7298600000)
   the space 27274748K,  77% used [0x00007f67edb50000, 0x00007f6cfe14b080, 0x00007f6cfe14b200, 0x00007f6e6e6cf000)
 Metaspace       used 30423K, capacity 30827K, committed 31232K, reserved 32768K
}
Event: 1217.174 GC heap after
{Heap after GC invocations=101 (full 11):
 def new generation   total 12273728K, used 980000K [0x00007f6298600000, 0x00007f65d8bd0000, 0x00007f67edb50000)
  eden space 10910016K,   0% used [0x00007f6298600000, 0x00007f6298600000, 0x00007f6532450000)
  from space 1363712K,  71% used [0x00007f6585810000, 0x00007f65c15183c0, 0x00007f65d8bd0000)
  to   space 1363712K,   0% used [0x00007f6532450000, 0x00007f6532450000, 0x00007f6585810000)
 tenured generation   total 27274748K, used 22246855K [0x00007f67edb50000, 0x00007f6e6e6cf000, 0x00007f7298600000)
   the space 27274748K,  81% used [0x00007f67edb50000, 0x00007f6d3b8c1ca0, 0x00007f6d3b8c1e00, 0x00007f6e6e6cf000)
 Metaspace       used 30423K, capacity 30827K, committed 31232K, reserved 32768K
}
Event: 1220.540 GC heap before
{Heap before GC invocations=101 (full 11):
 def new generation   total 12273728K, used 11890016K [0x00007f6298600000, 0x00007f65d8bd0000, 0x00007f67edb50000)
  eden space 10910016K, 100% used [0x00007f6298600000, 0x00007f6532450000, 0x00007f6532450000)
  from space 1363712K,  71% used [0x00007f6585810000, 0x00007f65c15183c0, 0x00007f65d8bd0000)
  to   space 1363712K,   0% used [0x00007f6532450000, 0x00007f6532450000, 0x00007f6585810000)
 tenured generation   total 27274748K, used 22246855K [0x00007f67edb50000, 0x00007f6e6e6cf000, 0x00007f7298600000)
   the space 27274748K,  81% used [0x00007f67edb50000, 0x00007f6d3b8c1ca0, 0x00007f6d3b8c1e00, 0x00007f6e6e6cf000)
 Metaspace       used 30423K, capacity 30827K, committed 31232K, reserved 32768K
}
Event: 1224.149 GC heap after
{Heap after GC invocations=102 (full 11):
 def new generation   total 12273728K, used 1000469K [0x00007f6298600000, 0x00007f65d8bd0000, 0x00007f67edb50000)
  eden space 10910016K,   0% used [0x00007f6298600000, 0x00007f6298600000, 0x00007f6532450000)
  from space 1363712K,  73% used [0x00007f6532450000, 0x00007f656f555760, 0x00007f6585810000)
  to   space 1363712K,   0% used [0x00007f6585810000, 0x00007f6585810000, 0x00007f65d8bd0000)
 tenured generation   total 27274748K, used 23226855K [0x00007f67edb50000, 0x00007f6e6e6cf000, 0x00007f7298600000)
   the space 27274748K,  85% used [0x00007f67edb50000, 0x00007f6d775c9e50, 0x00007f6d775ca000, 0x00007f6e6e6cf000)
 Metaspace       used 30423K, capacity 30827K, committed 31232K, reserved 32768K
}
Event: 1227.254 GC heap before
{Heap before GC invocations=102 (full 11):
 def new generation   total 12273728K, used 11910485K [0x00007f6298600000, 0x00007f65d8bd0000, 0x00007f67edb50000)
  eden space 10910016K, 100% used [0x00007f6298600000, 0x00007f6532450000, 0x00007f6532450000)
  from space 1363712K,  73% used [0x00007f6532450000, 0x00007f656f555760, 0x00007f6585810000)
  to   space 1363712K,   0% used [0x00007f6585810000, 0x00007f6585810000, 0x00007f65d8bd0000)
 tenured generation   total 27274748K, used 23226855K [0x00007f67edb50000, 0x00007f6e6e6cf000, 0x00007f7298600000)
   the space 27274748K,  85% used [0x00007f67edb50000, 0x00007f6d775c9e50, 0x00007f6d775ca000, 0x00007f6e6e6cf000)
 Metaspace       used 30423K, capacity 30827K, committed 31232K, reserved 32768K
}
Event: 1230.748 GC heap after
{Heap after GC invocations=103 (full 11):
 def new generation   total 12273728K, used 957789K [0x00007f6298600000, 0x00007f65d8bd0000, 0x00007f67edb50000)
  eden space 10910016K,   0% used [0x00007f6298600000, 0x00007f6298600000, 0x00007f6532450000)
  from space 1363712K,  70% used [0x00007f6585810000, 0x00007f65bff676f0, 0x00007f65d8bd0000)
  to   space 1363712K,   0% used [0x00007f6532450000, 0x00007f6532450000, 0x00007f6585810000)
 tenured generation   total 27274748K, used 24227324K [0x00007f67edb50000, 0x00007f6e6e6cf000, 0x00007f7298600000)
   the space 27274748K,  88% used [0x00007f67edb50000, 0x00007f6db46cf3f0, 0x00007f6db46cf400, 0x00007f6e6e6cf000)
 Metaspace       used 30423K, capacity 30827K, committed 31232K, reserved 32768K
}
Event: 1233.914 GC heap before
{Heap before GC invocations=103 (full 11):
 def new generation   total 12273728K, used 11867805K [0x00007f6298600000, 0x00007f65d8bd0000, 0x00007f67edb50000)
  eden space 10910016K, 100% used [0x00007f6298600000, 0x00007f6532450000, 0x00007f6532450000)
  from space 1363712K,  70% used [0x00007f6585810000, 0x00007f65bff676f0, 0x00007f65d8bd0000)
  to   space 1363712K,   0% used [0x00007f6532450000, 0x00007f6532450000, 0x00007f6585810000)
 tenured generation   total 27274748K, used 24227324K [0x00007f67edb50000, 0x00007f6e6e6cf000, 0x00007f7298600000)
   the space 27274748K,  88% used [0x00007f67edb50000, 0x00007f6db46cf3f0, 0x00007f6db46cf400, 0x00007f6e6e6cf000)
 Metaspace       used 30423K, capacity 30827K, committed 31232K, reserved 32768K
}
Event: 1237.258 GC heap after
{Heap after GC invocations=104 (full 11):
 def new generation   total 12273728K, used 979316K [0x00007f6298600000, 0x00007f65d8bd0000, 0x00007f67edb50000)
  eden space 10910016K,   0% used [0x00007f6298600000, 0x00007f6298600000, 0x00007f6532450000)
  from space 1363712K,  71% used [0x00007f6532450000, 0x00007f656e0ad2d0, 0x00007f6585810000)
  to   space 1363712K,   0% used [0x00007f6585810000, 0x00007f6585810000, 0x00007f65d8bd0000)
 tenured generation   total 27274748K, used 25185114K [0x00007f67edb50000, 0x00007f6e6e6cf000, 0x00007f7298600000)
   the space 27274748K,  92% used [0x00007f67edb50000, 0x00007f6deee26a30, 0x00007f6deee26c00, 0x00007f6e6e6cf000)
 Metaspace       used 30423K, capacity 30827K, committed 31232K, reserved 32768K
}
Event: 1240.546 GC heap before
{Heap before GC invocations=104 (full 11):
 def new generation   total 12273728K, used 11889332K [0x00007f6298600000, 0x00007f65d8bd0000, 0x00007f67edb50000)
  eden space 10910016K, 100% used [0x00007f6298600000, 0x00007f6532450000, 0x00007f6532450000)
  from space 1363712K,  71% used [0x00007f6532450000, 0x00007f656e0ad2d0, 0x00007f6585810000)
  to   space 1363712K,   0% used [0x00007f6585810000, 0x00007f6585810000, 0x00007f65d8bd0000)
 tenured generation   total 27274748K, used 25185114K [0x00007f67edb50000, 0x00007f6e6e6cf000, 0x00007f7298600000)
   the space 27274748K,  92% used [0x00007f67edb50000, 0x00007f6deee26a30, 0x00007f6deee26c00, 0x00007f6e6e6cf000)
 Metaspace       used 30423K, capacity 30827K, committed 31232K, reserved 32768K
}
Event: 1243.724 GC heap after
{Heap after GC invocations=105 (full 11):
 def new generation   total 12273728K, used 1001823K [0x00007f6298600000, 0x00007f65d8bd0000, 0x00007f67edb50000)
  eden space 10910016K,   0% used [0x00007f6298600000, 0x00007f6298600000, 0x00007f6532450000)
  from space 1363712K,  73% used [0x00007f6585810000, 0x00007f65c2a67da8, 0x00007f65d8bd0000)
  to   space 1363712K,   0% used [0x00007f6532450000, 0x00007f6532450000, 0x00007f6585810000)
 tenured generation   total 27274748K, used 26164430K [0x00007f67edb50000, 0x00007f6e6e6cf000, 0x00007f7298600000)
   the space 27274748K,  95% used [0x00007f67edb50000, 0x00007f6e2aa83b10, 0x00007f6e2aa83c00, 0x00007f6e6e6cf000)
 Metaspace       used 30423K, capacity 30827K, committed 31232K, reserved 32768K
}
Event: 1246.976 GC heap before
{Heap before GC invocations=105 (full 11):
 def new generation   total 12273728K, used 11911839K [0x00007f6298600000, 0x00007f65d8bd0000, 0x00007f67edb50000)
  eden space 10910016K, 100% used [0x00007f6298600000, 0x00007f6532450000, 0x00007f6532450000)
  from space 1363712K,  73% used [0x00007f6585810000, 0x00007f65c2a67da8, 0x00007f65d8bd0000)
  to   space 1363712K,   0% used [0x00007f6532450000, 0x00007f6532450000, 0x00007f6585810000)
 tenured generation   total 27274748K, used 26164430K [0x00007f67edb50000, 0x00007f6e6e6cf000, 0x00007f7298600000)
   the space 27274748K,  95% used [0x00007f67edb50000, 0x00007f6e2aa83b10, 0x00007f6e2aa83c00, 0x00007f6e6e6cf000)
 Metaspace       used 30423K, capacity 30827K, committed 31232K, reserved 32768K
}
Event: 1250.360 GC heap after
{Heap after GC invocations=106 (full 11):
 def new generation   total 12273728K, used 1027283K [0x00007f6298600000, 0x00007f65d8bd0000, 0x00007f67edb50000)
  eden space 10910016K,   0% used [0x00007f6298600000, 0x00007f6298600000, 0x00007f6532450000)
  from space 1363712K,  75% used [0x00007f6532450000, 0x00007f6570f84c68, 0x00007f6585810000)
  to   space 1363712K,   0% used [0x00007f6585810000, 0x00007f6585810000, 0x00007f65d8bd0000)
 tenured generation   total 27274748K, used 27166254K [0x00007f67edb50000, 0x00007f6e6e6cf000, 0x00007f7298600000)
   the space 27274748K,  99% used [0x00007f67edb50000, 0x00007f6e67cdb848, 0x00007f6e67cdba00, 0x00007f6e6e6cf000)
 Metaspace       used 30423K, capacity 30827K, committed 31232K, reserved 32768K
}
Event: 1253.358 GC heap before
{Heap before GC invocations=106 (full 11):
 def new generation   total 12273728K, used 11937299K [0x00007f6298600000, 0x00007f65d8bd0000, 0x00007f67edb50000)
  eden space 10910016K, 100% used [0x00007f6298600000, 0x00007f6532450000, 0x00007f6532450000)
  from space 1363712K,  75% used [0x00007f6532450000, 0x00007f6570f84c68, 0x00007f6585810000)
  to   space 1363712K,   0% used [0x00007f6585810000, 0x00007f6585810000, 0x00007f65d8bd0000)
 tenured generation   total 27274748K, used 27166254K [0x00007f67edb50000, 0x00007f6e6e6cf000, 0x00007f7298600000)
   the space 27274748K,  99% used [0x00007f67edb50000, 0x00007f6e67cdb848, 0x00007f6e67cdba00, 0x00007f6e6e6cf000)
 Metaspace       used 30423K, capacity 30827K, committed 31232K, reserved 32768K
}
Event: 1256.764 GC heap after
{Heap after GC invocations=107 (full 11):
 def new generation   total 12273728K, used 1001748K [0x00007f6298600000, 0x00007f65d8bd0000, 0x00007f67edb50000)
  eden space 10910016K,   0% used [0x00007f6298600000, 0x00007f6298600000, 0x00007f6532450000)
  from space 1363712K,  73% used [0x00007f6585810000, 0x00007f65c2a552f0, 0x00007f65d8bd0000)
  to   space 1363712K,   0% used [0x00007f6532450000, 0x00007f6532450000, 0x00007f6585810000)
 tenured generation   total 28193660K, used 28193536K [0x00007f67edb50000, 0x00007f6ea682f000, 0x00007f7298600000)
   the space 28193660K,  99% used [0x00007f67edb50000, 0x00007f6ea68102b0, 0x00007f6ea6810400, 0x00007f6ea682f000)
 Metaspace       used 30423K, capacity 30827K, committed 31232K, reserved 32768K
}
Event: 1256.764 GC heap before
{Heap before GC invocations=107 (full 11):
 def new generation   total 12273728K, used 1001748K [0x00007f6298600000, 0x00007f65d8bd0000, 0x00007f67edb50000)
  eden space 10910016K,   0% used [0x00007f6298600000, 0x00007f6298600000, 0x00007f6532450000)
  from space 1363712K,  73% used [0x00007f6585810000, 0x00007f65c2a552f0, 0x00007f65d8bd0000)
  to   space 1363712K,   0% used [0x00007f6532450000, 0x00007f6532450000, 0x00007f6585810000)
 tenured generation   total 28193660K, used 28193536K [0x00007f67edb50000, 0x00007f6ea682f000, 0x00007f7298600000)
   the space 28193660K,  99% used [0x00007f67edb50000, 0x00007f6ea68102b0, 0x00007f6ea6810400, 0x00007f6ea682f000)
 Metaspace       used 30423K, capacity 30827K, committed 31232K, reserved 32768K
}

