# JRE version: OpenJDK Runtime Environment (13.0.7+5) (build 13.0.7+5-Ubuntu-0ubuntu120.04)
# Java VM: OpenJDK 64-Bit Server VM (13.0.7+5-Ubuntu-0ubuntu120.04, mixed mode, tiered, serial gc, linux-amd64)
Heap:
 def new generation   total 1748288K, used 0K [0x00007f2960600000, 0x00007f29d6f00000, 0x00007f2eb5b50000)
  eden space 1554048K,   0% used [0x00007f2960600000, 0x00007f2960600000, 0x00007f29bf3a0000)
  from space 194240K,   0% used [0x00007f29cb150000, 0x00007f29cb150000, 0x00007f29d6f00000)
  to   space 194240K,   0% used [0x00007f29bf3a0000, 0x00007f29bf3a0000, 0x00007f29cb150000)
 tenured generation   total 3885424K, used 3881613K [0x00007f2eb5b50000, 0x00007f2fa2dac000, 0x00007f3960600000)
   the space 3885424K,  99% used [0x00007f2eb5b50000, 0x00007f2fa29f3570, 0x00007f2fa29f3600, 0x00007f2fa2dac000)
 Metaspace       used 24209K, capacity 24651K, committed 24832K, reserved 26624K
GC Heap History (20 events):
Event: 4520.729 GC heap after
{Heap after GC invocations=5075 (full 3):
 def new generation   total 1748288K, used 23341K [0x00007f2960600000, 0x00007f29d6f00000, 0x00007f2eb5b50000)
  eden space 1554048K,   0% used [0x00007f2960600000, 0x00007f2960600000, 0x00007f29bf3a0000)
  from space 194240K,  12% used [0x00007f29bf3a0000, 0x00007f29c0a6b6d8, 0x00007f29cb150000)
  to   space 194240K,   0% used [0x00007f29cb150000, 0x00007f29cb150000, 0x00007f29d6f00000)
 tenured generation   total 3885040K, used 3865965K [0x00007f2eb5b50000, 0x00007f2fa2d4c000, 0x00007f3960600000)
   the space 3885040K,  99% used [0x00007f2eb5b50000, 0x00007f2fa1aab428, 0x00007f2fa1aab600, 0x00007f2fa2d4c000)
 Metaspace       used 24209K, capacity 24651K, committed 24832K, reserved 26624K
}
Event: 4522.179 GC heap before
{Heap before GC invocations=5075 (full 3):
 def new generation   total 1748288K, used 1577389K [0x00007f2960600000, 0x00007f29d6f00000, 0x00007f2eb5b50000)
  eden space 1554048K, 100% used [0x00007f2960600000, 0x00007f29bf3a0000, 0x00007f29bf3a0000)
  from space 194240K,  12% used [0x00007f29bf3a0000, 0x00007f29c0a6b6d8, 0x00007f29cb150000)
  to   space 194240K,   0% used [0x00007f29cb150000, 0x00007f29cb150000, 0x00007f29d6f00000)
 tenured generation   total 3885040K, used 3865965K [0x00007f2eb5b50000, 0x00007f2fa2d4c000, 0x00007f3960600000)
   the space 3885040K,  99% used [0x00007f2eb5b50000, 0x00007f2fa1aab428, 0x00007f2fa1aab600, 0x00007f2fa2d4c000)
 Metaspace       used 24209K, capacity 24651K, committed 24832K, reserved 26624K
}
Event: 4522.226 GC heap after
{Heap after GC invocations=5076 (full 3):
 def new generation   total 1748288K, used 22891K [0x00007f2960600000, 0x00007f29d6f00000, 0x00007f2eb5b50000)
  eden space 1554048K,   0% used [0x00007f2960600000, 0x00007f2960600000, 0x00007f29bf3a0000)
  from space 194240K,  11% used [0x00007f29cb150000, 0x00007f29cc7aaf50, 0x00007f29d6f00000)
  to   space 194240K,   0% used [0x00007f29bf3a0000, 0x00007f29bf3a0000, 0x00007f29cb150000)
 tenured generation   total 3885040K, used 3867198K [0x00007f2eb5b50000, 0x00007f2fa2d4c000, 0x00007f3960600000)
   the space 3885040K,  99% used [0x00007f2eb5b50000, 0x00007f2fa1bdfbb8, 0x00007f2fa1bdfc00, 0x00007f2fa2d4c000)
 Metaspace       used 24209K, capacity 24651K, committed 24832K, reserved 26624K
}
Event: 4523.733 GC heap before
{Heap before GC invocations=5076 (full 3):
 def new generation   total 1748288K, used 1576939K [0x00007f2960600000, 0x00007f29d6f00000, 0x00007f2eb5b50000)
  eden space 1554048K, 100% used [0x00007f2960600000, 0x00007f29bf3a0000, 0x00007f29bf3a0000)
  from space 194240K,  11% used [0x00007f29cb150000, 0x00007f29cc7aaf50, 0x00007f29d6f00000)
  to   space 194240K,   0% used [0x00007f29bf3a0000, 0x00007f29bf3a0000, 0x00007f29cb150000)
 tenured generation   total 3885040K, used 3867198K [0x00007f2eb5b50000, 0x00007f2fa2d4c000, 0x00007f3960600000)
   the space 3885040K,  99% used [0x00007f2eb5b50000, 0x00007f2fa1bdfbb8, 0x00007f2fa1bdfc00, 0x00007f2fa2d4c000)
 Metaspace       used 24209K, capacity 24651K, committed 24832K, reserved 26624K
}
Event: 4523.775 GC heap after
{Heap after GC invocations=5077 (full 3):
 def new generation   total 1748288K, used 22139K [0x00007f2960600000, 0x00007f29d6f00000, 0x00007f2eb5b50000)
  eden space 1554048K,   0% used [0x00007f2960600000, 0x00007f2960600000, 0x00007f29bf3a0000)
  from space 194240K,  11% used [0x00007f29bf3a0000, 0x00007f29c093ed68, 0x00007f29cb150000)
  to   space 194240K,   0% used [0x00007f29cb150000, 0x00007f29cb150000, 0x00007f29d6f00000)
 tenured generation   total 3885040K, used 3868655K [0x00007f2eb5b50000, 0x00007f2fa2d4c000, 0x00007f3960600000)
   the space 3885040K,  99% used [0x00007f2eb5b50000, 0x00007f2fa1d4bcf8, 0x00007f2fa1d4be00, 0x00007f2fa2d4c000)
 Metaspace       used 24209K, capacity 24651K, committed 24832K, reserved 26624K
}
Event: 4525.241 GC heap before
{Heap before GC invocations=5077 (full 3):
 def new generation   total 1748288K, used 1576187K [0x00007f2960600000, 0x00007f29d6f00000, 0x00007f2eb5b50000)
  eden space 1554048K, 100% used [0x00007f2960600000, 0x00007f29bf3a0000, 0x00007f29bf3a0000)
  from space 194240K,  11% used [0x00007f29bf3a0000, 0x00007f29c093ed68, 0x00007f29cb150000)
  to   space 194240K,   0% used [0x00007f29cb150000, 0x00007f29cb150000, 0x00007f29d6f00000)
 tenured generation   total 3885040K, used 3868655K [0x00007f2eb5b50000, 0x00007f2fa2d4c000, 0x00007f3960600000)
   the space 3885040K,  99% used [0x00007f2eb5b50000, 0x00007f2fa1d4bcf8, 0x00007f2fa1d4be00, 0x00007f2fa2d4c000)
 Metaspace       used 24209K, capacity 24651K, committed 24832K, reserved 26624K
}
Event: 4525.285 GC heap after
{Heap after GC invocations=5078 (full 3):
 def new generation   total 1748288K, used 19755K [0x00007f2960600000, 0x00007f29d6f00000, 0x00007f2eb5b50000)
  eden space 1554048K,   0% used [0x00007f2960600000, 0x00007f2960600000, 0x00007f29bf3a0000)
  from space 194240K,  10% used [0x00007f29cb150000, 0x00007f29cc49ad78, 0x00007f29d6f00000)
  to   space 194240K,   0% used [0x00007f29bf3a0000, 0x00007f29bf3a0000, 0x00007f29cb150000)
 tenured generation   total 3885040K, used 3871781K [0x00007f2eb5b50000, 0x00007f2fa2d4c000, 0x00007f3960600000)
   the space 3885040K,  99% used [0x00007f2eb5b50000, 0x00007f2fa20594e8, 0x00007f2fa2059600, 0x00007f2fa2d4c000)
 Metaspace       used 24209K, capacity 24651K, committed 24832K, reserved 26624K
}
Event: 4526.786 GC heap before
{Heap before GC invocations=5078 (full 3):
 def new generation   total 1748288K, used 1573803K [0x00007f2960600000, 0x00007f29d6f00000, 0x00007f2eb5b50000)
  eden space 1554048K, 100% used [0x00007f2960600000, 0x00007f29bf3a0000, 0x00007f29bf3a0000)
  from space 194240K,  10% used [0x00007f29cb150000, 0x00007f29cc49ad78, 0x00007f29d6f00000)
  to   space 194240K,   0% used [0x00007f29bf3a0000, 0x00007f29bf3a0000, 0x00007f29cb150000)
 tenured generation   total 3885040K, used 3871781K [0x00007f2eb5b50000, 0x00007f2fa2d4c000, 0x00007f3960600000)
   the space 3885040K,  99% used [0x00007f2eb5b50000, 0x00007f2fa20594e8, 0x00007f2fa2059600, 0x00007f2fa2d4c000)
 Metaspace       used 24209K, capacity 24651K, committed 24832K, reserved 26624K
}
Event: 4526.828 GC heap after
{Heap after GC invocations=5079 (full 3):
 def new generation   total 1748288K, used 17321K [0x00007f2960600000, 0x00007f29d6f00000, 0x00007f2eb5b50000)
  eden space 1554048K,   0% used [0x00007f2960600000, 0x00007f2960600000, 0x00007f29bf3a0000)
  from space 194240K,   8% used [0x00007f29bf3a0000, 0x00007f29c048a7f0, 0x00007f29cb150000)
  to   space 194240K,   0% used [0x00007f29cb150000, 0x00007f29cb150000, 0x00007f29d6f00000)
 tenured generation   total 3885040K, used 3875129K [0x00007f2eb5b50000, 0x00007f2fa2d4c000, 0x00007f3960600000)
   the space 3885040K,  99% used [0x00007f2eb5b50000, 0x00007f2fa239e608, 0x00007f2fa239e800, 0x00007f2fa2d4c000)
 Metaspace       used 24209K, capacity 24651K, committed 24832K, reserved 26624K
}
Event: 4528.333 GC heap before
{Heap before GC invocations=5079 (full 3):
 def new generation   total 1748288K, used 1571369K [0x00007f2960600000, 0x00007f29d6f00000, 0x00007f2eb5b50000)
  eden space 1554048K, 100% used [0x00007f2960600000, 0x00007f29bf3a0000, 0x00007f29bf3a0000)
  from space 194240K,   8% used [0x00007f29bf3a0000, 0x00007f29c048a7f0, 0x00007f29cb150000)
  to   space 194240K,   0% used [0x00007f29cb150000, 0x00007f29cb150000, 0x00007f29d6f00000)
 tenured generation   total 3885040K, used 3875129K [0x00007f2eb5b50000, 0x00007f2fa2d4c000, 0x00007f3960600000)
   the space 3885040K,  99% used [0x00007f2eb5b50000, 0x00007f2fa239e608, 0x00007f2fa239e800, 0x00007f2fa2d4c000)
 Metaspace       used 24209K, capacity 24651K, committed 24832K, reserved 26624K
}
Event: 4528.375 GC heap after
{Heap after GC invocations=5080 (full 3):
 def new generation   total 1748288K, used 15186K [0x00007f2960600000, 0x00007f29d6f00000, 0x00007f2eb5b50000)
  eden space 1554048K,   0% used [0x00007f2960600000, 0x00007f2960600000, 0x00007f29bf3a0000)
  from space 194240K,   7% used [0x00007f29cb150000, 0x00007f29cc024a18, 0x00007f29d6f00000)
  to   space 194240K,   0% used [0x00007f29bf3a0000, 0x00007f29bf3a0000, 0x00007f29cb150000)
 tenured generation   total 3885040K, used 3878482K [0x00007f2eb5b50000, 0x00007f2fa2d4c000, 0x00007f3960600000)
   the space 3885040K,  99% used [0x00007f2eb5b50000, 0x00007f2fa26e4868, 0x00007f2fa26e4a00, 0x00007f2fa2d4c000)
 Metaspace       used 24209K, capacity 24651K, committed 24832K, reserved 26624K
}
Event: 4529.867 GC heap before
{Heap before GC invocations=5080 (full 3):
 def new generation   total 1748288K, used 1569234K [0x00007f2960600000, 0x00007f29d6f00000, 0x00007f2eb5b50000)
  eden space 1554048K, 100% used [0x00007f2960600000, 0x00007f29bf3a0000, 0x00007f29bf3a0000)
  from space 194240K,   7% used [0x00007f29cb150000, 0x00007f29cc024a18, 0x00007f29d6f00000)
  to   space 194240K,   0% used [0x00007f29bf3a0000, 0x00007f29bf3a0000, 0x00007f29cb150000)
 tenured generation   total 3885040K, used 3878482K [0x00007f2eb5b50000, 0x00007f2fa2d4c000, 0x00007f3960600000)
   the space 3885040K,  99% used [0x00007f2eb5b50000, 0x00007f2fa26e4868, 0x00007f2fa26e4a00, 0x00007f2fa2d4c000)
 Metaspace       used 24209K, capacity 24651K, committed 24832K, reserved 26624K
}
Event: 4529.900 GC heap after
{Heap after GC invocations=5081 (full 3):
 def new generation   total 1748288K, used 12977K [0x00007f2960600000, 0x00007f29d6f00000, 0x00007f2eb5b50000)
  eden space 1554048K,   0% used [0x00007f2960600000, 0x00007f2960600000, 0x00007f29bf3a0000)
  from space 194240K,   6% used [0x00007f29bf3a0000, 0x00007f29c004c7a8, 0x00007f29cb150000)
  to   space 194240K,   0% used [0x00007f29cb150000, 0x00007f29cb150000, 0x00007f29d6f00000)
 tenured generation   total 3885040K, used 3881886K [0x00007f2eb5b50000, 0x00007f2fa2d4c000, 0x00007f3960600000)
   the space 3885040K,  99% used [0x00007f2eb5b50000, 0x00007f2fa2a378c0, 0x00007f2fa2a37a00, 0x00007f2fa2d4c000)
 Metaspace       used 24209K, capacity 24651K, committed 24832K, reserved 26624K
}
Event: 4531.383 GC heap before
{Heap before GC invocations=5081 (full 3):
 def new generation   total 1748288K, used 1567025K [0x00007f2960600000, 0x00007f29d6f00000, 0x00007f2eb5b50000)
  eden space 1554048K, 100% used [0x00007f2960600000, 0x00007f29bf3a0000, 0x00007f29bf3a0000)
  from space 194240K,   6% used [0x00007f29bf3a0000, 0x00007f29c004c7a8, 0x00007f29cb150000)
  to   space 194240K,   0% used [0x00007f29cb150000, 0x00007f29cb150000, 0x00007f29d6f00000)
 tenured generation   total 3885040K, used 3881886K [0x00007f2eb5b50000, 0x00007f2fa2d4c000, 0x00007f3960600000)
   the space 3885040K,  99% used [0x00007f2eb5b50000, 0x00007f2fa2a378c0, 0x00007f2fa2a37a00, 0x00007f2fa2d4c000)
 Metaspace       used 24209K, capacity 24651K, committed 24832K, reserved 26624K
}
Event: 4531.416 GC heap after
{Heap after GC invocations=5082 (full 3):
 def new generation   total 1748288K, used 11849K [0x00007f2960600000, 0x00007f29d6f00000, 0x00007f2eb5b50000)
  eden space 1554048K,   0% used [0x00007f2960600000, 0x00007f2960600000, 0x00007f29bf3a0000)
  from space 194240K,   6% used [0x00007f29cb150000, 0x00007f29cbce2410, 0x00007f29d6f00000)
  to   space 194240K,   0% used [0x00007f29bf3a0000, 0x00007f29bf3a0000, 0x00007f29cb150000)
 tenured generation   total 3885040K, used 3884226K [0x00007f2eb5b50000, 0x00007f2fa2d4c000, 0x00007f3960600000)
   the space 3885040K,  99% used [0x00007f2eb5b50000, 0x00007f2fa2c808d0, 0x00007f2fa2c80a00, 0x00007f2fa2d4c000)
 Metaspace       used 24209K, capacity 24651K, committed 24832K, reserved 26624K
}
Event: 4532.916 GC heap before
{Heap before GC invocations=5082 (full 3):
 def new generation   total 1748288K, used 1565897K [0x00007f2960600000, 0x00007f29d6f00000, 0x00007f2eb5b50000)
  eden space 1554048K, 100% used [0x00007f2960600000, 0x00007f29bf3a0000, 0x00007f29bf3a0000)
  from space 194240K,   6% used [0x00007f29cb150000, 0x00007f29cbce2410, 0x00007f29d6f00000)
  to   space 194240K,   0% used [0x00007f29bf3a0000, 0x00007f29bf3a0000, 0x00007f29cb150000)
 tenured generation   total 3885040K, used 3884226K [0x00007f2eb5b50000, 0x00007f2fa2d4c000, 0x00007f3960600000)
   the space 3885040K,  99% used [0x00007f2eb5b50000, 0x00007f2fa2c808d0, 0x00007f2fa2c80a00, 0x00007f2fa2d4c000)
 Metaspace       used 24209K, capacity 24651K, committed 24832K, reserved 26624K
}
Event: 4532.948 GC heap after
{Heap after GC invocations=5083 (full 3):
 def new generation   total 1748288K, used 13642K [0x00007f2960600000, 0x00007f29d6f00000, 0x00007f2eb5b50000)
  eden space 1554048K,   0% used [0x00007f2960600000, 0x00007f2960600000, 0x00007f29bf3a0000)
  from space 194240K,   7% used [0x00007f29bf3a0000, 0x00007f29c00f29c8, 0x00007f29cb150000)
  to   space 194240K,   0% used [0x00007f29cb150000, 0x00007f29cb150000, 0x00007f29d6f00000)
 tenured generation   total 3885040K, used 3884680K [0x00007f2eb5b50000, 0x00007f2fa2d4c000, 0x00007f3960600000)
   the space 3885040K,  99% used [0x00007f2eb5b50000, 0x00007f2fa2cf2210, 0x00007f2fa2cf2400, 0x00007f2fa2d4c000)
 Metaspace       used 24209K, capacity 24651K, committed 24832K, reserved 26624K
}
Event: 4534.442 GC heap before
{Heap before GC invocations=5083 (full 3):
 def new generation   total 1748288K, used 1567690K [0x00007f2960600000, 0x00007f29d6f00000, 0x00007f2eb5b50000)
  eden space 1554048K, 100% used [0x00007f2960600000, 0x00007f29bf3a0000, 0x00007f29bf3a0000)
  from space 194240K,   7% used [0x00007f29bf3a0000, 0x00007f29c00f29c8, 0x00007f29cb150000)
  to   space 194240K,   0% used [0x00007f29cb150000, 0x00007f29cb150000, 0x00007f29d6f00000)
 tenured generation   total 3885040K, used 3884680K [0x00007f2eb5b50000, 0x00007f2fa2d4c000, 0x00007f3960600000)
   the space 3885040K,  99% used [0x00007f2eb5b50000, 0x00007f2fa2cf2210, 0x00007f2fa2cf2400, 0x00007f2fa2d4c000)
 Metaspace       used 24209K, capacity 24651K, committed 24832K, reserved 26624K
}
Event: 4534.483 GC heap after
{Heap after GC invocations=5084 (full 3):
 def new generation   total 1748288K, used 16426K [0x00007f2960600000, 0x00007f29d6f00000, 0x00007f2eb5b50000)
  eden space 1554048K,   0% used [0x00007f2960600000, 0x00007f2960600000, 0x00007f29bf3a0000)
  from space 194240K,   8% used [0x00007f29cb150000, 0x00007f29cc15aac8, 0x00007f29d6f00000)
  to   space 194240K,   0% used [0x00007f29bf3a0000, 0x00007f29bf3a0000, 0x00007f29cb150000)
 tenured generation   total 3885424K, used 3885247K [0x00007f2eb5b50000, 0x00007f2fa2dac000, 0x00007f3960600000)
   the space 3885424K,  99% used [0x00007f2eb5b50000, 0x00007f2fa2d7fdd0, 0x00007f2fa2d7fe00, 0x00007f2fa2dac000)
 Metaspace       used 24209K, capacity 24651K, committed 24832K, reserved 26624K
}
Event: 4534.483 GC heap before
{Heap before GC invocations=5084 (full 3):
 def new generation   total 1748288K, used 16426K [0x00007f2960600000, 0x00007f29d6f00000, 0x00007f2eb5b50000)
  eden space 1554048K,   0% used [0x00007f2960600000, 0x00007f2960600000, 0x00007f29bf3a0000)
  from space 194240K,   8% used [0x00007f29cb150000, 0x00007f29cc15aac8, 0x00007f29d6f00000)
  to   space 194240K,   0% used [0x00007f29bf3a0000, 0x00007f29bf3a0000, 0x00007f29cb150000)
 tenured generation   total 3885424K, used 3885247K [0x00007f2eb5b50000, 0x00007f2fa2dac000, 0x00007f3960600000)
   the space 3885424K,  99% used [0x00007f2eb5b50000, 0x00007f2fa2d7fdd0, 0x00007f2fa2d7fe00, 0x00007f2fa2dac000)
 Metaspace       used 24209K, capacity 24651K, committed 24832K, reserved 26624K
}

