# JRE version: OpenJDK Runtime Environment (13.0.7+5) (build 13.0.7+5-Ubuntu-0ubuntu120.04)
# Java VM: OpenJDK 64-Bit Server VM (13.0.7+5-Ubuntu-0ubuntu120.04, mixed mode, tiered, serial gc, linux-amd64)
Heap:
 def new generation   total 8762688K, used 0K [0x00007f2ac4600000, 0x00007f2d16a20000, 0x00007f3019b50000)
  eden space 7789056K,   0% used [0x00007f2ac4600000, 0x00007f2ac4600000, 0x00007f2c9fc80000)
  from space 973632K,   0% used [0x00007f2cdb350000, 0x00007f2cdb350000, 0x00007f2d16a20000)
  to   space 973632K,   0% used [0x00007f2c9fc80000, 0x00007f2c9fc80000, 0x00007f2cdb350000)
 tenured generation   total 19639092K, used 19113121K [0x00007f3019b50000, 0x00007f34c861d000, 0x00007f3ac4600000)
   the space 19639092K,  97% used [0x00007f3019b50000, 0x00007f34a84786d8, 0x00007f34a8478800, 0x00007f34c861d000)
 Metaspace       used 30494K, capacity 30917K, committed 31232K, reserved 32768K
GC Heap History (20 events):
Event: 1076.224 GC heap after
{Heap after GC invocations=80 (full 6):
 def new generation   total 8762688K, used 578855K [0x00007f2ac4600000, 0x00007f2d16a20000, 0x00007f3019b50000)
  eden space 7789056K,   0% used [0x00007f2ac4600000, 0x00007f2ac4600000, 0x00007f2c9fc80000)
  from space 973632K,  59% used [0x00007f2c9fc80000, 0x00007f2cc31c9db0, 0x00007f2cdb350000)
  to   space 973632K,   0% used [0x00007f2cdb350000, 0x00007f2cdb350000, 0x00007f2d16a20000)
 tenured generation   total 19472628K, used 14132752K [0x00007f3019b50000, 0x00007f34be38d000, 0x00007f3ac4600000)
   the space 19472628K,  72% used [0x00007f3019b50000, 0x00007f33784d42d0, 0x00007f33784d4400, 0x00007f34be38d000)
 Metaspace       used 30494K, capacity 30917K, committed 31232K, reserved 32768K
}
Event: 1078.354 GC heap before
{Heap before GC invocations=80 (full 6):
 def new generation   total 8762688K, used 8367911K [0x00007f2ac4600000, 0x00007f2d16a20000, 0x00007f3019b50000)
  eden space 7789056K, 100% used [0x00007f2ac4600000, 0x00007f2c9fc80000, 0x00007f2c9fc80000)
  from space 973632K,  59% used [0x00007f2c9fc80000, 0x00007f2cc31c9db0, 0x00007f2cdb350000)
  to   space 973632K,   0% used [0x00007f2cdb350000, 0x00007f2cdb350000, 0x00007f2d16a20000)
 tenured generation   total 19472628K, used 14132752K [0x00007f3019b50000, 0x00007f34be38d000, 0x00007f3ac4600000)
   the space 19472628K,  72% used [0x00007f3019b50000, 0x00007f33784d42d0, 0x00007f33784d4400, 0x00007f34be38d000)
 Metaspace       used 30494K, capacity 30917K, committed 31232K, reserved 32768K
}
Event: 1080.303 GC heap after
{Heap after GC invocations=81 (full 6):
 def new generation   total 8762688K, used 695848K [0x00007f2ac4600000, 0x00007f2d16a20000, 0x00007f3019b50000)
  eden space 7789056K,   0% used [0x00007f2ac4600000, 0x00007f2ac4600000, 0x00007f2c9fc80000)
  from space 973632K,  71% used [0x00007f2cdb350000, 0x00007f2d05ada2e0, 0x00007f2d16a20000)
  to   space 973632K,   0% used [0x00007f2c9fc80000, 0x00007f2c9fc80000, 0x00007f2cdb350000)
 tenured generation   total 19472628K, used 14711607K [0x00007f3019b50000, 0x00007f34be38d000, 0x00007f3ac4600000)
   the space 19472628K,  75% used [0x00007f3019b50000, 0x00007f339ba1dcf0, 0x00007f339ba1de00, 0x00007f34be38d000)
 Metaspace       used 30494K, capacity 30917K, committed 31232K, reserved 32768K
}
Event: 1082.520 GC heap before
{Heap before GC invocations=81 (full 6):
 def new generation   total 8762688K, used 8484904K [0x00007f2ac4600000, 0x00007f2d16a20000, 0x00007f3019b50000)
  eden space 7789056K, 100% used [0x00007f2ac4600000, 0x00007f2c9fc80000, 0x00007f2c9fc80000)
  from space 973632K,  71% used [0x00007f2cdb350000, 0x00007f2d05ada2e0, 0x00007f2d16a20000)
  to   space 973632K,   0% used [0x00007f2c9fc80000, 0x00007f2c9fc80000, 0x00007f2cdb350000)
 tenured generation   total 19472628K, used 14711607K [0x00007f3019b50000, 0x00007f34be38d000, 0x00007f3ac4600000)
   the space 19472628K,  75% used [0x00007f3019b50000, 0x00007f339ba1dcf0, 0x00007f339ba1de00, 0x00007f34be38d000)
 Metaspace       used 30494K, capacity 30917K, committed 31232K, reserved 32768K
}
Event: 1085.268 GC heap after
{Heap after GC invocations=82 (full 6):
 def new generation   total 8762688K, used 608159K [0x00007f2ac4600000, 0x00007f2d16a20000, 0x00007f3019b50000)
  eden space 7789056K,   0% used [0x00007f2ac4600000, 0x00007f2ac4600000, 0x00007f2c9fc80000)
  from space 973632K,  62% used [0x00007f2c9fc80000, 0x00007f2cc4e67c30, 0x00007f2cdb350000)
  to   space 973632K,   0% used [0x00007f2cdb350000, 0x00007f2cdb350000, 0x00007f2d16a20000)
 tenured generation   total 19472628K, used 15407455K [0x00007f3019b50000, 0x00007f34be38d000, 0x00007f3ac4600000)
   the space 19472628K,  79% used [0x00007f3019b50000, 0x00007f33c61a7db0, 0x00007f33c61a7e00, 0x00007f34be38d000)
 Metaspace       used 30494K, capacity 30917K, committed 31232K, reserved 32768K
}
Event: 1087.646 GC heap before
{Heap before GC invocations=82 (full 6):
 def new generation   total 8762688K, used 8397215K [0x00007f2ac4600000, 0x00007f2d16a20000, 0x00007f3019b50000)
  eden space 7789056K, 100% used [0x00007f2ac4600000, 0x00007f2c9fc80000, 0x00007f2c9fc80000)
  from space 973632K,  62% used [0x00007f2c9fc80000, 0x00007f2cc4e67c30, 0x00007f2cdb350000)
  to   space 973632K,   0% used [0x00007f2cdb350000, 0x00007f2cdb350000, 0x00007f2d16a20000)
 tenured generation   total 19472628K, used 15407455K [0x00007f3019b50000, 0x00007f34be38d000, 0x00007f3ac4600000)
   the space 19472628K,  79% used [0x00007f3019b50000, 0x00007f33c61a7db0, 0x00007f33c61a7e00, 0x00007f34be38d000)
 Metaspace       used 30494K, capacity 30917K, committed 31232K, reserved 32768K
}
Event: 1089.356 GC heap after
{Heap after GC invocations=83 (full 6):
 def new generation   total 8762688K, used 575111K [0x00007f2ac4600000, 0x00007f2d16a20000, 0x00007f3019b50000)
  eden space 7789056K,   0% used [0x00007f2ac4600000, 0x00007f2ac4600000, 0x00007f2c9fc80000)
  from space 973632K,  59% used [0x00007f2cdb350000, 0x00007f2cfe4f1d20, 0x00007f2d16a20000)
  to   space 973632K,   0% used [0x00007f2c9fc80000, 0x00007f2c9fc80000, 0x00007f2cdb350000)
 tenured generation   total 19472628K, used 16015613K [0x00007f3019b50000, 0x00007f34be38d000, 0x00007f3ac4600000)
   the space 19472628K,  82% used [0x00007f3019b50000, 0x00007f33eb38f640, 0x00007f33eb38f800, 0x00007f34be38d000)
 Metaspace       used 30494K, capacity 30917K, committed 31232K, reserved 32768K
}
Event: 1091.625 GC heap before
{Heap before GC invocations=83 (full 6):
 def new generation   total 8762688K, used 8364167K [0x00007f2ac4600000, 0x00007f2d16a20000, 0x00007f3019b50000)
  eden space 7789056K, 100% used [0x00007f2ac4600000, 0x00007f2c9fc80000, 0x00007f2c9fc80000)
  from space 973632K,  59% used [0x00007f2cdb350000, 0x00007f2cfe4f1d20, 0x00007f2d16a20000)
  to   space 973632K,   0% used [0x00007f2c9fc80000, 0x00007f2c9fc80000, 0x00007f2cdb350000)
 tenured generation   total 19472628K, used 16015613K [0x00007f3019b50000, 0x00007f34be38d000, 0x00007f3ac4600000)
   the space 19472628K,  82% used [0x00007f3019b50000, 0x00007f33eb38f640, 0x00007f33eb38f800, 0x00007f34be38d000)
 Metaspace       used 30494K, capacity 30917K, committed 31232K, reserved 32768K
}
Event: 1093.339 GC heap after
{Heap after GC invocations=84 (full 6):
 def new generation   total 8762688K, used 575234K [0x00007f2ac4600000, 0x00007f2d16a20000, 0x00007f3019b50000)
  eden space 7789056K,   0% used [0x00007f2ac4600000, 0x00007f2ac4600000, 0x00007f2c9fc80000)
  from space 973632K,  59% used [0x00007f2c9fc80000, 0x00007f2cc2e40870, 0x00007f2cdb350000)
  to   space 973632K,   0% used [0x00007f2cdb350000, 0x00007f2cdb350000, 0x00007f2d16a20000)
 tenured generation   total 19472628K, used 16590724K [0x00007f3019b50000, 0x00007f34be38d000, 0x00007f3ac4600000)
   the space 19472628K,  85% used [0x00007f3019b50000, 0x00007f340e531230, 0x00007f340e531400, 0x00007f34be38d000)
 Metaspace       used 30494K, capacity 30917K, committed 31232K, reserved 32768K
}
Event: 1095.759 GC heap before
{Heap before GC invocations=84 (full 6):
 def new generation   total 8762688K, used 8364290K [0x00007f2ac4600000, 0x00007f2d16a20000, 0x00007f3019b50000)
  eden space 7789056K, 100% used [0x00007f2ac4600000, 0x00007f2c9fc80000, 0x00007f2c9fc80000)
  from space 973632K,  59% used [0x00007f2c9fc80000, 0x00007f2cc2e40870, 0x00007f2cdb350000)
  to   space 973632K,   0% used [0x00007f2cdb350000, 0x00007f2cdb350000, 0x00007f2d16a20000)
 tenured generation   total 19472628K, used 16590724K [0x00007f3019b50000, 0x00007f34be38d000, 0x00007f3ac4600000)
   the space 19472628K,  85% used [0x00007f3019b50000, 0x00007f340e531230, 0x00007f340e531400, 0x00007f34be38d000)
 Metaspace       used 30494K, capacity 30917K, committed 31232K, reserved 32768K
}
Event: 1097.416 GC heap after
{Heap after GC invocations=85 (full 6):
 def new generation   total 8762688K, used 577600K [0x00007f2ac4600000, 0x00007f2d16a20000, 0x00007f3019b50000)
  eden space 7789056K,   0% used [0x00007f2ac4600000, 0x00007f2ac4600000, 0x00007f2c9fc80000)
  from space 973632K,  59% used [0x00007f2cdb350000, 0x00007f2cfe760310, 0x00007f2d16a20000)
  to   space 973632K,   0% used [0x00007f2c9fc80000, 0x00007f2c9fc80000, 0x00007f2cdb350000)
 tenured generation   total 19472628K, used 17165958K [0x00007f3019b50000, 0x00007f34be38d000, 0x00007f3ac4600000)
   the space 19472628K,  88% used [0x00007f3019b50000, 0x00007f34316f18b0, 0x00007f34316f1a00, 0x00007f34be38d000)
 Metaspace       used 30494K, capacity 30917K, committed 31232K, reserved 32768K
}
Event: 1099.550 GC heap before
{Heap before GC invocations=85 (full 6):
 def new generation   total 8762688K, used 8366656K [0x00007f2ac4600000, 0x00007f2d16a20000, 0x00007f3019b50000)
  eden space 7789056K, 100% used [0x00007f2ac4600000, 0x00007f2c9fc80000, 0x00007f2c9fc80000)
  from space 973632K,  59% used [0x00007f2cdb350000, 0x00007f2cfe760310, 0x00007f2d16a20000)
  to   space 973632K,   0% used [0x00007f2c9fc80000, 0x00007f2c9fc80000, 0x00007f2cdb350000)
 tenured generation   total 19472628K, used 17165958K [0x00007f3019b50000, 0x00007f34be38d000, 0x00007f3ac4600000)
   the space 19472628K,  88% used [0x00007f3019b50000, 0x00007f34316f18b0, 0x00007f34316f1a00, 0x00007f34be38d000)
 Metaspace       used 30494K, capacity 30917K, committed 31232K, reserved 32768K
}
Event: 1101.681 GC heap after
{Heap after GC invocations=86 (full 6):
 def new generation   total 8762688K, used 736214K [0x00007f2ac4600000, 0x00007f2d16a20000, 0x00007f3019b50000)
  eden space 7789056K,   0% used [0x00007f2ac4600000, 0x00007f2ac4600000, 0x00007f2c9fc80000)
  from space 973632K,  75% used [0x00007f2c9fc80000, 0x00007f2cccb75830, 0x00007f2cdb350000)
  to   space 973632K,   0% used [0x00007f2cdb350000, 0x00007f2cdb350000, 0x00007f2d16a20000)
 tenured generation   total 19472628K, used 17743558K [0x00007f3019b50000, 0x00007f34be38d000, 0x00007f3ac4600000)
   the space 19472628K,  91% used [0x00007f3019b50000, 0x00007f3454b01900, 0x00007f3454b01a00, 0x00007f34be38d000)
 Metaspace       used 30494K, capacity 30917K, committed 31232K, reserved 32768K
}
Event: 1104.062 GC heap before
{Heap before GC invocations=86 (full 6):
 def new generation   total 8762688K, used 8525270K [0x00007f2ac4600000, 0x00007f2d16a20000, 0x00007f3019b50000)
  eden space 7789056K, 100% used [0x00007f2ac4600000, 0x00007f2c9fc80000, 0x00007f2c9fc80000)
  from space 973632K,  75% used [0x00007f2c9fc80000, 0x00007f2cccb75830, 0x00007f2cdb350000)
  to   space 973632K,   0% used [0x00007f2cdb350000, 0x00007f2cdb350000, 0x00007f2d16a20000)
 tenured generation   total 19472628K, used 17743558K [0x00007f3019b50000, 0x00007f34be38d000, 0x00007f3ac4600000)
   the space 19472628K,  91% used [0x00007f3019b50000, 0x00007f3454b01900, 0x00007f3454b01a00, 0x00007f34be38d000)
 Metaspace       used 30494K, capacity 30917K, committed 31232K, reserved 32768K
}
Event: 1105.919 GC heap after
{Heap after GC invocations=87 (full 6):
 def new generation   total 8762688K, used 579829K [0x00007f2ac4600000, 0x00007f2d16a20000, 0x00007f3019b50000)
  eden space 7789056K,   0% used [0x00007f2ac4600000, 0x00007f2ac4600000, 0x00007f2c9fc80000)
  from space 973632K,  59% used [0x00007f2cdb350000, 0x00007f2cfe98d680, 0x00007f2d16a20000)
  to   space 973632K,   0% used [0x00007f2c9fc80000, 0x00007f2c9fc80000, 0x00007f2cdb350000)
 tenured generation   total 19472628K, used 18479771K [0x00007f3019b50000, 0x00007f34be38d000, 0x00007f3ac4600000)
   the space 19472628K,  94% used [0x00007f3019b50000, 0x00007f34819f6ff0, 0x00007f34819f7000, 0x00007f34be38d000)
 Metaspace       used 30494K, capacity 30917K, committed 31232K, reserved 32768K
}
Event: 1108.559 GC heap before
{Heap before GC invocations=87 (full 6):
 def new generation   total 8762688K, used 8368885K [0x00007f2ac4600000, 0x00007f2d16a20000, 0x00007f3019b50000)
  eden space 7789056K, 100% used [0x00007f2ac4600000, 0x00007f2c9fc80000, 0x00007f2c9fc80000)
  from space 973632K,  59% used [0x00007f2cdb350000, 0x00007f2cfe98d680, 0x00007f2d16a20000)
  to   space 973632K,   0% used [0x00007f2c9fc80000, 0x00007f2c9fc80000, 0x00007f2cdb350000)
 tenured generation   total 19472628K, used 18479771K [0x00007f3019b50000, 0x00007f34be38d000, 0x00007f3ac4600000)
   the space 19472628K,  94% used [0x00007f3019b50000, 0x00007f34819f6ff0, 0x00007f34819f7000, 0x00007f34be38d000)
 Metaspace       used 30494K, capacity 30917K, committed 31232K, reserved 32768K
}
Event: 1110.282 GC heap after
{Heap after GC invocations=88 (full 6):
 def new generation   total 8762688K, used 579438K [0x00007f2ac4600000, 0x00007f2d16a20000, 0x00007f3019b50000)
  eden space 7789056K,   0% used [0x00007f2ac4600000, 0x00007f2ac4600000, 0x00007f2c9fc80000)
  from space 973632K,  59% used [0x00007f2c9fc80000, 0x00007f2cc325bb60, 0x00007f2cdb350000)
  to   space 973632K,   0% used [0x00007f2cdb350000, 0x00007f2cdb350000, 0x00007f2d16a20000)
 tenured generation   total 19472628K, used 19059600K [0x00007f3019b50000, 0x00007f34be38d000, 0x00007f3ac4600000)
   the space 19472628K,  97% used [0x00007f3019b50000, 0x00007f34a50342d0, 0x00007f34a5034400, 0x00007f34be38d000)
 Metaspace       used 30494K, capacity 30917K, committed 31232K, reserved 32768K
}
Event: 1112.714 GC heap before
{Heap before GC invocations=88 (full 6):
 def new generation   total 8762688K, used 8368494K [0x00007f2ac4600000, 0x00007f2d16a20000, 0x00007f3019b50000)
  eden space 7789056K, 100% used [0x00007f2ac4600000, 0x00007f2c9fc80000, 0x00007f2c9fc80000)
  from space 973632K,  59% used [0x00007f2c9fc80000, 0x00007f2cc325bb60, 0x00007f2cdb350000)
  to   space 973632K,   0% used [0x00007f2cdb350000, 0x00007f2cdb350000, 0x00007f2d16a20000)
 tenured generation   total 19472628K, used 19059600K [0x00007f3019b50000, 0x00007f34be38d000, 0x00007f3ac4600000)
   the space 19472628K,  97% used [0x00007f3019b50000, 0x00007f34a50342d0, 0x00007f34a5034400, 0x00007f34be38d000)
 Metaspace       used 30494K, capacity 30917K, committed 31232K, reserved 32768K
}
Event: 1114.555 GC heap after
{Heap after GC invocations=89 (full 6):
 def new generation   total 8762688K, used 580050K [0x00007f2ac4600000, 0x00007f2d16a20000, 0x00007f3019b50000)
  eden space 7789056K,   0% used [0x00007f2ac4600000, 0x00007f2ac4600000, 0x00007f2c9fc80000)
  from space 973632K,  59% used [0x00007f2cdb350000, 0x00007f2cfe9c48f0, 0x00007f2d16a20000)
  to   space 973632K,   0% used [0x00007f2c9fc80000, 0x00007f2c9fc80000, 0x00007f2cdb350000)
 tenured generation   total 19639092K, used 19639039K [0x00007f3019b50000, 0x00007f34c861d000, 0x00007f3ac4600000)
   the space 19639092K,  99% used [0x00007f3019b50000, 0x00007f34c860fc10, 0x00007f34c860fe00, 0x00007f34c861d000)
 Metaspace       used 30494K, capacity 30917K, committed 31232K, reserved 32768K
}
Event: 1114.555 GC heap before
{Heap before GC invocations=89 (full 6):
 def new generation   total 8762688K, used 580050K [0x00007f2ac4600000, 0x00007f2d16a20000, 0x00007f3019b50000)
  eden space 7789056K,   0% used [0x00007f2ac4600000, 0x00007f2ac4600000, 0x00007f2c9fc80000)
  from space 973632K,  59% used [0x00007f2cdb350000, 0x00007f2cfe9c48f0, 0x00007f2d16a20000)
  to   space 973632K,   0% used [0x00007f2c9fc80000, 0x00007f2c9fc80000, 0x00007f2cdb350000)
 tenured generation   total 19639092K, used 19639039K [0x00007f3019b50000, 0x00007f34c861d000, 0x00007f3ac4600000)
   the space 19639092K,  99% used [0x00007f3019b50000, 0x00007f34c860fc10, 0x00007f34c860fe00, 0x00007f34c861d000)
 Metaspace       used 30494K, capacity 30917K, committed 31232K, reserved 32768K
}

