# JRE version: OpenJDK Runtime Environment (13.0.7+5) (build 13.0.7+5-Ubuntu-0ubuntu120.04)
# Java VM: OpenJDK 64-Bit Server VM (13.0.7+5-Ubuntu-0ubuntu120.04, mixed mode, tiered, serial gc, linux-amd64)
Heap:
 def new generation   total 629248K, used 0K [0x00007eefe8600000, 0x00007ef0130c0000, 0x00007ef53db50000)
  eden space 559360K,   0% used [0x00007eefe8600000, 0x00007eefe8600000, 0x00007ef00a840000)
  from space 69888K,   0% used [0x00007ef00ec80000, 0x00007ef00ec80000, 0x00007ef0130c0000)
  to   space 69888K,   0% used [0x00007ef00a840000, 0x00007ef00a840000, 0x00007ef00ec80000)
 tenured generation   total 1398144K, used 19052K [0x00007ef53db50000, 0x00007ef5930b0000, 0x00007effe8600000)
   the space 1398144K,   1% used [0x00007ef53db50000, 0x00007ef53edeb3e0, 0x00007ef53edeb400, 0x00007ef5930b0000)
 Metaspace       used 23219K, capacity 23617K, committed 23808K, reserved 24576K
GC Heap History (14 events):
Event: 8.726 GC heap before
{Heap before GC invocations=0 (full 0):
 def new generation   total 629120K, used 100667K [0x00007eefe8600000, 0x00007ef0130a0000, 0x00007ef53db50000)
  eden space 559232K,  18% used [0x00007eefe8600000, 0x00007eefee84ec40, 0x00007ef00a820000)
  from space 69888K,   0% used [0x00007ef00a820000, 0x00007ef00a820000, 0x00007ef00ec60000)
  to   space 69888K,   0% used [0x00007ef00ec60000, 0x00007ef00ec60000, 0x00007ef0130a0000)
 tenured generation   total 1398144K, used 0K [0x00007ef53db50000, 0x00007ef5930b0000, 0x00007effe8600000)
   the space 1398144K,   0% used [0x00007ef53db50000, 0x00007ef53db50000, 0x00007ef53db50200, 0x00007ef5930b0000)
 Metaspace       used 20878K, capacity 21158K, committed 21248K, reserved 22528K
}
Event: 8.967 GC heap after
{Heap after GC invocations=1 (full 1):
 def new generation   total 629248K, used 0K [0x00007eefe8600000, 0x00007ef0130c0000, 0x00007ef53db50000)
  eden space 559360K,   0% used [0x00007eefe8600000, 0x00007eefe8600000, 0x00007ef00a840000)
  from space 69888K,   0% used [0x00007ef00a840000, 0x00007ef00a840000, 0x00007ef00ec80000)
  to   space 69888K,   0% used [0x00007ef00ec80000, 0x00007ef00ec80000, 0x00007ef0130c0000)
 tenured generation   total 1398144K, used 13608K [0x00007ef53db50000, 0x00007ef5930b0000, 0x00007effe8600000)
   the space 1398144K,   0% used [0x00007ef53db50000, 0x00007ef53e89a280, 0x00007ef53e89a400, 0x00007ef5930b0000)
 Metaspace       used 20878K, capacity 21158K, committed 21248K, reserved 22528K
}
Event: 11.003 GC heap before
{Heap before GC invocations=1 (full 1):
 def new generation   total 629248K, used 559360K [0x00007eefe8600000, 0x00007ef0130c0000, 0x00007ef53db50000)
  eden space 559360K, 100% used [0x00007eefe8600000, 0x00007ef00a840000, 0x00007ef00a840000)
  from space 69888K,   0% used [0x00007ef00a840000, 0x00007ef00a840000, 0x00007ef00ec80000)
  to   space 69888K,   0% used [0x00007ef00ec80000, 0x00007ef00ec80000, 0x00007ef0130c0000)
 tenured generation   total 1398144K, used 13608K [0x00007ef53db50000, 0x00007ef5930b0000, 0x00007effe8600000)
   the space 1398144K,   0% used [0x00007ef53db50000, 0x00007ef53e89a280, 0x00007ef53e89a400, 0x00007ef5930b0000)
 Metaspace       used 22929K, capacity 23310K, committed 23552K, reserved 24576K
}
Event: 11.010 GC heap after
{Heap after GC invocations=2 (full 1):
 def new generation   total 629248K, used 680K [0x00007eefe8600000, 0x00007ef0130c0000, 0x00007ef53db50000)
  eden space 559360K,   0% used [0x00007eefe8600000, 0x00007eefe8600000, 0x00007ef00a840000)
  from space 69888K,   0% used [0x00007ef00ec80000, 0x00007ef00ed2a088, 0x00007ef0130c0000)
  to   space 69888K,   0% used [0x00007ef00a840000, 0x00007ef00a840000, 0x00007ef00ec80000)
 tenured generation   total 1398144K, used 13608K [0x00007ef53db50000, 0x00007ef5930b0000, 0x00007effe8600000)
   the space 1398144K,   0% used [0x00007ef53db50000, 0x00007ef53e89a280, 0x00007ef53e89a400, 0x00007ef5930b0000)
 Metaspace       used 22929K, capacity 23310K, committed 23552K, reserved 24576K
}
Event: 11.990 GC heap before
{Heap before GC invocations=2 (full 1):
 def new generation   total 629248K, used 560040K [0x00007eefe8600000, 0x00007ef0130c0000, 0x00007ef53db50000)
  eden space 559360K, 100% used [0x00007eefe8600000, 0x00007ef00a840000, 0x00007ef00a840000)
  from space 69888K,   0% used [0x00007ef00ec80000, 0x00007ef00ed2a088, 0x00007ef0130c0000)
  to   space 69888K,   0% used [0x00007ef00a840000, 0x00007ef00a840000, 0x00007ef00ec80000)
 tenured generation   total 1398144K, used 13608K [0x00007ef53db50000, 0x00007ef5930b0000, 0x00007effe8600000)
   the space 1398144K,   0% used [0x00007ef53db50000, 0x00007ef53e89a280, 0x00007ef53e89a400, 0x00007ef5930b0000)
 Metaspace       used 22937K, capacity 23311K, committed 23552K, reserved 24576K
}
Event: 11.993 GC heap after
{Heap after GC invocations=3 (full 1):
 def new generation   total 629248K, used 965K [0x00007eefe8600000, 0x00007ef0130c0000, 0x00007ef53db50000)
  eden space 559360K,   0% used [0x00007eefe8600000, 0x00007eefe8600000, 0x00007ef00a840000)
  from space 69888K,   1% used [0x00007ef00a840000, 0x00007ef00a931550, 0x00007ef00ec80000)
  to   space 69888K,   0% used [0x00007ef00ec80000, 0x00007ef00ec80000, 0x00007ef0130c0000)
 tenured generation   total 1398144K, used 13608K [0x00007ef53db50000, 0x00007ef5930b0000, 0x00007effe8600000)
   the space 1398144K,   0% used [0x00007ef53db50000, 0x00007ef53e89a280, 0x00007ef53e89a400, 0x00007ef5930b0000)
 Metaspace       used 22937K, capacity 23311K, committed 23552K, reserved 24576K
}
Event: 13.238 GC heap before
{Heap before GC invocations=3 (full 1):
 def new generation   total 629248K, used 560325K [0x00007eefe8600000, 0x00007ef0130c0000, 0x00007ef53db50000)
  eden space 559360K, 100% used [0x00007eefe8600000, 0x00007ef00a840000, 0x00007ef00a840000)
  from space 69888K,   1% used [0x00007ef00a840000, 0x00007ef00a931550, 0x00007ef00ec80000)
  to   space 69888K,   0% used [0x00007ef00ec80000, 0x00007ef00ec80000, 0x00007ef0130c0000)
 tenured generation   total 1398144K, used 13608K [0x00007ef53db50000, 0x00007ef5930b0000, 0x00007effe8600000)
   the space 1398144K,   0% used [0x00007ef53db50000, 0x00007ef53e89a280, 0x00007ef53e89a400, 0x00007ef5930b0000)
 Metaspace       used 23200K, capacity 23611K, committed 23808K, reserved 24576K
}
Event: 13.241 GC heap after
{Heap after GC invocations=4 (full 1):
 def new generation   total 629248K, used 1211K [0x00007eefe8600000, 0x00007ef0130c0000, 0x00007ef53db50000)
  eden space 559360K,   0% used [0x00007eefe8600000, 0x00007eefe8600000, 0x00007ef00a840000)
  from space 69888K,   1% used [0x00007ef00ec80000, 0x00007ef00edaee40, 0x00007ef0130c0000)
  to   space 69888K,   0% used [0x00007ef00a840000, 0x00007ef00a840000, 0x00007ef00ec80000)
 tenured generation   total 1398144K, used 13608K [0x00007ef53db50000, 0x00007ef5930b0000, 0x00007effe8600000)
   the space 1398144K,   0% used [0x00007ef53db50000, 0x00007ef53e89a280, 0x00007ef53e89a400, 0x00007ef5930b0000)
 Metaspace       used 23200K, capacity 23611K, committed 23808K, reserved 24576K
}
Event: 13.889 GC heap before
{Heap before GC invocations=4 (full 1):
 def new generation   total 629248K, used 560571K [0x00007eefe8600000, 0x00007ef0130c0000, 0x00007ef53db50000)
  eden space 559360K, 100% used [0x00007eefe8600000, 0x00007ef00a840000, 0x00007ef00a840000)
  from space 69888K,   1% used [0x00007ef00ec80000, 0x00007ef00edaee40, 0x00007ef0130c0000)
  to   space 69888K,   0% used [0x00007ef00a840000, 0x00007ef00a840000, 0x00007ef00ec80000)
 tenured generation   total 1398144K, used 13608K [0x00007ef53db50000, 0x00007ef5930b0000, 0x00007effe8600000)
   the space 1398144K,   0% used [0x00007ef53db50000, 0x00007ef53e89a280, 0x00007ef53e89a400, 0x00007ef5930b0000)
 Metaspace       used 23202K, capacity 23611K, committed 23808K, reserved 24576K
}
Event: 13.894 GC heap after
{Heap after GC invocations=5 (full 1):
 def new generation   total 629248K, used 1510K [0x00007eefe8600000, 0x00007ef0130c0000, 0x00007ef53db50000)
  eden space 559360K,   0% used [0x00007eefe8600000, 0x00007eefe8600000, 0x00007ef00a840000)
  from space 69888K,   2% used [0x00007ef00a840000, 0x00007ef00a9b9b40, 0x00007ef00ec80000)
  to   space 69888K,   0% used [0x00007ef00ec80000, 0x00007ef00ec80000, 0x00007ef0130c0000)
 tenured generation   total 1398144K, used 13608K [0x00007ef53db50000, 0x00007ef5930b0000, 0x00007effe8600000)
   the space 1398144K,   0% used [0x00007ef53db50000, 0x00007ef53e89a280, 0x00007ef53e89a400, 0x00007ef5930b0000)
 Metaspace       used 23202K, capacity 23611K, committed 23808K, reserved 24576K
}
Event: 14.211 GC heap before
{Heap before GC invocations=5 (full 1):
 def new generation   total 629248K, used 247785K [0x00007eefe8600000, 0x00007ef0130c0000, 0x00007ef53db50000)
  eden space 559360K,  44% used [0x00007eefe8600000, 0x00007eeff7680a58, 0x00007ef00a840000)
  from space 69888K,   2% used [0x00007ef00a840000, 0x00007ef00a9b9b40, 0x00007ef00ec80000)
  to   space 69888K,   0% used [0x00007ef00ec80000, 0x00007ef00ec80000, 0x00007ef0130c0000)
 tenured generation   total 1398144K, used 13608K [0x00007ef53db50000, 0x00007ef5930b0000, 0x00007effe8600000)
   the space 1398144K,   0% used [0x00007ef53db50000, 0x00007ef53e89a280, 0x00007ef53e89a400, 0x00007ef5930b0000)
 Metaspace       used 23219K, capacity 23617K, committed 23808K, reserved 24576K
}
Event: 14.220 GC heap after
{Heap after GC invocations=6 (full 1):
 def new generation   total 629248K, used 5444K [0x00007eefe8600000, 0x00007ef0130c0000, 0x00007ef53db50000)
  eden space 559360K,   0% used [0x00007eefe8600000, 0x00007eefe8600000, 0x00007ef00a840000)
  from space 69888K,   7% used [0x00007ef00ec80000, 0x00007ef00f1d1238, 0x00007ef0130c0000)
  to   space 69888K,   0% used [0x00007ef00a840000, 0x00007ef00a840000, 0x00007ef00ec80000)
 tenured generation   total 1398144K, used 13608K [0x00007ef53db50000, 0x00007ef5930b0000, 0x00007effe8600000)
   the space 1398144K,   0% used [0x00007ef53db50000, 0x00007ef53e89a280, 0x00007ef53e89a400, 0x00007ef5930b0000)
 Metaspace       used 23219K, capacity 23617K, committed 23808K, reserved 24576K
}
Event: 14.220 GC heap before
{Heap before GC invocations=6 (full 1):
 def new generation   total 629248K, used 5444K [0x00007eefe8600000, 0x00007ef0130c0000, 0x00007ef53db50000)
  eden space 559360K,   0% used [0x00007eefe8600000, 0x00007eefe8600000, 0x00007ef00a840000)
  from space 69888K,   7% used [0x00007ef00ec80000, 0x00007ef00f1d1238, 0x00007ef0130c0000)
  to   space 69888K,   0% used [0x00007ef00a840000, 0x00007ef00a840000, 0x00007ef00ec80000)
 tenured generation   total 1398144K, used 13608K [0x00007ef53db50000, 0x00007ef5930b0000, 0x00007effe8600000)
   the space 1398144K,   0% used [0x00007ef53db50000, 0x00007ef53e89a280, 0x00007ef53e89a400, 0x00007ef5930b0000)
 Metaspace       used 23219K, capacity 23617K, committed 23808K, reserved 24576K
}
Event: 14.500 GC heap after
{Heap after GC invocations=6 (full 2):
 def new generation   total 629248K, used 0K [0x00007eefe8600000, 0x00007ef0130c0000, 0x00007ef53db50000)
  eden space 559360K,   0% used [0x00007eefe8600000, 0x00007eefe8600000, 0x00007ef00a840000)
  from space 69888K,   0% used [0x00007ef00ec80000, 0x00007ef00ec80000, 0x00007ef0130c0000)
  to   space 69888K,   0% used [0x00007ef00a840000, 0x00007ef00a840000, 0x00007ef00ec80000)
 tenured generation   total 1398144K, used 19052K [0x00007ef53db50000, 0x00007ef5930b0000, 0x00007effe8600000)
   the space 1398144K,   1% used [0x00007ef53db50000, 0x00007ef53edeb3e0, 0x00007ef53edeb400, 0x00007ef5930b0000)
 Metaspace       used 23219K, capacity 23617K, committed 23808K, reserved 24576K
}

