# JRE version: OpenJDK Runtime Environment (13.0.7+5) (build 13.0.7+5-Ubuntu-0ubuntu120.04)
# Java VM: OpenJDK 64-Bit Server VM (13.0.7+5-Ubuntu-0ubuntu120.04, mixed mode, tiered, serial gc, linux-amd64)
Heap:
 def new generation   total 1749440K, used 24869K [0x00007f0204600000, 0x00007f027b040000, 0x00007f0759b50000)
  eden space 1555072K,   1% used [0x00007f0204600000, 0x00007f0205e49510, 0x00007f02634a0000)
  from space 194368K,   0% used [0x00007f02634a0000, 0x00007f02634a0000, 0x00007f026f270000)
  to   space 194368K,   0% used [0x00007f026f270000, 0x00007f026f270000, 0x00007f027b040000)
 tenured generation   total 3888728K, used 3888727K [0x00007f0759b50000, 0x00007f08470e6000, 0x00007f1204600000)
   the space 3888728K,  99% used [0x00007f0759b50000, 0x00007f08470e5ff8, 0x00007f08470e6000, 0x00007f08470e6000)
 Metaspace       used 24316K, capacity 24720K, committed 24832K, reserved 26624K
GC Heap History (20 events):
Event: 2466.582 GC heap after
{Heap after GC invocations=3402 (full 3):
 def new generation   total 1749440K, used 30264K [0x00007f0204600000, 0x00007f027b040000, 0x00007f0759b50000)
  eden space 1555072K,   0% used [0x00007f0204600000, 0x00007f0204600000, 0x00007f02634a0000)
  from space 194368K,  15% used [0x00007f026f270000, 0x00007f0270ffe1d0, 0x00007f027b040000)
  to   space 194368K,   0% used [0x00007f02634a0000, 0x00007f02634a0000, 0x00007f026f270000)
 tenured generation   total 3887576K, used 3870226K [0x00007f0759b50000, 0x00007f0846fc6000, 0x00007f1204600000)
   the space 3887576K,  99% used [0x00007f0759b50000, 0x00007f0845ed4a40, 0x00007f0845ed4c00, 0x00007f0846fc6000)
 Metaspace       used 24316K, capacity 24720K, committed 24832K, reserved 26624K
}
Event: 2467.821 GC heap before
{Heap before GC invocations=3402 (full 3):
 def new generation   total 1749440K, used 1585336K [0x00007f0204600000, 0x00007f027b040000, 0x00007f0759b50000)
  eden space 1555072K, 100% used [0x00007f0204600000, 0x00007f02634a0000, 0x00007f02634a0000)
  from space 194368K,  15% used [0x00007f026f270000, 0x00007f0270ffe1d0, 0x00007f027b040000)
  to   space 194368K,   0% used [0x00007f02634a0000, 0x00007f02634a0000, 0x00007f026f270000)
 tenured generation   total 3887576K, used 3870226K [0x00007f0759b50000, 0x00007f0846fc6000, 0x00007f1204600000)
   the space 3887576K,  99% used [0x00007f0759b50000, 0x00007f0845ed4a40, 0x00007f0845ed4c00, 0x00007f0846fc6000)
 Metaspace       used 24316K, capacity 24720K, committed 24832K, reserved 26624K
}
Event: 2467.892 GC heap after
{Heap after GC invocations=3403 (full 3):
 def new generation   total 1749440K, used 30393K [0x00007f0204600000, 0x00007f027b040000, 0x00007f0759b50000)
  eden space 1555072K,   0% used [0x00007f0204600000, 0x00007f0204600000, 0x00007f02634a0000)
  from space 194368K,  15% used [0x00007f02634a0000, 0x00007f026524e6c8, 0x00007f026f270000)
  to   space 194368K,   0% used [0x00007f026f270000, 0x00007f026f270000, 0x00007f027b040000)
 tenured generation   total 3887576K, used 3872249K [0x00007f0759b50000, 0x00007f0846fc6000, 0x00007f1204600000)
   the space 3887576K,  99% used [0x00007f0759b50000, 0x00007f08460ce768, 0x00007f08460ce800, 0x00007f0846fc6000)
 Metaspace       used 24316K, capacity 24720K, committed 24832K, reserved 26624K
}
Event: 2469.060 GC heap before
{Heap before GC invocations=3403 (full 3):
 def new generation   total 1749440K, used 1585465K [0x00007f0204600000, 0x00007f027b040000, 0x00007f0759b50000)
  eden space 1555072K, 100% used [0x00007f0204600000, 0x00007f02634a0000, 0x00007f02634a0000)
  from space 194368K,  15% used [0x00007f02634a0000, 0x00007f026524e6c8, 0x00007f026f270000)
  to   space 194368K,   0% used [0x00007f026f270000, 0x00007f026f270000, 0x00007f027b040000)
 tenured generation   total 3887576K, used 3872249K [0x00007f0759b50000, 0x00007f0846fc6000, 0x00007f1204600000)
   the space 3887576K,  99% used [0x00007f0759b50000, 0x00007f08460ce768, 0x00007f08460ce800, 0x00007f0846fc6000)
 Metaspace       used 24316K, capacity 24720K, committed 24832K, reserved 26624K
}
Event: 2469.126 GC heap after
{Heap after GC invocations=3404 (full 3):
 def new generation   total 1749440K, used 30074K [0x00007f0204600000, 0x00007f027b040000, 0x00007f0759b50000)
  eden space 1555072K,   0% used [0x00007f0204600000, 0x00007f0204600000, 0x00007f02634a0000)
  from space 194368K,  15% used [0x00007f026f270000, 0x00007f0270fce880, 0x00007f027b040000)
  to   space 194368K,   0% used [0x00007f02634a0000, 0x00007f02634a0000, 0x00007f026f270000)
 tenured generation   total 3887576K, used 3874433K [0x00007f0759b50000, 0x00007f0846fc6000, 0x00007f1204600000)
   the space 3887576K,  99% used [0x00007f0759b50000, 0x00007f08462f04c8, 0x00007f08462f0600, 0x00007f0846fc6000)
 Metaspace       used 24316K, capacity 24720K, committed 24832K, reserved 26624K
}
Event: 2470.354 GC heap before
{Heap before GC invocations=3404 (full 3):
 def new generation   total 1749440K, used 1585146K [0x00007f0204600000, 0x00007f027b040000, 0x00007f0759b50000)
  eden space 1555072K, 100% used [0x00007f0204600000, 0x00007f02634a0000, 0x00007f02634a0000)
  from space 194368K,  15% used [0x00007f026f270000, 0x00007f0270fce880, 0x00007f027b040000)
  to   space 194368K,   0% used [0x00007f02634a0000, 0x00007f02634a0000, 0x00007f026f270000)
 tenured generation   total 3887576K, used 3874433K [0x00007f0759b50000, 0x00007f0846fc6000, 0x00007f1204600000)
   the space 3887576K,  99% used [0x00007f0759b50000, 0x00007f08462f04c8, 0x00007f08462f0600, 0x00007f0846fc6000)
 Metaspace       used 24316K, capacity 24720K, committed 24832K, reserved 26624K
}
Event: 2470.412 GC heap after
{Heap after GC invocations=3405 (full 3):
 def new generation   total 1749440K, used 30015K [0x00007f0204600000, 0x00007f027b040000, 0x00007f0759b50000)
  eden space 1555072K,   0% used [0x00007f0204600000, 0x00007f0204600000, 0x00007f02634a0000)
  from space 194368K,  15% used [0x00007f02634a0000, 0x00007f02651efe68, 0x00007f026f270000)
  to   space 194368K,   0% used [0x00007f026f270000, 0x00007f026f270000, 0x00007f027b040000)
 tenured generation   total 3887576K, used 3876475K [0x00007f0759b50000, 0x00007f0846fc6000, 0x00007f1204600000)
   the space 3887576K,  99% used [0x00007f0759b50000, 0x00007f08464eef58, 0x00007f08464ef000, 0x00007f0846fc6000)
 Metaspace       used 24316K, capacity 24720K, committed 24832K, reserved 26624K
}
Event: 2471.406 GC heap before
{Heap before GC invocations=3405 (full 3):
 def new generation   total 1749440K, used 1585087K [0x00007f0204600000, 0x00007f027b040000, 0x00007f0759b50000)
  eden space 1555072K, 100% used [0x00007f0204600000, 0x00007f02634a0000, 0x00007f02634a0000)
  from space 194368K,  15% used [0x00007f02634a0000, 0x00007f02651efe68, 0x00007f026f270000)
  to   space 194368K,   0% used [0x00007f026f270000, 0x00007f026f270000, 0x00007f027b040000)
 tenured generation   total 3887576K, used 3876475K [0x00007f0759b50000, 0x00007f0846fc6000, 0x00007f1204600000)
   the space 3887576K,  99% used [0x00007f0759b50000, 0x00007f08464eef58, 0x00007f08464ef000, 0x00007f0846fc6000)
 Metaspace       used 24316K, capacity 24720K, committed 24832K, reserved 26624K
}
Event: 2471.461 GC heap after
{Heap after GC invocations=3406 (full 3):
 def new generation   total 1749440K, used 30173K [0x00007f0204600000, 0x00007f027b040000, 0x00007f0759b50000)
  eden space 1555072K,   0% used [0x00007f0204600000, 0x00007f0204600000, 0x00007f02634a0000)
  from space 194368K,  15% used [0x00007f026f270000, 0x00007f0270fe7770, 0x00007f027b040000)
  to   space 194368K,   0% used [0x00007f02634a0000, 0x00007f02634a0000, 0x00007f026f270000)
 tenured generation   total 3887576K, used 3878311K [0x00007f0759b50000, 0x00007f0846fc6000, 0x00007f1204600000)
   the space 3887576K,  99% used [0x00007f0759b50000, 0x00007f08466b9dd8, 0x00007f08466b9e00, 0x00007f0846fc6000)
 Metaspace       used 24316K, capacity 24720K, committed 24832K, reserved 26624K
}
Event: 2472.622 GC heap before
{Heap before GC invocations=3406 (full 3):
 def new generation   total 1749440K, used 1585245K [0x00007f0204600000, 0x00007f027b040000, 0x00007f0759b50000)
  eden space 1555072K, 100% used [0x00007f0204600000, 0x00007f02634a0000, 0x00007f02634a0000)
  from space 194368K,  15% used [0x00007f026f270000, 0x00007f0270fe7770, 0x00007f027b040000)
  to   space 194368K,   0% used [0x00007f02634a0000, 0x00007f02634a0000, 0x00007f026f270000)
 tenured generation   total 3887576K, used 3878311K [0x00007f0759b50000, 0x00007f0846fc6000, 0x00007f1204600000)
   the space 3887576K,  99% used [0x00007f0759b50000, 0x00007f08466b9dd8, 0x00007f08466b9e00, 0x00007f0846fc6000)
 Metaspace       used 24316K, capacity 24720K, committed 24832K, reserved 26624K
}
Event: 2472.689 GC heap after
{Heap after GC invocations=3407 (full 3):
 def new generation   total 1749440K, used 30409K [0x00007f0204600000, 0x00007f027b040000, 0x00007f0759b50000)
  eden space 1555072K,   0% used [0x00007f0204600000, 0x00007f0204600000, 0x00007f02634a0000)
  from space 194368K,  15% used [0x00007f02634a0000, 0x00007f0265252678, 0x00007f026f270000)
  to   space 194368K,   0% used [0x00007f026f270000, 0x00007f026f270000, 0x00007f027b040000)
 tenured generation   total 3887576K, used 3880276K [0x00007f0759b50000, 0x00007f0846fc6000, 0x00007f1204600000)
   the space 3887576K,  99% used [0x00007f0759b50000, 0x00007f08468a5310, 0x00007f08468a5400, 0x00007f0846fc6000)
 Metaspace       used 24316K, capacity 24720K, committed 24832K, reserved 26624K
}
Event: 2473.910 GC heap before
{Heap before GC invocations=3407 (full 3):
 def new generation   total 1749440K, used 1585481K [0x00007f0204600000, 0x00007f027b040000, 0x00007f0759b50000)
  eden space 1555072K, 100% used [0x00007f0204600000, 0x00007f02634a0000, 0x00007f02634a0000)
  from space 194368K,  15% used [0x00007f02634a0000, 0x00007f0265252678, 0x00007f026f270000)
  to   space 194368K,   0% used [0x00007f026f270000, 0x00007f026f270000, 0x00007f027b040000)
 tenured generation   total 3887576K, used 3880276K [0x00007f0759b50000, 0x00007f0846fc6000, 0x00007f1204600000)
   the space 3887576K,  99% used [0x00007f0759b50000, 0x00007f08468a5310, 0x00007f08468a5400, 0x00007f0846fc6000)
 Metaspace       used 24316K, capacity 24720K, committed 24832K, reserved 26624K
}
Event: 2473.978 GC heap after
{Heap after GC invocations=3408 (full 3):
 def new generation   total 1749440K, used 30394K [0x00007f0204600000, 0x00007f027b040000, 0x00007f0759b50000)
  eden space 1555072K,   0% used [0x00007f0204600000, 0x00007f0204600000, 0x00007f02634a0000)
  from space 194368K,  15% used [0x00007f026f270000, 0x00007f027101ea50, 0x00007f027b040000)
  to   space 194368K,   0% used [0x00007f02634a0000, 0x00007f02634a0000, 0x00007f026f270000)
 tenured generation   total 3887576K, used 3882445K [0x00007f0759b50000, 0x00007f0846fc6000, 0x00007f1204600000)
   the space 3887576K,  99% used [0x00007f0759b50000, 0x00007f0846ac3608, 0x00007f0846ac3800, 0x00007f0846fc6000)
 Metaspace       used 24316K, capacity 24720K, committed 24832K, reserved 26624K
}
Event: 2475.206 GC heap before
{Heap before GC invocations=3408 (full 3):
 def new generation   total 1749440K, used 1585466K [0x00007f0204600000, 0x00007f027b040000, 0x00007f0759b50000)
  eden space 1555072K, 100% used [0x00007f0204600000, 0x00007f02634a0000, 0x00007f02634a0000)
  from space 194368K,  15% used [0x00007f026f270000, 0x00007f027101ea50, 0x00007f027b040000)
  to   space 194368K,   0% used [0x00007f02634a0000, 0x00007f02634a0000, 0x00007f026f270000)
 tenured generation   total 3887576K, used 3882445K [0x00007f0759b50000, 0x00007f0846fc6000, 0x00007f1204600000)
   the space 3887576K,  99% used [0x00007f0759b50000, 0x00007f0846ac3608, 0x00007f0846ac3800, 0x00007f0846fc6000)
 Metaspace       used 24316K, capacity 24720K, committed 24832K, reserved 26624K
}
Event: 2475.271 GC heap after
{Heap after GC invocations=3409 (full 3):
 def new generation   total 1749440K, used 30087K [0x00007f0204600000, 0x00007f027b040000, 0x00007f0759b50000)
  eden space 1555072K,   0% used [0x00007f0204600000, 0x00007f0204600000, 0x00007f02634a0000)
  from space 194368K,  15% used [0x00007f02634a0000, 0x00007f0265201da8, 0x00007f026f270000)
  to   space 194368K,   0% used [0x00007f026f270000, 0x00007f026f270000, 0x00007f027b040000)
 tenured generation   total 3887576K, used 3884633K [0x00007f0759b50000, 0x00007f0846fc6000, 0x00007f1204600000)
   the space 3887576K,  99% used [0x00007f0759b50000, 0x00007f0846ce6538, 0x00007f0846ce6600, 0x00007f0846fc6000)
 Metaspace       used 24316K, capacity 24720K, committed 24832K, reserved 26624K
}
Event: 2476.520 GC heap before
{Heap before GC invocations=3409 (full 3):
 def new generation   total 1749440K, used 1585159K [0x00007f0204600000, 0x00007f027b040000, 0x00007f0759b50000)
  eden space 1555072K, 100% used [0x00007f0204600000, 0x00007f02634a0000, 0x00007f02634a0000)
  from space 194368K,  15% used [0x00007f02634a0000, 0x00007f0265201da8, 0x00007f026f270000)
  to   space 194368K,   0% used [0x00007f026f270000, 0x00007f026f270000, 0x00007f027b040000)
 tenured generation   total 3887576K, used 3884633K [0x00007f0759b50000, 0x00007f0846fc6000, 0x00007f1204600000)
   the space 3887576K,  99% used [0x00007f0759b50000, 0x00007f0846ce6538, 0x00007f0846ce6600, 0x00007f0846fc6000)
 Metaspace       used 24316K, capacity 24720K, committed 24832K, reserved 26624K
}
Event: 2476.590 GC heap after
{Heap after GC invocations=3410 (full 3):
 def new generation   total 1749440K, used 30353K [0x00007f0204600000, 0x00007f027b040000, 0x00007f0759b50000)
  eden space 1555072K,   0% used [0x00007f0204600000, 0x00007f0204600000, 0x00007f02634a0000)
  from space 194368K,  15% used [0x00007f026f270000, 0x00007f0271014430, 0x00007f027b040000)
  to   space 194368K,   0% used [0x00007f02634a0000, 0x00007f02634a0000, 0x00007f026f270000)
 tenured generation   total 3887576K, used 3886555K [0x00007f0759b50000, 0x00007f0846fc6000, 0x00007f1204600000)
   the space 3887576K,  99% used [0x00007f0759b50000, 0x00007f0846ec6cf8, 0x00007f0846ec6e00, 0x00007f0846fc6000)
 Metaspace       used 24316K, capacity 24720K, committed 24832K, reserved 26624K
}
Event: 2477.773 GC heap before
{Heap before GC invocations=3410 (full 3):
 def new generation   total 1749440K, used 1585425K [0x00007f0204600000, 0x00007f027b040000, 0x00007f0759b50000)
  eden space 1555072K, 100% used [0x00007f0204600000, 0x00007f02634a0000, 0x00007f02634a0000)
  from space 194368K,  15% used [0x00007f026f270000, 0x00007f0271014430, 0x00007f027b040000)
  to   space 194368K,   0% used [0x00007f02634a0000, 0x00007f02634a0000, 0x00007f026f270000)
 tenured generation   total 3887576K, used 3886555K [0x00007f0759b50000, 0x00007f0846fc6000, 0x00007f1204600000)
   the space 3887576K,  99% used [0x00007f0759b50000, 0x00007f0846ec6cf8, 0x00007f0846ec6e00, 0x00007f0846fc6000)
 Metaspace       used 24316K, capacity 24720K, committed 24832K, reserved 26624K
}
Event: 2477.844 GC heap after
{Heap after GC invocations=3411 (full 3):
 def new generation   total 1749440K, used 30451K [0x00007f0204600000, 0x00007f027b040000, 0x00007f0759b50000)
  eden space 1555072K,   0% used [0x00007f0204600000, 0x00007f0204600000, 0x00007f02634a0000)
  from space 194368K,  15% used [0x00007f02634a0000, 0x00007f026525cff8, 0x00007f026f270000)
  to   space 194368K,   0% used [0x00007f026f270000, 0x00007f026f270000, 0x00007f027b040000)
 tenured generation   total 3888728K, used 3888636K [0x00007f0759b50000, 0x00007f08470e6000, 0x00007f1204600000)
   the space 3888728K,  99% used [0x00007f0759b50000, 0x00007f08470cf210, 0x00007f08470cf400, 0x00007f08470e6000)
 Metaspace       used 24316K, capacity 24720K, committed 24832K, reserved 26624K
}
Event: 2477.844 GC heap before
{Heap before GC invocations=3411 (full 3):
 def new generation   total 1749440K, used 30451K [0x00007f0204600000, 0x00007f027b040000, 0x00007f0759b50000)
  eden space 1555072K,   0% used [0x00007f0204600000, 0x00007f0204600000, 0x00007f02634a0000)
  from space 194368K,  15% used [0x00007f02634a0000, 0x00007f026525cff8, 0x00007f026f270000)
  to   space 194368K,   0% used [0x00007f026f270000, 0x00007f026f270000, 0x00007f027b040000)
 tenured generation   total 3888728K, used 3888636K [0x00007f0759b50000, 0x00007f08470e6000, 0x00007f1204600000)
   the space 3888728K,  99% used [0x00007f0759b50000, 0x00007f08470cf210, 0x00007f08470cf400, 0x00007f08470e6000)
 Metaspace       used 24316K, capacity 24720K, committed 24832K, reserved 26624K
}

