# JRE version: OpenJDK Runtime Environment (13.0.7+5) (build 13.0.7+5-Ubuntu-0ubuntu120.04)
# Java VM: OpenJDK 64-Bit Server VM (13.0.7+5-Ubuntu-0ubuntu120.04, mixed mode, tiered, serial gc, linux-amd64)
Heap:
 def new generation   total 797568K, used 0K [0x00007fbcac600000, 0x00007fbce2760000, 0x00007fc201b50000)
  eden space 708992K,   0% used [0x00007fbcac600000, 0x00007fbcac600000, 0x00007fbcd7a60000)
  from space 88576K,   0% used [0x00007fbcd7a60000, 0x00007fbcd7a60000, 0x00007fbcdd0e0000)
  to   space 88576K,   0% used [0x00007fbcdd0e0000, 0x00007fbcdd0e0000, 0x00007fbce2760000)
 tenured generation   total 1772156K, used 1059044K [0x00007fc201b50000, 0x00007fc26ddef000, 0x00007fccac600000)
   the space 1772156K,  59% used [0x00007fc201b50000, 0x00007fc2425890b0, 0x00007fc242589200, 0x00007fc26ddef000)
 Metaspace       used 23083K, capacity 23458K, committed 23552K, reserved 24576K
GC Heap History (20 events):
Event: 9.569 GC heap before
{Heap before GC invocations=4 (full 1):
 def new generation   total 629248K, used 1124K [0x00007fbcac600000, 0x00007fbcd70c0000, 0x00007fc201b50000)
  eden space 559360K,   0% used [0x00007fbcac600000, 0x00007fbcac600000, 0x00007fbcce840000)
  from space 69888K,   1% used [0x00007fbcd2c80000, 0x00007fbcd2d99048, 0x00007fbcd70c0000)
  to   space 69888K,   0% used [0x00007fbcce840000, 0x00007fbcce840000, 0x00007fbcd2c80000)
 tenured generation   total 1922436K, used 1586466K [0x00007fc201b50000, 0x00007fc2770b1000, 0x00007fccac600000)
   the space 1922436K,  82% used [0x00007fc201b50000, 0x00007fc262898868, 0x00007fc262898a00, 0x00007fc2770b1000)
 Metaspace       used 23079K, capacity 23456K, committed 23552K, reserved 24576K
}
Event: 9.782 GC heap after
{Heap after GC invocations=4 (full 2):
 def new generation   total 629248K, used 0K [0x00007fbcac600000, 0x00007fbcd70c0000, 0x00007fc201b50000)
  eden space 559360K,   0% used [0x00007fbcac600000, 0x00007fbcac600000, 0x00007fbcce840000)
  from space 69888K,   0% used [0x00007fbcd2c80000, 0x00007fbcd2c80000, 0x00007fbcd70c0000)
  to   space 69888K,   0% used [0x00007fbcce840000, 0x00007fbcce840000, 0x00007fbcd2c80000)
 tenured generation   total 1398144K, used 539004K [0x00007fc201b50000, 0x00007fc2570b0000, 0x00007fccac600000)
   the space 1398144K,  38% used [0x00007fc201b50000, 0x00007fc2229af300, 0x00007fc2229af400, 0x00007fc2570b0000)
 Metaspace       used 23079K, capacity 23456K, committed 23552K, reserved 24576K
}
Event: 10.037 GC heap before
{Heap before GC invocations=4 (full 2):
 def new generation   total 629248K, used 535373K [0x00007fbcac600000, 0x00007fbcd70c0000, 0x00007fc201b50000)
  eden space 559360K,  95% used [0x00007fbcac600000, 0x00007fbccd0d34a8, 0x00007fbcce840000)
  from space 69888K,   0% used [0x00007fbcd2c80000, 0x00007fbcd2c80000, 0x00007fbcd70c0000)
  to   space 69888K,   0% used [0x00007fbcce840000, 0x00007fbcce840000, 0x00007fbcd2c80000)
 tenured generation   total 1398144K, used 539004K [0x00007fc201b50000, 0x00007fc2570b0000, 0x00007fccac600000)
   the space 1398144K,  38% used [0x00007fc201b50000, 0x00007fc2229af300, 0x00007fc2229af400, 0x00007fc2570b0000)
 Metaspace       used 23079K, capacity 23456K, committed 23552K, reserved 24576K
}
Event: 10.177 GC heap after
{Heap after GC invocations=5 (full 2):
 def new generation   total 629248K, used 0K [0x00007fbcac600000, 0x00007fbcd70c0000, 0x00007fc201b50000)
  eden space 559360K,   0% used [0x00007fbcac600000, 0x00007fbcac600000, 0x00007fbcce840000)
  from space 69888K,   0% used [0x00007fbcce840000, 0x00007fbcce840248, 0x00007fbcd2c80000)
  to   space 69888K,   0% used [0x00007fbcd2c80000, 0x00007fbcd2c80000, 0x00007fbcd70c0000)
 tenured generation   total 1398144K, used 1063292K [0x00007fc201b50000, 0x00007fc2570b0000, 0x00007fccac600000)
   the space 1398144K,  76% used [0x00007fc201b50000, 0x00007fc2429af318, 0x00007fc2429af400, 0x00007fc2570b0000)
 Metaspace       used 23079K, capacity 23456K, committed 23552K, reserved 24576K
}
Event: 10.592 GC heap before
{Heap before GC invocations=5 (full 2):
 def new generation   total 629248K, used 535328K [0x00007fbcac600000, 0x00007fbcd70c0000, 0x00007fc201b50000)
  eden space 559360K,  95% used [0x00007fbcac600000, 0x00007fbccd0c7f38, 0x00007fbcce840000)
  from space 69888K,   0% used [0x00007fbcce840000, 0x00007fbcce840248, 0x00007fbcd2c80000)
  to   space 69888K,   0% used [0x00007fbcd2c80000, 0x00007fbcd2c80000, 0x00007fbcd70c0000)
 tenured generation   total 1398144K, used 1063292K [0x00007fc201b50000, 0x00007fc2570b0000, 0x00007fccac600000)
   the space 1398144K,  76% used [0x00007fc201b50000, 0x00007fc2429af318, 0x00007fc2429af400, 0x00007fc2570b0000)
 Metaspace       used 23079K, capacity 23456K, committed 23552K, reserved 24576K
}
Event: 10.787 GC heap after
{Heap after GC invocations=6 (full 2):
 def new generation   total 629248K, used 0K [0x00007fbcac600000, 0x00007fbcd70c0000, 0x00007fc201b50000)
  eden space 559360K,   0% used [0x00007fbcac600000, 0x00007fbcac600000, 0x00007fbcce840000)
  from space 69888K,   0% used [0x00007fbcd2c80000, 0x00007fbcd2c80250, 0x00007fbcd70c0000)
  to   space 69888K,   0% used [0x00007fbcce840000, 0x00007fbcce840000, 0x00007fbcd2c80000)
 tenured generation   total 1922436K, used 1587580K [0x00007fc201b50000, 0x00007fc2770b1000, 0x00007fccac600000)
   the space 1922436K,  82% used [0x00007fc201b50000, 0x00007fc2629af330, 0x00007fc2629af400, 0x00007fc2770b1000)
 Metaspace       used 23079K, capacity 23456K, committed 23552K, reserved 24576K
}
Event: 10.787 GC heap before
{Heap before GC invocations=6 (full 2):
 def new generation   total 629248K, used 0K [0x00007fbcac600000, 0x00007fbcd70c0000, 0x00007fc201b50000)
  eden space 559360K,   0% used [0x00007fbcac600000, 0x00007fbcac600000, 0x00007fbcce840000)
  from space 69888K,   0% used [0x00007fbcd2c80000, 0x00007fbcd2c80250, 0x00007fbcd70c0000)
  to   space 69888K,   0% used [0x00007fbcce840000, 0x00007fbcce840000, 0x00007fbcd2c80000)
 tenured generation   total 1922436K, used 1587580K [0x00007fc201b50000, 0x00007fc2770b1000, 0x00007fccac600000)
   the space 1922436K,  82% used [0x00007fc201b50000, 0x00007fc2629af330, 0x00007fc2629af400, 0x00007fc2770b1000)
 Metaspace       used 23079K, capacity 23456K, committed 23552K, reserved 24576K
}
Event: 10.969 GC heap after
{Heap after GC invocations=6 (full 3):
 def new generation   total 797568K, used 0K [0x00007fbcac600000, 0x00007fbce2760000, 0x00007fc201b50000)
  eden space 708992K,   0% used [0x00007fbcac600000, 0x00007fbcac600000, 0x00007fbcd7a60000)
  from space 88576K,   0% used [0x00007fbcd7a60000, 0x00007fbcd7a60000, 0x00007fbcdd0e0000)
  to   space 88576K,   0% used [0x00007fbcdd0e0000, 0x00007fbcdd0e0000, 0x00007fbce2760000)
 tenured generation   total 1772156K, used 1063293K [0x00007fc201b50000, 0x00007fc26ddef000, 0x00007fccac600000)
   the space 1772156K,  59% used [0x00007fc201b50000, 0x00007fc2429af568, 0x00007fc2429af600, 0x00007fc26ddef000)
 Metaspace       used 23079K, capacity 23456K, committed 23552K, reserved 24576K
}
Event: 11.558 GC heap before
{Heap before GC invocations=6 (full 3):
 def new generation   total 797568K, used 538244K [0x00007fbcac600000, 0x00007fbce2760000, 0x00007fc201b50000)
  eden space 708992K,  75% used [0x00007fbcac600000, 0x00007fbccd3a1060, 0x00007fbcd7a60000)
  from space 88576K,   0% used [0x00007fbcd7a60000, 0x00007fbcd7a60000, 0x00007fbcdd0e0000)
  to   space 88576K,   0% used [0x00007fbcdd0e0000, 0x00007fbcdd0e0000, 0x00007fbce2760000)
 tenured generation   total 1772156K, used 1063293K [0x00007fc201b50000, 0x00007fc26ddef000, 0x00007fccac600000)
   the space 1772156K,  59% used [0x00007fc201b50000, 0x00007fc2429af568, 0x00007fc2429af600, 0x00007fc26ddef000)
 Metaspace       used 23079K, capacity 23456K, committed 23552K, reserved 24576K
}
Event: 11.728 GC heap after
{Heap after GC invocations=7 (full 3):
 def new generation   total 797568K, used 0K [0x00007fbcac600000, 0x00007fbce2760000, 0x00007fc201b50000)
  eden space 708992K,   0% used [0x00007fbcac600000, 0x00007fbcac600000, 0x00007fbcd7a60000)
  from space 88576K,   0% used [0x00007fbcdd0e0000, 0x00007fbcdd0e02d8, 0x00007fbce2760000)
  to   space 88576K,   0% used [0x00007fbcd7a60000, 0x00007fbcd7a60000, 0x00007fbcdd0e0000)
 tenured generation   total 1772156K, used 1587581K [0x00007fc201b50000, 0x00007fc26ddef000, 0x00007fccac600000)
   the space 1772156K,  89% used [0x00007fc201b50000, 0x00007fc2629af598, 0x00007fc2629af600, 0x00007fc26ddef000)
 Metaspace       used 23079K, capacity 23456K, committed 23552K, reserved 24576K
}
Event: 12.153 GC heap before
{Heap before GC invocations=7 (full 3):
 def new generation   total 797568K, used 347300K [0x00007fbcac600000, 0x00007fbce2760000, 0x00007fc201b50000)
  eden space 708992K,  48% used [0x00007fbcac600000, 0x00007fbcc1928e60, 0x00007fbcd7a60000)
  from space 88576K,   0% used [0x00007fbcdd0e0000, 0x00007fbcdd0e02d8, 0x00007fbce2760000)
  to   space 88576K,   0% used [0x00007fbcd7a60000, 0x00007fbcd7a60000, 0x00007fbcdd0e0000)
 tenured generation   total 1772156K, used 1587581K [0x00007fc201b50000, 0x00007fc26ddef000, 0x00007fccac600000)
   the space 1772156K,  89% used [0x00007fc201b50000, 0x00007fc2629af598, 0x00007fc2629af600, 0x00007fc26ddef000)
 Metaspace       used 23083K, capacity 23458K, committed 23552K, reserved 24576K
}
Event: 12.166 GC heap after
{Heap after GC invocations=8 (full 3):
 def new generation   total 797568K, used 17619K [0x00007fbcac600000, 0x00007fbce2760000, 0x00007fc201b50000)
  eden space 708992K,   0% used [0x00007fbcac600000, 0x00007fbcac600000, 0x00007fbcd7a60000)
  from space 88576K,  19% used [0x00007fbcd7a60000, 0x00007fbcd8b94d28, 0x00007fbcdd0e0000)
  to   space 88576K,   0% used [0x00007fbcdd0e0000, 0x00007fbcdd0e0000, 0x00007fbce2760000)
 tenured generation   total 1772156K, used 1587581K [0x00007fc201b50000, 0x00007fc26ddef000, 0x00007fccac600000)
   the space 1772156K,  89% used [0x00007fc201b50000, 0x00007fc2629af598, 0x00007fc2629af600, 0x00007fc26ddef000)
 Metaspace       used 23083K, capacity 23458K, committed 23552K, reserved 24576K
}
Event: 12.166 GC heap before
{Heap before GC invocations=8 (full 3):
 def new generation   total 797568K, used 17619K [0x00007fbcac600000, 0x00007fbce2760000, 0x00007fc201b50000)
  eden space 708992K,   0% used [0x00007fbcac600000, 0x00007fbcac600000, 0x00007fbcd7a60000)
  from space 88576K,  19% used [0x00007fbcd7a60000, 0x00007fbcd8b94d28, 0x00007fbcdd0e0000)
  to   space 88576K,   0% used [0x00007fbcdd0e0000, 0x00007fbcdd0e0000, 0x00007fbce2760000)
 tenured generation   total 1772156K, used 1587581K [0x00007fc201b50000, 0x00007fc26ddef000, 0x00007fccac600000)
   the space 1772156K,  89% used [0x00007fc201b50000, 0x00007fc2629af598, 0x00007fc2629af600, 0x00007fc26ddef000)
 Metaspace       used 23083K, capacity 23458K, committed 23552K, reserved 24576K
}
Event: 12.211 GC heap after
{Heap after GC invocations=8 (full 4):
 def new generation   total 797568K, used 0K [0x00007fbcac600000, 0x00007fbce2760000, 0x00007fc201b50000)
  eden space 708992K,   0% used [0x00007fbcac600000, 0x00007fbcac600000, 0x00007fbcd7a60000)
  from space 88576K,   0% used [0x00007fbcd7a60000, 0x00007fbcd7a60000, 0x00007fbcdd0e0000)
  to   space 88576K,   0% used [0x00007fbcdd0e0000, 0x00007fbcdd0e0000, 0x00007fbce2760000)
 tenured generation   total 1772156K, used 10465K [0x00007fc201b50000, 0x00007fc26ddef000, 0x00007fccac600000)
   the space 1772156K,   0% used [0x00007fc201b50000, 0x00007fc202588610, 0x00007fc202588800, 0x00007fc26ddef000)
 Metaspace       used 23083K, capacity 23458K, committed 23552K, reserved 24576K
}
Event: 13.941 GC heap before
{Heap before GC invocations=8 (full 4):
 def new generation   total 797568K, used 538193K [0x00007fbcac600000, 0x00007fbce2760000, 0x00007fc201b50000)
  eden space 708992K,  75% used [0x00007fbcac600000, 0x00007fbccd3946f0, 0x00007fbcd7a60000)
  from space 88576K,   0% used [0x00007fbcd7a60000, 0x00007fbcd7a60000, 0x00007fbcdd0e0000)
  to   space 88576K,   0% used [0x00007fbcdd0e0000, 0x00007fbcdd0e0000, 0x00007fbce2760000)
 tenured generation   total 1772156K, used 1059041K [0x00007fc201b50000, 0x00007fc26ddef000, 0x00007fccac600000)
   the space 1772156K,  59% used [0x00007fc201b50000, 0x00007fc242588628, 0x00007fc242588800, 0x00007fc26ddef000)
 Metaspace       used 23083K, capacity 23458K, committed 23552K, reserved 24576K
}
Event: 14.096 GC heap after
{Heap after GC invocations=9 (full 4):
 def new generation   total 797568K, used 1K [0x00007fbcac600000, 0x00007fbce2760000, 0x00007fc201b50000)
  eden space 708992K,   0% used [0x00007fbcac600000, 0x00007fbcac600000, 0x00007fbcd7a60000)
  from space 88576K,   0% used [0x00007fbcdd0e0000, 0x00007fbcdd0e07f8, 0x00007fbce2760000)
  to   space 88576K,   0% used [0x00007fbcd7a60000, 0x00007fbcd7a60000, 0x00007fbcdd0e0000)
 tenured generation   total 1772156K, used 1583329K [0x00007fc201b50000, 0x00007fc26ddef000, 0x00007fccac600000)
   the space 1772156K,  89% used [0x00007fc201b50000, 0x00007fc262588640, 0x00007fc262588800, 0x00007fc26ddef000)
 Metaspace       used 23083K, capacity 23458K, committed 23552K, reserved 24576K
}
Event: 14.369 GC heap before
{Heap before GC invocations=9 (full 4):
 def new generation   total 797568K, used 538291K [0x00007fbcac600000, 0x00007fbce2760000, 0x00007fc201b50000)
  eden space 708992K,  75% used [0x00007fbcac600000, 0x00007fbccd3ac6e8, 0x00007fbcd7a60000)
  from space 88576K,   0% used [0x00007fbcdd0e0000, 0x00007fbcdd0e07f8, 0x00007fbce2760000)
  to   space 88576K,   0% used [0x00007fbcd7a60000, 0x00007fbcd7a60000, 0x00007fbcdd0e0000)
 tenured generation   total 1772156K, used 1583329K [0x00007fc201b50000, 0x00007fc26ddef000, 0x00007fccac600000)
   the space 1772156K,  89% used [0x00007fc201b50000, 0x00007fc262588640, 0x00007fc262588800, 0x00007fc26ddef000)
 Metaspace       used 23083K, capacity 23458K, committed 23552K, reserved 24576K
}
Event: 14.746 GC heap after
{Heap after GC invocations=10 (full 4):
 def new generation   total 797568K, used 2K [0x00007fbcac600000, 0x00007fbce2760000, 0x00007fc201b50000)
  eden space 708992K,   0% used [0x00007fbcac600000, 0x00007fbcac600000, 0x00007fbcd7a60000)
  from space 88576K,   0% used [0x00007fbcd7a60000, 0x00007fbcd7a60a70, 0x00007fbcdd0e0000)
  to   space 88576K,   0% used [0x00007fbcdd0e0000, 0x00007fbcdd0e0000, 0x00007fbce2760000)
 tenured generation   total 2296448K, used 2107617K [0x00007fc201b50000, 0x00007fc28ddf0000, 0x00007fccac600000)
   the space 2296448K,  91% used [0x00007fc201b50000, 0x00007fc282588658, 0x00007fc282588800, 0x00007fc28ddf0000)
 Metaspace       used 23083K, capacity 23458K, committed 23552K, reserved 24576K
}
Event: 14.746 GC heap before
{Heap before GC invocations=10 (full 4):
 def new generation   total 797568K, used 2K [0x00007fbcac600000, 0x00007fbce2760000, 0x00007fc201b50000)
  eden space 708992K,   0% used [0x00007fbcac600000, 0x00007fbcac600000, 0x00007fbcd7a60000)
  from space 88576K,   0% used [0x00007fbcd7a60000, 0x00007fbcd7a60a70, 0x00007fbcdd0e0000)
  to   space 88576K,   0% used [0x00007fbcdd0e0000, 0x00007fbcdd0e0000, 0x00007fbce2760000)
 tenured generation   total 2296448K, used 2107617K [0x00007fc201b50000, 0x00007fc28ddf0000, 0x00007fccac600000)
   the space 2296448K,  91% used [0x00007fc201b50000, 0x00007fc282588658, 0x00007fc282588800, 0x00007fc28ddf0000)
 Metaspace       used 23083K, capacity 23458K, committed 23552K, reserved 24576K
}
Event: 15.188 GC heap after
{Heap after GC invocations=10 (full 5):
 def new generation   total 797568K, used 0K [0x00007fbcac600000, 0x00007fbce2760000, 0x00007fc201b50000)
  eden space 708992K,   0% used [0x00007fbcac600000, 0x00007fbcac600000, 0x00007fbcd7a60000)
  from space 88576K,   0% used [0x00007fbcd7a60000, 0x00007fbcd7a60000, 0x00007fbcdd0e0000)
  to   space 88576K,   0% used [0x00007fbcdd0e0000, 0x00007fbcdd0e0000, 0x00007fbce2760000)
 tenured generation   total 1772156K, used 1059044K [0x00007fc201b50000, 0x00007fc26ddef000, 0x00007fccac600000)
   the space 1772156K,  59% used [0x00007fc201b50000, 0x00007fc2425890b0, 0x00007fc242589200, 0x00007fc26ddef000)
 Metaspace       used 23083K, capacity 23458K, committed 23552K, reserved 24576K
}

