# JRE version: OpenJDK Runtime Environment (13.0.7+5) (build 13.0.7+5-Ubuntu-0ubuntu120.04)
# Java VM: OpenJDK 64-Bit Server VM (13.0.7+5-Ubuntu-0ubuntu120.04, mixed mode, tiered, serial gc, linux-amd64)
Heap:
 def new generation   total 4267776K, used 0K [0x00007ef77c600000, 0x00007ef89dcd0000, 0x00007f02270a0000)
  eden space 3793600K,   0% used [0x00007ef77c600000, 0x00007ef77c600000, 0x00007ef863eb0000)
  from space 474176K,   0% used [0x00007ef863eb0000, 0x00007ef863eb0000, 0x00007ef880dc0000)
  to   space 474176K,   0% used [0x00007ef880dc0000, 0x00007ef880dc0000, 0x00007ef89dcd0000)
 tenured generation   total 9500268K, used 9455182K [0x00007f02270a0000, 0x00007f046ae3b000, 0x00007f177c600000)
   the space 9500268K,  99% used [0x00007f02270a0000, 0x00007f0468233930, 0x00007f0468233a00, 0x00007f046ae3b000)
 Metaspace       used 24291K, capacity 24696K, committed 24832K, reserved 26624K
GC Heap History (20 events):
Event: 1091.693 GC heap after
{Heap after GC invocations=1617 (full 7):
 def new generation   total 4267776K, used 212769K [0x00007ef77c600000, 0x00007ef89dcd0000, 0x00007f02270a0000)
  eden space 3793600K,   0% used [0x00007ef77c600000, 0x00007ef77c600000, 0x00007ef863eb0000)
  from space 474176K,  44% used [0x00007ef880dc0000, 0x00007ef88dd88570, 0x00007ef89dcd0000)
  to   space 474176K,   0% used [0x00007ef863eb0000, 0x00007ef863eb0000, 0x00007ef880dc0000)
 tenured generation   total 9483880K, used 9378569K [0x00007f02270a0000, 0x00007f0469e3a000, 0x00007f177c600000)
   the space 9483880K,  98% used [0x00007f02270a0000, 0x00007f0463762430, 0x00007f0463762600, 0x00007f0469e3a000)
 Metaspace       used 24291K, capacity 24696K, committed 24832K, reserved 26624K
}
Event: 1093.458 GC heap before
{Heap before GC invocations=1617 (full 7):
 def new generation   total 4267776K, used 4006369K [0x00007ef77c600000, 0x00007ef89dcd0000, 0x00007f02270a0000)
  eden space 3793600K, 100% used [0x00007ef77c600000, 0x00007ef863eb0000, 0x00007ef863eb0000)
  from space 474176K,  44% used [0x00007ef880dc0000, 0x00007ef88dd88570, 0x00007ef89dcd0000)
  to   space 474176K,   0% used [0x00007ef863eb0000, 0x00007ef863eb0000, 0x00007ef880dc0000)
 tenured generation   total 9483880K, used 9378569K [0x00007f02270a0000, 0x00007f0469e3a000, 0x00007f177c600000)
   the space 9483880K,  98% used [0x00007f02270a0000, 0x00007f0463762430, 0x00007f0463762600, 0x00007f0469e3a000)
 Metaspace       used 24291K, capacity 24696K, committed 24832K, reserved 26624K
}
Event: 1093.509 GC heap after
{Heap after GC invocations=1618 (full 7):
 def new generation   total 4267776K, used 205571K [0x00007ef77c600000, 0x00007ef89dcd0000, 0x00007f02270a0000)
  eden space 3793600K,   0% used [0x00007ef77c600000, 0x00007ef77c600000, 0x00007ef863eb0000)
  from space 474176K,  43% used [0x00007ef863eb0000, 0x00007ef870770d98, 0x00007ef880dc0000)
  to   space 474176K,   0% used [0x00007ef880dc0000, 0x00007ef880dc0000, 0x00007ef89dcd0000)
 tenured generation   total 9483880K, used 9395528K [0x00007f02270a0000, 0x00007f0469e3a000, 0x00007f177c600000)
   the space 9483880K,  99% used [0x00007f02270a0000, 0x00007f04647f21d8, 0x00007f04647f2200, 0x00007f0469e3a000)
 Metaspace       used 24291K, capacity 24696K, committed 24832K, reserved 26624K
}
Event: 1095.228 GC heap before
{Heap before GC invocations=1618 (full 7):
 def new generation   total 4267776K, used 3999171K [0x00007ef77c600000, 0x00007ef89dcd0000, 0x00007f02270a0000)
  eden space 3793600K, 100% used [0x00007ef77c600000, 0x00007ef863eb0000, 0x00007ef863eb0000)
  from space 474176K,  43% used [0x00007ef863eb0000, 0x00007ef870770d98, 0x00007ef880dc0000)
  to   space 474176K,   0% used [0x00007ef880dc0000, 0x00007ef880dc0000, 0x00007ef89dcd0000)
 tenured generation   total 9483880K, used 9395528K [0x00007f02270a0000, 0x00007f0469e3a000, 0x00007f177c600000)
   the space 9483880K,  99% used [0x00007f02270a0000, 0x00007f04647f21d8, 0x00007f04647f2200, 0x00007f0469e3a000)
 Metaspace       used 24291K, capacity 24696K, committed 24832K, reserved 26624K
}
Event: 1095.281 GC heap after
{Heap after GC invocations=1619 (full 7):
 def new generation   total 4267776K, used 220961K [0x00007ef77c600000, 0x00007ef89dcd0000, 0x00007f02270a0000)
  eden space 3793600K,   0% used [0x00007ef77c600000, 0x00007ef77c600000, 0x00007ef863eb0000)
  from space 474176K,  46% used [0x00007ef880dc0000, 0x00007ef88e588788, 0x00007ef89dcd0000)
  to   space 474176K,   0% used [0x00007ef863eb0000, 0x00007ef863eb0000, 0x00007ef880dc0000)
 tenured generation   total 9483880K, used 9395528K [0x00007f02270a0000, 0x00007f0469e3a000, 0x00007f177c600000)
   the space 9483880K,  99% used [0x00007f02270a0000, 0x00007f04647f21d8, 0x00007f04647f2200, 0x00007f0469e3a000)
 Metaspace       used 24291K, capacity 24696K, committed 24832K, reserved 26624K
}
Event: 1096.981 GC heap before
{Heap before GC invocations=1619 (full 7):
 def new generation   total 4267776K, used 4014561K [0x00007ef77c600000, 0x00007ef89dcd0000, 0x00007f02270a0000)
  eden space 3793600K, 100% used [0x00007ef77c600000, 0x00007ef863eb0000, 0x00007ef863eb0000)
  from space 474176K,  46% used [0x00007ef880dc0000, 0x00007ef88e588788, 0x00007ef89dcd0000)
  to   space 474176K,   0% used [0x00007ef863eb0000, 0x00007ef863eb0000, 0x00007ef880dc0000)
 tenured generation   total 9483880K, used 9395528K [0x00007f02270a0000, 0x00007f0469e3a000, 0x00007f177c600000)
   the space 9483880K,  99% used [0x00007f02270a0000, 0x00007f04647f21d8, 0x00007f04647f2200, 0x00007f0469e3a000)
 Metaspace       used 24291K, capacity 24696K, committed 24832K, reserved 26624K
}
Event: 1097.041 GC heap after
{Heap after GC invocations=1620 (full 7):
 def new generation   total 4267776K, used 233816K [0x00007ef77c600000, 0x00007ef89dcd0000, 0x00007f02270a0000)
  eden space 3793600K,   0% used [0x00007ef77c600000, 0x00007ef77c600000, 0x00007ef863eb0000)
  from space 474176K,  49% used [0x00007ef863eb0000, 0x00007ef872306190, 0x00007ef880dc0000)
  to   space 474176K,   0% used [0x00007ef880dc0000, 0x00007ef880dc0000, 0x00007ef89dcd0000)
 tenured generation   total 9483880K, used 9412487K [0x00007f02270a0000, 0x00007f0469e3a000, 0x00007f177c600000)
   the space 9483880K,  99% used [0x00007f02270a0000, 0x00007f0465881de0, 0x00007f0465881e00, 0x00007f0469e3a000)
 Metaspace       used 24291K, capacity 24696K, committed 24832K, reserved 26624K
}
Event: 1098.759 GC heap before
{Heap before GC invocations=1620 (full 7):
 def new generation   total 4267776K, used 4027416K [0x00007ef77c600000, 0x00007ef89dcd0000, 0x00007f02270a0000)
  eden space 3793600K, 100% used [0x00007ef77c600000, 0x00007ef863eb0000, 0x00007ef863eb0000)
  from space 474176K,  49% used [0x00007ef863eb0000, 0x00007ef872306190, 0x00007ef880dc0000)
  to   space 474176K,   0% used [0x00007ef880dc0000, 0x00007ef880dc0000, 0x00007ef89dcd0000)
 tenured generation   total 9483880K, used 9412487K [0x00007f02270a0000, 0x00007f0469e3a000, 0x00007f177c600000)
   the space 9483880K,  99% used [0x00007f02270a0000, 0x00007f0465881de0, 0x00007f0465881e00, 0x00007f0469e3a000)
 Metaspace       used 24291K, capacity 24696K, committed 24832K, reserved 26624K
}
Event: 1098.821 GC heap after
{Heap after GC invocations=1621 (full 7):
 def new generation   total 4267776K, used 210199K [0x00007ef77c600000, 0x00007ef89dcd0000, 0x00007f02270a0000)
  eden space 3793600K,   0% used [0x00007ef77c600000, 0x00007ef77c600000, 0x00007ef863eb0000)
  from space 474176K,  44% used [0x00007ef880dc0000, 0x00007ef88db05d20, 0x00007ef89dcd0000)
  to   space 474176K,   0% used [0x00007ef863eb0000, 0x00007ef863eb0000, 0x00007ef880dc0000)
 tenured generation   total 9483880K, used 9429446K [0x00007f02270a0000, 0x00007f0469e3a000, 0x00007f177c600000)
   the space 9483880K,  99% used [0x00007f02270a0000, 0x00007f04669119e8, 0x00007f0466911a00, 0x00007f0469e3a000)
 Metaspace       used 24291K, capacity 24696K, committed 24832K, reserved 26624K
}
Event: 1100.596 GC heap before
{Heap before GC invocations=1621 (full 7):
 def new generation   total 4267776K, used 4001133K [0x00007ef77c600000, 0x00007ef89dcd0000, 0x00007f02270a0000)
  eden space 3793600K,  99% used [0x00007ef77c600000, 0x00007ef863c157c0, 0x00007ef863eb0000)
  from space 474176K,  44% used [0x00007ef880dc0000, 0x00007ef88db05d20, 0x00007ef89dcd0000)
  to   space 474176K,   0% used [0x00007ef863eb0000, 0x00007ef863eb0000, 0x00007ef880dc0000)
 tenured generation   total 9483880K, used 9429446K [0x00007f02270a0000, 0x00007f0469e3a000, 0x00007f177c600000)
   the space 9483880K,  99% used [0x00007f02270a0000, 0x00007f04669119e8, 0x00007f0466911a00, 0x00007f0469e3a000)
 Metaspace       used 24291K, capacity 24696K, committed 24832K, reserved 26624K
}
Event: 1100.655 GC heap after
{Heap after GC invocations=1622 (full 7):
 def new generation   total 4267776K, used 213284K [0x00007ef77c600000, 0x00007ef89dcd0000, 0x00007f02270a0000)
  eden space 3793600K,   0% used [0x00007ef77c600000, 0x00007ef77c600000, 0x00007ef863eb0000)
  from space 474176K,  44% used [0x00007ef863eb0000, 0x00007ef870ef92e0, 0x00007ef880dc0000)
  to   space 474176K,   0% used [0x00007ef880dc0000, 0x00007ef880dc0000, 0x00007ef89dcd0000)
 tenured generation   total 9483880K, used 9446405K [0x00007f02270a0000, 0x00007f0469e3a000, 0x00007f177c600000)
   the space 9483880K,  99% used [0x00007f02270a0000, 0x00007f04679a15f0, 0x00007f04679a1600, 0x00007f0469e3a000)
 Metaspace       used 24291K, capacity 24696K, committed 24832K, reserved 26624K
}
Event: 1102.425 GC heap before
{Heap before GC invocations=1622 (full 7):
 def new generation   total 4267776K, used 4006884K [0x00007ef77c600000, 0x00007ef89dcd0000, 0x00007f02270a0000)
  eden space 3793600K, 100% used [0x00007ef77c600000, 0x00007ef863eb0000, 0x00007ef863eb0000)
  from space 474176K,  44% used [0x00007ef863eb0000, 0x00007ef870ef92e0, 0x00007ef880dc0000)
  to   space 474176K,   0% used [0x00007ef880dc0000, 0x00007ef880dc0000, 0x00007ef89dcd0000)
 tenured generation   total 9483880K, used 9446405K [0x00007f02270a0000, 0x00007f0469e3a000, 0x00007f177c600000)
   the space 9483880K,  99% used [0x00007f02270a0000, 0x00007f04679a15f0, 0x00007f04679a1600, 0x00007f0469e3a000)
 Metaspace       used 24291K, capacity 24696K, committed 24832K, reserved 26624K
}
Event: 1102.471 GC heap after
{Heap after GC invocations=1623 (full 7):
 def new generation   total 4267776K, used 220449K [0x00007ef77c600000, 0x00007ef89dcd0000, 0x00007f02270a0000)
  eden space 3793600K,   0% used [0x00007ef77c600000, 0x00007ef77c600000, 0x00007ef863eb0000)
  from space 474176K,  46% used [0x00007ef880dc0000, 0x00007ef88e508748, 0x00007ef89dcd0000)
  to   space 474176K,   0% used [0x00007ef863eb0000, 0x00007ef863eb0000, 0x00007ef880dc0000)
 tenured generation   total 9483880K, used 9446405K [0x00007f02270a0000, 0x00007f0469e3a000, 0x00007f177c600000)
   the space 9483880K,  99% used [0x00007f02270a0000, 0x00007f04679a15f0, 0x00007f04679a1600, 0x00007f0469e3a000)
 Metaspace       used 24291K, capacity 24696K, committed 24832K, reserved 26624K
}
Event: 1104.117 GC heap before
{Heap before GC invocations=1623 (full 7):
 def new generation   total 4267776K, used 4014049K [0x00007ef77c600000, 0x00007ef89dcd0000, 0x00007f02270a0000)
  eden space 3793600K, 100% used [0x00007ef77c600000, 0x00007ef863eb0000, 0x00007ef863eb0000)
  from space 474176K,  46% used [0x00007ef880dc0000, 0x00007ef88e508748, 0x00007ef89dcd0000)
  to   space 474176K,   0% used [0x00007ef863eb0000, 0x00007ef863eb0000, 0x00007ef880dc0000)
 tenured generation   total 9483880K, used 9446405K [0x00007f02270a0000, 0x00007f0469e3a000, 0x00007f177c600000)
   the space 9483880K,  99% used [0x00007f02270a0000, 0x00007f04679a15f0, 0x00007f04679a1600, 0x00007f0469e3a000)
 Metaspace       used 24291K, capacity 24696K, committed 24832K, reserved 26624K
}
Event: 1104.182 GC heap after
{Heap after GC invocations=1624 (full 7):
 def new generation   total 4267776K, used 215328K [0x00007ef77c600000, 0x00007ef89dcd0000, 0x00007f02270a0000)
  eden space 3793600K,   0% used [0x00007ef77c600000, 0x00007ef77c600000, 0x00007ef863eb0000)
  from space 474176K,  45% used [0x00007ef863eb0000, 0x00007ef8710f8368, 0x00007ef880dc0000)
  to   space 474176K,   0% used [0x00007ef880dc0000, 0x00007ef880dc0000, 0x00007ef89dcd0000)
 tenured generation   total 9483880K, used 9463364K [0x00007f02270a0000, 0x00007f0469e3a000, 0x00007f177c600000)
   the space 9483880K,  99% used [0x00007f02270a0000, 0x00007f0468a311f8, 0x00007f0468a31200, 0x00007f0469e3a000)
 Metaspace       used 24291K, capacity 24696K, committed 24832K, reserved 26624K
}
Event: 1105.854 GC heap before
{Heap before GC invocations=1624 (full 7):
 def new generation   total 4267776K, used 4008928K [0x00007ef77c600000, 0x00007ef89dcd0000, 0x00007f02270a0000)
  eden space 3793600K, 100% used [0x00007ef77c600000, 0x00007ef863eb0000, 0x00007ef863eb0000)
  from space 474176K,  45% used [0x00007ef863eb0000, 0x00007ef8710f8368, 0x00007ef880dc0000)
  to   space 474176K,   0% used [0x00007ef880dc0000, 0x00007ef880dc0000, 0x00007ef89dcd0000)
 tenured generation   total 9483880K, used 9463364K [0x00007f02270a0000, 0x00007f0469e3a000, 0x00007f177c600000)
   the space 9483880K,  99% used [0x00007f02270a0000, 0x00007f0468a311f8, 0x00007f0468a31200, 0x00007f0469e3a000)
 Metaspace       used 24291K, capacity 24696K, committed 24832K, reserved 26624K
}
Event: 1105.909 GC heap after
{Heap after GC invocations=1625 (full 7):
 def new generation   total 4267776K, used 207631K [0x00007ef77c600000, 0x00007ef89dcd0000, 0x00007f02270a0000)
  eden space 3793600K,   0% used [0x00007ef77c600000, 0x00007ef77c600000, 0x00007ef863eb0000)
  from space 474176K,  43% used [0x00007ef880dc0000, 0x00007ef88d883e80, 0x00007ef89dcd0000)
  to   space 474176K,   0% used [0x00007ef863eb0000, 0x00007ef863eb0000, 0x00007ef880dc0000)
 tenured generation   total 9483880K, used 9480323K [0x00007f02270a0000, 0x00007f0469e3a000, 0x00007f177c600000)
   the space 9483880K,  99% used [0x00007f02270a0000, 0x00007f0469ac0e00, 0x00007f0469ac0e00, 0x00007f0469e3a000)
 Metaspace       used 24291K, capacity 24696K, committed 24832K, reserved 26624K
}
Event: 1107.710 GC heap before
{Heap before GC invocations=1625 (full 7):
 def new generation   total 4267776K, used 4001231K [0x00007ef77c600000, 0x00007ef89dcd0000, 0x00007f02270a0000)
  eden space 3793600K, 100% used [0x00007ef77c600000, 0x00007ef863eb0000, 0x00007ef863eb0000)
  from space 474176K,  43% used [0x00007ef880dc0000, 0x00007ef88d883e80, 0x00007ef89dcd0000)
  to   space 474176K,   0% used [0x00007ef863eb0000, 0x00007ef863eb0000, 0x00007ef880dc0000)
 tenured generation   total 9483880K, used 9480323K [0x00007f02270a0000, 0x00007f0469e3a000, 0x00007f177c600000)
   the space 9483880K,  99% used [0x00007f02270a0000, 0x00007f0469ac0e00, 0x00007f0469ac0e00, 0x00007f0469e3a000)
 Metaspace       used 24291K, capacity 24696K, committed 24832K, reserved 26624K
}
Event: 1107.763 GC heap after
{Heap after GC invocations=1626 (full 7):
 def new generation   total 4267776K, used 204003K [0x00007ef77c600000, 0x00007ef89dcd0000, 0x00007f02270a0000)
  eden space 3793600K,   0% used [0x00007ef77c600000, 0x00007ef77c600000, 0x00007ef863eb0000)
  from space 474176K,  43% used [0x00007ef863eb0000, 0x00007ef8705e8de0, 0x00007ef880dc0000)
  to   space 474176K,   0% used [0x00007ef880dc0000, 0x00007ef880dc0000, 0x00007ef89dcd0000)
 tenured generation   total 9500268K, used 9497282K [0x00007f02270a0000, 0x00007f046ae3b000, 0x00007f177c600000)
   the space 9500268K,  99% used [0x00007f02270a0000, 0x00007f046ab50a08, 0x00007f046ab50c00, 0x00007f046ae3b000)
 Metaspace       used 24291K, capacity 24696K, committed 24832K, reserved 26624K
}
Event: 1107.763 GC heap before
{Heap before GC invocations=1626 (full 7):
 def new generation   total 4267776K, used 204003K [0x00007ef77c600000, 0x00007ef89dcd0000, 0x00007f02270a0000)
  eden space 3793600K,   0% used [0x00007ef77c600000, 0x00007ef77c600000, 0x00007ef863eb0000)
  from space 474176K,  43% used [0x00007ef863eb0000, 0x00007ef8705e8de0, 0x00007ef880dc0000)
  to   space 474176K,   0% used [0x00007ef880dc0000, 0x00007ef880dc0000, 0x00007ef89dcd0000)
 tenured generation   total 9500268K, used 9497282K [0x00007f02270a0000, 0x00007f046ae3b000, 0x00007f177c600000)
   the space 9500268K,  99% used [0x00007f02270a0000, 0x00007f046ab50a08, 0x00007f046ab50c00, 0x00007f046ae3b000)
 Metaspace       used 24291K, capacity 24696K, committed 24832K, reserved 26624K
}

