# JRE version: OpenJDK Runtime Environment (13.0.7+5) (build 13.0.7+5-Ubuntu-0ubuntu120.04)
# Java VM: OpenJDK 64-Bit Server VM (13.0.7+5-Ubuntu-0ubuntu120.04, mixed mode, tiered, serial gc, linux-amd64)
Heap:
 def new generation   total 1048832K, used 7987K [0x00007fdc08600000, 0x00007fdc4f800000, 0x00007fe15db50000)
  eden space 932352K,   0% used [0x00007fdc08600000, 0x00007fdc08dccec8, 0x00007fdc41480000)
  from space 116480K,   0% used [0x00007fdc48640000, 0x00007fdc48640000, 0x00007fdc4f800000)
  to   space 116480K,   0% used [0x00007fdc41480000, 0x00007fdc41480000, 0x00007fdc48640000)
 tenured generation   total 2331132K, used 2331132K [0x00007fe15db50000, 0x00007fe1ebfcf000, 0x00007fec08600000)
   the space 2331132K, 100% used [0x00007fe15db50000, 0x00007fe1ebfcf000, 0x00007fe1ebfcf000, 0x00007fe1ebfcf000)
 Metaspace       used 24191K, capacity 24572K, committed 24832K, reserved 26624K
GC Heap History (20 events):
Event: 4131.787 GC heap after
{Heap after GC invocations=6002 (full 2):
 def new generation   total 1048832K, used 8138K [0x00007fdc08600000, 0x00007fdc4f800000, 0x00007fe15db50000)
  eden space 932352K,   0% used [0x00007fdc08600000, 0x00007fdc08600000, 0x00007fdc41480000)
  from space 116480K,   6% used [0x00007fdc41480000, 0x00007fdc41c72a18, 0x00007fdc48640000)
  to   space 116480K,   0% used [0x00007fdc48640000, 0x00007fdc48640000, 0x00007fdc4f800000)
 tenured generation   total 2330556K, used 2326149K [0x00007fe15db50000, 0x00007fe1ebf3f000, 0x00007fec08600000)
   the space 2330556K,  99% used [0x00007fe15db50000, 0x00007fe1ebaf17e0, 0x00007fe1ebaf1800, 0x00007fe1ebf3f000)
 Metaspace       used 24191K, capacity 24572K, committed 24832K, reserved 26624K
}
Event: 4132.746 GC heap before
{Heap before GC invocations=6002 (full 2):
 def new generation   total 1048832K, used 940490K [0x00007fdc08600000, 0x00007fdc4f800000, 0x00007fe15db50000)
  eden space 932352K, 100% used [0x00007fdc08600000, 0x00007fdc41480000, 0x00007fdc41480000)
  from space 116480K,   6% used [0x00007fdc41480000, 0x00007fdc41c72a18, 0x00007fdc48640000)
  to   space 116480K,   0% used [0x00007fdc48640000, 0x00007fdc48640000, 0x00007fdc4f800000)
 tenured generation   total 2330556K, used 2326149K [0x00007fe15db50000, 0x00007fe1ebf3f000, 0x00007fec08600000)
   the space 2330556K,  99% used [0x00007fe15db50000, 0x00007fe1ebaf17e0, 0x00007fe1ebaf1800, 0x00007fe1ebf3f000)
 Metaspace       used 24191K, capacity 24572K, committed 24832K, reserved 26624K
}
Event: 4132.764 GC heap after
{Heap after GC invocations=6003 (full 2):
 def new generation   total 1048832K, used 8116K [0x00007fdc08600000, 0x00007fdc4f800000, 0x00007fe15db50000)
  eden space 932352K,   0% used [0x00007fdc08600000, 0x00007fdc08600000, 0x00007fdc41480000)
  from space 116480K,   6% used [0x00007fdc48640000, 0x00007fdc48e2d270, 0x00007fdc4f800000)
  to   space 116480K,   0% used [0x00007fdc41480000, 0x00007fdc41480000, 0x00007fdc48640000)
 tenured generation   total 2330556K, used 2326712K [0x00007fe15db50000, 0x00007fe1ebf3f000, 0x00007fec08600000)
   the space 2330556K,  99% used [0x00007fe15db50000, 0x00007fe1ebb7e138, 0x00007fe1ebb7e200, 0x00007fe1ebf3f000)
 Metaspace       used 24191K, capacity 24572K, committed 24832K, reserved 26624K
}
Event: 4133.732 GC heap before
{Heap before GC invocations=6003 (full 2):
 def new generation   total 1048832K, used 940468K [0x00007fdc08600000, 0x00007fdc4f800000, 0x00007fe15db50000)
  eden space 932352K, 100% used [0x00007fdc08600000, 0x00007fdc41480000, 0x00007fdc41480000)
  from space 116480K,   6% used [0x00007fdc48640000, 0x00007fdc48e2d270, 0x00007fdc4f800000)
  to   space 116480K,   0% used [0x00007fdc41480000, 0x00007fdc41480000, 0x00007fdc48640000)
 tenured generation   total 2330556K, used 2326712K [0x00007fe15db50000, 0x00007fe1ebf3f000, 0x00007fec08600000)
   the space 2330556K,  99% used [0x00007fe15db50000, 0x00007fe1ebb7e138, 0x00007fe1ebb7e200, 0x00007fe1ebf3f000)
 Metaspace       used 24191K, capacity 24572K, committed 24832K, reserved 26624K
}
Event: 4133.754 GC heap after
{Heap after GC invocations=6004 (full 2):
 def new generation   total 1048832K, used 8127K [0x00007fdc08600000, 0x00007fdc4f800000, 0x00007fe15db50000)
  eden space 932352K,   0% used [0x00007fdc08600000, 0x00007fdc08600000, 0x00007fdc41480000)
  from space 116480K,   6% used [0x00007fdc41480000, 0x00007fdc41c6fde8, 0x00007fdc48640000)
  to   space 116480K,   0% used [0x00007fdc48640000, 0x00007fdc48640000, 0x00007fdc4f800000)
 tenured generation   total 2330556K, used 2327251K [0x00007fe15db50000, 0x00007fe1ebf3f000, 0x00007fec08600000)
   the space 2330556K,  99% used [0x00007fe15db50000, 0x00007fe1ebc04c58, 0x00007fe1ebc04e00, 0x00007fe1ebf3f000)
 Metaspace       used 24191K, capacity 24572K, committed 24832K, reserved 26624K
}
Event: 4134.713 GC heap before
{Heap before GC invocations=6004 (full 2):
 def new generation   total 1048832K, used 940479K [0x00007fdc08600000, 0x00007fdc4f800000, 0x00007fe15db50000)
  eden space 932352K, 100% used [0x00007fdc08600000, 0x00007fdc41480000, 0x00007fdc41480000)
  from space 116480K,   6% used [0x00007fdc41480000, 0x00007fdc41c6fde8, 0x00007fdc48640000)
  to   space 116480K,   0% used [0x00007fdc48640000, 0x00007fdc48640000, 0x00007fdc4f800000)
 tenured generation   total 2330556K, used 2327251K [0x00007fe15db50000, 0x00007fe1ebf3f000, 0x00007fec08600000)
   the space 2330556K,  99% used [0x00007fe15db50000, 0x00007fe1ebc04c58, 0x00007fe1ebc04e00, 0x00007fe1ebf3f000)
 Metaspace       used 24191K, capacity 24572K, committed 24832K, reserved 26624K
}
Event: 4134.730 GC heap after
{Heap after GC invocations=6005 (full 2):
 def new generation   total 1048832K, used 8128K [0x00007fdc08600000, 0x00007fdc4f800000, 0x00007fe15db50000)
  eden space 932352K,   0% used [0x00007fdc08600000, 0x00007fdc08600000, 0x00007fdc41480000)
  from space 116480K,   6% used [0x00007fdc48640000, 0x00007fdc48e300d0, 0x00007fdc4f800000)
  to   space 116480K,   0% used [0x00007fdc41480000, 0x00007fdc41480000, 0x00007fdc48640000)
 tenured generation   total 2330556K, used 2327789K [0x00007fe15db50000, 0x00007fe1ebf3f000, 0x00007fec08600000)
   the space 2330556K,  99% used [0x00007fe15db50000, 0x00007fe1ebc8b778, 0x00007fe1ebc8b800, 0x00007fe1ebf3f000)
 Metaspace       used 24191K, capacity 24572K, committed 24832K, reserved 26624K
}
Event: 4135.690 GC heap before
{Heap before GC invocations=6005 (full 2):
 def new generation   total 1048832K, used 940480K [0x00007fdc08600000, 0x00007fdc4f800000, 0x00007fe15db50000)
  eden space 932352K, 100% used [0x00007fdc08600000, 0x00007fdc41480000, 0x00007fdc41480000)
  from space 116480K,   6% used [0x00007fdc48640000, 0x00007fdc48e300d0, 0x00007fdc4f800000)
  to   space 116480K,   0% used [0x00007fdc41480000, 0x00007fdc41480000, 0x00007fdc48640000)
 tenured generation   total 2330556K, used 2327789K [0x00007fe15db50000, 0x00007fe1ebf3f000, 0x00007fec08600000)
   the space 2330556K,  99% used [0x00007fe15db50000, 0x00007fe1ebc8b778, 0x00007fe1ebc8b800, 0x00007fe1ebf3f000)
 Metaspace       used 24191K, capacity 24572K, committed 24832K, reserved 26624K
}
Event: 4135.717 GC heap after
{Heap after GC invocations=6006 (full 2):
 def new generation   total 1048832K, used 8136K [0x00007fdc08600000, 0x00007fdc4f800000, 0x00007fe15db50000)
  eden space 932352K,   0% used [0x00007fdc08600000, 0x00007fdc08600000, 0x00007fdc41480000)
  from space 116480K,   6% used [0x00007fdc41480000, 0x00007fdc41c720a8, 0x00007fdc48640000)
  to   space 116480K,   0% used [0x00007fdc48640000, 0x00007fdc48640000, 0x00007fdc4f800000)
 tenured generation   total 2330556K, used 2328328K [0x00007fe15db50000, 0x00007fe1ebf3f000, 0x00007fec08600000)
   the space 2330556K,  99% used [0x00007fe15db50000, 0x00007fe1ebd12298, 0x00007fe1ebd12400, 0x00007fe1ebf3f000)
 Metaspace       used 24191K, capacity 24572K, committed 24832K, reserved 26624K
}
Event: 4136.689 GC heap before
{Heap before GC invocations=6006 (full 2):
 def new generation   total 1048832K, used 940488K [0x00007fdc08600000, 0x00007fdc4f800000, 0x00007fe15db50000)
  eden space 932352K, 100% used [0x00007fdc08600000, 0x00007fdc41480000, 0x00007fdc41480000)
  from space 116480K,   6% used [0x00007fdc41480000, 0x00007fdc41c720a8, 0x00007fdc48640000)
  to   space 116480K,   0% used [0x00007fdc48640000, 0x00007fdc48640000, 0x00007fdc4f800000)
 tenured generation   total 2330556K, used 2328328K [0x00007fe15db50000, 0x00007fe1ebf3f000, 0x00007fec08600000)
   the space 2330556K,  99% used [0x00007fe15db50000, 0x00007fe1ebd12298, 0x00007fe1ebd12400, 0x00007fe1ebf3f000)
 Metaspace       used 24191K, capacity 24572K, committed 24832K, reserved 26624K
}
Event: 4136.704 GC heap after
{Heap after GC invocations=6007 (full 2):
 def new generation   total 1048832K, used 8138K [0x00007fdc08600000, 0x00007fdc4f800000, 0x00007fe15db50000)
  eden space 932352K,   0% used [0x00007fdc08600000, 0x00007fdc08600000, 0x00007fdc41480000)
  from space 116480K,   6% used [0x00007fdc48640000, 0x00007fdc48e32aa8, 0x00007fdc4f800000)
  to   space 116480K,   0% used [0x00007fdc41480000, 0x00007fdc41480000, 0x00007fdc48640000)
 tenured generation   total 2330556K, used 2328867K [0x00007fe15db50000, 0x00007fe1ebf3f000, 0x00007fec08600000)
   the space 2330556K,  99% used [0x00007fe15db50000, 0x00007fe1ebd98db8, 0x00007fe1ebd98e00, 0x00007fe1ebf3f000)
 Metaspace       used 24191K, capacity 24572K, committed 24832K, reserved 26624K
}
Event: 4137.666 GC heap before
{Heap before GC invocations=6007 (full 2):
 def new generation   total 1048832K, used 940490K [0x00007fdc08600000, 0x00007fdc4f800000, 0x00007fe15db50000)
  eden space 932352K, 100% used [0x00007fdc08600000, 0x00007fdc41480000, 0x00007fdc41480000)
  from space 116480K,   6% used [0x00007fdc48640000, 0x00007fdc48e32aa8, 0x00007fdc4f800000)
  to   space 116480K,   0% used [0x00007fdc41480000, 0x00007fdc41480000, 0x00007fdc48640000)
 tenured generation   total 2330556K, used 2328867K [0x00007fe15db50000, 0x00007fe1ebf3f000, 0x00007fec08600000)
   the space 2330556K,  99% used [0x00007fe15db50000, 0x00007fe1ebd98db8, 0x00007fe1ebd98e00, 0x00007fe1ebf3f000)
 Metaspace       used 24191K, capacity 24572K, committed 24832K, reserved 26624K
}
Event: 4137.687 GC heap after
{Heap after GC invocations=6008 (full 2):
 def new generation   total 1048832K, used 8180K [0x00007fdc08600000, 0x00007fdc4f800000, 0x00007fe15db50000)
  eden space 932352K,   0% used [0x00007fdc08600000, 0x00007fdc08600000, 0x00007fdc41480000)
  from space 116480K,   7% used [0x00007fdc41480000, 0x00007fdc41c7d1f0, 0x00007fdc48640000)
  to   space 116480K,   0% used [0x00007fdc48640000, 0x00007fdc48640000, 0x00007fdc4f800000)
 tenured generation   total 2330556K, used 2329367K [0x00007fe15db50000, 0x00007fe1ebf3f000, 0x00007fec08600000)
   the space 2330556K,  99% used [0x00007fe15db50000, 0x00007fe1ebe15ea0, 0x00007fe1ebe16000, 0x00007fe1ebf3f000)
 Metaspace       used 24191K, capacity 24572K, committed 24832K, reserved 26624K
}
Event: 4138.652 GC heap before
{Heap before GC invocations=6008 (full 2):
 def new generation   total 1048832K, used 940532K [0x00007fdc08600000, 0x00007fdc4f800000, 0x00007fe15db50000)
  eden space 932352K, 100% used [0x00007fdc08600000, 0x00007fdc41480000, 0x00007fdc41480000)
  from space 116480K,   7% used [0x00007fdc41480000, 0x00007fdc41c7d1f0, 0x00007fdc48640000)
  to   space 116480K,   0% used [0x00007fdc48640000, 0x00007fdc48640000, 0x00007fdc4f800000)
 tenured generation   total 2330556K, used 2329367K [0x00007fe15db50000, 0x00007fe1ebf3f000, 0x00007fec08600000)
   the space 2330556K,  99% used [0x00007fe15db50000, 0x00007fe1ebe15ea0, 0x00007fe1ebe16000, 0x00007fe1ebf3f000)
 Metaspace       used 24191K, capacity 24572K, committed 24832K, reserved 26624K
}
Event: 4138.673 GC heap after
{Heap after GC invocations=6009 (full 2):
 def new generation   total 1048832K, used 8192K [0x00007fdc08600000, 0x00007fdc4f800000, 0x00007fe15db50000)
  eden space 932352K,   0% used [0x00007fdc08600000, 0x00007fdc08600000, 0x00007fdc41480000)
  from space 116480K,   7% used [0x00007fdc48640000, 0x00007fdc48e400c8, 0x00007fdc4f800000)
  to   space 116480K,   0% used [0x00007fdc41480000, 0x00007fdc41480000, 0x00007fdc48640000)
 tenured generation   total 2330556K, used 2329906K [0x00007fe15db50000, 0x00007fe1ebf3f000, 0x00007fec08600000)
   the space 2330556K,  99% used [0x00007fe15db50000, 0x00007fe1ebe9c9c0, 0x00007fe1ebe9ca00, 0x00007fe1ebf3f000)
 Metaspace       used 24191K, capacity 24572K, committed 24832K, reserved 26624K
}
Event: 4139.640 GC heap before
{Heap before GC invocations=6009 (full 2):
 def new generation   total 1048832K, used 940544K [0x00007fdc08600000, 0x00007fdc4f800000, 0x00007fe15db50000)
  eden space 932352K, 100% used [0x00007fdc08600000, 0x00007fdc41480000, 0x00007fdc41480000)
  from space 116480K,   7% used [0x00007fdc48640000, 0x00007fdc48e400c8, 0x00007fdc4f800000)
  to   space 116480K,   0% used [0x00007fdc41480000, 0x00007fdc41480000, 0x00007fdc48640000)
 tenured generation   total 2330556K, used 2329906K [0x00007fe15db50000, 0x00007fe1ebf3f000, 0x00007fec08600000)
   the space 2330556K,  99% used [0x00007fe15db50000, 0x00007fe1ebe9c9c0, 0x00007fe1ebe9ca00, 0x00007fe1ebf3f000)
 Metaspace       used 24191K, capacity 24572K, committed 24832K, reserved 26624K
}
Event: 4139.657 GC heap after
{Heap after GC invocations=6010 (full 2):
 def new generation   total 1048832K, used 8167K [0x00007fdc08600000, 0x00007fdc4f800000, 0x00007fe15db50000)
  eden space 932352K,   0% used [0x00007fdc08600000, 0x00007fdc08600000, 0x00007fdc41480000)
  from space 116480K,   7% used [0x00007fdc41480000, 0x00007fdc41c79e30, 0x00007fdc48640000)
  to   space 116480K,   0% used [0x00007fdc48640000, 0x00007fdc48640000, 0x00007fdc4f800000)
 tenured generation   total 2330556K, used 2330464K [0x00007fe15db50000, 0x00007fe1ebf3f000, 0x00007fec08600000)
   the space 2330556K,  99% used [0x00007fe15db50000, 0x00007fe1ebf281d8, 0x00007fe1ebf28200, 0x00007fe1ebf3f000)
 Metaspace       used 24191K, capacity 24572K, committed 24832K, reserved 26624K
}
Event: 4140.583 GC heap before
{Heap before GC invocations=6010 (full 2):
 def new generation   total 1048832K, used 940519K [0x00007fdc08600000, 0x00007fdc4f800000, 0x00007fe15db50000)
  eden space 932352K, 100% used [0x00007fdc08600000, 0x00007fdc41480000, 0x00007fdc41480000)
  from space 116480K,   7% used [0x00007fdc41480000, 0x00007fdc41c79e30, 0x00007fdc48640000)
  to   space 116480K,   0% used [0x00007fdc48640000, 0x00007fdc48640000, 0x00007fdc4f800000)
 tenured generation   total 2330556K, used 2330464K [0x00007fe15db50000, 0x00007fe1ebf3f000, 0x00007fec08600000)
   the space 2330556K,  99% used [0x00007fe15db50000, 0x00007fe1ebf281d8, 0x00007fe1ebf28200, 0x00007fe1ebf3f000)
 Metaspace       used 24191K, capacity 24572K, committed 24832K, reserved 26624K
}
Event: 4140.606 GC heap after
{Heap after GC invocations=6011 (full 2):
 def new generation   total 1048832K, used 8134K [0x00007fdc08600000, 0x00007fdc4f800000, 0x00007fe15db50000)
  eden space 932352K,   0% used [0x00007fdc08600000, 0x00007fdc08600000, 0x00007fdc41480000)
  from space 116480K,   6% used [0x00007fdc48640000, 0x00007fdc48e31bc8, 0x00007fdc4f800000)
  to   space 116480K,   0% used [0x00007fdc41480000, 0x00007fdc41480000, 0x00007fdc48640000)
 tenured generation   total 2331132K, used 2331003K [0x00007fe15db50000, 0x00007fe1ebfcf000, 0x00007fec08600000)
   the space 2331132K,  99% used [0x00007fe15db50000, 0x00007fe1ebfaecf8, 0x00007fe1ebfaee00, 0x00007fe1ebfcf000)
 Metaspace       used 24191K, capacity 24572K, committed 24832K, reserved 26624K
}
Event: 4140.606 GC heap before
{Heap before GC invocations=6011 (full 2):
 def new generation   total 1048832K, used 8134K [0x00007fdc08600000, 0x00007fdc4f800000, 0x00007fe15db50000)
  eden space 932352K,   0% used [0x00007fdc08600000, 0x00007fdc08600000, 0x00007fdc41480000)
  from space 116480K,   6% used [0x00007fdc48640000, 0x00007fdc48e31bc8, 0x00007fdc4f800000)
  to   space 116480K,   0% used [0x00007fdc41480000, 0x00007fdc41480000, 0x00007fdc48640000)
 tenured generation   total 2331132K, used 2331003K [0x00007fe15db50000, 0x00007fe1ebfcf000, 0x00007fec08600000)
   the space 2331132K,  99% used [0x00007fe15db50000, 0x00007fe1ebfaecf8, 0x00007fe1ebfaee00, 0x00007fe1ebfcf000)
 Metaspace       used 24191K, capacity 24572K, committed 24832K, reserved 26624K
}

