# JRE version: OpenJDK Runtime Environment (13.0.7+5) (build 13.0.7+5-Ubuntu-0ubuntu120.04)
# Java VM: OpenJDK 64-Bit Server VM (13.0.7+5-Ubuntu-0ubuntu120.04, mixed mode, tiered, compressed oops, serial gc, linux-amd64)
Heap:
 def new generation   total 2021568K, used 0K [0x0000000080200000, 0x0000000109380000, 0x0000000300150000)
  eden space 1796992K,   0% used [0x0000000080200000, 0x0000000080200000, 0x00000000edce0000)
  from space 224576K,   0% used [0x00000000edce0000, 0x00000000edce0000, 0x00000000fb830000)
  to   space 224576K,   0% used [0x00000000fb830000, 0x00000000fb830000, 0x0000000109380000)
 tenured generation   total 4559544K, used 2980313K [0x0000000300150000, 0x00000004165fe000, 0x0000000800000000)
   the space 4559544K,  65% used [0x0000000300150000, 0x00000003b5fc6740, 0x00000003b5fc6800, 0x00000004165fe000)
 Metaspace       used 22705K, capacity 23231K, committed 23424K, reserved 1071104K
  class space    used 2354K, capacity 2568K, committed 2688K, reserved 1048576K
GC Heap History (20 events):
Event: 825.713 GC heap after
{Heap after GC invocations=683 (full 23):
 def new generation   total 2021568K, used 100185K [0x0000000080200000, 0x0000000109380000, 0x0000000300150000)
  eden space 1796992K,   0% used [0x0000000080200000, 0x0000000080200000, 0x00000000edce0000)
  from space 224576K,  44% used [0x00000000fb830000, 0x0000000101a06548, 0x0000000109380000)
  to   space 224576K,   0% used [0x00000000edce0000, 0x00000000edce0000, 0x00000000fb830000)
 tenured generation   total 4492196K, used 4263664K [0x0000000300150000, 0x0000000412439000, 0x0000000800000000)
   the space 4492196K,  94% used [0x0000000300150000, 0x000000040450c088, 0x000000040450c200, 0x0000000412439000)
 Metaspace       used 22705K, capacity 23231K, committed 23424K, reserved 1071104K
  class space    used 2354K, capacity 2568K, committed 2688K, reserved 1048576K
}
Event: 827.040 GC heap before
{Heap before GC invocations=683 (full 23):
 def new generation   total 2021568K, used 1897177K [0x0000000080200000, 0x0000000109380000, 0x0000000300150000)
  eden space 1796992K, 100% used [0x0000000080200000, 0x00000000edce0000, 0x00000000edce0000)
  from space 224576K,  44% used [0x00000000fb830000, 0x0000000101a06548, 0x0000000109380000)
  to   space 224576K,   0% used [0x00000000edce0000, 0x00000000edce0000, 0x00000000fb830000)
 tenured generation   total 4492196K, used 4263664K [0x0000000300150000, 0x0000000412439000, 0x0000000800000000)
   the space 4492196K,  94% used [0x0000000300150000, 0x000000040450c088, 0x000000040450c200, 0x0000000412439000)
 Metaspace       used 22705K, capacity 23231K, committed 23424K, reserved 1071104K
  class space    used 2354K, capacity 2568K, committed 2688K, reserved 1048576K
}
Event: 827.165 GC heap after
{Heap after GC invocations=684 (full 23):
 def new generation   total 2021568K, used 206924K [0x0000000080200000, 0x0000000109380000, 0x0000000300150000)
  eden space 1796992K,   0% used [0x0000000080200000, 0x0000000080200000, 0x00000000edce0000)
  from space 224576K,  92% used [0x00000000edce0000, 0x00000000fa6f33d0, 0x00000000fb830000)
  to   space 224576K,   0% used [0x00000000fb830000, 0x00000000fb830000, 0x0000000109380000)
 tenured generation   total 4492196K, used 4263664K [0x0000000300150000, 0x0000000412439000, 0x0000000800000000)
   the space 4492196K,  94% used [0x0000000300150000, 0x000000040450c088, 0x000000040450c200, 0x0000000412439000)
 Metaspace       used 22705K, capacity 23231K, committed 23424K, reserved 1071104K
  class space    used 2354K, capacity 2568K, committed 2688K, reserved 1048576K
}
Event: 828.554 GC heap before
{Heap before GC invocations=684 (full 23):
 def new generation   total 2021568K, used 2003916K [0x0000000080200000, 0x0000000109380000, 0x0000000300150000)
  eden space 1796992K, 100% used [0x0000000080200000, 0x00000000edce0000, 0x00000000edce0000)
  from space 224576K,  92% used [0x00000000edce0000, 0x00000000fa6f33d0, 0x00000000fb830000)
  to   space 224576K,   0% used [0x00000000fb830000, 0x00000000fb830000, 0x0000000109380000)
 tenured generation   total 4492196K, used 4263664K [0x0000000300150000, 0x0000000412439000, 0x0000000800000000)
   the space 4492196K,  94% used [0x0000000300150000, 0x000000040450c088, 0x000000040450c200, 0x0000000412439000)
 Metaspace       used 22705K, capacity 23231K, committed 23424K, reserved 1071104K
  class space    used 2354K, capacity 2568K, committed 2688K, reserved 1048576K
}
Event: 828.591 GC heap after
{Heap after GC invocations=685 (full 23):
 def new generation   total 2021568K, used 38568K [0x0000000080200000, 0x0000000109380000, 0x0000000300150000)
  eden space 1796992K,   0% used [0x0000000080200000, 0x0000000080200000, 0x00000000edce0000)
  from space 224576K,  17% used [0x00000000fb830000, 0x00000000fddda2e0, 0x0000000109380000)
  to   space 224576K,   0% used [0x00000000edce0000, 0x00000000edce0000, 0x00000000fb830000)
 tenured generation   total 4492196K, used 4284745K [0x0000000300150000, 0x0000000412439000, 0x0000000800000000)
   the space 4492196K,  95% used [0x0000000300150000, 0x00000004059a2560, 0x00000004059a2600, 0x0000000412439000)
 Metaspace       used 22705K, capacity 23231K, committed 23424K, reserved 1071104K
  class space    used 2354K, capacity 2568K, committed 2688K, reserved 1048576K
}
Event: 829.970 GC heap before
{Heap before GC invocations=685 (full 23):
 def new generation   total 2021568K, used 1835560K [0x0000000080200000, 0x0000000109380000, 0x0000000300150000)
  eden space 1796992K, 100% used [0x0000000080200000, 0x00000000edce0000, 0x00000000edce0000)
  from space 224576K,  17% used [0x00000000fb830000, 0x00000000fddda2e0, 0x0000000109380000)
  to   space 224576K,   0% used [0x00000000edce0000, 0x00000000edce0000, 0x00000000fb830000)
 tenured generation   total 4492196K, used 4284745K [0x0000000300150000, 0x0000000412439000, 0x0000000800000000)
   the space 4492196K,  95% used [0x0000000300150000, 0x00000004059a2560, 0x00000004059a2600, 0x0000000412439000)
 Metaspace       used 22705K, capacity 23231K, committed 23424K, reserved 1071104K
  class space    used 2354K, capacity 2568K, committed 2688K, reserved 1048576K
}
Event: 830.050 GC heap after
{Heap after GC invocations=686 (full 23):
 def new generation   total 2021568K, used 145812K [0x0000000080200000, 0x0000000109380000, 0x0000000300150000)
  eden space 1796992K,   0% used [0x0000000080200000, 0x0000000080200000, 0x00000000edce0000)
  from space 224576K,  64% used [0x00000000edce0000, 0x00000000f6b450c0, 0x00000000fb830000)
  to   space 224576K,   0% used [0x00000000fb830000, 0x00000000fb830000, 0x0000000109380000)
 tenured generation   total 4492196K, used 4284745K [0x0000000300150000, 0x0000000412439000, 0x0000000800000000)
   the space 4492196K,  95% used [0x0000000300150000, 0x00000004059a2560, 0x00000004059a2600, 0x0000000412439000)
 Metaspace       used 22705K, capacity 23231K, committed 23424K, reserved 1071104K
  class space    used 2354K, capacity 2568K, committed 2688K, reserved 1048576K
}
Event: 831.410 GC heap before
{Heap before GC invocations=686 (full 23):
 def new generation   total 2021568K, used 1942804K [0x0000000080200000, 0x0000000109380000, 0x0000000300150000)
  eden space 1796992K, 100% used [0x0000000080200000, 0x00000000edce0000, 0x00000000edce0000)
  from space 224576K,  64% used [0x00000000edce0000, 0x00000000f6b450c0, 0x00000000fb830000)
  to   space 224576K,   0% used [0x00000000fb830000, 0x00000000fb830000, 0x0000000109380000)
 tenured generation   total 4492196K, used 4284745K [0x0000000300150000, 0x0000000412439000, 0x0000000800000000)
   the space 4492196K,  95% used [0x0000000300150000, 0x00000004059a2560, 0x00000004059a2600, 0x0000000412439000)
 Metaspace       used 22705K, capacity 23231K, committed 23424K, reserved 1071104K
  class space    used 2354K, capacity 2568K, committed 2688K, reserved 1048576K
}
Event: 831.572 GC heap after
{Heap after GC invocations=687 (full 23):
 def new generation   total 2021568K, used 215021K [0x0000000080200000, 0x0000000109380000, 0x0000000300150000)
  eden space 1796992K,   0% used [0x0000000080200000, 0x0000000080200000, 0x00000000edce0000)
  from space 224576K,  95% used [0x00000000fb830000, 0x0000000108a2b7c0, 0x0000000109380000)
  to   space 224576K,   0% used [0x00000000edce0000, 0x00000000edce0000, 0x00000000fb830000)
 tenured generation   total 4492196K, used 4322783K [0x0000000300150000, 0x0000000412439000, 0x0000000800000000)
   the space 4492196K,  96% used [0x0000000300150000, 0x0000000407ec7f98, 0x0000000407ec8000, 0x0000000412439000)
 Metaspace       used 22705K, capacity 23231K, committed 23424K, reserved 1071104K
  class space    used 2354K, capacity 2568K, committed 2688K, reserved 1048576K
}
Event: 832.962 GC heap before
{Heap before GC invocations=687 (full 23):
 def new generation   total 2021568K, used 2012013K [0x0000000080200000, 0x0000000109380000, 0x0000000300150000)
  eden space 1796992K, 100% used [0x0000000080200000, 0x00000000edce0000, 0x00000000edce0000)
  from space 224576K,  95% used [0x00000000fb830000, 0x0000000108a2b7c0, 0x0000000109380000)
  to   space 224576K,   0% used [0x00000000edce0000, 0x00000000edce0000, 0x00000000fb830000)
 tenured generation   total 4492196K, used 4322783K [0x0000000300150000, 0x0000000412439000, 0x0000000800000000)
   the space 4492196K,  96% used [0x0000000300150000, 0x0000000407ec7f98, 0x0000000407ec8000, 0x0000000412439000)
 Metaspace       used 22705K, capacity 23231K, committed 23424K, reserved 1071104K
  class space    used 2354K, capacity 2568K, committed 2688K, reserved 1048576K
}
Event: 833.028 GC heap after
{Heap after GC invocations=688 (full 23):
 def new generation   total 2021568K, used 92932K [0x0000000080200000, 0x0000000109380000, 0x0000000300150000)
  eden space 1796992K,   0% used [0x0000000080200000, 0x0000000080200000, 0x00000000edce0000)
  from space 224576K,  41% used [0x00000000edce0000, 0x00000000f37a1108, 0x00000000fb830000)
  to   space 224576K,   0% used [0x00000000fb830000, 0x00000000fb830000, 0x0000000109380000)
 tenured generation   total 4492196K, used 4322790K [0x0000000300150000, 0x0000000412439000, 0x0000000800000000)
   the space 4492196K,  96% used [0x0000000300150000, 0x0000000407ec9a38, 0x0000000407ec9c00, 0x0000000412439000)
 Metaspace       used 22705K, capacity 23231K, committed 23424K, reserved 1071104K
  class space    used 2354K, capacity 2568K, committed 2688K, reserved 1048576K
}
Event: 834.388 GC heap before
{Heap before GC invocations=688 (full 23):
 def new generation   total 2021568K, used 1889924K [0x0000000080200000, 0x0000000109380000, 0x0000000300150000)
  eden space 1796992K, 100% used [0x0000000080200000, 0x00000000edce0000, 0x00000000edce0000)
  from space 224576K,  41% used [0x00000000edce0000, 0x00000000f37a1108, 0x00000000fb830000)
  to   space 224576K,   0% used [0x00000000fb830000, 0x00000000fb830000, 0x0000000109380000)
 tenured generation   total 4492196K, used 4322790K [0x0000000300150000, 0x0000000412439000, 0x0000000800000000)
   the space 4492196K,  96% used [0x0000000300150000, 0x0000000407ec9a38, 0x0000000407ec9c00, 0x0000000412439000)
 Metaspace       used 22705K, capacity 23231K, committed 23424K, reserved 1071104K
  class space    used 2354K, capacity 2568K, committed 2688K, reserved 1048576K
}
Event: 834.491 GC heap after
{Heap after GC invocations=689 (full 23):
 def new generation   total 2021568K, used 200181K [0x0000000080200000, 0x0000000109380000, 0x0000000300150000)
  eden space 1796992K,   0% used [0x0000000080200000, 0x0000000080200000, 0x00000000edce0000)
  from space 224576K,  89% used [0x00000000fb830000, 0x0000000107bad4e0, 0x0000000109380000)
  to   space 224576K,   0% used [0x00000000edce0000, 0x00000000edce0000, 0x00000000fb830000)
 tenured generation   total 4492196K, used 4322790K [0x0000000300150000, 0x0000000412439000, 0x0000000800000000)
   the space 4492196K,  96% used [0x0000000300150000, 0x0000000407ec9a38, 0x0000000407ec9c00, 0x0000000412439000)
 Metaspace       used 22705K, capacity 23231K, committed 23424K, reserved 1071104K
  class space    used 2354K, capacity 2568K, committed 2688K, reserved 1048576K
}
Event: 835.860 GC heap before
{Heap before GC invocations=689 (full 23):
 def new generation   total 2021568K, used 1997173K [0x0000000080200000, 0x0000000109380000, 0x0000000300150000)
  eden space 1796992K, 100% used [0x0000000080200000, 0x00000000edce0000, 0x00000000edce0000)
  from space 224576K,  89% used [0x00000000fb830000, 0x0000000107bad4e0, 0x0000000109380000)
  to   space 224576K,   0% used [0x00000000edce0000, 0x00000000edce0000, 0x00000000fb830000)
 tenured generation   total 4492196K, used 4322790K [0x0000000300150000, 0x0000000412439000, 0x0000000800000000)
   the space 4492196K,  96% used [0x0000000300150000, 0x0000000407ec9a38, 0x0000000407ec9c00, 0x0000000412439000)
 Metaspace       used 22705K, capacity 23231K, committed 23424K, reserved 1071104K
  class space    used 2354K, capacity 2568K, committed 2688K, reserved 1048576K
}
Event: 836.052 GC heap after
{Heap after GC invocations=690 (full 23):
 def new generation   total 2021568K, used 214511K [0x0000000080200000, 0x0000000109380000, 0x0000000300150000)
  eden space 1796992K,   0% used [0x0000000080200000, 0x0000000080200000, 0x00000000edce0000)
  from space 224576K,  95% used [0x00000000edce0000, 0x00000000fae5bd98, 0x00000000fb830000)
  to   space 224576K,   0% used [0x00000000fb830000, 0x00000000fb830000, 0x0000000109380000)
 tenured generation   total 4492196K, used 4398265K [0x0000000300150000, 0x0000000412439000, 0x0000000800000000)
   the space 4492196K,  97% used [0x0000000300150000, 0x000000040c87e670, 0x000000040c87e800, 0x0000000412439000)
 Metaspace       used 22705K, capacity 23231K, committed 23424K, reserved 1071104K
  class space    used 2354K, capacity 2568K, committed 2688K, reserved 1048576K
}
Event: 837.408 GC heap before
{Heap before GC invocations=690 (full 23):
 def new generation   total 2021568K, used 2011503K [0x0000000080200000, 0x0000000109380000, 0x0000000300150000)
  eden space 1796992K, 100% used [0x0000000080200000, 0x00000000edce0000, 0x00000000edce0000)
  from space 224576K,  95% used [0x00000000edce0000, 0x00000000fae5bd98, 0x00000000fb830000)
  to   space 224576K,   0% used [0x00000000fb830000, 0x00000000fb830000, 0x0000000109380000)
 tenured generation   total 4492196K, used 4398265K [0x0000000300150000, 0x0000000412439000, 0x0000000800000000)
   the space 4492196K,  97% used [0x0000000300150000, 0x000000040c87e670, 0x000000040c87e800, 0x0000000412439000)
 Metaspace       used 22705K, capacity 23231K, committed 23424K, reserved 1071104K
  class space    used 2354K, capacity 2568K, committed 2688K, reserved 1048576K
}
Event: 837.510 GC heap after
{Heap after GC invocations=691 (full 23):
 def new generation   total 2021568K, used 151976K [0x0000000080200000, 0x0000000109380000, 0x0000000300150000)
  eden space 1796992K,   0% used [0x0000000080200000, 0x0000000080200000, 0x00000000edce0000)
  from space 224576K,  67% used [0x00000000fb830000, 0x0000000104c9a0b8, 0x0000000109380000)
  to   space 224576K,   0% used [0x00000000edce0000, 0x00000000edce0000, 0x00000000fb830000)
 tenured generation   total 4492196K, used 4408586K [0x0000000300150000, 0x0000000412439000, 0x0000000800000000)
   the space 4492196K,  98% used [0x0000000300150000, 0x000000040d292b10, 0x000000040d292c00, 0x0000000412439000)
 Metaspace       used 22705K, capacity 23231K, committed 23424K, reserved 1071104K
  class space    used 2354K, capacity 2568K, committed 2688K, reserved 1048576K
}
Event: 838.931 GC heap before
{Heap before GC invocations=691 (full 23):
 def new generation   total 2021568K, used 1948968K [0x0000000080200000, 0x0000000109380000, 0x0000000300150000)
  eden space 1796992K, 100% used [0x0000000080200000, 0x00000000edce0000, 0x00000000edce0000)
  from space 224576K,  67% used [0x00000000fb830000, 0x0000000104c9a0b8, 0x0000000109380000)
  to   space 224576K,   0% used [0x00000000edce0000, 0x00000000edce0000, 0x00000000fb830000)
 tenured generation   total 4492196K, used 4408586K [0x0000000300150000, 0x0000000412439000, 0x0000000800000000)
   the space 4492196K,  98% used [0x0000000300150000, 0x000000040d292b10, 0x000000040d292c00, 0x0000000412439000)
 Metaspace       used 22705K, capacity 23231K, committed 23424K, reserved 1071104K
  class space    used 2354K, capacity 2568K, committed 2688K, reserved 1048576K
}
Event: 839.335 GC heap after
{Heap after GC invocations=692 (full 23):
 def new generation   total 2021568K, used 107768K [0x0000000080200000, 0x0000000109380000, 0x0000000300150000)
  eden space 1796992K,   0% used [0x0000000080200000, 0x0000000080200000, 0x00000000edce0000)
  from space 224576K,  47% used [0x00000000edce0000, 0x00000000f461e148, 0x00000000fb830000)
  to   space 224576K,   0% used [0x00000000fb830000, 0x00000000fb830000, 0x0000000109380000)
 tenured generation   total 4559544K, used 4559534K [0x0000000300150000, 0x00000004165fe000, 0x0000000800000000)
   the space 4559544K,  99% used [0x0000000300150000, 0x00000004165fba88, 0x00000004165fbc00, 0x00000004165fe000)
 Metaspace       used 22705K, capacity 23231K, committed 23424K, reserved 1071104K
  class space    used 2354K, capacity 2568K, committed 2688K, reserved 1048576K
}
Event: 839.335 GC heap before
{Heap before GC invocations=692 (full 23):
 def new generation   total 2021568K, used 107768K [0x0000000080200000, 0x0000000109380000, 0x0000000300150000)
  eden space 1796992K,   0% used [0x0000000080200000, 0x0000000080200000, 0x00000000edce0000)
  from space 224576K,  47% used [0x00000000edce0000, 0x00000000f461e148, 0x00000000fb830000)
  to   space 224576K,   0% used [0x00000000fb830000, 0x00000000fb830000, 0x0000000109380000)
 tenured generation   total 4559544K, used 4559534K [0x0000000300150000, 0x00000004165fe000, 0x0000000800000000)
   the space 4559544K,  99% used [0x0000000300150000, 0x00000004165fba88, 0x00000004165fbc00, 0x00000004165fe000)
 Metaspace       used 22705K, capacity 23231K, committed 23424K, reserved 1071104K
  class space    used 2354K, capacity 2568K, committed 2688K, reserved 1048576K
}

