# JRE version: OpenJDK Runtime Environment (13.0.7+5) (build 13.0.7+5-Ubuntu-0ubuntu120.04)
# Java VM: OpenJDK 64-Bit Server VM (13.0.7+5-Ubuntu-0ubuntu120.04, mixed mode, tiered, serial gc, linux-amd64)
Heap:
 def new generation   total 2657088K, used 132035K [0x00007f3430600000, 0x00007f34e4920000, 0x00007f3edb0a0000)
  eden space 2361856K,   5% used [0x00007f3430600000, 0x00007f34386f0dd0, 0x00007f34c0880000)
  from space 295232K,   0% used [0x00007f34c0880000, 0x00007f34c0880000, 0x00007f34d28d0000)
  to   space 295232K,   0% used [0x00007f34d28d0000, 0x00007f34d28d0000, 0x00007f34e4920000)
 tenured generation   total 5920976K, used 5920573K [0x00007f3edb0a0000, 0x00007f40446d4000, 0x00007f5430600000)
   the space 5920976K,  99% used [0x00007f3edb0a0000, 0x00007f404466f578, 0x00007f404466f600, 0x00007f40446d4000)
 Metaspace       used 24252K, capacity 24650K, committed 24832K, reserved 26624K
GC Heap History (20 events):
Event: 705.942 GC heap after
{Heap after GC invocations=1533 (full 6):
 def new generation   total 2657088K, used 163921K [0x00007f3430600000, 0x00007f34e4920000, 0x00007f3edb0a0000)
  eden space 2361856K,   0% used [0x00007f3430600000, 0x00007f3430600000, 0x00007f34c0880000)
  from space 295232K,  55% used [0x00007f34d28d0000, 0x00007f34dc8e47d8, 0x00007f34e4920000)
  to   space 295232K,   0% used [0x00007f34c0880000, 0x00007f34c0880000, 0x00007f34d28d0000)
 tenured generation   total 5904588K, used 5815192K [0x00007f3edb0a0000, 0x00007f40436d3000, 0x00007f5430600000)
   the space 5904588K,  98% used [0x00007f3edb0a0000, 0x00007f403df86390, 0x00007f403df86400, 0x00007f40436d3000)
 Metaspace       used 24252K, capacity 24650K, committed 24832K, reserved 26624K
}
Event: 706.911 GC heap before
{Heap before GC invocations=1533 (full 6):
 def new generation   total 2657088K, used 2525621K [0x00007f3430600000, 0x00007f34e4920000, 0x00007f3edb0a0000)
  eden space 2361856K,  99% used [0x00007f3430600000, 0x00007f34c0858d40, 0x00007f34c0880000)
  from space 295232K,  55% used [0x00007f34d28d0000, 0x00007f34dc8e47d8, 0x00007f34e4920000)
  to   space 295232K,   0% used [0x00007f34c0880000, 0x00007f34c0880000, 0x00007f34d28d0000)
 tenured generation   total 5904588K, used 5815192K [0x00007f3edb0a0000, 0x00007f40436d3000, 0x00007f5430600000)
   the space 5904588K,  98% used [0x00007f3edb0a0000, 0x00007f403df86390, 0x00007f403df86400, 0x00007f40436d3000)
 Metaspace       used 24252K, capacity 24650K, committed 24832K, reserved 26624K
}
Event: 706.980 GC heap after
{Heap after GC invocations=1534 (full 6):
 def new generation   total 2657088K, used 137213K [0x00007f3430600000, 0x00007f34e4920000, 0x00007f3edb0a0000)
  eden space 2361856K,   0% used [0x00007f3430600000, 0x00007f3430600000, 0x00007f34c0880000)
  from space 295232K,  46% used [0x00007f34c0880000, 0x00007f34c8e7f7f0, 0x00007f34d28d0000)
  to   space 295232K,   0% used [0x00007f34d28d0000, 0x00007f34d28d0000, 0x00007f34e4920000)
 tenured generation   total 5904588K, used 5832151K [0x00007f3edb0a0000, 0x00007f40436d3000, 0x00007f5430600000)
   the space 5904588K,  98% used [0x00007f3edb0a0000, 0x00007f403f015e78, 0x00007f403f016000, 0x00007f40436d3000)
 Metaspace       used 24252K, capacity 24650K, committed 24832K, reserved 26624K
}
Event: 707.976 GC heap before
{Heap before GC invocations=1534 (full 6):
 def new generation   total 2657088K, used 2499069K [0x00007f3430600000, 0x00007f34e4920000, 0x00007f3edb0a0000)
  eden space 2361856K, 100% used [0x00007f3430600000, 0x00007f34c0880000, 0x00007f34c0880000)
  from space 295232K,  46% used [0x00007f34c0880000, 0x00007f34c8e7f7f0, 0x00007f34d28d0000)
  to   space 295232K,   0% used [0x00007f34d28d0000, 0x00007f34d28d0000, 0x00007f34e4920000)
 tenured generation   total 5904588K, used 5832151K [0x00007f3edb0a0000, 0x00007f40436d3000, 0x00007f5430600000)
   the space 5904588K,  98% used [0x00007f3edb0a0000, 0x00007f403f015e78, 0x00007f403f016000, 0x00007f40436d3000)
 Metaspace       used 24252K, capacity 24650K, committed 24832K, reserved 26624K
}
Event: 708.013 GC heap after
{Heap after GC invocations=1535 (full 6):
 def new generation   total 2657088K, used 151578K [0x00007f3430600000, 0x00007f34e4920000, 0x00007f3edb0a0000)
  eden space 2361856K,   0% used [0x00007f3430600000, 0x00007f3430600000, 0x00007f34c0880000)
  from space 295232K,  51% used [0x00007f34d28d0000, 0x00007f34dbcd69c8, 0x00007f34e4920000)
  to   space 295232K,   0% used [0x00007f34c0880000, 0x00007f34c0880000, 0x00007f34d28d0000)
 tenured generation   total 5904588K, used 5832151K [0x00007f3edb0a0000, 0x00007f40436d3000, 0x00007f5430600000)
   the space 5904588K,  98% used [0x00007f3edb0a0000, 0x00007f403f015e78, 0x00007f403f016000, 0x00007f40436d3000)
 Metaspace       used 24252K, capacity 24650K, committed 24832K, reserved 26624K
}
Event: 708.983 GC heap before
{Heap before GC invocations=1535 (full 6):
 def new generation   total 2657088K, used 2513434K [0x00007f3430600000, 0x00007f34e4920000, 0x00007f3edb0a0000)
  eden space 2361856K, 100% used [0x00007f3430600000, 0x00007f34c0880000, 0x00007f34c0880000)
  from space 295232K,  51% used [0x00007f34d28d0000, 0x00007f34dbcd69c8, 0x00007f34e4920000)
  to   space 295232K,   0% used [0x00007f34c0880000, 0x00007f34c0880000, 0x00007f34d28d0000)
 tenured generation   total 5904588K, used 5832151K [0x00007f3edb0a0000, 0x00007f40436d3000, 0x00007f5430600000)
   the space 5904588K,  98% used [0x00007f3edb0a0000, 0x00007f403f015e78, 0x00007f403f016000, 0x00007f40436d3000)
 Metaspace       used 24252K, capacity 24650K, committed 24832K, reserved 26624K
}
Event: 709.025 GC heap after
{Heap after GC invocations=1536 (full 6):
 def new generation   total 2657088K, used 158254K [0x00007f3430600000, 0x00007f34e4920000, 0x00007f3edb0a0000)
  eden space 2361856K,   0% used [0x00007f3430600000, 0x00007f3430600000, 0x00007f34c0880000)
  from space 295232K,  53% used [0x00007f34c0880000, 0x00007f34ca30b940, 0x00007f34d28d0000)
  to   space 295232K,   0% used [0x00007f34d28d0000, 0x00007f34d28d0000, 0x00007f34e4920000)
 tenured generation   total 5904588K, used 5849110K [0x00007f3edb0a0000, 0x00007f40436d3000, 0x00007f5430600000)
   the space 5904588K,  99% used [0x00007f3edb0a0000, 0x00007f40400a5960, 0x00007f40400a5a00, 0x00007f40436d3000)
 Metaspace       used 24252K, capacity 24650K, committed 24832K, reserved 26624K
}
Event: 710.022 GC heap before
{Heap before GC invocations=1536 (full 6):
 def new generation   total 2657088K, used 2520110K [0x00007f3430600000, 0x00007f34e4920000, 0x00007f3edb0a0000)
  eden space 2361856K, 100% used [0x00007f3430600000, 0x00007f34c0880000, 0x00007f34c0880000)
  from space 295232K,  53% used [0x00007f34c0880000, 0x00007f34ca30b940, 0x00007f34d28d0000)
  to   space 295232K,   0% used [0x00007f34d28d0000, 0x00007f34d28d0000, 0x00007f34e4920000)
 tenured generation   total 5904588K, used 5849110K [0x00007f3edb0a0000, 0x00007f40436d3000, 0x00007f5430600000)
   the space 5904588K,  99% used [0x00007f3edb0a0000, 0x00007f40400a5960, 0x00007f40400a5a00, 0x00007f40436d3000)
 Metaspace       used 24252K, capacity 24650K, committed 24832K, reserved 26624K
}
Event: 710.059 GC heap after
{Heap after GC invocations=1537 (full 6):
 def new generation   total 2657088K, used 136156K [0x00007f3430600000, 0x00007f34e4920000, 0x00007f3edb0a0000)
  eden space 2361856K,   0% used [0x00007f3430600000, 0x00007f3430600000, 0x00007f34c0880000)
  from space 295232K,  46% used [0x00007f34d28d0000, 0x00007f34dadc73e8, 0x00007f34e4920000)
  to   space 295232K,   0% used [0x00007f34c0880000, 0x00007f34c0880000, 0x00007f34d28d0000)
 tenured generation   total 5904588K, used 5866069K [0x00007f3edb0a0000, 0x00007f40436d3000, 0x00007f5430600000)
   the space 5904588K,  99% used [0x00007f3edb0a0000, 0x00007f4041135448, 0x00007f4041135600, 0x00007f40436d3000)
 Metaspace       used 24252K, capacity 24650K, committed 24832K, reserved 26624K
}
Event: 711.006 GC heap before
{Heap before GC invocations=1537 (full 6):
 def new generation   total 2657088K, used 2498012K [0x00007f3430600000, 0x00007f34e4920000, 0x00007f3edb0a0000)
  eden space 2361856K, 100% used [0x00007f3430600000, 0x00007f34c0880000, 0x00007f34c0880000)
  from space 295232K,  46% used [0x00007f34d28d0000, 0x00007f34dadc73e8, 0x00007f34e4920000)
  to   space 295232K,   0% used [0x00007f34c0880000, 0x00007f34c0880000, 0x00007f34d28d0000)
 tenured generation   total 5904588K, used 5866069K [0x00007f3edb0a0000, 0x00007f40436d3000, 0x00007f5430600000)
   the space 5904588K,  99% used [0x00007f3edb0a0000, 0x00007f4041135448, 0x00007f4041135600, 0x00007f40436d3000)
 Metaspace       used 24252K, capacity 24650K, committed 24832K, reserved 26624K
}
Event: 711.030 GC heap after
{Heap after GC invocations=1538 (full 6):
 def new generation   total 2657088K, used 146450K [0x00007f3430600000, 0x00007f34e4920000, 0x00007f3edb0a0000)
  eden space 2361856K,   0% used [0x00007f3430600000, 0x00007f3430600000, 0x00007f34c0880000)
  from space 295232K,  49% used [0x00007f34c0880000, 0x00007f34c9784948, 0x00007f34d28d0000)
  to   space 295232K,   0% used [0x00007f34d28d0000, 0x00007f34d28d0000, 0x00007f34e4920000)
 tenured generation   total 5904588K, used 5866069K [0x00007f3edb0a0000, 0x00007f40436d3000, 0x00007f5430600000)
   the space 5904588K,  99% used [0x00007f3edb0a0000, 0x00007f4041135448, 0x00007f4041135600, 0x00007f40436d3000)
 Metaspace       used 24252K, capacity 24650K, committed 24832K, reserved 26624K
}
Event: 712.056 GC heap before
{Heap before GC invocations=1538 (full 6):
 def new generation   total 2657088K, used 2507510K [0x00007f3430600000, 0x00007f34e4920000, 0x00007f3edb0a0000)
  eden space 2361856K,  99% used [0x00007f3430600000, 0x00007f34c07b8ec0, 0x00007f34c0880000)
  from space 295232K,  49% used [0x00007f34c0880000, 0x00007f34c9784948, 0x00007f34d28d0000)
  to   space 295232K,   0% used [0x00007f34d28d0000, 0x00007f34d28d0000, 0x00007f34e4920000)
 tenured generation   total 5904588K, used 5866069K [0x00007f3edb0a0000, 0x00007f40436d3000, 0x00007f5430600000)
   the space 5904588K,  99% used [0x00007f3edb0a0000, 0x00007f4041135448, 0x00007f4041135600, 0x00007f40436d3000)
 Metaspace       used 24252K, capacity 24650K, committed 24832K, reserved 26624K
}
Event: 712.082 GC heap after
{Heap after GC invocations=1539 (full 6):
 def new generation   total 2657088K, used 153654K [0x00007f3430600000, 0x00007f34e4920000, 0x00007f3edb0a0000)
  eden space 2361856K,   0% used [0x00007f3430600000, 0x00007f3430600000, 0x00007f34c0880000)
  from space 295232K,  52% used [0x00007f34d28d0000, 0x00007f34dbeddb38, 0x00007f34e4920000)
  to   space 295232K,   0% used [0x00007f34c0880000, 0x00007f34c0880000, 0x00007f34d28d0000)
 tenured generation   total 5904588K, used 5866069K [0x00007f3edb0a0000, 0x00007f40436d3000, 0x00007f5430600000)
   the space 5904588K,  99% used [0x00007f3edb0a0000, 0x00007f4041135448, 0x00007f4041135600, 0x00007f40436d3000)
 Metaspace       used 24252K, capacity 24650K, committed 24832K, reserved 26624K
}
Event: 713.033 GC heap before
{Heap before GC invocations=1539 (full 6):
 def new generation   total 2657088K, used 2515510K [0x00007f3430600000, 0x00007f34e4920000, 0x00007f3edb0a0000)
  eden space 2361856K, 100% used [0x00007f3430600000, 0x00007f34c0880000, 0x00007f34c0880000)
  from space 295232K,  52% used [0x00007f34d28d0000, 0x00007f34dbeddb38, 0x00007f34e4920000)
  to   space 295232K,   0% used [0x00007f34c0880000, 0x00007f34c0880000, 0x00007f34d28d0000)
 tenured generation   total 5904588K, used 5866069K [0x00007f3edb0a0000, 0x00007f40436d3000, 0x00007f5430600000)
   the space 5904588K,  99% used [0x00007f3edb0a0000, 0x00007f4041135448, 0x00007f4041135600, 0x00007f40436d3000)
 Metaspace       used 24252K, capacity 24650K, committed 24832K, reserved 26624K
}
Event: 713.065 GC heap after
{Heap after GC invocations=1540 (full 6):
 def new generation   total 2657088K, used 151066K [0x00007f3430600000, 0x00007f34e4920000, 0x00007f3edb0a0000)
  eden space 2361856K,   0% used [0x00007f3430600000, 0x00007f3430600000, 0x00007f34c0880000)
  from space 295232K,  51% used [0x00007f34c0880000, 0x00007f34c9c06950, 0x00007f34d28d0000)
  to   space 295232K,   0% used [0x00007f34d28d0000, 0x00007f34d28d0000, 0x00007f34e4920000)
 tenured generation   total 5904588K, used 5883027K [0x00007f3edb0a0000, 0x00007f40436d3000, 0x00007f5430600000)
   the space 5904588K,  99% used [0x00007f3edb0a0000, 0x00007f40421c4f30, 0x00007f40421c5000, 0x00007f40436d3000)
 Metaspace       used 24252K, capacity 24650K, committed 24832K, reserved 26624K
}
Event: 714.039 GC heap before
{Heap before GC invocations=1540 (full 6):
 def new generation   total 2657088K, used 2505643K [0x00007f3430600000, 0x00007f34e4920000, 0x00007f3edb0a0000)
  eden space 2361856K,  99% used [0x00007f3430600000, 0x00007f34c0164408, 0x00007f34c0880000)
  from space 295232K,  51% used [0x00007f34c0880000, 0x00007f34c9c06950, 0x00007f34d28d0000)
  to   space 295232K,   0% used [0x00007f34d28d0000, 0x00007f34d28d0000, 0x00007f34e4920000)
 tenured generation   total 5904588K, used 5883027K [0x00007f3edb0a0000, 0x00007f40436d3000, 0x00007f5430600000)
   the space 5904588K,  99% used [0x00007f3edb0a0000, 0x00007f40421c4f30, 0x00007f40421c5000, 0x00007f40436d3000)
 Metaspace       used 24252K, capacity 24650K, committed 24832K, reserved 26624K
}
Event: 714.078 GC heap after
{Heap after GC invocations=1541 (full 6):
 def new generation   total 2657088K, used 157226K [0x00007f3430600000, 0x00007f34e4920000, 0x00007f3edb0a0000)
  eden space 2361856K,   0% used [0x00007f3430600000, 0x00007f3430600000, 0x00007f34c0880000)
  from space 295232K,  53% used [0x00007f34d28d0000, 0x00007f34dc25ab48, 0x00007f34e4920000)
  to   space 295232K,   0% used [0x00007f34c0880000, 0x00007f34c0880000, 0x00007f34d28d0000)
 tenured generation   total 5904588K, used 5899986K [0x00007f3edb0a0000, 0x00007f40436d3000, 0x00007f5430600000)
   the space 5904588K,  99% used [0x00007f3edb0a0000, 0x00007f4043254a18, 0x00007f4043254c00, 0x00007f40436d3000)
 Metaspace       used 24252K, capacity 24650K, committed 24832K, reserved 26624K
}
Event: 715.071 GC heap before
{Heap before GC invocations=1541 (full 6):
 def new generation   total 2657088K, used 2519082K [0x00007f3430600000, 0x00007f34e4920000, 0x00007f3edb0a0000)
  eden space 2361856K, 100% used [0x00007f3430600000, 0x00007f34c0880000, 0x00007f34c0880000)
  from space 295232K,  53% used [0x00007f34d28d0000, 0x00007f34dc25ab48, 0x00007f34e4920000)
  to   space 295232K,   0% used [0x00007f34c0880000, 0x00007f34c0880000, 0x00007f34d28d0000)
 tenured generation   total 5904588K, used 5899986K [0x00007f3edb0a0000, 0x00007f40436d3000, 0x00007f5430600000)
   the space 5904588K,  99% used [0x00007f3edb0a0000, 0x00007f4043254a18, 0x00007f4043254c00, 0x00007f40436d3000)
 Metaspace       used 24252K, capacity 24650K, committed 24832K, reserved 26624K
}
Event: 715.109 GC heap after
{Heap after GC invocations=1542 (full 6):
 def new generation   total 2657088K, used 135663K [0x00007f3430600000, 0x00007f34e4920000, 0x00007f3edb0a0000)
  eden space 2361856K,   0% used [0x00007f3430600000, 0x00007f3430600000, 0x00007f34c0880000)
  from space 295232K,  45% used [0x00007f34c0880000, 0x00007f34c8cfbe48, 0x00007f34d28d0000)
  to   space 295232K,   0% used [0x00007f34d28d0000, 0x00007f34d28d0000, 0x00007f34e4920000)
 tenured generation   total 5920976K, used 5916945K [0x00007f3edb0a0000, 0x00007f40446d4000, 0x00007f5430600000)
   the space 5920976K,  99% used [0x00007f3edb0a0000, 0x00007f40442e4500, 0x00007f40442e4600, 0x00007f40446d4000)
 Metaspace       used 24252K, capacity 24650K, committed 24832K, reserved 26624K
}
Event: 715.109 GC heap before
{Heap before GC invocations=1542 (full 6):
 def new generation   total 2657088K, used 135663K [0x00007f3430600000, 0x00007f34e4920000, 0x00007f3edb0a0000)
  eden space 2361856K,   0% used [0x00007f3430600000, 0x00007f3430600000, 0x00007f34c0880000)
  from space 295232K,  45% used [0x00007f34c0880000, 0x00007f34c8cfbe48, 0x00007f34d28d0000)
  to   space 295232K,   0% used [0x00007f34d28d0000, 0x00007f34d28d0000, 0x00007f34e4920000)
 tenured generation   total 5920976K, used 5916945K [0x00007f3edb0a0000, 0x00007f40446d4000, 0x00007f5430600000)
   the space 5920976K,  99% used [0x00007f3edb0a0000, 0x00007f40442e4500, 0x00007f40442e4600, 0x00007f40446d4000)
 Metaspace       used 24252K, capacity 24650K, committed 24832K, reserved 26624K
}

