# JRE version: OpenJDK Runtime Environment (13.0.7+5) (build 13.0.7+5-Ubuntu-0ubuntu120.04)
# Java VM: OpenJDK 64-Bit Server VM (13.0.7+5-Ubuntu-0ubuntu120.04, mixed mode, tiered, serial gc, linux-amd64)
Heap:
 def new generation   total 4522176K, used 0K [0x00007eeca0600000, 0x00007eedd30d0000, 0x00007ef74b0a0000)
  eden space 4019776K,   0% used [0x00007eeca0600000, 0x00007eeca0600000, 0x00007eed95b90000)
  from space 502400K,   0% used [0x00007eed95b90000, 0x00007eed95b90000, 0x00007eedb4630000)
  to   space 502400K,   0% used [0x00007eedb4630000, 0x00007eedb4630000, 0x00007eedd30d0000)
 tenured generation   total 10065480K, used 9990745K [0x00007ef74b0a0000, 0x00007ef9b1632000, 0x00007f0ca0600000)
   the space 10065480K,  99% used [0x00007ef74b0a0000, 0x00007ef9acd36568, 0x00007ef9acd36600, 0x00007ef9b1632000)
 Metaspace       used 24229K, capacity 24631K, committed 24832K, reserved 26624K
GC Heap History (20 events):
Event: 1176.009 GC heap after
{Heap after GC invocations=1779 (full 7):
 def new generation   total 4522176K, used 203494K [0x00007eeca0600000, 0x00007eedd30d0000, 0x00007ef74b0a0000)
  eden space 4019776K,   0% used [0x00007eeca0600000, 0x00007eeca0600000, 0x00007eed95b90000)
  from space 502400K,  40% used [0x00007eedb4630000, 0x00007eedc0ce9b70, 0x00007eedd30d0000)
  to   space 502400K,   0% used [0x00007eed95b90000, 0x00007eed95b90000, 0x00007eedb4630000)
 tenured generation   total 10049092K, used 9959302K [0x00007ef74b0a0000, 0x00007ef9b0631000, 0x00007f0ca0600000)
   the space 10049092K,  99% used [0x00007ef74b0a0000, 0x00007ef9aae81ac8, 0x00007ef9aae81c00, 0x00007ef9b0631000)
 Metaspace       used 24229K, capacity 24631K, committed 24832K, reserved 26624K
}
Event: 1177.762 GC heap before
{Heap before GC invocations=1779 (full 7):
 def new generation   total 4522176K, used 4223270K [0x00007eeca0600000, 0x00007eedd30d0000, 0x00007ef74b0a0000)
  eden space 4019776K, 100% used [0x00007eeca0600000, 0x00007eed95b90000, 0x00007eed95b90000)
  from space 502400K,  40% used [0x00007eedb4630000, 0x00007eedc0ce9b70, 0x00007eedd30d0000)
  to   space 502400K,   0% used [0x00007eed95b90000, 0x00007eed95b90000, 0x00007eedb4630000)
 tenured generation   total 10049092K, used 9959302K [0x00007ef74b0a0000, 0x00007ef9b0631000, 0x00007f0ca0600000)
   the space 10049092K,  99% used [0x00007ef74b0a0000, 0x00007ef9aae81ac8, 0x00007ef9aae81c00, 0x00007ef9b0631000)
 Metaspace       used 24229K, capacity 24631K, committed 24832K, reserved 26624K
}
Event: 1177.823 GC heap after
{Heap after GC invocations=1780 (full 7):
 def new generation   total 4522176K, used 225632K [0x00007eeca0600000, 0x00007eedd30d0000, 0x00007ef74b0a0000)
  eden space 4019776K,   0% used [0x00007eeca0600000, 0x00007eeca0600000, 0x00007eed95b90000)
  from space 502400K,  44% used [0x00007eed95b90000, 0x00007eeda37e80d0, 0x00007eedb4630000)
  to   space 502400K,   0% used [0x00007eedb4630000, 0x00007eedb4630000, 0x00007eedd30d0000)
 tenured generation   total 10049092K, used 9959302K [0x00007ef74b0a0000, 0x00007ef9b0631000, 0x00007f0ca0600000)
   the space 10049092K,  99% used [0x00007ef74b0a0000, 0x00007ef9aae81ac8, 0x00007ef9aae81c00, 0x00007ef9b0631000)
 Metaspace       used 24229K, capacity 24631K, committed 24832K, reserved 26624K
}
Event: 1179.647 GC heap before
{Heap before GC invocations=1780 (full 7):
 def new generation   total 4522176K, used 4245408K [0x00007eeca0600000, 0x00007eedd30d0000, 0x00007ef74b0a0000)
  eden space 4019776K, 100% used [0x00007eeca0600000, 0x00007eed95b90000, 0x00007eed95b90000)
  from space 502400K,  44% used [0x00007eed95b90000, 0x00007eeda37e80d0, 0x00007eedb4630000)
  to   space 502400K,   0% used [0x00007eedb4630000, 0x00007eedb4630000, 0x00007eedd30d0000)
 tenured generation   total 10049092K, used 9959302K [0x00007ef74b0a0000, 0x00007ef9b0631000, 0x00007f0ca0600000)
   the space 10049092K,  99% used [0x00007ef74b0a0000, 0x00007ef9aae81ac8, 0x00007ef9aae81c00, 0x00007ef9b0631000)
 Metaspace       used 24229K, capacity 24631K, committed 24832K, reserved 26624K
}
Event: 1179.706 GC heap after
{Heap after GC invocations=1781 (full 7):
 def new generation   total 4522176K, used 208147K [0x00007eeca0600000, 0x00007eedd30d0000, 0x00007ef74b0a0000)
  eden space 4019776K,   0% used [0x00007eeca0600000, 0x00007eeca0600000, 0x00007eed95b90000)
  from space 502400K,  41% used [0x00007eedb4630000, 0x00007eedc1174e40, 0x00007eedd30d0000)
  to   space 502400K,   0% used [0x00007eed95b90000, 0x00007eed95b90000, 0x00007eedb4630000)
 tenured generation   total 10049092K, used 9976261K [0x00007ef74b0a0000, 0x00007ef9b0631000, 0x00007f0ca0600000)
   the space 10049092K,  99% used [0x00007ef74b0a0000, 0x00007ef9abf11760, 0x00007ef9abf11800, 0x00007ef9b0631000)
 Metaspace       used 24229K, capacity 24631K, committed 24832K, reserved 26624K
}
Event: 1181.678 GC heap before
{Heap before GC invocations=1781 (full 7):
 def new generation   total 4522176K, used 4227923K [0x00007eeca0600000, 0x00007eedd30d0000, 0x00007ef74b0a0000)
  eden space 4019776K, 100% used [0x00007eeca0600000, 0x00007eed95b90000, 0x00007eed95b90000)
  from space 502400K,  41% used [0x00007eedb4630000, 0x00007eedc1174e40, 0x00007eedd30d0000)
  to   space 502400K,   0% used [0x00007eed95b90000, 0x00007eed95b90000, 0x00007eedb4630000)
 tenured generation   total 10049092K, used 9976261K [0x00007ef74b0a0000, 0x00007ef9b0631000, 0x00007f0ca0600000)
   the space 10049092K,  99% used [0x00007ef74b0a0000, 0x00007ef9abf11760, 0x00007ef9abf11800, 0x00007ef9b0631000)
 Metaspace       used 24229K, capacity 24631K, committed 24832K, reserved 26624K
}
Event: 1181.733 GC heap after
{Heap after GC invocations=1782 (full 7):
 def new generation   total 4522176K, used 204007K [0x00007eeca0600000, 0x00007eedd30d0000, 0x00007ef74b0a0000)
  eden space 4019776K,   0% used [0x00007eeca0600000, 0x00007eeca0600000, 0x00007eed95b90000)
  from space 502400K,  40% used [0x00007eed95b90000, 0x00007eeda22c9c98, 0x00007eedb4630000)
  to   space 502400K,   0% used [0x00007eedb4630000, 0x00007eedb4630000, 0x00007eedd30d0000)
 tenured generation   total 10049092K, used 9993220K [0x00007ef74b0a0000, 0x00007ef9b0631000, 0x00007f0ca0600000)
   the space 10049092K,  99% used [0x00007ef74b0a0000, 0x00007ef9acfa13f8, 0x00007ef9acfa1400, 0x00007ef9b0631000)
 Metaspace       used 24229K, capacity 24631K, committed 24832K, reserved 26624K
}
Event: 1183.506 GC heap before
{Heap before GC invocations=1782 (full 7):
 def new generation   total 4522176K, used 4223783K [0x00007eeca0600000, 0x00007eedd30d0000, 0x00007ef74b0a0000)
  eden space 4019776K, 100% used [0x00007eeca0600000, 0x00007eed95b90000, 0x00007eed95b90000)
  from space 502400K,  40% used [0x00007eed95b90000, 0x00007eeda22c9c98, 0x00007eedb4630000)
  to   space 502400K,   0% used [0x00007eedb4630000, 0x00007eedb4630000, 0x00007eedd30d0000)
 tenured generation   total 10049092K, used 9993220K [0x00007ef74b0a0000, 0x00007ef9b0631000, 0x00007f0ca0600000)
   the space 10049092K,  99% used [0x00007ef74b0a0000, 0x00007ef9acfa13f8, 0x00007ef9acfa1400, 0x00007ef9b0631000)
 Metaspace       used 24229K, capacity 24631K, committed 24832K, reserved 26624K
}
Event: 1183.571 GC heap after
{Heap after GC invocations=1783 (full 7):
 def new generation   total 4522176K, used 201965K [0x00007eeca0600000, 0x00007eedd30d0000, 0x00007ef74b0a0000)
  eden space 4019776K,   0% used [0x00007eeca0600000, 0x00007eeca0600000, 0x00007eed95b90000)
  from space 502400K,  40% used [0x00007eedb4630000, 0x00007eedc0b6b740, 0x00007eedd30d0000)
  to   space 502400K,   0% used [0x00007eed95b90000, 0x00007eed95b90000, 0x00007eedb4630000)
 tenured generation   total 10049092K, used 10010180K [0x00007ef74b0a0000, 0x00007ef9b0631000, 0x00007f0ca0600000)
   the space 10049092K,  99% used [0x00007ef74b0a0000, 0x00007ef9ae031090, 0x00007ef9ae031200, 0x00007ef9b0631000)
 Metaspace       used 24229K, capacity 24631K, committed 24832K, reserved 26624K
}
Event: 1185.414 GC heap before
{Heap before GC invocations=1783 (full 7):
 def new generation   total 4522176K, used 4212846K [0x00007eeca0600000, 0x00007eedd30d0000, 0x00007ef74b0a0000)
  eden space 4019776K,  99% used [0x00007eeca0600000, 0x00007eed952e03b8, 0x00007eed95b90000)
  from space 502400K,  40% used [0x00007eedb4630000, 0x00007eedc0b6b740, 0x00007eedd30d0000)
  to   space 502400K,   0% used [0x00007eed95b90000, 0x00007eed95b90000, 0x00007eedb4630000)
 tenured generation   total 10049092K, used 10010180K [0x00007ef74b0a0000, 0x00007ef9b0631000, 0x00007f0ca0600000)
   the space 10049092K,  99% used [0x00007ef74b0a0000, 0x00007ef9ae031090, 0x00007ef9ae031200, 0x00007ef9b0631000)
 Metaspace       used 24229K, capacity 24631K, committed 24832K, reserved 26624K
}
Event: 1185.462 GC heap after
{Heap after GC invocations=1784 (full 7):
 def new generation   total 4522176K, used 211743K [0x00007eeca0600000, 0x00007eedd30d0000, 0x00007ef74b0a0000)
  eden space 4019776K,   0% used [0x00007eeca0600000, 0x00007eeca0600000, 0x00007eed95b90000)
  from space 502400K,  42% used [0x00007eed95b90000, 0x00007eeda2a57d38, 0x00007eedb4630000)
  to   space 502400K,   0% used [0x00007eedb4630000, 0x00007eedb4630000, 0x00007eedd30d0000)
 tenured generation   total 10049092K, used 10010180K [0x00007ef74b0a0000, 0x00007ef9b0631000, 0x00007f0ca0600000)
   the space 10049092K,  99% used [0x00007ef74b0a0000, 0x00007ef9ae031090, 0x00007ef9ae031200, 0x00007ef9b0631000)
 Metaspace       used 24229K, capacity 24631K, committed 24832K, reserved 26624K
}
Event: 1187.459 GC heap before
{Heap before GC invocations=1784 (full 7):
 def new generation   total 4522176K, used 4221407K [0x00007eeca0600000, 0x00007eedd30d0000, 0x00007ef74b0a0000)
  eden space 4019776K,  99% used [0x00007eeca0600000, 0x00007eed951b00a8, 0x00007eed95b90000)
  from space 502400K,  42% used [0x00007eed95b90000, 0x00007eeda2a57d38, 0x00007eedb4630000)
  to   space 502400K,   0% used [0x00007eedb4630000, 0x00007eedb4630000, 0x00007eedd30d0000)
 tenured generation   total 10049092K, used 10010180K [0x00007ef74b0a0000, 0x00007ef9b0631000, 0x00007f0ca0600000)
   the space 10049092K,  99% used [0x00007ef74b0a0000, 0x00007ef9ae031090, 0x00007ef9ae031200, 0x00007ef9b0631000)
 Metaspace       used 24229K, capacity 24631K, committed 24832K, reserved 26624K
}
Event: 1187.522 GC heap after
{Heap after GC invocations=1785 (full 7):
 def new generation   total 4522176K, used 204542K [0x00007eeca0600000, 0x00007eedd30d0000, 0x00007ef74b0a0000)
  eden space 4019776K,   0% used [0x00007eeca0600000, 0x00007eeca0600000, 0x00007eed95b90000)
  from space 502400K,  40% used [0x00007eedb4630000, 0x00007eedc0def8e8, 0x00007eedd30d0000)
  to   space 502400K,   0% used [0x00007eed95b90000, 0x00007eed95b90000, 0x00007eedb4630000)
 tenured generation   total 10049092K, used 10027139K [0x00007ef74b0a0000, 0x00007ef9b0631000, 0x00007f0ca0600000)
   the space 10049092K,  99% used [0x00007ef74b0a0000, 0x00007ef9af0c0d28, 0x00007ef9af0c0e00, 0x00007ef9b0631000)
 Metaspace       used 24229K, capacity 24631K, committed 24832K, reserved 26624K
}
Event: 1189.459 GC heap before
{Heap before GC invocations=1785 (full 7):
 def new generation   total 4522176K, used 4224318K [0x00007eeca0600000, 0x00007eedd30d0000, 0x00007ef74b0a0000)
  eden space 4019776K, 100% used [0x00007eeca0600000, 0x00007eed95b90000, 0x00007eed95b90000)
  from space 502400K,  40% used [0x00007eedb4630000, 0x00007eedc0def8e8, 0x00007eedd30d0000)
  to   space 502400K,   0% used [0x00007eed95b90000, 0x00007eed95b90000, 0x00007eedb4630000)
 tenured generation   total 10049092K, used 10027139K [0x00007ef74b0a0000, 0x00007ef9b0631000, 0x00007f0ca0600000)
   the space 10049092K,  99% used [0x00007ef74b0a0000, 0x00007ef9af0c0d28, 0x00007ef9af0c0e00, 0x00007ef9b0631000)
 Metaspace       used 24229K, capacity 24631K, committed 24832K, reserved 26624K
}
Event: 1189.520 GC heap after
{Heap after GC invocations=1786 (full 7):
 def new generation   total 4522176K, used 203504K [0x00007eeca0600000, 0x00007eedd30d0000, 0x00007ef74b0a0000)
  eden space 4019776K,   0% used [0x00007eeca0600000, 0x00007eeca0600000, 0x00007eed95b90000)
  from space 502400K,  40% used [0x00007eed95b90000, 0x00007eeda224c0b8, 0x00007eedb4630000)
  to   space 502400K,   0% used [0x00007eedb4630000, 0x00007eedb4630000, 0x00007eedd30d0000)
 tenured generation   total 10049092K, used 10044098K [0x00007ef74b0a0000, 0x00007ef9b0631000, 0x00007f0ca0600000)
   the space 10049092K,  99% used [0x00007ef74b0a0000, 0x00007ef9b01509c0, 0x00007ef9b0150a00, 0x00007ef9b0631000)
 Metaspace       used 24229K, capacity 24631K, committed 24832K, reserved 26624K
}
Event: 1191.394 GC heap before
{Heap before GC invocations=1786 (full 7):
 def new generation   total 4522176K, used 4223280K [0x00007eeca0600000, 0x00007eedd30d0000, 0x00007ef74b0a0000)
  eden space 4019776K, 100% used [0x00007eeca0600000, 0x00007eed95b90000, 0x00007eed95b90000)
  from space 502400K,  40% used [0x00007eed95b90000, 0x00007eeda224c0b8, 0x00007eedb4630000)
  to   space 502400K,   0% used [0x00007eedb4630000, 0x00007eedb4630000, 0x00007eedd30d0000)
 tenured generation   total 10049092K, used 10044098K [0x00007ef74b0a0000, 0x00007ef9b0631000, 0x00007f0ca0600000)
   the space 10049092K,  99% used [0x00007ef74b0a0000, 0x00007ef9b01509c0, 0x00007ef9b0150a00, 0x00007ef9b0631000)
 Metaspace       used 24229K, capacity 24631K, committed 24832K, reserved 26624K
}
Event: 1191.440 GC heap after
{Heap after GC invocations=1787 (full 7):
 def new generation   total 4522176K, used 217386K [0x00007eeca0600000, 0x00007eedd30d0000, 0x00007ef74b0a0000)
  eden space 4019776K,   0% used [0x00007eeca0600000, 0x00007eeca0600000, 0x00007eed95b90000)
  from space 502400K,  43% used [0x00007eedb4630000, 0x00007eedc1a7ab48, 0x00007eedd30d0000)
  to   space 502400K,   0% used [0x00007eed95b90000, 0x00007eed95b90000, 0x00007eedb4630000)
 tenured generation   total 10049092K, used 10044098K [0x00007ef74b0a0000, 0x00007ef9b0631000, 0x00007f0ca0600000)
   the space 10049092K,  99% used [0x00007ef74b0a0000, 0x00007ef9b01509c0, 0x00007ef9b0150a00, 0x00007ef9b0631000)
 Metaspace       used 24229K, capacity 24631K, committed 24832K, reserved 26624K
}
Event: 1193.333 GC heap before
{Heap before GC invocations=1787 (full 7):
 def new generation   total 4522176K, used 4237162K [0x00007eeca0600000, 0x00007eedd30d0000, 0x00007ef74b0a0000)
  eden space 4019776K, 100% used [0x00007eeca0600000, 0x00007eed95b90000, 0x00007eed95b90000)
  from space 502400K,  43% used [0x00007eedb4630000, 0x00007eedc1a7ab48, 0x00007eedd30d0000)
  to   space 502400K,   0% used [0x00007eed95b90000, 0x00007eed95b90000, 0x00007eedb4630000)
 tenured generation   total 10049092K, used 10044098K [0x00007ef74b0a0000, 0x00007ef9b0631000, 0x00007f0ca0600000)
   the space 10049092K,  99% used [0x00007ef74b0a0000, 0x00007ef9b01509c0, 0x00007ef9b0150a00, 0x00007ef9b0631000)
 Metaspace       used 24229K, capacity 24631K, committed 24832K, reserved 26624K
}
Event: 1193.397 GC heap after
{Heap after GC invocations=1788 (full 7):
 def new generation   total 4522176K, used 213789K [0x00007eeca0600000, 0x00007eedd30d0000, 0x00007ef74b0a0000)
  eden space 4019776K,   0% used [0x00007eeca0600000, 0x00007eeca0600000, 0x00007eed95b90000)
  from space 502400K,  42% used [0x00007eed95b90000, 0x00007eeda2c57510, 0x00007eedb4630000)
  to   space 502400K,   0% used [0x00007eedb4630000, 0x00007eedb4630000, 0x00007eedd30d0000)
 tenured generation   total 10065480K, used 10061057K [0x00007ef74b0a0000, 0x00007ef9b1632000, 0x00007f0ca0600000)
   the space 10065480K,  99% used [0x00007ef74b0a0000, 0x00007ef9b11e0658, 0x00007ef9b11e0800, 0x00007ef9b1632000)
 Metaspace       used 24229K, capacity 24631K, committed 24832K, reserved 26624K
}
Event: 1193.397 GC heap before
{Heap before GC invocations=1788 (full 7):
 def new generation   total 4522176K, used 213789K [0x00007eeca0600000, 0x00007eedd30d0000, 0x00007ef74b0a0000)
  eden space 4019776K,   0% used [0x00007eeca0600000, 0x00007eeca0600000, 0x00007eed95b90000)
  from space 502400K,  42% used [0x00007eed95b90000, 0x00007eeda2c57510, 0x00007eedb4630000)
  to   space 502400K,   0% used [0x00007eedb4630000, 0x00007eedb4630000, 0x00007eedd30d0000)
 tenured generation   total 10065480K, used 10061057K [0x00007ef74b0a0000, 0x00007ef9b1632000, 0x00007f0ca0600000)
   the space 10065480K,  99% used [0x00007ef74b0a0000, 0x00007ef9b11e0658, 0x00007ef9b11e0800, 0x00007ef9b1632000)
 Metaspace       used 24229K, capacity 24631K, committed 24832K, reserved 26624K
}

