# JRE version: OpenJDK Runtime Environment (13.0.7+5) (build 13.0.7+5-Ubuntu-0ubuntu120.04)
# Java VM: OpenJDK 64-Bit Server VM (13.0.7+5-Ubuntu-0ubuntu120.04, mixed mode, tiered, serial gc, linux-amd64)
Heap:
 def new generation   total 2738944K, used 89927K [0x00007f89a0600000, 0x00007f8a5a1f0000, 0x00007f944b0a0000)
  eden space 2434624K,   3% used [0x00007f89a0600000, 0x00007f89a5dd1e00, 0x00007f8a34f90000)
  from space 304320K,   0% used [0x00007f8a34f90000, 0x00007f8a34f90000, 0x00007f8a478c0000)
  to   space 304320K,   0% used [0x00007f8a478c0000, 0x00007f8a478c0000, 0x00007f8a5a1f0000)
 tenured generation   total 6102852K, used 6102850K [0x00007f944b0a0000, 0x00007f95bf871000, 0x00007fa9a0600000)
   the space 6102852K,  99% used [0x00007f944b0a0000, 0x00007f95bf8708a0, 0x00007f95bf870a00, 0x00007f95bf871000)
 Metaspace       used 24270K, capacity 24696K, committed 24832K, reserved 26624K
GC Heap History (20 events):
Event: 2930.895 GC heap after
{Heap after GC invocations=2455 (full 6):
 def new generation   total 2738944K, used 101759K [0x00007f89a0600000, 0x00007f8a5a1f0000, 0x00007f944b0a0000)
  eden space 2434624K,   0% used [0x00007f89a0600000, 0x00007f89a0600000, 0x00007f8a34f90000)
  from space 304320K,  33% used [0x00007f8a478c0000, 0x00007f8a4dc1ffc8, 0x00007f8a5a1f0000)
  to   space 304320K,   0% used [0x00007f8a34f90000, 0x00007f8a34f90000, 0x00007f8a478c0000)
 tenured generation   total 6086464K, used 6044234K [0x00007f944b0a0000, 0x00007f95be870000, 0x00007fa9a0600000)
   the space 6086464K,  99% used [0x00007f944b0a0000, 0x00007f95bbf32b08, 0x00007f95bbf32c00, 0x00007f95be870000)
 Metaspace       used 24270K, capacity 24696K, committed 24832K, reserved 26624K
}
Event: 2932.741 GC heap before
{Heap before GC invocations=2455 (full 6):
 def new generation   total 2738944K, used 2527378K [0x00007f89a0600000, 0x00007f8a5a1f0000, 0x00007f944b0a0000)
  eden space 2434624K,  99% used [0x00007f89a0600000, 0x00007f8a346c4880, 0x00007f8a34f90000)
  from space 304320K,  33% used [0x00007f8a478c0000, 0x00007f8a4dc1ffc8, 0x00007f8a5a1f0000)
  to   space 304320K,   0% used [0x00007f8a34f90000, 0x00007f8a34f90000, 0x00007f8a478c0000)
 tenured generation   total 6086464K, used 6044234K [0x00007f944b0a0000, 0x00007f95be870000, 0x00007fa9a0600000)
   the space 6086464K,  99% used [0x00007f944b0a0000, 0x00007f95bbf32b08, 0x00007f95bbf32c00, 0x00007f95be870000)
 Metaspace       used 24270K, capacity 24696K, committed 24832K, reserved 26624K
}
Event: 2932.818 GC heap after
{Heap after GC invocations=2456 (full 6):
 def new generation   total 2738944K, used 121783K [0x00007f89a0600000, 0x00007f8a5a1f0000, 0x00007f944b0a0000)
  eden space 2434624K,   0% used [0x00007f89a0600000, 0x00007f89a0600000, 0x00007f8a34f90000)
  from space 304320K,  40% used [0x00007f8a34f90000, 0x00007f8a3c67de18, 0x00007f8a478c0000)
  to   space 304320K,   0% used [0x00007f8a478c0000, 0x00007f8a478c0000, 0x00007f8a5a1f0000)
 tenured generation   total 6086464K, used 6044234K [0x00007f944b0a0000, 0x00007f95be870000, 0x00007fa9a0600000)
   the space 6086464K,  99% used [0x00007f944b0a0000, 0x00007f95bbf32b08, 0x00007f95bbf32c00, 0x00007f95be870000)
 Metaspace       used 24270K, capacity 24696K, committed 24832K, reserved 26624K
}
Event: 2935.082 GC heap before
{Heap before GC invocations=2456 (full 6):
 def new generation   total 2738944K, used 2556407K [0x00007f89a0600000, 0x00007f8a5a1f0000, 0x00007f944b0a0000)
  eden space 2434624K, 100% used [0x00007f89a0600000, 0x00007f8a34f90000, 0x00007f8a34f90000)
  from space 304320K,  40% used [0x00007f8a34f90000, 0x00007f8a3c67de18, 0x00007f8a478c0000)
  to   space 304320K,   0% used [0x00007f8a478c0000, 0x00007f8a478c0000, 0x00007f8a5a1f0000)
 tenured generation   total 6086464K, used 6044234K [0x00007f944b0a0000, 0x00007f95be870000, 0x00007fa9a0600000)
   the space 6086464K,  99% used [0x00007f944b0a0000, 0x00007f95bbf32b08, 0x00007f95bbf32c00, 0x00007f95be870000)
 Metaspace       used 24270K, capacity 24696K, committed 24832K, reserved 26624K
}
Event: 2935.189 GC heap after
{Heap after GC invocations=2457 (full 6):
 def new generation   total 2738944K, used 99758K [0x00007f89a0600000, 0x00007f8a5a1f0000, 0x00007f944b0a0000)
  eden space 2434624K,   0% used [0x00007f89a0600000, 0x00007f89a0600000, 0x00007f8a34f90000)
  from space 304320K,  32% used [0x00007f8a478c0000, 0x00007f8a4da2b900, 0x00007f8a5a1f0000)
  to   space 304320K,   0% used [0x00007f8a34f90000, 0x00007f8a34f90000, 0x00007f8a478c0000)
 tenured generation   total 6086464K, used 6061194K [0x00007f944b0a0000, 0x00007f95be870000, 0x00007fa9a0600000)
   the space 6086464K,  99% used [0x00007f944b0a0000, 0x00007f95bcfc2b00, 0x00007f95bcfc2c00, 0x00007f95be870000)
 Metaspace       used 24270K, capacity 24696K, committed 24832K, reserved 26624K
}
Event: 2937.031 GC heap before
{Heap before GC invocations=2457 (full 6):
 def new generation   total 2738944K, used 2534382K [0x00007f89a0600000, 0x00007f8a5a1f0000, 0x00007f944b0a0000)
  eden space 2434624K, 100% used [0x00007f89a0600000, 0x00007f8a34f90000, 0x00007f8a34f90000)
  from space 304320K,  32% used [0x00007f8a478c0000, 0x00007f8a4da2b900, 0x00007f8a5a1f0000)
  to   space 304320K,   0% used [0x00007f8a34f90000, 0x00007f8a34f90000, 0x00007f8a478c0000)
 tenured generation   total 6086464K, used 6061194K [0x00007f944b0a0000, 0x00007f95be870000, 0x00007fa9a0600000)
   the space 6086464K,  99% used [0x00007f944b0a0000, 0x00007f95bcfc2b00, 0x00007f95bcfc2c00, 0x00007f95be870000)
 Metaspace       used 24270K, capacity 24696K, committed 24832K, reserved 26624K
}
Event: 2937.100 GC heap after
{Heap after GC invocations=2458 (full 6):
 def new generation   total 2738944K, used 101770K [0x00007f89a0600000, 0x00007f8a5a1f0000, 0x00007f944b0a0000)
  eden space 2434624K,   0% used [0x00007f89a0600000, 0x00007f89a0600000, 0x00007f8a34f90000)
  from space 304320K,  33% used [0x00007f8a34f90000, 0x00007f8a3b2f2aa0, 0x00007f8a478c0000)
  to   space 304320K,   0% used [0x00007f8a478c0000, 0x00007f8a478c0000, 0x00007f8a5a1f0000)
 tenured generation   total 6086464K, used 6061194K [0x00007f944b0a0000, 0x00007f95be870000, 0x00007fa9a0600000)
   the space 6086464K,  99% used [0x00007f944b0a0000, 0x00007f95bcfc2b00, 0x00007f95bcfc2c00, 0x00007f95be870000)
 Metaspace       used 24270K, capacity 24696K, committed 24832K, reserved 26624K
}
Event: 2938.758 GC heap before
{Heap before GC invocations=2458 (full 6):
 def new generation   total 2738944K, used 2536247K [0x00007f89a0600000, 0x00007f8a5a1f0000, 0x00007f944b0a0000)
  eden space 2434624K,  99% used [0x00007f89a0600000, 0x00007f8a34f6b2d0, 0x00007f8a34f90000)
  from space 304320K,  33% used [0x00007f8a34f90000, 0x00007f8a3b2f2aa0, 0x00007f8a478c0000)
  to   space 304320K,   0% used [0x00007f8a478c0000, 0x00007f8a478c0000, 0x00007f8a5a1f0000)
 tenured generation   total 6086464K, used 6061194K [0x00007f944b0a0000, 0x00007f95be870000, 0x00007fa9a0600000)
   the space 6086464K,  99% used [0x00007f944b0a0000, 0x00007f95bcfc2b00, 0x00007f95bcfc2c00, 0x00007f95be870000)
 Metaspace       used 24270K, capacity 24696K, committed 24832K, reserved 26624K
}
Event: 2938.818 GC heap after
{Heap after GC invocations=2459 (full 6):
 def new generation   total 2738944K, used 102790K [0x00007f89a0600000, 0x00007f8a5a1f0000, 0x00007f944b0a0000)
  eden space 2434624K,   0% used [0x00007f89a0600000, 0x00007f89a0600000, 0x00007f8a34f90000)
  from space 304320K,  33% used [0x00007f8a478c0000, 0x00007f8a4dd21ad8, 0x00007f8a5a1f0000)
  to   space 304320K,   0% used [0x00007f8a34f90000, 0x00007f8a34f90000, 0x00007f8a478c0000)
 tenured generation   total 6086464K, used 6061194K [0x00007f944b0a0000, 0x00007f95be870000, 0x00007fa9a0600000)
   the space 6086464K,  99% used [0x00007f944b0a0000, 0x00007f95bcfc2b00, 0x00007f95bcfc2c00, 0x00007f95be870000)
 Metaspace       used 24270K, capacity 24696K, committed 24832K, reserved 26624K
}
Event: 2940.773 GC heap before
{Heap before GC invocations=2459 (full 6):
 def new generation   total 2738944K, used 2537414K [0x00007f89a0600000, 0x00007f8a5a1f0000, 0x00007f944b0a0000)
  eden space 2434624K, 100% used [0x00007f89a0600000, 0x00007f8a34f90000, 0x00007f8a34f90000)
  from space 304320K,  33% used [0x00007f8a478c0000, 0x00007f8a4dd21ad8, 0x00007f8a5a1f0000)
  to   space 304320K,   0% used [0x00007f8a34f90000, 0x00007f8a34f90000, 0x00007f8a478c0000)
 tenured generation   total 6086464K, used 6061194K [0x00007f944b0a0000, 0x00007f95be870000, 0x00007fa9a0600000)
   the space 6086464K,  99% used [0x00007f944b0a0000, 0x00007f95bcfc2b00, 0x00007f95bcfc2c00, 0x00007f95be870000)
 Metaspace       used 24270K, capacity 24696K, committed 24832K, reserved 26624K
}
Event: 2940.832 GC heap after
{Heap after GC invocations=2460 (full 6):
 def new generation   total 2738944K, used 109985K [0x00007f89a0600000, 0x00007f8a5a1f0000, 0x00007f944b0a0000)
  eden space 2434624K,   0% used [0x00007f89a0600000, 0x00007f89a0600000, 0x00007f8a34f90000)
  from space 304320K,  36% used [0x00007f8a34f90000, 0x00007f8a3baf8500, 0x00007f8a478c0000)
  to   space 304320K,   0% used [0x00007f8a478c0000, 0x00007f8a478c0000, 0x00007f8a5a1f0000)
 tenured generation   total 6086464K, used 6061209K [0x00007f944b0a0000, 0x00007f95be870000, 0x00007fa9a0600000)
   the space 6086464K,  99% used [0x00007f944b0a0000, 0x00007f95bcfc6580, 0x00007f95bcfc6600, 0x00007f95be870000)
 Metaspace       used 24270K, capacity 24696K, committed 24832K, reserved 26624K
}
Event: 2943.089 GC heap before
{Heap before GC invocations=2460 (full 6):
 def new generation   total 2738944K, used 2544609K [0x00007f89a0600000, 0x00007f8a5a1f0000, 0x00007f944b0a0000)
  eden space 2434624K, 100% used [0x00007f89a0600000, 0x00007f8a34f90000, 0x00007f8a34f90000)
  from space 304320K,  36% used [0x00007f8a34f90000, 0x00007f8a3baf8500, 0x00007f8a478c0000)
  to   space 304320K,   0% used [0x00007f8a478c0000, 0x00007f8a478c0000, 0x00007f8a5a1f0000)
 tenured generation   total 6086464K, used 6061209K [0x00007f944b0a0000, 0x00007f95be870000, 0x00007fa9a0600000)
   the space 6086464K,  99% used [0x00007f944b0a0000, 0x00007f95bcfc6580, 0x00007f95bcfc6600, 0x00007f95be870000)
 Metaspace       used 24270K, capacity 24696K, committed 24832K, reserved 26624K
}
Event: 2943.183 GC heap after
{Heap after GC invocations=2461 (full 6):
 def new generation   total 2738944K, used 100217K [0x00007f89a0600000, 0x00007f8a5a1f0000, 0x00007f944b0a0000)
  eden space 2434624K,   0% used [0x00007f89a0600000, 0x00007f89a0600000, 0x00007f8a34f90000)
  from space 304320K,  32% used [0x00007f8a478c0000, 0x00007f8a4da9e690, 0x00007f8a5a1f0000)
  to   space 304320K,   0% used [0x00007f8a34f90000, 0x00007f8a34f90000, 0x00007f8a478c0000)
 tenured generation   total 6086464K, used 6078154K [0x00007f944b0a0000, 0x00007f95be870000, 0x00007fa9a0600000)
   the space 6086464K,  99% used [0x00007f944b0a0000, 0x00007f95be052af8, 0x00007f95be052c00, 0x00007f95be870000)
 Metaspace       used 24270K, capacity 24696K, committed 24832K, reserved 26624K
}
Event: 2945.000 GC heap before
{Heap before GC invocations=2461 (full 6):
 def new generation   total 2738944K, used 2534841K [0x00007f89a0600000, 0x00007f8a5a1f0000, 0x00007f944b0a0000)
  eden space 2434624K, 100% used [0x00007f89a0600000, 0x00007f8a34f90000, 0x00007f8a34f90000)
  from space 304320K,  32% used [0x00007f8a478c0000, 0x00007f8a4da9e690, 0x00007f8a5a1f0000)
  to   space 304320K,   0% used [0x00007f8a34f90000, 0x00007f8a34f90000, 0x00007f8a478c0000)
 tenured generation   total 6086464K, used 6078154K [0x00007f944b0a0000, 0x00007f95be870000, 0x00007fa9a0600000)
   the space 6086464K,  99% used [0x00007f944b0a0000, 0x00007f95be052af8, 0x00007f95be052c00, 0x00007f95be870000)
 Metaspace       used 24270K, capacity 24696K, committed 24832K, reserved 26624K
}
Event: 2945.059 GC heap after
{Heap after GC invocations=2462 (full 6):
 def new generation   total 2738944K, used 101770K [0x00007f89a0600000, 0x00007f8a5a1f0000, 0x00007f944b0a0000)
  eden space 2434624K,   0% used [0x00007f89a0600000, 0x00007f89a0600000, 0x00007f8a34f90000)
  from space 304320K,  33% used [0x00007f8a34f90000, 0x00007f8a3b2f29d0, 0x00007f8a478c0000)
  to   space 304320K,   0% used [0x00007f8a478c0000, 0x00007f8a478c0000, 0x00007f8a5a1f0000)
 tenured generation   total 6086464K, used 6078154K [0x00007f944b0a0000, 0x00007f95be870000, 0x00007fa9a0600000)
   the space 6086464K,  99% used [0x00007f944b0a0000, 0x00007f95be052af8, 0x00007f95be052c00, 0x00007f95be870000)
 Metaspace       used 24270K, capacity 24696K, committed 24832K, reserved 26624K
}
Event: 2946.930 GC heap before
{Heap before GC invocations=2462 (full 6):
 def new generation   total 2738944K, used 2536394K [0x00007f89a0600000, 0x00007f8a5a1f0000, 0x00007f944b0a0000)
  eden space 2434624K, 100% used [0x00007f89a0600000, 0x00007f8a34f90000, 0x00007f8a34f90000)
  from space 304320K,  33% used [0x00007f8a34f90000, 0x00007f8a3b2f29d0, 0x00007f8a478c0000)
  to   space 304320K,   0% used [0x00007f8a478c0000, 0x00007f8a478c0000, 0x00007f8a5a1f0000)
 tenured generation   total 6086464K, used 6078154K [0x00007f944b0a0000, 0x00007f95be870000, 0x00007fa9a0600000)
   the space 6086464K,  99% used [0x00007f944b0a0000, 0x00007f95be052af8, 0x00007f95be052c00, 0x00007f95be870000)
 Metaspace       used 24270K, capacity 24696K, committed 24832K, reserved 26624K
}
Event: 2946.986 GC heap after
{Heap after GC invocations=2463 (full 6):
 def new generation   total 2738944K, used 121799K [0x00007f89a0600000, 0x00007f8a5a1f0000, 0x00007f944b0a0000)
  eden space 2434624K,   0% used [0x00007f89a0600000, 0x00007f89a0600000, 0x00007f8a34f90000)
  from space 304320K,  40% used [0x00007f8a478c0000, 0x00007f8a4efb1d48, 0x00007f8a5a1f0000)
  to   space 304320K,   0% used [0x00007f8a34f90000, 0x00007f8a34f90000, 0x00007f8a478c0000)
 tenured generation   total 6086464K, used 6078154K [0x00007f944b0a0000, 0x00007f95be870000, 0x00007fa9a0600000)
   the space 6086464K,  99% used [0x00007f944b0a0000, 0x00007f95be052af8, 0x00007f95be052c00, 0x00007f95be870000)
 Metaspace       used 24270K, capacity 24696K, committed 24832K, reserved 26624K
}
Event: 2949.469 GC heap before
{Heap before GC invocations=2463 (full 6):
 def new generation   total 2738944K, used 2556423K [0x00007f89a0600000, 0x00007f8a5a1f0000, 0x00007f944b0a0000)
  eden space 2434624K, 100% used [0x00007f89a0600000, 0x00007f8a34f90000, 0x00007f8a34f90000)
  from space 304320K,  40% used [0x00007f8a478c0000, 0x00007f8a4efb1d48, 0x00007f8a5a1f0000)
  to   space 304320K,   0% used [0x00007f8a34f90000, 0x00007f8a34f90000, 0x00007f8a478c0000)
 tenured generation   total 6086464K, used 6078154K [0x00007f944b0a0000, 0x00007f95be870000, 0x00007fa9a0600000)
   the space 6086464K,  99% used [0x00007f944b0a0000, 0x00007f95be052af8, 0x00007f95be052c00, 0x00007f95be870000)
 Metaspace       used 24270K, capacity 24696K, committed 24832K, reserved 26624K
}
Event: 2949.564 GC heap after
{Heap after GC invocations=2464 (full 6):
 def new generation   total 2738944K, used 97662K [0x00007f89a0600000, 0x00007f8a5a1f0000, 0x00007f944b0a0000)
  eden space 2434624K,   0% used [0x00007f89a0600000, 0x00007f89a0600000, 0x00007f8a34f90000)
  from space 304320K,  32% used [0x00007f8a34f90000, 0x00007f8a3aeefbb0, 0x00007f8a478c0000)
  to   space 304320K,   0% used [0x00007f8a478c0000, 0x00007f8a478c0000, 0x00007f8a5a1f0000)
 tenured generation   total 6102852K, used 6095114K [0x00007f944b0a0000, 0x00007f95bf871000, 0x00007fa9a0600000)
   the space 6102852K,  99% used [0x00007f944b0a0000, 0x00007f95bf0e2af0, 0x00007f95bf0e2c00, 0x00007f95bf871000)
 Metaspace       used 24270K, capacity 24696K, committed 24832K, reserved 26624K
}
Event: 2949.564 GC heap before
{Heap before GC invocations=2464 (full 6):
 def new generation   total 2738944K, used 97662K [0x00007f89a0600000, 0x00007f8a5a1f0000, 0x00007f944b0a0000)
  eden space 2434624K,   0% used [0x00007f89a0600000, 0x00007f89a0600000, 0x00007f8a34f90000)
  from space 304320K,  32% used [0x00007f8a34f90000, 0x00007f8a3aeefbb0, 0x00007f8a478c0000)
  to   space 304320K,   0% used [0x00007f8a478c0000, 0x00007f8a478c0000, 0x00007f8a5a1f0000)
 tenured generation   total 6102852K, used 6095114K [0x00007f944b0a0000, 0x00007f95bf871000, 0x00007fa9a0600000)
   the space 6102852K,  99% used [0x00007f944b0a0000, 0x00007f95bf0e2af0, 0x00007f95bf0e2c00, 0x00007f95bf871000)
 Metaspace       used 24270K, capacity 24696K, committed 24832K, reserved 26624K
}

