# JRE version: OpenJDK Runtime Environment (13.0.7+5) (build 13.0.7+5-Ubuntu-0ubuntu120.04)
# Java VM: OpenJDK 64-Bit Server VM (13.0.7+5-Ubuntu-0ubuntu120.04, mixed mode, tiered, compressed oops, serial gc, linux-amd64)
Heap:
 def new generation   total 1586688K, used 0K [0x0000000080200000, 0x00000000ebba0000, 0x0000000300150000)
  eden space 1410432K,   0% used [0x0000000080200000, 0x0000000080200000, 0x00000000d6360000)
  from space 176256K,   0% used [0x00000000d6360000, 0x00000000d6360000, 0x00000000e0f80000)
  to   space 176256K,   0% used [0x00000000e0f80000, 0x00000000e0f80000, 0x00000000ebba0000)
 tenured generation   total 3526868K, used 2329767K [0x0000000300150000, 0x00000003d7585000, 0x0000000800000000)
   the space 3526868K,  66% used [0x0000000300150000, 0x000000038e479f10, 0x000000038e47a000, 0x00000003d7585000)
 Metaspace       used 23354K, capacity 23893K, committed 24192K, reserved 1071104K
  class space    used 2388K, capacity 2585K, committed 2688K, reserved 1048576K
GC Heap History (20 events):
Event: 44952.569 GC heap after
{Heap after GC invocations=30619 (full 33):
 def new generation   total 1586688K, used 26437K [0x0000000080200000, 0x00000000ebba0000, 0x0000000300150000)
  eden space 1410432K,   0% used [0x0000000080200000, 0x0000000080200000, 0x00000000d6360000)
  from space 176256K,  14% used [0x00000000e0f80000, 0x00000000e29516d8, 0x00000000ebba0000)
  to   space 176256K,   0% used [0x00000000d6360000, 0x00000000d6360000, 0x00000000e0f80000)
 tenured generation   total 3525836K, used 3511155K [0x0000000300150000, 0x00000003d7483000, 0x0000000800000000)
   the space 3525836K,  99% used [0x0000000300150000, 0x00000003d662ce70, 0x00000003d662d000, 0x00000003d7483000)
 Metaspace       used 23354K, capacity 23893K, committed 24192K, reserved 1071104K
  class space    used 2388K, capacity 2585K, committed 2688K, reserved 1048576K
}
Event: 44954.620 GC heap before
{Heap before GC invocations=30619 (full 33):
 def new generation   total 1586688K, used 1436752K [0x0000000080200000, 0x00000000ebba0000, 0x0000000300150000)
  eden space 1410432K,  99% used [0x0000000080200000, 0x00000000d6342c90, 0x00000000d6360000)
  from space 176256K,  14% used [0x00000000e0f80000, 0x00000000e29516d8, 0x00000000ebba0000)
  to   space 176256K,   0% used [0x00000000d6360000, 0x00000000d6360000, 0x00000000e0f80000)
 tenured generation   total 3525836K, used 3511155K [0x0000000300150000, 0x00000003d7483000, 0x0000000800000000)
   the space 3525836K,  99% used [0x0000000300150000, 0x00000003d662ce70, 0x00000003d662d000, 0x00000003d7483000)
 Metaspace       used 23354K, capacity 23893K, committed 24192K, reserved 1071104K
  class space    used 2388K, capacity 2585K, committed 2688K, reserved 1048576K
}
Event: 44954.657 GC heap after
{Heap after GC invocations=30620 (full 33):
 def new generation   total 1586688K, used 31074K [0x0000000080200000, 0x00000000ebba0000, 0x0000000300150000)
  eden space 1410432K,   0% used [0x0000000080200000, 0x0000000080200000, 0x00000000d6360000)
  from space 176256K,  17% used [0x00000000d6360000, 0x00000000d81b88c0, 0x00000000e0f80000)
  to   space 176256K,   0% used [0x00000000e0f80000, 0x00000000e0f80000, 0x00000000ebba0000)
 tenured generation   total 3525836K, used 3513223K [0x0000000300150000, 0x00000003d7483000, 0x0000000800000000)
   the space 3525836K,  99% used [0x0000000300150000, 0x00000003d6831d58, 0x00000003d6831e00, 0x00000003d7483000)
 Metaspace       used 23354K, capacity 23893K, committed 24192K, reserved 1071104K
  class space    used 2388K, capacity 2585K, committed 2688K, reserved 1048576K
}
Event: 44956.708 GC heap before
{Heap before GC invocations=30620 (full 33):
 def new generation   total 1586688K, used 1441260K [0x0000000080200000, 0x00000000ebba0000, 0x0000000300150000)
  eden space 1410432K,  99% used [0x0000000080200000, 0x00000000d63227b0, 0x00000000d6360000)
  from space 176256K,  17% used [0x00000000d6360000, 0x00000000d81b88c0, 0x00000000e0f80000)
  to   space 176256K,   0% used [0x00000000e0f80000, 0x00000000e0f80000, 0x00000000ebba0000)
 tenured generation   total 3525836K, used 3513223K [0x0000000300150000, 0x00000003d7483000, 0x0000000800000000)
   the space 3525836K,  99% used [0x0000000300150000, 0x00000003d6831d58, 0x00000003d6831e00, 0x00000003d7483000)
 Metaspace       used 23354K, capacity 23893K, committed 24192K, reserved 1071104K
  class space    used 2388K, capacity 2585K, committed 2688K, reserved 1048576K
}
Event: 44956.755 GC heap after
{Heap after GC invocations=30621 (full 33):
 def new generation   total 1586688K, used 27996K [0x0000000080200000, 0x00000000ebba0000, 0x0000000300150000)
  eden space 1410432K,   0% used [0x0000000080200000, 0x0000000080200000, 0x00000000d6360000)
  from space 176256K,  15% used [0x00000000e0f80000, 0x00000000e2ad70f8, 0x00000000ebba0000)
  to   space 176256K,   0% used [0x00000000d6360000, 0x00000000d6360000, 0x00000000e0f80000)
 tenured generation   total 3525836K, used 3514779K [0x0000000300150000, 0x00000003d7483000, 0x0000000800000000)
   the space 3525836K,  99% used [0x0000000300150000, 0x00000003d69b6d38, 0x00000003d69b6e00, 0x00000003d7483000)
 Metaspace       used 23354K, capacity 23893K, committed 24192K, reserved 1071104K
  class space    used 2388K, capacity 2585K, committed 2688K, reserved 1048576K
}
Event: 44959.116 GC heap before
{Heap before GC invocations=30621 (full 33):
 def new generation   total 1586688K, used 1438428K [0x0000000080200000, 0x00000000ebba0000, 0x0000000300150000)
  eden space 1410432K, 100% used [0x0000000080200000, 0x00000000d6360000, 0x00000000d6360000)
  from space 176256K,  15% used [0x00000000e0f80000, 0x00000000e2ad70f8, 0x00000000ebba0000)
  to   space 176256K,   0% used [0x00000000d6360000, 0x00000000d6360000, 0x00000000e0f80000)
 tenured generation   total 3525836K, used 3514779K [0x0000000300150000, 0x00000003d7483000, 0x0000000800000000)
   the space 3525836K,  99% used [0x0000000300150000, 0x00000003d69b6d38, 0x00000003d69b6e00, 0x00000003d7483000)
 Metaspace       used 23354K, capacity 23893K, committed 24192K, reserved 1071104K
  class space    used 2388K, capacity 2585K, committed 2688K, reserved 1048576K
}
Event: 44959.163 GC heap after
{Heap after GC invocations=30622 (full 33):
 def new generation   total 1586688K, used 26437K [0x0000000080200000, 0x00000000ebba0000, 0x0000000300150000)
  eden space 1410432K,   0% used [0x0000000080200000, 0x0000000080200000, 0x00000000d6360000)
  from space 176256K,  14% used [0x00000000d6360000, 0x00000000d7d316d8, 0x00000000e0f80000)
  to   space 176256K,   0% used [0x00000000e0f80000, 0x00000000e0f80000, 0x00000000ebba0000)
 tenured generation   total 3525836K, used 3516337K [0x0000000300150000, 0x00000003d7483000, 0x0000000800000000)
   the space 3525836K,  99% used [0x0000000300150000, 0x00000003d6b3c730, 0x00000003d6b3c800, 0x00000003d7483000)
 Metaspace       used 23354K, capacity 23893K, committed 24192K, reserved 1071104K
  class space    used 2388K, capacity 2585K, committed 2688K, reserved 1048576K
}
Event: 44961.458 GC heap before
{Heap before GC invocations=30622 (full 33):
 def new generation   total 1586688K, used 1436752K [0x0000000080200000, 0x00000000ebba0000, 0x0000000300150000)
  eden space 1410432K,  99% used [0x0000000080200000, 0x00000000d6342c90, 0x00000000d6360000)
  from space 176256K,  14% used [0x00000000d6360000, 0x00000000d7d316d8, 0x00000000e0f80000)
  to   space 176256K,   0% used [0x00000000e0f80000, 0x00000000e0f80000, 0x00000000ebba0000)
 tenured generation   total 3525836K, used 3516337K [0x0000000300150000, 0x00000003d7483000, 0x0000000800000000)
   the space 3525836K,  99% used [0x0000000300150000, 0x00000003d6b3c730, 0x00000003d6b3c800, 0x00000003d7483000)
 Metaspace       used 23354K, capacity 23893K, committed 24192K, reserved 1071104K
  class space    used 2388K, capacity 2585K, committed 2688K, reserved 1048576K
}
Event: 44961.502 GC heap after
{Heap after GC invocations=30623 (full 33):
 def new generation   total 1586688K, used 31074K [0x0000000080200000, 0x00000000ebba0000, 0x0000000300150000)
  eden space 1410432K,   0% used [0x0000000080200000, 0x0000000080200000, 0x00000000d6360000)
  from space 176256K,  17% used [0x00000000e0f80000, 0x00000000e2dd88c0, 0x00000000ebba0000)
  to   space 176256K,   0% used [0x00000000d6360000, 0x00000000d6360000, 0x00000000e0f80000)
 tenured generation   total 3525836K, used 3518405K [0x0000000300150000, 0x00000003d7483000, 0x0000000800000000)
   the space 3525836K,  99% used [0x0000000300150000, 0x00000003d6d41618, 0x00000003d6d41800, 0x00000003d7483000)
 Metaspace       used 23354K, capacity 23893K, committed 24192K, reserved 1071104K
  class space    used 2388K, capacity 2585K, committed 2688K, reserved 1048576K
}
Event: 44963.848 GC heap before
{Heap before GC invocations=30623 (full 33):
 def new generation   total 1586688K, used 1441260K [0x0000000080200000, 0x00000000ebba0000, 0x0000000300150000)
  eden space 1410432K,  99% used [0x0000000080200000, 0x00000000d63227b0, 0x00000000d6360000)
  from space 176256K,  17% used [0x00000000e0f80000, 0x00000000e2dd88c0, 0x00000000ebba0000)
  to   space 176256K,   0% used [0x00000000d6360000, 0x00000000d6360000, 0x00000000e0f80000)
 tenured generation   total 3525836K, used 3518405K [0x0000000300150000, 0x00000003d7483000, 0x0000000800000000)
   the space 3525836K,  99% used [0x0000000300150000, 0x00000003d6d41618, 0x00000003d6d41800, 0x00000003d7483000)
 Metaspace       used 23354K, capacity 23893K, committed 24192K, reserved 1071104K
  class space    used 2388K, capacity 2585K, committed 2688K, reserved 1048576K
}
Event: 44963.877 GC heap after
{Heap after GC invocations=30624 (full 33):
 def new generation   total 1586688K, used 27996K [0x0000000080200000, 0x00000000ebba0000, 0x0000000300150000)
  eden space 1410432K,   0% used [0x0000000080200000, 0x0000000080200000, 0x00000000d6360000)
  from space 176256K,  15% used [0x00000000d6360000, 0x00000000d7eb70f8, 0x00000000e0f80000)
  to   space 176256K,   0% used [0x00000000e0f80000, 0x00000000e0f80000, 0x00000000ebba0000)
 tenured generation   total 3525836K, used 3519961K [0x0000000300150000, 0x00000003d7483000, 0x0000000800000000)
   the space 3525836K,  99% used [0x0000000300150000, 0x00000003d6ec65f8, 0x00000003d6ec6600, 0x00000003d7483000)
 Metaspace       used 23354K, capacity 23893K, committed 24192K, reserved 1071104K
  class space    used 2388K, capacity 2585K, committed 2688K, reserved 1048576K
}
Event: 44966.238 GC heap before
{Heap before GC invocations=30624 (full 33):
 def new generation   total 1586688K, used 1438428K [0x0000000080200000, 0x00000000ebba0000, 0x0000000300150000)
  eden space 1410432K, 100% used [0x0000000080200000, 0x00000000d6360000, 0x00000000d6360000)
  from space 176256K,  15% used [0x00000000d6360000, 0x00000000d7eb70f8, 0x00000000e0f80000)
  to   space 176256K,   0% used [0x00000000e0f80000, 0x00000000e0f80000, 0x00000000ebba0000)
 tenured generation   total 3525836K, used 3519961K [0x0000000300150000, 0x00000003d7483000, 0x0000000800000000)
   the space 3525836K,  99% used [0x0000000300150000, 0x00000003d6ec65f8, 0x00000003d6ec6600, 0x00000003d7483000)
 Metaspace       used 23354K, capacity 23893K, committed 24192K, reserved 1071104K
  class space    used 2388K, capacity 2585K, committed 2688K, reserved 1048576K
}
Event: 44966.282 GC heap after
{Heap after GC invocations=30625 (full 33):
 def new generation   total 1586688K, used 26437K [0x0000000080200000, 0x00000000ebba0000, 0x0000000300150000)
  eden space 1410432K,   0% used [0x0000000080200000, 0x0000000080200000, 0x00000000d6360000)
  from space 176256K,  14% used [0x00000000e0f80000, 0x00000000e29516d8, 0x00000000ebba0000)
  to   space 176256K,   0% used [0x00000000d6360000, 0x00000000d6360000, 0x00000000e0f80000)
 tenured generation   total 3525836K, used 3521519K [0x0000000300150000, 0x00000003d7483000, 0x0000000800000000)
   the space 3525836K,  99% used [0x0000000300150000, 0x00000003d704bff0, 0x00000003d704c000, 0x00000003d7483000)
 Metaspace       used 23354K, capacity 23893K, committed 24192K, reserved 1071104K
  class space    used 2388K, capacity 2585K, committed 2688K, reserved 1048576K
}
Event: 44968.537 GC heap before
{Heap before GC invocations=30625 (full 33):
 def new generation   total 1586688K, used 1436752K [0x0000000080200000, 0x00000000ebba0000, 0x0000000300150000)
  eden space 1410432K,  99% used [0x0000000080200000, 0x00000000d6342c90, 0x00000000d6360000)
  from space 176256K,  14% used [0x00000000e0f80000, 0x00000000e29516d8, 0x00000000ebba0000)
  to   space 176256K,   0% used [0x00000000d6360000, 0x00000000d6360000, 0x00000000e0f80000)
 tenured generation   total 3525836K, used 3521519K [0x0000000300150000, 0x00000003d7483000, 0x0000000800000000)
   the space 3525836K,  99% used [0x0000000300150000, 0x00000003d704bff0, 0x00000003d704c000, 0x00000003d7483000)
 Metaspace       used 23354K, capacity 23893K, committed 24192K, reserved 1071104K
  class space    used 2388K, capacity 2585K, committed 2688K, reserved 1048576K
}
Event: 44968.581 GC heap after
{Heap after GC invocations=30626 (full 33):
 def new generation   total 1586688K, used 31074K [0x0000000080200000, 0x00000000ebba0000, 0x0000000300150000)
  eden space 1410432K,   0% used [0x0000000080200000, 0x0000000080200000, 0x00000000d6360000)
  from space 176256K,  17% used [0x00000000d6360000, 0x00000000d81b88c0, 0x00000000e0f80000)
  to   space 176256K,   0% used [0x00000000e0f80000, 0x00000000e0f80000, 0x00000000ebba0000)
 tenured generation   total 3525836K, used 3523587K [0x0000000300150000, 0x00000003d7483000, 0x0000000800000000)
   the space 3525836K,  99% used [0x0000000300150000, 0x00000003d7250ed8, 0x00000003d7251000, 0x00000003d7483000)
 Metaspace       used 23354K, capacity 23893K, committed 24192K, reserved 1071104K
  class space    used 2388K, capacity 2585K, committed 2688K, reserved 1048576K
}
Event: 44970.861 GC heap before
{Heap before GC invocations=30626 (full 33):
 def new generation   total 1586688K, used 1441260K [0x0000000080200000, 0x00000000ebba0000, 0x0000000300150000)
  eden space 1410432K,  99% used [0x0000000080200000, 0x00000000d63227b0, 0x00000000d6360000)
  from space 176256K,  17% used [0x00000000d6360000, 0x00000000d81b88c0, 0x00000000e0f80000)
  to   space 176256K,   0% used [0x00000000e0f80000, 0x00000000e0f80000, 0x00000000ebba0000)
 tenured generation   total 3525836K, used 3523587K [0x0000000300150000, 0x00000003d7483000, 0x0000000800000000)
   the space 3525836K,  99% used [0x0000000300150000, 0x00000003d7250ed8, 0x00000003d7251000, 0x00000003d7483000)
 Metaspace       used 23354K, capacity 23893K, committed 24192K, reserved 1071104K
  class space    used 2388K, capacity 2585K, committed 2688K, reserved 1048576K
}
Event: 44970.908 GC heap after
{Heap after GC invocations=30627 (full 33):
 def new generation   total 1586688K, used 27996K [0x0000000080200000, 0x00000000ebba0000, 0x0000000300150000)
  eden space 1410432K,   0% used [0x0000000080200000, 0x0000000080200000, 0x00000000d6360000)
  from space 176256K,  15% used [0x00000000e0f80000, 0x00000000e2ad70f8, 0x00000000ebba0000)
  to   space 176256K,   0% used [0x00000000d6360000, 0x00000000d6360000, 0x00000000e0f80000)
 tenured generation   total 3525836K, used 3525143K [0x0000000300150000, 0x00000003d7483000, 0x0000000800000000)
   the space 3525836K,  99% used [0x0000000300150000, 0x00000003d73d5eb8, 0x00000003d73d6000, 0x00000003d7483000)
 Metaspace       used 23354K, capacity 23893K, committed 24192K, reserved 1071104K
  class space    used 2388K, capacity 2585K, committed 2688K, reserved 1048576K
}
Event: 44973.226 GC heap before
{Heap before GC invocations=30627 (full 33):
 def new generation   total 1586688K, used 1438428K [0x0000000080200000, 0x00000000ebba0000, 0x0000000300150000)
  eden space 1410432K, 100% used [0x0000000080200000, 0x00000000d6360000, 0x00000000d6360000)
  from space 176256K,  15% used [0x00000000e0f80000, 0x00000000e2ad70f8, 0x00000000ebba0000)
  to   space 176256K,   0% used [0x00000000d6360000, 0x00000000d6360000, 0x00000000e0f80000)
 tenured generation   total 3525836K, used 3525143K [0x0000000300150000, 0x00000003d7483000, 0x0000000800000000)
   the space 3525836K,  99% used [0x0000000300150000, 0x00000003d73d5eb8, 0x00000003d73d6000, 0x00000003d7483000)
 Metaspace       used 23354K, capacity 23893K, committed 24192K, reserved 1071104K
  class space    used 2388K, capacity 2585K, committed 2688K, reserved 1048576K
}
Event: 44973.509 GC heap after
{Heap after GC invocations=30628 (full 33):
 def new generation   total 1586688K, used 26437K [0x0000000080200000, 0x00000000ebba0000, 0x0000000300150000)
  eden space 1410432K,   0% used [0x0000000080200000, 0x0000000080200000, 0x00000000d6360000)
  from space 176256K,  14% used [0x00000000d6360000, 0x00000000d7d316d8, 0x00000000e0f80000)
  to   space 176256K,   0% used [0x00000000e0f80000, 0x00000000e0f80000, 0x00000000ebba0000)
 tenured generation   total 3526868K, used 3526702K [0x0000000300150000, 0x00000003d7585000, 0x0000000800000000)
   the space 3526868K,  99% used [0x0000000300150000, 0x00000003d755b8b0, 0x00000003d755ba00, 0x00000003d7585000)
 Metaspace       used 23354K, capacity 23893K, committed 24192K, reserved 1071104K
  class space    used 2388K, capacity 2585K, committed 2688K, reserved 1048576K
}
Event: 44973.514 GC heap before
{Heap before GC invocations=30628 (full 33):
 def new generation   total 1586688K, used 26437K [0x0000000080200000, 0x00000000ebba0000, 0x0000000300150000)
  eden space 1410432K,   0% used [0x0000000080200000, 0x0000000080200000, 0x00000000d6360000)
  from space 176256K,  14% used [0x00000000d6360000, 0x00000000d7d316d8, 0x00000000e0f80000)
  to   space 176256K,   0% used [0x00000000e0f80000, 0x00000000e0f80000, 0x00000000ebba0000)
 tenured generation   total 3526868K, used 3526702K [0x0000000300150000, 0x00000003d7585000, 0x0000000800000000)
   the space 3526868K,  99% used [0x0000000300150000, 0x00000003d755b8b0, 0x00000003d755ba00, 0x00000003d7585000)
 Metaspace       used 23354K, capacity 23893K, committed 24192K, reserved 1071104K
  class space    used 2388K, capacity 2585K, committed 2688K, reserved 1048576K
}

