# JRE version: OpenJDK Runtime Environment (13.0.7+5) (build 13.0.7+5-Ubuntu-0ubuntu120.04)
# Java VM: OpenJDK 64-Bit Server VM (13.0.7+5-Ubuntu-0ubuntu120.04, mixed mode, tiered, serial gc, linux-amd64)
Heap:
 def new generation   total 1564928K, used 54455K [0x00007f0078600000, 0x00007f00e2800000, 0x00007f05cdb50000)
  eden space 1391104K,   3% used [0x00007f0078600000, 0x00007f007bb2df68, 0x00007f00cd480000)
  from space 173824K,   0% used [0x00007f00cd480000, 0x00007f00cd480000, 0x00007f00d7e40000)
  to   space 173824K,   0% used [0x00007f00d7e40000, 0x00007f00d7e40000, 0x00007f00e2800000)
 tenured generation   total 3493772K, used 3492056K [0x00007f05cdb50000, 0x00007f06a2f33000, 0x00007f1078600000)
   the space 3493772K,  99% used [0x00007f05cdb50000, 0x00007f06a2d862d0, 0x00007f06a2d86400, 0x00007f06a2f33000)
 Metaspace       used 24228K, capacity 24629K, committed 24832K, reserved 26624K
GC Heap History (20 events):
Event: 2278.368 GC heap after
{Heap after GC invocations=1912 (full 5):
 def new generation   total 1564928K, used 67837K [0x00007f0078600000, 0x00007f00e2800000, 0x00007f05cdb50000)
  eden space 1391104K,   0% used [0x00007f0078600000, 0x00007f0078600000, 0x00007f00cd480000)
  from space 173824K,  39% used [0x00007f00d7e40000, 0x00007f00dc07f698, 0x00007f00e2800000)
  to   space 173824K,   0% used [0x00007f00cd480000, 0x00007f00cd480000, 0x00007f00d7e40000)
 tenured generation   total 3477384K, used 3447324K [0x00007f05cdb50000, 0x00007f06a1f32000, 0x00007f1078600000)
   the space 3477384K,  99% used [0x00007f05cdb50000, 0x00007f06a01d7398, 0x00007f06a01d7400, 0x00007f06a1f32000)
 Metaspace       used 24228K, capacity 24629K, committed 24832K, reserved 26624K
}
Event: 2280.508 GC heap before
{Heap before GC invocations=1912 (full 5):
 def new generation   total 1564928K, used 1458941K [0x00007f0078600000, 0x00007f00e2800000, 0x00007f05cdb50000)
  eden space 1391104K, 100% used [0x00007f0078600000, 0x00007f00cd480000, 0x00007f00cd480000)
  from space 173824K,  39% used [0x00007f00d7e40000, 0x00007f00dc07f698, 0x00007f00e2800000)
  to   space 173824K,   0% used [0x00007f00cd480000, 0x00007f00cd480000, 0x00007f00d7e40000)
 tenured generation   total 3477384K, used 3447324K [0x00007f05cdb50000, 0x00007f06a1f32000, 0x00007f1078600000)
   the space 3477384K,  99% used [0x00007f05cdb50000, 0x00007f06a01d7398, 0x00007f06a01d7400, 0x00007f06a1f32000)
 Metaspace       used 24228K, capacity 24629K, committed 24832K, reserved 26624K
}
Event: 2280.570 GC heap after
{Heap after GC invocations=1913 (full 5):
 def new generation   total 1564928K, used 70939K [0x00007f0078600000, 0x00007f00e2800000, 0x00007f05cdb50000)
  eden space 1391104K,   0% used [0x00007f0078600000, 0x00007f0078600000, 0x00007f00cd480000)
  from space 173824K,  40% used [0x00007f00cd480000, 0x00007f00d19c6cf8, 0x00007f00d7e40000)
  to   space 173824K,   0% used [0x00007f00d7e40000, 0x00007f00d7e40000, 0x00007f00e2800000)
 tenured generation   total 3477384K, used 3447324K [0x00007f05cdb50000, 0x00007f06a1f32000, 0x00007f1078600000)
   the space 3477384K,  99% used [0x00007f05cdb50000, 0x00007f06a01d7398, 0x00007f06a01d7400, 0x00007f06a1f32000)
 Metaspace       used 24228K, capacity 24629K, committed 24832K, reserved 26624K
}
Event: 2282.663 GC heap before
{Heap before GC invocations=1913 (full 5):
 def new generation   total 1564928K, used 1449399K [0x00007f0078600000, 0x00007f00e2800000, 0x00007f05cdb50000)
  eden space 1391104K,  99% used [0x00007f0078600000, 0x00007f00cc827228, 0x00007f00cd480000)
  from space 173824K,  40% used [0x00007f00cd480000, 0x00007f00d19c6cf8, 0x00007f00d7e40000)
  to   space 173824K,   0% used [0x00007f00d7e40000, 0x00007f00d7e40000, 0x00007f00e2800000)
 tenured generation   total 3477384K, used 3447324K [0x00007f05cdb50000, 0x00007f06a1f32000, 0x00007f1078600000)
   the space 3477384K,  99% used [0x00007f05cdb50000, 0x00007f06a01d7398, 0x00007f06a01d7400, 0x00007f06a1f32000)
 Metaspace       used 24228K, capacity 24629K, committed 24832K, reserved 26624K
}
Event: 2282.734 GC heap after
{Heap after GC invocations=1914 (full 5):
 def new generation   total 1564928K, used 76595K [0x00007f0078600000, 0x00007f00e2800000, 0x00007f05cdb50000)
  eden space 1391104K,   0% used [0x00007f0078600000, 0x00007f0078600000, 0x00007f00cd480000)
  from space 173824K,  44% used [0x00007f00d7e40000, 0x00007f00dc90ce08, 0x00007f00e2800000)
  to   space 173824K,   0% used [0x00007f00cd480000, 0x00007f00cd480000, 0x00007f00d7e40000)
 tenured generation   total 3477384K, used 3447324K [0x00007f05cdb50000, 0x00007f06a1f32000, 0x00007f1078600000)
   the space 3477384K,  99% used [0x00007f05cdb50000, 0x00007f06a01d7398, 0x00007f06a01d7400, 0x00007f06a1f32000)
 Metaspace       used 24228K, capacity 24629K, committed 24832K, reserved 26624K
}
Event: 2284.541 GC heap before
{Heap before GC invocations=1914 (full 5):
 def new generation   total 1564928K, used 1467699K [0x00007f0078600000, 0x00007f00e2800000, 0x00007f05cdb50000)
  eden space 1391104K, 100% used [0x00007f0078600000, 0x00007f00cd480000, 0x00007f00cd480000)
  from space 173824K,  44% used [0x00007f00d7e40000, 0x00007f00dc90ce08, 0x00007f00e2800000)
  to   space 173824K,   0% used [0x00007f00cd480000, 0x00007f00cd480000, 0x00007f00d7e40000)
 tenured generation   total 3477384K, used 3447324K [0x00007f05cdb50000, 0x00007f06a1f32000, 0x00007f1078600000)
   the space 3477384K,  99% used [0x00007f05cdb50000, 0x00007f06a01d7398, 0x00007f06a01d7400, 0x00007f06a1f32000)
 Metaspace       used 24228K, capacity 24629K, committed 24832K, reserved 26624K
}
Event: 2284.625 GC heap after
{Heap after GC invocations=1915 (full 5):
 def new generation   total 1564928K, used 64768K [0x00007f0078600000, 0x00007f00e2800000, 0x00007f05cdb50000)
  eden space 1391104K,   0% used [0x00007f0078600000, 0x00007f0078600000, 0x00007f00cd480000)
  from space 173824K,  37% used [0x00007f00cd480000, 0x00007f00d13c0380, 0x00007f00d7e40000)
  to   space 173824K,   0% used [0x00007f00d7e40000, 0x00007f00d7e40000, 0x00007f00e2800000)
 tenured generation   total 3477384K, used 3464284K [0x00007f05cdb50000, 0x00007f06a1f32000, 0x00007f1078600000)
   the space 3477384K,  99% used [0x00007f05cdb50000, 0x00007f06a1267390, 0x00007f06a1267400, 0x00007f06a1f32000)
 Metaspace       used 24228K, capacity 24629K, committed 24832K, reserved 26624K
}
Event: 2286.194 GC heap before
{Heap before GC invocations=1915 (full 5):
 def new generation   total 1564928K, used 1455872K [0x00007f0078600000, 0x00007f00e2800000, 0x00007f05cdb50000)
  eden space 1391104K, 100% used [0x00007f0078600000, 0x00007f00cd480000, 0x00007f00cd480000)
  from space 173824K,  37% used [0x00007f00cd480000, 0x00007f00d13c0380, 0x00007f00d7e40000)
  to   space 173824K,   0% used [0x00007f00d7e40000, 0x00007f00d7e40000, 0x00007f00e2800000)
 tenured generation   total 3477384K, used 3464284K [0x00007f05cdb50000, 0x00007f06a1f32000, 0x00007f1078600000)
   the space 3477384K,  99% used [0x00007f05cdb50000, 0x00007f06a1267390, 0x00007f06a1267400, 0x00007f06a1f32000)
 Metaspace       used 24228K, capacity 24629K, committed 24832K, reserved 26624K
}
Event: 2286.254 GC heap after
{Heap after GC invocations=1916 (full 5):
 def new generation   total 1564928K, used 67849K [0x00007f0078600000, 0x00007f00e2800000, 0x00007f05cdb50000)
  eden space 1391104K,   0% used [0x00007f0078600000, 0x00007f0078600000, 0x00007f00cd480000)
  from space 173824K,  39% used [0x00007f00d7e40000, 0x00007f00dc082660, 0x00007f00e2800000)
  to   space 173824K,   0% used [0x00007f00cd480000, 0x00007f00cd480000, 0x00007f00d7e40000)
 tenured generation   total 3477384K, used 3464284K [0x00007f05cdb50000, 0x00007f06a1f32000, 0x00007f1078600000)
   the space 3477384K,  99% used [0x00007f05cdb50000, 0x00007f06a1267390, 0x00007f06a1267400, 0x00007f06a1f32000)
 Metaspace       used 24228K, capacity 24629K, committed 24832K, reserved 26624K
}
Event: 2287.584 GC heap before
{Heap before GC invocations=1916 (full 5):
 def new generation   total 1564928K, used 1458953K [0x00007f0078600000, 0x00007f00e2800000, 0x00007f05cdb50000)
  eden space 1391104K, 100% used [0x00007f0078600000, 0x00007f00cd480000, 0x00007f00cd480000)
  from space 173824K,  39% used [0x00007f00d7e40000, 0x00007f00dc082660, 0x00007f00e2800000)
  to   space 173824K,   0% used [0x00007f00cd480000, 0x00007f00cd480000, 0x00007f00d7e40000)
 tenured generation   total 3477384K, used 3464284K [0x00007f05cdb50000, 0x00007f06a1f32000, 0x00007f1078600000)
   the space 3477384K,  99% used [0x00007f05cdb50000, 0x00007f06a1267390, 0x00007f06a1267400, 0x00007f06a1f32000)
 Metaspace       used 24228K, capacity 24629K, committed 24832K, reserved 26624K
}
Event: 2287.654 GC heap after
{Heap after GC invocations=1917 (full 5):
 def new generation   total 1564928K, used 67844K [0x00007f0078600000, 0x00007f00e2800000, 0x00007f05cdb50000)
  eden space 1391104K,   0% used [0x00007f0078600000, 0x00007f0078600000, 0x00007f00cd480000)
  from space 173824K,  39% used [0x00007f00cd480000, 0x00007f00d16c1028, 0x00007f00d7e40000)
  to   space 173824K,   0% used [0x00007f00d7e40000, 0x00007f00d7e40000, 0x00007f00e2800000)
 tenured generation   total 3477384K, used 3464284K [0x00007f05cdb50000, 0x00007f06a1f32000, 0x00007f1078600000)
   the space 3477384K,  99% used [0x00007f05cdb50000, 0x00007f06a1267390, 0x00007f06a1267400, 0x00007f06a1f32000)
 Metaspace       used 24228K, capacity 24629K, committed 24832K, reserved 26624K
}
Event: 2289.028 GC heap before
{Heap before GC invocations=1917 (full 5):
 def new generation   total 1564928K, used 1458948K [0x00007f0078600000, 0x00007f00e2800000, 0x00007f05cdb50000)
  eden space 1391104K, 100% used [0x00007f0078600000, 0x00007f00cd480000, 0x00007f00cd480000)
  from space 173824K,  39% used [0x00007f00cd480000, 0x00007f00d16c1028, 0x00007f00d7e40000)
  to   space 173824K,   0% used [0x00007f00d7e40000, 0x00007f00d7e40000, 0x00007f00e2800000)
 tenured generation   total 3477384K, used 3464284K [0x00007f05cdb50000, 0x00007f06a1f32000, 0x00007f1078600000)
   the space 3477384K,  99% used [0x00007f05cdb50000, 0x00007f06a1267390, 0x00007f06a1267400, 0x00007f06a1f32000)
 Metaspace       used 24228K, capacity 24629K, committed 24832K, reserved 26624K
}
Event: 2289.092 GC heap after
{Heap after GC invocations=1918 (full 5):
 def new generation   total 1564928K, used 67845K [0x00007f0078600000, 0x00007f00e2800000, 0x00007f05cdb50000)
  eden space 1391104K,   0% used [0x00007f0078600000, 0x00007f0078600000, 0x00007f00cd480000)
  from space 173824K,  39% used [0x00007f00d7e40000, 0x00007f00dc081618, 0x00007f00e2800000)
  to   space 173824K,   0% used [0x00007f00cd480000, 0x00007f00cd480000, 0x00007f00d7e40000)
 tenured generation   total 3477384K, used 3464284K [0x00007f05cdb50000, 0x00007f06a1f32000, 0x00007f1078600000)
   the space 3477384K,  99% used [0x00007f05cdb50000, 0x00007f06a1267390, 0x00007f06a1267400, 0x00007f06a1f32000)
 Metaspace       used 24228K, capacity 24629K, committed 24832K, reserved 26624K
}
Event: 2291.234 GC heap before
{Heap before GC invocations=1918 (full 5):
 def new generation   total 1564928K, used 1458949K [0x00007f0078600000, 0x00007f00e2800000, 0x00007f05cdb50000)
  eden space 1391104K, 100% used [0x00007f0078600000, 0x00007f00cd480000, 0x00007f00cd480000)
  from space 173824K,  39% used [0x00007f00d7e40000, 0x00007f00dc081618, 0x00007f00e2800000)
  to   space 173824K,   0% used [0x00007f00cd480000, 0x00007f00cd480000, 0x00007f00d7e40000)
 tenured generation   total 3477384K, used 3464284K [0x00007f05cdb50000, 0x00007f06a1f32000, 0x00007f1078600000)
   the space 3477384K,  99% used [0x00007f05cdb50000, 0x00007f06a1267390, 0x00007f06a1267400, 0x00007f06a1f32000)
 Metaspace       used 24228K, capacity 24629K, committed 24832K, reserved 26624K
}
Event: 2291.299 GC heap after
{Heap after GC invocations=1919 (full 5):
 def new generation   total 1564928K, used 70423K [0x00007f0078600000, 0x00007f00e2800000, 0x00007f05cdb50000)
  eden space 1391104K,   0% used [0x00007f0078600000, 0x00007f0078600000, 0x00007f00cd480000)
  from space 173824K,  40% used [0x00007f00cd480000, 0x00007f00d1945ef0, 0x00007f00d7e40000)
  to   space 173824K,   0% used [0x00007f00d7e40000, 0x00007f00d7e40000, 0x00007f00e2800000)
 tenured generation   total 3477384K, used 3464284K [0x00007f05cdb50000, 0x00007f06a1f32000, 0x00007f1078600000)
   the space 3477384K,  99% used [0x00007f05cdb50000, 0x00007f06a1267390, 0x00007f06a1267400, 0x00007f06a1f32000)
 Metaspace       used 24228K, capacity 24629K, committed 24832K, reserved 26624K
}
Event: 2293.460 GC heap before
{Heap before GC invocations=1919 (full 5):
 def new generation   total 1564928K, used 1461527K [0x00007f0078600000, 0x00007f00e2800000, 0x00007f05cdb50000)
  eden space 1391104K, 100% used [0x00007f0078600000, 0x00007f00cd480000, 0x00007f00cd480000)
  from space 173824K,  40% used [0x00007f00cd480000, 0x00007f00d1945ef0, 0x00007f00d7e40000)
  to   space 173824K,   0% used [0x00007f00d7e40000, 0x00007f00d7e40000, 0x00007f00e2800000)
 tenured generation   total 3477384K, used 3464284K [0x00007f05cdb50000, 0x00007f06a1f32000, 0x00007f1078600000)
   the space 3477384K,  99% used [0x00007f05cdb50000, 0x00007f06a1267390, 0x00007f06a1267400, 0x00007f06a1f32000)
 Metaspace       used 24228K, capacity 24629K, committed 24832K, reserved 26624K
}
Event: 2293.523 GC heap after
{Heap after GC invocations=1920 (full 5):
 def new generation   total 1564928K, used 76081K [0x00007f0078600000, 0x00007f00e2800000, 0x00007f05cdb50000)
  eden space 1391104K,   0% used [0x00007f0078600000, 0x00007f0078600000, 0x00007f00cd480000)
  from space 173824K,  43% used [0x00007f00d7e40000, 0x00007f00dc88c610, 0x00007f00e2800000)
  to   space 173824K,   0% used [0x00007f00cd480000, 0x00007f00cd480000, 0x00007f00d7e40000)
 tenured generation   total 3477384K, used 3464284K [0x00007f05cdb50000, 0x00007f06a1f32000, 0x00007f1078600000)
   the space 3477384K,  99% used [0x00007f05cdb50000, 0x00007f06a1267390, 0x00007f06a1267400, 0x00007f06a1f32000)
 Metaspace       used 24228K, capacity 24629K, committed 24832K, reserved 26624K
}
Event: 2295.474 GC heap before
{Heap before GC invocations=1920 (full 5):
 def new generation   total 1564928K, used 1467185K [0x00007f0078600000, 0x00007f00e2800000, 0x00007f05cdb50000)
  eden space 1391104K, 100% used [0x00007f0078600000, 0x00007f00cd480000, 0x00007f00cd480000)
  from space 173824K,  43% used [0x00007f00d7e40000, 0x00007f00dc88c610, 0x00007f00e2800000)
  to   space 173824K,   0% used [0x00007f00cd480000, 0x00007f00cd480000, 0x00007f00d7e40000)
 tenured generation   total 3477384K, used 3464284K [0x00007f05cdb50000, 0x00007f06a1f32000, 0x00007f1078600000)
   the space 3477384K,  99% used [0x00007f05cdb50000, 0x00007f06a1267390, 0x00007f06a1267400, 0x00007f06a1f32000)
 Metaspace       used 24228K, capacity 24629K, committed 24832K, reserved 26624K
}
Event: 2295.566 GC heap after
{Heap after GC invocations=1921 (full 5):
 def new generation   total 1564928K, used 65267K [0x00007f0078600000, 0x00007f00e2800000, 0x00007f05cdb50000)
  eden space 1391104K,   0% used [0x00007f0078600000, 0x00007f0078600000, 0x00007f00cd480000)
  from space 173824K,  37% used [0x00007f00cd480000, 0x00007f00d143ceb0, 0x00007f00d7e40000)
  to   space 173824K,   0% used [0x00007f00d7e40000, 0x00007f00d7e40000, 0x00007f00e2800000)
 tenured generation   total 3493772K, used 3481244K [0x00007f05cdb50000, 0x00007f06a2f33000, 0x00007f1078600000)
   the space 3493772K,  99% used [0x00007f05cdb50000, 0x00007f06a22f7388, 0x00007f06a22f7400, 0x00007f06a2f33000)
 Metaspace       used 24228K, capacity 24629K, committed 24832K, reserved 26624K
}
Event: 2295.566 GC heap before
{Heap before GC invocations=1921 (full 5):
 def new generation   total 1564928K, used 65267K [0x00007f0078600000, 0x00007f00e2800000, 0x00007f05cdb50000)
  eden space 1391104K,   0% used [0x00007f0078600000, 0x00007f0078600000, 0x00007f00cd480000)
  from space 173824K,  37% used [0x00007f00cd480000, 0x00007f00d143ceb0, 0x00007f00d7e40000)
  to   space 173824K,   0% used [0x00007f00d7e40000, 0x00007f00d7e40000, 0x00007f00e2800000)
 tenured generation   total 3493772K, used 3481244K [0x00007f05cdb50000, 0x00007f06a2f33000, 0x00007f1078600000)
   the space 3493772K,  99% used [0x00007f05cdb50000, 0x00007f06a22f7388, 0x00007f06a22f7400, 0x00007f06a2f33000)
 Metaspace       used 24228K, capacity 24629K, committed 24832K, reserved 26624K
}

