# JRE version: OpenJDK Runtime Environment (13.0.7+5) (build 13.0.7+5-Ubuntu-0ubuntu120.04)
# Java VM: OpenJDK 64-Bit Server VM (13.0.7+5-Ubuntu-0ubuntu120.04, mixed mode, tiered, serial gc, linux-amd64)
Heap:
 def new generation   total 2913024K, used 28214K [0x00007fd4d4600000, 0x00007fd599ed0000, 0x00007fda29b50000)
  eden space 2589376K,   1% used [0x00007fd4d4600000, 0x00007fd4d618d8b8, 0x00007fd5726b0000)
  from space 323648K,   0% used [0x00007fd5726b0000, 0x00007fd5726b0000, 0x00007fd5862c0000)
  to   space 323648K,   0% used [0x00007fd5862c0000, 0x00007fd5862c0000, 0x00007fd599ed0000)
 tenured generation   total 6476568K, used 6476395K [0x00007fda29b50000, 0x00007fdbb5016000, 0x00007fe4d4600000)
   the space 6476568K,  99% used [0x00007fda29b50000, 0x00007fdbb4feac88, 0x00007fdbb4feae00, 0x00007fdbb5016000)
 Metaspace       used 24329K, capacity 24724K, committed 24832K, reserved 26624K
GC Heap History (20 events):
Event: 10562.685 GC heap after
{Heap after GC invocations=12533 (full 4):
 def new generation   total 2913024K, used 27403K [0x00007fd4d4600000, 0x00007fd599ed0000, 0x00007fda29b50000)
  eden space 2589376K,   0% used [0x00007fd4d4600000, 0x00007fd4d4600000, 0x00007fd5726b0000)
  from space 323648K,   8% used [0x00007fd5862c0000, 0x00007fd587d82c40, 0x00007fd599ed0000)
  to   space 323648K,   0% used [0x00007fd5726b0000, 0x00007fd5726b0000, 0x00007fd5862c0000)
 tenured generation   total 6473304K, used 6464208K [0x00007fda29b50000, 0x00007fdbb4ce6000, 0x00007fe4d4600000)
   the space 6473304K,  99% used [0x00007fda29b50000, 0x00007fdbb4404208, 0x00007fdbb4404400, 0x00007fdbb4ce6000)
 Metaspace       used 24329K, capacity 24724K, committed 24832K, reserved 26624K
}
Event: 10564.634 GC heap before
{Heap before GC invocations=12533 (full 4):
 def new generation   total 2913024K, used 2616779K [0x00007fd4d4600000, 0x00007fd599ed0000, 0x00007fda29b50000)
  eden space 2589376K, 100% used [0x00007fd4d4600000, 0x00007fd5726b0000, 0x00007fd5726b0000)
  from space 323648K,   8% used [0x00007fd5862c0000, 0x00007fd587d82c40, 0x00007fd599ed0000)
  to   space 323648K,   0% used [0x00007fd5726b0000, 0x00007fd5726b0000, 0x00007fd5862c0000)
 tenured generation   total 6473304K, used 6464208K [0x00007fda29b50000, 0x00007fdbb4ce6000, 0x00007fe4d4600000)
   the space 6473304K,  99% used [0x00007fda29b50000, 0x00007fdbb4404208, 0x00007fdbb4404400, 0x00007fdbb4ce6000)
 Metaspace       used 24329K, capacity 24724K, committed 24832K, reserved 26624K
}
Event: 10564.667 GC heap after
{Heap after GC invocations=12534 (full 4):
 def new generation   total 2913024K, used 27544K [0x00007fd4d4600000, 0x00007fd599ed0000, 0x00007fda29b50000)
  eden space 2589376K,   0% used [0x00007fd4d4600000, 0x00007fd4d4600000, 0x00007fd5726b0000)
  from space 323648K,   8% used [0x00007fd5726b0000, 0x00007fd5741961d8, 0x00007fd5862c0000)
  to   space 323648K,   0% used [0x00007fd5862c0000, 0x00007fd5862c0000, 0x00007fd599ed0000)
 tenured generation   total 6473304K, used 6464993K [0x00007fda29b50000, 0x00007fdbb4ce6000, 0x00007fe4d4600000)
   the space 6473304K,  99% used [0x00007fda29b50000, 0x00007fdbb44c8668, 0x00007fdbb44c8800, 0x00007fdbb4ce6000)
 Metaspace       used 24329K, capacity 24724K, committed 24832K, reserved 26624K
}
Event: 10566.626 GC heap before
{Heap before GC invocations=12534 (full 4):
 def new generation   total 2913024K, used 2616920K [0x00007fd4d4600000, 0x00007fd599ed0000, 0x00007fda29b50000)
  eden space 2589376K, 100% used [0x00007fd4d4600000, 0x00007fd5726b0000, 0x00007fd5726b0000)
  from space 323648K,   8% used [0x00007fd5726b0000, 0x00007fd5741961d8, 0x00007fd5862c0000)
  to   space 323648K,   0% used [0x00007fd5862c0000, 0x00007fd5862c0000, 0x00007fd599ed0000)
 tenured generation   total 6473304K, used 6464993K [0x00007fda29b50000, 0x00007fdbb4ce6000, 0x00007fe4d4600000)
   the space 6473304K,  99% used [0x00007fda29b50000, 0x00007fdbb44c8668, 0x00007fdbb44c8800, 0x00007fdbb4ce6000)
 Metaspace       used 24329K, capacity 24724K, committed 24832K, reserved 26624K
}
Event: 10566.662 GC heap after
{Heap after GC invocations=12535 (full 4):
 def new generation   total 2913024K, used 27651K [0x00007fd4d4600000, 0x00007fd599ed0000, 0x00007fda29b50000)
  eden space 2589376K,   0% used [0x00007fd4d4600000, 0x00007fd4d4600000, 0x00007fd5726b0000)
  from space 323648K,   8% used [0x00007fd5862c0000, 0x00007fd587dc0e20, 0x00007fd599ed0000)
  to   space 323648K,   0% used [0x00007fd5726b0000, 0x00007fd5726b0000, 0x00007fd5862c0000)
 tenured generation   total 6473304K, used 6465824K [0x00007fda29b50000, 0x00007fdbb4ce6000, 0x00007fe4d4600000)
   the space 6473304K,  99% used [0x00007fda29b50000, 0x00007fdbb4598308, 0x00007fdbb4598400, 0x00007fdbb4ce6000)
 Metaspace       used 24329K, capacity 24724K, committed 24832K, reserved 26624K
}
Event: 10568.631 GC heap before
{Heap before GC invocations=12535 (full 4):
 def new generation   total 2913024K, used 2616990K [0x00007fd4d4600000, 0x00007fd599ed0000, 0x00007fda29b50000)
  eden space 2589376K,  99% used [0x00007fd4d4600000, 0x00007fd5726a6b10, 0x00007fd5726b0000)
  from space 323648K,   8% used [0x00007fd5862c0000, 0x00007fd587dc0e20, 0x00007fd599ed0000)
  to   space 323648K,   0% used [0x00007fd5726b0000, 0x00007fd5726b0000, 0x00007fd5862c0000)
 tenured generation   total 6473304K, used 6465824K [0x00007fda29b50000, 0x00007fdbb4ce6000, 0x00007fe4d4600000)
   the space 6473304K,  99% used [0x00007fda29b50000, 0x00007fdbb4598308, 0x00007fdbb4598400, 0x00007fdbb4ce6000)
 Metaspace       used 24329K, capacity 24724K, committed 24832K, reserved 26624K
}
Event: 10568.673 GC heap after
{Heap after GC invocations=12536 (full 4):
 def new generation   total 2913024K, used 44071K [0x00007fd4d4600000, 0x00007fd599ed0000, 0x00007fda29b50000)
  eden space 2589376K,   0% used [0x00007fd4d4600000, 0x00007fd4d4600000, 0x00007fd5726b0000)
  from space 323648K,  13% used [0x00007fd5726b0000, 0x00007fd5751b9f50, 0x00007fd5862c0000)
  to   space 323648K,   0% used [0x00007fd5862c0000, 0x00007fd5862c0000, 0x00007fd599ed0000)
 tenured generation   total 6473304K, used 6466798K [0x00007fda29b50000, 0x00007fdbb4ce6000, 0x00007fe4d4600000)
   the space 6473304K,  99% used [0x00007fda29b50000, 0x00007fdbb468b9d8, 0x00007fdbb468ba00, 0x00007fdbb4ce6000)
 Metaspace       used 24329K, capacity 24724K, committed 24832K, reserved 26624K
}
Event: 10570.655 GC heap before
{Heap before GC invocations=12536 (full 4):
 def new generation   total 2913024K, used 2629873K [0x00007fd4d4600000, 0x00007fd599ed0000, 0x00007fda29b50000)
  eden space 2589376K,  99% used [0x00007fd4d4600000, 0x00007fd572332560, 0x00007fd5726b0000)
  from space 323648K,  13% used [0x00007fd5726b0000, 0x00007fd5751b9f50, 0x00007fd5862c0000)
  to   space 323648K,   0% used [0x00007fd5862c0000, 0x00007fd5862c0000, 0x00007fd599ed0000)
 tenured generation   total 6473304K, used 6466798K [0x00007fda29b50000, 0x00007fdbb4ce6000, 0x00007fe4d4600000)
   the space 6473304K,  99% used [0x00007fda29b50000, 0x00007fdbb468b9d8, 0x00007fdbb468ba00, 0x00007fdbb4ce6000)
 Metaspace       used 24329K, capacity 24724K, committed 24832K, reserved 26624K
}
Event: 10570.690 GC heap after
{Heap after GC invocations=12537 (full 4):
 def new generation   total 2913024K, used 31832K [0x00007fd4d4600000, 0x00007fd599ed0000, 0x00007fda29b50000)
  eden space 2589376K,   0% used [0x00007fd4d4600000, 0x00007fd4d4600000, 0x00007fd5726b0000)
  from space 323648K,   9% used [0x00007fd5862c0000, 0x00007fd5881d60f0, 0x00007fd599ed0000)
  to   space 323648K,   0% used [0x00007fd5726b0000, 0x00007fd5726b0000, 0x00007fd5862c0000)
 tenured generation   total 6473304K, used 6467770K [0x00007fda29b50000, 0x00007fdbb4ce6000, 0x00007fe4d4600000)
   the space 6473304K,  99% used [0x00007fda29b50000, 0x00007fdbb477e958, 0x00007fdbb477ea00, 0x00007fdbb4ce6000)
 Metaspace       used 24329K, capacity 24724K, committed 24832K, reserved 26624K
}
Event: 10572.646 GC heap before
{Heap before GC invocations=12537 (full 4):
 def new generation   total 2913024K, used 2621208K [0x00007fd4d4600000, 0x00007fd599ed0000, 0x00007fda29b50000)
  eden space 2589376K, 100% used [0x00007fd4d4600000, 0x00007fd5726b0000, 0x00007fd5726b0000)
  from space 323648K,   9% used [0x00007fd5862c0000, 0x00007fd5881d60f0, 0x00007fd599ed0000)
  to   space 323648K,   0% used [0x00007fd5726b0000, 0x00007fd5726b0000, 0x00007fd5862c0000)
 tenured generation   total 6473304K, used 6467770K [0x00007fda29b50000, 0x00007fdbb4ce6000, 0x00007fe4d4600000)
   the space 6473304K,  99% used [0x00007fda29b50000, 0x00007fdbb477e958, 0x00007fdbb477ea00, 0x00007fdbb4ce6000)
 Metaspace       used 24329K, capacity 24724K, committed 24832K, reserved 26624K
}
Event: 10572.677 GC heap after
{Heap after GC invocations=12538 (full 4):
 def new generation   total 2913024K, used 27759K [0x00007fd4d4600000, 0x00007fd599ed0000, 0x00007fda29b50000)
  eden space 2589376K,   0% used [0x00007fd4d4600000, 0x00007fd4d4600000, 0x00007fd5726b0000)
  from space 323648K,   8% used [0x00007fd5726b0000, 0x00007fd5741cbdd8, 0x00007fd5862c0000)
  to   space 323648K,   0% used [0x00007fd5862c0000, 0x00007fd5862c0000, 0x00007fd599ed0000)
 tenured generation   total 6473304K, used 6468790K [0x00007fda29b50000, 0x00007fdbb4ce6000, 0x00007fe4d4600000)
   the space 6473304K,  99% used [0x00007fda29b50000, 0x00007fdbb487db38, 0x00007fdbb487dc00, 0x00007fdbb4ce6000)
 Metaspace       used 24329K, capacity 24724K, committed 24832K, reserved 26624K
}
Event: 10574.674 GC heap before
{Heap before GC invocations=12538 (full 4):
 def new generation   total 2913024K, used 2615691K [0x00007fd4d4600000, 0x00007fd599ed0000, 0x00007fda29b50000)
  eden space 2589376K,  99% used [0x00007fd4d4600000, 0x00007fd572547028, 0x00007fd5726b0000)
  from space 323648K,   8% used [0x00007fd5726b0000, 0x00007fd5741cbdd8, 0x00007fd5862c0000)
  to   space 323648K,   0% used [0x00007fd5862c0000, 0x00007fd5862c0000, 0x00007fd599ed0000)
 tenured generation   total 6473304K, used 6468790K [0x00007fda29b50000, 0x00007fdbb4ce6000, 0x00007fe4d4600000)
   the space 6473304K,  99% used [0x00007fda29b50000, 0x00007fdbb487db38, 0x00007fdbb487dc00, 0x00007fdbb4ce6000)
 Metaspace       used 24329K, capacity 24724K, committed 24832K, reserved 26624K
}
Event: 10574.709 GC heap after
{Heap after GC invocations=12539 (full 4):
 def new generation   total 2913024K, used 35880K [0x00007fd4d4600000, 0x00007fd599ed0000, 0x00007fda29b50000)
  eden space 2589376K,   0% used [0x00007fd4d4600000, 0x00007fd4d4600000, 0x00007fd5726b0000)
  from space 323648K,  11% used [0x00007fd5862c0000, 0x00007fd5885ca230, 0x00007fd599ed0000)
  to   space 323648K,   0% used [0x00007fd5726b0000, 0x00007fd5726b0000, 0x00007fd5862c0000)
 tenured generation   total 6473304K, used 6469810K [0x00007fda29b50000, 0x00007fdbb4ce6000, 0x00007fe4d4600000)
   the space 6473304K,  99% used [0x00007fda29b50000, 0x00007fdbb497cb68, 0x00007fdbb497cc00, 0x00007fdbb4ce6000)
 Metaspace       used 24329K, capacity 24724K, committed 24832K, reserved 26624K
}
Event: 10576.595 GC heap before
{Heap before GC invocations=12539 (full 4):
 def new generation   total 2913024K, used 2625256K [0x00007fd4d4600000, 0x00007fd599ed0000, 0x00007fda29b50000)
  eden space 2589376K, 100% used [0x00007fd4d4600000, 0x00007fd5726b0000, 0x00007fd5726b0000)
  from space 323648K,  11% used [0x00007fd5862c0000, 0x00007fd5885ca230, 0x00007fd599ed0000)
  to   space 323648K,   0% used [0x00007fd5726b0000, 0x00007fd5726b0000, 0x00007fd5862c0000)
 tenured generation   total 6473304K, used 6469810K [0x00007fda29b50000, 0x00007fdbb4ce6000, 0x00007fe4d4600000)
   the space 6473304K,  99% used [0x00007fda29b50000, 0x00007fdbb497cb68, 0x00007fdbb497cc00, 0x00007fdbb4ce6000)
 Metaspace       used 24329K, capacity 24724K, committed 24832K, reserved 26624K
}
Event: 10576.628 GC heap after
{Heap after GC invocations=12540 (full 4):
 def new generation   total 2913024K, used 27699K [0x00007fd4d4600000, 0x00007fd599ed0000, 0x00007fda29b50000)
  eden space 2589376K,   0% used [0x00007fd4d4600000, 0x00007fd4d4600000, 0x00007fd5726b0000)
  from space 323648K,   8% used [0x00007fd5726b0000, 0x00007fd5741bce58, 0x00007fd5862c0000)
  to   space 323648K,   0% used [0x00007fd5862c0000, 0x00007fd5862c0000, 0x00007fd599ed0000)
 tenured generation   total 6473304K, used 6470783K [0x00007fda29b50000, 0x00007fdbb4ce6000, 0x00007fe4d4600000)
   the space 6473304K,  99% used [0x00007fda29b50000, 0x00007fdbb4a6fc98, 0x00007fdbb4a6fe00, 0x00007fdbb4ce6000)
 Metaspace       used 24329K, capacity 24724K, committed 24832K, reserved 26624K
}
Event: 10578.604 GC heap before
{Heap before GC invocations=12540 (full 4):
 def new generation   total 2913024K, used 2611138K [0x00007fd4d4600000, 0x00007fd599ed0000, 0x00007fda29b50000)
  eden space 2589376K,  99% used [0x00007fd4d4600000, 0x00007fd5720e3a90, 0x00007fd5726b0000)
  from space 323648K,   8% used [0x00007fd5726b0000, 0x00007fd5741bce58, 0x00007fd5862c0000)
  to   space 323648K,   0% used [0x00007fd5862c0000, 0x00007fd5862c0000, 0x00007fd599ed0000)
 tenured generation   total 6473304K, used 6470783K [0x00007fda29b50000, 0x00007fdbb4ce6000, 0x00007fe4d4600000)
   the space 6473304K,  99% used [0x00007fda29b50000, 0x00007fdbb4a6fc98, 0x00007fdbb4a6fe00, 0x00007fdbb4ce6000)
 Metaspace       used 24329K, capacity 24724K, committed 24832K, reserved 26624K
}
Event: 10578.646 GC heap after
{Heap after GC invocations=12541 (full 4):
 def new generation   total 2913024K, used 44072K [0x00007fd4d4600000, 0x00007fd599ed0000, 0x00007fda29b50000)
  eden space 2589376K,   0% used [0x00007fd4d4600000, 0x00007fd4d4600000, 0x00007fd5726b0000)
  from space 323648K,  13% used [0x00007fd5862c0000, 0x00007fd588dca1d8, 0x00007fd599ed0000)
  to   space 323648K,   0% used [0x00007fd5726b0000, 0x00007fd5726b0000, 0x00007fd5862c0000)
 tenured generation   total 6473304K, used 6471803K [0x00007fda29b50000, 0x00007fdbb4ce6000, 0x00007fe4d4600000)
   the space 6473304K,  99% used [0x00007fda29b50000, 0x00007fdbb4b6ee78, 0x00007fdbb4b6f000, 0x00007fdbb4ce6000)
 Metaspace       used 24329K, capacity 24724K, committed 24832K, reserved 26624K
}
Event: 10580.575 GC heap before
{Heap before GC invocations=12541 (full 4):
 def new generation   total 2913024K, used 2630368K [0x00007fd4d4600000, 0x00007fd599ed0000, 0x00007fda29b50000)
  eden space 2589376K,  99% used [0x00007fd4d4600000, 0x00007fd5723ae030, 0x00007fd5726b0000)
  from space 323648K,  13% used [0x00007fd5862c0000, 0x00007fd588dca1d8, 0x00007fd599ed0000)
  to   space 323648K,   0% used [0x00007fd5726b0000, 0x00007fd5726b0000, 0x00007fd5862c0000)
 tenured generation   total 6473304K, used 6471803K [0x00007fda29b50000, 0x00007fdbb4ce6000, 0x00007fe4d4600000)
   the space 6473304K,  99% used [0x00007fda29b50000, 0x00007fdbb4b6ee78, 0x00007fdbb4b6f000, 0x00007fdbb4ce6000)
 Metaspace       used 24329K, capacity 24724K, committed 24832K, reserved 26624K
}
Event: 10580.610 GC heap after
{Heap after GC invocations=12542 (full 4):
 def new generation   total 2913024K, used 28214K [0x00007fd4d4600000, 0x00007fd599ed0000, 0x00007fda29b50000)
  eden space 2589376K,   0% used [0x00007fd4d4600000, 0x00007fd4d4600000, 0x00007fd5726b0000)
  from space 323648K,   8% used [0x00007fd5726b0000, 0x00007fd57423d8b8, 0x00007fd5862c0000)
  to   space 323648K,   0% used [0x00007fd5862c0000, 0x00007fd5862c0000, 0x00007fd599ed0000)
 tenured generation   total 6476568K, used 6476395K [0x00007fda29b50000, 0x00007fdbb5016000, 0x00007fe4d4600000)
   the space 6476568K,  99% used [0x00007fda29b50000, 0x00007fdbb4feac88, 0x00007fdbb4feae00, 0x00007fdbb5016000)
 Metaspace       used 24329K, capacity 24724K, committed 24832K, reserved 26624K
}
Event: 10580.610 GC heap before
{Heap before GC invocations=12542 (full 4):
 def new generation   total 2913024K, used 28214K [0x00007fd4d4600000, 0x00007fd599ed0000, 0x00007fda29b50000)
  eden space 2589376K,   0% used [0x00007fd4d4600000, 0x00007fd4d4600000, 0x00007fd5726b0000)
  from space 323648K,   8% used [0x00007fd5726b0000, 0x00007fd57423d8b8, 0x00007fd5862c0000)
  to   space 323648K,   0% used [0x00007fd5862c0000, 0x00007fd5862c0000, 0x00007fd599ed0000)
 tenured generation   total 6476568K, used 6476395K [0x00007fda29b50000, 0x00007fdbb5016000, 0x00007fe4d4600000)
   the space 6476568K,  99% used [0x00007fda29b50000, 0x00007fdbb4feac88, 0x00007fdbb4feae00, 0x00007fdbb5016000)
 Metaspace       used 24329K, capacity 24724K, committed 24832K, reserved 26624K
}

