# JRE version: OpenJDK Runtime Environment (13.0.7+5) (build 13.0.7+5-Ubuntu-0ubuntu120.04)
# Java VM: OpenJDK 64-Bit Server VM (13.0.7+5-Ubuntu-0ubuntu120.04, mixed mode, tiered, serial gc, linux-amd64)
Heap:
 def new generation   total 2810304K, used 88882K [0x00007ef8bc600000, 0x00007ef97af60000, 0x00007f03670a0000)
  eden space 2498048K,   3% used [0x00007ef8bc600000, 0x00007ef8c1cccbe0, 0x00007ef954d80000)
  from space 312256K,   0% used [0x00007ef967e70000, 0x00007ef967e70000, 0x00007ef97af60000)
  to   space 312256K,   0% used [0x00007ef954d80000, 0x00007ef954d80000, 0x00007ef967e70000)
 tenured generation   total 6261480K, used 6257656K [0x00007f03670a0000, 0x00007f04e535a000, 0x00007f18bc600000)
   the space 6261480K,  99% used [0x00007f03670a0000, 0x00007f04e4f9e0d8, 0x00007f04e4f9e200, 0x00007f04e535a000)
 Metaspace       used 24279K, capacity 24698K, committed 24832K, reserved 26624K
GC Heap History (20 events):
Event: 2968.486 GC heap after
{Heap after GC invocations=2454 (full 6):
 def new generation   total 2810304K, used 101764K [0x00007ef8bc600000, 0x00007ef97af60000, 0x00007f03670a0000)
  eden space 2498048K,   0% used [0x00007ef8bc600000, 0x00007ef8bc600000, 0x00007ef954d80000)
  from space 312256K,  32% used [0x00007ef954d80000, 0x00007ef95b0e1088, 0x00007ef967e70000)
  to   space 312256K,   0% used [0x00007ef967e70000, 0x00007ef967e70000, 0x00007ef97af60000)
 tenured generation   total 6245092K, used 6195441K [0x00007f03670a0000, 0x00007f04e4359000, 0x00007f18bc600000)
   the space 6245092K,  99% used [0x00007f03670a0000, 0x00007f04e12dc448, 0x00007f04e12dc600, 0x00007f04e4359000)
 Metaspace       used 24279K, capacity 24698K, committed 24832K, reserved 26624K
}
Event: 2970.448 GC heap before
{Heap before GC invocations=2454 (full 6):
 def new generation   total 2810304K, used 2599812K [0x00007ef8bc600000, 0x00007ef97af60000, 0x00007f03670a0000)
  eden space 2498048K, 100% used [0x00007ef8bc600000, 0x00007ef954d80000, 0x00007ef954d80000)
  from space 312256K,  32% used [0x00007ef954d80000, 0x00007ef95b0e1088, 0x00007ef967e70000)
  to   space 312256K,   0% used [0x00007ef967e70000, 0x00007ef967e70000, 0x00007ef97af60000)
 tenured generation   total 6245092K, used 6195441K [0x00007f03670a0000, 0x00007f04e4359000, 0x00007f18bc600000)
   the space 6245092K,  99% used [0x00007f03670a0000, 0x00007f04e12dc448, 0x00007f04e12dc600, 0x00007f04e4359000)
 Metaspace       used 24279K, capacity 24698K, committed 24832K, reserved 26624K
}
Event: 2970.518 GC heap after
{Heap after GC invocations=2455 (full 6):
 def new generation   total 2810304K, used 106972K [0x00007ef8bc600000, 0x00007ef97af60000, 0x00007f03670a0000)
  eden space 2498048K,   0% used [0x00007ef8bc600000, 0x00007ef8bc600000, 0x00007ef954d80000)
  from space 312256K,  34% used [0x00007ef967e70000, 0x00007ef96e6e7260, 0x00007ef97af60000)
  to   space 312256K,   0% used [0x00007ef954d80000, 0x00007ef954d80000, 0x00007ef967e70000)
 tenured generation   total 6245092K, used 6195441K [0x00007f03670a0000, 0x00007f04e4359000, 0x00007f18bc600000)
   the space 6245092K,  99% used [0x00007f03670a0000, 0x00007f04e12dc448, 0x00007f04e12dc600, 0x00007f04e4359000)
 Metaspace       used 24279K, capacity 24698K, committed 24832K, reserved 26624K
}
Event: 2972.474 GC heap before
{Heap before GC invocations=2455 (full 6):
 def new generation   total 2810304K, used 2605020K [0x00007ef8bc600000, 0x00007ef97af60000, 0x00007f03670a0000)
  eden space 2498048K, 100% used [0x00007ef8bc600000, 0x00007ef954d80000, 0x00007ef954d80000)
  from space 312256K,  34% used [0x00007ef967e70000, 0x00007ef96e6e7260, 0x00007ef97af60000)
  to   space 312256K,   0% used [0x00007ef954d80000, 0x00007ef954d80000, 0x00007ef967e70000)
 tenured generation   total 6245092K, used 6195441K [0x00007f03670a0000, 0x00007f04e4359000, 0x00007f18bc600000)
   the space 6245092K,  99% used [0x00007f03670a0000, 0x00007f04e12dc448, 0x00007f04e12dc600, 0x00007f04e4359000)
 Metaspace       used 24279K, capacity 24698K, committed 24832K, reserved 26624K
}
Event: 2972.523 GC heap after
{Heap after GC invocations=2456 (full 6):
 def new generation   total 2810304K, used 98691K [0x00007ef8bc600000, 0x00007ef97af60000, 0x00007f03670a0000)
  eden space 2498048K,   0% used [0x00007ef8bc600000, 0x00007ef8bc600000, 0x00007ef954d80000)
  from space 312256K,  31% used [0x00007ef954d80000, 0x00007ef95ade0c68, 0x00007ef967e70000)
  to   space 312256K,   0% used [0x00007ef967e70000, 0x00007ef967e70000, 0x00007ef97af60000)
 tenured generation   total 6245092K, used 6212401K [0x00007f03670a0000, 0x00007f04e4359000, 0x00007f18bc600000)
   the space 6245092K,  99% used [0x00007f03670a0000, 0x00007f04e236c440, 0x00007f04e236c600, 0x00007f04e4359000)
 Metaspace       used 24279K, capacity 24698K, committed 24832K, reserved 26624K
}
Event: 2974.137 GC heap before
{Heap before GC invocations=2456 (full 6):
 def new generation   total 2810304K, used 2596739K [0x00007ef8bc600000, 0x00007ef97af60000, 0x00007f03670a0000)
  eden space 2498048K, 100% used [0x00007ef8bc600000, 0x00007ef954d80000, 0x00007ef954d80000)
  from space 312256K,  31% used [0x00007ef954d80000, 0x00007ef95ade0c68, 0x00007ef967e70000)
  to   space 312256K,   0% used [0x00007ef967e70000, 0x00007ef967e70000, 0x00007ef97af60000)
 tenured generation   total 6245092K, used 6212401K [0x00007f03670a0000, 0x00007f04e4359000, 0x00007f18bc600000)
   the space 6245092K,  99% used [0x00007f03670a0000, 0x00007f04e236c440, 0x00007f04e236c600, 0x00007f04e4359000)
 Metaspace       used 24279K, capacity 24698K, committed 24832K, reserved 26624K
}
Event: 2974.210 GC heap after
{Heap after GC invocations=2457 (full 6):
 def new generation   total 2810304K, used 101755K [0x00007ef8bc600000, 0x00007ef97af60000, 0x00007f03670a0000)
  eden space 2498048K,   0% used [0x00007ef8bc600000, 0x00007ef8bc600000, 0x00007ef954d80000)
  from space 312256K,  32% used [0x00007ef967e70000, 0x00007ef96e1cec68, 0x00007ef97af60000)
  to   space 312256K,   0% used [0x00007ef954d80000, 0x00007ef954d80000, 0x00007ef967e70000)
 tenured generation   total 6245092K, used 6212401K [0x00007f03670a0000, 0x00007f04e4359000, 0x00007f18bc600000)
   the space 6245092K,  99% used [0x00007f03670a0000, 0x00007f04e236c440, 0x00007f04e236c600, 0x00007f04e4359000)
 Metaspace       used 24279K, capacity 24698K, committed 24832K, reserved 26624K
}
Event: 2976.052 GC heap before
{Heap before GC invocations=2457 (full 6):
 def new generation   total 2810304K, used 2584340K [0x00007ef8bc600000, 0x00007ef97af60000, 0x00007f03670a0000)
  eden space 2498048K,  99% used [0x00007ef8bc600000, 0x00007ef953e66498, 0x00007ef954d80000)
  from space 312256K,  32% used [0x00007ef967e70000, 0x00007ef96e1cec68, 0x00007ef97af60000)
  to   space 312256K,   0% used [0x00007ef954d80000, 0x00007ef954d80000, 0x00007ef967e70000)
 tenured generation   total 6245092K, used 6212401K [0x00007f03670a0000, 0x00007f04e4359000, 0x00007f18bc600000)
   the space 6245092K,  99% used [0x00007f03670a0000, 0x00007f04e236c440, 0x00007f04e236c600, 0x00007f04e4359000)
 Metaspace       used 24279K, capacity 24698K, committed 24832K, reserved 26624K
}
Event: 2976.114 GC heap after
{Heap after GC invocations=2458 (full 6):
 def new generation   total 2810304K, used 103825K [0x00007ef8bc600000, 0x00007ef97af60000, 0x00007f03670a0000)
  eden space 2498048K,   0% used [0x00007ef8bc600000, 0x00007ef8bc600000, 0x00007ef954d80000)
  from space 312256K,  33% used [0x00007ef954d80000, 0x00007ef95b2e4528, 0x00007ef967e70000)
  to   space 312256K,   0% used [0x00007ef967e70000, 0x00007ef967e70000, 0x00007ef97af60000)
 tenured generation   total 6245092K, used 6212401K [0x00007f03670a0000, 0x00007f04e4359000, 0x00007f18bc600000)
   the space 6245092K,  99% used [0x00007f03670a0000, 0x00007f04e236c440, 0x00007f04e236c600, 0x00007f04e4359000)
 Metaspace       used 24279K, capacity 24698K, committed 24832K, reserved 26624K
}
Event: 2978.168 GC heap before
{Heap before GC invocations=2458 (full 6):
 def new generation   total 2810304K, used 2601873K [0x00007ef8bc600000, 0x00007ef97af60000, 0x00007f03670a0000)
  eden space 2498048K, 100% used [0x00007ef8bc600000, 0x00007ef954d80000, 0x00007ef954d80000)
  from space 312256K,  33% used [0x00007ef954d80000, 0x00007ef95b2e4528, 0x00007ef967e70000)
  to   space 312256K,   0% used [0x00007ef967e70000, 0x00007ef967e70000, 0x00007ef97af60000)
 tenured generation   total 6245092K, used 6212401K [0x00007f03670a0000, 0x00007f04e4359000, 0x00007f18bc600000)
   the space 6245092K,  99% used [0x00007f03670a0000, 0x00007f04e236c440, 0x00007f04e236c600, 0x00007f04e4359000)
 Metaspace       used 24279K, capacity 24698K, committed 24832K, reserved 26624K
}
Event: 2978.242 GC heap after
{Heap after GC invocations=2459 (full 6):
 def new generation   total 2810304K, used 128991K [0x00007ef8bc600000, 0x00007ef97af60000, 0x00007f03670a0000)
  eden space 2498048K,   0% used [0x00007ef8bc600000, 0x00007ef8bc600000, 0x00007ef954d80000)
  from space 312256K,  41% used [0x00007ef967e70000, 0x00007ef96fc67d08, 0x00007ef97af60000)
  to   space 312256K,   0% used [0x00007ef954d80000, 0x00007ef954d80000, 0x00007ef967e70000)
 tenured generation   total 6245092K, used 6212401K [0x00007f03670a0000, 0x00007f04e4359000, 0x00007f18bc600000)
   the space 6245092K,  99% used [0x00007f03670a0000, 0x00007f04e236c440, 0x00007f04e236c600, 0x00007f04e4359000)
 Metaspace       used 24279K, capacity 24698K, committed 24832K, reserved 26624K
}
Event: 2980.113 GC heap before
{Heap before GC invocations=2459 (full 6):
 def new generation   total 2810304K, used 2627039K [0x00007ef8bc600000, 0x00007ef97af60000, 0x00007f03670a0000)
  eden space 2498048K, 100% used [0x00007ef8bc600000, 0x00007ef954d80000, 0x00007ef954d80000)
  from space 312256K,  41% used [0x00007ef967e70000, 0x00007ef96fc67d08, 0x00007ef97af60000)
  to   space 312256K,   0% used [0x00007ef954d80000, 0x00007ef954d80000, 0x00007ef967e70000)
 tenured generation   total 6245092K, used 6212401K [0x00007f03670a0000, 0x00007f04e4359000, 0x00007f18bc600000)
   the space 6245092K,  99% used [0x00007f03670a0000, 0x00007f04e236c440, 0x00007f04e236c600, 0x00007f04e4359000)
 Metaspace       used 24279K, capacity 24698K, committed 24832K, reserved 26624K
}
Event: 2980.201 GC heap after
{Heap after GC invocations=2460 (full 6):
 def new generation   total 2810304K, used 101770K [0x00007ef8bc600000, 0x00007ef97af60000, 0x00007f03670a0000)
  eden space 2498048K,   0% used [0x00007ef8bc600000, 0x00007ef8bc600000, 0x00007ef954d80000)
  from space 312256K,  32% used [0x00007ef954d80000, 0x00007ef95b0e2970, 0x00007ef967e70000)
  to   space 312256K,   0% used [0x00007ef967e70000, 0x00007ef967e70000, 0x00007ef97af60000)
 tenured generation   total 6245092K, used 6229361K [0x00007f03670a0000, 0x00007f04e4359000, 0x00007f18bc600000)
   the space 6245092K,  99% used [0x00007f03670a0000, 0x00007f04e33fc438, 0x00007f04e33fc600, 0x00007f04e4359000)
 Metaspace       used 24279K, capacity 24698K, committed 24832K, reserved 26624K
}
Event: 2981.972 GC heap before
{Heap before GC invocations=2460 (full 6):
 def new generation   total 2810304K, used 2599818K [0x00007ef8bc600000, 0x00007ef97af60000, 0x00007f03670a0000)
  eden space 2498048K, 100% used [0x00007ef8bc600000, 0x00007ef954d80000, 0x00007ef954d80000)
  from space 312256K,  32% used [0x00007ef954d80000, 0x00007ef95b0e2970, 0x00007ef967e70000)
  to   space 312256K,   0% used [0x00007ef967e70000, 0x00007ef967e70000, 0x00007ef97af60000)
 tenured generation   total 6245092K, used 6229361K [0x00007f03670a0000, 0x00007f04e4359000, 0x00007f18bc600000)
   the space 6245092K,  99% used [0x00007f03670a0000, 0x00007f04e33fc438, 0x00007f04e33fc600, 0x00007f04e4359000)
 Metaspace       used 24279K, capacity 24698K, committed 24832K, reserved 26624K
}
Event: 2982.036 GC heap after
{Heap after GC invocations=2461 (full 6):
 def new generation   total 2810304K, used 101772K [0x00007ef8bc600000, 0x00007ef97af60000, 0x00007f03670a0000)
  eden space 2498048K,   0% used [0x00007ef8bc600000, 0x00007ef8bc600000, 0x00007ef954d80000)
  from space 312256K,  32% used [0x00007ef967e70000, 0x00007ef96e1d33f8, 0x00007ef97af60000)
  to   space 312256K,   0% used [0x00007ef954d80000, 0x00007ef954d80000, 0x00007ef967e70000)
 tenured generation   total 6245092K, used 6229361K [0x00007f03670a0000, 0x00007f04e4359000, 0x00007f18bc600000)
   the space 6245092K,  99% used [0x00007f03670a0000, 0x00007f04e33fc438, 0x00007f04e33fc600, 0x00007f04e4359000)
 Metaspace       used 24279K, capacity 24698K, committed 24832K, reserved 26624K
}
Event: 2984.282 GC heap before
{Heap before GC invocations=2461 (full 6):
 def new generation   total 2810304K, used 2599820K [0x00007ef8bc600000, 0x00007ef97af60000, 0x00007f03670a0000)
  eden space 2498048K, 100% used [0x00007ef8bc600000, 0x00007ef954d80000, 0x00007ef954d80000)
  from space 312256K,  32% used [0x00007ef967e70000, 0x00007ef96e1d33f8, 0x00007ef97af60000)
  to   space 312256K,   0% used [0x00007ef954d80000, 0x00007ef954d80000, 0x00007ef967e70000)
 tenured generation   total 6245092K, used 6229361K [0x00007f03670a0000, 0x00007f04e4359000, 0x00007f18bc600000)
   the space 6245092K,  99% used [0x00007f03670a0000, 0x00007f04e33fc438, 0x00007f04e33fc600, 0x00007f04e4359000)
 Metaspace       used 24279K, capacity 24698K, committed 24832K, reserved 26624K
}
Event: 2984.357 GC heap after
{Heap after GC invocations=2462 (full 6):
 def new generation   total 2810304K, used 109480K [0x00007ef8bc600000, 0x00007ef97af60000, 0x00007f03670a0000)
  eden space 2498048K,   0% used [0x00007ef8bc600000, 0x00007ef8bc600000, 0x00007ef954d80000)
  from space 312256K,  35% used [0x00007ef954d80000, 0x00007ef95b86a2a0, 0x00007ef967e70000)
  to   space 312256K,   0% used [0x00007ef967e70000, 0x00007ef967e70000, 0x00007ef97af60000)
 tenured generation   total 6245092K, used 6229361K [0x00007f03670a0000, 0x00007f04e4359000, 0x00007f18bc600000)
   the space 6245092K,  99% used [0x00007f03670a0000, 0x00007f04e33fc438, 0x00007f04e33fc600, 0x00007f04e4359000)
 Metaspace       used 24279K, capacity 24698K, committed 24832K, reserved 26624K
}
Event: 2986.698 GC heap before
{Heap before GC invocations=2462 (full 6):
 def new generation   total 2810304K, used 2607528K [0x00007ef8bc600000, 0x00007ef97af60000, 0x00007f03670a0000)
  eden space 2498048K, 100% used [0x00007ef8bc600000, 0x00007ef954d80000, 0x00007ef954d80000)
  from space 312256K,  35% used [0x00007ef954d80000, 0x00007ef95b86a2a0, 0x00007ef967e70000)
  to   space 312256K,   0% used [0x00007ef967e70000, 0x00007ef967e70000, 0x00007ef97af60000)
 tenured generation   total 6245092K, used 6229361K [0x00007f03670a0000, 0x00007f04e4359000, 0x00007f18bc600000)
   the space 6245092K,  99% used [0x00007f03670a0000, 0x00007f04e33fc438, 0x00007f04e33fc600, 0x00007f04e4359000)
 Metaspace       used 24279K, capacity 24698K, committed 24832K, reserved 26624K
}
Event: 2986.821 GC heap after
{Heap after GC invocations=2463 (full 6):
 def new generation   total 2810304K, used 100218K [0x00007ef8bc600000, 0x00007ef97af60000, 0x00007f03670a0000)
  eden space 2498048K,   0% used [0x00007ef8bc600000, 0x00007ef8bc600000, 0x00007ef954d80000)
  from space 312256K,  32% used [0x00007ef967e70000, 0x00007ef96e04e888, 0x00007ef97af60000)
  to   space 312256K,   0% used [0x00007ef954d80000, 0x00007ef954d80000, 0x00007ef967e70000)
 tenured generation   total 6261480K, used 6246321K [0x00007f03670a0000, 0x00007f04e535a000, 0x00007f18bc600000)
   the space 6261480K,  99% used [0x00007f03670a0000, 0x00007f04e448c430, 0x00007f04e448c600, 0x00007f04e535a000)
 Metaspace       used 24279K, capacity 24698K, committed 24832K, reserved 26624K
}
Event: 2986.821 GC heap before
{Heap before GC invocations=2463 (full 6):
 def new generation   total 2810304K, used 100218K [0x00007ef8bc600000, 0x00007ef97af60000, 0x00007f03670a0000)
  eden space 2498048K,   0% used [0x00007ef8bc600000, 0x00007ef8bc600000, 0x00007ef954d80000)
  from space 312256K,  32% used [0x00007ef967e70000, 0x00007ef96e04e888, 0x00007ef97af60000)
  to   space 312256K,   0% used [0x00007ef954d80000, 0x00007ef954d80000, 0x00007ef967e70000)
 tenured generation   total 6261480K, used 6246321K [0x00007f03670a0000, 0x00007f04e535a000, 0x00007f18bc600000)
   the space 6261480K,  99% used [0x00007f03670a0000, 0x00007f04e448c430, 0x00007f04e448c600, 0x00007f04e535a000)
 Metaspace       used 24279K, capacity 24698K, committed 24832K, reserved 26624K
}

