# JRE version: OpenJDK Runtime Environment (13.0.7+5) (build 13.0.7+5-Ubuntu-0ubuntu120.04)
# Java VM: OpenJDK 64-Bit Server VM (13.0.7+5-Ubuntu-0ubuntu120.04, mixed mode, tiered, serial gc, linux-amd64)
Heap:
 def new generation   total 9630208K, used 0K [0x00007f1f18600000, 0x00007f21a5770000, 0x00007f246db50000)
  eden space 8560192K,   0% used [0x00007f1f18600000, 0x00007f1f18600000, 0x00007f2122d90000)
  from space 1070016K,   0% used [0x00007f2164280000, 0x00007f2164280000, 0x00007f21a5770000)
  to   space 1070016K,   0% used [0x00007f2122d90000, 0x00007f2122d90000, 0x00007f2164280000)
 tenured generation   total 21590076K, used 21491162K [0x00007f246db50000, 0x00007f299375f000, 0x00007f2f18600000)
   the space 21590076K,  99% used [0x00007f246db50000, 0x00007f298d6c6920, 0x00007f298d6c6a00, 0x00007f299375f000)
 Metaspace       used 30544K, capacity 30977K, committed 31232K, reserved 32768K
GC Heap History (20 events):
Event: 717.940 GC heap after
{Heap after GC invocations=80 (full 6):
 def new generation   total 9630208K, used 665821K [0x00007f1f18600000, 0x00007f21a5770000, 0x00007f246db50000)
  eden space 8560192K,   0% used [0x00007f1f18600000, 0x00007f1f18600000, 0x00007f2122d90000)
  from space 1070016K,  62% used [0x00007f2122d90000, 0x00007f214b7c7580, 0x00007f2164280000)
  to   space 1070016K,   0% used [0x00007f2164280000, 0x00007f2164280000, 0x00007f21a5770000)
 tenured generation   total 21400380K, used 15066673K [0x00007f246db50000, 0x00007f2987e1f000, 0x00007f2f18600000)
   the space 21400380K,  70% used [0x00007f246db50000, 0x00007f28054dc4b8, 0x00007f28054dc600, 0x00007f2987e1f000)
 Metaspace       used 30544K, capacity 30977K, committed 31232K, reserved 32768K
}
Event: 720.477 GC heap before
{Heap before GC invocations=80 (full 6):
 def new generation   total 9630208K, used 9226013K [0x00007f1f18600000, 0x00007f21a5770000, 0x00007f246db50000)
  eden space 8560192K, 100% used [0x00007f1f18600000, 0x00007f2122d90000, 0x00007f2122d90000)
  from space 1070016K,  62% used [0x00007f2122d90000, 0x00007f214b7c7580, 0x00007f2164280000)
  to   space 1070016K,   0% used [0x00007f2164280000, 0x00007f2164280000, 0x00007f21a5770000)
 tenured generation   total 21400380K, used 15066673K [0x00007f246db50000, 0x00007f2987e1f000, 0x00007f2f18600000)
   the space 21400380K,  70% used [0x00007f246db50000, 0x00007f28054dc4b8, 0x00007f28054dc600, 0x00007f2987e1f000)
 Metaspace       used 30544K, capacity 30977K, committed 31232K, reserved 32768K
}
Event: 722.825 GC heap after
{Heap after GC invocations=81 (full 6):
 def new generation   total 9630208K, used 660140K [0x00007f1f18600000, 0x00007f21a5770000, 0x00007f246db50000)
  eden space 8560192K,   0% used [0x00007f1f18600000, 0x00007f1f18600000, 0x00007f2122d90000)
  from space 1070016K,  61% used [0x00007f2164280000, 0x00007f218c72b058, 0x00007f21a5770000)
  to   space 1070016K,   0% used [0x00007f2122d90000, 0x00007f2122d90000, 0x00007f2164280000)
 tenured generation   total 21400380K, used 15732494K [0x00007f246db50000, 0x00007f2987e1f000, 0x00007f2f18600000)
   the space 21400380K,  73% used [0x00007f246db50000, 0x00007f282df13828, 0x00007f282df13a00, 0x00007f2987e1f000)
 Metaspace       used 30544K, capacity 30977K, committed 31232K, reserved 32768K
}
Event: 725.468 GC heap before
{Heap before GC invocations=81 (full 6):
 def new generation   total 9630208K, used 9220332K [0x00007f1f18600000, 0x00007f21a5770000, 0x00007f246db50000)
  eden space 8560192K, 100% used [0x00007f1f18600000, 0x00007f2122d90000, 0x00007f2122d90000)
  from space 1070016K,  61% used [0x00007f2164280000, 0x00007f218c72b058, 0x00007f21a5770000)
  to   space 1070016K,   0% used [0x00007f2122d90000, 0x00007f2122d90000, 0x00007f2164280000)
 tenured generation   total 21400380K, used 15732494K [0x00007f246db50000, 0x00007f2987e1f000, 0x00007f2f18600000)
   the space 21400380K,  73% used [0x00007f246db50000, 0x00007f282df13828, 0x00007f282df13a00, 0x00007f2987e1f000)
 Metaspace       used 30544K, capacity 30977K, committed 31232K, reserved 32768K
}
Event: 728.056 GC heap after
{Heap after GC invocations=82 (full 6):
 def new generation   total 9630208K, used 782216K [0x00007f1f18600000, 0x00007f21a5770000, 0x00007f246db50000)
  eden space 8560192K,   0% used [0x00007f1f18600000, 0x00007f1f18600000, 0x00007f2122d90000)
  from space 1070016K,  73% used [0x00007f2122d90000, 0x00007f21529720a8, 0x00007f2164280000)
  to   space 1070016K,   0% used [0x00007f2164280000, 0x00007f2164280000, 0x00007f21a5770000)
 tenured generation   total 21400380K, used 16392633K [0x00007f246db50000, 0x00007f2987e1f000, 0x00007f2f18600000)
   the space 21400380K,  76% used [0x00007f246db50000, 0x00007f28563be7c0, 0x00007f28563be800, 0x00007f2987e1f000)
 Metaspace       used 30544K, capacity 30977K, committed 31232K, reserved 32768K
}
Event: 730.957 GC heap before
{Heap before GC invocations=82 (full 6):
 def new generation   total 9630208K, used 9342408K [0x00007f1f18600000, 0x00007f21a5770000, 0x00007f246db50000)
  eden space 8560192K, 100% used [0x00007f1f18600000, 0x00007f2122d90000, 0x00007f2122d90000)
  from space 1070016K,  73% used [0x00007f2122d90000, 0x00007f21529720a8, 0x00007f2164280000)
  to   space 1070016K,   0% used [0x00007f2164280000, 0x00007f2164280000, 0x00007f21a5770000)
 tenured generation   total 21400380K, used 16392633K [0x00007f246db50000, 0x00007f2987e1f000, 0x00007f2f18600000)
   the space 21400380K,  76% used [0x00007f246db50000, 0x00007f28563be7c0, 0x00007f28563be800, 0x00007f2987e1f000)
 Metaspace       used 30544K, capacity 30977K, committed 31232K, reserved 32768K
}
Event: 734.047 GC heap after
{Heap after GC invocations=83 (full 6):
 def new generation   total 9630208K, used 1070015K [0x00007f1f18600000, 0x00007f21a5770000, 0x00007f246db50000)
  eden space 8560192K,   0% used [0x00007f1f18600000, 0x00007f1f18600000, 0x00007f2122d90000)
  from space 1070016K,  99% used [0x00007f2164280000, 0x00007f21a576fff8, 0x00007f21a5770000)
  to   space 1070016K,   0% used [0x00007f2122d90000, 0x00007f2122d90000, 0x00007f2164280000)
 tenured generation   total 21400380K, used 17184493K [0x00007f246db50000, 0x00007f2987e1f000, 0x00007f2f18600000)
   the space 21400380K,  80% used [0x00007f246db50000, 0x00007f288690b480, 0x00007f288690b600, 0x00007f2987e1f000)
 Metaspace       used 30544K, capacity 30977K, committed 31232K, reserved 32768K
}
Event: 736.468 GC heap before
{Heap before GC invocations=83 (full 6):
 def new generation   total 9630208K, used 9630207K [0x00007f1f18600000, 0x00007f21a5770000, 0x00007f246db50000)
  eden space 8560192K, 100% used [0x00007f1f18600000, 0x00007f2122d90000, 0x00007f2122d90000)
  from space 1070016K,  99% used [0x00007f2164280000, 0x00007f21a576fff8, 0x00007f21a5770000)
  to   space 1070016K,   0% used [0x00007f2122d90000, 0x00007f2122d90000, 0x00007f2164280000)
 tenured generation   total 21400380K, used 17184493K [0x00007f246db50000, 0x00007f2987e1f000, 0x00007f2f18600000)
   the space 21400380K,  80% used [0x00007f246db50000, 0x00007f288690b480, 0x00007f288690b600, 0x00007f2987e1f000)
 Metaspace       used 30544K, capacity 30977K, committed 31232K, reserved 32768K
}
Event: 739.224 GC heap after
{Heap after GC invocations=84 (full 6):
 def new generation   total 9630208K, used 665747K [0x00007f1f18600000, 0x00007f21a5770000, 0x00007f246db50000)
  eden space 8560192K,   0% used [0x00007f1f18600000, 0x00007f1f18600000, 0x00007f2122d90000)
  from space 1070016K,  62% used [0x00007f2122d90000, 0x00007f214b7b4df0, 0x00007f2164280000)
  to   space 1070016K,   0% used [0x00007f2164280000, 0x00007f2164280000, 0x00007f21a5770000)
 tenured generation   total 21400380K, used 18254508K [0x00007f246db50000, 0x00007f2987e1f000, 0x00007f2f18600000)
   the space 21400380K,  85% used [0x00007f246db50000, 0x00007f28c7dfb158, 0x00007f28c7dfb200, 0x00007f2987e1f000)
 Metaspace       used 30544K, capacity 30977K, committed 31232K, reserved 32768K
}
Event: 741.596 GC heap before
{Heap before GC invocations=84 (full 6):
 def new generation   total 9630208K, used 9225939K [0x00007f1f18600000, 0x00007f21a5770000, 0x00007f246db50000)
  eden space 8560192K, 100% used [0x00007f1f18600000, 0x00007f2122d90000, 0x00007f2122d90000)
  from space 1070016K,  62% used [0x00007f2122d90000, 0x00007f214b7b4df0, 0x00007f2164280000)
  to   space 1070016K,   0% used [0x00007f2164280000, 0x00007f2164280000, 0x00007f21a5770000)
 tenured generation   total 21400380K, used 18254508K [0x00007f246db50000, 0x00007f2987e1f000, 0x00007f2f18600000)
   the space 21400380K,  85% used [0x00007f246db50000, 0x00007f28c7dfb158, 0x00007f28c7dfb200, 0x00007f2987e1f000)
 Metaspace       used 30544K, capacity 30977K, committed 31232K, reserved 32768K
}
Event: 743.928 GC heap after
{Heap after GC invocations=85 (full 6):
 def new generation   total 9630208K, used 675785K [0x00007f1f18600000, 0x00007f21a5770000, 0x00007f246db50000)
  eden space 8560192K,   0% used [0x00007f1f18600000, 0x00007f1f18600000, 0x00007f2122d90000)
  from space 1070016K,  63% used [0x00007f2164280000, 0x00007f218d672440, 0x00007f21a5770000)
  to   space 1070016K,   0% used [0x00007f2122d90000, 0x00007f2122d90000, 0x00007f2164280000)
 tenured generation   total 21400380K, used 18920254K [0x00007f246db50000, 0x00007f2987e1f000, 0x00007f2f18600000)
   the space 21400380K,  88% used [0x00007f246db50000, 0x00007f28f081fb28, 0x00007f28f081fc00, 0x00007f2987e1f000)
 Metaspace       used 30544K, capacity 30977K, committed 31232K, reserved 32768K
}
Event: 746.350 GC heap before
{Heap before GC invocations=85 (full 6):
 def new generation   total 9630208K, used 9235977K [0x00007f1f18600000, 0x00007f21a5770000, 0x00007f246db50000)
  eden space 8560192K, 100% used [0x00007f1f18600000, 0x00007f2122d90000, 0x00007f2122d90000)
  from space 1070016K,  63% used [0x00007f2164280000, 0x00007f218d672440, 0x00007f21a5770000)
  to   space 1070016K,   0% used [0x00007f2122d90000, 0x00007f2122d90000, 0x00007f2164280000)
 tenured generation   total 21400380K, used 18920254K [0x00007f246db50000, 0x00007f2987e1f000, 0x00007f2f18600000)
   the space 21400380K,  88% used [0x00007f246db50000, 0x00007f28f081fb28, 0x00007f28f081fc00, 0x00007f2987e1f000)
 Metaspace       used 30544K, capacity 30977K, committed 31232K, reserved 32768K
}
Event: 748.810 GC heap after
{Heap after GC invocations=86 (full 6):
 def new generation   total 9630208K, used 666938K [0x00007f1f18600000, 0x00007f21a5770000, 0x00007f246db50000)
  eden space 8560192K,   0% used [0x00007f1f18600000, 0x00007f1f18600000, 0x00007f2122d90000)
  from space 1070016K,  62% used [0x00007f2122d90000, 0x00007f214b8dead0, 0x00007f2164280000)
  to   space 1070016K,   0% used [0x00007f2164280000, 0x00007f2164280000, 0x00007f21a5770000)
 tenured generation   total 21400380K, used 19596039K [0x00007f246db50000, 0x00007f2987e1f000, 0x00007f2f18600000)
   the space 21400380K,  91% used [0x00007f246db50000, 0x00007f2919c11cb8, 0x00007f2919c11e00, 0x00007f2987e1f000)
 Metaspace       used 30544K, capacity 30977K, committed 31232K, reserved 32768K
}
Event: 751.300 GC heap before
{Heap before GC invocations=86 (full 6):
 def new generation   total 9630208K, used 9227130K [0x00007f1f18600000, 0x00007f21a5770000, 0x00007f246db50000)
  eden space 8560192K, 100% used [0x00007f1f18600000, 0x00007f2122d90000, 0x00007f2122d90000)
  from space 1070016K,  62% used [0x00007f2122d90000, 0x00007f214b8dead0, 0x00007f2164280000)
  to   space 1070016K,   0% used [0x00007f2164280000, 0x00007f2164280000, 0x00007f21a5770000)
 tenured generation   total 21400380K, used 19596039K [0x00007f246db50000, 0x00007f2987e1f000, 0x00007f2f18600000)
   the space 21400380K,  91% used [0x00007f246db50000, 0x00007f2919c11cb8, 0x00007f2919c11e00, 0x00007f2987e1f000)
 Metaspace       used 30544K, capacity 30977K, committed 31232K, reserved 32768K
}
Event: 753.662 GC heap after
{Heap after GC invocations=87 (full 6):
 def new generation   total 9630208K, used 661704K [0x00007f1f18600000, 0x00007f21a5770000, 0x00007f246db50000)
  eden space 8560192K,   0% used [0x00007f1f18600000, 0x00007f1f18600000, 0x00007f2122d90000)
  from space 1070016K,  61% used [0x00007f2164280000, 0x00007f218c8b23e0, 0x00007f21a5770000)
  to   space 1070016K,   0% used [0x00007f2122d90000, 0x00007f2122d90000, 0x00007f2164280000)
 tenured generation   total 21400380K, used 20262977K [0x00007f246db50000, 0x00007f2987e1f000, 0x00007f2f18600000)
   the space 21400380K,  94% used [0x00007f246db50000, 0x00007f2942760748, 0x00007f2942760800, 0x00007f2987e1f000)
 Metaspace       used 30544K, capacity 30977K, committed 31232K, reserved 32768K
}
Event: 756.158 GC heap before
{Heap before GC invocations=87 (full 6):
 def new generation   total 9630208K, used 9221896K [0x00007f1f18600000, 0x00007f21a5770000, 0x00007f246db50000)
  eden space 8560192K, 100% used [0x00007f1f18600000, 0x00007f2122d90000, 0x00007f2122d90000)
  from space 1070016K,  61% used [0x00007f2164280000, 0x00007f218c8b23e0, 0x00007f21a5770000)
  to   space 1070016K,   0% used [0x00007f2122d90000, 0x00007f2122d90000, 0x00007f2164280000)
 tenured generation   total 21400380K, used 20262977K [0x00007f246db50000, 0x00007f2987e1f000, 0x00007f2f18600000)
   the space 21400380K,  94% used [0x00007f246db50000, 0x00007f2942760748, 0x00007f2942760800, 0x00007f2987e1f000)
 Metaspace       used 30544K, capacity 30977K, committed 31232K, reserved 32768K
}
Event: 758.501 GC heap after
{Heap after GC invocations=88 (full 6):
 def new generation   total 9630208K, used 665222K [0x00007f1f18600000, 0x00007f21a5770000, 0x00007f246db50000)
  eden space 8560192K,   0% used [0x00007f1f18600000, 0x00007f1f18600000, 0x00007f2122d90000)
  from space 1070016K,  62% used [0x00007f2122d90000, 0x00007f214b7318d0, 0x00007f2164280000)
  to   space 1070016K,   0% used [0x00007f2164280000, 0x00007f2164280000, 0x00007f21a5770000)
 tenured generation   total 21400380K, used 20924681K [0x00007f246db50000, 0x00007f2987e1f000, 0x00007f2f18600000)
   the space 21400380K,  97% used [0x00007f246db50000, 0x00007f296ad927c8, 0x00007f296ad92800, 0x00007f2987e1f000)
 Metaspace       used 30544K, capacity 30977K, committed 31232K, reserved 32768K
}
Event: 761.206 GC heap before
{Heap before GC invocations=88 (full 6):
 def new generation   total 9630208K, used 9225414K [0x00007f1f18600000, 0x00007f21a5770000, 0x00007f246db50000)
  eden space 8560192K, 100% used [0x00007f1f18600000, 0x00007f2122d90000, 0x00007f2122d90000)
  from space 1070016K,  62% used [0x00007f2122d90000, 0x00007f214b7318d0, 0x00007f2164280000)
  to   space 1070016K,   0% used [0x00007f2164280000, 0x00007f2164280000, 0x00007f21a5770000)
 tenured generation   total 21400380K, used 20924681K [0x00007f246db50000, 0x00007f2987e1f000, 0x00007f2f18600000)
   the space 21400380K,  97% used [0x00007f246db50000, 0x00007f296ad927c8, 0x00007f296ad92800, 0x00007f2987e1f000)
 Metaspace       used 30544K, capacity 30977K, committed 31232K, reserved 32768K
}
Event: 764.122 GC heap after
{Heap after GC invocations=89 (full 6):
 def new generation   total 9630208K, used 935682K [0x00007f1f18600000, 0x00007f21a5770000, 0x00007f246db50000)
  eden space 8560192K,   0% used [0x00007f1f18600000, 0x00007f1f18600000, 0x00007f2122d90000)
  from space 1070016K,  87% used [0x00007f2164280000, 0x00007f219d440a70, 0x00007f21a5770000)
  to   space 1070016K,   0% used [0x00007f2122d90000, 0x00007f2122d90000, 0x00007f2164280000)
 tenured generation   total 21590076K, used 21589903K [0x00007f246db50000, 0x00007f299375f000, 0x00007f2f18600000)
   the space 21590076K,  99% used [0x00007f246db50000, 0x00007f2993733e98, 0x00007f2993734000, 0x00007f299375f000)
 Metaspace       used 30544K, capacity 30977K, committed 31232K, reserved 32768K
}
Event: 764.122 GC heap before
{Heap before GC invocations=89 (full 6):
 def new generation   total 9630208K, used 935682K [0x00007f1f18600000, 0x00007f21a5770000, 0x00007f246db50000)
  eden space 8560192K,   0% used [0x00007f1f18600000, 0x00007f1f18600000, 0x00007f2122d90000)
  from space 1070016K,  87% used [0x00007f2164280000, 0x00007f219d440a70, 0x00007f21a5770000)
  to   space 1070016K,   0% used [0x00007f2122d90000, 0x00007f2122d90000, 0x00007f2164280000)
 tenured generation   total 21590076K, used 21589903K [0x00007f246db50000, 0x00007f299375f000, 0x00007f2f18600000)
   the space 21590076K,  99% used [0x00007f246db50000, 0x00007f2993733e98, 0x00007f2993734000, 0x00007f299375f000)
 Metaspace       used 30544K, capacity 30977K, committed 31232K, reserved 32768K
}

