# JRE version: OpenJDK Runtime Environment (13.0.7+5) (build 13.0.7+5-Ubuntu-0ubuntu120.04)
# Java VM: OpenJDK 64-Bit Server VM (13.0.7+5-Ubuntu-0ubuntu120.04, mixed mode, tiered, serial gc, linux-amd64)
Heap:
 def new generation   total 7336064K, used 815072K [0x00007fae64600000, 0x00007fb055e20000, 0x00007fb3b9b50000)
  eden space 6520960K,  12% used [0x00007fae64600000, 0x00007fae961f8328, 0x00007faff2620000)
  from space 815104K,   0% used [0x00007faff2620000, 0x00007faff2620000, 0x00007fb024220000)
  to   space 815104K,   0% used [0x00007fb024220000, 0x00007fb024220000, 0x00007fb055e20000)
 tenured generation   total 22008092K, used 22008091K [0x00007fb3b9b50000, 0x00007fb8f8f97000, 0x00007fbe64600000)
   the space 22008092K,  99% used [0x00007fb3b9b50000, 0x00007fb8f8f96d08, 0x00007fb8f8f96e00, 0x00007fb8f8f97000)
 Metaspace       used 31109K, capacity 31533K, committed 31744K, reserved 32768K
GC Heap History (20 events):
Event: 17.284 GC heap after
{Heap after GC invocations=9 (full 2):
 def new generation   total 1265088K, used 140543K [0x00007fae64600000, 0x00007faeba2b0000, 0x00007fb3b9b50000)
  eden space 1124544K,   0% used [0x00007fae64600000, 0x00007fae64600000, 0x00007faea9030000)
  from space 140544K,  99% used [0x00007faeb1970000, 0x00007faeba2afe08, 0x00007faeba2b0000)
  to   space 140544K,   0% used [0x00007faea9030000, 0x00007faea9030000, 0x00007faeb1970000)
 tenured generation   total 2811168K, used 2301799K [0x00007fb3b9b50000, 0x00007fb465498000, 0x00007fbe64600000)
   the space 2811168K,  81% used [0x00007fb3b9b50000, 0x00007fb446329c98, 0x00007fb446329e00, 0x00007fb465498000)
 Metaspace       used 31109K, capacity 31533K, committed 31744K, reserved 32768K
}
Event: 18.763 GC heap before
{Heap before GC invocations=9 (full 2):
 def new generation   total 1265088K, used 1265087K [0x00007fae64600000, 0x00007faeba2b0000, 0x00007fb3b9b50000)
  eden space 1124544K, 100% used [0x00007fae64600000, 0x00007faea9030000, 0x00007faea9030000)
  from space 140544K,  99% used [0x00007faeb1970000, 0x00007faeba2afe08, 0x00007faeba2b0000)
  to   space 140544K,   0% used [0x00007faea9030000, 0x00007faea9030000, 0x00007faeb1970000)
 tenured generation   total 2811168K, used 2301799K [0x00007fb3b9b50000, 0x00007fb465498000, 0x00007fbe64600000)
   the space 2811168K,  81% used [0x00007fb3b9b50000, 0x00007fb446329c98, 0x00007fb446329e00, 0x00007fb465498000)
 Metaspace       used 31109K, capacity 31533K, committed 31744K, reserved 32768K
}
Event: 19.458 GC heap after
{Heap after GC invocations=10 (full 2):
 def new generation   total 1265088K, used 140543K [0x00007fae64600000, 0x00007faeba2b0000, 0x00007fb3b9b50000)
  eden space 1124544K,   0% used [0x00007fae64600000, 0x00007fae64600000, 0x00007faea9030000)
  from space 140544K,  99% used [0x00007faea9030000, 0x00007faeb196fd40, 0x00007faeb1970000)
  to   space 140544K,   0% used [0x00007faeb1970000, 0x00007faeb1970000, 0x00007faeba2b0000)
 tenured generation   total 3020832K, used 3020780K [0x00007fb3b9b50000, 0x00007fb472158000, 0x00007fbe64600000)
   the space 3020832K,  99% used [0x00007fb3b9b50000, 0x00007fb47214b360, 0x00007fb47214b400, 0x00007fb472158000)
 Metaspace       used 31109K, capacity 31533K, committed 31744K, reserved 32768K
}
Event: 19.458 GC heap before
{Heap before GC invocations=10 (full 2):
 def new generation   total 1265088K, used 140543K [0x00007fae64600000, 0x00007faeba2b0000, 0x00007fb3b9b50000)
  eden space 1124544K,   0% used [0x00007fae64600000, 0x00007fae64600000, 0x00007faea9030000)
  from space 140544K,  99% used [0x00007faea9030000, 0x00007faeb196fd40, 0x00007faeb1970000)
  to   space 140544K,   0% used [0x00007faeb1970000, 0x00007faeb1970000, 0x00007faeba2b0000)
 tenured generation   total 3020832K, used 3020780K [0x00007fb3b9b50000, 0x00007fb472158000, 0x00007fbe64600000)
   the space 3020832K,  99% used [0x00007fb3b9b50000, 0x00007fb47214b360, 0x00007fb47214b400, 0x00007fb472158000)
 Metaspace       used 31109K, capacity 31533K, committed 31744K, reserved 32768K
}
Event: 20.272 GC heap after
{Heap after GC invocations=10 (full 3):
 def new generation   total 2265664K, used 140543K [0x00007fae64600000, 0x00007faefe060000, 0x00007fb3b9b50000)
  eden space 2013952K,   6% used [0x00007fae64600000, 0x00007fae6cf3fd40, 0x00007faedf4c0000)
  from space 251712K,   0% used [0x00007faedf4c0000, 0x00007faedf4c0000, 0x00007faeeea90000)
  to   space 251712K,   0% used [0x00007faeeea90000, 0x00007faeeea90000, 0x00007faefe060000)
 tenured generation   total 5034636K, used 3020780K [0x00007fb3b9b50000, 0x00007fb4ecff3000, 0x00007fbe64600000)
   the space 5034636K,  59% used [0x00007fb3b9b50000, 0x00007fb47214b360, 0x00007fb47214b400, 0x00007fb4ecff3000)
 Metaspace       used 31109K, capacity 31533K, committed 31744K, reserved 32768K
}
Event: 22.852 GC heap before
{Heap before GC invocations=10 (full 3):
 def new generation   total 2265664K, used 1998047K [0x00007fae64600000, 0x00007faefe060000, 0x00007fb3b9b50000)
  eden space 2013952K,  99% used [0x00007fae64600000, 0x00007faede537e48, 0x00007faedf4c0000)
  from space 251712K,   0% used [0x00007faedf4c0000, 0x00007faedf4c0000, 0x00007faeeea90000)
  to   space 251712K,   0% used [0x00007faeeea90000, 0x00007faeeea90000, 0x00007faefe060000)
 tenured generation   total 5034636K, used 3020780K [0x00007fb3b9b50000, 0x00007fb4ecff3000, 0x00007fbe64600000)
   the space 5034636K,  59% used [0x00007fb3b9b50000, 0x00007fb47214b360, 0x00007fb47214b400, 0x00007fb4ecff3000)
 Metaspace       used 31109K, capacity 31533K, committed 31744K, reserved 32768K
}
Event: 24.148 GC heap after
{Heap after GC invocations=11 (full 3):
 def new generation   total 2265664K, used 251711K [0x00007fae64600000, 0x00007faefe060000, 0x00007fb3b9b50000)
  eden space 2013952K,   0% used [0x00007fae64600000, 0x00007fae64600000, 0x00007faedf4c0000)
  from space 251712K,  99% used [0x00007faeeea90000, 0x00007faefe05fe40, 0x00007faefe060000)
  to   space 251712K,   0% used [0x00007faedf4c0000, 0x00007faedf4c0000, 0x00007faeeea90000)
 tenured generation   total 5034636K, used 4100801K [0x00007fb3b9b50000, 0x00007fb4ecff3000, 0x00007fbe64600000)
   the space 5034636K,  81% used [0x00007fb3b9b50000, 0x00007fb4b4000488, 0x00007fb4b4000600, 0x00007fb4ecff3000)
 Metaspace       used 31109K, capacity 31533K, committed 31744K, reserved 32768K
}
Event: 24.148 GC heap before
{Heap before GC invocations=11 (full 3):
 def new generation   total 2265664K, used 251711K [0x00007fae64600000, 0x00007faefe060000, 0x00007fb3b9b50000)
  eden space 2013952K,   0% used [0x00007fae64600000, 0x00007fae64600000, 0x00007faedf4c0000)
  from space 251712K,  99% used [0x00007faeeea90000, 0x00007faefe05fe40, 0x00007faefe060000)
  to   space 251712K,   0% used [0x00007faedf4c0000, 0x00007faedf4c0000, 0x00007faeeea90000)
 tenured generation   total 5034636K, used 4100801K [0x00007fb3b9b50000, 0x00007fb4ecff3000, 0x00007fbe64600000)
   the space 5034636K,  81% used [0x00007fb3b9b50000, 0x00007fb4b4000488, 0x00007fb4b4000600, 0x00007fb4ecff3000)
 Metaspace       used 31109K, capacity 31533K, committed 31744K, reserved 32768K
}
Event: 27.406 GC heap after
{Heap after GC invocations=11 (full 4):
 def new generation   total 3260416K, used 0K [0x00007fae64600000, 0x00007faf417c0000, 0x00007fb3b9b50000)
  eden space 2898176K,   0% used [0x00007fae64600000, 0x00007fae64600000, 0x00007faf15440000)
  from space 362240K,   0% used [0x00007faf15440000, 0x00007faf15440000, 0x00007faf2b600000)
  to   space 362240K,   0% used [0x00007faf2b600000, 0x00007faf2b600000, 0x00007faf417c0000)
 tenured generation   total 7245212K, used 4347125K [0x00007fb3b9b50000, 0x00007fb573eb7000, 0x00007fbe64600000)
   the space 7245212K,  59% used [0x00007fb3b9b50000, 0x00007fb4c308d7b0, 0x00007fb4c308d800, 0x00007fb573eb7000)
 Metaspace       used 31109K, capacity 31533K, committed 31744K, reserved 32768K
}
Event: 28.125 GC heap before
{Heap before GC invocations=11 (full 4):
 def new generation   total 3260416K, used 2898176K [0x00007fae64600000, 0x00007faf417c0000, 0x00007fb3b9b50000)
  eden space 2898176K, 100% used [0x00007fae64600000, 0x00007faf15440000, 0x00007faf15440000)
  from space 362240K,   0% used [0x00007faf15440000, 0x00007faf15440000, 0x00007faf2b600000)
  to   space 362240K,   0% used [0x00007faf2b600000, 0x00007faf2b600000, 0x00007faf417c0000)
 tenured generation   total 7245212K, used 4347125K [0x00007fb3b9b50000, 0x00007fb573eb7000, 0x00007fbe64600000)
   the space 7245212K,  59% used [0x00007fb3b9b50000, 0x00007fb4c308d7b0, 0x00007fb4c308d800, 0x00007fb573eb7000)
 Metaspace       used 31109K, capacity 31533K, committed 31744K, reserved 32768K
}
Event: 30.862 GC heap after
{Heap after GC invocations=12 (full 4):
 def new generation   total 3260416K, used 14591K [0x00007fae64600000, 0x00007faf417c0000, 0x00007fb3b9b50000)
  eden space 2898176K,   0% used [0x00007fae64600000, 0x00007fae64600000, 0x00007faf15440000)
  from space 362240K,   4% used [0x00007faf2b600000, 0x00007faf2c43fc98, 0x00007faf417c0000)
  to   space 362240K,   0% used [0x00007faf15440000, 0x00007faf15440000, 0x00007faf2b600000)
 tenured generation   total 7245212K, used 7230709K [0x00007fb3b9b50000, 0x00007fb573eb7000, 0x00007fbe64600000)
   the space 7245212K,  99% used [0x00007fb3b9b50000, 0x00007fb57308d7c8, 0x00007fb57308d800, 0x00007fb573eb7000)
 Metaspace       used 31109K, capacity 31533K, committed 31744K, reserved 32768K
}
Event: 32.010 GC heap before
{Heap before GC invocations=12 (full 4):
 def new generation   total 3260416K, used 2912767K [0x00007fae64600000, 0x00007faf417c0000, 0x00007fb3b9b50000)
  eden space 2898176K, 100% used [0x00007fae64600000, 0x00007faf15440000, 0x00007faf15440000)
  from space 362240K,   4% used [0x00007faf2b600000, 0x00007faf2c43fc98, 0x00007faf417c0000)
  to   space 362240K,   0% used [0x00007faf15440000, 0x00007faf15440000, 0x00007faf2b600000)
 tenured generation   total 7245212K, used 7230709K [0x00007fb3b9b50000, 0x00007fb573eb7000, 0x00007fbe64600000)
   the space 7245212K,  99% used [0x00007fb3b9b50000, 0x00007fb57308d7c8, 0x00007fb57308d800, 0x00007fb573eb7000)
 Metaspace       used 31109K, capacity 31533K, committed 31744K, reserved 32768K
}
Event: 35.595 GC heap after
{Heap after GC invocations=13 (full 4):
 def new generation   total 3260416K, used 362239K [0x00007fae64600000, 0x00007faf417c0000, 0x00007fb3b9b50000)
  eden space 2898176K,   0% used [0x00007fae64600000, 0x00007fae64600000, 0x00007faf15440000)
  from space 362240K,  99% used [0x00007faf15440000, 0x00007faf2b5ffe40, 0x00007faf2b600000)
  to   space 362240K,   0% used [0x00007faf2b600000, 0x00007faf2b600000, 0x00007faf417c0000)
 tenured generation   total 9781340K, used 9781169K [0x00007fb3b9b50000, 0x00007fb60eb67000, 0x00007fbe64600000)
   the space 9781340K,  99% used [0x00007fb3b9b50000, 0x00007fb60eb3c5a8, 0x00007fb60eb3c600, 0x00007fb60eb67000)
 Metaspace       used 31109K, capacity 31533K, committed 31744K, reserved 32768K
}
Event: 35.595 GC heap before
{Heap before GC invocations=13 (full 4):
 def new generation   total 3260416K, used 362239K [0x00007fae64600000, 0x00007faf417c0000, 0x00007fb3b9b50000)
  eden space 2898176K,   0% used [0x00007fae64600000, 0x00007fae64600000, 0x00007faf15440000)
  from space 362240K,  99% used [0x00007faf15440000, 0x00007faf2b5ffe40, 0x00007faf2b600000)
  to   space 362240K,   0% used [0x00007faf2b600000, 0x00007faf2b600000, 0x00007faf417c0000)
 tenured generation   total 9781340K, used 9781169K [0x00007fb3b9b50000, 0x00007fb60eb67000, 0x00007fbe64600000)
   the space 9781340K,  99% used [0x00007fb3b9b50000, 0x00007fb60eb3c5a8, 0x00007fb60eb3c600, 0x00007fb60eb67000)
 Metaspace       used 31109K, capacity 31533K, committed 31744K, reserved 32768K
}
Event: 38.510 GC heap after
{Heap after GC invocations=13 (full 5):
 def new generation   total 7336064K, used 362069K [0x00007fae64600000, 0x00007fb055e20000, 0x00007fb3b9b50000)
  eden space 6520960K,   5% used [0x00007fae64600000, 0x00007fae7a7956b0, 0x00007faff2620000)
  from space 815104K,   0% used [0x00007faff2620000, 0x00007faff2620000, 0x00007fb024220000)
  to   space 815104K,   0% used [0x00007fb024220000, 0x00007fb024220000, 0x00007fb055e20000)
 tenured generation   total 16302236K, used 9781339K [0x00007fb3b9b50000, 0x00007fb79cb77000, 0x00007fbe64600000)
   the space 16302236K,  59% used [0x00007fb3b9b50000, 0x00007fb60eb66d38, 0x00007fb60eb66e00, 0x00007fb79cb77000)
 Metaspace       used 31109K, capacity 31533K, committed 31744K, reserved 32768K
}
Event: 40.847 GC heap before
{Heap before GC invocations=13 (full 5):
 def new generation   total 7336064K, used 6520960K [0x00007fae64600000, 0x00007fb055e20000, 0x00007fb3b9b50000)
  eden space 6520960K, 100% used [0x00007fae64600000, 0x00007faff2620000, 0x00007faff2620000)
  from space 815104K,   0% used [0x00007faff2620000, 0x00007faff2620000, 0x00007fb024220000)
  to   space 815104K,   0% used [0x00007fb024220000, 0x00007fb024220000, 0x00007fb055e20000)
 tenured generation   total 16302236K, used 9781339K [0x00007fb3b9b50000, 0x00007fb79cb77000, 0x00007fbe64600000)
   the space 16302236K,  59% used [0x00007fb3b9b50000, 0x00007fb60eb66d38, 0x00007fb60eb66e00, 0x00007fb79cb77000)
 Metaspace       used 31109K, capacity 31533K, committed 31744K, reserved 32768K
}
Event: 50.534 GC heap after
{Heap after GC invocations=14 (full 5):
 def new generation   total 7336064K, used 815103K [0x00007fae64600000, 0x00007fb055e20000, 0x00007fb3b9b50000)
  eden space 6520960K,   0% used [0x00007fae64600000, 0x00007fae64600000, 0x00007faff2620000)
  from space 815104K,  99% used [0x00007fb024220000, 0x00007fb055e1fdf8, 0x00007fb055e20000)
  to   space 815104K,   0% used [0x00007faff2620000, 0x00007faff2620000, 0x00007fb024220000)
 tenured generation   total 16302236K, used 15487131K [0x00007fb3b9b50000, 0x00007fb79cb77000, 0x00007fbe64600000)
   the space 16302236K,  95% used [0x00007fb3b9b50000, 0x00007fb76af76d30, 0x00007fb76af76e00, 0x00007fb79cb77000)
 Metaspace       used 31109K, capacity 31533K, committed 31744K, reserved 32768K
}
Event: 52.993 GC heap before
{Heap before GC invocations=14 (full 5):
 def new generation   total 7336064K, used 7336063K [0x00007fae64600000, 0x00007fb055e20000, 0x00007fb3b9b50000)
  eden space 6520960K, 100% used [0x00007fae64600000, 0x00007faff2620000, 0x00007faff2620000)
  from space 815104K,  99% used [0x00007fb024220000, 0x00007fb055e1fdf8, 0x00007fb055e20000)
  to   space 815104K,   0% used [0x00007faff2620000, 0x00007faff2620000, 0x00007fb024220000)
 tenured generation   total 16302236K, used 15487131K [0x00007fb3b9b50000, 0x00007fb79cb77000, 0x00007fbe64600000)
   the space 16302236K,  95% used [0x00007fb3b9b50000, 0x00007fb76af76d30, 0x00007fb76af76e00, 0x00007fb79cb77000)
 Metaspace       used 31109K, capacity 31533K, committed 31744K, reserved 32768K
}
Event: 66.709 GC heap after
{Heap after GC invocations=15 (full 5):
 def new generation   total 7336064K, used 815103K [0x00007fae64600000, 0x00007fb055e20000, 0x00007fb3b9b50000)
  eden space 6520960K,   0% used [0x00007fae64600000, 0x00007fae64600000, 0x00007faff2620000)
  from space 815104K,  99% used [0x00007faff2620000, 0x00007fb02421fdf8, 0x00007fb024220000)
  to   space 815104K,   0% used [0x00007fb024220000, 0x00007fb024220000, 0x00007fb055e20000)
 tenured generation   total 22008092K, used 22008060K [0x00007fb3b9b50000, 0x00007fb8f8f97000, 0x00007fbe64600000)
   the space 22008092K,  99% used [0x00007fb3b9b50000, 0x00007fb8f8f8f238, 0x00007fb8f8f8f400, 0x00007fb8f8f97000)
 Metaspace       used 31109K, capacity 31533K, committed 31744K, reserved 32768K
}
Event: 66.709 GC heap before
{Heap before GC invocations=15 (full 5):
 def new generation   total 7336064K, used 815103K [0x00007fae64600000, 0x00007fb055e20000, 0x00007fb3b9b50000)
  eden space 6520960K,   0% used [0x00007fae64600000, 0x00007fae64600000, 0x00007faff2620000)
  from space 815104K,  99% used [0x00007faff2620000, 0x00007fb02421fdf8, 0x00007fb024220000)
  to   space 815104K,   0% used [0x00007fb024220000, 0x00007fb024220000, 0x00007fb055e20000)
 tenured generation   total 22008092K, used 22008060K [0x00007fb3b9b50000, 0x00007fb8f8f97000, 0x00007fbe64600000)
   the space 22008092K,  99% used [0x00007fb3b9b50000, 0x00007fb8f8f8f238, 0x00007fb8f8f8f400, 0x00007fb8f8f97000)
 Metaspace       used 31109K, capacity 31533K, committed 31744K, reserved 32768K
}

