# JRE version: OpenJDK Runtime Environment (13.0.7+5) (build 13.0.7+5-Ubuntu-0ubuntu120.04)
# Java VM: OpenJDK 64-Bit Server VM (13.0.7+5-Ubuntu-0ubuntu120.04, mixed mode, tiered, serial gc, linux-amd64)
Heap:
 def new generation   total 5679744K, used 630927K [0x00007f5480600000, 0x00007f56018e0000, 0x00007f59d5b50000)
  eden space 5048704K,  12% used [0x00007f5480600000, 0x00007f54a6e23ec0, 0x00007f55b4860000)
  from space 631040K,   0% used [0x00007f55b4860000, 0x00007f55b4860000, 0x00007f55db0a0000)
  to   space 631040K,   0% used [0x00007f55db0a0000, 0x00007f55db0a0000, 0x00007f56018e0000)
 tenured generation   total 13319272K, used 13319272K [0x00007f59d5b50000, 0x00007f5d02a6a000, 0x00007f6480600000)
   the space 13319272K, 100% used [0x00007f59d5b50000, 0x00007f5d02a6a000, 0x00007f5d02a6a000, 0x00007f5d02a6a000)
 Metaspace       used 30488K, capacity 30907K, committed 31232K, reserved 32768K
GC Heap History (20 events):
Event: 125.961 GC heap after
{Heap after GC invocations=63 (full 4):
 def new generation   total 2945664K, used 216597K [0x00007f5480600000, 0x00007f5548230000, 0x00007f59d5b50000)
  eden space 2618432K,   0% used [0x00007f5480600000, 0x00007f5480600000, 0x00007f5520310000)
  from space 327232K,  66% used [0x00007f55342a0000, 0x00007f5541625508, 0x00007f5548230000)
  to   space 327232K,   0% used [0x00007f5520310000, 0x00007f5520310000, 0x00007f55342a0000)
 tenured generation   total 6545740K, used 6128443K [0x00007f59d5b50000, 0x00007f5b653a3000, 0x00007f6480600000)
   the space 6545740K,  93% used [0x00007f59d5b50000, 0x00007f5b4bc1eee0, 0x00007f5b4bc1f000, 0x00007f5b653a3000)
 Metaspace       used 30488K, capacity 30907K, committed 31232K, reserved 32768K
}
Event: 127.125 GC heap before
{Heap before GC invocations=63 (full 4):
 def new generation   total 2945664K, used 2835029K [0x00007f5480600000, 0x00007f5548230000, 0x00007f59d5b50000)
  eden space 2618432K, 100% used [0x00007f5480600000, 0x00007f5520310000, 0x00007f5520310000)
  from space 327232K,  66% used [0x00007f55342a0000, 0x00007f5541625508, 0x00007f5548230000)
  to   space 327232K,   0% used [0x00007f5520310000, 0x00007f5520310000, 0x00007f55342a0000)
 tenured generation   total 6545740K, used 6128443K [0x00007f59d5b50000, 0x00007f5b653a3000, 0x00007f6480600000)
   the space 6545740K,  93% used [0x00007f59d5b50000, 0x00007f5b4bc1eee0, 0x00007f5b4bc1f000, 0x00007f5b653a3000)
 Metaspace       used 30488K, capacity 30907K, committed 31232K, reserved 32768K
}
Event: 128.078 GC heap after
{Heap after GC invocations=64 (full 4):
 def new generation   total 2945664K, used 229486K [0x00007f5480600000, 0x00007f5548230000, 0x00007f59d5b50000)
  eden space 2618432K,   0% used [0x00007f5480600000, 0x00007f5480600000, 0x00007f5520310000)
  from space 327232K,  70% used [0x00007f5520310000, 0x00007f552e32b900, 0x00007f55342a0000)
  to   space 327232K,   0% used [0x00007f55342a0000, 0x00007f55342a0000, 0x00007f5548230000)
 tenured generation   total 6545740K, used 6345040K [0x00007f59d5b50000, 0x00007f5b653a3000, 0x00007f6480600000)
   the space 6545740K,  96% used [0x00007f59d5b50000, 0x00007f5b58fa4268, 0x00007f5b58fa4400, 0x00007f5b653a3000)
 Metaspace       used 30488K, capacity 30907K, committed 31232K, reserved 32768K
}
Event: 225.365 GC heap before
{Heap before GC invocations=64 (full 4):
 def new generation   total 2945664K, used 2847918K [0x00007f5480600000, 0x00007f5548230000, 0x00007f59d5b50000)
  eden space 2618432K, 100% used [0x00007f5480600000, 0x00007f5520310000, 0x00007f5520310000)
  from space 327232K,  70% used [0x00007f5520310000, 0x00007f552e32b900, 0x00007f55342a0000)
  to   space 327232K,   0% used [0x00007f55342a0000, 0x00007f55342a0000, 0x00007f5548230000)
 tenured generation   total 6545740K, used 6345040K [0x00007f59d5b50000, 0x00007f5b653a3000, 0x00007f6480600000)
   the space 6545740K,  96% used [0x00007f59d5b50000, 0x00007f5b58fa4268, 0x00007f5b58fa4400, 0x00007f5b653a3000)
 Metaspace       used 30488K, capacity 30907K, committed 31232K, reserved 32768K
}
Event: 229.305 GC heap after
{Heap after GC invocations=65 (full 4):
 def new generation   total 2945664K, used 327232K [0x00007f5480600000, 0x00007f5548230000, 0x00007f59d5b50000)
  eden space 2618432K,   0% used [0x00007f5480600000, 0x00007f5480600000, 0x00007f5520310000)
  from space 327232K, 100% used [0x00007f55342a0000, 0x00007f5548230000, 0x00007f5548230000)
  to   space 327232K,   0% used [0x00007f5520310000, 0x00007f5520310000, 0x00007f55342a0000)
 tenured generation   total 7611148K, used 7610999K [0x00007f59d5b50000, 0x00007f5ba6413000, 0x00007f6480600000)
   the space 7611148K,  99% used [0x00007f59d5b50000, 0x00007f5ba63edc10, 0x00007f5ba63ede00, 0x00007f5ba6413000)
 Metaspace       used 30488K, capacity 30907K, committed 31232K, reserved 32768K
}
Event: 229.305 GC heap before
{Heap before GC invocations=65 (full 4):
 def new generation   total 2945664K, used 327232K [0x00007f5480600000, 0x00007f5548230000, 0x00007f59d5b50000)
  eden space 2618432K,   0% used [0x00007f5480600000, 0x00007f5480600000, 0x00007f5520310000)
  from space 327232K, 100% used [0x00007f55342a0000, 0x00007f5548230000, 0x00007f5548230000)
  to   space 327232K,   0% used [0x00007f5520310000, 0x00007f5520310000, 0x00007f55342a0000)
 tenured generation   total 7611148K, used 7610999K [0x00007f59d5b50000, 0x00007f5ba6413000, 0x00007f6480600000)
   the space 7611148K,  99% used [0x00007f59d5b50000, 0x00007f5ba63edc10, 0x00007f5ba63ede00, 0x00007f5ba6413000)
 Metaspace       used 30488K, capacity 30907K, committed 31232K, reserved 32768K
}
Event: 247.009 GC heap after
{Heap after GC invocations=65 (full 5):
 def new generation   total 5679744K, used 0K [0x00007f5480600000, 0x00007f56018e0000, 0x00007f59d5b50000)
  eden space 5048704K,   0% used [0x00007f5480600000, 0x00007f5480600000, 0x00007f55b4860000)
  from space 631040K,   0% used [0x00007f55b4860000, 0x00007f55b4860000, 0x00007f55db0a0000)
  to   space 631040K,   0% used [0x00007f55db0a0000, 0x00007f55db0a0000, 0x00007f56018e0000)
 tenured generation   total 12621544K, used 7572926K [0x00007f59d5b50000, 0x00007f5cd810a000, 0x00007f6480600000)
   the space 12621544K,  59% used [0x00007f59d5b50000, 0x00007f5ba3ebf950, 0x00007f5ba3ebfa00, 0x00007f5cd810a000)
 Metaspace       used 30488K, capacity 30907K, committed 31232K, reserved 32768K
}
Event: 456.833 GC heap before
{Heap before GC invocations=65 (full 5):
 def new generation   total 5679744K, used 5048704K [0x00007f5480600000, 0x00007f56018e0000, 0x00007f59d5b50000)
  eden space 5048704K, 100% used [0x00007f5480600000, 0x00007f55b4860000, 0x00007f55b4860000)
  from space 631040K,   0% used [0x00007f55b4860000, 0x00007f55b4860000, 0x00007f55db0a0000)
  to   space 631040K,   0% used [0x00007f55db0a0000, 0x00007f55db0a0000, 0x00007f56018e0000)
 tenured generation   total 12621544K, used 7572926K [0x00007f59d5b50000, 0x00007f5cd810a000, 0x00007f6480600000)
   the space 12621544K,  59% used [0x00007f59d5b50000, 0x00007f5ba3ebf950, 0x00007f5ba3ebfa00, 0x00007f5cd810a000)
 Metaspace       used 30488K, capacity 30907K, committed 31232K, reserved 32768K
}
Event: 459.431 GC heap after
{Heap after GC invocations=66 (full 5):
 def new generation   total 5679744K, used 631039K [0x00007f5480600000, 0x00007f56018e0000, 0x00007f59d5b50000)
  eden space 5048704K,   0% used [0x00007f5480600000, 0x00007f5480600000, 0x00007f55b4860000)
  from space 631040K,  99% used [0x00007f55db0a0000, 0x00007f56018dfff0, 0x00007f56018e0000)
  to   space 631040K,   0% used [0x00007f55b4860000, 0x00007f55b4860000, 0x00007f55db0a0000)
 tenured generation   total 12621544K, used 8004765K [0x00007f59d5b50000, 0x00007f5cd810a000, 0x00007f6480600000)
   the space 12621544K,  63% used [0x00007f59d5b50000, 0x00007f5bbe477550, 0x00007f5bbe477600, 0x00007f5cd810a000)
 Metaspace       used 30488K, capacity 30907K, committed 31232K, reserved 32768K
}
Event: 615.789 GC heap before
{Heap before GC invocations=66 (full 5):
 def new generation   total 5679744K, used 5679743K [0x00007f5480600000, 0x00007f56018e0000, 0x00007f59d5b50000)
  eden space 5048704K, 100% used [0x00007f5480600000, 0x00007f55b4860000, 0x00007f55b4860000)
  from space 631040K,  99% used [0x00007f55db0a0000, 0x00007f56018dfff0, 0x00007f56018e0000)
  to   space 631040K,   0% used [0x00007f55b4860000, 0x00007f55b4860000, 0x00007f55db0a0000)
 tenured generation   total 12621544K, used 8004765K [0x00007f59d5b50000, 0x00007f5cd810a000, 0x00007f6480600000)
   the space 12621544K,  63% used [0x00007f59d5b50000, 0x00007f5bbe477550, 0x00007f5bbe477600, 0x00007f5cd810a000)
 Metaspace       used 30488K, capacity 30907K, committed 31232K, reserved 32768K
}
Event: 619.003 GC heap after
{Heap after GC invocations=67 (full 5):
 def new generation   total 5679744K, used 631039K [0x00007f5480600000, 0x00007f56018e0000, 0x00007f59d5b50000)
  eden space 5048704K,   0% used [0x00007f5480600000, 0x00007f5480600000, 0x00007f55b4860000)
  from space 631040K,  99% used [0x00007f55b4860000, 0x00007f55db09fff0, 0x00007f55db0a0000)
  to   space 631040K,   0% used [0x00007f55db0a0000, 0x00007f55db0a0000, 0x00007f56018e0000)
 tenured generation   total 12621544K, used 9067644K [0x00007f59d5b50000, 0x00007f5cd810a000, 0x00007f6480600000)
   the space 12621544K,  71% used [0x00007f59d5b50000, 0x00007f5bff26f070, 0x00007f5bff26f200, 0x00007f5cd810a000)
 Metaspace       used 30488K, capacity 30907K, committed 31232K, reserved 32768K
}
Event: 753.616 GC heap before
{Heap before GC invocations=67 (full 5):
 def new generation   total 5679744K, used 5679743K [0x00007f5480600000, 0x00007f56018e0000, 0x00007f59d5b50000)
  eden space 5048704K, 100% used [0x00007f5480600000, 0x00007f55b4860000, 0x00007f55b4860000)
  from space 631040K,  99% used [0x00007f55b4860000, 0x00007f55db09fff0, 0x00007f55db0a0000)
  to   space 631040K,   0% used [0x00007f55db0a0000, 0x00007f55db0a0000, 0x00007f56018e0000)
 tenured generation   total 12621544K, used 9067644K [0x00007f59d5b50000, 0x00007f5cd810a000, 0x00007f6480600000)
   the space 12621544K,  71% used [0x00007f59d5b50000, 0x00007f5bff26f070, 0x00007f5bff26f200, 0x00007f5cd810a000)
 Metaspace       used 30488K, capacity 30907K, committed 31232K, reserved 32768K
}
Event: 756.968 GC heap after
{Heap after GC invocations=68 (full 5):
 def new generation   total 5679744K, used 631039K [0x00007f5480600000, 0x00007f56018e0000, 0x00007f59d5b50000)
  eden space 5048704K,   0% used [0x00007f5480600000, 0x00007f5480600000, 0x00007f55b4860000)
  from space 631040K,  99% used [0x00007f55db0a0000, 0x00007f56018dfff0, 0x00007f56018e0000)
  to   space 631040K,   0% used [0x00007f55b4860000, 0x00007f55b4860000, 0x00007f55db0a0000)
 tenured generation   total 12621544K, used 10130523K [0x00007f59d5b50000, 0x00007f5cd810a000, 0x00007f6480600000)
   the space 12621544K,  80% used [0x00007f59d5b50000, 0x00007f5c40066c30, 0x00007f5c40066e00, 0x00007f5cd810a000)
 Metaspace       used 30488K, capacity 30907K, committed 31232K, reserved 32768K
}
Event: 838.380 GC heap before
{Heap before GC invocations=68 (full 5):
 def new generation   total 5679744K, used 5679743K [0x00007f5480600000, 0x00007f56018e0000, 0x00007f59d5b50000)
  eden space 5048704K, 100% used [0x00007f5480600000, 0x00007f55b4860000, 0x00007f55b4860000)
  from space 631040K,  99% used [0x00007f55db0a0000, 0x00007f56018dfff0, 0x00007f56018e0000)
  to   space 631040K,   0% used [0x00007f55b4860000, 0x00007f55b4860000, 0x00007f55db0a0000)
 tenured generation   total 12621544K, used 10130523K [0x00007f59d5b50000, 0x00007f5cd810a000, 0x00007f6480600000)
   the space 12621544K,  80% used [0x00007f59d5b50000, 0x00007f5c40066c30, 0x00007f5c40066e00, 0x00007f5cd810a000)
 Metaspace       used 30488K, capacity 30907K, committed 31232K, reserved 32768K
}
Event: 840.778 GC heap after
{Heap after GC invocations=69 (full 5):
 def new generation   total 5679744K, used 631040K [0x00007f5480600000, 0x00007f56018e0000, 0x00007f59d5b50000)
  eden space 5048704K,   0% used [0x00007f5480600000, 0x00007f5480600000, 0x00007f55b4860000)
  from space 631040K, 100% used [0x00007f55b4860000, 0x00007f55db0a0000, 0x00007f55db0a0000)
  to   space 631040K,   0% used [0x00007f55db0a0000, 0x00007f55db0a0000, 0x00007f56018e0000)
 tenured generation   total 12621544K, used 11193401K [0x00007f59d5b50000, 0x00007f5cd810a000, 0x00007f6480600000)
   the space 12621544K,  88% used [0x00007f59d5b50000, 0x00007f5c80e5e730, 0x00007f5c80e5e800, 0x00007f5cd810a000)
 Metaspace       used 30488K, capacity 30907K, committed 31232K, reserved 32768K
}
Event: 900.742 GC heap before
{Heap before GC invocations=69 (full 5):
 def new generation   total 5679744K, used 5679744K [0x00007f5480600000, 0x00007f56018e0000, 0x00007f59d5b50000)
  eden space 5048704K, 100% used [0x00007f5480600000, 0x00007f55b4860000, 0x00007f55b4860000)
  from space 631040K, 100% used [0x00007f55b4860000, 0x00007f55db0a0000, 0x00007f55db0a0000)
  to   space 631040K,   0% used [0x00007f55db0a0000, 0x00007f55db0a0000, 0x00007f56018e0000)
 tenured generation   total 12621544K, used 11193401K [0x00007f59d5b50000, 0x00007f5cd810a000, 0x00007f6480600000)
   the space 12621544K,  88% used [0x00007f59d5b50000, 0x00007f5c80e5e730, 0x00007f5c80e5e800, 0x00007f5cd810a000)
 Metaspace       used 30488K, capacity 30907K, committed 31232K, reserved 32768K
}
Event: 903.167 GC heap after
{Heap after GC invocations=70 (full 5):
 def new generation   total 5679744K, used 631039K [0x00007f5480600000, 0x00007f56018e0000, 0x00007f59d5b50000)
  eden space 5048704K,   0% used [0x00007f5480600000, 0x00007f5480600000, 0x00007f55b4860000)
  from space 631040K,  99% used [0x00007f55db0a0000, 0x00007f56018dfff0, 0x00007f56018e0000)
  to   space 631040K,   0% used [0x00007f55b4860000, 0x00007f55b4860000, 0x00007f55db0a0000)
 tenured generation   total 12621544K, used 12256280K [0x00007f59d5b50000, 0x00007f5cd810a000, 0x00007f6480600000)
   the space 12621544K,  97% used [0x00007f59d5b50000, 0x00007f5cc1c56330, 0x00007f5cc1c56400, 0x00007f5cd810a000)
 Metaspace       used 30488K, capacity 30907K, committed 31232K, reserved 32768K
}
Event: 943.277 GC heap before
{Heap before GC invocations=70 (full 5):
 def new generation   total 5679744K, used 5679743K [0x00007f5480600000, 0x00007f56018e0000, 0x00007f59d5b50000)
  eden space 5048704K, 100% used [0x00007f5480600000, 0x00007f55b4860000, 0x00007f55b4860000)
  from space 631040K,  99% used [0x00007f55db0a0000, 0x00007f56018dfff0, 0x00007f56018e0000)
  to   space 631040K,   0% used [0x00007f55b4860000, 0x00007f55b4860000, 0x00007f55db0a0000)
 tenured generation   total 12621544K, used 12256280K [0x00007f59d5b50000, 0x00007f5cd810a000, 0x00007f6480600000)
   the space 12621544K,  97% used [0x00007f59d5b50000, 0x00007f5cc1c56330, 0x00007f5cc1c56400, 0x00007f5cd810a000)
 Metaspace       used 30488K, capacity 30907K, committed 31232K, reserved 32768K
}
Event: 945.810 GC heap after
{Heap after GC invocations=71 (full 5):
 def new generation   total 5679744K, used 631039K [0x00007f5480600000, 0x00007f56018e0000, 0x00007f59d5b50000)
  eden space 5048704K,   0% used [0x00007f5480600000, 0x00007f5480600000, 0x00007f55b4860000)
  from space 631040K,  99% used [0x00007f55b4860000, 0x00007f55db09fff0, 0x00007f55db0a0000)
  to   space 631040K,   0% used [0x00007f55db0a0000, 0x00007f55db0a0000, 0x00007f56018e0000)
 tenured generation   total 13319272K, used 13319159K [0x00007f59d5b50000, 0x00007f5d02a6a000, 0x00007f6480600000)
   the space 13319272K,  99% used [0x00007f59d5b50000, 0x00007f5d02a4ded0, 0x00007f5d02a4e000, 0x00007f5d02a6a000)
 Metaspace       used 30488K, capacity 30907K, committed 31232K, reserved 32768K
}
Event: 945.810 GC heap before
{Heap before GC invocations=71 (full 5):
 def new generation   total 5679744K, used 631039K [0x00007f5480600000, 0x00007f56018e0000, 0x00007f59d5b50000)
  eden space 5048704K,   0% used [0x00007f5480600000, 0x00007f5480600000, 0x00007f55b4860000)
  from space 631040K,  99% used [0x00007f55b4860000, 0x00007f55db09fff0, 0x00007f55db0a0000)
  to   space 631040K,   0% used [0x00007f55db0a0000, 0x00007f55db0a0000, 0x00007f56018e0000)
 tenured generation   total 13319272K, used 13319159K [0x00007f59d5b50000, 0x00007f5d02a6a000, 0x00007f6480600000)
   the space 13319272K,  99% used [0x00007f59d5b50000, 0x00007f5d02a4ded0, 0x00007f5d02a4e000, 0x00007f5d02a6a000)
 Metaspace       used 30488K, capacity 30907K, committed 31232K, reserved 32768K
}

