# JRE version: OpenJDK Runtime Environment (13.0.7+5) (build 13.0.7+5-Ubuntu-0ubuntu120.04)
# Java VM: OpenJDK 64-Bit Server VM (13.0.7+5-Ubuntu-0ubuntu120.04, mixed mode, tiered, serial gc, linux-amd64)
Heap:
 def new generation   total 2587328K, used 276784K [0x00007fa334600000, 0x00007fa3e3d60000, 0x00007fa889b50000)
  eden space 2299904K,  12% used [0x00007fa334600000, 0x00007fa34544c150, 0x00007fa3c0c00000)
  from space 287424K,   0% used [0x00007fa3c0c00000, 0x00007fa3c0c00000, 0x00007fa3d24b0000)
  to   space 287424K,   0% used [0x00007fa3d24b0000, 0x00007fa3d24b0000, 0x00007fa3e3d60000)
 tenured generation   total 5789204K, used 5789203K [0x00007fa889b50000, 0x00007fa9eb0d5000, 0x00007fb334600000)
   the space 5789204K,  99% used [0x00007fa889b50000, 0x00007fa9eb0d4ff0, 0x00007fa9eb0d5000, 0x00007fa9eb0d5000)
 Metaspace       used 30553K, capacity 30965K, committed 31232K, reserved 32768K
GC Heap History (20 events):
Event: 110.683 GC heap after
{Heap after GC invocations=47 (full 4):
 def new generation   total 2587328K, used 248461K [0x00007fa334600000, 0x00007fa3e3d60000, 0x00007fa889b50000)
  eden space 2299904K,   0% used [0x00007fa334600000, 0x00007fa334600000, 0x00007fa3c0c00000)
  from space 287424K,  86% used [0x00007fa3d24b0000, 0x00007fa3e1753590, 0x00007fa3e3d60000)
  to   space 287424K,   0% used [0x00007fa3c0c00000, 0x00007fa3c0c00000, 0x00007fa3d24b0000)
 tenured generation   total 5749460K, used 3449673K [0x00007fa889b50000, 0x00007fa9e8a05000, 0x00007fb334600000)
   the space 5749460K,  59% used [0x00007fa889b50000, 0x00007fa95c4227f8, 0x00007fa95c422800, 0x00007fa9e8a05000)
 Metaspace       used 30553K, capacity 30965K, committed 31232K, reserved 32768K
}
Event: 111.308 GC heap before
{Heap before GC invocations=47 (full 4):
 def new generation   total 2587328K, used 2548365K [0x00007fa334600000, 0x00007fa3e3d60000, 0x00007fa889b50000)
  eden space 2299904K, 100% used [0x00007fa334600000, 0x00007fa3c0c00000, 0x00007fa3c0c00000)
  from space 287424K,  86% used [0x00007fa3d24b0000, 0x00007fa3e1753590, 0x00007fa3e3d60000)
  to   space 287424K,   0% used [0x00007fa3c0c00000, 0x00007fa3c0c00000, 0x00007fa3d24b0000)
 tenured generation   total 5749460K, used 3449673K [0x00007fa889b50000, 0x00007fa9e8a05000, 0x00007fb334600000)
   the space 5749460K,  59% used [0x00007fa889b50000, 0x00007fa95c4227f8, 0x00007fa95c422800, 0x00007fa9e8a05000)
 Metaspace       used 30553K, capacity 30965K, committed 31232K, reserved 32768K
}
Event: 112.448 GC heap after
{Heap after GC invocations=48 (full 4):
 def new generation   total 2587328K, used 251125K [0x00007fa334600000, 0x00007fa3e3d60000, 0x00007fa889b50000)
  eden space 2299904K,   0% used [0x00007fa334600000, 0x00007fa334600000, 0x00007fa3c0c00000)
  from space 287424K,  87% used [0x00007fa3c0c00000, 0x00007fa3d013d5b0, 0x00007fa3d24b0000)
  to   space 287424K,   0% used [0x00007fa3d24b0000, 0x00007fa3d24b0000, 0x00007fa3e3d60000)
 tenured generation   total 5749460K, used 3698134K [0x00007fa889b50000, 0x00007fa9e8a05000, 0x00007fb334600000)
   the space 5749460K,  64% used [0x00007fa889b50000, 0x00007fa96b6c59c8, 0x00007fa96b6c5a00, 0x00007fa9e8a05000)
 Metaspace       used 30553K, capacity 30965K, committed 31232K, reserved 32768K
}
Event: 113.215 GC heap before
{Heap before GC invocations=48 (full 4):
 def new generation   total 2587328K, used 2551029K [0x00007fa334600000, 0x00007fa3e3d60000, 0x00007fa889b50000)
  eden space 2299904K, 100% used [0x00007fa334600000, 0x00007fa3c0c00000, 0x00007fa3c0c00000)
  from space 287424K,  87% used [0x00007fa3c0c00000, 0x00007fa3d013d5b0, 0x00007fa3d24b0000)
  to   space 287424K,   0% used [0x00007fa3d24b0000, 0x00007fa3d24b0000, 0x00007fa3e3d60000)
 tenured generation   total 5749460K, used 3698134K [0x00007fa889b50000, 0x00007fa9e8a05000, 0x00007fb334600000)
   the space 5749460K,  64% used [0x00007fa889b50000, 0x00007fa96b6c59c8, 0x00007fa96b6c5a00, 0x00007fa9e8a05000)
 Metaspace       used 30553K, capacity 30965K, committed 31232K, reserved 32768K
}
Event: 114.181 GC heap after
{Heap after GC invocations=49 (full 4):
 def new generation   total 2587328K, used 232666K [0x00007fa334600000, 0x00007fa3e3d60000, 0x00007fa889b50000)
  eden space 2299904K,   0% used [0x00007fa334600000, 0x00007fa334600000, 0x00007fa3c0c00000)
  from space 287424K,  80% used [0x00007fa3d24b0000, 0x00007fa3e07e6938, 0x00007fa3e3d60000)
  to   space 287424K,   0% used [0x00007fa3c0c00000, 0x00007fa3c0c00000, 0x00007fa3d24b0000)
 tenured generation   total 5749460K, used 3949259K [0x00007fa889b50000, 0x00007fa9e8a05000, 0x00007fb334600000)
   the space 5749460K,  68% used [0x00007fa889b50000, 0x00007fa97ac02c38, 0x00007fa97ac02e00, 0x00007fa9e8a05000)
 Metaspace       used 30553K, capacity 30965K, committed 31232K, reserved 32768K
}
Event: 114.870 GC heap before
{Heap before GC invocations=49 (full 4):
 def new generation   total 2587328K, used 2532570K [0x00007fa334600000, 0x00007fa3e3d60000, 0x00007fa889b50000)
  eden space 2299904K, 100% used [0x00007fa334600000, 0x00007fa3c0c00000, 0x00007fa3c0c00000)
  from space 287424K,  80% used [0x00007fa3d24b0000, 0x00007fa3e07e6938, 0x00007fa3e3d60000)
  to   space 287424K,   0% used [0x00007fa3c0c00000, 0x00007fa3c0c00000, 0x00007fa3d24b0000)
 tenured generation   total 5749460K, used 3949259K [0x00007fa889b50000, 0x00007fa9e8a05000, 0x00007fb334600000)
   the space 5749460K,  68% used [0x00007fa889b50000, 0x00007fa97ac02c38, 0x00007fa97ac02e00, 0x00007fa9e8a05000)
 Metaspace       used 30553K, capacity 30965K, committed 31232K, reserved 32768K
}
Event: 115.771 GC heap after
{Heap after GC invocations=50 (full 4):
 def new generation   total 2587328K, used 242897K [0x00007fa334600000, 0x00007fa3e3d60000, 0x00007fa889b50000)
  eden space 2299904K,   0% used [0x00007fa334600000, 0x00007fa334600000, 0x00007fa3c0c00000)
  from space 287424K,  84% used [0x00007fa3c0c00000, 0x00007fa3cf934740, 0x00007fa3d24b0000)
  to   space 287424K,   0% used [0x00007fa3d24b0000, 0x00007fa3d24b0000, 0x00007fa3e3d60000)
 tenured generation   total 5749460K, used 4181925K [0x00007fa889b50000, 0x00007fa9e8a05000, 0x00007fb334600000)
   the space 5749460K,  72% used [0x00007fa889b50000, 0x00007fa988f39410, 0x00007fa988f39600, 0x00007fa9e8a05000)
 Metaspace       used 30553K, capacity 30965K, committed 31232K, reserved 32768K
}
Event: 116.495 GC heap before
{Heap before GC invocations=50 (full 4):
 def new generation   total 2587328K, used 2542801K [0x00007fa334600000, 0x00007fa3e3d60000, 0x00007fa889b50000)
  eden space 2299904K, 100% used [0x00007fa334600000, 0x00007fa3c0c00000, 0x00007fa3c0c00000)
  from space 287424K,  84% used [0x00007fa3c0c00000, 0x00007fa3cf934740, 0x00007fa3d24b0000)
  to   space 287424K,   0% used [0x00007fa3d24b0000, 0x00007fa3d24b0000, 0x00007fa3e3d60000)
 tenured generation   total 5749460K, used 4181925K [0x00007fa889b50000, 0x00007fa9e8a05000, 0x00007fb334600000)
   the space 5749460K,  72% used [0x00007fa889b50000, 0x00007fa988f39410, 0x00007fa988f39600, 0x00007fa9e8a05000)
 Metaspace       used 30553K, capacity 30965K, committed 31232K, reserved 32768K
}
Event: 117.508 GC heap after
{Heap after GC invocations=51 (full 4):
 def new generation   total 2587328K, used 272747K [0x00007fa334600000, 0x00007fa3e3d60000, 0x00007fa889b50000)
  eden space 2299904K,   0% used [0x00007fa334600000, 0x00007fa334600000, 0x00007fa3c0c00000)
  from space 287424K,  94% used [0x00007fa3d24b0000, 0x00007fa3e2f0ad30, 0x00007fa3e3d60000)
  to   space 287424K,   0% used [0x00007fa3c0c00000, 0x00007fa3c0c00000, 0x00007fa3d24b0000)
 tenured generation   total 5749460K, used 4424821K [0x00007fa889b50000, 0x00007fa9e8a05000, 0x00007fb334600000)
   the space 5749460K,  76% used [0x00007fa889b50000, 0x00007fa997c6d7e0, 0x00007fa997c6d800, 0x00007fa9e8a05000)
 Metaspace       used 30553K, capacity 30965K, committed 31232K, reserved 32768K
}
Event: 118.317 GC heap before
{Heap before GC invocations=51 (full 4):
 def new generation   total 2587328K, used 2572651K [0x00007fa334600000, 0x00007fa3e3d60000, 0x00007fa889b50000)
  eden space 2299904K, 100% used [0x00007fa334600000, 0x00007fa3c0c00000, 0x00007fa3c0c00000)
  from space 287424K,  94% used [0x00007fa3d24b0000, 0x00007fa3e2f0ad30, 0x00007fa3e3d60000)
  to   space 287424K,   0% used [0x00007fa3c0c00000, 0x00007fa3c0c00000, 0x00007fa3d24b0000)
 tenured generation   total 5749460K, used 4424821K [0x00007fa889b50000, 0x00007fa9e8a05000, 0x00007fb334600000)
   the space 5749460K,  76% used [0x00007fa889b50000, 0x00007fa997c6d7e0, 0x00007fa997c6d800, 0x00007fa9e8a05000)
 Metaspace       used 30553K, capacity 30965K, committed 31232K, reserved 32768K
}
Event: 119.363 GC heap after
{Heap after GC invocations=52 (full 4):
 def new generation   total 2587328K, used 270593K [0x00007fa334600000, 0x00007fa3e3d60000, 0x00007fa889b50000)
  eden space 2299904K,   0% used [0x00007fa334600000, 0x00007fa334600000, 0x00007fa3c0c00000)
  from space 287424K,  94% used [0x00007fa3c0c00000, 0x00007fa3d14405c8, 0x00007fa3d24b0000)
  to   space 287424K,   0% used [0x00007fa3d24b0000, 0x00007fa3d24b0000, 0x00007fa3e3d60000)
 tenured generation   total 5749460K, used 4697568K [0x00007fa889b50000, 0x00007fa9e8a05000, 0x00007fb334600000)
   the space 5749460K,  81% used [0x00007fa889b50000, 0x00007fa9a86c80a0, 0x00007fa9a86c8200, 0x00007fa9e8a05000)
 Metaspace       used 30553K, capacity 30965K, committed 31232K, reserved 32768K
}
Event: 120.054 GC heap before
{Heap before GC invocations=52 (full 4):
 def new generation   total 2587328K, used 2570497K [0x00007fa334600000, 0x00007fa3e3d60000, 0x00007fa889b50000)
  eden space 2299904K, 100% used [0x00007fa334600000, 0x00007fa3c0c00000, 0x00007fa3c0c00000)
  from space 287424K,  94% used [0x00007fa3c0c00000, 0x00007fa3d14405c8, 0x00007fa3d24b0000)
  to   space 287424K,   0% used [0x00007fa3d24b0000, 0x00007fa3d24b0000, 0x00007fa3e3d60000)
 tenured generation   total 5749460K, used 4697568K [0x00007fa889b50000, 0x00007fa9e8a05000, 0x00007fb334600000)
   the space 5749460K,  81% used [0x00007fa889b50000, 0x00007fa9a86c80a0, 0x00007fa9a86c8200, 0x00007fa9e8a05000)
 Metaspace       used 30553K, capacity 30965K, committed 31232K, reserved 32768K
}
Event: 121.102 GC heap after
{Heap after GC invocations=53 (full 4):
 def new generation   total 2587328K, used 269137K [0x00007fa334600000, 0x00007fa3e3d60000, 0x00007fa889b50000)
  eden space 2299904K,   0% used [0x00007fa334600000, 0x00007fa334600000, 0x00007fa3c0c00000)
  from space 287424K,  93% used [0x00007fa3d24b0000, 0x00007fa3e2b84620, 0x00007fa3e3d60000)
  to   space 287424K,   0% used [0x00007fa3c0c00000, 0x00007fa3c0c00000, 0x00007fa3d24b0000)
 tenured generation   total 5749460K, used 4968161K [0x00007fa889b50000, 0x00007fa9e8a05000, 0x00007fb334600000)
   the space 5749460K,  86% used [0x00007fa889b50000, 0x00007fa9b8f085a8, 0x00007fa9b8f08600, 0x00007fa9e8a05000)
 Metaspace       used 30553K, capacity 30965K, committed 31232K, reserved 32768K
}
Event: 121.860 GC heap before
{Heap before GC invocations=53 (full 4):
 def new generation   total 2587328K, used 2569041K [0x00007fa334600000, 0x00007fa3e3d60000, 0x00007fa889b50000)
  eden space 2299904K, 100% used [0x00007fa334600000, 0x00007fa3c0c00000, 0x00007fa3c0c00000)
  from space 287424K,  93% used [0x00007fa3d24b0000, 0x00007fa3e2b84620, 0x00007fa3e3d60000)
  to   space 287424K,   0% used [0x00007fa3c0c00000, 0x00007fa3c0c00000, 0x00007fa3d24b0000)
 tenured generation   total 5749460K, used 4968161K [0x00007fa889b50000, 0x00007fa9e8a05000, 0x00007fb334600000)
   the space 5749460K,  86% used [0x00007fa889b50000, 0x00007fa9b8f085a8, 0x00007fa9b8f08600, 0x00007fa9e8a05000)
 Metaspace       used 30553K, capacity 30965K, committed 31232K, reserved 32768K
}
Event: 122.914 GC heap after
{Heap after GC invocations=54 (full 4):
 def new generation   total 2587328K, used 272982K [0x00007fa334600000, 0x00007fa3e3d60000, 0x00007fa889b50000)
  eden space 2299904K,   0% used [0x00007fa334600000, 0x00007fa334600000, 0x00007fa3c0c00000)
  from space 287424K,  94% used [0x00007fa3c0c00000, 0x00007fa3d1695b68, 0x00007fa3d24b0000)
  to   space 287424K,   0% used [0x00007fa3d24b0000, 0x00007fa3d24b0000, 0x00007fa3e3d60000)
 tenured generation   total 5749460K, used 5237298K [0x00007fa889b50000, 0x00007fa9e8a05000, 0x00007fb334600000)
   the space 5749460K,  91% used [0x00007fa889b50000, 0x00007fa9c95dc968, 0x00007fa9c95dca00, 0x00007fa9e8a05000)
 Metaspace       used 30553K, capacity 30965K, committed 31232K, reserved 32768K
}
Event: 123.612 GC heap before
{Heap before GC invocations=54 (full 4):
 def new generation   total 2587328K, used 2572886K [0x00007fa334600000, 0x00007fa3e3d60000, 0x00007fa889b50000)
  eden space 2299904K, 100% used [0x00007fa334600000, 0x00007fa3c0c00000, 0x00007fa3c0c00000)
  from space 287424K,  94% used [0x00007fa3c0c00000, 0x00007fa3d1695b68, 0x00007fa3d24b0000)
  to   space 287424K,   0% used [0x00007fa3d24b0000, 0x00007fa3d24b0000, 0x00007fa3e3d60000)
 tenured generation   total 5749460K, used 5237298K [0x00007fa889b50000, 0x00007fa9e8a05000, 0x00007fb334600000)
   the space 5749460K,  91% used [0x00007fa889b50000, 0x00007fa9c95dc968, 0x00007fa9c95dca00, 0x00007fa9e8a05000)
 Metaspace       used 30553K, capacity 30965K, committed 31232K, reserved 32768K
}
Event: 124.759 GC heap after
{Heap after GC invocations=55 (full 4):
 def new generation   total 2587328K, used 278850K [0x00007fa334600000, 0x00007fa3e3d60000, 0x00007fa889b50000)
  eden space 2299904K,   0% used [0x00007fa334600000, 0x00007fa334600000, 0x00007fa3c0c00000)
  from space 287424K,  97% used [0x00007fa3d24b0000, 0x00007fa3e35009b0, 0x00007fa3e3d60000)
  to   space 287424K,   0% used [0x00007fa3c0c00000, 0x00007fa3c0c00000, 0x00007fa3d24b0000)
 tenured generation   total 5749460K, used 5510281K [0x00007fa889b50000, 0x00007fa9e8a05000, 0x00007fb334600000)
   the space 5749460K,  95% used [0x00007fa889b50000, 0x00007fa9da0724d0, 0x00007fa9da072600, 0x00007fa9e8a05000)
 Metaspace       used 30553K, capacity 30965K, committed 31232K, reserved 32768K
}
Event: 125.487 GC heap before
{Heap before GC invocations=55 (full 4):
 def new generation   total 2587328K, used 2578754K [0x00007fa334600000, 0x00007fa3e3d60000, 0x00007fa889b50000)
  eden space 2299904K, 100% used [0x00007fa334600000, 0x00007fa3c0c00000, 0x00007fa3c0c00000)
  from space 287424K,  97% used [0x00007fa3d24b0000, 0x00007fa3e35009b0, 0x00007fa3e3d60000)
  to   space 287424K,   0% used [0x00007fa3c0c00000, 0x00007fa3c0c00000, 0x00007fa3d24b0000)
 tenured generation   total 5749460K, used 5510281K [0x00007fa889b50000, 0x00007fa9e8a05000, 0x00007fb334600000)
   the space 5749460K,  95% used [0x00007fa889b50000, 0x00007fa9da0724d0, 0x00007fa9da072600, 0x00007fa9e8a05000)
 Metaspace       used 30553K, capacity 30965K, committed 31232K, reserved 32768K
}
Event: 126.592 GC heap after
{Heap after GC invocations=56 (full 4):
 def new generation   total 2587328K, used 276856K [0x00007fa334600000, 0x00007fa3e3d60000, 0x00007fa889b50000)
  eden space 2299904K,   0% used [0x00007fa334600000, 0x00007fa334600000, 0x00007fa3c0c00000)
  from space 287424K,  96% used [0x00007fa3c0c00000, 0x00007fa3d1a5e310, 0x00007fa3d24b0000)
  to   space 287424K,   0% used [0x00007fa3d24b0000, 0x00007fa3d24b0000, 0x00007fa3e3d60000)
 tenured generation   total 5789204K, used 5789131K [0x00007fa889b50000, 0x00007fa9eb0d5000, 0x00007fb334600000)
   the space 5789204K,  99% used [0x00007fa889b50000, 0x00007fa9eb0c2e30, 0x00007fa9eb0c3000, 0x00007fa9eb0d5000)
 Metaspace       used 30553K, capacity 30965K, committed 31232K, reserved 32768K
}
Event: 126.592 GC heap before
{Heap before GC invocations=56 (full 4):
 def new generation   total 2587328K, used 276856K [0x00007fa334600000, 0x00007fa3e3d60000, 0x00007fa889b50000)
  eden space 2299904K,   0% used [0x00007fa334600000, 0x00007fa334600000, 0x00007fa3c0c00000)
  from space 287424K,  96% used [0x00007fa3c0c00000, 0x00007fa3d1a5e310, 0x00007fa3d24b0000)
  to   space 287424K,   0% used [0x00007fa3d24b0000, 0x00007fa3d24b0000, 0x00007fa3e3d60000)
 tenured generation   total 5789204K, used 5789131K [0x00007fa889b50000, 0x00007fa9eb0d5000, 0x00007fb334600000)
   the space 5789204K,  99% used [0x00007fa889b50000, 0x00007fa9eb0c2e30, 0x00007fa9eb0c3000, 0x00007fa9eb0d5000)
 Metaspace       used 30553K, capacity 30965K, committed 31232K, reserved 32768K
}

