# JRE version: OpenJDK Runtime Environment (13.0.7+5) (build 13.0.7+5-Ubuntu-0ubuntu120.04)
# Java VM: OpenJDK 64-Bit Server VM (13.0.7+5-Ubuntu-0ubuntu120.04, mixed mode, tiered, serial gc, linux-amd64)
Heap:
 def new generation   total 4681600K, used 0K [0x00007fabfc600000, 0x00007fad39dd0000, 0x00007fb151b50000)
  eden space 4161472K,   0% used [0x00007fabfc600000, 0x00007fabfc600000, 0x00007facfa5f0000)
  from space 520128K,   0% used [0x00007fad1a1e0000, 0x00007fad1a1e0000, 0x00007fad39dd0000)
  to   space 520128K,   0% used [0x00007facfa5f0000, 0x00007facfa5f0000, 0x00007fad1a1e0000)
 tenured generation   total 10403336K, used 8415698K [0x00007fb151b50000, 0x00007fb3ccad2000, 0x00007fbbfc600000)
   the space 10403336K,  80% used [0x00007fb151b50000, 0x00007fb3535c4b08, 0x00007fb3535c4c00, 0x00007fb3ccad2000)
 Metaspace       used 23357K, capacity 23688K, committed 23808K, reserved 24576K
GC Heap History (20 events):
Event: 44.092 GC heap after
{Heap after GC invocations=14 (full 6):
 def new generation   total 3939264K, used 1K [0x00007fabfc600000, 0x00007fad07850000, 0x00007fb151b50000)
  eden space 3501632K,   0% used [0x00007fabfc600000, 0x00007fabfc600000, 0x00007facd2190000)
  from space 437632K,   0% used [0x00007faceccf0000, 0x00007faceccf0490, 0x00007fad07850000)
  to   space 437632K,   0% used [0x00007facd2190000, 0x00007facd2190000, 0x00007faceccf0000)
 tenured generation   total 8753736K, used 5252241K [0x00007fb151b50000, 0x00007fb367fe2000, 0x00007fbbfc600000)
   the space 8753736K,  60% used [0x00007fb151b50000, 0x00007fb292474760, 0x00007fb292474800, 0x00007fb367fe2000)
 Metaspace       used 23224K, capacity 23605K, committed 23808K, reserved 24576K
}
Event: 44.857 GC heap before
{Heap before GC invocations=14 (full 6):
 def new generation   total 3939264K, used 710113K [0x00007fabfc600000, 0x00007fad07850000, 0x00007fb151b50000)
  eden space 3501632K,  20% used [0x00007fabfc600000, 0x00007fac27b780e0, 0x00007facd2190000)
  from space 437632K,   0% used [0x00007faceccf0000, 0x00007faceccf0490, 0x00007fad07850000)
  to   space 437632K,   0% used [0x00007facd2190000, 0x00007facd2190000, 0x00007faceccf0000)
 tenured generation   total 8753736K, used 5252241K [0x00007fb151b50000, 0x00007fb367fe2000, 0x00007fbbfc600000)
   the space 8753736K,  60% used [0x00007fb151b50000, 0x00007fb292474760, 0x00007fb292474800, 0x00007fb367fe2000)
 Metaspace       used 23224K, capacity 23605K, committed 23808K, reserved 24576K
}
Event: 44.871 GC heap after
{Heap after GC invocations=15 (full 6):
 def new generation   total 3939264K, used 33024K [0x00007fabfc600000, 0x00007fad07850000, 0x00007fb151b50000)
  eden space 3501632K,   0% used [0x00007fabfc600000, 0x00007fabfc600000, 0x00007facd2190000)
  from space 437632K,   7% used [0x00007facd2190000, 0x00007facd41d01b0, 0x00007faceccf0000)
  to   space 437632K,   0% used [0x00007faceccf0000, 0x00007faceccf0000, 0x00007fad07850000)
 tenured generation   total 8753736K, used 5252241K [0x00007fb151b50000, 0x00007fb367fe2000, 0x00007fbbfc600000)
   the space 8753736K,  60% used [0x00007fb151b50000, 0x00007fb292474760, 0x00007fb292474800, 0x00007fb367fe2000)
 Metaspace       used 23224K, capacity 23605K, committed 23808K, reserved 24576K
}
Event: 44.871 GC heap before
{Heap before GC invocations=15 (full 6):
 def new generation   total 3939264K, used 33024K [0x00007fabfc600000, 0x00007fad07850000, 0x00007fb151b50000)
  eden space 3501632K,   0% used [0x00007fabfc600000, 0x00007fabfc600000, 0x00007facd2190000)
  from space 437632K,   7% used [0x00007facd2190000, 0x00007facd41d01b0, 0x00007faceccf0000)
  to   space 437632K,   0% used [0x00007faceccf0000, 0x00007faceccf0000, 0x00007fad07850000)
 tenured generation   total 8753736K, used 5252241K [0x00007fb151b50000, 0x00007fb367fe2000, 0x00007fbbfc600000)
   the space 8753736K,  60% used [0x00007fb151b50000, 0x00007fb292474760, 0x00007fb292474800, 0x00007fb367fe2000)
 Metaspace       used 23224K, capacity 23605K, committed 23808K, reserved 24576K
}
Event: 44.895 GC heap after
{Heap after GC invocations=15 (full 7):
 def new generation   total 3939264K, used 0K [0x00007fabfc600000, 0x00007fad07850000, 0x00007fb151b50000)
  eden space 3501632K,   0% used [0x00007fabfc600000, 0x00007fabfc600000, 0x00007facd2190000)
  from space 437632K,   0% used [0x00007facd2190000, 0x00007facd2190000, 0x00007faceccf0000)
  to   space 437632K,   0% used [0x00007faceccf0000, 0x00007faceccf0000, 0x00007fad07850000)
 tenured generation   total 8753736K, used 9453K [0x00007fb151b50000, 0x00007fb367fe2000, 0x00007fbbfc600000)
   the space 8753736K,   0% used [0x00007fb151b50000, 0x00007fb15248b608, 0x00007fb15248b800, 0x00007fb367fe2000)
 Metaspace       used 23224K, capacity 23605K, committed 23808K, reserved 24576K
}
Event: 48.388 GC heap before
{Heap before GC invocations=15 (full 7):
 def new generation   total 3939264K, used 2468846K [0x00007fabfc600000, 0x00007fad07850000, 0x00007fb151b50000)
  eden space 3501632K,  70% used [0x00007fabfc600000, 0x00007fac930fbb70, 0x00007facd2190000)
  from space 437632K,   0% used [0x00007facd2190000, 0x00007facd2190000, 0x00007faceccf0000)
  to   space 437632K,   0% used [0x00007faceccf0000, 0x00007faceccf0000, 0x00007fad07850000)
 tenured generation   total 8753736K, used 8398061K [0x00007fb151b50000, 0x00007fb367fe2000, 0x00007fbbfc600000)
   the space 8753736K,  95% used [0x00007fb151b50000, 0x00007fb35248b620, 0x00007fb35248b800, 0x00007fb367fe2000)
 Metaspace       used 23301K, capacity 23678K, committed 23808K, reserved 24576K
}
Event: 48.393 GC heap after
{Heap after GC invocations=16 (full 7):
 def new generation   total 3939264K, used 917K [0x00007fabfc600000, 0x00007fad07850000, 0x00007fb151b50000)
  eden space 3501632K,   0% used [0x00007fabfc600000, 0x00007fabfc600000, 0x00007facd2190000)
  from space 437632K,   0% used [0x00007faceccf0000, 0x00007facecdd5658, 0x00007fad07850000)
  to   space 437632K,   0% used [0x00007facd2190000, 0x00007facd2190000, 0x00007faceccf0000)
 tenured generation   total 8753736K, used 8398061K [0x00007fb151b50000, 0x00007fb367fe2000, 0x00007fbbfc600000)
   the space 8753736K,  95% used [0x00007fb151b50000, 0x00007fb35248b620, 0x00007fb35248b800, 0x00007fb367fe2000)
 Metaspace       used 23301K, capacity 23678K, committed 23808K, reserved 24576K
}
Event: 48.393 GC heap before
{Heap before GC invocations=16 (full 7):
 def new generation   total 3939264K, used 917K [0x00007fabfc600000, 0x00007fad07850000, 0x00007fb151b50000)
  eden space 3501632K,   0% used [0x00007fabfc600000, 0x00007fabfc600000, 0x00007facd2190000)
  from space 437632K,   0% used [0x00007faceccf0000, 0x00007facecdd5658, 0x00007fad07850000)
  to   space 437632K,   0% used [0x00007facd2190000, 0x00007facd2190000, 0x00007faceccf0000)
 tenured generation   total 8753736K, used 8398061K [0x00007fb151b50000, 0x00007fb367fe2000, 0x00007fbbfc600000)
   the space 8753736K,  95% used [0x00007fb151b50000, 0x00007fb35248b620, 0x00007fb35248b800, 0x00007fb367fe2000)
 Metaspace       used 23301K, capacity 23678K, committed 23808K, reserved 24576K
}
Event: 48.421 GC heap after
{Heap after GC invocations=16 (full 8):
 def new generation   total 3608256K, used 0K [0x00007fabfc600000, 0x00007facf1130000, 0x00007fb151b50000)
  eden space 3207360K,   0% used [0x00007fabfc600000, 0x00007fabfc600000, 0x00007facc0230000)
  from space 400896K,   0% used [0x00007facc0230000, 0x00007facc0230000, 0x00007facd89b0000)
  to   space 400896K,   0% used [0x00007facd89b0000, 0x00007facd89b0000, 0x00007facf1130000)
 tenured generation   total 8018180K, used 9655K [0x00007fb151b50000, 0x00007fb33b191000, 0x00007fbbfc600000)
   the space 8018180K,   0% used [0x00007fb151b50000, 0x00007fb1524bde08, 0x00007fb1524be000, 0x00007fb33b191000)
 Metaspace       used 23301K, capacity 23678K, committed 23808K, reserved 24576K
}
Event: 52.637 GC heap before
{Heap before GC invocations=16 (full 8):
 def new generation   total 3608256K, used 3112243K [0x00007fabfc600000, 0x00007facf1130000, 0x00007fb151b50000)
  eden space 3207360K,  97% used [0x00007fabfc600000, 0x00007facba54ce30, 0x00007facc0230000)
  from space 400896K,   0% used [0x00007facc0230000, 0x00007facc0230000, 0x00007facd89b0000)
  to   space 400896K,   0% used [0x00007facd89b0000, 0x00007facd89b0000, 0x00007facf1130000)
 tenured generation   total 16406792K, used 8398263K [0x00007fb151b50000, 0x00007fb53b192000, 0x00007fbbfc600000)
   the space 16406792K,  51% used [0x00007fb151b50000, 0x00007fb3524bde20, 0x00007fb3524be000, 0x00007fb53b192000)
 Metaspace       used 23331K, capacity 23685K, committed 23808K, reserved 24576K
}
Event: 52.959 GC heap after
{Heap after GC invocations=17 (full 8):
 def new generation   total 3608256K, used 729K [0x00007fabfc600000, 0x00007facf1130000, 0x00007fb151b50000)
  eden space 3207360K,   0% used [0x00007fabfc600000, 0x00007fabfc600000, 0x00007facc0230000)
  from space 400896K,   0% used [0x00007facd89b0000, 0x00007facd8a665d0, 0x00007facf1130000)
  to   space 400896K,   0% used [0x00007facc0230000, 0x00007facc0230000, 0x00007facd89b0000)
 tenured generation   total 16406792K, used 9446839K [0x00007fb151b50000, 0x00007fb53b192000, 0x00007fbbfc600000)
   the space 16406792K,  57% used [0x00007fb151b50000, 0x00007fb3924bde50, 0x00007fb3924be000, 0x00007fb53b192000)
 Metaspace       used 23331K, capacity 23685K, committed 23808K, reserved 24576K
}
Event: 54.691 GC heap before
{Heap before GC invocations=17 (full 8):
 def new generation   total 3608256K, used 3208089K [0x00007fabfc600000, 0x00007facf1130000, 0x00007fb151b50000)
  eden space 3207360K, 100% used [0x00007fabfc600000, 0x00007facc0230000, 0x00007facc0230000)
  from space 400896K,   0% used [0x00007facd89b0000, 0x00007facd8a665d0, 0x00007facf1130000)
  to   space 400896K,   0% used [0x00007facc0230000, 0x00007facc0230000, 0x00007facd89b0000)
 tenured generation   total 16406792K, used 9446839K [0x00007fb151b50000, 0x00007fb53b192000, 0x00007fbbfc600000)
   the space 16406792K,  57% used [0x00007fb151b50000, 0x00007fb3924bde50, 0x00007fb3924be000, 0x00007fb53b192000)
 Metaspace       used 23345K, capacity 23686K, committed 23808K, reserved 24576K
}
Event: 54.695 GC heap after
{Heap after GC invocations=18 (full 8):
 def new generation   total 3608256K, used 979K [0x00007fabfc600000, 0x00007facf1130000, 0x00007fb151b50000)
  eden space 3207360K,   0% used [0x00007fabfc600000, 0x00007fabfc600000, 0x00007facc0230000)
  from space 400896K,   0% used [0x00007facc0230000, 0x00007facc0324f80, 0x00007facd89b0000)
  to   space 400896K,   0% used [0x00007facd89b0000, 0x00007facd89b0000, 0x00007facf1130000)
 tenured generation   total 16406792K, used 9446839K [0x00007fb151b50000, 0x00007fb53b192000, 0x00007fbbfc600000)
   the space 16406792K,  57% used [0x00007fb151b50000, 0x00007fb3924bde50, 0x00007fb3924be000, 0x00007fb53b192000)
 Metaspace       used 23345K, capacity 23686K, committed 23808K, reserved 24576K
}
Event: 55.851 GC heap before
{Heap before GC invocations=18 (full 8):
 def new generation   total 3608256K, used 2061566K [0x00007fabfc600000, 0x00007facf1130000, 0x00007fb151b50000)
  eden space 3207360K,  64% used [0x00007fabfc600000, 0x00007fac7a24ac30, 0x00007facc0230000)
  from space 400896K,   0% used [0x00007facc0230000, 0x00007facc0324f80, 0x00007facd89b0000)
  to   space 400896K,   0% used [0x00007facd89b0000, 0x00007facd89b0000, 0x00007facf1130000)
 tenured generation   total 16406792K, used 9446839K [0x00007fb151b50000, 0x00007fb53b192000, 0x00007fbbfc600000)
   the space 16406792K,  57% used [0x00007fb151b50000, 0x00007fb3924bde50, 0x00007fb3924be000, 0x00007fb53b192000)
 Metaspace       used 23357K, capacity 23688K, committed 23808K, reserved 24576K
}
Event: 55.865 GC heap after
{Heap after GC invocations=19 (full 8):
 def new generation   total 3608256K, used 17434K [0x00007fabfc600000, 0x00007facf1130000, 0x00007fb151b50000)
  eden space 3207360K,   0% used [0x00007fabfc600000, 0x00007fabfc600000, 0x00007facc0230000)
  from space 400896K,   4% used [0x00007facd89b0000, 0x00007facd9ab6ae0, 0x00007facf1130000)
  to   space 400896K,   0% used [0x00007facc0230000, 0x00007facc0230000, 0x00007facd89b0000)
 tenured generation   total 16406792K, used 9446839K [0x00007fb151b50000, 0x00007fb53b192000, 0x00007fbbfc600000)
   the space 16406792K,  57% used [0x00007fb151b50000, 0x00007fb3924bde50, 0x00007fb3924be000, 0x00007fb53b192000)
 Metaspace       used 23357K, capacity 23688K, committed 23808K, reserved 24576K
}
Event: 55.865 GC heap before
{Heap before GC invocations=19 (full 8):
 def new generation   total 3608256K, used 17434K [0x00007fabfc600000, 0x00007facf1130000, 0x00007fb151b50000)
  eden space 3207360K,   0% used [0x00007fabfc600000, 0x00007fabfc600000, 0x00007facc0230000)
  from space 400896K,   4% used [0x00007facd89b0000, 0x00007facd9ab6ae0, 0x00007facf1130000)
  to   space 400896K,   0% used [0x00007facc0230000, 0x00007facc0230000, 0x00007facd89b0000)
 tenured generation   total 16406792K, used 9446839K [0x00007fb151b50000, 0x00007fb53b192000, 0x00007fbbfc600000)
   the space 16406792K,  57% used [0x00007fb151b50000, 0x00007fb3924bde50, 0x00007fb3924be000, 0x00007fb53b192000)
 Metaspace       used 23357K, capacity 23688K, committed 23808K, reserved 24576K
}
Event: 55.894 GC heap after
{Heap after GC invocations=19 (full 9):
 def new generation   total 4681600K, used 0K [0x00007fabfc600000, 0x00007fad39dd0000, 0x00007fb151b50000)
  eden space 4161472K,   0% used [0x00007fabfc600000, 0x00007fabfc600000, 0x00007facfa5f0000)
  from space 520128K,   0% used [0x00007facfa5f0000, 0x00007facfa5f0000, 0x00007fad1a1e0000)
  to   space 520128K,   0% used [0x00007fad1a1e0000, 0x00007fad1a1e0000, 0x00007fad39dd0000)
 tenured generation   total 10403336K, used 27090K [0x00007fb151b50000, 0x00007fb3ccad2000, 0x00007fbbfc600000)
   the space 10403336K,   0% used [0x00007fb151b50000, 0x00007fb1535c48e8, 0x00007fb1535c4a00, 0x00007fb3ccad2000)
 Metaspace       used 23357K, capacity 23688K, committed 23808K, reserved 24576K
}
Event: 61.595 GC heap before
{Heap before GC invocations=19 (full 9):
 def new generation   total 4681600K, used 81967K [0x00007fabfc600000, 0x00007fad39dd0000, 0x00007fb151b50000)
  eden space 4161472K,   1% used [0x00007fabfc600000, 0x00007fac0160bd78, 0x00007facfa5f0000)
  from space 520128K,   0% used [0x00007facfa5f0000, 0x00007facfa5f0000, 0x00007fad1a1e0000)
  to   space 520128K,   0% used [0x00007fad1a1e0000, 0x00007fad1a1e0000, 0x00007fad39dd0000)
 tenured generation   total 10403336K, used 8415698K [0x00007fb151b50000, 0x00007fb3ccad2000, 0x00007fbbfc600000)
   the space 10403336K,  80% used [0x00007fb151b50000, 0x00007fb3535c4900, 0x00007fb3535c4a00, 0x00007fb3ccad2000)
 Metaspace       used 23357K, capacity 23688K, committed 23808K, reserved 24576K
}
Event: 61.811 GC heap after
{Heap after GC invocations=20 (full 9):
 def new generation   total 4681600K, used 0K [0x00007fabfc600000, 0x00007fad39dd0000, 0x00007fb151b50000)
  eden space 4161472K,   0% used [0x00007fabfc600000, 0x00007fabfc600000, 0x00007facfa5f0000)
  from space 520128K,   0% used [0x00007fad1a1e0000, 0x00007fad1a1e0208, 0x00007fad39dd0000)
  to   space 520128K,   0% used [0x00007facfa5f0000, 0x00007facfa5f0000, 0x00007fad1a1e0000)
 tenured generation   total 10403336K, used 8415698K [0x00007fb151b50000, 0x00007fb3ccad2000, 0x00007fbbfc600000)
   the space 10403336K,  80% used [0x00007fb151b50000, 0x00007fb3535c4900, 0x00007fb3535c4a00, 0x00007fb3ccad2000)
 Metaspace       used 23357K, capacity 23688K, committed 23808K, reserved 24576K
}
Event: 61.811 GC heap before
{Heap before GC invocations=20 (full 9):
 def new generation   total 4681600K, used 0K [0x00007fabfc600000, 0x00007fad39dd0000, 0x00007fb151b50000)
  eden space 4161472K,   0% used [0x00007fabfc600000, 0x00007fabfc600000, 0x00007facfa5f0000)
  from space 520128K,   0% used [0x00007fad1a1e0000, 0x00007fad1a1e0208, 0x00007fad39dd0000)
  to   space 520128K,   0% used [0x00007facfa5f0000, 0x00007facfa5f0000, 0x00007fad1a1e0000)
 tenured generation   total 10403336K, used 8415698K [0x00007fb151b50000, 0x00007fb3ccad2000, 0x00007fbbfc600000)
   the space 10403336K,  80% used [0x00007fb151b50000, 0x00007fb3535c4900, 0x00007fb3535c4a00, 0x00007fb3ccad2000)
 Metaspace       used 23357K, capacity 23688K, committed 23808K, reserved 24576K
}

