# JRE version: OpenJDK Runtime Environment (13.0.7+5) (build 13.0.7+5-Ubuntu-0ubuntu120.04)
# Java VM: OpenJDK 64-Bit Server VM (13.0.7+5-Ubuntu-0ubuntu120.04, mixed mode, tiered, serial gc, linux-amd64)
Heap:
 def new generation   total 629248K, used 0K [0x00007ef6bc600000, 0x00007ef6e70c0000, 0x00007efc11b50000)
  eden space 559360K,   0% used [0x00007ef6bc600000, 0x00007ef6bc600000, 0x00007ef6de840000)
  from space 69888K,   0% used [0x00007ef6e2c80000, 0x00007ef6e2c80000, 0x00007ef6e70c0000)
  to   space 69888K,   0% used [0x00007ef6de840000, 0x00007ef6de840000, 0x00007ef6e2c80000)
 tenured generation   total 5592456K, used 4236692K [0x00007efc11b50000, 0x00007efd670b2000, 0x00007f06bc600000)
   the space 5592456K,  75% used [0x00007efc11b50000, 0x00007efd144b5228, 0x00007efd144b5400, 0x00007efd670b2000)
 Metaspace       used 23180K, capacity 23531K, committed 23552K, reserved 24576K
GC Heap History (20 events):
Event: 89.497 GC heap after
{Heap after GC invocations=18 (full 9):
 def new generation   total 3159936K, used 131073K [0x00007ef6bc600000, 0x00007ef792ab0000, 0x00007efc11b50000)
  eden space 2808896K,   0% used [0x00007ef6bc600000, 0x00007ef6bc600000, 0x00007ef767d10000)
  from space 351040K,  37% used [0x00007ef77d3e0000, 0x00007ef7853e0628, 0x00007ef792ab0000)
  to   space 351040K,   0% used [0x00007ef767d10000, 0x00007ef767d10000, 0x00007ef77d3e0000)
 tenured generation   total 7021832K, used 3679413K [0x00007efc11b50000, 0x00007efdbe492000, 0x00007f06bc600000)
   the space 7021832K,  52% used [0x00007efc11b50000, 0x00007efcf247d568, 0x00007efcf247d600, 0x00007efdbe492000)
 Metaspace       used 23151K, capacity 23522K, committed 23552K, reserved 24576K
}
Event: 90.869 GC heap before
{Heap before GC invocations=18 (full 9):
 def new generation   total 3159936K, used 1443700K [0x00007ef6bc600000, 0x00007ef792ab0000, 0x00007efc11b50000)
  eden space 2808896K,  46% used [0x00007ef6bc600000, 0x00007ef70c7dcc80, 0x00007ef767d10000)
  from space 351040K,  37% used [0x00007ef77d3e0000, 0x00007ef7853e0628, 0x00007ef792ab0000)
  to   space 351040K,   0% used [0x00007ef767d10000, 0x00007ef767d10000, 0x00007ef77d3e0000)
 tenured generation   total 7021832K, used 3679413K [0x00007efc11b50000, 0x00007efdbe492000, 0x00007f06bc600000)
   the space 7021832K,  52% used [0x00007efc11b50000, 0x00007efcf247d568, 0x00007efcf247d600, 0x00007efdbe492000)
 Metaspace       used 23169K, capacity 23528K, committed 23552K, reserved 24576K
}
Event: 90.968 GC heap after
{Heap after GC invocations=19 (full 9):
 def new generation   total 3159936K, used 104465K [0x00007ef6bc600000, 0x00007ef792ab0000, 0x00007efc11b50000)
  eden space 2808896K,   0% used [0x00007ef6bc600000, 0x00007ef6bc600000, 0x00007ef767d10000)
  from space 351040K,  29% used [0x00007ef767d10000, 0x00007ef76e3145b0, 0x00007ef77d3e0000)
  to   space 351040K,   0% used [0x00007ef77d3e0000, 0x00007ef77d3e0000, 0x00007ef792ab0000)
 tenured generation   total 7021832K, used 3679413K [0x00007efc11b50000, 0x00007efdbe492000, 0x00007f06bc600000)
   the space 7021832K,  52% used [0x00007efc11b50000, 0x00007efcf247d568, 0x00007efcf247d600, 0x00007efdbe492000)
 Metaspace       used 23169K, capacity 23528K, committed 23552K, reserved 24576K
}
Event: 92.925 GC heap before
{Heap before GC invocations=19 (full 9):
 def new generation   total 3159936K, used 2256741K [0x00007ef6bc600000, 0x00007ef792ab0000, 0x00007efc11b50000)
  eden space 2808896K,  76% used [0x00007ef6bc600000, 0x00007ef73fbd4e90, 0x00007ef767d10000)
  from space 351040K,  29% used [0x00007ef767d10000, 0x00007ef76e3145b0, 0x00007ef77d3e0000)
  to   space 351040K,   0% used [0x00007ef77d3e0000, 0x00007ef77d3e0000, 0x00007ef792ab0000)
 tenured generation   total 7021832K, used 3679413K [0x00007efc11b50000, 0x00007efdbe492000, 0x00007f06bc600000)
   the space 7021832K,  52% used [0x00007efc11b50000, 0x00007efcf247d568, 0x00007efcf247d600, 0x00007efdbe492000)
 Metaspace       used 23169K, capacity 23528K, committed 23552K, reserved 24576K
}
Event: 93.813 GC heap after
{Heap after GC invocations=20 (full 9):
 def new generation   total 3159936K, used 71688K [0x00007ef6bc600000, 0x00007ef792ab0000, 0x00007efc11b50000)
  eden space 2808896K,   0% used [0x00007ef6bc600000, 0x00007ef6bc600000, 0x00007ef767d10000)
  from space 351040K,  20% used [0x00007ef77d3e0000, 0x00007ef7819e22e8, 0x00007ef792ab0000)
  to   space 351040K,   0% used [0x00007ef767d10000, 0x00007ef767d10000, 0x00007ef77d3e0000)
 tenured generation   total 7021832K, used 5776565K [0x00007efc11b50000, 0x00007efdbe492000, 0x00007f06bc600000)
   the space 7021832K,  82% used [0x00007efc11b50000, 0x00007efd7247d580, 0x00007efd7247d600, 0x00007efdbe492000)
 Metaspace       used 23169K, capacity 23528K, committed 23552K, reserved 24576K
}
Event: 95.893 GC heap before
{Heap before GC invocations=20 (full 9):
 def new generation   total 3159936K, used 2224297K [0x00007ef6bc600000, 0x00007ef792ab0000, 0x00007efc11b50000)
  eden space 2808896K,  76% used [0x00007ef6bc600000, 0x00007ef73fc28478, 0x00007ef767d10000)
  from space 351040K,  20% used [0x00007ef77d3e0000, 0x00007ef7819e22e8, 0x00007ef792ab0000)
  to   space 351040K,   0% used [0x00007ef767d10000, 0x00007ef767d10000, 0x00007ef77d3e0000)
 tenured generation   total 7021832K, used 5776565K [0x00007efc11b50000, 0x00007efdbe492000, 0x00007f06bc600000)
   the space 7021832K,  82% used [0x00007efc11b50000, 0x00007efd7247d580, 0x00007efd7247d600, 0x00007efdbe492000)
 Metaspace       used 23169K, capacity 23528K, committed 23552K, reserved 24576K
}
Event: 96.739 GC heap after
{Heap after GC invocations=21 (full 9):
 def new generation   total 3159936K, used 71688K [0x00007ef6bc600000, 0x00007ef792ab0000, 0x00007efc11b50000)
  eden space 2808896K,   0% used [0x00007ef6bc600000, 0x00007ef6bc600000, 0x00007ef767d10000)
  from space 351040K,  20% used [0x00007ef767d10000, 0x00007ef76c3123d0, 0x00007ef77d3e0000)
  to   space 351040K,   0% used [0x00007ef77d3e0000, 0x00007ef77d3e0000, 0x00007ef792ab0000)
 tenured generation   total 8070412K, used 7873717K [0x00007efc11b50000, 0x00007efdfe493000, 0x00007f06bc600000)
   the space 8070412K,  97% used [0x00007efc11b50000, 0x00007efdf247d5b0, 0x00007efdf247d600, 0x00007efdfe493000)
 Metaspace       used 23169K, capacity 23528K, committed 23552K, reserved 24576K
}
Event: 96.739 GC heap before
{Heap before GC invocations=21 (full 9):
 def new generation   total 3159936K, used 71688K [0x00007ef6bc600000, 0x00007ef792ab0000, 0x00007efc11b50000)
  eden space 2808896K,   0% used [0x00007ef6bc600000, 0x00007ef6bc600000, 0x00007ef767d10000)
  from space 351040K,  20% used [0x00007ef767d10000, 0x00007ef76c3123d0, 0x00007ef77d3e0000)
  to   space 351040K,   0% used [0x00007ef77d3e0000, 0x00007ef77d3e0000, 0x00007ef792ab0000)
 tenured generation   total 8070412K, used 7873717K [0x00007efc11b50000, 0x00007efdfe493000, 0x00007f06bc600000)
   the space 8070412K,  97% used [0x00007efc11b50000, 0x00007efdf247d5b0, 0x00007efdf247d600, 0x00007efdfe493000)
 Metaspace       used 23169K, capacity 23528K, committed 23552K, reserved 24576K
}
Event: 97.357 GC heap after
{Heap after GC invocations=21 (full 10):
 def new generation   total 3159936K, used 0K [0x00007ef6bc600000, 0x00007ef792ab0000, 0x00007efc11b50000)
  eden space 2808896K,   0% used [0x00007ef6bc600000, 0x00007ef6bc600000, 0x00007ef767d10000)
  from space 351040K,   0% used [0x00007ef767d10000, 0x00007ef767d10000, 0x00007ef77d3e0000)
  to   space 351040K,   0% used [0x00007ef77d3e0000, 0x00007ef77d3e0000, 0x00007ef792ab0000)
 tenured generation   total 7021832K, used 2107442K [0x00007efc11b50000, 0x00007efdbe492000, 0x00007f06bc600000)
   the space 7021832K,  30% used [0x00007efc11b50000, 0x00007efc9255c9e8, 0x00007efc9255ca00, 0x00007efdbe492000)
 Metaspace       used 23169K, capacity 23528K, committed 23552K, reserved 24576K
}
Event: 99.599 GC heap before
{Heap before GC invocations=21 (full 10):
 def new generation   total 3159936K, used 2152354K [0x00007ef6bc600000, 0x00007ef792ab0000, 0x00007efc11b50000)
  eden space 2808896K,  76% used [0x00007ef6bc600000, 0x00007ef73fbe8b68, 0x00007ef767d10000)
  from space 351040K,   0% used [0x00007ef767d10000, 0x00007ef767d10000, 0x00007ef77d3e0000)
  to   space 351040K,   0% used [0x00007ef77d3e0000, 0x00007ef77d3e0000, 0x00007ef792ab0000)
 tenured generation   total 7021832K, used 2107442K [0x00007efc11b50000, 0x00007efdbe492000, 0x00007f06bc600000)
   the space 7021832K,  30% used [0x00007efc11b50000, 0x00007efc9255c9e8, 0x00007efc9255ca00, 0x00007efdbe492000)
 Metaspace       used 23169K, capacity 23528K, committed 23552K, reserved 24576K
}
Event: 100.199 GC heap after
{Heap after GC invocations=22 (full 10):
 def new generation   total 3159936K, used 0K [0x00007ef6bc600000, 0x00007ef792ab0000, 0x00007efc11b50000)
  eden space 2808896K,   0% used [0x00007ef6bc600000, 0x00007ef6bc600000, 0x00007ef767d10000)
  from space 351040K,   0% used [0x00007ef77d3e0000, 0x00007ef77d3e0200, 0x00007ef792ab0000)
  to   space 351040K,   0% used [0x00007ef767d10000, 0x00007ef767d10000, 0x00007ef77d3e0000)
 tenured generation   total 7021832K, used 4204594K [0x00007efc11b50000, 0x00007efdbe492000, 0x00007f06bc600000)
   the space 7021832K,  59% used [0x00007efc11b50000, 0x00007efd1255ca00, 0x00007efd1255ca00, 0x00007efdbe492000)
 Metaspace       used 23169K, capacity 23528K, committed 23552K, reserved 24576K
}
Event: 101.678 GC heap before
{Heap before GC invocations=22 (full 10):
 def new generation   total 3159936K, used 2152192K [0x00007ef6bc600000, 0x00007ef792ab0000, 0x00007efc11b50000)
  eden space 2808896K,  76% used [0x00007ef6bc600000, 0x00007ef73fbbff90, 0x00007ef767d10000)
  from space 351040K,   0% used [0x00007ef77d3e0000, 0x00007ef77d3e0200, 0x00007ef792ab0000)
  to   space 351040K,   0% used [0x00007ef767d10000, 0x00007ef767d10000, 0x00007ef77d3e0000)
 tenured generation   total 7021832K, used 4204594K [0x00007efc11b50000, 0x00007efdbe492000, 0x00007f06bc600000)
   the space 7021832K,  59% used [0x00007efc11b50000, 0x00007efd1255ca00, 0x00007efd1255ca00, 0x00007efdbe492000)
 Metaspace       used 23169K, capacity 23528K, committed 23552K, reserved 24576K
}
Event: 102.333 GC heap after
{Heap after GC invocations=23 (full 10):
 def new generation   total 3159936K, used 1K [0x00007ef6bc600000, 0x00007ef792ab0000, 0x00007efc11b50000)
  eden space 2808896K,   0% used [0x00007ef6bc600000, 0x00007ef6bc600000, 0x00007ef767d10000)
  from space 351040K,   0% used [0x00007ef767d10000, 0x00007ef767d10478, 0x00007ef77d3e0000)
  to   space 351040K,   0% used [0x00007ef77d3e0000, 0x00007ef77d3e0000, 0x00007ef792ab0000)
 tenured generation   total 7021832K, used 6301746K [0x00007efc11b50000, 0x00007efdbe492000, 0x00007f06bc600000)
   the space 7021832K,  89% used [0x00007efc11b50000, 0x00007efd9255ca30, 0x00007efd9255cc00, 0x00007efdbe492000)
 Metaspace       used 23169K, capacity 23528K, committed 23552K, reserved 24576K
}
Event: 103.723 GC heap before
{Heap before GC invocations=23 (full 10):
 def new generation   total 3159936K, used 1463960K [0x00007ef6bc600000, 0x00007ef792ab0000, 0x00007efc11b50000)
  eden space 2808896K,  52% used [0x00007ef6bc600000, 0x00007ef715ba5df0, 0x00007ef767d10000)
  from space 351040K,   0% used [0x00007ef767d10000, 0x00007ef767d10478, 0x00007ef77d3e0000)
  to   space 351040K,   0% used [0x00007ef77d3e0000, 0x00007ef77d3e0000, 0x00007ef792ab0000)
 tenured generation   total 7021832K, used 6301746K [0x00007efc11b50000, 0x00007efdbe492000, 0x00007f06bc600000)
   the space 7021832K,  89% used [0x00007efc11b50000, 0x00007efd9255ca30, 0x00007efd9255cc00, 0x00007efdbe492000)
 Metaspace       used 23180K, capacity 23531K, committed 23552K, reserved 24576K
}
Event: 103.920 GC heap after
{Heap after GC invocations=24 (full 10):
 def new generation   total 3159936K, used 267409K [0x00007ef6bc600000, 0x00007ef792ab0000, 0x00007efc11b50000)
  eden space 2808896K,   0% used [0x00007ef6bc600000, 0x00007ef6bc600000, 0x00007ef767d10000)
  from space 351040K,  76% used [0x00007ef77d3e0000, 0x00007ef78d904668, 0x00007ef792ab0000)
  to   space 351040K,   0% used [0x00007ef767d10000, 0x00007ef767d10000, 0x00007ef77d3e0000)
 tenured generation   total 7021832K, used 6301746K [0x00007efc11b50000, 0x00007efdbe492000, 0x00007f06bc600000)
   the space 7021832K,  89% used [0x00007efc11b50000, 0x00007efd9255ca30, 0x00007efd9255cc00, 0x00007efdbe492000)
 Metaspace       used 23180K, capacity 23531K, committed 23552K, reserved 24576K
}
Event: 103.920 GC heap before
{Heap before GC invocations=24 (full 10):
 def new generation   total 3159936K, used 267409K [0x00007ef6bc600000, 0x00007ef792ab0000, 0x00007efc11b50000)
  eden space 2808896K,   0% used [0x00007ef6bc600000, 0x00007ef6bc600000, 0x00007ef767d10000)
  from space 351040K,  76% used [0x00007ef77d3e0000, 0x00007ef78d904668, 0x00007ef792ab0000)
  to   space 351040K,   0% used [0x00007ef767d10000, 0x00007ef767d10000, 0x00007ef77d3e0000)
 tenured generation   total 7021832K, used 6301746K [0x00007efc11b50000, 0x00007efdbe492000, 0x00007f06bc600000)
   the space 7021832K,  89% used [0x00007efc11b50000, 0x00007efd9255ca30, 0x00007efd9255cc00, 0x00007efdbe492000)
 Metaspace       used 23180K, capacity 23531K, committed 23552K, reserved 24576K
}
Event: 104.376 GC heap after
{Heap after GC invocations=24 (full 11):
 def new generation   total 629248K, used 0K [0x00007ef6bc600000, 0x00007ef6e70c0000, 0x00007efc11b50000)
  eden space 559360K,   0% used [0x00007ef6bc600000, 0x00007ef6bc600000, 0x00007ef6de840000)
  from space 69888K,   0% used [0x00007ef6de840000, 0x00007ef6de840000, 0x00007ef6e2c80000)
  to   space 69888K,   0% used [0x00007ef6e2c80000, 0x00007ef6e2c80000, 0x00007ef6e70c0000)
 tenured generation   total 1398148K, used 75834K [0x00007efc11b50000, 0x00007efc670b1000, 0x00007f06bc600000)
   the space 1398148K,   5% used [0x00007efc11b50000, 0x00007efc1655e9c8, 0x00007efc1655ea00, 0x00007efc670b1000)
 Metaspace       used 23180K, capacity 23531K, committed 23552K, reserved 24576K
}
Event: 107.542 GC heap before
{Heap before GC invocations=24 (full 11):
 def new generation   total 629248K, used 10879K [0x00007ef6bc600000, 0x00007ef6e70c0000, 0x00007efc11b50000)
  eden space 559360K,   1% used [0x00007ef6bc600000, 0x00007ef6bd09fdd8, 0x00007ef6de840000)
  from space 69888K,   0% used [0x00007ef6de840000, 0x00007ef6de840000, 0x00007ef6e2c80000)
  to   space 69888K,   0% used [0x00007ef6e2c80000, 0x00007ef6e2c80000, 0x00007ef6e70c0000)
 tenured generation   total 5592456K, used 4270138K [0x00007efc11b50000, 0x00007efd670b2000, 0x00007f06bc600000)
   the space 5592456K,  76% used [0x00007efc11b50000, 0x00007efd1655e9e0, 0x00007efd1655ea00, 0x00007efd670b2000)
 Metaspace       used 23180K, capacity 23531K, committed 23552K, reserved 24576K
}
Event: 107.545 GC heap after
{Heap after GC invocations=25 (full 11):
 def new generation   total 629248K, used 0K [0x00007ef6bc600000, 0x00007ef6e70c0000, 0x00007efc11b50000)
  eden space 559360K,   0% used [0x00007ef6bc600000, 0x00007ef6bc600000, 0x00007ef6de840000)
  from space 69888K,   0% used [0x00007ef6e2c80000, 0x00007ef6e2c80170, 0x00007ef6e70c0000)
  to   space 69888K,   0% used [0x00007ef6de840000, 0x00007ef6de840000, 0x00007ef6e2c80000)
 tenured generation   total 5592456K, used 4270138K [0x00007efc11b50000, 0x00007efd670b2000, 0x00007f06bc600000)
   the space 5592456K,  76% used [0x00007efc11b50000, 0x00007efd1655e9e0, 0x00007efd1655ea00, 0x00007efd670b2000)
 Metaspace       used 23180K, capacity 23531K, committed 23552K, reserved 24576K
}
Event: 107.545 GC heap before
{Heap before GC invocations=25 (full 11):
 def new generation   total 629248K, used 0K [0x00007ef6bc600000, 0x00007ef6e70c0000, 0x00007efc11b50000)
  eden space 559360K,   0% used [0x00007ef6bc600000, 0x00007ef6bc600000, 0x00007ef6de840000)
  from space 69888K,   0% used [0x00007ef6e2c80000, 0x00007ef6e2c80170, 0x00007ef6e70c0000)
  to   space 69888K,   0% used [0x00007ef6de840000, 0x00007ef6de840000, 0x00007ef6e2c80000)
 tenured generation   total 5592456K, used 4270138K [0x00007efc11b50000, 0x00007efd670b2000, 0x00007f06bc600000)
   the space 5592456K,  76% used [0x00007efc11b50000, 0x00007efd1655e9e0, 0x00007efd1655ea00, 0x00007efd670b2000)
 Metaspace       used 23180K, capacity 23531K, committed 23552K, reserved 24576K
}

