# JRE version: OpenJDK Runtime Environment (13.0.7+5) (build 13.0.7+5-Ubuntu-0ubuntu120.04)
# Java VM: OpenJDK 64-Bit Server VM (13.0.7+5-Ubuntu-0ubuntu120.04, mixed mode, tiered, serial gc, linux-amd64)
Heap:
 def new generation   total 857664K, used 85862K [0x00007fc8ac600000, 0x00007fc8e68a0000, 0x00007fce01b50000)
  eden space 762368K,  11% used [0x00007fc8ac600000, 0x00007fc8b19d9b60, 0x00007fc8dae80000)
  from space 95296K,   0% used [0x00007fc8e0b90000, 0x00007fc8e0b90000, 0x00007fc8e68a0000)
  to   space 95296K,   0% used [0x00007fc8dae80000, 0x00007fc8dae80000, 0x00007fc8e0b90000)
 tenured generation   total 1965012K, used 1965011K [0x00007fce01b50000, 0x00007fce79a45000, 0x00007fd8ac600000)
   the space 1965012K,  99% used [0x00007fce01b50000, 0x00007fce79a44fe8, 0x00007fce79a45000, 0x00007fce79a45000)
 Metaspace       used 30522K, capacity 30926K, committed 31232K, reserved 32768K
GC Heap History (20 events):
Event: 88.099 GC heap after
{Heap after GC invocations=51 (full 5):
 def new generation   total 857664K, used 58705K [0x00007fc8ac600000, 0x00007fc8e68a0000, 0x00007fce01b50000)
  eden space 762368K,   0% used [0x00007fc8ac600000, 0x00007fc8ac600000, 0x00007fc8dae80000)
  from space 95296K,  61% used [0x00007fc8dae80000, 0x00007fc8de7d4508, 0x00007fc8e0b90000)
  to   space 95296K,   0% used [0x00007fc8e0b90000, 0x00007fc8e0b90000, 0x00007fc8e68a0000)
 tenured generation   total 1905876K, used 1215917K [0x00007fce01b50000, 0x00007fce76085000, 0x00007fd8ac600000)
   the space 1905876K,  63% used [0x00007fce01b50000, 0x00007fce4bebb440, 0x00007fce4bebb600, 0x00007fce76085000)
 Metaspace       used 30522K, capacity 30926K, committed 31232K, reserved 32768K
}
Event: 88.486 GC heap before
{Heap before GC invocations=51 (full 5):
 def new generation   total 857664K, used 821073K [0x00007fc8ac600000, 0x00007fc8e68a0000, 0x00007fce01b50000)
  eden space 762368K, 100% used [0x00007fc8ac600000, 0x00007fc8dae80000, 0x00007fc8dae80000)
  from space 95296K,  61% used [0x00007fc8dae80000, 0x00007fc8de7d4508, 0x00007fc8e0b90000)
  to   space 95296K,   0% used [0x00007fc8e0b90000, 0x00007fc8e0b90000, 0x00007fc8e68a0000)
 tenured generation   total 1905876K, used 1215917K [0x00007fce01b50000, 0x00007fce76085000, 0x00007fd8ac600000)
   the space 1905876K,  63% used [0x00007fce01b50000, 0x00007fce4bebb440, 0x00007fce4bebb600, 0x00007fce76085000)
 Metaspace       used 30522K, capacity 30926K, committed 31232K, reserved 32768K
}
Event: 88.962 GC heap after
{Heap after GC invocations=52 (full 5):
 def new generation   total 857664K, used 95296K [0x00007fc8ac600000, 0x00007fc8e68a0000, 0x00007fce01b50000)
  eden space 762368K,   0% used [0x00007fc8ac600000, 0x00007fc8ac600000, 0x00007fc8dae80000)
  from space 95296K, 100% used [0x00007fc8e0b90000, 0x00007fc8e68a0000, 0x00007fc8e68a0000)
  to   space 95296K,   0% used [0x00007fc8dae80000, 0x00007fc8dae80000, 0x00007fc8e0b90000)
 tenured generation   total 1905876K, used 1289164K [0x00007fce01b50000, 0x00007fce76085000, 0x00007fd8ac600000)
   the space 1905876K,  67% used [0x00007fce01b50000, 0x00007fce50643168, 0x00007fce50643200, 0x00007fce76085000)
 Metaspace       used 30522K, capacity 30926K, committed 31232K, reserved 32768K
}
Event: 89.240 GC heap before
{Heap before GC invocations=52 (full 5):
 def new generation   total 857664K, used 857664K [0x00007fc8ac600000, 0x00007fc8e68a0000, 0x00007fce01b50000)
  eden space 762368K, 100% used [0x00007fc8ac600000, 0x00007fc8dae80000, 0x00007fc8dae80000)
  from space 95296K, 100% used [0x00007fc8e0b90000, 0x00007fc8e68a0000, 0x00007fc8e68a0000)
  to   space 95296K,   0% used [0x00007fc8dae80000, 0x00007fc8dae80000, 0x00007fc8e0b90000)
 tenured generation   total 1905876K, used 1289164K [0x00007fce01b50000, 0x00007fce76085000, 0x00007fd8ac600000)
   the space 1905876K,  67% used [0x00007fce01b50000, 0x00007fce50643168, 0x00007fce50643200, 0x00007fce76085000)
 Metaspace       used 30522K, capacity 30926K, committed 31232K, reserved 32768K
}
Event: 89.596 GC heap after
{Heap after GC invocations=53 (full 5):
 def new generation   total 857664K, used 90425K [0x00007fc8ac600000, 0x00007fc8e68a0000, 0x00007fce01b50000)
  eden space 762368K,   0% used [0x00007fc8ac600000, 0x00007fc8ac600000, 0x00007fc8dae80000)
  from space 95296K,  94% used [0x00007fc8dae80000, 0x00007fc8e06ce5b8, 0x00007fc8e0b90000)
  to   space 95296K,   0% used [0x00007fc8e0b90000, 0x00007fc8e0b90000, 0x00007fc8e68a0000)
 tenured generation   total 1905876K, used 1384459K [0x00007fce01b50000, 0x00007fce76085000, 0x00007fd8ac600000)
   the space 1905876K,  72% used [0x00007fce01b50000, 0x00007fce56352ee8, 0x00007fce56353000, 0x00007fce76085000)
 Metaspace       used 30522K, capacity 30926K, committed 31232K, reserved 32768K
}
Event: 89.959 GC heap before
{Heap before GC invocations=53 (full 5):
 def new generation   total 857664K, used 852793K [0x00007fc8ac600000, 0x00007fc8e68a0000, 0x00007fce01b50000)
  eden space 762368K, 100% used [0x00007fc8ac600000, 0x00007fc8dae80000, 0x00007fc8dae80000)
  from space 95296K,  94% used [0x00007fc8dae80000, 0x00007fc8e06ce5b8, 0x00007fc8e0b90000)
  to   space 95296K,   0% used [0x00007fc8e0b90000, 0x00007fc8e0b90000, 0x00007fc8e68a0000)
 tenured generation   total 1905876K, used 1384459K [0x00007fce01b50000, 0x00007fce76085000, 0x00007fd8ac600000)
   the space 1905876K,  72% used [0x00007fce01b50000, 0x00007fce56352ee8, 0x00007fce56353000, 0x00007fce76085000)
 Metaspace       used 30522K, capacity 30926K, committed 31232K, reserved 32768K
}
Event: 90.307 GC heap after
{Heap after GC invocations=54 (full 5):
 def new generation   total 857664K, used 69539K [0x00007fc8ac600000, 0x00007fc8e68a0000, 0x00007fce01b50000)
  eden space 762368K,   0% used [0x00007fc8ac600000, 0x00007fc8ac600000, 0x00007fc8dae80000)
  from space 95296K,  72% used [0x00007fc8e0b90000, 0x00007fc8e4f78e28, 0x00007fc8e68a0000)
  to   space 95296K,   0% used [0x00007fc8dae80000, 0x00007fc8dae80000, 0x00007fc8e0b90000)
 tenured generation   total 1905876K, used 1474884K [0x00007fce01b50000, 0x00007fce76085000, 0x00007fd8ac600000)
   the space 1905876K,  77% used [0x00007fce01b50000, 0x00007fce5bba13e0, 0x00007fce5bba1400, 0x00007fce76085000)
 Metaspace       used 30522K, capacity 30926K, committed 31232K, reserved 32768K
}
Event: 90.723 GC heap before
{Heap before GC invocations=54 (full 5):
 def new generation   total 857664K, used 831907K [0x00007fc8ac600000, 0x00007fc8e68a0000, 0x00007fce01b50000)
  eden space 762368K, 100% used [0x00007fc8ac600000, 0x00007fc8dae80000, 0x00007fc8dae80000)
  from space 95296K,  72% used [0x00007fc8e0b90000, 0x00007fc8e4f78e28, 0x00007fc8e68a0000)
  to   space 95296K,   0% used [0x00007fc8dae80000, 0x00007fc8dae80000, 0x00007fc8e0b90000)
 tenured generation   total 1905876K, used 1474884K [0x00007fce01b50000, 0x00007fce76085000, 0x00007fd8ac600000)
   the space 1905876K,  77% used [0x00007fce01b50000, 0x00007fce5bba13e0, 0x00007fce5bba1400, 0x00007fce76085000)
 Metaspace       used 30522K, capacity 30926K, committed 31232K, reserved 32768K
}
Event: 91.168 GC heap after
{Heap after GC invocations=55 (full 5):
 def new generation   total 857664K, used 89015K [0x00007fc8ac600000, 0x00007fc8e68a0000, 0x00007fce01b50000)
  eden space 762368K,   0% used [0x00007fc8ac600000, 0x00007fc8ac600000, 0x00007fc8dae80000)
  from space 95296K,  93% used [0x00007fc8dae80000, 0x00007fc8e056ddf8, 0x00007fc8e0b90000)
  to   space 95296K,   0% used [0x00007fc8e0b90000, 0x00007fc8e0b90000, 0x00007fc8e68a0000)
 tenured generation   total 1905876K, used 1544424K [0x00007fce01b50000, 0x00007fce76085000, 0x00007fd8ac600000)
   the space 1905876K,  81% used [0x00007fce01b50000, 0x00007fce5ff8a0d8, 0x00007fce5ff8a200, 0x00007fce76085000)
 Metaspace       used 30522K, capacity 30926K, committed 31232K, reserved 32768K
}
Event: 91.587 GC heap before
{Heap before GC invocations=55 (full 5):
 def new generation   total 857664K, used 851383K [0x00007fc8ac600000, 0x00007fc8e68a0000, 0x00007fce01b50000)
  eden space 762368K, 100% used [0x00007fc8ac600000, 0x00007fc8dae80000, 0x00007fc8dae80000)
  from space 95296K,  93% used [0x00007fc8dae80000, 0x00007fc8e056ddf8, 0x00007fc8e0b90000)
  to   space 95296K,   0% used [0x00007fc8e0b90000, 0x00007fc8e0b90000, 0x00007fc8e68a0000)
 tenured generation   total 1905876K, used 1544424K [0x00007fce01b50000, 0x00007fce76085000, 0x00007fd8ac600000)
   the space 1905876K,  81% used [0x00007fce01b50000, 0x00007fce5ff8a0d8, 0x00007fce5ff8a200, 0x00007fce76085000)
 Metaspace       used 30522K, capacity 30926K, committed 31232K, reserved 32768K
}
Event: 92.187 GC heap after
{Heap after GC invocations=56 (full 5):
 def new generation   total 857664K, used 95295K [0x00007fc8ac600000, 0x00007fc8e68a0000, 0x00007fce01b50000)
  eden space 762368K,   0% used [0x00007fc8ac600000, 0x00007fc8ac600000, 0x00007fc8dae80000)
  from space 95296K,  99% used [0x00007fc8e0b90000, 0x00007fc8e689fff8, 0x00007fc8e68a0000)
  to   space 95296K,   0% used [0x00007fc8dae80000, 0x00007fc8dae80000, 0x00007fc8e0b90000)
 tenured generation   total 1905876K, used 1647553K [0x00007fce01b50000, 0x00007fce76085000, 0x00007fd8ac600000)
   the space 1905876K,  86% used [0x00007fce01b50000, 0x00007fce66440780, 0x00007fce66440800, 0x00007fce76085000)
 Metaspace       used 30522K, capacity 30926K, committed 31232K, reserved 32768K
}
Event: 92.502 GC heap before
{Heap before GC invocations=56 (full 5):
 def new generation   total 857664K, used 857663K [0x00007fc8ac600000, 0x00007fc8e68a0000, 0x00007fce01b50000)
  eden space 762368K, 100% used [0x00007fc8ac600000, 0x00007fc8dae80000, 0x00007fc8dae80000)
  from space 95296K,  99% used [0x00007fc8e0b90000, 0x00007fc8e689fff8, 0x00007fc8e68a0000)
  to   space 95296K,   0% used [0x00007fc8dae80000, 0x00007fc8dae80000, 0x00007fc8e0b90000)
 tenured generation   total 1905876K, used 1647553K [0x00007fce01b50000, 0x00007fce76085000, 0x00007fd8ac600000)
   the space 1905876K,  86% used [0x00007fce01b50000, 0x00007fce66440780, 0x00007fce66440800, 0x00007fce76085000)
 Metaspace       used 30522K, capacity 30926K, committed 31232K, reserved 32768K
}
Event: 92.879 GC heap after
{Heap after GC invocations=57 (full 5):
 def new generation   total 857664K, used 68634K [0x00007fc8ac600000, 0x00007fc8e68a0000, 0x00007fce01b50000)
  eden space 762368K,   0% used [0x00007fc8ac600000, 0x00007fc8ac600000, 0x00007fc8dae80000)
  from space 95296K,  72% used [0x00007fc8dae80000, 0x00007fc8df186878, 0x00007fc8e0b90000)
  to   space 95296K,   0% used [0x00007fc8e0b90000, 0x00007fc8e0b90000, 0x00007fc8e68a0000)
 tenured generation   total 1905876K, used 1742849K [0x00007fce01b50000, 0x00007fce76085000, 0x00007fd8ac600000)
   the space 1905876K,  91% used [0x00007fce01b50000, 0x00007fce6c150588, 0x00007fce6c150600, 0x00007fce76085000)
 Metaspace       used 30522K, capacity 30926K, committed 31232K, reserved 32768K
}
Event: 93.155 GC heap before
{Heap before GC invocations=57 (full 5):
 def new generation   total 857664K, used 831002K [0x00007fc8ac600000, 0x00007fc8e68a0000, 0x00007fce01b50000)
  eden space 762368K, 100% used [0x00007fc8ac600000, 0x00007fc8dae80000, 0x00007fc8dae80000)
  from space 95296K,  72% used [0x00007fc8dae80000, 0x00007fc8df186878, 0x00007fc8e0b90000)
  to   space 95296K,   0% used [0x00007fc8e0b90000, 0x00007fc8e0b90000, 0x00007fc8e68a0000)
 tenured generation   total 1905876K, used 1742849K [0x00007fce01b50000, 0x00007fce76085000, 0x00007fd8ac600000)
   the space 1905876K,  91% used [0x00007fce01b50000, 0x00007fce6c150588, 0x00007fce6c150600, 0x00007fce76085000)
 Metaspace       used 30522K, capacity 30926K, committed 31232K, reserved 32768K
}
Event: 93.508 GC heap after
{Heap after GC invocations=58 (full 5):
 def new generation   total 857664K, used 62945K [0x00007fc8ac600000, 0x00007fc8e68a0000, 0x00007fce01b50000)
  eden space 762368K,   0% used [0x00007fc8ac600000, 0x00007fc8ac600000, 0x00007fc8dae80000)
  from space 95296K,  66% used [0x00007fc8e0b90000, 0x00007fc8e4908510, 0x00007fc8e68a0000)
  to   space 95296K,   0% used [0x00007fc8dae80000, 0x00007fc8dae80000, 0x00007fc8e0b90000)
 tenured generation   total 1905876K, used 1811482K [0x00007fce01b50000, 0x00007fce76085000, 0x00007fd8ac600000)
   the space 1905876K,  95% used [0x00007fce01b50000, 0x00007fce70456b80, 0x00007fce70456c00, 0x00007fce76085000)
 Metaspace       used 30522K, capacity 30926K, committed 31232K, reserved 32768K
}
Event: 93.784 GC heap before
{Heap before GC invocations=58 (full 5):
 def new generation   total 857664K, used 825313K [0x00007fc8ac600000, 0x00007fc8e68a0000, 0x00007fce01b50000)
  eden space 762368K, 100% used [0x00007fc8ac600000, 0x00007fc8dae80000, 0x00007fc8dae80000)
  from space 95296K,  66% used [0x00007fc8e0b90000, 0x00007fc8e4908510, 0x00007fc8e68a0000)
  to   space 95296K,   0% used [0x00007fc8dae80000, 0x00007fc8dae80000, 0x00007fc8e0b90000)
 tenured generation   total 1905876K, used 1811482K [0x00007fce01b50000, 0x00007fce76085000, 0x00007fd8ac600000)
   the space 1905876K,  95% used [0x00007fce01b50000, 0x00007fce70456b80, 0x00007fce70456c00, 0x00007fce76085000)
 Metaspace       used 30522K, capacity 30926K, committed 31232K, reserved 32768K
}
Event: 94.243 GC heap after
{Heap after GC invocations=59 (full 5):
 def new generation   total 857664K, used 90508K [0x00007fc8ac600000, 0x00007fc8e68a0000, 0x00007fce01b50000)
  eden space 762368K,   0% used [0x00007fc8ac600000, 0x00007fc8ac600000, 0x00007fc8dae80000)
  from space 95296K,  94% used [0x00007fc8dae80000, 0x00007fc8e06e3178, 0x00007fc8e0b90000)
  to   space 95296K,   0% used [0x00007fc8e0b90000, 0x00007fc8e0b90000, 0x00007fc8e68a0000)
 tenured generation   total 1905876K, used 1874427K [0x00007fce01b50000, 0x00007fce76085000, 0x00007fd8ac600000)
   the space 1905876K,  98% used [0x00007fce01b50000, 0x00007fce741ceef0, 0x00007fce741cf000, 0x00007fce76085000)
 Metaspace       used 30522K, capacity 30926K, committed 31232K, reserved 32768K
}
Event: 94.520 GC heap before
{Heap before GC invocations=59 (full 5):
 def new generation   total 857664K, used 852876K [0x00007fc8ac600000, 0x00007fc8e68a0000, 0x00007fce01b50000)
  eden space 762368K, 100% used [0x00007fc8ac600000, 0x00007fc8dae80000, 0x00007fc8dae80000)
  from space 95296K,  94% used [0x00007fc8dae80000, 0x00007fc8e06e3178, 0x00007fc8e0b90000)
  to   space 95296K,   0% used [0x00007fc8e0b90000, 0x00007fc8e0b90000, 0x00007fc8e68a0000)
 tenured generation   total 1905876K, used 1874427K [0x00007fce01b50000, 0x00007fce76085000, 0x00007fd8ac600000)
   the space 1905876K,  98% used [0x00007fce01b50000, 0x00007fce741ceef0, 0x00007fce741cf000, 0x00007fce76085000)
 Metaspace       used 30522K, capacity 30926K, committed 31232K, reserved 32768K
}
Event: 94.875 GC heap after
{Heap after GC invocations=60 (full 5):
 def new generation   total 857664K, used 85939K [0x00007fc8ac600000, 0x00007fc8e68a0000, 0x00007fce01b50000)
  eden space 762368K,   0% used [0x00007fc8ac600000, 0x00007fc8ac600000, 0x00007fc8dae80000)
  from space 95296K,  90% used [0x00007fc8e0b90000, 0x00007fc8e5f7cd80, 0x00007fc8e68a0000)
  to   space 95296K,   0% used [0x00007fc8dae80000, 0x00007fc8dae80000, 0x00007fc8e0b90000)
 tenured generation   total 1965012K, used 1964935K [0x00007fce01b50000, 0x00007fce79a45000, 0x00007fd8ac600000)
   the space 1965012K,  99% used [0x00007fce01b50000, 0x00007fce79a31dc8, 0x00007fce79a31e00, 0x00007fce79a45000)
 Metaspace       used 30522K, capacity 30926K, committed 31232K, reserved 32768K
}
Event: 94.875 GC heap before
{Heap before GC invocations=60 (full 5):
 def new generation   total 857664K, used 85939K [0x00007fc8ac600000, 0x00007fc8e68a0000, 0x00007fce01b50000)
  eden space 762368K,   0% used [0x00007fc8ac600000, 0x00007fc8ac600000, 0x00007fc8dae80000)
  from space 95296K,  90% used [0x00007fc8e0b90000, 0x00007fc8e5f7cd80, 0x00007fc8e68a0000)
  to   space 95296K,   0% used [0x00007fc8dae80000, 0x00007fc8dae80000, 0x00007fc8e0b90000)
 tenured generation   total 1965012K, used 1964935K [0x00007fce01b50000, 0x00007fce79a45000, 0x00007fd8ac600000)
   the space 1965012K,  99% used [0x00007fce01b50000, 0x00007fce79a31dc8, 0x00007fce79a31e00, 0x00007fce79a45000)
 Metaspace       used 30522K, capacity 30926K, committed 31232K, reserved 32768K
}

