# JRE version: OpenJDK Runtime Environment (13.0.7+5) (build 13.0.7+5-Ubuntu-0ubuntu120.04)
# Java VM: OpenJDK 64-Bit Server VM (13.0.7+5-Ubuntu-0ubuntu120.04, mixed mode, tiered, serial gc, linux-amd64)
Heap:
 def new generation   total 8121088K, used 397449K [0x00007fe558600000, 0x00007fe77f1f0000, 0x00007feaadb50000)
  eden space 7218752K,   5% used [0x00007fe558600000, 0x00007fe570a22508, 0x00007fe710f90000)
  from space 902336K,   0% used [0x00007fe7480c0000, 0x00007fe7480c0000, 0x00007fe77f1f0000)
  to   space 902336K,   0% used [0x00007fe710f90000, 0x00007fe710f90000, 0x00007fe7480c0000)
 tenured generation   total 18068504K, used 18068503K [0x00007feaadb50000, 0x00007feefc856000, 0x00007ff558600000)
   the space 18068504K,  99% used [0x00007feaadb50000, 0x00007feefc855fc0, 0x00007feefc856000, 0x00007feefc856000)
 Metaspace       used 24272K, capacity 24711K, committed 24832K, reserved 26624K
GC Heap History (20 events):
Event: 4588.661 GC heap after
{Heap after GC invocations=2081 (full 6):
 def new generation   total 8121088K, used 385880K [0x00007fe558600000, 0x00007fe77f1f0000, 0x00007feaadb50000)
  eden space 7218752K,   0% used [0x00007fe558600000, 0x00007fe558600000, 0x00007fe710f90000)
  from space 902336K,  42% used [0x00007fe710f90000, 0x00007fe728866248, 0x00007fe7480c0000)
  to   space 902336K,   0% used [0x00007fe7480c0000, 0x00007fe7480c0000, 0x00007fe77f1f0000)
 tenured generation   total 18046808K, used 17840348K [0x00007feaadb50000, 0x00007feefb326000, 0x00007ff558600000)
   the space 18046808K,  98% used [0x00007feaadb50000, 0x00007feeee987238, 0x00007feeee987400, 0x00007feefb326000)
 Metaspace       used 24272K, capacity 24711K, committed 24832K, reserved 26624K
}
Event: 4594.772 GC heap before
{Heap before GC invocations=2081 (full 6):
 def new generation   total 8121088K, used 7604632K [0x00007fe558600000, 0x00007fe77f1f0000, 0x00007feaadb50000)
  eden space 7218752K, 100% used [0x00007fe558600000, 0x00007fe710f90000, 0x00007fe710f90000)
  from space 902336K,  42% used [0x00007fe710f90000, 0x00007fe728866248, 0x00007fe7480c0000)
  to   space 902336K,   0% used [0x00007fe7480c0000, 0x00007fe7480c0000, 0x00007fe77f1f0000)
 tenured generation   total 18046808K, used 17840348K [0x00007feaadb50000, 0x00007feefb326000, 0x00007ff558600000)
   the space 18046808K,  98% used [0x00007feaadb50000, 0x00007feeee987238, 0x00007feeee987400, 0x00007feefb326000)
 Metaspace       used 24272K, capacity 24711K, committed 24832K, reserved 26624K
}
Event: 4595.486 GC heap after
{Heap after GC invocations=2082 (full 6):
 def new generation   total 8121088K, used 394263K [0x00007fe558600000, 0x00007fe77f1f0000, 0x00007feaadb50000)
  eden space 7218752K,   0% used [0x00007fe558600000, 0x00007fe558600000, 0x00007fe710f90000)
  from space 902336K,  43% used [0x00007fe7480c0000, 0x00007fe7601c5e98, 0x00007fe77f1f0000)
  to   space 902336K,   0% used [0x00007fe710f90000, 0x00007fe710f90000, 0x00007fe7480c0000)
 tenured generation   total 18046808K, used 17861505K [0x00007feaadb50000, 0x00007feefb326000, 0x00007ff558600000)
   the space 18046808K,  98% used [0x00007feaadb50000, 0x00007feeefe306c8, 0x00007feeefe30800, 0x00007feefb326000)
 Metaspace       used 24272K, capacity 24711K, committed 24832K, reserved 26624K
}
Event: 4601.646 GC heap before
{Heap before GC invocations=2082 (full 6):
 def new generation   total 8121088K, used 7613015K [0x00007fe558600000, 0x00007fe77f1f0000, 0x00007feaadb50000)
  eden space 7218752K, 100% used [0x00007fe558600000, 0x00007fe710f90000, 0x00007fe710f90000)
  from space 902336K,  43% used [0x00007fe7480c0000, 0x00007fe7601c5e98, 0x00007fe77f1f0000)
  to   space 902336K,   0% used [0x00007fe710f90000, 0x00007fe710f90000, 0x00007fe7480c0000)
 tenured generation   total 18046808K, used 17861505K [0x00007feaadb50000, 0x00007feefb326000, 0x00007ff558600000)
   the space 18046808K,  98% used [0x00007feaadb50000, 0x00007feeefe306c8, 0x00007feeefe30800, 0x00007feefb326000)
 Metaspace       used 24272K, capacity 24711K, committed 24832K, reserved 26624K
}
Event: 4602.350 GC heap after
{Heap after GC invocations=2083 (full 6):
 def new generation   total 8121088K, used 397187K [0x00007fe558600000, 0x00007fe77f1f0000, 0x00007feaadb50000)
  eden space 7218752K,   0% used [0x00007fe558600000, 0x00007fe558600000, 0x00007fe710f90000)
  from space 902336K,  44% used [0x00007fe710f90000, 0x00007fe729370d50, 0x00007fe7480c0000)
  to   space 902336K,   0% used [0x00007fe7480c0000, 0x00007fe7480c0000, 0x00007fe77f1f0000)
 tenured generation   total 18046808K, used 17888980K [0x00007feaadb50000, 0x00007feefb326000, 0x00007ff558600000)
   the space 18046808K,  99% used [0x00007feaadb50000, 0x00007feef1905150, 0x00007feef1905200, 0x00007feefb326000)
 Metaspace       used 24272K, capacity 24711K, committed 24832K, reserved 26624K
}
Event: 4609.182 GC heap before
{Heap before GC invocations=2083 (full 6):
 def new generation   total 8121088K, used 7615939K [0x00007fe558600000, 0x00007fe77f1f0000, 0x00007feaadb50000)
  eden space 7218752K, 100% used [0x00007fe558600000, 0x00007fe710f90000, 0x00007fe710f90000)
  from space 902336K,  44% used [0x00007fe710f90000, 0x00007fe729370d50, 0x00007fe7480c0000)
  to   space 902336K,   0% used [0x00007fe7480c0000, 0x00007fe7480c0000, 0x00007fe77f1f0000)
 tenured generation   total 18046808K, used 17888980K [0x00007feaadb50000, 0x00007feefb326000, 0x00007ff558600000)
   the space 18046808K,  99% used [0x00007feaadb50000, 0x00007feef1905150, 0x00007feef1905200, 0x00007feefb326000)
 Metaspace       used 24272K, capacity 24711K, committed 24832K, reserved 26624K
}
Event: 4609.865 GC heap after
{Heap after GC invocations=2084 (full 6):
 def new generation   total 8121088K, used 400816K [0x00007fe558600000, 0x00007fe77f1f0000, 0x00007feaadb50000)
  eden space 7218752K,   0% used [0x00007fe558600000, 0x00007fe558600000, 0x00007fe710f90000)
  from space 902336K,  44% used [0x00007fe7480c0000, 0x00007fe76082c098, 0x00007fe77f1f0000)
  to   space 902336K,   0% used [0x00007fe710f90000, 0x00007fe710f90000, 0x00007fe7480c0000)
 tenured generation   total 18046808K, used 17914874K [0x00007feaadb50000, 0x00007feefb326000, 0x00007ff558600000)
   the space 18046808K,  99% used [0x00007feaadb50000, 0x00007feef324e9b0, 0x00007feef324ea00, 0x00007feefb326000)
 Metaspace       used 24272K, capacity 24711K, committed 24832K, reserved 26624K
}
Event: 4616.749 GC heap before
{Heap before GC invocations=2084 (full 6):
 def new generation   total 8121088K, used 7619568K [0x00007fe558600000, 0x00007fe77f1f0000, 0x00007feaadb50000)
  eden space 7218752K, 100% used [0x00007fe558600000, 0x00007fe710f90000, 0x00007fe710f90000)
  from space 902336K,  44% used [0x00007fe7480c0000, 0x00007fe76082c098, 0x00007fe77f1f0000)
  to   space 902336K,   0% used [0x00007fe710f90000, 0x00007fe710f90000, 0x00007fe7480c0000)
 tenured generation   total 18046808K, used 17914874K [0x00007feaadb50000, 0x00007feefb326000, 0x00007ff558600000)
   the space 18046808K,  99% used [0x00007feaadb50000, 0x00007feef324e9b0, 0x00007feef324ea00, 0x00007feefb326000)
 Metaspace       used 24272K, capacity 24711K, committed 24832K, reserved 26624K
}
Event: 4617.434 GC heap after
{Heap after GC invocations=2085 (full 6):
 def new generation   total 8121088K, used 394841K [0x00007fe558600000, 0x00007fe77f1f0000, 0x00007feaadb50000)
  eden space 7218752K,   0% used [0x00007fe558600000, 0x00007fe558600000, 0x00007fe710f90000)
  from space 902336K,  43% used [0x00007fe710f90000, 0x00007fe7291267b8, 0x00007fe7480c0000)
  to   space 902336K,   0% used [0x00007fe7480c0000, 0x00007fe7480c0000, 0x00007fe77f1f0000)
 tenured generation   total 18046808K, used 17943874K [0x00007feaadb50000, 0x00007feefb326000, 0x00007ff558600000)
   the space 18046808K,  99% used [0x00007feaadb50000, 0x00007feef4ea0b98, 0x00007feef4ea0c00, 0x00007feefb326000)
 Metaspace       used 24272K, capacity 24711K, committed 24832K, reserved 26624K
}
Event: 4623.616 GC heap before
{Heap before GC invocations=2085 (full 6):
 def new generation   total 8121088K, used 7613593K [0x00007fe558600000, 0x00007fe77f1f0000, 0x00007feaadb50000)
  eden space 7218752K, 100% used [0x00007fe558600000, 0x00007fe710f90000, 0x00007fe710f90000)
  from space 902336K,  43% used [0x00007fe710f90000, 0x00007fe7291267b8, 0x00007fe7480c0000)
  to   space 902336K,   0% used [0x00007fe7480c0000, 0x00007fe7480c0000, 0x00007fe77f1f0000)
 tenured generation   total 18046808K, used 17943874K [0x00007feaadb50000, 0x00007feefb326000, 0x00007ff558600000)
   the space 18046808K,  99% used [0x00007feaadb50000, 0x00007feef4ea0b98, 0x00007feef4ea0c00, 0x00007feefb326000)
 Metaspace       used 24272K, capacity 24711K, committed 24832K, reserved 26624K
}
Event: 4624.473 GC heap after
{Heap after GC invocations=2086 (full 6):
 def new generation   total 8121088K, used 393045K [0x00007fe558600000, 0x00007fe77f1f0000, 0x00007feaadb50000)
  eden space 7218752K,   0% used [0x00007fe558600000, 0x00007fe558600000, 0x00007fe710f90000)
  from space 902336K,  43% used [0x00007fe7480c0000, 0x00007fe760095630, 0x00007fe77f1f0000)
  to   space 902336K,   0% used [0x00007fe710f90000, 0x00007fe710f90000, 0x00007fe7480c0000)
 tenured generation   total 18046808K, used 17976138K [0x00007feaadb50000, 0x00007feefb326000, 0x00007ff558600000)
   the space 18046808K,  99% used [0x00007feaadb50000, 0x00007feef6e22b50, 0x00007feef6e22c00, 0x00007feefb326000)
 Metaspace       used 24272K, capacity 24711K, committed 24832K, reserved 26624K
}
Event: 4630.553 GC heap before
{Heap before GC invocations=2086 (full 6):
 def new generation   total 8121088K, used 7611797K [0x00007fe558600000, 0x00007fe77f1f0000, 0x00007feaadb50000)
  eden space 7218752K, 100% used [0x00007fe558600000, 0x00007fe710f90000, 0x00007fe710f90000)
  from space 902336K,  43% used [0x00007fe7480c0000, 0x00007fe760095630, 0x00007fe77f1f0000)
  to   space 902336K,   0% used [0x00007fe710f90000, 0x00007fe710f90000, 0x00007fe7480c0000)
 tenured generation   total 18046808K, used 17976138K [0x00007feaadb50000, 0x00007feefb326000, 0x00007ff558600000)
   the space 18046808K,  99% used [0x00007feaadb50000, 0x00007feef6e22b50, 0x00007feef6e22c00, 0x00007feefb326000)
 Metaspace       used 24272K, capacity 24711K, committed 24832K, reserved 26624K
}
Event: 4631.183 GC heap after
{Heap after GC invocations=2087 (full 6):
 def new generation   total 8121088K, used 393594K [0x00007fe558600000, 0x00007fe77f1f0000, 0x00007feaadb50000)
  eden space 7218752K,   0% used [0x00007fe558600000, 0x00007fe558600000, 0x00007fe710f90000)
  from space 902336K,  43% used [0x00007fe710f90000, 0x00007fe728fee808, 0x00007fe7480c0000)
  to   space 902336K,   0% used [0x00007fe7480c0000, 0x00007fe7480c0000, 0x00007fe77f1f0000)
 tenured generation   total 18046808K, used 17999401K [0x00007feaadb50000, 0x00007feefb326000, 0x00007ff558600000)
   the space 18046808K,  99% used [0x00007feaadb50000, 0x00007feef84da4a8, 0x00007feef84da600, 0x00007feefb326000)
 Metaspace       used 24272K, capacity 24711K, committed 24832K, reserved 26624K
}
Event: 4637.277 GC heap before
{Heap before GC invocations=2087 (full 6):
 def new generation   total 8121088K, used 7612346K [0x00007fe558600000, 0x00007fe77f1f0000, 0x00007feaadb50000)
  eden space 7218752K, 100% used [0x00007fe558600000, 0x00007fe710f90000, 0x00007fe710f90000)
  from space 902336K,  43% used [0x00007fe710f90000, 0x00007fe728fee808, 0x00007fe7480c0000)
  to   space 902336K,   0% used [0x00007fe7480c0000, 0x00007fe7480c0000, 0x00007fe77f1f0000)
 tenured generation   total 18046808K, used 17999401K [0x00007feaadb50000, 0x00007feefb326000, 0x00007ff558600000)
   the space 18046808K,  99% used [0x00007feaadb50000, 0x00007feef84da4a8, 0x00007feef84da600, 0x00007feefb326000)
 Metaspace       used 24272K, capacity 24711K, committed 24832K, reserved 26624K
}
Event: 4637.971 GC heap after
{Heap after GC invocations=2088 (full 6):
 def new generation   total 8121088K, used 395129K [0x00007fe558600000, 0x00007fe77f1f0000, 0x00007feaadb50000)
  eden space 7218752K,   0% used [0x00007fe558600000, 0x00007fe558600000, 0x00007fe710f90000)
  from space 902336K,  43% used [0x00007fe7480c0000, 0x00007fe76029e448, 0x00007fe77f1f0000)
  to   space 902336K,   0% used [0x00007fe710f90000, 0x00007fe710f90000, 0x00007fe7480c0000)
 tenured generation   total 18046808K, used 18025454K [0x00007feaadb50000, 0x00007feefb326000, 0x00007ff558600000)
   the space 18046808K,  99% used [0x00007feaadb50000, 0x00007feef9e4b970, 0x00007feef9e4ba00, 0x00007feefb326000)
 Metaspace       used 24272K, capacity 24711K, committed 24832K, reserved 26624K
}
Event: 4644.005 GC heap before
{Heap before GC invocations=2088 (full 6):
 def new generation   total 8121088K, used 7613881K [0x00007fe558600000, 0x00007fe77f1f0000, 0x00007feaadb50000)
  eden space 7218752K, 100% used [0x00007fe558600000, 0x00007fe710f90000, 0x00007fe710f90000)
  from space 902336K,  43% used [0x00007fe7480c0000, 0x00007fe76029e448, 0x00007fe77f1f0000)
  to   space 902336K,   0% used [0x00007fe710f90000, 0x00007fe710f90000, 0x00007fe7480c0000)
 tenured generation   total 18046808K, used 18025454K [0x00007feaadb50000, 0x00007feefb326000, 0x00007ff558600000)
   the space 18046808K,  99% used [0x00007feaadb50000, 0x00007feef9e4b970, 0x00007feef9e4ba00, 0x00007feefb326000)
 Metaspace       used 24272K, capacity 24711K, committed 24832K, reserved 26624K
}
Event: 4644.653 GC heap after
{Heap after GC invocations=2089 (full 6):
 def new generation   total 8121088K, used 400874K [0x00007fe558600000, 0x00007fe77f1f0000, 0x00007feaadb50000)
  eden space 7218752K,   0% used [0x00007fe558600000, 0x00007fe558600000, 0x00007fe710f90000)
  from space 902336K,  44% used [0x00007fe710f90000, 0x00007fe72970ab60, 0x00007fe7480c0000)
  to   space 902336K,   0% used [0x00007fe7480c0000, 0x00007fe7480c0000, 0x00007fe77f1f0000)
 tenured generation   total 18046808K, used 18042293K [0x00007feaadb50000, 0x00007feefb326000, 0x00007ff558600000)
   the space 18046808K,  99% used [0x00007feaadb50000, 0x00007feefaebd528, 0x00007feefaebd600, 0x00007feefb326000)
 Metaspace       used 24272K, capacity 24711K, committed 24832K, reserved 26624K
}
Event: 4651.152 GC heap before
{Heap before GC invocations=2089 (full 6):
 def new generation   total 8121088K, used 7619626K [0x00007fe558600000, 0x00007fe77f1f0000, 0x00007feaadb50000)
  eden space 7218752K, 100% used [0x00007fe558600000, 0x00007fe710f90000, 0x00007fe710f90000)
  from space 902336K,  44% used [0x00007fe710f90000, 0x00007fe72970ab60, 0x00007fe7480c0000)
  to   space 902336K,   0% used [0x00007fe7480c0000, 0x00007fe7480c0000, 0x00007fe77f1f0000)
 tenured generation   total 18046808K, used 18042293K [0x00007feaadb50000, 0x00007feefb326000, 0x00007ff558600000)
   the space 18046808K,  99% used [0x00007feaadb50000, 0x00007feefaebd528, 0x00007feefaebd600, 0x00007feefb326000)
 Metaspace       used 24272K, capacity 24711K, committed 24832K, reserved 26624K
}
Event: 4651.808 GC heap after
{Heap after GC invocations=2090 (full 6):
 def new generation   total 8121088K, used 397608K [0x00007fe558600000, 0x00007fe77f1f0000, 0x00007feaadb50000)
  eden space 7218752K,   0% used [0x00007fe558600000, 0x00007fe558600000, 0x00007fe710f90000)
  from space 902336K,  44% used [0x00007fe7480c0000, 0x00007fe76050a120, 0x00007fe77f1f0000)
  to   space 902336K,   0% used [0x00007fe710f90000, 0x00007fe710f90000, 0x00007fe7480c0000)
 tenured generation   total 18068504K, used 18068344K [0x00007feaadb50000, 0x00007feefc856000, 0x00007ff558600000)
   the space 18068504K,  99% used [0x00007feaadb50000, 0x00007feefc82e3a8, 0x00007feefc82e400, 0x00007feefc856000)
 Metaspace       used 24272K, capacity 24711K, committed 24832K, reserved 26624K
}
Event: 4651.808 GC heap before
{Heap before GC invocations=2090 (full 6):
 def new generation   total 8121088K, used 397608K [0x00007fe558600000, 0x00007fe77f1f0000, 0x00007feaadb50000)
  eden space 7218752K,   0% used [0x00007fe558600000, 0x00007fe558600000, 0x00007fe710f90000)
  from space 902336K,  44% used [0x00007fe7480c0000, 0x00007fe76050a120, 0x00007fe77f1f0000)
  to   space 902336K,   0% used [0x00007fe710f90000, 0x00007fe710f90000, 0x00007fe7480c0000)
 tenured generation   total 18068504K, used 18068344K [0x00007feaadb50000, 0x00007feefc856000, 0x00007ff558600000)
   the space 18068504K,  99% used [0x00007feaadb50000, 0x00007feefc82e3a8, 0x00007feefc82e400, 0x00007feefc856000)
 Metaspace       used 24272K, capacity 24711K, committed 24832K, reserved 26624K
}

