# JRE version: OpenJDK Runtime Environment (13.0.7+5) (build 13.0.7+5-Ubuntu-0ubuntu120.04)
# Java VM: OpenJDK 64-Bit Server VM (13.0.7+5-Ubuntu-0ubuntu120.04, mixed mode, tiered, serial gc, linux-amd64)
Heap:
 def new generation   total 629248K, used 0K [0x00007f2f30600000, 0x00007f2f5b0c0000, 0x00007f3485b50000)
  eden space 559360K,   0% used [0x00007f2f30600000, 0x00007f2f30600000, 0x00007f2f52840000)
  from space 69888K,   0% used [0x00007f2f52840000, 0x00007f2f52840000, 0x00007f2f56c80000)
  to   space 69888K,   0% used [0x00007f2f56c80000, 0x00007f2f56c80000, 0x00007f2f5b0c0000)
 tenured generation   total 9786756K, used 277986K [0x00007f3485b50000, 0x00007f36db0b1000, 0x00007f3f30600000)
   the space 9786756K,   2% used [0x00007f3485b50000, 0x00007f3496ac8848, 0x00007f3496ac8a00, 0x00007f36db0b1000)
 Metaspace       used 23306K, capacity 23678K, committed 23808K, reserved 24576K
GC Heap History (20 events):
Event: 11.909 GC heap after
{Heap after GC invocations=1 (full 1):
 def new generation   total 629248K, used 0K [0x00007f2f30600000, 0x00007f2f5b0c0000, 0x00007f3485b50000)
  eden space 559360K,   0% used [0x00007f2f30600000, 0x00007f2f30600000, 0x00007f2f52840000)
  from space 69888K,   0% used [0x00007f2f52840000, 0x00007f2f52840000, 0x00007f2f56c80000)
  to   space 69888K,   0% used [0x00007f2f56c80000, 0x00007f2f56c80000, 0x00007f2f5b0c0000)
 tenured generation   total 1398144K, used 13582K [0x00007f3485b50000, 0x00007f34db0b0000, 0x00007f3f30600000)
   the space 1398144K,   0% used [0x00007f3485b50000, 0x00007f3486893970, 0x00007f3486893a00, 0x00007f34db0b0000)
 Metaspace       used 20916K, capacity 21208K, committed 21248K, reserved 22528K
}
Event: 13.848 GC heap before
{Heap before GC invocations=1 (full 1):
 def new generation   total 629248K, used 559360K [0x00007f2f30600000, 0x00007f2f5b0c0000, 0x00007f3485b50000)
  eden space 559360K, 100% used [0x00007f2f30600000, 0x00007f2f52840000, 0x00007f2f52840000)
  from space 69888K,   0% used [0x00007f2f52840000, 0x00007f2f52840000, 0x00007f2f56c80000)
  to   space 69888K,   0% used [0x00007f2f56c80000, 0x00007f2f56c80000, 0x00007f2f5b0c0000)
 tenured generation   total 1398144K, used 13582K [0x00007f3485b50000, 0x00007f34db0b0000, 0x00007f3f30600000)
   the space 1398144K,   0% used [0x00007f3485b50000, 0x00007f3486893970, 0x00007f3486893a00, 0x00007f34db0b0000)
 Metaspace       used 23036K, capacity 23389K, committed 23552K, reserved 24576K
}
Event: 13.857 GC heap after
{Heap after GC invocations=2 (full 1):
 def new generation   total 629248K, used 723K [0x00007f2f30600000, 0x00007f2f5b0c0000, 0x00007f3485b50000)
  eden space 559360K,   0% used [0x00007f2f30600000, 0x00007f2f30600000, 0x00007f2f52840000)
  from space 69888K,   1% used [0x00007f2f56c80000, 0x00007f2f56d34db8, 0x00007f2f5b0c0000)
  to   space 69888K,   0% used [0x00007f2f52840000, 0x00007f2f52840000, 0x00007f2f56c80000)
 tenured generation   total 1398144K, used 13582K [0x00007f3485b50000, 0x00007f34db0b0000, 0x00007f3f30600000)
   the space 1398144K,   0% used [0x00007f3485b50000, 0x00007f3486893970, 0x00007f3486893a00, 0x00007f34db0b0000)
 Metaspace       used 23036K, capacity 23389K, committed 23552K, reserved 24576K
}
Event: 15.233 GC heap before
{Heap before GC invocations=2 (full 1):
 def new generation   total 629248K, used 560083K [0x00007f2f30600000, 0x00007f2f5b0c0000, 0x00007f3485b50000)
  eden space 559360K, 100% used [0x00007f2f30600000, 0x00007f2f52840000, 0x00007f2f52840000)
  from space 69888K,   1% used [0x00007f2f56c80000, 0x00007f2f56d34db8, 0x00007f2f5b0c0000)
  to   space 69888K,   0% used [0x00007f2f52840000, 0x00007f2f52840000, 0x00007f2f56c80000)
 tenured generation   total 1398144K, used 13582K [0x00007f3485b50000, 0x00007f34db0b0000, 0x00007f3f30600000)
   the space 1398144K,   0% used [0x00007f3485b50000, 0x00007f3486893970, 0x00007f3486893a00, 0x00007f34db0b0000)
 Metaspace       used 23056K, capacity 23390K, committed 23552K, reserved 24576K
}
Event: 15.236 GC heap after
{Heap after GC invocations=3 (full 1):
 def new generation   total 629248K, used 944K [0x00007f2f30600000, 0x00007f2f5b0c0000, 0x00007f3485b50000)
  eden space 559360K,   0% used [0x00007f2f30600000, 0x00007f2f30600000, 0x00007f2f52840000)
  from space 69888K,   1% used [0x00007f2f52840000, 0x00007f2f5292c1a8, 0x00007f2f56c80000)
  to   space 69888K,   0% used [0x00007f2f56c80000, 0x00007f2f56c80000, 0x00007f2f5b0c0000)
 tenured generation   total 1398144K, used 13582K [0x00007f3485b50000, 0x00007f34db0b0000, 0x00007f3f30600000)
   the space 1398144K,   0% used [0x00007f3485b50000, 0x00007f3486893970, 0x00007f3486893a00, 0x00007f34db0b0000)
 Metaspace       used 23056K, capacity 23390K, committed 23552K, reserved 24576K
}
Event: 18.650 GC heap before
{Heap before GC invocations=3 (full 1):
 def new generation   total 629248K, used 535964K [0x00007f2f30600000, 0x00007f2f5b0c0000, 0x00007f3485b50000)
  eden space 559360K,  95% used [0x00007f2f30600000, 0x00007f2f5107b1f0, 0x00007f2f52840000)
  from space 69888K,   1% used [0x00007f2f52840000, 0x00007f2f5292c1a8, 0x00007f2f56c80000)
  to   space 69888K,   0% used [0x00007f2f56c80000, 0x00007f2f56c80000, 0x00007f2f5b0c0000)
 tenured generation   total 1398144K, used 13582K [0x00007f3485b50000, 0x00007f34db0b0000, 0x00007f3f30600000)
   the space 1398144K,   0% used [0x00007f3485b50000, 0x00007f3486893970, 0x00007f3486893a00, 0x00007f34db0b0000)
 Metaspace       used 23246K, capacity 23605K, committed 23808K, reserved 24576K
}
Event: 19.639 GC heap after
{Heap after GC invocations=4 (full 1):
 def new generation   total 629248K, used 67320K [0x00007f2f30600000, 0x00007f2f5b0c0000, 0x00007f3485b50000)
  eden space 559360K,   0% used [0x00007f2f30600000, 0x00007f2f30600000, 0x00007f2f52840000)
  from space 69888K,  96% used [0x00007f2f56c80000, 0x00007f2f5ae3e0d8, 0x00007f2f5b0c0000)
  to   space 69888K,   0% used [0x00007f2f52840000, 0x00007f2f52840000, 0x00007f2f56c80000)
 tenured generation   total 1398144K, used 13582K [0x00007f3485b50000, 0x00007f34db0b0000, 0x00007f3f30600000)
   the space 1398144K,   0% used [0x00007f3485b50000, 0x00007f3486893970, 0x00007f3486893a00, 0x00007f34db0b0000)
 Metaspace       used 23246K, capacity 23605K, committed 23808K, reserved 24576K
}
Event: 19.721 GC heap before
{Heap before GC invocations=4 (full 1):
 def new generation   total 629248K, used 146179K [0x00007f2f30600000, 0x00007f2f5b0c0000, 0x00007f3485b50000)
  eden space 559360K,  14% used [0x00007f2f30600000, 0x00007f2f35302b70, 0x00007f2f52840000)
  from space 69888K,  96% used [0x00007f2f56c80000, 0x00007f2f5ae3e0d8, 0x00007f2f5b0c0000)
  to   space 69888K,   0% used [0x00007f2f52840000, 0x00007f2f52840000, 0x00007f2f56c80000)
 tenured generation   total 1398144K, used 13582K [0x00007f3485b50000, 0x00007f34db0b0000, 0x00007f3f30600000)
   the space 1398144K,   0% used [0x00007f3485b50000, 0x00007f3486893970, 0x00007f3486893a00, 0x00007f34db0b0000)
 Metaspace       used 23249K, capacity 23605K, committed 23808K, reserved 24576K
}
Event: 19.724 GC heap after
{Heap after GC invocations=5 (full 1):
 def new generation   total 629248K, used 0K [0x00007f2f30600000, 0x00007f2f5b0c0000, 0x00007f3485b50000)
  eden space 559360K,   0% used [0x00007f2f30600000, 0x00007f2f30600000, 0x00007f2f52840000)
  from space 69888K,   0% used [0x00007f2f52840000, 0x00007f2f528403b8, 0x00007f2f56c80000)
  to   space 69888K,   0% used [0x00007f2f56c80000, 0x00007f2f56c80000, 0x00007f2f5b0c0000)
 tenured generation   total 1398144K, used 14852K [0x00007f3485b50000, 0x00007f34db0b0000, 0x00007f3f30600000)
   the space 1398144K,   1% used [0x00007f3485b50000, 0x00007f34869d1288, 0x00007f34869d1400, 0x00007f34db0b0000)
 Metaspace       used 23249K, capacity 23605K, committed 23808K, reserved 24576K
}
Event: 19.724 GC heap before
{Heap before GC invocations=5 (full 1):
 def new generation   total 629248K, used 0K [0x00007f2f30600000, 0x00007f2f5b0c0000, 0x00007f3485b50000)
  eden space 559360K,   0% used [0x00007f2f30600000, 0x00007f2f30600000, 0x00007f2f52840000)
  from space 69888K,   0% used [0x00007f2f52840000, 0x00007f2f528403b8, 0x00007f2f56c80000)
  to   space 69888K,   0% used [0x00007f2f56c80000, 0x00007f2f56c80000, 0x00007f2f5b0c0000)
 tenured generation   total 1398144K, used 14852K [0x00007f3485b50000, 0x00007f34db0b0000, 0x00007f3f30600000)
   the space 1398144K,   1% used [0x00007f3485b50000, 0x00007f34869d1288, 0x00007f34869d1400, 0x00007f34db0b0000)
 Metaspace       used 23249K, capacity 23605K, committed 23808K, reserved 24576K
}
Event: 19.760 GC heap after
{Heap after GC invocations=5 (full 2):
 def new generation   total 629248K, used 0K [0x00007f2f30600000, 0x00007f2f5b0c0000, 0x00007f3485b50000)
  eden space 559360K,   0% used [0x00007f2f30600000, 0x00007f2f30600000, 0x00007f2f52840000)
  from space 69888K,   0% used [0x00007f2f52840000, 0x00007f2f52840000, 0x00007f2f56c80000)
  to   space 69888K,   0% used [0x00007f2f56c80000, 0x00007f2f56c80000, 0x00007f2f5b0c0000)
 tenured generation   total 1398144K, used 14853K [0x00007f3485b50000, 0x00007f34db0b0000, 0x00007f3f30600000)
   the space 1398144K,   1% used [0x00007f3485b50000, 0x00007f34869d1640, 0x00007f34869d1800, 0x00007f34db0b0000)
 Metaspace       used 23249K, capacity 23605K, committed 23808K, reserved 24576K
}
Event: 23.494 GC heap before
{Heap before GC invocations=5 (full 2):
 def new generation   total 629248K, used 559360K [0x00007f2f30600000, 0x00007f2f5b0c0000, 0x00007f3485b50000)
  eden space 559360K, 100% used [0x00007f2f30600000, 0x00007f2f52840000, 0x00007f2f52840000)
  from space 69888K,   0% used [0x00007f2f52840000, 0x00007f2f52840000, 0x00007f2f56c80000)
  to   space 69888K,   0% used [0x00007f2f56c80000, 0x00007f2f56c80000, 0x00007f2f5b0c0000)
 tenured generation   total 9786756K, used 8403461K [0x00007f3485b50000, 0x00007f36db0b1000, 0x00007f3f30600000)
   the space 9786756K,  85% used [0x00007f3485b50000, 0x00007f36869d1658, 0x00007f36869d1800, 0x00007f36db0b1000)
 Metaspace       used 23289K, capacity 23673K, committed 23808K, reserved 24576K
}
Event: 23.505 GC heap after
{Heap after GC invocations=6 (full 2):
 def new generation   total 629248K, used 390K [0x00007f2f30600000, 0x00007f2f5b0c0000, 0x00007f3485b50000)
  eden space 559360K,   0% used [0x00007f2f30600000, 0x00007f2f30600000, 0x00007f2f52840000)
  from space 69888K,   0% used [0x00007f2f56c80000, 0x00007f2f56ce1918, 0x00007f2f5b0c0000)
  to   space 69888K,   0% used [0x00007f2f52840000, 0x00007f2f52840000, 0x00007f2f56c80000)
 tenured generation   total 9786756K, used 8403461K [0x00007f3485b50000, 0x00007f36db0b1000, 0x00007f3f30600000)
   the space 9786756K,  85% used [0x00007f3485b50000, 0x00007f36869d1658, 0x00007f36869d1800, 0x00007f36db0b1000)
 Metaspace       used 23289K, capacity 23673K, committed 23808K, reserved 24576K
}
Event: 24.033 GC heap before
{Heap before GC invocations=6 (full 2):
 def new generation   total 629248K, used 559750K [0x00007f2f30600000, 0x00007f2f5b0c0000, 0x00007f3485b50000)
  eden space 559360K, 100% used [0x00007f2f30600000, 0x00007f2f52840000, 0x00007f2f52840000)
  from space 69888K,   0% used [0x00007f2f56c80000, 0x00007f2f56ce1918, 0x00007f2f5b0c0000)
  to   space 69888K,   0% used [0x00007f2f52840000, 0x00007f2f52840000, 0x00007f2f56c80000)
 tenured generation   total 9786756K, used 8403461K [0x00007f3485b50000, 0x00007f36db0b1000, 0x00007f3f30600000)
   the space 9786756K,  85% used [0x00007f3485b50000, 0x00007f36869d1658, 0x00007f36869d1800, 0x00007f36db0b1000)
 Metaspace       used 23289K, capacity 23673K, committed 23808K, reserved 24576K
}
Event: 24.038 GC heap after
{Heap after GC invocations=7 (full 2):
 def new generation   total 629248K, used 694K [0x00007f2f30600000, 0x00007f2f5b0c0000, 0x00007f3485b50000)
  eden space 559360K,   0% used [0x00007f2f30600000, 0x00007f2f30600000, 0x00007f2f52840000)
  from space 69888K,   0% used [0x00007f2f52840000, 0x00007f2f528ed9a8, 0x00007f2f56c80000)
  to   space 69888K,   0% used [0x00007f2f56c80000, 0x00007f2f56c80000, 0x00007f2f5b0c0000)
 tenured generation   total 9786756K, used 8403461K [0x00007f3485b50000, 0x00007f36db0b1000, 0x00007f3f30600000)
   the space 9786756K,  85% used [0x00007f3485b50000, 0x00007f36869d1658, 0x00007f36869d1800, 0x00007f36db0b1000)
 Metaspace       used 23289K, capacity 23673K, committed 23808K, reserved 24576K
}
Event: 24.526 GC heap before
{Heap before GC invocations=7 (full 2):
 def new generation   total 629248K, used 541787K [0x00007f2f30600000, 0x00007f2f5b0c0000, 0x00007f3485b50000)
  eden space 559360K,  96% used [0x00007f2f30600000, 0x00007f2f51669578, 0x00007f2f52840000)
  from space 69888K,   0% used [0x00007f2f52840000, 0x00007f2f528ed9a8, 0x00007f2f56c80000)
  to   space 69888K,   0% used [0x00007f2f56c80000, 0x00007f2f56c80000, 0x00007f2f5b0c0000)
 tenured generation   total 9786756K, used 8403461K [0x00007f3485b50000, 0x00007f36db0b1000, 0x00007f3f30600000)
   the space 9786756K,  85% used [0x00007f3485b50000, 0x00007f36869d1658, 0x00007f36869d1800, 0x00007f36db0b1000)
 Metaspace       used 23302K, capacity 23678K, committed 23808K, reserved 24576K
}
Event: 24.606 GC heap after
{Heap after GC invocations=8 (full 2):
 def new generation   total 629248K, used 66486K [0x00007f2f30600000, 0x00007f2f5b0c0000, 0x00007f3485b50000)
  eden space 559360K,   0% used [0x00007f2f30600000, 0x00007f2f30600000, 0x00007f2f52840000)
  from space 69888K,  95% used [0x00007f2f56c80000, 0x00007f2f5ad6d818, 0x00007f2f5b0c0000)
  to   space 69888K,   0% used [0x00007f2f52840000, 0x00007f2f52840000, 0x00007f2f56c80000)
 tenured generation   total 9786756K, used 8468997K [0x00007f3485b50000, 0x00007f36db0b1000, 0x00007f3f30600000)
   the space 9786756K,  86% used [0x00007f3485b50000, 0x00007f368a9d1670, 0x00007f368a9d1800, 0x00007f36db0b1000)
 Metaspace       used 23302K, capacity 23678K, committed 23808K, reserved 24576K
}
Event: 24.982 GC heap before
{Heap before GC invocations=8 (full 2):
 def new generation   total 629248K, used 518684K [0x00007f2f30600000, 0x00007f2f5b0c0000, 0x00007f3485b50000)
  eden space 559360K,  80% used [0x00007f2f30600000, 0x00007f2f4bf99940, 0x00007f2f52840000)
  from space 69888K,  95% used [0x00007f2f56c80000, 0x00007f2f5ad6d818, 0x00007f2f5b0c0000)
  to   space 69888K,   0% used [0x00007f2f52840000, 0x00007f2f52840000, 0x00007f2f56c80000)
 tenured generation   total 9786756K, used 8468997K [0x00007f3485b50000, 0x00007f36db0b1000, 0x00007f3f30600000)
   the space 9786756K,  86% used [0x00007f3485b50000, 0x00007f368a9d1670, 0x00007f368a9d1800, 0x00007f36db0b1000)
 Metaspace       used 23306K, capacity 23678K, committed 23808K, reserved 24576K
}
Event: 25.123 GC heap after
{Heap after GC invocations=9 (full 2):
 def new generation   total 629248K, used 88K [0x00007f2f30600000, 0x00007f2f5b0c0000, 0x00007f3485b50000)
  eden space 559360K,   0% used [0x00007f2f30600000, 0x00007f2f30600000, 0x00007f2f52840000)
  from space 69888K,   0% used [0x00007f2f52840000, 0x00007f2f52856278, 0x00007f2f56c80000)
  to   space 69888K,   0% used [0x00007f2f56c80000, 0x00007f2f56c80000, 0x00007f2f5b0c0000)
 tenured generation   total 9786756K, used 8732041K [0x00007f3485b50000, 0x00007f36db0b1000, 0x00007f3f30600000)
   the space 9786756K,  89% used [0x00007f3485b50000, 0x00007f369aab27e8, 0x00007f369aab2800, 0x00007f36db0b1000)
 Metaspace       used 23306K, capacity 23678K, committed 23808K, reserved 24576K
}
Event: 25.123 GC heap before
{Heap before GC invocations=9 (full 2):
 def new generation   total 629248K, used 88K [0x00007f2f30600000, 0x00007f2f5b0c0000, 0x00007f3485b50000)
  eden space 559360K,   0% used [0x00007f2f30600000, 0x00007f2f30600000, 0x00007f2f52840000)
  from space 69888K,   0% used [0x00007f2f52840000, 0x00007f2f52856278, 0x00007f2f56c80000)
  to   space 69888K,   0% used [0x00007f2f56c80000, 0x00007f2f56c80000, 0x00007f2f5b0c0000)
 tenured generation   total 9786756K, used 8732041K [0x00007f3485b50000, 0x00007f36db0b1000, 0x00007f3f30600000)
   the space 9786756K,  89% used [0x00007f3485b50000, 0x00007f369aab27e8, 0x00007f369aab2800, 0x00007f36db0b1000)
 Metaspace       used 23306K, capacity 23678K, committed 23808K, reserved 24576K
}

