# JRE version: OpenJDK Runtime Environment (13.0.7+5) (build 13.0.7+5-Ubuntu-0ubuntu120.04)
# Java VM: OpenJDK 64-Bit Server VM (13.0.7+5-Ubuntu-0ubuntu120.04, mixed mode, tiered, serial gc, linux-amd64)
Heap:
 def new generation   total 1757696K, used 99099K [0x00007f4e1c600000, 0x00007f4e93930000, 0x00007f5371b50000)
  eden space 1562432K,   6% used [0x00007f4e1c600000, 0x00007f4e226c6c10, 0x00007f4e7bbd0000)
  from space 195264K,   0% used [0x00007f4e87a80000, 0x00007f4e87a80000, 0x00007f4e93930000)
  to   space 195264K,   0% used [0x00007f4e7bbd0000, 0x00007f4e7bbd0000, 0x00007f4e87a80000)
 tenured generation   total 3910232K, used 3910226K [0x00007f5371b50000, 0x00007f54605e6000, 0x00007f5e1c600000)
   the space 3910232K,  99% used [0x00007f5371b50000, 0x00007f54605e4a60, 0x00007f54605e4c00, 0x00007f54605e6000)
 Metaspace       used 24244K, capacity 24646K, committed 24832K, reserved 26624K
GC Heap History (20 events):
Event: 667.570 GC heap after
{Heap after GC invocations=678 (full 3):
 def new generation   total 1757696K, used 97851K [0x00007f4e1c600000, 0x00007f4e93930000, 0x00007f5371b50000)
  eden space 1562432K,   0% used [0x00007f4e1c600000, 0x00007f4e1c600000, 0x00007f4e7bbd0000)
  from space 195264K,  50% used [0x00007f4e7bbd0000, 0x00007f4e81b5efc8, 0x00007f4e87a80000)
  to   space 195264K,   0% used [0x00007f4e87a80000, 0x00007f4e87a80000, 0x00007f4e93930000)
 tenured generation   total 3905816K, used 3822762K [0x00007f5371b50000, 0x00007f5460196000, 0x00007f5e1c600000)
   the space 3905816K,  97% used [0x00007f5371b50000, 0x00007f545b07a838, 0x00007f545b07aa00, 0x00007f5460196000)
 Metaspace       used 24244K, capacity 24646K, committed 24832K, reserved 26624K
}
Event: 669.114 GC heap before
{Heap before GC invocations=678 (full 3):
 def new generation   total 1757696K, used 1660283K [0x00007f4e1c600000, 0x00007f4e93930000, 0x00007f5371b50000)
  eden space 1562432K, 100% used [0x00007f4e1c600000, 0x00007f4e7bbd0000, 0x00007f4e7bbd0000)
  from space 195264K,  50% used [0x00007f4e7bbd0000, 0x00007f4e81b5efc8, 0x00007f4e87a80000)
  to   space 195264K,   0% used [0x00007f4e87a80000, 0x00007f4e87a80000, 0x00007f4e93930000)
 tenured generation   total 3905816K, used 3822762K [0x00007f5371b50000, 0x00007f5460196000, 0x00007f5e1c600000)
   the space 3905816K,  97% used [0x00007f5371b50000, 0x00007f545b07a838, 0x00007f545b07aa00, 0x00007f5460196000)
 Metaspace       used 24244K, capacity 24646K, committed 24832K, reserved 26624K
}
Event: 669.316 GC heap after
{Heap after GC invocations=679 (full 3):
 def new generation   total 1757696K, used 97165K [0x00007f4e1c600000, 0x00007f4e93930000, 0x00007f5371b50000)
  eden space 1562432K,   0% used [0x00007f4e1c600000, 0x00007f4e1c600000, 0x00007f4e7bbd0000)
  from space 195264K,  49% used [0x00007f4e87a80000, 0x00007f4e8d963660, 0x00007f4e93930000)
  to   space 195264K,   0% used [0x00007f4e7bbd0000, 0x00007f4e7bbd0000, 0x00007f4e87a80000)
 tenured generation   total 3905816K, used 3833761K [0x00007f5371b50000, 0x00007f5460196000, 0x00007f5e1c600000)
   the space 3905816K,  98% used [0x00007f5371b50000, 0x00007f545bb38718, 0x00007f545bb38800, 0x00007f5460196000)
 Metaspace       used 24244K, capacity 24646K, committed 24832K, reserved 26624K
}
Event: 670.820 GC heap before
{Heap before GC invocations=679 (full 3):
 def new generation   total 1757696K, used 1659597K [0x00007f4e1c600000, 0x00007f4e93930000, 0x00007f5371b50000)
  eden space 1562432K, 100% used [0x00007f4e1c600000, 0x00007f4e7bbd0000, 0x00007f4e7bbd0000)
  from space 195264K,  49% used [0x00007f4e87a80000, 0x00007f4e8d963660, 0x00007f4e93930000)
  to   space 195264K,   0% used [0x00007f4e7bbd0000, 0x00007f4e7bbd0000, 0x00007f4e87a80000)
 tenured generation   total 3905816K, used 3833761K [0x00007f5371b50000, 0x00007f5460196000, 0x00007f5e1c600000)
   the space 3905816K,  98% used [0x00007f5371b50000, 0x00007f545bb38718, 0x00007f545bb38800, 0x00007f5460196000)
 Metaspace       used 24244K, capacity 24646K, committed 24832K, reserved 26624K
}
Event: 671.038 GC heap after
{Heap after GC invocations=680 (full 3):
 def new generation   total 1757696K, used 106658K [0x00007f4e1c600000, 0x00007f4e93930000, 0x00007f5371b50000)
  eden space 1562432K,   0% used [0x00007f4e1c600000, 0x00007f4e1c600000, 0x00007f4e7bbd0000)
  from space 195264K,  54% used [0x00007f4e7bbd0000, 0x00007f4e823f88c8, 0x00007f4e87a80000)
  to   space 195264K,   0% used [0x00007f4e87a80000, 0x00007f4e87a80000, 0x00007f4e93930000)
 tenured generation   total 3905816K, used 3833761K [0x00007f5371b50000, 0x00007f5460196000, 0x00007f5e1c600000)
   the space 3905816K,  98% used [0x00007f5371b50000, 0x00007f545bb38718, 0x00007f545bb38800, 0x00007f5460196000)
 Metaspace       used 24244K, capacity 24646K, committed 24832K, reserved 26624K
}
Event: 672.527 GC heap before
{Heap before GC invocations=680 (full 3):
 def new generation   total 1757696K, used 1669090K [0x00007f4e1c600000, 0x00007f4e93930000, 0x00007f5371b50000)
  eden space 1562432K, 100% used [0x00007f4e1c600000, 0x00007f4e7bbd0000, 0x00007f4e7bbd0000)
  from space 195264K,  54% used [0x00007f4e7bbd0000, 0x00007f4e823f88c8, 0x00007f4e87a80000)
  to   space 195264K,   0% used [0x00007f4e87a80000, 0x00007f4e87a80000, 0x00007f4e93930000)
 tenured generation   total 3905816K, used 3833761K [0x00007f5371b50000, 0x00007f5460196000, 0x00007f5e1c600000)
   the space 3905816K,  98% used [0x00007f5371b50000, 0x00007f545bb38718, 0x00007f545bb38800, 0x00007f5460196000)
 Metaspace       used 24244K, capacity 24646K, committed 24832K, reserved 26624K
}
Event: 672.760 GC heap after
{Heap after GC invocations=681 (full 3):
 def new generation   total 1757696K, used 103032K [0x00007f4e1c600000, 0x00007f4e93930000, 0x00007f5371b50000)
  eden space 1562432K,   0% used [0x00007f4e1c600000, 0x00007f4e1c600000, 0x00007f4e7bbd0000)
  from space 195264K,  52% used [0x00007f4e87a80000, 0x00007f4e8df1e3c0, 0x00007f4e93930000)
  to   space 195264K,   0% used [0x00007f4e7bbd0000, 0x00007f4e7bbd0000, 0x00007f4e87a80000)
 tenured generation   total 3905816K, used 3846643K [0x00007f5371b50000, 0x00007f5460196000, 0x00007f5e1c600000)
   the space 3905816K,  98% used [0x00007f5371b50000, 0x00007f545c7ccf98, 0x00007f545c7cd000, 0x00007f5460196000)
 Metaspace       used 24244K, capacity 24646K, committed 24832K, reserved 26624K
}
Event: 674.263 GC heap before
{Heap before GC invocations=681 (full 3):
 def new generation   total 1757696K, used 1665464K [0x00007f4e1c600000, 0x00007f4e93930000, 0x00007f5371b50000)
  eden space 1562432K, 100% used [0x00007f4e1c600000, 0x00007f4e7bbd0000, 0x00007f4e7bbd0000)
  from space 195264K,  52% used [0x00007f4e87a80000, 0x00007f4e8df1e3c0, 0x00007f4e93930000)
  to   space 195264K,   0% used [0x00007f4e7bbd0000, 0x00007f4e7bbd0000, 0x00007f4e87a80000)
 tenured generation   total 3905816K, used 3846643K [0x00007f5371b50000, 0x00007f5460196000, 0x00007f5e1c600000)
   the space 3905816K,  98% used [0x00007f5371b50000, 0x00007f545c7ccf98, 0x00007f545c7cd000, 0x00007f5460196000)
 Metaspace       used 24244K, capacity 24646K, committed 24832K, reserved 26624K
}
Event: 674.497 GC heap after
{Heap after GC invocations=682 (full 3):
 def new generation   total 1757696K, used 103559K [0x00007f4e1c600000, 0x00007f4e93930000, 0x00007f5371b50000)
  eden space 1562432K,   0% used [0x00007f4e1c600000, 0x00007f4e1c600000, 0x00007f4e7bbd0000)
  from space 195264K,  53% used [0x00007f4e7bbd0000, 0x00007f4e820f1f88, 0x00007f4e87a80000)
  to   space 195264K,   0% used [0x00007f4e87a80000, 0x00007f4e87a80000, 0x00007f4e93930000)
 tenured generation   total 3905816K, used 3857735K [0x00007f5371b50000, 0x00007f5460196000, 0x00007f5e1c600000)
   the space 3905816K,  98% used [0x00007f5371b50000, 0x00007f545d2a1c28, 0x00007f545d2a1e00, 0x00007f5460196000)
 Metaspace       used 24244K, capacity 24646K, committed 24832K, reserved 26624K
}
Event: 676.011 GC heap before
{Heap before GC invocations=682 (full 3):
 def new generation   total 1757696K, used 1665991K [0x00007f4e1c600000, 0x00007f4e93930000, 0x00007f5371b50000)
  eden space 1562432K, 100% used [0x00007f4e1c600000, 0x00007f4e7bbd0000, 0x00007f4e7bbd0000)
  from space 195264K,  53% used [0x00007f4e7bbd0000, 0x00007f4e820f1f88, 0x00007f4e87a80000)
  to   space 195264K,   0% used [0x00007f4e87a80000, 0x00007f4e87a80000, 0x00007f4e93930000)
 tenured generation   total 3905816K, used 3857735K [0x00007f5371b50000, 0x00007f5460196000, 0x00007f5e1c600000)
   the space 3905816K,  98% used [0x00007f5371b50000, 0x00007f545d2a1c28, 0x00007f545d2a1e00, 0x00007f5460196000)
 Metaspace       used 24244K, capacity 24646K, committed 24832K, reserved 26624K
}
Event: 676.220 GC heap after
{Heap after GC invocations=683 (full 3):
 def new generation   total 1757696K, used 105162K [0x00007f4e1c600000, 0x00007f4e93930000, 0x00007f5371b50000)
  eden space 1562432K,   0% used [0x00007f4e1c600000, 0x00007f4e1c600000, 0x00007f4e7bbd0000)
  from space 195264K,  53% used [0x00007f4e87a80000, 0x00007f4e8e132ac0, 0x00007f4e93930000)
  to   space 195264K,   0% used [0x00007f4e7bbd0000, 0x00007f4e7bbd0000, 0x00007f4e87a80000)
 tenured generation   total 3905816K, used 3867686K [0x00007f5371b50000, 0x00007f5460196000, 0x00007f5e1c600000)
   the space 3905816K,  99% used [0x00007f5371b50000, 0x00007f545dc59898, 0x00007f545dc59a00, 0x00007f5460196000)
 Metaspace       used 24244K, capacity 24646K, committed 24832K, reserved 26624K
}
Event: 677.744 GC heap before
{Heap before GC invocations=683 (full 3):
 def new generation   total 1757696K, used 1667594K [0x00007f4e1c600000, 0x00007f4e93930000, 0x00007f5371b50000)
  eden space 1562432K, 100% used [0x00007f4e1c600000, 0x00007f4e7bbd0000, 0x00007f4e7bbd0000)
  from space 195264K,  53% used [0x00007f4e87a80000, 0x00007f4e8e132ac0, 0x00007f4e93930000)
  to   space 195264K,   0% used [0x00007f4e7bbd0000, 0x00007f4e7bbd0000, 0x00007f4e87a80000)
 tenured generation   total 3905816K, used 3867686K [0x00007f5371b50000, 0x00007f5460196000, 0x00007f5e1c600000)
   the space 3905816K,  99% used [0x00007f5371b50000, 0x00007f545dc59898, 0x00007f545dc59a00, 0x00007f5460196000)
 Metaspace       used 24244K, capacity 24646K, committed 24832K, reserved 26624K
}
Event: 677.957 GC heap after
{Heap after GC invocations=684 (full 3):
 def new generation   total 1757696K, used 103845K [0x00007f4e1c600000, 0x00007f4e93930000, 0x00007f5371b50000)
  eden space 1562432K,   0% used [0x00007f4e1c600000, 0x00007f4e1c600000, 0x00007f4e7bbd0000)
  from space 195264K,  53% used [0x00007f4e7bbd0000, 0x00007f4e821394f0, 0x00007f4e87a80000)
  to   space 195264K,   0% used [0x00007f4e87a80000, 0x00007f4e87a80000, 0x00007f4e93930000)
 tenured generation   total 3905816K, used 3880568K [0x00007f5371b50000, 0x00007f5460196000, 0x00007f5e1c600000)
   the space 3905816K,  99% used [0x00007f5371b50000, 0x00007f545e8ee118, 0x00007f545e8ee200, 0x00007f5460196000)
 Metaspace       used 24244K, capacity 24646K, committed 24832K, reserved 26624K
}
Event: 679.480 GC heap before
{Heap before GC invocations=684 (full 3):
 def new generation   total 1757696K, used 1666277K [0x00007f4e1c600000, 0x00007f4e93930000, 0x00007f5371b50000)
  eden space 1562432K, 100% used [0x00007f4e1c600000, 0x00007f4e7bbd0000, 0x00007f4e7bbd0000)
  from space 195264K,  53% used [0x00007f4e7bbd0000, 0x00007f4e821394f0, 0x00007f4e87a80000)
  to   space 195264K,   0% used [0x00007f4e87a80000, 0x00007f4e87a80000, 0x00007f4e93930000)
 tenured generation   total 3905816K, used 3880568K [0x00007f5371b50000, 0x00007f5460196000, 0x00007f5e1c600000)
   the space 3905816K,  99% used [0x00007f5371b50000, 0x00007f545e8ee118, 0x00007f545e8ee200, 0x00007f5460196000)
 Metaspace       used 24244K, capacity 24646K, committed 24832K, reserved 26624K
}
Event: 679.719 GC heap after
{Heap after GC invocations=685 (full 3):
 def new generation   total 1757696K, used 105116K [0x00007f4e1c600000, 0x00007f4e93930000, 0x00007f5371b50000)
  eden space 1562432K,   0% used [0x00007f4e1c600000, 0x00007f4e1c600000, 0x00007f4e7bbd0000)
  from space 195264K,  53% used [0x00007f4e87a80000, 0x00007f4e8e1270d0, 0x00007f4e93930000)
  to   space 195264K,   0% used [0x00007f4e7bbd0000, 0x00007f4e7bbd0000, 0x00007f4e87a80000)
 tenured generation   total 3905816K, used 3891295K [0x00007f5371b50000, 0x00007f5460196000, 0x00007f5e1c600000)
   the space 3905816K,  99% used [0x00007f5371b50000, 0x00007f545f367e10, 0x00007f545f368000, 0x00007f5460196000)
 Metaspace       used 24244K, capacity 24646K, committed 24832K, reserved 26624K
}
Event: 681.012 GC heap before
{Heap before GC invocations=685 (full 3):
 def new generation   total 1757696K, used 1667548K [0x00007f4e1c600000, 0x00007f4e93930000, 0x00007f5371b50000)
  eden space 1562432K, 100% used [0x00007f4e1c600000, 0x00007f4e7bbd0000, 0x00007f4e7bbd0000)
  from space 195264K,  53% used [0x00007f4e87a80000, 0x00007f4e8e1270d0, 0x00007f4e93930000)
  to   space 195264K,   0% used [0x00007f4e7bbd0000, 0x00007f4e7bbd0000, 0x00007f4e87a80000)
 tenured generation   total 3905816K, used 3891295K [0x00007f5371b50000, 0x00007f5460196000, 0x00007f5e1c600000)
   the space 3905816K,  99% used [0x00007f5371b50000, 0x00007f545f367e10, 0x00007f545f368000, 0x00007f5460196000)
 Metaspace       used 24244K, capacity 24646K, committed 24832K, reserved 26624K
}
Event: 681.195 GC heap after
{Heap after GC invocations=686 (full 3):
 def new generation   total 1757696K, used 105277K [0x00007f4e1c600000, 0x00007f4e93930000, 0x00007f5371b50000)
  eden space 1562432K,   0% used [0x00007f4e1c600000, 0x00007f4e1c600000, 0x00007f4e7bbd0000)
  from space 195264K,  53% used [0x00007f4e7bbd0000, 0x00007f4e8229f7f8, 0x00007f4e87a80000)
  to   space 195264K,   0% used [0x00007f4e87a80000, 0x00007f4e87a80000, 0x00007f4e93930000)
 tenured generation   total 3905816K, used 3899366K [0x00007f5371b50000, 0x00007f5460196000, 0x00007f5e1c600000)
   the space 3905816K,  99% used [0x00007f5371b50000, 0x00007f545fb49b08, 0x00007f545fb49c00, 0x00007f5460196000)
 Metaspace       used 24244K, capacity 24646K, committed 24832K, reserved 26624K
}
Event: 682.560 GC heap before
{Heap before GC invocations=686 (full 3):
 def new generation   total 1757696K, used 1667709K [0x00007f4e1c600000, 0x00007f4e93930000, 0x00007f5371b50000)
  eden space 1562432K, 100% used [0x00007f4e1c600000, 0x00007f4e7bbd0000, 0x00007f4e7bbd0000)
  from space 195264K,  53% used [0x00007f4e7bbd0000, 0x00007f4e8229f7f8, 0x00007f4e87a80000)
  to   space 195264K,   0% used [0x00007f4e87a80000, 0x00007f4e87a80000, 0x00007f4e93930000)
 tenured generation   total 3905816K, used 3899366K [0x00007f5371b50000, 0x00007f5460196000, 0x00007f5e1c600000)
   the space 3905816K,  99% used [0x00007f5371b50000, 0x00007f545fb49b08, 0x00007f545fb49c00, 0x00007f5460196000)
 Metaspace       used 24244K, capacity 24646K, committed 24832K, reserved 26624K
}
Event: 682.768 GC heap after
{Heap after GC invocations=687 (full 3):
 def new generation   total 1757696K, used 104916K [0x00007f4e1c600000, 0x00007f4e93930000, 0x00007f5371b50000)
  eden space 1562432K,   0% used [0x00007f4e1c600000, 0x00007f4e1c600000, 0x00007f4e7bbd0000)
  from space 195264K,  53% used [0x00007f4e87a80000, 0x00007f4e8e0f5318, 0x00007f4e93930000)
  to   space 195264K,   0% used [0x00007f4e7bbd0000, 0x00007f4e7bbd0000, 0x00007f4e87a80000)
 tenured generation   total 3910232K, used 3910140K [0x00007f5371b50000, 0x00007f54605e6000, 0x00007f5e1c600000)
   the space 3910232K,  99% used [0x00007f5371b50000, 0x00007f54605cf258, 0x00007f54605cf400, 0x00007f54605e6000)
 Metaspace       used 24244K, capacity 24646K, committed 24832K, reserved 26624K
}
Event: 682.768 GC heap before
{Heap before GC invocations=687 (full 3):
 def new generation   total 1757696K, used 104916K [0x00007f4e1c600000, 0x00007f4e93930000, 0x00007f5371b50000)
  eden space 1562432K,   0% used [0x00007f4e1c600000, 0x00007f4e1c600000, 0x00007f4e7bbd0000)
  from space 195264K,  53% used [0x00007f4e87a80000, 0x00007f4e8e0f5318, 0x00007f4e93930000)
  to   space 195264K,   0% used [0x00007f4e7bbd0000, 0x00007f4e7bbd0000, 0x00007f4e87a80000)
 tenured generation   total 3910232K, used 3910140K [0x00007f5371b50000, 0x00007f54605e6000, 0x00007f5e1c600000)
   the space 3910232K,  99% used [0x00007f5371b50000, 0x00007f54605cf258, 0x00007f54605cf400, 0x00007f54605e6000)
 Metaspace       used 24244K, capacity 24646K, committed 24832K, reserved 26624K
}

