# JRE version: OpenJDK Runtime Environment (13.0.7+5) (build 13.0.7+5-Ubuntu-0ubuntu120.04)
# Java VM: OpenJDK 64-Bit Server VM (13.0.7+5-Ubuntu-0ubuntu120.04, mixed mode, tiered, serial gc, linux-amd64)
Heap:
 def new generation   total 2278208K, used 155402K [0x00007fc290600000, 0x00007fc32ae00000, 0x00007fc7e5b50000)
  eden space 2025088K,   7% used [0x00007fc290600000, 0x00007fc299dc2aa8, 0x00007fc30bfa0000)
  from space 253120K,   0% used [0x00007fc31b6d0000, 0x00007fc31b6d0000, 0x00007fc32ae00000)
  to   space 253120K,   0% used [0x00007fc30bfa0000, 0x00007fc30bfa0000, 0x00007fc31b6d0000)
 tenured generation   total 5196468K, used 5196468K [0x00007fc7e5b50000, 0x00007fc922dfd000, 0x00007fd290600000)
   the space 5196468K, 100% used [0x00007fc7e5b50000, 0x00007fc922dfd000, 0x00007fc922dfd000, 0x00007fc922dfd000)
 Metaspace       used 30335K, capacity 30775K, committed 30976K, reserved 32768K
GC Heap History (20 events):
Event: 122.970 GC heap after
{Heap after GC invocations=63 (full 8):
 def new generation   total 2278208K, used 194481K [0x00007fc290600000, 0x00007fc32ae00000, 0x00007fc7e5b50000)
  eden space 2025088K,   0% used [0x00007fc290600000, 0x00007fc290600000, 0x00007fc30bfa0000)
  from space 253120K,  76% used [0x00007fc30bfa0000, 0x00007fc317d8c6d8, 0x00007fc31b6d0000)
  to   space 253120K,   0% used [0x00007fc31b6d0000, 0x00007fc31b6d0000, 0x00007fc32ae00000)
 tenured generation   total 5062644K, used 3581505K [0x00007fc7e5b50000, 0x00007fc91ab4d000, 0x00007fd290600000)
   the space 5062644K,  70% used [0x00007fc7e5b50000, 0x00007fc8c04e0660, 0x00007fc8c04e0800, 0x00007fc91ab4d000)
 Metaspace       used 30335K, capacity 30775K, committed 30976K, reserved 32768K
}
Event: 123.559 GC heap before
{Heap before GC invocations=63 (full 8):
 def new generation   total 2278208K, used 2219569K [0x00007fc290600000, 0x00007fc32ae00000, 0x00007fc7e5b50000)
  eden space 2025088K, 100% used [0x00007fc290600000, 0x00007fc30bfa0000, 0x00007fc30bfa0000)
  from space 253120K,  76% used [0x00007fc30bfa0000, 0x00007fc317d8c6d8, 0x00007fc31b6d0000)
  to   space 253120K,   0% used [0x00007fc31b6d0000, 0x00007fc31b6d0000, 0x00007fc32ae00000)
 tenured generation   total 5062644K, used 3581505K [0x00007fc7e5b50000, 0x00007fc91ab4d000, 0x00007fd290600000)
   the space 5062644K,  70% used [0x00007fc7e5b50000, 0x00007fc8c04e0660, 0x00007fc8c04e0800, 0x00007fc91ab4d000)
 Metaspace       used 30335K, capacity 30775K, committed 30976K, reserved 32768K
}
Event: 124.203 GC heap after
{Heap after GC invocations=64 (full 8):
 def new generation   total 2278208K, used 158914K [0x00007fc290600000, 0x00007fc32ae00000, 0x00007fc7e5b50000)
  eden space 2025088K,   0% used [0x00007fc290600000, 0x00007fc290600000, 0x00007fc30bfa0000)
  from space 253120K,  62% used [0x00007fc31b6d0000, 0x00007fc325200bc0, 0x00007fc32ae00000)
  to   space 253120K,   0% used [0x00007fc30bfa0000, 0x00007fc30bfa0000, 0x00007fc31b6d0000)
 tenured generation   total 5062644K, used 3775986K [0x00007fc7e5b50000, 0x00007fc91ab4d000, 0x00007fd290600000)
   the space 5062644K,  74% used [0x00007fc7e5b50000, 0x00007fc8cc2cca88, 0x00007fc8cc2ccc00, 0x00007fc91ab4d000)
 Metaspace       used 30335K, capacity 30775K, committed 30976K, reserved 32768K
}
Event: 124.772 GC heap before
{Heap before GC invocations=64 (full 8):
 def new generation   total 2278208K, used 2184002K [0x00007fc290600000, 0x00007fc32ae00000, 0x00007fc7e5b50000)
  eden space 2025088K, 100% used [0x00007fc290600000, 0x00007fc30bfa0000, 0x00007fc30bfa0000)
  from space 253120K,  62% used [0x00007fc31b6d0000, 0x00007fc325200bc0, 0x00007fc32ae00000)
  to   space 253120K,   0% used [0x00007fc30bfa0000, 0x00007fc30bfa0000, 0x00007fc31b6d0000)
 tenured generation   total 5062644K, used 3775986K [0x00007fc7e5b50000, 0x00007fc91ab4d000, 0x00007fd290600000)
   the space 5062644K,  74% used [0x00007fc7e5b50000, 0x00007fc8cc2cca88, 0x00007fc8cc2ccc00, 0x00007fc91ab4d000)
 Metaspace       used 30335K, capacity 30775K, committed 30976K, reserved 32768K
}
Event: 125.387 GC heap after
{Heap after GC invocations=65 (full 8):
 def new generation   total 2278208K, used 190491K [0x00007fc290600000, 0x00007fc32ae00000, 0x00007fc7e5b50000)
  eden space 2025088K,   0% used [0x00007fc290600000, 0x00007fc290600000, 0x00007fc30bfa0000)
  from space 253120K,  75% used [0x00007fc30bfa0000, 0x00007fc3179a6d50, 0x00007fc31b6d0000)
  to   space 253120K,   0% used [0x00007fc31b6d0000, 0x00007fc31b6d0000, 0x00007fc32ae00000)
 tenured generation   total 5062644K, used 3934901K [0x00007fc7e5b50000, 0x00007fc91ab4d000, 0x00007fd290600000)
   the space 5062644K,  77% used [0x00007fc7e5b50000, 0x00007fc8d5dfd568, 0x00007fc8d5dfd600, 0x00007fc91ab4d000)
 Metaspace       used 30335K, capacity 30775K, committed 30976K, reserved 32768K
}
Event: 125.936 GC heap before
{Heap before GC invocations=65 (full 8):
 def new generation   total 2278208K, used 2215579K [0x00007fc290600000, 0x00007fc32ae00000, 0x00007fc7e5b50000)
  eden space 2025088K, 100% used [0x00007fc290600000, 0x00007fc30bfa0000, 0x00007fc30bfa0000)
  from space 253120K,  75% used [0x00007fc30bfa0000, 0x00007fc3179a6d50, 0x00007fc31b6d0000)
  to   space 253120K,   0% used [0x00007fc31b6d0000, 0x00007fc31b6d0000, 0x00007fc32ae00000)
 tenured generation   total 5062644K, used 3934901K [0x00007fc7e5b50000, 0x00007fc91ab4d000, 0x00007fd290600000)
   the space 5062644K,  77% used [0x00007fc7e5b50000, 0x00007fc8d5dfd568, 0x00007fc8d5dfd600, 0x00007fc91ab4d000)
 Metaspace       used 30335K, capacity 30775K, committed 30976K, reserved 32768K
}
Event: 126.569 GC heap after
{Heap after GC invocations=66 (full 8):
 def new generation   total 2278208K, used 180369K [0x00007fc290600000, 0x00007fc32ae00000, 0x00007fc7e5b50000)
  eden space 2025088K,   0% used [0x00007fc290600000, 0x00007fc290600000, 0x00007fc30bfa0000)
  from space 253120K,  71% used [0x00007fc31b6d0000, 0x00007fc3266f44f0, 0x00007fc32ae00000)
  to   space 253120K,   0% used [0x00007fc30bfa0000, 0x00007fc30bfa0000, 0x00007fc31b6d0000)
 tenured generation   total 5062644K, used 4125391K [0x00007fc7e5b50000, 0x00007fc91ab4d000, 0x00007fd290600000)
   the space 5062644K,  81% used [0x00007fc7e5b50000, 0x00007fc8e1803e68, 0x00007fc8e1804000, 0x00007fc91ab4d000)
 Metaspace       used 30335K, capacity 30775K, committed 30976K, reserved 32768K
}
Event: 127.160 GC heap before
{Heap before GC invocations=66 (full 8):
 def new generation   total 2278208K, used 2205457K [0x00007fc290600000, 0x00007fc32ae00000, 0x00007fc7e5b50000)
  eden space 2025088K, 100% used [0x00007fc290600000, 0x00007fc30bfa0000, 0x00007fc30bfa0000)
  from space 253120K,  71% used [0x00007fc31b6d0000, 0x00007fc3266f44f0, 0x00007fc32ae00000)
  to   space 253120K,   0% used [0x00007fc30bfa0000, 0x00007fc30bfa0000, 0x00007fc31b6d0000)
 tenured generation   total 5062644K, used 4125391K [0x00007fc7e5b50000, 0x00007fc91ab4d000, 0x00007fd290600000)
   the space 5062644K,  81% used [0x00007fc7e5b50000, 0x00007fc8e1803e68, 0x00007fc8e1804000, 0x00007fc91ab4d000)
 Metaspace       used 30335K, capacity 30775K, committed 30976K, reserved 32768K
}
Event: 127.778 GC heap after
{Heap after GC invocations=67 (full 8):
 def new generation   total 2278208K, used 170003K [0x00007fc290600000, 0x00007fc32ae00000, 0x00007fc7e5b50000)
  eden space 2025088K,   0% used [0x00007fc290600000, 0x00007fc290600000, 0x00007fc30bfa0000)
  from space 253120K,  67% used [0x00007fc30bfa0000, 0x00007fc3165a4c18, 0x00007fc31b6d0000)
  to   space 253120K,   0% used [0x00007fc31b6d0000, 0x00007fc31b6d0000, 0x00007fc32ae00000)
 tenured generation   total 5062644K, used 4305759K [0x00007fc7e5b50000, 0x00007fc91ab4d000, 0x00007fd290600000)
   the space 5062644K,  85% used [0x00007fc7e5b50000, 0x00007fc8ec827eb8, 0x00007fc8ec828000, 0x00007fc91ab4d000)
 Metaspace       used 30335K, capacity 30775K, committed 30976K, reserved 32768K
}
Event: 128.384 GC heap before
{Heap before GC invocations=67 (full 8):
 def new generation   total 2278208K, used 2195091K [0x00007fc290600000, 0x00007fc32ae00000, 0x00007fc7e5b50000)
  eden space 2025088K, 100% used [0x00007fc290600000, 0x00007fc30bfa0000, 0x00007fc30bfa0000)
  from space 253120K,  67% used [0x00007fc30bfa0000, 0x00007fc3165a4c18, 0x00007fc31b6d0000)
  to   space 253120K,   0% used [0x00007fc31b6d0000, 0x00007fc31b6d0000, 0x00007fc32ae00000)
 tenured generation   total 5062644K, used 4305759K [0x00007fc7e5b50000, 0x00007fc91ab4d000, 0x00007fd290600000)
   the space 5062644K,  85% used [0x00007fc7e5b50000, 0x00007fc8ec827eb8, 0x00007fc8ec828000, 0x00007fc91ab4d000)
 Metaspace       used 30335K, capacity 30775K, committed 30976K, reserved 32768K
}
Event: 129.050 GC heap after
{Heap after GC invocations=68 (full 8):
 def new generation   total 2278208K, used 193561K [0x00007fc290600000, 0x00007fc32ae00000, 0x00007fc7e5b50000)
  eden space 2025088K,   0% used [0x00007fc290600000, 0x00007fc290600000, 0x00007fc30bfa0000)
  from space 253120K,  76% used [0x00007fc31b6d0000, 0x00007fc3273d6620, 0x00007fc32ae00000)
  to   space 253120K,   0% used [0x00007fc30bfa0000, 0x00007fc30bfa0000, 0x00007fc31b6d0000)
 tenured generation   total 5062644K, used 4475761K [0x00007fc7e5b50000, 0x00007fc91ab4d000, 0x00007fd290600000)
   the space 5062644K,  88% used [0x00007fc7e5b50000, 0x00007fc8f6e2c660, 0x00007fc8f6e2c800, 0x00007fc91ab4d000)
 Metaspace       used 30335K, capacity 30775K, committed 30976K, reserved 32768K
}
Event: 129.582 GC heap before
{Heap before GC invocations=68 (full 8):
 def new generation   total 2278208K, used 2218649K [0x00007fc290600000, 0x00007fc32ae00000, 0x00007fc7e5b50000)
  eden space 2025088K, 100% used [0x00007fc290600000, 0x00007fc30bfa0000, 0x00007fc30bfa0000)
  from space 253120K,  76% used [0x00007fc31b6d0000, 0x00007fc3273d6620, 0x00007fc32ae00000)
  to   space 253120K,   0% used [0x00007fc30bfa0000, 0x00007fc30bfa0000, 0x00007fc31b6d0000)
 tenured generation   total 5062644K, used 4475761K [0x00007fc7e5b50000, 0x00007fc91ab4d000, 0x00007fd290600000)
   the space 5062644K,  88% used [0x00007fc7e5b50000, 0x00007fc8f6e2c660, 0x00007fc8f6e2c800, 0x00007fc91ab4d000)
 Metaspace       used 30335K, capacity 30775K, committed 30976K, reserved 32768K
}
Event: 130.153 GC heap after
{Heap after GC invocations=69 (full 8):
 def new generation   total 2278208K, used 154811K [0x00007fc290600000, 0x00007fc32ae00000, 0x00007fc7e5b50000)
  eden space 2025088K,   0% used [0x00007fc290600000, 0x00007fc290600000, 0x00007fc30bfa0000)
  from space 253120K,  61% used [0x00007fc30bfa0000, 0x00007fc3156cede8, 0x00007fc31b6d0000)
  to   space 253120K,   0% used [0x00007fc31b6d0000, 0x00007fc31b6d0000, 0x00007fc32ae00000)
 tenured generation   total 5062644K, used 4669322K [0x00007fc7e5b50000, 0x00007fc91ab4d000, 0x00007fd290600000)
   the space 5062644K,  92% used [0x00007fc7e5b50000, 0x00007fc902b32ae0, 0x00007fc902b32c00, 0x00007fc91ab4d000)
 Metaspace       used 30335K, capacity 30775K, committed 30976K, reserved 32768K
}
Event: 130.715 GC heap before
{Heap before GC invocations=69 (full 8):
 def new generation   total 2278208K, used 2179899K [0x00007fc290600000, 0x00007fc32ae00000, 0x00007fc7e5b50000)
  eden space 2025088K, 100% used [0x00007fc290600000, 0x00007fc30bfa0000, 0x00007fc30bfa0000)
  from space 253120K,  61% used [0x00007fc30bfa0000, 0x00007fc3156cede8, 0x00007fc31b6d0000)
  to   space 253120K,   0% used [0x00007fc31b6d0000, 0x00007fc31b6d0000, 0x00007fc32ae00000)
 tenured generation   total 5062644K, used 4669322K [0x00007fc7e5b50000, 0x00007fc91ab4d000, 0x00007fd290600000)
   the space 5062644K,  92% used [0x00007fc7e5b50000, 0x00007fc902b32ae0, 0x00007fc902b32c00, 0x00007fc91ab4d000)
 Metaspace       used 30335K, capacity 30775K, committed 30976K, reserved 32768K
}
Event: 131.316 GC heap after
{Heap after GC invocations=70 (full 8):
 def new generation   total 2278208K, used 178025K [0x00007fc290600000, 0x00007fc32ae00000, 0x00007fc7e5b50000)
  eden space 2025088K,   0% used [0x00007fc290600000, 0x00007fc290600000, 0x00007fc30bfa0000)
  from space 253120K,  70% used [0x00007fc31b6d0000, 0x00007fc3264aa4e0, 0x00007fc32ae00000)
  to   space 253120K,   0% used [0x00007fc30bfa0000, 0x00007fc30bfa0000, 0x00007fc31b6d0000)
 tenured generation   total 5062644K, used 4824132K [0x00007fc7e5b50000, 0x00007fc91ab4d000, 0x00007fd290600000)
   the space 5062644K,  95% used [0x00007fc7e5b50000, 0x00007fc90c2613a8, 0x00007fc90c261400, 0x00007fc91ab4d000)
 Metaspace       used 30335K, capacity 30775K, committed 30976K, reserved 32768K
}
Event: 131.912 GC heap before
{Heap before GC invocations=70 (full 8):
 def new generation   total 2278208K, used 2203113K [0x00007fc290600000, 0x00007fc32ae00000, 0x00007fc7e5b50000)
  eden space 2025088K, 100% used [0x00007fc290600000, 0x00007fc30bfa0000, 0x00007fc30bfa0000)
  from space 253120K,  70% used [0x00007fc31b6d0000, 0x00007fc3264aa4e0, 0x00007fc32ae00000)
  to   space 253120K,   0% used [0x00007fc30bfa0000, 0x00007fc30bfa0000, 0x00007fc31b6d0000)
 tenured generation   total 5062644K, used 4824132K [0x00007fc7e5b50000, 0x00007fc91ab4d000, 0x00007fd290600000)
   the space 5062644K,  95% used [0x00007fc7e5b50000, 0x00007fc90c2613a8, 0x00007fc90c261400, 0x00007fc91ab4d000)
 Metaspace       used 30335K, capacity 30775K, committed 30976K, reserved 32768K
}
Event: 132.605 GC heap after
{Heap after GC invocations=71 (full 8):
 def new generation   total 2278208K, used 194125K [0x00007fc290600000, 0x00007fc32ae00000, 0x00007fc7e5b50000)
  eden space 2025088K,   0% used [0x00007fc290600000, 0x00007fc290600000, 0x00007fc30bfa0000)
  from space 253120K,  76% used [0x00007fc30bfa0000, 0x00007fc317d33798, 0x00007fc31b6d0000)
  to   space 253120K,   0% used [0x00007fc31b6d0000, 0x00007fc31b6d0000, 0x00007fc32ae00000)
 tenured generation   total 5062644K, used 5002157K [0x00007fc7e5b50000, 0x00007fc91ab4d000, 0x00007fd290600000)
   the space 5062644K,  98% used [0x00007fc7e5b50000, 0x00007fc91703b588, 0x00007fc91703b600, 0x00007fc91ab4d000)
 Metaspace       used 30335K, capacity 30775K, committed 30976K, reserved 32768K
}
Event: 133.166 GC heap before
{Heap before GC invocations=71 (full 8):
 def new generation   total 2278208K, used 2219213K [0x00007fc290600000, 0x00007fc32ae00000, 0x00007fc7e5b50000)
  eden space 2025088K, 100% used [0x00007fc290600000, 0x00007fc30bfa0000, 0x00007fc30bfa0000)
  from space 253120K,  76% used [0x00007fc30bfa0000, 0x00007fc317d33798, 0x00007fc31b6d0000)
  to   space 253120K,   0% used [0x00007fc31b6d0000, 0x00007fc31b6d0000, 0x00007fc32ae00000)
 tenured generation   total 5062644K, used 5002157K [0x00007fc7e5b50000, 0x00007fc91ab4d000, 0x00007fd290600000)
   the space 5062644K,  98% used [0x00007fc7e5b50000, 0x00007fc91703b588, 0x00007fc91703b600, 0x00007fc91ab4d000)
 Metaspace       used 30335K, capacity 30775K, committed 30976K, reserved 32768K
}
Event: 133.765 GC heap after
{Heap after GC invocations=72 (full 8):
 def new generation   total 2278208K, used 155587K [0x00007fc290600000, 0x00007fc32ae00000, 0x00007fc7e5b50000)
  eden space 2025088K,   0% used [0x00007fc290600000, 0x00007fc290600000, 0x00007fc30bfa0000)
  from space 253120K,  61% used [0x00007fc31b6d0000, 0x00007fc324ec0ec8, 0x00007fc32ae00000)
  to   space 253120K,   0% used [0x00007fc30bfa0000, 0x00007fc30bfa0000, 0x00007fc31b6d0000)
 tenured generation   total 5196468K, used 5196282K [0x00007fc7e5b50000, 0x00007fc922dfd000, 0x00007fd290600000)
   the space 5196468K,  99% used [0x00007fc7e5b50000, 0x00007fc922dcebe0, 0x00007fc922dcec00, 0x00007fc922dfd000)
 Metaspace       used 30335K, capacity 30775K, committed 30976K, reserved 32768K
}
Event: 133.765 GC heap before
{Heap before GC invocations=72 (full 8):
 def new generation   total 2278208K, used 155587K [0x00007fc290600000, 0x00007fc32ae00000, 0x00007fc7e5b50000)
  eden space 2025088K,   0% used [0x00007fc290600000, 0x00007fc290600000, 0x00007fc30bfa0000)
  from space 253120K,  61% used [0x00007fc31b6d0000, 0x00007fc324ec0ec8, 0x00007fc32ae00000)
  to   space 253120K,   0% used [0x00007fc30bfa0000, 0x00007fc30bfa0000, 0x00007fc31b6d0000)
 tenured generation   total 5196468K, used 5196282K [0x00007fc7e5b50000, 0x00007fc922dfd000, 0x00007fd290600000)
   the space 5196468K,  99% used [0x00007fc7e5b50000, 0x00007fc922dcebe0, 0x00007fc922dcec00, 0x00007fc922dfd000)
 Metaspace       used 30335K, capacity 30775K, committed 30976K, reserved 32768K
}

