# JRE version: OpenJDK Runtime Environment (13.0.7+5) (build 13.0.7+5-Ubuntu-0ubuntu120.04)
# Java VM: OpenJDK 64-Bit Server VM (13.0.7+5-Ubuntu-0ubuntu120.04, mixed mode, tiered, serial gc, linux-amd64)
Heap:
 def new generation   total 8484224K, used 942638K [0x00007f0c28600000, 0x00007f0e67bf0000, 0x00007f117db50000)
  eden space 7541568K,  12% used [0x00007f0c28600000, 0x00007f0c61e8b880, 0x00007f0df4ad0000)
  from space 942656K,   0% used [0x00007f0df4ad0000, 0x00007f0df4ad0000, 0x00007f0e2e360000)
  to   space 942656K,   0% used [0x00007f0e2e360000, 0x00007f0e2e360000, 0x00007f0e67bf0000)
 tenured generation   total 25452588K, used 25452586K [0x00007f117db50000, 0x00007f178f35b000, 0x00007f1c28600000)
   the space 25452588K,  99% used [0x00007f117db50000, 0x00007f178f35a880, 0x00007f178f35aa00, 0x00007f178f35b000)
 Metaspace       used 30461K, capacity 30856K, committed 31232K, reserved 32768K
GC Heap History (20 events):
Event: 349.289 GC heap after
{Heap after GC invocations=111 (full 32):
 def new generation   total 4612224K, used 0K [0x00007f0c28600000, 0x00007f0d61290000, 0x00007f117db50000)
  eden space 4099776K,   0% used [0x00007f0c28600000, 0x00007f0c28600000, 0x00007f0d229b0000)
  from space 512448K,   0% used [0x00007f0d229b0000, 0x00007f0d229b0000, 0x00007f0d41e20000)
  to   space 512448K,   0% used [0x00007f0d41e20000, 0x00007f0d41e20000, 0x00007f0d61290000)
 tenured generation   total 10249332K, used 6149597K [0x00007f117db50000, 0x00007f13ef46d000, 0x00007f1c28600000)
   the space 10249332K,  59% used [0x00007f117db50000, 0x00007f12f50c76a0, 0x00007f12f50c7800, 0x00007f13ef46d000)
 Metaspace       used 30427K, capacity 30856K, committed 31232K, reserved 32768K
}
Event: 409.647 GC heap before
{Heap before GC invocations=111 (full 32):
 def new generation   total 4612224K, used 4099776K [0x00007f0c28600000, 0x00007f0d61290000, 0x00007f117db50000)
  eden space 4099776K, 100% used [0x00007f0c28600000, 0x00007f0d229b0000, 0x00007f0d229b0000)
  from space 512448K,   0% used [0x00007f0d229b0000, 0x00007f0d229b0000, 0x00007f0d41e20000)
  to   space 512448K,   0% used [0x00007f0d41e20000, 0x00007f0d41e20000, 0x00007f0d61290000)
 tenured generation   total 10249332K, used 6149597K [0x00007f117db50000, 0x00007f13ef46d000, 0x00007f1c28600000)
   the space 10249332K,  59% used [0x00007f117db50000, 0x00007f12f50c76a0, 0x00007f12f50c7800, 0x00007f13ef46d000)
 Metaspace       used 30427K, capacity 30856K, committed 31232K, reserved 32768K
}
Event: 414.973 GC heap after
{Heap after GC invocations=112 (full 32):
 def new generation   total 4612224K, used 512447K [0x00007f0c28600000, 0x00007f0d61290000, 0x00007f117db50000)
  eden space 4099776K,   0% used [0x00007f0c28600000, 0x00007f0c28600000, 0x00007f0d229b0000)
  from space 512448K,  99% used [0x00007f0d41e20000, 0x00007f0d6128fff8, 0x00007f0d61290000)
  to   space 512448K,   0% used [0x00007f0d229b0000, 0x00007f0d229b0000, 0x00007f0d41e20000)
 tenured generation   total 10249332K, used 7052553K [0x00007f117db50000, 0x00007f13ef46d000, 0x00007f1c28600000)
   the space 10249332K,  68% used [0x00007f117db50000, 0x00007f132c2925a0, 0x00007f132c292600, 0x00007f13ef46d000)
 Metaspace       used 30427K, capacity 30856K, committed 31232K, reserved 32768K
}
Event: 472.993 GC heap before
{Heap before GC invocations=112 (full 32):
 def new generation   total 4612224K, used 4612223K [0x00007f0c28600000, 0x00007f0d61290000, 0x00007f117db50000)
  eden space 4099776K, 100% used [0x00007f0c28600000, 0x00007f0d229b0000, 0x00007f0d229b0000)
  from space 512448K,  99% used [0x00007f0d41e20000, 0x00007f0d6128fff8, 0x00007f0d61290000)
  to   space 512448K,   0% used [0x00007f0d229b0000, 0x00007f0d229b0000, 0x00007f0d41e20000)
 tenured generation   total 10249332K, used 7052553K [0x00007f117db50000, 0x00007f13ef46d000, 0x00007f1c28600000)
   the space 10249332K,  68% used [0x00007f117db50000, 0x00007f132c2925a0, 0x00007f132c292600, 0x00007f13ef46d000)
 Metaspace       used 30427K, capacity 30856K, committed 31232K, reserved 32768K
}
Event: 475.003 GC heap after
{Heap after GC invocations=113 (full 32):
 def new generation   total 4612224K, used 512447K [0x00007f0c28600000, 0x00007f0d61290000, 0x00007f117db50000)
  eden space 4099776K,   0% used [0x00007f0c28600000, 0x00007f0c28600000, 0x00007f0d229b0000)
  from space 512448K,  99% used [0x00007f0d229b0000, 0x00007f0d41e1fff0, 0x00007f0d41e20000)
  to   space 512448K,   0% used [0x00007f0d41e20000, 0x00007f0d41e20000, 0x00007f0d61290000)
 tenured generation   total 10249332K, used 7915658K [0x00007f117db50000, 0x00007f13ef46d000, 0x00007f1c28600000)
   the space 10249332K,  77% used [0x00007f117db50000, 0x00007f1360d72808, 0x00007f1360d72a00, 0x00007f13ef46d000)
 Metaspace       used 30427K, capacity 30856K, committed 31232K, reserved 32768K
}
Event: 493.636 GC heap before
{Heap before GC invocations=113 (full 32):
 def new generation   total 4612224K, used 4612223K [0x00007f0c28600000, 0x00007f0d61290000, 0x00007f117db50000)
  eden space 4099776K, 100% used [0x00007f0c28600000, 0x00007f0d229b0000, 0x00007f0d229b0000)
  from space 512448K,  99% used [0x00007f0d229b0000, 0x00007f0d41e1fff0, 0x00007f0d41e20000)
  to   space 512448K,   0% used [0x00007f0d41e20000, 0x00007f0d41e20000, 0x00007f0d61290000)
 tenured generation   total 10249332K, used 7915658K [0x00007f117db50000, 0x00007f13ef46d000, 0x00007f1c28600000)
   the space 10249332K,  77% used [0x00007f117db50000, 0x00007f1360d72808, 0x00007f1360d72a00, 0x00007f13ef46d000)
 Metaspace       used 30427K, capacity 30856K, committed 31232K, reserved 32768K
}
Event: 496.579 GC heap after
{Heap after GC invocations=114 (full 32):
 def new generation   total 4612224K, used 512448K [0x00007f0c28600000, 0x00007f0d61290000, 0x00007f117db50000)
  eden space 4099776K,   0% used [0x00007f0c28600000, 0x00007f0c28600000, 0x00007f0d229b0000)
  from space 512448K, 100% used [0x00007f0d41e20000, 0x00007f0d61290000, 0x00007f0d61290000)
  to   space 512448K,   0% used [0x00007f0d229b0000, 0x00007f0d229b0000, 0x00007f0d41e20000)
 tenured generation   total 10282356K, used 10282177K [0x00007f117db50000, 0x00007f13f14ad000, 0x00007f1c28600000)
   the space 10282356K,  99% used [0x00007f117db50000, 0x00007f13f1480548, 0x00007f13f1480600, 0x00007f13f14ad000)
 Metaspace       used 30427K, capacity 30856K, committed 31232K, reserved 32768K
}
Event: 496.579 GC heap before
{Heap before GC invocations=114 (full 32):
 def new generation   total 4612224K, used 512448K [0x00007f0c28600000, 0x00007f0d61290000, 0x00007f117db50000)
  eden space 4099776K,   0% used [0x00007f0c28600000, 0x00007f0c28600000, 0x00007f0d229b0000)
  from space 512448K, 100% used [0x00007f0d41e20000, 0x00007f0d61290000, 0x00007f0d61290000)
  to   space 512448K,   0% used [0x00007f0d229b0000, 0x00007f0d229b0000, 0x00007f0d41e20000)
 tenured generation   total 10282356K, used 10282177K [0x00007f117db50000, 0x00007f13f14ad000, 0x00007f1c28600000)
   the space 10282356K,  99% used [0x00007f117db50000, 0x00007f13f1480548, 0x00007f13f1480600, 0x00007f13f14ad000)
 Metaspace       used 30427K, capacity 30856K, committed 31232K, reserved 32768K
}
Event: 509.241 GC heap after
{Heap after GC invocations=114 (full 33):
 def new generation   total 6264384K, used 0K [0x00007f0c28600000, 0x00007f0dd1340000, 0x00007f117db50000)
  eden space 5568384K,   0% used [0x00007f0c28600000, 0x00007f0c28600000, 0x00007f0d7c3e0000)
  from space 696000K,   0% used [0x00007f0d7c3e0000, 0x00007f0d7c3e0000, 0x00007f0da6b90000)
  to   space 696000K,   0% used [0x00007f0da6b90000, 0x00007f0da6b90000, 0x00007f0dd1340000)
 tenured generation   total 13920660K, used 8352393K [0x00007f117db50000, 0x00007f14cf5b5000, 0x00007f1c28600000)
   the space 13920660K,  59% used [0x00007f117db50000, 0x00007f137b7f2668, 0x00007f137b7f2800, 0x00007f14cf5b5000)
 Metaspace       used 30427K, capacity 30856K, committed 31232K, reserved 32768K
}
Event: 513.415 GC heap before
{Heap before GC invocations=114 (full 33):
 def new generation   total 6264384K, used 5568384K [0x00007f0c28600000, 0x00007f0dd1340000, 0x00007f117db50000)
  eden space 5568384K, 100% used [0x00007f0c28600000, 0x00007f0d7c3e0000, 0x00007f0d7c3e0000)
  from space 696000K,   0% used [0x00007f0d7c3e0000, 0x00007f0d7c3e0000, 0x00007f0da6b90000)
  to   space 696000K,   0% used [0x00007f0da6b90000, 0x00007f0da6b90000, 0x00007f0dd1340000)
 tenured generation   total 13920660K, used 8352393K [0x00007f117db50000, 0x00007f14cf5b5000, 0x00007f1c28600000)
   the space 13920660K,  59% used [0x00007f117db50000, 0x00007f137b7f2668, 0x00007f137b7f2800, 0x00007f14cf5b5000)
 Metaspace       used 30443K, capacity 30856K, committed 31232K, reserved 32768K
}
Event: 516.925 GC heap after
{Heap after GC invocations=115 (full 33):
 def new generation   total 6264384K, used 695999K [0x00007f0c28600000, 0x00007f0dd1340000, 0x00007f117db50000)
  eden space 5568384K,   0% used [0x00007f0c28600000, 0x00007f0c28600000, 0x00007f0d7c3e0000)
  from space 696000K,  99% used [0x00007f0da6b90000, 0x00007f0dd133fff0, 0x00007f0dd1340000)
  to   space 696000K,   0% used [0x00007f0d7c3e0000, 0x00007f0d7c3e0000, 0x00007f0da6b90000)
 tenured generation   total 13920660K, used 10629807K [0x00007f117db50000, 0x00007f14cf5b5000, 0x00007f1c28600000)
   the space 13920660K,  76% used [0x00007f117db50000, 0x00007f14067fbe28, 0x00007f14067fc000, 0x00007f14cf5b5000)
 Metaspace       used 30443K, capacity 30856K, committed 31232K, reserved 32768K
}
Event: 518.294 GC heap before
{Heap before GC invocations=115 (full 33):
 def new generation   total 6264384K, used 6264383K [0x00007f0c28600000, 0x00007f0dd1340000, 0x00007f117db50000)
  eden space 5568384K, 100% used [0x00007f0c28600000, 0x00007f0d7c3e0000, 0x00007f0d7c3e0000)
  from space 696000K,  99% used [0x00007f0da6b90000, 0x00007f0dd133fff0, 0x00007f0dd1340000)
  to   space 696000K,   0% used [0x00007f0d7c3e0000, 0x00007f0d7c3e0000, 0x00007f0da6b90000)
 tenured generation   total 13920660K, used 10629807K [0x00007f117db50000, 0x00007f14cf5b5000, 0x00007f1c28600000)
   the space 13920660K,  76% used [0x00007f117db50000, 0x00007f14067fbe28, 0x00007f14067fc000, 0x00007f14cf5b5000)
 Metaspace       used 30461K, capacity 30856K, committed 31232K, reserved 32768K
}
Event: 521.073 GC heap after
{Heap after GC invocations=116 (full 33):
 def new generation   total 6264384K, used 696000K [0x00007f0c28600000, 0x00007f0dd1340000, 0x00007f117db50000)
  eden space 5568384K,   0% used [0x00007f0c28600000, 0x00007f0c28600000, 0x00007f0d7c3e0000)
  from space 696000K, 100% used [0x00007f0d7c3e0000, 0x00007f0da6b90000, 0x00007f0da6b90000)
  to   space 696000K,   0% used [0x00007f0da6b90000, 0x00007f0da6b90000, 0x00007f0dd1340000)
 tenured generation   total 15597012K, used 15596850K [0x00007f117db50000, 0x00007f1535ac5000, 0x00007f1c28600000)
   the space 15597012K,  99% used [0x00007f117db50000, 0x00007f1535a9cb68, 0x00007f1535a9cc00, 0x00007f1535ac5000)
 Metaspace       used 30461K, capacity 30856K, committed 31232K, reserved 32768K
}
Event: 521.073 GC heap before
{Heap before GC invocations=116 (full 33):
 def new generation   total 6264384K, used 696000K [0x00007f0c28600000, 0x00007f0dd1340000, 0x00007f117db50000)
  eden space 5568384K,   0% used [0x00007f0c28600000, 0x00007f0c28600000, 0x00007f0d7c3e0000)
  from space 696000K, 100% used [0x00007f0d7c3e0000, 0x00007f0da6b90000, 0x00007f0da6b90000)
  to   space 696000K,   0% used [0x00007f0da6b90000, 0x00007f0da6b90000, 0x00007f0dd1340000)
 tenured generation   total 15597012K, used 15596850K [0x00007f117db50000, 0x00007f1535ac5000, 0x00007f1c28600000)
   the space 15597012K,  99% used [0x00007f117db50000, 0x00007f1535a9cb68, 0x00007f1535a9cc00, 0x00007f1535ac5000)
 Metaspace       used 30461K, capacity 30856K, committed 31232K, reserved 32768K
}
Event: 531.832 GC heap after
{Heap after GC invocations=116 (full 34):
 def new generation   total 8484224K, used 0K [0x00007f0c28600000, 0x00007f0e67bf0000, 0x00007f117db50000)
  eden space 7541568K,   0% used [0x00007f0c28600000, 0x00007f0c28600000, 0x00007f0df4ad0000)
  from space 942656K,   0% used [0x00007f0df4ad0000, 0x00007f0df4ad0000, 0x00007f0e2e360000)
  to   space 942656K,   0% used [0x00007f0e2e360000, 0x00007f0e2e360000, 0x00007f0e67bf0000)
 tenured generation   total 18853740K, used 11312242K [0x00007f117db50000, 0x00007f15fc72b000, 0x00007f1c28600000)
   the space 18853740K,  59% used [0x00007f117db50000, 0x00007f143026c980, 0x00007f143026ca00, 0x00007f15fc72b000)
 Metaspace       used 30461K, capacity 30856K, committed 31232K, reserved 32768K
}
Event: 532.881 GC heap before
{Heap before GC invocations=116 (full 34):
 def new generation   total 8484224K, used 7541568K [0x00007f0c28600000, 0x00007f0e67bf0000, 0x00007f117db50000)
  eden space 7541568K, 100% used [0x00007f0c28600000, 0x00007f0df4ad0000, 0x00007f0df4ad0000)
  from space 942656K,   0% used [0x00007f0df4ad0000, 0x00007f0df4ad0000, 0x00007f0e2e360000)
  to   space 942656K,   0% used [0x00007f0e2e360000, 0x00007f0e2e360000, 0x00007f0e67bf0000)
 tenured generation   total 18853740K, used 11312242K [0x00007f117db50000, 0x00007f15fc72b000, 0x00007f1c28600000)
   the space 18853740K,  59% used [0x00007f117db50000, 0x00007f143026c980, 0x00007f143026ca00, 0x00007f15fc72b000)
 Metaspace       used 30461K, capacity 30856K, committed 31232K, reserved 32768K
}
Event: 535.606 GC heap after
{Heap after GC invocations=117 (full 34):
 def new generation   total 8484224K, used 942654K [0x00007f0c28600000, 0x00007f0e67bf0000, 0x00007f117db50000)
  eden space 7541568K,   0% used [0x00007f0c28600000, 0x00007f0c28600000, 0x00007f0df4ad0000)
  from space 942656K,  99% used [0x00007f0e2e360000, 0x00007f0e67bef980, 0x00007f0e67bf0000)
  to   space 942656K,   0% used [0x00007f0df4ad0000, 0x00007f0df4ad0000, 0x00007f0e2e360000)
 tenured generation   total 18853740K, used 17911076K [0x00007f117db50000, 0x00007f15fc72b000, 0x00007f1c28600000)
   the space 18853740K,  95% used [0x00007f117db50000, 0x00007f15c2e993a0, 0x00007f15c2e99400, 0x00007f15fc72b000)
 Metaspace       used 30461K, capacity 30856K, committed 31232K, reserved 32768K
}
Event: 536.543 GC heap before
{Heap before GC invocations=117 (full 34):
 def new generation   total 8484224K, used 8484222K [0x00007f0c28600000, 0x00007f0e67bf0000, 0x00007f117db50000)
  eden space 7541568K, 100% used [0x00007f0c28600000, 0x00007f0df4ad0000, 0x00007f0df4ad0000)
  from space 942656K,  99% used [0x00007f0e2e360000, 0x00007f0e67bef980, 0x00007f0e67bf0000)
  to   space 942656K,   0% used [0x00007f0df4ad0000, 0x00007f0df4ad0000, 0x00007f0e2e360000)
 tenured generation   total 18853740K, used 17911076K [0x00007f117db50000, 0x00007f15fc72b000, 0x00007f1c28600000)
   the space 18853740K,  95% used [0x00007f117db50000, 0x00007f15c2e993a0, 0x00007f15c2e99400, 0x00007f15fc72b000)
 Metaspace       used 30461K, capacity 30856K, committed 31232K, reserved 32768K
}
Event: 540.686 GC heap after
{Heap after GC invocations=118 (full 34):
 def new generation   total 8484224K, used 942654K [0x00007f0c28600000, 0x00007f0e67bf0000, 0x00007f117db50000)
  eden space 7541568K,   0% used [0x00007f0c28600000, 0x00007f0c28600000, 0x00007f0df4ad0000)
  from space 942656K,  99% used [0x00007f0df4ad0000, 0x00007f0e2e35f980, 0x00007f0e2e360000)
  to   space 942656K,   0% used [0x00007f0e2e360000, 0x00007f0e2e360000, 0x00007f0e67bf0000)
 tenured generation   total 25452588K, used 25452569K [0x00007f117db50000, 0x00007f178f35b000, 0x00007f1c28600000)
   the space 25452588K,  99% used [0x00007f117db50000, 0x00007f178f356780, 0x00007f178f356800, 0x00007f178f35b000)
 Metaspace       used 30461K, capacity 30856K, committed 31232K, reserved 32768K
}
Event: 540.686 GC heap before
{Heap before GC invocations=118 (full 34):
 def new generation   total 8484224K, used 942654K [0x00007f0c28600000, 0x00007f0e67bf0000, 0x00007f117db50000)
  eden space 7541568K,   0% used [0x00007f0c28600000, 0x00007f0c28600000, 0x00007f0df4ad0000)
  from space 942656K,  99% used [0x00007f0df4ad0000, 0x00007f0e2e35f980, 0x00007f0e2e360000)
  to   space 942656K,   0% used [0x00007f0e2e360000, 0x00007f0e2e360000, 0x00007f0e67bf0000)
 tenured generation   total 25452588K, used 25452569K [0x00007f117db50000, 0x00007f178f35b000, 0x00007f1c28600000)
   the space 25452588K,  99% used [0x00007f117db50000, 0x00007f178f356780, 0x00007f178f356800, 0x00007f178f35b000)
 Metaspace       used 30461K, capacity 30856K, committed 31232K, reserved 32768K
}

