# JRE version: OpenJDK Runtime Environment (13.0.7+5) (build 13.0.7+5-Ubuntu-0ubuntu120.04)
# Java VM: OpenJDK 64-Bit Server VM (13.0.7+5-Ubuntu-0ubuntu120.04, mixed mode, tiered, serial gc, linux-amd64)
Heap:
 def new generation   total 797440K, used 0K [0x00007f497c600000, 0x00007f49b2740000, 0x00007f4ed1b50000)
  eden space 708864K,   0% used [0x00007f497c600000, 0x00007f497c600000, 0x00007f49a7a40000)
  from space 88576K,   0% used [0x00007f49a7a40000, 0x00007f49a7a40000, 0x00007f49ad0c0000)
  to   space 88576K,   0% used [0x00007f49ad0c0000, 0x00007f49ad0c0000, 0x00007f49b2740000)
 tenured generation   total 1771912K, used 1063146K [0x00007f4ed1b50000, 0x00007f4f3ddb2000, 0x00007f597c600000)
   the space 1771912K,  59% used [0x00007f4ed1b50000, 0x00007f4f1298aa68, 0x00007f4f1298ac00, 0x00007f4f3ddb2000)
 Metaspace       used 23243K, capacity 23606K, committed 23808K, reserved 24576K
GC Heap History (14 events):
Event: 4.528 GC heap before
{Heap before GC invocations=0 (full 0):
 def new generation   total 629120K, used 111850K [0x00007f497c600000, 0x00007f49a70a0000, 0x00007f4ed1b50000)
  eden space 559232K,  20% used [0x00007f497c600000, 0x00007f498333a988, 0x00007f499e820000)
  from space 69888K,   0% used [0x00007f499e820000, 0x00007f499e820000, 0x00007f49a2c60000)
  to   space 69888K,   0% used [0x00007f49a2c60000, 0x00007f49a2c60000, 0x00007f49a70a0000)
 tenured generation   total 1398144K, used 0K [0x00007f4ed1b50000, 0x00007f4f270b0000, 0x00007f597c600000)
   the space 1398144K,   0% used [0x00007f4ed1b50000, 0x00007f4ed1b50000, 0x00007f4ed1b50200, 0x00007f4f270b0000)
 Metaspace       used 20910K, capacity 21220K, committed 21248K, reserved 22528K
}
Event: 4.621 GC heap after
{Heap after GC invocations=1 (full 1):
 def new generation   total 629248K, used 0K [0x00007f497c600000, 0x00007f49a70c0000, 0x00007f4ed1b50000)
  eden space 559360K,   0% used [0x00007f497c600000, 0x00007f497c600000, 0x00007f499e840000)
  from space 69888K,   0% used [0x00007f499e840000, 0x00007f499e840000, 0x00007f49a2c80000)
  to   space 69888K,   0% used [0x00007f49a2c80000, 0x00007f49a2c80000, 0x00007f49a70c0000)
 tenured generation   total 1398144K, used 13611K [0x00007f4ed1b50000, 0x00007f4f270b0000, 0x00007f597c600000)
   the space 1398144K,   0% used [0x00007f4ed1b50000, 0x00007f4ed289acf0, 0x00007f4ed289ae00, 0x00007f4f270b0000)
 Metaspace       used 20910K, capacity 21220K, committed 21248K, reserved 22528K
}
Event: 7.051 GC heap before
{Heap before GC invocations=1 (full 1):
 def new generation   total 629248K, used 559360K [0x00007f497c600000, 0x00007f49a70c0000, 0x00007f4ed1b50000)
  eden space 559360K, 100% used [0x00007f497c600000, 0x00007f499e840000, 0x00007f499e840000)
  from space 69888K,   0% used [0x00007f499e840000, 0x00007f499e840000, 0x00007f49a2c80000)
  to   space 69888K,   0% used [0x00007f49a2c80000, 0x00007f49a2c80000, 0x00007f49a70c0000)
 tenured generation   total 1398144K, used 13611K [0x00007f4ed1b50000, 0x00007f4f270b0000, 0x00007f597c600000)
   the space 1398144K,   0% used [0x00007f4ed1b50000, 0x00007f4ed289acf0, 0x00007f4ed289ae00, 0x00007f4f270b0000)
 Metaspace       used 23071K, capacity 23400K, committed 23552K, reserved 24576K
}
Event: 7.057 GC heap after
{Heap after GC invocations=2 (full 1):
 def new generation   total 629248K, used 937K [0x00007f497c600000, 0x00007f49a70c0000, 0x00007f4ed1b50000)
  eden space 559360K,   0% used [0x00007f497c600000, 0x00007f497c600000, 0x00007f499e840000)
  from space 69888K,   1% used [0x00007f49a2c80000, 0x00007f49a2d6a668, 0x00007f49a70c0000)
  to   space 69888K,   0% used [0x00007f499e840000, 0x00007f499e840000, 0x00007f49a2c80000)
 tenured generation   total 1398144K, used 13611K [0x00007f4ed1b50000, 0x00007f4f270b0000, 0x00007f597c600000)
   the space 1398144K,   0% used [0x00007f4ed1b50000, 0x00007f4ed289acf0, 0x00007f4ed289ae00, 0x00007f4f270b0000)
 Metaspace       used 23071K, capacity 23400K, committed 23552K, reserved 24576K
}
Event: 8.698 GC heap before
{Heap before GC invocations=2 (full 1):
 def new generation   total 629248K, used 39514K [0x00007f497c600000, 0x00007f49a70c0000, 0x00007f4ed1b50000)
  eden space 559360K,   6% used [0x00007f497c600000, 0x00007f497ebac520, 0x00007f499e840000)
  from space 69888K,   1% used [0x00007f49a2c80000, 0x00007f49a2d6a668, 0x00007f49a70c0000)
  to   space 69888K,   0% used [0x00007f499e840000, 0x00007f499e840000, 0x00007f49a2c80000)
 tenured generation   total 1398144K, used 1062187K [0x00007f4ed1b50000, 0x00007f4f270b0000, 0x00007f597c600000)
   the space 1398144K,  75% used [0x00007f4ed1b50000, 0x00007f4f1289ad08, 0x00007f4f1289ae00, 0x00007f4f270b0000)
 Metaspace       used 23242K, capacity 23606K, committed 23808K, reserved 24576K
}
Event: 8.704 GC heap after
{Heap after GC invocations=3 (full 1):
 def new generation   total 629248K, used 992K [0x00007f497c600000, 0x00007f49a70c0000, 0x00007f4ed1b50000)
  eden space 559360K,   0% used [0x00007f497c600000, 0x00007f497c600000, 0x00007f499e840000)
  from space 69888K,   1% used [0x00007f499e840000, 0x00007f499e9380b0, 0x00007f49a2c80000)
  to   space 69888K,   0% used [0x00007f49a2c80000, 0x00007f49a2c80000, 0x00007f49a70c0000)
 tenured generation   total 1398144K, used 1062187K [0x00007f4ed1b50000, 0x00007f4f270b0000, 0x00007f597c600000)
   the space 1398144K,  75% used [0x00007f4ed1b50000, 0x00007f4f1289ad08, 0x00007f4f1289ae00, 0x00007f4f270b0000)
 Metaspace       used 23242K, capacity 23606K, committed 23808K, reserved 24576K
}
Event: 9.357 GC heap before
{Heap before GC invocations=3 (full 1):
 def new generation   total 629248K, used 536269K [0x00007f497c600000, 0x00007f49a70c0000, 0x00007f4ed1b50000)
  eden space 559360K,  95% used [0x00007f497c600000, 0x00007f499d0bb4c8, 0x00007f499e840000)
  from space 69888K,   1% used [0x00007f499e840000, 0x00007f499e9380b0, 0x00007f49a2c80000)
  to   space 69888K,   0% used [0x00007f49a2c80000, 0x00007f49a2c80000, 0x00007f49a70c0000)
 tenured generation   total 1398144K, used 1062187K [0x00007f4ed1b50000, 0x00007f4f270b0000, 0x00007f597c600000)
   the space 1398144K,  75% used [0x00007f4ed1b50000, 0x00007f4f1289ad08, 0x00007f4f1289ae00, 0x00007f4f270b0000)
 Metaspace       used 23243K, capacity 23606K, committed 23808K, reserved 24576K
}
Event: 9.899 GC heap after
{Heap after GC invocations=4 (full 1):
 def new generation   total 629248K, used 959K [0x00007f497c600000, 0x00007f49a70c0000, 0x00007f4ed1b50000)
  eden space 559360K,   0% used [0x00007f497c600000, 0x00007f497c600000, 0x00007f499e840000)
  from space 69888K,   1% used [0x00007f49a2c80000, 0x00007f49a2d6fc30, 0x00007f49a70c0000)
  to   space 69888K,   0% used [0x00007f499e840000, 0x00007f499e840000, 0x00007f49a2c80000)
 tenured generation   total 1922436K, used 1586475K [0x00007f4ed1b50000, 0x00007f4f470b1000, 0x00007f597c600000)
   the space 1922436K,  82% used [0x00007f4ed1b50000, 0x00007f4f3289ad20, 0x00007f4f3289ae00, 0x00007f4f470b1000)
 Metaspace       used 23243K, capacity 23606K, committed 23808K, reserved 24576K
}
Event: 9.899 GC heap before
{Heap before GC invocations=4 (full 1):
 def new generation   total 629248K, used 959K [0x00007f497c600000, 0x00007f49a70c0000, 0x00007f4ed1b50000)
  eden space 559360K,   0% used [0x00007f497c600000, 0x00007f497c600000, 0x00007f499e840000)
  from space 69888K,   1% used [0x00007f49a2c80000, 0x00007f49a2d6fc30, 0x00007f49a70c0000)
  to   space 69888K,   0% used [0x00007f499e840000, 0x00007f499e840000, 0x00007f49a2c80000)
 tenured generation   total 1922436K, used 1586475K [0x00007f4ed1b50000, 0x00007f4f470b1000, 0x00007f597c600000)
   the space 1922436K,  82% used [0x00007f4ed1b50000, 0x00007f4f3289ad20, 0x00007f4f3289ae00, 0x00007f4f470b1000)
 Metaspace       used 23243K, capacity 23606K, committed 23808K, reserved 24576K
}
Event: 10.178 GC heap after
{Heap after GC invocations=4 (full 2):
 def new generation   total 629248K, used 0K [0x00007f497c600000, 0x00007f49a70c0000, 0x00007f4ed1b50000)
  eden space 559360K,   0% used [0x00007f497c600000, 0x00007f497c600000, 0x00007f499e840000)
  from space 69888K,   0% used [0x00007f49a2c80000, 0x00007f49a2c80000, 0x00007f49a70c0000)
  to   space 69888K,   0% used [0x00007f499e840000, 0x00007f499e840000, 0x00007f49a2c80000)
 tenured generation   total 1398144K, used 538857K [0x00007f4ed1b50000, 0x00007f4f270b0000, 0x00007f597c600000)
   the space 1398144K,  38% used [0x00007f4ed1b50000, 0x00007f4ef298a778, 0x00007f4ef298a800, 0x00007f4f270b0000)
 Metaspace       used 23243K, capacity 23606K, committed 23808K, reserved 24576K
}
Event: 10.396 GC heap before
{Heap before GC invocations=4 (full 2):
 def new generation   total 629248K, used 535321K [0x00007f497c600000, 0x00007f49a70c0000, 0x00007f4ed1b50000)
  eden space 559360K,  95% used [0x00007f497c600000, 0x00007f499d0c65d8, 0x00007f499e840000)
  from space 69888K,   0% used [0x00007f49a2c80000, 0x00007f49a2c80000, 0x00007f49a70c0000)
  to   space 69888K,   0% used [0x00007f499e840000, 0x00007f499e840000, 0x00007f49a2c80000)
 tenured generation   total 1398144K, used 538857K [0x00007f4ed1b50000, 0x00007f4f270b0000, 0x00007f597c600000)
   the space 1398144K,  38% used [0x00007f4ed1b50000, 0x00007f4ef298a778, 0x00007f4ef298a800, 0x00007f4f270b0000)
 Metaspace       used 23243K, capacity 23606K, committed 23808K, reserved 24576K
}
Event: 10.529 GC heap after
{Heap after GC invocations=5 (full 2):
 def new generation   total 629248K, used 0K [0x00007f497c600000, 0x00007f49a70c0000, 0x00007f4ed1b50000)
  eden space 559360K,   0% used [0x00007f497c600000, 0x00007f497c600000, 0x00007f499e840000)
  from space 69888K,   0% used [0x00007f499e840000, 0x00007f499e8402d8, 0x00007f49a2c80000)
  to   space 69888K,   0% used [0x00007f49a2c80000, 0x00007f49a2c80000, 0x00007f49a70c0000)
 tenured generation   total 1398144K, used 1063145K [0x00007f4ed1b50000, 0x00007f4f270b0000, 0x00007f597c600000)
   the space 1398144K,  76% used [0x00007f4ed1b50000, 0x00007f4f1298a790, 0x00007f4f1298a800, 0x00007f4f270b0000)
 Metaspace       used 23243K, capacity 23606K, committed 23808K, reserved 24576K
}
Event: 10.529 GC heap before
{Heap before GC invocations=5 (full 2):
 def new generation   total 629248K, used 0K [0x00007f497c600000, 0x00007f49a70c0000, 0x00007f4ed1b50000)
  eden space 559360K,   0% used [0x00007f497c600000, 0x00007f497c600000, 0x00007f499e840000)
  from space 69888K,   0% used [0x00007f499e840000, 0x00007f499e8402d8, 0x00007f49a2c80000)
  to   space 69888K,   0% used [0x00007f49a2c80000, 0x00007f49a2c80000, 0x00007f49a70c0000)
 tenured generation   total 1398144K, used 1063145K [0x00007f4ed1b50000, 0x00007f4f270b0000, 0x00007f597c600000)
   the space 1398144K,  76% used [0x00007f4ed1b50000, 0x00007f4f1298a790, 0x00007f4f1298a800, 0x00007f4f270b0000)
 Metaspace       used 23243K, capacity 23606K, committed 23808K, reserved 24576K
}
Event: 10.562 GC heap after
{Heap after GC invocations=5 (full 3):
 def new generation   total 797440K, used 0K [0x00007f497c600000, 0x00007f49b2740000, 0x00007f4ed1b50000)
  eden space 708864K,   0% used [0x00007f497c600000, 0x00007f497c600000, 0x00007f49a7a40000)
  from space 88576K,   0% used [0x00007f49a7a40000, 0x00007f49a7a40000, 0x00007f49ad0c0000)
  to   space 88576K,   0% used [0x00007f49ad0c0000, 0x00007f49ad0c0000, 0x00007f49b2740000)
 tenured generation   total 1771912K, used 1063146K [0x00007f4ed1b50000, 0x00007f4f3ddb2000, 0x00007f597c600000)
   the space 1771912K,  59% used [0x00007f4ed1b50000, 0x00007f4f1298aa68, 0x00007f4f1298ac00, 0x00007f4f3ddb2000)
 Metaspace       used 23243K, capacity 23606K, committed 23808K, reserved 24576K
}

