# JRE version: OpenJDK Runtime Environment (13.0.7+5) (build 13.0.7+5-Ubuntu-0ubuntu120.04)
# Java VM: OpenJDK 64-Bit Server VM (13.0.7+5-Ubuntu-0ubuntu120.04, mixed mode, tiered, serial gc, linux-amd64)
Heap:
 def new generation   total 5040256K, used 4319753K [0x00007f9984600000, 0x00007f9ada300000, 0x00007f9ed9b50000)
  eden space 4480256K,  95% used [0x00007f9984600000, 0x00007f9a89c298c8, 0x00007f9a95d40000)
  from space 560000K,   6% used [0x00007f9ab8020000, 0x00007f9aba478e00, 0x00007f9ada300000)
  to   space 560000K,   0% used [0x00007f9a95d40000, 0x00007f9a95d40668, 0x00007f9ab8020000)
 tenured generation   total 11200380K, used 9971382K [0x00007f9ed9b50000, 0x00007fa18552f000, 0x00007fa984600000)
   the space 11200380K,  89% used [0x00007f9ed9b50000, 0x00007fa13a4fd858, 0x00007fa13a4fda00, 0x00007fa18552f000)
 Metaspace       used 23252K, capacity 23661K, committed 23808K, reserved 24576K
GC Heap History (20 events):
Event: 16.710 GC heap after
{Heap after GC invocations=11 (full 4):
 def new generation   total 629248K, used 16718K [0x00007f9984600000, 0x00007f99af0c0000, 0x00007f9ed9b50000)
  eden space 559360K,   0% used [0x00007f9984600000, 0x00007f9984600000, 0x00007f99a6840000)
  from space 69888K,  23% used [0x00007f99a6840000, 0x00007f99a7893820, 0x00007f99aac80000)
  to   space 69888K,   0% used [0x00007f99aac80000, 0x00007f99aac80000, 0x00007f99af0c0000)
 tenured generation   total 1398144K, used 1057875K [0x00007f9ed9b50000, 0x00007f9f2f0b0000, 0x00007fa984600000)
   the space 1398144K,  75% used [0x00007f9ed9b50000, 0x00007f9f1a464fc0, 0x00007f9f1a465000, 0x00007f9f2f0b0000)
 Metaspace       used 23180K, capacity 23529K, committed 23808K, reserved 24576K
}
Event: 17.239 GC heap before
{Heap before GC invocations=11 (full 4):
 def new generation   total 629248K, used 551977K [0x00007f9984600000, 0x00007f99af0c0000, 0x00007f9ed9b50000)
  eden space 559360K,  95% used [0x00007f9984600000, 0x00007f99a50b6e58, 0x00007f99a6840000)
  from space 69888K,  23% used [0x00007f99a6840000, 0x00007f99a7893820, 0x00007f99aac80000)
  to   space 69888K,   0% used [0x00007f99aac80000, 0x00007f99aac80000, 0x00007f99af0c0000)
 tenured generation   total 1398144K, used 1057875K [0x00007f9ed9b50000, 0x00007f9f2f0b0000, 0x00007fa984600000)
   the space 1398144K,  75% used [0x00007f9ed9b50000, 0x00007f9f1a464fc0, 0x00007f9f1a465000, 0x00007f9f2f0b0000)
 Metaspace       used 23180K, capacity 23529K, committed 23808K, reserved 24576K
}
Event: 17.614 GC heap after
{Heap after GC invocations=12 (full 4):
 def new generation   total 629248K, used 16557K [0x00007f9984600000, 0x00007f99af0c0000, 0x00007f9ed9b50000)
  eden space 559360K,   0% used [0x00007f9984600000, 0x00007f9984600000, 0x00007f99a6840000)
  from space 69888K,  23% used [0x00007f99aac80000, 0x00007f99abcab7b8, 0x00007f99af0c0000)
  to   space 69888K,   0% used [0x00007f99a6840000, 0x00007f99a6840000, 0x00007f99aac80000)
 tenured generation   total 1660292K, used 1582163K [0x00007f9ed9b50000, 0x00007f9f3f0b1000, 0x00007fa984600000)
   the space 1660292K,  95% used [0x00007f9ed9b50000, 0x00007f9f3a464ff0, 0x00007f9f3a465000, 0x00007f9f3f0b1000)
 Metaspace       used 23180K, capacity 23529K, committed 23808K, reserved 24576K
}
Event: 17.614 GC heap before
{Heap before GC invocations=12 (full 4):
 def new generation   total 629248K, used 16557K [0x00007f9984600000, 0x00007f99af0c0000, 0x00007f9ed9b50000)
  eden space 559360K,   0% used [0x00007f9984600000, 0x00007f9984600000, 0x00007f99a6840000)
  from space 69888K,  23% used [0x00007f99aac80000, 0x00007f99abcab7b8, 0x00007f99af0c0000)
  to   space 69888K,   0% used [0x00007f99a6840000, 0x00007f99a6840000, 0x00007f99aac80000)
 tenured generation   total 1660292K, used 1582163K [0x00007f9ed9b50000, 0x00007f9f3f0b1000, 0x00007fa984600000)
   the space 1660292K,  95% used [0x00007f9ed9b50000, 0x00007f9f3a464ff0, 0x00007f9f3a465000, 0x00007f9f3f0b1000)
 Metaspace       used 23180K, capacity 23529K, committed 23808K, reserved 24576K
}
Event: 17.923 GC heap after
{Heap after GC invocations=12 (full 5):
 def new generation   total 629248K, used 0K [0x00007f9984600000, 0x00007f99af0c0000, 0x00007f9ed9b50000)
  eden space 559360K,   0% used [0x00007f9984600000, 0x00007f9984600000, 0x00007f99a6840000)
  from space 69888K,   0% used [0x00007f99aac80000, 0x00007f99aac80000, 0x00007f99af0c0000)
  to   space 69888K,   0% used [0x00007f99a6840000, 0x00007f99a6840000, 0x00007f99aac80000)
 tenured generation   total 1398144K, used 533627K [0x00007f9ed9b50000, 0x00007f9f2f0b0000, 0x00007fa984600000)
   the space 1398144K,  38% used [0x00007f9ed9b50000, 0x00007f9efa46ee50, 0x00007f9efa46f000, 0x00007f9f2f0b0000)
 Metaspace       used 23180K, capacity 23529K, committed 23808K, reserved 24576K
}
Event: 22.506 GC heap before
{Heap before GC invocations=12 (full 5):
 def new generation   total 629248K, used 11036K [0x00007f9984600000, 0x00007f99af0c0000, 0x00007f9ed9b50000)
  eden space 559360K,   1% used [0x00007f9984600000, 0x00007f99850c7138, 0x00007f99a6840000)
  from space 69888K,   0% used [0x00007f99aac80000, 0x00007f99aac80000, 0x00007f99af0c0000)
  to   space 69888K,   0% used [0x00007f99a6840000, 0x00007f99a6840000, 0x00007f99aac80000)
 tenured generation   total 5592452K, used 4727931K [0x00007f9ed9b50000, 0x00007fa02f0b1000, 0x00007fa984600000)
   the space 5592452K,  84% used [0x00007f9ed9b50000, 0x00007f9ffa46ee68, 0x00007f9ffa46f000, 0x00007fa02f0b1000)
 Metaspace       used 23180K, capacity 23529K, committed 23808K, reserved 24576K
}
Event: 22.512 GC heap after
{Heap after GC invocations=13 (full 5):
 def new generation   total 629248K, used 0K [0x00007f9984600000, 0x00007f99af0c0000, 0x00007f9ed9b50000)
  eden space 559360K,   0% used [0x00007f9984600000, 0x00007f9984600000, 0x00007f99a6840000)
  from space 69888K,   0% used [0x00007f99a6840000, 0x00007f99a68400c0, 0x00007f99aac80000)
  to   space 69888K,   0% used [0x00007f99aac80000, 0x00007f99aac80000, 0x00007f99af0c0000)
 tenured generation   total 5592452K, used 4727931K [0x00007f9ed9b50000, 0x00007fa02f0b1000, 0x00007fa984600000)
   the space 5592452K,  84% used [0x00007f9ed9b50000, 0x00007f9ffa46ee68, 0x00007f9ffa46f000, 0x00007fa02f0b1000)
 Metaspace       used 23180K, capacity 23529K, committed 23808K, reserved 24576K
}
Event: 22.512 GC heap before
{Heap before GC invocations=13 (full 5):
 def new generation   total 629248K, used 0K [0x00007f9984600000, 0x00007f99af0c0000, 0x00007f9ed9b50000)
  eden space 559360K,   0% used [0x00007f9984600000, 0x00007f9984600000, 0x00007f99a6840000)
  from space 69888K,   0% used [0x00007f99a6840000, 0x00007f99a68400c0, 0x00007f99aac80000)
  to   space 69888K,   0% used [0x00007f99aac80000, 0x00007f99aac80000, 0x00007f99af0c0000)
 tenured generation   total 5592452K, used 4727931K [0x00007f9ed9b50000, 0x00007fa02f0b1000, 0x00007fa984600000)
   the space 5592452K,  84% used [0x00007f9ed9b50000, 0x00007f9ffa46ee68, 0x00007f9ffa46f000, 0x00007fa02f0b1000)
 Metaspace       used 23180K, capacity 23529K, committed 23808K, reserved 24576K
}
Event: 25.830 GC heap after
{Heap after GC invocations=13 (full 6):
 def new generation   total 3152832K, used 0K [0x00007f9984600000, 0x00007f9a5a300000, 0x00007f9ed9b50000)
  eden space 2802560K,   0% used [0x00007f9984600000, 0x00007f9984600000, 0x00007f9a2f6e0000)
  from space 350272K,   0% used [0x00007f9a2f6e0000, 0x00007f9a2f6e0000, 0x00007f9a44cf0000)
  to   space 350272K,   0% used [0x00007f9a44cf0000, 0x00007f9a44cf0000, 0x00007f9a5a300000)
 tenured generation   total 7006072K, used 4203642K [0x00007f9ed9b50000, 0x00007fa08552e000, 0x00007fa984600000)
   the space 7006072K,  59% used [0x00007f9ed9b50000, 0x00007f9fda46eb40, 0x00007f9fda46ec00, 0x00007fa08552e000)
 Metaspace       used 23180K, capacity 23529K, committed 23808K, reserved 24576K
}
Event: 42.814 GC heap before
{Heap before GC invocations=13 (full 6):
 def new generation   total 3152832K, used 1678999K [0x00007f9984600000, 0x00007f9a5a300000, 0x00007f9ed9b50000)
  eden space 2802560K,  59% used [0x00007f9984600000, 0x00007f99eada5ea8, 0x00007f9a2f6e0000)
  from space 350272K,   0% used [0x00007f9a2f6e0000, 0x00007f9a2f6e0000, 0x00007f9a44cf0000)
  to   space 350272K,   0% used [0x00007f9a44cf0000, 0x00007f9a44cf0000, 0x00007f9a5a300000)
 tenured generation   total 11200380K, used 8397946K [0x00007f9ed9b50000, 0x00007fa18552f000, 0x00007fa984600000)
   the space 11200380K,  74% used [0x00007f9ed9b50000, 0x00007fa0da46eb58, 0x00007fa0da46ec00, 0x00007fa18552f000)
 Metaspace       used 23245K, capacity 23661K, committed 23808K, reserved 24576K
}
Event: 45.022 GC heap after
{Heap after GC invocations=14 (full 6):
 def new generation   total 3152832K, used 656K [0x00007f9984600000, 0x00007f9a5a300000, 0x00007f9ed9b50000)
  eden space 2802560K,   0% used [0x00007f9984600000, 0x00007f9984600000, 0x00007f9a2f6e0000)
  from space 350272K,   0% used [0x00007f9a44cf0000, 0x00007f9a44d943d8, 0x00007f9a5a300000)
  to   space 350272K,   0% used [0x00007f9a2f6e0000, 0x00007f9a2f6e0000, 0x00007f9a44cf0000)
 tenured generation   total 11200380K, used 9446522K [0x00007f9ed9b50000, 0x00007fa18552f000, 0x00007fa984600000)
   the space 11200380K,  84% used [0x00007f9ed9b50000, 0x00007fa11a46eb70, 0x00007fa11a46ec00, 0x00007fa18552f000)
 Metaspace       used 23245K, capacity 23661K, committed 23808K, reserved 24576K
}
Event: 45.022 GC heap before
{Heap before GC invocations=14 (full 6):
 def new generation   total 3152832K, used 656K [0x00007f9984600000, 0x00007f9a5a300000, 0x00007f9ed9b50000)
  eden space 2802560K,   0% used [0x00007f9984600000, 0x00007f9984600000, 0x00007f9a2f6e0000)
  from space 350272K,   0% used [0x00007f9a44cf0000, 0x00007f9a44d943d8, 0x00007f9a5a300000)
  to   space 350272K,   0% used [0x00007f9a2f6e0000, 0x00007f9a2f6e0000, 0x00007f9a44cf0000)
 tenured generation   total 11200380K, used 9446522K [0x00007f9ed9b50000, 0x00007fa18552f000, 0x00007fa984600000)
   the space 11200380K,  84% used [0x00007f9ed9b50000, 0x00007fa11a46eb70, 0x00007fa11a46ec00, 0x00007fa18552f000)
 Metaspace       used 23245K, capacity 23661K, committed 23808K, reserved 24576K
}
Event: 45.475 GC heap after
{Heap after GC invocations=14 (full 7):
 def new generation   total 5040256K, used 0K [0x00007f9984600000, 0x00007f9ada300000, 0x00007f9ed9b50000)
  eden space 4480256K,   0% used [0x00007f9984600000, 0x00007f9984600000, 0x00007f9a95d40000)
  from space 560000K,   0% used [0x00007f9a95d40000, 0x00007f9a95d40000, 0x00007f9ab8020000)
  to   space 560000K,   0% used [0x00007f9ab8020000, 0x00007f9ab8020000, 0x00007f9ada300000)
 tenured generation   total 11200380K, used 1058484K [0x00007f9ed9b50000, 0x00007fa18552f000, 0x00007fa984600000)
   the space 11200380K,   9% used [0x00007f9ed9b50000, 0x00007f9f1a4fd3d0, 0x00007f9f1a4fd400, 0x00007fa18552f000)
 Metaspace       used 23245K, capacity 23661K, committed 23808K, reserved 24576K
}
Event: 48.830 GC heap before
{Heap before GC invocations=14 (full 7):
 def new generation   total 5040256K, used 4283123K [0x00007f9984600000, 0x00007f9ada300000, 0x00007f9ed9b50000)
  eden space 4480256K,  95% used [0x00007f9984600000, 0x00007f9a89cbcd98, 0x00007f9a95d40000)
  from space 560000K,   0% used [0x00007f9a95d40000, 0x00007f9a95d40000, 0x00007f9ab8020000)
  to   space 560000K,   0% used [0x00007f9ab8020000, 0x00007f9ab8020000, 0x00007f9ada300000)
 tenured generation   total 11200380K, used 1058484K [0x00007f9ed9b50000, 0x00007fa18552f000, 0x00007fa984600000)
   the space 11200380K,   9% used [0x00007f9ed9b50000, 0x00007f9f1a4fd3d0, 0x00007f9f1a4fd400, 0x00007fa18552f000)
 Metaspace       used 23245K, capacity 23661K, committed 23808K, reserved 24576K
}
Event: 49.715 GC heap after
{Heap after GC invocations=15 (full 7):
 def new generation   total 5040256K, used 0K [0x00007f9984600000, 0x00007f9ada300000, 0x00007f9ed9b50000)
  eden space 4480256K,   0% used [0x00007f9984600000, 0x00007f9984600000, 0x00007f9a95d40000)
  from space 560000K,   0% used [0x00007f9ab8020000, 0x00007f9ab8020160, 0x00007f9ada300000)
  to   space 560000K,   0% used [0x00007f9a95d40000, 0x00007f9a95d40000, 0x00007f9ab8020000)
 tenured generation   total 11200380K, used 5252788K [0x00007f9ed9b50000, 0x00007fa18552f000, 0x00007fa984600000)
   the space 11200380K,  46% used [0x00007f9ed9b50000, 0x00007fa01a4fd3e8, 0x00007fa01a4fd400, 0x00007fa18552f000)
 Metaspace       used 23245K, capacity 23661K, committed 23808K, reserved 24576K
}
Event: 53.550 GC heap before
{Heap before GC invocations=15 (full 7):
 def new generation   total 5040256K, used 4282791K [0x00007f9984600000, 0x00007f9ada300000, 0x00007f9ed9b50000)
  eden space 4480256K,  95% used [0x00007f9984600000, 0x00007f9a89c69b08, 0x00007f9a95d40000)
  from space 560000K,   0% used [0x00007f9ab8020000, 0x00007f9ab8020160, 0x00007f9ada300000)
  to   space 560000K,   0% used [0x00007f9a95d40000, 0x00007f9a95d40000, 0x00007f9ab8020000)
 tenured generation   total 11200380K, used 5252788K [0x00007f9ed9b50000, 0x00007fa18552f000, 0x00007fa984600000)
   the space 11200380K,  46% used [0x00007f9ed9b50000, 0x00007fa01a4fd3e8, 0x00007fa01a4fd400, 0x00007fa18552f000)
 Metaspace       used 23245K, capacity 23661K, committed 23808K, reserved 24576K
}
Event: 55.134 GC heap after
{Heap after GC invocations=16 (full 7):
 def new generation   total 5040256K, used 524289K [0x00007f9984600000, 0x00007f9ada300000, 0x00007f9ed9b50000)
  eden space 4480256K,   0% used [0x00007f9984600000, 0x00007f9984600000, 0x00007f9a95d40000)
  from space 560000K,  93% used [0x00007f9a95d40000, 0x00007f9ab5d406b8, 0x00007f9ab8020000)
  to   space 560000K,   0% used [0x00007f9ab8020000, 0x00007f9ab8020000, 0x00007f9ada300000)
 tenured generation   total 11200380K, used 8922805K [0x00007f9ed9b50000, 0x00007fa18552f000, 0x00007fa984600000)
   the space 11200380K,  79% used [0x00007f9ed9b50000, 0x00007fa0fa4fd430, 0x00007fa0fa4fd600, 0x00007fa18552f000)
 Metaspace       used 23245K, capacity 23661K, committed 23808K, reserved 24576K
}
Event: 56.631 GC heap before
{Heap before GC invocations=16 (full 7):
 def new generation   total 5040256K, used 2283687K [0x00007f9984600000, 0x00007f9ada300000, 0x00007f9ed9b50000)
  eden space 4480256K,  39% used [0x00007f9984600000, 0x00007f99efc29910, 0x00007f9a95d40000)
  from space 560000K,  93% used [0x00007f9a95d40000, 0x00007f9ab5d406b8, 0x00007f9ab8020000)
  to   space 560000K,   0% used [0x00007f9ab8020000, 0x00007f9ab8020000, 0x00007f9ada300000)
 tenured generation   total 11200380K, used 8922805K [0x00007f9ed9b50000, 0x00007fa18552f000, 0x00007fa984600000)
   the space 11200380K,  79% used [0x00007f9ed9b50000, 0x00007fa0fa4fd430, 0x00007fa0fa4fd600, 0x00007fa18552f000)
 Metaspace       used 23252K, capacity 23661K, committed 23808K, reserved 24576K
}
Event: 57.571 GC heap after
{Heap after GC invocations=17 (full 7):
 def new generation   total 5040256K, used 37219K [0x00007f9984600000, 0x00007f9ada300000, 0x00007f9ed9b50000)
  eden space 4480256K,   0% used [0x00007f9984600000, 0x00007f9984600000, 0x00007f9a95d40000)
  from space 560000K,   6% used [0x00007f9ab8020000, 0x00007f9aba478e00, 0x00007f9ada300000)
  to   space 560000K,   0% used [0x00007f9a95d40000, 0x00007f9a95d40000, 0x00007f9ab8020000)
 tenured generation   total 11200380K, used 9971382K [0x00007f9ed9b50000, 0x00007fa18552f000, 0x00007fa984600000)
   the space 11200380K,  89% used [0x00007f9ed9b50000, 0x00007fa13a4fd858, 0x00007fa13a4fda00, 0x00007fa18552f000)
 Metaspace       used 23252K, capacity 23661K, committed 23808K, reserved 24576K
}
Event: 60.775 GC heap before
{Heap before GC invocations=17 (full 7):
 def new generation   total 5040256K, used 4319753K [0x00007f9984600000, 0x00007f9ada300000, 0x00007f9ed9b50000)
  eden space 4480256K,  95% used [0x00007f9984600000, 0x00007f9a89c298c8, 0x00007f9a95d40000)
  from space 560000K,   6% used [0x00007f9ab8020000, 0x00007f9aba478e00, 0x00007f9ada300000)
  to   space 560000K,   0% used [0x00007f9a95d40000, 0x00007f9a95d40000, 0x00007f9ab8020000)
 tenured generation   total 11200380K, used 9971382K [0x00007f9ed9b50000, 0x00007fa18552f000, 0x00007fa984600000)
   the space 11200380K,  89% used [0x00007f9ed9b50000, 0x00007fa13a4fd858, 0x00007fa13a4fda00, 0x00007fa18552f000)
 Metaspace       used 23252K, capacity 23661K, committed 23808K, reserved 24576K
}

