# JRE version: OpenJDK Runtime Environment (13.0.7+5) (build 13.0.7+5-Ubuntu-0ubuntu120.04)
# Java VM: OpenJDK 64-Bit Server VM (13.0.7+5-Ubuntu-0ubuntu120.04, mixed mode, tiered, serial gc, linux-amd64)
Heap:
 def new generation   total 4911424K, used 545575K [0x00007f01c0600000, 0x00007f030d730000, 0x00007f0715b50000)
  eden space 4365760K,  12% used [0x00007f01c0600000, 0x00007f01e1ac9de0, 0x00007f02cad70000)
  from space 545664K,   0% used [0x00007f02cad70000, 0x00007f02cad70000, 0x00007f02ec250000)
  to   space 545664K,   0% used [0x00007f02ec250000, 0x00007f02ec250000, 0x00007f030d730000)
 tenured generation   total 14734340K, used 14734339K [0x00007f0715b50000, 0x00007f0a99051000, 0x00007f11c0600000)
   the space 14734340K,  99% used [0x00007f0715b50000, 0x00007f0a99050cb8, 0x00007f0a99050e00, 0x00007f0a99051000)
 Metaspace       used 30522K, capacity 30991K, committed 31232K, reserved 32768K
GC Heap History (20 events):
Event: 194.015 GC heap after
{Heap after GC invocations=133 (full 10):
 def new generation   total 2972800K, used 285824K [0x00007f01c0600000, 0x00007f0289fb0000, 0x00007f0715b50000)
  eden space 2642496K,   0% used [0x00007f01c0600000, 0x00007f01c0600000, 0x00007f0261a90000)
  from space 330304K,  86% used [0x00007f0275d20000, 0x00007f02874401f8, 0x00007f0289fb0000)
  to   space 330304K,   0% used [0x00007f0261a90000, 0x00007f0261a90000, 0x00007f0275d20000)
 tenured generation   total 6606136K, used 3963679K [0x00007f0715b50000, 0x00007f08a8e9e000, 0x00007f11c0600000)
   the space 6606136K,  59% used [0x00007f0715b50000, 0x00007f0807a17e40, 0x00007f0807a18000, 0x00007f08a8e9e000)
 Metaspace       used 30498K, capacity 30927K, committed 31232K, reserved 32768K
}
Event: 194.895 GC heap before
{Heap before GC invocations=133 (full 10):
 def new generation   total 2972800K, used 2928320K [0x00007f01c0600000, 0x00007f0289fb0000, 0x00007f0715b50000)
  eden space 2642496K, 100% used [0x00007f01c0600000, 0x00007f0261a90000, 0x00007f0261a90000)
  from space 330304K,  86% used [0x00007f0275d20000, 0x00007f02874401f8, 0x00007f0289fb0000)
  to   space 330304K,   0% used [0x00007f0261a90000, 0x00007f0261a90000, 0x00007f0275d20000)
 tenured generation   total 6606136K, used 3963679K [0x00007f0715b50000, 0x00007f08a8e9e000, 0x00007f11c0600000)
   the space 6606136K,  59% used [0x00007f0715b50000, 0x00007f0807a17e40, 0x00007f0807a18000, 0x00007f08a8e9e000)
 Metaspace       used 30498K, capacity 30927K, committed 31232K, reserved 32768K
}
Event: 195.900 GC heap after
{Heap after GC invocations=134 (full 10):
 def new generation   total 2972800K, used 284158K [0x00007f01c0600000, 0x00007f0289fb0000, 0x00007f0715b50000)
  eden space 2642496K,   0% used [0x00007f01c0600000, 0x00007f01c0600000, 0x00007f0261a90000)
  from space 330304K,  86% used [0x00007f0261a90000, 0x00007f027300f858, 0x00007f0275d20000)
  to   space 330304K,   0% used [0x00007f0275d20000, 0x00007f0275d20000, 0x00007f0289fb0000)
 tenured generation   total 6606136K, used 4249503K [0x00007f0715b50000, 0x00007f08a8e9e000, 0x00007f11c0600000)
   the space 6606136K,  64% used [0x00007f0715b50000, 0x00007f0819137df8, 0x00007f0819137e00, 0x00007f08a8e9e000)
 Metaspace       used 30498K, capacity 30927K, committed 31232K, reserved 32768K
}
Event: 214.200 GC heap before
{Heap before GC invocations=134 (full 10):
 def new generation   total 2972800K, used 2926654K [0x00007f01c0600000, 0x00007f0289fb0000, 0x00007f0715b50000)
  eden space 2642496K, 100% used [0x00007f01c0600000, 0x00007f0261a90000, 0x00007f0261a90000)
  from space 330304K,  86% used [0x00007f0261a90000, 0x00007f027300f858, 0x00007f0275d20000)
  to   space 330304K,   0% used [0x00007f0275d20000, 0x00007f0275d20000, 0x00007f0289fb0000)
 tenured generation   total 6606136K, used 4249503K [0x00007f0715b50000, 0x00007f08a8e9e000, 0x00007f11c0600000)
   the space 6606136K,  64% used [0x00007f0715b50000, 0x00007f0819137df8, 0x00007f0819137e00, 0x00007f08a8e9e000)
 Metaspace       used 30498K, capacity 30927K, committed 31232K, reserved 32768K
}
Event: 217.616 GC heap after
{Heap after GC invocations=135 (full 10):
 def new generation   total 2972800K, used 330303K [0x00007f01c0600000, 0x00007f0289fb0000, 0x00007f0715b50000)
  eden space 2642496K,   0% used [0x00007f01c0600000, 0x00007f01c0600000, 0x00007f0261a90000)
  from space 330304K,  99% used [0x00007f0275d20000, 0x00007f0289fafff8, 0x00007f0289fb0000)
  to   space 330304K,   0% used [0x00007f0261a90000, 0x00007f0261a90000, 0x00007f0275d20000)
 tenured generation   total 6606136K, used 5647275K [0x00007f0715b50000, 0x00007f08a8e9e000, 0x00007f11c0600000)
   the space 6606136K,  85% used [0x00007f0715b50000, 0x00007f086e63aed0, 0x00007f086e63b000, 0x00007f08a8e9e000)
 Metaspace       used 30498K, capacity 30927K, committed 31232K, reserved 32768K
}
Event: 243.604 GC heap before
{Heap before GC invocations=135 (full 10):
 def new generation   total 2972800K, used 2972799K [0x00007f01c0600000, 0x00007f0289fb0000, 0x00007f0715b50000)
  eden space 2642496K, 100% used [0x00007f01c0600000, 0x00007f0261a90000, 0x00007f0261a90000)
  from space 330304K,  99% used [0x00007f0275d20000, 0x00007f0289fafff8, 0x00007f0289fb0000)
  to   space 330304K,   0% used [0x00007f0261a90000, 0x00007f0261a90000, 0x00007f0275d20000)
 tenured generation   total 6606136K, used 5647275K [0x00007f0715b50000, 0x00007f08a8e9e000, 0x00007f11c0600000)
   the space 6606136K,  85% used [0x00007f0715b50000, 0x00007f086e63aed0, 0x00007f086e63b000, 0x00007f08a8e9e000)
 Metaspace       used 30498K, capacity 30927K, committed 31232K, reserved 32768K
}
Event: 246.362 GC heap after
{Heap after GC invocations=136 (full 10):
 def new generation   total 2972800K, used 330304K [0x00007f01c0600000, 0x00007f0289fb0000, 0x00007f0715b50000)
  eden space 2642496K,   0% used [0x00007f01c0600000, 0x00007f01c0600000, 0x00007f0261a90000)
  from space 330304K, 100% used [0x00007f0261a90000, 0x00007f0275d20000, 0x00007f0275d20000)
  to   space 330304K,   0% used [0x00007f0275d20000, 0x00007f0275d20000, 0x00007f0289fb0000)
 tenured generation   total 6878968K, used 6878846K [0x00007f0715b50000, 0x00007f08b990e000, 0x00007f11c0600000)
   the space 6878968K,  99% used [0x00007f0715b50000, 0x00007f08b98ef948, 0x00007f08b98efa00, 0x00007f08b990e000)
 Metaspace       used 30498K, capacity 30927K, committed 31232K, reserved 32768K
}
Event: 246.362 GC heap before
{Heap before GC invocations=136 (full 10):
 def new generation   total 2972800K, used 330304K [0x00007f01c0600000, 0x00007f0289fb0000, 0x00007f0715b50000)
  eden space 2642496K,   0% used [0x00007f01c0600000, 0x00007f01c0600000, 0x00007f0261a90000)
  from space 330304K, 100% used [0x00007f0261a90000, 0x00007f0275d20000, 0x00007f0275d20000)
  to   space 330304K,   0% used [0x00007f0275d20000, 0x00007f0275d20000, 0x00007f0289fb0000)
 tenured generation   total 6878968K, used 6878846K [0x00007f0715b50000, 0x00007f08b990e000, 0x00007f11c0600000)
   the space 6878968K,  99% used [0x00007f0715b50000, 0x00007f08b98ef948, 0x00007f08b98efa00, 0x00007f08b990e000)
 Metaspace       used 30498K, capacity 30927K, committed 31232K, reserved 32768K
}
Event: 257.896 GC heap after
{Heap after GC invocations=136 (full 11):
 def new generation   total 4360640K, used 0K [0x00007f01c0600000, 0x00007f02e8190000, 0x00007f0715b50000)
  eden space 3876160K,   0% used [0x00007f01c0600000, 0x00007f01c0600000, 0x00007f02acf50000)
  from space 484480K,   0% used [0x00007f02acf50000, 0x00007f02acf50000, 0x00007f02ca870000)
  to   space 484480K,   0% used [0x00007f02ca870000, 0x00007f02ca870000, 0x00007f02e8190000)
 tenured generation   total 9690172K, used 5814102K [0x00007f0715b50000, 0x00007f096525f000, 0x00007f11c0600000)
   the space 9690172K,  59% used [0x00007f0715b50000, 0x00007f0878925888, 0x00007f0878925a00, 0x00007f096525f000)
 Metaspace       used 30498K, capacity 30927K, committed 31232K, reserved 32768K
}
Event: 262.810 GC heap before
{Heap before GC invocations=136 (full 11):
 def new generation   total 4360640K, used 3876160K [0x00007f01c0600000, 0x00007f02e8190000, 0x00007f0715b50000)
  eden space 3876160K, 100% used [0x00007f01c0600000, 0x00007f02acf50000, 0x00007f02acf50000)
  from space 484480K,   0% used [0x00007f02acf50000, 0x00007f02acf50000, 0x00007f02ca870000)
  to   space 484480K,   0% used [0x00007f02ca870000, 0x00007f02ca870000, 0x00007f02e8190000)
 tenured generation   total 9690172K, used 5814102K [0x00007f0715b50000, 0x00007f096525f000, 0x00007f11c0600000)
   the space 9690172K,  59% used [0x00007f0715b50000, 0x00007f0878925888, 0x00007f0878925a00, 0x00007f096525f000)
 Metaspace       used 30522K, capacity 30991K, committed 31232K, reserved 32768K
}
Event: 264.752 GC heap after
{Heap after GC invocations=137 (full 11):
 def new generation   total 4360640K, used 484479K [0x00007f01c0600000, 0x00007f02e8190000, 0x00007f0715b50000)
  eden space 3876160K,   0% used [0x00007f01c0600000, 0x00007f01c0600000, 0x00007f02acf50000)
  from space 484480K,  99% used [0x00007f02ca870000, 0x00007f02e818fff0, 0x00007f02e8190000)
  to   space 484480K,   0% used [0x00007f02acf50000, 0x00007f02acf50000, 0x00007f02ca870000)
 tenured generation   total 9690172K, used 7970383K [0x00007f0715b50000, 0x00007f096525f000, 0x00007f11c0600000)
   the space 9690172K,  82% used [0x00007f0715b50000, 0x00007f08fc2e3cb0, 0x00007f08fc2e3e00, 0x00007f096525f000)
 Metaspace       used 30522K, capacity 30991K, committed 31232K, reserved 32768K
}
Event: 265.259 GC heap before
{Heap before GC invocations=137 (full 11):
 def new generation   total 4360640K, used 4360639K [0x00007f01c0600000, 0x00007f02e8190000, 0x00007f0715b50000)
  eden space 3876160K, 100% used [0x00007f01c0600000, 0x00007f02acf50000, 0x00007f02acf50000)
  from space 484480K,  99% used [0x00007f02ca870000, 0x00007f02e818fff0, 0x00007f02e8190000)
  to   space 484480K,   0% used [0x00007f02acf50000, 0x00007f02acf50000, 0x00007f02ca870000)
 tenured generation   total 9690172K, used 7970383K [0x00007f0715b50000, 0x00007f096525f000, 0x00007f11c0600000)
   the space 9690172K,  82% used [0x00007f0715b50000, 0x00007f08fc2e3cb0, 0x00007f08fc2e3e00, 0x00007f096525f000)
 Metaspace       used 30522K, capacity 30991K, committed 31232K, reserved 32768K
}
Event: 267.281 GC heap after
{Heap after GC invocations=138 (full 11):
 def new generation   total 4360640K, used 484479K [0x00007f01c0600000, 0x00007f02e8190000, 0x00007f0715b50000)
  eden space 3876160K,   0% used [0x00007f01c0600000, 0x00007f01c0600000, 0x00007f02acf50000)
  from space 484480K,  99% used [0x00007f02acf50000, 0x00007f02ca86fe20, 0x00007f02ca870000)
  to   space 484480K,   0% used [0x00007f02ca870000, 0x00007f02ca870000, 0x00007f02e8190000)
 tenured generation   total 11846524K, used 11846461K [0x00007f0715b50000, 0x00007f09e8c2f000, 0x00007f11c0600000)
   the space 11846524K,  99% used [0x00007f0715b50000, 0x00007f09e8c1f660, 0x00007f09e8c1f800, 0x00007f09e8c2f000)
 Metaspace       used 30522K, capacity 30991K, committed 31232K, reserved 32768K
}
Event: 267.281 GC heap before
{Heap before GC invocations=138 (full 11):
 def new generation   total 4360640K, used 484479K [0x00007f01c0600000, 0x00007f02e8190000, 0x00007f0715b50000)
  eden space 3876160K,   0% used [0x00007f01c0600000, 0x00007f01c0600000, 0x00007f02acf50000)
  from space 484480K,  99% used [0x00007f02acf50000, 0x00007f02ca86fe20, 0x00007f02ca870000)
  to   space 484480K,   0% used [0x00007f02ca870000, 0x00007f02ca870000, 0x00007f02e8190000)
 tenured generation   total 11846524K, used 11846461K [0x00007f0715b50000, 0x00007f09e8c2f000, 0x00007f11c0600000)
   the space 11846524K,  99% used [0x00007f0715b50000, 0x00007f09e8c1f660, 0x00007f09e8c1f800, 0x00007f09e8c2f000)
 Metaspace       used 30522K, capacity 30991K, committed 31232K, reserved 32768K
}
Event: 272.092 GC heap after
{Heap after GC invocations=138 (full 12):
 def new generation   total 4911424K, used 0K [0x00007f01c0600000, 0x00007f030d730000, 0x00007f0715b50000)
  eden space 4365760K,   0% used [0x00007f01c0600000, 0x00007f01c0600000, 0x00007f02cad70000)
  from space 545664K,   0% used [0x00007f02cad70000, 0x00007f02cad70000, 0x00007f02ec250000)
  to   space 545664K,   0% used [0x00007f02ec250000, 0x00007f02ec250000, 0x00007f030d730000)
 tenured generation   total 10914116K, used 6548468K [0x00007f0715b50000, 0x00007f09afda1000, 0x00007f11c0600000)
   the space 10914116K,  59% used [0x00007f0715b50000, 0x00007f08a564d2d8, 0x00007f08a564d400, 0x00007f09afda1000)
 Metaspace       used 30522K, capacity 30991K, committed 31232K, reserved 32768K
}
Event: 272.650 GC heap before
{Heap before GC invocations=138 (full 12):
 def new generation   total 4911424K, used 4365760K [0x00007f01c0600000, 0x00007f030d730000, 0x00007f0715b50000)
  eden space 4365760K, 100% used [0x00007f01c0600000, 0x00007f02cad70000, 0x00007f02cad70000)
  from space 545664K,   0% used [0x00007f02cad70000, 0x00007f02cad70000, 0x00007f02ec250000)
  to   space 545664K,   0% used [0x00007f02ec250000, 0x00007f02ec250000, 0x00007f030d730000)
 tenured generation   total 10914116K, used 6548468K [0x00007f0715b50000, 0x00007f09afda1000, 0x00007f11c0600000)
   the space 10914116K,  59% used [0x00007f0715b50000, 0x00007f08a564d2d8, 0x00007f08a564d400, 0x00007f09afda1000)
 Metaspace       used 30522K, capacity 30991K, committed 31232K, reserved 32768K
}
Event: 274.164 GC heap after
{Heap after GC invocations=139 (full 12):
 def new generation   total 4911424K, used 545662K [0x00007f01c0600000, 0x00007f030d730000, 0x00007f0715b50000)
  eden space 4365760K,   0% used [0x00007f01c0600000, 0x00007f01c0600000, 0x00007f02cad70000)
  from space 545664K,  99% used [0x00007f02ec250000, 0x00007f030d72fb40, 0x00007f030d730000)
  to   space 545664K,   0% used [0x00007f02cad70000, 0x00007f02cad70000, 0x00007f02ec250000)
 tenured generation   total 10914116K, used 10368534K [0x00007f0715b50000, 0x00007f09afda1000, 0x00007f11c0600000)
   the space 10914116K,  95% used [0x00007f0715b50000, 0x00007f098e8d5bd8, 0x00007f098e8d5c00, 0x00007f09afda1000)
 Metaspace       used 30522K, capacity 30991K, committed 31232K, reserved 32768K
}
Event: 274.764 GC heap before
{Heap before GC invocations=139 (full 12):
 def new generation   total 4911424K, used 4911422K [0x00007f01c0600000, 0x00007f030d730000, 0x00007f0715b50000)
  eden space 4365760K, 100% used [0x00007f01c0600000, 0x00007f02cad70000, 0x00007f02cad70000)
  from space 545664K,  99% used [0x00007f02ec250000, 0x00007f030d72fb40, 0x00007f030d730000)
  to   space 545664K,   0% used [0x00007f02cad70000, 0x00007f02cad70000, 0x00007f02ec250000)
 tenured generation   total 10914116K, used 10368534K [0x00007f0715b50000, 0x00007f09afda1000, 0x00007f11c0600000)
   the space 10914116K,  95% used [0x00007f0715b50000, 0x00007f098e8d5bd8, 0x00007f098e8d5c00, 0x00007f09afda1000)
 Metaspace       used 30522K, capacity 30991K, committed 31232K, reserved 32768K
}
Event: 278.492 GC heap after
{Heap after GC invocations=140 (full 12):
 def new generation   total 4911424K, used 545662K [0x00007f01c0600000, 0x00007f030d730000, 0x00007f0715b50000)
  eden space 4365760K,   0% used [0x00007f01c0600000, 0x00007f01c0600000, 0x00007f02cad70000)
  from space 545664K,  99% used [0x00007f02cad70000, 0x00007f02ec24fb40, 0x00007f02ec250000)
  to   space 545664K,   0% used [0x00007f02ec250000, 0x00007f02ec250000, 0x00007f030d730000)
 tenured generation   total 14734340K, used 14734251K [0x00007f0715b50000, 0x00007f0a99051000, 0x00007f11c0600000)
   the space 14734340K,  99% used [0x00007f0715b50000, 0x00007f0a9903af58, 0x00007f0a9903b000, 0x00007f0a99051000)
 Metaspace       used 30522K, capacity 30991K, committed 31232K, reserved 32768K
}
Event: 278.492 GC heap before
{Heap before GC invocations=140 (full 12):
 def new generation   total 4911424K, used 545662K [0x00007f01c0600000, 0x00007f030d730000, 0x00007f0715b50000)
  eden space 4365760K,   0% used [0x00007f01c0600000, 0x00007f01c0600000, 0x00007f02cad70000)
  from space 545664K,  99% used [0x00007f02cad70000, 0x00007f02ec24fb40, 0x00007f02ec250000)
  to   space 545664K,   0% used [0x00007f02ec250000, 0x00007f02ec250000, 0x00007f030d730000)
 tenured generation   total 14734340K, used 14734251K [0x00007f0715b50000, 0x00007f0a99051000, 0x00007f11c0600000)
   the space 14734340K,  99% used [0x00007f0715b50000, 0x00007f0a9903af58, 0x00007f0a9903b000, 0x00007f0a99051000)
 Metaspace       used 30522K, capacity 30991K, committed 31232K, reserved 32768K
}

