# JRE version: OpenJDK Runtime Environment (13.0.7+5) (build 13.0.7+5-Ubuntu-0ubuntu120.04)
# Java VM: OpenJDK 64-Bit Server VM (13.0.7+5-Ubuntu-0ubuntu120.04, mixed mode, tiered, serial gc, linux-amd64)
Heap:
 def new generation   total 2699136K, used 152592K [0x00007f3dc0600000, 0x00007f3e776b0000, 0x00007f486b0a0000)
  eden space 2399296K,   6% used [0x00007f3dc0600000, 0x00007f3dc9b04008, 0x00007f3e52d10000)
  from space 299840K,   0% used [0x00007f3e52d10000, 0x00007f3e52d10000, 0x00007f3e651e0000)
  to   space 299840K,   0% used [0x00007f3e651e0000, 0x00007f3e651e0000, 0x00007f3e776b0000)
 tenured generation   total 6063448K, used 6050535K [0x00007f486b0a0000, 0x00007f49dd1f6000, 0x00007f5dc0600000)
   the space 6063448K,  99% used [0x00007f486b0a0000, 0x00007f49dc559e00, 0x00007f49dc559e00, 0x00007f49dd1f6000)
 Metaspace       used 24177K, capacity 24570K, committed 24832K, reserved 26624K
GC Heap History (20 events):
Event: 1402.243 GC heap after
{Heap after GC invocations=1315 (full 6):
 def new generation   total 2699136K, used 145933K [0x00007f3dc0600000, 0x00007f3e776b0000, 0x00007f486b0a0000)
  eden space 2399296K,   0% used [0x00007f3dc0600000, 0x00007f3dc0600000, 0x00007f3e52d10000)
  from space 299840K,  48% used [0x00007f3e651e0000, 0x00007f3e6e063448, 0x00007f3e776b0000)
  to   space 299840K,   0% used [0x00007f3e52d10000, 0x00007f3e52d10000, 0x00007f3e651e0000)
 tenured generation   total 5997896K, used 5829525K [0x00007f486b0a0000, 0x00007f49d91f2000, 0x00007f5dc0600000)
   the space 5997896K,  97% used [0x00007f486b0a0000, 0x00007f49ced857c8, 0x00007f49ced85800, 0x00007f49d91f2000)
 Metaspace       used 24177K, capacity 24570K, committed 24832K, reserved 26624K
}
Event: 1404.530 GC heap before
{Heap before GC invocations=1315 (full 6):
 def new generation   total 2699136K, used 2545229K [0x00007f3dc0600000, 0x00007f3e776b0000, 0x00007f486b0a0000)
  eden space 2399296K, 100% used [0x00007f3dc0600000, 0x00007f3e52d10000, 0x00007f3e52d10000)
  from space 299840K,  48% used [0x00007f3e651e0000, 0x00007f3e6e063448, 0x00007f3e776b0000)
  to   space 299840K,   0% used [0x00007f3e52d10000, 0x00007f3e52d10000, 0x00007f3e651e0000)
 tenured generation   total 5997896K, used 5829525K [0x00007f486b0a0000, 0x00007f49d91f2000, 0x00007f5dc0600000)
   the space 5997896K,  97% used [0x00007f486b0a0000, 0x00007f49ced857c8, 0x00007f49ced85800, 0x00007f49d91f2000)
 Metaspace       used 24177K, capacity 24570K, committed 24832K, reserved 26624K
}
Event: 1404.617 GC heap after
{Heap after GC invocations=1316 (full 6):
 def new generation   total 2699136K, used 156224K [0x00007f3dc0600000, 0x00007f3e776b0000, 0x00007f486b0a0000)
  eden space 2399296K,   0% used [0x00007f3dc0600000, 0x00007f3dc0600000, 0x00007f3e52d10000)
  from space 299840K,  52% used [0x00007f3e52d10000, 0x00007f3e5c5a0308, 0x00007f3e651e0000)
  to   space 299840K,   0% used [0x00007f3e651e0000, 0x00007f3e651e0000, 0x00007f3e776b0000)
 tenured generation   total 5997896K, used 5829525K [0x00007f486b0a0000, 0x00007f49d91f2000, 0x00007f5dc0600000)
   the space 5997896K,  97% used [0x00007f486b0a0000, 0x00007f49ced857c8, 0x00007f49ced85800, 0x00007f49d91f2000)
 Metaspace       used 24177K, capacity 24570K, committed 24832K, reserved 26624K
}
Event: 1407.077 GC heap before
{Heap before GC invocations=1316 (full 6):
 def new generation   total 2699136K, used 2555520K [0x00007f3dc0600000, 0x00007f3e776b0000, 0x00007f486b0a0000)
  eden space 2399296K, 100% used [0x00007f3dc0600000, 0x00007f3e52d10000, 0x00007f3e52d10000)
  from space 299840K,  52% used [0x00007f3e52d10000, 0x00007f3e5c5a0308, 0x00007f3e651e0000)
  to   space 299840K,   0% used [0x00007f3e651e0000, 0x00007f3e651e0000, 0x00007f3e776b0000)
 tenured generation   total 5997896K, used 5829525K [0x00007f486b0a0000, 0x00007f49d91f2000, 0x00007f5dc0600000)
   the space 5997896K,  97% used [0x00007f486b0a0000, 0x00007f49ced857c8, 0x00007f49ced85800, 0x00007f49d91f2000)
 Metaspace       used 24177K, capacity 24570K, committed 24832K, reserved 26624K
}
Event: 1407.197 GC heap after
{Heap after GC invocations=1317 (full 6):
 def new generation   total 2699136K, used 152616K [0x00007f3dc0600000, 0x00007f3e776b0000, 0x00007f486b0a0000)
  eden space 2399296K,   0% used [0x00007f3dc0600000, 0x00007f3dc0600000, 0x00007f3e52d10000)
  from space 299840K,  50% used [0x00007f3e651e0000, 0x00007f3e6e6ea390, 0x00007f3e776b0000)
  to   space 299840K,   0% used [0x00007f3e52d10000, 0x00007f3e52d10000, 0x00007f3e651e0000)
 tenured generation   total 5997896K, used 5846484K [0x00007f486b0a0000, 0x00007f49d91f2000, 0x00007f5dc0600000)
   the space 5997896K,  97% used [0x00007f486b0a0000, 0x00007f49cfe15220, 0x00007f49cfe15400, 0x00007f49d91f2000)
 Metaspace       used 24177K, capacity 24570K, committed 24832K, reserved 26624K
}
Event: 1409.540 GC heap before
{Heap before GC invocations=1317 (full 6):
 def new generation   total 2699136K, used 2551912K [0x00007f3dc0600000, 0x00007f3e776b0000, 0x00007f486b0a0000)
  eden space 2399296K, 100% used [0x00007f3dc0600000, 0x00007f3e52d10000, 0x00007f3e52d10000)
  from space 299840K,  50% used [0x00007f3e651e0000, 0x00007f3e6e6ea390, 0x00007f3e776b0000)
  to   space 299840K,   0% used [0x00007f3e52d10000, 0x00007f3e52d10000, 0x00007f3e651e0000)
 tenured generation   total 5997896K, used 5846484K [0x00007f486b0a0000, 0x00007f49d91f2000, 0x00007f5dc0600000)
   the space 5997896K,  97% used [0x00007f486b0a0000, 0x00007f49cfe15220, 0x00007f49cfe15400, 0x00007f49d91f2000)
 Metaspace       used 24177K, capacity 24570K, committed 24832K, reserved 26624K
}
Event: 1409.647 GC heap after
{Heap after GC invocations=1318 (full 6):
 def new generation   total 2699136K, used 149521K [0x00007f3dc0600000, 0x00007f3e776b0000, 0x00007f486b0a0000)
  eden space 2399296K,   0% used [0x00007f3dc0600000, 0x00007f3dc0600000, 0x00007f3e52d10000)
  from space 299840K,  49% used [0x00007f3e52d10000, 0x00007f3e5bf14798, 0x00007f3e651e0000)
  to   space 299840K,   0% used [0x00007f3e651e0000, 0x00007f3e651e0000, 0x00007f3e776b0000)
 tenured generation   total 5997896K, used 5863443K [0x00007f486b0a0000, 0x00007f49d91f2000, 0x00007f5dc0600000)
   the space 5997896K,  97% used [0x00007f486b0a0000, 0x00007f49d0ea4c78, 0x00007f49d0ea4e00, 0x00007f49d91f2000)
 Metaspace       used 24177K, capacity 24570K, committed 24832K, reserved 26624K
}
Event: 1411.884 GC heap before
{Heap before GC invocations=1318 (full 6):
 def new generation   total 2699136K, used 2548817K [0x00007f3dc0600000, 0x00007f3e776b0000, 0x00007f486b0a0000)
  eden space 2399296K, 100% used [0x00007f3dc0600000, 0x00007f3e52d10000, 0x00007f3e52d10000)
  from space 299840K,  49% used [0x00007f3e52d10000, 0x00007f3e5bf14798, 0x00007f3e651e0000)
  to   space 299840K,   0% used [0x00007f3e651e0000, 0x00007f3e651e0000, 0x00007f3e776b0000)
 tenured generation   total 5997896K, used 5863443K [0x00007f486b0a0000, 0x00007f49d91f2000, 0x00007f5dc0600000)
   the space 5997896K,  97% used [0x00007f486b0a0000, 0x00007f49d0ea4c78, 0x00007f49d0ea4e00, 0x00007f49d91f2000)
 Metaspace       used 24177K, capacity 24570K, committed 24832K, reserved 26624K
}
Event: 1411.979 GC heap after
{Heap after GC invocations=1319 (full 6):
 def new generation   total 2699136K, used 160332K [0x00007f3dc0600000, 0x00007f3e776b0000, 0x00007f486b0a0000)
  eden space 2399296K,   0% used [0x00007f3dc0600000, 0x00007f3dc0600000, 0x00007f3e52d10000)
  from space 299840K,  53% used [0x00007f3e651e0000, 0x00007f3e6ee73388, 0x00007f3e776b0000)
  to   space 299840K,   0% used [0x00007f3e52d10000, 0x00007f3e52d10000, 0x00007f3e651e0000)
 tenured generation   total 5997896K, used 5863443K [0x00007f486b0a0000, 0x00007f49d91f2000, 0x00007f5dc0600000)
   the space 5997896K,  97% used [0x00007f486b0a0000, 0x00007f49d0ea4c78, 0x00007f49d0ea4e00, 0x00007f49d91f2000)
 Metaspace       used 24177K, capacity 24570K, committed 24832K, reserved 26624K
}
Event: 1414.321 GC heap before
{Heap before GC invocations=1319 (full 6):
 def new generation   total 2699136K, used 2559628K [0x00007f3dc0600000, 0x00007f3e776b0000, 0x00007f486b0a0000)
  eden space 2399296K, 100% used [0x00007f3dc0600000, 0x00007f3e52d10000, 0x00007f3e52d10000)
  from space 299840K,  53% used [0x00007f3e651e0000, 0x00007f3e6ee73388, 0x00007f3e776b0000)
  to   space 299840K,   0% used [0x00007f3e52d10000, 0x00007f3e52d10000, 0x00007f3e651e0000)
 tenured generation   total 5997896K, used 5863443K [0x00007f486b0a0000, 0x00007f49d91f2000, 0x00007f5dc0600000)
   the space 5997896K,  97% used [0x00007f486b0a0000, 0x00007f49d0ea4c78, 0x00007f49d0ea4e00, 0x00007f49d91f2000)
 Metaspace       used 24177K, capacity 24570K, committed 24832K, reserved 26624K
}
Event: 1414.429 GC heap after
{Heap after GC invocations=1320 (full 6):
 def new generation   total 2699136K, used 152620K [0x00007f3dc0600000, 0x00007f3e776b0000, 0x00007f486b0a0000)
  eden space 2399296K,   0% used [0x00007f3dc0600000, 0x00007f3dc0600000, 0x00007f3e52d10000)
  from space 299840K,  50% used [0x00007f3e52d10000, 0x00007f3e5c21b060, 0x00007f3e651e0000)
  to   space 299840K,   0% used [0x00007f3e651e0000, 0x00007f3e651e0000, 0x00007f3e776b0000)
 tenured generation   total 5997896K, used 5880401K [0x00007f486b0a0000, 0x00007f49d91f2000, 0x00007f5dc0600000)
   the space 5997896K,  98% used [0x00007f486b0a0000, 0x00007f49d1f346d0, 0x00007f49d1f34800, 0x00007f49d91f2000)
 Metaspace       used 24177K, capacity 24570K, committed 24832K, reserved 26624K
}
Event: 1416.463 GC heap before
{Heap before GC invocations=1320 (full 6):
 def new generation   total 2699136K, used 2541368K [0x00007f3dc0600000, 0x00007f3e776b0000, 0x00007f486b0a0000)
  eden space 2399296K,  99% used [0x00007f3dc0600000, 0x00007f3e522c3050, 0x00007f3e52d10000)
  from space 299840K,  50% used [0x00007f3e52d10000, 0x00007f3e5c21b060, 0x00007f3e651e0000)
  to   space 299840K,   0% used [0x00007f3e651e0000, 0x00007f3e651e0000, 0x00007f3e776b0000)
 tenured generation   total 5997896K, used 5880401K [0x00007f486b0a0000, 0x00007f49d91f2000, 0x00007f5dc0600000)
   the space 5997896K,  98% used [0x00007f486b0a0000, 0x00007f49d1f346d0, 0x00007f49d1f34800, 0x00007f49d91f2000)
 Metaspace       used 24177K, capacity 24570K, committed 24832K, reserved 26624K
}
Event: 1416.579 GC heap after
{Heap after GC invocations=1321 (full 6):
 def new generation   total 2699136K, used 170125K [0x00007f3dc0600000, 0x00007f3e776b0000, 0x00007f486b0a0000)
  eden space 2399296K,   0% used [0x00007f3dc0600000, 0x00007f3dc0600000, 0x00007f3e52d10000)
  from space 299840K,  56% used [0x00007f3e651e0000, 0x00007f3e6f803650, 0x00007f3e776b0000)
  to   space 299840K,   0% used [0x00007f3e52d10000, 0x00007f3e52d10000, 0x00007f3e651e0000)
 tenured generation   total 5997896K, used 5897360K [0x00007f486b0a0000, 0x00007f49d91f2000, 0x00007f5dc0600000)
   the space 5997896K,  98% used [0x00007f486b0a0000, 0x00007f49d2fc4128, 0x00007f49d2fc4200, 0x00007f49d91f2000)
 Metaspace       used 24177K, capacity 24570K, committed 24832K, reserved 26624K
}
Event: 1418.567 GC heap before
{Heap before GC invocations=1321 (full 6):
 def new generation   total 2699136K, used 2569421K [0x00007f3dc0600000, 0x00007f3e776b0000, 0x00007f486b0a0000)
  eden space 2399296K, 100% used [0x00007f3dc0600000, 0x00007f3e52d10000, 0x00007f3e52d10000)
  from space 299840K,  56% used [0x00007f3e651e0000, 0x00007f3e6f803650, 0x00007f3e776b0000)
  to   space 299840K,   0% used [0x00007f3e52d10000, 0x00007f3e52d10000, 0x00007f3e651e0000)
 tenured generation   total 5997896K, used 5897360K [0x00007f486b0a0000, 0x00007f49d91f2000, 0x00007f5dc0600000)
   the space 5997896K,  98% used [0x00007f486b0a0000, 0x00007f49d2fc4128, 0x00007f49d2fc4200, 0x00007f49d91f2000)
 Metaspace       used 24177K, capacity 24570K, committed 24832K, reserved 26624K
}
Event: 1418.719 GC heap after
{Heap after GC invocations=1322 (full 6):
 def new generation   total 2699136K, used 170133K [0x00007f3dc0600000, 0x00007f3e776b0000, 0x00007f486b0a0000)
  eden space 2399296K,   0% used [0x00007f3dc0600000, 0x00007f3dc0600000, 0x00007f3e52d10000)
  from space 299840K,  56% used [0x00007f3e52d10000, 0x00007f3e5d3357f8, 0x00007f3e651e0000)
  to   space 299840K,   0% used [0x00007f3e651e0000, 0x00007f3e651e0000, 0x00007f3e776b0000)
 tenured generation   total 5997896K, used 5931277K [0x00007f486b0a0000, 0x00007f49d91f2000, 0x00007f5dc0600000)
   the space 5997896K,  98% used [0x00007f486b0a0000, 0x00007f49d50e35d8, 0x00007f49d50e3600, 0x00007f49d91f2000)
 Metaspace       used 24177K, capacity 24570K, committed 24832K, reserved 26624K
}
Event: 1420.793 GC heap before
{Heap before GC invocations=1322 (full 6):
 def new generation   total 2699136K, used 2569429K [0x00007f3dc0600000, 0x00007f3e776b0000, 0x00007f486b0a0000)
  eden space 2399296K, 100% used [0x00007f3dc0600000, 0x00007f3e52d10000, 0x00007f3e52d10000)
  from space 299840K,  56% used [0x00007f3e52d10000, 0x00007f3e5d3357f8, 0x00007f3e651e0000)
  to   space 299840K,   0% used [0x00007f3e651e0000, 0x00007f3e651e0000, 0x00007f3e776b0000)
 tenured generation   total 5997896K, used 5931277K [0x00007f486b0a0000, 0x00007f49d91f2000, 0x00007f5dc0600000)
   the space 5997896K,  98% used [0x00007f486b0a0000, 0x00007f49d50e35d8, 0x00007f49d50e3600, 0x00007f49d91f2000)
 Metaspace       used 24177K, capacity 24570K, committed 24832K, reserved 26624K
}
Event: 1420.967 GC heap after
{Heap after GC invocations=1323 (full 6):
 def new generation   total 2699136K, used 204012K [0x00007f3dc0600000, 0x00007f3e776b0000, 0x00007f486b0a0000)
  eden space 2399296K,   0% used [0x00007f3dc0600000, 0x00007f3dc0600000, 0x00007f3e52d10000)
  from space 299840K,  68% used [0x00007f3e651e0000, 0x00007f3e7191b340, 0x00007f3e776b0000)
  to   space 299840K,   0% used [0x00007f3e52d10000, 0x00007f3e52d10000, 0x00007f3e651e0000)
 tenured generation   total 5997896K, used 5965194K [0x00007f486b0a0000, 0x00007f49d91f2000, 0x00007f5dc0600000)
   the space 5997896K,  99% used [0x00007f486b0a0000, 0x00007f49d7202ad8, 0x00007f49d7202c00, 0x00007f49d91f2000)
 Metaspace       used 24177K, capacity 24570K, committed 24832K, reserved 26624K
}
Event: 1422.955 GC heap before
{Heap before GC invocations=1323 (full 6):
 def new generation   total 2699136K, used 2594580K [0x00007f3dc0600000, 0x00007f3e776b0000, 0x00007f486b0a0000)
  eden space 2399296K,  99% used [0x00007f3dc0600000, 0x00007f3e52489f88, 0x00007f3e52d10000)
  from space 299840K,  68% used [0x00007f3e651e0000, 0x00007f3e7191b340, 0x00007f3e776b0000)
  to   space 299840K,   0% used [0x00007f3e52d10000, 0x00007f3e52d10000, 0x00007f3e651e0000)
 tenured generation   total 5997896K, used 5965194K [0x00007f486b0a0000, 0x00007f49d91f2000, 0x00007f5dc0600000)
   the space 5997896K,  99% used [0x00007f486b0a0000, 0x00007f49d7202ad8, 0x00007f49d7202c00, 0x00007f49d91f2000)
 Metaspace       used 24177K, capacity 24570K, committed 24832K, reserved 26624K
}
Event: 1423.149 GC heap after
{Heap after GC invocations=1324 (full 6):
 def new generation   total 2699136K, used 152628K [0x00007f3dc0600000, 0x00007f3e776b0000, 0x00007f486b0a0000)
  eden space 2399296K,   0% used [0x00007f3dc0600000, 0x00007f3dc0600000, 0x00007f3e52d10000)
  from space 299840K,  50% used [0x00007f3e52d10000, 0x00007f3e5c21d038, 0x00007f3e651e0000)
  to   space 299840K,   0% used [0x00007f3e651e0000, 0x00007f3e651e0000, 0x00007f3e776b0000)
 tenured generation   total 6063448K, used 6050499K [0x00007f486b0a0000, 0x00007f49dd1f6000, 0x00007f5dc0600000)
   the space 6063448K,  99% used [0x00007f486b0a0000, 0x00007f49dc550dd0, 0x00007f49dc550e00, 0x00007f49dd1f6000)
 Metaspace       used 24177K, capacity 24570K, committed 24832K, reserved 26624K
}
Event: 1423.149 GC heap before
{Heap before GC invocations=1324 (full 6):
 def new generation   total 2699136K, used 152628K [0x00007f3dc0600000, 0x00007f3e776b0000, 0x00007f486b0a0000)
  eden space 2399296K,   0% used [0x00007f3dc0600000, 0x00007f3dc0600000, 0x00007f3e52d10000)
  from space 299840K,  50% used [0x00007f3e52d10000, 0x00007f3e5c21d038, 0x00007f3e651e0000)
  to   space 299840K,   0% used [0x00007f3e651e0000, 0x00007f3e651e0000, 0x00007f3e776b0000)
 tenured generation   total 6063448K, used 6050499K [0x00007f486b0a0000, 0x00007f49dd1f6000, 0x00007f5dc0600000)
   the space 6063448K,  99% used [0x00007f486b0a0000, 0x00007f49dc550dd0, 0x00007f49dc550e00, 0x00007f49dd1f6000)
 Metaspace       used 24177K, capacity 24570K, committed 24832K, reserved 26624K
}

