# JRE version: OpenJDK Runtime Environment (13.0.7+5) (build 13.0.7+5-Ubuntu-0ubuntu120.04)
# Java VM: OpenJDK 64-Bit Server VM (13.0.7+5-Ubuntu-0ubuntu120.04, mixed mode, tiered, serial gc, linux-amd64)
Heap:
 def new generation   total 3156992K, used 0K [0x00007f2008600000, 0x00007f20de780000, 0x00007f255db50000)
  eden space 2806272K,   0% used [0x00007f2008600000, 0x00007f2008600000, 0x00007f20b3a80000)
  from space 350720K,   0% used [0x00007f20c9100000, 0x00007f20c9100000, 0x00007f20de780000)
  to   space 350720K,   0% used [0x00007f20b3a80000, 0x00007f20b3a80000, 0x00007f20c9100000)
 tenured generation   total 11209676K, used 8398134K [0x00007f255db50000, 0x00007f2809e43000, 0x00007f3008600000)
   the space 11209676K,  74% used [0x00007f255db50000, 0x00007f275e49d828, 0x00007f275e49da00, 0x00007f2809e43000)
 Metaspace       used 23187K, capacity 23540K, committed 23808K, reserved 24576K
GC Heap History (19 events):
Event: 3.167 GC heap before
{Heap before GC invocations=0 (full 0):
 def new generation   total 629120K, used 100662K [0x00007f2008600000, 0x00007f20330a0000, 0x00007f255db50000)
  eden space 559232K,  18% used [0x00007f2008600000, 0x00007f200e84d930, 0x00007f202a820000)
  from space 69888K,   0% used [0x00007f202a820000, 0x00007f202a820000, 0x00007f202ec60000)
  to   space 69888K,   0% used [0x00007f202ec60000, 0x00007f202ec60000, 0x00007f20330a0000)
 tenured generation   total 1398144K, used 0K [0x00007f255db50000, 0x00007f25b30b0000, 0x00007f3008600000)
   the space 1398144K,   0% used [0x00007f255db50000, 0x00007f255db50000, 0x00007f255db50200, 0x00007f25b30b0000)
 Metaspace       used 20929K, capacity 21223K, committed 21248K, reserved 22528K
}
Event: 3.257 GC heap after
{Heap after GC invocations=1 (full 1):
 def new generation   total 629248K, used 0K [0x00007f2008600000, 0x00007f20330c0000, 0x00007f255db50000)
  eden space 559360K,   0% used [0x00007f2008600000, 0x00007f2008600000, 0x00007f202a840000)
  from space 69888K,   0% used [0x00007f202a840000, 0x00007f202a840000, 0x00007f202ec80000)
  to   space 69888K,   0% used [0x00007f202ec80000, 0x00007f202ec80000, 0x00007f20330c0000)
 tenured generation   total 1398144K, used 13646K [0x00007f255db50000, 0x00007f25b30b0000, 0x00007f3008600000)
   the space 1398144K,   0% used [0x00007f255db50000, 0x00007f255e8a3818, 0x00007f255e8a3a00, 0x00007f25b30b0000)
 Metaspace       used 20929K, capacity 21223K, committed 21248K, reserved 22528K
}
Event: 4.266 GC heap before
{Heap before GC invocations=1 (full 1):
 def new generation   total 629248K, used 559360K [0x00007f2008600000, 0x00007f20330c0000, 0x00007f255db50000)
  eden space 559360K, 100% used [0x00007f2008600000, 0x00007f202a840000, 0x00007f202a840000)
  from space 69888K,   0% used [0x00007f202a840000, 0x00007f202a840000, 0x00007f202ec80000)
  to   space 69888K,   0% used [0x00007f202ec80000, 0x00007f202ec80000, 0x00007f20330c0000)
 tenured generation   total 1398144K, used 13646K [0x00007f255db50000, 0x00007f25b30b0000, 0x00007f3008600000)
   the space 1398144K,   0% used [0x00007f255db50000, 0x00007f255e8a3818, 0x00007f255e8a3a00, 0x00007f25b30b0000)
 Metaspace       used 22700K, capacity 23032K, committed 23040K, reserved 24576K
}
Event: 4.271 GC heap after
{Heap after GC invocations=2 (full 1):
 def new generation   total 629248K, used 972K [0x00007f2008600000, 0x00007f20330c0000, 0x00007f255db50000)
  eden space 559360K,   0% used [0x00007f2008600000, 0x00007f2008600000, 0x00007f202a840000)
  from space 69888K,   1% used [0x00007f202ec80000, 0x00007f202ed732f8, 0x00007f20330c0000)
  to   space 69888K,   0% used [0x00007f202a840000, 0x00007f202a840000, 0x00007f202ec80000)
 tenured generation   total 1398144K, used 13646K [0x00007f255db50000, 0x00007f25b30b0000, 0x00007f3008600000)
   the space 1398144K,   0% used [0x00007f255db50000, 0x00007f255e8a3818, 0x00007f255e8a3a00, 0x00007f25b30b0000)
 Metaspace       used 22700K, capacity 23032K, committed 23040K, reserved 24576K
}
Event: 5.089 GC heap before
{Heap before GC invocations=2 (full 1):
 def new generation   total 629248K, used 560332K [0x00007f2008600000, 0x00007f20330c0000, 0x00007f255db50000)
  eden space 559360K, 100% used [0x00007f2008600000, 0x00007f202a840000, 0x00007f202a840000)
  from space 69888K,   1% used [0x00007f202ec80000, 0x00007f202ed732f8, 0x00007f20330c0000)
  to   space 69888K,   0% used [0x00007f202a840000, 0x00007f202a840000, 0x00007f202ec80000)
 tenured generation   total 1398144K, used 13646K [0x00007f255db50000, 0x00007f25b30b0000, 0x00007f3008600000)
   the space 1398144K,   0% used [0x00007f255db50000, 0x00007f255e8a3818, 0x00007f255e8a3a00, 0x00007f25b30b0000)
 Metaspace       used 23001K, capacity 23335K, committed 23552K, reserved 24576K
}
Event: 5.091 GC heap after
{Heap after GC invocations=3 (full 1):
 def new generation   total 629248K, used 881K [0x00007f2008600000, 0x00007f20330c0000, 0x00007f255db50000)
  eden space 559360K,   0% used [0x00007f2008600000, 0x00007f2008600000, 0x00007f202a840000)
  from space 69888K,   1% used [0x00007f202a840000, 0x00007f202a91c460, 0x00007f202ec80000)
  to   space 69888K,   0% used [0x00007f202ec80000, 0x00007f202ec80000, 0x00007f20330c0000)
 tenured generation   total 1398144K, used 13646K [0x00007f255db50000, 0x00007f25b30b0000, 0x00007f3008600000)
   the space 1398144K,   0% used [0x00007f255db50000, 0x00007f255e8a3818, 0x00007f255e8a3a00, 0x00007f25b30b0000)
 Metaspace       used 23001K, capacity 23335K, committed 23552K, reserved 24576K
}
Event: 5.552 GC heap before
{Heap before GC invocations=3 (full 1):
 def new generation   total 629248K, used 560241K [0x00007f2008600000, 0x00007f20330c0000, 0x00007f255db50000)
  eden space 559360K, 100% used [0x00007f2008600000, 0x00007f202a840000, 0x00007f202a840000)
  from space 69888K,   1% used [0x00007f202a840000, 0x00007f202a91c460, 0x00007f202ec80000)
  to   space 69888K,   0% used [0x00007f202ec80000, 0x00007f202ec80000, 0x00007f20330c0000)
 tenured generation   total 1398144K, used 13646K [0x00007f255db50000, 0x00007f25b30b0000, 0x00007f3008600000)
   the space 1398144K,   0% used [0x00007f255db50000, 0x00007f255e8a3818, 0x00007f255e8a3a00, 0x00007f25b30b0000)
 Metaspace       used 23002K, capacity 23335K, committed 23552K, reserved 24576K
}
Event: 5.554 GC heap after
{Heap after GC invocations=4 (full 1):
 def new generation   total 629248K, used 1108K [0x00007f2008600000, 0x00007f20330c0000, 0x00007f255db50000)
  eden space 559360K,   0% used [0x00007f2008600000, 0x00007f2008600000, 0x00007f202a840000)
  from space 69888K,   1% used [0x00007f202ec80000, 0x00007f202ed95308, 0x00007f20330c0000)
  to   space 69888K,   0% used [0x00007f202a840000, 0x00007f202a840000, 0x00007f202ec80000)
 tenured generation   total 1398144K, used 13646K [0x00007f255db50000, 0x00007f25b30b0000, 0x00007f3008600000)
   the space 1398144K,   0% used [0x00007f255db50000, 0x00007f255e8a3818, 0x00007f255e8a3a00, 0x00007f25b30b0000)
 Metaspace       used 23002K, capacity 23335K, committed 23552K, reserved 24576K
}
Event: 6.883 GC heap before
{Heap before GC invocations=4 (full 1):
 def new generation   total 629248K, used 279998K [0x00007f2008600000, 0x00007f20330c0000, 0x00007f255db50000)
  eden space 559360K,  49% used [0x00007f2008600000, 0x00007f201965a660, 0x00007f202a840000)
  from space 69888K,   1% used [0x00007f202ec80000, 0x00007f202ed95308, 0x00007f20330c0000)
  to   space 69888K,   0% used [0x00007f202a840000, 0x00007f202a840000, 0x00007f202ec80000)
 tenured generation   total 1398144K, used 1062222K [0x00007f255db50000, 0x00007f25b30b0000, 0x00007f3008600000)
   the space 1398144K,  75% used [0x00007f255db50000, 0x00007f259e8a3830, 0x00007f259e8a3a00, 0x00007f25b30b0000)
 Metaspace       used 23186K, capacity 23540K, committed 23808K, reserved 24576K
}
Event: 6.887 GC heap after
{Heap after GC invocations=5 (full 1):
 def new generation   total 629248K, used 1281K [0x00007f2008600000, 0x00007f20330c0000, 0x00007f255db50000)
  eden space 559360K,   0% used [0x00007f2008600000, 0x00007f2008600000, 0x00007f202a840000)
  from space 69888K,   1% used [0x00007f202a840000, 0x00007f202a9807c0, 0x00007f202ec80000)
  to   space 69888K,   0% used [0x00007f202ec80000, 0x00007f202ec80000, 0x00007f20330c0000)
 tenured generation   total 1398144K, used 1062222K [0x00007f255db50000, 0x00007f25b30b0000, 0x00007f3008600000)
   the space 1398144K,  75% used [0x00007f255db50000, 0x00007f259e8a3830, 0x00007f259e8a3a00, 0x00007f25b30b0000)
 Metaspace       used 23186K, capacity 23540K, committed 23808K, reserved 24576K
}
Event: 6.887 GC heap before
{Heap before GC invocations=5 (full 1):
 def new generation   total 629248K, used 1281K [0x00007f2008600000, 0x00007f20330c0000, 0x00007f255db50000)
  eden space 559360K,   0% used [0x00007f2008600000, 0x00007f2008600000, 0x00007f202a840000)
  from space 69888K,   1% used [0x00007f202a840000, 0x00007f202a9807c0, 0x00007f202ec80000)
  to   space 69888K,   0% used [0x00007f202ec80000, 0x00007f202ec80000, 0x00007f20330c0000)
 tenured generation   total 1398144K, used 1062222K [0x00007f255db50000, 0x00007f25b30b0000, 0x00007f3008600000)
   the space 1398144K,  75% used [0x00007f255db50000, 0x00007f259e8a3830, 0x00007f259e8a3a00, 0x00007f25b30b0000)
 Metaspace       used 23186K, capacity 23540K, committed 23808K, reserved 24576K
}
Event: 6.921 GC heap after
{Heap after GC invocations=5 (full 2):
 def new generation   total 797696K, used 0K [0x00007f2008600000, 0x00007f203e780000, 0x00007f255db50000)
  eden space 709120K,   0% used [0x00007f2008600000, 0x00007f2008600000, 0x00007f2033a80000)
  from space 88576K,   0% used [0x00007f2033a80000, 0x00007f2033a80000, 0x00007f2039100000)
  to   space 88576K,   0% used [0x00007f2039100000, 0x00007f2039100000, 0x00007f203e780000)
 tenured generation   total 1772508K, used 1063503K [0x00007f255db50000, 0x00007f25c9e47000, 0x00007f3008600000)
   the space 1772508K,  59% used [0x00007f255db50000, 0x00007f259e9e3fa0, 0x00007f259e9e4000, 0x00007f25c9e47000)
 Metaspace       used 23186K, capacity 23540K, committed 23808K, reserved 24576K
}
Event: 10.635 GC heap before
{Heap before GC invocations=5 (full 2):
 def new generation   total 797696K, used 14008K [0x00007f2008600000, 0x00007f203e780000, 0x00007f255db50000)
  eden space 709120K,   1% used [0x00007f2008600000, 0x00007f20093ae2a0, 0x00007f2033a80000)
  from space 88576K,   0% used [0x00007f2033a80000, 0x00007f2033a80000, 0x00007f2039100000)
  to   space 88576K,   0% used [0x00007f2039100000, 0x00007f2039100000, 0x00007f203e780000)
 tenured generation   total 5966816K, used 5257807K [0x00007f255db50000, 0x00007f26c9e48000, 0x00007f3008600000)
   the space 5966816K,  88% used [0x00007f255db50000, 0x00007f269e9e3fb8, 0x00007f269e9e4000, 0x00007f26c9e48000)
 Metaspace       used 23187K, capacity 23540K, committed 23808K, reserved 24576K
}
Event: 10.639 GC heap after
{Heap after GC invocations=6 (full 2):
 def new generation   total 797696K, used 0K [0x00007f2008600000, 0x00007f203e780000, 0x00007f255db50000)
  eden space 709120K,   0% used [0x00007f2008600000, 0x00007f2008600000, 0x00007f2033a80000)
  from space 88576K,   0% used [0x00007f2039100000, 0x00007f2039100218, 0x00007f203e780000)
  to   space 88576K,   0% used [0x00007f2033a80000, 0x00007f2033a80000, 0x00007f2039100000)
 tenured generation   total 5966816K, used 5257807K [0x00007f255db50000, 0x00007f26c9e48000, 0x00007f3008600000)
   the space 5966816K,  88% used [0x00007f255db50000, 0x00007f269e9e3fb8, 0x00007f269e9e4000, 0x00007f26c9e48000)
 Metaspace       used 23187K, capacity 23540K, committed 23808K, reserved 24576K
}
Event: 10.639 GC heap before
{Heap before GC invocations=6 (full 2):
 def new generation   total 797696K, used 0K [0x00007f2008600000, 0x00007f203e780000, 0x00007f255db50000)
  eden space 709120K,   0% used [0x00007f2008600000, 0x00007f2008600000, 0x00007f2033a80000)
  from space 88576K,   0% used [0x00007f2039100000, 0x00007f2039100218, 0x00007f203e780000)
  to   space 88576K,   0% used [0x00007f2033a80000, 0x00007f2033a80000, 0x00007f2039100000)
 tenured generation   total 5966816K, used 5257807K [0x00007f255db50000, 0x00007f26c9e48000, 0x00007f3008600000)
   the space 5966816K,  88% used [0x00007f255db50000, 0x00007f269e9e3fb8, 0x00007f269e9e4000, 0x00007f26c9e48000)
 Metaspace       used 23187K, capacity 23540K, committed 23808K, reserved 24576K
}
Event: 11.692 GC heap after
{Heap after GC invocations=6 (full 3):
 def new generation   total 3156992K, used 0K [0x00007f2008600000, 0x00007f20de780000, 0x00007f255db50000)
  eden space 2806272K,   0% used [0x00007f2008600000, 0x00007f2008600000, 0x00007f20b3a80000)
  from space 350720K,   0% used [0x00007f20b3a80000, 0x00007f20b3a80000, 0x00007f20c9100000)
  to   space 350720K,   0% used [0x00007f20c9100000, 0x00007f20c9100000, 0x00007f20de780000)
 tenured generation   total 7015368K, used 4209220K [0x00007f255db50000, 0x00007f2709e42000, 0x00007f3008600000)
   the space 7015368K,  59% used [0x00007f255db50000, 0x00007f265e9e1270, 0x00007f265e9e1400, 0x00007f2709e42000)
 Metaspace       used 23187K, capacity 23540K, committed 23808K, reserved 24576K
}
Event: 13.788 GC heap before
{Heap before GC invocations=6 (full 3):
 def new generation   total 3156992K, used 55437K [0x00007f2008600000, 0x00007f20de780000, 0x00007f255db50000)
  eden space 2806272K,   1% used [0x00007f2008600000, 0x00007f200bc23730, 0x00007f20b3a80000)
  from space 350720K,   0% used [0x00007f20b3a80000, 0x00007f20b3a80000, 0x00007f20c9100000)
  to   space 350720K,   0% used [0x00007f20c9100000, 0x00007f20c9100000, 0x00007f20de780000)
 tenured generation   total 11209676K, used 8403524K [0x00007f255db50000, 0x00007f2809e43000, 0x00007f3008600000)
   the space 11209676K,  74% used [0x00007f255db50000, 0x00007f275e9e1288, 0x00007f275e9e1400, 0x00007f2809e43000)
 Metaspace       used 23187K, capacity 23540K, committed 23808K, reserved 24576K
}
Event: 13.792 GC heap after
{Heap after GC invocations=7 (full 3):
 def new generation   total 3156992K, used 0K [0x00007f2008600000, 0x00007f20de780000, 0x00007f255db50000)
  eden space 2806272K,   0% used [0x00007f2008600000, 0x00007f2008600000, 0x00007f20b3a80000)
  from space 350720K,   0% used [0x00007f20c9100000, 0x00007f20c9100290, 0x00007f20de780000)
  to   space 350720K,   0% used [0x00007f20b3a80000, 0x00007f20b3a80000, 0x00007f20c9100000)
 tenured generation   total 11209676K, used 8403524K [0x00007f255db50000, 0x00007f2809e43000, 0x00007f3008600000)
   the space 11209676K,  74% used [0x00007f255db50000, 0x00007f275e9e1288, 0x00007f275e9e1400, 0x00007f2809e43000)
 Metaspace       used 23187K, capacity 23540K, committed 23808K, reserved 24576K
}
Event: 13.792 GC heap before
{Heap before GC invocations=7 (full 3):
 def new generation   total 3156992K, used 0K [0x00007f2008600000, 0x00007f20de780000, 0x00007f255db50000)
  eden space 2806272K,   0% used [0x00007f2008600000, 0x00007f2008600000, 0x00007f20b3a80000)
  from space 350720K,   0% used [0x00007f20c9100000, 0x00007f20c9100290, 0x00007f20de780000)
  to   space 350720K,   0% used [0x00007f20b3a80000, 0x00007f20b3a80000, 0x00007f20c9100000)
 tenured generation   total 11209676K, used 8403524K [0x00007f255db50000, 0x00007f2809e43000, 0x00007f3008600000)
   the space 11209676K,  74% used [0x00007f255db50000, 0x00007f275e9e1288, 0x00007f275e9e1400, 0x00007f2809e43000)
 Metaspace       used 23187K, capacity 23540K, committed 23808K, reserved 24576K
}

