# JRE version: OpenJDK Runtime Environment (13.0.7+5) (build 13.0.7+5-Ubuntu-0ubuntu120.04)
# Java VM: OpenJDK 64-Bit Server VM (13.0.7+5-Ubuntu-0ubuntu120.04, mixed mode, tiered, serial gc, linux-amd64)
Heap:
 def new generation   total 12867136K, used 0K [0x00007f5348600000, 0x00007f56b0fb0000, 0x00007f589db50000)
  eden space 11437504K,   0% used [0x00007f5348600000, 0x00007f5348600000, 0x00007f5602770000)
  from space 1429632K,   0% used [0x00007f5602770000, 0x00007f5602770000, 0x00007f5659b90000)
  to   space 1429632K,   0% used [0x00007f5659b90000, 0x00007f5659b90000, 0x00007f56b0fb0000)
 tenured generation   total 29580360K, used 27878314K [0x00007f589db50000, 0x00007f5fab262000, 0x00007f6348600000)
   the space 29580360K,  94% used [0x00007f589db50000, 0x00007f5f4343ab08, 0x00007f5f4343ac00, 0x00007f5fab262000)
 Metaspace       used 30657K, capacity 31063K, committed 31232K, reserved 32768K
GC Heap History (20 events):
Event: 235.881 GC heap after
{Heap after GC invocations=81 (full 6):
 def new generation   total 7469760K, used 829952K [0x00007f5348600000, 0x00007f5542f30000, 0x00007f589db50000)
  eden space 6639808K,   0% used [0x00007f5348600000, 0x00007f5348600000, 0x00007f54dda30000)
  from space 829952K, 100% used [0x00007f55104b0000, 0x00007f5542f30000, 0x00007f5542f30000)
  to   space 829952K,   0% used [0x00007f54dda30000, 0x00007f54dda30000, 0x00007f55104b0000)
 tenured generation   total 16599288K, used 12927537K [0x00007f589db50000, 0x00007f5c92d8e000, 0x00007f6348600000)
   the space 16599288K,  77% used [0x00007f589db50000, 0x00007f5bb2bdc5b0, 0x00007f5bb2bdc600, 0x00007f5c92d8e000)
 Metaspace       used 30657K, capacity 31063K, committed 31232K, reserved 32768K
}
Event: 970.850 GC heap before
{Heap before GC invocations=81 (full 6):
 def new generation   total 7469760K, used 7469760K [0x00007f5348600000, 0x00007f5542f30000, 0x00007f589db50000)
  eden space 6639808K, 100% used [0x00007f5348600000, 0x00007f54dda30000, 0x00007f54dda30000)
  from space 829952K, 100% used [0x00007f55104b0000, 0x00007f5542f30000, 0x00007f5542f30000)
  to   space 829952K,   0% used [0x00007f54dda30000, 0x00007f54dda30000, 0x00007f55104b0000)
 tenured generation   total 16599288K, used 12927537K [0x00007f589db50000, 0x00007f5c92d8e000, 0x00007f6348600000)
   the space 16599288K,  77% used [0x00007f589db50000, 0x00007f5bb2bdc5b0, 0x00007f5bb2bdc600, 0x00007f5c92d8e000)
 Metaspace       used 30657K, capacity 31063K, committed 31232K, reserved 32768K
}
Event: 979.367 GC heap after
{Heap after GC invocations=82 (full 6):
 def new generation   total 7469760K, used 829952K [0x00007f5348600000, 0x00007f5542f30000, 0x00007f589db50000)
  eden space 6639808K,   0% used [0x00007f5348600000, 0x00007f5348600000, 0x00007f54dda30000)
  from space 829952K, 100% used [0x00007f54dda30000, 0x00007f55104b0000, 0x00007f55104b0000)
  to   space 829952K,   0% used [0x00007f55104b0000, 0x00007f55104b0000, 0x00007f5542f30000)
 tenured generation   total 16599288K, used 15758199K [0x00007f589db50000, 0x00007f5c92d8e000, 0x00007f6348600000)
   the space 16599288K,  94% used [0x00007f589db50000, 0x00007f5c5f82dc88, 0x00007f5c5f82de00, 0x00007f5c92d8e000)
 Metaspace       used 30657K, capacity 31063K, committed 31232K, reserved 32768K
}
Event: 2070.137 GC heap before
{Heap before GC invocations=82 (full 6):
 def new generation   total 7469760K, used 7469760K [0x00007f5348600000, 0x00007f5542f30000, 0x00007f589db50000)
  eden space 6639808K, 100% used [0x00007f5348600000, 0x00007f54dda30000, 0x00007f54dda30000)
  from space 829952K, 100% used [0x00007f54dda30000, 0x00007f55104b0000, 0x00007f55104b0000)
  to   space 829952K,   0% used [0x00007f55104b0000, 0x00007f55104b0000, 0x00007f5542f30000)
 tenured generation   total 16599288K, used 15758199K [0x00007f589db50000, 0x00007f5c92d8e000, 0x00007f6348600000)
   the space 16599288K,  94% used [0x00007f589db50000, 0x00007f5c5f82dc88, 0x00007f5c5f82de00, 0x00007f5c92d8e000)
 Metaspace       used 30657K, capacity 31063K, committed 31232K, reserved 32768K
}
Event: 2074.220 GC heap after
{Heap after GC invocations=83 (full 6):
 def new generation   total 7469760K, used 829951K [0x00007f5348600000, 0x00007f5542f30000, 0x00007f589db50000)
  eden space 6639808K,   0% used [0x00007f5348600000, 0x00007f5348600000, 0x00007f54dda30000)
  from space 829952K,  99% used [0x00007f55104b0000, 0x00007f5542f2fff0, 0x00007f5542f30000)
  to   space 829952K,   0% used [0x00007f54dda30000, 0x00007f54dda30000, 0x00007f55104b0000)
 tenured generation   total 17156088K, used 17156047K [0x00007f589db50000, 0x00007f5cb4d4e000, 0x00007f6348600000)
   the space 17156088K,  99% used [0x00007f589db50000, 0x00007f5cb4d43c98, 0x00007f5cb4d43e00, 0x00007f5cb4d4e000)
 Metaspace       used 30657K, capacity 31063K, committed 31232K, reserved 32768K
}
Event: 2074.220 GC heap before
{Heap before GC invocations=83 (full 6):
 def new generation   total 7469760K, used 829951K [0x00007f5348600000, 0x00007f5542f30000, 0x00007f589db50000)
  eden space 6639808K,   0% used [0x00007f5348600000, 0x00007f5348600000, 0x00007f54dda30000)
  from space 829952K,  99% used [0x00007f55104b0000, 0x00007f5542f2fff0, 0x00007f5542f30000)
  to   space 829952K,   0% used [0x00007f54dda30000, 0x00007f54dda30000, 0x00007f55104b0000)
 tenured generation   total 17156088K, used 17156047K [0x00007f589db50000, 0x00007f5cb4d4e000, 0x00007f6348600000)
   the space 17156088K,  99% used [0x00007f589db50000, 0x00007f5cb4d43c98, 0x00007f5cb4d43e00, 0x00007f5cb4d4e000)
 Metaspace       used 30657K, capacity 31063K, committed 31232K, reserved 32768K
}
Event: 2112.456 GC heap after
{Heap after GC invocations=83 (full 7):
 def new generation   total 12867136K, used 487272K [0x00007f5348600000, 0x00007f56b0fb0000, 0x00007f589db50000)
  eden space 11437504K,   4% used [0x00007f5348600000, 0x00007f53661da140, 0x00007f5602770000)
  from space 1429632K,   0% used [0x00007f5602770000, 0x00007f5602770000, 0x00007f5659b90000)
  to   space 1429632K,   0% used [0x00007f5659b90000, 0x00007f5659b90000, 0x00007f56b0fb0000)
 tenured generation   total 28593480K, used 17156087K [0x00007f589db50000, 0x00007f5f6eea2000, 0x00007f6348600000)
   the space 28593480K,  59% used [0x00007f589db50000, 0x00007f5cb4d4dff8, 0x00007f5cb4d4e000, 0x00007f5f6eea2000)
 Metaspace       used 30657K, capacity 31063K, committed 31232K, reserved 32768K
}
Event: 3454.627 GC heap before
{Heap before GC invocations=83 (full 7):
 def new generation   total 12867136K, used 11437504K [0x00007f5348600000, 0x00007f56b0fb0000, 0x00007f589db50000)
  eden space 11437504K, 100% used [0x00007f5348600000, 0x00007f5602770000, 0x00007f5602770000)
  from space 1429632K,   0% used [0x00007f5602770000, 0x00007f5602770000, 0x00007f5659b90000)
  to   space 1429632K,   0% used [0x00007f5659b90000, 0x00007f5659b90000, 0x00007f56b0fb0000)
 tenured generation   total 28593480K, used 17156087K [0x00007f589db50000, 0x00007f5f6eea2000, 0x00007f6348600000)
   the space 28593480K,  59% used [0x00007f589db50000, 0x00007f5cb4d4dff8, 0x00007f5cb4d4e000, 0x00007f5f6eea2000)
 Metaspace       used 30657K, capacity 31063K, committed 31232K, reserved 32768K
}
Event: 3467.669 GC heap after
{Heap after GC invocations=84 (full 7):
 def new generation   total 12867136K, used 1429631K [0x00007f5348600000, 0x00007f56b0fb0000, 0x00007f589db50000)
  eden space 11437504K,   0% used [0x00007f5348600000, 0x00007f5348600000, 0x00007f5602770000)
  from space 1429632K,  99% used [0x00007f5659b90000, 0x00007f56b0fafff0, 0x00007f56b0fb0000)
  to   space 1429632K,   0% used [0x00007f5602770000, 0x00007f5602770000, 0x00007f5659b90000)
 tenured generation   total 28593480K, used 18519034K [0x00007f589db50000, 0x00007f5f6eea2000, 0x00007f6348600000)
   the space 28593480K,  64% used [0x00007f589db50000, 0x00007f5d0804e9d8, 0x00007f5d0804ea00, 0x00007f5f6eea2000)
 Metaspace       used 30657K, capacity 31063K, committed 31232K, reserved 32768K
}
Event: 4907.370 GC heap before
{Heap before GC invocations=84 (full 7):
 def new generation   total 12867136K, used 12867135K [0x00007f5348600000, 0x00007f56b0fb0000, 0x00007f589db50000)
  eden space 11437504K, 100% used [0x00007f5348600000, 0x00007f5602770000, 0x00007f5602770000)
  from space 1429632K,  99% used [0x00007f5659b90000, 0x00007f56b0fafff0, 0x00007f56b0fb0000)
  to   space 1429632K,   0% used [0x00007f5602770000, 0x00007f5602770000, 0x00007f5659b90000)
 tenured generation   total 28593480K, used 18519034K [0x00007f589db50000, 0x00007f5f6eea2000, 0x00007f6348600000)
   the space 28593480K,  64% used [0x00007f589db50000, 0x00007f5d0804e9d8, 0x00007f5d0804ea00, 0x00007f5f6eea2000)
 Metaspace       used 30657K, capacity 31063K, committed 31232K, reserved 32768K
}
Event: 4915.808 GC heap after
{Heap after GC invocations=85 (full 7):
 def new generation   total 12867136K, used 1429631K [0x00007f5348600000, 0x00007f56b0fb0000, 0x00007f589db50000)
  eden space 11437504K,   0% used [0x00007f5348600000, 0x00007f5348600000, 0x00007f5602770000)
  from space 1429632K,  99% used [0x00007f5602770000, 0x00007f5659b8fff0, 0x00007f5659b90000)
  to   space 1429632K,   0% used [0x00007f5659b90000, 0x00007f5659b90000, 0x00007f56b0fb0000)
 tenured generation   total 28593480K, used 20926923K [0x00007f589db50000, 0x00007f5f6eea2000, 0x00007f6348600000)
   the space 28593480K,  73% used [0x00007f589db50000, 0x00007f5d9afc2fb8, 0x00007f5d9afc3000, 0x00007f5f6eea2000)
 Metaspace       used 30657K, capacity 31063K, committed 31232K, reserved 32768K
}
Event: 6002.701 GC heap before
{Heap before GC invocations=85 (full 7):
 def new generation   total 12867136K, used 12867135K [0x00007f5348600000, 0x00007f56b0fb0000, 0x00007f589db50000)
  eden space 11437504K, 100% used [0x00007f5348600000, 0x00007f5602770000, 0x00007f5602770000)
  from space 1429632K,  99% used [0x00007f5602770000, 0x00007f5659b8fff0, 0x00007f5659b90000)
  to   space 1429632K,   0% used [0x00007f5659b90000, 0x00007f5659b90000, 0x00007f56b0fb0000)
 tenured generation   total 28593480K, used 20926923K [0x00007f589db50000, 0x00007f5f6eea2000, 0x00007f6348600000)
   the space 28593480K,  73% used [0x00007f589db50000, 0x00007f5d9afc2fb8, 0x00007f5d9afc3000, 0x00007f5f6eea2000)
 Metaspace       used 30657K, capacity 31063K, committed 31232K, reserved 32768K
}
Event: 6008.841 GC heap after
{Heap after GC invocations=86 (full 7):
 def new generation   total 12867136K, used 1429631K [0x00007f5348600000, 0x00007f56b0fb0000, 0x00007f589db50000)
  eden space 11437504K,   0% used [0x00007f5348600000, 0x00007f5348600000, 0x00007f5602770000)
  from space 1429632K,  99% used [0x00007f5659b90000, 0x00007f56b0fafff0, 0x00007f56b0fb0000)
  to   space 1429632K,   0% used [0x00007f5602770000, 0x00007f5602770000, 0x00007f5659b90000)
 tenured generation   total 28593480K, used 23334813K [0x00007f589db50000, 0x00007f5f6eea2000, 0x00007f6348600000)
   the space 28593480K,  81% used [0x00007f589db50000, 0x00007f5e2df37558, 0x00007f5e2df37600, 0x00007f5f6eea2000)
 Metaspace       used 30657K, capacity 31063K, committed 31232K, reserved 32768K
}
Event: 6939.305 GC heap before
{Heap before GC invocations=86 (full 7):
 def new generation   total 12867136K, used 12867135K [0x00007f5348600000, 0x00007f56b0fb0000, 0x00007f589db50000)
  eden space 11437504K, 100% used [0x00007f5348600000, 0x00007f5602770000, 0x00007f5602770000)
  from space 1429632K,  99% used [0x00007f5659b90000, 0x00007f56b0fafff0, 0x00007f56b0fb0000)
  to   space 1429632K,   0% used [0x00007f5602770000, 0x00007f5602770000, 0x00007f5659b90000)
 tenured generation   total 28593480K, used 23334813K [0x00007f589db50000, 0x00007f5f6eea2000, 0x00007f6348600000)
   the space 28593480K,  81% used [0x00007f589db50000, 0x00007f5e2df37558, 0x00007f5e2df37600, 0x00007f5f6eea2000)
 Metaspace       used 30657K, capacity 31063K, committed 31232K, reserved 32768K
}
Event: 6945.218 GC heap after
{Heap after GC invocations=87 (full 7):
 def new generation   total 12867136K, used 1429631K [0x00007f5348600000, 0x00007f56b0fb0000, 0x00007f589db50000)
  eden space 11437504K,   0% used [0x00007f5348600000, 0x00007f5348600000, 0x00007f5602770000)
  from space 1429632K,  99% used [0x00007f5602770000, 0x00007f5659b8fff0, 0x00007f5659b90000)
  to   space 1429632K,   0% used [0x00007f5659b90000, 0x00007f5659b90000, 0x00007f56b0fb0000)
 tenured generation   total 28593480K, used 25742702K [0x00007f589db50000, 0x00007f5f6eea2000, 0x00007f6348600000)
   the space 28593480K,  90% used [0x00007f589db50000, 0x00007f5ec0eaba78, 0x00007f5ec0eabc00, 0x00007f5f6eea2000)
 Metaspace       used 30657K, capacity 31063K, committed 31232K, reserved 32768K
}
Event: 7681.779 GC heap before
{Heap before GC invocations=87 (full 7):
 def new generation   total 12867136K, used 12867135K [0x00007f5348600000, 0x00007f56b0fb0000, 0x00007f589db50000)
  eden space 11437504K, 100% used [0x00007f5348600000, 0x00007f5602770000, 0x00007f5602770000)
  from space 1429632K,  99% used [0x00007f5602770000, 0x00007f5659b8fff0, 0x00007f5659b90000)
  to   space 1429632K,   0% used [0x00007f5659b90000, 0x00007f5659b90000, 0x00007f56b0fb0000)
 tenured generation   total 28593480K, used 25742702K [0x00007f589db50000, 0x00007f5f6eea2000, 0x00007f6348600000)
   the space 28593480K,  90% used [0x00007f589db50000, 0x00007f5ec0eaba78, 0x00007f5ec0eabc00, 0x00007f5f6eea2000)
 Metaspace       used 30657K, capacity 31063K, committed 31232K, reserved 32768K
}
Event: 7687.726 GC heap after
{Heap after GC invocations=88 (full 7):
 def new generation   total 12867136K, used 1429631K [0x00007f5348600000, 0x00007f56b0fb0000, 0x00007f589db50000)
  eden space 11437504K,   0% used [0x00007f5348600000, 0x00007f5348600000, 0x00007f5602770000)
  from space 1429632K,  99% used [0x00007f5659b90000, 0x00007f56b0fafff0, 0x00007f56b0fb0000)
  to   space 1429632K,   0% used [0x00007f5602770000, 0x00007f5602770000, 0x00007f5659b90000)
 tenured generation   total 28593480K, used 28150592K [0x00007f589db50000, 0x00007f5f6eea2000, 0x00007f6348600000)
   the space 28593480K,  98% used [0x00007f589db50000, 0x00007f5f53e20078, 0x00007f5f53e20200, 0x00007f5f6eea2000)
 Metaspace       used 30657K, capacity 31063K, committed 31232K, reserved 32768K
}
Event: 7751.688 GC heap before
{Heap before GC invocations=88 (full 7):
 def new generation   total 12867136K, used 12867135K [0x00007f5348600000, 0x00007f56b0fb0000, 0x00007f589db50000)
  eden space 11437504K, 100% used [0x00007f5348600000, 0x00007f5602770000, 0x00007f5602770000)
  from space 1429632K,  99% used [0x00007f5659b90000, 0x00007f56b0fafff0, 0x00007f56b0fb0000)
  to   space 1429632K,   0% used [0x00007f5602770000, 0x00007f5602770000, 0x00007f5659b90000)
 tenured generation   total 28593480K, used 28150592K [0x00007f589db50000, 0x00007f5f6eea2000, 0x00007f6348600000)
   the space 28593480K,  98% used [0x00007f589db50000, 0x00007f5f53e20078, 0x00007f5f53e20200, 0x00007f5f6eea2000)
 Metaspace       used 30657K, capacity 31063K, committed 31232K, reserved 32768K
}
Event: 7755.049 GC heap after
{Heap after GC invocations=89 (full 7):
 def new generation   total 12867136K, used 985500K [0x00007f5348600000, 0x00007f56b0fb0000, 0x00007f589db50000)
  eden space 11437504K,   0% used [0x00007f5348600000, 0x00007f5348600000, 0x00007f5602770000)
  from space 1429632K,  68% used [0x00007f5602770000, 0x00007f563e9d7328, 0x00007f5659b90000)
  to   space 1429632K,   0% used [0x00007f5659b90000, 0x00007f5659b90000, 0x00007f56b0fb0000)
 tenured generation   total 29580360K, used 29580223K [0x00007f589db50000, 0x00007f5fab262000, 0x00007f6348600000)
   the space 29580360K,  99% used [0x00007f589db50000, 0x00007f5fab23ffd8, 0x00007f5fab240000, 0x00007f5fab262000)
 Metaspace       used 30657K, capacity 31063K, committed 31232K, reserved 32768K
}
Event: 7755.049 GC heap before
{Heap before GC invocations=89 (full 7):
 def new generation   total 12867136K, used 985500K [0x00007f5348600000, 0x00007f56b0fb0000, 0x00007f589db50000)
  eden space 11437504K,   0% used [0x00007f5348600000, 0x00007f5348600000, 0x00007f5602770000)
  from space 1429632K,  68% used [0x00007f5602770000, 0x00007f563e9d7328, 0x00007f5659b90000)
  to   space 1429632K,   0% used [0x00007f5659b90000, 0x00007f5659b90000, 0x00007f56b0fb0000)
 tenured generation   total 29580360K, used 29580223K [0x00007f589db50000, 0x00007f5fab262000, 0x00007f6348600000)
   the space 29580360K,  99% used [0x00007f589db50000, 0x00007f5fab23ffd8, 0x00007f5fab240000, 0x00007f5fab262000)
 Metaspace       used 30657K, capacity 31063K, committed 31232K, reserved 32768K
}

