# JRE version: OpenJDK Runtime Environment (13.0.7+5) (build 13.0.7+5-Ubuntu-0ubuntu120.04)
# Java VM: OpenJDK 64-Bit Server VM (13.0.7+5-Ubuntu-0ubuntu120.04, mixed mode, tiered, serial gc, linux-amd64)
Heap:
 def new generation   total 4859840K, used 59353K [0x00007f0ff4600000, 0x00007f113df40000, 0x00007f1549b50000)
  eden space 4319872K,   1% used [0x00007f0ff4600000, 0x00007f0ff7ff65e0, 0x00007f10fc0a0000)
  from space 539968K,   0% used [0x00007f111cff0000, 0x00007f111cff0000, 0x00007f113df40000)
  to   space 539968K,   0% used [0x00007f10fc0a0000, 0x00007f10fc0a0000, 0x00007f111cff0000)
 tenured generation   total 10800924K, used 10800923K [0x00007f1549b50000, 0x00007f17dcf17000, 0x00007f1ff4600000)
   the space 10800924K,  99% used [0x00007f1549b50000, 0x00007f17dcf16fc8, 0x00007f17dcf17000, 0x00007f17dcf17000)
 Metaspace       used 24317K, capacity 24729K, committed 24832K, reserved 26624K
GC Heap History (20 events):
Event: 11773.153 GC heap after
{Heap after GC invocations=7099 (full 5):
 def new generation   total 4859840K, used 59624K [0x00007f0ff4600000, 0x00007f113df40000, 0x00007f1549b50000)
  eden space 4319872K,   0% used [0x00007f0ff4600000, 0x00007f0ff4600000, 0x00007f10fc0a0000)
  from space 539968K,  11% used [0x00007f10fc0a0000, 0x00007f10ffada0a8, 0x00007f111cff0000)
  to   space 539968K,   0% used [0x00007f111cff0000, 0x00007f111cff0000, 0x00007f113df40000)
 tenured generation   total 10799580K, used 10765487K [0x00007f1549b50000, 0x00007f17dcdc7000, 0x00007f1ff4600000)
   the space 10799580K,  99% used [0x00007f1549b50000, 0x00007f17dac7bd08, 0x00007f17dac7be00, 0x00007f17dcdc7000)
 Metaspace       used 24317K, capacity 24729K, committed 24832K, reserved 26624K
}
Event: 11777.260 GC heap before
{Heap before GC invocations=7099 (full 5):
 def new generation   total 4859840K, used 4379496K [0x00007f0ff4600000, 0x00007f113df40000, 0x00007f1549b50000)
  eden space 4319872K, 100% used [0x00007f0ff4600000, 0x00007f10fc0a0000, 0x00007f10fc0a0000)
  from space 539968K,  11% used [0x00007f10fc0a0000, 0x00007f10ffada0a8, 0x00007f111cff0000)
  to   space 539968K,   0% used [0x00007f111cff0000, 0x00007f111cff0000, 0x00007f113df40000)
 tenured generation   total 10799580K, used 10765487K [0x00007f1549b50000, 0x00007f17dcdc7000, 0x00007f1ff4600000)
   the space 10799580K,  99% used [0x00007f1549b50000, 0x00007f17dac7bd08, 0x00007f17dac7be00, 0x00007f17dcdc7000)
 Metaspace       used 24317K, capacity 24729K, committed 24832K, reserved 26624K
}
Event: 11777.370 GC heap after
{Heap after GC invocations=7100 (full 5):
 def new generation   total 4859840K, used 59628K [0x00007f0ff4600000, 0x00007f113df40000, 0x00007f1549b50000)
  eden space 4319872K,   0% used [0x00007f0ff4600000, 0x00007f0ff4600000, 0x00007f10fc0a0000)
  from space 539968K,  11% used [0x00007f111cff0000, 0x00007f1120a2b198, 0x00007f113df40000)
  to   space 539968K,   0% used [0x00007f10fc0a0000, 0x00007f10fc0a0000, 0x00007f111cff0000)
 tenured generation   total 10799580K, used 10769461K [0x00007f1549b50000, 0x00007f17dcdc7000, 0x00007f1ff4600000)
   the space 10799580K,  99% used [0x00007f1549b50000, 0x00007f17db05d6c8, 0x00007f17db05d800, 0x00007f17dcdc7000)
 Metaspace       used 24317K, capacity 24729K, committed 24832K, reserved 26624K
}
Event: 11781.474 GC heap before
{Heap before GC invocations=7100 (full 5):
 def new generation   total 4859840K, used 4379500K [0x00007f0ff4600000, 0x00007f113df40000, 0x00007f1549b50000)
  eden space 4319872K, 100% used [0x00007f0ff4600000, 0x00007f10fc0a0000, 0x00007f10fc0a0000)
  from space 539968K,  11% used [0x00007f111cff0000, 0x00007f1120a2b198, 0x00007f113df40000)
  to   space 539968K,   0% used [0x00007f10fc0a0000, 0x00007f10fc0a0000, 0x00007f111cff0000)
 tenured generation   total 10799580K, used 10769461K [0x00007f1549b50000, 0x00007f17dcdc7000, 0x00007f1ff4600000)
   the space 10799580K,  99% used [0x00007f1549b50000, 0x00007f17db05d6c8, 0x00007f17db05d800, 0x00007f17dcdc7000)
 Metaspace       used 24317K, capacity 24729K, committed 24832K, reserved 26624K
}
Event: 11781.594 GC heap after
{Heap after GC invocations=7101 (full 5):
 def new generation   total 4859840K, used 59743K [0x00007f0ff4600000, 0x00007f113df40000, 0x00007f1549b50000)
  eden space 4319872K,   0% used [0x00007f0ff4600000, 0x00007f0ff4600000, 0x00007f10fc0a0000)
  from space 539968K,  11% used [0x00007f10fc0a0000, 0x00007f10ffaf7c78, 0x00007f111cff0000)
  to   space 539968K,   0% used [0x00007f111cff0000, 0x00007f111cff0000, 0x00007f113df40000)
 tenured generation   total 10799580K, used 10773436K [0x00007f1549b50000, 0x00007f17dcdc7000, 0x00007f1ff4600000)
   the space 10799580K,  99% used [0x00007f1549b50000, 0x00007f17db43f088, 0x00007f17db43f200, 0x00007f17dcdc7000)
 Metaspace       used 24317K, capacity 24729K, committed 24832K, reserved 26624K
}
Event: 11785.720 GC heap before
{Heap before GC invocations=7101 (full 5):
 def new generation   total 4859840K, used 4379588K [0x00007f0ff4600000, 0x00007f113df40000, 0x00007f1549b50000)
  eden space 4319872K,  99% used [0x00007f0ff4600000, 0x00007f10fc099758, 0x00007f10fc0a0000)
  from space 539968K,  11% used [0x00007f10fc0a0000, 0x00007f10ffaf7c78, 0x00007f111cff0000)
  to   space 539968K,   0% used [0x00007f111cff0000, 0x00007f111cff0000, 0x00007f113df40000)
 tenured generation   total 10799580K, used 10773436K [0x00007f1549b50000, 0x00007f17dcdc7000, 0x00007f1ff4600000)
   the space 10799580K,  99% used [0x00007f1549b50000, 0x00007f17db43f088, 0x00007f17db43f200, 0x00007f17dcdc7000)
 Metaspace       used 24317K, capacity 24729K, committed 24832K, reserved 26624K
}
Event: 11785.842 GC heap after
{Heap after GC invocations=7102 (full 5):
 def new generation   total 4859840K, used 59802K [0x00007f0ff4600000, 0x00007f113df40000, 0x00007f1549b50000)
  eden space 4319872K,   0% used [0x00007f0ff4600000, 0x00007f0ff4600000, 0x00007f10fc0a0000)
  from space 539968K,  11% used [0x00007f111cff0000, 0x00007f1120a569f8, 0x00007f113df40000)
  to   space 539968K,   0% used [0x00007f10fc0a0000, 0x00007f10fc0a0000, 0x00007f111cff0000)
 tenured generation   total 10799580K, used 10777414K [0x00007f1549b50000, 0x00007f17dcdc7000, 0x00007f1ff4600000)
   the space 10799580K,  99% used [0x00007f1549b50000, 0x00007f17db821b88, 0x00007f17db821c00, 0x00007f17dcdc7000)
 Metaspace       used 24317K, capacity 24729K, committed 24832K, reserved 26624K
}
Event: 11789.991 GC heap before
{Heap before GC invocations=7102 (full 5):
 def new generation   total 4859840K, used 4379674K [0x00007f0ff4600000, 0x00007f113df40000, 0x00007f1549b50000)
  eden space 4319872K, 100% used [0x00007f0ff4600000, 0x00007f10fc0a0000, 0x00007f10fc0a0000)
  from space 539968K,  11% used [0x00007f111cff0000, 0x00007f1120a569f8, 0x00007f113df40000)
  to   space 539968K,   0% used [0x00007f10fc0a0000, 0x00007f10fc0a0000, 0x00007f111cff0000)
 tenured generation   total 10799580K, used 10777414K [0x00007f1549b50000, 0x00007f17dcdc7000, 0x00007f1ff4600000)
   the space 10799580K,  99% used [0x00007f1549b50000, 0x00007f17db821b88, 0x00007f17db821c00, 0x00007f17dcdc7000)
 Metaspace       used 24317K, capacity 24729K, committed 24832K, reserved 26624K
}
Event: 11790.117 GC heap after
{Heap after GC invocations=7103 (full 5):
 def new generation   total 4859840K, used 59623K [0x00007f0ff4600000, 0x00007f113df40000, 0x00007f1549b50000)
  eden space 4319872K,   0% used [0x00007f0ff4600000, 0x00007f0ff4600000, 0x00007f10fc0a0000)
  from space 539968K,  11% used [0x00007f10fc0a0000, 0x00007f10ffad9c38, 0x00007f111cff0000)
  to   space 539968K,   0% used [0x00007f111cff0000, 0x00007f111cff0000, 0x00007f113df40000)
 tenured generation   total 10799580K, used 10781509K [0x00007f1549b50000, 0x00007f17dcdc7000, 0x00007f1ff4600000)
   the space 10799580K,  99% used [0x00007f1549b50000, 0x00007f17dbc21708, 0x00007f17dbc21800, 0x00007f17dcdc7000)
 Metaspace       used 24317K, capacity 24729K, committed 24832K, reserved 26624K
}
Event: 11794.333 GC heap before
{Heap before GC invocations=7103 (full 5):
 def new generation   total 4859840K, used 4379495K [0x00007f0ff4600000, 0x00007f113df40000, 0x00007f1549b50000)
  eden space 4319872K, 100% used [0x00007f0ff4600000, 0x00007f10fc0a0000, 0x00007f10fc0a0000)
  from space 539968K,  11% used [0x00007f10fc0a0000, 0x00007f10ffad9c38, 0x00007f111cff0000)
  to   space 539968K,   0% used [0x00007f111cff0000, 0x00007f111cff0000, 0x00007f113df40000)
 tenured generation   total 10799580K, used 10781509K [0x00007f1549b50000, 0x00007f17dcdc7000, 0x00007f1ff4600000)
   the space 10799580K,  99% used [0x00007f1549b50000, 0x00007f17dbc21708, 0x00007f17dbc21800, 0x00007f17dcdc7000)
 Metaspace       used 24317K, capacity 24729K, committed 24832K, reserved 26624K
}
Event: 11794.448 GC heap after
{Heap after GC invocations=7104 (full 5):
 def new generation   total 4859840K, used 59661K [0x00007f0ff4600000, 0x00007f113df40000, 0x00007f1549b50000)
  eden space 4319872K,   0% used [0x00007f0ff4600000, 0x00007f0ff4600000, 0x00007f10fc0a0000)
  from space 539968K,  11% used [0x00007f111cff0000, 0x00007f1120a33760, 0x00007f113df40000)
  to   space 539968K,   0% used [0x00007f10fc0a0000, 0x00007f10fc0a0000, 0x00007f111cff0000)
 tenured generation   total 10799580K, used 10785484K [0x00007f1549b50000, 0x00007f17dcdc7000, 0x00007f1ff4600000)
   the space 10799580K,  99% used [0x00007f1549b50000, 0x00007f17dc0030c8, 0x00007f17dc003200, 0x00007f17dcdc7000)
 Metaspace       used 24317K, capacity 24729K, committed 24832K, reserved 26624K
}
Event: 11798.610 GC heap before
{Heap before GC invocations=7104 (full 5):
 def new generation   total 4859840K, used 4379533K [0x00007f0ff4600000, 0x00007f113df40000, 0x00007f1549b50000)
  eden space 4319872K, 100% used [0x00007f0ff4600000, 0x00007f10fc0a0000, 0x00007f10fc0a0000)
  from space 539968K,  11% used [0x00007f111cff0000, 0x00007f1120a33760, 0x00007f113df40000)
  to   space 539968K,   0% used [0x00007f10fc0a0000, 0x00007f10fc0a0000, 0x00007f111cff0000)
 tenured generation   total 10799580K, used 10785484K [0x00007f1549b50000, 0x00007f17dcdc7000, 0x00007f1ff4600000)
   the space 10799580K,  99% used [0x00007f1549b50000, 0x00007f17dc0030c8, 0x00007f17dc003200, 0x00007f17dcdc7000)
 Metaspace       used 24317K, capacity 24729K, committed 24832K, reserved 26624K
}
Event: 11798.724 GC heap after
{Heap after GC invocations=7105 (full 5):
 def new generation   total 4859840K, used 59716K [0x00007f0ff4600000, 0x00007f113df40000, 0x00007f1549b50000)
  eden space 4319872K,   0% used [0x00007f0ff4600000, 0x00007f0ff4600000, 0x00007f10fc0a0000)
  from space 539968K,  11% used [0x00007f10fc0a0000, 0x00007f10ffaf1070, 0x00007f111cff0000)
  to   space 539968K,   0% used [0x00007f111cff0000, 0x00007f111cff0000, 0x00007f113df40000)
 tenured generation   total 10799580K, used 10789458K [0x00007f1549b50000, 0x00007f17dcdc7000, 0x00007f1ff4600000)
   the space 10799580K,  99% used [0x00007f1549b50000, 0x00007f17dc3e4a88, 0x00007f17dc3e4c00, 0x00007f17dcdc7000)
 Metaspace       used 24317K, capacity 24729K, committed 24832K, reserved 26624K
}
Event: 11802.827 GC heap before
{Heap before GC invocations=7105 (full 5):
 def new generation   total 4859840K, used 4379588K [0x00007f0ff4600000, 0x00007f113df40000, 0x00007f1549b50000)
  eden space 4319872K, 100% used [0x00007f0ff4600000, 0x00007f10fc0a0000, 0x00007f10fc0a0000)
  from space 539968K,  11% used [0x00007f10fc0a0000, 0x00007f10ffaf1070, 0x00007f111cff0000)
  to   space 539968K,   0% used [0x00007f111cff0000, 0x00007f111cff0000, 0x00007f113df40000)
 tenured generation   total 10799580K, used 10789458K [0x00007f1549b50000, 0x00007f17dcdc7000, 0x00007f1ff4600000)
   the space 10799580K,  99% used [0x00007f1549b50000, 0x00007f17dc3e4a88, 0x00007f17dc3e4c00, 0x00007f17dcdc7000)
 Metaspace       used 24317K, capacity 24729K, committed 24832K, reserved 26624K
}
Event: 11802.939 GC heap after
{Heap after GC invocations=7106 (full 5):
 def new generation   total 4859840K, used 59814K [0x00007f0ff4600000, 0x00007f113df40000, 0x00007f1549b50000)
  eden space 4319872K,   0% used [0x00007f0ff4600000, 0x00007f0ff4600000, 0x00007f10fc0a0000)
  from space 539968K,  11% used [0x00007f111cff0000, 0x00007f1120a59a98, 0x00007f113df40000)
  to   space 539968K,   0% used [0x00007f10fc0a0000, 0x00007f10fc0a0000, 0x00007f111cff0000)
 tenured generation   total 10799580K, used 10792715K [0x00007f1549b50000, 0x00007f17dcdc7000, 0x00007f1ff4600000)
   the space 10799580K,  99% used [0x00007f1549b50000, 0x00007f17dc712c60, 0x00007f17dc712e00, 0x00007f17dcdc7000)
 Metaspace       used 24317K, capacity 24729K, committed 24832K, reserved 26624K
}
Event: 11807.091 GC heap before
{Heap before GC invocations=7106 (full 5):
 def new generation   total 4859840K, used 4379686K [0x00007f0ff4600000, 0x00007f113df40000, 0x00007f1549b50000)
  eden space 4319872K, 100% used [0x00007f0ff4600000, 0x00007f10fc0a0000, 0x00007f10fc0a0000)
  from space 539968K,  11% used [0x00007f111cff0000, 0x00007f1120a59a98, 0x00007f113df40000)
  to   space 539968K,   0% used [0x00007f10fc0a0000, 0x00007f10fc0a0000, 0x00007f111cff0000)
 tenured generation   total 10799580K, used 10792715K [0x00007f1549b50000, 0x00007f17dcdc7000, 0x00007f1ff4600000)
   the space 10799580K,  99% used [0x00007f1549b50000, 0x00007f17dc712c60, 0x00007f17dc712e00, 0x00007f17dcdc7000)
 Metaspace       used 24317K, capacity 24729K, committed 24832K, reserved 26624K
}
Event: 11807.197 GC heap after
{Heap after GC invocations=7107 (full 5):
 def new generation   total 4859840K, used 59593K [0x00007f0ff4600000, 0x00007f113df40000, 0x00007f1549b50000)
  eden space 4319872K,   0% used [0x00007f0ff4600000, 0x00007f0ff4600000, 0x00007f10fc0a0000)
  from space 539968K,  11% used [0x00007f10fc0a0000, 0x00007f10ffad2460, 0x00007f111cff0000)
  to   space 539968K,   0% used [0x00007f111cff0000, 0x00007f111cff0000, 0x00007f113df40000)
 tenured generation   total 10799580K, used 10796689K [0x00007f1549b50000, 0x00007f17dcdc7000, 0x00007f1ff4600000)
   the space 10799580K,  99% used [0x00007f1549b50000, 0x00007f17dcaf4740, 0x00007f17dcaf4800, 0x00007f17dcdc7000)
 Metaspace       used 24317K, capacity 24729K, committed 24832K, reserved 26624K
}
Event: 11811.322 GC heap before
{Heap before GC invocations=7107 (full 5):
 def new generation   total 4859840K, used 4379465K [0x00007f0ff4600000, 0x00007f113df40000, 0x00007f1549b50000)
  eden space 4319872K, 100% used [0x00007f0ff4600000, 0x00007f10fc0a0000, 0x00007f10fc0a0000)
  from space 539968K,  11% used [0x00007f10fc0a0000, 0x00007f10ffad2460, 0x00007f111cff0000)
  to   space 539968K,   0% used [0x00007f111cff0000, 0x00007f111cff0000, 0x00007f113df40000)
 tenured generation   total 10799580K, used 10796689K [0x00007f1549b50000, 0x00007f17dcdc7000, 0x00007f1ff4600000)
   the space 10799580K,  99% used [0x00007f1549b50000, 0x00007f17dcaf4740, 0x00007f17dcaf4800, 0x00007f17dcdc7000)
 Metaspace       used 24317K, capacity 24729K, committed 24832K, reserved 26624K
}
Event: 11811.436 GC heap after
{Heap after GC invocations=7108 (full 5):
 def new generation   total 4859840K, used 59492K [0x00007f0ff4600000, 0x00007f113df40000, 0x00007f1549b50000)
  eden space 4319872K,   0% used [0x00007f0ff4600000, 0x00007f0ff4600000, 0x00007f10fc0a0000)
  from space 539968K,  11% used [0x00007f111cff0000, 0x00007f1120a092e8, 0x00007f113df40000)
  to   space 539968K,   0% used [0x00007f10fc0a0000, 0x00007f10fc0a0000, 0x00007f111cff0000)
 tenured generation   total 10800924K, used 10800784K [0x00007f1549b50000, 0x00007f17dcf17000, 0x00007f1ff4600000)
   the space 10800924K,  99% used [0x00007f1549b50000, 0x00007f17dcef42c0, 0x00007f17dcef4400, 0x00007f17dcf17000)
 Metaspace       used 24317K, capacity 24729K, committed 24832K, reserved 26624K
}
Event: 11811.436 GC heap before
{Heap before GC invocations=7108 (full 5):
 def new generation   total 4859840K, used 59492K [0x00007f0ff4600000, 0x00007f113df40000, 0x00007f1549b50000)
  eden space 4319872K,   0% used [0x00007f0ff4600000, 0x00007f0ff4600000, 0x00007f10fc0a0000)
  from space 539968K,  11% used [0x00007f111cff0000, 0x00007f1120a092e8, 0x00007f113df40000)
  to   space 539968K,   0% used [0x00007f10fc0a0000, 0x00007f10fc0a0000, 0x00007f111cff0000)
 tenured generation   total 10800924K, used 10800784K [0x00007f1549b50000, 0x00007f17dcf17000, 0x00007f1ff4600000)
   the space 10800924K,  99% used [0x00007f1549b50000, 0x00007f17dcef42c0, 0x00007f17dcef4400, 0x00007f17dcf17000)
 Metaspace       used 24317K, capacity 24729K, committed 24832K, reserved 26624K
}

