# JRE version: OpenJDK Runtime Environment (13.0.7+5) (build 13.0.7+5-Ubuntu-0ubuntu120.04)
# Java VM: OpenJDK 64-Bit Server VM (13.0.7+5-Ubuntu-0ubuntu120.04, mixed mode, tiered, serial gc, linux-amd64)
Heap:
 def new generation   total 1678080K, used 71913K [0x00007f403c600000, 0x00007f40ae2d0000, 0x00007f4ae70a0000)
  eden space 1491648K,   4% used [0x00007f403c600000, 0x00007f4040c3a640, 0x00007f40976b0000)
  from space 186432K,   0% used [0x00007f40a2cc0000, 0x00007f40a2cc0000, 0x00007f40ae2d0000)
  to   space 186432K,   0% used [0x00007f40976b0000, 0x00007f40976b0000, 0x00007f40a2cc0000)
 tenured generation   total 3745360K, used 3745115K [0x00007f4ae70a0000, 0x00007f4bcba34000, 0x00007f603c600000)
   the space 3745360K,  99% used [0x00007f4ae70a0000, 0x00007f4bcb9f6e10, 0x00007f4bcb9f7000, 0x00007f4bcba34000)
 Metaspace       used 24182K, capacity 24568K, committed 24576K, reserved 24576K
GC Heap History (20 events):
Event: 1222.034 GC heap after
{Heap after GC invocations=1248 (full 5):
 def new generation   total 1678080K, used 68317K [0x00007f403c600000, 0x00007f40ae2d0000, 0x00007f4ae70a0000)
  eden space 1491648K,   0% used [0x00007f403c600000, 0x00007f403c600000, 0x00007f40976b0000)
  from space 186432K,  36% used [0x00007f40976b0000, 0x00007f409b967658, 0x00007f40a2cc0000)
  to   space 186432K,   0% used [0x00007f40a2cc0000, 0x00007f40a2cc0000, 0x00007f40ae2d0000)
 tenured generation   total 3728972K, used 3680877K [0x00007f4ae70a0000, 0x00007f4bcaa33000, 0x00007f603c600000)
   the space 3728972K,  98% used [0x00007f4ae70a0000, 0x00007f4bc7b3b580, 0x00007f4bc7b3b600, 0x00007f4bcaa33000)
 Metaspace       used 24182K, capacity 24568K, committed 24576K, reserved 24576K
}
Event: 1223.473 GC heap before
{Heap before GC invocations=1248 (full 5):
 def new generation   total 1678080K, used 1544123K [0x00007f403c600000, 0x00007f40ae2d0000, 0x00007f4ae70a0000)
  eden space 1491648K,  98% used [0x00007f403c600000, 0x00007f4096737698, 0x00007f40976b0000)
  from space 186432K,  36% used [0x00007f40976b0000, 0x00007f409b967658, 0x00007f40a2cc0000)
  to   space 186432K,   0% used [0x00007f40a2cc0000, 0x00007f40a2cc0000, 0x00007f40ae2d0000)
 tenured generation   total 3728972K, used 3680877K [0x00007f4ae70a0000, 0x00007f4bcaa33000, 0x00007f603c600000)
   the space 3728972K,  98% used [0x00007f4ae70a0000, 0x00007f4bc7b3b580, 0x00007f4bc7b3b600, 0x00007f4bcaa33000)
 Metaspace       used 24182K, capacity 24568K, committed 24576K, reserved 24576K
}
Event: 1223.526 GC heap after
{Heap after GC invocations=1249 (full 5):
 def new generation   total 1678080K, used 74002K [0x00007f403c600000, 0x00007f40ae2d0000, 0x00007f4ae70a0000)
  eden space 1491648K,   0% used [0x00007f403c600000, 0x00007f403c600000, 0x00007f40976b0000)
  from space 186432K,  39% used [0x00007f40a2cc0000, 0x00007f40a7504b60, 0x00007f40ae2d0000)
  to   space 186432K,   0% used [0x00007f40976b0000, 0x00007f40976b0000, 0x00007f40a2cc0000)
 tenured generation   total 3728972K, used 3680877K [0x00007f4ae70a0000, 0x00007f4bcaa33000, 0x00007f603c600000)
   the space 3728972K,  98% used [0x00007f4ae70a0000, 0x00007f4bc7b3b580, 0x00007f4bc7b3b600, 0x00007f4bcaa33000)
 Metaspace       used 24182K, capacity 24568K, committed 24576K, reserved 24576K
}
Event: 1225.281 GC heap before
{Heap before GC invocations=1249 (full 5):
 def new generation   total 1678080K, used 1565650K [0x00007f403c600000, 0x00007f40ae2d0000, 0x00007f4ae70a0000)
  eden space 1491648K, 100% used [0x00007f403c600000, 0x00007f40976b0000, 0x00007f40976b0000)
  from space 186432K,  39% used [0x00007f40a2cc0000, 0x00007f40a7504b60, 0x00007f40ae2d0000)
  to   space 186432K,   0% used [0x00007f40976b0000, 0x00007f40976b0000, 0x00007f40a2cc0000)
 tenured generation   total 3728972K, used 3680877K [0x00007f4ae70a0000, 0x00007f4bcaa33000, 0x00007f603c600000)
   the space 3728972K,  98% used [0x00007f4ae70a0000, 0x00007f4bc7b3b580, 0x00007f4bc7b3b600, 0x00007f4bcaa33000)
 Metaspace       used 24182K, capacity 24568K, committed 24576K, reserved 24576K
}
Event: 1225.345 GC heap after
{Heap after GC invocations=1250 (full 5):
 def new generation   total 1678080K, used 84251K [0x00007f403c600000, 0x00007f40ae2d0000, 0x00007f4ae70a0000)
  eden space 1491648K,   0% used [0x00007f403c600000, 0x00007f403c600000, 0x00007f40976b0000)
  from space 186432K,  45% used [0x00007f40976b0000, 0x00007f409c8f6df0, 0x00007f40a2cc0000)
  to   space 186432K,   0% used [0x00007f40a2cc0000, 0x00007f40a2cc0000, 0x00007f40ae2d0000)
 tenured generation   total 3728972K, used 3680877K [0x00007f4ae70a0000, 0x00007f4bcaa33000, 0x00007f603c600000)
   the space 3728972K,  98% used [0x00007f4ae70a0000, 0x00007f4bc7b3b580, 0x00007f4bc7b3b600, 0x00007f4bcaa33000)
 Metaspace       used 24182K, capacity 24568K, committed 24576K, reserved 24576K
}
Event: 1226.799 GC heap before
{Heap before GC invocations=1250 (full 5):
 def new generation   total 1678080K, used 1570639K [0x00007f403c600000, 0x00007f40ae2d0000, 0x00007f4ae70a0000)
  eden space 1491648K,  99% used [0x00007f403c600000, 0x00007f409718cff0, 0x00007f40976b0000)
  from space 186432K,  45% used [0x00007f40976b0000, 0x00007f409c8f6df0, 0x00007f40a2cc0000)
  to   space 186432K,   0% used [0x00007f40a2cc0000, 0x00007f40a2cc0000, 0x00007f40ae2d0000)
 tenured generation   total 3728972K, used 3680877K [0x00007f4ae70a0000, 0x00007f4bcaa33000, 0x00007f603c600000)
   the space 3728972K,  98% used [0x00007f4ae70a0000, 0x00007f4bc7b3b580, 0x00007f4bc7b3b600, 0x00007f4bcaa33000)
 Metaspace       used 24182K, capacity 24568K, committed 24576K, reserved 24576K
}
Event: 1226.864 GC heap after
{Heap after GC invocations=1251 (full 5):
 def new generation   total 1678080K, used 105317K [0x00007f403c600000, 0x00007f40ae2d0000, 0x00007f4ae70a0000)
  eden space 1491648K,   0% used [0x00007f403c600000, 0x00007f403c600000, 0x00007f40976b0000)
  from space 186432K,  56% used [0x00007f40a2cc0000, 0x00007f40a93995b0, 0x00007f40ae2d0000)
  to   space 186432K,   0% used [0x00007f40976b0000, 0x00007f40976b0000, 0x00007f40a2cc0000)
 tenured generation   total 3728972K, used 3680877K [0x00007f4ae70a0000, 0x00007f4bcaa33000, 0x00007f603c600000)
   the space 3728972K,  98% used [0x00007f4ae70a0000, 0x00007f4bc7b3b580, 0x00007f4bc7b3b600, 0x00007f4bcaa33000)
 Metaspace       used 24182K, capacity 24568K, committed 24576K, reserved 24576K
}
Event: 1228.632 GC heap before
{Heap before GC invocations=1251 (full 5):
 def new generation   total 1678080K, used 1596965K [0x00007f403c600000, 0x00007f40ae2d0000, 0x00007f4ae70a0000)
  eden space 1491648K, 100% used [0x00007f403c600000, 0x00007f40976b0000, 0x00007f40976b0000)
  from space 186432K,  56% used [0x00007f40a2cc0000, 0x00007f40a93995b0, 0x00007f40ae2d0000)
  to   space 186432K,   0% used [0x00007f40976b0000, 0x00007f40976b0000, 0x00007f40a2cc0000)
 tenured generation   total 3728972K, used 3680877K [0x00007f4ae70a0000, 0x00007f4bcaa33000, 0x00007f603c600000)
   the space 3728972K,  98% used [0x00007f4ae70a0000, 0x00007f4bc7b3b580, 0x00007f4bc7b3b600, 0x00007f4bcaa33000)
 Metaspace       used 24182K, capacity 24568K, committed 24576K, reserved 24576K
}
Event: 1228.709 GC heap after
{Heap after GC invocations=1252 (full 5):
 def new generation   total 1678080K, used 82220K [0x00007f403c600000, 0x00007f40ae2d0000, 0x00007f4ae70a0000)
  eden space 1491648K,   0% used [0x00007f403c600000, 0x00007f403c600000, 0x00007f40976b0000)
  from space 186432K,  44% used [0x00007f40976b0000, 0x00007f409c6fb2e8, 0x00007f40a2cc0000)
  to   space 186432K,   0% used [0x00007f40a2cc0000, 0x00007f40a2cc0000, 0x00007f40ae2d0000)
 tenured generation   total 3728972K, used 3697835K [0x00007f4ae70a0000, 0x00007f4bcaa33000, 0x00007f603c600000)
   the space 3728972K,  99% used [0x00007f4ae70a0000, 0x00007f4bc8bcafd8, 0x00007f4bc8bcb000, 0x00007f4bcaa33000)
 Metaspace       used 24182K, capacity 24568K, committed 24576K, reserved 24576K
}
Event: 1230.217 GC heap before
{Heap before GC invocations=1252 (full 5):
 def new generation   total 1678080K, used 1571258K [0x00007f403c600000, 0x00007f40ae2d0000, 0x00007f4ae70a0000)
  eden space 1491648K,  99% used [0x00007f403c600000, 0x00007f4097423730, 0x00007f40976b0000)
  from space 186432K,  44% used [0x00007f40976b0000, 0x00007f409c6fb2e8, 0x00007f40a2cc0000)
  to   space 186432K,   0% used [0x00007f40a2cc0000, 0x00007f40a2cc0000, 0x00007f40ae2d0000)
 tenured generation   total 3728972K, used 3697835K [0x00007f4ae70a0000, 0x00007f4bcaa33000, 0x00007f603c600000)
   the space 3728972K,  99% used [0x00007f4ae70a0000, 0x00007f4bc8bcafd8, 0x00007f4bc8bcb000, 0x00007f4bcaa33000)
 Metaspace       used 24182K, capacity 24568K, committed 24576K, reserved 24576K
}
Event: 1230.271 GC heap after
{Heap after GC invocations=1253 (full 5):
 def new generation   total 1678080K, used 102746K [0x00007f403c600000, 0x00007f40ae2d0000, 0x00007f4ae70a0000)
  eden space 1491648K,   0% used [0x00007f403c600000, 0x00007f403c600000, 0x00007f40976b0000)
  from space 186432K,  55% used [0x00007f40a2cc0000, 0x00007f40a9116830, 0x00007f40ae2d0000)
  to   space 186432K,   0% used [0x00007f40976b0000, 0x00007f40976b0000, 0x00007f40a2cc0000)
 tenured generation   total 3728972K, used 3697835K [0x00007f4ae70a0000, 0x00007f4bcaa33000, 0x00007f603c600000)
   the space 3728972K,  99% used [0x00007f4ae70a0000, 0x00007f4bc8bcafd8, 0x00007f4bc8bcb000, 0x00007f4bcaa33000)
 Metaspace       used 24182K, capacity 24568K, committed 24576K, reserved 24576K
}
Event: 1231.948 GC heap before
{Heap before GC invocations=1253 (full 5):
 def new generation   total 1678080K, used 1581452K [0x00007f403c600000, 0x00007f40ae2d0000, 0x00007f4ae70a0000)
  eden space 1491648K,  99% used [0x00007f403c600000, 0x00007f4096a0c9b8, 0x00007f40976b0000)
  from space 186432K,  55% used [0x00007f40a2cc0000, 0x00007f40a9116830, 0x00007f40ae2d0000)
  to   space 186432K,   0% used [0x00007f40976b0000, 0x00007f40976b0000, 0x00007f40a2cc0000)
 tenured generation   total 3728972K, used 3697835K [0x00007f4ae70a0000, 0x00007f4bcaa33000, 0x00007f603c600000)
   the space 3728972K,  99% used [0x00007f4ae70a0000, 0x00007f4bc8bcafd8, 0x00007f4bc8bcb000, 0x00007f4bcaa33000)
 Metaspace       used 24182K, capacity 24568K, committed 24576K, reserved 24576K
}
Event: 1232.028 GC heap after
{Heap after GC invocations=1254 (full 5):
 def new generation   total 1678080K, used 79650K [0x00007f403c600000, 0x00007f40ae2d0000, 0x00007f4ae70a0000)
  eden space 1491648K,   0% used [0x00007f403c600000, 0x00007f403c600000, 0x00007f40976b0000)
  from space 186432K,  42% used [0x00007f40976b0000, 0x00007f409c478960, 0x00007f40a2cc0000)
  to   space 186432K,   0% used [0x00007f40a2cc0000, 0x00007f40a2cc0000, 0x00007f40ae2d0000)
 tenured generation   total 3728972K, used 3714794K [0x00007f4ae70a0000, 0x00007f4bcaa33000, 0x00007f603c600000)
   the space 3728972K,  99% used [0x00007f4ae70a0000, 0x00007f4bc9c5aa30, 0x00007f4bc9c5ac00, 0x00007f4bcaa33000)
 Metaspace       used 24182K, capacity 24568K, committed 24576K, reserved 24576K
}
Event: 1233.667 GC heap before
{Heap before GC invocations=1254 (full 5):
 def new generation   total 1678080K, used 1571298K [0x00007f403c600000, 0x00007f40ae2d0000, 0x00007f4ae70a0000)
  eden space 1491648K, 100% used [0x00007f403c600000, 0x00007f40976b0000, 0x00007f40976b0000)
  from space 186432K,  42% used [0x00007f40976b0000, 0x00007f409c478960, 0x00007f40a2cc0000)
  to   space 186432K,   0% used [0x00007f40a2cc0000, 0x00007f40a2cc0000, 0x00007f40ae2d0000)
 tenured generation   total 3728972K, used 3714794K [0x00007f4ae70a0000, 0x00007f4bcaa33000, 0x00007f603c600000)
   the space 3728972K,  99% used [0x00007f4ae70a0000, 0x00007f4bc9c5aa30, 0x00007f4bc9c5ac00, 0x00007f4bcaa33000)
 Metaspace       used 24182K, capacity 24568K, committed 24576K, reserved 24576K
}
Event: 1233.732 GC heap after
{Heap after GC invocations=1255 (full 5):
 def new generation   total 1678080K, used 85276K [0x00007f403c600000, 0x00007f40ae2d0000, 0x00007f4ae70a0000)
  eden space 1491648K,   0% used [0x00007f403c600000, 0x00007f403c600000, 0x00007f40976b0000)
  from space 186432K,  45% used [0x00007f40a2cc0000, 0x00007f40a80070b0, 0x00007f40ae2d0000)
  to   space 186432K,   0% used [0x00007f40976b0000, 0x00007f40976b0000, 0x00007f40a2cc0000)
 tenured generation   total 3728972K, used 3714794K [0x00007f4ae70a0000, 0x00007f4bcaa33000, 0x00007f603c600000)
   the space 3728972K,  99% used [0x00007f4ae70a0000, 0x00007f4bc9c5aa30, 0x00007f4bc9c5ac00, 0x00007f4bcaa33000)
 Metaspace       used 24182K, capacity 24568K, committed 24576K, reserved 24576K
}
Event: 1235.442 GC heap before
{Heap before GC invocations=1255 (full 5):
 def new generation   total 1678080K, used 1576924K [0x00007f403c600000, 0x00007f40ae2d0000, 0x00007f4ae70a0000)
  eden space 1491648K, 100% used [0x00007f403c600000, 0x00007f40976b0000, 0x00007f40976b0000)
  from space 186432K,  45% used [0x00007f40a2cc0000, 0x00007f40a80070b0, 0x00007f40ae2d0000)
  to   space 186432K,   0% used [0x00007f40976b0000, 0x00007f40976b0000, 0x00007f40a2cc0000)
 tenured generation   total 3728972K, used 3714794K [0x00007f4ae70a0000, 0x00007f4bcaa33000, 0x00007f603c600000)
   the space 3728972K,  99% used [0x00007f4ae70a0000, 0x00007f4bc9c5aa30, 0x00007f4bc9c5ac00, 0x00007f4bcaa33000)
 Metaspace       used 24182K, capacity 24568K, committed 24576K, reserved 24576K
}
Event: 1235.544 GC heap after
{Heap after GC invocations=1256 (full 5):
 def new generation   total 1678080K, used 94044K [0x00007f403c600000, 0x00007f40ae2d0000, 0x00007f4ae70a0000)
  eden space 1491648K,   0% used [0x00007f403c600000, 0x00007f403c600000, 0x00007f40976b0000)
  from space 186432K,  50% used [0x00007f40976b0000, 0x00007f409d287378, 0x00007f40a2cc0000)
  to   space 186432K,   0% used [0x00007f40a2cc0000, 0x00007f40a2cc0000, 0x00007f40ae2d0000)
 tenured generation   total 3728972K, used 3714794K [0x00007f4ae70a0000, 0x00007f4bcaa33000, 0x00007f603c600000)
   the space 3728972K,  99% used [0x00007f4ae70a0000, 0x00007f4bc9c5aa30, 0x00007f4bc9c5ac00, 0x00007f4bcaa33000)
 Metaspace       used 24182K, capacity 24568K, committed 24576K, reserved 24576K
}
Event: 1237.224 GC heap before
{Heap before GC invocations=1256 (full 5):
 def new generation   total 1678080K, used 1585692K [0x00007f403c600000, 0x00007f40ae2d0000, 0x00007f4ae70a0000)
  eden space 1491648K, 100% used [0x00007f403c600000, 0x00007f40976b0000, 0x00007f40976b0000)
  from space 186432K,  50% used [0x00007f40976b0000, 0x00007f409d287378, 0x00007f40a2cc0000)
  to   space 186432K,   0% used [0x00007f40a2cc0000, 0x00007f40a2cc0000, 0x00007f40ae2d0000)
 tenured generation   total 3728972K, used 3714794K [0x00007f4ae70a0000, 0x00007f4bcaa33000, 0x00007f603c600000)
   the space 3728972K,  99% used [0x00007f4ae70a0000, 0x00007f4bc9c5aa30, 0x00007f4bc9c5ac00, 0x00007f4bcaa33000)
 Metaspace       used 24182K, capacity 24568K, committed 24576K, reserved 24576K
}
Event: 1237.317 GC heap after
{Heap after GC invocations=1257 (full 5):
 def new generation   total 1678080K, used 85275K [0x00007f403c600000, 0x00007f40ae2d0000, 0x00007f4ae70a0000)
  eden space 1491648K,   0% used [0x00007f403c600000, 0x00007f403c600000, 0x00007f40976b0000)
  from space 186432K,  45% used [0x00007f40a2cc0000, 0x00007f40a8006fc8, 0x00007f40ae2d0000)
  to   space 186432K,   0% used [0x00007f40976b0000, 0x00007f40976b0000, 0x00007f40a2cc0000)
 tenured generation   total 3745360K, used 3731753K [0x00007f4ae70a0000, 0x00007f4bcba34000, 0x00007f603c600000)
   the space 3745360K,  99% used [0x00007f4ae70a0000, 0x00007f4bcacea488, 0x00007f4bcacea600, 0x00007f4bcba34000)
 Metaspace       used 24182K, capacity 24568K, committed 24576K, reserved 24576K
}
Event: 1237.317 GC heap before
{Heap before GC invocations=1257 (full 5):
 def new generation   total 1678080K, used 85275K [0x00007f403c600000, 0x00007f40ae2d0000, 0x00007f4ae70a0000)
  eden space 1491648K,   0% used [0x00007f403c600000, 0x00007f403c600000, 0x00007f40976b0000)
  from space 186432K,  45% used [0x00007f40a2cc0000, 0x00007f40a8006fc8, 0x00007f40ae2d0000)
  to   space 186432K,   0% used [0x00007f40976b0000, 0x00007f40976b0000, 0x00007f40a2cc0000)
 tenured generation   total 3745360K, used 3731753K [0x00007f4ae70a0000, 0x00007f4bcba34000, 0x00007f603c600000)
   the space 3745360K,  99% used [0x00007f4ae70a0000, 0x00007f4bcacea488, 0x00007f4bcacea600, 0x00007f4bcba34000)
 Metaspace       used 24182K, capacity 24568K, committed 24576K, reserved 24576K
}

