# JRE version: OpenJDK Runtime Environment (13.0.7+5) (build 13.0.7+5-Ubuntu-0ubuntu120.04)
# Java VM: OpenJDK 64-Bit Server VM (13.0.7+5-Ubuntu-0ubuntu120.04, mixed mode, tiered, serial gc, linux-amd64)
Heap:
 def new generation   total 8072832K, used 0K [0x00007fc3e0600000, 0x00007fc603d90000, 0x00007fc935b50000)
  eden space 7175872K,   0% used [0x00007fc3e0600000, 0x00007fc3e0600000, 0x00007fc5965b0000)
  from space 896960K,   0% used [0x00007fc5cd1a0000, 0x00007fc5cd1a0000, 0x00007fc603d90000)
  to   space 896960K,   0% used [0x00007fc5965b0000, 0x00007fc5965b0000, 0x00007fc5cd1a0000)
 tenured generation   total 18542568K, used 17214960K [0x00007fc935b50000, 0x00007fcda174a000, 0x00007fd3e0600000)
   the space 18542568K,  92% used [0x00007fc935b50000, 0x00007fcd506cc268, 0x00007fcd506cc400, 0x00007fcda174a000)
 Metaspace       used 29940K, capacity 30357K, committed 30464K, reserved 30720K
GC Heap History (20 events):
Event: 388.460 GC heap after
{Heap after GC invocations=60 (full 7):
 def new generation   total 8072832K, used 89085K [0x00007fc3e0600000, 0x00007fc603d90000, 0x00007fc935b50000)
  eden space 7175872K,   1% used [0x00007fc3e0600000, 0x00007fc3e5cff6e0, 0x00007fc5965b0000)
  from space 896960K,   0% used [0x00007fc5965b0000, 0x00007fc5965b0000, 0x00007fc5cd1a0000)
  to   space 896960K,   0% used [0x00007fc5cd1a0000, 0x00007fc5cd1a0000, 0x00007fc603d90000)
 tenured generation   total 17939496K, used 10763695K [0x00007fc935b50000, 0x00007fcd7ca5a000, 0x00007fd3e0600000)
   the space 17939496K,  59% used [0x00007fc935b50000, 0x00007fcbc6abbff0, 0x00007fcbc6abc000, 0x00007fcd7ca5a000)
 Metaspace       used 29940K, capacity 30357K, committed 30464K, reserved 30720K
}
Event: 398.543 GC heap before
{Heap before GC invocations=60 (full 7):
 def new generation   total 8072832K, used 7175872K [0x00007fc3e0600000, 0x00007fc603d90000, 0x00007fc935b50000)
  eden space 7175872K, 100% used [0x00007fc3e0600000, 0x00007fc5965b0000, 0x00007fc5965b0000)
  from space 896960K,   0% used [0x00007fc5965b0000, 0x00007fc5965b0000, 0x00007fc5cd1a0000)
  to   space 896960K,   0% used [0x00007fc5cd1a0000, 0x00007fc5cd1a0000, 0x00007fc603d90000)
 tenured generation   total 17939496K, used 10763695K [0x00007fc935b50000, 0x00007fcd7ca5a000, 0x00007fd3e0600000)
   the space 17939496K,  59% used [0x00007fc935b50000, 0x00007fcbc6abbff0, 0x00007fcbc6abc000, 0x00007fcd7ca5a000)
 Metaspace       used 29940K, capacity 30357K, committed 30464K, reserved 30720K
}
Event: 403.472 GC heap after
{Heap after GC invocations=61 (full 7):
 def new generation   total 8072832K, used 896959K [0x00007fc3e0600000, 0x00007fc603d90000, 0x00007fc935b50000)
  eden space 7175872K,   0% used [0x00007fc3e0600000, 0x00007fc3e0600000, 0x00007fc5965b0000)
  from space 896960K,  99% used [0x00007fc5cd1a0000, 0x00007fc603d8fff8, 0x00007fc603d90000)
  to   space 896960K,   0% used [0x00007fc5965b0000, 0x00007fc5965b0000, 0x00007fc5cd1a0000)
 tenured generation   total 17939496K, used 11392699K [0x00007fc935b50000, 0x00007fcd7ca5a000, 0x00007fd3e0600000)
   the space 17939496K,  63% used [0x00007fc935b50000, 0x00007fcbed0fef10, 0x00007fcbed0ff000, 0x00007fcd7ca5a000)
 Metaspace       used 29940K, capacity 30357K, committed 30464K, reserved 30720K
}
Event: 405.636 GC heap before
{Heap before GC invocations=61 (full 7):
 def new generation   total 8072832K, used 8072831K [0x00007fc3e0600000, 0x00007fc603d90000, 0x00007fc935b50000)
  eden space 7175872K, 100% used [0x00007fc3e0600000, 0x00007fc5965b0000, 0x00007fc5965b0000)
  from space 896960K,  99% used [0x00007fc5cd1a0000, 0x00007fc603d8fff8, 0x00007fc603d90000)
  to   space 896960K,   0% used [0x00007fc5965b0000, 0x00007fc5965b0000, 0x00007fc5cd1a0000)
 tenured generation   total 17939496K, used 11392699K [0x00007fc935b50000, 0x00007fcd7ca5a000, 0x00007fd3e0600000)
   the space 17939496K,  63% used [0x00007fc935b50000, 0x00007fcbed0fef10, 0x00007fcbed0ff000, 0x00007fcd7ca5a000)
 Metaspace       used 29940K, capacity 30357K, committed 30464K, reserved 30720K
}
Event: 409.320 GC heap after
{Heap after GC invocations=62 (full 7):
 def new generation   total 8072832K, used 896960K [0x00007fc3e0600000, 0x00007fc603d90000, 0x00007fc935b50000)
  eden space 7175872K,   0% used [0x00007fc3e0600000, 0x00007fc3e0600000, 0x00007fc5965b0000)
  from space 896960K, 100% used [0x00007fc5965b0000, 0x00007fc5cd1a0000, 0x00007fc5cd1a0000)
  to   space 896960K,   0% used [0x00007fc5cd1a0000, 0x00007fc5cd1a0000, 0x00007fc603d90000)
 tenured generation   total 17939496K, used 12415109K [0x00007fc935b50000, 0x00007fcd7ca5a000, 0x00007fd3e0600000)
   the space 17939496K,  69% used [0x00007fc935b50000, 0x00007fcc2b7716e8, 0x00007fcc2b771800, 0x00007fcd7ca5a000)
 Metaspace       used 29940K, capacity 30357K, committed 30464K, reserved 30720K
}
Event: 411.497 GC heap before
{Heap before GC invocations=62 (full 7):
 def new generation   total 8072832K, used 8072832K [0x00007fc3e0600000, 0x00007fc603d90000, 0x00007fc935b50000)
  eden space 7175872K, 100% used [0x00007fc3e0600000, 0x00007fc5965b0000, 0x00007fc5965b0000)
  from space 896960K, 100% used [0x00007fc5965b0000, 0x00007fc5cd1a0000, 0x00007fc5cd1a0000)
  to   space 896960K,   0% used [0x00007fc5cd1a0000, 0x00007fc5cd1a0000, 0x00007fc603d90000)
 tenured generation   total 17939496K, used 12415109K [0x00007fc935b50000, 0x00007fcd7ca5a000, 0x00007fd3e0600000)
   the space 17939496K,  69% used [0x00007fc935b50000, 0x00007fcc2b7716e8, 0x00007fcc2b771800, 0x00007fcd7ca5a000)
 Metaspace       used 29940K, capacity 30357K, committed 30464K, reserved 30720K
}
Event: 414.764 GC heap after
{Heap after GC invocations=63 (full 7):
 def new generation   total 8072832K, used 896960K [0x00007fc3e0600000, 0x00007fc603d90000, 0x00007fc935b50000)
  eden space 7175872K,   0% used [0x00007fc3e0600000, 0x00007fc3e0600000, 0x00007fc5965b0000)
  from space 896960K, 100% used [0x00007fc5cd1a0000, 0x00007fc603d90000, 0x00007fc603d90000)
  to   space 896960K,   0% used [0x00007fc5965b0000, 0x00007fc5965b0000, 0x00007fc5cd1a0000)
 tenured generation   total 17939496K, used 13453855K [0x00007fc935b50000, 0x00007fcd7ca5a000, 0x00007fd3e0600000)
   the space 17939496K,  74% used [0x00007fc935b50000, 0x00007fcc6add7d68, 0x00007fcc6add7e00, 0x00007fcd7ca5a000)
 Metaspace       used 29940K, capacity 30357K, committed 30464K, reserved 30720K
}
Event: 416.846 GC heap before
{Heap before GC invocations=63 (full 7):
 def new generation   total 8072832K, used 8072832K [0x00007fc3e0600000, 0x00007fc603d90000, 0x00007fc935b50000)
  eden space 7175872K, 100% used [0x00007fc3e0600000, 0x00007fc5965b0000, 0x00007fc5965b0000)
  from space 896960K, 100% used [0x00007fc5cd1a0000, 0x00007fc603d90000, 0x00007fc603d90000)
  to   space 896960K,   0% used [0x00007fc5965b0000, 0x00007fc5965b0000, 0x00007fc5cd1a0000)
 tenured generation   total 17939496K, used 13453855K [0x00007fc935b50000, 0x00007fcd7ca5a000, 0x00007fd3e0600000)
   the space 17939496K,  74% used [0x00007fc935b50000, 0x00007fcc6add7d68, 0x00007fcc6add7e00, 0x00007fcd7ca5a000)
 Metaspace       used 29940K, capacity 30357K, committed 30464K, reserved 30720K
}
Event: 419.769 GC heap after
{Heap after GC invocations=64 (full 7):
 def new generation   total 8072832K, used 848546K [0x00007fc3e0600000, 0x00007fc603d90000, 0x00007fc935b50000)
  eden space 7175872K,   0% used [0x00007fc3e0600000, 0x00007fc3e0600000, 0x00007fc5965b0000)
  from space 896960K,  94% used [0x00007fc5965b0000, 0x00007fc5ca2589e0, 0x00007fc5cd1a0000)
  to   space 896960K,   0% used [0x00007fc5cd1a0000, 0x00007fc5cd1a0000, 0x00007fc603d90000)
 tenured generation   total 17939496K, used 14350814K [0x00007fc935b50000, 0x00007fcd7ca5a000, 0x00007fd3e0600000)
   the space 17939496K,  79% used [0x00007fc935b50000, 0x00007fcca19c7a68, 0x00007fcca19c7c00, 0x00007fcd7ca5a000)
 Metaspace       used 29940K, capacity 30357K, committed 30464K, reserved 30720K
}
Event: 421.776 GC heap before
{Heap before GC invocations=64 (full 7):
 def new generation   total 8072832K, used 8024418K [0x00007fc3e0600000, 0x00007fc603d90000, 0x00007fc935b50000)
  eden space 7175872K, 100% used [0x00007fc3e0600000, 0x00007fc5965b0000, 0x00007fc5965b0000)
  from space 896960K,  94% used [0x00007fc5965b0000, 0x00007fc5ca2589e0, 0x00007fc5cd1a0000)
  to   space 896960K,   0% used [0x00007fc5cd1a0000, 0x00007fc5cd1a0000, 0x00007fc603d90000)
 tenured generation   total 17939496K, used 14350814K [0x00007fc935b50000, 0x00007fcd7ca5a000, 0x00007fd3e0600000)
   the space 17939496K,  79% used [0x00007fc935b50000, 0x00007fcca19c7a68, 0x00007fcca19c7c00, 0x00007fcd7ca5a000)
 Metaspace       used 29940K, capacity 30357K, committed 30464K, reserved 30720K
}
Event: 424.434 GC heap after
{Heap after GC invocations=65 (full 7):
 def new generation   total 8072832K, used 834704K [0x00007fc3e0600000, 0x00007fc603d90000, 0x00007fc935b50000)
  eden space 7175872K,   0% used [0x00007fc3e0600000, 0x00007fc3e0600000, 0x00007fc5965b0000)
  from space 896960K,  93% used [0x00007fc5cd1a0000, 0x00007fc6000c4370, 0x00007fc603d90000)
  to   space 896960K,   0% used [0x00007fc5965b0000, 0x00007fc5965b0000, 0x00007fc5cd1a0000)
 tenured generation   total 17939496K, used 15199360K [0x00007fc935b50000, 0x00007fcd7ca5a000, 0x00007fd3e0600000)
   the space 17939496K,  84% used [0x00007fc935b50000, 0x00007fccd5670388, 0x00007fccd5670400, 0x00007fcd7ca5a000)
 Metaspace       used 29940K, capacity 30357K, committed 30464K, reserved 30720K
}
Event: 426.491 GC heap before
{Heap before GC invocations=65 (full 7):
 def new generation   total 8072832K, used 8010576K [0x00007fc3e0600000, 0x00007fc603d90000, 0x00007fc935b50000)
  eden space 7175872K, 100% used [0x00007fc3e0600000, 0x00007fc5965b0000, 0x00007fc5965b0000)
  from space 896960K,  93% used [0x00007fc5cd1a0000, 0x00007fc6000c4370, 0x00007fc603d90000)
  to   space 896960K,   0% used [0x00007fc5965b0000, 0x00007fc5965b0000, 0x00007fc5cd1a0000)
 tenured generation   total 17939496K, used 15199360K [0x00007fc935b50000, 0x00007fcd7ca5a000, 0x00007fd3e0600000)
   the space 17939496K,  84% used [0x00007fc935b50000, 0x00007fccd5670388, 0x00007fccd5670400, 0x00007fcd7ca5a000)
 Metaspace       used 29940K, capacity 30357K, committed 30464K, reserved 30720K
}
Event: 429.192 GC heap after
{Heap after GC invocations=66 (full 7):
 def new generation   total 8072832K, used 837268K [0x00007fc3e0600000, 0x00007fc603d90000, 0x00007fc935b50000)
  eden space 7175872K,   0% used [0x00007fc3e0600000, 0x00007fc3e0600000, 0x00007fc5965b0000)
  from space 896960K,  93% used [0x00007fc5965b0000, 0x00007fc5c9755130, 0x00007fc5cd1a0000)
  to   space 896960K,   0% used [0x00007fc5cd1a0000, 0x00007fc5cd1a0000, 0x00007fc603d90000)
 tenured generation   total 17939496K, used 16034065K [0x00007fc935b50000, 0x00007fcd7ca5a000, 0x00007fd3e0600000)
   the space 17939496K,  89% used [0x00007fc935b50000, 0x00007fcd08594548, 0x00007fcd08594600, 0x00007fcd7ca5a000)
 Metaspace       used 29940K, capacity 30357K, committed 30464K, reserved 30720K
}
Event: 431.229 GC heap before
{Heap before GC invocations=66 (full 7):
 def new generation   total 8072832K, used 8013140K [0x00007fc3e0600000, 0x00007fc603d90000, 0x00007fc935b50000)
  eden space 7175872K, 100% used [0x00007fc3e0600000, 0x00007fc5965b0000, 0x00007fc5965b0000)
  from space 896960K,  93% used [0x00007fc5965b0000, 0x00007fc5c9755130, 0x00007fc5cd1a0000)
  to   space 896960K,   0% used [0x00007fc5cd1a0000, 0x00007fc5cd1a0000, 0x00007fc603d90000)
 tenured generation   total 17939496K, used 16034065K [0x00007fc935b50000, 0x00007fcd7ca5a000, 0x00007fd3e0600000)
   the space 17939496K,  89% used [0x00007fc935b50000, 0x00007fcd08594548, 0x00007fcd08594600, 0x00007fcd7ca5a000)
 Metaspace       used 29940K, capacity 30357K, committed 30464K, reserved 30720K
}
Event: 433.902 GC heap after
{Heap after GC invocations=67 (full 7):
 def new generation   total 8072832K, used 842201K [0x00007fc3e0600000, 0x00007fc603d90000, 0x00007fc935b50000)
  eden space 7175872K,   0% used [0x00007fc3e0600000, 0x00007fc3e0600000, 0x00007fc5965b0000)
  from space 896960K,  93% used [0x00007fc5cd1a0000, 0x00007fc6008165c0, 0x00007fc603d90000)
  to   space 896960K,   0% used [0x00007fc5965b0000, 0x00007fc5965b0000, 0x00007fc5cd1a0000)
 tenured generation   total 17939496K, used 16871333K [0x00007fc935b50000, 0x00007fcd7ca5a000, 0x00007fd3e0600000)
   the space 17939496K,  94% used [0x00007fc935b50000, 0x00007fcd3b739608, 0x00007fcd3b739800, 0x00007fcd7ca5a000)
 Metaspace       used 29940K, capacity 30357K, committed 30464K, reserved 30720K
}
Event: 435.947 GC heap before
{Heap before GC invocations=67 (full 7):
 def new generation   total 8072832K, used 8018073K [0x00007fc3e0600000, 0x00007fc603d90000, 0x00007fc935b50000)
  eden space 7175872K, 100% used [0x00007fc3e0600000, 0x00007fc5965b0000, 0x00007fc5965b0000)
  from space 896960K,  93% used [0x00007fc5cd1a0000, 0x00007fc6008165c0, 0x00007fc603d90000)
  to   space 896960K,   0% used [0x00007fc5965b0000, 0x00007fc5965b0000, 0x00007fc5cd1a0000)
 tenured generation   total 17939496K, used 16871333K [0x00007fc935b50000, 0x00007fcd7ca5a000, 0x00007fd3e0600000)
   the space 17939496K,  94% used [0x00007fc935b50000, 0x00007fcd3b739608, 0x00007fcd3b739800, 0x00007fcd7ca5a000)
 Metaspace       used 29940K, capacity 30357K, committed 30464K, reserved 30720K
}
Event: 438.587 GC heap after
{Heap after GC invocations=68 (full 7):
 def new generation   total 8072832K, used 828863K [0x00007fc3e0600000, 0x00007fc603d90000, 0x00007fc935b50000)
  eden space 7175872K,   0% used [0x00007fc3e0600000, 0x00007fc3e0600000, 0x00007fc5965b0000)
  from space 896960K,  92% used [0x00007fc5965b0000, 0x00007fc5c8f1fc40, 0x00007fc5cd1a0000)
  to   space 896960K,   0% used [0x00007fc5cd1a0000, 0x00007fc5cd1a0000, 0x00007fc603d90000)
 tenured generation   total 17939496K, used 17713534K [0x00007fc935b50000, 0x00007fcd7ca5a000, 0x00007fd3e0600000)
   the space 17939496K,  98% used [0x00007fc935b50000, 0x00007fcd6edafab8, 0x00007fcd6edafc00, 0x00007fcd7ca5a000)
 Metaspace       used 29940K, capacity 30357K, committed 30464K, reserved 30720K
}
Event: 440.615 GC heap before
{Heap before GC invocations=68 (full 7):
 def new generation   total 8072832K, used 8004735K [0x00007fc3e0600000, 0x00007fc603d90000, 0x00007fc935b50000)
  eden space 7175872K, 100% used [0x00007fc3e0600000, 0x00007fc5965b0000, 0x00007fc5965b0000)
  from space 896960K,  92% used [0x00007fc5965b0000, 0x00007fc5c8f1fc40, 0x00007fc5cd1a0000)
  to   space 896960K,   0% used [0x00007fc5cd1a0000, 0x00007fc5cd1a0000, 0x00007fc603d90000)
 tenured generation   total 17939496K, used 17713534K [0x00007fc935b50000, 0x00007fcd7ca5a000, 0x00007fd3e0600000)
   the space 17939496K,  98% used [0x00007fc935b50000, 0x00007fcd6edafab8, 0x00007fcd6edafc00, 0x00007fcd7ca5a000)
 Metaspace       used 29940K, capacity 30357K, committed 30464K, reserved 30720K
}
Event: 443.152 GC heap after
{Heap after GC invocations=69 (full 7):
 def new generation   total 8072832K, used 762541K [0x00007fc3e0600000, 0x00007fc603d90000, 0x00007fc935b50000)
  eden space 7175872K,   0% used [0x00007fc3e0600000, 0x00007fc3e0600000, 0x00007fc5965b0000)
  from space 896960K,  85% used [0x00007fc5cd1a0000, 0x00007fc5fba4b5b0, 0x00007fc603d90000)
  to   space 896960K,   0% used [0x00007fc5965b0000, 0x00007fc5965b0000, 0x00007fc5cd1a0000)
 tenured generation   total 18542568K, used 18542397K [0x00007fc935b50000, 0x00007fcda174a000, 0x00007fd3e0600000)
   the space 18542568K,  99% used [0x00007fc935b50000, 0x00007fcda171f618, 0x00007fcda171f800, 0x00007fcda174a000)
 Metaspace       used 29940K, capacity 30357K, committed 30464K, reserved 30720K
}
Event: 443.152 GC heap before
{Heap before GC invocations=69 (full 7):
 def new generation   total 8072832K, used 762541K [0x00007fc3e0600000, 0x00007fc603d90000, 0x00007fc935b50000)
  eden space 7175872K,   0% used [0x00007fc3e0600000, 0x00007fc3e0600000, 0x00007fc5965b0000)
  from space 896960K,  85% used [0x00007fc5cd1a0000, 0x00007fc5fba4b5b0, 0x00007fc603d90000)
  to   space 896960K,   0% used [0x00007fc5965b0000, 0x00007fc5965b0000, 0x00007fc5cd1a0000)
 tenured generation   total 18542568K, used 18542397K [0x00007fc935b50000, 0x00007fcda174a000, 0x00007fd3e0600000)
   the space 18542568K,  99% used [0x00007fc935b50000, 0x00007fcda171f618, 0x00007fcda171f800, 0x00007fcda174a000)
 Metaspace       used 29940K, capacity 30357K, committed 30464K, reserved 30720K
}

