# JRE version: OpenJDK Runtime Environment (13.0.7+5) (build 13.0.7+5-Ubuntu-0ubuntu120.04)
# Java VM: OpenJDK 64-Bit Server VM (13.0.7+5-Ubuntu-0ubuntu120.04, mixed mode, tiered, serial gc, linux-amd64)
Heap:
 def new generation   total 4780800K, used 0K [0x00007f0830600000, 0x00007f0974980000, 0x00007f12db0a0000)
  eden space 4249600K,   0% used [0x00007f0830600000, 0x00007f0830600000, 0x00007f0933c00000)
  from space 531200K,   0% used [0x00007f09542c0000, 0x00007f09542c0000, 0x00007f0974980000)
  to   space 531200K,   0% used [0x00007f0933c00000, 0x00007f0933c00000, 0x00007f09542c0000)
 tenured generation   total 10640340K, used 10540803K [0x00007f12db0a0000, 0x00007f1564795000, 0x00007f2830600000)
   the space 10640340K,  99% used [0x00007f12db0a0000, 0x00007f155e660f60, 0x00007f155e661000, 0x00007f1564795000)
 Metaspace       used 24273K, capacity 24702K, committed 24832K, reserved 26624K
GC Heap History (20 events):
Event: 5421.735 GC heap after
{Heap after GC invocations=2989 (full 7):
 def new generation   total 4780800K, used 157289K [0x00007f0830600000, 0x00007f0974980000, 0x00007f12db0a0000)
  eden space 4249600K,   0% used [0x00007f0830600000, 0x00007f0830600000, 0x00007f0933c00000)
  from space 531200K,  29% used [0x00007f0933c00000, 0x00007f093d59a668, 0x00007f09542c0000)
  to   space 531200K,   0% used [0x00007f09542c0000, 0x00007f09542c0000, 0x00007f0974980000)
 tenured generation   total 10623952K, used 10543461K [0x00007f12db0a0000, 0x00007f1563794000, 0x00007f2830600000)
   the space 10623952K,  99% used [0x00007f12db0a0000, 0x00007f155e8f9618, 0x00007f155e8f9800, 0x00007f1563794000)
 Metaspace       used 24273K, capacity 24702K, committed 24832K, reserved 26624K
}
Event: 5426.182 GC heap before
{Heap before GC invocations=2989 (full 7):
 def new generation   total 4780800K, used 4406889K [0x00007f0830600000, 0x00007f0974980000, 0x00007f12db0a0000)
  eden space 4249600K, 100% used [0x00007f0830600000, 0x00007f0933c00000, 0x00007f0933c00000)
  from space 531200K,  29% used [0x00007f0933c00000, 0x00007f093d59a668, 0x00007f09542c0000)
  to   space 531200K,   0% used [0x00007f09542c0000, 0x00007f09542c0000, 0x00007f0974980000)
 tenured generation   total 10623952K, used 10543461K [0x00007f12db0a0000, 0x00007f1563794000, 0x00007f2830600000)
   the space 10623952K,  99% used [0x00007f12db0a0000, 0x00007f155e8f9618, 0x00007f155e8f9800, 0x00007f1563794000)
 Metaspace       used 24273K, capacity 24702K, committed 24832K, reserved 26624K
}
Event: 5426.319 GC heap after
{Heap after GC invocations=2990 (full 7):
 def new generation   total 4780800K, used 152645K [0x00007f0830600000, 0x00007f0974980000, 0x00007f12db0a0000)
  eden space 4249600K,   0% used [0x00007f0830600000, 0x00007f0830600000, 0x00007f0933c00000)
  from space 531200K,  28% used [0x00007f09542c0000, 0x00007f095d7d1438, 0x00007f0974980000)
  to   space 531200K,   0% used [0x00007f0933c00000, 0x00007f0933c00000, 0x00007f09542c0000)
 tenured generation   total 10623952K, used 10560421K [0x00007f12db0a0000, 0x00007f1563794000, 0x00007f2830600000)
   the space 10623952K,  99% used [0x00007f12db0a0000, 0x00007f155f989610, 0x00007f155f989800, 0x00007f1563794000)
 Metaspace       used 24273K, capacity 24702K, committed 24832K, reserved 26624K
}
Event: 5430.550 GC heap before
{Heap before GC invocations=2990 (full 7):
 def new generation   total 4780800K, used 4402245K [0x00007f0830600000, 0x00007f0974980000, 0x00007f12db0a0000)
  eden space 4249600K, 100% used [0x00007f0830600000, 0x00007f0933c00000, 0x00007f0933c00000)
  from space 531200K,  28% used [0x00007f09542c0000, 0x00007f095d7d1438, 0x00007f0974980000)
  to   space 531200K,   0% used [0x00007f0933c00000, 0x00007f0933c00000, 0x00007f09542c0000)
 tenured generation   total 10623952K, used 10560421K [0x00007f12db0a0000, 0x00007f1563794000, 0x00007f2830600000)
   the space 10623952K,  99% used [0x00007f12db0a0000, 0x00007f155f989610, 0x00007f155f989800, 0x00007f1563794000)
 Metaspace       used 24273K, capacity 24702K, committed 24832K, reserved 26624K
}
Event: 5430.653 GC heap after
{Heap after GC invocations=2991 (full 7):
 def new generation   total 4780800K, used 158314K [0x00007f0830600000, 0x00007f0974980000, 0x00007f12db0a0000)
  eden space 4249600K,   0% used [0x00007f0830600000, 0x00007f0830600000, 0x00007f0933c00000)
  from space 531200K,  29% used [0x00007f0933c00000, 0x00007f093d69ab00, 0x00007f09542c0000)
  to   space 531200K,   0% used [0x00007f09542c0000, 0x00007f09542c0000, 0x00007f0974980000)
 tenured generation   total 10623952K, used 10560421K [0x00007f12db0a0000, 0x00007f1563794000, 0x00007f2830600000)
   the space 10623952K,  99% used [0x00007f12db0a0000, 0x00007f155f989610, 0x00007f155f989800, 0x00007f1563794000)
 Metaspace       used 24273K, capacity 24702K, committed 24832K, reserved 26624K
}
Event: 5434.844 GC heap before
{Heap before GC invocations=2991 (full 7):
 def new generation   total 4780800K, used 4407914K [0x00007f0830600000, 0x00007f0974980000, 0x00007f12db0a0000)
  eden space 4249600K, 100% used [0x00007f0830600000, 0x00007f0933c00000, 0x00007f0933c00000)
  from space 531200K,  29% used [0x00007f0933c00000, 0x00007f093d69ab00, 0x00007f09542c0000)
  to   space 531200K,   0% used [0x00007f09542c0000, 0x00007f09542c0000, 0x00007f0974980000)
 tenured generation   total 10623952K, used 10560421K [0x00007f12db0a0000, 0x00007f1563794000, 0x00007f2830600000)
   the space 10623952K,  99% used [0x00007f12db0a0000, 0x00007f155f989610, 0x00007f155f989800, 0x00007f1563794000)
 Metaspace       used 24273K, capacity 24702K, committed 24832K, reserved 26624K
}
Event: 5435.001 GC heap after
{Heap after GC invocations=2992 (full 7):
 def new generation   total 4780800K, used 152648K [0x00007f0830600000, 0x00007f0974980000, 0x00007f12db0a0000)
  eden space 4249600K,   0% used [0x00007f0830600000, 0x00007f0830600000, 0x00007f0933c00000)
  from space 531200K,  28% used [0x00007f09542c0000, 0x00007f095d7d2370, 0x00007f0974980000)
  to   space 531200K,   0% used [0x00007f0933c00000, 0x00007f0933c00000, 0x00007f09542c0000)
 tenured generation   total 10623952K, used 10577381K [0x00007f12db0a0000, 0x00007f1563794000, 0x00007f2830600000)
   the space 10623952K,  99% used [0x00007f12db0a0000, 0x00007f1560a19608, 0x00007f1560a19800, 0x00007f1563794000)
 Metaspace       used 24273K, capacity 24702K, committed 24832K, reserved 26624K
}
Event: 5439.204 GC heap before
{Heap before GC invocations=2992 (full 7):
 def new generation   total 4780800K, used 4402248K [0x00007f0830600000, 0x00007f0974980000, 0x00007f12db0a0000)
  eden space 4249600K, 100% used [0x00007f0830600000, 0x00007f0933c00000, 0x00007f0933c00000)
  from space 531200K,  28% used [0x00007f09542c0000, 0x00007f095d7d2370, 0x00007f0974980000)
  to   space 531200K,   0% used [0x00007f0933c00000, 0x00007f0933c00000, 0x00007f09542c0000)
 tenured generation   total 10623952K, used 10577381K [0x00007f12db0a0000, 0x00007f1563794000, 0x00007f2830600000)
   the space 10623952K,  99% used [0x00007f12db0a0000, 0x00007f1560a19608, 0x00007f1560a19800, 0x00007f1563794000)
 Metaspace       used 24273K, capacity 24702K, committed 24832K, reserved 26624K
}
Event: 5439.327 GC heap after
{Heap after GC invocations=2993 (full 7):
 def new generation   total 4780800K, used 175257K [0x00007f0830600000, 0x00007f0974980000, 0x00007f12db0a0000)
  eden space 4249600K,   0% used [0x00007f0830600000, 0x00007f0830600000, 0x00007f0933c00000)
  from space 531200K,  32% used [0x00007f0933c00000, 0x00007f093e726750, 0x00007f09542c0000)
  to   space 531200K,   0% used [0x00007f09542c0000, 0x00007f09542c0000, 0x00007f0974980000)
 tenured generation   total 10623952K, used 10577381K [0x00007f12db0a0000, 0x00007f1563794000, 0x00007f2830600000)
   the space 10623952K,  99% used [0x00007f12db0a0000, 0x00007f1560a19608, 0x00007f1560a19800, 0x00007f1563794000)
 Metaspace       used 24273K, capacity 24702K, committed 24832K, reserved 26624K
}
Event: 5443.807 GC heap before
{Heap before GC invocations=2993 (full 7):
 def new generation   total 4780800K, used 4424857K [0x00007f0830600000, 0x00007f0974980000, 0x00007f12db0a0000)
  eden space 4249600K, 100% used [0x00007f0830600000, 0x00007f0933c00000, 0x00007f0933c00000)
  from space 531200K,  32% used [0x00007f0933c00000, 0x00007f093e726750, 0x00007f09542c0000)
  to   space 531200K,   0% used [0x00007f09542c0000, 0x00007f09542c0000, 0x00007f0974980000)
 tenured generation   total 10623952K, used 10577381K [0x00007f12db0a0000, 0x00007f1563794000, 0x00007f2830600000)
   the space 10623952K,  99% used [0x00007f12db0a0000, 0x00007f1560a19608, 0x00007f1560a19800, 0x00007f1563794000)
 Metaspace       used 24273K, capacity 24702K, committed 24832K, reserved 26624K
}
Event: 5443.937 GC heap after
{Heap after GC invocations=2994 (full 7):
 def new generation   total 4780800K, used 152655K [0x00007f0830600000, 0x00007f0974980000, 0x00007f12db0a0000)
  eden space 4249600K,   0% used [0x00007f0830600000, 0x00007f0830600000, 0x00007f0933c00000)
  from space 531200K,  28% used [0x00007f09542c0000, 0x00007f095d7d3c38, 0x00007f0974980000)
  to   space 531200K,   0% used [0x00007f0933c00000, 0x00007f0933c00000, 0x00007f09542c0000)
 tenured generation   total 10623952K, used 10594341K [0x00007f12db0a0000, 0x00007f1563794000, 0x00007f2830600000)
   the space 10623952K,  99% used [0x00007f12db0a0000, 0x00007f1561aa9600, 0x00007f1561aa9600, 0x00007f1563794000)
 Metaspace       used 24273K, capacity 24702K, committed 24832K, reserved 26624K
}
Event: 5448.518 GC heap before
{Heap before GC invocations=2994 (full 7):
 def new generation   total 4780800K, used 4402255K [0x00007f0830600000, 0x00007f0974980000, 0x00007f12db0a0000)
  eden space 4249600K, 100% used [0x00007f0830600000, 0x00007f0933c00000, 0x00007f0933c00000)
  from space 531200K,  28% used [0x00007f09542c0000, 0x00007f095d7d3c38, 0x00007f0974980000)
  to   space 531200K,   0% used [0x00007f0933c00000, 0x00007f0933c00000, 0x00007f09542c0000)
 tenured generation   total 10623952K, used 10594341K [0x00007f12db0a0000, 0x00007f1563794000, 0x00007f2830600000)
   the space 10623952K,  99% used [0x00007f12db0a0000, 0x00007f1561aa9600, 0x00007f1561aa9600, 0x00007f1563794000)
 Metaspace       used 24273K, capacity 24702K, committed 24832K, reserved 26624K
}
Event: 5448.620 GC heap after
{Heap after GC invocations=2995 (full 7):
 def new generation   total 4780800K, used 160366K [0x00007f0830600000, 0x00007f0974980000, 0x00007f12db0a0000)
  eden space 4249600K,   0% used [0x00007f0830600000, 0x00007f0830600000, 0x00007f0933c00000)
  from space 531200K,  30% used [0x00007f0933c00000, 0x00007f093d89b9f8, 0x00007f09542c0000)
  to   space 531200K,   0% used [0x00007f09542c0000, 0x00007f09542c0000, 0x00007f0974980000)
 tenured generation   total 10623952K, used 10594341K [0x00007f12db0a0000, 0x00007f1563794000, 0x00007f2830600000)
   the space 10623952K,  99% used [0x00007f12db0a0000, 0x00007f1561aa9600, 0x00007f1561aa9600, 0x00007f1563794000)
 Metaspace       used 24273K, capacity 24702K, committed 24832K, reserved 26624K
}
Event: 5453.157 GC heap before
{Heap before GC invocations=2995 (full 7):
 def new generation   total 4780800K, used 4409966K [0x00007f0830600000, 0x00007f0974980000, 0x00007f12db0a0000)
  eden space 4249600K, 100% used [0x00007f0830600000, 0x00007f0933c00000, 0x00007f0933c00000)
  from space 531200K,  30% used [0x00007f0933c00000, 0x00007f093d89b9f8, 0x00007f09542c0000)
  to   space 531200K,   0% used [0x00007f09542c0000, 0x00007f09542c0000, 0x00007f0974980000)
 tenured generation   total 10623952K, used 10594341K [0x00007f12db0a0000, 0x00007f1563794000, 0x00007f2830600000)
   the space 10623952K,  99% used [0x00007f12db0a0000, 0x00007f1561aa9600, 0x00007f1561aa9600, 0x00007f1563794000)
 Metaspace       used 24273K, capacity 24702K, committed 24832K, reserved 26624K
}
Event: 5453.333 GC heap after
{Heap after GC invocations=2996 (full 7):
 def new generation   total 4780800K, used 152651K [0x00007f0830600000, 0x00007f0974980000, 0x00007f12db0a0000)
  eden space 4249600K,   0% used [0x00007f0830600000, 0x00007f0830600000, 0x00007f0933c00000)
  from space 531200K,  28% used [0x00007f09542c0000, 0x00007f095d7d2fb8, 0x00007f0974980000)
  to   space 531200K,   0% used [0x00007f0933c00000, 0x00007f0933c00000, 0x00007f09542c0000)
 tenured generation   total 10623952K, used 10611301K [0x00007f12db0a0000, 0x00007f1563794000, 0x00007f2830600000)
   the space 10623952K,  99% used [0x00007f12db0a0000, 0x00007f1562b395f8, 0x00007f1562b39600, 0x00007f1563794000)
 Metaspace       used 24273K, capacity 24702K, committed 24832K, reserved 26624K
}
Event: 5457.720 GC heap before
{Heap before GC invocations=2996 (full 7):
 def new generation   total 4780800K, used 4402251K [0x00007f0830600000, 0x00007f0974980000, 0x00007f12db0a0000)
  eden space 4249600K, 100% used [0x00007f0830600000, 0x00007f0933c00000, 0x00007f0933c00000)
  from space 531200K,  28% used [0x00007f09542c0000, 0x00007f095d7d2fb8, 0x00007f0974980000)
  to   space 531200K,   0% used [0x00007f0933c00000, 0x00007f0933c00000, 0x00007f09542c0000)
 tenured generation   total 10623952K, used 10611301K [0x00007f12db0a0000, 0x00007f1563794000, 0x00007f2830600000)
   the space 10623952K,  99% used [0x00007f12db0a0000, 0x00007f1562b395f8, 0x00007f1562b39600, 0x00007f1563794000)
 Metaspace       used 24273K, capacity 24702K, committed 24832K, reserved 26624K
}
Event: 5457.860 GC heap after
{Heap after GC invocations=2997 (full 7):
 def new generation   total 4780800K, used 160888K [0x00007f0830600000, 0x00007f0974980000, 0x00007f12db0a0000)
  eden space 4249600K,   0% used [0x00007f0830600000, 0x00007f0830600000, 0x00007f0933c00000)
  from space 531200K,  30% used [0x00007f0933c00000, 0x00007f093d91e138, 0x00007f09542c0000)
  to   space 531200K,   0% used [0x00007f09542c0000, 0x00007f09542c0000, 0x00007f0974980000)
 tenured generation   total 10623952K, used 10611301K [0x00007f12db0a0000, 0x00007f1563794000, 0x00007f2830600000)
   the space 10623952K,  99% used [0x00007f12db0a0000, 0x00007f1562b395f8, 0x00007f1562b39600, 0x00007f1563794000)
 Metaspace       used 24273K, capacity 24702K, committed 24832K, reserved 26624K
}
Event: 5462.082 GC heap before
{Heap before GC invocations=2997 (full 7):
 def new generation   total 4780800K, used 4410488K [0x00007f0830600000, 0x00007f0974980000, 0x00007f12db0a0000)
  eden space 4249600K, 100% used [0x00007f0830600000, 0x00007f0933c00000, 0x00007f0933c00000)
  from space 531200K,  30% used [0x00007f0933c00000, 0x00007f093d91e138, 0x00007f09542c0000)
  to   space 531200K,   0% used [0x00007f09542c0000, 0x00007f09542c0000, 0x00007f0974980000)
 tenured generation   total 10623952K, used 10611301K [0x00007f12db0a0000, 0x00007f1563794000, 0x00007f2830600000)
   the space 10623952K,  99% used [0x00007f12db0a0000, 0x00007f1562b395f8, 0x00007f1562b39600, 0x00007f1563794000)
 Metaspace       used 24273K, capacity 24702K, committed 24832K, reserved 26624K
}
Event: 5462.231 GC heap after
{Heap after GC invocations=2998 (full 7):
 def new generation   total 4780800K, used 152655K [0x00007f0830600000, 0x00007f0974980000, 0x00007f12db0a0000)
  eden space 4249600K,   0% used [0x00007f0830600000, 0x00007f0830600000, 0x00007f0933c00000)
  from space 531200K,  28% used [0x00007f09542c0000, 0x00007f095d7d3db0, 0x00007f0974980000)
  to   space 531200K,   0% used [0x00007f0933c00000, 0x00007f0933c00000, 0x00007f09542c0000)
 tenured generation   total 10640340K, used 10628261K [0x00007f12db0a0000, 0x00007f1564795000, 0x00007f2830600000)
   the space 10640340K,  99% used [0x00007f12db0a0000, 0x00007f1563bc95f0, 0x00007f1563bc9600, 0x00007f1564795000)
 Metaspace       used 24273K, capacity 24702K, committed 24832K, reserved 26624K
}
Event: 5462.231 GC heap before
{Heap before GC invocations=2998 (full 7):
 def new generation   total 4780800K, used 152655K [0x00007f0830600000, 0x00007f0974980000, 0x00007f12db0a0000)
  eden space 4249600K,   0% used [0x00007f0830600000, 0x00007f0830600000, 0x00007f0933c00000)
  from space 531200K,  28% used [0x00007f09542c0000, 0x00007f095d7d3db0, 0x00007f0974980000)
  to   space 531200K,   0% used [0x00007f0933c00000, 0x00007f0933c00000, 0x00007f09542c0000)
 tenured generation   total 10640340K, used 10628261K [0x00007f12db0a0000, 0x00007f1564795000, 0x00007f2830600000)
   the space 10640340K,  99% used [0x00007f12db0a0000, 0x00007f1563bc95f0, 0x00007f1563bc9600, 0x00007f1564795000)
 Metaspace       used 24273K, capacity 24702K, committed 24832K, reserved 26624K
}

