# JRE version: OpenJDK Runtime Environment (13.0.7+5) (build 13.0.7+5-Ubuntu-0ubuntu120.04)
# Java VM: OpenJDK 64-Bit Server VM (13.0.7+5-Ubuntu-0ubuntu120.04, mixed mode, tiered, serial gc, linux-amd64)
Heap:
 def new generation   total 7489728K, used 0K [0x00007f5aec600000, 0x00007f5ce84d0000, 0x00007f6041b50000)
  eden space 6657600K,   0% used [0x00007f5aec600000, 0x00007f5aec600000, 0x00007f5c82b90000)
  from space 832128K,   0% used [0x00007f5c82b90000, 0x00007f5c82b90000, 0x00007f5cb5830000)
  to   space 832128K,   0% used [0x00007f5cb5830000, 0x00007f5cb5830000, 0x00007f5ce84d0000)
 tenured generation   total 16881872K, used 16802713K [0x00007f6041b50000, 0x00007f6448184000, 0x00007f6aec600000)
   the space 16881872K,  99% used [0x00007f6041b50000, 0x00007f64434365f0, 0x00007f6443436600, 0x00007f6448184000)
 Metaspace       used 30567K, capacity 30973K, committed 31232K, reserved 32768K
GC Heap History (20 events):
Event: 929.211 GC heap after
{Heap after GC invocations=68 (full 10):
 def new generation   total 7489728K, used 502853K [0x00007f5aec600000, 0x00007f5ce84d0000, 0x00007f6041b50000)
  eden space 6657600K,   0% used [0x00007f5aec600000, 0x00007f5aec600000, 0x00007f5c82b90000)
  from space 832128K,  60% used [0x00007f5cb5830000, 0x00007f5cd4341410, 0x00007f5ce84d0000)
  to   space 832128K,   0% used [0x00007f5c82b90000, 0x00007f5c82b90000, 0x00007f5cb5830000)
 tenured generation   total 16643600K, used 11982302K [0x00007f6041b50000, 0x00007f64398d4000, 0x00007f6aec600000)
   the space 16643600K,  71% used [0x00007f6041b50000, 0x00007f631d0c7b20, 0x00007f631d0c7c00, 0x00007f64398d4000)
 Metaspace       used 30567K, capacity 30973K, committed 31232K, reserved 32768K
}
Event: 931.018 GC heap before
{Heap before GC invocations=68 (full 10):
 def new generation   total 7489728K, used 7160453K [0x00007f5aec600000, 0x00007f5ce84d0000, 0x00007f6041b50000)
  eden space 6657600K, 100% used [0x00007f5aec600000, 0x00007f5c82b90000, 0x00007f5c82b90000)
  from space 832128K,  60% used [0x00007f5cb5830000, 0x00007f5cd4341410, 0x00007f5ce84d0000)
  to   space 832128K,   0% used [0x00007f5c82b90000, 0x00007f5c82b90000, 0x00007f5cb5830000)
 tenured generation   total 16643600K, used 11982302K [0x00007f6041b50000, 0x00007f64398d4000, 0x00007f6aec600000)
   the space 16643600K,  71% used [0x00007f6041b50000, 0x00007f631d0c7b20, 0x00007f631d0c7c00, 0x00007f64398d4000)
 Metaspace       used 30567K, capacity 30973K, committed 31232K, reserved 32768K
}
Event: 932.770 GC heap after
{Heap after GC invocations=69 (full 10):
 def new generation   total 7489728K, used 498762K [0x00007f5aec600000, 0x00007f5ce84d0000, 0x00007f6041b50000)
  eden space 6657600K,   0% used [0x00007f5aec600000, 0x00007f5aec600000, 0x00007f5c82b90000)
  from space 832128K,  59% used [0x00007f5c82b90000, 0x00007f5ca12a2850, 0x00007f5cb5830000)
  to   space 832128K,   0% used [0x00007f5cb5830000, 0x00007f5cb5830000, 0x00007f5ce84d0000)
 tenured generation   total 16643600K, used 12485154K [0x00007f6041b50000, 0x00007f64398d4000, 0x00007f6aec600000)
   the space 16643600K,  75% used [0x00007f6041b50000, 0x00007f633bbd8b30, 0x00007f633bbd8c00, 0x00007f64398d4000)
 Metaspace       used 30567K, capacity 30973K, committed 31232K, reserved 32768K
}
Event: 934.463 GC heap before
{Heap before GC invocations=69 (full 10):
 def new generation   total 7489728K, used 7156362K [0x00007f5aec600000, 0x00007f5ce84d0000, 0x00007f6041b50000)
  eden space 6657600K, 100% used [0x00007f5aec600000, 0x00007f5c82b90000, 0x00007f5c82b90000)
  from space 832128K,  59% used [0x00007f5c82b90000, 0x00007f5ca12a2850, 0x00007f5cb5830000)
  to   space 832128K,   0% used [0x00007f5cb5830000, 0x00007f5cb5830000, 0x00007f5ce84d0000)
 tenured generation   total 16643600K, used 12485154K [0x00007f6041b50000, 0x00007f64398d4000, 0x00007f6aec600000)
   the space 16643600K,  75% used [0x00007f6041b50000, 0x00007f633bbd8b30, 0x00007f633bbd8c00, 0x00007f64398d4000)
 Metaspace       used 30567K, capacity 30973K, committed 31232K, reserved 32768K
}
Event: 936.228 GC heap after
{Heap after GC invocations=70 (full 10):
 def new generation   total 7489728K, used 507217K [0x00007f5aec600000, 0x00007f5ce84d0000, 0x00007f6041b50000)
  eden space 6657600K,   0% used [0x00007f5aec600000, 0x00007f5aec600000, 0x00007f5c82b90000)
  from space 832128K,  60% used [0x00007f5cb5830000, 0x00007f5cd47844a0, 0x00007f5ce84d0000)
  to   space 832128K,   0% used [0x00007f5c82b90000, 0x00007f5c82b90000, 0x00007f5cb5830000)
 tenured generation   total 16643600K, used 12983916K [0x00007f6041b50000, 0x00007f64398d4000, 0x00007f6aec600000)
   the space 16643600K,  78% used [0x00007f6041b50000, 0x00007f635a2eb140, 0x00007f635a2eb200, 0x00007f64398d4000)
 Metaspace       used 30567K, capacity 30973K, committed 31232K, reserved 32768K
}
Event: 938.144 GC heap before
{Heap before GC invocations=70 (full 10):
 def new generation   total 7489728K, used 7164817K [0x00007f5aec600000, 0x00007f5ce84d0000, 0x00007f6041b50000)
  eden space 6657600K, 100% used [0x00007f5aec600000, 0x00007f5c82b90000, 0x00007f5c82b90000)
  from space 832128K,  60% used [0x00007f5cb5830000, 0x00007f5cd47844a0, 0x00007f5ce84d0000)
  to   space 832128K,   0% used [0x00007f5c82b90000, 0x00007f5c82b90000, 0x00007f5cb5830000)
 tenured generation   total 16643600K, used 12983916K [0x00007f6041b50000, 0x00007f64398d4000, 0x00007f6aec600000)
   the space 16643600K,  78% used [0x00007f6041b50000, 0x00007f635a2eb140, 0x00007f635a2eb200, 0x00007f64398d4000)
 Metaspace       used 30567K, capacity 30973K, committed 31232K, reserved 32768K
}
Event: 939.928 GC heap after
{Heap after GC invocations=71 (full 10):
 def new generation   total 7489728K, used 516967K [0x00007f5aec600000, 0x00007f5ce84d0000, 0x00007f6041b50000)
  eden space 6657600K,   0% used [0x00007f5aec600000, 0x00007f5aec600000, 0x00007f5c82b90000)
  from space 832128K,  62% used [0x00007f5c82b90000, 0x00007f5ca2469ef0, 0x00007f5cb5830000)
  to   space 832128K,   0% used [0x00007f5cb5830000, 0x00007f5cb5830000, 0x00007f5ce84d0000)
 tenured generation   total 16643600K, used 13491132K [0x00007f6041b50000, 0x00007f64398d4000, 0x00007f6aec600000)
   the space 16643600K,  81% used [0x00007f6041b50000, 0x00007f637923f330, 0x00007f637923f400, 0x00007f64398d4000)
 Metaspace       used 30567K, capacity 30973K, committed 31232K, reserved 32768K
}
Event: 942.046 GC heap before
{Heap before GC invocations=71 (full 10):
 def new generation   total 7489728K, used 7174567K [0x00007f5aec600000, 0x00007f5ce84d0000, 0x00007f6041b50000)
  eden space 6657600K, 100% used [0x00007f5aec600000, 0x00007f5c82b90000, 0x00007f5c82b90000)
  from space 832128K,  62% used [0x00007f5c82b90000, 0x00007f5ca2469ef0, 0x00007f5cb5830000)
  to   space 832128K,   0% used [0x00007f5cb5830000, 0x00007f5cb5830000, 0x00007f5ce84d0000)
 tenured generation   total 16643600K, used 13491132K [0x00007f6041b50000, 0x00007f64398d4000, 0x00007f6aec600000)
   the space 16643600K,  81% used [0x00007f6041b50000, 0x00007f637923f330, 0x00007f637923f400, 0x00007f64398d4000)
 Metaspace       used 30567K, capacity 30973K, committed 31232K, reserved 32768K
}
Event: 944.428 GC heap after
{Heap after GC invocations=72 (full 10):
 def new generation   total 7489728K, used 752234K [0x00007f5aec600000, 0x00007f5ce84d0000, 0x00007f6041b50000)
  eden space 6657600K,   0% used [0x00007f5aec600000, 0x00007f5aec600000, 0x00007f5c82b90000)
  from space 832128K,  90% used [0x00007f5cb5830000, 0x00007f5ce36ca970, 0x00007f5ce84d0000)
  to   space 832128K,   0% used [0x00007f5c82b90000, 0x00007f5c82b90000, 0x00007f5cb5830000)
 tenured generation   total 16643600K, used 14008100K [0x00007f6041b50000, 0x00007f64398d4000, 0x00007f6aec600000)
   the space 16643600K,  84% used [0x00007f6041b50000, 0x00007f6398b19120, 0x00007f6398b19200, 0x00007f64398d4000)
 Metaspace       used 30567K, capacity 30973K, committed 31232K, reserved 32768K
}
Event: 946.428 GC heap before
{Heap before GC invocations=72 (full 10):
 def new generation   total 7489728K, used 7409834K [0x00007f5aec600000, 0x00007f5ce84d0000, 0x00007f6041b50000)
  eden space 6657600K, 100% used [0x00007f5aec600000, 0x00007f5c82b90000, 0x00007f5c82b90000)
  from space 832128K,  90% used [0x00007f5cb5830000, 0x00007f5ce36ca970, 0x00007f5ce84d0000)
  to   space 832128K,   0% used [0x00007f5c82b90000, 0x00007f5c82b90000, 0x00007f5cb5830000)
 tenured generation   total 16643600K, used 14008100K [0x00007f6041b50000, 0x00007f64398d4000, 0x00007f6aec600000)
   the space 16643600K,  84% used [0x00007f6041b50000, 0x00007f6398b19120, 0x00007f6398b19200, 0x00007f64398d4000)
 Metaspace       used 30567K, capacity 30973K, committed 31232K, reserved 32768K
}
Event: 948.600 GC heap after
{Heap after GC invocations=73 (full 10):
 def new generation   total 7489728K, used 605892K [0x00007f5aec600000, 0x00007f5ce84d0000, 0x00007f6041b50000)
  eden space 6657600K,   0% used [0x00007f5aec600000, 0x00007f5aec600000, 0x00007f5c82b90000)
  from space 832128K,  72% used [0x00007f5c82b90000, 0x00007f5ca7b41330, 0x00007f5cb5830000)
  to   space 832128K,   0% used [0x00007f5cb5830000, 0x00007f5cb5830000, 0x00007f5ce84d0000)
 tenured generation   total 16643600K, used 14760333K [0x00007f6041b50000, 0x00007f64398d4000, 0x00007f6aec600000)
   the space 16643600K,  88% used [0x00007f6041b50000, 0x00007f63c69b3700, 0x00007f63c69b3800, 0x00007f64398d4000)
 Metaspace       used 30567K, capacity 30973K, committed 31232K, reserved 32768K
}
Event: 950.630 GC heap before
{Heap before GC invocations=73 (full 10):
 def new generation   total 7489728K, used 7263492K [0x00007f5aec600000, 0x00007f5ce84d0000, 0x00007f6041b50000)
  eden space 6657600K, 100% used [0x00007f5aec600000, 0x00007f5c82b90000, 0x00007f5c82b90000)
  from space 832128K,  72% used [0x00007f5c82b90000, 0x00007f5ca7b41330, 0x00007f5cb5830000)
  to   space 832128K,   0% used [0x00007f5cb5830000, 0x00007f5cb5830000, 0x00007f5ce84d0000)
 tenured generation   total 16643600K, used 14760333K [0x00007f6041b50000, 0x00007f64398d4000, 0x00007f6aec600000)
   the space 16643600K,  88% used [0x00007f6041b50000, 0x00007f63c69b3700, 0x00007f63c69b3800, 0x00007f64398d4000)
 Metaspace       used 30567K, capacity 30973K, committed 31232K, reserved 32768K
}
Event: 952.554 GC heap after
{Heap after GC invocations=74 (full 10):
 def new generation   total 7489728K, used 504263K [0x00007f5aec600000, 0x00007f5ce84d0000, 0x00007f6041b50000)
  eden space 6657600K,   0% used [0x00007f5aec600000, 0x00007f5aec600000, 0x00007f5c82b90000)
  from space 832128K,  60% used [0x00007f5cb5830000, 0x00007f5cd44a1e30, 0x00007f5ce84d0000)
  to   space 832128K,   0% used [0x00007f5c82b90000, 0x00007f5c82b90000, 0x00007f5cb5830000)
 tenured generation   total 16643600K, used 15366225K [0x00007f6041b50000, 0x00007f64398d4000, 0x00007f6aec600000)
   the space 16643600K,  92% used [0x00007f6041b50000, 0x00007f63eb9647b0, 0x00007f63eb964800, 0x00007f64398d4000)
 Metaspace       used 30567K, capacity 30973K, committed 31232K, reserved 32768K
}
Event: 954.592 GC heap before
{Heap before GC invocations=74 (full 10):
 def new generation   total 7489728K, used 7161863K [0x00007f5aec600000, 0x00007f5ce84d0000, 0x00007f6041b50000)
  eden space 6657600K, 100% used [0x00007f5aec600000, 0x00007f5c82b90000, 0x00007f5c82b90000)
  from space 832128K,  60% used [0x00007f5cb5830000, 0x00007f5cd44a1e30, 0x00007f5ce84d0000)
  to   space 832128K,   0% used [0x00007f5c82b90000, 0x00007f5c82b90000, 0x00007f5cb5830000)
 tenured generation   total 16643600K, used 15366225K [0x00007f6041b50000, 0x00007f64398d4000, 0x00007f6aec600000)
   the space 16643600K,  92% used [0x00007f6041b50000, 0x00007f63eb9647b0, 0x00007f63eb964800, 0x00007f64398d4000)
 Metaspace       used 30567K, capacity 30973K, committed 31232K, reserved 32768K
}
Event: 956.437 GC heap after
{Heap after GC invocations=75 (full 10):
 def new generation   total 7489728K, used 506126K [0x00007f5aec600000, 0x00007f5ce84d0000, 0x00007f6041b50000)
  eden space 6657600K,   0% used [0x00007f5aec600000, 0x00007f5aec600000, 0x00007f5c82b90000)
  from space 832128K,  60% used [0x00007f5c82b90000, 0x00007f5ca19d3ab0, 0x00007f5cb5830000)
  to   space 832128K,   0% used [0x00007f5cb5830000, 0x00007f5cb5830000, 0x00007f5ce84d0000)
 tenured generation   total 16643600K, used 15870489K [0x00007f6041b50000, 0x00007f64398d4000, 0x00007f6aec600000)
   the space 16643600K,  95% used [0x00007f6041b50000, 0x00007f640a5d6490, 0x00007f640a5d6600, 0x00007f64398d4000)
 Metaspace       used 30567K, capacity 30973K, committed 31232K, reserved 32768K
}
Event: 958.292 GC heap before
{Heap before GC invocations=75 (full 10):
 def new generation   total 7489728K, used 7163726K [0x00007f5aec600000, 0x00007f5ce84d0000, 0x00007f6041b50000)
  eden space 6657600K, 100% used [0x00007f5aec600000, 0x00007f5c82b90000, 0x00007f5c82b90000)
  from space 832128K,  60% used [0x00007f5c82b90000, 0x00007f5ca19d3ab0, 0x00007f5cb5830000)
  to   space 832128K,   0% used [0x00007f5cb5830000, 0x00007f5cb5830000, 0x00007f5ce84d0000)
 tenured generation   total 16643600K, used 15870489K [0x00007f6041b50000, 0x00007f64398d4000, 0x00007f6aec600000)
   the space 16643600K,  95% used [0x00007f6041b50000, 0x00007f640a5d6490, 0x00007f640a5d6600, 0x00007f64398d4000)
 Metaspace       used 30567K, capacity 30973K, committed 31232K, reserved 32768K
}
Event: 960.060 GC heap after
{Heap after GC invocations=76 (full 10):
 def new generation   total 7489728K, used 505071K [0x00007f5aec600000, 0x00007f5ce84d0000, 0x00007f6041b50000)
  eden space 6657600K,   0% used [0x00007f5aec600000, 0x00007f5aec600000, 0x00007f5c82b90000)
  from space 832128K,  60% used [0x00007f5cb5830000, 0x00007f5cd456bec0, 0x00007f5ce84d0000)
  to   space 832128K,   0% used [0x00007f5c82b90000, 0x00007f5c82b90000, 0x00007f5cb5830000)
 tenured generation   total 16643600K, used 16376615K [0x00007f6041b50000, 0x00007f64398d4000, 0x00007f6aec600000)
   the space 16643600K,  98% used [0x00007f6041b50000, 0x00007f6429419c20, 0x00007f6429419e00, 0x00007f64398d4000)
 Metaspace       used 30567K, capacity 30973K, committed 31232K, reserved 32768K
}
Event: 961.889 GC heap before
{Heap before GC invocations=76 (full 10):
 def new generation   total 7489728K, used 7162671K [0x00007f5aec600000, 0x00007f5ce84d0000, 0x00007f6041b50000)
  eden space 6657600K, 100% used [0x00007f5aec600000, 0x00007f5c82b90000, 0x00007f5c82b90000)
  from space 832128K,  60% used [0x00007f5cb5830000, 0x00007f5cd456bec0, 0x00007f5ce84d0000)
  to   space 832128K,   0% used [0x00007f5c82b90000, 0x00007f5c82b90000, 0x00007f5cb5830000)
 tenured generation   total 16643600K, used 16376615K [0x00007f6041b50000, 0x00007f64398d4000, 0x00007f6aec600000)
   the space 16643600K,  98% used [0x00007f6041b50000, 0x00007f6429419c20, 0x00007f6429419e00, 0x00007f64398d4000)
 Metaspace       used 30567K, capacity 30973K, committed 31232K, reserved 32768K
}
Event: 963.649 GC heap after
{Heap after GC invocations=77 (full 10):
 def new generation   total 7489728K, used 505036K [0x00007f5aec600000, 0x00007f5ce84d0000, 0x00007f6041b50000)
  eden space 6657600K,   0% used [0x00007f5aec600000, 0x00007f5aec600000, 0x00007f5c82b90000)
  from space 832128K,  60% used [0x00007f5c82b90000, 0x00007f5ca18c3240, 0x00007f5cb5830000)
  to   space 832128K,   0% used [0x00007f5cb5830000, 0x00007f5cb5830000, 0x00007f5ce84d0000)
 tenured generation   total 16881872K, used 16881686K [0x00007f6041b50000, 0x00007f6448184000, 0x00007f6aec600000)
   the space 16881872K,  99% used [0x00007f6041b50000, 0x00007f64481558f0, 0x00007f6448155a00, 0x00007f6448184000)
 Metaspace       used 30567K, capacity 30973K, committed 31232K, reserved 32768K
}
Event: 963.649 GC heap before
{Heap before GC invocations=77 (full 10):
 def new generation   total 7489728K, used 505036K [0x00007f5aec600000, 0x00007f5ce84d0000, 0x00007f6041b50000)
  eden space 6657600K,   0% used [0x00007f5aec600000, 0x00007f5aec600000, 0x00007f5c82b90000)
  from space 832128K,  60% used [0x00007f5c82b90000, 0x00007f5ca18c3240, 0x00007f5cb5830000)
  to   space 832128K,   0% used [0x00007f5cb5830000, 0x00007f5cb5830000, 0x00007f5ce84d0000)
 tenured generation   total 16881872K, used 16881686K [0x00007f6041b50000, 0x00007f6448184000, 0x00007f6aec600000)
   the space 16881872K,  99% used [0x00007f6041b50000, 0x00007f64481558f0, 0x00007f6448155a00, 0x00007f6448184000)
 Metaspace       used 30567K, capacity 30973K, committed 31232K, reserved 32768K
}

