# JRE version: OpenJDK Runtime Environment (13.0.7+5) (build 13.0.7+5-Ubuntu-0ubuntu120.04)
# Java VM: OpenJDK 64-Bit Server VM (13.0.7+5-Ubuntu-0ubuntu120.04, mixed mode, tiered, serial gc, linux-amd64)
Heap:
 def new generation   total 629248K, used 0K [0x00007f0940600000, 0x00007f096b0c0000, 0x00007f0e95b50000)
  eden space 559360K,   0% used [0x00007f0940600000, 0x00007f0940600000, 0x00007f0962840000)
  from space 69888K,   0% used [0x00007f0962840000, 0x00007f0962840000, 0x00007f0966c80000)
  to   space 69888K,   0% used [0x00007f0966c80000, 0x00007f0966c80000, 0x00007f096b0c0000)
 tenured generation   total 9786756K, used 146503K [0x00007f0e95b50000, 0x00007f10eb0b1000, 0x00007f1940600000)
   the space 9786756K,   1% used [0x00007f0e95b50000, 0x00007f0e9ea61d28, 0x00007f0e9ea61e00, 0x00007f10eb0b1000)
 Metaspace       used 23220K, capacity 23599K, committed 23808K, reserved 24576K
GC Heap History (17 events):
Event: 2.583 GC heap before
{Heap before GC invocations=0 (full 0):
 def new generation   total 629120K, used 89481K [0x00007f0940600000, 0x00007f096b0a0000, 0x00007f0e95b50000)
  eden space 559232K,  16% used [0x00007f0940600000, 0x00007f0945d62428, 0x00007f0962820000)
  from space 69888K,   0% used [0x00007f0962820000, 0x00007f0962820000, 0x00007f0966c60000)
  to   space 69888K,   0% used [0x00007f0966c60000, 0x00007f0966c60000, 0x00007f096b0a0000)
 tenured generation   total 1398144K, used 0K [0x00007f0e95b50000, 0x00007f0eeb0b0000, 0x00007f1940600000)
   the space 1398144K,   0% used [0x00007f0e95b50000, 0x00007f0e95b50000, 0x00007f0e95b50200, 0x00007f0eeb0b0000)
 Metaspace       used 20927K, capacity 21208K, committed 21248K, reserved 22528K
}
Event: 2.649 GC heap after
{Heap after GC invocations=1 (full 1):
 def new generation   total 629248K, used 0K [0x00007f0940600000, 0x00007f096b0c0000, 0x00007f0e95b50000)
  eden space 559360K,   0% used [0x00007f0940600000, 0x00007f0940600000, 0x00007f0962840000)
  from space 69888K,   0% used [0x00007f0962840000, 0x00007f0962840000, 0x00007f0966c80000)
  to   space 69888K,   0% used [0x00007f0966c80000, 0x00007f0966c80000, 0x00007f096b0c0000)
 tenured generation   total 1398144K, used 13581K [0x00007f0e95b50000, 0x00007f0eeb0b0000, 0x00007f1940600000)
   the space 1398144K,   0% used [0x00007f0e95b50000, 0x00007f0e968934c8, 0x00007f0e96893600, 0x00007f0eeb0b0000)
 Metaspace       used 20927K, capacity 21208K, committed 21248K, reserved 22528K
}
Event: 4.258 GC heap before
{Heap before GC invocations=1 (full 1):
 def new generation   total 629248K, used 559360K [0x00007f0940600000, 0x00007f096b0c0000, 0x00007f0e95b50000)
  eden space 559360K, 100% used [0x00007f0940600000, 0x00007f0962840000, 0x00007f0962840000)
  from space 69888K,   0% used [0x00007f0962840000, 0x00007f0962840000, 0x00007f0966c80000)
  to   space 69888K,   0% used [0x00007f0966c80000, 0x00007f0966c80000, 0x00007f096b0c0000)
 tenured generation   total 1398144K, used 13581K [0x00007f0e95b50000, 0x00007f0eeb0b0000, 0x00007f1940600000)
   the space 1398144K,   0% used [0x00007f0e95b50000, 0x00007f0e968934c8, 0x00007f0e96893600, 0x00007f0eeb0b0000)
 Metaspace       used 22969K, capacity 23323K, committed 23552K, reserved 24576K
}
Event: 4.263 GC heap after
{Heap after GC invocations=2 (full 1):
 def new generation   total 629248K, used 744K [0x00007f0940600000, 0x00007f096b0c0000, 0x00007f0e95b50000)
  eden space 559360K,   0% used [0x00007f0940600000, 0x00007f0940600000, 0x00007f0962840000)
  from space 69888K,   1% used [0x00007f0966c80000, 0x00007f0966d3a3f8, 0x00007f096b0c0000)
  to   space 69888K,   0% used [0x00007f0962840000, 0x00007f0962840000, 0x00007f0966c80000)
 tenured generation   total 1398144K, used 13581K [0x00007f0e95b50000, 0x00007f0eeb0b0000, 0x00007f1940600000)
   the space 1398144K,   0% used [0x00007f0e95b50000, 0x00007f0e968934c8, 0x00007f0e96893600, 0x00007f0eeb0b0000)
 Metaspace       used 22969K, capacity 23323K, committed 23552K, reserved 24576K
}
Event: 4.896 GC heap before
{Heap before GC invocations=2 (full 1):
 def new generation   total 629248K, used 518608K [0x00007f0940600000, 0x00007f096b0c0000, 0x00007f0e95b50000)
  eden space 559360K,  92% used [0x00007f0940600000, 0x00007f095ffb9f10, 0x00007f0962840000)
  from space 69888K,   1% used [0x00007f0966c80000, 0x00007f0966d3a3f8, 0x00007f096b0c0000)
  to   space 69888K,   0% used [0x00007f0962840000, 0x00007f0962840000, 0x00007f0966c80000)
 tenured generation   total 1398144K, used 13581K [0x00007f0e95b50000, 0x00007f0eeb0b0000, 0x00007f1940600000)
   the space 1398144K,   0% used [0x00007f0e95b50000, 0x00007f0e968934c8, 0x00007f0e96893600, 0x00007f0eeb0b0000)
 Metaspace       used 23138K, capacity 23465K, committed 23552K, reserved 24576K
}
Event: 4.899 GC heap after
{Heap after GC invocations=3 (full 1):
 def new generation   total 629248K, used 1125K [0x00007f0940600000, 0x00007f096b0c0000, 0x00007f0e95b50000)
  eden space 559360K,   0% used [0x00007f0940600000, 0x00007f0940600000, 0x00007f0962840000)
  from space 69888K,   1% used [0x00007f0962840000, 0x00007f09629595d8, 0x00007f0966c80000)
  to   space 69888K,   0% used [0x00007f0966c80000, 0x00007f0966c80000, 0x00007f096b0c0000)
 tenured generation   total 1398144K, used 13581K [0x00007f0e95b50000, 0x00007f0eeb0b0000, 0x00007f1940600000)
   the space 1398144K,   0% used [0x00007f0e95b50000, 0x00007f0e968934c8, 0x00007f0e96893600, 0x00007f0eeb0b0000)
 Metaspace       used 23138K, capacity 23465K, committed 23552K, reserved 24576K
}
Event: 4.899 GC heap before
{Heap before GC invocations=3 (full 1):
 def new generation   total 629248K, used 1125K [0x00007f0940600000, 0x00007f096b0c0000, 0x00007f0e95b50000)
  eden space 559360K,   0% used [0x00007f0940600000, 0x00007f0940600000, 0x00007f0962840000)
  from space 69888K,   1% used [0x00007f0962840000, 0x00007f09629595d8, 0x00007f0966c80000)
  to   space 69888K,   0% used [0x00007f0966c80000, 0x00007f0966c80000, 0x00007f096b0c0000)
 tenured generation   total 1398144K, used 13581K [0x00007f0e95b50000, 0x00007f0eeb0b0000, 0x00007f1940600000)
   the space 1398144K,   0% used [0x00007f0e95b50000, 0x00007f0e968934c8, 0x00007f0e96893600, 0x00007f0eeb0b0000)
 Metaspace       used 23138K, capacity 23465K, committed 23552K, reserved 24576K
}
Event: 4.927 GC heap after
{Heap after GC invocations=3 (full 2):
 def new generation   total 629248K, used 0K [0x00007f0940600000, 0x00007f096b0c0000, 0x00007f0e95b50000)
  eden space 559360K,   0% used [0x00007f0940600000, 0x00007f0940600000, 0x00007f0962840000)
  from space 69888K,   0% used [0x00007f0962840000, 0x00007f0962840000, 0x00007f0966c80000)
  to   space 69888K,   0% used [0x00007f0966c80000, 0x00007f0966c80000, 0x00007f096b0c0000)
 tenured generation   total 1398144K, used 14697K [0x00007f0e95b50000, 0x00007f0eeb0b0000, 0x00007f1940600000)
   the space 1398144K,   1% used [0x00007f0e95b50000, 0x00007f0e969aa418, 0x00007f0e969aa600, 0x00007f0eeb0b0000)
 Metaspace       used 23138K, capacity 23465K, committed 23552K, reserved 24576K
}
Event: 8.329 GC heap before
{Heap before GC invocations=3 (full 2):
 def new generation   total 629248K, used 559360K [0x00007f0940600000, 0x00007f096b0c0000, 0x00007f0e95b50000)
  eden space 559360K, 100% used [0x00007f0940600000, 0x00007f0962840000, 0x00007f0962840000)
  from space 69888K,   0% used [0x00007f0962840000, 0x00007f0962840000, 0x00007f0966c80000)
  to   space 69888K,   0% used [0x00007f0966c80000, 0x00007f0966c80000, 0x00007f096b0c0000)
 tenured generation   total 9786756K, used 8403305K [0x00007f0e95b50000, 0x00007f10eb0b1000, 0x00007f1940600000)
   the space 9786756K,  85% used [0x00007f0e95b50000, 0x00007f10969aa430, 0x00007f10969aa600, 0x00007f10eb0b1000)
 Metaspace       used 23213K, capacity 23599K, committed 23808K, reserved 24576K
}
Event: 8.333 GC heap after
{Heap after GC invocations=4 (full 2):
 def new generation   total 629248K, used 419K [0x00007f0940600000, 0x00007f096b0c0000, 0x00007f0e95b50000)
  eden space 559360K,   0% used [0x00007f0940600000, 0x00007f0940600000, 0x00007f0962840000)
  from space 69888K,   0% used [0x00007f0966c80000, 0x00007f0966ce8e80, 0x00007f096b0c0000)
  to   space 69888K,   0% used [0x00007f0962840000, 0x00007f0962840000, 0x00007f0966c80000)
 tenured generation   total 9786756K, used 8403305K [0x00007f0e95b50000, 0x00007f10eb0b1000, 0x00007f1940600000)
   the space 9786756K,  85% used [0x00007f0e95b50000, 0x00007f10969aa430, 0x00007f10969aa600, 0x00007f10eb0b1000)
 Metaspace       used 23213K, capacity 23599K, committed 23808K, reserved 24576K
}
Event: 8.602 GC heap before
{Heap before GC invocations=4 (full 2):
 def new generation   total 629248K, used 309207K [0x00007f0940600000, 0x00007f096b0c0000, 0x00007f0e95b50000)
  eden space 559360K,  55% used [0x00007f0940600000, 0x00007f095338cee0, 0x00007f0962840000)
  from space 69888K,   0% used [0x00007f0966c80000, 0x00007f0966ce8e80, 0x00007f096b0c0000)
  to   space 69888K,   0% used [0x00007f0962840000, 0x00007f0962840000, 0x00007f0966c80000)
 tenured generation   total 9786756K, used 8403305K [0x00007f0e95b50000, 0x00007f10eb0b1000, 0x00007f1940600000)
   the space 9786756K,  85% used [0x00007f0e95b50000, 0x00007f10969aa430, 0x00007f10969aa600, 0x00007f10eb0b1000)
 Metaspace       used 23219K, capacity 23599K, committed 23808K, reserved 24576K
}
Event: 8.629 GC heap after
{Heap after GC invocations=5 (full 2):
 def new generation   total 629248K, used 33473K [0x00007f0940600000, 0x00007f096b0c0000, 0x00007f0e95b50000)
  eden space 559360K,   0% used [0x00007f0940600000, 0x00007f0940600000, 0x00007f0962840000)
  from space 69888K,  47% used [0x00007f0962840000, 0x00007f09648f0418, 0x00007f0966c80000)
  to   space 69888K,   0% used [0x00007f0966c80000, 0x00007f0966c80000, 0x00007f096b0c0000)
 tenured generation   total 9786756K, used 8403305K [0x00007f0e95b50000, 0x00007f10eb0b1000, 0x00007f1940600000)
   the space 9786756K,  85% used [0x00007f0e95b50000, 0x00007f10969aa430, 0x00007f10969aa600, 0x00007f10eb0b1000)
 Metaspace       used 23219K, capacity 23599K, committed 23808K, reserved 24576K
}
Event: 8.970 GC heap before
{Heap before GC invocations=5 (full 2):
 def new generation   total 629248K, used 568707K [0x00007f0940600000, 0x00007f096b0c0000, 0x00007f0e95b50000)
  eden space 559360K,  95% used [0x00007f0940600000, 0x00007f09610b0950, 0x00007f0962840000)
  from space 69888K,  47% used [0x00007f0962840000, 0x00007f09648f0418, 0x00007f0966c80000)
  to   space 69888K,   0% used [0x00007f0966c80000, 0x00007f0966c80000, 0x00007f096b0c0000)
 tenured generation   total 9786756K, used 8403305K [0x00007f0e95b50000, 0x00007f10eb0b1000, 0x00007f1940600000)
   the space 9786756K,  85% used [0x00007f0e95b50000, 0x00007f10969aa430, 0x00007f10969aa600, 0x00007f10eb0b1000)
 Metaspace       used 23219K, capacity 23599K, committed 23808K, reserved 24576K
}
Event: 9.007 GC heap after
{Heap after GC invocations=6 (full 2):
 def new generation   total 629248K, used 66231K [0x00007f0940600000, 0x00007f096b0c0000, 0x00007f0e95b50000)
  eden space 559360K,   0% used [0x00007f0940600000, 0x00007f0940600000, 0x00007f0962840000)
  from space 69888K,  94% used [0x00007f0966c80000, 0x00007f096ad2df58, 0x00007f096b0c0000)
  to   space 69888K,   0% used [0x00007f0962840000, 0x00007f0962840000, 0x00007f0966c80000)
 tenured generation   total 9786756K, used 8403305K [0x00007f0e95b50000, 0x00007f10eb0b1000, 0x00007f1940600000)
   the space 9786756K,  85% used [0x00007f0e95b50000, 0x00007f10969aa430, 0x00007f10969aa600, 0x00007f10eb0b1000)
 Metaspace       used 23219K, capacity 23599K, committed 23808K, reserved 24576K
}
Event: 9.162 GC heap before
{Heap before GC invocations=6 (full 2):
 def new generation   total 629248K, used 350410K [0x00007f0940600000, 0x00007f096b0c0000, 0x00007f0e95b50000)
  eden space 559360K,  50% used [0x00007f0940600000, 0x00007f0951b84a18, 0x00007f0962840000)
  from space 69888K,  94% used [0x00007f0966c80000, 0x00007f096ad2df58, 0x00007f096b0c0000)
  to   space 69888K,   0% used [0x00007f0962840000, 0x00007f0962840000, 0x00007f0966c80000)
 tenured generation   total 9786756K, used 8403305K [0x00007f0e95b50000, 0x00007f10eb0b1000, 0x00007f1940600000)
   the space 9786756K,  85% used [0x00007f0e95b50000, 0x00007f10969aa430, 0x00007f10969aa600, 0x00007f10eb0b1000)
 Metaspace       used 23220K, capacity 23599K, committed 23808K, reserved 24576K
}
Event: 9.231 GC heap after
{Heap after GC invocations=7 (full 2):
 def new generation   total 629248K, used 92K [0x00007f0940600000, 0x00007f096b0c0000, 0x00007f0e95b50000)
  eden space 559360K,   0% used [0x00007f0940600000, 0x00007f0940600000, 0x00007f0962840000)
  from space 69888K,   0% used [0x00007f0962840000, 0x00007f09628572f8, 0x00007f0966c80000)
  to   space 69888K,   0% used [0x00007f0966c80000, 0x00007f0966c80000, 0x00007f096b0c0000)
 tenured generation   total 9786756K, used 8535018K [0x00007f0e95b50000, 0x00007f10eb0b1000, 0x00007f1940600000)
   the space 9786756K,  87% used [0x00007f0e95b50000, 0x00007f109ea4aa48, 0x00007f109ea4ac00, 0x00007f10eb0b1000)
 Metaspace       used 23220K, capacity 23599K, committed 23808K, reserved 24576K
}
Event: 9.231 GC heap before
{Heap before GC invocations=7 (full 2):
 def new generation   total 629248K, used 92K [0x00007f0940600000, 0x00007f096b0c0000, 0x00007f0e95b50000)
  eden space 559360K,   0% used [0x00007f0940600000, 0x00007f0940600000, 0x00007f0962840000)
  from space 69888K,   0% used [0x00007f0962840000, 0x00007f09628572f8, 0x00007f0966c80000)
  to   space 69888K,   0% used [0x00007f0966c80000, 0x00007f0966c80000, 0x00007f096b0c0000)
 tenured generation   total 9786756K, used 8535018K [0x00007f0e95b50000, 0x00007f10eb0b1000, 0x00007f1940600000)
   the space 9786756K,  87% used [0x00007f0e95b50000, 0x00007f109ea4aa48, 0x00007f109ea4ac00, 0x00007f10eb0b1000)
 Metaspace       used 23220K, capacity 23599K, committed 23808K, reserved 24576K
}

