# JRE version: OpenJDK Runtime Environment (13.0.7+5) (build 13.0.7+5-Ubuntu-0ubuntu120.04)
# Java VM: OpenJDK 64-Bit Server VM (13.0.7+5-Ubuntu-0ubuntu120.04, mixed mode, tiered, serial gc, linux-amd64)
Heap:
 def new generation   total 5260864K, used 584339K [0x00007fe1cc600000, 0x00007fe331260000, 0x00007fe721b50000)
  eden space 4676352K,  12% used [0x00007fe1cc600000, 0x00007fe1f00a4fe8, 0x00007fe2e9cc0000)
  from space 584512K,   0% used [0x00007fe2e9cc0000, 0x00007fe2e9cc0000, 0x00007fe30d790000)
  to   space 584512K,   0% used [0x00007fe30d790000, 0x00007fe30d790000, 0x00007fe331260000)
 tenured generation   total 12077356K, used 12077355K [0x00007fe721b50000, 0x00007fea02d9b000, 0x00007ff1cc600000)
   the space 12077356K,  99% used [0x00007fe721b50000, 0x00007fea02d9adf8, 0x00007fea02d9ae00, 0x00007fea02d9b000)
 Metaspace       used 30849K, capacity 31271K, committed 31488K, reserved 32768K
GC Heap History (20 events):
Event: 15.477 GC heap after
{Heap after GC invocations=8 (full 2):
 def new generation   total 1300416K, used 69780K [0x00007fe1cc600000, 0x00007fe224900000, 0x00007fe721b50000)
  eden space 1155968K,   6% used [0x00007fe1cc600000, 0x00007fe1d0a25200, 0x00007fe212ee0000)
  from space 144448K,   0% used [0x00007fe212ee0000, 0x00007fe212ee0000, 0x00007fe21bbf0000)
  to   space 144448K,   0% used [0x00007fe21bbf0000, 0x00007fe21bbf0000, 0x00007fe224900000)
 tenured generation   total 2889600K, used 1733759K [0x00007fe721b50000, 0x00007fe7d2130000, 0x00007ff1cc600000)
   the space 2889600K,  59% used [0x00007fe721b50000, 0x00007fe78b86ffb0, 0x00007fe78b870000, 0x00007fe7d2130000)
 Metaspace       used 30849K, capacity 31271K, committed 31488K, reserved 32768K
}
Event: 15.911 GC heap before
{Heap before GC invocations=8 (full 2):
 def new generation   total 1300416K, used 1155968K [0x00007fe1cc600000, 0x00007fe224900000, 0x00007fe721b50000)
  eden space 1155968K, 100% used [0x00007fe1cc600000, 0x00007fe212ee0000, 0x00007fe212ee0000)
  from space 144448K,   0% used [0x00007fe212ee0000, 0x00007fe212ee0000, 0x00007fe21bbf0000)
  to   space 144448K,   0% used [0x00007fe21bbf0000, 0x00007fe21bbf0000, 0x00007fe224900000)
 tenured generation   total 2889600K, used 1733759K [0x00007fe721b50000, 0x00007fe7d2130000, 0x00007ff1cc600000)
   the space 2889600K,  59% used [0x00007fe721b50000, 0x00007fe78b86ffb0, 0x00007fe78b870000, 0x00007fe7d2130000)
 Metaspace       used 30849K, capacity 31271K, committed 31488K, reserved 32768K
}
Event: 16.928 GC heap after
{Heap after GC invocations=9 (full 2):
 def new generation   total 1300416K, used 144447K [0x00007fe1cc600000, 0x00007fe224900000, 0x00007fe721b50000)
  eden space 1155968K,   0% used [0x00007fe1cc600000, 0x00007fe1cc600000, 0x00007fe212ee0000)
  from space 144448K,  99% used [0x00007fe21bbf0000, 0x00007fe2248fff40, 0x00007fe224900000)
  to   space 144448K,   0% used [0x00007fe212ee0000, 0x00007fe212ee0000, 0x00007fe21bbf0000)
 tenured generation   total 2889600K, used 2745237K [0x00007fe721b50000, 0x00007fe7d2130000, 0x00007ff1cc600000)
   the space 2889600K,  95% used [0x00007fe721b50000, 0x00007fe7c94355d8, 0x00007fe7c9435600, 0x00007fe7d2130000)
 Metaspace       used 30849K, capacity 31271K, committed 31488K, reserved 32768K
}
Event: 17.489 GC heap before
{Heap before GC invocations=9 (full 2):
 def new generation   total 1300416K, used 1300415K [0x00007fe1cc600000, 0x00007fe224900000, 0x00007fe721b50000)
  eden space 1155968K, 100% used [0x00007fe1cc600000, 0x00007fe212ee0000, 0x00007fe212ee0000)
  from space 144448K,  99% used [0x00007fe21bbf0000, 0x00007fe2248fff40, 0x00007fe224900000)
  to   space 144448K,   0% used [0x00007fe212ee0000, 0x00007fe212ee0000, 0x00007fe21bbf0000)
 tenured generation   total 2889600K, used 2745237K [0x00007fe721b50000, 0x00007fe7d2130000, 0x00007ff1cc600000)
   the space 2889600K,  95% used [0x00007fe721b50000, 0x00007fe7c94355d8, 0x00007fe7c9435600, 0x00007fe7d2130000)
 Metaspace       used 30849K, capacity 31271K, committed 31488K, reserved 32768K
}
Event: 18.724 GC heap after
{Heap after GC invocations=10 (full 2):
 def new generation   total 1300416K, used 144447K [0x00007fe1cc600000, 0x00007fe224900000, 0x00007fe721b50000)
  eden space 1155968K,   0% used [0x00007fe1cc600000, 0x00007fe1cc600000, 0x00007fe212ee0000)
  from space 144448K,  99% used [0x00007fe212ee0000, 0x00007fe21bbeff40, 0x00007fe21bbf0000)
  to   space 144448K,   0% used [0x00007fe21bbf0000, 0x00007fe21bbf0000, 0x00007fe224900000)
 tenured generation   total 3901248K, used 3901150K [0x00007fe721b50000, 0x00007fe80fd20000, 0x00007ff1cc600000)
   the space 3901248K,  99% used [0x00007fe721b50000, 0x00007fe80fd07b18, 0x00007fe80fd07c00, 0x00007fe80fd20000)
 Metaspace       used 30849K, capacity 31271K, committed 31488K, reserved 32768K
}
Event: 18.724 GC heap before
{Heap before GC invocations=10 (full 2):
 def new generation   total 1300416K, used 144447K [0x00007fe1cc600000, 0x00007fe224900000, 0x00007fe721b50000)
  eden space 1155968K,   0% used [0x00007fe1cc600000, 0x00007fe1cc600000, 0x00007fe212ee0000)
  from space 144448K,  99% used [0x00007fe212ee0000, 0x00007fe21bbeff40, 0x00007fe21bbf0000)
  to   space 144448K,   0% used [0x00007fe21bbf0000, 0x00007fe21bbf0000, 0x00007fe224900000)
 tenured generation   total 3901248K, used 3901150K [0x00007fe721b50000, 0x00007fe80fd20000, 0x00007ff1cc600000)
   the space 3901248K,  99% used [0x00007fe721b50000, 0x00007fe80fd07b18, 0x00007fe80fd07c00, 0x00007fe80fd20000)
 Metaspace       used 30849K, capacity 31271K, committed 31488K, reserved 32768K
}
Event: 20.211 GC heap after
{Heap after GC invocations=10 (full 3):
 def new generation   total 2926016K, used 144350K [0x00007fe1cc600000, 0x00007fe292ce0000, 0x00007fe721b50000)
  eden space 2600960K,   5% used [0x00007fe1cc600000, 0x00007fe1d52f7be8, 0x00007fe26b200000)
  from space 325056K,   0% used [0x00007fe26b200000, 0x00007fe26b200000, 0x00007fe27ef70000)
  to   space 325056K,   0% used [0x00007fe27ef70000, 0x00007fe27ef70000, 0x00007fe292ce0000)
 tenured generation   total 6502080K, used 3901247K [0x00007fe721b50000, 0x00007fe8ae900000, 0x00007ff1cc600000)
   the space 6502080K,  59% used [0x00007fe721b50000, 0x00007fe80fd1fe70, 0x00007fe80fd20000, 0x00007fe8ae900000)
 Metaspace       used 30849K, capacity 31271K, committed 31488K, reserved 32768K
}
Event: 21.418 GC heap before
{Heap before GC invocations=10 (full 3):
 def new generation   total 2926016K, used 2600960K [0x00007fe1cc600000, 0x00007fe292ce0000, 0x00007fe721b50000)
  eden space 2600960K, 100% used [0x00007fe1cc600000, 0x00007fe26b200000, 0x00007fe26b200000)
  from space 325056K,   0% used [0x00007fe26b200000, 0x00007fe26b200000, 0x00007fe27ef70000)
  to   space 325056K,   0% used [0x00007fe27ef70000, 0x00007fe27ef70000, 0x00007fe292ce0000)
 tenured generation   total 6502080K, used 3901247K [0x00007fe721b50000, 0x00007fe8ae900000, 0x00007ff1cc600000)
   the space 6502080K,  59% used [0x00007fe721b50000, 0x00007fe80fd1fe70, 0x00007fe80fd20000, 0x00007fe8ae900000)
 Metaspace       used 30849K, capacity 31271K, committed 31488K, reserved 32768K
}
Event: 24.383 GC heap after
{Heap after GC invocations=11 (full 3):
 def new generation   total 2926016K, used 325055K [0x00007fe1cc600000, 0x00007fe292ce0000, 0x00007fe721b50000)
  eden space 2600960K,   0% used [0x00007fe1cc600000, 0x00007fe1cc600000, 0x00007fe26b200000)
  from space 325056K,  99% used [0x00007fe27ef70000, 0x00007fe292cdffc8, 0x00007fe292ce0000)
  to   space 325056K,   0% used [0x00007fe26b200000, 0x00007fe26b200000, 0x00007fe27ef70000)
 tenured generation   total 6502080K, used 6075225K [0x00007fe721b50000, 0x00007fe8ae900000, 0x00007ff1cc600000)
   the space 6502080K,  93% used [0x00007fe721b50000, 0x00007fe894826598, 0x00007fe894826600, 0x00007fe8ae900000)
 Metaspace       used 30849K, capacity 31271K, committed 31488K, reserved 32768K
}
Event: 30.952 GC heap before
{Heap before GC invocations=11 (full 3):
 def new generation   total 2926016K, used 2926015K [0x00007fe1cc600000, 0x00007fe292ce0000, 0x00007fe721b50000)
  eden space 2600960K, 100% used [0x00007fe1cc600000, 0x00007fe26b200000, 0x00007fe26b200000)
  from space 325056K,  99% used [0x00007fe27ef70000, 0x00007fe292cdffc8, 0x00007fe292ce0000)
  to   space 325056K,   0% used [0x00007fe26b200000, 0x00007fe26b200000, 0x00007fe27ef70000)
 tenured generation   total 6502080K, used 6075225K [0x00007fe721b50000, 0x00007fe8ae900000, 0x00007ff1cc600000)
   the space 6502080K,  93% used [0x00007fe721b50000, 0x00007fe894826598, 0x00007fe894826600, 0x00007fe8ae900000)
 Metaspace       used 30849K, capacity 31271K, committed 31488K, reserved 32768K
}
Event: 31.274 GC heap after
{Heap after GC invocations=12 (full 3):
 def new generation   total 2926016K, used 0K [0x00007fe1cc600000, 0x00007fe292ce0000, 0x00007fe721b50000)
  eden space 2600960K,   0% used [0x00007fe1cc600000, 0x00007fe1cc600000, 0x00007fe26b200000)
  from space 325056K,   0% used [0x00007fe26b200000, 0x00007fe26b2000c8, 0x00007fe27ef70000)
  to   space 325056K,   0% used [0x00007fe27ef70000, 0x00007fe27ef70000, 0x00007fe292ce0000)
 tenured generation   total 6502080K, used 6400281K [0x00007fe721b50000, 0x00007fe8ae900000, 0x00007ff1cc600000)
   the space 6502080K,  98% used [0x00007fe721b50000, 0x00007fe8a8596488, 0x00007fe8a8596600, 0x00007fe8ae900000)
 Metaspace       used 30849K, capacity 31271K, committed 31488K, reserved 32768K
}
Event: 35.550 GC heap before
{Heap before GC invocations=12 (full 3):
 def new generation   total 2926016K, used 2600960K [0x00007fe1cc600000, 0x00007fe292ce0000, 0x00007fe721b50000)
  eden space 2600960K, 100% used [0x00007fe1cc600000, 0x00007fe26b200000, 0x00007fe26b200000)
  from space 325056K,   0% used [0x00007fe26b200000, 0x00007fe26b2000c8, 0x00007fe27ef70000)
  to   space 325056K,   0% used [0x00007fe27ef70000, 0x00007fe27ef70000, 0x00007fe292ce0000)
 tenured generation   total 6502080K, used 6400281K [0x00007fe721b50000, 0x00007fe8ae900000, 0x00007ff1cc600000)
   the space 6502080K,  98% used [0x00007fe721b50000, 0x00007fe8a8596488, 0x00007fe8a8596600, 0x00007fe8ae900000)
 Metaspace       used 30849K, capacity 31271K, committed 31488K, reserved 32768K
}
Event: 36.432 GC heap after
{Heap after GC invocations=13 (full 3):
 def new generation   total 2926016K, used 325055K [0x00007fe1cc600000, 0x00007fe292ce0000, 0x00007fe721b50000)
  eden space 2600960K,   0% used [0x00007fe1cc600000, 0x00007fe1cc600000, 0x00007fe26b200000)
  from space 325056K,  99% used [0x00007fe27ef70000, 0x00007fe292cdffd0, 0x00007fe292ce0000)
  to   space 325056K,   0% used [0x00007fe26b200000, 0x00007fe26b200000, 0x00007fe27ef70000)
 tenured generation   total 7015296K, used 7015257K [0x00007fe721b50000, 0x00007fe8cde30000, 0x00007ff1cc600000)
   the space 7015296K,  99% used [0x00007fe721b50000, 0x00007fe8cde26588, 0x00007fe8cde26600, 0x00007fe8cde30000)
 Metaspace       used 30849K, capacity 31271K, committed 31488K, reserved 32768K
}
Event: 36.432 GC heap before
{Heap before GC invocations=13 (full 3):
 def new generation   total 2926016K, used 325055K [0x00007fe1cc600000, 0x00007fe292ce0000, 0x00007fe721b50000)
  eden space 2600960K,   0% used [0x00007fe1cc600000, 0x00007fe1cc600000, 0x00007fe26b200000)
  from space 325056K,  99% used [0x00007fe27ef70000, 0x00007fe292cdffd0, 0x00007fe292ce0000)
  to   space 325056K,   0% used [0x00007fe26b200000, 0x00007fe26b200000, 0x00007fe27ef70000)
 tenured generation   total 7015296K, used 7015257K [0x00007fe721b50000, 0x00007fe8cde30000, 0x00007ff1cc600000)
   the space 7015296K,  99% used [0x00007fe721b50000, 0x00007fe8cde26588, 0x00007fe8cde26600, 0x00007fe8cde30000)
 Metaspace       used 30849K, capacity 31271K, committed 31488K, reserved 32768K
}
Event: 63.810 GC heap after
{Heap after GC invocations=13 (full 4):
 def new generation   total 5260864K, used 320447K [0x00007fe1cc600000, 0x00007fe331260000, 0x00007fe721b50000)
  eden space 4676352K,   6% used [0x00007fe1cc600000, 0x00007fe1dfeefd40, 0x00007fe2e9cc0000)
  from space 584512K,   0% used [0x00007fe2e9cc0000, 0x00007fe2e9cc0000, 0x00007fe30d790000)
  to   space 584512K,   0% used [0x00007fe30d790000, 0x00007fe30d790000, 0x00007fe331260000)
 tenured generation   total 11690668K, used 7014400K [0x00007fe721b50000, 0x00007fe9eb3fb000, 0x00007ff1cc600000)
   the space 11690668K,  59% used [0x00007fe721b50000, 0x00007fe8cdd50048, 0x00007fe8cdd50200, 0x00007fe9eb3fb000)
 Metaspace       used 30849K, capacity 31271K, committed 31488K, reserved 32768K
}
Event: 65.950 GC heap before
{Heap before GC invocations=13 (full 4):
 def new generation   total 5260864K, used 4676352K [0x00007fe1cc600000, 0x00007fe331260000, 0x00007fe721b50000)
  eden space 4676352K, 100% used [0x00007fe1cc600000, 0x00007fe2e9cc0000, 0x00007fe2e9cc0000)
  from space 584512K,   0% used [0x00007fe2e9cc0000, 0x00007fe2e9cc0000, 0x00007fe30d790000)
  to   space 584512K,   0% used [0x00007fe30d790000, 0x00007fe30d790000, 0x00007fe331260000)
 tenured generation   total 11690668K, used 7014400K [0x00007fe721b50000, 0x00007fe9eb3fb000, 0x00007ff1cc600000)
   the space 11690668K,  59% used [0x00007fe721b50000, 0x00007fe8cdd50048, 0x00007fe8cdd50200, 0x00007fe9eb3fb000)
 Metaspace       used 30849K, capacity 31271K, committed 31488K, reserved 32768K
}
Event: 69.680 GC heap after
{Heap after GC invocations=14 (full 4):
 def new generation   total 5260864K, used 584511K [0x00007fe1cc600000, 0x00007fe331260000, 0x00007fe721b50000)
  eden space 4676352K,   0% used [0x00007fe1cc600000, 0x00007fe1cc600000, 0x00007fe2e9cc0000)
  from space 584512K,  99% used [0x00007fe30d790000, 0x00007fe33125fe58, 0x00007fe331260000)
  to   space 584512K,   0% used [0x00007fe2e9cc0000, 0x00007fe2e9cc0000, 0x00007fe30d790000)
 tenured generation   total 11690668K, used 10861922K [0x00007fe721b50000, 0x00007fe9eb3fb000, 0x00007ff1cc600000)
   the space 11690668K,  92% used [0x00007fe721b50000, 0x00007fe9b8aa88b8, 0x00007fe9b8aa8a00, 0x00007fe9eb3fb000)
 Metaspace       used 30849K, capacity 31271K, committed 31488K, reserved 32768K
}
Event: 78.530 GC heap before
{Heap before GC invocations=14 (full 4):
 def new generation   total 5260864K, used 5260863K [0x00007fe1cc600000, 0x00007fe331260000, 0x00007fe721b50000)
  eden space 4676352K, 100% used [0x00007fe1cc600000, 0x00007fe2e9cc0000, 0x00007fe2e9cc0000)
  from space 584512K,  99% used [0x00007fe30d790000, 0x00007fe33125fe58, 0x00007fe331260000)
  to   space 584512K,   0% used [0x00007fe2e9cc0000, 0x00007fe2e9cc0000, 0x00007fe30d790000)
 tenured generation   total 11690668K, used 10861922K [0x00007fe721b50000, 0x00007fe9eb3fb000, 0x00007ff1cc600000)
   the space 11690668K,  92% used [0x00007fe721b50000, 0x00007fe9b8aa88b8, 0x00007fe9b8aa8a00, 0x00007fe9eb3fb000)
 Metaspace       used 30849K, capacity 31271K, committed 31488K, reserved 32768K
}
Event: 80.089 GC heap after
{Heap after GC invocations=15 (full 4):
 def new generation   total 5260864K, used 584511K [0x00007fe1cc600000, 0x00007fe331260000, 0x00007fe721b50000)
  eden space 4676352K,   0% used [0x00007fe1cc600000, 0x00007fe1cc600000, 0x00007fe2e9cc0000)
  from space 584512K,  99% used [0x00007fe2e9cc0000, 0x00007fe30d78fea8, 0x00007fe30d790000)
  to   space 584512K,   0% used [0x00007fe30d790000, 0x00007fe30d790000, 0x00007fe331260000)
 tenured generation   total 12077356K, used 12077183K [0x00007fe721b50000, 0x00007fea02d9b000, 0x00007ff1cc600000)
   the space 12077356K,  99% used [0x00007fe721b50000, 0x00007fea02d6ff38, 0x00007fea02d70000, 0x00007fea02d9b000)
 Metaspace       used 30849K, capacity 31271K, committed 31488K, reserved 32768K
}
Event: 80.089 GC heap before
{Heap before GC invocations=15 (full 4):
 def new generation   total 5260864K, used 584511K [0x00007fe1cc600000, 0x00007fe331260000, 0x00007fe721b50000)
  eden space 4676352K,   0% used [0x00007fe1cc600000, 0x00007fe1cc600000, 0x00007fe2e9cc0000)
  from space 584512K,  99% used [0x00007fe2e9cc0000, 0x00007fe30d78fea8, 0x00007fe30d790000)
  to   space 584512K,   0% used [0x00007fe30d790000, 0x00007fe30d790000, 0x00007fe331260000)
 tenured generation   total 12077356K, used 12077183K [0x00007fe721b50000, 0x00007fea02d9b000, 0x00007ff1cc600000)
   the space 12077356K,  99% used [0x00007fe721b50000, 0x00007fea02d6ff38, 0x00007fea02d70000, 0x00007fea02d9b000)
 Metaspace       used 30849K, capacity 31271K, committed 31488K, reserved 32768K
}

