# JRE version: OpenJDK Runtime Environment (13.0.7+5) (build 13.0.7+5-Ubuntu-0ubuntu120.04)
# Java VM: OpenJDK 64-Bit Server VM (13.0.7+5-Ubuntu-0ubuntu120.04, mixed mode, tiered, serial gc, linux-amd64)
Heap:
 def new generation   total 9110592K, used 734398K [0x00007eed98600000, 0x00007ef002390000, 0x00007ef2edb50000)
  eden space 8098368K,   9% used [0x00007eed98600000, 0x00007eedc532f8e0, 0x00007eef86a90000)
  from space 1012224K,   0% used [0x00007eef86a90000, 0x00007eef86a90000, 0x00007eefc4710000)
  to   space 1012224K,   0% used [0x00007eefc4710000, 0x00007eefc4710000, 0x00007ef002390000)
 tenured generation   total 21177000K, used 21177000K [0x00007ef2edb50000, 0x00007ef7fa3fa000, 0x00007efd98600000)
   the space 21177000K, 100% used [0x00007ef2edb50000, 0x00007ef7fa3fa000, 0x00007ef7fa3fa000, 0x00007ef7fa3fa000)
 Metaspace       used 30471K, capacity 30864K, committed 31232K, reserved 32768K
GC Heap History (20 events):
Event: 233.839 GC heap after
{Heap after GC invocations=41 (full 7):
 def new generation   total 5343872K, used 593727K [0x00007eed98600000, 0x00007eef02c70000, 0x00007ef2edb50000)
  eden space 4750144K,   0% used [0x00007eed98600000, 0x00007eed98600000, 0x00007eeeba4d0000)
  from space 593728K,  99% used [0x00007eeeba4d0000, 0x00007eeede89fff8, 0x00007eeede8a0000)
  to   space 593728K,   0% used [0x00007eeede8a0000, 0x00007eeede8a0000, 0x00007eef02c70000)
 tenured generation   total 11875108K, used 8908205K [0x00007ef2edb50000, 0x00007ef5c2819000, 0x00007efd98600000)
   the space 11875108K,  75% used [0x00007ef2edb50000, 0x00007ef50d6bb638, 0x00007ef50d6bb800, 0x00007ef5c2819000)
 Metaspace       used 30471K, capacity 30864K, committed 31232K, reserved 32768K
}
Event: 465.153 GC heap before
{Heap before GC invocations=41 (full 7):
 def new generation   total 5343872K, used 5343871K [0x00007eed98600000, 0x00007eef02c70000, 0x00007ef2edb50000)
  eden space 4750144K, 100% used [0x00007eed98600000, 0x00007eeeba4d0000, 0x00007eeeba4d0000)
  from space 593728K,  99% used [0x00007eeeba4d0000, 0x00007eeede89fff8, 0x00007eeede8a0000)
  to   space 593728K,   0% used [0x00007eeede8a0000, 0x00007eeede8a0000, 0x00007eef02c70000)
 tenured generation   total 11875108K, used 8908205K [0x00007ef2edb50000, 0x00007ef5c2819000, 0x00007efd98600000)
   the space 11875108K,  75% used [0x00007ef2edb50000, 0x00007ef50d6bb638, 0x00007ef50d6bb800, 0x00007ef5c2819000)
 Metaspace       used 30471K, capacity 30864K, committed 31232K, reserved 32768K
}
Event: 469.550 GC heap after
{Heap after GC invocations=42 (full 7):
 def new generation   total 5343872K, used 593728K [0x00007eed98600000, 0x00007eef02c70000, 0x00007ef2edb50000)
  eden space 4750144K,   0% used [0x00007eed98600000, 0x00007eed98600000, 0x00007eeeba4d0000)
  from space 593728K, 100% used [0x00007eeede8a0000, 0x00007eef02c70000, 0x00007eef02c70000)
  to   space 593728K,   0% used [0x00007eeeba4d0000, 0x00007eeeba4d0000, 0x00007eeede8a0000)
 tenured generation   total 11875108K, used 11147286K [0x00007ef2edb50000, 0x00007ef5c2819000, 0x00007efd98600000)
   the space 11875108K,  93% used [0x00007ef2edb50000, 0x00007ef596155800, 0x00007ef596155800, 0x00007ef5c2819000)
 Metaspace       used 30471K, capacity 30864K, committed 31232K, reserved 32768K
}
Event: 829.755 GC heap before
{Heap before GC invocations=42 (full 7):
 def new generation   total 5343872K, used 5343872K [0x00007eed98600000, 0x00007eef02c70000, 0x00007ef2edb50000)
  eden space 4750144K, 100% used [0x00007eed98600000, 0x00007eeeba4d0000, 0x00007eeeba4d0000)
  from space 593728K, 100% used [0x00007eeede8a0000, 0x00007eef02c70000, 0x00007eef02c70000)
  to   space 593728K,   0% used [0x00007eeeba4d0000, 0x00007eeeba4d0000, 0x00007eeede8a0000)
 tenured generation   total 11875108K, used 11147286K [0x00007ef2edb50000, 0x00007ef5c2819000, 0x00007efd98600000)
   the space 11875108K,  93% used [0x00007ef2edb50000, 0x00007ef596155800, 0x00007ef596155800, 0x00007ef5c2819000)
 Metaspace       used 30471K, capacity 30864K, committed 31232K, reserved 32768K
}
Event: 832.150 GC heap after
{Heap after GC invocations=43 (full 7):
 def new generation   total 5343872K, used 593727K [0x00007eed98600000, 0x00007eef02c70000, 0x00007ef2edb50000)
  eden space 4750144K,   0% used [0x00007eed98600000, 0x00007eed98600000, 0x00007eeeba4d0000)
  from space 593728K,  99% used [0x00007eeeba4d0000, 0x00007eeede89fff0, 0x00007eeede8a0000)
  to   space 593728K,   0% used [0x00007eeede8a0000, 0x00007eeede8a0000, 0x00007eef02c70000)
 tenured generation   total 12147364K, used 12147310K [0x00007ef2edb50000, 0x00007ef5d31f9000, 0x00007efd98600000)
   the space 12147364K,  99% used [0x00007ef2edb50000, 0x00007ef5d31eb8d0, 0x00007ef5d31eba00, 0x00007ef5d31f9000)
 Metaspace       used 30471K, capacity 30864K, committed 31232K, reserved 32768K
}
Event: 832.150 GC heap before
{Heap before GC invocations=43 (full 7):
 def new generation   total 5343872K, used 593727K [0x00007eed98600000, 0x00007eef02c70000, 0x00007ef2edb50000)
  eden space 4750144K,   0% used [0x00007eed98600000, 0x00007eed98600000, 0x00007eeeba4d0000)
  from space 593728K,  99% used [0x00007eeeba4d0000, 0x00007eeede89fff0, 0x00007eeede8a0000)
  to   space 593728K,   0% used [0x00007eeede8a0000, 0x00007eeede8a0000, 0x00007eef02c70000)
 tenured generation   total 12147364K, used 12147310K [0x00007ef2edb50000, 0x00007ef5d31f9000, 0x00007efd98600000)
   the space 12147364K,  99% used [0x00007ef2edb50000, 0x00007ef5d31eb8d0, 0x00007ef5d31eba00, 0x00007ef5d31f9000)
 Metaspace       used 30471K, capacity 30864K, committed 31232K, reserved 32768K
}
Event: 858.835 GC heap after
{Heap after GC invocations=43 (full 8):
 def new generation   total 9110592K, used 29337K [0x00007eed98600000, 0x00007ef002390000, 0x00007ef2edb50000)
  eden space 8098368K,   0% used [0x00007eed98600000, 0x00007eed9a2a6640, 0x00007eef86a90000)
  from space 1012224K,   0% used [0x00007eef86a90000, 0x00007eef86a90000, 0x00007eefc4710000)
  to   space 1012224K,   0% used [0x00007eefc4710000, 0x00007eefc4710000, 0x00007ef002390000)
 tenured generation   total 20245608K, used 12147363K [0x00007ef2edb50000, 0x00007ef7c166a000, 0x00007efd98600000)
   the space 20245608K,  59% used [0x00007ef2edb50000, 0x00007ef5d31f8fe8, 0x00007ef5d31f9000, 0x00007ef7c166a000)
 Metaspace       used 30471K, capacity 30864K, committed 31232K, reserved 32768K
}
Event: 1558.681 GC heap before
{Heap before GC invocations=43 (full 8):
 def new generation   total 9110592K, used 8098368K [0x00007eed98600000, 0x00007ef002390000, 0x00007ef2edb50000)
  eden space 8098368K, 100% used [0x00007eed98600000, 0x00007eef86a90000, 0x00007eef86a90000)
  from space 1012224K,   0% used [0x00007eef86a90000, 0x00007eef86a90000, 0x00007eefc4710000)
  to   space 1012224K,   0% used [0x00007eefc4710000, 0x00007eefc4710000, 0x00007ef002390000)
 tenured generation   total 20245608K, used 12147363K [0x00007ef2edb50000, 0x00007ef7c166a000, 0x00007efd98600000)
   the space 20245608K,  59% used [0x00007ef2edb50000, 0x00007ef5d31f8fe8, 0x00007ef5d31f9000, 0x00007ef7c166a000)
 Metaspace       used 30471K, capacity 30864K, committed 31232K, reserved 32768K
}
Event: 1566.515 GC heap after
{Heap after GC invocations=44 (full 8):
 def new generation   total 9110592K, used 1012223K [0x00007eed98600000, 0x00007ef002390000, 0x00007ef2edb50000)
  eden space 8098368K,   0% used [0x00007eed98600000, 0x00007eed98600000, 0x00007eef86a90000)
  from space 1012224K,  99% used [0x00007eefc4710000, 0x00007ef00238fff0, 0x00007ef002390000)
  to   space 1012224K,   0% used [0x00007eef86a90000, 0x00007eef86a90000, 0x00007eefc4710000)
 tenured generation   total 20245608K, used 12863214K [0x00007ef2edb50000, 0x00007ef7c166a000, 0x00007efd98600000)
   the space 20245608K,  63% used [0x00007ef2edb50000, 0x00007ef5fed0bbc8, 0x00007ef5fed0bc00, 0x00007ef7c166a000)
 Metaspace       used 30471K, capacity 30864K, committed 31232K, reserved 32768K
}
Event: 2212.881 GC heap before
{Heap before GC invocations=44 (full 8):
 def new generation   total 9110592K, used 9110591K [0x00007eed98600000, 0x00007ef002390000, 0x00007ef2edb50000)
  eden space 8098368K, 100% used [0x00007eed98600000, 0x00007eef86a90000, 0x00007eef86a90000)
  from space 1012224K,  99% used [0x00007eefc4710000, 0x00007ef00238fff0, 0x00007ef002390000)
  to   space 1012224K,   0% used [0x00007eef86a90000, 0x00007eef86a90000, 0x00007eefc4710000)
 tenured generation   total 20245608K, used 12863214K [0x00007ef2edb50000, 0x00007ef7c166a000, 0x00007efd98600000)
   the space 20245608K,  63% used [0x00007ef2edb50000, 0x00007ef5fed0bbc8, 0x00007ef5fed0bc00, 0x00007ef7c166a000)
 Metaspace       used 30471K, capacity 30864K, committed 31232K, reserved 32768K
}
Event: 2217.895 GC heap after
{Heap after GC invocations=45 (full 8):
 def new generation   total 9110592K, used 1012223K [0x00007eed98600000, 0x00007ef002390000, 0x00007ef2edb50000)
  eden space 8098368K,   0% used [0x00007eed98600000, 0x00007eed98600000, 0x00007eef86a90000)
  from space 1012224K,  99% used [0x00007eef86a90000, 0x00007eefc470fff0, 0x00007eefc4710000)
  to   space 1012224K,   0% used [0x00007eefc4710000, 0x00007eefc4710000, 0x00007ef002390000)
 tenured generation   total 20245608K, used 14568128K [0x00007ef2edb50000, 0x00007ef7c166a000, 0x00007efd98600000)
   the space 20245608K,  71% used [0x00007ef2edb50000, 0x00007ef666e00128, 0x00007ef666e00200, 0x00007ef7c166a000)
 Metaspace       used 30471K, capacity 30864K, committed 31232K, reserved 32768K
}
Event: 2784.568 GC heap before
{Heap before GC invocations=45 (full 8):
 def new generation   total 9110592K, used 9110591K [0x00007eed98600000, 0x00007ef002390000, 0x00007ef2edb50000)
  eden space 8098368K, 100% used [0x00007eed98600000, 0x00007eef86a90000, 0x00007eef86a90000)
  from space 1012224K,  99% used [0x00007eef86a90000, 0x00007eefc470fff0, 0x00007eefc4710000)
  to   space 1012224K,   0% used [0x00007eefc4710000, 0x00007eefc4710000, 0x00007ef002390000)
 tenured generation   total 20245608K, used 14568128K [0x00007ef2edb50000, 0x00007ef7c166a000, 0x00007efd98600000)
   the space 20245608K,  71% used [0x00007ef2edb50000, 0x00007ef666e00128, 0x00007ef666e00200, 0x00007ef7c166a000)
 Metaspace       used 30471K, capacity 30864K, committed 31232K, reserved 32768K
}
Event: 2789.274 GC heap after
{Heap after GC invocations=46 (full 8):
 def new generation   total 9110592K, used 1012223K [0x00007eed98600000, 0x00007ef002390000, 0x00007ef2edb50000)
  eden space 8098368K,   0% used [0x00007eed98600000, 0x00007eed98600000, 0x00007eef86a90000)
  from space 1012224K,  99% used [0x00007eefc4710000, 0x00007ef00238fff0, 0x00007ef002390000)
  to   space 1012224K,   0% used [0x00007eef86a90000, 0x00007eef86a90000, 0x00007eefc4710000)
 tenured generation   total 20245608K, used 16273041K [0x00007ef2edb50000, 0x00007ef7c166a000, 0x00007efd98600000)
   the space 20245608K,  80% used [0x00007ef2edb50000, 0x00007ef6ceef47a8, 0x00007ef6ceef4800, 0x00007ef7c166a000)
 Metaspace       used 30471K, capacity 30864K, committed 31232K, reserved 32768K
}
Event: 3253.445 GC heap before
{Heap before GC invocations=46 (full 8):
 def new generation   total 9110592K, used 9110591K [0x00007eed98600000, 0x00007ef002390000, 0x00007ef2edb50000)
  eden space 8098368K, 100% used [0x00007eed98600000, 0x00007eef86a90000, 0x00007eef86a90000)
  from space 1012224K,  99% used [0x00007eefc4710000, 0x00007ef00238fff0, 0x00007ef002390000)
  to   space 1012224K,   0% used [0x00007eef86a90000, 0x00007eef86a90000, 0x00007eefc4710000)
 tenured generation   total 20245608K, used 16273041K [0x00007ef2edb50000, 0x00007ef7c166a000, 0x00007efd98600000)
   the space 20245608K,  80% used [0x00007ef2edb50000, 0x00007ef6ceef47a8, 0x00007ef6ceef4800, 0x00007ef7c166a000)
 Metaspace       used 30471K, capacity 30864K, committed 31232K, reserved 32768K
}
Event: 3257.979 GC heap after
{Heap after GC invocations=47 (full 8):
 def new generation   total 9110592K, used 1012223K [0x00007eed98600000, 0x00007ef002390000, 0x00007ef2edb50000)
  eden space 8098368K,   0% used [0x00007eed98600000, 0x00007eed98600000, 0x00007eef86a90000)
  from space 1012224K,  99% used [0x00007eef86a90000, 0x00007eefc470fff0, 0x00007eefc4710000)
  to   space 1012224K,   0% used [0x00007eefc4710000, 0x00007eefc4710000, 0x00007ef002390000)
 tenured generation   total 20245608K, used 17977955K [0x00007ef2edb50000, 0x00007ef7c166a000, 0x00007efd98600000)
   the space 20245608K,  88% used [0x00007ef2edb50000, 0x00007ef736fe8d08, 0x00007ef736fe8e00, 0x00007ef7c166a000)
 Metaspace       used 30471K, capacity 30864K, committed 31232K, reserved 32768K
}
Event: 3659.864 GC heap before
{Heap before GC invocations=47 (full 8):
 def new generation   total 9110592K, used 9110591K [0x00007eed98600000, 0x00007ef002390000, 0x00007ef2edb50000)
  eden space 8098368K, 100% used [0x00007eed98600000, 0x00007eef86a90000, 0x00007eef86a90000)
  from space 1012224K,  99% used [0x00007eef86a90000, 0x00007eefc470fff0, 0x00007eefc4710000)
  to   space 1012224K,   0% used [0x00007eefc4710000, 0x00007eefc4710000, 0x00007ef002390000)
 tenured generation   total 20245608K, used 17977955K [0x00007ef2edb50000, 0x00007ef7c166a000, 0x00007efd98600000)
   the space 20245608K,  88% used [0x00007ef2edb50000, 0x00007ef736fe8d08, 0x00007ef736fe8e00, 0x00007ef7c166a000)
 Metaspace       used 30471K, capacity 30864K, committed 31232K, reserved 32768K
}
Event: 3664.397 GC heap after
{Heap after GC invocations=48 (full 8):
 def new generation   total 9110592K, used 1012224K [0x00007eed98600000, 0x00007ef002390000, 0x00007ef2edb50000)
  eden space 8098368K,   0% used [0x00007eed98600000, 0x00007eed98600000, 0x00007eef86a90000)
  from space 1012224K, 100% used [0x00007eefc4710000, 0x00007ef002390000, 0x00007ef002390000)
  to   space 1012224K,   0% used [0x00007eef86a90000, 0x00007eef86a90000, 0x00007eefc4710000)
 tenured generation   total 20245608K, used 19682868K [0x00007ef2edb50000, 0x00007ef7c166a000, 0x00007efd98600000)
   the space 20245608K,  97% used [0x00007ef2edb50000, 0x00007ef79f0dd208, 0x00007ef79f0dd400, 0x00007ef7c166a000)
 Metaspace       used 30471K, capacity 30864K, committed 31232K, reserved 32768K
}
Event: 3892.443 GC heap before
{Heap before GC invocations=48 (full 8):
 def new generation   total 9110592K, used 9110592K [0x00007eed98600000, 0x00007ef002390000, 0x00007ef2edb50000)
  eden space 8098368K, 100% used [0x00007eed98600000, 0x00007eef86a90000, 0x00007eef86a90000)
  from space 1012224K, 100% used [0x00007eefc4710000, 0x00007ef002390000, 0x00007ef002390000)
  to   space 1012224K,   0% used [0x00007eef86a90000, 0x00007eef86a90000, 0x00007eefc4710000)
 tenured generation   total 20245608K, used 19682868K [0x00007ef2edb50000, 0x00007ef7c166a000, 0x00007efd98600000)
   the space 20245608K,  97% used [0x00007ef2edb50000, 0x00007ef79f0dd208, 0x00007ef79f0dd400, 0x00007ef7c166a000)
 Metaspace       used 30471K, capacity 30864K, committed 31232K, reserved 32768K
}
Event: 3896.731 GC heap after
{Heap after GC invocations=49 (full 8):
 def new generation   total 9110592K, used 1012223K [0x00007eed98600000, 0x00007ef002390000, 0x00007ef2edb50000)
  eden space 8098368K,   0% used [0x00007eed98600000, 0x00007eed98600000, 0x00007eef86a90000)
  from space 1012224K,  99% used [0x00007eef86a90000, 0x00007eefc470fff8, 0x00007eefc4710000)
  to   space 1012224K,   0% used [0x00007eefc4710000, 0x00007eefc4710000, 0x00007ef002390000)
 tenured generation   total 21177000K, used 21176809K [0x00007ef2edb50000, 0x00007ef7fa3fa000, 0x00007efd98600000)
   the space 21177000K,  99% used [0x00007ef2edb50000, 0x00007ef7fa3ca4a8, 0x00007ef7fa3ca600, 0x00007ef7fa3fa000)
 Metaspace       used 30471K, capacity 30864K, committed 31232K, reserved 32768K
}
Event: 3896.731 GC heap before
{Heap before GC invocations=49 (full 8):
 def new generation   total 9110592K, used 1012223K [0x00007eed98600000, 0x00007ef002390000, 0x00007ef2edb50000)
  eden space 8098368K,   0% used [0x00007eed98600000, 0x00007eed98600000, 0x00007eef86a90000)
  from space 1012224K,  99% used [0x00007eef86a90000, 0x00007eefc470fff8, 0x00007eefc4710000)
  to   space 1012224K,   0% used [0x00007eefc4710000, 0x00007eefc4710000, 0x00007ef002390000)
 tenured generation   total 21177000K, used 21176809K [0x00007ef2edb50000, 0x00007ef7fa3fa000, 0x00007efd98600000)
   the space 21177000K,  99% used [0x00007ef2edb50000, 0x00007ef7fa3ca4a8, 0x00007ef7fa3ca600, 0x00007ef7fa3fa000)
 Metaspace       used 30471K, capacity 30864K, committed 31232K, reserved 32768K
}

