# JRE version: OpenJDK Runtime Environment (13.0.7+5) (build 13.0.7+5-Ubuntu-0ubuntu120.04)
# Java VM: OpenJDK 64-Bit Server VM (13.0.7+5-Ubuntu-0ubuntu120.04, mixed mode, tiered, serial gc, linux-amd64)
Heap:
 def new generation   total 1032640K, used 34943K [0x00007fc4e0600000, 0x00007fc526670000, 0x00007fcf8b0a0000)
  eden space 917952K,   3% used [0x00007fc4e0600000, 0x00007fc4e281fec0, 0x00007fc518670000)
  from space 114688K,   0% used [0x00007fc518670000, 0x00007fc518670000, 0x00007fc51f670000)
  to   space 114688K,   0% used [0x00007fc51f670000, 0x00007fc51f670000, 0x00007fc526670000)
 tenured generation   total 2311028K, used 2310683K [0x00007fcf8b0a0000, 0x00007fd01817d000, 0x00007fe4e0600000)
   the space 2311028K,  99% used [0x00007fcf8b0a0000, 0x00007fd018126f18, 0x00007fd018127000, 0x00007fd01817d000)
 Metaspace       used 24249K, capacity 24643K, committed 24832K, reserved 26624K
GC Heap History (20 events):
Event: 511.872 GC heap after
{Heap after GC invocations=1561 (full 4):
 def new generation   total 1032640K, used 56553K [0x00007fc4e0600000, 0x00007fc526670000, 0x00007fcf8b0a0000)
  eden space 917952K,   0% used [0x00007fc4e0600000, 0x00007fc4e0600000, 0x00007fc518670000)
  from space 114688K,  49% used [0x00007fc51f670000, 0x00007fc522daa600, 0x00007fc526670000)
  to   space 114688K,   0% used [0x00007fc518670000, 0x00007fc518670000, 0x00007fc51f670000)
 tenured generation   total 2294640K, used 2272625K [0x00007fcf8b0a0000, 0x00007fd01717c000, 0x00007fe4e0600000)
   the space 2294640K,  99% used [0x00007fcf8b0a0000, 0x00007fd015bfc4c8, 0x00007fd015bfc600, 0x00007fd01717c000)
 Metaspace       used 24247K, capacity 24643K, committed 24832K, reserved 26624K
}
Event: 512.279 GC heap before
{Heap before GC invocations=1561 (full 4):
 def new generation   total 1032640K, used 974505K [0x00007fc4e0600000, 0x00007fc526670000, 0x00007fcf8b0a0000)
  eden space 917952K, 100% used [0x00007fc4e0600000, 0x00007fc518670000, 0x00007fc518670000)
  from space 114688K,  49% used [0x00007fc51f670000, 0x00007fc522daa600, 0x00007fc526670000)
  to   space 114688K,   0% used [0x00007fc518670000, 0x00007fc518670000, 0x00007fc51f670000)
 tenured generation   total 2294640K, used 2272625K [0x00007fcf8b0a0000, 0x00007fd01717c000, 0x00007fe4e0600000)
   the space 2294640K,  99% used [0x00007fcf8b0a0000, 0x00007fd015bfc4c8, 0x00007fd015bfc600, 0x00007fd01717c000)
 Metaspace       used 24247K, capacity 24643K, committed 24832K, reserved 26624K
}
Event: 512.290 GC heap after
{Heap after GC invocations=1562 (full 4):
 def new generation   total 1032640K, used 61185K [0x00007fc4e0600000, 0x00007fc526670000, 0x00007fcf8b0a0000)
  eden space 917952K,   0% used [0x00007fc4e0600000, 0x00007fc4e0600000, 0x00007fc518670000)
  from space 114688K,  53% used [0x00007fc518670000, 0x00007fc51c230670, 0x00007fc51f670000)
  to   space 114688K,   0% used [0x00007fc51f670000, 0x00007fc51f670000, 0x00007fc526670000)
 tenured generation   total 2294640K, used 2272625K [0x00007fcf8b0a0000, 0x00007fd01717c000, 0x00007fe4e0600000)
   the space 2294640K,  99% used [0x00007fcf8b0a0000, 0x00007fd015bfc4c8, 0x00007fd015bfc600, 0x00007fd01717c000)
 Metaspace       used 24247K, capacity 24643K, committed 24832K, reserved 26624K
}
Event: 512.715 GC heap before
{Heap before GC invocations=1562 (full 4):
 def new generation   total 1032640K, used 979137K [0x00007fc4e0600000, 0x00007fc526670000, 0x00007fcf8b0a0000)
  eden space 917952K, 100% used [0x00007fc4e0600000, 0x00007fc518670000, 0x00007fc518670000)
  from space 114688K,  53% used [0x00007fc518670000, 0x00007fc51c230670, 0x00007fc51f670000)
  to   space 114688K,   0% used [0x00007fc51f670000, 0x00007fc51f670000, 0x00007fc526670000)
 tenured generation   total 2294640K, used 2272625K [0x00007fcf8b0a0000, 0x00007fd01717c000, 0x00007fe4e0600000)
   the space 2294640K,  99% used [0x00007fcf8b0a0000, 0x00007fd015bfc4c8, 0x00007fd015bfc600, 0x00007fd01717c000)
 Metaspace       used 24247K, capacity 24643K, committed 24832K, reserved 26624K
}
Event: 512.733 GC heap after
{Heap after GC invocations=1563 (full 4):
 def new generation   total 1032640K, used 47298K [0x00007fc4e0600000, 0x00007fc526670000, 0x00007fcf8b0a0000)
  eden space 917952K,   0% used [0x00007fc4e0600000, 0x00007fc4e0600000, 0x00007fc518670000)
  from space 114688K,  41% used [0x00007fc51f670000, 0x00007fc5224a0a58, 0x00007fc526670000)
  to   space 114688K,   0% used [0x00007fc518670000, 0x00007fc518670000, 0x00007fc51f670000)
 tenured generation   total 2294640K, used 2290100K [0x00007fcf8b0a0000, 0x00007fd01717c000, 0x00007fe4e0600000)
   the space 2294640K,  99% used [0x00007fcf8b0a0000, 0x00007fd016d0d200, 0x00007fd016d0d200, 0x00007fd01717c000)
 Metaspace       used 24247K, capacity 24643K, committed 24832K, reserved 26624K
}
Event: 513.178 GC heap before
{Heap before GC invocations=1563 (full 4):
 def new generation   total 1032640K, used 965250K [0x00007fc4e0600000, 0x00007fc526670000, 0x00007fcf8b0a0000)
  eden space 917952K, 100% used [0x00007fc4e0600000, 0x00007fc518670000, 0x00007fc518670000)
  from space 114688K,  41% used [0x00007fc51f670000, 0x00007fc5224a0a58, 0x00007fc526670000)
  to   space 114688K,   0% used [0x00007fc518670000, 0x00007fc518670000, 0x00007fc51f670000)
 tenured generation   total 2294640K, used 2290100K [0x00007fcf8b0a0000, 0x00007fd01717c000, 0x00007fe4e0600000)
   the space 2294640K,  99% used [0x00007fcf8b0a0000, 0x00007fd016d0d200, 0x00007fd016d0d200, 0x00007fd01717c000)
 Metaspace       used 24247K, capacity 24643K, committed 24832K, reserved 26624K
}
Event: 513.201 GC heap after
{Heap after GC invocations=1564 (full 4):
 def new generation   total 1032640K, used 48829K [0x00007fc4e0600000, 0x00007fc526670000, 0x00007fcf8b0a0000)
  eden space 917952K,   0% used [0x00007fc4e0600000, 0x00007fc4e0600000, 0x00007fc518670000)
  from space 114688K,  42% used [0x00007fc518670000, 0x00007fc51b61f460, 0x00007fc51f670000)
  to   space 114688K,   0% used [0x00007fc51f670000, 0x00007fc51f670000, 0x00007fc526670000)
 tenured generation   total 2294640K, used 2290100K [0x00007fcf8b0a0000, 0x00007fd01717c000, 0x00007fe4e0600000)
   the space 2294640K,  99% used [0x00007fcf8b0a0000, 0x00007fd016d0d200, 0x00007fd016d0d200, 0x00007fd01717c000)
 Metaspace       used 24247K, capacity 24643K, committed 24832K, reserved 26624K
}
Event: 513.659 GC heap before
{Heap before GC invocations=1564 (full 4):
 def new generation   total 1032640K, used 966781K [0x00007fc4e0600000, 0x00007fc526670000, 0x00007fcf8b0a0000)
  eden space 917952K, 100% used [0x00007fc4e0600000, 0x00007fc518670000, 0x00007fc518670000)
  from space 114688K,  42% used [0x00007fc518670000, 0x00007fc51b61f460, 0x00007fc51f670000)
  to   space 114688K,   0% used [0x00007fc51f670000, 0x00007fc51f670000, 0x00007fc526670000)
 tenured generation   total 2294640K, used 2290100K [0x00007fcf8b0a0000, 0x00007fd01717c000, 0x00007fe4e0600000)
   the space 2294640K,  99% used [0x00007fcf8b0a0000, 0x00007fd016d0d200, 0x00007fd016d0d200, 0x00007fd01717c000)
 Metaspace       used 24247K, capacity 24643K, committed 24832K, reserved 26624K
}
Event: 513.669 GC heap after
{Heap after GC invocations=1565 (full 4):
 def new generation   total 1032640K, used 50368K [0x00007fc4e0600000, 0x00007fc526670000, 0x00007fcf8b0a0000)
  eden space 917952K,   0% used [0x00007fc4e0600000, 0x00007fc4e0600000, 0x00007fc518670000)
  from space 114688K,  43% used [0x00007fc51f670000, 0x00007fc5227a0240, 0x00007fc526670000)
  to   space 114688K,   0% used [0x00007fc518670000, 0x00007fc518670000, 0x00007fc51f670000)
 tenured generation   total 2294640K, used 2290100K [0x00007fcf8b0a0000, 0x00007fd01717c000, 0x00007fe4e0600000)
   the space 2294640K,  99% used [0x00007fcf8b0a0000, 0x00007fd016d0d200, 0x00007fd016d0d200, 0x00007fd01717c000)
 Metaspace       used 24247K, capacity 24643K, committed 24832K, reserved 26624K
}
Event: 514.118 GC heap before
{Heap before GC invocations=1565 (full 4):
 def new generation   total 1032640K, used 968320K [0x00007fc4e0600000, 0x00007fc526670000, 0x00007fcf8b0a0000)
  eden space 917952K, 100% used [0x00007fc4e0600000, 0x00007fc518670000, 0x00007fc518670000)
  from space 114688K,  43% used [0x00007fc51f670000, 0x00007fc5227a0240, 0x00007fc526670000)
  to   space 114688K,   0% used [0x00007fc518670000, 0x00007fc518670000, 0x00007fc51f670000)
 tenured generation   total 2294640K, used 2290100K [0x00007fcf8b0a0000, 0x00007fd01717c000, 0x00007fe4e0600000)
   the space 2294640K,  99% used [0x00007fcf8b0a0000, 0x00007fd016d0d200, 0x00007fd016d0d200, 0x00007fd01717c000)
 Metaspace       used 24247K, capacity 24643K, committed 24832K, reserved 26624K
}
Event: 514.127 GC heap after
{Heap after GC invocations=1566 (full 4):
 def new generation   total 1032640K, used 50373K [0x00007fc4e0600000, 0x00007fc526670000, 0x00007fcf8b0a0000)
  eden space 917952K,   0% used [0x00007fc4e0600000, 0x00007fc4e0600000, 0x00007fc518670000)
  from space 114688K,  43% used [0x00007fc518670000, 0x00007fc51b7a1468, 0x00007fc51f670000)
  to   space 114688K,   0% used [0x00007fc51f670000, 0x00007fc51f670000, 0x00007fc526670000)
 tenured generation   total 2294640K, used 2290100K [0x00007fcf8b0a0000, 0x00007fd01717c000, 0x00007fe4e0600000)
   the space 2294640K,  99% used [0x00007fcf8b0a0000, 0x00007fd016d0d200, 0x00007fd016d0d200, 0x00007fd01717c000)
 Metaspace       used 24247K, capacity 24643K, committed 24832K, reserved 26624K
}
Event: 514.574 GC heap before
{Heap before GC invocations=1566 (full 4):
 def new generation   total 1032640K, used 968325K [0x00007fc4e0600000, 0x00007fc526670000, 0x00007fcf8b0a0000)
  eden space 917952K, 100% used [0x00007fc4e0600000, 0x00007fc518670000, 0x00007fc518670000)
  from space 114688K,  43% used [0x00007fc518670000, 0x00007fc51b7a1468, 0x00007fc51f670000)
  to   space 114688K,   0% used [0x00007fc51f670000, 0x00007fc51f670000, 0x00007fc526670000)
 tenured generation   total 2294640K, used 2290100K [0x00007fcf8b0a0000, 0x00007fd01717c000, 0x00007fe4e0600000)
   the space 2294640K,  99% used [0x00007fcf8b0a0000, 0x00007fd016d0d200, 0x00007fd016d0d200, 0x00007fd01717c000)
 Metaspace       used 24247K, capacity 24643K, committed 24832K, reserved 26624K
}
Event: 514.587 GC heap after
{Heap after GC invocations=1567 (full 4):
 def new generation   total 1032640K, used 50377K [0x00007fc4e0600000, 0x00007fc526670000, 0x00007fcf8b0a0000)
  eden space 917952K,   0% used [0x00007fc4e0600000, 0x00007fc4e0600000, 0x00007fc518670000)
  from space 114688K,  43% used [0x00007fc51f670000, 0x00007fc5227a2780, 0x00007fc526670000)
  to   space 114688K,   0% used [0x00007fc518670000, 0x00007fc518670000, 0x00007fc51f670000)
 tenured generation   total 2294640K, used 2290100K [0x00007fcf8b0a0000, 0x00007fd01717c000, 0x00007fe4e0600000)
   the space 2294640K,  99% used [0x00007fcf8b0a0000, 0x00007fd016d0d200, 0x00007fd016d0d200, 0x00007fd01717c000)
 Metaspace       used 24247K, capacity 24643K, committed 24832K, reserved 26624K
}
Event: 515.052 GC heap before
{Heap before GC invocations=1567 (full 4):
 def new generation   total 1032640K, used 956921K [0x00007fc4e0600000, 0x00007fc526670000, 0x00007fcf8b0a0000)
  eden space 917952K,  98% used [0x00007fc4e0600000, 0x00007fc517b4bd30, 0x00007fc518670000)
  from space 114688K,  43% used [0x00007fc51f670000, 0x00007fc5227a2780, 0x00007fc526670000)
  to   space 114688K,   0% used [0x00007fc518670000, 0x00007fc518670000, 0x00007fc51f670000)
 tenured generation   total 2294640K, used 2290100K [0x00007fcf8b0a0000, 0x00007fd01717c000, 0x00007fe4e0600000)
   the space 2294640K,  99% used [0x00007fcf8b0a0000, 0x00007fd016d0d200, 0x00007fd016d0d200, 0x00007fd01717c000)
 Metaspace       used 24249K, capacity 24643K, committed 24832K, reserved 26624K
}
Event: 515.062 GC heap after
{Heap after GC invocations=1568 (full 4):
 def new generation   total 1032640K, used 51908K [0x00007fc4e0600000, 0x00007fc526670000, 0x00007fcf8b0a0000)
  eden space 917952K,   0% used [0x00007fc4e0600000, 0x00007fc4e0600000, 0x00007fc518670000)
  from space 114688K,  45% used [0x00007fc518670000, 0x00007fc51b921108, 0x00007fc51f670000)
  to   space 114688K,   0% used [0x00007fc51f670000, 0x00007fc51f670000, 0x00007fc526670000)
 tenured generation   total 2294640K, used 2290100K [0x00007fcf8b0a0000, 0x00007fd01717c000, 0x00007fe4e0600000)
   the space 2294640K,  99% used [0x00007fcf8b0a0000, 0x00007fd016d0d200, 0x00007fd016d0d200, 0x00007fd01717c000)
 Metaspace       used 24249K, capacity 24643K, committed 24832K, reserved 26624K
}
Event: 515.390 GC heap before
{Heap before GC invocations=1568 (full 4):
 def new generation   total 1032640K, used 964878K [0x00007fc4e0600000, 0x00007fc526670000, 0x00007fcf8b0a0000)
  eden space 917952K,  99% used [0x00007fc4e0600000, 0x00007fc5181927e8, 0x00007fc518670000)
  from space 114688K,  45% used [0x00007fc518670000, 0x00007fc51b921108, 0x00007fc51f670000)
  to   space 114688K,   0% used [0x00007fc51f670000, 0x00007fc51f670000, 0x00007fc526670000)
 tenured generation   total 2294640K, used 2290100K [0x00007fcf8b0a0000, 0x00007fd01717c000, 0x00007fe4e0600000)
   the space 2294640K,  99% used [0x00007fcf8b0a0000, 0x00007fd016d0d200, 0x00007fd016d0d200, 0x00007fd01717c000)
 Metaspace       used 24249K, capacity 24643K, committed 24832K, reserved 26624K
}
Event: 515.404 GC heap after
{Heap after GC invocations=1569 (full 4):
 def new generation   total 1032640K, used 61715K [0x00007fc4e0600000, 0x00007fc526670000, 0x00007fcf8b0a0000)
  eden space 917952K,   0% used [0x00007fc4e0600000, 0x00007fc4e0600000, 0x00007fc518670000)
  from space 114688K,  53% used [0x00007fc51f670000, 0x00007fc5232b4d18, 0x00007fc526670000)
  to   space 114688K,   0% used [0x00007fc518670000, 0x00007fc518670000, 0x00007fc51f670000)
 tenured generation   total 2294640K, used 2290100K [0x00007fcf8b0a0000, 0x00007fd01717c000, 0x00007fe4e0600000)
   the space 2294640K,  99% used [0x00007fcf8b0a0000, 0x00007fd016d0d200, 0x00007fd016d0d200, 0x00007fd01717c000)
 Metaspace       used 24249K, capacity 24643K, committed 24832K, reserved 26624K
}
Event: 515.795 GC heap before
{Heap before GC invocations=1569 (full 4):
 def new generation   total 1032640K, used 973334K [0x00007fc4e0600000, 0x00007fc526670000, 0x00007fcf8b0a0000)
  eden space 917952K,  99% used [0x00007fc4e0600000, 0x00007fc518040bd8, 0x00007fc518670000)
  from space 114688K,  53% used [0x00007fc51f670000, 0x00007fc5232b4d18, 0x00007fc526670000)
  to   space 114688K,   0% used [0x00007fc518670000, 0x00007fc518670000, 0x00007fc51f670000)
 tenured generation   total 2294640K, used 2290100K [0x00007fcf8b0a0000, 0x00007fd01717c000, 0x00007fe4e0600000)
   the space 2294640K,  99% used [0x00007fcf8b0a0000, 0x00007fd016d0d200, 0x00007fd016d0d200, 0x00007fd01717c000)
 Metaspace       used 24249K, capacity 24643K, committed 24832K, reserved 26624K
}
Event: 515.812 GC heap after
{Heap after GC invocations=1570 (full 4):
 def new generation   total 1032640K, used 38051K [0x00007fc4e0600000, 0x00007fc526670000, 0x00007fcf8b0a0000)
  eden space 917952K,   0% used [0x00007fc4e0600000, 0x00007fc4e0600000, 0x00007fc518670000)
  from space 114688K,  33% used [0x00007fc518670000, 0x00007fc51ab98ea0, 0x00007fc51f670000)
  to   space 114688K,   0% used [0x00007fc51f670000, 0x00007fc51f670000, 0x00007fc526670000)
 tenured generation   total 2311028K, used 2307575K [0x00007fcf8b0a0000, 0x00007fd01817d000, 0x00007fe4e0600000)
   the space 2311028K,  99% used [0x00007fcf8b0a0000, 0x00007fd017e1df38, 0x00007fd017e1e000, 0x00007fd01817d000)
 Metaspace       used 24249K, capacity 24643K, committed 24832K, reserved 26624K
}
Event: 515.812 GC heap before
{Heap before GC invocations=1570 (full 4):
 def new generation   total 1032640K, used 38051K [0x00007fc4e0600000, 0x00007fc526670000, 0x00007fcf8b0a0000)
  eden space 917952K,   0% used [0x00007fc4e0600000, 0x00007fc4e0600000, 0x00007fc518670000)
  from space 114688K,  33% used [0x00007fc518670000, 0x00007fc51ab98ea0, 0x00007fc51f670000)
  to   space 114688K,   0% used [0x00007fc51f670000, 0x00007fc51f670000, 0x00007fc526670000)
 tenured generation   total 2311028K, used 2307575K [0x00007fcf8b0a0000, 0x00007fd01817d000, 0x00007fe4e0600000)
   the space 2311028K,  99% used [0x00007fcf8b0a0000, 0x00007fd017e1df38, 0x00007fd017e1e000, 0x00007fd01817d000)
 Metaspace       used 24249K, capacity 24643K, committed 24832K, reserved 26624K
}

