# JRE version: OpenJDK Runtime Environment (13.0.7+5) (build 13.0.7+5-Ubuntu-0ubuntu120.04)
# Java VM: OpenJDK 64-Bit Server VM (13.0.7+5-Ubuntu-0ubuntu120.04, mixed mode, tiered, serial gc, linux-amd64)
Heap:
 def new generation   total 2900672K, used 7086K [0x00007fc2cc600000, 0x00007fc391160000, 0x00007fc821b50000)
  eden space 2578432K,   0% used [0x00007fc2cc600000, 0x00007fc2ccceb8a8, 0x00007fc369c00000)
  from space 322240K,   0% used [0x00007fc37d6b0000, 0x00007fc37d6b0000, 0x00007fc391160000)
  to   space 322240K,   0% used [0x00007fc369c00000, 0x00007fc369c00000, 0x00007fc37d6b0000)
 tenured generation   total 6446916K, used 6446915K [0x00007fc821b50000, 0x00007fc9ab321000, 0x00007fd2cc600000)
   the space 6446916K,  99% used [0x00007fc821b50000, 0x00007fc9ab320fa8, 0x00007fc9ab321000, 0x00007fc9ab321000)
 Metaspace       used 24342K, capacity 24752K, committed 24832K, reserved 26624K
GC Heap History (20 events):
Event: 32827.089 GC heap after
{Heap after GC invocations=29195 (full 4):
 def new generation   total 2900672K, used 7421K [0x00007fc2cc600000, 0x00007fc391160000, 0x00007fc821b50000)
  eden space 2578432K,   0% used [0x00007fc2cc600000, 0x00007fc2cc600000, 0x00007fc369c00000)
  from space 322240K,   2% used [0x00007fc369c00000, 0x00007fc36a33f730, 0x00007fc37d6b0000)
  to   space 322240K,   0% used [0x00007fc37d6b0000, 0x00007fc37d6b0000, 0x00007fc391160000)
 tenured generation   total 6445764K, used 6442062K [0x00007fc821b50000, 0x00007fc9ab201000, 0x00007fd2cc600000)
   the space 6445764K,  99% used [0x00007fc821b50000, 0x00007fc9aae63be8, 0x00007fc9aae63c00, 0x00007fc9ab201000)
 Metaspace       used 24342K, capacity 24752K, committed 24832K, reserved 26624K
}
Event: 32829.540 GC heap before
{Heap before GC invocations=29195 (full 4):
 def new generation   total 2900672K, used 2585853K [0x00007fc2cc600000, 0x00007fc391160000, 0x00007fc821b50000)
  eden space 2578432K, 100% used [0x00007fc2cc600000, 0x00007fc369c00000, 0x00007fc369c00000)
  from space 322240K,   2% used [0x00007fc369c00000, 0x00007fc36a33f730, 0x00007fc37d6b0000)
  to   space 322240K,   0% used [0x00007fc37d6b0000, 0x00007fc37d6b0000, 0x00007fc391160000)
 tenured generation   total 6445764K, used 6442062K [0x00007fc821b50000, 0x00007fc9ab201000, 0x00007fd2cc600000)
   the space 6445764K,  99% used [0x00007fc821b50000, 0x00007fc9aae63be8, 0x00007fc9aae63c00, 0x00007fc9ab201000)
 Metaspace       used 24342K, capacity 24752K, committed 24832K, reserved 26624K
}
Event: 32829.562 GC heap after
{Heap after GC invocations=29196 (full 4):
 def new generation   total 2900672K, used 7359K [0x00007fc2cc600000, 0x00007fc391160000, 0x00007fc821b50000)
  eden space 2578432K,   0% used [0x00007fc2cc600000, 0x00007fc2cc600000, 0x00007fc369c00000)
  from space 322240K,   2% used [0x00007fc37d6b0000, 0x00007fc37dddff78, 0x00007fc391160000)
  to   space 322240K,   0% used [0x00007fc369c00000, 0x00007fc369c00000, 0x00007fc37d6b0000)
 tenured generation   total 6445764K, used 6442400K [0x00007fc821b50000, 0x00007fc9ab201000, 0x00007fd2cc600000)
   the space 6445764K,  99% used [0x00007fc821b50000, 0x00007fc9aaeb80b8, 0x00007fc9aaeb8200, 0x00007fc9ab201000)
 Metaspace       used 24342K, capacity 24752K, committed 24832K, reserved 26624K
}
Event: 32831.998 GC heap before
{Heap before GC invocations=29196 (full 4):
 def new generation   total 2900672K, used 2585791K [0x00007fc2cc600000, 0x00007fc391160000, 0x00007fc821b50000)
  eden space 2578432K, 100% used [0x00007fc2cc600000, 0x00007fc369c00000, 0x00007fc369c00000)
  from space 322240K,   2% used [0x00007fc37d6b0000, 0x00007fc37dddff78, 0x00007fc391160000)
  to   space 322240K,   0% used [0x00007fc369c00000, 0x00007fc369c00000, 0x00007fc37d6b0000)
 tenured generation   total 6445764K, used 6442400K [0x00007fc821b50000, 0x00007fc9ab201000, 0x00007fd2cc600000)
   the space 6445764K,  99% used [0x00007fc821b50000, 0x00007fc9aaeb80b8, 0x00007fc9aaeb8200, 0x00007fc9ab201000)
 Metaspace       used 24342K, capacity 24752K, committed 24832K, reserved 26624K
}
Event: 32832.017 GC heap after
{Heap after GC invocations=29197 (full 4):
 def new generation   total 2900672K, used 7309K [0x00007fc2cc600000, 0x00007fc391160000, 0x00007fc821b50000)
  eden space 2578432K,   0% used [0x00007fc2cc600000, 0x00007fc2cc600000, 0x00007fc369c00000)
  from space 322240K,   2% used [0x00007fc369c00000, 0x00007fc36a323688, 0x00007fc37d6b0000)
  to   space 322240K,   0% used [0x00007fc37d6b0000, 0x00007fc37d6b0000, 0x00007fc391160000)
 tenured generation   total 6445764K, used 6442713K [0x00007fc821b50000, 0x00007fc9ab201000, 0x00007fd2cc600000)
   the space 6445764K,  99% used [0x00007fc821b50000, 0x00007fc9aaf06530, 0x00007fc9aaf06600, 0x00007fc9ab201000)
 Metaspace       used 24342K, capacity 24752K, committed 24832K, reserved 26624K
}
Event: 32834.485 GC heap before
{Heap before GC invocations=29197 (full 4):
 def new generation   total 2900672K, used 2585741K [0x00007fc2cc600000, 0x00007fc391160000, 0x00007fc821b50000)
  eden space 2578432K, 100% used [0x00007fc2cc600000, 0x00007fc369c00000, 0x00007fc369c00000)
  from space 322240K,   2% used [0x00007fc369c00000, 0x00007fc36a323688, 0x00007fc37d6b0000)
  to   space 322240K,   0% used [0x00007fc37d6b0000, 0x00007fc37d6b0000, 0x00007fc391160000)
 tenured generation   total 6445764K, used 6442713K [0x00007fc821b50000, 0x00007fc9ab201000, 0x00007fd2cc600000)
   the space 6445764K,  99% used [0x00007fc821b50000, 0x00007fc9aaf06530, 0x00007fc9aaf06600, 0x00007fc9ab201000)
 Metaspace       used 24342K, capacity 24752K, committed 24832K, reserved 26624K
}
Event: 32834.506 GC heap after
{Heap after GC invocations=29198 (full 4):
 def new generation   total 2900672K, used 7257K [0x00007fc2cc600000, 0x00007fc391160000, 0x00007fc821b50000)
  eden space 2578432K,   0% used [0x00007fc2cc600000, 0x00007fc2cc600000, 0x00007fc369c00000)
  from space 322240K,   2% used [0x00007fc37d6b0000, 0x00007fc37ddc6548, 0x00007fc391160000)
  to   space 322240K,   0% used [0x00007fc369c00000, 0x00007fc369c00000, 0x00007fc37d6b0000)
 tenured generation   total 6445764K, used 6443050K [0x00007fc821b50000, 0x00007fc9ab201000, 0x00007fd2cc600000)
   the space 6445764K,  99% used [0x00007fc821b50000, 0x00007fc9aaf5aa00, 0x00007fc9aaf5aa00, 0x00007fc9ab201000)
 Metaspace       used 24342K, capacity 24752K, committed 24832K, reserved 26624K
}
Event: 32836.839 GC heap before
{Heap before GC invocations=29198 (full 4):
 def new generation   total 2900672K, used 2585689K [0x00007fc2cc600000, 0x00007fc391160000, 0x00007fc821b50000)
  eden space 2578432K, 100% used [0x00007fc2cc600000, 0x00007fc369c00000, 0x00007fc369c00000)
  from space 322240K,   2% used [0x00007fc37d6b0000, 0x00007fc37ddc6548, 0x00007fc391160000)
  to   space 322240K,   0% used [0x00007fc369c00000, 0x00007fc369c00000, 0x00007fc37d6b0000)
 tenured generation   total 6445764K, used 6443050K [0x00007fc821b50000, 0x00007fc9ab201000, 0x00007fd2cc600000)
   the space 6445764K,  99% used [0x00007fc821b50000, 0x00007fc9aaf5aa00, 0x00007fc9aaf5aa00, 0x00007fc9ab201000)
 Metaspace       used 24342K, capacity 24752K, committed 24832K, reserved 26624K
}
Event: 32836.860 GC heap after
{Heap after GC invocations=29199 (full 4):
 def new generation   total 2900672K, used 7220K [0x00007fc2cc600000, 0x00007fc391160000, 0x00007fc821b50000)
  eden space 2578432K,   0% used [0x00007fc2cc600000, 0x00007fc2cc600000, 0x00007fc369c00000)
  from space 322240K,   2% used [0x00007fc369c00000, 0x00007fc36a30d2b0, 0x00007fc37d6b0000)
  to   space 322240K,   0% used [0x00007fc37d6b0000, 0x00007fc37d6b0000, 0x00007fc391160000)
 tenured generation   total 6445764K, used 6443387K [0x00007fc821b50000, 0x00007fc9ab201000, 0x00007fd2cc600000)
   the space 6445764K,  99% used [0x00007fc821b50000, 0x00007fc9aafaeed0, 0x00007fc9aafaf000, 0x00007fc9ab201000)
 Metaspace       used 24342K, capacity 24752K, committed 24832K, reserved 26624K
}
Event: 32839.209 GC heap before
{Heap before GC invocations=29199 (full 4):
 def new generation   total 2900672K, used 2585652K [0x00007fc2cc600000, 0x00007fc391160000, 0x00007fc821b50000)
  eden space 2578432K, 100% used [0x00007fc2cc600000, 0x00007fc369c00000, 0x00007fc369c00000)
  from space 322240K,   2% used [0x00007fc369c00000, 0x00007fc36a30d2b0, 0x00007fc37d6b0000)
  to   space 322240K,   0% used [0x00007fc37d6b0000, 0x00007fc37d6b0000, 0x00007fc391160000)
 tenured generation   total 6445764K, used 6443387K [0x00007fc821b50000, 0x00007fc9ab201000, 0x00007fd2cc600000)
   the space 6445764K,  99% used [0x00007fc821b50000, 0x00007fc9aafaeed0, 0x00007fc9aafaf000, 0x00007fc9ab201000)
 Metaspace       used 24342K, capacity 24752K, committed 24832K, reserved 26624K
}
Event: 32839.232 GC heap after
{Heap after GC invocations=29200 (full 4):
 def new generation   total 2900672K, used 7249K [0x00007fc2cc600000, 0x00007fc391160000, 0x00007fc821b50000)
  eden space 2578432K,   0% used [0x00007fc2cc600000, 0x00007fc2cc600000, 0x00007fc369c00000)
  from space 322240K,   2% used [0x00007fc37d6b0000, 0x00007fc37ddc4600, 0x00007fc391160000)
  to   space 322240K,   0% used [0x00007fc369c00000, 0x00007fc369c00000, 0x00007fc37d6b0000)
 tenured generation   total 6445764K, used 6443795K [0x00007fc821b50000, 0x00007fc9ab201000, 0x00007fd2cc600000)
   the space 6445764K,  99% used [0x00007fc821b50000, 0x00007fc9ab014f88, 0x00007fc9ab015000, 0x00007fc9ab201000)
 Metaspace       used 24342K, capacity 24752K, committed 24832K, reserved 26624K
}
Event: 32841.609 GC heap before
{Heap before GC invocations=29200 (full 4):
 def new generation   total 2900672K, used 2585681K [0x00007fc2cc600000, 0x00007fc391160000, 0x00007fc821b50000)
  eden space 2578432K, 100% used [0x00007fc2cc600000, 0x00007fc369c00000, 0x00007fc369c00000)
  from space 322240K,   2% used [0x00007fc37d6b0000, 0x00007fc37ddc4600, 0x00007fc391160000)
  to   space 322240K,   0% used [0x00007fc369c00000, 0x00007fc369c00000, 0x00007fc37d6b0000)
 tenured generation   total 6445764K, used 6443795K [0x00007fc821b50000, 0x00007fc9ab201000, 0x00007fd2cc600000)
   the space 6445764K,  99% used [0x00007fc821b50000, 0x00007fc9ab014f88, 0x00007fc9ab015000, 0x00007fc9ab201000)
 Metaspace       used 24342K, capacity 24752K, committed 24832K, reserved 26624K
}
Event: 32841.631 GC heap after
{Heap after GC invocations=29201 (full 4):
 def new generation   total 2900672K, used 7211K [0x00007fc2cc600000, 0x00007fc391160000, 0x00007fc821b50000)
  eden space 2578432K,   0% used [0x00007fc2cc600000, 0x00007fc2cc600000, 0x00007fc369c00000)
  from space 322240K,   2% used [0x00007fc369c00000, 0x00007fc36a30ae08, 0x00007fc37d6b0000)
  to   space 322240K,   0% used [0x00007fc37d6b0000, 0x00007fc37d6b0000, 0x00007fc391160000)
 tenured generation   total 6445764K, used 6444391K [0x00007fc821b50000, 0x00007fc9ab201000, 0x00007fd2cc600000)
   the space 6445764K,  99% used [0x00007fc821b50000, 0x00007fc9ab0a9f90, 0x00007fc9ab0aa000, 0x00007fc9ab201000)
 Metaspace       used 24342K, capacity 24752K, committed 24832K, reserved 26624K
}
Event: 32843.977 GC heap before
{Heap before GC invocations=29201 (full 4):
 def new generation   total 2900672K, used 2585643K [0x00007fc2cc600000, 0x00007fc391160000, 0x00007fc821b50000)
  eden space 2578432K, 100% used [0x00007fc2cc600000, 0x00007fc369c00000, 0x00007fc369c00000)
  from space 322240K,   2% used [0x00007fc369c00000, 0x00007fc36a30ae08, 0x00007fc37d6b0000)
  to   space 322240K,   0% used [0x00007fc37d6b0000, 0x00007fc37d6b0000, 0x00007fc391160000)
 tenured generation   total 6445764K, used 6444391K [0x00007fc821b50000, 0x00007fc9ab201000, 0x00007fd2cc600000)
   the space 6445764K,  99% used [0x00007fc821b50000, 0x00007fc9ab0a9f90, 0x00007fc9ab0aa000, 0x00007fc9ab201000)
 Metaspace       used 24342K, capacity 24752K, committed 24832K, reserved 26624K
}
Event: 32843.998 GC heap after
{Heap after GC invocations=29202 (full 4):
 def new generation   total 2900672K, used 7168K [0x00007fc2cc600000, 0x00007fc391160000, 0x00007fc821b50000)
  eden space 2578432K,   0% used [0x00007fc2cc600000, 0x00007fc2cc600000, 0x00007fc369c00000)
  from space 322240K,   2% used [0x00007fc37d6b0000, 0x00007fc37ddb0148, 0x00007fc391160000)
  to   space 322240K,   0% used [0x00007fc369c00000, 0x00007fc369c00000, 0x00007fc37d6b0000)
 tenured generation   total 6445764K, used 6445058K [0x00007fc821b50000, 0x00007fc9ab201000, 0x00007fd2cc600000)
   the space 6445764K,  99% used [0x00007fc821b50000, 0x00007fc9ab1509b0, 0x00007fc9ab150a00, 0x00007fc9ab201000)
 Metaspace       used 24342K, capacity 24752K, committed 24832K, reserved 26624K
}
Event: 32846.373 GC heap before
{Heap before GC invocations=29202 (full 4):
 def new generation   total 2900672K, used 2585600K [0x00007fc2cc600000, 0x00007fc391160000, 0x00007fc821b50000)
  eden space 2578432K, 100% used [0x00007fc2cc600000, 0x00007fc369c00000, 0x00007fc369c00000)
  from space 322240K,   2% used [0x00007fc37d6b0000, 0x00007fc37ddb0148, 0x00007fc391160000)
  to   space 322240K,   0% used [0x00007fc369c00000, 0x00007fc369c00000, 0x00007fc37d6b0000)
 tenured generation   total 6445764K, used 6445058K [0x00007fc821b50000, 0x00007fc9ab201000, 0x00007fd2cc600000)
   the space 6445764K,  99% used [0x00007fc821b50000, 0x00007fc9ab1509b0, 0x00007fc9ab150a00, 0x00007fc9ab201000)
 Metaspace       used 24342K, capacity 24752K, committed 24832K, reserved 26624K
}
Event: 32846.393 GC heap after
{Heap after GC invocations=29203 (full 4):
 def new generation   total 2900672K, used 7151K [0x00007fc2cc600000, 0x00007fc391160000, 0x00007fc821b50000)
  eden space 2578432K,   0% used [0x00007fc2cc600000, 0x00007fc2cc600000, 0x00007fc369c00000)
  from space 322240K,   2% used [0x00007fc369c00000, 0x00007fc36a2fbeb8, 0x00007fc37d6b0000)
  to   space 322240K,   0% used [0x00007fc37d6b0000, 0x00007fc37d6b0000, 0x00007fc391160000)
 tenured generation   total 6445764K, used 6445724K [0x00007fc821b50000, 0x00007fc9ab201000, 0x00007fd2cc600000)
   the space 6445764K,  99% used [0x00007fc821b50000, 0x00007fc9ab1f73d0, 0x00007fc9ab1f7400, 0x00007fc9ab201000)
 Metaspace       used 24342K, capacity 24752K, committed 24832K, reserved 26624K
}
Event: 32848.756 GC heap before
{Heap before GC invocations=29203 (full 4):
 def new generation   total 2900672K, used 2585583K [0x00007fc2cc600000, 0x00007fc391160000, 0x00007fc821b50000)
  eden space 2578432K, 100% used [0x00007fc2cc600000, 0x00007fc369c00000, 0x00007fc369c00000)
  from space 322240K,   2% used [0x00007fc369c00000, 0x00007fc36a2fbeb8, 0x00007fc37d6b0000)
  to   space 322240K,   0% used [0x00007fc37d6b0000, 0x00007fc37d6b0000, 0x00007fc391160000)
 tenured generation   total 6445764K, used 6445724K [0x00007fc821b50000, 0x00007fc9ab201000, 0x00007fd2cc600000)
   the space 6445764K,  99% used [0x00007fc821b50000, 0x00007fc9ab1f73d0, 0x00007fc9ab1f7400, 0x00007fc9ab201000)
 Metaspace       used 24342K, capacity 24752K, committed 24832K, reserved 26624K
}
Event: 32848.782 GC heap after
{Heap after GC invocations=29204 (full 4):
 def new generation   total 2900672K, used 7167K [0x00007fc2cc600000, 0x00007fc391160000, 0x00007fc821b50000)
  eden space 2578432K,   0% used [0x00007fc2cc600000, 0x00007fc2cc600000, 0x00007fc369c00000)
  from space 322240K,   2% used [0x00007fc37d6b0000, 0x00007fc37ddaff90, 0x00007fc391160000)
  to   space 322240K,   0% used [0x00007fc369c00000, 0x00007fc369c00000, 0x00007fc37d6b0000)
 tenured generation   total 6446916K, used 6446838K [0x00007fc821b50000, 0x00007fc9ab321000, 0x00007fd2cc600000)
   the space 6446916K,  99% used [0x00007fc821b50000, 0x00007fc9ab30db08, 0x00007fc9ab30dc00, 0x00007fc9ab321000)
 Metaspace       used 24342K, capacity 24752K, committed 24832K, reserved 26624K
}
Event: 32848.782 GC heap before
{Heap before GC invocations=29204 (full 4):
 def new generation   total 2900672K, used 7167K [0x00007fc2cc600000, 0x00007fc391160000, 0x00007fc821b50000)
  eden space 2578432K,   0% used [0x00007fc2cc600000, 0x00007fc2cc600000, 0x00007fc369c00000)
  from space 322240K,   2% used [0x00007fc37d6b0000, 0x00007fc37ddaff90, 0x00007fc391160000)
  to   space 322240K,   0% used [0x00007fc369c00000, 0x00007fc369c00000, 0x00007fc37d6b0000)
 tenured generation   total 6446916K, used 6446838K [0x00007fc821b50000, 0x00007fc9ab321000, 0x00007fd2cc600000)
   the space 6446916K,  99% used [0x00007fc821b50000, 0x00007fc9ab30db08, 0x00007fc9ab30dc00, 0x00007fc9ab321000)
 Metaspace       used 24342K, capacity 24752K, committed 24832K, reserved 26624K
}

