# JRE version: OpenJDK Runtime Environment (13.0.7+5) (build 13.0.7+5-Ubuntu-0ubuntu120.04)
# Java VM: OpenJDK 64-Bit Server VM (13.0.7+5-Ubuntu-0ubuntu120.04, mixed mode, tiered, serial gc, linux-amd64)
Heap:
 def new generation   total 1748352K, used 0K [0x00007fceb0600000, 0x00007fcf26f10000, 0x00007fd405b50000)
  eden space 1554112K,   0% used [0x00007fceb0600000, 0x00007fceb0600000, 0x00007fcf0f3b0000)
  from space 194240K,   0% used [0x00007fcf0f3b0000, 0x00007fcf0f3b0000, 0x00007fcf1b160000)
  to   space 194240K,   0% used [0x00007fcf1b160000, 0x00007fcf1b160000, 0x00007fcf26f10000)
 tenured generation   total 3886848K, used 3883368K [0x00007fd405b50000, 0x00007fd4f2f10000, 0x00007fdeb0600000)
   the space 3886848K,  99% used [0x00007fd405b50000, 0x00007fd4f2baa0e8, 0x00007fd4f2baa200, 0x00007fd4f2f10000)
 Metaspace       used 24227K, capacity 24655K, committed 24832K, reserved 26624K
GC Heap History (20 events):
Event: 4931.613 GC heap after
{Heap after GC invocations=8346 (full 3):
 def new generation   total 1748352K, used 12048K [0x00007fceb0600000, 0x00007fcf26f10000, 0x00007fd405b50000)
  eden space 1554112K,   0% used [0x00007fceb0600000, 0x00007fceb0600000, 0x00007fcf0f3b0000)
  from space 194240K,   6% used [0x00007fcf1b160000, 0x00007fcf1bd24178, 0x00007fcf26f10000)
  to   space 194240K,   0% used [0x00007fcf0f3b0000, 0x00007fcf0f3b0000, 0x00007fcf1b160000)
 tenured generation   total 3885120K, used 3878331K [0x00007fd405b50000, 0x00007fd4f2d60000, 0x00007fdeb0600000)
   the space 3885120K,  99% used [0x00007fd405b50000, 0x00007fd4f26bee58, 0x00007fd4f26bf000, 0x00007fd4f2d60000)
 Metaspace       used 24227K, capacity 24655K, committed 24832K, reserved 26624K
}
Event: 4932.632 GC heap before
{Heap before GC invocations=8346 (full 3):
 def new generation   total 1748352K, used 1566160K [0x00007fceb0600000, 0x00007fcf26f10000, 0x00007fd405b50000)
  eden space 1554112K, 100% used [0x00007fceb0600000, 0x00007fcf0f3b0000, 0x00007fcf0f3b0000)
  from space 194240K,   6% used [0x00007fcf1b160000, 0x00007fcf1bd24178, 0x00007fcf26f10000)
  to   space 194240K,   0% used [0x00007fcf0f3b0000, 0x00007fcf0f3b0000, 0x00007fcf1b160000)
 tenured generation   total 3885120K, used 3878331K [0x00007fd405b50000, 0x00007fd4f2d60000, 0x00007fdeb0600000)
   the space 3885120K,  99% used [0x00007fd405b50000, 0x00007fd4f26bee58, 0x00007fd4f26bf000, 0x00007fd4f2d60000)
 Metaspace       used 24227K, capacity 24655K, committed 24832K, reserved 26624K
}
Event: 4932.651 GC heap after
{Heap after GC invocations=8347 (full 3):
 def new generation   total 1748352K, used 12042K [0x00007fceb0600000, 0x00007fcf26f10000, 0x00007fd405b50000)
  eden space 1554112K,   0% used [0x00007fceb0600000, 0x00007fceb0600000, 0x00007fcf0f3b0000)
  from space 194240K,   6% used [0x00007fcf0f3b0000, 0x00007fcf0ff72bd8, 0x00007fcf1b160000)
  to   space 194240K,   0% used [0x00007fcf1b160000, 0x00007fcf1b160000, 0x00007fcf26f10000)
 tenured generation   total 3885120K, used 3878916K [0x00007fd405b50000, 0x00007fd4f2d60000, 0x00007fdeb0600000)
   the space 3885120K,  99% used [0x00007fd405b50000, 0x00007fd4f27512e8, 0x00007fd4f2751400, 0x00007fd4f2d60000)
 Metaspace       used 24227K, capacity 24655K, committed 24832K, reserved 26624K
}
Event: 4933.729 GC heap before
{Heap before GC invocations=8347 (full 3):
 def new generation   total 1748352K, used 1566154K [0x00007fceb0600000, 0x00007fcf26f10000, 0x00007fd405b50000)
  eden space 1554112K, 100% used [0x00007fceb0600000, 0x00007fcf0f3b0000, 0x00007fcf0f3b0000)
  from space 194240K,   6% used [0x00007fcf0f3b0000, 0x00007fcf0ff72bd8, 0x00007fcf1b160000)
  to   space 194240K,   0% used [0x00007fcf1b160000, 0x00007fcf1b160000, 0x00007fcf26f10000)
 tenured generation   total 3885120K, used 3878916K [0x00007fd405b50000, 0x00007fd4f2d60000, 0x00007fdeb0600000)
   the space 3885120K,  99% used [0x00007fd405b50000, 0x00007fd4f27512e8, 0x00007fd4f2751400, 0x00007fd4f2d60000)
 Metaspace       used 24227K, capacity 24655K, committed 24832K, reserved 26624K
}
Event: 4933.752 GC heap after
{Heap after GC invocations=8348 (full 3):
 def new generation   total 1748352K, used 12143K [0x00007fceb0600000, 0x00007fcf26f10000, 0x00007fd405b50000)
  eden space 1554112K,   0% used [0x00007fceb0600000, 0x00007fceb0600000, 0x00007fcf0f3b0000)
  from space 194240K,   6% used [0x00007fcf1b160000, 0x00007fcf1bd3bc98, 0x00007fcf26f10000)
  to   space 194240K,   0% used [0x00007fcf0f3b0000, 0x00007fcf0f3b0000, 0x00007fcf1b160000)
 tenured generation   total 3885120K, used 3879501K [0x00007fd405b50000, 0x00007fd4f2d60000, 0x00007fdeb0600000)
   the space 3885120K,  99% used [0x00007fd405b50000, 0x00007fd4f27e36e8, 0x00007fd4f27e3800, 0x00007fd4f2d60000)
 Metaspace       used 24227K, capacity 24655K, committed 24832K, reserved 26624K
}
Event: 4934.786 GC heap before
{Heap before GC invocations=8348 (full 3):
 def new generation   total 1748352K, used 1566255K [0x00007fceb0600000, 0x00007fcf26f10000, 0x00007fd405b50000)
  eden space 1554112K, 100% used [0x00007fceb0600000, 0x00007fcf0f3b0000, 0x00007fcf0f3b0000)
  from space 194240K,   6% used [0x00007fcf1b160000, 0x00007fcf1bd3bc98, 0x00007fcf26f10000)
  to   space 194240K,   0% used [0x00007fcf0f3b0000, 0x00007fcf0f3b0000, 0x00007fcf1b160000)
 tenured generation   total 3885120K, used 3879501K [0x00007fd405b50000, 0x00007fd4f2d60000, 0x00007fdeb0600000)
   the space 3885120K,  99% used [0x00007fd405b50000, 0x00007fd4f27e36e8, 0x00007fd4f27e3800, 0x00007fd4f2d60000)
 Metaspace       used 24227K, capacity 24655K, committed 24832K, reserved 26624K
}
Event: 4934.807 GC heap after
{Heap after GC invocations=8349 (full 3):
 def new generation   total 1748352K, used 12364K [0x00007fceb0600000, 0x00007fcf26f10000, 0x00007fd405b50000)
  eden space 1554112K,   0% used [0x00007fceb0600000, 0x00007fceb0600000, 0x00007fcf0f3b0000)
  from space 194240K,   6% used [0x00007fcf0f3b0000, 0x00007fcf0ffc31f8, 0x00007fcf1b160000)
  to   space 194240K,   0% used [0x00007fcf1b160000, 0x00007fcf1b160000, 0x00007fcf26f10000)
 tenured generation   total 3885120K, used 3880068K [0x00007fd405b50000, 0x00007fd4f2d60000, 0x00007fdeb0600000)
   the space 3885120K,  99% used [0x00007fd405b50000, 0x00007fd4f2871378, 0x00007fd4f2871400, 0x00007fd4f2d60000)
 Metaspace       used 24227K, capacity 24655K, committed 24832K, reserved 26624K
}
Event: 4935.847 GC heap before
{Heap before GC invocations=8349 (full 3):
 def new generation   total 1748352K, used 1566476K [0x00007fceb0600000, 0x00007fcf26f10000, 0x00007fd405b50000)
  eden space 1554112K, 100% used [0x00007fceb0600000, 0x00007fcf0f3b0000, 0x00007fcf0f3b0000)
  from space 194240K,   6% used [0x00007fcf0f3b0000, 0x00007fcf0ffc31f8, 0x00007fcf1b160000)
  to   space 194240K,   0% used [0x00007fcf1b160000, 0x00007fcf1b160000, 0x00007fcf26f10000)
 tenured generation   total 3885120K, used 3880068K [0x00007fd405b50000, 0x00007fd4f2d60000, 0x00007fdeb0600000)
   the space 3885120K,  99% used [0x00007fd405b50000, 0x00007fd4f2871378, 0x00007fd4f2871400, 0x00007fd4f2d60000)
 Metaspace       used 24227K, capacity 24655K, committed 24832K, reserved 26624K
}
Event: 4935.871 GC heap after
{Heap after GC invocations=8350 (full 3):
 def new generation   total 1748352K, used 13258K [0x00007fceb0600000, 0x00007fcf26f10000, 0x00007fd405b50000)
  eden space 1554112K,   0% used [0x00007fceb0600000, 0x00007fceb0600000, 0x00007fcf0f3b0000)
  from space 194240K,   6% used [0x00007fcf1b160000, 0x00007fcf1be529f8, 0x00007fcf26f10000)
  to   space 194240K,   0% used [0x00007fcf0f3b0000, 0x00007fcf0f3b0000, 0x00007fcf1b160000)
 tenured generation   total 3885120K, used 3880759K [0x00007fd405b50000, 0x00007fd4f2d60000, 0x00007fdeb0600000)
   the space 3885120K,  99% used [0x00007fd405b50000, 0x00007fd4f291df98, 0x00007fd4f291e000, 0x00007fd4f2d60000)
 Metaspace       used 24227K, capacity 24655K, committed 24832K, reserved 26624K
}
Event: 4936.952 GC heap before
{Heap before GC invocations=8350 (full 3):
 def new generation   total 1748352K, used 1567370K [0x00007fceb0600000, 0x00007fcf26f10000, 0x00007fd405b50000)
  eden space 1554112K, 100% used [0x00007fceb0600000, 0x00007fcf0f3b0000, 0x00007fcf0f3b0000)
  from space 194240K,   6% used [0x00007fcf1b160000, 0x00007fcf1be529f8, 0x00007fcf26f10000)
  to   space 194240K,   0% used [0x00007fcf0f3b0000, 0x00007fcf0f3b0000, 0x00007fcf1b160000)
 tenured generation   total 3885120K, used 3880759K [0x00007fd405b50000, 0x00007fd4f2d60000, 0x00007fdeb0600000)
   the space 3885120K,  99% used [0x00007fd405b50000, 0x00007fd4f291df98, 0x00007fd4f291e000, 0x00007fd4f2d60000)
 Metaspace       used 24227K, capacity 24655K, committed 24832K, reserved 26624K
}
Event: 4936.978 GC heap after
{Heap after GC invocations=8351 (full 3):
 def new generation   total 1748352K, used 14535K [0x00007fceb0600000, 0x00007fcf26f10000, 0x00007fd405b50000)
  eden space 1554112K,   0% used [0x00007fceb0600000, 0x00007fceb0600000, 0x00007fcf0f3b0000)
  from space 194240K,   7% used [0x00007fcf0f3b0000, 0x00007fcf101e1c98, 0x00007fcf1b160000)
  to   space 194240K,   0% used [0x00007fcf1b160000, 0x00007fcf1b160000, 0x00007fcf26f10000)
 tenured generation   total 3885120K, used 3881539K [0x00007fd405b50000, 0x00007fd4f2d60000, 0x00007fdeb0600000)
   the space 3885120K,  99% used [0x00007fd405b50000, 0x00007fd4f29e0fc8, 0x00007fd4f29e1000, 0x00007fd4f2d60000)
 Metaspace       used 24227K, capacity 24655K, committed 24832K, reserved 26624K
}
Event: 4937.986 GC heap before
{Heap before GC invocations=8351 (full 3):
 def new generation   total 1748352K, used 1568647K [0x00007fceb0600000, 0x00007fcf26f10000, 0x00007fd405b50000)
  eden space 1554112K, 100% used [0x00007fceb0600000, 0x00007fcf0f3b0000, 0x00007fcf0f3b0000)
  from space 194240K,   7% used [0x00007fcf0f3b0000, 0x00007fcf101e1c98, 0x00007fcf1b160000)
  to   space 194240K,   0% used [0x00007fcf1b160000, 0x00007fcf1b160000, 0x00007fcf26f10000)
 tenured generation   total 3885120K, used 3881539K [0x00007fd405b50000, 0x00007fd4f2d60000, 0x00007fdeb0600000)
   the space 3885120K,  99% used [0x00007fd405b50000, 0x00007fd4f29e0fc8, 0x00007fd4f29e1000, 0x00007fd4f2d60000)
 Metaspace       used 24227K, capacity 24655K, committed 24832K, reserved 26624K
}
Event: 4938.009 GC heap after
{Heap after GC invocations=8352 (full 3):
 def new generation   total 1748352K, used 14258K [0x00007fceb0600000, 0x00007fcf26f10000, 0x00007fd405b50000)
  eden space 1554112K,   0% used [0x00007fceb0600000, 0x00007fceb0600000, 0x00007fcf0f3b0000)
  from space 194240K,   7% used [0x00007fcf1b160000, 0x00007fcf1bf4c880, 0x00007fcf26f10000)
  to   space 194240K,   0% used [0x00007fcf0f3b0000, 0x00007fcf0f3b0000, 0x00007fcf1b160000)
 tenured generation   total 3885120K, used 3882319K [0x00007fd405b50000, 0x00007fd4f2d60000, 0x00007fdeb0600000)
   the space 3885120K,  99% used [0x00007fd405b50000, 0x00007fd4f2aa3ff8, 0x00007fd4f2aa4000, 0x00007fd4f2d60000)
 Metaspace       used 24227K, capacity 24655K, committed 24832K, reserved 26624K
}
Event: 4939.070 GC heap before
{Heap before GC invocations=8352 (full 3):
 def new generation   total 1748352K, used 1568370K [0x00007fceb0600000, 0x00007fcf26f10000, 0x00007fd405b50000)
  eden space 1554112K, 100% used [0x00007fceb0600000, 0x00007fcf0f3b0000, 0x00007fcf0f3b0000)
  from space 194240K,   7% used [0x00007fcf1b160000, 0x00007fcf1bf4c880, 0x00007fcf26f10000)
  to   space 194240K,   0% used [0x00007fcf0f3b0000, 0x00007fcf0f3b0000, 0x00007fcf1b160000)
 tenured generation   total 3885120K, used 3882319K [0x00007fd405b50000, 0x00007fd4f2d60000, 0x00007fdeb0600000)
   the space 3885120K,  99% used [0x00007fd405b50000, 0x00007fd4f2aa3ff8, 0x00007fd4f2aa4000, 0x00007fd4f2d60000)
 Metaspace       used 24227K, capacity 24655K, committed 24832K, reserved 26624K
}
Event: 4939.097 GC heap after
{Heap after GC invocations=8353 (full 3):
 def new generation   total 1748352K, used 14058K [0x00007fceb0600000, 0x00007fcf26f10000, 0x00007fd405b50000)
  eden space 1554112K,   0% used [0x00007fceb0600000, 0x00007fceb0600000, 0x00007fcf0f3b0000)
  from space 194240K,   7% used [0x00007fcf0f3b0000, 0x00007fcf1016aa30, 0x00007fcf1b160000)
  to   space 194240K,   0% used [0x00007fcf1b160000, 0x00007fcf1b160000, 0x00007fcf26f10000)
 tenured generation   total 3885120K, used 3883100K [0x00007fd405b50000, 0x00007fd4f2d60000, 0x00007fdeb0600000)
   the space 3885120K,  99% used [0x00007fd405b50000, 0x00007fd4f2b67028, 0x00007fd4f2b67200, 0x00007fd4f2d60000)
 Metaspace       used 24227K, capacity 24655K, committed 24832K, reserved 26624K
}
Event: 4940.139 GC heap before
{Heap before GC invocations=8353 (full 3):
 def new generation   total 1748352K, used 1568170K [0x00007fceb0600000, 0x00007fcf26f10000, 0x00007fd405b50000)
  eden space 1554112K, 100% used [0x00007fceb0600000, 0x00007fcf0f3b0000, 0x00007fcf0f3b0000)
  from space 194240K,   7% used [0x00007fcf0f3b0000, 0x00007fcf1016aa30, 0x00007fcf1b160000)
  to   space 194240K,   0% used [0x00007fcf1b160000, 0x00007fcf1b160000, 0x00007fcf26f10000)
 tenured generation   total 3885120K, used 3883100K [0x00007fd405b50000, 0x00007fd4f2d60000, 0x00007fdeb0600000)
   the space 3885120K,  99% used [0x00007fd405b50000, 0x00007fd4f2b67028, 0x00007fd4f2b67200, 0x00007fd4f2d60000)
 Metaspace       used 24227K, capacity 24655K, committed 24832K, reserved 26624K
}
Event: 4940.163 GC heap after
{Heap after GC invocations=8354 (full 3):
 def new generation   total 1748352K, used 13181K [0x00007fceb0600000, 0x00007fcf26f10000, 0x00007fd405b50000)
  eden space 1554112K,   0% used [0x00007fceb0600000, 0x00007fceb0600000, 0x00007fcf0f3b0000)
  from space 194240K,   6% used [0x00007fcf1b160000, 0x00007fcf1be3f500, 0x00007fcf26f10000)
  to   space 194240K,   0% used [0x00007fcf0f3b0000, 0x00007fcf0f3b0000, 0x00007fcf1b160000)
 tenured generation   total 3885120K, used 3884570K [0x00007fd405b50000, 0x00007fd4f2d60000, 0x00007fdeb0600000)
   the space 3885120K,  99% used [0x00007fd405b50000, 0x00007fd4f2cd6a38, 0x00007fd4f2cd6c00, 0x00007fd4f2d60000)
 Metaspace       used 24227K, capacity 24655K, committed 24832K, reserved 26624K
}
Event: 4941.218 GC heap before
{Heap before GC invocations=8354 (full 3):
 def new generation   total 1748352K, used 1567293K [0x00007fceb0600000, 0x00007fcf26f10000, 0x00007fd405b50000)
  eden space 1554112K, 100% used [0x00007fceb0600000, 0x00007fcf0f3b0000, 0x00007fcf0f3b0000)
  from space 194240K,   6% used [0x00007fcf1b160000, 0x00007fcf1be3f500, 0x00007fcf26f10000)
  to   space 194240K,   0% used [0x00007fcf0f3b0000, 0x00007fcf0f3b0000, 0x00007fcf1b160000)
 tenured generation   total 3885120K, used 3884570K [0x00007fd405b50000, 0x00007fd4f2d60000, 0x00007fdeb0600000)
   the space 3885120K,  99% used [0x00007fd405b50000, 0x00007fd4f2cd6a38, 0x00007fd4f2cd6c00, 0x00007fd4f2d60000)
 Metaspace       used 24227K, capacity 24655K, committed 24832K, reserved 26624K
}
Event: 4941.239 GC heap after
{Heap after GC invocations=8355 (full 3):
 def new generation   total 1748352K, used 11523K [0x00007fceb0600000, 0x00007fcf26f10000, 0x00007fd405b50000)
  eden space 1554112K,   0% used [0x00007fceb0600000, 0x00007fceb0600000, 0x00007fcf0f3b0000)
  from space 194240K,   5% used [0x00007fcf0f3b0000, 0x00007fcf0fef0f48, 0x00007fcf1b160000)
  to   space 194240K,   0% used [0x00007fcf1b160000, 0x00007fcf1b160000, 0x00007fcf26f10000)
 tenured generation   total 3886848K, used 3886807K [0x00007fd405b50000, 0x00007fd4f2f10000, 0x00007fdeb0600000)
   the space 3886848K,  99% used [0x00007fd405b50000, 0x00007fd4f2f05d28, 0x00007fd4f2f05e00, 0x00007fd4f2f10000)
 Metaspace       used 24227K, capacity 24655K, committed 24832K, reserved 26624K
}
Event: 4941.239 GC heap before
{Heap before GC invocations=8355 (full 3):
 def new generation   total 1748352K, used 11523K [0x00007fceb0600000, 0x00007fcf26f10000, 0x00007fd405b50000)
  eden space 1554112K,   0% used [0x00007fceb0600000, 0x00007fceb0600000, 0x00007fcf0f3b0000)
  from space 194240K,   5% used [0x00007fcf0f3b0000, 0x00007fcf0fef0f48, 0x00007fcf1b160000)
  to   space 194240K,   0% used [0x00007fcf1b160000, 0x00007fcf1b160000, 0x00007fcf26f10000)
 tenured generation   total 3886848K, used 3886807K [0x00007fd405b50000, 0x00007fd4f2f10000, 0x00007fdeb0600000)
   the space 3886848K,  99% used [0x00007fd405b50000, 0x00007fd4f2f05d28, 0x00007fd4f2f05e00, 0x00007fd4f2f10000)
 Metaspace       used 24227K, capacity 24655K, committed 24832K, reserved 26624K
}

