# JRE version: OpenJDK Runtime Environment (13.0.7+5) (build 13.0.7+5-Ubuntu-0ubuntu120.04)
# Java VM: OpenJDK 64-Bit Server VM (13.0.7+5-Ubuntu-0ubuntu120.04, mixed mode, tiered, serial gc, linux-amd64)
Heap:
 def new generation   total 2629504K, used 87409K [0x00007f7c4c600000, 0x00007f7cfeb30000, 0x00007f86f70a0000)
  eden space 2337344K,   3% used [0x00007f7c4c600000, 0x00007f7c51b5c4e0, 0x00007f7cdb090000)
  from space 292160K,   0% used [0x00007f7cecde0000, 0x00007f7cecde0000, 0x00007f7cfeb30000)
  to   space 292160K,   0% used [0x00007f7cdb090000, 0x00007f7cdb090000, 0x00007f7cecde0000)
 tenured generation   total 5859620K, used 5854655K [0x00007f86f70a0000, 0x00007f885cae9000, 0x00007f9c4c600000)
   the space 5859620K,  99% used [0x00007f86f70a0000, 0x00007f885c60fc10, 0x00007f885c60fe00, 0x00007f885cae9000)
 Metaspace       used 24279K, capacity 24650K, committed 24832K, reserved 26624K
GC Heap History (20 events):
Event: 2902.709 GC heap after
{Heap after GC invocations=2430 (full 6):
 def new generation   total 2629504K, used 101770K [0x00007f7c4c600000, 0x00007f7cfeb30000, 0x00007f86f70a0000)
  eden space 2337344K,   0% used [0x00007f7c4c600000, 0x00007f7c4c600000, 0x00007f7cdb090000)
  from space 292160K,  34% used [0x00007f7cdb090000, 0x00007f7ce13f2aa0, 0x00007f7cecde0000)
  to   space 292160K,   0% used [0x00007f7cecde0000, 0x00007f7cecde0000, 0x00007f7cfeb30000)
 tenured generation   total 5843232K, used 5795514K [0x00007f86f70a0000, 0x00007f885bae8000, 0x00007f9c4c600000)
   the space 5843232K,  99% used [0x00007f86f70a0000, 0x00007f8858c4ead0, 0x00007f8858c4ec00, 0x00007f885bae8000)
 Metaspace       used 24279K, capacity 24650K, committed 24832K, reserved 26624K
}
Event: 2904.460 GC heap before
{Heap before GC invocations=2430 (full 6):
 def new generation   total 2629504K, used 2439114K [0x00007f7c4c600000, 0x00007f7cfeb30000, 0x00007f86f70a0000)
  eden space 2337344K, 100% used [0x00007f7c4c600000, 0x00007f7cdb090000, 0x00007f7cdb090000)
  from space 292160K,  34% used [0x00007f7cdb090000, 0x00007f7ce13f2aa0, 0x00007f7cecde0000)
  to   space 292160K,   0% used [0x00007f7cecde0000, 0x00007f7cecde0000, 0x00007f7cfeb30000)
 tenured generation   total 5843232K, used 5795514K [0x00007f86f70a0000, 0x00007f885bae8000, 0x00007f9c4c600000)
   the space 5843232K,  99% used [0x00007f86f70a0000, 0x00007f8858c4ead0, 0x00007f8858c4ec00, 0x00007f885bae8000)
 Metaspace       used 24279K, capacity 24650K, committed 24832K, reserved 26624K
}
Event: 2904.551 GC heap after
{Heap after GC invocations=2431 (full 6):
 def new generation   total 2629504K, used 92040K [0x00007f7c4c600000, 0x00007f7cfeb30000, 0x00007f86f70a0000)
  eden space 2337344K,   0% used [0x00007f7c4c600000, 0x00007f7c4c600000, 0x00007f7cdb090000)
  from space 292160K,  31% used [0x00007f7cecde0000, 0x00007f7cf27c2028, 0x00007f7cfeb30000)
  to   space 292160K,   0% used [0x00007f7cdb090000, 0x00007f7cdb090000, 0x00007f7cecde0000)
 tenured generation   total 5843232K, used 5812474K [0x00007f86f70a0000, 0x00007f885bae8000, 0x00007f9c4c600000)
   the space 5843232K,  99% used [0x00007f86f70a0000, 0x00007f8859cdeac8, 0x00007f8859cdec00, 0x00007f885bae8000)
 Metaspace       used 24279K, capacity 24650K, committed 24832K, reserved 26624K
}
Event: 2906.447 GC heap before
{Heap before GC invocations=2431 (full 6):
 def new generation   total 2629504K, used 2429384K [0x00007f7c4c600000, 0x00007f7cfeb30000, 0x00007f86f70a0000)
  eden space 2337344K, 100% used [0x00007f7c4c600000, 0x00007f7cdb090000, 0x00007f7cdb090000)
  from space 292160K,  31% used [0x00007f7cecde0000, 0x00007f7cf27c2028, 0x00007f7cfeb30000)
  to   space 292160K,   0% used [0x00007f7cdb090000, 0x00007f7cdb090000, 0x00007f7cecde0000)
 tenured generation   total 5843232K, used 5812474K [0x00007f86f70a0000, 0x00007f885bae8000, 0x00007f9c4c600000)
   the space 5843232K,  99% used [0x00007f86f70a0000, 0x00007f8859cdeac8, 0x00007f8859cdec00, 0x00007f885bae8000)
 Metaspace       used 24279K, capacity 24650K, committed 24832K, reserved 26624K
}
Event: 2906.517 GC heap after
{Heap after GC invocations=2432 (full 6):
 def new generation   total 2629504K, used 96645K [0x00007f7c4c600000, 0x00007f7cfeb30000, 0x00007f86f70a0000)
  eden space 2337344K,   0% used [0x00007f7c4c600000, 0x00007f7c4c600000, 0x00007f7cdb090000)
  from space 292160K,  33% used [0x00007f7cdb090000, 0x00007f7ce0ef1418, 0x00007f7cecde0000)
  to   space 292160K,   0% used [0x00007f7cecde0000, 0x00007f7cecde0000, 0x00007f7cfeb30000)
 tenured generation   total 5843232K, used 5812474K [0x00007f86f70a0000, 0x00007f885bae8000, 0x00007f9c4c600000)
   the space 5843232K,  99% used [0x00007f86f70a0000, 0x00007f8859cdeac8, 0x00007f8859cdec00, 0x00007f885bae8000)
 Metaspace       used 24279K, capacity 24650K, committed 24832K, reserved 26624K
}
Event: 2908.360 GC heap before
{Heap before GC invocations=2432 (full 6):
 def new generation   total 2629504K, used 2433989K [0x00007f7c4c600000, 0x00007f7cfeb30000, 0x00007f86f70a0000)
  eden space 2337344K, 100% used [0x00007f7c4c600000, 0x00007f7cdb090000, 0x00007f7cdb090000)
  from space 292160K,  33% used [0x00007f7cdb090000, 0x00007f7ce0ef1418, 0x00007f7cecde0000)
  to   space 292160K,   0% used [0x00007f7cecde0000, 0x00007f7cecde0000, 0x00007f7cfeb30000)
 tenured generation   total 5843232K, used 5812474K [0x00007f86f70a0000, 0x00007f885bae8000, 0x00007f9c4c600000)
   the space 5843232K,  99% used [0x00007f86f70a0000, 0x00007f8859cdeac8, 0x00007f8859cdec00, 0x00007f885bae8000)
 Metaspace       used 24279K, capacity 24650K, committed 24832K, reserved 26624K
}
Event: 2908.432 GC heap after
{Heap after GC invocations=2433 (full 6):
 def new generation   total 2629504K, used 102264K [0x00007f7c4c600000, 0x00007f7cfeb30000, 0x00007f86f70a0000)
  eden space 2337344K,   0% used [0x00007f7c4c600000, 0x00007f7c4c600000, 0x00007f7cdb090000)
  from space 292160K,  35% used [0x00007f7cecde0000, 0x00007f7cf31be040, 0x00007f7cfeb30000)
  to   space 292160K,   0% used [0x00007f7cdb090000, 0x00007f7cdb090000, 0x00007f7cecde0000)
 tenured generation   total 5843232K, used 5812474K [0x00007f86f70a0000, 0x00007f885bae8000, 0x00007f9c4c600000)
   the space 5843232K,  99% used [0x00007f86f70a0000, 0x00007f8859cdeac8, 0x00007f8859cdec00, 0x00007f885bae8000)
 Metaspace       used 24279K, capacity 24650K, committed 24832K, reserved 26624K
}
Event: 2909.922 GC heap before
{Heap before GC invocations=2433 (full 6):
 def new generation   total 2629504K, used 2439608K [0x00007f7c4c600000, 0x00007f7cfeb30000, 0x00007f86f70a0000)
  eden space 2337344K, 100% used [0x00007f7c4c600000, 0x00007f7cdb090000, 0x00007f7cdb090000)
  from space 292160K,  35% used [0x00007f7cecde0000, 0x00007f7cf31be040, 0x00007f7cfeb30000)
  to   space 292160K,   0% used [0x00007f7cdb090000, 0x00007f7cdb090000, 0x00007f7cecde0000)
 tenured generation   total 5843232K, used 5812474K [0x00007f86f70a0000, 0x00007f885bae8000, 0x00007f9c4c600000)
   the space 5843232K,  99% used [0x00007f86f70a0000, 0x00007f8859cdeac8, 0x00007f8859cdec00, 0x00007f885bae8000)
 Metaspace       used 24279K, capacity 24650K, committed 24832K, reserved 26624K
}
Event: 2909.977 GC heap after
{Heap after GC invocations=2434 (full 6):
 def new generation   total 2629504K, used 101762K [0x00007f7c4c600000, 0x00007f7cfeb30000, 0x00007f86f70a0000)
  eden space 2337344K,   0% used [0x00007f7c4c600000, 0x00007f7c4c600000, 0x00007f7cdb090000)
  from space 292160K,  34% used [0x00007f7cdb090000, 0x00007f7ce13f0a40, 0x00007f7cecde0000)
  to   space 292160K,   0% used [0x00007f7cecde0000, 0x00007f7cecde0000, 0x00007f7cfeb30000)
 tenured generation   total 5843232K, used 5812474K [0x00007f86f70a0000, 0x00007f885bae8000, 0x00007f9c4c600000)
   the space 5843232K,  99% used [0x00007f86f70a0000, 0x00007f8859cdeac8, 0x00007f8859cdec00, 0x00007f885bae8000)
 Metaspace       used 24279K, capacity 24650K, committed 24832K, reserved 26624K
}
Event: 2912.157 GC heap before
{Heap before GC invocations=2434 (full 6):
 def new generation   total 2629504K, used 2439106K [0x00007f7c4c600000, 0x00007f7cfeb30000, 0x00007f86f70a0000)
  eden space 2337344K, 100% used [0x00007f7c4c600000, 0x00007f7cdb090000, 0x00007f7cdb090000)
  from space 292160K,  34% used [0x00007f7cdb090000, 0x00007f7ce13f0a40, 0x00007f7cecde0000)
  to   space 292160K,   0% used [0x00007f7cecde0000, 0x00007f7cecde0000, 0x00007f7cfeb30000)
 tenured generation   total 5843232K, used 5812474K [0x00007f86f70a0000, 0x00007f885bae8000, 0x00007f9c4c600000)
   the space 5843232K,  99% used [0x00007f86f70a0000, 0x00007f8859cdeac8, 0x00007f8859cdec00, 0x00007f885bae8000)
 Metaspace       used 24279K, capacity 24650K, committed 24832K, reserved 26624K
}
Event: 2912.244 GC heap after
{Heap after GC invocations=2435 (full 6):
 def new generation   total 2629504K, used 98713K [0x00007f7c4c600000, 0x00007f7cfeb30000, 0x00007f86f70a0000)
  eden space 2337344K,   0% used [0x00007f7c4c600000, 0x00007f7c4c600000, 0x00007f7cdb090000)
  from space 292160K,  33% used [0x00007f7cecde0000, 0x00007f7cf2e46600, 0x00007f7cfeb30000)
  to   space 292160K,   0% used [0x00007f7cdb090000, 0x00007f7cdb090000, 0x00007f7cecde0000)
 tenured generation   total 5843232K, used 5829434K [0x00007f86f70a0000, 0x00007f885bae8000, 0x00007f9c4c600000)
   the space 5843232K,  99% used [0x00007f86f70a0000, 0x00007f885ad6eac0, 0x00007f885ad6ec00, 0x00007f885bae8000)
 Metaspace       used 24279K, capacity 24650K, committed 24832K, reserved 26624K
}
Event: 2914.072 GC heap before
{Heap before GC invocations=2435 (full 6):
 def new generation   total 2629504K, used 2436057K [0x00007f7c4c600000, 0x00007f7cfeb30000, 0x00007f86f70a0000)
  eden space 2337344K, 100% used [0x00007f7c4c600000, 0x00007f7cdb090000, 0x00007f7cdb090000)
  from space 292160K,  33% used [0x00007f7cecde0000, 0x00007f7cf2e46600, 0x00007f7cfeb30000)
  to   space 292160K,   0% used [0x00007f7cdb090000, 0x00007f7cdb090000, 0x00007f7cecde0000)
 tenured generation   total 5843232K, used 5829434K [0x00007f86f70a0000, 0x00007f885bae8000, 0x00007f9c4c600000)
   the space 5843232K,  99% used [0x00007f86f70a0000, 0x00007f885ad6eac0, 0x00007f885ad6ec00, 0x00007f885bae8000)
 Metaspace       used 24279K, capacity 24650K, committed 24832K, reserved 26624K
}
Event: 2914.143 GC heap after
{Heap after GC invocations=2436 (full 6):
 def new generation   total 2629504K, used 99190K [0x00007f7c4c600000, 0x00007f7cfeb30000, 0x00007f86f70a0000)
  eden space 2337344K,   0% used [0x00007f7c4c600000, 0x00007f7c4c600000, 0x00007f7cdb090000)
  from space 292160K,  33% used [0x00007f7cdb090000, 0x00007f7ce116db90, 0x00007f7cecde0000)
  to   space 292160K,   0% used [0x00007f7cecde0000, 0x00007f7cecde0000, 0x00007f7cfeb30000)
 tenured generation   total 5843232K, used 5829434K [0x00007f86f70a0000, 0x00007f885bae8000, 0x00007f9c4c600000)
   the space 5843232K,  99% used [0x00007f86f70a0000, 0x00007f885ad6eac0, 0x00007f885ad6ec00, 0x00007f885bae8000)
 Metaspace       used 24279K, capacity 24650K, committed 24832K, reserved 26624K
}
Event: 2915.729 GC heap before
{Heap before GC invocations=2436 (full 6):
 def new generation   total 2629504K, used 2436534K [0x00007f7c4c600000, 0x00007f7cfeb30000, 0x00007f86f70a0000)
  eden space 2337344K, 100% used [0x00007f7c4c600000, 0x00007f7cdb090000, 0x00007f7cdb090000)
  from space 292160K,  33% used [0x00007f7cdb090000, 0x00007f7ce116db90, 0x00007f7cecde0000)
  to   space 292160K,   0% used [0x00007f7cecde0000, 0x00007f7cecde0000, 0x00007f7cfeb30000)
 tenured generation   total 5843232K, used 5829434K [0x00007f86f70a0000, 0x00007f885bae8000, 0x00007f9c4c600000)
   the space 5843232K,  99% used [0x00007f86f70a0000, 0x00007f885ad6eac0, 0x00007f885ad6ec00, 0x00007f885bae8000)
 Metaspace       used 24279K, capacity 24650K, committed 24832K, reserved 26624K
}
Event: 2915.784 GC heap after
{Heap after GC invocations=2437 (full 6):
 def new generation   total 2629504K, used 101769K [0x00007f7c4c600000, 0x00007f7cfeb30000, 0x00007f86f70a0000)
  eden space 2337344K,   0% used [0x00007f7c4c600000, 0x00007f7c4c600000, 0x00007f7cdb090000)
  from space 292160K,  34% used [0x00007f7cecde0000, 0x00007f7cf31424f0, 0x00007f7cfeb30000)
  to   space 292160K,   0% used [0x00007f7cdb090000, 0x00007f7cdb090000, 0x00007f7cecde0000)
 tenured generation   total 5843232K, used 5829434K [0x00007f86f70a0000, 0x00007f885bae8000, 0x00007f9c4c600000)
   the space 5843232K,  99% used [0x00007f86f70a0000, 0x00007f885ad6eac0, 0x00007f885ad6ec00, 0x00007f885bae8000)
 Metaspace       used 24279K, capacity 24650K, committed 24832K, reserved 26624K
}
Event: 2917.407 GC heap before
{Heap before GC invocations=2437 (full 6):
 def new generation   total 2629504K, used 2439113K [0x00007f7c4c600000, 0x00007f7cfeb30000, 0x00007f86f70a0000)
  eden space 2337344K, 100% used [0x00007f7c4c600000, 0x00007f7cdb090000, 0x00007f7cdb090000)
  from space 292160K,  34% used [0x00007f7cecde0000, 0x00007f7cf31424f0, 0x00007f7cfeb30000)
  to   space 292160K,   0% used [0x00007f7cdb090000, 0x00007f7cdb090000, 0x00007f7cecde0000)
 tenured generation   total 5843232K, used 5829434K [0x00007f86f70a0000, 0x00007f885bae8000, 0x00007f9c4c600000)
   the space 5843232K,  99% used [0x00007f86f70a0000, 0x00007f885ad6eac0, 0x00007f885ad6ec00, 0x00007f885bae8000)
 Metaspace       used 24279K, capacity 24650K, committed 24832K, reserved 26624K
}
Event: 2917.480 GC heap after
{Heap after GC invocations=2438 (full 6):
 def new generation   total 2629504K, used 103311K [0x00007f7c4c600000, 0x00007f7cfeb30000, 0x00007f86f70a0000)
  eden space 2337344K,   0% used [0x00007f7c4c600000, 0x00007f7c4c600000, 0x00007f7cdb090000)
  from space 292160K,  35% used [0x00007f7cdb090000, 0x00007f7ce1573fa0, 0x00007f7cecde0000)
  to   space 292160K,   0% used [0x00007f7cecde0000, 0x00007f7cecde0000, 0x00007f7cfeb30000)
 tenured generation   total 5843232K, used 5829434K [0x00007f86f70a0000, 0x00007f885bae8000, 0x00007f9c4c600000)
   the space 5843232K,  99% used [0x00007f86f70a0000, 0x00007f885ad6eac0, 0x00007f885ad6ec00, 0x00007f885bae8000)
 Metaspace       used 24279K, capacity 24650K, committed 24832K, reserved 26624K
}
Event: 2919.688 GC heap before
{Heap before GC invocations=2438 (full 6):
 def new generation   total 2629504K, used 2440655K [0x00007f7c4c600000, 0x00007f7cfeb30000, 0x00007f86f70a0000)
  eden space 2337344K, 100% used [0x00007f7c4c600000, 0x00007f7cdb090000, 0x00007f7cdb090000)
  from space 292160K,  35% used [0x00007f7cdb090000, 0x00007f7ce1573fa0, 0x00007f7cecde0000)
  to   space 292160K,   0% used [0x00007f7cecde0000, 0x00007f7cecde0000, 0x00007f7cfeb30000)
 tenured generation   total 5843232K, used 5829434K [0x00007f86f70a0000, 0x00007f885bae8000, 0x00007f9c4c600000)
   the space 5843232K,  99% used [0x00007f86f70a0000, 0x00007f885ad6eac0, 0x00007f885ad6ec00, 0x00007f885bae8000)
 Metaspace       used 24279K, capacity 24650K, committed 24832K, reserved 26624K
}
Event: 2919.755 GC heap after
{Heap after GC invocations=2439 (full 6):
 def new generation   total 2629504K, used 95669K [0x00007f7c4c600000, 0x00007f7cfeb30000, 0x00007f86f70a0000)
  eden space 2337344K,   0% used [0x00007f7c4c600000, 0x00007f7c4c600000, 0x00007f7cdb090000)
  from space 292160K,  32% used [0x00007f7cecde0000, 0x00007f7cf2b4d638, 0x00007f7cfeb30000)
  to   space 292160K,   0% used [0x00007f7cdb090000, 0x00007f7cdb090000, 0x00007f7cecde0000)
 tenured generation   total 5859620K, used 5846394K [0x00007f86f70a0000, 0x00007f885cae9000, 0x00007f9c4c600000)
   the space 5859620K,  99% used [0x00007f86f70a0000, 0x00007f885bdfeab8, 0x00007f885bdfec00, 0x00007f885cae9000)
 Metaspace       used 24279K, capacity 24650K, committed 24832K, reserved 26624K
}
Event: 2919.755 GC heap before
{Heap before GC invocations=2439 (full 6):
 def new generation   total 2629504K, used 95669K [0x00007f7c4c600000, 0x00007f7cfeb30000, 0x00007f86f70a0000)
  eden space 2337344K,   0% used [0x00007f7c4c600000, 0x00007f7c4c600000, 0x00007f7cdb090000)
  from space 292160K,  32% used [0x00007f7cecde0000, 0x00007f7cf2b4d638, 0x00007f7cfeb30000)
  to   space 292160K,   0% used [0x00007f7cdb090000, 0x00007f7cdb090000, 0x00007f7cecde0000)
 tenured generation   total 5859620K, used 5846394K [0x00007f86f70a0000, 0x00007f885cae9000, 0x00007f9c4c600000)
   the space 5859620K,  99% used [0x00007f86f70a0000, 0x00007f885bdfeab8, 0x00007f885bdfec00, 0x00007f885cae9000)
 Metaspace       used 24279K, capacity 24650K, committed 24832K, reserved 26624K
}

