# JRE version: OpenJDK Runtime Environment (13.0.7+5) (build 13.0.7+5-Ubuntu-0ubuntu120.04)
# Java VM: OpenJDK 64-Bit Server VM (13.0.7+5-Ubuntu-0ubuntu120.04, mixed mode, tiered, compressed oops, serial gc, linux-amd64)
Heap:
 def new generation   total 2374144K, used 0K [0x0000000080200000, 0x0000000121210000, 0x0000000300150000)
  eden space 2110400K,   0% used [0x0000000080200000, 0x0000000080200000, 0x0000000100ef0000)
  from space 263744K,   0% used [0x0000000111080000, 0x0000000111080000, 0x0000000121210000)
  to   space 263744K,   0% used [0x0000000100ef0000, 0x0000000100ef0000, 0x0000000111080000)
 tenured generation   total 5373748K, used 3986216K [0x0000000300150000, 0x000000044811d000, 0x0000000800000000)
   the space 5373748K,  74% used [0x0000000300150000, 0x00000003f361a1f8, 0x00000003f361a200, 0x000000044811d000)
 Metaspace       used 22726K, capacity 23232K, committed 23424K, reserved 1071104K
  class space    used 2354K, capacity 2568K, committed 2688K, reserved 1048576K
GC Heap History (20 events):
Event: 996.713 GC heap after
{Heap after GC invocations=769 (full 24):
 def new generation   total 2374144K, used 217302K [0x0000000080200000, 0x0000000121210000, 0x0000000300150000)
  eden space 2110400K,   0% used [0x0000000080200000, 0x0000000080200000, 0x0000000100ef0000)
  from space 263744K,  82% used [0x0000000100ef0000, 0x000000010e325880, 0x0000000111080000)
  to   space 263744K,   0% used [0x0000000111080000, 0x0000000111080000, 0x0000000121210000)
 tenured generation   total 5275764K, used 4971085K [0x0000000300150000, 0x000000044216d000, 0x0000000800000000)
   the space 5275764K,  94% used [0x0000000300150000, 0x000000042f7e35e0, 0x000000042f7e3600, 0x000000044216d000)
 Metaspace       used 22725K, capacity 23232K, committed 23424K, reserved 1071104K
  class space    used 2354K, capacity 2568K, committed 2688K, reserved 1048576K
}
Event: 998.242 GC heap before
{Heap before GC invocations=769 (full 24):
 def new generation   total 2374144K, used 2327702K [0x0000000080200000, 0x0000000121210000, 0x0000000300150000)
  eden space 2110400K, 100% used [0x0000000080200000, 0x0000000100ef0000, 0x0000000100ef0000)
  from space 263744K,  82% used [0x0000000100ef0000, 0x000000010e325880, 0x0000000111080000)
  to   space 263744K,   0% used [0x0000000111080000, 0x0000000111080000, 0x0000000121210000)
 tenured generation   total 5275764K, used 4971085K [0x0000000300150000, 0x000000044216d000, 0x0000000800000000)
   the space 5275764K,  94% used [0x0000000300150000, 0x000000042f7e35e0, 0x000000042f7e3600, 0x000000044216d000)
 Metaspace       used 22725K, capacity 23232K, committed 23424K, reserved 1071104K
  class space    used 2354K, capacity 2568K, committed 2688K, reserved 1048576K
}
Event: 998.296 GC heap after
{Heap after GC invocations=770 (full 24):
 def new generation   total 2374144K, used 72226K [0x0000000080200000, 0x0000000121210000, 0x0000000300150000)
  eden space 2110400K,   0% used [0x0000000080200000, 0x0000000080200000, 0x0000000100ef0000)
  from space 263744K,  27% used [0x0000000111080000, 0x0000000115708bd0, 0x0000000121210000)
  to   space 263744K,   0% used [0x0000000100ef0000, 0x0000000100ef0000, 0x0000000111080000)
 tenured generation   total 5275764K, used 4988036K [0x0000000300150000, 0x000000044216d000, 0x0000000800000000)
   the space 5275764K,  94% used [0x0000000300150000, 0x00000004308710e0, 0x0000000430871200, 0x000000044216d000)
 Metaspace       used 22725K, capacity 23232K, committed 23424K, reserved 1071104K
  class space    used 2354K, capacity 2568K, committed 2688K, reserved 1048576K
}
Event: 999.822 GC heap before
{Heap before GC invocations=770 (full 24):
 def new generation   total 2374144K, used 2182626K [0x0000000080200000, 0x0000000121210000, 0x0000000300150000)
  eden space 2110400K, 100% used [0x0000000080200000, 0x0000000100ef0000, 0x0000000100ef0000)
  from space 263744K,  27% used [0x0000000111080000, 0x0000000115708bd0, 0x0000000121210000)
  to   space 263744K,   0% used [0x0000000100ef0000, 0x0000000100ef0000, 0x0000000111080000)
 tenured generation   total 5275764K, used 4988036K [0x0000000300150000, 0x000000044216d000, 0x0000000800000000)
   the space 5275764K,  94% used [0x0000000300150000, 0x00000004308710e0, 0x0000000430871200, 0x000000044216d000)
 Metaspace       used 22725K, capacity 23232K, committed 23424K, reserved 1071104K
  class space    used 2354K, capacity 2568K, committed 2688K, reserved 1048576K
}
Event: 999.917 GC heap after
{Heap after GC invocations=771 (full 24):
 def new generation   total 2374144K, used 198131K [0x0000000080200000, 0x0000000121210000, 0x0000000300150000)
  eden space 2110400K,   0% used [0x0000000080200000, 0x0000000080200000, 0x0000000100ef0000)
  from space 263744K,  75% used [0x0000000100ef0000, 0x000000010d06cd78, 0x0000000111080000)
  to   space 263744K,   0% used [0x0000000111080000, 0x0000000111080000, 0x0000000121210000)
 tenured generation   total 5275764K, used 4988036K [0x0000000300150000, 0x000000044216d000, 0x0000000800000000)
   the space 5275764K,  94% used [0x0000000300150000, 0x00000004308710e0, 0x0000000430871200, 0x000000044216d000)
 Metaspace       used 22725K, capacity 23232K, committed 23424K, reserved 1071104K
  class space    used 2354K, capacity 2568K, committed 2688K, reserved 1048576K
}
Event: 1001.444 GC heap before
{Heap before GC invocations=771 (full 24):
 def new generation   total 2374144K, used 2308531K [0x0000000080200000, 0x0000000121210000, 0x0000000300150000)
  eden space 2110400K, 100% used [0x0000000080200000, 0x0000000100ef0000, 0x0000000100ef0000)
  from space 263744K,  75% used [0x0000000100ef0000, 0x000000010d06cd78, 0x0000000111080000)
  to   space 263744K,   0% used [0x0000000111080000, 0x0000000111080000, 0x0000000121210000)
 tenured generation   total 5275764K, used 4988036K [0x0000000300150000, 0x000000044216d000, 0x0000000800000000)
   the space 5275764K,  94% used [0x0000000300150000, 0x00000004308710e0, 0x0000000430871200, 0x000000044216d000)
 Metaspace       used 22725K, capacity 23232K, committed 23424K, reserved 1071104K
  class space    used 2354K, capacity 2568K, committed 2688K, reserved 1048576K
}
Event: 1001.488 GC heap after
{Heap after GC invocations=772 (full 24):
 def new generation   total 2374144K, used 53056K [0x0000000080200000, 0x0000000121210000, 0x0000000300150000)
  eden space 2110400K,   0% used [0x0000000080200000, 0x0000000080200000, 0x0000000100ef0000)
  from space 263744K,  20% used [0x0000000111080000, 0x0000000114450200, 0x0000000121210000)
  to   space 263744K,   0% used [0x0000000100ef0000, 0x0000000100ef0000, 0x0000000111080000)
 tenured generation   total 5275764K, used 5004986K [0x0000000300150000, 0x000000044216d000, 0x0000000800000000)
   the space 5275764K,  94% used [0x0000000300150000, 0x00000004318febe0, 0x00000004318fec00, 0x000000044216d000)
 Metaspace       used 22725K, capacity 23232K, committed 23424K, reserved 1071104K
  class space    used 2354K, capacity 2568K, committed 2688K, reserved 1048576K
}
Event: 1002.999 GC heap before
{Heap before GC invocations=772 (full 24):
 def new generation   total 2374144K, used 2163456K [0x0000000080200000, 0x0000000121210000, 0x0000000300150000)
  eden space 2110400K, 100% used [0x0000000080200000, 0x0000000100ef0000, 0x0000000100ef0000)
  from space 263744K,  20% used [0x0000000111080000, 0x0000000114450200, 0x0000000121210000)
  to   space 263744K,   0% used [0x0000000100ef0000, 0x0000000100ef0000, 0x0000000111080000)
 tenured generation   total 5275764K, used 5004986K [0x0000000300150000, 0x000000044216d000, 0x0000000800000000)
   the space 5275764K,  94% used [0x0000000300150000, 0x00000004318febe0, 0x00000004318fec00, 0x000000044216d000)
 Metaspace       used 22725K, capacity 23232K, committed 23424K, reserved 1071104K
  class space    used 2354K, capacity 2568K, committed 2688K, reserved 1048576K
}
Event: 1003.072 GC heap after
{Heap after GC invocations=773 (full 24):
 def new generation   total 2374144K, used 178960K [0x0000000080200000, 0x0000000121210000, 0x0000000300150000)
  eden space 2110400K,   0% used [0x0000000080200000, 0x0000000080200000, 0x0000000100ef0000)
  from space 263744K,  67% used [0x0000000100ef0000, 0x000000010bdb42d0, 0x0000000111080000)
  to   space 263744K,   0% used [0x0000000111080000, 0x0000000111080000, 0x0000000121210000)
 tenured generation   total 5275764K, used 5004986K [0x0000000300150000, 0x000000044216d000, 0x0000000800000000)
   the space 5275764K,  94% used [0x0000000300150000, 0x00000004318febe0, 0x00000004318fec00, 0x000000044216d000)
 Metaspace       used 22725K, capacity 23232K, committed 23424K, reserved 1071104K
  class space    used 2354K, capacity 2568K, committed 2688K, reserved 1048576K
}
Event: 1004.569 GC heap before
{Heap before GC invocations=773 (full 24):
 def new generation   total 2374144K, used 2289360K [0x0000000080200000, 0x0000000121210000, 0x0000000300150000)
  eden space 2110400K, 100% used [0x0000000080200000, 0x0000000100ef0000, 0x0000000100ef0000)
  from space 263744K,  67% used [0x0000000100ef0000, 0x000000010bdb42d0, 0x0000000111080000)
  to   space 263744K,   0% used [0x0000000111080000, 0x0000000111080000, 0x0000000121210000)
 tenured generation   total 5275764K, used 5004986K [0x0000000300150000, 0x000000044216d000, 0x0000000800000000)
   the space 5275764K,  94% used [0x0000000300150000, 0x00000004318febe0, 0x00000004318fec00, 0x000000044216d000)
 Metaspace       used 22725K, capacity 23232K, committed 23424K, reserved 1071104K
  class space    used 2354K, capacity 2568K, committed 2688K, reserved 1048576K
}
Event: 1004.728 GC heap after
{Heap after GC invocations=774 (full 24):
 def new generation   total 2374144K, used 263627K [0x0000000080200000, 0x0000000121210000, 0x0000000300150000)
  eden space 2110400K,   0% used [0x0000000080200000, 0x0000000080200000, 0x0000000100ef0000)
  from space 263744K,  99% used [0x0000000111080000, 0x00000001211f2c78, 0x0000000121210000)
  to   space 263744K,   0% used [0x0000000100ef0000, 0x0000000100ef0000, 0x0000000111080000)
 tenured generation   total 5275764K, used 5044685K [0x0000000300150000, 0x000000044216d000, 0x0000000800000000)
   the space 5275764K,  95% used [0x0000000300150000, 0x0000000433fc3548, 0x0000000433fc3600, 0x000000044216d000)
 Metaspace       used 22725K, capacity 23232K, committed 23424K, reserved 1071104K
  class space    used 2354K, capacity 2568K, committed 2688K, reserved 1048576K
}
Event: 1006.298 GC heap before
{Heap before GC invocations=774 (full 24):
 def new generation   total 2374144K, used 2374027K [0x0000000080200000, 0x0000000121210000, 0x0000000300150000)
  eden space 2110400K, 100% used [0x0000000080200000, 0x0000000100ef0000, 0x0000000100ef0000)
  from space 263744K,  99% used [0x0000000111080000, 0x00000001211f2c78, 0x0000000121210000)
  to   space 263744K,   0% used [0x0000000100ef0000, 0x0000000100ef0000, 0x0000000111080000)
 tenured generation   total 5275764K, used 5044685K [0x0000000300150000, 0x000000044216d000, 0x0000000800000000)
   the space 5275764K,  95% used [0x0000000300150000, 0x0000000433fc3548, 0x0000000433fc3600, 0x000000044216d000)
 Metaspace       used 22725K, capacity 23232K, committed 23424K, reserved 1071104K
  class space    used 2354K, capacity 2568K, committed 2688K, reserved 1048576K
}
Event: 1006.383 GC heap after
{Heap after GC invocations=775 (full 24):
 def new generation   total 2374144K, used 141817K [0x0000000080200000, 0x0000000121210000, 0x0000000300150000)
  eden space 2110400K,   0% used [0x0000000080200000, 0x0000000080200000, 0x0000000100ef0000)
  from space 263744K,  53% used [0x0000000100ef0000, 0x000000010996e6d0, 0x0000000111080000)
  to   space 263744K,   0% used [0x0000000111080000, 0x0000000111080000, 0x0000000121210000)
 tenured generation   total 5275764K, used 5063776K [0x0000000300150000, 0x000000044216d000, 0x0000000800000000)
   the space 5275764K,  95% used [0x0000000300150000, 0x0000000435268090, 0x0000000435268200, 0x000000044216d000)
 Metaspace       used 22725K, capacity 23232K, committed 23424K, reserved 1071104K
  class space    used 2354K, capacity 2568K, committed 2688K, reserved 1048576K
}
Event: 1007.976 GC heap before
{Heap before GC invocations=775 (full 24):
 def new generation   total 2374144K, used 2252040K [0x0000000080200000, 0x0000000121210000, 0x0000000300150000)
  eden space 2110400K,  99% used [0x0000000080200000, 0x0000000100ec3ac0, 0x0000000100ef0000)
  from space 263744K,  53% used [0x0000000100ef0000, 0x000000010996e6d0, 0x0000000111080000)
  to   space 263744K,   0% used [0x0000000111080000, 0x0000000111080000, 0x0000000121210000)
 tenured generation   total 5275764K, used 5063776K [0x0000000300150000, 0x000000044216d000, 0x0000000800000000)
   the space 5275764K,  95% used [0x0000000300150000, 0x0000000435268090, 0x0000000435268200, 0x000000044216d000)
 Metaspace       used 22725K, capacity 23232K, committed 23424K, reserved 1071104K
  class space    used 2354K, capacity 2568K, committed 2688K, reserved 1048576K
}
Event: 1008.210 GC heap after
{Heap after GC invocations=776 (full 24):
 def new generation   total 2374144K, used 126931K [0x0000000080200000, 0x0000000121210000, 0x0000000300150000)
  eden space 2110400K,   0% used [0x0000000080200000, 0x0000000080200000, 0x0000000100ef0000)
  from space 263744K,  48% used [0x0000000111080000, 0x0000000118c74f90, 0x0000000121210000)
  to   space 263744K,   0% used [0x0000000100ef0000, 0x0000000100ef0000, 0x0000000111080000)
 tenured generation   total 5275764K, used 5205065K [0x0000000300150000, 0x000000044216d000, 0x0000000800000000)
   the space 5275764K,  98% used [0x0000000300150000, 0x000000043dc62540, 0x000000043dc62600, 0x000000044216d000)
 Metaspace       used 22725K, capacity 23232K, committed 23424K, reserved 1071104K
  class space    used 2354K, capacity 2568K, committed 2688K, reserved 1048576K
}
Event: 1009.802 GC heap before
{Heap before GC invocations=776 (full 24):
 def new generation   total 2374144K, used 2237331K [0x0000000080200000, 0x0000000121210000, 0x0000000300150000)
  eden space 2110400K, 100% used [0x0000000080200000, 0x0000000100ef0000, 0x0000000100ef0000)
  from space 263744K,  48% used [0x0000000111080000, 0x0000000118c74f90, 0x0000000121210000)
  to   space 263744K,   0% used [0x0000000100ef0000, 0x0000000100ef0000, 0x0000000111080000)
 tenured generation   total 5275764K, used 5205065K [0x0000000300150000, 0x000000044216d000, 0x0000000800000000)
   the space 5275764K,  98% used [0x0000000300150000, 0x000000043dc62540, 0x000000043dc62600, 0x000000044216d000)
 Metaspace       used 22726K, capacity 23232K, committed 23424K, reserved 1071104K
  class space    used 2354K, capacity 2568K, committed 2688K, reserved 1048576K
}
Event: 1009.873 GC heap after
{Heap after GC invocations=777 (full 24):
 def new generation   total 2374144K, used 169047K [0x0000000080200000, 0x0000000121210000, 0x0000000300150000)
  eden space 2110400K,   0% used [0x0000000080200000, 0x0000000080200000, 0x0000000100ef0000)
  from space 263744K,  64% used [0x0000000100ef0000, 0x000000010b405fe8, 0x0000000111080000)
  to   space 263744K,   0% used [0x0000000111080000, 0x0000000111080000, 0x0000000121210000)
 tenured generation   total 5275764K, used 5205065K [0x0000000300150000, 0x000000044216d000, 0x0000000800000000)
   the space 5275764K,  98% used [0x0000000300150000, 0x000000043dc62540, 0x000000043dc62600, 0x000000044216d000)
 Metaspace       used 22726K, capacity 23232K, committed 23424K, reserved 1071104K
  class space    used 2354K, capacity 2568K, committed 2688K, reserved 1048576K
}
Event: 1011.395 GC heap before
{Heap before GC invocations=777 (full 24):
 def new generation   total 2374144K, used 2279447K [0x0000000080200000, 0x0000000121210000, 0x0000000300150000)
  eden space 2110400K, 100% used [0x0000000080200000, 0x0000000100ef0000, 0x0000000100ef0000)
  from space 263744K,  64% used [0x0000000100ef0000, 0x000000010b405fe8, 0x0000000111080000)
  to   space 263744K,   0% used [0x0000000111080000, 0x0000000111080000, 0x0000000121210000)
 tenured generation   total 5275764K, used 5205065K [0x0000000300150000, 0x000000044216d000, 0x0000000800000000)
   the space 5275764K,  98% used [0x0000000300150000, 0x000000043dc62540, 0x000000043dc62600, 0x000000044216d000)
 Metaspace       used 22726K, capacity 23232K, committed 23424K, reserved 1071104K
  class space    used 2354K, capacity 2568K, committed 2688K, reserved 1048576K
}
Event: 1011.603 GC heap after
{Heap after GC invocations=778 (full 24):
 def new generation   total 2374144K, used 126424K [0x0000000080200000, 0x0000000121210000, 0x0000000300150000)
  eden space 2110400K,   0% used [0x0000000080200000, 0x0000000080200000, 0x0000000100ef0000)
  from space 263744K,  47% used [0x0000000111080000, 0x0000000118bf6368, 0x0000000121210000)
  to   space 263744K,   0% used [0x0000000100ef0000, 0x0000000100ef0000, 0x0000000111080000)
 tenured generation   total 5373748K, used 5373597K [0x0000000300150000, 0x000000044811d000, 0x0000000800000000)
   the space 5373748K,  99% used [0x0000000300150000, 0x00000004480f7410, 0x00000004480f7600, 0x000000044811d000)
 Metaspace       used 22726K, capacity 23232K, committed 23424K, reserved 1071104K
  class space    used 2354K, capacity 2568K, committed 2688K, reserved 1048576K
}
Event: 1011.603 GC heap before
{Heap before GC invocations=778 (full 24):
 def new generation   total 2374144K, used 126424K [0x0000000080200000, 0x0000000121210000, 0x0000000300150000)
  eden space 2110400K,   0% used [0x0000000080200000, 0x0000000080200000, 0x0000000100ef0000)
  from space 263744K,  47% used [0x0000000111080000, 0x0000000118bf6368, 0x0000000121210000)
  to   space 263744K,   0% used [0x0000000100ef0000, 0x0000000100ef0000, 0x0000000111080000)
 tenured generation   total 5373748K, used 5373597K [0x0000000300150000, 0x000000044811d000, 0x0000000800000000)
   the space 5373748K,  99% used [0x0000000300150000, 0x00000004480f7410, 0x00000004480f7600, 0x000000044811d000)
 Metaspace       used 22726K, capacity 23232K, committed 23424K, reserved 1071104K
  class space    used 2354K, capacity 2568K, committed 2688K, reserved 1048576K
}

