# JRE version: OpenJDK Runtime Environment (13.0.7+5) (build 13.0.7+5-Ubuntu-0ubuntu120.04)
# Java VM: OpenJDK 64-Bit Server VM (13.0.7+5-Ubuntu-0ubuntu120.04, mixed mode, tiered, serial gc, linux-amd64)
Heap:
 def new generation   total 1706816K, used 65751K [0x00007f3848600000, 0x00007f38bc200000, 0x00007f3d9db50000)
  eden space 1517184K,   4% used [0x00007f3848600000, 0x00007f384c635fd0, 0x00007f38a4fa0000)
  from space 189632K,   0% used [0x00007f38b08d0000, 0x00007f38b08d0000, 0x00007f38bc200000)
  to   space 189632K,   0% used [0x00007f38a4fa0000, 0x00007f38a4fa0000, 0x00007f38b08d0000)
 tenured generation   total 3809224K, used 3808779K [0x00007f3d9db50000, 0x00007f3e86342000, 0x00007f4848600000)
   the space 3809224K,  99% used [0x00007f3d9db50000, 0x00007f3e862d2eb8, 0x00007f3e862d3000, 0x00007f3e86342000)
 Metaspace       used 24243K, capacity 24628K, committed 24832K, reserved 26624K
GC Heap History (20 events):
Event: 2513.584 GC heap after
{Heap after GC invocations=2011 (full 5):
 def new generation   total 1706816K, used 71450K [0x00007f3848600000, 0x00007f38bc200000, 0x00007f3d9db50000)
  eden space 1517184K,   0% used [0x00007f3848600000, 0x00007f3848600000, 0x00007f38a4fa0000)
  from space 189632K,  37% used [0x00007f38a4fa0000, 0x00007f38a9566b30, 0x00007f38b08d0000)
  to   space 189632K,   0% used [0x00007f38b08d0000, 0x00007f38b08d0000, 0x00007f38bc200000)
 tenured generation   total 3792836K, used 3772779K [0x00007f3d9db50000, 0x00007f3e85341000, 0x00007f4848600000)
   the space 3792836K,  99% used [0x00007f3d9db50000, 0x00007f3e83faad58, 0x00007f3e83faae00, 0x00007f3e85341000)
 Metaspace       used 24243K, capacity 24628K, committed 24832K, reserved 26624K
}
Event: 2515.908 GC heap before
{Heap before GC invocations=2011 (full 5):
 def new generation   total 1706816K, used 1583829K [0x00007f3848600000, 0x00007f38bc200000, 0x00007f3d9db50000)
  eden space 1517184K,  99% used [0x00007f3848600000, 0x00007f38a4aeec40, 0x00007f38a4fa0000)
  from space 189632K,  37% used [0x00007f38a4fa0000, 0x00007f38a9566b30, 0x00007f38b08d0000)
  to   space 189632K,   0% used [0x00007f38b08d0000, 0x00007f38b08d0000, 0x00007f38bc200000)
 tenured generation   total 3792836K, used 3772779K [0x00007f3d9db50000, 0x00007f3e85341000, 0x00007f4848600000)
   the space 3792836K,  99% used [0x00007f3d9db50000, 0x00007f3e83faad58, 0x00007f3e83faae00, 0x00007f3e85341000)
 Metaspace       used 24243K, capacity 24628K, committed 24832K, reserved 26624K
}
Event: 2515.998 GC heap after
{Heap after GC invocations=2012 (full 5):
 def new generation   total 1706816K, used 95065K [0x00007f3848600000, 0x00007f38bc200000, 0x00007f3d9db50000)
  eden space 1517184K,   0% used [0x00007f3848600000, 0x00007f3848600000, 0x00007f38a4fa0000)
  from space 189632K,  50% used [0x00007f38b08d0000, 0x00007f38b65a6420, 0x00007f38bc200000)
  to   space 189632K,   0% used [0x00007f38a4fa0000, 0x00007f38a4fa0000, 0x00007f38b08d0000)
 tenured generation   total 3792836K, used 3772779K [0x00007f3d9db50000, 0x00007f3e85341000, 0x00007f4848600000)
   the space 3792836K,  99% used [0x00007f3d9db50000, 0x00007f3e83faad58, 0x00007f3e83faae00, 0x00007f3e85341000)
 Metaspace       used 24243K, capacity 24628K, committed 24832K, reserved 26624K
}
Event: 2518.008 GC heap before
{Heap before GC invocations=2012 (full 5):
 def new generation   total 1706816K, used 1612249K [0x00007f3848600000, 0x00007f38bc200000, 0x00007f3d9db50000)
  eden space 1517184K, 100% used [0x00007f3848600000, 0x00007f38a4fa0000, 0x00007f38a4fa0000)
  from space 189632K,  50% used [0x00007f38b08d0000, 0x00007f38b65a6420, 0x00007f38bc200000)
  to   space 189632K,   0% used [0x00007f38a4fa0000, 0x00007f38a4fa0000, 0x00007f38b08d0000)
 tenured generation   total 3792836K, used 3772779K [0x00007f3d9db50000, 0x00007f3e85341000, 0x00007f4848600000)
   the space 3792836K,  99% used [0x00007f3d9db50000, 0x00007f3e83faad58, 0x00007f3e83faae00, 0x00007f3e85341000)
 Metaspace       used 24243K, capacity 24628K, committed 24832K, reserved 26624K
}
Event: 2518.121 GC heap after
{Heap after GC invocations=2013 (full 5):
 def new generation   total 1706816K, used 66294K [0x00007f3848600000, 0x00007f38bc200000, 0x00007f3d9db50000)
  eden space 1517184K,   0% used [0x00007f3848600000, 0x00007f3848600000, 0x00007f38a4fa0000)
  from space 189632K,  34% used [0x00007f38a4fa0000, 0x00007f38a905d9e8, 0x00007f38b08d0000)
  to   space 189632K,   0% used [0x00007f38b08d0000, 0x00007f38b08d0000, 0x00007f38bc200000)
 tenured generation   total 3792836K, used 3789739K [0x00007f3d9db50000, 0x00007f3e85341000, 0x00007f4848600000)
   the space 3792836K,  99% used [0x00007f3d9db50000, 0x00007f3e8503ad50, 0x00007f3e8503ae00, 0x00007f3e85341000)
 Metaspace       used 24243K, capacity 24628K, committed 24832K, reserved 26624K
}
Event: 2519.911 GC heap before
{Heap before GC invocations=2013 (full 5):
 def new generation   total 1706816K, used 1583478K [0x00007f3848600000, 0x00007f38bc200000, 0x00007f3d9db50000)
  eden space 1517184K, 100% used [0x00007f3848600000, 0x00007f38a4fa0000, 0x00007f38a4fa0000)
  from space 189632K,  34% used [0x00007f38a4fa0000, 0x00007f38a905d9e8, 0x00007f38b08d0000)
  to   space 189632K,   0% used [0x00007f38b08d0000, 0x00007f38b08d0000, 0x00007f38bc200000)
 tenured generation   total 3792836K, used 3789739K [0x00007f3d9db50000, 0x00007f3e85341000, 0x00007f4848600000)
   the space 3792836K,  99% used [0x00007f3d9db50000, 0x00007f3e8503ad50, 0x00007f3e8503ae00, 0x00007f3e85341000)
 Metaspace       used 24243K, capacity 24628K, committed 24832K, reserved 26624K
}
Event: 2519.986 GC heap after
{Heap after GC invocations=2014 (full 5):
 def new generation   total 1706816K, used 67847K [0x00007f3848600000, 0x00007f38bc200000, 0x00007f3d9db50000)
  eden space 1517184K,   0% used [0x00007f3848600000, 0x00007f3848600000, 0x00007f38a4fa0000)
  from space 189632K,  35% used [0x00007f38b08d0000, 0x00007f38b4b11e20, 0x00007f38bc200000)
  to   space 189632K,   0% used [0x00007f38a4fa0000, 0x00007f38a4fa0000, 0x00007f38b08d0000)
 tenured generation   total 3792836K, used 3789739K [0x00007f3d9db50000, 0x00007f3e85341000, 0x00007f4848600000)
   the space 3792836K,  99% used [0x00007f3d9db50000, 0x00007f3e8503ad50, 0x00007f3e8503ae00, 0x00007f3e85341000)
 Metaspace       used 24243K, capacity 24628K, committed 24832K, reserved 26624K
}
Event: 2521.584 GC heap before
{Heap before GC invocations=2014 (full 5):
 def new generation   total 1706816K, used 1585031K [0x00007f3848600000, 0x00007f38bc200000, 0x00007f3d9db50000)
  eden space 1517184K, 100% used [0x00007f3848600000, 0x00007f38a4fa0000, 0x00007f38a4fa0000)
  from space 189632K,  35% used [0x00007f38b08d0000, 0x00007f38b4b11e20, 0x00007f38bc200000)
  to   space 189632K,   0% used [0x00007f38a4fa0000, 0x00007f38a4fa0000, 0x00007f38b08d0000)
 tenured generation   total 3792836K, used 3789739K [0x00007f3d9db50000, 0x00007f3e85341000, 0x00007f4848600000)
   the space 3792836K,  99% used [0x00007f3d9db50000, 0x00007f3e8503ad50, 0x00007f3e8503ae00, 0x00007f3e85341000)
 Metaspace       used 24243K, capacity 24628K, committed 24832K, reserved 26624K
}
Event: 2521.649 GC heap after
{Heap after GC invocations=2015 (full 5):
 def new generation   total 1706816K, used 67838K [0x00007f3848600000, 0x00007f38bc200000, 0x00007f3d9db50000)
  eden space 1517184K,   0% used [0x00007f3848600000, 0x00007f3848600000, 0x00007f38a4fa0000)
  from space 189632K,  35% used [0x00007f38a4fa0000, 0x00007f38a91dfaf8, 0x00007f38b08d0000)
  to   space 189632K,   0% used [0x00007f38b08d0000, 0x00007f38b08d0000, 0x00007f38bc200000)
 tenured generation   total 3792836K, used 3789739K [0x00007f3d9db50000, 0x00007f3e85341000, 0x00007f4848600000)
   the space 3792836K,  99% used [0x00007f3d9db50000, 0x00007f3e8503ad50, 0x00007f3e8503ae00, 0x00007f3e85341000)
 Metaspace       used 24243K, capacity 24628K, committed 24832K, reserved 26624K
}
Event: 2523.794 GC heap before
{Heap before GC invocations=2015 (full 5):
 def new generation   total 1706816K, used 1582982K [0x00007f3848600000, 0x00007f38bc200000, 0x00007f3d9db50000)
  eden space 1517184K,  99% used [0x00007f3848600000, 0x00007f38a4da1d20, 0x00007f38a4fa0000)
  from space 189632K,  35% used [0x00007f38a4fa0000, 0x00007f38a91dfaf8, 0x00007f38b08d0000)
  to   space 189632K,   0% used [0x00007f38b08d0000, 0x00007f38b08d0000, 0x00007f38bc200000)
 tenured generation   total 3792836K, used 3789739K [0x00007f3d9db50000, 0x00007f3e85341000, 0x00007f4848600000)
   the space 3792836K,  99% used [0x00007f3d9db50000, 0x00007f3e8503ad50, 0x00007f3e8503ae00, 0x00007f3e85341000)
 Metaspace       used 24243K, capacity 24628K, committed 24832K, reserved 26624K
}
Event: 2523.882 GC heap after
{Heap after GC invocations=2016 (full 5):
 def new generation   total 1706816K, used 86836K [0x00007f3848600000, 0x00007f38bc200000, 0x00007f3d9db50000)
  eden space 1517184K,   0% used [0x00007f3848600000, 0x00007f3848600000, 0x00007f38a4fa0000)
  from space 189632K,  45% used [0x00007f38b08d0000, 0x00007f38b5d9d3c8, 0x00007f38bc200000)
  to   space 189632K,   0% used [0x00007f38a4fa0000, 0x00007f38a4fa0000, 0x00007f38b08d0000)
 tenured generation   total 3792836K, used 3789739K [0x00007f3d9db50000, 0x00007f3e85341000, 0x00007f4848600000)
   the space 3792836K,  99% used [0x00007f3d9db50000, 0x00007f3e8503ad50, 0x00007f3e8503ae00, 0x00007f3e85341000)
 Metaspace       used 24243K, capacity 24628K, committed 24832K, reserved 26624K
}
Event: 2526.321 GC heap before
{Heap before GC invocations=2016 (full 5):
 def new generation   total 1706816K, used 1598633K [0x00007f3848600000, 0x00007f38bc200000, 0x00007f3d9db50000)
  eden space 1517184K,  99% used [0x00007f3848600000, 0x00007f38a4a5d1b0, 0x00007f38a4fa0000)
  from space 189632K,  45% used [0x00007f38b08d0000, 0x00007f38b5d9d3c8, 0x00007f38bc200000)
  to   space 189632K,   0% used [0x00007f38a4fa0000, 0x00007f38a4fa0000, 0x00007f38b08d0000)
 tenured generation   total 3792836K, used 3789739K [0x00007f3d9db50000, 0x00007f3e85341000, 0x00007f4848600000)
   the space 3792836K,  99% used [0x00007f3d9db50000, 0x00007f3e8503ad50, 0x00007f3e8503ae00, 0x00007f3e85341000)
 Metaspace       used 24243K, capacity 24628K, committed 24832K, reserved 26624K
}
Event: 2526.424 GC heap after
{Heap after GC invocations=2017 (full 5):
 def new generation   total 1706816K, used 90972K [0x00007f3848600000, 0x00007f38bc200000, 0x00007f3d9db50000)
  eden space 1517184K,   0% used [0x00007f3848600000, 0x00007f3848600000, 0x00007f38a4fa0000)
  from space 189632K,  47% used [0x00007f38a4fa0000, 0x00007f38aa877270, 0x00007f38b08d0000)
  to   space 189632K,   0% used [0x00007f38b08d0000, 0x00007f38b08d0000, 0x00007f38bc200000)
 tenured generation   total 3792836K, used 3789739K [0x00007f3d9db50000, 0x00007f3e85341000, 0x00007f4848600000)
   the space 3792836K,  99% used [0x00007f3d9db50000, 0x00007f3e8503ad50, 0x00007f3e8503ae00, 0x00007f3e85341000)
 Metaspace       used 24243K, capacity 24628K, committed 24832K, reserved 26624K
}
Event: 2528.692 GC heap before
{Heap before GC invocations=2017 (full 5):
 def new generation   total 1706816K, used 1608156K [0x00007f3848600000, 0x00007f38bc200000, 0x00007f3d9db50000)
  eden space 1517184K, 100% used [0x00007f3848600000, 0x00007f38a4fa0000, 0x00007f38a4fa0000)
  from space 189632K,  47% used [0x00007f38a4fa0000, 0x00007f38aa877270, 0x00007f38b08d0000)
  to   space 189632K,   0% used [0x00007f38b08d0000, 0x00007f38b08d0000, 0x00007f38bc200000)
 tenured generation   total 3792836K, used 3789739K [0x00007f3d9db50000, 0x00007f3e85341000, 0x00007f4848600000)
   the space 3792836K,  99% used [0x00007f3d9db50000, 0x00007f3e8503ad50, 0x00007f3e8503ae00, 0x00007f3e85341000)
 Metaspace       used 24243K, capacity 24628K, committed 24832K, reserved 26624K
}
Event: 2528.787 GC heap after
{Heap after GC invocations=2018 (full 5):
 def new generation   total 1706816K, used 82740K [0x00007f3848600000, 0x00007f38bc200000, 0x00007f3d9db50000)
  eden space 1517184K,   0% used [0x00007f3848600000, 0x00007f3848600000, 0x00007f38a4fa0000)
  from space 189632K,  43% used [0x00007f38b08d0000, 0x00007f38b599d020, 0x00007f38bc200000)
  to   space 189632K,   0% used [0x00007f38a4fa0000, 0x00007f38a4fa0000, 0x00007f38b08d0000)
 tenured generation   total 3792836K, used 3789739K [0x00007f3d9db50000, 0x00007f3e85341000, 0x00007f4848600000)
   the space 3792836K,  99% used [0x00007f3d9db50000, 0x00007f3e8503ad50, 0x00007f3e8503ae00, 0x00007f3e85341000)
 Metaspace       used 24243K, capacity 24628K, committed 24832K, reserved 26624K
}
Event: 2530.709 GC heap before
{Heap before GC invocations=2018 (full 5):
 def new generation   total 1706816K, used 1599924K [0x00007f3848600000, 0x00007f38bc200000, 0x00007f3d9db50000)
  eden space 1517184K, 100% used [0x00007f3848600000, 0x00007f38a4fa0000, 0x00007f38a4fa0000)
  from space 189632K,  43% used [0x00007f38b08d0000, 0x00007f38b599d020, 0x00007f38bc200000)
  to   space 189632K,   0% used [0x00007f38a4fa0000, 0x00007f38a4fa0000, 0x00007f38b08d0000)
 tenured generation   total 3792836K, used 3789739K [0x00007f3d9db50000, 0x00007f3e85341000, 0x00007f4848600000)
   the space 3792836K,  99% used [0x00007f3d9db50000, 0x00007f3e8503ad50, 0x00007f3e8503ae00, 0x00007f3e85341000)
 Metaspace       used 24243K, capacity 24628K, committed 24832K, reserved 26624K
}
Event: 2530.801 GC heap after
{Heap after GC invocations=2019 (full 5):
 def new generation   total 1706816K, used 84279K [0x00007f3848600000, 0x00007f38bc200000, 0x00007f3d9db50000)
  eden space 1517184K,   0% used [0x00007f3848600000, 0x00007f3848600000, 0x00007f38a4fa0000)
  from space 189632K,  44% used [0x00007f38a4fa0000, 0x00007f38aa1eddc0, 0x00007f38b08d0000)
  to   space 189632K,   0% used [0x00007f38b08d0000, 0x00007f38b08d0000, 0x00007f38bc200000)
 tenured generation   total 3792836K, used 3789739K [0x00007f3d9db50000, 0x00007f3e85341000, 0x00007f4848600000)
   the space 3792836K,  99% used [0x00007f3d9db50000, 0x00007f3e8503ad50, 0x00007f3e8503ae00, 0x00007f3e85341000)
 Metaspace       used 24243K, capacity 24628K, committed 24832K, reserved 26624K
}
Event: 2532.440 GC heap before
{Heap before GC invocations=2019 (full 5):
 def new generation   total 1706816K, used 1601463K [0x00007f3848600000, 0x00007f38bc200000, 0x00007f3d9db50000)
  eden space 1517184K, 100% used [0x00007f3848600000, 0x00007f38a4fa0000, 0x00007f38a4fa0000)
  from space 189632K,  44% used [0x00007f38a4fa0000, 0x00007f38aa1eddc0, 0x00007f38b08d0000)
  to   space 189632K,   0% used [0x00007f38b08d0000, 0x00007f38b08d0000, 0x00007f38bc200000)
 tenured generation   total 3792836K, used 3789739K [0x00007f3d9db50000, 0x00007f3e85341000, 0x00007f4848600000)
   the space 3792836K,  99% used [0x00007f3d9db50000, 0x00007f3e8503ad50, 0x00007f3e8503ae00, 0x00007f3e85341000)
 Metaspace       used 24243K, capacity 24628K, committed 24832K, reserved 26624K
}
Event: 2532.553 GC heap after
{Heap after GC invocations=2020 (full 5):
 def new generation   total 1706816K, used 67832K [0x00007f3848600000, 0x00007f38bc200000, 0x00007f3d9db50000)
  eden space 1517184K,   0% used [0x00007f3848600000, 0x00007f3848600000, 0x00007f38a4fa0000)
  from space 189632K,  35% used [0x00007f38b08d0000, 0x00007f38b4b0e140, 0x00007f38bc200000)
  to   space 189632K,   0% used [0x00007f38a4fa0000, 0x00007f38a4fa0000, 0x00007f38b08d0000)
 tenured generation   total 3809224K, used 3806699K [0x00007f3d9db50000, 0x00007f3e86342000, 0x00007f4848600000)
   the space 3809224K,  99% used [0x00007f3d9db50000, 0x00007f3e860cad48, 0x00007f3e860cae00, 0x00007f3e86342000)
 Metaspace       used 24243K, capacity 24628K, committed 24832K, reserved 26624K
}
Event: 2532.553 GC heap before
{Heap before GC invocations=2020 (full 5):
 def new generation   total 1706816K, used 67832K [0x00007f3848600000, 0x00007f38bc200000, 0x00007f3d9db50000)
  eden space 1517184K,   0% used [0x00007f3848600000, 0x00007f3848600000, 0x00007f38a4fa0000)
  from space 189632K,  35% used [0x00007f38b08d0000, 0x00007f38b4b0e140, 0x00007f38bc200000)
  to   space 189632K,   0% used [0x00007f38a4fa0000, 0x00007f38a4fa0000, 0x00007f38b08d0000)
 tenured generation   total 3809224K, used 3806699K [0x00007f3d9db50000, 0x00007f3e86342000, 0x00007f4848600000)
   the space 3809224K,  99% used [0x00007f3d9db50000, 0x00007f3e860cad48, 0x00007f3e860cae00, 0x00007f3e86342000)
 Metaspace       used 24243K, capacity 24628K, committed 24832K, reserved 26624K
}

