# JRE version: OpenJDK Runtime Environment (13.0.7+5) (build 13.0.7+5-Ubuntu-0ubuntu120.04)
# Java VM: OpenJDK 64-Bit Server VM (13.0.7+5-Ubuntu-0ubuntu120.04, mixed mode, tiered, serial gc, linux-amd64)
Heap:
 def new generation   total 1580992K, used 71414K [0x00007faea8600000, 0x00007faf13970000, 0x00007fb9530a0000)
  eden space 1405376K,   5% used [0x00007faea8600000, 0x00007faeacbbdad8, 0x00007faefe270000)
  from space 175616K,   0% used [0x00007faf08df0000, 0x00007faf08df0000, 0x00007faf13970000)
  to   space 175616K,   0% used [0x00007faefe270000, 0x00007faefe270000, 0x00007faf08df0000)
 tenured generation   total 3529568K, used 3529355K [0x00007fb9530a0000, 0x00007fba2a778000, 0x00007fcea8600000)
   the space 3529568K,  99% used [0x00007fb9530a0000, 0x00007fba2a742d80, 0x00007fba2a742e00, 0x00007fba2a778000)
 Metaspace       used 24229K, capacity 24629K, committed 24832K, reserved 26624K
GC Heap History (20 events):
Event: 927.197 GC heap after
{Heap after GC invocations=1240 (full 5):
 def new generation   total 1580992K, used 93529K [0x00007faea8600000, 0x00007faf13970000, 0x00007fb9530a0000)
  eden space 1405376K,   0% used [0x00007faea8600000, 0x00007faea8600000, 0x00007faefe270000)
  from space 175616K,  53% used [0x00007faefe270000, 0x00007faf03dc6730, 0x00007faf08df0000)
  to   space 175616K,   0% used [0x00007faf08df0000, 0x00007faf08df0000, 0x00007faf13970000)
 tenured generation   total 3513180K, used 3451740K [0x00007fb9530a0000, 0x00007fba29777000, 0x00007fcea8600000)
   the space 3513180K,  98% used [0x00007fb9530a0000, 0x00007fba25b77358, 0x00007fba25b77400, 0x00007fba29777000)
 Metaspace       used 24229K, capacity 24629K, committed 24832K, reserved 26624K
}
Event: 928.551 GC heap before
{Heap before GC invocations=1240 (full 5):
 def new generation   total 1580992K, used 1498905K [0x00007faea8600000, 0x00007faf13970000, 0x00007fb9530a0000)
  eden space 1405376K, 100% used [0x00007faea8600000, 0x00007faefe270000, 0x00007faefe270000)
  from space 175616K,  53% used [0x00007faefe270000, 0x00007faf03dc6730, 0x00007faf08df0000)
  to   space 175616K,   0% used [0x00007faf08df0000, 0x00007faf08df0000, 0x00007faf13970000)
 tenured generation   total 3513180K, used 3451740K [0x00007fb9530a0000, 0x00007fba29777000, 0x00007fcea8600000)
   the space 3513180K,  98% used [0x00007fb9530a0000, 0x00007fba25b77358, 0x00007fba25b77400, 0x00007fba29777000)
 Metaspace       used 24229K, capacity 24629K, committed 24832K, reserved 26624K
}
Event: 928.630 GC heap after
{Heap after GC invocations=1241 (full 5):
 def new generation   total 1580992K, used 86313K [0x00007faea8600000, 0x00007faf13970000, 0x00007fb9530a0000)
  eden space 1405376K,   0% used [0x00007faea8600000, 0x00007faea8600000, 0x00007faefe270000)
  from space 175616K,  49% used [0x00007faf08df0000, 0x00007faf0e23a418, 0x00007faf13970000)
  to   space 175616K,   0% used [0x00007faefe270000, 0x00007faefe270000, 0x00007faf08df0000)
 tenured generation   total 3513180K, used 3468699K [0x00007fb9530a0000, 0x00007fba29777000, 0x00007fcea8600000)
   the space 3513180K,  98% used [0x00007fb9530a0000, 0x00007fba26c06e40, 0x00007fba26c07000, 0x00007fba29777000)
 Metaspace       used 24229K, capacity 24629K, committed 24832K, reserved 26624K
}
Event: 929.746 GC heap before
{Heap before GC invocations=1241 (full 5):
 def new generation   total 1580992K, used 1490697K [0x00007faea8600000, 0x00007faf13970000, 0x00007fb9530a0000)
  eden space 1405376K,  99% used [0x00007faea8600000, 0x00007faefe1782a8, 0x00007faefe270000)
  from space 175616K,  49% used [0x00007faf08df0000, 0x00007faf0e23a418, 0x00007faf13970000)
  to   space 175616K,   0% used [0x00007faefe270000, 0x00007faefe270000, 0x00007faf08df0000)
 tenured generation   total 3513180K, used 3468699K [0x00007fb9530a0000, 0x00007fba29777000, 0x00007fcea8600000)
   the space 3513180K,  98% used [0x00007fb9530a0000, 0x00007fba26c06e40, 0x00007fba26c07000, 0x00007fba29777000)
 Metaspace       used 24229K, capacity 24629K, committed 24832K, reserved 26624K
}
Event: 929.804 GC heap after
{Heap after GC invocations=1242 (full 5):
 def new generation   total 1580992K, used 90478K [0x00007faea8600000, 0x00007faf13970000, 0x00007fb9530a0000)
  eden space 1405376K,   0% used [0x00007faea8600000, 0x00007faea8600000, 0x00007faefe270000)
  from space 175616K,  51% used [0x00007faefe270000, 0x00007faf03acbbb0, 0x00007faf08df0000)
  to   space 175616K,   0% used [0x00007faf08df0000, 0x00007faf08df0000, 0x00007faf13970000)
 tenured generation   total 3513180K, used 3468699K [0x00007fb9530a0000, 0x00007fba29777000, 0x00007fcea8600000)
   the space 3513180K,  98% used [0x00007fb9530a0000, 0x00007fba26c06e40, 0x00007fba26c07000, 0x00007fba29777000)
 Metaspace       used 24229K, capacity 24629K, committed 24832K, reserved 26624K
}
Event: 931.370 GC heap before
{Heap before GC invocations=1242 (full 5):
 def new generation   total 1580992K, used 1493259K [0x00007faea8600000, 0x00007faf13970000, 0x00007fb9530a0000)
  eden space 1405376K,  99% used [0x00007faea8600000, 0x00007faefdfe70f8, 0x00007faefe270000)
  from space 175616K,  51% used [0x00007faefe270000, 0x00007faf03acbbb0, 0x00007faf08df0000)
  to   space 175616K,   0% used [0x00007faf08df0000, 0x00007faf08df0000, 0x00007faf13970000)
 tenured generation   total 3513180K, used 3468699K [0x00007fb9530a0000, 0x00007fba29777000, 0x00007fcea8600000)
   the space 3513180K,  98% used [0x00007fb9530a0000, 0x00007fba26c06e40, 0x00007fba26c07000, 0x00007fba29777000)
 Metaspace       used 24229K, capacity 24629K, committed 24832K, reserved 26624K
}
Event: 931.448 GC heap after
{Heap after GC invocations=1243 (full 5):
 def new generation   total 1580992K, used 94547K [0x00007faea8600000, 0x00007faf13970000, 0x00007fb9530a0000)
  eden space 1405376K,   0% used [0x00007faea8600000, 0x00007faea8600000, 0x00007faefe270000)
  from space 175616K,  53% used [0x00007faf08df0000, 0x00007faf0ea44eb8, 0x00007faf13970000)
  to   space 175616K,   0% used [0x00007faefe270000, 0x00007faefe270000, 0x00007faf08df0000)
 tenured generation   total 3513180K, used 3485658K [0x00007fb9530a0000, 0x00007fba29777000, 0x00007fcea8600000)
   the space 3513180K,  99% used [0x00007fb9530a0000, 0x00007fba27c96928, 0x00007fba27c96a00, 0x00007fba29777000)
 Metaspace       used 24229K, capacity 24629K, committed 24832K, reserved 26624K
}
Event: 932.741 GC heap before
{Heap before GC invocations=1243 (full 5):
 def new generation   total 1580992K, used 1499923K [0x00007faea8600000, 0x00007faf13970000, 0x00007fb9530a0000)
  eden space 1405376K, 100% used [0x00007faea8600000, 0x00007faefe270000, 0x00007faefe270000)
  from space 175616K,  53% used [0x00007faf08df0000, 0x00007faf0ea44eb8, 0x00007faf13970000)
  to   space 175616K,   0% used [0x00007faefe270000, 0x00007faefe270000, 0x00007faf08df0000)
 tenured generation   total 3513180K, used 3485658K [0x00007fb9530a0000, 0x00007fba29777000, 0x00007fcea8600000)
   the space 3513180K,  99% used [0x00007fb9530a0000, 0x00007fba27c96928, 0x00007fba27c96a00, 0x00007fba29777000)
 Metaspace       used 24229K, capacity 24629K, committed 24832K, reserved 26624K
}
Event: 932.815 GC heap after
{Heap after GC invocations=1244 (full 5):
 def new generation   total 1580992K, used 67816K [0x00007faea8600000, 0x00007faf13970000, 0x00007fb9530a0000)
  eden space 1405376K,   0% used [0x00007faea8600000, 0x00007faea8600000, 0x00007faefe270000)
  from space 175616K,  38% used [0x00007faefe270000, 0x00007faf024aa370, 0x00007faf08df0000)
  to   space 175616K,   0% used [0x00007faf08df0000, 0x00007faf08df0000, 0x00007faf13970000)
 tenured generation   total 3513180K, used 3502617K [0x00007fb9530a0000, 0x00007fba29777000, 0x00007fcea8600000)
   the space 3513180K,  99% used [0x00007fb9530a0000, 0x00007fba28d26410, 0x00007fba28d26600, 0x00007fba29777000)
 Metaspace       used 24229K, capacity 24629K, committed 24832K, reserved 26624K
}
Event: 933.927 GC heap before
{Heap before GC invocations=1244 (full 5):
 def new generation   total 1580992K, used 1471606K [0x00007faea8600000, 0x00007faf13970000, 0x00007fb9530a0000)
  eden space 1405376K,  99% used [0x00007faea8600000, 0x00007faefe0e37b0, 0x00007faefe270000)
  from space 175616K,  38% used [0x00007faefe270000, 0x00007faf024aa370, 0x00007faf08df0000)
  to   space 175616K,   0% used [0x00007faf08df0000, 0x00007faf08df0000, 0x00007faf13970000)
 tenured generation   total 3513180K, used 3502617K [0x00007fb9530a0000, 0x00007fba29777000, 0x00007fcea8600000)
   the space 3513180K,  99% used [0x00007fb9530a0000, 0x00007fba28d26410, 0x00007fba28d26600, 0x00007fba29777000)
 Metaspace       used 24229K, capacity 24629K, committed 24832K, reserved 26624K
}
Event: 933.985 GC heap after
{Heap after GC invocations=1245 (full 5):
 def new generation   total 1580992K, used 87334K [0x00007faea8600000, 0x00007faf13970000, 0x00007fb9530a0000)
  eden space 1405376K,   0% used [0x00007faea8600000, 0x00007faea8600000, 0x00007faefe270000)
  from space 175616K,  49% used [0x00007faf08df0000, 0x00007faf0e339b40, 0x00007faf13970000)
  to   space 175616K,   0% used [0x00007faefe270000, 0x00007faefe270000, 0x00007faf08df0000)
 tenured generation   total 3513180K, used 3502617K [0x00007fb9530a0000, 0x00007fba29777000, 0x00007fcea8600000)
   the space 3513180K,  99% used [0x00007fb9530a0000, 0x00007fba28d26410, 0x00007fba28d26600, 0x00007fba29777000)
 Metaspace       used 24229K, capacity 24629K, committed 24832K, reserved 26624K
}
Event: 935.525 GC heap before
{Heap before GC invocations=1245 (full 5):
 def new generation   total 1580992K, used 1492710K [0x00007faea8600000, 0x00007faf13970000, 0x00007fb9530a0000)
  eden space 1405376K, 100% used [0x00007faea8600000, 0x00007faefe270000, 0x00007faefe270000)
  from space 175616K,  49% used [0x00007faf08df0000, 0x00007faf0e339b40, 0x00007faf13970000)
  to   space 175616K,   0% used [0x00007faefe270000, 0x00007faefe270000, 0x00007faf08df0000)
 tenured generation   total 3513180K, used 3502617K [0x00007fb9530a0000, 0x00007fba29777000, 0x00007fcea8600000)
   the space 3513180K,  99% used [0x00007fb9530a0000, 0x00007fba28d26410, 0x00007fba28d26600, 0x00007fba29777000)
 Metaspace       used 24229K, capacity 24629K, committed 24832K, reserved 26624K
}
Event: 935.575 GC heap after
{Heap after GC invocations=1246 (full 5):
 def new generation   total 1580992K, used 79142K [0x00007faea8600000, 0x00007faf13970000, 0x00007fb9530a0000)
  eden space 1405376K,   0% used [0x00007faea8600000, 0x00007faea8600000, 0x00007faefe270000)
  from space 175616K,  45% used [0x00007faefe270000, 0x00007faf02fb9a80, 0x00007faf08df0000)
  to   space 175616K,   0% used [0x00007faf08df0000, 0x00007faf08df0000, 0x00007faf13970000)
 tenured generation   total 3513180K, used 3502617K [0x00007fb9530a0000, 0x00007fba29777000, 0x00007fcea8600000)
   the space 3513180K,  99% used [0x00007fb9530a0000, 0x00007fba28d26410, 0x00007fba28d26600, 0x00007fba29777000)
 Metaspace       used 24229K, capacity 24629K, committed 24832K, reserved 26624K
}
Event: 936.744 GC heap before
{Heap before GC invocations=1246 (full 5):
 def new generation   total 1580992K, used 1484518K [0x00007faea8600000, 0x00007faf13970000, 0x00007fb9530a0000)
  eden space 1405376K, 100% used [0x00007faea8600000, 0x00007faefe270000, 0x00007faefe270000)
  from space 175616K,  45% used [0x00007faefe270000, 0x00007faf02fb9a80, 0x00007faf08df0000)
  to   space 175616K,   0% used [0x00007faf08df0000, 0x00007faf08df0000, 0x00007faf13970000)
 tenured generation   total 3513180K, used 3502617K [0x00007fb9530a0000, 0x00007fba29777000, 0x00007fcea8600000)
   the space 3513180K,  99% used [0x00007fb9530a0000, 0x00007fba28d26410, 0x00007fba28d26600, 0x00007fba29777000)
 Metaspace       used 24229K, capacity 24629K, committed 24832K, reserved 26624K
}
Event: 936.801 GC heap after
{Heap after GC invocations=1247 (full 5):
 def new generation   total 1580992K, used 84790K [0x00007faea8600000, 0x00007faf13970000, 0x00007fb9530a0000)
  eden space 1405376K,   0% used [0x00007faea8600000, 0x00007faea8600000, 0x00007faefe270000)
  from space 175616K,  48% used [0x00007faf08df0000, 0x00007faf0e0bdb20, 0x00007faf13970000)
  to   space 175616K,   0% used [0x00007faefe270000, 0x00007faefe270000, 0x00007faf08df0000)
 tenured generation   total 3513180K, used 3502617K [0x00007fb9530a0000, 0x00007fba29777000, 0x00007fcea8600000)
   the space 3513180K,  99% used [0x00007fb9530a0000, 0x00007fba28d26410, 0x00007fba28d26600, 0x00007fba29777000)
 Metaspace       used 24229K, capacity 24629K, committed 24832K, reserved 26624K
}
Event: 938.078 GC heap before
{Heap before GC invocations=1247 (full 5):
 def new generation   total 1580992K, used 1490166K [0x00007faea8600000, 0x00007faf13970000, 0x00007fb9530a0000)
  eden space 1405376K, 100% used [0x00007faea8600000, 0x00007faefe270000, 0x00007faefe270000)
  from space 175616K,  48% used [0x00007faf08df0000, 0x00007faf0e0bdb20, 0x00007faf13970000)
  to   space 175616K,   0% used [0x00007faefe270000, 0x00007faefe270000, 0x00007faf08df0000)
 tenured generation   total 3513180K, used 3502617K [0x00007fb9530a0000, 0x00007fba29777000, 0x00007fcea8600000)
   the space 3513180K,  99% used [0x00007fb9530a0000, 0x00007fba28d26410, 0x00007fba28d26600, 0x00007fba29777000)
 Metaspace       used 24229K, capacity 24629K, committed 24832K, reserved 26624K
}
Event: 938.141 GC heap after
{Heap after GC invocations=1248 (full 5):
 def new generation   total 1580992K, used 88908K [0x00007faea8600000, 0x00007faf13970000, 0x00007fb9530a0000)
  eden space 1405376K,   0% used [0x00007faea8600000, 0x00007faea8600000, 0x00007faefe270000)
  from space 175616K,  50% used [0x00007faefe270000, 0x00007faf039431a0, 0x00007faf08df0000)
  to   space 175616K,   0% used [0x00007faf08df0000, 0x00007faf08df0000, 0x00007faf13970000)
 tenured generation   total 3513180K, used 3502617K [0x00007fb9530a0000, 0x00007fba29777000, 0x00007fcea8600000)
   the space 3513180K,  99% used [0x00007fb9530a0000, 0x00007fba28d26410, 0x00007fba28d26600, 0x00007fba29777000)
 Metaspace       used 24229K, capacity 24629K, committed 24832K, reserved 26624K
}
Event: 939.698 GC heap before
{Heap before GC invocations=1248 (full 5):
 def new generation   total 1580992K, used 1492043K [0x00007faea8600000, 0x00007faf13970000, 0x00007fb9530a0000)
  eden space 1405376K,  99% used [0x00007faea8600000, 0x00007faefe03fdc0, 0x00007faefe270000)
  from space 175616K,  50% used [0x00007faefe270000, 0x00007faf039431a0, 0x00007faf08df0000)
  to   space 175616K,   0% used [0x00007faf08df0000, 0x00007faf08df0000, 0x00007faf13970000)
 tenured generation   total 3513180K, used 3502617K [0x00007fb9530a0000, 0x00007fba29777000, 0x00007fcea8600000)
   the space 3513180K,  99% used [0x00007fb9530a0000, 0x00007fba28d26410, 0x00007fba28d26600, 0x00007fba29777000)
 Metaspace       used 24229K, capacity 24629K, committed 24832K, reserved 26624K
}
Event: 939.765 GC heap after
{Heap after GC invocations=1249 (full 5):
 def new generation   total 1580992K, used 81194K [0x00007faea8600000, 0x00007faf13970000, 0x00007fb9530a0000)
  eden space 1405376K,   0% used [0x00007faea8600000, 0x00007faea8600000, 0x00007faefe270000)
  from space 175616K,  46% used [0x00007faf08df0000, 0x00007faf0dd3a960, 0x00007faf13970000)
  to   space 175616K,   0% used [0x00007faefe270000, 0x00007faefe270000, 0x00007faf08df0000)
 tenured generation   total 3529568K, used 3519575K [0x00007fb9530a0000, 0x00007fba2a778000, 0x00007fcea8600000)
   the space 3529568K,  99% used [0x00007fb9530a0000, 0x00007fba29db5ef8, 0x00007fba29db6000, 0x00007fba2a778000)
 Metaspace       used 24229K, capacity 24629K, committed 24832K, reserved 26624K
}
Event: 939.765 GC heap before
{Heap before GC invocations=1249 (full 5):
 def new generation   total 1580992K, used 81194K [0x00007faea8600000, 0x00007faf13970000, 0x00007fb9530a0000)
  eden space 1405376K,   0% used [0x00007faea8600000, 0x00007faea8600000, 0x00007faefe270000)
  from space 175616K,  46% used [0x00007faf08df0000, 0x00007faf0dd3a960, 0x00007faf13970000)
  to   space 175616K,   0% used [0x00007faefe270000, 0x00007faefe270000, 0x00007faf08df0000)
 tenured generation   total 3529568K, used 3519575K [0x00007fb9530a0000, 0x00007fba2a778000, 0x00007fcea8600000)
   the space 3529568K,  99% used [0x00007fb9530a0000, 0x00007fba29db5ef8, 0x00007fba29db6000, 0x00007fba2a778000)
 Metaspace       used 24229K, capacity 24629K, committed 24832K, reserved 26624K
}

