# JRE version: OpenJDK Runtime Environment (13.0.7+5) (build 13.0.7+5-Ubuntu-0ubuntu120.04)
# Java VM: OpenJDK 64-Bit Server VM (13.0.7+5-Ubuntu-0ubuntu120.04, mixed mode, tiered, serial gc, linux-amd64)
Heap:
 def new generation   total 4180288K, used 0K [0x00007f354c600000, 0x00007f3667de0000, 0x00007f3ff70a0000)
  eden space 3715840K,   0% used [0x00007f354c600000, 0x00007f354c600000, 0x00007f362f2c0000)
  from space 464448K,   0% used [0x00007f364b850000, 0x00007f364b850000, 0x00007f3667de0000)
  to   space 464448K,   0% used [0x00007f362f2c0000, 0x00007f362f2c0000, 0x00007f364b850000)
 tenured generation   total 9305840K, used 9277406K [0x00007f3ff70a0000, 0x00007f422f05c000, 0x00007f554c600000)
   the space 9305840K,  99% used [0x00007f3ff70a0000, 0x00007f422d4978a8, 0x00007f422d497a00, 0x00007f422f05c000)
 Metaspace       used 24234K, capacity 24638K, committed 24832K, reserved 26624K
GC Heap History (20 events):
Event: 2853.292 GC heap after
{Heap after GC invocations=1683 (full 7):
 def new generation   total 4180288K, used 187103K [0x00007f354c600000, 0x00007f3667de0000, 0x00007f3ff70a0000)
  eden space 3715840K,   0% used [0x00007f354c600000, 0x00007f354c600000, 0x00007f362f2c0000)
  from space 464448K,  40% used [0x00007f362f2c0000, 0x00007f363a977c90, 0x00007f364b850000)
  to   space 464448K,   0% used [0x00007f364b850000, 0x00007f364b850000, 0x00007f3667de0000)
 tenured generation   total 9289452K, used 9220822K [0x00007f3ff70a0000, 0x00007f422e05b000, 0x00007f554c600000)
   the space 9289452K,  99% used [0x00007f3ff70a0000, 0x00007f4229d55b88, 0x00007f4229d55c00, 0x00007f422e05b000)
 Metaspace       used 24234K, capacity 24638K, committed 24832K, reserved 26624K
}
Event: 2857.550 GC heap before
{Heap before GC invocations=1683 (full 7):
 def new generation   total 4180288K, used 3895696K [0x00007f354c600000, 0x00007f3667de0000, 0x00007f3ff70a0000)
  eden space 3715840K,  99% used [0x00007f354c600000, 0x00007f362ebac648, 0x00007f362f2c0000)
  from space 464448K,  40% used [0x00007f362f2c0000, 0x00007f363a977c90, 0x00007f364b850000)
  to   space 464448K,   0% used [0x00007f364b850000, 0x00007f364b850000, 0x00007f3667de0000)
 tenured generation   total 9289452K, used 9220822K [0x00007f3ff70a0000, 0x00007f422e05b000, 0x00007f554c600000)
   the space 9289452K,  99% used [0x00007f3ff70a0000, 0x00007f4229d55b88, 0x00007f4229d55c00, 0x00007f422e05b000)
 Metaspace       used 24234K, capacity 24638K, committed 24832K, reserved 26624K
}
Event: 2857.684 GC heap after
{Heap after GC invocations=1684 (full 7):
 def new generation   total 4180288K, used 189644K [0x00007f354c600000, 0x00007f3667de0000, 0x00007f3ff70a0000)
  eden space 3715840K,   0% used [0x00007f354c600000, 0x00007f354c600000, 0x00007f362f2c0000)
  from space 464448K,  40% used [0x00007f364b850000, 0x00007f3657183318, 0x00007f3667de0000)
  to   space 464448K,   0% used [0x00007f362f2c0000, 0x00007f362f2c0000, 0x00007f364b850000)
 tenured generation   total 9289452K, used 9220822K [0x00007f3ff70a0000, 0x00007f422e05b000, 0x00007f554c600000)
   the space 9289452K,  99% used [0x00007f3ff70a0000, 0x00007f4229d55b88, 0x00007f4229d55c00, 0x00007f422e05b000)
 Metaspace       used 24234K, capacity 24638K, committed 24832K, reserved 26624K
}
Event: 2862.357 GC heap before
{Heap before GC invocations=1684 (full 7):
 def new generation   total 4180288K, used 3905484K [0x00007f354c600000, 0x00007f3667de0000, 0x00007f3ff70a0000)
  eden space 3715840K, 100% used [0x00007f354c600000, 0x00007f362f2c0000, 0x00007f362f2c0000)
  from space 464448K,  40% used [0x00007f364b850000, 0x00007f3657183318, 0x00007f3667de0000)
  to   space 464448K,   0% used [0x00007f362f2c0000, 0x00007f362f2c0000, 0x00007f364b850000)
 tenured generation   total 9289452K, used 9220822K [0x00007f3ff70a0000, 0x00007f422e05b000, 0x00007f554c600000)
   the space 9289452K,  99% used [0x00007f3ff70a0000, 0x00007f4229d55b88, 0x00007f4229d55c00, 0x00007f422e05b000)
 Metaspace       used 24234K, capacity 24638K, committed 24832K, reserved 26624K
}
Event: 2862.533 GC heap after
{Heap after GC invocations=1685 (full 7):
 def new generation   total 4180288K, used 186542K [0x00007f354c600000, 0x00007f3667de0000, 0x00007f3ff70a0000)
  eden space 3715840K,   0% used [0x00007f354c600000, 0x00007f354c600000, 0x00007f362f2c0000)
  from space 464448K,  40% used [0x00007f362f2c0000, 0x00007f363a8eb858, 0x00007f364b850000)
  to   space 464448K,   0% used [0x00007f364b850000, 0x00007f364b850000, 0x00007f3667de0000)
 tenured generation   total 9289452K, used 9237782K [0x00007f3ff70a0000, 0x00007f422e05b000, 0x00007f554c600000)
   the space 9289452K,  99% used [0x00007f3ff70a0000, 0x00007f422ade5940, 0x00007f422ade5a00, 0x00007f422e05b000)
 Metaspace       used 24234K, capacity 24638K, committed 24832K, reserved 26624K
}
Event: 2867.185 GC heap before
{Heap before GC invocations=1685 (full 7):
 def new generation   total 4180288K, used 3888422K [0x00007f354c600000, 0x00007f3667de0000, 0x00007f3ff70a0000)
  eden space 3715840K,  99% used [0x00007f354c600000, 0x00007f362e51e2d8, 0x00007f362f2c0000)
  from space 464448K,  40% used [0x00007f362f2c0000, 0x00007f363a8eb858, 0x00007f364b850000)
  to   space 464448K,   0% used [0x00007f364b850000, 0x00007f364b850000, 0x00007f3667de0000)
 tenured generation   total 9289452K, used 9237782K [0x00007f3ff70a0000, 0x00007f422e05b000, 0x00007f554c600000)
   the space 9289452K,  99% used [0x00007f3ff70a0000, 0x00007f422ade5940, 0x00007f422ade5a00, 0x00007f422e05b000)
 Metaspace       used 24234K, capacity 24638K, committed 24832K, reserved 26624K
}
Event: 2867.382 GC heap after
{Heap after GC invocations=1686 (full 7):
 def new generation   total 4180288K, used 197357K [0x00007f354c600000, 0x00007f3667de0000, 0x00007f3ff70a0000)
  eden space 3715840K,   0% used [0x00007f354c600000, 0x00007f354c600000, 0x00007f362f2c0000)
  from space 464448K,  42% used [0x00007f364b850000, 0x00007f365790b468, 0x00007f3667de0000)
  to   space 464448K,   0% used [0x00007f362f2c0000, 0x00007f362f2c0000, 0x00007f364b850000)
 tenured generation   total 9289452K, used 9237782K [0x00007f3ff70a0000, 0x00007f422e05b000, 0x00007f554c600000)
   the space 9289452K,  99% used [0x00007f3ff70a0000, 0x00007f422ade5940, 0x00007f422ade5a00, 0x00007f422e05b000)
 Metaspace       used 24234K, capacity 24638K, committed 24832K, reserved 26624K
}
Event: 2871.272 GC heap before
{Heap before GC invocations=1686 (full 7):
 def new generation   total 4180288K, used 3913197K [0x00007f354c600000, 0x00007f3667de0000, 0x00007f3ff70a0000)
  eden space 3715840K, 100% used [0x00007f354c600000, 0x00007f362f2c0000, 0x00007f362f2c0000)
  from space 464448K,  42% used [0x00007f364b850000, 0x00007f365790b468, 0x00007f3667de0000)
  to   space 464448K,   0% used [0x00007f362f2c0000, 0x00007f362f2c0000, 0x00007f364b850000)
 tenured generation   total 9289452K, used 9237782K [0x00007f3ff70a0000, 0x00007f422e05b000, 0x00007f554c600000)
   the space 9289452K,  99% used [0x00007f3ff70a0000, 0x00007f422ade5940, 0x00007f422ade5a00, 0x00007f422e05b000)
 Metaspace       used 24234K, capacity 24638K, committed 24832K, reserved 26624K
}
Event: 2871.451 GC heap after
{Heap after GC invocations=1687 (full 7):
 def new generation   total 4180288K, used 188615K [0x00007f354c600000, 0x00007f3667de0000, 0x00007f3ff70a0000)
  eden space 3715840K,   0% used [0x00007f354c600000, 0x00007f354c600000, 0x00007f362f2c0000)
  from space 464448K,  40% used [0x00007f362f2c0000, 0x00007f363aaf1dc0, 0x00007f364b850000)
  to   space 464448K,   0% used [0x00007f364b850000, 0x00007f364b850000, 0x00007f3667de0000)
 tenured generation   total 9289452K, used 9254741K [0x00007f3ff70a0000, 0x00007f422e05b000, 0x00007f554c600000)
   the space 9289452K,  99% used [0x00007f3ff70a0000, 0x00007f422be756f8, 0x00007f422be75800, 0x00007f422e05b000)
 Metaspace       used 24234K, capacity 24638K, committed 24832K, reserved 26624K
}
Event: 2875.790 GC heap before
{Heap before GC invocations=1687 (full 7):
 def new generation   total 4180288K, used 3904455K [0x00007f354c600000, 0x00007f3667de0000, 0x00007f3ff70a0000)
  eden space 3715840K, 100% used [0x00007f354c600000, 0x00007f362f2c0000, 0x00007f362f2c0000)
  from space 464448K,  40% used [0x00007f362f2c0000, 0x00007f363aaf1dc0, 0x00007f364b850000)
  to   space 464448K,   0% used [0x00007f364b850000, 0x00007f364b850000, 0x00007f3667de0000)
 tenured generation   total 9289452K, used 9254741K [0x00007f3ff70a0000, 0x00007f422e05b000, 0x00007f554c600000)
   the space 9289452K,  99% used [0x00007f3ff70a0000, 0x00007f422be756f8, 0x00007f422be75800, 0x00007f422e05b000)
 Metaspace       used 24234K, capacity 24638K, committed 24832K, reserved 26624K
}
Event: 2875.959 GC heap after
{Heap after GC invocations=1688 (full 7):
 def new generation   total 4180288K, used 186546K [0x00007f354c600000, 0x00007f3667de0000, 0x00007f3ff70a0000)
  eden space 3715840K,   0% used [0x00007f354c600000, 0x00007f354c600000, 0x00007f362f2c0000)
  from space 464448K,  40% used [0x00007f364b850000, 0x00007f3656e7cb30, 0x00007f3667de0000)
  to   space 464448K,   0% used [0x00007f362f2c0000, 0x00007f362f2c0000, 0x00007f364b850000)
 tenured generation   total 9289452K, used 9271701K [0x00007f3ff70a0000, 0x00007f422e05b000, 0x00007f554c600000)
   the space 9289452K,  99% used [0x00007f3ff70a0000, 0x00007f422cf05510, 0x00007f422cf05600, 0x00007f422e05b000)
 Metaspace       used 24234K, capacity 24638K, committed 24832K, reserved 26624K
}
Event: 2880.431 GC heap before
{Heap before GC invocations=1688 (full 7):
 def new generation   total 4180288K, used 3902386K [0x00007f354c600000, 0x00007f3667de0000, 0x00007f3ff70a0000)
  eden space 3715840K, 100% used [0x00007f354c600000, 0x00007f362f2c0000, 0x00007f362f2c0000)
  from space 464448K,  40% used [0x00007f364b850000, 0x00007f3656e7cb30, 0x00007f3667de0000)
  to   space 464448K,   0% used [0x00007f362f2c0000, 0x00007f362f2c0000, 0x00007f364b850000)
 tenured generation   total 9289452K, used 9271701K [0x00007f3ff70a0000, 0x00007f422e05b000, 0x00007f554c600000)
   the space 9289452K,  99% used [0x00007f3ff70a0000, 0x00007f422cf05510, 0x00007f422cf05600, 0x00007f422e05b000)
 Metaspace       used 24234K, capacity 24638K, committed 24832K, reserved 26624K
}
Event: 2880.593 GC heap after
{Heap after GC invocations=1689 (full 7):
 def new generation   total 4180288K, used 196848K [0x00007f354c600000, 0x00007f3667de0000, 0x00007f3ff70a0000)
  eden space 3715840K,   0% used [0x00007f354c600000, 0x00007f354c600000, 0x00007f362f2c0000)
  from space 464448K,  42% used [0x00007f362f2c0000, 0x00007f363b2fc028, 0x00007f364b850000)
  to   space 464448K,   0% used [0x00007f364b850000, 0x00007f364b850000, 0x00007f3667de0000)
 tenured generation   total 9289452K, used 9271701K [0x00007f3ff70a0000, 0x00007f422e05b000, 0x00007f554c600000)
   the space 9289452K,  99% used [0x00007f3ff70a0000, 0x00007f422cf05510, 0x00007f422cf05600, 0x00007f422e05b000)
 Metaspace       used 24234K, capacity 24638K, committed 24832K, reserved 26624K
}
Event: 2884.329 GC heap before
{Heap before GC invocations=1689 (full 7):
 def new generation   total 4180288K, used 3912444K [0x00007f354c600000, 0x00007f3667de0000, 0x00007f3ff70a0000)
  eden space 3715840K,  99% used [0x00007f354c600000, 0x00007f362f283378, 0x00007f362f2c0000)
  from space 464448K,  42% used [0x00007f362f2c0000, 0x00007f363b2fc028, 0x00007f364b850000)
  to   space 464448K,   0% used [0x00007f364b850000, 0x00007f364b850000, 0x00007f3667de0000)
 tenured generation   total 9289452K, used 9271701K [0x00007f3ff70a0000, 0x00007f422e05b000, 0x00007f554c600000)
   the space 9289452K,  99% used [0x00007f3ff70a0000, 0x00007f422cf05510, 0x00007f422cf05600, 0x00007f422e05b000)
 Metaspace       used 24234K, capacity 24638K, committed 24832K, reserved 26624K
}
Event: 2884.506 GC heap after
{Heap after GC invocations=1690 (full 7):
 def new generation   total 4180288K, used 205025K [0x00007f354c600000, 0x00007f3667de0000, 0x00007f3ff70a0000)
  eden space 3715840K,   0% used [0x00007f354c600000, 0x00007f354c600000, 0x00007f362f2c0000)
  from space 464448K,  44% used [0x00007f364b850000, 0x00007f36580886b0, 0x00007f3667de0000)
  to   space 464448K,   0% used [0x00007f362f2c0000, 0x00007f362f2c0000, 0x00007f364b850000)
 tenured generation   total 9289452K, used 9288660K [0x00007f3ff70a0000, 0x00007f422e05b000, 0x00007f554c600000)
   the space 9289452K,  99% used [0x00007f3ff70a0000, 0x00007f422df952c8, 0x00007f422df95400, 0x00007f422e05b000)
 Metaspace       used 24234K, capacity 24638K, committed 24832K, reserved 26624K
}
Event: 2888.896 GC heap before
{Heap before GC invocations=1690 (full 7):
 def new generation   total 4180288K, used 3920865K [0x00007f354c600000, 0x00007f3667de0000, 0x00007f3ff70a0000)
  eden space 3715840K, 100% used [0x00007f354c600000, 0x00007f362f2c0000, 0x00007f362f2c0000)
  from space 464448K,  44% used [0x00007f364b850000, 0x00007f36580886b0, 0x00007f3667de0000)
  to   space 464448K,   0% used [0x00007f362f2c0000, 0x00007f362f2c0000, 0x00007f364b850000)
 tenured generation   total 9289452K, used 9288660K [0x00007f3ff70a0000, 0x00007f422e05b000, 0x00007f554c600000)
   the space 9289452K,  99% used [0x00007f3ff70a0000, 0x00007f422df952c8, 0x00007f422df95400, 0x00007f422e05b000)
 Metaspace       used 24234K, capacity 24638K, committed 24832K, reserved 26624K
}
Event: 2889.041 GC heap after
{Heap after GC invocations=1691 (full 7):
 def new generation   total 4180288K, used 203514K [0x00007f354c600000, 0x00007f3667de0000, 0x00007f3ff70a0000)
  eden space 3715840K,   0% used [0x00007f354c600000, 0x00007f354c600000, 0x00007f362f2c0000)
  from space 464448K,  43% used [0x00007f362f2c0000, 0x00007f363b97e988, 0x00007f364b850000)
  to   space 464448K,   0% used [0x00007f364b850000, 0x00007f364b850000, 0x00007f3667de0000)
 tenured generation   total 9289452K, used 9288660K [0x00007f3ff70a0000, 0x00007f422e05b000, 0x00007f554c600000)
   the space 9289452K,  99% used [0x00007f3ff70a0000, 0x00007f422df952c8, 0x00007f422df95400, 0x00007f422e05b000)
 Metaspace       used 24234K, capacity 24638K, committed 24832K, reserved 26624K
}
Event: 2893.154 GC heap before
{Heap before GC invocations=1691 (full 7):
 def new generation   total 4180288K, used 3919354K [0x00007f354c600000, 0x00007f3667de0000, 0x00007f3ff70a0000)
  eden space 3715840K, 100% used [0x00007f354c600000, 0x00007f362f2c0000, 0x00007f362f2c0000)
  from space 464448K,  43% used [0x00007f362f2c0000, 0x00007f363b97e988, 0x00007f364b850000)
  to   space 464448K,   0% used [0x00007f364b850000, 0x00007f364b850000, 0x00007f3667de0000)
 tenured generation   total 9289452K, used 9288660K [0x00007f3ff70a0000, 0x00007f422e05b000, 0x00007f554c600000)
   the space 9289452K,  99% used [0x00007f3ff70a0000, 0x00007f422df952c8, 0x00007f422df95400, 0x00007f422e05b000)
 Metaspace       used 24234K, capacity 24638K, committed 24832K, reserved 26624K
}
Event: 2893.348 GC heap after
{Heap after GC invocations=1692 (full 7):
 def new generation   total 4180288K, used 212738K [0x00007f354c600000, 0x00007f3667de0000, 0x00007f3ff70a0000)
  eden space 3715840K,   0% used [0x00007f354c600000, 0x00007f354c600000, 0x00007f362f2c0000)
  from space 464448K,  45% used [0x00007f364b850000, 0x00007f3658810910, 0x00007f3667de0000)
  to   space 464448K,   0% used [0x00007f362f2c0000, 0x00007f362f2c0000, 0x00007f364b850000)
 tenured generation   total 9305840K, used 9305619K [0x00007f3ff70a0000, 0x00007f422f05c000, 0x00007f554c600000)
   the space 9305840K,  99% used [0x00007f3ff70a0000, 0x00007f422f024f60, 0x00007f422f025000, 0x00007f422f05c000)
 Metaspace       used 24234K, capacity 24638K, committed 24832K, reserved 26624K
}
Event: 2893.348 GC heap before
{Heap before GC invocations=1692 (full 7):
 def new generation   total 4180288K, used 212738K [0x00007f354c600000, 0x00007f3667de0000, 0x00007f3ff70a0000)
  eden space 3715840K,   0% used [0x00007f354c600000, 0x00007f354c600000, 0x00007f362f2c0000)
  from space 464448K,  45% used [0x00007f364b850000, 0x00007f3658810910, 0x00007f3667de0000)
  to   space 464448K,   0% used [0x00007f362f2c0000, 0x00007f362f2c0000, 0x00007f364b850000)
 tenured generation   total 9305840K, used 9305619K [0x00007f3ff70a0000, 0x00007f422f05c000, 0x00007f554c600000)
   the space 9305840K,  99% used [0x00007f3ff70a0000, 0x00007f422f024f60, 0x00007f422f025000, 0x00007f422f05c000)
 Metaspace       used 24234K, capacity 24638K, committed 24832K, reserved 26624K
}

