# JRE version: OpenJDK Runtime Environment (13.0.7+5) (build 13.0.7+5-Ubuntu-0ubuntu120.04)
# Java VM: OpenJDK 64-Bit Server VM (13.0.7+5-Ubuntu-0ubuntu120.04, mixed mode, tiered, serial gc, linux-amd64)
Heap:
 def new generation   total 2908800K, used 17712K [0x00007f2820600000, 0x00007f28e5a40000, 0x00007f2d75b50000)
  eden space 2585600K,   0% used [0x00007f2820600000, 0x00007f282174c118, 0x00007f28be300000)
  from space 323200K,   0% used [0x00007f28be300000, 0x00007f28be300000, 0x00007f28d1ea0000)
  to   space 323200K,   0% used [0x00007f28d1ea0000, 0x00007f28d1ea0000, 0x00007f28e5a40000)
 tenured generation   total 6464848K, used 6464848K [0x00007f2d75b50000, 0x00007f2f004a4000, 0x00007f3820600000)
   the space 6464848K, 100% used [0x00007f2d75b50000, 0x00007f2f004a4000, 0x00007f2f004a4000, 0x00007f2f004a4000)
 Metaspace       used 24251K, capacity 24637K, committed 24832K, reserved 26624K
GC Heap History (20 events):
Event: 9737.316 GC heap after
{Heap after GC invocations=13189 (full 4):
 def new generation   total 2908800K, used 18213K [0x00007f2820600000, 0x00007f28e5a40000, 0x00007f2d75b50000)
  eden space 2585600K,   0% used [0x00007f2820600000, 0x00007f2820600000, 0x00007f28be300000)
  from space 323200K,   5% used [0x00007f28d1ea0000, 0x00007f28d3069488, 0x00007f28e5a40000)
  to   space 323200K,   0% used [0x00007f28be300000, 0x00007f28be300000, 0x00007f28d1ea0000)
 tenured generation   total 6463888K, used 6454833K [0x00007f2d75b50000, 0x00007f2f003b4000, 0x00007f3820600000)
   the space 6463888K,  99% used [0x00007f2d75b50000, 0x00007f2effadc598, 0x00007f2effadc600, 0x00007f2f003b4000)
 Metaspace       used 24251K, capacity 24637K, committed 24832K, reserved 26624K
}
Event: 9738.879 GC heap before
{Heap before GC invocations=13189 (full 4):
 def new generation   total 2908800K, used 2603813K [0x00007f2820600000, 0x00007f28e5a40000, 0x00007f2d75b50000)
  eden space 2585600K, 100% used [0x00007f2820600000, 0x00007f28be300000, 0x00007f28be300000)
  from space 323200K,   5% used [0x00007f28d1ea0000, 0x00007f28d3069488, 0x00007f28e5a40000)
  to   space 323200K,   0% used [0x00007f28be300000, 0x00007f28be300000, 0x00007f28d1ea0000)
 tenured generation   total 6463888K, used 6454833K [0x00007f2d75b50000, 0x00007f2f003b4000, 0x00007f3820600000)
   the space 6463888K,  99% used [0x00007f2d75b50000, 0x00007f2effadc598, 0x00007f2effadc600, 0x00007f2f003b4000)
 Metaspace       used 24251K, capacity 24637K, committed 24832K, reserved 26624K
}
Event: 9738.909 GC heap after
{Heap after GC invocations=13190 (full 4):
 def new generation   total 2908800K, used 17279K [0x00007f2820600000, 0x00007f28e5a40000, 0x00007f2d75b50000)
  eden space 2585600K,   0% used [0x00007f2820600000, 0x00007f2820600000, 0x00007f28be300000)
  from space 323200K,   5% used [0x00007f28be300000, 0x00007f28bf3dfd68, 0x00007f28d1ea0000)
  to   space 323200K,   0% used [0x00007f28d1ea0000, 0x00007f28d1ea0000, 0x00007f28e5a40000)
 tenured generation   total 6463888K, used 6456472K [0x00007f2d75b50000, 0x00007f2f003b4000, 0x00007f3820600000)
   the space 6463888K,  99% used [0x00007f2d75b50000, 0x00007f2effc76160, 0x00007f2effc76200, 0x00007f2f003b4000)
 Metaspace       used 24251K, capacity 24637K, committed 24832K, reserved 26624K
}
Event: 9740.436 GC heap before
{Heap before GC invocations=13190 (full 4):
 def new generation   total 2908800K, used 2602879K [0x00007f2820600000, 0x00007f28e5a40000, 0x00007f2d75b50000)
  eden space 2585600K, 100% used [0x00007f2820600000, 0x00007f28be300000, 0x00007f28be300000)
  from space 323200K,   5% used [0x00007f28be300000, 0x00007f28bf3dfd68, 0x00007f28d1ea0000)
  to   space 323200K,   0% used [0x00007f28d1ea0000, 0x00007f28d1ea0000, 0x00007f28e5a40000)
 tenured generation   total 6463888K, used 6456472K [0x00007f2d75b50000, 0x00007f2f003b4000, 0x00007f3820600000)
   the space 6463888K,  99% used [0x00007f2d75b50000, 0x00007f2effc76160, 0x00007f2effc76200, 0x00007f2f003b4000)
 Metaspace       used 24251K, capacity 24637K, committed 24832K, reserved 26624K
}
Event: 9740.469 GC heap after
{Heap after GC invocations=13191 (full 4):
 def new generation   total 2908800K, used 17559K [0x00007f2820600000, 0x00007f28e5a40000, 0x00007f2d75b50000)
  eden space 2585600K,   0% used [0x00007f2820600000, 0x00007f2820600000, 0x00007f28be300000)
  from space 323200K,   5% used [0x00007f28d1ea0000, 0x00007f28d2fc5d30, 0x00007f28e5a40000)
  to   space 323200K,   0% used [0x00007f28be300000, 0x00007f28be300000, 0x00007f28d1ea0000)
 tenured generation   total 6463888K, used 6457160K [0x00007f2d75b50000, 0x00007f2f003b4000, 0x00007f3820600000)
   the space 6463888K,  99% used [0x00007f2d75b50000, 0x00007f2effd22240, 0x00007f2effd22400, 0x00007f2f003b4000)
 Metaspace       used 24251K, capacity 24637K, committed 24832K, reserved 26624K
}
Event: 9742.074 GC heap before
{Heap before GC invocations=13191 (full 4):
 def new generation   total 2908800K, used 2603159K [0x00007f2820600000, 0x00007f28e5a40000, 0x00007f2d75b50000)
  eden space 2585600K, 100% used [0x00007f2820600000, 0x00007f28be300000, 0x00007f28be300000)
  from space 323200K,   5% used [0x00007f28d1ea0000, 0x00007f28d2fc5d30, 0x00007f28e5a40000)
  to   space 323200K,   0% used [0x00007f28be300000, 0x00007f28be300000, 0x00007f28d1ea0000)
 tenured generation   total 6463888K, used 6457160K [0x00007f2d75b50000, 0x00007f2f003b4000, 0x00007f3820600000)
   the space 6463888K,  99% used [0x00007f2d75b50000, 0x00007f2effd22240, 0x00007f2effd22400, 0x00007f2f003b4000)
 Metaspace       used 24251K, capacity 24637K, committed 24832K, reserved 26624K
}
Event: 9742.102 GC heap after
{Heap after GC invocations=13192 (full 4):
 def new generation   total 2908800K, used 17991K [0x00007f2820600000, 0x00007f28e5a40000, 0x00007f2d75b50000)
  eden space 2585600K,   0% used [0x00007f2820600000, 0x00007f2820600000, 0x00007f28be300000)
  from space 323200K,   5% used [0x00007f28be300000, 0x00007f28bf491c30, 0x00007f28d1ea0000)
  to   space 323200K,   0% used [0x00007f28d1ea0000, 0x00007f28d1ea0000, 0x00007f28e5a40000)
 tenured generation   total 6463888K, used 6457993K [0x00007f2d75b50000, 0x00007f2f003b4000, 0x00007f3820600000)
   the space 6463888K,  99% used [0x00007f2d75b50000, 0x00007f2effdf2440, 0x00007f2effdf2600, 0x00007f2f003b4000)
 Metaspace       used 24251K, capacity 24637K, committed 24832K, reserved 26624K
}
Event: 9743.733 GC heap before
{Heap before GC invocations=13192 (full 4):
 def new generation   total 2908800K, used 2603591K [0x00007f2820600000, 0x00007f28e5a40000, 0x00007f2d75b50000)
  eden space 2585600K, 100% used [0x00007f2820600000, 0x00007f28be300000, 0x00007f28be300000)
  from space 323200K,   5% used [0x00007f28be300000, 0x00007f28bf491c30, 0x00007f28d1ea0000)
  to   space 323200K,   0% used [0x00007f28d1ea0000, 0x00007f28d1ea0000, 0x00007f28e5a40000)
 tenured generation   total 6463888K, used 6457993K [0x00007f2d75b50000, 0x00007f2f003b4000, 0x00007f3820600000)
   the space 6463888K,  99% used [0x00007f2d75b50000, 0x00007f2effdf2440, 0x00007f2effdf2600, 0x00007f2f003b4000)
 Metaspace       used 24251K, capacity 24637K, committed 24832K, reserved 26624K
}
Event: 9743.771 GC heap after
{Heap after GC invocations=13193 (full 4):
 def new generation   total 2908800K, used 18345K [0x00007f2820600000, 0x00007f28e5a40000, 0x00007f2d75b50000)
  eden space 2585600K,   0% used [0x00007f2820600000, 0x00007f2820600000, 0x00007f28be300000)
  from space 323200K,   5% used [0x00007f28d1ea0000, 0x00007f28d308a7c8, 0x00007f28e5a40000)
  to   space 323200K,   0% used [0x00007f28be300000, 0x00007f28be300000, 0x00007f28d1ea0000)
 tenured generation   total 6463888K, used 6458922K [0x00007f2d75b50000, 0x00007f2f003b4000, 0x00007f3820600000)
   the space 6463888K,  99% used [0x00007f2d75b50000, 0x00007f2effeda940, 0x00007f2effedaa00, 0x00007f2f003b4000)
 Metaspace       used 24251K, capacity 24637K, committed 24832K, reserved 26624K
}
Event: 9745.386 GC heap before
{Heap before GC invocations=13193 (full 4):
 def new generation   total 2908800K, used 2603945K [0x00007f2820600000, 0x00007f28e5a40000, 0x00007f2d75b50000)
  eden space 2585600K, 100% used [0x00007f2820600000, 0x00007f28be300000, 0x00007f28be300000)
  from space 323200K,   5% used [0x00007f28d1ea0000, 0x00007f28d308a7c8, 0x00007f28e5a40000)
  to   space 323200K,   0% used [0x00007f28be300000, 0x00007f28be300000, 0x00007f28d1ea0000)
 tenured generation   total 6463888K, used 6458922K [0x00007f2d75b50000, 0x00007f2f003b4000, 0x00007f3820600000)
   the space 6463888K,  99% used [0x00007f2d75b50000, 0x00007f2effeda940, 0x00007f2effedaa00, 0x00007f2f003b4000)
 Metaspace       used 24251K, capacity 24637K, committed 24832K, reserved 26624K
}
Event: 9745.421 GC heap after
{Heap after GC invocations=13194 (full 4):
 def new generation   total 2908800K, used 18582K [0x00007f2820600000, 0x00007f28e5a40000, 0x00007f2d75b50000)
  eden space 2585600K,   0% used [0x00007f2820600000, 0x00007f2820600000, 0x00007f28be300000)
  from space 323200K,   5% used [0x00007f28be300000, 0x00007f28bf5258b0, 0x00007f28d1ea0000)
  to   space 323200K,   0% used [0x00007f28d1ea0000, 0x00007f28d1ea0000, 0x00007f28e5a40000)
 tenured generation   total 6463888K, used 6459980K [0x00007f2d75b50000, 0x00007f2f003b4000, 0x00007f3820600000)
   the space 6463888K,  99% used [0x00007f2d75b50000, 0x00007f2efffe3210, 0x00007f2efffe3400, 0x00007f2f003b4000)
 Metaspace       used 24251K, capacity 24637K, committed 24832K, reserved 26624K
}
Event: 9746.974 GC heap before
{Heap before GC invocations=13194 (full 4):
 def new generation   total 2908800K, used 2604182K [0x00007f2820600000, 0x00007f28e5a40000, 0x00007f2d75b50000)
  eden space 2585600K, 100% used [0x00007f2820600000, 0x00007f28be300000, 0x00007f28be300000)
  from space 323200K,   5% used [0x00007f28be300000, 0x00007f28bf5258b0, 0x00007f28d1ea0000)
  to   space 323200K,   0% used [0x00007f28d1ea0000, 0x00007f28d1ea0000, 0x00007f28e5a40000)
 tenured generation   total 6463888K, used 6459980K [0x00007f2d75b50000, 0x00007f2f003b4000, 0x00007f3820600000)
   the space 6463888K,  99% used [0x00007f2d75b50000, 0x00007f2efffe3210, 0x00007f2efffe3400, 0x00007f2f003b4000)
 Metaspace       used 24251K, capacity 24637K, committed 24832K, reserved 26624K
}
Event: 9747.019 GC heap after
{Heap after GC invocations=13195 (full 4):
 def new generation   total 2908800K, used 18575K [0x00007f2820600000, 0x00007f28e5a40000, 0x00007f2d75b50000)
  eden space 2585600K,   0% used [0x00007f2820600000, 0x00007f2820600000, 0x00007f28be300000)
  from space 323200K,   5% used [0x00007f28d1ea0000, 0x00007f28d30c3eb0, 0x00007f28e5a40000)
  to   space 323200K,   0% used [0x00007f28be300000, 0x00007f28be300000, 0x00007f28d1ea0000)
 tenured generation   total 6463888K, used 6461263K [0x00007f2d75b50000, 0x00007f2f003b4000, 0x00007f3820600000)
   the space 6463888K,  99% used [0x00007f2d75b50000, 0x00007f2f00123ee0, 0x00007f2f00124000, 0x00007f2f003b4000)
 Metaspace       used 24251K, capacity 24637K, committed 24832K, reserved 26624K
}
Event: 9748.573 GC heap before
{Heap before GC invocations=13195 (full 4):
 def new generation   total 2908800K, used 2604175K [0x00007f2820600000, 0x00007f28e5a40000, 0x00007f2d75b50000)
  eden space 2585600K, 100% used [0x00007f2820600000, 0x00007f28be300000, 0x00007f28be300000)
  from space 323200K,   5% used [0x00007f28d1ea0000, 0x00007f28d30c3eb0, 0x00007f28e5a40000)
  to   space 323200K,   0% used [0x00007f28be300000, 0x00007f28be300000, 0x00007f28d1ea0000)
 tenured generation   total 6463888K, used 6461263K [0x00007f2d75b50000, 0x00007f2f003b4000, 0x00007f3820600000)
   the space 6463888K,  99% used [0x00007f2d75b50000, 0x00007f2f00123ee0, 0x00007f2f00124000, 0x00007f2f003b4000)
 Metaspace       used 24251K, capacity 24637K, committed 24832K, reserved 26624K
}
Event: 9748.612 GC heap after
{Heap after GC invocations=13196 (full 4):
 def new generation   total 2908800K, used 18590K [0x00007f2820600000, 0x00007f28e5a40000, 0x00007f2d75b50000)
  eden space 2585600K,   0% used [0x00007f2820600000, 0x00007f2820600000, 0x00007f28be300000)
  from space 323200K,   5% used [0x00007f28be300000, 0x00007f28bf527828, 0x00007f28d1ea0000)
  to   space 323200K,   0% used [0x00007f28d1ea0000, 0x00007f28d1ea0000, 0x00007f28e5a40000)
 tenured generation   total 6463888K, used 6462551K [0x00007f2d75b50000, 0x00007f2f003b4000, 0x00007f3820600000)
   the space 6463888K,  99% used [0x00007f2d75b50000, 0x00007f2f00265d80, 0x00007f2f00265e00, 0x00007f2f003b4000)
 Metaspace       used 24251K, capacity 24637K, committed 24832K, reserved 26624K
}
Event: 9750.121 GC heap before
{Heap before GC invocations=13196 (full 4):
 def new generation   total 2908800K, used 2604190K [0x00007f2820600000, 0x00007f28e5a40000, 0x00007f2d75b50000)
  eden space 2585600K, 100% used [0x00007f2820600000, 0x00007f28be300000, 0x00007f28be300000)
  from space 323200K,   5% used [0x00007f28be300000, 0x00007f28bf527828, 0x00007f28d1ea0000)
  to   space 323200K,   0% used [0x00007f28d1ea0000, 0x00007f28d1ea0000, 0x00007f28e5a40000)
 tenured generation   total 6463888K, used 6462551K [0x00007f2d75b50000, 0x00007f2f003b4000, 0x00007f3820600000)
   the space 6463888K,  99% used [0x00007f2d75b50000, 0x00007f2f00265d80, 0x00007f2f00265e00, 0x00007f2f003b4000)
 Metaspace       used 24251K, capacity 24637K, committed 24832K, reserved 26624K
}
Event: 9750.155 GC heap after
{Heap after GC invocations=13197 (full 4):
 def new generation   total 2908800K, used 17926K [0x00007f2820600000, 0x00007f28e5a40000, 0x00007f2d75b50000)
  eden space 2585600K,   0% used [0x00007f2820600000, 0x00007f2820600000, 0x00007f28be300000)
  from space 323200K,   5% used [0x00007f28d1ea0000, 0x00007f28d3021b20, 0x00007f28e5a40000)
  to   space 323200K,   0% used [0x00007f28be300000, 0x00007f28be300000, 0x00007f28d1ea0000)
 tenured generation   total 6463888K, used 6463826K [0x00007f2d75b50000, 0x00007f2f003b4000, 0x00007f3820600000)
   the space 6463888K,  99% used [0x00007f2d75b50000, 0x00007f2f003a4ae0, 0x00007f2f003a4c00, 0x00007f2f003b4000)
 Metaspace       used 24251K, capacity 24637K, committed 24832K, reserved 26624K
}
Event: 9751.658 GC heap before
{Heap before GC invocations=13197 (full 4):
 def new generation   total 2908800K, used 2603526K [0x00007f2820600000, 0x00007f28e5a40000, 0x00007f2d75b50000)
  eden space 2585600K, 100% used [0x00007f2820600000, 0x00007f28be300000, 0x00007f28be300000)
  from space 323200K,   5% used [0x00007f28d1ea0000, 0x00007f28d3021b20, 0x00007f28e5a40000)
  to   space 323200K,   0% used [0x00007f28be300000, 0x00007f28be300000, 0x00007f28d1ea0000)
 tenured generation   total 6463888K, used 6463826K [0x00007f2d75b50000, 0x00007f2f003b4000, 0x00007f3820600000)
   the space 6463888K,  99% used [0x00007f2d75b50000, 0x00007f2f003a4ae0, 0x00007f2f003a4c00, 0x00007f2f003b4000)
 Metaspace       used 24251K, capacity 24637K, committed 24832K, reserved 26624K
}
Event: 9751.685 GC heap after
{Heap after GC invocations=13198 (full 4):
 def new generation   total 2908800K, used 17781K [0x00007f2820600000, 0x00007f28e5a40000, 0x00007f2d75b50000)
  eden space 2585600K,   0% used [0x00007f2820600000, 0x00007f2820600000, 0x00007f28be300000)
  from space 323200K,   5% used [0x00007f28be300000, 0x00007f28bf45d770, 0x00007f28d1ea0000)
  to   space 323200K,   0% used [0x00007f28d1ea0000, 0x00007f28d1ea0000, 0x00007f28e5a40000)
 tenured generation   total 6464848K, used 6464778K [0x00007f2d75b50000, 0x00007f2f004a4000, 0x00007f3820600000)
   the space 6464848K,  99% used [0x00007f2d75b50000, 0x00007f2f004929a8, 0x00007f2f00492a00, 0x00007f2f004a4000)
 Metaspace       used 24251K, capacity 24637K, committed 24832K, reserved 26624K
}
Event: 9751.685 GC heap before
{Heap before GC invocations=13198 (full 4):
 def new generation   total 2908800K, used 17781K [0x00007f2820600000, 0x00007f28e5a40000, 0x00007f2d75b50000)
  eden space 2585600K,   0% used [0x00007f2820600000, 0x00007f2820600000, 0x00007f28be300000)
  from space 323200K,   5% used [0x00007f28be300000, 0x00007f28bf45d770, 0x00007f28d1ea0000)
  to   space 323200K,   0% used [0x00007f28d1ea0000, 0x00007f28d1ea0000, 0x00007f28e5a40000)
 tenured generation   total 6464848K, used 6464778K [0x00007f2d75b50000, 0x00007f2f004a4000, 0x00007f3820600000)
   the space 6464848K,  99% used [0x00007f2d75b50000, 0x00007f2f004929a8, 0x00007f2f00492a00, 0x00007f2f004a4000)
 Metaspace       used 24251K, capacity 24637K, committed 24832K, reserved 26624K
}

