# JRE version: OpenJDK Runtime Environment (13.0.7+5) (build 13.0.7+5-Ubuntu-0ubuntu120.04)
# Java VM: OpenJDK 64-Bit Server VM (13.0.7+5-Ubuntu-0ubuntu120.04, mixed mode, tiered, compressed oops, serial gc, linux-amd64)
Heap:
 def new generation   total 1899584K, used 0K [0x0000000080200000, 0x0000000100f20000, 0x0000000300150000)
  eden space 1688576K,   0% used [0x0000000080200000, 0x0000000080200000, 0x00000000e7300000)
  from space 211008K,   0% used [0x00000000e7300000, 0x00000000e7300000, 0x00000000f4110000)
  to   space 211008K,   0% used [0x00000000f4110000, 0x00000000f4110000, 0x0000000100f20000)
 tenured generation   total 4272516K, used 2903583K [0x0000000300150000, 0x0000000404db1000, 0x0000000800000000)
   the space 4272516K,  67% used [0x0000000300150000, 0x00000003b14d7e88, 0x00000003b14d8000, 0x0000000404db1000)
 Metaspace       used 22705K, capacity 23232K, committed 23424K, reserved 1071104K
  class space    used 2354K, capacity 2568K, committed 2688K, reserved 1048576K
GC Heap History (20 events):
Event: 738.980 GC heap after
{Heap after GC invocations=640 (full 22):
 def new generation   total 1899584K, used 186741K [0x0000000080200000, 0x0000000100f20000, 0x0000000300150000)
  eden space 1688576K,   0% used [0x0000000080200000, 0x0000000080200000, 0x00000000e7300000)
  from space 211008K,  88% used [0x00000000f4110000, 0x00000000ff76d4c8, 0x0000000100f20000)
  to   space 211008K,   0% used [0x00000000e7300000, 0x00000000e7300000, 0x00000000f4110000)
 tenured generation   total 4221164K, used 3905352K [0x0000000300150000, 0x0000000401b8b000, 0x0000000800000000)
   the space 4221164K,  92% used [0x0000000300150000, 0x00000003ee7221e8, 0x00000003ee722200, 0x0000000401b8b000)
 Metaspace       used 22705K, capacity 23232K, committed 23424K, reserved 1071104K
  class space    used 2354K, capacity 2568K, committed 2688K, reserved 1048576K
}
Event: 740.521 GC heap before
{Heap before GC invocations=640 (full 22):
 def new generation   total 1899584K, used 1875317K [0x0000000080200000, 0x0000000100f20000, 0x0000000300150000)
  eden space 1688576K, 100% used [0x0000000080200000, 0x00000000e7300000, 0x00000000e7300000)
  from space 211008K,  88% used [0x00000000f4110000, 0x00000000ff76d4c8, 0x0000000100f20000)
  to   space 211008K,   0% used [0x00000000e7300000, 0x00000000e7300000, 0x00000000f4110000)
 tenured generation   total 4221164K, used 3905352K [0x0000000300150000, 0x0000000401b8b000, 0x0000000800000000)
   the space 4221164K,  92% used [0x0000000300150000, 0x00000003ee7221e8, 0x00000003ee722200, 0x0000000401b8b000)
 Metaspace       used 22705K, capacity 23232K, committed 23424K, reserved 1071104K
  class space    used 2354K, capacity 2568K, committed 2688K, reserved 1048576K
}
Event: 740.867 GC heap after
{Heap after GC invocations=641 (full 22):
 def new generation   total 1899584K, used 202068K [0x0000000080200000, 0x0000000100f20000, 0x0000000300150000)
  eden space 1688576K,   0% used [0x0000000080200000, 0x0000000080200000, 0x00000000e7300000)
  from space 211008K,  95% used [0x00000000e7300000, 0x00000000f3855270, 0x00000000f4110000)
  to   space 211008K,   0% used [0x00000000f4110000, 0x00000000f4110000, 0x0000000100f20000)
 tenured generation   total 4221164K, used 3990542K [0x0000000300150000, 0x0000000401b8b000, 0x0000000800000000)
   the space 4221164K,  94% used [0x0000000300150000, 0x00000003f3a53808, 0x00000003f3a53a00, 0x0000000401b8b000)
 Metaspace       used 22705K, capacity 23232K, committed 23424K, reserved 1071104K
  class space    used 2354K, capacity 2568K, committed 2688K, reserved 1048576K
}
Event: 742.411 GC heap before
{Heap before GC invocations=641 (full 22):
 def new generation   total 1899584K, used 1890644K [0x0000000080200000, 0x0000000100f20000, 0x0000000300150000)
  eden space 1688576K, 100% used [0x0000000080200000, 0x00000000e7300000, 0x00000000e7300000)
  from space 211008K,  95% used [0x00000000e7300000, 0x00000000f3855270, 0x00000000f4110000)
  to   space 211008K,   0% used [0x00000000f4110000, 0x00000000f4110000, 0x0000000100f20000)
 tenured generation   total 4221164K, used 3990542K [0x0000000300150000, 0x0000000401b8b000, 0x0000000800000000)
   the space 4221164K,  94% used [0x0000000300150000, 0x00000003f3a53808, 0x00000003f3a53a00, 0x0000000401b8b000)
 Metaspace       used 22705K, capacity 23232K, committed 23424K, reserved 1071104K
  class space    used 2354K, capacity 2568K, committed 2688K, reserved 1048576K
}
Event: 742.520 GC heap after
{Heap after GC invocations=642 (full 22):
 def new generation   total 1899584K, used 124545K [0x0000000080200000, 0x0000000100f20000, 0x0000000300150000)
  eden space 1688576K,   0% used [0x0000000080200000, 0x0000000080200000, 0x00000000e7300000)
  from space 211008K,  59% used [0x00000000f4110000, 0x00000000fbab0548, 0x0000000100f20000)
  to   space 211008K,   0% used [0x00000000e7300000, 0x00000000e7300000, 0x00000000f4110000)
 tenured generation   total 4221164K, used 3999309K [0x0000000300150000, 0x0000000401b8b000, 0x0000000800000000)
   the space 4221164K,  94% used [0x0000000300150000, 0x00000003f42e3758, 0x00000003f42e3800, 0x0000000401b8b000)
 Metaspace       used 22705K, capacity 23232K, committed 23424K, reserved 1071104K
  class space    used 2354K, capacity 2568K, committed 2688K, reserved 1048576K
}
Event: 744.056 GC heap before
{Heap before GC invocations=642 (full 22):
 def new generation   total 1899584K, used 1813121K [0x0000000080200000, 0x0000000100f20000, 0x0000000300150000)
  eden space 1688576K, 100% used [0x0000000080200000, 0x00000000e7300000, 0x00000000e7300000)
  from space 211008K,  59% used [0x00000000f4110000, 0x00000000fbab0548, 0x0000000100f20000)
  to   space 211008K,   0% used [0x00000000e7300000, 0x00000000e7300000, 0x00000000f4110000)
 tenured generation   total 4221164K, used 3999309K [0x0000000300150000, 0x0000000401b8b000, 0x0000000800000000)
   the space 4221164K,  94% used [0x0000000300150000, 0x00000003f42e3758, 0x00000003f42e3800, 0x0000000401b8b000)
 Metaspace       used 22705K, capacity 23232K, committed 23424K, reserved 1071104K
  class space    used 2354K, capacity 2568K, committed 2688K, reserved 1048576K
}
Event: 744.279 GC heap after
{Heap after GC invocations=643 (full 22):
 def new generation   total 1899584K, used 101045K [0x0000000080200000, 0x0000000100f20000, 0x0000000300150000)
  eden space 1688576K,   0% used [0x0000000080200000, 0x0000000080200000, 0x00000000e7300000)
  from space 211008K,  47% used [0x00000000e7300000, 0x00000000ed5ad5b8, 0x00000000f4110000)
  to   space 211008K,   0% used [0x00000000f4110000, 0x00000000f4110000, 0x0000000100f20000)
 tenured generation   total 4221164K, used 4123326K [0x0000000300150000, 0x0000000401b8b000, 0x0000000800000000)
   the space 4221164K,  97% used [0x0000000300150000, 0x00000003fbbff9b8, 0x00000003fbbffa00, 0x0000000401b8b000)
 Metaspace       used 22705K, capacity 23232K, committed 23424K, reserved 1071104K
  class space    used 2354K, capacity 2568K, committed 2688K, reserved 1048576K
}
Event: 745.745 GC heap before
{Heap before GC invocations=643 (full 22):
 def new generation   total 1899584K, used 1789621K [0x0000000080200000, 0x0000000100f20000, 0x0000000300150000)
  eden space 1688576K, 100% used [0x0000000080200000, 0x00000000e7300000, 0x00000000e7300000)
  from space 211008K,  47% used [0x00000000e7300000, 0x00000000ed5ad5b8, 0x00000000f4110000)
  to   space 211008K,   0% used [0x00000000f4110000, 0x00000000f4110000, 0x0000000100f20000)
 tenured generation   total 4221164K, used 4123326K [0x0000000300150000, 0x0000000401b8b000, 0x0000000800000000)
   the space 4221164K,  97% used [0x0000000300150000, 0x00000003fbbff9b8, 0x00000003fbbffa00, 0x0000000401b8b000)
 Metaspace       used 22705K, capacity 23232K, committed 23424K, reserved 1071104K
  class space    used 2354K, capacity 2568K, committed 2688K, reserved 1048576K
}
Event: 745.793 GC heap after
{Heap after GC invocations=644 (full 22):
 def new generation   total 1899584K, used 71120K [0x0000000080200000, 0x0000000100f20000, 0x0000000300150000)
  eden space 1688576K,   0% used [0x0000000080200000, 0x0000000080200000, 0x00000000e7300000)
  from space 211008K,  33% used [0x00000000f4110000, 0x00000000f8684398, 0x0000000100f20000)
  to   space 211008K,   0% used [0x00000000e7300000, 0x00000000e7300000, 0x00000000f4110000)
 tenured generation   total 4221164K, used 4123326K [0x0000000300150000, 0x0000000401b8b000, 0x0000000800000000)
   the space 4221164K,  97% used [0x0000000300150000, 0x00000003fbbff9b8, 0x00000003fbbffa00, 0x0000000401b8b000)
 Metaspace       used 22705K, capacity 23232K, committed 23424K, reserved 1071104K
  class space    used 2354K, capacity 2568K, committed 2688K, reserved 1048576K
}
Event: 747.303 GC heap before
{Heap before GC invocations=644 (full 22):
 def new generation   total 1899584K, used 1759696K [0x0000000080200000, 0x0000000100f20000, 0x0000000300150000)
  eden space 1688576K, 100% used [0x0000000080200000, 0x00000000e7300000, 0x00000000e7300000)
  from space 211008K,  33% used [0x00000000f4110000, 0x00000000f8684398, 0x0000000100f20000)
  to   space 211008K,   0% used [0x00000000e7300000, 0x00000000e7300000, 0x00000000f4110000)
 tenured generation   total 4221164K, used 4123326K [0x0000000300150000, 0x0000000401b8b000, 0x0000000800000000)
   the space 4221164K,  97% used [0x0000000300150000, 0x00000003fbbff9b8, 0x00000003fbbffa00, 0x0000000401b8b000)
 Metaspace       used 22705K, capacity 23232K, committed 23424K, reserved 1071104K
  class space    used 2354K, capacity 2568K, committed 2688K, reserved 1048576K
}
Event: 747.435 GC heap after
{Heap after GC invocations=645 (full 22):
 def new generation   total 1899584K, used 172142K [0x0000000080200000, 0x0000000100f20000, 0x0000000300150000)
  eden space 1688576K,   0% used [0x0000000080200000, 0x0000000080200000, 0x00000000e7300000)
  from space 211008K,  81% used [0x00000000e7300000, 0x00000000f1b1b890, 0x00000000f4110000)
  to   space 211008K,   0% used [0x00000000f4110000, 0x00000000f4110000, 0x0000000100f20000)
 tenured generation   total 4221164K, used 4123326K [0x0000000300150000, 0x0000000401b8b000, 0x0000000800000000)
   the space 4221164K,  97% used [0x0000000300150000, 0x00000003fbbff9b8, 0x00000003fbbffa00, 0x0000000401b8b000)
 Metaspace       used 22705K, capacity 23232K, committed 23424K, reserved 1071104K
  class space    used 2354K, capacity 2568K, committed 2688K, reserved 1048576K
}
Event: 748.927 GC heap before
{Heap before GC invocations=645 (full 22):
 def new generation   total 1899584K, used 1860718K [0x0000000080200000, 0x0000000100f20000, 0x0000000300150000)
  eden space 1688576K, 100% used [0x0000000080200000, 0x00000000e7300000, 0x00000000e7300000)
  from space 211008K,  81% used [0x00000000e7300000, 0x00000000f1b1b890, 0x00000000f4110000)
  to   space 211008K,   0% used [0x00000000f4110000, 0x00000000f4110000, 0x0000000100f20000)
 tenured generation   total 4221164K, used 4123326K [0x0000000300150000, 0x0000000401b8b000, 0x0000000800000000)
   the space 4221164K,  97% used [0x0000000300150000, 0x00000003fbbff9b8, 0x00000003fbbffa00, 0x0000000401b8b000)
 Metaspace       used 22705K, capacity 23232K, committed 23424K, reserved 1071104K
  class space    used 2354K, capacity 2568K, committed 2688K, reserved 1048576K
}
Event: 749.184 GC heap after
{Heap after GC invocations=646 (full 22):
 def new generation   total 1899584K, used 202081K [0x0000000080200000, 0x0000000100f20000, 0x0000000300150000)
  eden space 1688576K,   0% used [0x0000000080200000, 0x0000000080200000, 0x00000000e7300000)
  from space 211008K,  95% used [0x00000000f4110000, 0x0000000100668630, 0x0000000100f20000)
  to   space 211008K,   0% used [0x00000000e7300000, 0x00000000e7300000, 0x00000000f4110000)
 tenured generation   total 4221164K, used 4193918K [0x0000000300150000, 0x0000000401b8b000, 0x0000000800000000)
   the space 4221164K,  99% used [0x0000000300150000, 0x00000004000efb68, 0x00000004000efc00, 0x0000000401b8b000)
 Metaspace       used 22705K, capacity 23232K, committed 23424K, reserved 1071104K
  class space    used 2354K, capacity 2568K, committed 2688K, reserved 1048576K
}
Event: 750.683 GC heap before
{Heap before GC invocations=646 (full 22):
 def new generation   total 1899584K, used 1890657K [0x0000000080200000, 0x0000000100f20000, 0x0000000300150000)
  eden space 1688576K, 100% used [0x0000000080200000, 0x00000000e7300000, 0x00000000e7300000)
  from space 211008K,  95% used [0x00000000f4110000, 0x0000000100668630, 0x0000000100f20000)
  to   space 211008K,   0% used [0x00000000e7300000, 0x00000000e7300000, 0x00000000f4110000)
 tenured generation   total 4221164K, used 4193918K [0x0000000300150000, 0x0000000401b8b000, 0x0000000800000000)
   the space 4221164K,  99% used [0x0000000300150000, 0x00000004000efb68, 0x00000004000efc00, 0x0000000401b8b000)
 Metaspace       used 22705K, capacity 23232K, committed 23424K, reserved 1071104K
  class space    used 2354K, capacity 2568K, committed 2688K, reserved 1048576K
}
Event: 750.732 GC heap after
{Heap after GC invocations=647 (full 22):
 def new generation   total 1899584K, used 78952K [0x0000000080200000, 0x0000000100f20000, 0x0000000300150000)
  eden space 1688576K,   0% used [0x0000000080200000, 0x0000000080200000, 0x00000000e7300000)
  from space 211008K,  37% used [0x00000000e7300000, 0x00000000ec01a090, 0x00000000f4110000)
  to   space 211008K,   0% used [0x00000000f4110000, 0x00000000f4110000, 0x0000000100f20000)
 tenured generation   total 4221164K, used 4194442K [0x0000000300150000, 0x0000000401b8b000, 0x0000000800000000)
   the space 4221164K,  99% used [0x0000000300150000, 0x00000004001728e8, 0x0000000400172a00, 0x0000000401b8b000)
 Metaspace       used 22705K, capacity 23232K, committed 23424K, reserved 1071104K
  class space    used 2354K, capacity 2568K, committed 2688K, reserved 1048576K
}
Event: 752.245 GC heap before
{Heap before GC invocations=647 (full 22):
 def new generation   total 1899584K, used 1767528K [0x0000000080200000, 0x0000000100f20000, 0x0000000300150000)
  eden space 1688576K, 100% used [0x0000000080200000, 0x00000000e7300000, 0x00000000e7300000)
  from space 211008K,  37% used [0x00000000e7300000, 0x00000000ec01a090, 0x00000000f4110000)
  to   space 211008K,   0% used [0x00000000f4110000, 0x00000000f4110000, 0x0000000100f20000)
 tenured generation   total 4221164K, used 4194442K [0x0000000300150000, 0x0000000401b8b000, 0x0000000800000000)
   the space 4221164K,  99% used [0x0000000300150000, 0x00000004001728e8, 0x0000000400172a00, 0x0000000401b8b000)
 Metaspace       used 22705K, capacity 23232K, committed 23424K, reserved 1071104K
  class space    used 2354K, capacity 2568K, committed 2688K, reserved 1048576K
}
Event: 752.386 GC heap after
{Heap after GC invocations=648 (full 22):
 def new generation   total 1899584K, used 179476K [0x0000000080200000, 0x0000000100f20000, 0x0000000300150000)
  eden space 1688576K,   0% used [0x0000000080200000, 0x0000000080200000, 0x00000000e7300000)
  from space 211008K,  85% used [0x00000000f4110000, 0x00000000ff0552d0, 0x0000000100f20000)
  to   space 211008K,   0% used [0x00000000e7300000, 0x00000000e7300000, 0x00000000f4110000)
 tenured generation   total 4221164K, used 4194442K [0x0000000300150000, 0x0000000401b8b000, 0x0000000800000000)
   the space 4221164K,  99% used [0x0000000300150000, 0x00000004001728e8, 0x0000000400172a00, 0x0000000401b8b000)
 Metaspace       used 22705K, capacity 23232K, committed 23424K, reserved 1071104K
  class space    used 2354K, capacity 2568K, committed 2688K, reserved 1048576K
}
Event: 753.900 GC heap before
{Heap before GC invocations=648 (full 22):
 def new generation   total 1899584K, used 1868052K [0x0000000080200000, 0x0000000100f20000, 0x0000000300150000)
  eden space 1688576K, 100% used [0x0000000080200000, 0x00000000e7300000, 0x00000000e7300000)
  from space 211008K,  85% used [0x00000000f4110000, 0x00000000ff0552d0, 0x0000000100f20000)
  to   space 211008K,   0% used [0x00000000e7300000, 0x00000000e7300000, 0x00000000f4110000)
 tenured generation   total 4221164K, used 4194442K [0x0000000300150000, 0x0000000401b8b000, 0x0000000800000000)
   the space 4221164K,  99% used [0x0000000300150000, 0x00000004001728e8, 0x0000000400172a00, 0x0000000401b8b000)
 Metaspace       used 22705K, capacity 23232K, committed 23424K, reserved 1071104K
  class space    used 2354K, capacity 2568K, committed 2688K, reserved 1048576K
}
Event: 754.170 GC heap after
{Heap after GC invocations=649 (full 22):
 def new generation   total 1899584K, used 202578K [0x0000000080200000, 0x0000000100f20000, 0x0000000300150000)
  eden space 1688576K,   0% used [0x0000000080200000, 0x0000000080200000, 0x00000000e7300000)
  from space 211008K,  96% used [0x00000000e7300000, 0x00000000f38d4bc0, 0x00000000f4110000)
  to   space 211008K,   0% used [0x00000000f4110000, 0x00000000f4110000, 0x0000000100f20000)
 tenured generation   total 4272516K, used 4272365K [0x0000000300150000, 0x0000000404db1000, 0x0000000800000000)
   the space 4272516K,  99% used [0x0000000300150000, 0x0000000404d8b7f0, 0x0000000404d8b800, 0x0000000404db1000)
 Metaspace       used 22705K, capacity 23232K, committed 23424K, reserved 1071104K
  class space    used 2354K, capacity 2568K, committed 2688K, reserved 1048576K
}
Event: 754.172 GC heap before
{Heap before GC invocations=649 (full 22):
 def new generation   total 1899584K, used 202578K [0x0000000080200000, 0x0000000100f20000, 0x0000000300150000)
  eden space 1688576K,   0% used [0x0000000080200000, 0x0000000080200000, 0x00000000e7300000)
  from space 211008K,  96% used [0x00000000e7300000, 0x00000000f38d4bc0, 0x00000000f4110000)
  to   space 211008K,   0% used [0x00000000f4110000, 0x00000000f4110000, 0x0000000100f20000)
 tenured generation   total 4272516K, used 4272365K [0x0000000300150000, 0x0000000404db1000, 0x0000000800000000)
   the space 4272516K,  99% used [0x0000000300150000, 0x0000000404d8b7f0, 0x0000000404d8b800, 0x0000000404db1000)
 Metaspace       used 22705K, capacity 23232K, committed 23424K, reserved 1071104K
  class space    used 2354K, capacity 2568K, committed 2688K, reserved 1048576K
}

