# JRE version: OpenJDK Runtime Environment (13.0.7+5) (build 13.0.7+5-Ubuntu-0ubuntu120.04)
# Java VM: OpenJDK 64-Bit Server VM (13.0.7+5-Ubuntu-0ubuntu120.04, mixed mode, tiered, serial gc, linux-amd64)
Heap:
 def new generation   total 1711104K, used 62675K [0x00007fac08600000, 0x00007fac7c6a0000, 0x00007fb15db50000)
  eden space 1521024K,   4% used [0x00007fac08600000, 0x00007fac0c334e10, 0x00007fac65360000)
  from space 190080K,   0% used [0x00007fac65360000, 0x00007fac65360000, 0x00007fac70d00000)
  to   space 190080K,   0% used [0x00007fac70d00000, 0x00007fac70d00000, 0x00007fac7c6a0000)
 tenured generation   total 3818708K, used 3818580K [0x00007fb15db50000, 0x00007fb246c85000, 0x00007fbc08600000)
   the space 3818708K,  99% used [0x00007fb15db50000, 0x00007fb246c65298, 0x00007fb246c65400, 0x00007fb246c85000)
 Metaspace       used 24227K, capacity 24629K, committed 24832K, reserved 26624K
GC Heap History (20 events):
Event: 2451.729 GC heap after
{Heap after GC invocations=2097 (full 5):
 def new generation   total 1711104K, used 69908K [0x00007fac08600000, 0x00007fac7c6a0000, 0x00007fb15db50000)
  eden space 1521024K,   0% used [0x00007fac08600000, 0x00007fac08600000, 0x00007fac65360000)
  from space 190080K,  36% used [0x00007fac70d00000, 0x00007fac751453c0, 0x00007fac7c6a0000)
  to   space 190080K,   0% used [0x00007fac65360000, 0x00007fac65360000, 0x00007fac70d00000)
 tenured generation   total 3802320K, used 3779504K [0x00007fb15db50000, 0x00007fb245c84000, 0x00007fbc08600000)
   the space 3802320K,  99% used [0x00007fb15db50000, 0x00007fb24463c190, 0x00007fb24463c200, 0x00007fb245c84000)
 Metaspace       used 24227K, capacity 24629K, committed 24832K, reserved 26624K
}
Event: 2454.069 GC heap before
{Heap before GC invocations=2097 (full 5):
 def new generation   total 1711104K, used 1590932K [0x00007fac08600000, 0x00007fac7c6a0000, 0x00007fb15db50000)
  eden space 1521024K, 100% used [0x00007fac08600000, 0x00007fac65360000, 0x00007fac65360000)
  from space 190080K,  36% used [0x00007fac70d00000, 0x00007fac751453c0, 0x00007fac7c6a0000)
  to   space 190080K,   0% used [0x00007fac65360000, 0x00007fac65360000, 0x00007fac70d00000)
 tenured generation   total 3802320K, used 3779504K [0x00007fb15db50000, 0x00007fb245c84000, 0x00007fbc08600000)
   the space 3802320K,  99% used [0x00007fb15db50000, 0x00007fb24463c190, 0x00007fb24463c200, 0x00007fb245c84000)
 Metaspace       used 24227K, capacity 24629K, committed 24832K, reserved 26624K
}
Event: 2454.141 GC heap after
{Heap after GC invocations=2098 (full 5):
 def new generation   total 1711104K, used 75565K [0x00007fac08600000, 0x00007fac7c6a0000, 0x00007fb15db50000)
  eden space 1521024K,   0% used [0x00007fac08600000, 0x00007fac08600000, 0x00007fac65360000)
  from space 190080K,  39% used [0x00007fac65360000, 0x00007fac69d2b4d8, 0x00007fac70d00000)
  to   space 190080K,   0% used [0x00007fac70d00000, 0x00007fac70d00000, 0x00007fac7c6a0000)
 tenured generation   total 3802320K, used 3779504K [0x00007fb15db50000, 0x00007fb245c84000, 0x00007fbc08600000)
   the space 3802320K,  99% used [0x00007fb15db50000, 0x00007fb24463c190, 0x00007fb24463c200, 0x00007fb245c84000)
 Metaspace       used 24227K, capacity 24629K, committed 24832K, reserved 26624K
}
Event: 2456.148 GC heap before
{Heap before GC invocations=2098 (full 5):
 def new generation   total 1711104K, used 1596589K [0x00007fac08600000, 0x00007fac7c6a0000, 0x00007fb15db50000)
  eden space 1521024K, 100% used [0x00007fac08600000, 0x00007fac65360000, 0x00007fac65360000)
  from space 190080K,  39% used [0x00007fac65360000, 0x00007fac69d2b4d8, 0x00007fac70d00000)
  to   space 190080K,   0% used [0x00007fac70d00000, 0x00007fac70d00000, 0x00007fac7c6a0000)
 tenured generation   total 3802320K, used 3779504K [0x00007fb15db50000, 0x00007fb245c84000, 0x00007fbc08600000)
   the space 3802320K,  99% used [0x00007fb15db50000, 0x00007fb24463c190, 0x00007fb24463c200, 0x00007fb245c84000)
 Metaspace       used 24227K, capacity 24629K, committed 24832K, reserved 26624K
}
Event: 2456.241 GC heap after
{Heap after GC invocations=2099 (full 5):
 def new generation   total 1711104K, used 81721K [0x00007fac08600000, 0x00007fac7c6a0000, 0x00007fb15db50000)
  eden space 1521024K,   0% used [0x00007fac08600000, 0x00007fac08600000, 0x00007fac65360000)
  from space 190080K,  42% used [0x00007fac70d00000, 0x00007fac75cce4a8, 0x00007fac7c6a0000)
  to   space 190080K,   0% used [0x00007fac65360000, 0x00007fac65360000, 0x00007fac70d00000)
 tenured generation   total 3802320K, used 3779504K [0x00007fb15db50000, 0x00007fb245c84000, 0x00007fbc08600000)
   the space 3802320K,  99% used [0x00007fb15db50000, 0x00007fb24463c190, 0x00007fb24463c200, 0x00007fb245c84000)
 Metaspace       used 24227K, capacity 24629K, committed 24832K, reserved 26624K
}
Event: 2457.892 GC heap before
{Heap before GC invocations=2099 (full 5):
 def new generation   total 1711104K, used 1602745K [0x00007fac08600000, 0x00007fac7c6a0000, 0x00007fb15db50000)
  eden space 1521024K, 100% used [0x00007fac08600000, 0x00007fac65360000, 0x00007fac65360000)
  from space 190080K,  42% used [0x00007fac70d00000, 0x00007fac75cce4a8, 0x00007fac7c6a0000)
  to   space 190080K,   0% used [0x00007fac65360000, 0x00007fac65360000, 0x00007fac70d00000)
 tenured generation   total 3802320K, used 3779504K [0x00007fb15db50000, 0x00007fb245c84000, 0x00007fbc08600000)
   the space 3802320K,  99% used [0x00007fb15db50000, 0x00007fb24463c190, 0x00007fb24463c200, 0x00007fb245c84000)
 Metaspace       used 24227K, capacity 24629K, committed 24832K, reserved 26624K
}
Event: 2457.987 GC heap after
{Heap after GC invocations=2100 (full 5):
 def new generation   total 1711104K, used 84803K [0x00007fac08600000, 0x00007fac7c6a0000, 0x00007fb15db50000)
  eden space 1521024K,   0% used [0x00007fac08600000, 0x00007fac08600000, 0x00007fac65360000)
  from space 190080K,  44% used [0x00007fac65360000, 0x00007fac6a630ec0, 0x00007fac70d00000)
  to   space 190080K,   0% used [0x00007fac70d00000, 0x00007fac70d00000, 0x00007fac7c6a0000)
 tenured generation   total 3802320K, used 3779504K [0x00007fb15db50000, 0x00007fb245c84000, 0x00007fbc08600000)
   the space 3802320K,  99% used [0x00007fb15db50000, 0x00007fb24463c190, 0x00007fb24463c200, 0x00007fb245c84000)
 Metaspace       used 24227K, capacity 24629K, committed 24832K, reserved 26624K
}
Event: 2459.397 GC heap before
{Heap before GC invocations=2100 (full 5):
 def new generation   total 1711104K, used 1605827K [0x00007fac08600000, 0x00007fac7c6a0000, 0x00007fb15db50000)
  eden space 1521024K, 100% used [0x00007fac08600000, 0x00007fac65360000, 0x00007fac65360000)
  from space 190080K,  44% used [0x00007fac65360000, 0x00007fac6a630ec0, 0x00007fac70d00000)
  to   space 190080K,   0% used [0x00007fac70d00000, 0x00007fac70d00000, 0x00007fac7c6a0000)
 tenured generation   total 3802320K, used 3779504K [0x00007fb15db50000, 0x00007fb245c84000, 0x00007fbc08600000)
   the space 3802320K,  99% used [0x00007fb15db50000, 0x00007fb24463c190, 0x00007fb24463c200, 0x00007fb245c84000)
 Metaspace       used 24227K, capacity 24629K, committed 24832K, reserved 26624K
}
Event: 2459.498 GC heap after
{Heap after GC invocations=2101 (full 5):
 def new generation   total 1711104K, used 67853K [0x00007fac08600000, 0x00007fac7c6a0000, 0x00007fb15db50000)
  eden space 1521024K,   0% used [0x00007fac08600000, 0x00007fac08600000, 0x00007fac65360000)
  from space 190080K,  35% used [0x00007fac70d00000, 0x00007fac74f43758, 0x00007fac7c6a0000)
  to   space 190080K,   0% used [0x00007fac65360000, 0x00007fac65360000, 0x00007fac70d00000)
 tenured generation   total 3802320K, used 3796464K [0x00007fb15db50000, 0x00007fb245c84000, 0x00007fbc08600000)
   the space 3802320K,  99% used [0x00007fb15db50000, 0x00007fb2456cc188, 0x00007fb2456cc200, 0x00007fb245c84000)
 Metaspace       used 24227K, capacity 24629K, committed 24832K, reserved 26624K
}
Event: 2460.963 GC heap before
{Heap before GC invocations=2101 (full 5):
 def new generation   total 1711104K, used 1588877K [0x00007fac08600000, 0x00007fac7c6a0000, 0x00007fb15db50000)
  eden space 1521024K, 100% used [0x00007fac08600000, 0x00007fac65360000, 0x00007fac65360000)
  from space 190080K,  35% used [0x00007fac70d00000, 0x00007fac74f43758, 0x00007fac7c6a0000)
  to   space 190080K,   0% used [0x00007fac65360000, 0x00007fac65360000, 0x00007fac70d00000)
 tenured generation   total 3802320K, used 3796464K [0x00007fb15db50000, 0x00007fb245c84000, 0x00007fbc08600000)
   the space 3802320K,  99% used [0x00007fb15db50000, 0x00007fb2456cc188, 0x00007fb2456cc200, 0x00007fb245c84000)
 Metaspace       used 24227K, capacity 24629K, committed 24832K, reserved 26624K
}
Event: 2461.031 GC heap after
{Heap after GC invocations=2102 (full 5):
 def new generation   total 1711104K, used 67849K [0x00007fac08600000, 0x00007fac7c6a0000, 0x00007fb15db50000)
  eden space 1521024K,   0% used [0x00007fac08600000, 0x00007fac08600000, 0x00007fac65360000)
  from space 190080K,  35% used [0x00007fac65360000, 0x00007fac695a2430, 0x00007fac70d00000)
  to   space 190080K,   0% used [0x00007fac70d00000, 0x00007fac70d00000, 0x00007fac7c6a0000)
 tenured generation   total 3802320K, used 3796464K [0x00007fb15db50000, 0x00007fb245c84000, 0x00007fbc08600000)
   the space 3802320K,  99% used [0x00007fb15db50000, 0x00007fb2456cc188, 0x00007fb2456cc200, 0x00007fb245c84000)
 Metaspace       used 24227K, capacity 24629K, committed 24832K, reserved 26624K
}
Event: 2463.243 GC heap before
{Heap before GC invocations=2102 (full 5):
 def new generation   total 1711104K, used 1581194K [0x00007fac08600000, 0x00007fac7c6a0000, 0x00007fb15db50000)
  eden space 1521024K,  99% used [0x00007fac08600000, 0x00007fac64be0790, 0x00007fac65360000)
  from space 190080K,  35% used [0x00007fac65360000, 0x00007fac695a2430, 0x00007fac70d00000)
  to   space 190080K,   0% used [0x00007fac70d00000, 0x00007fac70d00000, 0x00007fac7c6a0000)
 tenured generation   total 3802320K, used 3796464K [0x00007fb15db50000, 0x00007fb245c84000, 0x00007fbc08600000)
   the space 3802320K,  99% used [0x00007fb15db50000, 0x00007fb2456cc188, 0x00007fb2456cc200, 0x00007fb245c84000)
 Metaspace       used 24227K, capacity 24629K, committed 24832K, reserved 26624K
}
Event: 2463.313 GC heap after
{Heap after GC invocations=2103 (full 5):
 def new generation   total 1711104K, used 88383K [0x00007fac08600000, 0x00007fac7c6a0000, 0x00007fb15db50000)
  eden space 1521024K,   0% used [0x00007fac08600000, 0x00007fac08600000, 0x00007fac65360000)
  from space 190080K,  46% used [0x00007fac70d00000, 0x00007fac7634ffc8, 0x00007fac7c6a0000)
  to   space 190080K,   0% used [0x00007fac65360000, 0x00007fac65360000, 0x00007fac70d00000)
 tenured generation   total 3802320K, used 3796464K [0x00007fb15db50000, 0x00007fb245c84000, 0x00007fbc08600000)
   the space 3802320K,  99% used [0x00007fb15db50000, 0x00007fb2456cc188, 0x00007fb2456cc200, 0x00007fb245c84000)
 Metaspace       used 24227K, capacity 24629K, committed 24832K, reserved 26624K
}
Event: 2465.571 GC heap before
{Heap before GC invocations=2103 (full 5):
 def new generation   total 1711104K, used 1609407K [0x00007fac08600000, 0x00007fac7c6a0000, 0x00007fb15db50000)
  eden space 1521024K, 100% used [0x00007fac08600000, 0x00007fac65360000, 0x00007fac65360000)
  from space 190080K,  46% used [0x00007fac70d00000, 0x00007fac7634ffc8, 0x00007fac7c6a0000)
  to   space 190080K,   0% used [0x00007fac65360000, 0x00007fac65360000, 0x00007fac70d00000)
 tenured generation   total 3802320K, used 3796464K [0x00007fb15db50000, 0x00007fb245c84000, 0x00007fbc08600000)
   the space 3802320K,  99% used [0x00007fb15db50000, 0x00007fb2456cc188, 0x00007fb2456cc200, 0x00007fb245c84000)
 Metaspace       used 24227K, capacity 24629K, committed 24832K, reserved 26624K
}
Event: 2465.636 GC heap after
{Heap after GC invocations=2104 (full 5):
 def new generation   total 1711104K, used 77121K [0x00007fac08600000, 0x00007fac7c6a0000, 0x00007fb15db50000)
  eden space 1521024K,   0% used [0x00007fac08600000, 0x00007fac08600000, 0x00007fac65360000)
  from space 190080K,  40% used [0x00007fac65360000, 0x00007fac69eb0430, 0x00007fac70d00000)
  to   space 190080K,   0% used [0x00007fac70d00000, 0x00007fac70d00000, 0x00007fac7c6a0000)
 tenured generation   total 3802320K, used 3796464K [0x00007fb15db50000, 0x00007fb245c84000, 0x00007fbc08600000)
   the space 3802320K,  99% used [0x00007fb15db50000, 0x00007fb2456cc188, 0x00007fb2456cc200, 0x00007fb245c84000)
 Metaspace       used 24227K, capacity 24629K, committed 24832K, reserved 26624K
}
Event: 2467.406 GC heap before
{Heap before GC invocations=2104 (full 5):
 def new generation   total 1711104K, used 1598145K [0x00007fac08600000, 0x00007fac7c6a0000, 0x00007fb15db50000)
  eden space 1521024K, 100% used [0x00007fac08600000, 0x00007fac65360000, 0x00007fac65360000)
  from space 190080K,  40% used [0x00007fac65360000, 0x00007fac69eb0430, 0x00007fac70d00000)
  to   space 190080K,   0% used [0x00007fac70d00000, 0x00007fac70d00000, 0x00007fac7c6a0000)
 tenured generation   total 3802320K, used 3796464K [0x00007fb15db50000, 0x00007fb245c84000, 0x00007fbc08600000)
   the space 3802320K,  99% used [0x00007fb15db50000, 0x00007fb2456cc188, 0x00007fb2456cc200, 0x00007fb245c84000)
 Metaspace       used 24227K, capacity 24629K, committed 24832K, reserved 26624K
}
Event: 2467.480 GC heap after
{Heap after GC invocations=2105 (full 5):
 def new generation   total 1711104K, used 82247K [0x00007fac08600000, 0x00007fac7c6a0000, 0x00007fb15db50000)
  eden space 1521024K,   0% used [0x00007fac08600000, 0x00007fac08600000, 0x00007fac65360000)
  from space 190080K,  43% used [0x00007fac70d00000, 0x00007fac75d51f18, 0x00007fac7c6a0000)
  to   space 190080K,   0% used [0x00007fac65360000, 0x00007fac65360000, 0x00007fac70d00000)
 tenured generation   total 3802320K, used 3796464K [0x00007fb15db50000, 0x00007fb245c84000, 0x00007fbc08600000)
   the space 3802320K,  99% used [0x00007fb15db50000, 0x00007fb2456cc188, 0x00007fb2456cc200, 0x00007fb245c84000)
 Metaspace       used 24227K, capacity 24629K, committed 24832K, reserved 26624K
}
Event: 2469.063 GC heap before
{Heap before GC invocations=2105 (full 5):
 def new generation   total 1711104K, used 1603271K [0x00007fac08600000, 0x00007fac7c6a0000, 0x00007fb15db50000)
  eden space 1521024K, 100% used [0x00007fac08600000, 0x00007fac65360000, 0x00007fac65360000)
  from space 190080K,  43% used [0x00007fac70d00000, 0x00007fac75d51f18, 0x00007fac7c6a0000)
  to   space 190080K,   0% used [0x00007fac65360000, 0x00007fac65360000, 0x00007fac70d00000)
 tenured generation   total 3802320K, used 3796464K [0x00007fb15db50000, 0x00007fb245c84000, 0x00007fbc08600000)
   the space 3802320K,  99% used [0x00007fb15db50000, 0x00007fb2456cc188, 0x00007fb2456cc200, 0x00007fb245c84000)
 Metaspace       used 24227K, capacity 24629K, committed 24832K, reserved 26624K
}
Event: 2469.159 GC heap after
{Heap after GC invocations=2106 (full 5):
 def new generation   total 1711104K, used 67831K [0x00007fac08600000, 0x00007fac7c6a0000, 0x00007fb15db50000)
  eden space 1521024K,   0% used [0x00007fac08600000, 0x00007fac08600000, 0x00007fac65360000)
  from space 190080K,  35% used [0x00007fac65360000, 0x00007fac6959df28, 0x00007fac70d00000)
  to   space 190080K,   0% used [0x00007fac70d00000, 0x00007fac70d00000, 0x00007fac7c6a0000)
 tenured generation   total 3818708K, used 3813424K [0x00007fb15db50000, 0x00007fb246c85000, 0x00007fbc08600000)
   the space 3818708K,  99% used [0x00007fb15db50000, 0x00007fb24675c180, 0x00007fb24675c200, 0x00007fb246c85000)
 Metaspace       used 24227K, capacity 24629K, committed 24832K, reserved 26624K
}
Event: 2469.159 GC heap before
{Heap before GC invocations=2106 (full 5):
 def new generation   total 1711104K, used 67831K [0x00007fac08600000, 0x00007fac7c6a0000, 0x00007fb15db50000)
  eden space 1521024K,   0% used [0x00007fac08600000, 0x00007fac08600000, 0x00007fac65360000)
  from space 190080K,  35% used [0x00007fac65360000, 0x00007fac6959df28, 0x00007fac70d00000)
  to   space 190080K,   0% used [0x00007fac70d00000, 0x00007fac70d00000, 0x00007fac7c6a0000)
 tenured generation   total 3818708K, used 3813424K [0x00007fb15db50000, 0x00007fb246c85000, 0x00007fbc08600000)
   the space 3818708K,  99% used [0x00007fb15db50000, 0x00007fb24675c180, 0x00007fb24675c200, 0x00007fb246c85000)
 Metaspace       used 24227K, capacity 24629K, committed 24832K, reserved 26624K
}

