# JRE version: OpenJDK Runtime Environment (13.0.7+5) (build 13.0.7+5-Ubuntu-0ubuntu120.04)
# Java VM: OpenJDK 64-Bit Server VM (13.0.7+5-Ubuntu-0ubuntu120.04, mixed mode, tiered, serial gc, linux-amd64)
Heap:
 def new generation   total 5093376K, used 4282449K [0x00007f4adc600000, 0x00007f4c35ca0000, 0x00007f5031b50000)
  eden space 4527488K,  94% used [0x00007f4adc600000, 0x00007f4be1c14428, 0x00007f4bf0b60000)
  from space 565888K,   0% used [0x00007f4bf0b60000, 0x00007f4bf0b60000, 0x00007f4c13400000)
  to   space 565888K,   0% used [0x00007f4c13400000, 0x00007f4c134001b0, 0x00007f4c35ca0000)
 tenured generation   total 11318412K, used 9446452K [0x00007f5031b50000, 0x00007f52e4873000, 0x00007f5adc600000)
   the space 11318412K,  83% used [0x00007f5031b50000, 0x00007f527245d018, 0x00007f527245d200, 0x00007f52e4873000)
 Metaspace       used 23094K, capacity 23444K, committed 23552K, reserved 24576K
GC Heap History (20 events):
Event: 4.597 GC heap after
{Heap after GC invocations=2 (full 1):
 def new generation   total 629248K, used 746K [0x00007f4adc600000, 0x00007f4b070c0000, 0x00007f5031b50000)
  eden space 559360K,   0% used [0x00007f4adc600000, 0x00007f4adc600000, 0x00007f4afe840000)
  from space 69888K,   1% used [0x00007f4b02c80000, 0x00007f4b02d3a9b8, 0x00007f4b070c0000)
  to   space 69888K,   0% used [0x00007f4afe840000, 0x00007f4afe840000, 0x00007f4b02c80000)
 tenured generation   total 1398144K, used 13580K [0x00007f5031b50000, 0x00007f50870b0000, 0x00007f5adc600000)
   the space 1398144K,   0% used [0x00007f5031b50000, 0x00007f50328930b0, 0x00007f5032893200, 0x00007f50870b0000)
 Metaspace       used 22921K, capacity 23303K, committed 23552K, reserved 24576K
}
Event: 5.037 GC heap before
{Heap before GC invocations=2 (full 1):
 def new generation   total 629248K, used 322658K [0x00007f4adc600000, 0x00007f4b070c0000, 0x00007f5031b50000)
  eden space 559360K,  57% used [0x00007f4adc600000, 0x00007f4af005e0b0, 0x00007f4afe840000)
  from space 69888K,   1% used [0x00007f4b02c80000, 0x00007f4b02d3a9b8, 0x00007f4b070c0000)
  to   space 69888K,   0% used [0x00007f4afe840000, 0x00007f4afe840000, 0x00007f4b02c80000)
 tenured generation   total 1398144K, used 13580K [0x00007f5031b50000, 0x00007f50870b0000, 0x00007f5adc600000)
   the space 1398144K,   0% used [0x00007f5031b50000, 0x00007f50328930b0, 0x00007f5032893200, 0x00007f50870b0000)
 Metaspace       used 23094K, capacity 23444K, committed 23552K, reserved 24576K
}
Event: 5.119 GC heap after
{Heap after GC invocations=3 (full 1):
 def new generation   total 629248K, used 66579K [0x00007f4adc600000, 0x00007f4b070c0000, 0x00007f5031b50000)
  eden space 559360K,   0% used [0x00007f4adc600000, 0x00007f4adc600000, 0x00007f4afe840000)
  from space 69888K,  95% used [0x00007f4afe840000, 0x00007f4b02944cd0, 0x00007f4b02c80000)
  to   space 69888K,   0% used [0x00007f4b02c80000, 0x00007f4b02c80000, 0x00007f4b070c0000)
 tenured generation   total 1398144K, used 13580K [0x00007f5031b50000, 0x00007f50870b0000, 0x00007f5adc600000)
   the space 1398144K,   0% used [0x00007f5031b50000, 0x00007f50328930b0, 0x00007f5032893200, 0x00007f50870b0000)
 Metaspace       used 23094K, capacity 23444K, committed 23552K, reserved 24576K
}
Event: 5.119 GC heap before
{Heap before GC invocations=3 (full 1):
 def new generation   total 629248K, used 66579K [0x00007f4adc600000, 0x00007f4b070c0000, 0x00007f5031b50000)
  eden space 559360K,   0% used [0x00007f4adc600000, 0x00007f4adc600000, 0x00007f4afe840000)
  from space 69888K,  95% used [0x00007f4afe840000, 0x00007f4b02944cd0, 0x00007f4b02c80000)
  to   space 69888K,   0% used [0x00007f4b02c80000, 0x00007f4b02c80000, 0x00007f4b070c0000)
 tenured generation   total 1398144K, used 13580K [0x00007f5031b50000, 0x00007f50870b0000, 0x00007f5adc600000)
   the space 1398144K,   0% used [0x00007f5031b50000, 0x00007f50328930b0, 0x00007f5032893200, 0x00007f50870b0000)
 Metaspace       used 23094K, capacity 23444K, committed 23552K, reserved 24576K
}
Event: 5.238 GC heap after
{Heap after GC invocations=3 (full 2):
 def new generation   total 629248K, used 0K [0x00007f4adc600000, 0x00007f4b070c0000, 0x00007f5031b50000)
  eden space 559360K,   0% used [0x00007f4adc600000, 0x00007f4adc600000, 0x00007f4afe840000)
  from space 69888K,   0% used [0x00007f4afe840000, 0x00007f4afe840000, 0x00007f4b02c80000)
  to   space 69888K,   0% used [0x00007f4b02c80000, 0x00007f4b02c80000, 0x00007f4b070c0000)
 tenured generation   total 1398144K, used 80157K [0x00007f5031b50000, 0x00007f50870b0000, 0x00007f5adc600000)
   the space 1398144K,   5% used [0x00007f5031b50000, 0x00007f50369975a0, 0x00007f5036997600, 0x00007f50870b0000)
 Metaspace       used 23094K, capacity 23444K, committed 23552K, reserved 24576K
}
Event: 9.449 GC heap before
{Heap before GC invocations=3 (full 2):
 def new generation   total 629248K, used 10877K [0x00007f4adc600000, 0x00007f4b070c0000, 0x00007f5031b50000)
  eden space 559360K,   1% used [0x00007f4adc600000, 0x00007f4add09f778, 0x00007f4afe840000)
  from space 69888K,   0% used [0x00007f4afe840000, 0x00007f4afe840000, 0x00007f4b02c80000)
  to   space 69888K,   0% used [0x00007f4b02c80000, 0x00007f4b02c80000, 0x00007f4b070c0000)
 tenured generation   total 5592452K, used 4274461K [0x00007f5031b50000, 0x00007f51870b1000, 0x00007f5adc600000)
   the space 5592452K,  76% used [0x00007f5031b50000, 0x00007f51369975b8, 0x00007f5136997600, 0x00007f51870b1000)
 Metaspace       used 23094K, capacity 23444K, committed 23552K, reserved 24576K
}
Event: 9.454 GC heap after
{Heap after GC invocations=4 (full 2):
 def new generation   total 629248K, used 0K [0x00007f4adc600000, 0x00007f4b070c0000, 0x00007f5031b50000)
  eden space 559360K,   0% used [0x00007f4adc600000, 0x00007f4adc600000, 0x00007f4afe840000)
  from space 69888K,   0% used [0x00007f4b02c80000, 0x00007f4b02c80160, 0x00007f4b070c0000)
  to   space 69888K,   0% used [0x00007f4afe840000, 0x00007f4afe840000, 0x00007f4b02c80000)
 tenured generation   total 5592452K, used 4274461K [0x00007f5031b50000, 0x00007f51870b1000, 0x00007f5adc600000)
   the space 5592452K,  76% used [0x00007f5031b50000, 0x00007f51369975b8, 0x00007f5136997600, 0x00007f51870b1000)
 Metaspace       used 23094K, capacity 23444K, committed 23552K, reserved 24576K
}
Event: 9.454 GC heap before
{Heap before GC invocations=4 (full 2):
 def new generation   total 629248K, used 0K [0x00007f4adc600000, 0x00007f4b070c0000, 0x00007f5031b50000)
  eden space 559360K,   0% used [0x00007f4adc600000, 0x00007f4adc600000, 0x00007f4afe840000)
  from space 69888K,   0% used [0x00007f4b02c80000, 0x00007f4b02c80160, 0x00007f4b070c0000)
  to   space 69888K,   0% used [0x00007f4afe840000, 0x00007f4afe840000, 0x00007f4b02c80000)
 tenured generation   total 5592452K, used 4274461K [0x00007f5031b50000, 0x00007f51870b1000, 0x00007f5adc600000)
   the space 5592452K,  76% used [0x00007f5031b50000, 0x00007f51369975b8, 0x00007f5136997600, 0x00007f51870b1000)
 Metaspace       used 23094K, capacity 23444K, committed 23552K, reserved 24576K
}
Event: 9.509 GC heap after
{Heap after GC invocations=4 (full 3):
 def new generation   total 3205952K, used 0K [0x00007f4adc600000, 0x00007f4bb5ca0000, 0x00007f5031b50000)
  eden space 2849792K,   0% used [0x00007f4adc600000, 0x00007f4adc600000, 0x00007f4b8a500000)
  from space 356160K,   0% used [0x00007f4b8a500000, 0x00007f4b8a500000, 0x00007f4ba00d0000)
  to   space 356160K,   0% used [0x00007f4ba00d0000, 0x00007f4ba00d0000, 0x00007f4bb5ca0000)
 tenured generation   total 7124104K, used 4274461K [0x00007f5031b50000, 0x00007f51e4872000, 0x00007f5adc600000)
   the space 7124104K,  59% used [0x00007f5031b50000, 0x00007f5136997718, 0x00007f5136997800, 0x00007f51e4872000)
 Metaspace       used 23094K, capacity 23444K, committed 23552K, reserved 24576K
}
Event: 11.642 GC heap before
{Heap before GC invocations=4 (full 3):
 def new generation   total 3205952K, used 2152571K [0x00007f4adc600000, 0x00007f4bb5ca0000, 0x00007f5031b50000)
  eden space 2849792K,  75% used [0x00007f4adc600000, 0x00007f4b5fc1ef10, 0x00007f4b8a500000)
  from space 356160K,   0% used [0x00007f4b8a500000, 0x00007f4b8a500000, 0x00007f4ba00d0000)
  to   space 356160K,   0% used [0x00007f4ba00d0000, 0x00007f4ba00d0000, 0x00007f4bb5ca0000)
 tenured generation   total 7124104K, used 4274461K [0x00007f5031b50000, 0x00007f51e4872000, 0x00007f5adc600000)
   the space 7124104K,  59% used [0x00007f5031b50000, 0x00007f5136997718, 0x00007f5136997800, 0x00007f51e4872000)
 Metaspace       used 23094K, capacity 23444K, committed 23552K, reserved 24576K
}
Event: 12.688 GC heap after
{Heap after GC invocations=5 (full 3):
 def new generation   total 3205952K, used 0K [0x00007f4adc600000, 0x00007f4bb5ca0000, 0x00007f5031b50000)
  eden space 2849792K,   0% used [0x00007f4adc600000, 0x00007f4adc600000, 0x00007f4b8a500000)
  from space 356160K,   0% used [0x00007f4ba00d0000, 0x00007f4ba00d02a0, 0x00007f4bb5ca0000)
  to   space 356160K,   0% used [0x00007f4b8a500000, 0x00007f4b8a500000, 0x00007f4ba00d0000)
 tenured generation   total 7124104K, used 6371613K [0x00007f5031b50000, 0x00007f51e4872000, 0x00007f5adc600000)
   the space 7124104K,  89% used [0x00007f5031b50000, 0x00007f51b6997730, 0x00007f51b6997800, 0x00007f51e4872000)
 Metaspace       used 23094K, capacity 23444K, committed 23552K, reserved 24576K
}
Event: 13.675 GC heap before
{Heap before GC invocations=5 (full 3):
 def new generation   total 3205952K, used 2152610K [0x00007f4adc600000, 0x00007f4bb5ca0000, 0x00007f5031b50000)
  eden space 2849792K,  75% used [0x00007f4adc600000, 0x00007f4b5fc28770, 0x00007f4b8a500000)
  from space 356160K,   0% used [0x00007f4ba00d0000, 0x00007f4ba00d02a0, 0x00007f4bb5ca0000)
  to   space 356160K,   0% used [0x00007f4b8a500000, 0x00007f4b8a500000, 0x00007f4ba00d0000)
 tenured generation   total 7124104K, used 6371613K [0x00007f5031b50000, 0x00007f51e4872000, 0x00007f5adc600000)
   the space 7124104K,  89% used [0x00007f5031b50000, 0x00007f51b6997730, 0x00007f51b6997800, 0x00007f51e4872000)
 Metaspace       used 23094K, capacity 23444K, committed 23552K, reserved 24576K
}
Event: 15.256 GC heap after
{Heap after GC invocations=6 (full 3):
 def new generation   total 3205952K, used 1K [0x00007f4adc600000, 0x00007f4bb5ca0000, 0x00007f5031b50000)
  eden space 2849792K,   0% used [0x00007f4adc600000, 0x00007f4adc600000, 0x00007f4b8a500000)
  from space 356160K,   0% used [0x00007f4b8a500000, 0x00007f4b8a500518, 0x00007f4ba00d0000)
  to   space 356160K,   0% used [0x00007f4ba00d0000, 0x00007f4ba00d0000, 0x00007f4bb5ca0000)
 tenured generation   total 9221260K, used 8468765K [0x00007f5031b50000, 0x00007f5264873000, 0x00007f5adc600000)
   the space 9221260K,  91% used [0x00007f5031b50000, 0x00007f5236997748, 0x00007f5236997800, 0x00007f5264873000)
 Metaspace       used 23094K, capacity 23444K, committed 23552K, reserved 24576K
}
Event: 15.256 GC heap before
{Heap before GC invocations=6 (full 3):
 def new generation   total 3205952K, used 1K [0x00007f4adc600000, 0x00007f4bb5ca0000, 0x00007f5031b50000)
  eden space 2849792K,   0% used [0x00007f4adc600000, 0x00007f4adc600000, 0x00007f4b8a500000)
  from space 356160K,   0% used [0x00007f4b8a500000, 0x00007f4b8a500518, 0x00007f4ba00d0000)
  to   space 356160K,   0% used [0x00007f4ba00d0000, 0x00007f4ba00d0000, 0x00007f4bb5ca0000)
 tenured generation   total 9221260K, used 8468765K [0x00007f5031b50000, 0x00007f5264873000, 0x00007f5adc600000)
   the space 9221260K,  91% used [0x00007f5031b50000, 0x00007f5236997748, 0x00007f5236997800, 0x00007f5264873000)
 Metaspace       used 23094K, capacity 23444K, committed 23552K, reserved 24576K
}
Event: 17.649 GC heap after
{Heap after GC invocations=6 (full 4):
 def new generation   total 3205952K, used 0K [0x00007f4adc600000, 0x00007f4bb5ca0000, 0x00007f5031b50000)
  eden space 2849792K,   0% used [0x00007f4adc600000, 0x00007f4adc600000, 0x00007f4b8a500000)
  from space 356160K,   0% used [0x00007f4b8a500000, 0x00007f4b8a500000, 0x00007f4ba00d0000)
  to   space 356160K,   0% used [0x00007f4ba00d0000, 0x00007f4ba00d0000, 0x00007f4bb5ca0000)
 tenured generation   total 7124104K, used 4203571K [0x00007f5031b50000, 0x00007f51e4872000, 0x00007f5adc600000)
   the space 7124104K,  59% used [0x00007f5031b50000, 0x00007f513245cd20, 0x00007f513245ce00, 0x00007f51e4872000)
 Metaspace       used 23094K, capacity 23444K, committed 23552K, reserved 24576K
}
Event: 24.644 GC heap before
{Heap before GC invocations=6 (full 4):
 def new generation   total 3205952K, used 1104058K [0x00007f4adc600000, 0x00007f4bb5ca0000, 0x00007f5031b50000)
  eden space 2849792K,  38% used [0x00007f4adc600000, 0x00007f4b1fc2e900, 0x00007f4b8a500000)
  from space 356160K,   0% used [0x00007f4b8a500000, 0x00007f4b8a500000, 0x00007f4ba00d0000)
  to   space 356160K,   0% used [0x00007f4ba00d0000, 0x00007f4ba00d0000, 0x00007f4bb5ca0000)
 tenured generation   total 11318412K, used 8397875K [0x00007f5031b50000, 0x00007f52e4873000, 0x00007f5adc600000)
   the space 11318412K,  74% used [0x00007f5031b50000, 0x00007f523245cd38, 0x00007f523245ce00, 0x00007f52e4873000)
 Metaspace       used 23094K, capacity 23444K, committed 23552K, reserved 24576K
}
Event: 25.577 GC heap after
{Heap after GC invocations=7 (full 4):
 def new generation   total 3205952K, used 2K [0x00007f4adc600000, 0x00007f4bb5ca0000, 0x00007f5031b50000)
  eden space 2849792K,   0% used [0x00007f4adc600000, 0x00007f4adc600000, 0x00007f4b8a500000)
  from space 356160K,   0% used [0x00007f4ba00d0000, 0x00007f4ba00d08f0, 0x00007f4bb5ca0000)
  to   space 356160K,   0% used [0x00007f4b8a500000, 0x00007f4b8a500000, 0x00007f4ba00d0000)
 tenured generation   total 11318412K, used 9446451K [0x00007f5031b50000, 0x00007f52e4873000, 0x00007f5adc600000)
   the space 11318412K,  83% used [0x00007f5031b50000, 0x00007f527245cd68, 0x00007f527245ce00, 0x00007f52e4873000)
 Metaspace       used 23094K, capacity 23444K, committed 23552K, reserved 24576K
}
Event: 25.577 GC heap before
{Heap before GC invocations=7 (full 4):
 def new generation   total 3205952K, used 2K [0x00007f4adc600000, 0x00007f4bb5ca0000, 0x00007f5031b50000)
  eden space 2849792K,   0% used [0x00007f4adc600000, 0x00007f4adc600000, 0x00007f4b8a500000)
  from space 356160K,   0% used [0x00007f4ba00d0000, 0x00007f4ba00d08f0, 0x00007f4bb5ca0000)
  to   space 356160K,   0% used [0x00007f4b8a500000, 0x00007f4b8a500000, 0x00007f4ba00d0000)
 tenured generation   total 11318412K, used 9446451K [0x00007f5031b50000, 0x00007f52e4873000, 0x00007f5adc600000)
   the space 11318412K,  83% used [0x00007f5031b50000, 0x00007f527245cd68, 0x00007f527245ce00, 0x00007f52e4873000)
 Metaspace       used 23094K, capacity 23444K, committed 23552K, reserved 24576K
}
Event: 26.284 GC heap after
{Heap after GC invocations=7 (full 5):
 def new generation   total 5093376K, used 0K [0x00007f4adc600000, 0x00007f4c35ca0000, 0x00007f5031b50000)
  eden space 4527488K,   0% used [0x00007f4adc600000, 0x00007f4adc600000, 0x00007f4bf0b60000)
  from space 565888K,   0% used [0x00007f4bf0b60000, 0x00007f4bf0b60000, 0x00007f4c13400000)
  to   space 565888K,   0% used [0x00007f4c13400000, 0x00007f4c13400000, 0x00007f4c35ca0000)
 tenured generation   total 11318412K, used 1057844K [0x00007f5031b50000, 0x00007f52e4873000, 0x00007f5adc600000)
   the space 11318412K,   9% used [0x00007f5031b50000, 0x00007f507245d000, 0x00007f507245d000, 0x00007f52e4873000)
 Metaspace       used 23094K, capacity 23444K, committed 23552K, reserved 24576K
}
Event: 44.364 GC heap before
{Heap before GC invocations=7 (full 5):
 def new generation   total 5093376K, used 4282449K [0x00007f4adc600000, 0x00007f4c35ca0000, 0x00007f5031b50000)
  eden space 4527488K,  94% used [0x00007f4adc600000, 0x00007f4be1c14428, 0x00007f4bf0b60000)
  from space 565888K,   0% used [0x00007f4bf0b60000, 0x00007f4bf0b60000, 0x00007f4c13400000)
  to   space 565888K,   0% used [0x00007f4c13400000, 0x00007f4c13400000, 0x00007f4c35ca0000)
 tenured generation   total 11318412K, used 9446452K [0x00007f5031b50000, 0x00007f52e4873000, 0x00007f5adc600000)
   the space 11318412K,  83% used [0x00007f5031b50000, 0x00007f527245d018, 0x00007f527245d200, 0x00007f52e4873000)
 Metaspace       used 23094K, capacity 23444K, committed 23552K, reserved 24576K
}

