# JRE version: OpenJDK Runtime Environment (13.0.7+5) (build 13.0.7+5-Ubuntu-0ubuntu120.04)
# Java VM: OpenJDK 64-Bit Server VM (13.0.7+5-Ubuntu-0ubuntu120.04, mixed mode, tiered, serial gc, linux-amd64)
Heap:
 def new generation   total 10150592K, used 0K [0x00007f9064600000, 0x00007f9314c10000, 0x00007f95b9b50000)
  eden space 9022784K,   0% used [0x00007f9064600000, 0x00007f9064600000, 0x00007f928b150000)
  from space 1127808K,   0% used [0x00007f928b150000, 0x00007f928b150000, 0x00007f92cfeb0000)
  to   space 1127808K,   0% used [0x00007f92cfeb0000, 0x00007f92cfeb0000, 0x00007f9314c10000)
 tenured generation   total 22646336K, used 22457434K [0x00007f95b9b50000, 0x00007f9b1fee0000, 0x00007fa064600000)
   the space 22646336K,  99% used [0x00007f95b9b50000, 0x00007f9b14666b80, 0x00007f9b14666c00, 0x00007f9b1fee0000)
 Metaspace       used 30316K, capacity 30769K, committed 30976K, reserved 32768K
GC Heap History (20 events):
Event: 428.149 GC heap after
{Heap after GC invocations=46 (full 6):
 def new generation   total 10150592K, used 619622K [0x00007f9064600000, 0x00007f9314c10000, 0x00007f95b9b50000)
  eden space 9022784K,   0% used [0x00007f9064600000, 0x00007f9064600000, 0x00007f928b150000)
  from space 1127808K,  54% used [0x00007f92cfeb0000, 0x00007f92f5bc9b38, 0x00007f9314c10000)
  to   space 1127808K,   0% used [0x00007f928b150000, 0x00007f928b150000, 0x00007f92cfeb0000)
 tenured generation   total 22556672K, used 17182196K [0x00007f95b9b50000, 0x00007f9b1a750000, 0x00007fa064600000)
   the space 22556672K,  76% used [0x00007f95b9b50000, 0x00007f99d26cd078, 0x00007f99d26cd200, 0x00007f9b1a750000)
 Metaspace       used 30316K, capacity 30769K, committed 30976K, reserved 32768K
}
Event: 430.556 GC heap before
{Heap before GC invocations=46 (full 6):
 def new generation   total 10150592K, used 9642406K [0x00007f9064600000, 0x00007f9314c10000, 0x00007f95b9b50000)
  eden space 9022784K, 100% used [0x00007f9064600000, 0x00007f928b150000, 0x00007f928b150000)
  from space 1127808K,  54% used [0x00007f92cfeb0000, 0x00007f92f5bc9b38, 0x00007f9314c10000)
  to   space 1127808K,   0% used [0x00007f928b150000, 0x00007f928b150000, 0x00007f92cfeb0000)
 tenured generation   total 22556672K, used 17182196K [0x00007f95b9b50000, 0x00007f9b1a750000, 0x00007fa064600000)
   the space 22556672K,  76% used [0x00007f95b9b50000, 0x00007f99d26cd078, 0x00007f99d26cd200, 0x00007f9b1a750000)
 Metaspace       used 30316K, capacity 30769K, committed 30976K, reserved 32768K
}
Event: 432.413 GC heap after
{Heap after GC invocations=47 (full 6):
 def new generation   total 10150592K, used 587853K [0x00007f9064600000, 0x00007f9314c10000, 0x00007f95b9b50000)
  eden space 9022784K,   0% used [0x00007f9064600000, 0x00007f9064600000, 0x00007f928b150000)
  from space 1127808K,  52% used [0x00007f928b150000, 0x00007f92aef637b0, 0x00007f92cfeb0000)
  to   space 1127808K,   0% used [0x00007f92cfeb0000, 0x00007f92cfeb0000, 0x00007f9314c10000)
 tenured generation   total 22556672K, used 17801818K [0x00007f95b9b50000, 0x00007f9b1a750000, 0x00007fa064600000)
   the space 22556672K,  78% used [0x00007f95b9b50000, 0x00007f99f83e6870, 0x00007f99f83e6a00, 0x00007f9b1a750000)
 Metaspace       used 30316K, capacity 30769K, committed 30976K, reserved 32768K
}
Event: 434.689 GC heap before
{Heap before GC invocations=47 (full 6):
 def new generation   total 10150592K, used 9610637K [0x00007f9064600000, 0x00007f9314c10000, 0x00007f95b9b50000)
  eden space 9022784K, 100% used [0x00007f9064600000, 0x00007f928b150000, 0x00007f928b150000)
  from space 1127808K,  52% used [0x00007f928b150000, 0x00007f92aef637b0, 0x00007f92cfeb0000)
  to   space 1127808K,   0% used [0x00007f92cfeb0000, 0x00007f92cfeb0000, 0x00007f9314c10000)
 tenured generation   total 22556672K, used 17801818K [0x00007f95b9b50000, 0x00007f9b1a750000, 0x00007fa064600000)
   the space 22556672K,  78% used [0x00007f95b9b50000, 0x00007f99f83e6870, 0x00007f99f83e6a00, 0x00007f9b1a750000)
 Metaspace       used 30316K, capacity 30769K, committed 30976K, reserved 32768K
}
Event: 436.746 GC heap after
{Heap after GC invocations=48 (full 6):
 def new generation   total 10150592K, used 586747K [0x00007f9064600000, 0x00007f9314c10000, 0x00007f95b9b50000)
  eden space 9022784K,   0% used [0x00007f9064600000, 0x00007f9064600000, 0x00007f928b150000)
  from space 1127808K,  52% used [0x00007f92cfeb0000, 0x00007f92f3baef30, 0x00007f9314c10000)
  to   space 1127808K,   0% used [0x00007f928b150000, 0x00007f928b150000, 0x00007f92cfeb0000)
 tenured generation   total 22556672K, used 18389671K [0x00007f95b9b50000, 0x00007f9b1a750000, 0x00007fa064600000)
   the space 22556672K,  81% used [0x00007f95b9b50000, 0x00007f9a1c1f9c90, 0x00007f9a1c1f9e00, 0x00007f9b1a750000)
 Metaspace       used 30316K, capacity 30769K, committed 30976K, reserved 32768K
}
Event: 439.050 GC heap before
{Heap before GC invocations=48 (full 6):
 def new generation   total 10150592K, used 9609531K [0x00007f9064600000, 0x00007f9314c10000, 0x00007f95b9b50000)
  eden space 9022784K, 100% used [0x00007f9064600000, 0x00007f928b150000, 0x00007f928b150000)
  from space 1127808K,  52% used [0x00007f92cfeb0000, 0x00007f92f3baef30, 0x00007f9314c10000)
  to   space 1127808K,   0% used [0x00007f928b150000, 0x00007f928b150000, 0x00007f92cfeb0000)
 tenured generation   total 22556672K, used 18389671K [0x00007f95b9b50000, 0x00007f9b1a750000, 0x00007fa064600000)
   the space 22556672K,  81% used [0x00007f95b9b50000, 0x00007f9a1c1f9c90, 0x00007f9a1c1f9e00, 0x00007f9b1a750000)
 Metaspace       used 30316K, capacity 30769K, committed 30976K, reserved 32768K
}
Event: 440.948 GC heap after
{Heap after GC invocations=49 (full 6):
 def new generation   total 10150592K, used 601450K [0x00007f9064600000, 0x00007f9314c10000, 0x00007f95b9b50000)
  eden space 9022784K,   0% used [0x00007f9064600000, 0x00007f9064600000, 0x00007f928b150000)
  from space 1127808K,  53% used [0x00007f928b150000, 0x00007f92afcaa820, 0x00007f92cfeb0000)
  to   space 1127808K,   0% used [0x00007f92cfeb0000, 0x00007f92cfeb0000, 0x00007f9314c10000)
 tenured generation   total 22556672K, used 18976418K [0x00007f95b9b50000, 0x00007f9b1a750000, 0x00007fa064600000)
   the space 22556672K,  84% used [0x00007f95b9b50000, 0x00007f9a3fef88f0, 0x00007f9a3fef8a00, 0x00007f9b1a750000)
 Metaspace       used 30316K, capacity 30769K, committed 30976K, reserved 32768K
}
Event: 443.263 GC heap before
{Heap before GC invocations=49 (full 6):
 def new generation   total 10150592K, used 9624234K [0x00007f9064600000, 0x00007f9314c10000, 0x00007f95b9b50000)
  eden space 9022784K, 100% used [0x00007f9064600000, 0x00007f928b150000, 0x00007f928b150000)
  from space 1127808K,  53% used [0x00007f928b150000, 0x00007f92afcaa820, 0x00007f92cfeb0000)
  to   space 1127808K,   0% used [0x00007f92cfeb0000, 0x00007f92cfeb0000, 0x00007f9314c10000)
 tenured generation   total 22556672K, used 18976418K [0x00007f95b9b50000, 0x00007f9b1a750000, 0x00007fa064600000)
   the space 22556672K,  84% used [0x00007f95b9b50000, 0x00007f9a3fef88f0, 0x00007f9a3fef8a00, 0x00007f9b1a750000)
 Metaspace       used 30316K, capacity 30769K, committed 30976K, reserved 32768K
}
Event: 445.286 GC heap after
{Heap after GC invocations=50 (full 6):
 def new generation   total 10150592K, used 627099K [0x00007f9064600000, 0x00007f9314c10000, 0x00007f95b9b50000)
  eden space 9022784K,   0% used [0x00007f9064600000, 0x00007f9064600000, 0x00007f928b150000)
  from space 1127808K,  55% used [0x00007f92cfeb0000, 0x00007f92f6316c80, 0x00007f9314c10000)
  to   space 1127808K,   0% used [0x00007f928b150000, 0x00007f928b150000, 0x00007f92cfeb0000)
 tenured generation   total 22556672K, used 19577867K [0x00007f95b9b50000, 0x00007f9b1a750000, 0x00007fa064600000)
   the space 22556672K,  86% used [0x00007f95b9b50000, 0x00007f9a64a52d20, 0x00007f9a64a52e00, 0x00007f9b1a750000)
 Metaspace       used 30316K, capacity 30769K, committed 30976K, reserved 32768K
}
Event: 447.597 GC heap before
{Heap before GC invocations=50 (full 6):
 def new generation   total 10150592K, used 9649883K [0x00007f9064600000, 0x00007f9314c10000, 0x00007f95b9b50000)
  eden space 9022784K, 100% used [0x00007f9064600000, 0x00007f928b150000, 0x00007f928b150000)
  from space 1127808K,  55% used [0x00007f92cfeb0000, 0x00007f92f6316c80, 0x00007f9314c10000)
  to   space 1127808K,   0% used [0x00007f928b150000, 0x00007f928b150000, 0x00007f92cfeb0000)
 tenured generation   total 22556672K, used 19577867K [0x00007f95b9b50000, 0x00007f9b1a750000, 0x00007fa064600000)
   the space 22556672K,  86% used [0x00007f95b9b50000, 0x00007f9a64a52d20, 0x00007f9a64a52e00, 0x00007f9b1a750000)
 Metaspace       used 30316K, capacity 30769K, committed 30976K, reserved 32768K
}
Event: 449.554 GC heap after
{Heap after GC invocations=51 (full 6):
 def new generation   total 10150592K, used 619511K [0x00007f9064600000, 0x00007f9314c10000, 0x00007f95b9b50000)
  eden space 9022784K,   0% used [0x00007f9064600000, 0x00007f9064600000, 0x00007f928b150000)
  from space 1127808K,  54% used [0x00007f928b150000, 0x00007f92b0e4ddc0, 0x00007f92cfeb0000)
  to   space 1127808K,   0% used [0x00007f92cfeb0000, 0x00007f92cfeb0000, 0x00007f9314c10000)
 tenured generation   total 22556672K, used 20204965K [0x00007f95b9b50000, 0x00007f9b1a750000, 0x00007fa064600000)
   the space 22556672K,  89% used [0x00007f95b9b50000, 0x00007f9a8aeb94b0, 0x00007f9a8aeb9600, 0x00007f9b1a750000)
 Metaspace       used 30316K, capacity 30769K, committed 30976K, reserved 32768K
}
Event: 451.799 GC heap before
{Heap before GC invocations=51 (full 6):
 def new generation   total 10150592K, used 9642295K [0x00007f9064600000, 0x00007f9314c10000, 0x00007f95b9b50000)
  eden space 9022784K, 100% used [0x00007f9064600000, 0x00007f928b150000, 0x00007f928b150000)
  from space 1127808K,  54% used [0x00007f928b150000, 0x00007f92b0e4ddc0, 0x00007f92cfeb0000)
  to   space 1127808K,   0% used [0x00007f92cfeb0000, 0x00007f92cfeb0000, 0x00007f9314c10000)
 tenured generation   total 22556672K, used 20204965K [0x00007f95b9b50000, 0x00007f9b1a750000, 0x00007fa064600000)
   the space 22556672K,  89% used [0x00007f95b9b50000, 0x00007f9a8aeb94b0, 0x00007f9a8aeb9600, 0x00007f9b1a750000)
 Metaspace       used 30316K, capacity 30769K, committed 30976K, reserved 32768K
}
Event: 453.605 GC heap after
{Heap after GC invocations=52 (full 6):
 def new generation   total 10150592K, used 598084K [0x00007f9064600000, 0x00007f9314c10000, 0x00007f95b9b50000)
  eden space 9022784K,   0% used [0x00007f9064600000, 0x00007f9064600000, 0x00007f928b150000)
  from space 1127808K,  53% used [0x00007f92cfeb0000, 0x00007f92f46c10d0, 0x00007f9314c10000)
  to   space 1127808K,   0% used [0x00007f928b150000, 0x00007f928b150000, 0x00007f92cfeb0000)
 tenured generation   total 22556672K, used 20824476K [0x00007f95b9b50000, 0x00007f9b1a750000, 0x00007fa064600000)
   the space 22556672K,  92% used [0x00007f95b9b50000, 0x00007f9ab0bb7060, 0x00007f9ab0bb7200, 0x00007f9b1a750000)
 Metaspace       used 30316K, capacity 30769K, committed 30976K, reserved 32768K
}
Event: 455.843 GC heap before
{Heap before GC invocations=52 (full 6):
 def new generation   total 10150592K, used 9620868K [0x00007f9064600000, 0x00007f9314c10000, 0x00007f95b9b50000)
  eden space 9022784K, 100% used [0x00007f9064600000, 0x00007f928b150000, 0x00007f928b150000)
  from space 1127808K,  53% used [0x00007f92cfeb0000, 0x00007f92f46c10d0, 0x00007f9314c10000)
  to   space 1127808K,   0% used [0x00007f928b150000, 0x00007f928b150000, 0x00007f92cfeb0000)
 tenured generation   total 22556672K, used 20824476K [0x00007f95b9b50000, 0x00007f9b1a750000, 0x00007fa064600000)
   the space 22556672K,  92% used [0x00007f95b9b50000, 0x00007f9ab0bb7060, 0x00007f9ab0bb7200, 0x00007f9b1a750000)
 Metaspace       used 30316K, capacity 30769K, committed 30976K, reserved 32768K
}
Event: 457.726 GC heap after
{Heap after GC invocations=53 (full 6):
 def new generation   total 10150592K, used 595113K [0x00007f9064600000, 0x00007f9314c10000, 0x00007f95b9b50000)
  eden space 9022784K,   0% used [0x00007f9064600000, 0x00007f9064600000, 0x00007f928b150000)
  from space 1127808K,  52% used [0x00007f928b150000, 0x00007f92af67a450, 0x00007f92cfeb0000)
  to   space 1127808K,   0% used [0x00007f92cfeb0000, 0x00007f92cfeb0000, 0x00007f9314c10000)
 tenured generation   total 22556672K, used 21422559K [0x00007f95b9b50000, 0x00007f9b1a750000, 0x00007fa064600000)
   the space 22556672K,  94% used [0x00007f95b9b50000, 0x00007f9ad53c7ee0, 0x00007f9ad53c8000, 0x00007f9b1a750000)
 Metaspace       used 30316K, capacity 30769K, committed 30976K, reserved 32768K
}
Event: 460.002 GC heap before
{Heap before GC invocations=53 (full 6):
 def new generation   total 10150592K, used 9617897K [0x00007f9064600000, 0x00007f9314c10000, 0x00007f95b9b50000)
  eden space 9022784K, 100% used [0x00007f9064600000, 0x00007f928b150000, 0x00007f928b150000)
  from space 1127808K,  52% used [0x00007f928b150000, 0x00007f92af67a450, 0x00007f92cfeb0000)
  to   space 1127808K,   0% used [0x00007f92cfeb0000, 0x00007f92cfeb0000, 0x00007f9314c10000)
 tenured generation   total 22556672K, used 21422559K [0x00007f95b9b50000, 0x00007f9b1a750000, 0x00007fa064600000)
   the space 22556672K,  94% used [0x00007f95b9b50000, 0x00007f9ad53c7ee0, 0x00007f9ad53c8000, 0x00007f9b1a750000)
 Metaspace       used 30316K, capacity 30769K, committed 30976K, reserved 32768K
}
Event: 461.876 GC heap after
{Heap after GC invocations=54 (full 6):
 def new generation   total 10150592K, used 628510K [0x00007f9064600000, 0x00007f9314c10000, 0x00007f95b9b50000)
  eden space 9022784K,   0% used [0x00007f9064600000, 0x00007f9064600000, 0x00007f928b150000)
  from space 1127808K,  55% used [0x00007f92cfeb0000, 0x00007f92f64779e8, 0x00007f9314c10000)
  to   space 1127808K,   0% used [0x00007f928b150000, 0x00007f928b150000, 0x00007f92cfeb0000)
 tenured generation   total 22556672K, used 22017672K [0x00007f95b9b50000, 0x00007f9b1a750000, 0x00007fa064600000)
   the space 22556672K,  97% used [0x00007f95b9b50000, 0x00007f9af98f20a0, 0x00007f9af98f2200, 0x00007f9b1a750000)
 Metaspace       used 30316K, capacity 30769K, committed 30976K, reserved 32768K
}
Event: 464.147 GC heap before
{Heap before GC invocations=54 (full 6):
 def new generation   total 10150592K, used 9651294K [0x00007f9064600000, 0x00007f9314c10000, 0x00007f95b9b50000)
  eden space 9022784K, 100% used [0x00007f9064600000, 0x00007f928b150000, 0x00007f928b150000)
  from space 1127808K,  55% used [0x00007f92cfeb0000, 0x00007f92f64779e8, 0x00007f9314c10000)
  to   space 1127808K,   0% used [0x00007f928b150000, 0x00007f928b150000, 0x00007f92cfeb0000)
 tenured generation   total 22556672K, used 22017672K [0x00007f95b9b50000, 0x00007f9b1a750000, 0x00007fa064600000)
   the space 22556672K,  97% used [0x00007f95b9b50000, 0x00007f9af98f20a0, 0x00007f9af98f2200, 0x00007f9b1a750000)
 Metaspace       used 30316K, capacity 30769K, committed 30976K, reserved 32768K
}
Event: 466.074 GC heap after
{Heap after GC invocations=55 (full 6):
 def new generation   total 10150592K, used 627581K [0x00007f9064600000, 0x00007f9314c10000, 0x00007f95b9b50000)
  eden space 9022784K,   0% used [0x00007f9064600000, 0x00007f9064600000, 0x00007f928b150000)
  from space 1127808K,  55% used [0x00007f928b150000, 0x00007f92b162f7d8, 0x00007f92cfeb0000)
  to   space 1127808K,   0% used [0x00007f92cfeb0000, 0x00007f92cfeb0000, 0x00007f9314c10000)
 tenured generation   total 22646336K, used 22646182K [0x00007f95b9b50000, 0x00007f9b1fee0000, 0x00007fa064600000)
   the space 22646336K,  99% used [0x00007f95b9b50000, 0x00007f9b1feb9a48, 0x00007f9b1feb9c00, 0x00007f9b1fee0000)
 Metaspace       used 30316K, capacity 30769K, committed 30976K, reserved 32768K
}
Event: 466.074 GC heap before
{Heap before GC invocations=55 (full 6):
 def new generation   total 10150592K, used 627581K [0x00007f9064600000, 0x00007f9314c10000, 0x00007f95b9b50000)
  eden space 9022784K,   0% used [0x00007f9064600000, 0x00007f9064600000, 0x00007f928b150000)
  from space 1127808K,  55% used [0x00007f928b150000, 0x00007f92b162f7d8, 0x00007f92cfeb0000)
  to   space 1127808K,   0% used [0x00007f92cfeb0000, 0x00007f92cfeb0000, 0x00007f9314c10000)
 tenured generation   total 22646336K, used 22646182K [0x00007f95b9b50000, 0x00007f9b1fee0000, 0x00007fa064600000)
   the space 22646336K,  99% used [0x00007f95b9b50000, 0x00007f9b1feb9a48, 0x00007f9b1feb9c00, 0x00007f9b1fee0000)
 Metaspace       used 30316K, capacity 30769K, committed 30976K, reserved 32768K
}

