# JRE version: OpenJDK Runtime Environment (13.0.7+5) (build 13.0.7+5-Ubuntu-0ubuntu120.04)
# Java VM: OpenJDK 64-Bit Server VM (13.0.7+5-Ubuntu-0ubuntu120.04, mixed mode, tiered, serial gc, linux-amd64)
Heap:
 def new generation   total 5559872K, used 0K [0x00007effc8600000, 0x00007f01416d0000, 0x00007f051db50000)
  eden space 4942144K,   0% used [0x00007effc8600000, 0x00007effc8600000, 0x00007f00f6050000)
  from space 617728K,   0% used [0x00007f011bb90000, 0x00007f011bb90000, 0x00007f01416d0000)
  to   space 617728K,   0% used [0x00007f00f6050000, 0x00007f00f6050000, 0x00007f011bb90000)
 tenured generation   total 12894648K, used 12821387K [0x00007f051db50000, 0x00007f0830bbe000, 0x00007f0fc8600000)
   the space 12894648K,  99% used [0x00007f051db50000, 0x00007f082c432e88, 0x00007f082c433000, 0x00007f0830bbe000)
 Metaspace       used 30030K, capacity 30416K, committed 30720K, reserved 30720K
GC Heap History (20 events):
Event: 275.657 GC heap after
{Heap after GC invocations=62 (full 4):
 def new generation   total 3087104K, used 342975K [0x00007effc8600000, 0x00007f0099bb0000, 0x00007f051db50000)
  eden space 2744128K,   0% used [0x00007effc8600000, 0x00007effc8600000, 0x00007f006fdd0000)
  from space 342976K,  99% used [0x00007f0084cc0000, 0x00007f0099bafff0, 0x00007f0099bb0000)
  to   space 342976K,   0% used [0x00007f006fdd0000, 0x00007f006fdd0000, 0x00007f0084cc0000)
 tenured generation   total 6860116K, used 6835338K [0x00007f051db50000, 0x00007f06c06a5000, 0x00007f0fc8600000)
   the space 6860116K,  99% used [0x00007f051db50000, 0x00007f06bee72850, 0x00007f06bee72a00, 0x00007f06c06a5000)
 Metaspace       used 30030K, capacity 30416K, committed 30720K, reserved 30720K
}
Event: 361.158 GC heap before
{Heap before GC invocations=62 (full 4):
 def new generation   total 3087104K, used 3087103K [0x00007effc8600000, 0x00007f0099bb0000, 0x00007f051db50000)
  eden space 2744128K, 100% used [0x00007effc8600000, 0x00007f006fdd0000, 0x00007f006fdd0000)
  from space 342976K,  99% used [0x00007f0084cc0000, 0x00007f0099bafff0, 0x00007f0099bb0000)
  to   space 342976K,   0% used [0x00007f006fdd0000, 0x00007f006fdd0000, 0x00007f0084cc0000)
 tenured generation   total 6860116K, used 6835338K [0x00007f051db50000, 0x00007f06c06a5000, 0x00007f0fc8600000)
   the space 6860116K,  99% used [0x00007f051db50000, 0x00007f06bee72850, 0x00007f06bee72a00, 0x00007f06c06a5000)
 Metaspace       used 30030K, capacity 30416K, committed 30720K, reserved 30720K
}
Event: 363.091 GC heap after
{Heap after GC invocations=63 (full 4):
 def new generation   total 3087104K, used 342975K [0x00007effc8600000, 0x00007f0099bb0000, 0x00007f051db50000)
  eden space 2744128K,   0% used [0x00007effc8600000, 0x00007effc8600000, 0x00007f006fdd0000)
  from space 342976K,  99% used [0x00007f006fdd0000, 0x00007f0084cbfff0, 0x00007f0084cc0000)
  to   space 342976K,   0% used [0x00007f0084cc0000, 0x00007f0084cc0000, 0x00007f0099bb0000)
 tenured generation   total 7413076K, used 7413043K [0x00007f051db50000, 0x00007f06e22a5000, 0x00007f0fc8600000)
   the space 7413076K,  99% used [0x00007f051db50000, 0x00007f06e229cc70, 0x00007f06e229ce00, 0x00007f06e22a5000)
 Metaspace       used 30030K, capacity 30416K, committed 30720K, reserved 30720K
}
Event: 363.091 GC heap before
{Heap before GC invocations=63 (full 4):
 def new generation   total 3087104K, used 342975K [0x00007effc8600000, 0x00007f0099bb0000, 0x00007f051db50000)
  eden space 2744128K,   0% used [0x00007effc8600000, 0x00007effc8600000, 0x00007f006fdd0000)
  from space 342976K,  99% used [0x00007f006fdd0000, 0x00007f0084cbfff0, 0x00007f0084cc0000)
  to   space 342976K,   0% used [0x00007f0084cc0000, 0x00007f0084cc0000, 0x00007f0099bb0000)
 tenured generation   total 7413076K, used 7413043K [0x00007f051db50000, 0x00007f06e22a5000, 0x00007f0fc8600000)
   the space 7413076K,  99% used [0x00007f051db50000, 0x00007f06e229cc70, 0x00007f06e229ce00, 0x00007f06e22a5000)
 Metaspace       used 30030K, capacity 30416K, committed 30720K, reserved 30720K
}
Event: 385.913 GC heap after
{Heap after GC invocations=63 (full 5):
 def new generation   total 5559872K, used 282304K [0x00007effc8600000, 0x00007f01416d0000, 0x00007f051db50000)
  eden space 4942144K,   5% used [0x00007effc8600000, 0x00007effd99b0120, 0x00007f00f6050000)
  from space 617728K,   0% used [0x00007f00f6050000, 0x00007f00f6050000, 0x00007f011bb90000)
  to   space 617728K,   0% used [0x00007f011bb90000, 0x00007f011bb90000, 0x00007f01416d0000)
 tenured generation   total 12355128K, used 7413076K [0x00007f051db50000, 0x00007f080fcde000, 0x00007f0fc8600000)
   the space 12355128K,  59% used [0x00007f051db50000, 0x00007f06e22a5000, 0x00007f06e22a5000, 0x00007f080fcde000)
 Metaspace       used 30030K, capacity 30416K, committed 30720K, reserved 30720K
}
Event: 483.158 GC heap before
{Heap before GC invocations=63 (full 5):
 def new generation   total 5559872K, used 4942144K [0x00007effc8600000, 0x00007f01416d0000, 0x00007f051db50000)
  eden space 4942144K, 100% used [0x00007effc8600000, 0x00007f00f6050000, 0x00007f00f6050000)
  from space 617728K,   0% used [0x00007f00f6050000, 0x00007f00f6050000, 0x00007f011bb90000)
  to   space 617728K,   0% used [0x00007f011bb90000, 0x00007f011bb90000, 0x00007f01416d0000)
 tenured generation   total 12355128K, used 7413076K [0x00007f051db50000, 0x00007f080fcde000, 0x00007f0fc8600000)
   the space 12355128K,  59% used [0x00007f051db50000, 0x00007f06e22a5000, 0x00007f06e22a5000, 0x00007f080fcde000)
 Metaspace       used 30030K, capacity 30416K, committed 30720K, reserved 30720K
}
Event: 489.034 GC heap after
{Heap after GC invocations=64 (full 5):
 def new generation   total 5559872K, used 617728K [0x00007effc8600000, 0x00007f01416d0000, 0x00007f051db50000)
  eden space 4942144K,   0% used [0x00007effc8600000, 0x00007effc8600000, 0x00007f00f6050000)
  from space 617728K, 100% used [0x00007f011bb90000, 0x00007f01416d0000, 0x00007f01416d0000)
  to   space 617728K,   0% used [0x00007f00f6050000, 0x00007f00f6050000, 0x00007f011bb90000)
 tenured generation   total 12355128K, used 8058665K [0x00007f051db50000, 0x00007f080fcde000, 0x00007f0fc8600000)
   the space 12355128K,  65% used [0x00007f051db50000, 0x00007f070991a5c0, 0x00007f070991a600, 0x00007f080fcde000)
 Metaspace       used 30030K, capacity 30416K, committed 30720K, reserved 30720K
}
Event: 590.524 GC heap before
{Heap before GC invocations=64 (full 5):
 def new generation   total 5559872K, used 5559872K [0x00007effc8600000, 0x00007f01416d0000, 0x00007f051db50000)
  eden space 4942144K, 100% used [0x00007effc8600000, 0x00007f00f6050000, 0x00007f00f6050000)
  from space 617728K, 100% used [0x00007f011bb90000, 0x00007f01416d0000, 0x00007f01416d0000)
  to   space 617728K,   0% used [0x00007f00f6050000, 0x00007f00f6050000, 0x00007f011bb90000)
 tenured generation   total 12355128K, used 8058665K [0x00007f051db50000, 0x00007f080fcde000, 0x00007f0fc8600000)
   the space 12355128K,  65% used [0x00007f051db50000, 0x00007f070991a5c0, 0x00007f070991a600, 0x00007f080fcde000)
 Metaspace       used 30030K, capacity 30416K, committed 30720K, reserved 30720K
}
Event: 593.968 GC heap after
{Heap after GC invocations=65 (full 5):
 def new generation   total 5559872K, used 617727K [0x00007effc8600000, 0x00007f01416d0000, 0x00007f051db50000)
  eden space 4942144K,   0% used [0x00007effc8600000, 0x00007effc8600000, 0x00007f00f6050000)
  from space 617728K,  99% used [0x00007f00f6050000, 0x00007f011bb8fff0, 0x00007f011bb90000)
  to   space 617728K,   0% used [0x00007f011bb90000, 0x00007f011bb90000, 0x00007f01416d0000)
 tenured generation   total 12355128K, used 9099110K [0x00007f051db50000, 0x00007f080fcde000, 0x00007f0fc8600000)
   the space 12355128K,  73% used [0x00007f051db50000, 0x00007f0749129ae0, 0x00007f0749129c00, 0x00007f080fcde000)
 Metaspace       used 30030K, capacity 30416K, committed 30720K, reserved 30720K
}
Event: 661.318 GC heap before
{Heap before GC invocations=65 (full 5):
 def new generation   total 5559872K, used 5559871K [0x00007effc8600000, 0x00007f01416d0000, 0x00007f051db50000)
  eden space 4942144K, 100% used [0x00007effc8600000, 0x00007f00f6050000, 0x00007f00f6050000)
  from space 617728K,  99% used [0x00007f00f6050000, 0x00007f011bb8fff0, 0x00007f011bb90000)
  to   space 617728K,   0% used [0x00007f011bb90000, 0x00007f011bb90000, 0x00007f01416d0000)
 tenured generation   total 12355128K, used 9099110K [0x00007f051db50000, 0x00007f080fcde000, 0x00007f0fc8600000)
   the space 12355128K,  73% used [0x00007f051db50000, 0x00007f0749129ae0, 0x00007f0749129c00, 0x00007f080fcde000)
 Metaspace       used 30030K, capacity 30416K, committed 30720K, reserved 30720K
}
Event: 664.844 GC heap after
{Heap after GC invocations=66 (full 5):
 def new generation   total 5559872K, used 617727K [0x00007effc8600000, 0x00007f01416d0000, 0x00007f051db50000)
  eden space 4942144K,   0% used [0x00007effc8600000, 0x00007effc8600000, 0x00007f00f6050000)
  from space 617728K,  99% used [0x00007f011bb90000, 0x00007f01416cfff0, 0x00007f01416d0000)
  to   space 617728K,   0% used [0x00007f00f6050000, 0x00007f00f6050000, 0x00007f011bb90000)
 tenured generation   total 12355128K, used 10139555K [0x00007f051db50000, 0x00007f080fcde000, 0x00007f0fc8600000)
   the space 12355128K,  82% used [0x00007f051db50000, 0x00007f0788938fc0, 0x00007f0788939000, 0x00007f080fcde000)
 Metaspace       used 30030K, capacity 30416K, committed 30720K, reserved 30720K
}
Event: 693.512 GC heap before
{Heap before GC invocations=66 (full 5):
 def new generation   total 5559872K, used 5559871K [0x00007effc8600000, 0x00007f01416d0000, 0x00007f051db50000)
  eden space 4942144K, 100% used [0x00007effc8600000, 0x00007f00f6050000, 0x00007f00f6050000)
  from space 617728K,  99% used [0x00007f011bb90000, 0x00007f01416cfff0, 0x00007f01416d0000)
  to   space 617728K,   0% used [0x00007f00f6050000, 0x00007f00f6050000, 0x00007f011bb90000)
 tenured generation   total 12355128K, used 10139555K [0x00007f051db50000, 0x00007f080fcde000, 0x00007f0fc8600000)
   the space 12355128K,  82% used [0x00007f051db50000, 0x00007f0788938fc0, 0x00007f0788939000, 0x00007f080fcde000)
 Metaspace       used 30030K, capacity 30416K, committed 30720K, reserved 30720K
}
Event: 696.640 GC heap after
{Heap after GC invocations=67 (full 5):
 def new generation   total 5559872K, used 617727K [0x00007effc8600000, 0x00007f01416d0000, 0x00007f051db50000)
  eden space 4942144K,   0% used [0x00007effc8600000, 0x00007effc8600000, 0x00007f00f6050000)
  from space 617728K,  99% used [0x00007f00f6050000, 0x00007f011bb8fff8, 0x00007f011bb90000)
  to   space 617728K,   0% used [0x00007f011bb90000, 0x00007f011bb90000, 0x00007f01416d0000)
 tenured generation   total 12355128K, used 11167878K [0x00007f051db50000, 0x00007f080fcde000, 0x00007f0fc8600000)
   the space 12355128K,  90% used [0x00007f051db50000, 0x00007f07c75718a0, 0x00007f07c7571a00, 0x00007f080fcde000)
 Metaspace       used 30030K, capacity 30416K, committed 30720K, reserved 30720K
}
Event: 698.220 GC heap before
{Heap before GC invocations=67 (full 5):
 def new generation   total 5559872K, used 5559871K [0x00007effc8600000, 0x00007f01416d0000, 0x00007f051db50000)
  eden space 4942144K, 100% used [0x00007effc8600000, 0x00007f00f6050000, 0x00007f00f6050000)
  from space 617728K,  99% used [0x00007f00f6050000, 0x00007f011bb8fff8, 0x00007f011bb90000)
  to   space 617728K,   0% used [0x00007f011bb90000, 0x00007f011bb90000, 0x00007f01416d0000)
 tenured generation   total 12355128K, used 11167878K [0x00007f051db50000, 0x00007f080fcde000, 0x00007f0fc8600000)
   the space 12355128K,  90% used [0x00007f051db50000, 0x00007f07c75718a0, 0x00007f07c7571a00, 0x00007f080fcde000)
 Metaspace       used 30030K, capacity 30416K, committed 30720K, reserved 30720K
}
Event: 700.479 GC heap after
{Heap after GC invocations=68 (full 5):
 def new generation   total 5559872K, used 552562K [0x00007effc8600000, 0x00007f01416d0000, 0x00007f051db50000)
  eden space 4942144K,   0% used [0x00007effc8600000, 0x00007effc8600000, 0x00007f00f6050000)
  from space 617728K,  89% used [0x00007f011bb90000, 0x00007f013d72cb00, 0x00007f01416d0000)
  to   space 617728K,   0% used [0x00007f00f6050000, 0x00007f00f6050000, 0x00007f011bb90000)
 tenured generation   total 12355128K, used 11785606K [0x00007f051db50000, 0x00007f080fcde000, 0x00007f0fc8600000)
   the space 12355128K,  95% used [0x00007f051db50000, 0x00007f07ed0b1828, 0x00007f07ed0b1a00, 0x00007f080fcde000)
 Metaspace       used 30030K, capacity 30416K, committed 30720K, reserved 30720K
}
Event: 702.497 GC heap before
{Heap before GC invocations=68 (full 5):
 def new generation   total 5559872K, used 5494706K [0x00007effc8600000, 0x00007f01416d0000, 0x00007f051db50000)
  eden space 4942144K, 100% used [0x00007effc8600000, 0x00007f00f6050000, 0x00007f00f6050000)
  from space 617728K,  89% used [0x00007f011bb90000, 0x00007f013d72cb00, 0x00007f01416d0000)
  to   space 617728K,   0% used [0x00007f00f6050000, 0x00007f00f6050000, 0x00007f011bb90000)
 tenured generation   total 12355128K, used 11785606K [0x00007f051db50000, 0x00007f080fcde000, 0x00007f0fc8600000)
   the space 12355128K,  95% used [0x00007f051db50000, 0x00007f07ed0b1828, 0x00007f07ed0b1a00, 0x00007f080fcde000)
 Metaspace       used 30030K, capacity 30416K, committed 30720K, reserved 30720K
}
Event: 704.583 GC heap after
{Heap after GC invocations=69 (full 5):
 def new generation   total 5559872K, used 551118K [0x00007effc8600000, 0x00007f01416d0000, 0x00007f051db50000)
  eden space 4942144K,   0% used [0x00007effc8600000, 0x00007effc8600000, 0x00007f00f6050000)
  from space 617728K,  89% used [0x00007f00f6050000, 0x00007f0117a83850, 0x00007f011bb90000)
  to   space 617728K,   0% used [0x00007f011bb90000, 0x00007f011bb90000, 0x00007f01416d0000)
 tenured generation   total 12355128K, used 12338167K [0x00007f051db50000, 0x00007f080fcde000, 0x00007f0fc8600000)
   the space 12355128K,  99% used [0x00007f051db50000, 0x00007f080ec4df98, 0x00007f080ec4e000, 0x00007f080fcde000)
 Metaspace       used 30030K, capacity 30416K, committed 30720K, reserved 30720K
}
Event: 706.241 GC heap before
{Heap before GC invocations=69 (full 5):
 def new generation   total 5559872K, used 5493262K [0x00007effc8600000, 0x00007f01416d0000, 0x00007f051db50000)
  eden space 4942144K, 100% used [0x00007effc8600000, 0x00007f00f6050000, 0x00007f00f6050000)
  from space 617728K,  89% used [0x00007f00f6050000, 0x00007f0117a83850, 0x00007f011bb90000)
  to   space 617728K,   0% used [0x00007f011bb90000, 0x00007f011bb90000, 0x00007f01416d0000)
 tenured generation   total 12355128K, used 12338167K [0x00007f051db50000, 0x00007f080fcde000, 0x00007f0fc8600000)
   the space 12355128K,  99% used [0x00007f051db50000, 0x00007f080ec4df98, 0x00007f080ec4e000, 0x00007f080fcde000)
 Metaspace       used 30030K, capacity 30416K, committed 30720K, reserved 30720K
}
Event: 708.318 GC heap after
{Heap after GC invocations=70 (full 5):
 def new generation   total 5559872K, used 617727K [0x00007effc8600000, 0x00007f01416d0000, 0x00007f051db50000)
  eden space 4942144K,   0% used [0x00007effc8600000, 0x00007effc8600000, 0x00007f00f6050000)
  from space 617728K,  99% used [0x00007f011bb90000, 0x00007f01416cfff8, 0x00007f01416d0000)
  to   space 617728K,   0% used [0x00007f00f6050000, 0x00007f00f6050000, 0x00007f011bb90000)
 tenured generation   total 12894648K, used 12894617K [0x00007f051db50000, 0x00007f0830bbe000, 0x00007f0fc8600000)
   the space 12894648K,  99% used [0x00007f051db50000, 0x00007f0830bb67c0, 0x00007f0830bb6800, 0x00007f0830bbe000)
 Metaspace       used 30030K, capacity 30416K, committed 30720K, reserved 30720K
}
Event: 708.318 GC heap before
{Heap before GC invocations=70 (full 5):
 def new generation   total 5559872K, used 617727K [0x00007effc8600000, 0x00007f01416d0000, 0x00007f051db50000)
  eden space 4942144K,   0% used [0x00007effc8600000, 0x00007effc8600000, 0x00007f00f6050000)
  from space 617728K,  99% used [0x00007f011bb90000, 0x00007f01416cfff8, 0x00007f01416d0000)
  to   space 617728K,   0% used [0x00007f00f6050000, 0x00007f00f6050000, 0x00007f011bb90000)
 tenured generation   total 12894648K, used 12894617K [0x00007f051db50000, 0x00007f0830bbe000, 0x00007f0fc8600000)
   the space 12894648K,  99% used [0x00007f051db50000, 0x00007f0830bb67c0, 0x00007f0830bb6800, 0x00007f0830bbe000)
 Metaspace       used 30030K, capacity 30416K, committed 30720K, reserved 30720K
}

