# JRE version: OpenJDK Runtime Environment (13.0.7+5) (build 13.0.7+5-Ubuntu-0ubuntu120.04)
# Java VM: OpenJDK 64-Bit Server VM (13.0.7+5-Ubuntu-0ubuntu120.04, mixed mode, tiered, serial gc, linux-amd64)
Heap:
 def new generation   total 3254400K, used 2554357K [0x00007f96e4600000, 0x00007f97c1130000, 0x00007f9c39b50000)
  eden space 2892864K,  83% used [0x00007f96e4600000, 0x00007f9777d34928, 0x00007f9794f10000)
  from space 361536K,  38% used [0x00007f97ab020000, 0x00007f97b3768ea0, 0x00007f97c1130000)
  to   space 361536K,   0% used [0x00007f9794f10000, 0x00007f9794f178e0, 0x00007f97ab020000)
 tenured generation   total 7231832K, used 6304055K [0x00007f9c39b50000, 0x00007f9df31a6000, 0x00007fa6e4600000)
   the space 7231832K,  87% used [0x00007f9c39b50000, 0x00007f9dba79df60, 0x00007f9dba79e000, 0x00007f9df31a6000)
 Metaspace       used 29953K, capacity 30408K, committed 30720K, reserved 30720K
GC Heap History (20 events):
Event: 115.005 GC heap after
{Heap after GC invocations=20 (full 9):
 def new generation   total 3253568K, used 1K [0x00007f96e4600000, 0x00007f97c1050000, 0x00007f9c39b50000)
  eden space 2892096K,   0% used [0x00007f96e4600000, 0x00007f96e4600000, 0x00007f9794e50000)
  from space 361472K,   0% used [0x00007f97aaf50000, 0x00007f97aaf50420, 0x00007f97c1050000)
  to   space 361472K,   0% used [0x00007f9794e50000, 0x00007f9794e50000, 0x00007f97aaf50000)
 tenured generation   total 7229996K, used 4207737K [0x00007f9c39b50000, 0x00007f9df2fdb000, 0x00007fa6e4600000)
   the space 7229996K,  58% used [0x00007f9c39b50000, 0x00007f9d3a86e750, 0x00007f9d3a86e800, 0x00007f9df2fdb000)
 Metaspace       used 29850K, capacity 30273K, committed 30464K, reserved 30720K
}
Event: 118.966 GC heap before
{Heap before GC invocations=20 (full 9):
 def new generation   total 3253568K, used 2874812K [0x00007f96e4600000, 0x00007f97c1050000, 0x00007f9c39b50000)
  eden space 2892096K,  99% used [0x00007f96e4600000, 0x00007f9793d6ec78, 0x00007f9794e50000)
  from space 361472K,   0% used [0x00007f97aaf50000, 0x00007f97aaf50420, 0x00007f97c1050000)
  to   space 361472K,   0% used [0x00007f9794e50000, 0x00007f9794e50000, 0x00007f97aaf50000)
 tenured generation   total 7229996K, used 4207737K [0x00007f9c39b50000, 0x00007f9df2fdb000, 0x00007fa6e4600000)
   the space 7229996K,  58% used [0x00007f9c39b50000, 0x00007f9d3a86e750, 0x00007f9d3a86e800, 0x00007f9df2fdb000)
 Metaspace       used 29890K, capacity 30273K, committed 30464K, reserved 30720K
}
Event: 119.120 GC heap after
{Heap after GC invocations=21 (full 9):
 def new generation   total 3253568K, used 203793K [0x00007f96e4600000, 0x00007f97c1050000, 0x00007f9c39b50000)
  eden space 2892096K,   0% used [0x00007f96e4600000, 0x00007f96e4600000, 0x00007f9794e50000)
  from space 361472K,  56% used [0x00007f9794e50000, 0x00007f97a1554440, 0x00007f97aaf50000)
  to   space 361472K,   0% used [0x00007f97aaf50000, 0x00007f97aaf50000, 0x00007f97c1050000)
 tenured generation   total 7229996K, used 4207737K [0x00007f9c39b50000, 0x00007f9df2fdb000, 0x00007fa6e4600000)
   the space 7229996K,  58% used [0x00007f9c39b50000, 0x00007f9d3a86e750, 0x00007f9d3a86e800, 0x00007f9df2fdb000)
 Metaspace       used 29890K, capacity 30273K, committed 30464K, reserved 30720K
}
Event: 119.308 GC heap before
{Heap before GC invocations=21 (full 9):
 def new generation   total 3253568K, used 457060K [0x00007f96e4600000, 0x00007f97c1050000, 0x00007f9c39b50000)
  eden space 2892096K,   8% used [0x00007f96e4600000, 0x00007f96f3d54ec8, 0x00007f9794e50000)
  from space 361472K,  56% used [0x00007f9794e50000, 0x00007f97a1554440, 0x00007f97aaf50000)
  to   space 361472K,   0% used [0x00007f97aaf50000, 0x00007f97aaf50000, 0x00007f97c1050000)
 tenured generation   total 7229996K, used 4207737K [0x00007f9c39b50000, 0x00007f9df2fdb000, 0x00007fa6e4600000)
   the space 7229996K,  58% used [0x00007f9c39b50000, 0x00007f9d3a86e750, 0x00007f9d3a86e800, 0x00007f9df2fdb000)
 Metaspace       used 29890K, capacity 30273K, committed 30464K, reserved 30720K
}
Event: 119.408 GC heap after
{Heap after GC invocations=22 (full 9):
 def new generation   total 3253568K, used 131104K [0x00007f96e4600000, 0x00007f97c1050000, 0x00007f9c39b50000)
  eden space 2892096K,   0% used [0x00007f96e4600000, 0x00007f96e4600000, 0x00007f9794e50000)
  from space 361472K,  36% used [0x00007f97aaf50000, 0x00007f97b2f58250, 0x00007f97c1050000)
  to   space 361472K,   0% used [0x00007f9794e50000, 0x00007f9794e50000, 0x00007f97aaf50000)
 tenured generation   total 7229996K, used 4280434K [0x00007f9c39b50000, 0x00007f9df2fdb000, 0x00007fa6e4600000)
   the space 7229996K,  59% used [0x00007f9c39b50000, 0x00007f9d3ef6cb20, 0x00007f9d3ef6cc00, 0x00007f9df2fdb000)
 Metaspace       used 29890K, capacity 30273K, committed 30464K, reserved 30720K
}
Event: 119.408 GC heap before
{Heap before GC invocations=22 (full 9):
 def new generation   total 3253568K, used 131104K [0x00007f96e4600000, 0x00007f97c1050000, 0x00007f9c39b50000)
  eden space 2892096K,   0% used [0x00007f96e4600000, 0x00007f96e4600000, 0x00007f9794e50000)
  from space 361472K,  36% used [0x00007f97aaf50000, 0x00007f97b2f58250, 0x00007f97c1050000)
  to   space 361472K,   0% used [0x00007f9794e50000, 0x00007f9794e50000, 0x00007f97aaf50000)
 tenured generation   total 7229996K, used 4280434K [0x00007f9c39b50000, 0x00007f9df2fdb000, 0x00007fa6e4600000)
   the space 7229996K,  59% used [0x00007f9c39b50000, 0x00007f9d3ef6cb20, 0x00007f9d3ef6cc00, 0x00007f9df2fdb000)
 Metaspace       used 29890K, capacity 30273K, committed 30464K, reserved 30720K
}
Event: 119.656 GC heap after
{Heap after GC invocations=22 (full 10):
 def new generation   total 2203776K, used 0K [0x00007f96e4600000, 0x00007f9779d40000, 0x00007f9c39b50000)
  eden space 1958912K,   0% used [0x00007f96e4600000, 0x00007f96e4600000, 0x00007f975bf00000)
  from space 244864K,   0% used [0x00007f975bf00000, 0x00007f975bf00000, 0x00007f976ae20000)
  to   space 244864K,   0% used [0x00007f976ae20000, 0x00007f976ae20000, 0x00007f9779d40000)
 tenured generation   total 4897256K, used 144792K [0x00007f9c39b50000, 0x00007f9d649ca000, 0x00007fa6e4600000)
   the space 4897256K,   2% used [0x00007f9c39b50000, 0x00007f9c428b6258, 0x00007f9c428b6400, 0x00007f9d649ca000)
 Metaspace       used 29890K, capacity 30273K, committed 30464K, reserved 30720K
}
Event: 123.888 GC heap before
{Heap before GC invocations=22 (full 10):
 def new generation   total 2203776K, used 38377K [0x00007f96e4600000, 0x00007f9779d40000, 0x00007f9c39b50000)
  eden space 1958912K,   1% used [0x00007f96e4600000, 0x00007f96e6b7a5c8, 0x00007f975bf00000)
  from space 244864K,   0% used [0x00007f975bf00000, 0x00007f975bf00000, 0x00007f976ae20000)
  to   space 244864K,   0% used [0x00007f976ae20000, 0x00007f976ae20000, 0x00007f9779d40000)
 tenured generation   total 4897256K, used 4339096K [0x00007f9c39b50000, 0x00007f9d649ca000, 0x00007fa6e4600000)
   the space 4897256K,  88% used [0x00007f9c39b50000, 0x00007f9d428b6270, 0x00007f9d428b6400, 0x00007f9d649ca000)
 Metaspace       used 29890K, capacity 30273K, committed 30464K, reserved 30720K
}
Event: 123.892 GC heap after
{Heap after GC invocations=23 (full 10):
 def new generation   total 2203776K, used 0K [0x00007f96e4600000, 0x00007f9779d40000, 0x00007f9c39b50000)
  eden space 1958912K,   0% used [0x00007f96e4600000, 0x00007f96e4600000, 0x00007f975bf00000)
  from space 244864K,   0% used [0x00007f976ae20000, 0x00007f976ae20170, 0x00007f9779d40000)
  to   space 244864K,   0% used [0x00007f975bf00000, 0x00007f975bf00000, 0x00007f976ae20000)
 tenured generation   total 4897256K, used 4339096K [0x00007f9c39b50000, 0x00007f9d649ca000, 0x00007fa6e4600000)
   the space 4897256K,  88% used [0x00007f9c39b50000, 0x00007f9d428b6270, 0x00007f9d428b6400, 0x00007f9d649ca000)
 Metaspace       used 29890K, capacity 30273K, committed 30464K, reserved 30720K
}
Event: 123.892 GC heap before
{Heap before GC invocations=23 (full 10):
 def new generation   total 2203776K, used 0K [0x00007f96e4600000, 0x00007f9779d40000, 0x00007f9c39b50000)
  eden space 1958912K,   0% used [0x00007f96e4600000, 0x00007f96e4600000, 0x00007f975bf00000)
  from space 244864K,   0% used [0x00007f976ae20000, 0x00007f976ae20170, 0x00007f9779d40000)
  to   space 244864K,   0% used [0x00007f975bf00000, 0x00007f975bf00000, 0x00007f976ae20000)
 tenured generation   total 4897256K, used 4339096K [0x00007f9c39b50000, 0x00007f9d649ca000, 0x00007fa6e4600000)
   the space 4897256K,  88% used [0x00007f9c39b50000, 0x00007f9d428b6270, 0x00007f9d428b6400, 0x00007f9d649ca000)
 Metaspace       used 29890K, capacity 30273K, committed 30464K, reserved 30720K
}
Event: 123.958 GC heap after
{Heap after GC invocations=23 (full 11):
 def new generation   total 3254400K, used 0K [0x00007f96e4600000, 0x00007f97c1130000, 0x00007f9c39b50000)
  eden space 2892864K,   0% used [0x00007f96e4600000, 0x00007f96e4600000, 0x00007f9794f10000)
  from space 361536K,   0% used [0x00007f9794f10000, 0x00007f9794f10000, 0x00007f97ab020000)
  to   space 361536K,   0% used [0x00007f97ab020000, 0x00007f97ab020000, 0x00007f97c1130000)
 tenured generation   total 7231832K, used 4339096K [0x00007f9c39b50000, 0x00007f9df31a6000, 0x00007fa6e4600000)
   the space 7231832K,  59% used [0x00007f9c39b50000, 0x00007f9d428b63e0, 0x00007f9d428b6400, 0x00007f9df31a6000)
 Metaspace       used 29890K, capacity 30273K, committed 30464K, reserved 30720K
}
Event: 127.213 GC heap before
{Heap before GC invocations=23 (full 11):
 def new generation   total 3254400K, used 2153826K [0x00007f96e4600000, 0x00007f97c1130000, 0x00007f9c39b50000)
  eden space 2892864K,  74% used [0x00007f96e4600000, 0x00007f9767d58ac8, 0x00007f9794f10000)
  from space 361536K,   0% used [0x00007f9794f10000, 0x00007f9794f10000, 0x00007f97ab020000)
  to   space 361536K,   0% used [0x00007f97ab020000, 0x00007f97ab020000, 0x00007f97c1130000)
 tenured generation   total 7231832K, used 4339096K [0x00007f9c39b50000, 0x00007f9df31a6000, 0x00007fa6e4600000)
   the space 7231832K,  59% used [0x00007f9c39b50000, 0x00007f9d428b63e0, 0x00007f9d428b6400, 0x00007f9df31a6000)
 Metaspace       used 29890K, capacity 30273K, committed 30464K, reserved 30720K
}
Event: 128.976 GC heap after
{Heap after GC invocations=24 (full 11):
 def new generation   total 3254400K, used 0K [0x00007f96e4600000, 0x00007f97c1130000, 0x00007f9c39b50000)
  eden space 2892864K,   0% used [0x00007f96e4600000, 0x00007f96e4600000, 0x00007f9794f10000)
  from space 361536K,   0% used [0x00007f97ab020000, 0x00007f97ab020268, 0x00007f97c1130000)
  to   space 361536K,   0% used [0x00007f9794f10000, 0x00007f9794f10000, 0x00007f97ab020000)
 tenured generation   total 7231832K, used 6436248K [0x00007f9c39b50000, 0x00007f9df31a6000, 0x00007fa6e4600000)
   the space 7231832K,  88% used [0x00007f9c39b50000, 0x00007f9dc28b63f8, 0x00007f9dc28b6400, 0x00007f9df31a6000)
 Metaspace       used 29890K, capacity 30273K, committed 30464K, reserved 30720K
}
Event: 130.868 GC heap before
{Heap before GC invocations=24 (full 11):
 def new generation   total 3254400K, used 2153708K [0x00007f96e4600000, 0x00007f97c1130000, 0x00007f9c39b50000)
  eden space 2892864K,  74% used [0x00007f96e4600000, 0x00007f9767d3af30, 0x00007f9794f10000)
  from space 361536K,   0% used [0x00007f97ab020000, 0x00007f97ab020268, 0x00007f97c1130000)
  to   space 361536K,   0% used [0x00007f9794f10000, 0x00007f9794f10000, 0x00007f97ab020000)
 tenured generation   total 7231832K, used 6436248K [0x00007f9c39b50000, 0x00007f9df31a6000, 0x00007fa6e4600000)
   the space 7231832K,  88% used [0x00007f9c39b50000, 0x00007f9dc28b63f8, 0x00007f9dc28b6400, 0x00007f9df31a6000)
 Metaspace       used 29890K, capacity 30273K, committed 30464K, reserved 30720K
}
Event: 132.874 GC heap after
{Heap after GC invocations=25 (full 11):
 def new generation   total 3254400K, used 1K [0x00007f96e4600000, 0x00007f97c1130000, 0x00007f9c39b50000)
  eden space 2892864K,   0% used [0x00007f96e4600000, 0x00007f96e4600000, 0x00007f9794f10000)
  from space 361536K,   0% used [0x00007f9794f10000, 0x00007f9794f10610, 0x00007f97ab020000)
  to   space 361536K,   0% used [0x00007f97ab020000, 0x00007f97ab020000, 0x00007f97c1130000)
 tenured generation   total 9328992K, used 8533401K [0x00007f9c39b50000, 0x00007f9e731a8000, 0x00007fa6e4600000)
   the space 9328992K,  91% used [0x00007f9c39b50000, 0x00007f9e428b6428, 0x00007f9e428b6600, 0x00007f9e731a8000)
 Metaspace       used 29890K, capacity 30273K, committed 30464K, reserved 30720K
}
Event: 132.874 GC heap before
{Heap before GC invocations=25 (full 11):
 def new generation   total 3254400K, used 1K [0x00007f96e4600000, 0x00007f97c1130000, 0x00007f9c39b50000)
  eden space 2892864K,   0% used [0x00007f96e4600000, 0x00007f96e4600000, 0x00007f9794f10000)
  from space 361536K,   0% used [0x00007f9794f10000, 0x00007f9794f10610, 0x00007f97ab020000)
  to   space 361536K,   0% used [0x00007f97ab020000, 0x00007f97ab020000, 0x00007f97c1130000)
 tenured generation   total 9328992K, used 8533401K [0x00007f9c39b50000, 0x00007f9e731a8000, 0x00007fa6e4600000)
   the space 9328992K,  91% used [0x00007f9c39b50000, 0x00007f9e428b6428, 0x00007f9e428b6600, 0x00007f9e731a8000)
 Metaspace       used 29890K, capacity 30273K, committed 30464K, reserved 30720K
}
Event: 133.643 GC heap after
{Heap after GC invocations=25 (full 12):
 def new generation   total 3254400K, used 0K [0x00007f96e4600000, 0x00007f97c1130000, 0x00007f9c39b50000)
  eden space 2892864K,   0% used [0x00007f96e4600000, 0x00007f96e4600000, 0x00007f9794f10000)
  from space 361536K,   0% used [0x00007f9794f10000, 0x00007f9794f10000, 0x00007f97ab020000)
  to   space 361536K,   0% used [0x00007f97ab020000, 0x00007f97ab020000, 0x00007f97c1130000)
 tenured generation   total 7231832K, used 2109751K [0x00007f9c39b50000, 0x00007f9df31a6000, 0x00007fa6e4600000)
   the space 7231832K,  29% used [0x00007f9c39b50000, 0x00007f9cba79df48, 0x00007f9cba79e000, 0x00007f9df31a6000)
 Metaspace       used 29890K, capacity 30273K, committed 30464K, reserved 30720K
}
Event: 138.795 GC heap before
{Heap before GC invocations=25 (full 12):
 def new generation   total 3254400K, used 2888001K [0x00007f96e4600000, 0x00007f97c1130000, 0x00007f9c39b50000)
  eden space 2892864K,  99% used [0x00007f96e4600000, 0x00007f9794a50560, 0x00007f9794f10000)
  from space 361536K,   0% used [0x00007f9794f10000, 0x00007f9794f10000, 0x00007f97ab020000)
  to   space 361536K,   0% used [0x00007f97ab020000, 0x00007f97ab020000, 0x00007f97c1130000)
 tenured generation   total 7231832K, used 2109751K [0x00007f9c39b50000, 0x00007f9df31a6000, 0x00007fa6e4600000)
   the space 7231832K,  29% used [0x00007f9c39b50000, 0x00007f9cba79df48, 0x00007f9cba79e000, 0x00007f9df31a6000)
 Metaspace       used 29953K, capacity 30408K, committed 30720K, reserved 30720K
}
Event: 138.939 GC heap after
{Heap after GC invocations=26 (full 12):
 def new generation   total 3254400K, used 138531K [0x00007f96e4600000, 0x00007f97c1130000, 0x00007f9c39b50000)
  eden space 2892864K,   0% used [0x00007f96e4600000, 0x00007f96e4600000, 0x00007f9794f10000)
  from space 361536K,  38% used [0x00007f97ab020000, 0x00007f97b3768ea0, 0x00007f97c1130000)
  to   space 361536K,   0% used [0x00007f9794f10000, 0x00007f9794f10000, 0x00007f97ab020000)
 tenured generation   total 7231832K, used 2109751K [0x00007f9c39b50000, 0x00007f9df31a6000, 0x00007fa6e4600000)
   the space 7231832K,  29% used [0x00007f9c39b50000, 0x00007f9cba79df48, 0x00007f9cba79e000, 0x00007f9df31a6000)
 Metaspace       used 29953K, capacity 30408K, committed 30720K, reserved 30720K
}
Event: 145.608 GC heap before
{Heap before GC invocations=26 (full 12):
 def new generation   total 3254400K, used 2554357K [0x00007f96e4600000, 0x00007f97c1130000, 0x00007f9c39b50000)
  eden space 2892864K,  83% used [0x00007f96e4600000, 0x00007f9777d34928, 0x00007f9794f10000)
  from space 361536K,  38% used [0x00007f97ab020000, 0x00007f97b3768ea0, 0x00007f97c1130000)
  to   space 361536K,   0% used [0x00007f9794f10000, 0x00007f9794f10000, 0x00007f97ab020000)
 tenured generation   total 7231832K, used 6304055K [0x00007f9c39b50000, 0x00007f9df31a6000, 0x00007fa6e4600000)
   the space 7231832K,  87% used [0x00007f9c39b50000, 0x00007f9dba79df60, 0x00007f9dba79e000, 0x00007f9df31a6000)
 Metaspace       used 29953K, capacity 30408K, committed 30720K, reserved 30720K
}

