# JRE version: OpenJDK Runtime Environment (13.0.7+5) (build 13.0.7+5-Ubuntu-0ubuntu120.04)
# Java VM: OpenJDK 64-Bit Server VM (13.0.7+5-Ubuntu-0ubuntu120.04, mixed mode, tiered, serial gc, linux-amd64)
Heap:
 def new generation   total 5440256K, used 604415K [0x00007f49a4600000, 0x00007f4b15500000, 0x00007f4ef9b50000)
  eden space 4835840K,  12% used [0x00007f49a4600000, 0x00007f49c943ff28, 0x00007f4acb880000)
  from space 604416K,   0% used [0x00007f4acb880000, 0x00007f4acb880000, 0x00007f4af06c0000)
  to   space 604416K,   0% used [0x00007f4af06c0000, 0x00007f4af06c0000, 0x00007f4b15500000)
 tenured generation   total 14067964K, used 14067894K [0x00007f4ef9b50000, 0x00007f525458f000, 0x00007f59a4600000)
   the space 14067964K,  99% used [0x00007f4ef9b50000, 0x00007f525457d920, 0x00007f525457da00, 0x00007f525458f000)
 Metaspace       used 30678K, capacity 31057K, committed 31232K, reserved 32768K
GC Heap History (20 events):
Event: 7.228 GC heap after
{Heap after GC invocations=5 (full 1):
 def new generation   total 629248K, used 69887K [0x00007f49a4600000, 0x00007f49cf0c0000, 0x00007f4ef9b50000)
  eden space 559360K,   0% used [0x00007f49a4600000, 0x00007f49a4600000, 0x00007f49c6840000)
  from space 69888K,  99% used [0x00007f49c6840000, 0x00007f49cac7fde8, 0x00007f49cac80000)
  to   space 69888K,   0% used [0x00007f49cac80000, 0x00007f49cac80000, 0x00007f49cf0c0000)
 tenured generation   total 1895616K, used 1895554K [0x00007f4ef9b50000, 0x00007f4f6d680000, 0x00007f59a4600000)
   the space 1895616K,  99% used [0x00007f4ef9b50000, 0x00007f4f6d670a00, 0x00007f4f6d670a00, 0x00007f4f6d680000)
 Metaspace       used 30676K, capacity 31057K, committed 31232K, reserved 32768K
}
Event: 7.228 GC heap before
{Heap before GC invocations=5 (full 1):
 def new generation   total 629248K, used 69887K [0x00007f49a4600000, 0x00007f49cf0c0000, 0x00007f4ef9b50000)
  eden space 559360K,   0% used [0x00007f49a4600000, 0x00007f49a4600000, 0x00007f49c6840000)
  from space 69888K,  99% used [0x00007f49c6840000, 0x00007f49cac7fde8, 0x00007f49cac80000)
  to   space 69888K,   0% used [0x00007f49cac80000, 0x00007f49cac80000, 0x00007f49cf0c0000)
 tenured generation   total 1895616K, used 1895554K [0x00007f4ef9b50000, 0x00007f4f6d680000, 0x00007f59a4600000)
   the space 1895616K,  99% used [0x00007f4ef9b50000, 0x00007f4f6d670a00, 0x00007f4f6d670a00, 0x00007f4f6d680000)
 Metaspace       used 30676K, capacity 31057K, committed 31232K, reserved 32768K
}
Event: 7.603 GC heap after
{Heap after GC invocations=5 (full 2):
 def new generation   total 1421760K, used 69826K [0x00007f49a4600000, 0x00007f4a04cb0000, 0x00007f4ef9b50000)
  eden space 1263808K,   5% used [0x00007f49a4600000, 0x00007f49a8a30848, 0x00007f49f1830000)
  from space 157952K,   0% used [0x00007f49f1830000, 0x00007f49f1830000, 0x00007f49fb270000)
  to   space 157952K,   0% used [0x00007f49fb270000, 0x00007f49fb270000, 0x00007f4a04cb0000)
 tenured generation   total 3159360K, used 1895615K [0x00007f4ef9b50000, 0x00007f4fba8a0000, 0x00007f59a4600000)
   the space 3159360K,  59% used [0x00007f4ef9b50000, 0x00007f4f6d67ffa0, 0x00007f4f6d680000, 0x00007f4fba8a0000)
 Metaspace       used 30676K, capacity 31057K, committed 31232K, reserved 32768K
}
Event: 7.852 GC heap before
{Heap before GC invocations=5 (full 2):
 def new generation   total 1421760K, used 1263808K [0x00007f49a4600000, 0x00007f4a04cb0000, 0x00007f4ef9b50000)
  eden space 1263808K, 100% used [0x00007f49a4600000, 0x00007f49f1830000, 0x00007f49f1830000)
  from space 157952K,   0% used [0x00007f49f1830000, 0x00007f49f1830000, 0x00007f49fb270000)
  to   space 157952K,   0% used [0x00007f49fb270000, 0x00007f49fb270000, 0x00007f4a04cb0000)
 tenured generation   total 3159360K, used 1895615K [0x00007f4ef9b50000, 0x00007f4fba8a0000, 0x00007f59a4600000)
   the space 3159360K,  59% used [0x00007f4ef9b50000, 0x00007f4f6d67ffa0, 0x00007f4f6d680000, 0x00007f4fba8a0000)
 Metaspace       used 30678K, capacity 31057K, committed 31232K, reserved 32768K
}
Event: 8.582 GC heap after
{Heap after GC invocations=6 (full 2):
 def new generation   total 1421760K, used 157951K [0x00007f49a4600000, 0x00007f4a04cb0000, 0x00007f4ef9b50000)
  eden space 1263808K,   0% used [0x00007f49a4600000, 0x00007f49a4600000, 0x00007f49f1830000)
  from space 157952K,  99% used [0x00007f49fb270000, 0x00007f4a04cafd20, 0x00007f4a04cb0000)
  to   space 157952K,   0% used [0x00007f49f1830000, 0x00007f49f1830000, 0x00007f49fb270000)
 tenured generation   total 3159360K, used 2988776K [0x00007f4ef9b50000, 0x00007f4fba8a0000, 0x00007f59a4600000)
   the space 3159360K,  94% used [0x00007f4ef9b50000, 0x00007f4fb020a070, 0x00007f4fb020a200, 0x00007f4fba8a0000)
 Metaspace       used 30678K, capacity 31057K, committed 31232K, reserved 32768K
}
Event: 8.903 GC heap before
{Heap before GC invocations=6 (full 2):
 def new generation   total 1421760K, used 1421759K [0x00007f49a4600000, 0x00007f4a04cb0000, 0x00007f4ef9b50000)
  eden space 1263808K, 100% used [0x00007f49a4600000, 0x00007f49f1830000, 0x00007f49f1830000)
  from space 157952K,  99% used [0x00007f49fb270000, 0x00007f4a04cafd20, 0x00007f4a04cb0000)
  to   space 157952K,   0% used [0x00007f49f1830000, 0x00007f49f1830000, 0x00007f49fb270000)
 tenured generation   total 3159360K, used 2988776K [0x00007f4ef9b50000, 0x00007f4fba8a0000, 0x00007f59a4600000)
   the space 3159360K,  94% used [0x00007f4ef9b50000, 0x00007f4fb020a070, 0x00007f4fb020a200, 0x00007f4fba8a0000)
 Metaspace       used 30678K, capacity 31057K, committed 31232K, reserved 32768K
}
Event: 10.127 GC heap after
{Heap after GC invocations=7 (full 2):
 def new generation   total 1421760K, used 157951K [0x00007f49a4600000, 0x00007f4a04cb0000, 0x00007f4ef9b50000)
  eden space 1263808K,   0% used [0x00007f49a4600000, 0x00007f49a4600000, 0x00007f49f1830000)
  from space 157952K,  99% used [0x00007f49f1830000, 0x00007f49fb26fcd0, 0x00007f49fb270000)
  to   space 157952K,   0% used [0x00007f49fb270000, 0x00007f49fb270000, 0x00007f4a04cb0000)
 tenured generation   total 4252608K, used 4252548K [0x00007f4ef9b50000, 0x00007f4ffd440000, 0x00007f59a4600000)
   the space 4252608K,  99% used [0x00007f4ef9b50000, 0x00007f4ffd431228, 0x00007f4ffd431400, 0x00007f4ffd440000)
 Metaspace       used 30678K, capacity 31057K, committed 31232K, reserved 32768K
}
Event: 10.127 GC heap before
{Heap before GC invocations=7 (full 2):
 def new generation   total 1421760K, used 157951K [0x00007f49a4600000, 0x00007f4a04cb0000, 0x00007f4ef9b50000)
  eden space 1263808K,   0% used [0x00007f49a4600000, 0x00007f49a4600000, 0x00007f49f1830000)
  from space 157952K,  99% used [0x00007f49f1830000, 0x00007f49fb26fcd0, 0x00007f49fb270000)
  to   space 157952K,   0% used [0x00007f49fb270000, 0x00007f49fb270000, 0x00007f4a04cb0000)
 tenured generation   total 4252608K, used 4252548K [0x00007f4ef9b50000, 0x00007f4ffd440000, 0x00007f59a4600000)
   the space 4252608K,  99% used [0x00007f4ef9b50000, 0x00007f4ffd431228, 0x00007f4ffd431400, 0x00007f4ffd440000)
 Metaspace       used 30678K, capacity 31057K, committed 31232K, reserved 32768K
}
Event: 11.307 GC heap after
{Heap after GC invocations=7 (full 3):
 def new generation   total 3189504K, used 157891K [0x00007f49a4600000, 0x00007f4a7cad0000, 0x00007f4ef9b50000)
  eden space 2835136K,   5% used [0x00007f49a4600000, 0x00007f49ae030f60, 0x00007f4a516b0000)
  from space 354368K,   0% used [0x00007f4a516b0000, 0x00007f4a516b0000, 0x00007f4a670c0000)
  to   space 354368K,   0% used [0x00007f4a670c0000, 0x00007f4a670c0000, 0x00007f4a7cad0000)
 tenured generation   total 7087680K, used 4252607K [0x00007f4ef9b50000, 0x00007f50aa4e0000, 0x00007f59a4600000)
   the space 7087680K,  59% used [0x00007f4ef9b50000, 0x00007f4ffd43ff98, 0x00007f4ffd440000, 0x00007f50aa4e0000)
 Metaspace       used 30678K, capacity 31057K, committed 31232K, reserved 32768K
}
Event: 15.687 GC heap before
{Heap before GC invocations=7 (full 3):
 def new generation   total 3189504K, used 2835136K [0x00007f49a4600000, 0x00007f4a7cad0000, 0x00007f4ef9b50000)
  eden space 2835136K, 100% used [0x00007f49a4600000, 0x00007f4a516b0000, 0x00007f4a516b0000)
  from space 354368K,   0% used [0x00007f4a516b0000, 0x00007f4a516b0000, 0x00007f4a670c0000)
  to   space 354368K,   0% used [0x00007f4a670c0000, 0x00007f4a670c0000, 0x00007f4a7cad0000)
 tenured generation   total 7087680K, used 4252607K [0x00007f4ef9b50000, 0x00007f50aa4e0000, 0x00007f59a4600000)
   the space 7087680K,  59% used [0x00007f4ef9b50000, 0x00007f4ffd43ff98, 0x00007f4ffd440000, 0x00007f50aa4e0000)
 Metaspace       used 30678K, capacity 31057K, committed 31232K, reserved 32768K
}
Event: 17.171 GC heap after
{Heap after GC invocations=8 (full 3):
 def new generation   total 3189504K, used 354367K [0x00007f49a4600000, 0x00007f4a7cad0000, 0x00007f4ef9b50000)
  eden space 2835136K,   0% used [0x00007f49a4600000, 0x00007f49a4600000, 0x00007f4a516b0000)
  from space 354368K,  99% used [0x00007f4a670c0000, 0x00007f4a7cacfe28, 0x00007f4a7cad0000)
  to   space 354368K,   0% used [0x00007f4a516b0000, 0x00007f4a516b0000, 0x00007f4a670c0000)
 tenured generation   total 7087680K, used 5880513K [0x00007f4ef9b50000, 0x00007f50aa4e0000, 0x00007f59a4600000)
   the space 7087680K,  82% used [0x00007f4ef9b50000, 0x00007f5060a004b0, 0x00007f5060a00600, 0x00007f50aa4e0000)
 Metaspace       used 30678K, capacity 31057K, committed 31232K, reserved 32768K
}
Event: 23.329 GC heap before
{Heap before GC invocations=8 (full 3):
 def new generation   total 3189504K, used 3189503K [0x00007f49a4600000, 0x00007f4a7cad0000, 0x00007f4ef9b50000)
  eden space 2835136K, 100% used [0x00007f49a4600000, 0x00007f4a516b0000, 0x00007f4a516b0000)
  from space 354368K,  99% used [0x00007f4a670c0000, 0x00007f4a7cacfe28, 0x00007f4a7cad0000)
  to   space 354368K,   0% used [0x00007f4a516b0000, 0x00007f4a516b0000, 0x00007f4a670c0000)
 tenured generation   total 7087680K, used 5880513K [0x00007f4ef9b50000, 0x00007f50aa4e0000, 0x00007f59a4600000)
   the space 7087680K,  82% used [0x00007f4ef9b50000, 0x00007f5060a004b0, 0x00007f5060a00600, 0x00007f50aa4e0000)
 Metaspace       used 30678K, capacity 31057K, committed 31232K, reserved 32768K
}
Event: 24.757 GC heap after
{Heap after GC invocations=9 (full 3):
 def new generation   total 3189504K, used 354367K [0x00007f49a4600000, 0x00007f4a7cad0000, 0x00007f4ef9b50000)
  eden space 2835136K,   0% used [0x00007f49a4600000, 0x00007f49a4600000, 0x00007f4a516b0000)
  from space 354368K,  99% used [0x00007f4a516b0000, 0x00007f4a670bfdf8, 0x00007f4a670c0000)
  to   space 354368K,   0% used [0x00007f4a670c0000, 0x00007f4a670c0000, 0x00007f4a7cad0000)
 tenured generation   total 7258944K, used 7258918K [0x00007f4ef9b50000, 0x00007f50b4c20000, 0x00007f59a4600000)
   the space 7258944K,  99% used [0x00007f4ef9b50000, 0x00007f50b4c19b18, 0x00007f50b4c19c00, 0x00007f50b4c20000)
 Metaspace       used 30678K, capacity 31057K, committed 31232K, reserved 32768K
}
Event: 24.757 GC heap before
{Heap before GC invocations=9 (full 3):
 def new generation   total 3189504K, used 354367K [0x00007f49a4600000, 0x00007f4a7cad0000, 0x00007f4ef9b50000)
  eden space 2835136K,   0% used [0x00007f49a4600000, 0x00007f49a4600000, 0x00007f4a516b0000)
  from space 354368K,  99% used [0x00007f4a516b0000, 0x00007f4a670bfdf8, 0x00007f4a670c0000)
  to   space 354368K,   0% used [0x00007f4a670c0000, 0x00007f4a670c0000, 0x00007f4a7cad0000)
 tenured generation   total 7258944K, used 7258918K [0x00007f4ef9b50000, 0x00007f50b4c20000, 0x00007f59a4600000)
   the space 7258944K,  99% used [0x00007f4ef9b50000, 0x00007f50b4c19b18, 0x00007f50b4c19c00, 0x00007f50b4c20000)
 Metaspace       used 30678K, capacity 31057K, committed 31232K, reserved 32768K
}
Event: 29.458 GC heap after
{Heap after GC invocations=9 (full 4):
 def new generation   total 5440256K, used 354367K [0x00007f49a4600000, 0x00007f4b15500000, 0x00007f4ef9b50000)
  eden space 4835840K,   7% used [0x00007f49a4600000, 0x00007f49ba00fdf8, 0x00007f4acb880000)
  from space 604416K,   0% used [0x00007f4acb880000, 0x00007f4acb880000, 0x00007f4af06c0000)
  to   space 604416K,   0% used [0x00007f4af06c0000, 0x00007f4af06c0000, 0x00007f4b15500000)
 tenured generation   total 12089212K, used 7253525K [0x00007f4ef9b50000, 0x00007f51db92f000, 0x00007f59a4600000)
   the space 12089212K,  59% used [0x00007f4ef9b50000, 0x00007f50b46d5758, 0x00007f50b46d5800, 0x00007f51db92f000)
 Metaspace       used 30678K, capacity 31057K, committed 31232K, reserved 32768K
}
Event: 31.180 GC heap before
{Heap before GC invocations=9 (full 4):
 def new generation   total 5440256K, used 4835840K [0x00007f49a4600000, 0x00007f4b15500000, 0x00007f4ef9b50000)
  eden space 4835840K, 100% used [0x00007f49a4600000, 0x00007f4acb880000, 0x00007f4acb880000)
  from space 604416K,   0% used [0x00007f4acb880000, 0x00007f4acb880000, 0x00007f4af06c0000)
  to   space 604416K,   0% used [0x00007f4af06c0000, 0x00007f4af06c0000, 0x00007f4b15500000)
 tenured generation   total 12089212K, used 7253525K [0x00007f4ef9b50000, 0x00007f51db92f000, 0x00007f59a4600000)
   the space 12089212K,  59% used [0x00007f4ef9b50000, 0x00007f50b46d5758, 0x00007f50b46d5800, 0x00007f51db92f000)
 Metaspace       used 30678K, capacity 31057K, committed 31232K, reserved 32768K
}
Event: 37.339 GC heap after
{Heap after GC invocations=10 (full 4):
 def new generation   total 5440256K, used 604415K [0x00007f49a4600000, 0x00007f4b15500000, 0x00007f4ef9b50000)
  eden space 4835840K,   0% used [0x00007f49a4600000, 0x00007f49a4600000, 0x00007f4acb880000)
  from space 604416K,  99% used [0x00007f4af06c0000, 0x00007f4b154fff28, 0x00007f4b15500000)
  to   space 604416K,   0% used [0x00007f4acb880000, 0x00007f4acb880000, 0x00007f4af06c0000)
 tenured generation   total 12089212K, used 11484897K [0x00007f4ef9b50000, 0x00007f51db92f000, 0x00007f59a4600000)
   the space 12089212K,  95% used [0x00007f4ef9b50000, 0x00007f51b6b085e8, 0x00007f51b6b08600, 0x00007f51db92f000)
 Metaspace       used 30678K, capacity 31057K, committed 31232K, reserved 32768K
}
Event: 47.699 GC heap before
{Heap before GC invocations=10 (full 4):
 def new generation   total 5440256K, used 5440255K [0x00007f49a4600000, 0x00007f4b15500000, 0x00007f4ef9b50000)
  eden space 4835840K, 100% used [0x00007f49a4600000, 0x00007f4acb880000, 0x00007f4acb880000)
  from space 604416K,  99% used [0x00007f4af06c0000, 0x00007f4b154fff28, 0x00007f4b15500000)
  to   space 604416K,   0% used [0x00007f4acb880000, 0x00007f4acb880000, 0x00007f4af06c0000)
 tenured generation   total 12089212K, used 11484897K [0x00007f4ef9b50000, 0x00007f51db92f000, 0x00007f59a4600000)
   the space 12089212K,  95% used [0x00007f4ef9b50000, 0x00007f51b6b085e8, 0x00007f51b6b08600, 0x00007f51db92f000)
 Metaspace       used 30678K, capacity 31057K, committed 31232K, reserved 32768K
}
Event: 50.636 GC heap after
{Heap after GC invocations=11 (full 4):
 def new generation   total 5440256K, used 604415K [0x00007f49a4600000, 0x00007f4b15500000, 0x00007f4ef9b50000)
  eden space 4835840K,   0% used [0x00007f49a4600000, 0x00007f49a4600000, 0x00007f4acb880000)
  from space 604416K,  99% used [0x00007f4acb880000, 0x00007f4af06bff28, 0x00007f4af06c0000)
  to   space 604416K,   0% used [0x00007f4af06c0000, 0x00007f4af06c0000, 0x00007f4b15500000)
 tenured generation   total 14067964K, used 14067894K [0x00007f4ef9b50000, 0x00007f525458f000, 0x00007f59a4600000)
   the space 14067964K,  99% used [0x00007f4ef9b50000, 0x00007f525457d920, 0x00007f525457da00, 0x00007f525458f000)
 Metaspace       used 30678K, capacity 31057K, committed 31232K, reserved 32768K
}
Event: 50.636 GC heap before
{Heap before GC invocations=11 (full 4):
 def new generation   total 5440256K, used 604415K [0x00007f49a4600000, 0x00007f4b15500000, 0x00007f4ef9b50000)
  eden space 4835840K,   0% used [0x00007f49a4600000, 0x00007f49a4600000, 0x00007f4acb880000)
  from space 604416K,  99% used [0x00007f4acb880000, 0x00007f4af06bff28, 0x00007f4af06c0000)
  to   space 604416K,   0% used [0x00007f4af06c0000, 0x00007f4af06c0000, 0x00007f4b15500000)
 tenured generation   total 14067964K, used 14067894K [0x00007f4ef9b50000, 0x00007f525458f000, 0x00007f59a4600000)
   the space 14067964K,  99% used [0x00007f4ef9b50000, 0x00007f525457d920, 0x00007f525457da00, 0x00007f525458f000)
 Metaspace       used 30678K, capacity 31057K, committed 31232K, reserved 32768K
}

