# JRE version: OpenJDK Runtime Environment (13.0.7+5) (build 13.0.7+5-Ubuntu-0ubuntu120.04)
# Java VM: OpenJDK 64-Bit Server VM (13.0.7+5-Ubuntu-0ubuntu120.04, mixed mode, tiered, serial gc, linux-amd64)
Heap:
 def new generation   total 5056896K, used 209719K [0x00007f446c600000, 0x00007f45c3510000, 0x00007f49c1b50000)
  eden space 4495040K,   4% used [0x00007f446c600000, 0x00007f44792cdd00, 0x00007f457ebb0000)
  from space 561856K,   0% used [0x00007f457ebb0000, 0x00007f457ebb0000, 0x00007f45a1060000)
  to   space 561856K,   0% used [0x00007f45a1060000, 0x00007f45a1060000, 0x00007f45c3510000)
 tenured generation   total 11780232K, used 11780231K [0x00007f49c1b50000, 0x00007f4c90b72000, 0x00007f546c600000)
   the space 11780232K,  99% used [0x00007f49c1b50000, 0x00007f4c90b71ff0, 0x00007f4c90b72000, 0x00007f4c90b72000)
 Metaspace       used 30464K, capacity 30923K, committed 31232K, reserved 32768K
GC Heap History (20 events):
Event: 116.822 GC heap after
{Heap after GC invocations=30 (full 4):
 def new generation   total 5056896K, used 437416K [0x00007f446c600000, 0x00007f45c3510000, 0x00007f49c1b50000)
  eden space 4495040K,   0% used [0x00007f446c600000, 0x00007f446c600000, 0x00007f457ebb0000)
  from space 561856K,  77% used [0x00007f45a1060000, 0x00007f45bbb8a100, 0x00007f45c3510000)
  to   space 561856K,   0% used [0x00007f457ebb0000, 0x00007f457ebb0000, 0x00007f45a1060000)
 tenured generation   total 11237448K, used 7283210K [0x00007f49c1b50000, 0x00007f4c6f962000, 0x00007f546c600000)
   the space 11237448K,  64% used [0x00007f49c1b50000, 0x00007f4b7e3d2af0, 0x00007f4b7e3d2c00, 0x00007f4c6f962000)
 Metaspace       used 30464K, capacity 30923K, committed 31232K, reserved 32768K
}
Event: 118.014 GC heap before
{Heap before GC invocations=30 (full 4):
 def new generation   total 5056896K, used 4932456K [0x00007f446c600000, 0x00007f45c3510000, 0x00007f49c1b50000)
  eden space 4495040K, 100% used [0x00007f446c600000, 0x00007f457ebb0000, 0x00007f457ebb0000)
  from space 561856K,  77% used [0x00007f45a1060000, 0x00007f45bbb8a100, 0x00007f45c3510000)
  to   space 561856K,   0% used [0x00007f457ebb0000, 0x00007f457ebb0000, 0x00007f45a1060000)
 tenured generation   total 11237448K, used 7283210K [0x00007f49c1b50000, 0x00007f4c6f962000, 0x00007f546c600000)
   the space 11237448K,  64% used [0x00007f49c1b50000, 0x00007f4b7e3d2af0, 0x00007f4b7e3d2c00, 0x00007f4c6f962000)
 Metaspace       used 30464K, capacity 30923K, committed 31232K, reserved 32768K
}
Event: 119.686 GC heap after
{Heap after GC invocations=31 (full 4):
 def new generation   total 5056896K, used 389575K [0x00007f446c600000, 0x00007f45c3510000, 0x00007f49c1b50000)
  eden space 4495040K,   0% used [0x00007f446c600000, 0x00007f446c600000, 0x00007f457ebb0000)
  from space 561856K,  69% used [0x00007f457ebb0000, 0x00007f4596821e98, 0x00007f45a1060000)
  to   space 561856K,   0% used [0x00007f45a1060000, 0x00007f45a1060000, 0x00007f45c3510000)
 tenured generation   total 11237448K, used 7720626K [0x00007f49c1b50000, 0x00007f4c6f962000, 0x00007f546c600000)
   the space 11237448K,  68% used [0x00007f49c1b50000, 0x00007f4b98efcbf0, 0x00007f4b98efcc00, 0x00007f4c6f962000)
 Metaspace       used 30464K, capacity 30923K, committed 31232K, reserved 32768K
}
Event: 122.556 GC heap before
{Heap before GC invocations=31 (full 4):
 def new generation   total 5056896K, used 4884615K [0x00007f446c600000, 0x00007f45c3510000, 0x00007f49c1b50000)
  eden space 4495040K, 100% used [0x00007f446c600000, 0x00007f457ebb0000, 0x00007f457ebb0000)
  from space 561856K,  69% used [0x00007f457ebb0000, 0x00007f4596821e98, 0x00007f45a1060000)
  to   space 561856K,   0% used [0x00007f45a1060000, 0x00007f45a1060000, 0x00007f45c3510000)
 tenured generation   total 11237448K, used 7720626K [0x00007f49c1b50000, 0x00007f4c6f962000, 0x00007f546c600000)
   the space 11237448K,  68% used [0x00007f49c1b50000, 0x00007f4b98efcbf0, 0x00007f4b98efcc00, 0x00007f4c6f962000)
 Metaspace       used 30464K, capacity 30923K, committed 31232K, reserved 32768K
}
Event: 130.490 GC heap after
{Heap after GC invocations=32 (full 4):
 def new generation   total 5056896K, used 472731K [0x00007f446c600000, 0x00007f45c3510000, 0x00007f49c1b50000)
  eden space 4495040K,   0% used [0x00007f446c600000, 0x00007f446c600000, 0x00007f457ebb0000)
  from space 561856K,  84% used [0x00007f45a1060000, 0x00007f45bde06c78, 0x00007f45c3510000)
  to   space 561856K,   0% used [0x00007f457ebb0000, 0x00007f457ebb0000, 0x00007f45a1060000)
 tenured generation   total 11237448K, used 8110202K [0x00007f49c1b50000, 0x00007f4c6f962000, 0x00007f546c600000)
   the space 11237448K,  72% used [0x00007f49c1b50000, 0x00007f4bb0b6ea08, 0x00007f4bb0b6ec00, 0x00007f4c6f962000)
 Metaspace       used 30464K, capacity 30923K, committed 31232K, reserved 32768K
}
Event: 132.353 GC heap before
{Heap before GC invocations=32 (full 4):
 def new generation   total 5056896K, used 4967771K [0x00007f446c600000, 0x00007f45c3510000, 0x00007f49c1b50000)
  eden space 4495040K, 100% used [0x00007f446c600000, 0x00007f457ebb0000, 0x00007f457ebb0000)
  from space 561856K,  84% used [0x00007f45a1060000, 0x00007f45bde06c78, 0x00007f45c3510000)
  to   space 561856K,   0% used [0x00007f457ebb0000, 0x00007f457ebb0000, 0x00007f45a1060000)
 tenured generation   total 11237448K, used 8110202K [0x00007f49c1b50000, 0x00007f4c6f962000, 0x00007f546c600000)
   the space 11237448K,  72% used [0x00007f49c1b50000, 0x00007f4bb0b6ea08, 0x00007f4bb0b6ec00, 0x00007f4c6f962000)
 Metaspace       used 30464K, capacity 30923K, committed 31232K, reserved 32768K
}
Event: 133.449 GC heap after
{Heap after GC invocations=33 (full 4):
 def new generation   total 5056896K, used 439886K [0x00007f446c600000, 0x00007f45c3510000, 0x00007f49c1b50000)
  eden space 4495040K,   0% used [0x00007f446c600000, 0x00007f446c600000, 0x00007f457ebb0000)
  from space 561856K,  78% used [0x00007f457ebb0000, 0x00007f4599943aa8, 0x00007f45a1060000)
  to   space 561856K,   0% used [0x00007f45a1060000, 0x00007f45a1060000, 0x00007f45c3510000)
 tenured generation   total 11237448K, used 8582932K [0x00007f49c1b50000, 0x00007f4c6f962000, 0x00007f546c600000)
   the space 11237448K,  76% used [0x00007f49c1b50000, 0x00007f4bcd9152a0, 0x00007f4bcd915400, 0x00007f4c6f962000)
 Metaspace       used 30464K, capacity 30923K, committed 31232K, reserved 32768K
}
Event: 134.506 GC heap before
{Heap before GC invocations=33 (full 4):
 def new generation   total 5056896K, used 4934926K [0x00007f446c600000, 0x00007f45c3510000, 0x00007f49c1b50000)
  eden space 4495040K, 100% used [0x00007f446c600000, 0x00007f457ebb0000, 0x00007f457ebb0000)
  from space 561856K,  78% used [0x00007f457ebb0000, 0x00007f4599943aa8, 0x00007f45a1060000)
  to   space 561856K,   0% used [0x00007f45a1060000, 0x00007f45a1060000, 0x00007f45c3510000)
 tenured generation   total 11237448K, used 8582932K [0x00007f49c1b50000, 0x00007f4c6f962000, 0x00007f546c600000)
   the space 11237448K,  76% used [0x00007f49c1b50000, 0x00007f4bcd9152a0, 0x00007f4bcd915400, 0x00007f4c6f962000)
 Metaspace       used 30464K, capacity 30923K, committed 31232K, reserved 32768K
}
Event: 135.704 GC heap after
{Heap after GC invocations=34 (full 4):
 def new generation   total 5056896K, used 486881K [0x00007f446c600000, 0x00007f45c3510000, 0x00007f49c1b50000)
  eden space 4495040K,   0% used [0x00007f446c600000, 0x00007f446c600000, 0x00007f457ebb0000)
  from space 561856K,  86% used [0x00007f45a1060000, 0x00007f45bebd8430, 0x00007f45c3510000)
  to   space 561856K,   0% used [0x00007f457ebb0000, 0x00007f457ebb0000, 0x00007f45a1060000)
 tenured generation   total 11237448K, used 9022818K [0x00007f49c1b50000, 0x00007f4c6f962000, 0x00007f546c600000)
   the space 11237448K,  80% used [0x00007f49c1b50000, 0x00007f4be86a8a78, 0x00007f4be86a8c00, 0x00007f4c6f962000)
 Metaspace       used 30464K, capacity 30923K, committed 31232K, reserved 32768K
}
Event: 136.776 GC heap before
{Heap before GC invocations=34 (full 4):
 def new generation   total 5056896K, used 4981921K [0x00007f446c600000, 0x00007f45c3510000, 0x00007f49c1b50000)
  eden space 4495040K, 100% used [0x00007f446c600000, 0x00007f457ebb0000, 0x00007f457ebb0000)
  from space 561856K,  86% used [0x00007f45a1060000, 0x00007f45bebd8430, 0x00007f45c3510000)
  to   space 561856K,   0% used [0x00007f457ebb0000, 0x00007f457ebb0000, 0x00007f45a1060000)
 tenured generation   total 11237448K, used 9022818K [0x00007f49c1b50000, 0x00007f4c6f962000, 0x00007f546c600000)
   the space 11237448K,  80% used [0x00007f49c1b50000, 0x00007f4be86a8a78, 0x00007f4be86a8c00, 0x00007f4c6f962000)
 Metaspace       used 30464K, capacity 30923K, committed 31232K, reserved 32768K
}
Event: 138.201 GC heap after
{Heap after GC invocations=35 (full 4):
 def new generation   total 5056896K, used 517599K [0x00007f446c600000, 0x00007f45c3510000, 0x00007f49c1b50000)
  eden space 4495040K,   0% used [0x00007f446c600000, 0x00007f446c600000, 0x00007f457ebb0000)
  from space 561856K,  92% used [0x00007f457ebb0000, 0x00007f459e527fc8, 0x00007f45a1060000)
  to   space 561856K,   0% used [0x00007f45a1060000, 0x00007f45a1060000, 0x00007f45c3510000)
 tenured generation   total 11237448K, used 9509698K [0x00007f49c1b50000, 0x00007f4c6f962000, 0x00007f546c600000)
   the space 11237448K,  84% used [0x00007f49c1b50000, 0x00007f4c06220a58, 0x00007f4c06220c00, 0x00007f4c6f962000)
 Metaspace       used 30464K, capacity 30923K, committed 31232K, reserved 32768K
}
Event: 139.353 GC heap before
{Heap before GC invocations=35 (full 4):
 def new generation   total 5056896K, used 5012639K [0x00007f446c600000, 0x00007f45c3510000, 0x00007f49c1b50000)
  eden space 4495040K, 100% used [0x00007f446c600000, 0x00007f457ebb0000, 0x00007f457ebb0000)
  from space 561856K,  92% used [0x00007f457ebb0000, 0x00007f459e527fc8, 0x00007f45a1060000)
  to   space 561856K,   0% used [0x00007f45a1060000, 0x00007f45a1060000, 0x00007f45c3510000)
 tenured generation   total 11237448K, used 9509698K [0x00007f49c1b50000, 0x00007f4c6f962000, 0x00007f546c600000)
   the space 11237448K,  84% used [0x00007f49c1b50000, 0x00007f4c06220a58, 0x00007f4c06220c00, 0x00007f4c6f962000)
 Metaspace       used 30464K, capacity 30923K, committed 31232K, reserved 32768K
}
Event: 140.839 GC heap after
{Heap after GC invocations=36 (full 4):
 def new generation   total 5056896K, used 506183K [0x00007f446c600000, 0x00007f45c3510000, 0x00007f49c1b50000)
  eden space 4495040K,   0% used [0x00007f446c600000, 0x00007f446c600000, 0x00007f457ebb0000)
  from space 561856K,  90% used [0x00007f45a1060000, 0x00007f45bfeb1d70, 0x00007f45c3510000)
  to   space 561856K,   0% used [0x00007f457ebb0000, 0x00007f457ebb0000, 0x00007f45a1060000)
 tenured generation   total 11237448K, used 10027298K [0x00007f49c1b50000, 0x00007f4c6f962000, 0x00007f546c600000)
   the space 11237448K,  89% used [0x00007f49c1b50000, 0x00007f4c25b988a0, 0x00007f4c25b98a00, 0x00007f4c6f962000)
 Metaspace       used 30464K, capacity 30923K, committed 31232K, reserved 32768K
}
Event: 141.959 GC heap before
{Heap before GC invocations=36 (full 4):
 def new generation   total 5056896K, used 5001223K [0x00007f446c600000, 0x00007f45c3510000, 0x00007f49c1b50000)
  eden space 4495040K, 100% used [0x00007f446c600000, 0x00007f457ebb0000, 0x00007f457ebb0000)
  from space 561856K,  90% used [0x00007f45a1060000, 0x00007f45bfeb1d70, 0x00007f45c3510000)
  to   space 561856K,   0% used [0x00007f457ebb0000, 0x00007f457ebb0000, 0x00007f45a1060000)
 tenured generation   total 11237448K, used 10027298K [0x00007f49c1b50000, 0x00007f4c6f962000, 0x00007f546c600000)
   the space 11237448K,  89% used [0x00007f49c1b50000, 0x00007f4c25b988a0, 0x00007f4c25b98a00, 0x00007f4c6f962000)
 Metaspace       used 30464K, capacity 30923K, committed 31232K, reserved 32768K
}
Event: 143.371 GC heap after
{Heap after GC invocations=37 (full 4):
 def new generation   total 5056896K, used 502651K [0x00007f446c600000, 0x00007f45c3510000, 0x00007f49c1b50000)
  eden space 4495040K,   0% used [0x00007f446c600000, 0x00007f446c600000, 0x00007f457ebb0000)
  from space 561856K,  89% used [0x00007f457ebb0000, 0x00007f459d68ecb0, 0x00007f45a1060000)
  to   space 561856K,   0% used [0x00007f45a1060000, 0x00007f45a1060000, 0x00007f45c3510000)
 tenured generation   total 11237448K, used 10533481K [0x00007f49c1b50000, 0x00007f4c6f962000, 0x00007f546c600000)
   the space 11237448K,  93% used [0x00007f49c1b50000, 0x00007f4c449ea5f0, 0x00007f4c449ea600, 0x00007f4c6f962000)
 Metaspace       used 30464K, capacity 30923K, committed 31232K, reserved 32768K
}
Event: 144.464 GC heap before
{Heap before GC invocations=37 (full 4):
 def new generation   total 5056896K, used 4997691K [0x00007f446c600000, 0x00007f45c3510000, 0x00007f49c1b50000)
  eden space 4495040K, 100% used [0x00007f446c600000, 0x00007f457ebb0000, 0x00007f457ebb0000)
  from space 561856K,  89% used [0x00007f457ebb0000, 0x00007f459d68ecb0, 0x00007f45a1060000)
  to   space 561856K,   0% used [0x00007f45a1060000, 0x00007f45a1060000, 0x00007f45c3510000)
 tenured generation   total 11237448K, used 10533481K [0x00007f49c1b50000, 0x00007f4c6f962000, 0x00007f546c600000)
   the space 11237448K,  93% used [0x00007f49c1b50000, 0x00007f4c449ea5f0, 0x00007f4c449ea600, 0x00007f4c6f962000)
 Metaspace       used 30464K, capacity 30923K, committed 31232K, reserved 32768K
}
Event: 146.135 GC heap after
{Heap after GC invocations=38 (full 4):
 def new generation   total 5056896K, used 561855K [0x00007f446c600000, 0x00007f45c3510000, 0x00007f49c1b50000)
  eden space 4495040K,   0% used [0x00007f446c600000, 0x00007f446c600000, 0x00007f457ebb0000)
  from space 561856K,  99% used [0x00007f45a1060000, 0x00007f45c350fff0, 0x00007f45c3510000)
  to   space 561856K,   0% used [0x00007f457ebb0000, 0x00007f457ebb0000, 0x00007f45a1060000)
 tenured generation   total 11237448K, used 11079309K [0x00007f49c1b50000, 0x00007f4c6f962000, 0x00007f546c600000)
   the space 11237448K,  98% used [0x00007f49c1b50000, 0x00007f4c65ef3658, 0x00007f4c65ef3800, 0x00007f4c6f962000)
 Metaspace       used 30464K, capacity 30923K, committed 31232K, reserved 32768K
}
Event: 147.299 GC heap before
{Heap before GC invocations=38 (full 4):
 def new generation   total 5056896K, used 5056895K [0x00007f446c600000, 0x00007f45c3510000, 0x00007f49c1b50000)
  eden space 4495040K, 100% used [0x00007f446c600000, 0x00007f457ebb0000, 0x00007f457ebb0000)
  from space 561856K,  99% used [0x00007f45a1060000, 0x00007f45c350fff0, 0x00007f45c3510000)
  to   space 561856K,   0% used [0x00007f457ebb0000, 0x00007f457ebb0000, 0x00007f45a1060000)
 tenured generation   total 11237448K, used 11079309K [0x00007f49c1b50000, 0x00007f4c6f962000, 0x00007f546c600000)
   the space 11237448K,  98% used [0x00007f49c1b50000, 0x00007f4c65ef3658, 0x00007f4c65ef3800, 0x00007f4c6f962000)
 Metaspace       used 30464K, capacity 30923K, committed 31232K, reserved 32768K
}
Event: 149.328 GC heap after
{Heap after GC invocations=39 (full 4):
 def new generation   total 5056896K, used 561855K [0x00007f446c600000, 0x00007f45c3510000, 0x00007f49c1b50000)
  eden space 4495040K,   0% used [0x00007f446c600000, 0x00007f446c600000, 0x00007f457ebb0000)
  from space 561856K,  99% used [0x00007f457ebb0000, 0x00007f45a105fff8, 0x00007f45a1060000)
  to   space 561856K,   0% used [0x00007f45a1060000, 0x00007f45a1060000, 0x00007f45c3510000)
 tenured generation   total 11780232K, used 11780223K [0x00007f49c1b50000, 0x00007f4c90b72000, 0x00007f546c600000)
   the space 11780232K,  99% used [0x00007f49c1b50000, 0x00007f4c90b6fed8, 0x00007f4c90b70000, 0x00007f4c90b72000)
 Metaspace       used 30464K, capacity 30923K, committed 31232K, reserved 32768K
}
Event: 149.328 GC heap before
{Heap before GC invocations=39 (full 4):
 def new generation   total 5056896K, used 561855K [0x00007f446c600000, 0x00007f45c3510000, 0x00007f49c1b50000)
  eden space 4495040K,   0% used [0x00007f446c600000, 0x00007f446c600000, 0x00007f457ebb0000)
  from space 561856K,  99% used [0x00007f457ebb0000, 0x00007f45a105fff8, 0x00007f45a1060000)
  to   space 561856K,   0% used [0x00007f45a1060000, 0x00007f45a1060000, 0x00007f45c3510000)
 tenured generation   total 11780232K, used 11780223K [0x00007f49c1b50000, 0x00007f4c90b72000, 0x00007f546c600000)
   the space 11780232K,  99% used [0x00007f49c1b50000, 0x00007f4c90b6fed8, 0x00007f4c90b70000, 0x00007f4c90b72000)
 Metaspace       used 30464K, capacity 30923K, committed 31232K, reserved 32768K
}

