# JRE version: OpenJDK Runtime Environment (13.0.7+5) (build 13.0.7+5-Ubuntu-0ubuntu120.04)
# Java VM: OpenJDK 64-Bit Server VM (13.0.7+5-Ubuntu-0ubuntu120.04, mixed mode, tiered, serial gc, linux-amd64)
Heap:
 def new generation   total 1691136K, used 127796K [0x00007f7de8600000, 0x00007f7e5b100000, 0x00007f833db50000)
  eden space 1503232K,   8% used [0x00007f7de8600000, 0x00007f7df02cd370, 0x00007f7e44200000)
  from space 187904K,   0% used [0x00007f7e44200000, 0x00007f7e44200000, 0x00007f7e4f980000)
  to   space 187904K,   0% used [0x00007f7e4f980000, 0x00007f7e4f980000, 0x00007f7e5b100000)
 tenured generation   total 3800832K, used 3800831K [0x00007f833db50000, 0x00007f8425b10000, 0x00007f8de8600000)
   the space 3800832K,  99% used [0x00007f833db50000, 0x00007f8425b0ffd8, 0x00007f8425b10000, 0x00007f8425b10000)
 Metaspace       used 30689K, capacity 31098K, committed 31488K, reserved 32768K
GC Heap History (20 events):
Event: 105.102 GC heap after
{Heap after GC invocations=52 (full 4):
 def new generation   total 1691136K, used 131364K [0x00007f7de8600000, 0x00007f7e5b100000, 0x00007f833db50000)
  eden space 1503232K,   0% used [0x00007f7de8600000, 0x00007f7de8600000, 0x00007f7e44200000)
  from space 187904K,  69% used [0x00007f7e4f980000, 0x00007f7e579c9260, 0x00007f7e5b100000)
  to   space 187904K,   0% used [0x00007f7e44200000, 0x00007f7e44200000, 0x00007f7e4f980000)
 tenured generation   total 3758016K, used 2719389K [0x00007f833db50000, 0x00007f8423140000, 0x00007f8de8600000)
   the space 3758016K,  72% used [0x00007f833db50000, 0x00007f83e3af7668, 0x00007f83e3af7800, 0x00007f8423140000)
 Metaspace       used 30689K, capacity 31098K, committed 31488K, reserved 32768K
}
Event: 105.500 GC heap before
{Heap before GC invocations=52 (full 4):
 def new generation   total 1691136K, used 1634596K [0x00007f7de8600000, 0x00007f7e5b100000, 0x00007f833db50000)
  eden space 1503232K, 100% used [0x00007f7de8600000, 0x00007f7e44200000, 0x00007f7e44200000)
  from space 187904K,  69% used [0x00007f7e4f980000, 0x00007f7e579c9260, 0x00007f7e5b100000)
  to   space 187904K,   0% used [0x00007f7e44200000, 0x00007f7e44200000, 0x00007f7e4f980000)
 tenured generation   total 3758016K, used 2719389K [0x00007f833db50000, 0x00007f8423140000, 0x00007f8de8600000)
   the space 3758016K,  72% used [0x00007f833db50000, 0x00007f83e3af7668, 0x00007f83e3af7800, 0x00007f8423140000)
 Metaspace       used 30689K, capacity 31098K, committed 31488K, reserved 32768K
}
Event: 106.011 GC heap after
{Heap after GC invocations=53 (full 4):
 def new generation   total 1691136K, used 110882K [0x00007f7de8600000, 0x00007f7e5b100000, 0x00007f833db50000)
  eden space 1503232K,   0% used [0x00007f7de8600000, 0x00007f7de8600000, 0x00007f7e44200000)
  from space 187904K,  59% used [0x00007f7e44200000, 0x00007f7e4ae48878, 0x00007f7e4f980000)
  to   space 187904K,   0% used [0x00007f7e4f980000, 0x00007f7e4f980000, 0x00007f7e5b100000)
 tenured generation   total 3758016K, used 2850753K [0x00007f833db50000, 0x00007f8423140000, 0x00007f8de8600000)
   the space 3758016K,  75% used [0x00007f833db50000, 0x00007f83ebb40468, 0x00007f83ebb40600, 0x00007f8423140000)
 Metaspace       used 30689K, capacity 31098K, committed 31488K, reserved 32768K
}
Event: 106.447 GC heap before
{Heap before GC invocations=53 (full 4):
 def new generation   total 1691136K, used 1614114K [0x00007f7de8600000, 0x00007f7e5b100000, 0x00007f833db50000)
  eden space 1503232K, 100% used [0x00007f7de8600000, 0x00007f7e44200000, 0x00007f7e44200000)
  from space 187904K,  59% used [0x00007f7e44200000, 0x00007f7e4ae48878, 0x00007f7e4f980000)
  to   space 187904K,   0% used [0x00007f7e4f980000, 0x00007f7e4f980000, 0x00007f7e5b100000)
 tenured generation   total 3758016K, used 2850753K [0x00007f833db50000, 0x00007f8423140000, 0x00007f8de8600000)
   the space 3758016K,  75% used [0x00007f833db50000, 0x00007f83ebb40468, 0x00007f83ebb40600, 0x00007f8423140000)
 Metaspace       used 30689K, capacity 31098K, committed 31488K, reserved 32768K
}
Event: 106.869 GC heap after
{Heap after GC invocations=54 (full 4):
 def new generation   total 1691136K, used 115645K [0x00007f7de8600000, 0x00007f7e5b100000, 0x00007f833db50000)
  eden space 1503232K,   0% used [0x00007f7de8600000, 0x00007f7de8600000, 0x00007f7e44200000)
  from space 187904K,  61% used [0x00007f7e4f980000, 0x00007f7e56a6f798, 0x00007f7e5b100000)
  to   space 187904K,   0% used [0x00007f7e44200000, 0x00007f7e44200000, 0x00007f7e4f980000)
 tenured generation   total 3758016K, used 2961634K [0x00007f833db50000, 0x00007f8423140000, 0x00007f8de8600000)
   the space 3758016K,  78% used [0x00007f833db50000, 0x00007f83f2788be0, 0x00007f83f2788c00, 0x00007f8423140000)
 Metaspace       used 30689K, capacity 31098K, committed 31488K, reserved 32768K
}
Event: 107.328 GC heap before
{Heap before GC invocations=54 (full 4):
 def new generation   total 1691136K, used 1618877K [0x00007f7de8600000, 0x00007f7e5b100000, 0x00007f833db50000)
  eden space 1503232K, 100% used [0x00007f7de8600000, 0x00007f7e44200000, 0x00007f7e44200000)
  from space 187904K,  61% used [0x00007f7e4f980000, 0x00007f7e56a6f798, 0x00007f7e5b100000)
  to   space 187904K,   0% used [0x00007f7e44200000, 0x00007f7e44200000, 0x00007f7e4f980000)
 tenured generation   total 3758016K, used 2961634K [0x00007f833db50000, 0x00007f8423140000, 0x00007f8de8600000)
   the space 3758016K,  78% used [0x00007f833db50000, 0x00007f83f2788be0, 0x00007f83f2788c00, 0x00007f8423140000)
 Metaspace       used 30689K, capacity 31098K, committed 31488K, reserved 32768K
}
Event: 107.791 GC heap after
{Heap after GC invocations=55 (full 4):
 def new generation   total 1691136K, used 128163K [0x00007f7de8600000, 0x00007f7e5b100000, 0x00007f833db50000)
  eden space 1503232K,   0% used [0x00007f7de8600000, 0x00007f7de8600000, 0x00007f7e44200000)
  from space 187904K,  68% used [0x00007f7e44200000, 0x00007f7e4bf28dd8, 0x00007f7e4f980000)
  to   space 187904K,   0% used [0x00007f7e4f980000, 0x00007f7e4f980000, 0x00007f7e5b100000)
 tenured generation   total 3758016K, used 3077279K [0x00007f833db50000, 0x00007f8423140000, 0x00007f8de8600000)
   the space 3758016K,  81% used [0x00007f833db50000, 0x00007f83f9877ec8, 0x00007f83f9878000, 0x00007f8423140000)
 Metaspace       used 30689K, capacity 31098K, committed 31488K, reserved 32768K
}
Event: 108.234 GC heap before
{Heap before GC invocations=55 (full 4):
 def new generation   total 1691136K, used 1631395K [0x00007f7de8600000, 0x00007f7e5b100000, 0x00007f833db50000)
  eden space 1503232K, 100% used [0x00007f7de8600000, 0x00007f7e44200000, 0x00007f7e44200000)
  from space 187904K,  68% used [0x00007f7e44200000, 0x00007f7e4bf28dd8, 0x00007f7e4f980000)
  to   space 187904K,   0% used [0x00007f7e4f980000, 0x00007f7e4f980000, 0x00007f7e5b100000)
 tenured generation   total 3758016K, used 3077279K [0x00007f833db50000, 0x00007f8423140000, 0x00007f8de8600000)
   the space 3758016K,  81% used [0x00007f833db50000, 0x00007f83f9877ec8, 0x00007f83f9878000, 0x00007f8423140000)
 Metaspace       used 30689K, capacity 31098K, committed 31488K, reserved 32768K
}
Event: 108.735 GC heap after
{Heap after GC invocations=56 (full 4):
 def new generation   total 1691136K, used 123548K [0x00007f7de8600000, 0x00007f7e5b100000, 0x00007f833db50000)
  eden space 1503232K,   0% used [0x00007f7de8600000, 0x00007f7de8600000, 0x00007f7e44200000)
  from space 187904K,  65% used [0x00007f7e4f980000, 0x00007f7e57227398, 0x00007f7e5b100000)
  to   space 187904K,   0% used [0x00007f7e44200000, 0x00007f7e44200000, 0x00007f7e4f980000)
 tenured generation   total 3758016K, used 3205442K [0x00007f833db50000, 0x00007f8423140000, 0x00007f8de8600000)
   the space 3758016K,  85% used [0x00007f833db50000, 0x00007f84015a0a80, 0x00007f84015a0c00, 0x00007f8423140000)
 Metaspace       used 30689K, capacity 31098K, committed 31488K, reserved 32768K
}
Event: 109.217 GC heap before
{Heap before GC invocations=56 (full 4):
 def new generation   total 1691136K, used 1626780K [0x00007f7de8600000, 0x00007f7e5b100000, 0x00007f833db50000)
  eden space 1503232K, 100% used [0x00007f7de8600000, 0x00007f7e44200000, 0x00007f7e44200000)
  from space 187904K,  65% used [0x00007f7e4f980000, 0x00007f7e57227398, 0x00007f7e5b100000)
  to   space 187904K,   0% used [0x00007f7e44200000, 0x00007f7e44200000, 0x00007f7e4f980000)
 tenured generation   total 3758016K, used 3205442K [0x00007f833db50000, 0x00007f8423140000, 0x00007f8de8600000)
   the space 3758016K,  85% used [0x00007f833db50000, 0x00007f84015a0a80, 0x00007f84015a0c00, 0x00007f8423140000)
 Metaspace       used 30689K, capacity 31098K, committed 31488K, reserved 32768K
}
Event: 109.723 GC heap after
{Heap after GC invocations=57 (full 4):
 def new generation   total 1691136K, used 121296K [0x00007f7de8600000, 0x00007f7e5b100000, 0x00007f833db50000)
  eden space 1503232K,   0% used [0x00007f7de8600000, 0x00007f7de8600000, 0x00007f7e44200000)
  from space 187904K,  64% used [0x00007f7e44200000, 0x00007f7e4b874130, 0x00007f7e4f980000)
  to   space 187904K,   0% used [0x00007f7e4f980000, 0x00007f7e4f980000, 0x00007f7e5b100000)
 tenured generation   total 3758016K, used 3328990K [0x00007f833db50000, 0x00007f8423140000, 0x00007f8de8600000)
   the space 3758016K,  88% used [0x00007f833db50000, 0x00007f8408e47a58, 0x00007f8408e47c00, 0x00007f8423140000)
 Metaspace       used 30689K, capacity 31098K, committed 31488K, reserved 32768K
}
Event: 110.200 GC heap before
{Heap before GC invocations=57 (full 4):
 def new generation   total 1691136K, used 1624528K [0x00007f7de8600000, 0x00007f7e5b100000, 0x00007f833db50000)
  eden space 1503232K, 100% used [0x00007f7de8600000, 0x00007f7e44200000, 0x00007f7e44200000)
  from space 187904K,  64% used [0x00007f7e44200000, 0x00007f7e4b874130, 0x00007f7e4f980000)
  to   space 187904K,   0% used [0x00007f7e4f980000, 0x00007f7e4f980000, 0x00007f7e5b100000)
 tenured generation   total 3758016K, used 3328990K [0x00007f833db50000, 0x00007f8423140000, 0x00007f8de8600000)
   the space 3758016K,  88% used [0x00007f833db50000, 0x00007f8408e47a58, 0x00007f8408e47c00, 0x00007f8423140000)
 Metaspace       used 30689K, capacity 31098K, committed 31488K, reserved 32768K
}
Event: 110.596 GC heap after
{Heap after GC invocations=58 (full 4):
 def new generation   total 1691136K, used 116450K [0x00007f7de8600000, 0x00007f7e5b100000, 0x00007f833db50000)
  eden space 1503232K,   0% used [0x00007f7de8600000, 0x00007f7de8600000, 0x00007f7e44200000)
  from space 187904K,  61% used [0x00007f7e4f980000, 0x00007f7e56b38b60, 0x00007f7e5b100000)
  to   space 187904K,   0% used [0x00007f7e44200000, 0x00007f7e44200000, 0x00007f7e4f980000)
 tenured generation   total 3758016K, used 3450286K [0x00007f833db50000, 0x00007f8423140000, 0x00007f8de8600000)
   the space 3758016K,  91% used [0x00007f833db50000, 0x00007f84104bb8b8, 0x00007f84104bba00, 0x00007f8423140000)
 Metaspace       used 30689K, capacity 31098K, committed 31488K, reserved 32768K
}
Event: 111.005 GC heap before
{Heap before GC invocations=58 (full 4):
 def new generation   total 1691136K, used 1619682K [0x00007f7de8600000, 0x00007f7e5b100000, 0x00007f833db50000)
  eden space 1503232K, 100% used [0x00007f7de8600000, 0x00007f7e44200000, 0x00007f7e44200000)
  from space 187904K,  61% used [0x00007f7e4f980000, 0x00007f7e56b38b60, 0x00007f7e5b100000)
  to   space 187904K,   0% used [0x00007f7e44200000, 0x00007f7e44200000, 0x00007f7e4f980000)
 tenured generation   total 3758016K, used 3450286K [0x00007f833db50000, 0x00007f8423140000, 0x00007f8de8600000)
   the space 3758016K,  91% used [0x00007f833db50000, 0x00007f84104bb8b8, 0x00007f84104bba00, 0x00007f8423140000)
 Metaspace       used 30689K, capacity 31098K, committed 31488K, reserved 32768K
}
Event: 111.416 GC heap after
{Heap after GC invocations=59 (full 4):
 def new generation   total 1691136K, used 123907K [0x00007f7de8600000, 0x00007f7e5b100000, 0x00007f833db50000)
  eden space 1503232K,   0% used [0x00007f7de8600000, 0x00007f7de8600000, 0x00007f7e44200000)
  from space 187904K,  65% used [0x00007f7e44200000, 0x00007f7e4bb00ea0, 0x00007f7e4f980000)
  to   space 187904K,   0% used [0x00007f7e4f980000, 0x00007f7e4f980000, 0x00007f7e5b100000)
 tenured generation   total 3758016K, used 3566736K [0x00007f833db50000, 0x00007f8423140000, 0x00007f8de8600000)
   the space 3758016K,  94% used [0x00007f833db50000, 0x00007f84176741c8, 0x00007f8417674200, 0x00007f8423140000)
 Metaspace       used 30689K, capacity 31098K, committed 31488K, reserved 32768K
}
Event: 111.851 GC heap before
{Heap before GC invocations=59 (full 4):
 def new generation   total 1691136K, used 1627139K [0x00007f7de8600000, 0x00007f7e5b100000, 0x00007f833db50000)
  eden space 1503232K, 100% used [0x00007f7de8600000, 0x00007f7e44200000, 0x00007f7e44200000)
  from space 187904K,  65% used [0x00007f7e44200000, 0x00007f7e4bb00ea0, 0x00007f7e4f980000)
  to   space 187904K,   0% used [0x00007f7e4f980000, 0x00007f7e4f980000, 0x00007f7e5b100000)
 tenured generation   total 3758016K, used 3566736K [0x00007f833db50000, 0x00007f8423140000, 0x00007f8de8600000)
   the space 3758016K,  94% used [0x00007f833db50000, 0x00007f84176741c8, 0x00007f8417674200, 0x00007f8423140000)
 Metaspace       used 30689K, capacity 31098K, committed 31488K, reserved 32768K
}
Event: 112.248 GC heap after
{Heap after GC invocations=60 (full 4):
 def new generation   total 1691136K, used 110066K [0x00007f7de8600000, 0x00007f7e5b100000, 0x00007f833db50000)
  eden space 1503232K,   0% used [0x00007f7de8600000, 0x00007f7de8600000, 0x00007f7e44200000)
  from space 187904K,  58% used [0x00007f7e4f980000, 0x00007f7e564fc830, 0x00007f7e5b100000)
  to   space 187904K,   0% used [0x00007f7e44200000, 0x00007f7e44200000, 0x00007f7e4f980000)
 tenured generation   total 3758016K, used 3690643K [0x00007f833db50000, 0x00007f8423140000, 0x00007f8de8600000)
   the space 3758016K,  98% used [0x00007f833db50000, 0x00007f841ef74f18, 0x00007f841ef75000, 0x00007f8423140000)
 Metaspace       used 30689K, capacity 31098K, committed 31488K, reserved 32768K
}
Event: 112.675 GC heap before
{Heap before GC invocations=60 (full 4):
 def new generation   total 1691136K, used 1613298K [0x00007f7de8600000, 0x00007f7e5b100000, 0x00007f833db50000)
  eden space 1503232K, 100% used [0x00007f7de8600000, 0x00007f7e44200000, 0x00007f7e44200000)
  from space 187904K,  58% used [0x00007f7e4f980000, 0x00007f7e564fc830, 0x00007f7e5b100000)
  to   space 187904K,   0% used [0x00007f7e44200000, 0x00007f7e44200000, 0x00007f7e4f980000)
 tenured generation   total 3758016K, used 3690643K [0x00007f833db50000, 0x00007f8423140000, 0x00007f8de8600000)
   the space 3758016K,  98% used [0x00007f833db50000, 0x00007f841ef74f18, 0x00007f841ef75000, 0x00007f8423140000)
 Metaspace       used 30689K, capacity 31098K, committed 31488K, reserved 32768K
}
Event: 113.153 GC heap after
{Heap after GC invocations=61 (full 4):
 def new generation   total 1691136K, used 127919K [0x00007f7de8600000, 0x00007f7e5b100000, 0x00007f833db50000)
  eden space 1503232K,   0% used [0x00007f7de8600000, 0x00007f7de8600000, 0x00007f7e44200000)
  from space 187904K,  68% used [0x00007f7e44200000, 0x00007f7e4beebc90, 0x00007f7e4f980000)
  to   space 187904K,   0% used [0x00007f7e4f980000, 0x00007f7e4f980000, 0x00007f7e5b100000)
 tenured generation   total 3800832K, used 3800709K [0x00007f833db50000, 0x00007f8425b10000, 0x00007f8de8600000)
   the space 3800832K,  99% used [0x00007f833db50000, 0x00007f8425af16b8, 0x00007f8425af1800, 0x00007f8425b10000)
 Metaspace       used 30689K, capacity 31098K, committed 31488K, reserved 32768K
}
Event: 113.153 GC heap before
{Heap before GC invocations=61 (full 4):
 def new generation   total 1691136K, used 127919K [0x00007f7de8600000, 0x00007f7e5b100000, 0x00007f833db50000)
  eden space 1503232K,   0% used [0x00007f7de8600000, 0x00007f7de8600000, 0x00007f7e44200000)
  from space 187904K,  68% used [0x00007f7e44200000, 0x00007f7e4beebc90, 0x00007f7e4f980000)
  to   space 187904K,   0% used [0x00007f7e4f980000, 0x00007f7e4f980000, 0x00007f7e5b100000)
 tenured generation   total 3800832K, used 3800709K [0x00007f833db50000, 0x00007f8425b10000, 0x00007f8de8600000)
   the space 3800832K,  99% used [0x00007f833db50000, 0x00007f8425af16b8, 0x00007f8425af1800, 0x00007f8425b10000)
 Metaspace       used 30689K, capacity 31098K, committed 31488K, reserved 32768K
}

