# JRE version: OpenJDK Runtime Environment (13.0.7+5) (build 13.0.7+5-Ubuntu-0ubuntu120.04)
# Java VM: OpenJDK 64-Bit Server VM (13.0.7+5-Ubuntu-0ubuntu120.04, mixed mode, tiered, serial gc, linux-amd64)
Heap:
 def new generation   total 2761472K, used 134572K [0x00007f9b30600000, 0x00007f9beba60000, 0x00007fa085b50000)
  eden space 2454656K,   5% used [0x00007f9b30600000, 0x00007f9b3896b390, 0x00007f9bc6320000)
  from space 306816K,   0% used [0x00007f9bd8ec0000, 0x00007f9bd8ec0000, 0x00007f9beba60000)
  to   space 306816K,   0% used [0x00007f9bc6320000, 0x00007f9bc6320000, 0x00007f9bd8ec0000)
 tenured generation   total 6253416K, used 6253416K [0x00007fa085b50000, 0x00007fa20362a000, 0x00007fab30600000)
   the space 6253416K, 100% used [0x00007fa085b50000, 0x00007fa20362a000, 0x00007fa20362a000, 0x00007fa20362a000)
 Metaspace       used 30618K, capacity 31017K, committed 31232K, reserved 32768K
GC Heap History (20 events):
Event: 83.588 GC heap after
{Heap after GC invocations=24 (full 4):
 def new generation   total 1583808K, used 171984K [0x00007f9b30600000, 0x00007f9b9bc80000, 0x00007fa085b50000)
  eden space 1407872K,   0% used [0x00007f9b30600000, 0x00007f9b30600000, 0x00007f9b864e0000)
  from space 175936K,  97% used [0x00007f9b910b0000, 0x00007f9b9b8a4278, 0x00007f9b9bc80000)
  to   space 175936K,   0% used [0x00007f9b864e0000, 0x00007f9b864e0000, 0x00007f9b910b0000)
 tenured generation   total 3519460K, used 3060460K [0x00007fa085b50000, 0x00007fa15c849000, 0x00007fab30600000)
   the space 3519460K,  86% used [0x00007fa085b50000, 0x00007fa14080b3e8, 0x00007fa14080b400, 0x00007fa15c849000)
 Metaspace       used 30618K, capacity 31017K, committed 31232K, reserved 32768K
}
Event: 83.966 GC heap before
{Heap before GC invocations=24 (full 4):
 def new generation   total 1583808K, used 1579856K [0x00007f9b30600000, 0x00007f9b9bc80000, 0x00007fa085b50000)
  eden space 1407872K, 100% used [0x00007f9b30600000, 0x00007f9b864e0000, 0x00007f9b864e0000)
  from space 175936K,  97% used [0x00007f9b910b0000, 0x00007f9b9b8a4278, 0x00007f9b9bc80000)
  to   space 175936K,   0% used [0x00007f9b864e0000, 0x00007f9b864e0000, 0x00007f9b910b0000)
 tenured generation   total 3519460K, used 3060460K [0x00007fa085b50000, 0x00007fa15c849000, 0x00007fab30600000)
   the space 3519460K,  86% used [0x00007fa085b50000, 0x00007fa14080b3e8, 0x00007fa14080b400, 0x00007fa15c849000)
 Metaspace       used 30618K, capacity 31017K, committed 31232K, reserved 32768K
}
Event: 84.553 GC heap after
{Heap after GC invocations=25 (full 4):
 def new generation   total 1583808K, used 175935K [0x00007f9b30600000, 0x00007f9b9bc80000, 0x00007fa085b50000)
  eden space 1407872K,   0% used [0x00007f9b30600000, 0x00007f9b30600000, 0x00007f9b864e0000)
  from space 175936K,  99% used [0x00007f9b864e0000, 0x00007f9b910afff8, 0x00007f9b910b0000)
  to   space 175936K,   0% used [0x00007f9b910b0000, 0x00007f9b910b0000, 0x00007f9b9bc80000)
 tenured generation   total 3519460K, used 3268011K [0x00007fa085b50000, 0x00007fa15c849000, 0x00007fab30600000)
   the space 3519460K,  92% used [0x00007fa085b50000, 0x00007fa14d2bac00, 0x00007fa14d2bac00, 0x00007fa15c849000)
 Metaspace       used 30618K, capacity 31017K, committed 31232K, reserved 32768K
}
Event: 84.926 GC heap before
{Heap before GC invocations=25 (full 4):
 def new generation   total 1583808K, used 1583807K [0x00007f9b30600000, 0x00007f9b9bc80000, 0x00007fa085b50000)
  eden space 1407872K, 100% used [0x00007f9b30600000, 0x00007f9b864e0000, 0x00007f9b864e0000)
  from space 175936K,  99% used [0x00007f9b864e0000, 0x00007f9b910afff8, 0x00007f9b910b0000)
  to   space 175936K,   0% used [0x00007f9b910b0000, 0x00007f9b910b0000, 0x00007f9b9bc80000)
 tenured generation   total 3519460K, used 3268011K [0x00007fa085b50000, 0x00007fa15c849000, 0x00007fab30600000)
   the space 3519460K,  92% used [0x00007fa085b50000, 0x00007fa14d2bac00, 0x00007fa14d2bac00, 0x00007fa15c849000)
 Metaspace       used 30618K, capacity 31017K, committed 31232K, reserved 32768K
}
Event: 85.525 GC heap after
{Heap after GC invocations=26 (full 4):
 def new generation   total 1583808K, used 175936K [0x00007f9b30600000, 0x00007f9b9bc80000, 0x00007fa085b50000)
  eden space 1407872K,   0% used [0x00007f9b30600000, 0x00007f9b30600000, 0x00007f9b864e0000)
  from space 175936K, 100% used [0x00007f9b910b0000, 0x00007f9b9bc80000, 0x00007f9b9bc80000)
  to   space 175936K,   0% used [0x00007f9b864e0000, 0x00007f9b864e0000, 0x00007f9b910b0000)
 tenured generation   total 3519460K, used 3478918K [0x00007fa085b50000, 0x00007fa15c849000, 0x00007fab30600000)
   the space 3519460K,  98% used [0x00007fa085b50000, 0x00007fa15a0b18c0, 0x00007fa15a0b1a00, 0x00007fa15c849000)
 Metaspace       used 30618K, capacity 31017K, committed 31232K, reserved 32768K
}
Event: 85.949 GC heap before
{Heap before GC invocations=26 (full 4):
 def new generation   total 1583808K, used 1583808K [0x00007f9b30600000, 0x00007f9b9bc80000, 0x00007fa085b50000)
  eden space 1407872K, 100% used [0x00007f9b30600000, 0x00007f9b864e0000, 0x00007f9b864e0000)
  from space 175936K, 100% used [0x00007f9b910b0000, 0x00007f9b9bc80000, 0x00007f9b9bc80000)
  to   space 175936K,   0% used [0x00007f9b864e0000, 0x00007f9b864e0000, 0x00007f9b910b0000)
 tenured generation   total 3519460K, used 3478918K [0x00007fa085b50000, 0x00007fa15c849000, 0x00007fab30600000)
   the space 3519460K,  98% used [0x00007fa085b50000, 0x00007fa15a0b18c0, 0x00007fa15a0b1a00, 0x00007fa15c849000)
 Metaspace       used 30618K, capacity 31017K, committed 31232K, reserved 32768K
}
Event: 86.609 GC heap after
{Heap after GC invocations=27 (full 4):
 def new generation   total 1583808K, used 175936K [0x00007f9b30600000, 0x00007f9b9bc80000, 0x00007fa085b50000)
  eden space 1407872K,   0% used [0x00007f9b30600000, 0x00007f9b30600000, 0x00007f9b864e0000)
  from space 175936K, 100% used [0x00007f9b864e0000, 0x00007f9b910b0000, 0x00007f9b910b0000)
  to   space 175936K,   0% used [0x00007f9b910b0000, 0x00007f9b910b0000, 0x00007f9b9bc80000)
 tenured generation   total 3681892K, used 3681753K [0x00007fa085b50000, 0x00007fa1666e9000, 0x00007fab30600000)
   the space 3681892K,  99% used [0x00007fa085b50000, 0x00007fa1666c67e0, 0x00007fa1666c6800, 0x00007fa1666e9000)
 Metaspace       used 30618K, capacity 31017K, committed 31232K, reserved 32768K
}
Event: 86.609 GC heap before
{Heap before GC invocations=27 (full 4):
 def new generation   total 1583808K, used 175936K [0x00007f9b30600000, 0x00007f9b9bc80000, 0x00007fa085b50000)
  eden space 1407872K,   0% used [0x00007f9b30600000, 0x00007f9b30600000, 0x00007f9b864e0000)
  from space 175936K, 100% used [0x00007f9b864e0000, 0x00007f9b910b0000, 0x00007f9b910b0000)
  to   space 175936K,   0% used [0x00007f9b910b0000, 0x00007f9b910b0000, 0x00007f9b9bc80000)
 tenured generation   total 3681892K, used 3681753K [0x00007fa085b50000, 0x00007fa1666e9000, 0x00007fab30600000)
   the space 3681892K,  99% used [0x00007fa085b50000, 0x00007fa1666c67e0, 0x00007fa1666c6800, 0x00007fa1666e9000)
 Metaspace       used 30618K, capacity 31017K, committed 31232K, reserved 32768K
}
Event: 94.553 GC heap after
{Heap after GC invocations=27 (full 5):
 def new generation   total 2761472K, used 175797K [0x00007f9b30600000, 0x00007f9beba60000, 0x00007fa085b50000)
  eden space 2454656K,   7% used [0x00007f9b30600000, 0x00007f9b3b1ad7f8, 0x00007f9bc6320000)
  from space 306816K,   0% used [0x00007f9bc6320000, 0x00007f9bc6320000, 0x00007f9bd8ec0000)
  to   space 306816K,   0% used [0x00007f9bd8ec0000, 0x00007f9bd8ec0000, 0x00007f9beba60000)
 tenured generation   total 6136488K, used 3681891K [0x00007fa085b50000, 0x00007fa1fc3fa000, 0x00007fab30600000)
   the space 6136488K,  59% used [0x00007fa085b50000, 0x00007fa1666e8fe8, 0x00007fa1666e9000, 0x00007fa1fc3fa000)
 Metaspace       used 30618K, capacity 31017K, committed 31232K, reserved 32768K
}
Event: 95.356 GC heap before
{Heap before GC invocations=27 (full 5):
 def new generation   total 2761472K, used 2454656K [0x00007f9b30600000, 0x00007f9beba60000, 0x00007fa085b50000)
  eden space 2454656K, 100% used [0x00007f9b30600000, 0x00007f9bc6320000, 0x00007f9bc6320000)
  from space 306816K,   0% used [0x00007f9bc6320000, 0x00007f9bc6320000, 0x00007f9bd8ec0000)
  to   space 306816K,   0% used [0x00007f9bd8ec0000, 0x00007f9bd8ec0000, 0x00007f9beba60000)
 tenured generation   total 6136488K, used 3681891K [0x00007fa085b50000, 0x00007fa1fc3fa000, 0x00007fab30600000)
   the space 6136488K,  59% used [0x00007fa085b50000, 0x00007fa1666e8fe8, 0x00007fa1666e9000, 0x00007fa1fc3fa000)
 Metaspace       used 30618K, capacity 31017K, committed 31232K, reserved 32768K
}
Event: 97.097 GC heap after
{Heap after GC invocations=28 (full 5):
 def new generation   total 2761472K, used 306816K [0x00007f9b30600000, 0x00007f9beba60000, 0x00007fa085b50000)
  eden space 2454656K,   0% used [0x00007f9b30600000, 0x00007f9b30600000, 0x00007f9bc6320000)
  from space 306816K, 100% used [0x00007f9bd8ec0000, 0x00007f9beba60000, 0x00007f9beba60000)
  to   space 306816K,   0% used [0x00007f9bc6320000, 0x00007f9bc6320000, 0x00007f9bd8ec0000)
 tenured generation   total 6136488K, used 3852657K [0x00007fa085b50000, 0x00007fa1fc3fa000, 0x00007fab30600000)
   the space 6136488K,  62% used [0x00007fa085b50000, 0x00007fa170dac7e8, 0x00007fa170dac800, 0x00007fa1fc3fa000)
 Metaspace       used 30618K, capacity 31017K, committed 31232K, reserved 32768K
}
Event: 97.828 GC heap before
{Heap before GC invocations=28 (full 5):
 def new generation   total 2761472K, used 2761472K [0x00007f9b30600000, 0x00007f9beba60000, 0x00007fa085b50000)
  eden space 2454656K, 100% used [0x00007f9b30600000, 0x00007f9bc6320000, 0x00007f9bc6320000)
  from space 306816K, 100% used [0x00007f9bd8ec0000, 0x00007f9beba60000, 0x00007f9beba60000)
  to   space 306816K,   0% used [0x00007f9bc6320000, 0x00007f9bc6320000, 0x00007f9bd8ec0000)
 tenured generation   total 6136488K, used 3852657K [0x00007fa085b50000, 0x00007fa1fc3fa000, 0x00007fab30600000)
   the space 6136488K,  62% used [0x00007fa085b50000, 0x00007fa170dac7e8, 0x00007fa170dac800, 0x00007fa1fc3fa000)
 Metaspace       used 30618K, capacity 31017K, committed 31232K, reserved 32768K
}
Event: 99.533 GC heap after
{Heap after GC invocations=29 (full 5):
 def new generation   total 2761472K, used 306815K [0x00007f9b30600000, 0x00007f9beba60000, 0x00007fa085b50000)
  eden space 2454656K,   0% used [0x00007f9b30600000, 0x00007f9b30600000, 0x00007f9bc6320000)
  from space 306816K,  99% used [0x00007f9bc6320000, 0x00007f9bd8ebfff8, 0x00007f9bd8ec0000)
  to   space 306816K,   0% used [0x00007f9bd8ec0000, 0x00007f9bd8ec0000, 0x00007f9beba60000)
 tenured generation   total 6136488K, used 4408728K [0x00007fa085b50000, 0x00007fa1fc3fa000, 0x00007fab30600000)
   the space 6136488K,  71% used [0x00007fa085b50000, 0x00007fa192cb6310, 0x00007fa192cb6400, 0x00007fa1fc3fa000)
 Metaspace       used 30618K, capacity 31017K, committed 31232K, reserved 32768K
}
Event: 100.523 GC heap before
{Heap before GC invocations=29 (full 5):
 def new generation   total 2761472K, used 2761471K [0x00007f9b30600000, 0x00007f9beba60000, 0x00007fa085b50000)
  eden space 2454656K, 100% used [0x00007f9b30600000, 0x00007f9bc6320000, 0x00007f9bc6320000)
  from space 306816K,  99% used [0x00007f9bc6320000, 0x00007f9bd8ebfff8, 0x00007f9bd8ec0000)
  to   space 306816K,   0% used [0x00007f9bd8ec0000, 0x00007f9bd8ec0000, 0x00007f9beba60000)
 tenured generation   total 6136488K, used 4408728K [0x00007fa085b50000, 0x00007fa1fc3fa000, 0x00007fab30600000)
   the space 6136488K,  71% used [0x00007fa085b50000, 0x00007fa192cb6310, 0x00007fa192cb6400, 0x00007fa1fc3fa000)
 Metaspace       used 30618K, capacity 31017K, committed 31232K, reserved 32768K
}
Event: 102.131 GC heap after
{Heap after GC invocations=30 (full 5):
 def new generation   total 2761472K, used 306816K [0x00007f9b30600000, 0x00007f9beba60000, 0x00007fa085b50000)
  eden space 2454656K,   0% used [0x00007f9b30600000, 0x00007f9b30600000, 0x00007f9bc6320000)
  from space 306816K, 100% used [0x00007f9bd8ec0000, 0x00007f9beba60000, 0x00007f9beba60000)
  to   space 306816K,   0% used [0x00007f9bc6320000, 0x00007f9bc6320000, 0x00007f9bd8ec0000)
 tenured generation   total 6136488K, used 5015707K [0x00007fa085b50000, 0x00007fa1fc3fa000, 0x00007fab30600000)
   the space 6136488K,  81% used [0x00007fa085b50000, 0x00007fa1b7d76e68, 0x00007fa1b7d77000, 0x00007fa1fc3fa000)
 Metaspace       used 30618K, capacity 31017K, committed 31232K, reserved 32768K
}
Event: 103.096 GC heap before
{Heap before GC invocations=30 (full 5):
 def new generation   total 2761472K, used 2761472K [0x00007f9b30600000, 0x00007f9beba60000, 0x00007fa085b50000)
  eden space 2454656K, 100% used [0x00007f9b30600000, 0x00007f9bc6320000, 0x00007f9bc6320000)
  from space 306816K, 100% used [0x00007f9bd8ec0000, 0x00007f9beba60000, 0x00007f9beba60000)
  to   space 306816K,   0% used [0x00007f9bc6320000, 0x00007f9bc6320000, 0x00007f9bd8ec0000)
 tenured generation   total 6136488K, used 5015707K [0x00007fa085b50000, 0x00007fa1fc3fa000, 0x00007fab30600000)
   the space 6136488K,  81% used [0x00007fa085b50000, 0x00007fa1b7d76e68, 0x00007fa1b7d77000, 0x00007fa1fc3fa000)
 Metaspace       used 30618K, capacity 31017K, committed 31232K, reserved 32768K
}
Event: 104.942 GC heap after
{Heap after GC invocations=31 (full 5):
 def new generation   total 2761472K, used 306815K [0x00007f9b30600000, 0x00007f9beba60000, 0x00007fa085b50000)
  eden space 2454656K,   0% used [0x00007f9b30600000, 0x00007f9b30600000, 0x00007f9bc6320000)
  from space 306816K,  99% used [0x00007f9bc6320000, 0x00007f9bd8ebfff8, 0x00007f9bd8ec0000)
  to   space 306816K,   0% used [0x00007f9bd8ec0000, 0x00007f9bd8ec0000, 0x00007f9beba60000)
 tenured generation   total 6136488K, used 5636634K [0x00007fa085b50000, 0x00007fa1fc3fa000, 0x00007fab30600000)
   the space 6136488K,  91% used [0x00007fa085b50000, 0x00007fa1ddbd6880, 0x00007fa1ddbd6a00, 0x00007fa1fc3fa000)
 Metaspace       used 30618K, capacity 31017K, committed 31232K, reserved 32768K
}
Event: 105.906 GC heap before
{Heap before GC invocations=31 (full 5):
 def new generation   total 2761472K, used 2761471K [0x00007f9b30600000, 0x00007f9beba60000, 0x00007fa085b50000)
  eden space 2454656K, 100% used [0x00007f9b30600000, 0x00007f9bc6320000, 0x00007f9bc6320000)
  from space 306816K,  99% used [0x00007f9bc6320000, 0x00007f9bd8ebfff8, 0x00007f9bd8ec0000)
  to   space 306816K,   0% used [0x00007f9bd8ec0000, 0x00007f9bd8ec0000, 0x00007f9beba60000)
 tenured generation   total 6136488K, used 5636634K [0x00007fa085b50000, 0x00007fa1fc3fa000, 0x00007fab30600000)
   the space 6136488K,  91% used [0x00007fa085b50000, 0x00007fa1ddbd6880, 0x00007fa1ddbd6a00, 0x00007fa1fc3fa000)
 Metaspace       used 30618K, capacity 31017K, committed 31232K, reserved 32768K
}
Event: 107.559 GC heap after
{Heap after GC invocations=32 (full 5):
 def new generation   total 2761472K, used 306815K [0x00007f9b30600000, 0x00007f9beba60000, 0x00007fa085b50000)
  eden space 2454656K,   0% used [0x00007f9b30600000, 0x00007f9b30600000, 0x00007f9bc6320000)
  from space 306816K,  99% used [0x00007f9bd8ec0000, 0x00007f9beba5fff8, 0x00007f9beba60000)
  to   space 306816K,   0% used [0x00007f9bc6320000, 0x00007f9bc6320000, 0x00007f9bd8ec0000)
 tenured generation   total 6253416K, used 6253398K [0x00007fa085b50000, 0x00007fa20362a000, 0x00007fab30600000)
   the space 6253416K,  99% used [0x00007fa085b50000, 0x00007fa203625ae8, 0x00007fa203625c00, 0x00007fa20362a000)
 Metaspace       used 30618K, capacity 31017K, committed 31232K, reserved 32768K
}
Event: 107.559 GC heap before
{Heap before GC invocations=32 (full 5):
 def new generation   total 2761472K, used 306815K [0x00007f9b30600000, 0x00007f9beba60000, 0x00007fa085b50000)
  eden space 2454656K,   0% used [0x00007f9b30600000, 0x00007f9b30600000, 0x00007f9bc6320000)
  from space 306816K,  99% used [0x00007f9bd8ec0000, 0x00007f9beba5fff8, 0x00007f9beba60000)
  to   space 306816K,   0% used [0x00007f9bc6320000, 0x00007f9bc6320000, 0x00007f9bd8ec0000)
 tenured generation   total 6253416K, used 6253398K [0x00007fa085b50000, 0x00007fa20362a000, 0x00007fab30600000)
   the space 6253416K,  99% used [0x00007fa085b50000, 0x00007fa203625ae8, 0x00007fa203625c00, 0x00007fa20362a000)
 Metaspace       used 30618K, capacity 31017K, committed 31232K, reserved 32768K
}

