# JRE version: OpenJDK Runtime Environment (13.0.7+5) (build 13.0.7+5-Ubuntu-0ubuntu120.04)
# Java VM: OpenJDK 64-Bit Server VM (13.0.7+5-Ubuntu-0ubuntu120.04, mixed mode, tiered, compressed oops, serial gc, linux-amd64)
Heap:
 def new generation   total 2374144K, used 0K [0x0000000080200000, 0x0000000121210000, 0x0000000300150000)
  eden space 2110400K,   0% used [0x0000000080200000, 0x0000000080200000, 0x0000000100ef0000)
  from space 263744K,   0% used [0x0000000111080000, 0x0000000111080000, 0x0000000121210000)
  to   space 263744K,   0% used [0x0000000100ef0000, 0x0000000100ef0000, 0x0000000111080000)
 tenured generation   total 5364960K, used 3984143K [0x0000000300150000, 0x0000000447888000, 0x0000000800000000)
   the space 5364960K,  74% used [0x0000000300150000, 0x00000003f3413dc0, 0x00000003f3413e00, 0x0000000447888000)
 Metaspace       used 22742K, capacity 23296K, committed 23680K, reserved 1071104K
  class space    used 2354K, capacity 2568K, committed 2688K, reserved 1048576K
GC Heap History (20 events):
Event: 738.999 GC heap after
{Heap after GC invocations=769 (full 24):
 def new generation   total 2374144K, used 216271K [0x0000000080200000, 0x0000000121210000, 0x0000000300150000)
  eden space 2110400K,   0% used [0x0000000080200000, 0x0000000080200000, 0x0000000100ef0000)
  from space 263744K,  82% used [0x0000000100ef0000, 0x000000010e223ea0, 0x0000000111080000)
  to   space 263744K,   0% used [0x0000000111080000, 0x0000000111080000, 0x0000000121210000)
 tenured generation   total 5275748K, used 4964850K [0x0000000300150000, 0x0000000442169000, 0x0000000800000000)
   the space 5275748K,  94% used [0x0000000300150000, 0x000000042f1cc8b8, 0x000000042f1cca00, 0x0000000442169000)
 Metaspace       used 22741K, capacity 23296K, committed 23680K, reserved 1071104K
  class space    used 2354K, capacity 2568K, committed 2688K, reserved 1048576K
}
Event: 740.375 GC heap before
{Heap before GC invocations=769 (full 24):
 def new generation   total 2374144K, used 2326671K [0x0000000080200000, 0x0000000121210000, 0x0000000300150000)
  eden space 2110400K, 100% used [0x0000000080200000, 0x0000000100ef0000, 0x0000000100ef0000)
  from space 263744K,  82% used [0x0000000100ef0000, 0x000000010e223ea0, 0x0000000111080000)
  to   space 263744K,   0% used [0x0000000111080000, 0x0000000111080000, 0x0000000121210000)
 tenured generation   total 5275748K, used 4964850K [0x0000000300150000, 0x0000000442169000, 0x0000000800000000)
   the space 5275748K,  94% used [0x0000000300150000, 0x000000042f1cc8b8, 0x000000042f1cca00, 0x0000000442169000)
 Metaspace       used 22741K, capacity 23296K, committed 23680K, reserved 1071104K
  class space    used 2354K, capacity 2568K, committed 2688K, reserved 1048576K
}
Event: 740.416 GC heap after
{Heap after GC invocations=770 (full 24):
 def new generation   total 2374144K, used 71209K [0x0000000080200000, 0x0000000121210000, 0x0000000300150000)
  eden space 2110400K,   0% used [0x0000000080200000, 0x0000000080200000, 0x0000000100ef0000)
  from space 263744K,  26% used [0x0000000111080000, 0x000000011560a508, 0x0000000121210000)
  to   space 263744K,   0% used [0x0000000100ef0000, 0x0000000100ef0000, 0x0000000111080000)
 tenured generation   total 5275748K, used 4981800K [0x0000000300150000, 0x0000000442169000, 0x0000000800000000)
   the space 5275748K,  94% used [0x0000000300150000, 0x000000043025a3b8, 0x000000043025a400, 0x0000000442169000)
 Metaspace       used 22741K, capacity 23296K, committed 23680K, reserved 1071104K
  class space    used 2354K, capacity 2568K, committed 2688K, reserved 1048576K
}
Event: 741.840 GC heap before
{Heap before GC invocations=770 (full 24):
 def new generation   total 2374144K, used 2181609K [0x0000000080200000, 0x0000000121210000, 0x0000000300150000)
  eden space 2110400K, 100% used [0x0000000080200000, 0x0000000100ef0000, 0x0000000100ef0000)
  from space 263744K,  26% used [0x0000000111080000, 0x000000011560a508, 0x0000000121210000)
  to   space 263744K,   0% used [0x0000000100ef0000, 0x0000000100ef0000, 0x0000000111080000)
 tenured generation   total 5275748K, used 4981800K [0x0000000300150000, 0x0000000442169000, 0x0000000800000000)
   the space 5275748K,  94% used [0x0000000300150000, 0x000000043025a3b8, 0x000000043025a400, 0x0000000442169000)
 Metaspace       used 22741K, capacity 23296K, committed 23680K, reserved 1071104K
  class space    used 2354K, capacity 2568K, committed 2688K, reserved 1048576K
}
Event: 741.905 GC heap after
{Heap after GC invocations=771 (full 24):
 def new generation   total 2374144K, used 197112K [0x0000000080200000, 0x0000000121210000, 0x0000000300150000)
  eden space 2110400K,   0% used [0x0000000080200000, 0x0000000080200000, 0x0000000100ef0000)
  from space 263744K,  74% used [0x0000000100ef0000, 0x000000010cf6e128, 0x0000000111080000)
  to   space 263744K,   0% used [0x0000000111080000, 0x0000000111080000, 0x0000000121210000)
 tenured generation   total 5275748K, used 4981800K [0x0000000300150000, 0x0000000442169000, 0x0000000800000000)
   the space 5275748K,  94% used [0x0000000300150000, 0x000000043025a3b8, 0x000000043025a400, 0x0000000442169000)
 Metaspace       used 22741K, capacity 23296K, committed 23680K, reserved 1071104K
  class space    used 2354K, capacity 2568K, committed 2688K, reserved 1048576K
}
Event: 743.359 GC heap before
{Heap before GC invocations=771 (full 24):
 def new generation   total 2374144K, used 2307512K [0x0000000080200000, 0x0000000121210000, 0x0000000300150000)
  eden space 2110400K, 100% used [0x0000000080200000, 0x0000000100ef0000, 0x0000000100ef0000)
  from space 263744K,  74% used [0x0000000100ef0000, 0x000000010cf6e128, 0x0000000111080000)
  to   space 263744K,   0% used [0x0000000111080000, 0x0000000111080000, 0x0000000121210000)
 tenured generation   total 5275748K, used 4981800K [0x0000000300150000, 0x0000000442169000, 0x0000000800000000)
   the space 5275748K,  94% used [0x0000000300150000, 0x000000043025a3b8, 0x000000043025a400, 0x0000000442169000)
 Metaspace       used 22741K, capacity 23296K, committed 23680K, reserved 1071104K
  class space    used 2354K, capacity 2568K, committed 2688K, reserved 1048576K
}
Event: 743.393 GC heap after
{Heap after GC invocations=772 (full 24):
 def new generation   total 2374144K, used 52037K [0x0000000080200000, 0x0000000121210000, 0x0000000300150000)
  eden space 2110400K,   0% used [0x0000000080200000, 0x0000000080200000, 0x0000000100ef0000)
  from space 263744K,  19% used [0x0000000111080000, 0x0000000114351428, 0x0000000121210000)
  to   space 263744K,   0% used [0x0000000100ef0000, 0x0000000100ef0000, 0x0000000111080000)
 tenured generation   total 5275748K, used 4998751K [0x0000000300150000, 0x0000000442169000, 0x0000000800000000)
   the space 5275748K,  94% used [0x0000000300150000, 0x00000004312e7eb8, 0x00000004312e8000, 0x0000000442169000)
 Metaspace       used 22741K, capacity 23296K, committed 23680K, reserved 1071104K
  class space    used 2354K, capacity 2568K, committed 2688K, reserved 1048576K
}
Event: 744.820 GC heap before
{Heap before GC invocations=772 (full 24):
 def new generation   total 2374144K, used 2162437K [0x0000000080200000, 0x0000000121210000, 0x0000000300150000)
  eden space 2110400K, 100% used [0x0000000080200000, 0x0000000100ef0000, 0x0000000100ef0000)
  from space 263744K,  19% used [0x0000000111080000, 0x0000000114351428, 0x0000000121210000)
  to   space 263744K,   0% used [0x0000000100ef0000, 0x0000000100ef0000, 0x0000000111080000)
 tenured generation   total 5275748K, used 4998751K [0x0000000300150000, 0x0000000442169000, 0x0000000800000000)
   the space 5275748K,  94% used [0x0000000300150000, 0x00000004312e7eb8, 0x00000004312e8000, 0x0000000442169000)
 Metaspace       used 22741K, capacity 23296K, committed 23680K, reserved 1071104K
  class space    used 2354K, capacity 2568K, committed 2688K, reserved 1048576K
}
Event: 744.918 GC heap after
{Heap after GC invocations=773 (full 24):
 def new generation   total 2374144K, used 177938K [0x0000000080200000, 0x0000000121210000, 0x0000000300150000)
  eden space 2110400K,   0% used [0x0000000080200000, 0x0000000080200000, 0x0000000100ef0000)
  from space 263744K,  67% used [0x0000000100ef0000, 0x000000010bcb4b18, 0x0000000111080000)
  to   space 263744K,   0% used [0x0000000111080000, 0x0000000111080000, 0x0000000121210000)
 tenured generation   total 5275748K, used 4998751K [0x0000000300150000, 0x0000000442169000, 0x0000000800000000)
   the space 5275748K,  94% used [0x0000000300150000, 0x00000004312e7eb8, 0x00000004312e8000, 0x0000000442169000)
 Metaspace       used 22741K, capacity 23296K, committed 23680K, reserved 1071104K
  class space    used 2354K, capacity 2568K, committed 2688K, reserved 1048576K
}
Event: 746.263 GC heap before
{Heap before GC invocations=773 (full 24):
 def new generation   total 2374144K, used 2288338K [0x0000000080200000, 0x0000000121210000, 0x0000000300150000)
  eden space 2110400K, 100% used [0x0000000080200000, 0x0000000100ef0000, 0x0000000100ef0000)
  from space 263744K,  67% used [0x0000000100ef0000, 0x000000010bcb4b18, 0x0000000111080000)
  to   space 263744K,   0% used [0x0000000111080000, 0x0000000111080000, 0x0000000121210000)
 tenured generation   total 5275748K, used 4998751K [0x0000000300150000, 0x0000000442169000, 0x0000000800000000)
   the space 5275748K,  94% used [0x0000000300150000, 0x00000004312e7eb8, 0x00000004312e8000, 0x0000000442169000)
 Metaspace       used 22741K, capacity 23296K, committed 23680K, reserved 1071104K
  class space    used 2354K, capacity 2568K, committed 2688K, reserved 1048576K
}
Event: 746.488 GC heap after
{Heap after GC invocations=774 (full 24):
 def new generation   total 2374144K, used 251810K [0x0000000080200000, 0x0000000121210000, 0x0000000300150000)
  eden space 2110400K,   0% used [0x0000000080200000, 0x0000000080200000, 0x0000000100ef0000)
  from space 263744K,  95% used [0x0000000111080000, 0x0000000120668ae8, 0x0000000121210000)
  to   space 263744K,   0% used [0x0000000100ef0000, 0x0000000100ef0000, 0x0000000111080000)
 tenured generation   total 5275748K, used 5033323K [0x0000000300150000, 0x0000000442169000, 0x0000000800000000)
   the space 5275748K,  95% used [0x0000000300150000, 0x00000004334aacd8, 0x00000004334aae00, 0x0000000442169000)
 Metaspace       used 22741K, capacity 23296K, committed 23680K, reserved 1071104K
  class space    used 2354K, capacity 2568K, committed 2688K, reserved 1048576K
}
Event: 747.867 GC heap before
{Heap before GC invocations=774 (full 24):
 def new generation   total 2374144K, used 2362210K [0x0000000080200000, 0x0000000121210000, 0x0000000300150000)
  eden space 2110400K, 100% used [0x0000000080200000, 0x0000000100ef0000, 0x0000000100ef0000)
  from space 263744K,  95% used [0x0000000111080000, 0x0000000120668ae8, 0x0000000121210000)
  to   space 263744K,   0% used [0x0000000100ef0000, 0x0000000100ef0000, 0x0000000111080000)
 tenured generation   total 5275748K, used 5033323K [0x0000000300150000, 0x0000000442169000, 0x0000000800000000)
   the space 5275748K,  95% used [0x0000000300150000, 0x00000004334aacd8, 0x00000004334aae00, 0x0000000442169000)
 Metaspace       used 22741K, capacity 23296K, committed 23680K, reserved 1071104K
  class space    used 2354K, capacity 2568K, committed 2688K, reserved 1048576K
}
Event: 747.920 GC heap after
{Heap after GC invocations=775 (full 24):
 def new generation   total 2374144K, used 162394K [0x0000000080200000, 0x0000000121210000, 0x0000000300150000)
  eden space 2110400K,   0% used [0x0000000080200000, 0x0000000080200000, 0x0000000100ef0000)
  from space 263744K,  61% used [0x0000000100ef0000, 0x000000010ad86900, 0x0000000111080000)
  to   space 263744K,   0% used [0x0000000111080000, 0x0000000111080000, 0x0000000121210000)
 tenured generation   total 5275748K, used 5035409K [0x0000000300150000, 0x0000000442169000, 0x0000000800000000)
   the space 5275748K,  95% used [0x0000000300150000, 0x00000004336b4438, 0x00000004336b4600, 0x0000000442169000)
 Metaspace       used 22741K, capacity 23296K, committed 23680K, reserved 1071104K
  class space    used 2354K, capacity 2568K, committed 2688K, reserved 1048576K
}
Event: 749.353 GC heap before
{Heap before GC invocations=775 (full 24):
 def new generation   total 2374144K, used 2272717K [0x0000000080200000, 0x0000000121210000, 0x0000000300150000)
  eden space 2110400K,  99% used [0x0000000080200000, 0x0000000100edcde8, 0x0000000100ef0000)
  from space 263744K,  61% used [0x0000000100ef0000, 0x000000010ad86900, 0x0000000111080000)
  to   space 263744K,   0% used [0x0000000111080000, 0x0000000111080000, 0x0000000121210000)
 tenured generation   total 5275748K, used 5035409K [0x0000000300150000, 0x0000000442169000, 0x0000000800000000)
   the space 5275748K,  95% used [0x0000000300150000, 0x00000004336b4438, 0x00000004336b4600, 0x0000000442169000)
 Metaspace       used 22741K, capacity 23296K, committed 23680K, reserved 1071104K
  class space    used 2354K, capacity 2568K, committed 2688K, reserved 1048576K
}
Event: 749.494 GC heap after
{Heap after GC invocations=776 (full 24):
 def new generation   total 2374144K, used 126932K [0x0000000080200000, 0x0000000121210000, 0x0000000300150000)
  eden space 2110400K,   0% used [0x0000000080200000, 0x0000000080200000, 0x0000000100ef0000)
  from space 263744K,  48% used [0x0000000111080000, 0x0000000118c750e0, 0x0000000121210000)
  to   space 263744K,   0% used [0x0000000100ef0000, 0x0000000100ef0000, 0x0000000111080000)
 tenured generation   total 5275748K, used 5197273K [0x0000000300150000, 0x0000000442169000, 0x0000000800000000)
   the space 5275748K,  98% used [0x0000000300150000, 0x000000043d4c64a0, 0x000000043d4c6600, 0x0000000442169000)
 Metaspace       used 22741K, capacity 23296K, committed 23680K, reserved 1071104K
  class space    used 2354K, capacity 2568K, committed 2688K, reserved 1048576K
}
Event: 750.907 GC heap before
{Heap before GC invocations=776 (full 24):
 def new generation   total 2374144K, used 2237332K [0x0000000080200000, 0x0000000121210000, 0x0000000300150000)
  eden space 2110400K, 100% used [0x0000000080200000, 0x0000000100ef0000, 0x0000000100ef0000)
  from space 263744K,  48% used [0x0000000111080000, 0x0000000118c750e0, 0x0000000121210000)
  to   space 263744K,   0% used [0x0000000100ef0000, 0x0000000100ef0000, 0x0000000111080000)
 tenured generation   total 5275748K, used 5197273K [0x0000000300150000, 0x0000000442169000, 0x0000000800000000)
   the space 5275748K,  98% used [0x0000000300150000, 0x000000043d4c64a0, 0x000000043d4c6600, 0x0000000442169000)
 Metaspace       used 22742K, capacity 23296K, committed 23680K, reserved 1071104K
  class space    used 2354K, capacity 2568K, committed 2688K, reserved 1048576K
}
Event: 750.966 GC heap after
{Heap after GC invocations=777 (full 24):
 def new generation   total 2374144K, used 168022K [0x0000000080200000, 0x0000000121210000, 0x0000000300150000)
  eden space 2110400K,   0% used [0x0000000080200000, 0x0000000080200000, 0x0000000100ef0000)
  from space 263744K,  63% used [0x0000000100ef0000, 0x000000010b3059b8, 0x0000000111080000)
  to   space 263744K,   0% used [0x0000000111080000, 0x0000000111080000, 0x0000000121210000)
 tenured generation   total 5275748K, used 5197273K [0x0000000300150000, 0x0000000442169000, 0x0000000800000000)
   the space 5275748K,  98% used [0x0000000300150000, 0x000000043d4c64a0, 0x000000043d4c6600, 0x0000000442169000)
 Metaspace       used 22742K, capacity 23296K, committed 23680K, reserved 1071104K
  class space    used 2354K, capacity 2568K, committed 2688K, reserved 1048576K
}
Event: 752.344 GC heap before
{Heap before GC invocations=777 (full 24):
 def new generation   total 2374144K, used 2278422K [0x0000000080200000, 0x0000000121210000, 0x0000000300150000)
  eden space 2110400K, 100% used [0x0000000080200000, 0x0000000100ef0000, 0x0000000100ef0000)
  from space 263744K,  63% used [0x0000000100ef0000, 0x000000010b3059b8, 0x0000000111080000)
  to   space 263744K,   0% used [0x0000000111080000, 0x0000000111080000, 0x0000000121210000)
 tenured generation   total 5275748K, used 5197273K [0x0000000300150000, 0x0000000442169000, 0x0000000800000000)
   the space 5275748K,  98% used [0x0000000300150000, 0x000000043d4c64a0, 0x000000043d4c6600, 0x0000000442169000)
 Metaspace       used 22742K, capacity 23296K, committed 23680K, reserved 1071104K
  class space    used 2354K, capacity 2568K, committed 2688K, reserved 1048576K
}
Event: 752.467 GC heap after
{Heap after GC invocations=778 (full 24):
 def new generation   total 2374144K, used 126424K [0x0000000080200000, 0x0000000121210000, 0x0000000300150000)
  eden space 2110400K,   0% used [0x0000000080200000, 0x0000000080200000, 0x0000000100ef0000)
  from space 263744K,  47% used [0x0000000111080000, 0x0000000118bf62a0, 0x0000000121210000)
  to   space 263744K,   0% used [0x0000000100ef0000, 0x0000000100ef0000, 0x0000000111080000)
 tenured generation   total 5364960K, used 5364773K [0x0000000300150000, 0x0000000447888000, 0x0000000800000000)
   the space 5364960K,  99% used [0x0000000300150000, 0x0000000447859470, 0x0000000447859600, 0x0000000447888000)
 Metaspace       used 22742K, capacity 23296K, committed 23680K, reserved 1071104K
  class space    used 2354K, capacity 2568K, committed 2688K, reserved 1048576K
}
Event: 752.467 GC heap before
{Heap before GC invocations=778 (full 24):
 def new generation   total 2374144K, used 126424K [0x0000000080200000, 0x0000000121210000, 0x0000000300150000)
  eden space 2110400K,   0% used [0x0000000080200000, 0x0000000080200000, 0x0000000100ef0000)
  from space 263744K,  47% used [0x0000000111080000, 0x0000000118bf62a0, 0x0000000121210000)
  to   space 263744K,   0% used [0x0000000100ef0000, 0x0000000100ef0000, 0x0000000111080000)
 tenured generation   total 5364960K, used 5364773K [0x0000000300150000, 0x0000000447888000, 0x0000000800000000)
   the space 5364960K,  99% used [0x0000000300150000, 0x0000000447859470, 0x0000000447859600, 0x0000000447888000)
 Metaspace       used 22742K, capacity 23296K, committed 23680K, reserved 1071104K
  class space    used 2354K, capacity 2568K, committed 2688K, reserved 1048576K
}

