# JRE version: OpenJDK Runtime Environment (13.0.7+5) (build 13.0.7+5-Ubuntu-0ubuntu120.04)
# Java VM: OpenJDK 64-Bit Server VM (13.0.7+5-Ubuntu-0ubuntu120.04, mixed mode, tiered, serial gc, linux-amd64)
Heap:
 def new generation   total 2897280K, used 2502K [0x00007f2a38600000, 0x00007f2afcdc0000, 0x00007f2f8db50000)
  eden space 2575360K,   0% used [0x00007f2a38600000, 0x00007f2a38871b60, 0x00007f2ad5900000)
  from space 321920K,   0% used [0x00007f2ae9360000, 0x00007f2ae9360000, 0x00007f2afcdc0000)
  to   space 321920K,   0% used [0x00007f2ad5900000, 0x00007f2ad5900000, 0x00007f2ae9360000)
 tenured generation   total 6438528K, used 6438527K [0x00007f2f8db50000, 0x00007f3116af0000, 0x00007f3a38600000)
   the space 6438528K,  99% used [0x00007f2f8db50000, 0x00007f3116aefc40, 0x00007f3116aefe00, 0x00007f3116af0000)
 Metaspace       used 24320K, capacity 24716K, committed 24832K, reserved 26624K
GC Heap History (20 events):
Event: 85723.846 GC heap after
{Heap after GC invocations=86510 (full 4):
 def new generation   total 2897280K, used 2575K [0x00007f2a38600000, 0x00007f2afcdc0000, 0x00007f2f8db50000)
  eden space 2575360K,   0% used [0x00007f2a38600000, 0x00007f2a38600000, 0x00007f2ad5900000)
  from space 321920K,   0% used [0x00007f2ad5900000, 0x00007f2ad5b83d30, 0x00007f2ae9360000)
  to   space 321920K,   0% used [0x00007f2ae9360000, 0x00007f2ae9360000, 0x00007f2afcdc0000)
 tenured generation   total 6438336K, used 6436980K [0x00007f2f8db50000, 0x00007f3116ac0000, 0x00007f3a38600000)
   the space 6438336K,  99% used [0x00007f2f8db50000, 0x00007f311696d1b0, 0x00007f311696d200, 0x00007f3116ac0000)
 Metaspace       used 24320K, capacity 24716K, committed 24832K, reserved 26624K
}
Event: 85725.874 GC heap before
{Heap before GC invocations=86510 (full 4):
 def new generation   total 2897280K, used 2577935K [0x00007f2a38600000, 0x00007f2afcdc0000, 0x00007f2f8db50000)
  eden space 2575360K, 100% used [0x00007f2a38600000, 0x00007f2ad5900000, 0x00007f2ad5900000)
  from space 321920K,   0% used [0x00007f2ad5900000, 0x00007f2ad5b83d30, 0x00007f2ae9360000)
  to   space 321920K,   0% used [0x00007f2ae9360000, 0x00007f2ae9360000, 0x00007f2afcdc0000)
 tenured generation   total 6438336K, used 6436980K [0x00007f2f8db50000, 0x00007f3116ac0000, 0x00007f3a38600000)
   the space 6438336K,  99% used [0x00007f2f8db50000, 0x00007f311696d1b0, 0x00007f311696d200, 0x00007f3116ac0000)
 Metaspace       used 24320K, capacity 24716K, committed 24832K, reserved 26624K
}
Event: 85725.882 GC heap after
{Heap after GC invocations=86511 (full 4):
 def new generation   total 2897280K, used 2672K [0x00007f2a38600000, 0x00007f2afcdc0000, 0x00007f2f8db50000)
  eden space 2575360K,   0% used [0x00007f2a38600000, 0x00007f2a38600000, 0x00007f2ad5900000)
  from space 321920K,   0% used [0x00007f2ae9360000, 0x00007f2ae95fc120, 0x00007f2afcdc0000)
  to   space 321920K,   0% used [0x00007f2ad5900000, 0x00007f2ad5900000, 0x00007f2ae9360000)
 tenured generation   total 6438336K, used 6437092K [0x00007f2f8db50000, 0x00007f3116ac0000, 0x00007f3a38600000)
   the space 6438336K,  99% used [0x00007f2f8db50000, 0x00007f31169892e8, 0x00007f3116989400, 0x00007f3116ac0000)
 Metaspace       used 24320K, capacity 24716K, committed 24832K, reserved 26624K
}
Event: 85727.891 GC heap before
{Heap before GC invocations=86511 (full 4):
 def new generation   total 2897280K, used 2578032K [0x00007f2a38600000, 0x00007f2afcdc0000, 0x00007f2f8db50000)
  eden space 2575360K, 100% used [0x00007f2a38600000, 0x00007f2ad5900000, 0x00007f2ad5900000)
  from space 321920K,   0% used [0x00007f2ae9360000, 0x00007f2ae95fc120, 0x00007f2afcdc0000)
  to   space 321920K,   0% used [0x00007f2ad5900000, 0x00007f2ad5900000, 0x00007f2ae9360000)
 tenured generation   total 6438336K, used 6437092K [0x00007f2f8db50000, 0x00007f3116ac0000, 0x00007f3a38600000)
   the space 6438336K,  99% used [0x00007f2f8db50000, 0x00007f31169892e8, 0x00007f3116989400, 0x00007f3116ac0000)
 Metaspace       used 24320K, capacity 24716K, committed 24832K, reserved 26624K
}
Event: 85727.902 GC heap after
{Heap after GC invocations=86512 (full 4):
 def new generation   total 2897280K, used 2587K [0x00007f2a38600000, 0x00007f2afcdc0000, 0x00007f2f8db50000)
  eden space 2575360K,   0% used [0x00007f2a38600000, 0x00007f2a38600000, 0x00007f2ad5900000)
  from space 321920K,   0% used [0x00007f2ad5900000, 0x00007f2ad5b86c70, 0x00007f2ae9360000)
  to   space 321920K,   0% used [0x00007f2ae9360000, 0x00007f2ae9360000, 0x00007f2afcdc0000)
 tenured generation   total 6438336K, used 6437317K [0x00007f2f8db50000, 0x00007f3116ac0000, 0x00007f3a38600000)
   the space 6438336K,  99% used [0x00007f2f8db50000, 0x00007f31169c1558, 0x00007f31169c1600, 0x00007f3116ac0000)
 Metaspace       used 24320K, capacity 24716K, committed 24832K, reserved 26624K
}
Event: 85729.951 GC heap before
{Heap before GC invocations=86512 (full 4):
 def new generation   total 2897280K, used 2577947K [0x00007f2a38600000, 0x00007f2afcdc0000, 0x00007f2f8db50000)
  eden space 2575360K, 100% used [0x00007f2a38600000, 0x00007f2ad5900000, 0x00007f2ad5900000)
  from space 321920K,   0% used [0x00007f2ad5900000, 0x00007f2ad5b86c70, 0x00007f2ae9360000)
  to   space 321920K,   0% used [0x00007f2ae9360000, 0x00007f2ae9360000, 0x00007f2afcdc0000)
 tenured generation   total 6438336K, used 6437317K [0x00007f2f8db50000, 0x00007f3116ac0000, 0x00007f3a38600000)
   the space 6438336K,  99% used [0x00007f2f8db50000, 0x00007f31169c1558, 0x00007f31169c1600, 0x00007f3116ac0000)
 Metaspace       used 24320K, capacity 24716K, committed 24832K, reserved 26624K
}
Event: 85729.964 GC heap after
{Heap after GC invocations=86513 (full 4):
 def new generation   total 2897280K, used 2628K [0x00007f2a38600000, 0x00007f2afcdc0000, 0x00007f2f8db50000)
  eden space 2575360K,   0% used [0x00007f2a38600000, 0x00007f2a38600000, 0x00007f2ad5900000)
  from space 321920K,   0% used [0x00007f2ae9360000, 0x00007f2ae95f11f0, 0x00007f2afcdc0000)
  to   space 321920K,   0% used [0x00007f2ad5900000, 0x00007f2ad5900000, 0x00007f2ae9360000)
 tenured generation   total 6438336K, used 6437429K [0x00007f2f8db50000, 0x00007f3116ac0000, 0x00007f3a38600000)
   the space 6438336K,  99% used [0x00007f2f8db50000, 0x00007f31169dd690, 0x00007f31169dd800, 0x00007f3116ac0000)
 Metaspace       used 24320K, capacity 24716K, committed 24832K, reserved 26624K
}
Event: 85731.984 GC heap before
{Heap before GC invocations=86513 (full 4):
 def new generation   total 2897280K, used 2577988K [0x00007f2a38600000, 0x00007f2afcdc0000, 0x00007f2f8db50000)
  eden space 2575360K, 100% used [0x00007f2a38600000, 0x00007f2ad5900000, 0x00007f2ad5900000)
  from space 321920K,   0% used [0x00007f2ae9360000, 0x00007f2ae95f11f0, 0x00007f2afcdc0000)
  to   space 321920K,   0% used [0x00007f2ad5900000, 0x00007f2ad5900000, 0x00007f2ae9360000)
 tenured generation   total 6438336K, used 6437429K [0x00007f2f8db50000, 0x00007f3116ac0000, 0x00007f3a38600000)
   the space 6438336K,  99% used [0x00007f2f8db50000, 0x00007f31169dd690, 0x00007f31169dd800, 0x00007f3116ac0000)
 Metaspace       used 24320K, capacity 24716K, committed 24832K, reserved 26624K
}
Event: 85731.992 GC heap after
{Heap after GC invocations=86514 (full 4):
 def new generation   total 2897280K, used 2697K [0x00007f2a38600000, 0x00007f2afcdc0000, 0x00007f2f8db50000)
  eden space 2575360K,   0% used [0x00007f2a38600000, 0x00007f2a38600000, 0x00007f2ad5900000)
  from space 321920K,   0% used [0x00007f2ad5900000, 0x00007f2ad5ba27b8, 0x00007f2ae9360000)
  to   space 321920K,   0% used [0x00007f2ae9360000, 0x00007f2ae9360000, 0x00007f2afcdc0000)
 tenured generation   total 6438336K, used 6437541K [0x00007f2f8db50000, 0x00007f3116ac0000, 0x00007f3a38600000)
   the space 6438336K,  99% used [0x00007f2f8db50000, 0x00007f31169f97c8, 0x00007f31169f9800, 0x00007f3116ac0000)
 Metaspace       used 24320K, capacity 24716K, committed 24832K, reserved 26624K
}
Event: 85734.088 GC heap before
{Heap before GC invocations=86514 (full 4):
 def new generation   total 2897280K, used 2578057K [0x00007f2a38600000, 0x00007f2afcdc0000, 0x00007f2f8db50000)
  eden space 2575360K, 100% used [0x00007f2a38600000, 0x00007f2ad5900000, 0x00007f2ad5900000)
  from space 321920K,   0% used [0x00007f2ad5900000, 0x00007f2ad5ba27b8, 0x00007f2ae9360000)
  to   space 321920K,   0% used [0x00007f2ae9360000, 0x00007f2ae9360000, 0x00007f2afcdc0000)
 tenured generation   total 6438336K, used 6437541K [0x00007f2f8db50000, 0x00007f3116ac0000, 0x00007f3a38600000)
   the space 6438336K,  99% used [0x00007f2f8db50000, 0x00007f31169f97c8, 0x00007f31169f9800, 0x00007f3116ac0000)
 Metaspace       used 24320K, capacity 24716K, committed 24832K, reserved 26624K
}
Event: 85734.098 GC heap after
{Heap after GC invocations=86515 (full 4):
 def new generation   total 2897280K, used 2588K [0x00007f2a38600000, 0x00007f2afcdc0000, 0x00007f2f8db50000)
  eden space 2575360K,   0% used [0x00007f2a38600000, 0x00007f2a38600000, 0x00007f2ad5900000)
  from space 321920K,   0% used [0x00007f2ae9360000, 0x00007f2ae95e7168, 0x00007f2afcdc0000)
  to   space 321920K,   0% used [0x00007f2ad5900000, 0x00007f2ad5900000, 0x00007f2ae9360000)
 tenured generation   total 6438336K, used 6437766K [0x00007f2f8db50000, 0x00007f3116ac0000, 0x00007f3a38600000)
   the space 6438336K,  99% used [0x00007f2f8db50000, 0x00007f3116a31a38, 0x00007f3116a31c00, 0x00007f3116ac0000)
 Metaspace       used 24320K, capacity 24716K, committed 24832K, reserved 26624K
}
Event: 85736.250 GC heap before
{Heap before GC invocations=86515 (full 4):
 def new generation   total 2897280K, used 2577948K [0x00007f2a38600000, 0x00007f2afcdc0000, 0x00007f2f8db50000)
  eden space 2575360K, 100% used [0x00007f2a38600000, 0x00007f2ad5900000, 0x00007f2ad5900000)
  from space 321920K,   0% used [0x00007f2ae9360000, 0x00007f2ae95e7168, 0x00007f2afcdc0000)
  to   space 321920K,   0% used [0x00007f2ad5900000, 0x00007f2ad5900000, 0x00007f2ae9360000)
 tenured generation   total 6438336K, used 6437766K [0x00007f2f8db50000, 0x00007f3116ac0000, 0x00007f3a38600000)
   the space 6438336K,  99% used [0x00007f2f8db50000, 0x00007f3116a31a38, 0x00007f3116a31c00, 0x00007f3116ac0000)
 Metaspace       used 24320K, capacity 24716K, committed 24832K, reserved 26624K
}
Event: 85736.258 GC heap after
{Heap after GC invocations=86516 (full 4):
 def new generation   total 2897280K, used 2675K [0x00007f2a38600000, 0x00007f2afcdc0000, 0x00007f2f8db50000)
  eden space 2575360K,   0% used [0x00007f2a38600000, 0x00007f2a38600000, 0x00007f2ad5900000)
  from space 321920K,   0% used [0x00007f2ad5900000, 0x00007f2ad5b9cde8, 0x00007f2ae9360000)
  to   space 321920K,   0% used [0x00007f2ae9360000, 0x00007f2ae9360000, 0x00007f2afcdc0000)
 tenured generation   total 6438336K, used 6437878K [0x00007f2f8db50000, 0x00007f3116ac0000, 0x00007f3a38600000)
   the space 6438336K,  99% used [0x00007f2f8db50000, 0x00007f3116a4db70, 0x00007f3116a4dc00, 0x00007f3116ac0000)
 Metaspace       used 24320K, capacity 24716K, committed 24832K, reserved 26624K
}
Event: 85738.344 GC heap before
{Heap before GC invocations=86516 (full 4):
 def new generation   total 2897280K, used 2578035K [0x00007f2a38600000, 0x00007f2afcdc0000, 0x00007f2f8db50000)
  eden space 2575360K, 100% used [0x00007f2a38600000, 0x00007f2ad5900000, 0x00007f2ad5900000)
  from space 321920K,   0% used [0x00007f2ad5900000, 0x00007f2ad5b9cde8, 0x00007f2ae9360000)
  to   space 321920K,   0% used [0x00007f2ae9360000, 0x00007f2ae9360000, 0x00007f2afcdc0000)
 tenured generation   total 6438336K, used 6437878K [0x00007f2f8db50000, 0x00007f3116ac0000, 0x00007f3a38600000)
   the space 6438336K,  99% used [0x00007f2f8db50000, 0x00007f3116a4db70, 0x00007f3116a4dc00, 0x00007f3116ac0000)
 Metaspace       used 24320K, capacity 24716K, committed 24832K, reserved 26624K
}
Event: 85738.352 GC heap after
{Heap after GC invocations=86517 (full 4):
 def new generation   total 2897280K, used 2578K [0x00007f2a38600000, 0x00007f2afcdc0000, 0x00007f2f8db50000)
  eden space 2575360K,   0% used [0x00007f2a38600000, 0x00007f2a38600000, 0x00007f2ad5900000)
  from space 321920K,   0% used [0x00007f2ae9360000, 0x00007f2ae95e4b00, 0x00007f2afcdc0000)
  to   space 321920K,   0% used [0x00007f2ad5900000, 0x00007f2ad5900000, 0x00007f2ae9360000)
 tenured generation   total 6438336K, used 6438103K [0x00007f2f8db50000, 0x00007f3116ac0000, 0x00007f3a38600000)
   the space 6438336K,  99% used [0x00007f2f8db50000, 0x00007f3116a85de0, 0x00007f3116a85e00, 0x00007f3116ac0000)
 Metaspace       used 24320K, capacity 24716K, committed 24832K, reserved 26624K
}
Event: 85740.485 GC heap before
{Heap before GC invocations=86517 (full 4):
 def new generation   total 2897280K, used 2577938K [0x00007f2a38600000, 0x00007f2afcdc0000, 0x00007f2f8db50000)
  eden space 2575360K, 100% used [0x00007f2a38600000, 0x00007f2ad5900000, 0x00007f2ad5900000)
  from space 321920K,   0% used [0x00007f2ae9360000, 0x00007f2ae95e4b00, 0x00007f2afcdc0000)
  to   space 321920K,   0% used [0x00007f2ad5900000, 0x00007f2ad5900000, 0x00007f2ae9360000)
 tenured generation   total 6438336K, used 6438103K [0x00007f2f8db50000, 0x00007f3116ac0000, 0x00007f3a38600000)
   the space 6438336K,  99% used [0x00007f2f8db50000, 0x00007f3116a85de0, 0x00007f3116a85e00, 0x00007f3116ac0000)
 Metaspace       used 24320K, capacity 24716K, committed 24832K, reserved 26624K
}
Event: 85740.493 GC heap after
{Heap after GC invocations=86518 (full 4):
 def new generation   total 2897280K, used 2677K [0x00007f2a38600000, 0x00007f2afcdc0000, 0x00007f2f8db50000)
  eden space 2575360K,   0% used [0x00007f2a38600000, 0x00007f2a38600000, 0x00007f2ad5900000)
  from space 321920K,   0% used [0x00007f2ad5900000, 0x00007f2ad5b9d7d8, 0x00007f2ae9360000)
  to   space 321920K,   0% used [0x00007f2ae9360000, 0x00007f2ae9360000, 0x00007f2afcdc0000)
 tenured generation   total 6438336K, used 6438215K [0x00007f2f8db50000, 0x00007f3116ac0000, 0x00007f3a38600000)
   the space 6438336K,  99% used [0x00007f2f8db50000, 0x00007f3116aa1f18, 0x00007f3116aa2000, 0x00007f3116ac0000)
 Metaspace       used 24320K, capacity 24716K, committed 24832K, reserved 26624K
}
Event: 85742.593 GC heap before
{Heap before GC invocations=86518 (full 4):
 def new generation   total 2897280K, used 2578037K [0x00007f2a38600000, 0x00007f2afcdc0000, 0x00007f2f8db50000)
  eden space 2575360K, 100% used [0x00007f2a38600000, 0x00007f2ad5900000, 0x00007f2ad5900000)
  from space 321920K,   0% used [0x00007f2ad5900000, 0x00007f2ad5b9d7d8, 0x00007f2ae9360000)
  to   space 321920K,   0% used [0x00007f2ae9360000, 0x00007f2ae9360000, 0x00007f2afcdc0000)
 tenured generation   total 6438336K, used 6438215K [0x00007f2f8db50000, 0x00007f3116ac0000, 0x00007f3a38600000)
   the space 6438336K,  99% used [0x00007f2f8db50000, 0x00007f3116aa1f18, 0x00007f3116aa2000, 0x00007f3116ac0000)
 Metaspace       used 24320K, capacity 24716K, committed 24832K, reserved 26624K
}
Event: 85742.602 GC heap after
{Heap after GC invocations=86519 (full 4):
 def new generation   total 2897280K, used 2589K [0x00007f2a38600000, 0x00007f2afcdc0000, 0x00007f2f8db50000)
  eden space 2575360K,   0% used [0x00007f2a38600000, 0x00007f2a38600000, 0x00007f2ad5900000)
  from space 321920K,   0% used [0x00007f2ae9360000, 0x00007f2ae95e7618, 0x00007f2afcdc0000)
  to   space 321920K,   0% used [0x00007f2ad5900000, 0x00007f2ad5900000, 0x00007f2ae9360000)
 tenured generation   total 6438528K, used 6438440K [0x00007f2f8db50000, 0x00007f3116af0000, 0x00007f3a38600000)
   the space 6438528K,  99% used [0x00007f2f8db50000, 0x00007f3116ada188, 0x00007f3116ada200, 0x00007f3116af0000)
 Metaspace       used 24320K, capacity 24716K, committed 24832K, reserved 26624K
}
Event: 85742.602 GC heap before
{Heap before GC invocations=86519 (full 4):
 def new generation   total 2897280K, used 2589K [0x00007f2a38600000, 0x00007f2afcdc0000, 0x00007f2f8db50000)
  eden space 2575360K,   0% used [0x00007f2a38600000, 0x00007f2a38600000, 0x00007f2ad5900000)
  from space 321920K,   0% used [0x00007f2ae9360000, 0x00007f2ae95e7618, 0x00007f2afcdc0000)
  to   space 321920K,   0% used [0x00007f2ad5900000, 0x00007f2ad5900000, 0x00007f2ae9360000)
 tenured generation   total 6438528K, used 6438440K [0x00007f2f8db50000, 0x00007f3116af0000, 0x00007f3a38600000)
   the space 6438528K,  99% used [0x00007f2f8db50000, 0x00007f3116ada188, 0x00007f3116ada200, 0x00007f3116af0000)
 Metaspace       used 24320K, capacity 24716K, committed 24832K, reserved 26624K
}

