# JRE version: OpenJDK Runtime Environment (13.0.7+5) (build 13.0.7+5-Ubuntu-0ubuntu120.04)
# Java VM: OpenJDK 64-Bit Server VM (13.0.7+5-Ubuntu-0ubuntu120.04, mixed mode, tiered, serial gc, linux-amd64)
Heap:
 def new generation   total 1748544K, used 20621K [0x00007f775c600000, 0x00007f77d2f40000, 0x00007f7cb1b50000)
  eden space 1554304K,   1% used [0x00007f775c600000, 0x00007f775da23430, 0x00007f77bb3e0000)
  from space 194240K,   0% used [0x00007f77c7190000, 0x00007f77c7190000, 0x00007f77d2f40000)
  to   space 194240K,   0% used [0x00007f77bb3e0000, 0x00007f77bb3e0000, 0x00007f77c7190000)
 tenured generation   total 3885740K, used 3885739K [0x00007f7cb1b50000, 0x00007f7d9edfb000, 0x00007f875c600000)
   the space 3885740K,  99% used [0x00007f7cb1b50000, 0x00007f7d9edfafd0, 0x00007f7d9edfb000, 0x00007f7d9edfb000)
 Metaspace       used 24337K, capacity 24707K, committed 24832K, reserved 26624K
GC Heap History (20 events):
Event: 3244.086 GC heap after
{Heap after GC invocations=3986 (full 3):
 def new generation   total 1748544K, used 26326K [0x00007f775c600000, 0x00007f77d2f40000, 0x00007f7cb1b50000)
  eden space 1554304K,   0% used [0x00007f775c600000, 0x00007f775c600000, 0x00007f77bb3e0000)
  from space 194240K,  13% used [0x00007f77bb3e0000, 0x00007f77bcd95870, 0x00007f77c7190000)
  to   space 194240K,   0% used [0x00007f77c7190000, 0x00007f77c7190000, 0x00007f77d2f40000)
 tenured generation   total 3885548K, used 3869788K [0x00007f7cb1b50000, 0x00007f7d9edcb000, 0x00007f875c600000)
   the space 3885548K,  99% used [0x00007f7cb1b50000, 0x00007f7d9de673e0, 0x00007f7d9de67400, 0x00007f7d9edcb000)
 Metaspace       used 24337K, capacity 24707K, committed 24832K, reserved 26624K
}
Event: 3245.353 GC heap before
{Heap before GC invocations=3986 (full 3):
 def new generation   total 1748544K, used 1580630K [0x00007f775c600000, 0x00007f77d2f40000, 0x00007f7cb1b50000)
  eden space 1554304K, 100% used [0x00007f775c600000, 0x00007f77bb3e0000, 0x00007f77bb3e0000)
  from space 194240K,  13% used [0x00007f77bb3e0000, 0x00007f77bcd95870, 0x00007f77c7190000)
  to   space 194240K,   0% used [0x00007f77c7190000, 0x00007f77c7190000, 0x00007f77d2f40000)
 tenured generation   total 3885548K, used 3869788K [0x00007f7cb1b50000, 0x00007f7d9edcb000, 0x00007f875c600000)
   the space 3885548K,  99% used [0x00007f7cb1b50000, 0x00007f7d9de673e0, 0x00007f7d9de67400, 0x00007f7d9edcb000)
 Metaspace       used 24337K, capacity 24707K, committed 24832K, reserved 26624K
}
Event: 3245.426 GC heap after
{Heap after GC invocations=3987 (full 3):
 def new generation   total 1748544K, used 26324K [0x00007f775c600000, 0x00007f77d2f40000, 0x00007f7cb1b50000)
  eden space 1554304K,   0% used [0x00007f775c600000, 0x00007f775c600000, 0x00007f77bb3e0000)
  from space 194240K,  13% used [0x00007f77c7190000, 0x00007f77c8b45090, 0x00007f77d2f40000)
  to   space 194240K,   0% used [0x00007f77bb3e0000, 0x00007f77bb3e0000, 0x00007f77c7190000)
 tenured generation   total 3885548K, used 3871575K [0x00007f7cb1b50000, 0x00007f7d9edcb000, 0x00007f875c600000)
   the space 3885548K,  99% used [0x00007f7cb1b50000, 0x00007f7d9e025db0, 0x00007f7d9e025e00, 0x00007f7d9edcb000)
 Metaspace       used 24337K, capacity 24707K, committed 24832K, reserved 26624K
}
Event: 3246.698 GC heap before
{Heap before GC invocations=3987 (full 3):
 def new generation   total 1748544K, used 1580628K [0x00007f775c600000, 0x00007f77d2f40000, 0x00007f7cb1b50000)
  eden space 1554304K, 100% used [0x00007f775c600000, 0x00007f77bb3e0000, 0x00007f77bb3e0000)
  from space 194240K,  13% used [0x00007f77c7190000, 0x00007f77c8b45090, 0x00007f77d2f40000)
  to   space 194240K,   0% used [0x00007f77bb3e0000, 0x00007f77bb3e0000, 0x00007f77c7190000)
 tenured generation   total 3885548K, used 3871575K [0x00007f7cb1b50000, 0x00007f7d9edcb000, 0x00007f875c600000)
   the space 3885548K,  99% used [0x00007f7cb1b50000, 0x00007f7d9e025db0, 0x00007f7d9e025e00, 0x00007f7d9edcb000)
 Metaspace       used 24337K, capacity 24707K, committed 24832K, reserved 26624K
}
Event: 3246.767 GC heap after
{Heap after GC invocations=3988 (full 3):
 def new generation   total 1748544K, used 26325K [0x00007f775c600000, 0x00007f77d2f40000, 0x00007f7cb1b50000)
  eden space 1554304K,   0% used [0x00007f775c600000, 0x00007f775c600000, 0x00007f77bb3e0000)
  from space 194240K,  13% used [0x00007f77bb3e0000, 0x00007f77bcd955e8, 0x00007f77c7190000)
  to   space 194240K,   0% used [0x00007f77c7190000, 0x00007f77c7190000, 0x00007f77d2f40000)
 tenured generation   total 3885548K, used 3873282K [0x00007f7cb1b50000, 0x00007f7d9edcb000, 0x00007f875c600000)
   the space 3885548K,  99% used [0x00007f7cb1b50000, 0x00007f7d9e1d0a68, 0x00007f7d9e1d0c00, 0x00007f7d9edcb000)
 Metaspace       used 24337K, capacity 24707K, committed 24832K, reserved 26624K
}
Event: 3248.051 GC heap before
{Heap before GC invocations=3988 (full 3):
 def new generation   total 1748544K, used 1580629K [0x00007f775c600000, 0x00007f77d2f40000, 0x00007f7cb1b50000)
  eden space 1554304K, 100% used [0x00007f775c600000, 0x00007f77bb3e0000, 0x00007f77bb3e0000)
  from space 194240K,  13% used [0x00007f77bb3e0000, 0x00007f77bcd955e8, 0x00007f77c7190000)
  to   space 194240K,   0% used [0x00007f77c7190000, 0x00007f77c7190000, 0x00007f77d2f40000)
 tenured generation   total 3885548K, used 3873282K [0x00007f7cb1b50000, 0x00007f7d9edcb000, 0x00007f875c600000)
   the space 3885548K,  99% used [0x00007f7cb1b50000, 0x00007f7d9e1d0a68, 0x00007f7d9e1d0c00, 0x00007f7d9edcb000)
 Metaspace       used 24337K, capacity 24707K, committed 24832K, reserved 26624K
}
Event: 3248.123 GC heap after
{Heap after GC invocations=3989 (full 3):
 def new generation   total 1748544K, used 26335K [0x00007f775c600000, 0x00007f77d2f40000, 0x00007f7cb1b50000)
  eden space 1554304K,   0% used [0x00007f775c600000, 0x00007f775c600000, 0x00007f77bb3e0000)
  from space 194240K,  13% used [0x00007f77c7190000, 0x00007f77c8b47e00, 0x00007f77d2f40000)
  to   space 194240K,   0% used [0x00007f77bb3e0000, 0x00007f77bb3e0000, 0x00007f77c7190000)
 tenured generation   total 3885548K, used 3875056K [0x00007f7cb1b50000, 0x00007f7d9edcb000, 0x00007f875c600000)
   the space 3885548K,  99% used [0x00007f7cb1b50000, 0x00007f7d9e38c1a8, 0x00007f7d9e38c200, 0x00007f7d9edcb000)
 Metaspace       used 24337K, capacity 24707K, committed 24832K, reserved 26624K
}
Event: 3249.416 GC heap before
{Heap before GC invocations=3989 (full 3):
 def new generation   total 1748544K, used 1580639K [0x00007f775c600000, 0x00007f77d2f40000, 0x00007f7cb1b50000)
  eden space 1554304K, 100% used [0x00007f775c600000, 0x00007f77bb3e0000, 0x00007f77bb3e0000)
  from space 194240K,  13% used [0x00007f77c7190000, 0x00007f77c8b47e00, 0x00007f77d2f40000)
  to   space 194240K,   0% used [0x00007f77bb3e0000, 0x00007f77bb3e0000, 0x00007f77c7190000)
 tenured generation   total 3885548K, used 3875056K [0x00007f7cb1b50000, 0x00007f7d9edcb000, 0x00007f875c600000)
   the space 3885548K,  99% used [0x00007f7cb1b50000, 0x00007f7d9e38c1a8, 0x00007f7d9e38c200, 0x00007f7d9edcb000)
 Metaspace       used 24337K, capacity 24707K, committed 24832K, reserved 26624K
}
Event: 3249.492 GC heap after
{Heap after GC invocations=3990 (full 3):
 def new generation   total 1748544K, used 26275K [0x00007f775c600000, 0x00007f77d2f40000, 0x00007f7cb1b50000)
  eden space 1554304K,   0% used [0x00007f775c600000, 0x00007f775c600000, 0x00007f77bb3e0000)
  from space 194240K,  13% used [0x00007f77bb3e0000, 0x00007f77bcd88ce8, 0x00007f77c7190000)
  to   space 194240K,   0% used [0x00007f77c7190000, 0x00007f77c7190000, 0x00007f77d2f40000)
 tenured generation   total 3885548K, used 3876842K [0x00007f7cb1b50000, 0x00007f7d9edcb000, 0x00007f875c600000)
   the space 3885548K,  99% used [0x00007f7cb1b50000, 0x00007f7d9e54ab78, 0x00007f7d9e54ac00, 0x00007f7d9edcb000)
 Metaspace       used 24337K, capacity 24707K, committed 24832K, reserved 26624K
}
Event: 3250.776 GC heap before
{Heap before GC invocations=3990 (full 3):
 def new generation   total 1748544K, used 1580579K [0x00007f775c600000, 0x00007f77d2f40000, 0x00007f7cb1b50000)
  eden space 1554304K, 100% used [0x00007f775c600000, 0x00007f77bb3e0000, 0x00007f77bb3e0000)
  from space 194240K,  13% used [0x00007f77bb3e0000, 0x00007f77bcd88ce8, 0x00007f77c7190000)
  to   space 194240K,   0% used [0x00007f77c7190000, 0x00007f77c7190000, 0x00007f77d2f40000)
 tenured generation   total 3885548K, used 3876842K [0x00007f7cb1b50000, 0x00007f7d9edcb000, 0x00007f875c600000)
   the space 3885548K,  99% used [0x00007f7cb1b50000, 0x00007f7d9e54ab78, 0x00007f7d9e54ac00, 0x00007f7d9edcb000)
 Metaspace       used 24337K, capacity 24707K, committed 24832K, reserved 26624K
}
Event: 3250.842 GC heap after
{Heap after GC invocations=3991 (full 3):
 def new generation   total 1748544K, used 26333K [0x00007f775c600000, 0x00007f77d2f40000, 0x00007f7cb1b50000)
  eden space 1554304K,   0% used [0x00007f775c600000, 0x00007f775c600000, 0x00007f77bb3e0000)
  from space 194240K,  13% used [0x00007f77c7190000, 0x00007f77c8b47790, 0x00007f77d2f40000)
  to   space 194240K,   0% used [0x00007f77bb3e0000, 0x00007f77bb3e0000, 0x00007f77c7190000)
 tenured generation   total 3885548K, used 3878550K [0x00007f7cb1b50000, 0x00007f7d9edcb000, 0x00007f875c600000)
   the space 3885548K,  99% used [0x00007f7cb1b50000, 0x00007f7d9e6f5950, 0x00007f7d9e6f5a00, 0x00007f7d9edcb000)
 Metaspace       used 24337K, capacity 24707K, committed 24832K, reserved 26624K
}
Event: 3252.050 GC heap before
{Heap before GC invocations=3991 (full 3):
 def new generation   total 1748544K, used 1580637K [0x00007f775c600000, 0x00007f77d2f40000, 0x00007f7cb1b50000)
  eden space 1554304K, 100% used [0x00007f775c600000, 0x00007f77bb3e0000, 0x00007f77bb3e0000)
  from space 194240K,  13% used [0x00007f77c7190000, 0x00007f77c8b47790, 0x00007f77d2f40000)
  to   space 194240K,   0% used [0x00007f77bb3e0000, 0x00007f77bb3e0000, 0x00007f77c7190000)
 tenured generation   total 3885548K, used 3878550K [0x00007f7cb1b50000, 0x00007f7d9edcb000, 0x00007f875c600000)
   the space 3885548K,  99% used [0x00007f7cb1b50000, 0x00007f7d9e6f5950, 0x00007f7d9e6f5a00, 0x00007f7d9edcb000)
 Metaspace       used 24337K, capacity 24707K, committed 24832K, reserved 26624K
}
Event: 3252.123 GC heap after
{Heap after GC invocations=3992 (full 3):
 def new generation   total 1748544K, used 26338K [0x00007f775c600000, 0x00007f77d2f40000, 0x00007f7cb1b50000)
  eden space 1554304K,   0% used [0x00007f775c600000, 0x00007f775c600000, 0x00007f77bb3e0000)
  from space 194240K,  13% used [0x00007f77bb3e0000, 0x00007f77bcd98910, 0x00007f77c7190000)
  to   space 194240K,   0% used [0x00007f77c7190000, 0x00007f77c7190000, 0x00007f77d2f40000)
 tenured generation   total 3885548K, used 3880336K [0x00007f7cb1b50000, 0x00007f7d9edcb000, 0x00007f875c600000)
   the space 3885548K,  99% used [0x00007f7cb1b50000, 0x00007f7d9e8b4200, 0x00007f7d9e8b4200, 0x00007f7d9edcb000)
 Metaspace       used 24337K, capacity 24707K, committed 24832K, reserved 26624K
}
Event: 3253.359 GC heap before
{Heap before GC invocations=3992 (full 3):
 def new generation   total 1748544K, used 1580642K [0x00007f775c600000, 0x00007f77d2f40000, 0x00007f7cb1b50000)
  eden space 1554304K, 100% used [0x00007f775c600000, 0x00007f77bb3e0000, 0x00007f77bb3e0000)
  from space 194240K,  13% used [0x00007f77bb3e0000, 0x00007f77bcd98910, 0x00007f77c7190000)
  to   space 194240K,   0% used [0x00007f77c7190000, 0x00007f77c7190000, 0x00007f77d2f40000)
 tenured generation   total 3885548K, used 3880336K [0x00007f7cb1b50000, 0x00007f7d9edcb000, 0x00007f875c600000)
   the space 3885548K,  99% used [0x00007f7cb1b50000, 0x00007f7d9e8b4200, 0x00007f7d9e8b4200, 0x00007f7d9edcb000)
 Metaspace       used 24337K, capacity 24707K, committed 24832K, reserved 26624K
}
Event: 3253.427 GC heap after
{Heap after GC invocations=3993 (full 3):
 def new generation   total 1748544K, used 26317K [0x00007f775c600000, 0x00007f77d2f40000, 0x00007f7cb1b50000)
  eden space 1554304K,   0% used [0x00007f775c600000, 0x00007f775c600000, 0x00007f77bb3e0000)
  from space 194240K,  13% used [0x00007f77c7190000, 0x00007f77c8b43478, 0x00007f77d2f40000)
  to   space 194240K,   0% used [0x00007f77bb3e0000, 0x00007f77bb3e0000, 0x00007f77c7190000)
 tenured generation   total 3885548K, used 3882068K [0x00007f7cb1b50000, 0x00007f7d9edcb000, 0x00007f875c600000)
   the space 3885548K,  99% used [0x00007f7cb1b50000, 0x00007f7d9ea65338, 0x00007f7d9ea65400, 0x00007f7d9edcb000)
 Metaspace       used 24337K, capacity 24707K, committed 24832K, reserved 26624K
}
Event: 3254.687 GC heap before
{Heap before GC invocations=3993 (full 3):
 def new generation   total 1748544K, used 1580621K [0x00007f775c600000, 0x00007f77d2f40000, 0x00007f7cb1b50000)
  eden space 1554304K, 100% used [0x00007f775c600000, 0x00007f77bb3e0000, 0x00007f77bb3e0000)
  from space 194240K,  13% used [0x00007f77c7190000, 0x00007f77c8b43478, 0x00007f77d2f40000)
  to   space 194240K,   0% used [0x00007f77bb3e0000, 0x00007f77bb3e0000, 0x00007f77c7190000)
 tenured generation   total 3885548K, used 3882068K [0x00007f7cb1b50000, 0x00007f7d9edcb000, 0x00007f875c600000)
   the space 3885548K,  99% used [0x00007f7cb1b50000, 0x00007f7d9ea65338, 0x00007f7d9ea65400, 0x00007f7d9edcb000)
 Metaspace       used 24337K, capacity 24707K, committed 24832K, reserved 26624K
}
Event: 3254.755 GC heap after
{Heap after GC invocations=3994 (full 3):
 def new generation   total 1748544K, used 26318K [0x00007f775c600000, 0x00007f77d2f40000, 0x00007f7cb1b50000)
  eden space 1554304K,   0% used [0x00007f775c600000, 0x00007f775c600000, 0x00007f77bb3e0000)
  from space 194240K,  13% used [0x00007f77bb3e0000, 0x00007f77bcd93bf0, 0x00007f77c7190000)
  to   space 194240K,   0% used [0x00007f77c7190000, 0x00007f77c7190000, 0x00007f77d2f40000)
 tenured generation   total 3885548K, used 3883850K [0x00007f7cb1b50000, 0x00007f7d9edcb000, 0x00007f875c600000)
   the space 3885548K,  99% used [0x00007f7cb1b50000, 0x00007f7d9ec22aa8, 0x00007f7d9ec22c00, 0x00007f7d9edcb000)
 Metaspace       used 24337K, capacity 24707K, committed 24832K, reserved 26624K
}
Event: 3256.060 GC heap before
{Heap before GC invocations=3994 (full 3):
 def new generation   total 1748544K, used 1580622K [0x00007f775c600000, 0x00007f77d2f40000, 0x00007f7cb1b50000)
  eden space 1554304K, 100% used [0x00007f775c600000, 0x00007f77bb3e0000, 0x00007f77bb3e0000)
  from space 194240K,  13% used [0x00007f77bb3e0000, 0x00007f77bcd93bf0, 0x00007f77c7190000)
  to   space 194240K,   0% used [0x00007f77c7190000, 0x00007f77c7190000, 0x00007f77d2f40000)
 tenured generation   total 3885548K, used 3883850K [0x00007f7cb1b50000, 0x00007f7d9edcb000, 0x00007f875c600000)
   the space 3885548K,  99% used [0x00007f7cb1b50000, 0x00007f7d9ec22aa8, 0x00007f7d9ec22c00, 0x00007f7d9edcb000)
 Metaspace       used 24337K, capacity 24707K, committed 24832K, reserved 26624K
}
Event: 3256.135 GC heap after
{Heap after GC invocations=3995 (full 3):
 def new generation   total 1748544K, used 26233K [0x00007f775c600000, 0x00007f77d2f40000, 0x00007f7cb1b50000)
  eden space 1554304K,   0% used [0x00007f775c600000, 0x00007f775c600000, 0x00007f77bb3e0000)
  from space 194240K,  13% used [0x00007f77c7190000, 0x00007f77c8b2e440, 0x00007f77d2f40000)
  to   space 194240K,   0% used [0x00007f77bb3e0000, 0x00007f77bb3e0000, 0x00007f77c7190000)
 tenured generation   total 3885740K, used 3885637K [0x00007f7cb1b50000, 0x00007f7d9edfb000, 0x00007f875c600000)
   the space 3885740K,  99% used [0x00007f7cb1b50000, 0x00007f7d9ede1550, 0x00007f7d9ede1600, 0x00007f7d9edfb000)
 Metaspace       used 24337K, capacity 24707K, committed 24832K, reserved 26624K
}
Event: 3256.135 GC heap before
{Heap before GC invocations=3995 (full 3):
 def new generation   total 1748544K, used 26233K [0x00007f775c600000, 0x00007f77d2f40000, 0x00007f7cb1b50000)
  eden space 1554304K,   0% used [0x00007f775c600000, 0x00007f775c600000, 0x00007f77bb3e0000)
  from space 194240K,  13% used [0x00007f77c7190000, 0x00007f77c8b2e440, 0x00007f77d2f40000)
  to   space 194240K,   0% used [0x00007f77bb3e0000, 0x00007f77bb3e0000, 0x00007f77c7190000)
 tenured generation   total 3885740K, used 3885637K [0x00007f7cb1b50000, 0x00007f7d9edfb000, 0x00007f875c600000)
   the space 3885740K,  99% used [0x00007f7cb1b50000, 0x00007f7d9ede1550, 0x00007f7d9ede1600, 0x00007f7d9edfb000)
 Metaspace       used 24337K, capacity 24707K, committed 24832K, reserved 26624K
}

