# JRE version: OpenJDK Runtime Environment (13.0.7+5) (build 13.0.7+5-Ubuntu-0ubuntu120.04)
# Java VM: OpenJDK 64-Bit Server VM (13.0.7+5-Ubuntu-0ubuntu120.04, mixed mode, tiered, serial gc, linux-amd64)
Heap:
 def new generation   total 4372608K, used 0K [0x00007f3d04600000, 0x00007f3e2ce90000, 0x00007f47af0a0000)
  eden space 3886784K,   0% used [0x00007f3d04600000, 0x00007f3d04600000, 0x00007f3df19b0000)
  from space 485824K,   0% used [0x00007f3df19b0000, 0x00007f3df19b0000, 0x00007f3e0f420000)
  to   space 485824K,   0% used [0x00007f3e0f420000, 0x00007f3e0f420000, 0x00007f3e2ce90000)
 tenured generation   total 9717332K, used 9692119K [0x00007f47af0a0000, 0x00007f4a00235000, 0x00007f5d04600000)
   the space 9717332K,  99% used [0x00007f47af0a0000, 0x00007f49fe995eb0, 0x00007f49fe996000, 0x00007f4a00235000)
 Metaspace       used 24199K, capacity 24570K, committed 24832K, reserved 26624K
GC Heap History (20 events):
Event: 2504.899 GC heap after
{Heap after GC invocations=1669 (full 7):
 def new generation   total 4372608K, used 238425K [0x00007f3d04600000, 0x00007f3e2ce90000, 0x00007f47af0a0000)
  eden space 3886784K,   0% used [0x00007f3d04600000, 0x00007f3d04600000, 0x00007f3df19b0000)
  from space 485824K,  49% used [0x00007f3e0f420000, 0x00007f3e1dcf6528, 0x00007f3e2ce90000)
  to   space 485824K,   0% used [0x00007f3df19b0000, 0x00007f3df19b0000, 0x00007f3e0f420000)
 tenured generation   total 9716816K, used 9598513K [0x00007f47af0a0000, 0x00007f4a001b4000, 0x00007f5d04600000)
   the space 9716816K,  98% used [0x00007f47af0a0000, 0x00007f49f8e2c7f0, 0x00007f49f8e2c800, 0x00007f4a001b4000)
 Metaspace       used 24199K, capacity 24570K, committed 24832K, reserved 26624K
}
Event: 2508.971 GC heap before
{Heap before GC invocations=1669 (full 7):
 def new generation   total 4372608K, used 4125209K [0x00007f3d04600000, 0x00007f3e2ce90000, 0x00007f47af0a0000)
  eden space 3886784K, 100% used [0x00007f3d04600000, 0x00007f3df19b0000, 0x00007f3df19b0000)
  from space 485824K,  49% used [0x00007f3e0f420000, 0x00007f3e1dcf6528, 0x00007f3e2ce90000)
  to   space 485824K,   0% used [0x00007f3df19b0000, 0x00007f3df19b0000, 0x00007f3e0f420000)
 tenured generation   total 9716816K, used 9598513K [0x00007f47af0a0000, 0x00007f4a001b4000, 0x00007f5d04600000)
   the space 9716816K,  98% used [0x00007f47af0a0000, 0x00007f49f8e2c7f0, 0x00007f49f8e2c800, 0x00007f4a001b4000)
 Metaspace       used 24199K, capacity 24570K, committed 24832K, reserved 26624K
}
Event: 2509.193 GC heap after
{Heap after GC invocations=1670 (full 7):
 def new generation   total 4372608K, used 220962K [0x00007f3d04600000, 0x00007f3e2ce90000, 0x00007f47af0a0000)
  eden space 3886784K,   0% used [0x00007f3d04600000, 0x00007f3d04600000, 0x00007f3df19b0000)
  from space 485824K,  45% used [0x00007f3df19b0000, 0x00007f3dff1789e8, 0x00007f3e0f420000)
  to   space 485824K,   0% used [0x00007f3e0f420000, 0x00007f3e0f420000, 0x00007f3e2ce90000)
 tenured generation   total 9716816K, used 9615472K [0x00007f47af0a0000, 0x00007f4a001b4000, 0x00007f5d04600000)
   the space 9716816K,  98% used [0x00007f47af0a0000, 0x00007f49f9ebc3f8, 0x00007f49f9ebc400, 0x00007f4a001b4000)
 Metaspace       used 24199K, capacity 24570K, committed 24832K, reserved 26624K
}
Event: 2513.261 GC heap before
{Heap before GC invocations=1670 (full 7):
 def new generation   total 4372608K, used 4107746K [0x00007f3d04600000, 0x00007f3e2ce90000, 0x00007f47af0a0000)
  eden space 3886784K, 100% used [0x00007f3d04600000, 0x00007f3df19b0000, 0x00007f3df19b0000)
  from space 485824K,  45% used [0x00007f3df19b0000, 0x00007f3dff1789e8, 0x00007f3e0f420000)
  to   space 485824K,   0% used [0x00007f3e0f420000, 0x00007f3e0f420000, 0x00007f3e2ce90000)
 tenured generation   total 9716816K, used 9615472K [0x00007f47af0a0000, 0x00007f4a001b4000, 0x00007f5d04600000)
   the space 9716816K,  98% used [0x00007f47af0a0000, 0x00007f49f9ebc3f8, 0x00007f49f9ebc400, 0x00007f4a001b4000)
 Metaspace       used 24199K, capacity 24570K, committed 24832K, reserved 26624K
}
Event: 2513.426 GC heap after
{Heap after GC invocations=1671 (full 7):
 def new generation   total 4372608K, used 216869K [0x00007f3d04600000, 0x00007f3e2ce90000, 0x00007f47af0a0000)
  eden space 3886784K,   0% used [0x00007f3d04600000, 0x00007f3d04600000, 0x00007f3df19b0000)
  from space 485824K,  44% used [0x00007f3e0f420000, 0x00007f3e1c7e97b0, 0x00007f3e2ce90000)
  to   space 485824K,   0% used [0x00007f3df19b0000, 0x00007f3df19b0000, 0x00007f3e0f420000)
 tenured generation   total 9716816K, used 9632432K [0x00007f47af0a0000, 0x00007f4a001b4000, 0x00007f5d04600000)
   the space 9716816K,  99% used [0x00007f47af0a0000, 0x00007f49faf4c000, 0x00007f49faf4c000, 0x00007f4a001b4000)
 Metaspace       used 24199K, capacity 24570K, committed 24832K, reserved 26624K
}
Event: 2517.254 GC heap before
{Heap before GC invocations=1671 (full 7):
 def new generation   total 4372608K, used 4103653K [0x00007f3d04600000, 0x00007f3e2ce90000, 0x00007f47af0a0000)
  eden space 3886784K, 100% used [0x00007f3d04600000, 0x00007f3df19b0000, 0x00007f3df19b0000)
  from space 485824K,  44% used [0x00007f3e0f420000, 0x00007f3e1c7e97b0, 0x00007f3e2ce90000)
  to   space 485824K,   0% used [0x00007f3df19b0000, 0x00007f3df19b0000, 0x00007f3e0f420000)
 tenured generation   total 9716816K, used 9632432K [0x00007f47af0a0000, 0x00007f4a001b4000, 0x00007f5d04600000)
   the space 9716816K,  99% used [0x00007f47af0a0000, 0x00007f49faf4c000, 0x00007f49faf4c000, 0x00007f4a001b4000)
 Metaspace       used 24199K, capacity 24570K, committed 24832K, reserved 26624K
}
Event: 2517.408 GC heap after
{Heap after GC invocations=1672 (full 7):
 def new generation   total 4372608K, used 209172K [0x00007f3d04600000, 0x00007f3e2ce90000, 0x00007f47af0a0000)
  eden space 3886784K,   0% used [0x00007f3d04600000, 0x00007f3d04600000, 0x00007f3df19b0000)
  from space 485824K,  43% used [0x00007f3df19b0000, 0x00007f3dfe5f5360, 0x00007f3e0f420000)
  to   space 485824K,   0% used [0x00007f3e0f420000, 0x00007f3e0f420000, 0x00007f3e2ce90000)
 tenured generation   total 9716816K, used 9649391K [0x00007f47af0a0000, 0x00007f4a001b4000, 0x00007f5d04600000)
   the space 9716816K,  99% used [0x00007f47af0a0000, 0x00007f49fbfdbc08, 0x00007f49fbfdbe00, 0x00007f4a001b4000)
 Metaspace       used 24199K, capacity 24570K, committed 24832K, reserved 26624K
}
Event: 2520.760 GC heap before
{Heap before GC invocations=1672 (full 7):
 def new generation   total 4372608K, used 4095956K [0x00007f3d04600000, 0x00007f3e2ce90000, 0x00007f47af0a0000)
  eden space 3886784K, 100% used [0x00007f3d04600000, 0x00007f3df19b0000, 0x00007f3df19b0000)
  from space 485824K,  43% used [0x00007f3df19b0000, 0x00007f3dfe5f5360, 0x00007f3e0f420000)
  to   space 485824K,   0% used [0x00007f3e0f420000, 0x00007f3e0f420000, 0x00007f3e2ce90000)
 tenured generation   total 9716816K, used 9649391K [0x00007f47af0a0000, 0x00007f4a001b4000, 0x00007f5d04600000)
   the space 9716816K,  99% used [0x00007f47af0a0000, 0x00007f49fbfdbc08, 0x00007f49fbfdbe00, 0x00007f4a001b4000)
 Metaspace       used 24199K, capacity 24570K, committed 24832K, reserved 26624K
}
Event: 2520.919 GC heap after
{Heap after GC invocations=1673 (full 7):
 def new generation   total 4372608K, used 238421K [0x00007f3d04600000, 0x00007f3e2ce90000, 0x00007f47af0a0000)
  eden space 3886784K,   0% used [0x00007f3d04600000, 0x00007f3d04600000, 0x00007f3df19b0000)
  from space 485824K,  49% used [0x00007f3e0f420000, 0x00007f3e1dcf5610, 0x00007f3e2ce90000)
  to   space 485824K,   0% used [0x00007f3df19b0000, 0x00007f3df19b0000, 0x00007f3e0f420000)
 tenured generation   total 9716816K, used 9649391K [0x00007f47af0a0000, 0x00007f4a001b4000, 0x00007f5d04600000)
   the space 9716816K,  99% used [0x00007f47af0a0000, 0x00007f49fbfdbc08, 0x00007f49fbfdbe00, 0x00007f4a001b4000)
 Metaspace       used 24199K, capacity 24570K, committed 24832K, reserved 26624K
}
Event: 2525.217 GC heap before
{Heap before GC invocations=1673 (full 7):
 def new generation   total 4372608K, used 4125205K [0x00007f3d04600000, 0x00007f3e2ce90000, 0x00007f47af0a0000)
  eden space 3886784K, 100% used [0x00007f3d04600000, 0x00007f3df19b0000, 0x00007f3df19b0000)
  from space 485824K,  49% used [0x00007f3e0f420000, 0x00007f3e1dcf5610, 0x00007f3e2ce90000)
  to   space 485824K,   0% used [0x00007f3df19b0000, 0x00007f3df19b0000, 0x00007f3e0f420000)
 tenured generation   total 9716816K, used 9649391K [0x00007f47af0a0000, 0x00007f4a001b4000, 0x00007f5d04600000)
   the space 9716816K,  99% used [0x00007f47af0a0000, 0x00007f49fbfdbc08, 0x00007f49fbfdbe00, 0x00007f4a001b4000)
 Metaspace       used 24199K, capacity 24570K, committed 24832K, reserved 26624K
}
Event: 2525.391 GC heap after
{Heap after GC invocations=1674 (full 7):
 def new generation   total 4372608K, used 220467K [0x00007f3d04600000, 0x00007f3e2ce90000, 0x00007f47af0a0000)
  eden space 3886784K,   0% used [0x00007f3d04600000, 0x00007f3d04600000, 0x00007f3df19b0000)
  from space 485824K,  45% used [0x00007f3df19b0000, 0x00007f3dff0fcc40, 0x00007f3e0f420000)
  to   space 485824K,   0% used [0x00007f3e0f420000, 0x00007f3e0f420000, 0x00007f3e2ce90000)
 tenured generation   total 9716816K, used 9666350K [0x00007f47af0a0000, 0x00007f4a001b4000, 0x00007f5d04600000)
   the space 9716816K,  99% used [0x00007f47af0a0000, 0x00007f49fd06ba70, 0x00007f49fd06bc00, 0x00007f4a001b4000)
 Metaspace       used 24199K, capacity 24570K, committed 24832K, reserved 26624K
}
Event: 2529.409 GC heap before
{Heap before GC invocations=1674 (full 7):
 def new generation   total 4372608K, used 4095436K [0x00007f3d04600000, 0x00007f3e2ce90000, 0x00007f47af0a0000)
  eden space 3886784K,  99% used [0x00007f3d04600000, 0x00007f3df0e26570, 0x00007f3df19b0000)
  from space 485824K,  45% used [0x00007f3df19b0000, 0x00007f3dff0fcc40, 0x00007f3e0f420000)
  to   space 485824K,   0% used [0x00007f3e0f420000, 0x00007f3e0f420000, 0x00007f3e2ce90000)
 tenured generation   total 9716816K, used 9666350K [0x00007f47af0a0000, 0x00007f4a001b4000, 0x00007f5d04600000)
   the space 9716816K,  99% used [0x00007f47af0a0000, 0x00007f49fd06ba70, 0x00007f49fd06bc00, 0x00007f4a001b4000)
 Metaspace       used 24199K, capacity 24570K, committed 24832K, reserved 26624K
}
Event: 2529.582 GC heap after
{Heap after GC invocations=1675 (full 7):
 def new generation   total 4372608K, used 216360K [0x00007f3d04600000, 0x00007f3e2ce90000, 0x00007f47af0a0000)
  eden space 3886784K,   0% used [0x00007f3d04600000, 0x00007f3d04600000, 0x00007f3df19b0000)
  from space 485824K,  44% used [0x00007f3e0f420000, 0x00007f3e1c76a3e0, 0x00007f3e2ce90000)
  to   space 485824K,   0% used [0x00007f3df19b0000, 0x00007f3df19b0000, 0x00007f3e0f420000)
 tenured generation   total 9716816K, used 9683309K [0x00007f47af0a0000, 0x00007f4a001b4000, 0x00007f5d04600000)
   the space 9716816K,  99% used [0x00007f47af0a0000, 0x00007f49fe0fb678, 0x00007f49fe0fb800, 0x00007f4a001b4000)
 Metaspace       used 24199K, capacity 24570K, committed 24832K, reserved 26624K
}
Event: 2533.531 GC heap before
{Heap before GC invocations=1675 (full 7):
 def new generation   total 4372608K, used 4103144K [0x00007f3d04600000, 0x00007f3e2ce90000, 0x00007f47af0a0000)
  eden space 3886784K, 100% used [0x00007f3d04600000, 0x00007f3df19b0000, 0x00007f3df19b0000)
  from space 485824K,  44% used [0x00007f3e0f420000, 0x00007f3e1c76a3e0, 0x00007f3e2ce90000)
  to   space 485824K,   0% used [0x00007f3df19b0000, 0x00007f3df19b0000, 0x00007f3e0f420000)
 tenured generation   total 9716816K, used 9683309K [0x00007f47af0a0000, 0x00007f4a001b4000, 0x00007f5d04600000)
   the space 9716816K,  99% used [0x00007f47af0a0000, 0x00007f49fe0fb678, 0x00007f49fe0fb800, 0x00007f4a001b4000)
 Metaspace       used 24199K, capacity 24570K, committed 24832K, reserved 26624K
}
Event: 2533.679 GC heap after
{Heap after GC invocations=1676 (full 7):
 def new generation   total 4372608K, used 208659K [0x00007f3d04600000, 0x00007f3e2ce90000, 0x00007f47af0a0000)
  eden space 3886784K,   0% used [0x00007f3d04600000, 0x00007f3d04600000, 0x00007f3df19b0000)
  from space 485824K,  42% used [0x00007f3df19b0000, 0x00007f3dfe574dc0, 0x00007f3e0f420000)
  to   space 485824K,   0% used [0x00007f3e0f420000, 0x00007f3e0f420000, 0x00007f3e2ce90000)
 tenured generation   total 9716816K, used 9700268K [0x00007f47af0a0000, 0x00007f4a001b4000, 0x00007f5d04600000)
   the space 9716816K,  99% used [0x00007f47af0a0000, 0x00007f49ff18b280, 0x00007f49ff18b400, 0x00007f4a001b4000)
 Metaspace       used 24199K, capacity 24570K, committed 24832K, reserved 26624K
}
Event: 2537.681 GC heap before
{Heap before GC invocations=1676 (full 7):
 def new generation   total 4372608K, used 4095443K [0x00007f3d04600000, 0x00007f3e2ce90000, 0x00007f47af0a0000)
  eden space 3886784K, 100% used [0x00007f3d04600000, 0x00007f3df19b0000, 0x00007f3df19b0000)
  from space 485824K,  42% used [0x00007f3df19b0000, 0x00007f3dfe574dc0, 0x00007f3e0f420000)
  to   space 485824K,   0% used [0x00007f3e0f420000, 0x00007f3e0f420000, 0x00007f3e2ce90000)
 tenured generation   total 9716816K, used 9700268K [0x00007f47af0a0000, 0x00007f4a001b4000, 0x00007f5d04600000)
   the space 9716816K,  99% used [0x00007f47af0a0000, 0x00007f49ff18b280, 0x00007f49ff18b400, 0x00007f4a001b4000)
 Metaspace       used 24199K, capacity 24570K, committed 24832K, reserved 26624K
}
Event: 2537.825 GC heap after
{Heap after GC invocations=1677 (full 7):
 def new generation   total 4372608K, used 220467K [0x00007f3d04600000, 0x00007f3e2ce90000, 0x00007f47af0a0000)
  eden space 3886784K,   0% used [0x00007f3d04600000, 0x00007f3d04600000, 0x00007f3df19b0000)
  from space 485824K,  45% used [0x00007f3e0f420000, 0x00007f3e1cb6cfc8, 0x00007f3e2ce90000)
  to   space 485824K,   0% used [0x00007f3df19b0000, 0x00007f3df19b0000, 0x00007f3e0f420000)
 tenured generation   total 9716816K, used 9700268K [0x00007f47af0a0000, 0x00007f4a001b4000, 0x00007f5d04600000)
   the space 9716816K,  99% used [0x00007f47af0a0000, 0x00007f49ff18b280, 0x00007f49ff18b400, 0x00007f4a001b4000)
 Metaspace       used 24199K, capacity 24570K, committed 24832K, reserved 26624K
}
Event: 2542.103 GC heap before
{Heap before GC invocations=1677 (full 7):
 def new generation   total 4372608K, used 4107251K [0x00007f3d04600000, 0x00007f3e2ce90000, 0x00007f47af0a0000)
  eden space 3886784K, 100% used [0x00007f3d04600000, 0x00007f3df19b0000, 0x00007f3df19b0000)
  from space 485824K,  45% used [0x00007f3e0f420000, 0x00007f3e1cb6cfc8, 0x00007f3e2ce90000)
  to   space 485824K,   0% used [0x00007f3df19b0000, 0x00007f3df19b0000, 0x00007f3e0f420000)
 tenured generation   total 9716816K, used 9700268K [0x00007f47af0a0000, 0x00007f4a001b4000, 0x00007f5d04600000)
   the space 9716816K,  99% used [0x00007f47af0a0000, 0x00007f49ff18b280, 0x00007f49ff18b400, 0x00007f4a001b4000)
 Metaspace       used 24199K, capacity 24570K, committed 24832K, reserved 26624K
}
Event: 2542.294 GC heap after
{Heap after GC invocations=1678 (full 7):
 def new generation   total 4372608K, used 220463K [0x00007f3d04600000, 0x00007f3e2ce90000, 0x00007f47af0a0000)
  eden space 3886784K,   0% used [0x00007f3d04600000, 0x00007f3d04600000, 0x00007f3df19b0000)
  from space 485824K,  45% used [0x00007f3df19b0000, 0x00007f3dff0fbc90, 0x00007f3e0f420000)
  to   space 485824K,   0% used [0x00007f3e0f420000, 0x00007f3e0f420000, 0x00007f3e2ce90000)
 tenured generation   total 9717332K, used 9717227K [0x00007f47af0a0000, 0x00007f4a00235000, 0x00007f5d04600000)
   the space 9717332K,  99% used [0x00007f47af0a0000, 0x00007f4a0021ae88, 0x00007f4a0021b000, 0x00007f4a00235000)
 Metaspace       used 24199K, capacity 24570K, committed 24832K, reserved 26624K
}
Event: 2542.294 GC heap before
{Heap before GC invocations=1678 (full 7):
 def new generation   total 4372608K, used 220463K [0x00007f3d04600000, 0x00007f3e2ce90000, 0x00007f47af0a0000)
  eden space 3886784K,   0% used [0x00007f3d04600000, 0x00007f3d04600000, 0x00007f3df19b0000)
  from space 485824K,  45% used [0x00007f3df19b0000, 0x00007f3dff0fbc90, 0x00007f3e0f420000)
  to   space 485824K,   0% used [0x00007f3e0f420000, 0x00007f3e0f420000, 0x00007f3e2ce90000)
 tenured generation   total 9717332K, used 9717227K [0x00007f47af0a0000, 0x00007f4a00235000, 0x00007f5d04600000)
   the space 9717332K,  99% used [0x00007f47af0a0000, 0x00007f4a0021ae88, 0x00007f4a0021b000, 0x00007f4a00235000)
 Metaspace       used 24199K, capacity 24570K, committed 24832K, reserved 26624K
}

