# JRE version: OpenJDK Runtime Environment (13.0.7+5) (build 13.0.7+5-Ubuntu-0ubuntu120.04)
# Java VM: OpenJDK 64-Bit Server VM (13.0.7+5-Ubuntu-0ubuntu120.04, mixed mode, tiered, serial gc, linux-amd64)
Heap:
 def new generation   total 2917056K, used 123904K [0x00007fc884600000, 0x00007fc94a330000, 0x00007fcdd9b50000)
  eden space 2592960K,   4% used [0x00007fc884600000, 0x00007fc88bf001a0, 0x00007fc922a30000)
  from space 324096K,   0% used [0x00007fc9366b0000, 0x00007fc9366b0000, 0x00007fc94a330000)
  to   space 324096K,   0% used [0x00007fc922a30000, 0x00007fc922a30000, 0x00007fc9366b0000)
 tenured generation   total 6488240K, used 6488239K [0x00007fcdd9b50000, 0x00007fcf65b7c000, 0x00007fd884600000)
   the space 6488240K,  99% used [0x00007fcdd9b50000, 0x00007fcf65b7bfc8, 0x00007fcf65b7c000, 0x00007fcf65b7c000)
 Metaspace       used 24216K, capacity 24580K, committed 24832K, reserved 26624K
GC Heap History (20 events):
Event: 882.819 GC heap after
{Heap after GC invocations=1727 (full 4):
 def new generation   total 2917056K, used 122550K [0x00007fc884600000, 0x00007fc94a330000, 0x00007fcdd9b50000)
  eden space 2592960K,   0% used [0x00007fc884600000, 0x00007fc884600000, 0x00007fc922a30000)
  from space 324096K,  37% used [0x00007fc922a30000, 0x00007fc92a1dda50, 0x00007fc9366b0000)
  to   space 324096K,   0% used [0x00007fc9366b0000, 0x00007fc9366b0000, 0x00007fc94a330000)
 tenured generation   total 6482288K, used 6414321K [0x00007fcdd9b50000, 0x00007fcf655ac000, 0x00007fd884600000)
   the space 6482288K,  98% used [0x00007fcdd9b50000, 0x00007fcf6134c798, 0x00007fcf6134c800, 0x00007fcf655ac000)
 Metaspace       used 24216K, capacity 24580K, committed 24832K, reserved 26624K
}
Event: 883.847 GC heap before
{Heap before GC invocations=1727 (full 4):
 def new generation   total 2917056K, used 2715510K [0x00007fc884600000, 0x00007fc94a330000, 0x00007fcdd9b50000)
  eden space 2592960K, 100% used [0x00007fc884600000, 0x00007fc922a30000, 0x00007fc922a30000)
  from space 324096K,  37% used [0x00007fc922a30000, 0x00007fc92a1dda50, 0x00007fc9366b0000)
  to   space 324096K,   0% used [0x00007fc9366b0000, 0x00007fc9366b0000, 0x00007fc94a330000)
 tenured generation   total 6482288K, used 6414321K [0x00007fcdd9b50000, 0x00007fcf655ac000, 0x00007fd884600000)
   the space 6482288K,  98% used [0x00007fcdd9b50000, 0x00007fcf6134c798, 0x00007fcf6134c800, 0x00007fcf655ac000)
 Metaspace       used 24216K, capacity 24580K, committed 24832K, reserved 26624K
}
Event: 883.919 GC heap after
{Heap after GC invocations=1728 (full 4):
 def new generation   total 2917056K, used 123987K [0x00007fc884600000, 0x00007fc94a330000, 0x00007fcdd9b50000)
  eden space 2592960K,   0% used [0x00007fc884600000, 0x00007fc884600000, 0x00007fc922a30000)
  from space 324096K,  38% used [0x00007fc9366b0000, 0x00007fc93dfc4d48, 0x00007fc94a330000)
  to   space 324096K,   0% used [0x00007fc922a30000, 0x00007fc922a30000, 0x00007fc9366b0000)
 tenured generation   total 6482288K, used 6421930K [0x00007fcdd9b50000, 0x00007fcf655ac000, 0x00007fd884600000)
   the space 6482288K,  99% used [0x00007fcdd9b50000, 0x00007fcf61aba868, 0x00007fcf61abaa00, 0x00007fcf655ac000)
 Metaspace       used 24216K, capacity 24580K, committed 24832K, reserved 26624K
}
Event: 884.961 GC heap before
{Heap before GC invocations=1728 (full 4):
 def new generation   total 2917056K, used 2716947K [0x00007fc884600000, 0x00007fc94a330000, 0x00007fcdd9b50000)
  eden space 2592960K, 100% used [0x00007fc884600000, 0x00007fc922a30000, 0x00007fc922a30000)
  from space 324096K,  38% used [0x00007fc9366b0000, 0x00007fc93dfc4d48, 0x00007fc94a330000)
  to   space 324096K,   0% used [0x00007fc922a30000, 0x00007fc922a30000, 0x00007fc9366b0000)
 tenured generation   total 6482288K, used 6421930K [0x00007fcdd9b50000, 0x00007fcf655ac000, 0x00007fd884600000)
   the space 6482288K,  99% used [0x00007fcdd9b50000, 0x00007fcf61aba868, 0x00007fcf61abaa00, 0x00007fcf655ac000)
 Metaspace       used 24216K, capacity 24580K, committed 24832K, reserved 26624K
}
Event: 885.048 GC heap after
{Heap after GC invocations=1729 (full 4):
 def new generation   total 2917056K, used 123280K [0x00007fc884600000, 0x00007fc94a330000, 0x00007fcdd9b50000)
  eden space 2592960K,   0% used [0x00007fc884600000, 0x00007fc884600000, 0x00007fc922a30000)
  from space 324096K,  38% used [0x00007fc922a30000, 0x00007fc92a294098, 0x00007fc9366b0000)
  to   space 324096K,   0% used [0x00007fc9366b0000, 0x00007fc9366b0000, 0x00007fc94a330000)
 tenured generation   total 6482288K, used 6430338K [0x00007fcdd9b50000, 0x00007fcf655ac000, 0x00007fd884600000)
   the space 6482288K,  99% used [0x00007fcdd9b50000, 0x00007fcf622f0b30, 0x00007fcf622f0c00, 0x00007fcf655ac000)
 Metaspace       used 24216K, capacity 24580K, committed 24832K, reserved 26624K
}
Event: 886.086 GC heap before
{Heap before GC invocations=1729 (full 4):
 def new generation   total 2917056K, used 2716240K [0x00007fc884600000, 0x00007fc94a330000, 0x00007fcdd9b50000)
  eden space 2592960K, 100% used [0x00007fc884600000, 0x00007fc922a30000, 0x00007fc922a30000)
  from space 324096K,  38% used [0x00007fc922a30000, 0x00007fc92a294098, 0x00007fc9366b0000)
  to   space 324096K,   0% used [0x00007fc9366b0000, 0x00007fc9366b0000, 0x00007fc94a330000)
 tenured generation   total 6482288K, used 6430338K [0x00007fcdd9b50000, 0x00007fcf655ac000, 0x00007fd884600000)
   the space 6482288K,  99% used [0x00007fcdd9b50000, 0x00007fcf622f0b30, 0x00007fcf622f0c00, 0x00007fcf655ac000)
 Metaspace       used 24216K, capacity 24580K, committed 24832K, reserved 26624K
}
Event: 886.158 GC heap after
{Heap after GC invocations=1730 (full 4):
 def new generation   total 2917056K, used 122886K [0x00007fc884600000, 0x00007fc94a330000, 0x00007fcdd9b50000)
  eden space 2592960K,   0% used [0x00007fc884600000, 0x00007fc884600000, 0x00007fc922a30000)
  from space 324096K,  37% used [0x00007fc9366b0000, 0x00007fc93deb18a0, 0x00007fc94a330000)
  to   space 324096K,   0% used [0x00007fc922a30000, 0x00007fc922a30000, 0x00007fc9366b0000)
 tenured generation   total 6482288K, used 6438558K [0x00007fcdd9b50000, 0x00007fcf655ac000, 0x00007fd884600000)
   the space 6482288K,  99% used [0x00007fcdd9b50000, 0x00007fcf62af7bf0, 0x00007fcf62af7c00, 0x00007fcf655ac000)
 Metaspace       used 24216K, capacity 24580K, committed 24832K, reserved 26624K
}
Event: 887.200 GC heap before
{Heap before GC invocations=1730 (full 4):
 def new generation   total 2917056K, used 2715846K [0x00007fc884600000, 0x00007fc94a330000, 0x00007fcdd9b50000)
  eden space 2592960K, 100% used [0x00007fc884600000, 0x00007fc922a30000, 0x00007fc922a30000)
  from space 324096K,  37% used [0x00007fc9366b0000, 0x00007fc93deb18a0, 0x00007fc94a330000)
  to   space 324096K,   0% used [0x00007fc922a30000, 0x00007fc922a30000, 0x00007fc9366b0000)
 tenured generation   total 6482288K, used 6438558K [0x00007fcdd9b50000, 0x00007fcf655ac000, 0x00007fd884600000)
   the space 6482288K,  99% used [0x00007fcdd9b50000, 0x00007fcf62af7bf0, 0x00007fcf62af7c00, 0x00007fcf655ac000)
 Metaspace       used 24216K, capacity 24580K, committed 24832K, reserved 26624K
}
Event: 887.268 GC heap after
{Heap after GC invocations=1731 (full 4):
 def new generation   total 2917056K, used 121487K [0x00007fc884600000, 0x00007fc94a330000, 0x00007fcdd9b50000)
  eden space 2592960K,   0% used [0x00007fc884600000, 0x00007fc884600000, 0x00007fc922a30000)
  from space 324096K,  37% used [0x00007fc922a30000, 0x00007fc92a0d3e08, 0x00007fc9366b0000)
  to   space 324096K,   0% used [0x00007fc9366b0000, 0x00007fc9366b0000, 0x00007fc94a330000)
 tenured generation   total 6482288K, used 6447672K [0x00007fcdd9b50000, 0x00007fcf655ac000, 0x00007fd884600000)
   the space 6482288K,  99% used [0x00007fcdd9b50000, 0x00007fcf633de2f8, 0x00007fcf633de400, 0x00007fcf655ac000)
 Metaspace       used 24216K, capacity 24580K, committed 24832K, reserved 26624K
}
Event: 888.325 GC heap before
{Heap before GC invocations=1731 (full 4):
 def new generation   total 2917056K, used 2714447K [0x00007fc884600000, 0x00007fc94a330000, 0x00007fcdd9b50000)
  eden space 2592960K, 100% used [0x00007fc884600000, 0x00007fc922a30000, 0x00007fc922a30000)
  from space 324096K,  37% used [0x00007fc922a30000, 0x00007fc92a0d3e08, 0x00007fc9366b0000)
  to   space 324096K,   0% used [0x00007fc9366b0000, 0x00007fc9366b0000, 0x00007fc94a330000)
 tenured generation   total 6482288K, used 6447672K [0x00007fcdd9b50000, 0x00007fcf655ac000, 0x00007fd884600000)
   the space 6482288K,  99% used [0x00007fcdd9b50000, 0x00007fcf633de2f8, 0x00007fcf633de400, 0x00007fcf655ac000)
 Metaspace       used 24216K, capacity 24580K, committed 24832K, reserved 26624K
}
Event: 888.397 GC heap after
{Heap after GC invocations=1732 (full 4):
 def new generation   total 2917056K, used 121914K [0x00007fc884600000, 0x00007fc94a330000, 0x00007fcdd9b50000)
  eden space 2592960K,   0% used [0x00007fc884600000, 0x00007fc884600000, 0x00007fc922a30000)
  from space 324096K,  37% used [0x00007fc9366b0000, 0x00007fc93ddbe8b0, 0x00007fc94a330000)
  to   space 324096K,   0% used [0x00007fc922a30000, 0x00007fc922a30000, 0x00007fc9366b0000)
 tenured generation   total 6482288K, used 6455893K [0x00007fcdd9b50000, 0x00007fcf655ac000, 0x00007fd884600000)
   the space 6482288K,  99% used [0x00007fcdd9b50000, 0x00007fcf63be5480, 0x00007fcf63be5600, 0x00007fcf655ac000)
 Metaspace       used 24216K, capacity 24580K, committed 24832K, reserved 26624K
}
Event: 889.420 GC heap before
{Heap before GC invocations=1732 (full 4):
 def new generation   total 2917056K, used 2714874K [0x00007fc884600000, 0x00007fc94a330000, 0x00007fcdd9b50000)
  eden space 2592960K, 100% used [0x00007fc884600000, 0x00007fc922a30000, 0x00007fc922a30000)
  from space 324096K,  37% used [0x00007fc9366b0000, 0x00007fc93ddbe8b0, 0x00007fc94a330000)
  to   space 324096K,   0% used [0x00007fc922a30000, 0x00007fc922a30000, 0x00007fc9366b0000)
 tenured generation   total 6482288K, used 6455893K [0x00007fcdd9b50000, 0x00007fcf655ac000, 0x00007fd884600000)
   the space 6482288K,  99% used [0x00007fcdd9b50000, 0x00007fcf63be5480, 0x00007fcf63be5600, 0x00007fcf655ac000)
 Metaspace       used 24216K, capacity 24580K, committed 24832K, reserved 26624K
}
Event: 889.488 GC heap after
{Heap after GC invocations=1733 (full 4):
 def new generation   total 2917056K, used 123359K [0x00007fc884600000, 0x00007fc94a330000, 0x00007fcdd9b50000)
  eden space 2592960K,   0% used [0x00007fc884600000, 0x00007fc884600000, 0x00007fc922a30000)
  from space 324096K,  38% used [0x00007fc922a30000, 0x00007fc92a2a7cd0, 0x00007fc9366b0000)
  to   space 324096K,   0% used [0x00007fc9366b0000, 0x00007fc9366b0000, 0x00007fc94a330000)
 tenured generation   total 6482288K, used 6463925K [0x00007fcdd9b50000, 0x00007fcf655ac000, 0x00007fd884600000)
   the space 6482288K,  99% used [0x00007fcdd9b50000, 0x00007fcf643bd640, 0x00007fcf643bd800, 0x00007fcf655ac000)
 Metaspace       used 24216K, capacity 24580K, committed 24832K, reserved 26624K
}
Event: 890.518 GC heap before
{Heap before GC invocations=1733 (full 4):
 def new generation   total 2917056K, used 2716319K [0x00007fc884600000, 0x00007fc94a330000, 0x00007fcdd9b50000)
  eden space 2592960K, 100% used [0x00007fc884600000, 0x00007fc922a30000, 0x00007fc922a30000)
  from space 324096K,  38% used [0x00007fc922a30000, 0x00007fc92a2a7cd0, 0x00007fc9366b0000)
  to   space 324096K,   0% used [0x00007fc9366b0000, 0x00007fc9366b0000, 0x00007fc94a330000)
 tenured generation   total 6482288K, used 6463925K [0x00007fcdd9b50000, 0x00007fcf655ac000, 0x00007fd884600000)
   the space 6482288K,  99% used [0x00007fcdd9b50000, 0x00007fcf643bd640, 0x00007fcf643bd800, 0x00007fcf655ac000)
 Metaspace       used 24216K, capacity 24580K, committed 24832K, reserved 26624K
}
Event: 890.591 GC heap after
{Heap after GC invocations=1734 (full 4):
 def new generation   total 2917056K, used 124335K [0x00007fc884600000, 0x00007fc94a330000, 0x00007fcdd9b50000)
  eden space 2592960K,   0% used [0x00007fc884600000, 0x00007fc884600000, 0x00007fc922a30000)
  from space 324096K,  38% used [0x00007fc9366b0000, 0x00007fc93e01bcd8, 0x00007fc94a330000)
  to   space 324096K,   0% used [0x00007fc922a30000, 0x00007fc922a30000, 0x00007fc9366b0000)
 tenured generation   total 6482288K, used 6471863K [0x00007fcdd9b50000, 0x00007fcf655ac000, 0x00007fd884600000)
   the space 6482288K,  99% used [0x00007fcdd9b50000, 0x00007fcf64b7de60, 0x00007fcf64b7e000, 0x00007fcf655ac000)
 Metaspace       used 24216K, capacity 24580K, committed 24832K, reserved 26624K
}
Event: 891.648 GC heap before
{Heap before GC invocations=1734 (full 4):
 def new generation   total 2917056K, used 2717295K [0x00007fc884600000, 0x00007fc94a330000, 0x00007fcdd9b50000)
  eden space 2592960K, 100% used [0x00007fc884600000, 0x00007fc922a30000, 0x00007fc922a30000)
  from space 324096K,  38% used [0x00007fc9366b0000, 0x00007fc93e01bcd8, 0x00007fc94a330000)
  to   space 324096K,   0% used [0x00007fc922a30000, 0x00007fc922a30000, 0x00007fc9366b0000)
 tenured generation   total 6482288K, used 6471863K [0x00007fcdd9b50000, 0x00007fcf655ac000, 0x00007fd884600000)
   the space 6482288K,  99% used [0x00007fcdd9b50000, 0x00007fcf64b7de60, 0x00007fcf64b7e000, 0x00007fcf655ac000)
 Metaspace       used 24216K, capacity 24580K, committed 24832K, reserved 26624K
}
Event: 891.720 GC heap after
{Heap after GC invocations=1735 (full 4):
 def new generation   total 2917056K, used 124942K [0x00007fc884600000, 0x00007fc94a330000, 0x00007fcdd9b50000)
  eden space 2592960K,   0% used [0x00007fc884600000, 0x00007fc884600000, 0x00007fc922a30000)
  from space 324096K,  38% used [0x00007fc922a30000, 0x00007fc92a4338f0, 0x00007fc9366b0000)
  to   space 324096K,   0% used [0x00007fc9366b0000, 0x00007fc9366b0000, 0x00007fc94a330000)
 tenured generation   total 6482288K, used 6479613K [0x00007fcdd9b50000, 0x00007fcf655ac000, 0x00007fd884600000)
   the space 6482288K,  99% used [0x00007fcdd9b50000, 0x00007fcf6530f6f0, 0x00007fcf6530f800, 0x00007fcf655ac000)
 Metaspace       used 24216K, capacity 24580K, committed 24832K, reserved 26624K
}
Event: 892.762 GC heap before
{Heap before GC invocations=1735 (full 4):
 def new generation   total 2917056K, used 2717902K [0x00007fc884600000, 0x00007fc94a330000, 0x00007fcdd9b50000)
  eden space 2592960K, 100% used [0x00007fc884600000, 0x00007fc922a30000, 0x00007fc922a30000)
  from space 324096K,  38% used [0x00007fc922a30000, 0x00007fc92a4338f0, 0x00007fc9366b0000)
  to   space 324096K,   0% used [0x00007fc9366b0000, 0x00007fc9366b0000, 0x00007fc94a330000)
 tenured generation   total 6482288K, used 6479613K [0x00007fcdd9b50000, 0x00007fcf655ac000, 0x00007fd884600000)
   the space 6482288K,  99% used [0x00007fcdd9b50000, 0x00007fcf6530f6f0, 0x00007fcf6530f800, 0x00007fcf655ac000)
 Metaspace       used 24216K, capacity 24580K, committed 24832K, reserved 26624K
}
Event: 892.855 GC heap after
{Heap after GC invocations=1736 (full 4):
 def new generation   total 2917056K, used 124076K [0x00007fc884600000, 0x00007fc94a330000, 0x00007fcdd9b50000)
  eden space 2592960K,   0% used [0x00007fc884600000, 0x00007fc884600000, 0x00007fc922a30000)
  from space 324096K,  38% used [0x00007fc9366b0000, 0x00007fc93dfdb160, 0x00007fc94a330000)
  to   space 324096K,   0% used [0x00007fc922a30000, 0x00007fc922a30000, 0x00007fc9366b0000)
 tenured generation   total 6488240K, used 6488068K [0x00007fcdd9b50000, 0x00007fcf65b7c000, 0x00007fd884600000)
   the space 6488240K,  99% used [0x00007fcdd9b50000, 0x00007fcf65b51008, 0x00007fcf65b51200, 0x00007fcf65b7c000)
 Metaspace       used 24216K, capacity 24580K, committed 24832K, reserved 26624K
}
Event: 892.855 GC heap before
{Heap before GC invocations=1736 (full 4):
 def new generation   total 2917056K, used 124076K [0x00007fc884600000, 0x00007fc94a330000, 0x00007fcdd9b50000)
  eden space 2592960K,   0% used [0x00007fc884600000, 0x00007fc884600000, 0x00007fc922a30000)
  from space 324096K,  38% used [0x00007fc9366b0000, 0x00007fc93dfdb160, 0x00007fc94a330000)
  to   space 324096K,   0% used [0x00007fc922a30000, 0x00007fc922a30000, 0x00007fc9366b0000)
 tenured generation   total 6488240K, used 6488068K [0x00007fcdd9b50000, 0x00007fcf65b7c000, 0x00007fd884600000)
   the space 6488240K,  99% used [0x00007fcdd9b50000, 0x00007fcf65b51008, 0x00007fcf65b51200, 0x00007fcf65b7c000)
 Metaspace       used 24216K, capacity 24580K, committed 24832K, reserved 26624K
}

