# JRE version: OpenJDK Runtime Environment (13.0.7+5) (build 13.0.7+5-Ubuntu-0ubuntu120.04)
# Java VM: OpenJDK 64-Bit Server VM (13.0.7+5-Ubuntu-0ubuntu120.04, mixed mode, tiered, serial gc, linux-amd64)
Heap:
 def new generation   total 1761152K, used 0K [0x00007fb268600000, 0x00007fb2dfcf0000, 0x00007fb7bdb50000)
  eden space 1565504K,   0% used [0x00007fb268600000, 0x00007fb268600000, 0x00007fb2c7ed0000)
  from space 195648K,   0% used [0x00007fb2c7ed0000, 0x00007fb2c7ed0000, 0x00007fb2d3de0000)
  to   space 195648K,   0% used [0x00007fb2d3de0000, 0x00007fb2d3de0000, 0x00007fb2dfcf0000)
 tenured generation   total 3913572K, used 1057947K [0x00007fb7bdb50000, 0x00007fb8ac929000, 0x00007fc268600000)
   the space 3913572K,  27% used [0x00007fb7bdb50000, 0x00007fb7fe476e30, 0x00007fb7fe477000, 0x00007fb8ac929000)
 Metaspace       used 23256K, capacity 23594K, committed 23808K, reserved 24576K
GC Heap History (20 events):
Event: 8.569 GC heap before
{Heap before GC invocations=4 (full 1):
 def new generation   total 629248K, used 1090K [0x00007fb268600000, 0x00007fb2930c0000, 0x00007fb7bdb50000)
  eden space 559360K,   0% used [0x00007fb268600000, 0x00007fb268600000, 0x00007fb28a840000)
  from space 69888K,   1% used [0x00007fb28ec80000, 0x00007fb28ed90838, 0x00007fb2930c0000)
  to   space 69888K,   0% used [0x00007fb28a840000, 0x00007fb28a840000, 0x00007fb28ec80000)
 tenured generation   total 1398144K, used 537859K [0x00007fb7bdb50000, 0x00007fb8130b0000, 0x00007fc268600000)
   the space 1398144K,  38% used [0x00007fb7bdb50000, 0x00007fb7de890df0, 0x00007fb7de890e00, 0x00007fb8130b0000)
 Metaspace       used 23256K, capacity 23594K, committed 23808K, reserved 24576K
}
Event: 8.612 GC heap after
{Heap after GC invocations=4 (full 2):
 def new generation   total 629248K, used 0K [0x00007fb268600000, 0x00007fb2930c0000, 0x00007fb7bdb50000)
  eden space 559360K,   0% used [0x00007fb268600000, 0x00007fb268600000, 0x00007fb28a840000)
  from space 69888K,   0% used [0x00007fb28ec80000, 0x00007fb28ec80000, 0x00007fb2930c0000)
  to   space 69888K,   0% used [0x00007fb28a840000, 0x00007fb28a840000, 0x00007fb28ec80000)
 tenured generation   total 1398144K, used 538940K [0x00007fb7bdb50000, 0x00007fb8130b0000, 0x00007fc268600000)
   the space 1398144K,  38% used [0x00007fb7bdb50000, 0x00007fb7de99f1d8, 0x00007fb7de99f200, 0x00007fb8130b0000)
 Metaspace       used 23256K, capacity 23594K, committed 23808K, reserved 24576K
}
Event: 12.073 GC heap before
{Heap before GC invocations=4 (full 2):
 def new generation   total 629248K, used 10913K [0x00007fb268600000, 0x00007fb2930c0000, 0x00007fb7bdb50000)
  eden space 559360K,   1% used [0x00007fb268600000, 0x00007fb2690a87e0, 0x00007fb28a840000)
  from space 69888K,   0% used [0x00007fb28ec80000, 0x00007fb28ec80000, 0x00007fb2930c0000)
  to   space 69888K,   0% used [0x00007fb28a840000, 0x00007fb28a840000, 0x00007fb28ec80000)
 tenured generation   total 3495300K, used 2636092K [0x00007fb7bdb50000, 0x00007fb8930b1000, 0x00007fc268600000)
   the space 3495300K,  75% used [0x00007fb7bdb50000, 0x00007fb85e99f1f0, 0x00007fb85e99f200, 0x00007fb8930b1000)
 Metaspace       used 23256K, capacity 23594K, committed 23808K, reserved 24576K
}
Event: 12.077 GC heap after
{Heap after GC invocations=5 (full 2):
 def new generation   total 629248K, used 0K [0x00007fb268600000, 0x00007fb2930c0000, 0x00007fb7bdb50000)
  eden space 559360K,   0% used [0x00007fb268600000, 0x00007fb268600000, 0x00007fb28a840000)
  from space 69888K,   0% used [0x00007fb28a840000, 0x00007fb28a840160, 0x00007fb28ec80000)
  to   space 69888K,   0% used [0x00007fb28ec80000, 0x00007fb28ec80000, 0x00007fb2930c0000)
 tenured generation   total 3495300K, used 2636092K [0x00007fb7bdb50000, 0x00007fb8930b1000, 0x00007fc268600000)
   the space 3495300K,  75% used [0x00007fb7bdb50000, 0x00007fb85e99f1f0, 0x00007fb85e99f200, 0x00007fb8930b1000)
 Metaspace       used 23256K, capacity 23594K, committed 23808K, reserved 24576K
}
Event: 12.077 GC heap before
{Heap before GC invocations=5 (full 2):
 def new generation   total 629248K, used 0K [0x00007fb268600000, 0x00007fb2930c0000, 0x00007fb7bdb50000)
  eden space 559360K,   0% used [0x00007fb268600000, 0x00007fb268600000, 0x00007fb28a840000)
  from space 69888K,   0% used [0x00007fb28a840000, 0x00007fb28a840160, 0x00007fb28ec80000)
  to   space 69888K,   0% used [0x00007fb28ec80000, 0x00007fb28ec80000, 0x00007fb2930c0000)
 tenured generation   total 3495300K, used 2636092K [0x00007fb7bdb50000, 0x00007fb8930b1000, 0x00007fc268600000)
   the space 3495300K,  75% used [0x00007fb7bdb50000, 0x00007fb85e99f1f0, 0x00007fb85e99f200, 0x00007fb8930b1000)
 Metaspace       used 23256K, capacity 23594K, committed 23808K, reserved 24576K
}
Event: 14.712 GC heap after
{Heap after GC invocations=5 (full 3):
 def new generation   total 1780480K, used 0K [0x00007fb268600000, 0x00007fb2e11f0000, 0x00007fb7bdb50000)
  eden space 1582656K,   0% used [0x00007fb268600000, 0x00007fb268600000, 0x00007fb2c8f90000)
  from space 197824K,   0% used [0x00007fb2c8f90000, 0x00007fb2c8f90000, 0x00007fb2d50c0000)
  to   space 197824K,   0% used [0x00007fb2d50c0000, 0x00007fb2d50c0000, 0x00007fb2e11f0000)
 tenured generation   total 3956580K, used 2373947K [0x00007fb7bdb50000, 0x00007fb8af329000, 0x00007fc268600000)
   the space 3956580K,  59% used [0x00007fb7bdb50000, 0x00007fb84e99ee88, 0x00007fb84e99f000, 0x00007fb8af329000)
 Metaspace       used 23256K, capacity 23594K, committed 23808K, reserved 24576K
}
Event: 17.064 GC heap before
{Heap before GC invocations=5 (full 3):
 def new generation   total 1780480K, used 1079455K [0x00007fb268600000, 0x00007fb2e11f0000, 0x00007fb7bdb50000)
  eden space 1582656K,  68% used [0x00007fb268600000, 0x00007fb2aa427ff8, 0x00007fb2c8f90000)
  from space 197824K,   0% used [0x00007fb2c8f90000, 0x00007fb2c8f90000, 0x00007fb2d50c0000)
  to   space 197824K,   0% used [0x00007fb2d50c0000, 0x00007fb2d50c0000, 0x00007fb2e11f0000)
 tenured generation   total 3956580K, used 2373947K [0x00007fb7bdb50000, 0x00007fb8af329000, 0x00007fc268600000)
   the space 3956580K,  59% used [0x00007fb7bdb50000, 0x00007fb84e99ee88, 0x00007fb84e99f000, 0x00007fb8af329000)
 Metaspace       used 23256K, capacity 23594K, committed 23808K, reserved 24576K
}
Event: 18.072 GC heap after
{Heap after GC invocations=6 (full 3):
 def new generation   total 1780480K, used 0K [0x00007fb268600000, 0x00007fb2e11f0000, 0x00007fb7bdb50000)
  eden space 1582656K,   0% used [0x00007fb268600000, 0x00007fb268600000, 0x00007fb2c8f90000)
  from space 197824K,   0% used [0x00007fb2d50c0000, 0x00007fb2d50c0258, 0x00007fb2e11f0000)
  to   space 197824K,   0% used [0x00007fb2c8f90000, 0x00007fb2c8f90000, 0x00007fb2d50c0000)
 tenured generation   total 3956580K, used 3422523K [0x00007fb7bdb50000, 0x00007fb8af329000, 0x00007fc268600000)
   the space 3956580K,  86% used [0x00007fb7bdb50000, 0x00007fb88e99eea0, 0x00007fb88e99f000, 0x00007fb8af329000)
 Metaspace       used 23256K, capacity 23594K, committed 23808K, reserved 24576K
}
Event: 19.771 GC heap before
{Heap before GC invocations=6 (full 3):
 def new generation   total 1780480K, used 1079410K [0x00007fb268600000, 0x00007fb2e11f0000, 0x00007fb7bdb50000)
  eden space 1582656K,  68% used [0x00007fb268600000, 0x00007fb2aa41c6d8, 0x00007fb2c8f90000)
  from space 197824K,   0% used [0x00007fb2d50c0000, 0x00007fb2d50c0258, 0x00007fb2e11f0000)
  to   space 197824K,   0% used [0x00007fb2c8f90000, 0x00007fb2c8f90000, 0x00007fb2d50c0000)
 tenured generation   total 3956580K, used 3422523K [0x00007fb7bdb50000, 0x00007fb8af329000, 0x00007fc268600000)
   the space 3956580K,  86% used [0x00007fb7bdb50000, 0x00007fb88e99eea0, 0x00007fb88e99f000, 0x00007fb8af329000)
 Metaspace       used 23256K, capacity 23594K, committed 23808K, reserved 24576K
}
Event: 20.930 GC heap after
{Heap after GC invocations=7 (full 3):
 def new generation   total 1780480K, used 1K [0x00007fb268600000, 0x00007fb2e11f0000, 0x00007fb7bdb50000)
  eden space 1582656K,   0% used [0x00007fb268600000, 0x00007fb268600000, 0x00007fb2c8f90000)
  from space 197824K,   0% used [0x00007fb2c8f90000, 0x00007fb2c8f90520, 0x00007fb2d50c0000)
  to   space 197824K,   0% used [0x00007fb2d50c0000, 0x00007fb2d50c0000, 0x00007fb2e11f0000)
 tenured generation   total 4480872K, used 4471099K [0x00007fb7bdb50000, 0x00007fb8cf32a000, 0x00007fc268600000)
   the space 4480872K,  99% used [0x00007fb7bdb50000, 0x00007fb8ce99eed0, 0x00007fb8ce99f000, 0x00007fb8cf32a000)
 Metaspace       used 23256K, capacity 23594K, committed 23808K, reserved 24576K
}
Event: 20.930 GC heap before
{Heap before GC invocations=7 (full 3):
 def new generation   total 1780480K, used 1K [0x00007fb268600000, 0x00007fb2e11f0000, 0x00007fb7bdb50000)
  eden space 1582656K,   0% used [0x00007fb268600000, 0x00007fb268600000, 0x00007fb2c8f90000)
  from space 197824K,   0% used [0x00007fb2c8f90000, 0x00007fb2c8f90520, 0x00007fb2d50c0000)
  to   space 197824K,   0% used [0x00007fb2d50c0000, 0x00007fb2d50c0000, 0x00007fb2e11f0000)
 tenured generation   total 4480872K, used 4471099K [0x00007fb7bdb50000, 0x00007fb8cf32a000, 0x00007fc268600000)
   the space 4480872K,  99% used [0x00007fb7bdb50000, 0x00007fb8ce99eed0, 0x00007fb8ce99f000, 0x00007fb8cf32a000)
 Metaspace       used 23256K, capacity 23594K, committed 23808K, reserved 24576K
}
Event: 21.610 GC heap after
{Heap after GC invocations=7 (full 4):
 def new generation   total 1780480K, used 0K [0x00007fb268600000, 0x00007fb2e11f0000, 0x00007fb7bdb50000)
  eden space 1582656K,   0% used [0x00007fb268600000, 0x00007fb268600000, 0x00007fb2c8f90000)
  from space 197824K,   0% used [0x00007fb2c8f90000, 0x00007fb2c8f90000, 0x00007fb2d50c0000)
  to   space 197824K,   0% used [0x00007fb2d50c0000, 0x00007fb2d50c0000, 0x00007fb2e11f0000)
 tenured generation   total 3956580K, used 1057887K [0x00007fb7bdb50000, 0x00007fb8af329000, 0x00007fc268600000)
   the space 3956580K,  26% used [0x00007fb7bdb50000, 0x00007fb7fe467e70, 0x00007fb7fe468000, 0x00007fb8af329000)
 Metaspace       used 23256K, capacity 23594K, committed 23808K, reserved 24576K
}
Event: 22.924 GC heap before
{Heap before GC invocations=7 (full 4):
 def new generation   total 1780480K, used 686164K [0x00007fb268600000, 0x00007fb2e11f0000, 0x00007fb7bdb50000)
  eden space 1582656K,  43% used [0x00007fb268600000, 0x00007fb292415068, 0x00007fb2c8f90000)
  from space 197824K,   0% used [0x00007fb2c8f90000, 0x00007fb2c8f90000, 0x00007fb2d50c0000)
  to   space 197824K,   0% used [0x00007fb2d50c0000, 0x00007fb2d50c0000, 0x00007fb2e11f0000)
 tenured generation   total 3956580K, used 1057887K [0x00007fb7bdb50000, 0x00007fb8af329000, 0x00007fc268600000)
   the space 3956580K,  26% used [0x00007fb7bdb50000, 0x00007fb7fe467e70, 0x00007fb7fe468000, 0x00007fb8af329000)
 Metaspace       used 23256K, capacity 23594K, committed 23808K, reserved 24576K
}
Event: 23.075 GC heap after
{Heap after GC invocations=8 (full 4):
 def new generation   total 1780480K, used 133319K [0x00007fb268600000, 0x00007fb2e11f0000, 0x00007fb7bdb50000)
  eden space 1582656K,   0% used [0x00007fb268600000, 0x00007fb268600000, 0x00007fb2c8f90000)
  from space 197824K,  67% used [0x00007fb2d50c0000, 0x00007fb2dd2f1f10, 0x00007fb2e11f0000)
  to   space 197824K,   0% used [0x00007fb2c8f90000, 0x00007fb2c8f90000, 0x00007fb2d50c0000)
 tenured generation   total 3956580K, used 1057887K [0x00007fb7bdb50000, 0x00007fb8af329000, 0x00007fc268600000)
   the space 3956580K,  26% used [0x00007fb7bdb50000, 0x00007fb7fe467e70, 0x00007fb7fe468000, 0x00007fb8af329000)
 Metaspace       used 23256K, capacity 23594K, committed 23808K, reserved 24576K
}
Event: 24.631 GC heap before
{Heap before GC invocations=8 (full 4):
 def new generation   total 1780480K, used 1212699K [0x00007fb268600000, 0x00007fb2e11f0000, 0x00007fb7bdb50000)
  eden space 1582656K,  68% used [0x00007fb268600000, 0x00007fb2aa415038, 0x00007fb2c8f90000)
  from space 197824K,  67% used [0x00007fb2d50c0000, 0x00007fb2dd2f1f10, 0x00007fb2e11f0000)
  to   space 197824K,   0% used [0x00007fb2c8f90000, 0x00007fb2c8f90000, 0x00007fb2d50c0000)
 tenured generation   total 3956580K, used 1057887K [0x00007fb7bdb50000, 0x00007fb8af329000, 0x00007fc268600000)
   the space 3956580K,  26% used [0x00007fb7bdb50000, 0x00007fb7fe467e70, 0x00007fb7fe468000, 0x00007fb8af329000)
 Metaspace       used 23256K, capacity 23594K, committed 23808K, reserved 24576K
}
Event: 25.295 GC heap after
{Heap after GC invocations=9 (full 4):
 def new generation   total 1780480K, used 0K [0x00007fb268600000, 0x00007fb2e11f0000, 0x00007fb7bdb50000)
  eden space 1582656K,   0% used [0x00007fb268600000, 0x00007fb268600000, 0x00007fb2c8f90000)
  from space 197824K,   0% used [0x00007fb2c8f90000, 0x00007fb2c8f90160, 0x00007fb2d50c0000)
  to   space 197824K,   0% used [0x00007fb2d50c0000, 0x00007fb2d50c0000, 0x00007fb2e11f0000)
 tenured generation   total 3956580K, used 2174246K [0x00007fb7bdb50000, 0x00007fb8af329000, 0x00007fc268600000)
   the space 3956580K,  54% used [0x00007fb7bdb50000, 0x00007fb842699bc0, 0x00007fb842699c00, 0x00007fb8af329000)
 Metaspace       used 23256K, capacity 23594K, committed 23808K, reserved 24576K
}
Event: 26.907 GC heap before
{Heap before GC invocations=9 (full 4):
 def new generation   total 1780480K, used 1079432K [0x00007fb268600000, 0x00007fb2e11f0000, 0x00007fb7bdb50000)
  eden space 1582656K,  68% used [0x00007fb268600000, 0x00007fb2aa4220e0, 0x00007fb2c8f90000)
  from space 197824K,   0% used [0x00007fb2c8f90000, 0x00007fb2c8f90160, 0x00007fb2d50c0000)
  to   space 197824K,   0% used [0x00007fb2d50c0000, 0x00007fb2d50c0000, 0x00007fb2e11f0000)
 tenured generation   total 3956580K, used 2174246K [0x00007fb7bdb50000, 0x00007fb8af329000, 0x00007fc268600000)
   the space 3956580K,  54% used [0x00007fb7bdb50000, 0x00007fb842699bc0, 0x00007fb842699c00, 0x00007fb8af329000)
 Metaspace       used 23256K, capacity 23594K, committed 23808K, reserved 24576K
}
Event: 27.452 GC heap after
{Heap after GC invocations=10 (full 4):
 def new generation   total 1780480K, used 1K [0x00007fb268600000, 0x00007fb2e11f0000, 0x00007fb7bdb50000)
  eden space 1582656K,   0% used [0x00007fb268600000, 0x00007fb268600000, 0x00007fb2c8f90000)
  from space 197824K,   0% used [0x00007fb2d50c0000, 0x00007fb2d50c0630, 0x00007fb2e11f0000)
  to   space 197824K,   0% used [0x00007fb2c8f90000, 0x00007fb2c8f90000, 0x00007fb2d50c0000)
 tenured generation   total 3956580K, used 3222822K [0x00007fb7bdb50000, 0x00007fb8af329000, 0x00007fc268600000)
   the space 3956580K,  81% used [0x00007fb7bdb50000, 0x00007fb882699bf0, 0x00007fb882699c00, 0x00007fb8af329000)
 Metaspace       used 23256K, capacity 23594K, committed 23808K, reserved 24576K
}
Event: 27.452 GC heap before
{Heap before GC invocations=10 (full 4):
 def new generation   total 1780480K, used 1K [0x00007fb268600000, 0x00007fb2e11f0000, 0x00007fb7bdb50000)
  eden space 1582656K,   0% used [0x00007fb268600000, 0x00007fb268600000, 0x00007fb2c8f90000)
  from space 197824K,   0% used [0x00007fb2d50c0000, 0x00007fb2d50c0630, 0x00007fb2e11f0000)
  to   space 197824K,   0% used [0x00007fb2c8f90000, 0x00007fb2c8f90000, 0x00007fb2d50c0000)
 tenured generation   total 3956580K, used 3222822K [0x00007fb7bdb50000, 0x00007fb8af329000, 0x00007fc268600000)
   the space 3956580K,  81% used [0x00007fb7bdb50000, 0x00007fb882699bf0, 0x00007fb882699c00, 0x00007fb8af329000)
 Metaspace       used 23256K, capacity 23594K, committed 23808K, reserved 24576K
}
Event: 28.012 GC heap after
{Heap after GC invocations=10 (full 5):
 def new generation   total 1761152K, used 0K [0x00007fb268600000, 0x00007fb2dfcf0000, 0x00007fb7bdb50000)
  eden space 1565504K,   0% used [0x00007fb268600000, 0x00007fb268600000, 0x00007fb2c7ed0000)
  from space 195648K,   0% used [0x00007fb2c7ed0000, 0x00007fb2c7ed0000, 0x00007fb2d3de0000)
  to   space 195648K,   0% used [0x00007fb2d3de0000, 0x00007fb2d3de0000, 0x00007fb2dfcf0000)
 tenured generation   total 3913572K, used 1057947K [0x00007fb7bdb50000, 0x00007fb8ac929000, 0x00007fc268600000)
   the space 3913572K,  27% used [0x00007fb7bdb50000, 0x00007fb7fe476e30, 0x00007fb7fe477000, 0x00007fb8ac929000)
 Metaspace       used 23256K, capacity 23594K, committed 23808K, reserved 24576K
}

