# JRE version: OpenJDK Runtime Environment (13.0.7+5) (build 13.0.7+5-Ubuntu-0ubuntu120.04)
# Java VM: OpenJDK 64-Bit Server VM (13.0.7+5-Ubuntu-0ubuntu120.04, mixed mode, tiered, serial gc, linux-amd64)
Heap:
 def new generation   total 1748160K, used 112205K [0x00007f38ac600000, 0x00007f3922ee0000, 0x00007f3e01b50000)
  eden space 1553920K,   7% used [0x00007f38ac600000, 0x00007f38b33935c8, 0x00007f390b380000)
  from space 194240K,   0% used [0x00007f3917130000, 0x00007f3917130000, 0x00007f3922ee0000)
  to   space 194240K,   0% used [0x00007f390b380000, 0x00007f390b380000, 0x00007f3917130000)
 tenured generation   total 3898540K, used 3898540K [0x00007f3e01b50000, 0x00007f3eefa7b000, 0x00007f48ac600000)
   the space 3898540K, 100% used [0x00007f3e01b50000, 0x00007f3eefa7b000, 0x00007f3eefa7b000, 0x00007f3eefa7b000)
 Metaspace       used 30349K, capacity 30771K, committed 30976K, reserved 32768K
GC Heap History (20 events):
Event: 92.624 GC heap after
{Heap after GC invocations=132 (full 17):
 def new generation   total 1748160K, used 157986K [0x00007f38ac600000, 0x00007f3922ee0000, 0x00007f3e01b50000)
  eden space 1553920K,   0% used [0x00007f38ac600000, 0x00007f38ac600000, 0x00007f390b380000)
  from space 194240K,  81% used [0x00007f390b380000, 0x00007f3914dc8988, 0x00007f3917130000)
  to   space 194240K,   0% used [0x00007f3917130000, 0x00007f3917130000, 0x00007f3922ee0000)
 tenured generation   total 3884716K, used 2750364K [0x00007f3e01b50000, 0x00007f3eeecfb000, 0x00007f48ac600000)
   the space 3884716K,  70% used [0x00007f3e01b50000, 0x00007f3ea9937350, 0x00007f3ea9937400, 0x00007f3eeecfb000)
 Metaspace       used 30349K, capacity 30771K, committed 30976K, reserved 32768K
}
Event: 93.137 GC heap before
{Heap before GC invocations=132 (full 17):
 def new generation   total 1748160K, used 1711906K [0x00007f38ac600000, 0x00007f3922ee0000, 0x00007f3e01b50000)
  eden space 1553920K, 100% used [0x00007f38ac600000, 0x00007f390b380000, 0x00007f390b380000)
  from space 194240K,  81% used [0x00007f390b380000, 0x00007f3914dc8988, 0x00007f3917130000)
  to   space 194240K,   0% used [0x00007f3917130000, 0x00007f3917130000, 0x00007f3922ee0000)
 tenured generation   total 3884716K, used 2750364K [0x00007f3e01b50000, 0x00007f3eeecfb000, 0x00007f48ac600000)
   the space 3884716K,  70% used [0x00007f3e01b50000, 0x00007f3ea9937350, 0x00007f3ea9937400, 0x00007f3eeecfb000)
 Metaspace       used 30349K, capacity 30771K, committed 30976K, reserved 32768K
}
Event: 93.684 GC heap after
{Heap after GC invocations=133 (full 17):
 def new generation   total 1748160K, used 113020K [0x00007f38ac600000, 0x00007f3922ee0000, 0x00007f3e01b50000)
  eden space 1553920K,   0% used [0x00007f38ac600000, 0x00007f38ac600000, 0x00007f390b380000)
  from space 194240K,  58% used [0x00007f3917130000, 0x00007f391df8f328, 0x00007f3922ee0000)
  to   space 194240K,   0% used [0x00007f390b380000, 0x00007f390b380000, 0x00007f3917130000)
 tenured generation   total 3884716K, used 2908350K [0x00007f3e01b50000, 0x00007f3eeecfb000, 0x00007f48ac600000)
   the space 3884716K,  74% used [0x00007f3e01b50000, 0x00007f3eb337fbd8, 0x00007f3eb337fc00, 0x00007f3eeecfb000)
 Metaspace       used 30349K, capacity 30771K, committed 30976K, reserved 32768K
}
Event: 94.167 GC heap before
{Heap before GC invocations=133 (full 17):
 def new generation   total 1748160K, used 1666940K [0x00007f38ac600000, 0x00007f3922ee0000, 0x00007f3e01b50000)
  eden space 1553920K, 100% used [0x00007f38ac600000, 0x00007f390b380000, 0x00007f390b380000)
  from space 194240K,  58% used [0x00007f3917130000, 0x00007f391df8f328, 0x00007f3922ee0000)
  to   space 194240K,   0% used [0x00007f390b380000, 0x00007f390b380000, 0x00007f3917130000)
 tenured generation   total 3884716K, used 2908350K [0x00007f3e01b50000, 0x00007f3eeecfb000, 0x00007f48ac600000)
   the space 3884716K,  74% used [0x00007f3e01b50000, 0x00007f3eb337fbd8, 0x00007f3eb337fc00, 0x00007f3eeecfb000)
 Metaspace       used 30349K, capacity 30771K, committed 30976K, reserved 32768K
}
Event: 94.681 GC heap after
{Heap after GC invocations=134 (full 17):
 def new generation   total 1748160K, used 134326K [0x00007f38ac600000, 0x00007f3922ee0000, 0x00007f3e01b50000)
  eden space 1553920K,   0% used [0x00007f38ac600000, 0x00007f38ac600000, 0x00007f390b380000)
  from space 194240K,  69% used [0x00007f390b380000, 0x00007f39136ad808, 0x00007f3917130000)
  to   space 194240K,   0% used [0x00007f3917130000, 0x00007f3917130000, 0x00007f3922ee0000)
 tenured generation   total 3884716K, used 3021371K [0x00007f3e01b50000, 0x00007f3eeecfb000, 0x00007f48ac600000)
   the space 3884716K,  77% used [0x00007f3e01b50000, 0x00007f3eba1ded40, 0x00007f3eba1dee00, 0x00007f3eeecfb000)
 Metaspace       used 30349K, capacity 30771K, committed 30976K, reserved 32768K
}
Event: 95.125 GC heap before
{Heap before GC invocations=134 (full 17):
 def new generation   total 1748160K, used 1688246K [0x00007f38ac600000, 0x00007f3922ee0000, 0x00007f3e01b50000)
  eden space 1553920K, 100% used [0x00007f38ac600000, 0x00007f390b380000, 0x00007f390b380000)
  from space 194240K,  69% used [0x00007f390b380000, 0x00007f39136ad808, 0x00007f3917130000)
  to   space 194240K,   0% used [0x00007f3917130000, 0x00007f3917130000, 0x00007f3922ee0000)
 tenured generation   total 3884716K, used 3021371K [0x00007f3e01b50000, 0x00007f3eeecfb000, 0x00007f48ac600000)
   the space 3884716K,  77% used [0x00007f3e01b50000, 0x00007f3eba1ded40, 0x00007f3eba1dee00, 0x00007f3eeecfb000)
 Metaspace       used 30349K, capacity 30771K, committed 30976K, reserved 32768K
}
Event: 95.575 GC heap after
{Heap after GC invocations=135 (full 17):
 def new generation   total 1748160K, used 122598K [0x00007f38ac600000, 0x00007f3922ee0000, 0x00007f3e01b50000)
  eden space 1553920K,   0% used [0x00007f38ac600000, 0x00007f38ac600000, 0x00007f390b380000)
  from space 194240K,  63% used [0x00007f3917130000, 0x00007f391e8e9890, 0x00007f3922ee0000)
  to   space 194240K,   0% used [0x00007f390b380000, 0x00007f390b380000, 0x00007f3917130000)
 tenured generation   total 3884716K, used 3155696K [0x00007f3e01b50000, 0x00007f3eeecfb000, 0x00007f48ac600000)
   the space 3884716K,  81% used [0x00007f3e01b50000, 0x00007f3ec250c388, 0x00007f3ec250c400, 0x00007f3eeecfb000)
 Metaspace       used 30349K, capacity 30771K, committed 30976K, reserved 32768K
}
Event: 96.010 GC heap before
{Heap before GC invocations=135 (full 17):
 def new generation   total 1748160K, used 1676518K [0x00007f38ac600000, 0x00007f3922ee0000, 0x00007f3e01b50000)
  eden space 1553920K, 100% used [0x00007f38ac600000, 0x00007f390b380000, 0x00007f390b380000)
  from space 194240K,  63% used [0x00007f3917130000, 0x00007f391e8e9890, 0x00007f3922ee0000)
  to   space 194240K,   0% used [0x00007f390b380000, 0x00007f390b380000, 0x00007f3917130000)
 tenured generation   total 3884716K, used 3155696K [0x00007f3e01b50000, 0x00007f3eeecfb000, 0x00007f48ac600000)
   the space 3884716K,  81% used [0x00007f3e01b50000, 0x00007f3ec250c388, 0x00007f3ec250c400, 0x00007f3eeecfb000)
 Metaspace       used 30349K, capacity 30771K, committed 30976K, reserved 32768K
}
Event: 96.450 GC heap after
{Heap after GC invocations=136 (full 17):
 def new generation   total 1748160K, used 111080K [0x00007f38ac600000, 0x00007f3922ee0000, 0x00007f3e01b50000)
  eden space 1553920K,   0% used [0x00007f38ac600000, 0x00007f38ac600000, 0x00007f390b380000)
  from space 194240K,  57% used [0x00007f390b380000, 0x00007f3911ffa088, 0x00007f3917130000)
  to   space 194240K,   0% used [0x00007f3917130000, 0x00007f3917130000, 0x00007f3922ee0000)
 tenured generation   total 3884716K, used 3278293K [0x00007f3e01b50000, 0x00007f3eeecfb000, 0x00007f48ac600000)
   the space 3884716K,  84% used [0x00007f3e01b50000, 0x00007f3ec9cc56b8, 0x00007f3ec9cc5800, 0x00007f3eeecfb000)
 Metaspace       used 30349K, capacity 30771K, committed 30976K, reserved 32768K
}
Event: 96.847 GC heap before
{Heap before GC invocations=136 (full 17):
 def new generation   total 1748160K, used 1665000K [0x00007f38ac600000, 0x00007f3922ee0000, 0x00007f3e01b50000)
  eden space 1553920K, 100% used [0x00007f38ac600000, 0x00007f390b380000, 0x00007f390b380000)
  from space 194240K,  57% used [0x00007f390b380000, 0x00007f3911ffa088, 0x00007f3917130000)
  to   space 194240K,   0% used [0x00007f3917130000, 0x00007f3917130000, 0x00007f3922ee0000)
 tenured generation   total 3884716K, used 3278293K [0x00007f3e01b50000, 0x00007f3eeecfb000, 0x00007f48ac600000)
   the space 3884716K,  84% used [0x00007f3e01b50000, 0x00007f3ec9cc56b8, 0x00007f3ec9cc5800, 0x00007f3eeecfb000)
 Metaspace       used 30349K, capacity 30771K, committed 30976K, reserved 32768K
}
Event: 97.360 GC heap after
{Heap after GC invocations=137 (full 17):
 def new generation   total 1748160K, used 147804K [0x00007f38ac600000, 0x00007f3922ee0000, 0x00007f3e01b50000)
  eden space 1553920K,   0% used [0x00007f38ac600000, 0x00007f38ac600000, 0x00007f390b380000)
  from space 194240K,  76% used [0x00007f3917130000, 0x00007f3920187150, 0x00007f3922ee0000)
  to   space 194240K,   0% used [0x00007f390b380000, 0x00007f390b380000, 0x00007f3917130000)
 tenured generation   total 3884716K, used 3389372K [0x00007f3e01b50000, 0x00007f3eeecfb000, 0x00007f48ac600000)
   the space 3884716K,  87% used [0x00007f3e01b50000, 0x00007f3ed093f340, 0x00007f3ed093f400, 0x00007f3eeecfb000)
 Metaspace       used 30349K, capacity 30771K, committed 30976K, reserved 32768K
}
Event: 97.807 GC heap before
{Heap before GC invocations=137 (full 17):
 def new generation   total 1748160K, used 1701724K [0x00007f38ac600000, 0x00007f3922ee0000, 0x00007f3e01b50000)
  eden space 1553920K, 100% used [0x00007f38ac600000, 0x00007f390b380000, 0x00007f390b380000)
  from space 194240K,  76% used [0x00007f3917130000, 0x00007f3920187150, 0x00007f3922ee0000)
  to   space 194240K,   0% used [0x00007f390b380000, 0x00007f390b380000, 0x00007f3917130000)
 tenured generation   total 3884716K, used 3389372K [0x00007f3e01b50000, 0x00007f3eeecfb000, 0x00007f48ac600000)
   the space 3884716K,  87% used [0x00007f3e01b50000, 0x00007f3ed093f340, 0x00007f3ed093f400, 0x00007f3eeecfb000)
 Metaspace       used 30349K, capacity 30771K, committed 30976K, reserved 32768K
}
Event: 98.256 GC heap after
{Heap after GC invocations=138 (full 17):
 def new generation   total 1748160K, used 107040K [0x00007f38ac600000, 0x00007f3922ee0000, 0x00007f3e01b50000)
  eden space 1553920K,   0% used [0x00007f38ac600000, 0x00007f38ac600000, 0x00007f390b380000)
  from space 194240K,  55% used [0x00007f390b380000, 0x00007f3911c08148, 0x00007f3917130000)
  to   space 194240K,   0% used [0x00007f3917130000, 0x00007f3917130000, 0x00007f3922ee0000)
 tenured generation   total 3884716K, used 3537176K [0x00007f3e01b50000, 0x00007f3eeecfb000, 0x00007f48ac600000)
   the space 3884716K,  91% used [0x00007f3e01b50000, 0x00007f3ed99960f0, 0x00007f3ed9996200, 0x00007f3eeecfb000)
 Metaspace       used 30349K, capacity 30771K, committed 30976K, reserved 32768K
}
Event: 98.648 GC heap before
{Heap before GC invocations=138 (full 17):
 def new generation   total 1748160K, used 1660960K [0x00007f38ac600000, 0x00007f3922ee0000, 0x00007f3e01b50000)
  eden space 1553920K, 100% used [0x00007f38ac600000, 0x00007f390b380000, 0x00007f390b380000)
  from space 194240K,  55% used [0x00007f390b380000, 0x00007f3911c08148, 0x00007f3917130000)
  to   space 194240K,   0% used [0x00007f3917130000, 0x00007f3917130000, 0x00007f3922ee0000)
 tenured generation   total 3884716K, used 3537176K [0x00007f3e01b50000, 0x00007f3eeecfb000, 0x00007f48ac600000)
   the space 3884716K,  91% used [0x00007f3e01b50000, 0x00007f3ed99960f0, 0x00007f3ed9996200, 0x00007f3eeecfb000)
 Metaspace       used 30349K, capacity 30771K, committed 30976K, reserved 32768K
}
Event: 99.077 GC heap after
{Heap after GC invocations=139 (full 17):
 def new generation   total 1748160K, used 104038K [0x00007f38ac600000, 0x00007f3922ee0000, 0x00007f3e01b50000)
  eden space 1553920K,   0% used [0x00007f38ac600000, 0x00007f38ac600000, 0x00007f390b380000)
  from space 194240K,  53% used [0x00007f3917130000, 0x00007f391d6c9918, 0x00007f3922ee0000)
  to   space 194240K,   0% used [0x00007f390b380000, 0x00007f390b380000, 0x00007f3917130000)
 tenured generation   total 3884716K, used 3644216K [0x00007f3e01b50000, 0x00007f3eeecfb000, 0x00007f48ac600000)
   the space 3884716K,  93% used [0x00007f3e01b50000, 0x00007f3ee021e158, 0x00007f3ee021e200, 0x00007f3eeecfb000)
 Metaspace       used 30349K, capacity 30771K, committed 30976K, reserved 32768K
}
Event: 99.573 GC heap before
{Heap before GC invocations=139 (full 17):
 def new generation   total 1748160K, used 1657958K [0x00007f38ac600000, 0x00007f3922ee0000, 0x00007f3e01b50000)
  eden space 1553920K, 100% used [0x00007f38ac600000, 0x00007f390b380000, 0x00007f390b380000)
  from space 194240K,  53% used [0x00007f3917130000, 0x00007f391d6c9918, 0x00007f3922ee0000)
  to   space 194240K,   0% used [0x00007f390b380000, 0x00007f390b380000, 0x00007f3917130000)
 tenured generation   total 3884716K, used 3644216K [0x00007f3e01b50000, 0x00007f3eeecfb000, 0x00007f48ac600000)
   the space 3884716K,  93% used [0x00007f3e01b50000, 0x00007f3ee021e158, 0x00007f3ee021e200, 0x00007f3eeecfb000)
 Metaspace       used 30349K, capacity 30771K, committed 30976K, reserved 32768K
}
Event: 100.116 GC heap after
{Heap after GC invocations=140 (full 17):
 def new generation   total 1748160K, used 150110K [0x00007f38ac600000, 0x00007f3922ee0000, 0x00007f3e01b50000)
  eden space 1553920K,   0% used [0x00007f38ac600000, 0x00007f38ac600000, 0x00007f390b380000)
  from space 194240K,  77% used [0x00007f390b380000, 0x00007f3914617b28, 0x00007f3917130000)
  to   space 194240K,   0% used [0x00007f3917130000, 0x00007f3917130000, 0x00007f3922ee0000)
 tenured generation   total 3884716K, used 3748254K [0x00007f3e01b50000, 0x00007f3eeecfb000, 0x00007f48ac600000)
   the space 3884716K,  96% used [0x00007f3e01b50000, 0x00007f3ee67b7860, 0x00007f3ee67b7a00, 0x00007f3eeecfb000)
 Metaspace       used 30349K, capacity 30771K, committed 30976K, reserved 32768K
}
Event: 100.561 GC heap before
{Heap before GC invocations=140 (full 17):
 def new generation   total 1748160K, used 1704030K [0x00007f38ac600000, 0x00007f3922ee0000, 0x00007f3e01b50000)
  eden space 1553920K, 100% used [0x00007f38ac600000, 0x00007f390b380000, 0x00007f390b380000)
  from space 194240K,  77% used [0x00007f390b380000, 0x00007f3914617b28, 0x00007f3917130000)
  to   space 194240K,   0% used [0x00007f3917130000, 0x00007f3917130000, 0x00007f3922ee0000)
 tenured generation   total 3884716K, used 3748254K [0x00007f3e01b50000, 0x00007f3eeecfb000, 0x00007f48ac600000)
   the space 3884716K,  96% used [0x00007f3e01b50000, 0x00007f3ee67b7860, 0x00007f3ee67b7a00, 0x00007f3eeecfb000)
 Metaspace       used 30349K, capacity 30771K, committed 30976K, reserved 32768K
}
Event: 101.090 GC heap after
{Heap after GC invocations=141 (full 17):
 def new generation   total 1748160K, used 112380K [0x00007f38ac600000, 0x00007f3922ee0000, 0x00007f3e01b50000)
  eden space 1553920K,   0% used [0x00007f38ac600000, 0x00007f38ac600000, 0x00007f390b380000)
  from space 194240K,  57% used [0x00007f3917130000, 0x00007f391deef2b0, 0x00007f3922ee0000)
  to   space 194240K,   0% used [0x00007f390b380000, 0x00007f390b380000, 0x00007f3917130000)
 tenured generation   total 3898540K, used 3898364K [0x00007f3e01b50000, 0x00007f3eefa7b000, 0x00007f48ac600000)
   the space 3898540K,  99% used [0x00007f3e01b50000, 0x00007f3eefa4f318, 0x00007f3eefa4f400, 0x00007f3eefa7b000)
 Metaspace       used 30349K, capacity 30771K, committed 30976K, reserved 32768K
}
Event: 101.090 GC heap before
{Heap before GC invocations=141 (full 17):
 def new generation   total 1748160K, used 112380K [0x00007f38ac600000, 0x00007f3922ee0000, 0x00007f3e01b50000)
  eden space 1553920K,   0% used [0x00007f38ac600000, 0x00007f38ac600000, 0x00007f390b380000)
  from space 194240K,  57% used [0x00007f3917130000, 0x00007f391deef2b0, 0x00007f3922ee0000)
  to   space 194240K,   0% used [0x00007f390b380000, 0x00007f390b380000, 0x00007f3917130000)
 tenured generation   total 3898540K, used 3898364K [0x00007f3e01b50000, 0x00007f3eefa7b000, 0x00007f48ac600000)
   the space 3898540K,  99% used [0x00007f3e01b50000, 0x00007f3eefa4f318, 0x00007f3eefa4f400, 0x00007f3eefa7b000)
 Metaspace       used 30349K, capacity 30771K, committed 30976K, reserved 32768K
}

