# JRE version: OpenJDK Runtime Environment (13.0.7+5) (build 13.0.7+5-Ubuntu-0ubuntu120.04)
# Java VM: OpenJDK 64-Bit Server VM (13.0.7+5-Ubuntu-0ubuntu120.04, mixed mode, tiered, serial gc, linux-amd64)
Heap:
 def new generation   total 7490112K, used 0K [0x00007f632c600000, 0x00007f6528540000, 0x00007f6881b50000)
  eden space 6657920K,   0% used [0x00007f632c600000, 0x00007f632c600000, 0x00007f64c2be0000)
  from space 832192K,   0% used [0x00007f64c2be0000, 0x00007f64c2be0000, 0x00007f64f5890000)
  to   space 832192K,   0% used [0x00007f64f5890000, 0x00007f64f5890000, 0x00007f6528540000)
 tenured generation   total 16774472K, used 15295291K [0x00007f6881b50000, 0x00007f6c818a2000, 0x00007f732c600000)
   the space 16774472K,  91% used [0x00007f6881b50000, 0x00007f6c2741ed48, 0x00007f6c2741ee00, 0x00007f6c818a2000)
 Metaspace       used 30445K, capacity 30870K, committed 30976K, reserved 32768K
GC Heap History (20 events):
Event: 754.181 GC heap after
{Heap after GC invocations=77 (full 7):
 def new generation   total 7490112K, used 423267K [0x00007f632c600000, 0x00007f6528540000, 0x00007f6881b50000)
  eden space 6657920K,   0% used [0x00007f632c600000, 0x00007f632c600000, 0x00007f64c2be0000)
  from space 832192K,  50% used [0x00007f64f5890000, 0x00007f650f5e8d90, 0x00007f6528540000)
  to   space 832192K,   0% used [0x00007f64c2be0000, 0x00007f64c2be0000, 0x00007f64f5890000)
 tenured generation   total 16644488K, used 12372944K [0x00007f6881b50000, 0x00007f6c799b2000, 0x00007f732c600000)
   the space 16644488K,  74% used [0x00007f6881b50000, 0x00007f6b74e44368, 0x00007f6b74e44400, 0x00007f6c799b2000)
 Metaspace       used 30445K, capacity 30870K, committed 30976K, reserved 32768K
}
Event: 755.902 GC heap before
{Heap before GC invocations=77 (full 7):
 def new generation   total 7490112K, used 7081187K [0x00007f632c600000, 0x00007f6528540000, 0x00007f6881b50000)
  eden space 6657920K, 100% used [0x00007f632c600000, 0x00007f64c2be0000, 0x00007f64c2be0000)
  from space 832192K,  50% used [0x00007f64f5890000, 0x00007f650f5e8d90, 0x00007f6528540000)
  to   space 832192K,   0% used [0x00007f64c2be0000, 0x00007f64c2be0000, 0x00007f64f5890000)
 tenured generation   total 16644488K, used 12372944K [0x00007f6881b50000, 0x00007f6c799b2000, 0x00007f732c600000)
   the space 16644488K,  74% used [0x00007f6881b50000, 0x00007f6b74e44368, 0x00007f6b74e44400, 0x00007f6c799b2000)
 Metaspace       used 30445K, capacity 30870K, committed 30976K, reserved 32768K
}
Event: 757.478 GC heap after
{Heap after GC invocations=78 (full 7):
 def new generation   total 7490112K, used 425530K [0x00007f632c600000, 0x00007f6528540000, 0x00007f6881b50000)
  eden space 6657920K,   0% used [0x00007f632c600000, 0x00007f632c600000, 0x00007f64c2be0000)
  from space 832192K,  51% used [0x00007f64c2be0000, 0x00007f64dcb6e9a0, 0x00007f64f5890000)
  to   space 832192K,   0% used [0x00007f64f5890000, 0x00007f64f5890000, 0x00007f6528540000)
 tenured generation   total 16644488K, used 12796211K [0x00007f6881b50000, 0x00007f6c799b2000, 0x00007f732c600000)
   the space 16644488K,  76% used [0x00007f6881b50000, 0x00007f6b8eb9cf08, 0x00007f6b8eb9d000, 0x00007f6c799b2000)
 Metaspace       used 30445K, capacity 30870K, committed 30976K, reserved 32768K
}
Event: 759.484 GC heap before
{Heap before GC invocations=78 (full 7):
 def new generation   total 7490112K, used 7083450K [0x00007f632c600000, 0x00007f6528540000, 0x00007f6881b50000)
  eden space 6657920K, 100% used [0x00007f632c600000, 0x00007f64c2be0000, 0x00007f64c2be0000)
  from space 832192K,  51% used [0x00007f64c2be0000, 0x00007f64dcb6e9a0, 0x00007f64f5890000)
  to   space 832192K,   0% used [0x00007f64f5890000, 0x00007f64f5890000, 0x00007f6528540000)
 tenured generation   total 16644488K, used 12796211K [0x00007f6881b50000, 0x00007f6c799b2000, 0x00007f732c600000)
   the space 16644488K,  76% used [0x00007f6881b50000, 0x00007f6b8eb9cf08, 0x00007f6b8eb9d000, 0x00007f6c799b2000)
 Metaspace       used 30445K, capacity 30870K, committed 30976K, reserved 32768K
}
Event: 761.161 GC heap after
{Heap after GC invocations=79 (full 7):
 def new generation   total 7490112K, used 552575K [0x00007f632c600000, 0x00007f6528540000, 0x00007f6881b50000)
  eden space 6657920K,   0% used [0x00007f632c600000, 0x00007f632c600000, 0x00007f64c2be0000)
  from space 832192K,  66% used [0x00007f64f5890000, 0x00007f651742fc30, 0x00007f6528540000)
  to   space 832192K,   0% used [0x00007f64c2be0000, 0x00007f64c2be0000, 0x00007f64f5890000)
 tenured generation   total 16644488K, used 13221741K [0x00007f6881b50000, 0x00007f6c799b2000, 0x00007f732c600000)
   the space 16644488K,  79% used [0x00007f6881b50000, 0x00007f6ba8b2b558, 0x00007f6ba8b2b600, 0x00007f6c799b2000)
 Metaspace       used 30445K, capacity 30870K, committed 30976K, reserved 32768K
}
Event: 763.153 GC heap before
{Heap before GC invocations=79 (full 7):
 def new generation   total 7490112K, used 7210495K [0x00007f632c600000, 0x00007f6528540000, 0x00007f6881b50000)
  eden space 6657920K, 100% used [0x00007f632c600000, 0x00007f64c2be0000, 0x00007f64c2be0000)
  from space 832192K,  66% used [0x00007f64f5890000, 0x00007f651742fc30, 0x00007f6528540000)
  to   space 832192K,   0% used [0x00007f64c2be0000, 0x00007f64c2be0000, 0x00007f64f5890000)
 tenured generation   total 16644488K, used 13221741K [0x00007f6881b50000, 0x00007f6c799b2000, 0x00007f732c600000)
   the space 16644488K,  79% used [0x00007f6881b50000, 0x00007f6ba8b2b558, 0x00007f6ba8b2b600, 0x00007f6c799b2000)
 Metaspace       used 30445K, capacity 30870K, committed 30976K, reserved 32768K
}
Event: 765.340 GC heap after
{Heap after GC invocations=80 (full 7):
 def new generation   total 7490112K, used 626674K [0x00007f632c600000, 0x00007f6528540000, 0x00007f6881b50000)
  eden space 6657920K,   0% used [0x00007f632c600000, 0x00007f632c600000, 0x00007f64c2be0000)
  from space 832192K,  75% used [0x00007f64c2be0000, 0x00007f64e8fdca10, 0x00007f64f5890000)
  to   space 832192K,   0% used [0x00007f64f5890000, 0x00007f64f5890000, 0x00007f6528540000)
 tenured generation   total 16644488K, used 13774315K [0x00007f6881b50000, 0x00007f6c799b2000, 0x00007f732c600000)
   the space 16644488K,  82% used [0x00007f6881b50000, 0x00007f6bca6caf08, 0x00007f6bca6cb000, 0x00007f6c799b2000)
 Metaspace       used 30445K, capacity 30870K, committed 30976K, reserved 32768K
}
Event: 767.288 GC heap before
{Heap before GC invocations=80 (full 7):
 def new generation   total 7490112K, used 7284594K [0x00007f632c600000, 0x00007f6528540000, 0x00007f6881b50000)
  eden space 6657920K, 100% used [0x00007f632c600000, 0x00007f64c2be0000, 0x00007f64c2be0000)
  from space 832192K,  75% used [0x00007f64c2be0000, 0x00007f64e8fdca10, 0x00007f64f5890000)
  to   space 832192K,   0% used [0x00007f64f5890000, 0x00007f64f5890000, 0x00007f6528540000)
 tenured generation   total 16644488K, used 13774315K [0x00007f6881b50000, 0x00007f6c799b2000, 0x00007f732c600000)
   the space 16644488K,  82% used [0x00007f6881b50000, 0x00007f6bca6caf08, 0x00007f6bca6cb000, 0x00007f6c799b2000)
 Metaspace       used 30445K, capacity 30870K, committed 30976K, reserved 32768K
}
Event: 769.278 GC heap after
{Heap after GC invocations=81 (full 7):
 def new generation   total 7490112K, used 539440K [0x00007f632c600000, 0x00007f6528540000, 0x00007f6881b50000)
  eden space 6657920K,   0% used [0x00007f632c600000, 0x00007f632c600000, 0x00007f64c2be0000)
  from space 832192K,  64% used [0x00007f64f5890000, 0x00007f651675c3c8, 0x00007f6528540000)
  to   space 832192K,   0% used [0x00007f64c2be0000, 0x00007f64c2be0000, 0x00007f64f5890000)
 tenured generation   total 16644488K, used 14400989K [0x00007f6881b50000, 0x00007f6c799b2000, 0x00007f732c600000)
   the space 16644488K,  86% used [0x00007f6881b50000, 0x00007f6bf0ac77c8, 0x00007f6bf0ac7800, 0x00007f6c799b2000)
 Metaspace       used 30445K, capacity 30870K, committed 30976K, reserved 32768K
}
Event: 771.135 GC heap before
{Heap before GC invocations=81 (full 7):
 def new generation   total 7490112K, used 7197360K [0x00007f632c600000, 0x00007f6528540000, 0x00007f6881b50000)
  eden space 6657920K, 100% used [0x00007f632c600000, 0x00007f64c2be0000, 0x00007f64c2be0000)
  from space 832192K,  64% used [0x00007f64f5890000, 0x00007f651675c3c8, 0x00007f6528540000)
  to   space 832192K,   0% used [0x00007f64c2be0000, 0x00007f64c2be0000, 0x00007f64f5890000)
 tenured generation   total 16644488K, used 14400989K [0x00007f6881b50000, 0x00007f6c799b2000, 0x00007f732c600000)
   the space 16644488K,  86% used [0x00007f6881b50000, 0x00007f6bf0ac77c8, 0x00007f6bf0ac7800, 0x00007f6c799b2000)
 Metaspace       used 30445K, capacity 30870K, committed 30976K, reserved 32768K
}
Event: 772.919 GC heap after
{Heap after GC invocations=82 (full 7):
 def new generation   total 7490112K, used 459620K [0x00007f632c600000, 0x00007f6528540000, 0x00007f6881b50000)
  eden space 6657920K,   0% used [0x00007f632c600000, 0x00007f632c600000, 0x00007f64c2be0000)
  from space 832192K,  55% used [0x00007f64c2be0000, 0x00007f64decb9008, 0x00007f64f5890000)
  to   space 832192K,   0% used [0x00007f64f5890000, 0x00007f64f5890000, 0x00007f6528540000)
 tenured generation   total 16644488K, used 14940430K [0x00007f6881b50000, 0x00007f6c799b2000, 0x00007f732c600000)
   the space 16644488K,  89% used [0x00007f6881b50000, 0x00007f6c11993b70, 0x00007f6c11993c00, 0x00007f6c799b2000)
 Metaspace       used 30445K, capacity 30870K, committed 30976K, reserved 32768K
}
Event: 774.780 GC heap before
{Heap before GC invocations=82 (full 7):
 def new generation   total 7490112K, used 7117540K [0x00007f632c600000, 0x00007f6528540000, 0x00007f6881b50000)
  eden space 6657920K, 100% used [0x00007f632c600000, 0x00007f64c2be0000, 0x00007f64c2be0000)
  from space 832192K,  55% used [0x00007f64c2be0000, 0x00007f64decb9008, 0x00007f64f5890000)
  to   space 832192K,   0% used [0x00007f64f5890000, 0x00007f64f5890000, 0x00007f6528540000)
 tenured generation   total 16644488K, used 14940430K [0x00007f6881b50000, 0x00007f6c799b2000, 0x00007f732c600000)
   the space 16644488K,  89% used [0x00007f6881b50000, 0x00007f6c11993b70, 0x00007f6c11993c00, 0x00007f6c799b2000)
 Metaspace       used 30445K, capacity 30870K, committed 30976K, reserved 32768K
}
Event: 776.471 GC heap after
{Heap after GC invocations=83 (full 7):
 def new generation   total 7490112K, used 455586K [0x00007f632c600000, 0x00007f6528540000, 0x00007f6881b50000)
  eden space 6657920K,   0% used [0x00007f632c600000, 0x00007f632c600000, 0x00007f64c2be0000)
  from space 832192K,  54% used [0x00007f64f5890000, 0x00007f6511578a40, 0x00007f6528540000)
  to   space 832192K,   0% used [0x00007f64c2be0000, 0x00007f64c2be0000, 0x00007f64f5890000)
 tenured generation   total 16644488K, used 15400050K [0x00007f6881b50000, 0x00007f6c799b2000, 0x00007f732c600000)
   the space 16644488K,  92% used [0x00007f6881b50000, 0x00007f6c2da6c888, 0x00007f6c2da6ca00, 0x00007f6c799b2000)
 Metaspace       used 30445K, capacity 30870K, committed 30976K, reserved 32768K
}
Event: 778.181 GC heap before
{Heap before GC invocations=83 (full 7):
 def new generation   total 7490112K, used 7113506K [0x00007f632c600000, 0x00007f6528540000, 0x00007f6881b50000)
  eden space 6657920K, 100% used [0x00007f632c600000, 0x00007f64c2be0000, 0x00007f64c2be0000)
  from space 832192K,  54% used [0x00007f64f5890000, 0x00007f6511578a40, 0x00007f6528540000)
  to   space 832192K,   0% used [0x00007f64c2be0000, 0x00007f64c2be0000, 0x00007f64f5890000)
 tenured generation   total 16644488K, used 15400050K [0x00007f6881b50000, 0x00007f6c799b2000, 0x00007f732c600000)
   the space 16644488K,  92% used [0x00007f6881b50000, 0x00007f6c2da6c888, 0x00007f6c2da6ca00, 0x00007f6c799b2000)
 Metaspace       used 30445K, capacity 30870K, committed 30976K, reserved 32768K
}
Event: 779.932 GC heap after
{Heap after GC invocations=84 (full 7):
 def new generation   total 7490112K, used 462981K [0x00007f632c600000, 0x00007f6528540000, 0x00007f6881b50000)
  eden space 6657920K,   0% used [0x00007f632c600000, 0x00007f632c600000, 0x00007f64c2be0000)
  from space 832192K,  55% used [0x00007f64c2be0000, 0x00007f64df0016e0, 0x00007f64f5890000)
  to   space 832192K,   0% used [0x00007f64f5890000, 0x00007f64f5890000, 0x00007f6528540000)
 tenured generation   total 16644488K, used 15855635K [0x00007f6881b50000, 0x00007f6c799b2000, 0x00007f732c600000)
   the space 16644488K,  95% used [0x00007f6881b50000, 0x00007f6c49754e48, 0x00007f6c49755000, 0x00007f6c799b2000)
 Metaspace       used 30445K, capacity 30870K, committed 30976K, reserved 32768K
}
Event: 781.570 GC heap before
{Heap before GC invocations=84 (full 7):
 def new generation   total 7490112K, used 7120901K [0x00007f632c600000, 0x00007f6528540000, 0x00007f6881b50000)
  eden space 6657920K, 100% used [0x00007f632c600000, 0x00007f64c2be0000, 0x00007f64c2be0000)
  from space 832192K,  55% used [0x00007f64c2be0000, 0x00007f64df0016e0, 0x00007f64f5890000)
  to   space 832192K,   0% used [0x00007f64f5890000, 0x00007f64f5890000, 0x00007f6528540000)
 tenured generation   total 16644488K, used 15855635K [0x00007f6881b50000, 0x00007f6c799b2000, 0x00007f732c600000)
   the space 16644488K,  95% used [0x00007f6881b50000, 0x00007f6c49754e48, 0x00007f6c49755000, 0x00007f6c799b2000)
 Metaspace       used 30445K, capacity 30870K, committed 30976K, reserved 32768K
}
Event: 783.278 GC heap after
{Heap after GC invocations=85 (full 7):
 def new generation   total 7490112K, used 455672K [0x00007f632c600000, 0x00007f6528540000, 0x00007f6881b50000)
  eden space 6657920K,   0% used [0x00007f632c600000, 0x00007f632c600000, 0x00007f64c2be0000)
  from space 832192K,  54% used [0x00007f64f5890000, 0x00007f651158e0d0, 0x00007f6528540000)
  to   space 832192K,   0% used [0x00007f64c2be0000, 0x00007f64c2be0000, 0x00007f64f5890000)
 tenured generation   total 16644488K, used 16318616K [0x00007f6881b50000, 0x00007f6c799b2000, 0x00007f732c600000)
   the space 16644488K,  98% used [0x00007f6881b50000, 0x00007f6c65b76068, 0x00007f6c65b76200, 0x00007f6c799b2000)
 Metaspace       used 30445K, capacity 30870K, committed 30976K, reserved 32768K
}
Event: 784.953 GC heap before
{Heap before GC invocations=85 (full 7):
 def new generation   total 7490112K, used 7113592K [0x00007f632c600000, 0x00007f6528540000, 0x00007f6881b50000)
  eden space 6657920K, 100% used [0x00007f632c600000, 0x00007f64c2be0000, 0x00007f64c2be0000)
  from space 832192K,  54% used [0x00007f64f5890000, 0x00007f651158e0d0, 0x00007f6528540000)
  to   space 832192K,   0% used [0x00007f64c2be0000, 0x00007f64c2be0000, 0x00007f64f5890000)
 tenured generation   total 16644488K, used 16318616K [0x00007f6881b50000, 0x00007f6c799b2000, 0x00007f732c600000)
   the space 16644488K,  98% used [0x00007f6881b50000, 0x00007f6c65b76068, 0x00007f6c65b76200, 0x00007f6c799b2000)
 Metaspace       used 30445K, capacity 30870K, committed 30976K, reserved 32768K
}
Event: 786.647 GC heap after
{Heap after GC invocations=86 (full 7):
 def new generation   total 7490112K, used 467843K [0x00007f632c600000, 0x00007f6528540000, 0x00007f6881b50000)
  eden space 6657920K,   0% used [0x00007f632c600000, 0x00007f632c600000, 0x00007f64c2be0000)
  from space 832192K,  56% used [0x00007f64c2be0000, 0x00007f64df4c0ef0, 0x00007f64f5890000)
  to   space 832192K,   0% used [0x00007f64f5890000, 0x00007f64f5890000, 0x00007f6528540000)
 tenured generation   total 16774472K, used 16774288K [0x00007f6881b50000, 0x00007f6c818a2000, 0x00007f732c600000)
   the space 16774472K,  99% used [0x00007f6881b50000, 0x00007f6c81874058, 0x00007f6c81874200, 0x00007f6c818a2000)
 Metaspace       used 30445K, capacity 30870K, committed 30976K, reserved 32768K
}
Event: 786.647 GC heap before
{Heap before GC invocations=86 (full 7):
 def new generation   total 7490112K, used 467843K [0x00007f632c600000, 0x00007f6528540000, 0x00007f6881b50000)
  eden space 6657920K,   0% used [0x00007f632c600000, 0x00007f632c600000, 0x00007f64c2be0000)
  from space 832192K,  56% used [0x00007f64c2be0000, 0x00007f64df4c0ef0, 0x00007f64f5890000)
  to   space 832192K,   0% used [0x00007f64f5890000, 0x00007f64f5890000, 0x00007f6528540000)
 tenured generation   total 16774472K, used 16774288K [0x00007f6881b50000, 0x00007f6c818a2000, 0x00007f732c600000)
   the space 16774472K,  99% used [0x00007f6881b50000, 0x00007f6c81874058, 0x00007f6c81874200, 0x00007f6c818a2000)
 Metaspace       used 30445K, capacity 30870K, committed 30976K, reserved 32768K
}

