# JRE version: OpenJDK Runtime Environment (13.0.7+5) (build 13.0.7+5-Ubuntu-0ubuntu120.04)
# Java VM: OpenJDK 64-Bit Server VM (13.0.7+5-Ubuntu-0ubuntu120.04, mixed mode, tiered, compressed oops, serial gc, linux-amd64)
Heap:
 def new generation   total 1900160K, used 0K [0x0000000080200000, 0x0000000100fc0000, 0x0000000300150000)
  eden space 1689088K,   0% used [0x0000000080200000, 0x0000000080200000, 0x00000000e7380000)
  from space 211072K,   0% used [0x00000000e7380000, 0x00000000e7380000, 0x00000000f41a0000)
  to   space 211072K,   0% used [0x00000000f41a0000, 0x00000000f41a0000, 0x0000000100fc0000)
 tenured generation   total 4266524K, used 3051194K [0x0000000300150000, 0x00000004047d7000, 0x0000000800000000)
   the space 4266524K,  71% used [0x0000000300150000, 0x00000003ba4fe948, 0x00000003ba4fea00, 0x00000004047d7000)
 Metaspace       used 22748K, capacity 23295K, committed 23680K, reserved 1071104K
  class space    used 2354K, capacity 2568K, committed 2688K, reserved 1048576K
GC Heap History (20 events):
Event: 721.082 GC heap after
{Heap after GC invocations=659 (full 22):
 def new generation   total 1900160K, used 101549K [0x0000000080200000, 0x0000000100fc0000, 0x0000000300150000)
  eden space 1689088K,   0% used [0x0000000080200000, 0x0000000080200000, 0x00000000e7380000)
  from space 211072K,  48% used [0x00000000f41a0000, 0x00000000fa4cb688, 0x0000000100fc0000)
  to   space 211072K,   0% used [0x00000000e7380000, 0x00000000e7380000, 0x00000000f41a0000)
 tenured generation   total 4222396K, used 4022368K [0x0000000300150000, 0x0000000401cbf000, 0x0000000800000000)
   the space 4222396K,  95% used [0x0000000300150000, 0x00000003f59680a8, 0x00000003f5968200, 0x0000000401cbf000)
 Metaspace       used 22748K, capacity 23295K, committed 23680K, reserved 1071104K
  class space    used 2354K, capacity 2568K, committed 2688K, reserved 1048576K
}
Event: 722.571 GC heap before
{Heap before GC invocations=659 (full 22):
 def new generation   total 1900160K, used 1790637K [0x0000000080200000, 0x0000000100fc0000, 0x0000000300150000)
  eden space 1689088K, 100% used [0x0000000080200000, 0x00000000e7380000, 0x00000000e7380000)
  from space 211072K,  48% used [0x00000000f41a0000, 0x00000000fa4cb688, 0x0000000100fc0000)
  to   space 211072K,   0% used [0x00000000e7380000, 0x00000000e7380000, 0x00000000f41a0000)
 tenured generation   total 4222396K, used 4022368K [0x0000000300150000, 0x0000000401cbf000, 0x0000000800000000)
   the space 4222396K,  95% used [0x0000000300150000, 0x00000003f59680a8, 0x00000003f5968200, 0x0000000401cbf000)
 Metaspace       used 22748K, capacity 23295K, committed 23680K, reserved 1071104K
  class space    used 2354K, capacity 2568K, committed 2688K, reserved 1048576K
}
Event: 722.617 GC heap after
{Heap after GC invocations=660 (full 22):
 def new generation   total 1900160K, used 63839K [0x0000000080200000, 0x0000000100fc0000, 0x0000000300150000)
  eden space 1689088K,   0% used [0x0000000080200000, 0x0000000080200000, 0x00000000e7380000)
  from space 211072K,  30% used [0x00000000e7380000, 0x00000000eb1d7fc0, 0x00000000f41a0000)
  to   space 211072K,   0% used [0x00000000f41a0000, 0x00000000f41a0000, 0x0000000100fc0000)
 tenured generation   total 4222396K, used 4022368K [0x0000000300150000, 0x0000000401cbf000, 0x0000000800000000)
   the space 4222396K,  95% used [0x0000000300150000, 0x00000003f59680a8, 0x00000003f5968200, 0x0000000401cbf000)
 Metaspace       used 22748K, capacity 23295K, committed 23680K, reserved 1071104K
  class space    used 2354K, capacity 2568K, committed 2688K, reserved 1048576K
}
Event: 724.158 GC heap before
{Heap before GC invocations=660 (full 22):
 def new generation   total 1900160K, used 1752927K [0x0000000080200000, 0x0000000100fc0000, 0x0000000300150000)
  eden space 1689088K, 100% used [0x0000000080200000, 0x00000000e7380000, 0x00000000e7380000)
  from space 211072K,  30% used [0x00000000e7380000, 0x00000000eb1d7fc0, 0x00000000f41a0000)
  to   space 211072K,   0% used [0x00000000f41a0000, 0x00000000f41a0000, 0x0000000100fc0000)
 tenured generation   total 4222396K, used 4022368K [0x0000000300150000, 0x0000000401cbf000, 0x0000000800000000)
   the space 4222396K,  95% used [0x0000000300150000, 0x00000003f59680a8, 0x00000003f5968200, 0x0000000401cbf000)
 Metaspace       used 22748K, capacity 23295K, committed 23680K, reserved 1071104K
  class space    used 2354K, capacity 2568K, committed 2688K, reserved 1048576K
}
Event: 724.289 GC heap after
{Heap after GC invocations=661 (full 22):
 def new generation   total 1900160K, used 164881K [0x0000000080200000, 0x0000000100fc0000, 0x0000000300150000)
  eden space 1689088K,   0% used [0x0000000080200000, 0x0000000080200000, 0x00000000e7380000)
  from space 211072K,  78% used [0x00000000f41a0000, 0x00000000fe2a46b8, 0x0000000100fc0000)
  to   space 211072K,   0% used [0x00000000e7380000, 0x00000000e7380000, 0x00000000f41a0000)
 tenured generation   total 4222396K, used 4022368K [0x0000000300150000, 0x0000000401cbf000, 0x0000000800000000)
   the space 4222396K,  95% used [0x0000000300150000, 0x00000003f59680a8, 0x00000003f5968200, 0x0000000401cbf000)
 Metaspace       used 22748K, capacity 23295K, committed 23680K, reserved 1071104K
  class space    used 2354K, capacity 2568K, committed 2688K, reserved 1048576K
}
Event: 725.794 GC heap before
{Heap before GC invocations=661 (full 22):
 def new generation   total 1900160K, used 1853969K [0x0000000080200000, 0x0000000100fc0000, 0x0000000300150000)
  eden space 1689088K, 100% used [0x0000000080200000, 0x00000000e7380000, 0x00000000e7380000)
  from space 211072K,  78% used [0x00000000f41a0000, 0x00000000fe2a46b8, 0x0000000100fc0000)
  to   space 211072K,   0% used [0x00000000e7380000, 0x00000000e7380000, 0x00000000f41a0000)
 tenured generation   total 4222396K, used 4022368K [0x0000000300150000, 0x0000000401cbf000, 0x0000000800000000)
   the space 4222396K,  95% used [0x0000000300150000, 0x00000003f59680a8, 0x00000003f5968200, 0x0000000401cbf000)
 Metaspace       used 22748K, capacity 23295K, committed 23680K, reserved 1071104K
  class space    used 2354K, capacity 2568K, committed 2688K, reserved 1048576K
}
Event: 726.006 GC heap after
{Heap after GC invocations=662 (full 22):
 def new generation   total 1900160K, used 202066K [0x0000000080200000, 0x0000000100fc0000, 0x0000000300150000)
  eden space 1689088K,   0% used [0x0000000080200000, 0x0000000080200000, 0x00000000e7380000)
  from space 211072K,  95% used [0x00000000e7380000, 0x00000000f38d4b98, 0x00000000f41a0000)
  to   space 211072K,   0% used [0x00000000f41a0000, 0x00000000f41a0000, 0x0000000100fc0000)
 tenured generation   total 4222396K, used 4085691K [0x0000000300150000, 0x0000000401cbf000, 0x0000000800000000)
   the space 4222396K,  96% used [0x0000000300150000, 0x00000003f973ef50, 0x00000003f973f000, 0x0000000401cbf000)
 Metaspace       used 22748K, capacity 23295K, committed 23680K, reserved 1071104K
  class space    used 2354K, capacity 2568K, committed 2688K, reserved 1048576K
}
Event: 727.500 GC heap before
{Heap before GC invocations=662 (full 22):
 def new generation   total 1900160K, used 1891154K [0x0000000080200000, 0x0000000100fc0000, 0x0000000300150000)
  eden space 1689088K, 100% used [0x0000000080200000, 0x00000000e7380000, 0x00000000e7380000)
  from space 211072K,  95% used [0x00000000e7380000, 0x00000000f38d4b98, 0x00000000f41a0000)
  to   space 211072K,   0% used [0x00000000f41a0000, 0x00000000f41a0000, 0x0000000100fc0000)
 tenured generation   total 4222396K, used 4085691K [0x0000000300150000, 0x0000000401cbf000, 0x0000000800000000)
   the space 4222396K,  96% used [0x0000000300150000, 0x00000003f973ef50, 0x00000003f973f000, 0x0000000401cbf000)
 Metaspace       used 22748K, capacity 23295K, committed 23680K, reserved 1071104K
  class space    used 2354K, capacity 2568K, committed 2688K, reserved 1048576K
}
Event: 727.547 GC heap after
{Heap after GC invocations=663 (full 22):
 def new generation   total 1900160K, used 69631K [0x0000000080200000, 0x0000000100fc0000, 0x0000000300150000)
  eden space 1689088K,   0% used [0x0000000080200000, 0x0000000080200000, 0x00000000e7380000)
  from space 211072K,  32% used [0x00000000f41a0000, 0x00000000f859fd18, 0x0000000100fc0000)
  to   space 211072K,   0% used [0x00000000e7380000, 0x00000000e7380000, 0x00000000f41a0000)
 tenured generation   total 4222396K, used 4085693K [0x0000000300150000, 0x0000000401cbf000, 0x0000000800000000)
   the space 4222396K,  96% used [0x0000000300150000, 0x00000003f973f4f0, 0x00000003f973f600, 0x0000000401cbf000)
 Metaspace       used 22748K, capacity 23295K, committed 23680K, reserved 1071104K
  class space    used 2354K, capacity 2568K, committed 2688K, reserved 1048576K
}
Event: 729.021 GC heap before
{Heap before GC invocations=663 (full 22):
 def new generation   total 1900160K, used 1758719K [0x0000000080200000, 0x0000000100fc0000, 0x0000000300150000)
  eden space 1689088K, 100% used [0x0000000080200000, 0x00000000e7380000, 0x00000000e7380000)
  from space 211072K,  32% used [0x00000000f41a0000, 0x00000000f859fd18, 0x0000000100fc0000)
  to   space 211072K,   0% used [0x00000000e7380000, 0x00000000e7380000, 0x00000000f41a0000)
 tenured generation   total 4222396K, used 4085693K [0x0000000300150000, 0x0000000401cbf000, 0x0000000800000000)
   the space 4222396K,  96% used [0x0000000300150000, 0x00000003f973f4f0, 0x00000003f973f600, 0x0000000401cbf000)
 Metaspace       used 22748K, capacity 23295K, committed 23680K, reserved 1071104K
  class space    used 2354K, capacity 2568K, committed 2688K, reserved 1048576K
}
Event: 729.161 GC heap after
{Heap after GC invocations=664 (full 22):
 def new generation   total 1900160K, used 170146K [0x0000000080200000, 0x0000000100fc0000, 0x0000000300150000)
  eden space 1689088K,   0% used [0x0000000080200000, 0x0000000080200000, 0x00000000e7380000)
  from space 211072K,  80% used [0x00000000e7380000, 0x00000000f19a8ad0, 0x00000000f41a0000)
  to   space 211072K,   0% used [0x00000000f41a0000, 0x00000000f41a0000, 0x0000000100fc0000)
 tenured generation   total 4222396K, used 4085693K [0x0000000300150000, 0x0000000401cbf000, 0x0000000800000000)
   the space 4222396K,  96% used [0x0000000300150000, 0x00000003f973f4f0, 0x00000003f973f600, 0x0000000401cbf000)
 Metaspace       used 22748K, capacity 23295K, committed 23680K, reserved 1071104K
  class space    used 2354K, capacity 2568K, committed 2688K, reserved 1048576K
}
Event: 730.632 GC heap before
{Heap before GC invocations=664 (full 22):
 def new generation   total 1900160K, used 1859234K [0x0000000080200000, 0x0000000100fc0000, 0x0000000300150000)
  eden space 1689088K, 100% used [0x0000000080200000, 0x00000000e7380000, 0x00000000e7380000)
  from space 211072K,  80% used [0x00000000e7380000, 0x00000000f19a8ad0, 0x00000000f41a0000)
  to   space 211072K,   0% used [0x00000000f41a0000, 0x00000000f41a0000, 0x0000000100fc0000)
 tenured generation   total 4222396K, used 4085693K [0x0000000300150000, 0x0000000401cbf000, 0x0000000800000000)
   the space 4222396K,  96% used [0x0000000300150000, 0x00000003f973f4f0, 0x00000003f973f600, 0x0000000401cbf000)
 Metaspace       used 22748K, capacity 23295K, committed 23680K, reserved 1071104K
  class space    used 2354K, capacity 2568K, committed 2688K, reserved 1048576K
}
Event: 730.878 GC heap after
{Heap after GC invocations=665 (full 22):
 def new generation   total 1900160K, used 202075K [0x0000000080200000, 0x0000000100fc0000, 0x0000000300150000)
  eden space 1689088K,   0% used [0x0000000080200000, 0x0000000080200000, 0x00000000e7380000)
  from space 211072K,  95% used [0x00000000f41a0000, 0x00000001006f6eb8, 0x0000000100fc0000)
  to   space 211072K,   0% used [0x00000000e7380000, 0x00000000e7380000, 0x00000000f41a0000)
 tenured generation   total 4222396K, used 4154802K [0x0000000300150000, 0x0000000401cbf000, 0x0000000800000000)
   the space 4222396K,  98% used [0x0000000300150000, 0x00000003fdabc9b8, 0x00000003fdabca00, 0x0000000401cbf000)
 Metaspace       used 22748K, capacity 23295K, committed 23680K, reserved 1071104K
  class space    used 2354K, capacity 2568K, committed 2688K, reserved 1048576K
}
Event: 732.372 GC heap before
{Heap before GC invocations=665 (full 22):
 def new generation   total 1900160K, used 1891163K [0x0000000080200000, 0x0000000100fc0000, 0x0000000300150000)
  eden space 1689088K, 100% used [0x0000000080200000, 0x00000000e7380000, 0x00000000e7380000)
  from space 211072K,  95% used [0x00000000f41a0000, 0x00000001006f6eb8, 0x0000000100fc0000)
  to   space 211072K,   0% used [0x00000000e7380000, 0x00000000e7380000, 0x00000000f41a0000)
 tenured generation   total 4222396K, used 4154802K [0x0000000300150000, 0x0000000401cbf000, 0x0000000800000000)
   the space 4222396K,  98% used [0x0000000300150000, 0x00000003fdabc9b8, 0x00000003fdabca00, 0x0000000401cbf000)
 Metaspace       used 22748K, capacity 23295K, committed 23680K, reserved 1071104K
  class space    used 2354K, capacity 2568K, committed 2688K, reserved 1048576K
}
Event: 732.469 GC heap after
{Heap after GC invocations=666 (full 22):
 def new generation   total 1900160K, used 107447K [0x0000000080200000, 0x0000000100fc0000, 0x0000000300150000)
  eden space 1689088K,   0% used [0x0000000080200000, 0x0000000080200000, 0x00000000e7380000)
  from space 211072K,  50% used [0x00000000e7380000, 0x00000000edc6de20, 0x00000000f41a0000)
  to   space 211072K,   0% used [0x00000000f41a0000, 0x00000000f41a0000, 0x0000000100fc0000)
 tenured generation   total 4222396K, used 4159459K [0x0000000300150000, 0x0000000401cbf000, 0x0000000800000000)
   the space 4222396K,  98% used [0x0000000300150000, 0x00000003fdf48d48, 0x00000003fdf48e00, 0x0000000401cbf000)
 Metaspace       used 22748K, capacity 23295K, committed 23680K, reserved 1071104K
  class space    used 2354K, capacity 2568K, committed 2688K, reserved 1048576K
}
Event: 733.946 GC heap before
{Heap before GC invocations=666 (full 22):
 def new generation   total 1900160K, used 1796535K [0x0000000080200000, 0x0000000100fc0000, 0x0000000300150000)
  eden space 1689088K, 100% used [0x0000000080200000, 0x00000000e7380000, 0x00000000e7380000)
  from space 211072K,  50% used [0x00000000e7380000, 0x00000000edc6de20, 0x00000000f41a0000)
  to   space 211072K,   0% used [0x00000000f41a0000, 0x00000000f41a0000, 0x0000000100fc0000)
 tenured generation   total 4222396K, used 4159459K [0x0000000300150000, 0x0000000401cbf000, 0x0000000800000000)
   the space 4222396K,  98% used [0x0000000300150000, 0x00000003fdf48d48, 0x00000003fdf48e00, 0x0000000401cbf000)
 Metaspace       used 22748K, capacity 23295K, committed 23680K, reserved 1071104K
  class space    used 2354K, capacity 2568K, committed 2688K, reserved 1048576K
}
Event: 734.182 GC heap after
{Heap after GC invocations=667 (full 22):
 def new generation   total 1900160K, used 202795K [0x0000000080200000, 0x0000000100fc0000, 0x0000000300150000)
  eden space 1689088K,   0% used [0x0000000080200000, 0x0000000080200000, 0x00000000e7380000)
  from space 211072K,  96% used [0x00000000f41a0000, 0x00000001007aaeb0, 0x0000000100fc0000)
  to   space 211072K,   0% used [0x00000000e7380000, 0x00000000e7380000, 0x00000000f41a0000)
 tenured generation   total 4222396K, used 4165148K [0x0000000300150000, 0x0000000401cbf000, 0x0000000800000000)
   the space 4222396K,  98% used [0x0000000300150000, 0x00000003fe4d7308, 0x00000003fe4d7400, 0x0000000401cbf000)
 Metaspace       used 22748K, capacity 23295K, committed 23680K, reserved 1071104K
  class space    used 2354K, capacity 2568K, committed 2688K, reserved 1048576K
}
Event: 735.657 GC heap before
{Heap before GC invocations=667 (full 22):
 def new generation   total 1900160K, used 1891883K [0x0000000080200000, 0x0000000100fc0000, 0x0000000300150000)
  eden space 1689088K, 100% used [0x0000000080200000, 0x00000000e7380000, 0x00000000e7380000)
  from space 211072K,  96% used [0x00000000f41a0000, 0x00000001007aaeb0, 0x0000000100fc0000)
  to   space 211072K,   0% used [0x00000000e7380000, 0x00000000e7380000, 0x00000000f41a0000)
 tenured generation   total 4222396K, used 4165148K [0x0000000300150000, 0x0000000401cbf000, 0x0000000800000000)
   the space 4222396K,  98% used [0x0000000300150000, 0x00000003fe4d7308, 0x00000003fe4d7400, 0x0000000401cbf000)
 Metaspace       used 22748K, capacity 23295K, committed 23680K, reserved 1071104K
  class space    used 2354K, capacity 2568K, committed 2688K, reserved 1048576K
}
Event: 736.044 GC heap after
{Heap after GC invocations=668 (full 22):
 def new generation   total 1900160K, used 202066K [0x0000000080200000, 0x0000000100fc0000, 0x0000000300150000)
  eden space 1689088K,   0% used [0x0000000080200000, 0x0000000080200000, 0x00000000e7380000)
  from space 211072K,  95% used [0x00000000e7380000, 0x00000000f38d4b98, 0x00000000f41a0000)
  to   space 211072K,   0% used [0x00000000f41a0000, 0x00000000f41a0000, 0x0000000100fc0000)
 tenured generation   total 4266524K, used 4266390K [0x0000000300150000, 0x00000004047d7000, 0x0000000800000000)
   the space 4266524K,  99% used [0x0000000300150000, 0x00000004047b5a50, 0x00000004047b5c00, 0x00000004047d7000)
 Metaspace       used 22748K, capacity 23295K, committed 23680K, reserved 1071104K
  class space    used 2354K, capacity 2568K, committed 2688K, reserved 1048576K
}
Event: 736.044 GC heap before
{Heap before GC invocations=668 (full 22):
 def new generation   total 1900160K, used 202066K [0x0000000080200000, 0x0000000100fc0000, 0x0000000300150000)
  eden space 1689088K,   0% used [0x0000000080200000, 0x0000000080200000, 0x00000000e7380000)
  from space 211072K,  95% used [0x00000000e7380000, 0x00000000f38d4b98, 0x00000000f41a0000)
  to   space 211072K,   0% used [0x00000000f41a0000, 0x00000000f41a0000, 0x0000000100fc0000)
 tenured generation   total 4266524K, used 4266390K [0x0000000300150000, 0x00000004047d7000, 0x0000000800000000)
   the space 4266524K,  99% used [0x0000000300150000, 0x00000004047b5a50, 0x00000004047b5c00, 0x00000004047d7000)
 Metaspace       used 22748K, capacity 23295K, committed 23680K, reserved 1071104K
  class space    used 2354K, capacity 2568K, committed 2688K, reserved 1048576K
}

