# JRE version: OpenJDK Runtime Environment (13.0.7+5) (build 13.0.7+5-Ubuntu-0ubuntu120.04)
# Java VM: OpenJDK 64-Bit Server VM (13.0.7+5-Ubuntu-0ubuntu120.04, mixed mode, tiered, serial gc, linux-amd64)
Heap:
 def new generation   total 7346752K, used 0K [0x00007f4c3c600000, 0x00007f4e2e9b0000, 0x00007f5191b50000)
  eden space 6530496K,   0% used [0x00007f4c3c600000, 0x00007f4c3c600000, 0x00007f4dcaf70000)
  from space 816256K,   0% used [0x00007f4dcaf70000, 0x00007f4dcaf70000, 0x00007f4dfcc90000)
  to   space 816256K,   0% used [0x00007f4dfcc90000, 0x00007f4dfcc90000, 0x00007f4e2e9b0000)
 tenured generation   total 16884324K, used 16551276K [0x00007f5191b50000, 0x00007f55983e9000, 0x00007f5c3c600000)
   the space 16884324K,  98% used [0x00007f5191b50000, 0x00007f5583eab048, 0x00007f5583eab200, 0x00007f55983e9000)
 Metaspace       used 30524K, capacity 30980K, committed 31232K, reserved 32768K
GC Heap History (20 events):
Event: 94.406 GC heap after
{Heap after GC invocations=45 (full 4):
 def new generation   total 4094528K, used 454911K [0x00007f4c3c600000, 0x00007f4d520d0000, 0x00007f5191b50000)
  eden space 3639616K,   0% used [0x00007f4c3c600000, 0x00007f4c3c600000, 0x00007f4d1a850000)
  from space 454912K,  99% used [0x00007f4d36490000, 0x00007f4d520cfff8, 0x00007f4d520d0000)
  to   space 454912K,   0% used [0x00007f4d1a850000, 0x00007f4d1a850000, 0x00007f4d36490000)
 tenured generation   total 9098824K, used 7384980K [0x00007f5191b50000, 0x00007f53bd0e2000, 0x00007f5c3c600000)
   the space 9098824K,  81% used [0x00007f5191b50000, 0x00007f5354735288, 0x00007f5354735400, 0x00007f53bd0e2000)
 Metaspace       used 30524K, capacity 30980K, committed 31232K, reserved 32768K
}
Event: 174.202 GC heap before
{Heap before GC invocations=45 (full 4):
 def new generation   total 4094528K, used 4094527K [0x00007f4c3c600000, 0x00007f4d520d0000, 0x00007f5191b50000)
  eden space 3639616K, 100% used [0x00007f4c3c600000, 0x00007f4d1a850000, 0x00007f4d1a850000)
  from space 454912K,  99% used [0x00007f4d36490000, 0x00007f4d520cfff8, 0x00007f4d520d0000)
  to   space 454912K,   0% used [0x00007f4d1a850000, 0x00007f4d1a850000, 0x00007f4d36490000)
 tenured generation   total 9098824K, used 7384980K [0x00007f5191b50000, 0x00007f53bd0e2000, 0x00007f5c3c600000)
   the space 9098824K,  81% used [0x00007f5191b50000, 0x00007f5354735288, 0x00007f5354735400, 0x00007f53bd0e2000)
 Metaspace       used 30524K, capacity 30980K, committed 31232K, reserved 32768K
}
Event: 179.487 GC heap after
{Heap after GC invocations=46 (full 4):
 def new generation   total 4094528K, used 454911K [0x00007f4c3c600000, 0x00007f4d520d0000, 0x00007f5191b50000)
  eden space 3639616K,   0% used [0x00007f4c3c600000, 0x00007f4c3c600000, 0x00007f4d1a850000)
  from space 454912K,  99% used [0x00007f4d1a850000, 0x00007f4d3648fff8, 0x00007f4d36490000)
  to   space 454912K,   0% used [0x00007f4d36490000, 0x00007f4d36490000, 0x00007f4d520d0000)
 tenured generation   total 9098824K, used 8851396K [0x00007f5191b50000, 0x00007f53bd0e2000, 0x00007f5c3c600000)
   the space 9098824K,  97% used [0x00007f5191b50000, 0x00007f53adf41138, 0x00007f53adf41200, 0x00007f53bd0e2000)
 Metaspace       used 30524K, capacity 30980K, committed 31232K, reserved 32768K
}
Event: 338.912 GC heap before
{Heap before GC invocations=46 (full 4):
 def new generation   total 4094528K, used 4094527K [0x00007f4c3c600000, 0x00007f4d520d0000, 0x00007f5191b50000)
  eden space 3639616K, 100% used [0x00007f4c3c600000, 0x00007f4d1a850000, 0x00007f4d1a850000)
  from space 454912K,  99% used [0x00007f4d1a850000, 0x00007f4d3648fff8, 0x00007f4d36490000)
  to   space 454912K,   0% used [0x00007f4d36490000, 0x00007f4d36490000, 0x00007f4d520d0000)
 tenured generation   total 9098824K, used 8851396K [0x00007f5191b50000, 0x00007f53bd0e2000, 0x00007f5c3c600000)
   the space 9098824K,  97% used [0x00007f5191b50000, 0x00007f53adf41138, 0x00007f53adf41200, 0x00007f53bd0e2000)
 Metaspace       used 30524K, capacity 30980K, committed 31232K, reserved 32768K
}
Event: 341.502 GC heap after
{Heap after GC invocations=47 (full 4):
 def new generation   total 4094528K, used 454911K [0x00007f4c3c600000, 0x00007f4d520d0000, 0x00007f5191b50000)
  eden space 3639616K,   0% used [0x00007f4c3c600000, 0x00007f4c3c600000, 0x00007f4d1a850000)
  from space 454912K,  99% used [0x00007f4d36490000, 0x00007f4d520cfff8, 0x00007f4d520d0000)
  to   space 454912K,   0% used [0x00007f4d1a850000, 0x00007f4d1a850000, 0x00007f4d36490000)
 tenured generation   total 9795592K, used 9795575K [0x00007f5191b50000, 0x00007f53e7952000, 0x00007f5c3c600000)
   the space 9795592K,  99% used [0x00007f5191b50000, 0x00007f53e794dfb0, 0x00007f53e794e000, 0x00007f53e7952000)
 Metaspace       used 30524K, capacity 30980K, committed 31232K, reserved 32768K
}
Event: 341.502 GC heap before
{Heap before GC invocations=47 (full 4):
 def new generation   total 4094528K, used 454911K [0x00007f4c3c600000, 0x00007f4d520d0000, 0x00007f5191b50000)
  eden space 3639616K,   0% used [0x00007f4c3c600000, 0x00007f4c3c600000, 0x00007f4d1a850000)
  from space 454912K,  99% used [0x00007f4d36490000, 0x00007f4d520cfff8, 0x00007f4d520d0000)
  to   space 454912K,   0% used [0x00007f4d1a850000, 0x00007f4d1a850000, 0x00007f4d36490000)
 tenured generation   total 9795592K, used 9795575K [0x00007f5191b50000, 0x00007f53e7952000, 0x00007f5c3c600000)
   the space 9795592K,  99% used [0x00007f5191b50000, 0x00007f53e794dfb0, 0x00007f53e794e000, 0x00007f53e7952000)
 Metaspace       used 30524K, capacity 30980K, committed 31232K, reserved 32768K
}
Event: 358.146 GC heap after
{Heap after GC invocations=47 (full 5):
 def new generation   total 7346752K, used 436310K [0x00007f4c3c600000, 0x00007f4e2e9b0000, 0x00007f5191b50000)
  eden space 6530496K,   6% used [0x00007f4c3c600000, 0x00007f4c57015b40, 0x00007f4dcaf70000)
  from space 816256K,   0% used [0x00007f4dcaf70000, 0x00007f4dcaf70000, 0x00007f4dfcc90000)
  to   space 816256K,   0% used [0x00007f4dfcc90000, 0x00007f4dfcc90000, 0x00007f4e2e9b0000)
 tenured generation   total 16325988K, used 9795591K [0x00007f5191b50000, 0x00007f55762a9000, 0x00007f5c3c600000)
   the space 16325988K,  59% used [0x00007f5191b50000, 0x00007f53e7951fe8, 0x00007f53e7952000, 0x00007f55762a9000)
 Metaspace       used 30524K, capacity 30980K, committed 31232K, reserved 32768K
}
Event: 661.276 GC heap before
{Heap before GC invocations=47 (full 5):
 def new generation   total 7346752K, used 6530496K [0x00007f4c3c600000, 0x00007f4e2e9b0000, 0x00007f5191b50000)
  eden space 6530496K, 100% used [0x00007f4c3c600000, 0x00007f4dcaf70000, 0x00007f4dcaf70000)
  from space 816256K,   0% used [0x00007f4dcaf70000, 0x00007f4dcaf70000, 0x00007f4dfcc90000)
  to   space 816256K,   0% used [0x00007f4dfcc90000, 0x00007f4dfcc90000, 0x00007f4e2e9b0000)
 tenured generation   total 16325988K, used 9795591K [0x00007f5191b50000, 0x00007f55762a9000, 0x00007f5c3c600000)
   the space 16325988K,  59% used [0x00007f5191b50000, 0x00007f53e7951fe8, 0x00007f53e7952000, 0x00007f55762a9000)
 Metaspace       used 30524K, capacity 30980K, committed 31232K, reserved 32768K
}
Event: 668.029 GC heap after
{Heap after GC invocations=48 (full 5):
 def new generation   total 7346752K, used 816255K [0x00007f4c3c600000, 0x00007f4e2e9b0000, 0x00007f5191b50000)
  eden space 6530496K,   0% used [0x00007f4c3c600000, 0x00007f4c3c600000, 0x00007f4dcaf70000)
  from space 816256K,  99% used [0x00007f4dfcc90000, 0x00007f4e2e9afff0, 0x00007f4e2e9b0000)
  to   space 816256K,   0% used [0x00007f4dcaf70000, 0x00007f4dcaf70000, 0x00007f4dfcc90000)
 tenured generation   total 16325988K, used 10698627K [0x00007f5191b50000, 0x00007f55762a9000, 0x00007f5c3c600000)
   the space 16325988K,  65% used [0x00007f5191b50000, 0x00007f541eb30ec8, 0x00007f541eb31000, 0x00007f55762a9000)
 Metaspace       used 30524K, capacity 30980K, committed 31232K, reserved 32768K
}
Event: 982.140 GC heap before
{Heap before GC invocations=48 (full 5):
 def new generation   total 7346752K, used 7346751K [0x00007f4c3c600000, 0x00007f4e2e9b0000, 0x00007f5191b50000)
  eden space 6530496K, 100% used [0x00007f4c3c600000, 0x00007f4dcaf70000, 0x00007f4dcaf70000)
  from space 816256K,  99% used [0x00007f4dfcc90000, 0x00007f4e2e9afff0, 0x00007f4e2e9b0000)
  to   space 816256K,   0% used [0x00007f4dcaf70000, 0x00007f4dcaf70000, 0x00007f4dfcc90000)
 tenured generation   total 16325988K, used 10698627K [0x00007f5191b50000, 0x00007f55762a9000, 0x00007f5c3c600000)
   the space 16325988K,  65% used [0x00007f5191b50000, 0x00007f541eb30ec8, 0x00007f541eb31000, 0x00007f55762a9000)
 Metaspace       used 30524K, capacity 30980K, committed 31232K, reserved 32768K
}
Event: 986.969 GC heap after
{Heap after GC invocations=49 (full 5):
 def new generation   total 7346752K, used 816255K [0x00007f4c3c600000, 0x00007f4e2e9b0000, 0x00007f5191b50000)
  eden space 6530496K,   0% used [0x00007f4c3c600000, 0x00007f4c3c600000, 0x00007f4dcaf70000)
  from space 816256K,  99% used [0x00007f4dcaf70000, 0x00007f4dfcc8fff0, 0x00007f4dfcc90000)
  to   space 816256K,   0% used [0x00007f4dfcc90000, 0x00007f4dfcc90000, 0x00007f4e2e9b0000)
 tenured generation   total 16325988K, used 12073462K [0x00007f5191b50000, 0x00007f55762a9000, 0x00007f5c3c600000)
   the space 16325988K,  73% used [0x00007f5191b50000, 0x00007f54729cdb88, 0x00007f54729cdc00, 0x00007f55762a9000)
 Metaspace       used 30524K, capacity 30980K, committed 31232K, reserved 32768K
}
Event: 1186.621 GC heap before
{Heap before GC invocations=49 (full 5):
 def new generation   total 7346752K, used 7346751K [0x00007f4c3c600000, 0x00007f4e2e9b0000, 0x00007f5191b50000)
  eden space 6530496K, 100% used [0x00007f4c3c600000, 0x00007f4dcaf70000, 0x00007f4dcaf70000)
  from space 816256K,  99% used [0x00007f4dcaf70000, 0x00007f4dfcc8fff0, 0x00007f4dfcc90000)
  to   space 816256K,   0% used [0x00007f4dfcc90000, 0x00007f4dfcc90000, 0x00007f4e2e9b0000)
 tenured generation   total 16325988K, used 12073462K [0x00007f5191b50000, 0x00007f55762a9000, 0x00007f5c3c600000)
   the space 16325988K,  73% used [0x00007f5191b50000, 0x00007f54729cdb88, 0x00007f54729cdc00, 0x00007f55762a9000)
 Metaspace       used 30524K, capacity 30980K, committed 31232K, reserved 32768K
}
Event: 1191.180 GC heap after
{Heap after GC invocations=50 (full 5):
 def new generation   total 7346752K, used 816255K [0x00007f4c3c600000, 0x00007f4e2e9b0000, 0x00007f5191b50000)
  eden space 6530496K,   0% used [0x00007f4c3c600000, 0x00007f4c3c600000, 0x00007f4dcaf70000)
  from space 816256K,  99% used [0x00007f4dfcc90000, 0x00007f4e2e9afff0, 0x00007f4e2e9b0000)
  to   space 816256K,   0% used [0x00007f4dcaf70000, 0x00007f4dcaf70000, 0x00007f4dfcc90000)
 tenured generation   total 16325988K, used 13448297K [0x00007f5191b50000, 0x00007f55762a9000, 0x00007f5c3c600000)
   the space 16325988K,  82% used [0x00007f5191b50000, 0x00007f54c686a7a8, 0x00007f54c686a800, 0x00007f55762a9000)
 Metaspace       used 30524K, capacity 30980K, committed 31232K, reserved 32768K
}
Event: 1321.791 GC heap before
{Heap before GC invocations=50 (full 5):
 def new generation   total 7346752K, used 7346751K [0x00007f4c3c600000, 0x00007f4e2e9b0000, 0x00007f5191b50000)
  eden space 6530496K, 100% used [0x00007f4c3c600000, 0x00007f4dcaf70000, 0x00007f4dcaf70000)
  from space 816256K,  99% used [0x00007f4dfcc90000, 0x00007f4e2e9afff0, 0x00007f4e2e9b0000)
  to   space 816256K,   0% used [0x00007f4dcaf70000, 0x00007f4dcaf70000, 0x00007f4dfcc90000)
 tenured generation   total 16325988K, used 13448297K [0x00007f5191b50000, 0x00007f55762a9000, 0x00007f5c3c600000)
   the space 16325988K,  82% used [0x00007f5191b50000, 0x00007f54c686a7a8, 0x00007f54c686a800, 0x00007f55762a9000)
 Metaspace       used 30524K, capacity 30980K, committed 31232K, reserved 32768K
}
Event: 1325.618 GC heap after
{Heap after GC invocations=51 (full 5):
 def new generation   total 7346752K, used 816255K [0x00007f4c3c600000, 0x00007f4e2e9b0000, 0x00007f5191b50000)
  eden space 6530496K,   0% used [0x00007f4c3c600000, 0x00007f4c3c600000, 0x00007f4dcaf70000)
  from space 816256K,  99% used [0x00007f4dcaf70000, 0x00007f4dfcc8fff0, 0x00007f4dfcc90000)
  to   space 816256K,   0% used [0x00007f4dfcc90000, 0x00007f4dfcc90000, 0x00007f4e2e9b0000)
 tenured generation   total 16325988K, used 14823132K [0x00007f5191b50000, 0x00007f55762a9000, 0x00007f5c3c600000)
   the space 16325988K,  90% used [0x00007f5191b50000, 0x00007f551a707368, 0x00007f551a707400, 0x00007f55762a9000)
 Metaspace       used 30524K, capacity 30980K, committed 31232K, reserved 32768K
}
Event: 1332.350 GC heap before
{Heap before GC invocations=51 (full 5):
 def new generation   total 7346752K, used 7346751K [0x00007f4c3c600000, 0x00007f4e2e9b0000, 0x00007f5191b50000)
  eden space 6530496K, 100% used [0x00007f4c3c600000, 0x00007f4dcaf70000, 0x00007f4dcaf70000)
  from space 816256K,  99% used [0x00007f4dcaf70000, 0x00007f4dfcc8fff0, 0x00007f4dfcc90000)
  to   space 816256K,   0% used [0x00007f4dfcc90000, 0x00007f4dfcc90000, 0x00007f4e2e9b0000)
 tenured generation   total 16325988K, used 14823132K [0x00007f5191b50000, 0x00007f55762a9000, 0x00007f5c3c600000)
   the space 16325988K,  90% used [0x00007f5191b50000, 0x00007f551a707368, 0x00007f551a707400, 0x00007f55762a9000)
 Metaspace       used 30524K, capacity 30980K, committed 31232K, reserved 32768K
}
Event: 1334.848 GC heap after
{Heap after GC invocations=52 (full 5):
 def new generation   total 7346752K, used 816255K [0x00007f4c3c600000, 0x00007f4e2e9b0000, 0x00007f5191b50000)
  eden space 6530496K,   0% used [0x00007f4c3c600000, 0x00007f4c3c600000, 0x00007f4dcaf70000)
  from space 816256K,  99% used [0x00007f4dfcc90000, 0x00007f4e2e9afff8, 0x00007f4e2e9b0000)
  to   space 816256K,   0% used [0x00007f4dcaf70000, 0x00007f4dcaf70000, 0x00007f4dfcc90000)
 tenured generation   total 16325988K, used 16067970K [0x00007f5191b50000, 0x00007f55762a9000, 0x00007f5c3c600000)
   the space 16325988K,  98% used [0x00007f5191b50000, 0x00007f55666b08e8, 0x00007f55666b0a00, 0x00007f55762a9000)
 Metaspace       used 30524K, capacity 30980K, committed 31232K, reserved 32768K
}
Event: 1336.547 GC heap before
{Heap before GC invocations=52 (full 5):
 def new generation   total 7346752K, used 7346751K [0x00007f4c3c600000, 0x00007f4e2e9b0000, 0x00007f5191b50000)
  eden space 6530496K, 100% used [0x00007f4c3c600000, 0x00007f4dcaf70000, 0x00007f4dcaf70000)
  from space 816256K,  99% used [0x00007f4dfcc90000, 0x00007f4e2e9afff8, 0x00007f4e2e9b0000)
  to   space 816256K,   0% used [0x00007f4dcaf70000, 0x00007f4dcaf70000, 0x00007f4dfcc90000)
 tenured generation   total 16325988K, used 16067970K [0x00007f5191b50000, 0x00007f55762a9000, 0x00007f5c3c600000)
   the space 16325988K,  98% used [0x00007f5191b50000, 0x00007f55666b08e8, 0x00007f55666b0a00, 0x00007f55762a9000)
 Metaspace       used 30524K, capacity 30980K, committed 31232K, reserved 32768K
}
Event: 1338.356 GC heap after
{Heap after GC invocations=53 (full 5):
 def new generation   total 7346752K, used 490529K [0x00007f4c3c600000, 0x00007f4e2e9b0000, 0x00007f5191b50000)
  eden space 6530496K,   0% used [0x00007f4c3c600000, 0x00007f4c3c600000, 0x00007f4dcaf70000)
  from space 816256K,  60% used [0x00007f4dcaf70000, 0x00007f4de8e78638, 0x00007f4dfcc90000)
  to   space 816256K,   0% used [0x00007f4dfcc90000, 0x00007f4dfcc90000, 0x00007f4e2e9b0000)
 tenured generation   total 16884324K, used 16884225K [0x00007f5191b50000, 0x00007f55983e9000, 0x00007f5c3c600000)
   the space 16884324K,  99% used [0x00007f5191b50000, 0x00007f55983d0520, 0x00007f55983d0600, 0x00007f55983e9000)
 Metaspace       used 30524K, capacity 30980K, committed 31232K, reserved 32768K
}
Event: 1338.356 GC heap before
{Heap before GC invocations=53 (full 5):
 def new generation   total 7346752K, used 490529K [0x00007f4c3c600000, 0x00007f4e2e9b0000, 0x00007f5191b50000)
  eden space 6530496K,   0% used [0x00007f4c3c600000, 0x00007f4c3c600000, 0x00007f4dcaf70000)
  from space 816256K,  60% used [0x00007f4dcaf70000, 0x00007f4de8e78638, 0x00007f4dfcc90000)
  to   space 816256K,   0% used [0x00007f4dfcc90000, 0x00007f4dfcc90000, 0x00007f4e2e9b0000)
 tenured generation   total 16884324K, used 16884225K [0x00007f5191b50000, 0x00007f55983e9000, 0x00007f5c3c600000)
   the space 16884324K,  99% used [0x00007f5191b50000, 0x00007f55983d0520, 0x00007f55983d0600, 0x00007f55983e9000)
 Metaspace       used 30524K, capacity 30980K, committed 31232K, reserved 32768K
}

