# JRE version: OpenJDK Runtime Environment (13.0.7+5) (build 13.0.7+5-Ubuntu-0ubuntu120.04)
# Java VM: OpenJDK 64-Bit Server VM (13.0.7+5-Ubuntu-0ubuntu120.04, mixed mode, tiered, serial gc, linux-amd64)
Heap:
 def new generation   total 14732480K, used 0K [0x00007efff0600000, 0x00007f03d77c0000, 0x00007f0545b50000)
  eden space 13095552K,   0% used [0x00007efff0600000, 0x00007efff0600000, 0x00007f030faa0000)
  from space 1636928K,   0% used [0x00007f030faa0000, 0x00007f030faa0000, 0x00007f0373930000)
  to   space 1636928K,   0% used [0x00007f0373930000, 0x00007f0373930000, 0x00007f03d77c0000)
 tenured generation   total 33171372K, used 30946860K [0x00007f0545b50000, 0x00007f0d2e53b000, 0x00007f0ff0600000)
   the space 33171372K,  93% used [0x00007f0545b50000, 0x00007f0ca68db228, 0x00007f0ca68db400, 0x00007f0d2e53b000)
 Metaspace       used 30691K, capacity 31123K, committed 31232K, reserved 32768K
GC Heap History (20 events):
Event: 2443.321 GC heap after
{Heap after GC invocations=115 (full 7):
 def new generation   total 14732480K, used 1636927K [0x00007efff0600000, 0x00007f03d77c0000, 0x00007f0545b50000)
  eden space 13095552K,   0% used [0x00007efff0600000, 0x00007efff0600000, 0x00007f030faa0000)
  from space 1636928K,  99% used [0x00007f0373930000, 0x00007f03d77bfff0, 0x00007f03d77c0000)
  to   space 1636928K,   0% used [0x00007f030faa0000, 0x00007f030faa0000, 0x00007f0373930000)
 tenured generation   total 32738796K, used 21372054K [0x00007f0545b50000, 0x00007f0d13ecb000, 0x00007f0ff0600000)
   the space 32738796K,  65% used [0x00007f0545b50000, 0x00007f0a5e2758d0, 0x00007f0a5e275a00, 0x00007f0d13ecb000)
 Metaspace       used 30691K, capacity 31123K, committed 31232K, reserved 32768K
}
Event: 2995.459 GC heap before
{Heap before GC invocations=115 (full 7):
 def new generation   total 14732480K, used 14732479K [0x00007efff0600000, 0x00007f03d77c0000, 0x00007f0545b50000)
  eden space 13095552K, 100% used [0x00007efff0600000, 0x00007f030faa0000, 0x00007f030faa0000)
  from space 1636928K,  99% used [0x00007f0373930000, 0x00007f03d77bfff0, 0x00007f03d77c0000)
  to   space 1636928K,   0% used [0x00007f030faa0000, 0x00007f030faa0000, 0x00007f0373930000)
 tenured generation   total 32738796K, used 21372054K [0x00007f0545b50000, 0x00007f0d13ecb000, 0x00007f0ff0600000)
   the space 32738796K,  65% used [0x00007f0545b50000, 0x00007f0a5e2758d0, 0x00007f0a5e275a00, 0x00007f0d13ecb000)
 Metaspace       used 30691K, capacity 31123K, committed 31232K, reserved 32768K
}
Event: 3000.974 GC heap after
{Heap after GC invocations=116 (full 7):
 def new generation   total 14732480K, used 1636927K [0x00007efff0600000, 0x00007f03d77c0000, 0x00007f0545b50000)
  eden space 13095552K,   0% used [0x00007efff0600000, 0x00007efff0600000, 0x00007f030faa0000)
  from space 1636928K,  99% used [0x00007f030faa0000, 0x00007f037392fff0, 0x00007f0373930000)
  to   space 1636928K,   0% used [0x00007f0373930000, 0x00007f0373930000, 0x00007f03d77c0000)
 tenured generation   total 32738796K, used 24129006K [0x00007f0545b50000, 0x00007f0d13ecb000, 0x00007f0ff0600000)
   the space 32738796K,  73% used [0x00007f0545b50000, 0x00007f0b066cb950, 0x00007f0b066cba00, 0x00007f0d13ecb000)
 Metaspace       used 30691K, capacity 31123K, committed 31232K, reserved 32768K
}
Event: 3025.861 GC heap before
{Heap before GC invocations=116 (full 7):
 def new generation   total 14732480K, used 14732479K [0x00007efff0600000, 0x00007f03d77c0000, 0x00007f0545b50000)
  eden space 13095552K, 100% used [0x00007efff0600000, 0x00007f030faa0000, 0x00007f030faa0000)
  from space 1636928K,  99% used [0x00007f030faa0000, 0x00007f037392fff0, 0x00007f0373930000)
  to   space 1636928K,   0% used [0x00007f0373930000, 0x00007f0373930000, 0x00007f03d77c0000)
 tenured generation   total 32738796K, used 24129006K [0x00007f0545b50000, 0x00007f0d13ecb000, 0x00007f0ff0600000)
   the space 32738796K,  73% used [0x00007f0545b50000, 0x00007f0b066cb950, 0x00007f0b066cba00, 0x00007f0d13ecb000)
 Metaspace       used 30691K, capacity 31123K, committed 31232K, reserved 32768K
}
Event: 3028.944 GC heap after
{Heap after GC invocations=117 (full 7):
 def new generation   total 14732480K, used 1338584K [0x00007efff0600000, 0x00007f03d77c0000, 0x00007f0545b50000)
  eden space 13095552K,   0% used [0x00007efff0600000, 0x00007efff0600000, 0x00007f030faa0000)
  from space 1636928K,  81% used [0x00007f0373930000, 0x00007f03c54661b8, 0x00007f03d77c0000)
  to   space 1636928K,   0% used [0x00007f030faa0000, 0x00007f030faa0000, 0x00007f0373930000)
 tenured generation   total 32738796K, used 25765934K [0x00007f0545b50000, 0x00007f0d13ecb000, 0x00007f0ff0600000)
   the space 32738796K,  78% used [0x00007f0545b50000, 0x00007f0b6a55b890, 0x00007f0b6a55ba00, 0x00007f0d13ecb000)
 Metaspace       used 30691K, capacity 31123K, committed 31232K, reserved 32768K
}
Event: 3032.388 GC heap before
{Heap before GC invocations=117 (full 7):
 def new generation   total 14732480K, used 14434136K [0x00007efff0600000, 0x00007f03d77c0000, 0x00007f0545b50000)
  eden space 13095552K, 100% used [0x00007efff0600000, 0x00007f030faa0000, 0x00007f030faa0000)
  from space 1636928K,  81% used [0x00007f0373930000, 0x00007f03c54661b8, 0x00007f03d77c0000)
  to   space 1636928K,   0% used [0x00007f030faa0000, 0x00007f030faa0000, 0x00007f0373930000)
 tenured generation   total 32738796K, used 25765934K [0x00007f0545b50000, 0x00007f0d13ecb000, 0x00007f0ff0600000)
   the space 32738796K,  78% used [0x00007f0545b50000, 0x00007f0b6a55b890, 0x00007f0b6a55ba00, 0x00007f0d13ecb000)
 Metaspace       used 30691K, capacity 31123K, committed 31232K, reserved 32768K
}
Event: 3035.093 GC heap after
{Heap after GC invocations=118 (full 7):
 def new generation   total 14732480K, used 988244K [0x00007efff0600000, 0x00007f03d77c0000, 0x00007f0545b50000)
  eden space 13095552K,   0% used [0x00007efff0600000, 0x00007efff0600000, 0x00007f030faa0000)
  from space 1636928K,  60% used [0x00007f030faa0000, 0x00007f034bfb5040, 0x00007f0373930000)
  to   space 1636928K,   0% used [0x00007f0373930000, 0x00007f0373930000, 0x00007f03d77c0000)
 tenured generation   total 32738796K, used 27104517K [0x00007f0545b50000, 0x00007f0d13ecb000, 0x00007f0ff0600000)
   the space 32738796K,  82% used [0x00007f0545b50000, 0x00007f0bbc091658, 0x00007f0bbc091800, 0x00007f0d13ecb000)
 Metaspace       used 30691K, capacity 31123K, committed 31232K, reserved 32768K
}
Event: 3038.511 GC heap before
{Heap before GC invocations=118 (full 7):
 def new generation   total 14732480K, used 14083796K [0x00007efff0600000, 0x00007f03d77c0000, 0x00007f0545b50000)
  eden space 13095552K, 100% used [0x00007efff0600000, 0x00007f030faa0000, 0x00007f030faa0000)
  from space 1636928K,  60% used [0x00007f030faa0000, 0x00007f034bfb5040, 0x00007f0373930000)
  to   space 1636928K,   0% used [0x00007f0373930000, 0x00007f0373930000, 0x00007f03d77c0000)
 tenured generation   total 32738796K, used 27104517K [0x00007f0545b50000, 0x00007f0d13ecb000, 0x00007f0ff0600000)
   the space 32738796K,  82% used [0x00007f0545b50000, 0x00007f0bbc091658, 0x00007f0bbc091800, 0x00007f0d13ecb000)
 Metaspace       used 30691K, capacity 31123K, committed 31232K, reserved 32768K
}
Event: 3040.922 GC heap after
{Heap after GC invocations=119 (full 7):
 def new generation   total 14732480K, used 983097K [0x00007efff0600000, 0x00007f03d77c0000, 0x00007f0545b50000)
  eden space 13095552K,   0% used [0x00007efff0600000, 0x00007efff0600000, 0x00007f030faa0000)
  from space 1636928K,  60% used [0x00007f0373930000, 0x00007f03af93e650, 0x00007f03d77c0000)
  to   space 1636928K,   0% used [0x00007f030faa0000, 0x00007f030faa0000, 0x00007f0373930000)
 tenured generation   total 32738796K, used 28092761K [0x00007f0545b50000, 0x00007f0d13ecb000, 0x00007f0ff0600000)
   the space 32738796K,  85% used [0x00007f0545b50000, 0x00007f0bf85a6488, 0x00007f0bf85a6600, 0x00007f0d13ecb000)
 Metaspace       used 30691K, capacity 31123K, committed 31232K, reserved 32768K
}
Event: 3044.351 GC heap before
{Heap before GC invocations=119 (full 7):
 def new generation   total 14732480K, used 14078649K [0x00007efff0600000, 0x00007f03d77c0000, 0x00007f0545b50000)
  eden space 13095552K, 100% used [0x00007efff0600000, 0x00007f030faa0000, 0x00007f030faa0000)
  from space 1636928K,  60% used [0x00007f0373930000, 0x00007f03af93e650, 0x00007f03d77c0000)
  to   space 1636928K,   0% used [0x00007f030faa0000, 0x00007f030faa0000, 0x00007f0373930000)
 tenured generation   total 32738796K, used 28092761K [0x00007f0545b50000, 0x00007f0d13ecb000, 0x00007f0ff0600000)
   the space 32738796K,  85% used [0x00007f0545b50000, 0x00007f0bf85a6488, 0x00007f0bf85a6600, 0x00007f0d13ecb000)
 Metaspace       used 30691K, capacity 31123K, committed 31232K, reserved 32768K
}
Event: 3046.773 GC heap after
{Heap after GC invocations=120 (full 7):
 def new generation   total 14732480K, used 982007K [0x00007efff0600000, 0x00007f03d77c0000, 0x00007f0545b50000)
  eden space 13095552K,   0% used [0x00007efff0600000, 0x00007efff0600000, 0x00007f030faa0000)
  from space 1636928K,  59% used [0x00007f030faa0000, 0x00007f034b99df70, 0x00007f0373930000)
  to   space 1636928K,   0% used [0x00007f0373930000, 0x00007f0373930000, 0x00007f03d77c0000)
 tenured generation   total 32738796K, used 29075857K [0x00007f0545b50000, 0x00007f0d13ecb000, 0x00007f0ff0600000)
   the space 32738796K,  88% used [0x00007f0545b50000, 0x00007f0c345b4798, 0x00007f0c345b4800, 0x00007f0d13ecb000)
 Metaspace       used 30691K, capacity 31123K, committed 31232K, reserved 32768K
}
Event: 3050.158 GC heap before
{Heap before GC invocations=120 (full 7):
 def new generation   total 14732480K, used 14077559K [0x00007efff0600000, 0x00007f03d77c0000, 0x00007f0545b50000)
  eden space 13095552K, 100% used [0x00007efff0600000, 0x00007f030faa0000, 0x00007f030faa0000)
  from space 1636928K,  59% used [0x00007f030faa0000, 0x00007f034b99df70, 0x00007f0373930000)
  to   space 1636928K,   0% used [0x00007f0373930000, 0x00007f0373930000, 0x00007f03d77c0000)
 tenured generation   total 32738796K, used 29075857K [0x00007f0545b50000, 0x00007f0d13ecb000, 0x00007f0ff0600000)
   the space 32738796K,  88% used [0x00007f0545b50000, 0x00007f0c345b4798, 0x00007f0c345b4800, 0x00007f0d13ecb000)
 Metaspace       used 30691K, capacity 31123K, committed 31232K, reserved 32768K
}
Event: 3052.580 GC heap after
{Heap after GC invocations=121 (full 7):
 def new generation   total 14732480K, used 990867K [0x00007efff0600000, 0x00007f03d77c0000, 0x00007f0545b50000)
  eden space 13095552K,   0% used [0x00007efff0600000, 0x00007efff0600000, 0x00007f030faa0000)
  from space 1636928K,  60% used [0x00007f0373930000, 0x00007f03b00d4c40, 0x00007f03d77c0000)
  to   space 1636928K,   0% used [0x00007f030faa0000, 0x00007f030faa0000, 0x00007f0373930000)
 tenured generation   total 32738796K, used 30057864K [0x00007f0545b50000, 0x00007f0d13ecb000, 0x00007f0ff0600000)
   the space 32738796K,  91% used [0x00007f0545b50000, 0x00007f0c704b23e8, 0x00007f0c704b2400, 0x00007f0d13ecb000)
 Metaspace       used 30691K, capacity 31123K, committed 31232K, reserved 32768K
}
Event: 3056.128 GC heap before
{Heap before GC invocations=121 (full 7):
 def new generation   total 14732480K, used 14086419K [0x00007efff0600000, 0x00007f03d77c0000, 0x00007f0545b50000)
  eden space 13095552K, 100% used [0x00007efff0600000, 0x00007f030faa0000, 0x00007f030faa0000)
  from space 1636928K,  60% used [0x00007f0373930000, 0x00007f03b00d4c40, 0x00007f03d77c0000)
  to   space 1636928K,   0% used [0x00007f030faa0000, 0x00007f030faa0000, 0x00007f0373930000)
 tenured generation   total 32738796K, used 30057864K [0x00007f0545b50000, 0x00007f0d13ecb000, 0x00007f0ff0600000)
   the space 32738796K,  91% used [0x00007f0545b50000, 0x00007f0c704b23e8, 0x00007f0c704b2400, 0x00007f0d13ecb000)
 Metaspace       used 30691K, capacity 31123K, committed 31232K, reserved 32768K
}
Event: 3058.665 GC heap after
{Heap after GC invocations=122 (full 7):
 def new generation   total 14732480K, used 1052288K [0x00007efff0600000, 0x00007f03d77c0000, 0x00007f0545b50000)
  eden space 13095552K,   0% used [0x00007efff0600000, 0x00007efff0600000, 0x00007f030faa0000)
  from space 1636928K,  64% used [0x00007f030faa0000, 0x00007f034fe40310, 0x00007f0373930000)
  to   space 1636928K,   0% used [0x00007f0373930000, 0x00007f0373930000, 0x00007f03d77c0000)
 tenured generation   total 32738796K, used 31048731K [0x00007f0545b50000, 0x00007f0d13ecb000, 0x00007f0ff0600000)
   the space 32738796K,  94% used [0x00007f0545b50000, 0x00007f0cacc56cf8, 0x00007f0cacc56e00, 0x00007f0d13ecb000)
 Metaspace       used 30691K, capacity 31123K, committed 31232K, reserved 32768K
}
Event: 3062.493 GC heap before
{Heap before GC invocations=122 (full 7):
 def new generation   total 14732480K, used 14147840K [0x00007efff0600000, 0x00007f03d77c0000, 0x00007f0545b50000)
  eden space 13095552K, 100% used [0x00007efff0600000, 0x00007f030faa0000, 0x00007f030faa0000)
  from space 1636928K,  64% used [0x00007f030faa0000, 0x00007f034fe40310, 0x00007f0373930000)
  to   space 1636928K,   0% used [0x00007f0373930000, 0x00007f0373930000, 0x00007f03d77c0000)
 tenured generation   total 32738796K, used 31048731K [0x00007f0545b50000, 0x00007f0d13ecb000, 0x00007f0ff0600000)
   the space 32738796K,  94% used [0x00007f0545b50000, 0x00007f0cacc56cf8, 0x00007f0cacc56e00, 0x00007f0d13ecb000)
 Metaspace       used 30691K, capacity 31123K, committed 31232K, reserved 32768K
}
Event: 3065.263 GC heap after
{Heap after GC invocations=123 (full 7):
 def new generation   total 14732480K, used 1070180K [0x00007efff0600000, 0x00007f03d77c0000, 0x00007f0545b50000)
  eden space 13095552K,   0% used [0x00007efff0600000, 0x00007efff0600000, 0x00007f030faa0000)
  from space 1636928K,  65% used [0x00007f0373930000, 0x00007f03b4e49190, 0x00007f03d77c0000)
  to   space 1636928K,   0% used [0x00007f030faa0000, 0x00007f030faa0000, 0x00007f0373930000)
 tenured generation   total 32738796K, used 32101019K [0x00007f0545b50000, 0x00007f0d13ecb000, 0x00007f0ff0600000)
   the space 32738796K,  98% used [0x00007f0545b50000, 0x00007f0cecff6d38, 0x00007f0cecff6e00, 0x00007f0d13ecb000)
 Metaspace       used 30691K, capacity 31123K, committed 31232K, reserved 32768K
}
Event: 3068.809 GC heap before
{Heap before GC invocations=123 (full 7):
 def new generation   total 14732480K, used 14165732K [0x00007efff0600000, 0x00007f03d77c0000, 0x00007f0545b50000)
  eden space 13095552K, 100% used [0x00007efff0600000, 0x00007f030faa0000, 0x00007f030faa0000)
  from space 1636928K,  65% used [0x00007f0373930000, 0x00007f03b4e49190, 0x00007f03d77c0000)
  to   space 1636928K,   0% used [0x00007f030faa0000, 0x00007f030faa0000, 0x00007f0373930000)
 tenured generation   total 32738796K, used 32101019K [0x00007f0545b50000, 0x00007f0d13ecb000, 0x00007f0ff0600000)
   the space 32738796K,  98% used [0x00007f0545b50000, 0x00007f0cecff6d38, 0x00007f0cecff6e00, 0x00007f0d13ecb000)
 Metaspace       used 30691K, capacity 31123K, committed 31232K, reserved 32768K
}
Event: 3071.572 GC heap after
{Heap after GC invocations=124 (full 7):
 def new generation   total 14732480K, used 1139922K [0x00007efff0600000, 0x00007f03d77c0000, 0x00007f0545b50000)
  eden space 13095552K,   0% used [0x00007efff0600000, 0x00007efff0600000, 0x00007f030faa0000)
  from space 1636928K,  69% used [0x00007f030faa0000, 0x00007f03553d4a90, 0x00007f0373930000)
  to   space 1636928K,   0% used [0x00007f0373930000, 0x00007f0373930000, 0x00007f03d77c0000)
 tenured generation   total 33171372K, used 33171198K [0x00007f0545b50000, 0x00007f0d2e53b000, 0x00007f0ff0600000)
   the space 33171372K,  99% used [0x00007f0545b50000, 0x00007f0d2e50fb48, 0x00007f0d2e50fc00, 0x00007f0d2e53b000)
 Metaspace       used 30691K, capacity 31123K, committed 31232K, reserved 32768K
}
Event: 3071.572 GC heap before
{Heap before GC invocations=124 (full 7):
 def new generation   total 14732480K, used 1139922K [0x00007efff0600000, 0x00007f03d77c0000, 0x00007f0545b50000)
  eden space 13095552K,   0% used [0x00007efff0600000, 0x00007efff0600000, 0x00007f030faa0000)
  from space 1636928K,  69% used [0x00007f030faa0000, 0x00007f03553d4a90, 0x00007f0373930000)
  to   space 1636928K,   0% used [0x00007f0373930000, 0x00007f0373930000, 0x00007f03d77c0000)
 tenured generation   total 33171372K, used 33171198K [0x00007f0545b50000, 0x00007f0d2e53b000, 0x00007f0ff0600000)
   the space 33171372K,  99% used [0x00007f0545b50000, 0x00007f0d2e50fb48, 0x00007f0d2e50fc00, 0x00007f0d2e53b000)
 Metaspace       used 30691K, capacity 31123K, committed 31232K, reserved 32768K
}

