# JRE version: OpenJDK Runtime Environment (13.0.7+5) (build 13.0.7+5-Ubuntu-0ubuntu120.04)
# Java VM: OpenJDK 64-Bit Server VM (13.0.7+5-Ubuntu-0ubuntu120.04, mixed mode, tiered, serial gc, linux-amd64)
Heap:
 def new generation   total 4858880K, used 72796K [0x00007fcbe0600000, 0x00007fcd29e30000, 0x00007fd135b50000)
  eden space 4319040K,   1% used [0x00007fcbe0600000, 0x00007fcbe4d170a8, 0x00007fcce7fd0000)
  from space 539840K,   0% used [0x00007fcd08f00000, 0x00007fcd08f00000, 0x00007fcd29e30000)
  to   space 539840K,   0% used [0x00007fcce7fd0000, 0x00007fcce7fd0000, 0x00007fcd08f00000)
 tenured generation   total 10798540K, used 10798530K [0x00007fd135b50000, 0x00007fd3c8cc3000, 0x00007fdbe0600000)
   the space 10798540K,  99% used [0x00007fd135b50000, 0x00007fd3c8cc0818, 0x00007fd3c8cc0a00, 0x00007fd3c8cc3000)
 Metaspace       used 24360K, capacity 24711K, committed 24832K, reserved 26624K
GC Heap History (20 events):
Event: 6832.596 GC heap after
{Heap after GC invocations=5794 (full 5):
 def new generation   total 4858880K, used 73331K [0x00007fcbe0600000, 0x00007fcd29e30000, 0x00007fd135b50000)
  eden space 4319040K,   0% used [0x00007fcbe0600000, 0x00007fcbe0600000, 0x00007fcce7fd0000)
  from space 539840K,  13% used [0x00007fcce7fd0000, 0x00007fccec76cd98, 0x00007fcd08f00000)
  to   space 539840K,   0% used [0x00007fcd08f00000, 0x00007fcd08f00000, 0x00007fcd29e30000)
 tenured generation   total 10797388K, used 10754826K [0x00007fd135b50000, 0x00007fd3c8ba3000, 0x00007fdbe0600000)
   the space 10797388K,  99% used [0x00007fd135b50000, 0x00007fd3c6212a28, 0x00007fd3c6212c00, 0x00007fd3c8ba3000)
 Metaspace       used 24360K, capacity 24711K, committed 24832K, reserved 26624K
}
Event: 6834.965 GC heap before
{Heap before GC invocations=5794 (full 5):
 def new generation   total 4858880K, used 4392371K [0x00007fcbe0600000, 0x00007fcd29e30000, 0x00007fd135b50000)
  eden space 4319040K, 100% used [0x00007fcbe0600000, 0x00007fcce7fd0000, 0x00007fcce7fd0000)
  from space 539840K,  13% used [0x00007fcce7fd0000, 0x00007fccec76cd98, 0x00007fcd08f00000)
  to   space 539840K,   0% used [0x00007fcd08f00000, 0x00007fcd08f00000, 0x00007fcd29e30000)
 tenured generation   total 10797388K, used 10754826K [0x00007fd135b50000, 0x00007fd3c8ba3000, 0x00007fdbe0600000)
   the space 10797388K,  99% used [0x00007fd135b50000, 0x00007fd3c6212a28, 0x00007fd3c6212c00, 0x00007fd3c8ba3000)
 Metaspace       used 24360K, capacity 24711K, committed 24832K, reserved 26624K
}
Event: 6835.083 GC heap after
{Heap after GC invocations=5795 (full 5):
 def new generation   total 4858880K, used 72537K [0x00007fcbe0600000, 0x00007fcd29e30000, 0x00007fd135b50000)
  eden space 4319040K,   0% used [0x00007fcbe0600000, 0x00007fcbe0600000, 0x00007fcce7fd0000)
  from space 539840K,  13% used [0x00007fcd08f00000, 0x00007fcd0d5d6428, 0x00007fcd29e30000)
  to   space 539840K,   0% used [0x00007fcce7fd0000, 0x00007fcce7fd0000, 0x00007fcd08f00000)
 tenured generation   total 10797388K, used 10759780K [0x00007fd135b50000, 0x00007fd3c8ba3000, 0x00007fdbe0600000)
   the space 10797388K,  99% used [0x00007fd135b50000, 0x00007fd3c66e91b0, 0x00007fd3c66e9200, 0x00007fd3c8ba3000)
 Metaspace       used 24360K, capacity 24711K, committed 24832K, reserved 26624K
}
Event: 6837.417 GC heap before
{Heap before GC invocations=5795 (full 5):
 def new generation   total 4858880K, used 4391577K [0x00007fcbe0600000, 0x00007fcd29e30000, 0x00007fd135b50000)
  eden space 4319040K, 100% used [0x00007fcbe0600000, 0x00007fcce7fd0000, 0x00007fcce7fd0000)
  from space 539840K,  13% used [0x00007fcd08f00000, 0x00007fcd0d5d6428, 0x00007fcd29e30000)
  to   space 539840K,   0% used [0x00007fcce7fd0000, 0x00007fcce7fd0000, 0x00007fcd08f00000)
 tenured generation   total 10797388K, used 10759780K [0x00007fd135b50000, 0x00007fd3c8ba3000, 0x00007fdbe0600000)
   the space 10797388K,  99% used [0x00007fd135b50000, 0x00007fd3c66e91b0, 0x00007fd3c66e9200, 0x00007fd3c8ba3000)
 Metaspace       used 24360K, capacity 24711K, committed 24832K, reserved 26624K
}
Event: 6837.513 GC heap after
{Heap after GC invocations=5796 (full 5):
 def new generation   total 4858880K, used 72766K [0x00007fcbe0600000, 0x00007fcd29e30000, 0x00007fd135b50000)
  eden space 4319040K,   0% used [0x00007fcbe0600000, 0x00007fcbe0600000, 0x00007fcce7fd0000)
  from space 539840K,  13% used [0x00007fcce7fd0000, 0x00007fccec6df940, 0x00007fcd08f00000)
  to   space 539840K,   0% used [0x00007fcd08f00000, 0x00007fcd08f00000, 0x00007fcd29e30000)
 tenured generation   total 10797388K, used 10764474K [0x00007fd135b50000, 0x00007fd3c8ba3000, 0x00007fdbe0600000)
   the space 10797388K,  99% used [0x00007fd135b50000, 0x00007fd3c6b7e870, 0x00007fd3c6b7ea00, 0x00007fd3c8ba3000)
 Metaspace       used 24360K, capacity 24711K, committed 24832K, reserved 26624K
}
Event: 6839.718 GC heap before
{Heap before GC invocations=5796 (full 5):
 def new generation   total 4858880K, used 4391806K [0x00007fcbe0600000, 0x00007fcd29e30000, 0x00007fd135b50000)
  eden space 4319040K, 100% used [0x00007fcbe0600000, 0x00007fcce7fd0000, 0x00007fcce7fd0000)
  from space 539840K,  13% used [0x00007fcce7fd0000, 0x00007fccec6df940, 0x00007fcd08f00000)
  to   space 539840K,   0% used [0x00007fcd08f00000, 0x00007fcd08f00000, 0x00007fcd29e30000)
 tenured generation   total 10797388K, used 10764474K [0x00007fd135b50000, 0x00007fd3c8ba3000, 0x00007fdbe0600000)
   the space 10797388K,  99% used [0x00007fd135b50000, 0x00007fd3c6b7e870, 0x00007fd3c6b7ea00, 0x00007fd3c8ba3000)
 Metaspace       used 24360K, capacity 24711K, committed 24832K, reserved 26624K
}
Event: 6839.785 GC heap after
{Heap after GC invocations=5797 (full 5):
 def new generation   total 4858880K, used 72796K [0x00007fcbe0600000, 0x00007fcd29e30000, 0x00007fd135b50000)
  eden space 4319040K,   0% used [0x00007fcbe0600000, 0x00007fcbe0600000, 0x00007fcce7fd0000)
  from space 539840K,  13% used [0x00007fcd08f00000, 0x00007fcd0d617100, 0x00007fcd29e30000)
  to   space 539840K,   0% used [0x00007fcce7fd0000, 0x00007fcce7fd0000, 0x00007fcd08f00000)
 tenured generation   total 10797388K, used 10769394K [0x00007fd135b50000, 0x00007fd3c8ba3000, 0x00007fdbe0600000)
   the space 10797388K,  99% used [0x00007fd135b50000, 0x00007fd3c704cbd0, 0x00007fd3c704cc00, 0x00007fd3c8ba3000)
 Metaspace       used 24360K, capacity 24711K, committed 24832K, reserved 26624K
}
Event: 6841.854 GC heap before
{Heap before GC invocations=5797 (full 5):
 def new generation   total 4858880K, used 4391836K [0x00007fcbe0600000, 0x00007fcd29e30000, 0x00007fd135b50000)
  eden space 4319040K, 100% used [0x00007fcbe0600000, 0x00007fcce7fd0000, 0x00007fcce7fd0000)
  from space 539840K,  13% used [0x00007fcd08f00000, 0x00007fcd0d617100, 0x00007fcd29e30000)
  to   space 539840K,   0% used [0x00007fcce7fd0000, 0x00007fcce7fd0000, 0x00007fcd08f00000)
 tenured generation   total 10797388K, used 10769394K [0x00007fd135b50000, 0x00007fd3c8ba3000, 0x00007fdbe0600000)
   the space 10797388K,  99% used [0x00007fd135b50000, 0x00007fd3c704cbd0, 0x00007fd3c704cc00, 0x00007fd3c8ba3000)
 Metaspace       used 24360K, capacity 24711K, committed 24832K, reserved 26624K
}
Event: 6841.935 GC heap after
{Heap after GC invocations=5798 (full 5):
 def new generation   total 4858880K, used 72577K [0x00007fcbe0600000, 0x00007fcd29e30000, 0x00007fd135b50000)
  eden space 4319040K,   0% used [0x00007fcbe0600000, 0x00007fcbe0600000, 0x00007fcce7fd0000)
  from space 539840K,  13% used [0x00007fcce7fd0000, 0x00007fccec6b0608, 0x00007fcd08f00000)
  to   space 539840K,   0% used [0x00007fcd08f00000, 0x00007fcd08f00000, 0x00007fcd29e30000)
 tenured generation   total 10797388K, used 10774348K [0x00007fd135b50000, 0x00007fd3c8ba3000, 0x00007fdbe0600000)
   the space 10797388K,  99% used [0x00007fd135b50000, 0x00007fd3c7523358, 0x00007fd3c7523400, 0x00007fd3c8ba3000)
 Metaspace       used 24360K, capacity 24711K, committed 24832K, reserved 26624K
}
Event: 6844.272 GC heap before
{Heap before GC invocations=5798 (full 5):
 def new generation   total 4858880K, used 4391617K [0x00007fcbe0600000, 0x00007fcd29e30000, 0x00007fd135b50000)
  eden space 4319040K, 100% used [0x00007fcbe0600000, 0x00007fcce7fd0000, 0x00007fcce7fd0000)
  from space 539840K,  13% used [0x00007fcce7fd0000, 0x00007fccec6b0608, 0x00007fcd08f00000)
  to   space 539840K,   0% used [0x00007fcd08f00000, 0x00007fcd08f00000, 0x00007fcd29e30000)
 tenured generation   total 10797388K, used 10774348K [0x00007fd135b50000, 0x00007fd3c8ba3000, 0x00007fdbe0600000)
   the space 10797388K,  99% used [0x00007fd135b50000, 0x00007fd3c7523358, 0x00007fd3c7523400, 0x00007fd3c8ba3000)
 Metaspace       used 24360K, capacity 24711K, committed 24832K, reserved 26624K
}
Event: 6844.363 GC heap after
{Heap after GC invocations=5799 (full 5):
 def new generation   total 4858880K, used 72793K [0x00007fcbe0600000, 0x00007fcd29e30000, 0x00007fd135b50000)
  eden space 4319040K,   0% used [0x00007fcbe0600000, 0x00007fcbe0600000, 0x00007fcce7fd0000)
  from space 539840K,  13% used [0x00007fcd08f00000, 0x00007fcd0d6167d8, 0x00007fcd29e30000)
  to   space 539840K,   0% used [0x00007fcce7fd0000, 0x00007fcce7fd0000, 0x00007fcd08f00000)
 tenured generation   total 10797388K, used 10779012K [0x00007fd135b50000, 0x00007fd3c8ba3000, 0x00007fdbe0600000)
   the space 10797388K,  99% used [0x00007fd135b50000, 0x00007fd3c79b13d0, 0x00007fd3c79b1400, 0x00007fd3c8ba3000)
 Metaspace       used 24360K, capacity 24711K, committed 24832K, reserved 26624K
}
Event: 6846.881 GC heap before
{Heap before GC invocations=5799 (full 5):
 def new generation   total 4858880K, used 4391833K [0x00007fcbe0600000, 0x00007fcd29e30000, 0x00007fd135b50000)
  eden space 4319040K, 100% used [0x00007fcbe0600000, 0x00007fcce7fd0000, 0x00007fcce7fd0000)
  from space 539840K,  13% used [0x00007fcd08f00000, 0x00007fcd0d6167d8, 0x00007fcd29e30000)
  to   space 539840K,   0% used [0x00007fcce7fd0000, 0x00007fcce7fd0000, 0x00007fcd08f00000)
 tenured generation   total 10797388K, used 10779012K [0x00007fd135b50000, 0x00007fd3c8ba3000, 0x00007fdbe0600000)
   the space 10797388K,  99% used [0x00007fd135b50000, 0x00007fd3c79b13d0, 0x00007fd3c79b1400, 0x00007fd3c8ba3000)
 Metaspace       used 24360K, capacity 24711K, committed 24832K, reserved 26624K
}
Event: 6846.969 GC heap after
{Heap after GC invocations=5800 (full 5):
 def new generation   total 4858880K, used 72861K [0x00007fcbe0600000, 0x00007fcd29e30000, 0x00007fd135b50000)
  eden space 4319040K,   0% used [0x00007fcbe0600000, 0x00007fcbe0600000, 0x00007fcce7fd0000)
  from space 539840K,  13% used [0x00007fcce7fd0000, 0x00007fccec6f7448, 0x00007fcd08f00000)
  to   space 539840K,   0% used [0x00007fcd08f00000, 0x00007fcd08f00000, 0x00007fcd29e30000)
 tenured generation   total 10797388K, used 10783933K [0x00007fd135b50000, 0x00007fd3c8ba3000, 0x00007fdbe0600000)
   the space 10797388K,  99% used [0x00007fd135b50000, 0x00007fd3c7e7f730, 0x00007fd3c7e7f800, 0x00007fd3c8ba3000)
 Metaspace       used 24360K, capacity 24711K, committed 24832K, reserved 26624K
}
Event: 6849.520 GC heap before
{Heap before GC invocations=5800 (full 5):
 def new generation   total 4858880K, used 4391901K [0x00007fcbe0600000, 0x00007fcd29e30000, 0x00007fd135b50000)
  eden space 4319040K, 100% used [0x00007fcbe0600000, 0x00007fcce7fd0000, 0x00007fcce7fd0000)
  from space 539840K,  13% used [0x00007fcce7fd0000, 0x00007fccec6f7448, 0x00007fcd08f00000)
  to   space 539840K,   0% used [0x00007fcd08f00000, 0x00007fcd08f00000, 0x00007fcd29e30000)
 tenured generation   total 10797388K, used 10783933K [0x00007fd135b50000, 0x00007fd3c8ba3000, 0x00007fdbe0600000)
   the space 10797388K,  99% used [0x00007fd135b50000, 0x00007fd3c7e7f730, 0x00007fd3c7e7f800, 0x00007fd3c8ba3000)
 Metaspace       used 24360K, capacity 24711K, committed 24832K, reserved 26624K
}
Event: 6849.618 GC heap after
{Heap after GC invocations=5801 (full 5):
 def new generation   total 4858880K, used 72564K [0x00007fcbe0600000, 0x00007fcd29e30000, 0x00007fd135b50000)
  eden space 4319040K,   0% used [0x00007fcbe0600000, 0x00007fcbe0600000, 0x00007fcce7fd0000)
  from space 539840K,  13% used [0x00007fcd08f00000, 0x00007fcd0d5dd180, 0x00007fcd29e30000)
  to   space 539840K,   0% used [0x00007fcce7fd0000, 0x00007fcce7fd0000, 0x00007fcd08f00000)
 tenured generation   total 10797388K, used 10788887K [0x00007fd135b50000, 0x00007fd3c8ba3000, 0x00007fdbe0600000)
   the space 10797388K,  99% used [0x00007fd135b50000, 0x00007fd3c8355eb8, 0x00007fd3c8356000, 0x00007fd3c8ba3000)
 Metaspace       used 24360K, capacity 24711K, committed 24832K, reserved 26624K
}
Event: 6852.099 GC heap before
{Heap before GC invocations=5801 (full 5):
 def new generation   total 4858880K, used 4391604K [0x00007fcbe0600000, 0x00007fcd29e30000, 0x00007fd135b50000)
  eden space 4319040K, 100% used [0x00007fcbe0600000, 0x00007fcce7fd0000, 0x00007fcce7fd0000)
  from space 539840K,  13% used [0x00007fcd08f00000, 0x00007fcd0d5dd180, 0x00007fcd29e30000)
  to   space 539840K,   0% used [0x00007fcce7fd0000, 0x00007fcce7fd0000, 0x00007fcd08f00000)
 tenured generation   total 10797388K, used 10788887K [0x00007fd135b50000, 0x00007fd3c8ba3000, 0x00007fdbe0600000)
   the space 10797388K,  99% used [0x00007fd135b50000, 0x00007fd3c8355eb8, 0x00007fd3c8356000, 0x00007fd3c8ba3000)
 Metaspace       used 24360K, capacity 24711K, committed 24832K, reserved 26624K
}
Event: 6852.171 GC heap after
{Heap after GC invocations=5802 (full 5):
 def new generation   total 4858880K, used 72846K [0x00007fcbe0600000, 0x00007fcd29e30000, 0x00007fd135b50000)
  eden space 4319040K,   0% used [0x00007fcbe0600000, 0x00007fcbe0600000, 0x00007fcce7fd0000)
  from space 539840K,  13% used [0x00007fcce7fd0000, 0x00007fccec6f3880, 0x00007fcd08f00000)
  to   space 539840K,   0% used [0x00007fcd08f00000, 0x00007fcd08f00000, 0x00007fcd29e30000)
 tenured generation   total 10797388K, used 10793579K [0x00007fd135b50000, 0x00007fd3c8ba3000, 0x00007fdbe0600000)
   the space 10797388K,  99% used [0x00007fd135b50000, 0x00007fd3c87eaff8, 0x00007fd3c87eb000, 0x00007fd3c8ba3000)
 Metaspace       used 24360K, capacity 24711K, committed 24832K, reserved 26624K
}
Event: 6854.892 GC heap before
{Heap before GC invocations=5802 (full 5):
 def new generation   total 4858880K, used 4391886K [0x00007fcbe0600000, 0x00007fcd29e30000, 0x00007fd135b50000)
  eden space 4319040K, 100% used [0x00007fcbe0600000, 0x00007fcce7fd0000, 0x00007fcce7fd0000)
  from space 539840K,  13% used [0x00007fcce7fd0000, 0x00007fccec6f3880, 0x00007fcd08f00000)
  to   space 539840K,   0% used [0x00007fcd08f00000, 0x00007fcd08f00000, 0x00007fcd29e30000)
 tenured generation   total 10797388K, used 10793579K [0x00007fd135b50000, 0x00007fd3c8ba3000, 0x00007fdbe0600000)
   the space 10797388K,  99% used [0x00007fd135b50000, 0x00007fd3c87eaff8, 0x00007fd3c87eb000, 0x00007fd3c8ba3000)
 Metaspace       used 24360K, capacity 24711K, committed 24832K, reserved 26624K
}
Event: 6854.995 GC heap after
{Heap after GC invocations=5803 (full 5):
 def new generation   total 4858880K, used 72796K [0x00007fcbe0600000, 0x00007fcd29e30000, 0x00007fd135b50000)
  eden space 4319040K,   0% used [0x00007fcbe0600000, 0x00007fcbe0600000, 0x00007fcce7fd0000)
  from space 539840K,  13% used [0x00007fcd08f00000, 0x00007fcd0d617160, 0x00007fcd29e30000)
  to   space 539840K,   0% used [0x00007fcce7fd0000, 0x00007fcce7fd0000, 0x00007fcd08f00000)
 tenured generation   total 10798540K, used 10798529K [0x00007fd135b50000, 0x00007fd3c8cc3000, 0x00007fdbe0600000)
   the space 10798540K,  99% used [0x00007fd135b50000, 0x00007fd3c8cc0760, 0x00007fd3c8cc0800, 0x00007fd3c8cc3000)
 Metaspace       used 24360K, capacity 24711K, committed 24832K, reserved 26624K
}
Event: 6854.995 GC heap before
{Heap before GC invocations=5803 (full 5):
 def new generation   total 4858880K, used 72796K [0x00007fcbe0600000, 0x00007fcd29e30000, 0x00007fd135b50000)
  eden space 4319040K,   0% used [0x00007fcbe0600000, 0x00007fcbe0600000, 0x00007fcce7fd0000)
  from space 539840K,  13% used [0x00007fcd08f00000, 0x00007fcd0d617160, 0x00007fcd29e30000)
  to   space 539840K,   0% used [0x00007fcce7fd0000, 0x00007fcce7fd0000, 0x00007fcd08f00000)
 tenured generation   total 10798540K, used 10798529K [0x00007fd135b50000, 0x00007fd3c8cc3000, 0x00007fdbe0600000)
   the space 10798540K,  99% used [0x00007fd135b50000, 0x00007fd3c8cc0760, 0x00007fd3c8cc0800, 0x00007fd3c8cc3000)
 Metaspace       used 24360K, capacity 24711K, committed 24832K, reserved 26624K
}

