# JRE version: OpenJDK Runtime Environment (13.0.7+5) (build 13.0.7+5-Ubuntu-0ubuntu120.04)
# Java VM: OpenJDK 64-Bit Server VM (13.0.7+5-Ubuntu-0ubuntu120.04, mixed mode, tiered, serial gc, linux-amd64)
Heap:
 def new generation   total 3153024K, used 2152742K [0x00007fce74600000, 0x00007fcf4a330000, 0x00007fd3c9b50000)
  eden space 2802752K,  76% used [0x00007fce74600000, 0x00007fcef7c49300, 0x00007fcf1f710000)
  from space 350272K,   0% used [0x00007fcf34d20000, 0x00007fcf34d20700, 0x00007fcf4a330000)
  to   space 350272K,   0% used [0x00007fcf1f710000, 0x00007fcf1f710080, 0x00007fcf34d20000)
 tenured generation   total 7006496K, used 5001441K [0x00007fd3c9b50000, 0x00007fd575598000, 0x00007fde74600000)
   the space 7006496K,  71% used [0x00007fd3c9b50000, 0x00007fd4faf88580, 0x00007fd4faf88600, 0x00007fd575598000)
 Metaspace       used 23303K, capacity 23732K, committed 23808K, reserved 24576K
GC Heap History (20 events):
Event: 57.235 GC heap after
{Heap after GC invocations=19 (full 6):
 def new generation   total 3153024K, used 0K [0x00007fce74600000, 0x00007fcf4a330000, 0x00007fd3c9b50000)
  eden space 2802752K,   0% used [0x00007fce74600000, 0x00007fce74600000, 0x00007fcf1f710000)
  from space 350272K,   0% used [0x00007fcf34d20000, 0x00007fcf34d20248, 0x00007fcf4a330000)
  to   space 350272K,   0% used [0x00007fcf1f710000, 0x00007fcf1f710000, 0x00007fcf34d20000)
 tenured generation   total 7006496K, used 4203984K [0x00007fd3c9b50000, 0x00007fd575598000, 0x00007fde74600000)
   the space 7006496K,  60% used [0x00007fd3c9b50000, 0x00007fd4ca4c43a0, 0x00007fd4ca4c4400, 0x00007fd575598000)
 Metaspace       used 23184K, capacity 23523K, committed 23552K, reserved 24576K
}
Event: 60.570 GC heap before
{Heap before GC invocations=19 (full 6):
 def new generation   total 3153024K, used 2802752K [0x00007fce74600000, 0x00007fcf4a330000, 0x00007fd3c9b50000)
  eden space 2802752K, 100% used [0x00007fce74600000, 0x00007fcf1f710000, 0x00007fcf1f710000)
  from space 350272K,   0% used [0x00007fcf34d20000, 0x00007fcf34d20248, 0x00007fcf4a330000)
  to   space 350272K,   0% used [0x00007fcf1f710000, 0x00007fcf1f710000, 0x00007fcf34d20000)
 tenured generation   total 7006496K, used 4203984K [0x00007fd3c9b50000, 0x00007fd575598000, 0x00007fde74600000)
   the space 7006496K,  60% used [0x00007fd3c9b50000, 0x00007fd4ca4c43a0, 0x00007fd4ca4c4400, 0x00007fd575598000)
 Metaspace       used 23273K, capacity 23596K, committed 23808K, reserved 24576K
}
Event: 60.575 GC heap after
{Heap after GC invocations=20 (full 6):
 def new generation   total 3153024K, used 11130K [0x00007fce74600000, 0x00007fcf4a330000, 0x00007fd3c9b50000)
  eden space 2802752K,   0% used [0x00007fce74600000, 0x00007fce74600000, 0x00007fcf1f710000)
  from space 350272K,   3% used [0x00007fcf1f710000, 0x00007fcf201ee980, 0x00007fcf34d20000)
  to   space 350272K,   0% used [0x00007fcf34d20000, 0x00007fcf34d20000, 0x00007fcf4a330000)
 tenured generation   total 7006496K, used 4203984K [0x00007fd3c9b50000, 0x00007fd575598000, 0x00007fde74600000)
   the space 7006496K,  60% used [0x00007fd3c9b50000, 0x00007fd4ca4c43a0, 0x00007fd4ca4c4400, 0x00007fd575598000)
 Metaspace       used 23273K, capacity 23596K, committed 23808K, reserved 24576K
}
Event: 62.019 GC heap before
{Heap before GC invocations=20 (full 6):
 def new generation   total 3153024K, used 2611519K [0x00007fce74600000, 0x00007fcf4a330000, 0x00007fd3c9b50000)
  eden space 2802752K,  92% used [0x00007fce74600000, 0x00007fcf13171488, 0x00007fcf1f710000)
  from space 350272K,   3% used [0x00007fcf1f710000, 0x00007fcf201ee980, 0x00007fcf34d20000)
  to   space 350272K,   0% used [0x00007fcf34d20000, 0x00007fcf34d20000, 0x00007fcf4a330000)
 tenured generation   total 7006496K, used 4203984K [0x00007fd3c9b50000, 0x00007fd575598000, 0x00007fde74600000)
   the space 7006496K,  60% used [0x00007fd3c9b50000, 0x00007fd4ca4c43a0, 0x00007fd4ca4c4400, 0x00007fd575598000)
 Metaspace       used 23287K, capacity 23668K, committed 23808K, reserved 24576K
}
Event: 62.268 GC heap after
{Heap after GC invocations=21 (full 6):
 def new generation   total 3153024K, used 11682K [0x00007fce74600000, 0x00007fcf4a330000, 0x00007fd3c9b50000)
  eden space 2802752K,   0% used [0x00007fce74600000, 0x00007fce74600000, 0x00007fcf1f710000)
  from space 350272K,   3% used [0x00007fcf34d20000, 0x00007fcf35888a90, 0x00007fcf4a330000)
  to   space 350272K,   0% used [0x00007fcf1f710000, 0x00007fcf1f710000, 0x00007fcf34d20000)
 tenured generation   total 7006496K, used 5252560K [0x00007fd3c9b50000, 0x00007fd575598000, 0x00007fde74600000)
   the space 7006496K,  74% used [0x00007fd3c9b50000, 0x00007fd50a4c43d0, 0x00007fd50a4c4400, 0x00007fd575598000)
 Metaspace       used 23287K, capacity 23668K, committed 23808K, reserved 24576K
}
Event: 64.306 GC heap before
{Heap before GC invocations=21 (full 6):
 def new generation   total 3153024K, used 2563373K [0x00007fce74600000, 0x00007fcf4a330000, 0x00007fd3c9b50000)
  eden space 2802752K,  91% used [0x00007fce74600000, 0x00007fcf101e2988, 0x00007fcf1f710000)
  from space 350272K,   3% used [0x00007fcf34d20000, 0x00007fcf35888a90, 0x00007fcf4a330000)
  to   space 350272K,   0% used [0x00007fcf1f710000, 0x00007fcf1f710000, 0x00007fcf34d20000)
 tenured generation   total 7006496K, used 5252560K [0x00007fd3c9b50000, 0x00007fd575598000, 0x00007fde74600000)
   the space 7006496K,  74% used [0x00007fd3c9b50000, 0x00007fd50a4c43d0, 0x00007fd50a4c4400, 0x00007fd575598000)
 Metaspace       used 23298K, capacity 23732K, committed 23808K, reserved 24576K
}
Event: 64.578 GC heap after
{Heap after GC invocations=22 (full 6):
 def new generation   total 3153024K, used 273830K [0x00007fce74600000, 0x00007fcf4a330000, 0x00007fd3c9b50000)
  eden space 2802752K,   0% used [0x00007fce74600000, 0x00007fce74600000, 0x00007fcf1f710000)
  from space 350272K,  78% used [0x00007fcf1f710000, 0x00007fcf30279828, 0x00007fcf34d20000)
  to   space 350272K,   0% used [0x00007fcf34d20000, 0x00007fcf34d20000, 0x00007fcf4a330000)
 tenured generation   total 7006496K, used 6301136K [0x00007fd3c9b50000, 0x00007fd575598000, 0x00007fde74600000)
   the space 7006496K,  89% used [0x00007fd3c9b50000, 0x00007fd54a4c43e8, 0x00007fd54a4c4400, 0x00007fd575598000)
 Metaspace       used 23298K, capacity 23732K, committed 23808K, reserved 24576K
}
Event: 66.301 GC heap before
{Heap before GC invocations=22 (full 6):
 def new generation   total 3153024K, used 2950515K [0x00007fce74600000, 0x00007fcf4a330000, 0x00007fd3c9b50000)
  eden space 2802752K,  95% used [0x00007fce74600000, 0x00007fcf17bf36f0, 0x00007fcf1f710000)
  from space 350272K,  78% used [0x00007fcf1f710000, 0x00007fcf30279828, 0x00007fcf34d20000)
  to   space 350272K,   0% used [0x00007fcf34d20000, 0x00007fcf34d20000, 0x00007fcf4a330000)
 tenured generation   total 7006496K, used 6301136K [0x00007fd3c9b50000, 0x00007fd575598000, 0x00007fde74600000)
   the space 7006496K,  89% used [0x00007fd3c9b50000, 0x00007fd54a4c43e8, 0x00007fd54a4c4400, 0x00007fd575598000)
 Metaspace       used 23298K, capacity 23732K, committed 23808K, reserved 24576K
}
Event: 66.861 GC heap after
{Heap after GC invocations=23 (full 6):
 def new generation   total 3153024K, used 0K [0x00007fce74600000, 0x00007fcf4a330000, 0x00007fd3c9b50000)
  eden space 2802752K,   0% used [0x00007fce74600000, 0x00007fce74600000, 0x00007fcf1f710000)
  from space 350272K,   0% used [0x00007fcf34d20000, 0x00007fcf34d202e0, 0x00007fcf4a330000)
  to   space 350272K,   0% used [0x00007fcf1f710000, 0x00007fcf1f710000, 0x00007fcf34d20000)
 tenured generation   total 9103652K, used 8409973K [0x00007fd3c9b50000, 0x00007fd5f5599000, 0x00007fde74600000)
   the space 9103652K,  92% used [0x00007fd3c9b50000, 0x00007fd5cb02d5b0, 0x00007fd5cb02d600, 0x00007fd5f5599000)
 Metaspace       used 23298K, capacity 23732K, committed 23808K, reserved 24576K
}
Event: 66.861 GC heap before
{Heap before GC invocations=23 (full 6):
 def new generation   total 3153024K, used 0K [0x00007fce74600000, 0x00007fcf4a330000, 0x00007fd3c9b50000)
  eden space 2802752K,   0% used [0x00007fce74600000, 0x00007fce74600000, 0x00007fcf1f710000)
  from space 350272K,   0% used [0x00007fcf34d20000, 0x00007fcf34d202e0, 0x00007fcf4a330000)
  to   space 350272K,   0% used [0x00007fcf1f710000, 0x00007fcf1f710000, 0x00007fcf34d20000)
 tenured generation   total 9103652K, used 8409973K [0x00007fd3c9b50000, 0x00007fd5f5599000, 0x00007fde74600000)
   the space 9103652K,  92% used [0x00007fd3c9b50000, 0x00007fd5cb02d5b0, 0x00007fd5cb02d600, 0x00007fd5f5599000)
 Metaspace       used 23298K, capacity 23732K, committed 23808K, reserved 24576K
}
Event: 67.235 GC heap after
{Heap after GC invocations=23 (full 7):
 def new generation   total 3153024K, used 0K [0x00007fce74600000, 0x00007fcf4a330000, 0x00007fd3c9b50000)
  eden space 2802752K,   0% used [0x00007fce74600000, 0x00007fce74600000, 0x00007fcf1f710000)
  from space 350272K,   0% used [0x00007fcf34d20000, 0x00007fcf34d20000, 0x00007fcf4a330000)
  to   space 350272K,   0% used [0x00007fcf1f710000, 0x00007fcf1f710000, 0x00007fcf34d20000)
 tenured generation   total 7006496K, used 2107516K [0x00007fd3c9b50000, 0x00007fd575598000, 0x00007fde74600000)
   the space 7006496K,  30% used [0x00007fd3c9b50000, 0x00007fd44a56f370, 0x00007fd44a56f400, 0x00007fd575598000)
 Metaspace       used 23298K, capacity 23732K, committed 23808K, reserved 24576K
}
Event: 67.759 GC heap before
{Heap before GC invocations=23 (full 7):
 def new generation   total 3153024K, used 2152532K [0x00007fce74600000, 0x00007fcf4a330000, 0x00007fd3c9b50000)
  eden space 2802752K,  76% used [0x00007fce74600000, 0x00007fcef7c15290, 0x00007fcf1f710000)
  from space 350272K,   0% used [0x00007fcf34d20000, 0x00007fcf34d20000, 0x00007fcf4a330000)
  to   space 350272K,   0% used [0x00007fcf1f710000, 0x00007fcf1f710000, 0x00007fcf34d20000)
 tenured generation   total 7006496K, used 2107516K [0x00007fd3c9b50000, 0x00007fd575598000, 0x00007fde74600000)
   the space 7006496K,  30% used [0x00007fd3c9b50000, 0x00007fd44a56f370, 0x00007fd44a56f400, 0x00007fd575598000)
 Metaspace       used 23298K, capacity 23732K, committed 23808K, reserved 24576K
}
Event: 68.116 GC heap after
{Heap after GC invocations=24 (full 7):
 def new generation   total 3153024K, used 0K [0x00007fce74600000, 0x00007fcf4a330000, 0x00007fd3c9b50000)
  eden space 2802752K,   0% used [0x00007fce74600000, 0x00007fce74600000, 0x00007fcf1f710000)
  from space 350272K,   0% used [0x00007fcf1f710000, 0x00007fcf1f710248, 0x00007fcf34d20000)
  to   space 350272K,   0% used [0x00007fcf34d20000, 0x00007fcf34d20000, 0x00007fcf4a330000)
 tenured generation   total 7006496K, used 4204668K [0x00007fd3c9b50000, 0x00007fd575598000, 0x00007fde74600000)
   the space 7006496K,  60% used [0x00007fd3c9b50000, 0x00007fd4ca56f388, 0x00007fd4ca56f400, 0x00007fd575598000)
 Metaspace       used 23298K, capacity 23732K, committed 23808K, reserved 24576K
}
Event: 70.424 GC heap before
{Heap before GC invocations=24 (full 7):
 def new generation   total 3153024K, used 2692936K [0x00007fce74600000, 0x00007fcf4a330000, 0x00007fd3c9b50000)
  eden space 2802752K,  96% used [0x00007fce74600000, 0x00007fcf18bd2088, 0x00007fcf1f710000)
  from space 350272K,   0% used [0x00007fcf1f710000, 0x00007fcf1f710248, 0x00007fcf34d20000)
  to   space 350272K,   0% used [0x00007fcf34d20000, 0x00007fcf34d20000, 0x00007fcf4a330000)
 tenured generation   total 7006496K, used 4204668K [0x00007fd3c9b50000, 0x00007fd575598000, 0x00007fde74600000)
   the space 7006496K,  60% used [0x00007fd3c9b50000, 0x00007fd4ca56f388, 0x00007fd4ca56f400, 0x00007fd575598000)
 Metaspace       used 23303K, capacity 23732K, committed 23808K, reserved 24576K
}
Event: 70.446 GC heap after
{Heap after GC invocations=25 (full 7):
 def new generation   total 3153024K, used 141410K [0x00007fce74600000, 0x00007fcf4a330000, 0x00007fd3c9b50000)
  eden space 2802752K,   0% used [0x00007fce74600000, 0x00007fce74600000, 0x00007fcf1f710000)
  from space 350272K,  40% used [0x00007fcf34d20000, 0x00007fcf3d738b08, 0x00007fcf4a330000)
  to   space 350272K,   0% used [0x00007fcf1f710000, 0x00007fcf1f710000, 0x00007fcf34d20000)
 tenured generation   total 7006496K, used 4204668K [0x00007fd3c9b50000, 0x00007fd575598000, 0x00007fde74600000)
   the space 7006496K,  60% used [0x00007fd3c9b50000, 0x00007fd4ca56f388, 0x00007fd4ca56f400, 0x00007fd575598000)
 Metaspace       used 23303K, capacity 23732K, committed 23808K, reserved 24576K
}
Event: 71.922 GC heap before
{Heap before GC invocations=25 (full 7):
 def new generation   total 3153024K, used 2719587K [0x00007fce74600000, 0x00007fcf4a330000, 0x00007fd3c9b50000)
  eden space 2802752K,  91% used [0x00007fce74600000, 0x00007fcf11bc0348, 0x00007fcf1f710000)
  from space 350272K,  40% used [0x00007fcf34d20000, 0x00007fcf3d738b08, 0x00007fcf4a330000)
  to   space 350272K,   0% used [0x00007fcf1f710000, 0x00007fcf1f710000, 0x00007fcf34d20000)
 tenured generation   total 7006496K, used 4204668K [0x00007fd3c9b50000, 0x00007fd575598000, 0x00007fde74600000)
   the space 7006496K,  60% used [0x00007fd3c9b50000, 0x00007fd4ca56f388, 0x00007fd4ca56f400, 0x00007fd575598000)
 Metaspace       used 23303K, capacity 23732K, committed 23808K, reserved 24576K
}
Event: 72.001 GC heap after
{Heap after GC invocations=26 (full 7):
 def new generation   total 3153024K, used 272486K [0x00007fce74600000, 0x00007fcf4a330000, 0x00007fd3c9b50000)
  eden space 2802752K,   0% used [0x00007fce74600000, 0x00007fce74600000, 0x00007fcf1f710000)
  from space 350272K,  77% used [0x00007fcf1f710000, 0x00007fcf30129868, 0x00007fcf34d20000)
  to   space 350272K,   0% used [0x00007fcf34d20000, 0x00007fcf34d20000, 0x00007fcf4a330000)
 tenured generation   total 7006496K, used 4466812K [0x00007fd3c9b50000, 0x00007fd575598000, 0x00007fde74600000)
   the space 7006496K,  63% used [0x00007fd3c9b50000, 0x00007fd4da56f3a0, 0x00007fd4da56f400, 0x00007fd575598000)
 Metaspace       used 23303K, capacity 23732K, committed 23808K, reserved 24576K
}
Event: 72.959 GC heap before
{Heap before GC invocations=26 (full 7):
 def new generation   total 3153024K, used 1900709K [0x00007fce74600000, 0x00007fcf4a330000, 0x00007fd3c9b50000)
  eden space 2802752K,  58% used [0x00007fce74600000, 0x00007fced7c0fe50, 0x00007fcf1f710000)
  from space 350272K,  77% used [0x00007fcf1f710000, 0x00007fcf30129868, 0x00007fcf34d20000)
  to   space 350272K,   0% used [0x00007fcf34d20000, 0x00007fcf34d20000, 0x00007fcf4a330000)
 tenured generation   total 7006496K, used 4466812K [0x00007fd3c9b50000, 0x00007fd575598000, 0x00007fde74600000)
   the space 7006496K,  63% used [0x00007fd3c9b50000, 0x00007fd4da56f3a0, 0x00007fd4da56f400, 0x00007fd575598000)
 Metaspace       used 23303K, capacity 23732K, committed 23808K, reserved 24576K
}
Event: 73.045 GC heap after
{Heap after GC invocations=27 (full 7):
 def new generation   total 3153024K, used 1K [0x00007fce74600000, 0x00007fcf4a330000, 0x00007fd3c9b50000)
  eden space 2802752K,   0% used [0x00007fce74600000, 0x00007fce74600000, 0x00007fcf1f710000)
  from space 350272K,   0% used [0x00007fcf34d20000, 0x00007fcf34d20700, 0x00007fcf4a330000)
  to   space 350272K,   0% used [0x00007fcf1f710000, 0x00007fcf1f710000, 0x00007fcf34d20000)
 tenured generation   total 7006496K, used 5001441K [0x00007fd3c9b50000, 0x00007fd575598000, 0x00007fde74600000)
   the space 7006496K,  71% used [0x00007fd3c9b50000, 0x00007fd4faf88580, 0x00007fd4faf88600, 0x00007fd575598000)
 Metaspace       used 23303K, capacity 23732K, committed 23808K, reserved 24576K
}
Event: 74.238 GC heap before
{Heap before GC invocations=27 (full 7):
 def new generation   total 3153024K, used 2152742K [0x00007fce74600000, 0x00007fcf4a330000, 0x00007fd3c9b50000)
  eden space 2802752K,  76% used [0x00007fce74600000, 0x00007fcef7c49300, 0x00007fcf1f710000)
  from space 350272K,   0% used [0x00007fcf34d20000, 0x00007fcf34d20700, 0x00007fcf4a330000)
  to   space 350272K,   0% used [0x00007fcf1f710000, 0x00007fcf1f710000, 0x00007fcf34d20000)
 tenured generation   total 7006496K, used 5001441K [0x00007fd3c9b50000, 0x00007fd575598000, 0x00007fde74600000)
   the space 7006496K,  71% used [0x00007fd3c9b50000, 0x00007fd4faf88580, 0x00007fd4faf88600, 0x00007fd575598000)
 Metaspace       used 23303K, capacity 23732K, committed 23808K, reserved 24576K
}

