# JRE version: OpenJDK Runtime Environment (13.0.7+5) (build 13.0.7+5-Ubuntu-0ubuntu120.04)
# Java VM: OpenJDK 64-Bit Server VM (13.0.7+5-Ubuntu-0ubuntu120.04, mixed mode, tiered, serial gc, linux-amd64)
Heap:
 def new generation   total 2856640K, used 90437K [0x00007ef284600000, 0x00007ef3461a0000, 0x00007efd2f0a0000)
  eden space 2539264K,   3% used [0x00007ef284600000, 0x00007ef289e516d8, 0x00007ef31f5c0000)
  from space 317376K,   0% used [0x00007ef31f5c0000, 0x00007ef31f5c0000, 0x00007ef332bb0000)
  to   space 317376K,   0% used [0x00007ef332bb0000, 0x00007ef332bb0000, 0x00007ef3461a0000)
 tenured generation   total 6364360K, used 6362553K [0x00007efd2f0a0000, 0x00007efeb37d2000, 0x00007f1284600000)
   the space 6364360K,  99% used [0x00007efd2f0a0000, 0x00007efeb360e4d8, 0x00007efeb360e600, 0x00007efeb37d2000)
 Metaspace       used 24266K, capacity 24637K, committed 24832K, reserved 26624K
GC Heap History (20 events):
Event: 3049.318 GC heap after
{Heap after GC invocations=2505 (full 6):
 def new generation   total 2856640K, used 103307K [0x00007ef284600000, 0x00007ef3461a0000, 0x00007efd2f0a0000)
  eden space 2539264K,   0% used [0x00007ef284600000, 0x00007ef284600000, 0x00007ef31f5c0000)
  from space 317376K,  32% used [0x00007ef332bb0000, 0x00007ef339092f48, 0x00007ef3461a0000)
  to   space 317376K,   0% used [0x00007ef31f5c0000, 0x00007ef31f5c0000, 0x00007ef332bb0000)
 tenured generation   total 6347972K, used 6300337K [0x00007efd2f0a0000, 0x00007efeb27d1000, 0x00007f1284600000)
   the space 6347972K,  99% used [0x00007efd2f0a0000, 0x00007efeaf94c480, 0x00007efeaf94c600, 0x00007efeb27d1000)
 Metaspace       used 24266K, capacity 24637K, committed 24832K, reserved 26624K
}
Event: 3051.964 GC heap before
{Heap before GC invocations=2505 (full 6):
 def new generation   total 2856640K, used 2642571K [0x00007ef284600000, 0x00007ef3461a0000, 0x00007efd2f0a0000)
  eden space 2539264K, 100% used [0x00007ef284600000, 0x00007ef31f5c0000, 0x00007ef31f5c0000)
  from space 317376K,  32% used [0x00007ef332bb0000, 0x00007ef339092f48, 0x00007ef3461a0000)
  to   space 317376K,   0% used [0x00007ef31f5c0000, 0x00007ef31f5c0000, 0x00007ef332bb0000)
 tenured generation   total 6347972K, used 6300337K [0x00007efd2f0a0000, 0x00007efeb27d1000, 0x00007f1284600000)
   the space 6347972K,  99% used [0x00007efd2f0a0000, 0x00007efeaf94c480, 0x00007efeaf94c600, 0x00007efeb27d1000)
 Metaspace       used 24266K, capacity 24637K, committed 24832K, reserved 26624K
}
Event: 3052.025 GC heap after
{Heap after GC invocations=2506 (full 6):
 def new generation   total 2856640K, used 111545K [0x00007ef284600000, 0x00007ef3461a0000, 0x00007efd2f0a0000)
  eden space 2539264K,   0% used [0x00007ef284600000, 0x00007ef284600000, 0x00007ef31f5c0000)
  from space 317376K,  35% used [0x00007ef31f5c0000, 0x00007ef3262ae658, 0x00007ef332bb0000)
  to   space 317376K,   0% used [0x00007ef332bb0000, 0x00007ef332bb0000, 0x00007ef3461a0000)
 tenured generation   total 6347972K, used 6300337K [0x00007efd2f0a0000, 0x00007efeb27d1000, 0x00007f1284600000)
   the space 6347972K,  99% used [0x00007efd2f0a0000, 0x00007efeaf94c480, 0x00007efeaf94c600, 0x00007efeb27d1000)
 Metaspace       used 24266K, capacity 24637K, committed 24832K, reserved 26624K
}
Event: 3054.218 GC heap before
{Heap before GC invocations=2506 (full 6):
 def new generation   total 2856640K, used 2650809K [0x00007ef284600000, 0x00007ef3461a0000, 0x00007efd2f0a0000)
  eden space 2539264K, 100% used [0x00007ef284600000, 0x00007ef31f5c0000, 0x00007ef31f5c0000)
  from space 317376K,  35% used [0x00007ef31f5c0000, 0x00007ef3262ae658, 0x00007ef332bb0000)
  to   space 317376K,   0% used [0x00007ef332bb0000, 0x00007ef332bb0000, 0x00007ef3461a0000)
 tenured generation   total 6347972K, used 6300337K [0x00007efd2f0a0000, 0x00007efeb27d1000, 0x00007f1284600000)
   the space 6347972K,  99% used [0x00007efd2f0a0000, 0x00007efeaf94c480, 0x00007efeaf94c600, 0x00007efeb27d1000)
 Metaspace       used 24266K, capacity 24637K, committed 24832K, reserved 26624K
}
Event: 3054.374 GC heap after
{Heap after GC invocations=2507 (full 6):
 def new generation   total 2856640K, used 101751K [0x00007ef284600000, 0x00007ef3461a0000, 0x00007efd2f0a0000)
  eden space 2539264K,   0% used [0x00007ef284600000, 0x00007ef284600000, 0x00007ef31f5c0000)
  from space 317376K,  32% used [0x00007ef332bb0000, 0x00007ef338f0df18, 0x00007ef3461a0000)
  to   space 317376K,   0% used [0x00007ef31f5c0000, 0x00007ef31f5c0000, 0x00007ef332bb0000)
 tenured generation   total 6347972K, used 6317297K [0x00007efd2f0a0000, 0x00007efeb27d1000, 0x00007f1284600000)
   the space 6347972K,  99% used [0x00007efd2f0a0000, 0x00007efeb09dc478, 0x00007efeb09dc600, 0x00007efeb27d1000)
 Metaspace       used 24266K, capacity 24637K, committed 24832K, reserved 26624K
}
Event: 3056.212 GC heap before
{Heap before GC invocations=2507 (full 6):
 def new generation   total 2856640K, used 2641015K [0x00007ef284600000, 0x00007ef3461a0000, 0x00007efd2f0a0000)
  eden space 2539264K, 100% used [0x00007ef284600000, 0x00007ef31f5c0000, 0x00007ef31f5c0000)
  from space 317376K,  32% used [0x00007ef332bb0000, 0x00007ef338f0df18, 0x00007ef3461a0000)
  to   space 317376K,   0% used [0x00007ef31f5c0000, 0x00007ef31f5c0000, 0x00007ef332bb0000)
 tenured generation   total 6347972K, used 6317297K [0x00007efd2f0a0000, 0x00007efeb27d1000, 0x00007f1284600000)
   the space 6347972K,  99% used [0x00007efd2f0a0000, 0x00007efeb09dc478, 0x00007efeb09dc600, 0x00007efeb27d1000)
 Metaspace       used 24266K, capacity 24637K, committed 24832K, reserved 26624K
}
Event: 3056.308 GC heap after
{Heap after GC invocations=2508 (full 6):
 def new generation   total 2856640K, used 102266K [0x00007ef284600000, 0x00007ef3461a0000, 0x00007efd2f0a0000)
  eden space 2539264K,   0% used [0x00007ef284600000, 0x00007ef284600000, 0x00007ef31f5c0000)
  from space 317376K,  32% used [0x00007ef31f5c0000, 0x00007ef32599e9a0, 0x00007ef332bb0000)
  to   space 317376K,   0% used [0x00007ef332bb0000, 0x00007ef332bb0000, 0x00007ef3461a0000)
 tenured generation   total 6347972K, used 6317297K [0x00007efd2f0a0000, 0x00007efeb27d1000, 0x00007f1284600000)
   the space 6347972K,  99% used [0x00007efd2f0a0000, 0x00007efeb09dc478, 0x00007efeb09dc600, 0x00007efeb27d1000)
 Metaspace       used 24266K, capacity 24637K, committed 24832K, reserved 26624K
}
Event: 3058.692 GC heap before
{Heap before GC invocations=2508 (full 6):
 def new generation   total 2856640K, used 2641530K [0x00007ef284600000, 0x00007ef3461a0000, 0x00007efd2f0a0000)
  eden space 2539264K, 100% used [0x00007ef284600000, 0x00007ef31f5c0000, 0x00007ef31f5c0000)
  from space 317376K,  32% used [0x00007ef31f5c0000, 0x00007ef32599e9a0, 0x00007ef332bb0000)
  to   space 317376K,   0% used [0x00007ef332bb0000, 0x00007ef332bb0000, 0x00007ef3461a0000)
 tenured generation   total 6347972K, used 6317297K [0x00007efd2f0a0000, 0x00007efeb27d1000, 0x00007f1284600000)
   the space 6347972K,  99% used [0x00007efd2f0a0000, 0x00007efeb09dc478, 0x00007efeb09dc600, 0x00007efeb27d1000)
 Metaspace       used 24266K, capacity 24637K, committed 24832K, reserved 26624K
}
Event: 3058.768 GC heap after
{Heap after GC invocations=2509 (full 6):
 def new generation   total 2856640K, used 107954K [0x00007ef284600000, 0x00007ef3461a0000, 0x00007efd2f0a0000)
  eden space 2539264K,   0% used [0x00007ef284600000, 0x00007ef284600000, 0x00007ef31f5c0000)
  from space 317376K,  34% used [0x00007ef332bb0000, 0x00007ef33951ca88, 0x00007ef3461a0000)
  to   space 317376K,   0% used [0x00007ef31f5c0000, 0x00007ef31f5c0000, 0x00007ef332bb0000)
 tenured generation   total 6347972K, used 6317297K [0x00007efd2f0a0000, 0x00007efeb27d1000, 0x00007f1284600000)
   the space 6347972K,  99% used [0x00007efd2f0a0000, 0x00007efeb09dc478, 0x00007efeb09dc600, 0x00007efeb27d1000)
 Metaspace       used 24266K, capacity 24637K, committed 24832K, reserved 26624K
}
Event: 3061.123 GC heap before
{Heap before GC invocations=2509 (full 6):
 def new generation   total 2856640K, used 2647218K [0x00007ef284600000, 0x00007ef3461a0000, 0x00007efd2f0a0000)
  eden space 2539264K, 100% used [0x00007ef284600000, 0x00007ef31f5c0000, 0x00007ef31f5c0000)
  from space 317376K,  34% used [0x00007ef332bb0000, 0x00007ef33951ca88, 0x00007ef3461a0000)
  to   space 317376K,   0% used [0x00007ef31f5c0000, 0x00007ef31f5c0000, 0x00007ef332bb0000)
 tenured generation   total 6347972K, used 6317297K [0x00007efd2f0a0000, 0x00007efeb27d1000, 0x00007f1284600000)
   the space 6347972K,  99% used [0x00007efd2f0a0000, 0x00007efeb09dc478, 0x00007efeb09dc600, 0x00007efeb27d1000)
 Metaspace       used 24266K, capacity 24637K, committed 24832K, reserved 26624K
}
Event: 3061.201 GC heap after
{Heap after GC invocations=2510 (full 6):
 def new generation   total 2856640K, used 100223K [0x00007ef284600000, 0x00007ef3461a0000, 0x00007efd2f0a0000)
  eden space 2539264K,   0% used [0x00007ef284600000, 0x00007ef284600000, 0x00007ef31f5c0000)
  from space 317376K,  31% used [0x00007ef31f5c0000, 0x00007ef32579fd90, 0x00007ef332bb0000)
  to   space 317376K,   0% used [0x00007ef332bb0000, 0x00007ef332bb0000, 0x00007ef3461a0000)
 tenured generation   total 6347972K, used 6334257K [0x00007efd2f0a0000, 0x00007efeb27d1000, 0x00007f1284600000)
   the space 6347972K,  99% used [0x00007efd2f0a0000, 0x00007efeb1a6c470, 0x00007efeb1a6c600, 0x00007efeb27d1000)
 Metaspace       used 24266K, capacity 24637K, committed 24832K, reserved 26624K
}
Event: 3063.154 GC heap before
{Heap before GC invocations=2510 (full 6):
 def new generation   total 2856640K, used 2639487K [0x00007ef284600000, 0x00007ef3461a0000, 0x00007efd2f0a0000)
  eden space 2539264K, 100% used [0x00007ef284600000, 0x00007ef31f5c0000, 0x00007ef31f5c0000)
  from space 317376K,  31% used [0x00007ef31f5c0000, 0x00007ef32579fd90, 0x00007ef332bb0000)
  to   space 317376K,   0% used [0x00007ef332bb0000, 0x00007ef332bb0000, 0x00007ef3461a0000)
 tenured generation   total 6347972K, used 6334257K [0x00007efd2f0a0000, 0x00007efeb27d1000, 0x00007f1284600000)
   the space 6347972K,  99% used [0x00007efd2f0a0000, 0x00007efeb1a6c470, 0x00007efeb1a6c600, 0x00007efeb27d1000)
 Metaspace       used 24266K, capacity 24637K, committed 24832K, reserved 26624K
}
Event: 3063.230 GC heap after
{Heap after GC invocations=2511 (full 6):
 def new generation   total 2856640K, used 101751K [0x00007ef284600000, 0x00007ef3461a0000, 0x00007efd2f0a0000)
  eden space 2539264K,   0% used [0x00007ef284600000, 0x00007ef284600000, 0x00007ef31f5c0000)
  from space 317376K,  32% used [0x00007ef332bb0000, 0x00007ef338f0df18, 0x00007ef3461a0000)
  to   space 317376K,   0% used [0x00007ef31f5c0000, 0x00007ef31f5c0000, 0x00007ef332bb0000)
 tenured generation   total 6347972K, used 6334257K [0x00007efd2f0a0000, 0x00007efeb27d1000, 0x00007f1284600000)
   the space 6347972K,  99% used [0x00007efd2f0a0000, 0x00007efeb1a6c470, 0x00007efeb1a6c600, 0x00007efeb27d1000)
 Metaspace       used 24266K, capacity 24637K, committed 24832K, reserved 26624K
}
Event: 3065.305 GC heap before
{Heap before GC invocations=2511 (full 6):
 def new generation   total 2856640K, used 2641015K [0x00007ef284600000, 0x00007ef3461a0000, 0x00007efd2f0a0000)
  eden space 2539264K, 100% used [0x00007ef284600000, 0x00007ef31f5c0000, 0x00007ef31f5c0000)
  from space 317376K,  32% used [0x00007ef332bb0000, 0x00007ef338f0df18, 0x00007ef3461a0000)
  to   space 317376K,   0% used [0x00007ef31f5c0000, 0x00007ef31f5c0000, 0x00007ef332bb0000)
 tenured generation   total 6347972K, used 6334257K [0x00007efd2f0a0000, 0x00007efeb27d1000, 0x00007f1284600000)
   the space 6347972K,  99% used [0x00007efd2f0a0000, 0x00007efeb1a6c470, 0x00007efeb1a6c600, 0x00007efeb27d1000)
 Metaspace       used 24266K, capacity 24637K, committed 24832K, reserved 26624K
}
Event: 3065.406 GC heap after
{Heap after GC invocations=2512 (full 6):
 def new generation   total 2856640K, used 122305K [0x00007ef284600000, 0x00007ef3461a0000, 0x00007efd2f0a0000)
  eden space 2539264K,   0% used [0x00007ef284600000, 0x00007ef284600000, 0x00007ef31f5c0000)
  from space 317376K,  38% used [0x00007ef31f5c0000, 0x00007ef326d30688, 0x00007ef332bb0000)
  to   space 317376K,   0% used [0x00007ef332bb0000, 0x00007ef332bb0000, 0x00007ef3461a0000)
 tenured generation   total 6347972K, used 6334257K [0x00007efd2f0a0000, 0x00007efeb27d1000, 0x00007f1284600000)
   the space 6347972K,  99% used [0x00007efd2f0a0000, 0x00007efeb1a6c470, 0x00007efeb1a6c600, 0x00007efeb27d1000)
 Metaspace       used 24266K, capacity 24637K, committed 24832K, reserved 26624K
}
Event: 3067.789 GC heap before
{Heap before GC invocations=2512 (full 6):
 def new generation   total 2856640K, used 2661569K [0x00007ef284600000, 0x00007ef3461a0000, 0x00007efd2f0a0000)
  eden space 2539264K, 100% used [0x00007ef284600000, 0x00007ef31f5c0000, 0x00007ef31f5c0000)
  from space 317376K,  38% used [0x00007ef31f5c0000, 0x00007ef326d30688, 0x00007ef332bb0000)
  to   space 317376K,   0% used [0x00007ef332bb0000, 0x00007ef332bb0000, 0x00007ef3461a0000)
 tenured generation   total 6347972K, used 6334257K [0x00007efd2f0a0000, 0x00007efeb27d1000, 0x00007f1284600000)
   the space 6347972K,  99% used [0x00007efd2f0a0000, 0x00007efeb1a6c470, 0x00007efeb1a6c600, 0x00007efeb27d1000)
 Metaspace       used 24266K, capacity 24637K, committed 24832K, reserved 26624K
}
Event: 3067.882 GC heap after
{Heap after GC invocations=2513 (full 6):
 def new generation   total 2856640K, used 115647K [0x00007ef284600000, 0x00007ef3461a0000, 0x00007efd2f0a0000)
  eden space 2539264K,   0% used [0x00007ef284600000, 0x00007ef284600000, 0x00007ef31f5c0000)
  from space 317376K,  36% used [0x00007ef332bb0000, 0x00007ef339c9fe70, 0x00007ef3461a0000)
  to   space 317376K,   0% used [0x00007ef31f5c0000, 0x00007ef31f5c0000, 0x00007ef332bb0000)
 tenured generation   total 6347972K, used 6334257K [0x00007efd2f0a0000, 0x00007efeb27d1000, 0x00007f1284600000)
   the space 6347972K,  99% used [0x00007efd2f0a0000, 0x00007efeb1a6c470, 0x00007efeb1a6c600, 0x00007efeb27d1000)
 Metaspace       used 24266K, capacity 24637K, committed 24832K, reserved 26624K
}
Event: 3069.794 GC heap before
{Heap before GC invocations=2513 (full 6):
 def new generation   total 2856640K, used 2654911K [0x00007ef284600000, 0x00007ef3461a0000, 0x00007efd2f0a0000)
  eden space 2539264K, 100% used [0x00007ef284600000, 0x00007ef31f5c0000, 0x00007ef31f5c0000)
  from space 317376K,  36% used [0x00007ef332bb0000, 0x00007ef339c9fe70, 0x00007ef3461a0000)
  to   space 317376K,   0% used [0x00007ef31f5c0000, 0x00007ef31f5c0000, 0x00007ef332bb0000)
 tenured generation   total 6347972K, used 6334257K [0x00007efd2f0a0000, 0x00007efeb27d1000, 0x00007f1284600000)
   the space 6347972K,  99% used [0x00007efd2f0a0000, 0x00007efeb1a6c470, 0x00007efeb1a6c600, 0x00007efeb27d1000)
 Metaspace       used 24266K, capacity 24637K, committed 24832K, reserved 26624K
}
Event: 3069.873 GC heap after
{Heap after GC invocations=2514 (full 6):
 def new generation   total 2856640K, used 101773K [0x00007ef284600000, 0x00007ef3461a0000, 0x00007efd2f0a0000)
  eden space 2539264K,   0% used [0x00007ef284600000, 0x00007ef284600000, 0x00007ef31f5c0000)
  from space 317376K,  32% used [0x00007ef31f5c0000, 0x00007ef325923748, 0x00007ef332bb0000)
  to   space 317376K,   0% used [0x00007ef332bb0000, 0x00007ef332bb0000, 0x00007ef3461a0000)
 tenured generation   total 6364360K, used 6351217K [0x00007efd2f0a0000, 0x00007efeb37d2000, 0x00007f1284600000)
   the space 6364360K,  99% used [0x00007efd2f0a0000, 0x00007efeb2afc468, 0x00007efeb2afc600, 0x00007efeb37d2000)
 Metaspace       used 24266K, capacity 24637K, committed 24832K, reserved 26624K
}
Event: 3069.873 GC heap before
{Heap before GC invocations=2514 (full 6):
 def new generation   total 2856640K, used 101773K [0x00007ef284600000, 0x00007ef3461a0000, 0x00007efd2f0a0000)
  eden space 2539264K,   0% used [0x00007ef284600000, 0x00007ef284600000, 0x00007ef31f5c0000)
  from space 317376K,  32% used [0x00007ef31f5c0000, 0x00007ef325923748, 0x00007ef332bb0000)
  to   space 317376K,   0% used [0x00007ef332bb0000, 0x00007ef332bb0000, 0x00007ef3461a0000)
 tenured generation   total 6364360K, used 6351217K [0x00007efd2f0a0000, 0x00007efeb37d2000, 0x00007f1284600000)
   the space 6364360K,  99% used [0x00007efd2f0a0000, 0x00007efeb2afc468, 0x00007efeb2afc600, 0x00007efeb37d2000)
 Metaspace       used 24266K, capacity 24637K, committed 24832K, reserved 26624K
}

