# JRE version: OpenJDK Runtime Environment (13.0.7+5) (build 13.0.7+5-Ubuntu-0ubuntu120.04)
# Java VM: OpenJDK 64-Bit Server VM (13.0.7+5-Ubuntu-0ubuntu120.04, mixed mode, tiered, serial gc, linux-amd64)
Heap:
 def new generation   total 629248K, used 0K [0x00007f9e6c600000, 0x00007f9e970c0000, 0x00007fa3c1b50000)
  eden space 559360K,   0% used [0x00007f9e6c600000, 0x00007f9e6c600000, 0x00007f9e8e840000)
  from space 69888K,   0% used [0x00007f9e92c80000, 0x00007f9e92c80000, 0x00007f9e970c0000)
  to   space 69888K,   0% used [0x00007f9e8e840000, 0x00007f9e8e840000, 0x00007f9e92c80000)
 tenured generation   total 1398144K, used 15368K [0x00007fa3c1b50000, 0x00007fa4170b0000, 0x00007fae6c600000)
   the space 1398144K,   1% used [0x00007fa3c1b50000, 0x00007fa3c2a522a0, 0x00007fa3c2a52400, 0x00007fa4170b0000)
 Metaspace       used 23204K, capacity 23590K, committed 23808K, reserved 24576K
GC Heap History (14 events):
Event: 3.602 GC heap before
{Heap before GC invocations=0 (full 0):
 def new generation   total 629120K, used 145401K [0x00007f9e6c600000, 0x00007f9e970a0000, 0x00007fa3c1b50000)
  eden space 559232K,  26% used [0x00007f9e6c600000, 0x00007f9e753fe498, 0x00007f9e8e820000)
  from space 69888K,   0% used [0x00007f9e8e820000, 0x00007f9e8e820000, 0x00007f9e92c60000)
  to   space 69888K,   0% used [0x00007f9e92c60000, 0x00007f9e92c60000, 0x00007f9e970a0000)
 tenured generation   total 1398144K, used 0K [0x00007fa3c1b50000, 0x00007fa4170b0000, 0x00007fae6c600000)
   the space 1398144K,   0% used [0x00007fa3c1b50000, 0x00007fa3c1b50000, 0x00007fa3c1b50200, 0x00007fa4170b0000)
 Metaspace       used 20960K, capacity 21223K, committed 21248K, reserved 22528K
}
Event: 3.734 GC heap after
{Heap after GC invocations=1 (full 1):
 def new generation   total 629248K, used 0K [0x00007f9e6c600000, 0x00007f9e970c0000, 0x00007fa3c1b50000)
  eden space 559360K,   0% used [0x00007f9e6c600000, 0x00007f9e6c600000, 0x00007f9e8e840000)
  from space 69888K,   0% used [0x00007f9e8e840000, 0x00007f9e8e840000, 0x00007f9e92c80000)
  to   space 69888K,   0% used [0x00007f9e92c80000, 0x00007f9e92c80000, 0x00007f9e970c0000)
 tenured generation   total 1398144K, used 14005K [0x00007fa3c1b50000, 0x00007fa4170b0000, 0x00007fae6c600000)
   the space 1398144K,   1% used [0x00007fa3c1b50000, 0x00007fa3c28fd538, 0x00007fa3c28fd600, 0x00007fa4170b0000)
 Metaspace       used 20960K, capacity 21223K, committed 21248K, reserved 22528K
}
Event: 7.234 GC heap before
{Heap before GC invocations=1 (full 1):
 def new generation   total 629248K, used 559360K [0x00007f9e6c600000, 0x00007f9e970c0000, 0x00007fa3c1b50000)
  eden space 559360K, 100% used [0x00007f9e6c600000, 0x00007f9e8e840000, 0x00007f9e8e840000)
  from space 69888K,   0% used [0x00007f9e8e840000, 0x00007f9e8e840000, 0x00007f9e92c80000)
  to   space 69888K,   0% used [0x00007f9e92c80000, 0x00007f9e92c80000, 0x00007f9e970c0000)
 tenured generation   total 1398144K, used 14005K [0x00007fa3c1b50000, 0x00007fa4170b0000, 0x00007fae6c600000)
   the space 1398144K,   1% used [0x00007fa3c1b50000, 0x00007fa3c28fd538, 0x00007fa3c28fd600, 0x00007fa4170b0000)
 Metaspace       used 22741K, capacity 23159K, committed 23296K, reserved 24576K
}
Event: 7.241 GC heap after
{Heap after GC invocations=2 (full 1):
 def new generation   total 629248K, used 946K [0x00007f9e6c600000, 0x00007f9e970c0000, 0x00007fa3c1b50000)
  eden space 559360K,   0% used [0x00007f9e6c600000, 0x00007f9e6c600000, 0x00007f9e8e840000)
  from space 69888K,   1% used [0x00007f9e92c80000, 0x00007f9e92d6cbb8, 0x00007f9e970c0000)
  to   space 69888K,   0% used [0x00007f9e8e840000, 0x00007f9e8e840000, 0x00007f9e92c80000)
 tenured generation   total 1398144K, used 14005K [0x00007fa3c1b50000, 0x00007fa4170b0000, 0x00007fae6c600000)
   the space 1398144K,   1% used [0x00007fa3c1b50000, 0x00007fa3c28fd538, 0x00007fa3c28fd600, 0x00007fa4170b0000)
 Metaspace       used 22741K, capacity 23159K, committed 23296K, reserved 24576K
}
Event: 8.837 GC heap before
{Heap before GC invocations=2 (full 1):
 def new generation   total 629248K, used 560306K [0x00007f9e6c600000, 0x00007f9e970c0000, 0x00007fa3c1b50000)
  eden space 559360K, 100% used [0x00007f9e6c600000, 0x00007f9e8e840000, 0x00007f9e8e840000)
  from space 69888K,   1% used [0x00007f9e92c80000, 0x00007f9e92d6cbb8, 0x00007f9e970c0000)
  to   space 69888K,   0% used [0x00007f9e8e840000, 0x00007f9e8e840000, 0x00007f9e92c80000)
 tenured generation   total 1398144K, used 14005K [0x00007fa3c1b50000, 0x00007fa4170b0000, 0x00007fae6c600000)
   the space 1398144K,   1% used [0x00007fa3c1b50000, 0x00007fa3c28fd538, 0x00007fa3c28fd600, 0x00007fa4170b0000)
 Metaspace       used 23019K, capacity 23384K, committed 23552K, reserved 24576K
}
Event: 8.844 GC heap after
{Heap after GC invocations=3 (full 1):
 def new generation   total 629248K, used 858K [0x00007f9e6c600000, 0x00007f9e970c0000, 0x00007fa3c1b50000)
  eden space 559360K,   0% used [0x00007f9e6c600000, 0x00007f9e6c600000, 0x00007f9e8e840000)
  from space 69888K,   1% used [0x00007f9e8e840000, 0x00007f9e8e916bf8, 0x00007f9e92c80000)
  to   space 69888K,   0% used [0x00007f9e92c80000, 0x00007f9e92c80000, 0x00007f9e970c0000)
 tenured generation   total 1398144K, used 14005K [0x00007fa3c1b50000, 0x00007fa4170b0000, 0x00007fae6c600000)
   the space 1398144K,   1% used [0x00007fa3c1b50000, 0x00007fa3c28fd538, 0x00007fa3c28fd600, 0x00007fa4170b0000)
 Metaspace       used 23019K, capacity 23384K, committed 23552K, reserved 24576K
}
Event: 9.856 GC heap before
{Heap before GC invocations=3 (full 1):
 def new generation   total 629248K, used 560218K [0x00007f9e6c600000, 0x00007f9e970c0000, 0x00007fa3c1b50000)
  eden space 559360K, 100% used [0x00007f9e6c600000, 0x00007f9e8e840000, 0x00007f9e8e840000)
  from space 69888K,   1% used [0x00007f9e8e840000, 0x00007f9e8e916bf8, 0x00007f9e92c80000)
  to   space 69888K,   0% used [0x00007f9e92c80000, 0x00007f9e92c80000, 0x00007f9e970c0000)
 tenured generation   total 1398144K, used 14005K [0x00007fa3c1b50000, 0x00007fa4170b0000, 0x00007fae6c600000)
   the space 1398144K,   1% used [0x00007fa3c1b50000, 0x00007fa3c28fd538, 0x00007fa3c28fd600, 0x00007fa4170b0000)
 Metaspace       used 23019K, capacity 23384K, committed 23552K, reserved 24576K
}
Event: 9.859 GC heap after
{Heap after GC invocations=4 (full 1):
 def new generation   total 629248K, used 1113K [0x00007f9e6c600000, 0x00007f9e970c0000, 0x00007fa3c1b50000)
  eden space 559360K,   0% used [0x00007f9e6c600000, 0x00007f9e6c600000, 0x00007f9e8e840000)
  from space 69888K,   1% used [0x00007f9e92c80000, 0x00007f9e92d965b0, 0x00007f9e970c0000)
  to   space 69888K,   0% used [0x00007f9e8e840000, 0x00007f9e8e840000, 0x00007f9e92c80000)
 tenured generation   total 1398144K, used 14005K [0x00007fa3c1b50000, 0x00007fa4170b0000, 0x00007fae6c600000)
   the space 1398144K,   1% used [0x00007fa3c1b50000, 0x00007fa3c28fd538, 0x00007fa3c28fd600, 0x00007fa4170b0000)
 Metaspace       used 23019K, capacity 23384K, committed 23552K, reserved 24576K
}
Event: 10.538 GC heap before
{Heap before GC invocations=4 (full 1):
 def new generation   total 629248K, used 370058K [0x00007f9e6c600000, 0x00007f9e970c0000, 0x00007fa3c1b50000)
  eden space 559360K,  65% used [0x00007f9e6c600000, 0x00007f9e82e4c580, 0x00007f9e8e840000)
  from space 69888K,   1% used [0x00007f9e92c80000, 0x00007f9e92d965b0, 0x00007f9e970c0000)
  to   space 69888K,   0% used [0x00007f9e8e840000, 0x00007f9e8e840000, 0x00007f9e92c80000)
 tenured generation   total 1398144K, used 14005K [0x00007fa3c1b50000, 0x00007fa4170b0000, 0x00007fae6c600000)
   the space 1398144K,   1% used [0x00007fa3c1b50000, 0x00007fa3c28fd538, 0x00007fa3c28fd600, 0x00007fa4170b0000)
 Metaspace       used 23202K, capacity 23590K, committed 23808K, reserved 24576K
}
Event: 10.544 GC heap after
{Heap after GC invocations=5 (full 1):
 def new generation   total 629248K, used 2426K [0x00007f9e6c600000, 0x00007f9e970c0000, 0x00007fa3c1b50000)
  eden space 559360K,   0% used [0x00007f9e6c600000, 0x00007f9e6c600000, 0x00007f9e8e840000)
  from space 69888K,   3% used [0x00007f9e8e840000, 0x00007f9e8ea9e8d0, 0x00007f9e92c80000)
  to   space 69888K,   0% used [0x00007f9e92c80000, 0x00007f9e92c80000, 0x00007f9e970c0000)
 tenured generation   total 1398144K, used 14005K [0x00007fa3c1b50000, 0x00007fa4170b0000, 0x00007fae6c600000)
   the space 1398144K,   1% used [0x00007fa3c1b50000, 0x00007fa3c28fd538, 0x00007fa3c28fd600, 0x00007fa4170b0000)
 Metaspace       used 23202K, capacity 23590K, committed 23808K, reserved 24576K
}
Event: 11.916 GC heap before
{Heap before GC invocations=5 (full 1):
 def new generation   total 629248K, used 540027K [0x00007f9e6c600000, 0x00007f9e970c0000, 0x00007fa3c1b50000)
  eden space 559360K,  96% used [0x00007f9e6c600000, 0x00007f9e8d3003d0, 0x00007f9e8e840000)
  from space 69888K,   3% used [0x00007f9e8e840000, 0x00007f9e8ea9e8d0, 0x00007f9e92c80000)
  to   space 69888K,   0% used [0x00007f9e92c80000, 0x00007f9e92c80000, 0x00007f9e970c0000)
 tenured generation   total 1398144K, used 14005K [0x00007fa3c1b50000, 0x00007fa4170b0000, 0x00007fae6c600000)
   the space 1398144K,   1% used [0x00007fa3c1b50000, 0x00007fa3c28fd538, 0x00007fa3c28fd600, 0x00007fa4170b0000)
 Metaspace       used 23204K, capacity 23590K, committed 23808K, reserved 24576K
}
Event: 11.919 GC heap after
{Heap after GC invocations=6 (full 1):
 def new generation   total 629248K, used 1369K [0x00007f9e6c600000, 0x00007f9e970c0000, 0x00007fa3c1b50000)
  eden space 559360K,   0% used [0x00007f9e6c600000, 0x00007f9e6c600000, 0x00007f9e8e840000)
  from space 69888K,   1% used [0x00007f9e92c80000, 0x00007f9e92dd66e0, 0x00007f9e970c0000)
  to   space 69888K,   0% used [0x00007f9e8e840000, 0x00007f9e8e840000, 0x00007f9e92c80000)
 tenured generation   total 1398144K, used 14005K [0x00007fa3c1b50000, 0x00007fa4170b0000, 0x00007fae6c600000)
   the space 1398144K,   1% used [0x00007fa3c1b50000, 0x00007fa3c28fd538, 0x00007fa3c28fd600, 0x00007fa4170b0000)
 Metaspace       used 23204K, capacity 23590K, committed 23808K, reserved 24576K
}
Event: 11.919 GC heap before
{Heap before GC invocations=6 (full 1):
 def new generation   total 629248K, used 1369K [0x00007f9e6c600000, 0x00007f9e970c0000, 0x00007fa3c1b50000)
  eden space 559360K,   0% used [0x00007f9e6c600000, 0x00007f9e6c600000, 0x00007f9e8e840000)
  from space 69888K,   1% used [0x00007f9e92c80000, 0x00007f9e92dd66e0, 0x00007f9e970c0000)
  to   space 69888K,   0% used [0x00007f9e8e840000, 0x00007f9e8e840000, 0x00007f9e92c80000)
 tenured generation   total 1398144K, used 14005K [0x00007fa3c1b50000, 0x00007fa4170b0000, 0x00007fae6c600000)
   the space 1398144K,   1% used [0x00007fa3c1b50000, 0x00007fa3c28fd538, 0x00007fa3c28fd600, 0x00007fa4170b0000)
 Metaspace       used 23204K, capacity 23590K, committed 23808K, reserved 24576K
}
Event: 11.975 GC heap after
{Heap after GC invocations=6 (full 2):
 def new generation   total 629248K, used 0K [0x00007f9e6c600000, 0x00007f9e970c0000, 0x00007fa3c1b50000)
  eden space 559360K,   0% used [0x00007f9e6c600000, 0x00007f9e6c600000, 0x00007f9e8e840000)
  from space 69888K,   0% used [0x00007f9e92c80000, 0x00007f9e92c80000, 0x00007f9e970c0000)
  to   space 69888K,   0% used [0x00007f9e8e840000, 0x00007f9e8e840000, 0x00007f9e92c80000)
 tenured generation   total 1398144K, used 15368K [0x00007fa3c1b50000, 0x00007fa4170b0000, 0x00007fae6c600000)
   the space 1398144K,   1% used [0x00007fa3c1b50000, 0x00007fa3c2a522a0, 0x00007fa3c2a52400, 0x00007fa4170b0000)
 Metaspace       used 23204K, capacity 23590K, committed 23808K, reserved 24576K
}

