# JRE version: OpenJDK Runtime Environment (13.0.7+5) (build 13.0.7+5-Ubuntu-0ubuntu120.04)
# Java VM: OpenJDK 64-Bit Server VM (13.0.7+5-Ubuntu-0ubuntu120.04, mixed mode, tiered, serial gc, linux-amd64)
Heap:
 def new generation   total 2892160K, used 10116K [0x00007f962c600000, 0x00007f96f0830000, 0x00007f9b81b50000)
  eden space 2570816K,   0% used [0x00007f962c600000, 0x00007f962cfe13f0, 0x00007f96c9490000)
  from space 321344K,   0% used [0x00007f96dce60000, 0x00007f96dce60000, 0x00007f96f0830000)
  to   space 321344K,   0% used [0x00007f96c9490000, 0x00007f96c9490000, 0x00007f96dce60000)
 tenured generation   total 6427128K, used 6427119K [0x00007f9b81b50000, 0x00007f9d09fce000, 0x00007fa62c600000)
   the space 6427128K,  99% used [0x00007f9b81b50000, 0x00007f9d09fcbdb0, 0x00007f9d09fcbe00, 0x00007f9d09fce000)
 Metaspace       used 24237K, capacity 24649K, committed 24832K, reserved 26624K
GC Heap History (20 events):
Event: 17148.769 GC heap after
{Heap after GC invocations=20870 (full 4):
 def new generation   total 2892160K, used 10167K [0x00007f962c600000, 0x00007f96f0830000, 0x00007f9b81b50000)
  eden space 2570816K,   0% used [0x00007f962c600000, 0x00007f962c600000, 0x00007f96c9490000)
  from space 321344K,   3% used [0x00007f96c9490000, 0x00007f96c9e7dc40, 0x00007f96dce60000)
  to   space 321344K,   0% used [0x00007f96dce60000, 0x00007f96dce60000, 0x00007f96f0830000)
 tenured generation   total 6426936K, used 6421102K [0x00007f9b81b50000, 0x00007f9d09f9e000, 0x00007fa62c600000)
   the space 6426936K,  99% used [0x00007f9b81b50000, 0x00007f9d099eb800, 0x00007f9d099eb800, 0x00007f9d09f9e000)
 Metaspace       used 24237K, capacity 24649K, committed 24832K, reserved 26624K
}
Event: 17150.511 GC heap before
{Heap before GC invocations=20870 (full 4):
 def new generation   total 2892160K, used 2580983K [0x00007f962c600000, 0x00007f96f0830000, 0x00007f9b81b50000)
  eden space 2570816K, 100% used [0x00007f962c600000, 0x00007f96c9490000, 0x00007f96c9490000)
  from space 321344K,   3% used [0x00007f96c9490000, 0x00007f96c9e7dc40, 0x00007f96dce60000)
  to   space 321344K,   0% used [0x00007f96dce60000, 0x00007f96dce60000, 0x00007f96f0830000)
 tenured generation   total 6426936K, used 6421102K [0x00007f9b81b50000, 0x00007f9d09f9e000, 0x00007fa62c600000)
   the space 6426936K,  99% used [0x00007f9b81b50000, 0x00007f9d099eb800, 0x00007f9d099eb800, 0x00007f9d09f9e000)
 Metaspace       used 24237K, capacity 24649K, committed 24832K, reserved 26624K
}
Event: 17150.530 GC heap after
{Heap after GC invocations=20871 (full 4):
 def new generation   total 2892160K, used 10169K [0x00007f962c600000, 0x00007f96f0830000, 0x00007f9b81b50000)
  eden space 2570816K,   0% used [0x00007f962c600000, 0x00007f962c600000, 0x00007f96c9490000)
  from space 321344K,   3% used [0x00007f96dce60000, 0x00007f96dd84e7b8, 0x00007f96f0830000)
  to   space 321344K,   0% used [0x00007f96c9490000, 0x00007f96c9490000, 0x00007f96dce60000)
 tenured generation   total 6426936K, used 6421785K [0x00007f9b81b50000, 0x00007f9d09f9e000, 0x00007fa62c600000)
   the space 6426936K,  99% used [0x00007f9b81b50000, 0x00007f9d09a967e8, 0x00007f9d09a96800, 0x00007f9d09f9e000)
 Metaspace       used 24237K, capacity 24649K, committed 24832K, reserved 26624K
}
Event: 17152.159 GC heap before
{Heap before GC invocations=20871 (full 4):
 def new generation   total 2892160K, used 2580985K [0x00007f962c600000, 0x00007f96f0830000, 0x00007f9b81b50000)
  eden space 2570816K, 100% used [0x00007f962c600000, 0x00007f96c9490000, 0x00007f96c9490000)
  from space 321344K,   3% used [0x00007f96dce60000, 0x00007f96dd84e7b8, 0x00007f96f0830000)
  to   space 321344K,   0% used [0x00007f96c9490000, 0x00007f96c9490000, 0x00007f96dce60000)
 tenured generation   total 6426936K, used 6421785K [0x00007f9b81b50000, 0x00007f9d09f9e000, 0x00007fa62c600000)
   the space 6426936K,  99% used [0x00007f9b81b50000, 0x00007f9d09a967e8, 0x00007f9d09a96800, 0x00007f9d09f9e000)
 Metaspace       used 24237K, capacity 24649K, committed 24832K, reserved 26624K
}
Event: 17152.176 GC heap after
{Heap after GC invocations=20872 (full 4):
 def new generation   total 2892160K, used 10136K [0x00007f962c600000, 0x00007f96f0830000, 0x00007f9b81b50000)
  eden space 2570816K,   0% used [0x00007f962c600000, 0x00007f962c600000, 0x00007f96c9490000)
  from space 321344K,   3% used [0x00007f96c9490000, 0x00007f96c9e763e0, 0x00007f96dce60000)
  to   space 321344K,   0% used [0x00007f96dce60000, 0x00007f96dce60000, 0x00007f96f0830000)
 tenured generation   total 6426936K, used 6422345K [0x00007f9b81b50000, 0x00007f9d09f9e000, 0x00007fa62c600000)
   the space 6426936K,  99% used [0x00007f9b81b50000, 0x00007f9d09b22648, 0x00007f9d09b22800, 0x00007f9d09f9e000)
 Metaspace       used 24237K, capacity 24649K, committed 24832K, reserved 26624K
}
Event: 17153.895 GC heap before
{Heap before GC invocations=20872 (full 4):
 def new generation   total 2892160K, used 2580952K [0x00007f962c600000, 0x00007f96f0830000, 0x00007f9b81b50000)
  eden space 2570816K, 100% used [0x00007f962c600000, 0x00007f96c9490000, 0x00007f96c9490000)
  from space 321344K,   3% used [0x00007f96c9490000, 0x00007f96c9e763e0, 0x00007f96dce60000)
  to   space 321344K,   0% used [0x00007f96dce60000, 0x00007f96dce60000, 0x00007f96f0830000)
 tenured generation   total 6426936K, used 6422345K [0x00007f9b81b50000, 0x00007f9d09f9e000, 0x00007fa62c600000)
   the space 6426936K,  99% used [0x00007f9b81b50000, 0x00007f9d09b22648, 0x00007f9d09b22800, 0x00007f9d09f9e000)
 Metaspace       used 24237K, capacity 24649K, committed 24832K, reserved 26624K
}
Event: 17153.915 GC heap after
{Heap after GC invocations=20873 (full 4):
 def new generation   total 2892160K, used 10148K [0x00007f962c600000, 0x00007f96f0830000, 0x00007f9b81b50000)
  eden space 2570816K,   0% used [0x00007f962c600000, 0x00007f962c600000, 0x00007f96c9490000)
  from space 321344K,   3% used [0x00007f96dce60000, 0x00007f96dd849358, 0x00007f96f0830000)
  to   space 321344K,   0% used [0x00007f96c9490000, 0x00007f96c9490000, 0x00007f96dce60000)
 tenured generation   total 6426936K, used 6423029K [0x00007f9b81b50000, 0x00007f9d09f9e000, 0x00007fa62c600000)
   the space 6426936K,  99% used [0x00007f9b81b50000, 0x00007f9d09bcd630, 0x00007f9d09bcd800, 0x00007f9d09f9e000)
 Metaspace       used 24237K, capacity 24649K, committed 24832K, reserved 26624K
}
Event: 17155.639 GC heap before
{Heap before GC invocations=20873 (full 4):
 def new generation   total 2892160K, used 2580964K [0x00007f962c600000, 0x00007f96f0830000, 0x00007f9b81b50000)
  eden space 2570816K, 100% used [0x00007f962c600000, 0x00007f96c9490000, 0x00007f96c9490000)
  from space 321344K,   3% used [0x00007f96dce60000, 0x00007f96dd849358, 0x00007f96f0830000)
  to   space 321344K,   0% used [0x00007f96c9490000, 0x00007f96c9490000, 0x00007f96dce60000)
 tenured generation   total 6426936K, used 6423029K [0x00007f9b81b50000, 0x00007f9d09f9e000, 0x00007fa62c600000)
   the space 6426936K,  99% used [0x00007f9b81b50000, 0x00007f9d09bcd630, 0x00007f9d09bcd800, 0x00007f9d09f9e000)
 Metaspace       used 24237K, capacity 24649K, committed 24832K, reserved 26624K
}
Event: 17155.655 GC heap after
{Heap after GC invocations=20874 (full 4):
 def new generation   total 2892160K, used 10146K [0x00007f962c600000, 0x00007f96f0830000, 0x00007f9b81b50000)
  eden space 2570816K,   0% used [0x00007f962c600000, 0x00007f962c600000, 0x00007f96c9490000)
  from space 321344K,   3% used [0x00007f96c9490000, 0x00007f96c9e78ac8, 0x00007f96dce60000)
  to   space 321344K,   0% used [0x00007f96dce60000, 0x00007f96dce60000, 0x00007f96f0830000)
 tenured generation   total 6426936K, used 6423713K [0x00007f9b81b50000, 0x00007f9d09f9e000, 0x00007fa62c600000)
   the space 6426936K,  99% used [0x00007f9b81b50000, 0x00007f9d09c78618, 0x00007f9d09c78800, 0x00007f9d09f9e000)
 Metaspace       used 24237K, capacity 24649K, committed 24832K, reserved 26624K
}
Event: 17157.378 GC heap before
{Heap before GC invocations=20874 (full 4):
 def new generation   total 2892160K, used 2580962K [0x00007f962c600000, 0x00007f96f0830000, 0x00007f9b81b50000)
  eden space 2570816K, 100% used [0x00007f962c600000, 0x00007f96c9490000, 0x00007f96c9490000)
  from space 321344K,   3% used [0x00007f96c9490000, 0x00007f96c9e78ac8, 0x00007f96dce60000)
  to   space 321344K,   0% used [0x00007f96dce60000, 0x00007f96dce60000, 0x00007f96f0830000)
 tenured generation   total 6426936K, used 6423713K [0x00007f9b81b50000, 0x00007f9d09f9e000, 0x00007fa62c600000)
   the space 6426936K,  99% used [0x00007f9b81b50000, 0x00007f9d09c78618, 0x00007f9d09c78800, 0x00007f9d09f9e000)
 Metaspace       used 24237K, capacity 24649K, committed 24832K, reserved 26624K
}
Event: 17157.398 GC heap after
{Heap after GC invocations=20875 (full 4):
 def new generation   total 2892160K, used 10132K [0x00007f962c600000, 0x00007f96f0830000, 0x00007f9b81b50000)
  eden space 2570816K,   0% used [0x00007f962c600000, 0x00007f962c600000, 0x00007f96c9490000)
  from space 321344K,   3% used [0x00007f96dce60000, 0x00007f96dd8453c8, 0x00007f96f0830000)
  to   space 321344K,   0% used [0x00007f96c9490000, 0x00007f96c9490000, 0x00007f96dce60000)
 tenured generation   total 6426936K, used 6424397K [0x00007f9b81b50000, 0x00007f9d09f9e000, 0x00007fa62c600000)
   the space 6426936K,  99% used [0x00007f9b81b50000, 0x00007f9d09d23600, 0x00007f9d09d23600, 0x00007f9d09f9e000)
 Metaspace       used 24237K, capacity 24649K, committed 24832K, reserved 26624K
}
Event: 17159.100 GC heap before
{Heap before GC invocations=20875 (full 4):
 def new generation   total 2892160K, used 2580948K [0x00007f962c600000, 0x00007f96f0830000, 0x00007f9b81b50000)
  eden space 2570816K, 100% used [0x00007f962c600000, 0x00007f96c9490000, 0x00007f96c9490000)
  from space 321344K,   3% used [0x00007f96dce60000, 0x00007f96dd8453c8, 0x00007f96f0830000)
  to   space 321344K,   0% used [0x00007f96c9490000, 0x00007f96c9490000, 0x00007f96dce60000)
 tenured generation   total 6426936K, used 6424397K [0x00007f9b81b50000, 0x00007f9d09f9e000, 0x00007fa62c600000)
   the space 6426936K,  99% used [0x00007f9b81b50000, 0x00007f9d09d23600, 0x00007f9d09d23600, 0x00007f9d09f9e000)
 Metaspace       used 24237K, capacity 24649K, committed 24832K, reserved 26624K
}
Event: 17159.121 GC heap after
{Heap after GC invocations=20876 (full 4):
 def new generation   total 2892160K, used 10154K [0x00007f962c600000, 0x00007f96f0830000, 0x00007f9b81b50000)
  eden space 2570816K,   0% used [0x00007f962c600000, 0x00007f962c600000, 0x00007f96c9490000)
  from space 321344K,   3% used [0x00007f96c9490000, 0x00007f96c9e7a830, 0x00007f96dce60000)
  to   space 321344K,   0% used [0x00007f96dce60000, 0x00007f96dce60000, 0x00007f96f0830000)
 tenured generation   total 6426936K, used 6425060K [0x00007f9b81b50000, 0x00007f9d09f9e000, 0x00007fa62c600000)
   the space 6426936K,  99% used [0x00007f9b81b50000, 0x00007f9d09dc9300, 0x00007f9d09dc9400, 0x00007f9d09f9e000)
 Metaspace       used 24237K, capacity 24649K, committed 24832K, reserved 26624K
}
Event: 17160.804 GC heap before
{Heap before GC invocations=20876 (full 4):
 def new generation   total 2892160K, used 2580970K [0x00007f962c600000, 0x00007f96f0830000, 0x00007f9b81b50000)
  eden space 2570816K, 100% used [0x00007f962c600000, 0x00007f96c9490000, 0x00007f96c9490000)
  from space 321344K,   3% used [0x00007f96c9490000, 0x00007f96c9e7a830, 0x00007f96dce60000)
  to   space 321344K,   0% used [0x00007f96dce60000, 0x00007f96dce60000, 0x00007f96f0830000)
 tenured generation   total 6426936K, used 6425060K [0x00007f9b81b50000, 0x00007f9d09f9e000, 0x00007fa62c600000)
   the space 6426936K,  99% used [0x00007f9b81b50000, 0x00007f9d09dc9300, 0x00007f9d09dc9400, 0x00007f9d09f9e000)
 Metaspace       used 24237K, capacity 24649K, committed 24832K, reserved 26624K
}
Event: 17160.827 GC heap after
{Heap after GC invocations=20877 (full 4):
 def new generation   total 2892160K, used 10150K [0x00007f962c600000, 0x00007f96f0830000, 0x00007f9b81b50000)
  eden space 2570816K,   0% used [0x00007f962c600000, 0x00007f962c600000, 0x00007f96c9490000)
  from space 321344K,   3% used [0x00007f96dce60000, 0x00007f96dd849b88, 0x00007f96f0830000)
  to   space 321344K,   0% used [0x00007f96c9490000, 0x00007f96c9490000, 0x00007f96dce60000)
 tenured generation   total 6426936K, used 6425744K [0x00007f9b81b50000, 0x00007f9d09f9e000, 0x00007fa62c600000)
   the space 6426936K,  99% used [0x00007f9b81b50000, 0x00007f9d09e742e8, 0x00007f9d09e74400, 0x00007f9d09f9e000)
 Metaspace       used 24237K, capacity 24649K, committed 24832K, reserved 26624K
}
Event: 17162.516 GC heap before
{Heap before GC invocations=20877 (full 4):
 def new generation   total 2892160K, used 2580966K [0x00007f962c600000, 0x00007f96f0830000, 0x00007f9b81b50000)
  eden space 2570816K, 100% used [0x00007f962c600000, 0x00007f96c9490000, 0x00007f96c9490000)
  from space 321344K,   3% used [0x00007f96dce60000, 0x00007f96dd849b88, 0x00007f96f0830000)
  to   space 321344K,   0% used [0x00007f96c9490000, 0x00007f96c9490000, 0x00007f96dce60000)
 tenured generation   total 6426936K, used 6425744K [0x00007f9b81b50000, 0x00007f9d09f9e000, 0x00007fa62c600000)
   the space 6426936K,  99% used [0x00007f9b81b50000, 0x00007f9d09e742e8, 0x00007f9d09e74400, 0x00007f9d09f9e000)
 Metaspace       used 24237K, capacity 24649K, committed 24832K, reserved 26624K
}
Event: 17162.535 GC heap after
{Heap after GC invocations=20878 (full 4):
 def new generation   total 2892160K, used 10145K [0x00007f962c600000, 0x00007f96f0830000, 0x00007f9b81b50000)
  eden space 2570816K,   0% used [0x00007f962c600000, 0x00007f962c600000, 0x00007f96c9490000)
  from space 321344K,   3% used [0x00007f96c9490000, 0x00007f96c9e78490, 0x00007f96dce60000)
  to   space 321344K,   0% used [0x00007f96dce60000, 0x00007f96dce60000, 0x00007f96f0830000)
 tenured generation   total 6426936K, used 6426428K [0x00007f9b81b50000, 0x00007f9d09f9e000, 0x00007fa62c600000)
   the space 6426936K,  99% used [0x00007f9b81b50000, 0x00007f9d09f1f2d0, 0x00007f9d09f1f400, 0x00007f9d09f9e000)
 Metaspace       used 24237K, capacity 24649K, committed 24832K, reserved 26624K
}
Event: 17164.229 GC heap before
{Heap before GC invocations=20878 (full 4):
 def new generation   total 2892160K, used 2580961K [0x00007f962c600000, 0x00007f96f0830000, 0x00007f9b81b50000)
  eden space 2570816K, 100% used [0x00007f962c600000, 0x00007f96c9490000, 0x00007f96c9490000)
  from space 321344K,   3% used [0x00007f96c9490000, 0x00007f96c9e78490, 0x00007f96dce60000)
  to   space 321344K,   0% used [0x00007f96dce60000, 0x00007f96dce60000, 0x00007f96f0830000)
 tenured generation   total 6426936K, used 6426428K [0x00007f9b81b50000, 0x00007f9d09f9e000, 0x00007fa62c600000)
   the space 6426936K,  99% used [0x00007f9b81b50000, 0x00007f9d09f1f2d0, 0x00007f9d09f1f400, 0x00007f9d09f9e000)
 Metaspace       used 24237K, capacity 24649K, committed 24832K, reserved 26624K
}
Event: 17164.246 GC heap after
{Heap after GC invocations=20879 (full 4):
 def new generation   total 2892160K, used 10123K [0x00007f962c600000, 0x00007f96f0830000, 0x00007f9b81b50000)
  eden space 2570816K,   0% used [0x00007f962c600000, 0x00007f962c600000, 0x00007f96c9490000)
  from space 321344K,   3% used [0x00007f96dce60000, 0x00007f96dd842ee8, 0x00007f96f0830000)
  to   space 321344K,   0% used [0x00007f96c9490000, 0x00007f96c9490000, 0x00007f96dce60000)
 tenured generation   total 6427128K, used 6427112K [0x00007f9b81b50000, 0x00007f9d09fce000, 0x00007fa62c600000)
   the space 6427128K,  99% used [0x00007f9b81b50000, 0x00007f9d09fca2b8, 0x00007f9d09fca400, 0x00007f9d09fce000)
 Metaspace       used 24237K, capacity 24649K, committed 24832K, reserved 26624K
}
Event: 17164.246 GC heap before
{Heap before GC invocations=20879 (full 4):
 def new generation   total 2892160K, used 10123K [0x00007f962c600000, 0x00007f96f0830000, 0x00007f9b81b50000)
  eden space 2570816K,   0% used [0x00007f962c600000, 0x00007f962c600000, 0x00007f96c9490000)
  from space 321344K,   3% used [0x00007f96dce60000, 0x00007f96dd842ee8, 0x00007f96f0830000)
  to   space 321344K,   0% used [0x00007f96c9490000, 0x00007f96c9490000, 0x00007f96dce60000)
 tenured generation   total 6427128K, used 6427112K [0x00007f9b81b50000, 0x00007f9d09fce000, 0x00007fa62c600000)
   the space 6427128K,  99% used [0x00007f9b81b50000, 0x00007f9d09fca2b8, 0x00007f9d09fca400, 0x00007f9d09fce000)
 Metaspace       used 24237K, capacity 24649K, committed 24832K, reserved 26624K
}

