# JRE version: OpenJDK Runtime Environment (13.0.7+5) (build 13.0.7+5-Ubuntu-0ubuntu120.04)
# Java VM: OpenJDK 64-Bit Server VM (13.0.7+5-Ubuntu-0ubuntu120.04, mixed mode, tiered, serial gc, linux-amd64)
Heap:
 def new generation   total 5016768K, used 0K [0x00007f45e4600000, 0x00007f4738980000, 0x00007f4b39b50000)
  eden space 4459392K,   0% used [0x00007f45e4600000, 0x00007f45e4600000, 0x00007f46f48e0000)
  from space 557376K,   0% used [0x00007f4716930000, 0x00007f4716930000, 0x00007f4738980000)
  to   space 557376K,   0% used [0x00007f46f48e0000, 0x00007f46f48e0000, 0x00007f4716930000)
 tenured generation   total 11177644K, used 10966043K [0x00007f4b39b50000, 0x00007f4de3efb000, 0x00007f55e4600000)
   the space 11177644K,  98% used [0x00007f4b39b50000, 0x00007f4dd7056f98, 0x00007f4dd7057000, 0x00007f4de3efb000)
 Metaspace       used 31120K, capacity 31544K, committed 31744K, reserved 32768K
GC Heap History (20 events):
Event: 242.816 GC heap after
{Heap after GC invocations=163 (full 7):
 def new generation   total 5016768K, used 358393K [0x00007f45e4600000, 0x00007f4738980000, 0x00007f4b39b50000)
  eden space 4459392K,   0% used [0x00007f45e4600000, 0x00007f45e4600000, 0x00007f46f48e0000)
  from space 557376K,  64% used [0x00007f46f48e0000, 0x00007f470a6de7c8, 0x00007f4716930000)
  to   space 557376K,   0% used [0x00007f4716930000, 0x00007f4716930000, 0x00007f4738980000)
 tenured generation   total 11148268K, used 7929315K [0x00007f4b39b50000, 0x00007f4de224b000, 0x00007f55e4600000)
   the space 11148268K,  71% used [0x00007f4b39b50000, 0x00007f4d1dac8f88, 0x00007f4d1dac9000, 0x00007f4de224b000)
 Metaspace       used 31120K, capacity 31544K, committed 31744K, reserved 32768K
}
Event: 243.990 GC heap before
{Heap before GC invocations=163 (full 7):
 def new generation   total 5016768K, used 4817785K [0x00007f45e4600000, 0x00007f4738980000, 0x00007f4b39b50000)
  eden space 4459392K, 100% used [0x00007f45e4600000, 0x00007f46f48e0000, 0x00007f46f48e0000)
  from space 557376K,  64% used [0x00007f46f48e0000, 0x00007f470a6de7c8, 0x00007f4716930000)
  to   space 557376K,   0% used [0x00007f4716930000, 0x00007f4716930000, 0x00007f4738980000)
 tenured generation   total 11148268K, used 7929315K [0x00007f4b39b50000, 0x00007f4de224b000, 0x00007f55e4600000)
   the space 11148268K,  71% used [0x00007f4b39b50000, 0x00007f4d1dac8f88, 0x00007f4d1dac9000, 0x00007f4de224b000)
 Metaspace       used 31120K, capacity 31544K, committed 31744K, reserved 32768K
}
Event: 245.068 GC heap after
{Heap after GC invocations=164 (full 7):
 def new generation   total 5016768K, used 350373K [0x00007f45e4600000, 0x00007f4738980000, 0x00007f4b39b50000)
  eden space 4459392K,   0% used [0x00007f45e4600000, 0x00007f45e4600000, 0x00007f46f48e0000)
  from space 557376K,  62% used [0x00007f4716930000, 0x00007f472bf594b0, 0x00007f4738980000)
  to   space 557376K,   0% used [0x00007f46f48e0000, 0x00007f46f48e0000, 0x00007f4716930000)
 tenured generation   total 11148268K, used 8287709K [0x00007f4b39b50000, 0x00007f4de224b000, 0x00007f55e4600000)
   the space 11148268K,  74% used [0x00007f4b39b50000, 0x00007f4d338c7590, 0x00007f4d338c7600, 0x00007f4de224b000)
 Metaspace       used 31120K, capacity 31544K, committed 31744K, reserved 32768K
}
Event: 246.263 GC heap before
{Heap before GC invocations=164 (full 7):
 def new generation   total 5016768K, used 4809765K [0x00007f45e4600000, 0x00007f4738980000, 0x00007f4b39b50000)
  eden space 4459392K, 100% used [0x00007f45e4600000, 0x00007f46f48e0000, 0x00007f46f48e0000)
  from space 557376K,  62% used [0x00007f4716930000, 0x00007f472bf594b0, 0x00007f4738980000)
  to   space 557376K,   0% used [0x00007f46f48e0000, 0x00007f46f48e0000, 0x00007f4716930000)
 tenured generation   total 11148268K, used 8287709K [0x00007f4b39b50000, 0x00007f4de224b000, 0x00007f55e4600000)
   the space 11148268K,  74% used [0x00007f4b39b50000, 0x00007f4d338c7590, 0x00007f4d338c7600, 0x00007f4de224b000)
 Metaspace       used 31120K, capacity 31544K, committed 31744K, reserved 32768K
}
Event: 247.308 GC heap after
{Heap after GC invocations=165 (full 7):
 def new generation   total 5016768K, used 363934K [0x00007f45e4600000, 0x00007f4738980000, 0x00007f4b39b50000)
  eden space 4459392K,   0% used [0x00007f45e4600000, 0x00007f45e4600000, 0x00007f46f48e0000)
  from space 557376K,  65% used [0x00007f46f48e0000, 0x00007f470ac47900, 0x00007f4716930000)
  to   space 557376K,   0% used [0x00007f4716930000, 0x00007f4716930000, 0x00007f4738980000)
 tenured generation   total 11148268K, used 8638081K [0x00007f4b39b50000, 0x00007f4de224b000, 0x00007f55e4600000)
   the space 11148268K,  77% used [0x00007f4b39b50000, 0x00007f4d48ef07b0, 0x00007f4d48ef0800, 0x00007f4de224b000)
 Metaspace       used 31120K, capacity 31544K, committed 31744K, reserved 32768K
}
Event: 248.529 GC heap before
{Heap before GC invocations=165 (full 7):
 def new generation   total 5016768K, used 4823326K [0x00007f45e4600000, 0x00007f4738980000, 0x00007f4b39b50000)
  eden space 4459392K, 100% used [0x00007f45e4600000, 0x00007f46f48e0000, 0x00007f46f48e0000)
  from space 557376K,  65% used [0x00007f46f48e0000, 0x00007f470ac47900, 0x00007f4716930000)
  to   space 557376K,   0% used [0x00007f4716930000, 0x00007f4716930000, 0x00007f4738980000)
 tenured generation   total 11148268K, used 8638081K [0x00007f4b39b50000, 0x00007f4de224b000, 0x00007f55e4600000)
   the space 11148268K,  77% used [0x00007f4b39b50000, 0x00007f4d48ef07b0, 0x00007f4d48ef0800, 0x00007f4de224b000)
 Metaspace       used 31120K, capacity 31544K, committed 31744K, reserved 32768K
}
Event: 249.597 GC heap after
{Heap after GC invocations=166 (full 7):
 def new generation   total 5016768K, used 352082K [0x00007f45e4600000, 0x00007f4738980000, 0x00007f4b39b50000)
  eden space 4459392K,   0% used [0x00007f45e4600000, 0x00007f45e4600000, 0x00007f46f48e0000)
  from space 557376K,  63% used [0x00007f4716930000, 0x00007f472c104a60, 0x00007f4738980000)
  to   space 557376K,   0% used [0x00007f46f48e0000, 0x00007f46f48e0000, 0x00007f4716930000)
 tenured generation   total 11148268K, used 9002015K [0x00007f4b39b50000, 0x00007f4de224b000, 0x00007f55e4600000)
   the space 11148268K,  80% used [0x00007f4b39b50000, 0x00007f4d5f257f10, 0x00007f4d5f258000, 0x00007f4de224b000)
 Metaspace       used 31120K, capacity 31544K, committed 31744K, reserved 32768K
}
Event: 250.824 GC heap before
{Heap before GC invocations=166 (full 7):
 def new generation   total 5016768K, used 4811474K [0x00007f45e4600000, 0x00007f4738980000, 0x00007f4b39b50000)
  eden space 4459392K, 100% used [0x00007f45e4600000, 0x00007f46f48e0000, 0x00007f46f48e0000)
  from space 557376K,  63% used [0x00007f4716930000, 0x00007f472c104a60, 0x00007f4738980000)
  to   space 557376K,   0% used [0x00007f46f48e0000, 0x00007f46f48e0000, 0x00007f4716930000)
 tenured generation   total 11148268K, used 9002015K [0x00007f4b39b50000, 0x00007f4de224b000, 0x00007f55e4600000)
   the space 11148268K,  80% used [0x00007f4b39b50000, 0x00007f4d5f257f10, 0x00007f4d5f258000, 0x00007f4de224b000)
 Metaspace       used 31120K, capacity 31544K, committed 31744K, reserved 32768K
}
Event: 251.842 GC heap after
{Heap after GC invocations=167 (full 7):
 def new generation   total 5016768K, used 353637K [0x00007f45e4600000, 0x00007f4738980000, 0x00007f4b39b50000)
  eden space 4459392K,   0% used [0x00007f45e4600000, 0x00007f45e4600000, 0x00007f46f48e0000)
  from space 557376K,  63% used [0x00007f46f48e0000, 0x00007f470a2397e8, 0x00007f4716930000)
  to   space 557376K,   0% used [0x00007f4716930000, 0x00007f4716930000, 0x00007f4738980000)
 tenured generation   total 11148268K, used 9354097K [0x00007f4b39b50000, 0x00007f4de224b000, 0x00007f55e4600000)
   the space 11148268K,  83% used [0x00007f4b39b50000, 0x00007f4d74a2c750, 0x00007f4d74a2c800, 0x00007f4de224b000)
 Metaspace       used 31120K, capacity 31544K, committed 31744K, reserved 32768K
}
Event: 253.040 GC heap before
{Heap before GC invocations=167 (full 7):
 def new generation   total 5016768K, used 4813029K [0x00007f45e4600000, 0x00007f4738980000, 0x00007f4b39b50000)
  eden space 4459392K, 100% used [0x00007f45e4600000, 0x00007f46f48e0000, 0x00007f46f48e0000)
  from space 557376K,  63% used [0x00007f46f48e0000, 0x00007f470a2397e8, 0x00007f4716930000)
  to   space 557376K,   0% used [0x00007f4716930000, 0x00007f4716930000, 0x00007f4738980000)
 tenured generation   total 11148268K, used 9354097K [0x00007f4b39b50000, 0x00007f4de224b000, 0x00007f55e4600000)
   the space 11148268K,  83% used [0x00007f4b39b50000, 0x00007f4d74a2c750, 0x00007f4d74a2c800, 0x00007f4de224b000)
 Metaspace       used 31120K, capacity 31544K, committed 31744K, reserved 32768K
}
Event: 254.179 GC heap after
{Heap after GC invocations=168 (full 7):
 def new generation   total 5016768K, used 363924K [0x00007f45e4600000, 0x00007f4738980000, 0x00007f4b39b50000)
  eden space 4459392K,   0% used [0x00007f45e4600000, 0x00007f45e4600000, 0x00007f46f48e0000)
  from space 557376K,  65% used [0x00007f4716930000, 0x00007f472cc95198, 0x00007f4738980000)
  to   space 557376K,   0% used [0x00007f46f48e0000, 0x00007f46f48e0000, 0x00007f4716930000)
 tenured generation   total 11148268K, used 9707735K [0x00007f4b39b50000, 0x00007f4de224b000, 0x00007f55e4600000)
   the space 11148268K,  87% used [0x00007f4b39b50000, 0x00007f4d8a385c38, 0x00007f4d8a385e00, 0x00007f4de224b000)
 Metaspace       used 31120K, capacity 31544K, committed 31744K, reserved 32768K
}
Event: 255.325 GC heap before
{Heap before GC invocations=168 (full 7):
 def new generation   total 5016768K, used 4823316K [0x00007f45e4600000, 0x00007f4738980000, 0x00007f4b39b50000)
  eden space 4459392K, 100% used [0x00007f45e4600000, 0x00007f46f48e0000, 0x00007f46f48e0000)
  from space 557376K,  65% used [0x00007f4716930000, 0x00007f472cc95198, 0x00007f4738980000)
  to   space 557376K,   0% used [0x00007f46f48e0000, 0x00007f46f48e0000, 0x00007f4716930000)
 tenured generation   total 11148268K, used 9707735K [0x00007f4b39b50000, 0x00007f4de224b000, 0x00007f55e4600000)
   the space 11148268K,  87% used [0x00007f4b39b50000, 0x00007f4d8a385c38, 0x00007f4d8a385e00, 0x00007f4de224b000)
 Metaspace       used 31120K, capacity 31544K, committed 31744K, reserved 32768K
}
Event: 256.452 GC heap after
{Heap after GC invocations=169 (full 7):
 def new generation   total 5016768K, used 362516K [0x00007f45e4600000, 0x00007f4738980000, 0x00007f4b39b50000)
  eden space 4459392K,   0% used [0x00007f45e4600000, 0x00007f45e4600000, 0x00007f46f48e0000)
  from space 557376K,  65% used [0x00007f46f48e0000, 0x00007f470aae52a0, 0x00007f4716930000)
  to   space 557376K,   0% used [0x00007f4716930000, 0x00007f4716930000, 0x00007f4738980000)
 tenured generation   total 11148268K, used 10071658K [0x00007f4b39b50000, 0x00007f4de224b000, 0x00007f55e4600000)
   the space 11148268K,  90% used [0x00007f4b39b50000, 0x00007f4da06ea9d0, 0x00007f4da06eaa00, 0x00007f4de224b000)
 Metaspace       used 31120K, capacity 31544K, committed 31744K, reserved 32768K
}
Event: 257.603 GC heap before
{Heap before GC invocations=169 (full 7):
 def new generation   total 5016768K, used 4821908K [0x00007f45e4600000, 0x00007f4738980000, 0x00007f4b39b50000)
  eden space 4459392K, 100% used [0x00007f45e4600000, 0x00007f46f48e0000, 0x00007f46f48e0000)
  from space 557376K,  65% used [0x00007f46f48e0000, 0x00007f470aae52a0, 0x00007f4716930000)
  to   space 557376K,   0% used [0x00007f4716930000, 0x00007f4716930000, 0x00007f4738980000)
 tenured generation   total 11148268K, used 10071658K [0x00007f4b39b50000, 0x00007f4de224b000, 0x00007f55e4600000)
   the space 11148268K,  90% used [0x00007f4b39b50000, 0x00007f4da06ea9d0, 0x00007f4da06eaa00, 0x00007f4de224b000)
 Metaspace       used 31120K, capacity 31544K, committed 31744K, reserved 32768K
}
Event: 258.767 GC heap after
{Heap after GC invocations=170 (full 7):
 def new generation   total 5016768K, used 366867K [0x00007f45e4600000, 0x00007f4738980000, 0x00007f4b39b50000)
  eden space 4459392K,   0% used [0x00007f45e4600000, 0x00007f45e4600000, 0x00007f46f48e0000)
  from space 557376K,  65% used [0x00007f4716930000, 0x00007f472cf74e68, 0x00007f4738980000)
  to   space 557376K,   0% used [0x00007f46f48e0000, 0x00007f46f48e0000, 0x00007f4716930000)
 tenured generation   total 11148268K, used 10434174K [0x00007f4b39b50000, 0x00007f4de224b000, 0x00007f55e4600000)
   the space 11148268K,  93% used [0x00007f4b39b50000, 0x00007f4db68ef8e0, 0x00007f4db68efa00, 0x00007f4de224b000)
 Metaspace       used 31120K, capacity 31544K, committed 31744K, reserved 32768K
}
Event: 259.931 GC heap before
{Heap before GC invocations=170 (full 7):
 def new generation   total 5016768K, used 4826259K [0x00007f45e4600000, 0x00007f4738980000, 0x00007f4b39b50000)
  eden space 4459392K, 100% used [0x00007f45e4600000, 0x00007f46f48e0000, 0x00007f46f48e0000)
  from space 557376K,  65% used [0x00007f4716930000, 0x00007f472cf74e68, 0x00007f4738980000)
  to   space 557376K,   0% used [0x00007f46f48e0000, 0x00007f46f48e0000, 0x00007f4716930000)
 tenured generation   total 11148268K, used 10434174K [0x00007f4b39b50000, 0x00007f4de224b000, 0x00007f55e4600000)
   the space 11148268K,  93% used [0x00007f4b39b50000, 0x00007f4db68ef8e0, 0x00007f4db68efa00, 0x00007f4de224b000)
 Metaspace       used 31120K, capacity 31544K, committed 31744K, reserved 32768K
}
Event: 261.151 GC heap after
{Heap after GC invocations=171 (full 7):
 def new generation   total 5016768K, used 376413K [0x00007f45e4600000, 0x00007f4738980000, 0x00007f4b39b50000)
  eden space 4459392K,   0% used [0x00007f45e4600000, 0x00007f45e4600000, 0x00007f46f48e0000)
  from space 557376K,  67% used [0x00007f46f48e0000, 0x00007f470b877650, 0x00007f4716930000)
  to   space 557376K,   0% used [0x00007f4716930000, 0x00007f4716930000, 0x00007f4738980000)
 tenured generation   total 11148268K, used 10801041K [0x00007f4b39b50000, 0x00007f4de224b000, 0x00007f55e4600000)
   the space 11148268K,  96% used [0x00007f4b39b50000, 0x00007f4dccf34478, 0x00007f4dccf34600, 0x00007f4de224b000)
 Metaspace       used 31120K, capacity 31544K, committed 31744K, reserved 32768K
}
Event: 262.300 GC heap before
{Heap before GC invocations=171 (full 7):
 def new generation   total 5016768K, used 4835805K [0x00007f45e4600000, 0x00007f4738980000, 0x00007f4b39b50000)
  eden space 4459392K, 100% used [0x00007f45e4600000, 0x00007f46f48e0000, 0x00007f46f48e0000)
  from space 557376K,  67% used [0x00007f46f48e0000, 0x00007f470b877650, 0x00007f4716930000)
  to   space 557376K,   0% used [0x00007f4716930000, 0x00007f4716930000, 0x00007f4738980000)
 tenured generation   total 11148268K, used 10801041K [0x00007f4b39b50000, 0x00007f4de224b000, 0x00007f55e4600000)
   the space 11148268K,  96% used [0x00007f4b39b50000, 0x00007f4dccf34478, 0x00007f4dccf34600, 0x00007f4de224b000)
 Metaspace       used 31120K, capacity 31544K, committed 31744K, reserved 32768K
}
Event: 263.565 GC heap after
{Heap after GC invocations=172 (full 7):
 def new generation   total 5016768K, used 386928K [0x00007f45e4600000, 0x00007f4738980000, 0x00007f4b39b50000)
  eden space 4459392K,   0% used [0x00007f45e4600000, 0x00007f45e4600000, 0x00007f46f48e0000)
  from space 557376K,  69% used [0x00007f4716930000, 0x00007f472e30c240, 0x00007f4738980000)
  to   space 557376K,   0% used [0x00007f46f48e0000, 0x00007f46f48e0000, 0x00007f4716930000)
 tenured generation   total 11177644K, used 11177454K [0x00007f4b39b50000, 0x00007f4de3efb000, 0x00007f55e4600000)
   the space 11177644K,  99% used [0x00007f4b39b50000, 0x00007f4de3ecb8a8, 0x00007f4de3ecba00, 0x00007f4de3efb000)
 Metaspace       used 31120K, capacity 31544K, committed 31744K, reserved 32768K
}
Event: 263.565 GC heap before
{Heap before GC invocations=172 (full 7):
 def new generation   total 5016768K, used 386928K [0x00007f45e4600000, 0x00007f4738980000, 0x00007f4b39b50000)
  eden space 4459392K,   0% used [0x00007f45e4600000, 0x00007f45e4600000, 0x00007f46f48e0000)
  from space 557376K,  69% used [0x00007f4716930000, 0x00007f472e30c240, 0x00007f4738980000)
  to   space 557376K,   0% used [0x00007f46f48e0000, 0x00007f46f48e0000, 0x00007f4716930000)
 tenured generation   total 11177644K, used 11177454K [0x00007f4b39b50000, 0x00007f4de3efb000, 0x00007f55e4600000)
   the space 11177644K,  99% used [0x00007f4b39b50000, 0x00007f4de3ecb8a8, 0x00007f4de3ecba00, 0x00007f4de3efb000)
 Metaspace       used 31120K, capacity 31544K, committed 31744K, reserved 32768K
}

