# JRE version: OpenJDK Runtime Environment (13.0.7+5) (build 13.0.7+5-Ubuntu-0ubuntu120.04)
# Java VM: OpenJDK 64-Bit Server VM (13.0.7+5-Ubuntu-0ubuntu120.04, mixed mode, tiered, serial gc, linux-amd64)
Heap:
 def new generation   total 3163008K, used 0K [0x00007fa780600000, 0x00007fa856e10000, 0x00007facd5b50000)
  eden space 2811584K,   0% used [0x00007fa780600000, 0x00007fa780600000, 0x00007fa82bfb0000)
  from space 351424K,   0% used [0x00007fa82bfb0000, 0x00007fa82bfb0000, 0x00007fa8416e0000)
  to   space 351424K,   0% used [0x00007fa8416e0000, 0x00007fa8416e0000, 0x00007fa856e10000)
 tenured generation   total 7028728K, used 4203699K [0x00007facd5b50000, 0x00007fae82b4e000, 0x00007fb780600000)
   the space 7028728K,  59% used [0x00007facd5b50000, 0x00007fadd647cdd0, 0x00007fadd647ce00, 0x00007fae82b4e000)
 Metaspace       used 23226K, capacity 23605K, committed 23808K, reserved 24576K
GC Heap History (18 events):
Event: 4.187 GC heap before
{Heap before GC invocations=0 (full 0):
 def new generation   total 629120K, used 89478K [0x00007fa780600000, 0x00007fa7ab0a0000, 0x00007facd5b50000)
  eden space 559232K,  16% used [0x00007fa780600000, 0x00007fa785d61888, 0x00007fa7a2820000)
  from space 69888K,   0% used [0x00007fa7a2820000, 0x00007fa7a2820000, 0x00007fa7a6c60000)
  to   space 69888K,   0% used [0x00007fa7a6c60000, 0x00007fa7a6c60000, 0x00007fa7ab0a0000)
 tenured generation   total 1398144K, used 0K [0x00007facd5b50000, 0x00007fad2b0b0000, 0x00007fb780600000)
   the space 1398144K,   0% used [0x00007facd5b50000, 0x00007facd5b50000, 0x00007facd5b50200, 0x00007fad2b0b0000)
 Metaspace       used 20917K, capacity 21210K, committed 21248K, reserved 22528K
}
Event: 4.251 GC heap after
{Heap after GC invocations=1 (full 1):
 def new generation   total 629248K, used 0K [0x00007fa780600000, 0x00007fa7ab0c0000, 0x00007facd5b50000)
  eden space 559360K,   0% used [0x00007fa780600000, 0x00007fa780600000, 0x00007fa7a2840000)
  from space 69888K,   0% used [0x00007fa7a2840000, 0x00007fa7a2840000, 0x00007fa7a6c80000)
  to   space 69888K,   0% used [0x00007fa7a6c80000, 0x00007fa7a6c80000, 0x00007fa7ab0c0000)
 tenured generation   total 1398144K, used 13599K [0x00007facd5b50000, 0x00007fad2b0b0000, 0x00007fb780600000)
   the space 1398144K,   0% used [0x00007facd5b50000, 0x00007facd6897d18, 0x00007facd6897e00, 0x00007fad2b0b0000)
 Metaspace       used 20917K, capacity 21210K, committed 21248K, reserved 22528K
}
Event: 6.284 GC heap before
{Heap before GC invocations=1 (full 1):
 def new generation   total 629248K, used 559360K [0x00007fa780600000, 0x00007fa7ab0c0000, 0x00007facd5b50000)
  eden space 559360K, 100% used [0x00007fa780600000, 0x00007fa7a2840000, 0x00007fa7a2840000)
  from space 69888K,   0% used [0x00007fa7a2840000, 0x00007fa7a2840000, 0x00007fa7a6c80000)
  to   space 69888K,   0% used [0x00007fa7a6c80000, 0x00007fa7a6c80000, 0x00007fa7ab0c0000)
 tenured generation   total 1398144K, used 13599K [0x00007facd5b50000, 0x00007fad2b0b0000, 0x00007fb780600000)
   the space 1398144K,   0% used [0x00007facd5b50000, 0x00007facd6897d18, 0x00007facd6897e00, 0x00007fad2b0b0000)
 Metaspace       used 23059K, capacity 23392K, committed 23552K, reserved 24576K
}
Event: 6.291 GC heap after
{Heap after GC invocations=2 (full 1):
 def new generation   total 629248K, used 796K [0x00007fa780600000, 0x00007fa7ab0c0000, 0x00007facd5b50000)
  eden space 559360K,   0% used [0x00007fa780600000, 0x00007fa780600000, 0x00007fa7a2840000)
  from space 69888K,   1% used [0x00007fa7a6c80000, 0x00007fa7a6d471f0, 0x00007fa7ab0c0000)
  to   space 69888K,   0% used [0x00007fa7a2840000, 0x00007fa7a2840000, 0x00007fa7a6c80000)
 tenured generation   total 1398144K, used 13599K [0x00007facd5b50000, 0x00007fad2b0b0000, 0x00007fb780600000)
   the space 1398144K,   0% used [0x00007facd5b50000, 0x00007facd6897d18, 0x00007facd6897e00, 0x00007fad2b0b0000)
 Metaspace       used 23059K, capacity 23392K, committed 23552K, reserved 24576K
}
Event: 6.977 GC heap before
{Heap before GC invocations=2 (full 1):
 def new generation   total 629248K, used 323896K [0x00007fa780600000, 0x00007fa7ab0c0000, 0x00007facd5b50000)
  eden space 559360K,  57% used [0x00007fa780600000, 0x00007fa794186ea8, 0x00007fa7a2840000)
  from space 69888K,   1% used [0x00007fa7a6c80000, 0x00007fa7a6d471f0, 0x00007fa7ab0c0000)
  to   space 69888K,   0% used [0x00007fa7a2840000, 0x00007fa7a2840000, 0x00007fa7a6c80000)
 tenured generation   total 1398144K, used 13599K [0x00007facd5b50000, 0x00007fad2b0b0000, 0x00007fb780600000)
   the space 1398144K,   0% used [0x00007facd5b50000, 0x00007facd6897d18, 0x00007facd6897e00, 0x00007fad2b0b0000)
 Metaspace       used 23224K, capacity 23605K, committed 23808K, reserved 24576K
}
Event: 6.986 GC heap after
{Heap after GC invocations=3 (full 1):
 def new generation   total 629248K, used 9339K [0x00007fa780600000, 0x00007fa7ab0c0000, 0x00007facd5b50000)
  eden space 559360K,   0% used [0x00007fa780600000, 0x00007fa780600000, 0x00007fa7a2840000)
  from space 69888K,  13% used [0x00007fa7a2840000, 0x00007fa7a315ef50, 0x00007fa7a6c80000)
  to   space 69888K,   0% used [0x00007fa7a6c80000, 0x00007fa7a6c80000, 0x00007fa7ab0c0000)
 tenured generation   total 1398144K, used 13599K [0x00007facd5b50000, 0x00007fad2b0b0000, 0x00007fb780600000)
   the space 1398144K,   0% used [0x00007facd5b50000, 0x00007facd6897d18, 0x00007facd6897e00, 0x00007fad2b0b0000)
 Metaspace       used 23224K, capacity 23605K, committed 23808K, reserved 24576K
}
Event: 6.986 GC heap before
{Heap before GC invocations=3 (full 1):
 def new generation   total 629248K, used 9339K [0x00007fa780600000, 0x00007fa7ab0c0000, 0x00007facd5b50000)
  eden space 559360K,   0% used [0x00007fa780600000, 0x00007fa780600000, 0x00007fa7a2840000)
  from space 69888K,  13% used [0x00007fa7a2840000, 0x00007fa7a315ef50, 0x00007fa7a6c80000)
  to   space 69888K,   0% used [0x00007fa7a6c80000, 0x00007fa7a6c80000, 0x00007fa7ab0c0000)
 tenured generation   total 1398144K, used 13599K [0x00007facd5b50000, 0x00007fad2b0b0000, 0x00007fb780600000)
   the space 1398144K,   0% used [0x00007facd5b50000, 0x00007facd6897d18, 0x00007facd6897e00, 0x00007fad2b0b0000)
 Metaspace       used 23224K, capacity 23605K, committed 23808K, reserved 24576K
}
Event: 7.033 GC heap after
{Heap after GC invocations=3 (full 2):
 def new generation   total 629248K, used 0K [0x00007fa780600000, 0x00007fa7ab0c0000, 0x00007facd5b50000)
  eden space 559360K,   0% used [0x00007fa780600000, 0x00007fa780600000, 0x00007fa7a2840000)
  from space 69888K,   0% used [0x00007fa7a2840000, 0x00007fa7a2840000, 0x00007fa7a6c80000)
  to   space 69888K,   0% used [0x00007fa7a6c80000, 0x00007fa7a6c80000, 0x00007fa7ab0c0000)
 tenured generation   total 1398144K, used 22930K [0x00007facd5b50000, 0x00007fad2b0b0000, 0x00007fb780600000)
   the space 1398144K,   1% used [0x00007facd5b50000, 0x00007facd71b4800, 0x00007facd71b4800, 0x00007fad2b0b0000)
 Metaspace       used 23224K, capacity 23605K, committed 23808K, reserved 24576K
}
Event: 11.762 GC heap before
{Heap before GC invocations=3 (full 2):
 def new generation   total 629248K, used 14527K [0x00007fa780600000, 0x00007fa7ab0c0000, 0x00007facd5b50000)
  eden space 559360K,   2% used [0x00007fa780600000, 0x00007fa78142feb8, 0x00007fa7a2840000)
  from space 69888K,   0% used [0x00007fa7a2840000, 0x00007fa7a2840000, 0x00007fa7a6c80000)
  to   space 69888K,   0% used [0x00007fa7a6c80000, 0x00007fa7a6c80000, 0x00007fa7ab0c0000)
 tenured generation   total 5592452K, used 4217234K [0x00007facd5b50000, 0x00007fae2b0b1000, 0x00007fb780600000)
   the space 5592452K,  75% used [0x00007facd5b50000, 0x00007fadd71b4818, 0x00007fadd71b4a00, 0x00007fae2b0b1000)
 Metaspace       used 23226K, capacity 23605K, committed 23808K, reserved 24576K
}
Event: 11.767 GC heap after
{Heap after GC invocations=4 (full 2):
 def new generation   total 629248K, used 0K [0x00007fa780600000, 0x00007fa7ab0c0000, 0x00007facd5b50000)
  eden space 559360K,   0% used [0x00007fa780600000, 0x00007fa780600000, 0x00007fa7a2840000)
  from space 69888K,   0% used [0x00007fa7a6c80000, 0x00007fa7a6c802d0, 0x00007fa7ab0c0000)
  to   space 69888K,   0% used [0x00007fa7a2840000, 0x00007fa7a2840000, 0x00007fa7a6c80000)
 tenured generation   total 5592452K, used 4217234K [0x00007facd5b50000, 0x00007fae2b0b1000, 0x00007fb780600000)
   the space 5592452K,  75% used [0x00007facd5b50000, 0x00007fadd71b4818, 0x00007fadd71b4a00, 0x00007fae2b0b1000)
 Metaspace       used 23226K, capacity 23605K, committed 23808K, reserved 24576K
}
Event: 11.767 GC heap before
{Heap before GC invocations=4 (full 2):
 def new generation   total 629248K, used 0K [0x00007fa780600000, 0x00007fa7ab0c0000, 0x00007facd5b50000)
  eden space 559360K,   0% used [0x00007fa780600000, 0x00007fa780600000, 0x00007fa7a2840000)
  from space 69888K,   0% used [0x00007fa7a6c80000, 0x00007fa7a6c802d0, 0x00007fa7ab0c0000)
  to   space 69888K,   0% used [0x00007fa7a2840000, 0x00007fa7a2840000, 0x00007fa7a6c80000)
 tenured generation   total 5592452K, used 4217234K [0x00007facd5b50000, 0x00007fae2b0b1000, 0x00007fb780600000)
   the space 5592452K,  75% used [0x00007facd5b50000, 0x00007fadd71b4818, 0x00007fadd71b4a00, 0x00007fae2b0b1000)
 Metaspace       used 23226K, capacity 23605K, committed 23808K, reserved 24576K
}
Event: 11.810 GC heap after
{Heap after GC invocations=4 (full 3):
 def new generation   total 3163008K, used 0K [0x00007fa780600000, 0x00007fa856e10000, 0x00007facd5b50000)
  eden space 2811584K,   0% used [0x00007fa780600000, 0x00007fa780600000, 0x00007fa82bfb0000)
  from space 351424K,   0% used [0x00007fa82bfb0000, 0x00007fa82bfb0000, 0x00007fa8416e0000)
  to   space 351424K,   0% used [0x00007fa8416e0000, 0x00007fa8416e0000, 0x00007fa856e10000)
 tenured generation   total 7028728K, used 4217234K [0x00007facd5b50000, 0x00007fae82b4e000, 0x00007fb780600000)
   the space 7028728K,  59% used [0x00007facd5b50000, 0x00007fadd71b4a80, 0x00007fadd71b4c00, 0x00007fae82b4e000)
 Metaspace       used 23226K, capacity 23605K, committed 23808K, reserved 24576K
}
Event: 15.241 GC heap before
{Heap before GC invocations=4 (full 3):
 def new generation   total 3163008K, used 2151898K [0x00007fa780600000, 0x00007fa856e10000, 0x00007facd5b50000)
  eden space 2811584K,  76% used [0x00007fa780600000, 0x00007fa803b768f8, 0x00007fa82bfb0000)
  from space 351424K,   0% used [0x00007fa82bfb0000, 0x00007fa82bfb0000, 0x00007fa8416e0000)
  to   space 351424K,   0% used [0x00007fa8416e0000, 0x00007fa8416e0000, 0x00007fa856e10000)
 tenured generation   total 7028728K, used 4217234K [0x00007facd5b50000, 0x00007fae82b4e000, 0x00007fb780600000)
   the space 7028728K,  59% used [0x00007facd5b50000, 0x00007fadd71b4a80, 0x00007fadd71b4c00, 0x00007fae82b4e000)
 Metaspace       used 23226K, capacity 23605K, committed 23808K, reserved 24576K
}
Event: 17.945 GC heap after
{Heap after GC invocations=5 (full 3):
 def new generation   total 3163008K, used 0K [0x00007fa780600000, 0x00007fa856e10000, 0x00007facd5b50000)
  eden space 2811584K,   0% used [0x00007fa780600000, 0x00007fa780600000, 0x00007fa82bfb0000)
  from space 351424K,   0% used [0x00007fa8416e0000, 0x00007fa8416e00b8, 0x00007fa856e10000)
  to   space 351424K,   0% used [0x00007fa82bfb0000, 0x00007fa82bfb0000, 0x00007fa8416e0000)
 tenured generation   total 7028728K, used 6314386K [0x00007facd5b50000, 0x00007fae82b4e000, 0x00007fb780600000)
   the space 7028728K,  89% used [0x00007facd5b50000, 0x00007fae571b4a98, 0x00007fae571b4c00, 0x00007fae82b4e000)
 Metaspace       used 23226K, capacity 23605K, committed 23808K, reserved 24576K
}
Event: 19.140 GC heap before
{Heap before GC invocations=5 (full 3):
 def new generation   total 3163008K, used 2151917K [0x00007fa780600000, 0x00007fa856e10000, 0x00007facd5b50000)
  eden space 2811584K,  76% used [0x00007fa780600000, 0x00007fa803b7b608, 0x00007fa82bfb0000)
  from space 351424K,   0% used [0x00007fa8416e0000, 0x00007fa8416e00b8, 0x00007fa856e10000)
  to   space 351424K,   0% used [0x00007fa82bfb0000, 0x00007fa82bfb0000, 0x00007fa8416e0000)
 tenured generation   total 7028728K, used 6314386K [0x00007facd5b50000, 0x00007fae82b4e000, 0x00007fb780600000)
   the space 7028728K,  89% used [0x00007facd5b50000, 0x00007fae571b4a98, 0x00007fae571b4c00, 0x00007fae82b4e000)
 Metaspace       used 23226K, capacity 23605K, committed 23808K, reserved 24576K
}
Event: 33.661 GC heap after
{Heap after GC invocations=6 (full 3):
 def new generation   total 3163008K, used 0K [0x00007fa780600000, 0x00007fa856e10000, 0x00007facd5b50000)
  eden space 2811584K,   0% used [0x00007fa780600000, 0x00007fa780600000, 0x00007fa82bfb0000)
  from space 351424K,   0% used [0x00007fa82bfb0000, 0x00007fa82bfb0348, 0x00007fa8416e0000)
  to   space 351424K,   0% used [0x00007fa8416e0000, 0x00007fa8416e0000, 0x00007fa856e10000)
 tenured generation   total 9125884K, used 8411538K [0x00007facd5b50000, 0x00007faf02b4f000, 0x00007fb780600000)
   the space 9125884K,  92% used [0x00007facd5b50000, 0x00007faed71b4ab0, 0x00007faed71b4c00, 0x00007faf02b4f000)
 Metaspace       used 23226K, capacity 23605K, committed 23808K, reserved 24576K
}
Event: 33.661 GC heap before
{Heap before GC invocations=6 (full 3):
 def new generation   total 3163008K, used 0K [0x00007fa780600000, 0x00007fa856e10000, 0x00007facd5b50000)
  eden space 2811584K,   0% used [0x00007fa780600000, 0x00007fa780600000, 0x00007fa82bfb0000)
  from space 351424K,   0% used [0x00007fa82bfb0000, 0x00007fa82bfb0348, 0x00007fa8416e0000)
  to   space 351424K,   0% used [0x00007fa8416e0000, 0x00007fa8416e0000, 0x00007fa856e10000)
 tenured generation   total 9125884K, used 8411538K [0x00007facd5b50000, 0x00007faf02b4f000, 0x00007fb780600000)
   the space 9125884K,  92% used [0x00007facd5b50000, 0x00007faed71b4ab0, 0x00007faed71b4c00, 0x00007faf02b4f000)
 Metaspace       used 23226K, capacity 23605K, committed 23808K, reserved 24576K
}
Event: 34.516 GC heap after
{Heap after GC invocations=6 (full 4):
 def new generation   total 3163008K, used 0K [0x00007fa780600000, 0x00007fa856e10000, 0x00007facd5b50000)
  eden space 2811584K,   0% used [0x00007fa780600000, 0x00007fa780600000, 0x00007fa82bfb0000)
  from space 351424K,   0% used [0x00007fa82bfb0000, 0x00007fa82bfb0000, 0x00007fa8416e0000)
  to   space 351424K,   0% used [0x00007fa8416e0000, 0x00007fa8416e0000, 0x00007fa856e10000)
 tenured generation   total 7028728K, used 4203699K [0x00007facd5b50000, 0x00007fae82b4e000, 0x00007fb780600000)
   the space 7028728K,  59% used [0x00007facd5b50000, 0x00007fadd647cdd0, 0x00007fadd647ce00, 0x00007fae82b4e000)
 Metaspace       used 23226K, capacity 23605K, committed 23808K, reserved 24576K
}

