# JRE version: OpenJDK Runtime Environment (13.0.7+5) (build 13.0.7+5-Ubuntu-0ubuntu120.04)
# Java VM: OpenJDK 64-Bit Server VM (13.0.7+5-Ubuntu-0ubuntu120.04, mixed mode, tiered, serial gc, linux-amd64)
Heap:
 def new generation   total 2891840K, used 5471K [0x00007f35d0600000, 0x00007f36947d0000, 0x00007f3b25b50000)
  eden space 2570560K,   0% used [0x00007f35d0600000, 0x00007f35d0b57c98, 0x00007f366d450000)
  from space 321280K,   0% used [0x00007f366d450000, 0x00007f366d450000, 0x00007f3680e10000)
  to   space 321280K,   0% used [0x00007f3680e10000, 0x00007f3680e10000, 0x00007f36947d0000)
 tenured generation   total 6426336K, used 6426335K [0x00007f3b25b50000, 0x00007f3cadf08000, 0x00007f45d0600000)
   the space 6426336K,  99% used [0x00007f3b25b50000, 0x00007f3cadf07fd8, 0x00007f3cadf08000, 0x00007f3cadf08000)
 Metaspace       used 24325K, capacity 24752K, committed 24832K, reserved 26624K
GC Heap History (20 events):
Event: 23399.367 GC heap after
{Heap after GC invocations=44932 (full 4):
 def new generation   total 2891840K, used 4635K [0x00007f35d0600000, 0x00007f36947d0000, 0x00007f3b25b50000)
  eden space 2570560K,   0% used [0x00007f35d0600000, 0x00007f35d0600000, 0x00007f366d450000)
  from space 321280K,   1% used [0x00007f3680e10000, 0x00007f3681296c48, 0x00007f36947d0000)
  to   space 321280K,   0% used [0x00007f366d450000, 0x00007f366d450000, 0x00007f3680e10000)
 tenured generation   total 6426144K, used 6423555K [0x00007f3b25b50000, 0x00007f3caded8000, 0x00007f45d0600000)
   the space 6426144K,  99% used [0x00007f3b25b50000, 0x00007f3cadc50e40, 0x00007f3cadc51000, 0x00007f3caded8000)
 Metaspace       used 24325K, capacity 24752K, committed 24832K, reserved 26624K
}
Event: 23400.500 GC heap before
{Heap before GC invocations=44932 (full 4):
 def new generation   total 2891840K, used 2575195K [0x00007f35d0600000, 0x00007f36947d0000, 0x00007f3b25b50000)
  eden space 2570560K, 100% used [0x00007f35d0600000, 0x00007f366d450000, 0x00007f366d450000)
  from space 321280K,   1% used [0x00007f3680e10000, 0x00007f3681296c48, 0x00007f36947d0000)
  to   space 321280K,   0% used [0x00007f366d450000, 0x00007f366d450000, 0x00007f3680e10000)
 tenured generation   total 6426144K, used 6423555K [0x00007f3b25b50000, 0x00007f3caded8000, 0x00007f45d0600000)
   the space 6426144K,  99% used [0x00007f3b25b50000, 0x00007f3cadc50e40, 0x00007f3cadc51000, 0x00007f3caded8000)
 Metaspace       used 24325K, capacity 24752K, committed 24832K, reserved 26624K
}
Event: 23400.505 GC heap after
{Heap after GC invocations=44933 (full 4):
 def new generation   total 2891840K, used 4779K [0x00007f35d0600000, 0x00007f36947d0000, 0x00007f3b25b50000)
  eden space 2570560K,   0% used [0x00007f35d0600000, 0x00007f35d0600000, 0x00007f366d450000)
  from space 321280K,   1% used [0x00007f366d450000, 0x00007f366d8faeb8, 0x00007f3680e10000)
  to   space 321280K,   0% used [0x00007f3680e10000, 0x00007f3680e10000, 0x00007f36947d0000)
 tenured generation   total 6426144K, used 6423812K [0x00007f3b25b50000, 0x00007f3caded8000, 0x00007f45d0600000)
   the space 6426144K,  99% used [0x00007f3b25b50000, 0x00007f3cadc91280, 0x00007f3cadc91400, 0x00007f3caded8000)
 Metaspace       used 24325K, capacity 24752K, committed 24832K, reserved 26624K
}
Event: 23401.635 GC heap before
{Heap before GC invocations=44933 (full 4):
 def new generation   total 2891840K, used 2575339K [0x00007f35d0600000, 0x00007f36947d0000, 0x00007f3b25b50000)
  eden space 2570560K, 100% used [0x00007f35d0600000, 0x00007f366d450000, 0x00007f366d450000)
  from space 321280K,   1% used [0x00007f366d450000, 0x00007f366d8faeb8, 0x00007f3680e10000)
  to   space 321280K,   0% used [0x00007f3680e10000, 0x00007f3680e10000, 0x00007f36947d0000)
 tenured generation   total 6426144K, used 6423812K [0x00007f3b25b50000, 0x00007f3caded8000, 0x00007f45d0600000)
   the space 6426144K,  99% used [0x00007f3b25b50000, 0x00007f3cadc91280, 0x00007f3cadc91400, 0x00007f3caded8000)
 Metaspace       used 24325K, capacity 24752K, committed 24832K, reserved 26624K
}
Event: 23401.641 GC heap after
{Heap after GC invocations=44934 (full 4):
 def new generation   total 2891840K, used 4883K [0x00007f35d0600000, 0x00007f36947d0000, 0x00007f3b25b50000)
  eden space 2570560K,   0% used [0x00007f35d0600000, 0x00007f35d0600000, 0x00007f366d450000)
  from space 321280K,   1% used [0x00007f3680e10000, 0x00007f36812d4d28, 0x00007f36947d0000)
  to   space 321280K,   0% used [0x00007f366d450000, 0x00007f366d450000, 0x00007f3680e10000)
 tenured generation   total 6426144K, used 6424110K [0x00007f3b25b50000, 0x00007f3caded8000, 0x00007f45d0600000)
   the space 6426144K,  99% used [0x00007f3b25b50000, 0x00007f3cadcdbb30, 0x00007f3cadcdbc00, 0x00007f3caded8000)
 Metaspace       used 24325K, capacity 24752K, committed 24832K, reserved 26624K
}
Event: 23402.771 GC heap before
{Heap before GC invocations=44934 (full 4):
 def new generation   total 2891840K, used 2575443K [0x00007f35d0600000, 0x00007f36947d0000, 0x00007f3b25b50000)
  eden space 2570560K, 100% used [0x00007f35d0600000, 0x00007f366d450000, 0x00007f366d450000)
  from space 321280K,   1% used [0x00007f3680e10000, 0x00007f36812d4d28, 0x00007f36947d0000)
  to   space 321280K,   0% used [0x00007f366d450000, 0x00007f366d450000, 0x00007f3680e10000)
 tenured generation   total 6426144K, used 6424110K [0x00007f3b25b50000, 0x00007f3caded8000, 0x00007f45d0600000)
   the space 6426144K,  99% used [0x00007f3b25b50000, 0x00007f3cadcdbb30, 0x00007f3cadcdbc00, 0x00007f3caded8000)
 Metaspace       used 24325K, capacity 24752K, committed 24832K, reserved 26624K
}
Event: 23402.776 GC heap after
{Heap after GC invocations=44935 (full 4):
 def new generation   total 2891840K, used 4986K [0x00007f35d0600000, 0x00007f36947d0000, 0x00007f3b25b50000)
  eden space 2570560K,   0% used [0x00007f35d0600000, 0x00007f35d0600000, 0x00007f366d450000)
  from space 321280K,   1% used [0x00007f366d450000, 0x00007f366d92eb00, 0x00007f3680e10000)
  to   space 321280K,   0% used [0x00007f3680e10000, 0x00007f3680e10000, 0x00007f36947d0000)
 tenured generation   total 6426144K, used 6424408K [0x00007f3b25b50000, 0x00007f3caded8000, 0x00007f45d0600000)
   the space 6426144K,  99% used [0x00007f3b25b50000, 0x00007f3cadd262f0, 0x00007f3cadd26400, 0x00007f3caded8000)
 Metaspace       used 24325K, capacity 24752K, committed 24832K, reserved 26624K
}
Event: 23403.935 GC heap before
{Heap before GC invocations=44935 (full 4):
 def new generation   total 2891840K, used 2575546K [0x00007f35d0600000, 0x00007f36947d0000, 0x00007f3b25b50000)
  eden space 2570560K, 100% used [0x00007f35d0600000, 0x00007f366d450000, 0x00007f366d450000)
  from space 321280K,   1% used [0x00007f366d450000, 0x00007f366d92eb00, 0x00007f3680e10000)
  to   space 321280K,   0% used [0x00007f3680e10000, 0x00007f3680e10000, 0x00007f36947d0000)
 tenured generation   total 6426144K, used 6424408K [0x00007f3b25b50000, 0x00007f3caded8000, 0x00007f45d0600000)
   the space 6426144K,  99% used [0x00007f3b25b50000, 0x00007f3cadd262f0, 0x00007f3cadd26400, 0x00007f3caded8000)
 Metaspace       used 24325K, capacity 24752K, committed 24832K, reserved 26624K
}
Event: 23403.941 GC heap after
{Heap after GC invocations=44936 (full 4):
 def new generation   total 2891840K, used 5089K [0x00007f35d0600000, 0x00007f36947d0000, 0x00007f3b25b50000)
  eden space 2570560K,   0% used [0x00007f35d0600000, 0x00007f35d0600000, 0x00007f366d450000)
  from space 321280K,   1% used [0x00007f3680e10000, 0x00007f36813087b0, 0x00007f36947d0000)
  to   space 321280K,   0% used [0x00007f366d450000, 0x00007f366d450000, 0x00007f3680e10000)
 tenured generation   total 6426144K, used 6424707K [0x00007f3b25b50000, 0x00007f3caded8000, 0x00007f45d0600000)
   the space 6426144K,  99% used [0x00007f3b25b50000, 0x00007f3cadd70cf0, 0x00007f3cadd70e00, 0x00007f3caded8000)
 Metaspace       used 24325K, capacity 24752K, committed 24832K, reserved 26624K
}
Event: 23405.077 GC heap before
{Heap before GC invocations=44936 (full 4):
 def new generation   total 2891840K, used 2575649K [0x00007f35d0600000, 0x00007f36947d0000, 0x00007f3b25b50000)
  eden space 2570560K, 100% used [0x00007f35d0600000, 0x00007f366d450000, 0x00007f366d450000)
  from space 321280K,   1% used [0x00007f3680e10000, 0x00007f36813087b0, 0x00007f36947d0000)
  to   space 321280K,   0% used [0x00007f366d450000, 0x00007f366d450000, 0x00007f3680e10000)
 tenured generation   total 6426144K, used 6424707K [0x00007f3b25b50000, 0x00007f3caded8000, 0x00007f45d0600000)
   the space 6426144K,  99% used [0x00007f3b25b50000, 0x00007f3cadd70cf0, 0x00007f3cadd70e00, 0x00007f3caded8000)
 Metaspace       used 24325K, capacity 24752K, committed 24832K, reserved 26624K
}
Event: 23405.082 GC heap after
{Heap after GC invocations=44937 (full 4):
 def new generation   total 2891840K, used 5172K [0x00007f35d0600000, 0x00007f36947d0000, 0x00007f3b25b50000)
  eden space 2570560K,   0% used [0x00007f35d0600000, 0x00007f35d0600000, 0x00007f366d450000)
  from space 321280K,   1% used [0x00007f366d450000, 0x00007f366d95d3e8, 0x00007f3680e10000)
  to   space 321280K,   0% used [0x00007f3680e10000, 0x00007f3680e10000, 0x00007f36947d0000)
 tenured generation   total 6426144K, used 6425025K [0x00007f3b25b50000, 0x00007f3caded8000, 0x00007f45d0600000)
   the space 6426144K,  99% used [0x00007f3b25b50000, 0x00007f3caddc0790, 0x00007f3caddc0800, 0x00007f3caded8000)
 Metaspace       used 24325K, capacity 24752K, committed 24832K, reserved 26624K
}
Event: 23406.264 GC heap before
{Heap before GC invocations=44937 (full 4):
 def new generation   total 2891840K, used 2575732K [0x00007f35d0600000, 0x00007f36947d0000, 0x00007f3b25b50000)
  eden space 2570560K, 100% used [0x00007f35d0600000, 0x00007f366d450000, 0x00007f366d450000)
  from space 321280K,   1% used [0x00007f366d450000, 0x00007f366d95d3e8, 0x00007f3680e10000)
  to   space 321280K,   0% used [0x00007f3680e10000, 0x00007f3680e10000, 0x00007f36947d0000)
 tenured generation   total 6426144K, used 6425025K [0x00007f3b25b50000, 0x00007f3caded8000, 0x00007f45d0600000)
   the space 6426144K,  99% used [0x00007f3b25b50000, 0x00007f3caddc0790, 0x00007f3caddc0800, 0x00007f3caded8000)
 Metaspace       used 24325K, capacity 24752K, committed 24832K, reserved 26624K
}
Event: 23406.269 GC heap after
{Heap after GC invocations=44938 (full 4):
 def new generation   total 2891840K, used 5276K [0x00007f35d0600000, 0x00007f36947d0000, 0x00007f3b25b50000)
  eden space 2570560K,   0% used [0x00007f35d0600000, 0x00007f35d0600000, 0x00007f366d450000)
  from space 321280K,   1% used [0x00007f3680e10000, 0x00007f36813372d8, 0x00007f36947d0000)
  to   space 321280K,   0% used [0x00007f366d450000, 0x00007f366d450000, 0x00007f3680e10000)
 tenured generation   total 6426144K, used 6425323K [0x00007f3b25b50000, 0x00007f3caded8000, 0x00007f45d0600000)
   the space 6426144K,  99% used [0x00007f3b25b50000, 0x00007f3cade0af50, 0x00007f3cade0b000, 0x00007f3caded8000)
 Metaspace       used 24325K, capacity 24752K, committed 24832K, reserved 26624K
}
Event: 23407.456 GC heap before
{Heap before GC invocations=44938 (full 4):
 def new generation   total 2891840K, used 2575836K [0x00007f35d0600000, 0x00007f36947d0000, 0x00007f3b25b50000)
  eden space 2570560K, 100% used [0x00007f35d0600000, 0x00007f366d450000, 0x00007f366d450000)
  from space 321280K,   1% used [0x00007f3680e10000, 0x00007f36813372d8, 0x00007f36947d0000)
  to   space 321280K,   0% used [0x00007f366d450000, 0x00007f366d450000, 0x00007f3680e10000)
 tenured generation   total 6426144K, used 6425323K [0x00007f3b25b50000, 0x00007f3caded8000, 0x00007f45d0600000)
   the space 6426144K,  99% used [0x00007f3b25b50000, 0x00007f3cade0af50, 0x00007f3cade0b000, 0x00007f3caded8000)
 Metaspace       used 24325K, capacity 24752K, committed 24832K, reserved 26624K
}
Event: 23407.461 GC heap after
{Heap after GC invocations=44939 (full 4):
 def new generation   total 2891840K, used 5381K [0x00007f35d0600000, 0x00007f36947d0000, 0x00007f3b25b50000)
  eden space 2570560K,   0% used [0x00007f35d0600000, 0x00007f35d0600000, 0x00007f366d450000)
  from space 321280K,   1% used [0x00007f366d450000, 0x00007f366d991540, 0x00007f3680e10000)
  to   space 321280K,   0% used [0x00007f3680e10000, 0x00007f3680e10000, 0x00007f36947d0000)
 tenured generation   total 6426144K, used 6425622K [0x00007f3b25b50000, 0x00007f3caded8000, 0x00007f45d0600000)
   the space 6426144K,  99% used [0x00007f3b25b50000, 0x00007f3cade55950, 0x00007f3cade55a00, 0x00007f3caded8000)
 Metaspace       used 24325K, capacity 24752K, committed 24832K, reserved 26624K
}
Event: 23408.596 GC heap before
{Heap before GC invocations=44939 (full 4):
 def new generation   total 2891840K, used 2575941K [0x00007f35d0600000, 0x00007f36947d0000, 0x00007f3b25b50000)
  eden space 2570560K, 100% used [0x00007f35d0600000, 0x00007f366d450000, 0x00007f366d450000)
  from space 321280K,   1% used [0x00007f366d450000, 0x00007f366d991540, 0x00007f3680e10000)
  to   space 321280K,   0% used [0x00007f3680e10000, 0x00007f3680e10000, 0x00007f36947d0000)
 tenured generation   total 6426144K, used 6425622K [0x00007f3b25b50000, 0x00007f3caded8000, 0x00007f45d0600000)
   the space 6426144K,  99% used [0x00007f3b25b50000, 0x00007f3cade55950, 0x00007f3cade55a00, 0x00007f3caded8000)
 Metaspace       used 24325K, capacity 24752K, committed 24832K, reserved 26624K
}
Event: 23408.602 GC heap after
{Heap after GC invocations=44940 (full 4):
 def new generation   total 2891840K, used 5464K [0x00007f35d0600000, 0x00007f36947d0000, 0x00007f3b25b50000)
  eden space 2570560K,   0% used [0x00007f35d0600000, 0x00007f35d0600000, 0x00007f366d450000)
  from space 321280K,   1% used [0x00007f3680e10000, 0x00007f3681366150, 0x00007f36947d0000)
  to   space 321280K,   0% used [0x00007f366d450000, 0x00007f366d450000, 0x00007f3680e10000)
 tenured generation   total 6426144K, used 6425940K [0x00007f3b25b50000, 0x00007f3caded8000, 0x00007f45d0600000)
   the space 6426144K,  99% used [0x00007f3b25b50000, 0x00007f3cadea53f0, 0x00007f3cadea5400, 0x00007f3caded8000)
 Metaspace       used 24325K, capacity 24752K, committed 24832K, reserved 26624K
}
Event: 23409.785 GC heap before
{Heap before GC invocations=44940 (full 4):
 def new generation   total 2891840K, used 2576024K [0x00007f35d0600000, 0x00007f36947d0000, 0x00007f3b25b50000)
  eden space 2570560K, 100% used [0x00007f35d0600000, 0x00007f366d450000, 0x00007f366d450000)
  from space 321280K,   1% used [0x00007f3680e10000, 0x00007f3681366150, 0x00007f36947d0000)
  to   space 321280K,   0% used [0x00007f366d450000, 0x00007f366d450000, 0x00007f3680e10000)
 tenured generation   total 6426144K, used 6425940K [0x00007f3b25b50000, 0x00007f3caded8000, 0x00007f45d0600000)
   the space 6426144K,  99% used [0x00007f3b25b50000, 0x00007f3cadea53f0, 0x00007f3cadea5400, 0x00007f3caded8000)
 Metaspace       used 24325K, capacity 24752K, committed 24832K, reserved 26624K
}
Event: 23409.795 GC heap after
{Heap after GC invocations=44941 (full 4):
 def new generation   total 2891840K, used 5568K [0x00007f35d0600000, 0x00007f36947d0000, 0x00007f3b25b50000)
  eden space 2570560K,   0% used [0x00007f35d0600000, 0x00007f35d0600000, 0x00007f366d450000)
  from space 321280K,   1% used [0x00007f366d450000, 0x00007f366d9c00c0, 0x00007f3680e10000)
  to   space 321280K,   0% used [0x00007f3680e10000, 0x00007f3680e10000, 0x00007f36947d0000)
 tenured generation   total 6426336K, used 6426238K [0x00007f3b25b50000, 0x00007f3cadf08000, 0x00007f45d0600000)
   the space 6426336K,  99% used [0x00007f3b25b50000, 0x00007f3cadeefbb0, 0x00007f3cadeefc00, 0x00007f3cadf08000)
 Metaspace       used 24325K, capacity 24752K, committed 24832K, reserved 26624K
}
Event: 23409.795 GC heap before
{Heap before GC invocations=44941 (full 4):
 def new generation   total 2891840K, used 5568K [0x00007f35d0600000, 0x00007f36947d0000, 0x00007f3b25b50000)
  eden space 2570560K,   0% used [0x00007f35d0600000, 0x00007f35d0600000, 0x00007f366d450000)
  from space 321280K,   1% used [0x00007f366d450000, 0x00007f366d9c00c0, 0x00007f3680e10000)
  to   space 321280K,   0% used [0x00007f3680e10000, 0x00007f3680e10000, 0x00007f36947d0000)
 tenured generation   total 6426336K, used 6426238K [0x00007f3b25b50000, 0x00007f3cadf08000, 0x00007f45d0600000)
   the space 6426336K,  99% used [0x00007f3b25b50000, 0x00007f3cadeefbb0, 0x00007f3cadeefc00, 0x00007f3cadf08000)
 Metaspace       used 24325K, capacity 24752K, committed 24832K, reserved 26624K
}

