# JRE version: OpenJDK Runtime Environment (13.0.7+5) (build 13.0.7+5-Ubuntu-0ubuntu120.04)
# Java VM: OpenJDK 64-Bit Server VM (13.0.7+5-Ubuntu-0ubuntu120.04, mixed mode, tiered, serial gc, linux-amd64)
Heap:
 def new generation   total 16150016K, used 0K [0x00007f8a10600000, 0x00007f8e579e0000, 0x00007f8f65b50000)
  eden space 14355584K,   0% used [0x00007f8a10600000, 0x00007f8a10600000, 0x00007f8d7c920000)
  from space 1794432K,   0% used [0x00007f8d7c920000, 0x00007f8d7c920000, 0x00007f8dea180000)
  to   space 1794432K,   0% used [0x00007f8dea180000, 0x00007f8dea180000, 0x00007f8e579e0000)
 tenured generation   total 38071300K, used 32003783K [0x00007f8f65b50000, 0x00007f9879651000, 0x00007f9a10600000)
   the space 38071300K,  84% used [0x00007f8f65b50000, 0x00007f9707101df8, 0x00007f9707101e00, 0x00007f9879651000)
 Metaspace       used 30337K, capacity 30729K, committed 30976K, reserved 32768K
GC Heap History (20 events):
Event: 2215.478 GC heap after
{Heap after GC invocations=91 (full 12):
 def new generation   total 16150016K, used 1157436K [0x00007f8a10600000, 0x00007f8e579e0000, 0x00007f8f65b50000)
  eden space 14355584K,   0% used [0x00007f8a10600000, 0x00007f8a10600000, 0x00007f8d7c920000)
  from space 1794432K,  64% used [0x00007f8dea180000, 0x00007f8e30bcf350, 0x00007f8e579e0000)
  to   space 1794432K,   0% used [0x00007f8d7c920000, 0x00007f8d7c920000, 0x00007f8dea180000)
 tenured generation   total 35888836K, used 26135797K [0x00007f8f65b50000, 0x00007f97f4301000, 0x00007f9a10600000)
   the space 35888836K,  72% used [0x00007f8f65b50000, 0x00007f95a0e8d728, 0x00007f95a0e8d800, 0x00007f97f4301000)
 Metaspace       used 30337K, capacity 30729K, committed 30976K, reserved 32768K
}
Event: 2219.474 GC heap before
{Heap before GC invocations=91 (full 12):
 def new generation   total 16150016K, used 15513020K [0x00007f8a10600000, 0x00007f8e579e0000, 0x00007f8f65b50000)
  eden space 14355584K, 100% used [0x00007f8a10600000, 0x00007f8d7c920000, 0x00007f8d7c920000)
  from space 1794432K,  64% used [0x00007f8dea180000, 0x00007f8e30bcf350, 0x00007f8e579e0000)
  to   space 1794432K,   0% used [0x00007f8d7c920000, 0x00007f8d7c920000, 0x00007f8dea180000)
 tenured generation   total 35888836K, used 26135797K [0x00007f8f65b50000, 0x00007f97f4301000, 0x00007f9a10600000)
   the space 35888836K,  72% used [0x00007f8f65b50000, 0x00007f95a0e8d728, 0x00007f95a0e8d800, 0x00007f97f4301000)
 Metaspace       used 30337K, capacity 30729K, committed 30976K, reserved 32768K
}
Event: 2222.626 GC heap after
{Heap after GC invocations=92 (full 12):
 def new generation   total 16150016K, used 1165543K [0x00007f8a10600000, 0x00007f8e579e0000, 0x00007f8f65b50000)
  eden space 14355584K,   0% used [0x00007f8a10600000, 0x00007f8a10600000, 0x00007f8d7c920000)
  from space 1794432K,  64% used [0x00007f8d7c920000, 0x00007f8dc3b59d80, 0x00007f8dea180000)
  to   space 1794432K,   0% used [0x00007f8dea180000, 0x00007f8dea180000, 0x00007f8e579e0000)
 tenured generation   total 35888836K, used 27293234K [0x00007f8f65b50000, 0x00007f97f4301000, 0x00007f9a10600000)
   the space 35888836K,  76% used [0x00007f8f65b50000, 0x00007f95e78dc878, 0x00007f95e78dca00, 0x00007f97f4301000)
 Metaspace       used 30337K, capacity 30729K, committed 30976K, reserved 32768K
}
Event: 2226.564 GC heap before
{Heap before GC invocations=92 (full 12):
 def new generation   total 16150016K, used 15521127K [0x00007f8a10600000, 0x00007f8e579e0000, 0x00007f8f65b50000)
  eden space 14355584K, 100% used [0x00007f8a10600000, 0x00007f8d7c920000, 0x00007f8d7c920000)
  from space 1794432K,  64% used [0x00007f8d7c920000, 0x00007f8dc3b59d80, 0x00007f8dea180000)
  to   space 1794432K,   0% used [0x00007f8dea180000, 0x00007f8dea180000, 0x00007f8e579e0000)
 tenured generation   total 35888836K, used 27293234K [0x00007f8f65b50000, 0x00007f97f4301000, 0x00007f9a10600000)
   the space 35888836K,  76% used [0x00007f8f65b50000, 0x00007f95e78dc878, 0x00007f95e78dca00, 0x00007f97f4301000)
 Metaspace       used 30337K, capacity 30729K, committed 30976K, reserved 32768K
}
Event: 2229.704 GC heap after
{Heap after GC invocations=93 (full 12):
 def new generation   total 16150016K, used 1163093K [0x00007f8a10600000, 0x00007f8e579e0000, 0x00007f8f65b50000)
  eden space 14355584K,   0% used [0x00007f8a10600000, 0x00007f8a10600000, 0x00007f8d7c920000)
  from space 1794432K,  64% used [0x00007f8dea180000, 0x00007f8e31155610, 0x00007f8e579e0000)
  to   space 1794432K,   0% used [0x00007f8d7c920000, 0x00007f8d7c920000, 0x00007f8dea180000)
 tenured generation   total 35888836K, used 28458777K [0x00007f8f65b50000, 0x00007f97f4301000, 0x00007f9a10600000)
   the space 35888836K,  79% used [0x00007f8f65b50000, 0x00007f962eb164a8, 0x00007f962eb16600, 0x00007f97f4301000)
 Metaspace       used 30337K, capacity 30729K, committed 30976K, reserved 32768K
}
Event: 2233.616 GC heap before
{Heap before GC invocations=93 (full 12):
 def new generation   total 16150016K, used 15518677K [0x00007f8a10600000, 0x00007f8e579e0000, 0x00007f8f65b50000)
  eden space 14355584K, 100% used [0x00007f8a10600000, 0x00007f8d7c920000, 0x00007f8d7c920000)
  from space 1794432K,  64% used [0x00007f8dea180000, 0x00007f8e31155610, 0x00007f8e579e0000)
  to   space 1794432K,   0% used [0x00007f8d7c920000, 0x00007f8d7c920000, 0x00007f8dea180000)
 tenured generation   total 35888836K, used 28458777K [0x00007f8f65b50000, 0x00007f97f4301000, 0x00007f9a10600000)
   the space 35888836K,  79% used [0x00007f8f65b50000, 0x00007f962eb164a8, 0x00007f962eb16600, 0x00007f97f4301000)
 Metaspace       used 30337K, capacity 30729K, committed 30976K, reserved 32768K
}
Event: 2237.018 GC heap after
{Heap after GC invocations=94 (full 12):
 def new generation   total 16150016K, used 1159839K [0x00007f8a10600000, 0x00007f8e579e0000, 0x00007f8f65b50000)
  eden space 14355584K,   0% used [0x00007f8a10600000, 0x00007f8a10600000, 0x00007f8d7c920000)
  from space 1794432K,  64% used [0x00007f8d7c920000, 0x00007f8dc35c7f30, 0x00007f8dea180000)
  to   space 1794432K,   0% used [0x00007f8dea180000, 0x00007f8dea180000, 0x00007f8e579e0000)
 tenured generation   total 35888836K, used 29621870K [0x00007f8f65b50000, 0x00007f97f4301000, 0x00007f9a10600000)
   the space 35888836K,  82% used [0x00007f8f65b50000, 0x00007f9675aeb918, 0x00007f9675aeba00, 0x00007f97f4301000)
 Metaspace       used 30337K, capacity 30729K, committed 30976K, reserved 32768K
}
Event: 2241.226 GC heap before
{Heap before GC invocations=94 (full 12):
 def new generation   total 16150016K, used 15515423K [0x00007f8a10600000, 0x00007f8e579e0000, 0x00007f8f65b50000)
  eden space 14355584K, 100% used [0x00007f8a10600000, 0x00007f8d7c920000, 0x00007f8d7c920000)
  from space 1794432K,  64% used [0x00007f8d7c920000, 0x00007f8dc35c7f30, 0x00007f8dea180000)
  to   space 1794432K,   0% used [0x00007f8dea180000, 0x00007f8dea180000, 0x00007f8e579e0000)
 tenured generation   total 35888836K, used 29621870K [0x00007f8f65b50000, 0x00007f97f4301000, 0x00007f9a10600000)
   the space 35888836K,  82% used [0x00007f8f65b50000, 0x00007f9675aeb918, 0x00007f9675aeba00, 0x00007f97f4301000)
 Metaspace       used 30337K, capacity 30729K, committed 30976K, reserved 32768K
}
Event: 2244.459 GC heap after
{Heap after GC invocations=95 (full 12):
 def new generation   total 16150016K, used 1157960K [0x00007f8a10600000, 0x00007f8e579e0000, 0x00007f8f65b50000)
  eden space 14355584K,   0% used [0x00007f8a10600000, 0x00007f8a10600000, 0x00007f8d7c920000)
  from space 1794432K,  64% used [0x00007f8dea180000, 0x00007f8e30c52300, 0x00007f8e579e0000)
  to   space 1794432K,   0% used [0x00007f8d7c920000, 0x00007f8d7c920000, 0x00007f8dea180000)
 tenured generation   total 35888836K, used 30781709K [0x00007f8f65b50000, 0x00007f97f4301000, 0x00007f9a10600000)
   the space 35888836K,  85% used [0x00007f8f65b50000, 0x00007f96bc793628, 0x00007f96bc793800, 0x00007f97f4301000)
 Metaspace       used 30337K, capacity 30729K, committed 30976K, reserved 32768K
}
Event: 2248.562 GC heap before
{Heap before GC invocations=95 (full 12):
 def new generation   total 16150016K, used 15513544K [0x00007f8a10600000, 0x00007f8e579e0000, 0x00007f8f65b50000)
  eden space 14355584K, 100% used [0x00007f8a10600000, 0x00007f8d7c920000, 0x00007f8d7c920000)
  from space 1794432K,  64% used [0x00007f8dea180000, 0x00007f8e30c52300, 0x00007f8e579e0000)
  to   space 1794432K,   0% used [0x00007f8d7c920000, 0x00007f8d7c920000, 0x00007f8dea180000)
 tenured generation   total 35888836K, used 30781709K [0x00007f8f65b50000, 0x00007f97f4301000, 0x00007f9a10600000)
   the space 35888836K,  85% used [0x00007f8f65b50000, 0x00007f96bc793628, 0x00007f96bc793800, 0x00007f97f4301000)
 Metaspace       used 30337K, capacity 30729K, committed 30976K, reserved 32768K
}
Event: 2251.903 GC heap after
{Heap after GC invocations=96 (full 12):
 def new generation   total 16150016K, used 1160197K [0x00007f8a10600000, 0x00007f8e579e0000, 0x00007f8f65b50000)
  eden space 14355584K,   0% used [0x00007f8a10600000, 0x00007f8a10600000, 0x00007f8d7c920000)
  from space 1794432K,  64% used [0x00007f8d7c920000, 0x00007f8dc36215a0, 0x00007f8dea180000)
  to   space 1794432K,   0% used [0x00007f8dea180000, 0x00007f8dea180000, 0x00007f8e579e0000)
 tenured generation   total 35888836K, used 31939669K [0x00007f8f65b50000, 0x00007f97f4301000, 0x00007f9a10600000)
   the space 35888836K,  88% used [0x00007f8f65b50000, 0x00007f9703265708, 0x00007f9703265800, 0x00007f97f4301000)
 Metaspace       used 30337K, capacity 30729K, committed 30976K, reserved 32768K
}
Event: 2255.945 GC heap before
{Heap before GC invocations=96 (full 12):
 def new generation   total 16150016K, used 15515781K [0x00007f8a10600000, 0x00007f8e579e0000, 0x00007f8f65b50000)
  eden space 14355584K, 100% used [0x00007f8a10600000, 0x00007f8d7c920000, 0x00007f8d7c920000)
  from space 1794432K,  64% used [0x00007f8d7c920000, 0x00007f8dc36215a0, 0x00007f8dea180000)
  to   space 1794432K,   0% used [0x00007f8dea180000, 0x00007f8dea180000, 0x00007f8e579e0000)
 tenured generation   total 35888836K, used 31939669K [0x00007f8f65b50000, 0x00007f97f4301000, 0x00007f9a10600000)
   the space 35888836K,  88% used [0x00007f8f65b50000, 0x00007f9703265708, 0x00007f9703265800, 0x00007f97f4301000)
 Metaspace       used 30337K, capacity 30729K, committed 30976K, reserved 32768K
}
Event: 2259.386 GC heap after
{Heap after GC invocations=97 (full 12):
 def new generation   total 16150016K, used 1172542K [0x00007f8a10600000, 0x00007f8e579e0000, 0x00007f8f65b50000)
  eden space 14355584K,   0% used [0x00007f8a10600000, 0x00007f8a10600000, 0x00007f8d7c920000)
  from space 1794432K,  65% used [0x00007f8dea180000, 0x00007f8e31a8f8e0, 0x00007f8e579e0000)
  to   space 1794432K,   0% used [0x00007f8d7c920000, 0x00007f8d7c920000, 0x00007f8dea180000)
 tenured generation   total 35888836K, used 33099866K [0x00007f8f65b50000, 0x00007f97f4301000, 0x00007f9a10600000)
   the space 35888836K,  92% used [0x00007f8f65b50000, 0x00007f9749f66ae8, 0x00007f9749f66c00, 0x00007f97f4301000)
 Metaspace       used 30337K, capacity 30729K, committed 30976K, reserved 32768K
}
Event: 2263.196 GC heap before
{Heap before GC invocations=97 (full 12):
 def new generation   total 16150016K, used 15528126K [0x00007f8a10600000, 0x00007f8e579e0000, 0x00007f8f65b50000)
  eden space 14355584K, 100% used [0x00007f8a10600000, 0x00007f8d7c920000, 0x00007f8d7c920000)
  from space 1794432K,  65% used [0x00007f8dea180000, 0x00007f8e31a8f8e0, 0x00007f8e579e0000)
  to   space 1794432K,   0% used [0x00007f8d7c920000, 0x00007f8d7c920000, 0x00007f8dea180000)
 tenured generation   total 35888836K, used 33099866K [0x00007f8f65b50000, 0x00007f97f4301000, 0x00007f9a10600000)
   the space 35888836K,  92% used [0x00007f8f65b50000, 0x00007f9749f66ae8, 0x00007f9749f66c00, 0x00007f97f4301000)
 Metaspace       used 30337K, capacity 30729K, committed 30976K, reserved 32768K
}
Event: 2266.351 GC heap after
{Heap after GC invocations=98 (full 12):
 def new generation   total 16150016K, used 1165693K [0x00007f8a10600000, 0x00007f8e579e0000, 0x00007f8f65b50000)
  eden space 14355584K,   0% used [0x00007f8a10600000, 0x00007f8a10600000, 0x00007f8d7c920000)
  from space 1794432K,  64% used [0x00007f8d7c920000, 0x00007f8dc3b7f4e0, 0x00007f8dea180000)
  to   space 1794432K,   0% used [0x00007f8dea180000, 0x00007f8dea180000, 0x00007f8e579e0000)
 tenured generation   total 35888836K, used 34272408K [0x00007f8f65b50000, 0x00007f97f4301000, 0x00007f9a10600000)
   the space 35888836K,  95% used [0x00007f8f65b50000, 0x00007f9791876208, 0x00007f9791876400, 0x00007f97f4301000)
 Metaspace       used 30337K, capacity 30729K, committed 30976K, reserved 32768K
}
Event: 2270.365 GC heap before
{Heap before GC invocations=98 (full 12):
 def new generation   total 16150016K, used 15521277K [0x00007f8a10600000, 0x00007f8e579e0000, 0x00007f8f65b50000)
  eden space 14355584K, 100% used [0x00007f8a10600000, 0x00007f8d7c920000, 0x00007f8d7c920000)
  from space 1794432K,  64% used [0x00007f8d7c920000, 0x00007f8dc3b7f4e0, 0x00007f8dea180000)
  to   space 1794432K,   0% used [0x00007f8dea180000, 0x00007f8dea180000, 0x00007f8e579e0000)
 tenured generation   total 35888836K, used 34272408K [0x00007f8f65b50000, 0x00007f97f4301000, 0x00007f9a10600000)
   the space 35888836K,  95% used [0x00007f8f65b50000, 0x00007f9791876208, 0x00007f9791876400, 0x00007f97f4301000)
 Metaspace       used 30337K, capacity 30729K, committed 30976K, reserved 32768K
}
Event: 2273.548 GC heap after
{Heap after GC invocations=99 (full 12):
 def new generation   total 16150016K, used 1157147K [0x00007f8a10600000, 0x00007f8e579e0000, 0x00007f8f65b50000)
  eden space 14355584K,   0% used [0x00007f8a10600000, 0x00007f8a10600000, 0x00007f8d7c920000)
  from space 1794432K,  64% used [0x00007f8dea180000, 0x00007f8e30b86e90, 0x00007f8e579e0000)
  to   space 1794432K,   0% used [0x00007f8d7c920000, 0x00007f8d7c920000, 0x00007f8dea180000)
 tenured generation   total 35888836K, used 35438101K [0x00007f8f65b50000, 0x00007f97f4301000, 0x00007f9a10600000)
   the space 35888836K,  98% used [0x00007f8f65b50000, 0x00007f97d8ad5528, 0x00007f97d8ad5600, 0x00007f97f4301000)
 Metaspace       used 30337K, capacity 30729K, committed 30976K, reserved 32768K
}
Event: 2284.894 GC heap before
{Heap before GC invocations=99 (full 12):
 def new generation   total 16150016K, used 15413433K [0x00007f8a10600000, 0x00007f8e579e0000, 0x00007f8f65b50000)
  eden space 14355584K,  99% used [0x00007f8a10600000, 0x00007f8d76827860, 0x00007f8d7c920000)
  from space 1794432K,  64% used [0x00007f8dea180000, 0x00007f8e30b86e90, 0x00007f8e579e0000)
  to   space 1794432K,   0% used [0x00007f8d7c920000, 0x00007f8d7c920000, 0x00007f8dea180000)
 tenured generation   total 35888836K, used 35438101K [0x00007f8f65b50000, 0x00007f97f4301000, 0x00007f9a10600000)
   the space 35888836K,  98% used [0x00007f8f65b50000, 0x00007f97d8ad5528, 0x00007f97d8ad5600, 0x00007f97f4301000)
 Metaspace       used 30337K, capacity 30729K, committed 30976K, reserved 32768K
}
Event: 2291.013 GC heap after
{Heap after GC invocations=100 (full 12):
 def new generation   total 16150016K, used 1794432K [0x00007f8a10600000, 0x00007f8e579e0000, 0x00007f8f65b50000)
  eden space 14355584K,   0% used [0x00007f8a10600000, 0x00007f8a10600000, 0x00007f8d7c920000)
  from space 1794432K, 100% used [0x00007f8d7c920000, 0x00007f8dea180000, 0x00007f8dea180000)
  to   space 1794432K,   0% used [0x00007f8dea180000, 0x00007f8dea180000, 0x00007f8e579e0000)
 tenured generation   total 38071300K, used 38071211K [0x00007f8f65b50000, 0x00007f9879651000, 0x00007f9a10600000)
   the space 38071300K,  99% used [0x00007f8f65b50000, 0x00007f987963af60, 0x00007f987963b000, 0x00007f9879651000)
 Metaspace       used 30337K, capacity 30729K, committed 30976K, reserved 32768K
}
Event: 2291.013 GC heap before
{Heap before GC invocations=100 (full 12):
 def new generation   total 16150016K, used 1794432K [0x00007f8a10600000, 0x00007f8e579e0000, 0x00007f8f65b50000)
  eden space 14355584K,   0% used [0x00007f8a10600000, 0x00007f8a10600000, 0x00007f8d7c920000)
  from space 1794432K, 100% used [0x00007f8d7c920000, 0x00007f8dea180000, 0x00007f8dea180000)
  to   space 1794432K,   0% used [0x00007f8dea180000, 0x00007f8dea180000, 0x00007f8e579e0000)
 tenured generation   total 38071300K, used 38071211K [0x00007f8f65b50000, 0x00007f9879651000, 0x00007f9a10600000)
   the space 38071300K,  99% used [0x00007f8f65b50000, 0x00007f987963af60, 0x00007f987963b000, 0x00007f9879651000)
 Metaspace       used 30337K, capacity 30729K, committed 30976K, reserved 32768K
}

