# JRE version: OpenJDK Runtime Environment (13.0.7+5) (build 13.0.7+5-Ubuntu-0ubuntu120.04)
# Java VM: OpenJDK 64-Bit Server VM (13.0.7+5-Ubuntu-0ubuntu120.04, mixed mode, tiered, serial gc, linux-amd64)
Heap:
 def new generation   total 1747712K, used 0K [0x00007f80c8600000, 0x00007f813ee60000, 0x00007f861db50000)
  eden space 1553536K,   0% used [0x00007f80c8600000, 0x00007f80c8600000, 0x00007f8127320000)
  from space 194176K,   0% used [0x00007f8127320000, 0x00007f8127320000, 0x00007f81330c0000)
  to   space 194176K,   0% used [0x00007f81330c0000, 0x00007f81330c0000, 0x00007f813ee60000)
 tenured generation   total 3884116K, used 3868899K [0x00007f861db50000, 0x00007f870ac65000, 0x00007f90c8600000)
   the space 3884116K,  99% used [0x00007f861db50000, 0x00007f8709d88e88, 0x00007f8709d89000, 0x00007f870ac65000)
 Metaspace       used 24220K, capacity 24587K, committed 24832K, reserved 26624K
GC Heap History (20 events):
Event: 5673.277 GC heap after
{Heap after GC invocations=13060 (full 3):
 def new generation   total 1747712K, used 8454K [0x00007f80c8600000, 0x00007f813ee60000, 0x00007f861db50000)
  eden space 1553536K,   0% used [0x00007f80c8600000, 0x00007f80c8600000, 0x00007f8127320000)
  from space 194176K,   4% used [0x00007f81330c0000, 0x00007f8133901a08, 0x00007f813ee60000)
  to   space 194176K,   0% used [0x00007f8127320000, 0x00007f8127320000, 0x00007f81330c0000)
 tenured generation   total 3883732K, used 3877398K [0x00007f861db50000, 0x00007f870ac05000, 0x00007f90c8600000)
   the space 3883732K,  99% used [0x00007f861db50000, 0x00007f870a5d5808, 0x00007f870a5d5a00, 0x00007f870ac05000)
 Metaspace       used 24220K, capacity 24587K, committed 24832K, reserved 26624K
}
Event: 5674.055 GC heap before
{Heap before GC invocations=13060 (full 3):
 def new generation   total 1747712K, used 1561990K [0x00007f80c8600000, 0x00007f813ee60000, 0x00007f861db50000)
  eden space 1553536K, 100% used [0x00007f80c8600000, 0x00007f8127320000, 0x00007f8127320000)
  from space 194176K,   4% used [0x00007f81330c0000, 0x00007f8133901a08, 0x00007f813ee60000)
  to   space 194176K,   0% used [0x00007f8127320000, 0x00007f8127320000, 0x00007f81330c0000)
 tenured generation   total 3883732K, used 3877398K [0x00007f861db50000, 0x00007f870ac05000, 0x00007f90c8600000)
   the space 3883732K,  99% used [0x00007f861db50000, 0x00007f870a5d5808, 0x00007f870a5d5a00, 0x00007f870ac05000)
 Metaspace       used 24220K, capacity 24587K, committed 24832K, reserved 26624K
}
Event: 5674.062 GC heap after
{Heap after GC invocations=13061 (full 3):
 def new generation   total 1747712K, used 8450K [0x00007f80c8600000, 0x00007f813ee60000, 0x00007f861db50000)
  eden space 1553536K,   0% used [0x00007f80c8600000, 0x00007f80c8600000, 0x00007f8127320000)
  from space 194176K,   4% used [0x00007f8127320000, 0x00007f8127b60ab0, 0x00007f81330c0000)
  to   space 194176K,   0% used [0x00007f81330c0000, 0x00007f81330c0000, 0x00007f813ee60000)
 tenured generation   total 3883732K, used 3877736K [0x00007f861db50000, 0x00007f870ac05000, 0x00007f90c8600000)
   the space 3883732K,  99% used [0x00007f861db50000, 0x00007f870a62a308, 0x00007f870a62a400, 0x00007f870ac05000)
 Metaspace       used 24220K, capacity 24587K, committed 24832K, reserved 26624K
}
Event: 5674.837 GC heap before
{Heap before GC invocations=13061 (full 3):
 def new generation   total 1747712K, used 1561986K [0x00007f80c8600000, 0x00007f813ee60000, 0x00007f861db50000)
  eden space 1553536K, 100% used [0x00007f80c8600000, 0x00007f8127320000, 0x00007f8127320000)
  from space 194176K,   4% used [0x00007f8127320000, 0x00007f8127b60ab0, 0x00007f81330c0000)
  to   space 194176K,   0% used [0x00007f81330c0000, 0x00007f81330c0000, 0x00007f813ee60000)
 tenured generation   total 3883732K, used 3877736K [0x00007f861db50000, 0x00007f870ac05000, 0x00007f90c8600000)
   the space 3883732K,  99% used [0x00007f861db50000, 0x00007f870a62a308, 0x00007f870a62a400, 0x00007f870ac05000)
 Metaspace       used 24220K, capacity 24587K, committed 24832K, reserved 26624K
}
Event: 5674.844 GC heap after
{Heap after GC invocations=13062 (full 3):
 def new generation   total 1747712K, used 8216K [0x00007f80c8600000, 0x00007f813ee60000, 0x00007f861db50000)
  eden space 1553536K,   0% used [0x00007f80c8600000, 0x00007f80c8600000, 0x00007f8127320000)
  from space 194176K,   4% used [0x00007f81330c0000, 0x00007f81338c62a0, 0x00007f813ee60000)
  to   space 194176K,   0% used [0x00007f8127320000, 0x00007f8127320000, 0x00007f81330c0000)
 tenured generation   total 3883732K, used 3878302K [0x00007f861db50000, 0x00007f870ac05000, 0x00007f90c8600000)
   the space 3883732K,  99% used [0x00007f861db50000, 0x00007f870a6b79f8, 0x00007f870a6b7a00, 0x00007f870ac05000)
 Metaspace       used 24220K, capacity 24587K, committed 24832K, reserved 26624K
}
Event: 5675.620 GC heap before
{Heap before GC invocations=13062 (full 3):
 def new generation   total 1747712K, used 1561752K [0x00007f80c8600000, 0x00007f813ee60000, 0x00007f861db50000)
  eden space 1553536K, 100% used [0x00007f80c8600000, 0x00007f8127320000, 0x00007f8127320000)
  from space 194176K,   4% used [0x00007f81330c0000, 0x00007f81338c62a0, 0x00007f813ee60000)
  to   space 194176K,   0% used [0x00007f8127320000, 0x00007f8127320000, 0x00007f81330c0000)
 tenured generation   total 3883732K, used 3878302K [0x00007f861db50000, 0x00007f870ac05000, 0x00007f90c8600000)
   the space 3883732K,  99% used [0x00007f861db50000, 0x00007f870a6b79f8, 0x00007f870a6b7a00, 0x00007f870ac05000)
 Metaspace       used 24220K, capacity 24587K, committed 24832K, reserved 26624K
}
Event: 5675.626 GC heap after
{Heap after GC invocations=13063 (full 3):
 def new generation   total 1747712K, used 7500K [0x00007f80c8600000, 0x00007f813ee60000, 0x00007f861db50000)
  eden space 1553536K,   0% used [0x00007f80c8600000, 0x00007f80c8600000, 0x00007f8127320000)
  from space 194176K,   3% used [0x00007f8127320000, 0x00007f8127a73098, 0x00007f81330c0000)
  to   space 194176K,   0% used [0x00007f81330c0000, 0x00007f81330c0000, 0x00007f813ee60000)
 tenured generation   total 3883732K, used 3879362K [0x00007f861db50000, 0x00007f870ac05000, 0x00007f90c8600000)
   the space 3883732K,  99% used [0x00007f861db50000, 0x00007f870a7c0b68, 0x00007f870a7c0c00, 0x00007f870ac05000)
 Metaspace       used 24220K, capacity 24587K, committed 24832K, reserved 26624K
}
Event: 5676.400 GC heap before
{Heap before GC invocations=13063 (full 3):
 def new generation   total 1747712K, used 1561036K [0x00007f80c8600000, 0x00007f813ee60000, 0x00007f861db50000)
  eden space 1553536K, 100% used [0x00007f80c8600000, 0x00007f8127320000, 0x00007f8127320000)
  from space 194176K,   3% used [0x00007f8127320000, 0x00007f8127a73098, 0x00007f81330c0000)
  to   space 194176K,   0% used [0x00007f81330c0000, 0x00007f81330c0000, 0x00007f813ee60000)
 tenured generation   total 3883732K, used 3879362K [0x00007f861db50000, 0x00007f870ac05000, 0x00007f90c8600000)
   the space 3883732K,  99% used [0x00007f861db50000, 0x00007f870a7c0b68, 0x00007f870a7c0c00, 0x00007f870ac05000)
 Metaspace       used 24220K, capacity 24587K, committed 24832K, reserved 26624K
}
Event: 5676.406 GC heap after
{Heap after GC invocations=13064 (full 3):
 def new generation   total 1747712K, used 6409K [0x00007f80c8600000, 0x00007f813ee60000, 0x00007f861db50000)
  eden space 1553536K,   0% used [0x00007f80c8600000, 0x00007f80c8600000, 0x00007f8127320000)
  from space 194176K,   3% used [0x00007f81330c0000, 0x00007f8133702480, 0x00007f813ee60000)
  to   space 194176K,   0% used [0x00007f8127320000, 0x00007f8127320000, 0x00007f81330c0000)
 tenured generation   total 3883732K, used 3880773K [0x00007f861db50000, 0x00007f870ac05000, 0x00007f90c8600000)
   the space 3883732K,  99% used [0x00007f861db50000, 0x00007f870a921768, 0x00007f870a921800, 0x00007f870ac05000)
 Metaspace       used 24220K, capacity 24587K, committed 24832K, reserved 26624K
}
Event: 5677.180 GC heap before
{Heap before GC invocations=13064 (full 3):
 def new generation   total 1747712K, used 1559945K [0x00007f80c8600000, 0x00007f813ee60000, 0x00007f861db50000)
  eden space 1553536K, 100% used [0x00007f80c8600000, 0x00007f8127320000, 0x00007f8127320000)
  from space 194176K,   3% used [0x00007f81330c0000, 0x00007f8133702480, 0x00007f813ee60000)
  to   space 194176K,   0% used [0x00007f8127320000, 0x00007f8127320000, 0x00007f81330c0000)
 tenured generation   total 3883732K, used 3880773K [0x00007f861db50000, 0x00007f870ac05000, 0x00007f90c8600000)
   the space 3883732K,  99% used [0x00007f861db50000, 0x00007f870a921768, 0x00007f870a921800, 0x00007f870ac05000)
 Metaspace       used 24220K, capacity 24587K, committed 24832K, reserved 26624K
}
Event: 5677.186 GC heap after
{Heap after GC invocations=13065 (full 3):
 def new generation   total 1747712K, used 5328K [0x00007f80c8600000, 0x00007f813ee60000, 0x00007f861db50000)
  eden space 1553536K,   0% used [0x00007f80c8600000, 0x00007f80c8600000, 0x00007f8127320000)
  from space 194176K,   2% used [0x00007f8127320000, 0x00007f8127854040, 0x00007f81330c0000)
  to   space 194176K,   0% used [0x00007f81330c0000, 0x00007f81330c0000, 0x00007f813ee60000)
 tenured generation   total 3883732K, used 3882187K [0x00007f861db50000, 0x00007f870ac05000, 0x00007f90c8600000)
   the space 3883732K,  99% used [0x00007f861db50000, 0x00007f870aa82ef0, 0x00007f870aa83000, 0x00007f870ac05000)
 Metaspace       used 24220K, capacity 24587K, committed 24832K, reserved 26624K
}
Event: 5677.960 GC heap before
{Heap before GC invocations=13065 (full 3):
 def new generation   total 1747712K, used 1558864K [0x00007f80c8600000, 0x00007f813ee60000, 0x00007f861db50000)
  eden space 1553536K, 100% used [0x00007f80c8600000, 0x00007f8127320000, 0x00007f8127320000)
  from space 194176K,   2% used [0x00007f8127320000, 0x00007f8127854040, 0x00007f81330c0000)
  to   space 194176K,   0% used [0x00007f81330c0000, 0x00007f81330c0000, 0x00007f813ee60000)
 tenured generation   total 3883732K, used 3882187K [0x00007f861db50000, 0x00007f870ac05000, 0x00007f90c8600000)
   the space 3883732K,  99% used [0x00007f861db50000, 0x00007f870aa82ef0, 0x00007f870aa83000, 0x00007f870ac05000)
 Metaspace       used 24220K, capacity 24587K, committed 24832K, reserved 26624K
}
Event: 5677.965 GC heap after
{Heap after GC invocations=13066 (full 3):
 def new generation   total 1747712K, used 4719K [0x00007f80c8600000, 0x00007f813ee60000, 0x00007f861db50000)
  eden space 1553536K,   0% used [0x00007f80c8600000, 0x00007f80c8600000, 0x00007f8127320000)
  from space 194176K,   2% used [0x00007f81330c0000, 0x00007f813355bd60, 0x00007f813ee60000)
  to   space 194176K,   0% used [0x00007f8127320000, 0x00007f8127320000, 0x00007f81330c0000)
 tenured generation   total 3883732K, used 3883143K [0x00007f861db50000, 0x00007f870ac05000, 0x00007f90c8600000)
   the space 3883732K,  99% used [0x00007f861db50000, 0x00007f870ab71e88, 0x00007f870ab72000, 0x00007f870ac05000)
 Metaspace       used 24220K, capacity 24587K, committed 24832K, reserved 26624K
}
Event: 5678.738 GC heap before
{Heap before GC invocations=13066 (full 3):
 def new generation   total 1747712K, used 1558255K [0x00007f80c8600000, 0x00007f813ee60000, 0x00007f861db50000)
  eden space 1553536K, 100% used [0x00007f80c8600000, 0x00007f8127320000, 0x00007f8127320000)
  from space 194176K,   2% used [0x00007f81330c0000, 0x00007f813355bd60, 0x00007f813ee60000)
  to   space 194176K,   0% used [0x00007f8127320000, 0x00007f8127320000, 0x00007f81330c0000)
 tenured generation   total 3883732K, used 3883143K [0x00007f861db50000, 0x00007f870ac05000, 0x00007f90c8600000)
   the space 3883732K,  99% used [0x00007f861db50000, 0x00007f870ab71e88, 0x00007f870ab72000, 0x00007f870ac05000)
 Metaspace       used 24220K, capacity 24587K, committed 24832K, reserved 26624K
}
Event: 5678.742 GC heap after
{Heap after GC invocations=13067 (full 3):
 def new generation   total 1747712K, used 4811K [0x00007f80c8600000, 0x00007f813ee60000, 0x00007f861db50000)
  eden space 1553536K,   0% used [0x00007f80c8600000, 0x00007f80c8600000, 0x00007f8127320000)
  from space 194176K,   2% used [0x00007f8127320000, 0x00007f81277d2f98, 0x00007f81330c0000)
  to   space 194176K,   0% used [0x00007f81330c0000, 0x00007f81330c0000, 0x00007f813ee60000)
 tenured generation   total 3883732K, used 3883379K [0x00007f861db50000, 0x00007f870ac05000, 0x00007f90c8600000)
   the space 3883732K,  99% used [0x00007f861db50000, 0x00007f870abace78, 0x00007f870abad000, 0x00007f870ac05000)
 Metaspace       used 24220K, capacity 24587K, committed 24832K, reserved 26624K
}
Event: 5679.546 GC heap before
{Heap before GC invocations=13067 (full 3):
 def new generation   total 1747712K, used 1558347K [0x00007f80c8600000, 0x00007f813ee60000, 0x00007f861db50000)
  eden space 1553536K, 100% used [0x00007f80c8600000, 0x00007f8127320000, 0x00007f8127320000)
  from space 194176K,   2% used [0x00007f8127320000, 0x00007f81277d2f98, 0x00007f81330c0000)
  to   space 194176K,   0% used [0x00007f81330c0000, 0x00007f81330c0000, 0x00007f813ee60000)
 tenured generation   total 3883732K, used 3883379K [0x00007f861db50000, 0x00007f870ac05000, 0x00007f90c8600000)
   the space 3883732K,  99% used [0x00007f861db50000, 0x00007f870abace78, 0x00007f870abad000, 0x00007f870ac05000)
 Metaspace       used 24220K, capacity 24587K, committed 24832K, reserved 26624K
}
Event: 5679.551 GC heap after
{Heap after GC invocations=13068 (full 3):
 def new generation   total 1747712K, used 4878K [0x00007f80c8600000, 0x00007f813ee60000, 0x00007f861db50000)
  eden space 1553536K,   0% used [0x00007f80c8600000, 0x00007f80c8600000, 0x00007f8127320000)
  from space 194176K,   2% used [0x00007f81330c0000, 0x00007f8133583a20, 0x00007f813ee60000)
  to   space 194176K,   0% used [0x00007f8127320000, 0x00007f8127320000, 0x00007f81330c0000)
 tenured generation   total 3883732K, used 3883635K [0x00007f861db50000, 0x00007f870ac05000, 0x00007f90c8600000)
   the space 3883732K,  99% used [0x00007f861db50000, 0x00007f870abecfb8, 0x00007f870abed000, 0x00007f870ac05000)
 Metaspace       used 24220K, capacity 24587K, committed 24832K, reserved 26624K
}
Event: 5680.325 GC heap before
{Heap before GC invocations=13068 (full 3):
 def new generation   total 1747712K, used 1558414K [0x00007f80c8600000, 0x00007f813ee60000, 0x00007f861db50000)
  eden space 1553536K, 100% used [0x00007f80c8600000, 0x00007f8127320000, 0x00007f8127320000)
  from space 194176K,   2% used [0x00007f81330c0000, 0x00007f8133583a20, 0x00007f813ee60000)
  to   space 194176K,   0% used [0x00007f8127320000, 0x00007f8127320000, 0x00007f81330c0000)
 tenured generation   total 3883732K, used 3883635K [0x00007f861db50000, 0x00007f870ac05000, 0x00007f90c8600000)
   the space 3883732K,  99% used [0x00007f861db50000, 0x00007f870abecfb8, 0x00007f870abed000, 0x00007f870ac05000)
 Metaspace       used 24220K, capacity 24587K, committed 24832K, reserved 26624K
}
Event: 5680.330 GC heap after
{Heap after GC invocations=13069 (full 3):
 def new generation   total 1747712K, used 4875K [0x00007f80c8600000, 0x00007f813ee60000, 0x00007f861db50000)
  eden space 1553536K,   0% used [0x00007f80c8600000, 0x00007f80c8600000, 0x00007f8127320000)
  from space 194176K,   2% used [0x00007f8127320000, 0x00007f81277e2e50, 0x00007f81330c0000)
  to   space 194176K,   0% used [0x00007f81330c0000, 0x00007f81330c0000, 0x00007f813ee60000)
 tenured generation   total 3884116K, used 3883974K [0x00007f861db50000, 0x00007f870ac65000, 0x00007f90c8600000)
   the space 3884116K,  99% used [0x00007f861db50000, 0x00007f870ac41ab8, 0x00007f870ac41c00, 0x00007f870ac65000)
 Metaspace       used 24220K, capacity 24587K, committed 24832K, reserved 26624K
}
Event: 5680.330 GC heap before
{Heap before GC invocations=13069 (full 3):
 def new generation   total 1747712K, used 4875K [0x00007f80c8600000, 0x00007f813ee60000, 0x00007f861db50000)
  eden space 1553536K,   0% used [0x00007f80c8600000, 0x00007f80c8600000, 0x00007f8127320000)
  from space 194176K,   2% used [0x00007f8127320000, 0x00007f81277e2e50, 0x00007f81330c0000)
  to   space 194176K,   0% used [0x00007f81330c0000, 0x00007f81330c0000, 0x00007f813ee60000)
 tenured generation   total 3884116K, used 3883974K [0x00007f861db50000, 0x00007f870ac65000, 0x00007f90c8600000)
   the space 3884116K,  99% used [0x00007f861db50000, 0x00007f870ac41ab8, 0x00007f870ac41c00, 0x00007f870ac65000)
 Metaspace       used 24220K, capacity 24587K, committed 24832K, reserved 26624K
}

