# JRE version: OpenJDK Runtime Environment (13.0.7+5) (build 13.0.7+5-Ubuntu-0ubuntu120.04)
# Java VM: OpenJDK 64-Bit Server VM (13.0.7+5-Ubuntu-0ubuntu120.04, mixed mode, tiered, serial gc, linux-amd64)
Heap:
 def new generation   total 2910976K, used 0K [0x00007fc418600000, 0x00007fc4ddc90000, 0x00007fc96db50000)
  eden space 2587584K,   0% used [0x00007fc418600000, 0x00007fc418600000, 0x00007fc4b64f0000)
  from space 323392K,   0% used [0x00007fc4ca0c0000, 0x00007fc4ca0c0000, 0x00007fc4ddc90000)
  to   space 323392K,   0% used [0x00007fc4b64f0000, 0x00007fc4b64f0000, 0x00007fc4ca0c0000)
 tenured generation   total 6501748K, used 6501708K [0x00007fc96db50000, 0x00007fcafa8ad000, 0x00007fd418600000)
   the space 6501748K,  99% used [0x00007fc96db50000, 0x00007fcafa8a3008, 0x00007fcafa8a3200, 0x00007fcafa8ad000)
 Metaspace       used 24719K, capacity 25145K, committed 25344K, reserved 26624K
GC Heap History (20 events):
Event: 11670.991 GC heap after
{Heap after GC invocations=10668 (full 4):
 def new generation   total 2910976K, used 49452K [0x00007fc418600000, 0x00007fc4ddc90000, 0x00007fc96db50000)
  eden space 2587584K,   0% used [0x00007fc418600000, 0x00007fc418600000, 0x00007fc4b64f0000)
  from space 323392K,  15% used [0x00007fc4b64f0000, 0x00007fc4b953b0f8, 0x00007fc4ca0c0000)
  to   space 323392K,   0% used [0x00007fc4ca0c0000, 0x00007fc4ca0c0000, 0x00007fc4ddc90000)
 tenured generation   total 6468724K, used 6452175K [0x00007fc96db50000, 0x00007fcaf886d000, 0x00007fd418600000)
   the space 6468724K,  99% used [0x00007fc96db50000, 0x00007fcaf7843e48, 0x00007fcaf7844000, 0x00007fcaf886d000)
 Metaspace       used 24717K, capacity 25145K, committed 25344K, reserved 26624K
}
Event: 11673.274 GC heap before
{Heap before GC invocations=10668 (full 4):
 def new generation   total 2910976K, used 2637036K [0x00007fc418600000, 0x00007fc4ddc90000, 0x00007fc96db50000)
  eden space 2587584K, 100% used [0x00007fc418600000, 0x00007fc4b64f0000, 0x00007fc4b64f0000)
  from space 323392K,  15% used [0x00007fc4b64f0000, 0x00007fc4b953b0f8, 0x00007fc4ca0c0000)
  to   space 323392K,   0% used [0x00007fc4ca0c0000, 0x00007fc4ca0c0000, 0x00007fc4ddc90000)
 tenured generation   total 6468724K, used 6452175K [0x00007fc96db50000, 0x00007fcaf886d000, 0x00007fd418600000)
   the space 6468724K,  99% used [0x00007fc96db50000, 0x00007fcaf7843e48, 0x00007fcaf7844000, 0x00007fcaf886d000)
 Metaspace       used 24717K, capacity 25145K, committed 25344K, reserved 26624K
}
Event: 11673.433 GC heap after
{Heap after GC invocations=10669 (full 4):
 def new generation   total 2910976K, used 48655K [0x00007fc418600000, 0x00007fc4ddc90000, 0x00007fc96db50000)
  eden space 2587584K,   0% used [0x00007fc418600000, 0x00007fc418600000, 0x00007fc4b64f0000)
  from space 323392K,  15% used [0x00007fc4ca0c0000, 0x00007fc4cd043f68, 0x00007fc4ddc90000)
  to   space 323392K,   0% used [0x00007fc4b64f0000, 0x00007fc4b64f0000, 0x00007fc4ca0c0000)
 tenured generation   total 6468724K, used 6452979K [0x00007fc96db50000, 0x00007fcaf886d000, 0x00007fd418600000)
   the space 6468724K,  99% used [0x00007fc96db50000, 0x00007fcaf790cdf8, 0x00007fcaf790ce00, 0x00007fcaf886d000)
 Metaspace       used 24717K, capacity 25145K, committed 25344K, reserved 26624K
}
Event: 11675.728 GC heap before
{Heap before GC invocations=10669 (full 4):
 def new generation   total 2910976K, used 2636239K [0x00007fc418600000, 0x00007fc4ddc90000, 0x00007fc96db50000)
  eden space 2587584K, 100% used [0x00007fc418600000, 0x00007fc4b64f0000, 0x00007fc4b64f0000)
  from space 323392K,  15% used [0x00007fc4ca0c0000, 0x00007fc4cd043f68, 0x00007fc4ddc90000)
  to   space 323392K,   0% used [0x00007fc4b64f0000, 0x00007fc4b64f0000, 0x00007fc4ca0c0000)
 tenured generation   total 6468724K, used 6452979K [0x00007fc96db50000, 0x00007fcaf886d000, 0x00007fd418600000)
   the space 6468724K,  99% used [0x00007fc96db50000, 0x00007fcaf790cdf8, 0x00007fcaf790ce00, 0x00007fcaf886d000)
 Metaspace       used 24719K, capacity 25145K, committed 25344K, reserved 26624K
}
Event: 11675.878 GC heap after
{Heap after GC invocations=10670 (full 4):
 def new generation   total 2910976K, used 47553K [0x00007fc418600000, 0x00007fc4ddc90000, 0x00007fc96db50000)
  eden space 2587584K,   0% used [0x00007fc418600000, 0x00007fc418600000, 0x00007fc4b64f0000)
  from space 323392K,  14% used [0x00007fc4b64f0000, 0x00007fc4b9360730, 0x00007fc4ca0c0000)
  to   space 323392K,   0% used [0x00007fc4ca0c0000, 0x00007fc4ca0c0000, 0x00007fc4ddc90000)
 tenured generation   total 6468724K, used 6454092K [0x00007fc96db50000, 0x00007fcaf886d000, 0x00007fd418600000)
   the space 6468724K,  99% used [0x00007fc96db50000, 0x00007fcaf7a232f8, 0x00007fcaf7a23400, 0x00007fcaf886d000)
 Metaspace       used 24719K, capacity 25145K, committed 25344K, reserved 26624K
}
Event: 11678.178 GC heap before
{Heap before GC invocations=10670 (full 4):
 def new generation   total 2910976K, used 2635137K [0x00007fc418600000, 0x00007fc4ddc90000, 0x00007fc96db50000)
  eden space 2587584K, 100% used [0x00007fc418600000, 0x00007fc4b64f0000, 0x00007fc4b64f0000)
  from space 323392K,  14% used [0x00007fc4b64f0000, 0x00007fc4b9360730, 0x00007fc4ca0c0000)
  to   space 323392K,   0% used [0x00007fc4ca0c0000, 0x00007fc4ca0c0000, 0x00007fc4ddc90000)
 tenured generation   total 6468724K, used 6454092K [0x00007fc96db50000, 0x00007fcaf886d000, 0x00007fd418600000)
   the space 6468724K,  99% used [0x00007fc96db50000, 0x00007fcaf7a232f8, 0x00007fcaf7a23400, 0x00007fcaf886d000)
 Metaspace       used 24719K, capacity 25145K, committed 25344K, reserved 26624K
}
Event: 11678.322 GC heap after
{Heap after GC invocations=10671 (full 4):
 def new generation   total 2910976K, used 45329K [0x00007fc418600000, 0x00007fc4ddc90000, 0x00007fc96db50000)
  eden space 2587584K,   0% used [0x00007fc418600000, 0x00007fc418600000, 0x00007fc4b64f0000)
  from space 323392K,  14% used [0x00007fc4ca0c0000, 0x00007fc4ccd04570, 0x00007fc4ddc90000)
  to   space 323392K,   0% used [0x00007fc4b64f0000, 0x00007fc4b64f0000, 0x00007fc4ca0c0000)
 tenured generation   total 6468724K, used 6456325K [0x00007fc96db50000, 0x00007fcaf886d000, 0x00007fd418600000)
   the space 6468724K,  99% used [0x00007fc96db50000, 0x00007fcaf7c51488, 0x00007fcaf7c51600, 0x00007fcaf886d000)
 Metaspace       used 24719K, capacity 25145K, committed 25344K, reserved 26624K
}
Event: 11680.627 GC heap before
{Heap before GC invocations=10671 (full 4):
 def new generation   total 2910976K, used 2632913K [0x00007fc418600000, 0x00007fc4ddc90000, 0x00007fc96db50000)
  eden space 2587584K, 100% used [0x00007fc418600000, 0x00007fc4b64f0000, 0x00007fc4b64f0000)
  from space 323392K,  14% used [0x00007fc4ca0c0000, 0x00007fc4ccd04570, 0x00007fc4ddc90000)
  to   space 323392K,   0% used [0x00007fc4b64f0000, 0x00007fc4b64f0000, 0x00007fc4ca0c0000)
 tenured generation   total 6468724K, used 6456325K [0x00007fc96db50000, 0x00007fcaf886d000, 0x00007fd418600000)
   the space 6468724K,  99% used [0x00007fc96db50000, 0x00007fcaf7c51488, 0x00007fcaf7c51600, 0x00007fcaf886d000)
 Metaspace       used 24719K, capacity 25145K, committed 25344K, reserved 26624K
}
Event: 11680.762 GC heap after
{Heap after GC invocations=10672 (full 4):
 def new generation   total 2910976K, used 44137K [0x00007fc418600000, 0x00007fc4ddc90000, 0x00007fc96db50000)
  eden space 2587584K,   0% used [0x00007fc418600000, 0x00007fc418600000, 0x00007fc4b64f0000)
  from space 323392K,  13% used [0x00007fc4b64f0000, 0x00007fc4b900a7a0, 0x00007fc4ca0c0000)
  to   space 323392K,   0% used [0x00007fc4ca0c0000, 0x00007fc4ca0c0000, 0x00007fc4ddc90000)
 tenured generation   total 6468724K, used 6457525K [0x00007fc96db50000, 0x00007fcaf886d000, 0x00007fd418600000)
   the space 6468724K,  99% used [0x00007fc96db50000, 0x00007fcaf7d7d770, 0x00007fcaf7d7d800, 0x00007fcaf886d000)
 Metaspace       used 24719K, capacity 25145K, committed 25344K, reserved 26624K
}
Event: 11683.074 GC heap before
{Heap before GC invocations=10672 (full 4):
 def new generation   total 2910976K, used 2631721K [0x00007fc418600000, 0x00007fc4ddc90000, 0x00007fc96db50000)
  eden space 2587584K, 100% used [0x00007fc418600000, 0x00007fc4b64f0000, 0x00007fc4b64f0000)
  from space 323392K,  13% used [0x00007fc4b64f0000, 0x00007fc4b900a7a0, 0x00007fc4ca0c0000)
  to   space 323392K,   0% used [0x00007fc4ca0c0000, 0x00007fc4ca0c0000, 0x00007fc4ddc90000)
 tenured generation   total 6468724K, used 6457525K [0x00007fc96db50000, 0x00007fcaf886d000, 0x00007fd418600000)
   the space 6468724K,  99% used [0x00007fc96db50000, 0x00007fcaf7d7d770, 0x00007fcaf7d7d800, 0x00007fcaf886d000)
 Metaspace       used 24719K, capacity 25145K, committed 25344K, reserved 26624K
}
Event: 11683.213 GC heap after
{Heap after GC invocations=10673 (full 4):
 def new generation   total 2910976K, used 43176K [0x00007fc418600000, 0x00007fc4ddc90000, 0x00007fc96db50000)
  eden space 2587584K,   0% used [0x00007fc418600000, 0x00007fc418600000, 0x00007fc4b64f0000)
  from space 323392K,  13% used [0x00007fc4ca0c0000, 0x00007fc4ccaea308, 0x00007fc4ddc90000)
  to   space 323392K,   0% used [0x00007fc4b64f0000, 0x00007fc4b64f0000, 0x00007fc4ca0c0000)
 tenured generation   total 6468724K, used 6458495K [0x00007fc96db50000, 0x00007fcaf886d000, 0x00007fd418600000)
   the space 6468724K,  99% used [0x00007fc96db50000, 0x00007fcaf7e6ffb0, 0x00007fcaf7e70000, 0x00007fcaf886d000)
 Metaspace       used 24719K, capacity 25145K, committed 25344K, reserved 26624K
}
Event: 11685.602 GC heap before
{Heap before GC invocations=10673 (full 4):
 def new generation   total 2910976K, used 2630760K [0x00007fc418600000, 0x00007fc4ddc90000, 0x00007fc96db50000)
  eden space 2587584K, 100% used [0x00007fc418600000, 0x00007fc4b64f0000, 0x00007fc4b64f0000)
  from space 323392K,  13% used [0x00007fc4ca0c0000, 0x00007fc4ccaea308, 0x00007fc4ddc90000)
  to   space 323392K,   0% used [0x00007fc4b64f0000, 0x00007fc4b64f0000, 0x00007fc4ca0c0000)
 tenured generation   total 6468724K, used 6458495K [0x00007fc96db50000, 0x00007fcaf886d000, 0x00007fd418600000)
   the space 6468724K,  99% used [0x00007fc96db50000, 0x00007fcaf7e6ffb0, 0x00007fcaf7e70000, 0x00007fcaf886d000)
 Metaspace       used 24719K, capacity 25145K, committed 25344K, reserved 26624K
}
Event: 11685.733 GC heap after
{Heap after GC invocations=10674 (full 4):
 def new generation   total 2910976K, used 42165K [0x00007fc418600000, 0x00007fc4ddc90000, 0x00007fc96db50000)
  eden space 2587584K,   0% used [0x00007fc418600000, 0x00007fc418600000, 0x00007fc4b64f0000)
  from space 323392K,  13% used [0x00007fc4b64f0000, 0x00007fc4b8e1d408, 0x00007fc4ca0c0000)
  to   space 323392K,   0% used [0x00007fc4ca0c0000, 0x00007fc4ca0c0000, 0x00007fc4ddc90000)
 tenured generation   total 6468724K, used 6459516K [0x00007fc96db50000, 0x00007fcaf886d000, 0x00007fd418600000)
   the space 6468724K,  99% used [0x00007fc96db50000, 0x00007fcaf7f6f3d0, 0x00007fcaf7f6f400, 0x00007fcaf886d000)
 Metaspace       used 24719K, capacity 25145K, committed 25344K, reserved 26624K
}
Event: 11688.039 GC heap before
{Heap before GC invocations=10674 (full 4):
 def new generation   total 2910976K, used 2629749K [0x00007fc418600000, 0x00007fc4ddc90000, 0x00007fc96db50000)
  eden space 2587584K, 100% used [0x00007fc418600000, 0x00007fc4b64f0000, 0x00007fc4b64f0000)
  from space 323392K,  13% used [0x00007fc4b64f0000, 0x00007fc4b8e1d408, 0x00007fc4ca0c0000)
  to   space 323392K,   0% used [0x00007fc4ca0c0000, 0x00007fc4ca0c0000, 0x00007fc4ddc90000)
 tenured generation   total 6468724K, used 6459516K [0x00007fc96db50000, 0x00007fcaf886d000, 0x00007fd418600000)
   the space 6468724K,  99% used [0x00007fc96db50000, 0x00007fcaf7f6f3d0, 0x00007fcaf7f6f400, 0x00007fcaf886d000)
 Metaspace       used 24719K, capacity 25145K, committed 25344K, reserved 26624K
}
Event: 11688.168 GC heap after
{Heap after GC invocations=10675 (full 4):
 def new generation   total 2910976K, used 40511K [0x00007fc418600000, 0x00007fc4ddc90000, 0x00007fc96db50000)
  eden space 2587584K,   0% used [0x00007fc418600000, 0x00007fc418600000, 0x00007fc4b64f0000)
  from space 323392K,  12% used [0x00007fc4ca0c0000, 0x00007fc4cc84fc40, 0x00007fc4ddc90000)
  to   space 323392K,   0% used [0x00007fc4b64f0000, 0x00007fc4b64f0000, 0x00007fc4ca0c0000)
 tenured generation   total 6468724K, used 6461180K [0x00007fc96db50000, 0x00007fcaf886d000, 0x00007fd418600000)
   the space 6468724K,  99% used [0x00007fc96db50000, 0x00007fcaf810f0a0, 0x00007fcaf810f200, 0x00007fcaf886d000)
 Metaspace       used 24719K, capacity 25145K, committed 25344K, reserved 26624K
}
Event: 11690.480 GC heap before
{Heap before GC invocations=10675 (full 4):
 def new generation   total 2910976K, used 2628095K [0x00007fc418600000, 0x00007fc4ddc90000, 0x00007fc96db50000)
  eden space 2587584K, 100% used [0x00007fc418600000, 0x00007fc4b64f0000, 0x00007fc4b64f0000)
  from space 323392K,  12% used [0x00007fc4ca0c0000, 0x00007fc4cc84fc40, 0x00007fc4ddc90000)
  to   space 323392K,   0% used [0x00007fc4b64f0000, 0x00007fc4b64f0000, 0x00007fc4ca0c0000)
 tenured generation   total 6468724K, used 6461180K [0x00007fc96db50000, 0x00007fcaf886d000, 0x00007fd418600000)
   the space 6468724K,  99% used [0x00007fc96db50000, 0x00007fcaf810f0a0, 0x00007fcaf810f200, 0x00007fcaf886d000)
 Metaspace       used 24719K, capacity 25145K, committed 25344K, reserved 26624K
}
Event: 11690.600 GC heap after
{Heap after GC invocations=10676 (full 4):
 def new generation   total 2910976K, used 38260K [0x00007fc418600000, 0x00007fc4ddc90000, 0x00007fc96db50000)
  eden space 2587584K,   0% used [0x00007fc418600000, 0x00007fc418600000, 0x00007fc4b64f0000)
  from space 323392K,  11% used [0x00007fc4b64f0000, 0x00007fc4b8a4d228, 0x00007fc4ca0c0000)
  to   space 323392K,   0% used [0x00007fc4ca0c0000, 0x00007fc4ca0c0000, 0x00007fc4ddc90000)
 tenured generation   total 6468724K, used 6463438K [0x00007fc96db50000, 0x00007fcaf886d000, 0x00007fd418600000)
   the space 6468724K,  99% used [0x00007fc96db50000, 0x00007fcaf83439d0, 0x00007fcaf8343a00, 0x00007fcaf886d000)
 Metaspace       used 24719K, capacity 25145K, committed 25344K, reserved 26624K
}
Event: 11692.911 GC heap before
{Heap before GC invocations=10676 (full 4):
 def new generation   total 2910976K, used 2625844K [0x00007fc418600000, 0x00007fc4ddc90000, 0x00007fc96db50000)
  eden space 2587584K, 100% used [0x00007fc418600000, 0x00007fc4b64f0000, 0x00007fc4b64f0000)
  from space 323392K,  11% used [0x00007fc4b64f0000, 0x00007fc4b8a4d228, 0x00007fc4ca0c0000)
  to   space 323392K,   0% used [0x00007fc4ca0c0000, 0x00007fc4ca0c0000, 0x00007fc4ddc90000)
 tenured generation   total 6468724K, used 6463438K [0x00007fc96db50000, 0x00007fcaf886d000, 0x00007fd418600000)
   the space 6468724K,  99% used [0x00007fc96db50000, 0x00007fcaf83439d0, 0x00007fcaf8343a00, 0x00007fcaf886d000)
 Metaspace       used 24719K, capacity 25145K, committed 25344K, reserved 26624K
}
Event: 11693.058 GC heap after
{Heap after GC invocations=10677 (full 4):
 def new generation   total 2910976K, used 140K [0x00007fc418600000, 0x00007fc4ddc90000, 0x00007fc96db50000)
  eden space 2587584K,   0% used [0x00007fc418600000, 0x00007fc418600000, 0x00007fc4b64f0000)
  from space 323392K,   0% used [0x00007fc4ca0c0000, 0x00007fc4ca0e33c0, 0x00007fc4ddc90000)
  to   space 323392K,   0% used [0x00007fc4b64f0000, 0x00007fc4b64f0000, 0x00007fc4ca0c0000)
 tenured generation   total 6501748K, used 6501567K [0x00007fc96db50000, 0x00007fcafa8ad000, 0x00007fd418600000)
   the space 6501748K,  99% used [0x00007fc96db50000, 0x00007fcafa87fc48, 0x00007fcafa87fe00, 0x00007fcafa8ad000)
 Metaspace       used 24719K, capacity 25145K, committed 25344K, reserved 26624K
}
Event: 11693.058 GC heap before
{Heap before GC invocations=10677 (full 4):
 def new generation   total 2910976K, used 140K [0x00007fc418600000, 0x00007fc4ddc90000, 0x00007fc96db50000)
  eden space 2587584K,   0% used [0x00007fc418600000, 0x00007fc418600000, 0x00007fc4b64f0000)
  from space 323392K,   0% used [0x00007fc4ca0c0000, 0x00007fc4ca0e33c0, 0x00007fc4ddc90000)
  to   space 323392K,   0% used [0x00007fc4b64f0000, 0x00007fc4b64f0000, 0x00007fc4ca0c0000)
 tenured generation   total 6501748K, used 6501567K [0x00007fc96db50000, 0x00007fcafa8ad000, 0x00007fd418600000)
   the space 6501748K,  99% used [0x00007fc96db50000, 0x00007fcafa87fc48, 0x00007fcafa87fe00, 0x00007fcafa8ad000)
 Metaspace       used 24719K, capacity 25145K, committed 25344K, reserved 26624K
}

