# JRE version: OpenJDK Runtime Environment (13.0.7+5) (build 13.0.7+5-Ubuntu-0ubuntu120.04)
# Java VM: OpenJDK 64-Bit Server VM (13.0.7+5-Ubuntu-0ubuntu120.04, mixed mode, tiered, serial gc, linux-amd64)
Heap:
 def new generation   total 3085824K, used 0K [0x00007ef870600000, 0x00007ef941a50000, 0x00007efdc5b50000)
  eden space 2742976K,   0% used [0x00007ef870600000, 0x00007ef870600000, 0x00007ef917cb0000)
  from space 342848K,   0% used [0x00007ef92cb80000, 0x00007ef92cb80000, 0x00007ef941a50000)
  to   space 342848K,   0% used [0x00007ef917cb0000, 0x00007ef917cb0000, 0x00007ef92cb80000)
 tenured generation   total 7119532K, used 6956535K [0x00007efdc5b50000, 0x00007eff783fb000, 0x00007f0870600000)
   the space 7119532K,  97% used [0x00007efdc5b50000, 0x00007eff6e4cdc08, 0x00007eff6e4cde00, 0x00007eff783fb000)
 Metaspace       used 30554K, capacity 30976K, committed 31232K, reserved 32768K
GC Heap History (20 events):
Event: 78.208 GC heap after
{Heap after GC invocations=38 (full 3):
 def new generation   total 1842880K, used 204735K [0x00007ef870600000, 0x00007ef8ed5a0000, 0x00007efdc5b50000)
  eden space 1638144K,   0% used [0x00007ef870600000, 0x00007ef870600000, 0x00007ef8d45c0000)
  from space 204736K,  99% used [0x00007ef8e0db0000, 0x00007ef8ed59fff8, 0x00007ef8ed5a0000)
  to   space 204736K,   0% used [0x00007ef8d45c0000, 0x00007ef8d45c0000, 0x00007ef8e0db0000)
 tenured generation   total 4095140K, used 3217098K [0x00007efdc5b50000, 0x00007efebfa79000, 0x00007f0870600000)
   the space 4095140K,  78% used [0x00007efdc5b50000, 0x00007efe8a1029a0, 0x00007efe8a102a00, 0x00007efebfa79000)
 Metaspace       used 30554K, capacity 30976K, committed 31232K, reserved 32768K
}
Event: 78.884 GC heap before
{Heap before GC invocations=38 (full 3):
 def new generation   total 1842880K, used 1842879K [0x00007ef870600000, 0x00007ef8ed5a0000, 0x00007efdc5b50000)
  eden space 1638144K, 100% used [0x00007ef870600000, 0x00007ef8d45c0000, 0x00007ef8d45c0000)
  from space 204736K,  99% used [0x00007ef8e0db0000, 0x00007ef8ed59fff8, 0x00007ef8ed5a0000)
  to   space 204736K,   0% used [0x00007ef8d45c0000, 0x00007ef8d45c0000, 0x00007ef8e0db0000)
 tenured generation   total 4095140K, used 3217098K [0x00007efdc5b50000, 0x00007efebfa79000, 0x00007f0870600000)
   the space 4095140K,  78% used [0x00007efdc5b50000, 0x00007efe8a1029a0, 0x00007efe8a102a00, 0x00007efebfa79000)
 Metaspace       used 30554K, capacity 30976K, committed 31232K, reserved 32768K
}
Event: 81.638 GC heap after
{Heap after GC invocations=39 (full 3):
 def new generation   total 1842880K, used 204735K [0x00007ef870600000, 0x00007ef8ed5a0000, 0x00007efdc5b50000)
  eden space 1638144K,   0% used [0x00007ef870600000, 0x00007ef870600000, 0x00007ef8d45c0000)
  from space 204736K,  99% used [0x00007ef8d45c0000, 0x00007ef8e0dafff8, 0x00007ef8e0db0000)
  to   space 204736K,   0% used [0x00007ef8e0db0000, 0x00007ef8e0db0000, 0x00007ef8ed5a0000)
 tenured generation   total 4095140K, used 3528367K [0x00007efdc5b50000, 0x00007efebfa79000, 0x00007f0870600000)
   the space 4095140K,  86% used [0x00007efdc5b50000, 0x00007efe9d0fbf70, 0x00007efe9d0fc000, 0x00007efebfa79000)
 Metaspace       used 30554K, capacity 30976K, committed 31232K, reserved 32768K
}
Event: 82.269 GC heap before
{Heap before GC invocations=39 (full 3):
 def new generation   total 1842880K, used 1842879K [0x00007ef870600000, 0x00007ef8ed5a0000, 0x00007efdc5b50000)
  eden space 1638144K, 100% used [0x00007ef870600000, 0x00007ef8d45c0000, 0x00007ef8d45c0000)
  from space 204736K,  99% used [0x00007ef8d45c0000, 0x00007ef8e0dafff8, 0x00007ef8e0db0000)
  to   space 204736K,   0% used [0x00007ef8e0db0000, 0x00007ef8e0db0000, 0x00007ef8ed5a0000)
 tenured generation   total 4095140K, used 3528367K [0x00007efdc5b50000, 0x00007efebfa79000, 0x00007f0870600000)
   the space 4095140K,  86% used [0x00007efdc5b50000, 0x00007efe9d0fbf70, 0x00007efe9d0fc000, 0x00007efebfa79000)
 Metaspace       used 30554K, capacity 30976K, committed 31232K, reserved 32768K
}
Event: 83.347 GC heap after
{Heap after GC invocations=40 (full 3):
 def new generation   total 1842880K, used 204736K [0x00007ef870600000, 0x00007ef8ed5a0000, 0x00007efdc5b50000)
  eden space 1638144K,   0% used [0x00007ef870600000, 0x00007ef870600000, 0x00007ef8d45c0000)
  from space 204736K, 100% used [0x00007ef8e0db0000, 0x00007ef8ed5a0000, 0x00007ef8ed5a0000)
  to   space 204736K,   0% used [0x00007ef8d45c0000, 0x00007ef8d45c0000, 0x00007ef8e0db0000)
 tenured generation   total 4095140K, used 3819877K [0x00007efdc5b50000, 0x00007efebfa79000, 0x00007f0870600000)
   the space 4095140K,  93% used [0x00007efdc5b50000, 0x00007efeaeda9528, 0x00007efeaeda9600, 0x00007efebfa79000)
 Metaspace       used 30554K, capacity 30976K, committed 31232K, reserved 32768K
}
Event: 84.048 GC heap before
{Heap before GC invocations=40 (full 3):
 def new generation   total 1842880K, used 1842880K [0x00007ef870600000, 0x00007ef8ed5a0000, 0x00007efdc5b50000)
  eden space 1638144K, 100% used [0x00007ef870600000, 0x00007ef8d45c0000, 0x00007ef8d45c0000)
  from space 204736K, 100% used [0x00007ef8e0db0000, 0x00007ef8ed5a0000, 0x00007ef8ed5a0000)
  to   space 204736K,   0% used [0x00007ef8d45c0000, 0x00007ef8d45c0000, 0x00007ef8e0db0000)
 tenured generation   total 4095140K, used 3819877K [0x00007efdc5b50000, 0x00007efebfa79000, 0x00007f0870600000)
   the space 4095140K,  93% used [0x00007efdc5b50000, 0x00007efeaeda9528, 0x00007efeaeda9600, 0x00007efebfa79000)
 Metaspace       used 30554K, capacity 30976K, committed 31232K, reserved 32768K
}
Event: 85.238 GC heap after
{Heap after GC invocations=41 (full 3):
 def new generation   total 1842880K, used 204736K [0x00007ef870600000, 0x00007ef8ed5a0000, 0x00007efdc5b50000)
  eden space 1638144K,   0% used [0x00007ef870600000, 0x00007ef870600000, 0x00007ef8d45c0000)
  from space 204736K, 100% used [0x00007ef8d45c0000, 0x00007ef8e0db0000, 0x00007ef8e0db0000)
  to   space 204736K,   0% used [0x00007ef8e0db0000, 0x00007ef8e0db0000, 0x00007ef8ed5a0000)
 tenured generation   total 4123940K, used 4123780K [0x00007efdc5b50000, 0x00007efec1699000, 0x00007f0870600000)
   the space 4123940K,  99% used [0x00007efdc5b50000, 0x00007efec1671398, 0x00007efec1671400, 0x00007efec1699000)
 Metaspace       used 30554K, capacity 30976K, committed 31232K, reserved 32768K
}
Event: 85.238 GC heap before
{Heap before GC invocations=41 (full 3):
 def new generation   total 1842880K, used 204736K [0x00007ef870600000, 0x00007ef8ed5a0000, 0x00007efdc5b50000)
  eden space 1638144K,   0% used [0x00007ef870600000, 0x00007ef870600000, 0x00007ef8d45c0000)
  from space 204736K, 100% used [0x00007ef8d45c0000, 0x00007ef8e0db0000, 0x00007ef8e0db0000)
  to   space 204736K,   0% used [0x00007ef8e0db0000, 0x00007ef8e0db0000, 0x00007ef8ed5a0000)
 tenured generation   total 4123940K, used 4123780K [0x00007efdc5b50000, 0x00007efec1699000, 0x00007f0870600000)
   the space 4123940K,  99% used [0x00007efdc5b50000, 0x00007efec1671398, 0x00007efec1671400, 0x00007efec1699000)
 Metaspace       used 30554K, capacity 30976K, committed 31232K, reserved 32768K
}
Event: 99.404 GC heap after
{Heap after GC invocations=41 (full 4):
 def new generation   total 3085824K, used 0K [0x00007ef870600000, 0x00007ef941a50000, 0x00007efdc5b50000)
  eden space 2742976K,   0% used [0x00007ef870600000, 0x00007ef870600000, 0x00007ef917cb0000)
  from space 342848K,   0% used [0x00007ef917cb0000, 0x00007ef917cb0000, 0x00007ef92cb80000)
  to   space 342848K,   0% used [0x00007ef92cb80000, 0x00007ef92cb80000, 0x00007ef941a50000)
 tenured generation   total 6857260K, used 4114355K [0x00007efdc5b50000, 0x00007eff683db000, 0x00007f0870600000)
   the space 6857260K,  59% used [0x00007efdc5b50000, 0x00007efec0d3cfd0, 0x00007efec0d3d000, 0x00007eff683db000)
 Metaspace       used 30554K, capacity 30976K, committed 31232K, reserved 32768K
}
Event: 100.902 GC heap before
{Heap before GC invocations=41 (full 4):
 def new generation   total 3085824K, used 2742976K [0x00007ef870600000, 0x00007ef941a50000, 0x00007efdc5b50000)
  eden space 2742976K, 100% used [0x00007ef870600000, 0x00007ef917cb0000, 0x00007ef917cb0000)
  from space 342848K,   0% used [0x00007ef917cb0000, 0x00007ef917cb0000, 0x00007ef92cb80000)
  to   space 342848K,   0% used [0x00007ef92cb80000, 0x00007ef92cb80000, 0x00007ef941a50000)
 tenured generation   total 6857260K, used 4114355K [0x00007efdc5b50000, 0x00007eff683db000, 0x00007f0870600000)
   the space 6857260K,  59% used [0x00007efdc5b50000, 0x00007efec0d3cfd0, 0x00007efec0d3d000, 0x00007eff683db000)
 Metaspace       used 30554K, capacity 30976K, committed 31232K, reserved 32768K
}
Event: 104.208 GC heap after
{Heap after GC invocations=42 (full 4):
 def new generation   total 3085824K, used 342848K [0x00007ef870600000, 0x00007ef941a50000, 0x00007efdc5b50000)
  eden space 2742976K,   0% used [0x00007ef870600000, 0x00007ef870600000, 0x00007ef917cb0000)
  from space 342848K, 100% used [0x00007ef92cb80000, 0x00007ef941a50000, 0x00007ef941a50000)
  to   space 342848K,   0% used [0x00007ef917cb0000, 0x00007ef917cb0000, 0x00007ef92cb80000)
 tenured generation   total 6857260K, used 4214068K [0x00007efdc5b50000, 0x00007eff683db000, 0x00007f0870600000)
   the space 6857260K,  61% used [0x00007efdc5b50000, 0x00007efec6e9d100, 0x00007efec6e9d200, 0x00007eff683db000)
 Metaspace       used 30554K, capacity 30976K, committed 31232K, reserved 32768K
}
Event: 157.203 GC heap before
{Heap before GC invocations=42 (full 4):
 def new generation   total 3085824K, used 3085824K [0x00007ef870600000, 0x00007ef941a50000, 0x00007efdc5b50000)
  eden space 2742976K, 100% used [0x00007ef870600000, 0x00007ef917cb0000, 0x00007ef917cb0000)
  from space 342848K, 100% used [0x00007ef92cb80000, 0x00007ef941a50000, 0x00007ef941a50000)
  to   space 342848K,   0% used [0x00007ef917cb0000, 0x00007ef917cb0000, 0x00007ef92cb80000)
 tenured generation   total 6857260K, used 4214068K [0x00007efdc5b50000, 0x00007eff683db000, 0x00007f0870600000)
   the space 6857260K,  61% used [0x00007efdc5b50000, 0x00007efec6e9d100, 0x00007efec6e9d200, 0x00007eff683db000)
 Metaspace       used 30554K, capacity 30976K, committed 31232K, reserved 32768K
}
Event: 162.936 GC heap after
{Heap after GC invocations=43 (full 4):
 def new generation   total 3085824K, used 342847K [0x00007ef870600000, 0x00007ef941a50000, 0x00007efdc5b50000)
  eden space 2742976K,   0% used [0x00007ef870600000, 0x00007ef870600000, 0x00007ef917cb0000)
  from space 342848K,  99% used [0x00007ef917cb0000, 0x00007ef92cb7fff8, 0x00007ef92cb80000)
  to   space 342848K,   0% used [0x00007ef92cb80000, 0x00007ef92cb80000, 0x00007ef941a50000)
 tenured generation   total 6857260K, used 5413079K [0x00007efdc5b50000, 0x00007eff683db000, 0x00007f0870600000)
   the space 6857260K,  78% used [0x00007efdc5b50000, 0x00007eff10185d18, 0x00007eff10185e00, 0x00007eff683db000)
 Metaspace       used 30554K, capacity 30976K, committed 31232K, reserved 32768K
}
Event: 167.697 GC heap before
{Heap before GC invocations=43 (full 4):
 def new generation   total 3085824K, used 3085823K [0x00007ef870600000, 0x00007ef941a50000, 0x00007efdc5b50000)
  eden space 2742976K, 100% used [0x00007ef870600000, 0x00007ef917cb0000, 0x00007ef917cb0000)
  from space 342848K,  99% used [0x00007ef917cb0000, 0x00007ef92cb7fff8, 0x00007ef92cb80000)
  to   space 342848K,   0% used [0x00007ef92cb80000, 0x00007ef92cb80000, 0x00007ef941a50000)
 tenured generation   total 6857260K, used 5413079K [0x00007efdc5b50000, 0x00007eff683db000, 0x00007f0870600000)
   the space 6857260K,  78% used [0x00007efdc5b50000, 0x00007eff10185d18, 0x00007eff10185e00, 0x00007eff683db000)
 Metaspace       used 30554K, capacity 30976K, committed 31232K, reserved 32768K
}
Event: 169.177 GC heap after
{Heap after GC invocations=44 (full 4):
 def new generation   total 3085824K, used 342847K [0x00007ef870600000, 0x00007ef941a50000, 0x00007efdc5b50000)
  eden space 2742976K,   0% used [0x00007ef870600000, 0x00007ef870600000, 0x00007ef917cb0000)
  from space 342848K,  99% used [0x00007ef92cb80000, 0x00007ef941a4fff0, 0x00007ef941a50000)
  to   space 342848K,   0% used [0x00007ef917cb0000, 0x00007ef917cb0000, 0x00007ef92cb80000)
 tenured generation   total 6857260K, used 5990541K [0x00007efdc5b50000, 0x00007eff683db000, 0x00007f0870600000)
   the space 6857260K,  87% used [0x00007efdc5b50000, 0x00007eff335737d0, 0x00007eff33573800, 0x00007eff683db000)
 Metaspace       used 30554K, capacity 30976K, committed 31232K, reserved 32768K
}
Event: 174.574 GC heap before
{Heap before GC invocations=44 (full 4):
 def new generation   total 3085824K, used 3085823K [0x00007ef870600000, 0x00007ef941a50000, 0x00007efdc5b50000)
  eden space 2742976K, 100% used [0x00007ef870600000, 0x00007ef917cb0000, 0x00007ef917cb0000)
  from space 342848K,  99% used [0x00007ef92cb80000, 0x00007ef941a4fff0, 0x00007ef941a50000)
  to   space 342848K,   0% used [0x00007ef917cb0000, 0x00007ef917cb0000, 0x00007ef92cb80000)
 tenured generation   total 6857260K, used 5990541K [0x00007efdc5b50000, 0x00007eff683db000, 0x00007f0870600000)
   the space 6857260K,  87% used [0x00007efdc5b50000, 0x00007eff335737d0, 0x00007eff33573800, 0x00007eff683db000)
 Metaspace       used 30554K, capacity 30976K, committed 31232K, reserved 32768K
}
Event: 176.542 GC heap after
{Heap after GC invocations=45 (full 4):
 def new generation   total 3085824K, used 342847K [0x00007ef870600000, 0x00007ef941a50000, 0x00007efdc5b50000)
  eden space 2742976K,   0% used [0x00007ef870600000, 0x00007ef870600000, 0x00007ef917cb0000)
  from space 342848K,  99% used [0x00007ef917cb0000, 0x00007ef92cb7fff0, 0x00007ef92cb80000)
  to   space 342848K,   0% used [0x00007ef92cb80000, 0x00007ef92cb80000, 0x00007ef941a50000)
 tenured generation   total 6857260K, used 6568004K [0x00007efdc5b50000, 0x00007eff683db000, 0x00007f0870600000)
   the space 6857260K,  95% used [0x00007efdc5b50000, 0x00007eff569611b0, 0x00007eff56961200, 0x00007eff683db000)
 Metaspace       used 30554K, capacity 30976K, committed 31232K, reserved 32768K
}
Event: 180.406 GC heap before
{Heap before GC invocations=45 (full 4):
 def new generation   total 3085824K, used 3085823K [0x00007ef870600000, 0x00007ef941a50000, 0x00007efdc5b50000)
  eden space 2742976K, 100% used [0x00007ef870600000, 0x00007ef917cb0000, 0x00007ef917cb0000)
  from space 342848K,  99% used [0x00007ef917cb0000, 0x00007ef92cb7fff0, 0x00007ef92cb80000)
  to   space 342848K,   0% used [0x00007ef92cb80000, 0x00007ef92cb80000, 0x00007ef941a50000)
 tenured generation   total 6857260K, used 6568004K [0x00007efdc5b50000, 0x00007eff683db000, 0x00007f0870600000)
   the space 6857260K,  95% used [0x00007efdc5b50000, 0x00007eff569611b0, 0x00007eff56961200, 0x00007eff683db000)
 Metaspace       used 30554K, capacity 30976K, committed 31232K, reserved 32768K
}
Event: 186.492 GC heap after
{Heap after GC invocations=46 (full 4):
 def new generation   total 3085824K, used 342847K [0x00007ef870600000, 0x00007ef941a50000, 0x00007efdc5b50000)
  eden space 2742976K,   0% used [0x00007ef870600000, 0x00007ef870600000, 0x00007ef917cb0000)
  from space 342848K,  99% used [0x00007ef92cb80000, 0x00007ef941a4fff8, 0x00007ef941a50000)
  to   space 342848K,   0% used [0x00007ef917cb0000, 0x00007ef917cb0000, 0x00007ef92cb80000)
 tenured generation   total 7119532K, used 7119492K [0x00007efdc5b50000, 0x00007eff783fb000, 0x00007f0870600000)
   the space 7119532K,  99% used [0x00007efdc5b50000, 0x00007eff783f12f0, 0x00007eff783f1400, 0x00007eff783fb000)
 Metaspace       used 30554K, capacity 30976K, committed 31232K, reserved 32768K
}
Event: 186.492 GC heap before
{Heap before GC invocations=46 (full 4):
 def new generation   total 3085824K, used 342847K [0x00007ef870600000, 0x00007ef941a50000, 0x00007efdc5b50000)
  eden space 2742976K,   0% used [0x00007ef870600000, 0x00007ef870600000, 0x00007ef917cb0000)
  from space 342848K,  99% used [0x00007ef92cb80000, 0x00007ef941a4fff8, 0x00007ef941a50000)
  to   space 342848K,   0% used [0x00007ef917cb0000, 0x00007ef917cb0000, 0x00007ef92cb80000)
 tenured generation   total 7119532K, used 7119492K [0x00007efdc5b50000, 0x00007eff783fb000, 0x00007f0870600000)
   the space 7119532K,  99% used [0x00007efdc5b50000, 0x00007eff783f12f0, 0x00007eff783f1400, 0x00007eff783fb000)
 Metaspace       used 30554K, capacity 30976K, committed 31232K, reserved 32768K
}

