# JRE version: OpenJDK Runtime Environment (13.0.7+5) (build 13.0.7+5-Ubuntu-0ubuntu120.04)
# Java VM: OpenJDK 64-Bit Server VM (13.0.7+5-Ubuntu-0ubuntu120.04, mixed mode, tiered, serial gc, linux-amd64)
Heap:
 def new generation   total 2793664K, used 87857K [0x00007fd4e0600000, 0x00007fd59dd50000, 0x00007fdf8b0a0000)
  eden space 2483264K,   3% used [0x00007fd4e0600000, 0x00007fd4e5bcc588, 0x00007fd577f10000)
  from space 310400K,   0% used [0x00007fd577f10000, 0x00007fd577f10000, 0x00007fd58ae30000)
  to   space 310400K,   0% used [0x00007fd58ae30000, 0x00007fd58ae30000, 0x00007fd59dd50000)
 tenured generation   total 6224428K, used 6223091K [0x00007fdf8b0a0000, 0x00007fe106f2b000, 0x00007ff4e0600000)
   the space 6224428K,  99% used [0x00007fdf8b0a0000, 0x00007fe106ddcd50, 0x00007fe106ddce00, 0x00007fe106f2b000)
 Metaspace       used 24244K, capacity 24632K, committed 24832K, reserved 26624K
GC Heap History (20 events):
Event: 2909.511 GC heap after
{Heap after GC invocations=2488 (full 6):
 def new generation   total 2793664K, used 101754K [0x00007fd4e0600000, 0x00007fd59dd50000, 0x00007fdf8b0a0000)
  eden space 2483264K,   0% used [0x00007fd4e0600000, 0x00007fd4e0600000, 0x00007fd577f10000)
  from space 310400K,  32% used [0x00007fd58ae30000, 0x00007fd59118e960, 0x00007fd59dd50000)
  to   space 310400K,   0% used [0x00007fd577f10000, 0x00007fd577f10000, 0x00007fd58ae30000)
 tenured generation   total 6208040K, used 6163444K [0x00007fdf8b0a0000, 0x00007fe105f2a000, 0x00007ff4e0600000)
   the space 6208040K,  99% used [0x00007fdf8b0a0000, 0x00007fe10339d268, 0x00007fe10339d400, 0x00007fe105f2a000)
 Metaspace       used 24244K, capacity 24632K, committed 24832K, reserved 26624K
}
Event: 2911.246 GC heap before
{Heap before GC invocations=2488 (full 6):
 def new generation   total 2793664K, used 2580566K [0x00007fd4e0600000, 0x00007fd59dd50000, 0x00007fdf8b0a0000)
  eden space 2483264K,  99% used [0x00007fd4e0600000, 0x00007fd577ab7138, 0x00007fd577f10000)
  from space 310400K,  32% used [0x00007fd58ae30000, 0x00007fd59118e960, 0x00007fd59dd50000)
  to   space 310400K,   0% used [0x00007fd577f10000, 0x00007fd577f10000, 0x00007fd58ae30000)
 tenured generation   total 6208040K, used 6163444K [0x00007fdf8b0a0000, 0x00007fe105f2a000, 0x00007ff4e0600000)
   the space 6208040K,  99% used [0x00007fdf8b0a0000, 0x00007fe10339d268, 0x00007fe10339d400, 0x00007fe105f2a000)
 Metaspace       used 24244K, capacity 24632K, committed 24832K, reserved 26624K
}
Event: 2911.320 GC heap after
{Heap after GC invocations=2489 (full 6):
 def new generation   total 2793664K, used 120768K [0x00007fd4e0600000, 0x00007fd59dd50000, 0x00007fdf8b0a0000)
  eden space 2483264K,   0% used [0x00007fd4e0600000, 0x00007fd4e0600000, 0x00007fd577f10000)
  from space 310400K,  38% used [0x00007fd577f10000, 0x00007fd57f500360, 0x00007fd58ae30000)
  to   space 310400K,   0% used [0x00007fd58ae30000, 0x00007fd58ae30000, 0x00007fd59dd50000)
 tenured generation   total 6208040K, used 6163444K [0x00007fdf8b0a0000, 0x00007fe105f2a000, 0x00007ff4e0600000)
   the space 6208040K,  99% used [0x00007fdf8b0a0000, 0x00007fe10339d268, 0x00007fe10339d400, 0x00007fe105f2a000)
 Metaspace       used 24244K, capacity 24632K, committed 24832K, reserved 26624K
}
Event: 2913.437 GC heap before
{Heap before GC invocations=2489 (full 6):
 def new generation   total 2793664K, used 2604032K [0x00007fd4e0600000, 0x00007fd59dd50000, 0x00007fdf8b0a0000)
  eden space 2483264K, 100% used [0x00007fd4e0600000, 0x00007fd577f10000, 0x00007fd577f10000)
  from space 310400K,  38% used [0x00007fd577f10000, 0x00007fd57f500360, 0x00007fd58ae30000)
  to   space 310400K,   0% used [0x00007fd58ae30000, 0x00007fd58ae30000, 0x00007fd59dd50000)
 tenured generation   total 6208040K, used 6163444K [0x00007fdf8b0a0000, 0x00007fe105f2a000, 0x00007ff4e0600000)
   the space 6208040K,  99% used [0x00007fdf8b0a0000, 0x00007fe10339d268, 0x00007fe10339d400, 0x00007fe105f2a000)
 Metaspace       used 24244K, capacity 24632K, committed 24832K, reserved 26624K
}
Event: 2913.527 GC heap after
{Heap after GC invocations=2490 (full 6):
 def new generation   total 2793664K, used 112053K [0x00007fd4e0600000, 0x00007fd59dd50000, 0x00007fdf8b0a0000)
  eden space 2483264K,   0% used [0x00007fd4e0600000, 0x00007fd4e0600000, 0x00007fd577f10000)
  from space 310400K,  36% used [0x00007fd58ae30000, 0x00007fd591b9d650, 0x00007fd59dd50000)
  to   space 310400K,   0% used [0x00007fd577f10000, 0x00007fd577f10000, 0x00007fd58ae30000)
 tenured generation   total 6208040K, used 6163444K [0x00007fdf8b0a0000, 0x00007fe105f2a000, 0x00007ff4e0600000)
   the space 6208040K,  99% used [0x00007fdf8b0a0000, 0x00007fe10339d268, 0x00007fe10339d400, 0x00007fe105f2a000)
 Metaspace       used 24244K, capacity 24632K, committed 24832K, reserved 26624K
}
Event: 2915.489 GC heap before
{Heap before GC invocations=2490 (full 6):
 def new generation   total 2793664K, used 2595317K [0x00007fd4e0600000, 0x00007fd59dd50000, 0x00007fdf8b0a0000)
  eden space 2483264K, 100% used [0x00007fd4e0600000, 0x00007fd577f10000, 0x00007fd577f10000)
  from space 310400K,  36% used [0x00007fd58ae30000, 0x00007fd591b9d650, 0x00007fd59dd50000)
  to   space 310400K,   0% used [0x00007fd577f10000, 0x00007fd577f10000, 0x00007fd58ae30000)
 tenured generation   total 6208040K, used 6163444K [0x00007fdf8b0a0000, 0x00007fe105f2a000, 0x00007ff4e0600000)
   the space 6208040K,  99% used [0x00007fdf8b0a0000, 0x00007fe10339d268, 0x00007fe10339d400, 0x00007fe105f2a000)
 Metaspace       used 24244K, capacity 24632K, committed 24832K, reserved 26624K
}
Event: 2915.583 GC heap after
{Heap after GC invocations=2491 (full 6):
 def new generation   total 2793664K, used 101764K [0x00007fd4e0600000, 0x00007fd59dd50000, 0x00007fdf8b0a0000)
  eden space 2483264K,   0% used [0x00007fd4e0600000, 0x00007fd4e0600000, 0x00007fd577f10000)
  from space 310400K,  32% used [0x00007fd577f10000, 0x00007fd57e271260, 0x00007fd58ae30000)
  to   space 310400K,   0% used [0x00007fd58ae30000, 0x00007fd58ae30000, 0x00007fd59dd50000)
 tenured generation   total 6208040K, used 6180404K [0x00007fdf8b0a0000, 0x00007fe105f2a000, 0x00007ff4e0600000)
   the space 6208040K,  99% used [0x00007fdf8b0a0000, 0x00007fe10442d260, 0x00007fe10442d400, 0x00007fe105f2a000)
 Metaspace       used 24244K, capacity 24632K, committed 24832K, reserved 26624K
}
Event: 2917.289 GC heap before
{Heap before GC invocations=2491 (full 6):
 def new generation   total 2793664K, used 2585028K [0x00007fd4e0600000, 0x00007fd59dd50000, 0x00007fdf8b0a0000)
  eden space 2483264K, 100% used [0x00007fd4e0600000, 0x00007fd577f10000, 0x00007fd577f10000)
  from space 310400K,  32% used [0x00007fd577f10000, 0x00007fd57e271260, 0x00007fd58ae30000)
  to   space 310400K,   0% used [0x00007fd58ae30000, 0x00007fd58ae30000, 0x00007fd59dd50000)
 tenured generation   total 6208040K, used 6180404K [0x00007fdf8b0a0000, 0x00007fe105f2a000, 0x00007ff4e0600000)
   the space 6208040K,  99% used [0x00007fdf8b0a0000, 0x00007fe10442d260, 0x00007fe10442d400, 0x00007fe105f2a000)
 Metaspace       used 24244K, capacity 24632K, committed 24832K, reserved 26624K
}
Event: 2917.369 GC heap after
{Heap after GC invocations=2492 (full 6):
 def new generation   total 2793664K, used 101764K [0x00007fd4e0600000, 0x00007fd59dd50000, 0x00007fdf8b0a0000)
  eden space 2483264K,   0% used [0x00007fd4e0600000, 0x00007fd4e0600000, 0x00007fd577f10000)
  from space 310400K,  32% used [0x00007fd58ae30000, 0x00007fd5911910f8, 0x00007fd59dd50000)
  to   space 310400K,   0% used [0x00007fd577f10000, 0x00007fd577f10000, 0x00007fd58ae30000)
 tenured generation   total 6208040K, used 6180404K [0x00007fdf8b0a0000, 0x00007fe105f2a000, 0x00007ff4e0600000)
   the space 6208040K,  99% used [0x00007fdf8b0a0000, 0x00007fe10442d260, 0x00007fe10442d400, 0x00007fe105f2a000)
 Metaspace       used 24244K, capacity 24632K, committed 24832K, reserved 26624K
}
Event: 2919.270 GC heap before
{Heap before GC invocations=2492 (full 6):
 def new generation   total 2793664K, used 2585028K [0x00007fd4e0600000, 0x00007fd59dd50000, 0x00007fdf8b0a0000)
  eden space 2483264K, 100% used [0x00007fd4e0600000, 0x00007fd577f10000, 0x00007fd577f10000)
  from space 310400K,  32% used [0x00007fd58ae30000, 0x00007fd5911910f8, 0x00007fd59dd50000)
  to   space 310400K,   0% used [0x00007fd577f10000, 0x00007fd577f10000, 0x00007fd58ae30000)
 tenured generation   total 6208040K, used 6180404K [0x00007fdf8b0a0000, 0x00007fe105f2a000, 0x00007ff4e0600000)
   the space 6208040K,  99% used [0x00007fdf8b0a0000, 0x00007fe10442d260, 0x00007fe10442d400, 0x00007fe105f2a000)
 Metaspace       used 24244K, capacity 24632K, committed 24832K, reserved 26624K
}
Event: 2919.370 GC heap after
{Heap after GC invocations=2493 (full 6):
 def new generation   total 2793664K, used 124380K [0x00007fd4e0600000, 0x00007fd59dd50000, 0x00007fdf8b0a0000)
  eden space 2483264K,   0% used [0x00007fd4e0600000, 0x00007fd4e0600000, 0x00007fd577f10000)
  from space 310400K,  40% used [0x00007fd577f10000, 0x00007fd57f887100, 0x00007fd58ae30000)
  to   space 310400K,   0% used [0x00007fd58ae30000, 0x00007fd58ae30000, 0x00007fd59dd50000)
 tenured generation   total 6208040K, used 6180404K [0x00007fdf8b0a0000, 0x00007fe105f2a000, 0x00007ff4e0600000)
   the space 6208040K,  99% used [0x00007fdf8b0a0000, 0x00007fe10442d260, 0x00007fe10442d400, 0x00007fe105f2a000)
 Metaspace       used 24244K, capacity 24632K, committed 24832K, reserved 26624K
}
Event: 2921.462 GC heap before
{Heap before GC invocations=2493 (full 6):
 def new generation   total 2793664K, used 2607644K [0x00007fd4e0600000, 0x00007fd59dd50000, 0x00007fdf8b0a0000)
  eden space 2483264K, 100% used [0x00007fd4e0600000, 0x00007fd577f10000, 0x00007fd577f10000)
  from space 310400K,  40% used [0x00007fd577f10000, 0x00007fd57f887100, 0x00007fd58ae30000)
  to   space 310400K,   0% used [0x00007fd58ae30000, 0x00007fd58ae30000, 0x00007fd59dd50000)
 tenured generation   total 6208040K, used 6180404K [0x00007fdf8b0a0000, 0x00007fe105f2a000, 0x00007ff4e0600000)
   the space 6208040K,  99% used [0x00007fdf8b0a0000, 0x00007fe10442d260, 0x00007fe10442d400, 0x00007fe105f2a000)
 Metaspace       used 24244K, capacity 24632K, committed 24832K, reserved 26624K
}
Event: 2921.568 GC heap after
{Heap after GC invocations=2494 (full 6):
 def new generation   total 2793664K, used 99724K [0x00007fd4e0600000, 0x00007fd59dd50000, 0x00007fdf8b0a0000)
  eden space 2483264K,   0% used [0x00007fd4e0600000, 0x00007fd4e0600000, 0x00007fd577f10000)
  from space 310400K,  32% used [0x00007fd58ae30000, 0x00007fd590f93290, 0x00007fd59dd50000)
  to   space 310400K,   0% used [0x00007fd577f10000, 0x00007fd577f10000, 0x00007fd58ae30000)
 tenured generation   total 6208040K, used 6197364K [0x00007fdf8b0a0000, 0x00007fe105f2a000, 0x00007ff4e0600000)
   the space 6208040K,  99% used [0x00007fdf8b0a0000, 0x00007fe1054bd258, 0x00007fe1054bd400, 0x00007fe105f2a000)
 Metaspace       used 24244K, capacity 24632K, committed 24832K, reserved 26624K
}
Event: 2923.332 GC heap before
{Heap before GC invocations=2494 (full 6):
 def new generation   total 2793664K, used 2582988K [0x00007fd4e0600000, 0x00007fd59dd50000, 0x00007fdf8b0a0000)
  eden space 2483264K, 100% used [0x00007fd4e0600000, 0x00007fd577f10000, 0x00007fd577f10000)
  from space 310400K,  32% used [0x00007fd58ae30000, 0x00007fd590f93290, 0x00007fd59dd50000)
  to   space 310400K,   0% used [0x00007fd577f10000, 0x00007fd577f10000, 0x00007fd58ae30000)
 tenured generation   total 6208040K, used 6197364K [0x00007fdf8b0a0000, 0x00007fe105f2a000, 0x00007ff4e0600000)
   the space 6208040K,  99% used [0x00007fdf8b0a0000, 0x00007fe1054bd258, 0x00007fe1054bd400, 0x00007fe105f2a000)
 Metaspace       used 24244K, capacity 24632K, committed 24832K, reserved 26624K
}
Event: 2923.409 GC heap after
{Heap after GC invocations=2495 (full 6):
 def new generation   total 2793664K, used 101767K [0x00007fd4e0600000, 0x00007fd59dd50000, 0x00007fdf8b0a0000)
  eden space 2483264K,   0% used [0x00007fd4e0600000, 0x00007fd4e0600000, 0x00007fd577f10000)
  from space 310400K,  32% used [0x00007fd577f10000, 0x00007fd57e271c80, 0x00007fd58ae30000)
  to   space 310400K,   0% used [0x00007fd58ae30000, 0x00007fd58ae30000, 0x00007fd59dd50000)
 tenured generation   total 6208040K, used 6197364K [0x00007fdf8b0a0000, 0x00007fe105f2a000, 0x00007ff4e0600000)
   the space 6208040K,  99% used [0x00007fdf8b0a0000, 0x00007fe1054bd258, 0x00007fe1054bd400, 0x00007fe105f2a000)
 Metaspace       used 24244K, capacity 24632K, committed 24832K, reserved 26624K
}
Event: 2925.166 GC heap before
{Heap before GC invocations=2495 (full 6):
 def new generation   total 2793664K, used 2585031K [0x00007fd4e0600000, 0x00007fd59dd50000, 0x00007fdf8b0a0000)
  eden space 2483264K, 100% used [0x00007fd4e0600000, 0x00007fd577f10000, 0x00007fd577f10000)
  from space 310400K,  32% used [0x00007fd577f10000, 0x00007fd57e271c80, 0x00007fd58ae30000)
  to   space 310400K,   0% used [0x00007fd58ae30000, 0x00007fd58ae30000, 0x00007fd59dd50000)
 tenured generation   total 6208040K, used 6197364K [0x00007fdf8b0a0000, 0x00007fe105f2a000, 0x00007ff4e0600000)
   the space 6208040K,  99% used [0x00007fdf8b0a0000, 0x00007fe1054bd258, 0x00007fe1054bd400, 0x00007fe105f2a000)
 Metaspace       used 24244K, capacity 24632K, committed 24832K, reserved 26624K
}
Event: 2925.222 GC heap after
{Heap after GC invocations=2496 (full 6):
 def new generation   total 2793664K, used 104343K [0x00007fd4e0600000, 0x00007fd59dd50000, 0x00007fdf8b0a0000)
  eden space 2483264K,   0% used [0x00007fd4e0600000, 0x00007fd4e0600000, 0x00007fd577f10000)
  from space 310400K,  33% used [0x00007fd58ae30000, 0x00007fd591415d10, 0x00007fd59dd50000)
  to   space 310400K,   0% used [0x00007fd577f10000, 0x00007fd577f10000, 0x00007fd58ae30000)
 tenured generation   total 6208040K, used 6197364K [0x00007fdf8b0a0000, 0x00007fe105f2a000, 0x00007ff4e0600000)
   the space 6208040K,  99% used [0x00007fdf8b0a0000, 0x00007fe1054bd258, 0x00007fe1054bd400, 0x00007fe105f2a000)
 Metaspace       used 24244K, capacity 24632K, committed 24832K, reserved 26624K
}
Event: 2927.500 GC heap before
{Heap before GC invocations=2496 (full 6):
 def new generation   total 2793664K, used 2587607K [0x00007fd4e0600000, 0x00007fd59dd50000, 0x00007fdf8b0a0000)
  eden space 2483264K, 100% used [0x00007fd4e0600000, 0x00007fd577f10000, 0x00007fd577f10000)
  from space 310400K,  33% used [0x00007fd58ae30000, 0x00007fd591415d10, 0x00007fd59dd50000)
  to   space 310400K,   0% used [0x00007fd577f10000, 0x00007fd577f10000, 0x00007fd58ae30000)
 tenured generation   total 6208040K, used 6197364K [0x00007fdf8b0a0000, 0x00007fe105f2a000, 0x00007ff4e0600000)
   the space 6208040K,  99% used [0x00007fdf8b0a0000, 0x00007fe1054bd258, 0x00007fe1054bd400, 0x00007fe105f2a000)
 Metaspace       used 24244K, capacity 24632K, committed 24832K, reserved 26624K
}
Event: 2927.592 GC heap after
{Heap after GC invocations=2497 (full 6):
 def new generation   total 2793664K, used 96624K [0x00007fd4e0600000, 0x00007fd59dd50000, 0x00007fdf8b0a0000)
  eden space 2483264K,   0% used [0x00007fd4e0600000, 0x00007fd4e0600000, 0x00007fd577f10000)
  from space 310400K,  31% used [0x00007fd577f10000, 0x00007fd57dd6c088, 0x00007fd58ae30000)
  to   space 310400K,   0% used [0x00007fd58ae30000, 0x00007fd58ae30000, 0x00007fd59dd50000)
 tenured generation   total 6224428K, used 6214324K [0x00007fdf8b0a0000, 0x00007fe106f2b000, 0x00007ff4e0600000)
   the space 6224428K,  99% used [0x00007fdf8b0a0000, 0x00007fe10654d250, 0x00007fe10654d400, 0x00007fe106f2b000)
 Metaspace       used 24244K, capacity 24632K, committed 24832K, reserved 26624K
}
Event: 2927.592 GC heap before
{Heap before GC invocations=2497 (full 6):
 def new generation   total 2793664K, used 96624K [0x00007fd4e0600000, 0x00007fd59dd50000, 0x00007fdf8b0a0000)
  eden space 2483264K,   0% used [0x00007fd4e0600000, 0x00007fd4e0600000, 0x00007fd577f10000)
  from space 310400K,  31% used [0x00007fd577f10000, 0x00007fd57dd6c088, 0x00007fd58ae30000)
  to   space 310400K,   0% used [0x00007fd58ae30000, 0x00007fd58ae30000, 0x00007fd59dd50000)
 tenured generation   total 6224428K, used 6214324K [0x00007fdf8b0a0000, 0x00007fe106f2b000, 0x00007ff4e0600000)
   the space 6224428K,  99% used [0x00007fdf8b0a0000, 0x00007fe10654d250, 0x00007fe10654d400, 0x00007fe106f2b000)
 Metaspace       used 24244K, capacity 24632K, committed 24832K, reserved 26624K
}

