# JRE version: OpenJDK Runtime Environment (13.0.7+5) (build 13.0.7+5-Ubuntu-0ubuntu120.04)
# Java VM: OpenJDK 64-Bit Server VM (13.0.7+5-Ubuntu-0ubuntu120.04, mixed mode, tiered, serial gc, linux-amd64)
Heap:
 def new generation   total 13204032K, used 1467071K [0x00007f806c600000, 0x00007f83ebd40000, 0x00007f85c1b50000)
  eden space 11736960K,  12% used [0x00007f806c600000, 0x00007f80c5eafd08, 0x00007f8338be0000)
  from space 1467072K,   0% used [0x00007f8338be0000, 0x00007f8338be0000, 0x00007f8392490000)
  to   space 1467072K,   0% used [0x00007f8392490000, 0x00007f8392490000, 0x00007f83ebd40000)
 tenured generation   total 34419944K, used 34419926K [0x00007f85c1b50000, 0x00007f8df688a000, 0x00007f906c600000)
   the space 34419944K,  99% used [0x00007f85c1b50000, 0x00007f8df68858c8, 0x00007f8df6885a00, 0x00007f8df688a000)
 Metaspace       used 31039K, capacity 31482K, committed 31744K, reserved 32768K
GC Heap History (20 events):
Event: 39.559 GC heap after
{Heap after GC invocations=10 (full 3):
 def new generation   total 1940544K, used 215551K [0x00007f806c600000, 0x00007f80eff90000, 0x00007f85c1b50000)
  eden space 1724992K,   0% used [0x00007f806c600000, 0x00007f806c600000, 0x00007f80d5a90000)
  from space 215552K,  99% used [0x00007f80d5a90000, 0x00007f80e2d0ff68, 0x00007f80e2d10000)
  to   space 215552K,   0% used [0x00007f80e2d10000, 0x00007f80e2d10000, 0x00007f80eff90000)
 tenured generation   total 4641804K, used 4641793K [0x00007f85c1b50000, 0x00007f86dd053000, 0x00007f906c600000)
   the space 4641804K,  99% used [0x00007f85c1b50000, 0x00007f86dd0507f8, 0x00007f86dd050800, 0x00007f86dd053000)
 Metaspace       used 31039K, capacity 31482K, committed 31744K, reserved 32768K
}
Event: 39.559 GC heap before
{Heap before GC invocations=10 (full 3):
 def new generation   total 1940544K, used 215551K [0x00007f806c600000, 0x00007f80eff90000, 0x00007f85c1b50000)
  eden space 1724992K,   0% used [0x00007f806c600000, 0x00007f806c600000, 0x00007f80d5a90000)
  from space 215552K,  99% used [0x00007f80d5a90000, 0x00007f80e2d0ff68, 0x00007f80e2d10000)
  to   space 215552K,   0% used [0x00007f80e2d10000, 0x00007f80e2d10000, 0x00007f80eff90000)
 tenured generation   total 4641804K, used 4641793K [0x00007f85c1b50000, 0x00007f86dd053000, 0x00007f906c600000)
   the space 4641804K,  99% used [0x00007f85c1b50000, 0x00007f86dd0507f8, 0x00007f86dd050800, 0x00007f86dd053000)
 Metaspace       used 31039K, capacity 31482K, committed 31744K, reserved 32768K
}
Event: 49.187 GC heap after
{Heap after GC invocations=10 (full 4):
 def new generation   total 3481216K, used 210431K [0x00007f806c600000, 0x00007f8158750000, 0x00007f85c1b50000)
  eden space 3094464K,   6% used [0x00007f806c600000, 0x00007f807937fe48, 0x00007f81293f0000)
  from space 386752K,   0% used [0x00007f81293f0000, 0x00007f81293f0000, 0x00007f8140da0000)
  to   space 386752K,   0% used [0x00007f8140da0000, 0x00007f8140da0000, 0x00007f8158750000)
 tenured generation   total 7735924K, used 4641554K [0x00007f85c1b50000, 0x00007f8799ded000, 0x00007f906c600000)
   the space 7735924K,  59% used [0x00007f85c1b50000, 0x00007f86dd014880, 0x00007f86dd014a00, 0x00007f8799ded000)
 Metaspace       used 31039K, capacity 31482K, committed 31744K, reserved 32768K
}
Event: 54.697 GC heap before
{Heap before GC invocations=10 (full 4):
 def new generation   total 3481216K, used 3094464K [0x00007f806c600000, 0x00007f8158750000, 0x00007f85c1b50000)
  eden space 3094464K, 100% used [0x00007f806c600000, 0x00007f81293f0000, 0x00007f81293f0000)
  from space 386752K,   0% used [0x00007f81293f0000, 0x00007f81293f0000, 0x00007f8140da0000)
  to   space 386752K,   0% used [0x00007f8140da0000, 0x00007f8140da0000, 0x00007f8158750000)
 tenured generation   total 7735924K, used 4641554K [0x00007f85c1b50000, 0x00007f8799ded000, 0x00007f906c600000)
   the space 7735924K,  59% used [0x00007f85c1b50000, 0x00007f86dd014880, 0x00007f86dd014a00, 0x00007f8799ded000)
 Metaspace       used 31039K, capacity 31482K, committed 31744K, reserved 32768K
}
Event: 61.411 GC heap after
{Heap after GC invocations=11 (full 4):
 def new generation   total 3481216K, used 386751K [0x00007f806c600000, 0x00007f8158750000, 0x00007f85c1b50000)
  eden space 3094464K,   0% used [0x00007f806c600000, 0x00007f806c600000, 0x00007f81293f0000)
  from space 386752K,  99% used [0x00007f8140da0000, 0x00007f815874ff80, 0x00007f8158750000)
  to   space 386752K,   0% used [0x00007f81293f0000, 0x00007f81293f0000, 0x00007f8140da0000)
 tenured generation   total 7735924K, used 6427589K [0x00007f85c1b50000, 0x00007f8799ded000, 0x00007f906c600000)
   the space 7735924K,  83% used [0x00007f85c1b50000, 0x00007f874a0416d0, 0x00007f874a041800, 0x00007f8799ded000)
 Metaspace       used 31039K, capacity 31482K, committed 31744K, reserved 32768K
}
Event: 64.857 GC heap before
{Heap before GC invocations=11 (full 4):
 def new generation   total 3481216K, used 3481215K [0x00007f806c600000, 0x00007f8158750000, 0x00007f85c1b50000)
  eden space 3094464K, 100% used [0x00007f806c600000, 0x00007f81293f0000, 0x00007f81293f0000)
  from space 386752K,  99% used [0x00007f8140da0000, 0x00007f815874ff80, 0x00007f8158750000)
  to   space 386752K,   0% used [0x00007f81293f0000, 0x00007f81293f0000, 0x00007f8140da0000)
 tenured generation   total 7735924K, used 6427589K [0x00007f85c1b50000, 0x00007f8799ded000, 0x00007f906c600000)
   the space 7735924K,  83% used [0x00007f85c1b50000, 0x00007f874a0416d0, 0x00007f874a041800, 0x00007f8799ded000)
 Metaspace       used 31039K, capacity 31482K, committed 31744K, reserved 32768K
}
Event: 73.357 GC heap after
{Heap after GC invocations=12 (full 4):
 def new generation   total 3481216K, used 386751K [0x00007f806c600000, 0x00007f8158750000, 0x00007f85c1b50000)
  eden space 3094464K,   0% used [0x00007f806c600000, 0x00007f806c600000, 0x00007f81293f0000)
  from space 386752K,  99% used [0x00007f81293f0000, 0x00007f8140d9ffa8, 0x00007f8140da0000)
  to   space 386752K,   0% used [0x00007f8140da0000, 0x00007f8140da0000, 0x00007f8158750000)
 tenured generation   total 9522100K, used 9521996K [0x00007f85c1b50000, 0x00007f8806e3d000, 0x00007f906c600000)
   the space 9522100K,  99% used [0x00007f85c1b50000, 0x00007f8806e233d0, 0x00007f8806e23400, 0x00007f8806e3d000)
 Metaspace       used 31039K, capacity 31482K, committed 31744K, reserved 32768K
}
Event: 73.357 GC heap before
{Heap before GC invocations=12 (full 4):
 def new generation   total 3481216K, used 386751K [0x00007f806c600000, 0x00007f8158750000, 0x00007f85c1b50000)
  eden space 3094464K,   0% used [0x00007f806c600000, 0x00007f806c600000, 0x00007f81293f0000)
  from space 386752K,  99% used [0x00007f81293f0000, 0x00007f8140d9ffa8, 0x00007f8140da0000)
  to   space 386752K,   0% used [0x00007f8140da0000, 0x00007f8140da0000, 0x00007f8158750000)
 tenured generation   total 9522100K, used 9521996K [0x00007f85c1b50000, 0x00007f8806e3d000, 0x00007f906c600000)
   the space 9522100K,  99% used [0x00007f85c1b50000, 0x00007f8806e233d0, 0x00007f8806e23400, 0x00007f8806e3d000)
 Metaspace       used 31039K, capacity 31482K, committed 31744K, reserved 32768K
}
Event: 86.872 GC heap after
{Heap after GC invocations=12 (full 5):
 def new generation   total 7141632K, used 386649K [0x00007f806c600000, 0x00007f8250b20000, 0x00007f85c1b50000)
  eden space 6348160K,   6% used [0x00007f806c600000, 0x00007f8083f96648, 0x00007f81efd60000)
  from space 793472K,   0% used [0x00007f81efd60000, 0x00007f81efd60000, 0x00007f8220440000)
  to   space 793472K,   0% used [0x00007f8220440000, 0x00007f8220440000, 0x00007f8250b20000)
 tenured generation   total 15870168K, used 9522099K [0x00007f85c1b50000, 0x00007f898a586000, 0x00007f906c600000)
   the space 15870168K,  59% used [0x00007f85c1b50000, 0x00007f8806e3cd30, 0x00007f8806e3ce00, 0x00007f898a586000)
 Metaspace       used 31039K, capacity 31482K, committed 31744K, reserved 32768K
}
Event: 110.986 GC heap before
{Heap before GC invocations=12 (full 5):
 def new generation   total 7141632K, used 6348160K [0x00007f806c600000, 0x00007f8250b20000, 0x00007f85c1b50000)
  eden space 6348160K, 100% used [0x00007f806c600000, 0x00007f81efd60000, 0x00007f81efd60000)
  from space 793472K,   0% used [0x00007f81efd60000, 0x00007f81efd60000, 0x00007f8220440000)
  to   space 793472K,   0% used [0x00007f8220440000, 0x00007f8220440000, 0x00007f8250b20000)
 tenured generation   total 15870168K, used 9522099K [0x00007f85c1b50000, 0x00007f898a586000, 0x00007f906c600000)
   the space 15870168K,  59% used [0x00007f85c1b50000, 0x00007f8806e3cd30, 0x00007f8806e3ce00, 0x00007f898a586000)
 Metaspace       used 31039K, capacity 31482K, committed 31744K, reserved 32768K
}
Event: 125.077 GC heap after
{Heap after GC invocations=13 (full 5):
 def new generation   total 7141632K, used 793471K [0x00007f806c600000, 0x00007f8250b20000, 0x00007f85c1b50000)
  eden space 6348160K,   0% used [0x00007f806c600000, 0x00007f806c600000, 0x00007f81efd60000)
  from space 793472K,  99% used [0x00007f8220440000, 0x00007f8250b1fd38, 0x00007f8250b20000)
  to   space 793472K,   0% used [0x00007f81efd60000, 0x00007f81efd60000, 0x00007f8220440000)
 tenured generation   total 15870168K, used 12823955K [0x00007f85c1b50000, 0x00007f898a586000, 0x00007f906c600000)
   the space 15870168K,  80% used [0x00007f85c1b50000, 0x00007f88d06b4d48, 0x00007f88d06b4e00, 0x00007f898a586000)
 Metaspace       used 31039K, capacity 31482K, committed 31744K, reserved 32768K
}
Event: 137.933 GC heap before
{Heap before GC invocations=13 (full 5):
 def new generation   total 7141632K, used 7141631K [0x00007f806c600000, 0x00007f8250b20000, 0x00007f85c1b50000)
  eden space 6348160K, 100% used [0x00007f806c600000, 0x00007f81efd60000, 0x00007f81efd60000)
  from space 793472K,  99% used [0x00007f8220440000, 0x00007f8250b1fd38, 0x00007f8250b20000)
  to   space 793472K,   0% used [0x00007f81efd60000, 0x00007f81efd60000, 0x00007f8220440000)
 tenured generation   total 15870168K, used 12823955K [0x00007f85c1b50000, 0x00007f898a586000, 0x00007f906c600000)
   the space 15870168K,  80% used [0x00007f85c1b50000, 0x00007f88d06b4d48, 0x00007f88d06b4e00, 0x00007f898a586000)
 Metaspace       used 31039K, capacity 31482K, committed 31744K, reserved 32768K
}
Event: 148.786 GC heap after
{Heap after GC invocations=14 (full 5):
 def new generation   total 7141632K, used 793471K [0x00007f806c600000, 0x00007f8250b20000, 0x00007f85c1b50000)
  eden space 6348160K,   0% used [0x00007f806c600000, 0x00007f806c600000, 0x00007f81efd60000)
  from space 793472K,  99% used [0x00007f81efd60000, 0x00007f822043fc88, 0x00007f8220440000)
  to   space 793472K,   0% used [0x00007f8220440000, 0x00007f8220440000, 0x00007f8250b20000)
 tenured generation   total 17605272K, used 17605207K [0x00007f85c1b50000, 0x00007f89f43f6000, 0x00007f906c600000)
   the space 17605272K,  99% used [0x00007f85c1b50000, 0x00007f89f43e5f70, 0x00007f89f43e6000, 0x00007f89f43f6000)
 Metaspace       used 31039K, capacity 31482K, committed 31744K, reserved 32768K
}
Event: 148.786 GC heap before
{Heap before GC invocations=14 (full 5):
 def new generation   total 7141632K, used 793471K [0x00007f806c600000, 0x00007f8250b20000, 0x00007f85c1b50000)
  eden space 6348160K,   0% used [0x00007f806c600000, 0x00007f806c600000, 0x00007f81efd60000)
  from space 793472K,  99% used [0x00007f81efd60000, 0x00007f822043fc88, 0x00007f8220440000)
  to   space 793472K,   0% used [0x00007f8220440000, 0x00007f8220440000, 0x00007f8250b20000)
 tenured generation   total 17605272K, used 17605207K [0x00007f85c1b50000, 0x00007f89f43f6000, 0x00007f906c600000)
   the space 17605272K,  99% used [0x00007f85c1b50000, 0x00007f89f43e5f70, 0x00007f89f43e6000, 0x00007f89f43f6000)
 Metaspace       used 31039K, capacity 31482K, committed 31744K, reserved 32768K
}
Event: 179.812 GC heap after
{Heap after GC invocations=14 (full 6):
 def new generation   total 13204032K, used 793407K [0x00007f806c600000, 0x00007f83ebd40000, 0x00007f85c1b50000)
  eden space 11736960K,   6% used [0x00007f806c600000, 0x00007f809cccfe90, 0x00007f8338be0000)
  from space 1467072K,   0% used [0x00007f8338be0000, 0x00007f8338be0000, 0x00007f8392490000)
  to   space 1467072K,   0% used [0x00007f8392490000, 0x00007f8392490000, 0x00007f83ebd40000)
 tenured generation   total 29342120K, used 17605271K [0x00007f85c1b50000, 0x00007f8cc09ba000, 0x00007f906c600000)
   the space 29342120K,  59% used [0x00007f85c1b50000, 0x00007f89f43f5d68, 0x00007f89f43f5e00, 0x00007f8cc09ba000)
 Metaspace       used 31039K, capacity 31482K, committed 31744K, reserved 32768K
}
Event: 203.435 GC heap before
{Heap before GC invocations=14 (full 6):
 def new generation   total 13204032K, used 11736960K [0x00007f806c600000, 0x00007f83ebd40000, 0x00007f85c1b50000)
  eden space 11736960K, 100% used [0x00007f806c600000, 0x00007f8338be0000, 0x00007f8338be0000)
  from space 1467072K,   0% used [0x00007f8338be0000, 0x00007f8338be0000, 0x00007f8392490000)
  to   space 1467072K,   0% used [0x00007f8392490000, 0x00007f8392490000, 0x00007f83ebd40000)
 tenured generation   total 29342120K, used 17605271K [0x00007f85c1b50000, 0x00007f8cc09ba000, 0x00007f906c600000)
   the space 29342120K,  59% used [0x00007f85c1b50000, 0x00007f89f43f5d68, 0x00007f89f43f5e00, 0x00007f8cc09ba000)
 Metaspace       used 31039K, capacity 31482K, committed 31744K, reserved 32768K
}
Event: 226.941 GC heap after
{Heap after GC invocations=15 (full 6):
 def new generation   total 13204032K, used 1467071K [0x00007f806c600000, 0x00007f83ebd40000, 0x00007f85c1b50000)
  eden space 11736960K,   0% used [0x00007f806c600000, 0x00007f806c600000, 0x00007f8338be0000)
  from space 1467072K,  99% used [0x00007f8392490000, 0x00007f83ebd3fde0, 0x00007f83ebd40000)
  to   space 1467072K,   0% used [0x00007f8338be0000, 0x00007f8338be0000, 0x00007f8392490000)
 tenured generation   total 29342120K, used 24935820K [0x00007f85c1b50000, 0x00007f8cc09ba000, 0x00007f906c600000)
   the space 29342120K,  84% used [0x00007f85c1b50000, 0x00007f8bb3ab3218, 0x00007f8bb3ab3400, 0x00007f8cc09ba000)
 Metaspace       used 31039K, capacity 31482K, committed 31744K, reserved 32768K
}
Event: 251.062 GC heap before
{Heap before GC invocations=15 (full 6):
 def new generation   total 13204032K, used 13204031K [0x00007f806c600000, 0x00007f83ebd40000, 0x00007f85c1b50000)
  eden space 11736960K, 100% used [0x00007f806c600000, 0x00007f8338be0000, 0x00007f8338be0000)
  from space 1467072K,  99% used [0x00007f8392490000, 0x00007f83ebd3fde0, 0x00007f83ebd40000)
  to   space 1467072K,   0% used [0x00007f8338be0000, 0x00007f8338be0000, 0x00007f8392490000)
 tenured generation   total 29342120K, used 24935820K [0x00007f85c1b50000, 0x00007f8cc09ba000, 0x00007f906c600000)
   the space 29342120K,  84% used [0x00007f85c1b50000, 0x00007f8bb3ab3218, 0x00007f8bb3ab3400, 0x00007f8cc09ba000)
 Metaspace       used 31039K, capacity 31482K, committed 31744K, reserved 32768K
}
Event: 270.454 GC heap after
{Heap after GC invocations=16 (full 6):
 def new generation   total 13204032K, used 1467071K [0x00007f806c600000, 0x00007f83ebd40000, 0x00007f85c1b50000)
  eden space 11736960K,   0% used [0x00007f806c600000, 0x00007f806c600000, 0x00007f8338be0000)
  from space 1467072K,  99% used [0x00007f8338be0000, 0x00007f839248fd08, 0x00007f8392490000)
  to   space 1467072K,   0% used [0x00007f8392490000, 0x00007f8392490000, 0x00007f83ebd40000)
 tenured generation   total 34419944K, used 34419926K [0x00007f85c1b50000, 0x00007f8df688a000, 0x00007f906c600000)
   the space 34419944K,  99% used [0x00007f85c1b50000, 0x00007f8df68858c8, 0x00007f8df6885a00, 0x00007f8df688a000)
 Metaspace       used 31039K, capacity 31482K, committed 31744K, reserved 32768K
}
Event: 270.454 GC heap before
{Heap before GC invocations=16 (full 6):
 def new generation   total 13204032K, used 1467071K [0x00007f806c600000, 0x00007f83ebd40000, 0x00007f85c1b50000)
  eden space 11736960K,   0% used [0x00007f806c600000, 0x00007f806c600000, 0x00007f8338be0000)
  from space 1467072K,  99% used [0x00007f8338be0000, 0x00007f839248fd08, 0x00007f8392490000)
  to   space 1467072K,   0% used [0x00007f8392490000, 0x00007f8392490000, 0x00007f83ebd40000)
 tenured generation   total 34419944K, used 34419926K [0x00007f85c1b50000, 0x00007f8df688a000, 0x00007f906c600000)
   the space 34419944K,  99% used [0x00007f85c1b50000, 0x00007f8df68858c8, 0x00007f8df6885a00, 0x00007f8df688a000)
 Metaspace       used 31039K, capacity 31482K, committed 31744K, reserved 32768K
}

