# JRE version: OpenJDK Runtime Environment (13.0.7+5) (build 13.0.7+5-Ubuntu-0ubuntu120.04)
# Java VM: OpenJDK 64-Bit Server VM (13.0.7+5-Ubuntu-0ubuntu120.04, mixed mode, tiered, serial gc, linux-amd64)
Heap:
 def new generation   total 1024448K, used 0K [0x00007f61f8600000, 0x00007f623dd90000, 0x00007f6ca30a0000)
  eden space 910656K,   0% used [0x00007f61f8600000, 0x00007f61f8600000, 0x00007f622ff50000)
  from space 113792K,   0% used [0x00007f6236e70000, 0x00007f6236e70000, 0x00007f623dd90000)
  to   space 113792K,   0% used [0x00007f622ff50000, 0x00007f622ff50000, 0x00007f6236e70000)
 tenured generation   total 2294904K, used 2214808K [0x00007f6ca30a0000, 0x00007f6d2f1be000, 0x00007f81f8600000)
   the space 2294904K,  96% used [0x00007f6ca30a0000, 0x00007f6d2a386200, 0x00007f6d2a386200, 0x00007f6d2f1be000)
 Metaspace       used 24204K, capacity 24563K, committed 24576K, reserved 24576K
GC Heap History (20 events):
Event: 699.460 GC heap after
{Heap after GC invocations=1025 (full 4):
 def new generation   total 1024448K, used 62684K [0x00007f61f8600000, 0x00007f623dd90000, 0x00007f6ca30a0000)
  eden space 910656K,   0% used [0x00007f61f8600000, 0x00007f61f8600000, 0x00007f622ff50000)
  from space 113792K,  55% used [0x00007f622ff50000, 0x00007f6233c87200, 0x00007f6236e70000)
  to   space 113792K,   0% used [0x00007f6236e70000, 0x00007f6236e70000, 0x00007f623dd90000)
 tenured generation   total 2276452K, used 2240431K [0x00007f6ca30a0000, 0x00007f6d2dfb9000, 0x00007f81f8600000)
   the space 2276452K,  98% used [0x00007f6ca30a0000, 0x00007f6d2bc8bf60, 0x00007f6d2bc8c000, 0x00007f6d2dfb9000)
 Metaspace       used 24204K, capacity 24563K, committed 24576K, reserved 24576K
}
Event: 700.259 GC heap before
{Heap before GC invocations=1025 (full 4):
 def new generation   total 1024448K, used 973340K [0x00007f61f8600000, 0x00007f623dd90000, 0x00007f6ca30a0000)
  eden space 910656K, 100% used [0x00007f61f8600000, 0x00007f622ff50000, 0x00007f622ff50000)
  from space 113792K,  55% used [0x00007f622ff50000, 0x00007f6233c87200, 0x00007f6236e70000)
  to   space 113792K,   0% used [0x00007f6236e70000, 0x00007f6236e70000, 0x00007f623dd90000)
 tenured generation   total 2276452K, used 2240431K [0x00007f6ca30a0000, 0x00007f6d2dfb9000, 0x00007f81f8600000)
   the space 2276452K,  98% used [0x00007f6ca30a0000, 0x00007f6d2bc8bf60, 0x00007f6d2bc8c000, 0x00007f6d2dfb9000)
 Metaspace       used 24204K, capacity 24563K, committed 24576K, reserved 24576K
}
Event: 700.319 GC heap after
{Heap after GC invocations=1026 (full 4):
 def new generation   total 1024448K, used 14914K [0x00007f61f8600000, 0x00007f623dd90000, 0x00007f6ca30a0000)
  eden space 910656K,   0% used [0x00007f61f8600000, 0x00007f61f8600000, 0x00007f622ff50000)
  from space 113792K,  13% used [0x00007f6236e70000, 0x00007f6237d00b20, 0x00007f623dd90000)
  to   space 113792K,   0% used [0x00007f622ff50000, 0x00007f622ff50000, 0x00007f6236e70000)
 tenured generation   total 2276452K, used 2275367K [0x00007f6ca30a0000, 0x00007f6d2dfb9000, 0x00007f81f8600000)
   the space 2276452K,  99% used [0x00007f6ca30a0000, 0x00007f6d2dea9d98, 0x00007f6d2dea9e00, 0x00007f6d2dfb9000)
 Metaspace       used 24204K, capacity 24563K, committed 24576K, reserved 24576K
}
Event: 701.041 GC heap before
{Heap before GC invocations=1026 (full 4):
 def new generation   total 1024448K, used 925570K [0x00007f61f8600000, 0x00007f623dd90000, 0x00007f6ca30a0000)
  eden space 910656K, 100% used [0x00007f61f8600000, 0x00007f622ff50000, 0x00007f622ff50000)
  from space 113792K,  13% used [0x00007f6236e70000, 0x00007f6237d00b20, 0x00007f623dd90000)
  to   space 113792K,   0% used [0x00007f622ff50000, 0x00007f622ff50000, 0x00007f6236e70000)
 tenured generation   total 2276452K, used 2275367K [0x00007f6ca30a0000, 0x00007f6d2dfb9000, 0x00007f81f8600000)
   the space 2276452K,  99% used [0x00007f6ca30a0000, 0x00007f6d2dea9d98, 0x00007f6d2dea9e00, 0x00007f6d2dfb9000)
 Metaspace       used 24204K, capacity 24563K, committed 24576K, reserved 24576K
}
Event: 701.059 GC heap after
{Heap after GC invocations=1027 (full 4):
 def new generation   total 1024448K, used 15412K [0x00007f61f8600000, 0x00007f623dd90000, 0x00007f6ca30a0000)
  eden space 910656K,   0% used [0x00007f61f8600000, 0x00007f61f8600000, 0x00007f622ff50000)
  from space 113792K,  13% used [0x00007f622ff50000, 0x00007f6230e5d280, 0x00007f6236e70000)
  to   space 113792K,   0% used [0x00007f6236e70000, 0x00007f6236e70000, 0x00007f623dd90000)
 tenured generation   total 2276452K, used 2275367K [0x00007f6ca30a0000, 0x00007f6d2dfb9000, 0x00007f81f8600000)
   the space 2276452K,  99% used [0x00007f6ca30a0000, 0x00007f6d2dea9d98, 0x00007f6d2dea9e00, 0x00007f6d2dfb9000)
 Metaspace       used 24204K, capacity 24563K, committed 24576K, reserved 24576K
}
Event: 701.847 GC heap before
{Heap before GC invocations=1027 (full 4):
 def new generation   total 1024448K, used 922144K [0x00007f61f8600000, 0x00007f623dd90000, 0x00007f6ca30a0000)
  eden space 910656K,  99% used [0x00007f61f8600000, 0x00007f622fb7af78, 0x00007f622ff50000)
  from space 113792K,  13% used [0x00007f622ff50000, 0x00007f6230e5d280, 0x00007f6236e70000)
  to   space 113792K,   0% used [0x00007f6236e70000, 0x00007f6236e70000, 0x00007f623dd90000)
 tenured generation   total 2276452K, used 2275367K [0x00007f6ca30a0000, 0x00007f6d2dfb9000, 0x00007f81f8600000)
   the space 2276452K,  99% used [0x00007f6ca30a0000, 0x00007f6d2dea9d98, 0x00007f6d2dea9e00, 0x00007f6d2dfb9000)
 Metaspace       used 24204K, capacity 24563K, committed 24576K, reserved 24576K
}
Event: 701.881 GC heap after
{Heap after GC invocations=1028 (full 4):
 def new generation   total 1024448K, used 54443K [0x00007f61f8600000, 0x00007f623dd90000, 0x00007f6ca30a0000)
  eden space 910656K,   0% used [0x00007f61f8600000, 0x00007f61f8600000, 0x00007f622ff50000)
  from space 113792K,  47% used [0x00007f6236e70000, 0x00007f623a39af70, 0x00007f623dd90000)
  to   space 113792K,   0% used [0x00007f622ff50000, 0x00007f622ff50000, 0x00007f6236e70000)
 tenured generation   total 2276452K, used 2275367K [0x00007f6ca30a0000, 0x00007f6d2dfb9000, 0x00007f81f8600000)
   the space 2276452K,  99% used [0x00007f6ca30a0000, 0x00007f6d2dea9d98, 0x00007f6d2dea9e00, 0x00007f6d2dfb9000)
 Metaspace       used 24204K, capacity 24563K, committed 24576K, reserved 24576K
}
Event: 702.920 GC heap before
{Heap before GC invocations=1028 (full 4):
 def new generation   total 1024448K, used 965099K [0x00007f61f8600000, 0x00007f623dd90000, 0x00007f6ca30a0000)
  eden space 910656K, 100% used [0x00007f61f8600000, 0x00007f622ff50000, 0x00007f622ff50000)
  from space 113792K,  47% used [0x00007f6236e70000, 0x00007f623a39af70, 0x00007f623dd90000)
  to   space 113792K,   0% used [0x00007f622ff50000, 0x00007f622ff50000, 0x00007f6236e70000)
 tenured generation   total 2276452K, used 2275367K [0x00007f6ca30a0000, 0x00007f6d2dfb9000, 0x00007f81f8600000)
   the space 2276452K,  99% used [0x00007f6ca30a0000, 0x00007f6d2dea9d98, 0x00007f6d2dea9e00, 0x00007f6d2dfb9000)
 Metaspace       used 24204K, capacity 24563K, committed 24576K, reserved 24576K
}
Event: 702.947 GC heap after
{Heap after GC invocations=1029 (full 4):
 def new generation   total 1024448K, used 41634K [0x00007f61f8600000, 0x00007f623dd90000, 0x00007f6ca30a0000)
  eden space 910656K,   0% used [0x00007f61f8600000, 0x00007f61f8600000, 0x00007f622ff50000)
  from space 113792K,  36% used [0x00007f622ff50000, 0x00007f62327f88c8, 0x00007f6236e70000)
  to   space 113792K,   0% used [0x00007f6236e70000, 0x00007f6236e70000, 0x00007f623dd90000)
 tenured generation   total 2276452K, used 2275367K [0x00007f6ca30a0000, 0x00007f6d2dfb9000, 0x00007f81f8600000)
   the space 2276452K,  99% used [0x00007f6ca30a0000, 0x00007f6d2dea9d98, 0x00007f6d2dea9e00, 0x00007f6d2dfb9000)
 Metaspace       used 24204K, capacity 24563K, committed 24576K, reserved 24576K
}
Event: 703.809 GC heap before
{Heap before GC invocations=1029 (full 4):
 def new generation   total 1024448K, used 952290K [0x00007f61f8600000, 0x00007f623dd90000, 0x00007f6ca30a0000)
  eden space 910656K, 100% used [0x00007f61f8600000, 0x00007f622ff50000, 0x00007f622ff50000)
  from space 113792K,  36% used [0x00007f622ff50000, 0x00007f62327f88c8, 0x00007f6236e70000)
  to   space 113792K,   0% used [0x00007f6236e70000, 0x00007f6236e70000, 0x00007f623dd90000)
 tenured generation   total 2276452K, used 2275367K [0x00007f6ca30a0000, 0x00007f6d2dfb9000, 0x00007f81f8600000)
   the space 2276452K,  99% used [0x00007f6ca30a0000, 0x00007f6d2dea9d98, 0x00007f6d2dea9e00, 0x00007f6d2dfb9000)
 Metaspace       used 24204K, capacity 24563K, committed 24576K, reserved 24576K
}
Event: 703.840 GC heap after
{Heap after GC invocations=1030 (full 4):
 def new generation   total 1024448K, used 47780K [0x00007f61f8600000, 0x00007f623dd90000, 0x00007f6ca30a0000)
  eden space 910656K,   0% used [0x00007f61f8600000, 0x00007f61f8600000, 0x00007f622ff50000)
  from space 113792K,  41% used [0x00007f6236e70000, 0x00007f6239d19148, 0x00007f623dd90000)
  to   space 113792K,   0% used [0x00007f622ff50000, 0x00007f622ff50000, 0x00007f6236e70000)
 tenured generation   total 2276452K, used 2275367K [0x00007f6ca30a0000, 0x00007f6d2dfb9000, 0x00007f81f8600000)
   the space 2276452K,  99% used [0x00007f6ca30a0000, 0x00007f6d2dea9d98, 0x00007f6d2dea9e00, 0x00007f6d2dfb9000)
 Metaspace       used 24204K, capacity 24563K, committed 24576K, reserved 24576K
}
Event: 704.704 GC heap before
{Heap before GC invocations=1030 (full 4):
 def new generation   total 1024448K, used 951777K [0x00007f61f8600000, 0x00007f623dd90000, 0x00007f6ca30a0000)
  eden space 910656K,  99% used [0x00007f61f8600000, 0x00007f622f8cf2f0, 0x00007f622ff50000)
  from space 113792K,  41% used [0x00007f6236e70000, 0x00007f6239d19148, 0x00007f623dd90000)
  to   space 113792K,   0% used [0x00007f622ff50000, 0x00007f622ff50000, 0x00007f6236e70000)
 tenured generation   total 2276452K, used 2275367K [0x00007f6ca30a0000, 0x00007f6d2dfb9000, 0x00007f81f8600000)
   the space 2276452K,  99% used [0x00007f6ca30a0000, 0x00007f6d2dea9d98, 0x00007f6d2dea9e00, 0x00007f6d2dfb9000)
 Metaspace       used 24204K, capacity 24563K, committed 24576K, reserved 24576K
}
Event: 704.741 GC heap after
{Heap after GC invocations=1031 (full 4):
 def new generation   total 1024448K, used 51386K [0x00007f61f8600000, 0x00007f623dd90000, 0x00007f6ca30a0000)
  eden space 910656K,   0% used [0x00007f61f8600000, 0x00007f61f8600000, 0x00007f622ff50000)
  from space 113792K,  45% used [0x00007f622ff50000, 0x00007f623317e838, 0x00007f6236e70000)
  to   space 113792K,   0% used [0x00007f6236e70000, 0x00007f6236e70000, 0x00007f623dd90000)
 tenured generation   total 2276452K, used 2275367K [0x00007f6ca30a0000, 0x00007f6d2dfb9000, 0x00007f81f8600000)
   the space 2276452K,  99% used [0x00007f6ca30a0000, 0x00007f6d2dea9d98, 0x00007f6d2dea9e00, 0x00007f6d2dfb9000)
 Metaspace       used 24204K, capacity 24563K, committed 24576K, reserved 24576K
}
Event: 705.401 GC heap before
{Heap before GC invocations=1031 (full 4):
 def new generation   total 1024448K, used 962042K [0x00007f61f8600000, 0x00007f623dd90000, 0x00007f6ca30a0000)
  eden space 910656K, 100% used [0x00007f61f8600000, 0x00007f622ff50000, 0x00007f622ff50000)
  from space 113792K,  45% used [0x00007f622ff50000, 0x00007f623317e838, 0x00007f6236e70000)
  to   space 113792K,   0% used [0x00007f6236e70000, 0x00007f6236e70000, 0x00007f623dd90000)
 tenured generation   total 2276452K, used 2275367K [0x00007f6ca30a0000, 0x00007f6d2dfb9000, 0x00007f81f8600000)
   the space 2276452K,  99% used [0x00007f6ca30a0000, 0x00007f6d2dea9d98, 0x00007f6d2dea9e00, 0x00007f6d2dfb9000)
 Metaspace       used 24204K, capacity 24563K, committed 24576K, reserved 24576K
}
Event: 705.433 GC heap after
{Heap after GC invocations=1032 (full 4):
 def new generation   total 1024448K, used 52417K [0x00007f61f8600000, 0x00007f623dd90000, 0x00007f6ca30a0000)
  eden space 910656K,   0% used [0x00007f61f8600000, 0x00007f61f8600000, 0x00007f622ff50000)
  from space 113792K,  46% used [0x00007f6236e70000, 0x00007f623a1a05d0, 0x00007f623dd90000)
  to   space 113792K,   0% used [0x00007f622ff50000, 0x00007f622ff50000, 0x00007f6236e70000)
 tenured generation   total 2276452K, used 2275367K [0x00007f6ca30a0000, 0x00007f6d2dfb9000, 0x00007f81f8600000)
   the space 2276452K,  99% used [0x00007f6ca30a0000, 0x00007f6d2dea9d98, 0x00007f6d2dea9e00, 0x00007f6d2dfb9000)
 Metaspace       used 24204K, capacity 24563K, committed 24576K, reserved 24576K
}
Event: 706.217 GC heap before
{Heap before GC invocations=1032 (full 4):
 def new generation   total 1024448K, used 963073K [0x00007f61f8600000, 0x00007f623dd90000, 0x00007f6ca30a0000)
  eden space 910656K, 100% used [0x00007f61f8600000, 0x00007f622ff50000, 0x00007f622ff50000)
  from space 113792K,  46% used [0x00007f6236e70000, 0x00007f623a1a05d0, 0x00007f623dd90000)
  to   space 113792K,   0% used [0x00007f622ff50000, 0x00007f622ff50000, 0x00007f6236e70000)
 tenured generation   total 2276452K, used 2275367K [0x00007f6ca30a0000, 0x00007f6d2dfb9000, 0x00007f81f8600000)
   the space 2276452K,  99% used [0x00007f6ca30a0000, 0x00007f6d2dea9d98, 0x00007f6d2dea9e00, 0x00007f6d2dfb9000)
 Metaspace       used 24204K, capacity 24563K, committed 24576K, reserved 24576K
}
Event: 706.262 GC heap after
{Heap after GC invocations=1033 (full 4):
 def new generation   total 1024448K, used 71405K [0x00007f61f8600000, 0x00007f623dd90000, 0x00007f6ca30a0000)
  eden space 910656K,   0% used [0x00007f61f8600000, 0x00007f61f8600000, 0x00007f622ff50000)
  from space 113792K,  62% used [0x00007f622ff50000, 0x00007f623450b470, 0x00007f6236e70000)
  to   space 113792K,   0% used [0x00007f6236e70000, 0x00007f6236e70000, 0x00007f623dd90000)
 tenured generation   total 2276452K, used 2275367K [0x00007f6ca30a0000, 0x00007f6d2dfb9000, 0x00007f81f8600000)
   the space 2276452K,  99% used [0x00007f6ca30a0000, 0x00007f6d2dea9d98, 0x00007f6d2dea9e00, 0x00007f6d2dfb9000)
 Metaspace       used 24204K, capacity 24563K, committed 24576K, reserved 24576K
}
Event: 707.315 GC heap before
{Heap before GC invocations=1033 (full 4):
 def new generation   total 1024448K, used 970355K [0x00007f61f8600000, 0x00007f623dd90000, 0x00007f6ca30a0000)
  eden space 910656K,  98% used [0x00007f61f8600000, 0x00007f622f3e1988, 0x00007f622ff50000)
  from space 113792K,  62% used [0x00007f622ff50000, 0x00007f623450b470, 0x00007f6236e70000)
  to   space 113792K,   0% used [0x00007f6236e70000, 0x00007f6236e70000, 0x00007f623dd90000)
 tenured generation   total 2276452K, used 2275367K [0x00007f6ca30a0000, 0x00007f6d2dfb9000, 0x00007f81f8600000)
   the space 2276452K,  99% used [0x00007f6ca30a0000, 0x00007f6d2dea9d98, 0x00007f6d2dea9e00, 0x00007f6d2dfb9000)
 Metaspace       used 24204K, capacity 24563K, committed 24576K, reserved 24576K
}
Event: 707.407 GC heap after
{Heap after GC invocations=1034 (full 4):
 def new generation   total 1024448K, used 39064K [0x00007f61f8600000, 0x00007f623dd90000, 0x00007f6ca30a0000)
  eden space 910656K,   0% used [0x00007f61f8600000, 0x00007f61f8600000, 0x00007f622ff50000)
  from space 113792K,  34% used [0x00007f6236e70000, 0x00007f6239496100, 0x00007f623dd90000)
  to   space 113792K,   0% used [0x00007f622ff50000, 0x00007f622ff50000, 0x00007f6236e70000)
 tenured generation   total 2294904K, used 2294896K [0x00007f6ca30a0000, 0x00007f6d2f1be000, 0x00007f81f8600000)
   the space 2294904K,  99% used [0x00007f6ca30a0000, 0x00007f6d2f1bc018, 0x00007f6d2f1bc200, 0x00007f6d2f1be000)
 Metaspace       used 24204K, capacity 24563K, committed 24576K, reserved 24576K
}
Event: 707.407 GC heap before
{Heap before GC invocations=1034 (full 4):
 def new generation   total 1024448K, used 39064K [0x00007f61f8600000, 0x00007f623dd90000, 0x00007f6ca30a0000)
  eden space 910656K,   0% used [0x00007f61f8600000, 0x00007f61f8600000, 0x00007f622ff50000)
  from space 113792K,  34% used [0x00007f6236e70000, 0x00007f6239496100, 0x00007f623dd90000)
  to   space 113792K,   0% used [0x00007f622ff50000, 0x00007f622ff50000, 0x00007f6236e70000)
 tenured generation   total 2294904K, used 2294896K [0x00007f6ca30a0000, 0x00007f6d2f1be000, 0x00007f81f8600000)
   the space 2294904K,  99% used [0x00007f6ca30a0000, 0x00007f6d2f1bc018, 0x00007f6d2f1bc200, 0x00007f6d2f1be000)
 Metaspace       used 24204K, capacity 24563K, committed 24576K, reserved 24576K
}

