# JRE version: OpenJDK Runtime Environment (13.0.7+5) (build 13.0.7+5-Ubuntu-0ubuntu120.04)
# Java VM: OpenJDK 64-Bit Server VM (13.0.7+5-Ubuntu-0ubuntu120.04, mixed mode, tiered, serial gc, linux-amd64)
Heap:
 def new generation   total 5204224K, used 517965K [0x00007f9968600000, 0x00007f9ac94f0000, 0x00007f9ebdb50000)
  eden space 4625984K,  11% used [0x00007f9968600000, 0x00007f9987fd3720, 0x00007f9a82b90000)
  from space 578240K,   0% used [0x00007f9a82b90000, 0x00007f9a82b90000, 0x00007f9aa6040000)
  to   space 578240K,   0% used [0x00007f9aa6040000, 0x00007f9aa6040000, 0x00007f9ac94f0000)
 tenured generation   total 12270092K, used 12270091K [0x00007f9ebdb50000, 0x00007fa1aa9d3000, 0x00007fa968600000)
   the space 12270092K,  99% used [0x00007f9ebdb50000, 0x00007fa1aa9d2ff0, 0x00007fa1aa9d3000, 0x00007fa1aa9d3000)
 Metaspace       used 30678K, capacity 31107K, committed 31488K, reserved 32768K
GC Heap History (20 events):
Event: 94.862 GC heap after
{Heap after GC invocations=62 (full 4):
 def new generation   total 3065024K, used 279139K [0x00007f9968600000, 0x00007f9a383c0000, 0x00007f9ebdb50000)
  eden space 2724480K,   0% used [0x00007f9968600000, 0x00007f9968600000, 0x00007f9a0eaa0000)
  from space 340544K,  81% used [0x00007f9a0eaa0000, 0x00007f9a1fb38fe8, 0x00007f9a23730000)
  to   space 340544K,   0% used [0x00007f9a23730000, 0x00007f9a23730000, 0x00007f9a383c0000)
 tenured generation   total 6811052K, used 6362867K [0x00007f9ebdb50000, 0x00007fa05d6bb000, 0x00007fa968600000)
   the space 6811052K,  93% used [0x00007f9ebdb50000, 0x00007fa04210cdd0, 0x00007fa04210ce00, 0x00007fa05d6bb000)
 Metaspace       used 30678K, capacity 31107K, committed 31488K, reserved 32768K
}
Event: 95.769 GC heap before
{Heap before GC invocations=62 (full 4):
 def new generation   total 3065024K, used 3003619K [0x00007f9968600000, 0x00007f9a383c0000, 0x00007f9ebdb50000)
  eden space 2724480K, 100% used [0x00007f9968600000, 0x00007f9a0eaa0000, 0x00007f9a0eaa0000)
  from space 340544K,  81% used [0x00007f9a0eaa0000, 0x00007f9a1fb38fe8, 0x00007f9a23730000)
  to   space 340544K,   0% used [0x00007f9a23730000, 0x00007f9a23730000, 0x00007f9a383c0000)
 tenured generation   total 6811052K, used 6362867K [0x00007f9ebdb50000, 0x00007fa05d6bb000, 0x00007fa968600000)
   the space 6811052K,  93% used [0x00007f9ebdb50000, 0x00007fa04210cdd0, 0x00007fa04210ce00, 0x00007fa05d6bb000)
 Metaspace       used 30678K, capacity 31107K, committed 31488K, reserved 32768K
}
Event: 96.794 GC heap after
{Heap after GC invocations=63 (full 4):
 def new generation   total 3065024K, used 296860K [0x00007f9968600000, 0x00007f9a383c0000, 0x00007f9ebdb50000)
  eden space 2724480K,   0% used [0x00007f9968600000, 0x00007f9968600000, 0x00007f9a0eaa0000)
  from space 340544K,  87% used [0x00007f9a23730000, 0x00007f9a35917108, 0x00007f9a383c0000)
  to   space 340544K,   0% used [0x00007f9a0eaa0000, 0x00007f9a0eaa0000, 0x00007f9a23730000)
 tenured generation   total 6811052K, used 6642006K [0x00007f9ebdb50000, 0x00007fa05d6bb000, 0x00007fa968600000)
   the space 6811052K,  97% used [0x00007f9ebdb50000, 0x00007fa0531a5bc8, 0x00007fa0531a5c00, 0x00007fa05d6bb000)
 Metaspace       used 30678K, capacity 31107K, committed 31488K, reserved 32768K
}
Event: 97.553 GC heap before
{Heap before GC invocations=63 (full 4):
 def new generation   total 3065024K, used 3021340K [0x00007f9968600000, 0x00007f9a383c0000, 0x00007f9ebdb50000)
  eden space 2724480K, 100% used [0x00007f9968600000, 0x00007f9a0eaa0000, 0x00007f9a0eaa0000)
  from space 340544K,  87% used [0x00007f9a23730000, 0x00007f9a35917108, 0x00007f9a383c0000)
  to   space 340544K,   0% used [0x00007f9a0eaa0000, 0x00007f9a0eaa0000, 0x00007f9a23730000)
 tenured generation   total 6811052K, used 6642006K [0x00007f9ebdb50000, 0x00007fa05d6bb000, 0x00007fa968600000)
   the space 6811052K,  97% used [0x00007f9ebdb50000, 0x00007fa0531a5bc8, 0x00007fa0531a5c00, 0x00007fa05d6bb000)
 Metaspace       used 30678K, capacity 31107K, committed 31488K, reserved 32768K
}
Event: 98.513 GC heap after
{Heap after GC invocations=64 (full 4):
 def new generation   total 3065024K, used 285142K [0x00007f9968600000, 0x00007f9a383c0000, 0x00007f9ebdb50000)
  eden space 2724480K,   0% used [0x00007f9968600000, 0x00007f9968600000, 0x00007f9a0eaa0000)
  from space 340544K,  83% used [0x00007f9a0eaa0000, 0x00007f9a20115a20, 0x00007f9a23730000)
  to   space 340544K,   0% used [0x00007f9a23730000, 0x00007f9a23730000, 0x00007f9a383c0000)
 tenured generation   total 6938924K, used 6938866K [0x00007f9ebdb50000, 0x00007fa06539b000, 0x00007fa968600000)
   the space 6938924K,  99% used [0x00007f9ebdb50000, 0x00007fa06538c8f0, 0x00007fa06538ca00, 0x00007fa06539b000)
 Metaspace       used 30678K, capacity 31107K, committed 31488K, reserved 32768K
}
Event: 98.513 GC heap before
{Heap before GC invocations=64 (full 4):
 def new generation   total 3065024K, used 285142K [0x00007f9968600000, 0x00007f9a383c0000, 0x00007f9ebdb50000)
  eden space 2724480K,   0% used [0x00007f9968600000, 0x00007f9968600000, 0x00007f9a0eaa0000)
  from space 340544K,  83% used [0x00007f9a0eaa0000, 0x00007f9a20115a20, 0x00007f9a23730000)
  to   space 340544K,   0% used [0x00007f9a23730000, 0x00007f9a23730000, 0x00007f9a383c0000)
 tenured generation   total 6938924K, used 6938866K [0x00007f9ebdb50000, 0x00007fa06539b000, 0x00007fa968600000)
   the space 6938924K,  99% used [0x00007f9ebdb50000, 0x00007fa06538c8f0, 0x00007fa06538ca00, 0x00007fa06539b000)
 Metaspace       used 30678K, capacity 31107K, committed 31488K, reserved 32768K
}
Event: 114.502 GC heap after
{Heap after GC invocations=64 (full 5):
 def new generation   total 5204224K, used 285084K [0x00007f9968600000, 0x00007f9ac94f0000, 0x00007f9ebdb50000)
  eden space 4625984K,   6% used [0x00007f9968600000, 0x00007f9979c67328, 0x00007f9a82b90000)
  from space 578240K,   0% used [0x00007f9a82b90000, 0x00007f9a82b90000, 0x00007f9aa6040000)
  to   space 578240K,   0% used [0x00007f9aa6040000, 0x00007f9aa6040000, 0x00007f9ac94f0000)
 tenured generation   total 11564876K, used 6938923K [0x00007f9ebdb50000, 0x00007fa17f923000, 0x00007fa968600000)
   the space 11564876K,  59% used [0x00007f9ebdb50000, 0x00007fa06539afe8, 0x00007fa06539b000, 0x00007fa17f923000)
 Metaspace       used 30678K, capacity 31107K, committed 31488K, reserved 32768K
}
Event: 115.839 GC heap before
{Heap before GC invocations=64 (full 5):
 def new generation   total 5204224K, used 4625984K [0x00007f9968600000, 0x00007f9ac94f0000, 0x00007f9ebdb50000)
  eden space 4625984K, 100% used [0x00007f9968600000, 0x00007f9a82b90000, 0x00007f9a82b90000)
  from space 578240K,   0% used [0x00007f9a82b90000, 0x00007f9a82b90000, 0x00007f9aa6040000)
  to   space 578240K,   0% used [0x00007f9aa6040000, 0x00007f9aa6040000, 0x00007f9ac94f0000)
 tenured generation   total 11564876K, used 6938923K [0x00007f9ebdb50000, 0x00007fa17f923000, 0x00007fa968600000)
   the space 11564876K,  59% used [0x00007f9ebdb50000, 0x00007fa06539afe8, 0x00007fa06539b000, 0x00007fa17f923000)
 Metaspace       used 30678K, capacity 31107K, committed 31488K, reserved 32768K
}
Event: 131.510 GC heap after
{Heap after GC invocations=65 (full 5):
 def new generation   total 5204224K, used 578239K [0x00007f9968600000, 0x00007f9ac94f0000, 0x00007f9ebdb50000)
  eden space 4625984K,   0% used [0x00007f9968600000, 0x00007f9968600000, 0x00007f9a82b90000)
  from space 578240K,  99% used [0x00007f9aa6040000, 0x00007f9ac94efff8, 0x00007f9ac94f0000)
  to   space 578240K,   0% used [0x00007f9a82b90000, 0x00007f9a82b90000, 0x00007f9aa6040000)
 tenured generation   total 11564876K, used 7112501K [0x00007f9ebdb50000, 0x00007fa17f923000, 0x00007fa968600000)
   the space 11564876K,  61% used [0x00007f9ebdb50000, 0x00007fa06fd1d720, 0x00007fa06fd1d800, 0x00007fa17f923000)
 Metaspace       used 30678K, capacity 31107K, committed 31488K, reserved 32768K
}
Event: 135.516 GC heap before
{Heap before GC invocations=65 (full 5):
 def new generation   total 5204224K, used 5204223K [0x00007f9968600000, 0x00007f9ac94f0000, 0x00007f9ebdb50000)
  eden space 4625984K, 100% used [0x00007f9968600000, 0x00007f9a82b90000, 0x00007f9a82b90000)
  from space 578240K,  99% used [0x00007f9aa6040000, 0x00007f9ac94efff8, 0x00007f9ac94f0000)
  to   space 578240K,   0% used [0x00007f9a82b90000, 0x00007f9a82b90000, 0x00007f9aa6040000)
 tenured generation   total 11564876K, used 7112501K [0x00007f9ebdb50000, 0x00007fa17f923000, 0x00007fa968600000)
   the space 11564876K,  61% used [0x00007f9ebdb50000, 0x00007fa06fd1d720, 0x00007fa06fd1d800, 0x00007fa17f923000)
 Metaspace       used 30678K, capacity 31107K, committed 31488K, reserved 32768K
}
Event: 137.524 GC heap after
{Heap after GC invocations=66 (full 5):
 def new generation   total 5204224K, used 500599K [0x00007f9968600000, 0x00007f9ac94f0000, 0x00007f9ebdb50000)
  eden space 4625984K,   0% used [0x00007f9968600000, 0x00007f9968600000, 0x00007f9a82b90000)
  from space 578240K,  86% used [0x00007f9a82b90000, 0x00007f9aa146dd28, 0x00007f9aa6040000)
  to   space 578240K,   0% used [0x00007f9aa6040000, 0x00007f9aa6040000, 0x00007f9ac94f0000)
 tenured generation   total 11564876K, used 7690741K [0x00007f9ebdb50000, 0x00007fa17f923000, 0x00007fa968600000)
   the space 11564876K,  66% used [0x00007f9ebdb50000, 0x00007fa0931cd6d8, 0x00007fa0931cd800, 0x00007fa17f923000)
 Metaspace       used 30678K, capacity 31107K, committed 31488K, reserved 32768K
}
Event: 138.938 GC heap before
{Heap before GC invocations=66 (full 5):
 def new generation   total 5204224K, used 5126583K [0x00007f9968600000, 0x00007f9ac94f0000, 0x00007f9ebdb50000)
  eden space 4625984K, 100% used [0x00007f9968600000, 0x00007f9a82b90000, 0x00007f9a82b90000)
  from space 578240K,  86% used [0x00007f9a82b90000, 0x00007f9aa146dd28, 0x00007f9aa6040000)
  to   space 578240K,   0% used [0x00007f9aa6040000, 0x00007f9aa6040000, 0x00007f9ac94f0000)
 tenured generation   total 11564876K, used 7690741K [0x00007f9ebdb50000, 0x00007fa17f923000, 0x00007fa968600000)
   the space 11564876K,  66% used [0x00007f9ebdb50000, 0x00007fa0931cd6d8, 0x00007fa0931cd800, 0x00007fa17f923000)
 Metaspace       used 30678K, capacity 31107K, committed 31488K, reserved 32768K
}
Event: 140.916 GC heap after
{Heap after GC invocations=67 (full 5):
 def new generation   total 5204224K, used 578240K [0x00007f9968600000, 0x00007f9ac94f0000, 0x00007f9ebdb50000)
  eden space 4625984K,   0% used [0x00007f9968600000, 0x00007f9968600000, 0x00007f9a82b90000)
  from space 578240K, 100% used [0x00007f9aa6040000, 0x00007f9ac94f0000, 0x00007f9ac94f0000)
  to   space 578240K,   0% used [0x00007f9a82b90000, 0x00007f9a82b90000, 0x00007f9aa6040000)
 tenured generation   total 11564876K, used 8245321K [0x00007f9ebdb50000, 0x00007fa17f923000, 0x00007fa968600000)
   the space 11564876K,  71% used [0x00007f9ebdb50000, 0x00007fa0b4f625c0, 0x00007fa0b4f62600, 0x00007fa17f923000)
 Metaspace       used 30678K, capacity 31107K, committed 31488K, reserved 32768K
}
Event: 291.270 GC heap before
{Heap before GC invocations=67 (full 5):
 def new generation   total 5204224K, used 5204224K [0x00007f9968600000, 0x00007f9ac94f0000, 0x00007f9ebdb50000)
  eden space 4625984K, 100% used [0x00007f9968600000, 0x00007f9a82b90000, 0x00007f9a82b90000)
  from space 578240K, 100% used [0x00007f9aa6040000, 0x00007f9ac94f0000, 0x00007f9ac94f0000)
  to   space 578240K,   0% used [0x00007f9a82b90000, 0x00007f9a82b90000, 0x00007f9aa6040000)
 tenured generation   total 11564876K, used 8245321K [0x00007f9ebdb50000, 0x00007fa17f923000, 0x00007fa968600000)
   the space 11564876K,  71% used [0x00007f9ebdb50000, 0x00007fa0b4f625c0, 0x00007fa0b4f62600, 0x00007fa17f923000)
 Metaspace       used 30678K, capacity 31107K, committed 31488K, reserved 32768K
}
Event: 297.030 GC heap after
{Heap after GC invocations=68 (full 5):
 def new generation   total 5204224K, used 578239K [0x00007f9968600000, 0x00007f9ac94f0000, 0x00007f9ebdb50000)
  eden space 4625984K,   0% used [0x00007f9968600000, 0x00007f9968600000, 0x00007f9a82b90000)
  from space 578240K,  99% used [0x00007f9a82b90000, 0x00007f9aa603fff0, 0x00007f9aa6040000)
  to   space 578240K,   0% used [0x00007f9aa6040000, 0x00007f9aa6040000, 0x00007f9ac94f0000)
 tenured generation   total 11564876K, used 10322130K [0x00007f9ebdb50000, 0x00007fa17f923000, 0x00007fa968600000)
   the space 11564876K,  89% used [0x00007f9ebdb50000, 0x00007fa133b84930, 0x00007fa133b84a00, 0x00007fa17f923000)
 Metaspace       used 30678K, capacity 31107K, committed 31488K, reserved 32768K
}
Event: 447.671 GC heap before
{Heap before GC invocations=68 (full 5):
 def new generation   total 5204224K, used 5204223K [0x00007f9968600000, 0x00007f9ac94f0000, 0x00007f9ebdb50000)
  eden space 4625984K, 100% used [0x00007f9968600000, 0x00007f9a82b90000, 0x00007f9a82b90000)
  from space 578240K,  99% used [0x00007f9a82b90000, 0x00007f9aa603fff0, 0x00007f9aa6040000)
  to   space 578240K,   0% used [0x00007f9aa6040000, 0x00007f9aa6040000, 0x00007f9ac94f0000)
 tenured generation   total 11564876K, used 10322130K [0x00007f9ebdb50000, 0x00007fa17f923000, 0x00007fa968600000)
   the space 11564876K,  89% used [0x00007f9ebdb50000, 0x00007fa133b84930, 0x00007fa133b84a00, 0x00007fa17f923000)
 Metaspace       used 30678K, capacity 31107K, committed 31488K, reserved 32768K
}
Event: 449.914 GC heap after
{Heap after GC invocations=69 (full 5):
 def new generation   total 5204224K, used 578239K [0x00007f9968600000, 0x00007f9ac94f0000, 0x00007f9ebdb50000)
  eden space 4625984K,   0% used [0x00007f9968600000, 0x00007f9968600000, 0x00007f9a82b90000)
  from space 578240K,  99% used [0x00007f9aa6040000, 0x00007f9ac94efff0, 0x00007f9ac94f0000)
  to   space 578240K,   0% used [0x00007f9a82b90000, 0x00007f9a82b90000, 0x00007f9aa6040000)
 tenured generation   total 11564876K, used 11296015K [0x00007f9ebdb50000, 0x00007fa17f923000, 0x00007fa968600000)
   the space 11564876K,  97% used [0x00007f9ebdb50000, 0x00007fa16f293e30, 0x00007fa16f294000, 0x00007fa17f923000)
 Metaspace       used 30678K, capacity 31107K, committed 31488K, reserved 32768K
}
Event: 578.186 GC heap before
{Heap before GC invocations=69 (full 5):
 def new generation   total 5204224K, used 5204223K [0x00007f9968600000, 0x00007f9ac94f0000, 0x00007f9ebdb50000)
  eden space 4625984K, 100% used [0x00007f9968600000, 0x00007f9a82b90000, 0x00007f9a82b90000)
  from space 578240K,  99% used [0x00007f9aa6040000, 0x00007f9ac94efff0, 0x00007f9ac94f0000)
  to   space 578240K,   0% used [0x00007f9a82b90000, 0x00007f9a82b90000, 0x00007f9aa6040000)
 tenured generation   total 11564876K, used 11296015K [0x00007f9ebdb50000, 0x00007fa17f923000, 0x00007fa968600000)
   the space 11564876K,  97% used [0x00007f9ebdb50000, 0x00007fa16f293e30, 0x00007fa16f294000, 0x00007fa17f923000)
 Metaspace       used 30678K, capacity 31107K, committed 31488K, reserved 32768K
}
Event: 584.109 GC heap after
{Heap after GC invocations=70 (full 5):
 def new generation   total 5204224K, used 578239K [0x00007f9968600000, 0x00007f9ac94f0000, 0x00007f9ebdb50000)
  eden space 4625984K,   0% used [0x00007f9968600000, 0x00007f9968600000, 0x00007f9a82b90000)
  from space 578240K,  99% used [0x00007f9a82b90000, 0x00007f9aa603fff0, 0x00007f9aa6040000)
  to   space 578240K,   0% used [0x00007f9aa6040000, 0x00007f9aa6040000, 0x00007f9ac94f0000)
 tenured generation   total 12270092K, used 12269900K [0x00007f9ebdb50000, 0x00007fa1aa9d3000, 0x00007fa968600000)
   the space 12270092K,  99% used [0x00007f9ebdb50000, 0x00007fa1aa9a3350, 0x00007fa1aa9a3400, 0x00007fa1aa9d3000)
 Metaspace       used 30678K, capacity 31107K, committed 31488K, reserved 32768K
}
Event: 584.110 GC heap before
{Heap before GC invocations=70 (full 5):
 def new generation   total 5204224K, used 578239K [0x00007f9968600000, 0x00007f9ac94f0000, 0x00007f9ebdb50000)
  eden space 4625984K,   0% used [0x00007f9968600000, 0x00007f9968600000, 0x00007f9a82b90000)
  from space 578240K,  99% used [0x00007f9a82b90000, 0x00007f9aa603fff0, 0x00007f9aa6040000)
  to   space 578240K,   0% used [0x00007f9aa6040000, 0x00007f9aa6040000, 0x00007f9ac94f0000)
 tenured generation   total 12270092K, used 12269900K [0x00007f9ebdb50000, 0x00007fa1aa9d3000, 0x00007fa968600000)
   the space 12270092K,  99% used [0x00007f9ebdb50000, 0x00007fa1aa9a3350, 0x00007fa1aa9a3400, 0x00007fa1aa9d3000)
 Metaspace       used 30678K, capacity 31107K, committed 31488K, reserved 32768K
}

