# JRE version: OpenJDK Runtime Environment (13.0.7+5) (build 13.0.7+5-Ubuntu-0ubuntu120.04)
# Java VM: OpenJDK 64-Bit Server VM (13.0.7+5-Ubuntu-0ubuntu120.04, mixed mode, tiered, serial gc, linux-amd64)
Heap:
 def new generation   total 5101632K, used 566615K [0x00007fdbc4600000, 0x00007fdd1e590000, 0x00007fe119b50000)
  eden space 4534848K,  12% used [0x00007fdbc4600000, 0x00007fdbe6f55d00, 0x00007fdcd9290000)
  from space 566784K,   0% used [0x00007fdcfbc10000, 0x00007fdcfbc10000, 0x00007fdd1e590000)
  to   space 566784K,   0% used [0x00007fdcd9290000, 0x00007fdcd9290000, 0x00007fdcfbc10000)
 tenured generation   total 11762380K, used 11762379K [0x00007fe119b50000, 0x00007fe3e7a03000, 0x00007febc4600000)
   the space 11762380K,  99% used [0x00007fe119b50000, 0x00007fe3e7a02ff0, 0x00007fe3e7a03000, 0x00007fe3e7a03000)
 Metaspace       used 31142K, capacity 31582K, committed 31744K, reserved 32768K
GC Heap History (20 events):
Event: 314.088 GC heap after
{Heap after GC invocations=323 (full 111):
 def new generation   total 3002048K, used 271653K [0x00007fdbc4600000, 0x00007fdc8ff60000, 0x00007fe119b50000)
  eden space 2668544K,   0% used [0x00007fdbc4600000, 0x00007fdbc4600000, 0x00007fdc67400000)
  from space 333504K,  81% used [0x00007fdc7b9b0000, 0x00007fdc8c2f9630, 0x00007fdc8ff60000)
  to   space 333504K,   0% used [0x00007fdc67400000, 0x00007fdc67400000, 0x00007fdc7b9b0000)
 tenured generation   total 6671060K, used 5953062K [0x00007fe119b50000, 0x00007fe2b0e05000, 0x00007febc4600000)
   the space 6671060K,  89% used [0x00007fe119b50000, 0x00007fe2850d9a18, 0x00007fe2850d9c00, 0x00007fe2b0e05000)
 Metaspace       used 31142K, capacity 31582K, committed 31744K, reserved 32768K
}
Event: 314.764 GC heap before
{Heap before GC invocations=323 (full 111):
 def new generation   total 3002048K, used 2940197K [0x00007fdbc4600000, 0x00007fdc8ff60000, 0x00007fe119b50000)
  eden space 2668544K, 100% used [0x00007fdbc4600000, 0x00007fdc67400000, 0x00007fdc67400000)
  from space 333504K,  81% used [0x00007fdc7b9b0000, 0x00007fdc8c2f9630, 0x00007fdc8ff60000)
  to   space 333504K,   0% used [0x00007fdc67400000, 0x00007fdc67400000, 0x00007fdc7b9b0000)
 tenured generation   total 6671060K, used 5953062K [0x00007fe119b50000, 0x00007fe2b0e05000, 0x00007febc4600000)
   the space 6671060K,  89% used [0x00007fe119b50000, 0x00007fe2850d9a18, 0x00007fe2850d9c00, 0x00007fe2b0e05000)
 Metaspace       used 31142K, capacity 31582K, committed 31744K, reserved 32768K
}
Event: 315.560 GC heap after
{Heap after GC invocations=324 (full 111):
 def new generation   total 3002048K, used 282292K [0x00007fdbc4600000, 0x00007fdc8ff60000, 0x00007fe119b50000)
  eden space 2668544K,   0% used [0x00007fdbc4600000, 0x00007fdbc4600000, 0x00007fdc67400000)
  from space 333504K,  84% used [0x00007fdc67400000, 0x00007fdc787ad118, 0x00007fdc7b9b0000)
  to   space 333504K,   0% used [0x00007fdc7b9b0000, 0x00007fdc7b9b0000, 0x00007fdc8ff60000)
 tenured generation   total 6671060K, used 6224715K [0x00007fe119b50000, 0x00007fe2b0e05000, 0x00007febc4600000)
   the space 6671060K,  93% used [0x00007fe119b50000, 0x00007fe295a22ce8, 0x00007fe295a22e00, 0x00007fe2b0e05000)
 Metaspace       used 31142K, capacity 31582K, committed 31744K, reserved 32768K
}
Event: 316.286 GC heap before
{Heap before GC invocations=324 (full 111):
 def new generation   total 3002048K, used 2950836K [0x00007fdbc4600000, 0x00007fdc8ff60000, 0x00007fe119b50000)
  eden space 2668544K, 100% used [0x00007fdbc4600000, 0x00007fdc67400000, 0x00007fdc67400000)
  from space 333504K,  84% used [0x00007fdc67400000, 0x00007fdc787ad118, 0x00007fdc7b9b0000)
  to   space 333504K,   0% used [0x00007fdc7b9b0000, 0x00007fdc7b9b0000, 0x00007fdc8ff60000)
 tenured generation   total 6671060K, used 6224715K [0x00007fe119b50000, 0x00007fe2b0e05000, 0x00007febc4600000)
   the space 6671060K,  93% used [0x00007fe119b50000, 0x00007fe295a22ce8, 0x00007fe295a22e00, 0x00007fe2b0e05000)
 Metaspace       used 31142K, capacity 31582K, committed 31744K, reserved 32768K
}
Event: 317.197 GC heap after
{Heap after GC invocations=325 (full 111):
 def new generation   total 3002048K, used 297652K [0x00007fdbc4600000, 0x00007fdc8ff60000, 0x00007fe119b50000)
  eden space 2668544K,   0% used [0x00007fdbc4600000, 0x00007fdbc4600000, 0x00007fdc67400000)
  from space 333504K,  89% used [0x00007fdc7b9b0000, 0x00007fdc8dc5d2a8, 0x00007fdc8ff60000)
  to   space 333504K,   0% used [0x00007fdc67400000, 0x00007fdc67400000, 0x00007fdc7b9b0000)
 tenured generation   total 6671060K, used 6507006K [0x00007fe119b50000, 0x00007fe2b0e05000, 0x00007febc4600000)
   the space 6671060K,  97% used [0x00007fe119b50000, 0x00007fe2a6dcfb50, 0x00007fe2a6dcfc00, 0x00007fe2b0e05000)
 Metaspace       used 31142K, capacity 31582K, committed 31744K, reserved 32768K
}
Event: 317.943 GC heap before
{Heap before GC invocations=325 (full 111):
 def new generation   total 3002048K, used 2966196K [0x00007fdbc4600000, 0x00007fdc8ff60000, 0x00007fe119b50000)
  eden space 2668544K, 100% used [0x00007fdbc4600000, 0x00007fdc67400000, 0x00007fdc67400000)
  from space 333504K,  89% used [0x00007fdc7b9b0000, 0x00007fdc8dc5d2a8, 0x00007fdc8ff60000)
  to   space 333504K,   0% used [0x00007fdc67400000, 0x00007fdc67400000, 0x00007fdc7b9b0000)
 tenured generation   total 6671060K, used 6507006K [0x00007fe119b50000, 0x00007fe2b0e05000, 0x00007febc4600000)
   the space 6671060K,  97% used [0x00007fe119b50000, 0x00007fe2a6dcfb50, 0x00007fe2a6dcfc00, 0x00007fe2b0e05000)
 Metaspace       used 31142K, capacity 31582K, committed 31744K, reserved 32768K
}
Event: 318.798 GC heap after
{Heap after GC invocations=326 (full 111):
 def new generation   total 3002048K, used 300529K [0x00007fdbc4600000, 0x00007fdc8ff60000, 0x00007fe119b50000)
  eden space 2668544K,   0% used [0x00007fdbc4600000, 0x00007fdbc4600000, 0x00007fdc67400000)
  from space 333504K,  90% used [0x00007fdc67400000, 0x00007fdc7997c760, 0x00007fdc7b9b0000)
  to   space 333504K,   0% used [0x00007fdc7b9b0000, 0x00007fdc7b9b0000, 0x00007fdc8ff60000)
 tenured generation   total 6804692K, used 6804659K [0x00007fe119b50000, 0x00007fe2b9085000, 0x00007febc4600000)
   the space 6804692K,  99% used [0x00007fe119b50000, 0x00007fe2b907cd78, 0x00007fe2b907ce00, 0x00007fe2b9085000)
 Metaspace       used 31142K, capacity 31582K, committed 31744K, reserved 32768K
}
Event: 318.798 GC heap before
{Heap before GC invocations=326 (full 111):
 def new generation   total 3002048K, used 300529K [0x00007fdbc4600000, 0x00007fdc8ff60000, 0x00007fe119b50000)
  eden space 2668544K,   0% used [0x00007fdbc4600000, 0x00007fdbc4600000, 0x00007fdc67400000)
  from space 333504K,  90% used [0x00007fdc67400000, 0x00007fdc7997c760, 0x00007fdc7b9b0000)
  to   space 333504K,   0% used [0x00007fdc7b9b0000, 0x00007fdc7b9b0000, 0x00007fdc8ff60000)
 tenured generation   total 6804692K, used 6804659K [0x00007fe119b50000, 0x00007fe2b9085000, 0x00007febc4600000)
   the space 6804692K,  99% used [0x00007fe119b50000, 0x00007fe2b907cd78, 0x00007fe2b907ce00, 0x00007fe2b9085000)
 Metaspace       used 31142K, capacity 31582K, committed 31744K, reserved 32768K
}
Event: 328.615 GC heap after
{Heap after GC invocations=326 (full 112):
 def new generation   total 5101632K, used 0K [0x00007fdbc4600000, 0x00007fdd1e590000, 0x00007fe119b50000)
  eden space 4534848K,   0% used [0x00007fdbc4600000, 0x00007fdbc4600000, 0x00007fdcd9290000)
  from space 566784K,   0% used [0x00007fdcd9290000, 0x00007fdcd9290000, 0x00007fdcfbc10000)
  to   space 566784K,   0% used [0x00007fdcfbc10000, 0x00007fdcfbc10000, 0x00007fdd1e590000)
 tenured generation   total 11336716K, used 6802027K [0x00007fe119b50000, 0x00007fe3cda53000, 0x00007febc4600000)
   the space 11336716K,  59% used [0x00007fe119b50000, 0x00007fe2b8deadb8, 0x00007fe2b8deae00, 0x00007fe3cda53000)
 Metaspace       used 31142K, capacity 31582K, committed 31744K, reserved 32768K
}
Event: 407.054 GC heap before
{Heap before GC invocations=326 (full 112):
 def new generation   total 5101632K, used 4534848K [0x00007fdbc4600000, 0x00007fdd1e590000, 0x00007fe119b50000)
  eden space 4534848K, 100% used [0x00007fdbc4600000, 0x00007fdcd9290000, 0x00007fdcd9290000)
  from space 566784K,   0% used [0x00007fdcd9290000, 0x00007fdcd9290000, 0x00007fdcfbc10000)
  to   space 566784K,   0% used [0x00007fdcfbc10000, 0x00007fdcfbc10000, 0x00007fdd1e590000)
 tenured generation   total 11336716K, used 6802027K [0x00007fe119b50000, 0x00007fe3cda53000, 0x00007febc4600000)
   the space 11336716K,  59% used [0x00007fe119b50000, 0x00007fe2b8deadb8, 0x00007fe2b8deae00, 0x00007fe3cda53000)
 Metaspace       used 31142K, capacity 31582K, committed 31744K, reserved 32768K
}
Event: 413.896 GC heap after
{Heap after GC invocations=327 (full 112):
 def new generation   total 5101632K, used 566783K [0x00007fdbc4600000, 0x00007fdd1e590000, 0x00007fe119b50000)
  eden space 4534848K,   0% used [0x00007fdbc4600000, 0x00007fdbc4600000, 0x00007fdcd9290000)
  from space 566784K,  99% used [0x00007fdcfbc10000, 0x00007fdd1e58fff8, 0x00007fdd1e590000)
  to   space 566784K,   0% used [0x00007fdcd9290000, 0x00007fdcd9290000, 0x00007fdcfbc10000)
 tenured generation   total 11336716K, used 7943416K [0x00007fe119b50000, 0x00007fe3cda53000, 0x00007febc4600000)
   the space 11336716K,  70% used [0x00007fe119b50000, 0x00007fe2fe88e2f8, 0x00007fe2fe88e400, 0x00007fe3cda53000)
 Metaspace       used 31142K, capacity 31582K, committed 31744K, reserved 32768K
}
Event: 664.246 GC heap before
{Heap before GC invocations=327 (full 112):
 def new generation   total 5101632K, used 5101631K [0x00007fdbc4600000, 0x00007fdd1e590000, 0x00007fe119b50000)
  eden space 4534848K, 100% used [0x00007fdbc4600000, 0x00007fdcd9290000, 0x00007fdcd9290000)
  from space 566784K,  99% used [0x00007fdcfbc10000, 0x00007fdd1e58fff8, 0x00007fdd1e590000)
  to   space 566784K,   0% used [0x00007fdcd9290000, 0x00007fdcd9290000, 0x00007fdcfbc10000)
 tenured generation   total 11336716K, used 7943416K [0x00007fe119b50000, 0x00007fe3cda53000, 0x00007febc4600000)
   the space 11336716K,  70% used [0x00007fe119b50000, 0x00007fe2fe88e2f8, 0x00007fe2fe88e400, 0x00007fe3cda53000)
 Metaspace       used 31142K, capacity 31582K, committed 31744K, reserved 32768K
}
Event: 666.783 GC heap after
{Heap after GC invocations=328 (full 112):
 def new generation   total 5101632K, used 566784K [0x00007fdbc4600000, 0x00007fdd1e590000, 0x00007fe119b50000)
  eden space 4534848K,   0% used [0x00007fdbc4600000, 0x00007fdbc4600000, 0x00007fdcd9290000)
  from space 566784K, 100% used [0x00007fdcd9290000, 0x00007fdcfbc10000, 0x00007fdcfbc10000)
  to   space 566784K,   0% used [0x00007fdcfbc10000, 0x00007fdcfbc10000, 0x00007fdd1e590000)
 tenured generation   total 11336716K, used 8898115K [0x00007fe119b50000, 0x00007fe3cda53000, 0x00007febc4600000)
   the space 11336716K,  78% used [0x00007fe119b50000, 0x00007fe338ce0d00, 0x00007fe338ce0e00, 0x00007fe3cda53000)
 Metaspace       used 31142K, capacity 31582K, committed 31744K, reserved 32768K
}
Event: 860.388 GC heap before
{Heap before GC invocations=328 (full 112):
 def new generation   total 5101632K, used 5101632K [0x00007fdbc4600000, 0x00007fdd1e590000, 0x00007fe119b50000)
  eden space 4534848K, 100% used [0x00007fdbc4600000, 0x00007fdcd9290000, 0x00007fdcd9290000)
  from space 566784K, 100% used [0x00007fdcd9290000, 0x00007fdcfbc10000, 0x00007fdcfbc10000)
  to   space 566784K,   0% used [0x00007fdcfbc10000, 0x00007fdcfbc10000, 0x00007fdd1e590000)
 tenured generation   total 11336716K, used 8898115K [0x00007fe119b50000, 0x00007fe3cda53000, 0x00007febc4600000)
   the space 11336716K,  78% used [0x00007fe119b50000, 0x00007fe338ce0d00, 0x00007fe338ce0e00, 0x00007fe3cda53000)
 Metaspace       used 31142K, capacity 31582K, committed 31744K, reserved 32768K
}
Event: 862.348 GC heap after
{Heap after GC invocations=329 (full 112):
 def new generation   total 5101632K, used 566783K [0x00007fdbc4600000, 0x00007fdd1e590000, 0x00007fe119b50000)
  eden space 4534848K,   0% used [0x00007fdbc4600000, 0x00007fdbc4600000, 0x00007fdcd9290000)
  from space 566784K,  99% used [0x00007fdcfbc10000, 0x00007fdd1e58fff0, 0x00007fdd1e590000)
  to   space 566784K,   0% used [0x00007fdcd9290000, 0x00007fdcd9290000, 0x00007fdcfbc10000)
 tenured generation   total 11336716K, used 9852814K [0x00007fe119b50000, 0x00007fe3cda53000, 0x00007febc4600000)
   the space 11336716K,  86% used [0x00007fe119b50000, 0x00007fe373133840, 0x00007fe373133a00, 0x00007fe3cda53000)
 Metaspace       used 31142K, capacity 31582K, committed 31744K, reserved 32768K
}
Event: 1096.657 GC heap before
{Heap before GC invocations=329 (full 112):
 def new generation   total 5101632K, used 5101631K [0x00007fdbc4600000, 0x00007fdd1e590000, 0x00007fe119b50000)
  eden space 4534848K, 100% used [0x00007fdbc4600000, 0x00007fdcd9290000, 0x00007fdcd9290000)
  from space 566784K,  99% used [0x00007fdcfbc10000, 0x00007fdd1e58fff0, 0x00007fdd1e590000)
  to   space 566784K,   0% used [0x00007fdcd9290000, 0x00007fdcd9290000, 0x00007fdcfbc10000)
 tenured generation   total 11336716K, used 9852814K [0x00007fe119b50000, 0x00007fe3cda53000, 0x00007febc4600000)
   the space 11336716K,  86% used [0x00007fe119b50000, 0x00007fe373133840, 0x00007fe373133a00, 0x00007fe3cda53000)
 Metaspace       used 31142K, capacity 31582K, committed 31744K, reserved 32768K
}
Event: 1098.510 GC heap after
{Heap after GC invocations=330 (full 112):
 def new generation   total 5101632K, used 566783K [0x00007fdbc4600000, 0x00007fdd1e590000, 0x00007fe119b50000)
  eden space 4534848K,   0% used [0x00007fdbc4600000, 0x00007fdbc4600000, 0x00007fdcd9290000)
  from space 566784K,  99% used [0x00007fdcd9290000, 0x00007fdcfbc0fff0, 0x00007fdcfbc10000)
  to   space 566784K,   0% used [0x00007fdcfbc10000, 0x00007fdcfbc10000, 0x00007fdd1e590000)
 tenured generation   total 11336716K, used 10807512K [0x00007fe119b50000, 0x00007fe3cda53000, 0x00007febc4600000)
   the space 11336716K,  95% used [0x00007fe119b50000, 0x00007fe3ad586300, 0x00007fe3ad586400, 0x00007fe3cda53000)
 Metaspace       used 31142K, capacity 31582K, committed 31744K, reserved 32768K
}
Event: 1282.995 GC heap before
{Heap before GC invocations=330 (full 112):
 def new generation   total 5101632K, used 5101631K [0x00007fdbc4600000, 0x00007fdd1e590000, 0x00007fe119b50000)
  eden space 4534848K, 100% used [0x00007fdbc4600000, 0x00007fdcd9290000, 0x00007fdcd9290000)
  from space 566784K,  99% used [0x00007fdcd9290000, 0x00007fdcfbc0fff0, 0x00007fdcfbc10000)
  to   space 566784K,   0% used [0x00007fdcfbc10000, 0x00007fdcfbc10000, 0x00007fdd1e590000)
 tenured generation   total 11336716K, used 10807512K [0x00007fe119b50000, 0x00007fe3cda53000, 0x00007febc4600000)
   the space 11336716K,  95% used [0x00007fe119b50000, 0x00007fe3ad586300, 0x00007fe3ad586400, 0x00007fe3cda53000)
 Metaspace       used 31142K, capacity 31582K, committed 31744K, reserved 32768K
}
Event: 1285.176 GC heap after
{Heap after GC invocations=331 (full 112):
 def new generation   total 5101632K, used 566783K [0x00007fdbc4600000, 0x00007fdd1e590000, 0x00007fe119b50000)
  eden space 4534848K,   0% used [0x00007fdbc4600000, 0x00007fdbc4600000, 0x00007fdcd9290000)
  from space 566784K,  99% used [0x00007fdcfbc10000, 0x00007fdd1e58fff0, 0x00007fdd1e590000)
  to   space 566784K,   0% used [0x00007fdcd9290000, 0x00007fdcd9290000, 0x00007fdcfbc10000)
 tenured generation   total 11762380K, used 11762211K [0x00007fe119b50000, 0x00007fe3e7a03000, 0x00007febc4600000)
   the space 11762380K,  99% used [0x00007fe119b50000, 0x00007fe3e79d8d00, 0x00007fe3e79d8e00, 0x00007fe3e7a03000)
 Metaspace       used 31142K, capacity 31582K, committed 31744K, reserved 32768K
}
Event: 1285.176 GC heap before
{Heap before GC invocations=331 (full 112):
 def new generation   total 5101632K, used 566783K [0x00007fdbc4600000, 0x00007fdd1e590000, 0x00007fe119b50000)
  eden space 4534848K,   0% used [0x00007fdbc4600000, 0x00007fdbc4600000, 0x00007fdcd9290000)
  from space 566784K,  99% used [0x00007fdcfbc10000, 0x00007fdd1e58fff0, 0x00007fdd1e590000)
  to   space 566784K,   0% used [0x00007fdcd9290000, 0x00007fdcd9290000, 0x00007fdcfbc10000)
 tenured generation   total 11762380K, used 11762211K [0x00007fe119b50000, 0x00007fe3e7a03000, 0x00007febc4600000)
   the space 11762380K,  99% used [0x00007fe119b50000, 0x00007fe3e79d8d00, 0x00007fe3e79d8e00, 0x00007fe3e7a03000)
 Metaspace       used 31142K, capacity 31582K, committed 31744K, reserved 32768K
}

