# JRE version: OpenJDK Runtime Environment (13.0.7+5) (build 13.0.7+5-Ubuntu-0ubuntu120.04)
# Java VM: OpenJDK 64-Bit Server VM (13.0.7+5-Ubuntu-0ubuntu120.04, mixed mode, tiered, serial gc, linux-amd64)
Heap:
 def new generation   total 8531456K, used 215833K [0x00007f25cc600000, 0x00007f280ef30000, 0x00007f2b21b50000)
  eden space 7583552K,   2% used [0x00007f25cc600000, 0x00007f25d98c6590, 0x00007f279b3d0000)
  from space 947904K,   0% used [0x00007f279b3d0000, 0x00007f279b3d0000, 0x00007f27d5180000)
  to   space 947904K,   0% used [0x00007f27d5180000, 0x00007f27d5180000, 0x00007f280ef30000)
 tenured generation   total 19017912K, used 19017911K [0x00007f2b21b50000, 0x00007f2faa77e000, 0x00007f35cc600000)
   the space 19017912K,  99% used [0x00007f2b21b50000, 0x00007f2faa77dfe8, 0x00007f2faa77e000, 0x00007f2faa77e000)
 Metaspace       used 30421K, capacity 30778K, committed 30976K, reserved 32768K
GC Heap History (20 events):
Event: 855.804 GC heap after
{Heap after GC invocations=79 (full 6):
 def new generation   total 8531456K, used 570402K [0x00007f25cc600000, 0x00007f280ef30000, 0x00007f2b21b50000)
  eden space 7583552K,   0% used [0x00007f25cc600000, 0x00007f25cc600000, 0x00007f279b3d0000)
  from space 947904K,  60% used [0x00007f27d5180000, 0x00007f27f7e88b90, 0x00007f280ef30000)
  to   space 947904K,   0% used [0x00007f279b3d0000, 0x00007f279b3d0000, 0x00007f27d5180000)
 tenured generation   total 18958584K, used 13657829K [0x00007f2b21b50000, 0x00007f2fa6d8e000, 0x00007f35cc600000)
   the space 18958584K,  72% used [0x00007f2b21b50000, 0x00007f2e63509488, 0x00007f2e63509600, 0x00007f2fa6d8e000)
 Metaspace       used 30421K, capacity 30778K, committed 30976K, reserved 32768K
}
Event: 858.133 GC heap before
{Heap before GC invocations=79 (full 6):
 def new generation   total 8531456K, used 8153954K [0x00007f25cc600000, 0x00007f280ef30000, 0x00007f2b21b50000)
  eden space 7583552K, 100% used [0x00007f25cc600000, 0x00007f279b3d0000, 0x00007f279b3d0000)
  from space 947904K,  60% used [0x00007f27d5180000, 0x00007f27f7e88b90, 0x00007f280ef30000)
  to   space 947904K,   0% used [0x00007f279b3d0000, 0x00007f279b3d0000, 0x00007f27d5180000)
 tenured generation   total 18958584K, used 13657829K [0x00007f2b21b50000, 0x00007f2fa6d8e000, 0x00007f35cc600000)
   the space 18958584K,  72% used [0x00007f2b21b50000, 0x00007f2e63509488, 0x00007f2e63509600, 0x00007f2fa6d8e000)
 Metaspace       used 30421K, capacity 30778K, committed 30976K, reserved 32768K
}
Event: 860.170 GC heap after
{Heap after GC invocations=80 (full 6):
 def new generation   total 8531456K, used 569412K [0x00007f25cc600000, 0x00007f280ef30000, 0x00007f2b21b50000)
  eden space 7583552K,   0% used [0x00007f25cc600000, 0x00007f25cc600000, 0x00007f279b3d0000)
  from space 947904K,  60% used [0x00007f279b3d0000, 0x00007f27bdfe1040, 0x00007f27d5180000)
  to   space 947904K,   0% used [0x00007f27d5180000, 0x00007f27d5180000, 0x00007f280ef30000)
 tenured generation   total 18958584K, used 14228232K [0x00007f2b21b50000, 0x00007f2fa6d8e000, 0x00007f35cc600000)
   the space 18958584K,  75% used [0x00007f2b21b50000, 0x00007f2e86212018, 0x00007f2e86212200, 0x00007f2fa6d8e000)
 Metaspace       used 30421K, capacity 30778K, committed 30976K, reserved 32768K
}
Event: 862.525 GC heap before
{Heap before GC invocations=80 (full 6):
 def new generation   total 8531456K, used 8152964K [0x00007f25cc600000, 0x00007f280ef30000, 0x00007f2b21b50000)
  eden space 7583552K, 100% used [0x00007f25cc600000, 0x00007f279b3d0000, 0x00007f279b3d0000)
  from space 947904K,  60% used [0x00007f279b3d0000, 0x00007f27bdfe1040, 0x00007f27d5180000)
  to   space 947904K,   0% used [0x00007f27d5180000, 0x00007f27d5180000, 0x00007f280ef30000)
 tenured generation   total 18958584K, used 14228232K [0x00007f2b21b50000, 0x00007f2fa6d8e000, 0x00007f35cc600000)
   the space 18958584K,  75% used [0x00007f2b21b50000, 0x00007f2e86212018, 0x00007f2e86212200, 0x00007f2fa6d8e000)
 Metaspace       used 30421K, capacity 30778K, committed 30976K, reserved 32768K
}
Event: 864.551 GC heap after
{Heap after GC invocations=81 (full 6):
 def new generation   total 8531456K, used 572591K [0x00007f25cc600000, 0x00007f280ef30000, 0x00007f2b21b50000)
  eden space 7583552K,   0% used [0x00007f25cc600000, 0x00007f25cc600000, 0x00007f279b3d0000)
  from space 947904K,  60% used [0x00007f27d5180000, 0x00007f27f80abe20, 0x00007f280ef30000)
  to   space 947904K,   0% used [0x00007f279b3d0000, 0x00007f279b3d0000, 0x00007f27d5180000)
 tenured generation   total 18958584K, used 14797643K [0x00007f2b21b50000, 0x00007f2fa6d8e000, 0x00007f35cc600000)
   the space 18958584K,  78% used [0x00007f2b21b50000, 0x00007f2ea8e22c18, 0x00007f2ea8e22e00, 0x00007f2fa6d8e000)
 Metaspace       used 30421K, capacity 30778K, committed 30976K, reserved 32768K
}
Event: 866.768 GC heap before
{Heap before GC invocations=81 (full 6):
 def new generation   total 8531456K, used 8156143K [0x00007f25cc600000, 0x00007f280ef30000, 0x00007f2b21b50000)
  eden space 7583552K, 100% used [0x00007f25cc600000, 0x00007f279b3d0000, 0x00007f279b3d0000)
  from space 947904K,  60% used [0x00007f27d5180000, 0x00007f27f80abe20, 0x00007f280ef30000)
  to   space 947904K,   0% used [0x00007f279b3d0000, 0x00007f279b3d0000, 0x00007f27d5180000)
 tenured generation   total 18958584K, used 14797643K [0x00007f2b21b50000, 0x00007f2fa6d8e000, 0x00007f35cc600000)
   the space 18958584K,  78% used [0x00007f2b21b50000, 0x00007f2ea8e22c18, 0x00007f2ea8e22e00, 0x00007f2fa6d8e000)
 Metaspace       used 30421K, capacity 30778K, committed 30976K, reserved 32768K
}
Event: 868.731 GC heap after
{Heap after GC invocations=82 (full 6):
 def new generation   total 8531456K, used 572359K [0x00007f25cc600000, 0x00007f280ef30000, 0x00007f2b21b50000)
  eden space 7583552K,   0% used [0x00007f25cc600000, 0x00007f25cc600000, 0x00007f279b3d0000)
  from space 947904K,  60% used [0x00007f279b3d0000, 0x00007f27be2c1f80, 0x00007f27d5180000)
  to   space 947904K,   0% used [0x00007f27d5180000, 0x00007f27d5180000, 0x00007f280ef30000)
 tenured generation   total 18958584K, used 15370233K [0x00007f2b21b50000, 0x00007f2fa6d8e000, 0x00007f35cc600000)
   the space 18958584K,  81% used [0x00007f2b21b50000, 0x00007f2ecbd4e788, 0x00007f2ecbd4e800, 0x00007f2fa6d8e000)
 Metaspace       used 30421K, capacity 30778K, committed 30976K, reserved 32768K
}
Event: 870.865 GC heap before
{Heap before GC invocations=82 (full 6):
 def new generation   total 8531456K, used 8155911K [0x00007f25cc600000, 0x00007f280ef30000, 0x00007f2b21b50000)
  eden space 7583552K, 100% used [0x00007f25cc600000, 0x00007f279b3d0000, 0x00007f279b3d0000)
  from space 947904K,  60% used [0x00007f279b3d0000, 0x00007f27be2c1f80, 0x00007f27d5180000)
  to   space 947904K,   0% used [0x00007f27d5180000, 0x00007f27d5180000, 0x00007f280ef30000)
 tenured generation   total 18958584K, used 15370233K [0x00007f2b21b50000, 0x00007f2fa6d8e000, 0x00007f35cc600000)
   the space 18958584K,  81% used [0x00007f2b21b50000, 0x00007f2ecbd4e788, 0x00007f2ecbd4e800, 0x00007f2fa6d8e000)
 Metaspace       used 30421K, capacity 30778K, committed 30976K, reserved 32768K
}
Event: 872.900 GC heap after
{Heap after GC invocations=83 (full 6):
 def new generation   total 8531456K, used 570281K [0x00007f25cc600000, 0x00007f280ef30000, 0x00007f2b21b50000)
  eden space 7583552K,   0% used [0x00007f25cc600000, 0x00007f25cc600000, 0x00007f279b3d0000)
  from space 947904K,  60% used [0x00007f27d5180000, 0x00007f27f7e6a6b0, 0x00007f280ef30000)
  to   space 947904K,   0% used [0x00007f279b3d0000, 0x00007f279b3d0000, 0x00007f27d5180000)
 tenured generation   total 18958584K, used 15942592K [0x00007f2b21b50000, 0x00007f2fa6d8e000, 0x00007f35cc600000)
   the space 18958584K,  84% used [0x00007f2b21b50000, 0x00007f2eeec403c8, 0x00007f2eeec40400, 0x00007f2fa6d8e000)
 Metaspace       used 30421K, capacity 30778K, committed 30976K, reserved 32768K
}
Event: 875.100 GC heap before
{Heap before GC invocations=83 (full 6):
 def new generation   total 8531456K, used 8153833K [0x00007f25cc600000, 0x00007f280ef30000, 0x00007f2b21b50000)
  eden space 7583552K, 100% used [0x00007f25cc600000, 0x00007f279b3d0000, 0x00007f279b3d0000)
  from space 947904K,  60% used [0x00007f27d5180000, 0x00007f27f7e6a6b0, 0x00007f280ef30000)
  to   space 947904K,   0% used [0x00007f279b3d0000, 0x00007f279b3d0000, 0x00007f27d5180000)
 tenured generation   total 18958584K, used 15942592K [0x00007f2b21b50000, 0x00007f2fa6d8e000, 0x00007f35cc600000)
   the space 18958584K,  84% used [0x00007f2b21b50000, 0x00007f2eeec403c8, 0x00007f2eeec40400, 0x00007f2fa6d8e000)
 Metaspace       used 30421K, capacity 30778K, committed 30976K, reserved 32768K
}
Event: 877.444 GC heap after
{Heap after GC invocations=84 (full 6):
 def new generation   total 8531456K, used 635701K [0x00007f25cc600000, 0x00007f280ef30000, 0x00007f2b21b50000)
  eden space 7583552K,   0% used [0x00007f25cc600000, 0x00007f25cc600000, 0x00007f279b3d0000)
  from space 947904K,  67% used [0x00007f279b3d0000, 0x00007f27c209d420, 0x00007f27d5180000)
  to   space 947904K,   0% used [0x00007f27d5180000, 0x00007f27d5180000, 0x00007f280ef30000)
 tenured generation   total 18958584K, used 16512873K [0x00007f2b21b50000, 0x00007f2fa6d8e000, 0x00007f35cc600000)
   the space 18958584K,  87% used [0x00007f2b21b50000, 0x00007f2f1192a798, 0x00007f2f1192a800, 0x00007f2fa6d8e000)
 Metaspace       used 30421K, capacity 30778K, committed 30976K, reserved 32768K
}
Event: 879.961 GC heap before
{Heap before GC invocations=84 (full 6):
 def new generation   total 8531456K, used 8219253K [0x00007f25cc600000, 0x00007f280ef30000, 0x00007f2b21b50000)
  eden space 7583552K, 100% used [0x00007f25cc600000, 0x00007f279b3d0000, 0x00007f279b3d0000)
  from space 947904K,  67% used [0x00007f279b3d0000, 0x00007f27c209d420, 0x00007f27d5180000)
  to   space 947904K,   0% used [0x00007f27d5180000, 0x00007f27d5180000, 0x00007f280ef30000)
 tenured generation   total 18958584K, used 16512873K [0x00007f2b21b50000, 0x00007f2fa6d8e000, 0x00007f35cc600000)
   the space 18958584K,  87% used [0x00007f2b21b50000, 0x00007f2f1192a798, 0x00007f2f1192a800, 0x00007f2fa6d8e000)
 Metaspace       used 30421K, capacity 30778K, committed 30976K, reserved 32768K
}
Event: 882.146 GC heap after
{Heap after GC invocations=85 (full 6):
 def new generation   total 8531456K, used 619467K [0x00007f25cc600000, 0x00007f280ef30000, 0x00007f2b21b50000)
  eden space 7583552K,   0% used [0x00007f25cc600000, 0x00007f25cc600000, 0x00007f279b3d0000)
  from space 947904K,  65% used [0x00007f27d5180000, 0x00007f27fae72eb0, 0x00007f280ef30000)
  to   space 947904K,   0% used [0x00007f279b3d0000, 0x00007f279b3d0000, 0x00007f27d5180000)
 tenured generation   total 18958584K, used 17148574K [0x00007f2b21b50000, 0x00007f2fa6d8e000, 0x00007f35cc600000)
   the space 18958584K,  90% used [0x00007f2b21b50000, 0x00007f2f385f7828, 0x00007f2f385f7a00, 0x00007f2fa6d8e000)
 Metaspace       used 30421K, capacity 30778K, committed 30976K, reserved 32768K
}
Event: 884.690 GC heap before
{Heap before GC invocations=85 (full 6):
 def new generation   total 8531456K, used 8203019K [0x00007f25cc600000, 0x00007f280ef30000, 0x00007f2b21b50000)
  eden space 7583552K, 100% used [0x00007f25cc600000, 0x00007f279b3d0000, 0x00007f279b3d0000)
  from space 947904K,  65% used [0x00007f27d5180000, 0x00007f27fae72eb0, 0x00007f280ef30000)
  to   space 947904K,   0% used [0x00007f279b3d0000, 0x00007f279b3d0000, 0x00007f27d5180000)
 tenured generation   total 18958584K, used 17148574K [0x00007f2b21b50000, 0x00007f2fa6d8e000, 0x00007f35cc600000)
   the space 18958584K,  90% used [0x00007f2b21b50000, 0x00007f2f385f7828, 0x00007f2f385f7a00, 0x00007f2fa6d8e000)
 Metaspace       used 30421K, capacity 30778K, committed 30976K, reserved 32768K
}
Event: 886.781 GC heap after
{Heap after GC invocations=86 (full 6):
 def new generation   total 8531456K, used 599820K [0x00007f25cc600000, 0x00007f280ef30000, 0x00007f2b21b50000)
  eden space 7583552K,   0% used [0x00007f25cc600000, 0x00007f25cc600000, 0x00007f279b3d0000)
  from space 947904K,  63% used [0x00007f279b3d0000, 0x00007f27bfd933a0, 0x00007f27d5180000)
  to   space 947904K,   0% used [0x00007f27d5180000, 0x00007f27d5180000, 0x00007f280ef30000)
 tenured generation   total 18958584K, used 17768041K [0x00007f2b21b50000, 0x00007f2fa6d8e000, 0x00007f35cc600000)
   the space 18958584K,  93% used [0x00007f2b21b50000, 0x00007f2f5e2ea5d8, 0x00007f2f5e2ea600, 0x00007f2fa6d8e000)
 Metaspace       used 30421K, capacity 30778K, committed 30976K, reserved 32768K
}
Event: 889.379 GC heap before
{Heap before GC invocations=86 (full 6):
 def new generation   total 8531456K, used 8183372K [0x00007f25cc600000, 0x00007f280ef30000, 0x00007f2b21b50000)
  eden space 7583552K, 100% used [0x00007f25cc600000, 0x00007f279b3d0000, 0x00007f279b3d0000)
  from space 947904K,  63% used [0x00007f279b3d0000, 0x00007f27bfd933a0, 0x00007f27d5180000)
  to   space 947904K,   0% used [0x00007f27d5180000, 0x00007f27d5180000, 0x00007f280ef30000)
 tenured generation   total 18958584K, used 17768041K [0x00007f2b21b50000, 0x00007f2fa6d8e000, 0x00007f35cc600000)
   the space 18958584K,  93% used [0x00007f2b21b50000, 0x00007f2f5e2ea5d8, 0x00007f2f5e2ea600, 0x00007f2fa6d8e000)
 Metaspace       used 30421K, capacity 30778K, committed 30976K, reserved 32768K
}
Event: 891.591 GC heap after
{Heap after GC invocations=87 (full 6):
 def new generation   total 8531456K, used 649984K [0x00007f25cc600000, 0x00007f280ef30000, 0x00007f2b21b50000)
  eden space 7583552K,   0% used [0x00007f25cc600000, 0x00007f25cc600000, 0x00007f279b3d0000)
  from space 947904K,  68% used [0x00007f27d5180000, 0x00007f27fcc40240, 0x00007f280ef30000)
  to   space 947904K,   0% used [0x00007f279b3d0000, 0x00007f279b3d0000, 0x00007f27d5180000)
 tenured generation   total 18958584K, used 18367861K [0x00007f2b21b50000, 0x00007f2fa6d8e000, 0x00007f35cc600000)
   the space 18958584K,  96% used [0x00007f2b21b50000, 0x00007f2f82cad728, 0x00007f2f82cad800, 0x00007f2fa6d8e000)
 Metaspace       used 30421K, capacity 30778K, committed 30976K, reserved 32768K
}
Event: 893.704 GC heap before
{Heap before GC invocations=87 (full 6):
 def new generation   total 8531456K, used 8233536K [0x00007f25cc600000, 0x00007f280ef30000, 0x00007f2b21b50000)
  eden space 7583552K, 100% used [0x00007f25cc600000, 0x00007f279b3d0000, 0x00007f279b3d0000)
  from space 947904K,  68% used [0x00007f27d5180000, 0x00007f27fcc40240, 0x00007f280ef30000)
  to   space 947904K,   0% used [0x00007f279b3d0000, 0x00007f279b3d0000, 0x00007f27d5180000)
 tenured generation   total 18958584K, used 18367861K [0x00007f2b21b50000, 0x00007f2fa6d8e000, 0x00007f35cc600000)
   the space 18958584K,  96% used [0x00007f2b21b50000, 0x00007f2f82cad728, 0x00007f2f82cad800, 0x00007f2fa6d8e000)
 Metaspace       used 30421K, capacity 30778K, committed 30976K, reserved 32768K
}
Event: 895.751 GC heap after
{Heap after GC invocations=88 (full 6):
 def new generation   total 8531456K, used 579035K [0x00007f25cc600000, 0x00007f280ef30000, 0x00007f2b21b50000)
  eden space 7583552K,   0% used [0x00007f25cc600000, 0x00007f25cc600000, 0x00007f279b3d0000)
  from space 947904K,  61% used [0x00007f279b3d0000, 0x00007f27be946cd0, 0x00007f27d5180000)
  to   space 947904K,   0% used [0x00007f27d5180000, 0x00007f27d5180000, 0x00007f280ef30000)
 tenured generation   total 19017912K, used 19017845K [0x00007f2b21b50000, 0x00007f2faa77e000, 0x00007f35cc600000)
   the space 19017912K,  99% used [0x00007f2b21b50000, 0x00007f2faa76d768, 0x00007f2faa76d800, 0x00007f2faa77e000)
 Metaspace       used 30421K, capacity 30778K, committed 30976K, reserved 32768K
}
Event: 895.751 GC heap before
{Heap before GC invocations=88 (full 6):
 def new generation   total 8531456K, used 579035K [0x00007f25cc600000, 0x00007f280ef30000, 0x00007f2b21b50000)
  eden space 7583552K,   0% used [0x00007f25cc600000, 0x00007f25cc600000, 0x00007f279b3d0000)
  from space 947904K,  61% used [0x00007f279b3d0000, 0x00007f27be946cd0, 0x00007f27d5180000)
  to   space 947904K,   0% used [0x00007f27d5180000, 0x00007f27d5180000, 0x00007f280ef30000)
 tenured generation   total 19017912K, used 19017845K [0x00007f2b21b50000, 0x00007f2faa77e000, 0x00007f35cc600000)
   the space 19017912K,  99% used [0x00007f2b21b50000, 0x00007f2faa76d768, 0x00007f2faa76d800, 0x00007f2faa77e000)
 Metaspace       used 30421K, capacity 30778K, committed 30976K, reserved 32768K
}

