# JRE version: OpenJDK Runtime Environment (13.0.7+5) (build 13.0.7+5-Ubuntu-0ubuntu120.04)
# Java VM: OpenJDK 64-Bit Server VM (13.0.7+5-Ubuntu-0ubuntu120.04, mixed mode, tiered, serial gc, linux-amd64)
Heap:
 def new generation   total 2653376K, used 0K [0x00007f8b74600000, 0x00007f8c28510000, 0x00007f90c9b50000)
  eden space 2358592K,   0% used [0x00007f8b74600000, 0x00007f8b74600000, 0x00007f8c04550000)
  from space 294784K,   0% used [0x00007f8c16530000, 0x00007f8c16530000, 0x00007f8c28510000)
  to   space 294784K,   0% used [0x00007f8c04550000, 0x00007f8c04550000, 0x00007f8c16530000)
 tenured generation   total 7048300K, used 6718209K [0x00007f90c9b50000, 0x00007f9277e6b000, 0x00007f9b74600000)
   the space 7048300K,  95% used [0x00007f90c9b50000, 0x00007f9263c10688, 0x00007f9263c10800, 0x00007f9277e6b000)
 Metaspace       used 30725K, capacity 31198K, committed 31488K, reserved 32768K
GC Heap History (20 events):
Event: 118.346 GC heap after
{Heap after GC invocations=61 (full 10):
 def new generation   total 2653376K, used 178628K [0x00007f8b74600000, 0x00007f8c28510000, 0x00007f90c9b50000)
  eden space 2358592K,   0% used [0x00007f8b74600000, 0x00007f8b74600000, 0x00007f8c04550000)
  from space 294784K,  60% used [0x00007f8c04550000, 0x00007f8c0f3c1368, 0x00007f8c16530000)
  to   space 294784K,   0% used [0x00007f8c16530000, 0x00007f8c16530000, 0x00007f8c28510000)
 tenured generation   total 5896300K, used 4090960K [0x00007f90c9b50000, 0x00007f923196b000, 0x00007f9b74600000)
   the space 5896300K,  69% used [0x00007f90c9b50000, 0x00007f91c36640b0, 0x00007f91c3664200, 0x00007f923196b000)
 Metaspace       used 30725K, capacity 31198K, committed 31488K, reserved 32768K
}
Event: 119.049 GC heap before
{Heap before GC invocations=61 (full 10):
 def new generation   total 2653376K, used 2537220K [0x00007f8b74600000, 0x00007f8c28510000, 0x00007f90c9b50000)
  eden space 2358592K, 100% used [0x00007f8b74600000, 0x00007f8c04550000, 0x00007f8c04550000)
  from space 294784K,  60% used [0x00007f8c04550000, 0x00007f8c0f3c1368, 0x00007f8c16530000)
  to   space 294784K,   0% used [0x00007f8c16530000, 0x00007f8c16530000, 0x00007f8c28510000)
 tenured generation   total 5896300K, used 4090960K [0x00007f90c9b50000, 0x00007f923196b000, 0x00007f9b74600000)
   the space 5896300K,  69% used [0x00007f90c9b50000, 0x00007f91c36640b0, 0x00007f91c3664200, 0x00007f923196b000)
 Metaspace       used 30725K, capacity 31198K, committed 31488K, reserved 32768K
}
Event: 119.662 GC heap after
{Heap after GC invocations=62 (full 10):
 def new generation   total 2653376K, used 181455K [0x00007f8b74600000, 0x00007f8c28510000, 0x00007f90c9b50000)
  eden space 2358592K,   0% used [0x00007f8b74600000, 0x00007f8b74600000, 0x00007f8c04550000)
  from space 294784K,  61% used [0x00007f8c16530000, 0x00007f8c21663f18, 0x00007f8c28510000)
  to   space 294784K,   0% used [0x00007f8c04550000, 0x00007f8c04550000, 0x00007f8c16530000)
 tenured generation   total 5896300K, used 4269588K [0x00007f90c9b50000, 0x00007f923196b000, 0x00007f9b74600000)
   the space 5896300K,  72% used [0x00007f90c9b50000, 0x00007f91ce4d52e8, 0x00007f91ce4d5400, 0x00007f923196b000)
 Metaspace       used 30725K, capacity 31198K, committed 31488K, reserved 32768K
}
Event: 120.361 GC heap before
{Heap before GC invocations=62 (full 10):
 def new generation   total 2653376K, used 2540047K [0x00007f8b74600000, 0x00007f8c28510000, 0x00007f90c9b50000)
  eden space 2358592K, 100% used [0x00007f8b74600000, 0x00007f8c04550000, 0x00007f8c04550000)
  from space 294784K,  61% used [0x00007f8c16530000, 0x00007f8c21663f18, 0x00007f8c28510000)
  to   space 294784K,   0% used [0x00007f8c04550000, 0x00007f8c04550000, 0x00007f8c16530000)
 tenured generation   total 5896300K, used 4269588K [0x00007f90c9b50000, 0x00007f923196b000, 0x00007f9b74600000)
   the space 5896300K,  72% used [0x00007f90c9b50000, 0x00007f91ce4d52e8, 0x00007f91ce4d5400, 0x00007f923196b000)
 Metaspace       used 30725K, capacity 31198K, committed 31488K, reserved 32768K
}
Event: 120.998 GC heap after
{Heap after GC invocations=63 (full 10):
 def new generation   total 2653376K, used 189095K [0x00007f8b74600000, 0x00007f8c28510000, 0x00007f90c9b50000)
  eden space 2358592K,   0% used [0x00007f8b74600000, 0x00007f8b74600000, 0x00007f8c04550000)
  from space 294784K,  64% used [0x00007f8c04550000, 0x00007f8c0fdf9c70, 0x00007f8c16530000)
  to   space 294784K,   0% used [0x00007f8c16530000, 0x00007f8c16530000, 0x00007f8c28510000)
 tenured generation   total 5896300K, used 4451044K [0x00007f90c9b50000, 0x00007f923196b000, 0x00007f9b74600000)
   the space 5896300K,  75% used [0x00007f90c9b50000, 0x00007f91d9609080, 0x00007f91d9609200, 0x00007f923196b000)
 Metaspace       used 30725K, capacity 31198K, committed 31488K, reserved 32768K
}
Event: 121.697 GC heap before
{Heap before GC invocations=63 (full 10):
 def new generation   total 2653376K, used 2547687K [0x00007f8b74600000, 0x00007f8c28510000, 0x00007f90c9b50000)
  eden space 2358592K, 100% used [0x00007f8b74600000, 0x00007f8c04550000, 0x00007f8c04550000)
  from space 294784K,  64% used [0x00007f8c04550000, 0x00007f8c0fdf9c70, 0x00007f8c16530000)
  to   space 294784K,   0% used [0x00007f8c16530000, 0x00007f8c16530000, 0x00007f8c28510000)
 tenured generation   total 5896300K, used 4451044K [0x00007f90c9b50000, 0x00007f923196b000, 0x00007f9b74600000)
   the space 5896300K,  75% used [0x00007f90c9b50000, 0x00007f91d9609080, 0x00007f91d9609200, 0x00007f923196b000)
 Metaspace       used 30725K, capacity 31198K, committed 31488K, reserved 32768K
}
Event: 122.291 GC heap after
{Heap after GC invocations=64 (full 10):
 def new generation   total 2653376K, used 180265K [0x00007f8b74600000, 0x00007f8c28510000, 0x00007f90c9b50000)
  eden space 2358592K,   0% used [0x00007f8b74600000, 0x00007f8b74600000, 0x00007f8c04550000)
  from space 294784K,  61% used [0x00007f8c16530000, 0x00007f8c2153a7e0, 0x00007f8c28510000)
  to   space 294784K,   0% used [0x00007f8c04550000, 0x00007f8c04550000, 0x00007f8c16530000)
 tenured generation   total 5896300K, used 4640138K [0x00007f90c9b50000, 0x00007f923196b000, 0x00007f9b74600000)
   the space 5896300K,  78% used [0x00007f90c9b50000, 0x00007f91e4eb2b00, 0x00007f91e4eb2c00, 0x00007f923196b000)
 Metaspace       used 30725K, capacity 31198K, committed 31488K, reserved 32768K
}
Event: 122.987 GC heap before
{Heap before GC invocations=64 (full 10):
 def new generation   total 2653376K, used 2538857K [0x00007f8b74600000, 0x00007f8c28510000, 0x00007f90c9b50000)
  eden space 2358592K, 100% used [0x00007f8b74600000, 0x00007f8c04550000, 0x00007f8c04550000)
  from space 294784K,  61% used [0x00007f8c16530000, 0x00007f8c2153a7e0, 0x00007f8c28510000)
  to   space 294784K,   0% used [0x00007f8c04550000, 0x00007f8c04550000, 0x00007f8c16530000)
 tenured generation   total 5896300K, used 4640138K [0x00007f90c9b50000, 0x00007f923196b000, 0x00007f9b74600000)
   the space 5896300K,  78% used [0x00007f90c9b50000, 0x00007f91e4eb2b00, 0x00007f91e4eb2c00, 0x00007f923196b000)
 Metaspace       used 30725K, capacity 31198K, committed 31488K, reserved 32768K
}
Event: 123.613 GC heap after
{Heap after GC invocations=65 (full 10):
 def new generation   total 2653376K, used 187829K [0x00007f8b74600000, 0x00007f8c28510000, 0x00007f90c9b50000)
  eden space 2358592K,   0% used [0x00007f8b74600000, 0x00007f8b74600000, 0x00007f8c04550000)
  from space 294784K,  63% used [0x00007f8c04550000, 0x00007f8c0fcbd620, 0x00007f8c16530000)
  to   space 294784K,   0% used [0x00007f8c16530000, 0x00007f8c16530000, 0x00007f8c28510000)
 tenured generation   total 5896300K, used 4820404K [0x00007f90c9b50000, 0x00007f923196b000, 0x00007f9b74600000)
   the space 5896300K,  81% used [0x00007f90c9b50000, 0x00007f91efebd220, 0x00007f91efebd400, 0x00007f923196b000)
 Metaspace       used 30725K, capacity 31198K, committed 31488K, reserved 32768K
}
Event: 124.311 GC heap before
{Heap before GC invocations=65 (full 10):
 def new generation   total 2653376K, used 2546421K [0x00007f8b74600000, 0x00007f8c28510000, 0x00007f90c9b50000)
  eden space 2358592K, 100% used [0x00007f8b74600000, 0x00007f8c04550000, 0x00007f8c04550000)
  from space 294784K,  63% used [0x00007f8c04550000, 0x00007f8c0fcbd620, 0x00007f8c16530000)
  to   space 294784K,   0% used [0x00007f8c16530000, 0x00007f8c16530000, 0x00007f8c28510000)
 tenured generation   total 5896300K, used 4820404K [0x00007f90c9b50000, 0x00007f923196b000, 0x00007f9b74600000)
   the space 5896300K,  81% used [0x00007f90c9b50000, 0x00007f91efebd220, 0x00007f91efebd400, 0x00007f923196b000)
 Metaspace       used 30725K, capacity 31198K, committed 31488K, reserved 32768K
}
Event: 125.021 GC heap after
{Heap after GC invocations=66 (full 10):
 def new generation   total 2653376K, used 184433K [0x00007f8b74600000, 0x00007f8c28510000, 0x00007f90c9b50000)
  eden space 2358592K,   0% used [0x00007f8b74600000, 0x00007f8b74600000, 0x00007f8c04550000)
  from space 294784K,  62% used [0x00007f8c16530000, 0x00007f8c2194c708, 0x00007f8c28510000)
  to   space 294784K,   0% used [0x00007f8c04550000, 0x00007f8c04550000, 0x00007f8c16530000)
 tenured generation   total 5896300K, used 5008233K [0x00007f90c9b50000, 0x00007f923196b000, 0x00007f9b74600000)
   the space 5896300K,  84% used [0x00007f90c9b50000, 0x00007f91fb62a740, 0x00007f91fb62a800, 0x00007f923196b000)
 Metaspace       used 30725K, capacity 31198K, committed 31488K, reserved 32768K
}
Event: 125.699 GC heap before
{Heap before GC invocations=66 (full 10):
 def new generation   total 2653376K, used 2543025K [0x00007f8b74600000, 0x00007f8c28510000, 0x00007f90c9b50000)
  eden space 2358592K, 100% used [0x00007f8b74600000, 0x00007f8c04550000, 0x00007f8c04550000)
  from space 294784K,  62% used [0x00007f8c16530000, 0x00007f8c2194c708, 0x00007f8c28510000)
  to   space 294784K,   0% used [0x00007f8c04550000, 0x00007f8c04550000, 0x00007f8c16530000)
 tenured generation   total 5896300K, used 5008233K [0x00007f90c9b50000, 0x00007f923196b000, 0x00007f9b74600000)
   the space 5896300K,  84% used [0x00007f90c9b50000, 0x00007f91fb62a740, 0x00007f91fb62a800, 0x00007f923196b000)
 Metaspace       used 30725K, capacity 31198K, committed 31488K, reserved 32768K
}
Event: 126.382 GC heap after
{Heap after GC invocations=67 (full 10):
 def new generation   total 2653376K, used 182672K [0x00007f8b74600000, 0x00007f8c28510000, 0x00007f90c9b50000)
  eden space 2358592K,   0% used [0x00007f8b74600000, 0x00007f8b74600000, 0x00007f8c04550000)
  from space 294784K,  61% used [0x00007f8c04550000, 0x00007f8c0f7b4160, 0x00007f8c16530000)
  to   space 294784K,   0% used [0x00007f8c16530000, 0x00007f8c16530000, 0x00007f8c28510000)
 tenured generation   total 5896300K, used 5192666K [0x00007f90c9b50000, 0x00007f923196b000, 0x00007f9b74600000)
   the space 5896300K,  88% used [0x00007f90c9b50000, 0x00007f9206a46a48, 0x00007f9206a46c00, 0x00007f923196b000)
 Metaspace       used 30725K, capacity 31198K, committed 31488K, reserved 32768K
}
Event: 127.111 GC heap before
{Heap before GC invocations=67 (full 10):
 def new generation   total 2653376K, used 2541264K [0x00007f8b74600000, 0x00007f8c28510000, 0x00007f90c9b50000)
  eden space 2358592K, 100% used [0x00007f8b74600000, 0x00007f8c04550000, 0x00007f8c04550000)
  from space 294784K,  61% used [0x00007f8c04550000, 0x00007f8c0f7b4160, 0x00007f8c16530000)
  to   space 294784K,   0% used [0x00007f8c16530000, 0x00007f8c16530000, 0x00007f8c28510000)
 tenured generation   total 5896300K, used 5192666K [0x00007f90c9b50000, 0x00007f923196b000, 0x00007f9b74600000)
   the space 5896300K,  88% used [0x00007f90c9b50000, 0x00007f9206a46a48, 0x00007f9206a46c00, 0x00007f923196b000)
 Metaspace       used 30725K, capacity 31198K, committed 31488K, reserved 32768K
}
Event: 127.861 GC heap after
{Heap after GC invocations=68 (full 10):
 def new generation   total 2653376K, used 197515K [0x00007f8b74600000, 0x00007f8c28510000, 0x00007f90c9b50000)
  eden space 2358592K,   0% used [0x00007f8b74600000, 0x00007f8b74600000, 0x00007f8c04550000)
  from space 294784K,  67% used [0x00007f8c16530000, 0x00007f8c22612d68, 0x00007f8c28510000)
  to   space 294784K,   0% used [0x00007f8c04550000, 0x00007f8c04550000, 0x00007f8c16530000)
 tenured generation   total 5896300K, used 5375338K [0x00007f90c9b50000, 0x00007f923196b000, 0x00007f9b74600000)
   the space 5896300K,  91% used [0x00007f90c9b50000, 0x00007f9211caa8d8, 0x00007f9211caaa00, 0x00007f923196b000)
 Metaspace       used 30725K, capacity 31198K, committed 31488K, reserved 32768K
}
Event: 128.542 GC heap before
{Heap before GC invocations=68 (full 10):
 def new generation   total 2653376K, used 2556107K [0x00007f8b74600000, 0x00007f8c28510000, 0x00007f90c9b50000)
  eden space 2358592K, 100% used [0x00007f8b74600000, 0x00007f8c04550000, 0x00007f8c04550000)
  from space 294784K,  67% used [0x00007f8c16530000, 0x00007f8c22612d68, 0x00007f8c28510000)
  to   space 294784K,   0% used [0x00007f8c04550000, 0x00007f8c04550000, 0x00007f8c16530000)
 tenured generation   total 5896300K, used 5375338K [0x00007f90c9b50000, 0x00007f923196b000, 0x00007f9b74600000)
   the space 5896300K,  91% used [0x00007f90c9b50000, 0x00007f9211caa8d8, 0x00007f9211caaa00, 0x00007f923196b000)
 Metaspace       used 30725K, capacity 31198K, committed 31488K, reserved 32768K
}
Event: 129.245 GC heap after
{Heap after GC invocations=69 (full 10):
 def new generation   total 2653376K, used 196294K [0x00007f8b74600000, 0x00007f8c28510000, 0x00007f90c9b50000)
  eden space 2358592K,   0% used [0x00007f8b74600000, 0x00007f8b74600000, 0x00007f8c04550000)
  from space 294784K,  66% used [0x00007f8c04550000, 0x00007f8c10501b48, 0x00007f8c16530000)
  to   space 294784K,   0% used [0x00007f8c16530000, 0x00007f8c16530000, 0x00007f8c28510000)
 tenured generation   total 5896300K, used 5572852K [0x00007f90c9b50000, 0x00007f923196b000, 0x00007f9b74600000)
   the space 5896300K,  94% used [0x00007f90c9b50000, 0x00007f921dd8d2d0, 0x00007f921dd8d400, 0x00007f923196b000)
 Metaspace       used 30725K, capacity 31198K, committed 31488K, reserved 32768K
}
Event: 231.209 GC heap before
{Heap before GC invocations=69 (full 10):
 def new generation   total 2653376K, used 2554886K [0x00007f8b74600000, 0x00007f8c28510000, 0x00007f90c9b50000)
  eden space 2358592K, 100% used [0x00007f8b74600000, 0x00007f8c04550000, 0x00007f8c04550000)
  from space 294784K,  66% used [0x00007f8c04550000, 0x00007f8c10501b48, 0x00007f8c16530000)
  to   space 294784K,   0% used [0x00007f8c16530000, 0x00007f8c16530000, 0x00007f8c28510000)
 tenured generation   total 5896300K, used 5572852K [0x00007f90c9b50000, 0x00007f923196b000, 0x00007f9b74600000)
   the space 5896300K,  94% used [0x00007f90c9b50000, 0x00007f921dd8d2d0, 0x00007f921dd8d400, 0x00007f923196b000)
 Metaspace       used 30725K, capacity 31198K, committed 31488K, reserved 32768K
}
Event: 234.452 GC heap after
{Heap after GC invocations=70 (full 10):
 def new generation   total 2653376K, used 294783K [0x00007f8b74600000, 0x00007f8c28510000, 0x00007f90c9b50000)
  eden space 2358592K,   0% used [0x00007f8b74600000, 0x00007f8b74600000, 0x00007f8c04550000)
  from space 294784K,  99% used [0x00007f8c16530000, 0x00007f8c2850fff8, 0x00007f8c28510000)
  to   space 294784K,   0% used [0x00007f8c04550000, 0x00007f8c04550000, 0x00007f8c16530000)
 tenured generation   total 7048300K, used 7048195K [0x00007f90c9b50000, 0x00007f9277e6b000, 0x00007f9b74600000)
   the space 7048300K,  99% used [0x00007f90c9b50000, 0x00007f9277e50e38, 0x00007f9277e51000, 0x00007f9277e6b000)
 Metaspace       used 30725K, capacity 31198K, committed 31488K, reserved 32768K
}
Event: 234.452 GC heap before
{Heap before GC invocations=70 (full 10):
 def new generation   total 2653376K, used 294783K [0x00007f8b74600000, 0x00007f8c28510000, 0x00007f90c9b50000)
  eden space 2358592K,   0% used [0x00007f8b74600000, 0x00007f8b74600000, 0x00007f8c04550000)
  from space 294784K,  99% used [0x00007f8c16530000, 0x00007f8c2850fff8, 0x00007f8c28510000)
  to   space 294784K,   0% used [0x00007f8c04550000, 0x00007f8c04550000, 0x00007f8c16530000)
 tenured generation   total 7048300K, used 7048195K [0x00007f90c9b50000, 0x00007f9277e6b000, 0x00007f9b74600000)
   the space 7048300K,  99% used [0x00007f90c9b50000, 0x00007f9277e50e38, 0x00007f9277e51000, 0x00007f9277e6b000)
 Metaspace       used 30725K, capacity 31198K, committed 31488K, reserved 32768K
}

