# JRE version: OpenJDK Runtime Environment (13.0.7+5) (build 13.0.7+5-Ubuntu-0ubuntu120.04)
# Java VM: OpenJDK 64-Bit Server VM (13.0.7+5-Ubuntu-0ubuntu120.04, mixed mode, tiered, serial gc, linux-amd64)
Heap:
 def new generation   total 629248K, used 0K [0x00007f10e0600000, 0x00007f110b0c0000, 0x00007f1635b50000)
  eden space 559360K,   0% used [0x00007f10e0600000, 0x00007f10e0600000, 0x00007f1102840000)
  from space 69888K,   0% used [0x00007f1106c80000, 0x00007f1106c80000, 0x00007f110b0c0000)
  to   space 69888K,   0% used [0x00007f1102840000, 0x00007f1102840000, 0x00007f1106c80000)
 tenured generation   total 1398144K, used 276934K [0x00007f1635b50000, 0x00007f168b0b0000, 0x00007f20e0600000)
   the space 1398144K,  19% used [0x00007f1635b50000, 0x00007f16469c1840, 0x00007f16469c1a00, 0x00007f168b0b0000)
 Metaspace       used 23102K, capacity 23459K, committed 23552K, reserved 24576K
GC Heap History (20 events):
Event: 10.189 GC heap before
{Heap before GC invocations=2 (full 1):
 def new generation   total 629248K, used 560072K [0x00007f10e0600000, 0x00007f110b0c0000, 0x00007f1635b50000)
  eden space 559360K, 100% used [0x00007f10e0600000, 0x00007f1102840000, 0x00007f1102840000)
  from space 69888K,   1% used [0x00007f1106c80000, 0x00007f1106d32270, 0x00007f110b0c0000)
  to   space 69888K,   0% used [0x00007f1102840000, 0x00007f1102840000, 0x00007f1106c80000)
 tenured generation   total 1398144K, used 13583K [0x00007f1635b50000, 0x00007f168b0b0000, 0x00007f20e0600000)
   the space 1398144K,   0% used [0x00007f1635b50000, 0x00007f1636893ef0, 0x00007f1636894000, 0x00007f168b0b0000)
 Metaspace       used 22908K, capacity 23245K, committed 23552K, reserved 24576K
}
Event: 10.194 GC heap after
{Heap after GC invocations=3 (full 1):
 def new generation   total 629248K, used 1081K [0x00007f10e0600000, 0x00007f110b0c0000, 0x00007f1635b50000)
  eden space 559360K,   0% used [0x00007f10e0600000, 0x00007f10e0600000, 0x00007f1102840000)
  from space 69888K,   1% used [0x00007f1102840000, 0x00007f110294e708, 0x00007f1106c80000)
  to   space 69888K,   0% used [0x00007f1106c80000, 0x00007f1106c80000, 0x00007f110b0c0000)
 tenured generation   total 1398144K, used 13583K [0x00007f1635b50000, 0x00007f168b0b0000, 0x00007f20e0600000)
   the space 1398144K,   0% used [0x00007f1635b50000, 0x00007f1636893ef0, 0x00007f1636894000, 0x00007f168b0b0000)
 Metaspace       used 22908K, capacity 23245K, committed 23552K, reserved 24576K
}
Event: 13.278 GC heap before
{Heap before GC invocations=3 (full 1):
 def new generation   total 629248K, used 96192K [0x00007f10e0600000, 0x00007f110b0c0000, 0x00007f1635b50000)
  eden space 559360K,  17% used [0x00007f10e0600000, 0x00007f10e62e1968, 0x00007f1102840000)
  from space 69888K,   1% used [0x00007f1102840000, 0x00007f110294e708, 0x00007f1106c80000)
  to   space 69888K,   0% used [0x00007f1106c80000, 0x00007f1106c80000, 0x00007f110b0c0000)
 tenured generation   total 1398144K, used 1062159K [0x00007f1635b50000, 0x00007f168b0b0000, 0x00007f20e0600000)
   the space 1398144K,  75% used [0x00007f1635b50000, 0x00007f1676893f08, 0x00007f1676894000, 0x00007f168b0b0000)
 Metaspace       used 23098K, capacity 23458K, committed 23552K, reserved 24576K
}
Event: 13.286 GC heap after
{Heap after GC invocations=4 (full 1):
 def new generation   total 629248K, used 1241K [0x00007f10e0600000, 0x00007f110b0c0000, 0x00007f1635b50000)
  eden space 559360K,   0% used [0x00007f10e0600000, 0x00007f10e0600000, 0x00007f1102840000)
  from space 69888K,   1% used [0x00007f1106c80000, 0x00007f1106db6568, 0x00007f110b0c0000)
  to   space 69888K,   0% used [0x00007f1102840000, 0x00007f1102840000, 0x00007f1106c80000)
 tenured generation   total 1398144K, used 1062159K [0x00007f1635b50000, 0x00007f168b0b0000, 0x00007f20e0600000)
   the space 1398144K,  75% used [0x00007f1635b50000, 0x00007f1676893f08, 0x00007f1676894000, 0x00007f168b0b0000)
 Metaspace       used 23098K, capacity 23458K, committed 23552K, reserved 24576K
}
Event: 14.072 GC heap before
{Heap before GC invocations=4 (full 1):
 def new generation   total 629248K, used 542214K [0x00007f10e0600000, 0x00007f110b0c0000, 0x00007f1635b50000)
  eden space 559360K,  96% used [0x00007f10e0600000, 0x00007f110164b550, 0x00007f1102840000)
  from space 69888K,   1% used [0x00007f1106c80000, 0x00007f1106db6568, 0x00007f110b0c0000)
  to   space 69888K,   0% used [0x00007f1102840000, 0x00007f1102840000, 0x00007f1106c80000)
 tenured generation   total 1398144K, used 1062159K [0x00007f1635b50000, 0x00007f168b0b0000, 0x00007f20e0600000)
   the space 1398144K,  75% used [0x00007f1635b50000, 0x00007f1676893f08, 0x00007f1676894000, 0x00007f168b0b0000)
 Metaspace       used 23100K, capacity 23458K, committed 23552K, reserved 24576K
}
Event: 15.634 GC heap after
{Heap after GC invocations=5 (full 1):
 def new generation   total 629248K, used 1240K [0x00007f10e0600000, 0x00007f110b0c0000, 0x00007f1635b50000)
  eden space 559360K,   0% used [0x00007f10e0600000, 0x00007f10e0600000, 0x00007f1102840000)
  from space 69888K,   1% used [0x00007f1102840000, 0x00007f11029760e0, 0x00007f1106c80000)
  to   space 69888K,   0% used [0x00007f1106c80000, 0x00007f1106c80000, 0x00007f110b0c0000)
 tenured generation   total 1922436K, used 1586447K [0x00007f1635b50000, 0x00007f16ab0b1000, 0x00007f20e0600000)
   the space 1922436K,  82% used [0x00007f1635b50000, 0x00007f1696893f20, 0x00007f1696894000, 0x00007f16ab0b1000)
 Metaspace       used 23100K, capacity 23458K, committed 23552K, reserved 24576K
}
Event: 15.634 GC heap before
{Heap before GC invocations=5 (full 1):
 def new generation   total 629248K, used 1240K [0x00007f10e0600000, 0x00007f110b0c0000, 0x00007f1635b50000)
  eden space 559360K,   0% used [0x00007f10e0600000, 0x00007f10e0600000, 0x00007f1102840000)
  from space 69888K,   1% used [0x00007f1102840000, 0x00007f11029760e0, 0x00007f1106c80000)
  to   space 69888K,   0% used [0x00007f1106c80000, 0x00007f1106c80000, 0x00007f110b0c0000)
 tenured generation   total 1922436K, used 1586447K [0x00007f1635b50000, 0x00007f16ab0b1000, 0x00007f20e0600000)
   the space 1922436K,  82% used [0x00007f1635b50000, 0x00007f1696893f20, 0x00007f1696894000, 0x00007f16ab0b1000)
 Metaspace       used 23100K, capacity 23458K, committed 23552K, reserved 24576K
}
Event: 16.222 GC heap after
{Heap after GC invocations=5 (full 2):
 def new generation   total 629248K, used 0K [0x00007f10e0600000, 0x00007f110b0c0000, 0x00007f1635b50000)
  eden space 559360K,   0% used [0x00007f10e0600000, 0x00007f10e0600000, 0x00007f1102840000)
  from space 69888K,   0% used [0x00007f1102840000, 0x00007f1102840000, 0x00007f1106c80000)
  to   space 69888K,   0% used [0x00007f1106c80000, 0x00007f1106c80000, 0x00007f110b0c0000)
 tenured generation   total 1398144K, used 539102K [0x00007f1635b50000, 0x00007f168b0b0000, 0x00007f20e0600000)
   the space 1398144K,  38% used [0x00007f1635b50000, 0x00007f16569c7ae0, 0x00007f16569c7c00, 0x00007f168b0b0000)
 Metaspace       used 23100K, capacity 23458K, committed 23552K, reserved 24576K
}
Event: 16.820 GC heap before
{Heap before GC invocations=5 (full 2):
 def new generation   total 629248K, used 535370K [0x00007f10e0600000, 0x00007f110b0c0000, 0x00007f1635b50000)
  eden space 559360K,  95% used [0x00007f10e0600000, 0x00007f11010d2b60, 0x00007f1102840000)
  from space 69888K,   0% used [0x00007f1102840000, 0x00007f1102840000, 0x00007f1106c80000)
  to   space 69888K,   0% used [0x00007f1106c80000, 0x00007f1106c80000, 0x00007f110b0c0000)
 tenured generation   total 1398144K, used 539102K [0x00007f1635b50000, 0x00007f168b0b0000, 0x00007f20e0600000)
   the space 1398144K,  38% used [0x00007f1635b50000, 0x00007f16569c7ae0, 0x00007f16569c7c00, 0x00007f168b0b0000)
 Metaspace       used 23100K, capacity 23458K, committed 23552K, reserved 24576K
}
Event: 17.175 GC heap after
{Heap after GC invocations=6 (full 2):
 def new generation   total 629248K, used 0K [0x00007f10e0600000, 0x00007f110b0c0000, 0x00007f1635b50000)
  eden space 559360K,   0% used [0x00007f10e0600000, 0x00007f10e0600000, 0x00007f1102840000)
  from space 69888K,   0% used [0x00007f1106c80000, 0x00007f1106c80200, 0x00007f110b0c0000)
  to   space 69888K,   0% used [0x00007f1102840000, 0x00007f1102840000, 0x00007f1106c80000)
 tenured generation   total 1398144K, used 1063390K [0x00007f1635b50000, 0x00007f168b0b0000, 0x00007f20e0600000)
   the space 1398144K,  76% used [0x00007f1635b50000, 0x00007f16769c7af8, 0x00007f16769c7c00, 0x00007f168b0b0000)
 Metaspace       used 23100K, capacity 23458K, committed 23552K, reserved 24576K
}
Event: 18.417 GC heap before
{Heap before GC invocations=6 (full 2):
 def new generation   total 629248K, used 546365K [0x00007f10e0600000, 0x00007f110b0c0000, 0x00007f1635b50000)
  eden space 559360K,  97% used [0x00007f10e0600000, 0x00007f1101b8f280, 0x00007f1102840000)
  from space 69888K,   0% used [0x00007f1106c80000, 0x00007f1106c80200, 0x00007f110b0c0000)
  to   space 69888K,   0% used [0x00007f1102840000, 0x00007f1102840000, 0x00007f1106c80000)
 tenured generation   total 1398144K, used 1063390K [0x00007f1635b50000, 0x00007f168b0b0000, 0x00007f20e0600000)
   the space 1398144K,  76% used [0x00007f1635b50000, 0x00007f16769c7af8, 0x00007f16769c7c00, 0x00007f168b0b0000)
 Metaspace       used 23100K, capacity 23458K, committed 23552K, reserved 24576K
}
Event: 18.423 GC heap after
{Heap after GC invocations=7 (full 2):
 def new generation   total 629248K, used 2683K [0x00007f10e0600000, 0x00007f110b0c0000, 0x00007f1635b50000)
  eden space 559360K,   0% used [0x00007f10e0600000, 0x00007f10e0600000, 0x00007f1102840000)
  from space 69888K,   3% used [0x00007f1102840000, 0x00007f1102aded00, 0x00007f1106c80000)
  to   space 69888K,   0% used [0x00007f1106c80000, 0x00007f1106c80000, 0x00007f110b0c0000)
 tenured generation   total 1398144K, used 1063390K [0x00007f1635b50000, 0x00007f168b0b0000, 0x00007f20e0600000)
   the space 1398144K,  76% used [0x00007f1635b50000, 0x00007f16769c7af8, 0x00007f16769c7c00, 0x00007f168b0b0000)
 Metaspace       used 23100K, capacity 23458K, committed 23552K, reserved 24576K
}
Event: 18.980 GC heap before
{Heap before GC invocations=7 (full 2):
 def new generation   total 629248K, used 382334K [0x00007f10e0600000, 0x00007f110b0c0000, 0x00007f1635b50000)
  eden space 559360K,  67% used [0x00007f10e0600000, 0x00007f10f78c0e08, 0x00007f1102840000)
  from space 69888K,   3% used [0x00007f1102840000, 0x00007f1102aded00, 0x00007f1106c80000)
  to   space 69888K,   0% used [0x00007f1106c80000, 0x00007f1106c80000, 0x00007f110b0c0000)
 tenured generation   total 1398144K, used 1063390K [0x00007f1635b50000, 0x00007f168b0b0000, 0x00007f20e0600000)
   the space 1398144K,  76% used [0x00007f1635b50000, 0x00007f16769c7af8, 0x00007f16769c7c00, 0x00007f168b0b0000)
 Metaspace       used 23100K, capacity 23458K, committed 23552K, reserved 24576K
}
Event: 19.165 GC heap after
{Heap after GC invocations=8 (full 2):
 def new generation   total 629248K, used 2650K [0x00007f10e0600000, 0x00007f110b0c0000, 0x00007f1635b50000)
  eden space 559360K,   0% used [0x00007f10e0600000, 0x00007f10e0600000, 0x00007f1102840000)
  from space 69888K,   3% used [0x00007f1106c80000, 0x00007f1106f168e0, 0x00007f110b0c0000)
  to   space 69888K,   0% used [0x00007f1102840000, 0x00007f1102840000, 0x00007f1106c80000)
 tenured generation   total 1398144K, used 1325534K [0x00007f1635b50000, 0x00007f168b0b0000, 0x00007f20e0600000)
   the space 1398144K,  94% used [0x00007f1635b50000, 0x00007f16869c7b10, 0x00007f16869c7c00, 0x00007f168b0b0000)
 Metaspace       used 23100K, capacity 23458K, committed 23552K, reserved 24576K
}
Event: 20.112 GC heap before
{Heap before GC invocations=8 (full 2):
 def new generation   total 629248K, used 554283K [0x00007f10e0600000, 0x00007f110b0c0000, 0x00007f1635b50000)
  eden space 559360K,  98% used [0x00007f10e0600000, 0x00007f11020b4568, 0x00007f1102840000)
  from space 69888K,   3% used [0x00007f1106c80000, 0x00007f1106f168e0, 0x00007f110b0c0000)
  to   space 69888K,   0% used [0x00007f1102840000, 0x00007f1102840000, 0x00007f1106c80000)
 tenured generation   total 1398144K, used 1325534K [0x00007f1635b50000, 0x00007f168b0b0000, 0x00007f20e0600000)
   the space 1398144K,  94% used [0x00007f1635b50000, 0x00007f16869c7b10, 0x00007f16869c7c00, 0x00007f168b0b0000)
 Metaspace       used 23100K, capacity 23458K, committed 23552K, reserved 24576K
}
Event: 20.137 GC heap after
{Heap after GC invocations=9 (full 2):
 def new generation   total 629248K, used 19034K [0x00007f10e0600000, 0x00007f110b0c0000, 0x00007f1635b50000)
  eden space 559360K,   0% used [0x00007f10e0600000, 0x00007f10e0600000, 0x00007f1102840000)
  from space 69888K,  27% used [0x00007f1102840000, 0x00007f1103ad6850, 0x00007f1106c80000)
  to   space 69888K,   0% used [0x00007f1106c80000, 0x00007f1106c80000, 0x00007f110b0c0000)
 tenured generation   total 1398144K, used 1325534K [0x00007f1635b50000, 0x00007f168b0b0000, 0x00007f20e0600000)
   the space 1398144K,  94% used [0x00007f1635b50000, 0x00007f16869c7b10, 0x00007f16869c7c00, 0x00007f168b0b0000)
 Metaspace       used 23100K, capacity 23458K, committed 23552K, reserved 24576K
}
Event: 20.625 GC heap before
{Heap before GC invocations=9 (full 2):
 def new generation   total 629248K, used 399732K [0x00007f10e0600000, 0x00007f110b0c0000, 0x00007f1635b50000)
  eden space 559360K,  68% used [0x00007f10e0600000, 0x00007f10f79c6818, 0x00007f1102840000)
  from space 69888K,  27% used [0x00007f1102840000, 0x00007f1103ad6850, 0x00007f1106c80000)
  to   space 69888K,   0% used [0x00007f1106c80000, 0x00007f1106c80000, 0x00007f110b0c0000)
 tenured generation   total 1398144K, used 1325534K [0x00007f1635b50000, 0x00007f168b0b0000, 0x00007f20e0600000)
   the space 1398144K,  94% used [0x00007f1635b50000, 0x00007f16869c7b10, 0x00007f16869c7c00, 0x00007f168b0b0000)
 Metaspace       used 23102K, capacity 23459K, committed 23552K, reserved 24576K
}
Event: 20.951 GC heap after
{Heap after GC invocations=10 (full 2):
 def new generation   total 629248K, used 2623K [0x00007f10e0600000, 0x00007f110b0c0000, 0x00007f1635b50000)
  eden space 559360K,   0% used [0x00007f10e0600000, 0x00007f10e0600000, 0x00007f1102840000)
  from space 69888K,   3% used [0x00007f1106c80000, 0x00007f1106f0ffc8, 0x00007f110b0c0000)
  to   space 69888K,   0% used [0x00007f1102840000, 0x00007f1102840000, 0x00007f1106c80000)
 tenured generation   total 1660296K, used 1587678K [0x00007f1635b50000, 0x00007f169b0b2000, 0x00007f20e0600000)
   the space 1660296K,  95% used [0x00007f1635b50000, 0x00007f16969c7b40, 0x00007f16969c7c00, 0x00007f169b0b2000)
 Metaspace       used 23102K, capacity 23459K, committed 23552K, reserved 24576K
}
Event: 20.951 GC heap before
{Heap before GC invocations=10 (full 2):
 def new generation   total 629248K, used 2623K [0x00007f10e0600000, 0x00007f110b0c0000, 0x00007f1635b50000)
  eden space 559360K,   0% used [0x00007f10e0600000, 0x00007f10e0600000, 0x00007f1102840000)
  from space 69888K,   3% used [0x00007f1106c80000, 0x00007f1106f0ffc8, 0x00007f110b0c0000)
  to   space 69888K,   0% used [0x00007f1102840000, 0x00007f1102840000, 0x00007f1106c80000)
 tenured generation   total 1660296K, used 1587678K [0x00007f1635b50000, 0x00007f169b0b2000, 0x00007f20e0600000)
   the space 1660296K,  95% used [0x00007f1635b50000, 0x00007f16969c7b40, 0x00007f16969c7c00, 0x00007f169b0b2000)
 Metaspace       used 23102K, capacity 23459K, committed 23552K, reserved 24576K
}
Event: 21.186 GC heap after
{Heap after GC invocations=10 (full 3):
 def new generation   total 629248K, used 0K [0x00007f10e0600000, 0x00007f110b0c0000, 0x00007f1635b50000)
  eden space 559360K,   0% used [0x00007f10e0600000, 0x00007f10e0600000, 0x00007f1102840000)
  from space 69888K,   0% used [0x00007f1106c80000, 0x00007f1106c80000, 0x00007f110b0c0000)
  to   space 69888K,   0% used [0x00007f1102840000, 0x00007f1102840000, 0x00007f1106c80000)
 tenured generation   total 1398144K, used 276934K [0x00007f1635b50000, 0x00007f168b0b0000, 0x00007f20e0600000)
   the space 1398144K,  19% used [0x00007f1635b50000, 0x00007f16469c1840, 0x00007f16469c1a00, 0x00007f168b0b0000)
 Metaspace       used 23102K, capacity 23459K, committed 23552K, reserved 24576K
}

