# JRE version: OpenJDK Runtime Environment (13.0.7+5) (build 13.0.7+5-Ubuntu-0ubuntu120.04)
# Java VM: OpenJDK 64-Bit Server VM (13.0.7+5-Ubuntu-0ubuntu120.04, mixed mode, tiered, serial gc, linux-amd64)
Heap:
 def new generation   total 3152640K, used 0K [0x00007f3bd0600000, 0x00007f3ca62d0000, 0x00007f4125b50000)
  eden space 2802368K,   0% used [0x00007f3bd0600000, 0x00007f3bd0600000, 0x00007f3c7b6b0000)
  from space 350272K,   0% used [0x00007f3c90cc0000, 0x00007f3c90cc0000, 0x00007f3ca62d0000)
  to   space 350272K,   0% used [0x00007f3c7b6b0000, 0x00007f3c7b6b0000, 0x00007f3c90cc0000)
 tenured generation   total 7393252K, used 7048564K [0x00007f4125b50000, 0x00007f42e8f49000, 0x00007f4bd0600000)
   the space 7393252K,  95% used [0x00007f4125b50000, 0x00007f42d3ead2f0, 0x00007f42d3ead400, 0x00007f42e8f49000)
 Metaspace       used 30380K, capacity 30835K, committed 30976K, reserved 32768K
GC Heap History (20 events):
Event: 90.224 GC heap after
{Heap after GC invocations=27 (full 6):
 def new generation   total 3152640K, used 215658K [0x00007f3bd0600000, 0x00007f3ca62d0000, 0x00007f4125b50000)
  eden space 2802368K,   0% used [0x00007f3bd0600000, 0x00007f3bd0600000, 0x00007f3c7b6b0000)
  from space 350272K,  61% used [0x00007f3c7b6b0000, 0x00007f3c8894ab90, 0x00007f3c90cc0000)
  to   space 350272K,   0% used [0x00007f3c90cc0000, 0x00007f3c90cc0000, 0x00007f3ca62d0000)
 tenured generation   total 7005796K, used 4060449K [0x00007f4125b50000, 0x00007f42d14e9000, 0x00007f4bd0600000)
   the space 7005796K,  57% used [0x00007f4125b50000, 0x00007f421d898460, 0x00007f421d898600, 0x00007f42d14e9000)
 Metaspace       used 30380K, capacity 30835K, committed 30976K, reserved 32768K
}
Event: 90.955 GC heap before
{Heap before GC invocations=27 (full 6):
 def new generation   total 3152640K, used 3018026K [0x00007f3bd0600000, 0x00007f3ca62d0000, 0x00007f4125b50000)
  eden space 2802368K, 100% used [0x00007f3bd0600000, 0x00007f3c7b6b0000, 0x00007f3c7b6b0000)
  from space 350272K,  61% used [0x00007f3c7b6b0000, 0x00007f3c8894ab90, 0x00007f3c90cc0000)
  to   space 350272K,   0% used [0x00007f3c90cc0000, 0x00007f3c90cc0000, 0x00007f3ca62d0000)
 tenured generation   total 7005796K, used 4060449K [0x00007f4125b50000, 0x00007f42d14e9000, 0x00007f4bd0600000)
   the space 7005796K,  57% used [0x00007f4125b50000, 0x00007f421d898460, 0x00007f421d898600, 0x00007f42d14e9000)
 Metaspace       used 30380K, capacity 30835K, committed 30976K, reserved 32768K
}
Event: 91.637 GC heap after
{Heap after GC invocations=28 (full 6):
 def new generation   total 3152640K, used 220579K [0x00007f3bd0600000, 0x00007f3ca62d0000, 0x00007f4125b50000)
  eden space 2802368K,   0% used [0x00007f3bd0600000, 0x00007f3bd0600000, 0x00007f3c7b6b0000)
  from space 350272K,  62% used [0x00007f3c90cc0000, 0x00007f3c9e428d00, 0x00007f3ca62d0000)
  to   space 350272K,   0% used [0x00007f3c7b6b0000, 0x00007f3c7b6b0000, 0x00007f3c90cc0000)
 tenured generation   total 7005796K, used 4276107K [0x00007f4125b50000, 0x00007f42d14e9000, 0x00007f4bd0600000)
   the space 7005796K,  61% used [0x00007f4125b50000, 0x00007f422ab32e90, 0x00007f422ab33000, 0x00007f42d14e9000)
 Metaspace       used 30380K, capacity 30835K, committed 30976K, reserved 32768K
}
Event: 92.370 GC heap before
{Heap before GC invocations=28 (full 6):
 def new generation   total 3152640K, used 3022947K [0x00007f3bd0600000, 0x00007f3ca62d0000, 0x00007f4125b50000)
  eden space 2802368K, 100% used [0x00007f3bd0600000, 0x00007f3c7b6b0000, 0x00007f3c7b6b0000)
  from space 350272K,  62% used [0x00007f3c90cc0000, 0x00007f3c9e428d00, 0x00007f3ca62d0000)
  to   space 350272K,   0% used [0x00007f3c7b6b0000, 0x00007f3c7b6b0000, 0x00007f3c90cc0000)
 tenured generation   total 7005796K, used 4276107K [0x00007f4125b50000, 0x00007f42d14e9000, 0x00007f4bd0600000)
   the space 7005796K,  61% used [0x00007f4125b50000, 0x00007f422ab32e90, 0x00007f422ab33000, 0x00007f42d14e9000)
 Metaspace       used 30380K, capacity 30835K, committed 30976K, reserved 32768K
}
Event: 93.065 GC heap after
{Heap after GC invocations=29 (full 6):
 def new generation   total 3152640K, used 221968K [0x00007f3bd0600000, 0x00007f3ca62d0000, 0x00007f4125b50000)
  eden space 2802368K,   0% used [0x00007f3bd0600000, 0x00007f3bd0600000, 0x00007f3c7b6b0000)
  from space 350272K,  63% used [0x00007f3c7b6b0000, 0x00007f3c88f74128, 0x00007f3c90cc0000)
  to   space 350272K,   0% used [0x00007f3c90cc0000, 0x00007f3c90cc0000, 0x00007f3ca62d0000)
 tenured generation   total 7005796K, used 4496686K [0x00007f4125b50000, 0x00007f42d14e9000, 0x00007f4bd0600000)
   the space 7005796K,  64% used [0x00007f4125b50000, 0x00007f423829b8a0, 0x00007f423829ba00, 0x00007f42d14e9000)
 Metaspace       used 30380K, capacity 30835K, committed 30976K, reserved 32768K
}
Event: 93.798 GC heap before
{Heap before GC invocations=29 (full 6):
 def new generation   total 3152640K, used 3024336K [0x00007f3bd0600000, 0x00007f3ca62d0000, 0x00007f4125b50000)
  eden space 2802368K, 100% used [0x00007f3bd0600000, 0x00007f3c7b6b0000, 0x00007f3c7b6b0000)
  from space 350272K,  63% used [0x00007f3c7b6b0000, 0x00007f3c88f74128, 0x00007f3c90cc0000)
  to   space 350272K,   0% used [0x00007f3c90cc0000, 0x00007f3c90cc0000, 0x00007f3ca62d0000)
 tenured generation   total 7005796K, used 4496686K [0x00007f4125b50000, 0x00007f42d14e9000, 0x00007f4bd0600000)
   the space 7005796K,  64% used [0x00007f4125b50000, 0x00007f423829b8a0, 0x00007f423829ba00, 0x00007f42d14e9000)
 Metaspace       used 30380K, capacity 30835K, committed 30976K, reserved 32768K
}
Event: 94.447 GC heap after
{Heap after GC invocations=30 (full 6):
 def new generation   total 3152640K, used 216585K [0x00007f3bd0600000, 0x00007f3ca62d0000, 0x00007f4125b50000)
  eden space 2802368K,   0% used [0x00007f3bd0600000, 0x00007f3bd0600000, 0x00007f3c7b6b0000)
  from space 350272K,  61% used [0x00007f3c90cc0000, 0x00007f3c9e0427c8, 0x00007f3ca62d0000)
  to   space 350272K,   0% used [0x00007f3c7b6b0000, 0x00007f3c7b6b0000, 0x00007f3c90cc0000)
 tenured generation   total 7005796K, used 4718653K [0x00007f4125b50000, 0x00007f42d14e9000, 0x00007f4bd0600000)
   the space 7005796K,  67% used [0x00007f4125b50000, 0x00007f4245b5f648, 0x00007f4245b5f800, 0x00007f42d14e9000)
 Metaspace       used 30380K, capacity 30835K, committed 30976K, reserved 32768K
}
Event: 95.175 GC heap before
{Heap before GC invocations=30 (full 6):
 def new generation   total 3152640K, used 3018953K [0x00007f3bd0600000, 0x00007f3ca62d0000, 0x00007f4125b50000)
  eden space 2802368K, 100% used [0x00007f3bd0600000, 0x00007f3c7b6b0000, 0x00007f3c7b6b0000)
  from space 350272K,  61% used [0x00007f3c90cc0000, 0x00007f3c9e0427c8, 0x00007f3ca62d0000)
  to   space 350272K,   0% used [0x00007f3c7b6b0000, 0x00007f3c7b6b0000, 0x00007f3c90cc0000)
 tenured generation   total 7005796K, used 4718653K [0x00007f4125b50000, 0x00007f42d14e9000, 0x00007f4bd0600000)
   the space 7005796K,  67% used [0x00007f4125b50000, 0x00007f4245b5f648, 0x00007f4245b5f800, 0x00007f42d14e9000)
 Metaspace       used 30380K, capacity 30835K, committed 30976K, reserved 32768K
}
Event: 95.851 GC heap after
{Heap after GC invocations=31 (full 6):
 def new generation   total 3152640K, used 227208K [0x00007f3bd0600000, 0x00007f3ca62d0000, 0x00007f4125b50000)
  eden space 2802368K,   0% used [0x00007f3bd0600000, 0x00007f3bd0600000, 0x00007f3c7b6b0000)
  from space 350272K,  64% used [0x00007f3c7b6b0000, 0x00007f3c894921f8, 0x00007f3c90cc0000)
  to   space 350272K,   0% used [0x00007f3c90cc0000, 0x00007f3c90cc0000, 0x00007f3ca62d0000)
 tenured generation   total 7005796K, used 4935239K [0x00007f4125b50000, 0x00007f42d14e9000, 0x00007f4bd0600000)
   the space 7005796K,  70% used [0x00007f4125b50000, 0x00007f4252ee1cc0, 0x00007f4252ee1e00, 0x00007f42d14e9000)
 Metaspace       used 30380K, capacity 30835K, committed 30976K, reserved 32768K
}
Event: 96.587 GC heap before
{Heap before GC invocations=31 (full 6):
 def new generation   total 3152640K, used 3029576K [0x00007f3bd0600000, 0x00007f3ca62d0000, 0x00007f4125b50000)
  eden space 2802368K, 100% used [0x00007f3bd0600000, 0x00007f3c7b6b0000, 0x00007f3c7b6b0000)
  from space 350272K,  64% used [0x00007f3c7b6b0000, 0x00007f3c894921f8, 0x00007f3c90cc0000)
  to   space 350272K,   0% used [0x00007f3c90cc0000, 0x00007f3c90cc0000, 0x00007f3ca62d0000)
 tenured generation   total 7005796K, used 4935239K [0x00007f4125b50000, 0x00007f42d14e9000, 0x00007f4bd0600000)
   the space 7005796K,  70% used [0x00007f4125b50000, 0x00007f4252ee1cc0, 0x00007f4252ee1e00, 0x00007f42d14e9000)
 Metaspace       used 30380K, capacity 30835K, committed 30976K, reserved 32768K
}
Event: 97.252 GC heap after
{Heap after GC invocations=32 (full 6):
 def new generation   total 3152640K, used 222195K [0x00007f3bd0600000, 0x00007f3ca62d0000, 0x00007f4125b50000)
  eden space 2802368K,   0% used [0x00007f3bd0600000, 0x00007f3bd0600000, 0x00007f3c7b6b0000)
  from space 350272K,  63% used [0x00007f3c90cc0000, 0x00007f3c9e5bcec8, 0x00007f3ca62d0000)
  to   space 350272K,   0% used [0x00007f3c7b6b0000, 0x00007f3c7b6b0000, 0x00007f3c90cc0000)
 tenured generation   total 7005796K, used 5162447K [0x00007f4125b50000, 0x00007f42d14e9000, 0x00007f4bd0600000)
   the space 7005796K,  73% used [0x00007f4125b50000, 0x00007f4260cc3e48, 0x00007f4260cc4000, 0x00007f42d14e9000)
 Metaspace       used 30380K, capacity 30835K, committed 30976K, reserved 32768K
}
Event: 97.951 GC heap before
{Heap before GC invocations=32 (full 6):
 def new generation   total 3152640K, used 3024563K [0x00007f3bd0600000, 0x00007f3ca62d0000, 0x00007f4125b50000)
  eden space 2802368K, 100% used [0x00007f3bd0600000, 0x00007f3c7b6b0000, 0x00007f3c7b6b0000)
  from space 350272K,  63% used [0x00007f3c90cc0000, 0x00007f3c9e5bcec8, 0x00007f3ca62d0000)
  to   space 350272K,   0% used [0x00007f3c7b6b0000, 0x00007f3c7b6b0000, 0x00007f3c90cc0000)
 tenured generation   total 7005796K, used 5162447K [0x00007f4125b50000, 0x00007f42d14e9000, 0x00007f4bd0600000)
   the space 7005796K,  73% used [0x00007f4125b50000, 0x00007f4260cc3e48, 0x00007f4260cc4000, 0x00007f42d14e9000)
 Metaspace       used 30380K, capacity 30835K, committed 30976K, reserved 32768K
}
Event: 98.585 GC heap after
{Heap after GC invocations=33 (full 6):
 def new generation   total 3152640K, used 216861K [0x00007f3bd0600000, 0x00007f3ca62d0000, 0x00007f4125b50000)
  eden space 2802368K,   0% used [0x00007f3bd0600000, 0x00007f3bd0600000, 0x00007f3c7b6b0000)
  from space 350272K,  61% used [0x00007f3c7b6b0000, 0x00007f3c88a776d8, 0x00007f3c90cc0000)
  to   space 350272K,   0% used [0x00007f3c90cc0000, 0x00007f3c90cc0000, 0x00007f3ca62d0000)
 tenured generation   total 7005796K, used 5384643K [0x00007f4125b50000, 0x00007f42d14e9000, 0x00007f4bd0600000)
   the space 7005796K,  76% used [0x00007f4125b50000, 0x00007f426e5c0c30, 0x00007f426e5c0e00, 0x00007f42d14e9000)
 Metaspace       used 30380K, capacity 30835K, committed 30976K, reserved 32768K
}
Event: 99.284 GC heap before
{Heap before GC invocations=33 (full 6):
 def new generation   total 3152640K, used 3019229K [0x00007f3bd0600000, 0x00007f3ca62d0000, 0x00007f4125b50000)
  eden space 2802368K, 100% used [0x00007f3bd0600000, 0x00007f3c7b6b0000, 0x00007f3c7b6b0000)
  from space 350272K,  61% used [0x00007f3c7b6b0000, 0x00007f3c88a776d8, 0x00007f3c90cc0000)
  to   space 350272K,   0% used [0x00007f3c90cc0000, 0x00007f3c90cc0000, 0x00007f3ca62d0000)
 tenured generation   total 7005796K, used 5384643K [0x00007f4125b50000, 0x00007f42d14e9000, 0x00007f4bd0600000)
   the space 7005796K,  76% used [0x00007f4125b50000, 0x00007f426e5c0c30, 0x00007f426e5c0e00, 0x00007f42d14e9000)
 Metaspace       used 30380K, capacity 30835K, committed 30976K, reserved 32768K
}
Event: 99.904 GC heap after
{Heap after GC invocations=34 (full 6):
 def new generation   total 3152640K, used 217737K [0x00007f3bd0600000, 0x00007f3ca62d0000, 0x00007f4125b50000)
  eden space 2802368K,   0% used [0x00007f3bd0600000, 0x00007f3bd0600000, 0x00007f3c7b6b0000)
  from space 350272K,  62% used [0x00007f3c90cc0000, 0x00007f3c9e162768, 0x00007f3ca62d0000)
  to   space 350272K,   0% used [0x00007f3c7b6b0000, 0x00007f3c7b6b0000, 0x00007f3c90cc0000)
 tenured generation   total 7005796K, used 5601504K [0x00007f4125b50000, 0x00007f42d14e9000, 0x00007f4bd0600000)
   the space 7005796K,  79% used [0x00007f4125b50000, 0x00007f427b988058, 0x00007f427b988200, 0x00007f42d14e9000)
 Metaspace       used 30380K, capacity 30835K, committed 30976K, reserved 32768K
}
Event: 100.592 GC heap before
{Heap before GC invocations=34 (full 6):
 def new generation   total 3152640K, used 3020105K [0x00007f3bd0600000, 0x00007f3ca62d0000, 0x00007f4125b50000)
  eden space 2802368K, 100% used [0x00007f3bd0600000, 0x00007f3c7b6b0000, 0x00007f3c7b6b0000)
  from space 350272K,  62% used [0x00007f3c90cc0000, 0x00007f3c9e162768, 0x00007f3ca62d0000)
  to   space 350272K,   0% used [0x00007f3c7b6b0000, 0x00007f3c7b6b0000, 0x00007f3c90cc0000)
 tenured generation   total 7005796K, used 5601504K [0x00007f4125b50000, 0x00007f42d14e9000, 0x00007f4bd0600000)
   the space 7005796K,  79% used [0x00007f4125b50000, 0x00007f427b988058, 0x00007f427b988200, 0x00007f42d14e9000)
 Metaspace       used 30380K, capacity 30835K, committed 30976K, reserved 32768K
}
Event: 101.211 GC heap after
{Heap after GC invocations=35 (full 6):
 def new generation   total 3152640K, used 220518K [0x00007f3bd0600000, 0x00007f3ca62d0000, 0x00007f4125b50000)
  eden space 2802368K,   0% used [0x00007f3bd0600000, 0x00007f3bd0600000, 0x00007f3c7b6b0000)
  from space 350272K,  62% used [0x00007f3c7b6b0000, 0x00007f3c88e09800, 0x00007f3c90cc0000)
  to   space 350272K,   0% used [0x00007f3c90cc0000, 0x00007f3c90cc0000, 0x00007f3ca62d0000)
 tenured generation   total 7005796K, used 5819241K [0x00007f4125b50000, 0x00007f42d14e9000, 0x00007f4bd0600000)
   the space 7005796K,  83% used [0x00007f4125b50000, 0x00007f4288e2a640, 0x00007f4288e2a800, 0x00007f42d14e9000)
 Metaspace       used 30380K, capacity 30835K, committed 30976K, reserved 32768K
}
Event: 184.429 GC heap before
{Heap before GC invocations=35 (full 6):
 def new generation   total 3152640K, used 3022886K [0x00007f3bd0600000, 0x00007f3ca62d0000, 0x00007f4125b50000)
  eden space 2802368K, 100% used [0x00007f3bd0600000, 0x00007f3c7b6b0000, 0x00007f3c7b6b0000)
  from space 350272K,  62% used [0x00007f3c7b6b0000, 0x00007f3c88e09800, 0x00007f3c90cc0000)
  to   space 350272K,   0% used [0x00007f3c90cc0000, 0x00007f3c90cc0000, 0x00007f3ca62d0000)
 tenured generation   total 7005796K, used 5819241K [0x00007f4125b50000, 0x00007f42d14e9000, 0x00007f4bd0600000)
   the space 7005796K,  83% used [0x00007f4125b50000, 0x00007f4288e2a640, 0x00007f4288e2a800, 0x00007f42d14e9000)
 Metaspace       used 30380K, capacity 30835K, committed 30976K, reserved 32768K
}
Event: 187.850 GC heap after
{Heap after GC invocations=36 (full 6):
 def new generation   total 3152640K, used 350271K [0x00007f3bd0600000, 0x00007f3ca62d0000, 0x00007f4125b50000)
  eden space 2802368K,   0% used [0x00007f3bd0600000, 0x00007f3bd0600000, 0x00007f3c7b6b0000)
  from space 350272K,  99% used [0x00007f3c90cc0000, 0x00007f3ca62cfff0, 0x00007f3ca62d0000)
  to   space 350272K,   0% used [0x00007f3c7b6b0000, 0x00007f3c7b6b0000, 0x00007f3c90cc0000)
 tenured generation   total 7393252K, used 7393072K [0x00007f4125b50000, 0x00007f42e8f49000, 0x00007f4bd0600000)
   the space 7393252K,  99% used [0x00007f4125b50000, 0x00007f42e8f1c200, 0x00007f42e8f1c200, 0x00007f42e8f49000)
 Metaspace       used 30380K, capacity 30835K, committed 30976K, reserved 32768K
}
Event: 187.850 GC heap before
{Heap before GC invocations=36 (full 6):
 def new generation   total 3152640K, used 350271K [0x00007f3bd0600000, 0x00007f3ca62d0000, 0x00007f4125b50000)
  eden space 2802368K,   0% used [0x00007f3bd0600000, 0x00007f3bd0600000, 0x00007f3c7b6b0000)
  from space 350272K,  99% used [0x00007f3c90cc0000, 0x00007f3ca62cfff0, 0x00007f3ca62d0000)
  to   space 350272K,   0% used [0x00007f3c7b6b0000, 0x00007f3c7b6b0000, 0x00007f3c90cc0000)
 tenured generation   total 7393252K, used 7393072K [0x00007f4125b50000, 0x00007f42e8f49000, 0x00007f4bd0600000)
   the space 7393252K,  99% used [0x00007f4125b50000, 0x00007f42e8f1c200, 0x00007f42e8f1c200, 0x00007f42e8f49000)
 Metaspace       used 30380K, capacity 30835K, committed 30976K, reserved 32768K
}

