# JRE version: OpenJDK Runtime Environment (13.0.7+5) (build 13.0.7+5-Ubuntu-0ubuntu120.04)
# Java VM: OpenJDK 64-Bit Server VM (13.0.7+5-Ubuntu-0ubuntu120.04, mixed mode, tiered, serial gc, linux-amd64)
Heap:
 def new generation   total 3058432K, used 207483K [0x00007fb1a0600000, 0x00007fb26fc90000, 0x00007fb6f5b50000)
  eden space 2718656K,   7% used [0x00007fb1a0600000, 0x00007fb1ad09ef88, 0x00007fb2464f0000)
  from space 339776K,   0% used [0x00007fb25b0c0000, 0x00007fb25b0c0000, 0x00007fb26fc90000)
  to   space 339776K,   0% used [0x00007fb2464f0000, 0x00007fb2464f0000, 0x00007fb25b0c0000)
 tenured generation   total 6964724K, used 6964723K [0x00007fb6f5b50000, 0x00007fb89eccd000, 0x00007fc1a0600000)
   the space 6964724K,  99% used [0x00007fb6f5b50000, 0x00007fb89ecccff8, 0x00007fb89eccd000, 0x00007fb89eccd000)
 Metaspace       used 30625K, capacity 31043K, committed 31232K, reserved 32768K
GC Heap History (20 events):
Event: 142.645 GC heap after
{Heap after GC invocations=32 (full 5):
 def new generation   total 3058432K, used 210100K [0x00007fb1a0600000, 0x00007fb26fc90000, 0x00007fb6f5b50000)
  eden space 2718656K,   0% used [0x00007fb1a0600000, 0x00007fb1a0600000, 0x00007fb2464f0000)
  from space 339776K,  61% used [0x00007fb2464f0000, 0x00007fb25321d100, 0x00007fb25b0c0000)
  to   space 339776K,   0% used [0x00007fb25b0c0000, 0x00007fb25b0c0000, 0x00007fb26fc90000)
 tenured generation   total 6796340K, used 5092085K [0x00007fb6f5b50000, 0x00007fb89485d000, 0x00007fc1a0600000)
   the space 6796340K,  74% used [0x00007fb6f5b50000, 0x00007fb82c80d620, 0x00007fb82c80d800, 0x00007fb89485d000)
 Metaspace       used 30625K, capacity 31043K, committed 31232K, reserved 32768K
}
Event: 143.494 GC heap before
{Heap before GC invocations=32 (full 5):
 def new generation   total 3058432K, used 2928756K [0x00007fb1a0600000, 0x00007fb26fc90000, 0x00007fb6f5b50000)
  eden space 2718656K, 100% used [0x00007fb1a0600000, 0x00007fb2464f0000, 0x00007fb2464f0000)
  from space 339776K,  61% used [0x00007fb2464f0000, 0x00007fb25321d100, 0x00007fb25b0c0000)
  to   space 339776K,   0% used [0x00007fb25b0c0000, 0x00007fb25b0c0000, 0x00007fb26fc90000)
 tenured generation   total 6796340K, used 5092085K [0x00007fb6f5b50000, 0x00007fb89485d000, 0x00007fc1a0600000)
   the space 6796340K,  74% used [0x00007fb6f5b50000, 0x00007fb82c80d620, 0x00007fb82c80d800, 0x00007fb89485d000)
 Metaspace       used 30625K, capacity 31043K, committed 31232K, reserved 32768K
}
Event: 144.176 GC heap after
{Heap after GC invocations=33 (full 5):
 def new generation   total 3058432K, used 204999K [0x00007fb1a0600000, 0x00007fb26fc90000, 0x00007fb6f5b50000)
  eden space 2718656K,   0% used [0x00007fb1a0600000, 0x00007fb1a0600000, 0x00007fb2464f0000)
  from space 339776K,  60% used [0x00007fb25b0c0000, 0x00007fb2678f1fc0, 0x00007fb26fc90000)
  to   space 339776K,   0% used [0x00007fb2464f0000, 0x00007fb2464f0000, 0x00007fb25b0c0000)
 tenured generation   total 6796340K, used 5302185K [0x00007fb6f5b50000, 0x00007fb89485d000, 0x00007fc1a0600000)
   the space 6796340K,  78% used [0x00007fb6f5b50000, 0x00007fb83953a690, 0x00007fb83953a800, 0x00007fb89485d000)
 Metaspace       used 30625K, capacity 31043K, committed 31232K, reserved 32768K
}
Event: 145.000 GC heap before
{Heap before GC invocations=33 (full 5):
 def new generation   total 3058432K, used 2923655K [0x00007fb1a0600000, 0x00007fb26fc90000, 0x00007fb6f5b50000)
  eden space 2718656K, 100% used [0x00007fb1a0600000, 0x00007fb2464f0000, 0x00007fb2464f0000)
  from space 339776K,  60% used [0x00007fb25b0c0000, 0x00007fb2678f1fc0, 0x00007fb26fc90000)
  to   space 339776K,   0% used [0x00007fb2464f0000, 0x00007fb2464f0000, 0x00007fb25b0c0000)
 tenured generation   total 6796340K, used 5302185K [0x00007fb6f5b50000, 0x00007fb89485d000, 0x00007fc1a0600000)
   the space 6796340K,  78% used [0x00007fb6f5b50000, 0x00007fb83953a690, 0x00007fb83953a800, 0x00007fb89485d000)
 Metaspace       used 30625K, capacity 31043K, committed 31232K, reserved 32768K
}
Event: 145.611 GC heap after
{Heap after GC invocations=34 (full 5):
 def new generation   total 3058432K, used 204588K [0x00007fb1a0600000, 0x00007fb26fc90000, 0x00007fb6f5b50000)
  eden space 2718656K,   0% used [0x00007fb1a0600000, 0x00007fb1a0600000, 0x00007fb2464f0000)
  from space 339776K,  60% used [0x00007fb2464f0000, 0x00007fb252cbb250, 0x00007fb25b0c0000)
  to   space 339776K,   0% used [0x00007fb25b0c0000, 0x00007fb25b0c0000, 0x00007fb26fc90000)
 tenured generation   total 6796340K, used 5507184K [0x00007fb6f5b50000, 0x00007fb89485d000, 0x00007fc1a0600000)
   the space 6796340K,  81% used [0x00007fb6f5b50000, 0x00007fb845d6c140, 0x00007fb845d6c200, 0x00007fb89485d000)
 Metaspace       used 30625K, capacity 31043K, committed 31232K, reserved 32768K
}
Event: 146.464 GC heap before
{Heap before GC invocations=34 (full 5):
 def new generation   total 3058432K, used 2923244K [0x00007fb1a0600000, 0x00007fb26fc90000, 0x00007fb6f5b50000)
  eden space 2718656K, 100% used [0x00007fb1a0600000, 0x00007fb2464f0000, 0x00007fb2464f0000)
  from space 339776K,  60% used [0x00007fb2464f0000, 0x00007fb252cbb250, 0x00007fb25b0c0000)
  to   space 339776K,   0% used [0x00007fb25b0c0000, 0x00007fb25b0c0000, 0x00007fb26fc90000)
 tenured generation   total 6796340K, used 5507184K [0x00007fb6f5b50000, 0x00007fb89485d000, 0x00007fc1a0600000)
   the space 6796340K,  81% used [0x00007fb6f5b50000, 0x00007fb845d6c140, 0x00007fb845d6c200, 0x00007fb89485d000)
 Metaspace       used 30625K, capacity 31043K, committed 31232K, reserved 32768K
}
Event: 147.161 GC heap after
{Heap after GC invocations=35 (full 5):
 def new generation   total 3058432K, used 213412K [0x00007fb1a0600000, 0x00007fb26fc90000, 0x00007fb6f5b50000)
  eden space 2718656K,   0% used [0x00007fb1a0600000, 0x00007fb1a0600000, 0x00007fb2464f0000)
  from space 339776K,  62% used [0x00007fb25b0c0000, 0x00007fb2681292b0, 0x00007fb26fc90000)
  to   space 339776K,   0% used [0x00007fb2464f0000, 0x00007fb2464f0000, 0x00007fb25b0c0000)
 tenured generation   total 6796340K, used 5711771K [0x00007fb6f5b50000, 0x00007fb89485d000, 0x00007fc1a0600000)
   the space 6796340K,  84% used [0x00007fb6f5b50000, 0x00007fb852536f10, 0x00007fb852537000, 0x00007fb89485d000)
 Metaspace       used 30625K, capacity 31043K, committed 31232K, reserved 32768K
}
Event: 148.010 GC heap before
{Heap before GC invocations=35 (full 5):
 def new generation   total 3058432K, used 2932068K [0x00007fb1a0600000, 0x00007fb26fc90000, 0x00007fb6f5b50000)
  eden space 2718656K, 100% used [0x00007fb1a0600000, 0x00007fb2464f0000, 0x00007fb2464f0000)
  from space 339776K,  62% used [0x00007fb25b0c0000, 0x00007fb2681292b0, 0x00007fb26fc90000)
  to   space 339776K,   0% used [0x00007fb2464f0000, 0x00007fb2464f0000, 0x00007fb25b0c0000)
 tenured generation   total 6796340K, used 5711771K [0x00007fb6f5b50000, 0x00007fb89485d000, 0x00007fc1a0600000)
   the space 6796340K,  84% used [0x00007fb6f5b50000, 0x00007fb852536f10, 0x00007fb852537000, 0x00007fb89485d000)
 Metaspace       used 30625K, capacity 31043K, committed 31232K, reserved 32768K
}
Event: 148.804 GC heap after
{Heap after GC invocations=36 (full 5):
 def new generation   total 3058432K, used 209098K [0x00007fb1a0600000, 0x00007fb26fc90000, 0x00007fb6f5b50000)
  eden space 2718656K,   0% used [0x00007fb1a0600000, 0x00007fb1a0600000, 0x00007fb2464f0000)
  from space 339776K,  61% used [0x00007fb2464f0000, 0x00007fb2531229b8, 0x00007fb25b0c0000)
  to   space 339776K,   0% used [0x00007fb25b0c0000, 0x00007fb25b0c0000, 0x00007fb26fc90000)
 tenured generation   total 6796340K, used 5925183K [0x00007fb6f5b50000, 0x00007fb89485d000, 0x00007fc1a0600000)
   the space 6796340K,  87% used [0x00007fb6f5b50000, 0x00007fb85f59fd60, 0x00007fb85f59fe00, 0x00007fb89485d000)
 Metaspace       used 30625K, capacity 31043K, committed 31232K, reserved 32768K
}
Event: 149.738 GC heap before
{Heap before GC invocations=36 (full 5):
 def new generation   total 3058432K, used 2927754K [0x00007fb1a0600000, 0x00007fb26fc90000, 0x00007fb6f5b50000)
  eden space 2718656K, 100% used [0x00007fb1a0600000, 0x00007fb2464f0000, 0x00007fb2464f0000)
  from space 339776K,  61% used [0x00007fb2464f0000, 0x00007fb2531229b8, 0x00007fb25b0c0000)
  to   space 339776K,   0% used [0x00007fb25b0c0000, 0x00007fb25b0c0000, 0x00007fb26fc90000)
 tenured generation   total 6796340K, used 5925183K [0x00007fb6f5b50000, 0x00007fb89485d000, 0x00007fc1a0600000)
   the space 6796340K,  87% used [0x00007fb6f5b50000, 0x00007fb85f59fd60, 0x00007fb85f59fe00, 0x00007fb89485d000)
 Metaspace       used 30625K, capacity 31043K, committed 31232K, reserved 32768K
}
Event: 150.411 GC heap after
{Heap after GC invocations=37 (full 5):
 def new generation   total 3058432K, used 204209K [0x00007fb1a0600000, 0x00007fb26fc90000, 0x00007fb6f5b50000)
  eden space 2718656K,   0% used [0x00007fb1a0600000, 0x00007fb1a0600000, 0x00007fb2464f0000)
  from space 339776K,  60% used [0x00007fb25b0c0000, 0x00007fb26782c720, 0x00007fb26fc90000)
  to   space 339776K,   0% used [0x00007fb2464f0000, 0x00007fb2464f0000, 0x00007fb25b0c0000)
 tenured generation   total 6796340K, used 6134281K [0x00007fb6f5b50000, 0x00007fb89485d000, 0x00007fc1a0600000)
   the space 6796340K,  90% used [0x00007fb6f5b50000, 0x00007fb86c1d2498, 0x00007fb86c1d2600, 0x00007fb89485d000)
 Metaspace       used 30625K, capacity 31043K, committed 31232K, reserved 32768K
}
Event: 151.343 GC heap before
{Heap before GC invocations=37 (full 5):
 def new generation   total 3058432K, used 2922865K [0x00007fb1a0600000, 0x00007fb26fc90000, 0x00007fb6f5b50000)
  eden space 2718656K, 100% used [0x00007fb1a0600000, 0x00007fb2464f0000, 0x00007fb2464f0000)
  from space 339776K,  60% used [0x00007fb25b0c0000, 0x00007fb26782c720, 0x00007fb26fc90000)
  to   space 339776K,   0% used [0x00007fb2464f0000, 0x00007fb2464f0000, 0x00007fb25b0c0000)
 tenured generation   total 6796340K, used 6134281K [0x00007fb6f5b50000, 0x00007fb89485d000, 0x00007fc1a0600000)
   the space 6796340K,  90% used [0x00007fb6f5b50000, 0x00007fb86c1d2498, 0x00007fb86c1d2600, 0x00007fb89485d000)
 Metaspace       used 30625K, capacity 31043K, committed 31232K, reserved 32768K
}
Event: 152.013 GC heap after
{Heap after GC invocations=38 (full 5):
 def new generation   total 3058432K, used 209632K [0x00007fb1a0600000, 0x00007fb26fc90000, 0x00007fb6f5b50000)
  eden space 2718656K,   0% used [0x00007fb1a0600000, 0x00007fb1a0600000, 0x00007fb2464f0000)
  from space 339776K,  61% used [0x00007fb2464f0000, 0x00007fb2531a8048, 0x00007fb25b0c0000)
  to   space 339776K,   0% used [0x00007fb25b0c0000, 0x00007fb25b0c0000, 0x00007fb26fc90000)
 tenured generation   total 6796340K, used 6338489K [0x00007fb6f5b50000, 0x00007fb89485d000, 0x00007fc1a0600000)
   the space 6796340K,  93% used [0x00007fb6f5b50000, 0x00007fb87893e708, 0x00007fb87893e800, 0x00007fb89485d000)
 Metaspace       used 30625K, capacity 31043K, committed 31232K, reserved 32768K
}
Event: 152.882 GC heap before
{Heap before GC invocations=38 (full 5):
 def new generation   total 3058432K, used 2928288K [0x00007fb1a0600000, 0x00007fb26fc90000, 0x00007fb6f5b50000)
  eden space 2718656K, 100% used [0x00007fb1a0600000, 0x00007fb2464f0000, 0x00007fb2464f0000)
  from space 339776K,  61% used [0x00007fb2464f0000, 0x00007fb2531a8048, 0x00007fb25b0c0000)
  to   space 339776K,   0% used [0x00007fb25b0c0000, 0x00007fb25b0c0000, 0x00007fb26fc90000)
 tenured generation   total 6796340K, used 6338489K [0x00007fb6f5b50000, 0x00007fb89485d000, 0x00007fc1a0600000)
   the space 6796340K,  93% used [0x00007fb6f5b50000, 0x00007fb87893e708, 0x00007fb87893e800, 0x00007fb89485d000)
 Metaspace       used 30625K, capacity 31043K, committed 31232K, reserved 32768K
}
Event: 153.526 GC heap after
{Heap after GC invocations=39 (full 5):
 def new generation   total 3058432K, used 206109K [0x00007fb1a0600000, 0x00007fb26fc90000, 0x00007fb6f5b50000)
  eden space 2718656K,   0% used [0x00007fb1a0600000, 0x00007fb1a0600000, 0x00007fb2464f0000)
  from space 339776K,  60% used [0x00007fb25b0c0000, 0x00007fb267a074a8, 0x00007fb26fc90000)
  to   space 339776K,   0% used [0x00007fb2464f0000, 0x00007fb2464f0000, 0x00007fb25b0c0000)
 tenured generation   total 6796340K, used 6548121K [0x00007fb6f5b50000, 0x00007fb89485d000, 0x00007fc1a0600000)
   the space 6796340K,  96% used [0x00007fb6f5b50000, 0x00007fb8855f6450, 0x00007fb8855f6600, 0x00007fb89485d000)
 Metaspace       used 30625K, capacity 31043K, committed 31232K, reserved 32768K
}
Event: 154.326 GC heap before
{Heap before GC invocations=39 (full 5):
 def new generation   total 3058432K, used 2924765K [0x00007fb1a0600000, 0x00007fb26fc90000, 0x00007fb6f5b50000)
  eden space 2718656K, 100% used [0x00007fb1a0600000, 0x00007fb2464f0000, 0x00007fb2464f0000)
  from space 339776K,  60% used [0x00007fb25b0c0000, 0x00007fb267a074a8, 0x00007fb26fc90000)
  to   space 339776K,   0% used [0x00007fb2464f0000, 0x00007fb2464f0000, 0x00007fb25b0c0000)
 tenured generation   total 6796340K, used 6548121K [0x00007fb6f5b50000, 0x00007fb89485d000, 0x00007fc1a0600000)
   the space 6796340K,  96% used [0x00007fb6f5b50000, 0x00007fb8855f6450, 0x00007fb8855f6600, 0x00007fb89485d000)
 Metaspace       used 30625K, capacity 31043K, committed 31232K, reserved 32768K
}
Event: 155.024 GC heap after
{Heap after GC invocations=40 (full 5):
 def new generation   total 3058432K, used 210433K [0x00007fb1a0600000, 0x00007fb26fc90000, 0x00007fb6f5b50000)
  eden space 2718656K,   0% used [0x00007fb1a0600000, 0x00007fb1a0600000, 0x00007fb2464f0000)
  from space 339776K,  61% used [0x00007fb2464f0000, 0x00007fb253270650, 0x00007fb25b0c0000)
  to   space 339776K,   0% used [0x00007fb25b0c0000, 0x00007fb25b0c0000, 0x00007fb26fc90000)
 tenured generation   total 6796340K, used 6754229K [0x00007fb6f5b50000, 0x00007fb89485d000, 0x00007fc1a0600000)
   the space 6796340K,  99% used [0x00007fb6f5b50000, 0x00007fb891f3d7f8, 0x00007fb891f3d800, 0x00007fb89485d000)
 Metaspace       used 30625K, capacity 31043K, committed 31232K, reserved 32768K
}
Event: 155.842 GC heap before
{Heap before GC invocations=40 (full 5):
 def new generation   total 3058432K, used 2929089K [0x00007fb1a0600000, 0x00007fb26fc90000, 0x00007fb6f5b50000)
  eden space 2718656K, 100% used [0x00007fb1a0600000, 0x00007fb2464f0000, 0x00007fb2464f0000)
  from space 339776K,  61% used [0x00007fb2464f0000, 0x00007fb253270650, 0x00007fb25b0c0000)
  to   space 339776K,   0% used [0x00007fb25b0c0000, 0x00007fb25b0c0000, 0x00007fb26fc90000)
 tenured generation   total 6796340K, used 6754229K [0x00007fb6f5b50000, 0x00007fb89485d000, 0x00007fc1a0600000)
   the space 6796340K,  99% used [0x00007fb6f5b50000, 0x00007fb891f3d7f8, 0x00007fb891f3d800, 0x00007fb89485d000)
 Metaspace       used 30625K, capacity 31043K, committed 31232K, reserved 32768K
}
Event: 156.600 GC heap after
{Heap after GC invocations=41 (full 5):
 def new generation   total 3058432K, used 207545K [0x00007fb1a0600000, 0x00007fb26fc90000, 0x00007fb6f5b50000)
  eden space 2718656K,   0% used [0x00007fb1a0600000, 0x00007fb1a0600000, 0x00007fb2464f0000)
  from space 339776K,  61% used [0x00007fb25b0c0000, 0x00007fb267b6e588, 0x00007fb26fc90000)
  to   space 339776K,   0% used [0x00007fb2464f0000, 0x00007fb2464f0000, 0x00007fb25b0c0000)
 tenured generation   total 6964724K, used 6964662K [0x00007fb6f5b50000, 0x00007fb89eccd000, 0x00007fc1a0600000)
   the space 6964724K,  99% used [0x00007fb6f5b50000, 0x00007fb89ecbd9f8, 0x00007fb89ecbda00, 0x00007fb89eccd000)
 Metaspace       used 30625K, capacity 31043K, committed 31232K, reserved 32768K
}
Event: 156.600 GC heap before
{Heap before GC invocations=41 (full 5):
 def new generation   total 3058432K, used 207545K [0x00007fb1a0600000, 0x00007fb26fc90000, 0x00007fb6f5b50000)
  eden space 2718656K,   0% used [0x00007fb1a0600000, 0x00007fb1a0600000, 0x00007fb2464f0000)
  from space 339776K,  61% used [0x00007fb25b0c0000, 0x00007fb267b6e588, 0x00007fb26fc90000)
  to   space 339776K,   0% used [0x00007fb2464f0000, 0x00007fb2464f0000, 0x00007fb25b0c0000)
 tenured generation   total 6964724K, used 6964662K [0x00007fb6f5b50000, 0x00007fb89eccd000, 0x00007fc1a0600000)
   the space 6964724K,  99% used [0x00007fb6f5b50000, 0x00007fb89ecbd9f8, 0x00007fb89ecbda00, 0x00007fb89eccd000)
 Metaspace       used 30625K, capacity 31043K, committed 31232K, reserved 32768K
}

