# JRE version: OpenJDK Runtime Environment (13.0.7+5) (build 13.0.7+5-Ubuntu-0ubuntu120.04)
# Java VM: OpenJDK 64-Bit Server VM (13.0.7+5-Ubuntu-0ubuntu120.04, mixed mode, tiered, serial gc, linux-amd64)
Heap:
 def new generation   total 629248K, used 0K [0x00007eff70600000, 0x00007eff9b0c0000, 0x00007f04c5b50000)
  eden space 559360K,   0% used [0x00007eff70600000, 0x00007eff70600000, 0x00007eff92840000)
  from space 69888K,   0% used [0x00007eff92840000, 0x00007eff92840000, 0x00007eff96c80000)
  to   space 69888K,   0% used [0x00007eff96c80000, 0x00007eff96c80000, 0x00007eff9b0c0000)
 tenured generation   total 1398144K, used 80340K [0x00007f04c5b50000, 0x00007f051b0b0000, 0x00007f0f70600000)
   the space 1398144K,   5% used [0x00007f04c5b50000, 0x00007f04ca9c51c8, 0x00007f04ca9c5200, 0x00007f051b0b0000)
 Metaspace       used 23294K, capacity 23675K, committed 23808K, reserved 24576K
GC Heap History (12 events):
Event: 2.936 GC heap before
{Heap before GC invocations=0 (full 0):
 def new generation   total 629120K, used 111850K [0x00007eff70600000, 0x00007eff9b0a0000, 0x00007f04c5b50000)
  eden space 559232K,  20% used [0x00007eff70600000, 0x00007eff7733a998, 0x00007eff92820000)
  from space 69888K,   0% used [0x00007eff92820000, 0x00007eff92820000, 0x00007eff96c60000)
  to   space 69888K,   0% used [0x00007eff96c60000, 0x00007eff96c60000, 0x00007eff9b0a0000)
 tenured generation   total 1398144K, used 0K [0x00007f04c5b50000, 0x00007f051b0b0000, 0x00007f0f70600000)
   the space 1398144K,   0% used [0x00007f04c5b50000, 0x00007f04c5b50000, 0x00007f04c5b50200, 0x00007f051b0b0000)
 Metaspace       used 20911K, capacity 21213K, committed 21248K, reserved 22528K
}
Event: 3.023 GC heap after
{Heap after GC invocations=1 (full 1):
 def new generation   total 629248K, used 0K [0x00007eff70600000, 0x00007eff9b0c0000, 0x00007f04c5b50000)
  eden space 559360K,   0% used [0x00007eff70600000, 0x00007eff70600000, 0x00007eff92840000)
  from space 69888K,   0% used [0x00007eff92840000, 0x00007eff92840000, 0x00007eff96c80000)
  to   space 69888K,   0% used [0x00007eff96c80000, 0x00007eff96c80000, 0x00007eff9b0c0000)
 tenured generation   total 1398144K, used 13602K [0x00007f04c5b50000, 0x00007f051b0b0000, 0x00007f0f70600000)
   the space 1398144K,   0% used [0x00007f04c5b50000, 0x00007f04c6898920, 0x00007f04c6898a00, 0x00007f051b0b0000)
 Metaspace       used 20911K, capacity 21213K, committed 21248K, reserved 22528K
}
Event: 4.237 GC heap before
{Heap before GC invocations=1 (full 1):
 def new generation   total 629248K, used 559360K [0x00007eff70600000, 0x00007eff9b0c0000, 0x00007f04c5b50000)
  eden space 559360K, 100% used [0x00007eff70600000, 0x00007eff92840000, 0x00007eff92840000)
  from space 69888K,   0% used [0x00007eff92840000, 0x00007eff92840000, 0x00007eff96c80000)
  to   space 69888K,   0% used [0x00007eff96c80000, 0x00007eff96c80000, 0x00007eff9b0c0000)
 tenured generation   total 1398144K, used 13602K [0x00007f04c5b50000, 0x00007f051b0b0000, 0x00007f0f70600000)
   the space 1398144K,   0% used [0x00007f04c5b50000, 0x00007f04c6898920, 0x00007f04c6898a00, 0x00007f051b0b0000)
 Metaspace       used 22836K, capacity 23230K, committed 23296K, reserved 24576K
}
Event: 4.243 GC heap after
{Heap after GC invocations=2 (full 1):
 def new generation   total 629248K, used 845K [0x00007eff70600000, 0x00007eff9b0c0000, 0x00007f04c5b50000)
  eden space 559360K,   0% used [0x00007eff70600000, 0x00007eff70600000, 0x00007eff92840000)
  from space 69888K,   1% used [0x00007eff96c80000, 0x00007eff96d53440, 0x00007eff9b0c0000)
  to   space 69888K,   0% used [0x00007eff92840000, 0x00007eff92840000, 0x00007eff96c80000)
 tenured generation   total 1398144K, used 13602K [0x00007f04c5b50000, 0x00007f051b0b0000, 0x00007f0f70600000)
   the space 1398144K,   0% used [0x00007f04c5b50000, 0x00007f04c6898920, 0x00007f04c6898a00, 0x00007f051b0b0000)
 Metaspace       used 22836K, capacity 23230K, committed 23296K, reserved 24576K
}
Event: 5.159 GC heap before
{Heap before GC invocations=2 (full 1):
 def new generation   total 629248K, used 560205K [0x00007eff70600000, 0x00007eff9b0c0000, 0x00007f04c5b50000)
  eden space 559360K, 100% used [0x00007eff70600000, 0x00007eff92840000, 0x00007eff92840000)
  from space 69888K,   1% used [0x00007eff96c80000, 0x00007eff96d53440, 0x00007eff9b0c0000)
  to   space 69888K,   0% used [0x00007eff92840000, 0x00007eff92840000, 0x00007eff96c80000)
 tenured generation   total 1398144K, used 13602K [0x00007f04c5b50000, 0x00007f051b0b0000, 0x00007f0f70600000)
   the space 1398144K,   0% used [0x00007f04c5b50000, 0x00007f04c6898920, 0x00007f04c6898a00, 0x00007f051b0b0000)
 Metaspace       used 23124K, capacity 23533K, committed 23552K, reserved 24576K
}
Event: 5.162 GC heap after
{Heap after GC invocations=3 (full 1):
 def new generation   total 629248K, used 870K [0x00007eff70600000, 0x00007eff9b0c0000, 0x00007f04c5b50000)
  eden space 559360K,   0% used [0x00007eff70600000, 0x00007eff70600000, 0x00007eff92840000)
  from space 69888K,   1% used [0x00007eff92840000, 0x00007eff929199d0, 0x00007eff96c80000)
  to   space 69888K,   0% used [0x00007eff96c80000, 0x00007eff96c80000, 0x00007eff9b0c0000)
 tenured generation   total 1398144K, used 13602K [0x00007f04c5b50000, 0x00007f051b0b0000, 0x00007f0f70600000)
   the space 1398144K,   0% used [0x00007f04c5b50000, 0x00007f04c6898920, 0x00007f04c6898a00, 0x00007f051b0b0000)
 Metaspace       used 23124K, capacity 23533K, committed 23552K, reserved 24576K
}
Event: 5.666 GC heap before
{Heap before GC invocations=3 (full 1):
 def new generation   total 629248K, used 560230K [0x00007eff70600000, 0x00007eff9b0c0000, 0x00007f04c5b50000)
  eden space 559360K, 100% used [0x00007eff70600000, 0x00007eff92840000, 0x00007eff92840000)
  from space 69888K,   1% used [0x00007eff92840000, 0x00007eff929199d0, 0x00007eff96c80000)
  to   space 69888K,   0% used [0x00007eff96c80000, 0x00007eff96c80000, 0x00007eff9b0c0000)
 tenured generation   total 1398144K, used 13602K [0x00007f04c5b50000, 0x00007f051b0b0000, 0x00007f0f70600000)
   the space 1398144K,   0% used [0x00007f04c5b50000, 0x00007f04c6898920, 0x00007f04c6898a00, 0x00007f051b0b0000)
 Metaspace       used 23126K, capacity 23533K, committed 23552K, reserved 24576K
}
Event: 5.668 GC heap after
{Heap after GC invocations=4 (full 1):
 def new generation   total 629248K, used 1113K [0x00007eff70600000, 0x00007eff9b0c0000, 0x00007f04c5b50000)
  eden space 559360K,   0% used [0x00007eff70600000, 0x00007eff70600000, 0x00007eff92840000)
  from space 69888K,   1% used [0x00007eff96c80000, 0x00007eff96d967e8, 0x00007eff9b0c0000)
  to   space 69888K,   0% used [0x00007eff92840000, 0x00007eff92840000, 0x00007eff96c80000)
 tenured generation   total 1398144K, used 13602K [0x00007f04c5b50000, 0x00007f051b0b0000, 0x00007f0f70600000)
   the space 1398144K,   0% used [0x00007f04c5b50000, 0x00007f04c6898920, 0x00007f04c6898a00, 0x00007f051b0b0000)
 Metaspace       used 23126K, capacity 23533K, committed 23552K, reserved 24576K
}
Event: 5.845 GC heap before
{Heap before GC invocations=4 (full 1):
 def new generation   total 629248K, used 91238K [0x00007eff70600000, 0x00007eff9b0c0000, 0x00007f04c5b50000)
  eden space 559360K,  16% used [0x00007eff70600000, 0x00007eff75e03200, 0x00007eff92840000)
  from space 69888K,   1% used [0x00007eff96c80000, 0x00007eff96d967e8, 0x00007eff9b0c0000)
  to   space 69888K,   0% used [0x00007eff92840000, 0x00007eff92840000, 0x00007eff96c80000)
 tenured generation   total 1398144K, used 13602K [0x00007f04c5b50000, 0x00007f051b0b0000, 0x00007f0f70600000)
   the space 1398144K,   0% used [0x00007f04c5b50000, 0x00007f04c6898920, 0x00007f04c6898a00, 0x00007f051b0b0000)
 Metaspace       used 23294K, capacity 23675K, committed 23808K, reserved 24576K
}
Event: 5.864 GC heap after
{Heap after GC invocations=5 (full 1):
 def new generation   total 629248K, used 66738K [0x00007eff70600000, 0x00007eff9b0c0000, 0x00007f04c5b50000)
  eden space 559360K,   0% used [0x00007eff70600000, 0x00007eff70600000, 0x00007eff92840000)
  from space 69888K,  95% used [0x00007eff92840000, 0x00007eff9696c8f8, 0x00007eff96c80000)
  to   space 69888K,   0% used [0x00007eff96c80000, 0x00007eff96c80000, 0x00007eff9b0c0000)
 tenured generation   total 1398144K, used 13602K [0x00007f04c5b50000, 0x00007f051b0b0000, 0x00007f0f70600000)
   the space 1398144K,   0% used [0x00007f04c5b50000, 0x00007f04c6898920, 0x00007f04c6898a00, 0x00007f051b0b0000)
 Metaspace       used 23294K, capacity 23675K, committed 23808K, reserved 24576K
}
Event: 5.864 GC heap before
{Heap before GC invocations=5 (full 1):
 def new generation   total 629248K, used 66738K [0x00007eff70600000, 0x00007eff9b0c0000, 0x00007f04c5b50000)
  eden space 559360K,   0% used [0x00007eff70600000, 0x00007eff70600000, 0x00007eff92840000)
  from space 69888K,  95% used [0x00007eff92840000, 0x00007eff9696c8f8, 0x00007eff96c80000)
  to   space 69888K,   0% used [0x00007eff96c80000, 0x00007eff96c80000, 0x00007eff9b0c0000)
 tenured generation   total 1398144K, used 13602K [0x00007f04c5b50000, 0x00007f051b0b0000, 0x00007f0f70600000)
   the space 1398144K,   0% used [0x00007f04c5b50000, 0x00007f04c6898920, 0x00007f04c6898a00, 0x00007f051b0b0000)
 Metaspace       used 23294K, capacity 23675K, committed 23808K, reserved 24576K
}
Event: 5.915 GC heap after
{Heap after GC invocations=5 (full 2):
 def new generation   total 629248K, used 0K [0x00007eff70600000, 0x00007eff9b0c0000, 0x00007f04c5b50000)
  eden space 559360K,   0% used [0x00007eff70600000, 0x00007eff70600000, 0x00007eff92840000)
  from space 69888K,   0% used [0x00007eff92840000, 0x00007eff92840000, 0x00007eff96c80000)
  to   space 69888K,   0% used [0x00007eff96c80000, 0x00007eff96c80000, 0x00007eff9b0c0000)
 tenured generation   total 1398144K, used 80340K [0x00007f04c5b50000, 0x00007f051b0b0000, 0x00007f0f70600000)
   the space 1398144K,   5% used [0x00007f04c5b50000, 0x00007f04ca9c51c8, 0x00007f04ca9c5200, 0x00007f051b0b0000)
 Metaspace       used 23294K, capacity 23675K, committed 23808K, reserved 24576K
}

