# JRE version: OpenJDK Runtime Environment (13.0.7+5) (build 13.0.7+5-Ubuntu-0ubuntu120.04)
# Java VM: OpenJDK 64-Bit Server VM (13.0.7+5-Ubuntu-0ubuntu120.04, mixed mode, tiered, serial gc, linux-amd64)
Heap:
 def new generation   total 1048960K, used 12249K [0x00007fc6a4600000, 0x00007fc6eb830000, 0x00007fcbf9b50000)
  eden space 932416K,   1% used [0x00007fc6a4600000, 0x00007fc6a51f6440, 0x00007fc6dd490000)
  from space 116544K,   0% used [0x00007fc6e4660000, 0x00007fc6e4660000, 0x00007fc6eb830000)
  to   space 116544K,   0% used [0x00007fc6dd490000, 0x00007fc6dd490000, 0x00007fc6e4660000)
 tenured generation   total 2331648K, used 2331647K [0x00007fcbf9b50000, 0x00007fcc88050000, 0x00007fd6a4600000)
   the space 2331648K,  99% used [0x00007fcbf9b50000, 0x00007fcc8804ffe8, 0x00007fcc88050000, 0x00007fcc88050000)
 Metaspace       used 24192K, capacity 24582K, committed 24832K, reserved 26624K
GC Heap History (20 events):
Event: 1716.773 GC heap after
{Heap after GC invocations=4085 (full 2):
 def new generation   total 1048960K, used 12756K [0x00007fc6a4600000, 0x00007fc6eb830000, 0x00007fcbf9b50000)
  eden space 932416K,   0% used [0x00007fc6a4600000, 0x00007fc6a4600000, 0x00007fc6dd490000)
  from space 116544K,  10% used [0x00007fc6dd490000, 0x00007fc6de105090, 0x00007fc6e4660000)
  to   space 116544K,   0% used [0x00007fc6e4660000, 0x00007fc6e4660000, 0x00007fc6eb830000)
 tenured generation   total 2330880K, used 2324684K [0x00007fcbf9b50000, 0x00007fcc87f90000, 0x00007fd6a4600000)
   the space 2330880K,  99% used [0x00007fcbf9b50000, 0x00007fcc879831f0, 0x00007fcc87983200, 0x00007fcc87f90000)
 Metaspace       used 24192K, capacity 24582K, committed 24832K, reserved 26624K
}
Event: 1717.365 GC heap before
{Heap before GC invocations=4085 (full 2):
 def new generation   total 1048960K, used 945172K [0x00007fc6a4600000, 0x00007fc6eb830000, 0x00007fcbf9b50000)
  eden space 932416K, 100% used [0x00007fc6a4600000, 0x00007fc6dd490000, 0x00007fc6dd490000)
  from space 116544K,  10% used [0x00007fc6dd490000, 0x00007fc6de105090, 0x00007fc6e4660000)
  to   space 116544K,   0% used [0x00007fc6e4660000, 0x00007fc6e4660000, 0x00007fc6eb830000)
 tenured generation   total 2330880K, used 2324684K [0x00007fcbf9b50000, 0x00007fcc87f90000, 0x00007fd6a4600000)
   the space 2330880K,  99% used [0x00007fcbf9b50000, 0x00007fcc879831f0, 0x00007fcc87983200, 0x00007fcc87f90000)
 Metaspace       used 24192K, capacity 24582K, committed 24832K, reserved 26624K
}
Event: 1717.386 GC heap after
{Heap after GC invocations=4086 (full 2):
 def new generation   total 1048960K, used 12618K [0x00007fc6a4600000, 0x00007fc6eb830000, 0x00007fcbf9b50000)
  eden space 932416K,   0% used [0x00007fc6a4600000, 0x00007fc6a4600000, 0x00007fc6dd490000)
  from space 116544K,  10% used [0x00007fc6e4660000, 0x00007fc6e52b2978, 0x00007fc6eb830000)
  to   space 116544K,   0% used [0x00007fc6dd490000, 0x00007fc6dd490000, 0x00007fc6e4660000)
 tenured generation   total 2330880K, used 2325358K [0x00007fcbf9b50000, 0x00007fcc87f90000, 0x00007fd6a4600000)
   the space 2330880K,  99% used [0x00007fcbf9b50000, 0x00007fcc87a2b9b0, 0x00007fcc87a2ba00, 0x00007fcc87f90000)
 Metaspace       used 24192K, capacity 24582K, committed 24832K, reserved 26624K
}
Event: 1717.944 GC heap before
{Heap before GC invocations=4086 (full 2):
 def new generation   total 1048960K, used 945034K [0x00007fc6a4600000, 0x00007fc6eb830000, 0x00007fcbf9b50000)
  eden space 932416K, 100% used [0x00007fc6a4600000, 0x00007fc6dd490000, 0x00007fc6dd490000)
  from space 116544K,  10% used [0x00007fc6e4660000, 0x00007fc6e52b2978, 0x00007fc6eb830000)
  to   space 116544K,   0% used [0x00007fc6dd490000, 0x00007fc6dd490000, 0x00007fc6e4660000)
 tenured generation   total 2330880K, used 2325358K [0x00007fcbf9b50000, 0x00007fcc87f90000, 0x00007fd6a4600000)
   the space 2330880K,  99% used [0x00007fcbf9b50000, 0x00007fcc87a2b9b0, 0x00007fcc87a2ba00, 0x00007fcc87f90000)
 Metaspace       used 24192K, capacity 24582K, committed 24832K, reserved 26624K
}
Event: 1717.969 GC heap after
{Heap after GC invocations=4087 (full 2):
 def new generation   total 1048960K, used 12357K [0x00007fc6a4600000, 0x00007fc6eb830000, 0x00007fcbf9b50000)
  eden space 932416K,   0% used [0x00007fc6a4600000, 0x00007fc6a4600000, 0x00007fc6dd490000)
  from space 116544K,  10% used [0x00007fc6dd490000, 0x00007fc6de0a16b0, 0x00007fc6e4660000)
  to   space 116544K,   0% used [0x00007fc6e4660000, 0x00007fc6e4660000, 0x00007fc6eb830000)
 tenured generation   total 2330880K, used 2326289K [0x00007fcbf9b50000, 0x00007fcc87f90000, 0x00007fd6a4600000)
   the space 2330880K,  99% used [0x00007fcbf9b50000, 0x00007fcc87b14710, 0x00007fcc87b14800, 0x00007fcc87f90000)
 Metaspace       used 24192K, capacity 24582K, committed 24832K, reserved 26624K
}
Event: 1718.510 GC heap before
{Heap before GC invocations=4087 (full 2):
 def new generation   total 1048960K, used 944773K [0x00007fc6a4600000, 0x00007fc6eb830000, 0x00007fcbf9b50000)
  eden space 932416K, 100% used [0x00007fc6a4600000, 0x00007fc6dd490000, 0x00007fc6dd490000)
  from space 116544K,  10% used [0x00007fc6dd490000, 0x00007fc6de0a16b0, 0x00007fc6e4660000)
  to   space 116544K,   0% used [0x00007fc6e4660000, 0x00007fc6e4660000, 0x00007fc6eb830000)
 tenured generation   total 2330880K, used 2326289K [0x00007fcbf9b50000, 0x00007fcc87f90000, 0x00007fd6a4600000)
   the space 2330880K,  99% used [0x00007fcbf9b50000, 0x00007fcc87b14710, 0x00007fcc87b14800, 0x00007fcc87f90000)
 Metaspace       used 24192K, capacity 24582K, committed 24832K, reserved 26624K
}
Event: 1718.530 GC heap after
{Heap after GC invocations=4088 (full 2):
 def new generation   total 1048960K, used 12408K [0x00007fc6a4600000, 0x00007fc6eb830000, 0x00007fcbf9b50000)
  eden space 932416K,   0% used [0x00007fc6a4600000, 0x00007fc6a4600000, 0x00007fc6dd490000)
  from space 116544K,  10% used [0x00007fc6e4660000, 0x00007fc6e527e2e8, 0x00007fc6eb830000)
  to   space 116544K,   0% used [0x00007fc6dd490000, 0x00007fc6dd490000, 0x00007fc6e4660000)
 tenured generation   total 2330880K, used 2327104K [0x00007fcbf9b50000, 0x00007fcc87f90000, 0x00007fd6a4600000)
   the space 2330880K,  99% used [0x00007fcbf9b50000, 0x00007fcc87be0208, 0x00007fcc87be0400, 0x00007fcc87f90000)
 Metaspace       used 24192K, capacity 24582K, committed 24832K, reserved 26624K
}
Event: 1719.107 GC heap before
{Heap before GC invocations=4088 (full 2):
 def new generation   total 1048960K, used 944824K [0x00007fc6a4600000, 0x00007fc6eb830000, 0x00007fcbf9b50000)
  eden space 932416K, 100% used [0x00007fc6a4600000, 0x00007fc6dd490000, 0x00007fc6dd490000)
  from space 116544K,  10% used [0x00007fc6e4660000, 0x00007fc6e527e2e8, 0x00007fc6eb830000)
  to   space 116544K,   0% used [0x00007fc6dd490000, 0x00007fc6dd490000, 0x00007fc6e4660000)
 tenured generation   total 2330880K, used 2327104K [0x00007fcbf9b50000, 0x00007fcc87f90000, 0x00007fd6a4600000)
   the space 2330880K,  99% used [0x00007fcbf9b50000, 0x00007fcc87be0208, 0x00007fcc87be0400, 0x00007fcc87f90000)
 Metaspace       used 24192K, capacity 24582K, committed 24832K, reserved 26624K
}
Event: 1719.125 GC heap after
{Heap after GC invocations=4089 (full 2):
 def new generation   total 1048960K, used 12287K [0x00007fc6a4600000, 0x00007fc6eb830000, 0x00007fcbf9b50000)
  eden space 932416K,   0% used [0x00007fc6a4600000, 0x00007fc6a4600000, 0x00007fc6dd490000)
  from space 116544K,  10% used [0x00007fc6dd490000, 0x00007fc6de08fdb0, 0x00007fc6e4660000)
  to   space 116544K,   0% used [0x00007fc6e4660000, 0x00007fc6e4660000, 0x00007fc6eb830000)
 tenured generation   total 2330880K, used 2327682K [0x00007fcbf9b50000, 0x00007fcc87f90000, 0x00007fd6a4600000)
   the space 2330880K,  99% used [0x00007fcbf9b50000, 0x00007fcc87c709f8, 0x00007fcc87c70a00, 0x00007fcc87f90000)
 Metaspace       used 24192K, capacity 24582K, committed 24832K, reserved 26624K
}
Event: 1719.685 GC heap before
{Heap before GC invocations=4089 (full 2):
 def new generation   total 1048960K, used 944703K [0x00007fc6a4600000, 0x00007fc6eb830000, 0x00007fcbf9b50000)
  eden space 932416K, 100% used [0x00007fc6a4600000, 0x00007fc6dd490000, 0x00007fc6dd490000)
  from space 116544K,  10% used [0x00007fc6dd490000, 0x00007fc6de08fdb0, 0x00007fc6e4660000)
  to   space 116544K,   0% used [0x00007fc6e4660000, 0x00007fc6e4660000, 0x00007fc6eb830000)
 tenured generation   total 2330880K, used 2327682K [0x00007fcbf9b50000, 0x00007fcc87f90000, 0x00007fd6a4600000)
   the space 2330880K,  99% used [0x00007fcbf9b50000, 0x00007fcc87c709f8, 0x00007fcc87c70a00, 0x00007fcc87f90000)
 Metaspace       used 24192K, capacity 24582K, committed 24832K, reserved 26624K
}
Event: 1719.712 GC heap after
{Heap after GC invocations=4090 (full 2):
 def new generation   total 1048960K, used 12256K [0x00007fc6a4600000, 0x00007fc6eb830000, 0x00007fcbf9b50000)
  eden space 932416K,   0% used [0x00007fc6a4600000, 0x00007fc6a4600000, 0x00007fc6dd490000)
  from space 116544K,  10% used [0x00007fc6e4660000, 0x00007fc6e5258130, 0x00007fc6eb830000)
  to   space 116544K,   0% used [0x00007fc6dd490000, 0x00007fc6dd490000, 0x00007fc6e4660000)
 tenured generation   total 2330880K, used 2328356K [0x00007fcbf9b50000, 0x00007fcc87f90000, 0x00007fd6a4600000)
   the space 2330880K,  99% used [0x00007fcbf9b50000, 0x00007fcc87d191b8, 0x00007fcc87d19200, 0x00007fcc87f90000)
 Metaspace       used 24192K, capacity 24582K, committed 24832K, reserved 26624K
}
Event: 1720.315 GC heap before
{Heap before GC invocations=4090 (full 2):
 def new generation   total 1048960K, used 944672K [0x00007fc6a4600000, 0x00007fc6eb830000, 0x00007fcbf9b50000)
  eden space 932416K, 100% used [0x00007fc6a4600000, 0x00007fc6dd490000, 0x00007fc6dd490000)
  from space 116544K,  10% used [0x00007fc6e4660000, 0x00007fc6e5258130, 0x00007fc6eb830000)
  to   space 116544K,   0% used [0x00007fc6dd490000, 0x00007fc6dd490000, 0x00007fc6e4660000)
 tenured generation   total 2330880K, used 2328356K [0x00007fcbf9b50000, 0x00007fcc87f90000, 0x00007fd6a4600000)
   the space 2330880K,  99% used [0x00007fcbf9b50000, 0x00007fcc87d191b8, 0x00007fcc87d19200, 0x00007fcc87f90000)
 Metaspace       used 24192K, capacity 24582K, committed 24832K, reserved 26624K
}
Event: 1720.334 GC heap after
{Heap after GC invocations=4091 (full 2):
 def new generation   total 1048960K, used 12886K [0x00007fc6a4600000, 0x00007fc6eb830000, 0x00007fcbf9b50000)
  eden space 932416K,   0% used [0x00007fc6a4600000, 0x00007fc6a4600000, 0x00007fc6dd490000)
  from space 116544K,  11% used [0x00007fc6dd490000, 0x00007fc6de125af0, 0x00007fc6e4660000)
  to   space 116544K,   0% used [0x00007fc6e4660000, 0x00007fc6e4660000, 0x00007fc6eb830000)
 tenured generation   total 2330880K, used 2329252K [0x00007fcbf9b50000, 0x00007fcc87f90000, 0x00007fd6a4600000)
   the space 2330880K,  99% used [0x00007fcbf9b50000, 0x00007fcc87df9350, 0x00007fcc87df9400, 0x00007fcc87f90000)
 Metaspace       used 24192K, capacity 24582K, committed 24832K, reserved 26624K
}
Event: 1720.896 GC heap before
{Heap before GC invocations=4091 (full 2):
 def new generation   total 1048960K, used 945302K [0x00007fc6a4600000, 0x00007fc6eb830000, 0x00007fcbf9b50000)
  eden space 932416K, 100% used [0x00007fc6a4600000, 0x00007fc6dd490000, 0x00007fc6dd490000)
  from space 116544K,  11% used [0x00007fc6dd490000, 0x00007fc6de125af0, 0x00007fc6e4660000)
  to   space 116544K,   0% used [0x00007fc6e4660000, 0x00007fc6e4660000, 0x00007fc6eb830000)
 tenured generation   total 2330880K, used 2329252K [0x00007fcbf9b50000, 0x00007fcc87f90000, 0x00007fd6a4600000)
   the space 2330880K,  99% used [0x00007fcbf9b50000, 0x00007fcc87df9350, 0x00007fcc87df9400, 0x00007fcc87f90000)
 Metaspace       used 24192K, capacity 24582K, committed 24832K, reserved 26624K
}
Event: 1720.916 GC heap after
{Heap after GC invocations=4092 (full 2):
 def new generation   total 1048960K, used 12804K [0x00007fc6a4600000, 0x00007fc6eb830000, 0x00007fcbf9b50000)
  eden space 932416K,   0% used [0x00007fc6a4600000, 0x00007fc6a4600000, 0x00007fc6dd490000)
  from space 116544K,  10% used [0x00007fc6e4660000, 0x00007fc6e52e1368, 0x00007fc6eb830000)
  to   space 116544K,   0% used [0x00007fc6dd490000, 0x00007fc6dd490000, 0x00007fc6e4660000)
 tenured generation   total 2330880K, used 2329782K [0x00007fcbf9b50000, 0x00007fcc87f90000, 0x00007fd6a4600000)
   the space 2330880K,  99% used [0x00007fcbf9b50000, 0x00007fcc87e7db10, 0x00007fcc87e7dc00, 0x00007fcc87f90000)
 Metaspace       used 24192K, capacity 24582K, committed 24832K, reserved 26624K
}
Event: 1721.476 GC heap before
{Heap before GC invocations=4092 (full 2):
 def new generation   total 1048960K, used 945220K [0x00007fc6a4600000, 0x00007fc6eb830000, 0x00007fcbf9b50000)
  eden space 932416K, 100% used [0x00007fc6a4600000, 0x00007fc6dd490000, 0x00007fc6dd490000)
  from space 116544K,  10% used [0x00007fc6e4660000, 0x00007fc6e52e1368, 0x00007fc6eb830000)
  to   space 116544K,   0% used [0x00007fc6dd490000, 0x00007fc6dd490000, 0x00007fc6e4660000)
 tenured generation   total 2330880K, used 2329782K [0x00007fcbf9b50000, 0x00007fcc87f90000, 0x00007fd6a4600000)
   the space 2330880K,  99% used [0x00007fcbf9b50000, 0x00007fcc87e7db10, 0x00007fcc87e7dc00, 0x00007fcc87f90000)
 Metaspace       used 24192K, capacity 24582K, committed 24832K, reserved 26624K
}
Event: 1721.494 GC heap after
{Heap after GC invocations=4093 (full 2):
 def new generation   total 1048960K, used 12607K [0x00007fc6a4600000, 0x00007fc6eb830000, 0x00007fcbf9b50000)
  eden space 932416K,   0% used [0x00007fc6a4600000, 0x00007fc6a4600000, 0x00007fc6dd490000)
  from space 116544K,  10% used [0x00007fc6dd490000, 0x00007fc6de0dff50, 0x00007fc6e4660000)
  to   space 116544K,   0% used [0x00007fc6e4660000, 0x00007fc6e4660000, 0x00007fc6eb830000)
 tenured generation   total 2330880K, used 2330616K [0x00007fcbf9b50000, 0x00007fcc87f90000, 0x00007fd6a4600000)
   the space 2330880K,  99% used [0x00007fcbf9b50000, 0x00007fcc87f4e370, 0x00007fcc87f4e400, 0x00007fcc87f90000)
 Metaspace       used 24192K, capacity 24582K, committed 24832K, reserved 26624K
}
Event: 1722.075 GC heap before
{Heap before GC invocations=4093 (full 2):
 def new generation   total 1048960K, used 945023K [0x00007fc6a4600000, 0x00007fc6eb830000, 0x00007fcbf9b50000)
  eden space 932416K, 100% used [0x00007fc6a4600000, 0x00007fc6dd490000, 0x00007fc6dd490000)
  from space 116544K,  10% used [0x00007fc6dd490000, 0x00007fc6de0dff50, 0x00007fc6e4660000)
  to   space 116544K,   0% used [0x00007fc6e4660000, 0x00007fc6e4660000, 0x00007fc6eb830000)
 tenured generation   total 2330880K, used 2330616K [0x00007fcbf9b50000, 0x00007fcc87f90000, 0x00007fd6a4600000)
   the space 2330880K,  99% used [0x00007fcbf9b50000, 0x00007fcc87f4e370, 0x00007fcc87f4e400, 0x00007fcc87f90000)
 Metaspace       used 24192K, capacity 24582K, committed 24832K, reserved 26624K
}
Event: 1722.095 GC heap after
{Heap after GC invocations=4094 (full 2):
 def new generation   total 1048960K, used 12269K [0x00007fc6a4600000, 0x00007fc6eb830000, 0x00007fcbf9b50000)
  eden space 932416K,   0% used [0x00007fc6a4600000, 0x00007fc6a4600000, 0x00007fc6dd490000)
  from space 116544K,  10% used [0x00007fc6e4660000, 0x00007fc6e525b718, 0x00007fc6eb830000)
  to   space 116544K,   0% used [0x00007fc6dd490000, 0x00007fc6dd490000, 0x00007fc6e4660000)
 tenured generation   total 2331648K, used 2331627K [0x00007fcbf9b50000, 0x00007fcc88050000, 0x00007fd6a4600000)
   the space 2331648K,  99% used [0x00007fcbf9b50000, 0x00007fcc8804ad10, 0x00007fcc8804ae00, 0x00007fcc88050000)
 Metaspace       used 24192K, capacity 24582K, committed 24832K, reserved 26624K
}
Event: 1722.095 GC heap before
{Heap before GC invocations=4094 (full 2):
 def new generation   total 1048960K, used 12269K [0x00007fc6a4600000, 0x00007fc6eb830000, 0x00007fcbf9b50000)
  eden space 932416K,   0% used [0x00007fc6a4600000, 0x00007fc6a4600000, 0x00007fc6dd490000)
  from space 116544K,  10% used [0x00007fc6e4660000, 0x00007fc6e525b718, 0x00007fc6eb830000)
  to   space 116544K,   0% used [0x00007fc6dd490000, 0x00007fc6dd490000, 0x00007fc6e4660000)
 tenured generation   total 2331648K, used 2331627K [0x00007fcbf9b50000, 0x00007fcc88050000, 0x00007fd6a4600000)
   the space 2331648K,  99% used [0x00007fcbf9b50000, 0x00007fcc8804ad10, 0x00007fcc8804ae00, 0x00007fcc88050000)
 Metaspace       used 24192K, capacity 24582K, committed 24832K, reserved 26624K
}

