# JRE version: OpenJDK Runtime Environment (13.0.7+5) (build 13.0.7+5-Ubuntu-0ubuntu120.04)
# Java VM: OpenJDK 64-Bit Server VM (13.0.7+5-Ubuntu-0ubuntu120.04, mixed mode, tiered, serial gc, linux-amd64)
Heap:
 def new generation   total 2915648K, used 111095K [0x00007f4f9c600000, 0x00007f50621a0000, 0x00007f54f1b50000)
  eden space 2591744K,   4% used [0x00007f4f9c600000, 0x00007f4fa327dc88, 0x00007f503a900000)
  from space 323904K,   0% used [0x00007f504e550000, 0x00007f504e550000, 0x00007f50621a0000)
  to   space 323904K,   0% used [0x00007f503a900000, 0x00007f503a900000, 0x00007f504e550000)
 tenured generation   total 6482240K, used 6482239K [0x00007f54f1b50000, 0x00007f567d5a0000, 0x00007f5f9c600000)
   the space 6482240K,  99% used [0x00007f54f1b50000, 0x00007f567d59ffd0, 0x00007f567d5a0000, 0x00007f567d5a0000)
 Metaspace       used 24246K, capacity 24645K, committed 24832K, reserved 26624K
GC Heap History (20 events):
Event: 986.411 GC heap after
{Heap after GC invocations=1942 (full 4):
 def new generation   total 2915648K, used 111382K [0x00007f4f9c600000, 0x00007f50621a0000, 0x00007f54f1b50000)
  eden space 2591744K,   0% used [0x00007f4f9c600000, 0x00007f4f9c600000, 0x00007f503a900000)
  from space 323904K,  34% used [0x00007f503a900000, 0x00007f50415c5bd0, 0x00007f504e550000)
  to   space 323904K,   0% used [0x00007f504e550000, 0x00007f504e550000, 0x00007f50621a0000)
 tenured generation   total 6478976K, used 6415360K [0x00007f54f1b50000, 0x00007f567d270000, 0x00007f5f9c600000)
   the space 6478976K,  99% used [0x00007f54f1b50000, 0x00007f5679450240, 0x00007f5679450400, 0x00007f567d270000)
 Metaspace       used 24246K, capacity 24645K, committed 24832K, reserved 26624K
}
Event: 987.465 GC heap before
{Heap before GC invocations=1942 (full 4):
 def new generation   total 2915648K, used 2703126K [0x00007f4f9c600000, 0x00007f50621a0000, 0x00007f54f1b50000)
  eden space 2591744K, 100% used [0x00007f4f9c600000, 0x00007f503a900000, 0x00007f503a900000)
  from space 323904K,  34% used [0x00007f503a900000, 0x00007f50415c5bd0, 0x00007f504e550000)
  to   space 323904K,   0% used [0x00007f504e550000, 0x00007f504e550000, 0x00007f50621a0000)
 tenured generation   total 6478976K, used 6415360K [0x00007f54f1b50000, 0x00007f567d270000, 0x00007f5f9c600000)
   the space 6478976K,  99% used [0x00007f54f1b50000, 0x00007f5679450240, 0x00007f5679450400, 0x00007f567d270000)
 Metaspace       used 24246K, capacity 24645K, committed 24832K, reserved 26624K
}
Event: 987.531 GC heap after
{Heap after GC invocations=1943 (full 4):
 def new generation   total 2915648K, used 111196K [0x00007f4f9c600000, 0x00007f50621a0000, 0x00007f54f1b50000)
  eden space 2591744K,   0% used [0x00007f4f9c600000, 0x00007f4f9c600000, 0x00007f503a900000)
  from space 323904K,  34% used [0x00007f504e550000, 0x00007f50551e7060, 0x00007f50621a0000)
  to   space 323904K,   0% used [0x00007f503a900000, 0x00007f503a900000, 0x00007f504e550000)
 tenured generation   total 6478976K, used 6422829K [0x00007f54f1b50000, 0x00007f567d270000, 0x00007f5f9c600000)
   the space 6478976K,  99% used [0x00007f54f1b50000, 0x00007f5679b9b468, 0x00007f5679b9b600, 0x00007f567d270000)
 Metaspace       used 24246K, capacity 24645K, committed 24832K, reserved 26624K
}
Event: 988.586 GC heap before
{Heap before GC invocations=1943 (full 4):
 def new generation   total 2915648K, used 2702940K [0x00007f4f9c600000, 0x00007f50621a0000, 0x00007f54f1b50000)
  eden space 2591744K, 100% used [0x00007f4f9c600000, 0x00007f503a900000, 0x00007f503a900000)
  from space 323904K,  34% used [0x00007f504e550000, 0x00007f50551e7060, 0x00007f50621a0000)
  to   space 323904K,   0% used [0x00007f503a900000, 0x00007f503a900000, 0x00007f504e550000)
 tenured generation   total 6478976K, used 6422829K [0x00007f54f1b50000, 0x00007f567d270000, 0x00007f5f9c600000)
   the space 6478976K,  99% used [0x00007f54f1b50000, 0x00007f5679b9b468, 0x00007f5679b9b600, 0x00007f567d270000)
 Metaspace       used 24246K, capacity 24645K, committed 24832K, reserved 26624K
}
Event: 988.649 GC heap after
{Heap after GC invocations=1944 (full 4):
 def new generation   total 2915648K, used 111204K [0x00007f4f9c600000, 0x00007f50621a0000, 0x00007f54f1b50000)
  eden space 2591744K,   0% used [0x00007f4f9c600000, 0x00007f4f9c600000, 0x00007f503a900000)
  from space 323904K,  34% used [0x00007f503a900000, 0x00007f5041599360, 0x00007f504e550000)
  to   space 323904K,   0% used [0x00007f504e550000, 0x00007f504e550000, 0x00007f50621a0000)
 tenured generation   total 6478976K, used 6430254K [0x00007f54f1b50000, 0x00007f567d270000, 0x00007f5f9c600000)
   the space 6478976K,  99% used [0x00007f54f1b50000, 0x00007f567a2db988, 0x00007f567a2dba00, 0x00007f567d270000)
 Metaspace       used 24246K, capacity 24645K, committed 24832K, reserved 26624K
}
Event: 989.710 GC heap before
{Heap before GC invocations=1944 (full 4):
 def new generation   total 2915648K, used 2702948K [0x00007f4f9c600000, 0x00007f50621a0000, 0x00007f54f1b50000)
  eden space 2591744K, 100% used [0x00007f4f9c600000, 0x00007f503a900000, 0x00007f503a900000)
  from space 323904K,  34% used [0x00007f503a900000, 0x00007f5041599360, 0x00007f504e550000)
  to   space 323904K,   0% used [0x00007f504e550000, 0x00007f504e550000, 0x00007f50621a0000)
 tenured generation   total 6478976K, used 6430254K [0x00007f54f1b50000, 0x00007f567d270000, 0x00007f5f9c600000)
   the space 6478976K,  99% used [0x00007f54f1b50000, 0x00007f567a2db988, 0x00007f567a2dba00, 0x00007f567d270000)
 Metaspace       used 24246K, capacity 24645K, committed 24832K, reserved 26624K
}
Event: 989.772 GC heap after
{Heap after GC invocations=1945 (full 4):
 def new generation   total 2915648K, used 111430K [0x00007f4f9c600000, 0x00007f50621a0000, 0x00007f54f1b50000)
  eden space 2591744K,   0% used [0x00007f4f9c600000, 0x00007f4f9c600000, 0x00007f503a900000)
  from space 323904K,  34% used [0x00007f504e550000, 0x00007f5055221b20, 0x00007f50621a0000)
  to   space 323904K,   0% used [0x00007f503a900000, 0x00007f503a900000, 0x00007f504e550000)
 tenured generation   total 6478976K, used 6437532K [0x00007f54f1b50000, 0x00007f567d270000, 0x00007f5f9c600000)
   the space 6478976K,  99% used [0x00007f54f1b50000, 0x00007f567a9f7180, 0x00007f567a9f7200, 0x00007f567d270000)
 Metaspace       used 24246K, capacity 24645K, committed 24832K, reserved 26624K
}
Event: 990.833 GC heap before
{Heap before GC invocations=1945 (full 4):
 def new generation   total 2915648K, used 2703174K [0x00007f4f9c600000, 0x00007f50621a0000, 0x00007f54f1b50000)
  eden space 2591744K, 100% used [0x00007f4f9c600000, 0x00007f503a900000, 0x00007f503a900000)
  from space 323904K,  34% used [0x00007f504e550000, 0x00007f5055221b20, 0x00007f50621a0000)
  to   space 323904K,   0% used [0x00007f503a900000, 0x00007f503a900000, 0x00007f504e550000)
 tenured generation   total 6478976K, used 6437532K [0x00007f54f1b50000, 0x00007f567d270000, 0x00007f5f9c600000)
   the space 6478976K,  99% used [0x00007f54f1b50000, 0x00007f567a9f7180, 0x00007f567a9f7200, 0x00007f567d270000)
 Metaspace       used 24246K, capacity 24645K, committed 24832K, reserved 26624K
}
Event: 990.895 GC heap after
{Heap after GC invocations=1946 (full 4):
 def new generation   total 2915648K, used 111230K [0x00007f4f9c600000, 0x00007f50621a0000, 0x00007f54f1b50000)
  eden space 2591744K,   0% used [0x00007f4f9c600000, 0x00007f4f9c600000, 0x00007f503a900000)
  from space 323904K,  34% used [0x00007f503a900000, 0x00007f504159fa58, 0x00007f504e550000)
  to   space 323904K,   0% used [0x00007f504e550000, 0x00007f504e550000, 0x00007f50621a0000)
 tenured generation   total 6478976K, used 6445000K [0x00007f54f1b50000, 0x00007f567d270000, 0x00007f5f9c600000)
   the space 6478976K,  99% used [0x00007f54f1b50000, 0x00007f567b1423a8, 0x00007f567b142400, 0x00007f567d270000)
 Metaspace       used 24246K, capacity 24645K, committed 24832K, reserved 26624K
}
Event: 991.964 GC heap before
{Heap before GC invocations=1946 (full 4):
 def new generation   total 2915648K, used 2702974K [0x00007f4f9c600000, 0x00007f50621a0000, 0x00007f54f1b50000)
  eden space 2591744K, 100% used [0x00007f4f9c600000, 0x00007f503a900000, 0x00007f503a900000)
  from space 323904K,  34% used [0x00007f503a900000, 0x00007f504159fa58, 0x00007f504e550000)
  to   space 323904K,   0% used [0x00007f504e550000, 0x00007f504e550000, 0x00007f50621a0000)
 tenured generation   total 6478976K, used 6445000K [0x00007f54f1b50000, 0x00007f567d270000, 0x00007f5f9c600000)
   the space 6478976K,  99% used [0x00007f54f1b50000, 0x00007f567b1423a8, 0x00007f567b142400, 0x00007f567d270000)
 Metaspace       used 24246K, capacity 24645K, committed 24832K, reserved 26624K
}
Event: 992.029 GC heap after
{Heap after GC invocations=1947 (full 4):
 def new generation   total 2915648K, used 111203K [0x00007f4f9c600000, 0x00007f50621a0000, 0x00007f54f1b50000)
  eden space 2591744K,   0% used [0x00007f4f9c600000, 0x00007f4f9c600000, 0x00007f503a900000)
  from space 323904K,  34% used [0x00007f504e550000, 0x00007f50551e8d20, 0x00007f50621a0000)
  to   space 323904K,   0% used [0x00007f503a900000, 0x00007f503a900000, 0x00007f504e550000)
 tenured generation   total 6478976K, used 6452473K [0x00007f54f1b50000, 0x00007f567d270000, 0x00007f5f9c600000)
   the space 6478976K,  99% used [0x00007f54f1b50000, 0x00007f567b88e710, 0x00007f567b88e800, 0x00007f567d270000)
 Metaspace       used 24246K, capacity 24645K, committed 24832K, reserved 26624K
}
Event: 993.082 GC heap before
{Heap before GC invocations=1947 (full 4):
 def new generation   total 2915648K, used 2702947K [0x00007f4f9c600000, 0x00007f50621a0000, 0x00007f54f1b50000)
  eden space 2591744K, 100% used [0x00007f4f9c600000, 0x00007f503a900000, 0x00007f503a900000)
  from space 323904K,  34% used [0x00007f504e550000, 0x00007f50551e8d20, 0x00007f50621a0000)
  to   space 323904K,   0% used [0x00007f503a900000, 0x00007f503a900000, 0x00007f504e550000)
 tenured generation   total 6478976K, used 6452473K [0x00007f54f1b50000, 0x00007f567d270000, 0x00007f5f9c600000)
   the space 6478976K,  99% used [0x00007f54f1b50000, 0x00007f567b88e710, 0x00007f567b88e800, 0x00007f567d270000)
 Metaspace       used 24246K, capacity 24645K, committed 24832K, reserved 26624K
}
Event: 993.141 GC heap after
{Heap after GC invocations=1948 (full 4):
 def new generation   total 2915648K, used 111367K [0x00007f4f9c600000, 0x00007f50621a0000, 0x00007f54f1b50000)
  eden space 2591744K,   0% used [0x00007f4f9c600000, 0x00007f4f9c600000, 0x00007f503a900000)
  from space 323904K,  34% used [0x00007f503a900000, 0x00007f50415c1dd8, 0x00007f504e550000)
  to   space 323904K,   0% used [0x00007f504e550000, 0x00007f504e550000, 0x00007f50621a0000)
 tenured generation   total 6478976K, used 6459751K [0x00007f54f1b50000, 0x00007f567d270000, 0x00007f5f9c600000)
   the space 6478976K,  99% used [0x00007f54f1b50000, 0x00007f567bfa9f08, 0x00007f567bfaa000, 0x00007f567d270000)
 Metaspace       used 24246K, capacity 24645K, committed 24832K, reserved 26624K
}
Event: 994.189 GC heap before
{Heap before GC invocations=1948 (full 4):
 def new generation   total 2915648K, used 2703111K [0x00007f4f9c600000, 0x00007f50621a0000, 0x00007f54f1b50000)
  eden space 2591744K, 100% used [0x00007f4f9c600000, 0x00007f503a900000, 0x00007f503a900000)
  from space 323904K,  34% used [0x00007f503a900000, 0x00007f50415c1dd8, 0x00007f504e550000)
  to   space 323904K,   0% used [0x00007f504e550000, 0x00007f504e550000, 0x00007f50621a0000)
 tenured generation   total 6478976K, used 6459751K [0x00007f54f1b50000, 0x00007f567d270000, 0x00007f5f9c600000)
   the space 6478976K,  99% used [0x00007f54f1b50000, 0x00007f567bfa9f08, 0x00007f567bfaa000, 0x00007f567d270000)
 Metaspace       used 24246K, capacity 24645K, committed 24832K, reserved 26624K
}
Event: 994.253 GC heap after
{Heap after GC invocations=1949 (full 4):
 def new generation   total 2915648K, used 111217K [0x00007f4f9c600000, 0x00007f50621a0000, 0x00007f54f1b50000)
  eden space 2591744K,   0% used [0x00007f4f9c600000, 0x00007f4f9c600000, 0x00007f503a900000)
  from space 323904K,  34% used [0x00007f504e550000, 0x00007f50551ec4c8, 0x00007f50621a0000)
  to   space 323904K,   0% used [0x00007f503a900000, 0x00007f503a900000, 0x00007f504e550000)
 tenured generation   total 6478976K, used 6467220K [0x00007f54f1b50000, 0x00007f567d270000, 0x00007f5f9c600000)
   the space 6478976K,  99% used [0x00007f54f1b50000, 0x00007f567c6f5130, 0x00007f567c6f5200, 0x00007f567d270000)
 Metaspace       used 24246K, capacity 24645K, committed 24832K, reserved 26624K
}
Event: 995.320 GC heap before
{Heap before GC invocations=1949 (full 4):
 def new generation   total 2915648K, used 2702961K [0x00007f4f9c600000, 0x00007f50621a0000, 0x00007f54f1b50000)
  eden space 2591744K, 100% used [0x00007f4f9c600000, 0x00007f503a900000, 0x00007f503a900000)
  from space 323904K,  34% used [0x00007f504e550000, 0x00007f50551ec4c8, 0x00007f50621a0000)
  to   space 323904K,   0% used [0x00007f503a900000, 0x00007f503a900000, 0x00007f504e550000)
 tenured generation   total 6478976K, used 6467220K [0x00007f54f1b50000, 0x00007f567d270000, 0x00007f5f9c600000)
   the space 6478976K,  99% used [0x00007f54f1b50000, 0x00007f567c6f5130, 0x00007f567c6f5200, 0x00007f567d270000)
 Metaspace       used 24246K, capacity 24645K, committed 24832K, reserved 26624K
}
Event: 995.382 GC heap after
{Heap after GC invocations=1950 (full 4):
 def new generation   total 2915648K, used 111180K [0x00007f4f9c600000, 0x00007f50621a0000, 0x00007f54f1b50000)
  eden space 2591744K,   0% used [0x00007f4f9c600000, 0x00007f4f9c600000, 0x00007f503a900000)
  from space 323904K,  34% used [0x00007f503a900000, 0x00007f50415932a8, 0x00007f504e550000)
  to   space 323904K,   0% used [0x00007f504e550000, 0x00007f504e550000, 0x00007f50621a0000)
 tenured generation   total 6478976K, used 6474688K [0x00007f54f1b50000, 0x00007f567d270000, 0x00007f5f9c600000)
   the space 6478976K,  99% used [0x00007f54f1b50000, 0x00007f567ce40358, 0x00007f567ce40400, 0x00007f567d270000)
 Metaspace       used 24246K, capacity 24645K, committed 24832K, reserved 26624K
}
Event: 996.444 GC heap before
{Heap before GC invocations=1950 (full 4):
 def new generation   total 2915648K, used 2702924K [0x00007f4f9c600000, 0x00007f50621a0000, 0x00007f54f1b50000)
  eden space 2591744K, 100% used [0x00007f4f9c600000, 0x00007f503a900000, 0x00007f503a900000)
  from space 323904K,  34% used [0x00007f503a900000, 0x00007f50415932a8, 0x00007f504e550000)
  to   space 323904K,   0% used [0x00007f504e550000, 0x00007f504e550000, 0x00007f50621a0000)
 tenured generation   total 6478976K, used 6474688K [0x00007f54f1b50000, 0x00007f567d270000, 0x00007f5f9c600000)
   the space 6478976K,  99% used [0x00007f54f1b50000, 0x00007f567ce40358, 0x00007f567ce40400, 0x00007f567d270000)
 Metaspace       used 24246K, capacity 24645K, committed 24832K, reserved 26624K
}
Event: 996.511 GC heap after
{Heap after GC invocations=1951 (full 4):
 def new generation   total 2915648K, used 111173K [0x00007f4f9c600000, 0x00007f50621a0000, 0x00007f54f1b50000)
  eden space 2591744K,   0% used [0x00007f4f9c600000, 0x00007f4f9c600000, 0x00007f503a900000)
  from space 323904K,  34% used [0x00007f504e550000, 0x00007f50551e1598, 0x00007f50621a0000)
  to   space 323904K,   0% used [0x00007f503a900000, 0x00007f503a900000, 0x00007f504e550000)
 tenured generation   total 6482240K, used 6482161K [0x00007f54f1b50000, 0x00007f567d5a0000, 0x00007f5f9c600000)
   the space 6482240K,  99% used [0x00007f54f1b50000, 0x00007f567d58c6c0, 0x00007f567d58c800, 0x00007f567d5a0000)
 Metaspace       used 24246K, capacity 24645K, committed 24832K, reserved 26624K
}
Event: 996.511 GC heap before
{Heap before GC invocations=1951 (full 4):
 def new generation   total 2915648K, used 111173K [0x00007f4f9c600000, 0x00007f50621a0000, 0x00007f54f1b50000)
  eden space 2591744K,   0% used [0x00007f4f9c600000, 0x00007f4f9c600000, 0x00007f503a900000)
  from space 323904K,  34% used [0x00007f504e550000, 0x00007f50551e1598, 0x00007f50621a0000)
  to   space 323904K,   0% used [0x00007f503a900000, 0x00007f503a900000, 0x00007f504e550000)
 tenured generation   total 6482240K, used 6482161K [0x00007f54f1b50000, 0x00007f567d5a0000, 0x00007f5f9c600000)
   the space 6482240K,  99% used [0x00007f54f1b50000, 0x00007f567d58c6c0, 0x00007f567d58c800, 0x00007f567d5a0000)
 Metaspace       used 24246K, capacity 24645K, committed 24832K, reserved 26624K
}

