# JRE version: OpenJDK Runtime Environment (13.0.7+5) (build 13.0.7+5-Ubuntu-0ubuntu120.04)
# Java VM: OpenJDK 64-Bit Server VM (13.0.7+5-Ubuntu-0ubuntu120.04, mixed mode, tiered, serial gc, linux-amd64)
Heap:
 def new generation   total 3628288K, used 0K [0x00007f2e14600000, 0x00007f2f0a6f0000, 0x00007f3369b50000)
  eden space 3225152K,   0% used [0x00007f2e14600000, 0x00007f2e14600000, 0x00007f2ed9390000)
  from space 403136K,   0% used [0x00007f2ef1d40000, 0x00007f2ef1d40000, 0x00007f2f0a6f0000)
  to   space 403136K,   0% used [0x00007f2ed9390000, 0x00007f2ed9390000, 0x00007f2ef1d40000)
 tenured generation   total 8097716K, used 7627650K [0x00007f3369b50000, 0x00007f3557f3d000, 0x00007f3e14600000)
   the space 8097716K,  94% used [0x00007f3369b50000, 0x00007f353b430b50, 0x00007f353b430c00, 0x00007f3557f3d000)
 Metaspace       used 30364K, capacity 30736K, committed 30976K, reserved 32768K
GC Heap History (20 events):
Event: 260.386 GC heap after
{Heap after GC invocations=192 (full 36):
 def new generation   total 2148672K, used 238719K [0x00007f2e14600000, 0x00007f2ea6170000, 0x00007f3369b50000)
  eden space 1909952K,   0% used [0x00007f2e14600000, 0x00007f2e14600000, 0x00007f2e88f30000)
  from space 238720K,  99% used [0x00007f2e88f30000, 0x00007f2e9784fff0, 0x00007f2e97850000)
  to   space 238720K,   0% used [0x00007f2e97850000, 0x00007f2e97850000, 0x00007f2ea6170000)
 tenured generation   total 4774664K, used 4549089K [0x00007f3369b50000, 0x00007f348d212000, 0x00007f3e14600000)
   the space 4774664K,  95% used [0x00007f3369b50000, 0x00007f347f5c8460, 0x00007f347f5c8600, 0x00007f348d212000)
 Metaspace       used 30364K, capacity 30736K, committed 30976K, reserved 32768K
}
Event: 380.026 GC heap before
{Heap before GC invocations=192 (full 36):
 def new generation   total 2148672K, used 2148671K [0x00007f2e14600000, 0x00007f2ea6170000, 0x00007f3369b50000)
  eden space 1909952K, 100% used [0x00007f2e14600000, 0x00007f2e88f30000, 0x00007f2e88f30000)
  from space 238720K,  99% used [0x00007f2e88f30000, 0x00007f2e9784fff0, 0x00007f2e97850000)
  to   space 238720K,   0% used [0x00007f2e97850000, 0x00007f2e97850000, 0x00007f2ea6170000)
 tenured generation   total 4774664K, used 4549089K [0x00007f3369b50000, 0x00007f348d212000, 0x00007f3e14600000)
   the space 4774664K,  95% used [0x00007f3369b50000, 0x00007f347f5c8460, 0x00007f347f5c8600, 0x00007f348d212000)
 Metaspace       used 30364K, capacity 30736K, committed 30976K, reserved 32768K
}
Event: 381.120 GC heap after
{Heap after GC invocations=193 (full 36):
 def new generation   total 2148672K, used 238720K [0x00007f2e14600000, 0x00007f2ea6170000, 0x00007f3369b50000)
  eden space 1909952K,   0% used [0x00007f2e14600000, 0x00007f2e14600000, 0x00007f2e88f30000)
  from space 238720K, 100% used [0x00007f2e97850000, 0x00007f2ea6170000, 0x00007f2ea6170000)
  to   space 238720K,   0% used [0x00007f2e88f30000, 0x00007f2e88f30000, 0x00007f2e97850000)
 tenured generation   total 5025032K, used 5024950K [0x00007f3369b50000, 0x00007f349c692000, 0x00007f3e14600000)
   the space 5025032K,  99% used [0x00007f3369b50000, 0x00007f349c67d9f0, 0x00007f349c67da00, 0x00007f349c692000)
 Metaspace       used 30364K, capacity 30736K, committed 30976K, reserved 32768K
}
Event: 381.120 GC heap before
{Heap before GC invocations=193 (full 36):
 def new generation   total 2148672K, used 238720K [0x00007f2e14600000, 0x00007f2ea6170000, 0x00007f3369b50000)
  eden space 1909952K,   0% used [0x00007f2e14600000, 0x00007f2e14600000, 0x00007f2e88f30000)
  from space 238720K, 100% used [0x00007f2e97850000, 0x00007f2ea6170000, 0x00007f2ea6170000)
  to   space 238720K,   0% used [0x00007f2e88f30000, 0x00007f2e88f30000, 0x00007f2e97850000)
 tenured generation   total 5025032K, used 5024950K [0x00007f3369b50000, 0x00007f349c692000, 0x00007f3e14600000)
   the space 5025032K,  99% used [0x00007f3369b50000, 0x00007f349c67d9f0, 0x00007f349c67da00, 0x00007f349c692000)
 Metaspace       used 30364K, capacity 30736K, committed 30976K, reserved 32768K
}
Event: 391.148 GC heap after
{Heap after GC invocations=193 (full 37):
 def new generation   total 3628288K, used 0K [0x00007f2e14600000, 0x00007f2f0a6f0000, 0x00007f3369b50000)
  eden space 3225152K,   0% used [0x00007f2e14600000, 0x00007f2e14600000, 0x00007f2ed9390000)
  from space 403136K,   0% used [0x00007f2ed9390000, 0x00007f2ed9390000, 0x00007f2ef1d40000)
  to   space 403136K,   0% used [0x00007f2ef1d40000, 0x00007f2ef1d40000, 0x00007f2f0a6f0000)
 tenured generation   total 8062772K, used 4837660K [0x00007f3369b50000, 0x00007f3555d1d000, 0x00007f3e14600000)
   the space 8062772K,  59% used [0x00007f3369b50000, 0x00007f3490f97380, 0x00007f3490f97400, 0x00007f3555d1d000)
 Metaspace       used 30364K, capacity 30736K, committed 30976K, reserved 32768K
}
Event: 559.485 GC heap before
{Heap before GC invocations=193 (full 37):
 def new generation   total 3628288K, used 3225152K [0x00007f2e14600000, 0x00007f2f0a6f0000, 0x00007f3369b50000)
  eden space 3225152K, 100% used [0x00007f2e14600000, 0x00007f2ed9390000, 0x00007f2ed9390000)
  from space 403136K,   0% used [0x00007f2ed9390000, 0x00007f2ed9390000, 0x00007f2ef1d40000)
  to   space 403136K,   0% used [0x00007f2ef1d40000, 0x00007f2ef1d40000, 0x00007f2f0a6f0000)
 tenured generation   total 8062772K, used 4837660K [0x00007f3369b50000, 0x00007f3555d1d000, 0x00007f3e14600000)
   the space 8062772K,  59% used [0x00007f3369b50000, 0x00007f3490f97380, 0x00007f3490f97400, 0x00007f3555d1d000)
 Metaspace       used 30364K, capacity 30736K, committed 30976K, reserved 32768K
}
Event: 560.857 GC heap after
{Heap after GC invocations=194 (full 37):
 def new generation   total 3628288K, used 403136K [0x00007f2e14600000, 0x00007f2f0a6f0000, 0x00007f3369b50000)
  eden space 3225152K,   0% used [0x00007f2e14600000, 0x00007f2e14600000, 0x00007f2ed9390000)
  from space 403136K, 100% used [0x00007f2ef1d40000, 0x00007f2f0a6f0000, 0x00007f2f0a6f0000)
  to   space 403136K,   0% used [0x00007f2ed9390000, 0x00007f2ed9390000, 0x00007f2ef1d40000)
 tenured generation   total 8062772K, used 5238003K [0x00007f3369b50000, 0x00007f3555d1d000, 0x00007f3e14600000)
   the space 8062772K,  64% used [0x00007f3369b50000, 0x00007f34a968cfa0, 0x00007f34a968d000, 0x00007f3555d1d000)
 Metaspace       used 30364K, capacity 30736K, committed 30976K, reserved 32768K
}
Event: 661.940 GC heap before
{Heap before GC invocations=194 (full 37):
 def new generation   total 3628288K, used 3628288K [0x00007f2e14600000, 0x00007f2f0a6f0000, 0x00007f3369b50000)
  eden space 3225152K, 100% used [0x00007f2e14600000, 0x00007f2ed9390000, 0x00007f2ed9390000)
  from space 403136K, 100% used [0x00007f2ef1d40000, 0x00007f2f0a6f0000, 0x00007f2f0a6f0000)
  to   space 403136K,   0% used [0x00007f2ed9390000, 0x00007f2ed9390000, 0x00007f2ef1d40000)
 tenured generation   total 8062772K, used 5238003K [0x00007f3369b50000, 0x00007f3555d1d000, 0x00007f3e14600000)
   the space 8062772K,  64% used [0x00007f3369b50000, 0x00007f34a968cfa0, 0x00007f34a968d000, 0x00007f3555d1d000)
 Metaspace       used 30364K, capacity 30736K, committed 30976K, reserved 32768K
}
Event: 663.877 GC heap after
{Heap after GC invocations=195 (full 37):
 def new generation   total 3628288K, used 403136K [0x00007f2e14600000, 0x00007f2f0a6f0000, 0x00007f3369b50000)
  eden space 3225152K,   0% used [0x00007f2e14600000, 0x00007f2e14600000, 0x00007f2ed9390000)
  from space 403136K, 100% used [0x00007f2ed9390000, 0x00007f2ef1d40000, 0x00007f2ef1d40000)
  to   space 403136K,   0% used [0x00007f2ef1d40000, 0x00007f2ef1d40000, 0x00007f2f0a6f0000)
 tenured generation   total 8062772K, used 6041265K [0x00007f3369b50000, 0x00007f3555d1d000, 0x00007f3e14600000)
   the space 8062772K,  74% used [0x00007f3369b50000, 0x00007f34da6fc460, 0x00007f34da6fc600, 0x00007f3555d1d000)
 Metaspace       used 30364K, capacity 30736K, committed 30976K, reserved 32768K
}
Event: 720.492 GC heap before
{Heap before GC invocations=195 (full 37):
 def new generation   total 3628288K, used 3628288K [0x00007f2e14600000, 0x00007f2f0a6f0000, 0x00007f3369b50000)
  eden space 3225152K, 100% used [0x00007f2e14600000, 0x00007f2ed9390000, 0x00007f2ed9390000)
  from space 403136K, 100% used [0x00007f2ed9390000, 0x00007f2ef1d40000, 0x00007f2ef1d40000)
  to   space 403136K,   0% used [0x00007f2ef1d40000, 0x00007f2ef1d40000, 0x00007f2f0a6f0000)
 tenured generation   total 8062772K, used 6041265K [0x00007f3369b50000, 0x00007f3555d1d000, 0x00007f3e14600000)
   the space 8062772K,  74% used [0x00007f3369b50000, 0x00007f34da6fc460, 0x00007f34da6fc600, 0x00007f3555d1d000)
 Metaspace       used 30364K, capacity 30736K, committed 30976K, reserved 32768K
}
Event: 722.140 GC heap after
{Heap after GC invocations=196 (full 37):
 def new generation   total 3628288K, used 403136K [0x00007f2e14600000, 0x00007f2f0a6f0000, 0x00007f3369b50000)
  eden space 3225152K,   0% used [0x00007f2e14600000, 0x00007f2e14600000, 0x00007f2ed9390000)
  from space 403136K, 100% used [0x00007f2ef1d40000, 0x00007f2f0a6f0000, 0x00007f2f0a6f0000)
  to   space 403136K,   0% used [0x00007f2ed9390000, 0x00007f2ed9390000, 0x00007f2ef1d40000)
 tenured generation   total 8062772K, used 6844329K [0x00007f3369b50000, 0x00007f3555d1d000, 0x00007f3e14600000)
   the space 8062772K,  84% used [0x00007f3369b50000, 0x00007f350b73a720, 0x00007f350b73a800, 0x00007f3555d1d000)
 Metaspace       used 30364K, capacity 30736K, committed 30976K, reserved 32768K
}
Event: 723.208 GC heap before
{Heap before GC invocations=196 (full 37):
 def new generation   total 3628288K, used 3628288K [0x00007f2e14600000, 0x00007f2f0a6f0000, 0x00007f3369b50000)
  eden space 3225152K, 100% used [0x00007f2e14600000, 0x00007f2ed9390000, 0x00007f2ed9390000)
  from space 403136K, 100% used [0x00007f2ef1d40000, 0x00007f2f0a6f0000, 0x00007f2f0a6f0000)
  to   space 403136K,   0% used [0x00007f2ed9390000, 0x00007f2ed9390000, 0x00007f2ef1d40000)
 tenured generation   total 8062772K, used 6844329K [0x00007f3369b50000, 0x00007f3555d1d000, 0x00007f3e14600000)
   the space 8062772K,  84% used [0x00007f3369b50000, 0x00007f350b73a720, 0x00007f350b73a800, 0x00007f3555d1d000)
 Metaspace       used 30364K, capacity 30736K, committed 30976K, reserved 32768K
}
Event: 724.117 GC heap after
{Heap after GC invocations=197 (full 37):
 def new generation   total 3628288K, used 284353K [0x00007f2e14600000, 0x00007f2f0a6f0000, 0x00007f3369b50000)
  eden space 3225152K,   0% used [0x00007f2e14600000, 0x00007f2e14600000, 0x00007f2ed9390000)
  from space 403136K,  70% used [0x00007f2ed9390000, 0x00007f2eea940668, 0x00007f2ef1d40000)
  to   space 403136K,   0% used [0x00007f2ef1d40000, 0x00007f2ef1d40000, 0x00007f2f0a6f0000)
 tenured generation   total 8062772K, used 7247465K [0x00007f3369b50000, 0x00007f3555d1d000, 0x00007f3e14600000)
   the space 8062772K,  89% used [0x00007f3369b50000, 0x00007f35240ea700, 0x00007f35240ea800, 0x00007f3555d1d000)
 Metaspace       used 30364K, capacity 30736K, committed 30976K, reserved 32768K
}
Event: 725.092 GC heap before
{Heap before GC invocations=197 (full 37):
 def new generation   total 3628288K, used 3509505K [0x00007f2e14600000, 0x00007f2f0a6f0000, 0x00007f3369b50000)
  eden space 3225152K, 100% used [0x00007f2e14600000, 0x00007f2ed9390000, 0x00007f2ed9390000)
  from space 403136K,  70% used [0x00007f2ed9390000, 0x00007f2eea940668, 0x00007f2ef1d40000)
  to   space 403136K,   0% used [0x00007f2ef1d40000, 0x00007f2ef1d40000, 0x00007f2f0a6f0000)
 tenured generation   total 8062772K, used 7247465K [0x00007f3369b50000, 0x00007f3555d1d000, 0x00007f3e14600000)
   the space 8062772K,  89% used [0x00007f3369b50000, 0x00007f35240ea700, 0x00007f35240ea800, 0x00007f3555d1d000)
 Metaspace       used 30364K, capacity 30736K, committed 30976K, reserved 32768K
}
Event: 725.892 GC heap after
{Heap after GC invocations=198 (full 37):
 def new generation   total 3628288K, used 283492K [0x00007f2e14600000, 0x00007f2f0a6f0000, 0x00007f3369b50000)
  eden space 3225152K,   0% used [0x00007f2e14600000, 0x00007f2e14600000, 0x00007f2ed9390000)
  from space 403136K,  70% used [0x00007f2ef1d40000, 0x00007f2f032192d0, 0x00007f2f0a6f0000)
  to   space 403136K,   0% used [0x00007f2ed9390000, 0x00007f2ed9390000, 0x00007f2ef1d40000)
 tenured generation   total 8062772K, used 7531818K [0x00007f3369b50000, 0x00007f3555d1d000, 0x00007f3e14600000)
   the space 8062772K,  93% used [0x00007f3369b50000, 0x00007f353569ab58, 0x00007f353569ac00, 0x00007f3555d1d000)
 Metaspace       used 30364K, capacity 30736K, committed 30976K, reserved 32768K
}
Event: 726.851 GC heap before
{Heap before GC invocations=198 (full 37):
 def new generation   total 3628288K, used 3508644K [0x00007f2e14600000, 0x00007f2f0a6f0000, 0x00007f3369b50000)
  eden space 3225152K, 100% used [0x00007f2e14600000, 0x00007f2ed9390000, 0x00007f2ed9390000)
  from space 403136K,  70% used [0x00007f2ef1d40000, 0x00007f2f032192d0, 0x00007f2f0a6f0000)
  to   space 403136K,   0% used [0x00007f2ed9390000, 0x00007f2ed9390000, 0x00007f2ef1d40000)
 tenured generation   total 8062772K, used 7531818K [0x00007f3369b50000, 0x00007f3555d1d000, 0x00007f3e14600000)
   the space 8062772K,  93% used [0x00007f3369b50000, 0x00007f353569ab58, 0x00007f353569ac00, 0x00007f3555d1d000)
 Metaspace       used 30364K, capacity 30736K, committed 30976K, reserved 32768K
}
Event: 727.650 GC heap after
{Heap after GC invocations=199 (full 37):
 def new generation   total 3628288K, used 282381K [0x00007f2e14600000, 0x00007f2f0a6f0000, 0x00007f3369b50000)
  eden space 3225152K,   0% used [0x00007f2e14600000, 0x00007f2e14600000, 0x00007f2ed9390000)
  from space 403136K,  70% used [0x00007f2ed9390000, 0x00007f2eea753430, 0x00007f2ef1d40000)
  to   space 403136K,   0% used [0x00007f2ef1d40000, 0x00007f2ef1d40000, 0x00007f2f0a6f0000)
 tenured generation   total 8062772K, used 7815310K [0x00007f3369b50000, 0x00007f3555d1d000, 0x00007f3e14600000)
   the space 8062772K,  96% used [0x00007f3369b50000, 0x00007f3546b73b98, 0x00007f3546b73c00, 0x00007f3555d1d000)
 Metaspace       used 30364K, capacity 30736K, committed 30976K, reserved 32768K
}
Event: 728.623 GC heap before
{Heap before GC invocations=199 (full 37):
 def new generation   total 3628288K, used 3507533K [0x00007f2e14600000, 0x00007f2f0a6f0000, 0x00007f3369b50000)
  eden space 3225152K, 100% used [0x00007f2e14600000, 0x00007f2ed9390000, 0x00007f2ed9390000)
  from space 403136K,  70% used [0x00007f2ed9390000, 0x00007f2eea753430, 0x00007f2ef1d40000)
  to   space 403136K,   0% used [0x00007f2ef1d40000, 0x00007f2ef1d40000, 0x00007f2f0a6f0000)
 tenured generation   total 8062772K, used 7815310K [0x00007f3369b50000, 0x00007f3555d1d000, 0x00007f3e14600000)
   the space 8062772K,  96% used [0x00007f3369b50000, 0x00007f3546b73b98, 0x00007f3546b73c00, 0x00007f3555d1d000)
 Metaspace       used 30364K, capacity 30736K, committed 30976K, reserved 32768K
}
Event: 729.414 GC heap after
{Heap after GC invocations=200 (full 37):
 def new generation   total 3628288K, used 279413K [0x00007f2e14600000, 0x00007f2f0a6f0000, 0x00007f3369b50000)
  eden space 3225152K,   0% used [0x00007f2e14600000, 0x00007f2e14600000, 0x00007f2ed9390000)
  from space 403136K,  69% used [0x00007f2ef1d40000, 0x00007f2f02e1d7a0, 0x00007f2f0a6f0000)
  to   space 403136K,   0% used [0x00007f2ed9390000, 0x00007f2ed9390000, 0x00007f2ef1d40000)
 tenured generation   total 8097716K, used 8097691K [0x00007f3369b50000, 0x00007f3557f3d000, 0x00007f3e14600000)
   the space 8097716K,  99% used [0x00007f3369b50000, 0x00007f3557f36f88, 0x00007f3557f37000, 0x00007f3557f3d000)
 Metaspace       used 30364K, capacity 30736K, committed 30976K, reserved 32768K
}
Event: 729.414 GC heap before
{Heap before GC invocations=200 (full 37):
 def new generation   total 3628288K, used 279413K [0x00007f2e14600000, 0x00007f2f0a6f0000, 0x00007f3369b50000)
  eden space 3225152K,   0% used [0x00007f2e14600000, 0x00007f2e14600000, 0x00007f2ed9390000)
  from space 403136K,  69% used [0x00007f2ef1d40000, 0x00007f2f02e1d7a0, 0x00007f2f0a6f0000)
  to   space 403136K,   0% used [0x00007f2ed9390000, 0x00007f2ed9390000, 0x00007f2ef1d40000)
 tenured generation   total 8097716K, used 8097691K [0x00007f3369b50000, 0x00007f3557f3d000, 0x00007f3e14600000)
   the space 8097716K,  99% used [0x00007f3369b50000, 0x00007f3557f36f88, 0x00007f3557f37000, 0x00007f3557f3d000)
 Metaspace       used 30364K, capacity 30736K, committed 30976K, reserved 32768K
}

