# JRE version: OpenJDK Runtime Environment (13.0.7+5) (build 13.0.7+5-Ubuntu-0ubuntu120.04)
# Java VM: OpenJDK 64-Bit Server VM (13.0.7+5-Ubuntu-0ubuntu120.04, mixed mode, tiered, serial gc, linux-amd64)
Heap:
 def new generation   total 5657600K, used 628453K [0x00007f0480600000, 0x00007f06000e0000, 0x00007f09d5b50000)
  eden space 5028992K,  12% used [0x00007f0480600000, 0x00007f04a6bb9620, 0x00007f05b3520000)
  from space 628608K,   0% used [0x00007f05b3520000, 0x00007f05b3520000, 0x00007f05d9b00000)
  to   space 628608K,   0% used [0x00007f05d9b00000, 0x00007f05d9b00000, 0x00007f06000e0000)
 tenured generation   total 13516176K, used 13516175K [0x00007f09d5b50000, 0x00007f0d0eab4000, 0x00007f1480600000)
   the space 13516176K,  99% used [0x00007f09d5b50000, 0x00007f0d0eab3fe8, 0x00007f0d0eab4000, 0x00007f0d0eab4000)
 Metaspace       used 30322K, capacity 30775K, committed 30976K, reserved 32768K
GC Heap History (20 events):
Event: 71.365 GC heap after
{Heap after GC invocations=60 (full 4):
 def new generation   total 3040448K, used 330241K [0x00007f0480600000, 0x00007f054e910000, 0x00007f09d5b50000)
  eden space 2702656K,   0% used [0x00007f0480600000, 0x00007f0480600000, 0x00007f0525550000)
  from space 337792K,  97% used [0x00007f0525550000, 0x00007f05397d04b8, 0x00007f0539f30000)
  to   space 337792K,   0% used [0x00007f0539f30000, 0x00007f0539f30000, 0x00007f054e910000)
 tenured generation   total 6756372K, used 5933679K [0x00007f09d5b50000, 0x00007f0b72155000, 0x00007f1480600000)
   the space 6756372K,  87% used [0x00007f09d5b50000, 0x00007f0b3fdebc20, 0x00007f0b3fdebe00, 0x00007f0b72155000)
 Metaspace       used 30322K, capacity 30775K, committed 30976K, reserved 32768K
}
Event: 72.157 GC heap before
{Heap before GC invocations=60 (full 4):
 def new generation   total 3040448K, used 3032897K [0x00007f0480600000, 0x00007f054e910000, 0x00007f09d5b50000)
  eden space 2702656K, 100% used [0x00007f0480600000, 0x00007f0525550000, 0x00007f0525550000)
  from space 337792K,  97% used [0x00007f0525550000, 0x00007f05397d04b8, 0x00007f0539f30000)
  to   space 337792K,   0% used [0x00007f0539f30000, 0x00007f0539f30000, 0x00007f054e910000)
 tenured generation   total 6756372K, used 5933679K [0x00007f09d5b50000, 0x00007f0b72155000, 0x00007f1480600000)
   the space 6756372K,  87% used [0x00007f09d5b50000, 0x00007f0b3fdebc20, 0x00007f0b3fdebe00, 0x00007f0b72155000)
 Metaspace       used 30322K, capacity 30775K, committed 30976K, reserved 32768K
}
Event: 73.071 GC heap after
{Heap after GC invocations=61 (full 4):
 def new generation   total 3040448K, used 280447K [0x00007f0480600000, 0x00007f054e910000, 0x00007f09d5b50000)
  eden space 2702656K,   0% used [0x00007f0480600000, 0x00007f0480600000, 0x00007f0525550000)
  from space 337792K,  83% used [0x00007f0539f30000, 0x00007f054b10fdf8, 0x00007f054e910000)
  to   space 337792K,   0% used [0x00007f0525550000, 0x00007f0525550000, 0x00007f0539f30000)
 tenured generation   total 6756372K, used 6263920K [0x00007f09d5b50000, 0x00007f0b72155000, 0x00007f1480600000)
   the space 6756372K,  92% used [0x00007f09d5b50000, 0x00007f0b5406c038, 0x00007f0b5406c200, 0x00007f0b72155000)
 Metaspace       used 30322K, capacity 30775K, committed 30976K, reserved 32768K
}
Event: 175.551 GC heap before
{Heap before GC invocations=61 (full 4):
 def new generation   total 3040448K, used 2983103K [0x00007f0480600000, 0x00007f054e910000, 0x00007f09d5b50000)
  eden space 2702656K, 100% used [0x00007f0480600000, 0x00007f0525550000, 0x00007f0525550000)
  from space 337792K,  83% used [0x00007f0539f30000, 0x00007f054b10fdf8, 0x00007f054e910000)
  to   space 337792K,   0% used [0x00007f0525550000, 0x00007f0525550000, 0x00007f0539f30000)
 tenured generation   total 6756372K, used 6263920K [0x00007f09d5b50000, 0x00007f0b72155000, 0x00007f1480600000)
   the space 6756372K,  92% used [0x00007f09d5b50000, 0x00007f0b5406c038, 0x00007f0b5406c200, 0x00007f0b72155000)
 Metaspace       used 30322K, capacity 30775K, committed 30976K, reserved 32768K
}
Event: 179.346 GC heap after
{Heap after GC invocations=62 (full 4):
 def new generation   total 3040448K, used 337792K [0x00007f0480600000, 0x00007f054e910000, 0x00007f09d5b50000)
  eden space 2702656K,   0% used [0x00007f0480600000, 0x00007f0480600000, 0x00007f0525550000)
  from space 337792K, 100% used [0x00007f0525550000, 0x00007f0539f30000, 0x00007f0539f30000)
  to   space 337792K,   0% used [0x00007f0539f30000, 0x00007f0539f30000, 0x00007f054e910000)
 tenured generation   total 7562388K, used 7562228K [0x00007f09d5b50000, 0x00007f0ba3475000, 0x00007f1480600000)
   the space 7562388K,  99% used [0x00007f09d5b50000, 0x00007f0ba344d118, 0x00007f0ba344d200, 0x00007f0ba3475000)
 Metaspace       used 30322K, capacity 30775K, committed 30976K, reserved 32768K
}
Event: 179.346 GC heap before
{Heap before GC invocations=62 (full 4):
 def new generation   total 3040448K, used 337792K [0x00007f0480600000, 0x00007f054e910000, 0x00007f09d5b50000)
  eden space 2702656K,   0% used [0x00007f0480600000, 0x00007f0480600000, 0x00007f0525550000)
  from space 337792K, 100% used [0x00007f0525550000, 0x00007f0539f30000, 0x00007f0539f30000)
  to   space 337792K,   0% used [0x00007f0539f30000, 0x00007f0539f30000, 0x00007f054e910000)
 tenured generation   total 7562388K, used 7562228K [0x00007f09d5b50000, 0x00007f0ba3475000, 0x00007f1480600000)
   the space 7562388K,  99% used [0x00007f09d5b50000, 0x00007f0ba344d118, 0x00007f0ba344d200, 0x00007f0ba3475000)
 Metaspace       used 30322K, capacity 30775K, committed 30976K, reserved 32768K
}
Event: 194.630 GC heap after
{Heap after GC invocations=62 (full 5):
 def new generation   total 5657600K, used 315238K [0x00007f0480600000, 0x00007f06000e0000, 0x00007f09d5b50000)
  eden space 5028992K,   6% used [0x00007f0480600000, 0x00007f04939d9b78, 0x00007f05b3520000)
  from space 628608K,   0% used [0x00007f05b3520000, 0x00007f05b3520000, 0x00007f05d9b00000)
  to   space 628608K,   0% used [0x00007f05d9b00000, 0x00007f05d9b00000, 0x00007f06000e0000)
 tenured generation   total 12572304K, used 7543382K [0x00007f09d5b50000, 0x00007f0cd50f4000, 0x00007f1480600000)
   the space 12572304K,  59% used [0x00007f09d5b50000, 0x00007f0ba21e5980, 0x00007f0ba21e5a00, 0x00007f0cd50f4000)
 Metaspace       used 30322K, capacity 30775K, committed 30976K, reserved 32768K
}
Event: 408.382 GC heap before
{Heap before GC invocations=62 (full 5):
 def new generation   total 5657600K, used 5028992K [0x00007f0480600000, 0x00007f06000e0000, 0x00007f09d5b50000)
  eden space 5028992K, 100% used [0x00007f0480600000, 0x00007f05b3520000, 0x00007f05b3520000)
  from space 628608K,   0% used [0x00007f05b3520000, 0x00007f05b3520000, 0x00007f05d9b00000)
  to   space 628608K,   0% used [0x00007f05d9b00000, 0x00007f05d9b00000, 0x00007f06000e0000)
 tenured generation   total 12572304K, used 7543382K [0x00007f09d5b50000, 0x00007f0cd50f4000, 0x00007f1480600000)
   the space 12572304K,  59% used [0x00007f09d5b50000, 0x00007f0ba21e5980, 0x00007f0ba21e5a00, 0x00007f0cd50f4000)
 Metaspace       used 30322K, capacity 30775K, committed 30976K, reserved 32768K
}
Event: 412.093 GC heap after
{Heap after GC invocations=63 (full 5):
 def new generation   total 5657600K, used 628607K [0x00007f0480600000, 0x00007f06000e0000, 0x00007f09d5b50000)
  eden space 5028992K,   0% used [0x00007f0480600000, 0x00007f0480600000, 0x00007f05b3520000)
  from space 628608K,  99% used [0x00007f05d9b00000, 0x00007f06000dffe8, 0x00007f06000e0000)
  to   space 628608K,   0% used [0x00007f05b3520000, 0x00007f05b3520000, 0x00007f05d9b00000)
 tenured generation   total 12572304K, used 8222377K [0x00007f09d5b50000, 0x00007f0cd50f4000, 0x00007f1480600000)
   the space 12572304K,  65% used [0x00007f09d5b50000, 0x00007f0bcb8fa400, 0x00007f0bcb8fa400, 0x00007f0cd50f4000)
 Metaspace       used 30322K, capacity 30775K, committed 30976K, reserved 32768K
}
Event: 658.400 GC heap before
{Heap before GC invocations=63 (full 5):
 def new generation   total 5657600K, used 5657599K [0x00007f0480600000, 0x00007f06000e0000, 0x00007f09d5b50000)
  eden space 5028992K, 100% used [0x00007f0480600000, 0x00007f05b3520000, 0x00007f05b3520000)
  from space 628608K,  99% used [0x00007f05d9b00000, 0x00007f06000dffe8, 0x00007f06000e0000)
  to   space 628608K,   0% used [0x00007f05b3520000, 0x00007f05b3520000, 0x00007f05d9b00000)
 tenured generation   total 12572304K, used 8222377K [0x00007f09d5b50000, 0x00007f0cd50f4000, 0x00007f1480600000)
   the space 12572304K,  65% used [0x00007f09d5b50000, 0x00007f0bcb8fa400, 0x00007f0bcb8fa400, 0x00007f0cd50f4000)
 Metaspace       used 30322K, capacity 30775K, committed 30976K, reserved 32768K
}
Event: 661.342 GC heap after
{Heap after GC invocations=64 (full 5):
 def new generation   total 5657600K, used 628607K [0x00007f0480600000, 0x00007f06000e0000, 0x00007f09d5b50000)
  eden space 5028992K,   0% used [0x00007f0480600000, 0x00007f0480600000, 0x00007f05b3520000)
  from space 628608K,  99% used [0x00007f05b3520000, 0x00007f05d9affff0, 0x00007f05d9b00000)
  to   space 628608K,   0% used [0x00007f05d9b00000, 0x00007f05d9b00000, 0x00007f06000e0000)
 tenured generation   total 12572304K, used 9281105K [0x00007f09d5b50000, 0x00007f0cd50f4000, 0x00007f1480600000)
   the space 12572304K,  73% used [0x00007f09d5b50000, 0x00007f0c0c2e46f8, 0x00007f0c0c2e4800, 0x00007f0cd50f4000)
 Metaspace       used 30322K, capacity 30775K, committed 30976K, reserved 32768K
}
Event: 880.299 GC heap before
{Heap before GC invocations=64 (full 5):
 def new generation   total 5657600K, used 5657599K [0x00007f0480600000, 0x00007f06000e0000, 0x00007f09d5b50000)
  eden space 5028992K, 100% used [0x00007f0480600000, 0x00007f05b3520000, 0x00007f05b3520000)
  from space 628608K,  99% used [0x00007f05b3520000, 0x00007f05d9affff0, 0x00007f05d9b00000)
  to   space 628608K,   0% used [0x00007f05d9b00000, 0x00007f05d9b00000, 0x00007f06000e0000)
 tenured generation   total 12572304K, used 9281105K [0x00007f09d5b50000, 0x00007f0cd50f4000, 0x00007f1480600000)
   the space 12572304K,  73% used [0x00007f09d5b50000, 0x00007f0c0c2e46f8, 0x00007f0c0c2e4800, 0x00007f0cd50f4000)
 Metaspace       used 30322K, capacity 30775K, committed 30976K, reserved 32768K
}
Event: 883.286 GC heap after
{Heap after GC invocations=65 (full 5):
 def new generation   total 5657600K, used 628607K [0x00007f0480600000, 0x00007f06000e0000, 0x00007f09d5b50000)
  eden space 5028992K,   0% used [0x00007f0480600000, 0x00007f0480600000, 0x00007f05b3520000)
  from space 628608K,  99% used [0x00007f05d9b00000, 0x00007f06000dfff0, 0x00007f06000e0000)
  to   space 628608K,   0% used [0x00007f05b3520000, 0x00007f05b3520000, 0x00007f05d9b00000)
 tenured generation   total 12572304K, used 10339834K [0x00007f09d5b50000, 0x00007f0cd50f4000, 0x00007f1480600000)
   the space 12572304K,  82% used [0x00007f09d5b50000, 0x00007f0c4ccceaf8, 0x00007f0c4cccec00, 0x00007f0cd50f4000)
 Metaspace       used 30322K, capacity 30775K, committed 30976K, reserved 32768K
}
Event: 1031.748 GC heap before
{Heap before GC invocations=65 (full 5):
 def new generation   total 5657600K, used 5657599K [0x00007f0480600000, 0x00007f06000e0000, 0x00007f09d5b50000)
  eden space 5028992K, 100% used [0x00007f0480600000, 0x00007f05b3520000, 0x00007f05b3520000)
  from space 628608K,  99% used [0x00007f05d9b00000, 0x00007f06000dfff0, 0x00007f06000e0000)
  to   space 628608K,   0% used [0x00007f05b3520000, 0x00007f05b3520000, 0x00007f05d9b00000)
 tenured generation   total 12572304K, used 10339834K [0x00007f09d5b50000, 0x00007f0cd50f4000, 0x00007f1480600000)
   the space 12572304K,  82% used [0x00007f09d5b50000, 0x00007f0c4ccceaf8, 0x00007f0c4cccec00, 0x00007f0cd50f4000)
 Metaspace       used 30322K, capacity 30775K, committed 30976K, reserved 32768K
}
Event: 1034.525 GC heap after
{Heap after GC invocations=66 (full 5):
 def new generation   total 5657600K, used 628607K [0x00007f0480600000, 0x00007f06000e0000, 0x00007f09d5b50000)
  eden space 5028992K,   0% used [0x00007f0480600000, 0x00007f0480600000, 0x00007f05b3520000)
  from space 628608K,  99% used [0x00007f05b3520000, 0x00007f05d9affff0, 0x00007f05d9b00000)
  to   space 628608K,   0% used [0x00007f05d9b00000, 0x00007f05d9b00000, 0x00007f06000e0000)
 tenured generation   total 12572304K, used 11398563K [0x00007f09d5b50000, 0x00007f0cd50f4000, 0x00007f1480600000)
   the space 12572304K,  90% used [0x00007f09d5b50000, 0x00007f0c8d6b8e98, 0x00007f0c8d6b9000, 0x00007f0cd50f4000)
 Metaspace       used 30322K, capacity 30775K, committed 30976K, reserved 32768K
}
Event: 1160.346 GC heap before
{Heap before GC invocations=66 (full 5):
 def new generation   total 5657600K, used 5657599K [0x00007f0480600000, 0x00007f06000e0000, 0x00007f09d5b50000)
  eden space 5028992K, 100% used [0x00007f0480600000, 0x00007f05b3520000, 0x00007f05b3520000)
  from space 628608K,  99% used [0x00007f05b3520000, 0x00007f05d9affff0, 0x00007f05d9b00000)
  to   space 628608K,   0% used [0x00007f05d9b00000, 0x00007f05d9b00000, 0x00007f06000e0000)
 tenured generation   total 12572304K, used 11398563K [0x00007f09d5b50000, 0x00007f0cd50f4000, 0x00007f1480600000)
   the space 12572304K,  90% used [0x00007f09d5b50000, 0x00007f0c8d6b8e98, 0x00007f0c8d6b9000, 0x00007f0cd50f4000)
 Metaspace       used 30322K, capacity 30775K, committed 30976K, reserved 32768K
}
Event: 1165.040 GC heap after
{Heap after GC invocations=67 (full 5):
 def new generation   total 5657600K, used 628608K [0x00007f0480600000, 0x00007f06000e0000, 0x00007f09d5b50000)
  eden space 5028992K,   0% used [0x00007f0480600000, 0x00007f0480600000, 0x00007f05b3520000)
  from space 628608K, 100% used [0x00007f05d9b00000, 0x00007f06000e0000, 0x00007f06000e0000)
  to   space 628608K,   0% used [0x00007f05b3520000, 0x00007f05b3520000, 0x00007f05d9b00000)
 tenured generation   total 12572304K, used 12457292K [0x00007f09d5b50000, 0x00007f0cd50f4000, 0x00007f1480600000)
   the space 12572304K,  99% used [0x00007f09d5b50000, 0x00007f0cce0a31d8, 0x00007f0cce0a3200, 0x00007f0cd50f4000)
 Metaspace       used 30322K, capacity 30775K, committed 30976K, reserved 32768K
}
Event: 1275.806 GC heap before
{Heap before GC invocations=67 (full 5):
 def new generation   total 5657600K, used 5657600K [0x00007f0480600000, 0x00007f06000e0000, 0x00007f09d5b50000)
  eden space 5028992K, 100% used [0x00007f0480600000, 0x00007f05b3520000, 0x00007f05b3520000)
  from space 628608K, 100% used [0x00007f05d9b00000, 0x00007f06000e0000, 0x00007f06000e0000)
  to   space 628608K,   0% used [0x00007f05b3520000, 0x00007f05b3520000, 0x00007f05d9b00000)
 tenured generation   total 12572304K, used 12457292K [0x00007f09d5b50000, 0x00007f0cd50f4000, 0x00007f1480600000)
   the space 12572304K,  99% used [0x00007f09d5b50000, 0x00007f0cce0a31d8, 0x00007f0cce0a3200, 0x00007f0cd50f4000)
 Metaspace       used 30322K, capacity 30775K, committed 30976K, reserved 32768K
}
Event: 1278.406 GC heap after
{Heap after GC invocations=68 (full 5):
 def new generation   total 5657600K, used 628607K [0x00007f0480600000, 0x00007f06000e0000, 0x00007f09d5b50000)
  eden space 5028992K,   0% used [0x00007f0480600000, 0x00007f0480600000, 0x00007f05b3520000)
  from space 628608K,  99% used [0x00007f05b3520000, 0x00007f05d9affff0, 0x00007f05d9b00000)
  to   space 628608K,   0% used [0x00007f05d9b00000, 0x00007f05d9b00000, 0x00007f06000e0000)
 tenured generation   total 13516176K, used 13516021K [0x00007f09d5b50000, 0x00007f0d0eab4000, 0x00007f1480600000)
   the space 13516176K,  99% used [0x00007f09d5b50000, 0x00007f0d0ea8d618, 0x00007f0d0ea8d800, 0x00007f0d0eab4000)
 Metaspace       used 30322K, capacity 30775K, committed 30976K, reserved 32768K
}
Event: 1278.407 GC heap before
{Heap before GC invocations=68 (full 5):
 def new generation   total 5657600K, used 628607K [0x00007f0480600000, 0x00007f06000e0000, 0x00007f09d5b50000)
  eden space 5028992K,   0% used [0x00007f0480600000, 0x00007f0480600000, 0x00007f05b3520000)
  from space 628608K,  99% used [0x00007f05b3520000, 0x00007f05d9affff0, 0x00007f05d9b00000)
  to   space 628608K,   0% used [0x00007f05d9b00000, 0x00007f05d9b00000, 0x00007f06000e0000)
 tenured generation   total 13516176K, used 13516021K [0x00007f09d5b50000, 0x00007f0d0eab4000, 0x00007f1480600000)
   the space 13516176K,  99% used [0x00007f09d5b50000, 0x00007f0d0ea8d618, 0x00007f0d0ea8d800, 0x00007f0d0eab4000)
 Metaspace       used 30322K, capacity 30775K, committed 30976K, reserved 32768K
}

