# JRE version: OpenJDK Runtime Environment (13.0.7+5) (build 13.0.7+5-Ubuntu-0ubuntu120.04)
# Java VM: OpenJDK 64-Bit Server VM (13.0.7+5-Ubuntu-0ubuntu120.04, mixed mode, tiered, serial gc, linux-amd64)
Heap:
 def new generation   total 777152K, used 0K [0x00007efdd4600000, 0x00007efe09140000, 0x00007f0329b50000)
  eden space 690816K,   0% used [0x00007efdd4600000, 0x00007efdd4600000, 0x00007efdfe8a0000)
  from space 86336K,   0% used [0x00007efdfe8a0000, 0x00007efdfe8a0000, 0x00007efe03cf0000)
  to   space 86336K,   0% used [0x00007efe03cf0000, 0x00007efe03cf0000, 0x00007efe09140000)
 tenured generation   total 1726852K, used 10243K [0x00007f0329b50000, 0x00007f03931b1000, 0x00007f0dd4600000)
   the space 1726852K,   0% used [0x00007f0329b50000, 0x00007f032a550f00, 0x00007f032a551000, 0x00007f03931b1000)
 Metaspace       used 23302K, capacity 23682K, committed 23808K, reserved 24576K
GC Heap History (20 events):
Event: 23.428 GC heap before
{Heap before GC invocations=8 (full 3):
 def new generation   total 629248K, used 535328K [0x00007efdd4600000, 0x00007efdff0c0000, 0x00007f0329b50000)
  eden space 559360K,  95% used [0x00007efdd4600000, 0x00007efdf50c8270, 0x00007efdf6840000)
  from space 69888K,   0% used [0x00007efdfac80000, 0x00007efdfac80000, 0x00007efdff0c0000)
  to   space 69888K,   0% used [0x00007efdf6840000, 0x00007efdf6840000, 0x00007efdfac80000)
 tenured generation   total 1398144K, used 604997K [0x00007f0329b50000, 0x00007f037f0b0000, 0x00007f0dd4600000)
   the space 1398144K,  43% used [0x00007f0329b50000, 0x00007f034ea214d0, 0x00007f034ea21600, 0x00007f037f0b0000)
 Metaspace       used 23230K, capacity 23605K, committed 23808K, reserved 24576K
}
Event: 23.599 GC heap after
{Heap after GC invocations=9 (full 3):
 def new generation   total 629248K, used 0K [0x00007efdd4600000, 0x00007efdff0c0000, 0x00007f0329b50000)
  eden space 559360K,   0% used [0x00007efdd4600000, 0x00007efdd4600000, 0x00007efdf6840000)
  from space 69888K,   0% used [0x00007efdf6840000, 0x00007efdf6840278, 0x00007efdfac80000)
  to   space 69888K,   0% used [0x00007efdfac80000, 0x00007efdfac80000, 0x00007efdff0c0000)
 tenured generation   total 1398144K, used 1129285K [0x00007f0329b50000, 0x00007f037f0b0000, 0x00007f0dd4600000)
   the space 1398144K,  80% used [0x00007f0329b50000, 0x00007f036ea214e8, 0x00007f036ea21600, 0x00007f037f0b0000)
 Metaspace       used 23230K, capacity 23605K, committed 23808K, reserved 24576K
}
Event: 23.971 GC heap before
{Heap before GC invocations=9 (full 3):
 def new generation   total 629248K, used 535299K [0x00007efdd4600000, 0x00007efdff0c0000, 0x00007f0329b50000)
  eden space 559360K,  95% used [0x00007efdd4600000, 0x00007efdf50c0ca8, 0x00007efdf6840000)
  from space 69888K,   0% used [0x00007efdf6840000, 0x00007efdf6840278, 0x00007efdfac80000)
  to   space 69888K,   0% used [0x00007efdfac80000, 0x00007efdfac80000, 0x00007efdff0c0000)
 tenured generation   total 1398144K, used 1129285K [0x00007f0329b50000, 0x00007f037f0b0000, 0x00007f0dd4600000)
   the space 1398144K,  80% used [0x00007f0329b50000, 0x00007f036ea214e8, 0x00007f036ea21600, 0x00007f037f0b0000)
 Metaspace       used 23230K, capacity 23605K, committed 23808K, reserved 24576K
}
Event: 25.330 GC heap after
{Heap after GC invocations=10 (full 3):
 def new generation   total 629248K, used 0K [0x00007efdd4600000, 0x00007efdff0c0000, 0x00007f0329b50000)
  eden space 559360K,   0% used [0x00007efdd4600000, 0x00007efdd4600000, 0x00007efdf6840000)
  from space 69888K,   0% used [0x00007efdfac80000, 0x00007efdfac80270, 0x00007efdff0c0000)
  to   space 69888K,   0% used [0x00007efdf6840000, 0x00007efdf6840000, 0x00007efdfac80000)
 tenured generation   total 1922436K, used 1653573K [0x00007f0329b50000, 0x00007f039f0b1000, 0x00007f0dd4600000)
   the space 1922436K,  86% used [0x00007f0329b50000, 0x00007f038ea21500, 0x00007f038ea21600, 0x00007f039f0b1000)
 Metaspace       used 23230K, capacity 23605K, committed 23808K, reserved 24576K
}
Event: 25.330 GC heap before
{Heap before GC invocations=10 (full 3):
 def new generation   total 629248K, used 0K [0x00007efdd4600000, 0x00007efdff0c0000, 0x00007f0329b50000)
  eden space 559360K,   0% used [0x00007efdd4600000, 0x00007efdd4600000, 0x00007efdf6840000)
  from space 69888K,   0% used [0x00007efdfac80000, 0x00007efdfac80270, 0x00007efdff0c0000)
  to   space 69888K,   0% used [0x00007efdf6840000, 0x00007efdf6840000, 0x00007efdfac80000)
 tenured generation   total 1922436K, used 1653573K [0x00007f0329b50000, 0x00007f039f0b1000, 0x00007f0dd4600000)
   the space 1922436K,  86% used [0x00007f0329b50000, 0x00007f038ea21500, 0x00007f038ea21600, 0x00007f039f0b1000)
 Metaspace       used 23230K, capacity 23605K, committed 23808K, reserved 24576K
}
Event: 25.755 GC heap after
{Heap after GC invocations=10 (full 4):
 def new generation   total 793600K, used 0K [0x00007efdd4600000, 0x00007efe0a310000, 0x00007f0329b50000)
  eden space 705472K,   0% used [0x00007efdd4600000, 0x00007efdd4600000, 0x00007efdff6f0000)
  from space 88128K,   0% used [0x00007efdff6f0000, 0x00007efdff6f0000, 0x00007efe04d00000)
  to   space 88128K,   0% used [0x00007efe04d00000, 0x00007efe04d00000, 0x00007efe0a310000)
 tenured generation   total 1763372K, used 1058022K [0x00007f0329b50000, 0x00007f039555b000, 0x00007f0dd4600000)
   the space 1763372K,  59% used [0x00007f0329b50000, 0x00007f036a4898b0, 0x00007f036a489a00, 0x00007f039555b000)
 Metaspace       used 23230K, capacity 23605K, committed 23808K, reserved 24576K
}
Event: 26.289 GC heap before
{Heap before GC invocations=10 (full 4):
 def new generation   total 793600K, used 341543K [0x00007efdd4600000, 0x00007efe0a310000, 0x00007f0329b50000)
  eden space 705472K,  48% used [0x00007efdd4600000, 0x00007efde9389eb8, 0x00007efdff6f0000)
  from space 88128K,   0% used [0x00007efdff6f0000, 0x00007efdff6f0000, 0x00007efe04d00000)
  to   space 88128K,   0% used [0x00007efe04d00000, 0x00007efe04d00000, 0x00007efe0a310000)
 tenured generation   total 1763372K, used 1058022K [0x00007f0329b50000, 0x00007f039555b000, 0x00007f0dd4600000)
   the space 1763372K,  59% used [0x00007f0329b50000, 0x00007f036a4898b0, 0x00007f036a489a00, 0x00007f039555b000)
 Metaspace       used 23231K, capacity 23605K, committed 23808K, reserved 24576K
}
Event: 26.476 GC heap after
{Heap after GC invocations=11 (full 4):
 def new generation   total 793600K, used 67722K [0x00007efdd4600000, 0x00007efe0a310000, 0x00007f0329b50000)
  eden space 705472K,   0% used [0x00007efdd4600000, 0x00007efdd4600000, 0x00007efdff6f0000)
  from space 88128K,  76% used [0x00007efe04d00000, 0x00007efe08f22b78, 0x00007efe0a310000)
  to   space 88128K,   0% used [0x00007efdff6f0000, 0x00007efdff6f0000, 0x00007efe04d00000)
 tenured generation   total 1763372K, used 1254630K [0x00007f0329b50000, 0x00007f039555b000, 0x00007f0dd4600000)
   the space 1763372K,  71% used [0x00007f0329b50000, 0x00007f03764898e0, 0x00007f0376489a00, 0x00007f039555b000)
 Metaspace       used 23231K, capacity 23605K, committed 23808K, reserved 24576K
}
Event: 26.940 GC heap before
{Heap before GC invocations=11 (full 4):
 def new generation   total 793600K, used 605874K [0x00007efdd4600000, 0x00007efe0a310000, 0x00007f0329b50000)
  eden space 705472K,  76% used [0x00007efdd4600000, 0x00007efdf5389e40, 0x00007efdff6f0000)
  from space 88128K,  76% used [0x00007efe04d00000, 0x00007efe08f22b78, 0x00007efe0a310000)
  to   space 88128K,   0% used [0x00007efdff6f0000, 0x00007efdff6f0000, 0x00007efe04d00000)
 tenured generation   total 1763372K, used 1254630K [0x00007f0329b50000, 0x00007f039555b000, 0x00007f0dd4600000)
   the space 1763372K,  71% used [0x00007f0329b50000, 0x00007f03764898e0, 0x00007f0376489a00, 0x00007f039555b000)
 Metaspace       used 23231K, capacity 23605K, committed 23808K, reserved 24576K
}
Event: 27.364 GC heap after
{Heap after GC invocations=12 (full 4):
 def new generation   total 793600K, used 0K [0x00007efdd4600000, 0x00007efe0a310000, 0x00007f0329b50000)
  eden space 705472K,   0% used [0x00007efdd4600000, 0x00007efdd4600000, 0x00007efdff6f0000)
  from space 88128K,   0% used [0x00007efdff6f0000, 0x00007efdff6f0148, 0x00007efe04d00000)
  to   space 88128K,   0% used [0x00007efe04d00000, 0x00007efe04d00000, 0x00007efe0a310000)
 tenured generation   total 2287664K, used 1813871K [0x00007f0329b50000, 0x00007f03b555c000, 0x00007f0dd4600000)
   the space 2287664K,  79% used [0x00007f0329b50000, 0x00007f03986abda8, 0x00007f03986abe00, 0x00007f03b555c000)
 Metaspace       used 23231K, capacity 23605K, committed 23808K, reserved 24576K
}
Event: 27.364 GC heap before
{Heap before GC invocations=12 (full 4):
 def new generation   total 793600K, used 0K [0x00007efdd4600000, 0x00007efe0a310000, 0x00007f0329b50000)
  eden space 705472K,   0% used [0x00007efdd4600000, 0x00007efdd4600000, 0x00007efdff6f0000)
  from space 88128K,   0% used [0x00007efdff6f0000, 0x00007efdff6f0148, 0x00007efe04d00000)
  to   space 88128K,   0% used [0x00007efe04d00000, 0x00007efe04d00000, 0x00007efe0a310000)
 tenured generation   total 2287664K, used 1813871K [0x00007f0329b50000, 0x00007f03b555c000, 0x00007f0dd4600000)
   the space 2287664K,  79% used [0x00007f0329b50000, 0x00007f03986abda8, 0x00007f03986abe00, 0x00007f03b555c000)
 Metaspace       used 23231K, capacity 23605K, committed 23808K, reserved 24576K
}
Event: 27.654 GC heap after
{Heap after GC invocations=12 (full 5):
 def new generation   total 793600K, used 0K [0x00007efdd4600000, 0x00007efe0a310000, 0x00007f0329b50000)
  eden space 705472K,   0% used [0x00007efdd4600000, 0x00007efdd4600000, 0x00007efdff6f0000)
  from space 88128K,   0% used [0x00007efdff6f0000, 0x00007efdff6f0000, 0x00007efe04d00000)
  to   space 88128K,   0% used [0x00007efe04d00000, 0x00007efe04d00000, 0x00007efe0a310000)
 tenured generation   total 1763372K, used 533860K [0x00007f0329b50000, 0x00007f039555b000, 0x00007f0dd4600000)
   the space 1763372K,  30% used [0x00007f0329b50000, 0x00007f034a4a9098, 0x00007f034a4a9200, 0x00007f039555b000)
 Metaspace       used 23231K, capacity 23605K, committed 23808K, reserved 24576K
}
Event: 28.793 GC heap before
{Heap before GC invocations=12 (full 5):
 def new generation   total 793600K, used 705472K [0x00007efdd4600000, 0x00007efe0a310000, 0x00007f0329b50000)
  eden space 705472K, 100% used [0x00007efdd4600000, 0x00007efdff6f0000, 0x00007efdff6f0000)
  from space 88128K,   0% used [0x00007efdff6f0000, 0x00007efdff6f0000, 0x00007efe04d00000)
  to   space 88128K,   0% used [0x00007efe04d00000, 0x00007efe04d00000, 0x00007efe0a310000)
 tenured generation   total 1763372K, used 533860K [0x00007f0329b50000, 0x00007f039555b000, 0x00007f0dd4600000)
   the space 1763372K,  30% used [0x00007f0329b50000, 0x00007f034a4a9098, 0x00007f034a4a9200, 0x00007f039555b000)
 Metaspace       used 23254K, capacity 23611K, committed 23808K, reserved 24576K
}
Event: 28.828 GC heap after
{Heap after GC invocations=13 (full 5):
 def new generation   total 793600K, used 416K [0x00007efdd4600000, 0x00007efe0a310000, 0x00007f0329b50000)
  eden space 705472K,   0% used [0x00007efdd4600000, 0x00007efdd4600000, 0x00007efdff6f0000)
  from space 88128K,   0% used [0x00007efe04d00000, 0x00007efe04d68068, 0x00007efe0a310000)
  to   space 88128K,   0% used [0x00007efdff6f0000, 0x00007efdff6f0000, 0x00007efe04d00000)
 tenured generation   total 1763372K, used 796004K [0x00007f0329b50000, 0x00007f039555b000, 0x00007f0dd4600000)
   the space 1763372K,  45% used [0x00007f0329b50000, 0x00007f035a4a90b0, 0x00007f035a4a9200, 0x00007f039555b000)
 Metaspace       used 23254K, capacity 23611K, committed 23808K, reserved 24576K
}
Event: 29.555 GC heap before
{Heap before GC invocations=13 (full 5):
 def new generation   total 793600K, used 705888K [0x00007efdd4600000, 0x00007efe0a310000, 0x00007f0329b50000)
  eden space 705472K, 100% used [0x00007efdd4600000, 0x00007efdff6f0000, 0x00007efdff6f0000)
  from space 88128K,   0% used [0x00007efe04d00000, 0x00007efe04d68068, 0x00007efe0a310000)
  to   space 88128K,   0% used [0x00007efdff6f0000, 0x00007efdff6f0000, 0x00007efe04d00000)
 tenured generation   total 1763372K, used 796004K [0x00007f0329b50000, 0x00007f039555b000, 0x00007f0dd4600000)
   the space 1763372K,  45% used [0x00007f0329b50000, 0x00007f035a4a90b0, 0x00007f035a4a9200, 0x00007f039555b000)
 Metaspace       used 23290K, capacity 23680K, committed 23808K, reserved 24576K
}
Event: 29.558 GC heap after
{Heap after GC invocations=14 (full 5):
 def new generation   total 793600K, used 552K [0x00007efdd4600000, 0x00007efe0a310000, 0x00007f0329b50000)
  eden space 705472K,   0% used [0x00007efdd4600000, 0x00007efdd4600000, 0x00007efdff6f0000)
  from space 88128K,   0% used [0x00007efdff6f0000, 0x00007efdff77a0d8, 0x00007efe04d00000)
  to   space 88128K,   0% used [0x00007efe04d00000, 0x00007efe04d00000, 0x00007efe0a310000)
 tenured generation   total 1763372K, used 796004K [0x00007f0329b50000, 0x00007f039555b000, 0x00007f0dd4600000)
   the space 1763372K,  45% used [0x00007f0329b50000, 0x00007f035a4a90b0, 0x00007f035a4a9200, 0x00007f039555b000)
 Metaspace       used 23290K, capacity 23680K, committed 23808K, reserved 24576K
}
Event: 29.895 GC heap before
{Heap before GC invocations=14 (full 5):
 def new generation   total 793600K, used 320274K [0x00007efdd4600000, 0x00007efe0a310000, 0x00007f0329b50000)
  eden space 705472K,  45% used [0x00007efdd4600000, 0x00007efde7e3a9c0, 0x00007efdff6f0000)
  from space 88128K,   0% used [0x00007efdff6f0000, 0x00007efdff77a0d8, 0x00007efe04d00000)
  to   space 88128K,   0% used [0x00007efe04d00000, 0x00007efe04d00000, 0x00007efe0a310000)
 tenured generation   total 1763372K, used 796004K [0x00007f0329b50000, 0x00007f039555b000, 0x00007f0dd4600000)
   the space 1763372K,  45% used [0x00007f0329b50000, 0x00007f035a4a90b0, 0x00007f035a4a9200, 0x00007f039555b000)
 Metaspace       used 23302K, capacity 23682K, committed 23808K, reserved 24576K
}
Event: 29.897 GC heap after
{Heap after GC invocations=15 (full 5):
 def new generation   total 793600K, used 798K [0x00007efdd4600000, 0x00007efe0a310000, 0x00007f0329b50000)
  eden space 705472K,   0% used [0x00007efdd4600000, 0x00007efdd4600000, 0x00007efdff6f0000)
  from space 88128K,   0% used [0x00007efe04d00000, 0x00007efe04dc7970, 0x00007efe0a310000)
  to   space 88128K,   0% used [0x00007efdff6f0000, 0x00007efdff6f0000, 0x00007efe04d00000)
 tenured generation   total 1763372K, used 796004K [0x00007f0329b50000, 0x00007f039555b000, 0x00007f0dd4600000)
   the space 1763372K,  45% used [0x00007f0329b50000, 0x00007f035a4a90b0, 0x00007f035a4a9200, 0x00007f039555b000)
 Metaspace       used 23302K, capacity 23682K, committed 23808K, reserved 24576K
}
Event: 29.897 GC heap before
{Heap before GC invocations=15 (full 5):
 def new generation   total 793600K, used 798K [0x00007efdd4600000, 0x00007efe0a310000, 0x00007f0329b50000)
  eden space 705472K,   0% used [0x00007efdd4600000, 0x00007efdd4600000, 0x00007efdff6f0000)
  from space 88128K,   0% used [0x00007efe04d00000, 0x00007efe04dc7970, 0x00007efe0a310000)
  to   space 88128K,   0% used [0x00007efdff6f0000, 0x00007efdff6f0000, 0x00007efe04d00000)
 tenured generation   total 1763372K, used 796004K [0x00007f0329b50000, 0x00007f039555b000, 0x00007f0dd4600000)
   the space 1763372K,  45% used [0x00007f0329b50000, 0x00007f035a4a90b0, 0x00007f035a4a9200, 0x00007f039555b000)
 Metaspace       used 23302K, capacity 23682K, committed 23808K, reserved 24576K
}
Event: 29.944 GC heap after
{Heap after GC invocations=15 (full 6):
 def new generation   total 777152K, used 0K [0x00007efdd4600000, 0x00007efe09140000, 0x00007f0329b50000)
  eden space 690816K,   0% used [0x00007efdd4600000, 0x00007efdd4600000, 0x00007efdfe8a0000)
  from space 86336K,   0% used [0x00007efdfe8a0000, 0x00007efdfe8a0000, 0x00007efe03cf0000)
  to   space 86336K,   0% used [0x00007efe03cf0000, 0x00007efe03cf0000, 0x00007efe09140000)
 tenured generation   total 1726852K, used 10243K [0x00007f0329b50000, 0x00007f03931b1000, 0x00007f0dd4600000)
   the space 1726852K,   0% used [0x00007f0329b50000, 0x00007f032a550f00, 0x00007f032a551000, 0x00007f03931b1000)
 Metaspace       used 23302K, capacity 23682K, committed 23808K, reserved 24576K
}

