# JRE version: OpenJDK Runtime Environment (13.0.7+5) (build 13.0.7+5-Ubuntu-0ubuntu120.04)
# Java VM: OpenJDK 64-Bit Server VM (13.0.7+5-Ubuntu-0ubuntu120.04, mixed mode, tiered, compressed oops, serial gc, linux-amd64)
Heap:
 def new generation   total 2103936K, used 0K [0x0000000080200000, 0x000000010ece0000, 0x0000000300150000)
  eden space 1870208K,   0% used [0x0000000080200000, 0x0000000080200000, 0x00000000f2460000)
  from space 233728K,   0% used [0x00000000f2460000, 0x00000000f2460000, 0x00000001008a0000)
  to   space 233728K,   0% used [0x00000001008a0000, 0x00000001008a0000, 0x000000010ece0000)
 tenured generation   total 4792808K, used 3437937K [0x0000000300150000, 0x00000004249ca000, 0x0000000800000000)
   the space 4792808K,  71% used [0x0000000300150000, 0x00000003d1eac6e0, 0x00000003d1eac800, 0x00000004249ca000)
 Metaspace       used 22698K, capacity 23231K, committed 23424K, reserved 1071104K
  class space    used 2354K, capacity 2568K, committed 2688K, reserved 1048576K
GC Heap History (20 events):
Event: 829.898 GC heap after
{Heap after GC invocations=713 (full 24):
 def new generation   total 2103936K, used 60326K [0x0000000080200000, 0x000000010ece0000, 0x0000000300150000)
  eden space 1870208K,   0% used [0x0000000080200000, 0x0000000080200000, 0x00000000f2460000)
  from space 233728K,  25% used [0x00000001008a0000, 0x00000001043899f8, 0x000000010ece0000)
  to   space 233728K,   0% used [0x00000000f2460000, 0x00000000f2460000, 0x00000001008a0000)
 tenured generation   total 4675216K, used 4338085K [0x0000000300150000, 0x000000041d6f4000, 0x0000000800000000)
   the space 4675216K,  92% used [0x0000000300150000, 0x0000000408db9410, 0x0000000408db9600, 0x000000041d6f4000)
 Metaspace       used 22698K, capacity 23231K, committed 23424K, reserved 1071104K
  class space    used 2354K, capacity 2568K, committed 2688K, reserved 1048576K
}
Event: 831.398 GC heap before
{Heap before GC invocations=713 (full 24):
 def new generation   total 2103936K, used 1930534K [0x0000000080200000, 0x000000010ece0000, 0x0000000300150000)
  eden space 1870208K, 100% used [0x0000000080200000, 0x00000000f2460000, 0x00000000f2460000)
  from space 233728K,  25% used [0x00000001008a0000, 0x00000001043899f8, 0x000000010ece0000)
  to   space 233728K,   0% used [0x00000000f2460000, 0x00000000f2460000, 0x00000001008a0000)
 tenured generation   total 4675216K, used 4338085K [0x0000000300150000, 0x000000041d6f4000, 0x0000000800000000)
   the space 4675216K,  92% used [0x0000000300150000, 0x0000000408db9410, 0x0000000408db9600, 0x000000041d6f4000)
 Metaspace       used 22698K, capacity 23231K, committed 23424K, reserved 1071104K
  class space    used 2354K, capacity 2568K, committed 2688K, reserved 1048576K
}
Event: 831.500 GC heap after
{Heap after GC invocations=714 (full 24):
 def new generation   total 2103936K, used 171719K [0x0000000080200000, 0x000000010ece0000, 0x0000000300150000)
  eden space 1870208K,   0% used [0x0000000080200000, 0x0000000080200000, 0x00000000f2460000)
  from space 233728K,  73% used [0x00000000f2460000, 0x00000000fcc11ed8, 0x00000001008a0000)
  to   space 233728K,   0% used [0x00000001008a0000, 0x00000001008a0000, 0x000000010ece0000)
 tenured generation   total 4675216K, used 4338085K [0x0000000300150000, 0x000000041d6f4000, 0x0000000800000000)
   the space 4675216K,  92% used [0x0000000300150000, 0x0000000408db9410, 0x0000000408db9600, 0x000000041d6f4000)
 Metaspace       used 22698K, capacity 23231K, committed 23424K, reserved 1071104K
  class space    used 2354K, capacity 2568K, committed 2688K, reserved 1048576K
}
Event: 832.966 GC heap before
{Heap before GC invocations=714 (full 24):
 def new generation   total 2103936K, used 2041927K [0x0000000080200000, 0x000000010ece0000, 0x0000000300150000)
  eden space 1870208K, 100% used [0x0000000080200000, 0x00000000f2460000, 0x00000000f2460000)
  from space 233728K,  73% used [0x00000000f2460000, 0x00000000fcc11ed8, 0x00000001008a0000)
  to   space 233728K,   0% used [0x00000001008a0000, 0x00000001008a0000, 0x000000010ece0000)
 tenured generation   total 4675216K, used 4338085K [0x0000000300150000, 0x000000041d6f4000, 0x0000000800000000)
   the space 4675216K,  92% used [0x0000000300150000, 0x0000000408db9410, 0x0000000408db9600, 0x000000041d6f4000)
 Metaspace       used 22698K, capacity 23231K, committed 23424K, reserved 1071104K
  class space    used 2354K, capacity 2568K, committed 2688K, reserved 1048576K
}
Event: 833.135 GC heap after
{Heap after GC invocations=715 (full 24):
 def new generation   total 2103936K, used 223823K [0x0000000080200000, 0x000000010ece0000, 0x0000000300150000)
  eden space 1870208K,   0% used [0x0000000080200000, 0x0000000080200000, 0x00000000f2460000)
  from space 233728K,  95% used [0x00000001008a0000, 0x000000010e333c70, 0x000000010ece0000)
  to   space 233728K,   0% used [0x00000000f2460000, 0x00000000f2460000, 0x00000001008a0000)
 tenured generation   total 4675216K, used 4397884K [0x0000000300150000, 0x000000041d6f4000, 0x0000000800000000)
   the space 4675216K,  94% used [0x0000000300150000, 0x000000040c81f1a8, 0x000000040c81f200, 0x000000041d6f4000)
 Metaspace       used 22698K, capacity 23231K, committed 23424K, reserved 1071104K
  class space    used 2354K, capacity 2568K, committed 2688K, reserved 1048576K
}
Event: 834.634 GC heap before
{Heap before GC invocations=715 (full 24):
 def new generation   total 2103936K, used 2093828K [0x0000000080200000, 0x000000010ece0000, 0x0000000300150000)
  eden space 1870208K,  99% used [0x0000000080200000, 0x00000000f242d538, 0x00000000f2460000)
  from space 233728K,  95% used [0x00000001008a0000, 0x000000010e333c70, 0x000000010ece0000)
  to   space 233728K,   0% used [0x00000000f2460000, 0x00000000f2460000, 0x00000001008a0000)
 tenured generation   total 4675216K, used 4397884K [0x0000000300150000, 0x000000041d6f4000, 0x0000000800000000)
   the space 4675216K,  94% used [0x0000000300150000, 0x000000040c81f1a8, 0x000000040c81f200, 0x000000041d6f4000)
 Metaspace       used 22698K, capacity 23231K, committed 23424K, reserved 1071104K
  class space    used 2354K, capacity 2568K, committed 2688K, reserved 1048576K
}
Event: 834.706 GC heap after
{Heap after GC invocations=716 (full 24):
 def new generation   total 2103936K, used 130768K [0x0000000080200000, 0x000000010ece0000, 0x0000000300150000)
  eden space 1870208K,   0% used [0x0000000080200000, 0x0000000080200000, 0x00000000f2460000)
  from space 233728K,  55% used [0x00000000f2460000, 0x00000000fa4143d0, 0x00000001008a0000)
  to   space 233728K,   0% used [0x00000001008a0000, 0x00000001008a0000, 0x000000010ece0000)
 tenured generation   total 4675216K, used 4402025K [0x0000000300150000, 0x000000041d6f4000, 0x0000000800000000)
   the space 4675216K,  94% used [0x0000000300150000, 0x000000040cc2a4e8, 0x000000040cc2a600, 0x000000041d6f4000)
 Metaspace       used 22698K, capacity 23231K, committed 23424K, reserved 1071104K
  class space    used 2354K, capacity 2568K, committed 2688K, reserved 1048576K
}
Event: 836.209 GC heap before
{Heap before GC invocations=716 (full 24):
 def new generation   total 2103936K, used 2000976K [0x0000000080200000, 0x000000010ece0000, 0x0000000300150000)
  eden space 1870208K, 100% used [0x0000000080200000, 0x00000000f2460000, 0x00000000f2460000)
  from space 233728K,  55% used [0x00000000f2460000, 0x00000000fa4143d0, 0x00000001008a0000)
  to   space 233728K,   0% used [0x00000001008a0000, 0x00000001008a0000, 0x000000010ece0000)
 tenured generation   total 4675216K, used 4402025K [0x0000000300150000, 0x000000041d6f4000, 0x0000000800000000)
   the space 4675216K,  94% used [0x0000000300150000, 0x000000040cc2a4e8, 0x000000040cc2a600, 0x000000041d6f4000)
 Metaspace       used 22698K, capacity 23231K, committed 23424K, reserved 1071104K
  class space    used 2354K, capacity 2568K, committed 2688K, reserved 1048576K
}
Event: 836.387 GC heap after
{Heap after GC invocations=717 (full 24):
 def new generation   total 2103936K, used 112425K [0x0000000080200000, 0x000000010ece0000, 0x0000000300150000)
  eden space 1870208K,   0% used [0x0000000080200000, 0x0000000080200000, 0x00000000f2460000)
  from space 233728K,  48% used [0x00000001008a0000, 0x000000010766a570, 0x000000010ece0000)
  to   space 233728K,   0% used [0x00000000f2460000, 0x00000000f2460000, 0x00000001008a0000)
 tenured generation   total 4675216K, used 4532277K [0x0000000300150000, 0x000000041d6f4000, 0x0000000800000000)
   the space 4675216K,  96% used [0x0000000300150000, 0x0000000414b5d7a0, 0x0000000414b5d800, 0x000000041d6f4000)
 Metaspace       used 22698K, capacity 23231K, committed 23424K, reserved 1071104K
  class space    used 2354K, capacity 2568K, committed 2688K, reserved 1048576K
}
Event: 837.848 GC heap before
{Heap before GC invocations=717 (full 24):
 def new generation   total 2103936K, used 1982633K [0x0000000080200000, 0x000000010ece0000, 0x0000000300150000)
  eden space 1870208K, 100% used [0x0000000080200000, 0x00000000f2460000, 0x00000000f2460000)
  from space 233728K,  48% used [0x00000001008a0000, 0x000000010766a570, 0x000000010ece0000)
  to   space 233728K,   0% used [0x00000000f2460000, 0x00000000f2460000, 0x00000001008a0000)
 tenured generation   total 4675216K, used 4532277K [0x0000000300150000, 0x000000041d6f4000, 0x0000000800000000)
   the space 4675216K,  96% used [0x0000000300150000, 0x0000000414b5d7a0, 0x0000000414b5d800, 0x000000041d6f4000)
 Metaspace       used 22698K, capacity 23231K, committed 23424K, reserved 1071104K
  class space    used 2354K, capacity 2568K, committed 2688K, reserved 1048576K
}
Event: 837.902 GC heap after
{Heap after GC invocations=718 (full 24):
 def new generation   total 2103936K, used 102752K [0x0000000080200000, 0x000000010ece0000, 0x0000000300150000)
  eden space 1870208K,   0% used [0x0000000080200000, 0x0000000080200000, 0x00000000f2460000)
  from space 233728K,  43% used [0x00000000f2460000, 0x00000000f88b80a0, 0x00000001008a0000)
  to   space 233728K,   0% used [0x00000001008a0000, 0x00000001008a0000, 0x000000010ece0000)
 tenured generation   total 4675216K, used 4532277K [0x0000000300150000, 0x000000041d6f4000, 0x0000000800000000)
   the space 4675216K,  96% used [0x0000000300150000, 0x0000000414b5d7a0, 0x0000000414b5d800, 0x000000041d6f4000)
 Metaspace       used 22698K, capacity 23231K, committed 23424K, reserved 1071104K
  class space    used 2354K, capacity 2568K, committed 2688K, reserved 1048576K
}
Event: 839.396 GC heap before
{Heap before GC invocations=718 (full 24):
 def new generation   total 2103936K, used 1972960K [0x0000000080200000, 0x000000010ece0000, 0x0000000300150000)
  eden space 1870208K, 100% used [0x0000000080200000, 0x00000000f2460000, 0x00000000f2460000)
  from space 233728K,  43% used [0x00000000f2460000, 0x00000000f88b80a0, 0x00000001008a0000)
  to   space 233728K,   0% used [0x00000001008a0000, 0x00000001008a0000, 0x000000010ece0000)
 tenured generation   total 4675216K, used 4532277K [0x0000000300150000, 0x000000041d6f4000, 0x0000000800000000)
   the space 4675216K,  96% used [0x0000000300150000, 0x0000000414b5d7a0, 0x0000000414b5d800, 0x000000041d6f4000)
 Metaspace       used 22698K, capacity 23231K, committed 23424K, reserved 1071104K
  class space    used 2354K, capacity 2568K, committed 2688K, reserved 1048576K
}
Event: 839.534 GC heap after
{Heap after GC invocations=719 (full 24):
 def new generation   total 2103936K, used 214146K [0x0000000080200000, 0x000000010ece0000, 0x0000000300150000)
  eden space 1870208K,   0% used [0x0000000080200000, 0x0000000080200000, 0x00000000f2460000)
  from space 233728K,  91% used [0x00000001008a0000, 0x000000010d9c08d8, 0x000000010ece0000)
  to   space 233728K,   0% used [0x00000000f2460000, 0x00000000f2460000, 0x00000001008a0000)
 tenured generation   total 4675216K, used 4532277K [0x0000000300150000, 0x000000041d6f4000, 0x0000000800000000)
   the space 4675216K,  96% used [0x0000000300150000, 0x0000000414b5d7a0, 0x0000000414b5d800, 0x000000041d6f4000)
 Metaspace       used 22698K, capacity 23231K, committed 23424K, reserved 1071104K
  class space    used 2354K, capacity 2568K, committed 2688K, reserved 1048576K
}
Event: 841.015 GC heap before
{Heap before GC invocations=719 (full 24):
 def new generation   total 2103936K, used 2084354K [0x0000000080200000, 0x000000010ece0000, 0x0000000300150000)
  eden space 1870208K, 100% used [0x0000000080200000, 0x00000000f2460000, 0x00000000f2460000)
  from space 233728K,  91% used [0x00000001008a0000, 0x000000010d9c08d8, 0x000000010ece0000)
  to   space 233728K,   0% used [0x00000000f2460000, 0x00000000f2460000, 0x00000001008a0000)
 tenured generation   total 4675216K, used 4532277K [0x0000000300150000, 0x000000041d6f4000, 0x0000000800000000)
   the space 4675216K,  96% used [0x0000000300150000, 0x0000000414b5d7a0, 0x0000000414b5d800, 0x000000041d6f4000)
 Metaspace       used 22698K, capacity 23231K, committed 23424K, reserved 1071104K
  class space    used 2354K, capacity 2568K, committed 2688K, reserved 1048576K
}
Event: 841.237 GC heap after
{Heap after GC invocations=720 (full 24):
 def new generation   total 2103936K, used 223328K [0x0000000080200000, 0x000000010ece0000, 0x0000000300150000)
  eden space 1870208K,   0% used [0x0000000080200000, 0x0000000080200000, 0x00000000f2460000)
  from space 233728K,  95% used [0x00000000f2460000, 0x00000000ffe78048, 0x00000001008a0000)
  to   space 233728K,   0% used [0x00000001008a0000, 0x00000001008a0000, 0x000000010ece0000)
 tenured generation   total 4675216K, used 4634503K [0x0000000300150000, 0x000000041d6f4000, 0x0000000800000000)
   the space 4675216K,  99% used [0x0000000300150000, 0x000000041af31f58, 0x000000041af32000, 0x000000041d6f4000)
 Metaspace       used 22698K, capacity 23231K, committed 23424K, reserved 1071104K
  class space    used 2354K, capacity 2568K, committed 2688K, reserved 1048576K
}
Event: 842.736 GC heap before
{Heap before GC invocations=720 (full 24):
 def new generation   total 2103936K, used 2093536K [0x0000000080200000, 0x000000010ece0000, 0x0000000300150000)
  eden space 1870208K, 100% used [0x0000000080200000, 0x00000000f2460000, 0x00000000f2460000)
  from space 233728K,  95% used [0x00000000f2460000, 0x00000000ffe78048, 0x00000001008a0000)
  to   space 233728K,   0% used [0x00000001008a0000, 0x00000001008a0000, 0x000000010ece0000)
 tenured generation   total 4675216K, used 4634503K [0x0000000300150000, 0x000000041d6f4000, 0x0000000800000000)
   the space 4675216K,  99% used [0x0000000300150000, 0x000000041af31f58, 0x000000041af32000, 0x000000041d6f4000)
 Metaspace       used 22698K, capacity 23231K, committed 23424K, reserved 1071104K
  class space    used 2354K, capacity 2568K, committed 2688K, reserved 1048576K
}
Event: 842.820 GC heap after
{Heap after GC invocations=721 (full 24):
 def new generation   total 2103936K, used 149930K [0x0000000080200000, 0x000000010ece0000, 0x0000000300150000)
  eden space 1870208K,   0% used [0x0000000080200000, 0x0000000080200000, 0x00000000f2460000)
  from space 233728K,  64% used [0x00000001008a0000, 0x0000000109b0aa68, 0x000000010ece0000)
  to   space 233728K,   0% used [0x00000000f2460000, 0x00000000f2460000, 0x00000001008a0000)
 tenured generation   total 4675216K, used 4643273K [0x0000000300150000, 0x000000041d6f4000, 0x0000000800000000)
   the space 4675216K,  99% used [0x0000000300150000, 0x000000041b7c2618, 0x000000041b7c2800, 0x000000041d6f4000)
 Metaspace       used 22698K, capacity 23231K, committed 23424K, reserved 1071104K
  class space    used 2354K, capacity 2568K, committed 2688K, reserved 1048576K
}
Event: 844.318 GC heap before
{Heap before GC invocations=721 (full 24):
 def new generation   total 2103936K, used 2020138K [0x0000000080200000, 0x000000010ece0000, 0x0000000300150000)
  eden space 1870208K, 100% used [0x0000000080200000, 0x00000000f2460000, 0x00000000f2460000)
  from space 233728K,  64% used [0x00000001008a0000, 0x0000000109b0aa68, 0x000000010ece0000)
  to   space 233728K,   0% used [0x00000000f2460000, 0x00000000f2460000, 0x00000001008a0000)
 tenured generation   total 4675216K, used 4643273K [0x0000000300150000, 0x000000041d6f4000, 0x0000000800000000)
   the space 4675216K,  99% used [0x0000000300150000, 0x000000041b7c2618, 0x000000041b7c2800, 0x000000041d6f4000)
 Metaspace       used 22698K, capacity 23231K, committed 23424K, reserved 1071104K
  class space    used 2354K, capacity 2568K, committed 2688K, reserved 1048576K
}
Event: 844.514 GC heap after
{Heap after GC invocations=722 (full 24):
 def new generation   total 2103936K, used 111922K [0x0000000080200000, 0x000000010ece0000, 0x0000000300150000)
  eden space 1870208K,   0% used [0x0000000080200000, 0x0000000080200000, 0x00000000f2460000)
  from space 233728K,  47% used [0x00000000f2460000, 0x00000000f91acad0, 0x00000001008a0000)
  to   space 233728K,   0% used [0x00000001008a0000, 0x00000001008a0000, 0x000000010ece0000)
 tenured generation   total 4792808K, used 4792673K [0x0000000300150000, 0x00000004249ca000, 0x0000000800000000)
   the space 4792808K,  99% used [0x0000000300150000, 0x00000004249a8740, 0x00000004249a8800, 0x00000004249ca000)
 Metaspace       used 22698K, capacity 23231K, committed 23424K, reserved 1071104K
  class space    used 2354K, capacity 2568K, committed 2688K, reserved 1048576K
}
Event: 844.514 GC heap before
{Heap before GC invocations=722 (full 24):
 def new generation   total 2103936K, used 111922K [0x0000000080200000, 0x000000010ece0000, 0x0000000300150000)
  eden space 1870208K,   0% used [0x0000000080200000, 0x0000000080200000, 0x00000000f2460000)
  from space 233728K,  47% used [0x00000000f2460000, 0x00000000f91acad0, 0x00000001008a0000)
  to   space 233728K,   0% used [0x00000001008a0000, 0x00000001008a0000, 0x000000010ece0000)
 tenured generation   total 4792808K, used 4792673K [0x0000000300150000, 0x00000004249ca000, 0x0000000800000000)
   the space 4792808K,  99% used [0x0000000300150000, 0x00000004249a8740, 0x00000004249a8800, 0x00000004249ca000)
 Metaspace       used 22698K, capacity 23231K, committed 23424K, reserved 1071104K
  class space    used 2354K, capacity 2568K, committed 2688K, reserved 1048576K
}

