# JRE version: OpenJDK Runtime Environment (13.0.7+5) (build 13.0.7+5-Ubuntu-0ubuntu120.04)
# Java VM: OpenJDK 64-Bit Server VM (13.0.7+5-Ubuntu-0ubuntu120.04, mixed mode, tiered, serial gc, linux-amd64)
Heap:
 def new generation   total 4597632K, used 34113K [0x00007fcb2c600000, 0x00007fcc642c0000, 0x00007fd5d70a0000)
  eden space 4086784K,   0% used [0x00007fcb2c600000, 0x00007fcb2e7505c0, 0x00007fcc25d00000)
  from space 510848K,   0% used [0x00007fcc25d00000, 0x00007fcc25d00000, 0x00007fcc44fe0000)
  to   space 510848K,   0% used [0x00007fcc44fe0000, 0x00007fcc44fe0000, 0x00007fcc642c0000)
 tenured generation   total 10233740K, used 10221682K [0x00007fd5d70a0000, 0x00007fd847a83000, 0x00007feb2c600000)
   the space 10233740K,  99% used [0x00007fd5d70a0000, 0x00007fd846ebca88, 0x00007fd846ebcc00, 0x00007fd847a83000)
 Metaspace       used 24261K, capacity 24639K, committed 24832K, reserved 26624K
GC Heap History (20 events):
Event: 1875.544 GC heap after
{Heap after GC invocations=1389 (full 7):
 def new generation   total 4597632K, used 274359K [0x00007fcb2c600000, 0x00007fcc642c0000, 0x00007fd5d70a0000)
  eden space 4086784K,   0% used [0x00007fcb2c600000, 0x00007fcb2c600000, 0x00007fcc25d00000)
  from space 510848K,  53% used [0x00007fcc44fe0000, 0x00007fcc55bcdc98, 0x00007fcc642c0000)
  to   space 510848K,   0% used [0x00007fcc25d00000, 0x00007fcc25d00000, 0x00007fcc44fe0000)
 tenured generation   total 10216836K, used 10097966K [0x00007fd5d70a0000, 0x00007fd846a01000, 0x00007feb2c600000)
   the space 10216836K,  98% used [0x00007fd5d70a0000, 0x00007fd83f5ebba8, 0x00007fd83f5ebc00, 0x00007fd846a01000)
 Metaspace       used 24260K, capacity 24639K, committed 24832K, reserved 26624K
}
Event: 1879.527 GC heap before
{Heap before GC invocations=1389 (full 7):
 def new generation   total 4597632K, used 4361143K [0x00007fcb2c600000, 0x00007fcc642c0000, 0x00007fd5d70a0000)
  eden space 4086784K, 100% used [0x00007fcb2c600000, 0x00007fcc25d00000, 0x00007fcc25d00000)
  from space 510848K,  53% used [0x00007fcc44fe0000, 0x00007fcc55bcdc98, 0x00007fcc642c0000)
  to   space 510848K,   0% used [0x00007fcc25d00000, 0x00007fcc25d00000, 0x00007fcc44fe0000)
 tenured generation   total 10216836K, used 10097966K [0x00007fd5d70a0000, 0x00007fd846a01000, 0x00007feb2c600000)
   the space 10216836K,  98% used [0x00007fd5d70a0000, 0x00007fd83f5ebba8, 0x00007fd83f5ebc00, 0x00007fd846a01000)
 Metaspace       used 24260K, capacity 24639K, committed 24832K, reserved 26624K
}
Event: 1879.726 GC heap after
{Heap after GC invocations=1390 (full 7):
 def new generation   total 4597632K, used 255330K [0x00007fcb2c600000, 0x00007fcc642c0000, 0x00007fd5d70a0000)
  eden space 4086784K,   0% used [0x00007fcb2c600000, 0x00007fcb2c600000, 0x00007fcc25d00000)
  from space 510848K,  49% used [0x00007fcc25d00000, 0x00007fcc35658bd8, 0x00007fcc44fe0000)
  to   space 510848K,   0% used [0x00007fcc44fe0000, 0x00007fcc44fe0000, 0x00007fcc642c0000)
 tenured generation   total 10216836K, used 10131884K [0x00007fd5d70a0000, 0x00007fd846a01000, 0x00007feb2c600000)
   the space 10216836K,  99% used [0x00007fd5d70a0000, 0x00007fd84170b3b8, 0x00007fd84170b400, 0x00007fd846a01000)
 Metaspace       used 24260K, capacity 24639K, committed 24832K, reserved 26624K
}
Event: 1883.741 GC heap before
{Heap before GC invocations=1390 (full 7):
 def new generation   total 4597632K, used 4342114K [0x00007fcb2c600000, 0x00007fcc642c0000, 0x00007fd5d70a0000)
  eden space 4086784K, 100% used [0x00007fcb2c600000, 0x00007fcc25d00000, 0x00007fcc25d00000)
  from space 510848K,  49% used [0x00007fcc25d00000, 0x00007fcc35658bd8, 0x00007fcc44fe0000)
  to   space 510848K,   0% used [0x00007fcc44fe0000, 0x00007fcc44fe0000, 0x00007fcc642c0000)
 tenured generation   total 10216836K, used 10131884K [0x00007fd5d70a0000, 0x00007fd846a01000, 0x00007feb2c600000)
   the space 10216836K,  99% used [0x00007fd5d70a0000, 0x00007fd84170b3b8, 0x00007fd84170b400, 0x00007fd846a01000)
 Metaspace       used 24261K, capacity 24639K, committed 24832K, reserved 26624K
}
Event: 1883.885 GC heap after
{Heap after GC invocations=1391 (full 7):
 def new generation   total 4597632K, used 237415K [0x00007fcb2c600000, 0x00007fcc642c0000, 0x00007fd5d70a0000)
  eden space 4086784K,   0% used [0x00007fcb2c600000, 0x00007fcb2c600000, 0x00007fcc25d00000)
  from space 510848K,  46% used [0x00007fcc44fe0000, 0x00007fcc537b9ff0, 0x00007fcc642c0000)
  to   space 510848K,   0% used [0x00007fcc25d00000, 0x00007fcc25d00000, 0x00007fcc44fe0000)
 tenured generation   total 10216836K, used 10131884K [0x00007fd5d70a0000, 0x00007fd846a01000, 0x00007feb2c600000)
   the space 10216836K,  99% used [0x00007fd5d70a0000, 0x00007fd84170b3b8, 0x00007fd84170b400, 0x00007fd846a01000)
 Metaspace       used 24261K, capacity 24639K, committed 24832K, reserved 26624K
}
Event: 1887.945 GC heap before
{Heap before GC invocations=1391 (full 7):
 def new generation   total 4597632K, used 4324199K [0x00007fcb2c600000, 0x00007fcc642c0000, 0x00007fd5d70a0000)
  eden space 4086784K, 100% used [0x00007fcb2c600000, 0x00007fcc25d00000, 0x00007fcc25d00000)
  from space 510848K,  46% used [0x00007fcc44fe0000, 0x00007fcc537b9ff0, 0x00007fcc642c0000)
  to   space 510848K,   0% used [0x00007fcc25d00000, 0x00007fcc25d00000, 0x00007fcc44fe0000)
 tenured generation   total 10216836K, used 10131884K [0x00007fd5d70a0000, 0x00007fd846a01000, 0x00007feb2c600000)
   the space 10216836K,  99% used [0x00007fd5d70a0000, 0x00007fd84170b3b8, 0x00007fd84170b400, 0x00007fd846a01000)
 Metaspace       used 24261K, capacity 24639K, committed 24832K, reserved 26624K
}
Event: 1888.128 GC heap after
{Heap after GC invocations=1392 (full 7):
 def new generation   total 4597632K, used 254362K [0x00007fcb2c600000, 0x00007fcc642c0000, 0x00007fd5d70a0000)
  eden space 4086784K,   0% used [0x00007fcb2c600000, 0x00007fcb2c600000, 0x00007fcc25d00000)
  from space 510848K,  49% used [0x00007fcc25d00000, 0x00007fcc355668b0, 0x00007fcc44fe0000)
  to   space 510848K,   0% used [0x00007fcc44fe0000, 0x00007fcc44fe0000, 0x00007fcc642c0000)
 tenured generation   total 10216836K, used 10131884K [0x00007fd5d70a0000, 0x00007fd846a01000, 0x00007feb2c600000)
   the space 10216836K,  99% used [0x00007fd5d70a0000, 0x00007fd84170b3b8, 0x00007fd84170b400, 0x00007fd846a01000)
 Metaspace       used 24261K, capacity 24639K, committed 24832K, reserved 26624K
}
Event: 1892.188 GC heap before
{Heap before GC invocations=1392 (full 7):
 def new generation   total 4597632K, used 4341146K [0x00007fcb2c600000, 0x00007fcc642c0000, 0x00007fd5d70a0000)
  eden space 4086784K, 100% used [0x00007fcb2c600000, 0x00007fcc25d00000, 0x00007fcc25d00000)
  from space 510848K,  49% used [0x00007fcc25d00000, 0x00007fcc355668b0, 0x00007fcc44fe0000)
  to   space 510848K,   0% used [0x00007fcc44fe0000, 0x00007fcc44fe0000, 0x00007fcc642c0000)
 tenured generation   total 10216836K, used 10131884K [0x00007fd5d70a0000, 0x00007fd846a01000, 0x00007feb2c600000)
   the space 10216836K,  99% used [0x00007fd5d70a0000, 0x00007fd84170b3b8, 0x00007fd84170b400, 0x00007fd846a01000)
 Metaspace       used 24261K, capacity 24639K, committed 24832K, reserved 26624K
}
Event: 1892.379 GC heap after
{Heap after GC invocations=1393 (full 7):
 def new generation   total 4597632K, used 254873K [0x00007fcb2c600000, 0x00007fcc642c0000, 0x00007fd5d70a0000)
  eden space 4086784K,   0% used [0x00007fcb2c600000, 0x00007fcb2c600000, 0x00007fcc25d00000)
  from space 510848K,  49% used [0x00007fcc44fe0000, 0x00007fcc548c6778, 0x00007fcc642c0000)
  to   space 510848K,   0% used [0x00007fcc25d00000, 0x00007fcc25d00000, 0x00007fcc44fe0000)
 tenured generation   total 10216836K, used 10148844K [0x00007fd5d70a0000, 0x00007fd846a01000, 0x00007feb2c600000)
   the space 10216836K,  99% used [0x00007fd5d70a0000, 0x00007fd84279b0a8, 0x00007fd84279b200, 0x00007fd846a01000)
 Metaspace       used 24261K, capacity 24639K, committed 24832K, reserved 26624K
}
Event: 1896.416 GC heap before
{Heap before GC invocations=1393 (full 7):
 def new generation   total 4597632K, used 4341657K [0x00007fcb2c600000, 0x00007fcc642c0000, 0x00007fd5d70a0000)
  eden space 4086784K, 100% used [0x00007fcb2c600000, 0x00007fcc25d00000, 0x00007fcc25d00000)
  from space 510848K,  49% used [0x00007fcc44fe0000, 0x00007fcc548c6778, 0x00007fcc642c0000)
  to   space 510848K,   0% used [0x00007fcc25d00000, 0x00007fcc25d00000, 0x00007fcc44fe0000)
 tenured generation   total 10216836K, used 10148844K [0x00007fd5d70a0000, 0x00007fd846a01000, 0x00007feb2c600000)
   the space 10216836K,  99% used [0x00007fd5d70a0000, 0x00007fd84279b0a8, 0x00007fd84279b200, 0x00007fd846a01000)
 Metaspace       used 24261K, capacity 24639K, committed 24832K, reserved 26624K
}
Event: 1896.607 GC heap after
{Heap after GC invocations=1394 (full 7):
 def new generation   total 4597632K, used 252824K [0x00007fcb2c600000, 0x00007fcc642c0000, 0x00007fd5d70a0000)
  eden space 4086784K,   0% used [0x00007fcb2c600000, 0x00007fcb2c600000, 0x00007fcc25d00000)
  from space 510848K,  49% used [0x00007fcc25d00000, 0x00007fcc353e62e0, 0x00007fcc44fe0000)
  to   space 510848K,   0% used [0x00007fcc44fe0000, 0x00007fcc44fe0000, 0x00007fcc642c0000)
 tenured generation   total 10216836K, used 10165803K [0x00007fd5d70a0000, 0x00007fd846a01000, 0x00007feb2c600000)
   the space 10216836K,  99% used [0x00007fd5d70a0000, 0x00007fd84382ac20, 0x00007fd84382ae00, 0x00007fd846a01000)
 Metaspace       used 24261K, capacity 24639K, committed 24832K, reserved 26624K
}
Event: 1900.887 GC heap before
{Heap before GC invocations=1394 (full 7):
 def new generation   total 4597632K, used 4332099K [0x00007fcb2c600000, 0x00007fcc642c0000, 0x00007fd5d70a0000)
  eden space 4086784K,  99% used [0x00007fcb2c600000, 0x00007fcc255aaab8, 0x00007fcc25d00000)
  from space 510848K,  49% used [0x00007fcc25d00000, 0x00007fcc353e62e0, 0x00007fcc44fe0000)
  to   space 510848K,   0% used [0x00007fcc44fe0000, 0x00007fcc44fe0000, 0x00007fcc642c0000)
 tenured generation   total 10216836K, used 10165803K [0x00007fd5d70a0000, 0x00007fd846a01000, 0x00007feb2c600000)
   the space 10216836K,  99% used [0x00007fd5d70a0000, 0x00007fd84382ac20, 0x00007fd84382ae00, 0x00007fd846a01000)
 Metaspace       used 24261K, capacity 24639K, committed 24832K, reserved 26624K
}
Event: 1901.068 GC heap after
{Heap after GC invocations=1395 (full 7):
 def new generation   total 4597632K, used 250785K [0x00007fcb2c600000, 0x00007fcc642c0000, 0x00007fd5d70a0000)
  eden space 4086784K,   0% used [0x00007fcb2c600000, 0x00007fcb2c600000, 0x00007fcc25d00000)
  from space 510848K,  49% used [0x00007fcc44fe0000, 0x00007fcc544c8530, 0x00007fcc642c0000)
  to   space 510848K,   0% used [0x00007fcc25d00000, 0x00007fcc25d00000, 0x00007fcc44fe0000)
 tenured generation   total 10216836K, used 10182761K [0x00007fd5d70a0000, 0x00007fd846a01000, 0x00007feb2c600000)
   the space 10216836K,  99% used [0x00007fd5d70a0000, 0x00007fd8448ba798, 0x00007fd8448ba800, 0x00007fd846a01000)
 Metaspace       used 24261K, capacity 24639K, committed 24832K, reserved 26624K
}
Event: 1905.038 GC heap before
{Heap before GC invocations=1395 (full 7):
 def new generation   total 4597632K, used 4337569K [0x00007fcb2c600000, 0x00007fcc642c0000, 0x00007fd5d70a0000)
  eden space 4086784K, 100% used [0x00007fcb2c600000, 0x00007fcc25d00000, 0x00007fcc25d00000)
  from space 510848K,  49% used [0x00007fcc44fe0000, 0x00007fcc544c8530, 0x00007fcc642c0000)
  to   space 510848K,   0% used [0x00007fcc25d00000, 0x00007fcc25d00000, 0x00007fcc44fe0000)
 tenured generation   total 10216836K, used 10182761K [0x00007fd5d70a0000, 0x00007fd846a01000, 0x00007feb2c600000)
   the space 10216836K,  99% used [0x00007fd5d70a0000, 0x00007fd8448ba798, 0x00007fd8448ba800, 0x00007fd846a01000)
 Metaspace       used 24261K, capacity 24639K, committed 24832K, reserved 26624K
}
Event: 1905.233 GC heap after
{Heap after GC invocations=1396 (full 7):
 def new generation   total 4597632K, used 264635K [0x00007fcb2c600000, 0x00007fcc642c0000, 0x00007fd5d70a0000)
  eden space 4086784K,   0% used [0x00007fcb2c600000, 0x00007fcb2c600000, 0x00007fcc25d00000)
  from space 510848K,  51% used [0x00007fcc25d00000, 0x00007fcc35f6ec38, 0x00007fcc44fe0000)
  to   space 510848K,   0% used [0x00007fcc44fe0000, 0x00007fcc44fe0000, 0x00007fcc642c0000)
 tenured generation   total 10216836K, used 10199720K [0x00007fd5d70a0000, 0x00007fd846a01000, 0x00007feb2c600000)
   the space 10216836K,  99% used [0x00007fd5d70a0000, 0x00007fd84594a310, 0x00007fd84594a400, 0x00007fd846a01000)
 Metaspace       used 24261K, capacity 24639K, committed 24832K, reserved 26624K
}
Event: 1909.243 GC heap before
{Heap before GC invocations=1396 (full 7):
 def new generation   total 4597632K, used 4351419K [0x00007fcb2c600000, 0x00007fcc642c0000, 0x00007fd5d70a0000)
  eden space 4086784K, 100% used [0x00007fcb2c600000, 0x00007fcc25d00000, 0x00007fcc25d00000)
  from space 510848K,  51% used [0x00007fcc25d00000, 0x00007fcc35f6ec38, 0x00007fcc44fe0000)
  to   space 510848K,   0% used [0x00007fcc44fe0000, 0x00007fcc44fe0000, 0x00007fcc642c0000)
 tenured generation   total 10216836K, used 10199720K [0x00007fd5d70a0000, 0x00007fd846a01000, 0x00007feb2c600000)
   the space 10216836K,  99% used [0x00007fd5d70a0000, 0x00007fd84594a310, 0x00007fd84594a400, 0x00007fd846a01000)
 Metaspace       used 24261K, capacity 24639K, committed 24832K, reserved 26624K
}
Event: 1909.490 GC heap after
{Heap after GC invocations=1397 (full 7):
 def new generation   total 4597632K, used 261568K [0x00007fcb2c600000, 0x00007fcc642c0000, 0x00007fd5d70a0000)
  eden space 4086784K,   0% used [0x00007fcb2c600000, 0x00007fcb2c600000, 0x00007fcc25d00000)
  from space 510848K,  51% used [0x00007fcc44fe0000, 0x00007fcc54f50200, 0x00007fcc642c0000)
  to   space 510848K,   0% used [0x00007fcc25d00000, 0x00007fcc25d00000, 0x00007fcc44fe0000)
 tenured generation   total 10216836K, used 10216679K [0x00007fd5d70a0000, 0x00007fd846a01000, 0x00007feb2c600000)
   the space 10216836K,  99% used [0x00007fd5d70a0000, 0x00007fd8469d9e88, 0x00007fd8469da000, 0x00007fd846a01000)
 Metaspace       used 24261K, capacity 24639K, committed 24832K, reserved 26624K
}
Event: 1913.402 GC heap before
{Heap before GC invocations=1397 (full 7):
 def new generation   total 4597632K, used 4348352K [0x00007fcb2c600000, 0x00007fcc642c0000, 0x00007fd5d70a0000)
  eden space 4086784K, 100% used [0x00007fcb2c600000, 0x00007fcc25d00000, 0x00007fcc25d00000)
  from space 510848K,  51% used [0x00007fcc44fe0000, 0x00007fcc54f50200, 0x00007fcc642c0000)
  to   space 510848K,   0% used [0x00007fcc25d00000, 0x00007fcc25d00000, 0x00007fcc44fe0000)
 tenured generation   total 10216836K, used 10216679K [0x00007fd5d70a0000, 0x00007fd846a01000, 0x00007feb2c600000)
   the space 10216836K,  99% used [0x00007fd5d70a0000, 0x00007fd8469d9e88, 0x00007fd8469da000, 0x00007fd846a01000)
 Metaspace       used 24261K, capacity 24639K, committed 24832K, reserved 26624K
}
Event: 1913.659 GC heap after
{Heap after GC invocations=1398 (full 7):
 def new generation   total 4597632K, used 258474K [0x00007fcb2c600000, 0x00007fcc642c0000, 0x00007fd5d70a0000)
  eden space 4086784K,   0% used [0x00007fcb2c600000, 0x00007fcb2c600000, 0x00007fcc25d00000)
  from space 510848K,  50% used [0x00007fcc25d00000, 0x00007fcc3596a9d8, 0x00007fcc44fe0000)
  to   space 510848K,   0% used [0x00007fcc44fe0000, 0x00007fcc44fe0000, 0x00007fcc642c0000)
 tenured generation   total 10233740K, used 10233638K [0x00007fd5d70a0000, 0x00007fd847a83000, 0x00007feb2c600000)
   the space 10233740K,  99% used [0x00007fd5d70a0000, 0x00007fd847a69a00, 0x00007fd847a69a00, 0x00007fd847a83000)
 Metaspace       used 24261K, capacity 24639K, committed 24832K, reserved 26624K
}
Event: 1913.659 GC heap before
{Heap before GC invocations=1398 (full 7):
 def new generation   total 4597632K, used 258474K [0x00007fcb2c600000, 0x00007fcc642c0000, 0x00007fd5d70a0000)
  eden space 4086784K,   0% used [0x00007fcb2c600000, 0x00007fcb2c600000, 0x00007fcc25d00000)
  from space 510848K,  50% used [0x00007fcc25d00000, 0x00007fcc3596a9d8, 0x00007fcc44fe0000)
  to   space 510848K,   0% used [0x00007fcc44fe0000, 0x00007fcc44fe0000, 0x00007fcc642c0000)
 tenured generation   total 10233740K, used 10233638K [0x00007fd5d70a0000, 0x00007fd847a83000, 0x00007feb2c600000)
   the space 10233740K,  99% used [0x00007fd5d70a0000, 0x00007fd847a69a00, 0x00007fd847a69a00, 0x00007fd847a83000)
 Metaspace       used 24261K, capacity 24639K, committed 24832K, reserved 26624K
}

