# JRE version: OpenJDK Runtime Environment (13.0.7+5) (build 13.0.7+5-Ubuntu-0ubuntu120.04)
# Java VM: OpenJDK 64-Bit Server VM (13.0.7+5-Ubuntu-0ubuntu120.04, mixed mode, tiered, serial gc, linux-amd64)
Heap:
 def new generation   total 1973376K, used 0K [0x00007f6b8c600000, 0x00007f6c12330000, 0x00007f70e1b50000)
  eden space 1754176K,   0% used [0x00007f6b8c600000, 0x00007f6b8c600000, 0x00007f6bf7710000)
  from space 219200K,   0% used [0x00007f6bf7710000, 0x00007f6bf7710000, 0x00007f6c04d20000)
  to   space 219200K,   0% used [0x00007f6c04d20000, 0x00007f6c04d20000, 0x00007f6c12330000)
 tenured generation   total 4385036K, used 75868K [0x00007f70e1b50000, 0x00007f71ed593000, 0x00007f7b8c600000)
   the space 4385036K,   1% used [0x00007f70e1b50000, 0x00007f70e6567088, 0x00007f70e6567200, 0x00007f71ed593000)
 Metaspace       used 23303K, capacity 23672K, committed 23808K, reserved 24576K
GC Heap History (20 events):
Event: 14.201 GC heap before
{Heap before GC invocations=10 (full 2):
 def new generation   total 629248K, used 0K [0x00007f6b8c600000, 0x00007f6bb70c0000, 0x00007f70e1b50000)
  eden space 559360K,   0% used [0x00007f6b8c600000, 0x00007f6b8c600000, 0x00007f6bae840000)
  from space 69888K,   0% used [0x00007f6bb2c80000, 0x00007f6bb2c80278, 0x00007f6bb70c0000)
  to   space 69888K,   0% used [0x00007f6bae840000, 0x00007f6bae840000, 0x00007f6bb2c80000)
 tenured generation   total 1398144K, used 1063503K [0x00007f70e1b50000, 0x00007f71370b0000, 0x00007f7b8c600000)
   the space 1398144K,  76% used [0x00007f70e1b50000, 0x00007f71229e3e78, 0x00007f71229e4000, 0x00007f71370b0000)
 Metaspace       used 23299K, capacity 23671K, committed 23808K, reserved 24576K
}
Event: 14.248 GC heap after
{Heap after GC invocations=10 (full 3):
 def new generation   total 797696K, used 0K [0x00007f6b8c600000, 0x00007f6bc2780000, 0x00007f70e1b50000)
  eden space 709120K,   0% used [0x00007f6b8c600000, 0x00007f6b8c600000, 0x00007f6bb7a80000)
  from space 88576K,   0% used [0x00007f6bb7a80000, 0x00007f6bb7a80000, 0x00007f6bbd100000)
  to   space 88576K,   0% used [0x00007f6bbd100000, 0x00007f6bbd100000, 0x00007f6bc2780000)
 tenured generation   total 1772508K, used 1063504K [0x00007f70e1b50000, 0x00007f714de47000, 0x00007f7b8c600000)
   the space 1772508K,  59% used [0x00007f70e1b50000, 0x00007f71229e40f0, 0x00007f71229e4200, 0x00007f714de47000)
 Metaspace       used 23299K, capacity 23671K, committed 23808K, reserved 24576K
}
Event: 20.656 GC heap before
{Heap before GC invocations=10 (full 3):
 def new generation   total 797696K, used 13978K [0x00007f6b8c600000, 0x00007f6bc2780000, 0x00007f70e1b50000)
  eden space 709120K,   1% used [0x00007f6b8c600000, 0x00007f6b8d3a6ac8, 0x00007f6bb7a80000)
  from space 88576K,   0% used [0x00007f6bb7a80000, 0x00007f6bb7a80000, 0x00007f6bbd100000)
  to   space 88576K,   0% used [0x00007f6bbd100000, 0x00007f6bbd100000, 0x00007f6bc2780000)
 tenured generation   total 3869664K, used 3160656K [0x00007f70e1b50000, 0x00007f71cde48000, 0x00007f7b8c600000)
   the space 3869664K,  81% used [0x00007f70e1b50000, 0x00007f71a29e4108, 0x00007f71a29e4200, 0x00007f71cde48000)
 Metaspace       used 23299K, capacity 23671K, committed 23808K, reserved 24576K
}
Event: 20.678 GC heap after
{Heap after GC invocations=11 (full 3):
 def new generation   total 797696K, used 0K [0x00007f6b8c600000, 0x00007f6bc2780000, 0x00007f70e1b50000)
  eden space 709120K,   0% used [0x00007f6b8c600000, 0x00007f6b8c600000, 0x00007f6bb7a80000)
  from space 88576K,   0% used [0x00007f6bbd100000, 0x00007f6bbd100160, 0x00007f6bc2780000)
  to   space 88576K,   0% used [0x00007f6bb7a80000, 0x00007f6bb7a80000, 0x00007f6bbd100000)
 tenured generation   total 3869664K, used 3160656K [0x00007f70e1b50000, 0x00007f71cde48000, 0x00007f7b8c600000)
   the space 3869664K,  81% used [0x00007f70e1b50000, 0x00007f71a29e4108, 0x00007f71a29e4200, 0x00007f71cde48000)
 Metaspace       used 23299K, capacity 23671K, committed 23808K, reserved 24576K
}
Event: 20.678 GC heap before
{Heap before GC invocations=11 (full 3):
 def new generation   total 797696K, used 0K [0x00007f6b8c600000, 0x00007f6bc2780000, 0x00007f70e1b50000)
  eden space 709120K,   0% used [0x00007f6b8c600000, 0x00007f6b8c600000, 0x00007f6bb7a80000)
  from space 88576K,   0% used [0x00007f6bbd100000, 0x00007f6bbd100160, 0x00007f6bc2780000)
  to   space 88576K,   0% used [0x00007f6bb7a80000, 0x00007f6bb7a80000, 0x00007f6bbd100000)
 tenured generation   total 3869664K, used 3160656K [0x00007f70e1b50000, 0x00007f71cde48000, 0x00007f7b8c600000)
   the space 3869664K,  81% used [0x00007f70e1b50000, 0x00007f71a29e4108, 0x00007f71a29e4200, 0x00007f71cde48000)
 Metaspace       used 23299K, capacity 23671K, committed 23808K, reserved 24576K
}
Event: 21.052 GC heap after
{Heap after GC invocations=11 (full 4):
 def new generation   total 1973376K, used 0K [0x00007f6b8c600000, 0x00007f6c12330000, 0x00007f70e1b50000)
  eden space 1754176K,   0% used [0x00007f6b8c600000, 0x00007f6b8c600000, 0x00007f6bf7710000)
  from space 219200K,   0% used [0x00007f6bf7710000, 0x00007f6bf7710000, 0x00007f6c04d20000)
  to   space 219200K,   0% used [0x00007f6c04d20000, 0x00007f6c04d20000, 0x00007f6c12330000)
 tenured generation   total 4385036K, used 2631020K [0x00007f70e1b50000, 0x00007f71ed593000, 0x00007f7b8c600000)
   the space 4385036K,  59% used [0x00007f70e1b50000, 0x00007f71824ab298, 0x00007f71824ab400, 0x00007f71ed593000)
 Metaspace       used 23299K, capacity 23671K, committed 23808K, reserved 24576K
}
Event: 28.736 GC heap before
{Heap before GC invocations=11 (full 4):
 def new generation   total 1973376K, used 1607443K [0x00007f6b8c600000, 0x00007f6c12330000, 0x00007f70e1b50000)
  eden space 1754176K,  91% used [0x00007f6b8c600000, 0x00007f6bee7c4e68, 0x00007f6bf7710000)
  from space 219200K,   0% used [0x00007f6bf7710000, 0x00007f6bf7710000, 0x00007f6c04d20000)
  to   space 219200K,   0% used [0x00007f6c04d20000, 0x00007f6c04d20000, 0x00007f6c12330000)
 tenured generation   total 4385036K, used 2631020K [0x00007f70e1b50000, 0x00007f71ed593000, 0x00007f7b8c600000)
   the space 4385036K,  59% used [0x00007f70e1b50000, 0x00007f71824ab298, 0x00007f71824ab400, 0x00007f71ed593000)
 Metaspace       used 23299K, capacity 23671K, committed 23808K, reserved 24576K
}
Event: 30.442 GC heap after
{Heap after GC invocations=12 (full 4):
 def new generation   total 1973376K, used 0K [0x00007f6b8c600000, 0x00007f6c12330000, 0x00007f70e1b50000)
  eden space 1754176K,   0% used [0x00007f6b8c600000, 0x00007f6b8c600000, 0x00007f6bf7710000)
  from space 219200K,   0% used [0x00007f6c04d20000, 0x00007f6c04d20228, 0x00007f6c12330000)
  to   space 219200K,   0% used [0x00007f6bf7710000, 0x00007f6bf7710000, 0x00007f6c04d20000)
 tenured generation   total 4385036K, used 4203884K [0x00007f70e1b50000, 0x00007f71ed593000, 0x00007f7b8c600000)
   the space 4385036K,  95% used [0x00007f70e1b50000, 0x00007f71e24ab2c8, 0x00007f71e24ab400, 0x00007f71ed593000)
 Metaspace       used 23299K, capacity 23671K, committed 23808K, reserved 24576K
}
Event: 31.960 GC heap before
{Heap before GC invocations=12 (full 4):
 def new generation   total 1973376K, used 1541820K [0x00007f6b8c600000, 0x00007f6c12330000, 0x00007f70e1b50000)
  eden space 1754176K,  87% used [0x00007f6b8c600000, 0x00007f6bea7aefe0, 0x00007f6bf7710000)
  from space 219200K,   0% used [0x00007f6c04d20000, 0x00007f6c04d20228, 0x00007f6c12330000)
  to   space 219200K,   0% used [0x00007f6bf7710000, 0x00007f6bf7710000, 0x00007f6c04d20000)
 tenured generation   total 4385036K, used 4203884K [0x00007f70e1b50000, 0x00007f71ed593000, 0x00007f7b8c600000)
   the space 4385036K,  95% used [0x00007f70e1b50000, 0x00007f71e24ab2c8, 0x00007f71e24ab400, 0x00007f71ed593000)
 Metaspace       used 23299K, capacity 23671K, committed 23808K, reserved 24576K
}
Event: 33.222 GC heap after
{Heap after GC invocations=13 (full 4):
 def new generation   total 1973376K, used 65874K [0x00007f6b8c600000, 0x00007f6c12330000, 0x00007f70e1b50000)
  eden space 1754176K,   0% used [0x00007f6b8c600000, 0x00007f6b8c600000, 0x00007f6bf7710000)
  from space 219200K,  30% used [0x00007f6bf7710000, 0x00007f6bfb764968, 0x00007f6c04d20000)
  to   space 219200K,   0% used [0x00007f6c04d20000, 0x00007f6c04d20000, 0x00007f6c12330000)
 tenured generation   total 4647184K, used 4466028K [0x00007f70e1b50000, 0x00007f71fd594000, 0x00007f7b8c600000)
   the space 4647184K,  96% used [0x00007f70e1b50000, 0x00007f71f24ab2e0, 0x00007f71f24ab400, 0x00007f71fd594000)
 Metaspace       used 23299K, capacity 23671K, committed 23808K, reserved 24576K
}
Event: 33.222 GC heap before
{Heap before GC invocations=13 (full 4):
 def new generation   total 1973376K, used 65874K [0x00007f6b8c600000, 0x00007f6c12330000, 0x00007f70e1b50000)
  eden space 1754176K,   0% used [0x00007f6b8c600000, 0x00007f6b8c600000, 0x00007f6bf7710000)
  from space 219200K,  30% used [0x00007f6bf7710000, 0x00007f6bfb764968, 0x00007f6c04d20000)
  to   space 219200K,   0% used [0x00007f6c04d20000, 0x00007f6c04d20000, 0x00007f6c12330000)
 tenured generation   total 4647184K, used 4466028K [0x00007f70e1b50000, 0x00007f71fd594000, 0x00007f7b8c600000)
   the space 4647184K,  96% used [0x00007f70e1b50000, 0x00007f71f24ab2e0, 0x00007f71f24ab400, 0x00007f71fd594000)
 Metaspace       used 23299K, capacity 23671K, committed 23808K, reserved 24576K
}
Event: 33.402 GC heap after
{Heap after GC invocations=13 (full 5):
 def new generation   total 1973376K, used 0K [0x00007f6b8c600000, 0x00007f6c12330000, 0x00007f70e1b50000)
  eden space 1754176K,   0% used [0x00007f6b8c600000, 0x00007f6b8c600000, 0x00007f6bf7710000)
  from space 219200K,   0% used [0x00007f6bf7710000, 0x00007f6bf7710000, 0x00007f6c04d20000)
  to   space 219200K,   0% used [0x00007f6c04d20000, 0x00007f6c04d20000, 0x00007f6c12330000)
 tenured generation   total 4385036K, used 271729K [0x00007f70e1b50000, 0x00007f71ed593000, 0x00007f7b8c600000)
   the space 4385036K,   6% used [0x00007f70e1b50000, 0x00007f70f24ac6c0, 0x00007f70f24ac800, 0x00007f71ed593000)
 Metaspace       used 23299K, capacity 23671K, committed 23808K, reserved 24576K
}
Event: 35.210 GC heap before
{Heap before GC invocations=13 (full 5):
 def new generation   total 1973376K, used 34424K [0x00007f6b8c600000, 0x00007f6c12330000, 0x00007f70e1b50000)
  eden space 1754176K,   1% used [0x00007f6b8c600000, 0x00007f6b8e79e0e8, 0x00007f6bf7710000)
  from space 219200K,   0% used [0x00007f6bf7710000, 0x00007f6bf7710000, 0x00007f6c04d20000)
  to   space 219200K,   0% used [0x00007f6c04d20000, 0x00007f6c04d20000, 0x00007f6c12330000)
 tenured generation   total 4385036K, used 2368881K [0x00007f70e1b50000, 0x00007f71ed593000, 0x00007f7b8c600000)
   the space 4385036K,  54% used [0x00007f70e1b50000, 0x00007f71724ac6d8, 0x00007f71724ac800, 0x00007f71ed593000)
 Metaspace       used 23299K, capacity 23671K, committed 23808K, reserved 24576K
}
Event: 35.213 GC heap after
{Heap after GC invocations=14 (full 5):
 def new generation   total 1973376K, used 0K [0x00007f6b8c600000, 0x00007f6c12330000, 0x00007f70e1b50000)
  eden space 1754176K,   0% used [0x00007f6b8c600000, 0x00007f6b8c600000, 0x00007f6bf7710000)
  from space 219200K,   0% used [0x00007f6c04d20000, 0x00007f6c04d20128, 0x00007f6c12330000)
  to   space 219200K,   0% used [0x00007f6bf7710000, 0x00007f6bf7710000, 0x00007f6c04d20000)
 tenured generation   total 4385036K, used 2368881K [0x00007f70e1b50000, 0x00007f71ed593000, 0x00007f7b8c600000)
   the space 4385036K,  54% used [0x00007f70e1b50000, 0x00007f71724ac6d8, 0x00007f71724ac800, 0x00007f71ed593000)
 Metaspace       used 23299K, capacity 23671K, committed 23808K, reserved 24576K
}
Event: 35.213 GC heap before
{Heap before GC invocations=14 (full 5):
 def new generation   total 1973376K, used 0K [0x00007f6b8c600000, 0x00007f6c12330000, 0x00007f70e1b50000)
  eden space 1754176K,   0% used [0x00007f6b8c600000, 0x00007f6b8c600000, 0x00007f6bf7710000)
  from space 219200K,   0% used [0x00007f6c04d20000, 0x00007f6c04d20128, 0x00007f6c12330000)
  to   space 219200K,   0% used [0x00007f6bf7710000, 0x00007f6bf7710000, 0x00007f6c04d20000)
 tenured generation   total 4385036K, used 2368881K [0x00007f70e1b50000, 0x00007f71ed593000, 0x00007f7b8c600000)
   the space 4385036K,  54% used [0x00007f70e1b50000, 0x00007f71724ac6d8, 0x00007f71724ac800, 0x00007f71ed593000)
 Metaspace       used 23299K, capacity 23671K, committed 23808K, reserved 24576K
}
Event: 36.478 GC heap after
{Heap after GC invocations=14 (full 6):
 def new generation   total 1973376K, used 0K [0x00007f6b8c600000, 0x00007f6c12330000, 0x00007f70e1b50000)
  eden space 1754176K,   0% used [0x00007f6b8c600000, 0x00007f6b8c600000, 0x00007f6bf7710000)
  from space 219200K,   0% used [0x00007f6c04d20000, 0x00007f6c04d20000, 0x00007f6c12330000)
  to   space 219200K,   0% used [0x00007f6bf7710000, 0x00007f6bf7710000, 0x00007f6c04d20000)
 tenured generation   total 4385036K, used 2106736K [0x00007f70e1b50000, 0x00007f71ed593000, 0x00007f7b8c600000)
   the space 4385036K,  48% used [0x00007f70e1b50000, 0x00007f71624ac2e0, 0x00007f71624ac400, 0x00007f71ed593000)
 Metaspace       used 23299K, capacity 23671K, committed 23808K, reserved 24576K
}
Event: 40.088 GC heap before
{Heap before GC invocations=14 (full 6):
 def new generation   total 1973376K, used 1369847K [0x00007f6b8c600000, 0x00007f6c12330000, 0x00007f70e1b50000)
  eden space 1754176K,  78% used [0x00007f6b8c600000, 0x00007f6bdffbdf38, 0x00007f6bf7710000)
  from space 219200K,   0% used [0x00007f6c04d20000, 0x00007f6c04d20000, 0x00007f6c12330000)
  to   space 219200K,   0% used [0x00007f6bf7710000, 0x00007f6bf7710000, 0x00007f6c04d20000)
 tenured generation   total 4385036K, used 4203888K [0x00007f70e1b50000, 0x00007f71ed593000, 0x00007f7b8c600000)
   the space 4385036K,  95% used [0x00007f70e1b50000, 0x00007f71e24ac2f8, 0x00007f71e24ac400, 0x00007f71ed593000)
 Metaspace       used 23303K, capacity 23672K, committed 23808K, reserved 24576K
}
Event: 40.109 GC heap after
{Heap after GC invocations=15 (full 6):
 def new generation   total 1973376K, used 66342K [0x00007f6b8c600000, 0x00007f6c12330000, 0x00007f70e1b50000)
  eden space 1754176K,   0% used [0x00007f6b8c600000, 0x00007f6b8c600000, 0x00007f6bf7710000)
  from space 219200K,  30% used [0x00007f6bf7710000, 0x00007f6bfb7d9bd8, 0x00007f6c04d20000)
  to   space 219200K,   0% used [0x00007f6c04d20000, 0x00007f6c04d20000, 0x00007f6c12330000)
 tenured generation   total 4385036K, used 4203888K [0x00007f70e1b50000, 0x00007f71ed593000, 0x00007f7b8c600000)
   the space 4385036K,  95% used [0x00007f70e1b50000, 0x00007f71e24ac2f8, 0x00007f71e24ac400, 0x00007f71ed593000)
 Metaspace       used 23303K, capacity 23672K, committed 23808K, reserved 24576K
}
Event: 40.109 GC heap before
{Heap before GC invocations=15 (full 6):
 def new generation   total 1973376K, used 66342K [0x00007f6b8c600000, 0x00007f6c12330000, 0x00007f70e1b50000)
  eden space 1754176K,   0% used [0x00007f6b8c600000, 0x00007f6b8c600000, 0x00007f6bf7710000)
  from space 219200K,  30% used [0x00007f6bf7710000, 0x00007f6bfb7d9bd8, 0x00007f6c04d20000)
  to   space 219200K,   0% used [0x00007f6c04d20000, 0x00007f6c04d20000, 0x00007f6c12330000)
 tenured generation   total 4385036K, used 4203888K [0x00007f70e1b50000, 0x00007f71ed593000, 0x00007f7b8c600000)
   the space 4385036K,  95% used [0x00007f70e1b50000, 0x00007f71e24ac2f8, 0x00007f71e24ac400, 0x00007f71ed593000)
 Metaspace       used 23303K, capacity 23672K, committed 23808K, reserved 24576K
}
Event: 40.203 GC heap after
{Heap after GC invocations=15 (full 7):
 def new generation   total 1973376K, used 0K [0x00007f6b8c600000, 0x00007f6c12330000, 0x00007f70e1b50000)
  eden space 1754176K,   0% used [0x00007f6b8c600000, 0x00007f6b8c600000, 0x00007f6bf7710000)
  from space 219200K,   0% used [0x00007f6bf7710000, 0x00007f6bf7710000, 0x00007f6c04d20000)
  to   space 219200K,   0% used [0x00007f6c04d20000, 0x00007f6c04d20000, 0x00007f6c12330000)
 tenured generation   total 4385036K, used 75868K [0x00007f70e1b50000, 0x00007f71ed593000, 0x00007f7b8c600000)
   the space 4385036K,   1% used [0x00007f70e1b50000, 0x00007f70e6567088, 0x00007f70e6567200, 0x00007f71ed593000)
 Metaspace       used 23303K, capacity 23672K, committed 23808K, reserved 24576K
}

