# JRE version: OpenJDK Runtime Environment (13.0.7+5) (build 13.0.7+5-Ubuntu-0ubuntu120.04)
# Java VM: OpenJDK 64-Bit Server VM (13.0.7+5-Ubuntu-0ubuntu120.04, mixed mode, tiered, serial gc, linux-amd64)
Heap:
 def new generation   total 809984K, used 0K [0x00007f1f2c600000, 0x00007f1f634e0000, 0x00007f29d70a0000)
  eden space 720000K,   0% used [0x00007f1f2c600000, 0x00007f1f2c600000, 0x00007f1f58520000)
  from space 89984K,   0% used [0x00007f1f58520000, 0x00007f1f58520000, 0x00007f1f5dd00000)
  to   space 89984K,   0% used [0x00007f1f5dd00000, 0x00007f1f5dd00000, 0x00007f1f634e0000)
 tenured generation   total 1816272K, used 1355705K [0x00007f29d70a0000, 0x00007f2a45e54000, 0x00007f3f2c600000)
   the space 1816272K,  74% used [0x00007f29d70a0000, 0x00007f2a29c8e658, 0x00007f2a29c8e800, 0x00007f2a45e54000)
 Metaspace       used 24250K, capacity 24691K, committed 24832K, reserved 26624K
GC Heap History (20 events):
Event: 503.945 GC heap after
{Heap after GC invocations=707 (full 3):
 def new generation   total 809984K, used 15940K [0x00007f1f2c600000, 0x00007f1f634e0000, 0x00007f29d70a0000)
  eden space 720000K,   0% used [0x00007f1f2c600000, 0x00007f1f2c600000, 0x00007f1f58520000)
  from space 89984K,  17% used [0x00007f1f5dd00000, 0x00007f1f5ec91088, 0x00007f1f634e0000)
  to   space 89984K,   0% used [0x00007f1f58520000, 0x00007f1f58520000, 0x00007f1f5dd00000)
 tenured generation   total 1799884K, used 1741593K [0x00007f29d70a0000, 0x00007f2a44e53000, 0x00007f3f2c600000)
   the space 1799884K,  96% used [0x00007f29d70a0000, 0x00007f2a41566470, 0x00007f2a41566600, 0x00007f2a44e53000)
 Metaspace       used 24250K, capacity 24691K, committed 24832K, reserved 26624K
}
Event: 504.531 GC heap before
{Heap before GC invocations=707 (full 3):
 def new generation   total 809984K, used 735940K [0x00007f1f2c600000, 0x00007f1f634e0000, 0x00007f29d70a0000)
  eden space 720000K, 100% used [0x00007f1f2c600000, 0x00007f1f58520000, 0x00007f1f58520000)
  from space 89984K,  17% used [0x00007f1f5dd00000, 0x00007f1f5ec91088, 0x00007f1f634e0000)
  to   space 89984K,   0% used [0x00007f1f58520000, 0x00007f1f58520000, 0x00007f1f5dd00000)
 tenured generation   total 1799884K, used 1741593K [0x00007f29d70a0000, 0x00007f2a44e53000, 0x00007f3f2c600000)
   the space 1799884K,  96% used [0x00007f29d70a0000, 0x00007f2a41566470, 0x00007f2a41566600, 0x00007f2a44e53000)
 Metaspace       used 24250K, capacity 24691K, committed 24832K, reserved 26624K
}
Event: 504.548 GC heap after
{Heap after GC invocations=708 (full 3):
 def new generation   total 809984K, used 15943K [0x00007f1f2c600000, 0x00007f1f634e0000, 0x00007f29d70a0000)
  eden space 720000K,   0% used [0x00007f1f2c600000, 0x00007f1f2c600000, 0x00007f1f58520000)
  from space 89984K,  17% used [0x00007f1f58520000, 0x00007f1f594b1e08, 0x00007f1f5dd00000)
  to   space 89984K,   0% used [0x00007f1f5dd00000, 0x00007f1f5dd00000, 0x00007f1f634e0000)
 tenured generation   total 1799884K, used 1741593K [0x00007f29d70a0000, 0x00007f2a44e53000, 0x00007f3f2c600000)
   the space 1799884K,  96% used [0x00007f29d70a0000, 0x00007f2a41566470, 0x00007f2a41566600, 0x00007f2a44e53000)
 Metaspace       used 24250K, capacity 24691K, committed 24832K, reserved 26624K
}
Event: 505.302 GC heap before
{Heap before GC invocations=708 (full 3):
 def new generation   total 809984K, used 723834K [0x00007f1f2c600000, 0x00007f1f634e0000, 0x00007f29d70a0000)
  eden space 720000K,  98% used [0x00007f1f2c600000, 0x00007f1f5794cca8, 0x00007f1f58520000)
  from space 89984K,  17% used [0x00007f1f58520000, 0x00007f1f594b1e08, 0x00007f1f5dd00000)
  to   space 89984K,   0% used [0x00007f1f5dd00000, 0x00007f1f5dd00000, 0x00007f1f634e0000)
 tenured generation   total 1799884K, used 1741593K [0x00007f29d70a0000, 0x00007f2a44e53000, 0x00007f3f2c600000)
   the space 1799884K,  96% used [0x00007f29d70a0000, 0x00007f2a41566470, 0x00007f2a41566600, 0x00007f2a44e53000)
 Metaspace       used 24250K, capacity 24691K, committed 24832K, reserved 26624K
}
Event: 505.340 GC heap after
{Heap after GC invocations=709 (full 3):
 def new generation   total 809984K, used 37520K [0x00007f1f2c600000, 0x00007f1f634e0000, 0x00007f29d70a0000)
  eden space 720000K,   0% used [0x00007f1f2c600000, 0x00007f1f2c600000, 0x00007f1f58520000)
  from space 89984K,  41% used [0x00007f1f5dd00000, 0x00007f1f601a41d0, 0x00007f1f634e0000)
  to   space 89984K,   0% used [0x00007f1f58520000, 0x00007f1f58520000, 0x00007f1f5dd00000)
 tenured generation   total 1799884K, used 1741593K [0x00007f29d70a0000, 0x00007f2a44e53000, 0x00007f3f2c600000)
   the space 1799884K,  96% used [0x00007f29d70a0000, 0x00007f2a41566470, 0x00007f2a41566600, 0x00007f2a44e53000)
 Metaspace       used 24250K, capacity 24691K, committed 24832K, reserved 26624K
}
Event: 506.237 GC heap before
{Heap before GC invocations=709 (full 3):
 def new generation   total 809984K, used 756971K [0x00007f1f2c600000, 0x00007f1f634e0000, 0x00007f29d70a0000)
  eden space 720000K,  99% used [0x00007f1f2c600000, 0x00007f1f58496be0, 0x00007f1f58520000)
  from space 89984K,  41% used [0x00007f1f5dd00000, 0x00007f1f601a41d0, 0x00007f1f634e0000)
  to   space 89984K,   0% used [0x00007f1f58520000, 0x00007f1f58520000, 0x00007f1f5dd00000)
 tenured generation   total 1799884K, used 1741593K [0x00007f29d70a0000, 0x00007f2a44e53000, 0x00007f3f2c600000)
   the space 1799884K,  96% used [0x00007f29d70a0000, 0x00007f2a41566470, 0x00007f2a41566600, 0x00007f2a44e53000)
 Metaspace       used 24250K, capacity 24691K, committed 24832K, reserved 26624K
}
Event: 506.266 GC heap after
{Heap after GC invocations=710 (full 3):
 def new generation   total 809984K, used 43160K [0x00007f1f2c600000, 0x00007f1f634e0000, 0x00007f29d70a0000)
  eden space 720000K,   0% used [0x00007f1f2c600000, 0x00007f1f2c600000, 0x00007f1f58520000)
  from space 89984K,  47% used [0x00007f1f58520000, 0x00007f1f5af462b0, 0x00007f1f5dd00000)
  to   space 89984K,   0% used [0x00007f1f5dd00000, 0x00007f1f5dd00000, 0x00007f1f634e0000)
 tenured generation   total 1799884K, used 1741593K [0x00007f29d70a0000, 0x00007f2a44e53000, 0x00007f3f2c600000)
   the space 1799884K,  96% used [0x00007f29d70a0000, 0x00007f2a41566470, 0x00007f2a41566600, 0x00007f2a44e53000)
 Metaspace       used 24250K, capacity 24691K, committed 24832K, reserved 26624K
}
Event: 507.147 GC heap before
{Heap before GC invocations=710 (full 3):
 def new generation   total 809984K, used 753258K [0x00007f1f2c600000, 0x00007f1f634e0000, 0x00007f29d70a0000)
  eden space 720000K,  98% used [0x00007f1f2c600000, 0x00007f1f57b74738, 0x00007f1f58520000)
  from space 89984K,  47% used [0x00007f1f58520000, 0x00007f1f5af462b0, 0x00007f1f5dd00000)
  to   space 89984K,   0% used [0x00007f1f5dd00000, 0x00007f1f5dd00000, 0x00007f1f634e0000)
 tenured generation   total 1799884K, used 1741593K [0x00007f29d70a0000, 0x00007f2a44e53000, 0x00007f3f2c600000)
   the space 1799884K,  96% used [0x00007f29d70a0000, 0x00007f2a41566470, 0x00007f2a41566600, 0x00007f2a44e53000)
 Metaspace       used 24250K, capacity 24691K, committed 24832K, reserved 26624K
}
Event: 507.188 GC heap after
{Heap after GC invocations=711 (full 3):
 def new generation   total 809984K, used 45230K [0x00007f1f2c600000, 0x00007f1f634e0000, 0x00007f29d70a0000)
  eden space 720000K,   0% used [0x00007f1f2c600000, 0x00007f1f2c600000, 0x00007f1f58520000)
  from space 89984K,  50% used [0x00007f1f5dd00000, 0x00007f1f6092b990, 0x00007f1f634e0000)
  to   space 89984K,   0% used [0x00007f1f58520000, 0x00007f1f58520000, 0x00007f1f5dd00000)
 tenured generation   total 1799884K, used 1741593K [0x00007f29d70a0000, 0x00007f2a44e53000, 0x00007f3f2c600000)
   the space 1799884K,  96% used [0x00007f29d70a0000, 0x00007f2a41566470, 0x00007f2a41566600, 0x00007f2a44e53000)
 Metaspace       used 24250K, capacity 24691K, committed 24832K, reserved 26624K
}
Event: 508.027 GC heap before
{Heap before GC invocations=711 (full 3):
 def new generation   total 809984K, used 765230K [0x00007f1f2c600000, 0x00007f1f634e0000, 0x00007f29d70a0000)
  eden space 720000K, 100% used [0x00007f1f2c600000, 0x00007f1f58520000, 0x00007f1f58520000)
  from space 89984K,  50% used [0x00007f1f5dd00000, 0x00007f1f6092b990, 0x00007f1f634e0000)
  to   space 89984K,   0% used [0x00007f1f58520000, 0x00007f1f58520000, 0x00007f1f5dd00000)
 tenured generation   total 1799884K, used 1741593K [0x00007f29d70a0000, 0x00007f2a44e53000, 0x00007f3f2c600000)
   the space 1799884K,  96% used [0x00007f29d70a0000, 0x00007f2a41566470, 0x00007f2a41566600, 0x00007f2a44e53000)
 Metaspace       used 24250K, capacity 24691K, committed 24832K, reserved 26624K
}
Event: 508.065 GC heap after
{Heap after GC invocations=712 (full 3):
 def new generation   total 809984K, used 48828K [0x00007f1f2c600000, 0x00007f1f634e0000, 0x00007f29d70a0000)
  eden space 720000K,   0% used [0x00007f1f2c600000, 0x00007f1f2c600000, 0x00007f1f58520000)
  from space 89984K,  54% used [0x00007f1f58520000, 0x00007f1f5b4cf3c8, 0x00007f1f5dd00000)
  to   space 89984K,   0% used [0x00007f1f5dd00000, 0x00007f1f5dd00000, 0x00007f1f634e0000)
 tenured generation   total 1799884K, used 1742105K [0x00007f29d70a0000, 0x00007f2a44e53000, 0x00007f3f2c600000)
   the space 1799884K,  96% used [0x00007f29d70a0000, 0x00007f2a415e65d0, 0x00007f2a415e6600, 0x00007f2a44e53000)
 Metaspace       used 24250K, capacity 24691K, committed 24832K, reserved 26624K
}
Event: 508.815 GC heap before
{Heap before GC invocations=712 (full 3):
 def new generation   total 809984K, used 768828K [0x00007f1f2c600000, 0x00007f1f634e0000, 0x00007f29d70a0000)
  eden space 720000K, 100% used [0x00007f1f2c600000, 0x00007f1f58520000, 0x00007f1f58520000)
  from space 89984K,  54% used [0x00007f1f58520000, 0x00007f1f5b4cf3c8, 0x00007f1f5dd00000)
  to   space 89984K,   0% used [0x00007f1f5dd00000, 0x00007f1f5dd00000, 0x00007f1f634e0000)
 tenured generation   total 1799884K, used 1742105K [0x00007f29d70a0000, 0x00007f2a44e53000, 0x00007f3f2c600000)
   the space 1799884K,  96% used [0x00007f29d70a0000, 0x00007f2a415e65d0, 0x00007f2a415e6600, 0x00007f2a44e53000)
 Metaspace       used 24250K, capacity 24691K, committed 24832K, reserved 26624K
}
Event: 508.880 GC heap after
{Heap after GC invocations=713 (full 3):
 def new generation   total 809984K, used 14399K [0x00007f1f2c600000, 0x00007f1f634e0000, 0x00007f29d70a0000)
  eden space 720000K,   0% used [0x00007f1f2c600000, 0x00007f1f2c600000, 0x00007f1f58520000)
  from space 89984K,  16% used [0x00007f1f5dd00000, 0x00007f1f5eb0fe18, 0x00007f1f634e0000)
  to   space 89984K,   0% used [0x00007f1f58520000, 0x00007f1f58520000, 0x00007f1f5dd00000)
 tenured generation   total 1799884K, used 1778583K [0x00007f29d70a0000, 0x00007f2a44e53000, 0x00007f3f2c600000)
   the space 1799884K,  98% used [0x00007f29d70a0000, 0x00007f2a43985fe0, 0x00007f2a43986000, 0x00007f2a44e53000)
 Metaspace       used 24250K, capacity 24691K, committed 24832K, reserved 26624K
}
Event: 509.530 GC heap before
{Heap before GC invocations=713 (full 3):
 def new generation   total 809984K, used 734399K [0x00007f1f2c600000, 0x00007f1f634e0000, 0x00007f29d70a0000)
  eden space 720000K, 100% used [0x00007f1f2c600000, 0x00007f1f58520000, 0x00007f1f58520000)
  from space 89984K,  16% used [0x00007f1f5dd00000, 0x00007f1f5eb0fe18, 0x00007f1f634e0000)
  to   space 89984K,   0% used [0x00007f1f58520000, 0x00007f1f58520000, 0x00007f1f5dd00000)
 tenured generation   total 1799884K, used 1778583K [0x00007f29d70a0000, 0x00007f2a44e53000, 0x00007f3f2c600000)
   the space 1799884K,  98% used [0x00007f29d70a0000, 0x00007f2a43985fe0, 0x00007f2a43986000, 0x00007f2a44e53000)
 Metaspace       used 24250K, capacity 24691K, committed 24832K, reserved 26624K
}
Event: 509.545 GC heap after
{Heap after GC invocations=714 (full 3):
 def new generation   total 809984K, used 14394K [0x00007f1f2c600000, 0x00007f1f634e0000, 0x00007f29d70a0000)
  eden space 720000K,   0% used [0x00007f1f2c600000, 0x00007f1f2c600000, 0x00007f1f58520000)
  from space 89984K,  15% used [0x00007f1f58520000, 0x00007f1f5932eb48, 0x00007f1f5dd00000)
  to   space 89984K,   0% used [0x00007f1f5dd00000, 0x00007f1f5dd00000, 0x00007f1f634e0000)
 tenured generation   total 1799884K, used 1778583K [0x00007f29d70a0000, 0x00007f2a44e53000, 0x00007f3f2c600000)
   the space 1799884K,  98% used [0x00007f29d70a0000, 0x00007f2a43985fe0, 0x00007f2a43986000, 0x00007f2a44e53000)
 Metaspace       used 24250K, capacity 24691K, committed 24832K, reserved 26624K
}
Event: 510.314 GC heap before
{Heap before GC invocations=714 (full 3):
 def new generation   total 809984K, used 727972K [0x00007f1f2c600000, 0x00007f1f634e0000, 0x00007f29d70a0000)
  eden space 720000K,  99% used [0x00007f1f2c600000, 0x00007f1f57eda4c8, 0x00007f1f58520000)
  from space 89984K,  15% used [0x00007f1f58520000, 0x00007f1f5932eb48, 0x00007f1f5dd00000)
  to   space 89984K,   0% used [0x00007f1f5dd00000, 0x00007f1f5dd00000, 0x00007f1f634e0000)
 tenured generation   total 1799884K, used 1778583K [0x00007f29d70a0000, 0x00007f2a44e53000, 0x00007f3f2c600000)
   the space 1799884K,  98% used [0x00007f29d70a0000, 0x00007f2a43985fe0, 0x00007f2a43986000, 0x00007f2a44e53000)
 Metaspace       used 24250K, capacity 24691K, committed 24832K, reserved 26624K
}
Event: 510.355 GC heap after
{Heap after GC invocations=715 (full 3):
 def new generation   total 809984K, used 54952K [0x00007f1f2c600000, 0x00007f1f634e0000, 0x00007f29d70a0000)
  eden space 720000K,   0% used [0x00007f1f2c600000, 0x00007f1f2c600000, 0x00007f1f58520000)
  from space 89984K,  61% used [0x00007f1f5dd00000, 0x00007f1f612aa3c0, 0x00007f1f634e0000)
  to   space 89984K,   0% used [0x00007f1f58520000, 0x00007f1f58520000, 0x00007f1f5dd00000)
 tenured generation   total 1799884K, used 1778583K [0x00007f29d70a0000, 0x00007f2a44e53000, 0x00007f3f2c600000)
   the space 1799884K,  98% used [0x00007f29d70a0000, 0x00007f2a43985fe0, 0x00007f2a43986000, 0x00007f2a44e53000)
 Metaspace       used 24250K, capacity 24691K, committed 24832K, reserved 26624K
}
Event: 511.226 GC heap before
{Heap before GC invocations=715 (full 3):
 def new generation   total 809984K, used 774697K [0x00007f1f2c600000, 0x00007f1f634e0000, 0x00007f29d70a0000)
  eden space 720000K,  99% used [0x00007f1f2c600000, 0x00007f1f584e0188, 0x00007f1f58520000)
  from space 89984K,  61% used [0x00007f1f5dd00000, 0x00007f1f612aa3c0, 0x00007f1f634e0000)
  to   space 89984K,   0% used [0x00007f1f58520000, 0x00007f1f58520000, 0x00007f1f5dd00000)
 tenured generation   total 1799884K, used 1778583K [0x00007f29d70a0000, 0x00007f2a44e53000, 0x00007f3f2c600000)
   the space 1799884K,  98% used [0x00007f29d70a0000, 0x00007f2a43985fe0, 0x00007f2a43986000, 0x00007f2a44e53000)
 Metaspace       used 24250K, capacity 24691K, committed 24832K, reserved 26624K
}
Event: 511.278 GC heap after
{Heap after GC invocations=716 (full 3):
 def new generation   total 809984K, used 5771K [0x00007f1f2c600000, 0x00007f1f634e0000, 0x00007f29d70a0000)
  eden space 720000K,   0% used [0x00007f1f2c600000, 0x00007f1f2c600000, 0x00007f1f58520000)
  from space 89984K,   6% used [0x00007f1f58520000, 0x00007f1f58ac2e38, 0x00007f1f5dd00000)
  to   space 89984K,   0% used [0x00007f1f5dd00000, 0x00007f1f5dd00000, 0x00007f1f634e0000)
 tenured generation   total 1816272K, used 1816080K [0x00007f29d70a0000, 0x00007f2a45e54000, 0x00007f3f2c600000)
   the space 1816272K,  99% used [0x00007f29d70a0000, 0x00007f2a45e240e8, 0x00007f2a45e24200, 0x00007f2a45e54000)
 Metaspace       used 24250K, capacity 24691K, committed 24832K, reserved 26624K
}
Event: 511.278 GC heap before
{Heap before GC invocations=716 (full 3):
 def new generation   total 809984K, used 5771K [0x00007f1f2c600000, 0x00007f1f634e0000, 0x00007f29d70a0000)
  eden space 720000K,   0% used [0x00007f1f2c600000, 0x00007f1f2c600000, 0x00007f1f58520000)
  from space 89984K,   6% used [0x00007f1f58520000, 0x00007f1f58ac2e38, 0x00007f1f5dd00000)
  to   space 89984K,   0% used [0x00007f1f5dd00000, 0x00007f1f5dd00000, 0x00007f1f634e0000)
 tenured generation   total 1816272K, used 1816080K [0x00007f29d70a0000, 0x00007f2a45e54000, 0x00007f3f2c600000)
   the space 1816272K,  99% used [0x00007f29d70a0000, 0x00007f2a45e240e8, 0x00007f2a45e24200, 0x00007f2a45e54000)
 Metaspace       used 24250K, capacity 24691K, committed 24832K, reserved 26624K
}

