# JRE version: OpenJDK Runtime Environment (13.0.7+5) (build 13.0.7+5-Ubuntu-0ubuntu120.04)
# Java VM: OpenJDK 64-Bit Server VM (13.0.7+5-Ubuntu-0ubuntu120.04, mixed mode, tiered, serial gc, linux-amd64)
Heap:
 def new generation   total 4527168K, used 0K [0x00007f7370600000, 0x00007f74a3640000, 0x00007f7e1b0a0000)
  eden space 4024192K,   0% used [0x00007f7370600000, 0x00007f7370600000, 0x00007f7465fe0000)
  from space 502976K,   0% used [0x00007f7484b10000, 0x00007f7484b10000, 0x00007f74a3640000)
  to   space 502976K,   0% used [0x00007f7465fe0000, 0x00007f7465fe0000, 0x00007f7484b10000)
 tenured generation   total 10076660K, used 10063720K [0x00007f7e1b0a0000, 0x00007f808211d000, 0x00007f9370600000)
   the space 10076660K,  99% used [0x00007f7e1b0a0000, 0x00007f808147a050, 0x00007f808147a200, 0x00007f808211d000)
 Metaspace       used 24299K, capacity 24704K, committed 24832K, reserved 26624K
GC Heap History (20 events):
Event: 2987.517 GC heap after
{Heap after GC invocations=1786 (full 7):
 def new generation   total 4527168K, used 220464K [0x00007f7370600000, 0x00007f74a3640000, 0x00007f7e1b0a0000)
  eden space 4024192K,   0% used [0x00007f7370600000, 0x00007f7370600000, 0x00007f7465fe0000)
  from space 502976K,  43% used [0x00007f7465fe0000, 0x00007f747372c398, 0x00007f7484b10000)
  to   space 502976K,   0% used [0x00007f7484b10000, 0x00007f7484b10000, 0x00007f74a3640000)
 tenured generation   total 10060272K, used 9953679K [0x00007f7e1b0a0000, 0x00007f808111c000, 0x00007f9370600000)
   the space 10060272K,  98% used [0x00007f7e1b0a0000, 0x00007f807a903f50, 0x00007f807a904000, 0x00007f808111c000)
 Metaspace       used 24299K, capacity 24704K, committed 24832K, reserved 26624K
}
Event: 2991.926 GC heap before
{Heap before GC invocations=1786 (full 7):
 def new generation   total 4527168K, used 4244656K [0x00007f7370600000, 0x00007f74a3640000, 0x00007f7e1b0a0000)
  eden space 4024192K, 100% used [0x00007f7370600000, 0x00007f7465fe0000, 0x00007f7465fe0000)
  from space 502976K,  43% used [0x00007f7465fe0000, 0x00007f747372c398, 0x00007f7484b10000)
  to   space 502976K,   0% used [0x00007f7484b10000, 0x00007f7484b10000, 0x00007f74a3640000)
 tenured generation   total 10060272K, used 9953679K [0x00007f7e1b0a0000, 0x00007f808111c000, 0x00007f9370600000)
   the space 10060272K,  98% used [0x00007f7e1b0a0000, 0x00007f807a903f50, 0x00007f807a904000, 0x00007f808111c000)
 Metaspace       used 24299K, capacity 24704K, committed 24832K, reserved 26624K
}
Event: 2992.114 GC heap after
{Heap after GC invocations=1787 (full 7):
 def new generation   total 4527168K, used 235376K [0x00007f7370600000, 0x00007f74a3640000, 0x00007f7e1b0a0000)
  eden space 4024192K,   0% used [0x00007f7370600000, 0x00007f7370600000, 0x00007f7465fe0000)
  from space 502976K,  46% used [0x00007f7484b10000, 0x00007f74930ec0f8, 0x00007f74a3640000)
  to   space 502976K,   0% used [0x00007f7465fe0000, 0x00007f7465fe0000, 0x00007f7484b10000)
 tenured generation   total 10060272K, used 9953679K [0x00007f7e1b0a0000, 0x00007f808111c000, 0x00007f9370600000)
   the space 10060272K,  98% used [0x00007f7e1b0a0000, 0x00007f807a903f50, 0x00007f807a904000, 0x00007f808111c000)
 Metaspace       used 24299K, capacity 24704K, committed 24832K, reserved 26624K
}
Event: 2996.553 GC heap before
{Heap before GC invocations=1787 (full 7):
 def new generation   total 4527168K, used 4259568K [0x00007f7370600000, 0x00007f74a3640000, 0x00007f7e1b0a0000)
  eden space 4024192K, 100% used [0x00007f7370600000, 0x00007f7465fe0000, 0x00007f7465fe0000)
  from space 502976K,  46% used [0x00007f7484b10000, 0x00007f74930ec0f8, 0x00007f74a3640000)
  to   space 502976K,   0% used [0x00007f7465fe0000, 0x00007f7465fe0000, 0x00007f7484b10000)
 tenured generation   total 10060272K, used 9953679K [0x00007f7e1b0a0000, 0x00007f808111c000, 0x00007f9370600000)
   the space 10060272K,  98% used [0x00007f7e1b0a0000, 0x00007f807a903f50, 0x00007f807a904000, 0x00007f808111c000)
 Metaspace       used 24299K, capacity 24704K, committed 24832K, reserved 26624K
}
Event: 2996.741 GC heap after
{Heap after GC invocations=1788 (full 7):
 def new generation   total 4527168K, used 233316K [0x00007f7370600000, 0x00007f74a3640000, 0x00007f7e1b0a0000)
  eden space 4024192K,   0% used [0x00007f7370600000, 0x00007f7370600000, 0x00007f7465fe0000)
  from space 502976K,  46% used [0x00007f7465fe0000, 0x00007f74743b9260, 0x00007f7484b10000)
  to   space 502976K,   0% used [0x00007f7484b10000, 0x00007f7484b10000, 0x00007f74a3640000)
 tenured generation   total 10060272K, used 9970638K [0x00007f7e1b0a0000, 0x00007f808111c000, 0x00007f9370600000)
   the space 10060272K,  99% used [0x00007f7e1b0a0000, 0x00007f807b993b58, 0x00007f807b993c00, 0x00007f808111c000)
 Metaspace       used 24299K, capacity 24704K, committed 24832K, reserved 26624K
}
Event: 3001.233 GC heap before
{Heap before GC invocations=1788 (full 7):
 def new generation   total 4527168K, used 4257508K [0x00007f7370600000, 0x00007f74a3640000, 0x00007f7e1b0a0000)
  eden space 4024192K, 100% used [0x00007f7370600000, 0x00007f7465fe0000, 0x00007f7465fe0000)
  from space 502976K,  46% used [0x00007f7465fe0000, 0x00007f74743b9260, 0x00007f7484b10000)
  to   space 502976K,   0% used [0x00007f7484b10000, 0x00007f7484b10000, 0x00007f74a3640000)
 tenured generation   total 10060272K, used 9970638K [0x00007f7e1b0a0000, 0x00007f808111c000, 0x00007f9370600000)
   the space 10060272K,  99% used [0x00007f7e1b0a0000, 0x00007f807b993b58, 0x00007f807b993c00, 0x00007f808111c000)
 Metaspace       used 24299K, capacity 24704K, committed 24832K, reserved 26624K
}
Event: 3001.417 GC heap after
{Heap after GC invocations=1789 (full 7):
 def new generation   total 4527168K, used 238479K [0x00007f7370600000, 0x00007f74a3640000, 0x00007f7e1b0a0000)
  eden space 4024192K,   0% used [0x00007f7370600000, 0x00007f7370600000, 0x00007f7465fe0000)
  from space 502976K,  47% used [0x00007f7484b10000, 0x00007f74933f3c90, 0x00007f74a3640000)
  to   space 502976K,   0% used [0x00007f7465fe0000, 0x00007f7465fe0000, 0x00007f7484b10000)
 tenured generation   total 10060272K, used 9987597K [0x00007f7e1b0a0000, 0x00007f808111c000, 0x00007f9370600000)
   the space 10060272K,  99% used [0x00007f7e1b0a0000, 0x00007f807ca23760, 0x00007f807ca23800, 0x00007f808111c000)
 Metaspace       used 24299K, capacity 24704K, committed 24832K, reserved 26624K
}
Event: 3005.771 GC heap before
{Heap before GC invocations=1789 (full 7):
 def new generation   total 4527168K, used 4247669K [0x00007f7370600000, 0x00007f74a3640000, 0x00007f7e1b0a0000)
  eden space 4024192K,  99% used [0x00007f7370600000, 0x00007f7465139960, 0x00007f7465fe0000)
  from space 502976K,  47% used [0x00007f7484b10000, 0x00007f74933f3c90, 0x00007f74a3640000)
  to   space 502976K,   0% used [0x00007f7465fe0000, 0x00007f7465fe0000, 0x00007f7484b10000)
 tenured generation   total 10060272K, used 9987597K [0x00007f7e1b0a0000, 0x00007f808111c000, 0x00007f9370600000)
   the space 10060272K,  99% used [0x00007f7e1b0a0000, 0x00007f807ca23760, 0x00007f807ca23800, 0x00007f808111c000)
 Metaspace       used 24299K, capacity 24704K, committed 24832K, reserved 26624K
}
Event: 3005.947 GC heap after
{Heap after GC invocations=1790 (full 7):
 def new generation   total 4527168K, used 226130K [0x00007f7370600000, 0x00007f74a3640000, 0x00007f7e1b0a0000)
  eden space 4024192K,   0% used [0x00007f7370600000, 0x00007f7370600000, 0x00007f7465fe0000)
  from space 502976K,  44% used [0x00007f7465fe0000, 0x00007f7473cb4998, 0x00007f7484b10000)
  to   space 502976K,   0% used [0x00007f7484b10000, 0x00007f7484b10000, 0x00007f74a3640000)
 tenured generation   total 10060272K, used 10004556K [0x00007f7e1b0a0000, 0x00007f808111c000, 0x00007f9370600000)
   the space 10060272K,  99% used [0x00007f7e1b0a0000, 0x00007f807dab3368, 0x00007f807dab3400, 0x00007f808111c000)
 Metaspace       used 24299K, capacity 24704K, committed 24832K, reserved 26624K
}
Event: 3010.633 GC heap before
{Heap before GC invocations=1790 (full 7):
 def new generation   total 4527168K, used 4250322K [0x00007f7370600000, 0x00007f74a3640000, 0x00007f7e1b0a0000)
  eden space 4024192K, 100% used [0x00007f7370600000, 0x00007f7465fe0000, 0x00007f7465fe0000)
  from space 502976K,  44% used [0x00007f7465fe0000, 0x00007f7473cb4998, 0x00007f7484b10000)
  to   space 502976K,   0% used [0x00007f7484b10000, 0x00007f7484b10000, 0x00007f74a3640000)
 tenured generation   total 10060272K, used 10004556K [0x00007f7e1b0a0000, 0x00007f808111c000, 0x00007f9370600000)
   the space 10060272K,  99% used [0x00007f7e1b0a0000, 0x00007f807dab3368, 0x00007f807dab3400, 0x00007f808111c000)
 Metaspace       used 24299K, capacity 24704K, committed 24832K, reserved 26624K
}
Event: 3010.844 GC heap after
{Heap after GC invocations=1791 (full 7):
 def new generation   total 4527168K, used 257443K [0x00007f7370600000, 0x00007f74a3640000, 0x00007f7e1b0a0000)
  eden space 4024192K,   0% used [0x00007f7370600000, 0x00007f7370600000, 0x00007f7465fe0000)
  from space 502976K,  51% used [0x00007f7484b10000, 0x00007f7494678cb8, 0x00007f74a3640000)
  to   space 502976K,   0% used [0x00007f7465fe0000, 0x00007f7465fe0000, 0x00007f7484b10000)
 tenured generation   total 10060272K, used 10004556K [0x00007f7e1b0a0000, 0x00007f808111c000, 0x00007f9370600000)
   the space 10060272K,  99% used [0x00007f7e1b0a0000, 0x00007f807dab3368, 0x00007f807dab3400, 0x00007f808111c000)
 Metaspace       used 24299K, capacity 24704K, committed 24832K, reserved 26624K
}
Event: 3015.197 GC heap before
{Heap before GC invocations=1791 (full 7):
 def new generation   total 4527168K, used 4274026K [0x00007f7370600000, 0x00007f74a3640000, 0x00007f7e1b0a0000)
  eden space 4024192K,  99% used [0x00007f7370600000, 0x00007f7465871e68, 0x00007f7465fe0000)
  from space 502976K,  51% used [0x00007f7484b10000, 0x00007f7494678cb8, 0x00007f74a3640000)
  to   space 502976K,   0% used [0x00007f7465fe0000, 0x00007f7465fe0000, 0x00007f7484b10000)
 tenured generation   total 10060272K, used 10004556K [0x00007f7e1b0a0000, 0x00007f808111c000, 0x00007f9370600000)
   the space 10060272K,  99% used [0x00007f7e1b0a0000, 0x00007f807dab3368, 0x00007f807dab3400, 0x00007f808111c000)
 Metaspace       used 24299K, capacity 24704K, committed 24832K, reserved 26624K
}
Event: 3015.408 GC heap after
{Heap after GC invocations=1792 (full 7):
 def new generation   total 4527168K, used 238452K [0x00007f7370600000, 0x00007f74a3640000, 0x00007f7e1b0a0000)
  eden space 4024192K,   0% used [0x00007f7370600000, 0x00007f7370600000, 0x00007f7465fe0000)
  from space 502976K,  47% used [0x00007f7465fe0000, 0x00007f74748bd2e8, 0x00007f7484b10000)
  to   space 502976K,   0% used [0x00007f7484b10000, 0x00007f7484b10000, 0x00007f74a3640000)
 tenured generation   total 10060272K, used 10021515K [0x00007f7e1b0a0000, 0x00007f808111c000, 0x00007f9370600000)
   the space 10060272K,  99% used [0x00007f7e1b0a0000, 0x00007f807eb42f70, 0x00007f807eb43000, 0x00007f808111c000)
 Metaspace       used 24299K, capacity 24704K, committed 24832K, reserved 26624K
}
Event: 3020.019 GC heap before
{Heap before GC invocations=1792 (full 7):
 def new generation   total 4527168K, used 4262644K [0x00007f7370600000, 0x00007f74a3640000, 0x00007f7e1b0a0000)
  eden space 4024192K, 100% used [0x00007f7370600000, 0x00007f7465fe0000, 0x00007f7465fe0000)
  from space 502976K,  47% used [0x00007f7465fe0000, 0x00007f74748bd2e8, 0x00007f7484b10000)
  to   space 502976K,   0% used [0x00007f7484b10000, 0x00007f7484b10000, 0x00007f74a3640000)
 tenured generation   total 10060272K, used 10021515K [0x00007f7e1b0a0000, 0x00007f808111c000, 0x00007f9370600000)
   the space 10060272K,  99% used [0x00007f7e1b0a0000, 0x00007f807eb42f70, 0x00007f807eb43000, 0x00007f808111c000)
 Metaspace       used 24299K, capacity 24704K, committed 24832K, reserved 26624K
}
Event: 3020.223 GC heap after
{Heap after GC invocations=1793 (full 7):
 def new generation   total 4527168K, used 237404K [0x00007f7370600000, 0x00007f74a3640000, 0x00007f7e1b0a0000)
  eden space 4024192K,   0% used [0x00007f7370600000, 0x00007f7370600000, 0x00007f7465fe0000)
  from space 502976K,  47% used [0x00007f7484b10000, 0x00007f74932e7388, 0x00007f74a3640000)
  to   space 502976K,   0% used [0x00007f7465fe0000, 0x00007f7465fe0000, 0x00007f7484b10000)
 tenured generation   total 10060272K, used 10038474K [0x00007f7e1b0a0000, 0x00007f808111c000, 0x00007f9370600000)
   the space 10060272K,  99% used [0x00007f7e1b0a0000, 0x00007f807fbd2b78, 0x00007f807fbd2c00, 0x00007f808111c000)
 Metaspace       used 24299K, capacity 24704K, committed 24832K, reserved 26624K
}
Event: 3024.821 GC heap before
{Heap before GC invocations=1793 (full 7):
 def new generation   total 4527168K, used 4261596K [0x00007f7370600000, 0x00007f74a3640000, 0x00007f7e1b0a0000)
  eden space 4024192K, 100% used [0x00007f7370600000, 0x00007f7465fe0000, 0x00007f7465fe0000)
  from space 502976K,  47% used [0x00007f7484b10000, 0x00007f74932e7388, 0x00007f74a3640000)
  to   space 502976K,   0% used [0x00007f7465fe0000, 0x00007f7465fe0000, 0x00007f7484b10000)
 tenured generation   total 10060272K, used 10038474K [0x00007f7e1b0a0000, 0x00007f808111c000, 0x00007f9370600000)
   the space 10060272K,  99% used [0x00007f7e1b0a0000, 0x00007f807fbd2b78, 0x00007f807fbd2c00, 0x00007f808111c000)
 Metaspace       used 24299K, capacity 24704K, committed 24832K, reserved 26624K
}
Event: 3025.027 GC heap after
{Heap after GC invocations=1794 (full 7):
 def new generation   total 4527168K, used 237916K [0x00007f7370600000, 0x00007f74a3640000, 0x00007f7e1b0a0000)
  eden space 4024192K,   0% used [0x00007f7370600000, 0x00007f7370600000, 0x00007f7465fe0000)
  from space 502976K,  47% used [0x00007f7465fe0000, 0x00007f7474837338, 0x00007f7484b10000)
  to   space 502976K,   0% used [0x00007f7484b10000, 0x00007f7484b10000, 0x00007f74a3640000)
 tenured generation   total 10060272K, used 10055433K [0x00007f7e1b0a0000, 0x00007f808111c000, 0x00007f9370600000)
   the space 10060272K,  99% used [0x00007f7e1b0a0000, 0x00007f8080c62780, 0x00007f8080c62800, 0x00007f808111c000)
 Metaspace       used 24299K, capacity 24704K, committed 24832K, reserved 26624K
}
Event: 3029.428 GC heap before
{Heap before GC invocations=1794 (full 7):
 def new generation   total 4527168K, used 4262108K [0x00007f7370600000, 0x00007f74a3640000, 0x00007f7e1b0a0000)
  eden space 4024192K, 100% used [0x00007f7370600000, 0x00007f7465fe0000, 0x00007f7465fe0000)
  from space 502976K,  47% used [0x00007f7465fe0000, 0x00007f7474837338, 0x00007f7484b10000)
  to   space 502976K,   0% used [0x00007f7484b10000, 0x00007f7484b10000, 0x00007f74a3640000)
 tenured generation   total 10060272K, used 10055433K [0x00007f7e1b0a0000, 0x00007f808111c000, 0x00007f9370600000)
   the space 10060272K,  99% used [0x00007f7e1b0a0000, 0x00007f8080c62780, 0x00007f8080c62800, 0x00007f808111c000)
 Metaspace       used 24299K, capacity 24704K, committed 24832K, reserved 26624K
}
Event: 3029.593 GC heap after
{Heap after GC invocations=1795 (full 7):
 def new generation   total 4527168K, used 235887K [0x00007f7370600000, 0x00007f74a3640000, 0x00007f7e1b0a0000)
  eden space 4024192K,   0% used [0x00007f7370600000, 0x00007f7370600000, 0x00007f7465fe0000)
  from space 502976K,  46% used [0x00007f7484b10000, 0x00007f749316be98, 0x00007f74a3640000)
  to   space 502976K,   0% used [0x00007f7465fe0000, 0x00007f7465fe0000, 0x00007f7484b10000)
 tenured generation   total 10076660K, used 10072393K [0x00007f7e1b0a0000, 0x00007f808211d000, 0x00007f9370600000)
   the space 10076660K,  99% used [0x00007f7e1b0a0000, 0x00007f8081cf2708, 0x00007f8081cf2800, 0x00007f808211d000)
 Metaspace       used 24299K, capacity 24704K, committed 24832K, reserved 26624K
}
Event: 3029.593 GC heap before
{Heap before GC invocations=1795 (full 7):
 def new generation   total 4527168K, used 235887K [0x00007f7370600000, 0x00007f74a3640000, 0x00007f7e1b0a0000)
  eden space 4024192K,   0% used [0x00007f7370600000, 0x00007f7370600000, 0x00007f7465fe0000)
  from space 502976K,  46% used [0x00007f7484b10000, 0x00007f749316be98, 0x00007f74a3640000)
  to   space 502976K,   0% used [0x00007f7465fe0000, 0x00007f7465fe0000, 0x00007f7484b10000)
 tenured generation   total 10076660K, used 10072393K [0x00007f7e1b0a0000, 0x00007f808211d000, 0x00007f9370600000)
   the space 10076660K,  99% used [0x00007f7e1b0a0000, 0x00007f8081cf2708, 0x00007f8081cf2800, 0x00007f808211d000)
 Metaspace       used 24299K, capacity 24704K, committed 24832K, reserved 26624K
}

