# JRE version: OpenJDK Runtime Environment (13.0.7+5) (build 13.0.7+5-Ubuntu-0ubuntu120.04)
# Java VM: OpenJDK 64-Bit Server VM (13.0.7+5-Ubuntu-0ubuntu120.04, mixed mode, tiered, serial gc, linux-amd64)
Heap:
 def new generation   total 3152832K, used 2815781K [0x00007f9010600000, 0x00007f90e6300000, 0x00007f9565b50000)
  eden space 2802560K,  95% used [0x00007f9010600000, 0x00007f90b3ba7708, 0x00007f90bb6e0000)
  from space 350272K,  39% used [0x00007f90bb6e0000, 0x00007f90c3f01d60, 0x00007f90d0cf0000)
  to   space 350272K,   0% used [0x00007f90d0cf0000, 0x00007f90d0cf13f8, 0x00007f90e6300000)
 tenured generation   total 7006196K, used 5514437K [0x00007f9565b50000, 0x00007f971154d000, 0x00007fa010600000)
   the space 7006196K,  78% used [0x00007f9565b50000, 0x00007f96b6481540, 0x00007f96b6481600, 0x00007f971154d000)
 Metaspace       used 23187K, capacity 23588K, committed 23808K, reserved 24576K
GC Heap History (20 events):
Event: 16.749 GC heap after
{Heap after GC invocations=9 (full 1):
 def new generation   total 629248K, used 0K [0x00007f9010600000, 0x00007f903b0c0000, 0x00007f9565b50000)
  eden space 559360K,   0% used [0x00007f9010600000, 0x00007f9010600000, 0x00007f9032840000)
  from space 69888K,   0% used [0x00007f9032840000, 0x00007f90328400b8, 0x00007f9036c80000)
  to   space 69888K,   0% used [0x00007f9036c80000, 0x00007f9036c80000, 0x00007f903b0c0000)
 tenured generation   total 1922436K, used 1718888K [0x00007f9565b50000, 0x00007f95db0b1000, 0x00007fa010600000)
   the space 1922436K,  89% used [0x00007f9565b50000, 0x00007f95ce9ea158, 0x00007f95ce9ea200, 0x00007f95db0b1000)
 Metaspace       used 23085K, capacity 23485K, committed 23552K, reserved 24576K
}
Event: 16.749 GC heap before
{Heap before GC invocations=9 (full 1):
 def new generation   total 629248K, used 0K [0x00007f9010600000, 0x00007f903b0c0000, 0x00007f9565b50000)
  eden space 559360K,   0% used [0x00007f9010600000, 0x00007f9010600000, 0x00007f9032840000)
  from space 69888K,   0% used [0x00007f9032840000, 0x00007f90328400b8, 0x00007f9036c80000)
  to   space 69888K,   0% used [0x00007f9036c80000, 0x00007f9036c80000, 0x00007f903b0c0000)
 tenured generation   total 1922436K, used 1718888K [0x00007f9565b50000, 0x00007f95db0b1000, 0x00007fa010600000)
   the space 1922436K,  89% used [0x00007f9565b50000, 0x00007f95ce9ea158, 0x00007f95ce9ea200, 0x00007f95db0b1000)
 Metaspace       used 23085K, capacity 23485K, committed 23552K, reserved 24576K
}
Event: 16.960 GC heap after
{Heap after GC invocations=9 (full 2):
 def new generation   total 629248K, used 0K [0x00007f9010600000, 0x00007f903b0c0000, 0x00007f9565b50000)
  eden space 559360K,   0% used [0x00007f9010600000, 0x00007f9010600000, 0x00007f9032840000)
  from space 69888K,   0% used [0x00007f9032840000, 0x00007f9032840000, 0x00007f9036c80000)
  to   space 69888K,   0% used [0x00007f9036c80000, 0x00007f9036c80000, 0x00007f903b0c0000)
 tenured generation   total 1398144K, used 539046K [0x00007f9565b50000, 0x00007f95bb0b0000, 0x00007fa010600000)
   the space 1398144K,  38% used [0x00007f9565b50000, 0x00007f95869b98b8, 0x00007f95869b9a00, 0x00007f95bb0b0000)
 Metaspace       used 23085K, capacity 23485K, committed 23552K, reserved 24576K
}
Event: 17.434 GC heap before
{Heap before GC invocations=9 (full 2):
 def new generation   total 629248K, used 535262K [0x00007f9010600000, 0x00007f903b0c0000, 0x00007f9565b50000)
  eden space 559360K,  95% used [0x00007f9010600000, 0x00007f90310b7b08, 0x00007f9032840000)
  from space 69888K,   0% used [0x00007f9032840000, 0x00007f9032840000, 0x00007f9036c80000)
  to   space 69888K,   0% used [0x00007f9036c80000, 0x00007f9036c80000, 0x00007f903b0c0000)
 tenured generation   total 1398144K, used 539046K [0x00007f9565b50000, 0x00007f95bb0b0000, 0x00007fa010600000)
   the space 1398144K,  38% used [0x00007f9565b50000, 0x00007f95869b98b8, 0x00007f95869b9a00, 0x00007f95bb0b0000)
 Metaspace       used 23085K, capacity 23485K, committed 23552K, reserved 24576K
}
Event: 17.729 GC heap after
{Heap after GC invocations=10 (full 2):
 def new generation   total 629248K, used 0K [0x00007f9010600000, 0x00007f903b0c0000, 0x00007f9565b50000)
  eden space 559360K,   0% used [0x00007f9010600000, 0x00007f9010600000, 0x00007f9032840000)
  from space 69888K,   0% used [0x00007f9036c80000, 0x00007f9036c80290, 0x00007f903b0c0000)
  to   space 69888K,   0% used [0x00007f9032840000, 0x00007f9032840000, 0x00007f9036c80000)
 tenured generation   total 1398144K, used 1063334K [0x00007f9565b50000, 0x00007f95bb0b0000, 0x00007fa010600000)
   the space 1398144K,  76% used [0x00007f9565b50000, 0x00007f95a69b98d0, 0x00007f95a69b9a00, 0x00007f95bb0b0000)
 Metaspace       used 23085K, capacity 23485K, committed 23552K, reserved 24576K
}
Event: 17.729 GC heap before
{Heap before GC invocations=10 (full 2):
 def new generation   total 629248K, used 0K [0x00007f9010600000, 0x00007f903b0c0000, 0x00007f9565b50000)
  eden space 559360K,   0% used [0x00007f9010600000, 0x00007f9010600000, 0x00007f9032840000)
  from space 69888K,   0% used [0x00007f9036c80000, 0x00007f9036c80290, 0x00007f903b0c0000)
  to   space 69888K,   0% used [0x00007f9032840000, 0x00007f9032840000, 0x00007f9036c80000)
 tenured generation   total 1398144K, used 1063334K [0x00007f9565b50000, 0x00007f95bb0b0000, 0x00007fa010600000)
   the space 1398144K,  76% used [0x00007f9565b50000, 0x00007f95a69b98d0, 0x00007f95a69b9a00, 0x00007f95bb0b0000)
 Metaspace       used 23085K, capacity 23485K, committed 23552K, reserved 24576K
}
Event: 17.782 GC heap after
{Heap after GC invocations=10 (full 3):
 def new generation   total 797568K, used 0K [0x00007f9010600000, 0x00007f9046760000, 0x00007f9565b50000)
  eden space 708992K,   0% used [0x00007f9010600000, 0x00007f9010600000, 0x00007f903ba60000)
  from space 88576K,   0% used [0x00007f903ba60000, 0x00007f903ba60000, 0x00007f90410e0000)
  to   space 88576K,   0% used [0x00007f90410e0000, 0x00007f90410e0000, 0x00007f9046760000)
 tenured generation   total 1772228K, used 1063334K [0x00007f9565b50000, 0x00007f95d1e01000, 0x00007fa010600000)
   the space 1772228K,  59% used [0x00007f9565b50000, 0x00007f95a69b9b60, 0x00007f95a69b9c00, 0x00007f95d1e01000)
 Metaspace       used 23085K, capacity 23485K, committed 23552K, reserved 24576K
}
Event: 20.965 GC heap before
{Heap before GC invocations=10 (full 3):
 def new generation   total 797568K, used 13903K [0x00007f9010600000, 0x00007f9046760000, 0x00007f9565b50000)
  eden space 708992K,   1% used [0x00007f9010600000, 0x00007f9011393c10, 0x00007f903ba60000)
  from space 88576K,   0% used [0x00007f903ba60000, 0x00007f903ba60000, 0x00007f90410e0000)
  to   space 88576K,   0% used [0x00007f90410e0000, 0x00007f90410e0000, 0x00007f9046760000)
 tenured generation   total 3869384K, used 3160486K [0x00007f9565b50000, 0x00007f9651e02000, 0x00007fa010600000)
   the space 3869384K,  81% used [0x00007f9565b50000, 0x00007f96269b9b78, 0x00007f96269b9c00, 0x00007f9651e02000)
 Metaspace       used 23085K, capacity 23485K, committed 23552K, reserved 24576K
}
Event: 20.969 GC heap after
{Heap after GC invocations=11 (full 3):
 def new generation   total 797568K, used 0K [0x00007f9010600000, 0x00007f9046760000, 0x00007f9565b50000)
  eden space 708992K,   0% used [0x00007f9010600000, 0x00007f9010600000, 0x00007f903ba60000)
  from space 88576K,   0% used [0x00007f90410e0000, 0x00007f90410e00b0, 0x00007f9046760000)
  to   space 88576K,   0% used [0x00007f903ba60000, 0x00007f903ba60000, 0x00007f90410e0000)
 tenured generation   total 3869384K, used 3160486K [0x00007f9565b50000, 0x00007f9651e02000, 0x00007fa010600000)
   the space 3869384K,  81% used [0x00007f9565b50000, 0x00007f96269b9b78, 0x00007f96269b9c00, 0x00007f9651e02000)
 Metaspace       used 23085K, capacity 23485K, committed 23552K, reserved 24576K
}
Event: 20.969 GC heap before
{Heap before GC invocations=11 (full 3):
 def new generation   total 797568K, used 0K [0x00007f9010600000, 0x00007f9046760000, 0x00007f9565b50000)
  eden space 708992K,   0% used [0x00007f9010600000, 0x00007f9010600000, 0x00007f903ba60000)
  from space 88576K,   0% used [0x00007f90410e0000, 0x00007f90410e00b0, 0x00007f9046760000)
  to   space 88576K,   0% used [0x00007f903ba60000, 0x00007f903ba60000, 0x00007f90410e0000)
 tenured generation   total 3869384K, used 3160486K [0x00007f9565b50000, 0x00007f9651e02000, 0x00007fa010600000)
   the space 3869384K,  81% used [0x00007f9565b50000, 0x00007f96269b9b78, 0x00007f96269b9c00, 0x00007f9651e02000)
 Metaspace       used 23085K, capacity 23485K, committed 23552K, reserved 24576K
}
Event: 24.432 GC heap after
{Heap after GC invocations=11 (full 4):
 def new generation   total 1741248K, used 0K [0x00007f9010600000, 0x00007f9086760000, 0x00007f9565b50000)
  eden space 1547776K,   0% used [0x00007f9010600000, 0x00007f9010600000, 0x00007f906ed80000)
  from space 193472K,   0% used [0x00007f906ed80000, 0x00007f906ed80000, 0x00007f907aa70000)
  to   space 193472K,   0% used [0x00007f907aa70000, 0x00007f907aa70000, 0x00007f9086760000)
 tenured generation   total 3869384K, used 2106564K [0x00007f9565b50000, 0x00007f9651e02000, 0x00007fa010600000)
   the space 3869384K,  54% used [0x00007f9565b50000, 0x00007f95e6481250, 0x00007f95e6481400, 0x00007f9651e02000)
 Metaspace       used 23085K, capacity 23485K, committed 23552K, reserved 24576K
}
Event: 27.124 GC heap before
{Heap before GC invocations=11 (full 4):
 def new generation   total 1741248K, used 30351K [0x00007f9010600000, 0x00007f9086760000, 0x00007f9565b50000)
  eden space 1547776K,   1% used [0x00007f9010600000, 0x00007f90123a3cc0, 0x00007f906ed80000)
  from space 193472K,   0% used [0x00007f906ed80000, 0x00007f906ed80000, 0x00007f907aa70000)
  to   space 193472K,   0% used [0x00007f907aa70000, 0x00007f907aa70000, 0x00007f9086760000)
 tenured generation   total 5966540K, used 4203716K [0x00007f9565b50000, 0x00007f96d1e03000, 0x00007fa010600000)
   the space 5966540K,  70% used [0x00007f9565b50000, 0x00007f9666481268, 0x00007f9666481400, 0x00007f96d1e03000)
 Metaspace       used 23085K, capacity 23485K, committed 23552K, reserved 24576K
}
Event: 27.148 GC heap after
{Heap after GC invocations=12 (full 4):
 def new generation   total 1741248K, used 0K [0x00007f9010600000, 0x00007f9086760000, 0x00007f9565b50000)
  eden space 1547776K,   0% used [0x00007f9010600000, 0x00007f9010600000, 0x00007f906ed80000)
  from space 193472K,   0% used [0x00007f907aa70000, 0x00007f907aa70290, 0x00007f9086760000)
  to   space 193472K,   0% used [0x00007f906ed80000, 0x00007f906ed80000, 0x00007f907aa70000)
 tenured generation   total 5966540K, used 4203716K [0x00007f9565b50000, 0x00007f96d1e03000, 0x00007fa010600000)
   the space 5966540K,  70% used [0x00007f9565b50000, 0x00007f9666481268, 0x00007f9666481400, 0x00007f96d1e03000)
 Metaspace       used 23085K, capacity 23485K, committed 23552K, reserved 24576K
}
Event: 27.148 GC heap before
{Heap before GC invocations=12 (full 4):
 def new generation   total 1741248K, used 0K [0x00007f9010600000, 0x00007f9086760000, 0x00007f9565b50000)
  eden space 1547776K,   0% used [0x00007f9010600000, 0x00007f9010600000, 0x00007f906ed80000)
  from space 193472K,   0% used [0x00007f907aa70000, 0x00007f907aa70290, 0x00007f9086760000)
  to   space 193472K,   0% used [0x00007f906ed80000, 0x00007f906ed80000, 0x00007f907aa70000)
 tenured generation   total 5966540K, used 4203716K [0x00007f9565b50000, 0x00007f96d1e03000, 0x00007fa010600000)
   the space 5966540K,  70% used [0x00007f9565b50000, 0x00007f9666481268, 0x00007f9666481400, 0x00007f96d1e03000)
 Metaspace       used 23085K, capacity 23485K, committed 23552K, reserved 24576K
}
Event: 27.202 GC heap after
{Heap after GC invocations=12 (full 5):
 def new generation   total 3152832K, used 0K [0x00007f9010600000, 0x00007f90e6300000, 0x00007f9565b50000)
  eden space 2802560K,   0% used [0x00007f9010600000, 0x00007f9010600000, 0x00007f90bb6e0000)
  from space 350272K,   0% used [0x00007f90bb6e0000, 0x00007f90bb6e0000, 0x00007f90d0cf0000)
  to   space 350272K,   0% used [0x00007f90d0cf0000, 0x00007f90d0cf0000, 0x00007f90e6300000)
 tenured generation   total 7006196K, used 4203717K [0x00007f9565b50000, 0x00007f971154d000, 0x00007fa010600000)
   the space 7006196K,  59% used [0x00007f9565b50000, 0x00007f96664814f8, 0x00007f9666481600, 0x00007f971154d000)
 Metaspace       used 23085K, capacity 23485K, committed 23552K, reserved 24576K
}
Event: 32.890 GC heap before
{Heap before GC invocations=12 (full 5):
 def new generation   total 3152832K, used 2676396K [0x00007f9010600000, 0x00007f90e6300000, 0x00007f9565b50000)
  eden space 2802560K,  95% used [0x00007f9010600000, 0x00007f90b3bab380, 0x00007f90bb6e0000)
  from space 350272K,   0% used [0x00007f90bb6e0000, 0x00007f90bb6e0000, 0x00007f90d0cf0000)
  to   space 350272K,   0% used [0x00007f90d0cf0000, 0x00007f90d0cf0000, 0x00007f90e6300000)
 tenured generation   total 7006196K, used 4203717K [0x00007f9565b50000, 0x00007f971154d000, 0x00007fa010600000)
   the space 7006196K,  59% used [0x00007f9565b50000, 0x00007f96664814f8, 0x00007f9666481600, 0x00007f971154d000)
 Metaspace       used 23085K, capacity 23485K, committed 23552K, reserved 24576K
}
Event: 33.317 GC heap after
{Heap after GC invocations=13 (full 5):
 def new generation   total 3152832K, used 0K [0x00007f9010600000, 0x00007f90e6300000, 0x00007f9565b50000)
  eden space 2802560K,   0% used [0x00007f9010600000, 0x00007f9010600000, 0x00007f90bb6e0000)
  from space 350272K,   0% used [0x00007f90d0cf0000, 0x00007f90d0cf0368, 0x00007f90e6300000)
  to   space 350272K,   0% used [0x00007f90bb6e0000, 0x00007f90bb6e0000, 0x00007f90d0cf0000)
 tenured generation   total 7006196K, used 4728005K [0x00007f9565b50000, 0x00007f971154d000, 0x00007fa010600000)
   the space 7006196K,  67% used [0x00007f9565b50000, 0x00007f9686481510, 0x00007f9686481600, 0x00007f971154d000)
 Metaspace       used 23085K, capacity 23485K, committed 23552K, reserved 24576K
}
Event: 37.690 GC heap before
{Heap before GC invocations=13 (full 5):
 def new generation   total 3152832K, used 2796851K [0x00007f9010600000, 0x00007f90e6300000, 0x00007f9565b50000)
  eden space 2802560K,  99% used [0x00007f9010600000, 0x00007f90bb14c9a8, 0x00007f90bb6e0000)
  from space 350272K,   0% used [0x00007f90d0cf0000, 0x00007f90d0cf0368, 0x00007f90e6300000)
  to   space 350272K,   0% used [0x00007f90bb6e0000, 0x00007f90bb6e0000, 0x00007f90d0cf0000)
 tenured generation   total 7006196K, used 4728005K [0x00007f9565b50000, 0x00007f971154d000, 0x00007fa010600000)
   the space 7006196K,  67% used [0x00007f9565b50000, 0x00007f9686481510, 0x00007f9686481600, 0x00007f971154d000)
 Metaspace       used 23187K, capacity 23588K, committed 23808K, reserved 24576K
}
Event: 39.041 GC heap after
{Heap after GC invocations=14 (full 5):
 def new generation   total 3152832K, used 139399K [0x00007f9010600000, 0x00007f90e6300000, 0x00007f9565b50000)
  eden space 2802560K,   0% used [0x00007f9010600000, 0x00007f9010600000, 0x00007f90bb6e0000)
  from space 350272K,  39% used [0x00007f90bb6e0000, 0x00007f90c3f01d60, 0x00007f90d0cf0000)
  to   space 350272K,   0% used [0x00007f90d0cf0000, 0x00007f90d0cf0000, 0x00007f90e6300000)
 tenured generation   total 7006196K, used 5514437K [0x00007f9565b50000, 0x00007f971154d000, 0x00007fa010600000)
   the space 7006196K,  78% used [0x00007f9565b50000, 0x00007f96b6481540, 0x00007f96b6481600, 0x00007f971154d000)
 Metaspace       used 23187K, capacity 23588K, committed 23808K, reserved 24576K
}
Event: 41.603 GC heap before
{Heap before GC invocations=14 (full 5):
 def new generation   total 3152832K, used 2815781K [0x00007f9010600000, 0x00007f90e6300000, 0x00007f9565b50000)
  eden space 2802560K,  95% used [0x00007f9010600000, 0x00007f90b3ba7708, 0x00007f90bb6e0000)
  from space 350272K,  39% used [0x00007f90bb6e0000, 0x00007f90c3f01d60, 0x00007f90d0cf0000)
  to   space 350272K,   0% used [0x00007f90d0cf0000, 0x00007f90d0cf0000, 0x00007f90e6300000)
 tenured generation   total 7006196K, used 5514437K [0x00007f9565b50000, 0x00007f971154d000, 0x00007fa010600000)
   the space 7006196K,  78% used [0x00007f9565b50000, 0x00007f96b6481540, 0x00007f96b6481600, 0x00007f971154d000)
 Metaspace       used 23187K, capacity 23588K, committed 23808K, reserved 24576K
}

