# JRE version: OpenJDK Runtime Environment (13.0.7+5) (build 13.0.7+5-Ubuntu-0ubuntu120.04)
# Java VM: OpenJDK 64-Bit Server VM (13.0.7+5-Ubuntu-0ubuntu120.04, mixed mode, tiered, serial gc, linux-amd64)
Heap:
 def new generation   total 3955648K, used 0K [0x00007fd530400000, 0x00007fd63c820000, 0x00007fdfdaea0000)
  eden space 3516160K,   0% used [0x00007fd530400000, 0x00007fd530400000, 0x00007fd606dc0000)
  from space 439488K,   0% used [0x00007fd621af0000, 0x00007fd621af0000, 0x00007fd63c820000)
  to   space 439488K,   0% used [0x00007fd606dc0000, 0x00007fd606dc0000, 0x00007fd621af0000)
 tenured generation   total 8829336K, used 8730071K [0x00007fdfdaea0000, 0x00007fe1f5d06000, 0x00007ff530400000)
   the space 8829336K,  98% used [0x00007fdfdaea0000, 0x00007fe1efc15c30, 0x00007fe1efc15e00, 0x00007fe1f5d06000)
 Metaspace       used 24209K, capacity 24571K, committed 24576K, reserved 24576K
GC Heap History (20 events):
Event: 2267.479 GC heap after
{Heap after GC invocations=1650 (full 7):
 def new generation   total 3955648K, used 223035K [0x00007fd530400000, 0x00007fd63c820000, 0x00007fdfdaea0000)
  eden space 3516160K,   0% used [0x00007fd530400000, 0x00007fd530400000, 0x00007fd606dc0000)
  from space 439488K,  50% used [0x00007fd606dc0000, 0x00007fd61478ed38, 0x00007fd621af0000)
  to   space 439488K,   0% used [0x00007fd621af0000, 0x00007fd621af0000, 0x00007fd63c820000)
 tenured generation   total 8790176K, used 8710492K [0x00007fdfdaea0000, 0x00007fe1f36c8000, 0x00007ff530400000)
   the space 8790176K,  99% used [0x00007fdfdaea0000, 0x00007fe1ee8f7020, 0x00007fe1ee8f7200, 0x00007fe1f36c8000)
 Metaspace       used 24209K, capacity 24571K, committed 24576K, reserved 24576K
}
Event: 2271.041 GC heap before
{Heap before GC invocations=1650 (full 7):
 def new generation   total 3955648K, used 3739195K [0x00007fd530400000, 0x00007fd63c820000, 0x00007fdfdaea0000)
  eden space 3516160K, 100% used [0x00007fd530400000, 0x00007fd606dc0000, 0x00007fd606dc0000)
  from space 439488K,  50% used [0x00007fd606dc0000, 0x00007fd61478ed38, 0x00007fd621af0000)
  to   space 439488K,   0% used [0x00007fd621af0000, 0x00007fd621af0000, 0x00007fd63c820000)
 tenured generation   total 8790176K, used 8710492K [0x00007fdfdaea0000, 0x00007fe1f36c8000, 0x00007ff530400000)
   the space 8790176K,  99% used [0x00007fdfdaea0000, 0x00007fe1ee8f7020, 0x00007fe1ee8f7200, 0x00007fe1f36c8000)
 Metaspace       used 24209K, capacity 24571K, committed 24576K, reserved 24576K
}
Event: 2271.173 GC heap after
{Heap after GC invocations=1651 (full 7):
 def new generation   total 3955648K, used 201482K [0x00007fd530400000, 0x00007fd63c820000, 0x00007fdfdaea0000)
  eden space 3516160K,   0% used [0x00007fd530400000, 0x00007fd530400000, 0x00007fd606dc0000)
  from space 439488K,  45% used [0x00007fd621af0000, 0x00007fd62dfb2a10, 0x00007fd63c820000)
  to   space 439488K,   0% used [0x00007fd606dc0000, 0x00007fd606dc0000, 0x00007fd621af0000)
 tenured generation   total 8790176K, used 8727450K [0x00007fdfdaea0000, 0x00007fe1f36c8000, 0x00007ff530400000)
   the space 8790176K,  99% used [0x00007fdfdaea0000, 0x00007fe1ef986a78, 0x00007fe1ef986c00, 0x00007fe1f36c8000)
 Metaspace       used 24209K, capacity 24571K, committed 24576K, reserved 24576K
}
Event: 2274.020 GC heap before
{Heap before GC invocations=1651 (full 7):
 def new generation   total 3955648K, used 3717642K [0x00007fd530400000, 0x00007fd63c820000, 0x00007fdfdaea0000)
  eden space 3516160K, 100% used [0x00007fd530400000, 0x00007fd606dc0000, 0x00007fd606dc0000)
  from space 439488K,  45% used [0x00007fd621af0000, 0x00007fd62dfb2a10, 0x00007fd63c820000)
  to   space 439488K,   0% used [0x00007fd606dc0000, 0x00007fd606dc0000, 0x00007fd621af0000)
 tenured generation   total 8790176K, used 8727450K [0x00007fdfdaea0000, 0x00007fe1f36c8000, 0x00007ff530400000)
   the space 8790176K,  99% used [0x00007fdfdaea0000, 0x00007fe1ef986a78, 0x00007fe1ef986c00, 0x00007fe1f36c8000)
 Metaspace       used 24209K, capacity 24571K, committed 24576K, reserved 24576K
}
Event: 2274.142 GC heap after
{Heap after GC invocations=1652 (full 7):
 def new generation   total 3955648K, used 204562K [0x00007fd530400000, 0x00007fd63c820000, 0x00007fdfdaea0000)
  eden space 3516160K,   0% used [0x00007fd530400000, 0x00007fd530400000, 0x00007fd606dc0000)
  from space 439488K,  46% used [0x00007fd606dc0000, 0x00007fd613584bc0, 0x00007fd621af0000)
  to   space 439488K,   0% used [0x00007fd621af0000, 0x00007fd621af0000, 0x00007fd63c820000)
 tenured generation   total 8790176K, used 8727450K [0x00007fdfdaea0000, 0x00007fe1f36c8000, 0x00007ff530400000)
   the space 8790176K,  99% used [0x00007fdfdaea0000, 0x00007fe1ef986a78, 0x00007fe1ef986c00, 0x00007fe1f36c8000)
 Metaspace       used 24209K, capacity 24571K, committed 24576K, reserved 24576K
}
Event: 2277.956 GC heap before
{Heap before GC invocations=1652 (full 7):
 def new generation   total 3955648K, used 3720722K [0x00007fd530400000, 0x00007fd63c820000, 0x00007fdfdaea0000)
  eden space 3516160K, 100% used [0x00007fd530400000, 0x00007fd606dc0000, 0x00007fd606dc0000)
  from space 439488K,  46% used [0x00007fd606dc0000, 0x00007fd613584bc0, 0x00007fd621af0000)
  to   space 439488K,   0% used [0x00007fd621af0000, 0x00007fd621af0000, 0x00007fd63c820000)
 tenured generation   total 8790176K, used 8727450K [0x00007fdfdaea0000, 0x00007fe1f36c8000, 0x00007ff530400000)
   the space 8790176K,  99% used [0x00007fdfdaea0000, 0x00007fe1ef986a78, 0x00007fe1ef986c00, 0x00007fe1f36c8000)
 Metaspace       used 24209K, capacity 24571K, committed 24576K, reserved 24576K
}
Event: 2278.114 GC heap after
{Heap after GC invocations=1653 (full 7):
 def new generation   total 3955648K, used 216903K [0x00007fd530400000, 0x00007fd63c820000, 0x00007fdfdaea0000)
  eden space 3516160K,   0% used [0x00007fd530400000, 0x00007fd530400000, 0x00007fd606dc0000)
  from space 439488K,  49% used [0x00007fd621af0000, 0x00007fd62eec1c30, 0x00007fd63c820000)
  to   space 439488K,   0% used [0x00007fd606dc0000, 0x00007fd606dc0000, 0x00007fd621af0000)
 tenured generation   total 8790176K, used 8727450K [0x00007fdfdaea0000, 0x00007fe1f36c8000, 0x00007ff530400000)
   the space 8790176K,  99% used [0x00007fdfdaea0000, 0x00007fe1ef986a78, 0x00007fe1ef986c00, 0x00007fe1f36c8000)
 Metaspace       used 24209K, capacity 24571K, committed 24576K, reserved 24576K
}
Event: 2281.168 GC heap before
{Heap before GC invocations=1653 (full 7):
 def new generation   total 3955648K, used 3733063K [0x00007fd530400000, 0x00007fd63c820000, 0x00007fdfdaea0000)
  eden space 3516160K, 100% used [0x00007fd530400000, 0x00007fd606dc0000, 0x00007fd606dc0000)
  from space 439488K,  49% used [0x00007fd621af0000, 0x00007fd62eec1c30, 0x00007fd63c820000)
  to   space 439488K,   0% used [0x00007fd606dc0000, 0x00007fd606dc0000, 0x00007fd621af0000)
 tenured generation   total 8790176K, used 8727450K [0x00007fdfdaea0000, 0x00007fe1f36c8000, 0x00007ff530400000)
   the space 8790176K,  99% used [0x00007fdfdaea0000, 0x00007fe1ef986a78, 0x00007fe1ef986c00, 0x00007fe1f36c8000)
 Metaspace       used 24209K, capacity 24571K, committed 24576K, reserved 24576K
}
Event: 2281.314 GC heap after
{Heap after GC invocations=1654 (full 7):
 def new generation   total 3955648K, used 219979K [0x00007fd530400000, 0x00007fd63c820000, 0x00007fdfdaea0000)
  eden space 3516160K,   0% used [0x00007fd530400000, 0x00007fd530400000, 0x00007fd606dc0000)
  from space 439488K,  50% used [0x00007fd606dc0000, 0x00007fd614492e68, 0x00007fd621af0000)
  to   space 439488K,   0% used [0x00007fd621af0000, 0x00007fd621af0000, 0x00007fd63c820000)
 tenured generation   total 8790176K, used 8727450K [0x00007fdfdaea0000, 0x00007fe1f36c8000, 0x00007ff530400000)
   the space 8790176K,  99% used [0x00007fdfdaea0000, 0x00007fe1ef986a78, 0x00007fe1ef986c00, 0x00007fe1f36c8000)
 Metaspace       used 24209K, capacity 24571K, committed 24576K, reserved 24576K
}
Event: 2284.747 GC heap before
{Heap before GC invocations=1654 (full 7):
 def new generation   total 3955648K, used 3736139K [0x00007fd530400000, 0x00007fd63c820000, 0x00007fdfdaea0000)
  eden space 3516160K, 100% used [0x00007fd530400000, 0x00007fd606dc0000, 0x00007fd606dc0000)
  from space 439488K,  50% used [0x00007fd606dc0000, 0x00007fd614492e68, 0x00007fd621af0000)
  to   space 439488K,   0% used [0x00007fd621af0000, 0x00007fd621af0000, 0x00007fd63c820000)
 tenured generation   total 8790176K, used 8727450K [0x00007fdfdaea0000, 0x00007fe1f36c8000, 0x00007ff530400000)
   the space 8790176K,  99% used [0x00007fdfdaea0000, 0x00007fe1ef986a78, 0x00007fe1ef986c00, 0x00007fe1f36c8000)
 Metaspace       used 24209K, capacity 24571K, committed 24576K, reserved 24576K
}
Event: 2284.974 GC heap after
{Heap after GC invocations=1655 (full 7):
 def new generation   total 3955648K, used 213318K [0x00007fd530400000, 0x00007fd63c820000, 0x00007fdfdaea0000)
  eden space 3516160K,   0% used [0x00007fd530400000, 0x00007fd530400000, 0x00007fd606dc0000)
  from space 439488K,  48% used [0x00007fd621af0000, 0x00007fd62eb41b10, 0x00007fd63c820000)
  to   space 439488K,   0% used [0x00007fd606dc0000, 0x00007fd606dc0000, 0x00007fd621af0000)
 tenured generation   total 8790176K, used 8744409K [0x00007fdfdaea0000, 0x00007fe1f36c8000, 0x00007ff530400000)
   the space 8790176K,  99% used [0x00007fdfdaea0000, 0x00007fe1f0a164d0, 0x00007fe1f0a16600, 0x00007fe1f36c8000)
 Metaspace       used 24209K, capacity 24571K, committed 24576K, reserved 24576K
}
Event: 2287.962 GC heap before
{Heap before GC invocations=1655 (full 7):
 def new generation   total 3955648K, used 3729478K [0x00007fd530400000, 0x00007fd63c820000, 0x00007fdfdaea0000)
  eden space 3516160K, 100% used [0x00007fd530400000, 0x00007fd606dc0000, 0x00007fd606dc0000)
  from space 439488K,  48% used [0x00007fd621af0000, 0x00007fd62eb41b10, 0x00007fd63c820000)
  to   space 439488K,   0% used [0x00007fd606dc0000, 0x00007fd606dc0000, 0x00007fd621af0000)
 tenured generation   total 8790176K, used 8744409K [0x00007fdfdaea0000, 0x00007fe1f36c8000, 0x00007ff530400000)
   the space 8790176K,  99% used [0x00007fdfdaea0000, 0x00007fe1f0a164d0, 0x00007fe1f0a16600, 0x00007fe1f36c8000)
 Metaspace       used 24209K, capacity 24571K, committed 24576K, reserved 24576K
}
Event: 2288.130 GC heap after
{Heap after GC invocations=1656 (full 7):
 def new generation   total 3955648K, used 220477K [0x00007fd530400000, 0x00007fd63c820000, 0x00007fdfdaea0000)
  eden space 3516160K,   0% used [0x00007fd530400000, 0x00007fd530400000, 0x00007fd606dc0000)
  from space 439488K,  50% used [0x00007fd606dc0000, 0x00007fd61450f680, 0x00007fd621af0000)
  to   space 439488K,   0% used [0x00007fd621af0000, 0x00007fd621af0000, 0x00007fd63c820000)
 tenured generation   total 8790176K, used 8744409K [0x00007fdfdaea0000, 0x00007fe1f36c8000, 0x00007ff530400000)
   the space 8790176K,  99% used [0x00007fdfdaea0000, 0x00007fe1f0a164d0, 0x00007fe1f0a16600, 0x00007fe1f36c8000)
 Metaspace       used 24209K, capacity 24571K, committed 24576K, reserved 24576K
}
Event: 2291.506 GC heap before
{Heap before GC invocations=1656 (full 7):
 def new generation   total 3955648K, used 3736637K [0x00007fd530400000, 0x00007fd63c820000, 0x00007fdfdaea0000)
  eden space 3516160K, 100% used [0x00007fd530400000, 0x00007fd606dc0000, 0x00007fd606dc0000)
  from space 439488K,  50% used [0x00007fd606dc0000, 0x00007fd61450f680, 0x00007fd621af0000)
  to   space 439488K,   0% used [0x00007fd621af0000, 0x00007fd621af0000, 0x00007fd63c820000)
 tenured generation   total 8790176K, used 8744409K [0x00007fdfdaea0000, 0x00007fe1f36c8000, 0x00007ff530400000)
   the space 8790176K,  99% used [0x00007fdfdaea0000, 0x00007fe1f0a164d0, 0x00007fe1f0a16600, 0x00007fe1f36c8000)
 Metaspace       used 24209K, capacity 24571K, committed 24576K, reserved 24576K
}
Event: 2291.666 GC heap after
{Heap after GC invocations=1657 (full 7):
 def new generation   total 3955648K, used 211240K [0x00007fd530400000, 0x00007fd63c820000, 0x00007fdfdaea0000)
  eden space 3516160K,   0% used [0x00007fd530400000, 0x00007fd530400000, 0x00007fd606dc0000)
  from space 439488K,  48% used [0x00007fd621af0000, 0x00007fd62e93a028, 0x00007fd63c820000)
  to   space 439488K,   0% used [0x00007fd606dc0000, 0x00007fd606dc0000, 0x00007fd621af0000)
 tenured generation   total 8790176K, used 8761895K [0x00007fdfdaea0000, 0x00007fe1f36c8000, 0x00007ff530400000)
   the space 8790176K,  99% used [0x00007fdfdaea0000, 0x00007fe1f1b29c88, 0x00007fe1f1b29e00, 0x00007fe1f36c8000)
 Metaspace       used 24209K, capacity 24571K, committed 24576K, reserved 24576K
}
Event: 2294.648 GC heap before
{Heap before GC invocations=1657 (full 7):
 def new generation   total 3955648K, used 3727400K [0x00007fd530400000, 0x00007fd63c820000, 0x00007fdfdaea0000)
  eden space 3516160K, 100% used [0x00007fd530400000, 0x00007fd606dc0000, 0x00007fd606dc0000)
  from space 439488K,  48% used [0x00007fd621af0000, 0x00007fd62e93a028, 0x00007fd63c820000)
  to   space 439488K,   0% used [0x00007fd606dc0000, 0x00007fd606dc0000, 0x00007fd621af0000)
 tenured generation   total 8790176K, used 8761895K [0x00007fdfdaea0000, 0x00007fe1f36c8000, 0x00007ff530400000)
   the space 8790176K,  99% used [0x00007fdfdaea0000, 0x00007fe1f1b29c88, 0x00007fe1f1b29e00, 0x00007fe1f36c8000)
 Metaspace       used 24209K, capacity 24571K, committed 24576K, reserved 24576K
}
Event: 2294.761 GC heap after
{Heap after GC invocations=1658 (full 7):
 def new generation   total 3955648K, used 219951K [0x00007fd530400000, 0x00007fd63c820000, 0x00007fdfdaea0000)
  eden space 3516160K,   0% used [0x00007fd530400000, 0x00007fd530400000, 0x00007fd606dc0000)
  from space 439488K,  50% used [0x00007fd606dc0000, 0x00007fd61448bda0, 0x00007fd621af0000)
  to   space 439488K,   0% used [0x00007fd621af0000, 0x00007fd621af0000, 0x00007fd63c820000)
 tenured generation   total 8790176K, used 8761895K [0x00007fdfdaea0000, 0x00007fe1f36c8000, 0x00007ff530400000)
   the space 8790176K,  99% used [0x00007fdfdaea0000, 0x00007fe1f1b29c88, 0x00007fe1f1b29e00, 0x00007fe1f36c8000)
 Metaspace       used 24209K, capacity 24571K, committed 24576K, reserved 24576K
}
Event: 2297.871 GC heap before
{Heap before GC invocations=1658 (full 7):
 def new generation   total 3955648K, used 3720929K [0x00007fd530400000, 0x00007fd63c820000, 0x00007fdfdaea0000)
  eden space 3516160K,  99% used [0x00007fd530400000, 0x00007fd605eec858, 0x00007fd606dc0000)
  from space 439488K,  50% used [0x00007fd606dc0000, 0x00007fd61448bda0, 0x00007fd621af0000)
  to   space 439488K,   0% used [0x00007fd621af0000, 0x00007fd621af0000, 0x00007fd63c820000)
 tenured generation   total 8790176K, used 8761895K [0x00007fdfdaea0000, 0x00007fe1f36c8000, 0x00007ff530400000)
   the space 8790176K,  99% used [0x00007fdfdaea0000, 0x00007fe1f1b29c88, 0x00007fe1f1b29e00, 0x00007fe1f36c8000)
 Metaspace       used 24209K, capacity 24571K, committed 24576K, reserved 24576K
}
Event: 2298.069 GC heap after
{Heap after GC invocations=1659 (full 7):
 def new generation   total 3955648K, used 173711K [0x00007fd530400000, 0x00007fd63c820000, 0x00007fdfdaea0000)
  eden space 3516160K,   0% used [0x00007fd530400000, 0x00007fd530400000, 0x00007fd606dc0000)
  from space 439488K,  39% used [0x00007fd621af0000, 0x00007fd62c493dc0, 0x00007fd63c820000)
  to   space 439488K,   0% used [0x00007fd606dc0000, 0x00007fd606dc0000, 0x00007fd621af0000)
 tenured generation   total 8829336K, used 8829202K [0x00007fdfdaea0000, 0x00007fe1f5d06000, 0x00007ff530400000)
   the space 8829336K,  99% used [0x00007fdfdaea0000, 0x00007fe1f5ce49c8, 0x00007fe1f5ce4a00, 0x00007fe1f5d06000)
 Metaspace       used 24209K, capacity 24571K, committed 24576K, reserved 24576K
}
Event: 2298.069 GC heap before
{Heap before GC invocations=1659 (full 7):
 def new generation   total 3955648K, used 173711K [0x00007fd530400000, 0x00007fd63c820000, 0x00007fdfdaea0000)
  eden space 3516160K,   0% used [0x00007fd530400000, 0x00007fd530400000, 0x00007fd606dc0000)
  from space 439488K,  39% used [0x00007fd621af0000, 0x00007fd62c493dc0, 0x00007fd63c820000)
  to   space 439488K,   0% used [0x00007fd606dc0000, 0x00007fd606dc0000, 0x00007fd621af0000)
 tenured generation   total 8829336K, used 8829202K [0x00007fdfdaea0000, 0x00007fe1f5d06000, 0x00007ff530400000)
   the space 8829336K,  99% used [0x00007fdfdaea0000, 0x00007fe1f5ce49c8, 0x00007fe1f5ce4a00, 0x00007fe1f5d06000)
 Metaspace       used 24209K, capacity 24571K, committed 24576K, reserved 24576K
}

