# JRE version: OpenJDK Runtime Environment (13.0.7+5) (build 13.0.7+5-Ubuntu-0ubuntu120.04)
# Java VM: OpenJDK 64-Bit Server VM (13.0.7+5-Ubuntu-0ubuntu120.04, mixed mode, tiered, serial gc, linux-amd64)
Heap:
 def new generation   total 4848768K, used 538648K [0x00007fcaa4600000, 0x00007fcbed340000, 0x00007fcff9b50000)
  eden space 4310016K,  12% used [0x00007fcaa4600000, 0x00007fcac5406368, 0x00007fcbab700000)
  from space 538752K,   0% used [0x00007fcbcc520000, 0x00007fcbcc520000, 0x00007fcbed340000)
  to   space 538752K,   0% used [0x00007fcbab700000, 0x00007fcbab700000, 0x00007fcbcc520000)
 tenured generation   total 11299220K, used 10911713K [0x00007fcff9b50000, 0x00007fd2ab5b5000, 0x00007fdaa4600000)
   the space 11299220K,  96% used [0x00007fcff9b50000, 0x00007fd293b48630, 0x00007fd293b48800, 0x00007fd2ab5b5000)
 Metaspace       used 24524K, capacity 24973K, committed 25088K, reserved 26624K
GC Heap History (20 events):
Event: 10712.341 GC heap after
{Heap after GC invocations=9994 (full 5):
 def new generation   total 4848768K, used 40423K [0x00007fcaa4600000, 0x00007fcbed340000, 0x00007fcff9b50000)
  eden space 4310016K,   0% used [0x00007fcaa4600000, 0x00007fcaa4600000, 0x00007fcbab700000)
  from space 538752K,   7% used [0x00007fcbab700000, 0x00007fcbade79f10, 0x00007fcbcc520000)
  to   space 538752K,   0% used [0x00007fcbcc520000, 0x00007fcbcc520000, 0x00007fcbed340000)
 tenured generation   total 10774928K, used 9267197K [0x00007fcff9b50000, 0x00007fd28b5b4000, 0x00007fdaa4600000)
   the space 10774928K,  86% used [0x00007fcff9b50000, 0x00007fd22f54f458, 0x00007fd22f54f600, 0x00007fd28b5b4000)
 Metaspace       used 24358K, capacity 24774K, committed 24832K, reserved 26624K
}
Event: 10715.233 GC heap before
{Heap before GC invocations=9994 (full 5):
 def new generation   total 4848768K, used 4350439K [0x00007fcaa4600000, 0x00007fcbed340000, 0x00007fcff9b50000)
  eden space 4310016K, 100% used [0x00007fcaa4600000, 0x00007fcbab700000, 0x00007fcbab700000)
  from space 538752K,   7% used [0x00007fcbab700000, 0x00007fcbade79f10, 0x00007fcbcc520000)
  to   space 538752K,   0% used [0x00007fcbcc520000, 0x00007fcbcc520000, 0x00007fcbed340000)
 tenured generation   total 10774928K, used 9267197K [0x00007fcff9b50000, 0x00007fd28b5b4000, 0x00007fdaa4600000)
   the space 10774928K,  86% used [0x00007fcff9b50000, 0x00007fd22f54f458, 0x00007fd22f54f600, 0x00007fd28b5b4000)
 Metaspace       used 24358K, capacity 24774K, committed 24832K, reserved 26624K
}
Event: 10715.285 GC heap after
{Heap after GC invocations=9995 (full 5):
 def new generation   total 4848768K, used 39542K [0x00007fcaa4600000, 0x00007fcbed340000, 0x00007fcff9b50000)
  eden space 4310016K,   0% used [0x00007fcaa4600000, 0x00007fcaa4600000, 0x00007fcbab700000)
  from space 538752K,   7% used [0x00007fcbcc520000, 0x00007fcbcebbdaf0, 0x00007fcbed340000)
  to   space 538752K,   0% used [0x00007fcbab700000, 0x00007fcbab700000, 0x00007fcbcc520000)
 tenured generation   total 10774928K, used 9270344K [0x00007fcff9b50000, 0x00007fd28b5b4000, 0x00007fdaa4600000)
   the space 10774928K,  86% used [0x00007fcff9b50000, 0x00007fd22f8621b8, 0x00007fd22f862200, 0x00007fd28b5b4000)
 Metaspace       used 24358K, capacity 24774K, committed 24832K, reserved 26624K
}
Event: 10718.380 GC heap before
{Heap before GC invocations=9995 (full 5):
 def new generation   total 4848768K, used 4349558K [0x00007fcaa4600000, 0x00007fcbed340000, 0x00007fcff9b50000)
  eden space 4310016K, 100% used [0x00007fcaa4600000, 0x00007fcbab700000, 0x00007fcbab700000)
  from space 538752K,   7% used [0x00007fcbcc520000, 0x00007fcbcebbdaf0, 0x00007fcbed340000)
  to   space 538752K,   0% used [0x00007fcbab700000, 0x00007fcbab700000, 0x00007fcbcc520000)
 tenured generation   total 10774928K, used 9270344K [0x00007fcff9b50000, 0x00007fd28b5b4000, 0x00007fdaa4600000)
   the space 10774928K,  86% used [0x00007fcff9b50000, 0x00007fd22f8621b8, 0x00007fd22f862200, 0x00007fd28b5b4000)
 Metaspace       used 24358K, capacity 24774K, committed 24832K, reserved 26624K
}
Event: 10718.430 GC heap after
{Heap after GC invocations=9996 (full 5):
 def new generation   total 4848768K, used 37672K [0x00007fcaa4600000, 0x00007fcbed340000, 0x00007fcff9b50000)
  eden space 4310016K,   0% used [0x00007fcaa4600000, 0x00007fcaa4600000, 0x00007fcbab700000)
  from space 538752K,   6% used [0x00007fcbab700000, 0x00007fcbadbca380, 0x00007fcbcc520000)
  to   space 538752K,   0% used [0x00007fcbcc520000, 0x00007fcbcc520000, 0x00007fcbed340000)
 tenured generation   total 10774928K, used 9274780K [0x00007fcff9b50000, 0x00007fd28b5b4000, 0x00007fdaa4600000)
   the space 10774928K,  86% used [0x00007fcff9b50000, 0x00007fd22fcb73d8, 0x00007fd22fcb7400, 0x00007fd28b5b4000)
 Metaspace       used 24358K, capacity 24774K, committed 24832K, reserved 26624K
}
Event: 10721.539 GC heap before
{Heap before GC invocations=9996 (full 5):
 def new generation   total 4848768K, used 4347688K [0x00007fcaa4600000, 0x00007fcbed340000, 0x00007fcff9b50000)
  eden space 4310016K, 100% used [0x00007fcaa4600000, 0x00007fcbab700000, 0x00007fcbab700000)
  from space 538752K,   6% used [0x00007fcbab700000, 0x00007fcbadbca380, 0x00007fcbcc520000)
  to   space 538752K,   0% used [0x00007fcbcc520000, 0x00007fcbcc520000, 0x00007fcbed340000)
 tenured generation   total 10774928K, used 9274780K [0x00007fcff9b50000, 0x00007fd28b5b4000, 0x00007fdaa4600000)
   the space 10774928K,  86% used [0x00007fcff9b50000, 0x00007fd22fcb73d8, 0x00007fd22fcb7400, 0x00007fd28b5b4000)
 Metaspace       used 24358K, capacity 24774K, committed 24832K, reserved 26624K
}
Event: 10721.585 GC heap after
{Heap after GC invocations=9997 (full 5):
 def new generation   total 4848768K, used 36095K [0x00007fcaa4600000, 0x00007fcbed340000, 0x00007fcff9b50000)
  eden space 4310016K,   0% used [0x00007fcaa4600000, 0x00007fcaa4600000, 0x00007fcbab700000)
  from space 538752K,   6% used [0x00007fcbcc520000, 0x00007fcbce85fc78, 0x00007fcbed340000)
  to   space 538752K,   0% used [0x00007fcbab700000, 0x00007fcbab700000, 0x00007fcbcc520000)
 tenured generation   total 10774928K, used 9279313K [0x00007fcff9b50000, 0x00007fd28b5b4000, 0x00007fdaa4600000)
   the space 10774928K,  86% used [0x00007fcff9b50000, 0x00007fd2301246a8, 0x00007fd230124800, 0x00007fd28b5b4000)
 Metaspace       used 24358K, capacity 24774K, committed 24832K, reserved 26624K
}
Event: 10724.683 GC heap before
{Heap before GC invocations=9997 (full 5):
 def new generation   total 4848768K, used 4346111K [0x00007fcaa4600000, 0x00007fcbed340000, 0x00007fcff9b50000)
  eden space 4310016K, 100% used [0x00007fcaa4600000, 0x00007fcbab700000, 0x00007fcbab700000)
  from space 538752K,   6% used [0x00007fcbcc520000, 0x00007fcbce85fc78, 0x00007fcbed340000)
  to   space 538752K,   0% used [0x00007fcbab700000, 0x00007fcbab700000, 0x00007fcbcc520000)
 tenured generation   total 10774928K, used 9279313K [0x00007fcff9b50000, 0x00007fd28b5b4000, 0x00007fdaa4600000)
   the space 10774928K,  86% used [0x00007fcff9b50000, 0x00007fd2301246a8, 0x00007fd230124800, 0x00007fd28b5b4000)
 Metaspace       used 24358K, capacity 24774K, committed 24832K, reserved 26624K
}
Event: 10724.731 GC heap after
{Heap after GC invocations=9998 (full 5):
 def new generation   total 4848768K, used 35295K [0x00007fcaa4600000, 0x00007fcbed340000, 0x00007fcff9b50000)
  eden space 4310016K,   0% used [0x00007fcaa4600000, 0x00007fcaa4600000, 0x00007fcbab700000)
  from space 538752K,   6% used [0x00007fcbab700000, 0x00007fcbad977ef0, 0x00007fcbcc520000)
  to   space 538752K,   0% used [0x00007fcbcc520000, 0x00007fcbcc520000, 0x00007fcbed340000)
 tenured generation   total 10774928K, used 9283749K [0x00007fcff9b50000, 0x00007fd28b5b4000, 0x00007fdaa4600000)
   the space 10774928K,  86% used [0x00007fcff9b50000, 0x00007fd2305797a8, 0x00007fd230579800, 0x00007fd28b5b4000)
 Metaspace       used 24358K, capacity 24774K, committed 24832K, reserved 26624K
}
Event: 10727.388 GC heap before
{Heap before GC invocations=9998 (full 5):
 def new generation   total 4848768K, used 4345311K [0x00007fcaa4600000, 0x00007fcbed340000, 0x00007fcff9b50000)
  eden space 4310016K, 100% used [0x00007fcaa4600000, 0x00007fcbab700000, 0x00007fcbab700000)
  from space 538752K,   6% used [0x00007fcbab700000, 0x00007fcbad977ef0, 0x00007fcbcc520000)
  to   space 538752K,   0% used [0x00007fcbcc520000, 0x00007fcbcc520000, 0x00007fcbed340000)
 tenured generation   total 10774928K, used 9283749K [0x00007fcff9b50000, 0x00007fd28b5b4000, 0x00007fdaa4600000)
   the space 10774928K,  86% used [0x00007fcff9b50000, 0x00007fd2305797a8, 0x00007fd230579800, 0x00007fd28b5b4000)
 Metaspace       used 24358K, capacity 24774K, committed 24832K, reserved 26624K
}
Event: 10727.448 GC heap after
{Heap after GC invocations=9999 (full 5):
 def new generation   total 4848768K, used 35865K [0x00007fcaa4600000, 0x00007fcbed340000, 0x00007fcff9b50000)
  eden space 4310016K,   0% used [0x00007fcaa4600000, 0x00007fcaa4600000, 0x00007fcbab700000)
  from space 538752K,   6% used [0x00007fcbcc520000, 0x00007fcbce8267f8, 0x00007fcbed340000)
  to   space 538752K,   0% used [0x00007fcbab700000, 0x00007fcbab700000, 0x00007fcbcc520000)
 tenured generation   total 10774928K, used 9287735K [0x00007fcff9b50000, 0x00007fd28b5b4000, 0x00007fdaa4600000)
   the space 10774928K,  86% used [0x00007fcff9b50000, 0x00007fd23095de40, 0x00007fd23095e000, 0x00007fd28b5b4000)
 Metaspace       used 24358K, capacity 24774K, committed 24832K, reserved 26624K
}
Event: 10730.148 GC heap before
{Heap before GC invocations=9999 (full 5):
 def new generation   total 4848768K, used 4345881K [0x00007fcaa4600000, 0x00007fcbed340000, 0x00007fcff9b50000)
  eden space 4310016K, 100% used [0x00007fcaa4600000, 0x00007fcbab700000, 0x00007fcbab700000)
  from space 538752K,   6% used [0x00007fcbcc520000, 0x00007fcbce8267f8, 0x00007fcbed340000)
  to   space 538752K,   0% used [0x00007fcbab700000, 0x00007fcbab700000, 0x00007fcbcc520000)
 tenured generation   total 10774928K, used 9287735K [0x00007fcff9b50000, 0x00007fd28b5b4000, 0x00007fdaa4600000)
   the space 10774928K,  86% used [0x00007fcff9b50000, 0x00007fd23095de40, 0x00007fd23095e000, 0x00007fd28b5b4000)
 Metaspace       used 24358K, capacity 24774K, committed 24832K, reserved 26624K
}
Event: 10730.203 GC heap after
{Heap after GC invocations=10000 (full 5):
 def new generation   total 4848768K, used 38585K [0x00007fcaa4600000, 0x00007fcbed340000, 0x00007fcff9b50000)
  eden space 4310016K,   0% used [0x00007fcaa4600000, 0x00007fcaa4600000, 0x00007fcbab700000)
  from space 538752K,   7% used [0x00007fcbab700000, 0x00007fcbadcae740, 0x00007fcbcc520000)
  to   space 538752K,   0% used [0x00007fcbcc520000, 0x00007fcbcc520000, 0x00007fcbed340000)
 tenured generation   total 10774928K, used 9289479K [0x00007fcff9b50000, 0x00007fd28b5b4000, 0x00007fdaa4600000)
   the space 10774928K,  86% used [0x00007fcff9b50000, 0x00007fd230b11da0, 0x00007fd230b11e00, 0x00007fd28b5b4000)
 Metaspace       used 24358K, capacity 24774K, committed 24832K, reserved 26624K
}
Event: 10732.932 GC heap before
{Heap before GC invocations=10000 (full 5):
 def new generation   total 4848768K, used 4348601K [0x00007fcaa4600000, 0x00007fcbed340000, 0x00007fcff9b50000)
  eden space 4310016K, 100% used [0x00007fcaa4600000, 0x00007fcbab700000, 0x00007fcbab700000)
  from space 538752K,   7% used [0x00007fcbab700000, 0x00007fcbadcae740, 0x00007fcbcc520000)
  to   space 538752K,   0% used [0x00007fcbcc520000, 0x00007fcbcc520000, 0x00007fcbed340000)
 tenured generation   total 10774928K, used 9289479K [0x00007fcff9b50000, 0x00007fd28b5b4000, 0x00007fdaa4600000)
   the space 10774928K,  86% used [0x00007fcff9b50000, 0x00007fd230b11da0, 0x00007fd230b11e00, 0x00007fd28b5b4000)
 Metaspace       used 24358K, capacity 24774K, committed 24832K, reserved 26624K
}
Event: 10732.979 GC heap after
{Heap after GC invocations=10001 (full 5):
 def new generation   total 4848768K, used 41361K [0x00007fcaa4600000, 0x00007fcbed340000, 0x00007fcff9b50000)
  eden space 4310016K,   0% used [0x00007fcaa4600000, 0x00007fcaa4600000, 0x00007fcbab700000)
  from space 538752K,   7% used [0x00007fcbcc520000, 0x00007fcbced845d0, 0x00007fcbed340000)
  to   space 538752K,   0% used [0x00007fcbab700000, 0x00007fcbab700000, 0x00007fcbcc520000)
 tenured generation   total 10774928K, used 9291153K [0x00007fcff9b50000, 0x00007fd28b5b4000, 0x00007fdaa4600000)
   the space 10774928K,  86% used [0x00007fcff9b50000, 0x00007fd230cb4480, 0x00007fd230cb4600, 0x00007fd28b5b4000)
 Metaspace       used 24358K, capacity 24774K, committed 24832K, reserved 26624K
}
Event: 10736.573 GC heap before
{Heap before GC invocations=10001 (full 5):
 def new generation   total 4848768K, used 3939868K [0x00007fcaa4600000, 0x00007fcbed340000, 0x00007fcff9b50000)
  eden space 4310016K,  90% used [0x00007fcaa4600000, 0x00007fcb92522c20, 0x00007fcbab700000)
  from space 538752K,   7% used [0x00007fcbcc520000, 0x00007fcbced845d0, 0x00007fcbed340000)
  to   space 538752K,   0% used [0x00007fcbab700000, 0x00007fcbab700000, 0x00007fcbcc520000)
 tenured generation   total 10774928K, used 9291153K [0x00007fcff9b50000, 0x00007fd28b5b4000, 0x00007fdaa4600000)
   the space 10774928K,  86% used [0x00007fcff9b50000, 0x00007fd230cb4480, 0x00007fd230cb4600, 0x00007fd28b5b4000)
 Metaspace       used 24524K, capacity 24973K, committed 25088K, reserved 26624K
}
Event: 10737.329 GC heap after
{Heap after GC invocations=10002 (full 5):
 def new generation   total 4848768K, used 191521K [0x00007fcaa4600000, 0x00007fcbed340000, 0x00007fcff9b50000)
  eden space 4310016K,   0% used [0x00007fcaa4600000, 0x00007fcaa4600000, 0x00007fcbab700000)
  from space 538752K,  35% used [0x00007fcbab700000, 0x00007fcbb72086f8, 0x00007fcbcc520000)
  to   space 538752K,   0% used [0x00007fcbcc520000, 0x00007fcbcc520000, 0x00007fcbed340000)
 tenured generation   total 10774928K, used 9817114K [0x00007fcff9b50000, 0x00007fd28b5b4000, 0x00007fdaa4600000)
   the space 10774928K,  91% used [0x00007fcff9b50000, 0x00007fd250e56b78, 0x00007fd250e56c00, 0x00007fd28b5b4000)
 Metaspace       used 24524K, capacity 24973K, committed 25088K, reserved 26624K
}
Event: 10740.362 GC heap before
{Heap before GC invocations=10002 (full 5):
 def new generation   total 4848768K, used 3422690K [0x00007fcaa4600000, 0x00007fcbed340000, 0x00007fcff9b50000)
  eden space 4310016K,  74% used [0x00007fcaa4600000, 0x00007fcb69970370, 0x00007fcbab700000)
  from space 538752K,  35% used [0x00007fcbab700000, 0x00007fcbb72086f8, 0x00007fcbcc520000)
  to   space 538752K,   0% used [0x00007fcbcc520000, 0x00007fcbcc520000, 0x00007fcbed340000)
 tenured generation   total 10774928K, used 9817114K [0x00007fcff9b50000, 0x00007fd28b5b4000, 0x00007fdaa4600000)
   the space 10774928K,  91% used [0x00007fcff9b50000, 0x00007fd250e56b78, 0x00007fd250e56c00, 0x00007fd28b5b4000)
 Metaspace       used 24524K, capacity 24973K, committed 25088K, reserved 26624K
}
Event: 10742.145 GC heap after
{Heap after GC invocations=10003 (full 5):
 def new generation   total 4848768K, used 538752K [0x00007fcaa4600000, 0x00007fcbed340000, 0x00007fcff9b50000)
  eden space 4310016K,   0% used [0x00007fcaa4600000, 0x00007fcaa4600000, 0x00007fcbab700000)
  from space 538752K, 100% used [0x00007fcbcc520000, 0x00007fcbed340000, 0x00007fcbed340000)
  to   space 538752K,   0% used [0x00007fcbab700000, 0x00007fcbab700000, 0x00007fcbcc520000)
 tenured generation   total 11299220K, used 10911673K [0x00007fcff9b50000, 0x00007fd2ab5b5000, 0x00007fdaa4600000)
   the space 11299220K,  96% used [0x00007fcff9b50000, 0x00007fd293b3e6e8, 0x00007fd293b3e800, 0x00007fd2ab5b5000)
 Metaspace       used 24524K, capacity 24973K, committed 25088K, reserved 26624K
}
Event: 10742.145 GC heap before
{Heap before GC invocations=10003 (full 5):
 def new generation   total 4848768K, used 538752K [0x00007fcaa4600000, 0x00007fcbed340000, 0x00007fcff9b50000)
  eden space 4310016K,   0% used [0x00007fcaa4600000, 0x00007fcaa4600000, 0x00007fcbab700000)
  from space 538752K, 100% used [0x00007fcbcc520000, 0x00007fcbed340000, 0x00007fcbed340000)
  to   space 538752K,   0% used [0x00007fcbab700000, 0x00007fcbab700000, 0x00007fcbcc520000)
 tenured generation   total 11299220K, used 10911673K [0x00007fcff9b50000, 0x00007fd2ab5b5000, 0x00007fdaa4600000)
   the space 11299220K,  96% used [0x00007fcff9b50000, 0x00007fd293b3e6e8, 0x00007fd293b3e800, 0x00007fd2ab5b5000)
 Metaspace       used 24524K, capacity 24973K, committed 25088K, reserved 26624K
}

