# JRE version: OpenJDK Runtime Environment (13.0.7+5) (build 13.0.7+5-Ubuntu-0ubuntu120.04)
# Java VM: OpenJDK 64-Bit Server VM (13.0.7+5-Ubuntu-0ubuntu120.04, mixed mode, tiered, compressed oops, serial gc, linux-amd64)
Heap:
 def new generation   total 2063744K, used 0K [0x0000000080200000, 0x000000010c140000, 0x0000000300150000)
  eden space 1834496K,   0% used [0x0000000080200000, 0x0000000080200000, 0x00000000f0180000)
  from space 229248K,   0% used [0x00000000fe160000, 0x00000000fe160000, 0x000000010c140000)
  to   space 229248K,   0% used [0x00000000f0180000, 0x00000000f0180000, 0x00000000fe160000)
 tenured generation   total 4618680K, used 3057415K [0x0000000300150000, 0x0000000419fbe000, 0x0000000800000000)
   the space 4618680K,  66% used [0x0000000300150000, 0x00000003bab11ef8, 0x00000003bab12000, 0x0000000419fbe000)
 Metaspace       used 23335K, capacity 23885K, committed 24192K, reserved 1071104K
  class space    used 2411K, capacity 2631K, committed 2688K, reserved 1048576K
GC Heap History (20 events):
Event: 13330.162 GC heap after
{Heap after GC invocations=13538 (full 17):
 def new generation   total 2063744K, used 52575K [0x0000000080200000, 0x000000010c140000, 0x0000000300150000)
  eden space 1834496K,   0% used [0x0000000080200000, 0x0000000080200000, 0x00000000f0180000)
  from space 229248K,  22% used [0x00000000f0180000, 0x00000000f34d7db8, 0x00000000fe160000)
  to   space 229248K,   0% used [0x00000000fe160000, 0x00000000fe160000, 0x000000010c140000)
 tenured generation   total 4585904K, used 4564416K [0x0000000300150000, 0x0000000417fbc000, 0x0000000800000000)
   the space 4585904K,  99% used [0x0000000300150000, 0x0000000416ac0148, 0x0000000416ac0200, 0x0000000417fbc000)
 Metaspace       used 23335K, capacity 23885K, committed 24192K, reserved 1071104K
  class space    used 2411K, capacity 2631K, committed 2688K, reserved 1048576K
}
Event: 13331.783 GC heap before
{Heap before GC invocations=13538 (full 17):
 def new generation   total 2063744K, used 1887071K [0x0000000080200000, 0x000000010c140000, 0x0000000300150000)
  eden space 1834496K, 100% used [0x0000000080200000, 0x00000000f0180000, 0x00000000f0180000)
  from space 229248K,  22% used [0x00000000f0180000, 0x00000000f34d7db8, 0x00000000fe160000)
  to   space 229248K,   0% used [0x00000000fe160000, 0x00000000fe160000, 0x000000010c140000)
 tenured generation   total 4585904K, used 4564416K [0x0000000300150000, 0x0000000417fbc000, 0x0000000800000000)
   the space 4585904K,  99% used [0x0000000300150000, 0x0000000416ac0148, 0x0000000416ac0200, 0x0000000417fbc000)
 Metaspace       used 23335K, capacity 23885K, committed 24192K, reserved 1071104K
  class space    used 2411K, capacity 2631K, committed 2688K, reserved 1048576K
}
Event: 13331.805 GC heap after
{Heap after GC invocations=13539 (full 17):
 def new generation   total 2063744K, used 54643K [0x0000000080200000, 0x000000010c140000, 0x0000000300150000)
  eden space 1834496K,   0% used [0x0000000080200000, 0x0000000080200000, 0x00000000f0180000)
  from space 229248K,  23% used [0x00000000fe160000, 0x00000001016bcdf8, 0x000000010c140000)
  to   space 229248K,   0% used [0x00000000f0180000, 0x00000000f0180000, 0x00000000fe160000)
 tenured generation   total 4585904K, used 4564424K [0x0000000300150000, 0x0000000417fbc000, 0x0000000800000000)
   the space 4585904K,  99% used [0x0000000300150000, 0x0000000416ac2288, 0x0000000416ac2400, 0x0000000417fbc000)
 Metaspace       used 23335K, capacity 23885K, committed 24192K, reserved 1071104K
  class space    used 2411K, capacity 2631K, committed 2688K, reserved 1048576K
}
Event: 13333.463 GC heap before
{Heap before GC invocations=13539 (full 17):
 def new generation   total 2063744K, used 1889139K [0x0000000080200000, 0x000000010c140000, 0x0000000300150000)
  eden space 1834496K, 100% used [0x0000000080200000, 0x00000000f0180000, 0x00000000f0180000)
  from space 229248K,  23% used [0x00000000fe160000, 0x00000001016bcdf8, 0x000000010c140000)
  to   space 229248K,   0% used [0x00000000f0180000, 0x00000000f0180000, 0x00000000fe160000)
 tenured generation   total 4585904K, used 4564424K [0x0000000300150000, 0x0000000417fbc000, 0x0000000800000000)
   the space 4585904K,  99% used [0x0000000300150000, 0x0000000416ac2288, 0x0000000416ac2400, 0x0000000417fbc000)
 Metaspace       used 23335K, capacity 23885K, committed 24192K, reserved 1071104K
  class space    used 2411K, capacity 2631K, committed 2688K, reserved 1048576K
}
Event: 13333.488 GC heap after
{Heap after GC invocations=13540 (full 17):
 def new generation   total 2063744K, used 57223K [0x0000000080200000, 0x000000010c140000, 0x0000000300150000)
  eden space 1834496K,   0% used [0x0000000080200000, 0x0000000080200000, 0x00000000f0180000)
  from space 229248K,  24% used [0x00000000f0180000, 0x00000000f3961db8, 0x00000000fe160000)
  to   space 229248K,   0% used [0x00000000fe160000, 0x00000000fe160000, 0x000000010c140000)
 tenured generation   total 4585904K, used 4564430K [0x0000000300150000, 0x0000000417fbc000, 0x0000000800000000)
   the space 4585904K,  99% used [0x0000000300150000, 0x0000000416ac3bd8, 0x0000000416ac3c00, 0x0000000417fbc000)
 Metaspace       used 23335K, capacity 23885K, committed 24192K, reserved 1071104K
  class space    used 2411K, capacity 2631K, committed 2688K, reserved 1048576K
}
Event: 13335.113 GC heap before
{Heap before GC invocations=13540 (full 17):
 def new generation   total 2063744K, used 1887469K [0x0000000080200000, 0x000000010c140000, 0x0000000300150000)
  eden space 1834496K,  99% used [0x0000000080200000, 0x00000000efd598e8, 0x00000000f0180000)
  from space 229248K,  24% used [0x00000000f0180000, 0x00000000f3961db8, 0x00000000fe160000)
  to   space 229248K,   0% used [0x00000000fe160000, 0x00000000fe160000, 0x000000010c140000)
 tenured generation   total 4585904K, used 4564430K [0x0000000300150000, 0x0000000417fbc000, 0x0000000800000000)
   the space 4585904K,  99% used [0x0000000300150000, 0x0000000416ac3bd8, 0x0000000416ac3c00, 0x0000000417fbc000)
 Metaspace       used 23335K, capacity 23885K, committed 24192K, reserved 1071104K
  class space    used 2411K, capacity 2631K, committed 2688K, reserved 1048576K
}
Event: 13335.141 GC heap after
{Heap after GC invocations=13541 (full 17):
 def new generation   total 2063744K, used 58775K [0x0000000080200000, 0x000000010c140000, 0x0000000300150000)
  eden space 1834496K,   0% used [0x0000000080200000, 0x0000000080200000, 0x00000000f0180000)
  from space 229248K,  25% used [0x00000000fe160000, 0x0000000101ac5db8, 0x000000010c140000)
  to   space 229248K,   0% used [0x00000000f0180000, 0x00000000f0180000, 0x00000000fe160000)
 tenured generation   total 4585904K, used 4564953K [0x0000000300150000, 0x0000000417fbc000, 0x0000000800000000)
   the space 4585904K,  99% used [0x0000000300150000, 0x0000000416b464a8, 0x0000000416b46600, 0x0000000417fbc000)
 Metaspace       used 23335K, capacity 23885K, committed 24192K, reserved 1071104K
  class space    used 2411K, capacity 2631K, committed 2688K, reserved 1048576K
}
Event: 13336.809 GC heap before
{Heap before GC invocations=13541 (full 17):
 def new generation   total 2063744K, used 1893271K [0x0000000080200000, 0x000000010c140000, 0x0000000300150000)
  eden space 1834496K, 100% used [0x0000000080200000, 0x00000000f0180000, 0x00000000f0180000)
  from space 229248K,  25% used [0x00000000fe160000, 0x0000000101ac5db8, 0x000000010c140000)
  to   space 229248K,   0% used [0x00000000f0180000, 0x00000000f0180000, 0x00000000fe160000)
 tenured generation   total 4585904K, used 4564953K [0x0000000300150000, 0x0000000417fbc000, 0x0000000800000000)
   the space 4585904K,  99% used [0x0000000300150000, 0x0000000416b464a8, 0x0000000416b46600, 0x0000000417fbc000)
 Metaspace       used 23335K, capacity 23885K, committed 24192K, reserved 1071104K
  class space    used 2411K, capacity 2631K, committed 2688K, reserved 1048576K
}
Event: 13336.832 GC heap after
{Heap after GC invocations=13542 (full 17):
 def new generation   total 2063744K, used 60332K [0x0000000080200000, 0x000000010c140000, 0x0000000300150000)
  eden space 1834496K,   0% used [0x0000000080200000, 0x0000000080200000, 0x00000000f0180000)
  from space 229248K,  26% used [0x00000000f0180000, 0x00000000f3c6b340, 0x00000000fe160000)
  to   space 229248K,   0% used [0x00000000fe160000, 0x00000000fe160000, 0x000000010c140000)
 tenured generation   total 4585904K, used 4565472K [0x0000000300150000, 0x0000000417fbc000, 0x0000000800000000)
   the space 4585904K,  99% used [0x0000000300150000, 0x0000000416bc80a0, 0x0000000416bc8200, 0x0000000417fbc000)
 Metaspace       used 23335K, capacity 23885K, committed 24192K, reserved 1071104K
  class space    used 2411K, capacity 2631K, committed 2688K, reserved 1048576K
}
Event: 13338.464 GC heap before
{Heap before GC invocations=13542 (full 17):
 def new generation   total 2063744K, used 1894828K [0x0000000080200000, 0x000000010c140000, 0x0000000300150000)
  eden space 1834496K, 100% used [0x0000000080200000, 0x00000000f0180000, 0x00000000f0180000)
  from space 229248K,  26% used [0x00000000f0180000, 0x00000000f3c6b340, 0x00000000fe160000)
  to   space 229248K,   0% used [0x00000000fe160000, 0x00000000fe160000, 0x000000010c140000)
 tenured generation   total 4585904K, used 4565472K [0x0000000300150000, 0x0000000417fbc000, 0x0000000800000000)
   the space 4585904K,  99% used [0x0000000300150000, 0x0000000416bc80a0, 0x0000000416bc8200, 0x0000000417fbc000)
 Metaspace       used 23335K, capacity 23885K, committed 24192K, reserved 1071104K
  class space    used 2411K, capacity 2631K, committed 2688K, reserved 1048576K
}
Event: 13338.496 GC heap after
{Heap after GC invocations=13543 (full 17):
 def new generation   total 2063744K, used 62400K [0x0000000080200000, 0x000000010c140000, 0x0000000300150000)
  eden space 1834496K,   0% used [0x0000000080200000, 0x0000000080200000, 0x00000000f0180000)
  from space 229248K,  27% used [0x00000000fe160000, 0x0000000101e501f8, 0x000000010c140000)
  to   space 229248K,   0% used [0x00000000f0180000, 0x00000000f0180000, 0x00000000fe160000)
 tenured generation   total 4585904K, used 4565990K [0x0000000300150000, 0x0000000417fbc000, 0x0000000800000000)
   the space 4585904K,  99% used [0x0000000300150000, 0x0000000416c49af8, 0x0000000416c49c00, 0x0000000417fbc000)
 Metaspace       used 23335K, capacity 23885K, committed 24192K, reserved 1071104K
  class space    used 2411K, capacity 2631K, committed 2688K, reserved 1048576K
}
Event: 13340.179 GC heap before
{Heap before GC invocations=13543 (full 17):
 def new generation   total 2063744K, used 1896896K [0x0000000080200000, 0x000000010c140000, 0x0000000300150000)
  eden space 1834496K, 100% used [0x0000000080200000, 0x00000000f0180000, 0x00000000f0180000)
  from space 229248K,  27% used [0x00000000fe160000, 0x0000000101e501f8, 0x000000010c140000)
  to   space 229248K,   0% used [0x00000000f0180000, 0x00000000f0180000, 0x00000000fe160000)
 tenured generation   total 4585904K, used 4565990K [0x0000000300150000, 0x0000000417fbc000, 0x0000000800000000)
   the space 4585904K,  99% used [0x0000000300150000, 0x0000000416c49af8, 0x0000000416c49c00, 0x0000000417fbc000)
 Metaspace       used 23335K, capacity 23885K, committed 24192K, reserved 1071104K
  class space    used 2411K, capacity 2631K, committed 2688K, reserved 1048576K
}
Event: 13340.213 GC heap after
{Heap after GC invocations=13544 (full 17):
 def new generation   total 2063744K, used 63956K [0x0000000080200000, 0x000000010c140000, 0x0000000300150000)
  eden space 1834496K,   0% used [0x0000000080200000, 0x0000000080200000, 0x00000000f0180000)
  from space 229248K,  27% used [0x00000000f0180000, 0x00000000f3ff5090, 0x00000000fe160000)
  to   space 229248K,   0% used [0x00000000fe160000, 0x00000000fe160000, 0x000000010c140000)
 tenured generation   total 4585904K, used 4566509K [0x0000000300150000, 0x0000000417fbc000, 0x0000000800000000)
   the space 4585904K,  99% used [0x0000000300150000, 0x0000000416ccb530, 0x0000000416ccb600, 0x0000000417fbc000)
 Metaspace       used 23335K, capacity 23885K, committed 24192K, reserved 1071104K
  class space    used 2411K, capacity 2631K, committed 2688K, reserved 1048576K
}
Event: 13341.905 GC heap before
{Heap before GC invocations=13544 (full 17):
 def new generation   total 2063744K, used 1898452K [0x0000000080200000, 0x000000010c140000, 0x0000000300150000)
  eden space 1834496K, 100% used [0x0000000080200000, 0x00000000f0180000, 0x00000000f0180000)
  from space 229248K,  27% used [0x00000000f0180000, 0x00000000f3ff5090, 0x00000000fe160000)
  to   space 229248K,   0% used [0x00000000fe160000, 0x00000000fe160000, 0x000000010c140000)
 tenured generation   total 4585904K, used 4566509K [0x0000000300150000, 0x0000000417fbc000, 0x0000000800000000)
   the space 4585904K,  99% used [0x0000000300150000, 0x0000000416ccb530, 0x0000000416ccb600, 0x0000000417fbc000)
 Metaspace       used 23335K, capacity 23885K, committed 24192K, reserved 1071104K
  class space    used 2411K, capacity 2631K, committed 2688K, reserved 1048576K
}
Event: 13341.944 GC heap after
{Heap after GC invocations=13545 (full 17):
 def new generation   total 2063744K, used 66028K [0x0000000080200000, 0x000000010c140000, 0x0000000300150000)
  eden space 1834496K,   0% used [0x0000000080200000, 0x0000000080200000, 0x00000000f0180000)
  from space 229248K,  28% used [0x00000000fe160000, 0x00000001021db0a0, 0x000000010c140000)
  to   space 229248K,   0% used [0x00000000f0180000, 0x00000000f0180000, 0x00000000fe160000)
 tenured generation   total 4585904K, used 4566513K [0x0000000300150000, 0x0000000417fbc000, 0x0000000800000000)
   the space 4585904K,  99% used [0x0000000300150000, 0x0000000416ccc6a0, 0x0000000416ccc800, 0x0000000417fbc000)
 Metaspace       used 23335K, capacity 23885K, committed 24192K, reserved 1071104K
  class space    used 2411K, capacity 2631K, committed 2688K, reserved 1048576K
}
Event: 13343.560 GC heap before
{Heap before GC invocations=13545 (full 17):
 def new generation   total 2063744K, used 1900524K [0x0000000080200000, 0x000000010c140000, 0x0000000300150000)
  eden space 1834496K, 100% used [0x0000000080200000, 0x00000000f0180000, 0x00000000f0180000)
  from space 229248K,  28% used [0x00000000fe160000, 0x00000001021db0a0, 0x000000010c140000)
  to   space 229248K,   0% used [0x00000000f0180000, 0x00000000f0180000, 0x00000000fe160000)
 tenured generation   total 4585904K, used 4566513K [0x0000000300150000, 0x0000000417fbc000, 0x0000000800000000)
   the space 4585904K,  99% used [0x0000000300150000, 0x0000000416ccc6a0, 0x0000000416ccc800, 0x0000000417fbc000)
 Metaspace       used 23335K, capacity 23885K, committed 24192K, reserved 1071104K
  class space    used 2411K, capacity 2631K, committed 2688K, reserved 1048576K
}
Event: 13343.595 GC heap after
{Heap after GC invocations=13546 (full 17):
 def new generation   total 2063744K, used 68094K [0x0000000080200000, 0x000000010c140000, 0x0000000300150000)
  eden space 1834496K,   0% used [0x0000000080200000, 0x0000000080200000, 0x00000000f0180000)
  from space 229248K,  29% used [0x00000000f0180000, 0x00000000f43ff810, 0x00000000fe160000)
  to   space 229248K,   0% used [0x00000000fe160000, 0x00000000fe160000, 0x000000010c140000)
 tenured generation   total 4585904K, used 4567034K [0x0000000300150000, 0x0000000417fbc000, 0x0000000800000000)
   the space 4585904K,  99% used [0x0000000300150000, 0x0000000416d4e840, 0x0000000416d4ea00, 0x0000000417fbc000)
 Metaspace       used 23335K, capacity 23885K, committed 24192K, reserved 1071104K
  class space    used 2411K, capacity 2631K, committed 2688K, reserved 1048576K
}
Event: 13345.314 GC heap before
{Heap before GC invocations=13546 (full 17):
 def new generation   total 2063744K, used 1898330K [0x0000000080200000, 0x000000010c140000, 0x0000000300150000)
  eden space 1834496K,  99% used [0x0000000080200000, 0x00000000efd57158, 0x00000000f0180000)
  from space 229248K,  29% used [0x00000000f0180000, 0x00000000f43ff810, 0x00000000fe160000)
  to   space 229248K,   0% used [0x00000000fe160000, 0x00000000fe160000, 0x000000010c140000)
 tenured generation   total 4585904K, used 4567034K [0x0000000300150000, 0x0000000417fbc000, 0x0000000800000000)
   the space 4585904K,  99% used [0x0000000300150000, 0x0000000416d4e840, 0x0000000416d4ea00, 0x0000000417fbc000)
 Metaspace       used 23335K, capacity 23885K, committed 24192K, reserved 1071104K
  class space    used 2411K, capacity 2631K, committed 2688K, reserved 1048576K
}
Event: 13345.371 GC heap after
{Heap after GC invocations=13547 (full 17):
 def new generation   total 2063744K, used 34210K [0x0000000080200000, 0x000000010c140000, 0x0000000300150000)
  eden space 1834496K,   0% used [0x0000000080200000, 0x0000000080200000, 0x00000000f0180000)
  from space 229248K,  14% used [0x00000000fe160000, 0x00000001002c8bf8, 0x000000010c140000)
  to   space 229248K,   0% used [0x00000000f0180000, 0x00000000f0180000, 0x00000000fe160000)
 tenured generation   total 4618680K, used 4602991K [0x0000000300150000, 0x0000000419fbe000, 0x0000000800000000)
   the space 4618680K,  99% used [0x0000000300150000, 0x000000041906bd28, 0x000000041906be00, 0x0000000419fbe000)
 Metaspace       used 23335K, capacity 23885K, committed 24192K, reserved 1071104K
  class space    used 2411K, capacity 2631K, committed 2688K, reserved 1048576K
}
Event: 13345.371 GC heap before
{Heap before GC invocations=13547 (full 17):
 def new generation   total 2063744K, used 34210K [0x0000000080200000, 0x000000010c140000, 0x0000000300150000)
  eden space 1834496K,   0% used [0x0000000080200000, 0x0000000080200000, 0x00000000f0180000)
  from space 229248K,  14% used [0x00000000fe160000, 0x00000001002c8bf8, 0x000000010c140000)
  to   space 229248K,   0% used [0x00000000f0180000, 0x00000000f0180000, 0x00000000fe160000)
 tenured generation   total 4618680K, used 4602991K [0x0000000300150000, 0x0000000419fbe000, 0x0000000800000000)
   the space 4618680K,  99% used [0x0000000300150000, 0x000000041906bd28, 0x000000041906be00, 0x0000000419fbe000)
 Metaspace       used 23335K, capacity 23885K, committed 24192K, reserved 1071104K
  class space    used 2411K, capacity 2631K, committed 2688K, reserved 1048576K
}

