# JRE version: OpenJDK Runtime Environment (13.0.7+5) (build 13.0.7+5-Ubuntu-0ubuntu120.04)
# Java VM: OpenJDK 64-Bit Server VM (13.0.7+5-Ubuntu-0ubuntu120.04, mixed mode, tiered, serial gc, linux-amd64)
Heap:
 def new generation   total 1048960K, used 9797K [0x00007f4e74600000, 0x00007f4ebb830000, 0x00007f53c9b50000)
  eden space 932416K,   1% used [0x00007f4e74600000, 0x00007f4e74f91758, 0x00007f4ead490000)
  from space 116544K,   0% used [0x00007f4ead490000, 0x00007f4ead490000, 0x00007f4eb4660000)
  to   space 116544K,   0% used [0x00007f4eb4660000, 0x00007f4eb4660000, 0x00007f4ebb830000)
 tenured generation   total 2331072K, used 2331071K [0x00007f53c9b50000, 0x00007f5457fc0000, 0x00007f5e74600000)
   the space 2331072K,  99% used [0x00007f53c9b50000, 0x00007f5457fbfff0, 0x00007f5457fc0000, 0x00007f5457fc0000)
 Metaspace       used 24229K, capacity 24599K, committed 24832K, reserved 26624K
GC Heap History (20 events):
Event: 3313.744 GC heap after
{Heap after GC invocations=4959 (full 2):
 def new generation   total 1048960K, used 9887K [0x00007f4e74600000, 0x00007f4ebb830000, 0x00007f53c9b50000)
  eden space 932416K,   0% used [0x00007f4e74600000, 0x00007f4e74600000, 0x00007f4ead490000)
  from space 116544K,   8% used [0x00007f4eb4660000, 0x00007f4eb5007dd8, 0x00007f4ebb830000)
  to   space 116544K,   0% used [0x00007f4ead490000, 0x00007f4ead490000, 0x00007f4eb4660000)
 tenured generation   total 2330880K, used 2325085K [0x00007f53c9b50000, 0x00007f5457f90000, 0x00007f5e74600000)
   the space 2330880K,  99% used [0x00007f53c9b50000, 0x00007f54579e7768, 0x00007f54579e7800, 0x00007f5457f90000)
 Metaspace       used 24229K, capacity 24599K, committed 24832K, reserved 26624K
}
Event: 3314.695 GC heap before
{Heap before GC invocations=4959 (full 2):
 def new generation   total 1048960K, used 942303K [0x00007f4e74600000, 0x00007f4ebb830000, 0x00007f53c9b50000)
  eden space 932416K, 100% used [0x00007f4e74600000, 0x00007f4ead490000, 0x00007f4ead490000)
  from space 116544K,   8% used [0x00007f4eb4660000, 0x00007f4eb5007dd8, 0x00007f4ebb830000)
  to   space 116544K,   0% used [0x00007f4ead490000, 0x00007f4ead490000, 0x00007f4eb4660000)
 tenured generation   total 2330880K, used 2325085K [0x00007f53c9b50000, 0x00007f5457f90000, 0x00007f5e74600000)
   the space 2330880K,  99% used [0x00007f53c9b50000, 0x00007f54579e7768, 0x00007f54579e7800, 0x00007f5457f90000)
 Metaspace       used 24229K, capacity 24599K, committed 24832K, reserved 26624K
}
Event: 3314.721 GC heap after
{Heap after GC invocations=4960 (full 2):
 def new generation   total 1048960K, used 9879K [0x00007f4e74600000, 0x00007f4ebb830000, 0x00007f53c9b50000)
  eden space 932416K,   0% used [0x00007f4e74600000, 0x00007f4e74600000, 0x00007f4ead490000)
  from space 116544K,   8% used [0x00007f4ead490000, 0x00007f4eade35c98, 0x00007f4eb4660000)
  to   space 116544K,   0% used [0x00007f4eb4660000, 0x00007f4eb4660000, 0x00007f4ebb830000)
 tenured generation   total 2330880K, used 2325743K [0x00007f53c9b50000, 0x00007f5457f90000, 0x00007f5e74600000)
   the space 2330880K,  99% used [0x00007f53c9b50000, 0x00007f5457a8be48, 0x00007f5457a8c000, 0x00007f5457f90000)
 Metaspace       used 24229K, capacity 24599K, committed 24832K, reserved 26624K
}
Event: 3315.667 GC heap before
{Heap before GC invocations=4960 (full 2):
 def new generation   total 1048960K, used 942295K [0x00007f4e74600000, 0x00007f4ebb830000, 0x00007f53c9b50000)
  eden space 932416K, 100% used [0x00007f4e74600000, 0x00007f4ead490000, 0x00007f4ead490000)
  from space 116544K,   8% used [0x00007f4ead490000, 0x00007f4eade35c98, 0x00007f4eb4660000)
  to   space 116544K,   0% used [0x00007f4eb4660000, 0x00007f4eb4660000, 0x00007f4ebb830000)
 tenured generation   total 2330880K, used 2325743K [0x00007f53c9b50000, 0x00007f5457f90000, 0x00007f5e74600000)
   the space 2330880K,  99% used [0x00007f53c9b50000, 0x00007f5457a8be48, 0x00007f5457a8c000, 0x00007f5457f90000)
 Metaspace       used 24229K, capacity 24599K, committed 24832K, reserved 26624K
}
Event: 3315.687 GC heap after
{Heap after GC invocations=4961 (full 2):
 def new generation   total 1048960K, used 9949K [0x00007f4e74600000, 0x00007f4ebb830000, 0x00007f53c9b50000)
  eden space 932416K,   0% used [0x00007f4e74600000, 0x00007f4e74600000, 0x00007f4ead490000)
  from space 116544K,   8% used [0x00007f4eb4660000, 0x00007f4eb5017738, 0x00007f4ebb830000)
  to   space 116544K,   0% used [0x00007f4ead490000, 0x00007f4ead490000, 0x00007f4eb4660000)
 tenured generation   total 2330880K, used 2326401K [0x00007f53c9b50000, 0x00007f5457f90000, 0x00007f5e74600000)
   the space 2330880K,  99% used [0x00007f53c9b50000, 0x00007f5457b30528, 0x00007f5457b30600, 0x00007f5457f90000)
 Metaspace       used 24229K, capacity 24599K, committed 24832K, reserved 26624K
}
Event: 3316.652 GC heap before
{Heap before GC invocations=4961 (full 2):
 def new generation   total 1048960K, used 942365K [0x00007f4e74600000, 0x00007f4ebb830000, 0x00007f53c9b50000)
  eden space 932416K, 100% used [0x00007f4e74600000, 0x00007f4ead490000, 0x00007f4ead490000)
  from space 116544K,   8% used [0x00007f4eb4660000, 0x00007f4eb5017738, 0x00007f4ebb830000)
  to   space 116544K,   0% used [0x00007f4ead490000, 0x00007f4ead490000, 0x00007f4eb4660000)
 tenured generation   total 2330880K, used 2326401K [0x00007f53c9b50000, 0x00007f5457f90000, 0x00007f5e74600000)
   the space 2330880K,  99% used [0x00007f53c9b50000, 0x00007f5457b30528, 0x00007f5457b30600, 0x00007f5457f90000)
 Metaspace       used 24229K, capacity 24599K, committed 24832K, reserved 26624K
}
Event: 3316.670 GC heap after
{Heap after GC invocations=4962 (full 2):
 def new generation   total 1048960K, used 9945K [0x00007f4e74600000, 0x00007f4ebb830000, 0x00007f53c9b50000)
  eden space 932416K,   0% used [0x00007f4e74600000, 0x00007f4e74600000, 0x00007f4ead490000)
  from space 116544K,   8% used [0x00007f4ead490000, 0x00007f4eade46630, 0x00007f4eb4660000)
  to   space 116544K,   0% used [0x00007f4eb4660000, 0x00007f4eb4660000, 0x00007f4ebb830000)
 tenured generation   total 2330880K, used 2327059K [0x00007f53c9b50000, 0x00007f5457f90000, 0x00007f5e74600000)
   the space 2330880K,  99% used [0x00007f53c9b50000, 0x00007f5457bd4c08, 0x00007f5457bd4e00, 0x00007f5457f90000)
 Metaspace       used 24229K, capacity 24599K, committed 24832K, reserved 26624K
}
Event: 3317.614 GC heap before
{Heap before GC invocations=4962 (full 2):
 def new generation   total 1048960K, used 942361K [0x00007f4e74600000, 0x00007f4ebb830000, 0x00007f53c9b50000)
  eden space 932416K, 100% used [0x00007f4e74600000, 0x00007f4ead490000, 0x00007f4ead490000)
  from space 116544K,   8% used [0x00007f4ead490000, 0x00007f4eade46630, 0x00007f4eb4660000)
  to   space 116544K,   0% used [0x00007f4eb4660000, 0x00007f4eb4660000, 0x00007f4ebb830000)
 tenured generation   total 2330880K, used 2327059K [0x00007f53c9b50000, 0x00007f5457f90000, 0x00007f5e74600000)
   the space 2330880K,  99% used [0x00007f53c9b50000, 0x00007f5457bd4c08, 0x00007f5457bd4e00, 0x00007f5457f90000)
 Metaspace       used 24229K, capacity 24599K, committed 24832K, reserved 26624K
}
Event: 3317.630 GC heap after
{Heap after GC invocations=4963 (full 2):
 def new generation   total 1048960K, used 9954K [0x00007f4e74600000, 0x00007f4ebb830000, 0x00007f53c9b50000)
  eden space 932416K,   0% used [0x00007f4e74600000, 0x00007f4e74600000, 0x00007f4ead490000)
  from space 116544K,   8% used [0x00007f4eb4660000, 0x00007f4eb5018b78, 0x00007f4ebb830000)
  to   space 116544K,   0% used [0x00007f4ead490000, 0x00007f4ead490000, 0x00007f4eb4660000)
 tenured generation   total 2330880K, used 2327716K [0x00007f53c9b50000, 0x00007f5457f90000, 0x00007f5e74600000)
   the space 2330880K,  99% used [0x00007f53c9b50000, 0x00007f5457c792e8, 0x00007f5457c79400, 0x00007f5457f90000)
 Metaspace       used 24229K, capacity 24599K, committed 24832K, reserved 26624K
}
Event: 3318.594 GC heap before
{Heap before GC invocations=4963 (full 2):
 def new generation   total 1048960K, used 942370K [0x00007f4e74600000, 0x00007f4ebb830000, 0x00007f53c9b50000)
  eden space 932416K, 100% used [0x00007f4e74600000, 0x00007f4ead490000, 0x00007f4ead490000)
  from space 116544K,   8% used [0x00007f4eb4660000, 0x00007f4eb5018b78, 0x00007f4ebb830000)
  to   space 116544K,   0% used [0x00007f4ead490000, 0x00007f4ead490000, 0x00007f4eb4660000)
 tenured generation   total 2330880K, used 2327716K [0x00007f53c9b50000, 0x00007f5457f90000, 0x00007f5e74600000)
   the space 2330880K,  99% used [0x00007f53c9b50000, 0x00007f5457c792e8, 0x00007f5457c79400, 0x00007f5457f90000)
 Metaspace       used 24229K, capacity 24599K, committed 24832K, reserved 26624K
}
Event: 3318.619 GC heap after
{Heap after GC invocations=4964 (full 2):
 def new generation   total 1048960K, used 9930K [0x00007f4e74600000, 0x00007f4ebb830000, 0x00007f53c9b50000)
  eden space 932416K,   0% used [0x00007f4e74600000, 0x00007f4e74600000, 0x00007f4ead490000)
  from space 116544K,   8% used [0x00007f4ead490000, 0x00007f4eade429b0, 0x00007f4eb4660000)
  to   space 116544K,   0% used [0x00007f4eb4660000, 0x00007f4eb4660000, 0x00007f4ebb830000)
 tenured generation   total 2330880K, used 2328374K [0x00007f53c9b50000, 0x00007f5457f90000, 0x00007f5e74600000)
   the space 2330880K,  99% used [0x00007f53c9b50000, 0x00007f5457d1d9c8, 0x00007f5457d1da00, 0x00007f5457f90000)
 Metaspace       used 24229K, capacity 24599K, committed 24832K, reserved 26624K
}
Event: 3319.605 GC heap before
{Heap before GC invocations=4964 (full 2):
 def new generation   total 1048960K, used 942346K [0x00007f4e74600000, 0x00007f4ebb830000, 0x00007f53c9b50000)
  eden space 932416K, 100% used [0x00007f4e74600000, 0x00007f4ead490000, 0x00007f4ead490000)
  from space 116544K,   8% used [0x00007f4ead490000, 0x00007f4eade429b0, 0x00007f4eb4660000)
  to   space 116544K,   0% used [0x00007f4eb4660000, 0x00007f4eb4660000, 0x00007f4ebb830000)
 tenured generation   total 2330880K, used 2328374K [0x00007f53c9b50000, 0x00007f5457f90000, 0x00007f5e74600000)
   the space 2330880K,  99% used [0x00007f53c9b50000, 0x00007f5457d1d9c8, 0x00007f5457d1da00, 0x00007f5457f90000)
 Metaspace       used 24229K, capacity 24599K, committed 24832K, reserved 26624K
}
Event: 3319.630 GC heap after
{Heap after GC invocations=4965 (full 2):
 def new generation   total 1048960K, used 9957K [0x00007f4e74600000, 0x00007f4ebb830000, 0x00007f53c9b50000)
  eden space 932416K,   0% used [0x00007f4e74600000, 0x00007f4e74600000, 0x00007f4ead490000)
  from space 116544K,   8% used [0x00007f4eb4660000, 0x00007f4eb5019668, 0x00007f4ebb830000)
  to   space 116544K,   0% used [0x00007f4ead490000, 0x00007f4ead490000, 0x00007f4eb4660000)
 tenured generation   total 2330880K, used 2328981K [0x00007f53c9b50000, 0x00007f5457f90000, 0x00007f5e74600000)
   the space 2330880K,  99% used [0x00007f53c9b50000, 0x00007f5457db5648, 0x00007f5457db5800, 0x00007f5457f90000)
 Metaspace       used 24229K, capacity 24599K, committed 24832K, reserved 26624K
}
Event: 3320.576 GC heap before
{Heap before GC invocations=4965 (full 2):
 def new generation   total 1048960K, used 942373K [0x00007f4e74600000, 0x00007f4ebb830000, 0x00007f53c9b50000)
  eden space 932416K, 100% used [0x00007f4e74600000, 0x00007f4ead490000, 0x00007f4ead490000)
  from space 116544K,   8% used [0x00007f4eb4660000, 0x00007f4eb5019668, 0x00007f4ebb830000)
  to   space 116544K,   0% used [0x00007f4ead490000, 0x00007f4ead490000, 0x00007f4eb4660000)
 tenured generation   total 2330880K, used 2328981K [0x00007f53c9b50000, 0x00007f5457f90000, 0x00007f5e74600000)
   the space 2330880K,  99% used [0x00007f53c9b50000, 0x00007f5457db5648, 0x00007f5457db5800, 0x00007f5457f90000)
 Metaspace       used 24229K, capacity 24599K, committed 24832K, reserved 26624K
}
Event: 3320.595 GC heap after
{Heap after GC invocations=4966 (full 2):
 def new generation   total 1048960K, used 9954K [0x00007f4e74600000, 0x00007f4ebb830000, 0x00007f53c9b50000)
  eden space 932416K,   0% used [0x00007f4e74600000, 0x00007f4e74600000, 0x00007f4ead490000)
  from space 116544K,   8% used [0x00007f4ead490000, 0x00007f4eade48bf0, 0x00007f4eb4660000)
  to   space 116544K,   0% used [0x00007f4eb4660000, 0x00007f4eb4660000, 0x00007f4ebb830000)
 tenured generation   total 2330880K, used 2329643K [0x00007f53c9b50000, 0x00007f5457f90000, 0x00007f5e74600000)
   the space 2330880K,  99% used [0x00007f53c9b50000, 0x00007f5457e5ae68, 0x00007f5457e5b000, 0x00007f5457f90000)
 Metaspace       used 24229K, capacity 24599K, committed 24832K, reserved 26624K
}
Event: 3321.575 GC heap before
{Heap before GC invocations=4966 (full 2):
 def new generation   total 1048960K, used 942370K [0x00007f4e74600000, 0x00007f4ebb830000, 0x00007f53c9b50000)
  eden space 932416K, 100% used [0x00007f4e74600000, 0x00007f4ead490000, 0x00007f4ead490000)
  from space 116544K,   8% used [0x00007f4ead490000, 0x00007f4eade48bf0, 0x00007f4eb4660000)
  to   space 116544K,   0% used [0x00007f4eb4660000, 0x00007f4eb4660000, 0x00007f4ebb830000)
 tenured generation   total 2330880K, used 2329643K [0x00007f53c9b50000, 0x00007f5457f90000, 0x00007f5e74600000)
   the space 2330880K,  99% used [0x00007f53c9b50000, 0x00007f5457e5ae68, 0x00007f5457e5b000, 0x00007f5457f90000)
 Metaspace       used 24229K, capacity 24599K, committed 24832K, reserved 26624K
}
Event: 3321.597 GC heap after
{Heap after GC invocations=4967 (full 2):
 def new generation   total 1048960K, used 9955K [0x00007f4e74600000, 0x00007f4ebb830000, 0x00007f53c9b50000)
  eden space 932416K,   0% used [0x00007f4e74600000, 0x00007f4e74600000, 0x00007f4ead490000)
  from space 116544K,   8% used [0x00007f4eb4660000, 0x00007f4eb5018e30, 0x00007f4ebb830000)
  to   space 116544K,   0% used [0x00007f4ead490000, 0x00007f4ead490000, 0x00007f4eb4660000)
 tenured generation   total 2330880K, used 2330301K [0x00007f53c9b50000, 0x00007f5457f90000, 0x00007f5e74600000)
   the space 2330880K,  99% used [0x00007f53c9b50000, 0x00007f5457eff548, 0x00007f5457eff600, 0x00007f5457f90000)
 Metaspace       used 24229K, capacity 24599K, committed 24832K, reserved 26624K
}
Event: 3322.560 GC heap before
{Heap before GC invocations=4967 (full 2):
 def new generation   total 1048960K, used 942371K [0x00007f4e74600000, 0x00007f4ebb830000, 0x00007f53c9b50000)
  eden space 932416K, 100% used [0x00007f4e74600000, 0x00007f4ead490000, 0x00007f4ead490000)
  from space 116544K,   8% used [0x00007f4eb4660000, 0x00007f4eb5018e30, 0x00007f4ebb830000)
  to   space 116544K,   0% used [0x00007f4ead490000, 0x00007f4ead490000, 0x00007f4eb4660000)
 tenured generation   total 2330880K, used 2330301K [0x00007f53c9b50000, 0x00007f5457f90000, 0x00007f5e74600000)
   the space 2330880K,  99% used [0x00007f53c9b50000, 0x00007f5457eff548, 0x00007f5457eff600, 0x00007f5457f90000)
 Metaspace       used 24229K, capacity 24599K, committed 24832K, reserved 26624K
}
Event: 3322.583 GC heap after
{Heap after GC invocations=4968 (full 2):
 def new generation   total 1048960K, used 9952K [0x00007f4e74600000, 0x00007f4ebb830000, 0x00007f53c9b50000)
  eden space 932416K,   0% used [0x00007f4e74600000, 0x00007f4e74600000, 0x00007f4ead490000)
  from space 116544K,   8% used [0x00007f4ead490000, 0x00007f4eade48140, 0x00007f4eb4660000)
  to   space 116544K,   0% used [0x00007f4eb4660000, 0x00007f4eb4660000, 0x00007f4ebb830000)
 tenured generation   total 2331072K, used 2330959K [0x00007f53c9b50000, 0x00007f5457fc0000, 0x00007f5e74600000)
   the space 2331072K,  99% used [0x00007f53c9b50000, 0x00007f5457fa3c28, 0x00007f5457fa3e00, 0x00007f5457fc0000)
 Metaspace       used 24229K, capacity 24599K, committed 24832K, reserved 26624K
}
Event: 3322.583 GC heap before
{Heap before GC invocations=4968 (full 2):
 def new generation   total 1048960K, used 9952K [0x00007f4e74600000, 0x00007f4ebb830000, 0x00007f53c9b50000)
  eden space 932416K,   0% used [0x00007f4e74600000, 0x00007f4e74600000, 0x00007f4ead490000)
  from space 116544K,   8% used [0x00007f4ead490000, 0x00007f4eade48140, 0x00007f4eb4660000)
  to   space 116544K,   0% used [0x00007f4eb4660000, 0x00007f4eb4660000, 0x00007f4ebb830000)
 tenured generation   total 2331072K, used 2330959K [0x00007f53c9b50000, 0x00007f5457fc0000, 0x00007f5e74600000)
   the space 2331072K,  99% used [0x00007f53c9b50000, 0x00007f5457fa3c28, 0x00007f5457fa3e00, 0x00007f5457fc0000)
 Metaspace       used 24229K, capacity 24599K, committed 24832K, reserved 26624K
}

