# JRE version: OpenJDK Runtime Environment (13.0.7+5) (build 13.0.7+5-Ubuntu-0ubuntu120.04)
# Java VM: OpenJDK 64-Bit Server VM (13.0.7+5-Ubuntu-0ubuntu120.04, mixed mode, tiered, serial gc, linux-amd64)
Heap:
 def new generation   total 11199872K, used 1244338K [0x00007fcd18600000, 0x00007fd00fea0000, 0x00007fd26db50000)
  eden space 9955456K,  12% used [0x00007fcd18600000, 0x00007fcd6452c860, 0x00007fcf78020000)
  from space 1244416K,   0% used [0x00007fcf78020000, 0x00007fcf78020000, 0x00007fcfc3f60000)
  to   space 1244416K,   0% used [0x00007fcfc3f60000, 0x00007fcfc3f60000, 0x00007fd00fea0000)
 tenured generation   total 26766592K, used 26766592K [0x00007fd26db50000, 0x00007fd8cf690000, 0x00007fdd18600000)
   the space 26766592K, 100% used [0x00007fd26db50000, 0x00007fd8cf690000, 0x00007fd8cf690000, 0x00007fd8cf690000)
 Metaspace       used 30647K, capacity 31053K, committed 31232K, reserved 32768K
GC Heap History (20 events):
Event: 755.612 GC heap after
{Heap after GC invocations=43 (full 5):
 def new generation   total 6302720K, used 700287K [0x00007fcd18600000, 0x00007fcec3ce0000, 0x00007fd26db50000)
  eden space 5602432K,   0% used [0x00007fcd18600000, 0x00007fcd18600000, 0x00007fce6e520000)
  from space 700288K,  99% used [0x00007fce6e520000, 0x00007fce990ffff0, 0x00007fce99100000)
  to   space 700288K,   0% used [0x00007fce99100000, 0x00007fce99100000, 0x00007fcec3ce0000)
 tenured generation   total 14005900K, used 12574065K [0x00007fd26db50000, 0x00007fd5c48f3000, 0x00007fdd18600000)
   the space 14005900K,  89% used [0x00007fd26db50000, 0x00007fd56d2ac7f0, 0x00007fd56d2ac800, 0x00007fd5c48f3000)
 Metaspace       used 30647K, capacity 31053K, committed 31232K, reserved 32768K
}
Event: 1155.874 GC heap before
{Heap before GC invocations=43 (full 5):
 def new generation   total 6302720K, used 6302719K [0x00007fcd18600000, 0x00007fcec3ce0000, 0x00007fd26db50000)
  eden space 5602432K, 100% used [0x00007fcd18600000, 0x00007fce6e520000, 0x00007fce6e520000)
  from space 700288K,  99% used [0x00007fce6e520000, 0x00007fce990ffff0, 0x00007fce99100000)
  to   space 700288K,   0% used [0x00007fce99100000, 0x00007fce99100000, 0x00007fcec3ce0000)
 tenured generation   total 14005900K, used 12574065K [0x00007fd26db50000, 0x00007fd5c48f3000, 0x00007fdd18600000)
   the space 14005900K,  89% used [0x00007fd26db50000, 0x00007fd56d2ac7f0, 0x00007fd56d2ac800, 0x00007fd5c48f3000)
 Metaspace       used 30647K, capacity 31053K, committed 31232K, reserved 32768K
}
Event: 1162.733 GC heap after
{Heap after GC invocations=44 (full 5):
 def new generation   total 6302720K, used 700287K [0x00007fcd18600000, 0x00007fcec3ce0000, 0x00007fd26db50000)
  eden space 5602432K,   0% used [0x00007fcd18600000, 0x00007fcd18600000, 0x00007fce6e520000)
  from space 700288K,  99% used [0x00007fce99100000, 0x00007fcec3cdfff0, 0x00007fcec3ce0000)
  to   space 700288K,   0% used [0x00007fce6e520000, 0x00007fce6e520000, 0x00007fce99100000)
 tenured generation   total 14005900K, used 13753519K [0x00007fd26db50000, 0x00007fd5c48f3000, 0x00007fdd18600000)
   the space 14005900K,  98% used [0x00007fd26db50000, 0x00007fd5b527bd70, 0x00007fd5b527be00, 0x00007fd5c48f3000)
 Metaspace       used 30647K, capacity 31053K, committed 31232K, reserved 32768K
}
Event: 1544.886 GC heap before
{Heap before GC invocations=44 (full 5):
 def new generation   total 6302720K, used 6302719K [0x00007fcd18600000, 0x00007fcec3ce0000, 0x00007fd26db50000)
  eden space 5602432K, 100% used [0x00007fcd18600000, 0x00007fce6e520000, 0x00007fce6e520000)
  from space 700288K,  99% used [0x00007fce99100000, 0x00007fcec3cdfff0, 0x00007fcec3ce0000)
  to   space 700288K,   0% used [0x00007fce6e520000, 0x00007fce6e520000, 0x00007fce99100000)
 tenured generation   total 14005900K, used 13753519K [0x00007fd26db50000, 0x00007fd5c48f3000, 0x00007fdd18600000)
   the space 14005900K,  98% used [0x00007fd26db50000, 0x00007fd5b527bd70, 0x00007fd5b527be00, 0x00007fd5c48f3000)
 Metaspace       used 30647K, capacity 31053K, committed 31232K, reserved 32768K
}
Event: 1547.030 GC heap after
{Heap after GC invocations=45 (full 5):
 def new generation   total 6302720K, used 700287K [0x00007fcd18600000, 0x00007fcec3ce0000, 0x00007fd26db50000)
  eden space 5602432K,   0% used [0x00007fcd18600000, 0x00007fcd18600000, 0x00007fce6e520000)
  from space 700288K,  99% used [0x00007fce6e520000, 0x00007fce990ffff0, 0x00007fce99100000)
  to   space 700288K,   0% used [0x00007fce99100000, 0x00007fce99100000, 0x00007fcec3ce0000)
 tenured generation   total 14933068K, used 14932972K [0x00007fd26db50000, 0x00007fd5fd263000, 0x00007fdd18600000)
   the space 14933068K,  99% used [0x00007fd26db50000, 0x00007fd5fd24b1d0, 0x00007fd5fd24b200, 0x00007fd5fd263000)
 Metaspace       used 30647K, capacity 31053K, committed 31232K, reserved 32768K
}
Event: 1547.030 GC heap before
{Heap before GC invocations=45 (full 5):
 def new generation   total 6302720K, used 700287K [0x00007fcd18600000, 0x00007fcec3ce0000, 0x00007fd26db50000)
  eden space 5602432K,   0% used [0x00007fcd18600000, 0x00007fcd18600000, 0x00007fce6e520000)
  from space 700288K,  99% used [0x00007fce6e520000, 0x00007fce990ffff0, 0x00007fce99100000)
  to   space 700288K,   0% used [0x00007fce99100000, 0x00007fce99100000, 0x00007fcec3ce0000)
 tenured generation   total 14933068K, used 14932972K [0x00007fd26db50000, 0x00007fd5fd263000, 0x00007fdd18600000)
   the space 14933068K,  99% used [0x00007fd26db50000, 0x00007fd5fd24b1d0, 0x00007fd5fd24b200, 0x00007fd5fd263000)
 Metaspace       used 30647K, capacity 31053K, committed 31232K, reserved 32768K
}
Event: 1572.144 GC heap after
{Heap after GC invocations=45 (full 6):
 def new generation   total 11199872K, used 636608K [0x00007fcd18600000, 0x00007fd00fea0000, 0x00007fd26db50000)
  eden space 9955456K,   6% used [0x00007fcd18600000, 0x00007fcd3f3b01a0, 0x00007fcf78020000)
  from space 1244416K,   0% used [0x00007fcf78020000, 0x00007fcf78020000, 0x00007fcfc3f60000)
  to   space 1244416K,   0% used [0x00007fcfc3f60000, 0x00007fcfc3f60000, 0x00007fd00fea0000)
 tenured generation   total 24888448K, used 14933068K [0x00007fd26db50000, 0x00007fd85cc70000, 0x00007fdd18600000)
   the space 24888448K,  59% used [0x00007fd26db50000, 0x00007fd5fd263000, 0x00007fd5fd263000, 0x00007fd85cc70000)
 Metaspace       used 30647K, capacity 31053K, committed 31232K, reserved 32768K
}
Event: 2145.005 GC heap before
{Heap before GC invocations=45 (full 6):
 def new generation   total 11199872K, used 9955456K [0x00007fcd18600000, 0x00007fd00fea0000, 0x00007fd26db50000)
  eden space 9955456K, 100% used [0x00007fcd18600000, 0x00007fcf78020000, 0x00007fcf78020000)
  from space 1244416K,   0% used [0x00007fcf78020000, 0x00007fcf78020000, 0x00007fcfc3f60000)
  to   space 1244416K,   0% used [0x00007fcfc3f60000, 0x00007fcfc3f60000, 0x00007fd00fea0000)
 tenured generation   total 24888448K, used 14933068K [0x00007fd26db50000, 0x00007fd85cc70000, 0x00007fdd18600000)
   the space 24888448K,  59% used [0x00007fd26db50000, 0x00007fd5fd263000, 0x00007fd5fd263000, 0x00007fd85cc70000)
 Metaspace       used 30647K, capacity 31053K, committed 31232K, reserved 32768K
}
Event: 2152.205 GC heap after
{Heap after GC invocations=46 (full 6):
 def new generation   total 11199872K, used 1244415K [0x00007fcd18600000, 0x00007fd00fea0000, 0x00007fd26db50000)
  eden space 9955456K,   0% used [0x00007fcd18600000, 0x00007fcd18600000, 0x00007fcf78020000)
  from space 1244416K,  99% used [0x00007fcfc3f60000, 0x00007fd00fe9fff0, 0x00007fd00fea0000)
  to   space 1244416K,   0% used [0x00007fcf78020000, 0x00007fcf78020000, 0x00007fcfc3f60000)
 tenured generation   total 24888448K, used 16287117K [0x00007fd26db50000, 0x00007fd85cc70000, 0x00007fdd18600000)
   the space 24888448K,  65% used [0x00007fd26db50000, 0x00007fd64fcb3640, 0x00007fd64fcb3800, 0x00007fd85cc70000)
 Metaspace       used 30647K, capacity 31053K, committed 31232K, reserved 32768K
}
Event: 2690.567 GC heap before
{Heap before GC invocations=46 (full 6):
 def new generation   total 11199872K, used 11199871K [0x00007fcd18600000, 0x00007fd00fea0000, 0x00007fd26db50000)
  eden space 9955456K, 100% used [0x00007fcd18600000, 0x00007fcf78020000, 0x00007fcf78020000)
  from space 1244416K,  99% used [0x00007fcfc3f60000, 0x00007fd00fe9fff0, 0x00007fd00fea0000)
  to   space 1244416K,   0% used [0x00007fcf78020000, 0x00007fcf78020000, 0x00007fcfc3f60000)
 tenured generation   total 24888448K, used 16287117K [0x00007fd26db50000, 0x00007fd85cc70000, 0x00007fdd18600000)
   the space 24888448K,  65% used [0x00007fd26db50000, 0x00007fd64fcb3640, 0x00007fd64fcb3800, 0x00007fd85cc70000)
 Metaspace       used 30647K, capacity 31053K, committed 31232K, reserved 32768K
}
Event: 2694.831 GC heap after
{Heap after GC invocations=47 (full 6):
 def new generation   total 11199872K, used 1244415K [0x00007fcd18600000, 0x00007fd00fea0000, 0x00007fd26db50000)
  eden space 9955456K,   0% used [0x00007fcd18600000, 0x00007fcd18600000, 0x00007fcf78020000)
  from space 1244416K,  99% used [0x00007fcf78020000, 0x00007fcfc3f5fff0, 0x00007fcfc3f60000)
  to   space 1244416K,   0% used [0x00007fcfc3f60000, 0x00007fcfc3f60000, 0x00007fd00fea0000)
 tenured generation   total 24888448K, used 18382996K [0x00007fd26db50000, 0x00007fd85cc70000, 0x00007fdd18600000)
   the space 24888448K,  73% used [0x00007fd26db50000, 0x00007fd6cfb752e0, 0x00007fd6cfb75400, 0x00007fd85cc70000)
 Metaspace       used 30647K, capacity 31053K, committed 31232K, reserved 32768K
}
Event: 3199.339 GC heap before
{Heap before GC invocations=47 (full 6):
 def new generation   total 11199872K, used 11199871K [0x00007fcd18600000, 0x00007fd00fea0000, 0x00007fd26db50000)
  eden space 9955456K, 100% used [0x00007fcd18600000, 0x00007fcf78020000, 0x00007fcf78020000)
  from space 1244416K,  99% used [0x00007fcf78020000, 0x00007fcfc3f5fff0, 0x00007fcfc3f60000)
  to   space 1244416K,   0% used [0x00007fcfc3f60000, 0x00007fcfc3f60000, 0x00007fd00fea0000)
 tenured generation   total 24888448K, used 18382996K [0x00007fd26db50000, 0x00007fd85cc70000, 0x00007fdd18600000)
   the space 24888448K,  73% used [0x00007fd26db50000, 0x00007fd6cfb752e0, 0x00007fd6cfb75400, 0x00007fd85cc70000)
 Metaspace       used 30647K, capacity 31053K, committed 31232K, reserved 32768K
}
Event: 3203.067 GC heap after
{Heap after GC invocations=48 (full 6):
 def new generation   total 11199872K, used 1244415K [0x00007fcd18600000, 0x00007fd00fea0000, 0x00007fd26db50000)
  eden space 9955456K,   0% used [0x00007fcd18600000, 0x00007fcd18600000, 0x00007fcf78020000)
  from space 1244416K,  99% used [0x00007fcfc3f60000, 0x00007fd00fe9fff0, 0x00007fd00fea0000)
  to   space 1244416K,   0% used [0x00007fcf78020000, 0x00007fcf78020000, 0x00007fcfc3f60000)
 tenured generation   total 24888448K, used 20478876K [0x00007fd26db50000, 0x00007fd85cc70000, 0x00007fdd18600000)
   the space 24888448K,  82% used [0x00007fd26db50000, 0x00007fd74fa370a0, 0x00007fd74fa37200, 0x00007fd85cc70000)
 Metaspace       used 30647K, capacity 31053K, committed 31232K, reserved 32768K
}
Event: 3580.387 GC heap before
{Heap before GC invocations=48 (full 6):
 def new generation   total 11199872K, used 11199871K [0x00007fcd18600000, 0x00007fd00fea0000, 0x00007fd26db50000)
  eden space 9955456K, 100% used [0x00007fcd18600000, 0x00007fcf78020000, 0x00007fcf78020000)
  from space 1244416K,  99% used [0x00007fcfc3f60000, 0x00007fd00fe9fff0, 0x00007fd00fea0000)
  to   space 1244416K,   0% used [0x00007fcf78020000, 0x00007fcf78020000, 0x00007fcfc3f60000)
 tenured generation   total 24888448K, used 20478876K [0x00007fd26db50000, 0x00007fd85cc70000, 0x00007fdd18600000)
   the space 24888448K,  82% used [0x00007fd26db50000, 0x00007fd74fa370a0, 0x00007fd74fa37200, 0x00007fd85cc70000)
 Metaspace       used 30647K, capacity 31053K, committed 31232K, reserved 32768K
}
Event: 3584.364 GC heap after
{Heap after GC invocations=49 (full 6):
 def new generation   total 11199872K, used 1244415K [0x00007fcd18600000, 0x00007fd00fea0000, 0x00007fd26db50000)
  eden space 9955456K,   0% used [0x00007fcd18600000, 0x00007fcd18600000, 0x00007fcf78020000)
  from space 1244416K,  99% used [0x00007fcf78020000, 0x00007fcfc3f5fff0, 0x00007fcfc3f60000)
  to   space 1244416K,   0% used [0x00007fcfc3f60000, 0x00007fcfc3f60000, 0x00007fd00fea0000)
 tenured generation   total 24888448K, used 22574755K [0x00007fd26db50000, 0x00007fd85cc70000, 0x00007fdd18600000)
   the space 24888448K,  90% used [0x00007fd26db50000, 0x00007fd7cf8f8de0, 0x00007fd7cf8f8e00, 0x00007fd85cc70000)
 Metaspace       used 30647K, capacity 31053K, committed 31232K, reserved 32768K
}
Event: 3840.648 GC heap before
{Heap before GC invocations=49 (full 6):
 def new generation   total 11199872K, used 11199871K [0x00007fcd18600000, 0x00007fd00fea0000, 0x00007fd26db50000)
  eden space 9955456K, 100% used [0x00007fcd18600000, 0x00007fcf78020000, 0x00007fcf78020000)
  from space 1244416K,  99% used [0x00007fcf78020000, 0x00007fcfc3f5fff0, 0x00007fcfc3f60000)
  to   space 1244416K,   0% used [0x00007fcfc3f60000, 0x00007fcfc3f60000, 0x00007fd00fea0000)
 tenured generation   total 24888448K, used 22574755K [0x00007fd26db50000, 0x00007fd85cc70000, 0x00007fdd18600000)
   the space 24888448K,  90% used [0x00007fd26db50000, 0x00007fd7cf8f8de0, 0x00007fd7cf8f8e00, 0x00007fd85cc70000)
 Metaspace       used 30647K, capacity 31053K, committed 31232K, reserved 32768K
}
Event: 3844.330 GC heap after
{Heap after GC invocations=50 (full 6):
 def new generation   total 11199872K, used 1244415K [0x00007fcd18600000, 0x00007fd00fea0000, 0x00007fd26db50000)
  eden space 9955456K,   0% used [0x00007fcd18600000, 0x00007fcd18600000, 0x00007fcf78020000)
  from space 1244416K,  99% used [0x00007fcfc3f60000, 0x00007fd00fe9fff0, 0x00007fd00fea0000)
  to   space 1244416K,   0% used [0x00007fcf78020000, 0x00007fcf78020000, 0x00007fcfc3f60000)
 tenured generation   total 24888448K, used 24670634K [0x00007fd26db50000, 0x00007fd85cc70000, 0x00007fdd18600000)
   the space 24888448K,  99% used [0x00007fd26db50000, 0x00007fd84f7bab60, 0x00007fd84f7bac00, 0x00007fd85cc70000)
 Metaspace       used 30647K, capacity 31053K, committed 31232K, reserved 32768K
}
Event: 4019.839 GC heap before
{Heap before GC invocations=50 (full 6):
 def new generation   total 11199872K, used 11199871K [0x00007fcd18600000, 0x00007fd00fea0000, 0x00007fd26db50000)
  eden space 9955456K, 100% used [0x00007fcd18600000, 0x00007fcf78020000, 0x00007fcf78020000)
  from space 1244416K,  99% used [0x00007fcfc3f60000, 0x00007fd00fe9fff0, 0x00007fd00fea0000)
  to   space 1244416K,   0% used [0x00007fcf78020000, 0x00007fcf78020000, 0x00007fcfc3f60000)
 tenured generation   total 24888448K, used 24670634K [0x00007fd26db50000, 0x00007fd85cc70000, 0x00007fdd18600000)
   the space 24888448K,  99% used [0x00007fd26db50000, 0x00007fd84f7bab60, 0x00007fd84f7bac00, 0x00007fd85cc70000)
 Metaspace       used 30647K, capacity 31053K, committed 31232K, reserved 32768K
}
Event: 4023.780 GC heap after
{Heap after GC invocations=51 (full 6):
 def new generation   total 11199872K, used 1244416K [0x00007fcd18600000, 0x00007fd00fea0000, 0x00007fd26db50000)
  eden space 9955456K,   0% used [0x00007fcd18600000, 0x00007fcd18600000, 0x00007fcf78020000)
  from space 1244416K, 100% used [0x00007fcf78020000, 0x00007fcfc3f60000, 0x00007fcfc3f60000)
  to   space 1244416K,   0% used [0x00007fcfc3f60000, 0x00007fcfc3f60000, 0x00007fd00fea0000)
 tenured generation   total 26766592K, used 26766514K [0x00007fd26db50000, 0x00007fd8cf690000, 0x00007fdd18600000)
   the space 26766592K,  99% used [0x00007fd26db50000, 0x00007fd8cf67c860, 0x00007fd8cf67ca00, 0x00007fd8cf690000)
 Metaspace       used 30647K, capacity 31053K, committed 31232K, reserved 32768K
}
Event: 4023.780 GC heap before
{Heap before GC invocations=51 (full 6):
 def new generation   total 11199872K, used 1244416K [0x00007fcd18600000, 0x00007fd00fea0000, 0x00007fd26db50000)
  eden space 9955456K,   0% used [0x00007fcd18600000, 0x00007fcd18600000, 0x00007fcf78020000)
  from space 1244416K, 100% used [0x00007fcf78020000, 0x00007fcfc3f60000, 0x00007fcfc3f60000)
  to   space 1244416K,   0% used [0x00007fcfc3f60000, 0x00007fcfc3f60000, 0x00007fd00fea0000)
 tenured generation   total 26766592K, used 26766514K [0x00007fd26db50000, 0x00007fd8cf690000, 0x00007fdd18600000)
   the space 26766592K,  99% used [0x00007fd26db50000, 0x00007fd8cf67c860, 0x00007fd8cf67ca00, 0x00007fd8cf690000)
 Metaspace       used 30647K, capacity 31053K, committed 31232K, reserved 32768K
}

