# JRE version: OpenJDK Runtime Environment (13.0.7+5) (build 13.0.7+5-Ubuntu-0ubuntu120.04)
# Java VM: OpenJDK 64-Bit Server VM (13.0.7+5-Ubuntu-0ubuntu120.04, mixed mode, tiered, serial gc, linux-amd64)
Heap:
 def new generation   total 12412992K, used 0K [0x00007f17fc600000, 0x00007f1b462f0000, 0x00007f1d51b50000)
  eden space 11033792K,   0% used [0x00007f17fc600000, 0x00007f17fc600000, 0x00007f1a9dd30000)
  from space 1379200K,   0% used [0x00007f1af2010000, 0x00007f1af2010000, 0x00007f1b462f0000)
  to   space 1379200K,   0% used [0x00007f1a9dd30000, 0x00007f1a9dd30000, 0x00007f1af2010000)
 tenured generation   total 28062232K, used 25521193K [0x00007f1d51b50000, 0x00007f24027d6000, 0x00007f27fc600000)
   the space 28062232K,  90% used [0x00007f1d51b50000, 0x00007f236765a778, 0x00007f236765a800, 0x00007f24027d6000)
 Metaspace       used 31101K, capacity 31584K, committed 31744K, reserved 32768K
GC Heap History (20 events):
Event: 2171.818 GC heap after
{Heap after GC invocations=149 (full 9):
 def new generation   total 12412992K, used 902906K [0x00007f17fc600000, 0x00007f1b462f0000, 0x00007f1d51b50000)
  eden space 11033792K,   0% used [0x00007f17fc600000, 0x00007f17fc600000, 0x00007f1a9dd30000)
  from space 1379200K,  65% used [0x00007f1a9dd30000, 0x00007f1ad4eee848, 0x00007f1af2010000)
  to   space 1379200K,   0% used [0x00007f1af2010000, 0x00007f1af2010000, 0x00007f1b462f0000)
 tenured generation   total 27584344K, used 19948247K [0x00007f1d51b50000, 0x00007f23e5526000, 0x00007f27fc600000)
   the space 27584344K,  72% used [0x00007f1d51b50000, 0x00007f2213405cf0, 0x00007f2213405e00, 0x00007f23e5526000)
 Metaspace       used 31101K, capacity 31584K, committed 31744K, reserved 32768K
}
Event: 2174.873 GC heap before
{Heap before GC invocations=149 (full 9):
 def new generation   total 12412992K, used 11936698K [0x00007f17fc600000, 0x00007f1b462f0000, 0x00007f1d51b50000)
  eden space 11033792K, 100% used [0x00007f17fc600000, 0x00007f1a9dd30000, 0x00007f1a9dd30000)
  from space 1379200K,  65% used [0x00007f1a9dd30000, 0x00007f1ad4eee848, 0x00007f1af2010000)
  to   space 1379200K,   0% used [0x00007f1af2010000, 0x00007f1af2010000, 0x00007f1b462f0000)
 tenured generation   total 27584344K, used 19948247K [0x00007f1d51b50000, 0x00007f23e5526000, 0x00007f27fc600000)
   the space 27584344K,  72% used [0x00007f1d51b50000, 0x00007f2213405cf0, 0x00007f2213405e00, 0x00007f23e5526000)
 Metaspace       used 31101K, capacity 31584K, committed 31744K, reserved 32768K
}
Event: 2177.307 GC heap after
{Heap after GC invocations=150 (full 9):
 def new generation   total 12412992K, used 900120K [0x00007f17fc600000, 0x00007f1b462f0000, 0x00007f1d51b50000)
  eden space 11033792K,   0% used [0x00007f17fc600000, 0x00007f17fc600000, 0x00007f1a9dd30000)
  from space 1379200K,  65% used [0x00007f1af2010000, 0x00007f1b28f16150, 0x00007f1b462f0000)
  to   space 1379200K,   0% used [0x00007f1a9dd30000, 0x00007f1a9dd30000, 0x00007f1af2010000)
 tenured generation   total 27584344K, used 20851153K [0x00007f1d51b50000, 0x00007f23e5526000, 0x00007f27fc600000)
   the space 27584344K,  75% used [0x00007f1d51b50000, 0x00007f224a5c4478, 0x00007f224a5c4600, 0x00007f23e5526000)
 Metaspace       used 31101K, capacity 31584K, committed 31744K, reserved 32768K
}
Event: 2180.468 GC heap before
{Heap before GC invocations=150 (full 9):
 def new generation   total 12412992K, used 11933912K [0x00007f17fc600000, 0x00007f1b462f0000, 0x00007f1d51b50000)
  eden space 11033792K, 100% used [0x00007f17fc600000, 0x00007f1a9dd30000, 0x00007f1a9dd30000)
  from space 1379200K,  65% used [0x00007f1af2010000, 0x00007f1b28f16150, 0x00007f1b462f0000)
  to   space 1379200K,   0% used [0x00007f1a9dd30000, 0x00007f1a9dd30000, 0x00007f1af2010000)
 tenured generation   total 27584344K, used 20851153K [0x00007f1d51b50000, 0x00007f23e5526000, 0x00007f27fc600000)
   the space 27584344K,  75% used [0x00007f1d51b50000, 0x00007f224a5c4478, 0x00007f224a5c4600, 0x00007f23e5526000)
 Metaspace       used 31101K, capacity 31584K, committed 31744K, reserved 32768K
}
Event: 2182.925 GC heap after
{Heap after GC invocations=151 (full 9):
 def new generation   total 12412992K, used 910417K [0x00007f17fc600000, 0x00007f1b462f0000, 0x00007f1d51b50000)
  eden space 11033792K,   0% used [0x00007f17fc600000, 0x00007f17fc600000, 0x00007f1a9dd30000)
  from space 1379200K,  66% used [0x00007f1a9dd30000, 0x00007f1ad5644430, 0x00007f1af2010000)
  to   space 1379200K,   0% used [0x00007f1af2010000, 0x00007f1af2010000, 0x00007f1b462f0000)
 tenured generation   total 27584344K, used 21751273K [0x00007f1d51b50000, 0x00007f23e5526000, 0x00007f27fc600000)
   the space 27584344K,  78% used [0x00007f1d51b50000, 0x00007f22814ca458, 0x00007f22814ca600, 0x00007f23e5526000)
 Metaspace       used 31101K, capacity 31584K, committed 31744K, reserved 32768K
}
Event: 2186.004 GC heap before
{Heap before GC invocations=151 (full 9):
 def new generation   total 12412992K, used 11944209K [0x00007f17fc600000, 0x00007f1b462f0000, 0x00007f1d51b50000)
  eden space 11033792K, 100% used [0x00007f17fc600000, 0x00007f1a9dd30000, 0x00007f1a9dd30000)
  from space 1379200K,  66% used [0x00007f1a9dd30000, 0x00007f1ad5644430, 0x00007f1af2010000)
  to   space 1379200K,   0% used [0x00007f1af2010000, 0x00007f1af2010000, 0x00007f1b462f0000)
 tenured generation   total 27584344K, used 21751273K [0x00007f1d51b50000, 0x00007f23e5526000, 0x00007f27fc600000)
   the space 27584344K,  78% used [0x00007f1d51b50000, 0x00007f22814ca458, 0x00007f22814ca600, 0x00007f23e5526000)
 Metaspace       used 31101K, capacity 31584K, committed 31744K, reserved 32768K
}
Event: 2188.416 GC heap after
{Heap after GC invocations=152 (full 9):
 def new generation   total 12412992K, used 897646K [0x00007f17fc600000, 0x00007f1b462f0000, 0x00007f1d51b50000)
  eden space 11033792K,   0% used [0x00007f17fc600000, 0x00007f17fc600000, 0x00007f1a9dd30000)
  from space 1379200K,  65% used [0x00007f1af2010000, 0x00007f1b28cab900, 0x00007f1b462f0000)
  to   space 1379200K,   0% used [0x00007f1a9dd30000, 0x00007f1a9dd30000, 0x00007f1af2010000)
 tenured generation   total 27584344K, used 22661689K [0x00007f1d51b50000, 0x00007f23e5526000, 0x00007f27fc600000)
   the space 27584344K,  82% used [0x00007f1d51b50000, 0x00007f22b8dde548, 0x00007f22b8dde600, 0x00007f23e5526000)
 Metaspace       used 31101K, capacity 31584K, committed 31744K, reserved 32768K
}
Event: 2191.423 GC heap before
{Heap before GC invocations=152 (full 9):
 def new generation   total 12412992K, used 11931438K [0x00007f17fc600000, 0x00007f1b462f0000, 0x00007f1d51b50000)
  eden space 11033792K, 100% used [0x00007f17fc600000, 0x00007f1a9dd30000, 0x00007f1a9dd30000)
  from space 1379200K,  65% used [0x00007f1af2010000, 0x00007f1b28cab900, 0x00007f1b462f0000)
  to   space 1379200K,   0% used [0x00007f1a9dd30000, 0x00007f1a9dd30000, 0x00007f1af2010000)
 tenured generation   total 27584344K, used 22661689K [0x00007f1d51b50000, 0x00007f23e5526000, 0x00007f27fc600000)
   the space 27584344K,  82% used [0x00007f1d51b50000, 0x00007f22b8dde548, 0x00007f22b8dde600, 0x00007f23e5526000)
 Metaspace       used 31101K, capacity 31584K, committed 31744K, reserved 32768K
}
Event: 2194.030 GC heap after
{Heap after GC invocations=153 (full 9):
 def new generation   total 12412992K, used 903233K [0x00007f17fc600000, 0x00007f1b462f0000, 0x00007f1d51b50000)
  eden space 11033792K,   0% used [0x00007f17fc600000, 0x00007f17fc600000, 0x00007f1a9dd30000)
  from space 1379200K,  65% used [0x00007f1a9dd30000, 0x00007f1ad4f40480, 0x00007f1af2010000)
  to   space 1379200K,   0% used [0x00007f1af2010000, 0x00007f1af2010000, 0x00007f1b462f0000)
 tenured generation   total 27584344K, used 23559335K [0x00007f1d51b50000, 0x00007f23e5526000, 0x00007f27fc600000)
   the space 27584344K,  85% used [0x00007f1d51b50000, 0x00007f22efa79c98, 0x00007f22efa79e00, 0x00007f23e5526000)
 Metaspace       used 31101K, capacity 31584K, committed 31744K, reserved 32768K
}
Event: 2197.356 GC heap before
{Heap before GC invocations=153 (full 9):
 def new generation   total 12412992K, used 11937025K [0x00007f17fc600000, 0x00007f1b462f0000, 0x00007f1d51b50000)
  eden space 11033792K, 100% used [0x00007f17fc600000, 0x00007f1a9dd30000, 0x00007f1a9dd30000)
  from space 1379200K,  65% used [0x00007f1a9dd30000, 0x00007f1ad4f40480, 0x00007f1af2010000)
  to   space 1379200K,   0% used [0x00007f1af2010000, 0x00007f1af2010000, 0x00007f1b462f0000)
 tenured generation   total 27584344K, used 23559335K [0x00007f1d51b50000, 0x00007f23e5526000, 0x00007f27fc600000)
   the space 27584344K,  85% used [0x00007f1d51b50000, 0x00007f22efa79c98, 0x00007f22efa79e00, 0x00007f23e5526000)
 Metaspace       used 31101K, capacity 31584K, committed 31744K, reserved 32768K
}
Event: 2199.825 GC heap after
{Heap after GC invocations=154 (full 9):
 def new generation   total 12412992K, used 908129K [0x00007f17fc600000, 0x00007f1b462f0000, 0x00007f1d51b50000)
  eden space 11033792K,   0% used [0x00007f17fc600000, 0x00007f17fc600000, 0x00007f1a9dd30000)
  from space 1379200K,  65% used [0x00007f1af2010000, 0x00007f1b296e87d0, 0x00007f1b462f0000)
  to   space 1379200K,   0% used [0x00007f1a9dd30000, 0x00007f1a9dd30000, 0x00007f1af2010000)
 tenured generation   total 27584344K, used 24462567K [0x00007f1d51b50000, 0x00007f23e5526000, 0x00007f27fc600000)
   the space 27584344K,  88% used [0x00007f1d51b50000, 0x00007f2326c89f38, 0x00007f2326c8a000, 0x00007f23e5526000)
 Metaspace       used 31101K, capacity 31584K, committed 31744K, reserved 32768K
}
Event: 2202.732 GC heap before
{Heap before GC invocations=154 (full 9):
 def new generation   total 12412992K, used 11941921K [0x00007f17fc600000, 0x00007f1b462f0000, 0x00007f1d51b50000)
  eden space 11033792K, 100% used [0x00007f17fc600000, 0x00007f1a9dd30000, 0x00007f1a9dd30000)
  from space 1379200K,  65% used [0x00007f1af2010000, 0x00007f1b296e87d0, 0x00007f1b462f0000)
  to   space 1379200K,   0% used [0x00007f1a9dd30000, 0x00007f1a9dd30000, 0x00007f1af2010000)
 tenured generation   total 27584344K, used 24462567K [0x00007f1d51b50000, 0x00007f23e5526000, 0x00007f27fc600000)
   the space 27584344K,  88% used [0x00007f1d51b50000, 0x00007f2326c89f38, 0x00007f2326c8a000, 0x00007f23e5526000)
 Metaspace       used 31101K, capacity 31584K, committed 31744K, reserved 32768K
}
Event: 2205.049 GC heap after
{Heap after GC invocations=155 (full 9):
 def new generation   total 12412992K, used 898218K [0x00007f17fc600000, 0x00007f1b462f0000, 0x00007f1d51b50000)
  eden space 11033792K,   0% used [0x00007f17fc600000, 0x00007f17fc600000, 0x00007f1a9dd30000)
  from space 1379200K,  65% used [0x00007f1a9dd30000, 0x00007f1ad4a5a900, 0x00007f1af2010000)
  to   space 1379200K,   0% used [0x00007f1af2010000, 0x00007f1af2010000, 0x00007f1b462f0000)
 tenured generation   total 27584344K, used 25370697K [0x00007f1d51b50000, 0x00007f23e5526000, 0x00007f27fc600000)
   the space 27584344K,  91% used [0x00007f1d51b50000, 0x00007f235e362548, 0x00007f235e362600, 0x00007f23e5526000)
 Metaspace       used 31101K, capacity 31584K, committed 31744K, reserved 32768K
}
Event: 2208.112 GC heap before
{Heap before GC invocations=155 (full 9):
 def new generation   total 12412992K, used 11932010K [0x00007f17fc600000, 0x00007f1b462f0000, 0x00007f1d51b50000)
  eden space 11033792K, 100% used [0x00007f17fc600000, 0x00007f1a9dd30000, 0x00007f1a9dd30000)
  from space 1379200K,  65% used [0x00007f1a9dd30000, 0x00007f1ad4a5a900, 0x00007f1af2010000)
  to   space 1379200K,   0% used [0x00007f1af2010000, 0x00007f1af2010000, 0x00007f1b462f0000)
 tenured generation   total 27584344K, used 25370697K [0x00007f1d51b50000, 0x00007f23e5526000, 0x00007f27fc600000)
   the space 27584344K,  91% used [0x00007f1d51b50000, 0x00007f235e362548, 0x00007f235e362600, 0x00007f23e5526000)
 Metaspace       used 31101K, capacity 31584K, committed 31744K, reserved 32768K
}
Event: 2210.540 GC heap after
{Heap after GC invocations=156 (full 9):
 def new generation   total 12412992K, used 900116K [0x00007f17fc600000, 0x00007f1b462f0000, 0x00007f1d51b50000)
  eden space 11033792K,   0% used [0x00007f17fc600000, 0x00007f17fc600000, 0x00007f1a9dd30000)
  from space 1379200K,  65% used [0x00007f1af2010000, 0x00007f1b28f15020, 0x00007f1b462f0000)
  to   space 1379200K,   0% used [0x00007f1a9dd30000, 0x00007f1a9dd30000, 0x00007f1af2010000)
 tenured generation   total 27584344K, used 26268915K [0x00007f1d51b50000, 0x00007f23e5526000, 0x00007f27fc600000)
   the space 27584344K,  95% used [0x00007f1d51b50000, 0x00007f239508cc38, 0x00007f239508ce00, 0x00007f23e5526000)
 Metaspace       used 31101K, capacity 31584K, committed 31744K, reserved 32768K
}
Event: 2213.600 GC heap before
{Heap before GC invocations=156 (full 9):
 def new generation   total 12412992K, used 11933908K [0x00007f17fc600000, 0x00007f1b462f0000, 0x00007f1d51b50000)
  eden space 11033792K, 100% used [0x00007f17fc600000, 0x00007f1a9dd30000, 0x00007f1a9dd30000)
  from space 1379200K,  65% used [0x00007f1af2010000, 0x00007f1b28f15020, 0x00007f1b462f0000)
  to   space 1379200K,   0% used [0x00007f1a9dd30000, 0x00007f1a9dd30000, 0x00007f1af2010000)
 tenured generation   total 27584344K, used 26268915K [0x00007f1d51b50000, 0x00007f23e5526000, 0x00007f27fc600000)
   the space 27584344K,  95% used [0x00007f1d51b50000, 0x00007f239508cc38, 0x00007f239508ce00, 0x00007f23e5526000)
 Metaspace       used 31101K, capacity 31584K, committed 31744K, reserved 32768K
}
Event: 2215.939 GC heap after
{Heap after GC invocations=157 (full 9):
 def new generation   total 12412992K, used 893024K [0x00007f17fc600000, 0x00007f1b462f0000, 0x00007f1d51b50000)
  eden space 11033792K,   0% used [0x00007f17fc600000, 0x00007f17fc600000, 0x00007f1a9dd30000)
  from space 1379200K,  64% used [0x00007f1a9dd30000, 0x00007f1ad4548228, 0x00007f1af2010000)
  to   space 1379200K,   0% used [0x00007f1af2010000, 0x00007f1af2010000, 0x00007f1b462f0000)
 tenured generation   total 27584344K, used 27169030K [0x00007f1d51b50000, 0x00007f23e5526000, 0x00007f27fc600000)
   the space 27584344K,  98% used [0x00007f1d51b50000, 0x00007f23cbf91ad8, 0x00007f23cbf91c00, 0x00007f23e5526000)
 Metaspace       used 31101K, capacity 31584K, committed 31744K, reserved 32768K
}
Event: 2219.144 GC heap before
{Heap before GC invocations=157 (full 9):
 def new generation   total 12412992K, used 11926816K [0x00007f17fc600000, 0x00007f1b462f0000, 0x00007f1d51b50000)
  eden space 11033792K, 100% used [0x00007f17fc600000, 0x00007f1a9dd30000, 0x00007f1a9dd30000)
  from space 1379200K,  64% used [0x00007f1a9dd30000, 0x00007f1ad4548228, 0x00007f1af2010000)
  to   space 1379200K,   0% used [0x00007f1af2010000, 0x00007f1af2010000, 0x00007f1b462f0000)
 tenured generation   total 27584344K, used 27169030K [0x00007f1d51b50000, 0x00007f23e5526000, 0x00007f27fc600000)
   the space 27584344K,  98% used [0x00007f1d51b50000, 0x00007f23cbf91ad8, 0x00007f23cbf91c00, 0x00007f23e5526000)
 Metaspace       used 31101K, capacity 31584K, committed 31744K, reserved 32768K
}
Event: 2221.663 GC heap after
{Heap after GC invocations=158 (full 9):
 def new generation   total 12412992K, used 911148K [0x00007f17fc600000, 0x00007f1b462f0000, 0x00007f1d51b50000)
  eden space 11033792K,   0% used [0x00007f17fc600000, 0x00007f17fc600000, 0x00007f1a9dd30000)
  from space 1379200K,  66% used [0x00007f1af2010000, 0x00007f1b299db038, 0x00007f1b462f0000)
  to   space 1379200K,   0% used [0x00007f1a9dd30000, 0x00007f1a9dd30000, 0x00007f1af2010000)
 tenured generation   total 28062232K, used 28062055K [0x00007f1d51b50000, 0x00007f24027d6000, 0x00007f27fc600000)
   the space 28062232K,  99% used [0x00007f1d51b50000, 0x00007f24027a9c00, 0x00007f24027a9c00, 0x00007f24027d6000)
 Metaspace       used 31101K, capacity 31584K, committed 31744K, reserved 32768K
}
Event: 2221.663 GC heap before
{Heap before GC invocations=158 (full 9):
 def new generation   total 12412992K, used 911148K [0x00007f17fc600000, 0x00007f1b462f0000, 0x00007f1d51b50000)
  eden space 11033792K,   0% used [0x00007f17fc600000, 0x00007f17fc600000, 0x00007f1a9dd30000)
  from space 1379200K,  66% used [0x00007f1af2010000, 0x00007f1b299db038, 0x00007f1b462f0000)
  to   space 1379200K,   0% used [0x00007f1a9dd30000, 0x00007f1a9dd30000, 0x00007f1af2010000)
 tenured generation   total 28062232K, used 28062055K [0x00007f1d51b50000, 0x00007f24027d6000, 0x00007f27fc600000)
   the space 28062232K,  99% used [0x00007f1d51b50000, 0x00007f24027a9c00, 0x00007f24027a9c00, 0x00007f24027d6000)
 Metaspace       used 31101K, capacity 31584K, committed 31744K, reserved 32768K
}

