# JRE version: OpenJDK Runtime Environment (13.0.7+5) (build 13.0.7+5-Ubuntu-0ubuntu120.04)
# Java VM: OpenJDK 64-Bit Server VM (13.0.7+5-Ubuntu-0ubuntu120.04, mixed mode, tiered, serial gc, linux-amd64)
Heap:
 def new generation   total 4058304K, used 3217942K [0x00007f5fa8600000, 0x00007f60bb980000, 0x00007f64fdb50000)
  eden space 3607424K,  85% used [0x00007f5fa8600000, 0x00007f6064bedea0, 0x00007f60848e0000)
  from space 450880K,  29% used [0x00007f60848e0000, 0x00007f608c977c30, 0x00007f60a0130000)
  to   space 450880K,   0% used [0x00007f60a0130000, 0x00007f60a0130748, 0x00007f60bb980000)
 tenured generation   total 9018340K, used 8025087K [0x00007f64fdb50000, 0x00007f6724249000, 0x00007f6fa8600000)
   the space 9018340K,  88% used [0x00007f64fdb50000, 0x00007f66e784ff88, 0x00007f66e7850000, 0x00007f6724249000)
 Metaspace       used 24420K, capacity 24866K, committed 25088K, reserved 26624K
GC Heap History (20 events):
Event: 10330.435 GC heap after
{Heap after GC invocations=14518 (full 55):
 def new generation   total 4058304K, used 131678K [0x00007f5fa8600000, 0x00007f60bb980000, 0x00007f64fdb50000)
  eden space 3607424K,   0% used [0x00007f5fa8600000, 0x00007f5fa8600000, 0x00007f60848e0000)
  from space 450880K,  29% used [0x00007f60a0130000, 0x00007f60a81c7a80, 0x00007f60bb980000)
  to   space 450880K,   0% used [0x00007f60848e0000, 0x00007f60848e0000, 0x00007f60a0130000)
 tenured generation   total 9018340K, used 6976510K [0x00007f64fdb50000, 0x00007f6724249000, 0x00007f6fa8600000)
   the space 9018340K,  77% used [0x00007f64fdb50000, 0x00007f66a784f820, 0x00007f66a784fa00, 0x00007f6724249000)
 Metaspace       used 24420K, capacity 24866K, committed 25088K, reserved 26624K
}
Event: 10333.417 GC heap before
{Heap before GC invocations=14518 (full 55):
 def new generation   total 4058304K, used 3217942K [0x00007f5fa8600000, 0x00007f60bb980000, 0x00007f64fdb50000)
  eden space 3607424K,  85% used [0x00007f5fa8600000, 0x00007f6064bedea0, 0x00007f60848e0000)
  from space 450880K,  29% used [0x00007f60a0130000, 0x00007f60a81c7a80, 0x00007f60bb980000)
  to   space 450880K,   0% used [0x00007f60848e0000, 0x00007f60848e0000, 0x00007f60a0130000)
 tenured generation   total 9018340K, used 6976510K [0x00007f64fdb50000, 0x00007f6724249000, 0x00007f6fa8600000)
   the space 9018340K,  77% used [0x00007f64fdb50000, 0x00007f66a784f820, 0x00007f66a784fa00, 0x00007f6724249000)
 Metaspace       used 24420K, capacity 24866K, committed 25088K, reserved 26624K
}
Event: 10334.038 GC heap after
{Heap after GC invocations=14519 (full 55):
 def new generation   total 4058304K, used 131679K [0x00007f5fa8600000, 0x00007f60bb980000, 0x00007f64fdb50000)
  eden space 3607424K,   0% used [0x00007f5fa8600000, 0x00007f5fa8600000, 0x00007f60848e0000)
  from space 450880K,  29% used [0x00007f60848e0000, 0x00007f608c977c30, 0x00007f60a0130000)
  to   space 450880K,   0% used [0x00007f60a0130000, 0x00007f60a0130000, 0x00007f60bb980000)
 tenured generation   total 9018340K, used 8025086K [0x00007f64fdb50000, 0x00007f6724249000, 0x00007f6fa8600000)
   the space 9018340K,  88% used [0x00007f64fdb50000, 0x00007f66e784f838, 0x00007f66e784fa00, 0x00007f6724249000)
 Metaspace       used 24420K, capacity 24866K, committed 25088K, reserved 26624K
}
Event: 10336.973 GC heap before
{Heap before GC invocations=14519 (full 55):
 def new generation   total 4058304K, used 3217942K [0x00007f5fa8600000, 0x00007f60bb980000, 0x00007f64fdb50000)
  eden space 3607424K,  85% used [0x00007f5fa8600000, 0x00007f6064bedea0, 0x00007f60848e0000)
  from space 450880K,  29% used [0x00007f60848e0000, 0x00007f608c977c30, 0x00007f60a0130000)
  to   space 450880K,   0% used [0x00007f60a0130000, 0x00007f60a0130000, 0x00007f60bb980000)
 tenured generation   total 9018340K, used 8025086K [0x00007f64fdb50000, 0x00007f6724249000, 0x00007f6fa8600000)
   the space 9018340K,  88% used [0x00007f64fdb50000, 0x00007f66e784f838, 0x00007f66e784fa00, 0x00007f6724249000)
 Metaspace       used 24420K, capacity 24866K, committed 25088K, reserved 26624K
}
Event: 10337.445 GC heap after
{Heap after GC invocations=14520 (full 55):
 def new generation   total 4058304K, used 131679K [0x00007f5fa8600000, 0x00007f60bb980000, 0x00007f64fdb50000)
  eden space 3607424K,   0% used [0x00007f5fa8600000, 0x00007f5fa8600000, 0x00007f60848e0000)
  from space 450880K,  29% used [0x00007f60a0130000, 0x00007f60a81c7cf0, 0x00007f60bb980000)
  to   space 450880K,   0% used [0x00007f60848e0000, 0x00007f60848e0000, 0x00007f60a0130000)
 tenured generation   total 10066920K, used 9073662K [0x00007f64fdb50000, 0x00007f676424a000, 0x00007f6fa8600000)
   the space 10066920K,  90% used [0x00007f64fdb50000, 0x00007f672784f850, 0x00007f672784fa00, 0x00007f676424a000)
 Metaspace       used 24420K, capacity 24866K, committed 25088K, reserved 26624K
}
Event: 10337.445 GC heap before
{Heap before GC invocations=14520 (full 55):
 def new generation   total 4058304K, used 131679K [0x00007f5fa8600000, 0x00007f60bb980000, 0x00007f64fdb50000)
  eden space 3607424K,   0% used [0x00007f5fa8600000, 0x00007f5fa8600000, 0x00007f60848e0000)
  from space 450880K,  29% used [0x00007f60a0130000, 0x00007f60a81c7cf0, 0x00007f60bb980000)
  to   space 450880K,   0% used [0x00007f60848e0000, 0x00007f60848e0000, 0x00007f60a0130000)
 tenured generation   total 10066920K, used 9073662K [0x00007f64fdb50000, 0x00007f676424a000, 0x00007f6fa8600000)
   the space 10066920K,  90% used [0x00007f64fdb50000, 0x00007f672784f850, 0x00007f672784fa00, 0x00007f676424a000)
 Metaspace       used 24420K, capacity 24866K, committed 25088K, reserved 26624K
}
Event: 10340.464 GC heap after
{Heap after GC invocations=14520 (full 56):
 def new generation   total 4058304K, used 0K [0x00007f5fa8600000, 0x00007f60bb980000, 0x00007f64fdb50000)
  eden space 3607424K,   0% used [0x00007f5fa8600000, 0x00007f5fa8600000, 0x00007f60848e0000)
  from space 450880K,   0% used [0x00007f60a0130000, 0x00007f60a0130000, 0x00007f60bb980000)
  to   space 450880K,   0% used [0x00007f60848e0000, 0x00007f60848e0000, 0x00007f60a0130000)
 tenured generation   total 9018340K, used 5403646K [0x00007f64fdb50000, 0x00007f6724249000, 0x00007f6fa8600000)
   the space 9018340K,  59% used [0x00007f64fdb50000, 0x00007f664784fb20, 0x00007f664784fc00, 0x00007f6724249000)
 Metaspace       used 24420K, capacity 24866K, committed 25088K, reserved 26624K
}
Event: 10344.104 GC heap before
{Heap before GC invocations=14520 (full 56):
 def new generation   total 4058304K, used 3086263K [0x00007f5fa8600000, 0x00007f60bb980000, 0x00007f64fdb50000)
  eden space 3607424K,  85% used [0x00007f5fa8600000, 0x00007f6064bedea0, 0x00007f60848e0000)
  from space 450880K,   0% used [0x00007f60a0130000, 0x00007f60a0130000, 0x00007f60bb980000)
  to   space 450880K,   0% used [0x00007f60848e0000, 0x00007f60848e0000, 0x00007f60a0130000)
 tenured generation   total 9018340K, used 5403646K [0x00007f64fdb50000, 0x00007f6724249000, 0x00007f6fa8600000)
   the space 9018340K,  59% used [0x00007f64fdb50000, 0x00007f664784fb20, 0x00007f664784fc00, 0x00007f6724249000)
 Metaspace       used 24420K, capacity 24866K, committed 25088K, reserved 26624K
}
Event: 10344.747 GC heap after
{Heap after GC invocations=14521 (full 56):
 def new generation   total 4058304K, used 131678K [0x00007f5fa8600000, 0x00007f60bb980000, 0x00007f64fdb50000)
  eden space 3607424K,   0% used [0x00007f5fa8600000, 0x00007f5fa8600000, 0x00007f60848e0000)
  from space 450880K,  29% used [0x00007f60848e0000, 0x00007f608c977b70, 0x00007f60a0130000)
  to   space 450880K,   0% used [0x00007f60a0130000, 0x00007f60a0130000, 0x00007f60bb980000)
 tenured generation   total 9018340K, used 6976510K [0x00007f64fdb50000, 0x00007f6724249000, 0x00007f6fa8600000)
   the space 9018340K,  77% used [0x00007f64fdb50000, 0x00007f66a784fb50, 0x00007f66a784fc00, 0x00007f6724249000)
 Metaspace       used 24420K, capacity 24866K, committed 25088K, reserved 26624K
}
Event: 10347.608 GC heap before
{Heap before GC invocations=14521 (full 56):
 def new generation   total 4058304K, used 3217942K [0x00007f5fa8600000, 0x00007f60bb980000, 0x00007f64fdb50000)
  eden space 3607424K,  85% used [0x00007f5fa8600000, 0x00007f6064bedea0, 0x00007f60848e0000)
  from space 450880K,  29% used [0x00007f60848e0000, 0x00007f608c977b70, 0x00007f60a0130000)
  to   space 450880K,   0% used [0x00007f60a0130000, 0x00007f60a0130000, 0x00007f60bb980000)
 tenured generation   total 9018340K, used 6976510K [0x00007f64fdb50000, 0x00007f6724249000, 0x00007f6fa8600000)
   the space 9018340K,  77% used [0x00007f64fdb50000, 0x00007f66a784fb50, 0x00007f66a784fc00, 0x00007f6724249000)
 Metaspace       used 24420K, capacity 24866K, committed 25088K, reserved 26624K
}
Event: 10348.037 GC heap after
{Heap after GC invocations=14522 (full 56):
 def new generation   total 4058304K, used 131679K [0x00007f5fa8600000, 0x00007f60bb980000, 0x00007f64fdb50000)
  eden space 3607424K,   0% used [0x00007f5fa8600000, 0x00007f5fa8600000, 0x00007f60848e0000)
  from space 450880K,  29% used [0x00007f60a0130000, 0x00007f60a81c7c30, 0x00007f60bb980000)
  to   space 450880K,   0% used [0x00007f60848e0000, 0x00007f60848e0000, 0x00007f60a0130000)
 tenured generation   total 9018340K, used 8025086K [0x00007f64fdb50000, 0x00007f6724249000, 0x00007f6fa8600000)
   the space 9018340K,  88% used [0x00007f64fdb50000, 0x00007f66e784fb68, 0x00007f66e784fc00, 0x00007f6724249000)
 Metaspace       used 24420K, capacity 24866K, committed 25088K, reserved 26624K
}
Event: 10350.956 GC heap before
{Heap before GC invocations=14522 (full 56):
 def new generation   total 4058304K, used 3217942K [0x00007f5fa8600000, 0x00007f60bb980000, 0x00007f64fdb50000)
  eden space 3607424K,  85% used [0x00007f5fa8600000, 0x00007f6064bedea0, 0x00007f60848e0000)
  from space 450880K,  29% used [0x00007f60a0130000, 0x00007f60a81c7c30, 0x00007f60bb980000)
  to   space 450880K,   0% used [0x00007f60848e0000, 0x00007f60848e0000, 0x00007f60a0130000)
 tenured generation   total 9018340K, used 8025086K [0x00007f64fdb50000, 0x00007f6724249000, 0x00007f6fa8600000)
   the space 9018340K,  88% used [0x00007f64fdb50000, 0x00007f66e784fb68, 0x00007f66e784fc00, 0x00007f6724249000)
 Metaspace       used 24420K, capacity 24866K, committed 25088K, reserved 26624K
}
Event: 10351.398 GC heap after
{Heap after GC invocations=14523 (full 56):
 def new generation   total 4058304K, used 131679K [0x00007f5fa8600000, 0x00007f60bb980000, 0x00007f64fdb50000)
  eden space 3607424K,   0% used [0x00007f5fa8600000, 0x00007f5fa8600000, 0x00007f60848e0000)
  from space 450880K,  29% used [0x00007f60848e0000, 0x00007f608c977de0, 0x00007f60a0130000)
  to   space 450880K,   0% used [0x00007f60a0130000, 0x00007f60a0130000, 0x00007f60bb980000)
 tenured generation   total 10066920K, used 9073662K [0x00007f64fdb50000, 0x00007f676424a000, 0x00007f6fa8600000)
   the space 10066920K,  90% used [0x00007f64fdb50000, 0x00007f672784fb80, 0x00007f672784fc00, 0x00007f676424a000)
 Metaspace       used 24420K, capacity 24866K, committed 25088K, reserved 26624K
}
Event: 10351.398 GC heap before
{Heap before GC invocations=14523 (full 56):
 def new generation   total 4058304K, used 131679K [0x00007f5fa8600000, 0x00007f60bb980000, 0x00007f64fdb50000)
  eden space 3607424K,   0% used [0x00007f5fa8600000, 0x00007f5fa8600000, 0x00007f60848e0000)
  from space 450880K,  29% used [0x00007f60848e0000, 0x00007f608c977de0, 0x00007f60a0130000)
  to   space 450880K,   0% used [0x00007f60a0130000, 0x00007f60a0130000, 0x00007f60bb980000)
 tenured generation   total 10066920K, used 9073662K [0x00007f64fdb50000, 0x00007f676424a000, 0x00007f6fa8600000)
   the space 10066920K,  90% used [0x00007f64fdb50000, 0x00007f672784fb80, 0x00007f672784fc00, 0x00007f676424a000)
 Metaspace       used 24420K, capacity 24866K, committed 25088K, reserved 26624K
}
Event: 10354.751 GC heap after
{Heap after GC invocations=14523 (full 57):
 def new generation   total 4058304K, used 0K [0x00007f5fa8600000, 0x00007f60bb980000, 0x00007f64fdb50000)
  eden space 3607424K,   0% used [0x00007f5fa8600000, 0x00007f5fa8600000, 0x00007f60848e0000)
  from space 450880K,   0% used [0x00007f60848e0000, 0x00007f60848e0000, 0x00007f60a0130000)
  to   space 450880K,   0% used [0x00007f60a0130000, 0x00007f60a0130000, 0x00007f60bb980000)
 tenured generation   total 9018340K, used 5403647K [0x00007f64fdb50000, 0x00007f6724249000, 0x00007f6fa8600000)
   the space 9018340K,  59% used [0x00007f64fdb50000, 0x00007f664784ff40, 0x00007f6647850000, 0x00007f6724249000)
 Metaspace       used 24420K, capacity 24866K, committed 25088K, reserved 26624K
}
Event: 10357.665 GC heap before
{Heap before GC invocations=14523 (full 57):
 def new generation   total 4058304K, used 3086263K [0x00007f5fa8600000, 0x00007f60bb980000, 0x00007f64fdb50000)
  eden space 3607424K,  85% used [0x00007f5fa8600000, 0x00007f6064bedea0, 0x00007f60848e0000)
  from space 450880K,   0% used [0x00007f60848e0000, 0x00007f60848e0000, 0x00007f60a0130000)
  to   space 450880K,   0% used [0x00007f60a0130000, 0x00007f60a0130000, 0x00007f60bb980000)
 tenured generation   total 9018340K, used 5403647K [0x00007f64fdb50000, 0x00007f6724249000, 0x00007f6fa8600000)
   the space 9018340K,  59% used [0x00007f64fdb50000, 0x00007f664784ff40, 0x00007f6647850000, 0x00007f6724249000)
 Metaspace       used 24420K, capacity 24866K, committed 25088K, reserved 26624K
}
Event: 10358.242 GC heap after
{Heap after GC invocations=14524 (full 57):
 def new generation   total 4058304K, used 131678K [0x00007f5fa8600000, 0x00007f60bb980000, 0x00007f64fdb50000)
  eden space 3607424K,   0% used [0x00007f5fa8600000, 0x00007f5fa8600000, 0x00007f60848e0000)
  from space 450880K,  29% used [0x00007f60a0130000, 0x00007f60a81c7a80, 0x00007f60bb980000)
  to   space 450880K,   0% used [0x00007f60848e0000, 0x00007f60848e0000, 0x00007f60a0130000)
 tenured generation   total 9018340K, used 6976511K [0x00007f64fdb50000, 0x00007f6724249000, 0x00007f6fa8600000)
   the space 9018340K,  77% used [0x00007f64fdb50000, 0x00007f66a784ff70, 0x00007f66a7850000, 0x00007f6724249000)
 Metaspace       used 24420K, capacity 24866K, committed 25088K, reserved 26624K
}
Event: 10361.245 GC heap before
{Heap before GC invocations=14524 (full 57):
 def new generation   total 4058304K, used 3217942K [0x00007f5fa8600000, 0x00007f60bb980000, 0x00007f64fdb50000)
  eden space 3607424K,  85% used [0x00007f5fa8600000, 0x00007f6064bedea0, 0x00007f60848e0000)
  from space 450880K,  29% used [0x00007f60a0130000, 0x00007f60a81c7a80, 0x00007f60bb980000)
  to   space 450880K,   0% used [0x00007f60848e0000, 0x00007f60848e0000, 0x00007f60a0130000)
 tenured generation   total 9018340K, used 6976511K [0x00007f64fdb50000, 0x00007f6724249000, 0x00007f6fa8600000)
   the space 9018340K,  77% used [0x00007f64fdb50000, 0x00007f66a784ff70, 0x00007f66a7850000, 0x00007f6724249000)
 Metaspace       used 24420K, capacity 24866K, committed 25088K, reserved 26624K
}
Event: 10361.622 GC heap after
{Heap after GC invocations=14525 (full 57):
 def new generation   total 4058304K, used 131679K [0x00007f5fa8600000, 0x00007f60bb980000, 0x00007f64fdb50000)
  eden space 3607424K,   0% used [0x00007f5fa8600000, 0x00007f5fa8600000, 0x00007f60848e0000)
  from space 450880K,  29% used [0x00007f60848e0000, 0x00007f608c977c30, 0x00007f60a0130000)
  to   space 450880K,   0% used [0x00007f60a0130000, 0x00007f60a0130000, 0x00007f60bb980000)
 tenured generation   total 9018340K, used 8025087K [0x00007f64fdb50000, 0x00007f6724249000, 0x00007f6fa8600000)
   the space 9018340K,  88% used [0x00007f64fdb50000, 0x00007f66e784ff88, 0x00007f66e7850000, 0x00007f6724249000)
 Metaspace       used 24420K, capacity 24866K, committed 25088K, reserved 26624K
}
Event: 10364.579 GC heap before
{Heap before GC invocations=14525 (full 57):
 def new generation   total 4058304K, used 3217942K [0x00007f5fa8600000, 0x00007f60bb980000, 0x00007f64fdb50000)
  eden space 3607424K,  85% used [0x00007f5fa8600000, 0x00007f6064bedea0, 0x00007f60848e0000)
  from space 450880K,  29% used [0x00007f60848e0000, 0x00007f608c977c30, 0x00007f60a0130000)
  to   space 450880K,   0% used [0x00007f60a0130000, 0x00007f60a0130000, 0x00007f60bb980000)
 tenured generation   total 9018340K, used 8025087K [0x00007f64fdb50000, 0x00007f6724249000, 0x00007f6fa8600000)
   the space 9018340K,  88% used [0x00007f64fdb50000, 0x00007f66e784ff88, 0x00007f66e7850000, 0x00007f6724249000)
 Metaspace       used 24420K, capacity 24866K, committed 25088K, reserved 26624K
}

