# JRE version: OpenJDK Runtime Environment (13.0.7+5) (build 13.0.7+5-Ubuntu-0ubuntu120.04)
# Java VM: OpenJDK 64-Bit Server VM (13.0.7+5-Ubuntu-0ubuntu120.04, mixed mode, tiered, serial gc, linux-amd64)
Heap:
 def new generation   total 2704512K, used 135636K [0x00007f5588600000, 0x00007f563fc90000, 0x00007f60330a0000)
  eden space 2404032K,   5% used [0x00007f5588600000, 0x00007f5590a75380, 0x00007f561b1b0000)
  from space 300480K,   0% used [0x00007f561b1b0000, 0x00007f561b1b0000, 0x00007f562d720000)
  to   space 300480K,   0% used [0x00007f562d720000, 0x00007f562d720000, 0x00007f563fc90000)
 tenured generation   total 6091888K, used 6082461K [0x00007f60330a0000, 0x00007f61a6dbc000, 0x00007f7588600000)
   the space 6091888K,  99% used [0x00007f60330a0000, 0x00007f61a64875a0, 0x00007f61a6487600, 0x00007f61a6dbc000)
 Metaspace       used 24291K, capacity 24694K, committed 24832K, reserved 26624K
GC Heap History (20 events):
Event: 589.027 GC heap after
{Heap after GC invocations=1328 (full 6):
 def new generation   total 2704512K, used 169555K [0x00007f5588600000, 0x00007f563fc90000, 0x00007f60330a0000)
  eden space 2404032K,   0% used [0x00007f5588600000, 0x00007f5588600000, 0x00007f561b1b0000)
  from space 300480K,  56% used [0x00007f562d720000, 0x00007f5637cb4c90, 0x00007f563fc90000)
  to   space 300480K,   0% used [0x00007f561b1b0000, 0x00007f561b1b0000, 0x00007f562d720000)
 tenured generation   total 6009948K, used 5692348K [0x00007f60330a0000, 0x00007f61a1db7000, 0x00007f7588600000)
   the space 6009948K,  94% used [0x00007f60330a0000, 0x00007f618e78f0f8, 0x00007f618e78f200, 0x00007f61a1db7000)
 Metaspace       used 24291K, capacity 24694K, committed 24832K, reserved 26624K
}
Event: 589.868 GC heap before
{Heap before GC invocations=1328 (full 6):
 def new generation   total 2704512K, used 2573587K [0x00007f5588600000, 0x00007f563fc90000, 0x00007f60330a0000)
  eden space 2404032K, 100% used [0x00007f5588600000, 0x00007f561b1b0000, 0x00007f561b1b0000)
  from space 300480K,  56% used [0x00007f562d720000, 0x00007f5637cb4c90, 0x00007f563fc90000)
  to   space 300480K,   0% used [0x00007f561b1b0000, 0x00007f561b1b0000, 0x00007f562d720000)
 tenured generation   total 6009948K, used 5692348K [0x00007f60330a0000, 0x00007f61a1db7000, 0x00007f7588600000)
   the space 6009948K,  94% used [0x00007f60330a0000, 0x00007f618e78f0f8, 0x00007f618e78f200, 0x00007f61a1db7000)
 Metaspace       used 24291K, capacity 24694K, committed 24832K, reserved 26624K
}
Event: 589.914 GC heap after
{Heap after GC invocations=1329 (full 6):
 def new generation   total 2704512K, used 169585K [0x00007f5588600000, 0x00007f563fc90000, 0x00007f60330a0000)
  eden space 2404032K,   0% used [0x00007f5588600000, 0x00007f5588600000, 0x00007f561b1b0000)
  from space 300480K,  56% used [0x00007f561b1b0000, 0x00007f562574c700, 0x00007f562d720000)
  to   space 300480K,   0% used [0x00007f562d720000, 0x00007f562d720000, 0x00007f563fc90000)
 tenured generation   total 6009948K, used 5726265K [0x00007f60330a0000, 0x00007f61a1db7000, 0x00007f7588600000)
   the space 6009948K,  95% used [0x00007f60330a0000, 0x00007f61908ae488, 0x00007f61908ae600, 0x00007f61a1db7000)
 Metaspace       used 24291K, capacity 24694K, committed 24832K, reserved 26624K
}
Event: 590.756 GC heap before
{Heap before GC invocations=1329 (full 6):
 def new generation   total 2704512K, used 2564071K [0x00007f5588600000, 0x00007f563fc90000, 0x00007f60330a0000)
  eden space 2404032K,  99% used [0x00007f5588600000, 0x00007f561a85d670, 0x00007f561b1b0000)
  from space 300480K,  56% used [0x00007f561b1b0000, 0x00007f562574c700, 0x00007f562d720000)
  to   space 300480K,   0% used [0x00007f562d720000, 0x00007f562d720000, 0x00007f563fc90000)
 tenured generation   total 6009948K, used 5726265K [0x00007f60330a0000, 0x00007f61a1db7000, 0x00007f7588600000)
   the space 6009948K,  95% used [0x00007f60330a0000, 0x00007f61908ae488, 0x00007f61908ae600, 0x00007f61a1db7000)
 Metaspace       used 24291K, capacity 24694K, committed 24832K, reserved 26624K
}
Event: 590.814 GC heap after
{Heap after GC invocations=1330 (full 6):
 def new generation   total 2704512K, used 152632K [0x00007f5588600000, 0x00007f563fc90000, 0x00007f60330a0000)
  eden space 2404032K,   0% used [0x00007f5588600000, 0x00007f5588600000, 0x00007f561b1b0000)
  from space 300480K,  50% used [0x00007f562d720000, 0x00007f5636c2e388, 0x00007f563fc90000)
  to   space 300480K,   0% used [0x00007f561b1b0000, 0x00007f561b1b0000, 0x00007f562d720000)
 tenured generation   total 6009948K, used 5777140K [0x00007f60330a0000, 0x00007f61a1db7000, 0x00007f7588600000)
   the space 6009948K,  96% used [0x00007f60330a0000, 0x00007f6193a5d1e0, 0x00007f6193a5d200, 0x00007f61a1db7000)
 Metaspace       used 24291K, capacity 24694K, committed 24832K, reserved 26624K
}
Event: 591.645 GC heap before
{Heap before GC invocations=1330 (full 6):
 def new generation   total 2704512K, used 2556664K [0x00007f5588600000, 0x00007f563fc90000, 0x00007f60330a0000)
  eden space 2404032K, 100% used [0x00007f5588600000, 0x00007f561b1b0000, 0x00007f561b1b0000)
  from space 300480K,  50% used [0x00007f562d720000, 0x00007f5636c2e388, 0x00007f563fc90000)
  to   space 300480K,   0% used [0x00007f561b1b0000, 0x00007f561b1b0000, 0x00007f562d720000)
 tenured generation   total 6009948K, used 5777140K [0x00007f60330a0000, 0x00007f61a1db7000, 0x00007f7588600000)
   the space 6009948K,  96% used [0x00007f60330a0000, 0x00007f6193a5d1e0, 0x00007f6193a5d200, 0x00007f61a1db7000)
 Metaspace       used 24291K, capacity 24694K, committed 24832K, reserved 26624K
}
Event: 591.697 GC heap after
{Heap after GC invocations=1331 (full 6):
 def new generation   total 2704512K, used 135702K [0x00007f5588600000, 0x00007f563fc90000, 0x00007f60330a0000)
  eden space 2404032K,   0% used [0x00007f5588600000, 0x00007f5588600000, 0x00007f561b1b0000)
  from space 300480K,  45% used [0x00007f561b1b0000, 0x00007f5623635a40, 0x00007f562d720000)
  to   space 300480K,   0% used [0x00007f562d720000, 0x00007f562d720000, 0x00007f563fc90000)
 tenured generation   total 6009948K, used 5828015K [0x00007f60330a0000, 0x00007f61a1db7000, 0x00007f7588600000)
   the space 6009948K,  96% used [0x00007f60330a0000, 0x00007f6196c0bf38, 0x00007f6196c0c000, 0x00007f61a1db7000)
 Metaspace       used 24291K, capacity 24694K, committed 24832K, reserved 26624K
}
Event: 592.543 GC heap before
{Heap before GC invocations=1331 (full 6):
 def new generation   total 2704512K, used 2537719K [0x00007f5588600000, 0x00007f563fc90000, 0x00007f60330a0000)
  eden space 2404032K,  99% used [0x00007f5588600000, 0x00007f561afb8570, 0x00007f561b1b0000)
  from space 300480K,  45% used [0x00007f561b1b0000, 0x00007f5623635a40, 0x00007f562d720000)
  to   space 300480K,   0% used [0x00007f562d720000, 0x00007f562d720000, 0x00007f563fc90000)
 tenured generation   total 6009948K, used 5828015K [0x00007f60330a0000, 0x00007f61a1db7000, 0x00007f7588600000)
   the space 6009948K,  96% used [0x00007f60330a0000, 0x00007f6196c0bf38, 0x00007f6196c0c000, 0x00007f61a1db7000)
 Metaspace       used 24291K, capacity 24694K, committed 24832K, reserved 26624K
}
Event: 592.577 GC heap after
{Heap after GC invocations=1332 (full 6):
 def new generation   total 2704512K, used 203479K [0x00007f5588600000, 0x00007f563fc90000, 0x00007f60330a0000)
  eden space 2404032K,   0% used [0x00007f5588600000, 0x00007f5588600000, 0x00007f561b1b0000)
  from space 300480K,  67% used [0x00007f562d720000, 0x00007f5639dd5cd0, 0x00007f563fc90000)
  to   space 300480K,   0% used [0x00007f561b1b0000, 0x00007f561b1b0000, 0x00007f562d720000)
 tenured generation   total 6009948K, used 5828015K [0x00007f60330a0000, 0x00007f61a1db7000, 0x00007f7588600000)
   the space 6009948K,  96% used [0x00007f60330a0000, 0x00007f6196c0bf38, 0x00007f6196c0c000, 0x00007f61a1db7000)
 Metaspace       used 24291K, capacity 24694K, committed 24832K, reserved 26624K
}
Event: 593.399 GC heap before
{Heap before GC invocations=1332 (full 6):
 def new generation   total 2704512K, used 2607511K [0x00007f5588600000, 0x00007f563fc90000, 0x00007f60330a0000)
  eden space 2404032K, 100% used [0x00007f5588600000, 0x00007f561b1b0000, 0x00007f561b1b0000)
  from space 300480K,  67% used [0x00007f562d720000, 0x00007f5639dd5cd0, 0x00007f563fc90000)
  to   space 300480K,   0% used [0x00007f561b1b0000, 0x00007f561b1b0000, 0x00007f562d720000)
 tenured generation   total 6009948K, used 5828015K [0x00007f60330a0000, 0x00007f61a1db7000, 0x00007f7588600000)
   the space 6009948K,  96% used [0x00007f60330a0000, 0x00007f6196c0bf38, 0x00007f6196c0c000, 0x00007f61a1db7000)
 Metaspace       used 24291K, capacity 24694K, committed 24832K, reserved 26624K
}
Event: 593.469 GC heap after
{Heap after GC invocations=1333 (full 6):
 def new generation   total 2704512K, used 135701K [0x00007f5588600000, 0x00007f563fc90000, 0x00007f60330a0000)
  eden space 2404032K,   0% used [0x00007f5588600000, 0x00007f5588600000, 0x00007f561b1b0000)
  from space 300480K,  45% used [0x00007f561b1b0000, 0x00007f5623635610, 0x00007f562d720000)
  to   space 300480K,   0% used [0x00007f562d720000, 0x00007f562d720000, 0x00007f563fc90000)
 tenured generation   total 6009948K, used 5912808K [0x00007f60330a0000, 0x00007f61a1db7000, 0x00007f7588600000)
   the space 6009948K,  98% used [0x00007f60330a0000, 0x00007f619beda020, 0x00007f619beda200, 0x00007f61a1db7000)
 Metaspace       used 24291K, capacity 24694K, committed 24832K, reserved 26624K
}
Event: 594.315 GC heap before
{Heap before GC invocations=1333 (full 6):
 def new generation   total 2704512K, used 2538837K [0x00007f5588600000, 0x00007f563fc90000, 0x00007f60330a0000)
  eden space 2404032K,  99% used [0x00007f5588600000, 0x00007f561b0d0090, 0x00007f561b1b0000)
  from space 300480K,  45% used [0x00007f561b1b0000, 0x00007f5623635610, 0x00007f562d720000)
  to   space 300480K,   0% used [0x00007f562d720000, 0x00007f562d720000, 0x00007f563fc90000)
 tenured generation   total 6009948K, used 5912808K [0x00007f60330a0000, 0x00007f61a1db7000, 0x00007f7588600000)
   the space 6009948K,  98% used [0x00007f60330a0000, 0x00007f619beda020, 0x00007f619beda200, 0x00007f61a1db7000)
 Metaspace       used 24291K, capacity 24694K, committed 24832K, reserved 26624K
}
Event: 594.351 GC heap after
{Heap after GC invocations=1334 (full 6):
 def new generation   total 2704512K, used 203483K [0x00007f5588600000, 0x00007f563fc90000, 0x00007f60330a0000)
  eden space 2404032K,   0% used [0x00007f5588600000, 0x00007f5588600000, 0x00007f561b1b0000)
  from space 300480K,  67% used [0x00007f562d720000, 0x00007f5639dd6f90, 0x00007f563fc90000)
  to   space 300480K,   0% used [0x00007f561b1b0000, 0x00007f561b1b0000, 0x00007f562d720000)
 tenured generation   total 6009948K, used 5912808K [0x00007f60330a0000, 0x00007f61a1db7000, 0x00007f7588600000)
   the space 6009948K,  98% used [0x00007f60330a0000, 0x00007f619beda020, 0x00007f619beda200, 0x00007f61a1db7000)
 Metaspace       used 24291K, capacity 24694K, committed 24832K, reserved 26624K
}
Event: 595.198 GC heap before
{Heap before GC invocations=1334 (full 6):
 def new generation   total 2704512K, used 2607515K [0x00007f5588600000, 0x00007f563fc90000, 0x00007f60330a0000)
  eden space 2404032K, 100% used [0x00007f5588600000, 0x00007f561b1b0000, 0x00007f561b1b0000)
  from space 300480K,  67% used [0x00007f562d720000, 0x00007f5639dd6f90, 0x00007f563fc90000)
  to   space 300480K,   0% used [0x00007f561b1b0000, 0x00007f561b1b0000, 0x00007f562d720000)
 tenured generation   total 6009948K, used 5912808K [0x00007f60330a0000, 0x00007f61a1db7000, 0x00007f7588600000)
   the space 6009948K,  98% used [0x00007f60330a0000, 0x00007f619beda020, 0x00007f619beda200, 0x00007f61a1db7000)
 Metaspace       used 24291K, capacity 24694K, committed 24832K, reserved 26624K
}
Event: 595.265 GC heap after
{Heap after GC invocations=1335 (full 6):
 def new generation   total 2704512K, used 135701K [0x00007f5588600000, 0x00007f563fc90000, 0x00007f60330a0000)
  eden space 2404032K,   0% used [0x00007f5588600000, 0x00007f5588600000, 0x00007f561b1b0000)
  from space 300480K,  45% used [0x00007f561b1b0000, 0x00007f5623635650, 0x00007f562d720000)
  to   space 300480K,   0% used [0x00007f562d720000, 0x00007f562d720000, 0x00007f563fc90000)
 tenured generation   total 6009948K, used 5997600K [0x00007f60330a0000, 0x00007f61a1db7000, 0x00007f7588600000)
   the space 6009948K,  99% used [0x00007f60330a0000, 0x00007f61a11a8108, 0x00007f61a11a8200, 0x00007f61a1db7000)
 Metaspace       used 24291K, capacity 24694K, committed 24832K, reserved 26624K
}
Event: 596.091 GC heap before
{Heap before GC invocations=1335 (full 6):
 def new generation   total 2704512K, used 2539277K [0x00007f5588600000, 0x00007f563fc90000, 0x00007f60330a0000)
  eden space 2404032K,  99% used [0x00007f5588600000, 0x00007f561b13de28, 0x00007f561b1b0000)
  from space 300480K,  45% used [0x00007f561b1b0000, 0x00007f5623635650, 0x00007f562d720000)
  to   space 300480K,   0% used [0x00007f562d720000, 0x00007f562d720000, 0x00007f563fc90000)
 tenured generation   total 6009948K, used 5997600K [0x00007f60330a0000, 0x00007f61a1db7000, 0x00007f7588600000)
   the space 6009948K,  99% used [0x00007f60330a0000, 0x00007f61a11a8108, 0x00007f61a11a8200, 0x00007f61a1db7000)
 Metaspace       used 24291K, capacity 24694K, committed 24832K, reserved 26624K
}
Event: 596.128 GC heap after
{Heap after GC invocations=1336 (full 6):
 def new generation   total 2704512K, used 203488K [0x00007f5588600000, 0x00007f563fc90000, 0x00007f60330a0000)
  eden space 2404032K,   0% used [0x00007f5588600000, 0x00007f5588600000, 0x00007f561b1b0000)
  from space 300480K,  67% used [0x00007f562d720000, 0x00007f5639dd8250, 0x00007f563fc90000)
  to   space 300480K,   0% used [0x00007f561b1b0000, 0x00007f561b1b0000, 0x00007f562d720000)
 tenured generation   total 6009948K, used 5997600K [0x00007f60330a0000, 0x00007f61a1db7000, 0x00007f7588600000)
   the space 6009948K,  99% used [0x00007f60330a0000, 0x00007f61a11a8108, 0x00007f61a11a8200, 0x00007f61a1db7000)
 Metaspace       used 24291K, capacity 24694K, committed 24832K, reserved 26624K
}
Event: 597.033 GC heap before
{Heap before GC invocations=1336 (full 6):
 def new generation   total 2704512K, used 2607520K [0x00007f5588600000, 0x00007f563fc90000, 0x00007f60330a0000)
  eden space 2404032K, 100% used [0x00007f5588600000, 0x00007f561b1b0000, 0x00007f561b1b0000)
  from space 300480K,  67% used [0x00007f562d720000, 0x00007f5639dd8250, 0x00007f563fc90000)
  to   space 300480K,   0% used [0x00007f561b1b0000, 0x00007f561b1b0000, 0x00007f562d720000)
 tenured generation   total 6009948K, used 5997600K [0x00007f60330a0000, 0x00007f61a1db7000, 0x00007f7588600000)
   the space 6009948K,  99% used [0x00007f60330a0000, 0x00007f61a11a8108, 0x00007f61a11a8200, 0x00007f61a1db7000)
 Metaspace       used 24291K, capacity 24694K, committed 24832K, reserved 26624K
}
Event: 597.103 GC heap after
{Heap after GC invocations=1337 (full 6):
 def new generation   total 2704512K, used 135705K [0x00007f5588600000, 0x00007f563fc90000, 0x00007f60330a0000)
  eden space 2404032K,   0% used [0x00007f5588600000, 0x00007f5588600000, 0x00007f561b1b0000)
  from space 300480K,  45% used [0x00007f561b1b0000, 0x00007f5623636730, 0x00007f562d720000)
  to   space 300480K,   0% used [0x00007f562d720000, 0x00007f562d720000, 0x00007f563fc90000)
 tenured generation   total 6091888K, used 6082392K [0x00007f60330a0000, 0x00007f61a6dbc000, 0x00007f7588600000)
   the space 6091888K,  99% used [0x00007f60330a0000, 0x00007f61a64761f0, 0x00007f61a6476200, 0x00007f61a6dbc000)
 Metaspace       used 24291K, capacity 24694K, committed 24832K, reserved 26624K
}
Event: 597.103 GC heap before
{Heap before GC invocations=1337 (full 6):
 def new generation   total 2704512K, used 135705K [0x00007f5588600000, 0x00007f563fc90000, 0x00007f60330a0000)
  eden space 2404032K,   0% used [0x00007f5588600000, 0x00007f5588600000, 0x00007f561b1b0000)
  from space 300480K,  45% used [0x00007f561b1b0000, 0x00007f5623636730, 0x00007f562d720000)
  to   space 300480K,   0% used [0x00007f562d720000, 0x00007f562d720000, 0x00007f563fc90000)
 tenured generation   total 6091888K, used 6082392K [0x00007f60330a0000, 0x00007f61a6dbc000, 0x00007f7588600000)
   the space 6091888K,  99% used [0x00007f60330a0000, 0x00007f61a64761f0, 0x00007f61a6476200, 0x00007f61a6dbc000)
 Metaspace       used 24291K, capacity 24694K, committed 24832K, reserved 26624K
}

