# JRE version: OpenJDK Runtime Environment (13.0.7+5) (build 13.0.7+5-Ubuntu-0ubuntu120.04)
# Java VM: OpenJDK 64-Bit Server VM (13.0.7+5-Ubuntu-0ubuntu120.04, mixed mode, tiered, serial gc, linux-amd64)
Heap:
 def new generation   total 1622592K, used 84765K [0x00007f27d4600000, 0x00007f2842690000, 0x00007f327f0a0000)
  eden space 1442368K,   5% used [0x00007f27d4600000, 0x00007f27d98c7688, 0x00007f282c690000)
  from space 180224K,   0% used [0x00007f2837690000, 0x00007f2837690000, 0x00007f2842690000)
  to   space 180224K,   0% used [0x00007f282c690000, 0x00007f282c690000, 0x00007f2837690000)
 tenured generation   total 3622508K, used 3622327K [0x00007f327f0a0000, 0x00007f335c23b000, 0x00007f47d4600000)
   the space 3622508K,  99% used [0x00007f327f0a0000, 0x00007f335c20df50, 0x00007f335c20e000, 0x00007f335c23b000)
 Metaspace       used 24258K, capacity 24627K, committed 24832K, reserved 26624K
GC Heap History (20 events):
Event: 1037.927 GC heap after
{Heap after GC invocations=1067 (full 5):
 def new generation   total 1622592K, used 101705K [0x00007f27d4600000, 0x00007f2842690000, 0x00007f327f0a0000)
  eden space 1442368K,   0% used [0x00007f27d4600000, 0x00007f27d4600000, 0x00007f282c690000)
  from space 180224K,  56% used [0x00007f282c690000, 0x00007f28329e2638, 0x00007f2837690000)
  to   space 180224K,   0% used [0x00007f2837690000, 0x00007f2837690000, 0x00007f2842690000)
 tenured generation   total 3605604K, used 3554480K [0x00007f327f0a0000, 0x00007f335b1b9000, 0x00007f47d4600000)
   the space 3605604K,  98% used [0x00007f327f0a0000, 0x00007f3357fcc280, 0x00007f3357fcc400, 0x00007f335b1b9000)
 Metaspace       used 24258K, capacity 24627K, committed 24832K, reserved 26624K
}
Event: 1039.669 GC heap before
{Heap before GC invocations=1067 (full 5):
 def new generation   total 1622592K, used 1544073K [0x00007f27d4600000, 0x00007f2842690000, 0x00007f327f0a0000)
  eden space 1442368K, 100% used [0x00007f27d4600000, 0x00007f282c690000, 0x00007f282c690000)
  from space 180224K,  56% used [0x00007f282c690000, 0x00007f28329e2638, 0x00007f2837690000)
  to   space 180224K,   0% used [0x00007f2837690000, 0x00007f2837690000, 0x00007f2842690000)
 tenured generation   total 3605604K, used 3554480K [0x00007f327f0a0000, 0x00007f335b1b9000, 0x00007f47d4600000)
   the space 3605604K,  98% used [0x00007f327f0a0000, 0x00007f3357fcc280, 0x00007f3357fcc400, 0x00007f335b1b9000)
 Metaspace       used 24258K, capacity 24627K, committed 24832K, reserved 26624K
}
Event: 1039.747 GC heap after
{Heap after GC invocations=1068 (full 5):
 def new generation   total 1622592K, used 78110K [0x00007f27d4600000, 0x00007f2842690000, 0x00007f327f0a0000)
  eden space 1442368K,   0% used [0x00007f27d4600000, 0x00007f27d4600000, 0x00007f282c690000)
  from space 180224K,  43% used [0x00007f2837690000, 0x00007f283c2d7be0, 0x00007f2842690000)
  to   space 180224K,   0% used [0x00007f282c690000, 0x00007f282c690000, 0x00007f2837690000)
 tenured generation   total 3605604K, used 3571439K [0x00007f327f0a0000, 0x00007f335b1b9000, 0x00007f47d4600000)
   the space 3605604K,  99% used [0x00007f327f0a0000, 0x00007f335905bcd8, 0x00007f335905be00, 0x00007f335b1b9000)
 Metaspace       used 24258K, capacity 24627K, committed 24832K, reserved 26624K
}
Event: 1041.453 GC heap before
{Heap before GC invocations=1068 (full 5):
 def new generation   total 1622592K, used 1520478K [0x00007f27d4600000, 0x00007f2842690000, 0x00007f327f0a0000)
  eden space 1442368K, 100% used [0x00007f27d4600000, 0x00007f282c690000, 0x00007f282c690000)
  from space 180224K,  43% used [0x00007f2837690000, 0x00007f283c2d7be0, 0x00007f2842690000)
  to   space 180224K,   0% used [0x00007f282c690000, 0x00007f282c690000, 0x00007f2837690000)
 tenured generation   total 3605604K, used 3571439K [0x00007f327f0a0000, 0x00007f335b1b9000, 0x00007f47d4600000)
   the space 3605604K,  99% used [0x00007f327f0a0000, 0x00007f335905bcd8, 0x00007f335905be00, 0x00007f335b1b9000)
 Metaspace       used 24258K, capacity 24627K, committed 24832K, reserved 26624K
}
Event: 1041.520 GC heap after
{Heap after GC invocations=1069 (full 5):
 def new generation   total 1622592K, used 85275K [0x00007f27d4600000, 0x00007f2842690000, 0x00007f327f0a0000)
  eden space 1442368K,   0% used [0x00007f27d4600000, 0x00007f27d4600000, 0x00007f282c690000)
  from space 180224K,  47% used [0x00007f282c690000, 0x00007f28319d6fc8, 0x00007f2837690000)
  to   space 180224K,   0% used [0x00007f2837690000, 0x00007f2837690000, 0x00007f2842690000)
 tenured generation   total 3605604K, used 3571439K [0x00007f327f0a0000, 0x00007f335b1b9000, 0x00007f47d4600000)
   the space 3605604K,  99% used [0x00007f327f0a0000, 0x00007f335905bcd8, 0x00007f335905be00, 0x00007f335b1b9000)
 Metaspace       used 24258K, capacity 24627K, committed 24832K, reserved 26624K
}
Event: 1043.193 GC heap before
{Heap before GC invocations=1069 (full 5):
 def new generation   total 1622592K, used 1527643K [0x00007f27d4600000, 0x00007f2842690000, 0x00007f327f0a0000)
  eden space 1442368K, 100% used [0x00007f27d4600000, 0x00007f282c690000, 0x00007f282c690000)
  from space 180224K,  47% used [0x00007f282c690000, 0x00007f28319d6fc8, 0x00007f2837690000)
  to   space 180224K,   0% used [0x00007f2837690000, 0x00007f2837690000, 0x00007f2842690000)
 tenured generation   total 3605604K, used 3571439K [0x00007f327f0a0000, 0x00007f335b1b9000, 0x00007f47d4600000)
   the space 3605604K,  99% used [0x00007f327f0a0000, 0x00007f335905bcd8, 0x00007f335905be00, 0x00007f335b1b9000)
 Metaspace       used 24258K, capacity 24627K, committed 24832K, reserved 26624K
}
Event: 1043.256 GC heap after
{Heap after GC invocations=1070 (full 5):
 def new generation   total 1622592K, used 91986K [0x00007f27d4600000, 0x00007f2842690000, 0x00007f327f0a0000)
  eden space 1442368K,   0% used [0x00007f27d4600000, 0x00007f27d4600000, 0x00007f282c690000)
  from space 180224K,  51% used [0x00007f2837690000, 0x00007f283d064878, 0x00007f2842690000)
  to   space 180224K,   0% used [0x00007f282c690000, 0x00007f282c690000, 0x00007f2837690000)
 tenured generation   total 3605604K, used 3571439K [0x00007f327f0a0000, 0x00007f335b1b9000, 0x00007f47d4600000)
   the space 3605604K,  99% used [0x00007f327f0a0000, 0x00007f335905bcd8, 0x00007f335905be00, 0x00007f335b1b9000)
 Metaspace       used 24258K, capacity 24627K, committed 24832K, reserved 26624K
}
Event: 1045.010 GC heap before
{Heap before GC invocations=1070 (full 5):
 def new generation   total 1622592K, used 1534354K [0x00007f27d4600000, 0x00007f2842690000, 0x00007f327f0a0000)
  eden space 1442368K, 100% used [0x00007f27d4600000, 0x00007f282c690000, 0x00007f282c690000)
  from space 180224K,  51% used [0x00007f2837690000, 0x00007f283d064878, 0x00007f2842690000)
  to   space 180224K,   0% used [0x00007f282c690000, 0x00007f282c690000, 0x00007f2837690000)
 tenured generation   total 3605604K, used 3571439K [0x00007f327f0a0000, 0x00007f335b1b9000, 0x00007f47d4600000)
   the space 3605604K,  99% used [0x00007f327f0a0000, 0x00007f335905bcd8, 0x00007f335905be00, 0x00007f335b1b9000)
 Metaspace       used 24258K, capacity 24627K, committed 24832K, reserved 26624K
}
Event: 1045.094 GC heap after
{Heap after GC invocations=1071 (full 5):
 def new generation   total 1622592K, used 84763K [0x00007f27d4600000, 0x00007f2842690000, 0x00007f327f0a0000)
  eden space 1442368K,   0% used [0x00007f27d4600000, 0x00007f27d4600000, 0x00007f282c690000)
  from space 180224K,  47% used [0x00007f282c690000, 0x00007f2831956e68, 0x00007f2837690000)
  to   space 180224K,   0% used [0x00007f2837690000, 0x00007f2837690000, 0x00007f2842690000)
 tenured generation   total 3605604K, used 3588397K [0x00007f327f0a0000, 0x00007f335b1b9000, 0x00007f47d4600000)
   the space 3605604K,  99% used [0x00007f327f0a0000, 0x00007f335a0eb730, 0x00007f335a0eb800, 0x00007f335b1b9000)
 Metaspace       used 24258K, capacity 24627K, committed 24832K, reserved 26624K
}
Event: 1046.604 GC heap before
{Heap before GC invocations=1071 (full 5):
 def new generation   total 1622592K, used 1526286K [0x00007f27d4600000, 0x00007f2842690000, 0x00007f327f0a0000)
  eden space 1442368K,  99% used [0x00007f27d4600000, 0x00007f282c5bcb30, 0x00007f282c690000)
  from space 180224K,  47% used [0x00007f282c690000, 0x00007f2831956e68, 0x00007f2837690000)
  to   space 180224K,   0% used [0x00007f2837690000, 0x00007f2837690000, 0x00007f2842690000)
 tenured generation   total 3605604K, used 3588397K [0x00007f327f0a0000, 0x00007f335b1b9000, 0x00007f47d4600000)
   the space 3605604K,  99% used [0x00007f327f0a0000, 0x00007f335a0eb730, 0x00007f335a0eb800, 0x00007f335b1b9000)
 Metaspace       used 24258K, capacity 24627K, committed 24832K, reserved 26624K
}
Event: 1046.666 GC heap after
{Heap after GC invocations=1072 (full 5):
 def new generation   total 1622592K, used 88392K [0x00007f27d4600000, 0x00007f2842690000, 0x00007f327f0a0000)
  eden space 1442368K,   0% used [0x00007f27d4600000, 0x00007f27d4600000, 0x00007f282c690000)
  from space 180224K,  49% used [0x00007f2837690000, 0x00007f283cce22b8, 0x00007f2842690000)
  to   space 180224K,   0% used [0x00007f282c690000, 0x00007f282c690000, 0x00007f2837690000)
 tenured generation   total 3605604K, used 3588397K [0x00007f327f0a0000, 0x00007f335b1b9000, 0x00007f47d4600000)
   the space 3605604K,  99% used [0x00007f327f0a0000, 0x00007f335a0eb730, 0x00007f335a0eb800, 0x00007f335b1b9000)
 Metaspace       used 24258K, capacity 24627K, committed 24832K, reserved 26624K
}
Event: 1048.439 GC heap before
{Heap before GC invocations=1072 (full 5):
 def new generation   total 1622592K, used 1521636K [0x00007f27d4600000, 0x00007f2842690000, 0x00007f327f0a0000)
  eden space 1442368K,  99% used [0x00007f27d4600000, 0x00007f282bda6e10, 0x00007f282c690000)
  from space 180224K,  49% used [0x00007f2837690000, 0x00007f283cce22b8, 0x00007f2842690000)
  to   space 180224K,   0% used [0x00007f282c690000, 0x00007f282c690000, 0x00007f2837690000)
 tenured generation   total 3605604K, used 3588397K [0x00007f327f0a0000, 0x00007f335b1b9000, 0x00007f47d4600000)
   the space 3605604K,  99% used [0x00007f327f0a0000, 0x00007f335a0eb730, 0x00007f335a0eb800, 0x00007f335b1b9000)
 Metaspace       used 24258K, capacity 24627K, committed 24832K, reserved 26624K
}
Event: 1048.513 GC heap after
{Heap after GC invocations=1073 (full 5):
 def new generation   total 1622592K, used 98660K [0x00007f27d4600000, 0x00007f2842690000, 0x00007f327f0a0000)
  eden space 1442368K,   0% used [0x00007f27d4600000, 0x00007f27d4600000, 0x00007f282c690000)
  from space 180224K,  54% used [0x00007f282c690000, 0x00007f28326e9298, 0x00007f2837690000)
  to   space 180224K,   0% used [0x00007f2837690000, 0x00007f2837690000, 0x00007f2842690000)
 tenured generation   total 3605604K, used 3588397K [0x00007f327f0a0000, 0x00007f335b1b9000, 0x00007f47d4600000)
   the space 3605604K,  99% used [0x00007f327f0a0000, 0x00007f335a0eb730, 0x00007f335a0eb800, 0x00007f335b1b9000)
 Metaspace       used 24258K, capacity 24627K, committed 24832K, reserved 26624K
}
Event: 1050.047 GC heap before
{Heap before GC invocations=1073 (full 5):
 def new generation   total 1622592K, used 1541028K [0x00007f27d4600000, 0x00007f2842690000, 0x00007f327f0a0000)
  eden space 1442368K, 100% used [0x00007f27d4600000, 0x00007f282c690000, 0x00007f282c690000)
  from space 180224K,  54% used [0x00007f282c690000, 0x00007f28326e9298, 0x00007f2837690000)
  to   space 180224K,   0% used [0x00007f2837690000, 0x00007f2837690000, 0x00007f2842690000)
 tenured generation   total 3605604K, used 3588397K [0x00007f327f0a0000, 0x00007f335b1b9000, 0x00007f47d4600000)
   the space 3605604K,  99% used [0x00007f327f0a0000, 0x00007f335a0eb730, 0x00007f335a0eb800, 0x00007f335b1b9000)
 Metaspace       used 24258K, capacity 24627K, committed 24832K, reserved 26624K
}
Event: 1050.145 GC heap after
{Heap after GC invocations=1074 (full 5):
 def new generation   total 1622592K, used 84788K [0x00007f27d4600000, 0x00007f2842690000, 0x00007f327f0a0000)
  eden space 1442368K,   0% used [0x00007f27d4600000, 0x00007f27d4600000, 0x00007f282c690000)
  from space 180224K,  47% used [0x00007f2837690000, 0x00007f283c95d1e0, 0x00007f2842690000)
  to   space 180224K,   0% used [0x00007f282c690000, 0x00007f282c690000, 0x00007f2837690000)
 tenured generation   total 3605604K, used 3605356K [0x00007f327f0a0000, 0x00007f335b1b9000, 0x00007f47d4600000)
   the space 3605604K,  99% used [0x00007f327f0a0000, 0x00007f335b17b188, 0x00007f335b17b200, 0x00007f335b1b9000)
 Metaspace       used 24258K, capacity 24627K, committed 24832K, reserved 26624K
}
Event: 1051.975 GC heap before
{Heap before GC invocations=1074 (full 5):
 def new generation   total 1622592K, used 1527156K [0x00007f27d4600000, 0x00007f2842690000, 0x00007f327f0a0000)
  eden space 1442368K, 100% used [0x00007f27d4600000, 0x00007f282c690000, 0x00007f282c690000)
  from space 180224K,  47% used [0x00007f2837690000, 0x00007f283c95d1e0, 0x00007f2842690000)
  to   space 180224K,   0% used [0x00007f282c690000, 0x00007f282c690000, 0x00007f2837690000)
 tenured generation   total 3605604K, used 3605356K [0x00007f327f0a0000, 0x00007f335b1b9000, 0x00007f47d4600000)
   the space 3605604K,  99% used [0x00007f327f0a0000, 0x00007f335b17b188, 0x00007f335b17b200, 0x00007f335b1b9000)
 Metaspace       used 24258K, capacity 24627K, committed 24832K, reserved 26624K
}
Event: 1052.034 GC heap after
{Heap after GC invocations=1075 (full 5):
 def new generation   total 1622592K, used 95584K [0x00007f27d4600000, 0x00007f2842690000, 0x00007f327f0a0000)
  eden space 1442368K,   0% used [0x00007f27d4600000, 0x00007f27d4600000, 0x00007f282c690000)
  from space 180224K,  53% used [0x00007f282c690000, 0x00007f28323e80f8, 0x00007f2837690000)
  to   space 180224K,   0% used [0x00007f2837690000, 0x00007f2837690000, 0x00007f2842690000)
 tenured generation   total 3605604K, used 3605356K [0x00007f327f0a0000, 0x00007f335b1b9000, 0x00007f47d4600000)
   the space 3605604K,  99% used [0x00007f327f0a0000, 0x00007f335b17b188, 0x00007f335b17b200, 0x00007f335b1b9000)
 Metaspace       used 24258K, capacity 24627K, committed 24832K, reserved 26624K
}
Event: 1053.514 GC heap before
{Heap before GC invocations=1075 (full 5):
 def new generation   total 1622592K, used 1537952K [0x00007f27d4600000, 0x00007f2842690000, 0x00007f327f0a0000)
  eden space 1442368K, 100% used [0x00007f27d4600000, 0x00007f282c690000, 0x00007f282c690000)
  from space 180224K,  53% used [0x00007f282c690000, 0x00007f28323e80f8, 0x00007f2837690000)
  to   space 180224K,   0% used [0x00007f2837690000, 0x00007f2837690000, 0x00007f2842690000)
 tenured generation   total 3605604K, used 3605356K [0x00007f327f0a0000, 0x00007f335b1b9000, 0x00007f47d4600000)
   the space 3605604K,  99% used [0x00007f327f0a0000, 0x00007f335b17b188, 0x00007f335b17b200, 0x00007f335b1b9000)
 Metaspace       used 24258K, capacity 24627K, committed 24832K, reserved 26624K
}
Event: 1053.619 GC heap after
{Heap after GC invocations=1076 (full 5):
 def new generation   total 1622592K, used 84778K [0x00007f27d4600000, 0x00007f2842690000, 0x00007f327f0a0000)
  eden space 1442368K,   0% used [0x00007f27d4600000, 0x00007f27d4600000, 0x00007f282c690000)
  from space 180224K,  47% used [0x00007f2837690000, 0x00007f283c95a9f8, 0x00007f2842690000)
  to   space 180224K,   0% used [0x00007f282c690000, 0x00007f282c690000, 0x00007f2837690000)
 tenured generation   total 3622508K, used 3622314K [0x00007f327f0a0000, 0x00007f335c23b000, 0x00007f47d4600000)
   the space 3622508K,  99% used [0x00007f327f0a0000, 0x00007f335c20abe0, 0x00007f335c20ac00, 0x00007f335c23b000)
 Metaspace       used 24258K, capacity 24627K, committed 24832K, reserved 26624K
}
Event: 1053.619 GC heap before
{Heap before GC invocations=1076 (full 5):
 def new generation   total 1622592K, used 84778K [0x00007f27d4600000, 0x00007f2842690000, 0x00007f327f0a0000)
  eden space 1442368K,   0% used [0x00007f27d4600000, 0x00007f27d4600000, 0x00007f282c690000)
  from space 180224K,  47% used [0x00007f2837690000, 0x00007f283c95a9f8, 0x00007f2842690000)
  to   space 180224K,   0% used [0x00007f282c690000, 0x00007f282c690000, 0x00007f2837690000)
 tenured generation   total 3622508K, used 3622314K [0x00007f327f0a0000, 0x00007f335c23b000, 0x00007f47d4600000)
   the space 3622508K,  99% used [0x00007f327f0a0000, 0x00007f335c20abe0, 0x00007f335c20ac00, 0x00007f335c23b000)
 Metaspace       used 24258K, capacity 24627K, committed 24832K, reserved 26624K
}

