# JRE version: OpenJDK Runtime Environment (13.0.7+5) (build 13.0.7+5-Ubuntu-0ubuntu120.04)
# Java VM: OpenJDK 64-Bit Server VM (13.0.7+5-Ubuntu-0ubuntu120.04, mixed mode, tiered, serial gc, linux-amd64)
Heap:
 def new generation   total 3152704K, used 0K [0x00007f5a58600000, 0x00007f5b2e2e0000, 0x00007f5fadb50000)
  eden space 2802432K,   0% used [0x00007f5a58600000, 0x00007f5a58600000, 0x00007f5b036c0000)
  from space 350272K,   0% used [0x00007f5b036c0000, 0x00007f5b036c0000, 0x00007f5b18cd0000)
  to   space 350272K,   0% used [0x00007f5b18cd0000, 0x00007f5b18cd0000, 0x00007f5b2e2e0000)
 tenured generation   total 7005852K, used 4203511K [0x00007f5fadb50000, 0x00007f61594f7000, 0x00007f6a58600000)
   the space 7005852K,  59% used [0x00007f5fadb50000, 0x00007f60ae44dc10, 0x00007f60ae44de00, 0x00007f61594f7000)
 Metaspace       used 22944K, capacity 23298K, committed 23552K, reserved 24576K
GC Heap History (16 events):
Event: 3.801 GC heap before
{Heap before GC invocations=0 (full 0):
 def new generation   total 629120K, used 89477K [0x00007f5a58600000, 0x00007f5a830a0000, 0x00007f5fadb50000)
  eden space 559232K,  16% used [0x00007f5a58600000, 0x00007f5a5dd61700, 0x00007f5a7a820000)
  from space 69888K,   0% used [0x00007f5a7a820000, 0x00007f5a7a820000, 0x00007f5a7ec60000)
  to   space 69888K,   0% used [0x00007f5a7ec60000, 0x00007f5a7ec60000, 0x00007f5a830a0000)
 tenured generation   total 1398144K, used 0K [0x00007f5fadb50000, 0x00007f60030b0000, 0x00007f6a58600000)
   the space 1398144K,   0% used [0x00007f5fadb50000, 0x00007f5fadb50000, 0x00007f5fadb50200, 0x00007f60030b0000)
 Metaspace       used 20888K, capacity 21152K, committed 21248K, reserved 22528K
}
Event: 3.906 GC heap after
{Heap after GC invocations=1 (full 1):
 def new generation   total 629248K, used 0K [0x00007f5a58600000, 0x00007f5a830c0000, 0x00007f5fadb50000)
  eden space 559360K,   0% used [0x00007f5a58600000, 0x00007f5a58600000, 0x00007f5a7a840000)
  from space 69888K,   0% used [0x00007f5a7a840000, 0x00007f5a7a840000, 0x00007f5a7ec80000)
  to   space 69888K,   0% used [0x00007f5a7ec80000, 0x00007f5a7ec80000, 0x00007f5a830c0000)
 tenured generation   total 1398144K, used 13583K [0x00007f5fadb50000, 0x00007f60030b0000, 0x00007f6a58600000)
   the space 1398144K,   0% used [0x00007f5fadb50000, 0x00007f5fae893f08, 0x00007f5fae894000, 0x00007f60030b0000)
 Metaspace       used 20888K, capacity 21152K, committed 21248K, reserved 22528K
}
Event: 8.614 GC heap before
{Heap before GC invocations=1 (full 1):
 def new generation   total 629248K, used 545029K [0x00007f5a58600000, 0x00007f5a830c0000, 0x00007f5fadb50000)
  eden space 559360K,  97% used [0x00007f5a58600000, 0x00007f5a79a415f0, 0x00007f5a7a840000)
  from space 69888K,   0% used [0x00007f5a7a840000, 0x00007f5a7a840000, 0x00007f5a7ec80000)
  to   space 69888K,   0% used [0x00007f5a7ec80000, 0x00007f5a7ec80000, 0x00007f5a830c0000)
 tenured generation   total 1398144K, used 13583K [0x00007f5fadb50000, 0x00007f60030b0000, 0x00007f6a58600000)
   the space 1398144K,   0% used [0x00007f5fadb50000, 0x00007f5fae893f08, 0x00007f5fae894000, 0x00007f60030b0000)
 Metaspace       used 22944K, capacity 23298K, committed 23552K, reserved 24576K
}
Event: 8.687 GC heap after
{Heap after GC invocations=2 (full 1):
 def new generation   total 629248K, used 66497K [0x00007f5a58600000, 0x00007f5a830c0000, 0x00007f5fadb50000)
  eden space 559360K,   0% used [0x00007f5a58600000, 0x00007f5a58600000, 0x00007f5a7a840000)
  from space 69888K,  95% used [0x00007f5a7ec80000, 0x00007f5a82d704c8, 0x00007f5a830c0000)
  to   space 69888K,   0% used [0x00007f5a7a840000, 0x00007f5a7a840000, 0x00007f5a7ec80000)
 tenured generation   total 1398144K, used 13583K [0x00007f5fadb50000, 0x00007f60030b0000, 0x00007f6a58600000)
   the space 1398144K,   0% used [0x00007f5fadb50000, 0x00007f5fae893f08, 0x00007f5fae894000, 0x00007f60030b0000)
 Metaspace       used 22944K, capacity 23298K, committed 23552K, reserved 24576K
}
Event: 8.730 GC heap before
{Heap before GC invocations=2 (full 1):
 def new generation   total 629248K, used 142933K [0x00007f5a58600000, 0x00007f5a830c0000, 0x00007f5fadb50000)
  eden space 559360K,  13% used [0x00007f5a58600000, 0x00007f5a5d0a5250, 0x00007f5a7a840000)
  from space 69888K,  95% used [0x00007f5a7ec80000, 0x00007f5a82d704c8, 0x00007f5a830c0000)
  to   space 69888K,   0% used [0x00007f5a7a840000, 0x00007f5a7a840000, 0x00007f5a7ec80000)
 tenured generation   total 1398144K, used 13583K [0x00007f5fadb50000, 0x00007f60030b0000, 0x00007f6a58600000)
   the space 1398144K,   0% used [0x00007f5fadb50000, 0x00007f5fae893f08, 0x00007f5fae894000, 0x00007f60030b0000)
 Metaspace       used 22944K, capacity 23298K, committed 23552K, reserved 24576K
}
Event: 8.829 GC heap after
{Heap after GC invocations=3 (full 1):
 def new generation   total 629248K, used 65536K [0x00007f5a58600000, 0x00007f5a830c0000, 0x00007f5fadb50000)
  eden space 559360K,   0% used [0x00007f5a58600000, 0x00007f5a58600000, 0x00007f5a7a840000)
  from space 69888K,  93% used [0x00007f5a7a840000, 0x00007f5a7e840290, 0x00007f5a7ec80000)
  to   space 69888K,   0% used [0x00007f5a7ec80000, 0x00007f5a7ec80000, 0x00007f5a830c0000)
 tenured generation   total 1398144K, used 80071K [0x00007f5fadb50000, 0x00007f60030b0000, 0x00007f6a58600000)
   the space 1398144K,   5% used [0x00007f5fadb50000, 0x00007f5fb2981dc0, 0x00007f5fb2981e00, 0x00007f60030b0000)
 Metaspace       used 22944K, capacity 23298K, committed 23552K, reserved 24576K
}
Event: 8.829 GC heap before
{Heap before GC invocations=3 (full 1):
 def new generation   total 629248K, used 65536K [0x00007f5a58600000, 0x00007f5a830c0000, 0x00007f5fadb50000)
  eden space 559360K,   0% used [0x00007f5a58600000, 0x00007f5a58600000, 0x00007f5a7a840000)
  from space 69888K,  93% used [0x00007f5a7a840000, 0x00007f5a7e840290, 0x00007f5a7ec80000)
  to   space 69888K,   0% used [0x00007f5a7ec80000, 0x00007f5a7ec80000, 0x00007f5a830c0000)
 tenured generation   total 1398144K, used 80071K [0x00007f5fadb50000, 0x00007f60030b0000, 0x00007f6a58600000)
   the space 1398144K,   5% used [0x00007f5fadb50000, 0x00007f5fb2981dc0, 0x00007f5fb2981e00, 0x00007f60030b0000)
 Metaspace       used 22944K, capacity 23298K, committed 23552K, reserved 24576K
}
Event: 8.924 GC heap after
{Heap after GC invocations=3 (full 2):
 def new generation   total 629248K, used 0K [0x00007f5a58600000, 0x00007f5a830c0000, 0x00007f5fadb50000)
  eden space 559360K,   0% used [0x00007f5a58600000, 0x00007f5a58600000, 0x00007f5a7a840000)
  from space 69888K,   0% used [0x00007f5a7a840000, 0x00007f5a7a840000, 0x00007f5a7ec80000)
  to   space 69888K,   0% used [0x00007f5a7ec80000, 0x00007f5a7ec80000, 0x00007f5a830c0000)
 tenured generation   total 1398144K, used 145608K [0x00007f5fadb50000, 0x00007f60030b0000, 0x00007f6a58600000)
   the space 1398144K,  10% used [0x00007f5fadb50000, 0x00007f5fb6982050, 0x00007f5fb6982200, 0x00007f60030b0000)
 Metaspace       used 22944K, capacity 23298K, committed 23552K, reserved 24576K
}
Event: 11.336 GC heap before
{Heap before GC invocations=3 (full 2):
 def new generation   total 629248K, used 10900K [0x00007f5a58600000, 0x00007f5a830c0000, 0x00007f5fadb50000)
  eden space 559360K,   1% used [0x00007f5a58600000, 0x00007f5a590a5210, 0x00007f5a7a840000)
  from space 69888K,   0% used [0x00007f5a7a840000, 0x00007f5a7a840000, 0x00007f5a7ec80000)
  to   space 69888K,   0% used [0x00007f5a7ec80000, 0x00007f5a7ec80000, 0x00007f5a830c0000)
 tenured generation   total 3495300K, used 2242760K [0x00007f5fadb50000, 0x00007f60830b1000, 0x00007f6a58600000)
   the space 3495300K,  64% used [0x00007f5fadb50000, 0x00007f6036982068, 0x00007f6036982200, 0x00007f60830b1000)
 Metaspace       used 22944K, capacity 23298K, committed 23552K, reserved 24576K
}
Event: 11.340 GC heap after
{Heap after GC invocations=4 (full 2):
 def new generation   total 629248K, used 0K [0x00007f5a58600000, 0x00007f5a830c0000, 0x00007f5fadb50000)
  eden space 559360K,   0% used [0x00007f5a58600000, 0x00007f5a58600000, 0x00007f5a7a840000)
  from space 69888K,   0% used [0x00007f5a7ec80000, 0x00007f5a7ec800b0, 0x00007f5a830c0000)
  to   space 69888K,   0% used [0x00007f5a7a840000, 0x00007f5a7a840000, 0x00007f5a7ec80000)
 tenured generation   total 3495300K, used 2242760K [0x00007f5fadb50000, 0x00007f60830b1000, 0x00007f6a58600000)
   the space 3495300K,  64% used [0x00007f5fadb50000, 0x00007f6036982068, 0x00007f6036982200, 0x00007f60830b1000)
 Metaspace       used 22944K, capacity 23298K, committed 23552K, reserved 24576K
}
Event: 11.340 GC heap before
{Heap before GC invocations=4 (full 2):
 def new generation   total 629248K, used 0K [0x00007f5a58600000, 0x00007f5a830c0000, 0x00007f5fadb50000)
  eden space 559360K,   0% used [0x00007f5a58600000, 0x00007f5a58600000, 0x00007f5a7a840000)
  from space 69888K,   0% used [0x00007f5a7ec80000, 0x00007f5a7ec800b0, 0x00007f5a830c0000)
  to   space 69888K,   0% used [0x00007f5a7a840000, 0x00007f5a7a840000, 0x00007f5a7ec80000)
 tenured generation   total 3495300K, used 2242760K [0x00007f5fadb50000, 0x00007f60830b1000, 0x00007f6a58600000)
   the space 3495300K,  64% used [0x00007f5fadb50000, 0x00007f6036982068, 0x00007f6036982200, 0x00007f60830b1000)
 Metaspace       used 22944K, capacity 23298K, committed 23552K, reserved 24576K
}
Event: 11.394 GC heap after
{Heap after GC invocations=4 (full 3):
 def new generation   total 1682112K, used 0K [0x00007f5a58600000, 0x00007f5aca730000, 0x00007f5fadb50000)
  eden space 1495232K,   0% used [0x00007f5a58600000, 0x00007f5a58600000, 0x00007f5ab3a30000)
  from space 186880K,   0% used [0x00007f5ab3a30000, 0x00007f5ab3a30000, 0x00007f5abf0b0000)
  to   space 186880K,   0% used [0x00007f5abf0b0000, 0x00007f5abf0b0000, 0x00007f5aca730000)
 tenured generation   total 3737936K, used 2242760K [0x00007f5fadb50000, 0x00007f6091da4000, 0x00007f6a58600000)
   the space 3737936K,  59% used [0x00007f5fadb50000, 0x00007f6036982118, 0x00007f6036982200, 0x00007f6091da4000)
 Metaspace       used 22944K, capacity 23298K, committed 23552K, reserved 24576K
}
Event: 13.071 GC heap before
{Heap before GC invocations=4 (full 3):
 def new generation   total 1682112K, used 29138K [0x00007f5a58600000, 0x00007f5aca730000, 0x00007f5fadb50000)
  eden space 1495232K,   1% used [0x00007f5a58600000, 0x00007f5a5a274928, 0x00007f5ab3a30000)
  from space 186880K,   0% used [0x00007f5ab3a30000, 0x00007f5ab3a30000, 0x00007f5abf0b0000)
  to   space 186880K,   0% used [0x00007f5abf0b0000, 0x00007f5abf0b0000, 0x00007f5aca730000)
 tenured generation   total 5835092K, used 4339912K [0x00007f5fadb50000, 0x00007f6111da5000, 0x00007f6a58600000)
   the space 5835092K,  74% used [0x00007f5fadb50000, 0x00007f60b6982130, 0x00007f60b6982200, 0x00007f6111da5000)
 Metaspace       used 22944K, capacity 23298K, committed 23552K, reserved 24576K
}
Event: 13.075 GC heap after
{Heap after GC invocations=5 (full 3):
 def new generation   total 1682112K, used 0K [0x00007f5a58600000, 0x00007f5aca730000, 0x00007f5fadb50000)
  eden space 1495232K,   0% used [0x00007f5a58600000, 0x00007f5a58600000, 0x00007f5ab3a30000)
  from space 186880K,   0% used [0x00007f5abf0b0000, 0x00007f5abf0b0290, 0x00007f5aca730000)
  to   space 186880K,   0% used [0x00007f5ab3a30000, 0x00007f5ab3a30000, 0x00007f5abf0b0000)
 tenured generation   total 5835092K, used 4339912K [0x00007f5fadb50000, 0x00007f6111da5000, 0x00007f6a58600000)
   the space 5835092K,  74% used [0x00007f5fadb50000, 0x00007f60b6982130, 0x00007f60b6982200, 0x00007f6111da5000)
 Metaspace       used 22944K, capacity 23298K, committed 23552K, reserved 24576K
}
Event: 13.075 GC heap before
{Heap before GC invocations=5 (full 3):
 def new generation   total 1682112K, used 0K [0x00007f5a58600000, 0x00007f5aca730000, 0x00007f5fadb50000)
  eden space 1495232K,   0% used [0x00007f5a58600000, 0x00007f5a58600000, 0x00007f5ab3a30000)
  from space 186880K,   0% used [0x00007f5abf0b0000, 0x00007f5abf0b0290, 0x00007f5aca730000)
  to   space 186880K,   0% used [0x00007f5ab3a30000, 0x00007f5ab3a30000, 0x00007f5abf0b0000)
 tenured generation   total 5835092K, used 4339912K [0x00007f5fadb50000, 0x00007f6111da5000, 0x00007f6a58600000)
   the space 5835092K,  74% used [0x00007f5fadb50000, 0x00007f60b6982130, 0x00007f60b6982200, 0x00007f6111da5000)
 Metaspace       used 22944K, capacity 23298K, committed 23552K, reserved 24576K
}
Event: 15.761 GC heap after
{Heap after GC invocations=5 (full 4):
 def new generation   total 3152704K, used 0K [0x00007f5a58600000, 0x00007f5b2e2e0000, 0x00007f5fadb50000)
  eden space 2802432K,   0% used [0x00007f5a58600000, 0x00007f5a58600000, 0x00007f5b036c0000)
  from space 350272K,   0% used [0x00007f5b036c0000, 0x00007f5b036c0000, 0x00007f5b18cd0000)
  to   space 350272K,   0% used [0x00007f5b18cd0000, 0x00007f5b18cd0000, 0x00007f5b2e2e0000)
 tenured generation   total 7005852K, used 4203511K [0x00007f5fadb50000, 0x00007f61594f7000, 0x00007f6a58600000)
   the space 7005852K,  59% used [0x00007f5fadb50000, 0x00007f60ae44dc10, 0x00007f60ae44de00, 0x00007f61594f7000)
 Metaspace       used 22944K, capacity 23298K, committed 23552K, reserved 24576K
}

