# JRE version: OpenJDK Runtime Environment (13.0.7+5) (build 13.0.7+5-Ubuntu-0ubuntu120.04)
# Java VM: OpenJDK 64-Bit Server VM (13.0.7+5-Ubuntu-0ubuntu120.04, mixed mode, tiered, serial gc, linux-amd64)
Heap:
 def new generation   total 5593664K, used 415327K [0x00007f0df4600000, 0x00007f0f6fb80000, 0x00007f1349b50000)
  eden space 4972160K,   8% used [0x00007f0df4600000, 0x00007f0e0db97d18, 0x00007f0f23da0000)
  from space 621504K,   0% used [0x00007f0f23da0000, 0x00007f0f23da0000, 0x00007f0f49c90000)
  to   space 621504K,   0% used [0x00007f0f49c90000, 0x00007f0f49c90000, 0x00007f0f6fb80000)
 tenured generation   total 12430428K, used 12430237K [0x00007f1349b50000, 0x00007f1640667000, 0x00007f1df4600000)
   the space 12430428K,  99% used [0x00007f1349b50000, 0x00007f16406376e0, 0x00007f1640637800, 0x00007f1640667000)
 Metaspace       used 30866K, capacity 31323K, committed 31488K, reserved 32768K
GC Heap History (20 events):
Event: 8.709 GC heap after
{Heap after GC invocations=5 (full 1):
 def new generation   total 629248K, used 69887K [0x00007f0df4600000, 0x00007f0e1f0c0000, 0x00007f1349b50000)
  eden space 559360K,   0% used [0x00007f0df4600000, 0x00007f0df4600000, 0x00007f0e16840000)
  from space 69888K,  99% used [0x00007f0e16840000, 0x00007f0e1ac7fde8, 0x00007f0e1ac80000)
  to   space 69888K,   0% used [0x00007f0e1ac80000, 0x00007f0e1ac80000, 0x00007f0e1f0c0000)
 tenured generation   total 1477380K, used 1477265K [0x00007f1349b50000, 0x00007f13a3e11000, 0x00007f1df4600000)
   the space 1477380K,  99% used [0x00007f1349b50000, 0x00007f13a3df4748, 0x00007f13a3df4800, 0x00007f13a3e11000)
 Metaspace       used 30864K, capacity 31323K, committed 31488K, reserved 32768K
}
Event: 8.709 GC heap before
{Heap before GC invocations=5 (full 1):
 def new generation   total 629248K, used 69887K [0x00007f0df4600000, 0x00007f0e1f0c0000, 0x00007f1349b50000)
  eden space 559360K,   0% used [0x00007f0df4600000, 0x00007f0df4600000, 0x00007f0e16840000)
  from space 69888K,  99% used [0x00007f0e16840000, 0x00007f0e1ac7fde8, 0x00007f0e1ac80000)
  to   space 69888K,   0% used [0x00007f0e1ac80000, 0x00007f0e1ac80000, 0x00007f0e1f0c0000)
 tenured generation   total 1477380K, used 1477265K [0x00007f1349b50000, 0x00007f13a3e11000, 0x00007f1df4600000)
   the space 1477380K,  99% used [0x00007f1349b50000, 0x00007f13a3df4748, 0x00007f13a3df4800, 0x00007f13a3e11000)
 Metaspace       used 30864K, capacity 31323K, committed 31488K, reserved 32768K
}
Event: 9.103 GC heap after
{Heap after GC invocations=5 (full 2):
 def new generation   total 1108096K, used 69773K [0x00007f0df4600000, 0x00007f0e3f850000, 0x00007f1349b50000)
  eden space 985024K,   7% used [0x00007f0df4600000, 0x00007f0df8a23780, 0x00007f0e307f0000)
  from space 123072K,   0% used [0x00007f0e307f0000, 0x00007f0e307f0000, 0x00007f0e38020000)
  to   space 123072K,   0% used [0x00007f0e38020000, 0x00007f0e38020000, 0x00007f0e3f850000)
 tenured generation   total 2462300K, used 1477379K [0x00007f1349b50000, 0x00007f13dffe7000, 0x00007f1df4600000)
   the space 2462300K,  59% used [0x00007f1349b50000, 0x00007f13a3e10db0, 0x00007f13a3e10e00, 0x00007f13dffe7000)
 Metaspace       used 30864K, capacity 31323K, committed 31488K, reserved 32768K
}
Event: 9.378 GC heap before
{Heap before GC invocations=5 (full 2):
 def new generation   total 1108096K, used 985024K [0x00007f0df4600000, 0x00007f0e3f850000, 0x00007f1349b50000)
  eden space 985024K, 100% used [0x00007f0df4600000, 0x00007f0e307f0000, 0x00007f0e307f0000)
  from space 123072K,   0% used [0x00007f0e307f0000, 0x00007f0e307f0000, 0x00007f0e38020000)
  to   space 123072K,   0% used [0x00007f0e38020000, 0x00007f0e38020000, 0x00007f0e3f850000)
 tenured generation   total 2462300K, used 1477379K [0x00007f1349b50000, 0x00007f13dffe7000, 0x00007f1df4600000)
   the space 2462300K,  59% used [0x00007f1349b50000, 0x00007f13a3e10db0, 0x00007f13a3e10e00, 0x00007f13dffe7000)
 Metaspace       used 30866K, capacity 31323K, committed 31488K, reserved 32768K
}
Event: 10.158 GC heap after
{Heap after GC invocations=6 (full 2):
 def new generation   total 1108096K, used 123071K [0x00007f0df4600000, 0x00007f0e3f850000, 0x00007f1349b50000)
  eden space 985024K,   0% used [0x00007f0df4600000, 0x00007f0df4600000, 0x00007f0e307f0000)
  from space 123072K,  99% used [0x00007f0e38020000, 0x00007f0e3f84fe08, 0x00007f0e3f850000)
  to   space 123072K,   0% used [0x00007f0e307f0000, 0x00007f0e307f0000, 0x00007f0e38020000)
 tenured generation   total 2462300K, used 2329443K [0x00007f1349b50000, 0x00007f13dffe7000, 0x00007f1df4600000)
   the space 2462300K,  94% used [0x00007f1349b50000, 0x00007f13d7e28d58, 0x00007f13d7e28e00, 0x00007f13dffe7000)
 Metaspace       used 30866K, capacity 31323K, committed 31488K, reserved 32768K
}
Event: 10.455 GC heap before
{Heap before GC invocations=6 (full 2):
 def new generation   total 1108096K, used 1108095K [0x00007f0df4600000, 0x00007f0e3f850000, 0x00007f1349b50000)
  eden space 985024K, 100% used [0x00007f0df4600000, 0x00007f0e307f0000, 0x00007f0e307f0000)
  from space 123072K,  99% used [0x00007f0e38020000, 0x00007f0e3f84fe08, 0x00007f0e3f850000)
  to   space 123072K,   0% used [0x00007f0e307f0000, 0x00007f0e307f0000, 0x00007f0e38020000)
 tenured generation   total 2462300K, used 2329443K [0x00007f1349b50000, 0x00007f13dffe7000, 0x00007f1df4600000)
   the space 2462300K,  94% used [0x00007f1349b50000, 0x00007f13d7e28d58, 0x00007f13d7e28e00, 0x00007f13dffe7000)
 Metaspace       used 30866K, capacity 31323K, committed 31488K, reserved 32768K
}
Event: 11.871 GC heap after
{Heap after GC invocations=7 (full 2):
 def new generation   total 1108096K, used 123071K [0x00007f0df4600000, 0x00007f0e3f850000, 0x00007f1349b50000)
  eden space 985024K,   0% used [0x00007f0df4600000, 0x00007f0df4600000, 0x00007f0e307f0000)
  from space 123072K,  99% used [0x00007f0e307f0000, 0x00007f0e3801fdb8, 0x00007f0e38020000)
  to   space 123072K,   0% used [0x00007f0e38020000, 0x00007f0e38020000, 0x00007f0e3f850000)
 tenured generation   total 3314588K, used 3314432K [0x00007f1349b50000, 0x00007f1414037000, 0x00007f1df4600000)
   the space 3314588K,  99% used [0x00007f1349b50000, 0x00007f14140101a8, 0x00007f1414010200, 0x00007f1414037000)
 Metaspace       used 30866K, capacity 31323K, committed 31488K, reserved 32768K
}
Event: 11.871 GC heap before
{Heap before GC invocations=7 (full 2):
 def new generation   total 1108096K, used 123071K [0x00007f0df4600000, 0x00007f0e3f850000, 0x00007f1349b50000)
  eden space 985024K,   0% used [0x00007f0df4600000, 0x00007f0df4600000, 0x00007f0e307f0000)
  from space 123072K,  99% used [0x00007f0e307f0000, 0x00007f0e3801fdb8, 0x00007f0e38020000)
  to   space 123072K,   0% used [0x00007f0e38020000, 0x00007f0e38020000, 0x00007f0e3f850000)
 tenured generation   total 3314588K, used 3314432K [0x00007f1349b50000, 0x00007f1414037000, 0x00007f1df4600000)
   the space 3314588K,  99% used [0x00007f1349b50000, 0x00007f14140101a8, 0x00007f1414010200, 0x00007f1414037000)
 Metaspace       used 30866K, capacity 31323K, committed 31488K, reserved 32768K
}
Event: 12.809 GC heap after
{Heap after GC invocations=7 (full 3):
 def new generation   total 2486016K, used 122915K [0x00007f0df4600000, 0x00007f0e9cf70000, 0x00007f1349b50000)
  eden space 2209856K,   5% used [0x00007f0df4600000, 0x00007f0dfbe08f78, 0x00007f0e7b410000)
  from space 276160K,   0% used [0x00007f0e7b410000, 0x00007f0e7b410000, 0x00007f0e8c1c0000)
  to   space 276160K,   0% used [0x00007f0e8c1c0000, 0x00007f0e8c1c0000, 0x00007f0e9cf70000)
 tenured generation   total 5524316K, used 3314587K [0x00007f1349b50000, 0x00007f149ae27000, 0x00007f1df4600000)
   the space 5524316K,  59% used [0x00007f1349b50000, 0x00007f1414036fe8, 0x00007f1414037000, 0x00007f149ae27000)
 Metaspace       used 30866K, capacity 31323K, committed 31488K, reserved 32768K
}
Event: 13.713 GC heap before
{Heap before GC invocations=7 (full 3):
 def new generation   total 2486016K, used 2209856K [0x00007f0df4600000, 0x00007f0e9cf70000, 0x00007f1349b50000)
  eden space 2209856K, 100% used [0x00007f0df4600000, 0x00007f0e7b410000, 0x00007f0e7b410000)
  from space 276160K,   0% used [0x00007f0e7b410000, 0x00007f0e7b410000, 0x00007f0e8c1c0000)
  to   space 276160K,   0% used [0x00007f0e8c1c0000, 0x00007f0e8c1c0000, 0x00007f0e9cf70000)
 tenured generation   total 5524316K, used 3314587K [0x00007f1349b50000, 0x00007f149ae27000, 0x00007f1df4600000)
   the space 5524316K,  59% used [0x00007f1349b50000, 0x00007f1414036fe8, 0x00007f1414037000, 0x00007f149ae27000)
 Metaspace       used 30866K, capacity 31323K, committed 31488K, reserved 32768K
}
Event: 16.427 GC heap after
{Heap after GC invocations=8 (full 3):
 def new generation   total 2486016K, used 276159K [0x00007f0df4600000, 0x00007f0e9cf70000, 0x00007f1349b50000)
  eden space 2209856K,   0% used [0x00007f0df4600000, 0x00007f0df4600000, 0x00007f0e7b410000)
  from space 276160K,  99% used [0x00007f0e8c1c0000, 0x00007f0e9cf6fd08, 0x00007f0e9cf70000)
  to   space 276160K,   0% used [0x00007f0e7b410000, 0x00007f0e7b410000, 0x00007f0e8c1c0000)
 tenured generation   total 5524316K, used 5248210K [0x00007f1349b50000, 0x00007f149ae27000, 0x00007f1df4600000)
   the space 5524316K,  95% used [0x00007f1349b50000, 0x00007f148a0849a0, 0x00007f148a084a00, 0x00007f149ae27000)
 Metaspace       used 30866K, capacity 31323K, committed 31488K, reserved 32768K
}
Event: 17.240 GC heap before
{Heap before GC invocations=8 (full 3):
 def new generation   total 2486016K, used 2486015K [0x00007f0df4600000, 0x00007f0e9cf70000, 0x00007f1349b50000)
  eden space 2209856K, 100% used [0x00007f0df4600000, 0x00007f0e7b410000, 0x00007f0e7b410000)
  from space 276160K,  99% used [0x00007f0e8c1c0000, 0x00007f0e9cf6fd08, 0x00007f0e9cf70000)
  to   space 276160K,   0% used [0x00007f0e7b410000, 0x00007f0e7b410000, 0x00007f0e8c1c0000)
 tenured generation   total 5524316K, used 5248210K [0x00007f1349b50000, 0x00007f149ae27000, 0x00007f1df4600000)
   the space 5524316K,  95% used [0x00007f1349b50000, 0x00007f148a0849a0, 0x00007f148a084a00, 0x00007f149ae27000)
 Metaspace       used 30866K, capacity 31323K, committed 31488K, reserved 32768K
}
Event: 20.716 GC heap after
{Heap after GC invocations=9 (full 3):
 def new generation   total 2486016K, used 276159K [0x00007f0df4600000, 0x00007f0e9cf70000, 0x00007f1349b50000)
  eden space 2209856K,   0% used [0x00007f0df4600000, 0x00007f0df4600000, 0x00007f0e7b410000)
  from space 276160K,  99% used [0x00007f0e7b410000, 0x00007f0e8c1bfd08, 0x00007f0e8c1c0000)
  to   space 276160K,   0% used [0x00007f0e8c1c0000, 0x00007f0e8c1c0000, 0x00007f0e9cf70000)
 tenured generation   total 7458140K, used 7457993K [0x00007f1349b50000, 0x00007f1510ea7000, 0x00007f1df4600000)
   the space 7458140K,  99% used [0x00007f1349b50000, 0x00007f1510e82478, 0x00007f1510e82600, 0x00007f1510ea7000)
 Metaspace       used 30866K, capacity 31323K, committed 31488K, reserved 32768K
}
Event: 20.716 GC heap before
{Heap before GC invocations=9 (full 3):
 def new generation   total 2486016K, used 276159K [0x00007f0df4600000, 0x00007f0e9cf70000, 0x00007f1349b50000)
  eden space 2209856K,   0% used [0x00007f0df4600000, 0x00007f0df4600000, 0x00007f0e7b410000)
  from space 276160K,  99% used [0x00007f0e7b410000, 0x00007f0e8c1bfd08, 0x00007f0e8c1c0000)
  to   space 276160K,   0% used [0x00007f0e8c1c0000, 0x00007f0e8c1c0000, 0x00007f0e9cf70000)
 tenured generation   total 7458140K, used 7457993K [0x00007f1349b50000, 0x00007f1510ea7000, 0x00007f1df4600000)
   the space 7458140K,  99% used [0x00007f1349b50000, 0x00007f1510e82478, 0x00007f1510e82600, 0x00007f1510ea7000)
 Metaspace       used 30866K, capacity 31323K, committed 31488K, reserved 32768K
}
Event: 28.719 GC heap after
{Heap after GC invocations=9 (full 4):
 def new generation   total 5593664K, used 270560K [0x00007f0df4600000, 0x00007f0f6fb80000, 0x00007f1349b50000)
  eden space 4972160K,   5% used [0x00007f0df4600000, 0x00007f0e04e38020, 0x00007f0f23da0000)
  from space 621504K,   0% used [0x00007f0f23da0000, 0x00007f0f23da0000, 0x00007f0f49c90000)
  to   space 621504K,   0% used [0x00007f0f49c90000, 0x00007f0f49c90000, 0x00007f0f6fb80000)
 tenured generation   total 12430236K, used 7458139K [0x00007f1349b50000, 0x00007f1640637000, 0x00007f1df4600000)
   the space 12430236K,  59% used [0x00007f1349b50000, 0x00007f1510ea6f88, 0x00007f1510ea7000, 0x00007f1640637000)
 Metaspace       used 30866K, capacity 31323K, committed 31488K, reserved 32768K
}
Event: 30.747 GC heap before
{Heap before GC invocations=9 (full 4):
 def new generation   total 5593664K, used 4972160K [0x00007f0df4600000, 0x00007f0f6fb80000, 0x00007f1349b50000)
  eden space 4972160K, 100% used [0x00007f0df4600000, 0x00007f0f23da0000, 0x00007f0f23da0000)
  from space 621504K,   0% used [0x00007f0f23da0000, 0x00007f0f23da0000, 0x00007f0f49c90000)
  to   space 621504K,   0% used [0x00007f0f49c90000, 0x00007f0f49c90000, 0x00007f0f6fb80000)
 tenured generation   total 12430236K, used 7458139K [0x00007f1349b50000, 0x00007f1640637000, 0x00007f1df4600000)
   the space 12430236K,  59% used [0x00007f1349b50000, 0x00007f1510ea6f88, 0x00007f1510ea7000, 0x00007f1640637000)
 Metaspace       used 30866K, capacity 31323K, committed 31488K, reserved 32768K
}
Event: 36.863 GC heap after
{Heap after GC invocations=10 (full 4):
 def new generation   total 5593664K, used 621503K [0x00007f0df4600000, 0x00007f0f6fb80000, 0x00007f1349b50000)
  eden space 4972160K,   0% used [0x00007f0df4600000, 0x00007f0df4600000, 0x00007f0f23da0000)
  from space 621504K,  99% used [0x00007f0f49c90000, 0x00007f0f6fb7ffa8, 0x00007f0f6fb80000)
  to   space 621504K,   0% used [0x00007f0f23da0000, 0x00007f0f23da0000, 0x00007f0f49c90000)
 tenured generation   total 12430236K, used 11808733K [0x00007f1349b50000, 0x00007f1640637000, 0x00007f1df4600000)
   the space 12430236K,  95% used [0x00007f1349b50000, 0x00007f161a747738, 0x00007f161a747800, 0x00007f1640637000)
 Metaspace       used 30866K, capacity 31323K, committed 31488K, reserved 32768K
}
Event: 61.848 GC heap before
{Heap before GC invocations=10 (full 4):
 def new generation   total 5593664K, used 5593663K [0x00007f0df4600000, 0x00007f0f6fb80000, 0x00007f1349b50000)
  eden space 4972160K, 100% used [0x00007f0df4600000, 0x00007f0f23da0000, 0x00007f0f23da0000)
  from space 621504K,  99% used [0x00007f0f49c90000, 0x00007f0f6fb7ffa8, 0x00007f0f6fb80000)
  to   space 621504K,   0% used [0x00007f0f23da0000, 0x00007f0f23da0000, 0x00007f0f49c90000)
 tenured generation   total 12430236K, used 11808733K [0x00007f1349b50000, 0x00007f1640637000, 0x00007f1df4600000)
   the space 12430236K,  95% used [0x00007f1349b50000, 0x00007f161a747738, 0x00007f161a747800, 0x00007f1640637000)
 Metaspace       used 30866K, capacity 31323K, committed 31488K, reserved 32768K
}
Event: 63.598 GC heap after
{Heap after GC invocations=11 (full 4):
 def new generation   total 5593664K, used 415327K [0x00007f0df4600000, 0x00007f0f6fb80000, 0x00007f1349b50000)
  eden space 4972160K,   0% used [0x00007f0df4600000, 0x00007f0df4600000, 0x00007f0f23da0000)
  from space 621504K,  66% used [0x00007f0f23da0000, 0x00007f0f3d337d18, 0x00007f0f49c90000)
  to   space 621504K,   0% used [0x00007f0f49c90000, 0x00007f0f49c90000, 0x00007f0f6fb80000)
 tenured generation   total 12430428K, used 12430237K [0x00007f1349b50000, 0x00007f1640667000, 0x00007f1df4600000)
   the space 12430428K,  99% used [0x00007f1349b50000, 0x00007f16406376e0, 0x00007f1640637800, 0x00007f1640667000)
 Metaspace       used 30866K, capacity 31323K, committed 31488K, reserved 32768K
}
Event: 63.598 GC heap before
{Heap before GC invocations=11 (full 4):
 def new generation   total 5593664K, used 415327K [0x00007f0df4600000, 0x00007f0f6fb80000, 0x00007f1349b50000)
  eden space 4972160K,   0% used [0x00007f0df4600000, 0x00007f0df4600000, 0x00007f0f23da0000)
  from space 621504K,  66% used [0x00007f0f23da0000, 0x00007f0f3d337d18, 0x00007f0f49c90000)
  to   space 621504K,   0% used [0x00007f0f49c90000, 0x00007f0f49c90000, 0x00007f0f6fb80000)
 tenured generation   total 12430428K, used 12430237K [0x00007f1349b50000, 0x00007f1640667000, 0x00007f1df4600000)
   the space 12430428K,  99% used [0x00007f1349b50000, 0x00007f16406376e0, 0x00007f1640637800, 0x00007f1640667000)
 Metaspace       used 30866K, capacity 31323K, committed 31488K, reserved 32768K
}

