# JRE version: OpenJDK Runtime Environment (13.0.7+5) (build 13.0.7+5-Ubuntu-0ubuntu120.04)
# Java VM: OpenJDK 64-Bit Server VM (13.0.7+5-Ubuntu-0ubuntu120.04, mixed mode, tiered, serial gc, linux-amd64)
Heap:
 def new generation   total 4852032K, used 47711K [0x00007fea88600000, 0x00007febd16c0000, 0x00007fefddb50000)
  eden space 4312960K,   1% used [0x00007fea88600000, 0x00007fea8b497d10, 0x00007feb8f9e0000)
  from space 539072K,   0% used [0x00007feb8f9e0000, 0x00007feb8f9e0000, 0x00007febb0850000)
  to   space 539072K,   0% used [0x00007febb0850000, 0x00007febb0850000, 0x00007febd16c0000)
 tenured generation   total 10783868K, used 10783867K [0x00007fefddb50000, 0x00007ff26fe6f000, 0x00007ffa88600000)
   the space 10783868K,  99% used [0x00007fefddb50000, 0x00007ff26fe6efc0, 0x00007ff26fe6f000, 0x00007ff26fe6f000)
 Metaspace       used 24269K, capacity 24655K, committed 24832K, reserved 26624K
GC Heap History (20 events):
Event: 8007.492 GC heap after
{Heap after GC invocations=9371 (full 5):
 def new generation   total 4852032K, used 47545K [0x00007fea88600000, 0x00007febd16c0000, 0x00007fefddb50000)
  eden space 4312960K,   0% used [0x00007fea88600000, 0x00007fea88600000, 0x00007feb8f9e0000)
  from space 539072K,   8% used [0x00007febb0850000, 0x00007febb36be620, 0x00007febd16c0000)
  to   space 539072K,   0% used [0x00007feb8f9e0000, 0x00007feb8f9e0000, 0x00007febb0850000)
 tenured generation   total 10782140K, used 10759518K [0x00007fefddb50000, 0x00007ff26fcbf000, 0x00007ffa88600000)
   the space 10782140K,  99% used [0x00007fefddb50000, 0x00007ff26e6a7b50, 0x00007ff26e6a7c00, 0x00007ff26fcbf000)
 Metaspace       used 24269K, capacity 24655K, committed 24832K, reserved 26624K
}
Event: 8009.627 GC heap before
{Heap before GC invocations=9371 (full 5):
 def new generation   total 4852032K, used 4360505K [0x00007fea88600000, 0x00007febd16c0000, 0x00007fefddb50000)
  eden space 4312960K, 100% used [0x00007fea88600000, 0x00007feb8f9e0000, 0x00007feb8f9e0000)
  from space 539072K,   8% used [0x00007febb0850000, 0x00007febb36be620, 0x00007febd16c0000)
  to   space 539072K,   0% used [0x00007feb8f9e0000, 0x00007feb8f9e0000, 0x00007febb0850000)
 tenured generation   total 10782140K, used 10759518K [0x00007fefddb50000, 0x00007ff26fcbf000, 0x00007ffa88600000)
   the space 10782140K,  99% used [0x00007fefddb50000, 0x00007ff26e6a7b50, 0x00007ff26e6a7c00, 0x00007ff26fcbf000)
 Metaspace       used 24269K, capacity 24655K, committed 24832K, reserved 26624K
}
Event: 8009.656 GC heap after
{Heap after GC invocations=9372 (full 5):
 def new generation   total 4852032K, used 49554K [0x00007fea88600000, 0x00007febd16c0000, 0x00007fefddb50000)
  eden space 4312960K,   0% used [0x00007fea88600000, 0x00007fea88600000, 0x00007feb8f9e0000)
  from space 539072K,   9% used [0x00007feb8f9e0000, 0x00007feb92a44810, 0x00007febb0850000)
  to   space 539072K,   0% used [0x00007febb0850000, 0x00007febb0850000, 0x00007febd16c0000)
 tenured generation   total 10782140K, used 10762349K [0x00007fefddb50000, 0x00007ff26fcbf000, 0x00007ffa88600000)
   the space 10782140K,  99% used [0x00007fefddb50000, 0x00007ff26e96b778, 0x00007ff26e96b800, 0x00007ff26fcbf000)
 Metaspace       used 24269K, capacity 24655K, committed 24832K, reserved 26624K
}
Event: 8011.853 GC heap before
{Heap before GC invocations=9372 (full 5):
 def new generation   total 4852032K, used 4362514K [0x00007fea88600000, 0x00007febd16c0000, 0x00007fefddb50000)
  eden space 4312960K, 100% used [0x00007fea88600000, 0x00007feb8f9e0000, 0x00007feb8f9e0000)
  from space 539072K,   9% used [0x00007feb8f9e0000, 0x00007feb92a44810, 0x00007febb0850000)
  to   space 539072K,   0% used [0x00007febb0850000, 0x00007febb0850000, 0x00007febd16c0000)
 tenured generation   total 10782140K, used 10762349K [0x00007fefddb50000, 0x00007ff26fcbf000, 0x00007ffa88600000)
   the space 10782140K,  99% used [0x00007fefddb50000, 0x00007ff26e96b778, 0x00007ff26e96b800, 0x00007ff26fcbf000)
 Metaspace       used 24269K, capacity 24655K, committed 24832K, reserved 26624K
}
Event: 8011.880 GC heap after
{Heap after GC invocations=9373 (full 5):
 def new generation   total 4852032K, used 47139K [0x00007fea88600000, 0x00007febd16c0000, 0x00007fefddb50000)
  eden space 4312960K,   0% used [0x00007fea88600000, 0x00007fea88600000, 0x00007feb8f9e0000)
  from space 539072K,   8% used [0x00007febb0850000, 0x00007febb3658e58, 0x00007febd16c0000)
  to   space 539072K,   0% used [0x00007feb8f9e0000, 0x00007feb8f9e0000, 0x00007febb0850000)
 tenured generation   total 10782140K, used 10766582K [0x00007fefddb50000, 0x00007ff26fcbf000, 0x00007ffa88600000)
   the space 10782140K,  99% used [0x00007fefddb50000, 0x00007ff26ed8db78, 0x00007ff26ed8dc00, 0x00007ff26fcbf000)
 Metaspace       used 24269K, capacity 24655K, committed 24832K, reserved 26624K
}
Event: 8014.078 GC heap before
{Heap before GC invocations=9373 (full 5):
 def new generation   total 4852032K, used 4360099K [0x00007fea88600000, 0x00007febd16c0000, 0x00007fefddb50000)
  eden space 4312960K, 100% used [0x00007fea88600000, 0x00007feb8f9e0000, 0x00007feb8f9e0000)
  from space 539072K,   8% used [0x00007febb0850000, 0x00007febb3658e58, 0x00007febd16c0000)
  to   space 539072K,   0% used [0x00007feb8f9e0000, 0x00007feb8f9e0000, 0x00007febb0850000)
 tenured generation   total 10782140K, used 10766582K [0x00007fefddb50000, 0x00007ff26fcbf000, 0x00007ffa88600000)
   the space 10782140K,  99% used [0x00007fefddb50000, 0x00007ff26ed8db78, 0x00007ff26ed8dc00, 0x00007ff26fcbf000)
 Metaspace       used 24269K, capacity 24655K, committed 24832K, reserved 26624K
}
Event: 8014.103 GC heap after
{Heap after GC invocations=9374 (full 5):
 def new generation   total 4852032K, used 47093K [0x00007fea88600000, 0x00007febd16c0000, 0x00007fefddb50000)
  eden space 4312960K,   0% used [0x00007fea88600000, 0x00007fea88600000, 0x00007feb8f9e0000)
  from space 539072K,   8% used [0x00007feb8f9e0000, 0x00007feb927dd6b0, 0x00007febb0850000)
  to   space 539072K,   0% used [0x00007febb0850000, 0x00007febb0850000, 0x00007febd16c0000)
 tenured generation   total 10782140K, used 10768675K [0x00007fefddb50000, 0x00007ff26fcbf000, 0x00007ffa88600000)
   the space 10782140K,  99% used [0x00007fefddb50000, 0x00007ff26ef98ee0, 0x00007ff26ef99000, 0x00007ff26fcbf000)
 Metaspace       used 24269K, capacity 24655K, committed 24832K, reserved 26624K
}
Event: 8016.271 GC heap before
{Heap before GC invocations=9374 (full 5):
 def new generation   total 4852032K, used 4360053K [0x00007fea88600000, 0x00007febd16c0000, 0x00007fefddb50000)
  eden space 4312960K, 100% used [0x00007fea88600000, 0x00007feb8f9e0000, 0x00007feb8f9e0000)
  from space 539072K,   8% used [0x00007feb8f9e0000, 0x00007feb927dd6b0, 0x00007febb0850000)
  to   space 539072K,   0% used [0x00007febb0850000, 0x00007febb0850000, 0x00007febd16c0000)
 tenured generation   total 10782140K, used 10768675K [0x00007fefddb50000, 0x00007ff26fcbf000, 0x00007ffa88600000)
   the space 10782140K,  99% used [0x00007fefddb50000, 0x00007ff26ef98ee0, 0x00007ff26ef99000, 0x00007ff26fcbf000)
 Metaspace       used 24269K, capacity 24655K, committed 24832K, reserved 26624K
}
Event: 8016.303 GC heap after
{Heap after GC invocations=9375 (full 5):
 def new generation   total 4852032K, used 47351K [0x00007fea88600000, 0x00007febd16c0000, 0x00007fefddb50000)
  eden space 4312960K,   0% used [0x00007fea88600000, 0x00007fea88600000, 0x00007feb8f9e0000)
  from space 539072K,   8% used [0x00007febb0850000, 0x00007febb368df80, 0x00007febd16c0000)
  to   space 539072K,   0% used [0x00007feb8f9e0000, 0x00007feb8f9e0000, 0x00007febb0850000)
 tenured generation   total 10782140K, used 10770539K [0x00007fefddb50000, 0x00007ff26fcbf000, 0x00007ffa88600000)
   the space 10782140K,  99% used [0x00007fefddb50000, 0x00007ff26f16ade0, 0x00007ff26f16ae00, 0x00007ff26fcbf000)
 Metaspace       used 24269K, capacity 24655K, committed 24832K, reserved 26624K
}
Event: 8018.481 GC heap before
{Heap before GC invocations=9375 (full 5):
 def new generation   total 4852032K, used 4360311K [0x00007fea88600000, 0x00007febd16c0000, 0x00007fefddb50000)
  eden space 4312960K, 100% used [0x00007fea88600000, 0x00007feb8f9e0000, 0x00007feb8f9e0000)
  from space 539072K,   8% used [0x00007febb0850000, 0x00007febb368df80, 0x00007febd16c0000)
  to   space 539072K,   0% used [0x00007feb8f9e0000, 0x00007feb8f9e0000, 0x00007febb0850000)
 tenured generation   total 10782140K, used 10770539K [0x00007fefddb50000, 0x00007ff26fcbf000, 0x00007ffa88600000)
   the space 10782140K,  99% used [0x00007fefddb50000, 0x00007ff26f16ade0, 0x00007ff26f16ae00, 0x00007ff26fcbf000)
 Metaspace       used 24269K, capacity 24655K, committed 24832K, reserved 26624K
}
Event: 8018.507 GC heap after
{Heap after GC invocations=9376 (full 5):
 def new generation   total 4852032K, used 47520K [0x00007fea88600000, 0x00007febd16c0000, 0x00007fefddb50000)
  eden space 4312960K,   0% used [0x00007fea88600000, 0x00007fea88600000, 0x00007feb8f9e0000)
  from space 539072K,   8% used [0x00007feb8f9e0000, 0x00007feb928483c8, 0x00007febb0850000)
  to   space 539072K,   0% used [0x00007febb0850000, 0x00007febb0850000, 0x00007febd16c0000)
 tenured generation   total 10782140K, used 10772577K [0x00007fefddb50000, 0x00007ff26fcbf000, 0x00007ffa88600000)
   the space 10782140K,  99% used [0x00007fefddb50000, 0x00007ff26f3685f0, 0x00007ff26f368600, 0x00007ff26fcbf000)
 Metaspace       used 24269K, capacity 24655K, committed 24832K, reserved 26624K
}
Event: 8020.765 GC heap before
{Heap before GC invocations=9376 (full 5):
 def new generation   total 4852032K, used 4360480K [0x00007fea88600000, 0x00007febd16c0000, 0x00007fefddb50000)
  eden space 4312960K, 100% used [0x00007fea88600000, 0x00007feb8f9e0000, 0x00007feb8f9e0000)
  from space 539072K,   8% used [0x00007feb8f9e0000, 0x00007feb928483c8, 0x00007febb0850000)
  to   space 539072K,   0% used [0x00007febb0850000, 0x00007febb0850000, 0x00007febd16c0000)
 tenured generation   total 10782140K, used 10772577K [0x00007fefddb50000, 0x00007ff26fcbf000, 0x00007ffa88600000)
   the space 10782140K,  99% used [0x00007fefddb50000, 0x00007ff26f3685f0, 0x00007ff26f368600, 0x00007ff26fcbf000)
 Metaspace       used 24269K, capacity 24655K, committed 24832K, reserved 26624K
}
Event: 8020.792 GC heap after
{Heap after GC invocations=9377 (full 5):
 def new generation   total 4852032K, used 47885K [0x00007fea88600000, 0x00007febd16c0000, 0x00007fefddb50000)
  eden space 4312960K,   0% used [0x00007fea88600000, 0x00007fea88600000, 0x00007feb8f9e0000)
  from space 539072K,   8% used [0x00007febb0850000, 0x00007febb3713670, 0x00007febd16c0000)
  to   space 539072K,   0% used [0x00007feb8f9e0000, 0x00007feb8f9e0000, 0x00007febb0850000)
 tenured generation   total 10782140K, used 10774703K [0x00007fefddb50000, 0x00007ff26fcbf000, 0x00007ffa88600000)
   the space 10782140K,  99% used [0x00007fefddb50000, 0x00007ff26f57bfe0, 0x00007ff26f57c000, 0x00007ff26fcbf000)
 Metaspace       used 24269K, capacity 24655K, committed 24832K, reserved 26624K
}
Event: 8023.155 GC heap before
{Heap before GC invocations=9377 (full 5):
 def new generation   total 4852032K, used 4360845K [0x00007fea88600000, 0x00007febd16c0000, 0x00007fefddb50000)
  eden space 4312960K, 100% used [0x00007fea88600000, 0x00007feb8f9e0000, 0x00007feb8f9e0000)
  from space 539072K,   8% used [0x00007febb0850000, 0x00007febb3713670, 0x00007febd16c0000)
  to   space 539072K,   0% used [0x00007feb8f9e0000, 0x00007feb8f9e0000, 0x00007febb0850000)
 tenured generation   total 10782140K, used 10774703K [0x00007fefddb50000, 0x00007ff26fcbf000, 0x00007ffa88600000)
   the space 10782140K,  99% used [0x00007fefddb50000, 0x00007ff26f57bfe0, 0x00007ff26f57c000, 0x00007ff26fcbf000)
 Metaspace       used 24269K, capacity 24655K, committed 24832K, reserved 26624K
}
Event: 8023.181 GC heap after
{Heap after GC invocations=9378 (full 5):
 def new generation   total 4852032K, used 47860K [0x00007fea88600000, 0x00007febd16c0000, 0x00007fefddb50000)
  eden space 4312960K,   0% used [0x00007fea88600000, 0x00007fea88600000, 0x00007feb8f9e0000)
  from space 539072K,   8% used [0x00007feb8f9e0000, 0x00007feb9289d320, 0x00007febb0850000)
  to   space 539072K,   0% used [0x00007febb0850000, 0x00007febb0850000, 0x00007febd16c0000)
 tenured generation   total 10782140K, used 10777532K [0x00007fefddb50000, 0x00007ff26fcbf000, 0x00007ffa88600000)
   the space 10782140K,  99% used [0x00007fefddb50000, 0x00007ff26f83f1c0, 0x00007ff26f83f200, 0x00007ff26fcbf000)
 Metaspace       used 24269K, capacity 24655K, committed 24832K, reserved 26624K
}
Event: 8025.476 GC heap before
{Heap before GC invocations=9378 (full 5):
 def new generation   total 4852032K, used 4360820K [0x00007fea88600000, 0x00007febd16c0000, 0x00007fefddb50000)
  eden space 4312960K, 100% used [0x00007fea88600000, 0x00007feb8f9e0000, 0x00007feb8f9e0000)
  from space 539072K,   8% used [0x00007feb8f9e0000, 0x00007feb9289d320, 0x00007febb0850000)
  to   space 539072K,   0% used [0x00007febb0850000, 0x00007febb0850000, 0x00007febd16c0000)
 tenured generation   total 10782140K, used 10777532K [0x00007fefddb50000, 0x00007ff26fcbf000, 0x00007ffa88600000)
   the space 10782140K,  99% used [0x00007fefddb50000, 0x00007ff26f83f1c0, 0x00007ff26f83f200, 0x00007ff26fcbf000)
 Metaspace       used 24269K, capacity 24655K, committed 24832K, reserved 26624K
}
Event: 8025.504 GC heap after
{Heap after GC invocations=9379 (full 5):
 def new generation   total 4852032K, used 47786K [0x00007fea88600000, 0x00007febd16c0000, 0x00007fefddb50000)
  eden space 4312960K,   0% used [0x00007fea88600000, 0x00007fea88600000, 0x00007feb8f9e0000)
  from space 539072K,   8% used [0x00007febb0850000, 0x00007febb36fab68, 0x00007febd16c0000)
  to   space 539072K,   0% used [0x00007feb8f9e0000, 0x00007feb8f9e0000, 0x00007febb0850000)
 tenured generation   total 10782140K, used 10780712K [0x00007fefddb50000, 0x00007ff26fcbf000, 0x00007ffa88600000)
   the space 10782140K,  99% used [0x00007fefddb50000, 0x00007ff26fb5a100, 0x00007ff26fb5a200, 0x00007ff26fcbf000)
 Metaspace       used 24269K, capacity 24655K, committed 24832K, reserved 26624K
}
Event: 8027.792 GC heap before
{Heap before GC invocations=9379 (full 5):
 def new generation   total 4852032K, used 4360746K [0x00007fea88600000, 0x00007febd16c0000, 0x00007fefddb50000)
  eden space 4312960K, 100% used [0x00007fea88600000, 0x00007feb8f9e0000, 0x00007feb8f9e0000)
  from space 539072K,   8% used [0x00007febb0850000, 0x00007febb36fab68, 0x00007febd16c0000)
  to   space 539072K,   0% used [0x00007feb8f9e0000, 0x00007feb8f9e0000, 0x00007febb0850000)
 tenured generation   total 10782140K, used 10780712K [0x00007fefddb50000, 0x00007ff26fcbf000, 0x00007ffa88600000)
   the space 10782140K,  99% used [0x00007fefddb50000, 0x00007ff26fb5a100, 0x00007ff26fb5a200, 0x00007ff26fcbf000)
 Metaspace       used 24269K, capacity 24655K, committed 24832K, reserved 26624K
}
Event: 8027.818 GC heap after
{Heap after GC invocations=9380 (full 5):
 def new generation   total 4852032K, used 47775K [0x00007fea88600000, 0x00007febd16c0000, 0x00007fefddb50000)
  eden space 4312960K,   0% used [0x00007fea88600000, 0x00007fea88600000, 0x00007feb8f9e0000)
  from space 539072K,   8% used [0x00007feb8f9e0000, 0x00007feb92887de0, 0x00007febb0850000)
  to   space 539072K,   0% used [0x00007febb0850000, 0x00007febb0850000, 0x00007febd16c0000)
 tenured generation   total 10783868K, used 10783803K [0x00007fefddb50000, 0x00007ff26fe6f000, 0x00007ffa88600000)
   the space 10783868K,  99% used [0x00007fefddb50000, 0x00007ff26fe5eef0, 0x00007ff26fe5f000, 0x00007ff26fe6f000)
 Metaspace       used 24269K, capacity 24655K, committed 24832K, reserved 26624K
}
Event: 8027.819 GC heap before
{Heap before GC invocations=9380 (full 5):
 def new generation   total 4852032K, used 47775K [0x00007fea88600000, 0x00007febd16c0000, 0x00007fefddb50000)
  eden space 4312960K,   0% used [0x00007fea88600000, 0x00007fea88600000, 0x00007feb8f9e0000)
  from space 539072K,   8% used [0x00007feb8f9e0000, 0x00007feb92887de0, 0x00007febb0850000)
  to   space 539072K,   0% used [0x00007febb0850000, 0x00007febb0850000, 0x00007febd16c0000)
 tenured generation   total 10783868K, used 10783803K [0x00007fefddb50000, 0x00007ff26fe6f000, 0x00007ffa88600000)
   the space 10783868K,  99% used [0x00007fefddb50000, 0x00007ff26fe5eef0, 0x00007ff26fe5f000, 0x00007ff26fe6f000)
 Metaspace       used 24269K, capacity 24655K, committed 24832K, reserved 26624K
}

