# JRE version: OpenJDK Runtime Environment (13.0.7+5) (build 13.0.7+5-Ubuntu-0ubuntu120.04)
# Java VM: OpenJDK 64-Bit Server VM (13.0.7+5-Ubuntu-0ubuntu120.04, mixed mode, tiered, serial gc, linux-amd64)
Heap:
 def new generation   total 3153024K, used 2152480K [0x00007eee28600000, 0x00007eeefe330000, 0x00007ef37db50000)
  eden space 2802752K,  76% used [0x00007eee28600000, 0x00007eeeabc083f0, 0x00007eeed3710000)
  from space 350272K,   0% used [0x00007eeed3710000, 0x00007eeed3710000, 0x00007eeee8d20000)
  to   space 350272K,   0% used [0x00007eeee8d20000, 0x00007eeee8d20080, 0x00007eeefe330000)
 tenured generation   total 7006472K, used 6301759K [0x00007ef37db50000, 0x00007ef529592000, 0x00007efe28600000)
   the space 7006472K,  89% used [0x00007ef37db50000, 0x00007ef4fe55fcc8, 0x00007ef4fe55fe00, 0x00007ef529592000)
 Metaspace       used 23211K, capacity 23531K, committed 23552K, reserved 24576K
GC Heap History (20 events):
Event: 14.514 GC heap after
{Heap after GC invocations=12 (full 7):
 def new generation   total 2573952K, used 0K [0x00007eee28600000, 0x00007eeed6ee0000, 0x00007ef37db50000)
  eden space 2288000K,   0% used [0x00007eee28600000, 0x00007eee28600000, 0x00007eeeb4060000)
  from space 285952K,   0% used [0x00007eeeb4060000, 0x00007eeeb4060000, 0x00007eeec57a0000)
  to   space 285952K,   0% used [0x00007eeec57a0000, 0x00007eeec57a0000, 0x00007eeed6ee0000)
 tenured generation   total 5719756K, used 1063650K [0x00007ef37db50000, 0x00007ef4dad03000, 0x00007efe28600000)
   the space 5719756K,  18% used [0x00007ef37db50000, 0x00007ef3bea08ad0, 0x00007ef3bea08c00, 0x00007ef4dad03000)
 Metaspace       used 23119K, capacity 23516K, committed 23552K, reserved 24576K
}
Event: 15.970 GC heap before
{Heap before GC invocations=12 (full 7):
 def new generation   total 2573952K, used 2141995K [0x00007eee28600000, 0x00007eeed6ee0000, 0x00007ef37db50000)
  eden space 2288000K,  93% used [0x00007eee28600000, 0x00007eeeab1cae08, 0x00007eeeb4060000)
  from space 285952K,   0% used [0x00007eeeb4060000, 0x00007eeeb4060000, 0x00007eeec57a0000)
  to   space 285952K,   0% used [0x00007eeec57a0000, 0x00007eeec57a0000, 0x00007eeed6ee0000)
 tenured generation   total 5719756K, used 1063650K [0x00007ef37db50000, 0x00007ef4dad03000, 0x00007efe28600000)
   the space 5719756K,  18% used [0x00007ef37db50000, 0x00007ef3bea08ad0, 0x00007ef3bea08c00, 0x00007ef4dad03000)
 Metaspace       used 23119K, capacity 23516K, committed 23552K, reserved 24576K
}
Event: 16.435 GC heap after
{Heap after GC invocations=13 (full 7):
 def new generation   total 2573952K, used 0K [0x00007eee28600000, 0x00007eeed6ee0000, 0x00007ef37db50000)
  eden space 2288000K,   0% used [0x00007eee28600000, 0x00007eee28600000, 0x00007eeeb4060000)
  from space 285952K,   0% used [0x00007eeec57a0000, 0x00007eeec57a0108, 0x00007eeed6ee0000)
  to   space 285952K,   0% used [0x00007eeeb4060000, 0x00007eeeb4060000, 0x00007eeec57a0000)
 tenured generation   total 5719756K, used 3160802K [0x00007ef37db50000, 0x00007ef4dad03000, 0x00007efe28600000)
   the space 5719756K,  55% used [0x00007ef37db50000, 0x00007ef43ea08ae8, 0x00007ef43ea08c00, 0x00007ef4dad03000)
 Metaspace       used 23119K, capacity 23516K, committed 23552K, reserved 24576K
}
Event: 17.117 GC heap before
{Heap before GC invocations=13 (full 7):
 def new generation   total 2573952K, used 2141981K [0x00007eee28600000, 0x00007eeed6ee0000, 0x00007ef37db50000)
  eden space 2288000K,  93% used [0x00007eee28600000, 0x00007eeeab1c7418, 0x00007eeeb4060000)
  from space 285952K,   0% used [0x00007eeec57a0000, 0x00007eeec57a0108, 0x00007eeed6ee0000)
  to   space 285952K,   0% used [0x00007eeeb4060000, 0x00007eeeb4060000, 0x00007eeec57a0000)
 tenured generation   total 5719756K, used 3160802K [0x00007ef37db50000, 0x00007ef4dad03000, 0x00007efe28600000)
   the space 5719756K,  55% used [0x00007ef37db50000, 0x00007ef43ea08ae8, 0x00007ef43ea08c00, 0x00007ef4dad03000)
 Metaspace       used 23119K, capacity 23516K, committed 23552K, reserved 24576K
}
Event: 17.552 GC heap after
{Heap after GC invocations=14 (full 7):
 def new generation   total 2573952K, used 0K [0x00007eee28600000, 0x00007eeed6ee0000, 0x00007ef37db50000)
  eden space 2288000K,   0% used [0x00007eee28600000, 0x00007eee28600000, 0x00007eeeb4060000)
  from space 285952K,   0% used [0x00007eeeb4060000, 0x00007eeeb4060338, 0x00007eeec57a0000)
  to   space 285952K,   0% used [0x00007eeec57a0000, 0x00007eeec57a0000, 0x00007eeed6ee0000)
 tenured generation   total 5719756K, used 5257954K [0x00007ef37db50000, 0x00007ef4dad03000, 0x00007efe28600000)
   the space 5719756K,  91% used [0x00007ef37db50000, 0x00007ef4bea08b00, 0x00007ef4bea08c00, 0x00007ef4dad03000)
 Metaspace       used 23119K, capacity 23516K, committed 23552K, reserved 24576K
}
Event: 19.120 GC heap before
{Heap before GC invocations=14 (full 7):
 def new generation   total 2573952K, used 2141972K [0x00007eee28600000, 0x00007eeed6ee0000, 0x00007ef37db50000)
  eden space 2288000K,  93% used [0x00007eee28600000, 0x00007eeeab1c4eb8, 0x00007eeeb4060000)
  from space 285952K,   0% used [0x00007eeeb4060000, 0x00007eeeb4060338, 0x00007eeec57a0000)
  to   space 285952K,   0% used [0x00007eeec57a0000, 0x00007eeec57a0000, 0x00007eeed6ee0000)
 tenured generation   total 5719756K, used 5257954K [0x00007ef37db50000, 0x00007ef4dad03000, 0x00007efe28600000)
   the space 5719756K,  91% used [0x00007ef37db50000, 0x00007ef4bea08b00, 0x00007ef4bea08c00, 0x00007ef4dad03000)
 Metaspace       used 23119K, capacity 23516K, committed 23552K, reserved 24576K
}
Event: 20.157 GC heap after
{Heap after GC invocations=15 (full 7):
 def new generation   total 2573952K, used 0K [0x00007eee28600000, 0x00007eeed6ee0000, 0x00007ef37db50000)
  eden space 2288000K,   0% used [0x00007eee28600000, 0x00007eee28600000, 0x00007eeeb4060000)
  from space 285952K,   0% used [0x00007eeec57a0000, 0x00007eeec57a02f8, 0x00007eeed6ee0000)
  to   space 285952K,   0% used [0x00007eeeb4060000, 0x00007eeeb4060000, 0x00007eeec57a0000)
 tenured generation   total 7816912K, used 7355106K [0x00007ef37db50000, 0x00007ef55ad04000, 0x00007efe28600000)
   the space 7816912K,  94% used [0x00007ef37db50000, 0x00007ef53ea08b18, 0x00007ef53ea08c00, 0x00007ef55ad04000)
 Metaspace       used 23119K, capacity 23516K, committed 23552K, reserved 24576K
}
Event: 20.157 GC heap before
{Heap before GC invocations=15 (full 7):
 def new generation   total 2573952K, used 0K [0x00007eee28600000, 0x00007eeed6ee0000, 0x00007ef37db50000)
  eden space 2288000K,   0% used [0x00007eee28600000, 0x00007eee28600000, 0x00007eeeb4060000)
  from space 285952K,   0% used [0x00007eeec57a0000, 0x00007eeec57a02f8, 0x00007eeed6ee0000)
  to   space 285952K,   0% used [0x00007eeeb4060000, 0x00007eeeb4060000, 0x00007eeec57a0000)
 tenured generation   total 7816912K, used 7355106K [0x00007ef37db50000, 0x00007ef55ad04000, 0x00007efe28600000)
   the space 7816912K,  94% used [0x00007ef37db50000, 0x00007ef53ea08b18, 0x00007ef53ea08c00, 0x00007ef55ad04000)
 Metaspace       used 23119K, capacity 23516K, committed 23552K, reserved 24576K
}
Event: 21.483 GC heap after
{Heap after GC invocations=15 (full 8):
 def new generation   total 3153024K, used 0K [0x00007eee28600000, 0x00007eeefe330000, 0x00007ef37db50000)
  eden space 2802752K,   0% used [0x00007eee28600000, 0x00007eee28600000, 0x00007eeed3710000)
  from space 350272K,   0% used [0x00007eeed3710000, 0x00007eeed3710000, 0x00007eeee8d20000)
  to   space 350272K,   0% used [0x00007eeee8d20000, 0x00007eeee8d20000, 0x00007eeefe330000)
 tenured generation   total 7006472K, used 4203882K [0x00007ef37db50000, 0x00007ef529592000, 0x00007efe28600000)
   the space 7006472K,  59% used [0x00007ef37db50000, 0x00007ef47e4aab08, 0x00007ef47e4aac00, 0x00007ef529592000)
 Metaspace       used 23119K, capacity 23516K, committed 23552K, reserved 24576K
}
Event: 23.165 GC heap before
{Heap before GC invocations=15 (full 8):
 def new generation   total 3153024K, used 1889903K [0x00007eee28600000, 0x00007eeefe330000, 0x00007ef37db50000)
  eden space 2802752K,  67% used [0x00007eee28600000, 0x00007eee9bb9bf90, 0x00007eeed3710000)
  from space 350272K,   0% used [0x00007eeed3710000, 0x00007eeed3710000, 0x00007eeee8d20000)
  to   space 350272K,   0% used [0x00007eeee8d20000, 0x00007eeee8d20000, 0x00007eeefe330000)
 tenured generation   total 7006472K, used 4203882K [0x00007ef37db50000, 0x00007ef529592000, 0x00007efe28600000)
   the space 7006472K,  59% used [0x00007ef37db50000, 0x00007ef47e4aab08, 0x00007ef47e4aac00, 0x00007ef529592000)
 Metaspace       used 23121K, capacity 23516K, committed 23552K, reserved 24576K
}
Event: 23.417 GC heap after
{Heap after GC invocations=16 (full 8):
 def new generation   total 3153024K, used 264479K [0x00007eee28600000, 0x00007eeefe330000, 0x00007ef37db50000)
  eden space 2802752K,   0% used [0x00007eee28600000, 0x00007eee28600000, 0x00007eeed3710000)
  from space 350272K,  75% used [0x00007eeee8d20000, 0x00007eeef8f67d18, 0x00007eeefe330000)
  to   space 350272K,   0% used [0x00007eeed3710000, 0x00007eeed3710000, 0x00007eeee8d20000)
 tenured generation   total 7006472K, used 4728170K [0x00007ef37db50000, 0x00007ef529592000, 0x00007efe28600000)
   the space 7006472K,  67% used [0x00007ef37db50000, 0x00007ef49e4aab20, 0x00007ef49e4aac00, 0x00007ef529592000)
 Metaspace       used 23121K, capacity 23516K, committed 23552K, reserved 24576K
}
Event: 25.193 GC heap before
{Heap before GC invocations=16 (full 8):
 def new generation   total 3153024K, used 3067231K [0x00007eee28600000, 0x00007eeefe330000, 0x00007ef37db50000)
  eden space 2802752K, 100% used [0x00007eee28600000, 0x00007eeed3710000, 0x00007eeed3710000)
  from space 350272K,  75% used [0x00007eeee8d20000, 0x00007eeef8f67d18, 0x00007eeefe330000)
  to   space 350272K,   0% used [0x00007eeed3710000, 0x00007eeed3710000, 0x00007eeee8d20000)
 tenured generation   total 7006472K, used 4728170K [0x00007ef37db50000, 0x00007ef529592000, 0x00007efe28600000)
   the space 7006472K,  67% used [0x00007ef37db50000, 0x00007ef49e4aab20, 0x00007ef49e4aac00, 0x00007ef529592000)
 Metaspace       used 23205K, capacity 23531K, committed 23552K, reserved 24576K
}
Event: 25.196 GC heap after
{Heap after GC invocations=17 (full 8):
 def new generation   total 3153024K, used 406K [0x00007eee28600000, 0x00007eeefe330000, 0x00007ef37db50000)
  eden space 2802752K,   0% used [0x00007eee28600000, 0x00007eee28600000, 0x00007eeed3710000)
  from space 350272K,   0% used [0x00007eeed3710000, 0x00007eeed3775b28, 0x00007eeee8d20000)
  to   space 350272K,   0% used [0x00007eeee8d20000, 0x00007eeee8d20000, 0x00007eeefe330000)
 tenured generation   total 7006472K, used 4730382K [0x00007ef37db50000, 0x00007ef529592000, 0x00007efe28600000)
   the space 7006472K,  67% used [0x00007ef37db50000, 0x00007ef49e6d3a10, 0x00007ef49e6d3c00, 0x00007ef529592000)
 Metaspace       used 23205K, capacity 23531K, committed 23552K, reserved 24576K
}
Event: 25.709 GC heap before
{Heap before GC invocations=17 (full 8):
 def new generation   total 3153024K, used 836171K [0x00007eee28600000, 0x00007eeefe330000, 0x00007ef37db50000)
  eden space 2802752K,  29% used [0x00007eee28600000, 0x00007eee5b62d158, 0x00007eeed3710000)
  from space 350272K,   0% used [0x00007eeed3710000, 0x00007eeed3775b28, 0x00007eeee8d20000)
  to   space 350272K,   0% used [0x00007eeee8d20000, 0x00007eeee8d20000, 0x00007eeefe330000)
 tenured generation   total 7006472K, used 4730382K [0x00007ef37db50000, 0x00007ef529592000, 0x00007efe28600000)
   the space 7006472K,  67% used [0x00007ef37db50000, 0x00007ef49e6d3a10, 0x00007ef49e6d3c00, 0x00007ef529592000)
 Metaspace       used 23209K, capacity 23531K, committed 23552K, reserved 24576K
}
Event: 25.715 GC heap after
{Heap after GC invocations=18 (full 8):
 def new generation   total 3153024K, used 4852K [0x00007eee28600000, 0x00007eeefe330000, 0x00007ef37db50000)
  eden space 2802752K,   0% used [0x00007eee28600000, 0x00007eee28600000, 0x00007eeed3710000)
  from space 350272K,   1% used [0x00007eeee8d20000, 0x00007eeee91dd0b0, 0x00007eeefe330000)
  to   space 350272K,   0% used [0x00007eeed3710000, 0x00007eeed3710000, 0x00007eeee8d20000)
 tenured generation   total 7006472K, used 4730382K [0x00007ef37db50000, 0x00007ef529592000, 0x00007efe28600000)
   the space 7006472K,  67% used [0x00007ef37db50000, 0x00007ef49e6d3a10, 0x00007ef49e6d3c00, 0x00007ef529592000)
 Metaspace       used 23209K, capacity 23531K, committed 23552K, reserved 24576K
}
Event: 27.245 GC heap before
{Heap before GC invocations=18 (full 8):
 def new generation   total 3153024K, used 2157199K [0x00007eee28600000, 0x00007eeefe330000, 0x00007ef37db50000)
  eden space 2802752K,  76% used [0x00007eee28600000, 0x00007eeeabbe6b88, 0x00007eeed3710000)
  from space 350272K,   1% used [0x00007eeee8d20000, 0x00007eeee91dd0b0, 0x00007eeefe330000)
  to   space 350272K,   0% used [0x00007eeed3710000, 0x00007eeed3710000, 0x00007eeee8d20000)
 tenured generation   total 7006472K, used 4730382K [0x00007ef37db50000, 0x00007ef529592000, 0x00007efe28600000)
   the space 7006472K,  67% used [0x00007ef37db50000, 0x00007ef49e6d3a10, 0x00007ef49e6d3c00, 0x00007ef529592000)
 Metaspace       used 23209K, capacity 23531K, committed 23552K, reserved 24576K
}
Event: 27.913 GC heap after
{Heap after GC invocations=19 (full 8):
 def new generation   total 3153024K, used 724K [0x00007eee28600000, 0x00007eeefe330000, 0x00007ef37db50000)
  eden space 2802752K,   0% used [0x00007eee28600000, 0x00007eee28600000, 0x00007eeed3710000)
  from space 350272K,   0% used [0x00007eeed3710000, 0x00007eeed37c5040, 0x00007eeee8d20000)
  to   space 350272K,   0% used [0x00007eeee8d20000, 0x00007eeee8d20000, 0x00007eeefe330000)
 tenured generation   total 7006472K, used 6827534K [0x00007ef37db50000, 0x00007ef529592000, 0x00007efe28600000)
   the space 7006472K,  97% used [0x00007ef37db50000, 0x00007ef51e6d3a28, 0x00007ef51e6d3c00, 0x00007ef529592000)
 Metaspace       used 23209K, capacity 23531K, committed 23552K, reserved 24576K
}
Event: 27.913 GC heap before
{Heap before GC invocations=19 (full 8):
 def new generation   total 3153024K, used 724K [0x00007eee28600000, 0x00007eeefe330000, 0x00007ef37db50000)
  eden space 2802752K,   0% used [0x00007eee28600000, 0x00007eee28600000, 0x00007eeed3710000)
  from space 350272K,   0% used [0x00007eeed3710000, 0x00007eeed37c5040, 0x00007eeee8d20000)
  to   space 350272K,   0% used [0x00007eeee8d20000, 0x00007eeee8d20000, 0x00007eeefe330000)
 tenured generation   total 7006472K, used 6827534K [0x00007ef37db50000, 0x00007ef529592000, 0x00007efe28600000)
   the space 7006472K,  97% used [0x00007ef37db50000, 0x00007ef51e6d3a28, 0x00007ef51e6d3c00, 0x00007ef529592000)
 Metaspace       used 23209K, capacity 23531K, committed 23552K, reserved 24576K
}
Event: 28.529 GC heap after
{Heap after GC invocations=19 (full 9):
 def new generation   total 3153024K, used 0K [0x00007eee28600000, 0x00007eeefe330000, 0x00007ef37db50000)
  eden space 2802752K,   0% used [0x00007eee28600000, 0x00007eee28600000, 0x00007eeed3710000)
  from space 350272K,   0% used [0x00007eeed3710000, 0x00007eeed3710000, 0x00007eeee8d20000)
  to   space 350272K,   0% used [0x00007eeee8d20000, 0x00007eeee8d20000, 0x00007eeefe330000)
 tenured generation   total 7006472K, used 2107455K [0x00007ef37db50000, 0x00007ef529592000, 0x00007efe28600000)
   the space 7006472K,  30% used [0x00007ef37db50000, 0x00007ef3fe55fcb0, 0x00007ef3fe55fe00, 0x00007ef529592000)
 Metaspace       used 23209K, capacity 23531K, committed 23552K, reserved 24576K
}
Event: 33.705 GC heap before
{Heap before GC invocations=19 (full 9):
 def new generation   total 3153024K, used 2152480K [0x00007eee28600000, 0x00007eeefe330000, 0x00007ef37db50000)
  eden space 2802752K,  76% used [0x00007eee28600000, 0x00007eeeabc083f0, 0x00007eeed3710000)
  from space 350272K,   0% used [0x00007eeed3710000, 0x00007eeed3710000, 0x00007eeee8d20000)
  to   space 350272K,   0% used [0x00007eeee8d20000, 0x00007eeee8d20000, 0x00007eeefe330000)
 tenured generation   total 7006472K, used 6301759K [0x00007ef37db50000, 0x00007ef529592000, 0x00007efe28600000)
   the space 7006472K,  89% used [0x00007ef37db50000, 0x00007ef4fe55fcc8, 0x00007ef4fe55fe00, 0x00007ef529592000)
 Metaspace       used 23211K, capacity 23531K, committed 23552K, reserved 24576K
}

