# JRE version: OpenJDK Runtime Environment (13.0.7+5) (build 13.0.7+5-Ubuntu-0ubuntu120.04)
# Java VM: OpenJDK 64-Bit Server VM (13.0.7+5-Ubuntu-0ubuntu120.04, mixed mode, tiered, serial gc, linux-amd64)
Heap:
 def new generation   total 4484416K, used 0K [0x00007f5608600000, 0x00007f57387e0000, 0x00007f60b30a0000)
  eden space 3986176K,   0% used [0x00007f5608600000, 0x00007f5608600000, 0x00007f56fbac0000)
  from space 498240K,   0% used [0x00007f56fbac0000, 0x00007f56fbac0000, 0x00007f571a150000)
  to   space 498240K,   0% used [0x00007f571a150000, 0x00007f571a150000, 0x00007f57387e0000)
 tenured generation   total 9981648K, used 9912606K [0x00007f60b30a0000, 0x00007f6314454000, 0x00007f7608600000)
   the space 9981648K,  99% used [0x00007f60b30a0000, 0x00007f63100e7be0, 0x00007f63100e7c00, 0x00007f6314454000)
 Metaspace       used 24303K, capacity 24703K, committed 24832K, reserved 26624K
GC Heap History (20 events):
Event: 3014.054 GC heap after
{Heap after GC invocations=1716 (full 7):
 def new generation   total 4484416K, used 220471K [0x00007f5608600000, 0x00007f57387e0000, 0x00007f60b30a0000)
  eden space 3986176K,   0% used [0x00007f5608600000, 0x00007f5608600000, 0x00007f56fbac0000)
  from space 498240K,  44% used [0x00007f571a150000, 0x00007f572789ddf0, 0x00007f57387e0000)
  to   space 498240K,   0% used [0x00007f56fbac0000, 0x00007f56fbac0000, 0x00007f571a150000)
 tenured generation   total 9965260K, used 9851909K [0x00007f60b30a0000, 0x00007f6313453000, 0x00007f7608600000)
   the space 9965260K,  98% used [0x00007f60b30a0000, 0x00007f630c5a1460, 0x00007f630c5a1600, 0x00007f6313453000)
 Metaspace       used 24303K, capacity 24703K, committed 24832K, reserved 26624K
}
Event: 3019.270 GC heap before
{Heap before GC invocations=1716 (full 7):
 def new generation   total 4484416K, used 4206647K [0x00007f5608600000, 0x00007f57387e0000, 0x00007f60b30a0000)
  eden space 3986176K, 100% used [0x00007f5608600000, 0x00007f56fbac0000, 0x00007f56fbac0000)
  from space 498240K,  44% used [0x00007f571a150000, 0x00007f572789ddf0, 0x00007f57387e0000)
  to   space 498240K,   0% used [0x00007f56fbac0000, 0x00007f56fbac0000, 0x00007f571a150000)
 tenured generation   total 9965260K, used 9851909K [0x00007f60b30a0000, 0x00007f6313453000, 0x00007f7608600000)
   the space 9965260K,  98% used [0x00007f60b30a0000, 0x00007f630c5a1460, 0x00007f630c5a1600, 0x00007f6313453000)
 Metaspace       used 24303K, capacity 24703K, committed 24832K, reserved 26624K
}
Event: 3019.454 GC heap after
{Heap after GC invocations=1717 (full 7):
 def new generation   total 4484416K, used 239002K [0x00007f5608600000, 0x00007f57387e0000, 0x00007f60b30a0000)
  eden space 3986176K,   0% used [0x00007f5608600000, 0x00007f5608600000, 0x00007f56fbac0000)
  from space 498240K,  47% used [0x00007f56fbac0000, 0x00007f570a426bc8, 0x00007f571a150000)
  to   space 498240K,   0% used [0x00007f571a150000, 0x00007f571a150000, 0x00007f57387e0000)
 tenured generation   total 9965260K, used 9851909K [0x00007f60b30a0000, 0x00007f6313453000, 0x00007f7608600000)
   the space 9965260K,  98% used [0x00007f60b30a0000, 0x00007f630c5a1460, 0x00007f630c5a1600, 0x00007f6313453000)
 Metaspace       used 24303K, capacity 24703K, committed 24832K, reserved 26624K
}
Event: 3024.461 GC heap before
{Heap before GC invocations=1717 (full 7):
 def new generation   total 4484416K, used 4225178K [0x00007f5608600000, 0x00007f57387e0000, 0x00007f60b30a0000)
  eden space 3986176K, 100% used [0x00007f5608600000, 0x00007f56fbac0000, 0x00007f56fbac0000)
  from space 498240K,  47% used [0x00007f56fbac0000, 0x00007f570a426bc8, 0x00007f571a150000)
  to   space 498240K,   0% used [0x00007f571a150000, 0x00007f571a150000, 0x00007f57387e0000)
 tenured generation   total 9965260K, used 9851909K [0x00007f60b30a0000, 0x00007f6313453000, 0x00007f7608600000)
   the space 9965260K,  98% used [0x00007f60b30a0000, 0x00007f630c5a1460, 0x00007f630c5a1600, 0x00007f6313453000)
 Metaspace       used 24303K, capacity 24703K, committed 24832K, reserved 26624K
}
Event: 3024.679 GC heap after
{Heap after GC invocations=1718 (full 7):
 def new generation   total 4484416K, used 245642K [0x00007f5608600000, 0x00007f57387e0000, 0x00007f60b30a0000)
  eden space 3986176K,   0% used [0x00007f5608600000, 0x00007f5608600000, 0x00007f56fbac0000)
  from space 498240K,  49% used [0x00007f571a150000, 0x00007f5729132a38, 0x00007f57387e0000)
  to   space 498240K,   0% used [0x00007f56fbac0000, 0x00007f56fbac0000, 0x00007f571a150000)
 tenured generation   total 9965260K, used 9868868K [0x00007f60b30a0000, 0x00007f6313453000, 0x00007f7608600000)
   the space 9965260K,  99% used [0x00007f60b30a0000, 0x00007f630d631068, 0x00007f630d631200, 0x00007f6313453000)
 Metaspace       used 24303K, capacity 24703K, committed 24832K, reserved 26624K
}
Event: 3029.312 GC heap before
{Heap before GC invocations=1718 (full 7):
 def new generation   total 4484416K, used 4231818K [0x00007f5608600000, 0x00007f57387e0000, 0x00007f60b30a0000)
  eden space 3986176K, 100% used [0x00007f5608600000, 0x00007f56fbac0000, 0x00007f56fbac0000)
  from space 498240K,  49% used [0x00007f571a150000, 0x00007f5729132a38, 0x00007f57387e0000)
  to   space 498240K,   0% used [0x00007f56fbac0000, 0x00007f56fbac0000, 0x00007f571a150000)
 tenured generation   total 9965260K, used 9868868K [0x00007f60b30a0000, 0x00007f6313453000, 0x00007f7608600000)
   the space 9965260K,  99% used [0x00007f60b30a0000, 0x00007f630d631068, 0x00007f630d631200, 0x00007f6313453000)
 Metaspace       used 24303K, capacity 24703K, committed 24832K, reserved 26624K
}
Event: 3029.538 GC heap after
{Heap after GC invocations=1719 (full 7):
 def new generation   total 4484416K, used 239987K [0x00007f5608600000, 0x00007f57387e0000, 0x00007f60b30a0000)
  eden space 3986176K,   0% used [0x00007f5608600000, 0x00007f5608600000, 0x00007f56fbac0000)
  from space 498240K,  48% used [0x00007f56fbac0000, 0x00007f570a51ccb0, 0x00007f571a150000)
  to   space 498240K,   0% used [0x00007f571a150000, 0x00007f571a150000, 0x00007f57387e0000)
 tenured generation   total 9965260K, used 9885827K [0x00007f60b30a0000, 0x00007f6313453000, 0x00007f7608600000)
   the space 9965260K,  99% used [0x00007f60b30a0000, 0x00007f630e6c0c70, 0x00007f630e6c0e00, 0x00007f6313453000)
 Metaspace       used 24303K, capacity 24703K, committed 24832K, reserved 26624K
}
Event: 3034.510 GC heap before
{Heap before GC invocations=1719 (full 7):
 def new generation   total 4484416K, used 4226163K [0x00007f5608600000, 0x00007f57387e0000, 0x00007f60b30a0000)
  eden space 3986176K, 100% used [0x00007f5608600000, 0x00007f56fbac0000, 0x00007f56fbac0000)
  from space 498240K,  48% used [0x00007f56fbac0000, 0x00007f570a51ccb0, 0x00007f571a150000)
  to   space 498240K,   0% used [0x00007f571a150000, 0x00007f571a150000, 0x00007f57387e0000)
 tenured generation   total 9965260K, used 9885827K [0x00007f60b30a0000, 0x00007f6313453000, 0x00007f7608600000)
   the space 9965260K,  99% used [0x00007f60b30a0000, 0x00007f630e6c0c70, 0x00007f630e6c0e00, 0x00007f6313453000)
 Metaspace       used 24303K, capacity 24703K, committed 24832K, reserved 26624K
}
Event: 3034.731 GC heap after
{Heap after GC invocations=1720 (full 7):
 def new generation   total 4484416K, used 220465K [0x00007f5608600000, 0x00007f57387e0000, 0x00007f60b30a0000)
  eden space 3986176K,   0% used [0x00007f5608600000, 0x00007f5608600000, 0x00007f56fbac0000)
  from space 498240K,  44% used [0x00007f571a150000, 0x00007f572789c610, 0x00007f57387e0000)
  to   space 498240K,   0% used [0x00007f56fbac0000, 0x00007f56fbac0000, 0x00007f571a150000)
 tenured generation   total 9965260K, used 9902786K [0x00007f60b30a0000, 0x00007f6313453000, 0x00007f7608600000)
   the space 9965260K,  99% used [0x00007f60b30a0000, 0x00007f630f750878, 0x00007f630f750a00, 0x00007f6313453000)
 Metaspace       used 24303K, capacity 24703K, committed 24832K, reserved 26624K
}
Event: 3039.866 GC heap before
{Heap before GC invocations=1720 (full 7):
 def new generation   total 4484416K, used 4206641K [0x00007f5608600000, 0x00007f57387e0000, 0x00007f60b30a0000)
  eden space 3986176K, 100% used [0x00007f5608600000, 0x00007f56fbac0000, 0x00007f56fbac0000)
  from space 498240K,  44% used [0x00007f571a150000, 0x00007f572789c610, 0x00007f57387e0000)
  to   space 498240K,   0% used [0x00007f56fbac0000, 0x00007f56fbac0000, 0x00007f571a150000)
 tenured generation   total 9965260K, used 9902786K [0x00007f60b30a0000, 0x00007f6313453000, 0x00007f7608600000)
   the space 9965260K,  99% used [0x00007f60b30a0000, 0x00007f630f750878, 0x00007f630f750a00, 0x00007f6313453000)
 Metaspace       used 24303K, capacity 24703K, committed 24832K, reserved 26624K
}
Event: 3040.056 GC heap after
{Heap after GC invocations=1721 (full 7):
 def new generation   total 4484416K, used 219437K [0x00007f5608600000, 0x00007f57387e0000, 0x00007f60b30a0000)
  eden space 3986176K,   0% used [0x00007f5608600000, 0x00007f5608600000, 0x00007f56fbac0000)
  from space 498240K,  44% used [0x00007f56fbac0000, 0x00007f570910b460, 0x00007f571a150000)
  to   space 498240K,   0% used [0x00007f571a150000, 0x00007f571a150000, 0x00007f57387e0000)
 tenured generation   total 9965260K, used 9919745K [0x00007f60b30a0000, 0x00007f6313453000, 0x00007f7608600000)
   the space 9965260K,  99% used [0x00007f60b30a0000, 0x00007f63107e0480, 0x00007f63107e0600, 0x00007f6313453000)
 Metaspace       used 24303K, capacity 24703K, committed 24832K, reserved 26624K
}
Event: 3044.948 GC heap before
{Heap before GC invocations=1721 (full 7):
 def new generation   total 4484416K, used 4198771K [0x00007f5608600000, 0x00007f57387e0000, 0x00007f60b30a0000)
  eden space 3986176K,  99% used [0x00007f5608600000, 0x00007f56fb411930, 0x00007f56fbac0000)
  from space 498240K,  44% used [0x00007f56fbac0000, 0x00007f570910b460, 0x00007f571a150000)
  to   space 498240K,   0% used [0x00007f571a150000, 0x00007f571a150000, 0x00007f57387e0000)
 tenured generation   total 9965260K, used 9919745K [0x00007f60b30a0000, 0x00007f6313453000, 0x00007f7608600000)
   the space 9965260K,  99% used [0x00007f60b30a0000, 0x00007f63107e0480, 0x00007f63107e0600, 0x00007f6313453000)
 Metaspace       used 24303K, capacity 24703K, committed 24832K, reserved 26624K
}
Event: 3045.128 GC heap after
{Heap after GC invocations=1722 (full 7):
 def new generation   total 4484416K, used 247689K [0x00007f5608600000, 0x00007f57387e0000, 0x00007f60b30a0000)
  eden space 3986176K,   0% used [0x00007f5608600000, 0x00007f5608600000, 0x00007f56fbac0000)
  from space 498240K,  49% used [0x00007f571a150000, 0x00007f57293324c8, 0x00007f57387e0000)
  to   space 498240K,   0% used [0x00007f56fbac0000, 0x00007f56fbac0000, 0x00007f571a150000)
 tenured generation   total 9965260K, used 9919745K [0x00007f60b30a0000, 0x00007f6313453000, 0x00007f7608600000)
   the space 9965260K,  99% used [0x00007f60b30a0000, 0x00007f63107e0480, 0x00007f63107e0600, 0x00007f6313453000)
 Metaspace       used 24303K, capacity 24703K, committed 24832K, reserved 26624K
}
Event: 3049.682 GC heap before
{Heap before GC invocations=1722 (full 7):
 def new generation   total 4484416K, used 4233865K [0x00007f5608600000, 0x00007f57387e0000, 0x00007f60b30a0000)
  eden space 3986176K, 100% used [0x00007f5608600000, 0x00007f56fbac0000, 0x00007f56fbac0000)
  from space 498240K,  49% used [0x00007f571a150000, 0x00007f57293324c8, 0x00007f57387e0000)
  to   space 498240K,   0% used [0x00007f56fbac0000, 0x00007f56fbac0000, 0x00007f571a150000)
 tenured generation   total 9965260K, used 9919745K [0x00007f60b30a0000, 0x00007f6313453000, 0x00007f7608600000)
   the space 9965260K,  99% used [0x00007f60b30a0000, 0x00007f63107e0480, 0x00007f63107e0600, 0x00007f6313453000)
 Metaspace       used 24303K, capacity 24703K, committed 24832K, reserved 26624K
}
Event: 3049.862 GC heap after
{Heap after GC invocations=1723 (full 7):
 def new generation   total 4484416K, used 224590K [0x00007f5608600000, 0x00007f57387e0000, 0x00007f60b30a0000)
  eden space 3986176K,   0% used [0x00007f5608600000, 0x00007f5608600000, 0x00007f56fbac0000)
  from space 498240K,  45% used [0x00007f56fbac0000, 0x00007f5709613ba8, 0x00007f571a150000)
  to   space 498240K,   0% used [0x00007f571a150000, 0x00007f571a150000, 0x00007f57387e0000)
 tenured generation   total 9965260K, used 9936704K [0x00007f60b30a0000, 0x00007f6313453000, 0x00007f7608600000)
   the space 9965260K,  99% used [0x00007f60b30a0000, 0x00007f6311870088, 0x00007f6311870200, 0x00007f6313453000)
 Metaspace       used 24303K, capacity 24703K, committed 24832K, reserved 26624K
}
Event: 3054.470 GC heap before
{Heap before GC invocations=1723 (full 7):
 def new generation   total 4484416K, used 4210766K [0x00007f5608600000, 0x00007f57387e0000, 0x00007f60b30a0000)
  eden space 3986176K, 100% used [0x00007f5608600000, 0x00007f56fbac0000, 0x00007f56fbac0000)
  from space 498240K,  45% used [0x00007f56fbac0000, 0x00007f5709613ba8, 0x00007f571a150000)
  to   space 498240K,   0% used [0x00007f571a150000, 0x00007f571a150000, 0x00007f57387e0000)
 tenured generation   total 9965260K, used 9936704K [0x00007f60b30a0000, 0x00007f6313453000, 0x00007f7608600000)
   the space 9965260K,  99% used [0x00007f60b30a0000, 0x00007f6311870088, 0x00007f6311870200, 0x00007f6313453000)
 Metaspace       used 24303K, capacity 24703K, committed 24832K, reserved 26624K
}
Event: 3054.648 GC heap after
{Heap after GC invocations=1724 (full 7):
 def new generation   total 4484416K, used 220473K [0x00007f5608600000, 0x00007f57387e0000, 0x00007f60b30a0000)
  eden space 3986176K,   0% used [0x00007f5608600000, 0x00007f5608600000, 0x00007f56fbac0000)
  from space 498240K,  44% used [0x00007f571a150000, 0x00007f572789e470, 0x00007f57387e0000)
  to   space 498240K,   0% used [0x00007f56fbac0000, 0x00007f56fbac0000, 0x00007f571a150000)
 tenured generation   total 9965260K, used 9953663K [0x00007f60b30a0000, 0x00007f6313453000, 0x00007f7608600000)
   the space 9965260K,  99% used [0x00007f60b30a0000, 0x00007f63128ffc90, 0x00007f63128ffe00, 0x00007f6313453000)
 Metaspace       used 24303K, capacity 24703K, committed 24832K, reserved 26624K
}
Event: 3060.012 GC heap before
{Heap before GC invocations=1724 (full 7):
 def new generation   total 4484416K, used 4206649K [0x00007f5608600000, 0x00007f57387e0000, 0x00007f60b30a0000)
  eden space 3986176K, 100% used [0x00007f5608600000, 0x00007f56fbac0000, 0x00007f56fbac0000)
  from space 498240K,  44% used [0x00007f571a150000, 0x00007f572789e470, 0x00007f57387e0000)
  to   space 498240K,   0% used [0x00007f56fbac0000, 0x00007f56fbac0000, 0x00007f571a150000)
 tenured generation   total 9965260K, used 9953663K [0x00007f60b30a0000, 0x00007f6313453000, 0x00007f7608600000)
   the space 9965260K,  99% used [0x00007f60b30a0000, 0x00007f63128ffc90, 0x00007f63128ffe00, 0x00007f6313453000)
 Metaspace       used 24303K, capacity 24703K, committed 24832K, reserved 26624K
}
Event: 3060.235 GC heap after
{Heap after GC invocations=1725 (full 7):
 def new generation   total 4484416K, used 220469K [0x00007f5608600000, 0x00007f57387e0000, 0x00007f60b30a0000)
  eden space 3986176K,   0% used [0x00007f5608600000, 0x00007f5608600000, 0x00007f56fbac0000)
  from space 498240K,  44% used [0x00007f56fbac0000, 0x00007f570920d650, 0x00007f571a150000)
  to   space 498240K,   0% used [0x00007f571a150000, 0x00007f571a150000, 0x00007f57387e0000)
 tenured generation   total 9981648K, used 9970622K [0x00007f60b30a0000, 0x00007f6314454000, 0x00007f7608600000)
   the space 9981648K,  99% used [0x00007f60b30a0000, 0x00007f631398f898, 0x00007f631398fa00, 0x00007f6314454000)
 Metaspace       used 24303K, capacity 24703K, committed 24832K, reserved 26624K
}
Event: 3060.235 GC heap before
{Heap before GC invocations=1725 (full 7):
 def new generation   total 4484416K, used 220469K [0x00007f5608600000, 0x00007f57387e0000, 0x00007f60b30a0000)
  eden space 3986176K,   0% used [0x00007f5608600000, 0x00007f5608600000, 0x00007f56fbac0000)
  from space 498240K,  44% used [0x00007f56fbac0000, 0x00007f570920d650, 0x00007f571a150000)
  to   space 498240K,   0% used [0x00007f571a150000, 0x00007f571a150000, 0x00007f57387e0000)
 tenured generation   total 9981648K, used 9970622K [0x00007f60b30a0000, 0x00007f6314454000, 0x00007f7608600000)
   the space 9981648K,  99% used [0x00007f60b30a0000, 0x00007f631398f898, 0x00007f631398fa00, 0x00007f6314454000)
 Metaspace       used 24303K, capacity 24703K, committed 24832K, reserved 26624K
}

