# JRE version: OpenJDK Runtime Environment (13.0.7+5) (build 13.0.7+5-Ubuntu-0ubuntu120.04)
# Java VM: OpenJDK 64-Bit Server VM (13.0.7+5-Ubuntu-0ubuntu120.04, mixed mode, tiered, serial gc, linux-amd64)
Heap:
 def new generation   total 2902272K, used 4679K [0x00007f2060600000, 0x00007f2125320000, 0x00007f25b5b50000)
  eden space 2579840K,   0% used [0x00007f2060600000, 0x00007f2060a91de0, 0x00007f20fdd60000)
  from space 322432K,   0% used [0x00007f20fdd60000, 0x00007f20fdd60000, 0x00007f2111840000)
  to   space 322432K,   0% used [0x00007f2111840000, 0x00007f2111840000, 0x00007f2125320000)
 tenured generation   total 6449588K, used 6449587K [0x00007f25b5b50000, 0x00007f273f5bd000, 0x00007f3060600000)
   the space 6449588K,  99% used [0x00007f25b5b50000, 0x00007f273f5bcf20, 0x00007f273f5bd000, 0x00007f273f5bd000)
 Metaspace       used 24265K, capacity 24643K, committed 24832K, reserved 26624K
GC Heap History (20 events):
Event: 20192.966 GC heap after
{Heap after GC invocations=34483 (full 4):
 def new generation   total 2902272K, used 4382K [0x00007f2060600000, 0x00007f2125320000, 0x00007f25b5b50000)
  eden space 2579840K,   0% used [0x00007f2060600000, 0x00007f2060600000, 0x00007f20fdd60000)
  from space 322432K,   1% used [0x00007f2111840000, 0x00007f2111c87b28, 0x00007f2125320000)
  to   space 322432K,   0% used [0x00007f20fdd60000, 0x00007f20fdd60000, 0x00007f2111840000)
 tenured generation   total 6449396K, used 6446947K [0x00007f25b5b50000, 0x00007f273f58d000, 0x00007f3060600000)
   the space 6449396K,  99% used [0x00007f25b5b50000, 0x00007f273f328e68, 0x00007f273f329000, 0x00007f273f58d000)
 Metaspace       used 24265K, capacity 24643K, committed 24832K, reserved 26624K
}
Event: 20194.294 GC heap before
{Heap before GC invocations=34483 (full 4):
 def new generation   total 2902272K, used 2584222K [0x00007f2060600000, 0x00007f2125320000, 0x00007f25b5b50000)
  eden space 2579840K, 100% used [0x00007f2060600000, 0x00007f20fdd60000, 0x00007f20fdd60000)
  from space 322432K,   1% used [0x00007f2111840000, 0x00007f2111c87b28, 0x00007f2125320000)
  to   space 322432K,   0% used [0x00007f20fdd60000, 0x00007f20fdd60000, 0x00007f2111840000)
 tenured generation   total 6449396K, used 6446947K [0x00007f25b5b50000, 0x00007f273f58d000, 0x00007f3060600000)
   the space 6449396K,  99% used [0x00007f25b5b50000, 0x00007f273f328e68, 0x00007f273f329000, 0x00007f273f58d000)
 Metaspace       used 24265K, capacity 24643K, committed 24832K, reserved 26624K
}
Event: 20194.298 GC heap after
{Heap after GC invocations=34484 (full 4):
 def new generation   total 2902272K, used 4384K [0x00007f2060600000, 0x00007f2125320000, 0x00007f25b5b50000)
  eden space 2579840K,   0% used [0x00007f2060600000, 0x00007f2060600000, 0x00007f20fdd60000)
  from space 322432K,   1% used [0x00007f20fdd60000, 0x00007f20fe1a8138, 0x00007f2111840000)
  to   space 322432K,   0% used [0x00007f2111840000, 0x00007f2111840000, 0x00007f2125320000)
 tenured generation   total 6449396K, used 6447205K [0x00007f25b5b50000, 0x00007f273f58d000, 0x00007f3060600000)
   the space 6449396K,  99% used [0x00007f25b5b50000, 0x00007f273f3696e8, 0x00007f273f369800, 0x00007f273f58d000)
 Metaspace       used 24265K, capacity 24643K, committed 24832K, reserved 26624K
}
Event: 20195.597 GC heap before
{Heap before GC invocations=34484 (full 4):
 def new generation   total 2902272K, used 2584224K [0x00007f2060600000, 0x00007f2125320000, 0x00007f25b5b50000)
  eden space 2579840K, 100% used [0x00007f2060600000, 0x00007f20fdd60000, 0x00007f20fdd60000)
  from space 322432K,   1% used [0x00007f20fdd60000, 0x00007f20fe1a8138, 0x00007f2111840000)
  to   space 322432K,   0% used [0x00007f2111840000, 0x00007f2111840000, 0x00007f2125320000)
 tenured generation   total 6449396K, used 6447205K [0x00007f25b5b50000, 0x00007f273f58d000, 0x00007f3060600000)
   the space 6449396K,  99% used [0x00007f25b5b50000, 0x00007f273f3696e8, 0x00007f273f369800, 0x00007f273f58d000)
 Metaspace       used 24265K, capacity 24643K, committed 24832K, reserved 26624K
}
Event: 20195.600 GC heap after
{Heap after GC invocations=34485 (full 4):
 def new generation   total 2902272K, used 4443K [0x00007f2060600000, 0x00007f2125320000, 0x00007f25b5b50000)
  eden space 2579840K,   0% used [0x00007f2060600000, 0x00007f2060600000, 0x00007f20fdd60000)
  from space 322432K,   1% used [0x00007f2111840000, 0x00007f2111c96f28, 0x00007f2125320000)
  to   space 322432K,   0% used [0x00007f20fdd60000, 0x00007f20fdd60000, 0x00007f2111840000)
 tenured generation   total 6449396K, used 6447465K [0x00007f25b5b50000, 0x00007f273f58d000, 0x00007f3060600000)
   the space 6449396K,  99% used [0x00007f25b5b50000, 0x00007f273f3aa720, 0x00007f273f3aa800, 0x00007f273f58d000)
 Metaspace       used 24265K, capacity 24643K, committed 24832K, reserved 26624K
}
Event: 20196.904 GC heap before
{Heap before GC invocations=34485 (full 4):
 def new generation   total 2902272K, used 2584283K [0x00007f2060600000, 0x00007f2125320000, 0x00007f25b5b50000)
  eden space 2579840K, 100% used [0x00007f2060600000, 0x00007f20fdd60000, 0x00007f20fdd60000)
  from space 322432K,   1% used [0x00007f2111840000, 0x00007f2111c96f28, 0x00007f2125320000)
  to   space 322432K,   0% used [0x00007f20fdd60000, 0x00007f20fdd60000, 0x00007f2111840000)
 tenured generation   total 6449396K, used 6447465K [0x00007f25b5b50000, 0x00007f273f58d000, 0x00007f3060600000)
   the space 6449396K,  99% used [0x00007f25b5b50000, 0x00007f273f3aa720, 0x00007f273f3aa800, 0x00007f273f58d000)
 Metaspace       used 24265K, capacity 24643K, committed 24832K, reserved 26624K
}
Event: 20196.909 GC heap after
{Heap after GC invocations=34486 (full 4):
 def new generation   total 2902272K, used 4378K [0x00007f2060600000, 0x00007f2125320000, 0x00007f25b5b50000)
  eden space 2579840K,   0% used [0x00007f2060600000, 0x00007f2060600000, 0x00007f20fdd60000)
  from space 322432K,   1% used [0x00007f20fdd60000, 0x00007f20fe1a6900, 0x00007f2111840000)
  to   space 322432K,   0% used [0x00007f2111840000, 0x00007f2111840000, 0x00007f2125320000)
 tenured generation   total 6449396K, used 6447788K [0x00007f25b5b50000, 0x00007f273f58d000, 0x00007f3060600000)
   the space 6449396K,  99% used [0x00007f25b5b50000, 0x00007f273f3fb1c0, 0x00007f273f3fb200, 0x00007f273f58d000)
 Metaspace       used 24265K, capacity 24643K, committed 24832K, reserved 26624K
}
Event: 20198.220 GC heap before
{Heap before GC invocations=34486 (full 4):
 def new generation   total 2902272K, used 2584218K [0x00007f2060600000, 0x00007f2125320000, 0x00007f25b5b50000)
  eden space 2579840K, 100% used [0x00007f2060600000, 0x00007f20fdd60000, 0x00007f20fdd60000)
  from space 322432K,   1% used [0x00007f20fdd60000, 0x00007f20fe1a6900, 0x00007f2111840000)
  to   space 322432K,   0% used [0x00007f2111840000, 0x00007f2111840000, 0x00007f2125320000)
 tenured generation   total 6449396K, used 6447788K [0x00007f25b5b50000, 0x00007f273f58d000, 0x00007f3060600000)
   the space 6449396K,  99% used [0x00007f25b5b50000, 0x00007f273f3fb1c0, 0x00007f273f3fb200, 0x00007f273f58d000)
 Metaspace       used 24265K, capacity 24643K, committed 24832K, reserved 26624K
}
Event: 20198.225 GC heap after
{Heap after GC invocations=34487 (full 4):
 def new generation   total 2902272K, used 4444K [0x00007f2060600000, 0x00007f2125320000, 0x00007f25b5b50000)
  eden space 2579840K,   0% used [0x00007f2060600000, 0x00007f2060600000, 0x00007f20fdd60000)
  from space 322432K,   1% used [0x00007f2111840000, 0x00007f2111c97148, 0x00007f2125320000)
  to   space 322432K,   0% used [0x00007f20fdd60000, 0x00007f20fdd60000, 0x00007f2111840000)
 tenured generation   total 6449396K, used 6448046K [0x00007f25b5b50000, 0x00007f273f58d000, 0x00007f3060600000)
   the space 6449396K,  99% used [0x00007f25b5b50000, 0x00007f273f43ba40, 0x00007f273f43bc00, 0x00007f273f58d000)
 Metaspace       used 24265K, capacity 24643K, committed 24832K, reserved 26624K
}
Event: 20199.524 GC heap before
{Heap before GC invocations=34487 (full 4):
 def new generation   total 2902272K, used 2584284K [0x00007f2060600000, 0x00007f2125320000, 0x00007f25b5b50000)
  eden space 2579840K, 100% used [0x00007f2060600000, 0x00007f20fdd60000, 0x00007f20fdd60000)
  from space 322432K,   1% used [0x00007f2111840000, 0x00007f2111c97148, 0x00007f2125320000)
  to   space 322432K,   0% used [0x00007f20fdd60000, 0x00007f20fdd60000, 0x00007f2111840000)
 tenured generation   total 6449396K, used 6448046K [0x00007f25b5b50000, 0x00007f273f58d000, 0x00007f3060600000)
   the space 6449396K,  99% used [0x00007f25b5b50000, 0x00007f273f43ba40, 0x00007f273f43bc00, 0x00007f273f58d000)
 Metaspace       used 24265K, capacity 24643K, committed 24832K, reserved 26624K
}
Event: 20199.528 GC heap after
{Heap after GC invocations=34488 (full 4):
 def new generation   total 2902272K, used 4387K [0x00007f2060600000, 0x00007f2125320000, 0x00007f25b5b50000)
  eden space 2579840K,   0% used [0x00007f2060600000, 0x00007f2060600000, 0x00007f20fdd60000)
  from space 322432K,   1% used [0x00007f20fdd60000, 0x00007f20fe1a8e18, 0x00007f2111840000)
  to   space 322432K,   0% used [0x00007f2111840000, 0x00007f2111840000, 0x00007f2125320000)
 tenured generation   total 6449396K, used 6448369K [0x00007f25b5b50000, 0x00007f273f58d000, 0x00007f3060600000)
   the space 6449396K,  99% used [0x00007f25b5b50000, 0x00007f273f48c4e0, 0x00007f273f48c600, 0x00007f273f58d000)
 Metaspace       used 24265K, capacity 24643K, committed 24832K, reserved 26624K
}
Event: 20200.858 GC heap before
{Heap before GC invocations=34488 (full 4):
 def new generation   total 2902272K, used 2584227K [0x00007f2060600000, 0x00007f2125320000, 0x00007f25b5b50000)
  eden space 2579840K, 100% used [0x00007f2060600000, 0x00007f20fdd60000, 0x00007f20fdd60000)
  from space 322432K,   1% used [0x00007f20fdd60000, 0x00007f20fe1a8e18, 0x00007f2111840000)
  to   space 322432K,   0% used [0x00007f2111840000, 0x00007f2111840000, 0x00007f2125320000)
 tenured generation   total 6449396K, used 6448369K [0x00007f25b5b50000, 0x00007f273f58d000, 0x00007f3060600000)
   the space 6449396K,  99% used [0x00007f25b5b50000, 0x00007f273f48c4e0, 0x00007f273f48c600, 0x00007f273f58d000)
 Metaspace       used 24265K, capacity 24643K, committed 24832K, reserved 26624K
}
Event: 20200.864 GC heap after
{Heap after GC invocations=34489 (full 4):
 def new generation   total 2902272K, used 4427K [0x00007f2060600000, 0x00007f2125320000, 0x00007f25b5b50000)
  eden space 2579840K,   0% used [0x00007f2060600000, 0x00007f2060600000, 0x00007f20fdd60000)
  from space 322432K,   1% used [0x00007f2111840000, 0x00007f2111c92d80, 0x00007f2125320000)
  to   space 322432K,   0% used [0x00007f20fdd60000, 0x00007f20fdd60000, 0x00007f2111840000)
 tenured generation   total 6449396K, used 6448627K [0x00007f25b5b50000, 0x00007f273f58d000, 0x00007f3060600000)
   the space 6449396K,  99% used [0x00007f25b5b50000, 0x00007f273f4ccd60, 0x00007f273f4cce00, 0x00007f273f58d000)
 Metaspace       used 24265K, capacity 24643K, committed 24832K, reserved 26624K
}
Event: 20202.160 GC heap before
{Heap before GC invocations=34489 (full 4):
 def new generation   total 2902272K, used 2584267K [0x00007f2060600000, 0x00007f2125320000, 0x00007f25b5b50000)
  eden space 2579840K, 100% used [0x00007f2060600000, 0x00007f20fdd60000, 0x00007f20fdd60000)
  from space 322432K,   1% used [0x00007f2111840000, 0x00007f2111c92d80, 0x00007f2125320000)
  to   space 322432K,   0% used [0x00007f20fdd60000, 0x00007f20fdd60000, 0x00007f2111840000)
 tenured generation   total 6449396K, used 6448627K [0x00007f25b5b50000, 0x00007f273f58d000, 0x00007f3060600000)
   the space 6449396K,  99% used [0x00007f25b5b50000, 0x00007f273f4ccd60, 0x00007f273f4cce00, 0x00007f273f58d000)
 Metaspace       used 24265K, capacity 24643K, committed 24832K, reserved 26624K
}
Event: 20202.164 GC heap after
{Heap after GC invocations=34490 (full 4):
 def new generation   total 2902272K, used 4419K [0x00007f2060600000, 0x00007f2125320000, 0x00007f25b5b50000)
  eden space 2579840K,   0% used [0x00007f2060600000, 0x00007f2060600000, 0x00007f20fdd60000)
  from space 322432K,   1% used [0x00007f20fdd60000, 0x00007f20fe1b0c80, 0x00007f2111840000)
  to   space 322432K,   0% used [0x00007f2111840000, 0x00007f2111840000, 0x00007f2125320000)
 tenured generation   total 6449396K, used 6448950K [0x00007f25b5b50000, 0x00007f273f58d000, 0x00007f3060600000)
   the space 6449396K,  99% used [0x00007f25b5b50000, 0x00007f273f51d800, 0x00007f273f51d800, 0x00007f273f58d000)
 Metaspace       used 24265K, capacity 24643K, committed 24832K, reserved 26624K
}
Event: 20203.506 GC heap before
{Heap before GC invocations=34490 (full 4):
 def new generation   total 2902272K, used 2584259K [0x00007f2060600000, 0x00007f2125320000, 0x00007f25b5b50000)
  eden space 2579840K, 100% used [0x00007f2060600000, 0x00007f20fdd60000, 0x00007f20fdd60000)
  from space 322432K,   1% used [0x00007f20fdd60000, 0x00007f20fe1b0c80, 0x00007f2111840000)
  to   space 322432K,   0% used [0x00007f2111840000, 0x00007f2111840000, 0x00007f2125320000)
 tenured generation   total 6449396K, used 6448950K [0x00007f25b5b50000, 0x00007f273f58d000, 0x00007f3060600000)
   the space 6449396K,  99% used [0x00007f25b5b50000, 0x00007f273f51d800, 0x00007f273f51d800, 0x00007f273f58d000)
 Metaspace       used 24265K, capacity 24643K, committed 24832K, reserved 26624K
}
Event: 20203.511 GC heap after
{Heap after GC invocations=34491 (full 4):
 def new generation   total 2902272K, used 4557K [0x00007f2060600000, 0x00007f2125320000, 0x00007f25b5b50000)
  eden space 2579840K,   0% used [0x00007f2060600000, 0x00007f2060600000, 0x00007f20fdd60000)
  from space 322432K,   1% used [0x00007f2111840000, 0x00007f2111cb35a8, 0x00007f2125320000)
  to   space 322432K,   0% used [0x00007f20fdd60000, 0x00007f20fdd60000, 0x00007f2111840000)
 tenured generation   total 6449396K, used 6449208K [0x00007f25b5b50000, 0x00007f273f58d000, 0x00007f3060600000)
   the space 6449396K,  99% used [0x00007f25b5b50000, 0x00007f273f55e080, 0x00007f273f55e200, 0x00007f273f58d000)
 Metaspace       used 24265K, capacity 24643K, committed 24832K, reserved 26624K
}
Event: 20204.808 GC heap before
{Heap before GC invocations=34491 (full 4):
 def new generation   total 2902272K, used 2584397K [0x00007f2060600000, 0x00007f2125320000, 0x00007f25b5b50000)
  eden space 2579840K, 100% used [0x00007f2060600000, 0x00007f20fdd60000, 0x00007f20fdd60000)
  from space 322432K,   1% used [0x00007f2111840000, 0x00007f2111cb35a8, 0x00007f2125320000)
  to   space 322432K,   0% used [0x00007f20fdd60000, 0x00007f20fdd60000, 0x00007f2111840000)
 tenured generation   total 6449396K, used 6449208K [0x00007f25b5b50000, 0x00007f273f58d000, 0x00007f3060600000)
   the space 6449396K,  99% used [0x00007f25b5b50000, 0x00007f273f55e080, 0x00007f273f55e200, 0x00007f273f58d000)
 Metaspace       used 24265K, capacity 24643K, committed 24832K, reserved 26624K
}
Event: 20204.813 GC heap after
{Heap after GC invocations=34492 (full 4):
 def new generation   total 2902272K, used 4801K [0x00007f2060600000, 0x00007f2125320000, 0x00007f25b5b50000)
  eden space 2579840K,   0% used [0x00007f2060600000, 0x00007f2060600000, 0x00007f20fdd60000)
  from space 322432K,   1% used [0x00007f20fdd60000, 0x00007f20fe210400, 0x00007f2111840000)
  to   space 322432K,   0% used [0x00007f2111840000, 0x00007f2111840000, 0x00007f2125320000)
 tenured generation   total 6449588K, used 6449466K [0x00007f25b5b50000, 0x00007f273f5bd000, 0x00007f3060600000)
   the space 6449588K,  99% used [0x00007f25b5b50000, 0x00007f273f59e900, 0x00007f273f59ea00, 0x00007f273f5bd000)
 Metaspace       used 24265K, capacity 24643K, committed 24832K, reserved 26624K
}
Event: 20204.813 GC heap before
{Heap before GC invocations=34492 (full 4):
 def new generation   total 2902272K, used 4801K [0x00007f2060600000, 0x00007f2125320000, 0x00007f25b5b50000)
  eden space 2579840K,   0% used [0x00007f2060600000, 0x00007f2060600000, 0x00007f20fdd60000)
  from space 322432K,   1% used [0x00007f20fdd60000, 0x00007f20fe210400, 0x00007f2111840000)
  to   space 322432K,   0% used [0x00007f2111840000, 0x00007f2111840000, 0x00007f2125320000)
 tenured generation   total 6449588K, used 6449466K [0x00007f25b5b50000, 0x00007f273f5bd000, 0x00007f3060600000)
   the space 6449588K,  99% used [0x00007f25b5b50000, 0x00007f273f59e900, 0x00007f273f59ea00, 0x00007f273f5bd000)
 Metaspace       used 24265K, capacity 24643K, committed 24832K, reserved 26624K
}

