# JRE version: OpenJDK Runtime Environment (13.0.7+5) (build 13.0.7+5-Ubuntu-0ubuntu120.04)
# Java VM: OpenJDK 64-Bit Server VM (13.0.7+5-Ubuntu-0ubuntu120.04, mixed mode, tiered, serial gc, linux-amd64)
Heap:
 def new generation   total 1579968K, used 0K [0x00007fce80600000, 0x00007fceeb850000, 0x00007fd3d5b50000)
  eden space 1404480K,   0% used [0x00007fce80600000, 0x00007fce80600000, 0x00007fced6190000)
  from space 175488K,   0% used [0x00007fcee0cf0000, 0x00007fcee0cf0000, 0x00007fceeb850000)
  to   space 175488K,   0% used [0x00007fced6190000, 0x00007fced6190000, 0x00007fcee0cf0000)
 tenured generation   total 13996588K, used 8397951K [0x00007fd3d5b50000, 0x00007fd72bfdb000, 0x00007fde80600000)
   the space 13996588K,  59% used [0x00007fd3d5b50000, 0x00007fd5d646fe50, 0x00007fd5d6470000, 0x00007fd72bfdb000)
 Metaspace       used 23179K, capacity 23576K, committed 23808K, reserved 24576K
GC Heap History (20 events):
Event: 4.405 GC heap after
{Heap after GC invocations=1 (full 1):
 def new generation   total 629248K, used 0K [0x00007fce80600000, 0x00007fceab0c0000, 0x00007fd3d5b50000)
  eden space 559360K,   0% used [0x00007fce80600000, 0x00007fce80600000, 0x00007fcea2840000)
  from space 69888K,   0% used [0x00007fcea2840000, 0x00007fcea2840000, 0x00007fcea6c80000)
  to   space 69888K,   0% used [0x00007fcea6c80000, 0x00007fcea6c80000, 0x00007fceab0c0000)
 tenured generation   total 1398144K, used 13605K [0x00007fd3d5b50000, 0x00007fd42b0b0000, 0x00007fde80600000)
   the space 1398144K,   0% used [0x00007fd3d5b50000, 0x00007fd3d68996f8, 0x00007fd3d6899800, 0x00007fd42b0b0000)
 Metaspace       used 20900K, capacity 21209K, committed 21248K, reserved 22528K
}
Event: 5.706 GC heap before
{Heap before GC invocations=1 (full 1):
 def new generation   total 629248K, used 559360K [0x00007fce80600000, 0x00007fceab0c0000, 0x00007fd3d5b50000)
  eden space 559360K, 100% used [0x00007fce80600000, 0x00007fcea2840000, 0x00007fcea2840000)
  from space 69888K,   0% used [0x00007fcea2840000, 0x00007fcea2840000, 0x00007fcea6c80000)
  to   space 69888K,   0% used [0x00007fcea6c80000, 0x00007fcea6c80000, 0x00007fceab0c0000)
 tenured generation   total 1398144K, used 13605K [0x00007fd3d5b50000, 0x00007fd42b0b0000, 0x00007fde80600000)
   the space 1398144K,   0% used [0x00007fd3d5b50000, 0x00007fd3d68996f8, 0x00007fd3d6899800, 0x00007fd42b0b0000)
 Metaspace       used 22952K, capacity 23287K, committed 23296K, reserved 24576K
}
Event: 5.710 GC heap after
{Heap after GC invocations=2 (full 1):
 def new generation   total 629248K, used 670K [0x00007fce80600000, 0x00007fceab0c0000, 0x00007fd3d5b50000)
  eden space 559360K,   0% used [0x00007fce80600000, 0x00007fce80600000, 0x00007fcea2840000)
  from space 69888K,   0% used [0x00007fcea6c80000, 0x00007fcea6d27900, 0x00007fceab0c0000)
  to   space 69888K,   0% used [0x00007fcea2840000, 0x00007fcea2840000, 0x00007fcea6c80000)
 tenured generation   total 1398144K, used 13605K [0x00007fd3d5b50000, 0x00007fd42b0b0000, 0x00007fde80600000)
   the space 1398144K,   0% used [0x00007fd3d5b50000, 0x00007fd3d68996f8, 0x00007fd3d6899800, 0x00007fd42b0b0000)
 Metaspace       used 22952K, capacity 23287K, committed 23296K, reserved 24576K
}
Event: 6.525 GC heap before
{Heap before GC invocations=2 (full 1):
 def new generation   total 629248K, used 560030K [0x00007fce80600000, 0x00007fceab0c0000, 0x00007fd3d5b50000)
  eden space 559360K, 100% used [0x00007fce80600000, 0x00007fcea2840000, 0x00007fcea2840000)
  from space 69888K,   0% used [0x00007fcea6c80000, 0x00007fcea6d27900, 0x00007fceab0c0000)
  to   space 69888K,   0% used [0x00007fcea2840000, 0x00007fcea2840000, 0x00007fcea6c80000)
 tenured generation   total 1398144K, used 13605K [0x00007fd3d5b50000, 0x00007fd42b0b0000, 0x00007fde80600000)
   the space 1398144K,   0% used [0x00007fd3d5b50000, 0x00007fd3d68996f8, 0x00007fd3d6899800, 0x00007fd42b0b0000)
 Metaspace       used 22973K, capacity 23352K, committed 23552K, reserved 24576K
}
Event: 6.528 GC heap after
{Heap after GC invocations=3 (full 1):
 def new generation   total 629248K, used 869K [0x00007fce80600000, 0x00007fceab0c0000, 0x00007fd3d5b50000)
  eden space 559360K,   0% used [0x00007fce80600000, 0x00007fce80600000, 0x00007fcea2840000)
  from space 69888K,   1% used [0x00007fcea2840000, 0x00007fcea2919448, 0x00007fcea6c80000)
  to   space 69888K,   0% used [0x00007fcea6c80000, 0x00007fcea6c80000, 0x00007fceab0c0000)
 tenured generation   total 1398144K, used 13605K [0x00007fd3d5b50000, 0x00007fd42b0b0000, 0x00007fde80600000)
   the space 1398144K,   0% used [0x00007fd3d5b50000, 0x00007fd3d68996f8, 0x00007fd3d6899800, 0x00007fd42b0b0000)
 Metaspace       used 22973K, capacity 23352K, committed 23552K, reserved 24576K
}
Event: 7.199 GC heap before
{Heap before GC invocations=3 (full 1):
 def new generation   total 629248K, used 383762K [0x00007fce80600000, 0x00007fceab0c0000, 0x00007fd3d5b50000)
  eden space 559360K,  68% used [0x00007fce80600000, 0x00007fce97beb5d8, 0x00007fcea2840000)
  from space 69888K,   1% used [0x00007fcea2840000, 0x00007fcea2919448, 0x00007fcea6c80000)
  to   space 69888K,   0% used [0x00007fcea6c80000, 0x00007fcea6c80000, 0x00007fceab0c0000)
 tenured generation   total 1398144K, used 13605K [0x00007fd3d5b50000, 0x00007fd42b0b0000, 0x00007fde80600000)
   the space 1398144K,   0% used [0x00007fd3d5b50000, 0x00007fd3d68996f8, 0x00007fd3d6899800, 0x00007fd42b0b0000)
 Metaspace       used 23178K, capacity 23576K, committed 23808K, reserved 24576K
}
Event: 7.209 GC heap after
{Heap after GC invocations=4 (full 1):
 def new generation   total 629248K, used 5214K [0x00007fce80600000, 0x00007fceab0c0000, 0x00007fd3d5b50000)
  eden space 559360K,   0% used [0x00007fce80600000, 0x00007fce80600000, 0x00007fcea2840000)
  from space 69888K,   7% used [0x00007fcea6c80000, 0x00007fcea7197a88, 0x00007fceab0c0000)
  to   space 69888K,   0% used [0x00007fcea2840000, 0x00007fcea2840000, 0x00007fcea6c80000)
 tenured generation   total 1398144K, used 13605K [0x00007fd3d5b50000, 0x00007fd42b0b0000, 0x00007fde80600000)
   the space 1398144K,   0% used [0x00007fd3d5b50000, 0x00007fd3d68996f8, 0x00007fd3d6899800, 0x00007fd42b0b0000)
 Metaspace       used 23178K, capacity 23576K, committed 23808K, reserved 24576K
}
Event: 7.209 GC heap before
{Heap before GC invocations=4 (full 1):
 def new generation   total 629248K, used 5214K [0x00007fce80600000, 0x00007fceab0c0000, 0x00007fd3d5b50000)
  eden space 559360K,   0% used [0x00007fce80600000, 0x00007fce80600000, 0x00007fcea2840000)
  from space 69888K,   7% used [0x00007fcea6c80000, 0x00007fcea7197a88, 0x00007fceab0c0000)
  to   space 69888K,   0% used [0x00007fcea2840000, 0x00007fcea2840000, 0x00007fcea6c80000)
 tenured generation   total 1398144K, used 13605K [0x00007fd3d5b50000, 0x00007fd42b0b0000, 0x00007fde80600000)
   the space 1398144K,   0% used [0x00007fd3d5b50000, 0x00007fd3d68996f8, 0x00007fd3d6899800, 0x00007fd42b0b0000)
 Metaspace       used 23178K, capacity 23576K, committed 23808K, reserved 24576K
}
Event: 7.271 GC heap after
{Heap after GC invocations=4 (full 2):
 def new generation   total 629248K, used 0K [0x00007fce80600000, 0x00007fceab0c0000, 0x00007fd3d5b50000)
  eden space 559360K,   0% used [0x00007fce80600000, 0x00007fce80600000, 0x00007fcea2840000)
  from space 69888K,   0% used [0x00007fcea6c80000, 0x00007fcea6c80000, 0x00007fceab0c0000)
  to   space 69888K,   0% used [0x00007fcea2840000, 0x00007fcea2840000, 0x00007fcea6c80000)
 tenured generation   total 1398144K, used 18819K [0x00007fd3d5b50000, 0x00007fd42b0b0000, 0x00007fde80600000)
   the space 1398144K,   1% used [0x00007fd3d5b50000, 0x00007fd3d6db0ef8, 0x00007fd3d6db1000, 0x00007fd42b0b0000)
 Metaspace       used 23178K, capacity 23576K, committed 23808K, reserved 24576K
}
Event: 12.954 GC heap before
{Heap before GC invocations=4 (full 2):
 def new generation   total 629248K, used 10953K [0x00007fce80600000, 0x00007fceab0c0000, 0x00007fd3d5b50000)
  eden space 559360K,   1% used [0x00007fce80600000, 0x00007fce810b26e0, 0x00007fcea2840000)
  from space 69888K,   0% used [0x00007fcea6c80000, 0x00007fcea6c80000, 0x00007fceab0c0000)
  to   space 69888K,   0% used [0x00007fcea2840000, 0x00007fcea2840000, 0x00007fcea6c80000)
 tenured generation   total 3495300K, used 3164547K [0x00007fd3d5b50000, 0x00007fd4ab0b1000, 0x00007fde80600000)
   the space 3495300K,  90% used [0x00007fd3d5b50000, 0x00007fd496db0f28, 0x00007fd496db1000, 0x00007fd4ab0b1000)
 Metaspace       used 23179K, capacity 23576K, committed 23808K, reserved 24576K
}
Event: 12.959 GC heap after
{Heap after GC invocations=5 (full 2):
 def new generation   total 629248K, used 0K [0x00007fce80600000, 0x00007fceab0c0000, 0x00007fd3d5b50000)
  eden space 559360K,   0% used [0x00007fce80600000, 0x00007fce80600000, 0x00007fcea2840000)
  from space 69888K,   0% used [0x00007fcea2840000, 0x00007fcea2840240, 0x00007fcea6c80000)
  to   space 69888K,   0% used [0x00007fcea6c80000, 0x00007fcea6c80000, 0x00007fceab0c0000)
 tenured generation   total 3495300K, used 3164547K [0x00007fd3d5b50000, 0x00007fd4ab0b1000, 0x00007fde80600000)
   the space 3495300K,  90% used [0x00007fd3d5b50000, 0x00007fd496db0f28, 0x00007fd496db1000, 0x00007fd4ab0b1000)
 Metaspace       used 23179K, capacity 23576K, committed 23808K, reserved 24576K
}
Event: 12.959 GC heap before
{Heap before GC invocations=5 (full 2):
 def new generation   total 629248K, used 0K [0x00007fce80600000, 0x00007fceab0c0000, 0x00007fd3d5b50000)
  eden space 559360K,   0% used [0x00007fce80600000, 0x00007fce80600000, 0x00007fcea2840000)
  from space 69888K,   0% used [0x00007fcea2840000, 0x00007fcea2840240, 0x00007fcea6c80000)
  to   space 69888K,   0% used [0x00007fcea6c80000, 0x00007fcea6c80000, 0x00007fceab0c0000)
 tenured generation   total 3495300K, used 3164547K [0x00007fd3d5b50000, 0x00007fd4ab0b1000, 0x00007fde80600000)
   the space 3495300K,  90% used [0x00007fd3d5b50000, 0x00007fd496db0f28, 0x00007fd496db1000, 0x00007fd4ab0b1000)
 Metaspace       used 23179K, capacity 23576K, committed 23808K, reserved 24576K
}
Event: 13.535 GC heap after
{Heap after GC invocations=5 (full 3):
 def new generation   total 1572992K, used 0K [0x00007fce80600000, 0x00007fceeb0c0000, 0x00007fd3d5b50000)
  eden space 1398272K,   0% used [0x00007fce80600000, 0x00007fce80600000, 0x00007fced5b80000)
  from space 174720K,   0% used [0x00007fced5b80000, 0x00007fced5b80000, 0x00007fcee0620000)
  to   space 174720K,   0% used [0x00007fcee0620000, 0x00007fcee0620000, 0x00007fceeb0c0000)
 tenured generation   total 3495300K, used 1067396K [0x00007fd3d5b50000, 0x00007fd4ab0b1000, 0x00007fde80600000)
   the space 3495300K,  30% used [0x00007fd3d5b50000, 0x00007fd416db10c0, 0x00007fd416db1200, 0x00007fd4ab0b1000)
 Metaspace       used 23179K, capacity 23576K, committed 23808K, reserved 24576K
}
Event: 14.402 GC heap before
{Heap before GC invocations=5 (full 3):
 def new generation   total 1572992K, used 1075957K [0x00007fce80600000, 0x00007fceeb0c0000, 0x00007fd3d5b50000)
  eden space 1398272K,  76% used [0x00007fce80600000, 0x00007fcec20bd728, 0x00007fced5b80000)
  from space 174720K,   0% used [0x00007fced5b80000, 0x00007fced5b80000, 0x00007fcee0620000)
  to   space 174720K,   0% used [0x00007fcee0620000, 0x00007fcee0620000, 0x00007fceeb0c0000)
 tenured generation   total 3495300K, used 1067396K [0x00007fd3d5b50000, 0x00007fd4ab0b1000, 0x00007fde80600000)
   the space 3495300K,  30% used [0x00007fd3d5b50000, 0x00007fd416db10c0, 0x00007fd416db1200, 0x00007fd4ab0b1000)
 Metaspace       used 23179K, capacity 23576K, committed 23808K, reserved 24576K
}
Event: 14.757 GC heap after
{Heap after GC invocations=6 (full 3):
 def new generation   total 1572992K, used 0K [0x00007fce80600000, 0x00007fceeb0c0000, 0x00007fd3d5b50000)
  eden space 1398272K,   0% used [0x00007fce80600000, 0x00007fce80600000, 0x00007fced5b80000)
  from space 174720K,   0% used [0x00007fcee0620000, 0x00007fcee0620290, 0x00007fceeb0c0000)
  to   space 174720K,   0% used [0x00007fced5b80000, 0x00007fced5b80000, 0x00007fcee0620000)
 tenured generation   total 3495300K, used 2115972K [0x00007fd3d5b50000, 0x00007fd4ab0b1000, 0x00007fde80600000)
   the space 3495300K,  60% used [0x00007fd3d5b50000, 0x00007fd456db10d8, 0x00007fd456db1200, 0x00007fd4ab0b1000)
 Metaspace       used 23179K, capacity 23576K, committed 23808K, reserved 24576K
}
Event: 14.757 GC heap before
{Heap before GC invocations=6 (full 3):
 def new generation   total 1572992K, used 0K [0x00007fce80600000, 0x00007fceeb0c0000, 0x00007fd3d5b50000)
  eden space 1398272K,   0% used [0x00007fce80600000, 0x00007fce80600000, 0x00007fced5b80000)
  from space 174720K,   0% used [0x00007fcee0620000, 0x00007fcee0620290, 0x00007fceeb0c0000)
  to   space 174720K,   0% used [0x00007fced5b80000, 0x00007fced5b80000, 0x00007fcee0620000)
 tenured generation   total 3495300K, used 2115972K [0x00007fd3d5b50000, 0x00007fd4ab0b1000, 0x00007fde80600000)
   the space 3495300K,  60% used [0x00007fd3d5b50000, 0x00007fd456db10d8, 0x00007fd456db1200, 0x00007fd4ab0b1000)
 Metaspace       used 23179K, capacity 23576K, committed 23808K, reserved 24576K
}
Event: 15.977 GC heap after
{Heap after GC invocations=6 (full 4):
 def new generation   total 1579968K, used 0K [0x00007fce80600000, 0x00007fceeb850000, 0x00007fd3d5b50000)
  eden space 1404480K,   0% used [0x00007fce80600000, 0x00007fce80600000, 0x00007fced6190000)
  from space 175488K,   0% used [0x00007fced6190000, 0x00007fced6190000, 0x00007fcee0cf0000)
  to   space 175488K,   0% used [0x00007fcee0cf0000, 0x00007fcee0cf0000, 0x00007fceeb850000)
 tenured generation   total 3510828K, used 2106496K [0x00007fd3d5b50000, 0x00007fd4abfdb000, 0x00007fde80600000)
   the space 3510828K,  59% used [0x00007fd3d5b50000, 0x00007fd4564700e8, 0x00007fd456470200, 0x00007fd4abfdb000)
 Metaspace       used 23179K, capacity 23576K, committed 23808K, reserved 24576K
}
Event: 37.249 GC heap before
{Heap before GC invocations=6 (full 4):
 def new generation   total 1579968K, used 27458K [0x00007fce80600000, 0x00007fceeb850000, 0x00007fd3d5b50000)
  eden space 1404480K,   1% used [0x00007fce80600000, 0x00007fce820d0950, 0x00007fced6190000)
  from space 175488K,   0% used [0x00007fced6190000, 0x00007fced6190000, 0x00007fcee0cf0000)
  to   space 175488K,   0% used [0x00007fcee0cf0000, 0x00007fcee0cf0000, 0x00007fceeb850000)
 tenured generation   total 11899440K, used 10495104K [0x00007fd3d5b50000, 0x00007fd6abfdc000, 0x00007fde80600000)
   the space 11899440K,  88% used [0x00007fd3d5b50000, 0x00007fd656470100, 0x00007fd656470200, 0x00007fd6abfdc000)
 Metaspace       used 23179K, capacity 23576K, committed 23808K, reserved 24576K
}
Event: 37.321 GC heap after
{Heap after GC invocations=7 (full 4):
 def new generation   total 1579968K, used 0K [0x00007fce80600000, 0x00007fceeb850000, 0x00007fd3d5b50000)
  eden space 1404480K,   0% used [0x00007fce80600000, 0x00007fce80600000, 0x00007fced6190000)
  from space 175488K,   0% used [0x00007fcee0cf0000, 0x00007fcee0cf00b0, 0x00007fceeb850000)
  to   space 175488K,   0% used [0x00007fced6190000, 0x00007fced6190000, 0x00007fcee0cf0000)
 tenured generation   total 11899440K, used 10495104K [0x00007fd3d5b50000, 0x00007fd6abfdc000, 0x00007fde80600000)
   the space 11899440K,  88% used [0x00007fd3d5b50000, 0x00007fd656470100, 0x00007fd656470200, 0x00007fd6abfdc000)
 Metaspace       used 23179K, capacity 23576K, committed 23808K, reserved 24576K
}
Event: 37.321 GC heap before
{Heap before GC invocations=7 (full 4):
 def new generation   total 1579968K, used 0K [0x00007fce80600000, 0x00007fceeb850000, 0x00007fd3d5b50000)
  eden space 1404480K,   0% used [0x00007fce80600000, 0x00007fce80600000, 0x00007fced6190000)
  from space 175488K,   0% used [0x00007fcee0cf0000, 0x00007fcee0cf00b0, 0x00007fceeb850000)
  to   space 175488K,   0% used [0x00007fced6190000, 0x00007fced6190000, 0x00007fcee0cf0000)
 tenured generation   total 11899440K, used 10495104K [0x00007fd3d5b50000, 0x00007fd6abfdc000, 0x00007fde80600000)
   the space 11899440K,  88% used [0x00007fd3d5b50000, 0x00007fd656470100, 0x00007fd656470200, 0x00007fd6abfdc000)
 Metaspace       used 23179K, capacity 23576K, committed 23808K, reserved 24576K
}

