# JRE version: OpenJDK Runtime Environment (13.0.7+5) (build 13.0.7+5-Ubuntu-0ubuntu120.04)
# Java VM: OpenJDK 64-Bit Server VM (13.0.7+5-Ubuntu-0ubuntu120.04, mixed mode, tiered, serial gc, linux-amd64)
Heap:
 def new generation   total 4033728K, used 54909K [0x00007fd468600000, 0x00007fd579ee0000, 0x00007fd9bdb50000)
  eden space 3585536K,   1% used [0x00007fd468600000, 0x00007fd46bb9f440, 0x00007fd543380000)
  from space 448192K,   0% used [0x00007fd55e930000, 0x00007fd55e930000, 0x00007fd579ee0000)
  to   space 448192K,   0% used [0x00007fd543380000, 0x00007fd543380000, 0x00007fd55e930000)
 tenured generation   total 9058868K, used 9058867K [0x00007fd9bdb50000, 0x00007fdbe69dd000, 0x00007fe468600000)
   the space 9058868K,  99% used [0x00007fd9bdb50000, 0x00007fdbe69dcff8, 0x00007fdbe69dd000, 0x00007fdbe69dd000)
 Metaspace       used 30360K, capacity 30768K, committed 30976K, reserved 32768K
GC Heap History (20 events):
Event: 131.678 GC heap after
{Heap after GC invocations=81 (full 12):
 def new generation   total 2386624K, used 155879K [0x00007fd468600000, 0x00007fd50a3a0000, 0x00007fd9bdb50000)
  eden space 2121472K,   0% used [0x00007fd468600000, 0x00007fd468600000, 0x00007fd4e9dc0000)
  from space 265152K,  58% used [0x00007fd4e9dc0000, 0x00007fd4f35f9f70, 0x00007fd4fa0b0000)
  to   space 265152K,   0% used [0x00007fd4fa0b0000, 0x00007fd4fa0b0000, 0x00007fd50a3a0000)
 tenured generation   total 5303416K, used 5222289K [0x00007fd9bdb50000, 0x00007fdb0166e000, 0x00007fe468600000)
   the space 5303416K,  98% used [0x00007fd9bdb50000, 0x00007fdafc7346d0, 0x00007fdafc734800, 0x00007fdb0166e000)
 Metaspace       used 30360K, capacity 30768K, committed 30976K, reserved 32768K
}
Event: 132.286 GC heap before
{Heap before GC invocations=81 (full 12):
 def new generation   total 2386624K, used 2277351K [0x00007fd468600000, 0x00007fd50a3a0000, 0x00007fd9bdb50000)
  eden space 2121472K, 100% used [0x00007fd468600000, 0x00007fd4e9dc0000, 0x00007fd4e9dc0000)
  from space 265152K,  58% used [0x00007fd4e9dc0000, 0x00007fd4f35f9f70, 0x00007fd4fa0b0000)
  to   space 265152K,   0% used [0x00007fd4fa0b0000, 0x00007fd4fa0b0000, 0x00007fd50a3a0000)
 tenured generation   total 5303416K, used 5222289K [0x00007fd9bdb50000, 0x00007fdb0166e000, 0x00007fe468600000)
   the space 5303416K,  98% used [0x00007fd9bdb50000, 0x00007fdafc7346d0, 0x00007fdafc734800, 0x00007fdb0166e000)
 Metaspace       used 30360K, capacity 30768K, committed 30976K, reserved 32768K
}
Event: 132.827 GC heap after
{Heap after GC invocations=82 (full 12):
 def new generation   total 2386624K, used 156323K [0x00007fd468600000, 0x00007fd50a3a0000, 0x00007fd9bdb50000)
  eden space 2121472K,   0% used [0x00007fd468600000, 0x00007fd468600000, 0x00007fd4e9dc0000)
  from space 265152K,  58% used [0x00007fd4fa0b0000, 0x00007fd503958ee0, 0x00007fd50a3a0000)
  to   space 265152K,   0% used [0x00007fd4e9dc0000, 0x00007fd4e9dc0000, 0x00007fd4fa0b0000)
 tenured generation   total 5378296K, used 5378168K [0x00007fd9bdb50000, 0x00007fdb05f8e000, 0x00007fe468600000)
   the space 5378296K,  99% used [0x00007fd9bdb50000, 0x00007fdb05f6e300, 0x00007fdb05f6e400, 0x00007fdb05f8e000)
 Metaspace       used 30360K, capacity 30768K, committed 30976K, reserved 32768K
}
Event: 132.827 GC heap before
{Heap before GC invocations=82 (full 12):
 def new generation   total 2386624K, used 156323K [0x00007fd468600000, 0x00007fd50a3a0000, 0x00007fd9bdb50000)
  eden space 2121472K,   0% used [0x00007fd468600000, 0x00007fd468600000, 0x00007fd4e9dc0000)
  from space 265152K,  58% used [0x00007fd4fa0b0000, 0x00007fd503958ee0, 0x00007fd50a3a0000)
  to   space 265152K,   0% used [0x00007fd4e9dc0000, 0x00007fd4e9dc0000, 0x00007fd4fa0b0000)
 tenured generation   total 5378296K, used 5378168K [0x00007fd9bdb50000, 0x00007fdb05f8e000, 0x00007fe468600000)
   the space 5378296K,  99% used [0x00007fd9bdb50000, 0x00007fdb05f6e300, 0x00007fdb05f6e400, 0x00007fdb05f8e000)
 Metaspace       used 30360K, capacity 30768K, committed 30976K, reserved 32768K
}
Event: 143.680 GC heap after
{Heap after GC invocations=82 (full 13):
 def new generation   total 4033728K, used 156196K [0x00007fd468600000, 0x00007fd579ee0000, 0x00007fd9bdb50000)
  eden space 3585536K,   4% used [0x00007fd468600000, 0x00007fd471e891f8, 0x00007fd543380000)
  from space 448192K,   0% used [0x00007fd543380000, 0x00007fd543380000, 0x00007fd55e930000)
  to   space 448192K,   0% used [0x00007fd55e930000, 0x00007fd55e930000, 0x00007fd579ee0000)
 tenured generation   total 8963828K, used 5378295K [0x00007fd9bdb50000, 0x00007fdbe0d0d000, 0x00007fe468600000)
   the space 8963828K,  59% used [0x00007fd9bdb50000, 0x00007fdb05f8dfe8, 0x00007fdb05f8e000, 0x00007fdbe0d0d000)
 Metaspace       used 30360K, capacity 30768K, committed 30976K, reserved 32768K
}
Event: 145.118 GC heap before
{Heap before GC invocations=82 (full 13):
 def new generation   total 4033728K, used 3585536K [0x00007fd468600000, 0x00007fd579ee0000, 0x00007fd9bdb50000)
  eden space 3585536K, 100% used [0x00007fd468600000, 0x00007fd543380000, 0x00007fd543380000)
  from space 448192K,   0% used [0x00007fd543380000, 0x00007fd543380000, 0x00007fd55e930000)
  to   space 448192K,   0% used [0x00007fd55e930000, 0x00007fd55e930000, 0x00007fd579ee0000)
 tenured generation   total 8963828K, used 5378295K [0x00007fd9bdb50000, 0x00007fdbe0d0d000, 0x00007fe468600000)
   the space 8963828K,  59% used [0x00007fd9bdb50000, 0x00007fdb05f8dfe8, 0x00007fdb05f8e000, 0x00007fdbe0d0d000)
 Metaspace       used 30360K, capacity 30768K, committed 30976K, reserved 32768K
}
Event: 147.188 GC heap after
{Heap after GC invocations=83 (full 13):
 def new generation   total 4033728K, used 413702K [0x00007fd468600000, 0x00007fd579ee0000, 0x00007fd9bdb50000)
  eden space 3585536K,   0% used [0x00007fd468600000, 0x00007fd468600000, 0x00007fd543380000)
  from space 448192K,  92% used [0x00007fd55e930000, 0x00007fd577d31998, 0x00007fd579ee0000)
  to   space 448192K,   0% used [0x00007fd543380000, 0x00007fd543380000, 0x00007fd55e930000)
 tenured generation   total 8963828K, used 5378295K [0x00007fd9bdb50000, 0x00007fdbe0d0d000, 0x00007fe468600000)
   the space 8963828K,  59% used [0x00007fd9bdb50000, 0x00007fdb05f8dfe8, 0x00007fdb05f8e000, 0x00007fdbe0d0d000)
 Metaspace       used 30360K, capacity 30768K, committed 30976K, reserved 32768K
}
Event: 148.180 GC heap before
{Heap before GC invocations=83 (full 13):
 def new generation   total 4033728K, used 3999238K [0x00007fd468600000, 0x00007fd579ee0000, 0x00007fd9bdb50000)
  eden space 3585536K, 100% used [0x00007fd468600000, 0x00007fd543380000, 0x00007fd543380000)
  from space 448192K,  92% used [0x00007fd55e930000, 0x00007fd577d31998, 0x00007fd579ee0000)
  to   space 448192K,   0% used [0x00007fd543380000, 0x00007fd543380000, 0x00007fd55e930000)
 tenured generation   total 8963828K, used 5378295K [0x00007fd9bdb50000, 0x00007fdbe0d0d000, 0x00007fe468600000)
   the space 8963828K,  59% used [0x00007fd9bdb50000, 0x00007fdb05f8dfe8, 0x00007fdb05f8e000, 0x00007fdbe0d0d000)
 Metaspace       used 30360K, capacity 30768K, committed 30976K, reserved 32768K
}
Event: 149.496 GC heap after
{Heap after GC invocations=84 (full 13):
 def new generation   total 4033728K, used 265704K [0x00007fd468600000, 0x00007fd579ee0000, 0x00007fd9bdb50000)
  eden space 3585536K,   0% used [0x00007fd468600000, 0x00007fd468600000, 0x00007fd543380000)
  from space 448192K,  59% used [0x00007fd543380000, 0x00007fd5536fa338, 0x00007fd55e930000)
  to   space 448192K,   0% used [0x00007fd55e930000, 0x00007fd55e930000, 0x00007fd579ee0000)
 tenured generation   total 8963828K, used 5791997K [0x00007fd9bdb50000, 0x00007fdbe0d0d000, 0x00007fe468600000)
   the space 8963828K,  64% used [0x00007fd9bdb50000, 0x00007fdb1f38f6a0, 0x00007fdb1f38f800, 0x00007fdbe0d0d000)
 Metaspace       used 30360K, capacity 30768K, committed 30976K, reserved 32768K
}
Event: 150.489 GC heap before
{Heap before GC invocations=84 (full 13):
 def new generation   total 4033728K, used 3851240K [0x00007fd468600000, 0x00007fd579ee0000, 0x00007fd9bdb50000)
  eden space 3585536K, 100% used [0x00007fd468600000, 0x00007fd543380000, 0x00007fd543380000)
  from space 448192K,  59% used [0x00007fd543380000, 0x00007fd5536fa338, 0x00007fd55e930000)
  to   space 448192K,   0% used [0x00007fd55e930000, 0x00007fd55e930000, 0x00007fd579ee0000)
 tenured generation   total 8963828K, used 5791997K [0x00007fd9bdb50000, 0x00007fdbe0d0d000, 0x00007fe468600000)
   the space 8963828K,  64% used [0x00007fd9bdb50000, 0x00007fdb1f38f6a0, 0x00007fdb1f38f800, 0x00007fdbe0d0d000)
 Metaspace       used 30360K, capacity 30768K, committed 30976K, reserved 32768K
}
Event: 151.389 GC heap after
{Heap after GC invocations=85 (full 13):
 def new generation   total 4033728K, used 262303K [0x00007fd468600000, 0x00007fd579ee0000, 0x00007fd9bdb50000)
  eden space 3585536K,   0% used [0x00007fd468600000, 0x00007fd468600000, 0x00007fd543380000)
  from space 448192K,  58% used [0x00007fd55e930000, 0x00007fd56e957fd8, 0x00007fd579ee0000)
  to   space 448192K,   0% used [0x00007fd543380000, 0x00007fd543380000, 0x00007fd55e930000)
 tenured generation   total 8963828K, used 6057701K [0x00007fd9bdb50000, 0x00007fdbe0d0d000, 0x00007fe468600000)
   the space 8963828K,  67% used [0x00007fd9bdb50000, 0x00007fdb2f709468, 0x00007fdb2f709600, 0x00007fdbe0d0d000)
 Metaspace       used 30360K, capacity 30768K, committed 30976K, reserved 32768K
}
Event: 152.374 GC heap before
{Heap before GC invocations=85 (full 13):
 def new generation   total 4033728K, used 3847839K [0x00007fd468600000, 0x00007fd579ee0000, 0x00007fd9bdb50000)
  eden space 3585536K, 100% used [0x00007fd468600000, 0x00007fd543380000, 0x00007fd543380000)
  from space 448192K,  58% used [0x00007fd55e930000, 0x00007fd56e957fd8, 0x00007fd579ee0000)
  to   space 448192K,   0% used [0x00007fd543380000, 0x00007fd543380000, 0x00007fd55e930000)
 tenured generation   total 8963828K, used 6057701K [0x00007fd9bdb50000, 0x00007fdbe0d0d000, 0x00007fe468600000)
   the space 8963828K,  67% used [0x00007fd9bdb50000, 0x00007fdb2f709468, 0x00007fdb2f709600, 0x00007fdbe0d0d000)
 Metaspace       used 30360K, capacity 30768K, committed 30976K, reserved 32768K
}
Event: 153.296 GC heap after
{Heap after GC invocations=86 (full 13):
 def new generation   total 4033728K, used 263048K [0x00007fd468600000, 0x00007fd579ee0000, 0x00007fd9bdb50000)
  eden space 3585536K,   0% used [0x00007fd468600000, 0x00007fd468600000, 0x00007fd543380000)
  from space 448192K,  58% used [0x00007fd543380000, 0x00007fd553462270, 0x00007fd55e930000)
  to   space 448192K,   0% used [0x00007fd55e930000, 0x00007fd55e930000, 0x00007fd579ee0000)
 tenured generation   total 8963828K, used 6320003K [0x00007fd9bdb50000, 0x00007fdbe0d0d000, 0x00007fe468600000)
   the space 8963828K,  70% used [0x00007fd9bdb50000, 0x00007fdb3f730fc0, 0x00007fdb3f731000, 0x00007fdbe0d0d000)
 Metaspace       used 30360K, capacity 30768K, committed 30976K, reserved 32768K
}
Event: 275.508 GC heap before
{Heap before GC invocations=86 (full 13):
 def new generation   total 4033728K, used 3848584K [0x00007fd468600000, 0x00007fd579ee0000, 0x00007fd9bdb50000)
  eden space 3585536K, 100% used [0x00007fd468600000, 0x00007fd543380000, 0x00007fd543380000)
  from space 448192K,  58% used [0x00007fd543380000, 0x00007fd553462270, 0x00007fd55e930000)
  to   space 448192K,   0% used [0x00007fd55e930000, 0x00007fd55e930000, 0x00007fd579ee0000)
 tenured generation   total 8963828K, used 6320003K [0x00007fd9bdb50000, 0x00007fdbe0d0d000, 0x00007fe468600000)
   the space 8963828K,  70% used [0x00007fd9bdb50000, 0x00007fdb3f730fc0, 0x00007fdb3f731000, 0x00007fdbe0d0d000)
 Metaspace       used 30360K, capacity 30768K, committed 30976K, reserved 32768K
}
Event: 279.682 GC heap after
{Heap after GC invocations=87 (full 13):
 def new generation   total 4033728K, used 448192K [0x00007fd468600000, 0x00007fd579ee0000, 0x00007fd9bdb50000)
  eden space 3585536K,   0% used [0x00007fd468600000, 0x00007fd468600000, 0x00007fd543380000)
  from space 448192K, 100% used [0x00007fd55e930000, 0x00007fd579ee0000, 0x00007fd579ee0000)
  to   space 448192K,   0% used [0x00007fd543380000, 0x00007fd543380000, 0x00007fd55e930000)
 tenured generation   total 8963828K, used 7549054K [0x00007fd9bdb50000, 0x00007fdbe0d0d000, 0x00007fe468600000)
   the space 8963828K,  84% used [0x00007fd9bdb50000, 0x00007fdb8a76fb18, 0x00007fdb8a76fc00, 0x00007fdbe0d0d000)
 Metaspace       used 30360K, capacity 30768K, committed 30976K, reserved 32768K
}
Event: 513.811 GC heap before
{Heap before GC invocations=87 (full 13):
 def new generation   total 4033728K, used 4033728K [0x00007fd468600000, 0x00007fd579ee0000, 0x00007fd9bdb50000)
  eden space 3585536K, 100% used [0x00007fd468600000, 0x00007fd543380000, 0x00007fd543380000)
  from space 448192K, 100% used [0x00007fd55e930000, 0x00007fd579ee0000, 0x00007fd579ee0000)
  to   space 448192K,   0% used [0x00007fd543380000, 0x00007fd543380000, 0x00007fd55e930000)
 tenured generation   total 8963828K, used 7549054K [0x00007fd9bdb50000, 0x00007fdbe0d0d000, 0x00007fe468600000)
   the space 8963828K,  84% used [0x00007fd9bdb50000, 0x00007fdb8a76fb18, 0x00007fdb8a76fc00, 0x00007fdbe0d0d000)
 Metaspace       used 30360K, capacity 30768K, committed 30976K, reserved 32768K
}
Event: 517.980 GC heap after
{Heap after GC invocations=88 (full 13):
 def new generation   total 4033728K, used 448191K [0x00007fd468600000, 0x00007fd579ee0000, 0x00007fd9bdb50000)
  eden space 3585536K,   0% used [0x00007fd468600000, 0x00007fd468600000, 0x00007fd543380000)
  from space 448192K,  99% used [0x00007fd543380000, 0x00007fd55e92fff0, 0x00007fd55e930000)
  to   space 448192K,   0% used [0x00007fd55e930000, 0x00007fd55e930000, 0x00007fd579ee0000)
 tenured generation   total 8963828K, used 8303898K [0x00007fd9bdb50000, 0x00007fdbe0d0d000, 0x00007fe468600000)
   the space 8963828K,  92% used [0x00007fd9bdb50000, 0x00007fdbb8896948, 0x00007fdbb8896a00, 0x00007fdbe0d0d000)
 Metaspace       used 30360K, capacity 30768K, committed 30976K, reserved 32768K
}
Event: 704.762 GC heap before
{Heap before GC invocations=88 (full 13):
 def new generation   total 4033728K, used 4033727K [0x00007fd468600000, 0x00007fd579ee0000, 0x00007fd9bdb50000)
  eden space 3585536K, 100% used [0x00007fd468600000, 0x00007fd543380000, 0x00007fd543380000)
  from space 448192K,  99% used [0x00007fd543380000, 0x00007fd55e92fff0, 0x00007fd55e930000)
  to   space 448192K,   0% used [0x00007fd55e930000, 0x00007fd55e930000, 0x00007fd579ee0000)
 tenured generation   total 8963828K, used 8303898K [0x00007fd9bdb50000, 0x00007fdbe0d0d000, 0x00007fe468600000)
   the space 8963828K,  92% used [0x00007fd9bdb50000, 0x00007fdbb8896948, 0x00007fdbb8896a00, 0x00007fdbe0d0d000)
 Metaspace       used 30360K, capacity 30768K, committed 30976K, reserved 32768K
}
Event: 707.000 GC heap after
{Heap after GC invocations=89 (full 13):
 def new generation   total 4033728K, used 448191K [0x00007fd468600000, 0x00007fd579ee0000, 0x00007fd9bdb50000)
  eden space 3585536K,   0% used [0x00007fd468600000, 0x00007fd468600000, 0x00007fd543380000)
  from space 448192K,  99% used [0x00007fd55e930000, 0x00007fd579edfff0, 0x00007fd579ee0000)
  to   space 448192K,   0% used [0x00007fd543380000, 0x00007fd543380000, 0x00007fd55e930000)
 tenured generation   total 9058868K, used 9058741K [0x00007fd9bdb50000, 0x00007fdbe69dd000, 0x00007fe468600000)
   the space 9058868K,  99% used [0x00007fd9bdb50000, 0x00007fdbe69bd748, 0x00007fdbe69bd800, 0x00007fdbe69dd000)
 Metaspace       used 30360K, capacity 30768K, committed 30976K, reserved 32768K
}
Event: 707.000 GC heap before
{Heap before GC invocations=89 (full 13):
 def new generation   total 4033728K, used 448191K [0x00007fd468600000, 0x00007fd579ee0000, 0x00007fd9bdb50000)
  eden space 3585536K,   0% used [0x00007fd468600000, 0x00007fd468600000, 0x00007fd543380000)
  from space 448192K,  99% used [0x00007fd55e930000, 0x00007fd579edfff0, 0x00007fd579ee0000)
  to   space 448192K,   0% used [0x00007fd543380000, 0x00007fd543380000, 0x00007fd55e930000)
 tenured generation   total 9058868K, used 9058741K [0x00007fd9bdb50000, 0x00007fdbe69dd000, 0x00007fe468600000)
   the space 9058868K,  99% used [0x00007fd9bdb50000, 0x00007fdbe69bd748, 0x00007fdbe69bd800, 0x00007fdbe69dd000)
 Metaspace       used 30360K, capacity 30768K, committed 30976K, reserved 32768K
}

