# JRE version: OpenJDK Runtime Environment (13.0.7+5) (build 13.0.7+5-Ubuntu-0ubuntu120.04)
# Java VM: OpenJDK 64-Bit Server VM (13.0.7+5-Ubuntu-0ubuntu120.04, mixed mode, tiered, compressed oops, serial gc, linux-amd64)
Heap:
 def new generation   total 1749312K, used 0K [0x0000000080200000, 0x00000000f6c10000, 0x0000000300150000)
  eden space 1555008K,   0% used [0x0000000080200000, 0x0000000080200000, 0x00000000df090000)
  from space 194304K,   0% used [0x00000000eae50000, 0x00000000eae50000, 0x00000000f6c10000)
  to   space 194304K,   0% used [0x00000000df090000, 0x00000000df090000, 0x00000000eae50000)
 tenured generation   total 3987724K, used 2622290K [0x0000000300150000, 0x00000003f3793000, 0x0000000800000000)
   the space 3987724K,  65% used [0x0000000300150000, 0x00000003a0224820, 0x00000003a0224a00, 0x00000003f3793000)
 Metaspace       used 22708K, capacity 23232K, committed 23424K, reserved 1071104K
  class space    used 2354K, capacity 2568K, committed 2688K, reserved 1048576K
GC Heap History (20 events):
Event: 481.599 GC heap after
{Heap after GC invocations=615 (full 22):
 def new generation   total 1749312K, used 185671K [0x0000000080200000, 0x00000000f6c10000, 0x0000000300150000)
  eden space 1555008K,   0% used [0x0000000080200000, 0x0000000080200000, 0x00000000df090000)
  from space 194304K,  95% used [0x00000000df090000, 0x00000000ea5e1c10, 0x00000000eae50000)
  to   space 194304K,   0% used [0x00000000eae50000, 0x00000000eae50000, 0x00000000f6c10000)
 tenured generation   total 3887160K, used 3546102K [0x0000000300150000, 0x00000003ed55e000, 0x0000000800000000)
   the space 3887160K,  91% used [0x0000000300150000, 0x00000003d884db40, 0x00000003d884dc00, 0x00000003ed55e000)
 Metaspace       used 22708K, capacity 23232K, committed 23424K, reserved 1071104K
  class space    used 2354K, capacity 2568K, committed 2688K, reserved 1048576K
}
Event: 482.895 GC heap before
{Heap before GC invocations=615 (full 22):
 def new generation   total 1749312K, used 1740679K [0x0000000080200000, 0x00000000f6c10000, 0x0000000300150000)
  eden space 1555008K, 100% used [0x0000000080200000, 0x00000000df090000, 0x00000000df090000)
  from space 194304K,  95% used [0x00000000df090000, 0x00000000ea5e1c10, 0x00000000eae50000)
  to   space 194304K,   0% used [0x00000000eae50000, 0x00000000eae50000, 0x00000000f6c10000)
 tenured generation   total 3887160K, used 3546102K [0x0000000300150000, 0x00000003ed55e000, 0x0000000800000000)
   the space 3887160K,  91% used [0x0000000300150000, 0x00000003d884db40, 0x00000003d884dc00, 0x00000003ed55e000)
 Metaspace       used 22708K, capacity 23232K, committed 23424K, reserved 1071104K
  class space    used 2354K, capacity 2568K, committed 2688K, reserved 1048576K
}
Event: 483.076 GC heap after
{Heap after GC invocations=616 (full 22):
 def new generation   total 1749312K, used 186006K [0x0000000080200000, 0x00000000f6c10000, 0x0000000300150000)
  eden space 1555008K,   0% used [0x0000000080200000, 0x0000000080200000, 0x00000000df090000)
  from space 194304K,  95% used [0x00000000eae50000, 0x00000000f63f58e0, 0x00000000f6c10000)
  to   space 194304K,   0% used [0x00000000df090000, 0x00000000df090000, 0x00000000eae50000)
 tenured generation   total 3887160K, used 3638506K [0x0000000300150000, 0x00000003ed55e000, 0x0000000800000000)
   the space 3887160K,  93% used [0x0000000300150000, 0x00000003de28ab80, 0x00000003de28ac00, 0x00000003ed55e000)
 Metaspace       used 22708K, capacity 23232K, committed 23424K, reserved 1071104K
  class space    used 2354K, capacity 2568K, committed 2688K, reserved 1048576K
}
Event: 484.391 GC heap before
{Heap before GC invocations=616 (full 22):
 def new generation   total 1749312K, used 1741014K [0x0000000080200000, 0x00000000f6c10000, 0x0000000300150000)
  eden space 1555008K, 100% used [0x0000000080200000, 0x00000000df090000, 0x00000000df090000)
  from space 194304K,  95% used [0x00000000eae50000, 0x00000000f63f58e0, 0x00000000f6c10000)
  to   space 194304K,   0% used [0x00000000df090000, 0x00000000df090000, 0x00000000eae50000)
 tenured generation   total 3887160K, used 3638506K [0x0000000300150000, 0x00000003ed55e000, 0x0000000800000000)
   the space 3887160K,  93% used [0x0000000300150000, 0x00000003de28ab80, 0x00000003de28ac00, 0x00000003ed55e000)
 Metaspace       used 22708K, capacity 23232K, committed 23424K, reserved 1071104K
  class space    used 2354K, capacity 2568K, committed 2688K, reserved 1048576K
}
Event: 484.452 GC heap after
{Heap after GC invocations=617 (full 22):
 def new generation   total 1749312K, used 100704K [0x0000000080200000, 0x00000000f6c10000, 0x0000000300150000)
  eden space 1555008K,   0% used [0x0000000080200000, 0x0000000080200000, 0x00000000df090000)
  from space 194304K,  51% used [0x00000000df090000, 0x00000000e52e8118, 0x00000000eae50000)
  to   space 194304K,   0% used [0x00000000eae50000, 0x00000000eae50000, 0x00000000f6c10000)
 tenured generation   total 3887160K, used 3646247K [0x0000000300150000, 0x00000003ed55e000, 0x0000000800000000)
   the space 3887160K,  93% used [0x0000000300150000, 0x00000003dea19de0, 0x00000003dea19e00, 0x00000003ed55e000)
 Metaspace       used 22708K, capacity 23232K, committed 23424K, reserved 1071104K
  class space    used 2354K, capacity 2568K, committed 2688K, reserved 1048576K
}
Event: 485.755 GC heap before
{Heap before GC invocations=617 (full 22):
 def new generation   total 1749312K, used 1655712K [0x0000000080200000, 0x00000000f6c10000, 0x0000000300150000)
  eden space 1555008K, 100% used [0x0000000080200000, 0x00000000df090000, 0x00000000df090000)
  from space 194304K,  51% used [0x00000000df090000, 0x00000000e52e8118, 0x00000000eae50000)
  to   space 194304K,   0% used [0x00000000eae50000, 0x00000000eae50000, 0x00000000f6c10000)
 tenured generation   total 3887160K, used 3646247K [0x0000000300150000, 0x00000003ed55e000, 0x0000000800000000)
   the space 3887160K,  93% used [0x0000000300150000, 0x00000003dea19de0, 0x00000003dea19e00, 0x00000003ed55e000)
 Metaspace       used 22708K, capacity 23232K, committed 23424K, reserved 1071104K
  class space    used 2354K, capacity 2568K, committed 2688K, reserved 1048576K
}
Event: 485.888 GC heap after
{Heap after GC invocations=618 (full 22):
 def new generation   total 1749312K, used 186192K [0x0000000080200000, 0x00000000f6c10000, 0x0000000300150000)
  eden space 1555008K,   0% used [0x0000000080200000, 0x0000000080200000, 0x00000000df090000)
  from space 194304K,  95% used [0x00000000eae50000, 0x00000000f6424010, 0x00000000f6c10000)
  to   space 194304K,   0% used [0x00000000df090000, 0x00000000df090000, 0x00000000eae50000)
 tenured generation   total 3887160K, used 3654002K [0x0000000300150000, 0x00000003ed55e000, 0x0000000800000000)
   the space 3887160K,  94% used [0x0000000300150000, 0x00000003df1ac850, 0x00000003df1aca00, 0x00000003ed55e000)
 Metaspace       used 22708K, capacity 23232K, committed 23424K, reserved 1071104K
  class space    used 2354K, capacity 2568K, committed 2688K, reserved 1048576K
}
Event: 487.182 GC heap before
{Heap before GC invocations=618 (full 22):
 def new generation   total 1749312K, used 1741200K [0x0000000080200000, 0x00000000f6c10000, 0x0000000300150000)
  eden space 1555008K, 100% used [0x0000000080200000, 0x00000000df090000, 0x00000000df090000)
  from space 194304K,  95% used [0x00000000eae50000, 0x00000000f6424010, 0x00000000f6c10000)
  to   space 194304K,   0% used [0x00000000df090000, 0x00000000df090000, 0x00000000eae50000)
 tenured generation   total 3887160K, used 3654002K [0x0000000300150000, 0x00000003ed55e000, 0x0000000800000000)
   the space 3887160K,  94% used [0x0000000300150000, 0x00000003df1ac850, 0x00000003df1aca00, 0x00000003ed55e000)
 Metaspace       used 22708K, capacity 23232K, committed 23424K, reserved 1071104K
  class space    used 2354K, capacity 2568K, committed 2688K, reserved 1048576K
}
Event: 487.418 GC heap after
{Heap after GC invocations=619 (full 22):
 def new generation   total 1749312K, used 186004K [0x0000000080200000, 0x00000000f6c10000, 0x0000000300150000)
  eden space 1555008K,   0% used [0x0000000080200000, 0x0000000080200000, 0x00000000df090000)
  from space 194304K,  95% used [0x00000000df090000, 0x00000000ea6352d8, 0x00000000eae50000)
  to   space 194304K,   0% used [0x00000000eae50000, 0x00000000eae50000, 0x00000000f6c10000)
 tenured generation   total 3887160K, used 3746421K [0x0000000300150000, 0x00000003ed55e000, 0x0000000800000000)
   the space 3887160K,  96% used [0x0000000300150000, 0x00000003e4bed630, 0x00000003e4bed800, 0x00000003ed55e000)
 Metaspace       used 22708K, capacity 23232K, committed 23424K, reserved 1071104K
  class space    used 2354K, capacity 2568K, committed 2688K, reserved 1048576K
}
Event: 488.692 GC heap before
{Heap before GC invocations=619 (full 22):
 def new generation   total 1749312K, used 1741012K [0x0000000080200000, 0x00000000f6c10000, 0x0000000300150000)
  eden space 1555008K, 100% used [0x0000000080200000, 0x00000000df090000, 0x00000000df090000)
  from space 194304K,  95% used [0x00000000df090000, 0x00000000ea6352d8, 0x00000000eae50000)
  to   space 194304K,   0% used [0x00000000eae50000, 0x00000000eae50000, 0x00000000f6c10000)
 tenured generation   total 3887160K, used 3746421K [0x0000000300150000, 0x00000003ed55e000, 0x0000000800000000)
   the space 3887160K,  96% used [0x0000000300150000, 0x00000003e4bed630, 0x00000003e4bed800, 0x00000003ed55e000)
 Metaspace       used 22708K, capacity 23232K, committed 23424K, reserved 1071104K
  class space    used 2354K, capacity 2568K, committed 2688K, reserved 1048576K
}
Event: 488.774 GC heap after
{Heap after GC invocations=620 (full 22):
 def new generation   total 1749312K, used 108977K [0x0000000080200000, 0x00000000f6c10000, 0x0000000300150000)
  eden space 1555008K,   0% used [0x0000000080200000, 0x0000000080200000, 0x00000000df090000)
  from space 194304K,  56% used [0x00000000eae50000, 0x00000000f18bc6d8, 0x00000000f6c10000)
  to   space 194304K,   0% used [0x00000000df090000, 0x00000000df090000, 0x00000000eae50000)
 tenured generation   total 3887160K, used 3754164K [0x0000000300150000, 0x00000003ed55e000, 0x0000000800000000)
   the space 3887160K,  96% used [0x0000000300150000, 0x00000003e537d250, 0x00000003e537d400, 0x00000003ed55e000)
 Metaspace       used 22708K, capacity 23232K, committed 23424K, reserved 1071104K
  class space    used 2354K, capacity 2568K, committed 2688K, reserved 1048576K
}
Event: 490.055 GC heap before
{Heap before GC invocations=620 (full 22):
 def new generation   total 1749312K, used 1663985K [0x0000000080200000, 0x00000000f6c10000, 0x0000000300150000)
  eden space 1555008K, 100% used [0x0000000080200000, 0x00000000df090000, 0x00000000df090000)
  from space 194304K,  56% used [0x00000000eae50000, 0x00000000f18bc6d8, 0x00000000f6c10000)
  to   space 194304K,   0% used [0x00000000df090000, 0x00000000df090000, 0x00000000eae50000)
 tenured generation   total 3887160K, used 3754164K [0x0000000300150000, 0x00000003ed55e000, 0x0000000800000000)
   the space 3887160K,  96% used [0x0000000300150000, 0x00000003e537d250, 0x00000003e537d400, 0x00000003ed55e000)
 Metaspace       used 22708K, capacity 23232K, committed 23424K, reserved 1071104K
  class space    used 2354K, capacity 2568K, committed 2688K, reserved 1048576K
}
Event: 490.221 GC heap after
{Heap after GC invocations=621 (full 22):
 def new generation   total 1749312K, used 93270K [0x0000000080200000, 0x00000000f6c10000, 0x0000000300150000)
  eden space 1555008K,   0% used [0x0000000080200000, 0x0000000080200000, 0x00000000df090000)
  from space 194304K,  48% used [0x00000000df090000, 0x00000000e4ba5b30, 0x00000000eae50000)
  to   space 194304K,   0% used [0x00000000eae50000, 0x00000000eae50000, 0x00000000f6c10000)
 tenured generation   total 3887160K, used 3862626K [0x0000000300150000, 0x00000003ed55e000, 0x0000000800000000)
   the space 3887160K,  99% used [0x0000000300150000, 0x00000003ebd68810, 0x00000003ebd68a00, 0x00000003ed55e000)
 Metaspace       used 22708K, capacity 23232K, committed 23424K, reserved 1071104K
  class space    used 2354K, capacity 2568K, committed 2688K, reserved 1048576K
}
Event: 491.509 GC heap before
{Heap before GC invocations=621 (full 22):
 def new generation   total 1749312K, used 1648278K [0x0000000080200000, 0x00000000f6c10000, 0x0000000300150000)
  eden space 1555008K, 100% used [0x0000000080200000, 0x00000000df090000, 0x00000000df090000)
  from space 194304K,  48% used [0x00000000df090000, 0x00000000e4ba5b30, 0x00000000eae50000)
  to   space 194304K,   0% used [0x00000000eae50000, 0x00000000eae50000, 0x00000000f6c10000)
 tenured generation   total 3887160K, used 3862626K [0x0000000300150000, 0x00000003ed55e000, 0x0000000800000000)
   the space 3887160K,  99% used [0x0000000300150000, 0x00000003ebd68810, 0x00000003ebd68a00, 0x00000003ed55e000)
 Metaspace       used 22708K, capacity 23232K, committed 23424K, reserved 1071104K
  class space    used 2354K, capacity 2568K, committed 2688K, reserved 1048576K
}
Event: 491.606 GC heap after
{Heap after GC invocations=622 (full 22):
 def new generation   total 1749312K, used 186013K [0x0000000080200000, 0x00000000f6c10000, 0x0000000300150000)
  eden space 1555008K,   0% used [0x0000000080200000, 0x0000000080200000, 0x00000000df090000)
  from space 194304K,  95% used [0x00000000eae50000, 0x00000000f63f7488, 0x00000000f6c10000)
  to   space 194304K,   0% used [0x00000000df090000, 0x00000000df090000, 0x00000000eae50000)
 tenured generation   total 3887160K, used 3862626K [0x0000000300150000, 0x00000003ed55e000, 0x0000000800000000)
   the space 3887160K,  99% used [0x0000000300150000, 0x00000003ebd68810, 0x00000003ebd68a00, 0x00000003ed55e000)
 Metaspace       used 22708K, capacity 23232K, committed 23424K, reserved 1071104K
  class space    used 2354K, capacity 2568K, committed 2688K, reserved 1048576K
}
Event: 492.978 GC heap before
{Heap before GC invocations=622 (full 22):
 def new generation   total 1749312K, used 1741021K [0x0000000080200000, 0x00000000f6c10000, 0x0000000300150000)
  eden space 1555008K, 100% used [0x0000000080200000, 0x00000000df090000, 0x00000000df090000)
  from space 194304K,  95% used [0x00000000eae50000, 0x00000000f63f7488, 0x00000000f6c10000)
  to   space 194304K,   0% used [0x00000000df090000, 0x00000000df090000, 0x00000000eae50000)
 tenured generation   total 3887160K, used 3862626K [0x0000000300150000, 0x00000003ed55e000, 0x0000000800000000)
   the space 3887160K,  99% used [0x0000000300150000, 0x00000003ebd68810, 0x00000003ebd68a00, 0x00000003ed55e000)
 Metaspace       used 22708K, capacity 23232K, committed 23424K, reserved 1071104K
  class space    used 2354K, capacity 2568K, committed 2688K, reserved 1048576K
}
Event: 493.160 GC heap after
{Heap after GC invocations=623 (full 22):
 def new generation   total 1749312K, used 116748K [0x0000000080200000, 0x00000000f6c10000, 0x0000000300150000)
  eden space 1555008K,   0% used [0x0000000080200000, 0x0000000080200000, 0x00000000df090000)
  from space 194304K,  60% used [0x00000000df090000, 0x00000000e62931a0, 0x00000000eae50000)
  to   space 194304K,   0% used [0x00000000eae50000, 0x00000000eae50000, 0x00000000f6c10000)
 tenured generation   total 3887160K, used 3871407K [0x0000000300150000, 0x00000003ed55e000, 0x0000000800000000)
   the space 3887160K,  99% used [0x0000000300150000, 0x00000003ec5fbe70, 0x00000003ec5fc000, 0x00000003ed55e000)
 Metaspace       used 22708K, capacity 23232K, committed 23424K, reserved 1071104K
  class space    used 2354K, capacity 2568K, committed 2688K, reserved 1048576K
}
Event: 496.575 GC heap before
{Heap before GC invocations=623 (full 22):
 def new generation   total 1749312K, used 1671756K [0x0000000080200000, 0x00000000f6c10000, 0x0000000300150000)
  eden space 1555008K, 100% used [0x0000000080200000, 0x00000000df090000, 0x00000000df090000)
  from space 194304K,  60% used [0x00000000df090000, 0x00000000e62931a0, 0x00000000eae50000)
  to   space 194304K,   0% used [0x00000000eae50000, 0x00000000eae50000, 0x00000000f6c10000)
 tenured generation   total 3887160K, used 3871407K [0x0000000300150000, 0x00000003ed55e000, 0x0000000800000000)
   the space 3887160K,  99% used [0x0000000300150000, 0x00000003ec5fbe70, 0x00000003ec5fc000, 0x00000003ed55e000)
 Metaspace       used 22708K, capacity 23232K, committed 23424K, reserved 1071104K
  class space    used 2354K, capacity 2568K, committed 2688K, reserved 1048576K
}
Event: 499.151 GC heap after
{Heap after GC invocations=624 (full 22):
 def new generation   total 1749312K, used 93270K [0x0000000080200000, 0x00000000f6c10000, 0x0000000300150000)
  eden space 1555008K,   0% used [0x0000000080200000, 0x0000000080200000, 0x00000000df090000)
  from space 194304K,  48% used [0x00000000eae50000, 0x00000000f09658b0, 0x00000000f6c10000)
  to   space 194304K,   0% used [0x00000000df090000, 0x00000000df090000, 0x00000000eae50000)
 tenured generation   total 3987724K, used 3987633K [0x0000000300150000, 0x00000003f3793000, 0x0000000800000000)
   the space 3987724K,  99% used [0x0000000300150000, 0x00000003f377c510, 0x00000003f377c600, 0x00000003f3793000)
 Metaspace       used 22708K, capacity 23232K, committed 23424K, reserved 1071104K
  class space    used 2354K, capacity 2568K, committed 2688K, reserved 1048576K
}
Event: 499.151 GC heap before
{Heap before GC invocations=624 (full 22):
 def new generation   total 1749312K, used 93270K [0x0000000080200000, 0x00000000f6c10000, 0x0000000300150000)
  eden space 1555008K,   0% used [0x0000000080200000, 0x0000000080200000, 0x00000000df090000)
  from space 194304K,  48% used [0x00000000eae50000, 0x00000000f09658b0, 0x00000000f6c10000)
  to   space 194304K,   0% used [0x00000000df090000, 0x00000000df090000, 0x00000000eae50000)
 tenured generation   total 3987724K, used 3987633K [0x0000000300150000, 0x00000003f3793000, 0x0000000800000000)
   the space 3987724K,  99% used [0x0000000300150000, 0x00000003f377c510, 0x00000003f377c600, 0x00000003f3793000)
 Metaspace       used 22708K, capacity 23232K, committed 23424K, reserved 1071104K
  class space    used 2354K, capacity 2568K, committed 2688K, reserved 1048576K
}

