# JRE version: OpenJDK Runtime Environment (13.0.7+5) (build 13.0.7+5-Ubuntu-0ubuntu120.04)
# Java VM: OpenJDK 64-Bit Server VM (13.0.7+5-Ubuntu-0ubuntu120.04, mixed mode, tiered, serial gc, linux-amd64)
Heap:
 def new generation   total 1541696K, used 56496K [0x00007fdda4600000, 0x00007fde0ced0000, 0x00007fe2f9b50000)
  eden space 1370432K,   4% used [0x00007fdda4600000, 0x00007fdda7d2c1a8, 0x00007fddf8050000)
  from space 171264K,   0% used [0x00007fde02790000, 0x00007fde02790000, 0x00007fde0ced0000)
  to   space 171264K,   0% used [0x00007fddf8050000, 0x00007fddf8050000, 0x00007fde02790000)
 tenured generation   total 3458632K, used 3458468K [0x00007fe2f9b50000, 0x00007fe3ccce2000, 0x00007feda4600000)
   the space 3458632K,  99% used [0x00007fe2f9b50000, 0x00007fe3cccb90b8, 0x00007fe3cccb9200, 0x00007fe3ccce2000)
 Metaspace       used 24235K, capacity 24630K, committed 24832K, reserved 26624K
GC Heap History (20 events):
Event: 761.515 GC heap after
{Heap after GC invocations=1190 (full 5):
 def new generation   total 1541696K, used 85821K [0x00007fdda4600000, 0x00007fde0ced0000, 0x00007fe2f9b50000)
  eden space 1370432K,   0% used [0x00007fdda4600000, 0x00007fdda4600000, 0x00007fddf8050000)
  from space 171264K,  50% used [0x00007fddf8050000, 0x00007fddfd41f5c8, 0x00007fde02790000)
  to   space 171264K,   0% used [0x00007fde02790000, 0x00007fde02790000, 0x00007fde0ced0000)
 tenured generation   total 3425856K, used 3361854K [0x00007fe2f9b50000, 0x00007fe3cace0000, 0x00007feda4600000)
   the space 3425856K,  98% used [0x00007fe2f9b50000, 0x00007fe3c6e5f938, 0x00007fe3c6e5fa00, 0x00007fe3cace0000)
 Metaspace       used 24235K, capacity 24630K, committed 24832K, reserved 26624K
}
Event: 762.646 GC heap before
{Heap before GC invocations=1190 (full 5):
 def new generation   total 1541696K, used 1450065K [0x00007fdda4600000, 0x00007fde0ced0000, 0x00007fe2f9b50000)
  eden space 1370432K,  99% used [0x00007fdda4600000, 0x00007fddf7a45180, 0x00007fddf8050000)
  from space 171264K,  50% used [0x00007fddf8050000, 0x00007fddfd41f5c8, 0x00007fde02790000)
  to   space 171264K,   0% used [0x00007fde02790000, 0x00007fde02790000, 0x00007fde0ced0000)
 tenured generation   total 3425856K, used 3361854K [0x00007fe2f9b50000, 0x00007fe3cace0000, 0x00007feda4600000)
   the space 3425856K,  98% used [0x00007fe2f9b50000, 0x00007fe3c6e5f938, 0x00007fe3c6e5fa00, 0x00007fe3cace0000)
 Metaspace       used 24235K, capacity 24630K, committed 24832K, reserved 26624K
}
Event: 762.695 GC heap after
{Heap after GC invocations=1191 (full 5):
 def new generation   total 1541696K, used 78625K [0x00007fdda4600000, 0x00007fde0ced0000, 0x00007fe2f9b50000)
  eden space 1370432K,   0% used [0x00007fdda4600000, 0x00007fdda4600000, 0x00007fddf8050000)
  from space 171264K,  45% used [0x00007fde02790000, 0x00007fde074586a0, 0x00007fde0ced0000)
  to   space 171264K,   0% used [0x00007fddf8050000, 0x00007fddf8050000, 0x00007fde02790000)
 tenured generation   total 3425856K, used 3378812K [0x00007fe2f9b50000, 0x00007fe3cace0000, 0x00007feda4600000)
   the space 3425856K,  98% used [0x00007fe2f9b50000, 0x00007fe3c7eef390, 0x00007fe3c7eef400, 0x00007fe3cace0000)
 Metaspace       used 24235K, capacity 24630K, committed 24832K, reserved 26624K
}
Event: 763.725 GC heap before
{Heap before GC invocations=1191 (full 5):
 def new generation   total 1541696K, used 1449057K [0x00007fdda4600000, 0x00007fde0ced0000, 0x00007fe2f9b50000)
  eden space 1370432K, 100% used [0x00007fdda4600000, 0x00007fddf8050000, 0x00007fddf8050000)
  from space 171264K,  45% used [0x00007fde02790000, 0x00007fde074586a0, 0x00007fde0ced0000)
  to   space 171264K,   0% used [0x00007fddf8050000, 0x00007fddf8050000, 0x00007fde02790000)
 tenured generation   total 3425856K, used 3378812K [0x00007fe2f9b50000, 0x00007fe3cace0000, 0x00007feda4600000)
   the space 3425856K,  98% used [0x00007fe2f9b50000, 0x00007fe3c7eef390, 0x00007fe3c7eef400, 0x00007fe3cace0000)
 Metaspace       used 24235K, capacity 24630K, committed 24832K, reserved 26624K
}
Event: 763.761 GC heap after
{Heap after GC invocations=1192 (full 5):
 def new generation   total 1541696K, used 84763K [0x00007fdda4600000, 0x00007fde0ced0000, 0x00007fe2f9b50000)
  eden space 1370432K,   0% used [0x00007fdda4600000, 0x00007fdda4600000, 0x00007fddf8050000)
  from space 171264K,  49% used [0x00007fddf8050000, 0x00007fddfd316f88, 0x00007fde02790000)
  to   space 171264K,   0% used [0x00007fde02790000, 0x00007fde02790000, 0x00007fde0ced0000)
 tenured generation   total 3425856K, used 3378812K [0x00007fe2f9b50000, 0x00007fe3cace0000, 0x00007feda4600000)
   the space 3425856K,  98% used [0x00007fe2f9b50000, 0x00007fe3c7eef390, 0x00007fe3c7eef400, 0x00007fe3cace0000)
 Metaspace       used 24235K, capacity 24630K, committed 24832K, reserved 26624K
}
Event: 764.766 GC heap before
{Heap before GC invocations=1192 (full 5):
 def new generation   total 1541696K, used 1455195K [0x00007fdda4600000, 0x00007fde0ced0000, 0x00007fe2f9b50000)
  eden space 1370432K, 100% used [0x00007fdda4600000, 0x00007fddf8050000, 0x00007fddf8050000)
  from space 171264K,  49% used [0x00007fddf8050000, 0x00007fddfd316f88, 0x00007fde02790000)
  to   space 171264K,   0% used [0x00007fde02790000, 0x00007fde02790000, 0x00007fde0ced0000)
 tenured generation   total 3425856K, used 3378812K [0x00007fe2f9b50000, 0x00007fe3cace0000, 0x00007feda4600000)
   the space 3425856K,  98% used [0x00007fe2f9b50000, 0x00007fe3c7eef390, 0x00007fe3c7eef400, 0x00007fe3cace0000)
 Metaspace       used 24235K, capacity 24630K, committed 24832K, reserved 26624K
}
Event: 764.803 GC heap after
{Heap after GC invocations=1193 (full 5):
 def new generation   total 1541696K, used 92483K [0x00007fdda4600000, 0x00007fde0ced0000, 0x00007fe2f9b50000)
  eden space 1370432K,   0% used [0x00007fdda4600000, 0x00007fdda4600000, 0x00007fddf8050000)
  from space 171264K,  54% used [0x00007fde02790000, 0x00007fde081e0e60, 0x00007fde0ced0000)
  to   space 171264K,   0% used [0x00007fddf8050000, 0x00007fddf8050000, 0x00007fde02790000)
 tenured generation   total 3425856K, used 3378812K [0x00007fe2f9b50000, 0x00007fe3cace0000, 0x00007feda4600000)
   the space 3425856K,  98% used [0x00007fe2f9b50000, 0x00007fe3c7eef390, 0x00007fe3c7eef400, 0x00007fe3cace0000)
 Metaspace       used 24235K, capacity 24630K, committed 24832K, reserved 26624K
}
Event: 765.922 GC heap before
{Heap before GC invocations=1193 (full 5):
 def new generation   total 1541696K, used 1462915K [0x00007fdda4600000, 0x00007fde0ced0000, 0x00007fe2f9b50000)
  eden space 1370432K, 100% used [0x00007fdda4600000, 0x00007fddf8050000, 0x00007fddf8050000)
  from space 171264K,  54% used [0x00007fde02790000, 0x00007fde081e0e60, 0x00007fde0ced0000)
  to   space 171264K,   0% used [0x00007fddf8050000, 0x00007fddf8050000, 0x00007fde02790000)
 tenured generation   total 3425856K, used 3378812K [0x00007fe2f9b50000, 0x00007fe3cace0000, 0x00007feda4600000)
   the space 3425856K,  98% used [0x00007fe2f9b50000, 0x00007fe3c7eef390, 0x00007fe3c7eef400, 0x00007fe3cace0000)
 Metaspace       used 24235K, capacity 24630K, committed 24832K, reserved 26624K
}
Event: 765.979 GC heap after
{Heap after GC invocations=1194 (full 5):
 def new generation   total 1541696K, used 85905K [0x00007fdda4600000, 0x00007fde0ced0000, 0x00007fe2f9b50000)
  eden space 1370432K,   0% used [0x00007fdda4600000, 0x00007fdda4600000, 0x00007fddf8050000)
  from space 171264K,  50% used [0x00007fddf8050000, 0x00007fddfd434740, 0x00007fde02790000)
  to   space 171264K,   0% used [0x00007fde02790000, 0x00007fde02790000, 0x00007fde0ced0000)
 tenured generation   total 3425856K, used 3395771K [0x00007fe2f9b50000, 0x00007fe3cace0000, 0x00007feda4600000)
   the space 3425856K,  99% used [0x00007fe2f9b50000, 0x00007fe3c8f7ede8, 0x00007fe3c8f7ee00, 0x00007fe3cace0000)
 Metaspace       used 24235K, capacity 24630K, committed 24832K, reserved 26624K
}
Event: 766.890 GC heap before
{Heap before GC invocations=1194 (full 5):
 def new generation   total 1541696K, used 1455021K [0x00007fdda4600000, 0x00007fde0ced0000, 0x00007fe2f9b50000)
  eden space 1370432K,  99% used [0x00007fdda4600000, 0x00007fddf7f06d50, 0x00007fddf8050000)
  from space 171264K,  50% used [0x00007fddf8050000, 0x00007fddfd434740, 0x00007fde02790000)
  to   space 171264K,   0% used [0x00007fde02790000, 0x00007fde02790000, 0x00007fde0ced0000)
 tenured generation   total 3425856K, used 3395771K [0x00007fe2f9b50000, 0x00007fe3cace0000, 0x00007feda4600000)
   the space 3425856K,  99% used [0x00007fe2f9b50000, 0x00007fe3c8f7ede8, 0x00007fe3c8f7ee00, 0x00007fe3cace0000)
 Metaspace       used 24235K, capacity 24630K, committed 24832K, reserved 26624K
}
Event: 766.940 GC heap after
{Heap after GC invocations=1195 (full 5):
 def new generation   total 1541696K, used 74548K [0x00007fdda4600000, 0x00007fde0ced0000, 0x00007fe2f9b50000)
  eden space 1370432K,   0% used [0x00007fdda4600000, 0x00007fdda4600000, 0x00007fddf8050000)
  from space 171264K,  43% used [0x00007fde02790000, 0x00007fde0705d140, 0x00007fde0ced0000)
  to   space 171264K,   0% used [0x00007fddf8050000, 0x00007fddf8050000, 0x00007fde02790000)
 tenured generation   total 3425856K, used 3412730K [0x00007fe2f9b50000, 0x00007fe3cace0000, 0x00007feda4600000)
   the space 3425856K,  99% used [0x00007fe2f9b50000, 0x00007fe3ca00e840, 0x00007fe3ca00ea00, 0x00007fe3cace0000)
 Metaspace       used 24235K, capacity 24630K, committed 24832K, reserved 26624K
}
Event: 768.112 GC heap before
{Heap before GC invocations=1195 (full 5):
 def new generation   total 1541696K, used 1444980K [0x00007fdda4600000, 0x00007fde0ced0000, 0x00007fe2f9b50000)
  eden space 1370432K, 100% used [0x00007fdda4600000, 0x00007fddf8050000, 0x00007fddf8050000)
  from space 171264K,  43% used [0x00007fde02790000, 0x00007fde0705d140, 0x00007fde0ced0000)
  to   space 171264K,   0% used [0x00007fddf8050000, 0x00007fddf8050000, 0x00007fde02790000)
 tenured generation   total 3425856K, used 3412730K [0x00007fe2f9b50000, 0x00007fe3cace0000, 0x00007feda4600000)
   the space 3425856K,  99% used [0x00007fe2f9b50000, 0x00007fe3ca00e840, 0x00007fe3ca00ea00, 0x00007fe3cace0000)
 Metaspace       used 24235K, capacity 24630K, committed 24832K, reserved 26624K
}
Event: 768.150 GC heap after
{Heap after GC invocations=1196 (full 5):
 def new generation   total 1541696K, used 80675K [0x00007fdda4600000, 0x00007fde0ced0000, 0x00007fe2f9b50000)
  eden space 1370432K,   0% used [0x00007fdda4600000, 0x00007fdda4600000, 0x00007fddf8050000)
  from space 171264K,  47% used [0x00007fddf8050000, 0x00007fddfcf18c20, 0x00007fde02790000)
  to   space 171264K,   0% used [0x00007fde02790000, 0x00007fde02790000, 0x00007fde0ced0000)
 tenured generation   total 3425856K, used 3412730K [0x00007fe2f9b50000, 0x00007fe3cace0000, 0x00007feda4600000)
   the space 3425856K,  99% used [0x00007fe2f9b50000, 0x00007fe3ca00e840, 0x00007fe3ca00ea00, 0x00007fe3cace0000)
 Metaspace       used 24235K, capacity 24630K, committed 24832K, reserved 26624K
}
Event: 769.116 GC heap before
{Heap before GC invocations=1196 (full 5):
 def new generation   total 1541696K, used 1451107K [0x00007fdda4600000, 0x00007fde0ced0000, 0x00007fe2f9b50000)
  eden space 1370432K, 100% used [0x00007fdda4600000, 0x00007fddf8050000, 0x00007fddf8050000)
  from space 171264K,  47% used [0x00007fddf8050000, 0x00007fddfcf18c20, 0x00007fde02790000)
  to   space 171264K,   0% used [0x00007fde02790000, 0x00007fde02790000, 0x00007fde0ced0000)
 tenured generation   total 3425856K, used 3412730K [0x00007fe2f9b50000, 0x00007fe3cace0000, 0x00007feda4600000)
   the space 3425856K,  99% used [0x00007fe2f9b50000, 0x00007fe3ca00e840, 0x00007fe3ca00ea00, 0x00007fe3cace0000)
 Metaspace       used 24235K, capacity 24630K, committed 24832K, reserved 26624K
}
Event: 769.155 GC heap after
{Heap after GC invocations=1197 (full 5):
 def new generation   total 1541696K, used 84782K [0x00007fdda4600000, 0x00007fde0ced0000, 0x00007fe2f9b50000)
  eden space 1370432K,   0% used [0x00007fdda4600000, 0x00007fdda4600000, 0x00007fddf8050000)
  from space 171264K,  49% used [0x00007fde02790000, 0x00007fde07a5b830, 0x00007fde0ced0000)
  to   space 171264K,   0% used [0x00007fddf8050000, 0x00007fddf8050000, 0x00007fde02790000)
 tenured generation   total 3425856K, used 3412730K [0x00007fe2f9b50000, 0x00007fe3cace0000, 0x00007feda4600000)
   the space 3425856K,  99% used [0x00007fe2f9b50000, 0x00007fe3ca00e840, 0x00007fe3ca00ea00, 0x00007fe3cace0000)
 Metaspace       used 24235K, capacity 24630K, committed 24832K, reserved 26624K
}
Event: 770.218 GC heap before
{Heap before GC invocations=1197 (full 5):
 def new generation   total 1541696K, used 1447102K [0x00007fdda4600000, 0x00007fde0ced0000, 0x00007fe2f9b50000)
  eden space 1370432K,  99% used [0x00007fdda4600000, 0x00007fddf78641e8, 0x00007fddf8050000)
  from space 171264K,  49% used [0x00007fde02790000, 0x00007fde07a5b830, 0x00007fde0ced0000)
  to   space 171264K,   0% used [0x00007fddf8050000, 0x00007fddf8050000, 0x00007fde02790000)
 tenured generation   total 3425856K, used 3412730K [0x00007fe2f9b50000, 0x00007fe3cace0000, 0x00007feda4600000)
   the space 3425856K,  99% used [0x00007fe2f9b50000, 0x00007fe3ca00e840, 0x00007fe3ca00ea00, 0x00007fe3cace0000)
 Metaspace       used 24235K, capacity 24630K, committed 24832K, reserved 26624K
}
Event: 770.271 GC heap after
{Heap after GC invocations=1198 (full 5):
 def new generation   total 1541696K, used 110452K [0x00007fdda4600000, 0x00007fde0ced0000, 0x00007fe2f9b50000)
  eden space 1370432K,   0% used [0x00007fdda4600000, 0x00007fdda4600000, 0x00007fddf8050000)
  from space 171264K,  64% used [0x00007fddf8050000, 0x00007fddfec2d250, 0x00007fde02790000)
  to   space 171264K,   0% used [0x00007fde02790000, 0x00007fde02790000, 0x00007fde0ced0000)
 tenured generation   total 3425856K, used 3412730K [0x00007fe2f9b50000, 0x00007fe3cace0000, 0x00007feda4600000)
   the space 3425856K,  99% used [0x00007fe2f9b50000, 0x00007fe3ca00e840, 0x00007fe3ca00ea00, 0x00007fe3cace0000)
 Metaspace       used 24235K, capacity 24630K, committed 24832K, reserved 26624K
}
Event: 771.337 GC heap before
{Heap before GC invocations=1198 (full 5):
 def new generation   total 1541696K, used 1480884K [0x00007fdda4600000, 0x00007fde0ced0000, 0x00007fe2f9b50000)
  eden space 1370432K, 100% used [0x00007fdda4600000, 0x00007fddf8050000, 0x00007fddf8050000)
  from space 171264K,  64% used [0x00007fddf8050000, 0x00007fddfec2d250, 0x00007fde02790000)
  to   space 171264K,   0% used [0x00007fde02790000, 0x00007fde02790000, 0x00007fde0ced0000)
 tenured generation   total 3425856K, used 3412730K [0x00007fe2f9b50000, 0x00007fe3cace0000, 0x00007feda4600000)
   the space 3425856K,  99% used [0x00007fe2f9b50000, 0x00007fe3ca00e840, 0x00007fe3ca00ea00, 0x00007fe3cace0000)
 Metaspace       used 24235K, capacity 24630K, committed 24832K, reserved 26624K
}
Event: 771.406 GC heap after
{Heap after GC invocations=1199 (full 5):
 def new generation   total 1541696K, used 68317K [0x00007fdda4600000, 0x00007fde0ced0000, 0x00007fe2f9b50000)
  eden space 1370432K,   0% used [0x00007fdda4600000, 0x00007fdda4600000, 0x00007fddf8050000)
  from space 171264K,  39% used [0x00007fde02790000, 0x00007fde06a47570, 0x00007fde0ced0000)
  to   space 171264K,   0% used [0x00007fddf8050000, 0x00007fddf8050000, 0x00007fde02790000)
 tenured generation   total 3458632K, used 3446647K [0x00007fe2f9b50000, 0x00007fe3ccce2000, 0x00007feda4600000)
   the space 3458632K,  99% used [0x00007fe2f9b50000, 0x00007fe3cc12dcf0, 0x00007fe3cc12de00, 0x00007fe3ccce2000)
 Metaspace       used 24235K, capacity 24630K, committed 24832K, reserved 26624K
}
Event: 771.406 GC heap before
{Heap before GC invocations=1199 (full 5):
 def new generation   total 1541696K, used 68317K [0x00007fdda4600000, 0x00007fde0ced0000, 0x00007fe2f9b50000)
  eden space 1370432K,   0% used [0x00007fdda4600000, 0x00007fdda4600000, 0x00007fddf8050000)
  from space 171264K,  39% used [0x00007fde02790000, 0x00007fde06a47570, 0x00007fde0ced0000)
  to   space 171264K,   0% used [0x00007fddf8050000, 0x00007fddf8050000, 0x00007fde02790000)
 tenured generation   total 3458632K, used 3446647K [0x00007fe2f9b50000, 0x00007fe3ccce2000, 0x00007feda4600000)
   the space 3458632K,  99% used [0x00007fe2f9b50000, 0x00007fe3cc12dcf0, 0x00007fe3cc12de00, 0x00007fe3ccce2000)
 Metaspace       used 24235K, capacity 24630K, committed 24832K, reserved 26624K
}

