# JRE version: OpenJDK Runtime Environment (13.0.7+5) (build 13.0.7+5-Ubuntu-0ubuntu120.04)
# Java VM: OpenJDK 64-Bit Server VM (13.0.7+5-Ubuntu-0ubuntu120.04, mixed mode, tiered, serial gc, linux-amd64)
Heap:
 def new generation   total 2914432K, used 15550K [0x00007f9d64600000, 0x00007f9e2a050000, 0x00007fa2b9b50000)
  eden space 2590656K,   0% used [0x00007f9d64600000, 0x00007f9d6552f870, 0x00007f9e027f0000)
  from space 323776K,   0% used [0x00007f9e027f0000, 0x00007f9e027f0000, 0x00007f9e16420000)
  to   space 323776K,   0% used [0x00007f9e16420000, 0x00007f9e16420000, 0x00007f9e2a050000)
 tenured generation   total 6477280K, used 6477279K [0x00007fa2b9b50000, 0x00007fa4450c8000, 0x00007fad64600000)
   the space 6477280K,  99% used [0x00007fa2b9b50000, 0x00007fa4450c7ee0, 0x00007fa4450c8000, 0x00007fa4450c8000)
 Metaspace       used 24338K, capacity 24772K, committed 24832K, reserved 26624K
GC Heap History (20 events):
Event: 6172.775 GC heap after
{Heap after GC invocations=10696 (full 4):
 def new generation   total 2914432K, used 22803K [0x00007f9d64600000, 0x00007f9e2a050000, 0x00007fa2b9b50000)
  eden space 2590656K,   0% used [0x00007f9d64600000, 0x00007f9d64600000, 0x00007f9e027f0000)
  from space 323776K,   7% used [0x00007f9e16420000, 0x00007f9e17a64fa8, 0x00007f9e2a050000)
  to   space 323776K,   0% used [0x00007f9e027f0000, 0x00007f9e027f0000, 0x00007f9e16420000)
 tenured generation   total 6476320K, used 6462370K [0x00007fa2b9b50000, 0x00007fa444fd8000, 0x00007fad64600000)
   the space 6476320K,  99% used [0x00007fa2b9b50000, 0x00007fa444238948, 0x00007fa444238a00, 0x00007fa444fd8000)
 Metaspace       used 24338K, capacity 24772K, committed 24832K, reserved 26624K
}
Event: 6174.041 GC heap before
{Heap before GC invocations=10696 (full 4):
 def new generation   total 2914432K, used 2613459K [0x00007f9d64600000, 0x00007f9e2a050000, 0x00007fa2b9b50000)
  eden space 2590656K, 100% used [0x00007f9d64600000, 0x00007f9e027f0000, 0x00007f9e027f0000)
  from space 323776K,   7% used [0x00007f9e16420000, 0x00007f9e17a64fa8, 0x00007f9e2a050000)
  to   space 323776K,   0% used [0x00007f9e027f0000, 0x00007f9e027f0000, 0x00007f9e16420000)
 tenured generation   total 6476320K, used 6462370K [0x00007fa2b9b50000, 0x00007fa444fd8000, 0x00007fad64600000)
   the space 6476320K,  99% used [0x00007fa2b9b50000, 0x00007fa444238948, 0x00007fa444238a00, 0x00007fa444fd8000)
 Metaspace       used 24338K, capacity 24772K, committed 24832K, reserved 26624K
}
Event: 6174.050 GC heap after
{Heap after GC invocations=10697 (full 4):
 def new generation   total 2914432K, used 21878K [0x00007f9d64600000, 0x00007f9e2a050000, 0x00007fa2b9b50000)
  eden space 2590656K,   0% used [0x00007f9d64600000, 0x00007f9d64600000, 0x00007f9e027f0000)
  from space 323776K,   6% used [0x00007f9e027f0000, 0x00007f9e03d4dad0, 0x00007f9e16420000)
  to   space 323776K,   0% used [0x00007f9e16420000, 0x00007f9e16420000, 0x00007f9e2a050000)
 tenured generation   total 6476320K, used 6464025K [0x00007fa2b9b50000, 0x00007fa444fd8000, 0x00007fad64600000)
   the space 6476320K,  99% used [0x00007fa2b9b50000, 0x00007fa4443d6558, 0x00007fa4443d6600, 0x00007fa444fd8000)
 Metaspace       used 24338K, capacity 24772K, committed 24832K, reserved 26624K
}
Event: 6175.324 GC heap before
{Heap before GC invocations=10697 (full 4):
 def new generation   total 2914432K, used 2612506K [0x00007f9d64600000, 0x00007f9e2a050000, 0x00007fa2b9b50000)
  eden space 2590656K,  99% used [0x00007f9d64600000, 0x00007f9e027e8f50, 0x00007f9e027f0000)
  from space 323776K,   6% used [0x00007f9e027f0000, 0x00007f9e03d4dad0, 0x00007f9e16420000)
  to   space 323776K,   0% used [0x00007f9e16420000, 0x00007f9e16420000, 0x00007f9e2a050000)
 tenured generation   total 6476320K, used 6464025K [0x00007fa2b9b50000, 0x00007fa444fd8000, 0x00007fad64600000)
   the space 6476320K,  99% used [0x00007fa2b9b50000, 0x00007fa4443d6558, 0x00007fa4443d6600, 0x00007fa444fd8000)
 Metaspace       used 24338K, capacity 24772K, committed 24832K, reserved 26624K
}
Event: 6175.333 GC heap after
{Heap after GC invocations=10698 (full 4):
 def new generation   total 2914432K, used 21052K [0x00007f9d64600000, 0x00007f9e2a050000, 0x00007fa2b9b50000)
  eden space 2590656K,   0% used [0x00007f9d64600000, 0x00007f9d64600000, 0x00007f9e027f0000)
  from space 323776K,   6% used [0x00007f9e16420000, 0x00007f9e178af070, 0x00007f9e2a050000)
  to   space 323776K,   0% used [0x00007f9e027f0000, 0x00007f9e027f0000, 0x00007f9e16420000)
 tenured generation   total 6476320K, used 6465680K [0x00007fa2b9b50000, 0x00007fa444fd8000, 0x00007fad64600000)
   the space 6476320K,  99% used [0x00007fa2b9b50000, 0x00007fa444574168, 0x00007fa444574200, 0x00007fa444fd8000)
 Metaspace       used 24338K, capacity 24772K, committed 24832K, reserved 26624K
}
Event: 6176.598 GC heap before
{Heap before GC invocations=10698 (full 4):
 def new generation   total 2914432K, used 2611708K [0x00007f9d64600000, 0x00007f9e2a050000, 0x00007fa2b9b50000)
  eden space 2590656K, 100% used [0x00007f9d64600000, 0x00007f9e027f0000, 0x00007f9e027f0000)
  from space 323776K,   6% used [0x00007f9e16420000, 0x00007f9e178af070, 0x00007f9e2a050000)
  to   space 323776K,   0% used [0x00007f9e027f0000, 0x00007f9e027f0000, 0x00007f9e16420000)
 tenured generation   total 6476320K, used 6465680K [0x00007fa2b9b50000, 0x00007fa444fd8000, 0x00007fad64600000)
   the space 6476320K,  99% used [0x00007fa2b9b50000, 0x00007fa444574168, 0x00007fa444574200, 0x00007fa444fd8000)
 Metaspace       used 24338K, capacity 24772K, committed 24832K, reserved 26624K
}
Event: 6176.608 GC heap after
{Heap after GC invocations=10699 (full 4):
 def new generation   total 2914432K, used 20183K [0x00007f9d64600000, 0x00007f9e2a050000, 0x00007fa2b9b50000)
  eden space 2590656K,   0% used [0x00007f9d64600000, 0x00007f9d64600000, 0x00007f9e027f0000)
  from space 323776K,   6% used [0x00007f9e027f0000, 0x00007f9e03ba5fe8, 0x00007f9e16420000)
  to   space 323776K,   0% used [0x00007f9e16420000, 0x00007f9e16420000, 0x00007f9e2a050000)
 tenured generation   total 6476320K, used 6467335K [0x00007fa2b9b50000, 0x00007fa444fd8000, 0x00007fad64600000)
   the space 6476320K,  99% used [0x00007fa2b9b50000, 0x00007fa444711d78, 0x00007fa444711e00, 0x00007fa444fd8000)
 Metaspace       used 24338K, capacity 24772K, committed 24832K, reserved 26624K
}
Event: 6177.878 GC heap before
{Heap before GC invocations=10699 (full 4):
 def new generation   total 2914432K, used 2610839K [0x00007f9d64600000, 0x00007f9e2a050000, 0x00007fa2b9b50000)
  eden space 2590656K, 100% used [0x00007f9d64600000, 0x00007f9e027f0000, 0x00007f9e027f0000)
  from space 323776K,   6% used [0x00007f9e027f0000, 0x00007f9e03ba5fe8, 0x00007f9e16420000)
  to   space 323776K,   0% used [0x00007f9e16420000, 0x00007f9e16420000, 0x00007f9e2a050000)
 tenured generation   total 6476320K, used 6467335K [0x00007fa2b9b50000, 0x00007fa444fd8000, 0x00007fad64600000)
   the space 6476320K,  99% used [0x00007fa2b9b50000, 0x00007fa444711d78, 0x00007fa444711e00, 0x00007fa444fd8000)
 Metaspace       used 24338K, capacity 24772K, committed 24832K, reserved 26624K
}
Event: 6177.888 GC heap after
{Heap after GC invocations=10700 (full 4):
 def new generation   total 2914432K, used 19335K [0x00007f9d64600000, 0x00007f9e2a050000, 0x00007fa2b9b50000)
  eden space 2590656K,   0% used [0x00007f9d64600000, 0x00007f9d64600000, 0x00007f9e027f0000)
  from space 323776K,   5% used [0x00007f9e16420000, 0x00007f9e17701e28, 0x00007f9e2a050000)
  to   space 323776K,   0% used [0x00007f9e027f0000, 0x00007f9e027f0000, 0x00007f9e16420000)
 tenured generation   total 6476320K, used 6468990K [0x00007fa2b9b50000, 0x00007fa444fd8000, 0x00007fad64600000)
   the space 6476320K,  99% used [0x00007fa2b9b50000, 0x00007fa4448af988, 0x00007fa4448afa00, 0x00007fa444fd8000)
 Metaspace       used 24338K, capacity 24772K, committed 24832K, reserved 26624K
}
Event: 6179.157 GC heap before
{Heap before GC invocations=10700 (full 4):
 def new generation   total 2914432K, used 2609991K [0x00007f9d64600000, 0x00007f9e2a050000, 0x00007fa2b9b50000)
  eden space 2590656K, 100% used [0x00007f9d64600000, 0x00007f9e027f0000, 0x00007f9e027f0000)
  from space 323776K,   5% used [0x00007f9e16420000, 0x00007f9e17701e28, 0x00007f9e2a050000)
  to   space 323776K,   0% used [0x00007f9e027f0000, 0x00007f9e027f0000, 0x00007f9e16420000)
 tenured generation   total 6476320K, used 6468990K [0x00007fa2b9b50000, 0x00007fa444fd8000, 0x00007fad64600000)
   the space 6476320K,  99% used [0x00007fa2b9b50000, 0x00007fa4448af988, 0x00007fa4448afa00, 0x00007fa444fd8000)
 Metaspace       used 24338K, capacity 24772K, committed 24832K, reserved 26624K
}
Event: 6179.167 GC heap after
{Heap after GC invocations=10701 (full 4):
 def new generation   total 2914432K, used 18508K [0x00007f9d64600000, 0x00007f9e2a050000, 0x00007fa2b9b50000)
  eden space 2590656K,   0% used [0x00007f9d64600000, 0x00007f9d64600000, 0x00007f9e027f0000)
  from space 323776K,   5% used [0x00007f9e027f0000, 0x00007f9e03a03000, 0x00007f9e16420000)
  to   space 323776K,   0% used [0x00007f9e16420000, 0x00007f9e16420000, 0x00007f9e2a050000)
 tenured generation   total 6476320K, used 6470645K [0x00007fa2b9b50000, 0x00007fa444fd8000, 0x00007fad64600000)
   the space 6476320K,  99% used [0x00007fa2b9b50000, 0x00007fa444a4d598, 0x00007fa444a4d600, 0x00007fa444fd8000)
 Metaspace       used 24338K, capacity 24772K, committed 24832K, reserved 26624K
}
Event: 6180.440 GC heap before
{Heap before GC invocations=10701 (full 4):
 def new generation   total 2914432K, used 2609164K [0x00007f9d64600000, 0x00007f9e2a050000, 0x00007fa2b9b50000)
  eden space 2590656K, 100% used [0x00007f9d64600000, 0x00007f9e027f0000, 0x00007f9e027f0000)
  from space 323776K,   5% used [0x00007f9e027f0000, 0x00007f9e03a03000, 0x00007f9e16420000)
  to   space 323776K,   0% used [0x00007f9e16420000, 0x00007f9e16420000, 0x00007f9e2a050000)
 tenured generation   total 6476320K, used 6470645K [0x00007fa2b9b50000, 0x00007fa444fd8000, 0x00007fad64600000)
   the space 6476320K,  99% used [0x00007fa2b9b50000, 0x00007fa444a4d598, 0x00007fa444a4d600, 0x00007fa444fd8000)
 Metaspace       used 24338K, capacity 24772K, committed 24832K, reserved 26624K
}
Event: 6180.449 GC heap after
{Heap after GC invocations=10702 (full 4):
 def new generation   total 2914432K, used 17679K [0x00007f9d64600000, 0x00007f9e2a050000, 0x00007fa2b9b50000)
  eden space 2590656K,   0% used [0x00007f9d64600000, 0x00007f9d64600000, 0x00007f9e027f0000)
  from space 323776K,   5% used [0x00007f9e16420000, 0x00007f9e17563dc8, 0x00007f9e2a050000)
  to   space 323776K,   0% used [0x00007f9e027f0000, 0x00007f9e027f0000, 0x00007f9e16420000)
 tenured generation   total 6476320K, used 6472304K [0x00007fa2b9b50000, 0x00007fa444fd8000, 0x00007fad64600000)
   the space 6476320K,  99% used [0x00007fa2b9b50000, 0x00007fa444bec2e8, 0x00007fa444bec400, 0x00007fa444fd8000)
 Metaspace       used 24338K, capacity 24772K, committed 24832K, reserved 26624K
}
Event: 6181.715 GC heap before
{Heap before GC invocations=10702 (full 4):
 def new generation   total 2914432K, used 2608335K [0x00007f9d64600000, 0x00007f9e2a050000, 0x00007fa2b9b50000)
  eden space 2590656K, 100% used [0x00007f9d64600000, 0x00007f9e027f0000, 0x00007f9e027f0000)
  from space 323776K,   5% used [0x00007f9e16420000, 0x00007f9e17563dc8, 0x00007f9e2a050000)
  to   space 323776K,   0% used [0x00007f9e027f0000, 0x00007f9e027f0000, 0x00007f9e16420000)
 tenured generation   total 6476320K, used 6472304K [0x00007fa2b9b50000, 0x00007fa444fd8000, 0x00007fad64600000)
   the space 6476320K,  99% used [0x00007fa2b9b50000, 0x00007fa444bec2e8, 0x00007fa444bec400, 0x00007fa444fd8000)
 Metaspace       used 24338K, capacity 24772K, committed 24832K, reserved 26624K
}
Event: 6181.723 GC heap after
{Heap after GC invocations=10703 (full 4):
 def new generation   total 2914432K, used 16936K [0x00007f9d64600000, 0x00007f9e2a050000, 0x00007fa2b9b50000)
  eden space 2590656K,   0% used [0x00007f9d64600000, 0x00007f9d64600000, 0x00007f9e027f0000)
  from space 323776K,   5% used [0x00007f9e027f0000, 0x00007f9e0387a368, 0x00007f9e16420000)
  to   space 323776K,   0% used [0x00007f9e16420000, 0x00007f9e16420000, 0x00007f9e2a050000)
 tenured generation   total 6476320K, used 6473867K [0x00007fa2b9b50000, 0x00007fa444fd8000, 0x00007fad64600000)
   the space 6476320K,  99% used [0x00007fa2b9b50000, 0x00007fa444d72fc0, 0x00007fa444d73000, 0x00007fa444fd8000)
 Metaspace       used 24338K, capacity 24772K, committed 24832K, reserved 26624K
}
Event: 6182.996 GC heap before
{Heap before GC invocations=10703 (full 4):
 def new generation   total 2914432K, used 2607592K [0x00007f9d64600000, 0x00007f9e2a050000, 0x00007fa2b9b50000)
  eden space 2590656K, 100% used [0x00007f9d64600000, 0x00007f9e027f0000, 0x00007f9e027f0000)
  from space 323776K,   5% used [0x00007f9e027f0000, 0x00007f9e0387a368, 0x00007f9e16420000)
  to   space 323776K,   0% used [0x00007f9e16420000, 0x00007f9e16420000, 0x00007f9e2a050000)
 tenured generation   total 6476320K, used 6473867K [0x00007fa2b9b50000, 0x00007fa444fd8000, 0x00007fad64600000)
   the space 6476320K,  99% used [0x00007fa2b9b50000, 0x00007fa444d72fc0, 0x00007fa444d73000, 0x00007fa444fd8000)
 Metaspace       used 24338K, capacity 24772K, committed 24832K, reserved 26624K
}
Event: 6183.005 GC heap after
{Heap after GC invocations=10704 (full 4):
 def new generation   total 2914432K, used 16260K [0x00007f9d64600000, 0x00007f9e2a050000, 0x00007fa2b9b50000)
  eden space 2590656K,   0% used [0x00007f9d64600000, 0x00007f9d64600000, 0x00007f9e027f0000)
  from space 323776K,   5% used [0x00007f9e16420000, 0x00007f9e17401058, 0x00007f9e2a050000)
  to   space 323776K,   0% used [0x00007f9e027f0000, 0x00007f9e027f0000, 0x00007f9e16420000)
 tenured generation   total 6476320K, used 6475522K [0x00007fa2b9b50000, 0x00007fa444fd8000, 0x00007fad64600000)
   the space 6476320K,  99% used [0x00007fa2b9b50000, 0x00007fa444f10b40, 0x00007fa444f10c00, 0x00007fa444fd8000)
 Metaspace       used 24338K, capacity 24772K, committed 24832K, reserved 26624K
}
Event: 6184.262 GC heap before
{Heap before GC invocations=10704 (full 4):
 def new generation   total 2914432K, used 2606916K [0x00007f9d64600000, 0x00007f9e2a050000, 0x00007fa2b9b50000)
  eden space 2590656K, 100% used [0x00007f9d64600000, 0x00007f9e027f0000, 0x00007f9e027f0000)
  from space 323776K,   5% used [0x00007f9e16420000, 0x00007f9e17401058, 0x00007f9e2a050000)
  to   space 323776K,   0% used [0x00007f9e027f0000, 0x00007f9e027f0000, 0x00007f9e16420000)
 tenured generation   total 6476320K, used 6475522K [0x00007fa2b9b50000, 0x00007fa444fd8000, 0x00007fad64600000)
   the space 6476320K,  99% used [0x00007fa2b9b50000, 0x00007fa444f10b40, 0x00007fa444f10c00, 0x00007fa444fd8000)
 Metaspace       used 24338K, capacity 24772K, committed 24832K, reserved 26624K
}
Event: 6184.270 GC heap after
{Heap after GC invocations=10705 (full 4):
 def new generation   total 2914432K, used 15655K [0x00007f9d64600000, 0x00007f9e2a050000, 0x00007fa2b9b50000)
  eden space 2590656K,   0% used [0x00007f9d64600000, 0x00007f9d64600000, 0x00007f9e027f0000)
  from space 323776K,   4% used [0x00007f9e027f0000, 0x00007f9e03739df0, 0x00007f9e16420000)
  to   space 323776K,   0% used [0x00007f9e16420000, 0x00007f9e16420000, 0x00007f9e2a050000)
 tenured generation   total 6477280K, used 6477177K [0x00007fa2b9b50000, 0x00007fa4450c8000, 0x00007fad64600000)
   the space 6477280K,  99% used [0x00007fa2b9b50000, 0x00007fa4450ae750, 0x00007fa4450ae800, 0x00007fa4450c8000)
 Metaspace       used 24338K, capacity 24772K, committed 24832K, reserved 26624K
}
Event: 6184.270 GC heap before
{Heap before GC invocations=10705 (full 4):
 def new generation   total 2914432K, used 15655K [0x00007f9d64600000, 0x00007f9e2a050000, 0x00007fa2b9b50000)
  eden space 2590656K,   0% used [0x00007f9d64600000, 0x00007f9d64600000, 0x00007f9e027f0000)
  from space 323776K,   4% used [0x00007f9e027f0000, 0x00007f9e03739df0, 0x00007f9e16420000)
  to   space 323776K,   0% used [0x00007f9e16420000, 0x00007f9e16420000, 0x00007f9e2a050000)
 tenured generation   total 6477280K, used 6477177K [0x00007fa2b9b50000, 0x00007fa4450c8000, 0x00007fad64600000)
   the space 6477280K,  99% used [0x00007fa2b9b50000, 0x00007fa4450ae750, 0x00007fa4450ae800, 0x00007fa4450c8000)
 Metaspace       used 24338K, capacity 24772K, committed 24832K, reserved 26624K
}

