# JRE version: OpenJDK Runtime Environment (13.0.7+5) (build 13.0.7+5-Ubuntu-0ubuntu120.04)
# Java VM: OpenJDK 64-Bit Server VM (13.0.7+5-Ubuntu-0ubuntu120.04, mixed mode, tiered, serial gc, linux-amd64)
Heap:
 def new generation   total 2898624K, used 12494K [0x00007f1698600000, 0x00007f175cf30000, 0x00007f1bedb50000)
  eden space 2576576K,   0% used [0x00007f1698600000, 0x00007f1699233ad0, 0x00007f1735a30000)
  from space 322048K,   0% used [0x00007f1735a30000, 0x00007f1735a30000, 0x00007f17494b0000)
  to   space 322048K,   0% used [0x00007f17494b0000, 0x00007f17494b0000, 0x00007f175cf30000)
 tenured generation   total 6441500K, used 6441499K [0x00007f1bedb50000, 0x00007f1d76dd7000, 0x00007f2698600000)
   the space 6441500K,  99% used [0x00007f1bedb50000, 0x00007f1d76dd6fe8, 0x00007f1d76dd7000, 0x00007f1d76dd7000)
 Metaspace       used 24321K, capacity 24789K, committed 25088K, reserved 26624K
GC Heap History (20 events):
Event: 20137.429 GC heap after
{Heap after GC invocations=17172 (full 4):
 def new generation   total 2898624K, used 12555K [0x00007f1698600000, 0x00007f175cf30000, 0x00007f1bedb50000)
  eden space 2576576K,   0% used [0x00007f1698600000, 0x00007f1698600000, 0x00007f1735a30000)
  from space 322048K,   3% used [0x00007f17494b0000, 0x00007f174a0f2ee0, 0x00007f175cf30000)
  to   space 322048K,   0% used [0x00007f1735a30000, 0x00007f1735a30000, 0x00007f17494b0000)
 tenured generation   total 6441308K, used 6434071K [0x00007f1bedb50000, 0x00007f1d76da7000, 0x00007f2698600000)
   the space 6441308K,  99% used [0x00007f1bedb50000, 0x00007f1d76695d08, 0x00007f1d76695e00, 0x00007f1d76da7000)
 Metaspace       used 24321K, capacity 24789K, committed 25088K, reserved 26624K
}
Event: 20139.969 GC heap before
{Heap before GC invocations=17172 (full 4):
 def new generation   total 2898624K, used 2589131K [0x00007f1698600000, 0x00007f175cf30000, 0x00007f1bedb50000)
  eden space 2576576K, 100% used [0x00007f1698600000, 0x00007f1735a30000, 0x00007f1735a30000)
  from space 322048K,   3% used [0x00007f17494b0000, 0x00007f174a0f2ee0, 0x00007f175cf30000)
  to   space 322048K,   0% used [0x00007f1735a30000, 0x00007f1735a30000, 0x00007f17494b0000)
 tenured generation   total 6441308K, used 6434071K [0x00007f1bedb50000, 0x00007f1d76da7000, 0x00007f2698600000)
   the space 6441308K,  99% used [0x00007f1bedb50000, 0x00007f1d76695d08, 0x00007f1d76695e00, 0x00007f1d76da7000)
 Metaspace       used 24321K, capacity 24789K, committed 25088K, reserved 26624K
}
Event: 20140.012 GC heap after
{Heap after GC invocations=17173 (full 4):
 def new generation   total 2898624K, used 12425K [0x00007f1698600000, 0x00007f175cf30000, 0x00007f1bedb50000)
  eden space 2576576K,   0% used [0x00007f1698600000, 0x00007f1698600000, 0x00007f1735a30000)
  from space 322048K,   3% used [0x00007f1735a30000, 0x00007f1736652740, 0x00007f17494b0000)
  to   space 322048K,   0% used [0x00007f17494b0000, 0x00007f17494b0000, 0x00007f175cf30000)
 tenured generation   total 6441308K, used 6434943K [0x00007f1bedb50000, 0x00007f1d76da7000, 0x00007f2698600000)
   the space 6441308K,  99% used [0x00007f1bedb50000, 0x00007f1d7676fd48, 0x00007f1d7676fe00, 0x00007f1d76da7000)
 Metaspace       used 24321K, capacity 24789K, committed 25088K, reserved 26624K
}
Event: 20142.600 GC heap before
{Heap before GC invocations=17173 (full 4):
 def new generation   total 2898624K, used 2589001K [0x00007f1698600000, 0x00007f175cf30000, 0x00007f1bedb50000)
  eden space 2576576K, 100% used [0x00007f1698600000, 0x00007f1735a30000, 0x00007f1735a30000)
  from space 322048K,   3% used [0x00007f1735a30000, 0x00007f1736652740, 0x00007f17494b0000)
  to   space 322048K,   0% used [0x00007f17494b0000, 0x00007f17494b0000, 0x00007f175cf30000)
 tenured generation   total 6441308K, used 6434943K [0x00007f1bedb50000, 0x00007f1d76da7000, 0x00007f2698600000)
   the space 6441308K,  99% used [0x00007f1bedb50000, 0x00007f1d7676fd48, 0x00007f1d7676fe00, 0x00007f1d76da7000)
 Metaspace       used 24321K, capacity 24789K, committed 25088K, reserved 26624K
}
Event: 20142.636 GC heap after
{Heap after GC invocations=17174 (full 4):
 def new generation   total 2898624K, used 12327K [0x00007f1698600000, 0x00007f175cf30000, 0x00007f1bedb50000)
  eden space 2576576K,   0% used [0x00007f1698600000, 0x00007f1698600000, 0x00007f1735a30000)
  from space 322048K,   3% used [0x00007f17494b0000, 0x00007f174a0b9f10, 0x00007f175cf30000)
  to   space 322048K,   0% used [0x00007f1735a30000, 0x00007f1735a30000, 0x00007f17494b0000)
 tenured generation   total 6441308K, used 6435793K [0x00007f1bedb50000, 0x00007f1d76da7000, 0x00007f2698600000)
   the space 6441308K,  99% used [0x00007f1bedb50000, 0x00007f1d768446c8, 0x00007f1d76844800, 0x00007f1d76da7000)
 Metaspace       used 24321K, capacity 24789K, committed 25088K, reserved 26624K
}
Event: 20145.169 GC heap before
{Heap before GC invocations=17174 (full 4):
 def new generation   total 2898624K, used 2588903K [0x00007f1698600000, 0x00007f175cf30000, 0x00007f1bedb50000)
  eden space 2576576K, 100% used [0x00007f1698600000, 0x00007f1735a30000, 0x00007f1735a30000)
  from space 322048K,   3% used [0x00007f17494b0000, 0x00007f174a0b9f10, 0x00007f175cf30000)
  to   space 322048K,   0% used [0x00007f1735a30000, 0x00007f1735a30000, 0x00007f17494b0000)
 tenured generation   total 6441308K, used 6435793K [0x00007f1bedb50000, 0x00007f1d76da7000, 0x00007f2698600000)
   the space 6441308K,  99% used [0x00007f1bedb50000, 0x00007f1d768446c8, 0x00007f1d76844800, 0x00007f1d76da7000)
 Metaspace       used 24321K, capacity 24789K, committed 25088K, reserved 26624K
}
Event: 20145.203 GC heap after
{Heap after GC invocations=17175 (full 4):
 def new generation   total 2898624K, used 12202K [0x00007f1698600000, 0x00007f175cf30000, 0x00007f1bedb50000)
  eden space 2576576K,   0% used [0x00007f1698600000, 0x00007f1698600000, 0x00007f1735a30000)
  from space 322048K,   3% used [0x00007f1735a30000, 0x00007f173661a988, 0x00007f17494b0000)
  to   space 322048K,   0% used [0x00007f17494b0000, 0x00007f17494b0000, 0x00007f175cf30000)
 tenured generation   total 6441308K, used 6436661K [0x00007f1bedb50000, 0x00007f1d76da7000, 0x00007f2698600000)
   the space 6441308K,  99% used [0x00007f1bedb50000, 0x00007f1d7691d5c8, 0x00007f1d7691d600, 0x00007f1d76da7000)
 Metaspace       used 24321K, capacity 24789K, committed 25088K, reserved 26624K
}
Event: 20147.774 GC heap before
{Heap before GC invocations=17175 (full 4):
 def new generation   total 2898624K, used 2588778K [0x00007f1698600000, 0x00007f175cf30000, 0x00007f1bedb50000)
  eden space 2576576K, 100% used [0x00007f1698600000, 0x00007f1735a30000, 0x00007f1735a30000)
  from space 322048K,   3% used [0x00007f1735a30000, 0x00007f173661a988, 0x00007f17494b0000)
  to   space 322048K,   0% used [0x00007f17494b0000, 0x00007f17494b0000, 0x00007f175cf30000)
 tenured generation   total 6441308K, used 6436661K [0x00007f1bedb50000, 0x00007f1d76da7000, 0x00007f2698600000)
   the space 6441308K,  99% used [0x00007f1bedb50000, 0x00007f1d7691d5c8, 0x00007f1d7691d600, 0x00007f1d76da7000)
 Metaspace       used 24321K, capacity 24789K, committed 25088K, reserved 26624K
}
Event: 20147.815 GC heap after
{Heap after GC invocations=17176 (full 4):
 def new generation   total 2898624K, used 12221K [0x00007f1698600000, 0x00007f175cf30000, 0x00007f1bedb50000)
  eden space 2576576K,   0% used [0x00007f1698600000, 0x00007f1698600000, 0x00007f1735a30000)
  from space 322048K,   3% used [0x00007f17494b0000, 0x00007f174a09f728, 0x00007f175cf30000)
  to   space 322048K,   0% used [0x00007f1735a30000, 0x00007f1735a30000, 0x00007f17494b0000)
 tenured generation   total 6441308K, used 6437458K [0x00007f1bedb50000, 0x00007f1d76da7000, 0x00007f2698600000)
   the space 6441308K,  99% used [0x00007f1bedb50000, 0x00007f1d769e4ae8, 0x00007f1d769e4c00, 0x00007f1d76da7000)
 Metaspace       used 24321K, capacity 24789K, committed 25088K, reserved 26624K
}
Event: 20150.410 GC heap before
{Heap before GC invocations=17176 (full 4):
 def new generation   total 2898624K, used 2588797K [0x00007f1698600000, 0x00007f175cf30000, 0x00007f1bedb50000)
  eden space 2576576K, 100% used [0x00007f1698600000, 0x00007f1735a30000, 0x00007f1735a30000)
  from space 322048K,   3% used [0x00007f17494b0000, 0x00007f174a09f728, 0x00007f175cf30000)
  to   space 322048K,   0% used [0x00007f1735a30000, 0x00007f1735a30000, 0x00007f17494b0000)
 tenured generation   total 6441308K, used 6437458K [0x00007f1bedb50000, 0x00007f1d76da7000, 0x00007f2698600000)
   the space 6441308K,  99% used [0x00007f1bedb50000, 0x00007f1d769e4ae8, 0x00007f1d769e4c00, 0x00007f1d76da7000)
 Metaspace       used 24321K, capacity 24789K, committed 25088K, reserved 26624K
}
Event: 20150.443 GC heap after
{Heap after GC invocations=17177 (full 4):
 def new generation   total 2898624K, used 12335K [0x00007f1698600000, 0x00007f175cf30000, 0x00007f1bedb50000)
  eden space 2576576K,   0% used [0x00007f1698600000, 0x00007f1698600000, 0x00007f1735a30000)
  from space 322048K,   3% used [0x00007f1735a30000, 0x00007f173663bfb8, 0x00007f17494b0000)
  to   space 322048K,   0% used [0x00007f17494b0000, 0x00007f17494b0000, 0x00007f175cf30000)
 tenured generation   total 6441308K, used 6438205K [0x00007f1bedb50000, 0x00007f1d76da7000, 0x00007f2698600000)
   the space 6441308K,  99% used [0x00007f1bedb50000, 0x00007f1d76a9f6c8, 0x00007f1d76a9f800, 0x00007f1d76da7000)
 Metaspace       used 24321K, capacity 24789K, committed 25088K, reserved 26624K
}
Event: 20153.088 GC heap before
{Heap before GC invocations=17177 (full 4):
 def new generation   total 2898624K, used 2588911K [0x00007f1698600000, 0x00007f175cf30000, 0x00007f1bedb50000)
  eden space 2576576K, 100% used [0x00007f1698600000, 0x00007f1735a30000, 0x00007f1735a30000)
  from space 322048K,   3% used [0x00007f1735a30000, 0x00007f173663bfb8, 0x00007f17494b0000)
  to   space 322048K,   0% used [0x00007f17494b0000, 0x00007f17494b0000, 0x00007f175cf30000)
 tenured generation   total 6441308K, used 6438205K [0x00007f1bedb50000, 0x00007f1d76da7000, 0x00007f2698600000)
   the space 6441308K,  99% used [0x00007f1bedb50000, 0x00007f1d76a9f6c8, 0x00007f1d76a9f800, 0x00007f1d76da7000)
 Metaspace       used 24321K, capacity 24789K, committed 25088K, reserved 26624K
}
Event: 20153.124 GC heap after
{Heap after GC invocations=17178 (full 4):
 def new generation   total 2898624K, used 12457K [0x00007f1698600000, 0x00007f175cf30000, 0x00007f1bedb50000)
  eden space 2576576K,   0% used [0x00007f1698600000, 0x00007f1698600000, 0x00007f1735a30000)
  from space 322048K,   3% used [0x00007f17494b0000, 0x00007f174a0da4e0, 0x00007f175cf30000)
  to   space 322048K,   0% used [0x00007f1735a30000, 0x00007f1735a30000, 0x00007f17494b0000)
 tenured generation   total 6441308K, used 6438952K [0x00007f1bedb50000, 0x00007f1d76da7000, 0x00007f2698600000)
   the space 6441308K,  99% used [0x00007f1bedb50000, 0x00007f1d76b5a2a8, 0x00007f1d76b5a400, 0x00007f1d76da7000)
 Metaspace       used 24321K, capacity 24789K, committed 25088K, reserved 26624K
}
Event: 20155.708 GC heap before
{Heap before GC invocations=17178 (full 4):
 def new generation   total 2898624K, used 2589033K [0x00007f1698600000, 0x00007f175cf30000, 0x00007f1bedb50000)
  eden space 2576576K, 100% used [0x00007f1698600000, 0x00007f1735a30000, 0x00007f1735a30000)
  from space 322048K,   3% used [0x00007f17494b0000, 0x00007f174a0da4e0, 0x00007f175cf30000)
  to   space 322048K,   0% used [0x00007f1735a30000, 0x00007f1735a30000, 0x00007f17494b0000)
 tenured generation   total 6441308K, used 6438952K [0x00007f1bedb50000, 0x00007f1d76da7000, 0x00007f2698600000)
   the space 6441308K,  99% used [0x00007f1bedb50000, 0x00007f1d76b5a2a8, 0x00007f1d76b5a400, 0x00007f1d76da7000)
 Metaspace       used 24321K, capacity 24789K, committed 25088K, reserved 26624K
}
Event: 20155.755 GC heap after
{Heap after GC invocations=17179 (full 4):
 def new generation   total 2898624K, used 12573K [0x00007f1698600000, 0x00007f175cf30000, 0x00007f1bedb50000)
  eden space 2576576K,   0% used [0x00007f1698600000, 0x00007f1698600000, 0x00007f1735a30000)
  from space 322048K,   3% used [0x00007f1735a30000, 0x00007f17366774b8, 0x00007f17494b0000)
  to   space 322048K,   0% used [0x00007f17494b0000, 0x00007f17494b0000, 0x00007f175cf30000)
 tenured generation   total 6441308K, used 6439699K [0x00007f1bedb50000, 0x00007f1d76da7000, 0x00007f2698600000)
   the space 6441308K,  99% used [0x00007f1bedb50000, 0x00007f1d76c14e88, 0x00007f1d76c15000, 0x00007f1d76da7000)
 Metaspace       used 24321K, capacity 24789K, committed 25088K, reserved 26624K
}
Event: 20158.306 GC heap before
{Heap before GC invocations=17179 (full 4):
 def new generation   total 2898624K, used 2589149K [0x00007f1698600000, 0x00007f175cf30000, 0x00007f1bedb50000)
  eden space 2576576K, 100% used [0x00007f1698600000, 0x00007f1735a30000, 0x00007f1735a30000)
  from space 322048K,   3% used [0x00007f1735a30000, 0x00007f17366774b8, 0x00007f17494b0000)
  to   space 322048K,   0% used [0x00007f17494b0000, 0x00007f17494b0000, 0x00007f175cf30000)
 tenured generation   total 6441308K, used 6439699K [0x00007f1bedb50000, 0x00007f1d76da7000, 0x00007f2698600000)
   the space 6441308K,  99% used [0x00007f1bedb50000, 0x00007f1d76c14e88, 0x00007f1d76c15000, 0x00007f1d76da7000)
 Metaspace       used 24321K, capacity 24789K, committed 25088K, reserved 26624K
}
Event: 20158.350 GC heap after
{Heap after GC invocations=17180 (full 4):
 def new generation   total 2898624K, used 12559K [0x00007f1698600000, 0x00007f175cf30000, 0x00007f1bedb50000)
  eden space 2576576K,   0% used [0x00007f1698600000, 0x00007f1698600000, 0x00007f1735a30000)
  from space 322048K,   3% used [0x00007f17494b0000, 0x00007f174a0f3ff0, 0x00007f175cf30000)
  to   space 322048K,   0% used [0x00007f1735a30000, 0x00007f1735a30000, 0x00007f17494b0000)
 tenured generation   total 6441308K, used 6440566K [0x00007f1bedb50000, 0x00007f1d76da7000, 0x00007f2698600000)
   the space 6441308K,  99% used [0x00007f1bedb50000, 0x00007f1d76cedbd8, 0x00007f1d76cedc00, 0x00007f1d76da7000)
 Metaspace       used 24321K, capacity 24789K, committed 25088K, reserved 26624K
}
Event: 20160.974 GC heap before
{Heap before GC invocations=17180 (full 4):
 def new generation   total 2898624K, used 2589135K [0x00007f1698600000, 0x00007f175cf30000, 0x00007f1bedb50000)
  eden space 2576576K, 100% used [0x00007f1698600000, 0x00007f1735a30000, 0x00007f1735a30000)
  from space 322048K,   3% used [0x00007f17494b0000, 0x00007f174a0f3ff0, 0x00007f175cf30000)
  to   space 322048K,   0% used [0x00007f1735a30000, 0x00007f1735a30000, 0x00007f17494b0000)
 tenured generation   total 6441308K, used 6440566K [0x00007f1bedb50000, 0x00007f1d76da7000, 0x00007f2698600000)
   the space 6441308K,  99% used [0x00007f1bedb50000, 0x00007f1d76cedbd8, 0x00007f1d76cedc00, 0x00007f1d76da7000)
 Metaspace       used 24321K, capacity 24789K, committed 25088K, reserved 26624K
}
Event: 20161.012 GC heap after
{Heap after GC invocations=17181 (full 4):
 def new generation   total 2898624K, used 12559K [0x00007f1698600000, 0x00007f175cf30000, 0x00007f1bedb50000)
  eden space 2576576K,   0% used [0x00007f1698600000, 0x00007f1698600000, 0x00007f1735a30000)
  from space 322048K,   3% used [0x00007f1735a30000, 0x00007f1736673fe0, 0x00007f17494b0000)
  to   space 322048K,   0% used [0x00007f17494b0000, 0x00007f17494b0000, 0x00007f175cf30000)
 tenured generation   total 6441500K, used 6441434K [0x00007f1bedb50000, 0x00007f1d76dd7000, 0x00007f2698600000)
   the space 6441500K,  99% used [0x00007f1bedb50000, 0x00007f1d76dc6ad8, 0x00007f1d76dc6c00, 0x00007f1d76dd7000)
 Metaspace       used 24321K, capacity 24789K, committed 25088K, reserved 26624K
}
Event: 20161.012 GC heap before
{Heap before GC invocations=17181 (full 4):
 def new generation   total 2898624K, used 12559K [0x00007f1698600000, 0x00007f175cf30000, 0x00007f1bedb50000)
  eden space 2576576K,   0% used [0x00007f1698600000, 0x00007f1698600000, 0x00007f1735a30000)
  from space 322048K,   3% used [0x00007f1735a30000, 0x00007f1736673fe0, 0x00007f17494b0000)
  to   space 322048K,   0% used [0x00007f17494b0000, 0x00007f17494b0000, 0x00007f175cf30000)
 tenured generation   total 6441500K, used 6441434K [0x00007f1bedb50000, 0x00007f1d76dd7000, 0x00007f2698600000)
   the space 6441500K,  99% used [0x00007f1bedb50000, 0x00007f1d76dc6ad8, 0x00007f1d76dc6c00, 0x00007f1d76dd7000)
 Metaspace       used 24321K, capacity 24789K, committed 25088K, reserved 26624K
}

