# JRE version: OpenJDK Runtime Environment (13.0.7+5) (build 13.0.7+5-Ubuntu-0ubuntu120.04)
# Java VM: OpenJDK 64-Bit Server VM (13.0.7+5-Ubuntu-0ubuntu120.04, mixed mode, tiered, serial gc, linux-amd64)
Heap:
 def new generation   total 1637632K, used 58063K [0x00007f02f8600000, 0x00007f03676f0000, 0x00007f0da30a0000)
  eden space 1455680K,   3% used [0x00007f02f8600000, 0x00007f02fbeb3de8, 0x00007f0351390000)
  from space 181952K,   0% used [0x00007f0351390000, 0x00007f0351390000, 0x00007f035c540000)
  to   space 181952K,   0% used [0x00007f035c540000, 0x00007f035c540000, 0x00007f03676f0000)
 tenured generation   total 3655520K, used 3655313K [0x00007f0da30a0000, 0x00007f0e82278000, 0x00007f22f8600000)
   the space 3655520K,  99% used [0x00007f0da30a0000, 0x00007f0e82244598, 0x00007f0e82244600, 0x00007f0e82278000)
 Metaspace       used 24253K, capacity 24631K, committed 24832K, reserved 26624K
GC Heap History (20 events):
Event: 1082.375 GC heap after
{Heap after GC invocations=1291 (full 5):
 def new generation   total 1637632K, used 85287K [0x00007f02f8600000, 0x00007f03676f0000, 0x00007f0da30a0000)
  eden space 1455680K,   0% used [0x00007f02f8600000, 0x00007f02f8600000, 0x00007f0351390000)
  from space 181952K,  46% used [0x00007f035c540000, 0x00007f0361889e28, 0x00007f03676f0000)
  to   space 181952K,   0% used [0x00007f0351390000, 0x00007f0351390000, 0x00007f035c540000)
 tenured generation   total 3639132K, used 3577705K [0x00007f0da30a0000, 0x00007f0e81277000, 0x00007f22f8600000)
   the space 3639132K,  98% used [0x00007f0da30a0000, 0x00007f0e7d67a688, 0x00007f0e7d67a800, 0x00007f0e81277000)
 Metaspace       used 24253K, capacity 24631K, committed 24832K, reserved 26624K
}
Event: 1084.035 GC heap before
{Heap before GC invocations=1291 (full 5):
 def new generation   total 1637632K, used 1540967K [0x00007f02f8600000, 0x00007f03676f0000, 0x00007f0da30a0000)
  eden space 1455680K, 100% used [0x00007f02f8600000, 0x00007f0351390000, 0x00007f0351390000)
  from space 181952K,  46% used [0x00007f035c540000, 0x00007f0361889e28, 0x00007f03676f0000)
  to   space 181952K,   0% used [0x00007f0351390000, 0x00007f0351390000, 0x00007f035c540000)
 tenured generation   total 3639132K, used 3577705K [0x00007f0da30a0000, 0x00007f0e81277000, 0x00007f22f8600000)
   the space 3639132K,  98% used [0x00007f0da30a0000, 0x00007f0e7d67a688, 0x00007f0e7d67a800, 0x00007f0e81277000)
 Metaspace       used 24253K, capacity 24631K, committed 24832K, reserved 26624K
}
Event: 1084.097 GC heap after
{Heap after GC invocations=1292 (full 5):
 def new generation   total 1637632K, used 91481K [0x00007f02f8600000, 0x00007f03676f0000, 0x00007f0da30a0000)
  eden space 1455680K,   0% used [0x00007f02f8600000, 0x00007f02f8600000, 0x00007f0351390000)
  from space 181952K,  50% used [0x00007f0351390000, 0x00007f0356ce67b0, 0x00007f035c540000)
  to   space 181952K,   0% used [0x00007f035c540000, 0x00007f035c540000, 0x00007f03676f0000)
 tenured generation   total 3639132K, used 3577705K [0x00007f0da30a0000, 0x00007f0e81277000, 0x00007f22f8600000)
   the space 3639132K,  98% used [0x00007f0da30a0000, 0x00007f0e7d67a688, 0x00007f0e7d67a800, 0x00007f0e81277000)
 Metaspace       used 24253K, capacity 24631K, committed 24832K, reserved 26624K
}
Event: 1085.730 GC heap before
{Heap before GC invocations=1292 (full 5):
 def new generation   total 1637632K, used 1543879K [0x00007f02f8600000, 0x00007f03676f0000, 0x00007f0da30a0000)
  eden space 1455680K,  99% used [0x00007f02f8600000, 0x00007f035105b848, 0x00007f0351390000)
  from space 181952K,  50% used [0x00007f0351390000, 0x00007f0356ce67b0, 0x00007f035c540000)
  to   space 181952K,   0% used [0x00007f035c540000, 0x00007f035c540000, 0x00007f03676f0000)
 tenured generation   total 3639132K, used 3577705K [0x00007f0da30a0000, 0x00007f0e81277000, 0x00007f22f8600000)
   the space 3639132K,  98% used [0x00007f0da30a0000, 0x00007f0e7d67a688, 0x00007f0e7d67a800, 0x00007f0e81277000)
 Metaspace       used 24253K, capacity 24631K, committed 24832K, reserved 26624K
}
Event: 1085.803 GC heap after
{Heap after GC invocations=1293 (full 5):
 def new generation   total 1637632K, used 82226K [0x00007f02f8600000, 0x00007f03676f0000, 0x00007f0da30a0000)
  eden space 1455680K,   0% used [0x00007f02f8600000, 0x00007f02f8600000, 0x00007f0351390000)
  from space 181952K,  45% used [0x00007f035c540000, 0x00007f036158c800, 0x00007f03676f0000)
  to   space 181952K,   0% used [0x00007f0351390000, 0x00007f0351390000, 0x00007f035c540000)
 tenured generation   total 3639132K, used 3594664K [0x00007f0da30a0000, 0x00007f0e81277000, 0x00007f22f8600000)
   the space 3639132K,  98% used [0x00007f0da30a0000, 0x00007f0e7e70a200, 0x00007f0e7e70a200, 0x00007f0e81277000)
 Metaspace       used 24253K, capacity 24631K, committed 24832K, reserved 26624K
}
Event: 1087.064 GC heap before
{Heap before GC invocations=1293 (full 5):
 def new generation   total 1637632K, used 1537906K [0x00007f02f8600000, 0x00007f03676f0000, 0x00007f0da30a0000)
  eden space 1455680K, 100% used [0x00007f02f8600000, 0x00007f0351390000, 0x00007f0351390000)
  from space 181952K,  45% used [0x00007f035c540000, 0x00007f036158c800, 0x00007f03676f0000)
  to   space 181952K,   0% used [0x00007f0351390000, 0x00007f0351390000, 0x00007f035c540000)
 tenured generation   total 3639132K, used 3594664K [0x00007f0da30a0000, 0x00007f0e81277000, 0x00007f22f8600000)
   the space 3639132K,  98% used [0x00007f0da30a0000, 0x00007f0e7e70a200, 0x00007f0e7e70a200, 0x00007f0e81277000)
 Metaspace       used 24253K, capacity 24631K, committed 24832K, reserved 26624K
}
Event: 1087.129 GC heap after
{Heap after GC invocations=1294 (full 5):
 def new generation   total 1637632K, used 84779K [0x00007f02f8600000, 0x00007f03676f0000, 0x00007f0da30a0000)
  eden space 1455680K,   0% used [0x00007f02f8600000, 0x00007f02f8600000, 0x00007f0351390000)
  from space 181952K,  46% used [0x00007f0351390000, 0x00007f035665ae78, 0x00007f035c540000)
  to   space 181952K,   0% used [0x00007f035c540000, 0x00007f035c540000, 0x00007f03676f0000)
 tenured generation   total 3639132K, used 3594664K [0x00007f0da30a0000, 0x00007f0e81277000, 0x00007f22f8600000)
   the space 3639132K,  98% used [0x00007f0da30a0000, 0x00007f0e7e70a200, 0x00007f0e7e70a200, 0x00007f0e81277000)
 Metaspace       used 24253K, capacity 24631K, committed 24832K, reserved 26624K
}
Event: 1088.598 GC heap before
{Heap before GC invocations=1294 (full 5):
 def new generation   total 1637632K, used 1532631K [0x00007f02f8600000, 0x00007f03676f0000, 0x00007f0da30a0000)
  eden space 1455680K,  99% used [0x00007f02f8600000, 0x00007f0350beafe8, 0x00007f0351390000)
  from space 181952K,  46% used [0x00007f0351390000, 0x00007f035665ae78, 0x00007f035c540000)
  to   space 181952K,   0% used [0x00007f035c540000, 0x00007f035c540000, 0x00007f03676f0000)
 tenured generation   total 3639132K, used 3594664K [0x00007f0da30a0000, 0x00007f0e81277000, 0x00007f22f8600000)
   the space 3639132K,  98% used [0x00007f0da30a0000, 0x00007f0e7e70a200, 0x00007f0e7e70a200, 0x00007f0e81277000)
 Metaspace       used 24253K, capacity 24631K, committed 24832K, reserved 26624K
}
Event: 1088.665 GC heap after
{Heap after GC invocations=1295 (full 5):
 def new generation   total 1637632K, used 98689K [0x00007f02f8600000, 0x00007f03676f0000, 0x00007f0da30a0000)
  eden space 1455680K,   0% used [0x00007f02f8600000, 0x00007f02f8600000, 0x00007f0351390000)
  from space 181952K,  54% used [0x00007f035c540000, 0x00007f03625a05f8, 0x00007f03676f0000)
  to   space 181952K,   0% used [0x00007f0351390000, 0x00007f0351390000, 0x00007f035c540000)
 tenured generation   total 3639132K, used 3594664K [0x00007f0da30a0000, 0x00007f0e81277000, 0x00007f22f8600000)
   the space 3639132K,  98% used [0x00007f0da30a0000, 0x00007f0e7e70a200, 0x00007f0e7e70a200, 0x00007f0e81277000)
 Metaspace       used 24253K, capacity 24631K, committed 24832K, reserved 26624K
}
Event: 1090.208 GC heap before
{Heap before GC invocations=1295 (full 5):
 def new generation   total 1637632K, used 1554369K [0x00007f02f8600000, 0x00007f03676f0000, 0x00007f0da30a0000)
  eden space 1455680K, 100% used [0x00007f02f8600000, 0x00007f0351390000, 0x00007f0351390000)
  from space 181952K,  54% used [0x00007f035c540000, 0x00007f03625a05f8, 0x00007f03676f0000)
  to   space 181952K,   0% used [0x00007f0351390000, 0x00007f0351390000, 0x00007f035c540000)
 tenured generation   total 3639132K, used 3594664K [0x00007f0da30a0000, 0x00007f0e81277000, 0x00007f22f8600000)
   the space 3639132K,  98% used [0x00007f0da30a0000, 0x00007f0e7e70a200, 0x00007f0e7e70a200, 0x00007f0e81277000)
 Metaspace       used 24253K, capacity 24631K, committed 24832K, reserved 26624K
}
Event: 1090.292 GC heap after
{Heap after GC invocations=1296 (full 5):
 def new generation   total 1637632K, used 81716K [0x00007f02f8600000, 0x00007f03676f0000, 0x00007f0da30a0000)
  eden space 1455680K,   0% used [0x00007f02f8600000, 0x00007f02f8600000, 0x00007f0351390000)
  from space 181952K,  44% used [0x00007f0351390000, 0x00007f035635d288, 0x00007f035c540000)
  to   space 181952K,   0% used [0x00007f035c540000, 0x00007f035c540000, 0x00007f03676f0000)
 tenured generation   total 3639132K, used 3611623K [0x00007f0da30a0000, 0x00007f0e81277000, 0x00007f22f8600000)
   the space 3639132K,  99% used [0x00007f0da30a0000, 0x00007f0e7f799d78, 0x00007f0e7f799e00, 0x00007f0e81277000)
 Metaspace       used 24253K, capacity 24631K, committed 24832K, reserved 26624K
}
Event: 1091.529 GC heap before
{Heap before GC invocations=1296 (full 5):
 def new generation   total 1637632K, used 1537396K [0x00007f02f8600000, 0x00007f03676f0000, 0x00007f0da30a0000)
  eden space 1455680K, 100% used [0x00007f02f8600000, 0x00007f0351390000, 0x00007f0351390000)
  from space 181952K,  44% used [0x00007f0351390000, 0x00007f035635d288, 0x00007f035c540000)
  to   space 181952K,   0% used [0x00007f035c540000, 0x00007f035c540000, 0x00007f03676f0000)
 tenured generation   total 3639132K, used 3611623K [0x00007f0da30a0000, 0x00007f0e81277000, 0x00007f22f8600000)
   the space 3639132K,  99% used [0x00007f0da30a0000, 0x00007f0e7f799d78, 0x00007f0e7f799e00, 0x00007f0e81277000)
 Metaspace       used 24253K, capacity 24631K, committed 24832K, reserved 26624K
}
Event: 1091.615 GC heap after
{Heap after GC invocations=1297 (full 5):
 def new generation   total 1637632K, used 85285K [0x00007f02f8600000, 0x00007f03676f0000, 0x00007f0da30a0000)
  eden space 1455680K,   0% used [0x00007f02f8600000, 0x00007f02f8600000, 0x00007f0351390000)
  from space 181952K,  46% used [0x00007f035c540000, 0x00007f03618895b0, 0x00007f03676f0000)
  to   space 181952K,   0% used [0x00007f0351390000, 0x00007f0351390000, 0x00007f035c540000)
 tenured generation   total 3639132K, used 3611623K [0x00007f0da30a0000, 0x00007f0e81277000, 0x00007f22f8600000)
   the space 3639132K,  99% used [0x00007f0da30a0000, 0x00007f0e7f799d78, 0x00007f0e7f799e00, 0x00007f0e81277000)
 Metaspace       used 24253K, capacity 24631K, committed 24832K, reserved 26624K
}
Event: 1093.128 GC heap before
{Heap before GC invocations=1297 (full 5):
 def new generation   total 1637632K, used 1540965K [0x00007f02f8600000, 0x00007f03676f0000, 0x00007f0da30a0000)
  eden space 1455680K, 100% used [0x00007f02f8600000, 0x00007f0351390000, 0x00007f0351390000)
  from space 181952K,  46% used [0x00007f035c540000, 0x00007f03618895b0, 0x00007f03676f0000)
  to   space 181952K,   0% used [0x00007f0351390000, 0x00007f0351390000, 0x00007f035c540000)
 tenured generation   total 3639132K, used 3611623K [0x00007f0da30a0000, 0x00007f0e81277000, 0x00007f22f8600000)
   the space 3639132K,  99% used [0x00007f0da30a0000, 0x00007f0e7f799d78, 0x00007f0e7f799e00, 0x00007f0e81277000)
 Metaspace       used 24253K, capacity 24631K, committed 24832K, reserved 26624K
}
Event: 1093.192 GC heap after
{Heap after GC invocations=1298 (full 5):
 def new generation   total 1637632K, used 89426K [0x00007f02f8600000, 0x00007f03676f0000, 0x00007f0da30a0000)
  eden space 1455680K,   0% used [0x00007f02f8600000, 0x00007f02f8600000, 0x00007f0351390000)
  from space 181952K,  49% used [0x00007f0351390000, 0x00007f0356ae49e8, 0x00007f035c540000)
  to   space 181952K,   0% used [0x00007f035c540000, 0x00007f035c540000, 0x00007f03676f0000)
 tenured generation   total 3639132K, used 3611623K [0x00007f0da30a0000, 0x00007f0e81277000, 0x00007f22f8600000)
   the space 3639132K,  99% used [0x00007f0da30a0000, 0x00007f0e7f799d78, 0x00007f0e7f799e00, 0x00007f0e81277000)
 Metaspace       used 24253K, capacity 24631K, committed 24832K, reserved 26624K
}
Event: 1094.813 GC heap before
{Heap before GC invocations=1298 (full 5):
 def new generation   total 1637632K, used 1545106K [0x00007f02f8600000, 0x00007f03676f0000, 0x00007f0da30a0000)
  eden space 1455680K, 100% used [0x00007f02f8600000, 0x00007f0351390000, 0x00007f0351390000)
  from space 181952K,  49% used [0x00007f0351390000, 0x00007f0356ae49e8, 0x00007f035c540000)
  to   space 181952K,   0% used [0x00007f035c540000, 0x00007f035c540000, 0x00007f03676f0000)
 tenured generation   total 3639132K, used 3611623K [0x00007f0da30a0000, 0x00007f0e81277000, 0x00007f22f8600000)
   the space 3639132K,  99% used [0x00007f0da30a0000, 0x00007f0e7f799d78, 0x00007f0e7f799e00, 0x00007f0e81277000)
 Metaspace       used 24253K, capacity 24631K, committed 24832K, reserved 26624K
}
Event: 1094.887 GC heap after
{Heap after GC invocations=1299 (full 5):
 def new generation   total 1637632K, used 115082K [0x00007f02f8600000, 0x00007f03676f0000, 0x00007f0da30a0000)
  eden space 1455680K,   0% used [0x00007f02f8600000, 0x00007f02f8600000, 0x00007f0351390000)
  from space 181952K,  63% used [0x00007f035c540000, 0x00007f03635a2a50, 0x00007f03676f0000)
  to   space 181952K,   0% used [0x00007f0351390000, 0x00007f0351390000, 0x00007f035c540000)
 tenured generation   total 3639132K, used 3611623K [0x00007f0da30a0000, 0x00007f0e81277000, 0x00007f22f8600000)
   the space 3639132K,  99% used [0x00007f0da30a0000, 0x00007f0e7f799d78, 0x00007f0e7f799e00, 0x00007f0e81277000)
 Metaspace       used 24253K, capacity 24631K, committed 24832K, reserved 26624K
}
Event: 1096.197 GC heap before
{Heap before GC invocations=1299 (full 5):
 def new generation   total 1637632K, used 1570762K [0x00007f02f8600000, 0x00007f03676f0000, 0x00007f0da30a0000)
  eden space 1455680K, 100% used [0x00007f02f8600000, 0x00007f0351390000, 0x00007f0351390000)
  from space 181952K,  63% used [0x00007f035c540000, 0x00007f03635a2a50, 0x00007f03676f0000)
  to   space 181952K,   0% used [0x00007f0351390000, 0x00007f0351390000, 0x00007f035c540000)
 tenured generation   total 3639132K, used 3611623K [0x00007f0da30a0000, 0x00007f0e81277000, 0x00007f22f8600000)
   the space 3639132K,  99% used [0x00007f0da30a0000, 0x00007f0e7f799d78, 0x00007f0e7f799e00, 0x00007f0e81277000)
 Metaspace       used 24253K, capacity 24631K, committed 24832K, reserved 26624K
}
Event: 1096.304 GC heap after
{Heap after GC invocations=1300 (full 5):
 def new generation   total 1637632K, used 67835K [0x00007f02f8600000, 0x00007f03676f0000, 0x00007f0da30a0000)
  eden space 1455680K,   0% used [0x00007f02f8600000, 0x00007f02f8600000, 0x00007f0351390000)
  from space 181952K,  37% used [0x00007f0351390000, 0x00007f03555cef18, 0x00007f035c540000)
  to   space 181952K,   0% used [0x00007f035c540000, 0x00007f035c540000, 0x00007f03676f0000)
 tenured generation   total 3655520K, used 3645541K [0x00007f0da30a0000, 0x00007f0e82278000, 0x00007f22f8600000)
   the space 3655520K,  99% used [0x00007f0da30a0000, 0x00007f0e818b9468, 0x00007f0e818b9600, 0x00007f0e82278000)
 Metaspace       used 24253K, capacity 24631K, committed 24832K, reserved 26624K
}
Event: 1096.304 GC heap before
{Heap before GC invocations=1300 (full 5):
 def new generation   total 1637632K, used 67835K [0x00007f02f8600000, 0x00007f03676f0000, 0x00007f0da30a0000)
  eden space 1455680K,   0% used [0x00007f02f8600000, 0x00007f02f8600000, 0x00007f0351390000)
  from space 181952K,  37% used [0x00007f0351390000, 0x00007f03555cef18, 0x00007f035c540000)
  to   space 181952K,   0% used [0x00007f035c540000, 0x00007f035c540000, 0x00007f03676f0000)
 tenured generation   total 3655520K, used 3645541K [0x00007f0da30a0000, 0x00007f0e82278000, 0x00007f22f8600000)
   the space 3655520K,  99% used [0x00007f0da30a0000, 0x00007f0e818b9468, 0x00007f0e818b9600, 0x00007f0e82278000)
 Metaspace       used 24253K, capacity 24631K, committed 24832K, reserved 26624K
}

