# JRE version: OpenJDK Runtime Environment (13.0.7+5) (build 13.0.7+5-Ubuntu-0ubuntu120.04)
# Java VM: OpenJDK 64-Bit Server VM (13.0.7+5-Ubuntu-0ubuntu120.04, mixed mode, tiered, serial gc, linux-amd64)
Heap:
 def new generation   total 6306048K, used 4304611K [0x00007fe074600000, 0x00007fe220080000, 0x00007fe5c9b50000)
  eden space 5605376K,  76% used [0x00007fe074600000, 0x00007fe17b1b8c68, 0x00007fe1ca800000)
  from space 700672K,   0% used [0x00007fe1f5440000, 0x00007fe1f54402f0, 0x00007fe220080000)
  to   space 700672K,   0% used [0x00007fe1ca800000, 0x00007fe1ca800338, 0x00007fe1f5440000)
 tenured generation   total 14013340K, used 12595006K [0x00007fe5c9b50000, 0x00007fe921037000, 0x00007ff074600000)
   the space 14013340K,  89% used [0x00007fe5c9b50000, 0x00007fe8ca71f980, 0x00007fe8ca71fa00, 0x00007fe921037000)
 Metaspace       used 23580K, capacity 23933K, committed 24064K, reserved 24576K
GC Heap History (20 events):
Event: 19.974 GC heap after
{Heap after GC invocations=76 (full 2):
 def new generation   total 629248K, used 0K [0x00007fe074600000, 0x00007fe09f0c0000, 0x00007fe5c9b50000)
  eden space 559360K,   0% used [0x00007fe074600000, 0x00007fe074600000, 0x00007fe096840000)
  from space 69888K,   0% used [0x00007fe09ac80000, 0x00007fe09ac80000, 0x00007fe09f0c0000)
  to   space 69888K,   0% used [0x00007fe096840000, 0x00007fe096840000, 0x00007fe09ac80000)
 tenured generation   total 1398144K, used 19395K [0x00007fe5c9b50000, 0x00007fe61f0b0000, 0x00007ff074600000)
   the space 1398144K,   1% used [0x00007fe5c9b50000, 0x00007fe5cae40d70, 0x00007fe5cae40e00, 0x00007fe61f0b0000)
 Metaspace       used 23544K, capacity 23907K, committed 24064K, reserved 24576K
}
Event: 27.093 GC heap before
{Heap before GC invocations=76 (full 2):
 def new generation   total 629248K, used 11178K [0x00007fe074600000, 0x00007fe09f0c0000, 0x00007fe5c9b50000)
  eden space 559360K,   1% used [0x00007fe074600000, 0x00007fe0750eabf8, 0x00007fe096840000)
  from space 69888K,   0% used [0x00007fe09ac80000, 0x00007fe09ac80000, 0x00007fe09f0c0000)
  to   space 69888K,   0% used [0x00007fe096840000, 0x00007fe096840000, 0x00007fe09ac80000)
 tenured generation   total 9786756K, used 8408003K [0x00007fe5c9b50000, 0x00007fe81f0b1000, 0x00007ff074600000)
   the space 9786756K,  85% used [0x00007fe5c9b50000, 0x00007fe7cae40d88, 0x00007fe7cae40e00, 0x00007fe81f0b1000)
 Metaspace       used 23544K, capacity 23907K, committed 24064K, reserved 24576K
}
Event: 27.096 GC heap after
{Heap after GC invocations=77 (full 2):
 def new generation   total 629248K, used 0K [0x00007fe074600000, 0x00007fe09f0c0000, 0x00007fe5c9b50000)
  eden space 559360K,   0% used [0x00007fe074600000, 0x00007fe074600000, 0x00007fe096840000)
  from space 69888K,   0% used [0x00007fe096840000, 0x00007fe096840158, 0x00007fe09ac80000)
  to   space 69888K,   0% used [0x00007fe09ac80000, 0x00007fe09ac80000, 0x00007fe09f0c0000)
 tenured generation   total 9786756K, used 8408003K [0x00007fe5c9b50000, 0x00007fe81f0b1000, 0x00007ff074600000)
   the space 9786756K,  85% used [0x00007fe5c9b50000, 0x00007fe7cae40d88, 0x00007fe7cae40e00, 0x00007fe81f0b1000)
 Metaspace       used 23544K, capacity 23907K, committed 24064K, reserved 24576K
}
Event: 27.096 GC heap before
{Heap before GC invocations=77 (full 2):
 def new generation   total 629248K, used 0K [0x00007fe074600000, 0x00007fe09f0c0000, 0x00007fe5c9b50000)
  eden space 559360K,   0% used [0x00007fe074600000, 0x00007fe074600000, 0x00007fe096840000)
  from space 69888K,   0% used [0x00007fe096840000, 0x00007fe096840158, 0x00007fe09ac80000)
  to   space 69888K,   0% used [0x00007fe09ac80000, 0x00007fe09ac80000, 0x00007fe09f0c0000)
 tenured generation   total 9786756K, used 8408003K [0x00007fe5c9b50000, 0x00007fe81f0b1000, 0x00007ff074600000)
   the space 9786756K,  85% used [0x00007fe5c9b50000, 0x00007fe7cae40d88, 0x00007fe7cae40e00, 0x00007fe81f0b1000)
 Metaspace       used 23544K, capacity 23907K, committed 24064K, reserved 24576K
}
Event: 27.124 GC heap after
{Heap after GC invocations=77 (full 3):
 def new generation   total 6306048K, used 0K [0x00007fe074600000, 0x00007fe220080000, 0x00007fe5c9b50000)
  eden space 5605376K,   0% used [0x00007fe074600000, 0x00007fe074600000, 0x00007fe1ca800000)
  from space 700672K,   0% used [0x00007fe1ca800000, 0x00007fe1ca800000, 0x00007fe1f5440000)
  to   space 700672K,   0% used [0x00007fe1f5440000, 0x00007fe1f5440000, 0x00007fe220080000)
 tenured generation   total 14013340K, used 8408003K [0x00007fe5c9b50000, 0x00007fe921037000, 0x00007ff074600000)
   the space 14013340K,  59% used [0x00007fe5c9b50000, 0x00007fe7cae40ee0, 0x00007fe7cae41000, 0x00007fe921037000)
 Metaspace       used 23544K, capacity 23907K, committed 24064K, reserved 24576K
}
Event: 30.370 GC heap before
{Heap before GC invocations=77 (full 3):
 def new generation   total 6306048K, used 4306328K [0x00007fe074600000, 0x00007fe220080000, 0x00007fe5c9b50000)
  eden space 5605376K,  76% used [0x00007fe074600000, 0x00007fe17b3663d8, 0x00007fe1ca800000)
  from space 700672K,   0% used [0x00007fe1ca800000, 0x00007fe1ca800000, 0x00007fe1f5440000)
  to   space 700672K,   0% used [0x00007fe1f5440000, 0x00007fe1f5440000, 0x00007fe220080000)
 tenured generation   total 14013340K, used 8408003K [0x00007fe5c9b50000, 0x00007fe921037000, 0x00007ff074600000)
   the space 14013340K,  59% used [0x00007fe5c9b50000, 0x00007fe7cae40ee0, 0x00007fe7cae41000, 0x00007fe921037000)
 Metaspace       used 23544K, capacity 23907K, committed 24064K, reserved 24576K
}
Event: 32.515 GC heap after
{Heap after GC invocations=78 (full 3):
 def new generation   total 6306048K, used 0K [0x00007fe074600000, 0x00007fe220080000, 0x00007fe5c9b50000)
  eden space 5605376K,   0% used [0x00007fe074600000, 0x00007fe074600000, 0x00007fe1ca800000)
  from space 700672K,   0% used [0x00007fe1f5440000, 0x00007fe1f5440200, 0x00007fe220080000)
  to   space 700672K,   0% used [0x00007fe1ca800000, 0x00007fe1ca800000, 0x00007fe1f5440000)
 tenured generation   total 14013340K, used 12602307K [0x00007fe5c9b50000, 0x00007fe921037000, 0x00007ff074600000)
   the space 14013340K,  89% used [0x00007fe5c9b50000, 0x00007fe8cae40ef8, 0x00007fe8cae41000, 0x00007fe921037000)
 Metaspace       used 23544K, capacity 23907K, committed 24064K, reserved 24576K
}
Event: 33.261 GC heap before
{Heap before GC invocations=78 (full 3):
 def new generation   total 6306048K, used 4305337K [0x00007fe074600000, 0x00007fe220080000, 0x00007fe5c9b50000)
  eden space 5605376K,  76% used [0x00007fe074600000, 0x00007fe17b26e4b8, 0x00007fe1ca800000)
  from space 700672K,   0% used [0x00007fe1f5440000, 0x00007fe1f5440200, 0x00007fe220080000)
  to   space 700672K,   0% used [0x00007fe1ca800000, 0x00007fe1ca800000, 0x00007fe1f5440000)
 tenured generation   total 14013340K, used 12602307K [0x00007fe5c9b50000, 0x00007fe921037000, 0x00007ff074600000)
   the space 14013340K,  89% used [0x00007fe5c9b50000, 0x00007fe8cae40ef8, 0x00007fe8cae41000, 0x00007fe921037000)
 Metaspace       used 23544K, capacity 23907K, committed 24064K, reserved 24576K
}
Event: 35.449 GC heap after
{Heap after GC invocations=79 (full 3):
 def new generation   total 6306048K, used 1K [0x00007fe074600000, 0x00007fe220080000, 0x00007fe5c9b50000)
  eden space 5605376K,   0% used [0x00007fe074600000, 0x00007fe074600000, 0x00007fe1ca800000)
  from space 700672K,   0% used [0x00007fe1ca800000, 0x00007fe1ca800430, 0x00007fe1f5440000)
  to   space 700672K,   0% used [0x00007fe1f5440000, 0x00007fe1f5440000, 0x00007fe220080000)
 tenured generation   total 18207648K, used 16796611K [0x00007fe5c9b50000, 0x00007fea21038000, 0x00007ff074600000)
   the space 18207648K,  92% used [0x00007fe5c9b50000, 0x00007fe9cae40f10, 0x00007fe9cae41000, 0x00007fea21038000)
 Metaspace       used 23544K, capacity 23907K, committed 24064K, reserved 24576K
}
Event: 35.449 GC heap before
{Heap before GC invocations=79 (full 3):
 def new generation   total 6306048K, used 1K [0x00007fe074600000, 0x00007fe220080000, 0x00007fe5c9b50000)
  eden space 5605376K,   0% used [0x00007fe074600000, 0x00007fe074600000, 0x00007fe1ca800000)
  from space 700672K,   0% used [0x00007fe1ca800000, 0x00007fe1ca800430, 0x00007fe1f5440000)
  to   space 700672K,   0% used [0x00007fe1f5440000, 0x00007fe1f5440000, 0x00007fe220080000)
 tenured generation   total 18207648K, used 16796611K [0x00007fe5c9b50000, 0x00007fea21038000, 0x00007ff074600000)
   the space 18207648K,  92% used [0x00007fe5c9b50000, 0x00007fe9cae40f10, 0x00007fe9cae41000, 0x00007fea21038000)
 Metaspace       used 23544K, capacity 23907K, committed 24064K, reserved 24576K
}
Event: 37.119 GC heap after
{Heap after GC invocations=79 (full 4):
 def new generation   total 6306048K, used 0K [0x00007fe074600000, 0x00007fe220080000, 0x00007fe5c9b50000)
  eden space 5605376K,   0% used [0x00007fe074600000, 0x00007fe074600000, 0x00007fe1ca800000)
  from space 700672K,   0% used [0x00007fe1ca800000, 0x00007fe1ca800000, 0x00007fe1f5440000)
  to   space 700672K,   0% used [0x00007fe1f5440000, 0x00007fe1f5440000, 0x00007fe220080000)
 tenured generation   total 14013340K, used 8398029K [0x00007fe5c9b50000, 0x00007fe921037000, 0x00007ff074600000)
   the space 14013340K,  59% used [0x00007fe5c9b50000, 0x00007fe7ca483780, 0x00007fe7ca483800, 0x00007fe921037000)
 Metaspace       used 23544K, capacity 23907K, committed 24064K, reserved 24576K
}
Event: 40.739 GC heap before
{Heap before GC invocations=79 (full 4):
 def new generation   total 6306048K, used 5353277K [0x00007fe074600000, 0x00007fe220080000, 0x00007fe5c9b50000)
  eden space 5605376K,  95% used [0x00007fe074600000, 0x00007fe1bb1cf558, 0x00007fe1ca800000)
  from space 700672K,   0% used [0x00007fe1ca800000, 0x00007fe1ca800000, 0x00007fe1f5440000)
  to   space 700672K,   0% used [0x00007fe1f5440000, 0x00007fe1f5440000, 0x00007fe220080000)
 tenured generation   total 14013340K, used 8398029K [0x00007fe5c9b50000, 0x00007fe921037000, 0x00007ff074600000)
   the space 14013340K,  59% used [0x00007fe5c9b50000, 0x00007fe7ca483780, 0x00007fe7ca483800, 0x00007fe921037000)
 Metaspace       used 23544K, capacity 23907K, committed 24064K, reserved 24576K
}
Event: 41.065 GC heap after
{Heap after GC invocations=80 (full 4):
 def new generation   total 6306048K, used 524289K [0x00007fe074600000, 0x00007fe220080000, 0x00007fe5c9b50000)
  eden space 5605376K,   0% used [0x00007fe074600000, 0x00007fe074600000, 0x00007fe1ca800000)
  from space 700672K,  74% used [0x00007fe1f5440000, 0x00007fe215440468, 0x00007fe220080000)
  to   space 700672K,   0% used [0x00007fe1ca800000, 0x00007fe1ca800000, 0x00007fe1f5440000)
 tenured generation   total 14013340K, used 8922317K [0x00007fe5c9b50000, 0x00007fe921037000, 0x00007ff074600000)
   the space 14013340K,  63% used [0x00007fe5c9b50000, 0x00007fe7ea483798, 0x00007fe7ea483800, 0x00007fe921037000)
 Metaspace       used 23544K, capacity 23907K, committed 24064K, reserved 24576K
}
Event: 42.612 GC heap before
{Heap before GC invocations=80 (full 4):
 def new generation   total 6306048K, used 3403585K [0x00007fe074600000, 0x00007fe220080000, 0x00007fe5c9b50000)
  eden space 5605376K,  51% used [0x00007fe074600000, 0x00007fe1241d0160, 0x00007fe1ca800000)
  from space 700672K,  74% used [0x00007fe1f5440000, 0x00007fe215440468, 0x00007fe220080000)
  to   space 700672K,   0% used [0x00007fe1ca800000, 0x00007fe1ca800000, 0x00007fe1f5440000)
 tenured generation   total 14013340K, used 8922317K [0x00007fe5c9b50000, 0x00007fe921037000, 0x00007ff074600000)
   the space 14013340K,  63% used [0x00007fe5c9b50000, 0x00007fe7ea483798, 0x00007fe7ea483800, 0x00007fe921037000)
 Metaspace       used 23580K, capacity 23933K, committed 24064K, reserved 24576K
}
Event: 42.678 GC heap after
{Heap after GC invocations=81 (full 4):
 def new generation   total 6306048K, used 134292K [0x00007fe074600000, 0x00007fe220080000, 0x00007fe5c9b50000)
  eden space 5605376K,   0% used [0x00007fe074600000, 0x00007fe074600000, 0x00007fe1ca800000)
  from space 700672K,  19% used [0x00007fe1ca800000, 0x00007fe1d2b250f8, 0x00007fe1f5440000)
  to   space 700672K,   0% used [0x00007fe1f5440000, 0x00007fe1f5440000, 0x00007fe220080000)
 tenured generation   total 14013340K, used 8922318K [0x00007fe5c9b50000, 0x00007fe921037000, 0x00007ff074600000)
   the space 14013340K,  63% used [0x00007fe5c9b50000, 0x00007fe7ea483970, 0x00007fe7ea483a00, 0x00007fe921037000)
 Metaspace       used 23580K, capacity 23933K, committed 24064K, reserved 24576K
}
Event: 42.678 GC heap before
{Heap before GC invocations=81 (full 4):
 def new generation   total 6306048K, used 134292K [0x00007fe074600000, 0x00007fe220080000, 0x00007fe5c9b50000)
  eden space 5605376K,   0% used [0x00007fe074600000, 0x00007fe074600000, 0x00007fe1ca800000)
  from space 700672K,  19% used [0x00007fe1ca800000, 0x00007fe1d2b250f8, 0x00007fe1f5440000)
  to   space 700672K,   0% used [0x00007fe1f5440000, 0x00007fe1f5440000, 0x00007fe220080000)
 tenured generation   total 14013340K, used 8922318K [0x00007fe5c9b50000, 0x00007fe921037000, 0x00007ff074600000)
   the space 14013340K,  63% used [0x00007fe5c9b50000, 0x00007fe7ea483970, 0x00007fe7ea483a00, 0x00007fe921037000)
 Metaspace       used 23580K, capacity 23933K, committed 24064K, reserved 24576K
}
Event: 42.697 GC heap after
{Heap after GC invocations=81 (full 5):
 def new generation   total 6306048K, used 0K [0x00007fe074600000, 0x00007fe220080000, 0x00007fe5c9b50000)
  eden space 5605376K,   0% used [0x00007fe074600000, 0x00007fe074600000, 0x00007fe1ca800000)
  from space 700672K,   0% used [0x00007fe1ca800000, 0x00007fe1ca800000, 0x00007fe1f5440000)
  to   space 700672K,   0% used [0x00007fe1f5440000, 0x00007fe1f5440000, 0x00007fe220080000)
 tenured generation   total 14013340K, used 12094K [0x00007fe5c9b50000, 0x00007fe921037000, 0x00007ff074600000)
   the space 14013340K,   0% used [0x00007fe5c9b50000, 0x00007fe5ca71f950, 0x00007fe5ca71fa00, 0x00007fe921037000)
 Metaspace       used 23580K, capacity 23933K, committed 24064K, reserved 24576K
}
Event: 50.742 GC heap before
{Heap before GC invocations=81 (full 5):
 def new generation   total 6306048K, used 4303641K [0x00007fe074600000, 0x00007fe220080000, 0x00007fe5c9b50000)
  eden space 5605376K,  76% used [0x00007fe074600000, 0x00007fe17b0c6640, 0x00007fe1ca800000)
  from space 700672K,   0% used [0x00007fe1ca800000, 0x00007fe1ca800000, 0x00007fe1f5440000)
  to   space 700672K,   0% used [0x00007fe1f5440000, 0x00007fe1f5440000, 0x00007fe220080000)
 tenured generation   total 14013340K, used 8400702K [0x00007fe5c9b50000, 0x00007fe921037000, 0x00007ff074600000)
   the space 14013340K,  59% used [0x00007fe5c9b50000, 0x00007fe7ca71f968, 0x00007fe7ca71fa00, 0x00007fe921037000)
 Metaspace       used 23580K, capacity 23933K, committed 24064K, reserved 24576K
}
Event: 51.376 GC heap after
{Heap after GC invocations=82 (full 5):
 def new generation   total 6306048K, used 0K [0x00007fe074600000, 0x00007fe220080000, 0x00007fe5c9b50000)
  eden space 5605376K,   0% used [0x00007fe074600000, 0x00007fe074600000, 0x00007fe1ca800000)
  from space 700672K,   0% used [0x00007fe1f5440000, 0x00007fe1f54402f0, 0x00007fe220080000)
  to   space 700672K,   0% used [0x00007fe1ca800000, 0x00007fe1ca800000, 0x00007fe1f5440000)
 tenured generation   total 14013340K, used 12595006K [0x00007fe5c9b50000, 0x00007fe921037000, 0x00007ff074600000)
   the space 14013340K,  89% used [0x00007fe5c9b50000, 0x00007fe8ca71f980, 0x00007fe8ca71fa00, 0x00007fe921037000)
 Metaspace       used 23580K, capacity 23933K, committed 24064K, reserved 24576K
}
Event: 52.294 GC heap before
{Heap before GC invocations=82 (full 5):
 def new generation   total 6306048K, used 4304611K [0x00007fe074600000, 0x00007fe220080000, 0x00007fe5c9b50000)
  eden space 5605376K,  76% used [0x00007fe074600000, 0x00007fe17b1b8c68, 0x00007fe1ca800000)
  from space 700672K,   0% used [0x00007fe1f5440000, 0x00007fe1f54402f0, 0x00007fe220080000)
  to   space 700672K,   0% used [0x00007fe1ca800000, 0x00007fe1ca800000, 0x00007fe1f5440000)
 tenured generation   total 14013340K, used 12595006K [0x00007fe5c9b50000, 0x00007fe921037000, 0x00007ff074600000)
   the space 14013340K,  89% used [0x00007fe5c9b50000, 0x00007fe8ca71f980, 0x00007fe8ca71fa00, 0x00007fe921037000)
 Metaspace       used 23580K, capacity 23933K, committed 24064K, reserved 24576K
}

