# JRE version: OpenJDK Runtime Environment (13.0.7+5) (build 13.0.7+5-Ubuntu-0ubuntu120.04)
# Java VM: OpenJDK 64-Bit Server VM (13.0.7+5-Ubuntu-0ubuntu120.04, mixed mode, tiered, serial gc, linux-amd64)
Heap:
 def new generation   total 629248K, used 0K [0x00007f5dd8600000, 0x00007f5e030c0000, 0x00007f632db50000)
  eden space 559360K,   0% used [0x00007f5dd8600000, 0x00007f5dd8600000, 0x00007f5dfa840000)
  from space 69888K,   0% used [0x00007f5dfa840000, 0x00007f5dfa840000, 0x00007f5dfec80000)
  to   space 69888K,   0% used [0x00007f5dfec80000, 0x00007f5dfec80000, 0x00007f5e030c0000)
 tenured generation   total 1398144K, used 14912K [0x00007f632db50000, 0x00007f63830b0000, 0x00007f6dd8600000)
   the space 1398144K,   1% used [0x00007f632db50000, 0x00007f632e9e01f8, 0x00007f632e9e0200, 0x00007f63830b0000)
 Metaspace       used 23052K, capacity 23443K, committed 23552K, reserved 24576K
GC Heap History (12 events):
Event: 3.141 GC heap before
{Heap before GC invocations=0 (full 0):
 def new generation   total 629120K, used 100662K [0x00007f5dd8600000, 0x00007f5e030a0000, 0x00007f632db50000)
  eden space 559232K,  18% used [0x00007f5dd8600000, 0x00007f5dde84d908, 0x00007f5dfa820000)
  from space 69888K,   0% used [0x00007f5dfa820000, 0x00007f5dfa820000, 0x00007f5dfec60000)
  to   space 69888K,   0% used [0x00007f5dfec60000, 0x00007f5dfec60000, 0x00007f5e030a0000)
 tenured generation   total 1398144K, used 0K [0x00007f632db50000, 0x00007f63830b0000, 0x00007f6dd8600000)
   the space 1398144K,   0% used [0x00007f632db50000, 0x00007f632db50000, 0x00007f632db50200, 0x00007f63830b0000)
 Metaspace       used 20929K, capacity 21222K, committed 21248K, reserved 22528K
}
Event: 3.258 GC heap after
{Heap after GC invocations=1 (full 1):
 def new generation   total 629248K, used 0K [0x00007f5dd8600000, 0x00007f5e030c0000, 0x00007f632db50000)
  eden space 559360K,   0% used [0x00007f5dd8600000, 0x00007f5dd8600000, 0x00007f5dfa840000)
  from space 69888K,   0% used [0x00007f5dfa840000, 0x00007f5dfa840000, 0x00007f5dfec80000)
  to   space 69888K,   0% used [0x00007f5dfec80000, 0x00007f5dfec80000, 0x00007f5e030c0000)
 tenured generation   total 1398144K, used 13612K [0x00007f632db50000, 0x00007f63830b0000, 0x00007f6dd8600000)
   the space 1398144K,   0% used [0x00007f632db50000, 0x00007f632e89b058, 0x00007f632e89b200, 0x00007f63830b0000)
 Metaspace       used 20929K, capacity 21222K, committed 21248K, reserved 22528K
}
Event: 4.725 GC heap before
{Heap before GC invocations=1 (full 1):
 def new generation   total 629248K, used 559360K [0x00007f5dd8600000, 0x00007f5e030c0000, 0x00007f632db50000)
  eden space 559360K, 100% used [0x00007f5dd8600000, 0x00007f5dfa840000, 0x00007f5dfa840000)
  from space 69888K,   0% used [0x00007f5dfa840000, 0x00007f5dfa840000, 0x00007f5dfec80000)
  to   space 69888K,   0% used [0x00007f5dfec80000, 0x00007f5dfec80000, 0x00007f5e030c0000)
 tenured generation   total 1398144K, used 13612K [0x00007f632db50000, 0x00007f63830b0000, 0x00007f6dd8600000)
   the space 1398144K,   0% used [0x00007f632db50000, 0x00007f632e89b058, 0x00007f632e89b200, 0x00007f63830b0000)
 Metaspace       used 22838K, capacity 23237K, committed 23296K, reserved 24576K
}
Event: 4.732 GC heap after
{Heap after GC invocations=2 (full 1):
 def new generation   total 629248K, used 658K [0x00007f5dd8600000, 0x00007f5e030c0000, 0x00007f632db50000)
  eden space 559360K,   0% used [0x00007f5dd8600000, 0x00007f5dd8600000, 0x00007f5dfa840000)
  from space 69888K,   0% used [0x00007f5dfec80000, 0x00007f5dfed248a8, 0x00007f5e030c0000)
  to   space 69888K,   0% used [0x00007f5dfa840000, 0x00007f5dfa840000, 0x00007f5dfec80000)
 tenured generation   total 1398144K, used 13612K [0x00007f632db50000, 0x00007f63830b0000, 0x00007f6dd8600000)
   the space 1398144K,   0% used [0x00007f632db50000, 0x00007f632e89b058, 0x00007f632e89b200, 0x00007f63830b0000)
 Metaspace       used 22838K, capacity 23237K, committed 23296K, reserved 24576K
}
Event: 5.598 GC heap before
{Heap before GC invocations=2 (full 1):
 def new generation   total 629248K, used 560018K [0x00007f5dd8600000, 0x00007f5e030c0000, 0x00007f632db50000)
  eden space 559360K, 100% used [0x00007f5dd8600000, 0x00007f5dfa840000, 0x00007f5dfa840000)
  from space 69888K,   0% used [0x00007f5dfec80000, 0x00007f5dfed248a8, 0x00007f5e030c0000)
  to   space 69888K,   0% used [0x00007f5dfa840000, 0x00007f5dfa840000, 0x00007f5dfec80000)
 tenured generation   total 1398144K, used 13612K [0x00007f632db50000, 0x00007f63830b0000, 0x00007f6dd8600000)
   the space 1398144K,   0% used [0x00007f632db50000, 0x00007f632e89b058, 0x00007f632e89b200, 0x00007f63830b0000)
 Metaspace       used 22859K, capacity 23238K, committed 23296K, reserved 24576K
}
Event: 5.601 GC heap after
{Heap after GC invocations=3 (full 1):
 def new generation   total 629248K, used 962K [0x00007f5dd8600000, 0x00007f5e030c0000, 0x00007f632db50000)
  eden space 559360K,   0% used [0x00007f5dd8600000, 0x00007f5dd8600000, 0x00007f5dfa840000)
  from space 69888K,   1% used [0x00007f5dfa840000, 0x00007f5dfa930840, 0x00007f5dfec80000)
  to   space 69888K,   0% used [0x00007f5dfec80000, 0x00007f5dfec80000, 0x00007f5e030c0000)
 tenured generation   total 1398144K, used 13612K [0x00007f632db50000, 0x00007f63830b0000, 0x00007f6dd8600000)
   the space 1398144K,   0% used [0x00007f632db50000, 0x00007f632e89b058, 0x00007f632e89b200, 0x00007f63830b0000)
 Metaspace       used 22859K, capacity 23238K, committed 23296K, reserved 24576K
}
Event: 6.945 GC heap before
{Heap before GC invocations=3 (full 1):
 def new generation   total 629248K, used 509203K [0x00007f5dd8600000, 0x00007f5e030c0000, 0x00007f632db50000)
  eden space 559360K,  90% used [0x00007f5dd8600000, 0x00007f5df7654720, 0x00007f5dfa840000)
  from space 69888K,   1% used [0x00007f5dfa840000, 0x00007f5dfa930840, 0x00007f5dfec80000)
  to   space 69888K,   0% used [0x00007f5dfec80000, 0x00007f5dfec80000, 0x00007f5e030c0000)
 tenured generation   total 1398144K, used 13612K [0x00007f632db50000, 0x00007f63830b0000, 0x00007f6dd8600000)
   the space 1398144K,   0% used [0x00007f632db50000, 0x00007f632e89b058, 0x00007f632e89b200, 0x00007f63830b0000)
 Metaspace       used 23051K, capacity 23443K, committed 23552K, reserved 24576K
}
Event: 7.104 GC heap after
{Heap after GC invocations=4 (full 1):
 def new generation   total 629248K, used 1300K [0x00007f5dd8600000, 0x00007f5e030c0000, 0x00007f632db50000)
  eden space 559360K,   0% used [0x00007f5dd8600000, 0x00007f5dd8600000, 0x00007f5dfa840000)
  from space 69888K,   1% used [0x00007f5dfec80000, 0x00007f5dfedc5028, 0x00007f5e030c0000)
  to   space 69888K,   0% used [0x00007f5dfa840000, 0x00007f5dfa840000, 0x00007f5dfec80000)
 tenured generation   total 1398144K, used 144684K [0x00007f632db50000, 0x00007f63830b0000, 0x00007f6dd8600000)
   the space 1398144K,  10% used [0x00007f632db50000, 0x00007f633689b070, 0x00007f633689b200, 0x00007f63830b0000)
 Metaspace       used 23051K, capacity 23443K, committed 23552K, reserved 24576K
}
Event: 7.301 GC heap before
{Heap before GC invocations=4 (full 1):
 def new generation   total 629248K, used 143368K [0x00007f5dd8600000, 0x00007f5e030c0000, 0x00007f632db50000)
  eden space 559360K,  25% used [0x00007f5dd8600000, 0x00007f5de10bd1c0, 0x00007f5dfa840000)
  from space 69888K,   1% used [0x00007f5dfec80000, 0x00007f5dfedc5028, 0x00007f5e030c0000)
  to   space 69888K,   0% used [0x00007f5dfa840000, 0x00007f5dfa840000, 0x00007f5dfec80000)
 tenured generation   total 1398144K, used 144684K [0x00007f632db50000, 0x00007f63830b0000, 0x00007f6dd8600000)
   the space 1398144K,  10% used [0x00007f632db50000, 0x00007f633689b070, 0x00007f633689b200, 0x00007f63830b0000)
 Metaspace       used 23052K, capacity 23443K, committed 23552K, reserved 24576K
}
Event: 7.304 GC heap after
{Heap after GC invocations=5 (full 1):
 def new generation   total 629248K, used 1300K [0x00007f5dd8600000, 0x00007f5e030c0000, 0x00007f632db50000)
  eden space 559360K,   0% used [0x00007f5dd8600000, 0x00007f5dd8600000, 0x00007f5dfa840000)
  from space 69888K,   1% used [0x00007f5dfa840000, 0x00007f5dfa985248, 0x00007f5dfec80000)
  to   space 69888K,   0% used [0x00007f5dfec80000, 0x00007f5dfec80000, 0x00007f5e030c0000)
 tenured generation   total 1398144K, used 144684K [0x00007f632db50000, 0x00007f63830b0000, 0x00007f6dd8600000)
   the space 1398144K,  10% used [0x00007f632db50000, 0x00007f633689b070, 0x00007f633689b200, 0x00007f63830b0000)
 Metaspace       used 23052K, capacity 23443K, committed 23552K, reserved 24576K
}
Event: 7.304 GC heap before
{Heap before GC invocations=5 (full 1):
 def new generation   total 629248K, used 1300K [0x00007f5dd8600000, 0x00007f5e030c0000, 0x00007f632db50000)
  eden space 559360K,   0% used [0x00007f5dd8600000, 0x00007f5dd8600000, 0x00007f5dfa840000)
  from space 69888K,   1% used [0x00007f5dfa840000, 0x00007f5dfa985248, 0x00007f5dfec80000)
  to   space 69888K,   0% used [0x00007f5dfec80000, 0x00007f5dfec80000, 0x00007f5e030c0000)
 tenured generation   total 1398144K, used 144684K [0x00007f632db50000, 0x00007f63830b0000, 0x00007f6dd8600000)
   the space 1398144K,  10% used [0x00007f632db50000, 0x00007f633689b070, 0x00007f633689b200, 0x00007f63830b0000)
 Metaspace       used 23052K, capacity 23443K, committed 23552K, reserved 24576K
}
Event: 7.345 GC heap after
{Heap after GC invocations=5 (full 2):
 def new generation   total 629248K, used 0K [0x00007f5dd8600000, 0x00007f5e030c0000, 0x00007f632db50000)
  eden space 559360K,   0% used [0x00007f5dd8600000, 0x00007f5dd8600000, 0x00007f5dfa840000)
  from space 69888K,   0% used [0x00007f5dfa840000, 0x00007f5dfa840000, 0x00007f5dfec80000)
  to   space 69888K,   0% used [0x00007f5dfec80000, 0x00007f5dfec80000, 0x00007f5e030c0000)
 tenured generation   total 1398144K, used 14912K [0x00007f632db50000, 0x00007f63830b0000, 0x00007f6dd8600000)
   the space 1398144K,   1% used [0x00007f632db50000, 0x00007f632e9e01f8, 0x00007f632e9e0200, 0x00007f63830b0000)
 Metaspace       used 23052K, capacity 23443K, committed 23552K, reserved 24576K
}

