# JRE version: OpenJDK Runtime Environment (13.0.7+5) (build 13.0.7+5-Ubuntu-0ubuntu120.04)
# Java VM: OpenJDK 64-Bit Server VM (13.0.7+5-Ubuntu-0ubuntu120.04, mixed mode, tiered, serial gc, linux-amd64)
Heap:
 def new generation   total 8918272K, used 0K [0x00007f7ab8600000, 0x00007f7d152f0000, 0x00007f800db50000)
  eden space 7927360K,   0% used [0x00007f7ab8600000, 0x00007f7ab8600000, 0x00007f7c9c390000)
  from space 990912K,   0% used [0x00007f7cd8b40000, 0x00007f7cd8b40000, 0x00007f7d152f0000)
  to   space 990912K,   0% used [0x00007f7c9c390000, 0x00007f7c9c390000, 0x00007f7cd8b40000)
 tenured generation   total 20360832K, used 19812170K [0x00007f800db50000, 0x00007f84e86f0000, 0x00007f8ab8600000)
   the space 20360832K,  97% used [0x00007f800db50000, 0x00007f84c6f22bc8, 0x00007f84c6f22c00, 0x00007f84e86f0000)
 Metaspace       used 30540K, capacity 30959K, committed 31232K, reserved 32768K
GC Heap History (20 events):
Event: 597.950 GC heap after
{Heap after GC invocations=73 (full 7):
 def new generation   total 8918272K, used 584261K [0x00007f7ab8600000, 0x00007f7d152f0000, 0x00007f800db50000)
  eden space 7927360K,   0% used [0x00007f7ab8600000, 0x00007f7ab8600000, 0x00007f7c9c390000)
  from space 990912K,  58% used [0x00007f7c9c390000, 0x00007f7cbfe21790, 0x00007f7cd8b40000)
  to   space 990912K,   0% used [0x00007f7cd8b40000, 0x00007f7cd8b40000, 0x00007f7d152f0000)
 tenured generation   total 19818240K, used 14947673K [0x00007f800db50000, 0x00007f84c7510000, 0x00007f8ab8600000)
   the space 19818240K,  75% used [0x00007f800db50000, 0x00007f839e0a6480, 0x00007f839e0a6600, 0x00007f84c7510000)
 Metaspace       used 30540K, capacity 30959K, committed 31232K, reserved 32768K
}
Event: 600.157 GC heap before
{Heap before GC invocations=73 (full 7):
 def new generation   total 8918272K, used 8511621K [0x00007f7ab8600000, 0x00007f7d152f0000, 0x00007f800db50000)
  eden space 7927360K, 100% used [0x00007f7ab8600000, 0x00007f7c9c390000, 0x00007f7c9c390000)
  from space 990912K,  58% used [0x00007f7c9c390000, 0x00007f7cbfe21790, 0x00007f7cd8b40000)
  to   space 990912K,   0% used [0x00007f7cd8b40000, 0x00007f7cd8b40000, 0x00007f7d152f0000)
 tenured generation   total 19818240K, used 14947673K [0x00007f800db50000, 0x00007f84c7510000, 0x00007f8ab8600000)
   the space 19818240K,  75% used [0x00007f800db50000, 0x00007f839e0a6480, 0x00007f839e0a6600, 0x00007f84c7510000)
 Metaspace       used 30540K, capacity 30959K, committed 31232K, reserved 32768K
}
Event: 601.678 GC heap after
{Heap after GC invocations=74 (full 7):
 def new generation   total 8918272K, used 584470K [0x00007f7ab8600000, 0x00007f7d152f0000, 0x00007f800db50000)
  eden space 7927360K,   0% used [0x00007f7ab8600000, 0x00007f7ab8600000, 0x00007f7c9c390000)
  from space 990912K,  58% used [0x00007f7cd8b40000, 0x00007f7cfc605bd0, 0x00007f7d152f0000)
  to   space 990912K,   0% used [0x00007f7c9c390000, 0x00007f7c9c390000, 0x00007f7cd8b40000)
 tenured generation   total 19818240K, used 15531934K [0x00007f800db50000, 0x00007f84c7510000, 0x00007f8ab8600000)
   the space 19818240K,  78% used [0x00007f800db50000, 0x00007f83c1b37810, 0x00007f83c1b37a00, 0x00007f84c7510000)
 Metaspace       used 30540K, capacity 30959K, committed 31232K, reserved 32768K
}
Event: 603.904 GC heap before
{Heap before GC invocations=74 (full 7):
 def new generation   total 8918272K, used 8511830K [0x00007f7ab8600000, 0x00007f7d152f0000, 0x00007f800db50000)
  eden space 7927360K, 100% used [0x00007f7ab8600000, 0x00007f7c9c390000, 0x00007f7c9c390000)
  from space 990912K,  58% used [0x00007f7cd8b40000, 0x00007f7cfc605bd0, 0x00007f7d152f0000)
  to   space 990912K,   0% used [0x00007f7c9c390000, 0x00007f7c9c390000, 0x00007f7cd8b40000)
 tenured generation   total 19818240K, used 15531934K [0x00007f800db50000, 0x00007f84c7510000, 0x00007f8ab8600000)
   the space 19818240K,  78% used [0x00007f800db50000, 0x00007f83c1b37810, 0x00007f83c1b37a00, 0x00007f84c7510000)
 Metaspace       used 30540K, capacity 30959K, committed 31232K, reserved 32768K
}
Event: 605.559 GC heap after
{Heap after GC invocations=75 (full 7):
 def new generation   total 8918272K, used 584665K [0x00007f7ab8600000, 0x00007f7d152f0000, 0x00007f800db50000)
  eden space 7927360K,   0% used [0x00007f7ab8600000, 0x00007f7ab8600000, 0x00007f7c9c390000)
  from space 990912K,  59% used [0x00007f7c9c390000, 0x00007f7cbfe864a0, 0x00007f7cd8b40000)
  to   space 990912K,   0% used [0x00007f7cd8b40000, 0x00007f7cd8b40000, 0x00007f7d152f0000)
 tenured generation   total 19818240K, used 16116404K [0x00007f800db50000, 0x00007f84c7510000, 0x00007f8ab8600000)
   the space 19818240K,  81% used [0x00007f800db50000, 0x00007f83e55fd040, 0x00007f83e55fd200, 0x00007f84c7510000)
 Metaspace       used 30540K, capacity 30959K, committed 31232K, reserved 32768K
}
Event: 607.765 GC heap before
{Heap before GC invocations=75 (full 7):
 def new generation   total 8918272K, used 8512025K [0x00007f7ab8600000, 0x00007f7d152f0000, 0x00007f800db50000)
  eden space 7927360K, 100% used [0x00007f7ab8600000, 0x00007f7c9c390000, 0x00007f7c9c390000)
  from space 990912K,  59% used [0x00007f7c9c390000, 0x00007f7cbfe864a0, 0x00007f7cd8b40000)
  to   space 990912K,   0% used [0x00007f7cd8b40000, 0x00007f7cd8b40000, 0x00007f7d152f0000)
 tenured generation   total 19818240K, used 16116404K [0x00007f800db50000, 0x00007f84c7510000, 0x00007f8ab8600000)
   the space 19818240K,  81% used [0x00007f800db50000, 0x00007f83e55fd040, 0x00007f83e55fd200, 0x00007f84c7510000)
 Metaspace       used 30540K, capacity 30959K, committed 31232K, reserved 32768K
}
Event: 609.663 GC heap after
{Heap after GC invocations=76 (full 7):
 def new generation   total 8918272K, used 745567K [0x00007f7ab8600000, 0x00007f7d152f0000, 0x00007f800db50000)
  eden space 7927360K,   0% used [0x00007f7ab8600000, 0x00007f7ab8600000, 0x00007f7c9c390000)
  from space 990912K,  75% used [0x00007f7cd8b40000, 0x00007f7d06357c90, 0x00007f7d152f0000)
  to   space 990912K,   0% used [0x00007f7c9c390000, 0x00007f7c9c390000, 0x00007f7cd8b40000)
 tenured generation   total 19818240K, used 16701068K [0x00007f800db50000, 0x00007f84c7510000, 0x00007f8ab8600000)
   the space 19818240K,  84% used [0x00007f800db50000, 0x00007f84090f3320, 0x00007f84090f3400, 0x00007f84c7510000)
 Metaspace       used 30540K, capacity 30959K, committed 31232K, reserved 32768K
}
Event: 612.108 GC heap before
{Heap before GC invocations=76 (full 7):
 def new generation   total 8918272K, used 8672927K [0x00007f7ab8600000, 0x00007f7d152f0000, 0x00007f800db50000)
  eden space 7927360K, 100% used [0x00007f7ab8600000, 0x00007f7c9c390000, 0x00007f7c9c390000)
  from space 990912K,  75% used [0x00007f7cd8b40000, 0x00007f7d06357c90, 0x00007f7d152f0000)
  to   space 990912K,   0% used [0x00007f7c9c390000, 0x00007f7c9c390000, 0x00007f7cd8b40000)
 tenured generation   total 19818240K, used 16701068K [0x00007f800db50000, 0x00007f84c7510000, 0x00007f8ab8600000)
   the space 19818240K,  84% used [0x00007f800db50000, 0x00007f84090f3320, 0x00007f84090f3400, 0x00007f84c7510000)
 Metaspace       used 30540K, capacity 30959K, committed 31232K, reserved 32768K
}
Event: 613.802 GC heap after
{Heap after GC invocations=77 (full 7):
 def new generation   total 8918272K, used 580976K [0x00007f7ab8600000, 0x00007f7d152f0000, 0x00007f800db50000)
  eden space 7927360K,   0% used [0x00007f7ab8600000, 0x00007f7ab8600000, 0x00007f7c9c390000)
  from space 990912K,  58% used [0x00007f7c9c390000, 0x00007f7cbfaec170, 0x00007f7cd8b40000)
  to   space 990912K,   0% used [0x00007f7cd8b40000, 0x00007f7cd8b40000, 0x00007f7d152f0000)
 tenured generation   total 19818240K, used 17446635K [0x00007f800db50000, 0x00007f84c7510000, 0x00007f8ab8600000)
   the space 19818240K,  88% used [0x00007f800db50000, 0x00007f843690ad30, 0x00007f843690ae00, 0x00007f84c7510000)
 Metaspace       used 30540K, capacity 30959K, committed 31232K, reserved 32768K
}
Event: 616.240 GC heap before
{Heap before GC invocations=77 (full 7):
 def new generation   total 8918272K, used 8508336K [0x00007f7ab8600000, 0x00007f7d152f0000, 0x00007f800db50000)
  eden space 7927360K, 100% used [0x00007f7ab8600000, 0x00007f7c9c390000, 0x00007f7c9c390000)
  from space 990912K,  58% used [0x00007f7c9c390000, 0x00007f7cbfaec170, 0x00007f7cd8b40000)
  to   space 990912K,   0% used [0x00007f7cd8b40000, 0x00007f7cd8b40000, 0x00007f7d152f0000)
 tenured generation   total 19818240K, used 17446635K [0x00007f800db50000, 0x00007f84c7510000, 0x00007f8ab8600000)
   the space 19818240K,  88% used [0x00007f800db50000, 0x00007f843690ad30, 0x00007f843690ae00, 0x00007f84c7510000)
 Metaspace       used 30540K, capacity 30959K, committed 31232K, reserved 32768K
}
Event: 617.813 GC heap after
{Heap after GC invocations=78 (full 7):
 def new generation   total 8918272K, used 581276K [0x00007f7ab8600000, 0x00007f7d152f0000, 0x00007f800db50000)
  eden space 7927360K,   0% used [0x00007f7ab8600000, 0x00007f7ab8600000, 0x00007f7c9c390000)
  from space 990912K,  58% used [0x00007f7cd8b40000, 0x00007f7cfc2e72d0, 0x00007f7d152f0000)
  to   space 990912K,   0% used [0x00007f7c9c390000, 0x00007f7c9c390000, 0x00007f7cd8b40000)
 tenured generation   total 19818240K, used 18027611K [0x00007f800db50000, 0x00007f84c7510000, 0x00007f8ab8600000)
   the space 19818240K,  90% used [0x00007f800db50000, 0x00007f845a066d40, 0x00007f845a066e00, 0x00007f84c7510000)
 Metaspace       used 30540K, capacity 30959K, committed 31232K, reserved 32768K
}
Event: 620.001 GC heap before
{Heap before GC invocations=78 (full 7):
 def new generation   total 8918272K, used 8508636K [0x00007f7ab8600000, 0x00007f7d152f0000, 0x00007f800db50000)
  eden space 7927360K, 100% used [0x00007f7ab8600000, 0x00007f7c9c390000, 0x00007f7c9c390000)
  from space 990912K,  58% used [0x00007f7cd8b40000, 0x00007f7cfc2e72d0, 0x00007f7d152f0000)
  to   space 990912K,   0% used [0x00007f7c9c390000, 0x00007f7c9c390000, 0x00007f7cd8b40000)
 tenured generation   total 19818240K, used 18027611K [0x00007f800db50000, 0x00007f84c7510000, 0x00007f8ab8600000)
   the space 19818240K,  90% used [0x00007f800db50000, 0x00007f845a066d40, 0x00007f845a066e00, 0x00007f84c7510000)
 Metaspace       used 30540K, capacity 30959K, committed 31232K, reserved 32768K
}
Event: 621.602 GC heap after
{Heap after GC invocations=79 (full 7):
 def new generation   total 8918272K, used 583553K [0x00007f7ab8600000, 0x00007f7d152f0000, 0x00007f800db50000)
  eden space 7927360K,   0% used [0x00007f7ab8600000, 0x00007f7ab8600000, 0x00007f7c9c390000)
  from space 990912K,  58% used [0x00007f7c9c390000, 0x00007f7cbfd706a0, 0x00007f7cd8b40000)
  to   space 990912K,   0% used [0x00007f7cd8b40000, 0x00007f7cd8b40000, 0x00007f7d152f0000)
 tenured generation   total 19818240K, used 18608887K [0x00007f800db50000, 0x00007f84c7510000, 0x00007f8ab8600000)
   the space 19818240K,  93% used [0x00007f800db50000, 0x00007f847d80dcb0, 0x00007f847d80de00, 0x00007f84c7510000)
 Metaspace       used 30540K, capacity 30959K, committed 31232K, reserved 32768K
}
Event: 623.834 GC heap before
{Heap before GC invocations=79 (full 7):
 def new generation   total 8918272K, used 8510913K [0x00007f7ab8600000, 0x00007f7d152f0000, 0x00007f800db50000)
  eden space 7927360K, 100% used [0x00007f7ab8600000, 0x00007f7c9c390000, 0x00007f7c9c390000)
  from space 990912K,  58% used [0x00007f7c9c390000, 0x00007f7cbfd706a0, 0x00007f7cd8b40000)
  to   space 990912K,   0% used [0x00007f7cd8b40000, 0x00007f7cd8b40000, 0x00007f7d152f0000)
 tenured generation   total 19818240K, used 18608887K [0x00007f800db50000, 0x00007f84c7510000, 0x00007f8ab8600000)
   the space 19818240K,  93% used [0x00007f800db50000, 0x00007f847d80dcb0, 0x00007f847d80de00, 0x00007f84c7510000)
 Metaspace       used 30540K, capacity 30959K, committed 31232K, reserved 32768K
}
Event: 625.441 GC heap after
{Heap after GC invocations=80 (full 7):
 def new generation   total 8918272K, used 583766K [0x00007f7ab8600000, 0x00007f7d152f0000, 0x00007f800db50000)
  eden space 7927360K,   0% used [0x00007f7ab8600000, 0x00007f7ab8600000, 0x00007f7c9c390000)
  from space 990912K,  58% used [0x00007f7cd8b40000, 0x00007f7cfc5559c0, 0x00007f7d152f0000)
  to   space 990912K,   0% used [0x00007f7c9c390000, 0x00007f7c9c390000, 0x00007f7cd8b40000)
 tenured generation   total 19818240K, used 19192440K [0x00007f800db50000, 0x00007f84c7510000, 0x00007f8ab8600000)
   the space 19818240K,  96% used [0x00007f800db50000, 0x00007f84a11ee0d0, 0x00007f84a11ee200, 0x00007f84c7510000)
 Metaspace       used 30540K, capacity 30959K, committed 31232K, reserved 32768K
}
Event: 627.632 GC heap before
{Heap before GC invocations=80 (full 7):
 def new generation   total 8918272K, used 8511126K [0x00007f7ab8600000, 0x00007f7d152f0000, 0x00007f800db50000)
  eden space 7927360K, 100% used [0x00007f7ab8600000, 0x00007f7c9c390000, 0x00007f7c9c390000)
  from space 990912K,  58% used [0x00007f7cd8b40000, 0x00007f7cfc5559c0, 0x00007f7d152f0000)
  to   space 990912K,   0% used [0x00007f7c9c390000, 0x00007f7c9c390000, 0x00007f7cd8b40000)
 tenured generation   total 19818240K, used 19192440K [0x00007f800db50000, 0x00007f84c7510000, 0x00007f8ab8600000)
   the space 19818240K,  96% used [0x00007f800db50000, 0x00007f84a11ee0d0, 0x00007f84a11ee200, 0x00007f84c7510000)
 Metaspace       used 30540K, capacity 30959K, committed 31232K, reserved 32768K
}
Event: 629.232 GC heap after
{Heap after GC invocations=81 (full 7):
 def new generation   total 8918272K, used 584519K [0x00007f7ab8600000, 0x00007f7d152f0000, 0x00007f800db50000)
  eden space 7927360K,   0% used [0x00007f7ab8600000, 0x00007f7ab8600000, 0x00007f7c9c390000)
  from space 990912K,  58% used [0x00007f7c9c390000, 0x00007f7cbfe61ea0, 0x00007f7cd8b40000)
  to   space 990912K,   0% used [0x00007f7cd8b40000, 0x00007f7cd8b40000, 0x00007f7d152f0000)
 tenured generation   total 19818240K, used 19776205K [0x00007f800db50000, 0x00007f84c7510000, 0x00007f8ab8600000)
   the space 19818240K,  99% used [0x00007f800db50000, 0x00007f84c4c03770, 0x00007f84c4c03800, 0x00007f84c7510000)
 Metaspace       used 30540K, capacity 30959K, committed 31232K, reserved 32768K
}
Event: 631.475 GC heap before
{Heap before GC invocations=81 (full 7):
 def new generation   total 8918272K, used 8511879K [0x00007f7ab8600000, 0x00007f7d152f0000, 0x00007f800db50000)
  eden space 7927360K, 100% used [0x00007f7ab8600000, 0x00007f7c9c390000, 0x00007f7c9c390000)
  from space 990912K,  58% used [0x00007f7c9c390000, 0x00007f7cbfe61ea0, 0x00007f7cd8b40000)
  to   space 990912K,   0% used [0x00007f7cd8b40000, 0x00007f7cd8b40000, 0x00007f7d152f0000)
 tenured generation   total 19818240K, used 19776205K [0x00007f800db50000, 0x00007f84c7510000, 0x00007f8ab8600000)
   the space 19818240K,  99% used [0x00007f800db50000, 0x00007f84c4c03770, 0x00007f84c4c03800, 0x00007f84c7510000)
 Metaspace       used 30540K, capacity 30959K, committed 31232K, reserved 32768K
}
Event: 633.347 GC heap after
{Heap after GC invocations=82 (full 7):
 def new generation   total 8918272K, used 744735K [0x00007f7ab8600000, 0x00007f7d152f0000, 0x00007f800db50000)
  eden space 7927360K,   0% used [0x00007f7ab8600000, 0x00007f7ab8600000, 0x00007f7c9c390000)
  from space 990912K,  75% used [0x00007f7cd8b40000, 0x00007f7d06287f90, 0x00007f7d152f0000)
  to   space 990912K,   0% used [0x00007f7c9c390000, 0x00007f7c9c390000, 0x00007f7cd8b40000)
 tenured generation   total 20360832K, used 20360724K [0x00007f800db50000, 0x00007f84e86f0000, 0x00007f8ab8600000)
   the space 20360832K,  99% used [0x00007f800db50000, 0x00007f84e86d52a0, 0x00007f84e86d5400, 0x00007f84e86f0000)
 Metaspace       used 30540K, capacity 30959K, committed 31232K, reserved 32768K
}
Event: 633.347 GC heap before
{Heap before GC invocations=82 (full 7):
 def new generation   total 8918272K, used 744735K [0x00007f7ab8600000, 0x00007f7d152f0000, 0x00007f800db50000)
  eden space 7927360K,   0% used [0x00007f7ab8600000, 0x00007f7ab8600000, 0x00007f7c9c390000)
  from space 990912K,  75% used [0x00007f7cd8b40000, 0x00007f7d06287f90, 0x00007f7d152f0000)
  to   space 990912K,   0% used [0x00007f7c9c390000, 0x00007f7c9c390000, 0x00007f7cd8b40000)
 tenured generation   total 20360832K, used 20360724K [0x00007f800db50000, 0x00007f84e86f0000, 0x00007f8ab8600000)
   the space 20360832K,  99% used [0x00007f800db50000, 0x00007f84e86d52a0, 0x00007f84e86d5400, 0x00007f84e86f0000)
 Metaspace       used 30540K, capacity 30959K, committed 31232K, reserved 32768K
}

