# JRE version: OpenJDK Runtime Environment (13.0.7+5) (build 13.0.7+5-Ubuntu-0ubuntu120.04)
# Java VM: OpenJDK 64-Bit Server VM (13.0.7+5-Ubuntu-0ubuntu120.04, mixed mode, tiered, serial gc, linux-amd64)
Heap:
 def new generation   total 5726016K, used 51996K [0x00007efa00600000, 0x00007efb84b20000, 0x00007eff55b50000)
  eden space 5089792K,   1% used [0x00007efa00600000, 0x00007efa038c71e0, 0x00007efb37080000)
  from space 636224K,   0% used [0x00007efb37080000, 0x00007efb37080000, 0x00007efb5ddd0000)
  to   space 636224K,   0% used [0x00007efb5ddd0000, 0x00007efb5ddd0000, 0x00007efb84b20000)
 tenured generation   total 13674748K, used 13674748K [0x00007eff55b50000, 0x00007f029858f000, 0x00007f0a00600000)
   the space 13674748K, 100% used [0x00007eff55b50000, 0x00007f029858f000, 0x00007f029858f000, 0x00007f029858f000)
 Metaspace       used 30482K, capacity 30851K, committed 30976K, reserved 32768K
GC Heap History (20 events):
Event: 149.610 GC heap after
{Heap after GC invocations=41 (full 6):
 def new generation   total 5726016K, used 596897K [0x00007efa00600000, 0x00007efb84b20000, 0x00007eff55b50000)
  eden space 5089792K,   0% used [0x00007efa00600000, 0x00007efa00600000, 0x00007efb37080000)
  from space 636224K,  93% used [0x00007efb5ddd0000, 0x00007efb824b8508, 0x00007efb84b20000)
  to   space 636224K,   0% used [0x00007efb37080000, 0x00007efb37080000, 0x00007efb5ddd0000)
 tenured generation   total 12724348K, used 7634607K [0x00007eff55b50000, 0x00007f025e56f000, 0x00007f0a00600000)
   the space 12724348K,  59% used [0x00007eff55b50000, 0x00007f0127afbfd8, 0x00007f0127afc000, 0x00007f025e56f000)
 Metaspace       used 30482K, capacity 30851K, committed 30976K, reserved 32768K
}
Event: 150.915 GC heap before
{Heap before GC invocations=41 (full 6):
 def new generation   total 5726016K, used 5686689K [0x00007efa00600000, 0x00007efb84b20000, 0x00007eff55b50000)
  eden space 5089792K, 100% used [0x00007efa00600000, 0x00007efb37080000, 0x00007efb37080000)
  from space 636224K,  93% used [0x00007efb5ddd0000, 0x00007efb824b8508, 0x00007efb84b20000)
  to   space 636224K,   0% used [0x00007efb37080000, 0x00007efb37080000, 0x00007efb5ddd0000)
 tenured generation   total 12724348K, used 7634607K [0x00007eff55b50000, 0x00007f025e56f000, 0x00007f0a00600000)
   the space 12724348K,  59% used [0x00007eff55b50000, 0x00007f0127afbfd8, 0x00007f0127afc000, 0x00007f025e56f000)
 Metaspace       used 30482K, capacity 30851K, committed 30976K, reserved 32768K
}
Event: 152.115 GC heap after
{Heap after GC invocations=42 (full 6):
 def new generation   total 5726016K, used 402630K [0x00007efa00600000, 0x00007efb84b20000, 0x00007eff55b50000)
  eden space 5089792K,   0% used [0x00007efa00600000, 0x00007efa00600000, 0x00007efb37080000)
  from space 636224K,  63% used [0x00007efb37080000, 0x00007efb4f9b19f0, 0x00007efb5ddd0000)
  to   space 636224K,   0% used [0x00007efb5ddd0000, 0x00007efb5ddd0000, 0x00007efb84b20000)
 tenured generation   total 12724348K, used 8231505K [0x00007eff55b50000, 0x00007f025e56f000, 0x00007f0a00600000)
   the space 12724348K,  64% used [0x00007eff55b50000, 0x00007f014c1e4420, 0x00007f014c1e4600, 0x00007f025e56f000)
 Metaspace       used 30482K, capacity 30851K, committed 30976K, reserved 32768K
}
Event: 153.432 GC heap before
{Heap before GC invocations=42 (full 6):
 def new generation   total 5726016K, used 5492422K [0x00007efa00600000, 0x00007efb84b20000, 0x00007eff55b50000)
  eden space 5089792K, 100% used [0x00007efa00600000, 0x00007efb37080000, 0x00007efb37080000)
  from space 636224K,  63% used [0x00007efb37080000, 0x00007efb4f9b19f0, 0x00007efb5ddd0000)
  to   space 636224K,   0% used [0x00007efb5ddd0000, 0x00007efb5ddd0000, 0x00007efb84b20000)
 tenured generation   total 12724348K, used 8231505K [0x00007eff55b50000, 0x00007f025e56f000, 0x00007f0a00600000)
   the space 12724348K,  64% used [0x00007eff55b50000, 0x00007f014c1e4420, 0x00007f014c1e4600, 0x00007f025e56f000)
 Metaspace       used 30482K, capacity 30851K, committed 30976K, reserved 32768K
}
Event: 154.414 GC heap after
{Heap after GC invocations=43 (full 6):
 def new generation   total 5726016K, used 393347K [0x00007efa00600000, 0x00007efb84b20000, 0x00007eff55b50000)
  eden space 5089792K,   0% used [0x00007efa00600000, 0x00007efa00600000, 0x00007efb37080000)
  from space 636224K,  61% used [0x00007efb5ddd0000, 0x00007efb75df0ec8, 0x00007efb84b20000)
  to   space 636224K,   0% used [0x00007efb37080000, 0x00007efb37080000, 0x00007efb5ddd0000)
 tenured generation   total 12724348K, used 8634135K [0x00007eff55b50000, 0x00007f025e56f000, 0x00007f0a00600000)
   the space 12724348K,  67% used [0x00007eff55b50000, 0x00007f0164b15d30, 0x00007f0164b15e00, 0x00007f025e56f000)
 Metaspace       used 30482K, capacity 30851K, committed 30976K, reserved 32768K
}
Event: 155.721 GC heap before
{Heap before GC invocations=43 (full 6):
 def new generation   total 5726016K, used 5483139K [0x00007efa00600000, 0x00007efb84b20000, 0x00007eff55b50000)
  eden space 5089792K, 100% used [0x00007efa00600000, 0x00007efb37080000, 0x00007efb37080000)
  from space 636224K,  61% used [0x00007efb5ddd0000, 0x00007efb75df0ec8, 0x00007efb84b20000)
  to   space 636224K,   0% used [0x00007efb37080000, 0x00007efb37080000, 0x00007efb5ddd0000)
 tenured generation   total 12724348K, used 8634135K [0x00007eff55b50000, 0x00007f025e56f000, 0x00007f0a00600000)
   the space 12724348K,  67% used [0x00007eff55b50000, 0x00007f0164b15d30, 0x00007f0164b15e00, 0x00007f025e56f000)
 Metaspace       used 30482K, capacity 30851K, committed 30976K, reserved 32768K
}
Event: 156.719 GC heap after
{Heap after GC invocations=44 (full 6):
 def new generation   total 5726016K, used 400716K [0x00007efa00600000, 0x00007efb84b20000, 0x00007eff55b50000)
  eden space 5089792K,   0% used [0x00007efa00600000, 0x00007efa00600000, 0x00007efb37080000)
  from space 636224K,  62% used [0x00007efb37080000, 0x00007efb4f7d33b0, 0x00007efb5ddd0000)
  to   space 636224K,   0% used [0x00007efb5ddd0000, 0x00007efb5ddd0000, 0x00007efb84b20000)
 tenured generation   total 12724348K, used 9027482K [0x00007eff55b50000, 0x00007f025e56f000, 0x00007f0a00600000)
   the space 12724348K,  70% used [0x00007eff55b50000, 0x00007f017cb36988, 0x00007f017cb36a00, 0x00007f025e56f000)
 Metaspace       used 30482K, capacity 30851K, committed 30976K, reserved 32768K
}
Event: 158.050 GC heap before
{Heap before GC invocations=44 (full 6):
 def new generation   total 5726016K, used 5490508K [0x00007efa00600000, 0x00007efb84b20000, 0x00007eff55b50000)
  eden space 5089792K, 100% used [0x00007efa00600000, 0x00007efb37080000, 0x00007efb37080000)
  from space 636224K,  62% used [0x00007efb37080000, 0x00007efb4f7d33b0, 0x00007efb5ddd0000)
  to   space 636224K,   0% used [0x00007efb5ddd0000, 0x00007efb5ddd0000, 0x00007efb84b20000)
 tenured generation   total 12724348K, used 9027482K [0x00007eff55b50000, 0x00007f025e56f000, 0x00007f0a00600000)
   the space 12724348K,  70% used [0x00007eff55b50000, 0x00007f017cb36988, 0x00007f017cb36a00, 0x00007f025e56f000)
 Metaspace       used 30482K, capacity 30851K, committed 30976K, reserved 32768K
}
Event: 159.122 GC heap after
{Heap after GC invocations=45 (full 6):
 def new generation   total 5726016K, used 401523K [0x00007efa00600000, 0x00007efb84b20000, 0x00007eff55b50000)
  eden space 5089792K,   0% used [0x00007efa00600000, 0x00007efa00600000, 0x00007efb37080000)
  from space 636224K,  63% used [0x00007efb5ddd0000, 0x00007efb765ecd80, 0x00007efb84b20000)
  to   space 636224K,   0% used [0x00007efb37080000, 0x00007efb37080000, 0x00007efb5ddd0000)
 tenured generation   total 12724348K, used 9428198K [0x00007eff55b50000, 0x00007f025e56f000, 0x00007f0a00600000)
   the space 12724348K,  74% used [0x00007eff55b50000, 0x00007f0195289928, 0x00007f0195289a00, 0x00007f025e56f000)
 Metaspace       used 30482K, capacity 30851K, committed 30976K, reserved 32768K
}
Event: 160.424 GC heap before
{Heap before GC invocations=45 (full 6):
 def new generation   total 5726016K, used 5491315K [0x00007efa00600000, 0x00007efb84b20000, 0x00007eff55b50000)
  eden space 5089792K, 100% used [0x00007efa00600000, 0x00007efb37080000, 0x00007efb37080000)
  from space 636224K,  63% used [0x00007efb5ddd0000, 0x00007efb765ecd80, 0x00007efb84b20000)
  to   space 636224K,   0% used [0x00007efb37080000, 0x00007efb37080000, 0x00007efb5ddd0000)
 tenured generation   total 12724348K, used 9428198K [0x00007eff55b50000, 0x00007f025e56f000, 0x00007f0a00600000)
   the space 12724348K,  74% used [0x00007eff55b50000, 0x00007f0195289928, 0x00007f0195289a00, 0x00007f025e56f000)
 Metaspace       used 30482K, capacity 30851K, committed 30976K, reserved 32768K
}
Event: 161.495 GC heap after
{Heap after GC invocations=46 (full 6):
 def new generation   total 5726016K, used 412043K [0x00007efa00600000, 0x00007efb84b20000, 0x00007eff55b50000)
  eden space 5089792K,   0% used [0x00007efa00600000, 0x00007efa00600000, 0x00007efb37080000)
  from space 636224K,  64% used [0x00007efb37080000, 0x00007efb502e2dd8, 0x00007efb5ddd0000)
  to   space 636224K,   0% used [0x00007efb5ddd0000, 0x00007efb5ddd0000, 0x00007efb84b20000)
 tenured generation   total 12724348K, used 9829721K [0x00007eff55b50000, 0x00007f025e56f000, 0x00007f0a00600000)
   the space 12724348K,  77% used [0x00007eff55b50000, 0x00007f01adaa6498, 0x00007f01adaa6600, 0x00007f025e56f000)
 Metaspace       used 30482K, capacity 30851K, committed 30976K, reserved 32768K
}
Event: 162.779 GC heap before
{Heap before GC invocations=46 (full 6):
 def new generation   total 5726016K, used 5501835K [0x00007efa00600000, 0x00007efb84b20000, 0x00007eff55b50000)
  eden space 5089792K, 100% used [0x00007efa00600000, 0x00007efb37080000, 0x00007efb37080000)
  from space 636224K,  64% used [0x00007efb37080000, 0x00007efb502e2dd8, 0x00007efb5ddd0000)
  to   space 636224K,   0% used [0x00007efb5ddd0000, 0x00007efb5ddd0000, 0x00007efb84b20000)
 tenured generation   total 12724348K, used 9829721K [0x00007eff55b50000, 0x00007f025e56f000, 0x00007f0a00600000)
   the space 12724348K,  77% used [0x00007eff55b50000, 0x00007f01adaa6498, 0x00007f01adaa6600, 0x00007f025e56f000)
 Metaspace       used 30482K, capacity 30851K, committed 30976K, reserved 32768K
}
Event: 163.861 GC heap after
{Heap after GC invocations=47 (full 6):
 def new generation   total 5726016K, used 419043K [0x00007efa00600000, 0x00007efb84b20000, 0x00007eff55b50000)
  eden space 5089792K,   0% used [0x00007efa00600000, 0x00007efa00600000, 0x00007efb37080000)
  from space 636224K,  65% used [0x00007efb5ddd0000, 0x00007efb77708ca8, 0x00007efb84b20000)
  to   space 636224K,   0% used [0x00007efb37080000, 0x00007efb37080000, 0x00007efb5ddd0000)
 tenured generation   total 12724348K, used 10241763K [0x00007eff55b50000, 0x00007f025e56f000, 0x00007f0a00600000)
   the space 12724348K,  80% used [0x00007eff55b50000, 0x00007f01c6d08f00, 0x00007f01c6d09000, 0x00007f025e56f000)
 Metaspace       used 30482K, capacity 30851K, committed 30976K, reserved 32768K
}
Event: 165.109 GC heap before
{Heap before GC invocations=47 (full 6):
 def new generation   total 5726016K, used 5508835K [0x00007efa00600000, 0x00007efb84b20000, 0x00007eff55b50000)
  eden space 5089792K, 100% used [0x00007efa00600000, 0x00007efb37080000, 0x00007efb37080000)
  from space 636224K,  65% used [0x00007efb5ddd0000, 0x00007efb77708ca8, 0x00007efb84b20000)
  to   space 636224K,   0% used [0x00007efb37080000, 0x00007efb37080000, 0x00007efb5ddd0000)
 tenured generation   total 12724348K, used 10241763K [0x00007eff55b50000, 0x00007f025e56f000, 0x00007f0a00600000)
   the space 12724348K,  80% used [0x00007eff55b50000, 0x00007f01c6d08f00, 0x00007f01c6d09000, 0x00007f025e56f000)
 Metaspace       used 30482K, capacity 30851K, committed 30976K, reserved 32768K
}
Event: 166.179 GC heap after
{Heap after GC invocations=48 (full 6):
 def new generation   total 5726016K, used 407622K [0x00007efa00600000, 0x00007efb84b20000, 0x00007eff55b50000)
  eden space 5089792K,   0% used [0x00007efa00600000, 0x00007efa00600000, 0x00007efb37080000)
  from space 636224K,  64% used [0x00007efb37080000, 0x00007efb4fe91b68, 0x00007efb5ddd0000)
  to   space 636224K,   0% used [0x00007efb5ddd0000, 0x00007efb5ddd0000, 0x00007efb84b20000)
 tenured generation   total 12724348K, used 10660805K [0x00007eff55b50000, 0x00007f025e56f000, 0x00007f0a00600000)
   the space 12724348K,  83% used [0x00007eff55b50000, 0x00007f01e0641728, 0x00007f01e0641800, 0x00007f025e56f000)
 Metaspace       used 30482K, capacity 30851K, committed 30976K, reserved 32768K
}
Event: 263.893 GC heap before
{Heap before GC invocations=48 (full 6):
 def new generation   total 5726016K, used 5497414K [0x00007efa00600000, 0x00007efb84b20000, 0x00007eff55b50000)
  eden space 5089792K, 100% used [0x00007efa00600000, 0x00007efb37080000, 0x00007efb37080000)
  from space 636224K,  64% used [0x00007efb37080000, 0x00007efb4fe91b68, 0x00007efb5ddd0000)
  to   space 636224K,   0% used [0x00007efb5ddd0000, 0x00007efb5ddd0000, 0x00007efb84b20000)
 tenured generation   total 12724348K, used 10660805K [0x00007eff55b50000, 0x00007f025e56f000, 0x00007f0a00600000)
   the space 12724348K,  83% used [0x00007eff55b50000, 0x00007f01e0641728, 0x00007f01e0641800, 0x00007f025e56f000)
 Metaspace       used 30482K, capacity 30851K, committed 30976K, reserved 32768K
}
Event: 268.246 GC heap after
{Heap after GC invocations=49 (full 6):
 def new generation   total 5726016K, used 636223K [0x00007efa00600000, 0x00007efb84b20000, 0x00007eff55b50000)
  eden space 5089792K,   0% used [0x00007efa00600000, 0x00007efa00600000, 0x00007efb37080000)
  from space 636224K,  99% used [0x00007efb5ddd0000, 0x00007efb84b1fff8, 0x00007efb84b20000)
  to   space 636224K,   0% used [0x00007efb37080000, 0x00007efb37080000, 0x00007efb5ddd0000)
 tenured generation   total 12724348K, used 12449868K [0x00007eff55b50000, 0x00007f025e56f000, 0x00007f0a00600000)
   the space 12724348K,  97% used [0x00007eff55b50000, 0x00007f024d963118, 0x00007f024d963200, 0x00007f025e56f000)
 Metaspace       used 30482K, capacity 30851K, committed 30976K, reserved 32768K
}
Event: 675.025 GC heap before
{Heap before GC invocations=49 (full 6):
 def new generation   total 5726016K, used 5726015K [0x00007efa00600000, 0x00007efb84b20000, 0x00007eff55b50000)
  eden space 5089792K, 100% used [0x00007efa00600000, 0x00007efb37080000, 0x00007efb37080000)
  from space 636224K,  99% used [0x00007efb5ddd0000, 0x00007efb84b1fff8, 0x00007efb84b20000)
  to   space 636224K,   0% used [0x00007efb37080000, 0x00007efb37080000, 0x00007efb5ddd0000)
 tenured generation   total 12724348K, used 12449868K [0x00007eff55b50000, 0x00007f025e56f000, 0x00007f0a00600000)
   the space 12724348K,  97% used [0x00007eff55b50000, 0x00007f024d963118, 0x00007f024d963200, 0x00007f025e56f000)
 Metaspace       used 30482K, capacity 30851K, committed 30976K, reserved 32768K
}
Event: 677.641 GC heap after
{Heap after GC invocations=50 (full 6):
 def new generation   total 5726016K, used 636223K [0x00007efa00600000, 0x00007efb84b20000, 0x00007eff55b50000)
  eden space 5089792K,   0% used [0x00007efa00600000, 0x00007efa00600000, 0x00007efb37080000)
  from space 636224K,  99% used [0x00007efb37080000, 0x00007efb5ddcfff0, 0x00007efb5ddd0000)
  to   space 636224K,   0% used [0x00007efb5ddd0000, 0x00007efb5ddd0000, 0x00007efb84b20000)
 tenured generation   total 13674748K, used 13674669K [0x00007eff55b50000, 0x00007f029858f000, 0x00007f0a00600000)
   the space 13674748K,  99% used [0x00007eff55b50000, 0x00007f029857b710, 0x00007f029857b800, 0x00007f029858f000)
 Metaspace       used 30482K, capacity 30851K, committed 30976K, reserved 32768K
}
Event: 677.641 GC heap before
{Heap before GC invocations=50 (full 6):
 def new generation   total 5726016K, used 636223K [0x00007efa00600000, 0x00007efb84b20000, 0x00007eff55b50000)
  eden space 5089792K,   0% used [0x00007efa00600000, 0x00007efa00600000, 0x00007efb37080000)
  from space 636224K,  99% used [0x00007efb37080000, 0x00007efb5ddcfff0, 0x00007efb5ddd0000)
  to   space 636224K,   0% used [0x00007efb5ddd0000, 0x00007efb5ddd0000, 0x00007efb84b20000)
 tenured generation   total 13674748K, used 13674669K [0x00007eff55b50000, 0x00007f029858f000, 0x00007f0a00600000)
   the space 13674748K,  99% used [0x00007eff55b50000, 0x00007f029857b710, 0x00007f029857b800, 0x00007f029858f000)
 Metaspace       used 30482K, capacity 30851K, committed 30976K, reserved 32768K
}

