# JRE version: OpenJDK Runtime Environment (13.0.7+5) (build 13.0.7+5-Ubuntu-0ubuntu120.04)
# Java VM: OpenJDK 64-Bit Server VM (13.0.7+5-Ubuntu-0ubuntu120.04, mixed mode, tiered, serial gc, linux-amd64)
Heap:
 def new generation   total 10648448K, used 1183103K [0x00007f8260600000, 0x00007f8532840000, 0x00007f87b5b50000)
  eden space 9465344K,  12% used [0x00007f8260600000, 0x00007f82a895fcc0, 0x00007f84a2180000)
  from space 1183104K,   0% used [0x00007f84a2180000, 0x00007f84a2180000, 0x00007f84ea4e0000)
  to   space 1183104K,   0% used [0x00007f84ea4e0000, 0x00007f84ea4e0000, 0x00007f8532840000)
 tenured generation   total 27030196K, used 27030157K [0x00007f87b5b50000, 0x00007f8e277fd000, 0x00007f9260600000)
   the space 27030196K,  99% used [0x00007f87b5b50000, 0x00007f8e277f3520, 0x00007f8e277f3600, 0x00007f8e277fd000)
 Metaspace       used 31046K, capacity 31529K, committed 31744K, reserved 32768K
GC Heap History (20 events):
Event: 13.814 GC heap after
{Heap after GC invocations=8 (full 2):
 def new generation   total 1393280K, used 154751K [0x00007f8260600000, 0x00007f82bedc0000, 0x00007f87b5b50000)
  eden space 1238528K,   0% used [0x00007f8260600000, 0x00007f8260600000, 0x00007f82abf80000)
  from space 154752K,  99% used [0x00007f82abf80000, 0x00007f82b569ffc0, 0x00007f82b56a0000)
  to   space 154752K,   0% used [0x00007f82b56a0000, 0x00007f82b56a0000, 0x00007f82bedc0000)
 tenured generation   total 4179840K, used 4179812K [0x00007f87b5b50000, 0x00007f88b4d30000, 0x00007f9260600000)
   the space 4179840K,  99% used [0x00007f87b5b50000, 0x00007f88b4d29170, 0x00007f88b4d29200, 0x00007f88b4d30000)
 Metaspace       used 31046K, capacity 31529K, committed 31744K, reserved 32768K
}
Event: 13.814 GC heap before
{Heap before GC invocations=8 (full 2):
 def new generation   total 1393280K, used 154751K [0x00007f8260600000, 0x00007f82bedc0000, 0x00007f87b5b50000)
  eden space 1238528K,   0% used [0x00007f8260600000, 0x00007f8260600000, 0x00007f82abf80000)
  from space 154752K,  99% used [0x00007f82abf80000, 0x00007f82b569ffc0, 0x00007f82b56a0000)
  to   space 154752K,   0% used [0x00007f82b56a0000, 0x00007f82b56a0000, 0x00007f82bedc0000)
 tenured generation   total 4179840K, used 4179812K [0x00007f87b5b50000, 0x00007f88b4d30000, 0x00007f9260600000)
   the space 4179840K,  99% used [0x00007f87b5b50000, 0x00007f88b4d29170, 0x00007f88b4d29200, 0x00007f88b4d30000)
 Metaspace       used 31046K, capacity 31529K, committed 31744K, reserved 32768K
}
Event: 14.994 GC heap after
{Heap after GC invocations=8 (full 3):
 def new generation   total 3134976K, used 154724K [0x00007f8260600000, 0x00007f8334fa0000, 0x00007f87b5b50000)
  eden space 2786688K,   5% used [0x00007f8260600000, 0x00007f8269d19138, 0x00007f830a760000)
  from space 348288K,   0% used [0x00007f830a760000, 0x00007f830a760000, 0x00007f831fb80000)
  to   space 348288K,   0% used [0x00007f831fb80000, 0x00007f831fb80000, 0x00007f8334fa0000)
 tenured generation   total 6966400K, used 4179839K [0x00007f87b5b50000, 0x00007f895ee70000, 0x00007f9260600000)
   the space 6966400K,  59% used [0x00007f87b5b50000, 0x00007f88b4d2fff8, 0x00007f88b4d30000, 0x00007f895ee70000)
 Metaspace       used 31046K, capacity 31529K, committed 31744K, reserved 32768K
}
Event: 23.943 GC heap before
{Heap before GC invocations=8 (full 3):
 def new generation   total 3134976K, used 2786688K [0x00007f8260600000, 0x00007f8334fa0000, 0x00007f87b5b50000)
  eden space 2786688K, 100% used [0x00007f8260600000, 0x00007f830a760000, 0x00007f830a760000)
  from space 348288K,   0% used [0x00007f830a760000, 0x00007f830a760000, 0x00007f831fb80000)
  to   space 348288K,   0% used [0x00007f831fb80000, 0x00007f831fb80000, 0x00007f8334fa0000)
 tenured generation   total 6966400K, used 4179839K [0x00007f87b5b50000, 0x00007f895ee70000, 0x00007f9260600000)
   the space 6966400K,  59% used [0x00007f87b5b50000, 0x00007f88b4d2fff8, 0x00007f88b4d30000, 0x00007f895ee70000)
 Metaspace       used 31046K, capacity 31529K, committed 31744K, reserved 32768K
}
Event: 25.574 GC heap after
{Heap after GC invocations=9 (full 3):
 def new generation   total 3134976K, used 348287K [0x00007f8260600000, 0x00007f8334fa0000, 0x00007f87b5b50000)
  eden space 2786688K,   0% used [0x00007f8260600000, 0x00007f8260600000, 0x00007f830a760000)
  from space 348288K,  99% used [0x00007f831fb80000, 0x00007f8334f9fea8, 0x00007f8334fa0000)
  to   space 348288K,   0% used [0x00007f830a760000, 0x00007f830a760000, 0x00007f831fb80000)
 tenured generation   total 6966400K, used 4979796K [0x00007f87b5b50000, 0x00007f895ee70000, 0x00007f9260600000)
   the space 6966400K,  71% used [0x00007f87b5b50000, 0x00007f88e5a65270, 0x00007f88e5a65400, 0x00007f895ee70000)
 Metaspace       used 31046K, capacity 31529K, committed 31744K, reserved 32768K
}
Event: 26.957 GC heap before
{Heap before GC invocations=9 (full 3):
 def new generation   total 3134976K, used 3134975K [0x00007f8260600000, 0x00007f8334fa0000, 0x00007f87b5b50000)
  eden space 2786688K, 100% used [0x00007f8260600000, 0x00007f830a760000, 0x00007f830a760000)
  from space 348288K,  99% used [0x00007f831fb80000, 0x00007f8334f9fea8, 0x00007f8334fa0000)
  to   space 348288K,   0% used [0x00007f830a760000, 0x00007f830a760000, 0x00007f831fb80000)
 tenured generation   total 6966400K, used 4979796K [0x00007f87b5b50000, 0x00007f895ee70000, 0x00007f9260600000)
   the space 6966400K,  71% used [0x00007f87b5b50000, 0x00007f88e5a65270, 0x00007f88e5a65400, 0x00007f895ee70000)
 Metaspace       used 31046K, capacity 31529K, committed 31744K, reserved 32768K
}
Event: 30.925 GC heap after
{Heap after GC invocations=10 (full 3):
 def new generation   total 3134976K, used 348287K [0x00007f8260600000, 0x00007f8334fa0000, 0x00007f87b5b50000)
  eden space 2786688K,   0% used [0x00007f8260600000, 0x00007f8260600000, 0x00007f830a760000)
  from space 348288K,  99% used [0x00007f830a760000, 0x00007f831fb7fc28, 0x00007f831fb80000)
  to   space 348288K,   0% used [0x00007f831fb80000, 0x00007f831fb80000, 0x00007f8334fa0000)
 tenured generation   total 7766464K, used 7766419K [0x00007f87b5b50000, 0x00007f898fbc0000, 0x00007f9260600000)
   the space 7766464K,  99% used [0x00007f87b5b50000, 0x00007f898fbb4c00, 0x00007f898fbb4c00, 0x00007f898fbc0000)
 Metaspace       used 31046K, capacity 31529K, committed 31744K, reserved 32768K
}
Event: 30.925 GC heap before
{Heap before GC invocations=10 (full 3):
 def new generation   total 3134976K, used 348287K [0x00007f8260600000, 0x00007f8334fa0000, 0x00007f87b5b50000)
  eden space 2786688K,   0% used [0x00007f8260600000, 0x00007f8260600000, 0x00007f830a760000)
  from space 348288K,  99% used [0x00007f830a760000, 0x00007f831fb7fc28, 0x00007f831fb80000)
  to   space 348288K,   0% used [0x00007f831fb80000, 0x00007f831fb80000, 0x00007f8334fa0000)
 tenured generation   total 7766464K, used 7766419K [0x00007f87b5b50000, 0x00007f898fbc0000, 0x00007f9260600000)
   the space 7766464K,  99% used [0x00007f87b5b50000, 0x00007f898fbb4c00, 0x00007f898fbb4c00, 0x00007f898fbc0000)
 Metaspace       used 31046K, capacity 31529K, committed 31744K, reserved 32768K
}
Event: 39.934 GC heap after
{Heap after GC invocations=10 (full 4):
 def new generation   total 5824896K, used 342852K [0x00007f8260600000, 0x00007f83eb660000, 0x00007f87b5b50000)
  eden space 5177728K,   6% used [0x00007f8260600000, 0x00007f82754d1258, 0x00007f839c660000)
  from space 647168K,   0% used [0x00007f839c660000, 0x00007f839c660000, 0x00007f83c3e60000)
  to   space 647168K,   0% used [0x00007f83c3e60000, 0x00007f83c3e60000, 0x00007f83eb660000)
 tenured generation   total 12944108K, used 7766463K [0x00007f87b5b50000, 0x00007f8acbc0b000, 0x00007f9260600000)
   the space 12944108K,  59% used [0x00007f87b5b50000, 0x00007f898fbbfc98, 0x00007f898fbbfe00, 0x00007f8acbc0b000)
 Metaspace       used 31046K, capacity 31529K, committed 31744K, reserved 32768K
}
Event: 49.319 GC heap before
{Heap before GC invocations=10 (full 4):
 def new generation   total 5824896K, used 5177728K [0x00007f8260600000, 0x00007f83eb660000, 0x00007f87b5b50000)
  eden space 5177728K, 100% used [0x00007f8260600000, 0x00007f839c660000, 0x00007f839c660000)
  from space 647168K,   0% used [0x00007f839c660000, 0x00007f839c660000, 0x00007f83c3e60000)
  to   space 647168K,   0% used [0x00007f83c3e60000, 0x00007f83c3e60000, 0x00007f83eb660000)
 tenured generation   total 12944108K, used 7766463K [0x00007f87b5b50000, 0x00007f8acbc0b000, 0x00007f9260600000)
   the space 12944108K,  59% used [0x00007f87b5b50000, 0x00007f898fbbfc98, 0x00007f898fbbfe00, 0x00007f8acbc0b000)
 Metaspace       used 31046K, capacity 31529K, committed 31744K, reserved 32768K
}
Event: 53.614 GC heap after
{Heap after GC invocations=11 (full 4):
 def new generation   total 5824896K, used 647167K [0x00007f8260600000, 0x00007f83eb660000, 0x00007f87b5b50000)
  eden space 5177728K,   0% used [0x00007f8260600000, 0x00007f8260600000, 0x00007f839c660000)
  from space 647168K,  99% used [0x00007f83c3e60000, 0x00007f83eb65fcf0, 0x00007f83eb660000)
  to   space 647168K,   0% used [0x00007f839c660000, 0x00007f839c660000, 0x00007f83c3e60000)
 tenured generation   total 12944108K, used 10658586K [0x00007f87b5b50000, 0x00007f8acbc0b000, 0x00007f9260600000)
   the space 12944108K,  82% used [0x00007f87b5b50000, 0x00007f8a40416bf8, 0x00007f8a40416c00, 0x00007f8acbc0b000)
 Metaspace       used 31046K, capacity 31529K, committed 31744K, reserved 32768K
}
Event: 63.400 GC heap before
{Heap before GC invocations=11 (full 4):
 def new generation   total 5824896K, used 5824895K [0x00007f8260600000, 0x00007f83eb660000, 0x00007f87b5b50000)
  eden space 5177728K, 100% used [0x00007f8260600000, 0x00007f839c660000, 0x00007f839c660000)
  from space 647168K,  99% used [0x00007f83c3e60000, 0x00007f83eb65fcf0, 0x00007f83eb660000)
  to   space 647168K,   0% used [0x00007f839c660000, 0x00007f839c660000, 0x00007f83c3e60000)
 tenured generation   total 12944108K, used 10658586K [0x00007f87b5b50000, 0x00007f8acbc0b000, 0x00007f9260600000)
   the space 12944108K,  82% used [0x00007f87b5b50000, 0x00007f8a40416bf8, 0x00007f8a40416c00, 0x00007f8acbc0b000)
 Metaspace       used 31046K, capacity 31529K, committed 31744K, reserved 32768K
}
Event: 70.979 GC heap after
{Heap after GC invocations=12 (full 4):
 def new generation   total 5824896K, used 647167K [0x00007f8260600000, 0x00007f83eb660000, 0x00007f87b5b50000)
  eden space 5177728K,   0% used [0x00007f8260600000, 0x00007f8260600000, 0x00007f839c660000)
  from space 647168K,  99% used [0x00007f839c660000, 0x00007f83c3e5fcf0, 0x00007f83c3e60000)
  to   space 647168K,   0% used [0x00007f83c3e60000, 0x00007f83c3e60000, 0x00007f83eb660000)
 tenured generation   total 14197868K, used 14197853K [0x00007f87b5b50000, 0x00007f8b1846b000, 0x00007f9260600000)
   the space 14197868K,  99% used [0x00007f87b5b50000, 0x00007f8b18467608, 0x00007f8b18467800, 0x00007f8b1846b000)
 Metaspace       used 31046K, capacity 31529K, committed 31744K, reserved 32768K
}
Event: 70.979 GC heap before
{Heap before GC invocations=12 (full 4):
 def new generation   total 5824896K, used 647167K [0x00007f8260600000, 0x00007f83eb660000, 0x00007f87b5b50000)
  eden space 5177728K,   0% used [0x00007f8260600000, 0x00007f8260600000, 0x00007f839c660000)
  from space 647168K,  99% used [0x00007f839c660000, 0x00007f83c3e5fcf0, 0x00007f83c3e60000)
  to   space 647168K,   0% used [0x00007f83c3e60000, 0x00007f83c3e60000, 0x00007f83eb660000)
 tenured generation   total 14197868K, used 14197853K [0x00007f87b5b50000, 0x00007f8b1846b000, 0x00007f9260600000)
   the space 14197868K,  99% used [0x00007f87b5b50000, 0x00007f8b18467608, 0x00007f8b18467800, 0x00007f8b1846b000)
 Metaspace       used 31046K, capacity 31529K, committed 31744K, reserved 32768K
}
Event: 76.281 GC heap after
{Heap after GC invocations=12 (full 5):
 def new generation   total 10648448K, used 647167K [0x00007f8260600000, 0x00007f8532840000, 0x00007f87b5b50000)
  eden space 9465344K,   6% used [0x00007f8260600000, 0x00007f8287dffcf0, 0x00007f84a2180000)
  from space 1183104K,   0% used [0x00007f84a2180000, 0x00007f84a2180000, 0x00007f84ea4e0000)
  to   space 1183104K,   0% used [0x00007f84ea4e0000, 0x00007f84ea4e0000, 0x00007f8532840000)
 tenured generation   total 23663092K, used 14197853K [0x00007f87b5b50000, 0x00007f8d59fcd000, 0x00007f9260600000)
   the space 23663092K,  59% used [0x00007f87b5b50000, 0x00007f8b18467608, 0x00007f8b18467800, 0x00007f8d59fcd000)
 Metaspace       used 31046K, capacity 31529K, committed 31744K, reserved 32768K
}
Event: 93.460 GC heap before
{Heap before GC invocations=12 (full 5):
 def new generation   total 10648448K, used 9465344K [0x00007f8260600000, 0x00007f8532840000, 0x00007f87b5b50000)
  eden space 9465344K, 100% used [0x00007f8260600000, 0x00007f84a2180000, 0x00007f84a2180000)
  from space 1183104K,   0% used [0x00007f84a2180000, 0x00007f84a2180000, 0x00007f84ea4e0000)
  to   space 1183104K,   0% used [0x00007f84ea4e0000, 0x00007f84ea4e0000, 0x00007f8532840000)
 tenured generation   total 23663092K, used 14197853K [0x00007f87b5b50000, 0x00007f8d59fcd000, 0x00007f9260600000)
   the space 23663092K,  59% used [0x00007f87b5b50000, 0x00007f8b18467608, 0x00007f8b18467800, 0x00007f8d59fcd000)
 Metaspace       used 31046K, capacity 31529K, committed 31744K, reserved 32768K
}
Event: 106.827 GC heap after
{Heap after GC invocations=13 (full 5):
 def new generation   total 10648448K, used 1183103K [0x00007f8260600000, 0x00007f8532840000, 0x00007f87b5b50000)
  eden space 9465344K,   0% used [0x00007f8260600000, 0x00007f8260600000, 0x00007f84a2180000)
  from space 1183104K,  99% used [0x00007f84ea4e0000, 0x00007f853283fce8, 0x00007f8532840000)
  to   space 1183104K,   0% used [0x00007f84a2180000, 0x00007f84a2180000, 0x00007f84ea4e0000)
 tenured generation   total 23663092K, used 20726569K [0x00007f87b5b50000, 0x00007f8d59fcd000, 0x00007f9260600000)
   the space 23663092K,  87% used [0x00007f87b5b50000, 0x00007f8ca6c1a450, 0x00007f8ca6c1a600, 0x00007f8d59fcd000)
 Metaspace       used 31046K, capacity 31529K, committed 31744K, reserved 32768K
}
Event: 126.425 GC heap before
{Heap before GC invocations=13 (full 5):
 def new generation   total 10648448K, used 10648447K [0x00007f8260600000, 0x00007f8532840000, 0x00007f87b5b50000)
  eden space 9465344K, 100% used [0x00007f8260600000, 0x00007f84a2180000, 0x00007f84a2180000)
  from space 1183104K,  99% used [0x00007f84ea4e0000, 0x00007f853283fce8, 0x00007f8532840000)
  to   space 1183104K,   0% used [0x00007f84a2180000, 0x00007f84a2180000, 0x00007f84ea4e0000)
 tenured generation   total 23663092K, used 20726569K [0x00007f87b5b50000, 0x00007f8d59fcd000, 0x00007f9260600000)
   the space 23663092K,  87% used [0x00007f87b5b50000, 0x00007f8ca6c1a450, 0x00007f8ca6c1a600, 0x00007f8d59fcd000)
 Metaspace       used 31046K, capacity 31529K, committed 31744K, reserved 32768K
}
Event: 136.754 GC heap after
{Heap after GC invocations=14 (full 5):
 def new generation   total 10648448K, used 1183103K [0x00007f8260600000, 0x00007f8532840000, 0x00007f87b5b50000)
  eden space 9465344K,   0% used [0x00007f8260600000, 0x00007f8260600000, 0x00007f84a2180000)
  from space 1183104K,  99% used [0x00007f84a2180000, 0x00007f84ea4dfcc0, 0x00007f84ea4e0000)
  to   space 1183104K,   0% used [0x00007f84ea4e0000, 0x00007f84ea4e0000, 0x00007f8532840000)
 tenured generation   total 27030196K, used 27030157K [0x00007f87b5b50000, 0x00007f8e277fd000, 0x00007f9260600000)
   the space 27030196K,  99% used [0x00007f87b5b50000, 0x00007f8e277f3520, 0x00007f8e277f3600, 0x00007f8e277fd000)
 Metaspace       used 31046K, capacity 31529K, committed 31744K, reserved 32768K
}
Event: 136.755 GC heap before
{Heap before GC invocations=14 (full 5):
 def new generation   total 10648448K, used 1183103K [0x00007f8260600000, 0x00007f8532840000, 0x00007f87b5b50000)
  eden space 9465344K,   0% used [0x00007f8260600000, 0x00007f8260600000, 0x00007f84a2180000)
  from space 1183104K,  99% used [0x00007f84a2180000, 0x00007f84ea4dfcc0, 0x00007f84ea4e0000)
  to   space 1183104K,   0% used [0x00007f84ea4e0000, 0x00007f84ea4e0000, 0x00007f8532840000)
 tenured generation   total 27030196K, used 27030157K [0x00007f87b5b50000, 0x00007f8e277fd000, 0x00007f9260600000)
   the space 27030196K,  99% used [0x00007f87b5b50000, 0x00007f8e277f3520, 0x00007f8e277f3600, 0x00007f8e277fd000)
 Metaspace       used 31046K, capacity 31529K, committed 31744K, reserved 32768K
}

