# JRE version: OpenJDK Runtime Environment (13.0.7+5) (build 13.0.7+5-Ubuntu-0ubuntu120.04)
# Java VM: OpenJDK 64-Bit Server VM (13.0.7+5-Ubuntu-0ubuntu120.04, mixed mode, tiered, serial gc, linux-amd64)
Heap:
 def new generation   total 5286464K, used 587232K [0x00007efc24600000, 0x00007efd8ae20000, 0x00007f0179b50000)
  eden space 4699136K,  12% used [0x00007efc24600000, 0x00007efc48378050, 0x00007efd43300000)
  from space 587328K,   0% used [0x00007efd43300000, 0x00007efd43300000, 0x00007efd67090000)
  to   space 587328K,   0% used [0x00007efd67090000, 0x00007efd67090000, 0x00007efd8ae20000)
 tenured generation   total 13062908K, used 13062885K [0x00007f0179b50000, 0x00007f049700f000, 0x00007f0c24600000)
   the space 13062908K,  99% used [0x00007f0179b50000, 0x00007f04970096d0, 0x00007f0497009800, 0x00007f049700f000)
 Metaspace       used 30934K, capacity 31395K, committed 31488K, reserved 32768K
GC Heap History (20 events):
Event: 14.979 GC heap after
{Heap after GC invocations=9 (full 2):
 def new generation   total 1135680K, used 126143K [0x00007efc24600000, 0x00007efc71640000, 0x00007f0179b50000)
  eden space 1009536K,   0% used [0x00007efc24600000, 0x00007efc24600000, 0x00007efc61fe0000)
  from space 126144K,  99% used [0x00007efc61fe0000, 0x00007efc69b0ff18, 0x00007efc69b10000)
  to   space 126144K,   0% used [0x00007efc69b10000, 0x00007efc69b10000, 0x00007efc71640000)
 tenured generation   total 2527160K, used 2527151K [0x00007f0179b50000, 0x00007f0213f3e000, 0x00007f0c24600000)
   the space 2527160K,  99% used [0x00007f0179b50000, 0x00007f0213f3bd58, 0x00007f0213f3be00, 0x00007f0213f3e000)
 Metaspace       used 30934K, capacity 31395K, committed 31488K, reserved 32768K
}
Event: 14.979 GC heap before
{Heap before GC invocations=9 (full 2):
 def new generation   total 1135680K, used 126143K [0x00007efc24600000, 0x00007efc71640000, 0x00007f0179b50000)
  eden space 1009536K,   0% used [0x00007efc24600000, 0x00007efc24600000, 0x00007efc61fe0000)
  from space 126144K,  99% used [0x00007efc61fe0000, 0x00007efc69b0ff18, 0x00007efc69b10000)
  to   space 126144K,   0% used [0x00007efc69b10000, 0x00007efc69b10000, 0x00007efc71640000)
 tenured generation   total 2527160K, used 2527151K [0x00007f0179b50000, 0x00007f0213f3e000, 0x00007f0c24600000)
   the space 2527160K,  99% used [0x00007f0179b50000, 0x00007f0213f3bd58, 0x00007f0213f3be00, 0x00007f0213f3e000)
 Metaspace       used 30934K, capacity 31395K, committed 31488K, reserved 32768K
}
Event: 16.181 GC heap after
{Heap after GC invocations=9 (full 3):
 def new generation   total 1895424K, used 126143K [0x00007efc24600000, 0x00007efca4ea0000, 0x00007f0179b50000)
  eden space 1684864K,   7% used [0x00007efc24600000, 0x00007efc2c12feb0, 0x00007efc8b360000)
  from space 210560K,   0% used [0x00007efc8b360000, 0x00007efc8b360000, 0x00007efc98100000)
  to   space 210560K,   0% used [0x00007efc98100000, 0x00007efc98100000, 0x00007efca4ea0000)
 tenured generation   total 4211920K, used 2527151K [0x00007f0179b50000, 0x00007f027ac84000, 0x00007f0c24600000)
   the space 4211920K,  59% used [0x00007f0179b50000, 0x00007f0213f3bdc0, 0x00007f0213f3be00, 0x00007f027ac84000)
 Metaspace       used 30934K, capacity 31395K, committed 31488K, reserved 32768K
}
Event: 17.785 GC heap before
{Heap before GC invocations=9 (full 3):
 def new generation   total 1895424K, used 1684864K [0x00007efc24600000, 0x00007efca4ea0000, 0x00007f0179b50000)
  eden space 1684864K, 100% used [0x00007efc24600000, 0x00007efc8b360000, 0x00007efc8b360000)
  from space 210560K,   0% used [0x00007efc8b360000, 0x00007efc8b360000, 0x00007efc98100000)
  to   space 210560K,   0% used [0x00007efc98100000, 0x00007efc98100000, 0x00007efca4ea0000)
 tenured generation   total 4211920K, used 2527151K [0x00007f0179b50000, 0x00007f027ac84000, 0x00007f0c24600000)
   the space 4211920K,  59% used [0x00007f0179b50000, 0x00007f0213f3bdc0, 0x00007f0213f3be00, 0x00007f027ac84000)
 Metaspace       used 30934K, capacity 31395K, committed 31488K, reserved 32768K
}
Event: 18.591 GC heap after
{Heap after GC invocations=10 (full 3):
 def new generation   total 1895424K, used 210559K [0x00007efc24600000, 0x00007efca4ea0000, 0x00007f0179b50000)
  eden space 1684864K,   0% used [0x00007efc24600000, 0x00007efc24600000, 0x00007efc8b360000)
  from space 210560K,  99% used [0x00007efc98100000, 0x00007efca4e9ffb0, 0x00007efca4ea0000)
  to   space 210560K,   0% used [0x00007efc8b360000, 0x00007efc8b360000, 0x00007efc98100000)
 tenured generation   total 4211920K, used 3297046K [0x00007f0179b50000, 0x00007f027ac84000, 0x00007f0c24600000)
   the space 4211920K,  78% used [0x00007f0179b50000, 0x00007f0242f15b78, 0x00007f0242f15c00, 0x00007f027ac84000)
 Metaspace       used 30934K, capacity 31395K, committed 31488K, reserved 32768K
}
Event: 20.195 GC heap before
{Heap before GC invocations=10 (full 3):
 def new generation   total 1895424K, used 1895423K [0x00007efc24600000, 0x00007efca4ea0000, 0x00007f0179b50000)
  eden space 1684864K, 100% used [0x00007efc24600000, 0x00007efc8b360000, 0x00007efc8b360000)
  from space 210560K,  99% used [0x00007efc98100000, 0x00007efca4e9ffb0, 0x00007efca4ea0000)
  to   space 210560K,   0% used [0x00007efc8b360000, 0x00007efc8b360000, 0x00007efc98100000)
 tenured generation   total 4211920K, used 3297046K [0x00007f0179b50000, 0x00007f027ac84000, 0x00007f0c24600000)
   the space 4211920K,  78% used [0x00007f0179b50000, 0x00007f0242f15b78, 0x00007f0242f15c00, 0x00007f027ac84000)
 Metaspace       used 30934K, capacity 31395K, committed 31488K, reserved 32768K
}
Event: 21.246 GC heap after
{Heap after GC invocations=11 (full 3):
 def new generation   total 1895424K, used 210559K [0x00007efc24600000, 0x00007efca4ea0000, 0x00007f0179b50000)
  eden space 1684864K,   0% used [0x00007efc24600000, 0x00007efc24600000, 0x00007efc8b360000)
  from space 210560K,  99% used [0x00007efc8b360000, 0x00007efc980fff18, 0x00007efc98100000)
  to   space 210560K,   0% used [0x00007efc98100000, 0x00007efc98100000, 0x00007efca4ea0000)
 tenured generation   total 4222096K, used 4222038K [0x00007f0179b50000, 0x00007f027b674000, 0x00007f0c24600000)
   the space 4222096K,  99% used [0x00007f0179b50000, 0x00007f027b665908, 0x00007f027b665a00, 0x00007f027b674000)
 Metaspace       used 30934K, capacity 31395K, committed 31488K, reserved 32768K
}
Event: 21.246 GC heap before
{Heap before GC invocations=11 (full 3):
 def new generation   total 1895424K, used 210559K [0x00007efc24600000, 0x00007efca4ea0000, 0x00007f0179b50000)
  eden space 1684864K,   0% used [0x00007efc24600000, 0x00007efc24600000, 0x00007efc8b360000)
  from space 210560K,  99% used [0x00007efc8b360000, 0x00007efc980fff18, 0x00007efc98100000)
  to   space 210560K,   0% used [0x00007efc98100000, 0x00007efc98100000, 0x00007efca4ea0000)
 tenured generation   total 4222096K, used 4222038K [0x00007f0179b50000, 0x00007f027b674000, 0x00007f0c24600000)
   the space 4222096K,  99% used [0x00007f0179b50000, 0x00007f027b665908, 0x00007f027b665a00, 0x00007f027b674000)
 Metaspace       used 30934K, capacity 31395K, committed 31488K, reserved 32768K
}
Event: 24.519 GC heap after
{Heap after GC invocations=11 (full 4):
 def new generation   total 3166656K, used 205117K [0x00007efc24600000, 0x00007efcfb200000, 0x00007f0179b50000)
  eden space 2814848K,   7% used [0x00007efc24600000, 0x00007efc30e4f720, 0x00007efcd02e0000)
  from space 351808K,   0% used [0x00007efcd02e0000, 0x00007efcd02e0000, 0x00007efce5a70000)
  to   space 351808K,   0% used [0x00007efce5a70000, 0x00007efce5a70000, 0x00007efcfb200000)
 tenured generation   total 7036820K, used 4222091K [0x00007f0179b50000, 0x00007f0327335000, 0x00007f0c24600000)
   the space 7036820K,  59% used [0x00007f0179b50000, 0x00007f027b672f78, 0x00007f027b673000, 0x00007f0327335000)
 Metaspace       used 30934K, capacity 31395K, committed 31488K, reserved 32768K
}
Event: 27.159 GC heap before
{Heap before GC invocations=11 (full 4):
 def new generation   total 3166656K, used 2814848K [0x00007efc24600000, 0x00007efcfb200000, 0x00007f0179b50000)
  eden space 2814848K, 100% used [0x00007efc24600000, 0x00007efcd02e0000, 0x00007efcd02e0000)
  from space 351808K,   0% used [0x00007efcd02e0000, 0x00007efcd02e0000, 0x00007efce5a70000)
  to   space 351808K,   0% used [0x00007efce5a70000, 0x00007efce5a70000, 0x00007efcfb200000)
 tenured generation   total 7036820K, used 4222091K [0x00007f0179b50000, 0x00007f0327335000, 0x00007f0c24600000)
   the space 7036820K,  59% used [0x00007f0179b50000, 0x00007f027b672f78, 0x00007f027b673000, 0x00007f0327335000)
 Metaspace       used 30934K, capacity 31395K, committed 31488K, reserved 32768K
}
Event: 29.693 GC heap after
{Heap after GC invocations=12 (full 4):
 def new generation   total 3166656K, used 351807K [0x00007efc24600000, 0x00007efcfb200000, 0x00007f0179b50000)
  eden space 2814848K,   0% used [0x00007efc24600000, 0x00007efc24600000, 0x00007efcd02e0000)
  from space 351808K,  99% used [0x00007efce5a70000, 0x00007efcfb1ffe28, 0x00007efcfb200000)
  to   space 351808K,   0% used [0x00007efcd02e0000, 0x00007efcd02e0000, 0x00007efce5a70000)
 tenured generation   total 7036820K, used 5505967K [0x00007f0179b50000, 0x00007f0327335000, 0x00007f0c24600000)
   the space 7036820K,  78% used [0x00007f0179b50000, 0x00007f02c9c3bd50, 0x00007f02c9c3be00, 0x00007f0327335000)
 Metaspace       used 30934K, capacity 31395K, committed 31488K, reserved 32768K
}
Event: 32.905 GC heap before
{Heap before GC invocations=12 (full 4):
 def new generation   total 3166656K, used 3166655K [0x00007efc24600000, 0x00007efcfb200000, 0x00007f0179b50000)
  eden space 2814848K, 100% used [0x00007efc24600000, 0x00007efcd02e0000, 0x00007efcd02e0000)
  from space 351808K,  99% used [0x00007efce5a70000, 0x00007efcfb1ffe28, 0x00007efcfb200000)
  to   space 351808K,   0% used [0x00007efcd02e0000, 0x00007efcd02e0000, 0x00007efce5a70000)
 tenured generation   total 7036820K, used 5505967K [0x00007f0179b50000, 0x00007f0327335000, 0x00007f0c24600000)
   the space 7036820K,  78% used [0x00007f0179b50000, 0x00007f02c9c3bd50, 0x00007f02c9c3be00, 0x00007f0327335000)
 Metaspace       used 30934K, capacity 31395K, committed 31488K, reserved 32768K
}
Event: 34.973 GC heap after
{Heap after GC invocations=13 (full 4):
 def new generation   total 3166656K, used 351807K [0x00007efc24600000, 0x00007efcfb200000, 0x00007f0179b50000)
  eden space 2814848K,   0% used [0x00007efc24600000, 0x00007efc24600000, 0x00007efcd02e0000)
  from space 351808K,  99% used [0x00007efcd02e0000, 0x00007efce5a6fe38, 0x00007efce5a70000)
  to   space 351808K,   0% used [0x00007efce5a70000, 0x00007efce5a70000, 0x00007efcfb200000)
 tenured generation   total 7048532K, used 7048508K [0x00007f0179b50000, 0x00007f0327ea5000, 0x00007f0c24600000)
   the space 7048532K,  99% used [0x00007f0179b50000, 0x00007f0327e9f340, 0x00007f0327e9f400, 0x00007f0327ea5000)
 Metaspace       used 30934K, capacity 31395K, committed 31488K, reserved 32768K
}
Event: 34.973 GC heap before
{Heap before GC invocations=13 (full 4):
 def new generation   total 3166656K, used 351807K [0x00007efc24600000, 0x00007efcfb200000, 0x00007f0179b50000)
  eden space 2814848K,   0% used [0x00007efc24600000, 0x00007efc24600000, 0x00007efcd02e0000)
  from space 351808K,  99% used [0x00007efcd02e0000, 0x00007efce5a6fe38, 0x00007efce5a70000)
  to   space 351808K,   0% used [0x00007efce5a70000, 0x00007efce5a70000, 0x00007efcfb200000)
 tenured generation   total 7048532K, used 7048508K [0x00007f0179b50000, 0x00007f0327ea5000, 0x00007f0c24600000)
   the space 7048532K,  99% used [0x00007f0179b50000, 0x00007f0327e9f340, 0x00007f0327e9f400, 0x00007f0327ea5000)
 Metaspace       used 30934K, capacity 31395K, committed 31488K, reserved 32768K
}
Event: 37.372 GC heap after
{Heap after GC invocations=13 (full 5):
 def new generation   total 5286464K, used 351807K [0x00007efc24600000, 0x00007efd8ae20000, 0x00007f0179b50000)
  eden space 4699136K,   7% used [0x00007efc24600000, 0x00007efc39d8fe38, 0x00007efd43300000)
  from space 587328K,   0% used [0x00007efd43300000, 0x00007efd43300000, 0x00007efd67090000)
  to   space 587328K,   0% used [0x00007efd67090000, 0x00007efd67090000, 0x00007efd8ae20000)
 tenured generation   total 11747516K, used 7048508K [0x00007f0179b50000, 0x00007f0446b7f000, 0x00007f0c24600000)
   the space 11747516K,  59% used [0x00007f0179b50000, 0x00007f0327e9f340, 0x00007f0327e9f400, 0x00007f0446b7f000)
 Metaspace       used 30934K, capacity 31395K, committed 31488K, reserved 32768K
}
Event: 44.678 GC heap before
{Heap before GC invocations=13 (full 5):
 def new generation   total 5286464K, used 4699136K [0x00007efc24600000, 0x00007efd8ae20000, 0x00007f0179b50000)
  eden space 4699136K, 100% used [0x00007efc24600000, 0x00007efd43300000, 0x00007efd43300000)
  from space 587328K,   0% used [0x00007efd43300000, 0x00007efd43300000, 0x00007efd67090000)
  to   space 587328K,   0% used [0x00007efd67090000, 0x00007efd67090000, 0x00007efd8ae20000)
 tenured generation   total 11747516K, used 7048508K [0x00007f0179b50000, 0x00007f0446b7f000, 0x00007f0c24600000)
   the space 11747516K,  59% used [0x00007f0179b50000, 0x00007f0327e9f340, 0x00007f0327e9f400, 0x00007f0446b7f000)
 Metaspace       used 30934K, capacity 31395K, committed 31488K, reserved 32768K
}
Event: 48.346 GC heap after
{Heap after GC invocations=14 (full 5):
 def new generation   total 5286464K, used 587328K [0x00007efc24600000, 0x00007efd8ae20000, 0x00007f0179b50000)
  eden space 4699136K,   0% used [0x00007efc24600000, 0x00007efc24600000, 0x00007efd43300000)
  from space 587328K, 100% used [0x00007efd67090000, 0x00007efd8ae20000, 0x00007efd8ae20000)
  to   space 587328K,   0% used [0x00007efd43300000, 0x00007efd43300000, 0x00007efd67090000)
 tenured generation   total 11747516K, used 9900139K [0x00007f0179b50000, 0x00007f0446b7f000, 0x00007f0c24600000)
   the space 11747516K,  84% used [0x00007f0179b50000, 0x00007f03d5f6acd0, 0x00007f03d5f6ae00, 0x00007f0446b7f000)
 Metaspace       used 30934K, capacity 31395K, committed 31488K, reserved 32768K
}
Event: 67.982 GC heap before
{Heap before GC invocations=14 (full 5):
 def new generation   total 5286464K, used 5286464K [0x00007efc24600000, 0x00007efd8ae20000, 0x00007f0179b50000)
  eden space 4699136K, 100% used [0x00007efc24600000, 0x00007efd43300000, 0x00007efd43300000)
  from space 587328K, 100% used [0x00007efd67090000, 0x00007efd8ae20000, 0x00007efd8ae20000)
  to   space 587328K,   0% used [0x00007efd43300000, 0x00007efd43300000, 0x00007efd67090000)
 tenured generation   total 11747516K, used 9900139K [0x00007f0179b50000, 0x00007f0446b7f000, 0x00007f0c24600000)
   the space 11747516K,  84% used [0x00007f0179b50000, 0x00007f03d5f6acd0, 0x00007f03d5f6ae00, 0x00007f0446b7f000)
 Metaspace       used 30934K, capacity 31395K, committed 31488K, reserved 32768K
}
Event: 71.323 GC heap after
{Heap after GC invocations=15 (full 5):
 def new generation   total 5286464K, used 587327K [0x00007efc24600000, 0x00007efd8ae20000, 0x00007f0179b50000)
  eden space 4699136K,   0% used [0x00007efc24600000, 0x00007efc24600000, 0x00007efd43300000)
  from space 587328K,  99% used [0x00007efd43300000, 0x00007efd6708ff00, 0x00007efd67090000)
  to   space 587328K,   0% used [0x00007efd67090000, 0x00007efd67090000, 0x00007efd8ae20000)
 tenured generation   total 13062908K, used 13062790K [0x00007f0179b50000, 0x00007f049700f000, 0x00007f0c24600000)
   the space 13062908K,  99% used [0x00007f0179b50000, 0x00007f0496ff1820, 0x00007f0496ff1a00, 0x00007f049700f000)
 Metaspace       used 30934K, capacity 31395K, committed 31488K, reserved 32768K
}
Event: 71.323 GC heap before
{Heap before GC invocations=15 (full 5):
 def new generation   total 5286464K, used 587327K [0x00007efc24600000, 0x00007efd8ae20000, 0x00007f0179b50000)
  eden space 4699136K,   0% used [0x00007efc24600000, 0x00007efc24600000, 0x00007efd43300000)
  from space 587328K,  99% used [0x00007efd43300000, 0x00007efd6708ff00, 0x00007efd67090000)
  to   space 587328K,   0% used [0x00007efd67090000, 0x00007efd67090000, 0x00007efd8ae20000)
 tenured generation   total 13062908K, used 13062790K [0x00007f0179b50000, 0x00007f049700f000, 0x00007f0c24600000)
   the space 13062908K,  99% used [0x00007f0179b50000, 0x00007f0496ff1820, 0x00007f0496ff1a00, 0x00007f049700f000)
 Metaspace       used 30934K, capacity 31395K, committed 31488K, reserved 32768K
}

