# JRE version: OpenJDK Runtime Environment (13.0.7+5) (build 13.0.7+5-Ubuntu-0ubuntu120.04)
# Java VM: OpenJDK 64-Bit Server VM (13.0.7+5-Ubuntu-0ubuntu120.04, mixed mode, tiered, serial gc, linux-amd64)
Heap:
 def new generation   total 1748736K, used 10226K [0x00007f4414600000, 0x00007f448af70000, 0x00007f4969b50000)
  eden space 1554496K,   0% used [0x00007f4414600000, 0x00007f4414ffca80, 0x00007f4473410000)
  from space 194240K,   0% used [0x00007f4473410000, 0x00007f4473410000, 0x00007f447f1c0000)
  to   space 194240K,   0% used [0x00007f447f1c0000, 0x00007f447f1c0000, 0x00007f448af70000)
 tenured generation   total 3887180K, used 3887168K [0x00007f4969b50000, 0x00007f4a56f63000, 0x00007f5414600000)
   the space 3887180K,  99% used [0x00007f4969b50000, 0x00007f4a56f60250, 0x00007f4a56f60400, 0x00007f4a56f63000)
 Metaspace       used 24181K, capacity 24579K, committed 24832K, reserved 26624K
GC Heap History (20 events):
Event: 3424.894 GC heap after
{Heap after GC invocations=4686 (full 3):
 def new generation   total 1748736K, used 24879K [0x00007f4414600000, 0x00007f448af70000, 0x00007f4969b50000)
  eden space 1554496K,   0% used [0x00007f4414600000, 0x00007f4414600000, 0x00007f4473410000)
  from space 194240K,  12% used [0x00007f447f1c0000, 0x00007f4480a0bf88, 0x00007f448af70000)
  to   space 194240K,   0% used [0x00007f4473410000, 0x00007f4473410000, 0x00007f447f1c0000)
 tenured generation   total 3885836K, used 3870543K [0x00007f4969b50000, 0x00007f4a56e13000, 0x00007f5414600000)
   the space 3885836K,  99% used [0x00007f4969b50000, 0x00007f4a55f23ea0, 0x00007f4a55f24000, 0x00007f4a56e13000)
 Metaspace       used 24181K, capacity 24579K, committed 24832K, reserved 26624K
}
Event: 3426.215 GC heap before
{Heap before GC invocations=4686 (full 3):
 def new generation   total 1748736K, used 1579375K [0x00007f4414600000, 0x00007f448af70000, 0x00007f4969b50000)
  eden space 1554496K, 100% used [0x00007f4414600000, 0x00007f4473410000, 0x00007f4473410000)
  from space 194240K,  12% used [0x00007f447f1c0000, 0x00007f4480a0bf88, 0x00007f448af70000)
  to   space 194240K,   0% used [0x00007f4473410000, 0x00007f4473410000, 0x00007f447f1c0000)
 tenured generation   total 3885836K, used 3870543K [0x00007f4969b50000, 0x00007f4a56e13000, 0x00007f5414600000)
   the space 3885836K,  99% used [0x00007f4969b50000, 0x00007f4a55f23ea0, 0x00007f4a55f24000, 0x00007f4a56e13000)
 Metaspace       used 24181K, capacity 24579K, committed 24832K, reserved 26624K
}
Event: 3426.251 GC heap after
{Heap after GC invocations=4687 (full 3):
 def new generation   total 1748736K, used 23122K [0x00007f4414600000, 0x00007f448af70000, 0x00007f4969b50000)
  eden space 1554496K,   0% used [0x00007f4414600000, 0x00007f4414600000, 0x00007f4473410000)
  from space 194240K,  11% used [0x00007f4473410000, 0x00007f4474aa4ab0, 0x00007f447f1c0000)
  to   space 194240K,   0% used [0x00007f447f1c0000, 0x00007f447f1c0000, 0x00007f448af70000)
 tenured generation   total 3885836K, used 3874016K [0x00007f4969b50000, 0x00007f4a56e13000, 0x00007f5414600000)
   the space 3885836K,  99% used [0x00007f4969b50000, 0x00007f4a562881c0, 0x00007f4a56288200, 0x00007f4a56e13000)
 Metaspace       used 24181K, capacity 24579K, committed 24832K, reserved 26624K
}
Event: 3427.443 GC heap before
{Heap before GC invocations=4687 (full 3):
 def new generation   total 1748736K, used 1577618K [0x00007f4414600000, 0x00007f448af70000, 0x00007f4969b50000)
  eden space 1554496K, 100% used [0x00007f4414600000, 0x00007f4473410000, 0x00007f4473410000)
  from space 194240K,  11% used [0x00007f4473410000, 0x00007f4474aa4ab0, 0x00007f447f1c0000)
  to   space 194240K,   0% used [0x00007f447f1c0000, 0x00007f447f1c0000, 0x00007f448af70000)
 tenured generation   total 3885836K, used 3874016K [0x00007f4969b50000, 0x00007f4a56e13000, 0x00007f5414600000)
   the space 3885836K,  99% used [0x00007f4969b50000, 0x00007f4a562881c0, 0x00007f4a56288200, 0x00007f4a56e13000)
 Metaspace       used 24181K, capacity 24579K, committed 24832K, reserved 26624K
}
Event: 3427.474 GC heap after
{Heap after GC invocations=4688 (full 3):
 def new generation   total 1748736K, used 23982K [0x00007f4414600000, 0x00007f448af70000, 0x00007f4969b50000)
  eden space 1554496K,   0% used [0x00007f4414600000, 0x00007f4414600000, 0x00007f4473410000)
  from space 194240K,  12% used [0x00007f447f1c0000, 0x00007f448092b980, 0x00007f448af70000)
  to   space 194240K,   0% used [0x00007f4473410000, 0x00007f4473410000, 0x00007f447f1c0000)
 tenured generation   total 3885836K, used 3875181K [0x00007f4969b50000, 0x00007f4a56e13000, 0x00007f5414600000)
   the space 3885836K,  99% used [0x00007f4969b50000, 0x00007f4a563ab7d0, 0x00007f4a563ab800, 0x00007f4a56e13000)
 Metaspace       used 24181K, capacity 24579K, committed 24832K, reserved 26624K
}
Event: 3428.752 GC heap before
{Heap before GC invocations=4688 (full 3):
 def new generation   total 1748736K, used 1578478K [0x00007f4414600000, 0x00007f448af70000, 0x00007f4969b50000)
  eden space 1554496K, 100% used [0x00007f4414600000, 0x00007f4473410000, 0x00007f4473410000)
  from space 194240K,  12% used [0x00007f447f1c0000, 0x00007f448092b980, 0x00007f448af70000)
  to   space 194240K,   0% used [0x00007f4473410000, 0x00007f4473410000, 0x00007f447f1c0000)
 tenured generation   total 3885836K, used 3875181K [0x00007f4969b50000, 0x00007f4a56e13000, 0x00007f5414600000)
   the space 3885836K,  99% used [0x00007f4969b50000, 0x00007f4a563ab7d0, 0x00007f4a563ab800, 0x00007f4a56e13000)
 Metaspace       used 24181K, capacity 24579K, committed 24832K, reserved 26624K
}
Event: 3428.787 GC heap after
{Heap after GC invocations=4689 (full 3):
 def new generation   total 1748736K, used 24056K [0x00007f4414600000, 0x00007f448af70000, 0x00007f4969b50000)
  eden space 1554496K,   0% used [0x00007f4414600000, 0x00007f4414600000, 0x00007f4473410000)
  from space 194240K,  12% used [0x00007f4473410000, 0x00007f4474b8e2a8, 0x00007f447f1c0000)
  to   space 194240K,   0% used [0x00007f447f1c0000, 0x00007f447f1c0000, 0x00007f448af70000)
 tenured generation   total 3885836K, used 3875822K [0x00007f4969b50000, 0x00007f4a56e13000, 0x00007f5414600000)
   the space 3885836K,  99% used [0x00007f4969b50000, 0x00007f4a5644bac0, 0x00007f4a5644bc00, 0x00007f4a56e13000)
 Metaspace       used 24181K, capacity 24579K, committed 24832K, reserved 26624K
}
Event: 3430.067 GC heap before
{Heap before GC invocations=4689 (full 3):
 def new generation   total 1748736K, used 1578552K [0x00007f4414600000, 0x00007f448af70000, 0x00007f4969b50000)
  eden space 1554496K, 100% used [0x00007f4414600000, 0x00007f4473410000, 0x00007f4473410000)
  from space 194240K,  12% used [0x00007f4473410000, 0x00007f4474b8e2a8, 0x00007f447f1c0000)
  to   space 194240K,   0% used [0x00007f447f1c0000, 0x00007f447f1c0000, 0x00007f448af70000)
 tenured generation   total 3885836K, used 3875822K [0x00007f4969b50000, 0x00007f4a56e13000, 0x00007f5414600000)
   the space 3885836K,  99% used [0x00007f4969b50000, 0x00007f4a5644bac0, 0x00007f4a5644bc00, 0x00007f4a56e13000)
 Metaspace       used 24181K, capacity 24579K, committed 24832K, reserved 26624K
}
Event: 3430.106 GC heap after
{Heap after GC invocations=4690 (full 3):
 def new generation   total 1748736K, used 23837K [0x00007f4414600000, 0x00007f448af70000, 0x00007f4969b50000)
  eden space 1554496K,   0% used [0x00007f4414600000, 0x00007f4414600000, 0x00007f4473410000)
  from space 194240K,  12% used [0x00007f447f1c0000, 0x00007f4480907698, 0x00007f448af70000)
  to   space 194240K,   0% used [0x00007f4473410000, 0x00007f4473410000, 0x00007f447f1c0000)
 tenured generation   total 3885836K, used 3877197K [0x00007f4969b50000, 0x00007f4a56e13000, 0x00007f5414600000)
   the space 3885836K,  99% used [0x00007f4969b50000, 0x00007f4a565a35b0, 0x00007f4a565a3600, 0x00007f4a56e13000)
 Metaspace       used 24181K, capacity 24579K, committed 24832K, reserved 26624K
}
Event: 3431.356 GC heap before
{Heap before GC invocations=4690 (full 3):
 def new generation   total 1748736K, used 1578333K [0x00007f4414600000, 0x00007f448af70000, 0x00007f4969b50000)
  eden space 1554496K, 100% used [0x00007f4414600000, 0x00007f4473410000, 0x00007f4473410000)
  from space 194240K,  12% used [0x00007f447f1c0000, 0x00007f4480907698, 0x00007f448af70000)
  to   space 194240K,   0% used [0x00007f4473410000, 0x00007f4473410000, 0x00007f447f1c0000)
 tenured generation   total 3885836K, used 3877197K [0x00007f4969b50000, 0x00007f4a56e13000, 0x00007f5414600000)
   the space 3885836K,  99% used [0x00007f4969b50000, 0x00007f4a565a35b0, 0x00007f4a565a3600, 0x00007f4a56e13000)
 Metaspace       used 24181K, capacity 24579K, committed 24832K, reserved 26624K
}
Event: 3431.388 GC heap after
{Heap after GC invocations=4691 (full 3):
 def new generation   total 1748736K, used 22091K [0x00007f4414600000, 0x00007f448af70000, 0x00007f4969b50000)
  eden space 1554496K,   0% used [0x00007f4414600000, 0x00007f4414600000, 0x00007f4473410000)
  from space 194240K,  11% used [0x00007f4473410000, 0x00007f44749a2ec8, 0x00007f447f1c0000)
  to   space 194240K,   0% used [0x00007f447f1c0000, 0x00007f447f1c0000, 0x00007f448af70000)
 tenured generation   total 3885836K, used 3879673K [0x00007f4969b50000, 0x00007f4a56e13000, 0x00007f5414600000)
   the space 3885836K,  99% used [0x00007f4969b50000, 0x00007f4a5680e6e0, 0x00007f4a5680e800, 0x00007f4a56e13000)
 Metaspace       used 24181K, capacity 24579K, committed 24832K, reserved 26624K
}
Event: 3432.695 GC heap before
{Heap before GC invocations=4691 (full 3):
 def new generation   total 1748736K, used 1576587K [0x00007f4414600000, 0x00007f448af70000, 0x00007f4969b50000)
  eden space 1554496K, 100% used [0x00007f4414600000, 0x00007f4473410000, 0x00007f4473410000)
  from space 194240K,  11% used [0x00007f4473410000, 0x00007f44749a2ec8, 0x00007f447f1c0000)
  to   space 194240K,   0% used [0x00007f447f1c0000, 0x00007f447f1c0000, 0x00007f448af70000)
 tenured generation   total 3885836K, used 3879673K [0x00007f4969b50000, 0x00007f4a56e13000, 0x00007f5414600000)
   the space 3885836K,  99% used [0x00007f4969b50000, 0x00007f4a5680e6e0, 0x00007f4a5680e800, 0x00007f4a56e13000)
 Metaspace       used 24181K, capacity 24579K, committed 24832K, reserved 26624K
}
Event: 3432.734 GC heap after
{Heap after GC invocations=4692 (full 3):
 def new generation   total 1748736K, used 20840K [0x00007f4414600000, 0x00007f448af70000, 0x00007f4969b50000)
  eden space 1554496K,   0% used [0x00007f4414600000, 0x00007f4414600000, 0x00007f4473410000)
  from space 194240K,  10% used [0x00007f447f1c0000, 0x00007f448061a270, 0x00007f448af70000)
  to   space 194240K,   0% used [0x00007f4473410000, 0x00007f4473410000, 0x00007f447f1c0000)
 tenured generation   total 3885836K, used 3881573K [0x00007f4969b50000, 0x00007f4a56e13000, 0x00007f5414600000)
   the space 3885836K,  99% used [0x00007f4969b50000, 0x00007f4a569e94f0, 0x00007f4a569e9600, 0x00007f4a56e13000)
 Metaspace       used 24181K, capacity 24579K, committed 24832K, reserved 26624K
}
Event: 3434.009 GC heap before
{Heap before GC invocations=4692 (full 3):
 def new generation   total 1748736K, used 1575336K [0x00007f4414600000, 0x00007f448af70000, 0x00007f4969b50000)
  eden space 1554496K, 100% used [0x00007f4414600000, 0x00007f4473410000, 0x00007f4473410000)
  from space 194240K,  10% used [0x00007f447f1c0000, 0x00007f448061a270, 0x00007f448af70000)
  to   space 194240K,   0% used [0x00007f4473410000, 0x00007f4473410000, 0x00007f447f1c0000)
 tenured generation   total 3885836K, used 3881573K [0x00007f4969b50000, 0x00007f4a56e13000, 0x00007f5414600000)
   the space 3885836K,  99% used [0x00007f4969b50000, 0x00007f4a569e94f0, 0x00007f4a569e9600, 0x00007f4a56e13000)
 Metaspace       used 24181K, capacity 24579K, committed 24832K, reserved 26624K
}
Event: 3434.044 GC heap after
{Heap after GC invocations=4693 (full 3):
 def new generation   total 1748736K, used 20701K [0x00007f4414600000, 0x00007f448af70000, 0x00007f4969b50000)
  eden space 1554496K,   0% used [0x00007f4414600000, 0x00007f4414600000, 0x00007f4473410000)
  from space 194240K,  10% used [0x00007f4473410000, 0x00007f44748474b8, 0x00007f447f1c0000)
  to   space 194240K,   0% used [0x00007f447f1c0000, 0x00007f447f1c0000, 0x00007f448af70000)
 tenured generation   total 3885836K, used 3882581K [0x00007f4969b50000, 0x00007f4a56e13000, 0x00007f5414600000)
   the space 3885836K,  99% used [0x00007f4969b50000, 0x00007f4a56ae5470, 0x00007f4a56ae5600, 0x00007f4a56e13000)
 Metaspace       used 24181K, capacity 24579K, committed 24832K, reserved 26624K
}
Event: 3435.278 GC heap before
{Heap before GC invocations=4693 (full 3):
 def new generation   total 1748736K, used 1575197K [0x00007f4414600000, 0x00007f448af70000, 0x00007f4969b50000)
  eden space 1554496K, 100% used [0x00007f4414600000, 0x00007f4473410000, 0x00007f4473410000)
  from space 194240K,  10% used [0x00007f4473410000, 0x00007f44748474b8, 0x00007f447f1c0000)
  to   space 194240K,   0% used [0x00007f447f1c0000, 0x00007f447f1c0000, 0x00007f448af70000)
 tenured generation   total 3885836K, used 3882581K [0x00007f4969b50000, 0x00007f4a56e13000, 0x00007f5414600000)
   the space 3885836K,  99% used [0x00007f4969b50000, 0x00007f4a56ae5470, 0x00007f4a56ae5600, 0x00007f4a56e13000)
 Metaspace       used 24181K, capacity 24579K, committed 24832K, reserved 26624K
}
Event: 3435.309 GC heap after
{Heap after GC invocations=4694 (full 3):
 def new generation   total 1748736K, used 20613K [0x00007f4414600000, 0x00007f448af70000, 0x00007f4969b50000)
  eden space 1554496K,   0% used [0x00007f4414600000, 0x00007f4414600000, 0x00007f4473410000)
  from space 194240K,  10% used [0x00007f447f1c0000, 0x00007f44805e14d0, 0x00007f448af70000)
  to   space 194240K,   0% used [0x00007f4473410000, 0x00007f4473410000, 0x00007f447f1c0000)
 tenured generation   total 3885836K, used 3884900K [0x00007f4969b50000, 0x00007f4a56e13000, 0x00007f5414600000)
   the space 3885836K,  99% used [0x00007f4969b50000, 0x00007f4a56d29000, 0x00007f4a56d29000, 0x00007f4a56e13000)
 Metaspace       used 24181K, capacity 24579K, committed 24832K, reserved 26624K
}
Event: 3436.570 GC heap before
{Heap before GC invocations=4694 (full 3):
 def new generation   total 1748736K, used 1575109K [0x00007f4414600000, 0x00007f448af70000, 0x00007f4969b50000)
  eden space 1554496K, 100% used [0x00007f4414600000, 0x00007f4473410000, 0x00007f4473410000)
  from space 194240K,  10% used [0x00007f447f1c0000, 0x00007f44805e14d0, 0x00007f448af70000)
  to   space 194240K,   0% used [0x00007f4473410000, 0x00007f4473410000, 0x00007f447f1c0000)
 tenured generation   total 3885836K, used 3884900K [0x00007f4969b50000, 0x00007f4a56e13000, 0x00007f5414600000)
   the space 3885836K,  99% used [0x00007f4969b50000, 0x00007f4a56d29000, 0x00007f4a56d29000, 0x00007f4a56e13000)
 Metaspace       used 24181K, capacity 24579K, committed 24832K, reserved 26624K
}
Event: 3436.601 GC heap after
{Heap after GC invocations=4695 (full 3):
 def new generation   total 1748736K, used 18943K [0x00007f4414600000, 0x00007f448af70000, 0x00007f4969b50000)
  eden space 1554496K,   0% used [0x00007f4414600000, 0x00007f4414600000, 0x00007f4473410000)
  from space 194240K,   9% used [0x00007f4473410000, 0x00007f447468fc20, 0x00007f447f1c0000)
  to   space 194240K,   0% used [0x00007f447f1c0000, 0x00007f447f1c0000, 0x00007f448af70000)
 tenured generation   total 3887180K, used 3887166K [0x00007f4969b50000, 0x00007f4a56f63000, 0x00007f5414600000)
   the space 3887180K,  99% used [0x00007f4969b50000, 0x00007f4a56f5fa10, 0x00007f4a56f5fc00, 0x00007f4a56f63000)
 Metaspace       used 24181K, capacity 24579K, committed 24832K, reserved 26624K
}
Event: 3436.601 GC heap before
{Heap before GC invocations=4695 (full 3):
 def new generation   total 1748736K, used 18943K [0x00007f4414600000, 0x00007f448af70000, 0x00007f4969b50000)
  eden space 1554496K,   0% used [0x00007f4414600000, 0x00007f4414600000, 0x00007f4473410000)
  from space 194240K,   9% used [0x00007f4473410000, 0x00007f447468fc20, 0x00007f447f1c0000)
  to   space 194240K,   0% used [0x00007f447f1c0000, 0x00007f447f1c0000, 0x00007f448af70000)
 tenured generation   total 3887180K, used 3887166K [0x00007f4969b50000, 0x00007f4a56f63000, 0x00007f5414600000)
   the space 3887180K,  99% used [0x00007f4969b50000, 0x00007f4a56f5fa10, 0x00007f4a56f5fc00, 0x00007f4a56f63000)
 Metaspace       used 24181K, capacity 24579K, committed 24832K, reserved 26624K
}

