# JRE version: OpenJDK Runtime Environment (13.0.7+5) (build 13.0.7+5-Ubuntu-0ubuntu120.04)
# Java VM: OpenJDK 64-Bit Server VM (13.0.7+5-Ubuntu-0ubuntu120.04, mixed mode, tiered, compressed oops, serial gc, linux-amd64)
Heap:
 def new generation   total 1346560K, used 0K [0x0000000080200000, 0x00000000db710000, 0x0000000300150000)
  eden space 1196992K,   0% used [0x0000000080200000, 0x0000000080200000, 0x00000000c92f0000)
  from space 149568K,   0% used [0x00000000c92f0000, 0x00000000c92f0000, 0x00000000d2500000)
  to   space 149568K,   0% used [0x00000000d2500000, 0x00000000d2500000, 0x00000000db710000)
 tenured generation   total 3012960K, used 2035655K [0x0000000300150000, 0x00000003b7fa8000, 0x0000000800000000)
   the space 3012960K,  67% used [0x0000000300150000, 0x000000037c541ff8, 0x000000037c542000, 0x00000003b7fa8000)
 Metaspace       used 22734K, capacity 23297K, committed 23680K, reserved 1071104K
  class space    used 2354K, capacity 2568K, committed 2688K, reserved 1048576K
GC Heap History (20 events):
Event: 542.694 GC heap after
{Heap after GC invocations=515 (full 19):
 def new generation   total 1346560K, used 143518K [0x0000000080200000, 0x00000000db710000, 0x0000000300150000)
  eden space 1196992K,   0% used [0x0000000080200000, 0x0000000080200000, 0x00000000c92f0000)
  from space 149568K,  95% used [0x00000000d2500000, 0x00000000db127860, 0x00000000db710000)
  to   space 149568K,   0% used [0x00000000c92f0000, 0x00000000c92f0000, 0x00000000d2500000)
 tenured generation   total 2992128K, used 2580409K [0x0000000300150000, 0x00000003b6b50000, 0x0000000800000000)
   the space 2992128K,  86% used [0x0000000300150000, 0x000000039d93e438, 0x000000039d93e600, 0x00000003b6b50000)
 Metaspace       used 22734K, capacity 23297K, committed 23680K, reserved 1071104K
  class space    used 2354K, capacity 2568K, committed 2688K, reserved 1048576K
}
Event: 543.954 GC heap before
{Heap before GC invocations=515 (full 19):
 def new generation   total 1346560K, used 1340510K [0x0000000080200000, 0x00000000db710000, 0x0000000300150000)
  eden space 1196992K, 100% used [0x0000000080200000, 0x00000000c92f0000, 0x00000000c92f0000)
  from space 149568K,  95% used [0x00000000d2500000, 0x00000000db127860, 0x00000000db710000)
  to   space 149568K,   0% used [0x00000000c92f0000, 0x00000000c92f0000, 0x00000000d2500000)
 tenured generation   total 2992128K, used 2580409K [0x0000000300150000, 0x00000003b6b50000, 0x0000000800000000)
   the space 2992128K,  86% used [0x0000000300150000, 0x000000039d93e438, 0x000000039d93e600, 0x00000003b6b50000)
 Metaspace       used 22734K, capacity 23297K, committed 23680K, reserved 1071104K
  class space    used 2354K, capacity 2568K, committed 2688K, reserved 1048576K
}
Event: 544.203 GC heap after
{Heap after GC invocations=516 (full 19):
 def new generation   total 1346560K, used 144027K [0x0000000080200000, 0x00000000db710000, 0x0000000300150000)
  eden space 1196992K,   0% used [0x0000000080200000, 0x0000000080200000, 0x00000000c92f0000)
  from space 149568K,  96% used [0x00000000c92f0000, 0x00000000d1f96c50, 0x00000000d2500000)
  to   space 149568K,   0% used [0x00000000d2500000, 0x00000000d2500000, 0x00000000db710000)
 tenured generation   total 2992128K, used 2651908K [0x0000000300150000, 0x00000003b6b50000, 0x0000000800000000)
   the space 2992128K,  88% used [0x0000000300150000, 0x00000003a1f112d8, 0x00000003a1f11400, 0x00000003b6b50000)
 Metaspace       used 22734K, capacity 23297K, committed 23680K, reserved 1071104K
  class space    used 2354K, capacity 2568K, committed 2688K, reserved 1048576K
}
Event: 545.423 GC heap before
{Heap before GC invocations=516 (full 19):
 def new generation   total 1346560K, used 1341019K [0x0000000080200000, 0x00000000db710000, 0x0000000300150000)
  eden space 1196992K, 100% used [0x0000000080200000, 0x00000000c92f0000, 0x00000000c92f0000)
  from space 149568K,  96% used [0x00000000c92f0000, 0x00000000d1f96c50, 0x00000000d2500000)
  to   space 149568K,   0% used [0x00000000d2500000, 0x00000000d2500000, 0x00000000db710000)
 tenured generation   total 2992128K, used 2651908K [0x0000000300150000, 0x00000003b6b50000, 0x0000000800000000)
   the space 2992128K,  88% used [0x0000000300150000, 0x00000003a1f112d8, 0x00000003a1f11400, 0x00000003b6b50000)
 Metaspace       used 22734K, capacity 23297K, committed 23680K, reserved 1071104K
  class space    used 2354K, capacity 2568K, committed 2688K, reserved 1048576K
}
Event: 545.519 GC heap after
{Heap after GC invocations=517 (full 19):
 def new generation   total 1346560K, used 92371K [0x0000000080200000, 0x00000000db710000, 0x0000000300150000)
  eden space 1196992K,   0% used [0x0000000080200000, 0x0000000080200000, 0x00000000c92f0000)
  from space 149568K,  61% used [0x00000000d2500000, 0x00000000d7f34c70, 0x00000000db710000)
  to   space 149568K,   0% used [0x00000000c92f0000, 0x00000000c92f0000, 0x00000000d2500000)
 tenured generation   total 2992128K, used 2661229K [0x0000000300150000, 0x00000003b6b50000, 0x0000000800000000)
   the space 2992128K,  88% used [0x0000000300150000, 0x00000003a282b6b8, 0x00000003a282b800, 0x00000003b6b50000)
 Metaspace       used 22734K, capacity 23297K, committed 23680K, reserved 1071104K
  class space    used 2354K, capacity 2568K, committed 2688K, reserved 1048576K
}
Event: 546.724 GC heap before
{Heap before GC invocations=517 (full 19):
 def new generation   total 1346560K, used 1289363K [0x0000000080200000, 0x00000000db710000, 0x0000000300150000)
  eden space 1196992K, 100% used [0x0000000080200000, 0x00000000c92f0000, 0x00000000c92f0000)
  from space 149568K,  61% used [0x00000000d2500000, 0x00000000d7f34c70, 0x00000000db710000)
  to   space 149568K,   0% used [0x00000000c92f0000, 0x00000000c92f0000, 0x00000000d2500000)
 tenured generation   total 2992128K, used 2661229K [0x0000000300150000, 0x00000003b6b50000, 0x0000000800000000)
   the space 2992128K,  88% used [0x0000000300150000, 0x00000003a282b6b8, 0x00000003a282b800, 0x00000003b6b50000)
 Metaspace       used 22734K, capacity 23297K, committed 23680K, reserved 1071104K
  class space    used 2354K, capacity 2568K, committed 2688K, reserved 1048576K
}
Event: 546.898 GC heap after
{Heap after GC invocations=518 (full 19):
 def new generation   total 1346560K, used 72019K [0x0000000080200000, 0x00000000db710000, 0x0000000300150000)
  eden space 1196992K,   0% used [0x0000000080200000, 0x0000000080200000, 0x00000000c92f0000)
  from space 149568K,  48% used [0x00000000c92f0000, 0x00000000cd944f58, 0x00000000d2500000)
  to   space 149568K,   0% used [0x00000000d2500000, 0x00000000d2500000, 0x00000000db710000)
 tenured generation   total 2992128K, used 2752572K [0x0000000300150000, 0x00000003b6b50000, 0x0000000800000000)
   the space 2992128K,  91% used [0x0000000300150000, 0x00000003a815f1e8, 0x00000003a815f200, 0x00000003b6b50000)
 Metaspace       used 22734K, capacity 23297K, committed 23680K, reserved 1071104K
  class space    used 2354K, capacity 2568K, committed 2688K, reserved 1048576K
}
Event: 548.122 GC heap before
{Heap before GC invocations=518 (full 19):
 def new generation   total 1346560K, used 1269011K [0x0000000080200000, 0x00000000db710000, 0x0000000300150000)
  eden space 1196992K, 100% used [0x0000000080200000, 0x00000000c92f0000, 0x00000000c92f0000)
  from space 149568K,  48% used [0x00000000c92f0000, 0x00000000cd944f58, 0x00000000d2500000)
  to   space 149568K,   0% used [0x00000000d2500000, 0x00000000d2500000, 0x00000000db710000)
 tenured generation   total 2992128K, used 2752572K [0x0000000300150000, 0x00000003b6b50000, 0x0000000800000000)
   the space 2992128K,  91% used [0x0000000300150000, 0x00000003a815f1e8, 0x00000003a815f200, 0x00000003b6b50000)
 Metaspace       used 22734K, capacity 23297K, committed 23680K, reserved 1071104K
  class space    used 2354K, capacity 2568K, committed 2688K, reserved 1048576K
}
Event: 548.278 GC heap after
{Heap after GC invocations=519 (full 19):
 def new generation   total 1346560K, used 143527K [0x0000000080200000, 0x00000000db710000, 0x0000000300150000)
  eden space 1196992K,   0% used [0x0000000080200000, 0x0000000080200000, 0x00000000c92f0000)
  from space 149568K,  95% used [0x00000000d2500000, 0x00000000db129e98, 0x00000000db710000)
  to   space 149568K,   0% used [0x00000000c92f0000, 0x00000000c92f0000, 0x00000000d2500000)
 tenured generation   total 2992128K, used 2752572K [0x0000000300150000, 0x00000003b6b50000, 0x0000000800000000)
   the space 2992128K,  91% used [0x0000000300150000, 0x00000003a815f1e8, 0x00000003a815f200, 0x00000003b6b50000)
 Metaspace       used 22734K, capacity 23297K, committed 23680K, reserved 1071104K
  class space    used 2354K, capacity 2568K, committed 2688K, reserved 1048576K
}
Event: 549.529 GC heap before
{Heap before GC invocations=519 (full 19):
 def new generation   total 1346560K, used 1340519K [0x0000000080200000, 0x00000000db710000, 0x0000000300150000)
  eden space 1196992K, 100% used [0x0000000080200000, 0x00000000c92f0000, 0x00000000c92f0000)
  from space 149568K,  95% used [0x00000000d2500000, 0x00000000db129e98, 0x00000000db710000)
  to   space 149568K,   0% used [0x00000000c92f0000, 0x00000000c92f0000, 0x00000000d2500000)
 tenured generation   total 2992128K, used 2752572K [0x0000000300150000, 0x00000003b6b50000, 0x0000000800000000)
   the space 2992128K,  91% used [0x0000000300150000, 0x00000003a815f1e8, 0x00000003a815f200, 0x00000003b6b50000)
 Metaspace       used 22734K, capacity 23297K, committed 23680K, reserved 1071104K
  class space    used 2354K, capacity 2568K, committed 2688K, reserved 1048576K
}
Event: 549.772 GC heap after
{Heap after GC invocations=520 (full 19):
 def new generation   total 1346560K, used 143523K [0x0000000080200000, 0x00000000db710000, 0x0000000300150000)
  eden space 1196992K,   0% used [0x0000000080200000, 0x0000000080200000, 0x00000000c92f0000)
  from space 149568K,  95% used [0x00000000c92f0000, 0x00000000d1f18e48, 0x00000000d2500000)
  to   space 149568K,   0% used [0x00000000d2500000, 0x00000000d2500000, 0x00000000db710000)
 tenured generation   total 2992128K, used 2824073K [0x0000000300150000, 0x00000003b6b50000, 0x0000000800000000)
   the space 2992128K,  94% used [0x0000000300150000, 0x00000003ac732600, 0x00000003ac732600, 0x00000003b6b50000)
 Metaspace       used 22734K, capacity 23297K, committed 23680K, reserved 1071104K
  class space    used 2354K, capacity 2568K, committed 2688K, reserved 1048576K
}
Event: 551.016 GC heap before
{Heap before GC invocations=520 (full 19):
 def new generation   total 1346560K, used 1340515K [0x0000000080200000, 0x00000000db710000, 0x0000000300150000)
  eden space 1196992K, 100% used [0x0000000080200000, 0x00000000c92f0000, 0x00000000c92f0000)
  from space 149568K,  95% used [0x00000000c92f0000, 0x00000000d1f18e48, 0x00000000d2500000)
  to   space 149568K,   0% used [0x00000000d2500000, 0x00000000d2500000, 0x00000000db710000)
 tenured generation   total 2992128K, used 2824073K [0x0000000300150000, 0x00000003b6b50000, 0x0000000800000000)
   the space 2992128K,  94% used [0x0000000300150000, 0x00000003ac732600, 0x00000003ac732600, 0x00000003b6b50000)
 Metaspace       used 22734K, capacity 23297K, committed 23680K, reserved 1071104K
  class space    used 2354K, capacity 2568K, committed 2688K, reserved 1048576K
}
Event: 551.122 GC heap after
{Heap after GC invocations=521 (full 19):
 def new generation   total 1346560K, used 107906K [0x0000000080200000, 0x00000000db710000, 0x0000000300150000)
  eden space 1196992K,   0% used [0x0000000080200000, 0x0000000080200000, 0x00000000c92f0000)
  from space 149568K,  72% used [0x00000000d2500000, 0x00000000d8e60830, 0x00000000db710000)
  to   space 149568K,   0% used [0x00000000c92f0000, 0x00000000c92f0000, 0x00000000d2500000)
 tenured generation   total 2992128K, used 2834438K [0x0000000300150000, 0x00000003b6b50000, 0x0000000800000000)
   the space 2992128K,  94% used [0x0000000300150000, 0x00000003ad151a60, 0x00000003ad151c00, 0x00000003b6b50000)
 Metaspace       used 22734K, capacity 23297K, committed 23680K, reserved 1071104K
  class space    used 2354K, capacity 2568K, committed 2688K, reserved 1048576K
}
Event: 552.353 GC heap before
{Heap before GC invocations=521 (full 19):
 def new generation   total 1346560K, used 1304898K [0x0000000080200000, 0x00000000db710000, 0x0000000300150000)
  eden space 1196992K, 100% used [0x0000000080200000, 0x00000000c92f0000, 0x00000000c92f0000)
  from space 149568K,  72% used [0x00000000d2500000, 0x00000000d8e60830, 0x00000000db710000)
  to   space 149568K,   0% used [0x00000000c92f0000, 0x00000000c92f0000, 0x00000000d2500000)
 tenured generation   total 2992128K, used 2834438K [0x0000000300150000, 0x00000003b6b50000, 0x0000000800000000)
   the space 2992128K,  94% used [0x0000000300150000, 0x00000003ad151a60, 0x00000003ad151c00, 0x00000003b6b50000)
 Metaspace       used 22734K, capacity 23297K, committed 23680K, reserved 1071104K
  class space    used 2354K, capacity 2568K, committed 2688K, reserved 1048576K
}
Event: 552.526 GC heap after
{Heap after GC invocations=522 (full 19):
 def new generation   total 1346560K, used 72017K [0x0000000080200000, 0x00000000db710000, 0x0000000300150000)
  eden space 1196992K,   0% used [0x0000000080200000, 0x0000000080200000, 0x00000000c92f0000)
  from space 149568K,  48% used [0x00000000c92f0000, 0x00000000cd9446c8, 0x00000000d2500000)
  to   space 149568K,   0% used [0x00000000d2500000, 0x00000000d2500000, 0x00000000db710000)
 tenured generation   total 2992128K, used 2941814K [0x0000000300150000, 0x00000003b6b50000, 0x0000000800000000)
   the space 2992128K,  98% used [0x0000000300150000, 0x00000003b3a2d9f8, 0x00000003b3a2da00, 0x00000003b6b50000)
 Metaspace       used 22734K, capacity 23297K, committed 23680K, reserved 1071104K
  class space    used 2354K, capacity 2568K, committed 2688K, reserved 1048576K
}
Event: 553.728 GC heap before
{Heap before GC invocations=522 (full 19):
 def new generation   total 1346560K, used 1269009K [0x0000000080200000, 0x00000000db710000, 0x0000000300150000)
  eden space 1196992K, 100% used [0x0000000080200000, 0x00000000c92f0000, 0x00000000c92f0000)
  from space 149568K,  48% used [0x00000000c92f0000, 0x00000000cd9446c8, 0x00000000d2500000)
  to   space 149568K,   0% used [0x00000000d2500000, 0x00000000d2500000, 0x00000000db710000)
 tenured generation   total 2992128K, used 2941814K [0x0000000300150000, 0x00000003b6b50000, 0x0000000800000000)
   the space 2992128K,  98% used [0x0000000300150000, 0x00000003b3a2d9f8, 0x00000003b3a2da00, 0x00000003b6b50000)
 Metaspace       used 22734K, capacity 23297K, committed 23680K, reserved 1071104K
  class space    used 2354K, capacity 2568K, committed 2688K, reserved 1048576K
}
Event: 553.871 GC heap after
{Heap after GC invocations=523 (full 19):
 def new generation   total 1346560K, used 143019K [0x0000000080200000, 0x00000000db710000, 0x0000000300150000)
  eden space 1196992K,   0% used [0x0000000080200000, 0x0000000080200000, 0x00000000c92f0000)
  from space 149568K,  95% used [0x00000000d2500000, 0x00000000db0aacb8, 0x00000000db710000)
  to   space 149568K,   0% used [0x00000000c92f0000, 0x00000000c92f0000, 0x00000000d2500000)
 tenured generation   total 2992128K, used 2941814K [0x0000000300150000, 0x00000003b6b50000, 0x0000000800000000)
   the space 2992128K,  98% used [0x0000000300150000, 0x00000003b3a2d9f8, 0x00000003b3a2da00, 0x00000003b6b50000)
 Metaspace       used 22734K, capacity 23297K, committed 23680K, reserved 1071104K
  class space    used 2354K, capacity 2568K, committed 2688K, reserved 1048576K
}
Event: 555.070 GC heap before
{Heap before GC invocations=523 (full 19):
 def new generation   total 1346560K, used 1340011K [0x0000000080200000, 0x00000000db710000, 0x0000000300150000)
  eden space 1196992K, 100% used [0x0000000080200000, 0x00000000c92f0000, 0x00000000c92f0000)
  from space 149568K,  95% used [0x00000000d2500000, 0x00000000db0aacb8, 0x00000000db710000)
  to   space 149568K,   0% used [0x00000000c92f0000, 0x00000000c92f0000, 0x00000000d2500000)
 tenured generation   total 2992128K, used 2941814K [0x0000000300150000, 0x00000003b6b50000, 0x0000000800000000)
   the space 2992128K,  98% used [0x0000000300150000, 0x00000003b3a2d9f8, 0x00000003b3a2da00, 0x00000003b6b50000)
 Metaspace       used 22734K, capacity 23297K, committed 23680K, reserved 1071104K
  class space    used 2354K, capacity 2568K, committed 2688K, reserved 1048576K
}
Event: 555.337 GC heap after
{Heap after GC invocations=524 (full 19):
 def new generation   total 1346560K, used 143527K [0x0000000080200000, 0x00000000db710000, 0x0000000300150000)
  eden space 1196992K,   0% used [0x0000000080200000, 0x0000000080200000, 0x00000000c92f0000)
  from space 149568K,  95% used [0x00000000c92f0000, 0x00000000d1f19c90, 0x00000000d2500000)
  to   space 149568K,   0% used [0x00000000d2500000, 0x00000000d2500000, 0x00000000db710000)
 tenured generation   total 3012960K, used 3012803K [0x0000000300150000, 0x00000003b7fa8000, 0x0000000800000000)
   the space 3012960K,  99% used [0x0000000300150000, 0x00000003b7f80eb0, 0x00000003b7f81000, 0x00000003b7fa8000)
 Metaspace       used 22734K, capacity 23297K, committed 23680K, reserved 1071104K
  class space    used 2354K, capacity 2568K, committed 2688K, reserved 1048576K
}
Event: 555.337 GC heap before
{Heap before GC invocations=524 (full 19):
 def new generation   total 1346560K, used 143527K [0x0000000080200000, 0x00000000db710000, 0x0000000300150000)
  eden space 1196992K,   0% used [0x0000000080200000, 0x0000000080200000, 0x00000000c92f0000)
  from space 149568K,  95% used [0x00000000c92f0000, 0x00000000d1f19c90, 0x00000000d2500000)
  to   space 149568K,   0% used [0x00000000d2500000, 0x00000000d2500000, 0x00000000db710000)
 tenured generation   total 3012960K, used 3012803K [0x0000000300150000, 0x00000003b7fa8000, 0x0000000800000000)
   the space 3012960K,  99% used [0x0000000300150000, 0x00000003b7f80eb0, 0x00000003b7f81000, 0x00000003b7fa8000)
 Metaspace       used 22734K, capacity 23297K, committed 23680K, reserved 1071104K
  class space    used 2354K, capacity 2568K, committed 2688K, reserved 1048576K
}

