# JRE version: OpenJDK Runtime Environment (13.0.7+5) (build 13.0.7+5-Ubuntu-0ubuntu120.04)
# Java VM: OpenJDK 64-Bit Server VM (13.0.7+5-Ubuntu-0ubuntu120.04, mixed mode, tiered, serial gc, linux-amd64)
Heap:
 def new generation   total 2914560K, used 34581K [0x00007fc358600000, 0x00007fc41e070000, 0x00007fc8adb50000)
  eden space 2590784K,   1% used [0x00007fc358600000, 0x00007fc35a7c5640, 0x00007fc3f6810000)
  from space 323776K,   0% used [0x00007fc40a440000, 0x00007fc40a440000, 0x00007fc41e070000)
  to   space 323776K,   0% used [0x00007fc3f6810000, 0x00007fc3f6810000, 0x00007fc40a440000)
 tenured generation   total 6476816K, used 6476815K [0x00007fc8adb50000, 0x00007fca39054000, 0x00007fd358600000)
   the space 6476816K,  99% used [0x00007fc8adb50000, 0x00007fca39053ff8, 0x00007fca39054000, 0x00007fca39054000)
 Metaspace       used 24323K, capacity 24723K, committed 24832K, reserved 26624K
GC Heap History (20 events):
Event: 7995.532 GC heap after
{Heap after GC invocations=6559 (full 4):
 def new generation   total 2914560K, used 35834K [0x00007fc358600000, 0x00007fc41e070000, 0x00007fc8adb50000)
  eden space 2590784K,   0% used [0x00007fc358600000, 0x00007fc358600000, 0x00007fc3f6810000)
  from space 323776K,  11% used [0x00007fc3f6810000, 0x00007fc3f8b0e978, 0x00007fc40a440000)
  to   space 323776K,   0% used [0x00007fc40a440000, 0x00007fc40a440000, 0x00007fc41e070000)
 tenured generation   total 6476624K, used 6456650K [0x00007fc8adb50000, 0x00007fca39024000, 0x00007fd358600000)
   the space 6476624K,  99% used [0x00007fc8adb50000, 0x00007fca37ca2a10, 0x00007fca37ca2c00, 0x00007fca39024000)
 Metaspace       used 24323K, capacity 24723K, committed 24832K, reserved 26624K
}
Event: 7997.952 GC heap before
{Heap before GC invocations=6559 (full 4):
 def new generation   total 2914560K, used 2626618K [0x00007fc358600000, 0x00007fc41e070000, 0x00007fc8adb50000)
  eden space 2590784K, 100% used [0x00007fc358600000, 0x00007fc3f6810000, 0x00007fc3f6810000)
  from space 323776K,  11% used [0x00007fc3f6810000, 0x00007fc3f8b0e978, 0x00007fc40a440000)
  to   space 323776K,   0% used [0x00007fc40a440000, 0x00007fc40a440000, 0x00007fc41e070000)
 tenured generation   total 6476624K, used 6456650K [0x00007fc8adb50000, 0x00007fca39024000, 0x00007fd358600000)
   the space 6476624K,  99% used [0x00007fc8adb50000, 0x00007fca37ca2a10, 0x00007fca37ca2c00, 0x00007fca39024000)
 Metaspace       used 24323K, capacity 24723K, committed 24832K, reserved 26624K
}
Event: 7998.025 GC heap after
{Heap after GC invocations=6560 (full 4):
 def new generation   total 2914560K, used 35842K [0x00007fc358600000, 0x00007fc41e070000, 0x00007fc8adb50000)
  eden space 2590784K,   0% used [0x00007fc358600000, 0x00007fc358600000, 0x00007fc3f6810000)
  from space 323776K,  11% used [0x00007fc40a440000, 0x00007fc40c740ad8, 0x00007fc41e070000)
  to   space 323776K,   0% used [0x00007fc3f6810000, 0x00007fc3f6810000, 0x00007fc40a440000)
 tenured generation   total 6476624K, used 6459259K [0x00007fc8adb50000, 0x00007fca39024000, 0x00007fd358600000)
   the space 6476624K,  99% used [0x00007fc8adb50000, 0x00007fca37f2edd0, 0x00007fca37f2ee00, 0x00007fca39024000)
 Metaspace       used 24323K, capacity 24723K, committed 24832K, reserved 26624K
}
Event: 8000.316 GC heap before
{Heap before GC invocations=6560 (full 4):
 def new generation   total 2914560K, used 2626626K [0x00007fc358600000, 0x00007fc41e070000, 0x00007fc8adb50000)
  eden space 2590784K, 100% used [0x00007fc358600000, 0x00007fc3f6810000, 0x00007fc3f6810000)
  from space 323776K,  11% used [0x00007fc40a440000, 0x00007fc40c740ad8, 0x00007fc41e070000)
  to   space 323776K,   0% used [0x00007fc3f6810000, 0x00007fc3f6810000, 0x00007fc40a440000)
 tenured generation   total 6476624K, used 6459259K [0x00007fc8adb50000, 0x00007fca39024000, 0x00007fd358600000)
   the space 6476624K,  99% used [0x00007fc8adb50000, 0x00007fca37f2edd0, 0x00007fca37f2ee00, 0x00007fca39024000)
 Metaspace       used 24323K, capacity 24723K, committed 24832K, reserved 26624K
}
Event: 8000.391 GC heap after
{Heap after GC invocations=6561 (full 4):
 def new generation   total 2914560K, used 34845K [0x00007fc358600000, 0x00007fc41e070000, 0x00007fc8adb50000)
  eden space 2590784K,   0% used [0x00007fc358600000, 0x00007fc358600000, 0x00007fc3f6810000)
  from space 323776K,  10% used [0x00007fc3f6810000, 0x00007fc3f8a17798, 0x00007fc40a440000)
  to   space 323776K,   0% used [0x00007fc40a440000, 0x00007fc40a440000, 0x00007fc41e070000)
 tenured generation   total 6476624K, used 6461918K [0x00007fc8adb50000, 0x00007fca39024000, 0x00007fd358600000)
   the space 6476624K,  99% used [0x00007fc8adb50000, 0x00007fca381c7890, 0x00007fca381c7a00, 0x00007fca39024000)
 Metaspace       used 24323K, capacity 24723K, committed 24832K, reserved 26624K
}
Event: 8002.899 GC heap before
{Heap before GC invocations=6561 (full 4):
 def new generation   total 2914560K, used 2625629K [0x00007fc358600000, 0x00007fc41e070000, 0x00007fc8adb50000)
  eden space 2590784K, 100% used [0x00007fc358600000, 0x00007fc3f6810000, 0x00007fc3f6810000)
  from space 323776K,  10% used [0x00007fc3f6810000, 0x00007fc3f8a17798, 0x00007fc40a440000)
  to   space 323776K,   0% used [0x00007fc40a440000, 0x00007fc40a440000, 0x00007fc41e070000)
 tenured generation   total 6476624K, used 6461918K [0x00007fc8adb50000, 0x00007fca39024000, 0x00007fd358600000)
   the space 6476624K,  99% used [0x00007fc8adb50000, 0x00007fca381c7890, 0x00007fca381c7a00, 0x00007fca39024000)
 Metaspace       used 24323K, capacity 24723K, committed 24832K, reserved 26624K
}
Event: 8002.960 GC heap after
{Heap after GC invocations=6562 (full 4):
 def new generation   total 2914560K, used 33713K [0x00007fc358600000, 0x00007fc41e070000, 0x00007fc8adb50000)
  eden space 2590784K,   0% used [0x00007fc358600000, 0x00007fc358600000, 0x00007fc3f6810000)
  from space 323776K,  10% used [0x00007fc40a440000, 0x00007fc40c52c4a8, 0x00007fc41e070000)
  to   space 323776K,   0% used [0x00007fc3f6810000, 0x00007fc3f6810000, 0x00007fc40a440000)
 tenured generation   total 6476624K, used 6464531K [0x00007fc8adb50000, 0x00007fca39024000, 0x00007fd358600000)
   the space 6476624K,  99% used [0x00007fc8adb50000, 0x00007fca38454d90, 0x00007fca38454e00, 0x00007fca39024000)
 Metaspace       used 24323K, capacity 24723K, committed 24832K, reserved 26624K
}
Event: 8005.242 GC heap before
{Heap before GC invocations=6562 (full 4):
 def new generation   total 2914560K, used 2624497K [0x00007fc358600000, 0x00007fc41e070000, 0x00007fc8adb50000)
  eden space 2590784K, 100% used [0x00007fc358600000, 0x00007fc3f6810000, 0x00007fc3f6810000)
  from space 323776K,  10% used [0x00007fc40a440000, 0x00007fc40c52c4a8, 0x00007fc41e070000)
  to   space 323776K,   0% used [0x00007fc3f6810000, 0x00007fc3f6810000, 0x00007fc40a440000)
 tenured generation   total 6476624K, used 6464531K [0x00007fc8adb50000, 0x00007fca39024000, 0x00007fd358600000)
   the space 6476624K,  99% used [0x00007fc8adb50000, 0x00007fca38454d90, 0x00007fca38454e00, 0x00007fca39024000)
 Metaspace       used 24323K, capacity 24723K, committed 24832K, reserved 26624K
}
Event: 8005.308 GC heap after
{Heap after GC invocations=6563 (full 4):
 def new generation   total 2914560K, used 32970K [0x00007fc358600000, 0x00007fc41e070000, 0x00007fc8adb50000)
  eden space 2590784K,   0% used [0x00007fc358600000, 0x00007fc358600000, 0x00007fc3f6810000)
  from space 323776K,  10% used [0x00007fc3f6810000, 0x00007fc3f8842b98, 0x00007fc40a440000)
  to   space 323776K,   0% used [0x00007fc40a440000, 0x00007fc40a440000, 0x00007fc41e070000)
 tenured generation   total 6476624K, used 6467140K [0x00007fc8adb50000, 0x00007fca39024000, 0x00007fd358600000)
   the space 6476624K,  99% used [0x00007fc8adb50000, 0x00007fca386e1150, 0x00007fca386e1200, 0x00007fca39024000)
 Metaspace       used 24323K, capacity 24723K, committed 24832K, reserved 26624K
}
Event: 8007.805 GC heap before
{Heap before GC invocations=6563 (full 4):
 def new generation   total 2914560K, used 2623754K [0x00007fc358600000, 0x00007fc41e070000, 0x00007fc8adb50000)
  eden space 2590784K, 100% used [0x00007fc358600000, 0x00007fc3f6810000, 0x00007fc3f6810000)
  from space 323776K,  10% used [0x00007fc3f6810000, 0x00007fc3f8842b98, 0x00007fc40a440000)
  to   space 323776K,   0% used [0x00007fc40a440000, 0x00007fc40a440000, 0x00007fc41e070000)
 tenured generation   total 6476624K, used 6467140K [0x00007fc8adb50000, 0x00007fca39024000, 0x00007fd358600000)
   the space 6476624K,  99% used [0x00007fc8adb50000, 0x00007fca386e1150, 0x00007fca386e1200, 0x00007fca39024000)
 Metaspace       used 24323K, capacity 24723K, committed 24832K, reserved 26624K
}
Event: 8007.871 GC heap after
{Heap after GC invocations=6564 (full 4):
 def new generation   total 2914560K, used 32315K [0x00007fc358600000, 0x00007fc41e070000, 0x00007fc8adb50000)
  eden space 2590784K,   0% used [0x00007fc358600000, 0x00007fc358600000, 0x00007fc3f6810000)
  from space 323776K,   9% used [0x00007fc40a440000, 0x00007fc40c3cefe0, 0x00007fc41e070000)
  to   space 323776K,   0% used [0x00007fc3f6810000, 0x00007fc3f6810000, 0x00007fc40a440000)
 tenured generation   total 6476624K, used 6469749K [0x00007fc8adb50000, 0x00007fca39024000, 0x00007fd358600000)
   the space 6476624K,  99% used [0x00007fc8adb50000, 0x00007fca3896d510, 0x00007fca3896d600, 0x00007fca39024000)
 Metaspace       used 24323K, capacity 24723K, committed 24832K, reserved 26624K
}
Event: 8010.299 GC heap before
{Heap before GC invocations=6564 (full 4):
 def new generation   total 2914560K, used 2623099K [0x00007fc358600000, 0x00007fc41e070000, 0x00007fc8adb50000)
  eden space 2590784K, 100% used [0x00007fc358600000, 0x00007fc3f6810000, 0x00007fc3f6810000)
  from space 323776K,   9% used [0x00007fc40a440000, 0x00007fc40c3cefe0, 0x00007fc41e070000)
  to   space 323776K,   0% used [0x00007fc3f6810000, 0x00007fc3f6810000, 0x00007fc40a440000)
 tenured generation   total 6476624K, used 6469749K [0x00007fc8adb50000, 0x00007fca39024000, 0x00007fd358600000)
   the space 6476624K,  99% used [0x00007fc8adb50000, 0x00007fca3896d510, 0x00007fca3896d600, 0x00007fca39024000)
 Metaspace       used 24323K, capacity 24723K, committed 24832K, reserved 26624K
}
Event: 8010.361 GC heap after
{Heap after GC invocations=6565 (full 4):
 def new generation   total 2914560K, used 32616K [0x00007fc358600000, 0x00007fc41e070000, 0x00007fc8adb50000)
  eden space 2590784K,   0% used [0x00007fc358600000, 0x00007fc358600000, 0x00007fc3f6810000)
  from space 323776K,  10% used [0x00007fc3f6810000, 0x00007fc3f87ea2f0, 0x00007fc40a440000)
  to   space 323776K,   0% used [0x00007fc40a440000, 0x00007fc40a440000, 0x00007fc41e070000)
 tenured generation   total 6476624K, used 6471413K [0x00007fc8adb50000, 0x00007fca39024000, 0x00007fd358600000)
   the space 6476624K,  99% used [0x00007fc8adb50000, 0x00007fca38b0d458, 0x00007fca38b0d600, 0x00007fca39024000)
 Metaspace       used 24323K, capacity 24723K, committed 24832K, reserved 26624K
}
Event: 8012.827 GC heap before
{Heap before GC invocations=6565 (full 4):
 def new generation   total 2914560K, used 2623400K [0x00007fc358600000, 0x00007fc41e070000, 0x00007fc8adb50000)
  eden space 2590784K, 100% used [0x00007fc358600000, 0x00007fc3f6810000, 0x00007fc3f6810000)
  from space 323776K,  10% used [0x00007fc3f6810000, 0x00007fc3f87ea2f0, 0x00007fc40a440000)
  to   space 323776K,   0% used [0x00007fc40a440000, 0x00007fc40a440000, 0x00007fc41e070000)
 tenured generation   total 6476624K, used 6471413K [0x00007fc8adb50000, 0x00007fca39024000, 0x00007fd358600000)
   the space 6476624K,  99% used [0x00007fc8adb50000, 0x00007fca38b0d458, 0x00007fca38b0d600, 0x00007fca39024000)
 Metaspace       used 24323K, capacity 24723K, committed 24832K, reserved 26624K
}
Event: 8012.890 GC heap after
{Heap after GC invocations=6566 (full 4):
 def new generation   total 2914560K, used 33171K [0x00007fc358600000, 0x00007fc41e070000, 0x00007fc8adb50000)
  eden space 2590784K,   0% used [0x00007fc358600000, 0x00007fc358600000, 0x00007fc3f6810000)
  from space 323776K,  10% used [0x00007fc40a440000, 0x00007fc40c4a4db8, 0x00007fc41e070000)
  to   space 323776K,   0% used [0x00007fc3f6810000, 0x00007fc3f6810000, 0x00007fc40a440000)
 tenured generation   total 6476624K, used 6472928K [0x00007fc8adb50000, 0x00007fca39024000, 0x00007fd358600000)
   the space 6476624K,  99% used [0x00007fc8adb50000, 0x00007fca38c88298, 0x00007fca38c88400, 0x00007fca39024000)
 Metaspace       used 24323K, capacity 24723K, committed 24832K, reserved 26624K
}
Event: 8015.291 GC heap before
{Heap before GC invocations=6566 (full 4):
 def new generation   total 2914560K, used 2623955K [0x00007fc358600000, 0x00007fc41e070000, 0x00007fc8adb50000)
  eden space 2590784K, 100% used [0x00007fc358600000, 0x00007fc3f6810000, 0x00007fc3f6810000)
  from space 323776K,  10% used [0x00007fc40a440000, 0x00007fc40c4a4db8, 0x00007fc41e070000)
  to   space 323776K,   0% used [0x00007fc3f6810000, 0x00007fc3f6810000, 0x00007fc40a440000)
 tenured generation   total 6476624K, used 6472928K [0x00007fc8adb50000, 0x00007fca39024000, 0x00007fd358600000)
   the space 6476624K,  99% used [0x00007fc8adb50000, 0x00007fca38c88298, 0x00007fca38c88400, 0x00007fca39024000)
 Metaspace       used 24323K, capacity 24723K, committed 24832K, reserved 26624K
}
Event: 8015.384 GC heap after
{Heap after GC invocations=6567 (full 4):
 def new generation   total 2914560K, used 34140K [0x00007fc358600000, 0x00007fc41e070000, 0x00007fc8adb50000)
  eden space 2590784K,   0% used [0x00007fc358600000, 0x00007fc358600000, 0x00007fc3f6810000)
  from space 323776K,  10% used [0x00007fc3f6810000, 0x00007fc3f8967298, 0x00007fc40a440000)
  to   space 323776K,   0% used [0x00007fc40a440000, 0x00007fc40a440000, 0x00007fc41e070000)
 tenured generation   total 6476624K, used 6474642K [0x00007fc8adb50000, 0x00007fca39024000, 0x00007fd358600000)
   the space 6476624K,  99% used [0x00007fc8adb50000, 0x00007fca38e34a08, 0x00007fca38e34c00, 0x00007fca39024000)
 Metaspace       used 24323K, capacity 24723K, committed 24832K, reserved 26624K
}
Event: 8017.679 GC heap before
{Heap before GC invocations=6567 (full 4):
 def new generation   total 2914560K, used 2624924K [0x00007fc358600000, 0x00007fc41e070000, 0x00007fc8adb50000)
  eden space 2590784K, 100% used [0x00007fc358600000, 0x00007fc3f6810000, 0x00007fc3f6810000)
  from space 323776K,  10% used [0x00007fc3f6810000, 0x00007fc3f8967298, 0x00007fc40a440000)
  to   space 323776K,   0% used [0x00007fc40a440000, 0x00007fc40a440000, 0x00007fc41e070000)
 tenured generation   total 6476624K, used 6474642K [0x00007fc8adb50000, 0x00007fca39024000, 0x00007fd358600000)
   the space 6476624K,  99% used [0x00007fc8adb50000, 0x00007fca38e34a08, 0x00007fca38e34c00, 0x00007fca39024000)
 Metaspace       used 24323K, capacity 24723K, committed 24832K, reserved 26624K
}
Event: 8017.737 GC heap after
{Heap after GC invocations=6568 (full 4):
 def new generation   total 2914560K, used 34743K [0x00007fc358600000, 0x00007fc41e070000, 0x00007fc8adb50000)
  eden space 2590784K,   0% used [0x00007fc358600000, 0x00007fc358600000, 0x00007fc3f6810000)
  from space 323776K,  10% used [0x00007fc40a440000, 0x00007fc40c62dc70, 0x00007fc41e070000)
  to   space 323776K,   0% used [0x00007fc3f6810000, 0x00007fc3f6810000, 0x00007fc40a440000)
 tenured generation   total 6476816K, used 6476654K [0x00007fc8adb50000, 0x00007fca39054000, 0x00007fd358600000)
   the space 6476816K,  99% used [0x00007fc8adb50000, 0x00007fca3902b9c8, 0x00007fca3902ba00, 0x00007fca39054000)
 Metaspace       used 24323K, capacity 24723K, committed 24832K, reserved 26624K
}
Event: 8017.737 GC heap before
{Heap before GC invocations=6568 (full 4):
 def new generation   total 2914560K, used 34743K [0x00007fc358600000, 0x00007fc41e070000, 0x00007fc8adb50000)
  eden space 2590784K,   0% used [0x00007fc358600000, 0x00007fc358600000, 0x00007fc3f6810000)
  from space 323776K,  10% used [0x00007fc40a440000, 0x00007fc40c62dc70, 0x00007fc41e070000)
  to   space 323776K,   0% used [0x00007fc3f6810000, 0x00007fc3f6810000, 0x00007fc40a440000)
 tenured generation   total 6476816K, used 6476654K [0x00007fc8adb50000, 0x00007fca39054000, 0x00007fd358600000)
   the space 6476816K,  99% used [0x00007fc8adb50000, 0x00007fca3902b9c8, 0x00007fca3902ba00, 0x00007fca39054000)
 Metaspace       used 24323K, capacity 24723K, committed 24832K, reserved 26624K
}

