# JRE version: OpenJDK Runtime Environment (13.0.7+5) (build 13.0.7+5-Ubuntu-0ubuntu120.04)
# Java VM: OpenJDK 64-Bit Server VM (13.0.7+5-Ubuntu-0ubuntu120.04, mixed mode, tiered, compressed oops, serial gc, linux-amd64)
Heap:
 def new generation   total 2578496K, used 0K [0x0000000080200000, 0x000000012efd0000, 0x0000000300150000)
  eden space 2292032K,   0% used [0x0000000080200000, 0x0000000080200000, 0x000000010c050000)
  from space 286464K,   0% used [0x000000010c050000, 0x000000010c050000, 0x000000011d810000)
  to   space 286464K,   0% used [0x000000011d810000, 0x000000011d810000, 0x000000012efd0000)
 tenured generation   total 5746252K, used 3884973K [0x0000000300150000, 0x000000045ece3000, 0x0000000800000000)
   the space 5746252K,  67% used [0x0000000300150000, 0x00000003ed33b440, 0x00000003ed33b600, 0x000000045ece3000)
 Metaspace       used 22727K, capacity 23230K, committed 23424K, reserved 1071104K
  class space    used 2354K, capacity 2568K, committed 2688K, reserved 1048576K
GC Heap History (20 events):
Event: 1003.515 GC heap after
{Heap after GC invocations=785 (full 25):
 def new generation   total 2578496K, used 193994K [0x0000000080200000, 0x000000012efd0000, 0x0000000300150000)
  eden space 2292032K,   0% used [0x0000000080200000, 0x0000000080200000, 0x000000010c050000)
  from space 286464K,  67% used [0x000000011d810000, 0x0000000129582b18, 0x000000012efd0000)
  to   space 286464K,   0% used [0x000000010c050000, 0x000000010c050000, 0x000000011d810000)
 tenured generation   total 5729864K, used 5654269K [0x0000000300150000, 0x000000045dce2000, 0x0000000800000000)
   the space 5729864K,  98% used [0x0000000300150000, 0x000000045930f590, 0x000000045930f600, 0x000000045dce2000)
 Metaspace       used 22727K, capacity 23230K, committed 23424K, reserved 1071104K
  class space    used 2354K, capacity 2568K, committed 2688K, reserved 1048576K
}
Event: 1005.368 GC heap before
{Heap before GC invocations=785 (full 25):
 def new generation   total 2578496K, used 2486026K [0x0000000080200000, 0x000000012efd0000, 0x0000000300150000)
  eden space 2292032K, 100% used [0x0000000080200000, 0x000000010c050000, 0x000000010c050000)
  from space 286464K,  67% used [0x000000011d810000, 0x0000000129582b18, 0x000000012efd0000)
  to   space 286464K,   0% used [0x000000010c050000, 0x000000010c050000, 0x000000011d810000)
 tenured generation   total 5729864K, used 5654269K [0x0000000300150000, 0x000000045dce2000, 0x0000000800000000)
   the space 5729864K,  98% used [0x0000000300150000, 0x000000045930f590, 0x000000045930f600, 0x000000045dce2000)
 Metaspace       used 22727K, capacity 23230K, committed 23424K, reserved 1071104K
  class space    used 2354K, capacity 2568K, committed 2688K, reserved 1048576K
}
Event: 1005.418 GC heap after
{Heap after GC invocations=786 (full 25):
 def new generation   total 2578496K, used 59804K [0x0000000080200000, 0x000000012efd0000, 0x0000000300150000)
  eden space 2292032K,   0% used [0x0000000080200000, 0x0000000080200000, 0x000000010c050000)
  from space 286464K,  20% used [0x000000010c050000, 0x000000010fab7280, 0x000000011d810000)
  to   space 286464K,   0% used [0x000000011d810000, 0x000000011d810000, 0x000000012efd0000)
 tenured generation   total 5729864K, used 5671220K [0x0000000300150000, 0x000000045dce2000, 0x0000000800000000)
   the space 5729864K,  98% used [0x0000000300150000, 0x000000045a39d090, 0x000000045a39d200, 0x000000045dce2000)
 Metaspace       used 22727K, capacity 23230K, committed 23424K, reserved 1071104K
  class space    used 2354K, capacity 2568K, committed 2688K, reserved 1048576K
}
Event: 1007.276 GC heap before
{Heap before GC invocations=786 (full 25):
 def new generation   total 2578496K, used 2351836K [0x0000000080200000, 0x000000012efd0000, 0x0000000300150000)
  eden space 2292032K, 100% used [0x0000000080200000, 0x000000010c050000, 0x000000010c050000)
  from space 286464K,  20% used [0x000000010c050000, 0x000000010fab7280, 0x000000011d810000)
  to   space 286464K,   0% used [0x000000011d810000, 0x000000011d810000, 0x000000012efd0000)
 tenured generation   total 5729864K, used 5671220K [0x0000000300150000, 0x000000045dce2000, 0x0000000800000000)
   the space 5729864K,  98% used [0x0000000300150000, 0x000000045a39d090, 0x000000045a39d200, 0x000000045dce2000)
 Metaspace       used 22727K, capacity 23230K, committed 23424K, reserved 1071104K
  class space    used 2354K, capacity 2568K, committed 2688K, reserved 1048576K
}
Event: 1007.383 GC heap after
{Heap after GC invocations=787 (full 25):
 def new generation   total 2578496K, used 196585K [0x0000000080200000, 0x000000012efd0000, 0x0000000300150000)
  eden space 2292032K,   0% used [0x0000000080200000, 0x0000000080200000, 0x000000010c050000)
  from space 286464K,  68% used [0x000000011d810000, 0x000000012980a678, 0x000000012efd0000)
  to   space 286464K,   0% used [0x000000010c050000, 0x000000010c050000, 0x000000011d810000)
 tenured generation   total 5729864K, used 5671220K [0x0000000300150000, 0x000000045dce2000, 0x0000000800000000)
   the space 5729864K,  98% used [0x0000000300150000, 0x000000045a39d090, 0x000000045a39d200, 0x000000045dce2000)
 Metaspace       used 22727K, capacity 23230K, committed 23424K, reserved 1071104K
  class space    used 2354K, capacity 2568K, committed 2688K, reserved 1048576K
}
Event: 1009.283 GC heap before
{Heap before GC invocations=787 (full 25):
 def new generation   total 2578496K, used 2488617K [0x0000000080200000, 0x000000012efd0000, 0x0000000300150000)
  eden space 2292032K, 100% used [0x0000000080200000, 0x000000010c050000, 0x000000010c050000)
  from space 286464K,  68% used [0x000000011d810000, 0x000000012980a678, 0x000000012efd0000)
  to   space 286464K,   0% used [0x000000010c050000, 0x000000010c050000, 0x000000011d810000)
 tenured generation   total 5729864K, used 5671220K [0x0000000300150000, 0x000000045dce2000, 0x0000000800000000)
   the space 5729864K,  98% used [0x0000000300150000, 0x000000045a39d090, 0x000000045a39d200, 0x000000045dce2000)
 Metaspace       used 22727K, capacity 23230K, committed 23424K, reserved 1071104K
  class space    used 2354K, capacity 2568K, committed 2688K, reserved 1048576K
}
Event: 1009.366 GC heap after
{Heap after GC invocations=788 (full 25):
 def new generation   total 2578496K, used 62391K [0x0000000080200000, 0x000000012efd0000, 0x0000000300150000)
  eden space 2292032K,   0% used [0x0000000080200000, 0x0000000080200000, 0x000000010c050000)
  from space 286464K,  21% used [0x000000010c050000, 0x000000010fd3ded0, 0x000000011d810000)
  to   space 286464K,   0% used [0x000000011d810000, 0x000000011d810000, 0x000000012efd0000)
 tenured generation   total 5729864K, used 5688170K [0x0000000300150000, 0x000000045dce2000, 0x0000000800000000)
   the space 5729864K,  99% used [0x0000000300150000, 0x000000045b42ab90, 0x000000045b42ac00, 0x000000045dce2000)
 Metaspace       used 22727K, capacity 23230K, committed 23424K, reserved 1071104K
  class space    used 2354K, capacity 2568K, committed 2688K, reserved 1048576K
}
Event: 1011.246 GC heap before
{Heap before GC invocations=788 (full 25):
 def new generation   total 2578496K, used 2354423K [0x0000000080200000, 0x000000012efd0000, 0x0000000300150000)
  eden space 2292032K, 100% used [0x0000000080200000, 0x000000010c050000, 0x000000010c050000)
  from space 286464K,  21% used [0x000000010c050000, 0x000000010fd3ded0, 0x000000011d810000)
  to   space 286464K,   0% used [0x000000011d810000, 0x000000011d810000, 0x000000012efd0000)
 tenured generation   total 5729864K, used 5688170K [0x0000000300150000, 0x000000045dce2000, 0x0000000800000000)
   the space 5729864K,  99% used [0x0000000300150000, 0x000000045b42ab90, 0x000000045b42ac00, 0x000000045dce2000)
 Metaspace       used 22727K, capacity 23230K, committed 23424K, reserved 1071104K
  class space    used 2354K, capacity 2568K, committed 2688K, reserved 1048576K
}
Event: 1011.381 GC heap after
{Heap after GC invocations=789 (full 25):
 def new generation   total 2578496K, used 199679K [0x0000000080200000, 0x000000012efd0000, 0x0000000300150000)
  eden space 2292032K,   0% used [0x0000000080200000, 0x0000000080200000, 0x000000010c050000)
  from space 286464K,  69% used [0x000000011d810000, 0x0000000129b0fe78, 0x000000012efd0000)
  to   space 286464K,   0% used [0x000000010c050000, 0x000000010c050000, 0x000000011d810000)
 tenured generation   total 5729864K, used 5688170K [0x0000000300150000, 0x000000045dce2000, 0x0000000800000000)
   the space 5729864K,  99% used [0x0000000300150000, 0x000000045b42ab90, 0x000000045b42ac00, 0x000000045dce2000)
 Metaspace       used 22727K, capacity 23230K, committed 23424K, reserved 1071104K
  class space    used 2354K, capacity 2568K, committed 2688K, reserved 1048576K
}
Event: 1013.382 GC heap before
{Heap before GC invocations=789 (full 25):
 def new generation   total 2578496K, used 2491711K [0x0000000080200000, 0x000000012efd0000, 0x0000000300150000)
  eden space 2292032K, 100% used [0x0000000080200000, 0x000000010c050000, 0x000000010c050000)
  from space 286464K,  69% used [0x000000011d810000, 0x0000000129b0fe78, 0x000000012efd0000)
  to   space 286464K,   0% used [0x000000010c050000, 0x000000010c050000, 0x000000011d810000)
 tenured generation   total 5729864K, used 5688170K [0x0000000300150000, 0x000000045dce2000, 0x0000000800000000)
   the space 5729864K,  99% used [0x0000000300150000, 0x000000045b42ab90, 0x000000045b42ac00, 0x000000045dce2000)
 Metaspace       used 22727K, capacity 23230K, committed 23424K, reserved 1071104K
  class space    used 2354K, capacity 2568K, committed 2688K, reserved 1048576K
}
Event: 1013.450 GC heap after
{Heap after GC invocations=790 (full 25):
 def new generation   total 2578496K, used 64973K [0x0000000080200000, 0x000000012efd0000, 0x0000000300150000)
  eden space 2292032K,   0% used [0x0000000080200000, 0x0000000080200000, 0x000000010c050000)
  from space 286464K,  22% used [0x000000010c050000, 0x000000010ffc34d0, 0x000000011d810000)
  to   space 286464K,   0% used [0x000000011d810000, 0x000000011d810000, 0x000000012efd0000)
 tenured generation   total 5729864K, used 5705121K [0x0000000300150000, 0x000000045dce2000, 0x0000000800000000)
   the space 5729864K,  99% used [0x0000000300150000, 0x000000045c4b8690, 0x000000045c4b8800, 0x000000045dce2000)
 Metaspace       used 22727K, capacity 23230K, committed 23424K, reserved 1071104K
  class space    used 2354K, capacity 2568K, committed 2688K, reserved 1048576K
}
Event: 1015.497 GC heap before
{Heap before GC invocations=790 (full 25):
 def new generation   total 2578496K, used 2357005K [0x0000000080200000, 0x000000012efd0000, 0x0000000300150000)
  eden space 2292032K, 100% used [0x0000000080200000, 0x000000010c050000, 0x000000010c050000)
  from space 286464K,  22% used [0x000000010c050000, 0x000000010ffc34d0, 0x000000011d810000)
  to   space 286464K,   0% used [0x000000011d810000, 0x000000011d810000, 0x000000012efd0000)
 tenured generation   total 5729864K, used 5705121K [0x0000000300150000, 0x000000045dce2000, 0x0000000800000000)
   the space 5729864K,  99% used [0x0000000300150000, 0x000000045c4b8690, 0x000000045c4b8800, 0x000000045dce2000)
 Metaspace       used 22727K, capacity 23230K, committed 23424K, reserved 1071104K
  class space    used 2354K, capacity 2568K, committed 2688K, reserved 1048576K
}
Event: 1015.703 GC heap after
{Heap after GC invocations=791 (full 25):
 def new generation   total 2578496K, used 201758K [0x0000000080200000, 0x000000012efd0000, 0x0000000300150000)
  eden space 2292032K,   0% used [0x0000000080200000, 0x0000000080200000, 0x000000010c050000)
  from space 286464K,  70% used [0x000000011d810000, 0x0000000129d178b0, 0x000000012efd0000)
  to   space 286464K,   0% used [0x000000010c050000, 0x000000010c050000, 0x000000011d810000)
 tenured generation   total 5729864K, used 5705121K [0x0000000300150000, 0x000000045dce2000, 0x0000000800000000)
   the space 5729864K,  99% used [0x0000000300150000, 0x000000045c4b8690, 0x000000045c4b8800, 0x000000045dce2000)
 Metaspace       used 22727K, capacity 23230K, committed 23424K, reserved 1071104K
  class space    used 2354K, capacity 2568K, committed 2688K, reserved 1048576K
}
Event: 1017.627 GC heap before
{Heap before GC invocations=791 (full 25):
 def new generation   total 2578496K, used 2493790K [0x0000000080200000, 0x000000012efd0000, 0x0000000300150000)
  eden space 2292032K, 100% used [0x0000000080200000, 0x000000010c050000, 0x000000010c050000)
  from space 286464K,  70% used [0x000000011d810000, 0x0000000129d178b0, 0x000000012efd0000)
  to   space 286464K,   0% used [0x000000010c050000, 0x000000010c050000, 0x000000011d810000)
 tenured generation   total 5729864K, used 5705121K [0x0000000300150000, 0x000000045dce2000, 0x0000000800000000)
   the space 5729864K,  99% used [0x0000000300150000, 0x000000045c4b8690, 0x000000045c4b8800, 0x000000045dce2000)
 Metaspace       used 22727K, capacity 23230K, committed 23424K, reserved 1071104K
  class space    used 2354K, capacity 2568K, committed 2688K, reserved 1048576K
}
Event: 1017.713 GC heap after
{Heap after GC invocations=792 (full 25):
 def new generation   total 2578496K, used 67051K [0x0000000080200000, 0x000000012efd0000, 0x0000000300150000)
  eden space 2292032K,   0% used [0x0000000080200000, 0x0000000080200000, 0x000000010c050000)
  from space 286464K,  23% used [0x000000010c050000, 0x00000001101caea0, 0x000000011d810000)
  to   space 286464K,   0% used [0x000000011d810000, 0x000000011d810000, 0x000000012efd0000)
 tenured generation   total 5729864K, used 5722072K [0x0000000300150000, 0x000000045dce2000, 0x0000000800000000)
   the space 5729864K,  99% used [0x0000000300150000, 0x000000045d546190, 0x000000045d546200, 0x000000045dce2000)
 Metaspace       used 22727K, capacity 23230K, committed 23424K, reserved 1071104K
  class space    used 2354K, capacity 2568K, committed 2688K, reserved 1048576K
}
Event: 1019.702 GC heap before
{Heap before GC invocations=792 (full 25):
 def new generation   total 2578496K, used 2359083K [0x0000000080200000, 0x000000012efd0000, 0x0000000300150000)
  eden space 2292032K, 100% used [0x0000000080200000, 0x000000010c050000, 0x000000010c050000)
  from space 286464K,  23% used [0x000000010c050000, 0x00000001101caea0, 0x000000011d810000)
  to   space 286464K,   0% used [0x000000011d810000, 0x000000011d810000, 0x000000012efd0000)
 tenured generation   total 5729864K, used 5722072K [0x0000000300150000, 0x000000045dce2000, 0x0000000800000000)
   the space 5729864K,  99% used [0x0000000300150000, 0x000000045d546190, 0x000000045d546200, 0x000000045dce2000)
 Metaspace       used 22727K, capacity 23230K, committed 23424K, reserved 1071104K
  class space    used 2354K, capacity 2568K, committed 2688K, reserved 1048576K
}
Event: 1019.843 GC heap after
{Heap after GC invocations=793 (full 25):
 def new generation   total 2578496K, used 203844K [0x0000000080200000, 0x000000012efd0000, 0x0000000300150000)
  eden space 2292032K,   0% used [0x0000000080200000, 0x0000000080200000, 0x000000010c050000)
  from space 286464K,  71% used [0x000000011d810000, 0x0000000129f21118, 0x000000012efd0000)
  to   space 286464K,   0% used [0x000000010c050000, 0x000000010c050000, 0x000000011d810000)
 tenured generation   total 5729864K, used 5722072K [0x0000000300150000, 0x000000045dce2000, 0x0000000800000000)
   the space 5729864K,  99% used [0x0000000300150000, 0x000000045d546190, 0x000000045d546200, 0x000000045dce2000)
 Metaspace       used 22727K, capacity 23230K, committed 23424K, reserved 1071104K
  class space    used 2354K, capacity 2568K, committed 2688K, reserved 1048576K
}
Event: 1021.757 GC heap before
{Heap before GC invocations=793 (full 25):
 def new generation   total 2578496K, used 2495876K [0x0000000080200000, 0x000000012efd0000, 0x0000000300150000)
  eden space 2292032K, 100% used [0x0000000080200000, 0x000000010c050000, 0x000000010c050000)
  from space 286464K,  71% used [0x000000011d810000, 0x0000000129f21118, 0x000000012efd0000)
  to   space 286464K,   0% used [0x000000010c050000, 0x000000010c050000, 0x000000011d810000)
 tenured generation   total 5729864K, used 5722072K [0x0000000300150000, 0x000000045dce2000, 0x0000000800000000)
   the space 5729864K,  99% used [0x0000000300150000, 0x000000045d546190, 0x000000045d546200, 0x000000045dce2000)
 Metaspace       used 22727K, capacity 23230K, committed 23424K, reserved 1071104K
  class space    used 2354K, capacity 2568K, committed 2688K, reserved 1048576K
}
Event: 1021.837 GC heap after
{Heap after GC invocations=794 (full 25):
 def new generation   total 2578496K, used 69653K [0x0000000080200000, 0x000000012efd0000, 0x0000000300150000)
  eden space 2292032K,   0% used [0x0000000080200000, 0x0000000080200000, 0x000000010c050000)
  from space 286464K,  24% used [0x000000010c050000, 0x0000000110455698, 0x000000011d810000)
  to   space 286464K,   0% used [0x000000011d810000, 0x000000011d810000, 0x000000012efd0000)
 tenured generation   total 5746252K, used 5739023K [0x0000000300150000, 0x000000045ece3000, 0x0000000800000000)
   the space 5746252K,  99% used [0x0000000300150000, 0x000000045e5d3c90, 0x000000045e5d3e00, 0x000000045ece3000)
 Metaspace       used 22727K, capacity 23230K, committed 23424K, reserved 1071104K
  class space    used 2354K, capacity 2568K, committed 2688K, reserved 1048576K
}
Event: 1021.837 GC heap before
{Heap before GC invocations=794 (full 25):
 def new generation   total 2578496K, used 69653K [0x0000000080200000, 0x000000012efd0000, 0x0000000300150000)
  eden space 2292032K,   0% used [0x0000000080200000, 0x0000000080200000, 0x000000010c050000)
  from space 286464K,  24% used [0x000000010c050000, 0x0000000110455698, 0x000000011d810000)
  to   space 286464K,   0% used [0x000000011d810000, 0x000000011d810000, 0x000000012efd0000)
 tenured generation   total 5746252K, used 5739023K [0x0000000300150000, 0x000000045ece3000, 0x0000000800000000)
   the space 5746252K,  99% used [0x0000000300150000, 0x000000045e5d3c90, 0x000000045e5d3e00, 0x000000045ece3000)
 Metaspace       used 22727K, capacity 23230K, committed 23424K, reserved 1071104K
  class space    used 2354K, capacity 2568K, committed 2688K, reserved 1048576K
}

