# JRE version: OpenJDK Runtime Environment (13.0.7+5) (build 13.0.7+5-Ubuntu-0ubuntu120.04)
# Java VM: OpenJDK 64-Bit Server VM (13.0.7+5-Ubuntu-0ubuntu120.04, mixed mode, tiered, serial gc, linux-amd64)
Heap:
 def new generation   total 2467648K, used 268612K [0x00007fad20600000, 0x00007fadc7b90000, 0x00007fb275b50000)
  eden space 2193472K,  12% used [0x00007fad20600000, 0x00007fad30c511b8, 0x00007fada6410000)
  from space 274176K,   0% used [0x00007fada6410000, 0x00007fada6410000, 0x00007fadb6fd0000)
  to   space 274176K,   0% used [0x00007fadb6fd0000, 0x00007fadb6fd0000, 0x00007fadc7b90000)
 tenured generation   total 7402944K, used 7402943K [0x00007fb275b50000, 0x00007fb4398c0000, 0x00007fbd20600000)
   the space 7402944K,  99% used [0x00007fb275b50000, 0x00007fb4398bfd20, 0x00007fb4398bfe00, 0x00007fb4398c0000)
 Metaspace       used 30656K, capacity 31091K, committed 31232K, reserved 32768K
GC Heap History (20 events):
Event: 3.777 GC heap after
{Heap after GC invocations=1 (full 1):
 def new generation   total 629248K, used 0K [0x00007fad20600000, 0x00007fad4b0c0000, 0x00007fb275b50000)
  eden space 559360K,   0% used [0x00007fad20600000, 0x00007fad20600000, 0x00007fad42840000)
  from space 69888K,   0% used [0x00007fad42840000, 0x00007fad42840000, 0x00007fad46c80000)
  to   space 69888K,   0% used [0x00007fad46c80000, 0x00007fad46c80000, 0x00007fad4b0c0000)
 tenured generation   total 1398144K, used 14021K [0x00007fb275b50000, 0x00007fb2cb0b0000, 0x00007fbd20600000)
   the space 1398144K,   1% used [0x00007fb275b50000, 0x00007fb276901738, 0x00007fb276901800, 0x00007fb2cb0b0000)
 Metaspace       used 20860K, capacity 21169K, committed 21248K, reserved 22528K
}
Event: 7.247 GC heap before
{Heap before GC invocations=1 (full 1):
 def new generation   total 629248K, used 559360K [0x00007fad20600000, 0x00007fad4b0c0000, 0x00007fb275b50000)
  eden space 559360K, 100% used [0x00007fad20600000, 0x00007fad42840000, 0x00007fad42840000)
  from space 69888K,   0% used [0x00007fad42840000, 0x00007fad42840000, 0x00007fad46c80000)
  to   space 69888K,   0% used [0x00007fad46c80000, 0x00007fad46c80000, 0x00007fad4b0c0000)
 tenured generation   total 1398144K, used 14021K [0x00007fb275b50000, 0x00007fb2cb0b0000, 0x00007fbd20600000)
   the space 1398144K,   1% used [0x00007fb275b50000, 0x00007fb276901738, 0x00007fb276901800, 0x00007fb2cb0b0000)
 Metaspace       used 30654K, capacity 31091K, committed 31232K, reserved 32768K
}
Event: 7.731 GC heap after
{Heap after GC invocations=2 (full 1):
 def new generation   total 629248K, used 30334K [0x00007fad20600000, 0x00007fad4b0c0000, 0x00007fb275b50000)
  eden space 559360K,   0% used [0x00007fad20600000, 0x00007fad20600000, 0x00007fad42840000)
  from space 69888K,  43% used [0x00007fad46c80000, 0x00007fad48a1f8e0, 0x00007fad4b0c0000)
  to   space 69888K,   0% used [0x00007fad42840000, 0x00007fad42840000, 0x00007fad46c80000)
 tenured generation   total 1398144K, used 387269K [0x00007fb275b50000, 0x00007fb2cb0b0000, 0x00007fbd20600000)
   the space 1398144K,  27% used [0x00007fb275b50000, 0x00007fb28d581750, 0x00007fb28d581800, 0x00007fb2cb0b0000)
 Metaspace       used 30654K, capacity 31091K, committed 31232K, reserved 32768K
}
Event: 7.983 GC heap before
{Heap before GC invocations=2 (full 1):
 def new generation   total 629248K, used 589694K [0x00007fad20600000, 0x00007fad4b0c0000, 0x00007fb275b50000)
  eden space 559360K, 100% used [0x00007fad20600000, 0x00007fad42840000, 0x00007fad42840000)
  from space 69888K,  43% used [0x00007fad46c80000, 0x00007fad48a1f8e0, 0x00007fad4b0c0000)
  to   space 69888K,   0% used [0x00007fad42840000, 0x00007fad42840000, 0x00007fad46c80000)
 tenured generation   total 1398144K, used 387269K [0x00007fb275b50000, 0x00007fb2cb0b0000, 0x00007fbd20600000)
   the space 1398144K,  27% used [0x00007fb275b50000, 0x00007fb28d581750, 0x00007fb28d581800, 0x00007fb2cb0b0000)
 Metaspace       used 30654K, capacity 31091K, committed 31232K, reserved 32768K
}
Event: 8.561 GC heap after
{Heap after GC invocations=3 (full 1):
 def new generation   total 629248K, used 69888K [0x00007fad20600000, 0x00007fad4b0c0000, 0x00007fb275b50000)
  eden space 559360K,   0% used [0x00007fad20600000, 0x00007fad20600000, 0x00007fad42840000)
  from space 69888K, 100% used [0x00007fad42840000, 0x00007fad46c80000, 0x00007fad46c80000)
  to   space 69888K,   0% used [0x00007fad46c80000, 0x00007fad46c80000, 0x00007fad4b0c0000)
 tenured generation   total 1398144K, used 906997K [0x00007fb275b50000, 0x00007fb2cb0b0000, 0x00007fbd20600000)
   the space 1398144K,  64% used [0x00007fb275b50000, 0x00007fb2ad10d548, 0x00007fb2ad10d600, 0x00007fb2cb0b0000)
 Metaspace       used 30654K, capacity 31091K, committed 31232K, reserved 32768K
}
Event: 8.775 GC heap before
{Heap before GC invocations=3 (full 1):
 def new generation   total 629248K, used 629248K [0x00007fad20600000, 0x00007fad4b0c0000, 0x00007fb275b50000)
  eden space 559360K, 100% used [0x00007fad20600000, 0x00007fad42840000, 0x00007fad42840000)
  from space 69888K, 100% used [0x00007fad42840000, 0x00007fad46c80000, 0x00007fad46c80000)
  to   space 69888K,   0% used [0x00007fad46c80000, 0x00007fad46c80000, 0x00007fad4b0c0000)
 tenured generation   total 1398144K, used 906997K [0x00007fb275b50000, 0x00007fb2cb0b0000, 0x00007fbd20600000)
   the space 1398144K,  64% used [0x00007fb275b50000, 0x00007fb2ad10d548, 0x00007fb2ad10d600, 0x00007fb2cb0b0000)
 Metaspace       used 30654K, capacity 31091K, committed 31232K, reserved 32768K
}
Event: 9.344 GC heap after
{Heap after GC invocations=4 (full 1):
 def new generation   total 629248K, used 69887K [0x00007fad20600000, 0x00007fad4b0c0000, 0x00007fb275b50000)
  eden space 559360K,   0% used [0x00007fad20600000, 0x00007fad20600000, 0x00007fad42840000)
  from space 69888K,  99% used [0x00007fad46c80000, 0x00007fad4b0bfde8, 0x00007fad4b0c0000)
  to   space 69888K,   0% used [0x00007fad42840000, 0x00007fad42840000, 0x00007fad46c80000)
 tenured generation   total 1466496K, used 1466324K [0x00007fb275b50000, 0x00007fb2cf370000, 0x00007fbd20600000)
   the space 1466496K,  99% used [0x00007fb275b50000, 0x00007fb2cf345370, 0x00007fb2cf345400, 0x00007fb2cf370000)
 Metaspace       used 30654K, capacity 31091K, committed 31232K, reserved 32768K
}
Event: 9.344 GC heap before
{Heap before GC invocations=4 (full 1):
 def new generation   total 629248K, used 69887K [0x00007fad20600000, 0x00007fad4b0c0000, 0x00007fb275b50000)
  eden space 559360K,   0% used [0x00007fad20600000, 0x00007fad20600000, 0x00007fad42840000)
  from space 69888K,  99% used [0x00007fad46c80000, 0x00007fad4b0bfde8, 0x00007fad4b0c0000)
  to   space 69888K,   0% used [0x00007fad42840000, 0x00007fad42840000, 0x00007fad46c80000)
 tenured generation   total 1466496K, used 1466324K [0x00007fb275b50000, 0x00007fb2cf370000, 0x00007fbd20600000)
   the space 1466496K,  99% used [0x00007fb275b50000, 0x00007fb2cf345370, 0x00007fb2cf345400, 0x00007fb2cf370000)
 Metaspace       used 30654K, capacity 31091K, committed 31232K, reserved 32768K
}
Event: 9.962 GC heap after
{Heap after GC invocations=4 (full 2):
 def new generation   total 1099968K, used 69716K [0x00007fad20600000, 0x00007fad6af80000, 0x00007fb275b50000)
  eden space 977792K,   7% used [0x00007fad20600000, 0x00007fad24a15240, 0x00007fad5c0e0000)
  from space 122176K,   0% used [0x00007fad5c0e0000, 0x00007fad5c0e0000, 0x00007fad63830000)
  to   space 122176K,   0% used [0x00007fad63830000, 0x00007fad63830000, 0x00007fad6af80000)
 tenured generation   total 2444160K, used 1466495K [0x00007fb275b50000, 0x00007fb30ae30000, 0x00007fbd20600000)
   the space 2444160K,  59% used [0x00007fb275b50000, 0x00007fb2cf36ff18, 0x00007fb2cf370000, 0x00007fb30ae30000)
 Metaspace       used 30654K, capacity 31091K, committed 31232K, reserved 32768K
}
Event: 10.287 GC heap before
{Heap before GC invocations=4 (full 2):
 def new generation   total 1099968K, used 977792K [0x00007fad20600000, 0x00007fad6af80000, 0x00007fb275b50000)
  eden space 977792K, 100% used [0x00007fad20600000, 0x00007fad5c0e0000, 0x00007fad5c0e0000)
  from space 122176K,   0% used [0x00007fad5c0e0000, 0x00007fad5c0e0000, 0x00007fad63830000)
  to   space 122176K,   0% used [0x00007fad63830000, 0x00007fad63830000, 0x00007fad6af80000)
 tenured generation   total 2444160K, used 1466495K [0x00007fb275b50000, 0x00007fb30ae30000, 0x00007fbd20600000)
   the space 2444160K,  59% used [0x00007fb275b50000, 0x00007fb2cf36ff18, 0x00007fb2cf370000, 0x00007fb30ae30000)
 Metaspace       used 30656K, capacity 31091K, committed 31232K, reserved 32768K
}
Event: 11.070 GC heap after
{Heap after GC invocations=5 (full 2):
 def new generation   total 1099968K, used 122176K [0x00007fad20600000, 0x00007fad6af80000, 0x00007fb275b50000)
  eden space 977792K,   0% used [0x00007fad20600000, 0x00007fad20600000, 0x00007fad5c0e0000)
  from space 122176K, 100% used [0x00007fad63830000, 0x00007fad6af80000, 0x00007fad6af80000)
  to   space 122176K,   0% used [0x00007fad5c0e0000, 0x00007fad5c0e0000, 0x00007fad63830000)
 tenured generation   total 2444160K, used 2312289K [0x00007fb275b50000, 0x00007fb30ae30000, 0x00007fbd20600000)
   the space 2444160K,  94% used [0x00007fb275b50000, 0x00007fb302d68458, 0x00007fb302d68600, 0x00007fb30ae30000)
 Metaspace       used 30656K, capacity 31091K, committed 31232K, reserved 32768K
}
Event: 11.355 GC heap before
{Heap before GC invocations=5 (full 2):
 def new generation   total 1099968K, used 1099968K [0x00007fad20600000, 0x00007fad6af80000, 0x00007fb275b50000)
  eden space 977792K, 100% used [0x00007fad20600000, 0x00007fad5c0e0000, 0x00007fad5c0e0000)
  from space 122176K, 100% used [0x00007fad63830000, 0x00007fad6af80000, 0x00007fad6af80000)
  to   space 122176K,   0% used [0x00007fad5c0e0000, 0x00007fad5c0e0000, 0x00007fad63830000)
 tenured generation   total 2444160K, used 2312289K [0x00007fb275b50000, 0x00007fb30ae30000, 0x00007fbd20600000)
   the space 2444160K,  94% used [0x00007fb275b50000, 0x00007fb302d68458, 0x00007fb302d68600, 0x00007fb30ae30000)
 Metaspace       used 30656K, capacity 31091K, committed 31232K, reserved 32768K
}
Event: 12.337 GC heap after
{Heap after GC invocations=6 (full 2):
 def new generation   total 1099968K, used 122175K [0x00007fad20600000, 0x00007fad6af80000, 0x00007fb275b50000)
  eden space 977792K,   0% used [0x00007fad20600000, 0x00007fad20600000, 0x00007fad5c0e0000)
  from space 122176K,  99% used [0x00007fad5c0e0000, 0x00007fad6382ffb0, 0x00007fad63830000)
  to   space 122176K,   0% used [0x00007fad63830000, 0x00007fad63830000, 0x00007fad6af80000)
 tenured generation   total 3290112K, used 3290029K [0x00007fb275b50000, 0x00007fb33e850000, 0x00007fbd20600000)
   the space 3290112K,  99% used [0x00007fb275b50000, 0x00007fb33e83b4a0, 0x00007fb33e83b600, 0x00007fb33e850000)
 Metaspace       used 30656K, capacity 31091K, committed 31232K, reserved 32768K
}
Event: 12.337 GC heap before
{Heap before GC invocations=6 (full 2):
 def new generation   total 1099968K, used 122175K [0x00007fad20600000, 0x00007fad6af80000, 0x00007fb275b50000)
  eden space 977792K,   0% used [0x00007fad20600000, 0x00007fad20600000, 0x00007fad5c0e0000)
  from space 122176K,  99% used [0x00007fad5c0e0000, 0x00007fad6382ffb0, 0x00007fad63830000)
  to   space 122176K,   0% used [0x00007fad63830000, 0x00007fad63830000, 0x00007fad6af80000)
 tenured generation   total 3290112K, used 3290029K [0x00007fb275b50000, 0x00007fb33e850000, 0x00007fbd20600000)
   the space 3290112K,  99% used [0x00007fb275b50000, 0x00007fb33e83b4a0, 0x00007fb33e83b600, 0x00007fb33e850000)
 Metaspace       used 30656K, capacity 31091K, committed 31232K, reserved 32768K
}
Event: 13.289 GC heap after
{Heap after GC invocations=6 (full 3):
 def new generation   total 2467648K, used 122094K [0x00007fad20600000, 0x00007fadc7b90000, 0x00007fb275b50000)
  eden space 2193472K,   5% used [0x00007fad20600000, 0x00007fad27d3b830, 0x00007fada6410000)
  from space 274176K,   0% used [0x00007fada6410000, 0x00007fada6410000, 0x00007fadb6fd0000)
  to   space 274176K,   0% used [0x00007fadb6fd0000, 0x00007fadb6fd0000, 0x00007fadc7b90000)
 tenured generation   total 5483520K, used 3290111K [0x00007fb275b50000, 0x00007fb3c4650000, 0x00007fbd20600000)
   the space 5483520K,  59% used [0x00007fb275b50000, 0x00007fb33e84fc20, 0x00007fb33e84fe00, 0x00007fb3c4650000)
 Metaspace       used 30656K, capacity 31091K, committed 31232K, reserved 32768K
}
Event: 14.010 GC heap before
{Heap before GC invocations=6 (full 3):
 def new generation   total 2467648K, used 2193472K [0x00007fad20600000, 0x00007fadc7b90000, 0x00007fb275b50000)
  eden space 2193472K, 100% used [0x00007fad20600000, 0x00007fada6410000, 0x00007fada6410000)
  from space 274176K,   0% used [0x00007fada6410000, 0x00007fada6410000, 0x00007fadb6fd0000)
  to   space 274176K,   0% used [0x00007fadb6fd0000, 0x00007fadb6fd0000, 0x00007fadc7b90000)
 tenured generation   total 5483520K, used 3290111K [0x00007fb275b50000, 0x00007fb3c4650000, 0x00007fbd20600000)
   the space 5483520K,  59% used [0x00007fb275b50000, 0x00007fb33e84fc20, 0x00007fb33e84fe00, 0x00007fb3c4650000)
 Metaspace       used 30656K, capacity 31091K, committed 31232K, reserved 32768K
}
Event: 15.584 GC heap after
{Heap after GC invocations=7 (full 3):
 def new generation   total 2467648K, used 274175K [0x00007fad20600000, 0x00007fadc7b90000, 0x00007fb275b50000)
  eden space 2193472K,   0% used [0x00007fad20600000, 0x00007fad20600000, 0x00007fada6410000)
  from space 274176K,  99% used [0x00007fadb6fd0000, 0x00007fadc7b8ff58, 0x00007fadc7b90000)
  to   space 274176K,   0% used [0x00007fada6410000, 0x00007fada6410000, 0x00007fadb6fd0000)
 tenured generation   total 5483520K, used 5209343K [0x00007fb275b50000, 0x00007fb3c4650000, 0x00007fbd20600000)
   the space 5483520K,  94% used [0x00007fb275b50000, 0x00007fb3b3a8ffb8, 0x00007fb3b3a90000, 0x00007fb3c4650000)
 Metaspace       used 30656K, capacity 31091K, committed 31232K, reserved 32768K
}
Event: 16.260 GC heap before
{Heap before GC invocations=7 (full 3):
 def new generation   total 2467648K, used 2467647K [0x00007fad20600000, 0x00007fadc7b90000, 0x00007fb275b50000)
  eden space 2193472K, 100% used [0x00007fad20600000, 0x00007fada6410000, 0x00007fada6410000)
  from space 274176K,  99% used [0x00007fadb6fd0000, 0x00007fadc7b8ff58, 0x00007fadc7b90000)
  to   space 274176K,   0% used [0x00007fada6410000, 0x00007fada6410000, 0x00007fadb6fd0000)
 tenured generation   total 5483520K, used 5209343K [0x00007fb275b50000, 0x00007fb3c4650000, 0x00007fbd20600000)
   the space 5483520K,  94% used [0x00007fb275b50000, 0x00007fb3b3a8ffb8, 0x00007fb3b3a90000, 0x00007fb3c4650000)
 Metaspace       used 30656K, capacity 31091K, committed 31232K, reserved 32768K
}
Event: 18.531 GC heap after
{Heap after GC invocations=8 (full 3):
 def new generation   total 2467648K, used 274175K [0x00007fad20600000, 0x00007fadc7b90000, 0x00007fb275b50000)
  eden space 2193472K,   0% used [0x00007fad20600000, 0x00007fad20600000, 0x00007fada6410000)
  from space 274176K,  99% used [0x00007fada6410000, 0x00007fadb6fcff58, 0x00007fadb6fd0000)
  to   space 274176K,   0% used [0x00007fadb6fd0000, 0x00007fadb6fd0000, 0x00007fadc7b90000)
 tenured generation   total 7402944K, used 7402760K [0x00007fb275b50000, 0x00007fb4398c0000, 0x00007fbd20600000)
   the space 7402944K,  99% used [0x00007fb275b50000, 0x00007fb439892368, 0x00007fb439892400, 0x00007fb4398c0000)
 Metaspace       used 30656K, capacity 31091K, committed 31232K, reserved 32768K
}
Event: 18.531 GC heap before
{Heap before GC invocations=8 (full 3):
 def new generation   total 2467648K, used 274175K [0x00007fad20600000, 0x00007fadc7b90000, 0x00007fb275b50000)
  eden space 2193472K,   0% used [0x00007fad20600000, 0x00007fad20600000, 0x00007fada6410000)
  from space 274176K,  99% used [0x00007fada6410000, 0x00007fadb6fcff58, 0x00007fadb6fd0000)
  to   space 274176K,   0% used [0x00007fadb6fd0000, 0x00007fadb6fd0000, 0x00007fadc7b90000)
 tenured generation   total 7402944K, used 7402760K [0x00007fb275b50000, 0x00007fb4398c0000, 0x00007fbd20600000)
   the space 7402944K,  99% used [0x00007fb275b50000, 0x00007fb439892368, 0x00007fb439892400, 0x00007fb4398c0000)
 Metaspace       used 30656K, capacity 31091K, committed 31232K, reserved 32768K
}

