# JRE version: OpenJDK Runtime Environment (13.0.7+5) (build 13.0.7+5-Ubuntu-0ubuntu120.04)
# Java VM: OpenJDK 64-Bit Server VM (13.0.7+5-Ubuntu-0ubuntu120.04, mixed mode, tiered, serial gc, linux-amd64)
Heap:
 def new generation   total 797696K, used 0K [0x00007fdbe0600000, 0x00007fdc16780000, 0x00007fe135b50000)
  eden space 709120K,   0% used [0x00007fdbe0600000, 0x00007fdbe0600000, 0x00007fdc0ba80000)
  from space 88576K,   0% used [0x00007fdc11100000, 0x00007fdc11100000, 0x00007fdc16780000)
  to   space 88576K,   0% used [0x00007fdc0ba80000, 0x00007fdc0ba80000, 0x00007fdc11100000)
 tenured generation   total 10161064K, used 8403499K [0x00007fe135b50000, 0x00007fe3a1e3a000, 0x00007febe0600000)
   the space 10161064K,  82% used [0x00007fe135b50000, 0x00007fe3369dafe8, 0x00007fe3369db000, 0x00007fe3a1e3a000)
 Metaspace       used 23281K, capacity 23675K, committed 23808K, reserved 24576K
GC Heap History (19 events):
Event: 4.482 GC heap before
{Heap before GC invocations=0 (full 0):
 def new generation   total 629120K, used 111846K [0x00007fdbe0600000, 0x00007fdc0b0a0000, 0x00007fe135b50000)
  eden space 559232K,  20% used [0x00007fdbe0600000, 0x00007fdbe7339bd0, 0x00007fdc02820000)
  from space 69888K,   0% used [0x00007fdc02820000, 0x00007fdc02820000, 0x00007fdc06c60000)
  to   space 69888K,   0% used [0x00007fdc06c60000, 0x00007fdc06c60000, 0x00007fdc0b0a0000)
 tenured generation   total 1398144K, used 0K [0x00007fe135b50000, 0x00007fe18b0b0000, 0x00007febe0600000)
   the space 1398144K,   0% used [0x00007fe135b50000, 0x00007fe135b50000, 0x00007fe135b50200, 0x00007fe18b0b0000)
 Metaspace       used 20915K, capacity 21223K, committed 21248K, reserved 22528K
}
Event: 4.598 GC heap after
{Heap after GC invocations=1 (full 1):
 def new generation   total 629248K, used 0K [0x00007fdbe0600000, 0x00007fdc0b0c0000, 0x00007fe135b50000)
  eden space 559360K,   0% used [0x00007fdbe0600000, 0x00007fdbe0600000, 0x00007fdc02840000)
  from space 69888K,   0% used [0x00007fdc02840000, 0x00007fdc02840000, 0x00007fdc06c80000)
  to   space 69888K,   0% used [0x00007fdc06c80000, 0x00007fdc06c80000, 0x00007fdc0b0c0000)
 tenured generation   total 1398144K, used 13588K [0x00007fe135b50000, 0x00007fe18b0b0000, 0x00007febe0600000)
   the space 1398144K,   0% used [0x00007fe135b50000, 0x00007fe1368953f0, 0x00007fe136895400, 0x00007fe18b0b0000)
 Metaspace       used 20915K, capacity 21223K, committed 21248K, reserved 22528K
}
Event: 6.522 GC heap before
{Heap before GC invocations=1 (full 1):
 def new generation   total 629248K, used 559360K [0x00007fdbe0600000, 0x00007fdc0b0c0000, 0x00007fe135b50000)
  eden space 559360K, 100% used [0x00007fdbe0600000, 0x00007fdc02840000, 0x00007fdc02840000)
  from space 69888K,   0% used [0x00007fdc02840000, 0x00007fdc02840000, 0x00007fdc06c80000)
  to   space 69888K,   0% used [0x00007fdc06c80000, 0x00007fdc06c80000, 0x00007fdc0b0c0000)
 tenured generation   total 1398144K, used 13588K [0x00007fe135b50000, 0x00007fe18b0b0000, 0x00007febe0600000)
   the space 1398144K,   0% used [0x00007fe135b50000, 0x00007fe1368953f0, 0x00007fe136895400, 0x00007fe18b0b0000)
 Metaspace       used 22790K, capacity 23156K, committed 23296K, reserved 24576K
}
Event: 6.530 GC heap after
{Heap after GC invocations=2 (full 1):
 def new generation   total 629248K, used 867K [0x00007fdbe0600000, 0x00007fdc0b0c0000, 0x00007fe135b50000)
  eden space 559360K,   0% used [0x00007fdbe0600000, 0x00007fdbe0600000, 0x00007fdc02840000)
  from space 69888K,   1% used [0x00007fdc06c80000, 0x00007fdc06d58f18, 0x00007fdc0b0c0000)
  to   space 69888K,   0% used [0x00007fdc02840000, 0x00007fdc02840000, 0x00007fdc06c80000)
 tenured generation   total 1398144K, used 13588K [0x00007fe135b50000, 0x00007fe18b0b0000, 0x00007febe0600000)
   the space 1398144K,   0% used [0x00007fe135b50000, 0x00007fe1368953f0, 0x00007fe136895400, 0x00007fe18b0b0000)
 Metaspace       used 22790K, capacity 23156K, committed 23296K, reserved 24576K
}
Event: 8.063 GC heap before
{Heap before GC invocations=2 (full 1):
 def new generation   total 629248K, used 560227K [0x00007fdbe0600000, 0x00007fdc0b0c0000, 0x00007fe135b50000)
  eden space 559360K, 100% used [0x00007fdbe0600000, 0x00007fdc02840000, 0x00007fdc02840000)
  from space 69888K,   1% used [0x00007fdc06c80000, 0x00007fdc06d58f18, 0x00007fdc0b0c0000)
  to   space 69888K,   0% used [0x00007fdc02840000, 0x00007fdc02840000, 0x00007fdc06c80000)
 tenured generation   total 1398144K, used 13588K [0x00007fe135b50000, 0x00007fe18b0b0000, 0x00007febe0600000)
   the space 1398144K,   0% used [0x00007fe135b50000, 0x00007fe1368953f0, 0x00007fe136895400, 0x00007fe18b0b0000)
 Metaspace       used 23075K, capacity 23459K, committed 23552K, reserved 24576K
}
Event: 8.068 GC heap after
{Heap after GC invocations=3 (full 1):
 def new generation   total 629248K, used 895K [0x00007fdbe0600000, 0x00007fdc0b0c0000, 0x00007fe135b50000)
  eden space 559360K,   0% used [0x00007fdbe0600000, 0x00007fdbe0600000, 0x00007fdc02840000)
  from space 69888K,   1% used [0x00007fdc02840000, 0x00007fdc0291ff80, 0x00007fdc06c80000)
  to   space 69888K,   0% used [0x00007fdc06c80000, 0x00007fdc06c80000, 0x00007fdc0b0c0000)
 tenured generation   total 1398144K, used 13588K [0x00007fe135b50000, 0x00007fe18b0b0000, 0x00007febe0600000)
   the space 1398144K,   0% used [0x00007fe135b50000, 0x00007fe1368953f0, 0x00007fe136895400, 0x00007fe18b0b0000)
 Metaspace       used 23075K, capacity 23459K, committed 23552K, reserved 24576K
}
Event: 8.907 GC heap before
{Heap before GC invocations=3 (full 1):
 def new generation   total 629248K, used 560255K [0x00007fdbe0600000, 0x00007fdc0b0c0000, 0x00007fe135b50000)
  eden space 559360K, 100% used [0x00007fdbe0600000, 0x00007fdc02840000, 0x00007fdc02840000)
  from space 69888K,   1% used [0x00007fdc02840000, 0x00007fdc0291ff80, 0x00007fdc06c80000)
  to   space 69888K,   0% used [0x00007fdc06c80000, 0x00007fdc06c80000, 0x00007fdc0b0c0000)
 tenured generation   total 1398144K, used 13588K [0x00007fe135b50000, 0x00007fe18b0b0000, 0x00007febe0600000)
   the space 1398144K,   0% used [0x00007fe135b50000, 0x00007fe1368953f0, 0x00007fe136895400, 0x00007fe18b0b0000)
 Metaspace       used 23075K, capacity 23459K, committed 23552K, reserved 24576K
}
Event: 8.911 GC heap after
{Heap after GC invocations=4 (full 1):
 def new generation   total 629248K, used 1163K [0x00007fdbe0600000, 0x00007fdc0b0c0000, 0x00007fe135b50000)
  eden space 559360K,   0% used [0x00007fdbe0600000, 0x00007fdbe0600000, 0x00007fdc02840000)
  from space 69888K,   1% used [0x00007fdc06c80000, 0x00007fdc06da2eb8, 0x00007fdc0b0c0000)
  to   space 69888K,   0% used [0x00007fdc02840000, 0x00007fdc02840000, 0x00007fdc06c80000)
 tenured generation   total 1398144K, used 13588K [0x00007fe135b50000, 0x00007fe18b0b0000, 0x00007febe0600000)
   the space 1398144K,   0% used [0x00007fe135b50000, 0x00007fe1368953f0, 0x00007fe136895400, 0x00007fe18b0b0000)
 Metaspace       used 23075K, capacity 23459K, committed 23552K, reserved 24576K
}
Event: 13.189 GC heap before
{Heap before GC invocations=4 (full 1):
 def new generation   total 629248K, used 193314K [0x00007fdbe0600000, 0x00007fdc0b0c0000, 0x00007fe135b50000)
  eden space 559360K,  34% used [0x00007fdbe0600000, 0x00007fdbec1a5ac8, 0x00007fdc02840000)
  from space 69888K,   1% used [0x00007fdc06c80000, 0x00007fdc06da2eb8, 0x00007fdc0b0c0000)
  to   space 69888K,   0% used [0x00007fdc02840000, 0x00007fdc02840000, 0x00007fdc06c80000)
 tenured generation   total 1398144K, used 13588K [0x00007fe135b50000, 0x00007fe18b0b0000, 0x00007febe0600000)
   the space 1398144K,   0% used [0x00007fe135b50000, 0x00007fe1368953f0, 0x00007fe136895400, 0x00007fe18b0b0000)
 Metaspace       used 23278K, capacity 23611K, committed 23808K, reserved 24576K
}
Event: 13.213 GC heap after
{Heap after GC invocations=5 (full 1):
 def new generation   total 629248K, used 1849K [0x00007fdbe0600000, 0x00007fdc0b0c0000, 0x00007fe135b50000)
  eden space 559360K,   0% used [0x00007fdbe0600000, 0x00007fdbe0600000, 0x00007fdc02840000)
  from space 69888K,   2% used [0x00007fdc02840000, 0x00007fdc02a0e420, 0x00007fdc06c80000)
  to   space 69888K,   0% used [0x00007fdc06c80000, 0x00007fdc06c80000, 0x00007fdc0b0c0000)
 tenured generation   total 1398144K, used 13588K [0x00007fe135b50000, 0x00007fe18b0b0000, 0x00007febe0600000)
   the space 1398144K,   0% used [0x00007fe135b50000, 0x00007fe1368953f0, 0x00007fe136895400, 0x00007fe18b0b0000)
 Metaspace       used 23278K, capacity 23611K, committed 23808K, reserved 24576K
}
Event: 13.871 GC heap before
{Heap before GC invocations=5 (full 1):
 def new generation   total 629248K, used 540859K [0x00007fdbe0600000, 0x00007fdc0b0c0000, 0x00007fe135b50000)
  eden space 559360K,  96% used [0x00007fdbe0600000, 0x00007fdc01460840, 0x00007fdc02840000)
  from space 69888K,   2% used [0x00007fdc02840000, 0x00007fdc02a0e420, 0x00007fdc06c80000)
  to   space 69888K,   0% used [0x00007fdc06c80000, 0x00007fdc06c80000, 0x00007fdc0b0c0000)
 tenured generation   total 1398144K, used 13588K [0x00007fe135b50000, 0x00007fe18b0b0000, 0x00007febe0600000)
   the space 1398144K,   0% used [0x00007fe135b50000, 0x00007fe1368953f0, 0x00007fe136895400, 0x00007fe18b0b0000)
 Metaspace       used 23280K, capacity 23611K, committed 23808K, reserved 24576K
}
Event: 14.437 GC heap after
{Heap after GC invocations=6 (full 1):
 def new generation   total 629248K, used 1305K [0x00007fdbe0600000, 0x00007fdc0b0c0000, 0x00007fe135b50000)
  eden space 559360K,   0% used [0x00007fdbe0600000, 0x00007fdbe0600000, 0x00007fdc02840000)
  from space 69888K,   1% used [0x00007fdc06c80000, 0x00007fdc06dc6410, 0x00007fdc0b0c0000)
  to   space 69888K,   0% used [0x00007fdc02840000, 0x00007fdc02840000, 0x00007fdc06c80000)
 tenured generation   total 1398144K, used 537877K [0x00007fe135b50000, 0x00007fe18b0b0000, 0x00007febe0600000)
   the space 1398144K,  38% used [0x00007fe135b50000, 0x00007fe156895408, 0x00007fe156895600, 0x00007fe18b0b0000)
 Metaspace       used 23280K, capacity 23611K, committed 23808K, reserved 24576K
}
Event: 14.984 GC heap before
{Heap before GC invocations=6 (full 1):
 def new generation   total 629248K, used 536632K [0x00007fdbe0600000, 0x00007fdc0b0c0000, 0x00007fe135b50000)
  eden space 559360K,  95% used [0x00007fdbe0600000, 0x00007fdc010c7dd8, 0x00007fdc02840000)
  from space 69888K,   1% used [0x00007fdc06c80000, 0x00007fdc06dc6410, 0x00007fdc0b0c0000)
  to   space 69888K,   0% used [0x00007fdc02840000, 0x00007fdc02840000, 0x00007fdc06c80000)
 tenured generation   total 1398144K, used 537877K [0x00007fe135b50000, 0x00007fe18b0b0000, 0x00007febe0600000)
   the space 1398144K,  38% used [0x00007fe135b50000, 0x00007fe156895408, 0x00007fe156895600, 0x00007fe18b0b0000)
 Metaspace       used 23280K, capacity 23611K, committed 23808K, reserved 24576K
}
Event: 15.376 GC heap after
{Heap after GC invocations=7 (full 1):
 def new generation   total 629248K, used 1305K [0x00007fdbe0600000, 0x00007fdc0b0c0000, 0x00007fe135b50000)
  eden space 559360K,   0% used [0x00007fdbe0600000, 0x00007fdbe0600000, 0x00007fdc02840000)
  from space 69888K,   1% used [0x00007fdc02840000, 0x00007fdc02986688, 0x00007fdc06c80000)
  to   space 69888K,   0% used [0x00007fdc06c80000, 0x00007fdc06c80000, 0x00007fdc0b0c0000)
 tenured generation   total 1398144K, used 1062165K [0x00007fe135b50000, 0x00007fe18b0b0000, 0x00007febe0600000)
   the space 1398144K,  75% used [0x00007fe135b50000, 0x00007fe176895420, 0x00007fe176895600, 0x00007fe18b0b0000)
 Metaspace       used 23280K, capacity 23611K, committed 23808K, reserved 24576K
}
Event: 15.376 GC heap before
{Heap before GC invocations=7 (full 1):
 def new generation   total 629248K, used 1305K [0x00007fdbe0600000, 0x00007fdc0b0c0000, 0x00007fe135b50000)
  eden space 559360K,   0% used [0x00007fdbe0600000, 0x00007fdbe0600000, 0x00007fdc02840000)
  from space 69888K,   1% used [0x00007fdc02840000, 0x00007fdc02986688, 0x00007fdc06c80000)
  to   space 69888K,   0% used [0x00007fdc06c80000, 0x00007fdc06c80000, 0x00007fdc0b0c0000)
 tenured generation   total 1398144K, used 1062165K [0x00007fe135b50000, 0x00007fe18b0b0000, 0x00007febe0600000)
   the space 1398144K,  75% used [0x00007fe135b50000, 0x00007fe176895420, 0x00007fe176895600, 0x00007fe18b0b0000)
 Metaspace       used 23280K, capacity 23611K, committed 23808K, reserved 24576K
}
Event: 15.424 GC heap after
{Heap after GC invocations=7 (full 2):
 def new generation   total 797696K, used 0K [0x00007fdbe0600000, 0x00007fdc16780000, 0x00007fe135b50000)
  eden space 709120K,   0% used [0x00007fdbe0600000, 0x00007fdbe0600000, 0x00007fdc0ba80000)
  from space 88576K,   0% used [0x00007fdc0ba80000, 0x00007fdc0ba80000, 0x00007fdc11100000)
  to   space 88576K,   0% used [0x00007fdc11100000, 0x00007fdc11100000, 0x00007fdc16780000)
 tenured generation   total 1772452K, used 1063469K [0x00007fe135b50000, 0x00007fe1a1e39000, 0x00007febe0600000)
   the space 1772452K,  59% used [0x00007fe135b50000, 0x00007fe1769db740, 0x00007fe1769db800, 0x00007fe1a1e39000)
 Metaspace       used 23280K, capacity 23611K, committed 23808K, reserved 24576K
}
Event: 30.518 GC heap before
{Heap before GC invocations=7 (full 2):
 def new generation   total 797696K, used 13958K [0x00007fdbe0600000, 0x00007fdc16780000, 0x00007fe135b50000)
  eden space 709120K,   1% used [0x00007fdbe0600000, 0x00007fdbe13a1968, 0x00007fdc0ba80000)
  from space 88576K,   0% used [0x00007fdc0ba80000, 0x00007fdc0ba80000, 0x00007fdc11100000)
  to   space 88576K,   0% used [0x00007fdc11100000, 0x00007fdc11100000, 0x00007fdc16780000)
 tenured generation   total 10161064K, used 9452077K [0x00007fe135b50000, 0x00007fe3a1e3a000, 0x00007febe0600000)
   the space 10161064K,  93% used [0x00007fe135b50000, 0x00007fe3769db758, 0x00007fe3769db800, 0x00007fe3a1e3a000)
 Metaspace       used 23281K, capacity 23675K, committed 23808K, reserved 24576K
}
Event: 30.536 GC heap after
{Heap after GC invocations=8 (full 2):
 def new generation   total 797696K, used 0K [0x00007fdbe0600000, 0x00007fdc16780000, 0x00007fe135b50000)
  eden space 709120K,   0% used [0x00007fdbe0600000, 0x00007fdbe0600000, 0x00007fdc0ba80000)
  from space 88576K,   0% used [0x00007fdc11100000, 0x00007fdc11100210, 0x00007fdc16780000)
  to   space 88576K,   0% used [0x00007fdc0ba80000, 0x00007fdc0ba80000, 0x00007fdc11100000)
 tenured generation   total 10161064K, used 9452077K [0x00007fe135b50000, 0x00007fe3a1e3a000, 0x00007febe0600000)
   the space 10161064K,  93% used [0x00007fe135b50000, 0x00007fe3769db758, 0x00007fe3769db800, 0x00007fe3a1e3a000)
 Metaspace       used 23281K, capacity 23675K, committed 23808K, reserved 24576K
}
Event: 30.536 GC heap before
{Heap before GC invocations=8 (full 2):
 def new generation   total 797696K, used 0K [0x00007fdbe0600000, 0x00007fdc16780000, 0x00007fe135b50000)
  eden space 709120K,   0% used [0x00007fdbe0600000, 0x00007fdbe0600000, 0x00007fdc0ba80000)
  from space 88576K,   0% used [0x00007fdc11100000, 0x00007fdc11100210, 0x00007fdc16780000)
  to   space 88576K,   0% used [0x00007fdc0ba80000, 0x00007fdc0ba80000, 0x00007fdc11100000)
 tenured generation   total 10161064K, used 9452077K [0x00007fe135b50000, 0x00007fe3a1e3a000, 0x00007febe0600000)
   the space 10161064K,  93% used [0x00007fe135b50000, 0x00007fe3769db758, 0x00007fe3769db800, 0x00007fe3a1e3a000)
 Metaspace       used 23281K, capacity 23675K, committed 23808K, reserved 24576K
}

