# JRE version: OpenJDK Runtime Environment (13.0.7+5) (build 13.0.7+5-Ubuntu-0ubuntu120.04)
# Java VM: OpenJDK 64-Bit Server VM (13.0.7+5-Ubuntu-0ubuntu120.04, mixed mode, tiered, serial gc, linux-amd64)
Heap:
 def new generation   total 1612288K, used 55492K [0x00007f59d4600000, 0x00007f5a41b70000, 0x00007f5f29b50000)
  eden space 1433152K,   3% used [0x00007f59d4600000, 0x00007f59d7c311e8, 0x00007f5a2bd90000)
  from space 179136K,   0% used [0x00007f5a36c80000, 0x00007f5a36c80000, 0x00007f5a41b70000)
  to   space 179136K,   0% used [0x00007f5a2bd90000, 0x00007f5a2bd90000, 0x00007f5a36c80000)
 tenured generation   total 3599184K, used 3596940K [0x00007f5f29b50000, 0x00007f6005624000, 0x00007f69d4600000)
   the space 3599184K,  99% used [0x00007f5f29b50000, 0x00007f60053f31f0, 0x00007f60053f3200, 0x00007f6005624000)
 Metaspace       used 24210K, capacity 24556K, committed 24576K, reserved 24576K
GC Heap History (20 events):
Event: 2169.085 GC heap after
{Heap after GC invocations=1982 (full 5):
 def new generation   total 1612288K, used 69908K [0x00007f59d4600000, 0x00007f5a41b70000, 0x00007f5f29b50000)
  eden space 1433152K,   0% used [0x00007f59d4600000, 0x00007f59d4600000, 0x00007f5a2bd90000)
  from space 179136K,  39% used [0x00007f5a2bd90000, 0x00007f5a301d51e8, 0x00007f5a36c80000)
  to   space 179136K,   0% used [0x00007f5a36c80000, 0x00007f5a36c80000, 0x00007f5a41b70000)
 tenured generation   total 3582796K, used 3551686K [0x00007f5f29b50000, 0x00007f6004623000, 0x00007f69d4600000)
   the space 3582796K,  99% used [0x00007f5f29b50000, 0x00007f60027c19b8, 0x00007f60027c1a00, 0x00007f6004623000)
 Metaspace       used 24210K, capacity 24556K, committed 24576K, reserved 24576K
}
Event: 2171.175 GC heap before
{Heap before GC invocations=1982 (full 5):
 def new generation   total 1612288K, used 1495213K [0x00007f59d4600000, 0x00007f5a41b70000, 0x00007f5f29b50000)
  eden space 1433152K,  99% used [0x00007f59d4600000, 0x00007f5a2b5e6250, 0x00007f5a2bd90000)
  from space 179136K,  39% used [0x00007f5a2bd90000, 0x00007f5a301d51e8, 0x00007f5a36c80000)
  to   space 179136K,   0% used [0x00007f5a36c80000, 0x00007f5a36c80000, 0x00007f5a41b70000)
 tenured generation   total 3582796K, used 3551686K [0x00007f5f29b50000, 0x00007f6004623000, 0x00007f69d4600000)
   the space 3582796K,  99% used [0x00007f5f29b50000, 0x00007f60027c19b8, 0x00007f60027c1a00, 0x00007f6004623000)
 Metaspace       used 24210K, capacity 24556K, committed 24576K, reserved 24576K
}
Event: 2171.252 GC heap after
{Heap after GC invocations=1983 (full 5):
 def new generation   total 1612288K, used 74540K [0x00007f59d4600000, 0x00007f5a41b70000, 0x00007f5f29b50000)
  eden space 1433152K,   0% used [0x00007f59d4600000, 0x00007f59d4600000, 0x00007f5a2bd90000)
  from space 179136K,  41% used [0x00007f5a36c80000, 0x00007f5a3b54b218, 0x00007f5a41b70000)
  to   space 179136K,   0% used [0x00007f5a2bd90000, 0x00007f5a2bd90000, 0x00007f5a36c80000)
 tenured generation   total 3582796K, used 3551686K [0x00007f5f29b50000, 0x00007f6004623000, 0x00007f69d4600000)
   the space 3582796K,  99% used [0x00007f5f29b50000, 0x00007f60027c19b8, 0x00007f60027c1a00, 0x00007f6004623000)
 Metaspace       used 24210K, capacity 24556K, committed 24576K, reserved 24576K
}
Event: 2173.044 GC heap before
{Heap before GC invocations=1983 (full 5):
 def new generation   total 1612288K, used 1507692K [0x00007f59d4600000, 0x00007f5a41b70000, 0x00007f5f29b50000)
  eden space 1433152K, 100% used [0x00007f59d4600000, 0x00007f5a2bd90000, 0x00007f5a2bd90000)
  from space 179136K,  41% used [0x00007f5a36c80000, 0x00007f5a3b54b218, 0x00007f5a41b70000)
  to   space 179136K,   0% used [0x00007f5a2bd90000, 0x00007f5a2bd90000, 0x00007f5a36c80000)
 tenured generation   total 3582796K, used 3551686K [0x00007f5f29b50000, 0x00007f6004623000, 0x00007f69d4600000)
   the space 3582796K,  99% used [0x00007f5f29b50000, 0x00007f60027c19b8, 0x00007f60027c1a00, 0x00007f6004623000)
 Metaspace       used 24210K, capacity 24556K, committed 24576K, reserved 24576K
}
Event: 2173.119 GC heap after
{Heap after GC invocations=1984 (full 5):
 def new generation   total 1612288K, used 80710K [0x00007f59d4600000, 0x00007f5a41b70000, 0x00007f5f29b50000)
  eden space 1433152K,   0% used [0x00007f59d4600000, 0x00007f59d4600000, 0x00007f5a2bd90000)
  from space 179136K,  45% used [0x00007f5a2bd90000, 0x00007f5a30c619f8, 0x00007f5a36c80000)
  to   space 179136K,   0% used [0x00007f5a36c80000, 0x00007f5a36c80000, 0x00007f5a41b70000)
 tenured generation   total 3582796K, used 3551686K [0x00007f5f29b50000, 0x00007f6004623000, 0x00007f69d4600000)
   the space 3582796K,  99% used [0x00007f5f29b50000, 0x00007f60027c19b8, 0x00007f60027c1a00, 0x00007f6004623000)
 Metaspace       used 24210K, capacity 24556K, committed 24576K, reserved 24576K
}
Event: 2174.642 GC heap before
{Heap before GC invocations=1984 (full 5):
 def new generation   total 1612288K, used 1513862K [0x00007f59d4600000, 0x00007f5a41b70000, 0x00007f5f29b50000)
  eden space 1433152K, 100% used [0x00007f59d4600000, 0x00007f5a2bd90000, 0x00007f5a2bd90000)
  from space 179136K,  45% used [0x00007f5a2bd90000, 0x00007f5a30c619f8, 0x00007f5a36c80000)
  to   space 179136K,   0% used [0x00007f5a36c80000, 0x00007f5a36c80000, 0x00007f5a41b70000)
 tenured generation   total 3582796K, used 3551686K [0x00007f5f29b50000, 0x00007f6004623000, 0x00007f69d4600000)
   the space 3582796K,  99% used [0x00007f5f29b50000, 0x00007f60027c19b8, 0x00007f60027c1a00, 0x00007f6004623000)
 Metaspace       used 24210K, capacity 24556K, committed 24576K, reserved 24576K
}
Event: 2174.732 GC heap after
{Heap after GC invocations=1985 (full 5):
 def new generation   total 1612288K, used 66821K [0x00007f59d4600000, 0x00007f5a41b70000, 0x00007f5f29b50000)
  eden space 1433152K,   0% used [0x00007f59d4600000, 0x00007f59d4600000, 0x00007f5a2bd90000)
  from space 179136K,  37% used [0x00007f5a36c80000, 0x00007f5a3adc16c0, 0x00007f5a41b70000)
  to   space 179136K,   0% used [0x00007f5a2bd90000, 0x00007f5a2bd90000, 0x00007f5a36c80000)
 tenured generation   total 3582796K, used 3568646K [0x00007f5f29b50000, 0x00007f6004623000, 0x00007f69d4600000)
   the space 3582796K,  99% used [0x00007f5f29b50000, 0x00007f60038519b0, 0x00007f6003851a00, 0x00007f6004623000)
 Metaspace       used 24210K, capacity 24556K, committed 24576K, reserved 24576K
}
Event: 2176.026 GC heap before
{Heap before GC invocations=1985 (full 5):
 def new generation   total 1612288K, used 1499973K [0x00007f59d4600000, 0x00007f5a41b70000, 0x00007f5f29b50000)
  eden space 1433152K, 100% used [0x00007f59d4600000, 0x00007f5a2bd90000, 0x00007f5a2bd90000)
  from space 179136K,  37% used [0x00007f5a36c80000, 0x00007f5a3adc16c0, 0x00007f5a41b70000)
  to   space 179136K,   0% used [0x00007f5a2bd90000, 0x00007f5a2bd90000, 0x00007f5a36c80000)
 tenured generation   total 3582796K, used 3568646K [0x00007f5f29b50000, 0x00007f6004623000, 0x00007f69d4600000)
   the space 3582796K,  99% used [0x00007f5f29b50000, 0x00007f60038519b0, 0x00007f6003851a00, 0x00007f6004623000)
 Metaspace       used 24210K, capacity 24556K, committed 24576K, reserved 24576K
}
Event: 2176.093 GC heap after
{Heap after GC invocations=1986 (full 5):
 def new generation   total 1612288K, used 67853K [0x00007f59d4600000, 0x00007f5a41b70000, 0x00007f5f29b50000)
  eden space 1433152K,   0% used [0x00007f59d4600000, 0x00007f59d4600000, 0x00007f5a2bd90000)
  from space 179136K,  37% used [0x00007f5a2bd90000, 0x00007f5a2ffd3778, 0x00007f5a36c80000)
  to   space 179136K,   0% used [0x00007f5a36c80000, 0x00007f5a36c80000, 0x00007f5a41b70000)
 tenured generation   total 3582796K, used 3568646K [0x00007f5f29b50000, 0x00007f6004623000, 0x00007f69d4600000)
   the space 3582796K,  99% used [0x00007f5f29b50000, 0x00007f60038519b0, 0x00007f6003851a00, 0x00007f6004623000)
 Metaspace       used 24210K, capacity 24556K, committed 24576K, reserved 24576K
}
Event: 2177.416 GC heap before
{Heap before GC invocations=1986 (full 5):
 def new generation   total 1612288K, used 1501005K [0x00007f59d4600000, 0x00007f5a41b70000, 0x00007f5f29b50000)
  eden space 1433152K, 100% used [0x00007f59d4600000, 0x00007f5a2bd90000, 0x00007f5a2bd90000)
  from space 179136K,  37% used [0x00007f5a2bd90000, 0x00007f5a2ffd3778, 0x00007f5a36c80000)
  to   space 179136K,   0% used [0x00007f5a36c80000, 0x00007f5a36c80000, 0x00007f5a41b70000)
 tenured generation   total 3582796K, used 3568646K [0x00007f5f29b50000, 0x00007f6004623000, 0x00007f69d4600000)
   the space 3582796K,  99% used [0x00007f5f29b50000, 0x00007f60038519b0, 0x00007f6003851a00, 0x00007f6004623000)
 Metaspace       used 24210K, capacity 24556K, committed 24576K, reserved 24576K
}
Event: 2177.471 GC heap after
{Heap after GC invocations=1987 (full 5):
 def new generation   total 1612288K, used 67846K [0x00007f59d4600000, 0x00007f5a41b70000, 0x00007f5f29b50000)
  eden space 1433152K,   0% used [0x00007f59d4600000, 0x00007f59d4600000, 0x00007f5a2bd90000)
  from space 179136K,  37% used [0x00007f5a36c80000, 0x00007f5a3aec1980, 0x00007f5a41b70000)
  to   space 179136K,   0% used [0x00007f5a2bd90000, 0x00007f5a2bd90000, 0x00007f5a36c80000)
 tenured generation   total 3582796K, used 3568646K [0x00007f5f29b50000, 0x00007f6004623000, 0x00007f69d4600000)
   the space 3582796K,  99% used [0x00007f5f29b50000, 0x00007f60038519b0, 0x00007f6003851a00, 0x00007f6004623000)
 Metaspace       used 24210K, capacity 24556K, committed 24576K, reserved 24576K
}
Event: 2179.213 GC heap before
{Heap before GC invocations=1987 (full 5):
 def new generation   total 1612288K, used 1489186K [0x00007f59d4600000, 0x00007f5a41b70000, 0x00007f5f29b50000)
  eden space 1433152K,  99% used [0x00007f59d4600000, 0x00007f5a2b207060, 0x00007f5a2bd90000)
  from space 179136K,  37% used [0x00007f5a36c80000, 0x00007f5a3aec1980, 0x00007f5a41b70000)
  to   space 179136K,   0% used [0x00007f5a2bd90000, 0x00007f5a2bd90000, 0x00007f5a36c80000)
 tenured generation   total 3582796K, used 3568646K [0x00007f5f29b50000, 0x00007f6004623000, 0x00007f69d4600000)
   the space 3582796K,  99% used [0x00007f5f29b50000, 0x00007f60038519b0, 0x00007f6003851a00, 0x00007f6004623000)
 Metaspace       used 24210K, capacity 24556K, committed 24576K, reserved 24576K
}
Event: 2179.285 GC heap after
{Heap after GC invocations=1988 (full 5):
 def new generation   total 1612288K, used 86832K [0x00007f59d4600000, 0x00007f5a41b70000, 0x00007f5f29b50000)
  eden space 1433152K,   0% used [0x00007f59d4600000, 0x00007f59d4600000, 0x00007f5a2bd90000)
  from space 179136K,  48% used [0x00007f5a2bd90000, 0x00007f5a3125c310, 0x00007f5a36c80000)
  to   space 179136K,   0% used [0x00007f5a36c80000, 0x00007f5a36c80000, 0x00007f5a41b70000)
 tenured generation   total 3582796K, used 3568646K [0x00007f5f29b50000, 0x00007f6004623000, 0x00007f69d4600000)
   the space 3582796K,  99% used [0x00007f5f29b50000, 0x00007f60038519b0, 0x00007f6003851a00, 0x00007f6004623000)
 Metaspace       used 24210K, capacity 24556K, committed 24576K, reserved 24576K
}
Event: 2181.343 GC heap before
{Heap before GC invocations=1988 (full 5):
 def new generation   total 1612288K, used 1513334K [0x00007f59d4600000, 0x00007f5a41b70000, 0x00007f5f29b50000)
  eden space 1433152K,  99% used [0x00007f59d4600000, 0x00007f5a2b711668, 0x00007f5a2bd90000)
  from space 179136K,  48% used [0x00007f5a2bd90000, 0x00007f5a3125c310, 0x00007f5a36c80000)
  to   space 179136K,   0% used [0x00007f5a36c80000, 0x00007f5a36c80000, 0x00007f5a41b70000)
 tenured generation   total 3582796K, used 3568646K [0x00007f5f29b50000, 0x00007f6004623000, 0x00007f69d4600000)
   the space 3582796K,  99% used [0x00007f5f29b50000, 0x00007f60038519b0, 0x00007f6003851a00, 0x00007f6004623000)
 Metaspace       used 24210K, capacity 24556K, committed 24576K, reserved 24576K
}
Event: 2181.412 GC heap after
{Heap after GC invocations=1989 (full 5):
 def new generation   total 1612288K, used 74028K [0x00007f59d4600000, 0x00007f5a41b70000, 0x00007f5f29b50000)
  eden space 1433152K,   0% used [0x00007f59d4600000, 0x00007f59d4600000, 0x00007f5a2bd90000)
  from space 179136K,  41% used [0x00007f5a36c80000, 0x00007f5a3b4cb0b8, 0x00007f5a41b70000)
  to   space 179136K,   0% used [0x00007f5a2bd90000, 0x00007f5a2bd90000, 0x00007f5a36c80000)
 tenured generation   total 3582796K, used 3568646K [0x00007f5f29b50000, 0x00007f6004623000, 0x00007f69d4600000)
   the space 3582796K,  99% used [0x00007f5f29b50000, 0x00007f60038519b0, 0x00007f6003851a00, 0x00007f6004623000)
 Metaspace       used 24210K, capacity 24556K, committed 24576K, reserved 24576K
}
Event: 2183.276 GC heap before
{Heap before GC invocations=1989 (full 5):
 def new generation   total 1612288K, used 1507180K [0x00007f59d4600000, 0x00007f5a41b70000, 0x00007f5f29b50000)
  eden space 1433152K, 100% used [0x00007f59d4600000, 0x00007f5a2bd90000, 0x00007f5a2bd90000)
  from space 179136K,  41% used [0x00007f5a36c80000, 0x00007f5a3b4cb0b8, 0x00007f5a41b70000)
  to   space 179136K,   0% used [0x00007f5a2bd90000, 0x00007f5a2bd90000, 0x00007f5a36c80000)
 tenured generation   total 3582796K, used 3568646K [0x00007f5f29b50000, 0x00007f6004623000, 0x00007f69d4600000)
   the space 3582796K,  99% used [0x00007f5f29b50000, 0x00007f60038519b0, 0x00007f6003851a00, 0x00007f6004623000)
 Metaspace       used 24210K, capacity 24556K, committed 24576K, reserved 24576K
}
Event: 2183.341 GC heap after
{Heap after GC invocations=1990 (full 5):
 def new generation   total 1612288K, used 80190K [0x00007f59d4600000, 0x00007f5a41b70000, 0x00007f5f29b50000)
  eden space 1433152K,   0% used [0x00007f59d4600000, 0x00007f59d4600000, 0x00007f5a2bd90000)
  from space 179136K,  44% used [0x00007f5a2bd90000, 0x00007f5a30bdfae8, 0x00007f5a36c80000)
  to   space 179136K,   0% used [0x00007f5a36c80000, 0x00007f5a36c80000, 0x00007f5a41b70000)
 tenured generation   total 3582796K, used 3568646K [0x00007f5f29b50000, 0x00007f6004623000, 0x00007f69d4600000)
   the space 3582796K,  99% used [0x00007f5f29b50000, 0x00007f60038519b0, 0x00007f6003851a00, 0x00007f6004623000)
 Metaspace       used 24210K, capacity 24556K, committed 24576K, reserved 24576K
}
Event: 2184.862 GC heap before
{Heap before GC invocations=1990 (full 5):
 def new generation   total 1612288K, used 1513342K [0x00007f59d4600000, 0x00007f5a41b70000, 0x00007f5f29b50000)
  eden space 1433152K, 100% used [0x00007f59d4600000, 0x00007f5a2bd90000, 0x00007f5a2bd90000)
  from space 179136K,  44% used [0x00007f5a2bd90000, 0x00007f5a30bdfae8, 0x00007f5a36c80000)
  to   space 179136K,   0% used [0x00007f5a36c80000, 0x00007f5a36c80000, 0x00007f5a41b70000)
 tenured generation   total 3582796K, used 3568646K [0x00007f5f29b50000, 0x00007f6004623000, 0x00007f69d4600000)
   the space 3582796K,  99% used [0x00007f5f29b50000, 0x00007f60038519b0, 0x00007f6003851a00, 0x00007f6004623000)
 Metaspace       used 24210K, capacity 24556K, committed 24576K, reserved 24576K
}
Event: 2184.962 GC heap after
{Heap after GC invocations=1991 (full 5):
 def new generation   total 1612288K, used 66826K [0x00007f59d4600000, 0x00007f5a41b70000, 0x00007f5f29b50000)
  eden space 1433152K,   0% used [0x00007f59d4600000, 0x00007f59d4600000, 0x00007f5a2bd90000)
  from space 179136K,  37% used [0x00007f5a36c80000, 0x00007f5a3adc2a30, 0x00007f5a41b70000)
  to   space 179136K,   0% used [0x00007f5a2bd90000, 0x00007f5a2bd90000, 0x00007f5a36c80000)
 tenured generation   total 3599184K, used 3585606K [0x00007f5f29b50000, 0x00007f6005624000, 0x00007f69d4600000)
   the space 3599184K,  99% used [0x00007f5f29b50000, 0x00007f60048e19a8, 0x00007f60048e1a00, 0x00007f6005624000)
 Metaspace       used 24210K, capacity 24556K, committed 24576K, reserved 24576K
}
Event: 2184.962 GC heap before
{Heap before GC invocations=1991 (full 5):
 def new generation   total 1612288K, used 66826K [0x00007f59d4600000, 0x00007f5a41b70000, 0x00007f5f29b50000)
  eden space 1433152K,   0% used [0x00007f59d4600000, 0x00007f59d4600000, 0x00007f5a2bd90000)
  from space 179136K,  37% used [0x00007f5a36c80000, 0x00007f5a3adc2a30, 0x00007f5a41b70000)
  to   space 179136K,   0% used [0x00007f5a2bd90000, 0x00007f5a2bd90000, 0x00007f5a36c80000)
 tenured generation   total 3599184K, used 3585606K [0x00007f5f29b50000, 0x00007f6005624000, 0x00007f69d4600000)
   the space 3599184K,  99% used [0x00007f5f29b50000, 0x00007f60048e19a8, 0x00007f60048e1a00, 0x00007f6005624000)
 Metaspace       used 24210K, capacity 24556K, committed 24576K, reserved 24576K
}

