# JRE version: OpenJDK Runtime Environment (13.0.7+5) (build 13.0.7+5-Ubuntu-0ubuntu120.04)
# Java VM: OpenJDK 64-Bit Server VM (13.0.7+5-Ubuntu-0ubuntu120.04, mixed mode, tiered, serial gc, linux-amd64)
Heap:
 def new generation   total 2893248K, used 5868K [0x00007f2b6c600000, 0x00007f2c30950000, 0x00007f30c1b50000)
  eden space 2571840K,   0% used [0x00007f2b6c600000, 0x00007f2b6cbbb278, 0x00007f2c09590000)
  from space 321408K,   0% used [0x00007f2c1cf70000, 0x00007f2c1cf70000, 0x00007f2c30950000)
  to   space 321408K,   0% used [0x00007f2c09590000, 0x00007f2c09590000, 0x00007f2c1cf70000)
 tenured generation   total 6429580K, used 6429579K [0x00007f30c1b50000, 0x00007f324a233000, 0x00007f3b6c600000)
   the space 6429580K,  99% used [0x00007f30c1b50000, 0x00007f324a232ff8, 0x00007f324a233000, 0x00007f324a233000)
 Metaspace       used 24322K, capacity 24745K, committed 24832K, reserved 26624K
GC Heap History (20 events):
Event: 16564.072 GC heap after
{Heap after GC invocations=33814 (full 4):
 def new generation   total 2893248K, used 6554K [0x00007f2b6c600000, 0x00007f2c30950000, 0x00007f30c1b50000)
  eden space 2571840K,   0% used [0x00007f2b6c600000, 0x00007f2b6c600000, 0x00007f2c09590000)
  from space 321408K,   2% used [0x00007f2c09590000, 0x00007f2c09bf6998, 0x00007f2c1cf70000)
  to   space 321408K,   0% used [0x00007f2c1cf70000, 0x00007f2c1cf70000, 0x00007f2c30950000)
 tenured generation   total 6429196K, used 6425652K [0x00007f30c1b50000, 0x00007f324a1d3000, 0x00007f3b6c600000)
   the space 6429196K,  99% used [0x00007f30c1b50000, 0x00007f3249e5d378, 0x00007f3249e5d400, 0x00007f324a1d3000)
 Metaspace       used 24322K, capacity 24745K, committed 24832K, reserved 26624K
}
Event: 16565.143 GC heap before
{Heap before GC invocations=33814 (full 4):
 def new generation   total 2893248K, used 2578394K [0x00007f2b6c600000, 0x00007f2c30950000, 0x00007f30c1b50000)
  eden space 2571840K, 100% used [0x00007f2b6c600000, 0x00007f2c09590000, 0x00007f2c09590000)
  from space 321408K,   2% used [0x00007f2c09590000, 0x00007f2c09bf6998, 0x00007f2c1cf70000)
  to   space 321408K,   0% used [0x00007f2c1cf70000, 0x00007f2c1cf70000, 0x00007f2c30950000)
 tenured generation   total 6429196K, used 6425652K [0x00007f30c1b50000, 0x00007f324a1d3000, 0x00007f3b6c600000)
   the space 6429196K,  99% used [0x00007f30c1b50000, 0x00007f3249e5d378, 0x00007f3249e5d400, 0x00007f324a1d3000)
 Metaspace       used 24322K, capacity 24745K, committed 24832K, reserved 26624K
}
Event: 16565.149 GC heap after
{Heap after GC invocations=33815 (full 4):
 def new generation   total 2893248K, used 6533K [0x00007f2b6c600000, 0x00007f2c30950000, 0x00007f30c1b50000)
  eden space 2571840K,   0% used [0x00007f2b6c600000, 0x00007f2b6c600000, 0x00007f2c09590000)
  from space 321408K,   2% used [0x00007f2c1cf70000, 0x00007f2c1d5d1660, 0x00007f2c30950000)
  to   space 321408K,   0% used [0x00007f2c09590000, 0x00007f2c09590000, 0x00007f2c1cf70000)
 tenured generation   total 6429196K, used 6426023K [0x00007f30c1b50000, 0x00007f324a1d3000, 0x00007f3b6c600000)
   the space 6429196K,  99% used [0x00007f30c1b50000, 0x00007f3249eb9da8, 0x00007f3249eb9e00, 0x00007f324a1d3000)
 Metaspace       used 24322K, capacity 24745K, committed 24832K, reserved 26624K
}
Event: 16566.266 GC heap before
{Heap before GC invocations=33815 (full 4):
 def new generation   total 2893248K, used 2578373K [0x00007f2b6c600000, 0x00007f2c30950000, 0x00007f30c1b50000)
  eden space 2571840K, 100% used [0x00007f2b6c600000, 0x00007f2c09590000, 0x00007f2c09590000)
  from space 321408K,   2% used [0x00007f2c1cf70000, 0x00007f2c1d5d1660, 0x00007f2c30950000)
  to   space 321408K,   0% used [0x00007f2c09590000, 0x00007f2c09590000, 0x00007f2c1cf70000)
 tenured generation   total 6429196K, used 6426023K [0x00007f30c1b50000, 0x00007f324a1d3000, 0x00007f3b6c600000)
   the space 6429196K,  99% used [0x00007f30c1b50000, 0x00007f3249eb9da8, 0x00007f3249eb9e00, 0x00007f324a1d3000)
 Metaspace       used 24322K, capacity 24745K, committed 24832K, reserved 26624K
}
Event: 16566.272 GC heap after
{Heap after GC invocations=33816 (full 4):
 def new generation   total 2893248K, used 6520K [0x00007f2b6c600000, 0x00007f2c30950000, 0x00007f30c1b50000)
  eden space 2571840K,   0% used [0x00007f2b6c600000, 0x00007f2b6c600000, 0x00007f2c09590000)
  from space 321408K,   2% used [0x00007f2c09590000, 0x00007f2c09bee2d0, 0x00007f2c1cf70000)
  to   space 321408K,   0% used [0x00007f2c1cf70000, 0x00007f2c1cf70000, 0x00007f2c30950000)
 tenured generation   total 6429196K, used 6426393K [0x00007f30c1b50000, 0x00007f324a1d3000, 0x00007f3b6c600000)
   the space 6429196K,  99% used [0x00007f30c1b50000, 0x00007f3249f16478, 0x00007f3249f16600, 0x00007f324a1d3000)
 Metaspace       used 24322K, capacity 24745K, committed 24832K, reserved 26624K
}
Event: 16567.391 GC heap before
{Heap before GC invocations=33816 (full 4):
 def new generation   total 2893248K, used 2578360K [0x00007f2b6c600000, 0x00007f2c30950000, 0x00007f30c1b50000)
  eden space 2571840K, 100% used [0x00007f2b6c600000, 0x00007f2c09590000, 0x00007f2c09590000)
  from space 321408K,   2% used [0x00007f2c09590000, 0x00007f2c09bee2d0, 0x00007f2c1cf70000)
  to   space 321408K,   0% used [0x00007f2c1cf70000, 0x00007f2c1cf70000, 0x00007f2c30950000)
 tenured generation   total 6429196K, used 6426393K [0x00007f30c1b50000, 0x00007f324a1d3000, 0x00007f3b6c600000)
   the space 6429196K,  99% used [0x00007f30c1b50000, 0x00007f3249f16478, 0x00007f3249f16600, 0x00007f324a1d3000)
 Metaspace       used 24322K, capacity 24745K, committed 24832K, reserved 26624K
}
Event: 16567.397 GC heap after
{Heap after GC invocations=33817 (full 4):
 def new generation   total 2893248K, used 6548K [0x00007f2b6c600000, 0x00007f2c30950000, 0x00007f30c1b50000)
  eden space 2571840K,   0% used [0x00007f2b6c600000, 0x00007f2b6c600000, 0x00007f2c09590000)
  from space 321408K,   2% used [0x00007f2c1cf70000, 0x00007f2c1d5d5350, 0x00007f2c30950000)
  to   space 321408K,   0% used [0x00007f2c09590000, 0x00007f2c09590000, 0x00007f2c1cf70000)
 tenured generation   total 6429196K, used 6426743K [0x00007f30c1b50000, 0x00007f324a1d3000, 0x00007f3b6c600000)
   the space 6429196K,  99% used [0x00007f30c1b50000, 0x00007f3249f6dfb0, 0x00007f3249f6e000, 0x00007f324a1d3000)
 Metaspace       used 24322K, capacity 24745K, committed 24832K, reserved 26624K
}
Event: 16568.474 GC heap before
{Heap before GC invocations=33817 (full 4):
 def new generation   total 2893248K, used 2578388K [0x00007f2b6c600000, 0x00007f2c30950000, 0x00007f30c1b50000)
  eden space 2571840K, 100% used [0x00007f2b6c600000, 0x00007f2c09590000, 0x00007f2c09590000)
  from space 321408K,   2% used [0x00007f2c1cf70000, 0x00007f2c1d5d5350, 0x00007f2c30950000)
  to   space 321408K,   0% used [0x00007f2c09590000, 0x00007f2c09590000, 0x00007f2c1cf70000)
 tenured generation   total 6429196K, used 6426743K [0x00007f30c1b50000, 0x00007f324a1d3000, 0x00007f3b6c600000)
   the space 6429196K,  99% used [0x00007f30c1b50000, 0x00007f3249f6dfb0, 0x00007f3249f6e000, 0x00007f324a1d3000)
 Metaspace       used 24322K, capacity 24745K, committed 24832K, reserved 26624K
}
Event: 16568.480 GC heap after
{Heap after GC invocations=33818 (full 4):
 def new generation   total 2893248K, used 6521K [0x00007f2b6c600000, 0x00007f2c30950000, 0x00007f30c1b50000)
  eden space 2571840K,   0% used [0x00007f2b6c600000, 0x00007f2b6c600000, 0x00007f2c09590000)
  from space 321408K,   2% used [0x00007f2c09590000, 0x00007f2c09bee4c8, 0x00007f2c1cf70000)
  to   space 321408K,   0% used [0x00007f2c1cf70000, 0x00007f2c1cf70000, 0x00007f2c30950000)
 tenured generation   total 6429196K, used 6427113K [0x00007f30c1b50000, 0x00007f324a1d3000, 0x00007f3b6c600000)
   the space 6429196K,  99% used [0x00007f30c1b50000, 0x00007f3249fca680, 0x00007f3249fca800, 0x00007f324a1d3000)
 Metaspace       used 24322K, capacity 24745K, committed 24832K, reserved 26624K
}
Event: 16569.598 GC heap before
{Heap before GC invocations=33818 (full 4):
 def new generation   total 2893248K, used 2578361K [0x00007f2b6c600000, 0x00007f2c30950000, 0x00007f30c1b50000)
  eden space 2571840K, 100% used [0x00007f2b6c600000, 0x00007f2c09590000, 0x00007f2c09590000)
  from space 321408K,   2% used [0x00007f2c09590000, 0x00007f2c09bee4c8, 0x00007f2c1cf70000)
  to   space 321408K,   0% used [0x00007f2c1cf70000, 0x00007f2c1cf70000, 0x00007f2c30950000)
 tenured generation   total 6429196K, used 6427113K [0x00007f30c1b50000, 0x00007f324a1d3000, 0x00007f3b6c600000)
   the space 6429196K,  99% used [0x00007f30c1b50000, 0x00007f3249fca680, 0x00007f3249fca800, 0x00007f324a1d3000)
 Metaspace       used 24322K, capacity 24745K, committed 24832K, reserved 26624K
}
Event: 16569.605 GC heap after
{Heap after GC invocations=33819 (full 4):
 def new generation   total 2893248K, used 6469K [0x00007f2b6c600000, 0x00007f2c30950000, 0x00007f30c1b50000)
  eden space 2571840K,   0% used [0x00007f2b6c600000, 0x00007f2b6c600000, 0x00007f2c09590000)
  from space 321408K,   2% used [0x00007f2c1cf70000, 0x00007f2c1d5c1708, 0x00007f2c30950000)
  to   space 321408K,   0% used [0x00007f2c09590000, 0x00007f2c09590000, 0x00007f2c1cf70000)
 tenured generation   total 6429196K, used 6427543K [0x00007f30c1b50000, 0x00007f324a1d3000, 0x00007f3b6c600000)
   the space 6429196K,  99% used [0x00007f30c1b50000, 0x00007f324a035d38, 0x00007f324a035e00, 0x00007f324a1d3000)
 Metaspace       used 24322K, capacity 24745K, committed 24832K, reserved 26624K
}
Event: 16570.675 GC heap before
{Heap before GC invocations=33819 (full 4):
 def new generation   total 2893248K, used 2578309K [0x00007f2b6c600000, 0x00007f2c30950000, 0x00007f30c1b50000)
  eden space 2571840K, 100% used [0x00007f2b6c600000, 0x00007f2c09590000, 0x00007f2c09590000)
  from space 321408K,   2% used [0x00007f2c1cf70000, 0x00007f2c1d5c1708, 0x00007f2c30950000)
  to   space 321408K,   0% used [0x00007f2c09590000, 0x00007f2c09590000, 0x00007f2c1cf70000)
 tenured generation   total 6429196K, used 6427543K [0x00007f30c1b50000, 0x00007f324a1d3000, 0x00007f3b6c600000)
   the space 6429196K,  99% used [0x00007f30c1b50000, 0x00007f324a035d38, 0x00007f324a035e00, 0x00007f324a1d3000)
 Metaspace       used 24322K, capacity 24745K, committed 24832K, reserved 26624K
}
Event: 16570.682 GC heap after
{Heap after GC invocations=33820 (full 4):
 def new generation   total 2893248K, used 6381K [0x00007f2b6c600000, 0x00007f2c30950000, 0x00007f30c1b50000)
  eden space 2571840K,   0% used [0x00007f2b6c600000, 0x00007f2b6c600000, 0x00007f2c09590000)
  from space 321408K,   1% used [0x00007f2c09590000, 0x00007f2c09bcb6a0, 0x00007f2c1cf70000)
  to   space 321408K,   0% used [0x00007f2c1cf70000, 0x00007f2c1cf70000, 0x00007f2c30950000)
 tenured generation   total 6429196K, used 6427973K [0x00007f30c1b50000, 0x00007f324a1d3000, 0x00007f3b6c600000)
   the space 6429196K,  99% used [0x00007f30c1b50000, 0x00007f324a0a1570, 0x00007f324a0a1600, 0x00007f324a1d3000)
 Metaspace       used 24322K, capacity 24745K, committed 24832K, reserved 26624K
}
Event: 16571.758 GC heap before
{Heap before GC invocations=33820 (full 4):
 def new generation   total 2893248K, used 2578221K [0x00007f2b6c600000, 0x00007f2c30950000, 0x00007f30c1b50000)
  eden space 2571840K, 100% used [0x00007f2b6c600000, 0x00007f2c09590000, 0x00007f2c09590000)
  from space 321408K,   1% used [0x00007f2c09590000, 0x00007f2c09bcb6a0, 0x00007f2c1cf70000)
  to   space 321408K,   0% used [0x00007f2c1cf70000, 0x00007f2c1cf70000, 0x00007f2c30950000)
 tenured generation   total 6429196K, used 6427973K [0x00007f30c1b50000, 0x00007f324a1d3000, 0x00007f3b6c600000)
   the space 6429196K,  99% used [0x00007f30c1b50000, 0x00007f324a0a1570, 0x00007f324a0a1600, 0x00007f324a1d3000)
 Metaspace       used 24322K, capacity 24745K, committed 24832K, reserved 26624K
}
Event: 16571.764 GC heap after
{Heap after GC invocations=33821 (full 4):
 def new generation   total 2893248K, used 6333K [0x00007f2b6c600000, 0x00007f2c30950000, 0x00007f30c1b50000)
  eden space 2571840K,   0% used [0x00007f2b6c600000, 0x00007f2b6c600000, 0x00007f2c09590000)
  from space 321408K,   1% used [0x00007f2c1cf70000, 0x00007f2c1d59f490, 0x00007f2c30950000)
  to   space 321408K,   0% used [0x00007f2c09590000, 0x00007f2c09590000, 0x00007f2c1cf70000)
 tenured generation   total 6429196K, used 6428407K [0x00007f30c1b50000, 0x00007f324a1d3000, 0x00007f3b6c600000)
   the space 6429196K,  99% used [0x00007f30c1b50000, 0x00007f324a10dc18, 0x00007f324a10de00, 0x00007f324a1d3000)
 Metaspace       used 24322K, capacity 24745K, committed 24832K, reserved 26624K
}
Event: 16572.834 GC heap before
{Heap before GC invocations=33821 (full 4):
 def new generation   total 2893248K, used 2578173K [0x00007f2b6c600000, 0x00007f2c30950000, 0x00007f30c1b50000)
  eden space 2571840K, 100% used [0x00007f2b6c600000, 0x00007f2c09590000, 0x00007f2c09590000)
  from space 321408K,   1% used [0x00007f2c1cf70000, 0x00007f2c1d59f490, 0x00007f2c30950000)
  to   space 321408K,   0% used [0x00007f2c09590000, 0x00007f2c09590000, 0x00007f2c1cf70000)
 tenured generation   total 6429196K, used 6428407K [0x00007f30c1b50000, 0x00007f324a1d3000, 0x00007f3b6c600000)
   the space 6429196K,  99% used [0x00007f30c1b50000, 0x00007f324a10dc18, 0x00007f324a10de00, 0x00007f324a1d3000)
 Metaspace       used 24322K, capacity 24745K, committed 24832K, reserved 26624K
}
Event: 16572.841 GC heap after
{Heap after GC invocations=33822 (full 4):
 def new generation   total 2893248K, used 6219K [0x00007f2b6c600000, 0x00007f2c30950000, 0x00007f30c1b50000)
  eden space 2571840K,   0% used [0x00007f2b6c600000, 0x00007f2b6c600000, 0x00007f2c09590000)
  from space 321408K,   1% used [0x00007f2c09590000, 0x00007f2c09ba2ff0, 0x00007f2c1cf70000)
  to   space 321408K,   0% used [0x00007f2c1cf70000, 0x00007f2c1cf70000, 0x00007f2c30950000)
 tenured generation   total 6429196K, used 6428856K [0x00007f30c1b50000, 0x00007f324a1d3000, 0x00007f3b6c600000)
   the space 6429196K,  99% used [0x00007f30c1b50000, 0x00007f324a17e0d8, 0x00007f324a17e200, 0x00007f324a1d3000)
 Metaspace       used 24322K, capacity 24745K, committed 24832K, reserved 26624K
}
Event: 16573.909 GC heap before
{Heap before GC invocations=33822 (full 4):
 def new generation   total 2893248K, used 2578059K [0x00007f2b6c600000, 0x00007f2c30950000, 0x00007f30c1b50000)
  eden space 2571840K, 100% used [0x00007f2b6c600000, 0x00007f2c09590000, 0x00007f2c09590000)
  from space 321408K,   1% used [0x00007f2c09590000, 0x00007f2c09ba2ff0, 0x00007f2c1cf70000)
  to   space 321408K,   0% used [0x00007f2c1cf70000, 0x00007f2c1cf70000, 0x00007f2c30950000)
 tenured generation   total 6429196K, used 6428856K [0x00007f30c1b50000, 0x00007f324a1d3000, 0x00007f3b6c600000)
   the space 6429196K,  99% used [0x00007f30c1b50000, 0x00007f324a17e0d8, 0x00007f324a17e200, 0x00007f324a1d3000)
 Metaspace       used 24322K, capacity 24745K, committed 24832K, reserved 26624K
}
Event: 16573.916 GC heap after
{Heap after GC invocations=33823 (full 4):
 def new generation   total 2893248K, used 6056K [0x00007f2b6c600000, 0x00007f2c30950000, 0x00007f30c1b50000)
  eden space 2571840K,   0% used [0x00007f2b6c600000, 0x00007f2b6c600000, 0x00007f2c09590000)
  from space 321408K,   1% used [0x00007f2c1cf70000, 0x00007f2c1d55a3e0, 0x00007f2c30950000)
  to   space 321408K,   0% used [0x00007f2c09590000, 0x00007f2c09590000, 0x00007f2c1cf70000)
 tenured generation   total 6429580K, used 6429404K [0x00007f30c1b50000, 0x00007f324a233000, 0x00007f3b6c600000)
   the space 6429580K,  99% used [0x00007f30c1b50000, 0x00007f324a2071c0, 0x00007f324a207200, 0x00007f324a233000)
 Metaspace       used 24322K, capacity 24745K, committed 24832K, reserved 26624K
}
Event: 16573.916 GC heap before
{Heap before GC invocations=33823 (full 4):
 def new generation   total 2893248K, used 6056K [0x00007f2b6c600000, 0x00007f2c30950000, 0x00007f30c1b50000)
  eden space 2571840K,   0% used [0x00007f2b6c600000, 0x00007f2b6c600000, 0x00007f2c09590000)
  from space 321408K,   1% used [0x00007f2c1cf70000, 0x00007f2c1d55a3e0, 0x00007f2c30950000)
  to   space 321408K,   0% used [0x00007f2c09590000, 0x00007f2c09590000, 0x00007f2c1cf70000)
 tenured generation   total 6429580K, used 6429404K [0x00007f30c1b50000, 0x00007f324a233000, 0x00007f3b6c600000)
   the space 6429580K,  99% used [0x00007f30c1b50000, 0x00007f324a2071c0, 0x00007f324a207200, 0x00007f324a233000)
 Metaspace       used 24322K, capacity 24745K, committed 24832K, reserved 26624K
}

