# JRE version: OpenJDK Runtime Environment (13.0.7+5) (build 13.0.7+5-Ubuntu-0ubuntu120.04)
# Java VM: OpenJDK 64-Bit Server VM (13.0.7+5-Ubuntu-0ubuntu120.04, mixed mode, tiered, compressed oops, serial gc, linux-amd64)
Heap:
 def new generation   total 2578496K, used 0K [0x0000000080200000, 0x000000012efd0000, 0x0000000300150000)
  eden space 2292032K,   0% used [0x0000000080200000, 0x0000000080200000, 0x000000010c050000)
  from space 286464K,   0% used [0x000000010c050000, 0x000000010c050000, 0x000000011d810000)
  to   space 286464K,   0% used [0x000000011d810000, 0x000000011d810000, 0x000000012efd0000)
 tenured generation   total 5746276K, used 3884989K [0x0000000300150000, 0x000000045ece9000, 0x0000000800000000)
   the space 5746276K,  67% used [0x0000000300150000, 0x00000003ed33f758, 0x00000003ed33f800, 0x000000045ece9000)
 Metaspace       used 22755K, capacity 23297K, committed 23424K, reserved 1071104K
  class space    used 2354K, capacity 2568K, committed 2688K, reserved 1048576K
GC Heap History (20 events):
Event: 770.053 GC heap after
{Heap after GC invocations=785 (full 25):
 def new generation   total 2578496K, used 193995K [0x0000000080200000, 0x000000012efd0000, 0x0000000300150000)
  eden space 2292032K,   0% used [0x0000000080200000, 0x0000000080200000, 0x000000010c050000)
  from space 286464K,  67% used [0x000000011d810000, 0x0000000129582d08, 0x000000012efd0000)
  to   space 286464K,   0% used [0x000000010c050000, 0x000000010c050000, 0x000000011d810000)
 tenured generation   total 5729888K, used 5654285K [0x0000000300150000, 0x000000045dce8000, 0x0000000800000000)
   the space 5729888K,  98% used [0x0000000300150000, 0x0000000459313720, 0x0000000459313800, 0x000000045dce8000)
 Metaspace       used 22755K, capacity 23297K, committed 23424K, reserved 1071104K
  class space    used 2354K, capacity 2568K, committed 2688K, reserved 1048576K
}
Event: 771.559 GC heap before
{Heap before GC invocations=785 (full 25):
 def new generation   total 2578496K, used 2486027K [0x0000000080200000, 0x000000012efd0000, 0x0000000300150000)
  eden space 2292032K, 100% used [0x0000000080200000, 0x000000010c050000, 0x000000010c050000)
  from space 286464K,  67% used [0x000000011d810000, 0x0000000129582d08, 0x000000012efd0000)
  to   space 286464K,   0% used [0x000000010c050000, 0x000000010c050000, 0x000000011d810000)
 tenured generation   total 5729888K, used 5654285K [0x0000000300150000, 0x000000045dce8000, 0x0000000800000000)
   the space 5729888K,  98% used [0x0000000300150000, 0x0000000459313720, 0x0000000459313800, 0x000000045dce8000)
 Metaspace       used 22755K, capacity 23297K, committed 23424K, reserved 1071104K
  class space    used 2354K, capacity 2568K, committed 2688K, reserved 1048576K
}
Event: 771.592 GC heap after
{Heap after GC invocations=786 (full 25):
 def new generation   total 2578496K, used 59805K [0x0000000080200000, 0x000000012efd0000, 0x0000000300150000)
  eden space 2292032K,   0% used [0x0000000080200000, 0x0000000080200000, 0x000000010c050000)
  from space 286464K,  20% used [0x000000010c050000, 0x000000010fab7430, 0x000000011d810000)
  to   space 286464K,   0% used [0x000000011d810000, 0x000000011d810000, 0x000000012efd0000)
 tenured generation   total 5729888K, used 5671236K [0x0000000300150000, 0x000000045dce8000, 0x0000000800000000)
   the space 5729888K,  98% used [0x0000000300150000, 0x000000045a3a1220, 0x000000045a3a1400, 0x000000045dce8000)
 Metaspace       used 22755K, capacity 23297K, committed 23424K, reserved 1071104K
  class space    used 2354K, capacity 2568K, committed 2688K, reserved 1048576K
}
Event: 773.109 GC heap before
{Heap before GC invocations=786 (full 25):
 def new generation   total 2578496K, used 2351837K [0x0000000080200000, 0x000000012efd0000, 0x0000000300150000)
  eden space 2292032K, 100% used [0x0000000080200000, 0x000000010c050000, 0x000000010c050000)
  from space 286464K,  20% used [0x000000010c050000, 0x000000010fab7430, 0x000000011d810000)
  to   space 286464K,   0% used [0x000000011d810000, 0x000000011d810000, 0x000000012efd0000)
 tenured generation   total 5729888K, used 5671236K [0x0000000300150000, 0x000000045dce8000, 0x0000000800000000)
   the space 5729888K,  98% used [0x0000000300150000, 0x000000045a3a1220, 0x000000045a3a1400, 0x000000045dce8000)
 Metaspace       used 22755K, capacity 23297K, committed 23424K, reserved 1071104K
  class space    used 2354K, capacity 2568K, committed 2688K, reserved 1048576K
}
Event: 773.171 GC heap after
{Heap after GC invocations=787 (full 25):
 def new generation   total 2578496K, used 196585K [0x0000000080200000, 0x000000012efd0000, 0x0000000300150000)
  eden space 2292032K,   0% used [0x0000000080200000, 0x0000000080200000, 0x000000010c050000)
  from space 286464K,  68% used [0x000000011d810000, 0x000000012980a770, 0x000000012efd0000)
  to   space 286464K,   0% used [0x000000010c050000, 0x000000010c050000, 0x000000011d810000)
 tenured generation   total 5729888K, used 5671236K [0x0000000300150000, 0x000000045dce8000, 0x0000000800000000)
   the space 5729888K,  98% used [0x0000000300150000, 0x000000045a3a1220, 0x000000045a3a1400, 0x000000045dce8000)
 Metaspace       used 22755K, capacity 23297K, committed 23424K, reserved 1071104K
  class space    used 2354K, capacity 2568K, committed 2688K, reserved 1048576K
}
Event: 774.690 GC heap before
{Heap before GC invocations=787 (full 25):
 def new generation   total 2578496K, used 2488617K [0x0000000080200000, 0x000000012efd0000, 0x0000000300150000)
  eden space 2292032K, 100% used [0x0000000080200000, 0x000000010c050000, 0x000000010c050000)
  from space 286464K,  68% used [0x000000011d810000, 0x000000012980a770, 0x000000012efd0000)
  to   space 286464K,   0% used [0x000000010c050000, 0x000000010c050000, 0x000000011d810000)
 tenured generation   total 5729888K, used 5671236K [0x0000000300150000, 0x000000045dce8000, 0x0000000800000000)
   the space 5729888K,  98% used [0x0000000300150000, 0x000000045a3a1220, 0x000000045a3a1400, 0x000000045dce8000)
 Metaspace       used 22755K, capacity 23297K, committed 23424K, reserved 1071104K
  class space    used 2354K, capacity 2568K, committed 2688K, reserved 1048576K
}
Event: 774.723 GC heap after
{Heap after GC invocations=788 (full 25):
 def new generation   total 2578496K, used 62392K [0x0000000080200000, 0x000000012efd0000, 0x0000000300150000)
  eden space 2292032K,   0% used [0x0000000080200000, 0x0000000080200000, 0x000000010c050000)
  from space 286464K,  21% used [0x000000010c050000, 0x000000010fd3e098, 0x000000011d810000)
  to   space 286464K,   0% used [0x000000011d810000, 0x000000011d810000, 0x000000012efd0000)
 tenured generation   total 5729888K, used 5688187K [0x0000000300150000, 0x000000045dce8000, 0x0000000800000000)
   the space 5729888K,  99% used [0x0000000300150000, 0x000000045b42ed20, 0x000000045b42ee00, 0x000000045dce8000)
 Metaspace       used 22755K, capacity 23297K, committed 23424K, reserved 1071104K
  class space    used 2354K, capacity 2568K, committed 2688K, reserved 1048576K
}
Event: 776.252 GC heap before
{Heap before GC invocations=788 (full 25):
 def new generation   total 2578496K, used 2354424K [0x0000000080200000, 0x000000012efd0000, 0x0000000300150000)
  eden space 2292032K, 100% used [0x0000000080200000, 0x000000010c050000, 0x000000010c050000)
  from space 286464K,  21% used [0x000000010c050000, 0x000000010fd3e098, 0x000000011d810000)
  to   space 286464K,   0% used [0x000000011d810000, 0x000000011d810000, 0x000000012efd0000)
 tenured generation   total 5729888K, used 5688187K [0x0000000300150000, 0x000000045dce8000, 0x0000000800000000)
   the space 5729888K,  99% used [0x0000000300150000, 0x000000045b42ed20, 0x000000045b42ee00, 0x000000045dce8000)
 Metaspace       used 22755K, capacity 23297K, committed 23424K, reserved 1071104K
  class space    used 2354K, capacity 2568K, committed 2688K, reserved 1048576K
}
Event: 776.326 GC heap after
{Heap after GC invocations=789 (full 25):
 def new generation   total 2578496K, used 199679K [0x0000000080200000, 0x000000012efd0000, 0x0000000300150000)
  eden space 2292032K,   0% used [0x0000000080200000, 0x0000000080200000, 0x000000010c050000)
  from space 286464K,  69% used [0x000000011d810000, 0x0000000129b0fe78, 0x000000012efd0000)
  to   space 286464K,   0% used [0x000000010c050000, 0x000000010c050000, 0x000000011d810000)
 tenured generation   total 5729888K, used 5688187K [0x0000000300150000, 0x000000045dce8000, 0x0000000800000000)
   the space 5729888K,  99% used [0x0000000300150000, 0x000000045b42ed20, 0x000000045b42ee00, 0x000000045dce8000)
 Metaspace       used 22755K, capacity 23297K, committed 23424K, reserved 1071104K
  class space    used 2354K, capacity 2568K, committed 2688K, reserved 1048576K
}
Event: 777.869 GC heap before
{Heap before GC invocations=789 (full 25):
 def new generation   total 2578496K, used 2491711K [0x0000000080200000, 0x000000012efd0000, 0x0000000300150000)
  eden space 2292032K, 100% used [0x0000000080200000, 0x000000010c050000, 0x000000010c050000)
  from space 286464K,  69% used [0x000000011d810000, 0x0000000129b0fe78, 0x000000012efd0000)
  to   space 286464K,   0% used [0x000000010c050000, 0x000000010c050000, 0x000000011d810000)
 tenured generation   total 5729888K, used 5688187K [0x0000000300150000, 0x000000045dce8000, 0x0000000800000000)
   the space 5729888K,  99% used [0x0000000300150000, 0x000000045b42ed20, 0x000000045b42ee00, 0x000000045dce8000)
 Metaspace       used 22755K, capacity 23297K, committed 23424K, reserved 1071104K
  class space    used 2354K, capacity 2568K, committed 2688K, reserved 1048576K
}
Event: 777.898 GC heap after
{Heap after GC invocations=790 (full 25):
 def new generation   total 2578496K, used 64973K [0x0000000080200000, 0x000000012efd0000, 0x0000000300150000)
  eden space 2292032K,   0% used [0x0000000080200000, 0x0000000080200000, 0x000000010c050000)
  from space 286464K,  22% used [0x000000010c050000, 0x000000010ffc34d0, 0x000000011d810000)
  to   space 286464K,   0% used [0x000000011d810000, 0x000000011d810000, 0x000000012efd0000)
 tenured generation   total 5729888K, used 5705138K [0x0000000300150000, 0x000000045dce8000, 0x0000000800000000)
   the space 5729888K,  99% used [0x0000000300150000, 0x000000045c4bc820, 0x000000045c4bca00, 0x000000045dce8000)
 Metaspace       used 22755K, capacity 23297K, committed 23424K, reserved 1071104K
  class space    used 2354K, capacity 2568K, committed 2688K, reserved 1048576K
}
Event: 779.432 GC heap before
{Heap before GC invocations=790 (full 25):
 def new generation   total 2578496K, used 2357005K [0x0000000080200000, 0x000000012efd0000, 0x0000000300150000)
  eden space 2292032K, 100% used [0x0000000080200000, 0x000000010c050000, 0x000000010c050000)
  from space 286464K,  22% used [0x000000010c050000, 0x000000010ffc34d0, 0x000000011d810000)
  to   space 286464K,   0% used [0x000000011d810000, 0x000000011d810000, 0x000000012efd0000)
 tenured generation   total 5729888K, used 5705138K [0x0000000300150000, 0x000000045dce8000, 0x0000000800000000)
   the space 5729888K,  99% used [0x0000000300150000, 0x000000045c4bc820, 0x000000045c4bca00, 0x000000045dce8000)
 Metaspace       used 22755K, capacity 23297K, committed 23424K, reserved 1071104K
  class space    used 2354K, capacity 2568K, committed 2688K, reserved 1048576K
}
Event: 779.500 GC heap after
{Heap after GC invocations=791 (full 25):
 def new generation   total 2578496K, used 201758K [0x0000000080200000, 0x000000012efd0000, 0x0000000300150000)
  eden space 2292032K,   0% used [0x0000000080200000, 0x0000000080200000, 0x000000010c050000)
  from space 286464K,  70% used [0x000000011d810000, 0x0000000129d178b0, 0x000000012efd0000)
  to   space 286464K,   0% used [0x000000010c050000, 0x000000010c050000, 0x000000011d810000)
 tenured generation   total 5729888K, used 5705138K [0x0000000300150000, 0x000000045dce8000, 0x0000000800000000)
   the space 5729888K,  99% used [0x0000000300150000, 0x000000045c4bc820, 0x000000045c4bca00, 0x000000045dce8000)
 Metaspace       used 22755K, capacity 23297K, committed 23424K, reserved 1071104K
  class space    used 2354K, capacity 2568K, committed 2688K, reserved 1048576K
}
Event: 781.027 GC heap before
{Heap before GC invocations=791 (full 25):
 def new generation   total 2578496K, used 2493790K [0x0000000080200000, 0x000000012efd0000, 0x0000000300150000)
  eden space 2292032K, 100% used [0x0000000080200000, 0x000000010c050000, 0x000000010c050000)
  from space 286464K,  70% used [0x000000011d810000, 0x0000000129d178b0, 0x000000012efd0000)
  to   space 286464K,   0% used [0x000000010c050000, 0x000000010c050000, 0x000000011d810000)
 tenured generation   total 5729888K, used 5705138K [0x0000000300150000, 0x000000045dce8000, 0x0000000800000000)
   the space 5729888K,  99% used [0x0000000300150000, 0x000000045c4bc820, 0x000000045c4bca00, 0x000000045dce8000)
 Metaspace       used 22755K, capacity 23297K, committed 23424K, reserved 1071104K
  class space    used 2354K, capacity 2568K, committed 2688K, reserved 1048576K
}
Event: 781.057 GC heap after
{Heap after GC invocations=792 (full 25):
 def new generation   total 2578496K, used 67051K [0x0000000080200000, 0x000000012efd0000, 0x0000000300150000)
  eden space 2292032K,   0% used [0x0000000080200000, 0x0000000080200000, 0x000000010c050000)
  from space 286464K,  23% used [0x000000010c050000, 0x00000001101caea0, 0x000000011d810000)
  to   space 286464K,   0% used [0x000000011d810000, 0x000000011d810000, 0x000000012efd0000)
 tenured generation   total 5729888K, used 5722088K [0x0000000300150000, 0x000000045dce8000, 0x0000000800000000)
   the space 5729888K,  99% used [0x0000000300150000, 0x000000045d54a320, 0x000000045d54a400, 0x000000045dce8000)
 Metaspace       used 22755K, capacity 23297K, committed 23424K, reserved 1071104K
  class space    used 2354K, capacity 2568K, committed 2688K, reserved 1048576K
}
Event: 782.570 GC heap before
{Heap before GC invocations=792 (full 25):
 def new generation   total 2578496K, used 2359083K [0x0000000080200000, 0x000000012efd0000, 0x0000000300150000)
  eden space 2292032K, 100% used [0x0000000080200000, 0x000000010c050000, 0x000000010c050000)
  from space 286464K,  23% used [0x000000010c050000, 0x00000001101caea0, 0x000000011d810000)
  to   space 286464K,   0% used [0x000000011d810000, 0x000000011d810000, 0x000000012efd0000)
 tenured generation   total 5729888K, used 5722088K [0x0000000300150000, 0x000000045dce8000, 0x0000000800000000)
   the space 5729888K,  99% used [0x0000000300150000, 0x000000045d54a320, 0x000000045d54a400, 0x000000045dce8000)
 Metaspace       used 22755K, capacity 23297K, committed 23424K, reserved 1071104K
  class space    used 2354K, capacity 2568K, committed 2688K, reserved 1048576K
}
Event: 782.655 GC heap after
{Heap after GC invocations=793 (full 25):
 def new generation   total 2578496K, used 203844K [0x0000000080200000, 0x000000012efd0000, 0x0000000300150000)
  eden space 2292032K,   0% used [0x0000000080200000, 0x0000000080200000, 0x000000010c050000)
  from space 286464K,  71% used [0x000000011d810000, 0x0000000129f21118, 0x000000012efd0000)
  to   space 286464K,   0% used [0x000000010c050000, 0x000000010c050000, 0x000000011d810000)
 tenured generation   total 5729888K, used 5722088K [0x0000000300150000, 0x000000045dce8000, 0x0000000800000000)
   the space 5729888K,  99% used [0x0000000300150000, 0x000000045d54a320, 0x000000045d54a400, 0x000000045dce8000)
 Metaspace       used 22755K, capacity 23297K, committed 23424K, reserved 1071104K
  class space    used 2354K, capacity 2568K, committed 2688K, reserved 1048576K
}
Event: 784.113 GC heap before
{Heap before GC invocations=793 (full 25):
 def new generation   total 2578496K, used 2495876K [0x0000000080200000, 0x000000012efd0000, 0x0000000300150000)
  eden space 2292032K, 100% used [0x0000000080200000, 0x000000010c050000, 0x000000010c050000)
  from space 286464K,  71% used [0x000000011d810000, 0x0000000129f21118, 0x000000012efd0000)
  to   space 286464K,   0% used [0x000000010c050000, 0x000000010c050000, 0x000000011d810000)
 tenured generation   total 5729888K, used 5722088K [0x0000000300150000, 0x000000045dce8000, 0x0000000800000000)
   the space 5729888K,  99% used [0x0000000300150000, 0x000000045d54a320, 0x000000045d54a400, 0x000000045dce8000)
 Metaspace       used 22755K, capacity 23297K, committed 23424K, reserved 1071104K
  class space    used 2354K, capacity 2568K, committed 2688K, reserved 1048576K
}
Event: 784.158 GC heap after
{Heap after GC invocations=794 (full 25):
 def new generation   total 2578496K, used 69653K [0x0000000080200000, 0x000000012efd0000, 0x0000000300150000)
  eden space 2292032K,   0% used [0x0000000080200000, 0x0000000080200000, 0x000000010c050000)
  from space 286464K,  24% used [0x000000010c050000, 0x00000001104556b0, 0x000000011d810000)
  to   space 286464K,   0% used [0x000000011d810000, 0x000000011d810000, 0x000000012efd0000)
 tenured generation   total 5746276K, used 5739039K [0x0000000300150000, 0x000000045ece9000, 0x0000000800000000)
   the space 5746276K,  99% used [0x0000000300150000, 0x000000045e5d7e20, 0x000000045e5d8000, 0x000000045ece9000)
 Metaspace       used 22755K, capacity 23297K, committed 23424K, reserved 1071104K
  class space    used 2354K, capacity 2568K, committed 2688K, reserved 1048576K
}
Event: 784.158 GC heap before
{Heap before GC invocations=794 (full 25):
 def new generation   total 2578496K, used 69653K [0x0000000080200000, 0x000000012efd0000, 0x0000000300150000)
  eden space 2292032K,   0% used [0x0000000080200000, 0x0000000080200000, 0x000000010c050000)
  from space 286464K,  24% used [0x000000010c050000, 0x00000001104556b0, 0x000000011d810000)
  to   space 286464K,   0% used [0x000000011d810000, 0x000000011d810000, 0x000000012efd0000)
 tenured generation   total 5746276K, used 5739039K [0x0000000300150000, 0x000000045ece9000, 0x0000000800000000)
   the space 5746276K,  99% used [0x0000000300150000, 0x000000045e5d7e20, 0x000000045e5d8000, 0x000000045ece9000)
 Metaspace       used 22755K, capacity 23297K, committed 23424K, reserved 1071104K
  class space    used 2354K, capacity 2568K, committed 2688K, reserved 1048576K
}

