# JRE version: OpenJDK Runtime Environment (13.0.7+5) (build 13.0.7+5-Ubuntu-0ubuntu120.04)
# Java VM: OpenJDK 64-Bit Server VM (13.0.7+5-Ubuntu-0ubuntu120.04, mixed mode, tiered, serial gc, linux-amd64)
Heap:
 def new generation   total 1742080K, used 0K [0x00007fb354600000, 0x00007fb3ca840000, 0x00007fb8a9b50000)
  eden space 1548544K,   0% used [0x00007fb354600000, 0x00007fb354600000, 0x00007fb3b2e40000)
  from space 193536K,   0% used [0x00007fb3b2e40000, 0x00007fb3b2e40000, 0x00007fb3beb40000)
  to   space 193536K,   0% used [0x00007fb3beb40000, 0x00007fb3beb40000, 0x00007fb3ca840000)
 tenured generation   total 3923624K, used 3756718K [0x00007fb8a9b50000, 0x00007fb9992fa000, 0x00007fc354600000)
   the space 3923624K,  95% used [0x00007fb8a9b50000, 0x00007fb98effb9d0, 0x00007fb98effba00, 0x00007fb9992fa000)
 Metaspace       used 31328K, capacity 31739K, committed 32000K, reserved 32768K
GC Heap History (20 events):
Event: 123.318 GC heap after
{Heap after GC invocations=214 (full 3):
 def new generation   total 1069824K, used 118847K [0x00007fb354600000, 0x00007fb39ced0000, 0x00007fb8a9b50000)
  eden space 950976K,   0% used [0x00007fb354600000, 0x00007fb354600000, 0x00007fb38e6b0000)
  from space 118848K,  99% used [0x00007fb395ac0000, 0x00007fb39cecfff0, 0x00007fb39ced0000)
  to   space 118848K,   0% used [0x00007fb38e6b0000, 0x00007fb38e6b0000, 0x00007fb395ac0000)
 tenured generation   total 2534152K, used 2534122K [0x00007fb8a9b50000, 0x00007fb944612000, 0x00007fc354600000)
   the space 2534152K,  99% used [0x00007fb8a9b50000, 0x00007fb94460ab40, 0x00007fb94460ac00, 0x00007fb944612000)
 Metaspace       used 31328K, capacity 31739K, committed 32000K, reserved 32768K
}
Event: 123.318 GC heap before
{Heap before GC invocations=214 (full 3):
 def new generation   total 1069824K, used 118847K [0x00007fb354600000, 0x00007fb39ced0000, 0x00007fb8a9b50000)
  eden space 950976K,   0% used [0x00007fb354600000, 0x00007fb354600000, 0x00007fb38e6b0000)
  from space 118848K,  99% used [0x00007fb395ac0000, 0x00007fb39cecfff0, 0x00007fb39ced0000)
  to   space 118848K,   0% used [0x00007fb38e6b0000, 0x00007fb38e6b0000, 0x00007fb395ac0000)
 tenured generation   total 2534152K, used 2534122K [0x00007fb8a9b50000, 0x00007fb944612000, 0x00007fc354600000)
   the space 2534152K,  99% used [0x00007fb8a9b50000, 0x00007fb94460ab40, 0x00007fb94460ac00, 0x00007fb944612000)
 Metaspace       used 31328K, capacity 31739K, committed 32000K, reserved 32768K
}
Event: 130.883 GC heap after
{Heap after GC invocations=214 (full 4):
 def new generation   total 1742080K, used 0K [0x00007fb354600000, 0x00007fb3ca840000, 0x00007fb8a9b50000)
  eden space 1548544K,   0% used [0x00007fb354600000, 0x00007fb354600000, 0x00007fb3b2e40000)
  from space 193536K,   0% used [0x00007fb3b2e40000, 0x00007fb3b2e40000, 0x00007fb3beb40000)
  to   space 193536K,   0% used [0x00007fb3beb40000, 0x00007fb3beb40000, 0x00007fb3ca840000)
 tenured generation   total 3871208K, used 2322723K [0x00007fb8a9b50000, 0x00007fb995fca000, 0x00007fc354600000)
   the space 3871208K,  59% used [0x00007fb8a9b50000, 0x00007fb937798e70, 0x00007fb937799000, 0x00007fb995fca000)
 Metaspace       used 31328K, capacity 31739K, committed 32000K, reserved 32768K
}
Event: 164.736 GC heap before
{Heap before GC invocations=214 (full 4):
 def new generation   total 1742080K, used 1548544K [0x00007fb354600000, 0x00007fb3ca840000, 0x00007fb8a9b50000)
  eden space 1548544K, 100% used [0x00007fb354600000, 0x00007fb3b2e40000, 0x00007fb3b2e40000)
  from space 193536K,   0% used [0x00007fb3b2e40000, 0x00007fb3b2e40000, 0x00007fb3beb40000)
  to   space 193536K,   0% used [0x00007fb3beb40000, 0x00007fb3beb40000, 0x00007fb3ca840000)
 tenured generation   total 3871208K, used 2322723K [0x00007fb8a9b50000, 0x00007fb995fca000, 0x00007fc354600000)
   the space 3871208K,  59% used [0x00007fb8a9b50000, 0x00007fb937798e70, 0x00007fb937799000, 0x00007fb995fca000)
 Metaspace       used 31328K, capacity 31739K, committed 32000K, reserved 32768K
}
Event: 165.420 GC heap after
{Heap after GC invocations=215 (full 4):
 def new generation   total 1742080K, used 193536K [0x00007fb354600000, 0x00007fb3ca840000, 0x00007fb8a9b50000)
  eden space 1548544K,   0% used [0x00007fb354600000, 0x00007fb354600000, 0x00007fb3b2e40000)
  from space 193536K, 100% used [0x00007fb3beb40000, 0x00007fb3ca840000, 0x00007fb3ca840000)
  to   space 193536K,   0% used [0x00007fb3b2e40000, 0x00007fb3b2e40000, 0x00007fb3beb40000)
 tenured generation   total 3871208K, used 2459675K [0x00007fb8a9b50000, 0x00007fb995fca000, 0x00007fc354600000)
   the space 3871208K,  63% used [0x00007fb8a9b50000, 0x00007fb93fd56f30, 0x00007fb93fd57000, 0x00007fb995fca000)
 Metaspace       used 31328K, capacity 31739K, committed 32000K, reserved 32768K
}
Event: 214.559 GC heap before
{Heap before GC invocations=215 (full 4):
 def new generation   total 1742080K, used 1742080K [0x00007fb354600000, 0x00007fb3ca840000, 0x00007fb8a9b50000)
  eden space 1548544K, 100% used [0x00007fb354600000, 0x00007fb3b2e40000, 0x00007fb3b2e40000)
  from space 193536K, 100% used [0x00007fb3beb40000, 0x00007fb3ca840000, 0x00007fb3ca840000)
  to   space 193536K,   0% used [0x00007fb3b2e40000, 0x00007fb3b2e40000, 0x00007fb3beb40000)
 tenured generation   total 3871208K, used 2459675K [0x00007fb8a9b50000, 0x00007fb995fca000, 0x00007fc354600000)
   the space 3871208K,  63% used [0x00007fb8a9b50000, 0x00007fb93fd56f30, 0x00007fb93fd57000, 0x00007fb995fca000)
 Metaspace       used 31328K, capacity 31739K, committed 32000K, reserved 32768K
}
Event: 215.230 GC heap after
{Heap after GC invocations=216 (full 4):
 def new generation   total 1742080K, used 193535K [0x00007fb354600000, 0x00007fb3ca840000, 0x00007fb8a9b50000)
  eden space 1548544K,   0% used [0x00007fb354600000, 0x00007fb354600000, 0x00007fb3b2e40000)
  from space 193536K,  99% used [0x00007fb3b2e40000, 0x00007fb3beb3fff0, 0x00007fb3beb40000)
  to   space 193536K,   0% used [0x00007fb3beb40000, 0x00007fb3beb40000, 0x00007fb3ca840000)
 tenured generation   total 3871208K, used 2785678K [0x00007fb8a9b50000, 0x00007fb995fca000, 0x00007fc354600000)
   the space 3871208K,  71% used [0x00007fb8a9b50000, 0x00007fb953bb3b60, 0x00007fb953bb3c00, 0x00007fb995fca000)
 Metaspace       used 31328K, capacity 31739K, committed 32000K, reserved 32768K
}
Event: 253.450 GC heap before
{Heap before GC invocations=216 (full 4):
 def new generation   total 1742080K, used 1742079K [0x00007fb354600000, 0x00007fb3ca840000, 0x00007fb8a9b50000)
  eden space 1548544K, 100% used [0x00007fb354600000, 0x00007fb3b2e40000, 0x00007fb3b2e40000)
  from space 193536K,  99% used [0x00007fb3b2e40000, 0x00007fb3beb3fff0, 0x00007fb3beb40000)
  to   space 193536K,   0% used [0x00007fb3beb40000, 0x00007fb3beb40000, 0x00007fb3ca840000)
 tenured generation   total 3871208K, used 2785678K [0x00007fb8a9b50000, 0x00007fb995fca000, 0x00007fc354600000)
   the space 3871208K,  71% used [0x00007fb8a9b50000, 0x00007fb953bb3b60, 0x00007fb953bb3c00, 0x00007fb995fca000)
 Metaspace       used 31328K, capacity 31739K, committed 32000K, reserved 32768K
}
Event: 254.058 GC heap after
{Heap after GC invocations=217 (full 4):
 def new generation   total 1742080K, used 193535K [0x00007fb354600000, 0x00007fb3ca840000, 0x00007fb8a9b50000)
  eden space 1548544K,   0% used [0x00007fb354600000, 0x00007fb354600000, 0x00007fb3b2e40000)
  from space 193536K,  99% used [0x00007fb3beb40000, 0x00007fb3ca83fff0, 0x00007fb3ca840000)
  to   space 193536K,   0% used [0x00007fb3b2e40000, 0x00007fb3b2e40000, 0x00007fb3beb40000)
 tenured generation   total 3871208K, used 3111681K [0x00007fb8a9b50000, 0x00007fb995fca000, 0x00007fc354600000)
   the space 3871208K,  80% used [0x00007fb8a9b50000, 0x00007fb967a107c0, 0x00007fb967a10800, 0x00007fb995fca000)
 Metaspace       used 31328K, capacity 31739K, committed 32000K, reserved 32768K
}
Event: 267.605 GC heap before
{Heap before GC invocations=217 (full 4):
 def new generation   total 1742080K, used 1742079K [0x00007fb354600000, 0x00007fb3ca840000, 0x00007fb8a9b50000)
  eden space 1548544K, 100% used [0x00007fb354600000, 0x00007fb3b2e40000, 0x00007fb3b2e40000)
  from space 193536K,  99% used [0x00007fb3beb40000, 0x00007fb3ca83fff0, 0x00007fb3ca840000)
  to   space 193536K,   0% used [0x00007fb3b2e40000, 0x00007fb3b2e40000, 0x00007fb3beb40000)
 tenured generation   total 3871208K, used 3111681K [0x00007fb8a9b50000, 0x00007fb995fca000, 0x00007fc354600000)
   the space 3871208K,  80% used [0x00007fb8a9b50000, 0x00007fb967a107c0, 0x00007fb967a10800, 0x00007fb995fca000)
 Metaspace       used 31328K, capacity 31739K, committed 32000K, reserved 32768K
}
Event: 268.083 GC heap after
{Heap after GC invocations=218 (full 4):
 def new generation   total 1742080K, used 193535K [0x00007fb354600000, 0x00007fb3ca840000, 0x00007fb8a9b50000)
  eden space 1548544K,   0% used [0x00007fb354600000, 0x00007fb354600000, 0x00007fb3b2e40000)
  from space 193536K,  99% used [0x00007fb3b2e40000, 0x00007fb3beb3fff8, 0x00007fb3beb40000)
  to   space 193536K,   0% used [0x00007fb3beb40000, 0x00007fb3beb40000, 0x00007fb3ca840000)
 tenured generation   total 3871208K, used 3339574K [0x00007fb8a9b50000, 0x00007fb995fca000, 0x00007fc354600000)
   the space 3871208K,  86% used [0x00007fb8a9b50000, 0x00007fb97589d880, 0x00007fb97589da00, 0x00007fb995fca000)
 Metaspace       used 31328K, capacity 31739K, committed 32000K, reserved 32768K
}
Event: 268.496 GC heap before
{Heap before GC invocations=218 (full 4):
 def new generation   total 1742080K, used 1742079K [0x00007fb354600000, 0x00007fb3ca840000, 0x00007fb8a9b50000)
  eden space 1548544K, 100% used [0x00007fb354600000, 0x00007fb3b2e40000, 0x00007fb3b2e40000)
  from space 193536K,  99% used [0x00007fb3b2e40000, 0x00007fb3beb3fff8, 0x00007fb3beb40000)
  to   space 193536K,   0% used [0x00007fb3beb40000, 0x00007fb3beb40000, 0x00007fb3ca840000)
 tenured generation   total 3871208K, used 3339574K [0x00007fb8a9b50000, 0x00007fb995fca000, 0x00007fc354600000)
   the space 3871208K,  86% used [0x00007fb8a9b50000, 0x00007fb97589d880, 0x00007fb97589da00, 0x00007fb995fca000)
 Metaspace       used 31328K, capacity 31739K, committed 32000K, reserved 32768K
}
Event: 268.905 GC heap after
{Heap after GC invocations=219 (full 4):
 def new generation   total 1742080K, used 125275K [0x00007fb354600000, 0x00007fb3ca840000, 0x00007fb8a9b50000)
  eden space 1548544K,   0% used [0x00007fb354600000, 0x00007fb354600000, 0x00007fb3b2e40000)
  from space 193536K,  64% used [0x00007fb3beb40000, 0x00007fb3c6596f20, 0x00007fb3ca840000)
  to   space 193536K,   0% used [0x00007fb3b2e40000, 0x00007fb3b2e40000, 0x00007fb3beb40000)
 tenured generation   total 3871208K, used 3533109K [0x00007fb8a9b50000, 0x00007fb995fca000, 0x00007fc354600000)
   the space 3871208K,  91% used [0x00007fb8a9b50000, 0x00007fb98159d6b8, 0x00007fb98159d800, 0x00007fb995fca000)
 Metaspace       used 31328K, capacity 31739K, committed 32000K, reserved 32768K
}
Event: 269.329 GC heap before
{Heap before GC invocations=219 (full 4):
 def new generation   total 1742080K, used 1673819K [0x00007fb354600000, 0x00007fb3ca840000, 0x00007fb8a9b50000)
  eden space 1548544K, 100% used [0x00007fb354600000, 0x00007fb3b2e40000, 0x00007fb3b2e40000)
  from space 193536K,  64% used [0x00007fb3beb40000, 0x00007fb3c6596f20, 0x00007fb3ca840000)
  to   space 193536K,   0% used [0x00007fb3b2e40000, 0x00007fb3b2e40000, 0x00007fb3beb40000)
 tenured generation   total 3871208K, used 3533109K [0x00007fb8a9b50000, 0x00007fb995fca000, 0x00007fc354600000)
   the space 3871208K,  91% used [0x00007fb8a9b50000, 0x00007fb98159d6b8, 0x00007fb98159d800, 0x00007fb995fca000)
 Metaspace       used 31328K, capacity 31739K, committed 32000K, reserved 32768K
}
Event: 269.706 GC heap after
{Heap after GC invocations=220 (full 4):
 def new generation   total 1742080K, used 132323K [0x00007fb354600000, 0x00007fb3ca840000, 0x00007fb8a9b50000)
  eden space 1548544K,   0% used [0x00007fb354600000, 0x00007fb354600000, 0x00007fb3b2e40000)
  from space 193536K,  68% used [0x00007fb3b2e40000, 0x00007fb3baf78ea0, 0x00007fb3beb40000)
  to   space 193536K,   0% used [0x00007fb3beb40000, 0x00007fb3beb40000, 0x00007fb3ca840000)
 tenured generation   total 3871208K, used 3658385K [0x00007fb8a9b50000, 0x00007fb995fca000, 0x00007fc354600000)
   the space 3871208K,  94% used [0x00007fb8a9b50000, 0x00007fb988ff4458, 0x00007fb988ff4600, 0x00007fb995fca000)
 Metaspace       used 31328K, capacity 31739K, committed 32000K, reserved 32768K
}
Event: 270.123 GC heap before
{Heap before GC invocations=220 (full 4):
 def new generation   total 1742080K, used 1680867K [0x00007fb354600000, 0x00007fb3ca840000, 0x00007fb8a9b50000)
  eden space 1548544K, 100% used [0x00007fb354600000, 0x00007fb3b2e40000, 0x00007fb3b2e40000)
  from space 193536K,  68% used [0x00007fb3b2e40000, 0x00007fb3baf78ea0, 0x00007fb3beb40000)
  to   space 193536K,   0% used [0x00007fb3beb40000, 0x00007fb3beb40000, 0x00007fb3ca840000)
 tenured generation   total 3871208K, used 3658385K [0x00007fb8a9b50000, 0x00007fb995fca000, 0x00007fc354600000)
   the space 3871208K,  94% used [0x00007fb8a9b50000, 0x00007fb988ff4458, 0x00007fb988ff4600, 0x00007fb995fca000)
 Metaspace       used 31328K, capacity 31739K, committed 32000K, reserved 32768K
}
Event: 270.512 GC heap after
{Heap after GC invocations=221 (full 4):
 def new generation   total 1742080K, used 132745K [0x00007fb354600000, 0x00007fb3ca840000, 0x00007fb8a9b50000)
  eden space 1548544K,   0% used [0x00007fb354600000, 0x00007fb354600000, 0x00007fb3b2e40000)
  from space 193536K,  68% used [0x00007fb3beb40000, 0x00007fb3c6ce26a0, 0x00007fb3ca840000)
  to   space 193536K,   0% used [0x00007fb3b2e40000, 0x00007fb3b2e40000, 0x00007fb3beb40000)
 tenured generation   total 3871208K, used 3790708K [0x00007fb8a9b50000, 0x00007fb995fca000, 0x00007fc354600000)
   the space 3871208K,  97% used [0x00007fb8a9b50000, 0x00007fb99112d2b8, 0x00007fb99112d400, 0x00007fb995fca000)
 Metaspace       used 31328K, capacity 31739K, committed 32000K, reserved 32768K
}
Event: 270.918 GC heap before
{Heap before GC invocations=221 (full 4):
 def new generation   total 1742080K, used 1681289K [0x00007fb354600000, 0x00007fb3ca840000, 0x00007fb8a9b50000)
  eden space 1548544K, 100% used [0x00007fb354600000, 0x00007fb3b2e40000, 0x00007fb3b2e40000)
  from space 193536K,  68% used [0x00007fb3beb40000, 0x00007fb3c6ce26a0, 0x00007fb3ca840000)
  to   space 193536K,   0% used [0x00007fb3b2e40000, 0x00007fb3b2e40000, 0x00007fb3beb40000)
 tenured generation   total 3871208K, used 3790708K [0x00007fb8a9b50000, 0x00007fb995fca000, 0x00007fc354600000)
   the space 3871208K,  97% used [0x00007fb8a9b50000, 0x00007fb99112d2b8, 0x00007fb99112d400, 0x00007fb995fca000)
 Metaspace       used 31328K, capacity 31739K, committed 32000K, reserved 32768K
}
Event: 271.330 GC heap after
{Heap after GC invocations=222 (full 4):
 def new generation   total 1742080K, used 137719K [0x00007fb354600000, 0x00007fb3ca840000, 0x00007fb8a9b50000)
  eden space 1548544K,   0% used [0x00007fb354600000, 0x00007fb354600000, 0x00007fb3b2e40000)
  from space 193536K,  71% used [0x00007fb3b2e40000, 0x00007fb3bb4bdd00, 0x00007fb3beb40000)
  to   space 193536K,   0% used [0x00007fb3beb40000, 0x00007fb3beb40000, 0x00007fb3ca840000)
 tenured generation   total 3923624K, used 3923453K [0x00007fb8a9b50000, 0x00007fb9992fa000, 0x00007fc354600000)
   the space 3923624K,  99% used [0x00007fb8a9b50000, 0x00007fb9992cf668, 0x00007fb9992cf800, 0x00007fb9992fa000)
 Metaspace       used 31328K, capacity 31739K, committed 32000K, reserved 32768K
}
Event: 271.330 GC heap before
{Heap before GC invocations=222 (full 4):
 def new generation   total 1742080K, used 137719K [0x00007fb354600000, 0x00007fb3ca840000, 0x00007fb8a9b50000)
  eden space 1548544K,   0% used [0x00007fb354600000, 0x00007fb354600000, 0x00007fb3b2e40000)
  from space 193536K,  71% used [0x00007fb3b2e40000, 0x00007fb3bb4bdd00, 0x00007fb3beb40000)
  to   space 193536K,   0% used [0x00007fb3beb40000, 0x00007fb3beb40000, 0x00007fb3ca840000)
 tenured generation   total 3923624K, used 3923453K [0x00007fb8a9b50000, 0x00007fb9992fa000, 0x00007fc354600000)
   the space 3923624K,  99% used [0x00007fb8a9b50000, 0x00007fb9992cf668, 0x00007fb9992cf800, 0x00007fb9992fa000)
 Metaspace       used 31328K, capacity 31739K, committed 32000K, reserved 32768K
}

