# JRE version: OpenJDK Runtime Environment (13.0.7+5) (build 13.0.7+5-Ubuntu-0ubuntu120.04)
# Java VM: OpenJDK 64-Bit Server VM (13.0.7+5-Ubuntu-0ubuntu120.04, mixed mode, tiered, serial gc, linux-amd64)
Heap:
 def new generation   total 8241024K, used 915647K [0x00007f8158600000, 0x00007f8387410000, 0x00007f86adb50000)
  eden space 7325376K,  12% used [0x00007f8158600000, 0x00007f819042fd60, 0x00007f83177b0000)
  from space 915648K,   0% used [0x00007f83177b0000, 0x00007f83177b0000, 0x00007f834f5e0000)
  to   space 915648K,   0% used [0x00007f834f5e0000, 0x00007f834f5e0000, 0x00007f8387410000)
 tenured generation   total 20145912K, used 20145870K [0x00007f86adb50000, 0x00007f8b7b50e000, 0x00007f9158600000)
   the space 20145912K,  99% used [0x00007f86adb50000, 0x00007f8b7b503938, 0x00007f8b7b503a00, 0x00007f8b7b50e000)
 Metaspace       used 31055K, capacity 31464K, committed 31744K, reserved 32768K
GC Heap History (20 events):
Event: 17.753 GC heap after
{Heap after GC invocations=8 (full 2):
 def new generation   total 1185024K, used 131647K [0x00007f8158600000, 0x00007f81a8bd0000, 0x00007f86adb50000)
  eden space 1053376K,   0% used [0x00007f8158600000, 0x00007f8158600000, 0x00007f8198ab0000)
  from space 131648K,  99% used [0x00007f8198ab0000, 0x00007f81a0b3feb8, 0x00007f81a0b40000)
  to   space 131648K,   0% used [0x00007f81a0b40000, 0x00007f81a0b40000, 0x00007f81a8bd0000)
 tenured generation   total 2849472K, used 2849400K [0x00007f86adb50000, 0x00007f875ba00000, 0x00007f9158600000)
   the space 2849472K,  99% used [0x00007f86adb50000, 0x00007f875b9ee2a8, 0x00007f875b9ee400, 0x00007f875ba00000)
 Metaspace       used 31055K, capacity 31464K, committed 31744K, reserved 32768K
}
Event: 17.753 GC heap before
{Heap before GC invocations=8 (full 2):
 def new generation   total 1185024K, used 131647K [0x00007f8158600000, 0x00007f81a8bd0000, 0x00007f86adb50000)
  eden space 1053376K,   0% used [0x00007f8158600000, 0x00007f8158600000, 0x00007f8198ab0000)
  from space 131648K,  99% used [0x00007f8198ab0000, 0x00007f81a0b3feb8, 0x00007f81a0b40000)
  to   space 131648K,   0% used [0x00007f81a0b40000, 0x00007f81a0b40000, 0x00007f81a8bd0000)
 tenured generation   total 2849472K, used 2849400K [0x00007f86adb50000, 0x00007f875ba00000, 0x00007f9158600000)
   the space 2849472K,  99% used [0x00007f86adb50000, 0x00007f875b9ee2a8, 0x00007f875b9ee400, 0x00007f875ba00000)
 Metaspace       used 31055K, capacity 31464K, committed 31744K, reserved 32768K
}
Event: 18.820 GC heap after
{Heap after GC invocations=8 (full 3):
 def new generation   total 2137088K, used 131647K [0x00007f8158600000, 0x00007f81e94e0000, 0x00007f86adb50000)
  eden space 1899648K,   6% used [0x00007f8158600000, 0x00007f816068feb8, 0x00007f81cc520000)
  from space 237440K,   0% used [0x00007f81cc520000, 0x00007f81cc520000, 0x00007f81dad00000)
  to   space 237440K,   0% used [0x00007f81dad00000, 0x00007f81dad00000, 0x00007f81e94e0000)
 tenured generation   total 4749004K, used 2849400K [0x00007f86adb50000, 0x00007f87cf903000, 0x00007f9158600000)
   the space 4749004K,  59% used [0x00007f86adb50000, 0x00007f875b9ee2a8, 0x00007f875b9ee400, 0x00007f87cf903000)
 Metaspace       used 31055K, capacity 31464K, committed 31744K, reserved 32768K
}
Event: 21.709 GC heap before
{Heap before GC invocations=8 (full 3):
 def new generation   total 2137088K, used 1882063K [0x00007f8158600000, 0x00007f81e94e0000, 0x00007f86adb50000)
  eden space 1899648K,  99% used [0x00007f8158600000, 0x00007f81cb3f3f78, 0x00007f81cc520000)
  from space 237440K,   0% used [0x00007f81cc520000, 0x00007f81cc520000, 0x00007f81dad00000)
  to   space 237440K,   0% used [0x00007f81dad00000, 0x00007f81dad00000, 0x00007f81e94e0000)
 tenured generation   total 4749004K, used 2849400K [0x00007f86adb50000, 0x00007f87cf903000, 0x00007f9158600000)
   the space 4749004K,  59% used [0x00007f86adb50000, 0x00007f875b9ee2a8, 0x00007f875b9ee400, 0x00007f87cf903000)
 Metaspace       used 31055K, capacity 31464K, committed 31744K, reserved 32768K
}
Event: 23.545 GC heap after
{Heap after GC invocations=9 (full 3):
 def new generation   total 2137088K, used 237439K [0x00007f8158600000, 0x00007f81e94e0000, 0x00007f86adb50000)
  eden space 1899648K,   0% used [0x00007f8158600000, 0x00007f8158600000, 0x00007f81cc520000)
  from space 237440K,  99% used [0x00007f81dad00000, 0x00007f81e94dfd90, 0x00007f81e94e0000)
  to   space 237440K,   0% used [0x00007f81cc520000, 0x00007f81cc520000, 0x00007f81dad00000)
 tenured generation   total 4749004K, used 3777315K [0x00007f86adb50000, 0x00007f87cf903000, 0x00007f9158600000)
   the space 4749004K,  79% used [0x00007f86adb50000, 0x00007f8794418e80, 0x00007f8794419000, 0x00007f87cf903000)
 Metaspace       used 31055K, capacity 31464K, committed 31744K, reserved 32768K
}
Event: 24.364 GC heap before
{Heap before GC invocations=9 (full 3):
 def new generation   total 2137088K, used 2137087K [0x00007f8158600000, 0x00007f81e94e0000, 0x00007f86adb50000)
  eden space 1899648K, 100% used [0x00007f8158600000, 0x00007f81cc520000, 0x00007f81cc520000)
  from space 237440K,  99% used [0x00007f81dad00000, 0x00007f81e94dfd90, 0x00007f81e94e0000)
  to   space 237440K,   0% used [0x00007f81cc520000, 0x00007f81cc520000, 0x00007f81dad00000)
 tenured generation   total 4749004K, used 3777315K [0x00007f86adb50000, 0x00007f87cf903000, 0x00007f9158600000)
   the space 4749004K,  79% used [0x00007f86adb50000, 0x00007f8794418e80, 0x00007f8794419000, 0x00007f87cf903000)
 Metaspace       used 31055K, capacity 31464K, committed 31744K, reserved 32768K
}
Event: 27.176 GC heap after
{Heap after GC invocations=10 (full 3):
 def new generation   total 2137088K, used 237439K [0x00007f8158600000, 0x00007f81e94e0000, 0x00007f86adb50000)
  eden space 1899648K,   0% used [0x00007f8158600000, 0x00007f8158600000, 0x00007f81cc520000)
  from space 237440K,  99% used [0x00007f81cc520000, 0x00007f81dacfff80, 0x00007f81dad00000)
  to   space 237440K,   0% used [0x00007f81dad00000, 0x00007f81dad00000, 0x00007f81e94e0000)
 tenured generation   total 5676940K, used 5676919K [0x00007f86adb50000, 0x00007f8808333000, 0x00007f9158600000)
   the space 5676940K,  99% used [0x00007f86adb50000, 0x00007f880832df70, 0x00007f880832e000, 0x00007f8808333000)
 Metaspace       used 31055K, capacity 31464K, committed 31744K, reserved 32768K
}
Event: 27.176 GC heap before
{Heap before GC invocations=10 (full 3):
 def new generation   total 2137088K, used 237439K [0x00007f8158600000, 0x00007f81e94e0000, 0x00007f86adb50000)
  eden space 1899648K,   0% used [0x00007f8158600000, 0x00007f8158600000, 0x00007f81cc520000)
  from space 237440K,  99% used [0x00007f81cc520000, 0x00007f81dacfff80, 0x00007f81dad00000)
  to   space 237440K,   0% used [0x00007f81dad00000, 0x00007f81dad00000, 0x00007f81e94e0000)
 tenured generation   total 5676940K, used 5676919K [0x00007f86adb50000, 0x00007f8808333000, 0x00007f9158600000)
   the space 5676940K,  99% used [0x00007f86adb50000, 0x00007f880832df70, 0x00007f880832e000, 0x00007f8808333000)
 Metaspace       used 31055K, capacity 31464K, committed 31744K, reserved 32768K
}
Event: 33.657 GC heap after
{Heap after GC invocations=10 (full 4):
 def new generation   total 4253760K, used 237439K [0x00007f8158600000, 0x00007f8278d90000, 0x00007f86adb50000)
  eden space 3781184K,   6% used [0x00007f8158600000, 0x00007f8166ddff80, 0x00007f823f290000)
  from space 472576K,   0% used [0x00007f823f290000, 0x00007f823f290000, 0x00007f825c010000)
  to   space 472576K,   0% used [0x00007f825c010000, 0x00007f825c010000, 0x00007f8278d90000)
 tenured generation   total 9452540K, used 5671522K [0x00007f86adb50000, 0x00007f88eea4f000, 0x00007f9158600000)
   the space 9452540K,  59% used [0x00007f86adb50000, 0x00007f8807de8b80, 0x00007f8807de8c00, 0x00007f88eea4f000)
 Metaspace       used 31055K, capacity 31464K, committed 31744K, reserved 32768K
}
Event: 35.767 GC heap before
{Heap before GC invocations=10 (full 4):
 def new generation   total 4253760K, used 3781184K [0x00007f8158600000, 0x00007f8278d90000, 0x00007f86adb50000)
  eden space 3781184K, 100% used [0x00007f8158600000, 0x00007f823f290000, 0x00007f823f290000)
  from space 472576K,   0% used [0x00007f823f290000, 0x00007f823f290000, 0x00007f825c010000)
  to   space 472576K,   0% used [0x00007f825c010000, 0x00007f825c010000, 0x00007f8278d90000)
 tenured generation   total 9452540K, used 5671522K [0x00007f86adb50000, 0x00007f88eea4f000, 0x00007f9158600000)
   the space 9452540K,  59% used [0x00007f86adb50000, 0x00007f8807de8b80, 0x00007f8807de8c00, 0x00007f88eea4f000)
 Metaspace       used 31055K, capacity 31464K, committed 31744K, reserved 32768K
}
Event: 42.168 GC heap after
{Heap after GC invocations=11 (full 4):
 def new generation   total 4253760K, used 472575K [0x00007f8158600000, 0x00007f8278d90000, 0x00007f86adb50000)
  eden space 3781184K,   0% used [0x00007f8158600000, 0x00007f8158600000, 0x00007f823f290000)
  from space 472576K,  99% used [0x00007f825c010000, 0x00007f8278d8fea8, 0x00007f8278d90000)
  to   space 472576K,   0% used [0x00007f823f290000, 0x00007f823f290000, 0x00007f825c010000)
 tenured generation   total 9452540K, used 8980079K [0x00007f86adb50000, 0x00007f88eea4f000, 0x00007f9158600000)
   the space 9452540K,  95% used [0x00007f86adb50000, 0x00007f88d1cebd60, 0x00007f88d1cebe00, 0x00007f88eea4f000)
 Metaspace       used 31055K, capacity 31464K, committed 31744K, reserved 32768K
}
Event: 48.207 GC heap before
{Heap before GC invocations=11 (full 4):
 def new generation   total 4253760K, used 4253759K [0x00007f8158600000, 0x00007f8278d90000, 0x00007f86adb50000)
  eden space 3781184K, 100% used [0x00007f8158600000, 0x00007f823f290000, 0x00007f823f290000)
  from space 472576K,  99% used [0x00007f825c010000, 0x00007f8278d8fea8, 0x00007f8278d90000)
  to   space 472576K,   0% used [0x00007f823f290000, 0x00007f823f290000, 0x00007f825c010000)
 tenured generation   total 9452540K, used 8980079K [0x00007f86adb50000, 0x00007f88eea4f000, 0x00007f9158600000)
   the space 9452540K,  95% used [0x00007f86adb50000, 0x00007f88d1cebd60, 0x00007f88d1cebe00, 0x00007f88eea4f000)
 Metaspace       used 31055K, capacity 31464K, committed 31744K, reserved 32768K
}
Event: 51.482 GC heap after
{Heap after GC invocations=12 (full 4):
 def new generation   total 4253760K, used 472575K [0x00007f8158600000, 0x00007f8278d90000, 0x00007f86adb50000)
  eden space 3781184K,   0% used [0x00007f8158600000, 0x00007f8158600000, 0x00007f823f290000)
  from space 472576K,  99% used [0x00007f823f290000, 0x00007f825c00fe68, 0x00007f825c010000)
  to   space 472576K,   0% used [0x00007f825c010000, 0x00007f825c010000, 0x00007f8278d90000)
 tenured generation   total 10987964K, used 10987918K [0x00007f86adb50000, 0x00007f894c5bf000, 0x00007f9158600000)
   the space 10987964K,  99% used [0x00007f86adb50000, 0x00007f894c5b3ae0, 0x00007f894c5b3c00, 0x00007f894c5bf000)
 Metaspace       used 31055K, capacity 31464K, committed 31744K, reserved 32768K
}
Event: 51.482 GC heap before
{Heap before GC invocations=12 (full 4):
 def new generation   total 4253760K, used 472575K [0x00007f8158600000, 0x00007f8278d90000, 0x00007f86adb50000)
  eden space 3781184K,   0% used [0x00007f8158600000, 0x00007f8158600000, 0x00007f823f290000)
  from space 472576K,  99% used [0x00007f823f290000, 0x00007f825c00fe68, 0x00007f825c010000)
  to   space 472576K,   0% used [0x00007f825c010000, 0x00007f825c010000, 0x00007f8278d90000)
 tenured generation   total 10987964K, used 10987918K [0x00007f86adb50000, 0x00007f894c5bf000, 0x00007f9158600000)
   the space 10987964K,  99% used [0x00007f86adb50000, 0x00007f894c5b3ae0, 0x00007f894c5b3c00, 0x00007f894c5bf000)
 Metaspace       used 31055K, capacity 31464K, committed 31744K, reserved 32768K
}
Event: 56.846 GC heap after
{Heap after GC invocations=12 (full 5):
 def new generation   total 8241024K, used 472531K [0x00007f8158600000, 0x00007f8387410000, 0x00007f86adb50000)
  eden space 7325376K,   6% used [0x00007f8158600000, 0x00007f8175374d50, 0x00007f83177b0000)
  from space 915648K,   0% used [0x00007f83177b0000, 0x00007f83177b0000, 0x00007f834f5e0000)
  to   space 915648K,   0% used [0x00007f834f5e0000, 0x00007f834f5e0000, 0x00007f8387410000)
 tenured generation   total 18313272K, used 10987962K [0x00007f86adb50000, 0x00007f8b0b75e000, 0x00007f9158600000)
   the space 18313272K,  59% used [0x00007f86adb50000, 0x00007f894c5bebf8, 0x00007f894c5bec00, 0x00007f8b0b75e000)
 Metaspace       used 31055K, capacity 31464K, committed 31744K, reserved 32768K
}
Event: 65.009 GC heap before
{Heap before GC invocations=12 (full 5):
 def new generation   total 8241024K, used 7325376K [0x00007f8158600000, 0x00007f8387410000, 0x00007f86adb50000)
  eden space 7325376K, 100% used [0x00007f8158600000, 0x00007f83177b0000, 0x00007f83177b0000)
  from space 915648K,   0% used [0x00007f83177b0000, 0x00007f83177b0000, 0x00007f834f5e0000)
  to   space 915648K,   0% used [0x00007f834f5e0000, 0x00007f834f5e0000, 0x00007f8387410000)
 tenured generation   total 18313272K, used 10987962K [0x00007f86adb50000, 0x00007f8b0b75e000, 0x00007f9158600000)
   the space 18313272K,  59% used [0x00007f86adb50000, 0x00007f894c5bebf8, 0x00007f894c5bec00, 0x00007f8b0b75e000)
 Metaspace       used 31055K, capacity 31464K, committed 31744K, reserved 32768K
}
Event: 75.199 GC heap after
{Heap after GC invocations=13 (full 5):
 def new generation   total 8241024K, used 915647K [0x00007f8158600000, 0x00007f8387410000, 0x00007f86adb50000)
  eden space 7325376K,   0% used [0x00007f8158600000, 0x00007f8158600000, 0x00007f83177b0000)
  from space 915648K,  99% used [0x00007f834f5e0000, 0x00007f838740fd10, 0x00007f8387410000)
  to   space 915648K,   0% used [0x00007f83177b0000, 0x00007f83177b0000, 0x00007f834f5e0000)
 tenured generation   total 18313272K, used 15642942K [0x00007f86adb50000, 0x00007f8b0b75e000, 0x00007f9158600000)
   the space 18313272K,  85% used [0x00007f86adb50000, 0x00007f8a6879fa50, 0x00007f8a6879fc00, 0x00007f8b0b75e000)
 Metaspace       used 31055K, capacity 31464K, committed 31744K, reserved 32768K
}
Event: 85.327 GC heap before
{Heap before GC invocations=13 (full 5):
 def new generation   total 8241024K, used 8241023K [0x00007f8158600000, 0x00007f8387410000, 0x00007f86adb50000)
  eden space 7325376K, 100% used [0x00007f8158600000, 0x00007f83177b0000, 0x00007f83177b0000)
  from space 915648K,  99% used [0x00007f834f5e0000, 0x00007f838740fd10, 0x00007f8387410000)
  to   space 915648K,   0% used [0x00007f83177b0000, 0x00007f83177b0000, 0x00007f834f5e0000)
 tenured generation   total 18313272K, used 15642942K [0x00007f86adb50000, 0x00007f8b0b75e000, 0x00007f9158600000)
   the space 18313272K,  85% used [0x00007f86adb50000, 0x00007f8a6879fa50, 0x00007f8a6879fc00, 0x00007f8b0b75e000)
 Metaspace       used 31055K, capacity 31464K, committed 31744K, reserved 32768K
}
Event: 94.122 GC heap after
{Heap after GC invocations=14 (full 5):
 def new generation   total 8241024K, used 915647K [0x00007f8158600000, 0x00007f8387410000, 0x00007f86adb50000)
  eden space 7325376K,   0% used [0x00007f8158600000, 0x00007f8158600000, 0x00007f83177b0000)
  from space 915648K,  99% used [0x00007f83177b0000, 0x00007f834f5dfd60, 0x00007f834f5e0000)
  to   space 915648K,   0% used [0x00007f834f5e0000, 0x00007f834f5e0000, 0x00007f8387410000)
 tenured generation   total 20145912K, used 20145870K [0x00007f86adb50000, 0x00007f8b7b50e000, 0x00007f9158600000)
   the space 20145912K,  99% used [0x00007f86adb50000, 0x00007f8b7b503938, 0x00007f8b7b503a00, 0x00007f8b7b50e000)
 Metaspace       used 31055K, capacity 31464K, committed 31744K, reserved 32768K
}
Event: 94.122 GC heap before
{Heap before GC invocations=14 (full 5):
 def new generation   total 8241024K, used 915647K [0x00007f8158600000, 0x00007f8387410000, 0x00007f86adb50000)
  eden space 7325376K,   0% used [0x00007f8158600000, 0x00007f8158600000, 0x00007f83177b0000)
  from space 915648K,  99% used [0x00007f83177b0000, 0x00007f834f5dfd60, 0x00007f834f5e0000)
  to   space 915648K,   0% used [0x00007f834f5e0000, 0x00007f834f5e0000, 0x00007f8387410000)
 tenured generation   total 20145912K, used 20145870K [0x00007f86adb50000, 0x00007f8b7b50e000, 0x00007f9158600000)
   the space 20145912K,  99% used [0x00007f86adb50000, 0x00007f8b7b503938, 0x00007f8b7b503a00, 0x00007f8b7b50e000)
 Metaspace       used 31055K, capacity 31464K, committed 31744K, reserved 32768K
}

