# JRE version: OpenJDK Runtime Environment (13.0.7+5) (build 13.0.7+5-Ubuntu-0ubuntu120.04)
# Java VM: OpenJDK 64-Bit Server VM (13.0.7+5-Ubuntu-0ubuntu120.04, mixed mode, tiered, serial gc, linux-amd64)
Heap:
 def new generation   total 2669120K, used 169554K [0x00007f42f0600000, 0x00007f43a5620000, 0x00007f4d9b0a0000)
  eden space 2372608K,   7% used [0x00007f42f0600000, 0x00007f42fab94ba0, 0x00007f4381300000)
  from space 296512K,   0% used [0x00007f4393490000, 0x00007f4393490000, 0x00007f43a5620000)
  to   space 296512K,   0% used [0x00007f4381300000, 0x00007f4381300000, 0x00007f4393490000)
 tenured generation   total 5963952K, used 5958122K [0x00007f4d9b0a0000, 0x00007f4f070cc000, 0x00007f62f0600000)
   the space 5963952K,  99% used [0x00007f4d9b0a0000, 0x00007f4f06b1aa90, 0x00007f4f06b1ac00, 0x00007f4f070cc000)
 Metaspace       used 24233K, capacity 24634K, committed 24832K, reserved 26624K
GC Heap History (20 events):
Event: 1515.685 GC heap after
{Heap after GC invocations=1408 (full 6):
 def new generation   total 2669120K, used 145953K [0x00007f42f0600000, 0x00007f43a5620000, 0x00007f4d9b0a0000)
  eden space 2372608K,   0% used [0x00007f42f0600000, 0x00007f42f0600000, 0x00007f4381300000)
  from space 296512K,  49% used [0x00007f4381300000, 0x00007f438a188480, 0x00007f4393490000)
  to   space 296512K,   0% used [0x00007f4393490000, 0x00007f4393490000, 0x00007f43a5620000)
 tenured generation   total 5931176K, used 5804911K [0x00007f4d9b0a0000, 0x00007f4f050ca000, 0x00007f62f0600000)
   the space 5931176K,  97% used [0x00007f4d9b0a0000, 0x00007f4efd57bf20, 0x00007f4efd57c000, 0x00007f4f050ca000)
 Metaspace       used 24232K, capacity 24634K, committed 24832K, reserved 26624K
}
Event: 1518.249 GC heap before
{Heap before GC invocations=1408 (full 6):
 def new generation   total 2669120K, used 2518561K [0x00007f42f0600000, 0x00007f43a5620000, 0x00007f4d9b0a0000)
  eden space 2372608K, 100% used [0x00007f42f0600000, 0x00007f4381300000, 0x00007f4381300000)
  from space 296512K,  49% used [0x00007f4381300000, 0x00007f438a188480, 0x00007f4393490000)
  to   space 296512K,   0% used [0x00007f4393490000, 0x00007f4393490000, 0x00007f43a5620000)
 tenured generation   total 5931176K, used 5804911K [0x00007f4d9b0a0000, 0x00007f4f050ca000, 0x00007f62f0600000)
   the space 5931176K,  97% used [0x00007f4d9b0a0000, 0x00007f4efd57bf20, 0x00007f4efd57c000, 0x00007f4f050ca000)
 Metaspace       used 24232K, capacity 24634K, committed 24832K, reserved 26624K
}
Event: 1518.340 GC heap after
{Heap after GC invocations=1409 (full 6):
 def new generation   total 2669120K, used 156724K [0x00007f42f0600000, 0x00007f43a5620000, 0x00007f4d9b0a0000)
  eden space 2372608K,   0% used [0x00007f42f0600000, 0x00007f42f0600000, 0x00007f4381300000)
  from space 296512K,  52% used [0x00007f4393490000, 0x00007f439cd9d200, 0x00007f43a5620000)
  to   space 296512K,   0% used [0x00007f4381300000, 0x00007f4381300000, 0x00007f4393490000)
 tenured generation   total 5931176K, used 5804911K [0x00007f4d9b0a0000, 0x00007f4f050ca000, 0x00007f62f0600000)
   the space 5931176K,  97% used [0x00007f4d9b0a0000, 0x00007f4efd57bf20, 0x00007f4efd57c000, 0x00007f4f050ca000)
 Metaspace       used 24232K, capacity 24634K, committed 24832K, reserved 26624K
}
Event: 1521.098 GC heap before
{Heap before GC invocations=1409 (full 6):
 def new generation   total 2669120K, used 2529332K [0x00007f42f0600000, 0x00007f43a5620000, 0x00007f4d9b0a0000)
  eden space 2372608K, 100% used [0x00007f42f0600000, 0x00007f4381300000, 0x00007f4381300000)
  from space 296512K,  52% used [0x00007f4393490000, 0x00007f439cd9d200, 0x00007f43a5620000)
  to   space 296512K,   0% used [0x00007f4381300000, 0x00007f4381300000, 0x00007f4393490000)
 tenured generation   total 5931176K, used 5804911K [0x00007f4d9b0a0000, 0x00007f4f050ca000, 0x00007f62f0600000)
   the space 5931176K,  97% used [0x00007f4d9b0a0000, 0x00007f4efd57bf20, 0x00007f4efd57c000, 0x00007f4f050ca000)
 Metaspace       used 24232K, capacity 24634K, committed 24832K, reserved 26624K
}
Event: 1521.246 GC heap after
{Heap after GC invocations=1410 (full 6):
 def new generation   total 2669120K, used 153110K [0x00007f42f0600000, 0x00007f43a5620000, 0x00007f4d9b0a0000)
  eden space 2372608K,   0% used [0x00007f42f0600000, 0x00007f42f0600000, 0x00007f4381300000)
  from space 296512K,  51% used [0x00007f4381300000, 0x00007f438a885928, 0x00007f4393490000)
  to   space 296512K,   0% used [0x00007f4393490000, 0x00007f4393490000, 0x00007f43a5620000)
 tenured generation   total 5931176K, used 5821870K [0x00007f4d9b0a0000, 0x00007f4f050ca000, 0x00007f62f0600000)
   the space 5931176K,  98% used [0x00007f4d9b0a0000, 0x00007f4efe60b978, 0x00007f4efe60ba00, 0x00007f4f050ca000)
 Metaspace       used 24232K, capacity 24634K, committed 24832K, reserved 26624K
}
Event: 1523.902 GC heap before
{Heap before GC invocations=1410 (full 6):
 def new generation   total 2669120K, used 2524121K [0x00007f42f0600000, 0x00007f43a5620000, 0x00007f4d9b0a0000)
  eden space 2372608K,  99% used [0x00007f42f0600000, 0x00007f4381170eb0, 0x00007f4381300000)
  from space 296512K,  51% used [0x00007f4381300000, 0x00007f438a885928, 0x00007f4393490000)
  to   space 296512K,   0% used [0x00007f4393490000, 0x00007f4393490000, 0x00007f43a5620000)
 tenured generation   total 5931176K, used 5821870K [0x00007f4d9b0a0000, 0x00007f4f050ca000, 0x00007f62f0600000)
   the space 5931176K,  98% used [0x00007f4d9b0a0000, 0x00007f4efe60b978, 0x00007f4efe60ba00, 0x00007f4f050ca000)
 Metaspace       used 24233K, capacity 24634K, committed 24832K, reserved 26624K
}
Event: 1524.053 GC heap after
{Heap after GC invocations=1411 (full 6):
 def new generation   total 2669120K, used 166480K [0x00007f42f0600000, 0x00007f43a5620000, 0x00007f4d9b0a0000)
  eden space 2372608K,   0% used [0x00007f42f0600000, 0x00007f42f0600000, 0x00007f4381300000)
  from space 296512K,  56% used [0x00007f4393490000, 0x00007f439d724358, 0x00007f43a5620000)
  to   space 296512K,   0% used [0x00007f4381300000, 0x00007f4381300000, 0x00007f4393490000)
 tenured generation   total 5931176K, used 5838828K [0x00007f4d9b0a0000, 0x00007f4f050ca000, 0x00007f62f0600000)
   the space 5931176K,  98% used [0x00007f4d9b0a0000, 0x00007f4eff69b3d0, 0x00007f4eff69b400, 0x00007f4f050ca000)
 Metaspace       used 24233K, capacity 24634K, committed 24832K, reserved 26624K
}
Event: 1526.545 GC heap before
{Heap before GC invocations=1411 (full 6):
 def new generation   total 2669120K, used 2532686K [0x00007f42f0600000, 0x00007f43a5620000, 0x00007f4d9b0a0000)
  eden space 2372608K,  99% used [0x00007f42f0600000, 0x00007f4380cbf598, 0x00007f4381300000)
  from space 296512K,  56% used [0x00007f4393490000, 0x00007f439d724358, 0x00007f43a5620000)
  to   space 296512K,   0% used [0x00007f4381300000, 0x00007f4381300000, 0x00007f4393490000)
 tenured generation   total 5931176K, used 5838828K [0x00007f4d9b0a0000, 0x00007f4f050ca000, 0x00007f62f0600000)
   the space 5931176K,  98% used [0x00007f4d9b0a0000, 0x00007f4eff69b3d0, 0x00007f4eff69b400, 0x00007f4f050ca000)
 Metaspace       used 24233K, capacity 24634K, committed 24832K, reserved 26624K
}
Event: 1526.689 GC heap after
{Heap after GC invocations=1412 (full 6):
 def new generation   total 2669120K, used 126417K [0x00007f42f0600000, 0x00007f43a5620000, 0x00007f4d9b0a0000)
  eden space 2372608K,   0% used [0x00007f42f0600000, 0x00007f42f0600000, 0x00007f4381300000)
  from space 296512K,  42% used [0x00007f4381300000, 0x00007f4388e747e8, 0x00007f4393490000)
  to   space 296512K,   0% used [0x00007f4393490000, 0x00007f4393490000, 0x00007f43a5620000)
 tenured generation   total 5931176K, used 5872746K [0x00007f4d9b0a0000, 0x00007f4f050ca000, 0x00007f62f0600000)
   the space 5931176K,  99% used [0x00007f4d9b0a0000, 0x00007f4f017ba880, 0x00007f4f017baa00, 0x00007f4f050ca000)
 Metaspace       used 24233K, capacity 24634K, committed 24832K, reserved 26624K
}
Event: 1529.217 GC heap before
{Heap before GC invocations=1412 (full 6):
 def new generation   total 2669120K, used 2499025K [0x00007f42f0600000, 0x00007f43a5620000, 0x00007f4d9b0a0000)
  eden space 2372608K, 100% used [0x00007f42f0600000, 0x00007f4381300000, 0x00007f4381300000)
  from space 296512K,  42% used [0x00007f4381300000, 0x00007f4388e747e8, 0x00007f4393490000)
  to   space 296512K,   0% used [0x00007f4393490000, 0x00007f4393490000, 0x00007f43a5620000)
 tenured generation   total 5931176K, used 5872746K [0x00007f4d9b0a0000, 0x00007f4f050ca000, 0x00007f62f0600000)
   the space 5931176K,  99% used [0x00007f4d9b0a0000, 0x00007f4f017ba880, 0x00007f4f017baa00, 0x00007f4f050ca000)
 Metaspace       used 24233K, capacity 24634K, committed 24832K, reserved 26624K
}
Event: 1529.308 GC heap after
{Heap after GC invocations=1413 (full 6):
 def new generation   total 2669120K, used 135662K [0x00007f42f0600000, 0x00007f43a5620000, 0x00007f4d9b0a0000)
  eden space 2372608K,   0% used [0x00007f42f0600000, 0x00007f42f0600000, 0x00007f4381300000)
  from space 296512K,  45% used [0x00007f4393490000, 0x00007f439b90ba10, 0x00007f43a5620000)
  to   space 296512K,   0% used [0x00007f4381300000, 0x00007f4381300000, 0x00007f4393490000)
 tenured generation   total 5931176K, used 5872746K [0x00007f4d9b0a0000, 0x00007f4f050ca000, 0x00007f62f0600000)
   the space 5931176K,  99% used [0x00007f4d9b0a0000, 0x00007f4f017ba880, 0x00007f4f017baa00, 0x00007f4f050ca000)
 Metaspace       used 24233K, capacity 24634K, committed 24832K, reserved 26624K
}
Event: 1532.090 GC heap before
{Heap before GC invocations=1413 (full 6):
 def new generation   total 2669120K, used 2506093K [0x00007f42f0600000, 0x00007f43a5620000, 0x00007f4d9b0a0000)
  eden space 2372608K,  99% used [0x00007f42f0600000, 0x00007f43810dfd40, 0x00007f4381300000)
  from space 296512K,  45% used [0x00007f4393490000, 0x00007f439b90ba10, 0x00007f43a5620000)
  to   space 296512K,   0% used [0x00007f4381300000, 0x00007f4381300000, 0x00007f4393490000)
 tenured generation   total 5931176K, used 5872746K [0x00007f4d9b0a0000, 0x00007f4f050ca000, 0x00007f62f0600000)
   the space 5931176K,  99% used [0x00007f4d9b0a0000, 0x00007f4f017ba880, 0x00007f4f017baa00, 0x00007f4f050ca000)
 Metaspace       used 24233K, capacity 24634K, committed 24832K, reserved 26624K
}
Event: 1532.201 GC heap after
{Heap after GC invocations=1414 (full 6):
 def new generation   total 2669120K, used 169044K [0x00007f42f0600000, 0x00007f43a5620000, 0x00007f4d9b0a0000)
  eden space 2372608K,   0% used [0x00007f42f0600000, 0x00007f42f0600000, 0x00007f4381300000)
  from space 296512K,  57% used [0x00007f4381300000, 0x00007f438b815398, 0x00007f4393490000)
  to   space 296512K,   0% used [0x00007f4393490000, 0x00007f4393490000, 0x00007f43a5620000)
 tenured generation   total 5931176K, used 5872746K [0x00007f4d9b0a0000, 0x00007f4f050ca000, 0x00007f62f0600000)
   the space 5931176K,  99% used [0x00007f4d9b0a0000, 0x00007f4f017ba880, 0x00007f4f017baa00, 0x00007f4f050ca000)
 Metaspace       used 24233K, capacity 24634K, committed 24832K, reserved 26624K
}
Event: 1534.457 GC heap before
{Heap before GC invocations=1414 (full 6):
 def new generation   total 2669120K, used 2528627K [0x00007f42f0600000, 0x00007f43a5620000, 0x00007f4d9b0a0000)
  eden space 2372608K,  99% used [0x00007f42f0600000, 0x00007f4380647a58, 0x00007f4381300000)
  from space 296512K,  57% used [0x00007f4381300000, 0x00007f438b815398, 0x00007f4393490000)
  to   space 296512K,   0% used [0x00007f4393490000, 0x00007f4393490000, 0x00007f43a5620000)
 tenured generation   total 5931176K, used 5872746K [0x00007f4d9b0a0000, 0x00007f4f050ca000, 0x00007f62f0600000)
   the space 5931176K,  99% used [0x00007f4d9b0a0000, 0x00007f4f017ba880, 0x00007f4f017baa00, 0x00007f4f050ca000)
 Metaspace       used 24233K, capacity 24634K, committed 24832K, reserved 26624K
}
Event: 1534.602 GC heap after
{Heap after GC invocations=1415 (full 6):
 def new generation   total 2669120K, used 153137K [0x00007f42f0600000, 0x00007f43a5620000, 0x00007f4d9b0a0000)
  eden space 2372608K,   0% used [0x00007f42f0600000, 0x00007f42f0600000, 0x00007f4381300000)
  from space 296512K,  51% used [0x00007f4393490000, 0x00007f439ca1c798, 0x00007f43a5620000)
  to   space 296512K,   0% used [0x00007f4381300000, 0x00007f4381300000, 0x00007f4393490000)
 tenured generation   total 5931176K, used 5906663K [0x00007f4d9b0a0000, 0x00007f4f050ca000, 0x00007f62f0600000)
   the space 5931176K,  99% used [0x00007f4d9b0a0000, 0x00007f4f038d9d30, 0x00007f4f038d9e00, 0x00007f4f050ca000)
 Metaspace       used 24233K, capacity 24634K, committed 24832K, reserved 26624K
}
Event: 1536.780 GC heap before
{Heap before GC invocations=1415 (full 6):
 def new generation   total 2669120K, used 2524624K [0x00007f42f0600000, 0x00007f43a5620000, 0x00007f4d9b0a0000)
  eden space 2372608K,  99% used [0x00007f42f0600000, 0x00007f43811e7ab0, 0x00007f4381300000)
  from space 296512K,  51% used [0x00007f4393490000, 0x00007f439ca1c798, 0x00007f43a5620000)
  to   space 296512K,   0% used [0x00007f4381300000, 0x00007f4381300000, 0x00007f4393490000)
 tenured generation   total 5931176K, used 5906663K [0x00007f4d9b0a0000, 0x00007f4f050ca000, 0x00007f62f0600000)
   the space 5931176K,  99% used [0x00007f4d9b0a0000, 0x00007f4f038d9d30, 0x00007f4f038d9e00, 0x00007f4f050ca000)
 Metaspace       used 24233K, capacity 24634K, committed 24832K, reserved 26624K
}
Event: 1536.921 GC heap after
{Heap after GC invocations=1416 (full 6):
 def new generation   total 2669120K, used 170101K [0x00007f42f0600000, 0x00007f43a5620000, 0x00007f4d9b0a0000)
  eden space 2372608K,   0% used [0x00007f42f0600000, 0x00007f42f0600000, 0x00007f4381300000)
  from space 296512K,  57% used [0x00007f4381300000, 0x00007f438b91d720, 0x00007f4393490000)
  to   space 296512K,   0% used [0x00007f4393490000, 0x00007f4393490000, 0x00007f43a5620000)
 tenured generation   total 5931176K, used 5923621K [0x00007f4d9b0a0000, 0x00007f4f050ca000, 0x00007f62f0600000)
   the space 5931176K,  99% used [0x00007f4d9b0a0000, 0x00007f4f04969788, 0x00007f4f04969800, 0x00007f4f050ca000)
 Metaspace       used 24233K, capacity 24634K, committed 24832K, reserved 26624K
}
Event: 1539.179 GC heap before
{Heap before GC invocations=1416 (full 6):
 def new generation   total 2669120K, used 2542709K [0x00007f42f0600000, 0x00007f43a5620000, 0x00007f4d9b0a0000)
  eden space 2372608K, 100% used [0x00007f42f0600000, 0x00007f4381300000, 0x00007f4381300000)
  from space 296512K,  57% used [0x00007f4381300000, 0x00007f438b91d720, 0x00007f4393490000)
  to   space 296512K,   0% used [0x00007f4393490000, 0x00007f4393490000, 0x00007f43a5620000)
 tenured generation   total 5931176K, used 5923621K [0x00007f4d9b0a0000, 0x00007f4f050ca000, 0x00007f62f0600000)
   the space 5931176K,  99% used [0x00007f4d9b0a0000, 0x00007f4f04969788, 0x00007f4f04969800, 0x00007f4f050ca000)
 Metaspace       used 24233K, capacity 24634K, committed 24832K, reserved 26624K
}
Event: 1539.333 GC heap after
{Heap after GC invocations=1417 (full 6):
 def new generation   total 2669120K, used 170138K [0x00007f42f0600000, 0x00007f43a5620000, 0x00007f4d9b0a0000)
  eden space 2372608K,   0% used [0x00007f42f0600000, 0x00007f42f0600000, 0x00007f4381300000)
  from space 296512K,  57% used [0x00007f4393490000, 0x00007f439dab69f8, 0x00007f43a5620000)
  to   space 296512K,   0% used [0x00007f4381300000, 0x00007f4381300000, 0x00007f4393490000)
 tenured generation   total 5963952K, used 5957539K [0x00007f4d9b0a0000, 0x00007f4f070cc000, 0x00007f62f0600000)
   the space 5963952K,  99% used [0x00007f4d9b0a0000, 0x00007f4f06a88c38, 0x00007f4f06a88e00, 0x00007f4f070cc000)
 Metaspace       used 24233K, capacity 24634K, committed 24832K, reserved 26624K
}
Event: 1539.333 GC heap before
{Heap before GC invocations=1417 (full 6):
 def new generation   total 2669120K, used 170138K [0x00007f42f0600000, 0x00007f43a5620000, 0x00007f4d9b0a0000)
  eden space 2372608K,   0% used [0x00007f42f0600000, 0x00007f42f0600000, 0x00007f4381300000)
  from space 296512K,  57% used [0x00007f4393490000, 0x00007f439dab69f8, 0x00007f43a5620000)
  to   space 296512K,   0% used [0x00007f4381300000, 0x00007f4381300000, 0x00007f4393490000)
 tenured generation   total 5963952K, used 5957539K [0x00007f4d9b0a0000, 0x00007f4f070cc000, 0x00007f62f0600000)
   the space 5963952K,  99% used [0x00007f4d9b0a0000, 0x00007f4f06a88c38, 0x00007f4f06a88e00, 0x00007f4f070cc000)
 Metaspace       used 24233K, capacity 24634K, committed 24832K, reserved 26624K
}

