# JRE version: OpenJDK Runtime Environment (13.0.7+5) (build 13.0.7+5-Ubuntu-0ubuntu120.04)
# Java VM: OpenJDK 64-Bit Server VM (13.0.7+5-Ubuntu-0ubuntu120.04, mixed mode, tiered, serial gc, linux-amd64)
Heap:
 def new generation   total 2661312K, used 137708K [0x00007ef288600000, 0x00007ef33cdb0000, 0x00007efd330a0000)
  eden space 2365632K,   5% used [0x00007ef288600000, 0x00007ef290c7b3f8, 0x00007ef318c30000)
  from space 295680K,   0% used [0x00007ef318c30000, 0x00007ef318c30000, 0x00007ef32acf0000)
  to   space 295680K,   0% used [0x00007ef32acf0000, 0x00007ef32acf0000, 0x00007ef33cdb0000)
 tenured generation   total 5930280K, used 5929874K [0x00007efd330a0000, 0x00007efe9cfea000, 0x00007f1288600000)
   the space 5930280K,  99% used [0x00007efd330a0000, 0x00007efe9cf84af8, 0x00007efe9cf84c00, 0x00007efe9cfea000)
 Metaspace       used 24271K, capacity 24648K, committed 24832K, reserved 26624K
GC Heap History (20 events):
Event: 602.207 GC heap after
{Heap after GC invocations=1200 (full 6):
 def new generation   total 2661312K, used 118706K [0x00007ef288600000, 0x00007ef33cdb0000, 0x00007efd330a0000)
  eden space 2365632K,   0% used [0x00007ef288600000, 0x00007ef288600000, 0x00007ef318c30000)
  from space 295680K,  40% used [0x00007ef32acf0000, 0x00007ef3320dcbb0, 0x00007ef33cdb0000)
  to   space 295680K,   0% used [0x00007ef318c30000, 0x00007ef318c30000, 0x00007ef32acf0000)
 tenured generation   total 5913892K, used 5870748K [0x00007efd330a0000, 0x00007efe9bfe9000, 0x00007f1288600000)
   the space 5913892K,  99% used [0x00007efd330a0000, 0x00007efe995c70b0, 0x00007efe995c7200, 0x00007efe9bfe9000)
 Metaspace       used 24271K, capacity 24648K, committed 24832K, reserved 26624K
}
Event: 603.133 GC heap before
{Heap before GC invocations=1200 (full 6):
 def new generation   total 2661312K, used 2484338K [0x00007ef288600000, 0x00007ef33cdb0000, 0x00007efd330a0000)
  eden space 2365632K, 100% used [0x00007ef288600000, 0x00007ef318c30000, 0x00007ef318c30000)
  from space 295680K,  40% used [0x00007ef32acf0000, 0x00007ef3320dcbb0, 0x00007ef33cdb0000)
  to   space 295680K,   0% used [0x00007ef318c30000, 0x00007ef318c30000, 0x00007ef32acf0000)
 tenured generation   total 5913892K, used 5870748K [0x00007efd330a0000, 0x00007efe9bfe9000, 0x00007f1288600000)
   the space 5913892K,  99% used [0x00007efd330a0000, 0x00007efe995c70b0, 0x00007efe995c7200, 0x00007efe9bfe9000)
 Metaspace       used 24271K, capacity 24648K, committed 24832K, reserved 26624K
}
Event: 603.157 GC heap after
{Heap after GC invocations=1201 (full 6):
 def new generation   total 2661312K, used 127440K [0x00007ef288600000, 0x00007ef33cdb0000, 0x00007efd330a0000)
  eden space 2365632K,   0% used [0x00007ef288600000, 0x00007ef288600000, 0x00007ef318c30000)
  from space 295680K,  43% used [0x00007ef318c30000, 0x00007ef3208a40d0, 0x00007ef32acf0000)
  to   space 295680K,   0% used [0x00007ef32acf0000, 0x00007ef32acf0000, 0x00007ef33cdb0000)
 tenured generation   total 5913892K, used 5870748K [0x00007efd330a0000, 0x00007efe9bfe9000, 0x00007f1288600000)
   the space 5913892K,  99% used [0x00007efd330a0000, 0x00007efe995c70b0, 0x00007efe995c7200, 0x00007efe9bfe9000)
 Metaspace       used 24271K, capacity 24648K, committed 24832K, reserved 26624K
}
Event: 604.150 GC heap before
{Heap before GC invocations=1201 (full 6):
 def new generation   total 2661312K, used 2493072K [0x00007ef288600000, 0x00007ef33cdb0000, 0x00007efd330a0000)
  eden space 2365632K, 100% used [0x00007ef288600000, 0x00007ef318c30000, 0x00007ef318c30000)
  from space 295680K,  43% used [0x00007ef318c30000, 0x00007ef3208a40d0, 0x00007ef32acf0000)
  to   space 295680K,   0% used [0x00007ef32acf0000, 0x00007ef32acf0000, 0x00007ef33cdb0000)
 tenured generation   total 5913892K, used 5870748K [0x00007efd330a0000, 0x00007efe9bfe9000, 0x00007f1288600000)
   the space 5913892K,  99% used [0x00007efd330a0000, 0x00007efe995c70b0, 0x00007efe995c7200, 0x00007efe9bfe9000)
 Metaspace       used 24271K, capacity 24648K, committed 24832K, reserved 26624K
}
Event: 604.184 GC heap after
{Heap after GC invocations=1202 (full 6):
 def new generation   total 2661312K, used 136165K [0x00007ef288600000, 0x00007ef33cdb0000, 0x00007efd330a0000)
  eden space 2365632K,   0% used [0x00007ef288600000, 0x00007ef288600000, 0x00007ef318c30000)
  from space 295680K,  46% used [0x00007ef32acf0000, 0x00007ef3331e94d8, 0x00007ef33cdb0000)
  to   space 295680K,   0% used [0x00007ef318c30000, 0x00007ef318c30000, 0x00007ef32acf0000)
 tenured generation   total 5913892K, used 5870748K [0x00007efd330a0000, 0x00007efe9bfe9000, 0x00007f1288600000)
   the space 5913892K,  99% used [0x00007efd330a0000, 0x00007efe995c70b0, 0x00007efe995c7200, 0x00007efe9bfe9000)
 Metaspace       used 24271K, capacity 24648K, committed 24832K, reserved 26624K
}
Event: 605.094 GC heap before
{Heap before GC invocations=1202 (full 6):
 def new generation   total 2661312K, used 2501797K [0x00007ef288600000, 0x00007ef33cdb0000, 0x00007efd330a0000)
  eden space 2365632K, 100% used [0x00007ef288600000, 0x00007ef318c30000, 0x00007ef318c30000)
  from space 295680K,  46% used [0x00007ef32acf0000, 0x00007ef3331e94d8, 0x00007ef33cdb0000)
  to   space 295680K,   0% used [0x00007ef318c30000, 0x00007ef318c30000, 0x00007ef32acf0000)
 tenured generation   total 5913892K, used 5870748K [0x00007efd330a0000, 0x00007efe9bfe9000, 0x00007f1288600000)
   the space 5913892K,  99% used [0x00007efd330a0000, 0x00007efe995c70b0, 0x00007efe995c7200, 0x00007efe9bfe9000)
 Metaspace       used 24271K, capacity 24648K, committed 24832K, reserved 26624K
}
Event: 605.126 GC heap after
{Heap after GC invocations=1203 (full 6):
 def new generation   total 2661312K, used 127974K [0x00007ef288600000, 0x00007ef33cdb0000, 0x00007efd330a0000)
  eden space 2365632K,   0% used [0x00007ef288600000, 0x00007ef288600000, 0x00007ef318c30000)
  from space 295680K,  43% used [0x00007ef318c30000, 0x00007ef320929b60, 0x00007ef32acf0000)
  to   space 295680K,   0% used [0x00007ef32acf0000, 0x00007ef32acf0000, 0x00007ef33cdb0000)
 tenured generation   total 5913892K, used 5887707K [0x00007efd330a0000, 0x00007efe9bfe9000, 0x00007f1288600000)
   the space 5913892K,  99% used [0x00007efd330a0000, 0x00007efe9a656f58, 0x00007efe9a657000, 0x00007efe9bfe9000)
 Metaspace       used 24271K, capacity 24648K, committed 24832K, reserved 26624K
}
Event: 606.135 GC heap before
{Heap before GC invocations=1203 (full 6):
 def new generation   total 2661312K, used 2493606K [0x00007ef288600000, 0x00007ef33cdb0000, 0x00007efd330a0000)
  eden space 2365632K, 100% used [0x00007ef288600000, 0x00007ef318c30000, 0x00007ef318c30000)
  from space 295680K,  43% used [0x00007ef318c30000, 0x00007ef320929b60, 0x00007ef32acf0000)
  to   space 295680K,   0% used [0x00007ef32acf0000, 0x00007ef32acf0000, 0x00007ef33cdb0000)
 tenured generation   total 5913892K, used 5887707K [0x00007efd330a0000, 0x00007efe9bfe9000, 0x00007f1288600000)
   the space 5913892K,  99% used [0x00007efd330a0000, 0x00007efe9a656f58, 0x00007efe9a657000, 0x00007efe9bfe9000)
 Metaspace       used 24271K, capacity 24648K, committed 24832K, reserved 26624K
}
Event: 606.161 GC heap after
{Heap after GC invocations=1204 (full 6):
 def new generation   total 2661312K, used 135656K [0x00007ef288600000, 0x00007ef33cdb0000, 0x00007efd330a0000)
  eden space 2365632K,   0% used [0x00007ef288600000, 0x00007ef288600000, 0x00007ef318c30000)
  from space 295680K,  45% used [0x00007ef32acf0000, 0x00007ef33316a280, 0x00007ef33cdb0000)
  to   space 295680K,   0% used [0x00007ef318c30000, 0x00007ef318c30000, 0x00007ef32acf0000)
 tenured generation   total 5913892K, used 5887707K [0x00007efd330a0000, 0x00007efe9bfe9000, 0x00007f1288600000)
   the space 5913892K,  99% used [0x00007efd330a0000, 0x00007efe9a656f58, 0x00007efe9a657000, 0x00007efe9bfe9000)
 Metaspace       used 24271K, capacity 24648K, committed 24832K, reserved 26624K
}
Event: 607.016 GC heap before
{Heap before GC invocations=1204 (full 6):
 def new generation   total 2661312K, used 2501288K [0x00007ef288600000, 0x00007ef33cdb0000, 0x00007efd330a0000)
  eden space 2365632K, 100% used [0x00007ef288600000, 0x00007ef318c30000, 0x00007ef318c30000)
  from space 295680K,  45% used [0x00007ef32acf0000, 0x00007ef33316a280, 0x00007ef33cdb0000)
  to   space 295680K,   0% used [0x00007ef318c30000, 0x00007ef318c30000, 0x00007ef32acf0000)
 tenured generation   total 5913892K, used 5887707K [0x00007efd330a0000, 0x00007efe9bfe9000, 0x00007f1288600000)
   the space 5913892K,  99% used [0x00007efd330a0000, 0x00007efe9a656f58, 0x00007efe9a657000, 0x00007efe9bfe9000)
 Metaspace       used 24271K, capacity 24648K, committed 24832K, reserved 26624K
}
Event: 607.066 GC heap after
{Heap after GC invocations=1205 (full 6):
 def new generation   total 2661312K, used 161877K [0x00007ef288600000, 0x00007ef33cdb0000, 0x00007efd330a0000)
  eden space 2365632K,   0% used [0x00007ef288600000, 0x00007ef288600000, 0x00007ef318c30000)
  from space 295680K,  54% used [0x00007ef318c30000, 0x00007ef322a45480, 0x00007ef32acf0000)
  to   space 295680K,   0% used [0x00007ef32acf0000, 0x00007ef32acf0000, 0x00007ef33cdb0000)
 tenured generation   total 5913892K, used 5887707K [0x00007efd330a0000, 0x00007efe9bfe9000, 0x00007f1288600000)
   the space 5913892K,  99% used [0x00007efd330a0000, 0x00007efe9a656f58, 0x00007efe9a657000, 0x00007efe9bfe9000)
 Metaspace       used 24271K, capacity 24648K, committed 24832K, reserved 26624K
}
Event: 608.110 GC heap before
{Heap before GC invocations=1205 (full 6):
 def new generation   total 2661312K, used 2527509K [0x00007ef288600000, 0x00007ef33cdb0000, 0x00007efd330a0000)
  eden space 2365632K, 100% used [0x00007ef288600000, 0x00007ef318c30000, 0x00007ef318c30000)
  from space 295680K,  54% used [0x00007ef318c30000, 0x00007ef322a45480, 0x00007ef32acf0000)
  to   space 295680K,   0% used [0x00007ef32acf0000, 0x00007ef32acf0000, 0x00007ef33cdb0000)
 tenured generation   total 5913892K, used 5887707K [0x00007efd330a0000, 0x00007efe9bfe9000, 0x00007f1288600000)
   the space 5913892K,  99% used [0x00007efd330a0000, 0x00007efe9a656f58, 0x00007efe9a657000, 0x00007efe9bfe9000)
 Metaspace       used 24271K, capacity 24648K, committed 24832K, reserved 26624K
}
Event: 608.147 GC heap after
{Heap after GC invocations=1206 (full 6):
 def new generation   total 2661312K, used 135665K [0x00007ef288600000, 0x00007ef33cdb0000, 0x00007efd330a0000)
  eden space 2365632K,   0% used [0x00007ef288600000, 0x00007ef288600000, 0x00007ef318c30000)
  from space 295680K,  45% used [0x00007ef32acf0000, 0x00007ef33316c760, 0x00007ef33cdb0000)
  to   space 295680K,   0% used [0x00007ef318c30000, 0x00007ef318c30000, 0x00007ef32acf0000)
 tenured generation   total 5913892K, used 5904667K [0x00007efd330a0000, 0x00007efe9bfe9000, 0x00007f1288600000)
   the space 5913892K,  99% used [0x00007efd330a0000, 0x00007efe9b6e6d10, 0x00007efe9b6e6e00, 0x00007efe9bfe9000)
 Metaspace       used 24271K, capacity 24648K, committed 24832K, reserved 26624K
}
Event: 608.994 GC heap before
{Heap before GC invocations=1206 (full 6):
 def new generation   total 2661312K, used 2501297K [0x00007ef288600000, 0x00007ef33cdb0000, 0x00007efd330a0000)
  eden space 2365632K, 100% used [0x00007ef288600000, 0x00007ef318c30000, 0x00007ef318c30000)
  from space 295680K,  45% used [0x00007ef32acf0000, 0x00007ef33316c760, 0x00007ef33cdb0000)
  to   space 295680K,   0% used [0x00007ef318c30000, 0x00007ef318c30000, 0x00007ef32acf0000)
 tenured generation   total 5913892K, used 5904667K [0x00007efd330a0000, 0x00007efe9bfe9000, 0x00007f1288600000)
   the space 5913892K,  99% used [0x00007efd330a0000, 0x00007efe9b6e6d10, 0x00007efe9b6e6e00, 0x00007efe9bfe9000)
 Metaspace       used 24271K, capacity 24648K, committed 24832K, reserved 26624K
}
Event: 609.022 GC heap after
{Heap after GC invocations=1207 (full 6):
 def new generation   total 2661312K, used 145961K [0x00007ef288600000, 0x00007ef33cdb0000, 0x00007efd330a0000)
  eden space 2365632K,   0% used [0x00007ef288600000, 0x00007ef288600000, 0x00007ef318c30000)
  from space 295680K,  49% used [0x00007ef318c30000, 0x00007ef321aba700, 0x00007ef32acf0000)
  to   space 295680K,   0% used [0x00007ef32acf0000, 0x00007ef32acf0000, 0x00007ef33cdb0000)
 tenured generation   total 5913892K, used 5904667K [0x00007efd330a0000, 0x00007efe9bfe9000, 0x00007f1288600000)
   the space 5913892K,  99% used [0x00007efd330a0000, 0x00007efe9b6e6d10, 0x00007efe9b6e6e00, 0x00007efe9bfe9000)
 Metaspace       used 24271K, capacity 24648K, committed 24832K, reserved 26624K
}
Event: 610.067 GC heap before
{Heap before GC invocations=1207 (full 6):
 def new generation   total 2661312K, used 2511593K [0x00007ef288600000, 0x00007ef33cdb0000, 0x00007efd330a0000)
  eden space 2365632K, 100% used [0x00007ef288600000, 0x00007ef318c30000, 0x00007ef318c30000)
  from space 295680K,  49% used [0x00007ef318c30000, 0x00007ef321aba700, 0x00007ef32acf0000)
  to   space 295680K,   0% used [0x00007ef32acf0000, 0x00007ef32acf0000, 0x00007ef33cdb0000)
 tenured generation   total 5913892K, used 5904667K [0x00007efd330a0000, 0x00007efe9bfe9000, 0x00007f1288600000)
   the space 5913892K,  99% used [0x00007efd330a0000, 0x00007efe9b6e6d10, 0x00007efe9b6e6e00, 0x00007efe9bfe9000)
 Metaspace       used 24271K, capacity 24648K, committed 24832K, reserved 26624K
}
Event: 610.099 GC heap after
{Heap after GC invocations=1208 (full 6):
 def new generation   total 2661312K, used 152626K [0x00007ef288600000, 0x00007ef33cdb0000, 0x00007efd330a0000)
  eden space 2365632K,   0% used [0x00007ef288600000, 0x00007ef288600000, 0x00007ef318c30000)
  from space 295680K,  51% used [0x00007ef32acf0000, 0x00007ef3341fcb50, 0x00007ef33cdb0000)
  to   space 295680K,   0% used [0x00007ef318c30000, 0x00007ef318c30000, 0x00007ef32acf0000)
 tenured generation   total 5913892K, used 5904667K [0x00007efd330a0000, 0x00007efe9bfe9000, 0x00007f1288600000)
   the space 5913892K,  99% used [0x00007efd330a0000, 0x00007efe9b6e6d10, 0x00007efe9b6e6e00, 0x00007efe9bfe9000)
 Metaspace       used 24271K, capacity 24648K, committed 24832K, reserved 26624K
}
Event: 610.961 GC heap before
{Heap before GC invocations=1208 (full 6):
 def new generation   total 2661312K, used 2518258K [0x00007ef288600000, 0x00007ef33cdb0000, 0x00007efd330a0000)
  eden space 2365632K, 100% used [0x00007ef288600000, 0x00007ef318c30000, 0x00007ef318c30000)
  from space 295680K,  51% used [0x00007ef32acf0000, 0x00007ef3341fcb50, 0x00007ef33cdb0000)
  to   space 295680K,   0% used [0x00007ef318c30000, 0x00007ef318c30000, 0x00007ef32acf0000)
 tenured generation   total 5913892K, used 5904667K [0x00007efd330a0000, 0x00007efe9bfe9000, 0x00007f1288600000)
   the space 5913892K,  99% used [0x00007efd330a0000, 0x00007efe9b6e6d10, 0x00007efe9b6e6e00, 0x00007efe9bfe9000)
 Metaspace       used 24271K, capacity 24648K, committed 24832K, reserved 26624K
}
Event: 611.009 GC heap after
{Heap after GC invocations=1209 (full 6):
 def new generation   total 2661312K, used 145957K [0x00007ef288600000, 0x00007ef33cdb0000, 0x00007efd330a0000)
  eden space 2365632K,   0% used [0x00007ef288600000, 0x00007ef288600000, 0x00007ef318c30000)
  from space 295680K,  49% used [0x00007ef318c30000, 0x00007ef321ab9428, 0x00007ef32acf0000)
  to   space 295680K,   0% used [0x00007ef32acf0000, 0x00007ef32acf0000, 0x00007ef33cdb0000)
 tenured generation   total 5930280K, used 5921626K [0x00007efd330a0000, 0x00007efe9cfea000, 0x00007f1288600000)
   the space 5930280K,  99% used [0x00007efd330a0000, 0x00007efe9c776ac8, 0x00007efe9c776c00, 0x00007efe9cfea000)
 Metaspace       used 24271K, capacity 24648K, committed 24832K, reserved 26624K
}
Event: 611.009 GC heap before
{Heap before GC invocations=1209 (full 6):
 def new generation   total 2661312K, used 145957K [0x00007ef288600000, 0x00007ef33cdb0000, 0x00007efd330a0000)
  eden space 2365632K,   0% used [0x00007ef288600000, 0x00007ef288600000, 0x00007ef318c30000)
  from space 295680K,  49% used [0x00007ef318c30000, 0x00007ef321ab9428, 0x00007ef32acf0000)
  to   space 295680K,   0% used [0x00007ef32acf0000, 0x00007ef32acf0000, 0x00007ef33cdb0000)
 tenured generation   total 5930280K, used 5921626K [0x00007efd330a0000, 0x00007efe9cfea000, 0x00007f1288600000)
   the space 5930280K,  99% used [0x00007efd330a0000, 0x00007efe9c776ac8, 0x00007efe9c776c00, 0x00007efe9cfea000)
 Metaspace       used 24271K, capacity 24648K, committed 24832K, reserved 26624K
}

