# JRE version: OpenJDK Runtime Environment (13.0.7+5) (build 13.0.7+5-Ubuntu-0ubuntu120.04)
# Java VM: OpenJDK 64-Bit Server VM (13.0.7+5-Ubuntu-0ubuntu120.04, mixed mode, tiered, serial gc, linux-amd64)
Heap:
 def new generation   total 1748352K, used 31521K [0x00007f6798600000, 0x00007f680ef10000, 0x00007f6cedb50000)
  eden space 1554112K,   2% used [0x00007f6798600000, 0x00007f679a4c8618, 0x00007f67f73b0000)
  from space 194240K,   0% used [0x00007f67f73b0000, 0x00007f67f73b0000, 0x00007f6803160000)
  to   space 194240K,   0% used [0x00007f6803160000, 0x00007f6803160000, 0x00007f680ef10000)
 tenured generation   total 3888176K, used 3888158K [0x00007f6cedb50000, 0x00007f6ddb05c000, 0x00007f7798600000)
   the space 3888176K,  99% used [0x00007f6cedb50000, 0x00007f6ddb057830, 0x00007f6ddb057a00, 0x00007f6ddb05c000)
 Metaspace       used 24262K, capacity 24719K, committed 24832K, reserved 26624K
GC Heap History (20 events):
Event: 1249.592 GC heap after
{Heap after GC invocations=2437 (full 3):
 def new generation   total 1748352K, used 43572K [0x00007f6798600000, 0x00007f680ef10000, 0x00007f6cedb50000)
  eden space 1554112K,   0% used [0x00007f6798600000, 0x00007f6798600000, 0x00007f67f73b0000)
  from space 194240K,  22% used [0x00007f6803160000, 0x00007f6805bed3e0, 0x00007f680ef10000)
  to   space 194240K,   0% used [0x00007f67f73b0000, 0x00007f67f73b0000, 0x00007f6803160000)
 tenured generation   total 3885104K, used 3861631K [0x00007f6cedb50000, 0x00007f6ddad5c000, 0x00007f7798600000)
   the space 3885104K,  99% used [0x00007f6cedb50000, 0x00007f6dd966fe50, 0x00007f6dd9670000, 0x00007f6ddad5c000)
 Metaspace       used 24262K, capacity 24719K, committed 24832K, reserved 26624K
}
Event: 1250.464 GC heap before
{Heap before GC invocations=2437 (full 3):
 def new generation   total 1748352K, used 1597684K [0x00007f6798600000, 0x00007f680ef10000, 0x00007f6cedb50000)
  eden space 1554112K, 100% used [0x00007f6798600000, 0x00007f67f73b0000, 0x00007f67f73b0000)
  from space 194240K,  22% used [0x00007f6803160000, 0x00007f6805bed3e0, 0x00007f680ef10000)
  to   space 194240K,   0% used [0x00007f67f73b0000, 0x00007f67f73b0000, 0x00007f6803160000)
 tenured generation   total 3885104K, used 3861631K [0x00007f6cedb50000, 0x00007f6ddad5c000, 0x00007f7798600000)
   the space 3885104K,  99% used [0x00007f6cedb50000, 0x00007f6dd966fe50, 0x00007f6dd9670000, 0x00007f6ddad5c000)
 Metaspace       used 24262K, capacity 24719K, committed 24832K, reserved 26624K
}
Event: 1250.512 GC heap after
{Heap after GC invocations=2438 (full 3):
 def new generation   total 1748352K, used 43537K [0x00007f6798600000, 0x00007f680ef10000, 0x00007f6cedb50000)
  eden space 1554112K,   0% used [0x00007f6798600000, 0x00007f6798600000, 0x00007f67f73b0000)
  from space 194240K,  22% used [0x00007f67f73b0000, 0x00007f67f9e347a8, 0x00007f6803160000)
  to   space 194240K,   0% used [0x00007f6803160000, 0x00007f6803160000, 0x00007f680ef10000)
 tenured generation   total 3885104K, used 3864598K [0x00007f6cedb50000, 0x00007f6ddad5c000, 0x00007f7798600000)
   the space 3885104K,  99% used [0x00007f6cedb50000, 0x00007f6dd9955ae8, 0x00007f6dd9955c00, 0x00007f6ddad5c000)
 Metaspace       used 24262K, capacity 24719K, committed 24832K, reserved 26624K
}
Event: 1251.383 GC heap before
{Heap before GC invocations=2438 (full 3):
 def new generation   total 1748352K, used 1597649K [0x00007f6798600000, 0x00007f680ef10000, 0x00007f6cedb50000)
  eden space 1554112K, 100% used [0x00007f6798600000, 0x00007f67f73b0000, 0x00007f67f73b0000)
  from space 194240K,  22% used [0x00007f67f73b0000, 0x00007f67f9e347a8, 0x00007f6803160000)
  to   space 194240K,   0% used [0x00007f6803160000, 0x00007f6803160000, 0x00007f680ef10000)
 tenured generation   total 3885104K, used 3864598K [0x00007f6cedb50000, 0x00007f6ddad5c000, 0x00007f7798600000)
   the space 3885104K,  99% used [0x00007f6cedb50000, 0x00007f6dd9955ae8, 0x00007f6dd9955c00, 0x00007f6ddad5c000)
 Metaspace       used 24262K, capacity 24719K, committed 24832K, reserved 26624K
}
Event: 1251.429 GC heap after
{Heap after GC invocations=2439 (full 3):
 def new generation   total 1748352K, used 43487K [0x00007f6798600000, 0x00007f680ef10000, 0x00007f6cedb50000)
  eden space 1554112K,   0% used [0x00007f6798600000, 0x00007f6798600000, 0x00007f67f73b0000)
  from space 194240K,  22% used [0x00007f6803160000, 0x00007f6805bd7ed0, 0x00007f680ef10000)
  to   space 194240K,   0% used [0x00007f67f73b0000, 0x00007f67f73b0000, 0x00007f6803160000)
 tenured generation   total 3885104K, used 3867615K [0x00007f6cedb50000, 0x00007f6ddad5c000, 0x00007f7798600000)
   the space 3885104K,  99% used [0x00007f6cedb50000, 0x00007f6dd9c47da8, 0x00007f6dd9c47e00, 0x00007f6ddad5c000)
 Metaspace       used 24262K, capacity 24719K, committed 24832K, reserved 26624K
}
Event: 1252.342 GC heap before
{Heap before GC invocations=2439 (full 3):
 def new generation   total 1748352K, used 1597599K [0x00007f6798600000, 0x00007f680ef10000, 0x00007f6cedb50000)
  eden space 1554112K, 100% used [0x00007f6798600000, 0x00007f67f73b0000, 0x00007f67f73b0000)
  from space 194240K,  22% used [0x00007f6803160000, 0x00007f6805bd7ed0, 0x00007f680ef10000)
  to   space 194240K,   0% used [0x00007f67f73b0000, 0x00007f67f73b0000, 0x00007f6803160000)
 tenured generation   total 3885104K, used 3867615K [0x00007f6cedb50000, 0x00007f6ddad5c000, 0x00007f7798600000)
   the space 3885104K,  99% used [0x00007f6cedb50000, 0x00007f6dd9c47da8, 0x00007f6dd9c47e00, 0x00007f6ddad5c000)
 Metaspace       used 24262K, capacity 24719K, committed 24832K, reserved 26624K
}
Event: 1252.395 GC heap after
{Heap after GC invocations=2440 (full 3):
 def new generation   total 1748352K, used 43557K [0x00007f6798600000, 0x00007f680ef10000, 0x00007f6cedb50000)
  eden space 1554112K,   0% used [0x00007f6798600000, 0x00007f6798600000, 0x00007f67f73b0000)
  from space 194240K,  22% used [0x00007f67f73b0000, 0x00007f67f9e39558, 0x00007f6803160000)
  to   space 194240K,   0% used [0x00007f6803160000, 0x00007f6803160000, 0x00007f680ef10000)
 tenured generation   total 3885104K, used 3870582K [0x00007f6cedb50000, 0x00007f6ddad5c000, 0x00007f7798600000)
   the space 3885104K,  99% used [0x00007f6cedb50000, 0x00007f6dd9f2dbf0, 0x00007f6dd9f2dc00, 0x00007f6ddad5c000)
 Metaspace       used 24262K, capacity 24719K, committed 24832K, reserved 26624K
}
Event: 1253.263 GC heap before
{Heap before GC invocations=2440 (full 3):
 def new generation   total 1748352K, used 1597669K [0x00007f6798600000, 0x00007f680ef10000, 0x00007f6cedb50000)
  eden space 1554112K, 100% used [0x00007f6798600000, 0x00007f67f73b0000, 0x00007f67f73b0000)
  from space 194240K,  22% used [0x00007f67f73b0000, 0x00007f67f9e39558, 0x00007f6803160000)
  to   space 194240K,   0% used [0x00007f6803160000, 0x00007f6803160000, 0x00007f680ef10000)
 tenured generation   total 3885104K, used 3870582K [0x00007f6cedb50000, 0x00007f6ddad5c000, 0x00007f7798600000)
   the space 3885104K,  99% used [0x00007f6cedb50000, 0x00007f6dd9f2dbf0, 0x00007f6dd9f2dc00, 0x00007f6ddad5c000)
 Metaspace       used 24262K, capacity 24719K, committed 24832K, reserved 26624K
}
Event: 1253.307 GC heap after
{Heap after GC invocations=2441 (full 3):
 def new generation   total 1748352K, used 43581K [0x00007f6798600000, 0x00007f680ef10000, 0x00007f6cedb50000)
  eden space 1554112K,   0% used [0x00007f6798600000, 0x00007f6798600000, 0x00007f67f73b0000)
  from space 194240K,  22% used [0x00007f6803160000, 0x00007f6805bef408, 0x00007f680ef10000)
  to   space 194240K,   0% used [0x00007f67f73b0000, 0x00007f67f73b0000, 0x00007f6803160000)
 tenured generation   total 3885104K, used 3873504K [0x00007f6cedb50000, 0x00007f6ddad5c000, 0x00007f7798600000)
   the space 3885104K,  99% used [0x00007f6cedb50000, 0x00007f6dda208250, 0x00007f6dda208400, 0x00007f6ddad5c000)
 Metaspace       used 24262K, capacity 24719K, committed 24832K, reserved 26624K
}
Event: 1254.191 GC heap before
{Heap before GC invocations=2441 (full 3):
 def new generation   total 1748352K, used 1597693K [0x00007f6798600000, 0x00007f680ef10000, 0x00007f6cedb50000)
  eden space 1554112K, 100% used [0x00007f6798600000, 0x00007f67f73b0000, 0x00007f67f73b0000)
  from space 194240K,  22% used [0x00007f6803160000, 0x00007f6805bef408, 0x00007f680ef10000)
  to   space 194240K,   0% used [0x00007f67f73b0000, 0x00007f67f73b0000, 0x00007f6803160000)
 tenured generation   total 3885104K, used 3873504K [0x00007f6cedb50000, 0x00007f6ddad5c000, 0x00007f7798600000)
   the space 3885104K,  99% used [0x00007f6cedb50000, 0x00007f6dda208250, 0x00007f6dda208400, 0x00007f6ddad5c000)
 Metaspace       used 24262K, capacity 24719K, committed 24832K, reserved 26624K
}
Event: 1254.231 GC heap after
{Heap after GC invocations=2442 (full 3):
 def new generation   total 1748352K, used 43765K [0x00007f6798600000, 0x00007f680ef10000, 0x00007f6cedb50000)
  eden space 1554112K,   0% used [0x00007f6798600000, 0x00007f6798600000, 0x00007f67f73b0000)
  from space 194240K,  22% used [0x00007f67f73b0000, 0x00007f67f9e6d5e8, 0x00007f6803160000)
  to   space 194240K,   0% used [0x00007f6803160000, 0x00007f6803160000, 0x00007f680ef10000)
 tenured generation   total 3885104K, used 3876110K [0x00007f6cedb50000, 0x00007f6ddad5c000, 0x00007f7798600000)
   the space 3885104K,  99% used [0x00007f6cedb50000, 0x00007f6dda493b98, 0x00007f6dda493c00, 0x00007f6ddad5c000)
 Metaspace       used 24262K, capacity 24719K, committed 24832K, reserved 26624K
}
Event: 1255.129 GC heap before
{Heap before GC invocations=2442 (full 3):
 def new generation   total 1748352K, used 1597877K [0x00007f6798600000, 0x00007f680ef10000, 0x00007f6cedb50000)
  eden space 1554112K, 100% used [0x00007f6798600000, 0x00007f67f73b0000, 0x00007f67f73b0000)
  from space 194240K,  22% used [0x00007f67f73b0000, 0x00007f67f9e6d5e8, 0x00007f6803160000)
  to   space 194240K,   0% used [0x00007f6803160000, 0x00007f6803160000, 0x00007f680ef10000)
 tenured generation   total 3885104K, used 3876110K [0x00007f6cedb50000, 0x00007f6ddad5c000, 0x00007f7798600000)
   the space 3885104K,  99% used [0x00007f6cedb50000, 0x00007f6dda493b98, 0x00007f6dda493c00, 0x00007f6ddad5c000)
 Metaspace       used 24262K, capacity 24719K, committed 24832K, reserved 26624K
}
Event: 1255.188 GC heap after
{Heap after GC invocations=2443 (full 3):
 def new generation   total 1748352K, used 43173K [0x00007f6798600000, 0x00007f680ef10000, 0x00007f6cedb50000)
  eden space 1554112K,   0% used [0x00007f6798600000, 0x00007f6798600000, 0x00007f67f73b0000)
  from space 194240K,  22% used [0x00007f6803160000, 0x00007f6805b895e8, 0x00007f680ef10000)
  to   space 194240K,   0% used [0x00007f67f73b0000, 0x00007f67f73b0000, 0x00007f6803160000)
 tenured generation   total 3885104K, used 3879123K [0x00007f6cedb50000, 0x00007f6ddad5c000, 0x00007f7798600000)
   the space 3885104K,  99% used [0x00007f6cedb50000, 0x00007f6dda784d18, 0x00007f6dda784e00, 0x00007f6ddad5c000)
 Metaspace       used 24262K, capacity 24719K, committed 24832K, reserved 26624K
}
Event: 1256.063 GC heap before
{Heap before GC invocations=2443 (full 3):
 def new generation   total 1748352K, used 1597285K [0x00007f6798600000, 0x00007f680ef10000, 0x00007f6cedb50000)
  eden space 1554112K, 100% used [0x00007f6798600000, 0x00007f67f73b0000, 0x00007f67f73b0000)
  from space 194240K,  22% used [0x00007f6803160000, 0x00007f6805b895e8, 0x00007f680ef10000)
  to   space 194240K,   0% used [0x00007f67f73b0000, 0x00007f67f73b0000, 0x00007f6803160000)
 tenured generation   total 3885104K, used 3879123K [0x00007f6cedb50000, 0x00007f6ddad5c000, 0x00007f7798600000)
   the space 3885104K,  99% used [0x00007f6cedb50000, 0x00007f6dda784d18, 0x00007f6dda784e00, 0x00007f6ddad5c000)
 Metaspace       used 24262K, capacity 24719K, committed 24832K, reserved 26624K
}
Event: 1256.101 GC heap after
{Heap after GC invocations=2444 (full 3):
 def new generation   total 1748352K, used 43238K [0x00007f6798600000, 0x00007f680ef10000, 0x00007f6cedb50000)
  eden space 1554112K,   0% used [0x00007f6798600000, 0x00007f6798600000, 0x00007f67f73b0000)
  from space 194240K,  22% used [0x00007f67f73b0000, 0x00007f67f9de9ae8, 0x00007f6803160000)
  to   space 194240K,   0% used [0x00007f6803160000, 0x00007f6803160000, 0x00007f680ef10000)
 tenured generation   total 3885104K, used 3882090K [0x00007f6cedb50000, 0x00007f6ddad5c000, 0x00007f7798600000)
   the space 3885104K,  99% used [0x00007f6cedb50000, 0x00007f6ddaa6a9b0, 0x00007f6ddaa6aa00, 0x00007f6ddad5c000)
 Metaspace       used 24262K, capacity 24719K, committed 24832K, reserved 26624K
}
Event: 1256.958 GC heap before
{Heap before GC invocations=2444 (full 3):
 def new generation   total 1748352K, used 1597350K [0x00007f6798600000, 0x00007f680ef10000, 0x00007f6cedb50000)
  eden space 1554112K, 100% used [0x00007f6798600000, 0x00007f67f73b0000, 0x00007f67f73b0000)
  from space 194240K,  22% used [0x00007f67f73b0000, 0x00007f67f9de9ae8, 0x00007f6803160000)
  to   space 194240K,   0% used [0x00007f6803160000, 0x00007f6803160000, 0x00007f680ef10000)
 tenured generation   total 3885104K, used 3882090K [0x00007f6cedb50000, 0x00007f6ddad5c000, 0x00007f7798600000)
   the space 3885104K,  99% used [0x00007f6cedb50000, 0x00007f6ddaa6a9b0, 0x00007f6ddaa6aa00, 0x00007f6ddad5c000)
 Metaspace       used 24262K, capacity 24719K, committed 24832K, reserved 26624K
}
Event: 1257.000 GC heap after
{Heap after GC invocations=2445 (full 3):
 def new generation   total 1748352K, used 43221K [0x00007f6798600000, 0x00007f680ef10000, 0x00007f6cedb50000)
  eden space 1554112K,   0% used [0x00007f6798600000, 0x00007f6798600000, 0x00007f67f73b0000)
  from space 194240K,  22% used [0x00007f6803160000, 0x00007f6805b955a8, 0x00007f680ef10000)
  to   space 194240K,   0% used [0x00007f67f73b0000, 0x00007f67f73b0000, 0x00007f6803160000)
 tenured generation   total 3885104K, used 3885057K [0x00007f6cedb50000, 0x00007f6ddad5c000, 0x00007f7798600000)
   the space 3885104K,  99% used [0x00007f6cedb50000, 0x00007f6ddad507f8, 0x00007f6ddad50800, 0x00007f6ddad5c000)
 Metaspace       used 24262K, capacity 24719K, committed 24832K, reserved 26624K
}
Event: 1257.868 GC heap before
{Heap before GC invocations=2445 (full 3):
 def new generation   total 1748352K, used 1597333K [0x00007f6798600000, 0x00007f680ef10000, 0x00007f6cedb50000)
  eden space 1554112K, 100% used [0x00007f6798600000, 0x00007f67f73b0000, 0x00007f67f73b0000)
  from space 194240K,  22% used [0x00007f6803160000, 0x00007f6805b955a8, 0x00007f680ef10000)
  to   space 194240K,   0% used [0x00007f67f73b0000, 0x00007f67f73b0000, 0x00007f6803160000)
 tenured generation   total 3885104K, used 3885057K [0x00007f6cedb50000, 0x00007f6ddad5c000, 0x00007f7798600000)
   the space 3885104K,  99% used [0x00007f6cedb50000, 0x00007f6ddad507f8, 0x00007f6ddad50800, 0x00007f6ddad5c000)
 Metaspace       used 24262K, capacity 24719K, committed 24832K, reserved 26624K
}
Event: 1257.906 GC heap after
{Heap after GC invocations=2446 (full 3):
 def new generation   total 1748352K, used 43219K [0x00007f6798600000, 0x00007f680ef10000, 0x00007f6cedb50000)
  eden space 1554112K,   0% used [0x00007f6798600000, 0x00007f6798600000, 0x00007f67f73b0000)
  from space 194240K,  22% used [0x00007f67f73b0000, 0x00007f67f9de4d48, 0x00007f6803160000)
  to   space 194240K,   0% used [0x00007f6803160000, 0x00007f6803160000, 0x00007f680ef10000)
 tenured generation   total 3888176K, used 3888070K [0x00007f6cedb50000, 0x00007f6ddb05c000, 0x00007f7798600000)
   the space 3888176K,  99% used [0x00007f6cedb50000, 0x00007f6ddb041978, 0x00007f6ddb041a00, 0x00007f6ddb05c000)
 Metaspace       used 24262K, capacity 24719K, committed 24832K, reserved 26624K
}
Event: 1257.906 GC heap before
{Heap before GC invocations=2446 (full 3):
 def new generation   total 1748352K, used 43219K [0x00007f6798600000, 0x00007f680ef10000, 0x00007f6cedb50000)
  eden space 1554112K,   0% used [0x00007f6798600000, 0x00007f6798600000, 0x00007f67f73b0000)
  from space 194240K,  22% used [0x00007f67f73b0000, 0x00007f67f9de4d48, 0x00007f6803160000)
  to   space 194240K,   0% used [0x00007f6803160000, 0x00007f6803160000, 0x00007f680ef10000)
 tenured generation   total 3888176K, used 3888070K [0x00007f6cedb50000, 0x00007f6ddb05c000, 0x00007f7798600000)
   the space 3888176K,  99% used [0x00007f6cedb50000, 0x00007f6ddb041978, 0x00007f6ddb041a00, 0x00007f6ddb05c000)
 Metaspace       used 24262K, capacity 24719K, committed 24832K, reserved 26624K
}

