# JRE version: OpenJDK Runtime Environment (13.0.7+5) (build 13.0.7+5-Ubuntu-0ubuntu120.04)
# Java VM: OpenJDK 64-Bit Server VM (13.0.7+5-Ubuntu-0ubuntu120.04, mixed mode, tiered, serial gc, linux-amd64)
Heap:
 def new generation   total 1049088K, used 18670K [0x00007f2398600000, 0x00007f23df850000, 0x00007f28edb50000)
  eden space 932544K,   2% used [0x00007f2398600000, 0x00007f239983b958, 0x00007f23d14b0000)
  from space 116544K,   0% used [0x00007f23d14b0000, 0x00007f23d14b0000, 0x00007f23d8680000)
  to   space 116544K,   0% used [0x00007f23d8680000, 0x00007f23d8680000, 0x00007f23df850000)
 tenured generation   total 2332160K, used 2332159K [0x00007f28edb50000, 0x00007f297c0d0000, 0x00007f3398600000)
   the space 2332160K,  99% used [0x00007f28edb50000, 0x00007f297c0cfff0, 0x00007f297c0d0000, 0x00007f297c0d0000)
 Metaspace       used 24339K, capacity 24757K, committed 24832K, reserved 26624K
GC Heap History (20 events):
Event: 1707.595 GC heap after
{Heap after GC invocations=2482 (full 2):
 def new generation   total 1049088K, used 18933K [0x00007f2398600000, 0x00007f23df850000, 0x00007f28edb50000)
  eden space 932544K,   0% used [0x00007f2398600000, 0x00007f2398600000, 0x00007f23d14b0000)
  from space 116544K,  16% used [0x00007f23d8680000, 0x00007f23d98fd738, 0x00007f23df850000)
  to   space 116544K,   0% used [0x00007f23d14b0000, 0x00007f23d14b0000, 0x00007f23d8680000)
 tenured generation   total 2331200K, used 2319618K [0x00007f28edb50000, 0x00007f297bfe0000, 0x00007f3398600000)
   the space 2331200K,  99% used [0x00007f28edb50000, 0x00007f297b490b28, 0x00007f297b490c00, 0x00007f297bfe0000)
 Metaspace       used 24339K, capacity 24757K, committed 24832K, reserved 26624K
}
Event: 1708.490 GC heap before
{Heap before GC invocations=2482 (full 2):
 def new generation   total 1049088K, used 951477K [0x00007f2398600000, 0x00007f23df850000, 0x00007f28edb50000)
  eden space 932544K, 100% used [0x00007f2398600000, 0x00007f23d14b0000, 0x00007f23d14b0000)
  from space 116544K,  16% used [0x00007f23d8680000, 0x00007f23d98fd738, 0x00007f23df850000)
  to   space 116544K,   0% used [0x00007f23d14b0000, 0x00007f23d14b0000, 0x00007f23d8680000)
 tenured generation   total 2331200K, used 2319618K [0x00007f28edb50000, 0x00007f297bfe0000, 0x00007f3398600000)
   the space 2331200K,  99% used [0x00007f28edb50000, 0x00007f297b490b28, 0x00007f297b490c00, 0x00007f297bfe0000)
 Metaspace       used 24339K, capacity 24757K, committed 24832K, reserved 26624K
}
Event: 1708.549 GC heap after
{Heap after GC invocations=2483 (full 2):
 def new generation   total 1049088K, used 19232K [0x00007f2398600000, 0x00007f23df850000, 0x00007f28edb50000)
  eden space 932544K,   0% used [0x00007f2398600000, 0x00007f2398600000, 0x00007f23d14b0000)
  from space 116544K,  16% used [0x00007f23d14b0000, 0x00007f23d27781c0, 0x00007f23d8680000)
  to   space 116544K,   0% used [0x00007f23d8680000, 0x00007f23d8680000, 0x00007f23df850000)
 tenured generation   total 2331200K, used 2320962K [0x00007f28edb50000, 0x00007f297bfe0000, 0x00007f3398600000)
   the space 2331200K,  99% used [0x00007f28edb50000, 0x00007f297b5e0888, 0x00007f297b5e0a00, 0x00007f297bfe0000)
 Metaspace       used 24339K, capacity 24757K, committed 24832K, reserved 26624K
}
Event: 1709.420 GC heap before
{Heap before GC invocations=2483 (full 2):
 def new generation   total 1049088K, used 951776K [0x00007f2398600000, 0x00007f23df850000, 0x00007f28edb50000)
  eden space 932544K, 100% used [0x00007f2398600000, 0x00007f23d14b0000, 0x00007f23d14b0000)
  from space 116544K,  16% used [0x00007f23d14b0000, 0x00007f23d27781c0, 0x00007f23d8680000)
  to   space 116544K,   0% used [0x00007f23d8680000, 0x00007f23d8680000, 0x00007f23df850000)
 tenured generation   total 2331200K, used 2320962K [0x00007f28edb50000, 0x00007f297bfe0000, 0x00007f3398600000)
   the space 2331200K,  99% used [0x00007f28edb50000, 0x00007f297b5e0888, 0x00007f297b5e0a00, 0x00007f297bfe0000)
 Metaspace       used 24339K, capacity 24757K, committed 24832K, reserved 26624K
}
Event: 1709.479 GC heap after
{Heap after GC invocations=2484 (full 2):
 def new generation   total 1049088K, used 19249K [0x00007f2398600000, 0x00007f23df850000, 0x00007f28edb50000)
  eden space 932544K,   0% used [0x00007f2398600000, 0x00007f2398600000, 0x00007f23d14b0000)
  from space 116544K,  16% used [0x00007f23d8680000, 0x00007f23d994c7c8, 0x00007f23df850000)
  to   space 116544K,   0% used [0x00007f23d14b0000, 0x00007f23d14b0000, 0x00007f23d8680000)
 tenured generation   total 2331200K, used 2322592K [0x00007f28edb50000, 0x00007f297bfe0000, 0x00007f3398600000)
   the space 2331200K,  99% used [0x00007f28edb50000, 0x00007f297b7780e8, 0x00007f297b778200, 0x00007f297bfe0000)
 Metaspace       used 24339K, capacity 24757K, committed 24832K, reserved 26624K
}
Event: 1710.366 GC heap before
{Heap before GC invocations=2484 (full 2):
 def new generation   total 1049088K, used 951793K [0x00007f2398600000, 0x00007f23df850000, 0x00007f28edb50000)
  eden space 932544K, 100% used [0x00007f2398600000, 0x00007f23d14b0000, 0x00007f23d14b0000)
  from space 116544K,  16% used [0x00007f23d8680000, 0x00007f23d994c7c8, 0x00007f23df850000)
  to   space 116544K,   0% used [0x00007f23d14b0000, 0x00007f23d14b0000, 0x00007f23d8680000)
 tenured generation   total 2331200K, used 2322592K [0x00007f28edb50000, 0x00007f297bfe0000, 0x00007f3398600000)
   the space 2331200K,  99% used [0x00007f28edb50000, 0x00007f297b7780e8, 0x00007f297b778200, 0x00007f297bfe0000)
 Metaspace       used 24339K, capacity 24757K, committed 24832K, reserved 26624K
}
Event: 1710.426 GC heap after
{Heap after GC invocations=2485 (full 2):
 def new generation   total 1049088K, used 19016K [0x00007f2398600000, 0x00007f23df850000, 0x00007f28edb50000)
  eden space 932544K,   0% used [0x00007f2398600000, 0x00007f2398600000, 0x00007f23d14b0000)
  from space 116544K,  16% used [0x00007f23d14b0000, 0x00007f23d2742110, 0x00007f23d8680000)
  to   space 116544K,   0% used [0x00007f23d8680000, 0x00007f23d8680000, 0x00007f23df850000)
 tenured generation   total 2331200K, used 2324237K [0x00007f28edb50000, 0x00007f297bfe0000, 0x00007f3398600000)
   the space 2331200K,  99% used [0x00007f28edb50000, 0x00007f297b9136a0, 0x00007f297b913800, 0x00007f297bfe0000)
 Metaspace       used 24339K, capacity 24757K, committed 24832K, reserved 26624K
}
Event: 1711.253 GC heap before
{Heap before GC invocations=2485 (full 2):
 def new generation   total 1049088K, used 951560K [0x00007f2398600000, 0x00007f23df850000, 0x00007f28edb50000)
  eden space 932544K, 100% used [0x00007f2398600000, 0x00007f23d14b0000, 0x00007f23d14b0000)
  from space 116544K,  16% used [0x00007f23d14b0000, 0x00007f23d2742110, 0x00007f23d8680000)
  to   space 116544K,   0% used [0x00007f23d8680000, 0x00007f23d8680000, 0x00007f23df850000)
 tenured generation   total 2331200K, used 2324237K [0x00007f28edb50000, 0x00007f297bfe0000, 0x00007f3398600000)
   the space 2331200K,  99% used [0x00007f28edb50000, 0x00007f297b9136a0, 0x00007f297b913800, 0x00007f297bfe0000)
 Metaspace       used 24339K, capacity 24757K, committed 24832K, reserved 26624K
}
Event: 1711.309 GC heap after
{Heap after GC invocations=2486 (full 2):
 def new generation   total 1049088K, used 19066K [0x00007f2398600000, 0x00007f23df850000, 0x00007f28edb50000)
  eden space 932544K,   0% used [0x00007f2398600000, 0x00007f2398600000, 0x00007f23d14b0000)
  from space 116544K,  16% used [0x00007f23d8680000, 0x00007f23d991e868, 0x00007f23df850000)
  to   space 116544K,   0% used [0x00007f23d14b0000, 0x00007f23d14b0000, 0x00007f23d8680000)
 tenured generation   total 2331200K, used 2325304K [0x00007f28edb50000, 0x00007f297bfe0000, 0x00007f3398600000)
   the space 2331200K,  99% used [0x00007f28edb50000, 0x00007f297ba1e200, 0x00007f297ba1e200, 0x00007f297bfe0000)
 Metaspace       used 24339K, capacity 24757K, committed 24832K, reserved 26624K
}
Event: 1712.174 GC heap before
{Heap before GC invocations=2486 (full 2):
 def new generation   total 1049088K, used 951610K [0x00007f2398600000, 0x00007f23df850000, 0x00007f28edb50000)
  eden space 932544K, 100% used [0x00007f2398600000, 0x00007f23d14b0000, 0x00007f23d14b0000)
  from space 116544K,  16% used [0x00007f23d8680000, 0x00007f23d991e868, 0x00007f23df850000)
  to   space 116544K,   0% used [0x00007f23d14b0000, 0x00007f23d14b0000, 0x00007f23d8680000)
 tenured generation   total 2331200K, used 2325304K [0x00007f28edb50000, 0x00007f297bfe0000, 0x00007f3398600000)
   the space 2331200K,  99% used [0x00007f28edb50000, 0x00007f297ba1e200, 0x00007f297ba1e200, 0x00007f297bfe0000)
 Metaspace       used 24339K, capacity 24757K, committed 24832K, reserved 26624K
}
Event: 1712.212 GC heap after
{Heap after GC invocations=2487 (full 2):
 def new generation   total 1049088K, used 19657K [0x00007f2398600000, 0x00007f23df850000, 0x00007f28edb50000)
  eden space 932544K,   0% used [0x00007f2398600000, 0x00007f2398600000, 0x00007f23d14b0000)
  from space 116544K,  16% used [0x00007f23d14b0000, 0x00007f23d27e2440, 0x00007f23d8680000)
  to   space 116544K,   0% used [0x00007f23d8680000, 0x00007f23d8680000, 0x00007f23df850000)
 tenured generation   total 2331200K, used 2326361K [0x00007f28edb50000, 0x00007f297bfe0000, 0x00007f3398600000)
   the space 2331200K,  99% used [0x00007f28edb50000, 0x00007f297bb26678, 0x00007f297bb26800, 0x00007f297bfe0000)
 Metaspace       used 24339K, capacity 24757K, committed 24832K, reserved 26624K
}
Event: 1713.089 GC heap before
{Heap before GC invocations=2487 (full 2):
 def new generation   total 1049088K, used 952201K [0x00007f2398600000, 0x00007f23df850000, 0x00007f28edb50000)
  eden space 932544K, 100% used [0x00007f2398600000, 0x00007f23d14b0000, 0x00007f23d14b0000)
  from space 116544K,  16% used [0x00007f23d14b0000, 0x00007f23d27e2440, 0x00007f23d8680000)
  to   space 116544K,   0% used [0x00007f23d8680000, 0x00007f23d8680000, 0x00007f23df850000)
 tenured generation   total 2331200K, used 2326361K [0x00007f28edb50000, 0x00007f297bfe0000, 0x00007f3398600000)
   the space 2331200K,  99% used [0x00007f28edb50000, 0x00007f297bb26678, 0x00007f297bb26800, 0x00007f297bfe0000)
 Metaspace       used 24339K, capacity 24757K, committed 24832K, reserved 26624K
}
Event: 1713.147 GC heap after
{Heap after GC invocations=2488 (full 2):
 def new generation   total 1049088K, used 20083K [0x00007f2398600000, 0x00007f23df850000, 0x00007f28edb50000)
  eden space 932544K,   0% used [0x00007f2398600000, 0x00007f2398600000, 0x00007f23d14b0000)
  from space 116544K,  17% used [0x00007f23d8680000, 0x00007f23d9a1ce20, 0x00007f23df850000)
  to   space 116544K,   0% used [0x00007f23d14b0000, 0x00007f23d14b0000, 0x00007f23d8680000)
 tenured generation   total 2331200K, used 2327561K [0x00007f28edb50000, 0x00007f297bfe0000, 0x00007f3398600000)
   the space 2331200K,  99% used [0x00007f28edb50000, 0x00007f297bc52610, 0x00007f297bc52800, 0x00007f297bfe0000)
 Metaspace       used 24339K, capacity 24757K, committed 24832K, reserved 26624K
}
Event: 1714.021 GC heap before
{Heap before GC invocations=2488 (full 2):
 def new generation   total 1049088K, used 952627K [0x00007f2398600000, 0x00007f23df850000, 0x00007f28edb50000)
  eden space 932544K, 100% used [0x00007f2398600000, 0x00007f23d14b0000, 0x00007f23d14b0000)
  from space 116544K,  17% used [0x00007f23d8680000, 0x00007f23d9a1ce20, 0x00007f23df850000)
  to   space 116544K,   0% used [0x00007f23d14b0000, 0x00007f23d14b0000, 0x00007f23d8680000)
 tenured generation   total 2331200K, used 2327561K [0x00007f28edb50000, 0x00007f297bfe0000, 0x00007f3398600000)
   the space 2331200K,  99% used [0x00007f28edb50000, 0x00007f297bc52610, 0x00007f297bc52800, 0x00007f297bfe0000)
 Metaspace       used 24339K, capacity 24757K, committed 24832K, reserved 26624K
}
Event: 1714.086 GC heap after
{Heap after GC invocations=2489 (full 2):
 def new generation   total 1049088K, used 19743K [0x00007f2398600000, 0x00007f23df850000, 0x00007f28edb50000)
  eden space 932544K,   0% used [0x00007f2398600000, 0x00007f2398600000, 0x00007f23d14b0000)
  from space 116544K,  16% used [0x00007f23d14b0000, 0x00007f23d27f7d28, 0x00007f23d8680000)
  to   space 116544K,   0% used [0x00007f23d8680000, 0x00007f23d8680000, 0x00007f23df850000)
 tenured generation   total 2331200K, used 2329202K [0x00007f28edb50000, 0x00007f297bfe0000, 0x00007f3398600000)
   the space 2331200K,  99% used [0x00007f28edb50000, 0x00007f297bdec9f8, 0x00007f297bdeca00, 0x00007f297bfe0000)
 Metaspace       used 24339K, capacity 24757K, committed 24832K, reserved 26624K
}
Event: 1714.919 GC heap before
{Heap before GC invocations=2489 (full 2):
 def new generation   total 1049088K, used 952287K [0x00007f2398600000, 0x00007f23df850000, 0x00007f28edb50000)
  eden space 932544K, 100% used [0x00007f2398600000, 0x00007f23d14b0000, 0x00007f23d14b0000)
  from space 116544K,  16% used [0x00007f23d14b0000, 0x00007f23d27f7d28, 0x00007f23d8680000)
  to   space 116544K,   0% used [0x00007f23d8680000, 0x00007f23d8680000, 0x00007f23df850000)
 tenured generation   total 2331200K, used 2329202K [0x00007f28edb50000, 0x00007f297bfe0000, 0x00007f3398600000)
   the space 2331200K,  99% used [0x00007f28edb50000, 0x00007f297bdec9f8, 0x00007f297bdeca00, 0x00007f297bfe0000)
 Metaspace       used 24339K, capacity 24757K, committed 24832K, reserved 26624K
}
Event: 1714.977 GC heap after
{Heap after GC invocations=2490 (full 2):
 def new generation   total 1049088K, used 19021K [0x00007f2398600000, 0x00007f23df850000, 0x00007f28edb50000)
  eden space 932544K,   0% used [0x00007f2398600000, 0x00007f2398600000, 0x00007f23d14b0000)
  from space 116544K,  16% used [0x00007f23d8680000, 0x00007f23d9913488, 0x00007f23df850000)
  to   space 116544K,   0% used [0x00007f23d14b0000, 0x00007f23d14b0000, 0x00007f23d8680000)
 tenured generation   total 2331200K, used 2330847K [0x00007f28edb50000, 0x00007f297bfe0000, 0x00007f3398600000)
   the space 2331200K,  99% used [0x00007f28edb50000, 0x00007f297bf87fb0, 0x00007f297bf88000, 0x00007f297bfe0000)
 Metaspace       used 24339K, capacity 24757K, committed 24832K, reserved 26624K
}
Event: 1715.819 GC heap before
{Heap before GC invocations=2490 (full 2):
 def new generation   total 1049088K, used 951565K [0x00007f2398600000, 0x00007f23df850000, 0x00007f28edb50000)
  eden space 932544K, 100% used [0x00007f2398600000, 0x00007f23d14b0000, 0x00007f23d14b0000)
  from space 116544K,  16% used [0x00007f23d8680000, 0x00007f23d9913488, 0x00007f23df850000)
  to   space 116544K,   0% used [0x00007f23d14b0000, 0x00007f23d14b0000, 0x00007f23d8680000)
 tenured generation   total 2331200K, used 2330847K [0x00007f28edb50000, 0x00007f297bfe0000, 0x00007f3398600000)
   the space 2331200K,  99% used [0x00007f28edb50000, 0x00007f297bf87fb0, 0x00007f297bf88000, 0x00007f297bfe0000)
 Metaspace       used 24339K, capacity 24757K, committed 24832K, reserved 26624K
}
Event: 1715.872 GC heap after
{Heap after GC invocations=2491 (full 2):
 def new generation   total 1049088K, used 18783K [0x00007f2398600000, 0x00007f23df850000, 0x00007f28edb50000)
  eden space 932544K,   0% used [0x00007f2398600000, 0x00007f2398600000, 0x00007f23d14b0000)
  from space 116544K,  16% used [0x00007f23d14b0000, 0x00007f23d2707c88, 0x00007f23d8680000)
  to   space 116544K,   0% used [0x00007f23d8680000, 0x00007f23d8680000, 0x00007f23df850000)
 tenured generation   total 2332160K, used 2332047K [0x00007f28edb50000, 0x00007f297c0d0000, 0x00007f3398600000)
   the space 2332160K,  99% used [0x00007f28edb50000, 0x00007f297c0b3cc0, 0x00007f297c0b3e00, 0x00007f297c0d0000)
 Metaspace       used 24339K, capacity 24757K, committed 24832K, reserved 26624K
}
Event: 1715.872 GC heap before
{Heap before GC invocations=2491 (full 2):
 def new generation   total 1049088K, used 18783K [0x00007f2398600000, 0x00007f23df850000, 0x00007f28edb50000)
  eden space 932544K,   0% used [0x00007f2398600000, 0x00007f2398600000, 0x00007f23d14b0000)
  from space 116544K,  16% used [0x00007f23d14b0000, 0x00007f23d2707c88, 0x00007f23d8680000)
  to   space 116544K,   0% used [0x00007f23d8680000, 0x00007f23d8680000, 0x00007f23df850000)
 tenured generation   total 2332160K, used 2332047K [0x00007f28edb50000, 0x00007f297c0d0000, 0x00007f3398600000)
   the space 2332160K,  99% used [0x00007f28edb50000, 0x00007f297c0b3cc0, 0x00007f297c0b3e00, 0x00007f297c0d0000)
 Metaspace       used 24339K, capacity 24757K, committed 24832K, reserved 26624K
}

