# JRE version: OpenJDK Runtime Environment (13.0.7+5) (build 13.0.7+5-Ubuntu-0ubuntu120.04)
# Java VM: OpenJDK 64-Bit Server VM (13.0.7+5-Ubuntu-0ubuntu120.04, mixed mode, tiered, serial gc, linux-amd64)
Heap:
 def new generation   total 3460416K, used 2158280K [0x00007efd64600000, 0x00007efe4f0c0000, 0x00007f02b9b50000)
  eden space 3075968K,  70% used [0x00007efd64600000, 0x00007efde81b1fc8, 0x00007efe201e0000)
  from space 384448K,   0% used [0x00007efe37950000, 0x00007efe379502b0, 0x00007efe4f0c0000)
  to   space 384448K,   0% used [0x00007efe201e0000, 0x00007efe201e0360, 0x00007efe37950000)
 tenured generation   total 7689612K, used 6312976K [0x00007f02b9b50000, 0x00007f048f0b3000, 0x00007f0d64600000)
   the space 7689612K,  82% used [0x00007f02b9b50000, 0x00007f043b054298, 0x00007f043b054400, 0x00007f048f0b3000)
 Metaspace       used 30922K, capacity 31367K, committed 31488K, reserved 32768K
GC Heap History (20 events):
Event: 395.354 GC heap after
{Heap after GC invocations=550 (full 102):
 def new generation   total 1572992K, used 3016K [0x00007efd64600000, 0x00007efdcf0c0000, 0x00007f02b9b50000)
  eden space 1398272K,   0% used [0x00007efd64600000, 0x00007efd64600000, 0x00007efdb9b80000)
  from space 174720K,   1% used [0x00007efdb9b80000, 0x00007efdb9e720a8, 0x00007efdc4620000)
  to   space 174720K,   0% used [0x00007efdc4620000, 0x00007efdc4620000, 0x00007efdcf0c0000)
 tenured generation   total 7689612K, used 5537399K [0x00007f02b9b50000, 0x00007f048f0b3000, 0x00007f0d64600000)
   the space 7689612K,  72% used [0x00007f02b9b50000, 0x00007f040baedfd0, 0x00007f040baee000, 0x00007f048f0b3000)
 Metaspace       used 30919K, capacity 31366K, committed 31488K, reserved 32768K
}
Event: 395.791 GC heap before
{Heap before GC invocations=550 (full 102):
 def new generation   total 1572992K, used 1226782K [0x00007efd64600000, 0x00007efdcf0c0000, 0x00007f02b9b50000)
  eden space 1398272K,  87% used [0x00007efd64600000, 0x00007efdaf1158c0, 0x00007efdb9b80000)
  from space 174720K,   1% used [0x00007efdb9b80000, 0x00007efdb9e720a8, 0x00007efdc4620000)
  to   space 174720K,   0% used [0x00007efdc4620000, 0x00007efdc4620000, 0x00007efdcf0c0000)
 tenured generation   total 7689612K, used 5537399K [0x00007f02b9b50000, 0x00007f048f0b3000, 0x00007f0d64600000)
   the space 7689612K,  72% used [0x00007f02b9b50000, 0x00007f040baedfd0, 0x00007f040baee000, 0x00007f048f0b3000)
 Metaspace       used 30922K, capacity 31367K, committed 31488K, reserved 32768K
}
Event: 395.794 GC heap after
{Heap after GC invocations=551 (full 102):
 def new generation   total 1572992K, used 9150K [0x00007efd64600000, 0x00007efdcf0c0000, 0x00007f02b9b50000)
  eden space 1398272K,   0% used [0x00007efd64600000, 0x00007efd64600000, 0x00007efdb9b80000)
  from space 174720K,   5% used [0x00007efdc4620000, 0x00007efdc4f0fbe0, 0x00007efdcf0c0000)
  to   space 174720K,   0% used [0x00007efdb9b80000, 0x00007efdb9b80000, 0x00007efdc4620000)
 tenured generation   total 7689612K, used 5537399K [0x00007f02b9b50000, 0x00007f048f0b3000, 0x00007f0d64600000)
   the space 7689612K,  72% used [0x00007f02b9b50000, 0x00007f040baedfd0, 0x00007f040baee000, 0x00007f048f0b3000)
 Metaspace       used 30922K, capacity 31367K, committed 31488K, reserved 32768K
}
Event: 395.794 GC heap before
{Heap before GC invocations=551 (full 102):
 def new generation   total 1572992K, used 9150K [0x00007efd64600000, 0x00007efdcf0c0000, 0x00007f02b9b50000)
  eden space 1398272K,   0% used [0x00007efd64600000, 0x00007efd64600000, 0x00007efdb9b80000)
  from space 174720K,   5% used [0x00007efdc4620000, 0x00007efdc4f0fbe0, 0x00007efdcf0c0000)
  to   space 174720K,   0% used [0x00007efdb9b80000, 0x00007efdb9b80000, 0x00007efdc4620000)
 tenured generation   total 7689612K, used 5537399K [0x00007f02b9b50000, 0x00007f048f0b3000, 0x00007f0d64600000)
   the space 7689612K,  72% used [0x00007f02b9b50000, 0x00007f040baedfd0, 0x00007f040baee000, 0x00007f048f0b3000)
 Metaspace       used 30922K, capacity 31367K, committed 31488K, reserved 32768K
}
Event: 395.833 GC heap after
{Heap after GC invocations=551 (full 103):
 def new generation   total 3460416K, used 0K [0x00007efd64600000, 0x00007efe4f0c0000, 0x00007f02b9b50000)
  eden space 3075968K,   0% used [0x00007efd64600000, 0x00007efd64600000, 0x00007efe201e0000)
  from space 384448K,   0% used [0x00007efe201e0000, 0x00007efe201e0000, 0x00007efe37950000)
  to   space 384448K,   0% used [0x00007efe37950000, 0x00007efe37950000, 0x00007efe4f0c0000)
 tenured generation   total 7689612K, used 22107K [0x00007f02b9b50000, 0x00007f048f0b3000, 0x00007f0d64600000)
   the space 7689612K,   0% used [0x00007f02b9b50000, 0x00007f02bb0e6fe8, 0x00007f02bb0e7000, 0x00007f048f0b3000)
 Metaspace       used 30922K, capacity 31367K, committed 31488K, reserved 32768K
}
Event: 399.392 GC heap before
{Heap before GC invocations=551 (full 103):
 def new generation   total 3460416K, used 2157919K [0x00007efd64600000, 0x00007efe4f0c0000, 0x00007f02b9b50000)
  eden space 3075968K,  70% used [0x00007efd64600000, 0x00007efde8157dc8, 0x00007efe201e0000)
  from space 384448K,   0% used [0x00007efe201e0000, 0x00007efe201e0000, 0x00007efe37950000)
  to   space 384448K,   0% used [0x00007efe37950000, 0x00007efe37950000, 0x00007efe4f0c0000)
 tenured generation   total 7689612K, used 4216412K [0x00007f02b9b50000, 0x00007f048f0b3000, 0x00007f0d64600000)
   the space 7689612K,  54% used [0x00007f02b9b50000, 0x00007f03bb0e7000, 0x00007f03bb0e7000, 0x00007f048f0b3000)
 Metaspace       used 30922K, capacity 31367K, committed 31488K, reserved 32768K
}
Event: 399.889 GC heap after
{Heap after GC invocations=552 (full 103):
 def new generation   total 3460416K, used 0K [0x00007efd64600000, 0x00007efe4f0c0000, 0x00007f02b9b50000)
  eden space 3075968K,   0% used [0x00007efd64600000, 0x00007efd64600000, 0x00007efe201e0000)
  from space 384448K,   0% used [0x00007efe37950000, 0x00007efe379502b0, 0x00007efe4f0c0000)
  to   space 384448K,   0% used [0x00007efe201e0000, 0x00007efe201e0000, 0x00007efe37950000)
 tenured generation   total 7689612K, used 6313564K [0x00007f02b9b50000, 0x00007f048f0b3000, 0x00007f0d64600000)
   the space 7689612K,  82% used [0x00007f02b9b50000, 0x00007f043b0e7018, 0x00007f043b0e7200, 0x00007f048f0b3000)
 Metaspace       used 30922K, capacity 31367K, committed 31488K, reserved 32768K
}
Event: 400.244 GC heap before
{Heap before GC invocations=552 (full 103):
 def new generation   total 3460416K, used 2158183K [0x00007efd64600000, 0x00007efe4f0c0000, 0x00007f02b9b50000)
  eden space 3075968K,  70% used [0x00007efd64600000, 0x00007efde8199aa8, 0x00007efe201e0000)
  from space 384448K,   0% used [0x00007efe37950000, 0x00007efe379502b0, 0x00007efe4f0c0000)
  to   space 384448K,   0% used [0x00007efe201e0000, 0x00007efe201e0000, 0x00007efe37950000)
 tenured generation   total 7689612K, used 6313564K [0x00007f02b9b50000, 0x00007f048f0b3000, 0x00007f0d64600000)
   the space 7689612K,  82% used [0x00007f02b9b50000, 0x00007f043b0e7018, 0x00007f043b0e7200, 0x00007f048f0b3000)
 Metaspace       used 30922K, capacity 31367K, committed 31488K, reserved 32768K
}
Event: 401.264 GC heap after
{Heap after GC invocations=553 (full 103):
 def new generation   total 3460416K, used 1K [0x00007efd64600000, 0x00007efe4f0c0000, 0x00007f02b9b50000)
  eden space 3075968K,   0% used [0x00007efd64600000, 0x00007efd64600000, 0x00007efe201e0000)
  from space 384448K,   0% used [0x00007efe201e0000, 0x00007efe201e04e0, 0x00007efe37950000)
  to   space 384448K,   0% used [0x00007efe37950000, 0x00007efe37950000, 0x00007efe4f0c0000)
 tenured generation   total 9786768K, used 8410716K [0x00007f02b9b50000, 0x00007f050f0b4000, 0x00007f0d64600000)
   the space 9786768K,  85% used [0x00007f02b9b50000, 0x00007f04bb0e7030, 0x00007f04bb0e7200, 0x00007f050f0b4000)
 Metaspace       used 30922K, capacity 31367K, committed 31488K, reserved 32768K
}
Event: 401.264 GC heap before
{Heap before GC invocations=553 (full 103):
 def new generation   total 3460416K, used 1K [0x00007efd64600000, 0x00007efe4f0c0000, 0x00007f02b9b50000)
  eden space 3075968K,   0% used [0x00007efd64600000, 0x00007efd64600000, 0x00007efe201e0000)
  from space 384448K,   0% used [0x00007efe201e0000, 0x00007efe201e04e0, 0x00007efe37950000)
  to   space 384448K,   0% used [0x00007efe37950000, 0x00007efe37950000, 0x00007efe4f0c0000)
 tenured generation   total 9786768K, used 8410716K [0x00007f02b9b50000, 0x00007f050f0b4000, 0x00007f0d64600000)
   the space 9786768K,  85% used [0x00007f02b9b50000, 0x00007f04bb0e7030, 0x00007f04bb0e7200, 0x00007f050f0b4000)
 Metaspace       used 30922K, capacity 31367K, committed 31488K, reserved 32768K
}
Event: 401.762 GC heap after
{Heap after GC invocations=553 (full 104):
 def new generation   total 3460416K, used 0K [0x00007efd64600000, 0x00007efe4f0c0000, 0x00007f02b9b50000)
  eden space 3075968K,   0% used [0x00007efd64600000, 0x00007efd64600000, 0x00007efe201e0000)
  from space 384448K,   0% used [0x00007efe201e0000, 0x00007efe201e0000, 0x00007efe37950000)
  to   space 384448K,   0% used [0x00007efe37950000, 0x00007efe37950000, 0x00007efe4f0c0000)
 tenured generation   total 7689612K, used 4206833K [0x00007f02b9b50000, 0x00007f048f0b3000, 0x00007f0d64600000)
   the space 7689612K,  54% used [0x00007f02b9b50000, 0x00007f03ba78c608, 0x00007f03ba78c800, 0x00007f048f0b3000)
 Metaspace       used 30922K, capacity 31367K, committed 31488K, reserved 32768K
}
Event: 403.931 GC heap before
{Heap before GC invocations=553 (full 104):
 def new generation   total 3460416K, used 3075968K [0x00007efd64600000, 0x00007efe4f0c0000, 0x00007f02b9b50000)
  eden space 3075968K, 100% used [0x00007efd64600000, 0x00007efe201e0000, 0x00007efe201e0000)
  from space 384448K,   0% used [0x00007efe201e0000, 0x00007efe201e0000, 0x00007efe37950000)
  to   space 384448K,   0% used [0x00007efe37950000, 0x00007efe37950000, 0x00007efe4f0c0000)
 tenured generation   total 7689612K, used 4206833K [0x00007f02b9b50000, 0x00007f048f0b3000, 0x00007f0d64600000)
   the space 7689612K,  54% used [0x00007f02b9b50000, 0x00007f03ba78c608, 0x00007f03ba78c800, 0x00007f048f0b3000)
 Metaspace       used 30922K, capacity 31367K, committed 31488K, reserved 32768K
}
Event: 404.017 GC heap after
{Heap after GC invocations=554 (full 104):
 def new generation   total 3460416K, used 164133K [0x00007efd64600000, 0x00007efe4f0c0000, 0x00007f02b9b50000)
  eden space 3075968K,   0% used [0x00007efd64600000, 0x00007efd64600000, 0x00007efe201e0000)
  from space 384448K,  42% used [0x00007efe37950000, 0x00007efe419996e8, 0x00007efe4f0c0000)
  to   space 384448K,   0% used [0x00007efe201e0000, 0x00007efe201e0000, 0x00007efe37950000)
 tenured generation   total 7689612K, used 4206833K [0x00007f02b9b50000, 0x00007f048f0b3000, 0x00007f0d64600000)
   the space 7689612K,  54% used [0x00007f02b9b50000, 0x00007f03ba78c608, 0x00007f03ba78c800, 0x00007f048f0b3000)
 Metaspace       used 30922K, capacity 31367K, committed 31488K, reserved 32768K
}
Event: 404.385 GC heap before
{Heap before GC invocations=554 (full 104):
 def new generation   total 3460416K, used 1199772K [0x00007efd64600000, 0x00007efe4f0c0000, 0x00007f02b9b50000)
  eden space 3075968K,  33% used [0x00007efd64600000, 0x00007efda395db18, 0x00007efe201e0000)
  from space 384448K,  42% used [0x00007efe37950000, 0x00007efe419996e8, 0x00007efe4f0c0000)
  to   space 384448K,   0% used [0x00007efe201e0000, 0x00007efe201e0000, 0x00007efe37950000)
 tenured generation   total 7689612K, used 4206833K [0x00007f02b9b50000, 0x00007f048f0b3000, 0x00007f0d64600000)
   the space 7689612K,  54% used [0x00007f02b9b50000, 0x00007f03ba78c608, 0x00007f03ba78c800, 0x00007f048f0b3000)
 Metaspace       used 30922K, capacity 31367K, committed 31488K, reserved 32768K
}
Event: 404.481 GC heap after
{Heap after GC invocations=555 (full 104):
 def new generation   total 3460416K, used 172995K [0x00007efd64600000, 0x00007efe4f0c0000, 0x00007f02b9b50000)
  eden space 3075968K,   0% used [0x00007efd64600000, 0x00007efd64600000, 0x00007efe201e0000)
  from space 384448K,  44% used [0x00007efe201e0000, 0x00007efe2aad0ef8, 0x00007efe37950000)
  to   space 384448K,   0% used [0x00007efe37950000, 0x00007efe37950000, 0x00007efe4f0c0000)
 tenured generation   total 7689612K, used 4206833K [0x00007f02b9b50000, 0x00007f048f0b3000, 0x00007f0d64600000)
   the space 7689612K,  54% used [0x00007f02b9b50000, 0x00007f03ba78c608, 0x00007f03ba78c800, 0x00007f048f0b3000)
 Metaspace       used 30922K, capacity 31367K, committed 31488K, reserved 32768K
}
Event: 404.481 GC heap before
{Heap before GC invocations=555 (full 104):
 def new generation   total 3460416K, used 172995K [0x00007efd64600000, 0x00007efe4f0c0000, 0x00007f02b9b50000)
  eden space 3075968K,   0% used [0x00007efd64600000, 0x00007efd64600000, 0x00007efe201e0000)
  from space 384448K,  44% used [0x00007efe201e0000, 0x00007efe2aad0ef8, 0x00007efe37950000)
  to   space 384448K,   0% used [0x00007efe37950000, 0x00007efe37950000, 0x00007efe4f0c0000)
 tenured generation   total 7689612K, used 4206833K [0x00007f02b9b50000, 0x00007f048f0b3000, 0x00007f0d64600000)
   the space 7689612K,  54% used [0x00007f02b9b50000, 0x00007f03ba78c608, 0x00007f03ba78c800, 0x00007f048f0b3000)
 Metaspace       used 30922K, capacity 31367K, committed 31488K, reserved 32768K
}
Event: 404.505 GC heap after
{Heap after GC invocations=555 (full 105):
 def new generation   total 3460416K, used 0K [0x00007efd64600000, 0x00007efe4f0c0000, 0x00007f02b9b50000)
  eden space 3075968K,   0% used [0x00007efd64600000, 0x00007efd64600000, 0x00007efe201e0000)
  from space 384448K,   0% used [0x00007efe201e0000, 0x00007efe201e0000, 0x00007efe37950000)
  to   space 384448K,   0% used [0x00007efe37950000, 0x00007efe37950000, 0x00007efe4f0c0000)
 tenured generation   total 7689612K, used 21520K [0x00007f02b9b50000, 0x00007f048f0b3000, 0x00007f0d64600000)
   the space 7689612K,   0% used [0x00007f02b9b50000, 0x00007f02bb054268, 0x00007f02bb054400, 0x00007f048f0b3000)
 Metaspace       used 30922K, capacity 31367K, committed 31488K, reserved 32768K
}
Event: 407.890 GC heap before
{Heap before GC invocations=555 (full 105):
 def new generation   total 3460416K, used 2158069K [0x00007efd64600000, 0x00007efe4f0c0000, 0x00007f02b9b50000)
  eden space 3075968K,  70% used [0x00007efd64600000, 0x00007efde817d470, 0x00007efe201e0000)
  from space 384448K,   0% used [0x00007efe201e0000, 0x00007efe201e0000, 0x00007efe37950000)
  to   space 384448K,   0% used [0x00007efe37950000, 0x00007efe37950000, 0x00007efe4f0c0000)
 tenured generation   total 7689612K, used 4215824K [0x00007f02b9b50000, 0x00007f048f0b3000, 0x00007f0d64600000)
   the space 7689612K,  54% used [0x00007f02b9b50000, 0x00007f03bb054280, 0x00007f03bb054400, 0x00007f048f0b3000)
 Metaspace       used 30922K, capacity 31367K, committed 31488K, reserved 32768K
}
Event: 408.101 GC heap after
{Heap after GC invocations=556 (full 105):
 def new generation   total 3460416K, used 0K [0x00007efd64600000, 0x00007efe4f0c0000, 0x00007f02b9b50000)
  eden space 3075968K,   0% used [0x00007efd64600000, 0x00007efd64600000, 0x00007efe201e0000)
  from space 384448K,   0% used [0x00007efe37950000, 0x00007efe379502b0, 0x00007efe4f0c0000)
  to   space 384448K,   0% used [0x00007efe201e0000, 0x00007efe201e0000, 0x00007efe37950000)
 tenured generation   total 7689612K, used 6312976K [0x00007f02b9b50000, 0x00007f048f0b3000, 0x00007f0d64600000)
   the space 7689612K,  82% used [0x00007f02b9b50000, 0x00007f043b054298, 0x00007f043b054400, 0x00007f048f0b3000)
 Metaspace       used 30922K, capacity 31367K, committed 31488K, reserved 32768K
}
Event: 408.413 GC heap before
{Heap before GC invocations=556 (full 105):
 def new generation   total 3460416K, used 2158280K [0x00007efd64600000, 0x00007efe4f0c0000, 0x00007f02b9b50000)
  eden space 3075968K,  70% used [0x00007efd64600000, 0x00007efde81b1fc8, 0x00007efe201e0000)
  from space 384448K,   0% used [0x00007efe37950000, 0x00007efe379502b0, 0x00007efe4f0c0000)
  to   space 384448K,   0% used [0x00007efe201e0000, 0x00007efe201e0000, 0x00007efe37950000)
 tenured generation   total 7689612K, used 6312976K [0x00007f02b9b50000, 0x00007f048f0b3000, 0x00007f0d64600000)
   the space 7689612K,  82% used [0x00007f02b9b50000, 0x00007f043b054298, 0x00007f043b054400, 0x00007f048f0b3000)
 Metaspace       used 30922K, capacity 31367K, committed 31488K, reserved 32768K
}

