# JRE version: OpenJDK Runtime Environment (13.0.7+5) (build 13.0.7+5-Ubuntu-0ubuntu120.04)
# Java VM: OpenJDK 64-Bit Server VM (13.0.7+5-Ubuntu-0ubuntu120.04, mixed mode, tiered, serial gc, linux-amd64)
Heap:
 def new generation   total 3201920K, used 0K [0x00007facb0600000, 0x00007fad89840000, 0x00007fb205b50000)
  eden space 2846208K,   0% used [0x00007facb0600000, 0x00007facb0600000, 0x00007fad5e180000)
  from space 355712K,   0% used [0x00007fad73ce0000, 0x00007fad73ce0000, 0x00007fad89840000)
  to   space 355712K,   0% used [0x00007fad5e180000, 0x00007fad5e180000, 0x00007fad73ce0000)
 tenured generation   total 7115220K, used 4203711K [0x00007fb205b50000, 0x00007fb3b7fc5000, 0x00007fbcb0600000)
   the space 7115220K,  59% used [0x00007fb205b50000, 0x00007fb30647fd90, 0x00007fb30647fe00, 0x00007fb3b7fc5000)
 Metaspace       used 23059K, capacity 23401K, committed 23552K, reserved 24576K
GC Heap History (20 events):
Event: 25.408 GC heap before
{Heap before GC invocations=8 (full 6):
 def new generation   total 3201920K, used 2350321K [0x00007facb0600000, 0x00007fad89840000, 0x00007fb205b50000)
  eden space 2846208K,  82% used [0x00007facb0600000, 0x00007fad3fd3c4c8, 0x00007fad5e180000)
  from space 355712K,   0% used [0x00007fad5e180000, 0x00007fad5e180000, 0x00007fad73ce0000)
  to   space 355712K,   0% used [0x00007fad73ce0000, 0x00007fad73ce0000, 0x00007fad89840000)
 tenured generation   total 7115212K, used 4269126K [0x00007fb205b50000, 0x00007fb3b7fc3000, 0x00007fbcb0600000)
   the space 7115212K,  59% used [0x00007fb205b50000, 0x00007fb30a461b80, 0x00007fb30a461c00, 0x00007fb3b7fc3000)
 Metaspace       used 23014K, capacity 23385K, committed 23552K, reserved 24576K
}
Event: 25.525 GC heap after
{Heap after GC invocations=9 (full 6):
 def new generation   total 3201920K, used 165953K [0x00007facb0600000, 0x00007fad89840000, 0x00007fb205b50000)
  eden space 2846208K,   0% used [0x00007facb0600000, 0x00007facb0600000, 0x00007fad5e180000)
  from space 355712K,  46% used [0x00007fad73ce0000, 0x00007fad7def05d8, 0x00007fad89840000)
  to   space 355712K,   0% used [0x00007fad5e180000, 0x00007fad5e180000, 0x00007fad73ce0000)
 tenured generation   total 7115212K, used 4269126K [0x00007fb205b50000, 0x00007fb3b7fc3000, 0x00007fbcb0600000)
   the space 7115212K,  59% used [0x00007fb205b50000, 0x00007fb30a461b80, 0x00007fb30a461c00, 0x00007fb3b7fc3000)
 Metaspace       used 23014K, capacity 23385K, committed 23552K, reserved 24576K
}
Event: 27.048 GC heap before
{Heap before GC invocations=9 (full 6):
 def new generation   total 3201920K, used 2319314K [0x00007facb0600000, 0x00007fad89840000, 0x00007fb205b50000)
  eden space 2846208K,  75% used [0x00007facb0600000, 0x00007fad33ce42f8, 0x00007fad5e180000)
  from space 355712K,  46% used [0x00007fad73ce0000, 0x00007fad7def05d8, 0x00007fad89840000)
  to   space 355712K,   0% used [0x00007fad5e180000, 0x00007fad5e180000, 0x00007fad73ce0000)
 tenured generation   total 7115212K, used 4269126K [0x00007fb205b50000, 0x00007fb3b7fc3000, 0x00007fbcb0600000)
   the space 7115212K,  59% used [0x00007fb205b50000, 0x00007fb30a461b80, 0x00007fb30a461c00, 0x00007fb3b7fc3000)
 Metaspace       used 23014K, capacity 23385K, committed 23552K, reserved 24576K
}
Event: 29.129 GC heap after
{Heap after GC invocations=10 (full 6):
 def new generation   total 3201920K, used 100416K [0x00007facb0600000, 0x00007fad89840000, 0x00007fb205b50000)
  eden space 2846208K,   0% used [0x00007facb0600000, 0x00007facb0600000, 0x00007fad5e180000)
  from space 355712K,  28% used [0x00007fad5e180000, 0x00007fad643900a8, 0x00007fad73ce0000)
  to   space 355712K,   0% used [0x00007fad73ce0000, 0x00007fad73ce0000, 0x00007fad89840000)
 tenured generation   total 7115212K, used 6366278K [0x00007fb205b50000, 0x00007fb3b7fc3000, 0x00007fbcb0600000)
   the space 7115212K,  89% used [0x00007fb205b50000, 0x00007fb38a461b98, 0x00007fb38a461c00, 0x00007fb3b7fc3000)
 Metaspace       used 23014K, capacity 23385K, committed 23552K, reserved 24576K
}
Event: 30.397 GC heap before
{Heap before GC invocations=10 (full 6):
 def new generation   total 3201920K, used 2253935K [0x00007facb0600000, 0x00007fad89840000, 0x00007fb205b50000)
  eden space 2846208K,  75% used [0x00007facb0600000, 0x00007fad33d0bce8, 0x00007fad5e180000)
  from space 355712K,  28% used [0x00007fad5e180000, 0x00007fad643900a8, 0x00007fad73ce0000)
  to   space 355712K,   0% used [0x00007fad73ce0000, 0x00007fad73ce0000, 0x00007fad89840000)
 tenured generation   total 7115212K, used 6366278K [0x00007fb205b50000, 0x00007fb3b7fc3000, 0x00007fbcb0600000)
   the space 7115212K,  89% used [0x00007fb205b50000, 0x00007fb38a461b98, 0x00007fb38a461c00, 0x00007fb3b7fc3000)
 Metaspace       used 23014K, capacity 23385K, committed 23552K, reserved 24576K
}
Event: 43.218 GC heap after
{Heap after GC invocations=11 (full 6):
 def new generation   total 3201920K, used 100416K [0x00007facb0600000, 0x00007fad89840000, 0x00007fb205b50000)
  eden space 2846208K,   0% used [0x00007facb0600000, 0x00007facb0600000, 0x00007fad5e180000)
  from space 355712K,  28% used [0x00007fad73ce0000, 0x00007fad79ef02f0, 0x00007fad89840000)
  to   space 355712K,   0% used [0x00007fad5e180000, 0x00007fad5e180000, 0x00007fad73ce0000)
 tenured generation   total 9212368K, used 8463430K [0x00007fb205b50000, 0x00007fb437fc4000, 0x00007fbcb0600000)
   the space 9212368K,  91% used [0x00007fb205b50000, 0x00007fb40a461bb0, 0x00007fb40a461c00, 0x00007fb437fc4000)
 Metaspace       used 23014K, capacity 23385K, committed 23552K, reserved 24576K
}
Event: 43.219 GC heap before
{Heap before GC invocations=11 (full 6):
 def new generation   total 3201920K, used 100416K [0x00007facb0600000, 0x00007fad89840000, 0x00007fb205b50000)
  eden space 2846208K,   0% used [0x00007facb0600000, 0x00007facb0600000, 0x00007fad5e180000)
  from space 355712K,  28% used [0x00007fad73ce0000, 0x00007fad79ef02f0, 0x00007fad89840000)
  to   space 355712K,   0% used [0x00007fad5e180000, 0x00007fad5e180000, 0x00007fad73ce0000)
 tenured generation   total 9212368K, used 8463430K [0x00007fb205b50000, 0x00007fb437fc4000, 0x00007fbcb0600000)
   the space 9212368K,  91% used [0x00007fb205b50000, 0x00007fb40a461bb0, 0x00007fb40a461c00, 0x00007fb437fc4000)
 Metaspace       used 23014K, capacity 23385K, committed 23552K, reserved 24576K
}
Event: 46.207 GC heap after
{Heap after GC invocations=11 (full 7):
 def new generation   total 3201920K, used 0K [0x00007facb0600000, 0x00007fad89840000, 0x00007fb205b50000)
  eden space 2846208K,   0% used [0x00007facb0600000, 0x00007facb0600000, 0x00007fad5e180000)
  from space 355712K,   0% used [0x00007fad73ce0000, 0x00007fad73ce0000, 0x00007fad89840000)
  to   space 355712K,   0% used [0x00007fad5e180000, 0x00007fad5e180000, 0x00007fad73ce0000)
 tenured generation   total 7115220K, used 4269131K [0x00007fb205b50000, 0x00007fb3b7fc5000, 0x00007fbcb0600000)
   the space 7115220K,  59% used [0x00007fb205b50000, 0x00007fb30a462e18, 0x00007fb30a463000, 0x00007fb3b7fc5000)
 Metaspace       used 23014K, capacity 23385K, committed 23552K, reserved 24576K
}
Event: 48.919 GC heap before
{Heap before GC invocations=11 (full 7):
 def new generation   total 3201920K, used 2284264K [0x00007facb0600000, 0x00007fad89840000, 0x00007fb205b50000)
  eden space 2846208K,  80% used [0x00007facb0600000, 0x00007fad3bcba2f8, 0x00007fad5e180000)
  from space 355712K,   0% used [0x00007fad73ce0000, 0x00007fad73ce0000, 0x00007fad89840000)
  to   space 355712K,   0% used [0x00007fad5e180000, 0x00007fad5e180000, 0x00007fad73ce0000)
 tenured generation   total 7115220K, used 4269131K [0x00007fb205b50000, 0x00007fb3b7fc5000, 0x00007fbcb0600000)
   the space 7115220K,  59% used [0x00007fb205b50000, 0x00007fb30a462e18, 0x00007fb30a463000, 0x00007fb3b7fc5000)
 Metaspace       used 23014K, capacity 23385K, committed 23552K, reserved 24576K
}
Event: 49.211 GC heap after
{Heap after GC invocations=12 (full 7):
 def new generation   total 3201920K, used 105085K [0x00007facb0600000, 0x00007fad89840000, 0x00007fb205b50000)
  eden space 2846208K,   0% used [0x00007facb0600000, 0x00007facb0600000, 0x00007fad5e180000)
  from space 355712K,  29% used [0x00007fad5e180000, 0x00007fad6481f6a8, 0x00007fad73ce0000)
  to   space 355712K,   0% used [0x00007fad73ce0000, 0x00007fad73ce0000, 0x00007fad89840000)
 tenured generation   total 7115220K, used 4269131K [0x00007fb205b50000, 0x00007fb3b7fc5000, 0x00007fbcb0600000)
   the space 7115220K,  59% used [0x00007fb205b50000, 0x00007fb30a462e18, 0x00007fb30a463000, 0x00007fb3b7fc5000)
 Metaspace       used 23014K, capacity 23385K, committed 23552K, reserved 24576K
}
Event: 52.891 GC heap before
{Heap before GC invocations=12 (full 7):
 def new generation   total 3201920K, used 2951293K [0x00007facb0600000, 0x00007fad89840000, 0x00007fb205b50000)
  eden space 2846208K, 100% used [0x00007facb0600000, 0x00007fad5e180000, 0x00007fad5e180000)
  from space 355712K,  29% used [0x00007fad5e180000, 0x00007fad6481f6a8, 0x00007fad73ce0000)
  to   space 355712K,   0% used [0x00007fad73ce0000, 0x00007fad73ce0000, 0x00007fad89840000)
 tenured generation   total 7115220K, used 4269131K [0x00007fb205b50000, 0x00007fb3b7fc5000, 0x00007fbcb0600000)
   the space 7115220K,  59% used [0x00007fb205b50000, 0x00007fb30a462e18, 0x00007fb30a463000, 0x00007fb3b7fc5000)
 Metaspace       used 23045K, capacity 23400K, committed 23552K, reserved 24576K
}
Event: 52.955 GC heap after
{Heap after GC invocations=13 (full 7):
 def new generation   total 3201920K, used 101553K [0x00007facb0600000, 0x00007fad89840000, 0x00007fb205b50000)
  eden space 2846208K,   0% used [0x00007facb0600000, 0x00007facb0600000, 0x00007fad5e180000)
  from space 355712K,  28% used [0x00007fad73ce0000, 0x00007fad7a00c470, 0x00007fad89840000)
  to   space 355712K,   0% used [0x00007fad5e180000, 0x00007fad5e180000, 0x00007fad73ce0000)
 tenured generation   total 7115220K, used 4269131K [0x00007fb205b50000, 0x00007fb3b7fc5000, 0x00007fbcb0600000)
   the space 7115220K,  59% used [0x00007fb205b50000, 0x00007fb30a462e18, 0x00007fb30a463000, 0x00007fb3b7fc5000)
 Metaspace       used 23045K, capacity 23400K, committed 23552K, reserved 24576K
}
Event: 53.596 GC heap before
{Heap before GC invocations=13 (full 7):
 def new generation   total 3201920K, used 710553K [0x00007facb0600000, 0x00007fad89840000, 0x00007fb205b50000)
  eden space 2846208K,  21% used [0x00007facb0600000, 0x00007facd58b9fe0, 0x00007fad5e180000)
  from space 355712K,  28% used [0x00007fad73ce0000, 0x00007fad7a00c470, 0x00007fad89840000)
  to   space 355712K,   0% used [0x00007fad5e180000, 0x00007fad5e180000, 0x00007fad73ce0000)
 tenured generation   total 7115220K, used 4269131K [0x00007fb205b50000, 0x00007fb3b7fc5000, 0x00007fbcb0600000)
   the space 7115220K,  59% used [0x00007fb205b50000, 0x00007fb30a462e18, 0x00007fb30a463000, 0x00007fb3b7fc5000)
 Metaspace       used 23059K, capacity 23401K, committed 23552K, reserved 24576K
}
Event: 53.746 GC heap after
{Heap after GC invocations=14 (full 7):
 def new generation   total 3201920K, used 101633K [0x00007facb0600000, 0x00007fad89840000, 0x00007fb205b50000)
  eden space 2846208K,   0% used [0x00007facb0600000, 0x00007facb0600000, 0x00007fad5e180000)
  from space 355712K,  28% used [0x00007fad5e180000, 0x00007fad644c07f0, 0x00007fad73ce0000)
  to   space 355712K,   0% used [0x00007fad73ce0000, 0x00007fad73ce0000, 0x00007fad89840000)
 tenured generation   total 7115220K, used 4793419K [0x00007fb205b50000, 0x00007fb3b7fc5000, 0x00007fbcb0600000)
   the space 7115220K,  67% used [0x00007fb205b50000, 0x00007fb32a462e30, 0x00007fb32a463000, 0x00007fb3b7fc5000)
 Metaspace       used 23059K, capacity 23401K, committed 23552K, reserved 24576K
}
Event: 53.746 GC heap before
{Heap before GC invocations=14 (full 7):
 def new generation   total 3201920K, used 101633K [0x00007facb0600000, 0x00007fad89840000, 0x00007fb205b50000)
  eden space 2846208K,   0% used [0x00007facb0600000, 0x00007facb0600000, 0x00007fad5e180000)
  from space 355712K,  28% used [0x00007fad5e180000, 0x00007fad644c07f0, 0x00007fad73ce0000)
  to   space 355712K,   0% used [0x00007fad73ce0000, 0x00007fad73ce0000, 0x00007fad89840000)
 tenured generation   total 7115220K, used 4793419K [0x00007fb205b50000, 0x00007fb3b7fc5000, 0x00007fbcb0600000)
   the space 7115220K,  67% used [0x00007fb205b50000, 0x00007fb32a462e30, 0x00007fb32a463000, 0x00007fb3b7fc5000)
 Metaspace       used 23059K, capacity 23401K, committed 23552K, reserved 24576K
}
Event: 53.988 GC heap after
{Heap after GC invocations=14 (full 8):
 def new generation   total 3201920K, used 0K [0x00007facb0600000, 0x00007fad89840000, 0x00007fb205b50000)
  eden space 2846208K,   0% used [0x00007facb0600000, 0x00007facb0600000, 0x00007fad5e180000)
  from space 355712K,   0% used [0x00007fad5e180000, 0x00007fad5e180000, 0x00007fad73ce0000)
  to   space 355712K,   0% used [0x00007fad73ce0000, 0x00007fad73ce0000, 0x00007fad89840000)
 tenured generation   total 7115220K, used 533696K [0x00007fb205b50000, 0x00007fb3b7fc5000, 0x00007fbcb0600000)
   the space 7115220K,   7% used [0x00007fb205b50000, 0x00007fb226480148, 0x00007fb226480200, 0x00007fb3b7fc5000)
 Metaspace       used 23059K, capacity 23401K, committed 23552K, reserved 24576K
}
Event: 58.178 GC heap before
{Heap before GC invocations=14 (full 8):
 def new generation   total 3201920K, used 56233K [0x00007facb0600000, 0x00007fad89840000, 0x00007fb205b50000)
  eden space 2846208K,   1% used [0x00007facb0600000, 0x00007facb3cea4c0, 0x00007fad5e180000)
  from space 355712K,   0% used [0x00007fad5e180000, 0x00007fad5e180000, 0x00007fad73ce0000)
  to   space 355712K,   0% used [0x00007fad73ce0000, 0x00007fad73ce0000, 0x00007fad89840000)
 tenured generation   total 7115220K, used 4728000K [0x00007fb205b50000, 0x00007fb3b7fc5000, 0x00007fbcb0600000)
   the space 7115220K,  66% used [0x00007fb205b50000, 0x00007fb326480160, 0x00007fb326480200, 0x00007fb3b7fc5000)
 Metaspace       used 23059K, capacity 23401K, committed 23552K, reserved 24576K
}
Event: 58.194 GC heap after
{Heap after GC invocations=15 (full 8):
 def new generation   total 3201920K, used 0K [0x00007facb0600000, 0x00007fad89840000, 0x00007fb205b50000)
  eden space 2846208K,   0% used [0x00007facb0600000, 0x00007facb0600000, 0x00007fad5e180000)
  from space 355712K,   0% used [0x00007fad73ce0000, 0x00007fad73ce0120, 0x00007fad89840000)
  to   space 355712K,   0% used [0x00007fad5e180000, 0x00007fad5e180000, 0x00007fad73ce0000)
 tenured generation   total 7115220K, used 4728000K [0x00007fb205b50000, 0x00007fb3b7fc5000, 0x00007fbcb0600000)
   the space 7115220K,  66% used [0x00007fb205b50000, 0x00007fb326480160, 0x00007fb326480200, 0x00007fb3b7fc5000)
 Metaspace       used 23059K, capacity 23401K, committed 23552K, reserved 24576K
}
Event: 58.194 GC heap before
{Heap before GC invocations=15 (full 8):
 def new generation   total 3201920K, used 0K [0x00007facb0600000, 0x00007fad89840000, 0x00007fb205b50000)
  eden space 2846208K,   0% used [0x00007facb0600000, 0x00007facb0600000, 0x00007fad5e180000)
  from space 355712K,   0% used [0x00007fad73ce0000, 0x00007fad73ce0120, 0x00007fad89840000)
  to   space 355712K,   0% used [0x00007fad5e180000, 0x00007fad5e180000, 0x00007fad73ce0000)
 tenured generation   total 7115220K, used 4728000K [0x00007fb205b50000, 0x00007fb3b7fc5000, 0x00007fbcb0600000)
   the space 7115220K,  66% used [0x00007fb205b50000, 0x00007fb326480160, 0x00007fb326480200, 0x00007fb3b7fc5000)
 Metaspace       used 23059K, capacity 23401K, committed 23552K, reserved 24576K
}
Event: 60.506 GC heap after
{Heap after GC invocations=15 (full 9):
 def new generation   total 3201920K, used 0K [0x00007facb0600000, 0x00007fad89840000, 0x00007fb205b50000)
  eden space 2846208K,   0% used [0x00007facb0600000, 0x00007facb0600000, 0x00007fad5e180000)
  from space 355712K,   0% used [0x00007fad73ce0000, 0x00007fad73ce0000, 0x00007fad89840000)
  to   space 355712K,   0% used [0x00007fad5e180000, 0x00007fad5e180000, 0x00007fad73ce0000)
 tenured generation   total 7115220K, used 4203711K [0x00007fb205b50000, 0x00007fb3b7fc5000, 0x00007fbcb0600000)
   the space 7115220K,  59% used [0x00007fb205b50000, 0x00007fb30647fd90, 0x00007fb30647fe00, 0x00007fb3b7fc5000)
 Metaspace       used 23059K, capacity 23401K, committed 23552K, reserved 24576K
}

