# JRE version: OpenJDK Runtime Environment (13.0.7+5) (build 13.0.7+5-Ubuntu-0ubuntu120.04)
# Java VM: OpenJDK 64-Bit Server VM (13.0.7+5-Ubuntu-0ubuntu120.04, mixed mode, tiered, serial gc, linux-amd64)
Heap:
 def new generation   total 629248K, used 0K [0x00007fcf38600000, 0x00007fcf630c0000, 0x00007fd48db50000)
  eden space 559360K,   0% used [0x00007fcf38600000, 0x00007fcf38600000, 0x00007fcf5a840000)
  from space 69888K,   0% used [0x00007fcf5a840000, 0x00007fcf5a840000, 0x00007fcf5ec80000)
  to   space 69888K,   0% used [0x00007fcf5ec80000, 0x00007fcf5ec80000, 0x00007fcf630c0000)
 tenured generation   total 9786756K, used 8436049K [0x00007fd48db50000, 0x00007fd6e30b1000, 0x00007fdf38600000)
   the space 9786756K,  86% used [0x00007fd48db50000, 0x00007fd6909a4738, 0x00007fd6909a4800, 0x00007fd6e30b1000)
 Metaspace       used 23231K, capacity 23595K, committed 23808K, reserved 24576K
GC Heap History (13 events):
Event: 2.394 GC heap before
{Heap before GC invocations=0 (full 0):
 def new generation   total 629120K, used 123031K [0x00007fcf38600000, 0x00007fcf630a0000, 0x00007fd48db50000)
  eden space 559232K,  22% used [0x00007fcf38600000, 0x00007fcf3fe25f20, 0x00007fcf5a820000)
  from space 69888K,   0% used [0x00007fcf5a820000, 0x00007fcf5a820000, 0x00007fcf5ec60000)
  to   space 69888K,   0% used [0x00007fcf5ec60000, 0x00007fcf5ec60000, 0x00007fcf630a0000)
 tenured generation   total 1398144K, used 0K [0x00007fd48db50000, 0x00007fd4e30b0000, 0x00007fdf38600000)
   the space 1398144K,   0% used [0x00007fd48db50000, 0x00007fd48db50000, 0x00007fd48db50200, 0x00007fd4e30b0000)
 Metaspace       used 20925K, capacity 21222K, committed 21248K, reserved 22528K
}
Event: 2.448 GC heap after
{Heap after GC invocations=1 (full 1):
 def new generation   total 629248K, used 0K [0x00007fcf38600000, 0x00007fcf630c0000, 0x00007fd48db50000)
  eden space 559360K,   0% used [0x00007fcf38600000, 0x00007fcf38600000, 0x00007fcf5a840000)
  from space 69888K,   0% used [0x00007fcf5a840000, 0x00007fcf5a840000, 0x00007fcf5ec80000)
  to   space 69888K,   0% used [0x00007fcf5ec80000, 0x00007fcf5ec80000, 0x00007fcf630c0000)
 tenured generation   total 1398144K, used 13998K [0x00007fd48db50000, 0x00007fd4e30b0000, 0x00007fdf38600000)
   the space 1398144K,   1% used [0x00007fd48db50000, 0x00007fd48e8fb9b0, 0x00007fd48e8fba00, 0x00007fd4e30b0000)
 Metaspace       used 20925K, capacity 21222K, committed 21248K, reserved 22528K
}
Event: 3.974 GC heap before
{Heap before GC invocations=1 (full 1):
 def new generation   total 629248K, used 559360K [0x00007fcf38600000, 0x00007fcf630c0000, 0x00007fd48db50000)
  eden space 559360K, 100% used [0x00007fcf38600000, 0x00007fcf5a840000, 0x00007fcf5a840000)
  from space 69888K,   0% used [0x00007fcf5a840000, 0x00007fcf5a840000, 0x00007fcf5ec80000)
  to   space 69888K,   0% used [0x00007fcf5ec80000, 0x00007fcf5ec80000, 0x00007fcf630c0000)
 tenured generation   total 1398144K, used 13998K [0x00007fd48db50000, 0x00007fd4e30b0000, 0x00007fdf38600000)
   the space 1398144K,   1% used [0x00007fd48db50000, 0x00007fd48e8fb9b0, 0x00007fd48e8fba00, 0x00007fd4e30b0000)
 Metaspace       used 23033K, capacity 23389K, committed 23552K, reserved 24576K
}
Event: 3.979 GC heap after
{Heap after GC invocations=2 (full 1):
 def new generation   total 629248K, used 879K [0x00007fcf38600000, 0x00007fcf630c0000, 0x00007fd48db50000)
  eden space 559360K,   0% used [0x00007fcf38600000, 0x00007fcf38600000, 0x00007fcf5a840000)
  from space 69888K,   1% used [0x00007fcf5ec80000, 0x00007fcf5ed5bda8, 0x00007fcf630c0000)
  to   space 69888K,   0% used [0x00007fcf5a840000, 0x00007fcf5a840000, 0x00007fcf5ec80000)
 tenured generation   total 1398144K, used 13998K [0x00007fd48db50000, 0x00007fd4e30b0000, 0x00007fdf38600000)
   the space 1398144K,   1% used [0x00007fd48db50000, 0x00007fd48e8fb9b0, 0x00007fd48e8fba00, 0x00007fd4e30b0000)
 Metaspace       used 23033K, capacity 23389K, committed 23552K, reserved 24576K
}
Event: 4.551 GC heap before
{Heap before GC invocations=2 (full 1):
 def new generation   total 629248K, used 476964K [0x00007fcf38600000, 0x00007fcf630c0000, 0x00007fd48db50000)
  eden space 559360K,  85% used [0x00007fcf38600000, 0x00007fcf556ed3d8, 0x00007fcf5a840000)
  from space 69888K,   1% used [0x00007fcf5ec80000, 0x00007fcf5ed5bda8, 0x00007fcf630c0000)
  to   space 69888K,   0% used [0x00007fcf5a840000, 0x00007fcf5a840000, 0x00007fcf5ec80000)
 tenured generation   total 1398144K, used 13998K [0x00007fd48db50000, 0x00007fd4e30b0000, 0x00007fdf38600000)
   the space 1398144K,   1% used [0x00007fd48db50000, 0x00007fd48e8fb9b0, 0x00007fd48e8fba00, 0x00007fd4e30b0000)
 Metaspace       used 23211K, capacity 23594K, committed 23808K, reserved 24576K
}
Event: 4.627 GC heap after
{Heap after GC invocations=3 (full 1):
 def new generation   total 629248K, used 1031K [0x00007fcf38600000, 0x00007fcf630c0000, 0x00007fd48db50000)
  eden space 559360K,   0% used [0x00007fcf38600000, 0x00007fcf38600000, 0x00007fcf5a840000)
  from space 69888K,   1% used [0x00007fcf5a840000, 0x00007fcf5a941ec8, 0x00007fcf5ec80000)
  to   space 69888K,   0% used [0x00007fcf5ec80000, 0x00007fcf5ec80000, 0x00007fcf630c0000)
 tenured generation   total 1398144K, used 145070K [0x00007fd48db50000, 0x00007fd4e30b0000, 0x00007fdf38600000)
   the space 1398144K,  10% used [0x00007fd48db50000, 0x00007fd4968fb9c8, 0x00007fd4968fba00, 0x00007fd4e30b0000)
 Metaspace       used 23211K, capacity 23594K, committed 23808K, reserved 24576K
}
Event: 5.089 GC heap before
{Heap before GC invocations=3 (full 1):
 def new generation   total 629248K, used 459012K [0x00007fcf38600000, 0x00007fcf630c0000, 0x00007fd48db50000)
  eden space 559360K,  81% used [0x00007fcf38600000, 0x00007fcf5453f340, 0x00007fcf5a840000)
  from space 69888K,   1% used [0x00007fcf5a840000, 0x00007fcf5a941ec8, 0x00007fcf5ec80000)
  to   space 69888K,   0% used [0x00007fcf5ec80000, 0x00007fcf5ec80000, 0x00007fcf630c0000)
 tenured generation   total 1398144K, used 145070K [0x00007fd48db50000, 0x00007fd4e30b0000, 0x00007fdf38600000)
   the space 1398144K,  10% used [0x00007fd48db50000, 0x00007fd4968fb9c8, 0x00007fd4968fba00, 0x00007fd4e30b0000)
 Metaspace       used 23231K, capacity 23595K, committed 23808K, reserved 24576K
}
Event: 5.121 GC heap after
{Heap after GC invocations=4 (full 1):
 def new generation   total 629248K, used 33836K [0x00007fcf38600000, 0x00007fcf630c0000, 0x00007fd48db50000)
  eden space 559360K,   0% used [0x00007fcf38600000, 0x00007fcf38600000, 0x00007fcf5a840000)
  from space 69888K,  48% used [0x00007fcf5ec80000, 0x00007fcf60d8b398, 0x00007fcf630c0000)
  to   space 69888K,   0% used [0x00007fcf5a840000, 0x00007fcf5a840000, 0x00007fcf5ec80000)
 tenured generation   total 1398144K, used 145070K [0x00007fd48db50000, 0x00007fd4e30b0000, 0x00007fdf38600000)
   the space 1398144K,  10% used [0x00007fd48db50000, 0x00007fd4968fb9c8, 0x00007fd4968fba00, 0x00007fd4e30b0000)
 Metaspace       used 23231K, capacity 23595K, committed 23808K, reserved 24576K
}
Event: 5.121 GC heap before
{Heap before GC invocations=4 (full 1):
 def new generation   total 629248K, used 33836K [0x00007fcf38600000, 0x00007fcf630c0000, 0x00007fd48db50000)
  eden space 559360K,   0% used [0x00007fcf38600000, 0x00007fcf38600000, 0x00007fcf5a840000)
  from space 69888K,  48% used [0x00007fcf5ec80000, 0x00007fcf60d8b398, 0x00007fcf630c0000)
  to   space 69888K,   0% used [0x00007fcf5a840000, 0x00007fcf5a840000, 0x00007fcf5ec80000)
 tenured generation   total 1398144K, used 145070K [0x00007fd48db50000, 0x00007fd4e30b0000, 0x00007fdf38600000)
   the space 1398144K,  10% used [0x00007fd48db50000, 0x00007fd4968fb9c8, 0x00007fd4968fba00, 0x00007fd4e30b0000)
 Metaspace       used 23231K, capacity 23595K, committed 23808K, reserved 24576K
}
Event: 5.177 GC heap after
{Heap after GC invocations=4 (full 2):
 def new generation   total 629248K, used 0K [0x00007fcf38600000, 0x00007fcf630c0000, 0x00007fd48db50000)
  eden space 559360K,   0% used [0x00007fcf38600000, 0x00007fcf38600000, 0x00007fcf5a840000)
  from space 69888K,   0% used [0x00007fcf5ec80000, 0x00007fcf5ec80000, 0x00007fcf630c0000)
  to   space 69888K,   0% used [0x00007fcf5a840000, 0x00007fcf5a840000, 0x00007fcf5ec80000)
 tenured generation   total 1398144K, used 47441K [0x00007fd48db50000, 0x00007fd4e30b0000, 0x00007fdf38600000)
   the space 1398144K,   3% used [0x00007fd48db50000, 0x00007fd4909a45a8, 0x00007fd4909a4600, 0x00007fd4e30b0000)
 Metaspace       used 23231K, capacity 23595K, committed 23808K, reserved 24576K
}
Event: 16.391 GC heap before
{Heap before GC invocations=4 (full 2):
 def new generation   total 629248K, used 11034K [0x00007fcf38600000, 0x00007fcf630c0000, 0x00007fd48db50000)
  eden space 559360K,   1% used [0x00007fcf38600000, 0x00007fcf390c6b20, 0x00007fcf5a840000)
  from space 69888K,   0% used [0x00007fcf5ec80000, 0x00007fcf5ec80000, 0x00007fcf630c0000)
  to   space 69888K,   0% used [0x00007fcf5a840000, 0x00007fcf5a840000, 0x00007fcf5ec80000)
 tenured generation   total 9786756K, used 8436049K [0x00007fd48db50000, 0x00007fd6e30b1000, 0x00007fdf38600000)
   the space 9786756K,  86% used [0x00007fd48db50000, 0x00007fd6909a45c0, 0x00007fd6909a4600, 0x00007fd6e30b1000)
 Metaspace       used 23231K, capacity 23595K, committed 23808K, reserved 24576K
}
Event: 16.401 GC heap after
{Heap after GC invocations=5 (full 2):
 def new generation   total 629248K, used 0K [0x00007fcf38600000, 0x00007fcf630c0000, 0x00007fd48db50000)
  eden space 559360K,   0% used [0x00007fcf38600000, 0x00007fcf38600000, 0x00007fcf5a840000)
  from space 69888K,   0% used [0x00007fcf5a840000, 0x00007fcf5a840178, 0x00007fcf5ec80000)
  to   space 69888K,   0% used [0x00007fcf5ec80000, 0x00007fcf5ec80000, 0x00007fcf630c0000)
 tenured generation   total 9786756K, used 8436049K [0x00007fd48db50000, 0x00007fd6e30b1000, 0x00007fdf38600000)
   the space 9786756K,  86% used [0x00007fd48db50000, 0x00007fd6909a45c0, 0x00007fd6909a4600, 0x00007fd6e30b1000)
 Metaspace       used 23231K, capacity 23595K, committed 23808K, reserved 24576K
}
Event: 16.401 GC heap before
{Heap before GC invocations=5 (full 2):
 def new generation   total 629248K, used 0K [0x00007fcf38600000, 0x00007fcf630c0000, 0x00007fd48db50000)
  eden space 559360K,   0% used [0x00007fcf38600000, 0x00007fcf38600000, 0x00007fcf5a840000)
  from space 69888K,   0% used [0x00007fcf5a840000, 0x00007fcf5a840178, 0x00007fcf5ec80000)
  to   space 69888K,   0% used [0x00007fcf5ec80000, 0x00007fcf5ec80000, 0x00007fcf630c0000)
 tenured generation   total 9786756K, used 8436049K [0x00007fd48db50000, 0x00007fd6e30b1000, 0x00007fdf38600000)
   the space 9786756K,  86% used [0x00007fd48db50000, 0x00007fd6909a45c0, 0x00007fd6909a4600, 0x00007fd6e30b1000)
 Metaspace       used 23231K, capacity 23595K, committed 23808K, reserved 24576K
}

