# JRE version: OpenJDK Runtime Environment (13.0.7+5) (build 13.0.7+5-Ubuntu-0ubuntu120.04)
# Java VM: OpenJDK 64-Bit Server VM (13.0.7+5-Ubuntu-0ubuntu120.04, mixed mode, tiered, serial gc, linux-amd64)
Heap:
 def new generation   total 1643456K, used 70901K [0x00007f20fc600000, 0x00007f216bd40000, 0x00007f2ba70a0000)
  eden space 1460864K,   4% used [0x00007f20fc600000, 0x00007f2100b3d458, 0x00007f21558a0000)
  from space 182592K,   0% used [0x00007f2160af0000, 0x00007f2160af0000, 0x00007f216bd40000)
  to   space 182592K,   0% used [0x00007f21558a0000, 0x00007f21558a0000, 0x00007f2160af0000)
 tenured generation   total 3668408K, used 3664572K [0x00007f2ba70a0000, 0x00007f2c86f0e000, 0x00007f40fc600000)
   the space 3668408K,  99% used [0x00007f2ba70a0000, 0x00007f2c86b4f3e8, 0x00007f2c86b4f400, 0x00007f2c86f0e000)
 Metaspace       used 24262K, capacity 24639K, committed 24832K, reserved 26624K
GC Heap History (20 events):
Event: 1085.834 GC heap after
{Heap after GC invocations=1296 (full 5):
 def new generation   total 1643456K, used 84781K [0x00007f20fc600000, 0x00007f216bd40000, 0x00007f2ba70a0000)
  eden space 1460864K,   0% used [0x00007f20fc600000, 0x00007f20fc600000, 0x00007f21558a0000)
  from space 182592K,  46% used [0x00007f21558a0000, 0x00007f215ab6b590, 0x00007f2160af0000)
  to   space 182592K,   0% used [0x00007f2160af0000, 0x00007f2160af0000, 0x00007f216bd40000)
 tenured generation   total 3652020K, used 3602373K [0x00007f2ba70a0000, 0x00007f2c85f0d000, 0x00007f40fc600000)
   the space 3652020K,  98% used [0x00007f2ba70a0000, 0x00007f2c82e91738, 0x00007f2c82e91800, 0x00007f2c85f0d000)
 Metaspace       used 24262K, capacity 24639K, committed 24832K, reserved 26624K
}
Event: 1086.995 GC heap before
{Heap before GC invocations=1296 (full 5):
 def new generation   total 1643456K, used 1535614K [0x00007f20fc600000, 0x00007f216bd40000, 0x00007f2ba70a0000)
  eden space 1460864K,  99% used [0x00007f20fc600000, 0x00007f2154ed44d8, 0x00007f21558a0000)
  from space 182592K,  46% used [0x00007f21558a0000, 0x00007f215ab6b590, 0x00007f2160af0000)
  to   space 182592K,   0% used [0x00007f2160af0000, 0x00007f2160af0000, 0x00007f216bd40000)
 tenured generation   total 3652020K, used 3602373K [0x00007f2ba70a0000, 0x00007f2c85f0d000, 0x00007f40fc600000)
   the space 3652020K,  98% used [0x00007f2ba70a0000, 0x00007f2c82e91738, 0x00007f2c82e91800, 0x00007f2c85f0d000)
 Metaspace       used 24262K, capacity 24639K, committed 24832K, reserved 26624K
}
Event: 1087.066 GC heap after
{Heap after GC invocations=1297 (full 5):
 def new generation   total 1643456K, used 102754K [0x00007f20fc600000, 0x00007f216bd40000, 0x00007f2ba70a0000)
  eden space 1460864K,   0% used [0x00007f20fc600000, 0x00007f20fc600000, 0x00007f21558a0000)
  from space 182592K,  56% used [0x00007f2160af0000, 0x00007f2166f48ba0, 0x00007f216bd40000)
  to   space 182592K,   0% used [0x00007f21558a0000, 0x00007f21558a0000, 0x00007f2160af0000)
 tenured generation   total 3652020K, used 3602373K [0x00007f2ba70a0000, 0x00007f2c85f0d000, 0x00007f40fc600000)
   the space 3652020K,  98% used [0x00007f2ba70a0000, 0x00007f2c82e91738, 0x00007f2c82e91800, 0x00007f2c85f0d000)
 Metaspace       used 24262K, capacity 24639K, committed 24832K, reserved 26624K
}
Event: 1088.784 GC heap before
{Heap before GC invocations=1297 (full 5):
 def new generation   total 1643456K, used 1549954K [0x00007f20fc600000, 0x00007f216bd40000, 0x00007f2ba70a0000)
  eden space 1460864K,  99% used [0x00007f20fc600000, 0x00007f2154b47eb8, 0x00007f21558a0000)
  from space 182592K,  56% used [0x00007f2160af0000, 0x00007f2166f48ba0, 0x00007f216bd40000)
  to   space 182592K,   0% used [0x00007f21558a0000, 0x00007f21558a0000, 0x00007f2160af0000)
 tenured generation   total 3652020K, used 3602373K [0x00007f2ba70a0000, 0x00007f2c85f0d000, 0x00007f40fc600000)
   the space 3652020K,  98% used [0x00007f2ba70a0000, 0x00007f2c82e91738, 0x00007f2c82e91800, 0x00007f2c85f0d000)
 Metaspace       used 24262K, capacity 24639K, committed 24832K, reserved 26624K
}
Event: 1088.860 GC heap after
{Heap after GC invocations=1298 (full 5):
 def new generation   total 1643456K, used 76577K [0x00007f20fc600000, 0x00007f216bd40000, 0x00007f2ba70a0000)
  eden space 1460864K,   0% used [0x00007f20fc600000, 0x00007f20fc600000, 0x00007f21558a0000)
  from space 182592K,  41% used [0x00007f21558a0000, 0x00007f215a368650, 0x00007f2160af0000)
  to   space 182592K,   0% used [0x00007f2160af0000, 0x00007f2160af0000, 0x00007f216bd40000)
 tenured generation   total 3652020K, used 3619332K [0x00007f2ba70a0000, 0x00007f2c85f0d000, 0x00007f40fc600000)
   the space 3652020K,  99% used [0x00007f2ba70a0000, 0x00007f2c83f212b0, 0x00007f2c83f21400, 0x00007f2c85f0d000)
 Metaspace       used 24262K, capacity 24639K, committed 24832K, reserved 26624K
}
Event: 1090.417 GC heap before
{Heap before GC invocations=1298 (full 5):
 def new generation   total 1643456K, used 1537441K [0x00007f20fc600000, 0x00007f216bd40000, 0x00007f2ba70a0000)
  eden space 1460864K, 100% used [0x00007f20fc600000, 0x00007f21558a0000, 0x00007f21558a0000)
  from space 182592K,  41% used [0x00007f21558a0000, 0x00007f215a368650, 0x00007f2160af0000)
  to   space 182592K,   0% used [0x00007f2160af0000, 0x00007f2160af0000, 0x00007f216bd40000)
 tenured generation   total 3652020K, used 3619332K [0x00007f2ba70a0000, 0x00007f2c85f0d000, 0x00007f40fc600000)
   the space 3652020K,  99% used [0x00007f2ba70a0000, 0x00007f2c83f212b0, 0x00007f2c83f21400, 0x00007f2c85f0d000)
 Metaspace       used 24262K, capacity 24639K, committed 24832K, reserved 26624K
}
Event: 1090.473 GC heap after
{Heap after GC invocations=1299 (full 5):
 def new generation   total 1643456K, used 83748K [0x00007f20fc600000, 0x00007f216bd40000, 0x00007f2ba70a0000)
  eden space 1460864K,   0% used [0x00007f20fc600000, 0x00007f20fc600000, 0x00007f21558a0000)
  from space 182592K,  45% used [0x00007f2160af0000, 0x00007f2165cb91c8, 0x00007f216bd40000)
  to   space 182592K,   0% used [0x00007f21558a0000, 0x00007f21558a0000, 0x00007f2160af0000)
 tenured generation   total 3652020K, used 3619332K [0x00007f2ba70a0000, 0x00007f2c85f0d000, 0x00007f40fc600000)
   the space 3652020K,  99% used [0x00007f2ba70a0000, 0x00007f2c83f212b0, 0x00007f2c83f21400, 0x00007f2c85f0d000)
 Metaspace       used 24262K, capacity 24639K, committed 24832K, reserved 26624K
}
Event: 1091.659 GC heap before
{Heap before GC invocations=1299 (full 5):
 def new generation   total 1643456K, used 1544612K [0x00007f20fc600000, 0x00007f216bd40000, 0x00007f2ba70a0000)
  eden space 1460864K, 100% used [0x00007f20fc600000, 0x00007f21558a0000, 0x00007f21558a0000)
  from space 182592K,  45% used [0x00007f2160af0000, 0x00007f2165cb91c8, 0x00007f216bd40000)
  to   space 182592K,   0% used [0x00007f21558a0000, 0x00007f21558a0000, 0x00007f2160af0000)
 tenured generation   total 3652020K, used 3619332K [0x00007f2ba70a0000, 0x00007f2c85f0d000, 0x00007f40fc600000)
   the space 3652020K,  99% used [0x00007f2ba70a0000, 0x00007f2c83f212b0, 0x00007f2c83f21400, 0x00007f2c85f0d000)
 Metaspace       used 24262K, capacity 24639K, committed 24832K, reserved 26624K
}
Event: 1091.712 GC heap after
{Heap after GC invocations=1300 (full 5):
 def new generation   total 1643456K, used 84792K [0x00007f20fc600000, 0x00007f216bd40000, 0x00007f2ba70a0000)
  eden space 1460864K,   0% used [0x00007f20fc600000, 0x00007f20fc600000, 0x00007f21558a0000)
  from space 182592K,  46% used [0x00007f21558a0000, 0x00007f215ab6e1e0, 0x00007f2160af0000)
  to   space 182592K,   0% used [0x00007f2160af0000, 0x00007f2160af0000, 0x00007f216bd40000)
 tenured generation   total 3652020K, used 3619332K [0x00007f2ba70a0000, 0x00007f2c85f0d000, 0x00007f40fc600000)
   the space 3652020K,  99% used [0x00007f2ba70a0000, 0x00007f2c83f212b0, 0x00007f2c83f21400, 0x00007f2c85f0d000)
 Metaspace       used 24262K, capacity 24639K, committed 24832K, reserved 26624K
}
Event: 1093.238 GC heap before
{Heap before GC invocations=1300 (full 5):
 def new generation   total 1643456K, used 1539531K [0x00007f20fc600000, 0x00007f216bd40000, 0x00007f2ba70a0000)
  eden space 1460864K,  99% used [0x00007f20fc600000, 0x00007f21552a4d40, 0x00007f21558a0000)
  from space 182592K,  46% used [0x00007f21558a0000, 0x00007f215ab6e1e0, 0x00007f2160af0000)
  to   space 182592K,   0% used [0x00007f2160af0000, 0x00007f2160af0000, 0x00007f216bd40000)
 tenured generation   total 3652020K, used 3619332K [0x00007f2ba70a0000, 0x00007f2c85f0d000, 0x00007f40fc600000)
   the space 3652020K,  99% used [0x00007f2ba70a0000, 0x00007f2c83f212b0, 0x00007f2c83f21400, 0x00007f2c85f0d000)
 Metaspace       used 24262K, capacity 24639K, committed 24832K, reserved 26624K
}
Event: 1093.297 GC heap after
{Heap after GC invocations=1301 (full 5):
 def new generation   total 1643456K, used 92506K [0x00007f20fc600000, 0x00007f216bd40000, 0x00007f2ba70a0000)
  eden space 1460864K,   0% used [0x00007f20fc600000, 0x00007f20fc600000, 0x00007f21558a0000)
  from space 182592K,  50% used [0x00007f2160af0000, 0x00007f2166546a70, 0x00007f216bd40000)
  to   space 182592K,   0% used [0x00007f21558a0000, 0x00007f21558a0000, 0x00007f2160af0000)
 tenured generation   total 3652020K, used 3619332K [0x00007f2ba70a0000, 0x00007f2c85f0d000, 0x00007f40fc600000)
   the space 3652020K,  99% used [0x00007f2ba70a0000, 0x00007f2c83f212b0, 0x00007f2c83f21400, 0x00007f2c85f0d000)
 Metaspace       used 24262K, capacity 24639K, committed 24832K, reserved 26624K
}
Event: 1094.843 GC heap before
{Heap before GC invocations=1301 (full 5):
 def new generation   total 1643456K, used 1553370K [0x00007f20fc600000, 0x00007f216bd40000, 0x00007f2ba70a0000)
  eden space 1460864K, 100% used [0x00007f20fc600000, 0x00007f21558a0000, 0x00007f21558a0000)
  from space 182592K,  50% used [0x00007f2160af0000, 0x00007f2166546a70, 0x00007f216bd40000)
  to   space 182592K,   0% used [0x00007f21558a0000, 0x00007f21558a0000, 0x00007f2160af0000)
 tenured generation   total 3652020K, used 3619332K [0x00007f2ba70a0000, 0x00007f2c85f0d000, 0x00007f40fc600000)
   the space 3652020K,  99% used [0x00007f2ba70a0000, 0x00007f2c83f212b0, 0x00007f2c83f21400, 0x00007f2c85f0d000)
 Metaspace       used 24262K, capacity 24639K, committed 24832K, reserved 26624K
}
Event: 1094.931 GC heap after
{Heap after GC invocations=1302 (full 5):
 def new generation   total 1643456K, used 82724K [0x00007f20fc600000, 0x00007f216bd40000, 0x00007f2ba70a0000)
  eden space 1460864K,   0% used [0x00007f20fc600000, 0x00007f20fc600000, 0x00007f21558a0000)
  from space 182592K,  45% used [0x00007f21558a0000, 0x00007f215a969140, 0x00007f2160af0000)
  to   space 182592K,   0% used [0x00007f2160af0000, 0x00007f2160af0000, 0x00007f216bd40000)
 tenured generation   total 3652020K, used 3636291K [0x00007f2ba70a0000, 0x00007f2c85f0d000, 0x00007f40fc600000)
   the space 3652020K,  99% used [0x00007f2ba70a0000, 0x00007f2c84fb0e28, 0x00007f2c84fb1000, 0x00007f2c85f0d000)
 Metaspace       used 24262K, capacity 24639K, committed 24832K, reserved 26624K
}
Event: 1096.367 GC heap before
{Heap before GC invocations=1302 (full 5):
 def new generation   total 1643456K, used 1543588K [0x00007f20fc600000, 0x00007f216bd40000, 0x00007f2ba70a0000)
  eden space 1460864K, 100% used [0x00007f20fc600000, 0x00007f21558a0000, 0x00007f21558a0000)
  from space 182592K,  45% used [0x00007f21558a0000, 0x00007f215a969140, 0x00007f2160af0000)
  to   space 182592K,   0% used [0x00007f2160af0000, 0x00007f2160af0000, 0x00007f216bd40000)
 tenured generation   total 3652020K, used 3636291K [0x00007f2ba70a0000, 0x00007f2c85f0d000, 0x00007f40fc600000)
   the space 3652020K,  99% used [0x00007f2ba70a0000, 0x00007f2c84fb0e28, 0x00007f2c84fb1000, 0x00007f2c85f0d000)
 Metaspace       used 24262K, capacity 24639K, committed 24832K, reserved 26624K
}
Event: 1096.432 GC heap after
{Heap after GC invocations=1303 (full 5):
 def new generation   total 1643456K, used 84792K [0x00007f20fc600000, 0x00007f216bd40000, 0x00007f2ba70a0000)
  eden space 1460864K,   0% used [0x00007f20fc600000, 0x00007f20fc600000, 0x00007f21558a0000)
  from space 182592K,  46% used [0x00007f2160af0000, 0x00007f2165dbe010, 0x00007f216bd40000)
  to   space 182592K,   0% used [0x00007f21558a0000, 0x00007f21558a0000, 0x00007f2160af0000)
 tenured generation   total 3652020K, used 3636291K [0x00007f2ba70a0000, 0x00007f2c85f0d000, 0x00007f40fc600000)
   the space 3652020K,  99% used [0x00007f2ba70a0000, 0x00007f2c84fb0e28, 0x00007f2c84fb1000, 0x00007f2c85f0d000)
 Metaspace       used 24262K, capacity 24639K, committed 24832K, reserved 26624K
}
Event: 1098.027 GC heap before
{Heap before GC invocations=1303 (full 5):
 def new generation   total 1643456K, used 1545270K [0x00007f20fc600000, 0x00007f216bd40000, 0x00007f2ba70a0000)
  eden space 1460864K,  99% used [0x00007f20fc600000, 0x00007f215583fa10, 0x00007f21558a0000)
  from space 182592K,  46% used [0x00007f2160af0000, 0x00007f2165dbe010, 0x00007f216bd40000)
  to   space 182592K,   0% used [0x00007f21558a0000, 0x00007f21558a0000, 0x00007f2160af0000)
 tenured generation   total 3652020K, used 3636291K [0x00007f2ba70a0000, 0x00007f2c85f0d000, 0x00007f40fc600000)
   the space 3652020K,  99% used [0x00007f2ba70a0000, 0x00007f2c84fb0e28, 0x00007f2c84fb1000, 0x00007f2c85f0d000)
 Metaspace       used 24262K, capacity 24639K, committed 24832K, reserved 26624K
}
Event: 1098.093 GC heap after
{Heap after GC invocations=1304 (full 5):
 def new generation   total 1643456K, used 107401K [0x00007f20fc600000, 0x00007f216bd40000, 0x00007f2ba70a0000)
  eden space 1460864K,   0% used [0x00007f20fc600000, 0x00007f20fc600000, 0x00007f21558a0000)
  from space 182592K,  58% used [0x00007f21558a0000, 0x00007f215c1826a8, 0x00007f2160af0000)
  to   space 182592K,   0% used [0x00007f2160af0000, 0x00007f2160af0000, 0x00007f216bd40000)
 tenured generation   total 3652020K, used 3636291K [0x00007f2ba70a0000, 0x00007f2c85f0d000, 0x00007f40fc600000)
   the space 3652020K,  99% used [0x00007f2ba70a0000, 0x00007f2c84fb0e28, 0x00007f2c84fb1000, 0x00007f2c85f0d000)
 Metaspace       used 24262K, capacity 24639K, committed 24832K, reserved 26624K
}
Event: 1099.640 GC heap before
{Heap before GC invocations=1304 (full 5):
 def new generation   total 1643456K, used 1568265K [0x00007f20fc600000, 0x00007f216bd40000, 0x00007f2ba70a0000)
  eden space 1460864K, 100% used [0x00007f20fc600000, 0x00007f21558a0000, 0x00007f21558a0000)
  from space 182592K,  58% used [0x00007f21558a0000, 0x00007f215c1826a8, 0x00007f2160af0000)
  to   space 182592K,   0% used [0x00007f2160af0000, 0x00007f2160af0000, 0x00007f216bd40000)
 tenured generation   total 3652020K, used 3636291K [0x00007f2ba70a0000, 0x00007f2c85f0d000, 0x00007f40fc600000)
   the space 3652020K,  99% used [0x00007f2ba70a0000, 0x00007f2c84fb0e28, 0x00007f2c84fb1000, 0x00007f2c85f0d000)
 Metaspace       used 24262K, capacity 24639K, committed 24832K, reserved 26624K
}
Event: 1099.723 GC heap after
{Heap after GC invocations=1305 (full 5):
 def new generation   total 1643456K, used 82223K [0x00007f20fc600000, 0x00007f216bd40000, 0x00007f2ba70a0000)
  eden space 1460864K,   0% used [0x00007f20fc600000, 0x00007f20fc600000, 0x00007f21558a0000)
  from space 182592K,  45% used [0x00007f2160af0000, 0x00007f2165b3bea0, 0x00007f216bd40000)
  to   space 182592K,   0% used [0x00007f21558a0000, 0x00007f21558a0000, 0x00007f2160af0000)
 tenured generation   total 3668408K, used 3653250K [0x00007f2ba70a0000, 0x00007f2c86f0e000, 0x00007f40fc600000)
   the space 3668408K,  99% used [0x00007f2ba70a0000, 0x00007f2c860409a0, 0x00007f2c86040a00, 0x00007f2c86f0e000)
 Metaspace       used 24262K, capacity 24639K, committed 24832K, reserved 26624K
}
Event: 1099.723 GC heap before
{Heap before GC invocations=1305 (full 5):
 def new generation   total 1643456K, used 82223K [0x00007f20fc600000, 0x00007f216bd40000, 0x00007f2ba70a0000)
  eden space 1460864K,   0% used [0x00007f20fc600000, 0x00007f20fc600000, 0x00007f21558a0000)
  from space 182592K,  45% used [0x00007f2160af0000, 0x00007f2165b3bea0, 0x00007f216bd40000)
  to   space 182592K,   0% used [0x00007f21558a0000, 0x00007f21558a0000, 0x00007f2160af0000)
 tenured generation   total 3668408K, used 3653250K [0x00007f2ba70a0000, 0x00007f2c86f0e000, 0x00007f40fc600000)
   the space 3668408K,  99% used [0x00007f2ba70a0000, 0x00007f2c860409a0, 0x00007f2c86040a00, 0x00007f2c86f0e000)
 Metaspace       used 24262K, capacity 24639K, committed 24832K, reserved 26624K
}

