# JRE version: OpenJDK Runtime Environment (13.0.7+5) (build 13.0.7+5-Ubuntu-0ubuntu120.04)
# Java VM: OpenJDK 64-Bit Server VM (13.0.7+5-Ubuntu-0ubuntu120.04, mixed mode, tiered, serial gc, linux-amd64)
Heap:
 def new generation   total 2914176K, used 35309K [0x00007f4ba0600000, 0x00007f4c66010000, 0x00007f50f5b50000)
  eden space 2590400K,   1% used [0x00007f4ba0600000, 0x00007f4ba287b7e8, 0x00007f4c3e7b0000)
  from space 323776K,   0% used [0x00007f4c3e7b0000, 0x00007f4c3e7b0000, 0x00007f4c523e0000)
  to   space 323776K,   0% used [0x00007f4c523e0000, 0x00007f4c523e0000, 0x00007f4c66010000)
 tenured generation   total 6476576K, used 6476575K [0x00007f50f5b50000, 0x00007f5281018000, 0x00007f5ba0600000)
   the space 6476576K,  99% used [0x00007f50f5b50000, 0x00007f5281017fe0, 0x00007f5281018000, 0x00007f5281018000)
 Metaspace       used 24348K, capacity 24700K, committed 24832K, reserved 26624K
GC Heap History (20 events):
Event: 7235.389 GC heap after
{Heap after GC invocations=7015 (full 4):
 def new generation   total 2914176K, used 33954K [0x00007f4ba0600000, 0x00007f4c66010000, 0x00007f50f5b50000)
  eden space 2590400K,   0% used [0x00007f4ba0600000, 0x00007f4ba0600000, 0x00007f4c3e7b0000)
  from space 323776K,  10% used [0x00007f4c523e0000, 0x00007f4c545088a8, 0x00007f4c66010000)
  to   space 323776K,   0% used [0x00007f4c3e7b0000, 0x00007f4c3e7b0000, 0x00007f4c523e0000)
 tenured generation   total 6475808K, used 6456184K [0x00007f50f5b50000, 0x00007f5280f58000, 0x00007f5ba0600000)
   the space 6475808K,  99% used [0x00007f50f5b50000, 0x00007f527fc2e0f0, 0x00007f527fc2e200, 0x00007f5280f58000)
 Metaspace       used 24348K, capacity 24700K, committed 24832K, reserved 26624K
}
Event: 7237.672 GC heap before
{Heap before GC invocations=7015 (full 4):
 def new generation   total 2914176K, used 2624354K [0x00007f4ba0600000, 0x00007f4c66010000, 0x00007f50f5b50000)
  eden space 2590400K, 100% used [0x00007f4ba0600000, 0x00007f4c3e7b0000, 0x00007f4c3e7b0000)
  from space 323776K,  10% used [0x00007f4c523e0000, 0x00007f4c545088a8, 0x00007f4c66010000)
  to   space 323776K,   0% used [0x00007f4c3e7b0000, 0x00007f4c3e7b0000, 0x00007f4c523e0000)
 tenured generation   total 6475808K, used 6456184K [0x00007f50f5b50000, 0x00007f5280f58000, 0x00007f5ba0600000)
   the space 6475808K,  99% used [0x00007f50f5b50000, 0x00007f527fc2e0f0, 0x00007f527fc2e200, 0x00007f5280f58000)
 Metaspace       used 24348K, capacity 24700K, committed 24832K, reserved 26624K
}
Event: 7237.771 GC heap after
{Heap after GC invocations=7016 (full 4):
 def new generation   total 2914176K, used 33407K [0x00007f4ba0600000, 0x00007f4c66010000, 0x00007f50f5b50000)
  eden space 2590400K,   0% used [0x00007f4ba0600000, 0x00007f4ba0600000, 0x00007f4c3e7b0000)
  from space 323776K,  10% used [0x00007f4c3e7b0000, 0x00007f4c4084fdc0, 0x00007f4c523e0000)
  to   space 323776K,   0% used [0x00007f4c523e0000, 0x00007f4c523e0000, 0x00007f4c66010000)
 tenured generation   total 6475808K, used 6458374K [0x00007f50f5b50000, 0x00007f5280f58000, 0x00007f5ba0600000)
   the space 6475808K,  99% used [0x00007f50f5b50000, 0x00007f527fe51bc0, 0x00007f527fe51c00, 0x00007f5280f58000)
 Metaspace       used 24348K, capacity 24700K, committed 24832K, reserved 26624K
}
Event: 7239.963 GC heap before
{Heap before GC invocations=7016 (full 4):
 def new generation   total 2914176K, used 2623807K [0x00007f4ba0600000, 0x00007f4c66010000, 0x00007f50f5b50000)
  eden space 2590400K, 100% used [0x00007f4ba0600000, 0x00007f4c3e7b0000, 0x00007f4c3e7b0000)
  from space 323776K,  10% used [0x00007f4c3e7b0000, 0x00007f4c4084fdc0, 0x00007f4c523e0000)
  to   space 323776K,   0% used [0x00007f4c523e0000, 0x00007f4c523e0000, 0x00007f4c66010000)
 tenured generation   total 6475808K, used 6458374K [0x00007f50f5b50000, 0x00007f5280f58000, 0x00007f5ba0600000)
   the space 6475808K,  99% used [0x00007f50f5b50000, 0x00007f527fe51bc0, 0x00007f527fe51c00, 0x00007f5280f58000)
 Metaspace       used 24348K, capacity 24700K, committed 24832K, reserved 26624K
}
Event: 7240.074 GC heap after
{Heap after GC invocations=7017 (full 4):
 def new generation   total 2914176K, used 34179K [0x00007f4ba0600000, 0x00007f4c66010000, 0x00007f50f5b50000)
  eden space 2590400K,   0% used [0x00007f4ba0600000, 0x00007f4ba0600000, 0x00007f4c3e7b0000)
  from space 323776K,  10% used [0x00007f4c523e0000, 0x00007f4c54540d78, 0x00007f4c66010000)
  to   space 323776K,   0% used [0x00007f4c3e7b0000, 0x00007f4c3e7b0000, 0x00007f4c523e0000)
 tenured generation   total 6475808K, used 6461901K [0x00007f50f5b50000, 0x00007f5280f58000, 0x00007f5ba0600000)
   the space 6475808K,  99% used [0x00007f50f5b50000, 0x00007f52801c34b8, 0x00007f52801c3600, 0x00007f5280f58000)
 Metaspace       used 24348K, capacity 24700K, committed 24832K, reserved 26624K
}
Event: 7242.405 GC heap before
{Heap before GC invocations=7017 (full 4):
 def new generation   total 2914176K, used 2624579K [0x00007f4ba0600000, 0x00007f4c66010000, 0x00007f50f5b50000)
  eden space 2590400K, 100% used [0x00007f4ba0600000, 0x00007f4c3e7b0000, 0x00007f4c3e7b0000)
  from space 323776K,  10% used [0x00007f4c523e0000, 0x00007f4c54540d78, 0x00007f4c66010000)
  to   space 323776K,   0% used [0x00007f4c3e7b0000, 0x00007f4c3e7b0000, 0x00007f4c523e0000)
 tenured generation   total 6475808K, used 6461901K [0x00007f50f5b50000, 0x00007f5280f58000, 0x00007f5ba0600000)
   the space 6475808K,  99% used [0x00007f50f5b50000, 0x00007f52801c34b8, 0x00007f52801c3600, 0x00007f5280f58000)
 Metaspace       used 24348K, capacity 24700K, committed 24832K, reserved 26624K
}
Event: 7242.499 GC heap after
{Heap after GC invocations=7018 (full 4):
 def new generation   total 2914176K, used 34009K [0x00007f4ba0600000, 0x00007f4c66010000, 0x00007f50f5b50000)
  eden space 2590400K,   0% used [0x00007f4ba0600000, 0x00007f4ba0600000, 0x00007f4c3e7b0000)
  from space 323776K,  10% used [0x00007f4c3e7b0000, 0x00007f4c408e6708, 0x00007f4c523e0000)
  to   space 323776K,   0% used [0x00007f4c523e0000, 0x00007f4c523e0000, 0x00007f4c66010000)
 tenured generation   total 6475808K, used 6463099K [0x00007f50f5b50000, 0x00007f5280f58000, 0x00007f5ba0600000)
   the space 6475808K,  99% used [0x00007f50f5b50000, 0x00007f52802eefd8, 0x00007f52802ef000, 0x00007f5280f58000)
 Metaspace       used 24348K, capacity 24700K, committed 24832K, reserved 26624K
}
Event: 7244.709 GC heap before
{Heap before GC invocations=7018 (full 4):
 def new generation   total 2914176K, used 2624409K [0x00007f4ba0600000, 0x00007f4c66010000, 0x00007f50f5b50000)
  eden space 2590400K, 100% used [0x00007f4ba0600000, 0x00007f4c3e7b0000, 0x00007f4c3e7b0000)
  from space 323776K,  10% used [0x00007f4c3e7b0000, 0x00007f4c408e6708, 0x00007f4c523e0000)
  to   space 323776K,   0% used [0x00007f4c523e0000, 0x00007f4c523e0000, 0x00007f4c66010000)
 tenured generation   total 6475808K, used 6463099K [0x00007f50f5b50000, 0x00007f5280f58000, 0x00007f5ba0600000)
   the space 6475808K,  99% used [0x00007f50f5b50000, 0x00007f52802eefd8, 0x00007f52802ef000, 0x00007f5280f58000)
 Metaspace       used 24348K, capacity 24700K, committed 24832K, reserved 26624K
}
Event: 7244.819 GC heap after
{Heap after GC invocations=7019 (full 4):
 def new generation   total 2914176K, used 32624K [0x00007f4ba0600000, 0x00007f4c66010000, 0x00007f50f5b50000)
  eden space 2590400K,   0% used [0x00007f4ba0600000, 0x00007f4ba0600000, 0x00007f4c3e7b0000)
  from space 323776K,  10% used [0x00007f4c523e0000, 0x00007f4c543bc088, 0x00007f4c66010000)
  to   space 323776K,   0% used [0x00007f4c3e7b0000, 0x00007f4c3e7b0000, 0x00007f4c523e0000)
 tenured generation   total 6475808K, used 6467795K [0x00007f50f5b50000, 0x00007f5280f58000, 0x00007f5ba0600000)
   the space 6475808K,  99% used [0x00007f50f5b50000, 0x00007f5280784c08, 0x00007f5280784e00, 0x00007f5280f58000)
 Metaspace       used 24348K, capacity 24700K, committed 24832K, reserved 26624K
}
Event: 7247.020 GC heap before
{Heap before GC invocations=7019 (full 4):
 def new generation   total 2914176K, used 2623024K [0x00007f4ba0600000, 0x00007f4c66010000, 0x00007f50f5b50000)
  eden space 2590400K, 100% used [0x00007f4ba0600000, 0x00007f4c3e7b0000, 0x00007f4c3e7b0000)
  from space 323776K,  10% used [0x00007f4c523e0000, 0x00007f4c543bc088, 0x00007f4c66010000)
  to   space 323776K,   0% used [0x00007f4c3e7b0000, 0x00007f4c3e7b0000, 0x00007f4c523e0000)
 tenured generation   total 6475808K, used 6467795K [0x00007f50f5b50000, 0x00007f5280f58000, 0x00007f5ba0600000)
   the space 6475808K,  99% used [0x00007f50f5b50000, 0x00007f5280784c08, 0x00007f5280784e00, 0x00007f5280f58000)
 Metaspace       used 24348K, capacity 24700K, committed 24832K, reserved 26624K
}
Event: 7247.116 GC heap after
{Heap after GC invocations=7020 (full 4):
 def new generation   total 2914176K, used 34088K [0x00007f4ba0600000, 0x00007f4c66010000, 0x00007f50f5b50000)
  eden space 2590400K,   0% used [0x00007f4ba0600000, 0x00007f4ba0600000, 0x00007f4c3e7b0000)
  from space 323776K,  10% used [0x00007f4c3e7b0000, 0x00007f4c408fa050, 0x00007f4c523e0000)
  to   space 323776K,   0% used [0x00007f4c523e0000, 0x00007f4c523e0000, 0x00007f4c66010000)
 tenured generation   total 6475808K, used 6469262K [0x00007f50f5b50000, 0x00007f5280f58000, 0x00007f5ba0600000)
   the space 6475808K,  99% used [0x00007f50f5b50000, 0x00007f52808f3a30, 0x00007f52808f3c00, 0x00007f5280f58000)
 Metaspace       used 24348K, capacity 24700K, committed 24832K, reserved 26624K
}
Event: 7249.280 GC heap before
{Heap before GC invocations=7020 (full 4):
 def new generation   total 2914176K, used 2624488K [0x00007f4ba0600000, 0x00007f4c66010000, 0x00007f50f5b50000)
  eden space 2590400K, 100% used [0x00007f4ba0600000, 0x00007f4c3e7b0000, 0x00007f4c3e7b0000)
  from space 323776K,  10% used [0x00007f4c3e7b0000, 0x00007f4c408fa050, 0x00007f4c523e0000)
  to   space 323776K,   0% used [0x00007f4c523e0000, 0x00007f4c523e0000, 0x00007f4c66010000)
 tenured generation   total 6475808K, used 6469262K [0x00007f50f5b50000, 0x00007f5280f58000, 0x00007f5ba0600000)
   the space 6475808K,  99% used [0x00007f50f5b50000, 0x00007f52808f3a30, 0x00007f52808f3c00, 0x00007f5280f58000)
 Metaspace       used 24348K, capacity 24700K, committed 24832K, reserved 26624K
}
Event: 7249.380 GC heap after
{Heap after GC invocations=7021 (full 4):
 def new generation   total 2914176K, used 34059K [0x00007f4ba0600000, 0x00007f4c66010000, 0x00007f50f5b50000)
  eden space 2590400K,   0% used [0x00007f4ba0600000, 0x00007f4ba0600000, 0x00007f4c3e7b0000)
  from space 323776K,  10% used [0x00007f4c523e0000, 0x00007f4c54522cd8, 0x00007f4c66010000)
  to   space 323776K,   0% used [0x00007f4c3e7b0000, 0x00007f4c3e7b0000, 0x00007f4c523e0000)
 tenured generation   total 6475808K, used 6470623K [0x00007f50f5b50000, 0x00007f5280f58000, 0x00007f5ba0600000)
   the space 6475808K,  99% used [0x00007f50f5b50000, 0x00007f5280a47cc0, 0x00007f5280a47e00, 0x00007f5280f58000)
 Metaspace       used 24348K, capacity 24700K, committed 24832K, reserved 26624K
}
Event: 7251.261 GC heap before
{Heap before GC invocations=7021 (full 4):
 def new generation   total 2914176K, used 2624459K [0x00007f4ba0600000, 0x00007f4c66010000, 0x00007f50f5b50000)
  eden space 2590400K, 100% used [0x00007f4ba0600000, 0x00007f4c3e7b0000, 0x00007f4c3e7b0000)
  from space 323776K,  10% used [0x00007f4c523e0000, 0x00007f4c54522cd8, 0x00007f4c66010000)
  to   space 323776K,   0% used [0x00007f4c3e7b0000, 0x00007f4c3e7b0000, 0x00007f4c523e0000)
 tenured generation   total 6475808K, used 6470623K [0x00007f50f5b50000, 0x00007f5280f58000, 0x00007f5ba0600000)
   the space 6475808K,  99% used [0x00007f50f5b50000, 0x00007f5280a47cc0, 0x00007f5280a47e00, 0x00007f5280f58000)
 Metaspace       used 24348K, capacity 24700K, committed 24832K, reserved 26624K
}
Event: 7251.359 GC heap after
{Heap after GC invocations=7022 (full 4):
 def new generation   total 2914176K, used 35501K [0x00007f4ba0600000, 0x00007f4c66010000, 0x00007f50f5b50000)
  eden space 2590400K,   0% used [0x00007f4ba0600000, 0x00007f4ba0600000, 0x00007f4c3e7b0000)
  from space 323776K,  10% used [0x00007f4c3e7b0000, 0x00007f4c40a5b540, 0x00007f4c523e0000)
  to   space 323776K,   0% used [0x00007f4c523e0000, 0x00007f4c523e0000, 0x00007f4c66010000)
 tenured generation   total 6475808K, used 6472980K [0x00007f50f5b50000, 0x00007f5280f58000, 0x00007f5ba0600000)
   the space 6475808K,  99% used [0x00007f50f5b50000, 0x00007f5280c95190, 0x00007f5280c95200, 0x00007f5280f58000)
 Metaspace       used 24348K, capacity 24700K, committed 24832K, reserved 26624K
}
Event: 7253.441 GC heap before
{Heap before GC invocations=7022 (full 4):
 def new generation   total 2914176K, used 2625901K [0x00007f4ba0600000, 0x00007f4c66010000, 0x00007f50f5b50000)
  eden space 2590400K, 100% used [0x00007f4ba0600000, 0x00007f4c3e7b0000, 0x00007f4c3e7b0000)
  from space 323776K,  10% used [0x00007f4c3e7b0000, 0x00007f4c40a5b540, 0x00007f4c523e0000)
  to   space 323776K,   0% used [0x00007f4c523e0000, 0x00007f4c523e0000, 0x00007f4c66010000)
 tenured generation   total 6475808K, used 6472980K [0x00007f50f5b50000, 0x00007f5280f58000, 0x00007f5ba0600000)
   the space 6475808K,  99% used [0x00007f50f5b50000, 0x00007f5280c95190, 0x00007f5280c95200, 0x00007f5280f58000)
 Metaspace       used 24348K, capacity 24700K, committed 24832K, reserved 26624K
}
Event: 7253.537 GC heap after
{Heap after GC invocations=7023 (full 4):
 def new generation   total 2914176K, used 35030K [0x00007f4ba0600000, 0x00007f4c66010000, 0x00007f50f5b50000)
  eden space 2590400K,   0% used [0x00007f4ba0600000, 0x00007f4ba0600000, 0x00007f4c3e7b0000)
  from space 323776K,  10% used [0x00007f4c523e0000, 0x00007f4c54615b78, 0x00007f4c66010000)
  to   space 323776K,   0% used [0x00007f4c3e7b0000, 0x00007f4c3e7b0000, 0x00007f4c523e0000)
 tenured generation   total 6475808K, used 6475395K [0x00007f50f5b50000, 0x00007f5280f58000, 0x00007f5ba0600000)
   the space 6475808K,  99% used [0x00007f50f5b50000, 0x00007f5280ef0cb8, 0x00007f5280ef0e00, 0x00007f5280f58000)
 Metaspace       used 24348K, capacity 24700K, committed 24832K, reserved 26624K
}
Event: 7255.739 GC heap before
{Heap before GC invocations=7023 (full 4):
 def new generation   total 2914176K, used 2625430K [0x00007f4ba0600000, 0x00007f4c66010000, 0x00007f50f5b50000)
  eden space 2590400K, 100% used [0x00007f4ba0600000, 0x00007f4c3e7b0000, 0x00007f4c3e7b0000)
  from space 323776K,  10% used [0x00007f4c523e0000, 0x00007f4c54615b78, 0x00007f4c66010000)
  to   space 323776K,   0% used [0x00007f4c3e7b0000, 0x00007f4c3e7b0000, 0x00007f4c523e0000)
 tenured generation   total 6475808K, used 6475395K [0x00007f50f5b50000, 0x00007f5280f58000, 0x00007f5ba0600000)
   the space 6475808K,  99% used [0x00007f50f5b50000, 0x00007f5280ef0cb8, 0x00007f5280ef0e00, 0x00007f5280f58000)
 Metaspace       used 24348K, capacity 24700K, committed 24832K, reserved 26624K
}
Event: 7255.844 GC heap after
{Heap after GC invocations=7024 (full 4):
 def new generation   total 2914176K, used 35439K [0x00007f4ba0600000, 0x00007f4c66010000, 0x00007f50f5b50000)
  eden space 2590400K,   0% used [0x00007f4ba0600000, 0x00007f4ba0600000, 0x00007f4c3e7b0000)
  from space 323776K,  10% used [0x00007f4c3e7b0000, 0x00007f4c40a4bc20, 0x00007f4c523e0000)
  to   space 323776K,   0% used [0x00007f4c523e0000, 0x00007f4c523e0000, 0x00007f4c66010000)
 tenured generation   total 6476576K, used 6476446K [0x00007f50f5b50000, 0x00007f5281018000, 0x00007f5ba0600000)
   the space 6476576K,  99% used [0x00007f50f5b50000, 0x00007f5280ff7ba8, 0x00007f5280ff7c00, 0x00007f5281018000)
 Metaspace       used 24348K, capacity 24700K, committed 24832K, reserved 26624K
}
Event: 7255.844 GC heap before
{Heap before GC invocations=7024 (full 4):
 def new generation   total 2914176K, used 35439K [0x00007f4ba0600000, 0x00007f4c66010000, 0x00007f50f5b50000)
  eden space 2590400K,   0% used [0x00007f4ba0600000, 0x00007f4ba0600000, 0x00007f4c3e7b0000)
  from space 323776K,  10% used [0x00007f4c3e7b0000, 0x00007f4c40a4bc20, 0x00007f4c523e0000)
  to   space 323776K,   0% used [0x00007f4c523e0000, 0x00007f4c523e0000, 0x00007f4c66010000)
 tenured generation   total 6476576K, used 6476446K [0x00007f50f5b50000, 0x00007f5281018000, 0x00007f5ba0600000)
   the space 6476576K,  99% used [0x00007f50f5b50000, 0x00007f5280ff7ba8, 0x00007f5280ff7c00, 0x00007f5281018000)
 Metaspace       used 24348K, capacity 24700K, committed 24832K, reserved 26624K
}

