# JRE version: OpenJDK Runtime Environment (13.0.7+5) (build 13.0.7+5-Ubuntu-0ubuntu120.04)
# Java VM: OpenJDK 64-Bit Server VM (13.0.7+5-Ubuntu-0ubuntu120.04, mixed mode, tiered, serial gc, linux-amd64)
Heap:
 def new generation   total 2905536K, used 20924K [0x00007fca50600000, 0x00007fcb156b0000, 0x00007fcfa5b50000)
  eden space 2582720K,   0% used [0x00007fca50600000, 0x00007fca51a6f0c8, 0x00007fcaee030000)
  from space 322816K,   0% used [0x00007fcaee030000, 0x00007fcaee030000, 0x00007fcb01b70000)
  to   space 322816K,   0% used [0x00007fcb01b70000, 0x00007fcb01b70000, 0x00007fcb156b0000)
 tenured generation   total 6457076K, used 6457075K [0x00007fcfa5b50000, 0x00007fd12fd0d000, 0x00007fda50600000)
   the space 6457076K,  99% used [0x00007fcfa5b50000, 0x00007fd12fd0cfd8, 0x00007fd12fd0d000, 0x00007fd12fd0d000)
 Metaspace       used 24259K, capacity 24658K, committed 24832K, reserved 26624K
GC Heap History (20 events):
Event: 8983.737 GC heap after
{Heap after GC invocations=12154 (full 4):
 def new generation   total 2905536K, used 20146K [0x00007fca50600000, 0x00007fcb156b0000, 0x00007fcfa5b50000)
  eden space 2582720K,   0% used [0x00007fca50600000, 0x00007fca50600000, 0x00007fcaee030000)
  from space 322816K,   6% used [0x00007fcb01b70000, 0x00007fcb02f1ca20, 0x00007fcb156b0000)
  to   space 322816K,   0% used [0x00007fcaee030000, 0x00007fcaee030000, 0x00007fcb01b70000)
 tenured generation   total 6456692K, used 6447345K [0x00007fcfa5b50000, 0x00007fd12fcad000, 0x00007fda50600000)
   the space 6456692K,  99% used [0x00007fcfa5b50000, 0x00007fd12f38c4f0, 0x00007fd12f38c600, 0x00007fd12fcad000)
 Metaspace       used 24259K, capacity 24658K, committed 24832K, reserved 26624K
}
Event: 8985.290 GC heap before
{Heap before GC invocations=12154 (full 4):
 def new generation   total 2905536K, used 2602866K [0x00007fca50600000, 0x00007fcb156b0000, 0x00007fcfa5b50000)
  eden space 2582720K, 100% used [0x00007fca50600000, 0x00007fcaee030000, 0x00007fcaee030000)
  from space 322816K,   6% used [0x00007fcb01b70000, 0x00007fcb02f1ca20, 0x00007fcb156b0000)
  to   space 322816K,   0% used [0x00007fcaee030000, 0x00007fcaee030000, 0x00007fcb01b70000)
 tenured generation   total 6456692K, used 6447345K [0x00007fcfa5b50000, 0x00007fd12fcad000, 0x00007fda50600000)
   the space 6456692K,  99% used [0x00007fcfa5b50000, 0x00007fd12f38c4f0, 0x00007fd12f38c600, 0x00007fd12fcad000)
 Metaspace       used 24259K, capacity 24658K, committed 24832K, reserved 26624K
}
Event: 8985.315 GC heap after
{Heap after GC invocations=12155 (full 4):
 def new generation   total 2905536K, used 20579K [0x00007fca50600000, 0x00007fcb156b0000, 0x00007fcfa5b50000)
  eden space 2582720K,   0% used [0x00007fca50600000, 0x00007fca50600000, 0x00007fcaee030000)
  from space 322816K,   6% used [0x00007fcaee030000, 0x00007fcaef448e40, 0x00007fcb01b70000)
  to   space 322816K,   0% used [0x00007fcb01b70000, 0x00007fcb01b70000, 0x00007fcb156b0000)
 tenured generation   total 6456692K, used 6448022K [0x00007fcfa5b50000, 0x00007fd12fcad000, 0x00007fda50600000)
   the space 6456692K,  99% used [0x00007fcfa5b50000, 0x00007fd12f435ab0, 0x00007fd12f435c00, 0x00007fd12fcad000)
 Metaspace       used 24259K, capacity 24658K, committed 24832K, reserved 26624K
}
Event: 8986.915 GC heap before
{Heap before GC invocations=12155 (full 4):
 def new generation   total 2905536K, used 2603299K [0x00007fca50600000, 0x00007fcb156b0000, 0x00007fcfa5b50000)
  eden space 2582720K, 100% used [0x00007fca50600000, 0x00007fcaee030000, 0x00007fcaee030000)
  from space 322816K,   6% used [0x00007fcaee030000, 0x00007fcaef448e40, 0x00007fcb01b70000)
  to   space 322816K,   0% used [0x00007fcb01b70000, 0x00007fcb01b70000, 0x00007fcb156b0000)
 tenured generation   total 6456692K, used 6448022K [0x00007fcfa5b50000, 0x00007fd12fcad000, 0x00007fda50600000)
   the space 6456692K,  99% used [0x00007fcfa5b50000, 0x00007fd12f435ab0, 0x00007fd12f435c00, 0x00007fd12fcad000)
 Metaspace       used 24259K, capacity 24658K, committed 24832K, reserved 26624K
}
Event: 8986.939 GC heap after
{Heap after GC invocations=12156 (full 4):
 def new generation   total 2905536K, used 20384K [0x00007fca50600000, 0x00007fcb156b0000, 0x00007fcfa5b50000)
  eden space 2582720K,   0% used [0x00007fca50600000, 0x00007fca50600000, 0x00007fcaee030000)
  from space 322816K,   6% used [0x00007fcb01b70000, 0x00007fcb02f58090, 0x00007fcb156b0000)
  to   space 322816K,   0% used [0x00007fcaee030000, 0x00007fcaee030000, 0x00007fcb01b70000)
 tenured generation   total 6456692K, used 6448727K [0x00007fcfa5b50000, 0x00007fd12fcad000, 0x00007fda50600000)
   the space 6456692K,  99% used [0x00007fcfa5b50000, 0x00007fd12f4e5df8, 0x00007fd12f4e5e00, 0x00007fd12fcad000)
 Metaspace       used 24259K, capacity 24658K, committed 24832K, reserved 26624K
}
Event: 8988.579 GC heap before
{Heap before GC invocations=12156 (full 4):
 def new generation   total 2905536K, used 2603104K [0x00007fca50600000, 0x00007fcb156b0000, 0x00007fcfa5b50000)
  eden space 2582720K, 100% used [0x00007fca50600000, 0x00007fcaee030000, 0x00007fcaee030000)
  from space 322816K,   6% used [0x00007fcb01b70000, 0x00007fcb02f58090, 0x00007fcb156b0000)
  to   space 322816K,   0% used [0x00007fcaee030000, 0x00007fcaee030000, 0x00007fcb01b70000)
 tenured generation   total 6456692K, used 6448727K [0x00007fcfa5b50000, 0x00007fd12fcad000, 0x00007fda50600000)
   the space 6456692K,  99% used [0x00007fcfa5b50000, 0x00007fd12f4e5df8, 0x00007fd12f4e5e00, 0x00007fd12fcad000)
 Metaspace       used 24259K, capacity 24658K, committed 24832K, reserved 26624K
}
Event: 8988.603 GC heap after
{Heap after GC invocations=12157 (full 4):
 def new generation   total 2905536K, used 20181K [0x00007fca50600000, 0x00007fcb156b0000, 0x00007fcfa5b50000)
  eden space 2582720K,   0% used [0x00007fca50600000, 0x00007fca50600000, 0x00007fcaee030000)
  from space 322816K,   6% used [0x00007fcaee030000, 0x00007fcaef3e55f0, 0x00007fcb01b70000)
  to   space 322816K,   0% used [0x00007fcb01b70000, 0x00007fcb01b70000, 0x00007fcb156b0000)
 tenured generation   total 6456692K, used 6449598K [0x00007fcfa5b50000, 0x00007fd12fcad000, 0x00007fda50600000)
   the space 6456692K,  99% used [0x00007fcfa5b50000, 0x00007fd12f5bf8a0, 0x00007fd12f5bfa00, 0x00007fd12fcad000)
 Metaspace       used 24259K, capacity 24658K, committed 24832K, reserved 26624K
}
Event: 8990.216 GC heap before
{Heap before GC invocations=12157 (full 4):
 def new generation   total 2905536K, used 2602901K [0x00007fca50600000, 0x00007fcb156b0000, 0x00007fcfa5b50000)
  eden space 2582720K, 100% used [0x00007fca50600000, 0x00007fcaee030000, 0x00007fcaee030000)
  from space 322816K,   6% used [0x00007fcaee030000, 0x00007fcaef3e55f0, 0x00007fcb01b70000)
  to   space 322816K,   0% used [0x00007fcb01b70000, 0x00007fcb01b70000, 0x00007fcb156b0000)
 tenured generation   total 6456692K, used 6449598K [0x00007fcfa5b50000, 0x00007fd12fcad000, 0x00007fda50600000)
   the space 6456692K,  99% used [0x00007fcfa5b50000, 0x00007fd12f5bf8a0, 0x00007fd12f5bfa00, 0x00007fd12fcad000)
 Metaspace       used 24259K, capacity 24658K, committed 24832K, reserved 26624K
}
Event: 8990.240 GC heap after
{Heap after GC invocations=12158 (full 4):
 def new generation   total 2905536K, used 20005K [0x00007fca50600000, 0x00007fcb156b0000, 0x00007fcfa5b50000)
  eden space 2582720K,   0% used [0x00007fca50600000, 0x00007fca50600000, 0x00007fcaee030000)
  from space 322816K,   6% used [0x00007fcb01b70000, 0x00007fcb02ef9720, 0x00007fcb156b0000)
  to   space 322816K,   0% used [0x00007fcaee030000, 0x00007fcaee030000, 0x00007fcb01b70000)
 tenured generation   total 6456692K, used 6450496K [0x00007fcfa5b50000, 0x00007fd12fcad000, 0x00007fda50600000)
   the space 6456692K,  99% used [0x00007fcfa5b50000, 0x00007fd12f6a03a0, 0x00007fd12f6a0400, 0x00007fd12fcad000)
 Metaspace       used 24259K, capacity 24658K, committed 24832K, reserved 26624K
}
Event: 8991.860 GC heap before
{Heap before GC invocations=12158 (full 4):
 def new generation   total 2905536K, used 2602725K [0x00007fca50600000, 0x00007fcb156b0000, 0x00007fcfa5b50000)
  eden space 2582720K, 100% used [0x00007fca50600000, 0x00007fcaee030000, 0x00007fcaee030000)
  from space 322816K,   6% used [0x00007fcb01b70000, 0x00007fcb02ef9720, 0x00007fcb156b0000)
  to   space 322816K,   0% used [0x00007fcaee030000, 0x00007fcaee030000, 0x00007fcb01b70000)
 tenured generation   total 6456692K, used 6450496K [0x00007fcfa5b50000, 0x00007fd12fcad000, 0x00007fda50600000)
   the space 6456692K,  99% used [0x00007fcfa5b50000, 0x00007fd12f6a03a0, 0x00007fd12f6a0400, 0x00007fd12fcad000)
 Metaspace       used 24259K, capacity 24658K, committed 24832K, reserved 26624K
}
Event: 8991.885 GC heap after
{Heap after GC invocations=12159 (full 4):
 def new generation   total 2905536K, used 20192K [0x00007fca50600000, 0x00007fcb156b0000, 0x00007fcfa5b50000)
  eden space 2582720K,   0% used [0x00007fca50600000, 0x00007fca50600000, 0x00007fcaee030000)
  from space 322816K,   6% used [0x00007fcaee030000, 0x00007fcaef3e83b8, 0x00007fcb01b70000)
  to   space 322816K,   0% used [0x00007fcb01b70000, 0x00007fcb01b70000, 0x00007fcb156b0000)
 tenured generation   total 6456692K, used 6451367K [0x00007fcfa5b50000, 0x00007fd12fcad000, 0x00007fda50600000)
   the space 6456692K,  99% used [0x00007fcfa5b50000, 0x00007fd12f779e48, 0x00007fd12f77a000, 0x00007fd12fcad000)
 Metaspace       used 24259K, capacity 24658K, committed 24832K, reserved 26624K
}
Event: 8993.475 GC heap before
{Heap before GC invocations=12159 (full 4):
 def new generation   total 2905536K, used 2602912K [0x00007fca50600000, 0x00007fcb156b0000, 0x00007fcfa5b50000)
  eden space 2582720K, 100% used [0x00007fca50600000, 0x00007fcaee030000, 0x00007fcaee030000)
  from space 322816K,   6% used [0x00007fcaee030000, 0x00007fcaef3e83b8, 0x00007fcb01b70000)
  to   space 322816K,   0% used [0x00007fcb01b70000, 0x00007fcb01b70000, 0x00007fcb156b0000)
 tenured generation   total 6456692K, used 6451367K [0x00007fcfa5b50000, 0x00007fd12fcad000, 0x00007fda50600000)
   the space 6456692K,  99% used [0x00007fcfa5b50000, 0x00007fd12f779e48, 0x00007fd12f77a000, 0x00007fd12fcad000)
 Metaspace       used 24259K, capacity 24658K, committed 24832K, reserved 26624K
}
Event: 8993.499 GC heap after
{Heap after GC invocations=12160 (full 4):
 def new generation   total 2905536K, used 19801K [0x00007fca50600000, 0x00007fcb156b0000, 0x00007fcfa5b50000)
  eden space 2582720K,   0% used [0x00007fca50600000, 0x00007fca50600000, 0x00007fcaee030000)
  from space 322816K,   6% used [0x00007fcb01b70000, 0x00007fcb02ec6538, 0x00007fcb156b0000)
  to   space 322816K,   0% used [0x00007fcaee030000, 0x00007fcaee030000, 0x00007fcb01b70000)
 tenured generation   total 6456692K, used 6453264K [0x00007fcfa5b50000, 0x00007fd12fcad000, 0x00007fda50600000)
   the space 6456692K,  99% used [0x00007fcfa5b50000, 0x00007fd12f9542c0, 0x00007fd12f954400, 0x00007fd12fcad000)
 Metaspace       used 24259K, capacity 24658K, committed 24832K, reserved 26624K
}
Event: 8995.076 GC heap before
{Heap before GC invocations=12160 (full 4):
 def new generation   total 2905536K, used 2602521K [0x00007fca50600000, 0x00007fcb156b0000, 0x00007fcfa5b50000)
  eden space 2582720K, 100% used [0x00007fca50600000, 0x00007fcaee030000, 0x00007fcaee030000)
  from space 322816K,   6% used [0x00007fcb01b70000, 0x00007fcb02ec6538, 0x00007fcb156b0000)
  to   space 322816K,   0% used [0x00007fcaee030000, 0x00007fcaee030000, 0x00007fcb01b70000)
 tenured generation   total 6456692K, used 6453264K [0x00007fcfa5b50000, 0x00007fd12fcad000, 0x00007fda50600000)
   the space 6456692K,  99% used [0x00007fcfa5b50000, 0x00007fd12f9542c0, 0x00007fd12f954400, 0x00007fd12fcad000)
 Metaspace       used 24259K, capacity 24658K, committed 24832K, reserved 26624K
}
Event: 8995.104 GC heap after
{Heap after GC invocations=12161 (full 4):
 def new generation   total 2905536K, used 19813K [0x00007fca50600000, 0x00007fcb156b0000, 0x00007fcfa5b50000)
  eden space 2582720K,   0% used [0x00007fca50600000, 0x00007fca50600000, 0x00007fcaee030000)
  from space 322816K,   6% used [0x00007fcaee030000, 0x00007fcaef3896f8, 0x00007fcb01b70000)
  to   space 322816K,   0% used [0x00007fcb01b70000, 0x00007fcb01b70000, 0x00007fcb156b0000)
 tenured generation   total 6456692K, used 6455794K [0x00007fcfa5b50000, 0x00007fd12fcad000, 0x00007fda50600000)
   the space 6456692K,  99% used [0x00007fcfa5b50000, 0x00007fd12fbccba8, 0x00007fd12fbccc00, 0x00007fd12fcad000)
 Metaspace       used 24259K, capacity 24658K, committed 24832K, reserved 26624K
}
Event: 8996.667 GC heap before
{Heap before GC invocations=12161 (full 4):
 def new generation   total 2905536K, used 2602533K [0x00007fca50600000, 0x00007fcb156b0000, 0x00007fcfa5b50000)
  eden space 2582720K, 100% used [0x00007fca50600000, 0x00007fcaee030000, 0x00007fcaee030000)
  from space 322816K,   6% used [0x00007fcaee030000, 0x00007fcaef3896f8, 0x00007fcb01b70000)
  to   space 322816K,   0% used [0x00007fcb01b70000, 0x00007fcb01b70000, 0x00007fcb156b0000)
 tenured generation   total 6456692K, used 6455794K [0x00007fcfa5b50000, 0x00007fd12fcad000, 0x00007fda50600000)
   the space 6456692K,  99% used [0x00007fcfa5b50000, 0x00007fd12fbccba8, 0x00007fd12fbccc00, 0x00007fd12fcad000)
 Metaspace       used 24259K, capacity 24658K, committed 24832K, reserved 26624K
}
Event: 8996.694 GC heap after
{Heap after GC invocations=12162 (full 4):
 def new generation   total 2905536K, used 20959K [0x00007fca50600000, 0x00007fcb156b0000, 0x00007fcfa5b50000)
  eden space 2582720K,   0% used [0x00007fca50600000, 0x00007fca50600000, 0x00007fcaee030000)
  from space 322816K,   6% used [0x00007fcb01b70000, 0x00007fcb02fe7e90, 0x00007fcb156b0000)
  to   space 322816K,   0% used [0x00007fcaee030000, 0x00007fcaee030000, 0x00007fcb01b70000)
 tenured generation   total 6456692K, used 6456609K [0x00007fcfa5b50000, 0x00007fd12fcad000, 0x00007fda50600000)
   the space 6456692K,  99% used [0x00007fcfa5b50000, 0x00007fd12fc986e8, 0x00007fd12fc98800, 0x00007fd12fcad000)
 Metaspace       used 24259K, capacity 24658K, committed 24832K, reserved 26624K
}
Event: 8998.309 GC heap before
{Heap before GC invocations=12162 (full 4):
 def new generation   total 2905536K, used 2603679K [0x00007fca50600000, 0x00007fcb156b0000, 0x00007fcfa5b50000)
  eden space 2582720K, 100% used [0x00007fca50600000, 0x00007fcaee030000, 0x00007fcaee030000)
  from space 322816K,   6% used [0x00007fcb01b70000, 0x00007fcb02fe7e90, 0x00007fcb156b0000)
  to   space 322816K,   0% used [0x00007fcaee030000, 0x00007fcaee030000, 0x00007fcb01b70000)
 tenured generation   total 6456692K, used 6456609K [0x00007fcfa5b50000, 0x00007fd12fcad000, 0x00007fda50600000)
   the space 6456692K,  99% used [0x00007fcfa5b50000, 0x00007fd12fc986e8, 0x00007fd12fc98800, 0x00007fd12fcad000)
 Metaspace       used 24259K, capacity 24658K, committed 24832K, reserved 26624K
}
Event: 8998.332 GC heap after
{Heap after GC invocations=12163 (full 4):
 def new generation   total 2905536K, used 20961K [0x00007fca50600000, 0x00007fcb156b0000, 0x00007fcfa5b50000)
  eden space 2582720K,   0% used [0x00007fca50600000, 0x00007fca50600000, 0x00007fcaee030000)
  from space 322816K,   6% used [0x00007fcaee030000, 0x00007fcaef4a8750, 0x00007fcb01b70000)
  to   space 322816K,   0% used [0x00007fcb01b70000, 0x00007fcb01b70000, 0x00007fcb156b0000)
 tenured generation   total 6457076K, used 6457038K [0x00007fcfa5b50000, 0x00007fd12fd0d000, 0x00007fda50600000)
   the space 6457076K,  99% used [0x00007fcfa5b50000, 0x00007fd12fd03950, 0x00007fd12fd03a00, 0x00007fd12fd0d000)
 Metaspace       used 24259K, capacity 24658K, committed 24832K, reserved 26624K
}
Event: 8998.332 GC heap before
{Heap before GC invocations=12163 (full 4):
 def new generation   total 2905536K, used 20961K [0x00007fca50600000, 0x00007fcb156b0000, 0x00007fcfa5b50000)
  eden space 2582720K,   0% used [0x00007fca50600000, 0x00007fca50600000, 0x00007fcaee030000)
  from space 322816K,   6% used [0x00007fcaee030000, 0x00007fcaef4a8750, 0x00007fcb01b70000)
  to   space 322816K,   0% used [0x00007fcb01b70000, 0x00007fcb01b70000, 0x00007fcb156b0000)
 tenured generation   total 6457076K, used 6457038K [0x00007fcfa5b50000, 0x00007fd12fd0d000, 0x00007fda50600000)
   the space 6457076K,  99% used [0x00007fcfa5b50000, 0x00007fd12fd03950, 0x00007fd12fd03a00, 0x00007fd12fd0d000)
 Metaspace       used 24259K, capacity 24658K, committed 24832K, reserved 26624K
}

