# JRE version: OpenJDK Runtime Environment (13.0.7+5) (build 13.0.7+5-Ubuntu-0ubuntu120.04)
# Java VM: OpenJDK 64-Bit Server VM (13.0.7+5-Ubuntu-0ubuntu120.04, mixed mode, tiered, serial gc, linux-amd64)
Heap:
 def new generation   total 1599168K, used 56515K [0x00007f14bc600000, 0x00007f1528d30000, 0x00007f1a11b50000)
  eden space 1421504K,   3% used [0x00007f14bc600000, 0x00007f14bfd30f20, 0x00007f1513230000)
  from space 177664K,   0% used [0x00007f1513230000, 0x00007f1513230000, 0x00007f151dfb0000)
  to   space 177664K,   0% used [0x00007f151dfb0000, 0x00007f151dfb0000, 0x00007f1528d30000)
 tenured generation   total 3570040K, used 3569679K [0x00007f1a11b50000, 0x00007f1aeb9ae000, 0x00007f24bc600000)
   the space 3570040K,  99% used [0x00007f1a11b50000, 0x00007f1aeb953fa8, 0x00007f1aeb954000, 0x00007f1aeb9ae000)
 Metaspace       used 24245K, capacity 24622K, committed 24832K, reserved 26624K
GC Heap History (20 events):
Event: 2243.027 GC heap after
{Heap after GC invocations=1938 (full 5):
 def new generation   total 1599168K, used 69391K [0x00007f14bc600000, 0x00007f1528d30000, 0x00007f1a11b50000)
  eden space 1421504K,   0% used [0x00007f14bc600000, 0x00007f14bc600000, 0x00007f1513230000)
  from space 177664K,  39% used [0x00007f151dfb0000, 0x00007f1522373fb0, 0x00007f1528d30000)
  to   space 177664K,   0% used [0x00007f1513230000, 0x00007f1513230000, 0x00007f151dfb0000)
 tenured generation   total 3553652K, used 3525972K [0x00007f1a11b50000, 0x00007f1aea9ad000, 0x00007f24bc600000)
   the space 3553652K,  99% used [0x00007f1a11b50000, 0x00007f1ae8ea50e0, 0x00007f1ae8ea5200, 0x00007f1aea9ad000)
 Metaspace       used 24245K, capacity 24622K, committed 24832K, reserved 26624K
}
Event: 2245.513 GC heap before
{Heap before GC invocations=1938 (full 5):
 def new generation   total 1599168K, used 1490773K [0x00007f14bc600000, 0x00007f1528d30000, 0x00007f1a11b50000)
  eden space 1421504K,  99% used [0x00007f14bc600000, 0x00007f15132117b8, 0x00007f1513230000)
  from space 177664K,  39% used [0x00007f151dfb0000, 0x00007f1522373fb0, 0x00007f1528d30000)
  to   space 177664K,   0% used [0x00007f1513230000, 0x00007f1513230000, 0x00007f151dfb0000)
 tenured generation   total 3553652K, used 3525972K [0x00007f1a11b50000, 0x00007f1aea9ad000, 0x00007f24bc600000)
   the space 3553652K,  99% used [0x00007f1a11b50000, 0x00007f1ae8ea50e0, 0x00007f1ae8ea5200, 0x00007f1aea9ad000)
 Metaspace       used 24245K, capacity 24622K, committed 24832K, reserved 26624K
}
Event: 2245.588 GC heap after
{Heap after GC invocations=1939 (full 5):
 def new generation   total 1599168K, used 73000K [0x00007f14bc600000, 0x00007f1528d30000, 0x00007f1a11b50000)
  eden space 1421504K,   0% used [0x00007f14bc600000, 0x00007f14bc600000, 0x00007f1513230000)
  from space 177664K,  41% used [0x00007f1513230000, 0x00007f151797a2b8, 0x00007f151dfb0000)
  to   space 177664K,   0% used [0x00007f151dfb0000, 0x00007f151dfb0000, 0x00007f1528d30000)
 tenured generation   total 3553652K, used 3525972K [0x00007f1a11b50000, 0x00007f1aea9ad000, 0x00007f24bc600000)
   the space 3553652K,  99% used [0x00007f1a11b50000, 0x00007f1ae8ea50e0, 0x00007f1ae8ea5200, 0x00007f1aea9ad000)
 Metaspace       used 24245K, capacity 24622K, committed 24832K, reserved 26624K
}
Event: 2247.776 GC heap before
{Heap before GC invocations=1939 (full 5):
 def new generation   total 1599168K, used 1488779K [0x00007f14bc600000, 0x00007f1528d30000, 0x00007f1a11b50000)
  eden space 1421504K,  99% used [0x00007f14bc600000, 0x00007f1512c98b18, 0x00007f1513230000)
  from space 177664K,  41% used [0x00007f1513230000, 0x00007f151797a2b8, 0x00007f151dfb0000)
  to   space 177664K,   0% used [0x00007f151dfb0000, 0x00007f151dfb0000, 0x00007f1528d30000)
 tenured generation   total 3553652K, used 3525972K [0x00007f1a11b50000, 0x00007f1aea9ad000, 0x00007f24bc600000)
   the space 3553652K,  99% used [0x00007f1a11b50000, 0x00007f1ae8ea50e0, 0x00007f1ae8ea5200, 0x00007f1aea9ad000)
 Metaspace       used 24245K, capacity 24622K, committed 24832K, reserved 26624K
}
Event: 2247.851 GC heap after
{Heap after GC invocations=1940 (full 5):
 def new generation   total 1599168K, used 78653K [0x00007f14bc600000, 0x00007f1528d30000, 0x00007f1a11b50000)
  eden space 1421504K,   0% used [0x00007f14bc600000, 0x00007f14bc600000, 0x00007f1513230000)
  from space 177664K,  44% used [0x00007f151dfb0000, 0x00007f1522c7f638, 0x00007f1528d30000)
  to   space 177664K,   0% used [0x00007f1513230000, 0x00007f1513230000, 0x00007f151dfb0000)
 tenured generation   total 3553652K, used 3525972K [0x00007f1a11b50000, 0x00007f1aea9ad000, 0x00007f24bc600000)
   the space 3553652K,  99% used [0x00007f1a11b50000, 0x00007f1ae8ea50e0, 0x00007f1ae8ea5200, 0x00007f1aea9ad000)
 Metaspace       used 24245K, capacity 24622K, committed 24832K, reserved 26624K
}
Event: 2249.740 GC heap before
{Heap before GC invocations=1940 (full 5):
 def new generation   total 1599168K, used 1500157K [0x00007f14bc600000, 0x00007f1528d30000, 0x00007f1a11b50000)
  eden space 1421504K, 100% used [0x00007f14bc600000, 0x00007f1513230000, 0x00007f1513230000)
  from space 177664K,  44% used [0x00007f151dfb0000, 0x00007f1522c7f638, 0x00007f1528d30000)
  to   space 177664K,   0% used [0x00007f1513230000, 0x00007f1513230000, 0x00007f151dfb0000)
 tenured generation   total 3553652K, used 3525972K [0x00007f1a11b50000, 0x00007f1aea9ad000, 0x00007f24bc600000)
   the space 3553652K,  99% used [0x00007f1a11b50000, 0x00007f1ae8ea50e0, 0x00007f1ae8ea5200, 0x00007f1aea9ad000)
 Metaspace       used 24245K, capacity 24622K, committed 24832K, reserved 26624K
}
Event: 2249.845 GC heap after
{Heap after GC invocations=1941 (full 5):
 def new generation   total 1599168K, used 66303K [0x00007f14bc600000, 0x00007f1528d30000, 0x00007f1a11b50000)
  eden space 1421504K,   0% used [0x00007f14bc600000, 0x00007f14bc600000, 0x00007f1513230000)
  from space 177664K,  37% used [0x00007f1513230000, 0x00007f15172efdf8, 0x00007f151dfb0000)
  to   space 177664K,   0% used [0x00007f151dfb0000, 0x00007f151dfb0000, 0x00007f1528d30000)
 tenured generation   total 3553652K, used 3542932K [0x00007f1a11b50000, 0x00007f1aea9ad000, 0x00007f24bc600000)
   the space 3553652K,  99% used [0x00007f1a11b50000, 0x00007f1ae9f350d8, 0x00007f1ae9f35200, 0x00007f1aea9ad000)
 Metaspace       used 24245K, capacity 24622K, committed 24832K, reserved 26624K
}
Event: 2251.425 GC heap before
{Heap before GC invocations=1941 (full 5):
 def new generation   total 1599168K, used 1487807K [0x00007f14bc600000, 0x00007f1528d30000, 0x00007f1a11b50000)
  eden space 1421504K, 100% used [0x00007f14bc600000, 0x00007f1513230000, 0x00007f1513230000)
  from space 177664K,  37% used [0x00007f1513230000, 0x00007f15172efdf8, 0x00007f151dfb0000)
  to   space 177664K,   0% used [0x00007f151dfb0000, 0x00007f151dfb0000, 0x00007f1528d30000)
 tenured generation   total 3553652K, used 3542932K [0x00007f1a11b50000, 0x00007f1aea9ad000, 0x00007f24bc600000)
   the space 3553652K,  99% used [0x00007f1a11b50000, 0x00007f1ae9f350d8, 0x00007f1ae9f35200, 0x00007f1aea9ad000)
 Metaspace       used 24245K, capacity 24622K, committed 24832K, reserved 26624K
}
Event: 2251.500 GC heap after
{Heap after GC invocations=1942 (full 5):
 def new generation   total 1599168K, used 67853K [0x00007f14bc600000, 0x00007f1528d30000, 0x00007f1a11b50000)
  eden space 1421504K,   0% used [0x00007f14bc600000, 0x00007f14bc600000, 0x00007f1513230000)
  from space 177664K,  38% used [0x00007f151dfb0000, 0x00007f15221f3440, 0x00007f1528d30000)
  to   space 177664K,   0% used [0x00007f1513230000, 0x00007f1513230000, 0x00007f151dfb0000)
 tenured generation   total 3553652K, used 3542932K [0x00007f1a11b50000, 0x00007f1aea9ad000, 0x00007f24bc600000)
   the space 3553652K,  99% used [0x00007f1a11b50000, 0x00007f1ae9f350d8, 0x00007f1ae9f35200, 0x00007f1aea9ad000)
 Metaspace       used 24245K, capacity 24622K, committed 24832K, reserved 26624K
}
Event: 2252.989 GC heap before
{Heap before GC invocations=1942 (full 5):
 def new generation   total 1599168K, used 1489357K [0x00007f14bc600000, 0x00007f1528d30000, 0x00007f1a11b50000)
  eden space 1421504K, 100% used [0x00007f14bc600000, 0x00007f1513230000, 0x00007f1513230000)
  from space 177664K,  38% used [0x00007f151dfb0000, 0x00007f15221f3440, 0x00007f1528d30000)
  to   space 177664K,   0% used [0x00007f1513230000, 0x00007f1513230000, 0x00007f151dfb0000)
 tenured generation   total 3553652K, used 3542932K [0x00007f1a11b50000, 0x00007f1aea9ad000, 0x00007f24bc600000)
   the space 3553652K,  99% used [0x00007f1a11b50000, 0x00007f1ae9f350d8, 0x00007f1ae9f35200, 0x00007f1aea9ad000)
 Metaspace       used 24245K, capacity 24622K, committed 24832K, reserved 26624K
}
Event: 2253.063 GC heap after
{Heap after GC invocations=1943 (full 5):
 def new generation   total 1599168K, used 67843K [0x00007f14bc600000, 0x00007f1528d30000, 0x00007f1a11b50000)
  eden space 1421504K,   0% used [0x00007f14bc600000, 0x00007f14bc600000, 0x00007f1513230000)
  from space 177664K,  38% used [0x00007f1513230000, 0x00007f1517470d10, 0x00007f151dfb0000)
  to   space 177664K,   0% used [0x00007f151dfb0000, 0x00007f151dfb0000, 0x00007f1528d30000)
 tenured generation   total 3553652K, used 3542932K [0x00007f1a11b50000, 0x00007f1aea9ad000, 0x00007f24bc600000)
   the space 3553652K,  99% used [0x00007f1a11b50000, 0x00007f1ae9f350d8, 0x00007f1ae9f35200, 0x00007f1aea9ad000)
 Metaspace       used 24245K, capacity 24622K, committed 24832K, reserved 26624K
}
Event: 2255.004 GC heap before
{Heap before GC invocations=1943 (full 5):
 def new generation   total 1599168K, used 1474804K [0x00007f14bc600000, 0x00007f1528d30000, 0x00007f1a11b50000)
  eden space 1421504K,  98% used [0x00007f14bc600000, 0x00007f15123fc518, 0x00007f1513230000)
  from space 177664K,  38% used [0x00007f1513230000, 0x00007f1517470d10, 0x00007f151dfb0000)
  to   space 177664K,   0% used [0x00007f151dfb0000, 0x00007f151dfb0000, 0x00007f1528d30000)
 tenured generation   total 3553652K, used 3542932K [0x00007f1a11b50000, 0x00007f1aea9ad000, 0x00007f24bc600000)
   the space 3553652K,  99% used [0x00007f1a11b50000, 0x00007f1ae9f350d8, 0x00007f1ae9f35200, 0x00007f1aea9ad000)
 Metaspace       used 24245K, capacity 24622K, committed 24832K, reserved 26624K
}
Event: 2255.068 GC heap after
{Heap after GC invocations=1944 (full 5):
 def new generation   total 1599168K, used 69391K [0x00007f14bc600000, 0x00007f1528d30000, 0x00007f1a11b50000)
  eden space 1421504K,   0% used [0x00007f14bc600000, 0x00007f14bc600000, 0x00007f1513230000)
  from space 177664K,  39% used [0x00007f151dfb0000, 0x00007f1522373fb0, 0x00007f1528d30000)
  to   space 177664K,   0% used [0x00007f1513230000, 0x00007f1513230000, 0x00007f151dfb0000)
 tenured generation   total 3553652K, used 3542932K [0x00007f1a11b50000, 0x00007f1aea9ad000, 0x00007f24bc600000)
   the space 3553652K,  99% used [0x00007f1a11b50000, 0x00007f1ae9f350d8, 0x00007f1ae9f35200, 0x00007f1aea9ad000)
 Metaspace       used 24245K, capacity 24622K, committed 24832K, reserved 26624K
}
Event: 2257.536 GC heap before
{Heap before GC invocations=1944 (full 5):
 def new generation   total 1599168K, used 1490773K [0x00007f14bc600000, 0x00007f1528d30000, 0x00007f1a11b50000)
  eden space 1421504K,  99% used [0x00007f14bc600000, 0x00007f15132117b8, 0x00007f1513230000)
  from space 177664K,  39% used [0x00007f151dfb0000, 0x00007f1522373fb0, 0x00007f1528d30000)
  to   space 177664K,   0% used [0x00007f1513230000, 0x00007f1513230000, 0x00007f151dfb0000)
 tenured generation   total 3553652K, used 3542932K [0x00007f1a11b50000, 0x00007f1aea9ad000, 0x00007f24bc600000)
   the space 3553652K,  99% used [0x00007f1a11b50000, 0x00007f1ae9f350d8, 0x00007f1ae9f35200, 0x00007f1aea9ad000)
 Metaspace       used 24245K, capacity 24622K, committed 24832K, reserved 26624K
}
Event: 2257.611 GC heap after
{Heap after GC invocations=1945 (full 5):
 def new generation   total 1599168K, used 73000K [0x00007f14bc600000, 0x00007f1528d30000, 0x00007f1a11b50000)
  eden space 1421504K,   0% used [0x00007f14bc600000, 0x00007f14bc600000, 0x00007f1513230000)
  from space 177664K,  41% used [0x00007f1513230000, 0x00007f151797a2b8, 0x00007f151dfb0000)
  to   space 177664K,   0% used [0x00007f151dfb0000, 0x00007f151dfb0000, 0x00007f1528d30000)
 tenured generation   total 3553652K, used 3542932K [0x00007f1a11b50000, 0x00007f1aea9ad000, 0x00007f24bc600000)
   the space 3553652K,  99% used [0x00007f1a11b50000, 0x00007f1ae9f350d8, 0x00007f1ae9f35200, 0x00007f1aea9ad000)
 Metaspace       used 24245K, capacity 24622K, committed 24832K, reserved 26624K
}
Event: 2259.746 GC heap before
{Heap before GC invocations=1945 (full 5):
 def new generation   total 1599168K, used 1488779K [0x00007f14bc600000, 0x00007f1528d30000, 0x00007f1a11b50000)
  eden space 1421504K,  99% used [0x00007f14bc600000, 0x00007f1512c98b18, 0x00007f1513230000)
  from space 177664K,  41% used [0x00007f1513230000, 0x00007f151797a2b8, 0x00007f151dfb0000)
  to   space 177664K,   0% used [0x00007f151dfb0000, 0x00007f151dfb0000, 0x00007f1528d30000)
 tenured generation   total 3553652K, used 3542932K [0x00007f1a11b50000, 0x00007f1aea9ad000, 0x00007f24bc600000)
   the space 3553652K,  99% used [0x00007f1a11b50000, 0x00007f1ae9f350d8, 0x00007f1ae9f35200, 0x00007f1aea9ad000)
 Metaspace       used 24245K, capacity 24622K, committed 24832K, reserved 26624K
}
Event: 2259.839 GC heap after
{Heap after GC invocations=1946 (full 5):
 def new generation   total 1599168K, used 78653K [0x00007f14bc600000, 0x00007f1528d30000, 0x00007f1a11b50000)
  eden space 1421504K,   0% used [0x00007f14bc600000, 0x00007f14bc600000, 0x00007f1513230000)
  from space 177664K,  44% used [0x00007f151dfb0000, 0x00007f1522c7f638, 0x00007f1528d30000)
  to   space 177664K,   0% used [0x00007f1513230000, 0x00007f1513230000, 0x00007f151dfb0000)
 tenured generation   total 3553652K, used 3542932K [0x00007f1a11b50000, 0x00007f1aea9ad000, 0x00007f24bc600000)
   the space 3553652K,  99% used [0x00007f1a11b50000, 0x00007f1ae9f350d8, 0x00007f1ae9f35200, 0x00007f1aea9ad000)
 Metaspace       used 24245K, capacity 24622K, committed 24832K, reserved 26624K
}
Event: 2261.750 GC heap before
{Heap before GC invocations=1946 (full 5):
 def new generation   total 1599168K, used 1500157K [0x00007f14bc600000, 0x00007f1528d30000, 0x00007f1a11b50000)
  eden space 1421504K, 100% used [0x00007f14bc600000, 0x00007f1513230000, 0x00007f1513230000)
  from space 177664K,  44% used [0x00007f151dfb0000, 0x00007f1522c7f638, 0x00007f1528d30000)
  to   space 177664K,   0% used [0x00007f1513230000, 0x00007f1513230000, 0x00007f151dfb0000)
 tenured generation   total 3553652K, used 3542932K [0x00007f1a11b50000, 0x00007f1aea9ad000, 0x00007f24bc600000)
   the space 3553652K,  99% used [0x00007f1a11b50000, 0x00007f1ae9f350d8, 0x00007f1ae9f35200, 0x00007f1aea9ad000)
 Metaspace       used 24245K, capacity 24622K, committed 24832K, reserved 26624K
}
Event: 2261.853 GC heap after
{Heap after GC invocations=1947 (full 5):
 def new generation   total 1599168K, used 66303K [0x00007f14bc600000, 0x00007f1528d30000, 0x00007f1a11b50000)
  eden space 1421504K,   0% used [0x00007f14bc600000, 0x00007f14bc600000, 0x00007f1513230000)
  from space 177664K,  37% used [0x00007f1513230000, 0x00007f15172efdf8, 0x00007f151dfb0000)
  to   space 177664K,   0% used [0x00007f151dfb0000, 0x00007f151dfb0000, 0x00007f1528d30000)
 tenured generation   total 3570040K, used 3559892K [0x00007f1a11b50000, 0x00007f1aeb9ae000, 0x00007f24bc600000)
   the space 3570040K,  99% used [0x00007f1a11b50000, 0x00007f1aeafc50d0, 0x00007f1aeafc5200, 0x00007f1aeb9ae000)
 Metaspace       used 24245K, capacity 24622K, committed 24832K, reserved 26624K
}
Event: 2261.853 GC heap before
{Heap before GC invocations=1947 (full 5):
 def new generation   total 1599168K, used 66303K [0x00007f14bc600000, 0x00007f1528d30000, 0x00007f1a11b50000)
  eden space 1421504K,   0% used [0x00007f14bc600000, 0x00007f14bc600000, 0x00007f1513230000)
  from space 177664K,  37% used [0x00007f1513230000, 0x00007f15172efdf8, 0x00007f151dfb0000)
  to   space 177664K,   0% used [0x00007f151dfb0000, 0x00007f151dfb0000, 0x00007f1528d30000)
 tenured generation   total 3570040K, used 3559892K [0x00007f1a11b50000, 0x00007f1aeb9ae000, 0x00007f24bc600000)
   the space 3570040K,  99% used [0x00007f1a11b50000, 0x00007f1aeafc50d0, 0x00007f1aeafc5200, 0x00007f1aeb9ae000)
 Metaspace       used 24245K, capacity 24622K, committed 24832K, reserved 26624K
}

