# JRE version: OpenJDK Runtime Environment (13.0.7+5) (build 13.0.7+5-Ubuntu-0ubuntu120.04)
# Java VM: OpenJDK 64-Bit Server VM (13.0.7+5-Ubuntu-0ubuntu120.04, mixed mode, tiered, serial gc, linux-amd64)
Heap:
 def new generation   total 3152320K, used 97332K [0x00007f9a1c600000, 0x00007f9af2270000, 0x00007f9f71b50000)
  eden space 2802112K,   3% used [0x00007f9a1c600000, 0x00007f9a2250d158, 0x00007f9ac7670000)
  from space 350208K,   0% used [0x00007f9adcc70000, 0x00007f9adcc70000, 0x00007f9af2270000)
  to   space 350208K,   0% used [0x00007f9ac7670000, 0x00007f9ac7670000, 0x00007f9adcc70000)
 tenured generation   total 7348508K, used 7348507K [0x00007f9f71b50000, 0x00007fa132397000, 0x00007faa1c600000)
   the space 7348508K,  99% used [0x00007f9f71b50000, 0x00007fa132396fe8, 0x00007fa132397000, 0x00007fa132397000)
 Metaspace       used 30423K, capacity 30801K, committed 30976K, reserved 32768K
GC Heap History (20 events):
Event: 89.843 GC heap after
{Heap after GC invocations=43 (full 6):
 def new generation   total 3152320K, used 145215K [0x00007f9a1c600000, 0x00007f9af2270000, 0x00007f9f71b50000)
  eden space 2802112K,   5% used [0x00007f9a1c600000, 0x00007f9a253cfcc8, 0x00007f9ac7670000)
  from space 350208K,   0% used [0x00007f9ac7670000, 0x00007f9ac7670000, 0x00007f9adcc70000)
  to   space 350208K,   0% used [0x00007f9adcc70000, 0x00007f9adcc70000, 0x00007f9af2270000)
 tenured generation   total 7005020K, used 4203011K [0x00007f9f71b50000, 0x00007fa11d427000, 0x00007faa1c600000)
   the space 7005020K,  59% used [0x00007f9f71b50000, 0x00007fa0723d0ff8, 0x00007fa0723d1000, 0x00007fa11d427000)
 Metaspace       used 30423K, capacity 30801K, committed 30976K, reserved 32768K
}
Event: 90.920 GC heap before
{Heap before GC invocations=43 (full 6):
 def new generation   total 3152320K, used 2802112K [0x00007f9a1c600000, 0x00007f9af2270000, 0x00007f9f71b50000)
  eden space 2802112K, 100% used [0x00007f9a1c600000, 0x00007f9ac7670000, 0x00007f9ac7670000)
  from space 350208K,   0% used [0x00007f9ac7670000, 0x00007f9ac7670000, 0x00007f9adcc70000)
  to   space 350208K,   0% used [0x00007f9adcc70000, 0x00007f9adcc70000, 0x00007f9af2270000)
 tenured generation   total 7005020K, used 4203011K [0x00007f9f71b50000, 0x00007fa11d427000, 0x00007faa1c600000)
   the space 7005020K,  59% used [0x00007f9f71b50000, 0x00007fa0723d0ff8, 0x00007fa0723d1000, 0x00007fa11d427000)
 Metaspace       used 30423K, capacity 30801K, committed 30976K, reserved 32768K
}
Event: 92.636 GC heap after
{Heap after GC invocations=44 (full 6):
 def new generation   total 3152320K, used 350207K [0x00007f9a1c600000, 0x00007f9af2270000, 0x00007f9f71b50000)
  eden space 2802112K,   0% used [0x00007f9a1c600000, 0x00007f9a1c600000, 0x00007f9ac7670000)
  from space 350208K,  99% used [0x00007f9adcc70000, 0x00007f9af226fff8, 0x00007f9af2270000)
  to   space 350208K,   0% used [0x00007f9ac7670000, 0x00007f9ac7670000, 0x00007f9adcc70000)
 tenured generation   total 7005020K, used 4233190K [0x00007f9f71b50000, 0x00007fa11d427000, 0x00007faa1c600000)
   the space 7005020K,  60% used [0x00007f9f71b50000, 0x00007fa0741499b0, 0x00007fa074149a00, 0x00007fa11d427000)
 Metaspace       used 30423K, capacity 30801K, committed 30976K, reserved 32768K
}
Event: 93.413 GC heap before
{Heap before GC invocations=44 (full 6):
 def new generation   total 3152320K, used 3152319K [0x00007f9a1c600000, 0x00007f9af2270000, 0x00007f9f71b50000)
  eden space 2802112K, 100% used [0x00007f9a1c600000, 0x00007f9ac7670000, 0x00007f9ac7670000)
  from space 350208K,  99% used [0x00007f9adcc70000, 0x00007f9af226fff8, 0x00007f9af2270000)
  to   space 350208K,   0% used [0x00007f9ac7670000, 0x00007f9ac7670000, 0x00007f9adcc70000)
 tenured generation   total 7005020K, used 4233190K [0x00007f9f71b50000, 0x00007fa11d427000, 0x00007faa1c600000)
   the space 7005020K,  60% used [0x00007f9f71b50000, 0x00007fa0741499b0, 0x00007fa074149a00, 0x00007fa11d427000)
 Metaspace       used 30423K, capacity 30801K, committed 30976K, reserved 32768K
}
Event: 94.604 GC heap after
{Heap after GC invocations=45 (full 6):
 def new generation   total 3152320K, used 248132K [0x00007f9a1c600000, 0x00007f9af2270000, 0x00007f9f71b50000)
  eden space 2802112K,   0% used [0x00007f9a1c600000, 0x00007f9a1c600000, 0x00007f9ac7670000)
  from space 350208K,  70% used [0x00007f9ac7670000, 0x00007f9ad68c13c8, 0x00007f9adcc70000)
  to   space 350208K,   0% used [0x00007f9adcc70000, 0x00007f9adcc70000, 0x00007f9af2270000)
 tenured generation   total 7005020K, used 4583397K [0x00007f9f71b50000, 0x00007fa11d427000, 0x00007faa1c600000)
   the space 7005020K,  65% used [0x00007f9f71b50000, 0x00007fa089749778, 0x00007fa089749800, 0x00007fa11d427000)
 Metaspace       used 30423K, capacity 30801K, committed 30976K, reserved 32768K
}
Event: 95.375 GC heap before
{Heap before GC invocations=45 (full 6):
 def new generation   total 3152320K, used 3050244K [0x00007f9a1c600000, 0x00007f9af2270000, 0x00007f9f71b50000)
  eden space 2802112K, 100% used [0x00007f9a1c600000, 0x00007f9ac7670000, 0x00007f9ac7670000)
  from space 350208K,  70% used [0x00007f9ac7670000, 0x00007f9ad68c13c8, 0x00007f9adcc70000)
  to   space 350208K,   0% used [0x00007f9adcc70000, 0x00007f9adcc70000, 0x00007f9af2270000)
 tenured generation   total 7005020K, used 4583397K [0x00007f9f71b50000, 0x00007fa11d427000, 0x00007faa1c600000)
   the space 7005020K,  65% used [0x00007f9f71b50000, 0x00007fa089749778, 0x00007fa089749800, 0x00007fa11d427000)
 Metaspace       used 30423K, capacity 30801K, committed 30976K, reserved 32768K
}
Event: 96.304 GC heap after
{Heap after GC invocations=46 (full 6):
 def new generation   total 3152320K, used 241147K [0x00007f9a1c600000, 0x00007f9af2270000, 0x00007f9f71b50000)
  eden space 2802112K,   0% used [0x00007f9a1c600000, 0x00007f9a1c600000, 0x00007f9ac7670000)
  from space 350208K,  68% used [0x00007f9adcc70000, 0x00007f9aeb7eec20, 0x00007f9af2270000)
  to   space 350208K,   0% used [0x00007f9ac7670000, 0x00007f9ac7670000, 0x00007f9adcc70000)
 tenured generation   total 7005020K, used 4831530K [0x00007f9f71b50000, 0x00007fa11d427000, 0x00007faa1c600000)
   the space 7005020K,  68% used [0x00007f9f71b50000, 0x00007fa09899aa60, 0x00007fa09899ac00, 0x00007fa11d427000)
 Metaspace       used 30423K, capacity 30801K, committed 30976K, reserved 32768K
}
Event: 97.139 GC heap before
{Heap before GC invocations=46 (full 6):
 def new generation   total 3152320K, used 3043259K [0x00007f9a1c600000, 0x00007f9af2270000, 0x00007f9f71b50000)
  eden space 2802112K, 100% used [0x00007f9a1c600000, 0x00007f9ac7670000, 0x00007f9ac7670000)
  from space 350208K,  68% used [0x00007f9adcc70000, 0x00007f9aeb7eec20, 0x00007f9af2270000)
  to   space 350208K,   0% used [0x00007f9ac7670000, 0x00007f9ac7670000, 0x00007f9adcc70000)
 tenured generation   total 7005020K, used 4831530K [0x00007f9f71b50000, 0x00007fa11d427000, 0x00007faa1c600000)
   the space 7005020K,  68% used [0x00007f9f71b50000, 0x00007fa09899aa60, 0x00007fa09899ac00, 0x00007fa11d427000)
 Metaspace       used 30423K, capacity 30801K, committed 30976K, reserved 32768K
}
Event: 98.078 GC heap after
{Heap after GC invocations=47 (full 6):
 def new generation   total 3152320K, used 233547K [0x00007f9a1c600000, 0x00007f9af2270000, 0x00007f9f71b50000)
  eden space 2802112K,   0% used [0x00007f9a1c600000, 0x00007f9a1c600000, 0x00007f9ac7670000)
  from space 350208K,  66% used [0x00007f9ac7670000, 0x00007f9ad5a82f30, 0x00007f9adcc70000)
  to   space 350208K,   0% used [0x00007f9adcc70000, 0x00007f9adcc70000, 0x00007f9af2270000)
 tenured generation   total 7005020K, used 5072677K [0x00007f9f71b50000, 0x00007fa11d427000, 0x00007faa1c600000)
   the space 7005020K,  72% used [0x00007f9f71b50000, 0x00007fa0a75194e0, 0x00007fa0a7519600, 0x00007fa11d427000)
 Metaspace       used 30423K, capacity 30801K, committed 30976K, reserved 32768K
}
Event: 98.925 GC heap before
{Heap before GC invocations=47 (full 6):
 def new generation   total 3152320K, used 3035659K [0x00007f9a1c600000, 0x00007f9af2270000, 0x00007f9f71b50000)
  eden space 2802112K, 100% used [0x00007f9a1c600000, 0x00007f9ac7670000, 0x00007f9ac7670000)
  from space 350208K,  66% used [0x00007f9ac7670000, 0x00007f9ad5a82f30, 0x00007f9adcc70000)
  to   space 350208K,   0% used [0x00007f9adcc70000, 0x00007f9adcc70000, 0x00007f9af2270000)
 tenured generation   total 7005020K, used 5072677K [0x00007f9f71b50000, 0x00007fa11d427000, 0x00007faa1c600000)
   the space 7005020K,  72% used [0x00007f9f71b50000, 0x00007fa0a75194e0, 0x00007fa0a7519600, 0x00007fa11d427000)
 Metaspace       used 30423K, capacity 30801K, committed 30976K, reserved 32768K
}
Event: 99.798 GC heap after
{Heap after GC invocations=48 (full 6):
 def new generation   total 3152320K, used 246300K [0x00007f9a1c600000, 0x00007f9af2270000, 0x00007f9f71b50000)
  eden space 2802112K,   0% used [0x00007f9a1c600000, 0x00007f9a1c600000, 0x00007f9ac7670000)
  from space 350208K,  70% used [0x00007f9adcc70000, 0x00007f9aebcf7338, 0x00007f9af2270000)
  to   space 350208K,   0% used [0x00007f9ac7670000, 0x00007f9ac7670000, 0x00007f9adcc70000)
 tenured generation   total 7005020K, used 5306223K [0x00007f9f71b50000, 0x00007fa11d427000, 0x00007faa1c600000)
   the space 7005020K,  75% used [0x00007f9f71b50000, 0x00007fa0b592bfd0, 0x00007fa0b592c000, 0x00007fa11d427000)
 Metaspace       used 30423K, capacity 30801K, committed 30976K, reserved 32768K
}
Event: 100.605 GC heap before
{Heap before GC invocations=48 (full 6):
 def new generation   total 3152320K, used 3048412K [0x00007f9a1c600000, 0x00007f9af2270000, 0x00007f9f71b50000)
  eden space 2802112K, 100% used [0x00007f9a1c600000, 0x00007f9ac7670000, 0x00007f9ac7670000)
  from space 350208K,  70% used [0x00007f9adcc70000, 0x00007f9aebcf7338, 0x00007f9af2270000)
  to   space 350208K,   0% used [0x00007f9ac7670000, 0x00007f9ac7670000, 0x00007f9adcc70000)
 tenured generation   total 7005020K, used 5306223K [0x00007f9f71b50000, 0x00007fa11d427000, 0x00007faa1c600000)
   the space 7005020K,  75% used [0x00007f9f71b50000, 0x00007fa0b592bfd0, 0x00007fa0b592c000, 0x00007fa11d427000)
 Metaspace       used 30423K, capacity 30801K, committed 30976K, reserved 32768K
}
Event: 101.471 GC heap after
{Heap after GC invocations=49 (full 6):
 def new generation   total 3152320K, used 238494K [0x00007f9a1c600000, 0x00007f9af2270000, 0x00007f9f71b50000)
  eden space 2802112K,   0% used [0x00007f9a1c600000, 0x00007f9a1c600000, 0x00007f9ac7670000)
  from space 350208K,  68% used [0x00007f9ac7670000, 0x00007f9ad5f57ba8, 0x00007f9adcc70000)
  to   space 350208K,   0% used [0x00007f9adcc70000, 0x00007f9adcc70000, 0x00007f9af2270000)
 tenured generation   total 7005020K, used 5552523K [0x00007f9f71b50000, 0x00007fa11d427000, 0x00007faa1c600000)
   the space 7005020K,  79% used [0x00007f9f71b50000, 0x00007fa0c49b2f48, 0x00007fa0c49b3000, 0x00007fa11d427000)
 Metaspace       used 30423K, capacity 30801K, committed 30976K, reserved 32768K
}
Event: 102.232 GC heap before
{Heap before GC invocations=49 (full 6):
 def new generation   total 3152320K, used 3040606K [0x00007f9a1c600000, 0x00007f9af2270000, 0x00007f9f71b50000)
  eden space 2802112K, 100% used [0x00007f9a1c600000, 0x00007f9ac7670000, 0x00007f9ac7670000)
  from space 350208K,  68% used [0x00007f9ac7670000, 0x00007f9ad5f57ba8, 0x00007f9adcc70000)
  to   space 350208K,   0% used [0x00007f9adcc70000, 0x00007f9adcc70000, 0x00007f9af2270000)
 tenured generation   total 7005020K, used 5552523K [0x00007f9f71b50000, 0x00007fa11d427000, 0x00007faa1c600000)
   the space 7005020K,  79% used [0x00007f9f71b50000, 0x00007fa0c49b2f48, 0x00007fa0c49b3000, 0x00007fa11d427000)
 Metaspace       used 30423K, capacity 30801K, committed 30976K, reserved 32768K
}
Event: 103.080 GC heap after
{Heap after GC invocations=50 (full 6):
 def new generation   total 3152320K, used 243481K [0x00007f9a1c600000, 0x00007f9af2270000, 0x00007f9f71b50000)
  eden space 2802112K,   0% used [0x00007f9a1c600000, 0x00007f9a1c600000, 0x00007f9ac7670000)
  from space 350208K,  69% used [0x00007f9adcc70000, 0x00007f9aeba36648, 0x00007f9af2270000)
  to   space 350208K,   0% used [0x00007f9ac7670000, 0x00007f9ac7670000, 0x00007f9adcc70000)
 tenured generation   total 7005020K, used 5791017K [0x00007f9f71b50000, 0x00007fa11d427000, 0x00007faa1c600000)
   the space 7005020K,  82% used [0x00007f9f71b50000, 0x00007fa0d329a6a0, 0x00007fa0d329a800, 0x00007fa11d427000)
 Metaspace       used 30423K, capacity 30801K, committed 30976K, reserved 32768K
}
Event: 103.832 GC heap before
{Heap before GC invocations=50 (full 6):
 def new generation   total 3152320K, used 3045593K [0x00007f9a1c600000, 0x00007f9af2270000, 0x00007f9f71b50000)
  eden space 2802112K, 100% used [0x00007f9a1c600000, 0x00007f9ac7670000, 0x00007f9ac7670000)
  from space 350208K,  69% used [0x00007f9adcc70000, 0x00007f9aeba36648, 0x00007f9af2270000)
  to   space 350208K,   0% used [0x00007f9ac7670000, 0x00007f9ac7670000, 0x00007f9adcc70000)
 tenured generation   total 7005020K, used 5791017K [0x00007f9f71b50000, 0x00007fa11d427000, 0x00007faa1c600000)
   the space 7005020K,  82% used [0x00007f9f71b50000, 0x00007fa0d329a6a0, 0x00007fa0d329a800, 0x00007fa11d427000)
 Metaspace       used 30423K, capacity 30801K, committed 30976K, reserved 32768K
}
Event: 104.682 GC heap after
{Heap after GC invocations=51 (full 6):
 def new generation   total 3152320K, used 251251K [0x00007f9a1c600000, 0x00007f9af2270000, 0x00007f9f71b50000)
  eden space 2802112K,   0% used [0x00007f9a1c600000, 0x00007f9a1c600000, 0x00007f9ac7670000)
  from space 350208K,  71% used [0x00007f9ac7670000, 0x00007f9ad6bccd30, 0x00007f9adcc70000)
  to   space 350208K,   0% used [0x00007f9adcc70000, 0x00007f9adcc70000, 0x00007f9af2270000)
 tenured generation   total 7005020K, used 6034498K [0x00007f9f71b50000, 0x00007fa11d427000, 0x00007faa1c600000)
   the space 7005020K,  86% used [0x00007f9f71b50000, 0x00007fa0e2060b48, 0x00007fa0e2060c00, 0x00007fa11d427000)
 Metaspace       used 30423K, capacity 30801K, committed 30976K, reserved 32768K
}
Event: 241.173 GC heap before
{Heap before GC invocations=51 (full 6):
 def new generation   total 3152320K, used 3053363K [0x00007f9a1c600000, 0x00007f9af2270000, 0x00007f9f71b50000)
  eden space 2802112K, 100% used [0x00007f9a1c600000, 0x00007f9ac7670000, 0x00007f9ac7670000)
  from space 350208K,  71% used [0x00007f9ac7670000, 0x00007f9ad6bccd30, 0x00007f9adcc70000)
  to   space 350208K,   0% used [0x00007f9adcc70000, 0x00007f9adcc70000, 0x00007f9af2270000)
 tenured generation   total 7005020K, used 6034498K [0x00007f9f71b50000, 0x00007fa11d427000, 0x00007faa1c600000)
   the space 7005020K,  86% used [0x00007f9f71b50000, 0x00007fa0e2060b48, 0x00007fa0e2060c00, 0x00007fa11d427000)
 Metaspace       used 30423K, capacity 30801K, committed 30976K, reserved 32768K
}
Event: 244.605 GC heap after
{Heap after GC invocations=52 (full 6):
 def new generation   total 3152320K, used 350207K [0x00007f9a1c600000, 0x00007f9af2270000, 0x00007f9f71b50000)
  eden space 2802112K,   0% used [0x00007f9a1c600000, 0x00007f9a1c600000, 0x00007f9ac7670000)
  from space 350208K,  99% used [0x00007f9adcc70000, 0x00007f9af226fff8, 0x00007f9af2270000)
  to   space 350208K,   0% used [0x00007f9ac7670000, 0x00007f9ac7670000, 0x00007f9adcc70000)
 tenured generation   total 7348508K, used 7348411K [0x00007f9f71b50000, 0x00007fa132397000, 0x00007faa1c600000)
   the space 7348508K,  99% used [0x00007f9f71b50000, 0x00007fa13237ede8, 0x00007fa13237ee00, 0x00007fa132397000)
 Metaspace       used 30423K, capacity 30801K, committed 30976K, reserved 32768K
}
Event: 244.605 GC heap before
{Heap before GC invocations=52 (full 6):
 def new generation   total 3152320K, used 350207K [0x00007f9a1c600000, 0x00007f9af2270000, 0x00007f9f71b50000)
  eden space 2802112K,   0% used [0x00007f9a1c600000, 0x00007f9a1c600000, 0x00007f9ac7670000)
  from space 350208K,  99% used [0x00007f9adcc70000, 0x00007f9af226fff8, 0x00007f9af2270000)
  to   space 350208K,   0% used [0x00007f9ac7670000, 0x00007f9ac7670000, 0x00007f9adcc70000)
 tenured generation   total 7348508K, used 7348411K [0x00007f9f71b50000, 0x00007fa132397000, 0x00007faa1c600000)
   the space 7348508K,  99% used [0x00007f9f71b50000, 0x00007fa13237ede8, 0x00007fa13237ee00, 0x00007fa132397000)
 Metaspace       used 30423K, capacity 30801K, committed 30976K, reserved 32768K
}

