# JRE version: OpenJDK Runtime Environment (13.0.7+5) (build 13.0.7+5-Ubuntu-0ubuntu120.04)
# Java VM: OpenJDK 64-Bit Server VM (13.0.7+5-Ubuntu-0ubuntu120.04, mixed mode, tiered, serial gc, linux-amd64)
Heap:
 def new generation   total 1048832K, used 3644K [0x00007f2820600000, 0x00007f2867800000, 0x00007f2d75b50000)
  eden space 932352K,   0% used [0x00007f2820600000, 0x00007f282098f340, 0x00007f2859480000)
  from space 116480K,   0% used [0x00007f2859480000, 0x00007f2859480000, 0x00007f2860640000)
  to   space 116480K,   0% used [0x00007f2860640000, 0x00007f2860640000, 0x00007f2867800000)
 tenured generation   total 2330752K, used 2330751K [0x00007f2d75b50000, 0x00007f2e03f70000, 0x00007f3820600000)
   the space 2330752K,  99% used [0x00007f2d75b50000, 0x00007f2e03f6ffb8, 0x00007f2e03f70000, 0x00007f2e03f70000)
 Metaspace       used 24195K, capacity 24653K, committed 24832K, reserved 26624K
GC Heap History (20 events):
Event: 5739.844 GC heap after
{Heap after GC invocations=13118 (full 2):
 def new generation   total 1048832K, used 3739K [0x00007f2820600000, 0x00007f2867800000, 0x00007f2d75b50000)
  eden space 932352K,   0% used [0x00007f2820600000, 0x00007f2820600000, 0x00007f2859480000)
  from space 116480K,   3% used [0x00007f2860640000, 0x00007f28609e6cc8, 0x00007f2867800000)
  to   space 116480K,   0% used [0x00007f2859480000, 0x00007f2859480000, 0x00007f2860640000)
 tenured generation   total 2330560K, used 2328430K [0x00007f2d75b50000, 0x00007f2e03f40000, 0x00007f3820600000)
   the space 2330560K,  99% used [0x00007f2d75b50000, 0x00007f2e03d2b828, 0x00007f2e03d2ba00, 0x00007f2e03f40000)
 Metaspace       used 24195K, capacity 24653K, committed 24832K, reserved 26624K
}
Event: 5740.474 GC heap before
{Heap before GC invocations=13118 (full 2):
 def new generation   total 1048832K, used 936091K [0x00007f2820600000, 0x00007f2867800000, 0x00007f2d75b50000)
  eden space 932352K, 100% used [0x00007f2820600000, 0x00007f2859480000, 0x00007f2859480000)
  from space 116480K,   3% used [0x00007f2860640000, 0x00007f28609e6cc8, 0x00007f2867800000)
  to   space 116480K,   0% used [0x00007f2859480000, 0x00007f2859480000, 0x00007f2860640000)
 tenured generation   total 2330560K, used 2328430K [0x00007f2d75b50000, 0x00007f2e03f40000, 0x00007f3820600000)
   the space 2330560K,  99% used [0x00007f2d75b50000, 0x00007f2e03d2b828, 0x00007f2e03d2ba00, 0x00007f2e03f40000)
 Metaspace       used 24195K, capacity 24653K, committed 24832K, reserved 26624K
}
Event: 5740.481 GC heap after
{Heap after GC invocations=13119 (full 2):
 def new generation   total 1048832K, used 3752K [0x00007f2820600000, 0x00007f2867800000, 0x00007f2d75b50000)
  eden space 932352K,   0% used [0x00007f2820600000, 0x00007f2820600000, 0x00007f2859480000)
  from space 116480K,   3% used [0x00007f2859480000, 0x00007f285982a380, 0x00007f2860640000)
  to   space 116480K,   0% used [0x00007f2860640000, 0x00007f2860640000, 0x00007f2867800000)
 tenured generation   total 2330560K, used 2328671K [0x00007f2d75b50000, 0x00007f2e03f40000, 0x00007f3820600000)
   the space 2330560K,  99% used [0x00007f2d75b50000, 0x00007f2e03d67d68, 0x00007f2e03d67e00, 0x00007f2e03f40000)
 Metaspace       used 24195K, capacity 24653K, committed 24832K, reserved 26624K
}
Event: 5741.124 GC heap before
{Heap before GC invocations=13119 (full 2):
 def new generation   total 1048832K, used 936104K [0x00007f2820600000, 0x00007f2867800000, 0x00007f2d75b50000)
  eden space 932352K, 100% used [0x00007f2820600000, 0x00007f2859480000, 0x00007f2859480000)
  from space 116480K,   3% used [0x00007f2859480000, 0x00007f285982a380, 0x00007f2860640000)
  to   space 116480K,   0% used [0x00007f2860640000, 0x00007f2860640000, 0x00007f2867800000)
 tenured generation   total 2330560K, used 2328671K [0x00007f2d75b50000, 0x00007f2e03f40000, 0x00007f3820600000)
   the space 2330560K,  99% used [0x00007f2d75b50000, 0x00007f2e03d67d68, 0x00007f2e03d67e00, 0x00007f2e03f40000)
 Metaspace       used 24195K, capacity 24653K, committed 24832K, reserved 26624K
}
Event: 5741.133 GC heap after
{Heap after GC invocations=13120 (full 2):
 def new generation   total 1048832K, used 3734K [0x00007f2820600000, 0x00007f2867800000, 0x00007f2d75b50000)
  eden space 932352K,   0% used [0x00007f2820600000, 0x00007f2820600000, 0x00007f2859480000)
  from space 116480K,   3% used [0x00007f2860640000, 0x00007f28609e58c0, 0x00007f2867800000)
  to   space 116480K,   0% used [0x00007f2859480000, 0x00007f2859480000, 0x00007f2860640000)
 tenured generation   total 2330560K, used 2328931K [0x00007f2d75b50000, 0x00007f2e03f40000, 0x00007f3820600000)
   the space 2330560K,  99% used [0x00007f2d75b50000, 0x00007f2e03da8ce8, 0x00007f2e03da8e00, 0x00007f2e03f40000)
 Metaspace       used 24195K, capacity 24653K, committed 24832K, reserved 26624K
}
Event: 5741.790 GC heap before
{Heap before GC invocations=13120 (full 2):
 def new generation   total 1048832K, used 936086K [0x00007f2820600000, 0x00007f2867800000, 0x00007f2d75b50000)
  eden space 932352K, 100% used [0x00007f2820600000, 0x00007f2859480000, 0x00007f2859480000)
  from space 116480K,   3% used [0x00007f2860640000, 0x00007f28609e58c0, 0x00007f2867800000)
  to   space 116480K,   0% used [0x00007f2859480000, 0x00007f2859480000, 0x00007f2860640000)
 tenured generation   total 2330560K, used 2328931K [0x00007f2d75b50000, 0x00007f2e03f40000, 0x00007f3820600000)
   the space 2330560K,  99% used [0x00007f2d75b50000, 0x00007f2e03da8ce8, 0x00007f2e03da8e00, 0x00007f2e03f40000)
 Metaspace       used 24195K, capacity 24653K, committed 24832K, reserved 26624K
}
Event: 5741.800 GC heap after
{Heap after GC invocations=13121 (full 2):
 def new generation   total 1048832K, used 3734K [0x00007f2820600000, 0x00007f2867800000, 0x00007f2d75b50000)
  eden space 932352K,   0% used [0x00007f2820600000, 0x00007f2820600000, 0x00007f2859480000)
  from space 116480K,   3% used [0x00007f2859480000, 0x00007f2859825a58, 0x00007f2860640000)
  to   space 116480K,   0% used [0x00007f2860640000, 0x00007f2860640000, 0x00007f2867800000)
 tenured generation   total 2330560K, used 2329172K [0x00007f2d75b50000, 0x00007f2e03f40000, 0x00007f3820600000)
   the space 2330560K,  99% used [0x00007f2d75b50000, 0x00007f2e03de5228, 0x00007f2e03de5400, 0x00007f2e03f40000)
 Metaspace       used 24195K, capacity 24653K, committed 24832K, reserved 26624K
}
Event: 5742.467 GC heap before
{Heap before GC invocations=13121 (full 2):
 def new generation   total 1048832K, used 936086K [0x00007f2820600000, 0x00007f2867800000, 0x00007f2d75b50000)
  eden space 932352K, 100% used [0x00007f2820600000, 0x00007f2859480000, 0x00007f2859480000)
  from space 116480K,   3% used [0x00007f2859480000, 0x00007f2859825a58, 0x00007f2860640000)
  to   space 116480K,   0% used [0x00007f2860640000, 0x00007f2860640000, 0x00007f2867800000)
 tenured generation   total 2330560K, used 2329172K [0x00007f2d75b50000, 0x00007f2e03f40000, 0x00007f3820600000)
   the space 2330560K,  99% used [0x00007f2d75b50000, 0x00007f2e03de5228, 0x00007f2e03de5400, 0x00007f2e03f40000)
 Metaspace       used 24195K, capacity 24653K, committed 24832K, reserved 26624K
}
Event: 5742.474 GC heap after
{Heap after GC invocations=13122 (full 2):
 def new generation   total 1048832K, used 3758K [0x00007f2820600000, 0x00007f2867800000, 0x00007f2d75b50000)
  eden space 932352K,   0% used [0x00007f2820600000, 0x00007f2820600000, 0x00007f2859480000)
  from space 116480K,   3% used [0x00007f2860640000, 0x00007f28609ebb18, 0x00007f2867800000)
  to   space 116480K,   0% used [0x00007f2859480000, 0x00007f2859480000, 0x00007f2860640000)
 tenured generation   total 2330560K, used 2329413K [0x00007f2d75b50000, 0x00007f2e03f40000, 0x00007f3820600000)
   the space 2330560K,  99% used [0x00007f2d75b50000, 0x00007f2e03e21768, 0x00007f2e03e21800, 0x00007f2e03f40000)
 Metaspace       used 24195K, capacity 24653K, committed 24832K, reserved 26624K
}
Event: 5743.111 GC heap before
{Heap before GC invocations=13122 (full 2):
 def new generation   total 1048832K, used 936110K [0x00007f2820600000, 0x00007f2867800000, 0x00007f2d75b50000)
  eden space 932352K, 100% used [0x00007f2820600000, 0x00007f2859480000, 0x00007f2859480000)
  from space 116480K,   3% used [0x00007f2860640000, 0x00007f28609ebb18, 0x00007f2867800000)
  to   space 116480K,   0% used [0x00007f2859480000, 0x00007f2859480000, 0x00007f2860640000)
 tenured generation   total 2330560K, used 2329413K [0x00007f2d75b50000, 0x00007f2e03f40000, 0x00007f3820600000)
   the space 2330560K,  99% used [0x00007f2d75b50000, 0x00007f2e03e21768, 0x00007f2e03e21800, 0x00007f2e03f40000)
 Metaspace       used 24195K, capacity 24653K, committed 24832K, reserved 26624K
}
Event: 5743.118 GC heap after
{Heap after GC invocations=13123 (full 2):
 def new generation   total 1048832K, used 3751K [0x00007f2820600000, 0x00007f2867800000, 0x00007f2d75b50000)
  eden space 932352K,   0% used [0x00007f2820600000, 0x00007f2820600000, 0x00007f2859480000)
  from space 116480K,   3% used [0x00007f2859480000, 0x00007f2859829c28, 0x00007f2860640000)
  to   space 116480K,   0% used [0x00007f2860640000, 0x00007f2860640000, 0x00007f2867800000)
 tenured generation   total 2330560K, used 2329655K [0x00007f2d75b50000, 0x00007f2e03f40000, 0x00007f3820600000)
   the space 2330560K,  99% used [0x00007f2d75b50000, 0x00007f2e03e5dca8, 0x00007f2e03e5de00, 0x00007f2e03f40000)
 Metaspace       used 24195K, capacity 24653K, committed 24832K, reserved 26624K
}
Event: 5743.729 GC heap before
{Heap before GC invocations=13123 (full 2):
 def new generation   total 1048832K, used 936103K [0x00007f2820600000, 0x00007f2867800000, 0x00007f2d75b50000)
  eden space 932352K, 100% used [0x00007f2820600000, 0x00007f2859480000, 0x00007f2859480000)
  from space 116480K,   3% used [0x00007f2859480000, 0x00007f2859829c28, 0x00007f2860640000)
  to   space 116480K,   0% used [0x00007f2860640000, 0x00007f2860640000, 0x00007f2867800000)
 tenured generation   total 2330560K, used 2329655K [0x00007f2d75b50000, 0x00007f2e03f40000, 0x00007f3820600000)
   the space 2330560K,  99% used [0x00007f2d75b50000, 0x00007f2e03e5dca8, 0x00007f2e03e5de00, 0x00007f2e03f40000)
 Metaspace       used 24195K, capacity 24653K, committed 24832K, reserved 26624K
}
Event: 5743.737 GC heap after
{Heap after GC invocations=13124 (full 2):
 def new generation   total 1048832K, used 3742K [0x00007f2820600000, 0x00007f2867800000, 0x00007f2d75b50000)
  eden space 932352K,   0% used [0x00007f2820600000, 0x00007f2820600000, 0x00007f2859480000)
  from space 116480K,   3% used [0x00007f2860640000, 0x00007f28609e78a8, 0x00007f2867800000)
  to   space 116480K,   0% used [0x00007f2859480000, 0x00007f2859480000, 0x00007f2860640000)
 tenured generation   total 2330560K, used 2329915K [0x00007f2d75b50000, 0x00007f2e03f40000, 0x00007f3820600000)
   the space 2330560K,  99% used [0x00007f2d75b50000, 0x00007f2e03e9ec28, 0x00007f2e03e9ee00, 0x00007f2e03f40000)
 Metaspace       used 24195K, capacity 24653K, committed 24832K, reserved 26624K
}
Event: 5744.391 GC heap before
{Heap before GC invocations=13124 (full 2):
 def new generation   total 1048832K, used 936094K [0x00007f2820600000, 0x00007f2867800000, 0x00007f2d75b50000)
  eden space 932352K, 100% used [0x00007f2820600000, 0x00007f2859480000, 0x00007f2859480000)
  from space 116480K,   3% used [0x00007f2860640000, 0x00007f28609e78a8, 0x00007f2867800000)
  to   space 116480K,   0% used [0x00007f2859480000, 0x00007f2859480000, 0x00007f2860640000)
 tenured generation   total 2330560K, used 2329915K [0x00007f2d75b50000, 0x00007f2e03f40000, 0x00007f3820600000)
   the space 2330560K,  99% used [0x00007f2d75b50000, 0x00007f2e03e9ec28, 0x00007f2e03e9ee00, 0x00007f2e03f40000)
 Metaspace       used 24195K, capacity 24653K, committed 24832K, reserved 26624K
}
Event: 5744.401 GC heap after
{Heap after GC invocations=13125 (full 2):
 def new generation   total 1048832K, used 3742K [0x00007f2820600000, 0x00007f2867800000, 0x00007f2d75b50000)
  eden space 932352K,   0% used [0x00007f2820600000, 0x00007f2820600000, 0x00007f2859480000)
  from space 116480K,   3% used [0x00007f2859480000, 0x00007f2859827940, 0x00007f2860640000)
  to   space 116480K,   0% used [0x00007f2860640000, 0x00007f2860640000, 0x00007f2867800000)
 tenured generation   total 2330560K, used 2330150K [0x00007f2d75b50000, 0x00007f2e03f40000, 0x00007f3820600000)
   the space 2330560K,  99% used [0x00007f2d75b50000, 0x00007f2e03ed9ba8, 0x00007f2e03ed9c00, 0x00007f2e03f40000)
 Metaspace       used 24195K, capacity 24653K, committed 24832K, reserved 26624K
}
Event: 5745.063 GC heap before
{Heap before GC invocations=13125 (full 2):
 def new generation   total 1048832K, used 936094K [0x00007f2820600000, 0x00007f2867800000, 0x00007f2d75b50000)
  eden space 932352K, 100% used [0x00007f2820600000, 0x00007f2859480000, 0x00007f2859480000)
  from space 116480K,   3% used [0x00007f2859480000, 0x00007f2859827940, 0x00007f2860640000)
  to   space 116480K,   0% used [0x00007f2860640000, 0x00007f2860640000, 0x00007f2867800000)
 tenured generation   total 2330560K, used 2330150K [0x00007f2d75b50000, 0x00007f2e03f40000, 0x00007f3820600000)
   the space 2330560K,  99% used [0x00007f2d75b50000, 0x00007f2e03ed9ba8, 0x00007f2e03ed9c00, 0x00007f2e03f40000)
 Metaspace       used 24195K, capacity 24653K, committed 24832K, reserved 26624K
}
Event: 5745.071 GC heap after
{Heap after GC invocations=13126 (full 2):
 def new generation   total 1048832K, used 3736K [0x00007f2820600000, 0x00007f2867800000, 0x00007f2d75b50000)
  eden space 932352K,   0% used [0x00007f2820600000, 0x00007f2820600000, 0x00007f2859480000)
  from space 116480K,   3% used [0x00007f2860640000, 0x00007f28609e6160, 0x00007f2867800000)
  to   space 116480K,   0% used [0x00007f2859480000, 0x00007f2859480000, 0x00007f2860640000)
 tenured generation   total 2330560K, used 2330409K [0x00007f2d75b50000, 0x00007f2e03f40000, 0x00007f3820600000)
   the space 2330560K,  99% used [0x00007f2d75b50000, 0x00007f2e03f1a6c0, 0x00007f2e03f1a800, 0x00007f2e03f40000)
 Metaspace       used 24195K, capacity 24653K, committed 24832K, reserved 26624K
}
Event: 5745.716 GC heap before
{Heap before GC invocations=13126 (full 2):
 def new generation   total 1048832K, used 936088K [0x00007f2820600000, 0x00007f2867800000, 0x00007f2d75b50000)
  eden space 932352K, 100% used [0x00007f2820600000, 0x00007f2859480000, 0x00007f2859480000)
  from space 116480K,   3% used [0x00007f2860640000, 0x00007f28609e6160, 0x00007f2867800000)
  to   space 116480K,   0% used [0x00007f2859480000, 0x00007f2859480000, 0x00007f2860640000)
 tenured generation   total 2330560K, used 2330409K [0x00007f2d75b50000, 0x00007f2e03f40000, 0x00007f3820600000)
   the space 2330560K,  99% used [0x00007f2d75b50000, 0x00007f2e03f1a6c0, 0x00007f2e03f1a800, 0x00007f2e03f40000)
 Metaspace       used 24195K, capacity 24653K, committed 24832K, reserved 26624K
}
Event: 5745.729 GC heap after
{Heap after GC invocations=13127 (full 2):
 def new generation   total 1048832K, used 3727K [0x00007f2820600000, 0x00007f2867800000, 0x00007f2d75b50000)
  eden space 932352K,   0% used [0x00007f2820600000, 0x00007f2820600000, 0x00007f2859480000)
  from space 116480K,   3% used [0x00007f2859480000, 0x00007f2859823cb8, 0x00007f2860640000)
  to   space 116480K,   0% used [0x00007f2860640000, 0x00007f2860640000, 0x00007f2867800000)
 tenured generation   total 2330752K, used 2330669K [0x00007f2d75b50000, 0x00007f2e03f70000, 0x00007f3820600000)
   the space 2330752K,  99% used [0x00007f2d75b50000, 0x00007f2e03f5b640, 0x00007f2e03f5b800, 0x00007f2e03f70000)
 Metaspace       used 24195K, capacity 24653K, committed 24832K, reserved 26624K
}
Event: 5745.729 GC heap before
{Heap before GC invocations=13127 (full 2):
 def new generation   total 1048832K, used 3727K [0x00007f2820600000, 0x00007f2867800000, 0x00007f2d75b50000)
  eden space 932352K,   0% used [0x00007f2820600000, 0x00007f2820600000, 0x00007f2859480000)
  from space 116480K,   3% used [0x00007f2859480000, 0x00007f2859823cb8, 0x00007f2860640000)
  to   space 116480K,   0% used [0x00007f2860640000, 0x00007f2860640000, 0x00007f2867800000)
 tenured generation   total 2330752K, used 2330669K [0x00007f2d75b50000, 0x00007f2e03f70000, 0x00007f3820600000)
   the space 2330752K,  99% used [0x00007f2d75b50000, 0x00007f2e03f5b640, 0x00007f2e03f5b800, 0x00007f2e03f70000)
 Metaspace       used 24195K, capacity 24653K, committed 24832K, reserved 26624K
}

