# JRE version: OpenJDK Runtime Environment (13.0.7+5) (build 13.0.7+5-Ubuntu-0ubuntu120.04)
# Java VM: OpenJDK 64-Bit Server VM (13.0.7+5-Ubuntu-0ubuntu120.04, mixed mode, tiered, serial gc, linux-amd64)
Heap:
 def new generation   total 1579840K, used 0K [0x00007fe11c600000, 0x00007fe187830000, 0x00007fe671b50000)
  eden space 1404352K,   0% used [0x00007fe11c600000, 0x00007fe11c600000, 0x00007fe172170000)
  from space 175488K,   0% used [0x00007fe172170000, 0x00007fe172170000, 0x00007fe17ccd0000)
  to   space 175488K,   0% used [0x00007fe17ccd0000, 0x00007fe17ccd0000, 0x00007fe187830000)
 tenured generation   total 3510592K, used 2106353K [0x00007fe671b50000, 0x00007fe747fa0000, 0x00007ff11c600000)
   the space 3510592K,  59% used [0x00007fe671b50000, 0x00007fe6f244c5a8, 0x00007fe6f244c600, 0x00007fe747fa0000)
 Metaspace       used 23207K, capacity 23520K, committed 23552K, reserved 24576K
GC Heap History (16 events):
Event: 4.282 GC heap before
{Heap before GC invocations=0 (full 0):
 def new generation   total 629120K, used 111847K [0x00007fe11c600000, 0x00007fe1470a0000, 0x00007fe671b50000)
  eden space 559232K,  20% used [0x00007fe11c600000, 0x00007fe123339c28, 0x00007fe13e820000)
  from space 69888K,   0% used [0x00007fe13e820000, 0x00007fe13e820000, 0x00007fe142c60000)
  to   space 69888K,   0% used [0x00007fe142c60000, 0x00007fe142c60000, 0x00007fe1470a0000)
 tenured generation   total 1398144K, used 0K [0x00007fe671b50000, 0x00007fe6c70b0000, 0x00007ff11c600000)
   the space 1398144K,   0% used [0x00007fe671b50000, 0x00007fe671b50000, 0x00007fe671b50200, 0x00007fe6c70b0000)
 Metaspace       used 20912K, capacity 21208K, committed 21248K, reserved 22528K
}
Event: 4.356 GC heap after
{Heap after GC invocations=1 (full 1):
 def new generation   total 629248K, used 0K [0x00007fe11c600000, 0x00007fe1470c0000, 0x00007fe671b50000)
  eden space 559360K,   0% used [0x00007fe11c600000, 0x00007fe11c600000, 0x00007fe13e840000)
  from space 69888K,   0% used [0x00007fe13e840000, 0x00007fe13e840000, 0x00007fe142c80000)
  to   space 69888K,   0% used [0x00007fe142c80000, 0x00007fe142c80000, 0x00007fe1470c0000)
 tenured generation   total 1398144K, used 13607K [0x00007fe671b50000, 0x00007fe6c70b0000, 0x00007ff11c600000)
   the space 1398144K,   0% used [0x00007fe671b50000, 0x00007fe672899e88, 0x00007fe67289a000, 0x00007fe6c70b0000)
 Metaspace       used 20912K, capacity 21208K, committed 21248K, reserved 22528K
}
Event: 6.699 GC heap before
{Heap before GC invocations=1 (full 1):
 def new generation   total 629248K, used 519450K [0x00007fe11c600000, 0x00007fe1470c0000, 0x00007fe671b50000)
  eden space 559360K,  92% used [0x00007fe11c600000, 0x00007fe13c146a68, 0x00007fe13e840000)
  from space 69888K,   0% used [0x00007fe13e840000, 0x00007fe13e840000, 0x00007fe142c80000)
  to   space 69888K,   0% used [0x00007fe142c80000, 0x00007fe142c80000, 0x00007fe1470c0000)
 tenured generation   total 1398144K, used 13607K [0x00007fe671b50000, 0x00007fe6c70b0000, 0x00007ff11c600000)
   the space 1398144K,   0% used [0x00007fe671b50000, 0x00007fe672899e88, 0x00007fe67289a000, 0x00007fe6c70b0000)
 Metaspace       used 23194K, capacity 23519K, committed 23552K, reserved 24576K
}
Event: 6.831 GC heap after
{Heap after GC invocations=2 (full 1):
 def new generation   total 629248K, used 33717K [0x00007fe11c600000, 0x00007fe1470c0000, 0x00007fe671b50000)
  eden space 559360K,   0% used [0x00007fe11c600000, 0x00007fe11c600000, 0x00007fe13e840000)
  from space 69888K,  48% used [0x00007fe142c80000, 0x00007fe144d6d6e8, 0x00007fe1470c0000)
  to   space 69888K,   0% used [0x00007fe13e840000, 0x00007fe13e840000, 0x00007fe142c80000)
 tenured generation   total 1398144K, used 144679K [0x00007fe671b50000, 0x00007fe6c70b0000, 0x00007ff11c600000)
   the space 1398144K,  10% used [0x00007fe671b50000, 0x00007fe67a899ea0, 0x00007fe67a89a000, 0x00007fe6c70b0000)
 Metaspace       used 23194K, capacity 23519K, committed 23552K, reserved 24576K
}
Event: 7.208 GC heap before
{Heap before GC invocations=2 (full 1):
 def new generation   total 629248K, used 374574K [0x00007fe11c600000, 0x00007fe1470c0000, 0x00007fe671b50000)
  eden space 559360K,  60% used [0x00007fe11c600000, 0x00007fe1312de280, 0x00007fe13e840000)
  from space 69888K,  48% used [0x00007fe142c80000, 0x00007fe144d6d6e8, 0x00007fe1470c0000)
  to   space 69888K,   0% used [0x00007fe13e840000, 0x00007fe13e840000, 0x00007fe142c80000)
 tenured generation   total 1398144K, used 144679K [0x00007fe671b50000, 0x00007fe6c70b0000, 0x00007ff11c600000)
   the space 1398144K,  10% used [0x00007fe671b50000, 0x00007fe67a899ea0, 0x00007fe67a89a000, 0x00007fe6c70b0000)
 Metaspace       used 23207K, capacity 23520K, committed 23552K, reserved 24576K
}
Event: 7.212 GC heap after
{Heap after GC invocations=3 (full 1):
 def new generation   total 629248K, used 1967K [0x00007fe11c600000, 0x00007fe1470c0000, 0x00007fe671b50000)
  eden space 559360K,   0% used [0x00007fe11c600000, 0x00007fe11c600000, 0x00007fe13e840000)
  from space 69888K,   2% used [0x00007fe13e840000, 0x00007fe13ea2be90, 0x00007fe142c80000)
  to   space 69888K,   0% used [0x00007fe142c80000, 0x00007fe142c80000, 0x00007fe1470c0000)
 tenured generation   total 1398144K, used 144679K [0x00007fe671b50000, 0x00007fe6c70b0000, 0x00007ff11c600000)
   the space 1398144K,  10% used [0x00007fe671b50000, 0x00007fe67a899ea0, 0x00007fe67a89a000, 0x00007fe6c70b0000)
 Metaspace       used 23207K, capacity 23520K, committed 23552K, reserved 24576K
}
Event: 7.212 GC heap before
{Heap before GC invocations=3 (full 1):
 def new generation   total 629248K, used 1967K [0x00007fe11c600000, 0x00007fe1470c0000, 0x00007fe671b50000)
  eden space 559360K,   0% used [0x00007fe11c600000, 0x00007fe11c600000, 0x00007fe13e840000)
  from space 69888K,   2% used [0x00007fe13e840000, 0x00007fe13ea2be90, 0x00007fe142c80000)
  to   space 69888K,   0% used [0x00007fe142c80000, 0x00007fe142c80000, 0x00007fe1470c0000)
 tenured generation   total 1398144K, used 144679K [0x00007fe671b50000, 0x00007fe6c70b0000, 0x00007ff11c600000)
   the space 1398144K,  10% used [0x00007fe671b50000, 0x00007fe67a899ea0, 0x00007fe67a89a000, 0x00007fe6c70b0000)
 Metaspace       used 23207K, capacity 23520K, committed 23552K, reserved 24576K
}
Event: 7.248 GC heap after
{Heap after GC invocations=3 (full 2):
 def new generation   total 629248K, used 0K [0x00007fe11c600000, 0x00007fe1470c0000, 0x00007fe671b50000)
  eden space 559360K,   0% used [0x00007fe11c600000, 0x00007fe11c600000, 0x00007fe13e840000)
  from space 69888K,   0% used [0x00007fe13e840000, 0x00007fe13e840000, 0x00007fe142c80000)
  to   space 69888K,   0% used [0x00007fe142c80000, 0x00007fe142c80000, 0x00007fe1470c0000)
 tenured generation   total 1398144K, used 15574K [0x00007fe671b50000, 0x00007fe6c70b0000, 0x00007ff11c600000)
   the space 1398144K,   1% used [0x00007fe671b50000, 0x00007fe672a85b10, 0x00007fe672a85c00, 0x00007fe6c70b0000)
 Metaspace       used 23207K, capacity 23520K, committed 23552K, reserved 24576K
}
Event: 15.063 GC heap before
{Heap before GC invocations=3 (full 2):
 def new generation   total 629248K, used 10913K [0x00007fe11c600000, 0x00007fe1470c0000, 0x00007fe671b50000)
  eden space 559360K,   1% used [0x00007fe11c600000, 0x00007fe11d0a8708, 0x00007fe13e840000)
  from space 69888K,   0% used [0x00007fe13e840000, 0x00007fe13e840000, 0x00007fe142c80000)
  to   space 69888K,   0% used [0x00007fe142c80000, 0x00007fe142c80000, 0x00007fe1470c0000)
 tenured generation   total 3495300K, used 3161302K [0x00007fe671b50000, 0x00007fe7470b1000, 0x00007ff11c600000)
   the space 3495300K,  90% used [0x00007fe671b50000, 0x00007fe732a85b40, 0x00007fe732a85c00, 0x00007fe7470b1000)
 Metaspace       used 23207K, capacity 23520K, committed 23552K, reserved 24576K
}
Event: 15.071 GC heap after
{Heap after GC invocations=4 (full 2):
 def new generation   total 629248K, used 0K [0x00007fe11c600000, 0x00007fe1470c0000, 0x00007fe671b50000)
  eden space 559360K,   0% used [0x00007fe11c600000, 0x00007fe11c600000, 0x00007fe13e840000)
  from space 69888K,   0% used [0x00007fe142c80000, 0x00007fe142c80320, 0x00007fe1470c0000)
  to   space 69888K,   0% used [0x00007fe13e840000, 0x00007fe13e840000, 0x00007fe142c80000)
 tenured generation   total 3495300K, used 3161302K [0x00007fe671b50000, 0x00007fe7470b1000, 0x00007ff11c600000)
   the space 3495300K,  90% used [0x00007fe671b50000, 0x00007fe732a85b40, 0x00007fe732a85c00, 0x00007fe7470b1000)
 Metaspace       used 23207K, capacity 23520K, committed 23552K, reserved 24576K
}
Event: 15.071 GC heap before
{Heap before GC invocations=4 (full 2):
 def new generation   total 629248K, used 0K [0x00007fe11c600000, 0x00007fe1470c0000, 0x00007fe671b50000)
  eden space 559360K,   0% used [0x00007fe11c600000, 0x00007fe11c600000, 0x00007fe13e840000)
  from space 69888K,   0% used [0x00007fe142c80000, 0x00007fe142c80320, 0x00007fe1470c0000)
  to   space 69888K,   0% used [0x00007fe13e840000, 0x00007fe13e840000, 0x00007fe142c80000)
 tenured generation   total 3495300K, used 3161302K [0x00007fe671b50000, 0x00007fe7470b1000, 0x00007ff11c600000)
   the space 3495300K,  90% used [0x00007fe671b50000, 0x00007fe732a85b40, 0x00007fe732a85c00, 0x00007fe7470b1000)
 Metaspace       used 23207K, capacity 23520K, committed 23552K, reserved 24576K
}
Event: 15.440 GC heap after
{Heap after GC invocations=4 (full 3):
 def new generation   total 1572992K, used 0K [0x00007fe11c600000, 0x00007fe1870c0000, 0x00007fe671b50000)
  eden space 1398272K,   0% used [0x00007fe11c600000, 0x00007fe11c600000, 0x00007fe171b80000)
  from space 174720K,   0% used [0x00007fe171b80000, 0x00007fe171b80000, 0x00007fe17c620000)
  to   space 174720K,   0% used [0x00007fe17c620000, 0x00007fe17c620000, 0x00007fe1870c0000)
 tenured generation   total 3495300K, used 1064151K [0x00007fe671b50000, 0x00007fe7470b1000, 0x00007ff11c600000)
   the space 3495300K,  30% used [0x00007fe671b50000, 0x00007fe6b2a85e48, 0x00007fe6b2a86000, 0x00007fe7470b1000)
 Metaspace       used 23207K, capacity 23520K, committed 23552K, reserved 24576K
}
Event: 16.311 GC heap before
{Heap before GC invocations=4 (full 3):
 def new generation   total 1572992K, used 1075857K [0x00007fe11c600000, 0x00007fe1870c0000, 0x00007fe671b50000)
  eden space 1398272K,  76% used [0x00007fe11c600000, 0x00007fe15e0a47a8, 0x00007fe171b80000)
  from space 174720K,   0% used [0x00007fe171b80000, 0x00007fe171b80000, 0x00007fe17c620000)
  to   space 174720K,   0% used [0x00007fe17c620000, 0x00007fe17c620000, 0x00007fe1870c0000)
 tenured generation   total 3495300K, used 1064151K [0x00007fe671b50000, 0x00007fe7470b1000, 0x00007ff11c600000)
   the space 3495300K,  30% used [0x00007fe671b50000, 0x00007fe6b2a85e48, 0x00007fe6b2a86000, 0x00007fe7470b1000)
 Metaspace       used 23207K, capacity 23520K, committed 23552K, reserved 24576K
}
Event: 16.607 GC heap after
{Heap after GC invocations=5 (full 3):
 def new generation   total 1572992K, used 0K [0x00007fe11c600000, 0x00007fe1870c0000, 0x00007fe671b50000)
  eden space 1398272K,   0% used [0x00007fe11c600000, 0x00007fe11c600000, 0x00007fe171b80000)
  from space 174720K,   0% used [0x00007fe17c620000, 0x00007fe17c6202d8, 0x00007fe1870c0000)
  to   space 174720K,   0% used [0x00007fe171b80000, 0x00007fe171b80000, 0x00007fe17c620000)
 tenured generation   total 3495300K, used 2112727K [0x00007fe671b50000, 0x00007fe7470b1000, 0x00007ff11c600000)
   the space 3495300K,  60% used [0x00007fe671b50000, 0x00007fe6f2a85e60, 0x00007fe6f2a86000, 0x00007fe7470b1000)
 Metaspace       used 23207K, capacity 23520K, committed 23552K, reserved 24576K
}
Event: 16.607 GC heap before
{Heap before GC invocations=5 (full 3):
 def new generation   total 1572992K, used 0K [0x00007fe11c600000, 0x00007fe1870c0000, 0x00007fe671b50000)
  eden space 1398272K,   0% used [0x00007fe11c600000, 0x00007fe11c600000, 0x00007fe171b80000)
  from space 174720K,   0% used [0x00007fe17c620000, 0x00007fe17c6202d8, 0x00007fe1870c0000)
  to   space 174720K,   0% used [0x00007fe171b80000, 0x00007fe171b80000, 0x00007fe17c620000)
 tenured generation   total 3495300K, used 2112727K [0x00007fe671b50000, 0x00007fe7470b1000, 0x00007ff11c600000)
   the space 3495300K,  60% used [0x00007fe671b50000, 0x00007fe6f2a85e60, 0x00007fe6f2a86000, 0x00007fe7470b1000)
 Metaspace       used 23207K, capacity 23520K, committed 23552K, reserved 24576K
}
Event: 16.894 GC heap after
{Heap after GC invocations=5 (full 4):
 def new generation   total 1579840K, used 0K [0x00007fe11c600000, 0x00007fe187830000, 0x00007fe671b50000)
  eden space 1404352K,   0% used [0x00007fe11c600000, 0x00007fe11c600000, 0x00007fe172170000)
  from space 175488K,   0% used [0x00007fe172170000, 0x00007fe172170000, 0x00007fe17ccd0000)
  to   space 175488K,   0% used [0x00007fe17ccd0000, 0x00007fe17ccd0000, 0x00007fe187830000)
 tenured generation   total 3510592K, used 2106353K [0x00007fe671b50000, 0x00007fe747fa0000, 0x00007ff11c600000)
   the space 3510592K,  59% used [0x00007fe671b50000, 0x00007fe6f244c5a8, 0x00007fe6f244c600, 0x00007fe747fa0000)
 Metaspace       used 23207K, capacity 23520K, committed 23552K, reserved 24576K
}

