# JRE version: OpenJDK Runtime Environment (13.0.7+5) (build 13.0.7+5-Ubuntu-0ubuntu120.04)
# Java VM: OpenJDK 64-Bit Server VM (13.0.7+5-Ubuntu-0ubuntu120.04, mixed mode, tiered, serial gc, linux-amd64)
Heap:
 def new generation   total 1507072K, used 0K [0x00007f814c600000, 0x00007f81b2940000, 0x00007f86a1b50000)
  eden space 1339648K,   0% used [0x00007f814c600000, 0x00007f814c600000, 0x00007f819e240000)
  from space 167424K,   0% used [0x00007f81a85c0000, 0x00007f81a85c0000, 0x00007f81b2940000)
  to   space 167424K,   0% used [0x00007f819e240000, 0x00007f819e240000, 0x00007f81a85c0000)
 tenured generation   total 3386580K, used 3227512K [0x00007f86a1b50000, 0x00007f8770685000, 0x00007f914c600000)
   the space 3386580K,  95% used [0x00007f86a1b50000, 0x00007f8766b2e0d0, 0x00007f8766b2e200, 0x00007f8770685000)
 Metaspace       used 31047K, capacity 31470K, committed 31744K, reserved 32768K
GC Heap History (20 events):
Event: 190.380 GC heap after
{Heap after GC invocations=179 (full 12):
 def new generation   total 1507072K, used 0K [0x00007f814c600000, 0x00007f81b2940000, 0x00007f86a1b50000)
  eden space 1339648K,   0% used [0x00007f814c600000, 0x00007f814c600000, 0x00007f819e240000)
  from space 167424K,   0% used [0x00007f819e240000, 0x00007f819e240000, 0x00007f81a85c0000)
  to   space 167424K,   0% used [0x00007f81a85c0000, 0x00007f81a85c0000, 0x00007f81b2940000)
 tenured generation   total 3348948K, used 2009367K [0x00007f86a1b50000, 0x00007f876e1c5000, 0x00007f914c600000)
   the space 3348948K,  59% used [0x00007f86a1b50000, 0x00007f871c595e30, 0x00007f871c596000, 0x00007f876e1c5000)
 Metaspace       used 31047K, capacity 31470K, committed 31744K, reserved 32768K
}
Event: 252.512 GC heap before
{Heap before GC invocations=179 (full 12):
 def new generation   total 1507072K, used 1339648K [0x00007f814c600000, 0x00007f81b2940000, 0x00007f86a1b50000)
  eden space 1339648K, 100% used [0x00007f814c600000, 0x00007f819e240000, 0x00007f819e240000)
  from space 167424K,   0% used [0x00007f819e240000, 0x00007f819e240000, 0x00007f81a85c0000)
  to   space 167424K,   0% used [0x00007f81a85c0000, 0x00007f81a85c0000, 0x00007f81b2940000)
 tenured generation   total 3348948K, used 2009367K [0x00007f86a1b50000, 0x00007f876e1c5000, 0x00007f914c600000)
   the space 3348948K,  59% used [0x00007f86a1b50000, 0x00007f871c595e30, 0x00007f871c596000, 0x00007f876e1c5000)
 Metaspace       used 31047K, capacity 31470K, committed 31744K, reserved 32768K
}
Event: 253.382 GC heap after
{Heap after GC invocations=180 (full 12):
 def new generation   total 1507072K, used 167423K [0x00007f814c600000, 0x00007f81b2940000, 0x00007f86a1b50000)
  eden space 1339648K,   0% used [0x00007f814c600000, 0x00007f814c600000, 0x00007f819e240000)
  from space 167424K,  99% used [0x00007f81a85c0000, 0x00007f81b293fff0, 0x00007f81b2940000)
  to   space 167424K,   0% used [0x00007f819e240000, 0x00007f819e240000, 0x00007f81a85c0000)
 tenured generation   total 3348948K, used 2123968K [0x00007f86a1b50000, 0x00007f876e1c5000, 0x00007f914c600000)
   the space 3348948K,  63% used [0x00007f86a1b50000, 0x00007f8723580250, 0x00007f8723580400, 0x00007f876e1c5000)
 Metaspace       used 31047K, capacity 31470K, committed 31744K, reserved 32768K
}
Event: 307.484 GC heap before
{Heap before GC invocations=180 (full 12):
 def new generation   total 1507072K, used 1507071K [0x00007f814c600000, 0x00007f81b2940000, 0x00007f86a1b50000)
  eden space 1339648K, 100% used [0x00007f814c600000, 0x00007f819e240000, 0x00007f819e240000)
  from space 167424K,  99% used [0x00007f81a85c0000, 0x00007f81b293fff0, 0x00007f81b2940000)
  to   space 167424K,   0% used [0x00007f819e240000, 0x00007f819e240000, 0x00007f81a85c0000)
 tenured generation   total 3348948K, used 2123968K [0x00007f86a1b50000, 0x00007f876e1c5000, 0x00007f914c600000)
   the space 3348948K,  63% used [0x00007f86a1b50000, 0x00007f8723580250, 0x00007f8723580400, 0x00007f876e1c5000)
 Metaspace       used 31047K, capacity 31470K, committed 31744K, reserved 32768K
}
Event: 308.373 GC heap after
{Heap after GC invocations=181 (full 12):
 def new generation   total 1507072K, used 167424K [0x00007f814c600000, 0x00007f81b2940000, 0x00007f86a1b50000)
  eden space 1339648K,   0% used [0x00007f814c600000, 0x00007f814c600000, 0x00007f819e240000)
  from space 167424K, 100% used [0x00007f819e240000, 0x00007f81a85c0000, 0x00007f81a85c0000)
  to   space 167424K,   0% used [0x00007f81a85c0000, 0x00007f81a85c0000, 0x00007f81b2940000)
 tenured generation   total 3348948K, used 2405993K [0x00007f86a1b50000, 0x00007f876e1c5000, 0x00007f914c600000)
   the space 3348948K,  71% used [0x00007f86a1b50000, 0x00007f87348ea590, 0x00007f87348ea600, 0x00007f876e1c5000)
 Metaspace       used 31047K, capacity 31470K, committed 31744K, reserved 32768K
}
Event: 333.713 GC heap before
{Heap before GC invocations=181 (full 12):
 def new generation   total 1507072K, used 1507072K [0x00007f814c600000, 0x00007f81b2940000, 0x00007f86a1b50000)
  eden space 1339648K, 100% used [0x00007f814c600000, 0x00007f819e240000, 0x00007f819e240000)
  from space 167424K, 100% used [0x00007f819e240000, 0x00007f81a85c0000, 0x00007f81a85c0000)
  to   space 167424K,   0% used [0x00007f81a85c0000, 0x00007f81a85c0000, 0x00007f81b2940000)
 tenured generation   total 3348948K, used 2405993K [0x00007f86a1b50000, 0x00007f876e1c5000, 0x00007f914c600000)
   the space 3348948K,  71% used [0x00007f86a1b50000, 0x00007f87348ea590, 0x00007f87348ea600, 0x00007f876e1c5000)
 Metaspace       used 31047K, capacity 31470K, committed 31744K, reserved 32768K
}
Event: 334.391 GC heap after
{Heap after GC invocations=182 (full 12):
 def new generation   total 1507072K, used 167423K [0x00007f814c600000, 0x00007f81b2940000, 0x00007f86a1b50000)
  eden space 1339648K,   0% used [0x00007f814c600000, 0x00007f814c600000, 0x00007f819e240000)
  from space 167424K,  99% used [0x00007f81a85c0000, 0x00007f81b293ffe8, 0x00007f81b2940000)
  to   space 167424K,   0% used [0x00007f819e240000, 0x00007f819e240000, 0x00007f81a85c0000)
 tenured generation   total 3348948K, used 2653574K [0x00007f86a1b50000, 0x00007f876e1c5000, 0x00007f914c600000)
   the space 3348948K,  79% used [0x00007f86a1b50000, 0x00007f8743ab1850, 0x00007f8743ab1a00, 0x00007f876e1c5000)
 Metaspace       used 31047K, capacity 31470K, committed 31744K, reserved 32768K
}
Event: 334.825 GC heap before
{Heap before GC invocations=182 (full 12):
 def new generation   total 1507072K, used 1507071K [0x00007f814c600000, 0x00007f81b2940000, 0x00007f86a1b50000)
  eden space 1339648K, 100% used [0x00007f814c600000, 0x00007f819e240000, 0x00007f819e240000)
  from space 167424K,  99% used [0x00007f81a85c0000, 0x00007f81b293ffe8, 0x00007f81b2940000)
  to   space 167424K,   0% used [0x00007f819e240000, 0x00007f819e240000, 0x00007f81a85c0000)
 tenured generation   total 3348948K, used 2653574K [0x00007f86a1b50000, 0x00007f876e1c5000, 0x00007f914c600000)
   the space 3348948K,  79% used [0x00007f86a1b50000, 0x00007f8743ab1850, 0x00007f8743ab1a00, 0x00007f876e1c5000)
 Metaspace       used 31047K, capacity 31470K, committed 31744K, reserved 32768K
}
Event: 335.356 GC heap after
{Heap after GC invocations=183 (full 12):
 def new generation   total 1507072K, used 116094K [0x00007f814c600000, 0x00007f81b2940000, 0x00007f86a1b50000)
  eden space 1339648K,   0% used [0x00007f814c600000, 0x00007f814c600000, 0x00007f819e240000)
  from space 167424K,  69% used [0x00007f819e240000, 0x00007f81a539f8b0, 0x00007f81a85c0000)
  to   space 167424K,   0% used [0x00007f81a85c0000, 0x00007f81a85c0000, 0x00007f81b2940000)
 tenured generation   total 3348948K, used 2820997K [0x00007f86a1b50000, 0x00007f876e1c5000, 0x00007f914c600000)
   the space 3348948K,  84% used [0x00007f86a1b50000, 0x00007f874de31538, 0x00007f874de31600, 0x00007f876e1c5000)
 Metaspace       used 31047K, capacity 31470K, committed 31744K, reserved 32768K
}
Event: 335.780 GC heap before
{Heap before GC invocations=183 (full 12):
 def new generation   total 1507072K, used 1455742K [0x00007f814c600000, 0x00007f81b2940000, 0x00007f86a1b50000)
  eden space 1339648K, 100% used [0x00007f814c600000, 0x00007f819e240000, 0x00007f819e240000)
  from space 167424K,  69% used [0x00007f819e240000, 0x00007f81a539f8b0, 0x00007f81a85c0000)
  to   space 167424K,   0% used [0x00007f81a85c0000, 0x00007f81a85c0000, 0x00007f81b2940000)
 tenured generation   total 3348948K, used 2820997K [0x00007f86a1b50000, 0x00007f876e1c5000, 0x00007f914c600000)
   the space 3348948K,  84% used [0x00007f86a1b50000, 0x00007f874de31538, 0x00007f874de31600, 0x00007f876e1c5000)
 Metaspace       used 31047K, capacity 31470K, committed 31744K, reserved 32768K
}
Event: 336.219 GC heap after
{Heap after GC invocations=184 (full 12):
 def new generation   total 1507072K, used 113878K [0x00007f814c600000, 0x00007f81b2940000, 0x00007f86a1b50000)
  eden space 1339648K,   0% used [0x00007f814c600000, 0x00007f814c600000, 0x00007f819e240000)
  from space 167424K,  68% used [0x00007f81a85c0000, 0x00007f81af4f5910, 0x00007f81b2940000)
  to   space 167424K,   0% used [0x00007f819e240000, 0x00007f819e240000, 0x00007f81a85c0000)
 tenured generation   total 3348948K, used 2937090K [0x00007f86a1b50000, 0x00007f876e1c5000, 0x00007f914c600000)
   the space 3348948K,  87% used [0x00007f86a1b50000, 0x00007f8754f90b68, 0x00007f8754f90c00, 0x00007f876e1c5000)
 Metaspace       used 31047K, capacity 31470K, committed 31744K, reserved 32768K
}
Event: 336.690 GC heap before
{Heap before GC invocations=184 (full 12):
 def new generation   total 1507072K, used 1453526K [0x00007f814c600000, 0x00007f81b2940000, 0x00007f86a1b50000)
  eden space 1339648K, 100% used [0x00007f814c600000, 0x00007f819e240000, 0x00007f819e240000)
  from space 167424K,  68% used [0x00007f81a85c0000, 0x00007f81af4f5910, 0x00007f81b2940000)
  to   space 167424K,   0% used [0x00007f819e240000, 0x00007f819e240000, 0x00007f81a85c0000)
 tenured generation   total 3348948K, used 2937090K [0x00007f86a1b50000, 0x00007f876e1c5000, 0x00007f914c600000)
   the space 3348948K,  87% used [0x00007f86a1b50000, 0x00007f8754f90b68, 0x00007f8754f90c00, 0x00007f876e1c5000)
 Metaspace       used 31047K, capacity 31470K, committed 31744K, reserved 32768K
}
Event: 337.108 GC heap after
{Heap after GC invocations=185 (full 12):
 def new generation   total 1507072K, used 115772K [0x00007f814c600000, 0x00007f81b2940000, 0x00007f86a1b50000)
  eden space 1339648K,   0% used [0x00007f814c600000, 0x00007f814c600000, 0x00007f819e240000)
  from space 167424K,  69% used [0x00007f819e240000, 0x00007f81a534f1d0, 0x00007f81a85c0000)
  to   space 167424K,   0% used [0x00007f81a85c0000, 0x00007f81a85c0000, 0x00007f81b2940000)
 tenured generation   total 3348948K, used 3050968K [0x00007f86a1b50000, 0x00007f876e1c5000, 0x00007f914c600000)
   the space 3348948K,  91% used [0x00007f86a1b50000, 0x00007f875bec6218, 0x00007f875bec6400, 0x00007f876e1c5000)
 Metaspace       used 31047K, capacity 31470K, committed 31744K, reserved 32768K
}
Event: 337.570 GC heap before
{Heap before GC invocations=185 (full 12):
 def new generation   total 1507072K, used 1455420K [0x00007f814c600000, 0x00007f81b2940000, 0x00007f86a1b50000)
  eden space 1339648K, 100% used [0x00007f814c600000, 0x00007f819e240000, 0x00007f819e240000)
  from space 167424K,  69% used [0x00007f819e240000, 0x00007f81a534f1d0, 0x00007f81a85c0000)
  to   space 167424K,   0% used [0x00007f81a85c0000, 0x00007f81a85c0000, 0x00007f81b2940000)
 tenured generation   total 3348948K, used 3050968K [0x00007f86a1b50000, 0x00007f876e1c5000, 0x00007f914c600000)
   the space 3348948K,  91% used [0x00007f86a1b50000, 0x00007f875bec6218, 0x00007f875bec6400, 0x00007f876e1c5000)
 Metaspace       used 31047K, capacity 31470K, committed 31744K, reserved 32768K
}
Event: 338.057 GC heap after
{Heap after GC invocations=186 (full 12):
 def new generation   total 1507072K, used 109923K [0x00007f814c600000, 0x00007f81b2940000, 0x00007f86a1b50000)
  eden space 1339648K,   0% used [0x00007f814c600000, 0x00007f814c600000, 0x00007f819e240000)
  from space 167424K,  65% used [0x00007f81a85c0000, 0x00007f81af118cd0, 0x00007f81b2940000)
  to   space 167424K,   0% used [0x00007f819e240000, 0x00007f819e240000, 0x00007f81a85c0000)
 tenured generation   total 3348948K, used 3166740K [0x00007f86a1b50000, 0x00007f876e1c5000, 0x00007f914c600000)
   the space 3348948K,  94% used [0x00007f86a1b50000, 0x00007f8762fd5288, 0x00007f8762fd5400, 0x00007f876e1c5000)
 Metaspace       used 31047K, capacity 31470K, committed 31744K, reserved 32768K
}
Event: 338.480 GC heap before
{Heap before GC invocations=186 (full 12):
 def new generation   total 1507072K, used 1449571K [0x00007f814c600000, 0x00007f81b2940000, 0x00007f86a1b50000)
  eden space 1339648K, 100% used [0x00007f814c600000, 0x00007f819e240000, 0x00007f819e240000)
  from space 167424K,  65% used [0x00007f81a85c0000, 0x00007f81af118cd0, 0x00007f81b2940000)
  to   space 167424K,   0% used [0x00007f819e240000, 0x00007f819e240000, 0x00007f81a85c0000)
 tenured generation   total 3348948K, used 3166740K [0x00007f86a1b50000, 0x00007f876e1c5000, 0x00007f914c600000)
   the space 3348948K,  94% used [0x00007f86a1b50000, 0x00007f8762fd5288, 0x00007f8762fd5400, 0x00007f876e1c5000)
 Metaspace       used 31047K, capacity 31470K, committed 31744K, reserved 32768K
}
Event: 338.999 GC heap after
{Heap after GC invocations=187 (full 12):
 def new generation   total 1507072K, used 109808K [0x00007f814c600000, 0x00007f81b2940000, 0x00007f86a1b50000)
  eden space 1339648K,   0% used [0x00007f814c600000, 0x00007f814c600000, 0x00007f819e240000)
  from space 167424K,  65% used [0x00007f819e240000, 0x00007f81a4d7c230, 0x00007f81a85c0000)
  to   space 167424K,   0% used [0x00007f81a85c0000, 0x00007f81a85c0000, 0x00007f81b2940000)
 tenured generation   total 3348948K, used 3276663K [0x00007f86a1b50000, 0x00007f876e1c5000, 0x00007f914c600000)
   the space 3348948K,  97% used [0x00007f86a1b50000, 0x00007f8769b2dcf8, 0x00007f8769b2de00, 0x00007f876e1c5000)
 Metaspace       used 31047K, capacity 31470K, committed 31744K, reserved 32768K
}
Event: 339.614 GC heap before
{Heap before GC invocations=187 (full 12):
 def new generation   total 1507072K, used 1449456K [0x00007f814c600000, 0x00007f81b2940000, 0x00007f86a1b50000)
  eden space 1339648K, 100% used [0x00007f814c600000, 0x00007f819e240000, 0x00007f819e240000)
  from space 167424K,  65% used [0x00007f819e240000, 0x00007f81a4d7c230, 0x00007f81a85c0000)
  to   space 167424K,   0% used [0x00007f81a85c0000, 0x00007f81a85c0000, 0x00007f81b2940000)
 tenured generation   total 3348948K, used 3276663K [0x00007f86a1b50000, 0x00007f876e1c5000, 0x00007f914c600000)
   the space 3348948K,  97% used [0x00007f86a1b50000, 0x00007f8769b2dcf8, 0x00007f8769b2de00, 0x00007f876e1c5000)
 Metaspace       used 31047K, capacity 31470K, committed 31744K, reserved 32768K
}
Event: 340.270 GC heap after
{Heap after GC invocations=188 (full 12):
 def new generation   total 1507072K, used 108510K [0x00007f814c600000, 0x00007f81b2940000, 0x00007f86a1b50000)
  eden space 1339648K,   0% used [0x00007f814c600000, 0x00007f814c600000, 0x00007f819e240000)
  from space 167424K,  64% used [0x00007f81a85c0000, 0x00007f81aefb7a60, 0x00007f81b2940000)
  to   space 167424K,   0% used [0x00007f819e240000, 0x00007f819e240000, 0x00007f81a85c0000)
 tenured generation   total 3386580K, used 3386471K [0x00007f86a1b50000, 0x00007f8770685000, 0x00007f914c600000)
   the space 3386580K,  99% used [0x00007f86a1b50000, 0x00007f8770669da8, 0x00007f8770669e00, 0x00007f8770685000)
 Metaspace       used 31047K, capacity 31470K, committed 31744K, reserved 32768K
}
Event: 340.270 GC heap before
{Heap before GC invocations=188 (full 12):
 def new generation   total 1507072K, used 108510K [0x00007f814c600000, 0x00007f81b2940000, 0x00007f86a1b50000)
  eden space 1339648K,   0% used [0x00007f814c600000, 0x00007f814c600000, 0x00007f819e240000)
  from space 167424K,  64% used [0x00007f81a85c0000, 0x00007f81aefb7a60, 0x00007f81b2940000)
  to   space 167424K,   0% used [0x00007f819e240000, 0x00007f819e240000, 0x00007f81a85c0000)
 tenured generation   total 3386580K, used 3386471K [0x00007f86a1b50000, 0x00007f8770685000, 0x00007f914c600000)
   the space 3386580K,  99% used [0x00007f86a1b50000, 0x00007f8770669da8, 0x00007f8770669e00, 0x00007f8770685000)
 Metaspace       used 31047K, capacity 31470K, committed 31744K, reserved 32768K
}

