# JRE version: OpenJDK Runtime Environment (13.0.7+5) (build 13.0.7+5-Ubuntu-0ubuntu120.04)
# Java VM: OpenJDK 64-Bit Server VM (13.0.7+5-Ubuntu-0ubuntu120.04, mixed mode, tiered, serial gc, linux-amd64)
Heap:
 def new generation   total 4597312K, used 17160K [0x00007fc2f4600000, 0x00007fc42c260000, 0x00007fcd9f0a0000)
  eden space 4086528K,   0% used [0x00007fc2f4600000, 0x00007fc2f56c20d8, 0x00007fc3edcc0000)
  from space 510784K,   0% used [0x00007fc3edcc0000, 0x00007fc3edcc0000, 0x00007fc40cf90000)
  to   space 510784K,   0% used [0x00007fc40cf90000, 0x00007fc40cf90000, 0x00007fc42c260000)
 tenured generation   total 10232524K, used 10221736K [0x00007fcd9f0a0000, 0x00007fd00f953000, 0x00007fe2f4600000)
   the space 10232524K,  99% used [0x00007fcd9f0a0000, 0x00007fd00eeca360, 0x00007fd00eeca400, 0x00007fd00f953000)
 Metaspace       used 24278K, capacity 24638K, committed 24832K, reserved 26624K
GC Heap History (20 events):
Event: 2582.767 GC heap after
{Heap after GC invocations=1702 (full 7):
 def new generation   total 4597312K, used 241513K [0x00007fc2f4600000, 0x00007fc42c260000, 0x00007fcd9f0a0000)
  eden space 4086528K,   0% used [0x00007fc2f4600000, 0x00007fc2f4600000, 0x00007fc3edcc0000)
  from space 510784K,  47% used [0x00007fc40cf90000, 0x00007fc41bb6a770, 0x00007fc42c260000)
  to   space 510784K,   0% used [0x00007fc3edcc0000, 0x00007fc3edcc0000, 0x00007fc40cf90000)
 tenured generation   total 10216136K, used 10112942K [0x00007fcd9f0a0000, 0x00007fd00e952000, 0x00007fe2f4600000)
   the space 10216136K,  98% used [0x00007fcd9f0a0000, 0x00007fd00848b898, 0x00007fd00848ba00, 0x00007fd00e952000)
 Metaspace       used 24278K, capacity 24638K, committed 24832K, reserved 26624K
}
Event: 2586.640 GC heap before
{Heap before GC invocations=1702 (full 7):
 def new generation   total 4597312K, used 4328041K [0x00007fc2f4600000, 0x00007fc42c260000, 0x00007fcd9f0a0000)
  eden space 4086528K, 100% used [0x00007fc2f4600000, 0x00007fc3edcc0000, 0x00007fc3edcc0000)
  from space 510784K,  47% used [0x00007fc40cf90000, 0x00007fc41bb6a770, 0x00007fc42c260000)
  to   space 510784K,   0% used [0x00007fc3edcc0000, 0x00007fc3edcc0000, 0x00007fc40cf90000)
 tenured generation   total 10216136K, used 10112942K [0x00007fcd9f0a0000, 0x00007fd00e952000, 0x00007fe2f4600000)
   the space 10216136K,  98% used [0x00007fcd9f0a0000, 0x00007fd00848b898, 0x00007fd00848ba00, 0x00007fd00e952000)
 Metaspace       used 24278K, capacity 24638K, committed 24832K, reserved 26624K
}
Event: 2586.887 GC heap after
{Heap after GC invocations=1703 (full 7):
 def new generation   total 4597312K, used 220461K [0x00007fc2f4600000, 0x00007fc42c260000, 0x00007fcd9f0a0000)
  eden space 4086528K,   0% used [0x00007fc2f4600000, 0x00007fc2f4600000, 0x00007fc3edcc0000)
  from space 510784K,  43% used [0x00007fc3edcc0000, 0x00007fc3fb40b670, 0x00007fc40cf90000)
  to   space 510784K,   0% used [0x00007fc40cf90000, 0x00007fc40cf90000, 0x00007fc42c260000)
 tenured generation   total 10216136K, used 10129901K [0x00007fcd9f0a0000, 0x00007fd00e952000, 0x00007fe2f4600000)
   the space 10216136K,  99% used [0x00007fcd9f0a0000, 0x00007fd00951b4a0, 0x00007fd00951b600, 0x00007fd00e952000)
 Metaspace       used 24278K, capacity 24638K, committed 24832K, reserved 26624K
}
Event: 2590.953 GC heap before
{Heap before GC invocations=1703 (full 7):
 def new generation   total 4597312K, used 4306989K [0x00007fc2f4600000, 0x00007fc42c260000, 0x00007fcd9f0a0000)
  eden space 4086528K, 100% used [0x00007fc2f4600000, 0x00007fc3edcc0000, 0x00007fc3edcc0000)
  from space 510784K,  43% used [0x00007fc3edcc0000, 0x00007fc3fb40b670, 0x00007fc40cf90000)
  to   space 510784K,   0% used [0x00007fc40cf90000, 0x00007fc40cf90000, 0x00007fc42c260000)
 tenured generation   total 10216136K, used 10129901K [0x00007fcd9f0a0000, 0x00007fd00e952000, 0x00007fe2f4600000)
   the space 10216136K,  99% used [0x00007fcd9f0a0000, 0x00007fd00951b4a0, 0x00007fd00951b600, 0x00007fd00e952000)
 Metaspace       used 24278K, capacity 24638K, committed 24832K, reserved 26624K
}
Event: 2591.126 GC heap after
{Heap after GC invocations=1704 (full 7):
 def new generation   total 4597312K, used 220449K [0x00007fc2f4600000, 0x00007fc42c260000, 0x00007fcd9f0a0000)
  eden space 4086528K,   0% used [0x00007fc2f4600000, 0x00007fc2f4600000, 0x00007fc3edcc0000)
  from space 510784K,  43% used [0x00007fc40cf90000, 0x00007fc41a6d8748, 0x00007fc42c260000)
  to   space 510784K,   0% used [0x00007fc3edcc0000, 0x00007fc3edcc0000, 0x00007fc40cf90000)
 tenured generation   total 10216136K, used 10146860K [0x00007fcd9f0a0000, 0x00007fd00e952000, 0x00007fe2f4600000)
   the space 10216136K,  99% used [0x00007fcd9f0a0000, 0x00007fd00a5ab0a8, 0x00007fd00a5ab200, 0x00007fd00e952000)
 Metaspace       used 24278K, capacity 24638K, committed 24832K, reserved 26624K
}
Event: 2595.201 GC heap before
{Heap before GC invocations=1704 (full 7):
 def new generation   total 4597312K, used 4306977K [0x00007fc2f4600000, 0x00007fc42c260000, 0x00007fcd9f0a0000)
  eden space 4086528K, 100% used [0x00007fc2f4600000, 0x00007fc3edcc0000, 0x00007fc3edcc0000)
  from space 510784K,  43% used [0x00007fc40cf90000, 0x00007fc41a6d8748, 0x00007fc42c260000)
  to   space 510784K,   0% used [0x00007fc3edcc0000, 0x00007fc3edcc0000, 0x00007fc40cf90000)
 tenured generation   total 10216136K, used 10146860K [0x00007fcd9f0a0000, 0x00007fd00e952000, 0x00007fe2f4600000)
   the space 10216136K,  99% used [0x00007fcd9f0a0000, 0x00007fd00a5ab0a8, 0x00007fd00a5ab200, 0x00007fd00e952000)
 Metaspace       used 24278K, capacity 24638K, committed 24832K, reserved 26624K
}
Event: 2595.362 GC heap after
{Heap after GC invocations=1705 (full 7):
 def new generation   total 4597312K, used 250779K [0x00007fc2f4600000, 0x00007fc42c260000, 0x00007fcd9f0a0000)
  eden space 4086528K,   0% used [0x00007fc2f4600000, 0x00007fc2f4600000, 0x00007fc3edcc0000)
  from space 510784K,  49% used [0x00007fc3edcc0000, 0x00007fc3fd1a6c60, 0x00007fc40cf90000)
  to   space 510784K,   0% used [0x00007fc40cf90000, 0x00007fc40cf90000, 0x00007fc42c260000)
 tenured generation   total 10216136K, used 10146860K [0x00007fcd9f0a0000, 0x00007fd00e952000, 0x00007fe2f4600000)
   the space 10216136K,  99% used [0x00007fcd9f0a0000, 0x00007fd00a5ab0a8, 0x00007fd00a5ab200, 0x00007fd00e952000)
 Metaspace       used 24278K, capacity 24638K, committed 24832K, reserved 26624K
}
Event: 2599.166 GC heap before
{Heap before GC invocations=1705 (full 7):
 def new generation   total 4597312K, used 4337307K [0x00007fc2f4600000, 0x00007fc42c260000, 0x00007fcd9f0a0000)
  eden space 4086528K, 100% used [0x00007fc2f4600000, 0x00007fc3edcc0000, 0x00007fc3edcc0000)
  from space 510784K,  49% used [0x00007fc3edcc0000, 0x00007fc3fd1a6c60, 0x00007fc40cf90000)
  to   space 510784K,   0% used [0x00007fc40cf90000, 0x00007fc40cf90000, 0x00007fc42c260000)
 tenured generation   total 10216136K, used 10146860K [0x00007fcd9f0a0000, 0x00007fd00e952000, 0x00007fe2f4600000)
   the space 10216136K,  99% used [0x00007fcd9f0a0000, 0x00007fd00a5ab0a8, 0x00007fd00a5ab200, 0x00007fd00e952000)
 Metaspace       used 24278K, capacity 24638K, committed 24832K, reserved 26624K
}
Event: 2599.332 GC heap after
{Heap after GC invocations=1706 (full 7):
 def new generation   total 4597312K, used 227677K [0x00007fc2f4600000, 0x00007fc42c260000, 0x00007fcd9f0a0000)
  eden space 4086528K,   0% used [0x00007fc2f4600000, 0x00007fc2f4600000, 0x00007fc3edcc0000)
  from space 510784K,  44% used [0x00007fc40cf90000, 0x00007fc41ade7570, 0x00007fc42c260000)
  to   space 510784K,   0% used [0x00007fc3edcc0000, 0x00007fc3edcc0000, 0x00007fc40cf90000)
 tenured generation   total 10216136K, used 10163819K [0x00007fcd9f0a0000, 0x00007fd00e952000, 0x00007fe2f4600000)
   the space 10216136K,  99% used [0x00007fcd9f0a0000, 0x00007fd00b63acb0, 0x00007fd00b63ae00, 0x00007fd00e952000)
 Metaspace       used 24278K, capacity 24638K, committed 24832K, reserved 26624K
}
Event: 2603.166 GC heap before
{Heap before GC invocations=1706 (full 7):
 def new generation   total 4597312K, used 4314205K [0x00007fc2f4600000, 0x00007fc42c260000, 0x00007fcd9f0a0000)
  eden space 4086528K, 100% used [0x00007fc2f4600000, 0x00007fc3edcc0000, 0x00007fc3edcc0000)
  from space 510784K,  44% used [0x00007fc40cf90000, 0x00007fc41ade7570, 0x00007fc42c260000)
  to   space 510784K,   0% used [0x00007fc3edcc0000, 0x00007fc3edcc0000, 0x00007fc40cf90000)
 tenured generation   total 10216136K, used 10163819K [0x00007fcd9f0a0000, 0x00007fd00e952000, 0x00007fe2f4600000)
   the space 10216136K,  99% used [0x00007fcd9f0a0000, 0x00007fd00b63acb0, 0x00007fd00b63ae00, 0x00007fd00e952000)
 Metaspace       used 24278K, capacity 24638K, committed 24832K, reserved 26624K
}
Event: 2603.323 GC heap after
{Heap after GC invocations=1707 (full 7):
 def new generation   total 4597312K, used 222512K [0x00007fc2f4600000, 0x00007fc42c260000, 0x00007fcd9f0a0000)
  eden space 4086528K,   0% used [0x00007fc2f4600000, 0x00007fc2f4600000, 0x00007fc3edcc0000)
  from space 510784K,  43% used [0x00007fc3edcc0000, 0x00007fc3fb60c150, 0x00007fc40cf90000)
  to   space 510784K,   0% used [0x00007fc40cf90000, 0x00007fc40cf90000, 0x00007fc42c260000)
 tenured generation   total 10216136K, used 10180778K [0x00007fcd9f0a0000, 0x00007fd00e952000, 0x00007fe2f4600000)
   the space 10216136K,  99% used [0x00007fcd9f0a0000, 0x00007fd00c6ca8b8, 0x00007fd00c6caa00, 0x00007fd00e952000)
 Metaspace       used 24278K, capacity 24638K, committed 24832K, reserved 26624K
}
Event: 2607.328 GC heap before
{Heap before GC invocations=1707 (full 7):
 def new generation   total 4597312K, used 4309040K [0x00007fc2f4600000, 0x00007fc42c260000, 0x00007fcd9f0a0000)
  eden space 4086528K, 100% used [0x00007fc2f4600000, 0x00007fc3edcc0000, 0x00007fc3edcc0000)
  from space 510784K,  43% used [0x00007fc3edcc0000, 0x00007fc3fb60c150, 0x00007fc40cf90000)
  to   space 510784K,   0% used [0x00007fc40cf90000, 0x00007fc40cf90000, 0x00007fc42c260000)
 tenured generation   total 10216136K, used 10180778K [0x00007fcd9f0a0000, 0x00007fd00e952000, 0x00007fe2f4600000)
   the space 10216136K,  99% used [0x00007fcd9f0a0000, 0x00007fd00c6ca8b8, 0x00007fd00c6caa00, 0x00007fd00e952000)
 Metaspace       used 24278K, capacity 24638K, committed 24832K, reserved 26624K
}
Event: 2607.496 GC heap after
{Heap after GC invocations=1708 (full 7):
 def new generation   total 4597312K, used 220961K [0x00007fc2f4600000, 0x00007fc42c260000, 0x00007fcd9f0a0000)
  eden space 4086528K,   0% used [0x00007fc2f4600000, 0x00007fc2f4600000, 0x00007fc3edcc0000)
  from space 510784K,  43% used [0x00007fc40cf90000, 0x00007fc41a758788, 0x00007fc42c260000)
  to   space 510784K,   0% used [0x00007fc3edcc0000, 0x00007fc3edcc0000, 0x00007fc40cf90000)
 tenured generation   total 10216136K, used 10197737K [0x00007fcd9f0a0000, 0x00007fd00e952000, 0x00007fe2f4600000)
   the space 10216136K,  99% used [0x00007fcd9f0a0000, 0x00007fd00d75a4c0, 0x00007fd00d75a600, 0x00007fd00e952000)
 Metaspace       used 24278K, capacity 24638K, committed 24832K, reserved 26624K
}
Event: 2611.826 GC heap before
{Heap before GC invocations=1708 (full 7):
 def new generation   total 4597312K, used 4307489K [0x00007fc2f4600000, 0x00007fc42c260000, 0x00007fcd9f0a0000)
  eden space 4086528K, 100% used [0x00007fc2f4600000, 0x00007fc3edcc0000, 0x00007fc3edcc0000)
  from space 510784K,  43% used [0x00007fc40cf90000, 0x00007fc41a758788, 0x00007fc42c260000)
  to   space 510784K,   0% used [0x00007fc3edcc0000, 0x00007fc3edcc0000, 0x00007fc40cf90000)
 tenured generation   total 10216136K, used 10197737K [0x00007fcd9f0a0000, 0x00007fd00e952000, 0x00007fe2f4600000)
   the space 10216136K,  99% used [0x00007fcd9f0a0000, 0x00007fd00d75a4c0, 0x00007fd00d75a600, 0x00007fd00e952000)
 Metaspace       used 24278K, capacity 24638K, committed 24832K, reserved 26624K
}
Event: 2611.960 GC heap after
{Heap after GC invocations=1709 (full 7):
 def new generation   total 4597312K, used 235883K [0x00007fc2f4600000, 0x00007fc42c260000, 0x00007fcd9f0a0000)
  eden space 4086528K,   0% used [0x00007fc2f4600000, 0x00007fc2f4600000, 0x00007fc3edcc0000)
  from space 510784K,  46% used [0x00007fc3edcc0000, 0x00007fc3fc31acc8, 0x00007fc40cf90000)
  to   space 510784K,   0% used [0x00007fc40cf90000, 0x00007fc40cf90000, 0x00007fc42c260000)
 tenured generation   total 10216136K, used 10197737K [0x00007fcd9f0a0000, 0x00007fd00e952000, 0x00007fe2f4600000)
   the space 10216136K,  99% used [0x00007fcd9f0a0000, 0x00007fd00d75a4c0, 0x00007fd00d75a600, 0x00007fd00e952000)
 Metaspace       used 24278K, capacity 24638K, committed 24832K, reserved 26624K
}
Event: 2615.521 GC heap before
{Heap before GC invocations=1709 (full 7):
 def new generation   total 4597312K, used 4322411K [0x00007fc2f4600000, 0x00007fc42c260000, 0x00007fcd9f0a0000)
  eden space 4086528K, 100% used [0x00007fc2f4600000, 0x00007fc3edcc0000, 0x00007fc3edcc0000)
  from space 510784K,  46% used [0x00007fc3edcc0000, 0x00007fc3fc31acc8, 0x00007fc40cf90000)
  to   space 510784K,   0% used [0x00007fc40cf90000, 0x00007fc40cf90000, 0x00007fc42c260000)
 tenured generation   total 10216136K, used 10197737K [0x00007fcd9f0a0000, 0x00007fd00e952000, 0x00007fe2f4600000)
   the space 10216136K,  99% used [0x00007fcd9f0a0000, 0x00007fd00d75a4c0, 0x00007fd00d75a600, 0x00007fd00e952000)
 Metaspace       used 24278K, capacity 24638K, committed 24832K, reserved 26624K
}
Event: 2615.694 GC heap after
{Heap after GC invocations=1710 (full 7):
 def new generation   total 4597312K, used 231255K [0x00007fc2f4600000, 0x00007fc42c260000, 0x00007fcd9f0a0000)
  eden space 4086528K,   0% used [0x00007fc2f4600000, 0x00007fc2f4600000, 0x00007fc3edcc0000)
  from space 510784K,  45% used [0x00007fc40cf90000, 0x00007fc41b165c28, 0x00007fc42c260000)
  to   space 510784K,   0% used [0x00007fc3edcc0000, 0x00007fc3edcc0000, 0x00007fc40cf90000)
 tenured generation   total 10216136K, used 10214696K [0x00007fcd9f0a0000, 0x00007fd00e952000, 0x00007fe2f4600000)
   the space 10216136K,  99% used [0x00007fcd9f0a0000, 0x00007fd00e7ea0c8, 0x00007fd00e7ea200, 0x00007fd00e952000)
 Metaspace       used 24278K, capacity 24638K, committed 24832K, reserved 26624K
}
Event: 2619.563 GC heap before
{Heap before GC invocations=1710 (full 7):
 def new generation   total 4597312K, used 4317783K [0x00007fc2f4600000, 0x00007fc42c260000, 0x00007fcd9f0a0000)
  eden space 4086528K, 100% used [0x00007fc2f4600000, 0x00007fc3edcc0000, 0x00007fc3edcc0000)
  from space 510784K,  45% used [0x00007fc40cf90000, 0x00007fc41b165c28, 0x00007fc42c260000)
  to   space 510784K,   0% used [0x00007fc3edcc0000, 0x00007fc3edcc0000, 0x00007fc40cf90000)
 tenured generation   total 10216136K, used 10214696K [0x00007fcd9f0a0000, 0x00007fd00e952000, 0x00007fe2f4600000)
   the space 10216136K,  99% used [0x00007fcd9f0a0000, 0x00007fd00e7ea0c8, 0x00007fd00e7ea200, 0x00007fd00e952000)
 Metaspace       used 24278K, capacity 24638K, committed 24832K, reserved 26624K
}
Event: 2619.765 GC heap after
{Heap after GC invocations=1711 (full 7):
 def new generation   total 4597312K, used 241513K [0x00007fc2f4600000, 0x00007fc42c260000, 0x00007fcd9f0a0000)
  eden space 4086528K,   0% used [0x00007fc2f4600000, 0x00007fc2f4600000, 0x00007fc3edcc0000)
  from space 510784K,  47% used [0x00007fc3edcc0000, 0x00007fc3fc89a770, 0x00007fc40cf90000)
  to   space 510784K,   0% used [0x00007fc40cf90000, 0x00007fc40cf90000, 0x00007fc42c260000)
 tenured generation   total 10232524K, used 10231655K [0x00007fcd9f0a0000, 0x00007fd00f953000, 0x00007fe2f4600000)
   the space 10232524K,  99% used [0x00007fcd9f0a0000, 0x00007fd00f879cd0, 0x00007fd00f879e00, 0x00007fd00f953000)
 Metaspace       used 24278K, capacity 24638K, committed 24832K, reserved 26624K
}
Event: 2619.765 GC heap before
{Heap before GC invocations=1711 (full 7):
 def new generation   total 4597312K, used 241513K [0x00007fc2f4600000, 0x00007fc42c260000, 0x00007fcd9f0a0000)
  eden space 4086528K,   0% used [0x00007fc2f4600000, 0x00007fc2f4600000, 0x00007fc3edcc0000)
  from space 510784K,  47% used [0x00007fc3edcc0000, 0x00007fc3fc89a770, 0x00007fc40cf90000)
  to   space 510784K,   0% used [0x00007fc40cf90000, 0x00007fc40cf90000, 0x00007fc42c260000)
 tenured generation   total 10232524K, used 10231655K [0x00007fcd9f0a0000, 0x00007fd00f953000, 0x00007fe2f4600000)
   the space 10232524K,  99% used [0x00007fcd9f0a0000, 0x00007fd00f879cd0, 0x00007fd00f879e00, 0x00007fd00f953000)
 Metaspace       used 24278K, capacity 24638K, committed 24832K, reserved 26624K
}

