# JRE version: OpenJDK Runtime Environment (13.0.7+5) (build 13.0.7+5-Ubuntu-0ubuntu120.04)
# Java VM: OpenJDK 64-Bit Server VM (13.0.7+5-Ubuntu-0ubuntu120.04, mixed mode, tiered, serial gc, linux-amd64)
Heap:
 def new generation   total 2371328K, used 0K [0x00007fb158600000, 0x00007fb1f9300000, 0x00007fb6adb50000)
  eden space 2107904K,   0% used [0x00007fb158600000, 0x00007fb158600000, 0x00007fb1d9080000)
  from space 263424K,   0% used [0x00007fb1e91c0000, 0x00007fb1e91c0000, 0x00007fb1f9300000)
  to   space 263424K,   0% used [0x00007fb1d9080000, 0x00007fb1d9080000, 0x00007fb1e91c0000)
 tenured generation   total 8415140K, used 6300807K [0x00007fb6adb50000, 0x00007fb8af539000, 0x00007fc158600000)
   the space 8415140K,  74% used [0x00007fb6adb50000, 0x00007fb82e471c28, 0x00007fb82e471e00, 0x00007fb8af539000)
 Metaspace       used 23199K, capacity 23544K, committed 23808K, reserved 24576K
GC Heap History (17 events):
Event: 3.554 GC heap before
{Heap before GC invocations=0 (full 0):
 def new generation   total 629120K, used 100665K [0x00007fb158600000, 0x00007fb1830a0000, 0x00007fb6adb50000)
  eden space 559232K,  18% used [0x00007fb158600000, 0x00007fb15e84e6b0, 0x00007fb17a820000)
  from space 69888K,   0% used [0x00007fb17a820000, 0x00007fb17a820000, 0x00007fb17ec60000)
  to   space 69888K,   0% used [0x00007fb17ec60000, 0x00007fb17ec60000, 0x00007fb1830a0000)
 tenured generation   total 1398144K, used 0K [0x00007fb6adb50000, 0x00007fb7030b0000, 0x00007fc158600000)
   the space 1398144K,   0% used [0x00007fb6adb50000, 0x00007fb6adb50000, 0x00007fb6adb50200, 0x00007fb7030b0000)
 Metaspace       used 20895K, capacity 21207K, committed 21248K, reserved 22528K
}
Event: 3.682 GC heap after
{Heap after GC invocations=1 (full 1):
 def new generation   total 629248K, used 0K [0x00007fb158600000, 0x00007fb1830c0000, 0x00007fb6adb50000)
  eden space 559360K,   0% used [0x00007fb158600000, 0x00007fb158600000, 0x00007fb17a840000)
  from space 69888K,   0% used [0x00007fb17a840000, 0x00007fb17a840000, 0x00007fb17ec80000)
  to   space 69888K,   0% used [0x00007fb17ec80000, 0x00007fb17ec80000, 0x00007fb1830c0000)
 tenured generation   total 1398144K, used 13584K [0x00007fb6adb50000, 0x00007fb7030b0000, 0x00007fc158600000)
   the space 1398144K,   0% used [0x00007fb6adb50000, 0x00007fb6ae8943a0, 0x00007fb6ae894400, 0x00007fb7030b0000)
 Metaspace       used 20895K, capacity 21207K, committed 21248K, reserved 22528K
}
Event: 5.745 GC heap before
{Heap before GC invocations=1 (full 1):
 def new generation   total 629248K, used 559360K [0x00007fb158600000, 0x00007fb1830c0000, 0x00007fb6adb50000)
  eden space 559360K, 100% used [0x00007fb158600000, 0x00007fb17a840000, 0x00007fb17a840000)
  from space 69888K,   0% used [0x00007fb17a840000, 0x00007fb17a840000, 0x00007fb17ec80000)
  to   space 69888K,   0% used [0x00007fb17ec80000, 0x00007fb17ec80000, 0x00007fb1830c0000)
 tenured generation   total 1398144K, used 13584K [0x00007fb6adb50000, 0x00007fb7030b0000, 0x00007fc158600000)
   the space 1398144K,   0% used [0x00007fb6adb50000, 0x00007fb6ae8943a0, 0x00007fb6ae894400, 0x00007fb7030b0000)
 Metaspace       used 23042K, capacity 23403K, committed 23552K, reserved 24576K
}
Event: 5.752 GC heap after
{Heap after GC invocations=2 (full 1):
 def new generation   total 629248K, used 689K [0x00007fb158600000, 0x00007fb1830c0000, 0x00007fb6adb50000)
  eden space 559360K,   0% used [0x00007fb158600000, 0x00007fb158600000, 0x00007fb17a840000)
  from space 69888K,   0% used [0x00007fb17ec80000, 0x00007fb17ed2c4c0, 0x00007fb1830c0000)
  to   space 69888K,   0% used [0x00007fb17a840000, 0x00007fb17a840000, 0x00007fb17ec80000)
 tenured generation   total 1398144K, used 13584K [0x00007fb6adb50000, 0x00007fb7030b0000, 0x00007fc158600000)
   the space 1398144K,   0% used [0x00007fb6adb50000, 0x00007fb6ae8943a0, 0x00007fb6ae894400, 0x00007fb7030b0000)
 Metaspace       used 23042K, capacity 23403K, committed 23552K, reserved 24576K
}
Event: 6.897 GC heap before
{Heap before GC invocations=2 (full 1):
 def new generation   total 629248K, used 560049K [0x00007fb158600000, 0x00007fb1830c0000, 0x00007fb6adb50000)
  eden space 559360K, 100% used [0x00007fb158600000, 0x00007fb17a840000, 0x00007fb17a840000)
  from space 69888K,   0% used [0x00007fb17ec80000, 0x00007fb17ed2c4c0, 0x00007fb1830c0000)
  to   space 69888K,   0% used [0x00007fb17a840000, 0x00007fb17a840000, 0x00007fb17ec80000)
 tenured generation   total 1398144K, used 13584K [0x00007fb6adb50000, 0x00007fb7030b0000, 0x00007fc158600000)
   the space 1398144K,   0% used [0x00007fb6adb50000, 0x00007fb6ae8943a0, 0x00007fb6ae894400, 0x00007fb7030b0000)
 Metaspace       used 23048K, capacity 23404K, committed 23552K, reserved 24576K
}
Event: 6.900 GC heap after
{Heap after GC invocations=3 (full 1):
 def new generation   total 629248K, used 1011K [0x00007fb158600000, 0x00007fb1830c0000, 0x00007fb6adb50000)
  eden space 559360K,   0% used [0x00007fb158600000, 0x00007fb158600000, 0x00007fb17a840000)
  from space 69888K,   1% used [0x00007fb17a840000, 0x00007fb17a93cd08, 0x00007fb17ec80000)
  to   space 69888K,   0% used [0x00007fb17ec80000, 0x00007fb17ec80000, 0x00007fb1830c0000)
 tenured generation   total 1398144K, used 13584K [0x00007fb6adb50000, 0x00007fb7030b0000, 0x00007fc158600000)
   the space 1398144K,   0% used [0x00007fb6adb50000, 0x00007fb6ae8943a0, 0x00007fb6ae894400, 0x00007fb7030b0000)
 Metaspace       used 23048K, capacity 23404K, committed 23552K, reserved 24576K
}
Event: 7.054 GC heap before
{Heap before GC invocations=3 (full 1):
 def new generation   total 629248K, used 27266K [0x00007fb158600000, 0x00007fb1830c0000, 0x00007fb6adb50000)
  eden space 559360K,   4% used [0x00007fb158600000, 0x00007fb159fa3d28, 0x00007fb17a840000)
  from space 69888K,   1% used [0x00007fb17a840000, 0x00007fb17a93cd08, 0x00007fb17ec80000)
  to   space 69888K,   0% used [0x00007fb17ec80000, 0x00007fb17ec80000, 0x00007fb1830c0000)
 tenured generation   total 1398144K, used 13584K [0x00007fb6adb50000, 0x00007fb7030b0000, 0x00007fc158600000)
   the space 1398144K,   0% used [0x00007fb6adb50000, 0x00007fb6ae8943a0, 0x00007fb6ae894400, 0x00007fb7030b0000)
 Metaspace       used 23198K, capacity 23544K, committed 23808K, reserved 24576K
}
Event: 7.060 GC heap after
{Heap after GC invocations=4 (full 1):
 def new generation   total 629248K, used 2334K [0x00007fb158600000, 0x00007fb1830c0000, 0x00007fb6adb50000)
  eden space 559360K,   0% used [0x00007fb158600000, 0x00007fb158600000, 0x00007fb17a840000)
  from space 69888K,   3% used [0x00007fb17ec80000, 0x00007fb17eec7ad8, 0x00007fb1830c0000)
  to   space 69888K,   0% used [0x00007fb17a840000, 0x00007fb17a840000, 0x00007fb17ec80000)
 tenured generation   total 1398144K, used 13584K [0x00007fb6adb50000, 0x00007fb7030b0000, 0x00007fc158600000)
   the space 1398144K,   0% used [0x00007fb6adb50000, 0x00007fb6ae8943a0, 0x00007fb6ae894400, 0x00007fb7030b0000)
 Metaspace       used 23198K, capacity 23544K, committed 23808K, reserved 24576K
}
Event: 7.060 GC heap before
{Heap before GC invocations=4 (full 1):
 def new generation   total 629248K, used 2334K [0x00007fb158600000, 0x00007fb1830c0000, 0x00007fb6adb50000)
  eden space 559360K,   0% used [0x00007fb158600000, 0x00007fb158600000, 0x00007fb17a840000)
  from space 69888K,   3% used [0x00007fb17ec80000, 0x00007fb17eec7ad8, 0x00007fb1830c0000)
  to   space 69888K,   0% used [0x00007fb17a840000, 0x00007fb17a840000, 0x00007fb17ec80000)
 tenured generation   total 1398144K, used 13584K [0x00007fb6adb50000, 0x00007fb7030b0000, 0x00007fc158600000)
   the space 1398144K,   0% used [0x00007fb6adb50000, 0x00007fb6ae8943a0, 0x00007fb6ae894400, 0x00007fb7030b0000)
 Metaspace       used 23198K, capacity 23544K, committed 23808K, reserved 24576K
}
Event: 7.103 GC heap after
{Heap after GC invocations=4 (full 2):
 def new generation   total 629248K, used 0K [0x00007fb158600000, 0x00007fb1830c0000, 0x00007fb6adb50000)
  eden space 559360K,   0% used [0x00007fb158600000, 0x00007fb158600000, 0x00007fb17a840000)
  from space 69888K,   0% used [0x00007fb17ec80000, 0x00007fb17ec80000, 0x00007fb1830c0000)
  to   space 69888K,   0% used [0x00007fb17a840000, 0x00007fb17a840000, 0x00007fb17ec80000)
 tenured generation   total 1398144K, used 15913K [0x00007fb6adb50000, 0x00007fb7030b0000, 0x00007fc158600000)
   the space 1398144K,   1% used [0x00007fb6adb50000, 0x00007fb6aeada648, 0x00007fb6aeada800, 0x00007fb7030b0000)
 Metaspace       used 23198K, capacity 23544K, committed 23808K, reserved 24576K
}
Event: 12.294 GC heap before
{Heap before GC invocations=4 (full 2):
 def new generation   total 629248K, used 11053K [0x00007fb158600000, 0x00007fb1830c0000, 0x00007fb6adb50000)
  eden space 559360K,   1% used [0x00007fb158600000, 0x00007fb1590cb690, 0x00007fb17a840000)
  from space 69888K,   0% used [0x00007fb17ec80000, 0x00007fb17ec80000, 0x00007fb1830c0000)
  to   space 69888K,   0% used [0x00007fb17a840000, 0x00007fb17a840000, 0x00007fb17ec80000)
 tenured generation   total 4543876K, used 3161641K [0x00007fb6adb50000, 0x00007fb7c30b1000, 0x00007fc158600000)
   the space 4543876K,  69% used [0x00007fb6adb50000, 0x00007fb76eada660, 0x00007fb76eada800, 0x00007fb7c30b1000)
 Metaspace       used 23199K, capacity 23544K, committed 23808K, reserved 24576K
}
Event: 12.297 GC heap after
{Heap after GC invocations=5 (full 2):
 def new generation   total 629248K, used 1K [0x00007fb158600000, 0x00007fb1830c0000, 0x00007fb6adb50000)
  eden space 559360K,   0% used [0x00007fb158600000, 0x00007fb158600000, 0x00007fb17a840000)
  from space 69888K,   0% used [0x00007fb17a840000, 0x00007fb17a840628, 0x00007fb17ec80000)
  to   space 69888K,   0% used [0x00007fb17ec80000, 0x00007fb17ec80000, 0x00007fb1830c0000)
 tenured generation   total 4543876K, used 3161641K [0x00007fb6adb50000, 0x00007fb7c30b1000, 0x00007fc158600000)
   the space 4543876K,  69% used [0x00007fb6adb50000, 0x00007fb76eada660, 0x00007fb76eada800, 0x00007fb7c30b1000)
 Metaspace       used 23199K, capacity 23544K, committed 23808K, reserved 24576K
}
Event: 12.297 GC heap before
{Heap before GC invocations=5 (full 2):
 def new generation   total 629248K, used 1K [0x00007fb158600000, 0x00007fb1830c0000, 0x00007fb6adb50000)
  eden space 559360K,   0% used [0x00007fb158600000, 0x00007fb158600000, 0x00007fb17a840000)
  from space 69888K,   0% used [0x00007fb17a840000, 0x00007fb17a840628, 0x00007fb17ec80000)
  to   space 69888K,   0% used [0x00007fb17ec80000, 0x00007fb17ec80000, 0x00007fb1830c0000)
 tenured generation   total 4543876K, used 3161641K [0x00007fb6adb50000, 0x00007fb7c30b1000, 0x00007fc158600000)
   the space 4543876K,  69% used [0x00007fb6adb50000, 0x00007fb76eada660, 0x00007fb76eada800, 0x00007fb7c30b1000)
 Metaspace       used 23199K, capacity 23544K, committed 23808K, reserved 24576K
}
Event: 12.354 GC heap after
{Heap after GC invocations=5 (full 3):
 def new generation   total 2371328K, used 0K [0x00007fb158600000, 0x00007fb1f9300000, 0x00007fb6adb50000)
  eden space 2107904K,   0% used [0x00007fb158600000, 0x00007fb158600000, 0x00007fb1d9080000)
  from space 263424K,   0% used [0x00007fb1d9080000, 0x00007fb1d9080000, 0x00007fb1e91c0000)
  to   space 263424K,   0% used [0x00007fb1e91c0000, 0x00007fb1e91c0000, 0x00007fb1f9300000)
 tenured generation   total 5269408K, used 3161642K [0x00007fb6adb50000, 0x00007fb7ef538000, 0x00007fc158600000)
   the space 5269408K,  59% used [0x00007fb6adb50000, 0x00007fb76eadab28, 0x00007fb76eadac00, 0x00007fb7ef538000)
 Metaspace       used 23199K, capacity 23544K, committed 23808K, reserved 24576K
}
Event: 25.583 GC heap before
{Heap before GC invocations=5 (full 3):
 def new generation   total 2371328K, used 41654K [0x00007fb158600000, 0x00007fb1f9300000, 0x00007fb6adb50000)
  eden space 2107904K,   1% used [0x00007fb158600000, 0x00007fb15aeadac0, 0x00007fb1d9080000)
  from space 263424K,   0% used [0x00007fb1d9080000, 0x00007fb1d9080000, 0x00007fb1e91c0000)
  to   space 263424K,   0% used [0x00007fb1e91c0000, 0x00007fb1e91c0000, 0x00007fb1f9300000)
 tenured generation   total 8415140K, used 6307370K [0x00007fb6adb50000, 0x00007fb8af539000, 0x00007fc158600000)
   the space 8415140K,  74% used [0x00007fb6adb50000, 0x00007fb82eadab40, 0x00007fb82eadac00, 0x00007fb8af539000)
 Metaspace       used 23199K, capacity 23544K, committed 23808K, reserved 24576K
}
Event: 25.600 GC heap after
{Heap after GC invocations=6 (full 3):
 def new generation   total 2371328K, used 0K [0x00007fb158600000, 0x00007fb1f9300000, 0x00007fb6adb50000)
  eden space 2107904K,   0% used [0x00007fb158600000, 0x00007fb158600000, 0x00007fb1d9080000)
  from space 263424K,   0% used [0x00007fb1e91c0000, 0x00007fb1e91c0230, 0x00007fb1f9300000)
  to   space 263424K,   0% used [0x00007fb1d9080000, 0x00007fb1d9080000, 0x00007fb1e91c0000)
 tenured generation   total 8415140K, used 6307370K [0x00007fb6adb50000, 0x00007fb8af539000, 0x00007fc158600000)
   the space 8415140K,  74% used [0x00007fb6adb50000, 0x00007fb82eadab40, 0x00007fb82eadac00, 0x00007fb8af539000)
 Metaspace       used 23199K, capacity 23544K, committed 23808K, reserved 24576K
}
Event: 25.601 GC heap before
{Heap before GC invocations=6 (full 3):
 def new generation   total 2371328K, used 0K [0x00007fb158600000, 0x00007fb1f9300000, 0x00007fb6adb50000)
  eden space 2107904K,   0% used [0x00007fb158600000, 0x00007fb158600000, 0x00007fb1d9080000)
  from space 263424K,   0% used [0x00007fb1e91c0000, 0x00007fb1e91c0230, 0x00007fb1f9300000)
  to   space 263424K,   0% used [0x00007fb1d9080000, 0x00007fb1d9080000, 0x00007fb1e91c0000)
 tenured generation   total 8415140K, used 6307370K [0x00007fb6adb50000, 0x00007fb8af539000, 0x00007fc158600000)
   the space 8415140K,  74% used [0x00007fb6adb50000, 0x00007fb82eadab40, 0x00007fb82eadac00, 0x00007fb8af539000)
 Metaspace       used 23199K, capacity 23544K, committed 23808K, reserved 24576K
}

