# JRE version: OpenJDK Runtime Environment (13.0.7+5) (build 13.0.7+5-Ubuntu-0ubuntu120.04)
# Java VM: OpenJDK 64-Bit Server VM (13.0.7+5-Ubuntu-0ubuntu120.04, mixed mode, tiered, serial gc, linux-amd64)
Heap:
 def new generation   total 3939392K, used 2165361K [0x00007fce68600000, 0x00007fcf73880000, 0x00007fd3bdb50000)
  eden space 3501696K,  61% used [0x00007fce68600000, 0x00007fceec89c458, 0x00007fcf3e1a0000)
  from space 437696K,   0% used [0x00007fcf3e1a0000, 0x00007fcf3e1a0000, 0x00007fcf58d10000)
  to   space 437696K,   0% used [0x00007fcf58d10000, 0x00007fcf58d10080, 0x00007fcf73880000)
 tenured generation   total 17142752K, used 16786818K [0x00007fd3bdb50000, 0x00007fd7d4048000, 0x00007fde68600000)
   the space 17142752K,  97% used [0x00007fd3bdb50000, 0x00007fd7be4b0958, 0x00007fd7be4b0a00, 0x00007fd7d4048000)
 Metaspace       used 23214K, capacity 23616K, committed 23808K, reserved 24576K
GC Heap History (20 events):
Event: 9.584 GC heap after
{Heap after GC invocations=6 (full 3):
 def new generation   total 1572992K, used 725K [0x00007fce68600000, 0x00007fced30c0000, 0x00007fd3bdb50000)
  eden space 1398272K,   0% used [0x00007fce68600000, 0x00007fce68600000, 0x00007fcebdb80000)
  from space 174720K,   0% used [0x00007fcec8620000, 0x00007fcec86d54c8, 0x00007fced30c0000)
  to   space 174720K,   0% used [0x00007fcebdb80000, 0x00007fcebdb80000, 0x00007fcec8620000)
 tenured generation   total 3495300K, used 2116610K [0x00007fd3bdb50000, 0x00007fd4930b1000, 0x00007fde68600000)
   the space 3495300K,  60% used [0x00007fd3bdb50000, 0x00007fd43ee50aa0, 0x00007fd43ee50c00, 0x00007fd4930b1000)
 Metaspace       used 23202K, capacity 23550K, committed 23808K, reserved 24576K
}
Event: 10.045 GC heap before
{Heap before GC invocations=6 (full 3):
 def new generation   total 1572992K, used 774201K [0x00007fce68600000, 0x00007fced30c0000, 0x00007fd3bdb50000)
  eden space 1398272K,  55% used [0x00007fce68600000, 0x00007fce97959188, 0x00007fcebdb80000)
  from space 174720K,   0% used [0x00007fcec8620000, 0x00007fcec86d54c8, 0x00007fced30c0000)
  to   space 174720K,   0% used [0x00007fcebdb80000, 0x00007fcebdb80000, 0x00007fcec8620000)
 tenured generation   total 3495300K, used 2116610K [0x00007fd3bdb50000, 0x00007fd4930b1000, 0x00007fde68600000)
   the space 3495300K,  60% used [0x00007fd3bdb50000, 0x00007fd43ee50aa0, 0x00007fd43ee50c00, 0x00007fd4930b1000)
 Metaspace       used 23214K, capacity 23616K, committed 23808K, reserved 24576K
}
Event: 10.174 GC heap after
{Heap after GC invocations=7 (full 3):
 def new generation   total 1572992K, used 131988K [0x00007fce68600000, 0x00007fced30c0000, 0x00007fd3bdb50000)
  eden space 1398272K,   0% used [0x00007fce68600000, 0x00007fce68600000, 0x00007fcebdb80000)
  from space 174720K,  75% used [0x00007fcebdb80000, 0x00007fcec5c650c0, 0x00007fcec8620000)
  to   space 174720K,   0% used [0x00007fcec8620000, 0x00007fcec8620000, 0x00007fced30c0000)
 tenured generation   total 3495300K, used 2247682K [0x00007fd3bdb50000, 0x00007fd4930b1000, 0x00007fde68600000)
   the space 3495300K,  64% used [0x00007fd3bdb50000, 0x00007fd446e50ab8, 0x00007fd446e50c00, 0x00007fd4930b1000)
 Metaspace       used 23214K, capacity 23616K, committed 23808K, reserved 24576K
}
Event: 10.879 GC heap before
{Heap before GC invocations=7 (full 3):
 def new generation   total 1572992K, used 1207998K [0x00007fce68600000, 0x00007fced30c0000, 0x00007fd3bdb50000)
  eden space 1398272K,  76% used [0x00007fce68600000, 0x00007fceaa0ca9c0, 0x00007fcebdb80000)
  from space 174720K,  75% used [0x00007fcebdb80000, 0x00007fcec5c650c0, 0x00007fcec8620000)
  to   space 174720K,   0% used [0x00007fcec8620000, 0x00007fcec8620000, 0x00007fced30c0000)
 tenured generation   total 3495300K, used 2247682K [0x00007fd3bdb50000, 0x00007fd4930b1000, 0x00007fde68600000)
   the space 3495300K,  64% used [0x00007fd3bdb50000, 0x00007fd446e50ab8, 0x00007fd446e50c00, 0x00007fd4930b1000)
 Metaspace       used 23214K, capacity 23616K, committed 23808K, reserved 24576K
}
Event: 11.590 GC heap after
{Heap after GC invocations=8 (full 3):
 def new generation   total 1572992K, used 0K [0x00007fce68600000, 0x00007fced30c0000, 0x00007fd3bdb50000)
  eden space 1398272K,   0% used [0x00007fce68600000, 0x00007fce68600000, 0x00007fcebdb80000)
  from space 174720K,   0% used [0x00007fcec8620000, 0x00007fcec86201f0, 0x00007fced30c0000)
  to   space 174720K,   0% used [0x00007fcebdb80000, 0x00007fcebdb80000, 0x00007fcec8620000)
 tenured generation   total 3495300K, used 3297173K [0x00007fd3bdb50000, 0x00007fd4930b1000, 0x00007fde68600000)
   the space 3495300K,  94% used [0x00007fd3bdb50000, 0x00007fd486f35780, 0x00007fd486f35800, 0x00007fd4930b1000)
 Metaspace       used 23214K, capacity 23616K, committed 23808K, reserved 24576K
}
Event: 11.846 GC heap before
{Heap before GC invocations=8 (full 3):
 def new generation   total 1572992K, used 1076135K [0x00007fce68600000, 0x00007fced30c0000, 0x00007fd3bdb50000)
  eden space 1398272K,  76% used [0x00007fce68600000, 0x00007fceaa0e9b00, 0x00007fcebdb80000)
  from space 174720K,   0% used [0x00007fcec8620000, 0x00007fcec86201f0, 0x00007fced30c0000)
  to   space 174720K,   0% used [0x00007fcebdb80000, 0x00007fcebdb80000, 0x00007fcec8620000)
 tenured generation   total 3495300K, used 3297173K [0x00007fd3bdb50000, 0x00007fd4930b1000, 0x00007fde68600000)
   the space 3495300K,  94% used [0x00007fd3bdb50000, 0x00007fd486f35780, 0x00007fd486f35800, 0x00007fd4930b1000)
 Metaspace       used 23214K, capacity 23616K, committed 23808K, reserved 24576K
}
Event: 12.505 GC heap after
{Heap after GC invocations=9 (full 3):
 def new generation   total 1572992K, used 1K [0x00007fce68600000, 0x00007fced30c0000, 0x00007fd3bdb50000)
  eden space 1398272K,   0% used [0x00007fce68600000, 0x00007fce68600000, 0x00007fcebdb80000)
  from space 174720K,   0% used [0x00007fcebdb80000, 0x00007fcebdb80438, 0x00007fcec8620000)
  to   space 174720K,   0% used [0x00007fcec8620000, 0x00007fcec8620000, 0x00007fced30c0000)
 tenured generation   total 4543880K, used 4345749K [0x00007fd3bdb50000, 0x00007fd4d30b2000, 0x00007fde68600000)
   the space 4543880K,  95% used [0x00007fd3bdb50000, 0x00007fd4c6f35798, 0x00007fd4c6f35800, 0x00007fd4d30b2000)
 Metaspace       used 23214K, capacity 23616K, committed 23808K, reserved 24576K
}
Event: 12.505 GC heap before
{Heap before GC invocations=9 (full 3):
 def new generation   total 1572992K, used 1K [0x00007fce68600000, 0x00007fced30c0000, 0x00007fd3bdb50000)
  eden space 1398272K,   0% used [0x00007fce68600000, 0x00007fce68600000, 0x00007fcebdb80000)
  from space 174720K,   0% used [0x00007fcebdb80000, 0x00007fcebdb80438, 0x00007fcec8620000)
  to   space 174720K,   0% used [0x00007fcec8620000, 0x00007fcec8620000, 0x00007fced30c0000)
 tenured generation   total 4543880K, used 4345749K [0x00007fd3bdb50000, 0x00007fd4d30b2000, 0x00007fde68600000)
   the space 4543880K,  95% used [0x00007fd3bdb50000, 0x00007fd4c6f35798, 0x00007fd4c6f35800, 0x00007fd4d30b2000)
 Metaspace       used 23214K, capacity 23616K, committed 23808K, reserved 24576K
}
Event: 12.985 GC heap after
{Heap after GC invocations=9 (full 4):
 def new generation   total 1580096K, used 0K [0x00007fce68600000, 0x00007fced3880000, 0x00007fd3bdb50000)
  eden space 1404544K,   0% used [0x00007fce68600000, 0x00007fce68600000, 0x00007fcebe1a0000)
  from space 175552K,   0% used [0x00007fcebe1a0000, 0x00007fcebe1a0000, 0x00007fcec8d10000)
  to   space 175552K,   0% used [0x00007fcec8d10000, 0x00007fcec8d10000, 0x00007fced3880000)
 tenured generation   total 3511260K, used 2106754K [0x00007fd3bdb50000, 0x00007fd494047000, 0x00007fde68600000)
   the space 3511260K,  59% used [0x00007fd3bdb50000, 0x00007fd43e4b08e0, 0x00007fd43e4b0a00, 0x00007fd494047000)
 Metaspace       used 23214K, capacity 23616K, committed 23808K, reserved 24576K
}
Event: 16.970 GC heap before
{Heap before GC invocations=9 (full 4):
 def new generation   total 1580096K, used 27573K [0x00007fce68600000, 0x00007fced3880000, 0x00007fd3bdb50000)
  eden space 1404544K,   1% used [0x00007fce68600000, 0x00007fce6a0ed678, 0x00007fcebe1a0000)
  from space 175552K,   0% used [0x00007fcebe1a0000, 0x00007fcebe1a0000, 0x00007fcec8d10000)
  to   space 175552K,   0% used [0x00007fcec8d10000, 0x00007fcec8d10000, 0x00007fced3880000)
 tenured generation   total 7705568K, used 6301058K [0x00007fd3bdb50000, 0x00007fd594048000, 0x00007fde68600000)
   the space 7705568K,  81% used [0x00007fd3bdb50000, 0x00007fd53e4b08f8, 0x00007fd53e4b0a00, 0x00007fd594048000)
 Metaspace       used 23214K, capacity 23616K, committed 23808K, reserved 24576K
}
Event: 16.972 GC heap after
{Heap after GC invocations=10 (full 4):
 def new generation   total 1580096K, used 0K [0x00007fce68600000, 0x00007fced3880000, 0x00007fd3bdb50000)
  eden space 1404544K,   0% used [0x00007fce68600000, 0x00007fce68600000, 0x00007fcebe1a0000)
  from space 175552K,   0% used [0x00007fcec8d10000, 0x00007fcec8d10158, 0x00007fced3880000)
  to   space 175552K,   0% used [0x00007fcebe1a0000, 0x00007fcebe1a0000, 0x00007fcec8d10000)
 tenured generation   total 7705568K, used 6301058K [0x00007fd3bdb50000, 0x00007fd594048000, 0x00007fde68600000)
   the space 7705568K,  81% used [0x00007fd3bdb50000, 0x00007fd53e4b08f8, 0x00007fd53e4b0a00, 0x00007fd594048000)
 Metaspace       used 23214K, capacity 23616K, committed 23808K, reserved 24576K
}
Event: 16.972 GC heap before
{Heap before GC invocations=10 (full 4):
 def new generation   total 1580096K, used 0K [0x00007fce68600000, 0x00007fced3880000, 0x00007fd3bdb50000)
  eden space 1404544K,   0% used [0x00007fce68600000, 0x00007fce68600000, 0x00007fcebe1a0000)
  from space 175552K,   0% used [0x00007fcec8d10000, 0x00007fcec8d10158, 0x00007fced3880000)
  to   space 175552K,   0% used [0x00007fcebe1a0000, 0x00007fcebe1a0000, 0x00007fcec8d10000)
 tenured generation   total 7705568K, used 6301058K [0x00007fd3bdb50000, 0x00007fd594048000, 0x00007fde68600000)
   the space 7705568K,  81% used [0x00007fd3bdb50000, 0x00007fd53e4b08f8, 0x00007fd53e4b0a00, 0x00007fd594048000)
 Metaspace       used 23214K, capacity 23616K, committed 23808K, reserved 24576K
}
Event: 18.353 GC heap after
{Heap after GC invocations=10 (full 5):
 def new generation   total 3939392K, used 0K [0x00007fce68600000, 0x00007fcf73880000, 0x00007fd3bdb50000)
  eden space 3501696K,   0% used [0x00007fce68600000, 0x00007fce68600000, 0x00007fcf3e1a0000)
  from space 437696K,   0% used [0x00007fcf3e1a0000, 0x00007fcf3e1a0000, 0x00007fcf58d10000)
  to   space 437696K,   0% used [0x00007fcf58d10000, 0x00007fcf58d10000, 0x00007fcf73880000)
 tenured generation   total 8754140K, used 5252482K [0x00007fd3bdb50000, 0x00007fd5d4047000, 0x00007fde68600000)
   the space 8754140K,  59% used [0x00007fd3bdb50000, 0x00007fd4fe4b0898, 0x00007fd4fe4b0a00, 0x00007fd5d4047000)
 Metaspace       used 23214K, capacity 23616K, committed 23808K, reserved 24576K
}
Event: 20.372 GC heap before
{Heap before GC invocations=10 (full 5):
 def new generation   total 3939392K, used 2165896K [0x00007fce68600000, 0x00007fcf73880000, 0x00007fd3bdb50000)
  eden space 3501696K,  61% used [0x00007fce68600000, 0x00007fceec922138, 0x00007fcf3e1a0000)
  from space 437696K,   0% used [0x00007fcf3e1a0000, 0x00007fcf3e1a0000, 0x00007fcf58d10000)
  to   space 437696K,   0% used [0x00007fcf58d10000, 0x00007fcf58d10000, 0x00007fcf73880000)
 tenured generation   total 8754140K, used 5252482K [0x00007fd3bdb50000, 0x00007fd5d4047000, 0x00007fde68600000)
   the space 8754140K,  59% used [0x00007fd3bdb50000, 0x00007fd4fe4b0898, 0x00007fd4fe4b0a00, 0x00007fd5d4047000)
 Metaspace       used 23214K, capacity 23616K, committed 23808K, reserved 24576K
}
Event: 21.535 GC heap after
{Heap after GC invocations=11 (full 5):
 def new generation   total 3939392K, used 0K [0x00007fce68600000, 0x00007fcf73880000, 0x00007fd3bdb50000)
  eden space 3501696K,   0% used [0x00007fce68600000, 0x00007fce68600000, 0x00007fcf3e1a0000)
  from space 437696K,   0% used [0x00007fcf58d10000, 0x00007fcf58d101f0, 0x00007fcf73880000)
  to   space 437696K,   0% used [0x00007fcf3e1a0000, 0x00007fcf3e1a0000, 0x00007fcf58d10000)
 tenured generation   total 8754140K, used 7349634K [0x00007fd3bdb50000, 0x00007fd5d4047000, 0x00007fde68600000)
   the space 8754140K,  83% used [0x00007fd3bdb50000, 0x00007fd57e4b08b0, 0x00007fd57e4b0a00, 0x00007fd5d4047000)
 Metaspace       used 23214K, capacity 23616K, committed 23808K, reserved 24576K
}
Event: 21.984 GC heap before
{Heap before GC invocations=11 (full 5):
 def new generation   total 3939392K, used 2165570K [0x00007fce68600000, 0x00007fcf73880000, 0x00007fd3bdb50000)
  eden space 3501696K,  61% used [0x00007fce68600000, 0x00007fceec8d06e8, 0x00007fcf3e1a0000)
  from space 437696K,   0% used [0x00007fcf58d10000, 0x00007fcf58d101f0, 0x00007fcf73880000)
  to   space 437696K,   0% used [0x00007fcf3e1a0000, 0x00007fcf3e1a0000, 0x00007fcf58d10000)
 tenured generation   total 8754140K, used 7349634K [0x00007fd3bdb50000, 0x00007fd5d4047000, 0x00007fde68600000)
   the space 8754140K,  83% used [0x00007fd3bdb50000, 0x00007fd57e4b08b0, 0x00007fd57e4b0a00, 0x00007fd5d4047000)
 Metaspace       used 23214K, capacity 23616K, committed 23808K, reserved 24576K
}
Event: 23.508 GC heap after
{Heap after GC invocations=12 (full 5):
 def new generation   total 3939392K, used 1K [0x00007fce68600000, 0x00007fcf73880000, 0x00007fd3bdb50000)
  eden space 3501696K,   0% used [0x00007fce68600000, 0x00007fce68600000, 0x00007fcf3e1a0000)
  from space 437696K,   0% used [0x00007fcf3e1a0000, 0x00007fcf3e1a0438, 0x00007fcf58d10000)
  to   space 437696K,   0% used [0x00007fcf58d10000, 0x00007fcf58d10000, 0x00007fcf73880000)
 tenured generation   total 10851296K, used 9446786K [0x00007fd3bdb50000, 0x00007fd654048000, 0x00007fde68600000)
   the space 10851296K,  87% used [0x00007fd3bdb50000, 0x00007fd5fe4b08c8, 0x00007fd5fe4b0a00, 0x00007fd654048000)
 Metaspace       used 23214K, capacity 23616K, committed 23808K, reserved 24576K
}
Event: 23.508 GC heap before
{Heap before GC invocations=12 (full 5):
 def new generation   total 3939392K, used 1K [0x00007fce68600000, 0x00007fcf73880000, 0x00007fd3bdb50000)
  eden space 3501696K,   0% used [0x00007fce68600000, 0x00007fce68600000, 0x00007fcf3e1a0000)
  from space 437696K,   0% used [0x00007fcf3e1a0000, 0x00007fcf3e1a0438, 0x00007fcf58d10000)
  to   space 437696K,   0% used [0x00007fcf58d10000, 0x00007fcf58d10000, 0x00007fcf73880000)
 tenured generation   total 10851296K, used 9446786K [0x00007fd3bdb50000, 0x00007fd654048000, 0x00007fde68600000)
   the space 10851296K,  87% used [0x00007fd3bdb50000, 0x00007fd5fe4b08c8, 0x00007fd5fe4b0a00, 0x00007fd654048000)
 Metaspace       used 23214K, capacity 23616K, committed 23808K, reserved 24576K
}
Event: 24.993 GC heap after
{Heap after GC invocations=12 (full 6):
 def new generation   total 3939392K, used 0K [0x00007fce68600000, 0x00007fcf73880000, 0x00007fd3bdb50000)
  eden space 3501696K,   0% used [0x00007fce68600000, 0x00007fce68600000, 0x00007fcf3e1a0000)
  from space 437696K,   0% used [0x00007fcf3e1a0000, 0x00007fcf3e1a0000, 0x00007fcf58d10000)
  to   space 437696K,   0% used [0x00007fcf58d10000, 0x00007fcf58d10000, 0x00007fcf73880000)
 tenured generation   total 8754140K, used 4203906K [0x00007fd3bdb50000, 0x00007fd5d4047000, 0x00007fde68600000)
   the space 8754140K,  48% used [0x00007fd3bdb50000, 0x00007fd4be4b0928, 0x00007fd4be4b0a00, 0x00007fd5d4047000)
 Metaspace       used 23214K, capacity 23616K, committed 23808K, reserved 24576K
}
Event: 41.381 GC heap before
{Heap before GC invocations=12 (full 6):
 def new generation   total 3939392K, used 2165361K [0x00007fce68600000, 0x00007fcf73880000, 0x00007fd3bdb50000)
  eden space 3501696K,  61% used [0x00007fce68600000, 0x00007fceec89c458, 0x00007fcf3e1a0000)
  from space 437696K,   0% used [0x00007fcf3e1a0000, 0x00007fcf3e1a0000, 0x00007fcf58d10000)
  to   space 437696K,   0% used [0x00007fcf58d10000, 0x00007fcf58d10000, 0x00007fcf73880000)
 tenured generation   total 17142752K, used 16786818K [0x00007fd3bdb50000, 0x00007fd7d4048000, 0x00007fde68600000)
   the space 17142752K,  97% used [0x00007fd3bdb50000, 0x00007fd7be4b0958, 0x00007fd7be4b0a00, 0x00007fd7d4048000)
 Metaspace       used 23214K, capacity 23616K, committed 23808K, reserved 24576K
}

