# JRE version: OpenJDK Runtime Environment (13.0.7+5) (build 13.0.7+5-Ubuntu-0ubuntu120.04)
# Java VM: OpenJDK 64-Bit Server VM (13.0.7+5-Ubuntu-0ubuntu120.04, mixed mode, tiered, serial gc, linux-amd64)
Heap:
 def new generation   total 1010880K, used 0K [0x00007f8a38600000, 0x00007f8a7ced0000, 0x00007f8f8db50000)
  eden space 898624K,   0% used [0x00007f8a38600000, 0x00007f8a38600000, 0x00007f8a6f390000)
  from space 112256K,   0% used [0x00007f8a6f390000, 0x00007f8a6f390000, 0x00007f8a76130000)
  to   space 112256K,   0% used [0x00007f8a76130000, 0x00007f8a76130000, 0x00007f8a7ced0000)
 tenured generation   total 2434416K, used 2154364K [0x00007f8f8db50000, 0x00007f90224ac000, 0x00007f9a38600000)
   the space 2434416K,  88% used [0x00007f8f8db50000, 0x00007f901132f2d0, 0x00007f901132f400, 0x00007f90224ac000)
 Metaspace       used 30280K, capacity 30739K, committed 30976K, reserved 32768K
GC Heap History (20 events):
Event: 56.044 GC heap after
{Heap after GC invocations=37 (full 2):
 def new generation   total 629248K, used 42209K [0x00007f8a38600000, 0x00007f8a630c0000, 0x00007f8f8db50000)
  eden space 559360K,   0% used [0x00007f8a38600000, 0x00007f8a38600000, 0x00007f8a5a840000)
  from space 69888K,  60% used [0x00007f8a5a840000, 0x00007f8a5d178538, 0x00007f8a5ec80000)
  to   space 69888K,   0% used [0x00007f8a5ec80000, 0x00007f8a5ec80000, 0x00007f8a630c0000)
 tenured generation   total 1433856K, used 1433786K [0x00007f8f8db50000, 0x00007f8fe5390000, 0x00007f9a38600000)
   the space 1433856K,  99% used [0x00007f8f8db50000, 0x00007f8fe537eaa0, 0x00007f8fe537ec00, 0x00007f8fe5390000)
 Metaspace       used 30280K, capacity 30739K, committed 30976K, reserved 32768K
}
Event: 56.044 GC heap before
{Heap before GC invocations=37 (full 2):
 def new generation   total 629248K, used 42209K [0x00007f8a38600000, 0x00007f8a630c0000, 0x00007f8f8db50000)
  eden space 559360K,   0% used [0x00007f8a38600000, 0x00007f8a38600000, 0x00007f8a5a840000)
  from space 69888K,  60% used [0x00007f8a5a840000, 0x00007f8a5d178538, 0x00007f8a5ec80000)
  to   space 69888K,   0% used [0x00007f8a5ec80000, 0x00007f8a5ec80000, 0x00007f8a630c0000)
 tenured generation   total 1433856K, used 1433786K [0x00007f8f8db50000, 0x00007f8fe5390000, 0x00007f9a38600000)
   the space 1433856K,  99% used [0x00007f8f8db50000, 0x00007f8fe537eaa0, 0x00007f8fe537ec00, 0x00007f8fe5390000)
 Metaspace       used 30280K, capacity 30739K, committed 30976K, reserved 32768K
}
Event: 60.989 GC heap after
{Heap after GC invocations=37 (full 3):
 def new generation   total 1010880K, used 0K [0x00007f8a38600000, 0x00007f8a7ced0000, 0x00007f8f8db50000)
  eden space 898624K,   0% used [0x00007f8a38600000, 0x00007f8a38600000, 0x00007f8a6f390000)
  from space 112256K,   0% used [0x00007f8a6f390000, 0x00007f8a6f390000, 0x00007f8a76130000)
  to   space 112256K,   0% used [0x00007f8a76130000, 0x00007f8a76130000, 0x00007f8a7ced0000)
 tenured generation   total 2246256K, used 1347751K [0x00007f8f8db50000, 0x00007f9016cec000, 0x00007f9a38600000)
   the space 2246256K,  59% used [0x00007f8f8db50000, 0x00007f8fdff79d18, 0x00007f8fdff79e00, 0x00007f9016cec000)
 Metaspace       used 30280K, capacity 30739K, committed 30976K, reserved 32768K
}
Event: 61.464 GC heap before
{Heap before GC invocations=37 (full 3):
 def new generation   total 1010880K, used 898624K [0x00007f8a38600000, 0x00007f8a7ced0000, 0x00007f8f8db50000)
  eden space 898624K, 100% used [0x00007f8a38600000, 0x00007f8a6f390000, 0x00007f8a6f390000)
  from space 112256K,   0% used [0x00007f8a6f390000, 0x00007f8a6f390000, 0x00007f8a76130000)
  to   space 112256K,   0% used [0x00007f8a76130000, 0x00007f8a76130000, 0x00007f8a7ced0000)
 tenured generation   total 2246256K, used 1347751K [0x00007f8f8db50000, 0x00007f9016cec000, 0x00007f9a38600000)
   the space 2246256K,  59% used [0x00007f8f8db50000, 0x00007f8fdff79d18, 0x00007f8fdff79e00, 0x00007f9016cec000)
 Metaspace       used 30280K, capacity 30739K, committed 30976K, reserved 32768K
}
Event: 61.728 GC heap after
{Heap after GC invocations=38 (full 3):
 def new generation   total 1010880K, used 66289K [0x00007f8a38600000, 0x00007f8a7ced0000, 0x00007f8f8db50000)
  eden space 898624K,   0% used [0x00007f8a38600000, 0x00007f8a38600000, 0x00007f8a6f390000)
  from space 112256K,  59% used [0x00007f8a76130000, 0x00007f8a7a1ec5f0, 0x00007f8a7ced0000)
  to   space 112256K,   0% used [0x00007f8a6f390000, 0x00007f8a6f390000, 0x00007f8a76130000)
 tenured generation   total 2246256K, used 1347751K [0x00007f8f8db50000, 0x00007f9016cec000, 0x00007f9a38600000)
   the space 2246256K,  59% used [0x00007f8f8db50000, 0x00007f8fdff79d18, 0x00007f8fdff79e00, 0x00007f9016cec000)
 Metaspace       used 30280K, capacity 30739K, committed 30976K, reserved 32768K
}
Event: 62.122 GC heap before
{Heap before GC invocations=38 (full 3):
 def new generation   total 1010880K, used 964913K [0x00007f8a38600000, 0x00007f8a7ced0000, 0x00007f8f8db50000)
  eden space 898624K, 100% used [0x00007f8a38600000, 0x00007f8a6f390000, 0x00007f8a6f390000)
  from space 112256K,  59% used [0x00007f8a76130000, 0x00007f8a7a1ec5f0, 0x00007f8a7ced0000)
  to   space 112256K,   0% used [0x00007f8a6f390000, 0x00007f8a6f390000, 0x00007f8a76130000)
 tenured generation   total 2246256K, used 1347751K [0x00007f8f8db50000, 0x00007f9016cec000, 0x00007f9a38600000)
   the space 2246256K,  59% used [0x00007f8f8db50000, 0x00007f8fdff79d18, 0x00007f8fdff79e00, 0x00007f9016cec000)
 Metaspace       used 30280K, capacity 30739K, committed 30976K, reserved 32768K
}
Event: 62.479 GC heap after
{Heap after GC invocations=39 (full 3):
 def new generation   total 1010880K, used 67708K [0x00007f8a38600000, 0x00007f8a7ced0000, 0x00007f8f8db50000)
  eden space 898624K,   0% used [0x00007f8a38600000, 0x00007f8a38600000, 0x00007f8a6f390000)
  from space 112256K,  60% used [0x00007f8a6f390000, 0x00007f8a735af1c8, 0x00007f8a76130000)
  to   space 112256K,   0% used [0x00007f8a76130000, 0x00007f8a76130000, 0x00007f8a7ced0000)
 tenured generation   total 2246256K, used 1414040K [0x00007f8f8db50000, 0x00007f9016cec000, 0x00007f9a38600000)
   the space 2246256K,  62% used [0x00007f8f8db50000, 0x00007f8fe40361d8, 0x00007f8fe4036200, 0x00007f9016cec000)
 Metaspace       used 30280K, capacity 30739K, committed 30976K, reserved 32768K
}
Event: 62.888 GC heap before
{Heap before GC invocations=39 (full 3):
 def new generation   total 1010880K, used 966332K [0x00007f8a38600000, 0x00007f8a7ced0000, 0x00007f8f8db50000)
  eden space 898624K, 100% used [0x00007f8a38600000, 0x00007f8a6f390000, 0x00007f8a6f390000)
  from space 112256K,  60% used [0x00007f8a6f390000, 0x00007f8a735af1c8, 0x00007f8a76130000)
  to   space 112256K,   0% used [0x00007f8a76130000, 0x00007f8a76130000, 0x00007f8a7ced0000)
 tenured generation   total 2246256K, used 1414040K [0x00007f8f8db50000, 0x00007f9016cec000, 0x00007f9a38600000)
   the space 2246256K,  62% used [0x00007f8f8db50000, 0x00007f8fe40361d8, 0x00007f8fe4036200, 0x00007f9016cec000)
 Metaspace       used 30280K, capacity 30739K, committed 30976K, reserved 32768K
}
Event: 63.286 GC heap after
{Heap after GC invocations=40 (full 3):
 def new generation   total 1010880K, used 71384K [0x00007f8a38600000, 0x00007f8a7ced0000, 0x00007f8f8db50000)
  eden space 898624K,   0% used [0x00007f8a38600000, 0x00007f8a38600000, 0x00007f8a6f390000)
  from space 112256K,  63% used [0x00007f8a76130000, 0x00007f8a7a6e6090, 0x00007f8a7ced0000)
  to   space 112256K,   0% used [0x00007f8a6f390000, 0x00007f8a6f390000, 0x00007f8a76130000)
 tenured generation   total 2246256K, used 1481748K [0x00007f8f8db50000, 0x00007f9016cec000, 0x00007f9a38600000)
   the space 2246256K,  65% used [0x00007f8f8db50000, 0x00007f8fe82551e0, 0x00007f8fe8255200, 0x00007f9016cec000)
 Metaspace       used 30280K, capacity 30739K, committed 30976K, reserved 32768K
}
Event: 63.660 GC heap before
{Heap before GC invocations=40 (full 3):
 def new generation   total 1010880K, used 970008K [0x00007f8a38600000, 0x00007f8a7ced0000, 0x00007f8f8db50000)
  eden space 898624K, 100% used [0x00007f8a38600000, 0x00007f8a6f390000, 0x00007f8a6f390000)
  from space 112256K,  63% used [0x00007f8a76130000, 0x00007f8a7a6e6090, 0x00007f8a7ced0000)
  to   space 112256K,   0% used [0x00007f8a6f390000, 0x00007f8a6f390000, 0x00007f8a76130000)
 tenured generation   total 2246256K, used 1481748K [0x00007f8f8db50000, 0x00007f9016cec000, 0x00007f9a38600000)
   the space 2246256K,  65% used [0x00007f8f8db50000, 0x00007f8fe82551e0, 0x00007f8fe8255200, 0x00007f9016cec000)
 Metaspace       used 30280K, capacity 30739K, committed 30976K, reserved 32768K
}
Event: 64.042 GC heap after
{Heap after GC invocations=41 (full 3):
 def new generation   total 1010880K, used 66763K [0x00007f8a38600000, 0x00007f8a7ced0000, 0x00007f8f8db50000)
  eden space 898624K,   0% used [0x00007f8a38600000, 0x00007f8a38600000, 0x00007f8a6f390000)
  from space 112256K,  59% used [0x00007f8a6f390000, 0x00007f8a734c2d18, 0x00007f8a76130000)
  to   space 112256K,   0% used [0x00007f8a76130000, 0x00007f8a76130000, 0x00007f8a7ced0000)
 tenured generation   total 2246256K, used 1553132K [0x00007f8f8db50000, 0x00007f9016cec000, 0x00007f9a38600000)
   the space 2246256K,  69% used [0x00007f8f8db50000, 0x00007f8fec80b170, 0x00007f8fec80b200, 0x00007f9016cec000)
 Metaspace       used 30280K, capacity 30739K, committed 30976K, reserved 32768K
}
Event: 64.876 GC heap before
{Heap before GC invocations=41 (full 3):
 def new generation   total 1010880K, used 965387K [0x00007f8a38600000, 0x00007f8a7ced0000, 0x00007f8f8db50000)
  eden space 898624K, 100% used [0x00007f8a38600000, 0x00007f8a6f390000, 0x00007f8a6f390000)
  from space 112256K,  59% used [0x00007f8a6f390000, 0x00007f8a734c2d18, 0x00007f8a76130000)
  to   space 112256K,   0% used [0x00007f8a76130000, 0x00007f8a76130000, 0x00007f8a7ced0000)
 tenured generation   total 2246256K, used 1553132K [0x00007f8f8db50000, 0x00007f9016cec000, 0x00007f9a38600000)
   the space 2246256K,  69% used [0x00007f8f8db50000, 0x00007f8fec80b170, 0x00007f8fec80b200, 0x00007f9016cec000)
 Metaspace       used 30280K, capacity 30739K, committed 30976K, reserved 32768K
}
Event: 66.431 GC heap after
{Heap after GC invocations=42 (full 3):
 def new generation   total 1010880K, used 101467K [0x00007f8a38600000, 0x00007f8a7ced0000, 0x00007f8f8db50000)
  eden space 898624K,   0% used [0x00007f8a38600000, 0x00007f8a38600000, 0x00007f8a6f390000)
  from space 112256K,  90% used [0x00007f8a76130000, 0x00007f8a7c446e00, 0x00007f8a7ced0000)
  to   space 112256K,   0% used [0x00007f8a6f390000, 0x00007f8a6f390000, 0x00007f8a76130000)
 tenured generation   total 2246256K, used 1619895K [0x00007f8f8db50000, 0x00007f9016cec000, 0x00007f9a38600000)
   the space 2246256K,  72% used [0x00007f8f8db50000, 0x00007f8ff093de48, 0x00007f8ff093e000, 0x00007f9016cec000)
 Metaspace       used 30280K, capacity 30739K, committed 30976K, reserved 32768K
}
Event: 89.330 GC heap before
{Heap before GC invocations=42 (full 3):
 def new generation   total 1010880K, used 1000091K [0x00007f8a38600000, 0x00007f8a7ced0000, 0x00007f8f8db50000)
  eden space 898624K, 100% used [0x00007f8a38600000, 0x00007f8a6f390000, 0x00007f8a6f390000)
  from space 112256K,  90% used [0x00007f8a76130000, 0x00007f8a7c446e00, 0x00007f8a7ced0000)
  to   space 112256K,   0% used [0x00007f8a6f390000, 0x00007f8a6f390000, 0x00007f8a76130000)
 tenured generation   total 2246256K, used 1619895K [0x00007f8f8db50000, 0x00007f9016cec000, 0x00007f9a38600000)
   the space 2246256K,  72% used [0x00007f8f8db50000, 0x00007f8ff093de48, 0x00007f8ff093e000, 0x00007f9016cec000)
 Metaspace       used 30280K, capacity 30739K, committed 30976K, reserved 32768K
}
Event: 91.320 GC heap after
{Heap after GC invocations=43 (full 3):
 def new generation   total 1010880K, used 112256K [0x00007f8a38600000, 0x00007f8a7ced0000, 0x00007f8f8db50000)
  eden space 898624K,   0% used [0x00007f8a38600000, 0x00007f8a38600000, 0x00007f8a6f390000)
  from space 112256K, 100% used [0x00007f8a6f390000, 0x00007f8a76130000, 0x00007f8a76130000)
  to   space 112256K,   0% used [0x00007f8a76130000, 0x00007f8a76130000, 0x00007f8a7ced0000)
 tenured generation   total 2246256K, used 2055909K [0x00007f8f8db50000, 0x00007f9016cec000, 0x00007f9a38600000)
   the space 2246256K,  91% used [0x00007f8f8db50000, 0x00007f900b3096f0, 0x00007f900b309800, 0x00007f9016cec000)
 Metaspace       used 30280K, capacity 30739K, committed 30976K, reserved 32768K
}
Event: 125.172 GC heap before
{Heap before GC invocations=43 (full 3):
 def new generation   total 1010880K, used 1010880K [0x00007f8a38600000, 0x00007f8a7ced0000, 0x00007f8f8db50000)
  eden space 898624K, 100% used [0x00007f8a38600000, 0x00007f8a6f390000, 0x00007f8a6f390000)
  from space 112256K, 100% used [0x00007f8a6f390000, 0x00007f8a76130000, 0x00007f8a76130000)
  to   space 112256K,   0% used [0x00007f8a76130000, 0x00007f8a76130000, 0x00007f8a7ced0000)
 tenured generation   total 2246256K, used 2055909K [0x00007f8f8db50000, 0x00007f9016cec000, 0x00007f9a38600000)
   the space 2246256K,  91% used [0x00007f8f8db50000, 0x00007f900b3096f0, 0x00007f900b309800, 0x00007f9016cec000)
 Metaspace       used 30280K, capacity 30739K, committed 30976K, reserved 32768K
}
Event: 126.418 GC heap after
{Heap after GC invocations=44 (full 3):
 def new generation   total 1010880K, used 112255K [0x00007f8a38600000, 0x00007f8a7ced0000, 0x00007f8f8db50000)
  eden space 898624K,   0% used [0x00007f8a38600000, 0x00007f8a38600000, 0x00007f8a6f390000)
  from space 112256K,  99% used [0x00007f8a76130000, 0x00007f8a7cecfff0, 0x00007f8a7ced0000)
  to   space 112256K,   0% used [0x00007f8a6f390000, 0x00007f8a6f390000, 0x00007f8a76130000)
 tenured generation   total 2246256K, used 2245087K [0x00007f8f8db50000, 0x00007f9016cec000, 0x00007f9a38600000)
   the space 2246256K,  99% used [0x00007f8f8db50000, 0x00007f9016bc7e20, 0x00007f9016bc8000, 0x00007f9016cec000)
 Metaspace       used 30280K, capacity 30739K, committed 30976K, reserved 32768K
}
Event: 154.203 GC heap before
{Heap before GC invocations=44 (full 3):
 def new generation   total 1010880K, used 1010879K [0x00007f8a38600000, 0x00007f8a7ced0000, 0x00007f8f8db50000)
  eden space 898624K, 100% used [0x00007f8a38600000, 0x00007f8a6f390000, 0x00007f8a6f390000)
  from space 112256K,  99% used [0x00007f8a76130000, 0x00007f8a7cecfff0, 0x00007f8a7ced0000)
  to   space 112256K,   0% used [0x00007f8a6f390000, 0x00007f8a6f390000, 0x00007f8a76130000)
 tenured generation   total 2246256K, used 2245087K [0x00007f8f8db50000, 0x00007f9016cec000, 0x00007f9a38600000)
   the space 2246256K,  99% used [0x00007f8f8db50000, 0x00007f9016bc7e20, 0x00007f9016bc8000, 0x00007f9016cec000)
 Metaspace       used 30280K, capacity 30739K, committed 30976K, reserved 32768K
}
Event: 154.758 GC heap after
{Heap after GC invocations=45 (full 3):
 def new generation   total 1010880K, used 112255K [0x00007f8a38600000, 0x00007f8a7ced0000, 0x00007f8f8db50000)
  eden space 898624K,   0% used [0x00007f8a38600000, 0x00007f8a38600000, 0x00007f8a6f390000)
  from space 112256K,  99% used [0x00007f8a6f390000, 0x00007f8a7612fff0, 0x00007f8a76130000)
  to   space 112256K,   0% used [0x00007f8a76130000, 0x00007f8a76130000, 0x00007f8a7ced0000)
 tenured generation   total 2434416K, used 2434265K [0x00007f8f8db50000, 0x00007f90224ac000, 0x00007f9a38600000)
   the space 2434416K,  99% used [0x00007f8f8db50000, 0x00007f9022486600, 0x00007f9022486600, 0x00007f90224ac000)
 Metaspace       used 30280K, capacity 30739K, committed 30976K, reserved 32768K
}
Event: 154.758 GC heap before
{Heap before GC invocations=45 (full 3):
 def new generation   total 1010880K, used 112255K [0x00007f8a38600000, 0x00007f8a7ced0000, 0x00007f8f8db50000)
  eden space 898624K,   0% used [0x00007f8a38600000, 0x00007f8a38600000, 0x00007f8a6f390000)
  from space 112256K,  99% used [0x00007f8a6f390000, 0x00007f8a7612fff0, 0x00007f8a76130000)
  to   space 112256K,   0% used [0x00007f8a76130000, 0x00007f8a76130000, 0x00007f8a7ced0000)
 tenured generation   total 2434416K, used 2434265K [0x00007f8f8db50000, 0x00007f90224ac000, 0x00007f9a38600000)
   the space 2434416K,  99% used [0x00007f8f8db50000, 0x00007f9022486600, 0x00007f9022486600, 0x00007f90224ac000)
 Metaspace       used 30280K, capacity 30739K, committed 30976K, reserved 32768K
}

