# JRE version: OpenJDK Runtime Environment (13.0.7+5) (build 13.0.7+5-Ubuntu-0ubuntu120.04)
# Java VM: OpenJDK 64-Bit Server VM (13.0.7+5-Ubuntu-0ubuntu120.04, mixed mode, tiered, serial gc, linux-amd64)
Heap:
 def new generation   total 1138816K, used 0K [0x00007f9d0c600000, 0x00007f9d599b0000, 0x00007fa261b50000)
  eden space 1012288K,   0% used [0x00007f9d0c600000, 0x00007f9d0c600000, 0x00007f9d4a290000)
  from space 126528K,   0% used [0x00007f9d4a290000, 0x00007f9d4a290000, 0x00007f9d51e20000)
  to   space 126528K,   0% used [0x00007f9d51e20000, 0x00007f9d51e20000, 0x00007f9d599b0000)
 tenured generation   total 2530612K, used 10841K [0x00007fa261b50000, 0x00007fa2fc29d000, 0x00007fad0c600000)
   the space 2530612K,   0% used [0x00007fa261b50000, 0x00007fa2625e66f0, 0x00007fa2625e6800, 0x00007fa2fc29d000)
 Metaspace       used 23279K, capacity 23619K, committed 23808K, reserved 24576K
GC Heap History (20 events):
Event: 18.092 GC heap before
{Heap before GC invocations=9 (full 4):
 def new generation   total 1572992K, used 1398272K [0x00007f9d0c600000, 0x00007f9d770c0000, 0x00007fa261b50000)
  eden space 1398272K, 100% used [0x00007f9d0c600000, 0x00007f9d61b80000, 0x00007f9d61b80000)
  from space 174720K,   0% used [0x00007f9d61b80000, 0x00007f9d61b80000, 0x00007f9d6c620000)
  to   space 174720K,   0% used [0x00007f9d6c620000, 0x00007f9d6c620000, 0x00007f9d770c0000)
 tenured generation   total 3495300K, used 1319932K [0x00007fa261b50000, 0x00007fa3370b1000, 0x00007fad0c600000)
   the space 3495300K,  37% used [0x00007fa261b50000, 0x00007fa2b244f388, 0x00007fa2b244f400, 0x00007fa3370b1000)
 Metaspace       used 23233K, capacity 23603K, committed 23808K, reserved 24576K
}
Event: 18.362 GC heap after
{Heap after GC invocations=10 (full 4):
 def new generation   total 1572992K, used 480K [0x00007f9d0c600000, 0x00007f9d770c0000, 0x00007fa261b50000)
  eden space 1398272K,   0% used [0x00007f9d0c600000, 0x00007f9d0c600000, 0x00007f9d61b80000)
  from space 174720K,   0% used [0x00007f9d6c620000, 0x00007f9d6c698040, 0x00007f9d770c0000)
  to   space 174720K,   0% used [0x00007f9d61b80000, 0x00007f9d61b80000, 0x00007f9d6c620000)
 tenured generation   total 3495300K, used 1844220K [0x00007fa261b50000, 0x00007fa3370b1000, 0x00007fad0c600000)
   the space 3495300K,  52% used [0x00007fa261b50000, 0x00007fa2d244f3a0, 0x00007fa2d244f400, 0x00007fa3370b1000)
 Metaspace       used 23233K, capacity 23603K, committed 23808K, reserved 24576K
}
Event: 20.113 GC heap before
{Heap before GC invocations=10 (full 4):
 def new generation   total 1572992K, used 1080555K [0x00007f9d0c600000, 0x00007f9d770c0000, 0x00007fa261b50000)
  eden space 1398272K,  77% used [0x00007f9d0c600000, 0x00007f9d4e4c2f10, 0x00007f9d61b80000)
  from space 174720K,   0% used [0x00007f9d6c620000, 0x00007f9d6c698040, 0x00007f9d770c0000)
  to   space 174720K,   0% used [0x00007f9d61b80000, 0x00007f9d61b80000, 0x00007f9d6c620000)
 tenured generation   total 3495300K, used 1844220K [0x00007fa261b50000, 0x00007fa3370b1000, 0x00007fad0c600000)
   the space 3495300K,  52% used [0x00007fa261b50000, 0x00007fa2d244f3a0, 0x00007fa2d244f400, 0x00007fa3370b1000)
 Metaspace       used 23260K, capacity 23619K, committed 23808K, reserved 24576K
}
Event: 20.842 GC heap after
{Heap after GC invocations=11 (full 4):
 def new generation   total 1572992K, used 9021K [0x00007f9d0c600000, 0x00007f9d770c0000, 0x00007fa261b50000)
  eden space 1398272K,   0% used [0x00007f9d0c600000, 0x00007f9d0c600000, 0x00007f9d61b80000)
  from space 174720K,   5% used [0x00007f9d61b80000, 0x00007f9d6244f708, 0x00007f9d6c620000)
  to   space 174720K,   0% used [0x00007f9d6c620000, 0x00007f9d6c620000, 0x00007f9d770c0000)
 tenured generation   total 3495300K, used 1844220K [0x00007fa261b50000, 0x00007fa3370b1000, 0x00007fad0c600000)
   the space 3495300K,  52% used [0x00007fa261b50000, 0x00007fa2d244f3a0, 0x00007fa2d244f400, 0x00007fa3370b1000)
 Metaspace       used 23260K, capacity 23619K, committed 23808K, reserved 24576K
}
Event: 21.258 GC heap before
{Heap before GC invocations=11 (full 4):
 def new generation   total 1572992K, used 1085096K [0x00007f9d0c600000, 0x00007f9d770c0000, 0x00007fa261b50000)
  eden space 1398272K,  76% used [0x00007f9d0c600000, 0x00007f9d4e0dabd8, 0x00007f9d61b80000)
  from space 174720K,   5% used [0x00007f9d61b80000, 0x00007f9d6244f708, 0x00007f9d6c620000)
  to   space 174720K,   0% used [0x00007f9d6c620000, 0x00007f9d6c620000, 0x00007f9d770c0000)
 tenured generation   total 3495300K, used 1844220K [0x00007fa261b50000, 0x00007fa3370b1000, 0x00007fad0c600000)
   the space 3495300K,  52% used [0x00007fa261b50000, 0x00007fa2d244f3a0, 0x00007fa2d244f400, 0x00007fa3370b1000)
 Metaspace       used 23261K, capacity 23619K, committed 23808K, reserved 24576K
}
Event: 23.360 GC heap after
{Heap after GC invocations=12 (full 4):
 def new generation   total 1572992K, used 820K [0x00007f9d0c600000, 0x00007f9d770c0000, 0x00007fa261b50000)
  eden space 1398272K,   0% used [0x00007f9d0c600000, 0x00007f9d0c600000, 0x00007f9d61b80000)
  from space 174720K,   0% used [0x00007f9d6c620000, 0x00007f9d6c6ed3e8, 0x00007f9d770c0000)
  to   space 174720K,   0% used [0x00007f9d61b80000, 0x00007f9d61b80000, 0x00007f9d6c620000)
 tenured generation   total 3495300K, used 2892796K [0x00007fa261b50000, 0x00007fa3370b1000, 0x00007fad0c600000)
   the space 3495300K,  82% used [0x00007fa261b50000, 0x00007fa31244f3d0, 0x00007fa31244f400, 0x00007fa3370b1000)
 Metaspace       used 23261K, capacity 23619K, committed 23808K, reserved 24576K
}
Event: 25.050 GC heap before
{Heap before GC invocations=12 (full 4):
 def new generation   total 1572992K, used 1394966K [0x00007f9d0c600000, 0x00007f9d770c0000, 0x00007fa261b50000)
  eden space 1398272K,  99% used [0x00007f9d0c600000, 0x00007f9d61778448, 0x00007f9d61b80000)
  from space 174720K,   0% used [0x00007f9d6c620000, 0x00007f9d6c6ed3e8, 0x00007f9d770c0000)
  to   space 174720K,   0% used [0x00007f9d61b80000, 0x00007f9d61b80000, 0x00007f9d6c620000)
 tenured generation   total 3495300K, used 2892796K [0x00007fa261b50000, 0x00007fa3370b1000, 0x00007fad0c600000)
   the space 3495300K,  82% used [0x00007fa261b50000, 0x00007fa31244f3d0, 0x00007fa31244f400, 0x00007fa3370b1000)
 Metaspace       used 23264K, capacity 23619K, committed 23808K, reserved 24576K
}
Event: 25.964 GC heap after
{Heap after GC invocations=13 (full 4):
 def new generation   total 1572992K, used 3054K [0x00007f9d0c600000, 0x00007f9d770c0000, 0x00007fa261b50000)
  eden space 1398272K,   0% used [0x00007f9d0c600000, 0x00007f9d0c600000, 0x00007f9d61b80000)
  from space 174720K,   1% used [0x00007f9d61b80000, 0x00007f9d61e7b950, 0x00007f9d6c620000)
  to   space 174720K,   0% used [0x00007f9d6c620000, 0x00007f9d6c620000, 0x00007f9d770c0000)
 tenured generation   total 3495300K, used 2892796K [0x00007fa261b50000, 0x00007fa3370b1000, 0x00007fad0c600000)
   the space 3495300K,  82% used [0x00007fa261b50000, 0x00007fa31244f3d0, 0x00007fa31244f400, 0x00007fa3370b1000)
 Metaspace       used 23264K, capacity 23619K, committed 23808K, reserved 24576K
}
Event: 26.864 GC heap before
{Heap before GC invocations=13 (full 4):
 def new generation   total 1572992K, used 1079185K [0x00007f9d0c600000, 0x00007f9d770c0000, 0x00007fa261b50000)
  eden space 1398272K,  76% used [0x00007f9d0c600000, 0x00007f9d4e0e8bd0, 0x00007f9d61b80000)
  from space 174720K,   1% used [0x00007f9d61b80000, 0x00007f9d61e7b950, 0x00007f9d6c620000)
  to   space 174720K,   0% used [0x00007f9d6c620000, 0x00007f9d6c620000, 0x00007f9d770c0000)
 tenured generation   total 3495300K, used 2892796K [0x00007fa261b50000, 0x00007fa3370b1000, 0x00007fad0c600000)
   the space 3495300K,  82% used [0x00007fa261b50000, 0x00007fa31244f3d0, 0x00007fa31244f400, 0x00007fa3370b1000)
 Metaspace       used 23264K, capacity 23619K, committed 23808K, reserved 24576K
}
Event: 26.870 GC heap after
{Heap after GC invocations=14 (full 4):
 def new generation   total 1572992K, used 860K [0x00007f9d0c600000, 0x00007f9d770c0000, 0x00007fa261b50000)
  eden space 1398272K,   0% used [0x00007f9d0c600000, 0x00007f9d0c600000, 0x00007f9d61b80000)
  from space 174720K,   0% used [0x00007f9d6c620000, 0x00007f9d6c6f71a8, 0x00007f9d770c0000)
  to   space 174720K,   0% used [0x00007f9d61b80000, 0x00007f9d61b80000, 0x00007f9d6c620000)
 tenured generation   total 3495300K, used 2892796K [0x00007fa261b50000, 0x00007fa3370b1000, 0x00007fad0c600000)
   the space 3495300K,  82% used [0x00007fa261b50000, 0x00007fa31244f3d0, 0x00007fa31244f400, 0x00007fa3370b1000)
 Metaspace       used 23264K, capacity 23619K, committed 23808K, reserved 24576K
}
Event: 26.870 GC heap before
{Heap before GC invocations=14 (full 4):
 def new generation   total 1572992K, used 860K [0x00007f9d0c600000, 0x00007f9d770c0000, 0x00007fa261b50000)
  eden space 1398272K,   0% used [0x00007f9d0c600000, 0x00007f9d0c600000, 0x00007f9d61b80000)
  from space 174720K,   0% used [0x00007f9d6c620000, 0x00007f9d6c6f71a8, 0x00007f9d770c0000)
  to   space 174720K,   0% used [0x00007f9d61b80000, 0x00007f9d61b80000, 0x00007f9d6c620000)
 tenured generation   total 3495300K, used 2892796K [0x00007fa261b50000, 0x00007fa3370b1000, 0x00007fad0c600000)
   the space 3495300K,  82% used [0x00007fa261b50000, 0x00007fa31244f3d0, 0x00007fa31244f400, 0x00007fa3370b1000)
 Metaspace       used 23264K, capacity 23619K, committed 23808K, reserved 24576K
}
Event: 27.059 GC heap after
{Heap after GC invocations=14 (full 5):
 def new generation   total 1478592K, used 0K [0x00007f9d0c600000, 0x00007f9d70a50000, 0x00007fa261b50000)
  eden space 1314368K,   0% used [0x00007f9d0c600000, 0x00007f9d0c600000, 0x00007f9d5c990000)
  from space 164224K,   0% used [0x00007f9d5c990000, 0x00007f9d5c990000, 0x00007f9d669f0000)
  to   space 164224K,   0% used [0x00007f9d669f0000, 0x00007f9d669f0000, 0x00007f9d70a50000)
 tenured generation   total 3285588K, used 10039K [0x00007fa261b50000, 0x00007fa32a3e5000, 0x00007fad0c600000)
   the space 3285588K,   0% used [0x00007fa261b50000, 0x00007fa26251dd78, 0x00007fa26251de00, 0x00007fa32a3e5000)
 Metaspace       used 23264K, capacity 23619K, committed 23808K, reserved 24576K
}
Event: 30.125 GC heap before
{Heap before GC invocations=14 (full 5):
 def new generation   total 1478592K, used 998277K [0x00007f9d0c600000, 0x00007f9d70a50000, 0x00007fa261b50000)
  eden space 1314368K,  75% used [0x00007f9d0c600000, 0x00007f9d494e1418, 0x00007f9d5c990000)
  from space 164224K,   0% used [0x00007f9d5c990000, 0x00007f9d5c990000, 0x00007f9d669f0000)
  to   space 164224K,   0% used [0x00007f9d669f0000, 0x00007f9d669f0000, 0x00007f9d70a50000)
 tenured generation   total 3285588K, used 2107191K [0x00007fa261b50000, 0x00007fa32a3e5000, 0x00007fad0c600000)
   the space 3285588K,  64% used [0x00007fa261b50000, 0x00007fa2e251dd90, 0x00007fa2e251de00, 0x00007fa32a3e5000)
 Metaspace       used 23277K, capacity 23619K, committed 23808K, reserved 24576K
}
Event: 30.158 GC heap after
{Heap after GC invocations=15 (full 5):
 def new generation   total 1478592K, used 33572K [0x00007f9d0c600000, 0x00007f9d70a50000, 0x00007fa261b50000)
  eden space 1314368K,   0% used [0x00007f9d0c600000, 0x00007f9d0c600000, 0x00007f9d5c990000)
  from space 164224K,  20% used [0x00007f9d669f0000, 0x00007f9d68ab9200, 0x00007f9d70a50000)
  to   space 164224K,   0% used [0x00007f9d5c990000, 0x00007f9d5c990000, 0x00007f9d669f0000)
 tenured generation   total 3285588K, used 2107191K [0x00007fa261b50000, 0x00007fa32a3e5000, 0x00007fad0c600000)
   the space 3285588K,  64% used [0x00007fa261b50000, 0x00007fa2e251dd90, 0x00007fa2e251de00, 0x00007fa32a3e5000)
 Metaspace       used 23277K, capacity 23619K, committed 23808K, reserved 24576K
}
Event: 31.053 GC heap before
{Heap before GC invocations=15 (full 5):
 def new generation   total 1478592K, used 1108155K [0x00007f9d0c600000, 0x00007f9d70a50000, 0x00007fa261b50000)
  eden space 1314368K,  81% used [0x00007f9d0c600000, 0x00007f9d4df65d40, 0x00007f9d5c990000)
  from space 164224K,  20% used [0x00007f9d669f0000, 0x00007f9d68ab9200, 0x00007f9d70a50000)
  to   space 164224K,   0% used [0x00007f9d5c990000, 0x00007f9d5c990000, 0x00007f9d669f0000)
 tenured generation   total 3285588K, used 2107191K [0x00007fa261b50000, 0x00007fa32a3e5000, 0x00007fad0c600000)
   the space 3285588K,  64% used [0x00007fa261b50000, 0x00007fa2e251dd90, 0x00007fa2e251de00, 0x00007fa32a3e5000)
 Metaspace       used 23277K, capacity 23619K, committed 23808K, reserved 24576K
}
Event: 31.697 GC heap after
{Heap after GC invocations=16 (full 5):
 def new generation   total 1478592K, used 835K [0x00007f9d0c600000, 0x00007f9d70a50000, 0x00007fa261b50000)
  eden space 1314368K,   0% used [0x00007f9d0c600000, 0x00007f9d0c600000, 0x00007f9d5c990000)
  from space 164224K,   0% used [0x00007f9d5c990000, 0x00007f9d5ca60c40, 0x00007f9d669f0000)
  to   space 164224K,   0% used [0x00007f9d669f0000, 0x00007f9d669f0000, 0x00007f9d70a50000)
 tenured generation   total 3285588K, used 3155767K [0x00007fa261b50000, 0x00007fa32a3e5000, 0x00007fad0c600000)
   the space 3285588K,  96% used [0x00007fa261b50000, 0x00007fa32251dda8, 0x00007fa32251de00, 0x00007fa32a3e5000)
 Metaspace       used 23277K, capacity 23619K, committed 23808K, reserved 24576K
}
Event: 32.891 GC heap before
{Heap before GC invocations=16 (full 5):
 def new generation   total 1478592K, used 1075308K [0x00007f9d0c600000, 0x00007f9d70a50000, 0x00007fa261b50000)
  eden space 1314368K,  81% used [0x00007f9d0c600000, 0x00007f9d4df4a538, 0x00007f9d5c990000)
  from space 164224K,   0% used [0x00007f9d5c990000, 0x00007f9d5ca60c40, 0x00007f9d669f0000)
  to   space 164224K,   0% used [0x00007f9d669f0000, 0x00007f9d669f0000, 0x00007f9d70a50000)
 tenured generation   total 3285588K, used 3155767K [0x00007fa261b50000, 0x00007fa32a3e5000, 0x00007fad0c600000)
   the space 3285588K,  96% used [0x00007fa261b50000, 0x00007fa32251dda8, 0x00007fa32251de00, 0x00007fa32a3e5000)
 Metaspace       used 23279K, capacity 23619K, committed 23808K, reserved 24576K
}
Event: 32.895 GC heap after
{Heap after GC invocations=17 (full 5):
 def new generation   total 1478592K, used 802K [0x00007f9d0c600000, 0x00007f9d70a50000, 0x00007fa261b50000)
  eden space 1314368K,   0% used [0x00007f9d0c600000, 0x00007f9d0c600000, 0x00007f9d5c990000)
  from space 164224K,   0% used [0x00007f9d669f0000, 0x00007f9d66ab8978, 0x00007f9d70a50000)
  to   space 164224K,   0% used [0x00007f9d5c990000, 0x00007f9d5c990000, 0x00007f9d669f0000)
 tenured generation   total 3285588K, used 3155767K [0x00007fa261b50000, 0x00007fa32a3e5000, 0x00007fad0c600000)
   the space 3285588K,  96% used [0x00007fa261b50000, 0x00007fa32251dda8, 0x00007fa32251de00, 0x00007fa32a3e5000)
 Metaspace       used 23279K, capacity 23619K, committed 23808K, reserved 24576K
}
Event: 32.895 GC heap before
{Heap before GC invocations=17 (full 5):
 def new generation   total 1478592K, used 802K [0x00007f9d0c600000, 0x00007f9d70a50000, 0x00007fa261b50000)
  eden space 1314368K,   0% used [0x00007f9d0c600000, 0x00007f9d0c600000, 0x00007f9d5c990000)
  from space 164224K,   0% used [0x00007f9d669f0000, 0x00007f9d66ab8978, 0x00007f9d70a50000)
  to   space 164224K,   0% used [0x00007f9d5c990000, 0x00007f9d5c990000, 0x00007f9d669f0000)
 tenured generation   total 3285588K, used 3155767K [0x00007fa261b50000, 0x00007fa32a3e5000, 0x00007fad0c600000)
   the space 3285588K,  96% used [0x00007fa261b50000, 0x00007fa32251dda8, 0x00007fa32251de00, 0x00007fa32a3e5000)
 Metaspace       used 23279K, capacity 23619K, committed 23808K, reserved 24576K
}
Event: 32.966 GC heap after
{Heap after GC invocations=17 (full 6):
 def new generation   total 1138816K, used 0K [0x00007f9d0c600000, 0x00007f9d599b0000, 0x00007fa261b50000)
  eden space 1012288K,   0% used [0x00007f9d0c600000, 0x00007f9d0c600000, 0x00007f9d4a290000)
  from space 126528K,   0% used [0x00007f9d4a290000, 0x00007f9d4a290000, 0x00007f9d51e20000)
  to   space 126528K,   0% used [0x00007f9d51e20000, 0x00007f9d51e20000, 0x00007f9d599b0000)
 tenured generation   total 2530612K, used 10841K [0x00007fa261b50000, 0x00007fa2fc29d000, 0x00007fad0c600000)
   the space 2530612K,   0% used [0x00007fa261b50000, 0x00007fa2625e66f0, 0x00007fa2625e6800, 0x00007fa2fc29d000)
 Metaspace       used 23279K, capacity 23619K, committed 23808K, reserved 24576K
}

