# JRE version: OpenJDK Runtime Environment (13.0.7+5) (build 13.0.7+5-Ubuntu-0ubuntu120.04)
# Java VM: OpenJDK 64-Bit Server VM (13.0.7+5-Ubuntu-0ubuntu120.04, mixed mode, tiered, serial gc, linux-amd64)
Heap:
 def new generation   total 3917952K, used 0K [0x00007fbdd8600000, 0x00007fbee2140000, 0x00007fc32db50000)
  eden space 3482624K,   0% used [0x00007fbdd8600000, 0x00007fbdd8600000, 0x00007fbeacf00000)
  from space 435328K,   0% used [0x00007fbeacf00000, 0x00007fbeacf00000, 0x00007fbec7820000)
  to   space 435328K,   0% used [0x00007fbec7820000, 0x00007fbec7820000, 0x00007fbee2140000)
 tenured generation   total 8811096K, used 8611935K [0x00007fc32db50000, 0x00007fc5477e6000, 0x00007fcdd8600000)
   the space 8811096K,  97% used [0x00007fc32db50000, 0x00007fc53b567f60, 0x00007fc53b568000, 0x00007fc5477e6000)
 Metaspace       used 30435K, capacity 30896K, committed 31232K, reserved 32768K
GC Heap History (20 events):
Event: 152.829 GC heap after
{Heap after GC invocations=66 (full 7):
 def new generation   total 3917952K, used 255256K [0x00007fbdd8600000, 0x00007fbee2140000, 0x00007fc32db50000)
  eden space 3482624K,   0% used [0x00007fbdd8600000, 0x00007fbdd8600000, 0x00007fbeacf00000)
  from space 435328K,  58% used [0x00007fbec7820000, 0x00007fbed71660b0, 0x00007fbee2140000)
  to   space 435328K,   0% used [0x00007fbeacf00000, 0x00007fbeacf00000, 0x00007fbec7820000)
 tenured generation   total 8706456K, used 6398176K [0x00007fc32db50000, 0x00007fc5411b6000, 0x00007fcdd8600000)
   the space 8706456K,  73% used [0x00007fc32db50000, 0x00007fc4b4388168, 0x00007fc4b4388200, 0x00007fc5411b6000)
 Metaspace       used 30435K, capacity 30896K, committed 31232K, reserved 32768K
}
Event: 153.817 GC heap before
{Heap before GC invocations=66 (full 7):
 def new generation   total 3917952K, used 3737880K [0x00007fbdd8600000, 0x00007fbee2140000, 0x00007fc32db50000)
  eden space 3482624K, 100% used [0x00007fbdd8600000, 0x00007fbeacf00000, 0x00007fbeacf00000)
  from space 435328K,  58% used [0x00007fbec7820000, 0x00007fbed71660b0, 0x00007fbee2140000)
  to   space 435328K,   0% used [0x00007fbeacf00000, 0x00007fbeacf00000, 0x00007fbec7820000)
 tenured generation   total 8706456K, used 6398176K [0x00007fc32db50000, 0x00007fc5411b6000, 0x00007fcdd8600000)
   the space 8706456K,  73% used [0x00007fc32db50000, 0x00007fc4b4388168, 0x00007fc4b4388200, 0x00007fc5411b6000)
 Metaspace       used 30435K, capacity 30896K, committed 31232K, reserved 32768K
}
Event: 154.702 GC heap after
{Heap after GC invocations=67 (full 7):
 def new generation   total 3917952K, used 282036K [0x00007fbdd8600000, 0x00007fbee2140000, 0x00007fc32db50000)
  eden space 3482624K,   0% used [0x00007fbdd8600000, 0x00007fbdd8600000, 0x00007fbeacf00000)
  from space 435328K,  64% used [0x00007fbeacf00000, 0x00007fbebe26d128, 0x00007fbec7820000)
  to   space 435328K,   0% used [0x00007fbec7820000, 0x00007fbec7820000, 0x00007fbee2140000)
 tenured generation   total 8706456K, used 6653431K [0x00007fc32db50000, 0x00007fc5411b6000, 0x00007fcdd8600000)
   the space 8706456K,  76% used [0x00007fc32db50000, 0x00007fc4c3ccdf18, 0x00007fc4c3cce000, 0x00007fc5411b6000)
 Metaspace       used 30435K, capacity 30896K, committed 31232K, reserved 32768K
}
Event: 155.678 GC heap before
{Heap before GC invocations=67 (full 7):
 def new generation   total 3917952K, used 3764660K [0x00007fbdd8600000, 0x00007fbee2140000, 0x00007fc32db50000)
  eden space 3482624K, 100% used [0x00007fbdd8600000, 0x00007fbeacf00000, 0x00007fbeacf00000)
  from space 435328K,  64% used [0x00007fbeacf00000, 0x00007fbebe26d128, 0x00007fbec7820000)
  to   space 435328K,   0% used [0x00007fbec7820000, 0x00007fbec7820000, 0x00007fbee2140000)
 tenured generation   total 8706456K, used 6653431K [0x00007fc32db50000, 0x00007fc5411b6000, 0x00007fcdd8600000)
   the space 8706456K,  76% used [0x00007fc32db50000, 0x00007fc4c3ccdf18, 0x00007fc4c3cce000, 0x00007fc5411b6000)
 Metaspace       used 30435K, capacity 30896K, committed 31232K, reserved 32768K
}
Event: 156.551 GC heap after
{Heap after GC invocations=68 (full 7):
 def new generation   total 3917952K, used 278243K [0x00007fbdd8600000, 0x00007fbee2140000, 0x00007fc32db50000)
  eden space 3482624K,   0% used [0x00007fbdd8600000, 0x00007fbdd8600000, 0x00007fbeacf00000)
  from space 435328K,  63% used [0x00007fbec7820000, 0x00007fbed87d8cb8, 0x00007fbee2140000)
  to   space 435328K,   0% used [0x00007fbeacf00000, 0x00007fbeacf00000, 0x00007fbec7820000)
 tenured generation   total 8706456K, used 6935466K [0x00007fc32db50000, 0x00007fc5411b6000, 0x00007fcdd8600000)
   the space 8706456K,  79% used [0x00007fc32db50000, 0x00007fc4d503ab40, 0x00007fc4d503ac00, 0x00007fc5411b6000)
 Metaspace       used 30435K, capacity 30896K, committed 31232K, reserved 32768K
}
Event: 157.444 GC heap before
{Heap before GC invocations=68 (full 7):
 def new generation   total 3917952K, used 3760867K [0x00007fbdd8600000, 0x00007fbee2140000, 0x00007fc32db50000)
  eden space 3482624K, 100% used [0x00007fbdd8600000, 0x00007fbeacf00000, 0x00007fbeacf00000)
  from space 435328K,  63% used [0x00007fbec7820000, 0x00007fbed87d8cb8, 0x00007fbee2140000)
  to   space 435328K,   0% used [0x00007fbeacf00000, 0x00007fbeacf00000, 0x00007fbec7820000)
 tenured generation   total 8706456K, used 6935466K [0x00007fc32db50000, 0x00007fc5411b6000, 0x00007fcdd8600000)
   the space 8706456K,  79% used [0x00007fc32db50000, 0x00007fc4d503ab40, 0x00007fc4d503ac00, 0x00007fc5411b6000)
 Metaspace       used 30435K, capacity 30896K, committed 31232K, reserved 32768K
}
Event: 158.346 GC heap after
{Heap after GC invocations=69 (full 7):
 def new generation   total 3917952K, used 257279K [0x00007fbdd8600000, 0x00007fbee2140000, 0x00007fc32db50000)
  eden space 3482624K,   0% used [0x00007fbdd8600000, 0x00007fbdd8600000, 0x00007fbeacf00000)
  from space 435328K,  59% used [0x00007fbeacf00000, 0x00007fbebca3feb0, 0x00007fbec7820000)
  to   space 435328K,   0% used [0x00007fbec7820000, 0x00007fbec7820000, 0x00007fbee2140000)
 tenured generation   total 8706456K, used 7213709K [0x00007fc32db50000, 0x00007fc5411b6000, 0x00007fcdd8600000)
   the space 8706456K,  82% used [0x00007fc32db50000, 0x00007fc4e5ff3658, 0x00007fc4e5ff3800, 0x00007fc5411b6000)
 Metaspace       used 30435K, capacity 30896K, committed 31232K, reserved 32768K
}
Event: 159.255 GC heap before
{Heap before GC invocations=69 (full 7):
 def new generation   total 3917952K, used 3739903K [0x00007fbdd8600000, 0x00007fbee2140000, 0x00007fc32db50000)
  eden space 3482624K, 100% used [0x00007fbdd8600000, 0x00007fbeacf00000, 0x00007fbeacf00000)
  from space 435328K,  59% used [0x00007fbeacf00000, 0x00007fbebca3feb0, 0x00007fbec7820000)
  to   space 435328K,   0% used [0x00007fbec7820000, 0x00007fbec7820000, 0x00007fbee2140000)
 tenured generation   total 8706456K, used 7213709K [0x00007fc32db50000, 0x00007fc5411b6000, 0x00007fcdd8600000)
   the space 8706456K,  82% used [0x00007fc32db50000, 0x00007fc4e5ff3658, 0x00007fc4e5ff3800, 0x00007fc5411b6000)
 Metaspace       used 30435K, capacity 30896K, committed 31232K, reserved 32768K
}
Event: 160.128 GC heap after
{Heap after GC invocations=70 (full 7):
 def new generation   total 3917952K, used 268463K [0x00007fbdd8600000, 0x00007fbee2140000, 0x00007fc32db50000)
  eden space 3482624K,   0% used [0x00007fbdd8600000, 0x00007fbdd8600000, 0x00007fbeacf00000)
  from space 435328K,  61% used [0x00007fbec7820000, 0x00007fbed7e4bea0, 0x00007fbee2140000)
  to   space 435328K,   0% used [0x00007fbeacf00000, 0x00007fbeacf00000, 0x00007fbec7820000)
 tenured generation   total 8706456K, used 7470988K [0x00007fc32db50000, 0x00007fc5411b6000, 0x00007fcdd8600000)
   the space 8706456K,  85% used [0x00007fc32db50000, 0x00007fc4f5b33088, 0x00007fc4f5b33200, 0x00007fc5411b6000)
 Metaspace       used 30435K, capacity 30896K, committed 31232K, reserved 32768K
}
Event: 161.063 GC heap before
{Heap before GC invocations=70 (full 7):
 def new generation   total 3917952K, used 3751087K [0x00007fbdd8600000, 0x00007fbee2140000, 0x00007fc32db50000)
  eden space 3482624K, 100% used [0x00007fbdd8600000, 0x00007fbeacf00000, 0x00007fbeacf00000)
  from space 435328K,  61% used [0x00007fbec7820000, 0x00007fbed7e4bea0, 0x00007fbee2140000)
  to   space 435328K,   0% used [0x00007fbeacf00000, 0x00007fbeacf00000, 0x00007fbec7820000)
 tenured generation   total 8706456K, used 7470988K [0x00007fc32db50000, 0x00007fc5411b6000, 0x00007fcdd8600000)
   the space 8706456K,  85% used [0x00007fc32db50000, 0x00007fc4f5b33088, 0x00007fc4f5b33200, 0x00007fc5411b6000)
 Metaspace       used 30435K, capacity 30896K, committed 31232K, reserved 32768K
}
Event: 161.918 GC heap after
{Heap after GC invocations=71 (full 7):
 def new generation   total 3917952K, used 279915K [0x00007fbdd8600000, 0x00007fbee2140000, 0x00007fc32db50000)
  eden space 3482624K,   0% used [0x00007fbdd8600000, 0x00007fbdd8600000, 0x00007fbeacf00000)
  from space 435328K,  64% used [0x00007fbeacf00000, 0x00007fbebe05ad40, 0x00007fbec7820000)
  to   space 435328K,   0% used [0x00007fbec7820000, 0x00007fbec7820000, 0x00007fbee2140000)
 tenured generation   total 8706456K, used 7739451K [0x00007fc32db50000, 0x00007fc5411b6000, 0x00007fcdd8600000)
   the space 8706456K,  88% used [0x00007fc32db50000, 0x00007fc50615ec28, 0x00007fc50615ee00, 0x00007fc5411b6000)
 Metaspace       used 30435K, capacity 30896K, committed 31232K, reserved 32768K
}
Event: 162.848 GC heap before
{Heap before GC invocations=71 (full 7):
 def new generation   total 3917952K, used 3762539K [0x00007fbdd8600000, 0x00007fbee2140000, 0x00007fc32db50000)
  eden space 3482624K, 100% used [0x00007fbdd8600000, 0x00007fbeacf00000, 0x00007fbeacf00000)
  from space 435328K,  64% used [0x00007fbeacf00000, 0x00007fbebe05ad40, 0x00007fbec7820000)
  to   space 435328K,   0% used [0x00007fbec7820000, 0x00007fbec7820000, 0x00007fbee2140000)
 tenured generation   total 8706456K, used 7739451K [0x00007fc32db50000, 0x00007fc5411b6000, 0x00007fcdd8600000)
   the space 8706456K,  88% used [0x00007fc32db50000, 0x00007fc50615ec28, 0x00007fc50615ee00, 0x00007fc5411b6000)
 Metaspace       used 30435K, capacity 30896K, committed 31232K, reserved 32768K
}
Event: 163.713 GC heap after
{Heap after GC invocations=72 (full 7):
 def new generation   total 3917952K, used 256099K [0x00007fbdd8600000, 0x00007fbee2140000, 0x00007fc32db50000)
  eden space 3482624K,   0% used [0x00007fbdd8600000, 0x00007fbdd8600000, 0x00007fbeacf00000)
  from space 435328K,  58% used [0x00007fbec7820000, 0x00007fbed7238ef0, 0x00007fbee2140000)
  to   space 435328K,   0% used [0x00007fbeacf00000, 0x00007fbeacf00000, 0x00007fbec7820000)
 tenured generation   total 8706456K, used 8019366K [0x00007fc32db50000, 0x00007fc5411b6000, 0x00007fcdd8600000)
   the space 8706456K,  92% used [0x00007fc32db50000, 0x00007fc5172b9838, 0x00007fc5172b9a00, 0x00007fc5411b6000)
 Metaspace       used 30435K, capacity 30896K, committed 31232K, reserved 32768K
}
Event: 164.572 GC heap before
{Heap before GC invocations=72 (full 7):
 def new generation   total 3917952K, used 3738723K [0x00007fbdd8600000, 0x00007fbee2140000, 0x00007fc32db50000)
  eden space 3482624K, 100% used [0x00007fbdd8600000, 0x00007fbeacf00000, 0x00007fbeacf00000)
  from space 435328K,  58% used [0x00007fbec7820000, 0x00007fbed7238ef0, 0x00007fbee2140000)
  to   space 435328K,   0% used [0x00007fbeacf00000, 0x00007fbeacf00000, 0x00007fbec7820000)
 tenured generation   total 8706456K, used 8019366K [0x00007fc32db50000, 0x00007fc5411b6000, 0x00007fcdd8600000)
   the space 8706456K,  92% used [0x00007fc32db50000, 0x00007fc5172b9838, 0x00007fc5172b9a00, 0x00007fc5411b6000)
 Metaspace       used 30435K, capacity 30896K, committed 31232K, reserved 32768K
}
Event: 165.426 GC heap after
{Heap after GC invocations=73 (full 7):
 def new generation   total 3917952K, used 255480K [0x00007fbdd8600000, 0x00007fbee2140000, 0x00007fc32db50000)
  eden space 3482624K,   0% used [0x00007fbdd8600000, 0x00007fbdd8600000, 0x00007fbeacf00000)
  from space 435328K,  58% used [0x00007fbeacf00000, 0x00007fbebc87e0a0, 0x00007fbec7820000)
  to   space 435328K,   0% used [0x00007fbec7820000, 0x00007fbec7820000, 0x00007fbee2140000)
 tenured generation   total 8706456K, used 8275465K [0x00007fc32db50000, 0x00007fc5411b6000, 0x00007fcdd8600000)
   the space 8706456K,  95% used [0x00007fc32db50000, 0x00007fc526cd2728, 0x00007fc526cd2800, 0x00007fc5411b6000)
 Metaspace       used 30435K, capacity 30896K, committed 31232K, reserved 32768K
}
Event: 166.402 GC heap before
{Heap before GC invocations=73 (full 7):
 def new generation   total 3917952K, used 3738104K [0x00007fbdd8600000, 0x00007fbee2140000, 0x00007fc32db50000)
  eden space 3482624K, 100% used [0x00007fbdd8600000, 0x00007fbeacf00000, 0x00007fbeacf00000)
  from space 435328K,  58% used [0x00007fbeacf00000, 0x00007fbebc87e0a0, 0x00007fbec7820000)
  to   space 435328K,   0% used [0x00007fbec7820000, 0x00007fbec7820000, 0x00007fbee2140000)
 tenured generation   total 8706456K, used 8275465K [0x00007fc32db50000, 0x00007fc5411b6000, 0x00007fcdd8600000)
   the space 8706456K,  95% used [0x00007fc32db50000, 0x00007fc526cd2728, 0x00007fc526cd2800, 0x00007fc5411b6000)
 Metaspace       used 30435K, capacity 30896K, committed 31232K, reserved 32768K
}
Event: 167.171 GC heap after
{Heap after GC invocations=74 (full 7):
 def new generation   total 3917952K, used 279959K [0x00007fbdd8600000, 0x00007fbee2140000, 0x00007fc32db50000)
  eden space 3482624K,   0% used [0x00007fbdd8600000, 0x00007fbdd8600000, 0x00007fbeacf00000)
  from space 435328K,  64% used [0x00007fbec7820000, 0x00007fbed8985d20, 0x00007fbee2140000)
  to   space 435328K,   0% used [0x00007fbeacf00000, 0x00007fbeacf00000, 0x00007fbec7820000)
 tenured generation   total 8706456K, used 8530945K [0x00007fc32db50000, 0x00007fc5411b6000, 0x00007fcdd8600000)
   the space 8706456K,  97% used [0x00007fc32db50000, 0x00007fc536650698, 0x00007fc536650800, 0x00007fc5411b6000)
 Metaspace       used 30435K, capacity 30896K, committed 31232K, reserved 32768K
}
Event: 168.028 GC heap before
{Heap before GC invocations=74 (full 7):
 def new generation   total 3917952K, used 3762583K [0x00007fbdd8600000, 0x00007fbee2140000, 0x00007fc32db50000)
  eden space 3482624K, 100% used [0x00007fbdd8600000, 0x00007fbeacf00000, 0x00007fbeacf00000)
  from space 435328K,  64% used [0x00007fbec7820000, 0x00007fbed8985d20, 0x00007fbee2140000)
  to   space 435328K,   0% used [0x00007fbeacf00000, 0x00007fbeacf00000, 0x00007fbec7820000)
 tenured generation   total 8706456K, used 8530945K [0x00007fc32db50000, 0x00007fc5411b6000, 0x00007fcdd8600000)
   the space 8706456K,  97% used [0x00007fc32db50000, 0x00007fc536650698, 0x00007fc536650800, 0x00007fc5411b6000)
 Metaspace       used 30435K, capacity 30896K, committed 31232K, reserved 32768K
}
Event: 168.852 GC heap after
{Heap after GC invocations=75 (full 7):
 def new generation   total 3917952K, used 277333K [0x00007fbdd8600000, 0x00007fbee2140000, 0x00007fc32db50000)
  eden space 3482624K,   0% used [0x00007fbdd8600000, 0x00007fbdd8600000, 0x00007fbeacf00000)
  from space 435328K,  63% used [0x00007fbeacf00000, 0x00007fbebddd5538, 0x00007fbec7820000)
  to   space 435328K,   0% used [0x00007fbec7820000, 0x00007fbec7820000, 0x00007fbee2140000)
 tenured generation   total 8811096K, used 8810904K [0x00007fc32db50000, 0x00007fc5477e6000, 0x00007fcdd8600000)
   the space 8811096K,  99% used [0x00007fc32db50000, 0x00007fc5477b60d8, 0x00007fc5477b6200, 0x00007fc5477e6000)
 Metaspace       used 30435K, capacity 30896K, committed 31232K, reserved 32768K
}
Event: 168.852 GC heap before
{Heap before GC invocations=75 (full 7):
 def new generation   total 3917952K, used 277333K [0x00007fbdd8600000, 0x00007fbee2140000, 0x00007fc32db50000)
  eden space 3482624K,   0% used [0x00007fbdd8600000, 0x00007fbdd8600000, 0x00007fbeacf00000)
  from space 435328K,  63% used [0x00007fbeacf00000, 0x00007fbebddd5538, 0x00007fbec7820000)
  to   space 435328K,   0% used [0x00007fbec7820000, 0x00007fbec7820000, 0x00007fbee2140000)
 tenured generation   total 8811096K, used 8810904K [0x00007fc32db50000, 0x00007fc5477e6000, 0x00007fcdd8600000)
   the space 8811096K,  99% used [0x00007fc32db50000, 0x00007fc5477b60d8, 0x00007fc5477b6200, 0x00007fc5477e6000)
 Metaspace       used 30435K, capacity 30896K, committed 31232K, reserved 32768K
}

